1. 104864080 兆瓦级风机传动润滑系统
CN
26.08.2015
F16H 57/04 Loading...
F16H 57/04
Loading...
201510150869.9
上海汇益控制系统股份有限公司
廖井明
F16H 57/04
Loading...
一种兆瓦级风机传动润滑系统，涉及风电技术领域，所解决的是延长风力发电机组齿轮箱使用寿命的技术问题。该系统包括油箱、风冷却器、供油电动阀、供油回路、流量分配回路、循环泵、循环过滤器；所述供油回路包括蓄能器、蓄能单向阀、动力单元，所述动力单元包括供油电机泵、泵口单向阀、二级过滤器、温控换向阀，供油回路用于向流量分配回路提供压力油；所述流量分配回路包括六个电磁阀及三个单向阀，流量分配回路通过各阀门的配合向主轴轴承、发电机轴承及齿轮箱分配压力油。本发明提供的系统，适用于风力发电机组。
2. 204573049 兆瓦级风机传动润滑系统
CN
19.08.2015
F16H 57/04 Loading...
F16H 57/04
Loading...
201520191837.9
上海汇益控制系统股份有限公司
廖井明
F16H 57/04
Loading...
一种兆瓦级风机传动润滑系统，涉及风电技术领域，所解决的是延长风力发电机组齿轮箱使用寿命的技术问题。该系统包括油箱、风冷却器、供油电动阀、供油回路、流量分配回路、循环泵、循环过滤器；所述供油回路包括蓄能器、蓄能单向阀、动力单元，所述动力单元包括供油电机泵、泵口单向阀、二级过滤器、温控换向阀，供油回路用于向流量分配回路提供压力油；所述流量分配回路包括六个电磁阀及三个单向阀，流量分配回路通过各阀门的配合向主轴轴承、发电机轴承及齿轮箱分配压力油。本实用新型提供的系统，适用于风力发电机组。
3. 204532690 带电控风轮锁紧的风电机组液压刹车动力装置
CN
05.08.2015
F03D 7/00 Loading...
F03D 7/00
Loading...
201520177960.5
上海汇益控制系统股份有限公司
廖井明
F03D 7/00
Loading...
一种带电控风轮锁紧的风电机组液压刹车动力装置，涉及风电技术领域，所解决的是提升风电机组及维护人员安全系数的技术问题。该装置包括油箱、回油过滤器、主轴刹车回路、偏航制动回路、供油回路、风轮锁紧回路，及两个风轮锁紧缸；所述风轮锁紧回路通过风轮锁紧蓄能器、风轮锁紧电磁阀、风轮锁紧减压阀、风轮锁紧单向阀及两个液压锁控制阀的配合实现风轮锁紧；所述主轴刹车回路通过主轴制动器、主轴减压阀、主轴蓄能器及两个主轴电磁阀的配合实现主轴刹车；所述偏航制动回路通过偏航制动器、及三个偏航单向阀、两个偏航电磁阀、两个偏航单向节流阀的配合实现偏航制动。本实用新型提供的装置，适用于风力发电机组。
4. 203990069 液压油净化装置
CN
10.12.2014
B01D 36/00 Loading...
B01D 36/00
Loading...
201420388283.7
上海汇益控制系统股份有限公司
杨叶超
B01D 36/00
Loading...
一种液压油净化装置，涉及油液净化技术领域，所解决的是提高净化效果的技术问题。该装置包括油箱、第一输油泵、第二输油泵、粗过滤器、中过滤器、精过滤器、除酸器、聚结分离器、油液加热器、真空分离器、真空泵；利用粗过滤器、中过滤器、精过滤器来去除液压油液中的颗粒物，利用聚结分离器及真空分离器来降低液压油液的含水量，利用除酸器来降低液压油液的含酸量，从而实现液压油液的净化。本实用新型提供的装置，适用于净化液压油液。
5. 204003801 喷淋式液压油雾化真空除水装置
CN
10.12.2014
F15B 21/04 Loading...
F15B 21/04
Loading...
201420387901.6
上海汇益控制系统股份有限公司
杨叶超
F15B 21/04
Loading...
一种喷淋式液压油雾化真空除水装置，涉及油液处理技术领域，所解决的是提高除水效果的技术问题。该装置包括真空罐、雾化喷淋器、真空泵；所述真空罐是一整体封闭的罐体，真空罐的罐壁顶部开设有抽真空口，真空罐的罐壁上部开设有压力调节口，真空罐的罐壁底部开设有排油口，真空罐上装有用于检测罐内液位的液位计，及用于检测罐内油液温度的温度变送器，用于控制其压力调节口开闭的压力调节阀，用于检测罐内压力的压力变送器，用于控制其排油口开闭的排油阀；所述真空泵的吸气口接到真空罐顶部的抽真空口；所述雾化喷淋器安装在真空罐内腔顶部，并经管件接到外部液压油源。本实用新型提供的装置，适用于去除液压油液中的水份。
6. 203906974 调节型液控蝶阀执行机构
CN
29.10.2014
F16K 31/122 Loading...
F16K 31/122
Loading...
201420179551.4
上海汇益控制系统股份有限公司
宋德坤
F16K 31/122
Loading...
一种调节型液控蝶阀执行机构，涉及阀门技术领域，所解决的是提高控制精度及响应速度的技术问题。该机构包括传动箱、执行油缸、电液伺服阀、快速卸荷阀、快控电磁阀、第一油口、第二油口；所述传动箱上设有从动齿轮、复位弹簧，所述执行油缸的活塞杆上设有与从动齿轮啮合的直齿条，直齿条上设有位移传感器；复位弹簧经一传动杆与直齿条固接；所述电液伺服阀根据控制信号及位移传感器的反馈信号控制执行油缸运行，所述快速卸荷阀、快控电磁阀用于控制执行油缸快速泄荷。本实用新型提供的机构，适用于蝶阀的开度控制。
7. 203906017 隔离试验信号的危急遮断装置
CN
29.10.2014
F01D 21/00 Loading...
F01D 21/00
Loading...
201420222530.6
上海汇益控制系统股份有限公司
陆玲
F01D 21/00
Loading...
一种隔离试验信号的危急遮断装置，涉及汽轮机控制技术领域，所解决的是避免危急遮断误动的技术问题。该装置包括插装阀、试验电磁阀、试验单向阀、HP油口、OPC油口、AST油口、T油口，及两个AST阀组；所述OPC油口经一OPC泄压阀组接到T油口，并经一OPC单向阀组接到AST油口；所述试验电磁阀的压力油口接到HP油口，其回油口接到T油口，其常闭工作油口接到插装阀的控制油口；所述插装阀的公口经两个AST阀组接到T油口，插装阀的一个工作油口接到AST油口，另一个工作油口接到试验单向阀的出油口，试验单向阀的进油口接到试验电磁阀的常闭工作油口。本实用新型提供的装置，适用于汽轮机的EH液压控制系统。
8. 103982696 调节型液控蝶阀执行机构
CN
13.08.2014
F16K 31/122 Loading...
F16K 31/122
Loading...
201410148748.6
上海汇益控制系统股份有限公司
宋德坤
F16K 31/122
Loading...
一种调节型液控蝶阀执行机构，涉及阀门技术领域，所解决的是提高控制精度及响应速度的技术问题。该机构包括传动箱、执行油缸、电液伺服阀、快速卸荷阀、快控电磁阀、第一油口、第二油口；所述传动箱上设有从动齿轮、复位弹簧，所述执行油缸的活塞杆上设有与从动齿轮啮合的直齿条，直齿条上设有位移传感器；复位弹簧经一传动杆与直齿条固接；所述电液伺服阀根据控制信号及位移传感器的反馈信号控制执行油缸运行，所述快速卸荷阀、快控电磁阀用于控制执行油缸快速泄荷。本发明提供的机构，适用于蝶阀的开度控制。
9. 203463392 液压泵基站
CN
05.03.2014
F15B 11/17 Loading...
F15B 11/17
Loading...
201320567326.3
上海汇益控制系统股份有限公司
杨叶超
F15B 11/17
Loading...
一种液压泵基站，涉及液压动力输出技术领域，所解决的是低成本实现变流量输出的技术问题。该基站设有油箱、系统压力油口、系统回油口，及三个电机泵组；所述电机泵组由一台定量液压泵、一台变频电机组成，各定量液压泵各配有一泵出口压力安全阀块，所述泵出口压力安全阀块设有进油口、出油口、泄压口；各泵出口压力安全阀块的出油口各经一泵出口截止阀接到系统压力油口，各泵出口压力安全阀块的泄压口均接入油箱；各定量液压泵的吸油口接入油箱，各定量液压泵的泵油口各接所配的泵出口压力安全阀块的进油口。本实用新型提供的基站，适用用作液压系统的动力输出源。
10. 203419682 用于海上风电设备的风叶组队安装控制装置
CN
05.02.2014
B66C 13/20 Loading...
B66C 13/20
Loading...
201320510264.2
上海汇益控制系统股份有限公司
王朋
B66C 13/20
Loading...
一种用于海上风电设备的风叶组队安装控制装置，涉及风电技术领域，所解决的是提高作业效率的技术问题。该装置包括油箱、供油电机泵组、横移油缸、升降油缸，及两个换向阀；所述两个换向阀分别为横移控制阀、升降控制阀，两个换向阀的回油口接到油箱，两个换向阀的压力油口接到供油电机泵组的泵油口；所述供油电机泵组的吸油口接到油箱，其泵油口经一供油安全阀接到油箱；所述横移控制阀的两个工作油口分别接到横移油缸的两个工作腔，横移油缸的活塞杆接到塔吊的横移执行机构；所述升降控制阀的两个工作油口分别接到升降油缸的两个工作腔，升降油缸的活塞杆接到塔吊的升降执行机构。本实用新型提供的装置，适用于海上风电的风叶组队安装。
11. 203420969 滑阀执行机构测试装置
CN
05.02.2014
F15B 19/00 Loading...
F15B 19/00
Loading...
201320491621.5
上海汇益控制系统股份有限公司
宋德坤
F15B 19/00
Loading...
一种滑阀执行机构测试装置，涉及液压设备技术领域，所解决的是提高测试效果的技术问题。该装置包括蓄能器、减压阀，及三个伺服阀，并设有系统排油口、系统进油口、动力油口，及三个脉动油口，两个设备回油口；所述三个伺服阀的压力油口接到系统进油口，三个伺服阀的回油口接到系统排油口，三个伺服阀的工作油口分别接到对应的脉动油口；所述减压阀的进油口接到系统进油口，其回油口接到系统排油口，其工作油口接到动力油口；所述蓄能器经一常开型蓄能截止阀接到系统进油口，并经一常闭型蓄能截止阀接到系统排油口；所述两个设备回油口各经一设备回油截止阀接到系统排油口。本实用新型提供的装置，能有效测试滑阀执行机构在任意压力值下稳定性。
12. 203420963 高压调节阀的液压控制装置
CN
05.02.2014
F15B 13/02 Loading...
F15B 13/02
Loading...
201320509682.X
上海汇益控制系统股份有限公司
杨占锋
F15B 13/02
Loading...
一种高压调节阀的液压控制装置，涉及阀门技术领域，所解决的是提高控制精度的技术问题。该装置包括伺服阀、快关电磁阀、执行油缸，并设有系统供油口、系统回油口；所述执行油缸上装有位移传感器，执行油缸的活塞杆连接到高压调节阀的开度执行机构；所述伺服阀的压力油口接到系统供油口，其回油口接到系统回油口，伺服阀的两个工作油口分别接到执行油缸的两个工作腔；所述快关电磁阀的压力油口接到系统供油口，其回油口接到系统回油口，快关电磁阀的两个工作油口分别接到执行油缸的两个工作腔。本实用新型提供的装置，适用于汽轮机高压调节阀的开度控制。
13. 203420968 汽轮机液压系统的油缸位移传感装置
CN
05.02.2014
F15B 15/28 Loading...
F15B 15/28
Loading...
201320498526.8
上海汇益控制系统股份有限公司
吴涛
F15B 15/28
Loading...
一种汽轮机液压系统的油缸位移传感装置，涉及液压设备技术领域，所解决的是提高油缸运行安全性的技术问题。该装置包括支架筒、芯杆轴承，及一个主传感器，至少一个副传感器；所述支架筒固定在油缸前端盖上，所述芯杆轴承的内圈与油缸活塞杆同轴固接；所述支架筒的筒壁上设有径向贯通且平行于油缸活塞杆伸缩方向的直线形位移导向槽；所述主传感器的活动芯杆活动插入支架筒内，并与油缸活塞杆同轴固接；各副传感器的活动芯杆均位于支架筒外部，且各副传感器的活动芯杆伸缩轴线与油缸活塞杆伸缩方向平行，各副传感器的活动芯杆各经连杆与芯杆轴承的外圈固接。本实用新型提供的装置，适用于汽轮机液压系统的油缸位移检测。
14. 203348184 用于海上风电打桩的液压控制装置
CN
18.12.2013
F15B 1/02 Loading...
F15B 1/02
Loading...
201320391028.3
上海汇益控制系统股份有限公司
聂孝光
F15B 1/02
Loading...
一种用于海上风电打桩的液压控制装置，涉及风电技术领域，所解决的是提高海上打桩作业效率的技术问题。该装置包括油箱、供油电机泵组、风冷循环泵，及三个油缸组；所述供油电机泵组包含有一供油电机泵、一供油过滤器、一供油溢流阀；所述供油电机泵的泵油口经供油过滤器接到一系统供油管，并经供油溢流阀接到油箱；所述系统供油管上接有至少一个蓄能器；第一、第二油缸组中的各油缸各配有一换向阀，第三油缸组的各油缸各配有一伺服阀；各换向阀及各伺服阀的工作口各接所属油缸的工作腔，各换向阀及各伺服阀的回油口接到油箱；各油缸的压力油口接到系统供油管。本实用新型提供的装置，适用于海上风电场的安装。
15. 203348219 液压缸测试装置
CN
18.12.2013
F15B 19/00 Loading...
F15B 19/00
Loading...
201320334728.9
上海汇益控制系统股份有限公司
赵锋
F15B 19/00
Loading...
一种液压缸测试装置，涉及液压测试技术领域，所解决的是现有装置不能测试不同介质液压缸的技术问题。该装置包括一个系统排油口、一条负载回路，及至少两条被试回路；所述负载回路中设有两个负载液控安全阀、两个负载溢流阀，及至少两个负载油缸；各负载油缸上各设有一位移传感器，各负载油缸的活塞杆上各设有一拉压力传感器；每条被试回路均设有至少一组被试缸接口，每组被试缸接口均由一个被试无杆腔油口、一个被试有杆腔油口构成，每条被试回路中均设有电磁换向阀、双单向节流阀，被试溢流阀；各被试回路中的电磁换向阀的压力油口各经一排油截止阀接到系统排油口。本实用新型提供的装置，应用范围宽，能降低测试成本。
16. 103423238 汽轮机液压系统的油缸位移传感装置
CN
04.12.2013
F15B 15/28 Loading...
F15B 15/28
Loading...
201310355546.4
上海汇益控制系统股份有限公司
吴涛
F15B 15/28
Loading...
一种汽轮机液压系统的油缸位移传感装置，涉及液压设备技术领域，所解决的是提高油缸运行安全性的技术问题。该装置包括支架筒、芯杆轴承，及一个主传感器，至少一个副传感器；所述支架筒固定在油缸前端盖上，所述芯杆轴承的内圈与油缸活塞杆同轴固接；所述支架筒的筒壁上设有径向贯通且平行于油缸活塞杆伸缩方向的直线形位移导向槽；所述主传感器的活动芯杆活动插入支架筒内，并与油缸活塞杆同轴固接；各副传感器的活动芯杆均位于支架筒外部，且各副传感器的活动芯杆伸缩轴线与油缸活塞杆伸缩方向平行，各副传感器的活动芯杆各经连杆与芯杆轴承的外圈固接。本发明提供的装置，适用于汽轮机液压系统的油缸位移检测。
17. 103398032 用于海上风电打桩的液压控制装置
CN
20.11.2013
F15B 1/02 Loading...
F15B 1/02
Loading...
201310275388.1
上海汇益控制系统股份有限公司
聂孝光
F15B 1/02
Loading...
一种用于海上风电打桩的液压控制装置，涉及风电技术领域，所解决的是提高海上打桩作业效率的技术问题。该装置包括油箱、供油电机泵组、风冷循环泵，及三个油缸组；所述供油电机泵组包含有一供油电机泵、一供油过滤器、一供油溢流阀；所述供油电机泵的泵油口经供油过滤器接到一系统供油管，并经供油溢流阀接到油箱；所述系统供油管上接有至少一个蓄能器；第一、第二油缸组中的各油缸各配有一换向阀，第三油缸组的各油缸各配有一伺服阀；各换向阀及各伺服阀的工作口各接所属油缸的工作腔，各换向阀及各伺服阀的回油口接到油箱；各油缸的压力油口接到系统供油管。本发明提供的装置，适用于海上风电场的安装。
18. 202914420 用于船舶运输的风电塔筒液压固定装置
CN
01.05.2013
F15B 11/02 Loading...
F15B 11/02
Loading...
201220595267.6
上海汇益控制系统股份有限公司
杨叶超
F15B 11/02
Loading...
一种用于船舶运输的风电塔筒液压固定装置，涉及船舶运输技术领域，所解决的是提高风电塔筒船舶运输效率的技术问题。该装置包括油箱、风冷循环泵、风冷却器，及多个供油电机泵组、多个换向控制阀、多个油缸组；每个供油电机泵组均包含有一供油电机泵、一供油过滤器；各供油电机泵的吸油口分别接到油箱，泵油口各经本组供油过滤器接到一系统供油管，所述系统供油管上接有至少一个蓄能器；所述换向控制阀与油缸组一一对应，每个换向控制阀的两个工作口分别接到对应油缸组中各油缸的工作腔；各换向控制阀的压力油口接到系统供油管，各换向控制阀的回油口接到油箱；各油缸的活塞杆各接一压装法兰。本实用新型提供的装置，适用于风电塔筒的船舶运输。
19. 202914426 用于液压系统的安全保护装置
CN
01.05.2013
F15B 13/02 Loading...
F15B 13/02
Loading...
201220595752.3
上海汇益控制系统股份有限公司
杨叶超
F15B 13/02
Loading...
一种用于液压系统的安全保护装置，涉及液压保护技术领域，所解决的是避免液压系统压力控制失效的技术问题。该装置包括一压力调节阀、一换向电磁阀、一压力选择阀、两个插装阀；所述换向电磁阀用于控制第二插装阀的通断，所述第二插装阀的两个工作油口分别接到系统进油口、系统回油口；所述第一插装阀的两个工作油口分别接到系统进油口、系统供油口，其控制油口接到系统供油口；所述压力选择阀的两个进油口分别接到系统进油口、系统供油口，其出油口接到压力调节阀的控制油口；所述压力调节阀的进油口接到系统进油口，其溢流口接到系统回油口。本实用新型提供的装置，适用于液压系统的系统压力安全保护。
20. 202833429 液压系统的蓄能器充气压力在线检测装置
CN
27.03.2013
F15B 19/00 Loading...
F15B 19/00
Loading...
201220420242.2
上海汇益控制系统股份有限公司
万保中
F15B 19/00
Loading...
一种液压系统的蓄能器充气压力在线检测装置，涉及技术液压系统领域，所解决的是液压蓄能器充气压力检测的技术问题。涉及设有液压蓄能器的液压系统，该装置包括进出油控制阀、放油控制阀、进出油动作阀、放油动作阀；所述液压蓄能器上设有压力传感器；所述进出油控制阀、放油控制阀均为液控安全阀，所述进出油动作阀、放油动作阀均为电磁阀；利用进出油动作阀控制进出油控制阀的通断，利用放油动作阀控制放油控制阀的通断；利用进出油控制阀控制液压系统的高压油源与液压蓄能器之间的通断；利用放油控制阀控制液压蓄能器放油；利用压力传感器输出液压蓄能器的充气压力。本实用新型提供的装置，能对液压蓄能器进行充气压力远程在线检测。
21. 202832962 风力发电双液控变桨系统
CN
27.03.2013
F03D 7/00 Loading...
F03D 7/00
Loading...
201220420036.1
上海汇益控制系统股份有限公司
万保中
F03D 7/00
Loading...
一种风力发电双液控变桨系统，涉及风力发电技术领域，所解决的是提高变桨控制平稳性、精确性，及快速顺桨、降低控制能耗的技术问题。该系统包括变桨基础缸、供油单向阀、供油蓄能器、A腔进油节流阀、B腔控制阀、速度控制阀、A腔液控单向阀、B腔液控单向阀；外部高压油源经供油单向阀向供油蓄能器及A腔进油节流阀供油；两个液控单向阀构成双向锁结构，两个液控单向阀的出油口分别接到变桨基础缸的两个工作腔；A腔液控单向阀的进油口经两个控制阀分别接高压油及回油管路，B腔液控单向阀的进油口经速度控制阀接到B腔控制阀的公口，B腔控制阀的两个工作口分别接高压油及回油管路。本实用新型提供的系统，快速顺桨响应速度快。
22. 202832963 大功率风力发电液压变桨系统
CN
27.03.2013
F03D 7/00 Loading...
F03D 7/00
Loading...
201220420038.0
上海汇益控制系统股份有限公司
万保中
F03D 7/00
Loading...
一种大功率风力发电液压变桨系统，涉及风力发电技术领域，所解决的是提高变桨控制平稳性、精确性，及快速顺桨的技术问题。该系统包括变桨控制缸、伺服比例阀、速度控制阀、顺桨节流阀、供油蓄能器、轮毂蓄能器；所述伺服比例阀的压力油口接到供油蓄能器及外部高压油源，其回油口接到外部回油管路，其两个工作口分别接到变桨控制缸的两个工作腔；所述变桨控制缸的有杆腔经速度控制阀接到外部回油管路；所述速度控制阀的高压液控口接到轮毂蓄能器，其低压液控口接到顺桨节流阀的出油口；所述轮毂蓄能器接到顺桨节流阀的进油口，所述顺桨节流阀的出油口接到变桨控制缸的无杆腔。本实用新型提供的系统，快速顺桨响应速度快。
23. 102966611 用于船舶运输的风电塔筒液压固定装置
CN
13.03.2013
F15B 11/02 Loading...
F15B 11/02
Loading...
201210452324.X
上海汇益控制系统股份有限公司
杨叶超
F15B 11/02
Loading...
一种用于船舶运输的风电塔筒液压固定装置，涉及船舶运输技术领域，所解决的是提高风电塔筒船舶运输效率的技术问题。该装置包括油箱、风冷循环泵、风冷却器，及多个供油电机泵组、多个换向控制阀、多个油缸组；每个供油电机泵组均包含有一供油电机泵、一供油过滤器；各供油电机泵的吸油口分别接到油箱，泵油口各经本组供油过滤器接到一系统供油管，所述系统供油管上接有至少一个蓄能器；所述换向控制阀与油缸组一一对应，每个换向控制阀的两个工作口分别接到对应油缸组中各油缸的工作腔；各换向控制阀的压力油口接到系统供油管，各换向控制阀的回油口接到油箱；各油缸的活塞杆各接一压装法兰。本发明提供的装置，适用于风电塔筒的船舶运输。
24. 102966619 用于液压系统的安全保护装置
CN
13.03.2013
F15B 13/02 Loading...
F15B 13/02
Loading...
201210453093.4
上海汇益控制系统股份有限公司
杨叶超
F15B 13/02
Loading...
一种用于液压系统的安全保护装置，涉及液压保护技术领域，所解决的是避免液压系统压力控制失效的技术问题。该装置包括一压力调节阀、一换向电磁阀、一压力选择阀、两个插装阀；所述换向电磁阀用于控制第二插装阀的通断，所述第二插装阀的两个工作油口分别接到系统进油口、系统回油口；所述第一插装阀的两个工作油口分别接到系统进油口、系统供油口，其控制油口接到系统供油口；所述压力选择阀的两个进油口分别接到系统进油口、系统供油口，其出油口接到压力调节阀的控制油口；所述压力调节阀的进油口接到系统进油口，其溢流口接到系统回油口。本发明提供的装置，适用于液压系统的系统压力安全保护。
25. 102808814 Device for detecting inflation pressure of energy accumulator of hydraulic system on line
CN
05.12.2012
F15B 19/00 Loading...
F15B 19/00
Loading...
201210301769.8
上海汇益控制系统股份有限公司
万保中
F15B 19/00
Loading...
The invention discloses a device for detecting inflation pressure of an energy accumulator of a hydraulic system on line, which relates to the field of technical hydraulic systems and solves the technical problem of detection of the inflation pressure of hydraulic energy accumulators, and relates to a hydraulic system provided with a hydraulic energy accumulator. The device comprises an oil inlet/outlet control valve, an oil drainage control valve, an oil inlet/outlet operating valve and an oil drainage operating valve, wherein a pressure sensor is arranged on the hydraulic energy accumulator; both the oil inlet/outlet control valve and the oil drainage control valve are hydraulic control safety valves; both the oil inlet/outlet operating valve and the oil drainage operating valve are electromagnetic valves; the oil inlet/outlet operating valve is used for controlling the oil inlet/outlet control valve to be opened and closed; the oil drainage operating valve is used for controlling the oil drainage control valve to be opened and closed; the oil inlet/outlet control valve is used for controlling the connection and disconnection between a high-pressure oil source and the hydraulic energy accumulator of the hydraulic system; the oil drainage control valve is used for controlling the hydraulic energy accumulator to drain oil; and the pressure sensor is used for outputting the inflation pressure of the hydraulic energy accumulator. By the device, the inflation pressure of the hydraulic energy accumulator can be remotely detected on line.
26. 102808731 Wind power generation double-hydraulic control variable pitch system
CN
05.12.2012
F15B 1/02 Loading...
F15B 1/02
Loading...
201210301653.4
上海汇益控制系统股份有限公司
万保中
F15B 1/02
Loading...
The invention discloses a wind power generation double-hydraulic control variable pitch system, which relates to the technical field of wind power generation. By the system, variable pitch control stability and accuracy can be improved, and energy consumption can be reduced; and the system is high in feathering speed. The system comprises a variable pitch base cylinder, an oil supply one-way valve, an oil supply energy accumulator, a cavity A oil inlet throttle valve, a cavity B control valve, a speed control valve, a cavity A hydraulic control one-way valve and a cavity B hydraulic control one-way valve, wherein an external high-pressure oil source is used for supplying oil to the oil supply energy accumulator and the cavity A oil inlet throttle valve through the oil supply one-way valve; a bidirectional lock structure is formed by the two hydraulic control one-way valves; oil outlets of the two hydraulic control one-way valves are connected to two operating cavities of the variable pitch base cylinder respectively; an oil inlet of the cavity A hydraulic control one-way valve is connected with a high-pressure oil source and an oil return pipeline through two control valves respectively; an oil inlet of the cavity B hydraulic control one-way valve is connected to a public port of the cavity B control valve through the speed control valve; and two operating ports of the cavity B control valve are connected with the high-pressure oil source and the oil return pipeline respectively. The system is high in quick feathering response speed.
27. 102808730 大功率风力发电液压变桨系统
CN
05.12.2012
F03D 7/00 Loading...
F03D 7/00
Loading...
201210301652.X
上海汇益控制系统股份有限公司
万保中
F03D 7/00
Loading...
一种大功率风力发电液压变桨系统，涉及风力发电技术领域，所解决的是提高变桨控制平稳性、精确性，及快速顺桨的技术问题。该系统包括变桨控制缸、伺服比例阀、速度控制阀、顺桨节流阀、供油蓄能器、轮毂蓄能器；所述伺服比例阀的压力油口接到供油蓄能器及外部高压油源，其回油口接到外部回油管路，其两个工作口分别接到变桨控制缸的两个工作腔；所述变桨控制缸的有杆腔经速度控制阀接到外部回油管路；所述速度控制阀的高压液控口接到轮毂蓄能器，其低压液控口接到顺桨节流阀的出油口；所述轮毂蓄能器接到顺桨节流阀的进油口，所述顺桨节流阀的出油口接到变桨控制缸的无杆腔。本发明提供的系统，快速顺桨响应速度快。
28. 202349302 一种活塞式危机遮断阀
CN
25.07.2012
F16K 17/04 Loading...
F16K 17/04
Loading...
201120483121.8
上海汇益控制系统股份有限公司
王孝伟
F16K 17/04
Loading...
一种活塞式危机遮断阀，涉及技术领域，所解决的是在方便维护及降低成本的同时，保证危机遮断作用的技术问题。该阀包括阀体，及分别封盖在阀体上下两端的阀盖、阀座，安装在阀体内的活塞，所述活塞的经弹簧连接阀座，所述阀盖上设有连通活塞顶面的上路控制油口；所述阀座上设有一下路油通道，一连通下路油通道的阀杆连接孔，所述阀体内设有一用于控制下路油通道通断的阀杆，该阀杆的上端与活塞固接，其下端以活动连接方式穿过阀杆连接孔伸入下路油通道；所述弹簧有一根，同轴套设在阀杆上，其上端抵住活塞，其下端抵住阀座；所述阀杆与阀杆连接孔孔壁之间经一防尘密封圈、一YX型密封圈密封。本实用新型提供的危机遮断阀，维护方便、制造成本低。
29. 202329932 液压测量仪表的批量检测系统
CN
11.07.2012
G01L 27/00 Loading...
G01L 27/00
Loading...
201120483265.3
上海汇益控制系统股份有限公司
钟甲章
G01L 27/00
Loading...
一种液压测量仪表的批量检测系统，涉及液压仪表检测技术领域，所解决的是液压测量仪表批量检测的技术问题。该系统包括供油回路、检测控制阀块、手动调节压力回路、自动控制压力回路；所述供油回路包括恒温油箱、液压泵、过滤器、供油单向阀；所述检测控制阀块包含一检测总阀，及多个用于连接被测液压器件的器件接口，各器件接口各经一检测流量控制阀接到检测总阀的第一工作口，所述检测总阀的第二工作口接到供油回路；所述手动调节压力回路包括手动流量控制阀、手动压力溢流阀，所述自动控制压力回路包括自动流量控制阀、比例溢流阀，通过手动压力溢流阀、比例溢流阀可调节系统压力。本实用新型提供的系统，能实现长时间批量详细检测仪表性能。
30. 102494165 活塞式危机遮断阀
CN
13.06.2012
F16K 17/04 Loading...
F16K 17/04
Loading...
201110385992.0
上海汇益控制系统股份有限公司
王孝伟
F16K 17/04
Loading...
一种活塞式危机遮断阀，涉及技术领域，所解决的是在方便维护及降低成本的同时，保证危机遮断作用的技术问题。该阀包括阀体，及分别封盖在阀体上下两端的阀盖、阀座，安装在阀体内的活塞，所述活塞的经弹簧连接阀座，所述阀盖上设有连通活塞顶面的上路控制油口；所述阀座上设有一下路油通道，一连通下路油通道的阀杆连接孔，所述阀体内设有一用于控制下路油通道通断的阀杆，该阀杆的上端与活塞固接，其下端以活动连接方式穿过阀杆连接孔伸入下路油通道；所述弹簧有一根，同轴套设在阀杆上，其上端抵住活塞，其下端抵住阀座；所述阀杆与阀杆连接孔孔壁之间经一防尘密封圈、一YX型密封圈密封。本发明提供的危机遮断阀，维护方便、制造成本低。
31. 202240581 数控机床的工件夹具
CN
30.05.2012
B23Q 3/06 Loading...
B23Q 3/06
Loading...
201120372527.9
上海汇益控制系统股份有限公司
王宏圣
B23Q 3/06
Loading...
一种数控机床的工件夹具，涉及数控机床技术领域，所解决的是提高批量加工效率的技术问题。该夹具包括转接板、桥板、多个侧部螺栓、多块侧压板、多根定位螺杆、多块定位压板、四根球锁轴；所述转接板有两块，分别安装在数控机床的两个动力头上，每块转接板的上部均朝向另一转接板方向弯折，并各设有一初定位销，及前后各一个转接孔，每个转接孔内均设有球锁；所述桥板是一矩形平板，其板面设有螺杆孔阵列，其板面的左右边缘各设有一初定位孔，其板面四角设有四个桥接孔，其每条长边的周面均间隔设有多个侧部螺孔；每块侧压板的板面均设有多个侧压孔；每块定位压板上均设有供定位螺杆穿过的定位孔。本实用新型提供的夹具，能单次装夹多个工件。
32. 102384817 一种液压测量仪表的批量检测系统
CN
21.03.2012
G01L 27/00 Loading...
G01L 27/00
Loading...
201110386106.6
上海汇益控制系统股份有限公司
钟甲章
G01L 27/00
Loading...
一种液压测量仪表的批量检测系统，涉及液压仪表检测技术领域，所解决的是液压测量仪表批量检测的技术问题。该系统包括供油回路、检测控制阀块、手动调节压力回路、自动控制压力回路；所述供油回路包括恒温油箱、液压泵、过滤器、供油单向阀；所述检测控制阀块包含一检测总阀，及多个用于连接被测液压器件的器件接口，各器件接口各经一检测流量控制阀接到检测总阀的第一工作口，所述检测总阀的第二工作口接到供油回路；所述手动调节压力回路包括手动流量控制阀、手动压力溢流阀，所述自动控制压力回路包括自动流量控制阀、比例溢流阀，通过手动压力溢流阀、比例溢流阀可调节系统压力。本发明提供的系统，能实现长时间批量详细检测仪表性能。
33. 102350649 一种数控机床的工件夹具
CN
15.02.2012
B23Q 3/06 Loading...
B23Q 3/06
Loading...
201110297086.5
上海汇益控制系统股份有限公司
王宏圣
B23Q 3/06
Loading...
一种数控机床的工件夹具，涉及数控机床技术领域，所解决的是提高批量加工效率的技术问题。该夹具包括转接板、桥板、多个侧部螺栓、多块侧压板、多根定位螺杆、多块定位压板、四根球锁轴；所述转接板有两块，分别安装在数控机床的两个动力头上，每块转接板的上部均朝向另一转接板方向弯折，并各设有一初定位销，及前后各一个转接孔，每个转接孔内均设有球锁；所述桥板是一矩形平板，其板面设有螺杆孔阵列，其板面的左右边缘各设有一初定位孔，其板面四角设有四个桥接孔，其每条长边的周面均间隔设有多个侧部螺孔；每块侧压板的板面均设有多个侧压孔；每块定位压板上均设有供定位螺杆穿过的定位孔。本发明提供的夹具，能单次装夹多个工件。
34. 202074163 一种一体型风电液压传递管束
CN
14.12.2011
F16L 39/02 Loading...
F16L 39/02
Loading...
201120175754.2
上海汇益控制系统股份有限公司
廖井明
F16L 39/02
Loading...
一种一体型风电液压传递管束，涉及液压部件技术领域，所解决的是降低制造成本，提高联接可靠性的技术问题。该管束包括由成束的多根传递管件组成的束体，及支撑法兰、刚性支承环、旋转配合法兰；所述支撑法兰上设有与各传递管件一一对应的多根隔壁接头，各传递管件的一端与旋转配合法兰焊固，并沉头入旋转配合法兰内，另一端与支撑法兰上的对应隔壁接头焊接；所述束体的外周面套设有一外隔离套管，所述外隔离套管的外周面包覆有一层绝缘泡沫垫，所述绝缘泡沫垫的外周面沿束体轴线间隔绕设有电缆粘接带；所述刚性支承环上设有多个用于管件定位的管件固定槽，并经各管件固定槽与各传递管件套接。本实用新型提供的管束，制造成本低，且联接可靠性高。
35. 202073708 一种带恒压盘车风电机组液压刹车动力装置
CN
14.12.2011
F03D 7/00 Loading...
F03D 7/00
Loading...
201120174615.8
上海汇益控制系统股份有限公司
廖井明
F03D 7/00
Loading...
一种带恒压盘车风电机组液压刹车动力装置，涉及风力发电技术领域，所解决的是提高盘车安全性的技术问题。该装置包括油箱、主轴刹车回路、偏航制动回路、带压盘车工作回路和供油回路；所述供油回路的吸油口接到油箱，其供油口经主轴刹车回路连接主轴制动器的压力油口，并经偏航制动回路连接偏航制动器的压力油口；所述带压盘车工作回路与主轴刹车回路并联，包括盘车电磁阀和液控单向阀，并设有用于控制主轴盘车背压的盘车溢流阀。本实用新型提供的装置，主轴盘车平稳，且主轴盘车安全性高。
36. 102221121 Integral wind and electricity hydraulic transfer pipe bundle
CN
19.10.2011
F16L 39/02 Loading...
F16L 39/02
Loading...
201110141180.1
Shanghai Huiyi Control System Co.,Ltd.
Liao Jingming
F16L 39/02
Loading...
The invention discloses an integral wind and electricity hydraulic transfer pipe bundle, relating to the technical field of hydraulic parts and aiming at solving the technical problems of reducing manufacturing cost and improving connection reliability. The pipe bundle comprises a bundle body composed of a plurality of transfer pipe pieces formed in a bundle, a supporting flange, a rigid supporting ring and a rotatable matching flange, wherein a plurality of neighbor joints corresponding to all transfer pipe pieces one by one are arranged on the supporting flange; one end of each transfer pipe piece is firmly welded with the rotatable matching flange, and is sunk in the rotatable matching flange; the other end of each transfer pipe piece is welded with corresponding neighbor joints on the supporting flange; an outer spacing bushing is sleeved on the outer peripheral surface of the bundle body; the outer peripheral surface of the outer spacing bushing is coated with one layer of insulation foam pad; the outer peripheral surface of the insulation foam pad is wound with cable bonding belts at intervals along the axle line of the bundle body; and a plurality of pipe piece fixing grooves for locating the pipe pieces are arranged on the rigid supporting ring, and the rigid supporting ring is sleeved with each transfer pipe piece by each pipe piece fixing groove. The pipe bundle provided by the invention has the advantages of low manufacturing cost and high connection reliability.
37. 102213183 带恒压盘车风电机组液压刹车动力装置
CN
12.10.2011
F16D 65/14 Loading...
F16D 65/14
Loading...
201110140499.2
上海汇益控制系统股份有限公司
廖井明
F16D 65/14
Loading...
一带恒压盘车风电机组液压刹车动力装置，涉及风力发电技术领域，所解决的是提高盘车安全性的技术问题。该装置包括油箱、主轴刹车回路、偏航制动回路、带压盘车工作回路和供油回路；所述供油回路的吸油口接到油箱，其供油口经主轴刹车回路连接主轴制动器的压力油口，并经偏航制动回路连接偏航制动器的压力油口；所述带压盘车工作回路与主轴刹车回路并联，包括盘车电磁阀和液控单向阀，并设有用于控制主轴盘车背压的盘车溢流阀。本发明提供的装置，主轴盘车平稳，且主轴盘车安全性高。
38. 102032989 Test device of wind generating set hydraulic variable propeller system
CN
27.04.2011
G01M 15/00 Loading...
G01M 15/00
Loading...
200910196414.5
Shanghai Huiyi Control System Co., Ltd.
Chen Jianhua
G01M 15/00
Loading...
The invention discloses a test device of a wind generating set hydraulic variable propeller system, which relates to the technical field of wind power generation, and is used for solving the technical problem of testing the wind generating set hydraulic variable propeller system. The device comprises a workbench, a rotary disk, a rotary encoder and two simulated assemblies, wherein the rotary disk is rotationally installed on the surface of the workbench through a rotary spindle arranged at the axis of the rotary disk, the rotary shaft of the rotary encoder is coupled with the rotary spindle of the rotary disk; each group of simulated assemblies comprise a supporting seat, a hydraulic cylinder transmitted by a single piston rod, a guide plate and a flange; the guide plates in the two simulated assemblies are respectively fixed on the disk surface of the rotary disk in an axial symmetrical mode; the hydraulic cylinders are installed on the workbench through the supporting seats, the rotary shaft is vertical to the surface of the workbench, and the hydraulic oil port is provided with a control valve block; and the top part of the flange is rotationally connected with a piston rod of the hydraulic cylinder, and the bottom part of the flange is installed on the surface of the guide plate in a sliding mode. The device provided by the invention is capable of simulating the real working situation at the laboratory environment.
39. 102032121 Hydraulic braking system for megawatt fan
CN
27.04.2011
F03D 7/00 Loading...
F03D 7/00
Loading...
200910196413.0
Shanghai Huiyi Control System Co., Ltd.
Chen Jianhua
F03D 7/00
Loading...
The invention discloses a hydraulic braking system for a megawatt fan, relates to the technical field of wind power generation and aims to solve the technical problems in the prior art. The system comprises an oil tank, an electric box, a motor pump, a manual pump, two accumulators and a brake module, wherein the motor pump and the manual pump are connected with an oil inlet of the brake module; the motor pump is a main power source and the manual pump is a standby power source; the two accumulators provide auxiliary power for the brake module; and a control oil circuit of the brake module is divided into three paths, namely a first path starts from the oil inlet of the brake module to a spindle brake control interface of the brake module through a group of valves, and is a spindle brake control oil circuit, a second path starts from a secondary accumulator to a spindle brake control interface of the brake module through a group of valves, and is a spindle brake auxiliary control oil circuit, and a third path starts from the oil inlet of the brake module to a yaw brake control interface of the brake module through a group of valves, and is a yaw brake control oil circuit. The provided system can continuously work during power failure.
40. 201810355 单向弹簧快速缩回的低功率节能型液压开关型执行机构
CN
27.04.2011
F01D 17/26 Loading...
F01D 17/26
Loading...
201020519726.3
上海电气电站设备有限公司
夏心磊
F01D 17/26
Loading...
本实用新型公开了一种单向弹簧快速缩回的低功率节能型液压开关型执行机构，包括油箱、电机、泵、活塞式油缸、弹簧、两个单向阀、液控安全阀和快关电磁阀，本实用新型由电机和泵对汽轮机阀门进行低速度开阀控制，由液控安全阀、快关电磁阀和弹簧对汽轮机阀门进行快速动作控制，因此其控制功率低，响应速度快。
41. 201786555 一种直驱式容积电液伺服风机变桨控制系统
CN
06.04.2011
F03D 7/00 Loading...
F03D 7/00
Loading...
201020529918.2
上海汇益控制系统股份有限公司
陈建华
F03D 7/00
Loading...
一种直驱式容积电液伺服风机变桨控制系统，涉及风力发电技术领域，所解决的是降低控制功率、运行成本，及提高控制平稳性的技术问题。该系统包括油箱、伺服电机、泵、两个补油阀、双液控单向阀、油缸、液控安全阀和快关电磁阀；所述两个补油阀的进油口连接油箱，出油口分别连接泵的出油口和吸油口；所述泵的出油口和吸油口经双液控单向阀分别连接油缸的无杆腔和有杆腔；所述液控安全阀的控制油口经一节流阀连接油缸的无杆腔，其进油口经另一节流阀连接油缸的无杆腔，其出油口连接油箱，并经一单向阀连接油缸的有杆腔；所述快关电磁阀的进油口连接液控安全阀的控制油口，其出油口连接油箱。本实用新型提供的系统，运行成本低、控制平稳性高。
42. 101936254 Variable-pitch control system of direct drive type volume electro-hydraulic servo fan
CN
05.01.2011
F03D 7/00 Loading...
F03D 7/00
Loading...
201010282210.6
Shanghai Huiyi Control System Co., Ltd.
Chen Jianhua
F03D 7/00
Loading...
The invention discloses a variable-pitch control system of a direct drive type volume electro-hydraulic servo fan, relating to the technological field of wind power generation and aiming at solving the technical problems of reducing control power and operating cost and enhancing control stability. The system comprises a fuel tank, a servo motor, a pump, two fuel compensating valves, a dual hydraulic control one-way valve, a fuel cylinder, a hydraulic control safety valve and a fast-shut electromagnetic valve, wherein fuel inlets of the two fuel compensating valves are connected with the fuel tank, and fuel outlets thereof are respectively connected with a fuel outlet and a fuel suction mouth of the pump; the fuel outlet and the fuel suction mouth of the pump are respectively connected with a rodless cavity and a rod cavity of the fuel cylinder through the dual hydraulic control one-way valve; a control fuel mouth of the hydraulic control safety valve is connected with the rodless cavity of the fuel cylinder through a throttling valve, the fuel inlet thereof is connected with the rodless cavity of the fuel cylinder through another throttling valve, and the fuel outlet thereof is connected with the fuel tank and connected with the rod cavity of the fuel cylinder through a one-way valve; and a fuel inlet of the fast-shut electromagnetic valve is connected with the control fuel mouth of the hydraulic control safety valve, and the fuel outlet thereof is connected with the fuel tank. The system has the advantages of low operating cost and high control stability.
43. 101936312 High-pressure piston type accumulator
CN
05.01.2011
F15B 1/04 Loading...
F15B 1/04
Loading...
201010282209.3
Shanghai Huiyi Control System Co., Ltd.
Chen Jianhua
F15B 1/04
Loading...
The invention discloses a high-pressure piston type accumulator, relating to the technical field of hydraulic auxiliary elements and solving the technical problem of prolonging the service life and enhancing the working pressure. The high-pressure piston type accumulator comprises a cylinder barrel, a piston arranged in the cylinder barrel, and an oil lateral connecting flange and a gas lateral connecting flange which are respectively fixed on the both ends of the cylinder barrel, wherein an oil hole is arranged on the oil lateral connecting flange; a charging nozzle is arranged on the gas lateral connecting flange; a circle of guide belt grooves, a circle of oil storage grooves, a circle of seal grooves, a circle of gas storage grooves and a circle of guide belt grooves are axially and successively arranged on the piton; guide belts are arranged in both two guide belt grooves; combined sealing elements are arranged in the seal grooves; a one-way valve is respectively arranged on the both ends of the piston; an inlet of one one-way valve is communicated with the gas storage grooves on the cylindrical surface of the piston, and an outlet of the one-way valve is communicated with an oil cavity; and an inlet of the other one-way valve is communicated with the gas storage grooves on the cylindrical surface of the piston, and an outlet of the one-way valve is communicated with a gas cavity. The accumulator can effectively avoid oil liquid from leaking into the gas.
44. 201650942 一种双向快速开关的电液伺服系统
CN
24.11.2010
F15B 21/08 Loading...
F15B 21/08
Loading...
201029098034.3
上海汇益控制系统股份有限公司
万保中
F15B 21/08
Loading...
一种双向快速开关的电液伺服系统，涉及阀门控制技术领域，所解决的是现有技术不能同时保证控制精度和响应速度的技术问题。该系统包括执行回路、快速控制回路和油箱；所述执行回路包括伺服电机、双向泵、油缸、两个锁阀和两个补油阀，用于对汽轮机阀门进行低速度精确控制；所述快速控制回路包括快关电磁阀、蓄能泵电机、蓄能泵、高压蓄能器和两个快速进油单向阀，用于对汽轮机阀门进行快速打开和快速关闭的动作控制。本实用新型提供的系统，响应速度快、控制精度高，运行成本低。
45. 201650941 一种单向快速缩回的电液伺服系统
CN
24.11.2010
F15B 21/08 Loading...
F15B 21/08
Loading...
201029098033.9
上海汇益控制系统股份有限公司
万保中
F15B 21/08
Loading...
一种单向快速缩回的电液伺服系统，涉及阀门控制技术领域，所解决的是现有技术不能同时保证控制精度和响应速度的技术问题。该执行机构包括伺服控制液路、快速缩回控制液路和油箱；所述伺服控制液路包括伺服电机、双向泵、油动机和四个液控单向阀，用于对汽轮机阀门进行低速度精确控制；所述快速缩回控制液路包括快关安全阀、储能泵电机、储能泵、高压储能器、快关电磁阀、上压力开关和下压力开关，用于对汽轮机阀门进行快速动作控制。本实用新型提供的系统，响应速度快、控制精度高，运行成本低。
46. 201650938 一种单向弹簧快速缩回的液压伺服系统
CN
24.11.2010
F15B 21/08 Loading...
F15B 21/08
Loading...
201020134909.3
上海汇益控制系统股份有限公司
陈建华
F15B 21/08
Loading...
一种单向弹簧快速缩回的液压伺服系统，涉及阀门控制技术领域，所解决的是现有技术不能同时保证控制精度和响应速度的技术问题。该系统包括油箱、伺服电机、双向泵、活塞式油缸、弹簧、两个锁阀和两个补油阀，其特征在于：还包括液控安全阀和快关电磁阀；所述伺服电机、双向泵、活塞式油缸、弹簧、两个锁阀和两个补油阀用于对汽轮机阀门进行低速度精确控制；所述弹簧、液控安全阀和快关电磁阀用于对汽轮机阀门进行快速动作控制。本实用新型提供的系统，响应速度快、控制精度高，运行成本低。
47. 201635929 一种用于风力发电机的直驱式容积控制变桨系统
CN
17.11.2010
F03D 9/00 Loading...
F03D 9/00
Loading...
200920353397.7
上海汇益控制系统股份有限公司
万保中
F03D 9/00
Loading...
一种用于风力发电机的直驱式容积控制变桨系统，涉及风机变桨系统技术领域，所解决的是保证顺桨响应速度的同时降低成本的技术问题。该变桨系统蓄能回路和桨叶泵控回路；所述蓄能回路包括液控安全阀、蓄能泵电机、蓄能泵、储油蓄能器、高压蓄能器和快关电磁阀；所述桨叶泵控回路包括伺服电机、变桨油缸、双向泵和五个液控单向阀；所述变桨油缸用于带动风力发电机的桨叶变桨；所述伺服电机通过双向泵控制变桨油缸运行，进而控制风力发电机的正常变桨；风力发电机需要快速顺桨时，由蓄能回路直接向各变桨油缸供油。本实用新型提供的变桨系统，能顺桨响应速度快，系统成本低。
48. 201636092 一种兆瓦级风机的液压制动系统
CN
17.11.2010
F15B 1/02 Loading...
F15B 1/02
Loading...
200920210169.4
上海汇益控制系统股份有限公司
陈建华
F15B 1/02
Loading...
一种兆瓦级风机的液压制动系统，涉及风力发电技术领域，所解决的是现有技术的技术问题。该系统包括油箱、电气箱、电机泵、手动泵、两个蓄能器和刹车模块；所述电机泵和手动泵均连接刹车模块的进油口，其中电机泵为主动力源，手动泵为备用动力源；两个蓄能器为刹车模块提供辅助动力；所述刹车模块的控制油路分成三路，第一路由刹车模块的进油口起经一组阀门接至刹车模块的主轴刹车控制接口，为主轴刹车控制油路；第二路由副蓄能器起经一组阀门连接刹车模块的主轴刹车控制接口，为主轴刹车辅助控制油路；第三路由刹车模块的进油口起经一组阀门连接刹车模块的偏航刹车控制接口，为偏航刹车控制油路。本实用新型提供的系统，在系统失电时能继续工作。
49. 101876826 Hydraulic servomotor displacement test device
CN
03.11.2010
G05B 23/02 Loading...
G05B 23/02
Loading...
200910050399.3
Shanghai Huiyi Hydraulic Engineering Co., Ltd.
Zheng Kai
G05B 23/02
Loading...
The invention discloses a hydraulic servomotor displacement test device, relates to the technical field of hydraulic control, and solves the technical problem that the DCS system development schedule is influenced because a test of controlling a turbine valve by the DCS system is inconvenient. The device is characterized in that: the device comprises a hydraulic power source, hydraulic auxiliary equipment, a hydraulic execution mechanism and an electrical controller; the hydraulic power source comprises a motor, a vane pump, an oil tank and an oil supply end, and is used for supplying oil to the hydraulic execution mechanism; the liquid auxiliary equipment comprises an energy accumulator, an overflow valve, an electromagnetic relief valve, a pressure sensor and a pressure gage, and is used for assisting the hydraulic power source supplying oil; the hydraulic execution mechanism comprises an oil cylinder, a servo valve and a quick-closing electromagnetic valve which controls the oil cylinder to quickly close through two cartridge valves, and the oil cylinder is provided with a displacement sensor; and the electrical controller is used for controlling various parts to work and is provided with an interface used for receiving external control signals. The device can be used for DCS system tests and teaching experiments.
50. 101871423 Pitch adjusting system of rotation type hydraulic proportional servo drive motor
CN
27.10.2010
F03D 7/00 Loading...
F03D 7/00
Loading...
200910049672.0
Shanghai Huiyi Control System Co., Ltd.
Chen Jianhua
F03D 7/00
Loading...
The invention discloses a pitch adjusting system of a rotation type hydraulic proportional servo drive motor, relating to the technical field of wind power generation and aiming to solve the technical problems of high cost and failure rates. The pitch adjusting system comprises a wind wheel with paddles, a generator set, a pitch adjusting controller, a pitch adjusting executing unit and a detecting unit, wherein the pitch adjusting controller is used for controlling the pitch adjusting executing unit to run, the pitch adjusting executing unit is used for controlling the pitch angle change of the wind wheel, the wind wheel is connected with the generator set and is used for driving the generator set to work, and the detecting unit is used for detecting the pitch angle of the wind wheel and the power of the generator set and transmitting feedback signals to the pitch adjusting controller. The pitch adjusting system is characterized in that the pitch adjusting executing unit comprises a rotation type hydraulic cylinder and a control loop of the rotation type hydraulic cylinder; and the rotation type hydraulic cylinder comprises a cylinder body, end caps at both ends of the cylinder body as well as two stator and one rotor in the cylinder body, and the paddles of the wind wheel are connected with a rotating shaft of the rotor. The pitch adjusting system provided in the invention has the advantages of low cost and failure rate and can be started to generate power at any time.
51. 101865184 Direct-drive redundant hydraulic system for servomotor
CN
20.10.2010
F15B 21/02 Loading...
F15B 21/02
Loading...
200910049255.6
Shanghai Huiyi Hydraulic Engineering Co., Ltd.
Wan Baozhong
F15B 21/02
Loading...
The invention discloses a direct-drive redundant hydraulic system for a servomotor, relates to the technical field of hydraulic control, and solves the problem that the conventional low-cost system has low response speed and low control reliability. The system comprises a piston-type servomotor, a control unit and an oil tank, and is characterized in that: the control unit consists of two direct-drive volume control loops in parallel connection; each direct-drive volume control loop comprises an oil pump, an AC servo motor, an accumulator and an electromagnetic directional valve; an oil port of the oil pump is connected with a working cavity and the accumulator through a hydraulic control one-way valve and the electromagnetic directional valve respectively; the other oil port of the oil pump is connected with the other working cavity through the hydraulic control one-way valve; the accumulator is connected with the two working cavities of the servomotor through two high-speed on-off solenoid valves respectively; and the two oil ports of the oil pump are connected with the oil tank though the hydraulic control one-way valve respectively. The system has the advantages of low cost, high control reliability, and high response speed.
52. 101865190 Position and flow double-close-loop direct-drive volume control electro-hydraulic servo system
CN
20.10.2010
F15B 21/08 Loading...
F15B 21/08
Loading...
201010211842.3
Harbin Institute of Technology
Chen Jianhua
F15B 21/08
Loading...
The invention relates to a position and flow double-close-loop direct-drive volume control electro-hydraulic servo system, belonging to the electro-hydraulic servo field. The invention solves the defect of low volumetric efficiency at lower speed of the hydraulic pump of the existing direct-drive volume control electro-hydraulic servo system and the system performance problem caused by the delay of the starting time of an oil supplementation mechanism and a hydraulic lock. The controller of the system is provided with four input ends and a control signal output end. The control signal output end of the controller is connected with the control signal input end of a servo driver or a frequency converter. The control end of the servo driver or the frequency converter is connected with the controlled end of a servo motor. The power output shaft of the servo motor is connected with the power input shaft of a bidirectional constant flow pump. Two oil passages between the bidirectional constant flow pump and a hydraulic cylinder form a closed loop through the oil supplementation mechanism, the hydraulic lock, an overflow safety mechanism and flow sensors. The output end of the displacement sensor, the output end of a first flow sensor and the output end of a second flow sensor are connected with the three output ends of the controller. Since the flow sensors are added on the original system, the control structure is changed.
53. 201574985 一种快速推进的低功率节能型液压伺服系统
CN
08.09.2010
F15B 1/02 Loading...
F15B 1/02
Loading...
200920215321.8
上海汇益控制系统股份有限公司
万保中
F15B 1/02
Loading...
一种快速推进的低功率节能型液压伺服系统，涉及阀门控制技术领域，所解决的是现有技术不能同时保证控制精度和响应速度的技术问题。该执行机构包括执行回路、快速控制回路和油箱；所述执行回路包括伺服电机、双向泵、油缸、两个锁阀和两个补油阀，用于对汽轮机阀门进行低速度精确控制；所述快速控制回路包括液控安全阀、蓄能泵电机、蓄能泵、蓄能器和快关电磁阀，用于对汽轮机阀门进行快速动作控制。本实用新型提供的执行机构，响应速度快、控制精度高，运行成本低。
54. 101813104 Quickly-propelled low-power and energy-saving hydraulic servo-actuator
CN
25.08.2010
F15B 1/02 Loading...
F15B 1/02
Loading...
201010122038.8
Shanghai Huiyi Control Systems Co., Ltd.
Wan Baozhong
F15B 1/02
Loading...
The invention provides a quickly-propelled low-power and energy-saving hydraulic servo-actuator, relates to the technical field of valve control, and aims to solve the technical problem that the prior art cannot simultaneously ensure control accuracy and response speed. The actuator comprises an execution loop, a quick control loop and an oil tank, wherein the execution loop comprises a servo motor, a two-way pump, an oil cylinder, two locking valves and two oil filling valves and is used for carrying out low-speed and accurate control on a turbine valve; and the quick control loop comprises a pilot safety valve, a storage pump motor, a storage pump, an energy storage and a quick closing solenoid valve and is used for controlling quick action of the turbine valve. The actuator has the advantages of high response speed, high control accuracy and low operating cost.
55. 101813066 Direct drive type volume control variable-pitch system of wind-driven generator
CN
25.08.2010
F03D 9/00 Loading...
F03D 9/00
Loading...
201010122040.5
Shanghai Huiyi Control Systems Co., Ltd.
Wan Baozhong
F03D 9/00
Loading...
The invention provides a direct drive type volume control variable-pitch system of a wind-driven generator which relates to the technical field of a blower variable-pitch system in order to solve the technical problems that the feathering response speed is ensured and the cost is reduced at the same time. The variable-pitch system comprises an energy storage loop and a pitch blade pump control loop, wherein the energy storage loop comprises a liquid-control safety valve, an energy storage pump motor, an energy storage pump, an oil storage accumulator, a high-pressure accumulator and a quick closing magnetic valve; the pitch blade pump control loop comprises a servomotor, a variable-pitch oil cylinder, a two-way pump and five liquid-control one-way valves; the variable-pitch oil cylinder is used for driving the pitch variation of pitch blades of the wind-driven generator, and the servomotor is used for controlling the operation of the variable-pitch oil cylinder by the two-way pump, thereby controlling the normal pitch variation of the wind-driven generator; and when the wind-driven generator needs quick feathering, the oil storage loop is used for directly supplying oil to every variable-pitch oil cylinder. The variable-pitch system of the invention has high feathering response speed and low system cost.
56. 201548396 风电机组液压变桨系统的试验装置
CN
11.08.2010
G01M 15/00 Loading...
G01M 15/00
Loading...
200920210168.X
上海汇益控制系统股份有限公司
陈建华
G01M 15/00
Loading...
一种风电机组液压变桨系统的试验装置，涉及风力发电技术领域，所解决的是测试风力发电机组液压变桨系统的技术问题。该装置包括工作台、转盘、旋转编码器和两组模拟组件；所述转盘经设于其轴心的旋转主轴转动安装于工作台的台面上，所述旋转编码器的转轴与转盘的旋转主轴轴接；每组模拟组件包括一个支座、一个单活塞杆传动的液压缸、一个导向板和一个法兰；两组模拟组件中的导向板分别轴对称固定于转盘的盘面上；所述液压缸经支座转动安装于工作台上，其转动轴线垂直于工作台的台面，其液压油口设有控制阀块；所述法兰的顶部转动连接液压缸的活塞杆，其底部滑动安装于导向板板面上。本实用新型提供的装置，能在实验室环境下模拟实际工作情况。
57. 101793276 Electrohydraulic servo system for two-way high-speed switch
CN
04.08.2010
F15B 21/08 Loading...
F15B 21/08
Loading...
201019063045.2
Shanghai Huiyi Control System Co., Ltd.
Wan Baozhong
F15B 21/08
Loading...
The invention relates to an electrohydraulic servo system for a two-way high-speed switch, and relates to the technical field of valve control. The electrohydraulic servo system solves the technical problem that in the prior art, the control precision and the response speed cannot be ensured simultaneously. The system comprises execution loop, a high-speed control loop and an oil box, wherein the execution loop comprises a servo motor, a two-way pump, an oil cylinder, two lock valves and two prefill valves, and is used for performing low-speed and accurate control on a turbine valve; and the high-speed control loop comprises a rapid cut-off solenoid valve, a storage pump motor, a storage pump, a high-voltage energy accumulator and two high-speed oil-taking check valves, and is used for controlling the high-speed opening and high-speed closing actions of the turbine valve. The electrohydraulic servo system has the advantages of high response speed, high control accuracy and low running cost.
58. 101787992 Hydraulic servo system for rapidly retracting unidirectional spring
CN
28.07.2010
F15B 21/02 Loading...
F15B 21/02
Loading...
201010127270.0
Shanghai Huiyi Control System Co., Ltd.
Chen Jianhua
F15B 21/02
Loading...
The invention discloses a hydraulic servo system for rapidly retracting a unidirectional spring, relating to the technical field of valve control and aiming to solve the technical problem that the prior art cannot simultaneously ensure the control precision and the response speed. The system comprises an oil tank, a servo motor, a bidirectional pump, a piston type oil cylinder, a spring, two lock valves and two oil-supplementing valves. The hydraulic servo system is characterized by also comprising a hydraulic control safety valve and a rapidly-closed solenoid valve; the servo motor, the bidirectional pump, the piston-type oil cylinder, the spring, the two lock valves and the two oil-supplementing valves are used for accurately controlling a turbine valve at low speed; and the spring, the hydraulic control safety valve and the rapidly-closed solenoid valve are used for rapidly controlling the action of the turbine valve. The system has the advantages of quick response, high control precision and low running cost.
59. 101776108 One-way fast retractile electrohydraulic servo system
CN
14.07.2010
F15B 21/02 Loading...
F15B 21/02
Loading...
201019063044.8
Shanghai Huiyi Control System Co., Ltd.
Wan Baozhong
F15B 21/02
Loading...
The invention relates to a one-way fast retractile electrohydraulic servo system belonging to the technical field of valve control and aiming at solving the technical problem that control precision and response speed can not simultaneously ensured in the prior art. An actuating mechanism comprises a servo control fluid circuit, a fast retractile control fluid circuit and an oil tank, wherein the servo control fluid circuit comprises a servo motor, a two-way pump, a servomotor and four hydraulic control one-way valves and is used for carrying out low-speed precise control on a valve of a steam turbine; and the fast retractile control fluid circuit comprises a fast closing safety valve, an energy storage pump motor, an energy storage pump, a high-voltage energy storage, a fast closing electromagnetic valve, an upper pressure switch and a lower pressure switch and is used for carrying out fast motion control on the valve of the steam turbine. The one-way fast retractile electrohydraulic servo system has fast response, high control precision and low operation cost.
60. 201461603 一种油动机的液压控制装置
CN
12.05.2010
F15B 15/18 Loading...
F15B 15/18
Loading...
200920077820.5
上海汇益液压控制系统工程有限公司
万保中
F15B 15/18
Loading...
一种油动机的液压控制装置，涉及液压控制技术领域，所解决的现有的成本低廉的系统响应速度慢及控制可靠性低的技术问题。该系统包括活塞式油动机、控制单元和油箱，其特征在于：所述控制单元由两个直驱式容积控制回路并联而成，每个直驱式容积控制回路包括一个油泵、一个交流伺服电机、一个蓄能器和一个电磁换向阀；所述油泵的一个油口经一液控单向阀、电磁换向阀分别连接油动机的一个工作腔及蓄能器，所述油泵的另一油口经一液控单向阀连接油动机的另一工作腔，所述蓄能器分别经两个快速开关电磁阀连接油动机的两个工作腔，所述油泵的两个油口各经一液控单向阀连接油箱。本实用新型提供的系统，成本低廉、控制可靠性高，且具有快速响应速度。
61. 201461236 一种用于控制风轮的变桨距装置
CN
12.05.2010
F03D 7/00 Loading...
F03D 7/00
Loading...
200920077821.X
上海汇益液压控制系统工程有限公司
陈建华
F03D 7/00
Loading...
一种用于控制风轮的变桨距装置，涉及风力发电技术领域，所解决的是降低成本及故障率的技术问题。该系统包括具有桨叶的风轮、发电机组、变桨控制器、变桨执行单元和检测单元，所述变桨控制器控制变桨执行单元运行，所述变桨执行单元用于控制风轮的桨距角变化，所述风轮连接发电机组，用于带动发电机组发电，所述检测单元用于检测风轮的桨距角及发电机组的功率，并将反馈信号传递至变桨控制器，其特征在于：所述变桨执行单元是回转型液压缸及其控制回路；所述回转型液压缸包括缸体、缸体两端的端盖、缸体内的两个定子和一个转子，所述风轮的桨叶连接转子的转轴；本实用新型提供的系统，成本低且故障率低，能随时启动发电。
62. 201464180 油动机位移试验装置
CN
12.05.2010
G01M 15/00 Loading...
G01M 15/00
Loading...
200920071438.3
上海汇益液压控制系统工程有限公司
郑凯
G01M 15/00
Loading...
一种油动机位移试验装置，涉及液压控制技术领域，所解决的是因DCS系统控制汽轮机阀门测试不便而影响DCS系统开发进度的技术问题。该装置的特征在于：包括液压动力源、液压辅助设备、液压执行机构和电气控制器；所述液压动力源包括电机、叶片泵、油箱和供油端，用于向液压执行机构供油；所述液压辅助设备包括蓄能器、溢流阀、泄压电磁阀、压力传感器和压力表，用于辅助液压动力源供油；所述液压执行机构包括油缸、伺服阀和快关电磁阀，所述快关电磁阀经两个插装阀控制油缸快关，所述油缸设有位移传感器；所述电气控制器用于控制各部件工作，并设有用于接收外部控制信号的接口。本实用新型提供的装置，能用于DCS系统测试及教学试验。
63. 101672310 Hydraulic oil cylinder
CN
17.03.2010
F15B 15/20 Loading...
F15B 15/20
Loading...
200810042913.4
Shanghai Huiyi Hydraulic Engineering Co., Ltd.
Yang Shengjun
F15B 15/20
Loading...
The invention discloses a hydraulic oil cylinder, which relates to the technical field of hydraulic equipment and solves the technical problems that the prior hydraulic oil cylinder has slow bufferingforce adjustment and poor adjustment effect. The oil cylinder comprises a cylinder barrel, end covers at the front end and the rear end of the cylinder barrel, and a piston in the cylinder barrel, wherein the piston separates the cylinder barrel into a front cavity and a rear cavity, and the end cover corresponding to each cavity is provided with an oil discharge cavity communicated with the cavity. The hydraulic oil cylinder is characterized in that the end cover is provided with at least one adjustable buffer valve, the end cover where each buffer valve is positioned is provided with a passage for communicating the cavity corresponding to the end cover and an oil inlet of the buffer valve, and an oil discharge port of the buffer valve is communicated with the oil discharge cavity of theend cover. The hydraulic oil cylinder provided by the invention can quickly and accurately adjust the buffering force so as to improve the production efficiency and the product percent of pass.
64. 101672246 Hydraulic control module of wind power generation system
CN
17.03.2010
F03D 7/00 Loading...
F03D 7/00
Loading...
200810042914.9
Shanghai Huiyi Hydraulic Engineering Co., Ltd.
Yang Yechao
F03D 7/00
Loading...
The invention discloses a hydraulic control module of a wind power generation system, which relates to the technical field of hydraulic control and solves the technical problem that the occupied spaceof the hydraulic control oil passage of the prior wind power generation system is large. The wind power generation system comprises a yaw driving unit, a yaw brake unit, a parking brake unit, a manual emergency parking brake unit, and a variable blade and safety control unit. The module is characterized in that the module integrates control oil passages of all the units, and a module panel is provided with oil ports, oil inlets and oil return ports which are used for connecting all the units; the control oil passages of all the units are divided into two layers in the module, the upper layercomprises the yaw driving unit, the yaw brake unit and the parking brake unit in sequence from the left to the right, and the lower layer comprises the variable blade and safety control unit and the manual emergency parking brake unit in sequence from the left to the right; and the control oil passages of all the units are embedded tightly with each other. The use of the hydraulic control module provided by the invention can reduce the equipment manufacturing cost.
65. 101660628 Piston type interface valve
CN
03.03.2010
F16K 37/00 Loading...
F16K 37/00
Loading...
200810042053.4
Shanghai Huiyi Hydraulic Engineering Co., Ltd.
Yang Shengjun
F16K 37/00
Loading...
The invention discloses a piston type interface valve, which relates to the technical field of interface valves, and solves the technical problems of inconvenient parameter adjustment and non-intuitional piston stroke in the prior art. The interface valve comprises a valve body, a valve seat, a valve cover and a piston; an elastic element is arranged between the valve seat and the piston; a control oil inlet communicated with the top part of the piston is arranged on the valve cover; a controlled oil passage is arranged on the valve seat; a valve rod is fixedly arranged on the piston; and thevalve rod can be inserted into the controlled oil passage to block off the controlled oil passage. The interface valve is characterized in that a pointer is arranged on the piston; the outer wall of the valve body is provided with a stroke graduated board; an adjusting sleeve consisting of a fixed board and a movable board is arranged on the valve seat; the fixed board is fixedly arranged on the valve seat; a plane ball thrust bearing is arranged on the fixed board; the movable board is arranged on the plane ball thrust bearing; and one end of the elastic element is arranged on the movable board, and the other end of the elastic element is arranged on the piston. The interface valve provided by the invention can improve the production efficiency, reduce the production cost, and assist in judging the system failures.
66. 101634322 Oil suction and oil return device of hydraulic oil tank
CN
27.01.2010
F15B 21/04 Loading...
F15B 21/04
Loading...
200810041022.7
Shanghai Huiyi Hydraulic Engineering Co., Ltd.
Chen Jianhua
F15B 21/04
Loading...
The invention discloses an oil suction and oil return device of a hydraulic oil tank, and relates to the technical field of hydraulic oil tanks. The invention solves the following two technical problems: firstly, the prior hydraulic oil tank takes too much time to reach the cleanliness required by a hydraulic system; and secondly, partial oil in the prior hydraulic oil tank cannot be filtrated. The oil suction and oil return device of the oil tank comprises a tank body, an oil return opening and an oil suction opening which are arranged on the tank body. The oil suction and oil return device is characterized in that a plurality of rows of oil pipes which are communicated end to end are arranged at two opposite sides in the tank body to form an oil return pipe and an oil suction pipe. The input end of the oil return pipe is connected with the oil return opening, and the other end of the oil return pipe is closed. The output end of the oil suction pipe is connected with the oil suction opening, and the other end of the oil suction pipe is closed. The pipe wall of each oil return pipe and each oil suction pipe is provided with a plurality of through holes. By utilizing the oil suction and oil return device of the hydraulic oil tank provided by the invention, the cleanliness and oil circulation time required by the hydraulic system can be achieved, and all the oil in the oil tank is ensured to achieve the same cleanliness.
67. 101539218 Control module of high-pressure bypass pressure and temperature reducing valve actuating mechanism
CN
23.09.2009
F16K 31/122 Loading...
F16K 31/122
Loading...
200810200153.5
Shanghai Huiyi Hydraulic Pressure Control System Co., Ltd.
Wan Baozhong
F16K 31/122
Loading...
The invention relates to a control module of a high-pressure bypass pressure and temperature reducing valve actuating mechanism, belonging to the field of the hydraulic control technology. The invention aims to solve the technical problem of achieving the simultaneous existence of both two-step control and continuous control in the hydraulic control. The control module comprises an electric control unit, a hydraulic control unit and an oil cylinder for controlling a controlled valve, wherein the hydraulic control unit is provided with a pressure oil port and an oil return port. The control module is characterized in that the oil cylinder is a piston type oil cylinder with two working chambers; the control oil passage of the hydraulic control unit is divided into two ways, wherein one way is connected with the two working chambers of the oil cylinder from the pressure oil port through a quick control solenoid valve and a hydraulic control check valve, and another way is connected with the two working chambers of the oil cylinder from the pressure oil port through an electro hydraulic servo valve; the work of the quick control solenoid valve and the pilot-operated check valve is controlled by the electric control unit; and the oil cylinder is provided with a displacement sensor for sending the valve position signals of the controlled valve back. By utilizing the control module, the simultaneous existence of the two-step control and the continuous control can be achieved.
68. 101526014 Spring type energy accumulator in turbine hydraulic system
CN
09.09.2009
F01D 17/26 Loading...
F01D 17/26
Loading...
200810042052.X
Shanghai Huiyi Hydraulic Engineering Co., Ltd.
Chen Jianhua
F01D 17/26
Loading...
The invention discloses a spring type energy accumulator in a turbine hydraulic system, relates to the technical field of hydraulic energy storage, and solves the technical problems of installation, maintenance and service life of the energy accumulator in the hydraulic system. The spring type energy accumulator comprises a spring seat end cover, a spring seat, a spring, a piston sleeved with a support ring for combining a sealing ring and the piston, and a connecting flange sleeved with a retainer ring and the sealing ring, which are arranged in a cylinder in turn from top to bottom; the spring seat end cover and the connecting flange are fixed in the cylinder respectively; and the spring seat end cover and the spring seat are provided with dustproof structures. The spring type energy accumulator has the characteristics of convenient installation, stable work, easy maintenance and long service life.
69. 101476543 Off-course driving device of non-off course gear used for aerogenerator
CN
08.07.2009
F03D 7/02 Loading...
F03D 7/02
Loading...
200910071361.4
Harbin Institute of Technology
Su Wenhai
F03D 7/02
Loading...
The invention relates to a deviation driving device without a deviation gear for a wind driven generator. The invention relates to a deviation driving device. The invention solves the problems that the prior deviation driving device on the wind driven generator has more executive elements, poor reliability and low deviation accuracy, thereby bringing about the low power generation efficiency. A frequency conversion motor (21) is connected with a two-way constant delivery pump (23) through a coupling (22); a closed loop circuit (30) is formed between the two-way constant delivery pump (23) and a low speed great torque hydraulic motor (26); an oil replenishing valve assembly (24) is connected in parallel on the closed loop circuit (30) and is communicated with a closed oil can (20); a two-way hydraulic lock (25) is connected in series on the closed loop circuit (30); a manual stop valve (27) is communicated with high and low pressure cavities of the low speed great torque hydraulic motor (26) and the closed oil can (20); and motor rotor (26-1) on the low speed great torque hydraulic motor (26) is fixedly arranged on a deviation main shaft (40). The deviation driving device has the advantages of good reliability, simple structure, low cost, stepless deviation velocity regulation, and the like.
70. 201259011 活塞式接口阀
CN
17.06.2009
F16K 37/00 Loading...
F16K 37/00
Loading...
200820152323.2
上海汇益液压控制系统工程有限公司
阳胜军
F16K 37/00
Loading...
一种活塞式接口阀，涉及接口阀的技术领域，所解决的是现有技术调整参数不便及活塞行程不直观的技术问题。该接口阀包括阀体、阀座、阀盖、活塞，阀座与活塞间设有弹性元件，阀盖上设有连通活塞顶部的控制油入口，阀座上设有被控油通道，所述活塞上固设有阀杆，所述的阀杆能插入被控油通道并将其阻断，其特征在于：所述活塞上设有指针，所述阀体外壁设有行程刻度牌，所述阀座上设有由固定板、活动板组成的调整套，所述固定板固设于阀座上，固定板上设有平面推力球轴承，活动板设于平面推力球轴承上，所述弹性元件的一端设于活动板上，另一端设于活塞上。利用本实用新型提供的接口阀，能提高生产效率、降低生产成本，还能协助判断系统故障。
71. 201258878 汽轮机液压系统中的弹簧式蓄能器
CN
17.06.2009
F15B 1/02 Loading...
F15B 1/02
Loading...
200820152324.7
上海汇益液压控制系统工程有限公司
陈建华
F15B 1/02
Loading...
本实用新型公开一种汽轮机液压系统中的弹簧式蓄能器，涉及液压蓄能技术领域；所要解决的是液压系统中蓄能器的安装、维护和使用寿命的技术问题；该弹簧式蓄能器，在缸筒内自上而下依次包括：弹簧座端盖、弹簧座、弹簧、套有组合密封圈和活塞用支承环的活塞、套有挡圈和密封圈的连接法兰；所述弹簧座端盖和连接法兰分别固定在缸筒内；弹簧座端盖和弹簧座设有防尘结构。本实用新型的弹簧式蓄能器具有安装方便，工作稳定，易维护，使用寿命长的特点。
72. 201258825 风力发电系统的液压控制模块
CN
17.06.2009
F03D 7/00 Loading...
F03D 7/00
Loading...
200820152854.1
上海汇益液压控制系统工程有限公司
杨叶超
F03D 7/00
Loading...
一种风力发电系统的液压控制模块，涉及液压控制技术领域，所解决的是现有的风力发电系统的液压控制油路占用空间大的技术问题。风力发电系统包括偏航驱动单元、偏航刹车单元、停机制动单元、手动应急停机制动单元、对变桨及安全控制单元，该模块的特征在于：模块中集成了各单元的控制油路并在模块面板上设有连接各单元的油口、入油口及回油口，各单元的控制油路在模块内分两层排列，上层从左至右依次为偏航驱动单元、偏航刹车单元、停机制动单元，下层从左至右依次为对变桨及安全控制单元、手动应急停机制动单元，各单元的控制油路相互紧密嵌合。利用本实用新型提供的液压控制模块，能降低设备造价。
73. 201258891 液压油缸
CN
17.06.2009
F15B 15/20 Loading...
F15B 15/20
Loading...
200820152853.7
上海汇益液压控制系统工程有限公司
阳胜军
F15B 15/20
Loading...
一种液压油缸，涉及液压设备技术领域，所解决的是现有的液压油缸调整缓冲力慢且调整效果差的技术问题。该油缸包括缸筒、缸筒前后两端的端盖、缸筒内的活塞，所述活塞将缸筒分隔成前后两个腔体，每个腔体所对应的端盖上设有连通该腔体的排油腔，其特征的于：所述端盖上设有至少一个可调节的缓冲阀，每个缓冲阀所在的端盖上设有连通该端盖对应的腔体与该缓冲阀进油口的通道，该缓冲阀的排油口与该端盖的排油腔连通。利用本实用新型提供的液压油缸，能快速、精确的调整缓冲力，从而能提高生产效率及产品合格率。
74. 201258880 一种液压油箱的吸油和回油装置
CN
17.06.2009
F15B 1/26 Loading...
F15B 1/26
Loading...
200820151258.1
上海汇益液压控制系统工程有限公司
陈建华
F15B 1/26
Loading...
一种液压油箱的吸油和回油装置，涉及液压油箱的技术领域，所解决的问题是如下两个的技术问题：1.现有的液压油箱达到液压系统所要求清洁度的油循环时间过长；2.现有的液压油箱内的部分油液得不到过滤。该油箱的吸油和回油装置包括箱体、箱体上设的回油口和吸油口，其特征在于：所述箱体内相对的两侧分别设有由多排首尾连通的油管组成回油管和吸油管，回油管的输入端连接回油口，另一端封闭，吸油管的输出端连接吸油口，另一端封闭，回油管和吸油管的每根油管的管壁上设有多个通孔。利用本实用新型提供的液压油箱的吸油和回油装置，能缩短达到液压系统所要求的清洁度的油循环时间和确保油箱内所有的油液能够达到同样的清洁度。
75. 201259004 高旁减温减压阀执行机构的控制模块
CN
17.06.2009
F16K 31/122 Loading...
F16K 31/122
Loading...
200820153260.2
上海汇益液压控制系统工程有限公司
万保中
F16K 31/122
Loading...
一种高旁减温减压阀执行机构的控制模块，涉及液压控制技术领域，所解决的是液压控制中两位控制及连续控制并存的技术问题。该模块包括电气控制单元、液压控制单元、用于控制受控阀的油缸，所述液压控制单元设有压力油口和回油口，其特征在于：所述油缸是具有两个工作腔的活塞式油缸，所述液压控制单元的控制油路分成两路，一路从压力油口起经一快控电磁阀、一液控单向阀连接油缸的两个工作腔，另一路从压力油口起经一电液伺服阀连接油缸的两个工作腔，所述快控电磁阀及电液伺服阀由电气控制单元控制其工作，所述油缸设有位移传感器，用于向电气控制单元反馈受控阀的阀位信号。利用本实用新型提供的控制模块，能实现两位控制和连续控制并存。
76. 101413406 Direct drive type oil servo motor based on direct drive type electrohydraulic servo power source
CN
22.04.2009
F01D 17/26 Loading...
F01D 17/26
Loading...
200810137593.0
Harbin Institute of Technology
Jiang Jihai
F01D 17/26
Loading...
The invention discloses an electrohydraulic servo power source-based direct drive servo motor and relates to a servo motor. The direct drive servo motor overcomes the drawbacks of the prior art of inevitable clamping stagnation, high fault rate and low efficiency due to long-term operation of an electrohydraulic servo valve. The direct drive servo comprises a direct drive electrohydraulic servo power source which comprises a closed oil tank, an alternating current servo motor, a bidirectional fixed displacement pump, an oil supplement valve and a bidirectional hydraulic lock, wherein a power outlet shaft of the alternating servo motor is connected with a power inlet shaft of the bidirectional fixed displacement pump which is connected with a hydraulic cylinder through the bidirectional hydraulic lock, two oil lines between the bidirectional fixed displacement pump and the hydraulic cylinder form a closed circuit, two oil inlet and outlet openings of the oil supplement valve are connected to the two oil lines between the bidirectional fixed displacement pump and the hydraulic cylinder respectively, a third oil inlet and outlet opening is connected with an oil inlet and outlet opening of the closed oil tank. The direct drive servo motor is used on an actuating mechanism of a steam turbine regulating and safety system and has the advantages of high reliability, energy conservation and high efficiency.
77. 2612805 一种接口阀
CN
21.04.2004
F01D 17/26 Loading...
F01D 17/26
Loading...
03245507.0
上海汇益液压控制系统工程有限公司
陈建华
F01D 17/26
Loading...
一种接口阀，包括一阀体，与所述阀体相配合的阀盖和阀座，所述阀体内设有压力感应器和与所述压力感应器相配合的阀杆，所述阀盖上成形有与所述压力感应器相通的透平油入口，所述阀杆穿过成形在所述阀座上的空腔可与成形在所述阀座上的被控压力油入口形成密封配合，所述压力感应器包括一与所述阀体内腔表面相配合的活塞和至少一个设置在所述阀座与所述活塞之间的弹性元件，所述活塞与所述阀体内腔表面之间设有至少一个密封构件和至少一条导向带。该接口阀工作范围大、不易产生泄漏、无卡涩、响应速度快，能够充分满足国内外汽轮机调节系统要求的接口阀。

