1. 105848442 氢能源发电装置的架用电子设备机箱
CN
10.08.2016
H05K 7/14 Loading...
H05K 7/14
Loading...
201510020558.0
上海攀业氢能源科技有限公司
董辉
H05K 7/14
Loading...
一种氢能源发电装置的架用电子设备机箱，设置在机柜内，包括机架和架设在机架上的多台单元电子设备机箱，机架包括四根成矩形分布的立柱；在立柱上设有多层轨道组件，各单元电子设备机箱分别架设在各层轨道组件上并可以分别抽拉。采用本发明的结构，能使使用者更有效、更方便的安装及维护机柜和架用电子设备机箱。避免了电子设备机箱因故障或老化无法维护而导致不能使用的隐患。
2. 105848448 室外氢能源发电装置的温度控制系统
CN
10.08.2016
H05K 7/20 Loading...
H05K 7/20
Loading...
201510020569.9
上海攀业氢能源科技有限公司
董辉
H05K 7/20
Loading...
一种室外氢能源发电装置的温度控制系统，设置在机柜上，所述室外氢能源发电装置包括机柜、氢柜；机柜内设有主控单元、电堆单元、通风单元和DC单元，机柜包括柜体、前门和后门；前门上设有多个进风口，进风口内安装有进风扇，后门上设有多个排风口；所述进风口的内侧安装有可更换的过滤棉，外侧安装有防水板；所述前门和后门均采用夹层结构，包括内外两层钢板和中间夹层，中间夹层为保温材料层。本发明的结构相对于现有技术的通风式结构，能够适应的环境温度更加宽泛，而且在不降低适应环境的情况下，可缩减成本。
3. 202523796 一种安全可靠的燃料电池用供氢系统
CN
07.11.2012
H01M 8/04 Loading...
H01M 8/04
Loading...
201220042041.3
上海攀业氢能源科技有限公司
董辉
H01M 8/04
Loading...
本实用新型涉及一种安全可靠的燃料电池用供氢系统，包括至少两组供氢组件，各组供氢组件由依次连接的气瓶组、压力表、高压电磁阀、高压减压阀和单向阀组成，各单向阀均连接中压减压阀，中压减压阀连接至少一组燃料电池用氢组件，所述的燃料电池用氢组件包括燃料电池，以及设置在燃料电池氢气入口处的截止阀和电磁阀a，设置在燃料电池氢气出口处的电磁阀b。在高压减压阀后面有中压泄压阀；在中压减压阀前端有中压压力传感器；在中压减压阀后端有低压泄压阀和低压压力传感器。与现有技术相比，本实用新型具有安全可靠、使用寿命长等优点。
4. 202484592 一种燃料电池用供氢系统
CN
10.10.2012
F17D 1/02 Loading...
F17D 1/02
Loading...
201220042236.8
上海攀业氢能源科技有限公司
董辉
F17D 1/02
Loading...
本实用新型涉及一种燃料电池用供氢系统，包括至少两组供氢组件，各组供氢组件由依次连接的气瓶组、压力表、高压减压阀、中压泄压阀、电磁阀a、单向阀组成，各单向阀均连接中压减压阀，中压减压阀连接至少一组燃料电池用氢组件，所述的燃料电池用氢组件包括燃料电池，以及设置在燃料电池氢气入口处的截止阀和电磁阀b，设置在燃料电池氢气出口处的电磁阀c。与现有技术相比，本实用新型具有可以方便的在线更换气瓶、保证长时间连续供应氢气等优点。
5. 102456886 一种提高燃料电池中气体扩散层弯曲强度的方法
CN
16.05.2012
H01M 4/88 Loading...
H01M 4/88
Loading...
201010520576.2
上海攀业氢能源科技有限公司
田丙伦
H01M 4/88
Loading...
本发明涉及一种提高燃料电池中气体扩散层弯曲强度的方法，包括以下步骤：首先对气体扩散层浸渍疏水乳液，烘干并灼烧固化，得到处理好的气体扩散层，然后担载碳粉-树脂混合浆料并进行烘干并灼烧固化，最后对担载有碳粉-树脂混合浆料的气体扩散层进行热压处理，即得到高弯曲强度的气体扩散层。与现有技术相比，本发明保证满足燃料电池对扩散层的要求，不影响燃料电池性能发挥，使得碳纤维布作为一种优越的导电材料能作为扩散层材料成功应用在燃料电池中，其在弯曲强度已经完全可以替代碳纸，可以作为增强的扩散层材料在电池中进行实际应用。
6. 102315458 燃料电池石墨双极板的制作方法
CN
11.01.2012
H01M 4/88 Loading...
H01M 4/88
Loading...
201010217390.X
上海攀业氢能源科技有限公司
田丙伦
H01M 4/88
Loading...
本发明提供了一种燃料电池石墨双极板的制作方法，它包括以下步骤：A、以1焙或1浸两焙的高纯石墨块为原材料，机械切割成双极板素坯；B、将双极板素坯平磨成双极板片材；C、采用平行多片圆片锯刀排列组成的卧铣刀在双极板片材上加工出多槽平行分布的直通式流场结构，形成双极板半成品；D、将双极板半成品用环氧胶进行密封后固化，成为双极板成品。与现有技术相比，本发明从原材料的选取，石墨双极板的流场设计，及加工等方面大幅度降低了燃料电池双极板的成本，特别适合流道比较深的双极板场合要求。
7. 202026127 一种现场制氢一体化燃料电池备用电源系统
CN
02.11.2011
H02J 9/04 Loading...
H02J 9/04
Loading...
201120063208.X
上海攀业氢能源科技有限公司
田丙伦
H02J 9/04
Loading...
本实用新型提供了一种现场制氢一体化燃料电池备用电源系统，包括电解池、氢气压缩机、储氢瓶、燃料电池和铅酸电池，所述的电解池连接与其产氢速度相匹配的氢气压缩机，该氢气压缩机依次连接储氢瓶和燃料电池，燃料电池与铅酸电池并联后连接负载。与现有技术相比，本实用新型具有实用、工艺简单、稳定性高等优点。
8. 202004097 一种可提高燃料电池稳定性的导氢气流场板
CN
05.10.2011
H01M 8/02 Loading...
H01M 8/02
Loading...
201120047990.6
上海攀业氢能源科技有限公司
田丙伦
H01M 8/02
Loading...
本实用新型提供了一种可提高燃料电池稳定性的导氢气流场板，包括氢气进口、氢气出口，所述的氢气进口和氢气出口之间设有平行流道同蛇形流道结合在一起的氢气流场，该氢气流场分成多组氢气流槽组，每组氢气流槽组由数根平行流道组成，各组氢气流槽组之间在流槽一端由一根流道连通，整个导氢气流场板呈蛇形走向分布。与现有技术相比，本实用新型具有实用、工艺简单、稳定性高等优点。
9. 201820844 一种多个高压氢气瓶并联连续供气装置
CN
04.05.2011
H01M 8/04 Loading...
H01M 8/04
Loading...
201020542820.0
上海攀业氢能源科技有限公司
田丙伦
H01M 8/04
Loading...
本实用新型涉及一种多个高压氢气瓶并联连续供气装置，包括氢气供给机构、压力检测机构、二级减压阀、电磁阀、燃料电池堆氢气进口，所述的氢气供给机构与压力检测机构连接，所述的压力检测机构与二级减压阀连接，所述的二级减压阀与电磁阀连接，所述的电磁阀与燃料电池堆氢气进口连接。与现有技术相比，本实用新型具有能完全依靠机械结构设计做到气体的自动切换和无缝式更换，还能提高实际应用过程中的可操作性等优点。
10. 101958422 Method for enhancing running durability of fuel cell
CN
26.01.2011
H01M 8/04 Loading...
H01M 8/04
Loading...
200910055162.4
Shanghai Pearl Hydrogen Power Source Technology Co., Ltd.
Tian Binglun
H01M 8/04
Loading...
The invention relates to a method for enhancing the running durability of a fuel cell. In the method, the service life of the fuel cell is prolonged by setting the shutdown program of the fuel cell. The shutdown program comprises the following specific steps of: (1) keeping hydrogen supply to the anode side of the fuel cell so as to keep fuel hydrogen sufficient; (2) shutting down an air supply fan on the cathode side of the fuel cell; (3) connecting a controllable switch to the output end of the fuel cell, switching off the controllable switch to short-circuit the fuel cell and rising the temperature of the fuel cell to the set temperature in a short-circuited state; and (4) draining water accumulated in a fuel cell stack, stopping the hydrogen supply and lowering the temperature of the fuel cell under the natural condition or forced air convection condition. Compared with the prior art, the method has the advantages of simpleness, good effect and the like.
11. 101958425 Fuel cell stack with internal single cells in different stoichiometric proportions
CN
26.01.2011
H01M 8/24 Loading...
H01M 8/24
Loading...
200910055163.9
Shanghai Pearl Hydrogen Power Source Technology Co., Ltd.
Tian Binglun
H01M 8/24
Loading...
The invention relates to a fuel cell stack with internal single cells in different stoichiometric proportions, which consists of a plurality of fuel cell units in different anode stoichiometric proportions, wherein each group of fuel cell units comprises a plurality of single fuel cells. Compared with the prior art, the fuel cell stack has the advantages of hydrogen waste reduction, high efficiency and the like.
12. 101944625 Air-cooled fuel cell system
CN
12.01.2011
H01M 8/24 Loading...
H01M 8/24
Loading...
200910054531.8
Shanghai Pearl Hydrogen Power Sources Technology Co., Ltd.
Tian Binglun
H01M 8/24
Loading...
The invention relates to an air-cooled fuel cell system. The system comprises an air-cooled fuel cell stack, a hydrogen inlet, a hydrogen outlet, a fan, a water storage container, a water sealing movable baffle plate, an electromagnetic valve, a discharge port and an air circulation adjusting baffle plate, wherein one end of the water storage container is connected with the air-cooled fuel cell stack and the other end of the water storage container is connected with a cold air inlet a; the water storage container is connected with the hydrogen outlet of the air-cooled fuel cell stack through a pipeline; the electromagnetic valve is arranged on the pipeline; when a fuel cell runs, one end of the air circulation adjusting baffle plate is connected with a cold air inlet b, the other end of the air circulation adjusting baffle plate is connected with a hot air outlet a and the system is opened; and when the fuel cell does not run, one end of the air circulation adjusting baffle plate is connected with the cold air inlet a, the other end of the air circulation adjusting baffle plate is connected with a hot air outlet b, the system is closed, and a relatively closed space consists of an air-cooled fuel cell and the water storage container. Compared with the prior art, the system has the advantages of long life, short starting time and the like.
13. 101924389 Standby power system composed of modular fuel battery and energy storage battery
CN
22.12.2010
H02J 7/34 Loading...
H02J 7/34
Loading...
200910052855.8
Shanghai Pearl Hydrogen Power Sources Technology Co., Ltd.
Tian Binglun
H02J 7/34
Loading...
The invention relates to a standby power system composed of a modular fuel battery and an energy storage battery, which comprises a fuel battery, an energy storage battery and a unilateral diode, wherein the fuel battery and the energy storage battery are connected in parallel through the unilateral diode; each fuel battery module is provided with an independent control circuit to control the operation state; the fuel battery provides electric power for the energy storage battery and load, or the fuel battery and energy storage battery together provides electric power for the matched load; the output end of each fuel battery module is connected with a controllable switch; and the controllable switch can be connected or disconnected under the control of the control circuit so as to directly short-circuit the fuel battery module. Compared with the prior art, the electric power voltage provided by the system is more stable, the service life of the battery is longer, the cost is lower, and the use amount of the energy storage battery is lower. The invention is applicable to the occasions with high power requirements.
14. 201556966 一种模块化燃料电池与储能电池组成的备用电源系统
CN
18.08.2010
H02J 7/34 Loading...
H02J 7/34
Loading...
200920076067.8
上海攀业氢能源科技有限公司
田丙伦
H02J 7/34
Loading...
本实用新型涉及一种模块化燃料电池与储能电池组成的备用电源系统，该系统包括燃料电池，储能电池，氢源，电磁阀，温度传感器，电压检测器，电流传感器，风扇，相关的电路控制部分和可控开关，所述的燃料电池与储能电池通过单向二极管并联连接，所述的氢源通过电磁阀连接燃料电池，所述的温度传感器和风扇设置在燃料电池上，所述的电压检测器和电流传感器连接储能电池，所述的相关的电路控制部分包括燃料电池的控制电路板和主控电路板，所述的可控开关连接燃料电池的输出端。与现有技术相比，本实用新型系统提供的电力电压更加稳定，电池运行寿命更长，成本更低，储能电池用量更加节省，能够使用于电源要求比较高的应用场合。
15. 101752895 Standby power supply system consisting of fuel cell and energy storage cell
CN
23.06.2010
H02J 7/34 Loading...
H02J 7/34
Loading...
200810204755.8
Shanghai Pearl Hydrogen Power Source Technology Co., Ltd.
Dong Hui
H02J 7/34
Loading...
The invention relates to a standby power supply system consisting of a fuel cell and an energy storage cell. The system comprises the fuel cell and the energy storage cell which are connected by a unidirectional diode, the fuel cell supplies power to the energy storage cell and a load, and/or the fuel cell and energy storage cell supply power to a matching load. Compared with the prior art, the standby power supply system has the advantages of low cost, high stability, long service life and the like.
16. 201409006 一种燃料电池发电装置
CN
17.02.2010
H02J 7/00 Loading...
H02J 7/00
Loading...
200920071633.6
上海攀业氢能源科技有限公司
田丙伦
H02J 7/00
Loading...
本实用新型提供了一种燃料电池发电装置，它包括燃料电池堆、氢气罐、供氧风机、氢气循环泵、循环水泵、热交换器、冷却水泵、控制电路板和蓄电池，热交换器包括水箱和设置在水箱内的散热片；上述各设备通过管路或/和输电线路相连。与现有技术相比，本实用新型的运行温度比较低，气体无需增湿，装置简单，运行稳定，尤其是电池堆的运行寿命能显著提高，特别适合用做船舶等水上交通工具的动力源。
17. 201332296 一种通讯用备用电源系统
CN
21.10.2009
H02J 9/00 Loading...
H02J 9/00
Loading...
200820157255.9
上海攀业氢能源科技有限公司
田丙伦
H02J 9/00
Loading...
本实用新型涉及一种通讯用备用电源系统，该备用电源包括燃料电池和与燃料电池相匹配的储能电池，所述的燃料电池与储能电池之间通过单向二极管连接，该单向二极管的阳极端连接燃料电池，阴极端分别连接储能电池和负载。与现有技术相比，本实用新型具有成本低，稳定性高、寿命长等优点。
18. 201266641 一种燃料电池金属双极板
CN
01.07.2009
H01M 8/02 Loading...
H01M 8/02
Loading...
200820153416.7
上海攀业氢能源科技有限公司
田丙伦
H01M 8/02
Loading...
本实用新型涉及一种燃料电池金属双极板，该双极板包括氢气流场板、空气流场板，还包括带孔塑料构件，所述的氢气流场板上冲压有多条平行氢气流道，所述的空气流场板的两面上冲压有空气流道，其中一个面的空气流槽间的脊宽度大于另一个面上的空气流槽间脊宽度，所述的带孔塑料构件设置在空气流场板两侧，带孔塑料构件靠近空气流场板一端设有与氢气流道相匹配的凹槽，氢气流场板与空气流场板和带孔塑料构件连接。与现有技术相比，本实用新型具有结构简单，成本低、耐腐蚀等优点。
19. 101364646 Fuel cell electrode having aqueous vapor separation layer
CN
11.02.2009
H01M 4/86 Loading...
H01M 4/86
Loading...
200710044691.5
Shanghai Pearl Hydrogen Power Source Technology Co., Ltd.
Tian Binglun
H01M 4/86
Loading...
The invention relates to a fuel cell electrode with a vapor blocking layer, which comprises a proton exchange membrane layer positioned in the middle, an electrode catalyst layer positioned on two sides of the proton exchange membrane layer, and a gas diffusion layer positioned on the outer side of the electrode catalyst layer, wherein the gas diffusion layer is composed of the vapor blocking layer and a carbon paper or a porous graphite foil or a metal mesh; and the vapor blocking layer is clung to the catalyst layer of the fuel cell. Compared with the prior art, the fuel cell electrode has the characteristics of high water retentivity, steady operation, etc.
20. 201178113 构成燃料电池的一体化单电池
CN
07.01.2009
H01M 8/02 Loading...
H01M 8/02
Loading...
200820057238.8
上海攀业氢能源科技有限公司
田丙伦
H01M 8/02
Loading...
一种构成燃料电池的一体化单电池，由双极板与膜电极粘合成一体，双极板为石墨双极板，在石墨双极板的一面设有空气流场的平直贯通型流道，另一面设有氢气流道、氢气进口和氢气出口，在氢气进口和氢气出口的周围表面施有一层胶，胶层的厚度加上该处石墨双极板的厚度同单片电池的其他部分的厚度相适配。本实用新型使由多块一体化单电池叠加组装成燃料电池堆的组装工艺变得更加简单，多块一体化单电池叠加时，在燃料电池端板组装力的作用下即可实现对氢的密封。更有利于低温运行，更便于拆装，更方便维修。
21. 101188304 Method for running air cooling fuel battery system under low-temperature
CN
28.05.2008
H01M 8/04 Loading...
H01M 8/04
Loading...
200610118388.0
Shanghai Panye Hydrogen Energy Technology Co., Ltd.
Tian Binglun
H01M 8/04
Loading...
The invention relates to a method for an air cooling type fuel cell system operated at low temperature. The fuel cell system is positioned in an outer housing with an adjustable opening, so that part of hot air discharged after the fuel cell is cooled is recycled as cooling air for cooling the fuel cell, the inlet temperature of the cooling air of the fuel cell is controlled at 5-40 DEG C, and the outlet temperature of the hot air is controlled at 45-60 DEG C. Part of the hot air discharged from cooling fuel cell stacks is used as cooling air by using the method for an air cooling type fuel cell system operated at low temperature, the inlet temperature of the cooling air of the fuel cell stacks can be increased, and the problem in the prior art of excessive liquid-water existing in operation at low temperature of the air cooling type fuel cell stacks is solved.
22. 101170174 Fuel battery pole with dense micro-hole layer and its making method
CN
30.04.2008
H01M 4/86 Loading...
H01M 4/86
Loading...
200610117615.8
Shanghai Pearl Hydrogen Power Source Technology Co., Ltd.
Tian Binglun
H01M 4/86
Loading...
A fuel cell electrode with a compact micropore layer includes a proton exchange film layer in the middle, electrode catalyst layers on both sides of the proton exchange film layer and gas diffusion layers on outer side of the two electrode catalyst layers, as well as a compact micropore layer arranged between the electrode catalyst layers and the gas diffusion layers. The electrode is made by layer on layer press of the proton exchange film layer in the middle, the electrode catalyst layers coated on both sides of the proton exchange film layer, the compact micropore layers arranged on outer side of two electrode catalyst layers and the gas diffusion layers arranged on outer side of two compact micropore layers, wherein, the compact micropore layers comprise compact micropore films, which are made of 20 percent-70 percent highly conductive powdered carbon and 30 percent-80 percent resin in mixture, with the thickness 0.05mm-0.2mm and the micropore aperture between 0.02-0.2 micron. The invention is good for improving the stability of fuel cell starting with low temperature.
23. 201051524 一种适合低温启动的空气直接冷却型燃料电池
CN
23.04.2008
H01M 8/24 Loading...
H01M 8/24
Loading...
200720069527.5
上海攀业氢能源科技有限公司
田丙伦
H01M 8/24
Loading...
本实用新型涉及一种适合低温启动的空气直接冷却型燃料电池，该燃料电池包括膜电极、双极板、集流引线板、端板，所述的双极板为复合式双极板，其流道为平直贯通型流道，复合式双极板与膜电极粘合构成一体化单电池，多块一体化单电池叠加成的端面四周设有密封胶层，端面外设有带腔体的端盖，多块端面同端盖相连构成电池燃料的气体共用流体腔。与现有技术相比，本实用新型具有结构简单，成本较低，尤其适合燃料电池在低温下的冷启动等特点。
24. 101117095 Power control system of the fuel cell electric two-wheel vehicle
CN
06.02.2008
B60L 11/18 Loading...
B60L 11/18
Loading...
200610029727.8
Shanghai Pearl Hydrogen Power Source Technology Co., Ltd.
Tian Binglun
B60L 11/18
Loading...
The invention provides an electric control system for a fuel cell electro-bicycle, which comprises a speed control and a brake mechanism, a wheel hub electric machine and fuel cell electric power generation mechanism, a control circuit board and an interface mechanism, wherein the fuel cell electric power generation mechanism comprises a fuel cell pile, a blower fan and an electromagnetic valve, one power output terminal of the fuel cell pile is connected with a power input interface of the interface mechanism by which power can be directly transmitted to the wheel hub electric machine, the other power output terminal is connected with a power input terminal of the control electric board, a power output terminal of the wheel hub electric machine is connected with the other power input interface of the interface mechanism by which power can be transmitted to the control circuit board, the control circuit respectively controls operation of the blower fan and the electromagnetic valve in the fuel cell electric power generation mechanism. Due to the electro-bicycle receiving power completely from the fuel cell, the invention has the advantages of a simple system, few auxiliary fittings, no secondary battery in the system and low cost.
25. 101098007 Catalyzer slurry for producing fuel cell membrane electrode and process for production thereof
CN
02.01.2008
H01M 4/86 Loading...
H01M 4/86
Loading...
200610028206.0
Shanghai Pearl Hydrogen Power Source Technology Co.,Ltd.
Tian Binglun
H01M 4/86
Loading...
A catalyst slurry for producing membrane electrode of fuel battery contains 1-40%wt solid catalyst particles, 1-40%wt macromolecule polyester conductor, 0.1-50%wt water, 1-50%wt alcohol, and 1-90%wt organic acid. And the relative preparation comprises that preparing the disperser of macromolecule polyester atom conductor and preparing catalyst slurry. The electrode made from the inventive catalyst slurry has better property than prior art, with easy preparation, saved time, saved force, and low energy consumption.
26. 101087022 Making method for dual-function catalyzer of recycling fuel battery
CN
12.12.2007
H01M 4/90 Loading...
H01M 4/90
Loading...
200610027286.8
Shanghai Pearl Hydrogen Power Sources Technology Co., Ltd.
Tian Binglun
H01M 4/90
Loading...
The invention provides a preparing method of regeneration fuel battery double-function activator; the method includes decentralization liquid which is used to produce electrolysis active component carrier, polyatomic alcohol and water solution which are used to produce generating electricity active component precursor, revivification sedimentation Pt, producing double-function activator grain. The double-function activator produced by the method in the invention such as Pt/IrO2, Pt/IrO2-RuO2, and Pt is dispersed well, and grain is easy to be dispersed. Stability of activator is well, performance of battery produced is well, and it also possesses perfect electroanalysis. It can be used in URFC battery, the performance of generating electricity is better than activator produced by traditional mechanical mixing method.
27. 101087023 An anti-erosion fuel battery catalyzer and its making method
CN
12.12.2007
H01M 4/92 Loading...
H01M 4/92
Loading...
200610027287.2
Shanghai Pearl Hydrogen Power Sources Technology Co., Ltd.
Tian Binglun
H01M 4/92
Loading...
A kind of corrosion resistant fuel battery activator is produced by active component Pt, high specific area conductive carrier and assistant, the carrier is selected from metal oxide, metal nitride, metal carbonization or their mixture, the assistant is selected from other noble metal or the oxide. The content of active component Pt, conductive carrier and assistant in activator are 5-59.9wt%, 0.1-94.9wt%, 0.1-40wt%. A preparing method of corrosion resistant fuel battery activator includes loading assistant on carrier, loading active component Pt on carrier and assistant to produce activator. The invention adopts metal oxide, nitride, carbonization with high specific area as the carrier of fuel battery cathode activator, and the assistant is loaded on the carrier, the corrosion resistant performance of fuel battery cathode activator can be increased greatly, affect of operation of switch can be reduced.
28. 101064369 Non-end plate fuel cell stack fit for low-temperature starting
CN
31.10.2007
H01M 8/04 Loading...
H01M 8/04
Loading...
200610026051.7
Tian Binglun
Tian Binglun
H01M 8/04
Loading...
A kind of non-end board fuel battery pile which fits for low temperature starting that comprises film electrode, double plate, collecting down-lead board, electrical insulating clapboard and fastening circle, electrical insulating clapboard and a pair of collecting down-lead board that form a group of current output framework. Film electrode, cuniform double plate and current output framework enclose a cylindric fuel battery pile, and they are fastened to an integral by two clamping circles. It also includes upper cover board and lower cover board which are connected with two axises of the cylinder fuel battery pile, the flow cavity of the hydrogen gas or / and air or / and cooling fluid is set in the upper cover board and lower cover board, corresponding liquid inlet and outlet are set in the upper cover board and lower cover board. The battery pile of the invention can not possess cumbersome battery end plate in routine battery pile, in stead of fastening circle, it can be very dexterous; stress in inner electrode of the battery pile is even, there is not problem about distortion of the end plate; the balance of water and heat of the battery pile is well, it is consistent with other electrodes; it fits for low temperature starting.
29. 200965892 燃料电池复合气体扩散层
CN
24.10.2007
H01M 8/02 Loading...
H01M 8/02
Loading...
200620043723.0
上海攀业氢能源科技有限公司
田丙伦
H01M 8/02
Loading...
本实用新型提供了一种燃料电池复合气体扩散层，它包括常规气体扩散层，该常规气体扩散层由一层碳纸和覆盖在碳纸一个面上的导电碳粉和PTFE层构成，其特点是，还包括一个具有均匀固定孔的附加气体扩散层，该附加气体扩散层覆盖在碳纸的另一面。本实用新型燃料电池复合气体扩散层运用在燃料电池上，可以有效提高燃料电池的性能，提高燃料电池的水管理和热管理平衡，提高燃料电池的运行稳定性。
30. 2911972 复合型燃料电池双极板
CN
13.06.2007
H01M 4/86 Loading...
H01M 4/86
Loading...
200620042674.9
上海攀业氢能源科技有限公司
田丙伦
H01M 4/86
Loading...
本实用新型提供了一种复合型燃料电池双极板，它包括一片硬质石墨板、至少一片柔性石墨板和密封板条，各硬质石墨板和柔性石墨板的一个面上分别设有流场，柔性石墨板和硬质石墨板贴合相连形成复合双极板，密封板条封盖在柔性石墨板的边缘并与硬质石墨板相连。本实用新型复合型燃料电池双极板由于采用了柔性石墨板和硬质石墨板相结合的复合结构，因而兼有柔性石墨板平面导电和导热性非常好的优点和硬质石墨板可以加工较深的空气冷却流槽的优点。特别适于用作空气冷却型燃料电池双极板。
31. 1851966 Method batching processing fuel-cell graphite board flow-field
CN
25.10.2006
H01M 8/02 Loading...
H01M 8/02
Loading...
200610024840.7
Danye Hydrogen Energy-source Science-Technology Co., Ltd., Shanghai
Tian Binglun
H01M 8/02
Loading...
This invention relates to a method for processing fuel battery graphite plate flow fields in batches, which applies a horizontal miller and utilizes combined multiple round milling cutters to realize the production to reduce the cost for processing hard graphite double-pole plate.

