1. 102394924 移动通信终端装置实现联系人列表状态管理的系统及方法
CN
28.03.2012
H04L 29/08 Loading...
H04L 29/08
Loading...
201110334828.7
上海汉翔信息技术有限公司
张瞰
H04L 29/08
Loading...
本发明涉及一种基于移动通信终端装置实现联系人列表忙闲状态实时管理的系统，其中包括网络服务模块、移动通信终端装置中的应用层子系统和服务层子系统，应用层子系统包括网络连接维持模块、忙闲状态设置模块，服务层子系统包括输入功能模块、接收功能模块、显示功能模块。本发明还涉及一种利用该系统实现移动通信终端装置中联系人列表忙闲状态实时管理的方法。采用该种基于移动通信终端装置实现联系人列表忙闲状态实时管理的系统及其方法，可以根据看到对方当前显示的状态来选择是否在当前时刻联络对方，减少电话辐射，为用户在使用地址簿时带来更好的用户体验，工作性能稳定可靠，适用范围较为广泛，为移动通信技术的不断发展奠定了坚实的基础。
2. 102360249 分立式键盘布局系统和设置方法、相应的便携电子设备及控制方法
CN
22.02.2012
G06F 3/02 Loading...
G06F 3/02
Loading...
201110294783.5
上海汉翔信息技术有限公司
张瞰
G06F 3/02
Loading...
本发明涉及一种应用于便携电子设备的触摸屏中的分立式键盘布局系统，其中包括左侧主键盘区、右侧主键盘区和附加功能区，附加功能区位于左侧主键盘区和右侧主键盘区之间。本发明还涉及一种针对该系统进行键盘布局切换设置及动态缩放的方法、一种实现该分立式键盘布局系统的电子设备系统及一种基于该电子设备系统实现分立式键盘布局切换设置控制的方法。采用该种分立式键盘布局系统和设置方法、相应的便携式电子设备及控制方法，可以灵活改变键盘位置布局功能，符合人体工程学，明显降低了用户操作复杂度，解决了分立式键盘区域整体纠错的延续性问题，界面友好，实现过程简单，使用灵活高效，性能稳定可靠，适用范围较为广泛。
3. 102289512 System and method for dynamically adjusting candidate words on portable equipment based on geographical position
CN
21.12.2011
G06F 17/30 Loading...
G06F 17/30
Loading...
201110256454.1
Shanghai CooTek Information Technology Co., Ltd.
Zhang Kan
G06F 17/30
Loading...
The invention relates to a system for dynamically adjusting and inputting candidate words on portable equipment based on a geographical position. The system comprises an input module, a position updating module, a network service module, a dictionary module and a candidate word generation module and further comprises an engine module connected with the input module, the position updating module, the network service module, the dictionary module and the candidate word generation module. The invention further relates to a method for dynamically adjusting the candidate words on the portable equipment based on the geographical position by utilizing the system. According to the system and method disclosed by the invention, the engine module is capable of downloading candidate word data corresponding to current geographical position information from the network service module according to the current geographical position information received by the position updating module, storing the candidate word data in the dictionary module, and sending the candidate word information related to the current geographical position information to the candidate word generation module according to the input signal of the input module so that the candidate word information can be selected by users preferentially, therefore, great convenience is provided for users to input words and phrases related to the position; and the input speed of the portable equipment of the system is effectively increased.
4. WO/2009/127168 SYSTEM CAPABLE OF ACCOMPLISHING FLEXIBLE KEYBOARD LAYOUT
WO
22.10.2009
G06F 3/023 Loading...
G06F 3/023
Loading...
PCT/CN2009/071351
SHANGHAI HANXIANG (COOTEK) INFORMATION TECHNOLOGY CO., LTD
HUANG, Xiaofeng
G06F 3/023
Loading...
A flexible keyboard layout accomplishing system for inputting the text to the electronic device is provided. The system includes: an input module (401); a layout mapping module (402); a dictionary module (405); a candidate word module (404); and an output module (406). The system maps the user input into the character set according to the keyboard layout and forms an input sequence.
5. 101131619 Method for implementing intelligent software keyboard input on screen of electronic equipments
CN
27.02.2008
G06F 3/041 Loading...
G06F 3/041
Loading...
200710045241.8
Huang Xiaofeng
Huang Xiaofeng
G06F 3/041
Loading...
This invention relates to a kind of method of intellect software key board import electronic device screen realizing on the electronic device screen. When generating the knob contactor the key board selects the candidate import content by sensing the location of the knob contactor and changes the screen allocation automatically and displays the candidate content properly in order to help the user input it correctly; the user selects the hoped input content through the location of the moving contactor and completes the input by lifting the contactor. The method of realizing the intellect software key board import by adopting on the electronic device screen can be convenience to input the information for the electronic device screen correctly and the realization process is easy and the use method is speed and flexible and variable; combine and input the information of the location of the use's knob contactor and the lifting location of the contactor which can increase the input characters for the electronic device in the same key board range largely and enhance the fault tolerant performance largely and the work performance is stable and reliable and the use range of it is larger.
6. 101122840 Method for quickly inputting related term
CN
13.02.2008
G06F 3/048 Loading...
G06F 3/048
Loading...
200710046291.8
Huang XiaOfeng
Huang Xiaofeng
G06F 3/048
Loading...
An input method is incorporated in a word input program or a device (such as a soft/hardware keyboard and an input method), which support word input. The input method helps a user input words or phrases (such as all the tenses of a verb), which are related to a certain word or phrase easily and rapidly. Users can input the words, which connect with a certain word by some operation (such as push the buttons of software or hardware or move a screen contact) or combinations of a plurality of operations.

