1. 206052438 一种带有裁剪高韧性材料的裁刀装置的裁剪机
CN
29.03.2017
D06H 7/00 Loading...
D06H 7/00
Loading...
201620742872.X
上海和鹰机电科技股份有限公司
尹智勇
D06H 7/00
Loading...
本实用新型涉及一种带有裁剪高韧性材料的裁刀装置的裁剪机，包括多刀切布机构以及驱动多刀切布机构同步行走的行走机构；多刀切布机构包括主动轴与第一从动轴和第二从动轴上在位于连扳的内侧分别装有主切布刀、从切布刀和锯齿切布刀，在主切布刀、从切布刀和锯齿切布刀一侧的主动轴、第一从动轴和第二从动轴上分别装有主驱动带轮、第一从驱动带轮和第二从驱动带轮，在主驱动带轮与第一、二从驱动带轮之间连接有第一、二同步传动带，主动轴与驱动电机连接，在从切布刀的一侧安装有垂直切布刀；在主动轴上的另一端及靠近U形框底面的主动轴上分别安装有与齿条啮合的前行走驱动轮和后行走驱动轮。
2. 206048313 用于裁剪软性过滤材料的裁剪机
CN
29.03.2017
B26D 1/18 Loading...
B26D 1/18
Loading...
201620743883.X
上海和鹰机电科技股份有限公司
尹智勇
B26D 1/18
Loading...
本实用新型涉及一种用于裁剪软性过滤材料的裁剪机，包含裁剪台、设置在裁剪台上的行走机架、设置在行走机架上的机头、设置在机头上的裁刀机构、设置在裁剪台上的压布机构、设置在裁剪台底部的吸附装置；其中，所述裁剪台内具有腔体，且裁剪台的台面上分布有与腔体连通的气孔，吸附装置的抽气端与裁剪台内的腔体连通；所述压布机构包含设置在裁剪台上并分别位于行走机架两侧的可滑动支撑架、分布在各支撑架上的伸缩压杆、设置在各伸缩压杆端部的压板。同现有技术相比，可先由吸附装置配合压布机构同时对面料进行定位，从而使得裁刀机构在裁剪面料时，面料不会因裁刀机构在裁剪时的裁剪力而发生位移，以保证面料的精确裁剪。
3. 206052439 双头裁剪机
CN
29.03.2017
D06H 7/00 Loading...
D06H 7/00
Loading...
201620742901.2
上海和鹰机电科技股份有限公司
尹智勇
D06H 7/00
Loading...
本实用新型涉及一种裁剪设备，特别涉及一种双头裁剪机,该双头裁剪机，包含用于承载布料的裁剪台、设置在裁剪台上的行走机架、设置在裁剪台上用于带动行走机架在裁剪台上进行滑动的第一驱动装置，双头裁剪机还包含两个可滑动的设置在行走机架上的机头、设置在行走机架内用于带动两个机头在行走机架上进行同步滑动的第二驱动装置；其中，两个机头在行走机架上相互隔开，互不相连。与现有技术相比，减少了面料裁剪所需要的时间，大大的提高了裁剪效率。
4. 206052442 裁剪机的机架传动机构及裁剪机
CN
29.03.2017
D06H 7/00 Loading...
D06H 7/00
Loading...
201620890536.X
上海和鹰机电科技股份有限公司
尹智勇
D06H 7/00
Loading...
本实用新型涉及一种裁剪机设备，特别涉及一种裁剪机的机架传动机构及裁剪机，该裁剪机的机架传动机构，包含带有主动轮的主动部和带有从动轮的从动部、连接主动轮和从动轮的传动皮带；其中，主动部和从动部分别设置在裁剪机裁剪台的首尾两侧并固定在裁剪台的外围框架上，从动部包含与从动轮同轴连接的芯轴、安装在外围框架上用于固定芯轴的安装板；其中，芯轴和从动轮之间形成空套；从动部还包含安装在外围框架上并对安装板在外围框架上的位置进行限定的上导条和下导条；其中，上导条和下导条在安装到外围框架上后分别与安装板的上表面和下表面紧密贴合，使得安装板不易发生偏移，进一步保证了芯轴的固定效果。
5. 206039631 用于服装行业的成衣智能生产中心
CN
22.03.2017
G06Q 30/06 Loading...
G06Q 30/06
Loading...
202016000639146
上海和鹰机电科技股份有限公司
尹智勇
G06Q 30/06
Loading...
本实用新型涉及成衣加工领域，特别涉及一种用于服装行业的成衣智能生产中心，包含对用户进行人体进行扫描的人体扫描系统、对接收到的人体模型数据进行成衣制作的成衣制作系统、对所述成衣制作系统制作完成的成品进行存储的仓储管理系统、接收并存储人体扫描系统所上传的人体模型数据并将相应的人体模型数据发送至所述成衣制作系统的后台服务器；其中，所述人体扫描系统、所述成衣制作系统和所述仓储管理系统均与所述后台服务器无线通讯。使得成衣从开始加工到最后完成制作的整个生产过程形成一个自动化的生产线，极大的提升了成衣定制产业的自动化程度，提高成衣定制的生产效率。
6. 106182154 一种剪裁机智能磨刀系统及其智能磨刀方法
CN
07.12.2016
B26D 7/12 Loading...
B26D 7/12
Loading...
102016000555130
上海和鹰机电科技股份有限公司
尹智勇
B26D 7/12
Loading...
本发明涉及一种剪裁机智能磨刀系统及其智能磨刀方法，包括裁剪刀具、磨刀单元、成像单元和裁剪刀具换刀工步执行单元，上述单元分别通过数据线与主控制单元连接；成像单元将裁剪刀具的原始图像数据，以及裁剪过程中定时扫描获取的裁剪刀具磨损后的图像数据传送到主控制单元，主控制单元依据内置的判断处理程序将裁剪刀具的原始图像数据与裁剪刀具磨损后的图像数据进行比较，若所述比较结果达到磨刀模型数据的阈值，主控制单元发出指令驱动磨刀单元对裁剪刀具进行磨削，若比较结果达到换刀模型数据的阈值，主控制单元发出指令驱动裁剪刀具换刀工步执行单元对裁剪刀具进行更换。所述系统及方法具有结构相对简单、操作方便、使用安全可靠等特点。
7. 106192345 具有自动补正功能的多角度裁剪机
CN
07.12.2016
D06H 7/00 Loading...
D06H 7/00
Loading...
102016000555049
上海和鹰机电科技股份有限公司
尹智勇
D06H 7/00
Loading...
本发明涉及一种裁剪设备，特别涉及一种具有自动补正功能的多角度裁剪机包含：裁刀装置、驱动装置、摄像装置、主控系统；其中，裁刀装置、摄像装置、驱动装置均与主控系统电性连接。在裁剪面料前，可由摄像装置拍摄裁剪台上的面料图像，获取面料图像中预先标记的裁剪路径，并将相应的裁剪路径发送到裁剪机的主控系统中，而在裁剪时，可由主控系统根据接收到的裁剪路径控制驱动装置带动裁刀装置进行旋转，以实时改变裁刀装置在面料上的裁剪角度，以实现对不同形状料片的裁剪。同现有技术相比，工作人员无需在裁剪机的主控系统内进行编程，并同时可一次裁剪出具有不同形状的料片，使得料片在被裁剪完后无需二次加工，从而提高了裁剪机的裁剪效率。
8. 106192352 一种智能裁剪机的印花裁剪方法
CN
07.12.2016
D06H 7/16 Loading...
D06H 7/16
Loading...
102016000555033
上海和鹰机电科技股份有限公司
尹智勇
D06H 7/16
Loading...
本发明涉及一种智能裁剪机的印花裁剪方法，包括将面料放置在传送带上，由传送带通过载料床传送到裁剪刀具部位，载料床上设置有图像采集器；图像采集器对图案进行连续采集；图像采集器将采集后的图像数据传送到控制终端；控制终端通过图像处理程序拼接成完整连续的面料图像；控制终端在原有面料图像的数据的基础上叠加上背景色彩图像；控制终端对面料图像及背景色彩图像进行数据处理后，然后生成面料上的印花轮廓作为裁剪轨迹数据，控制终端输出控制指令至剪切机依据裁剪轨迹数据对面料进行剪裁。该方法可保证实际裁剪的轨迹能够匹配面料的扭曲变形状态下的印花图案轮廓，使最终裁剪出的产品符合印花图案面料的生产工艺需求。
9. 106192346 一种用裁剪机对图案进行智能裁剪的方法及其系统
CN
07.12.2016
D06H 7/00 Loading...
D06H 7/00
Loading...
102016000555110
上海和鹰机电科技股份有限公司
尹智勇
D06H 7/00
Loading...
本发明涉及一种用裁剪机对图案进行智能裁剪的方法，包含以下步骤：系统将图案布料铺设于裁剪区域，通过摄像机获取位于裁剪区域内布料实物上图案的图像，从实物图案的图像中识别出图案，并与系统内存储的图案进行对比，若系统的内存中未存储有获取图案，则可以先将中获取图案存储到系统的内存中，然后依据指令自动生成程序将图案中的线条转换为裁剪路径执行动作指令并存储器指令，系统内部储存的路径或在中新转换成选择规则选择图案中的每一条需要剪裁的线条逐一作为裁剪路径，系统沿着所述裁剪路径裁剪布料上的图案。所述方法及系统避免了裁剪下来的布料出现条纹或格子错位，保证了该布料制作的产品外观的美观。
10. 106192347 具有多档调速功能的裁剪机及裁剪机的多档裁剪方法
CN
07.12.2016
D06H 7/00 Loading...
D06H 7/00
Loading...
102016000555215
上海和鹰机电科技股份有限公司
尹智勇
D06H 7/00
Loading...
发明涉及一种裁剪机，特别涉及一种具有多档调速功能的裁剪机及裁剪机的多档裁剪方法，该裁剪机包含：裁剪装置，用于裁剪铺设在裁剪台上的面料；摄像装置，用于拍摄铺设在裁剪台上的面料，并获取当前面料图像中的数字编号；主控系统，用于存储各种类型面料的数字编号和各数字编号所对应的裁剪装置的主轴转速，并在裁剪装置对面料进行裁剪时，根据接收到的由摄像装置所上传的数字编号，在内部的存储器中寻找与该数字编号所对应的主轴转速，并在找到后调取该主轴转速对裁剪装置的主轴进行调速；其中，主控系统分别与裁剪装置和摄像装置进行通讯。使得裁剪机可以根据不同面料选择不同主轴转速，大大提高了裁剪机的工作效率。
11. 205722295 真皮裁剪机及其铺料区的机架
CN
23.11.2016
G08B 21/02 Loading...
G08B 21/02
Loading...
201620160337.3
上海和鹰机电科技股份有限公司
尹智勇
G08B 21/02
Loading...
本实用新型涉及材料裁剪领域，公开了一种真皮裁剪机及其铺料区的机架。本实用新型中，真皮裁剪机铺料区的机架，包含：铺料台、操作台、行走架、检测装置和警示装置；其中操作台内设有用于控制行走架移动的控制器，行走架架设于铺料台上方，可沿铺料台的长度方向移动；检测装置用于检测行走架移动时行进方向是否存在人体；控制器用于在检测装置检测到存在人体时发出控制信号；控制信号用于触发警示装置发出警示信息，和/或控制行走架停止移动。本实用新型实施方式中的真皮裁剪机可以在行走架移动的过程中保护操作人员及周边人员的人身安全，使得在生产自动化程度提高的同时，避免机器在生产过程中造成人员伤害，提高了生产的安全性。
12. 205703758 数控裁剪机磨刀机构的砂轮智能检测装置
CN
23.11.2016
B24B 49/00 Loading...
B24B 49/00
Loading...
201620139996.9
上海和鹰机电科技股份有限公司
尹智勇
B24B 49/00
Loading...
本实用新型涉及一种数控裁剪机磨刀机构的砂轮智能检测装置，包含用于检测磨刀机构砂轮外轮面的传感器，传感器电性连接裁剪机的主控系统，且传感器包含光线发射端和光线接收端，且光线发射端和光线接收端分别位于砂轮的两侧，并被砂轮的外轮面所遮挡。同现有技术相比，主控系统在磨刀机构完成对裁刀的研磨后打开传感器，由传感器的光线发射端向传感器的光线接收端射出光线信号，且传感器在其光线接收端接收到光线发射端所发出的光线信号后向主控系统发送报警信号，以提醒工作人员及时对砂轮进行更换，以保证砂轮只有在磨损到极限情况下才会被更换，从而有效的降低了砂轮的更换成本。
13. 205710781 真皮裁剪机的裁刀机构及真皮裁剪机
CN
23.11.2016
C14B 5/00 Loading...
C14B 5/00
Loading...
201620161175.5
上海和鹰机电科技股份有限公司
尹智勇
C14B 5/00
Loading...
本实用新型涉及一种真皮裁剪机的裁刀机构，包含裁刀本体、设置在机头上的刀柄、带动刀柄作旋转运动的第一驱动装置、带动刀柄作升降运动的第二驱动装置、设置在刀柄内与所述刀柄同轴固定的刀杆、与刀杆连接并对裁刀本体进行固定的锁紧组件；其中，裁刀本体为圆刀，而锁紧组件包含与刀杆连接的支撑部和与支撑部配合对圆刀进行锁紧的锁紧部，且锁紧部具有一根穿过支撑部并连接圆刀的销轴，且支撑部与销轴之间形成空套，且销轴在圆刀旋转时跟随圆刀一同转动。同现有技术相比，由于圆刀在裁剪皮料时是通过被动旋转的方式来裁剪皮料，因此可省去电机传动部分对圆刀的控制，在保证正常裁剪的同时，还能够简化整个裁刀机构的结构，从而降低了整机的生产成本。
14. 205718861 数控裁剪机的裁刀智能检测装置
CN
23.11.2016
G01B 11/08 Loading...
G01B 11/08
Loading...
201620139948.X
上海和鹰机电科技股份有限公司
尹智勇
G01B 11/08
Loading...
本实用新型涉及一种数控裁剪机的裁刀智能检测装置，包含用于检测裁刀磨损量的传感器，传感器电性连接裁剪机的主控系统，且传感器包含光线发射端和光线接收端，且光线发射端和光线接收端分别位于裁刀的两侧，并被裁刀的刀刃部所遮挡。同现有技术相比，主控系统在裁刀每次完成对材料的裁剪后打开传感器，由传感器的光线发射端向传感器的光线接收端射出光线信号，且传感器在其光线接收端接收到光线发射端所发出的光线信号后向主控系统发送报警信号，以提醒工作人员及时对裁刀进行更换，以保证裁刀只有在磨损到极限情况下才会被更换，从而有效的降低了裁刀的更换成本。
15. 106078845 一种用于裁剪高强度面料的裁刀刀具
CN
09.11.2016
B26D 1/14 Loading...
B26D 1/14
Loading...
201610514468.1
上海和鹰机电科技股份有限公司
尹智勇
B26D 1/14
Loading...
本发明涉及一种用于裁剪高强度面料的裁刀刀具，裁刀刀具包括左法兰盘和右法兰盘，在左法兰盘与右法兰盘相对面的外缘分别设有相对称的环形阶梯槽，在相对称的环形阶梯槽内装卡有环形刀片，在环形阶梯槽及环形刀片上分别设有位置相对应的销钉孔，在销钉孔内装有销钉，在左法兰盘与右法兰盘的中心设有轴孔，轴孔内设有键槽，轴孔及键槽与设有连接键的驱动轴连接；其中环形刀片由基体与表面复合硬质涂层构成。所述裁刀刀具具有结构相对简单、可是用于切割各种硬质布料、切割效率高、使用安全可靠等特点。由于环形刀片以聚晶立方氮化硼或聚晶金刚石为刀具基体，通过在其上设置假合金AB结合层，增强了基体与功能层之间的结合力，使用寿命大大延长。
16. 106006163 一种铺布机的防褶皱送布装置
CN
12.10.2016
B65H 47/00 Loading...
B65H 47/00
Loading...
102016000555024
上海和鹰机电科技股份有限公司
尹智勇
B65H 47/00
Loading...
本发明涉及一种铺布机的防褶皱送布装置，该装置在出布辊的前端设有与出布辊平行的压布辊，压布辊的两端通过轴承嵌装在滑块内，滑块与设置在机架的横杆端部上的滑槽滑动配合，在滑块与滑槽的端部之间设有弹簧；出布辊和/或压布辊为空心辊，空心辊的壁上均匀设置有若干个通气孔，空心辊的一端设有封堵头，空心辊的另一端通过气泵、管道与蒸汽源连接；在压布辊的表面设有防静电涂层，对应布料通过导布辊，由送布辊带动向张力辊输送，并由出布辊与压布辊之间送出。所述铺布机的整布装置具有结构相对简单、操作方便、输出布料平整、可消除布料表面的静电、使用安全可靠等特点。
17. 106006157 一种滑动式切布装置
CN
12.10.2016
B65H 35/06 Loading...
B65H 35/06
Loading...
102016000554967
上海和鹰机电科技股份有限公司
尹智勇
B65H 35/06
Loading...
本发明涉及一种铺布机的滑动式切布装置，包括双刀切布机构包括刀架，刀架的横截面呈一长边、一短边的U形框，在U形框底面设有长条形通槽，长条形通槽内设有与其滑动配合的长条形滑块，两个轴孔内分别通过轴承装有主动轴的一端和从动轴的一端，在主动轴的中部和从动轴的另一端分别通过轴承与连扳连接，主动轴与从动轴上在位于连扳的内侧分别装有主切布刀和从切布刀，主切布刀和从切布刀一侧的主动轴与从动轴上分别装有主驱动带轮和从驱动带轮，主驱动带轮与从驱动带轮之间连接有同步传动带，主动轴的一端与驱动电机连接，主动轴上分别安装有前行走驱动轮和后行走驱动轮，前行走驱动轮和后行走驱动轮分别与齿条啮合。
18. 106012479 用于裁剪高硬度面料的裁剪机
CN
12.10.2016
D06H 7/00 Loading...
D06H 7/00
Loading...
102016000555832
上海和鹰机电科技股份有限公司
尹智勇
D06H 7/00
Loading...
本发明涉及一种裁剪设备，特别涉及一种用于裁剪高硬度面料的裁剪机,包含裁剪台、可滑动的设置在裁剪台上的行走机架、可滑动的设置在行走机架上的机头，裁剪高硬度面料的裁剪机还包含设置在机头上带有震动刀的震动刀机构和带有圆刀的圆刀机构、设置在机头上用于对震动刀机构和圆刀机构进行固定的刀把、设置在机头上用于驱动刀把进行回转的驱动装置；其中，震动刀的刀刃和圆刀的刀刃始终处于同一轴线上。从而使得震动刀的运动轨迹与圆刀的运动轨迹相同，不但提高了裁剪机的裁剪效率，还保证了裁剪的精度。
19. 106019943 一种智能剪切机的模糊控制方法及其控制系统
CN
12.10.2016
G05B 13/04 Loading...
G05B 13/04
Loading...
102016000516896
上海和鹰机电科技股份有限公司
尹智勇
G05B 13/04
Loading...
本发明涉及一种智能剪切机的模糊控制方法及其控制系统，该模糊控制方法包括：获取检测到的剪切机剪切刀路径的实际输出值Yk；根据剪切机剪切刀路劲的标准值Yset和实际输出值Yk，计算控制对象的误差E和误差变化率EC；设定模糊控制器的量化论域，计算误差E的量化因子Ke和误差变化率EC的量化因子Kec；制定模糊控制规则表Fuzzytable，根据当前的误差E及其量化因子Ke、误差变化率EC及其量化因子Kec，计算输出调节增量ΔU；更新当前周期的输出控制量Uk，其中，Uk＝Uk_1+ΔU，Uk_1为上一周期的输出控制量；将输出控制量Uk输出给执行机构，对剪切机剪切刀路径进行模糊控制。本发明能够简化对模糊控制的调节，提高其通用性。
20. 106012478 裁剪机刀盘冷却装置
CN
12.10.2016
D06H 7/00 Loading...
D06H 7/00
Loading...
102016000516929
上海和鹰机电科技股份有限公司
尹智勇
D06H 7/00
Loading...
本发明涉及一种裁剪机刀盘冷却装置，包含固定在裁剪机机头上的油雾器、固定在裁剪机机头上用于将油雾器内雾化后所产生的气体输送到刀盘盒内的气体输送机构；其中，气体输送机构分别连接油雾器和刀盘盒。同现有技术相比，当裁剪机在对面料进行裁剪时，可通过油雾器对内部的油液进行雾化，并将雾化后所产生的雾气通过气体输送机构输送至刀盘盒内对刀盘盒内的裁刀进行冷却，使得整个冷却的过程主要是通过油液冷却的方式，从而在根本上解决了裁刀在裁剪面料时产生易熔着面料的现象。此外由于雾化后的油液具有较小的分子结构，从而在对裁刀进行冷却的同时，雾化后的油液又能够将迅速的沉淀在空气中，以保证不会对裁刀的裁剪造成影响。
21. 106003202 一种用于裁剪低熔点材料的裁剪技术的裁剪
CN
12.10.2016
B26D 1/18 Loading...
B26D 1/18
Loading...
102016000514500
上海和鹰机电科技股份有限公司
尹智勇
B26D 1/18
Loading...
本发明涉及一种用于裁剪低熔点材料的裁剪技术的裁剪机，裁剪机用于对低熔点布料的裁剪，在所述裁剪机的裁刀的一面或两面附近设有环形喷管，所述环形喷管在面向裁刀的一面设有喷气孔，所述环形喷管的内腔与第一导管的一端连通，所述第一导管的另一端与气泵的出气口连接，气泵的进气口与第二导管的一端连接，第二导管的另一端与制冷设备的冷气出口端连接，所述环形喷管通过连接件与裁刀架连接，在所述裁刀附近还设有红外测温传感器，所述红外测温传感器、气泵和制冷设备分别于控制器连接。所述用于裁剪低熔点材料的裁剪技术的裁剪机具有结构相对简单、冷却方便、裁刀可得到连续冷却、且冷却效率高、使用安全可靠等特点。
22. 106012477 一种带有冷却涂层的裁刀
CN
12.10.2016
D06H 7/00 Loading...
D06H 7/00
Loading...
102016000514483
上海和鹰机电科技股份有限公司
尹智勇
D06H 7/00
Loading...
本发明涉及一种带有冷却涂层的裁刀，裁刀用于对低熔点布料的裁剪，在所述裁刀的表面涂覆有氧化镁或氧化铝涂层，在所述裁刀的表面设置有若干片呈多环环形排列的散热翅片，在所述散热翅片的表面也涂覆有氧化镁或氧化铝涂层。所述带有冷却涂层的裁刀具有结构相对简单、冷却方便、裁刀可得到连续冷却、且冷却效率高、使用安全可靠等特点。
23. 205590075 多层铺布机及其自动送布装置
CN
21.09.2016
B65H 47/00 Loading...
B65H 47/00
Loading...
201521098822.4
上海和鹰机电科技股份有限公司
尹智勇
B65H 47/00
Loading...
一种自动送布装置，包括支架、送布板、夹持滚筒、送布滚筒、第一驱动器及第二驱动器，所述送布板固定在所述支架上，所述送布板倾斜设置，所述送布板与所述支架的底面的夹角呈锐角，所述第一驱动器驱动所述夹持滚筒向所述送布滚筒靠近并与送布滚筒一起夹持待铺布料，所述第二驱动器驱动所述送布滚筒转动并将所述待铺布料输送到所述送布板位置较高的一端，所述待铺布料沿所述送布板输送到所述送布板位置较低的另一端。本实用新型还公开了一种具备上述自动送布装置的多层铺布机。
24. 205590076 多层铺布机的布卷输送装置
CN
21.09.2016
B65H 47/00 Loading...
B65H 47/00
Loading...
201521099065.2
上海和鹰机电科技股份有限公司
尹智勇
B65H 47/00
Loading...
一种多层铺布机的布卷输送装置，包括机架、输送导轨、布卷输送机构、第一驱动机构及第二驱动机构，所述布卷输送机构、第一驱动机构及第二驱动机构均安装在所述机架上，所述机架安装在所述输送导轨上，所述第一驱动机构驱动所述布卷输送机构随所述机架沿输送导轨进行水平方向的往复运动，所述第二驱动机构驱动所述布卷输送机构沿所述机架进行上下往复运动，所述布卷输送机构包括一布卷承载机构及翻转机构，所述翻转机构驱动所述布卷承载机构朝预定的方向进行翻转。
25. 205589911 多层铺布机的布卷输送装置
CN
21.09.2016
B65G 35/00 Loading...
B65G 35/00
Loading...
201521098966.X
上海和鹰机电科技股份有限公司
尹智勇
B65G 35/00
Loading...
一种多层铺布机的布卷输送系统，包括机架、输送导轨、布卷输送机构、第一驱动机构、第二驱动机构及PLC，第一驱动机构包括第一驱动器、第二驱动机构包括第二驱动器，布卷输送机构包括一布卷承载机构及翻转机构，所述翻转机构包括第三驱动器，所述PLC分别与所述第一驱动器、第二驱动器及第三驱动器电气连接，所述布卷输送机构、第一驱动机构及第二驱动机构均安装在所述机架上，所述机架安装在所述输送导轨上，PLC控制所述第一驱动器驱动所述布卷输送机构随所述机架沿输送导轨进行水平方向的往复运动，PLC控制所述第二驱动器驱动所述布卷输送机构沿所述机架进行上下往复运动，PLC控制所述第三驱动器驱动所述布卷承载机构朝预定的方向进行翻转。
26. 205590730 真皮裁剪机的裁刀机构
CN
21.09.2016
C14B 5/00 Loading...
C14B 5/00
Loading...
201620161219.4
上海和鹰机电科技股份有限公司
尹智勇
C14B 5/00
Loading...
本实用新型涉及一种真皮裁剪机的裁刀机构，包含裁刀本体。该裁刀机构还包含刀杆、对裁刀本体进行固定的锁紧组件，且刀杆的底侧端面开设有一槽体，而锁紧组件具有一支撑部和锁紧部。其中，支撑部有插入刀杆槽体内的竖直段，竖直段上还设有多个调节孔，并从上至下同轴设置，而刀杆上还开设有与调节孔等大的安装孔。同现有技术相比，工作人员可在不对裁刀机构的基准高度进行校准的情况下，通过调节刀杆上的安装孔与锁紧组件上的各调节孔之间的装配关系，即可使得圆刀在裁剪不同规格的皮料时与台面之间的基准高度保持一致，从而省去了工作人员重新对裁刀机构进行校准的步骤，提高了皮料裁剪的效率。
27. 205588373 裁剪机
CN
21.09.2016
B26D 5/08 Loading...
B26D 5/08
Loading...
201620161002.3
上海和鹰机电科技股份有限公司
尹智勇
B26D 5/08
Loading...
本实用新型涉及一种裁剪机，包含裁剪台、带动机头沿裁剪台的长度方向进行直线运动的传动机构、驱动传动机构的驱动机构；其中，传动机构包含分别设置在裁剪台两侧的主动部和从动部、连接主动部和从动部的传动部。另外，裁剪机还包含设置裁剪台一侧用于容纳主动部的机壳、设置在机壳内对主动部进行定位的固定支架；其中，固定支架上开设有一槽体，且槽体具有一个暴露在固定支架外表面的槽口，而槽体内具有一个卡住主动部的卡合部，且当传动机构的主动部从槽口推入至槽体的槽底后被卡合部卡住。本实用新型中，可以将装配好的主动部直接从支架的槽口进行安装，使得主动部的安装方式较为便捷，可以节约人力物力。
28. 205590729 一种真皮裁剪机及其铺料区的投影设备
CN
21.09.2016
C14B 5/00 Loading...
C14B 5/00
Loading...
201620160946.9
上海和鹰机电科技股份有限公司
尹智勇
C14B 5/00
Loading...
本实用新型涉及材料裁剪领域，公开了一种真皮裁剪机及其铺料区的投影设备。本实用新型中，包含：投影仪、反射板和支架；反射板设置于支架顶端；投影仪设置于支架下部，用于向反射板投射图像；反射板将投影图像反射于铺料区的台面上。本实用新型实施方式提供一种裁剪机及其铺料区的投影设备，能够有效降低投影仪的高度，使得工作人员可以方便调整投影仪，且能够降低裁剪机的整体重心，使得机台能够更加稳定的运行。
29. 105946032 自动裁剪机、拾料系统、随动装置及其随动方法
CN
21.09.2016
B26D 7/00 Loading...
B26D 7/00
Loading...
201510609035.X
上海和鹰机电科技股份有限公司
尹智勇
B26D 7/00
Loading...
本发明涉及材料裁剪领域，公开了一种自动裁剪机、拾料系统、随动装置及其随动方法。本发明中，随动装置与传动拾料系统的投影控制装置电信连接，传动随动装置包含：随动部和信号发生器；传动随动部用于探测传动自动裁剪机的传动机构的运动距离与方向；传动信号发生器，用于根据传动随动部所测量到的运动距离与方向，向传动拾料系统的投影控制装置发出控制信号；其中，传动控制信号用于控制传动拾料系统的投影控制装置所投影图像移动，所移动的距离与传动传动机构传动的距离相同。使得自动裁剪机的传动机构在运动时，拾料系统的投影控制装置所投影的图像进行实时联动，从而提高自动裁剪机的自动化性能。
30. 205590077 自动铺布机及其自动理布装置
CN
21.09.2016
B65H 47/00 Loading...
B65H 47/00
Loading...
201521099088.3
上海和鹰机电科技股份有限公司
尹智勇
B65H 47/00
Loading...
一种自动理布装置，用于自动铺布机，包括理布装置、PLC、图像信息获取装置及驱动器，所述图像信息获取装置与所述PLC电气连接，所述驱动器驱动所述理布装置，所述驱动器与所述PLC电气连接；其中，所述图像信息获取装置用于对铺布台铺设的布料进行实时拍摄，并将获得的画面传送给PLC；所述PLC根据所述图像信息获取装置传送的画面信息获取相应的褶皱度值，并判断所述褶皱度值与褶皱度预设值的大小，当所述褶皱度值大于褶皱度预设值时，所述PLC向所述驱动器发出驱动控制指令；所述驱动器根据所述PLC发出的驱动控制指令，驱动理布装置完成理布。
31. 105936061 裁剪机分区吸附系统、吸附方法及裁剪机的裁剪方法
CN
14.09.2016
B26D 7/01 Loading...
B26D 7/01
Loading...
201510609299.5
上海和鹰机电科技股份有限公司
尹智勇
B26D 7/01
Loading...
本发明涉及一种裁剪机分区吸附系统，包含对裁剪机的裁剪台进行抽真空的吸附装置，裁剪台具有多个吸附区并分别通过带有电控阀的气管连接吸附装置，各电控阀分别与裁剪机的主控系统连接，而主控系统内预存有各吸附区在裁剪台上的位置。同现有技术相比，主控系统计算机头裁剪时在裁剪台上的坐标点，根据计算得到的坐标点，寻找该坐标点所匹配的吸附区在裁剪台上的位置，并在找到该吸附区的位置后，打开对应该位置用于连接吸附区和吸附装置的气管上的电控阀，从而提高了吸附装置对裁剪台的局部吸附力，以保证当前被裁剪的材料部分能够牢牢地被吸附在裁剪台上，不会被机头上的刀具带起，避免了在材料上铺设薄膜所带来的耗材投入。
32. 105922336 一种用于智能裁剪机的捡料系统及其检料方法
CN
07.09.2016
B26D 7/00 Loading...
B26D 7/00
Loading...
201510609038.3
上海和鹰机电科技股份有限公司
尹智勇
B26D 7/00
Loading...
本发明涉及自动裁剪领域，公开了一种用于智能裁剪机的捡料系统及其检料方法。本发明中的捡料系统包含：投影控制装置、第一投影显示装置和第二投影显示装置；投影控制装置，用于控制第一投影显示装置在捡拾区投影包含待分类材料图形的材料影像；用于控制第二投影显示装置在分包区投影划分分类位置的影像；其中，待分类材料图形的材料影像与其对应的分类位置的影像具有相同的标识信息。使得作业人员能够根据捡拾区以及分包区所投影影像中的标识信息，将待分类材料与分类位置相对应，操作简单便捷，降低了人为错误产生的几率。
33. 205529621 裁剪机
CN
31.08.2016
D06H 7/00 Loading...
D06H 7/00
Loading...
201620161003.8
上海和鹰机电科技股份有限公司
尹智勇
D06H 7/00
Loading...
本实用新型涉及一种裁剪机。该裁剪机包含裁剪台、支撑裁剪台的机架、对裁剪机进行控制的操作台，裁剪机还包含设置在机架上用于连接操作台的安装板。其中，安装板与操作台均位于裁剪台的同一侧，安装板与裁剪台相互平行，且操作台可滑动的与安装板固定连接，用于沿安装板的长度方向进行滑动。同现有技术相比，由于裁剪机的机架上设有用于连接操作台的安装板，且安装板与裁剪台相互平行，而操作台与安装板连接时是可滑动的，因而使得操作人员在实际操作中，可根据实际情况滑动操作台，以便于操作人员站在安装板旁边任意的位置上对操作台进行操作，从而提高了工作效率。
34. 205540229 基于互联网平台的远程控制系统
CN
31.08.2016
G05B 19/418 Loading...
G05B 19/418
Loading...
201620139975.7
上海和鹰机电科技股份有限公司
尹智勇
G05B 19/418
Loading...
本实用新型涉及自动化技术领域，公开了一种基于互联网平台的远程控制系统。本实用新型中，该系统包含：包含：远程服务器、多个裁剪机以及多个监测设备；多个监测设备分别安装于多个裁剪机；各监测设备包含主控制器与至少一个用于检测裁剪机工况的工况检测器；主控制器连接于工况检测器与远程服务器；其中，主控制器用于将工况检测器检测到的工况参数发送至远程服务器。通过上述结构，使得远程服务器远程获取监测设备自行采集的工况参数，从而及时了解裁剪机的工况，方便了对裁剪机的维护，还能降低维护成本，提高维护效率。
35. 205521681 一种真皮裁剪机及其铺料区的台面结构
CN
31.08.2016
B26D 7/20 Loading...
B26D 7/20
Loading...
201620160338.8
上海和鹰机电科技股份有限公司
尹智勇
B26D 7/20
Loading...
本实用新型涉及材料裁剪领域，公开了一种真皮裁剪机及其铺料区的台面结构。包含：台面、支架和操作台，操作台位于台面长度方向一侧；其支架由金属杆井字形排列组成，台面设置于支架上，台面所在平面与水平面呈一夹角，向操作台方向倾斜，本实用新型实施方式提供了一种真皮裁剪机及其铺料区的台面结构，能够有利于工人对待裁剪材料进行铺料，提高工人的工作效率。
36. 105897857 服装搭配的个性化智能定制方法和系统
CN
24.08.2016
H04L 29/08 Loading...
H04L 29/08
Loading...
102016000084108
上海和鹰机电科技股份有限公司
尹智勇
H04L 29/08
Loading...
本发明涉及信息技术领域，公开了一种服装搭配的个性化智能定制方法和系统。本发明中，客户端获取用户的体征信息和表征用户意愿的第一信息，并将获取的体征信息和第一信息上传至服务器；服务器根据体征信息和第一信息，为用户匹配至少一套服饰；然后服务器将匹配到的服饰传输至客户端进行显示；如果客户端接收到用户针对显示的服饰确认指令，则下单购买显示的服饰。本发明提供的方法能够根据用户的身形、喜好推荐合适的服装搭配，使用户不用花心思就能一键得到专业的搭配效果，节省了用户搭配服饰的时间。通过在客户端上对喜欢的服饰进行一键下单购买，使用户足不出户就能买到满意的服饰，既方便又能节省时间。
37. 205442199 多层铺布机的导布支架及多层铺布机
CN
10.08.2016
B65H 47/00 Loading...
B65H 47/00
Loading...
201521131390.2
上海和鹰机电科技股份有限公司
尹智勇
B65H 47/00
Loading...
本实用新型涉及布料裁剪和铺设领域，提供了一种多层铺布机的导布支架及多层铺布机。铺布机的导布支架设置于铺布机的铺布平台上靠近送布端的一侧，包括间隔设置形成间隙的第一支撑轴、第二支撑轴与用于固定第一支撑轴和第二支撑轴的固定装置；第一支撑轴、第二支撑轴相互平行且垂直于多层铺布机的送布方向，多层铺布机所送出的布料穿过间隙后传送至远离送布端的一侧，且布料的上表面和下表面穿设于第一支撑轴与第二支撑轴的间隙时，分别与第一支撑轴和所述第二支撑轴的表面相互接触。通过导布支架的支撑轴将布料压平后输送至持布端，减少了单层铺布的麻烦，也防止了布料表面起皱而影响裁剪。
38. 205437323 用于数控裁剪机的滑块装置
CN
10.08.2016
B23D 33/00 Loading...
B23D 33/00
Loading...
202015001099072
上海和鹰机电科技股份有限公司
尹智勇
B23D 33/00
Loading...
一种用于数控裁剪机的滑块装置，包括导套、拉杆、刀柄轴、滑块及裁刀，所述拉杆一端与刀柄轴相连，刀柄轴的另一端与滑块装置的一端以仅可在水平方向360度转动的方式活动连接，裁刀固定安装在滑块的另一端，所述滑块为钢制分体式滑块，包括第一子滑块和第二子滑块，第一子滑块与第二子滑块相对的内侧对应所述刀柄轴与滑块相连的一端设置有第一收容空间，第一子滑块与第二子滑块相对的内侧对应所述裁刀与所述滑块相连的一端设置有第二收容空间，刀柄轴与所述滑块相连的一端收容于第一收容空间，裁刀与滑块相连的一端收容于第二收容空间，导套沿长度方向设置有通孔，通孔的形状与滑块的形状相适应，滑块以仅可在竖直方向往复运动的方式收容于通孔内。
39. 205443341 数控裁剪机
CN
10.08.2016
C14B 5/00 Loading...
C14B 5/00
Loading...
202015001099040
上海和鹰机电科技股份有限公司
尹智勇
C14B 5/00
Loading...
一种数控裁剪机，包括裁剪台、裁剪机头、将表示裁剪信息的图像投影到裁剪台上的被裁剪材料的投影装置，检测装置、数据处理装置、控制装置以及校正装置，检测装置与数据处理装置相连，数据处理装置与控制装置相连，控制装置与校正装置相连；其中，检测装置用于测量被裁剪材料的厚度值，并把所述被裁剪材料的厚度值传送给数据处理装置；所述数据处理装置用来将检测装置测量得到的被裁剪材料的厚度值与其预设厚度值进行比较，并把比较结果传送给控制装置；所述控制装置根据所述比较结果传送控制指令给所述校正装置；所述校正装置完成对被投影的图像的尺寸校正，以使由投影装置投影的图像的尺寸与被裁剪材料的厚度无关而恒定。
40. 205442135 布卷输送机构
CN
10.08.2016
B65H 19/12 Loading...
B65H 19/12
Loading...
201521099002.7
上海和鹰机电科技股份有限公司
尹智勇
B65H 19/12
Loading...
一种布卷输送机构，包括布卷承载机构及翻转机构，所述布卷承载机构与所述翻转机构活动连接，所述翻转机构驱动所述布卷承载机构朝预定的方向进行翻转。本实用新型布卷输送机构通过一翻转机构驱动布卷承载机构朝预定的方向进行翻转，从而实现布卷可以方便、快速地被输送到多层铺布机的摇篮中，在提升布卷输送效率的同时，也避免了摇篮被破坏等问题。
41. 205449122 读皮机的传感器支架和读皮机
CN
10.08.2016
G01D 11/30 Loading...
G01D 11/30
Loading...
201521105521.X
上海和鹰机电科技股份有限公司
尹智勇
G01D 11/30
Loading...
本实用新型涉及布料剪裁与检测领域，公开了一种读皮机的传感器支架和读皮机，该读皮机的传感器支架，设置在读皮机本体上，包括顶梁和连接组件，顶梁用于安装传感器，连接组件用于连接所述顶梁与读皮机本体，顶梁能够通过所述连接组件相对所述读皮机本体翻转，并且，在顶梁的翻转过程中所能够达到的位置范围涵盖第一预设位置区间和第二预设位置区间，其中，第一预设位置区间为传感器工作时顶梁的所处位置区间，第二预设位置区间为对传感器进行调整时顶梁的所处位置。不但方便了对传感器的维护并提高了维护效率，而且防止了铺皮台和传送带的损坏。
42. 205443736 多层铺布机和多层铺布系统
CN
10.08.2016
D06H 7/02 Loading...
D06H 7/02
Loading...
201521133479.2
上海和鹰机电科技股份有限公司
尹智勇
D06H 7/02
Loading...
本实用新型涉及服装机械技术领域，公开了一种多层铺布机和多层铺布系统，多层铺布机包含送布装置和设于送布装置的布料出口侧的铺布装置。送布装置包括N个设有布卷的送布摇篮，N大于或等于2，送布摇篮能够带动布卷旋转并送出布料；铺布装置包括布床，布床上设置有包括裁刀的拉布机头以及持布机头。各布卷中拉出的布料的头端连接至拉布机头，布卷旋转送布，拉布机头将布料拉至持布机头并交由持布机头夹持后，向靠近送布装置的方向运动，直至拉布机头与持布机头的距离达到所需的铺布长度，裁刀裁切所述布料，得到布匹。通过上述结构，可以同时进行多层送布及多层裁剪，还可以有效防止布料在送布过程中被拉扯，从而有效提高生产效率和布匹质量。
43. 205442150 再覆盖膜装置及具有该装置的数控裁剪机
CN
10.08.2016
B65H 20/30 Loading...
B65H 20/30
Loading...
202015001098802
上海和鹰机电科技股份有限公司
尹智勇
B65H 20/30
Loading...
一种再覆盖膜装置，用于数控裁剪机，所述的数控裁剪机包括机头行走机构、拾料区和裁剪区，该再覆盖膜装置包括一用于固定再覆盖膜一端的卷膜固定机构及一卷膜输送同步调整机构，所述卷膜固定机构设置在拾料区邻近裁剪区的一侧，卷膜输送同步调整机构固定连接在机头行走机构面向拾料区的一侧，卷膜输送同步调整机构随机头行走机构同步运动并进行再覆盖膜的输送，卷膜输送同步调整机构包括一用于缠绕再覆盖膜的卷膜滚筒，当卷膜滚筒送膜长度大于机头行走机构的行走距离时，卷膜输送同步调整机构吸收送膜余量，当卷膜滚筒送膜长度小于机头行走机构的行走距离时，卷膜输送同步调整机构释放送膜余量，其中，送膜余量为送膜长度与行走距离差值的绝对值。
44. 105787659 一种智能调度方法
CN
20.07.2016
G06Q 10/06 Loading...
G06Q 10/06
Loading...
102016000102220
上海和鹰机电科技股份有限公司
尹智勇
G06Q 10/06
Loading...
本发明涉及智能调度领域，公开了一种智能调度方法。本发明中，智能调度方法，包含以下步骤：在收到客户的服务请求信息后，获取各个工程师的个人信息与位置信息以及客户的位置信息，根据所述服务请求信息、各个工程师的个人信息、位置信息以及所述客户的位置信息，查找出符合客户服务请求且符合预设的分配策略的工程师的个人信息，作为查找结果；再根据查找结果，为客户分配工程师。与现有技术相比，可以根据需要售后服务的客户的位置信息、服务请求以及预设的分配策略为工程师分配售后服务任务，自动化程度高，对售后服务工程师的调度更加简单方便，提高售后服务的工作效率。
45. 105787779 基于互联网平台的远程控制方法
CN
20.07.2016
G06Q 30/06 Loading...
G06Q 30/06
Loading...
102016000103684
上海和鹰机电科技股份有限公司
尹智勇
G06Q 30/06
Loading...
本发明涉及远程控制领域，公开了一种基于互联网平台的远程控制方法。本发明中，基于互联网平台的远程控制方法，包含以下步骤：实时获取控制目标的位置信息；根据该位置信息判断控制目标的位置是否超出预设的授权区域；若是，则通过互联网锁定控制目标；其中，控制目标在锁定状态下被禁止运行。相对于现有技术，使得控制目标的占有权、使用状况可以得以控制，防止控制目标被非法占有、使用，降低了商家的风险，有利于降低商家的经济损失；同时通过互联网远程对控制目标进行控制，避免了权限管理人员与买家或者租户的直接接触，保障了管理人员的人身安全。
46. 205381773 铺布机摇篮皮带的防跑偏装置、送布摇篮和铺布机
CN
13.07.2016
B65H 16/02 Loading...
B65H 16/02
Loading...
201521134396.5
上海和鹰机电科技股份有限公司
尹智勇
B65H 16/02
Loading...
本实用新型涉及服装机械技术领域，提供了一种铺布机摇篮皮带的防跑偏装置。设置于铺布机的送布摇篮上，包括M根支撑轴和分别套于每根支撑轴上的N节套柱，M和N均为大于或等于2的自然数，其中，每相邻的两根支撑轴之间通过皮带传动连接，且皮带套于套柱上；布卷放置于所述送布摇篮上，所述支撑轴能够沿自身轴线旋转并经由所述皮带带动所述布卷旋转。通过在送布摇篮的支撑轴上设置套柱，且将皮带套设于套柱上，增加了皮带与支撑轴之间的摩擦力，使皮带在传送过程中与支撑轴保持稳定，防止产生打滑或者跑偏。由于单颗套柱的尺度小，易于加工，相对于用车床车出的整根支撑轴而言成本更加低廉，在径向上的圆度也更好。
47. 105761012 基于互联网平台的资源调配方法
CN
13.07.2016
G06Q 10/06 Loading...
G06Q 10/06
Loading...
201610102140.9
上海和鹰机电科技股份有限公司
尹智勇
G06Q 10/06
Loading...
本发明涉及资源调配领域，公开了一种基于互联网平台的资源调配方法。本发明中，基于互联网平台的资源调配方法包含以下步骤：远程采集N个设备的工况数据；其中，N为大于1的自然数；根据所述工况数据与预设的调整策略，重新分配各个设备的生产任务；将分配的各个设备的生产任务通过互联网发送至各个设备的用户的信息接收装置。与现有技术相比，便于根据设备的工况，合理分配各个设备的生产任务，避免浪费资源，提高各个设备的利用效率。
48. 105761127 一种基于体征信息的服装样式智能匹配方法和系统
CN
13.07.2016
G06Q 30/06 Loading...
G06Q 30/06
Loading...
102016000082962
上海和鹰机电科技股份有限公司
尹智勇
G06Q 30/06
Loading...
本发明涉及信息技术领域，公开了一种基于体征信息的服装样式智能匹配方法和系统。本发明中的基于体征信息的服装样式智能匹配方法，其特征在于，包含以下步骤：A.预设各服装单品的搭配方案；B.根据来自用户的体征信息，从预设的服饰数据库中查找与体征信息对应的第一单品；C.根据搭配方案获取与第一单品搭配的第二单品；D.如果获取到的各单品不能组成成套服装，则根据搭配方案继续获取与第一单品搭配的其他单品，直至获取到的各单品能够组成成套服装。本发明实施方式通过预设的体征信息与服饰单品的匹配关系，以及单品间的搭配方案，实现为用户提供合适的、已搭配的服饰，方便快捷。
49. 205381804 自动铺布机及其自动理布装置
CN
13.07.2016
B65H 47/00 Loading...
B65H 47/00
Loading...
201521099108.7
上海和鹰机电科技股份有限公司
尹智勇
B65H 47/00
Loading...
一种自动理布装置，安装在自动铺布机的刀架上，包括驱动件，驱动连接臂、转轴、第一摆臂、第二摆臂及理布件，所述驱动连接臂一端固定套设在转轴的一端，所述转轴通过设置在刀架上的复数个支撑座支撑在刀架上，转轴与支撑架之间转动连接，第一摆臂的一端固定连接在所述转轴上，第一摆臂的另一端与第二摆臂的一端活动连接，第二摆臂可绕第一摆臂与第二摆臂的连接点转动，第二摆臂的另一端与理布件连接，驱动件驱动所述驱动连接臂发生转动，所述驱动件通过驱动连接臂、转轴、第一摆臂以及第二摆臂的联动驱动所述理布件在理布位置和收起位置之间往复切换。本实用新型还公开一种具有上述自动里布装置的自动铺布机。
50. 205380721 一种裁剪机的材料捡拾区校准系统及材料捡拾系统
CN
13.07.2016
B26D 7/32 Loading...
B26D 7/32
Loading...
201521133919.4
上海和鹰机电科技股份有限公司
尹智勇
B26D 7/32
Loading...
本实用新型涉及自动校准领域，公开了一种裁剪机的材料捡拾区校准系统、捡拾系统及其校准方法。本实用新型中包含：投影仪、光线传感器和控制器；投影仪设置于捡拾区上方，用于向捡拾区投射边界影像；光线传感器设置于捡拾区边界，光线传感器至少有三个，不同的光线传感器设置在捡拾区的不同边界位置上，用于检测光线亮度，并在所检测到的光线亮度超过预设值时，向控制器发射信号；控制器用于调整投影仪的投射方向，直至收到来自所有光线传感器的信号。本实用新型实施方式能够精确、可靠地实现裁剪机的材料捡拾区的校准，即捡拾区实际边界位置和投影仪向捡拾区投射的全部边界影像能够准确对应，减少了因为捡拾区边界位置未校准而产生的问题。
51. 205382181 读皮机的上料隔挡装置和读皮机
CN
13.07.2016
C14B 17/06 Loading...
C14B 17/06
Loading...
201521077089.8
上海和鹰机电科技股份有限公司
尹智勇
C14B 17/06
Loading...
本实用新型涉及裁剪设备技术领域，公开了一种读皮机的上料隔挡装置，设置在读皮机上，包括隔挡组件，所述隔挡组件位于所述读皮机上料轴的一侧，且所述隔挡组件与所述上料轴之间预留有用于通过皮料的间隔。通过在读皮机上设置上料隔挡装置，在皮料通过上料轴时对皮料的运动起到隔挡和抚平的作用，有效地防止了皮料的起皱和错位。因此通过该上料隔挡装置可以使皮料平整地输送至铺皮台，省去了人工抚平的操作，提高了皮料的检测效率。
52. 205381793 多层铺布机的同步传动装置、送布摇篮及多层铺布机
CN
13.07.2016
B65H 26/00 Loading...
B65H 26/00
Loading...
201521134398.4
上海和鹰机电科技股份有限公司
尹智勇
B65H 26/00
Loading...
本实用新型涉及服装机械技术领域，公开了一种多层铺布机的同步传动装置、送布摇篮及多层铺布机，该多层铺布机的同步传动装置设置于多层铺布机的各个送布摇篮上，包括：用于监测布料的送出效率的传感模块和与传感模块通信连接的控制模块，其中，控制模块与送布摇篮的送布动力机构通信连接；传感模块根据检测到的布料送出效率向控制模块发送调整信号，控制模块根据接收到的调整信号向送布动力机构发送动力信号，送布动力机构根据动力信号调整送布速度。同现有技术相比，可以对多层布料在铺设过程中的传送速度进行控制，确保多层铺布机在铺布的过程中，送布摇篮的送布速度与拉布机头的拉布速度相互匹配。
53. 205381805 多层铺布机的对边装置、送布装置和多层铺布机
CN
13.07.2016
B65H 47/00 Loading...
B65H 47/00
Loading...
201521134401.2
上海和鹰机电科技股份有限公司
尹智勇
B65H 47/00
Loading...
本实用新型涉及服装机械技术领域，公开了一种多层铺布机的对边装置、送布装置和多层铺布机。对边装置包括：布料感应传感器和动力装置，动力装置与布料感应传感器通信连接，与送布摇篮传动连接；布料感应传感器的感应区域位于送布摇篮的送布出口处且临近布料的侧边缘；布料感应传感器检测布料的侧边缘位置并向动力装置发送感应信号；动力装置根据感应信号调整送布摇篮在轴向上的位置。通过上述装置，可以实时、自行检测并调整布料在送布过程的边缘位置，从而有效提高生产效率和布匹的合格率。
54. 205368403 读皮机的送料装置与读皮机
CN
06.07.2016
C14B 17/06 Loading...
C14B 17/06
Loading...
201521080943.6
上海和鹰机电科技股份有限公司
尹智勇
C14B 17/06
Loading...
本实用新型涉及布料剪裁与铺设领域，提供了一种读皮机的送料装置和读皮机，该送料装置设置在读皮机上，包括平行设置的第一上料轴、第二上料轴以及两端分别绕于所述第一上料轴和第二上料轴的传送带，所述第一上料轴能够沿自身轴线旋转并带动所述传送带做送料运动；其中，所述第一上料轴与所述传送带的接触部位设有若干个第一防滑机构。本实用新型通过在读皮机的上料轴上设置用以防止传送带与上料轴打滑的防滑机构，保证了传送的稳定性，且有效地防止了皮料在传输过程中出现翻卷、起皱等现象而影响皮料的检测效率。
55. 103909447 砂带磨刀装置
CN
29.06.2016
B24B 3/00 Loading...
B24B 3/00
Loading...
102012000594283
上海和鹰机电科技股份有限公司
尹智勇
B24B 3/00
Loading...
本发明公开了一种砂带磨刀装置，其包括一电机、上、下壳体；在上、下壳体上分别设有上、下砂带机构；上砂带机构包括若干第一砂带滚轮和第二砂带滚轮；在对应的第一、第二砂带滚轮上套设有一上砂带；下砂带机构包括若干第三砂带滚轮和第四砂带滚轮；在对应的第三、第四砂带滚轮上套设有一下砂带；用于将所述上砂带和下砂带的磨刀面支撑起以形成一磨刀角的支撑机构；电机与第一砂带滚轮通过连杆机构连接。本发明中的砂带磨刀装置结构紧凑，提高了磨刀的锋利度，便于调刀。此外，合理地利用了电机正反转时的输出功，实现磨刀和裁剪这两个动作，提高了裁剪设备的工作效率和保证了裁剪质量。
56. 105677554 基于互联网平台的远程维护方法
CN
15.06.2016
G06F 11/34 Loading...
G06F 11/34
Loading...
201610102165.9
上海和鹰机电科技股份有限公司
尹智勇
G06F 11/34
Loading...
本发明涉及自动化技术领域，公开了一种基于互联网平台的远程维护方法。本发明中，该方法用于远程维护至少一剪裁机，包含以下步骤：安装于所述裁剪机的主控设备将获取的所述裁剪机的多个工况参数发送至远程服务器；所述远程服务器根据工况参数与故障条件的预设对应关系，判断是否存在满足故障条件的工况参数；若存在满足故障条件的工况参数，则所述远程服务器产生报警信号；所述远程服务器提供维修请求界面，以接收维护人员输入的维修信息；所述远程服务器将所述维修信息反馈至所述主控设备。通过上述方法，远程服务器远程获取裁剪机自行采集的工况参数，还能够获取维护人员发送的维修信息，方便了对裁剪机的维护，从而降低维护成本，提高维护效率。
57. 105629938 易损件的智能监测方法
CN
01.06.2016
G05B 19/418 Loading...
G05B 19/418
Loading...
201610102161.0
上海和鹰机电科技股份有限公司
尹智勇
G05B 19/418
Loading...
本发明涉及自动化技术领域，公开了一种易损件的智能监测方法。本发明中，应用于包含易损件的裁剪设备，该方法包含以下步骤：获取易损件的多个工况参数；根据工况参数与预警条件的预设对应关系，判断是否存在满足预警条件的工况参数；若存在满足预警条件的工况参数，则产生预警信息。通过上述方法，使得通过实时监测易损件，能够及时发现需要重点关注的易损件，从而能够及时提醒维护人员对该易损件进行检查维护；而且，监测过程无需人工参与，从而减少人工成本，提高工作效率。
58. 105600577 自动铺布机及其自动理布装置
CN
25.05.2016
B65H 47/00 Loading...
B65H 47/00
Loading...
201510991490.0
上海和鹰机电科技股份有限公司
尹智勇
B65H 47/00
Loading...
一种自动理布装置，用于自动铺布机，包括理布装置、PLC、图像信息获取装置及驱动器，所述图像信息获取装置与所述PLC电气连接，所述驱动器驱动所述理布装置，所述驱动器与所述PLC电气连接；其中，所述图像信息获取装置用于对铺布台铺设的布料进行实时拍摄，并将获得的画面传送给PLC；所述PLC根据所述图像信息获取装置传送的画面信息获取相应的褶皱度值，并判断所述褶皱度值与褶皱度预设值的大小，当所述褶皱度值大于褶皱度预设值时，所述PLC向所述驱动器发出驱动控制指令；所述驱动器根据所述PLC发出的驱动控制指令，驱动理布装置完成理布。
59. 105603131 真皮裁剪机的裁刀机构及真皮裁剪机
CN
25.05.2016
C14B 5/00 Loading...
C14B 5/00
Loading...
201610119390.3
上海和鹰机电科技股份有限公司
尹智勇
C14B 5/00
Loading...
本发明涉及一种真皮裁剪机的裁刀机构，包含裁刀本体、设置在机头上的刀柄、带动刀柄作旋转运动的第一驱动装置、带动刀柄作升降运动的第二驱动装置、设置在刀柄内与所述刀柄同轴固定的刀杆、与刀杆连接并对裁刀本体进行固定的锁紧组件；其中，裁刀本体为圆刀，而锁紧组件包含与刀杆连接的支撑部和与支撑部配合对圆刀进行锁紧的锁紧部，且锁紧部具有一根穿过支撑部并连接圆刀的销轴，且支撑部与销轴之间形成空套，且销轴在圆刀旋转时跟随圆刀一同转动。同现有技术相比，由于圆刀在裁剪皮料时是通过被动旋转的方式来裁剪皮料，因此可省去电机传动部分对圆刀的控制，在保证正常裁剪的同时，还能够简化整个裁刀机构的结构，从而降低了整机的生产成本。
60. 105550897 一种基于快速成衣系统实现健康监控的方法及其系统
CN
04.05.2016
G06Q 30/02 Loading...
G06Q 30/02
Loading...
201510908958.5
上海和鹰机电科技股份有限公司
尹智勇
G06Q 30/02
Loading...
本发明涉及信息技术领域，公开了一种基于快速成衣系统实现健康监控的方法及其系统。本发明中，基于快速成衣系统实现健康监控的方法包含以下步骤：S1.接收来自智能扫描终端的人体数据；S2.比对所获得的人体数据与预定范围；S3.根据比对结果，向预定终端发送包含对应的身体健康状态的信息。其中，人体数据至少包含人体的外轮廓尺寸和/或体重；预定范围根据所述快速成衣系统的人体数据库的平均值设定。通过上述方法，可以实现即时记录人体数据，方法简单、方便、高效，从而可以实现监控用户的健康状态，进而及时提醒并帮助用户。
61. 105550920 一种服装定制的方法及其装置
CN
04.05.2016
G06Q 30/06 Loading...
G06Q 30/06
Loading...
201510908491.4
上海和鹰机电科技股份有限公司
尹智勇
G06Q 30/06
Loading...
本发明涉及数据处理技术领域，公开了一种服装定制的方法及其装置。本发明中的服装定制的方法包含以下步骤：S1.调取用户的人体模型；S2.根据用户选取的服装款式生成对应用户的人体模型尺寸的虚拟服装；S3.利用人体模型和虚拟服装生成虚拟影像；S4.根据用户提交的订单生成待生产的服装样片；其中，订单包含用户所选的服装款式和人体的外轮廓尺寸，外轮廓尺寸和人体模型对应。本发明相对于现有技术而言，使得可以实现数字化服装定制过程，从而缩短定制周期，降低成本，利于广泛推广。
62. 105550898 一种基于快速成衣系统实现成长监控的方法及其系统
CN
04.05.2016
G06Q 30/02 Loading...
G06Q 30/02
Loading...
201510909001.2
上海和鹰机电科技股份有限公司
尹智勇
G06Q 30/02
Loading...
本发明涉及信息技术领域，公开了一种基于快速成衣系统实现成长监控的方法及其系统。本发明中，基于快速成衣系统实现成长监控的方法包含以下步骤：首先，接收来自智能扫描终端的人体数据，然后，存储接收到的人体数据与扫描时用户的年龄，最后，按照不同的用户分别汇总所存储的人体数据，获得各用户的成长数据库。其中，上述人体数据至少包含人体的外轮廓尺寸和/或体重。通过上述方法，可以实现即时记录人体数据，方法简单、方便、高效，从而可以实现监控用户的身体状态，了解用户的成长趋势，进而及时提醒并帮助用户。
63. 105538396 裁剪机的材料捡拾区校准系统、捡拾系统及其校准方法
CN
04.05.2016
B26D 7/32 Loading...
B26D 7/32
Loading...
201511024302.3
上海和鹰机电科技股份有限公司
尹智勇
B26D 7/32
Loading...
本发明涉及自动校准领域，公开了一种裁剪机的材料捡拾区校准系统、捡拾系统及其校准方法。本发明中包含：投影仪、光线传感器和控制器；投影仪设置于捡拾区上方，用于向捡拾区投射边界影像；光线传感器设置于捡拾区边界，光线传感器至少有三个，不同的光线传感器设置在捡拾区的不同边界位置上，用于检测光线亮度，并在所检测到的光线亮度超过预设值时，向控制器发射信号；控制器用于调整投影仪的投射方向，直至收到来自所有光线传感器的信号。本发明实施方式能够精确、可靠地实现裁剪机的材料捡拾区的校准，即捡拾区实际边界位置和投影仪向捡拾区投射的全部边界影像能够准确对应，减少了因为捡拾区边界位置未校准而产生的问题。
64. 205167025 裁剪机分区吸附系统及裁剪机
CN
20.04.2016
B26D 7/01 Loading...
B26D 7/01
Loading...
201520742151.4
上海和鹰机电科技股份有限公司
尹智勇
B26D 7/01
Loading...
本实用新型涉及一种裁剪机分区吸附系统，包含对裁剪机的裁剪台进行抽真空的吸附装置，该裁剪台具有多个对铺设在裁剪台上的材料进行吸附的吸附区；且每个吸附区均为一个独立的区域并分别通过带有电控阀的气管连接吸附装置，各电控阀分别与所述裁剪机的主控系统连接，其中，主控系统与裁剪机的机头电性连接，且主控系统在机头运动至所述裁剪台相应的吸附区时，打开机头当前所在的吸附区所对应的电控阀。同现有技术相比，可由主控系统打开裁剪台相应位置的吸附区所对应气管上的电控阀，以此实现真空吸附装置对裁剪台的局部吸附，从而减小了裁剪台吸附区域的面积，提高了吸附装置对裁剪台的局部吸附力，避免了在材料上铺设薄膜所带来的耗材投入。
65. 205167052 自动裁剪机、拾料系统及其随动装置
CN
20.04.2016
B26D 7/32 Loading...
B26D 7/32
Loading...
201520739119.0
上海和鹰机电科技股份有限公司
尹智勇
B26D 7/32
Loading...
本实用新型涉及材料裁剪领域，公开了一种自动裁剪机、拾料系统及其随动装置。本实用新型中，随动装置与拾料系统的投影控制装置电信连接，随动装置包含：滚筒部、第一转轴和信号发生器；滚筒部压于自动裁剪机的传动机构上，传动机构在传动时，带动滚筒部；滚筒部通过第一转轴与信号发生器连接，滚筒部在转动时通过第一转轴触发信号发生器；信号发生器，用于向拾料系统的投影控制装置发出控制信号；控制信号用于控制投影显示装置所投影图像移动，所移动的距离与传动机构传动的距离相同。使得自动裁剪机的传动机构在运动时，所投影的图像实时联动。
66. 105480775 自动铺布机及其自动理布装置
CN
13.04.2016
B65H 47/00 Loading...
B65H 47/00
Loading...
201510991398.4
上海和鹰机电科技股份有限公司
尹智勇
B65H 47/00
Loading...
一种自动理布装置，安装在自动铺布机的刀架上，包括驱动件，驱动连接臂、转轴、第一摆臂、第二摆臂及理布件，所述驱动连接臂一端固定套设在转轴的一端，所述转轴通过设置在刀架上的复数个支撑座支撑在刀架上，转轴与支撑架之间转动连接，第一摆臂的一端固定连接在所述转轴上，第一摆臂的另一端与第二摆臂的一端活动连接，第二摆臂可绕第一摆臂与第二摆臂的连接点转动，第二摆臂的另一端与理布件连接，驱动件驱动所述驱动连接臂发生转动，所述驱动件通过驱动连接臂、转轴、第一摆臂以及第二摆臂的联动驱动所述理布件在理布位置和收起位置之间往复切换。本发明还公开一种具有上述自动里布装置的自动铺布机。
67. 105480777 多层铺布机的布卷输送装置
CN
13.04.2016
B65H 47/00 Loading...
B65H 47/00
Loading...
201510991462.9
上海和鹰机电科技股份有限公司
尹智勇
B65H 47/00
Loading...
一种多层铺布机的布卷输送装置，包括机架、输送导轨、布卷输送机构、第一驱动机构及第二驱动机构，所述布卷输送机构、第一驱动机构及第二驱动机构均安装在所述机架上，所述机架安装在所述输送导轨上，所述第一驱动机构驱动所述布卷输送机构随所述机架沿输送导轨进行水平方向的往复运动，所述第二驱动机构驱动所述布卷输送机构沿所述机架进行上下往复运动，所述布卷输送机构包括一布卷承载机构及翻转机构，所述翻转机构驱动所述布卷承载机构朝预定的方向进行翻转。
68. 105480774 多层铺布机及其自动送布装置
CN
13.04.2016
B65H 47/00 Loading...
B65H 47/00
Loading...
201510991199.3
上海和鹰机电科技股份有限公司
尹智勇
B65H 47/00
Loading...
一种自动送布装置，包括支架、送布板、夹持滚筒、送布滚筒、第一驱动器及第二驱动器，所述送布板固定在所述支架上，所述送布板倾斜设置，所述送布板与所述支架的底面的夹角呈锐角，所述第一驱动器驱动所述夹持滚筒向所述送布滚筒靠近并与送布滚筒一起夹持待铺布料，所述第二驱动器驱动所述送布滚筒转动并将所述待铺布料输送到所述送布板位置较高的一端，所述待铺布料沿所述送布板输送到所述送布板位置较低的另一端。本发明还公开了一种具备上述自动送布装置的多层铺布机。
69. 105480776 多层铺布机的送布控制系统及方法
CN
13.04.2016
B65H 47/00 Loading...
B65H 47/00
Loading...
201510991428.1
上海和鹰机电科技股份有限公司
尹智勇
B65H 47/00
Loading...
一种多层铺布机的送布控制系统，包括编码器、PLC、伺服电机及一检测装置，所述编码器、伺服电机以及检测装置分别与PLC电气连接；其中，编码器用于测量铺布时铺布面料的速度，并把所述速度信息转化成电信号后传送给PLC；PLC将编码器根据其测量的铺布面料的速度信息以及伺服电机的参数，将所述速度信息换算成伺服电机对应的转速，PLC向伺服电机发送控制指令，使伺服电机以所述转速进行转动；所述伺服电机用于驱动铺布机的摇篮进行送布；所述检测装置用于获取送布面料在摇篮预松槽中的位置信息，并将该位置信息传送给PLC，所述PLC根据所述位置信息控制伺服电机加速、减速或者转速不变。本发明还公开一种多层铺布机的送布控制方法。
70. 105483296 数控裁剪机
CN
13.04.2016
C14B 5/00 Loading...
C14B 5/00
Loading...
201510991427.7
上海和鹰机电科技股份有限公司
尹智勇
C14B 5/00
Loading...
一种数控裁剪机，包括裁剪台、裁剪机头、将表示裁剪信息的图像投影到裁剪台上的被裁剪材料的投影装置，检测装置、数据处理装置、控制装置以及校正装置，检测装置与数据处理装置相连，数据处理装置与控制装置相连，控制装置与校正装置相连；其中，检测装置用于测量被裁剪材料的厚度值，并把所述被裁剪材料的厚度值传送给数据处理装置；所述数据处理装置用来将检测装置测量得到的被裁剪材料的厚度值与其预设厚度值进行比较，并把比较结果传送给控制装置；所述控制装置根据所述比较结果传送控制指令给所述校正装置；所述校正装置完成对被投影的图像的尺寸校正，以使由投影装置投影的图像的尺寸与被裁剪材料的厚度无关而恒定。
71. 105447721 一种基于快速成衣系统的原材料推送的方法及其装置
CN
30.03.2016
G06Q 30/02 Loading...
G06Q 30/02
Loading...
201510908516.0
上海和鹰机电科技股份有限公司
尹智勇
G06Q 30/02
Loading...
本发明涉及信息技术领域，公开了一种基于快速成衣系统的原材料推送的方法及其装置。本发明中，基于快速成衣系统的原材料推送的方法包含以下步骤：S1.提取预定时间内的快速成衣系统中的所有成交订单中成交品的原材料信息；S2.统计并汇总提取到的原材料信息；S3.将汇总内容推送给原材料供应商。通过上述方法及装置，可以统筹安排所有原材料的生产，条理清楚，从而减少成衣周期。
72. 105442295 多层铺布机和多层铺布系统
CN
30.03.2016
D06H 7/02 Loading...
D06H 7/02
Loading...
201511024888.3
上海和鹰机电科技股份有限公司
尹智勇
D06H 7/02
Loading...
本发明涉及服装机械技术领域，公开了一种多层铺布机和多层铺布系统，多层铺布机包含送布装置和设于送布装置的布料出口侧的铺布装置。送布装置包括N个设有布卷的送布摇篮，N大于或等于2，送布摇篮能够带动布卷旋转并送出布料；铺布装置包括布床，布床上设置有包括裁刀的拉布机头以及持布机头。各布卷中拉出的布料的头端连接至拉布机头，布卷旋转送布，拉布机头将布料拉至持布机头并交由持布机头夹持后，向靠近送布装置的方向运动，直至拉布机头与持布机头的距离达到所需的铺布长度，裁刀裁切所述布料，得到布匹。通过上述结构，可以同时进行多层送布及多层裁剪，还可以有效防止布料在送布过程中被拉扯，从而有效提高生产效率和布匹质量。
73. 205077303 裁剪机
CN
09.03.2016
D06H 7/00 Loading...
D06H 7/00
Loading...
201520743292.8
上海和鹰机电科技股份有限公司
尹智勇
D06H 7/00
Loading...
本实用新型涉及皮革、面料等的裁剪技术领域，公开了一种裁剪机。该裁剪机包含：用于支撑裁剪台的支撑框架、真空吸附装置；支撑框架包含：绕裁剪台周向分布用于支撑裁剪台的N根立柱；其中任意周向相邻的两根立柱之间通过横梁依次相连，且各立柱与各横梁环绕围成用于放置真空吸附装置的设备区；其中，至少任意周向相邻的两根立柱之间形成有用于进出真空吸附装置的空间，且位于该空间内的横梁为可拆卸式横梁，可拆卸式横梁可拆卸地与两侧立柱固定连接；裁剪机还包含：用于运送所述真空吸附装置的运送装置。本实用新型使得可以方便得将裁剪机的真空吸附装置从裁剪机的侧面平移进出且无需增加设备成本，并且不会影响裁剪台的平面度。
74. 205075113 裁剪机分区吸附装置及裁剪机
CN
09.03.2016
B26D 7/01 Loading...
B26D 7/01
Loading...
201520739385.3
上海和鹰机电科技股份有限公司
尹智勇
B26D 7/01
Loading...
本实用新型涉及一种裁剪机分区吸附装置，包含对裁剪机的裁剪台进行抽真空的吸附设备，所述裁剪台具有多个对铺设在裁剪台上的材料进行吸附的吸附区；且每个吸附区均为一个独立的区域并分别通过带有电控阀的气管连接所述吸附设备，各电控阀分别与所述裁剪机的主控系统连接。同现有技术相比，可由主控系统打开裁剪台相应位置的吸附区所对应气管上的电控阀，以此实现吸附设备对裁剪台的局部吸附，从而减小了裁剪台吸附区域的面积，大大提高了吸附设备对裁剪台的局部吸附力，以保证当前被裁剪的材料部分能够牢牢地被吸附在裁剪台上，不会被机头上的刀具带起，避免了在材料上铺设薄膜所带来的耗材投入。
75. 104738861 Fabric typesetting and cutting system
CN
01.07.2015
A41H 3/00 Loading...
A41H 3/00
Loading...
201510141424.4
上海和鹰机电科技股份有限公司
尹智勇
A41H 3/00
Loading...
The invention relates to the automatic fabric processing technology in the clothes making field, and discloses a fabric typesetting and cutting system. The fabric typesetting and cutting system comprises a fabric reading machine, a server and a cutting machine. The fabric reading machine comprises a fabric spreading platform, a fabric reading module and a first control module. The fabric reading module is arranged on the fabric spreading platform and connected to the first control module. The server is connected to the first control module. The cutting machine comprises a cutting platform, a cutter module, a second control module and a fabric recognizing device. The second control module is connected to the fabric recognizing device, the cutter module and the server. By means of the fabric typesetting and cutting system, the automation degree of the typesetting link and the cutting link of fabric in the clothes making process is greatly improved, and therefore the clothes making efficiency is further improved.
76. 204162941 裁剪机及其机头行走机架
CN
18.02.2015
D06H 7/00 Loading...
D06H 7/00
Loading...
201420538480.2
上海和鹰机电科技股份有限公司
尹智勇
D06H 7/00
Loading...
本实用新型涉及一种裁剪机及其机头行走机架。该机头行走机架包含设置在裁剪区台面上能够沿裁剪区台面进行横向移动的机架主体；该机架主体进一步包含用于固定机头的横梁和设置在横梁两侧用于支撑横梁的支撑组件，在横梁上设有用于对铺设在裁剪区台面上的材料进行压紧的压紧机构。本实用新型还提供一种包含上述机头行走机架的裁剪机。在材料被拉入裁剪区过程中，通过设置在横梁上压紧机构对材料进行固定，可以使材料在被拉动的过程中不会出现位置偏移，从而确保最终成品的裁剪精度。
77. 204160526 自动裁剪机及其机头装置
CN
18.02.2015
B26D 7/00 Loading...
B26D 7/00
Loading...
201420575743.7
上海和鹰机电科技股份有限公司
尹智勇
B26D 7/00
Loading...
本实用新型涉及材料裁剪领域，公开了一种自动裁剪机及其机头装置。本实用新型中，自动裁剪机的机头装置，包含机头和上下运动机构；机头固定在上下运动机构上；上下运动机构用于在裁剪过程中控制机头在Z轴方向运动；其中，Z轴方向垂直于自动裁剪机的裁剪台台面。在机头和行走机架之间新增了上下运动机构，使得自动裁剪机的机头在裁剪过程中能够实现沿垂直于裁剪台台面的方向进行上下运动的工作模式，提升裁剪效果，不仅保证裁剪完全，也能避免机头上安装的加工装置与台面的接触损伤。
78. 204162146 裁剪机的传动定位装置及裁剪机
CN
18.02.2015
B65H 23/00 Loading...
B65H 23/00
Loading...
201420575786.5
上海和鹰机电科技股份有限公司
尹智勇
B65H 23/00
Loading...
本实用新型涉及数控机床技术领域，公开了一种裁剪机的传动定位装置及裁剪机。本实用新型中，该裁剪机的传动定位装置包含：拉架、驱动装置、第一夹持部与第二夹持部；拉架与裁剪机固定连接；第二夹持部与拉架固定连接，并与第一夹持部相对设置，且第二夹持部与第一夹持部之间形成夹持空间；驱动装置位于拉架与第一夹持部之间，与拉架活动连接，与第一夹持部固定连接，用于带动第一夹持部在拉架与第二夹持部之间上下运动。与现有技术相比，可以将待裁剪材料传送到精确的位置，进而提高裁剪精度，降低次品率，节省材料，减小损失。
79. 204160547 数控裁剪机用打孔装置
CN
18.02.2015
B26F 1/16 Loading...
B26F 1/16
Loading...
201420474915.1
上海和鹰机电科技股份有限公司
尹智勇
B26F 1/16
Loading...
一种数控裁剪机用打孔装置，包括上固定板和顶杆组件，所述顶杆组件安装在所述上固定板上，该顶杆组件包括顶杆、顶杆座及顶杆固定件，所述顶杆被所述顶杆固定件以可方便拆卸的方式固定在所述顶杆座上。本实用新型数控裁剪机用打孔装置通过对顶杆组件的结构进行改进，使得顶杆可以快速方便的从顶杆座中取出，不需要专门的工具，简化了更换过程，提升了更换效率，同时还避免了丝滑等问题的出现，提升了顶杆的固定可靠性。
80. 204162940 数控裁剪机用打孔装置
CN
18.02.2015
D06H 7/00 Loading...
D06H 7/00
Loading...
201420475482.1
上海和鹰机电科技股份有限公司
尹智勇
D06H 7/00
Loading...
一种数控裁剪机用打孔装置，包括上板、中板及气缸，所述上板与中板横向平行设置，所述气缸固定在所述上板上，在所述的上板和中板间纵向贯穿有下主轴，所述的中板向下设有钻夹头和安装固定在钻夹头的钻孔杆，下主轴通过钻夹头与钻孔杆连接，在所述中板与下板间纵向贯穿有光轴，所述光轴上套设有弹簧；所述上板和中板之间设置有可以缓冲中板向上运动速度的油压缓冲器。
81. 204162939 数控裁剪机用打孔装置及其钻夹头
CN
18.02.2015
D06H 7/00 Loading...
D06H 7/00
Loading...
201420474903.9
上海和鹰机电科技股份有限公司
尹智勇
D06H 7/00
Loading...
一种钻夹头，包括本体、上连接件、弹性体、卡紧钢珠及夹头组件，所述本体沿轴线设置有贯穿本体的通孔，所述上连接件连接在本体的一端，且上连接件部分收容于本体的通孔内；在上连接件收容于本体通孔内的部分与本体内壁之间安装有弹性体；所述夹头组件连接在本体的另一端，该夹头组件包括一空心轴，所述空心轴的一端与所述弹性体相抵靠，并支撑在上连接件收容于本体通孔内部分的外壁上，所述空心轴的另一端伸出本体外侧；所述空心轴收容于本体通孔内部分的壁上设置有若干收容通孔，本体内壁上对应所述收容通孔设置有相应数量的凹槽，所述卡紧钢珠安装在所述收容通孔与本体内壁之间。本实用新型还公开一种具有所述钻夹头的数控裁剪机用打孔装置。
82. 204000389 数控裁剪机及其裁剪刀盘装置
CN
10.12.2014
D06H 7/00 Loading...
D06H 7/00
Loading...
201420301237.9
上海和鹰机电科技股份有限公司
尹智勇
D06H 7/00
Loading...
一种裁剪刀盘装置，包括一刀盘盒，所述刀盘盒包括底壁及侧壁，所述底壁及侧壁围合形成刀盘盒收容空间，一裁刀可安装在所述裁剪刀盘装置上，该裁剪刀盘装置还包括一冷却环，所述冷却环套设在所述刀盘盒的侧壁上，且该刀盘盒相对于所述冷却环可旋转，所述冷却环的内壁与刀盘盒的侧壁之间形成有导流腔，所述冷却环的外壁上设置有可向所述导流腔导入冷气的导入部；一可将所述导流腔内的冷气引流至裁刀附近的导流件，所述导流件设置在所述刀盘盒的底壁内侧，并收容于所述刀盘盒收容空间内；一上盖，所述上盖固定在所述刀盘盒的顶面上，所述上盖与刀盘盒之间形成有一空腔。本实用新型还公开了一种具备所述裁剪刀盘装置的数控裁剪机。
83. 104141217 不规则形状片材的快速裁剪方法
CN
12.11.2014
D06H 7/00 Loading...
D06H 7/00
Loading...
201410345718.4
上海和鹰机电科技股份有限公司
尹智勇
D06H 7/00
Loading...
一种不规则形状片材的快速裁剪方法，包括如下步骤：1)在片材同一表面上任意标记两个标记点；2)数据读取装置读取片材轮廓数据，并读取所述两个标记点的坐标；3)根据所述片材的轮廓数据及样片设计方案对所述片材进行物料排版设计，确定起始裁点及其坐标；4)将两个标记点及起始裁点的坐标和物料排版设计输入数控裁剪机；5)通过一数据采集装置，按步骤2)中对两个标记点坐标的读取顺序再次对放置在裁剪区的片材上的所述两个标记点进行坐标读取；6)数控裁剪机根据步骤2)中两个标记点及起始裁点的坐标以及步骤5)中两个标记点的坐标，计算得出片材在所述数控裁剪机中的起始裁点的坐标；7)数控裁剪机控制裁刀按物料排版设计进行裁剪。
84. 104097977 Manual regulating device and cloth paving machine comprising same
CN
15.10.2014
B65H 43/00 Loading...
B65H 43/00
Loading...
201310130274.8
上海和鹰机电科技股份有限公司
尹智勇
B65H 43/00
Loading...
The invention discloses a manual regulating device and a cloth paving machine comprising the same. The manual regulating device comprises a handle, a transmission shaft, a fixed seat with a pivot hole, a touch control device, a transmission mechanism and a potentiometer; the transmission shaft is pivoted to the pivot hole; the touch control device is fixedly arranged on the fixed seat; the handle links the touch control device by the transmission shaft to enable the touch control device to be positioned at a first gear or a second gear; the handle also controls the potentiometer by sequentially linking the transmission shaft and the transmission mechanism. The manual regulating device has double functions of regulating the direction and regulating the speed and not only has a simple structure, but also is simple and convenient to control.
85. 104097981 Cloth supporting bracket device
CN
15.10.2014
B65H 47/00 Loading...
B65H 47/00
Loading...
201310130478.1
上海和鹰机电科技股份有限公司
尹智勇
B65H 47/00
Loading...
The invention provides a cloth supporting bracket device. The cloth supporting bracket device comprises two fixed plates; a plurality of upper limiting components used for inhibiting each fixed plate from moving downwards vertically, a plurality of lower limiting components used for inhibiting each fixed plate from moving upwards vertically, and a plurality of side limiting components used for inhibiting each fixed plate from moving laterally are fixedly arranged on each fixed plate; a fixed shaft is arranged between the two fixed plates. The cloth supporting bracket device provided by the invention can support cloth effectively, achieve a supporting effect on the cloth, and ensure that the cloth cannot wrinkle in a long-distance conveying process, so that the flatness of the cloth is ensured, and the purposes of supporting the cloth and conveying the cloth stably are achieved.
86. 103908031 三维扫描仪机头与三维扫描仪
CN
09.07.2014
A41H 1/02 Loading...
A41H 1/02
Loading...
201210594565.8
上海和鹰机电科技股份有限公司
尹智勇
A41H 1/02
Loading...
本发明提供一种三维扫描仪机头与三维扫描仪，该机头包括有：一固定装置，一转动件，一驱动装置，一光发射装置，一光接收装置，该驱动装置连接于该固定装置上，该转动件连接于该驱动装置，该光发射装置连接于该转动件并用于向扫描对象发射光线，该光接收装置连接于该转动件并用于接收从扫描对象反射回来的光线，该驱动装置用于驱动该转动件转动并带动该光发射装置与该光接收装置一起转动，以使发射光线覆盖整个扫描对象并使该光接收装置接收从整个扫描对象反射回来的光线。该三维扫描仪机头体积小、结构简单、重量轻、具有良好的便携性。本发明的三维扫描仪机头与一支架连接，构成本发明的三维扫描仪，其同样具有体积小、重量轻、便携性好的特点。
87. 203671184 用于三维扫描仪的三脚架
CN
25.06.2014
F16M 11/32 Loading...
F16M 11/32
Loading...
201320816562.4
上海和鹰机电科技股份有限公司
尹智勇
F16M 11/32
Loading...
本实用新型提供一种用于三维扫描仪的三脚架，包括气泡水平仪和三个支腿，该气泡水平仪包括基座和水准管，该基座内设有一螺纹孔，该三维扫描仪的支撑管套装于该基座的螺纹孔内；该基座的外壁沿该螺纹孔的周向均匀间隔设置有三个第一耳架，各该支腿通过销轴可枢转地安装在相应的该第一耳架上；该三脚架还包括一固定架，该固定架包括一固定盘，该固定盘的外壁缘上均匀间隔设置有三个卡接件；各该卡接件包括一卡接于相应的该支腿的外表面上的卡环，各该卡环包括固定环和该固定环可拆卸式连接的活动环，各该固定环通过一伸出部件延伸至该固定盘的外壁缘上。本实用新型收合体积小，便于携带，稳定性强，具有良好的便捷性。
88. 203652911 压布装置和包含其的铺布机
CN
18.06.2014
B65H 45/00 Loading...
B65H 45/00
Loading...
201320189541.4
上海和鹰机电科技股份有限公司
尹智勇
B65H 45/00
Loading...
本实用新型提供一种压布装置和包含其的铺布机，该压布装置用于挤压一布料，其包括一电机、一辊轴和一触控装置，该辊轴上固定有多个压布片，该电机用于通过驱动该辊轴旋转的方式带动该些压布片挤压该布料，该触控装置用于在该些压布片挤压住该布料时停止该电机。该压布装置包括一电机、一辊轴和一触控装置，不仅结构简单，而且压力大，挤压力不会受到布料厚度的影响。另外，该压布装置还具有功耗低，以及使用安全性高的优点。
89. 203618058 用于三维扫描仪的转臂机构及其三维扫描仪
CN
28.05.2014
H04N 1/04 Loading...
H04N 1/04
Loading...
201320833258.0
上海和鹰机电科技股份有限公司
尹智勇
H04N 1/04
Loading...
本实用新型公开了一种用于三维扫描仪的转臂机构及其三维扫描仪。所述用于三维扫描仪的转臂机构包括一转臂、一用于支撑所述转臂的支架，所述转臂的正下方设有一行程开关，在所述行程开关上且在所述行程开关与所述转臂之间固设有一耐压弹性件，在所述转臂的下表面上设有一凸缘，用于抵住所述耐压弹性件，使所述行程开关触发；所述转臂的侧面还设有至少一腰形孔。本实用新型的用于三维扫描仪的转臂机构结构设计更合理，使包括其的三维扫描仪的工作更稳定可靠，对所述信号发射装置或所述信号结构装置的调校更精准，有效避免了不必要的反复调校。
90. 203611292 裁剪机除尘装置
CN
28.05.2014
B26D 7/00 Loading...
B26D 7/00
Loading...
201320647412.5
上海和鹰机电科技股份有限公司
尹智勇
B26D 7/00
Loading...
本实用新型公开了一种裁剪机除尘装置，所述裁剪机除尘装置设置在裁剪机的机架下端，其包括一排气管道、一连接在所述机架上的连接箱和至少一设置在所述机架下端的集尘盒，其中，所述连接箱与一真空泵连通，所述集尘盒的侧面均设置有一过滤部，所述排气管道分别与所述过滤部和所述连接箱连通。通过本实用新型的运用，既清理了刚毛上的杂物和机架内的杂物，又不让杂物进入真空泵，延长了真空泵的使用寿命。
91. 203617846 编码器连接系统
CN
28.05.2014
H02K 11/00 Loading...
H02K 11/00
Loading...
201320647170.X
上海和鹰机电科技股份有限公司
尹智勇
H02K 11/00
Loading...
本实用新型公开了一种编码器连接系统，包括一电机和一编码器，所述编码器的轴和所述电机的轴平行设置，且所述编码器和所述电机均与一带传动机构连接。通过本实用新型的运用，采用柔性的方式将编码器和电机连接在一起，容易拆卸安装，降低了装配精度的要求，有效的减少了编码器和电机的故障率，削减了售后服务成本。
92. 203610020 真空系统
CN
28.05.2014
B01D 53/18 Loading...
B01D 53/18
Loading...
201320647404.0
上海和鹰机电科技股份有限公司
尹智勇
B01D 53/18
Loading...
本实用新型公开了一种真空系统，其包括一真空箱和一设置在一腔体内的除尘装置，所述真空箱包括一真空泵，所述真空泵和所述除尘装置通过一管路连接装置连通。通过本实用新型的运用，节约了空间，减少了真空系统的安装难度，提高了密封性，降低了噪音。
93. 103662227 Automatic labeling machine for encoding garment pieces
CN
26.03.2014
B65C 5/00 Loading...
B65C 5/00
Loading...
201210349601.4
SHANGHAI YIN SCIENCE & TECHNOLOGY CO., LTD.
YIN ZHIYONG
B65C 5/00
Loading...
The invention provides an automatic labeling machine for encoding garment pieces. The automatic labeling machine comprises an operating region table plate, a position detection device, a label printing and adhering unit, a driving unit and a control system, wherein the control system is used for controlling the driving unit to move the label printing and adhering unit to a designated position to adhere labels according to a garment piece initial coordinate detected by the position detection device and sending label printing content to the label printing and adhering unit. According to the automatic labeling machine, the label printing and adhering unit is arranged above the operating region table plate, and the printed content and moving position of the label printing and adhering unit can be controlled through the control system, so that the labels can be automatically adhered to the garment pieces on the operating region table plate, the labor intensity of operators can be further effectively reduced, and the working efficiency is increased; furthermore, various types of information can be printed on the labels according to the requirements, so that the production and the operation management are convenient.
94. 103668934 Mechanism for achieving function of cutting while walking of automatic cutting machine
CN
26.03.2014
D06H 7/00 Loading...
D06H 7/00
Loading...
201210349447.0
SHANGHAI YIN SCIENCE & TECHNOLOGY CO., LTD.
YIN ZHIYONG
D06H 7/00
Loading...
The invention discloses a mechanism for achieving a function of cutting while walking of an automatic cutting machine. The mechanism is arranged in an upper seat of the automatic cutting machine. The upper seat is provided with a vacuum cavity, bristles capable of walking along an annular track are arranged in the vacuum cavity, meanwhile the upper surface of the upper seat is provided with an opening, and the bristles at the opening position are in contact with the outside. The mechanism for achieving the function of cutting while walking comprises an annular cloth tape arranged in the upper seat and located on the peripheries of the bristles and a pair of cloth tape tensioning devices relatively arranged in the upper seat to tension the cloth tape, wherein the cloth tape at the corresponding opening position tightly presses the bristles under the atmospheric pressure of the outside so as to drive the whole cloth tape to move with the bristles. The mechanism for achieving the function of cutting while walking of the automatic cutting machine has the advantages of reducing the stopping times and the fault rate of devices, achieving synchronous cloth cutting and delivery, saving the waiting time, improving the cutting efficiency, improving the working quality and saving a device space.
95. 103662233 Automatic label-absorbing and labeling device
CN
26.03.2014
B65C 9/18 Loading...
B65C 9/18
Loading...
201210349583.X
SHANGHAI YIN SCIENCE & TECHNOLOGY CO., LTD.
YIN ZHIYONG
B65C 9/18
Loading...
The invention provides an automatic label-absorbing and labeling device. The automatic label-absorbing and labeling device mainly comprises a total stander, a label separation assembly, a label absorbing assembly, a labeling assembly and a control assembly, wherein the label separation assembly, the label absorbing assembly and the labeling assembly are mounted on the total stander; the label separation assembly is mainly used for separating a label from a label paper tape; the control assembly is used for acquiring a signal indicating that the label is separated, driving the label absorbing assembly to absorb the separated label and driving the labeling assembly to drive the label absorbing assembly to move to a to-be-labeled site to adhere the absorbed label to a to-be-labeled member, so as to finish the separation and the adhering of the label. The automatic label-absorbing and labeling device has the advantages that the structure is simple, the operation is convenient, automatic label-absorbing and labeling operations are completely realized, and furthermore, the applicable range is wide and has no limitation.
96. 103662959 Cloth spreading machine and cloth spreading method
CN
26.03.2014
B65H 45/18 Loading...
B65H 45/18
Loading...
201210350720.1
SHANGHAI YIN SCIENCE & TECHNOLOGY CO., LTD.
YIN ZHIYONG
B65H 45/18
Loading...
The invention provides a cloth spreading machine and a cloth spreading method. Two pressing cloth pressing strips are arranged on one side of a pressing cloth device facing a cutter clamping cloth device, an adjustable interval for clamping cloth is reserved between an upper pressing cloth pressing strip and a lower pressing cloth pressing strip, two clamping cloth pressing strips are arranged on one side of the cutter clamping cloth device facing the pressing cloth device, an adjustable interval for clamping the cloth is reserved between an upper clamping cloth pressing strip and a lower clamping cloth pressing strip, and a plurality of layers and columns of cloth can be sequentially clamped through the pressing cloth pressing strips and the clamping cloth pressing strips to achieve one-time cloth laying of the plurality of layers and columns of cloth. The cloth is clamped through the pressing cloth pressing strip and the clamping cloth pressing strips, the plurality of layers and columns of cloth can be clamped in one time and can be simultaneously laid, cloth laying efficiency of the cloth spreading machine is improved, the utilization rate of the machine is improved, and working efficiency is improved.
97. 103668933 Grinding cutter component for cutter device of automatic cloth spreader
CN
26.03.2014
D06H 7/00 Loading...
D06H 7/00
Loading...
201210345863.3
SHANGHAI YIN SCIENCE & TECHNOLOGY CO., LTD.
YIN ZHIYONG
D06H 7/00
Loading...
The invention discloses a grinding cutter component for a cutter device of an automatic cloth spreader. The grinding cutter component comprises a grinding cutter chain connecting plate, a grinding cutter block, grinding cutter screws, a grinding cutter spring and a grinding cutter blade. One end of the grinding cutter block is connected to the grinding cutter chain connecting plate through the grinding cutter screws and the grinding cutter spring, and the grinding cutter block is bent with an exterior angle ranging from 4 degrees to 8 degrees. The grinding cutter blade is welded on the grinding cutter block, and both the grinding cutter block and the grinding cutter blade are made of alloy steel. The grinding cutter chain connecting plate is U-shaped and made of aluminum alloy. The grinding cutter component has the advantages of simple structure, convenience in assembly, tight fitting with the cutter and higher cutting efficiency.
98. 203474067 手动调节装置和包含其的铺布机
CN
12.03.2014
B65H 43/00 Loading...
B65H 43/00
Loading...
201320189449.8
上海和鹰机电科技股份有限公司
尹智勇
B65H 43/00
Loading...
本实用新型公开了一种手动调节装置和包含其的铺布机，该手动调节装置包括一手柄、一传动轴、一具有枢轴孔的固定座、一触控装置、一传动机构和一电位器，该传动轴枢接于该枢轴孔，该触控装置固定于该固定座，该手柄通过该传动轴联动该触控装置处于第一档位或第二档位，该手柄还通过依次联动该传动轴、该传动机构控制该电位器。该手动调节装置兼具调方向和调速度的双重功能，不仅结构简单，而且操纵简便。
99. 203475191 切布装置
CN
12.03.2014
D06H 7/00 Loading...
D06H 7/00
Loading...
201320189432.2
上海和鹰机电科技股份有限公司
尹智勇
D06H 7/00
Loading...
本实用新型提供一种切布装置，其包括有一固定组件、一切刀组件、一磨刀组件和一砥刀组件；所述固定组件固设于一送布装置；所述切刀组件固设于所述固定组件并包括一用于切布的切刀；所述磨刀组件包括一用于打磨所述切刀的砂轮并设有一长槽，所述磨刀组件通过所述长槽可调节连接于所述固定组件；所述砥刀组件用于抵住所述切刀并设有若干第一腰孔，所述砥刀组件通过所述第一腰孔可调节连接于所述固定组件。本实用新型提供的切布装置结构简单，切布装置的磨刀组件和砥刀组件的位置调节方便，更利于安装，并可以更好地进行磨刀和切布操作。
100. 203469549 水气处理装置和包含其的水切割机
CN
12.03.2014
B01D 19/00 Loading...
B01D 19/00
Loading...
201320140235.1
上海和鹰机电科技股份有限公司
尹智勇
B01D 19/00
Loading...
本实用新型提供一种水气处理装置和包含其的水切割机，该水气处理装置，用于将水气中的气体和液体分离，其包括一进水气管道、一分离罐、一出气管道和一出水管道，该进水气管道的一端与该分离罐的进气口相连通，该出气管道和该出水管道分别与该分离罐的排气口和排液口相连通，该进水气管道的另一端用于与一水切割机相连通。该水气处理装置能够配合水切割机，分离气、液两相成分，达到无湿水切割布料的目的。
101. 203475190 切刀横梁组件和包含其的铺布机
CN
12.03.2014
D06H 7/00 Loading...
D06H 7/00
Loading...
201320189179.0
上海和鹰机电科技股份有限公司
尹智勇
D06H 7/00
Loading...
本实用新型提供一种切刀横梁组件和包含其的铺布机，该切刀横梁组件包括一支撑架、一个电机、一个主动带轮、一个传动带、一个从动带轮、一个包括滑槽的刀架和一个滑轨，该主动带轮、该从动带轮、该滑轨和该电机均设置于该支撑架上，该电机、该主动带轮、该传动带和该从动带轮用于依次联动，该刀架固定于该传动带上，该刀架通过该滑槽与该滑轨卡扣连接。通过设置滑轨，该刀架能够通过滑槽往返平动于该滑轨上，经过滑轨的线性约束，该刀架的运行极其平稳。另外，该切刀横梁组件的结构也较为简单。
102. 203474070 托布架装置
CN
12.03.2014
B65H 47/00 Loading...
B65H 47/00
Loading...
201320189237.X
上海和鹰机电科技股份有限公司
尹智勇
B65H 47/00
Loading...
本实用新型提供一种托布架装置，其包括有两固定板，每块所述固定板上固设有若干用于限制所述固定板往竖直向下方向运动的上边限位组件、若干用于限制所述固定板往竖直向上方向运动的下边限位组件和若干用于限制所述固定板往水平侧向运动的侧边限位组件，所述两固定板之间设有一固定轴。本实用新型提供的托布架装置可以有效地托起布料，给布料一个支撑作用，保证布料在长距离输送过程中不会发生褶皱，从而保证布料的平整度，达到稳定托布、送布的目的。
103. 203471489 铺布机自动磨刀控制系统
CN
12.03.2014
B24B 3/36 Loading...
B24B 3/36
Loading...
201320189594.6
上海和鹰机电科技股份有限公司
尹智勇
B24B 3/36
Loading...
本实用新型公开了一种铺布机自动磨刀控制系统，其包括一刀行电机，一刀架、一分别与所述刀行电机和所述刀架连接的传送机构，所述刀架上连接有一圆刀、一与所述圆刀连接的圆刀电机、一位于所述圆刀侧面的砂轮、一与所述砂轮连接且用于使所述砂轮轴向移动的磨刀机构，所述刀行电机、所述圆刀电机和所述磨刀机构均与一可编程逻辑控制器电连接。通过本实用新型的运用，可以实现铺布机的自动磨刀，有效节约了人力和时间，保证了切割效率和质量。
104. 203477223 双向涨紧调节装置
CN
12.03.2014
F16H 7/10 Loading...
F16H 7/10
Loading...
201320139581.8
上海和鹰机电科技股份有限公司
尹智勇
F16H 7/10
Loading...
本实用新型提供一种双向涨紧调节装置，其包括一第一同步带轮、一第二同步带轮、一涨紧轮、一固定板、一纵向调节装置及一横向调节装置，其中，该第一同步带轮通过同步带带动该第二同步带轮、该涨紧轮转动，该固定板的底部形成一第一导向槽，该第一同步带轮与该固定板活动穿套。本装置不仅能有效地防护调节时出现偏斜现象，而且由于本装置的组装零件少，调节起来也十分方便和顺畅。
105. 203471039 水切割机机头
CN
12.03.2014
B23D 31/00 Loading...
B23D 31/00
Loading...
201320140231.3
上海和鹰机电科技股份有限公司
尹智勇
B23D 31/00
Loading...
本实用新型提供一种水切割机机头，其包括有一第一固定板和一第二固定板，在所述第一固定板的底部沿水平方向固设有一导轨防护罩，用于防护两根导轨，所述第二固定板固设有一电机防护罩，用于防护一电机，所述第二固定板固设有一高压喷嘴，所述高压喷嘴的出水口设有一喷嘴防护罩，所述第二固定板还固设有一传感器防护罩，用于防护一传感器。本实用新型提供的水切割机机头结构简单，可以有效地防护导轨、电机和传感器，并很好地防止水花四溅。
106. 203477070 导轨固定装置
CN
12.03.2014
F16C 29/10 Loading...
F16C 29/10
Loading...
201320139495.7
上海和鹰机电科技股份有限公司
尹智勇
F16C 29/10
Loading...
本实用新型提供一种导轨固定装置，其包括一导轨，该导轨的底部沿着该导轨的延伸方向设有一凸部；该导轨固定装置还包括一用于固定该导轨的导轨定位板，该导轨定位板的上表面设有与该凸部的延伸方向相同的定位槽，所述凸部嵌设于该定位槽中；该导轨固定装置还包括若干用于固定该导轨和该导轨定位板的锁紧机构。本实用新型中的导轨固定装置可以克服导轨移位现象，即导轨底部的凸部嵌设在导轨固定板上的定位槽中，凸部的一侧与定位槽的一侧贴紧，然后再用锁紧机构锁固，这样在使用过程中能有效杜绝导轨在左、右侧的晃动，避免锁紧机构松动的现象，也就不会出现导轨移位现象而影响使用，从而降低设备的故障率，延长导轨的使用寿命。
107. 203477068 用于自动化设备的防护装置及其自动化设备
CN
12.03.2014
F16C 29/08 Loading...
F16C 29/08
Loading...
201320140104.3
上海和鹰机电科技股份有限公司
尹智勇
F16C 29/08
Loading...
本实用新型提供一种用于自动化设备的防护装置及其自动化设备，该自动化设备包括若干滑动装置，每一该滑动装置包括一导轨固定板、一固定于该导轨固定板上的直线导轨及两个滑设于该直线导轨上的滑块，该防护装置包括若干个与该滑动装置一一对应的防护组件，每一该防护组件包括一防护板和一防护罩，该防护板固定在两个该滑块上，该防护罩固定于该导轨固定板上，且该防护板与该防护罩之间相互间隔开。本实用新型能够巧妙地防护导轨和滑块，防护直线导轨和滑块的侧面及直线导轨和滑块上方的灰尘，以及飞溅的液体落到直线导轨和滑块上，降低设备的故障率，延长设备的使用寿命。
108. 203471871 水切割机送料装置及包括其的水切割机
CN
12.03.2014
B26F 3/00 Loading...
B26F 3/00
Loading...
201320139562.5
上海和鹰机电科技股份有限公司
尹智勇
B26F 3/00
Loading...
本实用新型公开了一种水切割机送料装置及包括其的水切割机。该水切割机送料装置包括一传送机构，一设置在所述传送机构上的网带，其中，所述传送机构连接在一水切割机机身上。通过本实用新型的运用，可以有效实现放料和收料的自动化，提高了生产效率，同时既能输送物料又不影响水切割机机身上方的机头喷下来的水流入到水切割机机身的腔体内。
109. 203474069 铺布装置
CN
12.03.2014
B65H 47/00 Loading...
B65H 47/00
Loading...
201320189221.9
上海和鹰机电科技股份有限公司
尹智勇
B65H 47/00
Loading...
本实用新型提供一种铺布装置，其包括有平行并排设置于一铺布台上的一送布装置和一接布装置，所述接布装置固设于所述铺布台的一端，并用于接收布料，所述送布装置在所述铺布台上往复平动，并用于将所述布料输送给所述接布装置。本实用新型提供的铺布装置结构简单，可以同时铺多层面料，大大提高了铺布效率。
110. WO/2013/143256 DOUBLE-SPREADING CLOTH PRESSING DEVICE FOR AUTOMATIC CLOTH-LAYING MACHINE
WO
03.10.2013
B65H 45/04 Loading...
B65H 45/04
Loading...
PCT/CN2012/080536
SHANGHAI YIN SCIENCE & TECHNOLOGY CO., LTD
YIN, Zhiyong
B65H 45/04
Loading...
A double-spreading cloth pressing device for an automatic cloth-laying machine comprises a movable folding mechanism, a double-spreading mechanism and a fixed folding mechanism. The movable folding mechanism comprises a handwheel (1), a locking bolt (2), a pressure plate (3), a fixed plate (4), a clamping plate (5), a small bearing wheel (6), a large bearing wheel (7), a straight spool (8), a linear slide (9), a support bar (10), a movable-folder-mechanism bracket (11), a cloth-pressing connection rod (12), a spindle connecting plate (13), a stop lever (14), a cloth-pressing chopping block (15), a toothed belt (16) and a locking block (17). The double-spreading mechanism comprises a raised pole (18), a side plate (19), an L-shaped connecting rod (20) a connecting plate (21), a connecting rod (22) and a connection fixed plate (23). The fixed folding mechanism comprises a straight spool (8), a linear slide (9), a support bar (10), a cloth-pressing connection rod (12), a spindle connecting plate (13), a stop lever (14), a cloth-pressing chopping block (15), a toothed belt (16), a locking block (17) and a fixed-folding-mechanism bracket (24). The double-spreading mechanism performs cloth laying through reciprocating linear motion and drives the movable folding mechanism and the fixed folding mechanism to implement a cloth-pressing action. The device has the advantages of having a simple structure, implementing tension-free folding-type multilayer cloth pressing, and is easy to turn over freely for removing fabrics.
111. 103286606 一种数控裁剪机用刚毛管吸附过床装置
CN
11.09.2013
B23Q 3/15 Loading...
B23Q 3/15
Loading...
201210045121.9
上海和鹰机电科技股份有限公司
尹智勇
B23Q 3/15
Loading...
本发明公开了一种数控裁剪机用刚毛管吸附过床装置，包括刚毛管、轴承、套管、短套管、螺柱、螺母、滑轨条、左固定板、右固定板和斜挡块，所述的轴承通过所述的螺柱、所述的套管、所述的短套管和所述的螺母固定在所述的滑轨条上，所述的螺柱贯穿两个所述的轴承，相邻的所述的螺柱贯穿一个所述轴承，依次交叉排列固定在所述的滑轨条上，所述的刚毛管的底面与所述的轴承相切，在所述的轴承最高相切面上滑动。本发明具有结构简单、提高工作精度和生产效率、降低成本和节约能耗的优点。
112. 203171717 超声波裁刀机头
CN
04.09.2013
B26D 7/26 Loading...
B26D 7/26
Loading...
201320092532.3
上海和鹰机电科技股份有限公司
尹智勇
B26D 7/26
Loading...
本实用新型公开了一种超声波裁刀机头，其包括一内设一容纳腔的组合体、一超声波刀、一上下移动装置及一用于固定待切割材料的定位装置，所述上下移动装置滑设于所述容纳腔内，所述超声波刀套设于所述上下移动装置内，且所述超声波刀的刀头穿出并位于所述上下移动装置的外部，所述超声波刀的上下端分别固定于所述上下移动装置的上下端，所述上下移动装置的下端外部与所述定位装置固接，所述组合体的外部还设有至少一个弯管接头。本实用新型超声波裁刀机头采用超声波的能量，将被切割材料的局部加热熔化，从而达到切割材料的目的。其不会造成被切割材料的崩边、破损，而且切割部位被完美地封边，可防止被切割材料组织的松散。
113. 203173595 无张力铺布机
CN
04.09.2013
B65H 47/00 Loading...
B65H 47/00
Loading...
201320057374.8
上海和鹰机电科技股份有限公司
尹智勇
B65H 47/00
Loading...
本实用新型提供一种无张力铺布机，其包括一送布辊和一铺布台，该无张力铺布机还包括一张力控制系统，该张力控制系统包括一具有张力杆的压布机构和一电位器，该张力杆用于抵迫于该送布辊和该铺布台之间的布条上，该压布机构用于控制该电位器的电阻值，该电位器用于控制该送布辊的送布速度。通过使用一个具有张力杆的压布机构和一个电位器，本实用新型的无张力铺布机就可以实现无张力铺布的目的，因而具有结构和工序均简单以及生产效率高的优点。
114. 203168117 三维扫描仪机头与三维扫描仪
CN
04.09.2013
A41H 1/02 Loading...
A41H 1/02
Loading...
201220750066.9
上海和鹰机电科技股份有限公司
尹智勇
A41H 1/02
Loading...
本实用新型提供一种三维扫描仪机头与三维扫描仪，该机头包括有：一固定装置，一转动件，一驱动装置，一光发射装置，一光接收装置，该驱动装置连接于该固定装置上，该转动件连接于该驱动装置，该光发射装置连接于该转动件并用于向扫描对象发射光线，该光接收装置连接于该转动件并用于接收从扫描对象反射回来的光线，该驱动装置用于驱动该转动件转动并带动该光发射装置与该光接收装置一起转动，以使发射光线覆盖整个扫描对象并使该光接收装置接收从整个扫描对象反射回来的光线。该三维扫描仪机头体积小、结构简单、重量轻、具有良好的便携性。本实用新型的三维扫描仪，同样具有体积小、重量轻、便携性好的特点。
115. 203125139 用于数控裁剪机的机架
CN
14.08.2013
B23Q 1/01 Loading...
B23Q 1/01
Loading...
201220750069.2
上海和鹰机电科技股份有限公司
尹智勇
B23Q 1/01
Loading...
本实用新型提供一种用于数控裁剪机的机架，其包括一上座、一中架及一底架，所述上座固接于所述中架上，所述中架固接于所述底架上，所述底架的下端设置有若干个可卸式固定脚或者设置有至少一个可卸式移动装置。本实用新型用于数控裁剪机的机架减少了料件的种类，大大降低了成本，而且易装配易拆卸，同时给客户改装机型提供了便利。
116. 203126135 喷码器和包含其的喷码机
CN
14.08.2013
B41J 2/01 Loading...
B41J 2/01
Loading...
201220750406.8
上海和鹰机电科技股份有限公司
尹智勇
B41J 2/01
Loading...
本实用新型提供一种喷码器和包含其的喷码机，该喷码器包括一喷枪和一喷枪夹座，该喷码器还包括一喷控机和一升降调节装置，该喷枪夹座与该升降调节装置固定连接，该喷控机用于控制该喷枪的喷墨速流和码字。本实用新型的喷码器具有喷控机和升降调节装置，能够调节喷枪与布料的间距，并能够控制喷枪的喷墨速流和码字，因而能够将喷印标识直接喷印至布料上，具有结构和工序均简单以及生产效率高的优点。
117. 203127819 铺布机的卷布装置、铺布机及多层的铺布机
CN
14.08.2013
B65H 16/02 Loading...
B65H 16/02
Loading...
201220750068.8
上海和鹰机电科技股份有限公司
尹智勇
B65H 16/02
Loading...
本实用新型提供一种铺布机的卷布装置、铺布机及多层的铺布机。该铺布机的卷布装置包括一卷布架，若干间隔设于该卷布架内并用于穿套布卷的卷布支撑管，一用于对该布卷进行单边对齐、限位的限位装置，其中，该卷布架包括两对置并用于夹设该布卷的横梁，该限位装置与该卷布架的一侧该横梁平行并与卷布架固接。采用本实用新型可以实现多层铺布机同时多卷面料固定和对面料快速对边功能，通过限位角铁和调整套实现快速对边功能，使得布料在送布过程中，可通过卷布架微调装置对多卷面料进行微调，达到卷布架送出的多卷布料双边对齐，从而达到多层铺布机拉出的多卷面料两边整齐的目的。
118. WO/2013/104189 NOVEL BORING AND GRINDING ASSEMBLY FOR DIGITALLY CONTROLLED CUTTING MACHINE
WO
18.07.2013
D06H 7/00 Loading...
D06H 7/00
Loading...
PCT/CN2012/080509
SHANGHAI YIN SCIENCE & TECHNOLOGY CO., LTD
YIN, Zhiyong
D06H 7/00
Loading...
Disclosed is a boring and grinding assembly for a digitally controlled cutting machine, which assembly comprises an electric motor, a transmission mechanism, a boring mechanism and a grinding mechanism; wherein the transmission mechanism comprises a forward one-way bearing, a reverse one-way bearing, a rotary shaft, a forward synchronous pulley and a reverse synchronous pulley; the electric motor is connected to the rotary shaft; the rotary shaft drives the forward synchronous pulley fitted with the forward one-way bearing, with the forward synchronous pulley driving, via a belt, the boring mechanism to work; the rotary shaft drives the reverse synchronous pulley fitted with the reverse one-way bearing, with the reverse synchronous pulley driving, via a belt, the grinding mechanism to work; the grinding mechanism comprises a grinding cylinder, a cutter grinding wheel and a cutter, so that when a piston rod of the grinding cylinder retracts, it drives the cutter grinding wheel to make a straight movement towards the cutter, so as to grind the same. The assembly has a simplified structure, low costs and an improved operation efficiency.
119. 103203771 一种用于数控裁剪机的新型打孔和磨刀组合装置
CN
17.07.2013
B26D 9/00 Loading...
B26D 9/00
Loading...
201210011481.7
上海和鹰机电科技股份有限公司
尹智勇
B26D 9/00
Loading...
本发明公开了一种用于数控裁剪机的新型打孔和磨刀组合装置，包括电机、传动机构、打孔机构、磨刀机构，所述的传动机构包括正转单向轴承、反转单向轴承、转动轴、正转同步带轮、反转同步带轮，其特征在于：所述的电机连接所述的转动轴，所述的转动轴驱动装有所述正转单向轴承的正转同步带轮，皮带式带动所述打孔机构工作，所述的转动轴驱动装有所述反转单向轴承的反转同步带轮，皮带式带动所述磨刀机构工作，所述的磨刀机构包括磨刀气缸，磨刀砂轮、裁刀，磨刀方式是利用所述的磨刀气缸活塞杆缩回时带动所述磨刀砂轮直线运动向裁刀移近，并对裁刀进行研磨，本发明具有结构简化、降低成本、提高工作效率的优点。
120. 103203635 一种数控裁剪机工作台的新型转动机构
CN
17.07.2013
B23Q 1/26 Loading...
B23Q 1/26
Loading...
201210011472.8
上海和鹰机电科技股份有限公司
尹智勇
B23Q 1/26
Loading...
本发明公开了一种数控裁剪机工作台的新型转动机构，机构包括：工作台支架、锥套、止紧螺丝、锁紧套、旋转架、工作台，所述的工作台支架上部具有内螺纹，所述的锥套为楔形，通过所述的止紧螺丝固定在所述的工作台支架内中部，所述的锁紧套上部外表面滚花，中部有外螺纹，下端有4个开口，形成4个圆弧片，所述的旋转架置于所述的锁紧套内壁，所述的旋转架与所述工作台固定，所述的锁紧套旋入所述的工作台支架与所述的锥套内壁接触，所述的锁紧套下端4个圆弧片紧贴所述的锥套，所述的锁紧套与所述的旋转架摩擦力变大，调整所述工作台和所述锁紧套之间配合松紧度。本发明具有调节工作台转动松紧度，结构简单，操作方便优点。
121. 103186111 一种数控裁床的分体式电控系统
CN
03.07.2013
G05B 19/18 Loading...
G05B 19/18
Loading...
201110448263.5
上海和鹰机电科技股份有限公司
尹智勇
G05B 19/18
Loading...
本发明公开了一种数控裁床的分体式电控系统，用于控制裁床床体直线移动和裁床机头行走及往复运动。包括：主电控箱、副电控箱，所述的主电控箱，包括一个或多个低压开关设备以及与之相关的控制、测量、信号、保护、调节等设备，以及所有内部电气和机械连接的组合体。所述主电控箱和副电控箱位于主机外箱体左、右侧。本发明主要用于移动式裁床，提高了配线的效率、防止了因电磁干扰引起的信号不良、提高了电气元件的使用寿命的优点。
122. 202901754 一种用于数控裁剪机的旋转式电脑操作台
CN
24.04.2013
F16M 13/02 Loading...
F16M 13/02
Loading...
201220129880.9
上海和鹰机电科技股份有限公司
尹智勇
F16M 13/02
Loading...
本实用新型公开了一种用于数控裁剪机的旋转式电脑操作台，包括弹性套、显示器安装板、设备固定架、套管、紧固件、固定板、单向压力轴承、支架，所述的显示器安装板通过所述的弹性套与所述的设备固定架连接，所述的单向压力轴承与所述的设备固定架连接，所述的设备固定架置于所述的套管中，所述的套管通过所述的固定板、所述的紧固件和所述的支架固定。本实用新型具有结构简化、操作台可360°旋转、拆装运输便利、操作灵活等优点。
123. 202898850 一种布带张紧装置
CN
24.04.2013
D06H 7/00 Loading...
D06H 7/00
Loading...
201220479715.6
上海和鹰机电科技股份有限公司
尹志勇
D06H 7/00
Loading...
本实用新型公开了一种布带张紧装置，其一上座；一第一导轮座，其固定设置于所述上座上；一第一导轮，其可转动地设于第一导轮座上，以使第一导轮可绕着其自身轴心转动；一第二导轮座，其与第一导轮座相对设置，所述第二导轮座上设有一对对称设置的孔；一对立柱，分别对应穿过所述孔，以使其尾部与上座固定连接；一对压簧，分别套设于所述立柱上，所述两压簧均设于第二导轮座和相应的立柱头部之间，以向所述第二导轮座施加一轴向力；一第二导轮，其可转动地设于第二导轮座上，以使第二导轮可绕着其自身轴心转动。本实用新型所述的布带张紧装置避免了出现布带与刚毛的偏轨及脱轨现象，确保布带和刚毛的运动轨道一致，结构简单,使用方便，成本低廉。
124. 202898851 一种用于自动裁剪机的集尘装置
CN
24.04.2013
D06H 7/00 Loading...
D06H 7/00
Loading...
201220479832.2
上海和鹰机电科技股份有限公司
尹志勇
D06H 7/00
Loading...
一种用于自动裁剪机的集尘装置，其设于自动裁剪机裁床的后部下方，其特征在于，所述集尘装置包括：一抽屉箱，其固定设于自动裁剪机裁床的下方，所述抽屉箱的侧壁具有一气出口；一抽屉，其设于所述抽屉箱内，所述抽屉具有一集尘腔，所述集尘腔与自动裁剪机裁床的真空腔导通，所述抽屉上对应气出口的位置设置有一滤网。如权利要求1所述的用于自动裁剪机的集尘装置，其特征在于，还包括一法兰，其与所述抽屉箱固定连接，所述法兰的内孔与抽屉箱的出气口对应设置。如权利要求1或2所述的用于自动裁剪机的集尘装置，其特征在于，所述抽屉设置为可推进或拉出抽屉箱。
125. 202766881 一种拾料区域面积固定的数控裁床拾料台装置
CN
06.03.2013
D06H 7/00 Loading...
D06H 7/00
Loading...
201120556034.0
上海和鹰机电科技股份有限公司
尹智勇
D06H 7/00
Loading...
本实用新型公开了一种拾料区域面积固定的数控裁床拾料台装置，包括过渡区、送料区和拾料区,所述数控裁床拾料区域面积X方向长度恒定，拾料台缓冲区取消。本实用新型将现有技术中拾料区域面积X方向有2500mm、3500mm两种，拾料台存在缓冲区，改为拾料区域面积X方向为2500mm一种，拾料台不存在缓冲区。在保证操作工将裁片分类整理的情况下，该装置可以缩短裁片传送距离、提高拾料装配效率、降低裁床制造过程原材料的使用，大大降低生产成本。
126. 202668083 一种数控裁剪机工作台的新型转动机构
CN
16.01.2013
B23Q 1/26 Loading...
B23Q 1/26
Loading...
201220016396.5
上海和鹰机电科技股份有限公司
尹智勇
B23Q 1/26
Loading...
本实用新型公开了一种数控裁剪机工作台的新型转动机构，机构包括：工作台支架、锥套、止紧螺丝、锁紧套、旋转架、工作台，所述的工作台支架上部具有内螺纹，所述的锥套为楔形，通过所述的止紧螺丝固定在所述的工作台支架内中部，所述的锁紧套上部外表面滚花，中部有外螺纹，下端有4个开口，形成4个圆弧片，所述的旋转架置于所述的锁紧套内壁，所述的旋转架与所述工作台固定，所述的锁紧套旋入所述的工作台支架与所述的锥套内壁接触，所述的锁紧套下端4个圆弧片紧贴所述的锥套，所述的锁紧套与所述的旋转架摩擦力变大，调整所述工作台和所述锁紧套之间配合松紧度。本实用新型具有调节工作台转动松紧度，结构简单，操作方便优点。
127. 202668649 一种用于数控裁剪机的暂停、急停装置
CN
16.01.2013
B26D 7/22 Loading...
B26D 7/22
Loading...
201220016325.5
上海和鹰机电科技股份有限公司
尹智勇
B26D 7/22
Loading...
本实用新型公开了一种用于数控裁剪机的暂停、急停装置，包括Y轨罩壳、急停按钮、启动按钮，所述的急停按钮和所述的启动按钮设置在数控裁剪机左侧所述的Y轨罩壳上，本实用新型具有操作简单、提高工作效率、减少安全隐患的优点。
128. 202668663 一种用于数控裁剪机的新型打孔和磨刀组合装置
CN
16.01.2013
B26D 9/00 Loading...
B26D 9/00
Loading...
201220016424.3
上海和鹰机电科技股份有限公司
尹智勇
B26D 9/00
Loading...
本实用新型公开了一种用于数控裁剪机的新型打孔和磨刀组合装置，用于控制数控裁剪机打孔和磨刀，包括：电机、电机座、联轴器、传动机构、打孔机构、磨刀机构、中间板。打孔机构是电机通过联轴器连接一个传动轴，传动轴再通过一个装有正转单向轴承的同步带轮与打孔器的同步带轮相连接，带动打孔机构工作；磨刀机构是电机通过联轴器连接一个传动轴，传动轴再通过一个装有反转单向轴承的同步带轮，同时通过转接连板过渡，与磨刀砂轮相连接；磨刀方式是利用磨刀气缸活塞杆缩回时磨刀，活塞杆伸出时进行裁剪工作，结构合理，调刀非常容易。本实用新型主要用于数控裁剪机，提高了配线的效率、防止了因电磁干扰引起的信号不良、提高了电气元件的使用寿命的优点。
129. 202543687 用于自动裁剪机的压盘装置
CN
21.11.2012
D06H 7/00 Loading...
D06H 7/00
Loading...
201120551475.1
上海和鹰机电科技股份有限公司
尹智勇
D06H 7/00
Loading...
本实用新型公开了一种用于自动裁剪机的压盘装置，其包括一压盘以及一刀盘限位装置，刀盘限位装置包括：一可上下移动的第一带轴轴承；一设于第一带轴轴承下方的第二带轴轴承，其固定设于一可上下移动的固定板上；此外，压盘与固定板之间柔性连接；压盘的下表面为球形弧面或近似为球形弧面。本实用新型所述的用于自动裁剪机的压盘装置具有以下优点：(1)采用本实用新型所述的技术方案能够有效地避免了面料蓬起，从而降低了设备的故障率；(2)采用本实用新型所述的技术方案能够有效地避免刀盘刮到面料，从而有效地降低了面料的损坏率；(3)由于避免了刀盘刮到面料，从而延长了刀盘的使用寿命。
130. 202448178 一种打孔器
CN
26.09.2012
B26F 1/16 Loading...
B26F 1/16
Loading...
201120564611.0
上海和鹰机电科技股份有限公司
尹智勇
B26F 1/16
Loading...
本实用新型公开了一种打孔器，其包括：一气缸，气缸的活塞杆为中空的活塞套；一打孔器主体，其设于活塞套内；一电机，其设于活塞套内，并与打孔器主体的一端连接以驱动打孔器主体绕着其自身轴心转动；一钻头，其与打孔器主体的另一端连接。本实用新型所述的打孔器具有结构紧凑的优点，从而大幅减小了打孔器的体积，有效节省了打孔器所占用的空间。
131. 202448179 一种钻头
CN
26.09.2012
B26F 1/16 Loading...
B26F 1/16
Loading...
201120565249.9
上海和鹰机电科技股份有限公司
尹智勇
B26F 1/16
Loading...
本实用新型公开了一种钻头，其具有一工作端和一固定端；钻头的固定端具有一内陷于钻头外圆周面的平面，该平面与钻头的轴向方向平行；钻头的固定端还具有一沿钻头的周向方向开设的卡槽，该卡槽的深度方向与钻头的径向方向一致，卡槽自平面延伸至钻头的外圆周面，卡槽的底部为弧形。本实用新型所述的钻头具有在保证其能够牢固地安装于打孔器上的同时，方便工作人员对其进行安装、拆卸以及更换的优点。
132. 202450353 铺布机切刀装置
CN
26.09.2012
D06H 7/00 Loading...
D06H 7/00
Loading...
201120545839.5
上海和鹰机电科技股份有限公司
尹智勇
D06H 7/00
Loading...
本实用新型公开了一种铺布机切刀装置，其包括一圆刀，以及沿所述圆刀的轴向方向依次设置的一底刀、一底刀座和一底刀架；其中所述底刀固定设于底刀座上，所述底刀座设于底刀架上，所述底刀架与圆刀之间的轴向距离相对固定；至少一弹簧设于所述底刀座与底刀架之间，所述底刀座与底刀架相对应的两个面上开设有至少一对盲孔，所述至少一弹簧的两端分别对应设于所述至少一对盲孔中，所述弹簧具有一预紧力以使所述底刀始终紧贴圆刀设置。本实用新型所述的铺布机切刀装置能够使底刀始终自动紧贴圆刀，从而保证良好的切布效果。
133. 202449663 铺布机压布装置
CN
26.09.2012
B65H 47/00 Loading...
B65H 47/00
Loading...
201120545837.6
上海和鹰机电科技股份有限公司
尹智勇
B65H 47/00
Loading...
本实用新型公开了一种铺布机压布装置，其包括：一可绕着其自身轴心转动的压布管，一与所述压布管通过连接件固定连接的压布条，以及一设于所述压布条下方的压布底板；一压布管连接块，其具有一第一端和一第二端，所述压布管连接块的第一端与所述压布管固定连接；一气缸连接块，其具有一第一端和一第二端，所述气缸连接块的第一端与压布管连接块的第二端铰接；一气缸，其活塞杆与所述气缸连接块的第二端固定连接。
134. 202344597 一种刀片锁块
CN
25.07.2012
B26D 7/26 Loading...
B26D 7/26
Loading...
201120342229.5
上海和鹰机电科技股份有限公司
尹智勇
B26D 7/26
Loading...
本实用新型公开了一种刀片锁块，其上安装有一刀片，刀片上设有一安装孔，并且刀片具有沿刀片的长度方向向两端延伸的两个对角设置的刀尖；所述刀片锁块包括：一基座，其具有沿其长度方向的第一端和第二端以及沿其宽度方向的第一边沿和第二边沿，第一端靠近第一边沿处具有一沿基座的长度方向向外伸出的突出端，其与一刀轴连接，所述第一端靠近第二边沿处为一弧形内凹；基座上靠近第二端处开设有一螺纹通孔；两边沿凸起，分别设于沿着第一边沿和第二边沿的边沿上；一轴端凸起，其设置于突出端；轴端凸起与两边沿凸起在基座上形成一刀片安装槽，轴端凸起与螺纹通孔之间的距离小于所述刀尖与安装孔之间的距离。
135. 202344599 一种多打孔装置
CN
25.07.2012
B26F 1/02 Loading...
B26F 1/02
Loading...
201120430418.8
上海和鹰机电科技股份有限公司
尹智勇
B26F 1/02
Loading...
本实用新型公开了一种多打孔装置，其包括：至少两个冲孔杆；至少两个下主轴，其分别与所述至少两个冲孔杆的上端连接；至少两个皮带轮，其中心处固定设有导杆，所述各导杆的下端分别通过一联轴器与所述各下主轴的上端对应连接；一驱动电机，其与所述至少两个皮带轮中的一个连接，并通过缠绕于皮带轮上的皮带驱动所述至少两个皮带轮同步转动；至少两个下固定板，所述至少两个冲孔杆分别对应固定设于其上；一上固定板，其设置为与所述下固定板可在竖直方向上相对滑动；至少两个气缸，其均固定设置于所述上固定板上，所述各气缸的气缸杆分别与至少两个下固定板对应固定连接，推动至少两个下固定板在竖直方向上与上固定板发生相对滑动。
136. 202279983 一种高频振动切刀
CN
20.06.2012
D06H 7/00 Loading...
D06H 7/00
Loading...
201120342262.8
上海和鹰机电科技股份有限公司
尹智勇
D06H 7/00
Loading...
本实用新型公开了一种高频振动切刀，包括一电机；一偏心轴，其一端与所述电机连接，其另一端与一轴承连接；一刀轴，其上端设有一对台，其下端与一刀片连接，所述刀轴设于一刀筒内，可在刀筒内上下往复运动；所述轴承设于所述对台的内槽内，所述偏心轴的轴承座与刀筒的上端固定连接；所述偏心轴的偏心距为0.6～1mm；此外，所述高频振动切刀还包括：一扇形平衡块，其设置于所述偏心轴上靠近与电机连接的一端，所述扇形平衡块设置为其重心与偏心轴的偏心端以偏心轴的回转中心线为中心分布在180度方向。
137. 202279984 一种自动裁剪机
CN
20.06.2012
D06H 7/00 Loading...
D06H 7/00
Loading...
201120342265.1
上海和鹰机电科技股份有限公司
尹智勇
D06H 7/00
Loading...
本实用新型公开了一种自动裁剪机，其包括：一机架；一设于所述机架上的工作台面；一与机架固定的X轨梁，所述X轨梁的长度方向与工作台面的宽度方向一致；一对并列设置的可沿工作台面的宽度方向滑动的Y轨梁，以及一对裁剪机机头；所述X轨梁高于所述工作台面，设于所述工作台面的上方；所述一对Y轨梁悬挂地设于所述X轨梁下方，所述一对Y轨梁与所述X轨梁滑动连接，沿着X轨梁的长度方向在X轨梁上滑动；所述一对机头，分别对应固定设于所述一对Y轨梁上。
138. 202247468 用于自动裁剪机的气冷却装置
CN
30.05.2012
D06H 7/00 Loading...
D06H 7/00
Loading...
201120179155.8
上海和鹰机电科技股份有限公司
尹智勇
D06H 7/00
Loading...
本实用新型公开了一种用于自动裁剪机的气冷却装置，包括分离器、过滤器、出气管、喷嘴、弯板。所述分离器上设有弯板，所述出气管为橡胶管或塑料软管，分离器的进气口处设有一球阀，使用时，打开进气口处的球阀，冷却气或冷却雾进入分离器，分离气将冷却气或冷却雾中的水分等杂质分离出来送入过滤器，分离出来的较纯净的冷却气或冷却雾由出气口经出气管通过喷嘴喷向裁刀刀刃对其冷却，达到降低刀具温度的作用，保护了布料不受其烫伤损坏，提高了产品质量，并产生良好的经济效益。
139. 202157228 用于自动裁剪机的双打孔装置
CN
07.03.2012
D06H 7/00 Loading...
D06H 7/00
Loading...
201120180673.1
上海和鹰机电科技股份有限公司
尹智勇
D06H 7/00
Loading...
本实用新型公开了一种用于自动裁剪机的双打孔装置，包括横向平行的上固定板、上板、中板和下板。在所述的上板与中板间纵向贯穿有两根平行的下主轴，所述的中板垂直向下设有两个钻夹头和两个安装固定在钻夹头上的钻孔杆，所述的钻孔杆是中空的圆柱体，且钻孔杆的外圆周面有刃口。所述的上固定板上设有顶杆，所述的顶杆下方还设有垂直向下依次贯穿下主轴、钻夹头和钻孔杆的清理针，下主轴通过钻夹头与钻孔杆连接。本实用新型通过采用了两个钻孔杆的同时作业，以及清理针的设置具有钻孔更彻底、定位精确、钻孔精度高、以及工作效率高的优点。
140. 102233528 Automatic sharpening device for spreading machine
CN
09.11.2011
B24B 3/36 Loading...
B24B 3/36
Loading...
201010164229.0
Shanghai Yin Science & Technology Co., Ltd.
Yin Zhiyong
B24B 3/36
Loading...
The invention discloses an automatic sharpening device for a spreading machine. The automatic sharpening device comprises a sharpening mechanism and a travelling mechanism, wherein the travelling mechanism comprises a guide rail and a guide wheel fixed on a guide wheel connecting plate, the guide wheel is matched and connected with the guide rail, collision blocks are arranged at two ends of the guide rail, and a sharpening assembly is connected with the guide wheel connecting plate of the travelling mechanism through a connector; and the sharpening mechanism comprises a mounting plate and a grinding wheel assembly, the grinding wheel assembly is arranged at one side of the mounting plate, a circular blade connected with a motor output shaft is arranged at the other side of the mounting plate, and the grinding wheel assembly can pass through a through hole in the mounting plate and is in contact with the circular blade in a certain inclination angle. The automatic sharpening device has the advantages of simple structure, convenience for operation and good sharpening effect.
141. 102234892 Cloth feeding machine
CN
09.11.2011
D06B 23/04 Loading...
D06B 23/04
Loading...
201010164232.2
Shanghai Yin Science & Technology Co., Ltd.
Yin Zhiyong
D06B 23/04
Loading...
The invention discloses a cloth feeding machine, which comprises two vertical plates parallelly arranged at an interval. The inner side faces of the two vertical plates are respectively provided with a chain transmission mechanism driven by a motor; each chain transmission mechanism comprises upper and lower gears arranged at upper and lower ends of each vertical plate; the upper and lower gears are provided with chains; a lifting board is arranged on the side face of each chain; a supporting plate is obliquely arranged on the side face of the lifting board; and two supporting plates are provided with a cloth feeding plate through screws. The cloth feeding machine can lift cloth onto a frame of a spreading machine, and has the advantages of simple structure and convenience in operation.
142. 102234893 Cloth taking-up and self-lock device for spreading machine
CN
09.11.2011
D06C 3/00 Loading...
D06C 3/00
Loading...
201010164235.6
Shanghai Yin Science & Technology Co., Ltd.
Yin Zhiyong
D06C 3/00
Loading...
The invention relates to a cloth taking-up and self-locking device for a spreading machine, comprising a first side plate and a second side plate which are parallelly arranged. The device provided by the invention is characterized in that a support rotating shaft is disposed through the intermediate positions of the first side plate and the second side plate; two ends of the support rotating shaft are respectively connected with a first cloth taking-up rod and a second cloth taking-up rod; ends of the first cloth taking-up rod and the second cloth taking-up rod are connected with a cloth taking-up roller, a chucking mechanism is disposed in the joint of at least one of the first cloth taking-up rod and the second cloth taking-up rod and the cloth taking-up roller, and a spacing adjustment composition is disposed on the at least one of the first side plate and the second side plate corresponding to the position of the chucking mechanism. The device provided by the invention has advantages of simple structure, convenient operation and high work efficiency.
143. 202017028 用于真皮裁剪系统的风门开关装置
CN
26.10.2011
C14B 5/00 Loading...
C14B 5/00
Loading...
201120013911.X
上海和鹰机电科技股份有限公司
尹智勇
C14B 5/00
Loading...
本实用新型公开了一种用于真皮裁剪系统的风门开关装置，包括风门开关上盖和风门开关下盖，所述的风门开关上、下盖通过螺栓连接，在所述的风门开关上、下盖表面设置有同等直径的圆形通孔，在所述的风门开关上、下盖之间形成有容置空间，在所述的容置空间中设置有电机固定座、齿轮传动机构固定座和风门合页组件安装座，在所述的电机固定座中通过风门开关上、下盖之间的卡槽安装有电机；在所述的齿轮传动机构固定座中安装有齿轮传动机构；在所述的风门合页组件安装座上设置有风门合页组件。本实用新型技术方案具有结构简单、吸附强度大的优点。
144. 201971842 用于真皮裁剪系统的真空吸附装置
CN
14.09.2011
C14B 5/00 Loading...
C14B 5/00
Loading...
201120022995.3
上海和鹰机电科技股份有限公司
尹智勇
C14B 5/00
Loading...
本实用新型公开了一种用于真皮裁剪系统的真空吸附装置，包括排空仓框架，在所述的排空仓框架内安装隔板I和隔板II，在所述的排空仓框架的上、下端面安装支撑板和密封板，在所述的排空仓框架的两侧安装排气孔；在所述的隔板I和隔板II的表面设置有若干通孔，所述的隔板I贯穿于隔板II呈90度安装，将所述的排空仓框架分隔成若干大小均匀的相互贯通的容置空间。本实用新型技术方案具有结构简单、吸附效率高的优点。
145. 201942894 用于拉布机的前展布装置
CN
24.08.2011
D06C 3/00 Loading...
D06C 3/00
Loading...
201120029832.8
上海和鹰机电科技股份有限公司
尹智勇
D06C 3/00
Loading...
本实用新型公开了一种用于拉布机的前展布装置，包括电机固定板，在所述电机固定板上方中间位置的左、右两侧分别安装电机，在所述电机固定板下方左、右两端共设有两组皮带轮传动组件，所述的皮带轮传动组件通过皮带连接，所述的皮带轮传动组件通过安装在所述电机固定板上方的电机驱动。本实用新型由于采用两组皮带轮传动组件相互配合具有结构简单、展布效率高的有益效果。
146. 201923692 用于拉布机的后展布装置
CN
10.08.2011
B65H 23/34 Loading...
B65H 23/34
Loading...
201120029831.3
上海和鹰机电科技股份有限公司
尹智勇
B65H 23/34
Loading...
本实用新型公开了一种用于拉布机的后展布装置，包括展布架，在所述的展布架的左、右两端安装电机固定座，在所述的展布架中间位置的上方安装挡板，在所述的档板的左、右两侧共设有两组皮带轮传动组件，所述的皮带轮传动组件通过皮带连接，所述的皮带轮传动组件通过安装在所述电机固定座上的电机驱动。本实用新型由于采用两组皮带轮传动组件相互配合具有结构简单、展布效率高的有益效果。
147. 201924025 用于真皮裁剪系统的机头装置
CN
10.08.2011
C14B 5/00 Loading...
C14B 5/00
Loading...
201120022999.1
上海和鹰机电科技股份有限公司
尹智勇
C14B 5/00
Loading...
本实用新型公开了一种用于真皮裁剪系统的机头装置，包括机头安装板，在所述的机头安装板的侧面安装连接板、托架和机头组合体，所述的连接板和托架分别连接废料吸入装置的上、下端，所述的废料吸入装置紧贴于机头组合体；所述的机头组合体包括设置为两排并列的安装固定座，在所述的安装固定座上安装有裁刀装置、废料储存装置、实芯钻、画笔装置、第一钻孔装置和第二钻孔装置。本实用新型具有结构简单、功能齐全、更换方便、可以提高裁剪准确度的有益效果。
148. 201864948 一种用于拉布机的挑布自锁装置
CN
15.06.2011
D06C 3/00 Loading...
D06C 3/00
Loading...
201020180863.9
上海和鹰机电科技股份有限公司
尹智勇
D06C 3/00
Loading...
本实用新型涉及一种用于拉布机的挑布自锁装置，包括平行设置的第一侧板和第二侧板，在所述第一侧板和第二侧板的中间位置贯穿有支撑转轴，所述的支撑转轴的两端分别与第一挑布杆和第二挑布杆相连接，在所述第一挑布杆和第二挑布杆的端部连接有挑布滚筒，所述第一挑布杆和第二挑布杆中的至少一个与所述挑布滚筒的连接处设有卡紧机构，在至少一个所述第一侧板和第二侧板上对应于所述卡紧机构的位置设有限位调节结构。本实用新型具有结构简单、操作方便、工作效率高的优点。
149. 201817702 上布机
CN
04.05.2011
D06B 23/04 Loading...
D06B 23/04
Loading...
201020180825.3
上海和鹰机电科技股份有限公司
尹智勇
D06B 23/04
Loading...
本实用新型公开了一种上布机，包括平行且间隔设置的两立板，在所述两立板内侧面分别设有通过电机驱动的链条传动机构，各该链条传动机构包括分别设在所述两立板上、下两端的上齿轮和下齿轮，所述上齿轮和下齿轮上安装有链条，在每一所述链条的侧面设有升降板，在所述升降板的侧面倾斜设有托板，在两个所述托板上通过螺钉安装有送布板。本实用新型可将布料抬放至拉布机机架上，具有结构简单，操作方便的优点。
150. 201807951 用于拉布机的自动磨刀装置
CN
27.04.2011
B24B 3/36 Loading...
B24B 3/36
Loading...
201020180808.X
上海和鹰机电科技有限公司
尹智勇
B24B 3/36
Loading...
本实用新型公开了一种用于拉布机的自动磨刀装置，包括磨刀机构和行走机构，所述行走机构包括导轨和固定在导轮连接板上的导轮，所述导轮与所述导轨配合连接，所述导轨的两端设有碰块，所述磨刀组件通过连接件与所述行走机构的导轮连接板相连接；所述磨刀机构包括安装板和砂轮组件，所述砂轮组件设置在所述安装板的一侧，在所述安装板的另一侧设有与电机输出轴相连接的圆刀片，所述砂轮组件能穿过所述安装板上的通孔并与所述圆刀片呈一定倾角相接触。本实用新型具有结构简单、操作方便、磨刀效果好的优点。
151. 101962909 Lifting device for spreading machine
CN
02.02.2011
D06H 7/00 Loading...
D06H 7/00
Loading...
200910055249.1
Shanghai Yin Science & Technology Co., Ltd.
Yin Zhiyong
D06H 7/00
Loading...
The invention relates to a lifting device for a spreading machine. The lifting device for the spreading machine comprises a left machine frame and a right machine frame which are arranged on the two sides of the spreading machine, wherein lifting guide rails are arranged on a left machine frame plate and a right machine frame plate; a lifting driving shaft passes through the two sides of the machine frame plates; a lifting chainwheel base is arranged at the lower ends of the left machine frame and the right machine frame; a lifting transition chainwheel and a lifting chainwheel are arranged on the lifting chainwheel base; the lifting chainwheel is connected with the lifting transition chainwheel through a chain; the chain is connected with a connecting block through a chain joint; the connecting block passes through the lifting guide rails; the connecting block is driven to do up-and-down linear motion through the up-and-down transmission of the chain; an upper connecting shaft and a lower connecting shaft are arranged on the connecting block; the plurality of connecting shafts pass through the left machine frame plate and the right machine frame plate; when the central line, where the upper connecting shaft and the lower connecting shaft are, is deflected, the upper connecting shaft and the lower connecting shaft do eccentric motion; the lower connecting shaft is arranged between an upper lifting guide wheel and a lower lifting guide wheel; and a lifting arm is connected with a cutter device. The lifting device for the spreading machine has the advantages of simple structure, balanced force, smooth operation and improved transmission efficiency.
152. 101961153 Cutting method for garment material
CN
02.02.2011
A41H 3/00 Loading...
A41H 3/00
Loading...
200910055240.0
Jiangsu Heling Software Co., Ltd.
Yin Zhiyong
A41H 3/00
Loading...
The invention discloses a cutting method for a garment material, which is characterized by comprising the following steps of: performing CAD software design on the shape of each part of a garment to be sheared through a computer, sheeting the design of each part, performing sequential numbering among the parts to integrate the software designs of the parts together, and storing the designs as a marker graph of a DWG format; processing program controlled processing on the marker graph through SUPER CUT software which can convert the marker graph, and connecting the information acquired after the conversion to a server of an automatic cutting machine through a SUPER CUT software control drive card; and after the server acquires the instructions, controlling motor drive, further controlling a cutter arranged on an execution mechanism, and cutting the material spread on a platform of the automatic cutting machine according to the CAD design. The cutting method has the characteristics of simple operation, high production efficiency and capability of saving the production cost.
153. 101851851 Control needle bed of automatic cutting machine matched with device for strip matching and plaid matching
CN
06.10.2010
D06H 7/00 Loading...
D06H 7/00
Loading...
200810201402.2
Shanghai Yin Science and Technology Co., Ltd.
Yin Zhiyong
D06H 7/00
Loading...
The invention discloses a control needle bed of an automatic cutting machine matched with a device for strip matching and plaid matching. The lower side of a rack (33) is respectively connected with a left connection plate (10) and a right connection plate (14) through a rack support plate (32); the rack (33) is provided with a needle fixed plate, and the bottom ends of the left and right connection plates are provided with a rotation shaft (9) respectively; a crank block mechanism is arranged between the rotation shaft (9) and the rack supported plate (32); the crank block mechanism comprises the rotation shaft (9), a crank block (36), a pull rod (13), a slide block (4), wherein the slide block (4) pumps in a guide groove formed by a support block (3) and a cover plate (5); a limit block (30) is fixed at the bottom end of the left and right connection plate; and two ends of the rotation shaft (9) are provided with a rotary rocking handle (15) respectively. The invention has simple structure and convenient mounting, can control cutting when strip matching and plaid matching needs to be carried out on the stripe check fabric, and enables the stripe positions of the upper and lower layers of the laid fabric to be uniform.
154. 101812548 Paintbrush device for leather cutting system
CN
25.08.2010
C14B 5/00 Loading...
C14B 5/00
Loading...
200910046458.X
Shanghai Yin Science and Technology Co., Ltd.
Yin Zhiyong
C14B 5/00
Loading...
The invention discloses a paintbrush device for a leather cutting system. A fixed base is tightly connected with a frame; a guide rail base is arranged on the fixed base; a guide rail is arranged on the guide rail base; a slide block is clamped on the guide rail, and is connected with a paintbrush fixing base. A cylinder is arranged above the guide rail base; the cylinder is connected with the upper end of the paintbrush fixing base; a buffer is arranged on the lower part of the guide rail base; the paintbrush fixing base is connected with a brush rotating sleeve through threads; a paintbrush is fixed in the brush rotating sleeve; and a spring is arranged inside the brush rotating sleeve. The technical scheme of the invention has the advantages of simple structure and convenient replacement, and can improve the debugging accuracy.
155. 101775738 Electrically controlled needle bed capable of matching automatic cutting machine
CN
14.07.2010
D06H 7/00 Loading...
D06H 7/00
Loading...
200910045136.3
Shanghai Yin Science & Technology Co., Ltd.
Yin Zhiyong
D06H 7/00
Loading...
The invention discloses an electrically controlled needle bed capable of matching automatic cutting machine, which comprises a needle bed support, a needle plat bracket, a reducer, a transmission mechanism and a control device; a bedplate is arranged above long pull rods, second connecting rods and guide rail rods of the needle bed support, and is provided with a plurality of through holes; the needle bed support is connected with fixing plates through the long pull rods and the guide rail rods; the needle plate bracket is arranged above support plates; the reducer comprises a speed-reducing motor, a worm reduction gear, a coupler connected with the worm reduction gear and a main transmission shaft; the transmission mechanism comprises the support plates, racks and gears; the control device comprises an electric cabinet; a limit plate is arranged above the needle bed bracket; an upper limit connecting plate is arranged on the second connecting rods; a lower limit connecting plate is arranged on the fixing plates; and limit switches are arranged on the upper and lower limit connecting plates. The electrically controlled needle bed can control stripe positions of upper and lower-layer paved fabrics consistent when stripe and check fabrics needing matching stripes and checks are cut.
156. 101725818 Safety anticollision system
CN
09.06.2010
F16P 3/12 Loading...
F16P 3/12
Loading...
200810201403.7
Shanghai Yin Science & Technology Co., Ltd.
Yin Zhiyong
F16P 3/12
Loading...
The invention discloses an equipment safety anticollision system which comprises safety poles and an anticollision shaft; the safety poles are arranged at the left end and the right end of the anticollision shaft, and the pole parts of the safety poles extend out at the outer side of the equipment; the left safety pole and the right safety pole are connected through the anticollision shaft; a bearing pedestal for fixing a linear bearing is respectively arranged at the left and the right of an axial position of the anticollision shaft; at least one inductive element fixing plate is arranged on the bearing pedestal along the axial inner side of the anticollision shaft; an elastic part pushing against the tensile force of an inner wall is arranged between the inductive element fixing plate and the bearing pedestal; and a sensor fixing plate is also arranged at the radial outer side of the anticollision shaft, and a sensor corresponding to the inductive element fixing plate is arranged on the fixing plate. When operating staff touches the safety poles, a driving device is immediately controlled to stop working so as to ensure the safety of the operating staff. The safety anticollision system also can be reset so as to ensure normal operation.
157. 201501882 用于真皮裁剪系统的画笔装置
CN
09.06.2010
C14B 5/00 Loading...
C14B 5/00
Loading...
200920067967.6
上海和鹰机电科技有限公司
尹智勇
C14B 5/00
Loading...
本实用新型公开了一种用于真皮裁剪系统的画笔装置，固定座与机架紧固连接；在固定座上安装导轨座，导轨安装在导轨座上；滑块卡入所述的导轨上，滑块与画笔固定座连接；在导轨座的上方安装有气缸，气缸与画笔固定座的上端连接；在的导轨座的下方安装有缓冲器；画笔固定座与笔旋套螺纹连接；画笔固定在笔旋套内，笔旋套内设置有弹簧，本实用新型技术方案结构简单，更换方便，可以提高调试准确度。
158. 201459434 一种用于拉布机的升降装置
CN
12.05.2010
D06C 3/00 Loading...
D06C 3/00
Loading...
200920075130.6
上海和鹰机电科技有限公司
尹智勇
D06C 3/00
Loading...
一种用于拉布机的升降装置，包括拉布机二侧的左机架和右机架，升降导轨安装在左右侧机架板上；在机架板的二侧穿设有升降传动轴；在左右机架的下端安装有升降链轮座，在升降链轮座上安装有升降过渡链轮，并安装有升降链轮；在升降链轮与升降过渡链轮之间通过链条连接；链条通过链条接头与连接块相连接，连接块贯穿于升降导轨内，通过链条的上下传动带动连接块上下直线运动；在连接块上设置有上下连接轴，数个连接轴贯穿于左、右侧机架板；上下连接轴所在的中心线偏移，上下连接轴偏心运动；下连接轴设置在上下升降导轮之间；升降臂与切刀装置相连接；结构简单，受力平衡，运行顺畅，提高了传动效率。
159. 101660252 Cloth-pressing device for cloth-spreading machine
CN
03.03.2010
D06C 3/06 Loading...
D06C 3/06
Loading...
200810042064.2
Shanghai Yin Science and Technology Co., Ltd.
Yin Zhiyong
D06C 3/06
Loading...
The invention discloses a cloth-pressing device for a cloth-spreading machine, which comprises a left side plate and a right side plate, wherein a cloth-feeding roller is arranged between the left side plate and the right side plate, a cloth-guiding plate is obliquely arranged under the cloth-feeding roller, and a cloth-pressing mechanism is arranged on the cloth-guiding plate. The cloth-pressingdevice has advantages of high cutting precision, even cloth press, time saving, convenient operation and high working efficiency.
160. 101649534 Walking wheel driving mechanism used for cloth-stentering machine
CN
17.02.2010
D06C 3/00 Loading...
D06C 3/00
Loading...
200810041760.1
Shanghai Yin Science & Technology Co., Ltd.
Yin Zhiyong
D06C 3/00
Loading...
The invention discloses a walking wheel driving mechanism used for a cloth-stentering machine, which comprises a left side frame plate and a right side frame plate arranged in parallel, wherein the undersides of the left side frame plate and the right side frame plate are provided with two walking wheels respectively; the outer sides of the left side frame plate and the right side frame plate areprovided with belt pulley drive assemblies respectively; the belt pulley drive assemblies are connected with the walking wheels through belts; and the belt pulley drive assemblies are driven by a motor. The walking wheel driving mechanism used for the cloth-stentering machine has the advantages of simple mounting, stable driving and high driving accuracy.
161. 101648388 Cut-off knife used for automatic cutting machine
CN
17.02.2010
B26D 1/06 Loading...
B26D 1/06
Loading...
200810041759.9
Shanghai Yin Science & Technology Co., Ltd.
Yin Zhiyong
B26D 1/06
Loading...
The invention discloses a cut-off knife used for an automatic cutting machine, which comprises a flat-bar shaped cut-off knife body. The cut-off knife body comprises a knife handle, a blade and a knife back, wherein the front end of the blade is provided with an oblique cutting edge. The included angle of the cutting edge and the blade is between 38 and 40 degrees. The included angle of the cutting edge and the edge line of the black is 5.71 degrees. The cut-off knife body is made of W18Cr4V high speed steel. The cut-off knife used for the automatic cutting machine has the advantages of high cutting accuracy, long service life and high working efficiency.
162. 201339802 安全防撞系统
CN
04.11.2009
F16P 3/12 Loading...
F16P 3/12
Loading...
200820154204.0
上海和鹰机电科技有限公司
尹智勇
F16P 3/12
Loading...
本实用新型公开了一种设备安全防撞系统，包括：安全杆和防撞轴；安全杆设置在防撞轴的左右二端、安全杆杆部探出在设备的外侧；左右安全杆之间由防撞轴进行连接；在防撞轴轴向位置的左右分别设置有固定线性轴承的轴承座；在上述轴承座沿防撞轴轴向内侧设置有至少一个具有感应元件固定板；在感应元件固定板与轴承座之间设有与其内壁张力抵顶的弹性部件；在上述防撞轴的径向外侧还设有传感器固定板，在该固定板上设有与上述感应元件固定板相对应的传感器。在操作人员碰触到安全杆，将立即控制驱动装置停止工作，以确保操作人员的安全。该安全防撞系统还可以进行复位，以保证作业的正常进行。
163. 201339138 可配合自动裁剪机工作的电动控制针床
CN
04.11.2009
D06H 7/00 Loading...
D06H 7/00
Loading...
200920066715.1
上海和鹰机电科技有限公司
尹智勇
D06H 7/00
Loading...
一种可配合自动裁剪机工作的电动控制针床，包括：针床架体、针板托架、减速机构、传动机构、控制装置；在针床架体的长拉杆、第二连杆以及导轨杆上方安装台板，在台板中设置有多个通孔；针床架体由长拉杆、导轨杆和固定板连接；针板托架设置在支撑板的上方；减速机构包括有减速电机、蜗轮减速机，与蜗轮减速机相连接的连轴器、以及主传动轴；传动机构包括有支撑板，以及齿条、齿轮；控制装置包括有电控箱；在针板托架的上方的限位板，在第二连杆上的上限位连接板，在固定板上安装下限位连接板；在上述上、下限位连接板上安装限位开关。可以控制裁剪需要进行对条对格的条纹格子面料时，使得上下层铺设面料的条纹位置保持一致性。
164. 201288254 一种用于拉布机的压布装置
CN
12.08.2009
D06C 3/06 Loading...
D06C 3/06
Loading...
200820152340.6
上海和鹰机电科技有限公司
尹智勇
D06C 3/06
Loading...
本实用新型公开了一种用于拉布机的压布装置，包括左侧板、右侧板，在所述的左侧板、右侧板之间设有送布滚筒，在所述送布滚筒下方安装有倾斜设置的布料导向板，在所述布料导向板上设有压布机构。本实用新型具有裁剪精度高、压布均匀、节约时间、操作方便、工作效率高的优点。
165. 101492868 Speed reduction stop apparatus of batching round bar of cloth dragging machine
CN
29.07.2009
B65H 16/00 Loading...
B65H 16/00
Loading...
200810032899.X
Shanghai Yin Science & Technology Co., Ltd.
Yin Zhiyong
B65H 16/00
Loading...
The invention discloses an acceleration cessation device of a rolling round bar of a spreader, the device comprises a friction belt, a tension spring, a bolt, a pull rod and a strain holder, the friction belt is mounted at one end of the rolling round bar of the spreader, two ends of the friction belt are tensioned and interconnected via the bolt, one end of the tension spring is connected to the bolt while the other end of the tension spring is connected with the pull rod, a U-shaped through hole is provided on the strain holder, the pull rod passes through the U-shaped through hole, the strain holder is fixedly connected to the frame of the spreader, the pull rod is vertically movable within the U-shaped through hole. The invention has simple structure, convenient operation and improved working efficiency.
166. 101492879 Knife assembly of cloth dragging machine
CN
29.07.2009
D06H 7/00 Loading...
D06H 7/00
Loading...
200810032910.2
Shanghai Yin Science & Technology Co., Ltd.
Yin Zhiyong
D06H 7/00
Loading...
The invention discloses a cutter device of a spreader, comprising a motor and a motor fixing plate. A nylon wheel set and the motor are mounted on the motor fixing plate. A rotating shaft of the motor is provided with a blade component. The invention has the advantages of simple structure, high cutting quality and high working efficiency.
167. 201280635 配有对条对格装置的自动裁剪机的控制针床
CN
29.07.2009
D04B 15/10 Loading...
D04B 15/10
Loading...
200820154203.6
上海和鹰机电科技有限公司
尹智勇
D04B 15/10
Loading...
本实用新型公开了一种配有对条对格装置的自动裁剪机的控制针床，机架(33)的下侧通过机架支撑板(32)分别连接左连接板(10)、右连接板(14)；在机架(33)上设有针固定板，在左右连接板的底端安装转动轴(9)；在转动轴(9)和机架支撑板(32)之间设有曲柄滑块机构；曲柄滑块机构，包括：转动轴(9)、曲柄块(36)、拉杆(13)和在支撑块(3)与盖板(5)组成的导向槽内作上下往复运动的滑块(4)；在左右连接板的底端位置固定有限位块(30)；在转动轴(9)的两端设有旋转摇柄(15)；本实用新型结构简单，安装方便，可以控制裁剪需要进行对条对格的条纹格子面料时，使得上下层铺设面料的条纹位置保持一致性。
168. 101486203 Cutterhead apparatus for automatic cutting machine
CN
22.07.2009
B26D 7/08 Loading...
B26D 7/08
Loading...
200810032717.9
Shanghai Yin Science & Technology Co., Ltd.
Yin Zhiyong
B26D 7/08
Loading...
The invention discloses a cutterhead device for an automatic cutting machine. The cutterhead device comprises a cutterhead box and a cutterhead cover; the inside of the cutterhead box is provided with flat grinding wheels, convex grinding wheels and a saddle; and the flat grinding wheels and the convex grinding wheels are arranged inside the saddle by a small shaft and a bearing. The flat grinding wheels are provided with four sets; the convex grinding wheels are provided with one set; four sets of the flat grinding wheels are arranged in an upper row and a lower row, and each row is provided with two sets in parallel; and the convex grinding wheels are arranged in the positions between four sets of the flat grinding wheels. The cutterhead device has the advantages that the device has simple structure and accurate guide function, and improves working efficiency.
169. 101486422 Re-cover film apparatus for automatic cutting machine
CN
22.07.2009
B65H 75/38 Loading...
B65H 75/38
Loading...
200810032716.4
Shanghai Yin Science & Technology Co., Ltd.
Yin Zhiyong
B65H 75/38
Loading...
The invention discloses a re-coating film device used for automatic cutting machines, comprising two parallelly arranged sheet supports. A film reel is connected between the two sheet supports by a rotating shaft; a coating film is reeled on the film reel, with one end thereof connected with a pole support arranged in parallel with the film reel; and the film reel is rotated around the rotating shaft by a chain gearing. The re-coating film device used for automatic cutting machines has the advantages of simple structure and high cutting quality, and improves working efficiency.
170. 101480803 Bristle brick for automatic cutting machine
CN
15.07.2009
B26D 7/20 Loading...
B26D 7/20
Loading...
200810032447.1
Shanghai Yin Science & Technology Co., Ltd.
Yin Zhiyong
B26D 7/20
Loading...
The invention discloses a bristle brick used in an automatic cutting machine, which comprises a bristle brick seat. A plurality of bristles are tightly and uniformly on the upper surface of the bristle brick; the bristle brick seat adopts black nylon materials; each bristle is in conical shape; and the diameters of the bristles are gradually increased from the rear end to the front end. The invention has high material strength, simple structure and high working efficiency.
171. 101481869 Garment piece transition apparatus for automatic cutting machine
CN
15.07.2009
D06H 7/00 Loading...
D06H 7/00
Loading...
200810032448.6
Shanghai Yin Science & Technology Co., Ltd.
Yin Zhiyong
D06H 7/00
Loading...
The invention discloses a garment piece delivering device of an automatic cutter. The garment piece comprises a front claw plate, a bristle brick, a support brush holder and a wide belt. The front claw plate is arranged between the bristle brick and the wide belt, and one end of the front claw plate is provided with a plurality of claw grooves side by side; and front ends of the claw grooves are provided with bending parts and embedded in the bristle brick. The garment piece delivering device has the advantages of simple structure, high transfer speed, no cloth clamping and high work efficiency.
172. 201271913 用于自动裁剪机的刚毛砖组件
CN
15.07.2009
B26D 7/00 Loading...
B26D 7/00
Loading...
200820154202.1
上海和鹰机电科技有限公司
尹智勇
B26D 7/00
Loading...
本实用新型公开了一种用于自动裁剪机的刚毛砖组件，包括多个刚毛砖，所述的刚毛砖分别并排嵌入多个条形刚毛管内，所述多个刚毛管纵向并排紧密排列，相邻的刚毛管内的刚毛砖呈错位排列状。所述的刚毛砖呈矩阵状排列。本实用新型能够减少裁剪材料被吸入缝隙的程度，可以降低上下衣片偏差，提高裁剪精度。
173. 101468472 Pressure disk locking apparatus for automatic cloth cutter
CN
01.07.2009
B26D 7/08 Loading...
B26D 7/08
Loading...
200710173849.9
Shanghai Yin Science & Technology Co., Ltd.
Yin Zhiyong
B26D 7/08
Loading...
The invention discloses a press disc locking device for an automatic cutting machine, which comprises a side plate, an up and down plate, a track shaft, a toothed post, a cylinder, a tension spring and a double-post fixing plate, wherein the up and down plate is connected to the lower end of the side plate and provided with two through holes; the track shaft and the toothed post are in parallel pass through the through holes; the lower ends of the track shaft and the toothed post are connected with the double-post fixing plate; the toothed post is provided with a sawtooth-shaped groove; and the sawtooth-shaped groove of the toothed post is matched with an adjustment device. The press disc locking device has the advantages of keeping a cutter disc in a balanced state and improving the cutting accuracy.
174. 101462279 Perforating device for automatic cloth cutter
CN
24.06.2009
B26F 1/24 Loading...
B26F 1/24
Loading...
200710172580.2
Shanghai Yin Science & Technology Co., Ltd.
Yin Zhiyong
B26F 1/24
Loading...
The invention discloses a punching device used for an automatic cutting machine. The device comprises an upper board, a middle board and a lower board which are arranged transversely and parallelly; two slide rail shafts arranged parallelly run through the upper board, the middle board and the lower board longitudinally; a motor is arranged on the middle board, and a drill chuck and a punching pin are arranged vertically downwards; the drill chuck is connected with the motor through a bearing shaft; the middle board slides up and down along the slide rail shafts; and a spring is sheathed on the slide rail shaft between the middle board and the lower board. The middle board is provided with two straight line slide rail seats; the two slide rail shafts run through the straight line slide rail seats respectively; and baffle rings are arranged on the straight line slide rail seats. The device has the advantages of convenient maintenance, high punching precision, exact positioning and high work efficiency.
175. 101463879 Enhanced balance shaft apparatus used for automatic cutting machine
CN
24.06.2009
F16F 15/22 Loading...
F16F 15/22
Loading...
200710172578.5
Shanghai Yin Science & Technology Co., Ltd.
Yin Zhiyong
F16F 15/22
Loading...
The invention discloses a strengthened type balance shaft used for an automatic cutting machine, comprising a long belt wheel, an eccentric shaft, an eccentric sleeve and an upper sliding plate; the long belt wheel and the eccentric shaft are connected by a key, the eccentric sleeve is arranged at the tail end of the eccentric shaft and a balancing block is arranged between the eccentric shaft and the eccentric sleeve. The invention has the advantages of leading the eccentric sleeve to maintain a dynamic balance state and reducing noise.
176. 101462277 Sliding block device for automatic cloth cutter
CN
24.06.2009
B26D 5/08 Loading...
B26D 5/08
Loading...
200710172579.X
Shanghai Yin Science & Technology Co., Ltd.
Yin Zhiyong
B26D 5/08
Loading...
The invention discloses a slide block device used for an automatic cutting machine. The device comprises a knife fixing shaft with a hollow structure, wherein a pull rod, a knife handle shaft, a slide block, a shaft fixing block and a cutting knife are connected in the hollow structure of the knife fixing shaft sequentially; the pull rod is connected with the knife handle shaft by screws; the slide block is arranged on a plane bearing; the shaft fixing block is arranged at one end of the knife fixing shaft; the slide block is connected with the shaft fixing block by screws; and the shaft fixing block is connected with the cutting knife by screws. The slide block is made of macromolecular polymer material. The device has the advantages of high temperature resistance, small thermal expansion and convenient disassembly.
177. 101462276 Conventional type balancing shaft device for automatic cloth cutter
CN
24.06.2009
B26D 5/08 Loading...
B26D 5/08
Loading...
200710172577.0
Shanghai Yin Science & Technology Co., Ltd.
Yin Zhiyong
B26D 5/08
Loading...
The invention discloses a general balance shaft device used for an automatic cutting machine. The device comprises a long belt pulley, an eccentric shaft, an eccentric sleeve, an upper slide board, an upper belt pulley, a lower belt pulley and a belt. The lower belt pulley and the upper belt pulley are fixed on the upper slide board by a pulley fixing board. The long belt pulley is in key connection with the eccentric shaft, and the eccentric sleeve is arranged at the tail end of the eccentric shaft. A balance block is arranged between the eccentric shaft and the eccentric sleeve. The device has the advantages of keeping the dynamic balance state of the eccentric sleeve and reducing noise.
178. 101450450 Double-wheel milling-knife combination device for automatic cutting machine
CN
10.06.2009
B24B 3/00 Loading...
B24B 3/00
Loading...
200710171780.6
Shanghai Yin Science & Technology Co., Ltd.
Yin Zhiyong
B24B 3/00
Loading...
The invention discloses a dual-wheel mill knife combined device for an automatic cutting machine, which comprises a motor, a transmission mechanism, a dual-wheel mill knife mechanism and a cylinder. The transmission mechanism comprises a bearing shaft, a bearing sleeve, a bearing, a belt pulley and a small belt pulley, wherein the belt pulley and the small belt pulley are arranged on two end parts of the bearing shaft respectively, and are in belt type transmission connection with the motor; an upper holder and a lower holder are connected on the bearing sleeve; and the cylinder is connected with the upper holder. The dual-wheel mill knife mechanism comprises a base plate, a front grinding wheel, a rear grinding wheel and a small belt wheel, wherein the front grinding wheel, the small belt wheel, the small belt pulley and the rear grinding wheel are in belt transmission connection in sequence; and under driving of the small belt pulley, the front grinding wheel and the rear grinding wheel oppositely rotate. The dual-wheel mill knife combined device has the advantages of good knife milling effect, high working efficiency and long service life.
179. 201172746 一种拉布机的站台
CN
31.12.2008
D06C 3/00 Loading...
D06C 3/00
Loading...
200820054987.5
上海和鹰机电科技有限公司
尹智勇
D06C 3/00
Loading...
本实用新型公开了一种拉布机的站台，包括由平板和垂直侧板构成的站台框架，在所述的平板上设有站板，所述的垂直侧板通过转轴安装有上位尼龙轮，其特征在于：在所述垂直侧板的下部设有限位装置。所述的限位装置包括安装在所述垂直侧板上的限位开关支架，在所述限位开关支架的两端伸出所述的垂直侧板的两侧边并向外延伸，在所述限位开关支架的两端分别安装有一个限位开关。本实用新型具有节约生产成本、安全性能高、提高工作效率的优点。
180. 201129417 用于自动裁剪机的连杆装置
CN
08.10.2008
F16H 21/10 Loading...
F16H 21/10
Loading...
200720199506.5
上海和鹰机电科技有限公司
尹智勇
F16H 21/10
Loading...
本实用新型公开了一种用于自动裁剪机的连杆装置，包括小连杆、滑套、叉杆、轴承、滑套轴、螺母、连杆、垫片、长轴、轴承隔套和夹持套，小连杆带动叉杆作上下往复运动时，通常会产生左右摆动，本实用新型所述的小连杆与叉杆连接的地方，通过滑套轴与螺母将连杆、小连杆、叉杆连接在一起，使连杆能够控制其摆动，对小连杆、叉杆实现控制其平衡作用，在高速运转的过程中可以实现降低噪音和保持平衡的功能；所述的连杆、小连杆和叉杆通过轴承、滑套和螺母连接；所述的连杆通过轴承、垫片、锥形沉头螺钉、轴承隔套与长轴活动连接，连杆可以在长轴上自由旋转，作左右弧形摆动；所述的长轴通过支持套、内六角螺丝安装在机台上，在支持套上安装有垂直夹紧槽，使得长轴与支持套更加牢固的连接。本实用新型具有保证了裁刀在做上下高速往复运动的过程中处于平衡状态的优点。

