1. 205652324 船舶主机的保温预热系统
CN
19.10.2016
B63H 21/38 Loading...
B63H 21/38
Loading...
201620354657.2
上海佳豪船舶工程设计股份有限公司
吴权
B63H 21/38
Loading...
本实用新型提供一种涉及船舶装置技术领域的船舶主机的保温预热系统，设置于船舶的主机的下方，保温预热系统包括：滑油循环舱，滑油循环舱的外侧面上设有隔离空舱，隔离空舱内设有连通容器，连通容器包括容器底板和容器侧板，容器底板和容器侧板上均设有通孔，连通容器与隔离空舱的内壁之间有间隙；连通容器中放置有多个相变蓄热件，相变蓄热件内填充有相变蓄热材料，相变蓄热件的尺寸大于通孔的尺寸。本实用新型能够减少间断作业船舶的再加热能源消耗，间断作业船舶接到突发任务后，基本不需要加热等待时间，提高船舶的响应能力；本实用新型能够缩短了备车时间，在无需额外热能消耗的情况下，即可完成对润滑油的预热。
2. 205654585 一种可升降调节的潜水泵系统
CN
19.10.2016
F04D 29/00 Loading...
F04D 29/00
Loading...
201620379608.4
上海佳豪船舶工程设计股份有限公司
刘森林
F04D 29/00
Loading...
本实用新型提供一种可升降调节的潜水泵系统，包括潜水泵，所述一种可升降调节的潜水泵系统还包括与潜水泵的第一出水口相连接、且沿上下方向延伸的硬质水管和安装在被安装主体上的导轨，所述硬质水管的上端设有第二出水口；所述导轨上设有沿上下方向延伸的第一导向部，所述硬质水管上设有第二导向部，所述第二导向部与第一导向部相抵靠、且所述第二导向部可沿第一导向部的长度方向滑动。在使用时，通过直接牵引该硬质水管即可带动潜水泵升降；同时，导轨的第一导向部与硬质水管的第二导向部相配合，对硬质水管的升降起到导向作用，从而更便于对硬质水管、以及潜水泵进行升降调节；另外，本实用新型整体结构简单、便于实施、生产成本较低。
3. 105966572 用于海上救助的无人救助装置
CN
28.09.2016
B63C 9/02 Loading...
B63C 9/02
Loading...
201610304891.9
上海佳豪船舶工程设计股份有限公司
冷江南
B63C 9/02
Loading...
本发明提供一种用于海上救助的无人救助装置，它包括浮力体，浮力体设有内部空腔，内部空腔内安装有至少一组推进系统，推进系统包括推进器、与推进器相连接的动力源、控制单元，推进器的舵浆伸入至浮力体下方的水中。该用于海上救助的无人救助装置，主要用于大风大浪恶劣环境下的海上救助，不需要救助员离开母船，在母船上的救助员直接通过无线遥控，就可以安全地将遇险人员从遇险船只上或海面上转移到救助母船或其他安全地点，安全可靠，性价比高。
4. 205575430 一种与升降设备共用液压动力的绞车系统
CN
14.09.2016
B66D 1/08 Loading...
B66D 1/08
Loading...
202016000257139
上海佳豪船舶工程设计股份有限公司
罗晓宁
B66D 1/08
Loading...
本实用新型提供一种与升降设备共用液压动力的绞车系统，包括绞车本体和与绞车本体相连接的绞车油路，所述一种与升降设备共用液压动力的绞车系统还包括切换隔离阀组，所述绞车油路通过切换隔离阀组与升降设备液压动力单元相连接，所述切换隔离阀组用于控制升降设备液压动力单元中的液压油流入绞车油路。本实用新型中绞车油路通过切换隔离阀组与升降设备液压动力单元相连接，从而利用切换隔离阀组的切换功能，控制升降设备液压动力单元中的液压油流入绞车油路，进而为绞车本体提供液压动力，并实现与升降设备共用液压动力。
5. 105775091 船舶主机的保温预热系统及滑油循环舱保温和预热方法
CN
20.07.2016
B63H 21/38 Loading...
B63H 21/38
Loading...
102016000261297
上海佳豪船舶工程设计股份有限公司
吴权
B63H 21/38
Loading...
本发明提供一种涉及船舶装置技术领域的船舶主机的保温预热系统及滑油循环舱保温和预热方法，设置于船舶的主机的下方，保温预热系统包括：滑油循环舱，滑油循环舱的外侧面上设有隔离空舱，隔离空舱内设有连通容器，连通容器包括容器底板和容器侧板，容器底板和容器侧板上均设有通孔，连通容器与隔离空舱的内壁之间有间隙；连通容器中放置有多个相变蓄热件，相变蓄热件内填充有相变蓄热材料，相变蓄热件的尺寸大于通孔的尺寸。本发明能够减少间断作业船舶的再加热能源消耗，间断作业船舶接到突发任务后，基本不需要加热等待时间，提高船舶的响应能力；本发明能够缩短了备车时间，在无需额外热能消耗的情况下，即可完成对润滑油的预热。
6. 205387828 一种移动式居住舱
CN
20.07.2016
E04H 1/02 Loading...
E04H 1/02
Loading...
202016000040921
上海佳豪船舶工程设计股份有限公司
冷江南
E04H 1/02
Loading...
本实用新型提供一种移动式居住舱，包括一舱体和底座，所述舱体由顶板、侧围板和底板围成箱体状，所述舱体上设有进出口，所述舱体为不可拆分的一体式结构，所述舱体的底部安装在底座上；这样，舱体的顶板、侧围板和底板之间没有连接缝隙，在恶劣气候条件下，舱体的顶板、侧围板和底板之间不会因热胀冷缩产生缝隙而导致保温性差的缺陷；在舱体的底座与舱体之间还设置有减震垫，在舱体的移动运输过程中能够起到减震缓冲的作用，减小噪音，减小舱体受到振动破环的风险，可延长舱体的使用寿命。
7. 205345287 可调式胎架
CN
29.06.2016
B63C 5/02 Loading...
B63C 5/02
Loading...
202015001111242
上海佳豪船舶工程设计股份有限公司
戴碧华
B63C 5/02
Loading...
本实用新型提供一种可调式胎架，包括具有沿上下方向延伸的导向槽的导向单元、嵌在导向槽中的升降块、位于升降块下方的推动块、与推动块相连接的驱动单元、以及安装在升降块上的支撑件，所述升降块下端设有沿右下方延伸的第一斜面，所述推动块上端设有沿右下方延伸的第二斜面，所述第一斜面与第二斜面相贴合，所述驱动单元用于驱动推动块沿左右方向移动。本实用新型利用第二斜面对第一斜面的斜向推动作用，同时结合导向槽在高度方向的导向作用，从而将推动块的水平位移转化为升降块的高度位移，并带动支撑件在高度方向进行调整，从而实现高度可调，且本实用新型整体结构简单、生产成本较低、操作方便、支撑强度较高。
8. 205256582 内贸运输集装箱船
CN
25.05.2016
B63B 11/00 Loading...
B63B 11/00
Loading...
201520962903.8
上海佳豪船舶工程设计股份有限公司
张世明
B63B 11/00
Loading...
本实用新型提供一种内贸运输集装箱船，包括船体，所述船体的前端为垂直轮廓，所述船体的尾端设有襟翼舵，所述船体上设有多个船舱，船舱的内底板上设有多个垫板，所述垫板的顶面分别设有至少一个定位底锥，所述垫板的位置分别与所运输的集装箱箱角的位置相对应，所述船舱的舱壁上设有多个竖向设置的导轨架，集装箱装入船舱后，竖向的边被限制在导轨架中，所述船体的方形系数为0.78~0.85。本实用新型的方形系数大，进而有效地提高了装置量，运输经济性好，本实用新型只是用带有定位底锥的垫板、限位挡块和导轨架对集装箱起到限位作用，不仅在吊装定位时非常方便，而且大大节省了人力资源。
9. 205113633 船舶构件相贯切口的补板结构
CN
30.03.2016
B63B 3/14 Loading...
B63B 3/14
Loading...
201520722746.3
上海佳豪船舶工程设计股份有限公司
陈月松
B63B 3/14
Loading...
本实用新型提供一种船舶构件相贯切口的补板结构，第一船舶构件上用于贯穿第二船舶构件的贯穿孔构成相贯切口，相贯切口上设有部分覆盖所述相贯切口的补板，所述补板分别与第一船舶构件和第二船舶构件连接，所述补板对应覆盖所述相贯切口的板体上设有通孔。通过将通孔设置于补板上，减少工序、提高效率。同时，补板上的通孔为开口孔，与补板的轮廓线连成一体，能够一次性加工成型，大幅降低了工厂的施工工作量，因而具备高度产业利用价值。
10. 205036458 一种适用于小型LNG动力船舶的燃料控制系统
CN
17.02.2016
F02D 19/02 Loading...
F02D 19/02
Loading...
201520587112.1
上海佳豪船舶工程设计股份有限公司
徐亚东
F02D 19/02
Loading...
本实用新型提供一种适用于小型LNG动力船舶的燃料控制系统，左气体燃料主机、右气体燃料主机分别设置于船舶中轴线两侧的船舱内，左气体燃料主机、右气体燃料主机内分别设置有气体燃料发动机，气罐通过气罐充装管路与充装接头相连接，气罐通过端部两侧的燃气供应管路分别与左气体燃料发动机、右气体燃料发动机相连，气罐充装管路、燃气供应管路上均设置有电磁阀，燃料主控制柜通过电磁阀控箱与电磁阀分别相连。本实用新型设置两套分离的燃气供给系统为左右两个主机提供气体燃料，在任一主机或任一燃气供应系统出现故障时都不会导致小型LNG动力船舶推进系统的完全失效，避免造成燃气泄漏和超压。
11. 204982837 可拆式桩腿
CN
20.01.2016
E02B 17/00 Loading...
E02B 17/00
Loading...
201520651886.6
上海佳豪船舶工程设计股份有限公司
罗晓宁
E02B 17/00
Loading...
本实用新型提供一种可拆式桩腿，该桩腿包括桩腿上段和桩腿下段，桩腿上段的下端面与桩腿下段的上端面相互贴合，桩腿上段、桩腿下段之间通过连接结构相互固定，该连接结构包括多个沿周向设置的扣环组件和多个布置在筋板处的夹板组件。该可拆式桩腿，大量采用了独特的扣环组件，并根据桩腿内部固有的结构有限地采用了夹板组件，扣环组件结构紧凑，承载能力强，可以在桩腿内部狭小的空间内布置尽可能多的连接点，因而更加能够承受桩腿在弯曲、剪切及拉压等复杂受力作用下的高应力，提供了一种结构安全可靠、拆装方便的新型连接结构，该可拆式桩腿可用于各类海域或平台规格，包括各类服务平台、钻井平台、风电安装平台等。
12. 204979173 一种船舶艉部水尺的设置结构
CN
20.01.2016
B63B 39/12 Loading...
B63B 39/12
Loading...
201520706521.9
上海佳豪船舶工程设计股份有限公司
雷坤
B63B 39/12
Loading...
本实用新型提供一种船舶上水尺的设置结构，所述船舶的艉部设有艉封板，所述水尺设有两个，两个水尺为结构相同的长条形，两个水尺分别设置在船舶中心线两侧的艉封板上，两个水尺在艉封板上的高度相同，两个水尺的上端均向船舶中心线倾斜，并且两个水尺相对船舶中心线左右对称，所述两个水尺的上表面分别设有刻度和数字标记。本实用新型使得无论船员位于艉部甲板还是码头，都能快速准确的观察并了解船舶的吃水情况，进而快速判断船舶最大吃水是否超出允许值，保证船舶安全运营。
13. 204688352 一种船舶压载管布局
CN
07.10.2015
B63B 13/00 Loading...
B63B 13/00
Loading...
201520291545.2
上海佳豪船舶工程设计股份有限公司
刘舒
B63B 13/00
Loading...
本实用新型提供一种船舶压载管布局，包括底压载水舱、顶压载水舱和压载管，底压载水舱、顶压载水舱前后连续分布。底压载水舱一侧为管弄，另一侧为舷侧，舷侧上方为顶压载水舱。顶压载水舱的压载管包括水平段和竖直段，竖直段包括与水平段连接的过渡段，过渡段通过连接段和入舱段连接，水平段从管弄接出经底压载水舱伸向舷侧，经过渡段、连接段、沿入舱段竖直向上接入顶压载水舱的尾部。水平段距底压载水舱的前、后舱壁的距离均大于1/3L2/3与14.5m的最小值。过渡段12的最高处距龙骨线的距离大于B/20与2m的最小值。入舱段14的最低处距龙骨线的距离大于B/20与2m的最小值。
14. 204527536 一种散货运输船的船体结构
CN
05.08.2015
B63B 25/02 Loading...
B63B 25/02
Loading...
201420865357.1
上海佳豪船舶工程设计股份有限公司
刘楠
B63B 25/02
Loading...
本实用新型提供一种散货运输船的船体结构，包括船舱和外壳，所述船舱和外壳之间设有多个支撑结构，所述船舱包括前、后端板、侧壁以及底板，所述底板与侧壁之间设有斜向的且沿船体长度方向延伸的卸货板。本实用新型中所述卸货板与底板之间的夹角为100~135度。本实用新型的船体结构能够有效减少积货，可以让船舱中的货物快速被清舱，大大提高了工作效率，而且本实用新型通过斜向设置的卸货板还减少了钢材的使用。
15. 204056242 一种应用液化天然气燃料的港作拖轮
CN
31.12.2014
B63B 35/66 Loading...
B63B 35/66
Loading...
201420395064.1
中国海洋石油总公司
陈瑞权
B63B 35/66
Loading...
本实用新型公开了一种应用液化天然气燃料的港作拖轮，包括船体和舵桨机构，在所述船体内设有机舱，在所述船体内还设有LNG罐存储舱，在所述LNG罐存储舱内装有气体燃料供应装置，所述气体燃料供应装置通过天然气管路与LNG发动机连接，所述LNG发动机通过传动机构与所述舵桨机构连接；所述气体燃料供应装置设有加气装置，所述加气装置设置在所述船体的主甲板上。本实用新型采用LNG燃料动力系统，船舶日常作业时以LNG燃料为主要动力，极大地减少了污染排放，对环境保护有积极意义。
16. 203638052 船舶分散式海水供应系统
CN
11.06.2014
B63B 17/00 Loading...
B63B 17/00
Loading...
201320599401.4
上海佳豪船舶工程设计股份有限公司
刘楠
B63B 17/00
Loading...
本实用新型公开了适用于中小型船舶的分散式海水供应系统。本分散式海水供应系统由若干个独立的海水供应单元构成系统，海水供应单元按设备的功能，使用工况，压力和流量等参数组合。各个单元能独立工作，分别供应海水，从而避免因海水供应异常引起的设备故障。分散式海水供应系统设计满足各船级社规范的要求，比集中式海水供应系统更能有效地保障设备安全稳定地运行。同时减少了大规格通径管材和管附件的使用，更加有利船舶管系生产设计。这种设计方案具有广泛的实用性，很值得在中小型船舶海水供应系统设计中大面积推广。
17. 203410595 一种用于小型船舶的危险气体排放的组合式透气桅
CN
29.01.2014
B63B 15/00 Loading...
B63B 15/00
Loading...
201320368356.1
上海佳豪船舶工程设计股份有限公司
刘楠
B63B 15/00
Loading...
本实用新型公开了一种用于小型船舶的危险气体排放的组合式透气桅，包括一信号桅的主桅杆以及横向设置在其上的若干信号横杆，其中主桅杆垂直固定于甲板上，内部穿设有与小型船舶内废气产生设备连通的透气管路，主桅杆顶端设有一透气帽；本实用新型的有益效果在于，在作为信号桅的主桅杆内设置透气管路，在保证整个装置的结构强度的同时，兼具排出废气和传递信号的功能，有效节省体积，简化了整个桅杆的布置，有效减少了船舶的建造成本；在桅杆顶端设有集水、排水装置，防止雨水进入主桅杆，保证船舶运行安全，提高整个装置的使用寿命。
18. 203395571 一种适用于小型LNG动力船舶的燃料加注装置
CN
15.01.2014
F17C 5/02 Loading...
F17C 5/02
Loading...
201320369520.0
上海佳豪船舶工程设计股份有限公司
刘楠
F17C 5/02
Loading...
本实用新型公开了一种适用于小型LNG动力船舶的燃料加注装置，包括一用于燃料加注的管路，管路的一端设置有加注管路接口，其中：管路为双层真空管路结构。本实用新型的有益效果在于采用耐低温的不锈钢双层真空绝热管，最有效减小液相LNG加注过程中的气化；对燃料加注进行实时监控，保障加注安全；通过设置收集单元避免直接泄漏到甲板，保证船体的安全；整个加注过程安全、可靠、环保，整个装置形式简单、布置灵活、易于安装。
19. 203294284 船舶非水密平台改进型开孔结构
CN
20.11.2013
B63B 13/00 Loading...
B63B 13/00
Loading...
201320230251.X
上海佳豪船舶工程设计股份有限公司
刘玉智
B63B 13/00
Loading...
本实用新型公开了船舶非水密平台改进型开孔结构，其结构包括若干相同的长条状孔，所述长条状孔之间并列平行分布。本实用新型提供的改进型开孔结构不仅保证了水舱的流水和油舱的流油，而且在减轻钢料重量方面有明显的优势，并且减少了一道船厂的施工工序。因此这种开孔结构具有很广的实用性，很值得在船舶结构设计中推广。
20. 103343718 一种LNG燃料动力船舶的LNG燃料主机余热利用系统
CN
09.10.2013
F02G 5/00 Loading...
F02G 5/00
Loading...
201310256267.2
上海佳豪船舶工程设计股份有限公司
刘楠
F02G 5/00
Loading...
本发明公开了一种LNG燃料动力船舶的LNG燃料主机余热利用系统，该系统利用冷却LNG燃料主机产生的热量加热乙二醇水溶液。本发明摈弃常规采用电加热乙二醇水溶液的方式，充分利用主机余热，解决了乙二醇水溶液加热的问题，从而能够减少船舶电站的容量，降低营运成本，节能环保；有效解决采用电加热乙二醇水溶液的方式所存在的缺陷。
21. 203078721 一种吊放工作艇用吊具
CN
24.07.2013
B63B 23/00 Loading...
B63B 23/00
Loading...
201220629662.1
上海佳豪船舶工程设计股份有限公司
寻正来
B63B 23/00
Loading...
本实用新型公开了一种吊放工作艇用吊具，包括：一呈鸭梨形的吊环，所述吊环两端面设置为圆弧过渡，且两端圆弧面半径大小不一，小圆弧面通过链条连接一链环，靠近小圆弧面，在吊环环内设置一防止链条在吊环内上下串动的横杆，所述横杆与小圆弧形成一闭合空间。在吊环的侧面且靠近小圆弧面，对称设置握手环。操作性好，效果明显，具有很强的实用性；无论从安全角度方面，还是从外形美观上有了明显的提高。
22. 103183107 一种双体中心起吊风电工程作业船以及起吊方法
CN
03.07.2013
B63B 35/00 Loading...
B63B 35/00
Loading...
201110452784.8
上海佳豪船舶工程设计股份有限公司
刘楠
B63B 35/00
Loading...
本发明公开了一种双体中心起吊风电工程作业船以及起吊方法，所述作业船包括两个船体、起重吊装设备，所述两个船体通过甲板连接在一起，所述起重吊装设备安置在所述甲板的中部，所述起重吊装设备的起吊中线在两船的中部。本发明把船舶摇摆产生的位移极大地化介消失，使安装工作变得简单，提高了安装工效和工作时的稳定性。
23. 202954362 具有抗振桩架系统的砂桩船
CN
29.05.2013
E02D 7/18 Loading...
E02D 7/18
Loading...
201220557333.0
中交第三航务工程局有限公司
贺永康
E02D 7/18
Loading...
本实用新型提供一种具有抗振桩架系统的砂桩船，桩架系统包括并排设于砂桩船甲板上的A形架和桩架，所述A形架与桩架相连，所述A形架和桩架分别与所述砂桩船甲板上的铰接座相连，与所述A形架相连的铰接座底部设有加强结构，所述加强结构包括设于铰接座两侧向下延伸的第一加强板和沿所述铰接座中心线向下延伸的第二加强板，第一加强板和第二加强板均与所述砂桩船的船体焊接。本实用新型既增强了铰接座的稳固性，又起到了震动力的传递，使震动分散到船体上，削减震感，提高桩架系统的使用寿命。
24. 103042275 不规则余料的套料处理方法
CN
17.04.2013
B23D 79/00 Loading...
B23D 79/00
Loading...
201210568722.8
上海佳豪船舶工程设计股份有限公司
李政
B23D 79/00
Loading...
本发明公开了不规则余料的套料处理方法，包括以下步骤：第一步、选定不规则余料，针对不规则余料设定将不规则余料完全覆盖的最小矩形，所述最小矩形边界包覆在余料零件上；第二步、将余料零件套入常规矩形套料板上，在不规则余料的本体上嵌套其他实际零部件轮廓；第三步、引导切割头针对步骤二设置的其他实际零部件轮廓进行切割；所述余料零件为包含与不规则余料形状相同的开孔的矩形零件。不规则余料能得到充分的应用，材料利用率高，操作方便，在各种套料软件中定义和使用都非常方便，同时可适应各种的编码体系。
25. 102927645 一种应用液化天然气为燃料的船舶冷能利用装置及方法
CN
13.02.2013
F24F 5/00 Loading...
F24F 5/00
Loading...
201210461050.0
上海佳豪船舶工程设计股份有限公司
张小春
F24F 5/00
Loading...
本发明公开了一种应用液化天然气为燃料的船舶冷能利用装置及方法，包括LNG罐和复热装置，所述LNG罐和复热装置之间设置有取冷装置，所述LNG罐通过旁通流量阀连接有复热装置，以及通过取冷器流量阀连通取冷器，所述取冷器通过控制阀连接有冷源空调系统；所述取冷装置包括取冷器和冷源空调系统，所述冷源空调系统包括通过控制阀连接的空调空冷器，以及与空调空冷器相连接的第一膨胀水箱。以LNG（液化天然气）为燃料的船舶把低温-164℃LNG通过蒸发器和加热器直接加热到推进主机或发电机组所适用气体压力和温度。进一步节约能源，减少了污染排放，提高船舶经济性，对环境保护有积极意义。
26. 202686704 一种应用液化天然气/燃油双燃料的港作拖轮
CN
23.01.2013
B63B 35/66 Loading...
B63B 35/66
Loading...
201220339376.1
中国海洋石油总公司
陈瑞权
B63B 35/66
Loading...
本实用新型公开的一种应用液化天然气/燃油双燃料的港作拖轮，其包括：全焊接钢质船体；设置在船体上的主甲板；主甲板下方与船体之间的空间采用四道水密横舱壁分隔成首尖舱、应急消防泵舱、锚链舱、LNG罐存储舱、机舱、舵桨舱；在LNG罐存储舱内设置有两个模块化气体燃料供应装置，机舱内设置有两个LNG/燃油发动机，舵桨舱内设置有两个舵桨机构，模块化气体燃料供应装置通过天然气管路与LNG/燃油发动机连接，LNG/燃油发动机的动力输出通过传动机构与舵桨机构的动力输入端连接。本实用新型采用LNG/燃油双燃料动力系统，船舶日常作业时85%以上的时间以LNG燃料为主要动力，极大的减少了污染排放，对环境保护有积极意义。
27. 202593794 一种提高双体风电工程作业船强度的装置
CN
12.12.2012
B63B 1/12 Loading...
B63B 1/12
Loading...
201220049088.2
上海佳豪船舶工程设计股份有限公司
刘楠
B63B 1/12
Loading...
本实用新型公开了一种提高双体风电工程作业船强度的装置，所述装置包括两个抗扭箱，所述抗扭箱横向安置在两个片体的中部，所述装置还包括八个肘板，所述肘板的一端与抗扭箱相连接，另一端与片体甲板相连接。本实用新型能提高作业船的抗扭转能力和抗弯曲能力。
28. 202557745 海上高空重载起升安装作业多功能双体风电工程船
CN
28.11.2012
B63B 35/00 Loading...
B63B 35/00
Loading...
201220008031.8
广东华尔辰海上风电工程有限责任公司
谭国顺
B63B 35/00
Loading...
本实用新型一种海上高空重载起升安装作业多功能双体风电工程船，具体涉及海上起重作业船，本实用新型风电工程船包括吊具系统，桩锤系统，稳桩器，稳索卷扬机，液压系统和电气系统，本设计创造性解决了在一条工程船的有限甲板和作业空间内，科学设计和配置相关设备，组成多功能工程作业系统，成为世界第一条集风电单桩基础施工、风机整体运输、整体安装多功能于一体的海上风电工程船，本工程船海上运行平稳，控制精度高，安装工程质量好，大大节约人力物力资源，缩短工程周期，大幅度降低工程费用，显著提高海上风电安装工程的施工效率，彻底改变了长期以来需要多船多设备完成的海上工程作业的现状，为开发海上风电事业提供了创新的优质装备。
29. 202449200 一种新型抗沉性通风设备
CN
26.09.2012
B63J 2/02 Loading...
B63J 2/02
Loading...
201120565367.X
上海佳豪船舶工程设计股份有限公司
刘楠
B63J 2/02
Loading...
本实用新型公开了一种新型抗沉性通风设备，所述通风设备包括围阱，所述围阱的上部设有百叶窗，其下部设置风机座，所述风机座上安置风机，所述围阱外侧的四个端部设有肘板，所述围阱的内壁上设有扶强材和桁材，所述围阱底部设有可拆卸的检修道门。本实用新型解决了通风系统中抗沉性的进水点高度要求，并且解决了常规通风筒高度太高端部强度无法保证的问题。
30. 202449184 一种自航双体工程船前桅灯固定装置
CN
26.09.2012
B63B 45/00 Loading...
B63B 45/00
Loading...
201120565366.5
上海佳豪船舶工程设计股份有限公司
刘楠
B63B 45/00
Loading...
本实用新型公开了一种自航双体工程船前桅灯固定装置，所述固定装置包括两个固定架、将两固定架顶端连接在一起的固定绳、安置在固定绳中部的圆环以及安置在圆环下的桅灯座；所述固定架分别安置在左、右船体上，所述桅灯座上设有两个眼环，所述眼环通过紧固绳与船体上的眼板相连接；所述紧固绳和眼板之间设有收紧装置。本实用新型满足“1972年国际海上避碰规则(1982年修订本)”的要求，且安装、维修、拆卸均十分方便。
31. 102514690 海上高空重载起升安装作业多功能双体风电工程船
CN
27.06.2012
B63B 27/16 Loading...
B63B 27/16
Loading...
201210005362.0
广东华尔辰海上风电工程有限责任公司
谭国顺
B63B 27/16
Loading...
本发明一种海上高空重载起升安装作业多功能双体风电工程船，具体涉及海上起重作业船，本发明风电工程船包括吊具系统，桩锤系统，稳桩器，稳索卷扬机，液压系统和电气系统，本发明创造性解决了在一条工程船的有限甲板和作业空间内，科学设计和配置相关设备，组成多功能工程作业系统，成为世界第一条集风电单桩基础施工、风机整体运输、整体安装多功能于一体的海上风电工程船，本工程船海上运行平稳，控制精度高，安装工程质量好，大大节约人力物力资源，缩短工程周期，大幅度降低工程费用，显著提高海上风电安装工程的施工效率，彻底改变了长期以来需要多船多设备完成的海上工程作业的现状，为开发海上风电事业提供了创新的优质装备。
32. 202138508 起重船人字架后拉杆与船体的固定结构
CN
08.02.2012
B63B 27/16 Loading...
B63B 27/16
Loading...
201120099737.5
上海佳豪船舶工程设计股份有限公司
刘楠
B63B 27/16
Loading...
本实用新型公开了一种起重船人字架后拉杆与船体的固定结构，其特征在于，包括两块平行设置于甲板上的纵向肘板，起重船人字架后拉杆的筒体插入纵向肘板，所述纵向肘板穿过甲板板。上述技术方案，将人字架后拉杆通过插入船体内部的纵向大肘板与船体连为一体，省去了铰轴形式中的销轴等涉及到需要进行机加工的零件；而且由于没有了销轴的限制，拉杆在与船体连接处的截面可以保持不变，其抗横向载荷的能力也没有减弱。
33. 202138504 油舱透气管保护结构
CN
08.02.2012
B63B 17/00 Loading...
B63B 17/00
Loading...
201120099070.9
上海佳豪船舶工程设计股份有限公司
刘楠
B63B 17/00
Loading...
本实用新型公开了油舱透气管保护结构，其特征在于，包括设于甲板上的透气管和设于透气管外的钢制防护罩，所述透气管一端穿过甲板连接至油舱，另一端连接透气管头，透气管与甲板之间密封。通过上述技术方案中的设置，取消了透气总管的设置，使各透气管就近布置在露天甲板的合适位置，避免各透气管集中通往机舱棚油雾箱，节省了机舱棚空间，总体上有利于船体的紧凑布局。此外钢制防护罩缓冲了海水对透气管的冲击，从而防止破损，同时也可以防止透气管破损后海水通过管路进入液舱，还能起到油雾箱的作用。
34. 201999193 长水滴型双尾鳍
CN
05.10.2011
B63H 23/32 Loading...
B63H 23/32
Loading...
201020695440.0
上海佳豪船舶工程设计股份有限公司
刘楠
B63H 23/32
Loading...
长水滴型双尾鳍，包括外壳板和内部加强板；外壳板外形为流线型，外壳板的顶部为开口结构；内部加强板设置于外壳板的内部；外壳板的顶部开口处设置一根圆钢，圆钢与其两侧的外壳板焊接为一体，外壳板的尾部以及处于外壳板尾部的圆钢的端部与一铸钢件的头部焊接为一体；铸钢件外形为流线型，与外壳板的线型连为一体，体积比同吨位船舶短水滴型尾鳍结构的铸钢件大0.5-2倍。铸钢件省去了尾部不少焊接工艺，外壳板顶部圆钢的设置使外壳板顶部不必进行大曲率弯板，减小施工难度，使本实用新型刚度显著增强；使轴包架脱离船体部分的距离增加，从而使螺旋桨和主船体之间的距离增大，同时使尾部振动减小、伴流更均匀，提高了螺旋桨的推动效率。
35. 102180256 Automatic temperature-control variable flow type central cooling system for ship
CN
14.09.2011
B63J 2/12 Loading...
B63J 2/12
Loading...
201010619365.4
Shanghai Bestway Marine Engineering Design Co., Ltd.
Liu Nan
B63J 2/12
Loading...
The invention relates to an automatic temperature-control variable flow type central cooling system for a ship, comprising a fresh water cooling pipeline and a seawater cooling pipeline, wherein the fresh water cooling pipeline comprises a low-temperature fresh water cooling pump, a device needing to be cooled and a central cooler which constitute a closed circulation pipeline; the seawater cooling pipeline comprises an open circulation pipeline consisting of a seawater cooling pump and a central cooler; and circulating fresh water flowing through the central cooler is cooled by sea water. The central cooling system is characterized in that the seawater cooling pump is connected with an automatic control unit which can control the seawater flow according to the cooling quantity of the device needing to be cooled. Through the automatic temperature-control variable flow type central cooling system for the ship, under the working condition of non-full load operation of a marine engine system of the ship, the underdeck system energy consumption and the exhaust gas discharge are effectively decreased, the operating cost of the ship is reduced and the concept of environmental friendliness is realized in the meantime.
36. 201962676 可调砂桩架
CN
07.09.2011
E02D 7/18 Loading...
E02D 7/18
Loading...
201020695311.1
上海佳豪船舶工程设计股份有限公司
刘楠
E02D 7/18
Loading...
可调砂桩架，包括一主桩架，主桩架与A形架并排连接，主桩架和A形架的下端分别通过铰座连接于船体基座，所述主桩架上端设置有至少一段副桩架，副桩架之间以及副桩架与主桩架之间通过法兰连接，船体基座上设置有用于固定铰座的连接孔，该连接孔呈直线均匀排列在船体基座上。由于砂桩架采用分段制作然后组装的方式，不同分段通过法兰连接，通过不同分段的组合能形成不同高度的砂桩架，砂桩架下端的铰座与船体基座采用螺栓连接，从而可实现横向间距的调节，使大型砂桩船能够进入有限高要求的地区进行砂桩施工作业，并能根据施工工程的特点调节砂桩架之间的横向间距，达到最理想的泥砂置换率，提高砂桩施工的速度和质量，节省时间和经济成本。
37. 201942180 一种陆路液散两用运输系统
CN
24.08.2011
B65D 88/12 Loading...
B65D 88/12
Loading...
201020690945.8
上海佳豪船舶工程设计股份有限公司
刘楠
B65D 88/12
Loading...
本实用新型公开了一种陆路液散两用运输系统，包括一采用金属制成的桶形罐体，其特征在于，罐体外壁布置有肋骨式环形加强结构和液货装卸管系，罐体内设光滑内胆，罐体上设圆形道门。本实用新型可以根据铁路和公路的不同运输特点采取不同的装卸结构设计以适应不同的货物装卸方式。通过应用此陆路液散两用运载系统可以统一不同品质货物的运输载体，提高陆路运输的效率，有效降低运输成本。
38. 201942345 一种汽车滚装船固定跳板装置
CN
24.08.2011
B65G 69/28 Loading...
B65G 69/28
Loading...
201020687657.7
上海佳豪船舶工程设计股份有限公司
刘楠
B65G 69/28
Loading...
本实用新型公开了一种汽车滚装船固定跳板装置，所述跳板装置包括一跳板和驱动装置；所述跳板安置在船体首部两侧，并与船体成70°夹角；所述驱动装置连接所述跳板。本实用新型结构简单，使用方便，能够满足大部分码头的装卸要求，具有很强的实用性。
39. 201941948 一种木材绑扎系固系统
CN
24.08.2011
B63B 25/04 Loading...
B63B 25/04
Loading...
201020687656.2
上海佳豪船舶工程设计股份有限公司
刘楠
B63B 25/04
Loading...
本实用新型公开了一种木材绑扎系固系统，所述绑扎系固系统包括绑扎立柱系统和系固系统，所述绑扎立柱系统包括固定式立柱和可倒式立柱，所述固定式立柱设置于货舱与货舱之间，所述可倒式立柱设置于货舱两舷，所述可倒式立柱之间通过钢索连接，并在直立状态时通过钢索与所述固定式立柱系固；所述系固系统包括多层系固单元、顶部系固单元以及交叉系固单元，所述多层系固单元包括若干第一眼板，所述第一眼板安置在两舷立柱上，所述顶部系固单元包括若干第二眼板，所述第二眼板安置在两舷甲板上，位于两舷立柱顶部的所有第一眼板与所述第二眼板之间通过两根钢索成交叉、贯通式系形成所述的交叉系固单元。
40. 201941951 设有大开孔坞墙的半潜驳
CN
24.08.2011
B63B 35/28 Loading...
B63B 35/28
Loading...
201020695308.X
上海佳豪船舶工程设计股份有限公司
刘楠
B63B 35/28
Loading...
设有大开孔坞墙的半潜驳，包括主船体，主船体上部具有举升甲板，在举升甲板的两舷设置有坞墙，该坞墙的中部设置有开孔，坞墙顶部设置有顶甲板，顶甲板的下方设置安全甲板。所述开孔为矩形，开孔下端与举升甲板持平，开孔上端与安全甲板持平。所述开孔的两上顶角与安全甲板连接处分别设有嵌入式加厚板。所述开孔长度为船长的30％。开孔部位于船体中和轴附近，对总纵强度的贡献不大，去掉可以大量减轻结构重量，并对总纵强度影响很小，这样的形式对于大尺度的半潜驳，在总的用钢量上很有优势，另外由于坞墙顶部为连续，大大增加了设备布置和船员居住的面积，坞墙开孔后有效的减小了船舶的受风面积，对航行和系泊安全也做出了贡献。
41. 201941943 一种隐形船艏结构
CN
24.08.2011
B63B 3/46 Loading...
B63B 3/46
Loading...
201020691003.1
上海佳豪船舶工程设计股份有限公司
刘楠
B63B 3/46
Loading...
本实用新型公开了一种隐形船艏结构，其特征在于：艏柱为直立型，艏部前肩与艏柱之间以平滑曲面过渡。这样的设计，使得船舶阻力较垂直式船艏阻力要小，节能效果优良，而且在船舶具有相同的总长时，可以明显的拉大垂线间长，从而使货舱区向前扩展，明显的增大了货舱容积，从而增加了载货量，使船舶经济性能指标提升，而艏柱拉直的船舶外形，也有效的增大了船舶的储备浮力，使之更容易满足船级社规范的要求，进而可以提高船舶的装载吃水，再一次提高了船舶的经济性能。
42. 201545175 一种起重铺管船
CN
11.08.2010
B63B 35/03 Loading...
B63B 35/03
Loading...
200920078052.5
上海佳豪船舶工程设计股份有限公司
刘楠
B63B 35/03
Loading...
一种起重铺管船，包括驳船型船体，船体上设置有起重吊，其特征在于，所示船体为球形船首，方形船尾，起重吊设置在船尾处。所述船尾为斜向上翘再折水平的结构，船尾下方设置有用于安装船尾推进器的预留空间。所述船尾处还设置有尾鳍。本实用新型将球形船首与驳船方尾的结合，并通过优化船长，型宽，达成300m水深内起重铺管作业的优秀船型：紧凑，高效，具有良好的操纵性及耐波性，建造成本低。
43. 201457692 一种船舶实肋板防屈曲筋
CN
12.05.2010
B63B 9/00 Loading...
B63B 9/00
Loading...
200920078051.0
上海佳豪船舶工程设计股份有限公司
刘楠
B63B 9/00
Loading...
一种船舶实肋板防屈曲筋，所述实肋板上设置有开孔，所述开孔上下边缘设置有防屈曲筋。一般的在实肋板横向方向上开有四个腰圆孔，腰圆孔的高度为800mm，宽度为600mm，在靠近右侧的两个腰圆孔上下边缘设置有防屈曲筋，所述防屈曲筋焊接在靠近右侧的两个腰圆孔上下边缘上。本实用新型是预先将防屈曲筋焊接在肋板开孔的上下边缘，可以有效的防止在肋板在建造过程中发生变形。
44. 201457690 多种槽条组合型横舱壁
CN
12.05.2010
B63B 3/56 Loading...
B63B 3/56
Loading...
200920078053.X
上海佳豪船舶工程设计股份有限公司
刘楠
B63B 3/56
Loading...
多种槽条组合型的横舱壁，主要包括：正方形槽条、等腰梯形槽条和多边形槽条，多个正方形槽条首尾相接的设置在横舱壁的中部，正方形槽条两侧连接多个等腰梯形槽条，在一侧的等腰梯形槽条中间设置有一多边形槽条。在多边形槽条的内部设置有间隔布置的拱形支撑架。本实用新型所述的多种槽条组合型横舱壁合理的利用了多种槽型，从而最大限度的节约了钢材的用量，并且不需要局部挖补，因此方便施工；另外，多边形槽条有效的保护了澳梯，因此澳梯不需要再做额外的保护，从而使整个横舱壁的结构形式非常的简洁。
45. 101683892 Anchor chain length counting mechanism
CN
31.03.2010
B63B 21/20 Loading...
B63B 21/20
Loading...
200810200638.4
Shanghai Bestway Marine Engineering Design Co., Ltd.
Liu Nan
B63B 21/20
Loading...
The invention discloses an anchor chain length counting mechanism comprising a main shaft chain wheel of an anchor gear, a first chain wheel, a second chain wheel, a guide screw, a pointer mechanism and an indicating device with scales, wherein the first chain wheel is connected with the main shaft chain wheel of the anchor gear; the second chain wheel is connected with the first chain wheel via adriving band; the guide screw is connected with the second chain wheel; the pointer mechanism is meshed on the thread of the guide screw by a nut; and the indicating device is arranged above the pointer mechanism. After adopting the above counting scheme, the device can accurately read the pitch number of the throwing-out anchor chain, and sailors can quickly and accurately know the length of thethrowing-out anchor chain while operating the anchor gear and can report correct parameters to a marine navigator so as to make a navigation instruction, thus ensuring safe navigation. Meanwhile, theanchor chain length counting mechanism can lower the workload and the labour load of sailors.
46. 201277943 一种管道检视系统
CN
22.07.2009
G01N 21/00 Loading...
G01N 21/00
Loading...
200820153602.0
上海佳豪船舶工程设计股份有限公司
刘楠
G01N 21/00
Loading...
本实用新型公开一种管道检视系统，包括管道，其特征在于，还包括设置在所述管道上的复数个检视口，该检视口包括检视口以及盖住该检视口的盖子。所述检视口为方形结构。所述检视口上有螺栓孔，所述盖子通过螺栓插入螺栓孔以盖住检视口。采用以上技术方案后，该管道检视系统可以方便观察管道内液态硫磺结硫的具体情况。
47. 201276201 一种船舶抛锚长度计数装置
CN
22.07.2009
B63B 21/20 Loading...
B63B 21/20
Loading...
200820153601.6
上海佳豪船舶工程设计股份有限公司
刘楠
B63B 21/20
Loading...
本实用新型公开一种船舶抛锚长度计数装置，一种船舶抛锚长度计数装置，包括锚机主轴链轮，还包括：一第一链轮，该第一链轮和锚机主轴链轮相连接；一第二链轮，所述第二链轮和第一链轮通过传动带连接；一丝杠，该丝杠与第二链轮连接；一指针机构，该指针机构通过一螺母啮合在所述丝杠的螺纹上；一设置有刻度的指示装置，该指示装置设置在所述指针机构的上方。采用以上计数方案后，本装置可以准确读取抛出锚链的节数，船员在操作锚机的同时可以便捷的、准确地得知抛出锚链长度，并可向驾驶人员报告正确参数，从而作出航海指令，确保航行安全。同时，还可以减少船员的工作量和劳动负荷。
48. 201276203 一种整体式沥青船的维护系统
CN
22.07.2009
B63B 25/16 Loading...
B63B 25/16
Loading...
200820153604.X
上海佳豪船舶工程设计股份有限公司
刘楠
B63B 25/16
Loading...
本实用新型公开一种整体式沥青船的维护系统，包括船舱，其特征在于，还包括设置在船舱内的可以隔热的独立内胆结构。独立内胆结构为岩棉和镀锌薄钢板，该岩棉充满在镀锌薄钢板和船舱之间。镀锌薄钢板由干燥后的枕木支撑。镀锌薄钢板上设置有角钢，该角钢与船舱结构上的扁钢通过螺栓连接。螺栓处设置有可以释放镀锌薄钢板的纵向热应力的弹性接头。镀锌薄钢板上设置有复数个可以释放镀锌薄钢板的横向热应力的凸槽。采用以上技术方案后，该整体式沥青船的维护系统能够解决整体式沥青船的绝缘系统、热应力等技术问题。
49. 201276202 一种灯浮标
CN
22.07.2009
B63B 22/16 Loading...
B63B 22/16
Loading...
200820153603.5
上海佳豪船舶工程设计股份有限公司
刘楠
B63B 22/16
Loading...
本实用新型公开一种灯浮标，包括相互连接的灯架组件和浮体，所述浮体包括浮筒和与浮筒相连接的尾筒，该浮筒内设置有内筒体，将浮筒分隔成内、外两筒，其特征在于，所述浮筒内还设置有复数块隔舱板，将该内、外两筒分隔成复数个隔舱结构。灯架的整体外形为直立式方框结构。灯架设置有替代雷达反射器的四块竖板，反射面积增大，反射效果好。尾筒采用封板密封结构。尾筒插入所述浮筒内部，通过筋板将内筒体和尾筒焊接。尾筒中部设置防撞木扁钢。采用以上技术方案后，该灯浮标耐冲击，耐腐蚀，易加工，维护时间短，并且造价低廉。
50. 201198360 电力推进双舵桨化学品船
CN
25.02.2009
B63B 1/08 Loading...
B63B 1/08
Loading...
200820057908.6
上海佳豪船舶工程设计股份有限公司
刘楠
B63B 1/08
Loading...
本实用新型涉及一种电力推进双舵桨化学品船，包括：船体尾部；所述的船体尾部是纵流船形的形状；在尾部设计了带有折角形的呆木；本实用新型的有益效果是：具有较小的阻力性能；提高其推进效率。
51. 1680197 Waste water treatment of concrete agitation ship
CN
12.10.2005
C02F 9/02 Loading...
C02F 9/02
Loading...
200410017505.5
Jiahao Ship Engineering Design Co., Ltd., Shanghai
Liu Nan
C02F 9/02
Loading...
A method for waste concrete sewage water treatment in agitating ship is carried out by: entering waste concrete sewage water into feed hopper of sewage treater by chute when cleaning agitating pot and transferring pump; unloading lifted sand and stone into vibrating screen of bottom by discharging of sewage treater top, stone material separated by sand and stone dropping into discharging hopper of vibrating screen bottom; discharging water of sewage into sewage tank by pipeline, pumping the sewage water into water balance by sewage pump, and circulating utilizing. It achieves no environmental pollution and circulating utilization.
52. 2692022 砼搅拌船
CN
13.04.2005
B28C 5/42 Loading...
B28C 5/42
Loading...
200420021650.6
上海佳豪船舶工程设计有限公司
刘楠
B28C 5/42
Loading...
本实用新型涉及一种砼搅拌船，在船舶中部甲板设置料斗舱，所述的料斗舱包括骨料称量装置(1)和移动启闭料斗(2)，所述的骨料称量装置(1)设在移动启闭料斗(2)的下方，骨料通过皮带输送机(3)经大倾角骨料输送机(4)送至搅拌楼(5)。本实用新型的有益效果是：降低了船舶重心，使船舶具有足够的稳性，并且使基本作业能力有显著提高。

