1. 206117455 用于高速永磁同步电机转子的冲片结构
CN
19.04.2017
H02K 21/14 Loading...
H02K 21/14
Loading...
201621118306.8
上海大郡动力控制技术有限公司
舒森
H02K 21/14
Loading...
本实用新型公开了一种用于高速永磁同步电机转子的冲片结构，本冲片结构包括转子冲片本体，所述转子冲片本体沿径向间隔设有V形槽，所述V形槽中间凹部设有贯通V形槽的工字槽，所述工字槽的长度方向与所述转子冲片本体的径向一致。本结构克服了传统电机转子冲片的缺陷，在电机转子去除隔磁桥后有效提高电机转子的结构强度，确保电机的正常运行。
2. 206117328 用于新能源车风冷电机定子绕组的冷却结构
CN
19.04.2017
H02K 1/20 Loading...
H02K 1/20
Loading...
201621118413.0
上海大郡动力控制技术有限公司
周明
H02K 1/20
Loading...
本实用新型公开了一种用于新能源车风冷电机定子绕组的冷却结构，本结构中电机的出线端定子线包和非出线端定子线包通过灌封分别设于电机壳体的两端，并且在出线端定子线包和非出线端定子线包与电机壳体之间形成灌封面，散热环分别设于出线端定子线包和非出线端定子线包的灌封面，灌封面位置的电机壳体设有螺孔，第一冷媒管和第二冷媒管一端分别连接螺孔、另一端连接冷媒输入管一端，冷源连接冷媒输入管另一端，电机壳体相对螺孔位置开设热风出口，热风出口连通散热环。本冷却结构简单，便于实施，可对电机定子绕组实施有效冷却，从而降低电机体积和制造成本，提高了电机运行性能。
3. 103178494 电机短路的自检装置及其使用方法
CN
19.04.2017
H02H 7/085 Loading...
H02H 7/085
Loading...
102011000441633
上海大郡动力控制技术有限公司
殷浩
H02H 7/085
Loading...
本发明涉及对过电流起反应的紧急保护电路装置领域，具体为一种电机短路的自检装置及其使用方法。一种电机短路的自检装置，包括电流传感器(1)，其特征是：还包括电机控制器(2)，微处理器(21)通过三相信号线向脉冲宽度调制整流器(22)输出三相脉冲信号。一种电机短路的自检装置的使用方法，其特征是：在电机(3)停机后，按如下步骤依次进行：微处理器(21)通过三相信号线向脉冲宽度调制整流器(22)输出三相脉冲检测信号，微处理器(21)根据ΔI=U0/L•Δt计算出L，若L
4. 103879303 消除电机驱动车辆低速抖动的控制系统
CN
19.04.2017
B60L 15/00 Loading...
B60L 15/00
Loading...
102012000561297
上海大郡动力控制技术有限公司
李鑫
B60L 15/00
Loading...
本发明公开了一种消除电机驱动车辆低速抖动的控制系统，即本系统包括整车控制器、电机控制器、电机、油门踏板和刹车踏板，油门踏板和刹车踏板信号输入整车控制器，整车控制器根据油门踏板和刹车踏板信号对电机控制器发送扭矩输出信号，电机控制器控制电机输出扭矩驱动车辆，本系统还包括抖动力矩抑制模块，抖动力矩抑制模块采集电机转速信号、车辆速度信号并根据整车控制器发送的扭矩输出信号，经计算后输出抑制抖动力矩信号至电机控制器，电机控制器根据叠加的扭矩输出信号和抑制抖动力矩信号控制电机运行。本控制系统从电机控制的角度来降低车辆低速行驶过程中的抖动，克服了传统消除抖动方法的缺陷，有效提高了整车的乘坐舒适性。
5. 206106980 新能源汽车低压蓄电池的连接充电回路
CN
19.04.2017
B60L 11/18 Loading...
B60L 11/18
Loading...
201621118308.7
上海大郡动力控制技术有限公司
张瑞强
B60L 11/18
Loading...
本实用新型公开了一种新能源汽车低压蓄电池的连接充电回路，本回路中DCDC变换模块、低压蓄电池和低压用电设备的负端相连，第一开关的两端分别连接DCDC变换模块正端和低压蓄电池正端，第二开关两端分别连接低压蓄电池正端和低压用电设备正端，第三开关两端分别连接DCDC变换模块正端和低压用电设备正端。本连接充电回路克服了传统低压蓄电池充电连接方式的缺陷，通过开关组合限制DCDC变换模块的输出电流，既满足DCDC变换模块在低压用电设备工作时为其提供电能，又能限制低压蓄电池的充电电流，最大限度的提高低压蓄电池的使用寿命。
6. 206107165 新能源汽车电机控制器的接口结构
CN
19.04.2017
B60R 16/023 Loading...
B60R 16/023
Loading...
201621118307.2
上海大郡动力控制技术有限公司
吴晓章
B60R 16/023
Loading...
本实用新型公开了一种新能源汽车电机控制器的接口结构，本接口结构包括整车接口单元、控制板接口单元和转接接口单元，转接接口单元设有通用电机控制接口定义的第一接插件和通用整车控制接口定义的第二接插件，第一接插件与第二接插件按接口定义连通，第一接插件连接控制板接口单元，第二接插件连接整车接口单元。本接口结构克服传统接口定义不一致的缺陷，方便实现整车接口单元与控制板接口单元的连接，确保电机的正确、可靠控制，提高了整车安装效率。
7. 206112040 电机转轴与法兰花键连接的润滑结构
CN
19.04.2017
F16H 57/04 Loading...
F16H 57/04
Loading...
201621118414.5
上海大郡动力控制技术有限公司
周明
F16H 57/04
Loading...
本实用新型公开了一种电机转轴与法兰花键连接的润滑结构，本结构的电机转轴与法兰通过花键连接，还包括限位板和连接轴，连接轴垂直设于限位板中心，连接轴前段设有螺纹，电机转轴的内花键内侧设有凹槽，限位板外圈设有键齿并且沿电机转轴的内花键推入凹槽，限位板旋转角度使键齿与内花键错位后位于凹槽的前端面，限位板与凹槽底面之间形成润滑空腔，连接轴伸入法兰的中心通孔并且采用螺母拧于螺纹段。本结构克服了传统连接方式的缺陷，使花键一直处于油脂润滑状态，减少花键磨损，提高设备寿命，降低运行噪音，减少设备保养成本，提高了生产运行效率。
8. 206117391 新能源车风冷电机的机壳
CN
19.04.2017
H02K 5/20 Loading...
H02K 5/20
Loading...
201621118415.X
上海大郡动力控制技术有限公司
周明
H02K 5/20
Loading...
本实用新型公开了一种新能源车风冷电机的机壳，本机壳包括外壳和内壳，所述内壳嵌套于所述外壳内，所述外壳与内壳之间形成散热空腔，所述外壳一侧设有冷风入口、另一侧设有冷风出口，所述散热空腔内间隔排列若干散热通道，所述散热通道的首端连通所述冷风入口、尾端连通所述冷风出口，所述散热通道的两侧和底端分别设有散热筋条。本机壳克服了传统机壳散热效果不佳的缺陷，有效提高电机的散热效果，保证了电机的运行性能，降低了车辆电机的冷却成本。
9. 206107319 新能源汽车转向助力油泵和制动气泵电机驱动集成装置
CN
19.04.2017
B62D 5/10 Loading...
B62D 5/10
Loading...
201621118412.6
上海大郡动力控制技术有限公司
谭超波
B62D 5/10
Loading...
本实用新型公开了一种新能源汽车转向助力油泵和制动气泵电机驱动集成装置，本装置包括动力电池、制动气泵、转向助力油泵和储气罐，储气罐存储制动气泵的压缩气体，本装置还包括电机控制器，动力电池提供电机控制器、制动气泵和转向助力油泵的工作电源，电机控制器的输出端分别连接制动气泵和转向助力油泵电机的输入端，电机控制器根据储气罐的压力信号驱动制动气泵间歇工作，电机控制器在汽车运行过程中驱动转向助力油泵不间断工作。本装置克服目前新能源汽车转向助力油泵和制动气泵电机需要两台控制器控制的缺陷，有效降低车辆成本，节省车辆空间，提高控制性能。
10. 103178761 用于回转电机紧急制动的控制装置及其使用方法
CN
15.02.2017
H02P 6/24 Loading...
H02P 6/24
Loading...
102011000441631
上海大郡动力控制技术有限公司
王文峰
H02P 6/24
Loading...
本发明涉及电动机、发电机或机电变换器的停止或减速装置领域，具体为一种用于回转电机紧急制动的控制装置及其使用方法。一种用于回转电机紧急制动的控制装置，包括直流电源(1)、逆变器(2)和同步电机(3)，其特征是：还包括制动控制器(41)和电机控制器(42)，电机控制器(42)通过信号线分别连接制动控制器(41)和逆变器(2)。一种用于回转电机紧急制动的控制装置的使用方法，电机控制器(42)控制同步电机(3)处于正常工作模式或制动模式。本发明结构简单，反应灵敏，制动迅速，电能利用率高，适用范围广。
11. 205439957 用于电动汽车的同轴式双电机动力总成
CN
10.08.2016
B60K 6/46 Loading...
B60K 6/46
Loading...
201521109579.1
上海大郡动力控制技术有限公司
周明
B60K 6/46
Loading...
本实用新型公开了一种用于电动汽车的同轴式双电机动力总成，本动力总成包括发动机、发电机、驱动电机、差速器和传动机构，所述发动机、发电机和驱动电机依次同轴布置，所述发动机与发电机的转轴通过机械结构连接，所述驱动电机轴端设有驱动齿轮，所述传动机构设于所述驱动电机与发电机之间，所述差速器设于所述传动机构下方，所述驱动齿轮通过所述传动机构驱动连接所述差速器。本动力总成克服了传统増程器动力总成的缺陷，其结构紧凑，体积小，便于装配检修及整车设备布局，提高了车辆的美观。
12. 103151982 永磁电机旋转变压器检测零位补偿的自适应方法
CN
10.08.2016



102011000402142
上海大郡动力控制技术有限公司
赵洪涛


本发明公开了一种永磁电机旋转变压器检测零位补偿的自适应方法，旋转变压器检测电机转速、旋转方向和转子位置，三个电流传感器分别检测直流母线电流Idc、电机V相电流Iv和U相电流Iu，并经微处理控制器作CLARK和PARK变换得到转子d轴电流Id和q轴电流Iq；调整电机处于零力矩控制模式，此时Id=弱磁电流、Iq=0，在永磁电机磁场为零位对准时，Idc≈0。如磁场零位有偏移，则Idc的值不约等于零，通过微处理控制器调整旋转变压器零位偏移角，直至Idc约等于零，使得永磁电机转子与d轴重合。本方法能实时检测到电机转子的准确位置，避免零位补偿人为标定的过程，提高了电机力矩控制精度和系统安全性，适应电机的批量生产制造。
13. 105811670 电动汽车牵引电机设计参数的校验方法
CN
27.07.2016
H02K 15/00 Loading...
H02K 15/00
Loading...
201410849345.4
上海大郡动力控制技术有限公司
万茂文
H02K 15/00
Loading...
本发明涉及电动车辆上动力总成设计领域，具体为一种电动汽车牵引电机设计参数的校验方法。一种电动汽车牵引电机设计参数的校验方法，其特征是：按如下步骤实施：(1)设置匀速运动计算模块和加速运动计算模块；(2)进一步设置最高车速计算模块、常用车速计算模块、最大爬坡度计算模块；进一步设置加速运动工况计算模块：(3)设置校验模块；(4)按最大值的原则选择校验值。本发明手续简便，校验全面，结果合理。
14. 105799493 纯电动汽车水泵的控制方法
CN
27.07.2016
B60K 11/02 Loading...
B60K 11/02
Loading...
201410831666.1
上海大郡动力控制技术有限公司
蒋正友
B60K 11/02
Loading...
本发明公开了一种纯电动汽车水泵的控制方法，即本方法水泵启动需满足下列任一条件：车辆控制器温度大于T1；电机温度大于T2；电机转速大于n1、功率大于P并且持续时间大于t1；电机转速小于n1、扭矩大于Tm并且持续时间大于t1；水泵关闭需同时满足下列条件：车辆控制器温度小于T3；电机温度小于T4；电机转速小于n2；水泵开启时间超过t2。本方法克服了传统水泵控制策略的缺陷，降低了车辆没有运行时的噪音，节约电能，提高车辆的续航里程，延长了水泵的工作寿命，并对车辆的电机控制系统提供良好的散热，保证了车辆的正常运行。
15. 105811831 凸极永磁同步电机运动状态下转子位置的跟踪方法
CN
27.07.2016
H02P 21/14 Loading...
H02P 21/14
Loading...
201410849388.2
上海大郡动力控制技术有限公司
潘河清
H02P 21/14
Loading...
本发明涉及控制同步电动机的装置领域，具体为一种凸极永磁同步电机运动状态下转子位置的跟踪方法。一种凸极永磁同步电机运动状态下转子位置的跟踪方法，其特征是：按如下步骤实施：a.比较；b.输入PWM逆变器；c.得到在αβ轴上的电流iαβ；d.得到包含转子位置信息的电流信号 ；e.估计出的转子位置和实际位置极性是否相同，如果相反则需要进行补偿；f.将电流送入锁相环之后再结合极性判断模块可得到估计出来的转子角速度和转子位置。本发明准确性高，适应性强，安全可靠。
16. 105811830 基于数据统计和数值优化的永磁同步电机模型建模方法
CN
27.07.2016
H02P 21/14 Loading...
H02P 21/14
Loading...
201410828862.3
上海大郡动力控制技术有限公司
张德
H02P 21/14
Loading...
本发明公开了一种基于数据统计和数值优化的永磁同步电机模型建模方法，本方法搭建由上位机、d轴电流估算模型、q轴电流估算模型和转矩估算模型构成的测试台架，分别设定各估算模型的输入输出参数；上位机设定电机自动运行工况并采集所需数据；对于每个电机转速点，d轴电压和q轴电流每个扫描点都存在一个d轴电流，分别建立d轴电流估算二阶模型、q轴电流估算二阶模型和转矩估算二阶模型，并采用二次方程式拟合，拟合得到的d轴电流、q轴电流和输出转矩作为永磁同步电机模型的特征参数推导建模。本方法采用试验测试数据，基于统计和数值优化建立电机模型，解决公式建模中模型不精确问题，使电机模型精确度在5%误差以内，更好的进行系统级分析。
17. 105799543 增程式电动汽车电机控制器功能的复用方法
CN
27.07.2016
B60L 15/20 Loading...
B60L 15/20
Loading...
201410828631.2
上海大郡动力控制技术有限公司
杜朝辉
B60L 15/20
Loading...
本发明公开了一种增程式电动汽车电机控制器功能的复用方法，即本方法在发电机控制器或牵引电机控制器故障情况下，通过发电机控制器与牵引电机或牵引电机控制器与发电机的转接，并经整车控制器作相应控制后实现发电机控制器和牵引电机控制器的复用，从而实现当某一控制器故障情况下的应急处理策略，增加一种故障情况下的车辆跛行工作模式，从而可使车辆能够跛行开回维修站，实现车辆的自救。本方法简单可靠，从控制策略上采取处理措施，无需大量改动车辆配置、增加硬件设备，且实施方便，无需增加额外成本，避免车辆抛锚导致的交通堵塞。
18. 105807223 用于永磁同步电机试验电流/时间的检测及保护方法
CN
27.07.2016
G01R 31/36 Loading...
G01R 31/36
Loading...
201410828605.X
上海大郡动力控制技术有限公司
鲍建波
G01R 31/36
Loading...
本发明公开了一种用于永磁同步电机试验电流/时间的检测及保护方法，本方法根据电机绝缘等级和额定功率设定过温温度点和试验电流的梯级点，测温模块监测电机运行实时温度，比较模块采集温度信息并且分别控制继电器模块和计时模块动作，继电器模块控制电源模块与电流源控制器的通断，电流源控制器控制电机运行；电流源控制器按设定的试验电流梯级点向电机输出驱动电流，同时计时模块开始计时，当测温模块检测到过温温度点时，比较模块输出信号使电源模块与电流源控制器断开；记录试验电流梯级点的驱动电流和相应的计时时间，得到电机试验电流/时间图表。本方法避免试验过程可能发生的电机故障，保证了驱动电机可靠性评估以及失效模型的准确性。
19. 105811845 驱动电机旋转变压器偏移量的调整方法
CN
27.07.2016
H02P 23/14 Loading...
H02P 23/14
Loading...
201410830268.8
上海大郡动力控制技术有限公司
胡江
H02P 23/14
Loading...
本发明公开了一种驱动电机旋转变压器偏移量的调整方法，即本方法首先搭建调整试验平台，通过负载控制器和驱动控制器分别驱动负载电机和被测电机运转，检测负载电机转速和被测电机输出力矩，力矩传感器检测被测电机输出力矩并向负载电机输出反馈力矩；分别判断负载电机转速和被测电机输出力矩，调整旋转变压器偏移量，使被测电机的给定力矩与力矩传感器输出的反馈力矩一致，实现旋转变压器偏移量的调整。本方法操作简单，实施方便，解决了驱动电机因旋转变压器偏移量精度不高影响驱动电机在某一速度下出力不均衡、动力不足、节能效果差的问题，提高了驱动电机的出力效率。
20. 105811827 纯电动汽车转速波动的抑制方法
CN
27.07.2016
H02P 21/05 Loading...
H02P 21/05
Loading...
201410830887.7
上海大郡动力控制技术有限公司
赵翔
H02P 21/05
Loading...
本发明公开了一种纯电动汽车转速波动的抑制方法，本方法由电机驱动系统给定电机期望转速 并采集电机的实际转速，两者的偏差输入PI控制器，PI控制器输出为期望转矩；期望转矩通过梯度限幅模块进行梯度限幅算法处理，得到限幅转矩，以限幅转矩作为电流计算模块的输入，得到期望的励磁电流和转矩电流；通过闭环PI控制模块达到稳态值并输出控制电压和，由脉宽调制模块控制功率模块驱动电机产生稳定的转矩以平衡负载转矩，实现转速波动的抑制。本方法在矢量控制的基础上，对转速偏差PI控制器输出的转矩给定值进行梯度限幅，以限幅后的力矩作为实际的力矩输出值，从而实现转速波动的抑制。
21. 105799550 纯电动汽车防溜坡控制方法
CN
27.07.2016
B60L 15/28 Loading...
B60L 15/28
Loading...
201410829732.1
上海大郡动力控制技术有限公司
徐兵兵
B60L 15/28
Loading...
本发明公开了一种纯电动汽车防溜坡控制方法，即整车控制器分别采集车辆的控制信号，并且根据所采集的信号向电机控制器发送操作指令，电机控制器通过功率模块驱动电机系统运行，同时电机控制器通过传感器将电机系统的实际运行状态反馈给整车控制器；整车控制器根据所采集信号使车辆进入防溜坡控制模式，该模式中电机系统输出驻坡力矩并且维持3秒，然后每隔5秒驻坡力矩减小20Nm，直至车辆微距移动时，驾驶员通过制动踏板或手刹使车辆静止；整车控制器检测到制动踏板信号或手刹信号无效，并且整车需求力矩大于驻坡力矩时，退出防溜坡控制模式。本方法通过控制策略的优化实现车辆防溜坡控制，避免了车辆驻坡时电机系统的损坏风险及车辆的抖动。
22. 105799544 纯电动汽车起步抖动及电刹车噪声的解决方法
CN
27.07.2016
B60L 15/20 Loading...
B60L 15/20
Loading...
201410829267.1
上海大郡动力控制技术有限公司
王文峰
B60L 15/20
Loading...
本发明公开了一种纯电动汽车起步抖动及电刹车噪声的解决方法，即本方法分别定义油门给定力矩、电机反馈力矩、上升力矩步长、下降力矩步长和稳态力矩步长；同时标记电机力矩调整状态分别为上升力矩步长调整状态、下降力矩步长调整状态和平衡力矩步长调整状态以及对应的车辆运行状态；分别设定各力矩步长调整状态下的力矩步长调整策略，实现各状态下电机力矩的渐变调整。本方法可使电机的加力过程和撤力过程平稳顺畅，减小电机的机械冲击，有效抑制整车起步抖动，以及消除或降低电回馈过程中的电刹车噪声。
23. 105799707 消除或减轻电动汽车低速行驶抖动的方法
CN
27.07.2016
B60W 30/20 Loading...
B60W 30/20
Loading...
201410828603.0
上海大郡动力控制技术有限公司
潘叶辉
B60W 30/20
Loading...
本发明公开了一种消除或减轻电动汽车低速行驶抖动的方法，本方法采集车速信号并进行低通滤波，得到低频车速信号，车速信号减去低频车速信号，得到高频车速信号，该高频车速信号经相位补偿调节器处理后输出力矩命令补偿值，力矩命令补偿值与整车力矩命令叠加，得到综合力矩命令，综合力矩命令经电驱动模块输出电驱动实际力矩，电驱动实际力矩减去负载力矩，得到平稳的输入力矩，该输入力矩传递到车辆动力传动系统，得到平稳的车速，从而消除或减轻车辆低速抖动。本方法实现快速减轻或消除车辆共振，无需改变现有车辆机械结构及增加额外装置，节省了车辆开发成本，减少了开发周期，适用于车辆同时存在多个共振频率点的场合，且通用性好。
24. 105799541 电动汽车驱动电机过流故障的自愈方法
CN
27.07.2016
B60L 15/00 Loading...
B60L 15/00
Loading...
201410829880.3
上海大郡动力控制技术有限公司
曾侃
B60L 15/00
Loading...
本发明公开了一种电动汽车驱动电机过流故障的自愈方法，本方法采集驱动电机三相电流并与设定的电流保护值进行比较，小于电流保护值时车辆正常行驶，任一相电流大于电流保护值时，设定采集次数N及电流预警值；连续N次采集的任一相电流均大于电流预警值时，判定发生驱动电机过流故障，控制器给出故障标志位并且驱动电机控制系统停止工作；否则车辆正常行驶并重复三相电流的采集周期；当驱动电机转速≤驱动电机系统允许自恢复转速并且给定的力矩及转速指令为零时，控制器清除故障标志位并且正常响应车辆控制指令，驱动电机控制系统恢复工作。本方法保证车辆驱动电机发生过流故障时能够自行恢复并持续运行，避免车辆失去动力，确保车辆的行驶安全。
25. 105807221 电动汽车牵引电机功率的校验方法
CN
27.07.2016
G01R 31/34 Loading...
G01R 31/34
Loading...
201410849419.4
上海大郡动力控制技术有限公司
赵洪涛
G01R 31/34
Loading...
本发明涉及纯电动车性能估算领域，具体为一种电动汽车牵引电机功率的校验方法。一种电动汽车牵引电机功率的校验方法，其特征是：按如下步骤实施：a.最高车速功率估算；b.最大爬坡度行驶功率估算；c.100km/h加速工况功率估算；d.取最值。本发明过程简便，结果合理。
26. 105807151 实时识别IGBT模块冷却系统异常的方法
CN
27.07.2016
G01R 31/00 Loading...
G01R 31/00
Loading...
201410852963.4
上海大郡动力控制技术有限公司
侯留业
G01R 31/00
Loading...
本发明公开了一种实时识别IGBT模块冷却系统异常的方法，本方法在冷却系统基本无冷却液情况下，测试IGBT模块在各电流下的温升系数，得到电流/温升系数曲线a；在冷却系统具备满足冷却系统最低要求的情况下，测试IGBT模块在各电流下的温升系数，得到电流/温升系数曲线b；曲线a和曲线b绘于坐标系内，设定曲线a上方为冷却系统异常区域A、曲线b下方为正常区域C、曲线a与曲线b之间为预警区域B；实时检测IGBT模块的电流和温升系数，并且对照曲线a和b的坐标系，即可识别冷却系统异常。本方法依据冷却系统的不同工况及相应的IGBT模块电流大小进行判别，据此判定冷却系统是否异常，并设置预警及异常信息上传，避免电机和逆变器的损坏。
27. 205283285 永磁同步电机转轴与转子铁芯冲片的连接结构
CN
01.06.2016
H02K 1/28 Loading...
H02K 1/28
Loading...
201521109577.2
上海大郡动力控制技术有限公司
任平志
H02K 1/28
Loading...
本实用新型公开了一种永磁同步电机转轴与转子铁芯冲片的连接结构，本连接结构包括转轴和转子铁芯冲片，所述转轴沿轴向对称设有两个第一平面，所述转子铁芯冲片内圈在冲片模具冲片时对称冲制两个第二平面，所述转子铁芯冲片同轴套入所述转轴并且所述第二平面贴合所述第一平面。本连接结构克服了传统转轴与转子铁芯冲片连接方式的缺陷，提高了转轴与转子铁芯冲片的定位精度，保证了电机性能，提高了加工安装效率。
28. 205273161 用于电动汽车的平行轴式双电机动力总成
CN
01.06.2016
B60K 6/40 Loading...
B60K 6/40
Loading...
201521109583.8
上海大郡动力控制技术有限公司
周明
B60K 6/40
Loading...
本实用新型公开了一种用于电动汽车的平行轴式双电机动力总成，本动力总成包括发动机、发电机、驱动电机、差速器、中间轴和中间齿轮，所述发动机与发电机间隔布置并且转轴通过机械结构连接，所述驱动电机设于所述发电机侧面并且轴端设有驱动齿轮，所述中间轴平行所述驱动电机的转轴设置，所述中间齿轮设于所述中间轴轴端并且与所述驱动齿轮啮合，所述差速器设于所述中间轴一侧，所述中间齿轮连接驱动所述差速器。本动力总成克服了传统増程器动力总成的缺陷，其结构紧凑，体积小，便于装配检修及整车设备布局，提高了车辆的美观。
29. 205283455 电机控制系统温度故障监控系统
CN
01.06.2016
H02P 29/60 Loading...
H02P 29/60
Loading...
201521109600.8
上海大郡动力控制技术有限公司
阮永宝
H02P 29/60
Loading...
本实用新型公开了一种电机控制系统温度故障监控系统，本系统的电机、控制器和电源模块之间通过输电线缆连接，控制器驱动和控制电机运行，电源模块提供控制器的直流稳压电能，电源直流电能输出端连接至控制器直流电能输入端，控制器三相交流输出端连接至电机三相交流输入端；本系统还包括红外热像仪和智能终端，红外热像仪架设于电机、控制器和电源模块一侧并且采集监控区域各部件的红外热像图，红外热像仪的输出信号传输至智能终端，智能终端的控制输出端连接控制器的控制输入端。本系统克服了传统温度监测的缺陷，实现电机控制系统全局的温度监控，避免了元器件毁坏或者火灾等事故，保证了电机控制系统的可靠、稳定运行。
30. 205280801 用于汽车电机驱动器的低压输入电压采样电路
CN
01.06.2016
G01R 19/00 Loading...
G01R 19/00
Loading...
201521109595.0
上海大郡动力控制技术有限公司
鲍建波
G01R 19/00
Loading...
本实用新型公开了一种用于汽车电机驱动器的低压输入电压采样电路，本电路的采样变压器原边绕组连接低压输入电源的输出端，第一二极管与第一电容串联后连接采样变压器的副边绕组并且第一二极管的阴极连接采样变压器副边绕组的负端，第二二极管与第二电容串联后连接采样变压器的副边绕组并且第二二极管的阳极连接采样变压器副边绕组的负端，第一电阻和第二电阻串联后连接第二电容的两端，第二电阻两端为低压输入电压的采样电压。本电路结构简单，采样准确，降低了生产成本，并且故障率低，维修方便。
31. 205273361 用于纯电动汽车的高压集成控制器
CN
01.06.2016
B60R 16/02 Loading...
B60R 16/02
Loading...
201521109590.8
上海大郡动力控制技术有限公司
李鹏飞
B60R 16/02
Loading...
本实用新型公开了一种用于纯电动汽车的高压集成控制器，本控制器的用于纯电动汽车各电机驱动的IGBT功率模块和DC-DC模块分别串接于车载高压电池的正负端，熔断模块分别串接于用于纯电动汽车各电机驱动的IGBT功率模块和DC-DC模块的供电回路，继电器控制模块通过低压线束接受控制指令并且其常开触点分别串接于用于纯电动汽车各电机驱动的IGBT功率模块和DC-DC模块的供电回路，绝缘监测模块连接车载高压电池的正负端并且监测信号经低压线束输出。本控制器克服了单列高压单元的缺陷，提高了系统的安全性和可靠性，降低了生产成本，有利于整车布局，降低电磁辐射，提高车辆的检修效率。
32. 205280114 电动汽车旋转变压器解码电路输出信号精度检测系统
CN
01.06.2016
G01D 18/00 Loading...
G01D 18/00
Loading...
201521109603.1
上海大郡动力控制技术有限公司
郑新峰
G01D 18/00
Loading...
本实用新型公开了一种电动汽车旋转变压器解码电路输出信号精度检测系统，本系统的旋转变压器检测电机定子与转子相对位置关系并转化成电压信号输出至解码电路，解码电路将电压信号解码成锯齿波形的电压信号；数字采集存储模块采集解码电路输出的电压信号并且转换成数字信号，将数字信号存储为数据数组并且传送给数字量化分析模块；数字量化分析模块对数据数组进行微分处理、限幅滤波和量化分析，得出解码电路输出电压信号精度值，并将精度值传送至上位机；上位机将精度值与解码电路的精度比较，并且显示比较结果。本系统对解码电路输出信号进行采集、分析，由上位机处理后显示精度分析结果，提高电机控制精度，保证电动汽车运行的安全性和稳定性。
33. 205278608 电动汽车电机控制器冷却水管的连接结构
CN
01.06.2016
F16L 13/10 Loading...
F16L 13/10
Loading...
201521109581.9
上海大郡动力控制技术有限公司
周明
F16L 13/10
Loading...
本实用新型公开了一种电动汽车电机控制器冷却水管的连接结构，本连接结构包括电机控制器壳体和不锈钢拉伸水管，所述电机控制器壳体开有光孔，所述不锈钢拉伸水管插入所述光孔内并且过盈配合。本连接结构的冷却水管安装操作简单，施工方便，有效提高密封性能，保证了冷却效果，降低了生产成本。
34. 205283341 用于新能源汽车驱动电机的油冷结构
CN
01.06.2016
H02K 9/19 Loading...
H02K 9/19
Loading...
201521109578.7
上海大郡动力控制技术有限公司
周明
H02K 9/19
Loading...
本实用新型公开了一种用于新能源汽车驱动电机的油冷结构，本油冷结构的油冷管设于电机壳体内壁并且连通壳外的入油口，第一出油口、第二出油口和第三出油口分别间隔设于电机壳体内壁并且连通油冷管，第一出油口和第三出油口分别正对驱动电机的左侧线包和右侧线包上方，第二出油口正对驱动电机的左侧铁芯与右侧铁芯之间，电机壳体底部设有回油口。本油冷结构克服了传统水冷永磁电机的缺陷，降低了动力总成的空间体积及重量，有效提高了驱动电机的功率密度，从而降低整车重量，提高整车性能以及效率。
35. 205281252 用于电动汽车电机控制器调试的远程数据传输系统
CN
01.06.2016
G05B 23/02 Loading...
G05B 23/02
Loading...
201521110828.9
上海大郡动力控制技术有限公司
李振
G05B 23/02
Loading...
本实用新型公开了一种用于电动汽车电机控制器调试的远程数据传输系统，本系统包括电源模块、测功电机及控制器、被测电机及控制器，电源模块通过电机控制器的电源开关或点火开关提供电机控制器的工作电源，本系统还包括通讯网关、继电器和智能终端，通讯网关包括CAN接口、网卡和系统级SOC芯片，？CAN接口连接电机控制器的CAN调试、烧写线束，继电器的触点串接于电源模块与电机控制器的电源开关或点火开关之间，系统级SOC芯片控制继电器触点的通断，网卡通过有线或无线网络连接智能终端。本系统克服了传统电机控制器调试的缺陷，实现电机控制器调试过程中数据的远程传输，其接线方便，避免了测试人员的长时间守值，提高了调试和研发效率。
36. 203858333 检测调制脉宽驱动信号的模拟功率装置
CN
01.10.2014
G01R 31/28 Loading...
G01R 31/28
Loading...
201320879142.0
上海大郡动力控制技术有限公司
胡江
G01R 31/28
Loading...
本实用新型涉及驱动电路，尤其涉及调制脉宽驱动信号。一种检测调制脉宽驱动信号的模拟功率装置，它包括：在电源的正负极之间并联三个包括半导体型场效应管和快速恢复二极管的相模拟电路，每个相模拟电路包括串联的两个由并接的半导体型场效应管和快速恢复二级管构成的电路，每个相模拟电路中的两个快速恢复二级管之间设有常闭开关，靠近负极的快速恢复二级管通过一个常闭开关连接电源负极；同时，两个半导体型场效应管之间连接在一起，三个相模拟电路中的半导体型场效应管之连线连接在一起输出调制脉宽驱动信号。本实用新型全仿真了智能功率模块的所有功能，可直接与驱动信号连接使用。
37. 203747641 开关电源的加速和降耗启动电路
CN
30.07.2014
H02M 1/36 Loading...
H02M 1/36
Loading...
201320850093.8
上海大郡动力控制技术有限公司
鲍建波
H02M 1/36
Loading...
本实用新型公开了一种开关电源的加速和降耗启动电路，本电路的电阻与稳压二极管串联后连接输入电压正负端，第一三极管基极连接稳压二极管阴极、集电极连接输入电压正端、发射极连接驱动模块的工作电压端，电容两端连接稳压二极管阳极和第一三极管发射极，驱动模块接地端连接输入电压负端、输出端连接第二三极管基极，第二三极管发射极连接输入电压负端、集电极连接变压器第一初级绕组一端，第一初级绕组另一端连接输入电压正端，第二二极管阴极连接第一三极管发射极、阳极连接第二初级绕组一端，第二初级绕组另一端连接输入电压负端，第一二极管串接于变压器次级绕组中。本电路缩短驱动模块工作电压充电时间，降低开关电源能耗，减少启动时间。
38. 203722208 电动汽车电机控制系统的多级过压保护电路
CN
16.07.2014
H02H 7/09 Loading...
H02H 7/09
Loading...
201320879449.0
上海大郡动力控制技术有限公司
吴晓章
H02H 7/09
Loading...
本实用新型涉及一种电动汽车电机控制系统的多级过压保护电路，它包括：母线电压采集单元，该母线电压采集单元连接过压保护单元和反电势保护单元，过电压保护单元及反电势保护单元共同连接一个控制单元，控制单元连接电机负载单元。本实用新型能及时保护电动汽车的电机控制系统，简单可靠。
39. 203722411 用于新能源汽车的内外双风冷电机
CN
16.07.2014
H02K 9/06 Loading...
H02K 9/06
Loading...
201320850226.1
上海大郡动力控制技术有限公司
杨卫通
H02K 9/06
Loading...
本实用新型公开了一种用于新能源汽车的内外双风冷电机，即本电机的前端盖和后端盖分别设于壳体两端，转轴两端分别通过前轴承和后轴承设于前端盖和后端盖中心，转子设于转轴中部，定子设于壳体内壁；导风罩套设于前端盖外侧并与前端盖之间形成空腔，外冷风扇设于转轴并位于导风罩与前端盖之间的空腔内，进气管一端连接空滤器、另一端穿过导风罩和前端盖连通壳体内腔，后端盖壁设有通孔，抽风风扇设于后端盖壁的通孔。本电机克服了传统外风冷结构电机的缺陷，有效提高电机的散热能力，提升了电机的功率密度，满足新能源汽车电机的应用要求。
40. 203722466 电机控制单元电源低纹波输出电路
CN
16.07.2014
H02M 1/14 Loading...
H02M 1/14
Loading...
201320853189.X
上海大郡动力控制技术有限公司
马驰
H02M 1/14
Loading...
本实用新型公开了一种电机控制单元电源低纹波输出电路，即本电路包括功率变换单元、整流单元、吸收单元和滤波单元，所述整流单元和吸收单元并联连接，所述功率变换单元的输出端连接所述整流单元的输入端，所述整流单元的输出端连接所述滤波单元输入端，所述滤波单元输出低纹波电压。本电路结构简单，可实现电源的低纹波输出，满足电机电流精确控制的要求，且成本低，可靠性高。
41. 203713586 电动客车增程器的集成控制系统
CN
16.07.2014
B60L 11/12 Loading...
B60L 11/12
Loading...
201320850227.6
上海大郡动力控制技术有限公司
杜朝辉
B60L 11/12
Loading...
本实用新型公开了一种电动客车增程器的集成控制系统，即本控制系统的发电机与发动机机械连接，发动机控制器和发电机控制器控制发动机和发电机的运行，电池管理模块控制动力电池充放电，发电机控制器通过高压直流母线连接动力电池；发动机控制器与发电机控制器之间通过第一CAN通讯总线连接，整车控制器、发电机控制器和电池管理模块之间通过第二CAN通讯总线连接，整车控制器对发电机控制器和电池管理模块进行控制，发动机信息由发电机控制器从第一CAN通讯总线获取后通过第二CAN通讯总线转发给整车控制器。本控制系统简化整车控制策略，发电机和发动机能够更好协同工作，并选取最优工作点，确保增程器可靠稳定运行，避免车辆失控。
42. 203718190 一种盘管电机壳体水嘴密封结构
CN
16.07.2014
F16L 19/025 Loading...
F16L 19/025
Loading...
201320879462.6
上海大郡动力控制技术有限公司
蔡庆
F16L 19/025
Loading...
本实用新型涉及一种盘管电机壳体水嘴密封结构，所述连接口的水嘴具有圆锥台形，而盘管具有喇叭口，盘管上套有一个螺母，所述水嘴盘管顶端锥面斜度度大于水嘴顶端锥面斜度；两着顶端以线方式接触，再通过螺母将盘管和水嘴锁紧。本实用新型以线接触的方式达到良好的密封效果，安装快捷方便，加工简单成本低廉，可以大大提高生产效率。
43. 203722392 用于电动汽车电机的接线座结构
CN
16.07.2014
H02K 5/22 Loading...
H02K 5/22
Loading...
201320850257.7
上海大郡动力控制技术有限公司
周明
H02K 5/22
Loading...
本实用新型公开了一种用于电动汽车电机的接线座结构，即本结构包括接线螺栓、压紧螺母、母排、树脂绝缘体和垫块螺母，所述垫块螺母拧于所述接线螺栓，所述接线螺栓连同所述垫块螺母嵌入所述树脂绝缘体内并垫块螺母平面高于树脂绝缘体平面，所述压紧螺母拧于所述接线螺栓，所述母排套入所述接线螺栓并位于所述压紧螺母与垫块螺母之间。本结构避免了传统接线座的缺陷，避免接线螺栓松动的安全隐患，确保接线座的电气性能，保证电气设备的安全运行。
44. 203713760 新能源汽车逆变器接线座与接地电容的连接结构
CN
16.07.2014
B60R 16/02 Loading...
B60R 16/02
Loading...
201320853190.2
上海大郡动力控制技术有限公司
王仁军
B60R 16/02
Loading...
本实用新型公开了一种新能源汽车逆变器接线座与接地电容的连接结构，即本结构包括接线座本体、固定螺栓、两个嵌装螺母和两个接地电容，所述固定螺栓穿入所述接线座本体中心，所述两个嵌装螺母设于所述接线座本体内并位于所述固定螺栓两侧；所述两个接地电容设于所述接线座本体内并分别位于所述固定螺栓与两个嵌装螺母之间，所述两个接地电容的一端连接所述固定螺栓、另一端分别连接所述两个嵌装螺母。本结构克服了传统接地电容连接的缺陷，将接地电容与接线座集成为一体，有效提高接地电容连接的可靠性。
45. 203713508 电动汽车动力总成的安装结构
CN
16.07.2014
B60K 1/00 Loading...
B60K 1/00
Loading...
201320850205.X
上海大郡动力控制技术有限公司
周明
B60K 1/00
Loading...
本实用新型公开了一种电动汽车动力总成的安装结构，即本结构包括控制器和电机；还包括行星齿轮减速箱，所述控制器设于所述电机顶面并直接电气和水管连接，所述行星齿轮减速箱设于所述电机一侧并与电机同轴连接，所述行星齿轮减速箱输出轴连接车辆的车轮，所述电机侧和行星齿轮减速箱侧分别设有安装点。本结构克服了传统车辆动力总成布置的缺陷，结构紧凑，重量轻，体积小，有效提高装配效率，并布置灵活，适合车辆的前轮或后轮驱动。
46. 203722425 永磁电机定子组件的热套工装
CN
16.07.2014
H02K 15/00 Loading...
H02K 15/00
Loading...
201320850321.1
上海大郡动力控制技术有限公司
任平志
H02K 15/00
Loading...
本实用新型公开了一种永磁电机定子组件的热套工装，即本工装包括定位基座和涨形套，所述定位基座包括底盘和筒体，所述筒体同轴设于所述底盘顶面，所述涨形套套入所述定位基座的筒体并通过螺栓固定。本工装结构简单，使用方便，定子绕组与机座热套装配时确保轴向和径向定位，保证电机气隙均匀，提高了永磁电机的整体性能。
47. 203522452 用于旋转变压器的齿轮组式零位调整装置
CN
02.04.2014
H02K 15/00 Loading...
H02K 15/00
Loading...
201320404202.3
上海大郡动力控制技术有限公司
王仁军
H02K 15/00
Loading...
本实用新型涉及电机的测量装置领域，具体为一种用于旋转变压器的齿轮组式零位调整装置。一种用于旋转变压器的齿轮组式零位调整装置，包括旋转变压器(1)和转接套筒(2)，转接套筒(2)箍在旋转变压器(1)的转子上，其特征是：还包括调整器(3)，旋转变压器(1)由定子(11)、转子(12)、固定板(13)、压板(14)、定位销(15)和螺母(16)组成；调整器(3)由齿轮轴(31)、齿轮组(32)和手轮(33)组成。本实用新型结构简单，操作简便，调节可靠，维护方便。
48. 203368392 用于旋转变压器的伺服电机式零位调整装置
CN
25.12.2013
H02P 13/00 Loading...
H02P 13/00
Loading...
201320404285.6
上海大郡动力控制技术有限公司
王仁军
H02P 13/00
Loading...
本实用新型涉及电机的测量装置领域，具体为一种用于旋转变压器的伺服电机式零位调整装置。一种用于旋转变压器的伺服电机式零位调整装置，包括旋转变压器(1)和转接套筒(2)，转接套筒(2)箍在旋转变压器(1)的转子上，其特征是：还包括调整器(3)，旋转变压器(1)由定子(11)、转子(12)、固定板(13)、压板(14)、定位销(15)和螺母(16)组成；调整器(3)由伺服电机(31)和变频器(32)组成。本实用新型结构简单，操作简便，调节可靠，维护方便。
49. 203368248 用于旋转变压器的蜗轮-蜗杆式零位调整装置
CN
25.12.2013
H02K 15/00 Loading...
H02K 15/00
Loading...
201320404180.0
上海大郡动力控制技术有限公司
王仁军
H02K 15/00
Loading...
本实用新型涉及电机的测量装置领域，具体为一种用于旋转变压器的蜗轮-蜗杆式零位调整装置。一种用于旋转变压器的蜗轮-蜗杆式零位调整装置，包括旋转变压器(1)和转接套筒(2)，转接套筒(2)箍在旋转变压器(1)的转子上，其特征是：还包括调整器(3)，旋转变压器(1)由定子(11)、转子(12)、固定板(13)、压板(14)、定位销(15)和螺母(16)组成；调整器(3)由蜗轮(31)、蜗杆(32)、箱体(33)和手轮(34)组成。本实用新型结构简单，操作简便，调节可靠，维护方便。
50. 203166455 用于电控箱电磁屏蔽的柔软密封部件
CN
28.08.2013
H02G 15/105 Loading...
H02G 15/105
Loading...
201220713689.9
上海大郡动力控制技术有限公司
陈群峰
H02G 15/105
Loading...
本实用新型公开了一种用于电控箱电磁屏蔽的柔软密封部件，即本密封部件包括由甲基乙烯基硅橡胶与镍碳粉配比制成的密封部件本体，所述密封部件本体两侧面设有凹槽，所述密封部件本体居中开有容纳电控箱的高压电缆或接插件的通孔。本密封部件可对电控箱实施良好的电磁屏蔽，且具备传统密封件的柔软性和密封性，从而保证了电子产品的可靠稳定运行且不受其他电子产品电磁干扰的影响。
51. 103226062 电机性能测试中负载电机的被动加载方法
CN
31.07.2013
G01M 15/02 Loading...
G01M 15/02
Loading...
201210021303.2
上海大郡动力控制技术有限公司
赵洪涛
G01M 15/02
Loading...
本发明公开了一种电机性能测试中负载电机的被动加载方法，即负载电机执行转速闭环控制、外特性限幅控制和力矩闭环控制；转速闭环控制中负载电机转速设定值和转速反馈值输入转速比例-积分调节器，调节器的输出经外特性限幅控制进行修正，外特性限幅控制的输出作为力矩闭环控制的期望值，最后通过电流信号的闭环控制间接实现力矩闭环控制。通过本方法负载电机可以模拟不同类型负载的阻力特性，输出期望的阻力力矩，实现对被测电机进行加载的功能。本方法可灵活定制负载电机的阻力特性，扩展了负载电机的功能，满足被测电机多样化的测试要求，降低测试成本。
52. 203086258 永磁电机转子磁钢槽灌封结构
CN
24.07.2013
H02K 1/27 Loading...
H02K 1/27
Loading...
201220713703.5
上海大郡动力控制技术有限公司
任平志
H02K 1/27
Loading...
本实用新型公开了一种永磁电机转子磁钢槽灌封结构，即本灌封结构包括设于电机转子顶面的隔磁板，所述隔磁板上分别间隔设有注胶孔和溢胶孔，所述隔磁板一侧设有环形槽，所述环形槽的起点和终点连通所述注胶孔和溢胶孔并贯通电机转子若干磁钢槽。本结构可一次灌封电机转子全部磁钢槽，便于点胶机灌注定位，避免传统灌封多次操作过程中造成的灌封剂外溢，减少了转子表面清理的工作量，提高了灌封作业效率。
53. 203084546 电动汽车电机控制系统的故障诊断支持系统
CN
24.07.2013
G05B 23/02 Loading...
G05B 23/02
Loading...
201220713762.2
上海大郡动力控制技术有限公司
陈群峰
G05B 23/02
Loading...
本实用新型公开了一种电动汽车电机控制系统的故障诊断支持系统，即本系统的电机控制器与整车控制器通过CAN总线连接，电机控制器驱动电机运行，高压和低压电源提供电机控制器电源，本系统的第一存储器、第二存储器和第三存储器分别连接电机控制器信息输出端，电机控制器分别以10～200us和1～20ms为发送周期将系统运行信息循环储存于第一存储器和第二存储器中、将系统故障信息储存于第三存储器中，无线发送/接收模块连接电机控制器并通过远程网络传送第一存储器、第二存储器和第三存储器与远程终端之间的信息。本系统将电机控制系统运行信息及故障信息完整储存，并将运行信息和故障信息传送至远程终端，便于故障诊断排除，保证车辆的安全运行。
54. 203081794 电动汽车电机控制器风冷装置
CN
24.07.2013
F04D 25/08 Loading...
F04D 25/08
Loading...
201220713784.9
上海大郡动力控制技术有限公司
肖智光
F04D 25/08
Loading...
本实用新型公开了一种电动汽车电机控制器风冷装置，即本装置包括车载低压电池、调速控制器和调速风机，还包括直流电源转换模块，所述车载低压电池经过所述直流电源转换模块作电压转换后提供所述调速风机电源，所述调速控制器控制所述调速风机的开关和运行速度。本装置为电机控制器提供风冷，避免过热烧毁损坏的安全隐患，确保电机控制器可靠运行，满足乘用汽车对噪音的要求。
55. 203086276 用于提高冷却效果的水冷电机的壳体
CN
24.07.2013
H02K 5/20 Loading...
H02K 5/20
Loading...
201320018675.X
上海大郡动力控制技术有限公司
王仁军
H02K 5/20
Loading...
本实用新型公开了一种用于提高冷却效果的水冷电机的壳体，即本水冷电机的壳体包括电机壳体本体，所述电机壳体本体壁内沿圆周方向设有螺旋形水道，所述螺旋形水道起点为进水口、终点为出水口，所述螺旋形水道的截面相向两侧是波浪形。本壳体克服传统水冷电机冷却方式的缺陷，在同等体积和重量下，进一步提高了水冷电机的冷却效果，有效提高了水冷电机的功率和转矩。
56. 203086389 车载双电机控制器的电容连接结构
CN
24.07.2013
H02P 5/00 Loading...
H02P 5/00
Loading...
201320025620.1
上海大郡动力控制技术有限公司
乔新科
H02P 5/00
Loading...
本实用新型公开了一种车载双电机控制器的电容连接结构，即本连接结构包括控制器箱体、电容和两个绝缘栅双极型晶体管模块，所述控制器箱体内设有冷却水道，所述两个绝缘栅双极型晶体管模块分别设于所述控制器箱体内的冷却水道上，所述电容设于所述控制器箱体内并分别通过铜排安装脚连接所述两个绝缘栅双极型晶体管模块。本连接结构克服了传统电容连接方式的缺陷，有效减少了车载双电机控制器的体积，利于车载双电机控制器在汽车内的布局，降低了制作成本。
57. 203086228 用电设备电源管理模块的辅助供电系统
CN
24.07.2013
H02J 9/00 Loading...
H02J 9/00
Loading...
201220713665.3
上海大郡动力控制技术有限公司
韦世敏
H02J 9/00
Loading...
本实用新型公开了一种用电设备电源管理模块的辅助供电系统，本系统供电来源自设备输入电源，设备输入电源还提供给控制器、正常启动模块和升压模块；正常启动模块输出端连接电源管理模块输入端，电源管理模块输出端连接控制器输入端，电压检测模块检测设备输入电源的电压，电压检测模块信号输出端连接升压模块信号输入端，升压模块输出端连接电源管理模块输入端。本系统可确保在设备输入电源供电电压在一段时间内跌落时用电设备控制系统的供电保持正常范围，避免电压瞬间跌落导致用电设备的故障或者永久性失效，提高整个用电设备系统的安全可靠性能。
58. 203082049 减少定位误差的主动轴与被动轴的连接结构
CN
24.07.2013
F16D 1/033 Loading...
F16D 1/033
Loading...
201220713729.X
上海大郡动力控制技术有限公司
任平志
F16D 1/033
Loading...
本实用新型公开了一种减少定位误差的主动轴与被动轴的连接结构，即本连接结构包括主动轴、被动轴和花键连接盘，所述主动轴轴端设有台阶，所述被动轴轴端设有内孔和法兰盘，所述法兰盘与所述被动轴为一体，所述花键连接盘套接于所述主动轴外花键上，所述主动轴轴端台阶位于所述被动轴轴端的内孔，所述连接盘与所述被动轴轴端的法兰盘通过若干螺栓连接。本连接结构有效减少了主动轴与被动轴之间的定位误差，保证了机械设备的可靠稳定运行，提高设备运行效率，降低噪音，提高了连接结构部件的使用寿命。
59. 203083726 永磁同步电机永磁体温度的实时检测装置
CN
24.07.2013
G01K 7/00 Loading...
G01K 7/00
Loading...
201220717113.X
上海大郡动力控制技术有限公司
张玉柱
G01K 7/00
Loading...
本实用新型公开了一种永磁同步电机永磁体温度的实时检测装置，即本装置测功机和被测电机分别设于测试台架并转轴通过联轴器连接，扭矩/转速传感器设于测功机转轴，被测电机转轴是空心轴，高速滑环通过法兰盘连接被测电机转轴，若干温度传感器分别设于被测电机转子的若干磁极槽内的永磁体上，若干温度传感器的导线从电机转子穿入空心轴通孔并连接至高速滑环转子，高速滑环转子将测温信号传输至高速滑环定子，高速滑环定子通过若干导线连接控制器，控制器根据扭矩/转速传感器信号控制测功机拖动被测电机至设定力矩。本装置可实时检测电机永磁体温度实时监测，避免电机温升过高导致的电机失效，保证了电机正常可靠运行。
60. 203082206 电动汽车动力总成的密封结构
CN
24.07.2013
F16J 15/06 Loading...
F16J 15/06
Loading...
201220713626.3
上海大郡动力控制技术有限公司
周明
F16J 15/06
Loading...
本实用新型公开了一种电动汽车动力总成的密封结构，即本密封结构包括变速器和电机，所述变速器外环端面与电机外环端面通过止口连接，本密封结构还包括O形密封圈，所述变速器内环和电机内环分别设有相向台阶，所述电机内环台阶套入所述变速器内环台阶，所述变速器内环台阶外表面设有圆形凹槽，所述O形密封圈设于所述圆形凹槽内并位于所述电机内环台阶与变速器内环台阶之间。本密封结构克服了传统密封方式的缺陷，动力总成的密封性能良好，具有较强的通用性，且降低了生产成本。
61. 203078446 车用电机控制系统低静态电流的控制电路
CN
24.07.2013
B60R 16/02 Loading...
B60R 16/02
Loading...
201220713690.1
上海大郡动力控制技术有限公司
马驰
B60R 16/02
Loading...
本实用新型公开了一种车用电机控制系统低静态电流的控制电路，即本电路的主开关模块分别连接常火模块、辅助开关模块和负载模块，辅助开关模块分别连接点火模块和负载模块，负载模块连接点火模块，其中主开关模块控制常火模块对负载模块供电，辅助开关模块根据点火模块状态控制主开关模块开通和关断，负载模块对点火模块状态监控并对辅助开关模块进行控制。本控制电路根据车辆的点火信号提供负载电源，有效降低电机控制系统的静态电流，从而降低电池的能量消耗，提高了低静态电流的控制速度。
62. 203086392 车用永磁电机旋变初始角度的定位装置
CN
24.07.2013
H02P 6/00 Loading...
H02P 6/00
Loading...
201220713783.4
上海大郡动力控制技术有限公司
苟文辉
H02P 6/00
Loading...
本实用新型公开了一种车用永磁电机旋变初始角度的定位装置，即本定位装置包括电机控制器和永磁电机，还包括EEPROM存储器，所述EEPROM存储器设于所述永磁电机内并写入永磁电机的旋变初始角度，所述EEPROM存储器通过SPI数据传输总线连接所述电机控制器。本装置可以实现初始角度的自动记录，任何一台永磁电机与任何一台电机控制器均能自动配合，无需人工测试记录，为永磁电机的后续配套提供极高的便利性。
63. 203078325 车载电机控制系统主接触器失效的保护系统
CN
24.07.2013
B60L 3/00 Loading...
B60L 3/00
Loading...
201220743836.7
上海大郡动力控制技术有限公司
赵洪涛
B60L 3/00
Loading...
本实用新型公开了一种车载电机控制系统主接触器失效的保护系统，本系统的高压电池通过高压控制模块提供电机控制器电源，电机控制器控制电机运行，高压控制模块包括主接触器正、负极触点、预充电继电器触点和预充电电阻，主接触器正、负极触点分别连接高压电池正、负端和电机控制器电源输入正、负端，预充电继电器触点和预充电电阻串联后并联于主接触器正极触点两端，信号检测模块信号输入端连接高压控制模块并检测主接触器正、负极触点的通断，信号检测模块信号输出端连接电机控制器。本系统实时检测主接触器状态，一旦失效禁止功率模块运行，防止母线电压过压造成电机控制器损坏，提高了整车的安全和可靠性能。
64. 203086325 驱动信号死区产生装置
CN
24.07.2013
H02M 1/088 Loading...
H02M 1/088
Loading...
201220737436.5
上海大郡动力控制技术有限公司
金定兴
H02M 1/088
Loading...
本实用新型涉及应用有控制极的半导体器件的用于电源或类似的电力系统的变换设备领域，具体为一种驱动信号死区产生装置。一种驱动信号死区产生装置，包括电阻甲(11)、电阻乙(12)、电阻丙(13)和电阻丁(14)，其特征是：还包括二极管甲(21)、二极管乙(22)、电容甲(31)、电容乙(32)和缓冲控制器(4)，电阻甲(11)的另一端连接二极管甲(21)的负极，电阻乙(12)的另一端连接二极管甲(21)的正极，电容甲(31)的一端连接二极管甲(21)的正极，电容甲(31)的另一端接地，二极管甲(21)的正极连接缓冲控制器(4)的一个信号输入端。本实用新型结构简单，调控方便，保护作用好。
65. 103171547 Limping device of stroke-increasing type electric car and application method thereof
CN
26.06.2013
B60W 20/00 Loading...
B60W 20/00
Loading...
201110441634.7
上海大郡动力控制技术有限公司
雷小军
B60W 20/00
Loading...
The invention relates to the field of a vehicle control device which is used for controlling a vehicle or driving a motor to achieve expected features, in particular to a limping device of a stroke-increasing type electric car and an application method thereof. The limping device of the stroke-increasing type electric car comprises a prime motor (1), a starting/power generation integrated motor (2), a traction motor (3) and a motor controller (4). The limping device is characterized by further comprising a contactor unit (5), a vehicle controller (6) and an energy storage device (7). The contactor unit (5) is respectively connected with a voltage detection circuit (41) of the motor controller (4), the vehicle controller (6) and the energy storage device (7) through signal lines. The application method of the limping device of the stroke-increasing type electric car is characterized by comprising a starting mode and a limping mode. The limping device of the stroke-increasing type electric car and the application method thereof are safe, reliable, strong in adaptability, high in utilization rate of electrical energy, and low in cost.
66. 103174859 One-way water-discharging two-way gas-guiding valve used for automatic water discharging of motor shell
CN
26.06.2013
F16K 24/04 Loading...
F16K 24/04
Loading...
201110441632.8
上海大郡动力控制技术有限公司
杨卫通
F16K 24/04
Loading...
The invention relates to the field of a device used for discharging liquid from a sealed container mainly used for containing gas, in particular to a one-way water-discharging two-way gas-guiding valve used for automatic water discharging of a motor shell. The one-way water-discharging two-way gas-guiding valve used for automatic water discharging of the motor shell comprises a screw plug valve body (1), and is characterized by further comprising a rubber sealing body (2), a ball float valve element (3) and a screw plug valve bottom (4), wherein the rubber sealing body (2) is embedded in the position of a step of valve through holes (11) of the screw plug valve body (1), the screw plug valve bottom (4) is connected with the bottoms of the valve through holes (11) in a threaded sealing mode, and the ball float valve element (3) is arranged in a hollow cavity (12). The one-way water-discharging two-way gas-guiding valve used for automatic water discharging of the motor shell is simple in structure, convenient to use, good in unipolarity, and rapid in water discharging.
67. 202839283 具有检测轴承跑圈作用的旋转变压器
CN
27.03.2013
H01F 38/18 Loading...
H01F 38/18
Loading...
201220438616.3
上海大郡动力控制技术有限公司
王仁军
H01F 38/18
Loading...
本实用新型涉及结构上与轴承联结的电机领域，具体为一种具有检测轴承跑圈作用的旋转变压器。一种具有检测轴承跑圈作用的旋转变压器，包括转子(1)、定子(2)和壳体(3)，其特征是：还包括轴承(4)、铆钉(5)和定位销(6)，轴承(4)的内圈(41)嵌在转轴(11)中心的通孔内，铆钉(5)将转轴(11)和轴承(4)的内圈(41)箍紧，定位销(6)依次连接转轴(11)和轴承(4)的内圈(41)；轴承(4)的外圈(42)和定子(2)之间、轴承(4)的外圈(42)和壳体(3)之间都通过定位销(6)连接固定。本实用新型的有益效果是：结构紧凑，节省空间，安装方便，安全可靠。
68. 202783190 用于增程器的电机控制装置
CN
13.03.2013
B60W 20/00 Loading...
B60W 20/00
Loading...
201220253499.3
上海大郡动力控制技术有限公司
张玉柱
B60W 20/00
Loading...
本实用新型涉及适用于混合动力车辆的电能控制系统领域，具体为一种用于增程器的电机控制装置。一种用于增程器的电机控制装置，包括发动机(1)和同步电机(2)，其特征是：还包括增程器控制器(3)和直流电源(4)，发动机控制单元(31)通过信号线和发动机(1)连接，电机控制单元(32)通过信号线和同步电机(2)连接，发动机控制单元(31)和电机控制单元(32)之间通过信号线连接，增程器控制单元(33)通过信号线分别连接发动机控制单元(31)和电机控制单元(32)，低压电池(41)和高压电池(42)通过导线分别连接增程器控制器(3)。本实用新型体积小巧，成本低廉，启动性能强，适用范围广。
69. 202710706 用于电动汽车的电机控制器母排绝缘检测装置
CN
30.01.2013
G01R 31/12 Loading...
G01R 31/12
Loading...
201220253500.2
上海大郡动力控制技术有限公司
肖智光
G01R 31/12
Loading...
本实用新型涉及电阻、电抗、阻抗或其派生的其它两端特性的测量领域，具体为一种用于电动汽车的电机控制器母排绝缘检测装置。一种用于电动汽车的电机控制器母排绝缘检测装置，包括电阻、比较器(2)、电容(3)、二极管(4)和光电耦合器(5)，电阻共有六个，其特征是：比较器(2)的模拟电压信号输入端和数字信号输出端之间依次通过二极管(4)和第五电阻(15)连接，比较器(2)的数字信号输出端和光电耦合器(5)原边的负极端连接，光电耦合器(5)原边的正极端连接第六电阻(16)，光电耦合器(5)副边的负极端接地。本实用新型安全可靠，适用范围广，保护作用强。
70. 202669524 用于增程式电动汽车的后备驱动装置
CN
16.01.2013
B60L 11/02 Loading...
B60L 11/02
Loading...
201220253498.9
上海大郡动力控制技术有限公司
雷小军
B60L 11/02
Loading...
本实用新型涉及用于控制车辆或其驱动电动机以达到期望特性的汽车控制装置领域，具体为一种用于增程式电动汽车的后备驱动装置。一种用于增程式电动汽车的后备驱动装置，包括发动机(1)、发电机(2)、驱动电机(3)、机械传动机构(8)和车轮(9)，其特征是：还包括发电机控制器(4)、驱动电机控制器(5)、电能储能元件(6)和离合器(7)，发电机(2)转轴、离合器(7)和驱动电机(3)转轴依次连接。本实用新型结构简单，易于安装和维护，适用范围广，安全可靠。
71. 202669525 用于增程式电动汽车的起动发电一体机
CN
16.01.2013
B60L 11/12 Loading...
B60L 11/12
Loading...
201220253497.4
上海大郡动力控制技术有限公司
雷小军
B60L 11/12
Loading...
本实用新型涉及电机领域，具体为一种用于增程式电动汽车的起动发电一体机。一种用于增程式电动汽车的起动发电一体机，包括发动机(1)、启动发电一体电机(21)、发电机控制器(22)和电能储能元件(31)，其特征是：还包括低压蓄电池(32)、驱动电机(41)、驱动电机控制器(42)和交流发电机(5)，电能储能元件(31)连接驱动电机控制器(42)的电流输入端，驱动电机控制器(42)连接驱动电机(41)的电流输入端；发动机(1)的输出轴还和交流发电机(5)转轴的输入端连接，交流发电机(5)的电流输出端连接低压蓄电池(32)。本实用新型结构简单，使用方便，可靠性高。
72. 202679150 一体式发电机-电机集成装置
CN
16.01.2013
H02K 7/18 Loading...
H02K 7/18
Loading...
201220253501.7
上海大郡动力控制技术有限公司
王正
H02K 7/18
Loading...
本实用新型涉及电机领域，具体为一种一体式发电机-电机集成装置。一种一体式发电机-电机集成装置，包括发动机(1)，其特征是：还包括同步电机(2)、油封保持架(3)和旋转变压器(4)，发动机(1)的曲轴(14)和同步电机(2)的转子(21)固定连接；旋转变压器(4)的两个定子(41)依次设于油封保持架(3)上，电机壳体(22)的开口端和机壳(15)的后端盖固定连接。本实用新型结构紧凑，安装方便，可靠性高。
73. 202663366 用于旋转变压器的滤波装置
CN
09.01.2013
H03H 9/46 Loading...
H03H 9/46
Loading...
201220253502.1
上海大郡动力控制技术有限公司
袁兵
H03H 9/46
Loading...
本实用新型涉及电动机、发电机、或机电变换器的控制或调节领域，具体为一种用于旋转变压器的滤波装置。一种用于旋转变压器的滤波装置，包括电机驱动器(1)、电机(2)和旋转变压器(3)，其特征是：还包括电容、共模电感、热敏电阻和激励线圈，接口一(41)和信号线甲(51)连接，接口二(42)和信号线乙(52)连接，电容甲(61)、电容乙(62)和热敏电阻(80)的两端都分别连接信号线甲(51)和信号线乙(52)，共模电感甲(71)的两个线圈分别串联在信号线甲(51)和信号线乙(52)上。本实用新型改善旋转变压器输出信号的信号质量，抗干扰能力强，对外辐射泄漏低，信号可识别性高，电机转速检测精度高。
74. 202617068 旋转变压器的电流型激励放大装置
CN
19.12.2012
H03F 3/45 Loading...
H03F 3/45
Loading...
201120551263.3
上海大郡动力控制技术有限公司
金定兴
H03F 3/45
Loading...
本实用新型涉及有反馈电路的用半导体器件作为放大元件的放大器领域，具体为一种旋转变压器的电流型激励放大装置。一种旋转变压器的电流型激励放大装置，包括运算放大器(1)、第一电阻(21)、第二电阻(22)和电容甲(31)，其特征是：还包括功率放大电路、负反馈电路、正反馈电路和输出限流电路。本实用新型结构简单，易于应用，功耗小，调节灵活，抗干扰强，通用性强。
75. 102722143 Method for expanding digital signal processor port by using complex programmable logic device
CN
10.10.2012
G05B 19/418 Loading...
G05B 19/418
Loading...
201110076912.3
上海大郡动力控制技术有限公司
付俊峰
G05B 19/418
Loading...
The invention relates to the field of interconnecting or transmitting electrical-digital-data processed information or other signals among a memory unit, an input/output unit or a central processor, and concretely relates to a method for expanding a digital signal processor port by using a complex programmable logic device. The method for expanding the digital signal processor port by using the complex programmable logic device comprises the following steps: a. using a clock output signal of a digital signal processor (1) as a synchronization clock; b. triggering an address signal of the digital signal processor (1) by using a rising edge of the synchronization clock of the complex programmable logic device (2); and h. inputting the address signal to the digital signal processor (1) by an address latch unit (12), and inputting a data signal to the digital signal processor (1) by a data latch unit (14). The method enables the resources of the digital signal processor to be expanded and the cost to be reduced.
76. 202484111 用于旋转件安装的定位紧固装置
CN
10.10.2012
F16D 1/06 Loading...
F16D 1/06
Loading...
201120551259.7
上海大郡动力控制技术有限公司
王仁军
F16D 1/06
Loading...
本实用新型涉及旋转件的连接紧固领域，具体为一种用于旋转件安装的定位紧固装置。一种用于旋转件安装的定位紧固装置，包括转轴(1)和旋转件(2)，旋转件(2)中心开有通孔，旋转件(2)套在转轴(1)上，其特征是：旋转件(2)通孔的截面为弓形，转轴(1)在套有旋转件(2)处的截面也为弓形，且旋转件(2)通孔的弓形截面和转轴(1)的弓形截面两者互相匹配，旋转件(2)通孔弓形截面的弦和转轴(1)弓形截面的弦两者互相贴合，转轴(1)的一端设有翻边(11)，翻边(11)的外圆周面和旋转件(2)的通孔形成过盈配合。本实用新型定位精度高，紧固可靠，结构简单，制造方便，成本低，使用寿命长。
77. 202484013 可快速固定的嵌入件装置
CN
10.10.2012
F16B 11/00 Loading...
F16B 11/00
Loading...
201120551265.2
上海大郡动力控制技术有限公司
任平志
F16B 11/00
Loading...
本实用新型涉及一组相互绝缘的电连接元件的结构组合领域，具体为一种可快速固定的嵌入件装置。一种可快速固定的嵌入件装置，包括底座(1)，底座(1)上开有沉孔，其特征是：还包括粘接填充剂(2)、连接件(3)和螺钉(4)，粘接填充剂(2)灌在底座(1)的沉孔内，连接件(3)的中部开有螺孔，连接件(3)设于粘接填充剂(2)的上表面且被粘接填充剂(2)固定在沉孔内，螺钉(4)的螺杆部分和连接件(3)以螺纹连接，螺钉(4)的螺帽部分抵住底座(1)的上表面。本实用新型的有益效果是：结构简单，制造方便，开发周期短，成本低。
78. 202455273 用于电力驱动汽车的数字型双向直流/直流转换器
CN
26.09.2012
H02M 3/335 Loading...
H02M 3/335
Loading...
201120551255.9
上海大郡动力控制技术有限公司
殷浩
H02M 3/335
Loading...
本实用新型涉及带有中间变换为交流的直流功率输入变换为直流功率输出设备领域，具体为一种用于电力驱动汽车的数字型双向直流/直流转换器。一种用于电力驱动汽车的数字型双向直流/直流转换器，包括直流电源(1)和电机控制器(2)，其特征是：还包括功率管、电感、电容(5)、电流传感器(6)和电压传感器(7)，电感甲(41)、电感乙(42)和电感丙(43)的一端都通过导线连接直流电源(1)的正极，电感甲(41)的另一端通过串联一个电流传感器(6)和功率管甲(31)的源极连接，功率管甲(31)的源极还和功率管乙(32)的漏极连接。本实用新型可调范围宽，运行稳定，结构紧凑。
79. 202448731 内置双离合器的混合动力车辆牵引装置
CN
26.09.2012
B60K 6/38 Loading...
B60K 6/38
Loading...
201120551267.1
上海大郡动力控制技术有限公司
杨卫通
B60K 6/38
Loading...
本实用新型涉及有永久磁体的同步电动机领域，具体为一种内置双离合器的混合动力车辆牵引装置。一种内置双离合器的混合动力车辆牵引装置，包括发动机(1)、同步电机(2)和变速箱(3)，其特征是：还包括一级离合器(41)、二级离合器(42)和蓄电池(5)，发动机(1)的输出轴和一级离合器(41)的输入轴连接，一级离合器(41)的输出轴和同步电机(2)的输入轴连接，同步电机(2)的输出轴和二级离合器(42)的输入轴连接，二级离合器(42)的输出轴和变速箱(3)的输入轴连接，同步电机(2)的电极分别用导线连接蓄电池(5)的正电极和负电极。本实用新型工作效率高，工作模式选择灵活，适应性强。
80. 202452097 双向导气单向放水的阀门
CN
26.09.2012
F16T 1/20 Loading...
F16T 1/20
Loading...
201120551262.9
上海大郡动力控制技术有限公司
杨卫通
F16T 1/20
Loading...
本实用新型涉及从主要盛装气体的密闭容器中排放液体的装置领域，具体为一种双向导气单向放水的阀门。一种双向导气单向放水的阀门，包括螺塞阀体(1)，其特征是：还包括橡胶密封体(2)、浮子阀芯(3)和螺塞阀底(4)，橡胶密封体(2)嵌在螺塞阀体(1)阀通孔(11)的台阶处，螺塞阀底(4)和阀通孔(11)的底部以螺纹密封连接，浮子阀芯(3)设于空腔(12)内。本实用新型结构简单，使用方便，单向性好，排水迅捷。
81. 202451623 用于旋转件紧固的花键连接装置
CN
26.09.2012
F16D 1/08 Loading...
F16D 1/08
Loading...
201120551258.2
上海大郡动力控制技术有限公司
杨卫通
F16D 1/08
Loading...
本实用新型涉及旋转件的连接紧固领域，具体为一种用于旋转件紧固的花键连接装置。一种用于旋转件紧固的花键连接装置，包括转轴(1)和转鼓(2)，转轴(1)的一端为花键槽，所述花键槽的截面为凸齿和凹槽交错排列且围绕转轴(1)的中心轴线平均分布，转鼓(2)的中部开有通孔，其特征是：还包括花键套(3)，花键套(3)的外侧面和转鼓(2)中部的通孔形成过盈配合，花键套(3)的中部加工有花键，花键的截面也为凸齿和凹槽交错排列且围绕花键套(3)的中心轴线平均分布，转轴(1)花键槽的每一个凸齿和每一个凹槽分别同花键套(3)花键的一个凹槽和一个凸齿互相啮合。本实用新型结构简单，连接紧密，成本低，适用范围广。
82. 202455200 带有冷却水循环水道的电机机壳
CN
26.09.2012
H02K 5/20 Loading...
H02K 5/20
Loading...
201120551261.4
上海大郡动力控制技术有限公司
王正
H02K 5/20
Loading...
本实用新型涉及散热装置领域，具体为一种带有冷却水循环水道的电机机壳。一种带有冷却水循环水道的电机机壳，包括壳体(1)、前端盖(21)和后端盖(22)，其特征是：还包括前密封垫(31)、后密封垫(32)、前O型圈(41)、后O型圈(42)和水嘴(5)，壳体(1)的侧壁上开有水道(11)，前密封垫(31)盖在壳体(1)的前端面上，前端盖(21)盖在前密封垫(31)上并和壳体(1)的前端面固定；后密封垫(32)盖在壳体(1)的后端面上，后端盖(22)盖在后密封垫(32)上并和壳体(1)的后端面固定。本实用新型结构紧凑，制造方便，散热效果好。
83. 202455234 带有外置转子旋转变压器的永磁同步电机
CN
26.09.2012
H02K 21/02 Loading...
H02K 21/02
Loading...
201120551260.X
上海大郡动力控制技术有限公司
王仁军
H02K 21/02
Loading...
本实用新型涉及适用于特殊用途或功能的旋转变压器领域，具体为一种带有外置转子旋转变压器的永磁同步电机。一种带有外置转子旋转变压器的永磁同步电机，包括旋转变压器、永磁同步电机和轴承(3)，其特征是：变压器转子(11)和变压器定子(12)的中心轴线重合，且变压器转子(11)套在变压器定子(12)外，变压器转子(11)和电机转子(21)刚性连接，变压器定子(12)固定在机壳(22)的端盖上。本实用新型结构紧凑，制造方便，安装容易，便于维修，适应性强。
84. 102555760 Series type diesel engine-motor automobile driving device and use method thereof
CN
11.07.2012
B60K 6/20 Loading...
B60K 6/20
Loading...
201010615356.8
上海大郡动力控制技术有限公司
张玉柱
B60K 6/20
Loading...
The invention relates to the field of a combination control device for more than two different prime motors and specifically relates to a series type diesel engine-motor automobile driving device. The series type diesel engine-motor automobile driving device comprises a traction motor (7), a speed reducer (8) and wheels (9), and is characterized by further comprising a whole automobile controller (1), an engine electric control unit (2), an engine (3), a starting and generating integrated motor (4), a battery (5) and a motor driver (6), wherein the whole automobile controller (1) is respectively connected with the engine electric control unit (2) and the motor driver (6) through a communication line, and the engine electric control unit (2) is connected with the engine (3) through a communication line. A use method of the series type diesel engine-motor automobile driving device is characterized by comprising five steps. The series type diesel engine-motor automobile driving device is simple in structure and accurate in control; the oil-saving ratio of the engine is increased; and the discharging of waste gas is reduced.
85. 202134893 高反电动势同步电机的保护装置
CN
01.02.2012
H02H 7/08 Loading...
H02H 7/08
Loading...
201120087313.7
上海大郡动力控制技术有限公司
付俊峰
H02H 7/08
Loading...
本实用新型涉及用于控制同步电动机的控制装置领域，具体为一种高反电动势同步电机的保护装置。一种高反电动势同步电机的保护装置，包括电池(1)、逆变器(2)和永磁同步电机(3)，其特征是：还包括滞环比较器(4)和复杂可编程逻辑器件(5)，逆变器(2)的高压直流端和三相电输出端分别连接滞环比较器(4)和复杂可编程逻辑器件(5)，滞环比较器(4)通过信号线连接复杂可编程逻辑器件(5)，滞环比较器(4)由双电压比较器(41)、电阻甲(421)、电容甲(431)和直流电源(44)组成。本实用新型抗干扰性强，反应迅速，对电机保护效果好。
86. 202076115 用于旋转件安装时的定位紧固装置
CN
14.12.2011
H01F 38/18 Loading...
H01F 38/18
Loading...
201020669284.0
上海大郡动力控制技术有限公司
王仁军
H01F 38/18
Loading...
本实用新型涉及旋转件的连接紧固领域，具体为一种用于旋转件安装时的定位紧固装置。一种用于旋转件安装时的定位紧固装置，包括转轴(1)、旋转件(2)和压板(3)，旋转件(2)和压板(3)的中心都开有通孔，旋转件(2)和压板(3)通过各自中心的通孔依次套在转轴(1)上，其特征是：旋转件(1)通孔的截面为弓形，转轴在(1)套有旋转件处的截面也为弓形，且旋转件(2)通孔的弓形截面和转轴(1)的弓形截面两者互相匹配，旋转件(2)通孔弓形截面的弦和转轴(1)弓形截面的弦两者互相帖合，压板(3)的通孔和转轴(1)之间形成过盈配合。本实用新型定位精度高，紧固可靠，结构简单，制造方便，成本低，使用寿命长。
87. 202068291 用于同步电机的斜极转子
CN
07.12.2011
H02K 21/02 Loading...
H02K 21/02
Loading...
201020691036.6
上海大郡动力控制技术有限公司
郭建文
H02K 21/02
Loading...
本实用新型涉及电机领域，具体为一种用于同步电机的斜极转子。一种用于同步电机的斜极转子，包括转轴(1)、转子冲片(2)和磁钢片，转轴(1)上开有键槽(11)，转子冲片(2)中心开有通孔，转子冲片(2)的端面以圆心为中心对称分布有偶数个磁钢槽，转子冲片(2)上键槽的位置按如下方法确定：第n键槽的位置是第n-1键槽沿转轴圆周面以逆时针或顺时针方向转动θ角而得，，式中，i为[1,20]本实用新型模具费用低，尺寸一致性高。
88. 202068168 用于电动车电源和电机之间的隔离保护装置
CN
07.12.2011
H02H 3/00 Loading...
H02H 3/00
Loading...
201020669312.9
上海大郡动力控制技术有限公司
赵洪涛
H02H 3/00
Loading...
本实用新型涉及电气隔离设备领域，具体为一种用于电动车电源和电机之间的隔离保护装置。一种用于电动车电源和电机之间的隔离保护装置，包括直流电源(1)、负载电机控制器(21)和被测电机控制器(22)，负载电机控制器(21)和被测电机控制器(22)都并联于直流电源(1)的两极，其特征是：还包括功率二极管(3)，功率二极管(3)以正向连接的方式串联在由直流电源(1)、负载电机控制器(21)和被测电机控制器(22)组成的回路的干路中。本实用新型的有益效果是：结构简单，使用方便，安全可靠。
89. 202034774 永磁同步电机控制失效的过压保护装置
CN
09.11.2011
H02H 9/04 Loading...
H02H 9/04
Loading...
201020669292.5
上海大郡动力控制技术有限公司
赵洪涛
H02H 9/04
Loading...
本实用新型涉及电荷的释放设备领域，具体为一种永磁同步电机控制失效的过压保护装置。一种永磁同步电机控制失效的过压保护装置，包括电源(1)、单刀双掷继电器(2)、电阻(6)和绝缘栅双极型晶体管(7)，其特征是：还包括控制器(3)、电压传感器(4)和电容(5)，电压传感器(4)和电容(5)都并联于电阻(6)的两端，绝缘栅双极晶体管(7)用导线连接至控制器(3)，3对串联着的上桥臂和下桥臂(71a和71b、72a和72b、73a和73b)都并联于电阻(6)的两端，单刀双掷继电器(2)和电压传感器(4)都通过信号线连接控制器(3)。本实用新型结构简单，反应迅速，保护及时。
90. 202034779 组合封装式电容
CN
09.11.2011
H02J 3/01 Loading...
H02J 3/01
Loading...
201020669289.3
上海大郡动力控制技术有限公司
王仁军
H02J 3/01
Loading...
本实用新型涉及电荷的储存装置领域，具体为一种组合封装式电容。一种组合封装式电容，包括至少两个电容(1)，其特征是：还包括导线(2)，电容(1)之间通过导线(2)连接形成并联结构。本实用新型生产工艺简单、生产效率高、生产成本低。
91. 102189934 Emergency electrical braking method of hybrid power or electric automobile
CN
21.09.2011
B60L 7/24 Loading...
B60L 7/24
Loading...
201010116722.5
Shanghai Dajun Power Control Technology Co., Ltd.
Zhang Yuzhu
B60L 7/24
Loading...
The invention discloses an emergency electrical braking method of a hybrid power or an electric automobile, comprising the steps of using a brake auxiliary module to detect an emergency braking signal and send the signal to an automobile control module once the emergency braking signal is detected; using the automobile control module to cut off a charging switch and a pre-charging switch, cut the connection between a high-pressure power supply battery and an inverter module, and send the signal to a motor control module at the same time; using the motor control module to control the inverter module to turn on an upper bridge element and turn off a lower bridge element of the inverter; using the inverter module to make a driving motor stator be short-circuited to generate an induction electromotive force, and using the moment generated by the induction current of the induction electromotive force to prevent a driving motor rotor from turning, thereby braking the automobile. The method can employ a mechanical brake as well as an electrical brake to make sure the brake of the automobile under the emergency situation, and cut off the power supply of the automobile high-pressure power supply battery at the same time to avoid the harm to the human and the automobile caused by leakage of electricity.
92. 102195102 Method for charging control battery of hybrid automobile
CN
21.09.2011
H01M 10/44 Loading...
H01M 10/44
Loading...
201010116714.0
Shanghai Dajun Power Control Technology Co., Ltd.
Zhang Yuzhu
H01M 10/44
Loading...
The invention discloses a method for charging a control battery of a hybrid automobile. Under normal conditions, a high-voltage battery charges the control battery via a relay contact and a direct current module. Once the high-voltage battery is damaged, a vehicle control unit switches off the relay contact and judges the rotation speed of the engine; when the rotation speed is less than 1,000rpm, the vehicle control unit closes an inverter module and stops the charging of the control battery; when the rotation speed ranges from 1,000rpm to 3,000rpm, the vehicle control unit controls the inverter module to work, and the current of an integrated starter generator (ISG) motor flows through free-wheel diodes of all rectifier components to charge a charging capacitor of the inverter module and then flows through a direct current charge module to charge the control battery. According to the method, even if the high-voltage battery is damaged, the control battery also can be charged, so the electricity of the battery is ensured and the normal running of the automobile is guaranteed.
93. 201966599 永磁电机系统快速放电装置
CN
07.09.2011
H02H 9/04 Loading...
H02H 9/04
Loading...
201020669295.9
上海大郡动力控制技术有限公司
赵洪涛
H02H 9/04
Loading...
本实用新型涉及电荷的释放设备领域，具体为一种永磁电机系统快速放电装置。一种永磁电机系统快速放电装置，包括电源(1)、开关(2)、电阻(6)和绝缘栅双极晶体管(7)，其特征是：还包括控制器(3)、电压传感器(4)和电容(5)，电压传感器(4)和电容(5)都并联于电阻(6)的两端，绝缘栅双极晶体管(7)的3个上桥桥臂(71a、72a和73a)和3个下桥桥臂(71b、72b和73b)都用导线连接至控制器(3)，3对串联着的上桥桥臂和下桥桥臂(71a和71b、72a和72b、73a和73b)都并联于电阻(6)的两端，电压传感器(4)通过信号线连接控制器(3)。本实用新型结构简单，放电迅速，安全可靠。
94. 201966446 具有滤波功能的紧凑型电子元件接插件
CN
07.09.2011
H01R 13/66 Loading...
H01R 13/66
Loading...
201020630579.7
上海大郡动力控制技术有限公司
翟国建
H01R 13/66
Loading...
本实用新型涉及电传导连接装置领域，具体为一种具有滤波功能的紧凑型电子元件接插件。一种具有滤波功能的紧凑型电子元件接插件，包括底板(1)、面板(2)和插座(3)，其特征是：还包括滤波电路(4)和通信线(5)，滤波电路(4)固定在底板(1)固定插座(3)的另一面，且滤波电路(4)的一端和插座(4)之间电气连接，滤波电路(4)的另一端和通信线(5)连接。本实用新型结构紧凑、使用方便、滤波效果好，抗干扰能力强。
95. 201937604 半双工式单线制握手通讯装置
CN
17.08.2011
H04L 5/16 Loading...
H04L 5/16
Loading...
201020691037.0
上海大郡动力控制技术有限公司
袁兵
H04L 5/16
Loading...
本实用新型涉及用于电动机控制的通讯设备领域，具体为一种半双工式单线制握手通讯装置。一种半双工式单线制握手通讯装置，包括第一设备(1)和第二设备(2)，其特征是：第一设备(1)还包括第一输出隔离单元(13)、第一输入隔离单元(14)和第一滤波单元(15)，第二设备(2)还包括第二输出隔离单元(23)、第二输入隔离单元(24)、握手信号放大单元(26)和第二滤波单元(25)。本实用新型成本低，抗干扰性强，可靠性高。
96. 201922919 内置同轴输出减速器的混合动力车辆牵引装置
CN
10.08.2011
B60K 6/36 Loading...
B60K 6/36
Loading...
201020630578.2
上海大郡动力控制技术有限公司
雷小军
B60K 6/36
Loading...
本实用新型涉及有永久磁体的同步电动机领域，具体为一种内置同轴输出减速器的混合动力车辆牵引装置。一种内置同轴输出减速器的混合动力车辆牵引装置，包括发动机(11)、辅助电机(12)、离合器(13)、变速箱(14)和动力输出轴(1)，其特征是：还包括牵引电机(10)和减速器，牵引电机(10)包括电机轴(2)、转子(3)和定子(4)，减速器包括减速器轴(5)、电机轴减速齿轮(6)、减速器轴减速齿轮甲(7)、减速器轴减速齿轮乙(8)和动力轴减速齿轮(9)。本实用新型功率密度高、结构简单、使用方便。
97. 201904755 能产生死区信号的六相桥臂驱动装置
CN
20.07.2011
H02P 27/04 Loading...
H02P 27/04
Loading...
201020630580.X
上海大郡动力控制技术有限公司
肖智光
H02P 27/04
Loading...
本实用新型涉及应用有控制极的半导体器件的用于电源或类似的电力系统的变换设备领域，具体为一种能产生死区信号的六相桥臂驱动装置。一种能产生死区信号的六相桥臂驱动装置，包括绝缘栅双极晶体管(10)和中央处理器(20)，其特征是：还包括缓冲控制器(30)，缓冲控制器(30)由缓冲器芯片甲(1)、缓冲器芯片乙(2)、电容甲(31)、电容乙(32)、电阻甲(41)、电阻乙(42)和二极管(5)组成。本实用新型结构简单，电路成本低，使用方便，应用广泛。
98. 201898434 用于电动汽车控制器冷却的金属水冷底板
CN
13.07.2011
H02M 1/00 Loading...
H02M 1/00
Loading...
201020630581.4
上海大郡动力控制技术有限公司
肖安邦
H02M 1/00
Loading...
本实用新型涉及电动车辆的电力装备或动力装置的冷却设备领域，具体为一种用于电动汽车控制器冷却的金属水冷板。一种用于电动汽车控制器冷却的金属水冷底板，包括基板(1)、阀块(2)、进水口(31)和出水口(32)，其特征是：还包括隔板(4)、散热柱(51)和散热片(52)，隔板(4)将基板(1)内部空腔分隔成进水区(11)和出水区(12)两部分，进水区(11)内设有散热柱(51)，出水区(12)内设有散热片(52)。本实用新型结构简单，容易加工，使用方便，散热快，热阻低，热可靠性高，能有效提高电机控制器的功率密度。
99. 201830101 永磁电机转子的拆装工具
CN
11.05.2011
H02K 15/02 Loading...
H02K 15/02
Loading...
201020503981.9
上海大郡动力控制技术有限公司
吴镇鹏
H02K 15/02
Loading...
本实用新型永磁电机转子的拆装工具采用了所述技术方案，即由三根第一支架臂均布于设有内螺纹的第一套筒外圈构成固定支架，第一支架臂自由端设有台阶，第一支架臂上间隔开有若干通孔，垂直台阶开有螺孔；由三根第二支架臂均布于第二套筒外圈构成活动支架，第二支架臂上开有螺孔和若干通孔；第二支架臂长度小于第一支架臂长度；螺杆穿入第二套筒后拧于第一套筒内螺纹，端盖通过螺栓固定于第二套筒的底端，三根导向杆分别穿入三根第一支架臂上的通孔并拧于三根第二支架臂上的螺孔，固定支架沿三根导向杆的光杆段移动。本工具结构简单，使用方便，有效提高了转子的拆装效率，避免了拆装过程中电机转子线圈绕组或定子线圈绕组的损坏。
100. 101782037 Device and method for preventing engine contrarotation in frequent start-stop power system
CN
21.07.2010
F02N 11/10 Loading...
F02N 11/10
Loading...
200910045518.6
Shanghai Dajun Technologies, Inc
Xu Xingyi
F02N 11/10
Loading...
The invention relates to the field of engine control, in particular to a device and a method for preventing engine contrarotation in a frequent start-stop power system. The device for preventing the engine contrarotation in the frequent start-stop power system comprises an engine (1), a motor (2), a clutch (3) and a manual gear box (4), wherein a rotating shaft of the engine (1) is connected with a rotating shaft of the motor (2), and the manual gear box (4) is connected with the motor (2) through the clutch (3). The device is characterized by further comprising an engine electric control unit (5), a motor electric control unit (6) and an entire machine electric control unit (7), wherein the engine electric control unit (5) is connected with the engine (1), the motor electric control unit (6) is connected with the motor (2), and the engine electric control unit (5) and the motor electric control unit (6) are connected with the entire machine electric control unit (7). The device has a simple structure and a good effect of preventing the contrarotation.
101. 101770002 Apparatus and method for monitoring demagnetization state of permanent magnet of permanent magnet motor
CN
07.07.2010
G01R 33/12 Loading...
G01R 33/12
Loading...
200810204882.8
Shanghai Dajun Technologies, Inc.
Xu Xingyi
G01R 33/12
Loading...
The invention relates to the magnetic material detection field, in particular to an apparatus and a method for monitoring a demagnetization state of a permanent magnet of a permanent magnet motor. The apparatus for monitoring the demagnetization state of the permanent magnet of the permanent magnet motor comprises a battery (1), an inverter (2) and a permanent magnet motor (5), and is characterized by also comprising a U phase current sensor (31), a V phase current sensor (32), a speed sensor (6) and a microprocessor (7), a U phase line and a V phase line are respectively connected with a phase current sensor in series, the speed sensor (6) is connected on the permanent magnet motor (5) in parallel, and the U phase current sensor (31), the V phase current sensor (32) and the speed sensor (6) are all connected with the microprocessor (7) by leads. The invention can accurately and rapidly detect performances of the permanent magnet, and does not influence the control performances of the system.
102. 201504210 集成双向DCDC的超级电容总成装置
CN
09.06.2010
H02P 7/298 Loading...
H02P 7/298
Loading...
200920078298.2
上海大郡动力控制技术有限公司
徐性怡
H02P 7/298
Loading...
本实用新型公开了一种集成双向DCDC的超级电容总成装置，包括超级电容，在所述超级电容后设置一个双向DCDC电压转换器，所述双向DCDC电压转换器输入侧与超级电容的正负极连接，输出侧设置一个电压设定信号接口。采用本实用新型总成装置的优点是：电机绕组截面积减小，所需漆包线少，成本降低；电机效率提高；对控制器电流能力要求下降，可以采用较小电流规格的IGBT/MOSFET器件，成本下降。本实用新型集成双向DCDC的超级电容总成装置可适用于电动汽车，或混合动力工程机械领域。

