1. 106482932 光纤双向损耗的测试装置、测试方法及通讯方法
CN
08.03.2017
G01M 11/02 Loading...
G01M 11/02
Loading...
201510552679.X
上海光维通信技术股份有限公司
刘彦阳
G01M 11/02
Loading...
本发明公开了一种光纤双向损耗的测试装置、测试方法及通讯方法。该测试装置包括光通信单元和电信号处理单元；光通信单元包括第一光探测器、第二光探测器和激光器；电信号处理单元包括控制模块；第二光探测器用于将监测到的光信号转换后发送给控制模块，控制模块控制激光器发送携带有功率值的信息的光信号；第一光探测器用于将监测到的携带有功率值的信息的光信号转换后发送给控制模块，控制模块根据携带有功率值信息的光信号获取该光信号被发射时的功率值和被接收时的功率值从而计算得到功率损耗。本发明的有益效果是：实现了光纤双向损耗的测试功能，可实时监测光源的输出功率，不受激光器稳定性的影响，更适合异地测量，并且能进行语音通讯。
2. 106301543 光功率测试装置
CN
04.01.2017
H04B 10/07 Loading...
H04B 10/07
Loading...
201510288735.3
上海光维通信技术股份有限公司
汪亮
H04B 10/07
Loading...
本发明公开了一种光功率测试装置，包括熔融拉锥光分路器、控制处理电路及若干光电探测器，熔融拉锥光分路器包括输入端及若干输出端，每一个输出端对应连接一个光电探测器。熔融拉锥光分路器通过耦合将激光分到每一个光电探测器并产生相应的光电流，控制处理电路通过光电流计算对应的光功率并预存储第一参数和第二参数，控制处理电路通过比较测量到的每一个输出端的光功率之间的比值与第一参数来识别不同的激光的波长，再通过任意一个输出端的光功率和第二参数来测量输入端的光功率。所述光功率测试装置采用预存储、比较及计算相结合的方式，可实现自动识别不同波长的激光，且能同时准确测量光纤内激光的功率强度。
3. 205829626 光通信测试系统及光通信测试终端
CN
21.12.2016
H04B 10/07 Loading...
H04B 10/07
Loading...
202016000712450
上海光维通信技术股份有限公司
史萌
H04B 10/07
Loading...
本实用新型公开了一种光通信测试系统及光通信测试终端，光通信测试终端包括第一处理器、第二处理器、以太网接口、网络变压器、无线通讯模块和光功率探测模块，第一处理器通过以太网接口与网络变压器获取网络信息，并将网络信息发送至无线通讯模块；光功率探测模块用于获取PON光网络的光功率，并将光功率发送至第二处理器，第二处理器用于将光功率发送至第一处理器，第一处理器还用于将光功率发送至无线通讯模块；无线通讯模块用于将网络信息和光功率无线发送出去。一种光通信测试系统，包括所述光通信测试终端和移动终端。本实用新型的光通信测试终端成本较低，无需大显示屏，不易损坏，方便实用。
4. 106253972 光通信测试系统及光通信测试终端
CN
21.12.2016
H04B 10/07 Loading...
H04B 10/07
Loading...
102016000531898
上海光维通信技术股份有限公司
朱世峰
H04B 10/07
Loading...
本发明公开了一种光通信测试系统及光通信测试终端，光通信测试终端包括第一处理器、第二处理器、以太网接口、网络变压器、无线通讯模块和光功率探测模块，第一处理器通过以太网接口与网络变压器获取网络信息，并将网络信息发送至无线通讯模块；光功率探测模块用于获取PON光网络的光功率，并将光功率发送至第二处理器，第二处理器用于将光功率发送至第一处理器，第一处理器还用于将光功率发送至无线通讯模块；无线通讯模块用于将网络信息和光功率无线发送出去。一种光通信测试系统，包括所述光通信测试终端和移动终端。本发明的光通信测试终端成本较低，无需大显示屏，不易损坏，方便实用。
5. 205002952 具有语音通讯功能的光纤双向损耗的测试装置
CN
27.01.2016
G01M 11/02 Loading...
G01M 11/02
Loading...
201520674066.9
上海光维通信技术股份有限公司
刘彦阳
G01M 11/02
Loading...
本实用新型提供了一种具有语音通讯功能的光纤双向损耗的测试装置。该测试装置包括光通信单元和电信号处理单元；光通信单元包括第一光探测器、第二光探测器和激光器；电信号处理单元包括控制模块；第二光探测器用于将监测到的光信号转换后发送给控制模块，控制模块控制激光器发送携带有功率值的信息的光信号；第一光探测器用于将监测到的携带有功率值的信息的光信号转换后发送给控制模块，控制模块根据携带有功率值信息的光信号获取该光信号被发射时的功率值和被接收时的功率值从而计算得到功率损耗。本实用新型的有益效果是：实现了光纤双向损耗的测试功能，可实时监测光源的输出功率，不受激光器稳定性的影响，更适合异地测量，并且能进行语音通讯。
6. 203942530 光功率测量装置
CN
12.11.2014
H04B 10/07 Loading...
H04B 10/07
Loading...
201420126386.6
上海光维通信技术股份有限公司
汪亮
H04B 10/07
Loading...
本实用新型公开了一种光功率测量装置，其包括一具有一单片机的测量单元，方案一中的所述光功率测量装置还包括一MPO连接器；数量与所述MPO连接器的通道的数量相同的第一探测器和一多路开关，所述多路开关的输出端与所述测量单元电连接，所述单片机与所述多路开关电连接，被测带状光纤的多路激光信号通过所述MPO连接器的复数个通道分别传输到所述第一探测器，所述第一探测器将接收到的激光信号转换为电流信号，再传输到所述多路开关的多个输入端，所述多路开关输出一路电流信号至所述测量单元。本实用新型弥补了现有的光功率计只能进行单通道测量的不足，具备了方便、快捷地进行多通道测量的优点。
7. 203722635 光纤识别装置
CN
16.07.2014
H04B 10/07 Loading...
H04B 10/07
Loading...
201420106590.1
上海光维通信技术股份有限公司
汪亮
H04B 10/07
Loading...
本实用新型公开了一种光纤识别装置，包括位于上游位置的光纤驱动装置以及位于下游位置的光信号采集装置；光纤驱动装置包括执行机构及驱动机构，执行机构用于夹持上游位置的光纤，驱动机构用于通过执行机构驱动被夹持的光纤往复运动，以使光纤弯曲并使光纤中的光信号发生损耗；光信号采集装置包括夹持机构及采集机构，夹持机构用于夹持下游位置的光纤并控制光纤弯曲，以使得上游位置的光纤中发生损耗的光信号从下游位置的光纤中透射出来，采集机构用于采集透射出的发生损耗的光信号，以识别出上游位置的光纤。本实用新型无需断开光纤线路连接，就能够识别和匹配出同一条光纤，并且能够保证光纤中的正常业务传输不受影响。
8. 203720836 基于源同步系统的数据采集系统
CN
16.07.2014
G06F 13/38 Loading...
G06F 13/38
Loading...
201420033882.7
上海光维通信技术股份有限公司
吴明生
G06F 13/38
Loading...
本实用新型公开了一种基于源同步系统的数据采集系统。该数据采集系统包括采样控制器、同步器、RAM控制器、两个缓存和一单口RAM，采样控制器用于采集输入的数据并存入两个缓存中，缓存用于向该采样控制器发出存满信号，采样控制器接收到两个缓存发出的存满信号则分别相应地将采集到的数据存入缓存并输出握手信号至同步器；同步器用于转换握手信号，以控制RAM控制器从缓存读取数据并存入单口RAM。本实用新型的基于源同步系统的数据采集系统，通过采用两个缓存，在保证数据传输的可靠性的基础上，能够节省RAM资源并且大大降低了在高速数据采集中对于本地系统时钟的频率的要求，节省了成本。
9. 203719792 分布式光纤测温装置
CN
16.07.2014
G01K 11/32 Loading...
G01K 11/32
Loading...
201420003437.6
上海光维通信技术股份有限公司
陆宗源
G01K 11/32
Loading...
本实用新型提供一种分布式光纤测温装置，其包括一放大电路、一采集电路和一ARM微处理器，该ARM微处理器和该采集电路相连接，且该ARM微处理器设在一嵌入式主板上，该放大电路和该采集电路均集成在一采样主板上。本实用新型提供了一种基于嵌入式系统并带有显示屏的分布式光纤测温装置，以实现既降低功耗、减小设备尺寸，又能现场显示监控信息和设置参数的功能。另外本装置采用自主研发的高速采集卡，专用于采集DTS信号，成本低廉，性能可靠。
10. 203722634 多通道激光输出装置及MPO光纤连接器的测试装置
CN
16.07.2014
H04B 10/07 Loading...
H04B 10/07
Loading...
201420003968.5
上海光维通信技术股份有限公司
汪亮
H04B 10/07
Loading...
本实用新型公开了一种多通道激光输出装置及MPO光纤连接器的测试装置。该多通道激光输出装置包括恒流驱动电路、温度控制电路、VCSEL阵列和制冷器件，恒流驱动电路用于驱动VCSEL阵列，温度控制电路连接VCSEL阵列和恒流驱动电路，温度控制电路设有热敏器件，热敏器件和制冷器件均贴设于VCSEL阵列表面，温度控制电路用于将VCSEL阵列的温度转换为电信号反馈至恒流驱动电路。本实用新型的多通道激光输出装置及MPO光纤连接器的测试装置通过设置VCSEL阵列以及温度控制电路和制冷器件，从而提高了多个通道的激光输出的效率并且成本较低，同时激光输出稳定。
11. 203658613 热熔型光纤连接器
CN
18.06.2014
G02B 6/255 Loading...
G02B 6/255
Loading...
201320724283.5
上海光维通信技术股份有限公司
李旭
G02B 6/255
Loading...
本实用新型涉及一种热熔型光纤连接器，所述光纤连接器包括：一陶瓷插芯，包括一用于固定光纤的芯孔；一固定部件，包括一前阻挡环，所述陶瓷插芯穿过所述前阻挡环与所述固定部件的一端接触；一止动部件，包括一后阻挡环，所述止动部件通过一弹性部件与所述陶瓷插芯的另一端相抵；其中，所述止动部件与所述固定部件扣合，形成一容纳腔容纳所述陶瓷插芯。本热熔型光纤连接器结构简单，操作方便，大大提高了光纤通讯现场施工效率。
12. 203537392 PON系统中光功率测试装置
CN
09.04.2014
H04B 10/07 Loading...
H04B 10/07
Loading...
201320634086.4
上海光维通信技术股份有限公司
汪亮
H04B 10/07
Loading...
本实用新型提供一种PON系统中光功率测试装置，其包括N个第一光分路器、N个第一通道的第一处理器、第二光分路器及功率衰减器，第二光分路器的靠近第一光分路器的侧端包括N个端口，第一光分路器与用户端设备、第一通道和端口一一对应；每一第一光分路器用于接收对应的用户端设备传来的上行光信号，并将其为两路，其中一路上行光信号传输至对应的第一通道、另一路上行光信号传输至对应的端口；第二光分路器用于对上行光信号进行耦合；第一处理器用于接收每一第一通道上的上行光信号的光功率；功率衰减器用于对经耦合的上行光信号进行衰减并传输至OLT。本实用新型快速便捷地检测出上行传输的光信号功率及下行传输的光信号功率。
13. 203298432 机房温度的控制系统
CN
20.11.2013
F24F 11/00 Loading...
F24F 11/00
Loading...
201220691086.3
上海光维通信技术股份有限公司
陈博
F24F 11/00
Loading...
本实用新型公开了一种机房温度的控制系统，该控制系统包括一温度检测模块以及一控制模块，该温度检测模块用于实时检测该机房的温度，该控制模块用于判断检测出的该温度是否大于一第一阈值，并在判断为是时，控制空调降低该机房的温度，以使得该机房的温度小于该第一阈值。本实用新型能够对机房的各个部分的温度进行实时检测，并能够在温度过高时利用空调降低温度，防止了火灾的发生。并且优化了机房和数据中心的空调控制系统，实现了机房和数据中心的温湿度监控和火灾预警报警功能的一体化。
14. 103257400 自承式皮线光缆开剥器
CN
21.08.2013
G02B 6/245 Loading...
G02B 6/245
Loading...
201210035287.2
上海光维通信技术股份有限公司
鲁义忠
G02B 6/245
Loading...
本发明公开了一种自承式皮线光缆开剥器，其包括：一开剥器主体及一与所述开剥器主体转动连接的盖板，所述开剥器主体的上表面设有一用于嵌设一自承式皮线光缆的限位槽，所述盖板的内表面上设置有一切割部；当所述盖板与所述开剥器主体相互扣合时，使得所述切割部切入所述自承式皮线光缆的皮线部分与钢丝部分的结合处。本发明自承式皮线光缆开剥器主要利用了杠杆及轴承原理，使得刀片定位切割宽度和深度的同时，能够很顺滑的剥开钢丝部分及皮线部分。整个开剥器结构简单，使用便捷且有效，具有巨大的市场前景和实用性。
15. 203039689 CWDM多通道分析仪
CN
03.07.2013
H04B 10/071 Loading...
H04B 10/071
Loading...
201220514841.0
上海光维通信技术股份有限公司
刘彦阳
H04B 10/071
Loading...
本实用新型是CWDM多通道分析仪，检测多波长光功率如对CWDM(稀疏波分复用)网进行光功率检测的仪器，包括：十个迷你探测器和一个普通探测器、1431~1611nm滤波片、1x16PLC分路器、信号采集板、按键模块、数据通讯模块、数据储存模块、LCD液晶屏显示模块、ARM7控制系统、电源管理电路；迷你探测器分别与十个滤波片固定，然后与1x16PLC分路器连接，1x16PLC分路器输入端通过光接口适配器连接到外部测试，十路迷你探测器分别接收1x16PLC分路器通过各滤波片的光信号，十路迷你探测器和一个普通探测器连接到信号采集板。ARM7控制系统分别连接信号采集板、按键模块、数据通讯模块、数据储存模块、LCD液晶屏显示模块，电源管理电路给上述各模块提供电源。本新型专为CWDM光网络安装、验收及维护全新设计开发，在各种环境下都能提供快速、可靠的测量，体积小、重量轻、坚固耐用。
16. 202978941 多通道光分路器回波损耗测试分析仪
CN
05.06.2013
H04B 10/073 Loading...
H04B 10/073
Loading...
201220665539.5
上海光家仪器仪表有限公司
汪亮
H04B 10/073
Loading...
本实用新型涉及一种多通道光分路器回波损耗测试分析仪，其特征在于包括：稳定的多波长FP激光光源模块、1x8高速光开关、一组输入两组输出的光模块、高精度8通道光功率计、电源管理电路、液晶显示与按键管理模块、串口/网口通讯模块以及单片机控制系统；所述的稳定的多波长FP激光光源输出连接到1x8高速光开关的输入端上；1x8高速光开关的8个输出端连接至两组输出的光模块的输入端上，光模块的一组输出端连接至高精度8通道光功率计上，另一组输出端连接至本分析仪的输出连接器上；单片机控制系统分别连接稳定的多波长FP激光光源模块、1x8高速光开关、高精度8通道光功率计、液晶显示与按键管理模块和串口/网口通讯模块；电源管理电路给上述各模块提供电源。本分析仪可用来测试分析多通道光分路器的回波损耗以及方向性等参数。本分析仪性能稳定可靠，是集稳定的多波长FP光源、光功率计、回损测试仪为一体的多功能设备。
17. 103124193 基于嵌入式系统的多功能光时域反射仪
CN
29.05.2013
H04B 10/071 Loading...
H04B 10/071
Loading...
201110372030.1
上海光家仪器仪表有限公司
阮志光
H04B 10/071
Loading...
本发明涉及一种基于嵌入式系统的多功能光时域反射仪，其特征在于包括：FPGA采样主板、VLS模块、光功率计模块、端面检测模块、液晶屏显示模块、按键模块、ARM？11嵌入式主板以及外围接口电路；ARM11嵌入式主板与FPGA采样主板、VLS模块、光功率计模块、端面检测模块、液晶屏显示模块、按钮模块、外围接口电路相连；电源管理电路给上述各模块提供电源；本发明的有益效果是：针对现有的进口和国产的OTDR的不足所存在的问题，结合实际中使用的情况而提供一种控制方便、体积小、携带方便的多功能光时域分析仪。
18. 103090505 机房温度的控制系统
CN
08.05.2013
F24F 11/00 Loading...
F24F 11/00
Loading...
201210541270.4
上海光维通信技术股份有限公司
陈博
F24F 11/00
Loading...
本发明公开了一种机房温度的控制系统，该控制系统包括一温度检测模块以及一控制模块，该温度检测模块用于实时检测该机房的温度，该控制模块用于判断检测出的该温度是否大于一第一阈值，并在判断为是时，控制空调降低该机房的温度，以使得该机房的温度小于该第一阈值。本发明能够对机房的各个部分的温度进行实时检测，并能够在温度过高时利用空调降低温度，防止了火灾的发生。并且优化了机房和数据中心的空调控制系统，实现了机房和数据中心的温湿度监控和火灾预警报警功能的一体化。
19. 103093571 基于光纤传感器的风力发电机组火灾监控系统
CN
08.05.2013
G08B 17/06 Loading...
G08B 17/06
Loading...
201110409944.0
上海光维通信技术股份有限公司
陈博
G08B 17/06
Loading...
本发明涉及一种基于光纤传感器的风力发电机组火灾监控系统，包括：火灾探测模块、信号处理模块、控制处理模块以及监控模块；所述的火灾探测模块包括一路或多路探测通道，该探测通道为光纤传感器；所述的信号处理模块为探测模块采集数据的处理中心，为探测主机；所述的探测主机与一路或多路的光纤传感器相连；所述的控制处理模块为火灾处理控制中心，包括PC机、通信模块、火灾报警控制器、灭火系统及图像监控设备；所述的探测主机分别与PC机、图像监控设备以及火灾报警控制器相连；所述的火灾报警控制器与灭火系统相连；所述的PC机与通信模块相连；所述的监控模块包括监控终端；所述的通信模块与监控终端相连。
20. 202710656 一种直流电能表
CN
30.01.2013
G01R 22/10 Loading...
G01R 22/10
Loading...
201220352766.2
南京威阳科技有限公司
崔廷彪
G01R 22/10
Loading...
本实用新型公开了一种直流电能表：它包括：直流电能表外壳，安装在直流电能表外壳内的主控芯片(1)、计量芯片(2)、时钟芯片(3)、485芯片(4)、显示屏(5)、液晶驱动芯片(6)和电源模块(7)，所述的计量芯片(2)、时钟芯片(3)、485芯片(4)、液晶驱动芯片(6)和电源模块(7)分别和主控芯片(1)相连，所述的时钟芯片(3)还与电源模块(7)相连。本实用新型提供的直流电能表，结构设计合理，且模块间通信功能强，智能化高，性能稳定、精度高，抗振动能力强,带有继电器报警输出，并带有RS485接口，便于智能组网，广泛适用于太阳能板和蓄电池等装置的电能测量。
21. 202533173 带有USB串口通信的光功率计
CN
14.11.2012
G01J 1/44 Loading...
G01J 1/44
Loading...
201120470840.6
上海光家仪器仪表有限公司
刘彦阳
G01J 1/44
Loading...
本实用新型涉及一种带有USB串口通信的光功率计，包括：探测器、模拟信号转换模块、信号放大电路、光源频率判别模块、单片机控制系统、USB串口转换电路、电源管理电路；探测器连接模拟信号转换模块；模拟信号转换模块连接信号放大电路和光源频率判别模块；信号放大电路和光源频率判别模块与单片机连接；单片机连接信号放大电路、光源频率检测模块、USB串口转换电路；电源管理电路给上述各模块提供电源。本实用新型的有益效果是：能够准确测量850nm，1300nm，1310nm，1490nm，1550nm，1625nm波长处的光功率值，用单片机内部的A/D转换功能取代外部A/D转换模块，使用USB接口与PC机通信，配合上位机软件可以进行实时监控，简化电路，减小仪器体积，降低成本。
22. 202472845 基于光纤传感器的风力发电机组火灾监控系统
CN
03.10.2012
G08B 17/06 Loading...
G08B 17/06
Loading...
201120513419.9
上海光维通信技术股份有限公司
陈博
G08B 17/06
Loading...
本实用新型涉及一种基于光纤传感器的风力发电机组火灾监控系统，包括：火灾探测模块、信号处理模块、控制处理模块以及监控模块；所述的火灾探测模块包括一路或多路探测通道，该探测通道为光纤传感器；所述的信号处理模块为探测模块采集数据的处理中心，为探测主机；所述的探测主机与一路或多路的光纤传感器相连；所述的控制处理模块为火灾处理控制中心，包括PC机、通信模块、火灾报警控制器、灭火系统及图像监控设备；所述的探测主机分别与PC机、图像监控设备以及火灾报警控制器相连；所述的火灾报警控制器与灭火系统相连；所述的PC机与通信模块相连；所述的监控模块包括监控终端；所述的通信模块与监控终端相连。本实用新型具有实时分布式监测能力、可多分区及重点监测、可设置多级报警，将火灾消灭在早期。
23. 202472033 自承式皮线光缆开剥器
CN
03.10.2012
G02B 6/245 Loading...
G02B 6/245
Loading...
201220050610.9
上海光维通信技术股份有限公司
鲁义忠
G02B 6/245
Loading...
本实用新型公开了一种自承式皮线光缆开剥器，其包括：一开剥器主体及一与所述开剥器主体转动连接的盖板，所述开剥器主体的上表面设有一用于嵌设一自承式皮线光缆的限位槽，所述盖板的内表面上设置有一切割部；当所述盖板与所述开剥器主体相互扣合时，使得所述切割部切入所述自承式皮线光缆的皮线部分与钢丝部分的结合处。本实用新型自承式皮线光缆开剥器主要利用了杠杆及轴承原理，使得刀片定位切割宽度和深度的同时，能够很顺滑的剥开钢丝部分及皮线部分。整个开剥器结构简单，使用便捷且有效，具有巨大的市场前景和实用性。
24. 202334523 基于嵌入式系统的多功能光时域反射仪
CN
11.07.2012
H04B 10/08 Loading...
H04B 10/08
Loading...
201120468101.3
上海光家仪器仪表有限公司
阮志光
H04B 10/08
Loading...
本实用新型涉及一种基于嵌入式系统的多功能光时域反射仪，其特征在于包括：FPGA采样主板、VLS模块、光功率计模块、端面检测模块、液晶屏显示模块、按键模块、ARM11嵌入式主板以及外围接口电路；ARM11嵌入式主板与FPGA采样主板、VLS模块、光功率计模块、端面检测模块、液晶屏显示模块、按钮模块、外围接口电路相连；电源管理电路给上述各模块提供电源；本实用新型的有益效果是：针对现有的进口和国产的OTDR的不足所存在的问题，结合实际中使用的情况而提供一种控制方便、体积小、携带方便的多功能光时域分析仪。
25. 202267591 带有MPO连接器跳线测试系统
CN
06.06.2012
G01M 11/02 Loading...
G01M 11/02
Loading...
201120358665.1
上海光家仪器仪表有限公司
汪亮
G01M 11/02
Loading...
本实用新型涉及一种带有MPO连接器跳线测试系统，包括：稳定的850nm和1300nm的激光器作为光源、2x2分路器、高速光开关、回波损耗探测模块、光源功率探测模块、T5000型大面积砷化镓探测器、电源管理电路、串口通讯电路、网口通讯模块、LCD液晶屏显示模块以及单片机控制系统；本实用新型的有益效果是：快速、便捷地检测带MPO连接器跳线的损耗，集手动和自动检测与一体，性能稳定可靠；特别适合测试诸如4芯、8芯和12芯的带MPO连接器跳线的检测。
26. 102384840 带有MPO连接器跳线测试系统
CN
21.03.2012
G01M 11/02 Loading...
G01M 11/02
Loading...
201110284650.X
上海光家仪器仪表有限公司
汪亮
G01M 11/02
Loading...
本发明涉及一种带有MPO连接器跳线测试系统，包括：稳定的850nm和1300nm的激光器作为光源、2x2分路器、高速光开关、回波损耗探测模块、光源功率探测模块、T5000型大面积砷化镓探测器、电源管理电路、串口通讯电路、网口通讯模块、LCD液晶屏显示模块以及单片机控制系统；本发明的有益效果是：快速、便捷地检测带MPO连接器跳线的损耗，集手动和自动检测与一体，性能稳定可靠；特别适合测试诸如4芯、8芯和12芯的带MPO连接器跳线的检测。
27. 202135132 掺铒光纤放大器
CN
01.02.2012
H04B 10/17 Loading...
H04B 10/17
Loading...
201120165398.6
上海光家仪器仪表有限公司
任聪群
H04B 10/17
Loading...
本实用新型公开了一种掺铒光纤放大器，其包括电路部分及光路部分，A/D转换电路连接电流采集电路、温度采集电路和电源管理电路，第一泵浦激光器、第二泵浦激光器都连接自动温度控制电路、激光器驱动电路、温度采集电路、电流采集电路，激光器驱动电路连接D/A转换电路，单片机系统连接A/D转换电路、D/A转换电路、串行通信电路、LCD显示电路、按键扫描电路，电源管理电路给各个电路供电。本实用新型掺铒光纤放大器补偿光信号在光通信链路的衰减。
28. 202094470 放大自发辐射光源装置
CN
28.12.2011
H01S 3/02 Loading...
H01S 3/02
Loading...
201120165393.3
上海光家仪器仪表有限公司
任聪群
H01S 3/02
Loading...
本实用新型公开了一种放大自发辐射光源装置，其包括电路部分及光路部分，泵浦激光器发出的光经波分复用器，进入掺铒光纤，产生最初的正向放大自发辐射光和反向放大自发辐射光；A/D转换电路连接输出光功率探测电路、电流采集电路、温度采集电路，泵浦激光器连接自动温度控制电路、激光器驱动电路、温度采集电路、电流采集电路，激光器驱动电路连接D/A转换电路，单片机系统连接A/D转换电路、D/A转换电路、串行通信电路、LCD显示电路、按键扫描电路，电源管理电路给各个电路供电。本实用新型放大自发辐射光源装置使用方便，工作性能强，输出光功率高。
29. 102244337 Amplified spontaneous emission light source device
CN
16.11.2011
H01S 3/02 Loading...
H01S 3/02
Loading...
201110133623.2
Shanghai Guangjia Instruments Co., Ltd.
Ren Congqun
H01S 3/02
Loading...
The invention discloses an amplified spontaneous emission light source device, which comprises a circuit part and a light path part. Light emitted by a pump laser enters an erbium-doped fiber after passing through a wavelength division multiplexer to generate primary forward amplified spontaneously emitted light and backward amplified spontaneously emitted light. An A/D conversion circuit is connected with an output light power detection circuit, a current acquisition circuit and a temperature acquisition circuit. The pump laser is connected with an automatic temperature control circuit, a laser drive circuit, the temperature acquisition circuit and the current acquisition circuit. The laser drive circuit is connected with a D/A conversion circuit. A singlechip system is connected with the A/D conversion circuit, the D/A conversion circuit, a serial communication circuit, a liquid crystal display (LCD) circuit and a key scanning circuit. A power management circuit supplies power to each circuit. The amplified spontaneous emission light source device provided by the invention is convenient to use and high in working performance and output light power.
30. 102231473 EDFA (Erbium-doped optical fiber amplifier)
CN
02.11.2011
H01S 3/13 Loading...
H01S 3/13
Loading...
201110133627.0
Shanghai Guangjia Instruments Co., Ltd.
Ren Congqun
H01S 3/13
Loading...
The invention discloses an EDFA (Erbium-doped optical fiber amplifier) which comprises a circuit part and an optical path part and is characterized in that an A/D (analog-to-digital) conversion circuit is connected with a current acquisition circuit, a temperature acquisition circuit and a power supply management circuit; a first pumping laser and a second pumping laser are connected with an automatic temperature control circuit, a laser drive circuit, the temperature acquisition circuit and the current acquisition circuit; the laser drive circuit is connected with a D/A (digital-to-analog) conversion circuit; a singlechip system is connected with the A/D conversion circuit, the D/A conversion circuit, a serial communication circuit, an LCD (liquid crystal display) circuit and a key scanning circuit; and the power supply management circuit supplies power for each circuit. The EDFA can be used for compensating attenuation of optical signals in an optical communication link.
31. 102135468 Optical insertion and return loss tester
CN
27.07.2011
G01M 11/02 Loading...
G01M 11/02
Loading...
201010112558.0
Shanghai Guangjia Instruments Co., Ltd.
Ruan Zhiguang
G01M 11/02
Loading...
The invention relates to an optical insertion and return loss tester. The tester comprises a dual-wavelength laser, wherein the dual-wavelength laser is connected with an optical coupler through an optical path; the optical coupler is connected with a flange through an optical path; the flange is connected with the optical coupler through an optical path; the optical coupler is connected with a second detector through an optical path; the dual-wavelength laser is connected with a MCU (micro-programmed control unit) through an LD (laser diode) drive circuit; the second detector is connected with the MCU through an amplification circuit and an analog-to-digital conversion circuit; and the amplification circuit and the analog-to-digital conversion circuit are also connected with a first detector. The optical insertion and return loss has the beneficial effects of fast running speed, strong working performance, small errors in test results, simple structure, low cost, intuitive display and small volume and good portability, integrates functions of a plurality of instruments and is convenient to operate.
32. 201898510 无源器件损耗分析装置
CN
13.07.2011
H04B 10/08 Loading...
H04B 10/08
Loading...
201020658303.X
上海光家仪器仪表有限公司
汪亮
H04B 10/08
Loading...
本实用新型公开了一种无源器件损耗分析装置包括：多波长光源，用于提供多种波长的稳定功率的激光；光开关，用于选择多种波长的激光中的一路输出；偏振控制器，用于改变激光的偏振态；具有第一端、第二端以及第三端的分路器；回损测试模块，用于测量待测无源器件输入端反射的光功率；光功率计模块，用于测量待测无源器件输出端的光功率；单片机，用于控制多波长光源的激光输出、光开关的激光选择、偏振控制器对激光偏振态的改变以及接收回损测试模块和光功率计模块测得的数据并对该数据进行处理。本实用新型的无源器件损耗分析装置是集稳定的DFB光源、光功率计模块、插回损测试仪、DPL测试仪为一体的多功能设备。
33. 201853103 监控户外机柜设备
CN
01.06.2011
G05B 19/048 Loading...
G05B 19/048
Loading...
201020500362.4
上海光维通信技术股份有限公司
岳强年
G05B 19/048
Loading...
本实用新型是监控户外机柜设备，其结构是门禁传感器、电源失效传感器、烟雾传感器、水浸传感器、震动传感器，倾斜传感器、制冷失效传感器、MDF传感器的信号输出端接节点端口输入端的一端，另一端连接信号处理单元的信号输入端，处理单元的信号输出端接信号隔离单元的信号输入端，信号隔离单元的信号输出端接反相器的信号输入端，反相器的信号输出端接节点端口输出端的一端，另一端连接单片机的I/O口。优点：可对户外机柜内的工作环境及设备进行监控，对温度、湿度的上下限和蓄电池的监控参数进行远程设置；能自动调整链接方式确保与远程数据服务器的链接；性能稳定安全可靠，确保省钱，便于管理。确保户外机柜的正常工作，通信畅通。
34. 102075242 Loss analysis device of passive device
CN
25.05.2011
H04B 10/08 Loading...
H04B 10/08
Loading...
201010586841.7
Shanghai Guangjia Instruments Co., Ltd.
Wang Liang
H04B 10/08
Loading...
The invention discloses a loss analysis device of a passive device, comprising a multi-wavelength light source, an optical switch, a polarization controller (PC), a shunt, a return loss test module, an optical power meter module and a singlechip, wherein the multi-wavelength light source is used for providing multi-wavelength lasers with stable power; the optical switch is used for selecting one of the multi-wavelength lasers for output; the PC is used for changing the polarization state of the lasers; the shunt is provided with a first end, a second end and a third end; the return loss test module is used for testing optical power reflected by the input end of the passive device to be tested; the optical power meter module is used for testing the optical power of the output end of the passive device; and the singlechip is used for controlling the laser output of the multi-wavelength light source, the laser selection of the optical switch and the changes of the PC for the laser polarization state, receiving data tested by the return loss test module and the optical power meter module, and processing the data. The loss analysis device is a multifunctional device which integrates the functions of a stable distributed feedback (DFB) light source, the optical power meter module, a plugging-return loss test set, and a polarization dependent loss (DPL) tester into a whole.
35. 201747153 集中管理户外机柜电子密码锁
CN
16.02.2011
E05B 49/00 Loading...
E05B 49/00
Loading...
201020285442.2
上海光维通信技术有限公司
岳强年
E05B 49/00
Loading...
本实用新型是集中管理户外机柜电子密码锁，包括单片机、密码接收器、无线接收器、无线收发器、电子开关，其中单片机与密码接收器、无线接收器相接，密码接收器与网络相接，单片机与电子开关相接，无线接收器与无线收发器对应设置；由单片机控制，机柜设置8位密码，该密码由远程管理后台设置或修改。优点：采用计算机管理，远程管理后台和机柜密码双层控制，远程监控管理后台设置允许打开户外机柜的时间段，使用智能手机通过WIFI无线上网，进入手机监控浏览页面，根据系统提示输入8位密码打开户外机柜门，远程管理后台系统同时记录打开和关闭机柜门时间。遭遇非法入侵户外机柜向远程管理后台报警，提高了安全可靠性和管理功能。
36. 201681455 通信线缆防盗用窨井盖报警传感器
CN
22.12.2010
G08B 13/02 Loading...
G08B 13/02
Loading...
201020127272.5
南京威阳科技有限公司
岳强年
G08B 13/02
Loading...
本实用新型是通信线缆防盗用窨井盖报警传感器，其特征是干簧管继电器和磁钢分别固定在窨井盖边沿和井盖边框上，干簧管继电器和磁钢间存间距，永磁铁固定在窨井盖的下方，干簧管继电器的触点与信号隔离单元中的光电耦合器的信号输入端相接，光电耦合器的信号输出端与单片机的信号输入端对应相接。优点：永磁铁固定在窨井盖下，调整与干簧管继电器的距离，继电器触点闭合。其闭合状态经光耦反相后向单片机送“0”信号，单片机休眠不启动报警程序。当固定在窨井盖下的永磁铁被移动，传感头动作即向单片机送“1”信号，单片机随即被唤醒，启动报警程序，向接警人员发出报警信息。性能安全可靠，成本低，社会效益显著。
37. 201662866 一种钢缆监控报警器外壳
CN
01.12.2010
G08B 21/00 Loading...
G08B 21/00
Loading...
201020127298.X
南京威阳科技有限公司
岳强年
G08B 21/00
Loading...
本实用新型是一种钢缆监控报警器外壳，其特征是盖板盖在设备客体上，太阳能板设在设备客体内，太阳能板与盖板间存有间隙，设备托板支架上安装托板，托板与托板支架间有一个可调折弯角度，设备客体内安装单片机。优点：盖板及太阳能盖板表面没有任何操作按键，设置报警器的参数只能通过计算机通信方式写入报警器的单片机内，避免了人为恶意改变报警器设置，使其误报不报的情况发生。太阳能板设在客体之中，并使之与设备的盖板留有一定的间隙，使设备内的元器件免受高温得以正常工作。托板的不同折弯角度在相应的纬度地区安装，最大限度地获得转换太阳能的能量。性能安全可靠、造价低。
38. 201662856 一种钢缆防盗报警器用倾斜传感器
CN
01.12.2010
G08B 13/02 Loading...
G08B 13/02
Loading...
201020127274.4
南京威阳科技有限公司
岳强年
G08B 13/02
Loading...
本实用新型涉及的是一种钢缆防盗报警器用倾斜传感器，其特征是由水银开关、震动传感器与单片机I/O口组成，其中，水银开关的一端连接震动传感器的信号输入端，震动传感器的信号输出端经光耦合器耦合并反相加到单片机I/O口，所述的水银开关中的水银与水平面一致，并与地面垂直。优点：本实用新型安装在野外，可无人值守，可有效防止报警器被盗和遭受外力损坏，只要报警器倾斜角度大于10°，或是猛烈撞击报警器，报警器就会向接警人员发出报警信息。
39. 201654924 钢缆监控位移报警器
CN
24.11.2010
G08B 13/02 Loading...
G08B 13/02
Loading...
201020127250.9
南京威阳科技有限公司
岳强年
G08B 13/02
Loading...
本实用新型是钢缆监控位移报警器，其结构是包括传感器信号采集电路、看门狗系统电路、仿真编程电路单元、通信系统电路单元、太阳能充电控制电路、滤波电路、TC35I模块工作状态指示灯电路、外部存储器信号指示灯电路、整机工作状况指示灯电路；优点：报警迅速，只要钢缆与通信电缆的相对位移大于规定值，发出报警信息。设备报警后盗窃还需要继续作案30分钟左右才能完成，为抓捕赢得了宝贵的时间。信息准确，每台报警器都有独立的地址，每个传感器监控特定的位置，并都能在报警信息上显示，能报出断缆的缆长距离，实际地名，免维护，采用单片机智能化管理，采用太阳能电池供电单元，蓄电池一次充满电荷能连续工作时间达30天以上。
40. 201622366 平板型光纤阵列制作过程中的固定玻璃盖板与光纤的装置
CN
03.11.2010
G02B 6/36 Loading...
G02B 6/36
Loading...
200920214098.5
上海光桓宇通信器材有限公司
李传春
G02B 6/36
Loading...
本实用新型涉及一种平板型光纤阵列制作过程中的固定玻璃盖板与光纤的装置，包括：V型槽标准治具和玻璃盖板；还包括一个隔离用装置；所述的隔离用装置包括：一个基座；在基座的两侧分别是安置金属隔离棒的槽口；V型槽标准治具安置在基座的两侧的槽口之间上，两层光纤安置在V型槽标准治具上；在两层光纤上是金属隔离棒，玻璃盖板盖在金属隔离棒上、并且在基座的两侧的槽口之间；本实用新型的有益效果是：避免光纤与玻璃盖板直接接触造成的受压损伤；增加了产品的温度性能指标，降低了原材料成本。
41. 201615814 钢缆监控报警器用拉力传感器
CN
27.10.2010
G01L 5/04 Loading...
G01L 5/04
Loading...
201020127277.8
南京威阳科技有限公司
岳强年
G01L 5/04
Loading...
本实用新型是钢缆监控报警器用拉力传感器，其特征是由一根环线组成，该环线由一条双芯多股户外导线中取内芯2根铜线焊接而成，环线的顶端与单片机I/O口相接，该环线能承受4kg拉力引线。优点：拉力传感器固定在钢缆上，正常情况下引线回路闭合为“0”信号，经光耦合器耦合并反相加到单片机一个固定“1”信号，单片机处于休眠状态。钢缆被割断，钢缆的拉力或自身重力就可把拉力传感器引线拉断，回路被破坏后的信号经光耦合器送入单片机I/O口“0”信号，单片机立即启动报警程序，向接警人员发出警报。简单易用，性能可靠安全，操作使用极其方便，成本低，社会效益显著。可有效地对钢缆实施监控，只要钢缆被割断就能及时发出报警信息。
42. 201611777 小型化保安单元
CN
20.10.2010
H02H 9/02 Loading...
H02H 9/02
Loading...
200920286254.9
上海光桓宇通信器材有限公司
金兴弟
H02H 9/02
Loading...
本实用新型公开了一种小型化保安单元，其包括外壳、框架、线路板、固体放电管、热敏电阻、低温套筒、压簧、外线簧片、内线簧片、告警簧片、接地片、告警动作片、内线连接片、外线连接片、外线动作片和发光二极管，框架位于外壳的底部，固体放电管和低温套筒位于外线连接片的下方，热敏电阻和压簧位于外线连接片的上方，外线簧片、内线簧片、告警簧片都焊接在线路板上，外线动作片位于内线连接片和外线连接片之间，接地片和告警动作片位于框架的上方，发光二极管位于外线簧片的正上方。本实用新型小型化保安单元的外壳有防止反插的功能，以防止误插使内外线反接，动作可靠，以防止多余的锡流出造成其他线路的短路。
43. 201608834 模拟电视及数字电视信号分析仪
CN
13.10.2010
H04N 17/00 Loading...
H04N 17/00
Loading...
201020116991.7
上海光家仪器仪表有限公司
汪亮
H04N 17/00
Loading...
本实用新型涉及一种模拟电视及数字电视信号分析仪，包括：射频衰减电路、数字CATV调谐器、带A/D转换的QAM解调电路、AM解调电路、信号放大电路、电源管理电路、LCD显示驱动电路、按键扫描电路、USB通讯电路以及单片机系统；射频衰减电路直接连接到所述的数字CATV调谐器，数字CATV调谐器连接到所述的带A/D转换的QAM解调电路和所述的AM解调电路，AM解调电路还连接到所述的信号放大电路上，QAM解调电路和信号放大电路分别连接到所述的单片机系统上；单片机系统还分别连接上LCD显示驱动电路、按键扫描电路、USB通讯电路、射频衰减电路、AM解调电路以及数字CATV调谐器；电源管理电路给上述各单元电路提供电源；能够快速分析模拟电视信号和数字电视信号质量。
44. 201607319 光插回损测试仪
CN
13.10.2010
G01M 11/02 Loading...
G01M 11/02
Loading...
201020116993.6
上海光家仪器仪表有限公司
阮志光
G01M 11/02
Loading...
本实用新型涉及一种光插回损测试仪，包括：双波长激光器；所述的双波长激光器经光路与光偶合器连接；光偶合器经光路与法兰连接；所述法兰经光路与光偶合器相连；光偶合器经光路与第二探测器相连；所述的双波长激光器通过LD驱动电路与MCU相连；所述的第二探测器通过放大电路和模数转换电路与MCU相连；放大电路和模数转换电路还与第一探测器相连；本实用新型的有益效果是：运行速度快，工作性能强，集多表功能为一身，操作简单，测试结果误差小，结构简单，成本低，同时体积小便于携带，显示直观。
45. 101846768 Auto-core regulation butt process method of planar lightwave circuit splitter
CN
29.09.2010
G02B 6/125 Loading...
G02B 6/125
Loading...
200910048074.1
Shanghai Guanghengyv Communication Equipment Co., Ltd.
Liu Xixiao
G02B 6/125
Loading...
The invention discloses an auto-core regulation butt process method of a planar lightwave circuit splitter (PLCS), which is realized by the following steps: preparing coupling alignment; observing the positions of an incoming end optical fiber and a wave guide by means of a microscopic observation system; judging the coupling alignment situation of the incoming terminal optical fiber and the wave guide; connecting the output end of the wave guide with an optical fiber array and primarily adjusting the output end of the wave guide to an appropriate position; connecting the output end of the wave guide to the two detection interfaces of a dual-channel power meter; starting an optical power search program to automatically adjust the positions of the output end of the wave guide and the optical fiber array; dispensing when the optical power values of the optical fiber array at the output end of the wave guide reach the maximum value and are equivalent as much as possible; and repeating the previous step, searching the maximum optical power value received by the optical fiber array at the output end of the wave guide to ensure the optimal coupling alignment of the wave guide and the optical fiber array after dispensing, curing and carrying out subsequent operations to finish packaging. Each produced PLC Splitter has excellent optical property and long-term stability.
46. 101846551 Video optical power meter
CN
29.09.2010
G01J 1/44 Loading...
G01J 1/44
Loading...
200910048073.7
Shanghai Guangjia Instruments Co., Ltd.
Liu Peng
G01J 1/44
Loading...
The invention relates to a video optical power meter, comprising a PIN detector and a signal amplification, A/D conversion and frequency identification circuit connected with the PIN detector, wherein, the A/D conversion and frequency identification circuit is connected with a single-chip microprocessor; and the single-chip microprocessor converts a digital signal into optical power with a corresponding wavelength, identifies the frequency of a light source, transforms a result into a video signal through a video signal output controller (an NTSC or PAL system) and then outputs the video signal by a video interface. The video optical power meter has the beneficial effects of high running speed, strong operating capabilities, multiple measuring wavelengths and high precision.
47. 101846769 Stand-type optical branching device
CN
29.09.2010
G02B 6/28 Loading...
G02B 6/28
Loading...
200910048075.6
Shanghai Guanghengyv Communication Equipment Co., Ltd.
Liu Xixiao
G02B 6/28
Loading...
The invention relates to a stand-type optical branching device, comprising a stand, as well as an internal mounting plate and a flange mounting panel. The flange mounting panel can correspond to various specifications of branching devices and is detachably connected with the stand; and module-type optical branching device boxes with various structures and sizes can be arranged on the internal mounting plate. The invention has the advantages of disassembling, changing or expanding volume in the optical network practical application, and convenience for later change, maintenance and management.
48. 201594891 保安接线排
CN
29.09.2010
H04Q 1/14 Loading...
H04Q 1/14
Loading...
200920286252.X
上海光桓宇通信器材有限公司
金兴弟
H04Q 1/14
Loading...
本实用新型公开了一种保安接线排，其包括卡接簧片、塑料基座、告警簧片、接地簧片、支架、螺母和螺钉，塑料基座通过螺母、螺钉与支架固定，告警簧片和接地簧片分别位于塑料基座的两侧，卡接簧片安装在塑料基座的顶部。本实用新型保安接线排走线方便而且能扩展容量。
49. 201594892 配线架宽带接线排
CN
29.09.2010
H04Q 1/14 Loading...
H04Q 1/14
Loading...
200920286253.4
上海光桓宇通信器材有限公司
金兴弟
H04Q 1/14
Loading...
本实用新型公开了一种配线架宽带接线排，其包括卡接簧片、塑料基座、支架和螺钉，塑料基座通过螺钉与支架固定，卡接簧片安装在塑料基座的顶部。本实用新型配线架宽带接线排走线方便，内外线为同一连接卡接簧片，接触电阻小，也保证高频传输。
50. 101839764 Optical power meter for testing passive optical network
CN
22.09.2010
G01J 1/16 Loading...
G01J 1/16
Loading...
200910047875.6
Shanghai Guangjia Instrument & Meter Co., Ltd.
Chen Chun
G01J 1/16
Loading...
The invention relates to an optical power meter for testing a passive optical network, comprising a bidirectional coupler, wherein the bidirectional coupler splits an uplink signal and then is directly connected to a 1310 nm burst module; in addition, the bidirectional coupler splits the wavelength by using a WDM (Wavelength Division Multiplex) with high isolation after splitting a downlink signal and then is respectively connected to a 1490 nm module and a 1550 nm module which are connected with an MCU (Microprogrammed Control Unit) through an A/D conversion module; the 1310 nm burst module is converted into proportional current by using a high-speed optical detector PIN (Personal identification Number) tube and is converted into a voltage signal by using a preposed amplifying circuit formed by a preposed high-speed wideband amplifier; the voltage signal is subjected to signal shaping and is respectively connected with a voltage sampling circuit and a comparison circuit; the comparison circuit is connected with the MCU through a time delay circuit and a trigger circuit; one path of the voltage sampling circuit is connected with the MCU through the A/D conversion module; and the other path of the voltage sampling circuit is connected with the MCU through the trigger circuit. The invention has the benefits of measuring a burst 1310 nm signal, thereby solving the problem of power measurement in the installation process of the PON (Passive Optical Network).
51. 201562058 精准定位光纤阵列制作的装置
CN
25.08.2010
G02B 6/36 Loading...
G02B 6/36
Loading...
200920214099.X
上海光桓宇通信器材有限公司
李传春
G02B 6/36
Loading...
本实用新型涉及一种精准定位光纤阵列制作的装置，包括：玻璃盖板和V-Groove基板；在玻璃盖板和V-Groove基板之间的光纤；在光纤和玻璃盖板之间的胶水；还包括：在玻璃盖板上的力学传感机构以及与力学传感机构相连的调整机构；在力学传感机构和调整机构之间还安置一个数字显示机构；本实用新型的有益效果是：将人工控制转化为系统控制，有效的解决由于人为原因带入的产品质量不稳定；提升V-Groove型光纤阵列产品的生产效率，操作中只需要根据系统显示的结果来进行调整即可，方便作业流程，便于工业自动化生产。
52. 101800876 Analogue television and digital television signal analyzer
CN
11.08.2010
H04N 7/10 Loading...
H04N 7/10
Loading...
201010112559.5
Shanghai Guangjia Instruments Co., Ltd.
Wan Shaoping
H04N 7/10
Loading...
The invention relates to an analogue television and digital television signal analyzer, which comprises a radio frequency attenuation circuit, a digital CATV tuner, an A/D conversion QAM modulator circuit, an AM modulator circuit, a signal amplifying circuit, a power supply management circuit, an LCD display driving circuit, a key scanning circuit, a USB communication circuit and a single chip system, wherein the radio frequency attenuation circuit is directly connected with the digital CATV tuner; the digital CATV tuner is connected with the A/D conversion QAM modulator circuit and the AM modulator circuit; the AM modulator circuit is also connected with the signal amplifying circuit; the QAM modulator circuit and the signal amplifying circuit are connected with the single chip system respectively; the single chip system is also connected with the LCD display driving circuit, the key scanning circuit, the USB communication circuit, the radio frequency attenuation circuit, the AM modulator circuit and the digital CATV tuner respectively; and the power supply management circuit supplies power to all unit circuits. The analyzer can quickly analyze the quality of analogue television signals and digital television signals.
53. 201464038 视频光功率计
CN
12.05.2010
G01J 1/44 Loading...
G01J 1/44
Loading...
200920069275.5
上海光家仪器仪表有限公司
刘鹏
G01J 1/44
Loading...
本实用新型涉及一种光视频功率计，包括：PIN探测器；还包括：一个连接PIN探测器的信号放大、A/D转换、频率识别电路；所述的A/D转换、频率鉴别电路与单片机相连；所述单片机将数字信号换算成对应波长下的光功率，并识别出光源的频率，再将其结果通过视频信号输出控制器转换成视频信号(NTSC或PAL制式)，并通过视频接口输出；本实用新型的有益效果是：运行速度快，工作性能强，测量波长多，精度高。
54. 201409137 测试无源光网络的光功率计
CN
17.02.2010
H04B 10/08 Loading...
H04B 10/08
Loading...
200920069114.6
上海光家仪器仪表有限公司
陈春
H04B 10/08
Loading...
本实用新型涉及一种测试无源光网络的光功率计，包括：一个双向耦合器；双向耦合器对上行信号分光后直接接入1310nm突发模块，对下行信号分光后先用高隔离度的WDM将波长分开后再分别接入1490nm模块和1550nm模块；1490nm模块和1550nm模块经A/D转换模块与MCU相接；1310nm突发模块包括：经过高速的光探测器PIN管转化为成比例关系的电流；再由前置的高速宽带放大器组成的前置放大电路转化为电压信号，电压信号经过信号整形与电压采样和比较电路分别相连；比较电路经延时电路、触发电路与MCU相连；电压采样的一路经A/D转换模块与MCU相连，电压采样的另一路经触发电路和MCU相连；对突发的1310nm信号也可以进行测量，从而解决了在PON网络安装过程中的功率测量的问题。
55. 2726225 光纤电话机
CN
14.09.2005
H04M 1/00 Loading...
H04M 1/00
Loading...
200420022025.3
上海光维通信技术有限公司
夏震宇
H04M 1/00
Loading...
本实用新型提供一种模拟式光纤电话机，包括发射部分和接收部份，发射部分包括一路由话筒送出的语音信号经放大电路输出到模拟开关，另一路由呼叫信号送至呼叫信号发生器，呼叫信号发生器输出至模拟开头，由模拟开关选择语音信号或呼叫信号送至激光发射器LD发射电路发射，接收部分由激光探测器PD接收电路，接收发射信号，经放大后，一路经音量控制电路、放大电路送至耳机，另一路经放大电路、频压转换电路、电压比较电路后还原呼叫信号；优点是，由于模拟信号传输不会像数字信号传输产生的误码，因而也就没有数字噪声了，由于省去了A/D和D/A转换的芯片，成本大大降低，体积也小多了，只有国外数字光纤电话机体积的一半不到。

