1. 106376227 一种绝缘屏蔽罩制造工艺
CN
01.02.2017
H05K 9/00 Loading...
H05K 9/00
Loading...
102015000430495
上海徕木电子股份有限公司
丁秀兵
H05K 9/00
Loading...
本发明涉及一种绝缘屏蔽罩制造工艺，包括以下工序：(1)把绝缘麦拉胶带黏贴到金属基材上，得到麦拉胶带金属复合材料；(2)把麦拉胶带金属复合材料冲制定位孔；(3)把带定位孔的麦拉胶带金属复合材料通过模切机对金属基材表面的麦拉胶带进行模切并剥离废麦拉胶带，得到合格复合材料；(4)把合格的复合材料通过模具冲压成型为绝缘屏蔽罩成品。与现有技术相比，本发明具有黏贴绝缘麦拉胶带位置精度高，制造简单，效率高等优点。
2. 105591222 一种通讯连接器中的防溃pin结构
CN
18.05.2016
H01R 13/02 Loading...
H01R 13/02
Loading...
201410567716.X
上海徕木电子股份有限公司
王泽强
H01R 13/02
Loading...
本发明涉及一种通讯连接器中的防溃pin结构，为接触端子，包括外框保护片与框内保护片，外框保护片从尾端开始向上折弯形成第一折弯部，由第一折弯部向下折弯形成第二折弯部，由第二折弯部向上折弯形成第三折弯部，由第三折弯部向下折弯形成第四折弯部，第四折弯部水平向前延伸至外框保护片头端；框内保护片从尾端开始向上折弯形成第五折弯部，由第五折弯部向下折弯至框内保护片头端。与现有技术相比，本发明的防溃pin结构通过设置折弯结构，避免了常规卡座端子会直接顶住卡托导致卡托再也无法正常拔出等此类问题，即防止端子溃pin问题。
3. 204289771 一种通讯连接器中的防溃pin结构
CN
22.04.2015
H01R 13/02 Loading...
H01R 13/02
Loading...
201420614960.2
上海徕木电子股份有限公司
王泽强
H01R 13/02
Loading...
本实用新型涉及一种通讯连接器中的防溃pin结构，为接触端子，包括外框保护片与框内保护片，外框保护片从尾端开始向上折弯形成第一折弯部，由第一折弯部向下折弯形成第二折弯部，由第二折弯部向上折弯形成第三折弯部，由第三折弯部向下折弯形成第四折弯部，第四折弯部水平向前延伸至外框保护片头端；框内保护片从尾端开始向上折弯形成第五折弯部，由第五折弯部向下折弯至框内保护片头端。与现有技术相比，本实用新型的防溃pin结构通过设置折弯结构，避免了常规卡座端子会直接顶住卡托导致卡托再也无法正常拔出等此类问题，即防止端子溃pin问题。
4. 203747162 一种耳机座连接器
CN
30.07.2014
H01R 13/652 Loading...
H01R 13/652
Loading...
201320883456.8
上海徕木电子股份有限公司
朱尚辉
H01R 13/652
Loading...
本实用新型涉及一种耳机座连接器，包括承座、塑胶主体及端子，所述的端子为功能端子，包括耳机接入端子、侦测端子、左耳端子、接地端子、右耳端子及麦克风电源端子；所述的塑胶主体插入承座内，塑胶主体的底端设有用于安装耳机接入端子的耳机插槽，塑胶主体的左右两侧分别设有安装侦测端子、左耳端子、接地端子、右耳端子及麦克风电源端子的卡槽。与现有技术相比，本实用新型采用插端组装方式，使得耳机座连接器具有更好的结构强度及稳定性，其高度仅为3.60mm，有效降低了耳机座连接器的整体高度，可以为手机PCB板取得更多的应用空间，满足轻薄型手机的需求。
5. 203737824 一种五金连续模折弯模具
CN
30.07.2014
B21D 37/10 Loading...
B21D 37/10
Loading...
201320877209.7
上海徕木电子股份有限公司
朱新爱
B21D 37/10
Loading...
本实用新型涉及一种五金连续模折弯模具，包括两个折弯折弯机构，第一个折弯机构对五金连续模进行45度折弯，第二个折弯机构对五金连续模进行90度折弯，折弯机构包括成型块、压料块、转轴固定块、翻板、冲头及弹簧复位组件，压料块设在成型块上，五金连续模设在压料块与成型块之间，转轴固定块设在压料块上，翻板转动连接在转轴固定块上，冲头设在翻板的上方，冲头带动翻板转动，弹簧复位组件的一端固定在压料块上，另一端连接在翻板上，用于将翻板复位到原位置，第一个折弯机构中的成型块的成型面为45度斜面，第二个弯折机构中的成型块的成型面为90度垂直面。与现有技术相比，本实用新型具有结构简单、分两步折弯、折弯效果好等优点。
6. 203747071 一种压接部设有凸棱的鱼眼端子
CN
30.07.2014
H01R 12/58 Loading...
H01R 12/58
Loading...
201320877218.6
上海徕木电子股份有限公司
朱新爱
H01R 12/58
Loading...
本实用新型涉及一种压接部设有凸棱的鱼眼端子，包括由下到上依次设置的连接部、肩部与压接部，压接部用于与PCB板插接，形成连接器，以传导电气讯号，压接部为中空扁平状体，压接部的前后两个表面为水平面，压接部的左右两个侧面为曲面，且压接部的左右两个侧面上分别设有2条纵向的凸棱。与现有技术相比，本实用新型在压接部的左右两个侧面上分别设有2条纵向的凸棱，可与PCB板通孔内壁实现点与面的干涉，端子在PCB板通孔内不易翻转，起到定位作用，另外鱼眼在横向方向材料产生弹性变形，挤压在PCB板内壁，增加了摩擦阻力，从而保证了电子元件之间信号的可靠连接。
7. 203747080 一种直插式方形端子
CN
30.07.2014
H01R 13/02 Loading...
H01R 13/02
Loading...
201320874845.4
上海徕木电子股份有限公司
朱新爱
H01R 13/02
Loading...
本实用新型涉及一种直插式方形端子，该方形端子为经冷挤压成型的方形端子，该端子的横截面为正方形，两端面设置有边长逐渐减小的斜面导角，该斜面导角的端面为正方形结构。与现有技术相比，本实用新型采用冷挤压技术制造加工方形端子，形状规范，并且能够实现送料、成型、切断的连续自动完成，确保成品零件的设计质量要求，大大提高了生产效率，节约原材料，降低了制造成本，且经过冷挤压得到的零件的端头硬度和强度得到加强。
8. 203748185 一种电动汽车充电器屏蔽罩
CN
30.07.2014
H05K 9/00 Loading...
H05K 9/00
Loading...
201320874943.8
上海徕木电子股份有限公司
朱尚辉
H05K 9/00
Loading...
本实用新型涉及一种电动汽车充电器屏蔽罩，包括上盖体和下盖体，所述的上盖体包括互相连接的电池容纳腔上盖和导线容纳腔上盖，所述的下盖体包括互相连接的电池容纳腔下盖和导线容纳腔下盖，所述的电池容纳腔上盖与电池容纳腔下盖连接后形成电池容纳腔，所述的导线容纳腔上盖与导线容纳腔下盖连接后形成导线容纳腔，所述的上盖体和下盖体上设有多个通风孔。与现有技术相比，本实用新型通过在电池容纳腔上盖为台阶形结构，可以扩大电池容纳腔的高度，进而增大了容量，而且上盖体与下盖体之间采用卡扣方式连接，屏蔽罩四周无拼接痕，大大提高了产品屏蔽效果和美观度。
9. 203747136 用于汽车底盘ECU控制单元的防水连接器
CN
30.07.2014
H01R 13/52 Loading...
H01R 13/52
Loading...
201320883541.4
上海徕木电子股份有限公司
朱新爱
H01R 13/52
Loading...
本实用新型涉及一种用于汽车底盘ECU控制单元的防水连接器，包括连接器本体和嵌设在连接器本体内的电镀端子组，所述的连接器本体由塑胶材料制成，包括相连接的底板和腰形固定件，所述的底板中部设有与腰形固定件相匹配的腰形孔，所述的电镀端子组嵌设在腰形固定件中。与现有技术相比，本实用新型具有结构简单、防水性好、成本低等优点。
10. 203739971 一种汽车转向系统短路弹片
CN
30.07.2014
B62D 5/04 Loading...
B62D 5/04
Loading...
201320876551.5
上海徕木电子股份有限公司
朱尚辉
B62D 5/04
Loading...
本实用新型涉及一种汽车转向系统短路弹片，设在转向嵌入式连接器中，该短路弹片包括下平板、曲面连接板、上平板、上坡度板及卡爪，下平板水平设置，上平板设在下平板的上方，上平板的一端通过曲面连接板与下平板圆滑连接，另一端与上坡度板的一端连接，坡度板相对于上平板向上翘起，上坡度板的另一端与卡爪连接，卡爪相对于上坡度板向上翘起。与现有技术相比，本实用新型的产品结构简单，易于制造，成本较低，效益较大；本实用新型的产品是转向方向盘系统连接器配套定制品，并且保持转向信息与转向开关控制之间不发生信号失真的重要部件，可批量生产。
11. 203747069 一种汽车圆头排针连接器
CN
30.07.2014
H01R 12/55 Loading...
H01R 12/55
Loading...
201320874877.4
上海徕木电子股份有限公司
朱新爱
H01R 12/55
Loading...
本实用新型涉及一种汽车圆头排针连接器，由方针及固定方针的塑胶体组成，方针被折弯成L形结构，方针的两端为圆头结构，塑胶体为长方体结构，塑胶体上开设有两个通孔，方针穿过所述的通孔，对称设置在塑胶体内，塑胶体设有数个，呈并列设置的结构，卡设连接在塑胶体内的方针相互平行。与现有技术相比，本实用新型采用连续组装工艺，配合使用圆头方针，降低使用时安装力值，共面度要求高<0.1mm，能实现开关的自由导通与切换。
12. 203747113 一种用于汽车多媒体传输系统的同轴连接器
CN
30.07.2014
H01R 13/46 Loading...
H01R 13/46
Loading...
201320876873.X
上海徕木电子股份有限公司
朱尚辉
H01R 13/46
Loading...
本实用新型涉及一种用于汽车多媒体传输系统的同轴连接器，包括塑料外壳、固持于塑料外壳内的绝缘支撑件及收容于绝缘支撑件内的中心导体，塑料外壳的一端形成对接腔，另一端形成与对接腔垂直的容腔，中心导体包括固持于绝缘支撑件内的固持部、自固持部一端延伸入对接腔内的接触部及自固持部另一端延伸入容腔内的焊接脚，接触部外的绝缘支撑件的外部套设有连接器壳体，焊接脚延伸至塑料外壳外，焊接脚四周设有安装脚。与现有技术相比，本实用新型带锥度倒角的焊接脚和圆锥形插脚使得整个连接器既方便插入PCB板又增加了整个连接器插入到PCB板时的胀紧力，避免在焊接过程中的不稳定现象以及焊接本身的可靠性，确保了信号传输的稳定性。
13. 203739963 一种汽车转向系统短路弹片
CN
30.07.2014
B62D 1/04 Loading...
B62D 1/04
Loading...
201320877210.X
上海徕木电子股份有限公司
朱尚辉
B62D 1/04
Loading...
本实用新型涉及一种汽车转向系统短路弹片，设在转向嵌入式连接器中，该短路弹片包括下平板、曲面连接板及卡爪组件，下平板水平设置，下平板的一端圆滑连接曲面连接板，曲面连接板的另一端同时连接两个卡爪组件，且两个卡爪组件对称设置，卡爪组件包括顺序连接的第一上坡度板、第二上坡度板、第三上坡度板及卡爪。与现有技术相比，本实用新型的产品结构简单，易于制造，成本较低，效益较大；本实用新型的产品是转向方向盘系统连接器配套定制品，并且保持转向信息与转向开关控制之间不发生信号失真的重要部件，可批量生产。
14. 203747074 一种两用复合式汽车多媒体影音连接器
CN
30.07.2014
H01R 12/71 Loading...
H01R 12/71
Loading...
201320884285.0
上海徕木电子股份有限公司
朱新爱
H01R 12/71
Loading...
本实用新型涉及一种两用复合式汽车多媒体影音连接器，包括主体连接器和PCB板，所述的PCB板与主体连接器连接，所述的主体连接器的底面和侧面设有用于连接PCB板的卡扣，所述的PCB板连接在主体连接器侧面时，PCB板通过排针连接器与主体连接器连接。与现有技术相比，本实用新型具有工艺制造简单、降低开发成本等优点。
15. 203747023 一种用于手机的NFC天线
CN
30.07.2014
H01Q 1/24 Loading...
H01Q 1/24
Loading...
201320883466.1
上海徕木电子股份有限公司
朱尚辉
H01Q 1/24
Loading...
本实用新型涉及一种用于手机的NFC天线，包括天线壳体和天线模块，所述的天线模块嵌设在天线壳体内，所述的天线模块包括天线线圈和金属触点，所述的金属触点设在天线线圈的两个端点处，所述的天线线圈的匝数为5.5匝。与现有技术相比，本实用新型具有体积小、厚度薄、成本低等优点。
16. 103909147 Precise wire clamp plastic dipping technique
CN
09.07.2014
B21D 35/00 Loading...
B21D 35/00
Loading...
201310002936.3
上海徕木电子股份有限公司
朱新爱
B21D 35/00
Loading...
The invention relates to a precise wire clamp plastic dipping technique. The precise wire clamp plastic dipping technique includes that: stamping through a stamping die to obtain a metal body of a processing wire clamp, placing the metal body in plastic dipping liquid to carry out hot plastic dipping technique, coating an insulated buffer layer at the surface layer of the middle of the metal body, and bending the metal body to form the product. Compared with the prior art, the precision of the precise wire clamp plastic dipping technique is higher, to be specific, the precise plastic insulated layer can be less than 0.2 millimeters; the diameter of a wire cover hole can be smaller, and in addition, the use range is broader, the lower limiting value which can be realized through a wire clamp hole is reduced, it means that the wire harness fixing range is expanded, the wire clamp can adapt to different wire harnesses with small diameters, and moreover, the size is stable, the reject ratio is lower, the plastic dipping liquid is not influenced by the product structure and viscosity in cooling and curing and can be uniformly cured at the surface layer of the metal, the plastic thickness at the surface is accordant, and the reject ratio is lower.
17. 203206660 屏蔽罩固定夹
CN
18.09.2013
H05K 9/00 Loading...
H05K 9/00
Loading...
201320126204.0
上海徕木电子股份有限公司
朱新爱
H05K 9/00
Loading...
本实用新型涉及屏蔽罩固定夹，包括底板，在所述底板上设有一个以上用于固定屏蔽罩的夹体，其中，所述夹体由两个相对设置的夹片组成，所述夹片的上部为夹持部，下部为支撑部，所述支撑部与所述底部相连接，在所述夹片的中部设置有孔，所述夹持部的中部向所述孔内延伸有夹持板，以增强与屏蔽罩的夹合力。有益效果是：增加了夹持位置，提高了原固定夹结构的夹持效果；安装分离方便，操作简单。
18. 203205673 侧插式双层SIM卡座
CN
18.09.2013
H01R 27/00 Loading...
H01R 27/00
Loading...
201320107285.X
上海徕木电子股份有限公司
朱新爱
H01R 27/00
Loading...
本实用新型涉及侧插式双层SIM卡座，包括底座、外壳、中间夹层、第一端子、第二端子，所述外壳位于所述底座和所述中间夹层的上方，且该外壳将所述底座和所述中间夹层包裹，所述第一端子镶嵌于所述中间夹层的上表面，且所述第一端子的触点突出于所述中间夹层的上表面；所述第二端子镶嵌于所述中间夹层的下表面，且所述第二端子的触点突出于所述中间夹层的下表面；在所述外壳与所述中间夹层上开设有取卡口。有益效果是：本装置采用侧插SIM卡方式，上层为8触点，下层为6触点，同时满足客户不同需求；端子的触点的头部形状为球形，以防止刮伤SIM卡；结构轻薄，厚度仅为2.5mm，可广泛的应用于各种超薄手机。
19. 203103623 一种汽车连接器塑胶定位柱
CN
31.07.2013
H01R 13/46 Loading...
H01R 13/46
Loading...
201320021528.8
上海徕木电子股份有限公司
朱新爱
H01R 13/46
Loading...
本实用新型涉及一种汽车连接器塑胶定位柱，连接器由塑胶壳体和接触端子组成，该定位柱设置在连接器的塑胶壳体中间，所述的定位柱呈圆柱体状。与现有技术相比，本实用新型具有可降低装配工艺难度，提高生产效率，实现大批量生产等优点。
20. 203103618 一种汽车连接器塑壳结构
CN
31.07.2013
H01R 13/46 Loading...
H01R 13/46
Loading...
201220743558.5
上海徕木电子股份有限公司
朱新爱
H01R 13/46
Loading...
本实用新型涉及一种汽车连接器塑壳结构，所述的连接器包括塑壳结构和接触端子，所述的接触端子设在塑壳结构内，所述的塑壳结构包括壳体，所述的壳体的内侧壁上设有锯齿结构。与现有技术相比，本实用新型具有有效降低变形量、塑壳强度和平衡应力大等优点。
21. 203103621 一种嵌件注塑定位的连接器
CN
31.07.2013
H01R 13/46 Loading...
H01R 13/46
Loading...
201320003277.0
上海徕木电子股份有限公司
朱新爱
H01R 13/46
Loading...
本实用新型涉及一种嵌件注塑定位的连接器，包括内模塑胶件以及嵌设在上述内模塑胶件内的五金端子，内模塑胶件上设置有在嵌件注塑时用于夹持定位的凸起。与现有技术相比，本实用新型对汽车连接器、汽车传感器外壳的内模定位结构改进，改善产品的外观、提升产品的可靠性，注塑成型的产品外观无外露定位孔，产品通过优化自身结构，采用凸柱、凸台结构实现定位，可适应于任何需二次嵌件注塑成型的产品。
22. 203103575 一种新型折弯结构的端子
CN
31.07.2013
H01R 13/02 Loading...
H01R 13/02
Loading...
201320003756.2
上海徕木电子股份有限公司
朱新爱
H01R 13/02
Loading...
本实用新型涉及一种新型折弯结构的端子，该端子的主体部为直角形状，其中一直角边上设置有突出部，在两直角边交汇处的外表面经折弯处理形成一斜截面，该端子的节距大于两直角边长度之和，端子所采用的料宽大于直角边及突出部长度之和。与现有技术相比，本实用新型对端子结构改进，以提高生产效率，降低成本，提高产品可靠性，产品端子采用折弯方式实现端子料宽方向的结构，适当增加端子PITCH的基础上，可大幅度降低端子需求的料带宽度。
23. 203103558 一种汽车BCM模块外壳与连接器框口配合的连接器组件
CN
31.07.2013
H01R 12/51 Loading...
H01R 12/51
Loading...
201320003776.X
上海徕木电子股份有限公司
朱新爱
H01R 12/51
Loading...
本实用新型涉及一种汽车BCM模块外壳与连接器框口配合的连接器组件，该汽车BCM模块外壳与连接器框口配合的连接器组件包括外壳框口及PIN模块，PIN模块卡接在外壳框口的中间，PIN模块的一端与PCB板焊接连接，另一端与线束端连接器对插连接，形成电器回路，实现各电器部件间的数据通信。与现有技术相比，本实用新型采用外壳框口及PIN模块代替传统的塑胶壳体与接触端子两种零件组成的汽车BCM模块外壳与连接器框口配合的连接器组件，本实用新型的外壳框口取代传统的BCM外壳，防水性与密封性均较好；PIN模块取代传统的框口连接器，塑胶结构简单，连接器工艺优化，降低产品制造难度及报废率。
24. 203103690 一种可预固定于PCB的板端连接器
CN
31.07.2013
H01R 13/73 Loading...
H01R 13/73
Loading...
201220743526.5
上海徕木电子股份有限公司
朱新爱
H01R 13/73
Loading...
本实用新型涉及一种可预固定于PCB的板端连接器，该板端连接器包括壳体以及固定在壳体上的接触端子，所述的壳体上设有定位柱，所述的接触端子和定位柱分别穿过设在PCB上的端子孔和定位孔实现定位，所述的接触端子和定位柱的端部均设有卡扣。与现有技术相比，本实用新型通过卡扣设计使得连接器可以在未焊接前牢固的固定于PCB上，不会产生偏位、松动等情况，使得产品的良品率高，适合大规模批量生产。
25. 203103559 一种双面焊接型汽车连接器
CN
31.07.2013
H01R 12/52 Loading...
H01R 12/52
Loading...
201220748562.0
上海徕木电子股份有限公司
朱新爱
H01R 12/52
Loading...
本实用新型涉及一种双面焊接型汽车连接器，该连接器的两端均与PCB焊接连接，形成双层板组件，实现两层PCB板之间的电路回路，连接器由塑胶壳体及接触端子组成，塑胶壳体为注塑成型的壳体，在壳体上开设有定位孔；接触端子为冲压成的双阶梯的过盈干涉结构，卡设连接在塑胶壳体上。与现有技术相比，本实用新型改进了端子和注塑件的组装干涉结构，从而能够提高生产效率、降低成本、提高产品可靠性。
26. 203103576 一种新型塑胶孔结构的汽车连接器
CN
31.07.2013
H01R 13/02 Loading...
H01R 13/02
Loading...
201320006067.7
上海徕木电子股份有限公司
朱新爱
H01R 13/02
Loading...
本实用新型涉及一种新型塑胶孔结构的汽车连接器，由塑胶壳体及嵌设在塑胶壳体内的接触端子构成，接触端子经PIN针孔嵌设在塑胶壳体内，连接器的一端与PCB板焊接连接，另一端与线束端连接器对插连接形成电器回路，其接触端子与PIN针孔为两面干涉连接。与现有技术相比，本实用新型对塑壳PIN孔干涉加以改进，由常规的四面干涉改为两面干涉，有效避免保持力过大或者过小的状况发生。
27. 203103592 一种单侧打断式新型鱼眼端子
CN
31.07.2013
H01R 13/24 Loading...
H01R 13/24
Loading...
201220743622.X
上海徕木电子股份有限公司
朱新爱
H01R 13/24
Loading...
本实用新型涉及一种单侧打断式新型鱼眼端子，该端子一端连接PCB板，另一端与线束端连接器对插连接，形成汽车电器的回路，所述的端子连接PCB板的一端侧面设有一缺口，呈单侧打断式鱼眼状。与现有技术相比，本实用新型具有可提高生产效率，降低成本，提高产品可靠性等优点。
28. 203103571 一种用于汽车连接器的PIN针
CN
31.07.2013
H01R 13/02 Loading...
H01R 13/02
Loading...
201220743435.1
上海徕木电子股份有限公司
朱新爱
H01R 13/02
Loading...
本实用新型涉及一种用于汽车连接器的PIN针，该PIN针与塑件连接，所述的PIN针包括PIN针本体和PIN针两端，所述的PIN针本体上设有卡点机构。与现有技术相比，本实用新型具有降低了注塑工艺难度，提高了生产效率，增强了产品包容性及稳定性等优点。
29. 203103573 一种侧壁凹入式鱼眼端子
CN
31.07.2013
H01R 13/02 Loading...
H01R 13/02
Loading...
201220748585.1
上海徕木电子股份有限公司
朱新爱
H01R 13/02
Loading...
本实用新型涉及一种侧壁凹入式鱼眼端子，一端与PCB板焊接连接，另一端与线束端连接器对插连接，形成电器回路，实现各电器部件间的数据通信，侧壁凹入式鱼眼端子主体为十字架结构，该十字架结构的上端的左右两侧开设有向内凹陷的凹槽。与现有技术相比，本实用新型将端子中间设计成侧壁凹入的结构，端子安装到PCB板时，端子两侧与PCB接触受力向内凹处挤压，优化了鱼眼端子与PCB孔的配合结构，避免端子在强应力下干涉过渡而机械性能屈服，提高连接的稳定性与可靠性，确保产品满足连接功能要求，同时侧壁凹入式鱼眼端子优化了与PCB板孔眼的接触面积，以满足电性能要求，本实用新型具有提高生产效率，降低成本，提高产品可靠性等优点。
30. 203103617 一种汽车连接器塑胶壳体的定位孔机构
CN
31.07.2013
H01R 13/46 Loading...
H01R 13/46
Loading...
201220743395.0
上海徕木电子股份有限公司
朱新爱
H01R 13/46
Loading...
本实用新型涉及一种汽车连接器塑胶壳体的定位孔机构，包括呈多排设置的多个定位孔，该定位孔的侧面上设有凸点。与现有技术相比，本实用新型具有降低了注塑工艺难度，提高了生产效率，增强了产品可靠性稳定性等优点。
31. 203103637 一种三个框口组合型18PIN汽车连接器
CN
31.07.2013
H01R 13/514 Loading...
H01R 13/514
Loading...
201320003264.3
上海徕木电子股份有限公司
朱新爱
H01R 13/514
Loading...
本实用新型涉及一种三个框口组合型18PIN汽车连接器，包括外壳框口与PIN模块，PIN模块的一端与PCB板焊接连接，另一端与线束端连接器对插连接，形成电器回路，实现各电器部件间的数据通信，外壳框口设有三个，PIN模块设有三个，三个外壳框口卡合连接为一列，三个PIN模块分别为两个8PIN模块与一个2PIN模块，8PIN模块卡设在两端的外壳框口内，2PIN模块卡设在中间的外壳框口内。与现有技术相比，本实用新型将三个框口连接器整合为一款，并适当优化结构，简化工艺，有效降低成本，并缩小产品在汽车组装模块中的占用空间，具有使用范围广、连接稳定性高等优点。
32. 102325204 一种滑盖式移动通信终端用弹开装置
CN
18.01.2012
H04M 1/02 Loading...
H04M 1/02
Loading...
201110136681.0
上海徕木电子股份有限公司
沈建强
H04M 1/02
Loading...
本发明涉及一种滑盖式移动通信终端用弹开装置，包括上盖板、下盖板、弹开模组及一键触发机构，上盖板、下盖板及弹开模组经铆接轴固定，上盖板及下盖板经弹开模组连接，该弹开模组处于蓄力状态，一键触发机构卡设在下盖板上，固定下盖板的位置。与现有技术相比，本发明增加了一键触发机构和适当的改进了弹开模组的条件下，使滑盖移动通信终端可以实现一键自动弹开，从而解决市场上已有的滑盖移动通信终端在使用时滑出呆滞，必须操作助力才能滑开以及终端较厚的缺陷，可使滑盖移动通信终端一键自动弹开，令滑盖移动通信终端的滑出简单流畅，增加了滑盖手机滑动的灵动感和新颖性。
33. 102306876 一种采用高密度插针的连接器
CN
04.01.2012
H01R 13/02 Loading...
H01R 13/02
Loading...
201110136676.X
上海徕木电子股份有限公司
沈建强
H01R 13/02
Loading...
本发明涉及一种采用高密度插针的连接器，该连接器由插针、胶芯及金属外壳构成，胶芯设在金属外壳内，插针分成上下两排插设在胶芯内。与现有技术相比，本发明采用防呆结构，限制了插针的插入方向，上排和下排孔只能插入相对应之插针，避免了插针错误导致产品不良而又较难识别的缺点。
34. 202025891 一种便于焊接的新型手机电池连接器
CN
02.11.2011
H01R 13/02 Loading...
H01R 13/02
Loading...
201120095532.X
上海徕木电子股份有限公司
沈建强
H01R 13/02
Loading...
本实用新型涉及一种便于焊接的新型手机电池连接器，该电池连接器由塑胶体及端子组成，塑胶体为长方体结构，塑胶体上开设有2～4个卡槽，端子卡设在塑胶体上的卡槽内。与现有技术相比，本实用新型改变了端子焊接处的结构，有利地解决了爬锡现象，从而不会影响端子的接触性能。
35. 102185201 Stably-produced audio connector with novel structure
CN
14.09.2011
H01R 13/02 Loading...
H01R 13/02
Loading...
201110048811.5
Shanghai Laimu Electronics Co., Ltd.
Shen Jianqiang
H01R 13/02
Loading...
The invention relates to a stably-produced audio connector with a novel structure. The audio connector consists of a plastic body and six contact terminals, wherein the six contact terminals are clamped at the top, bottom and two sides of the plastic body respectively; the top and bottom of the plastic body are provided with a clamping point respectively; the left and right sides of the plastic body are provided with two clamping points respectively; and the contact terminals are buckled fixed terminals, and are plugged into the clamping point of the plastic body to be connected to the plastic body in a buckling way to form the audio connector. Compared with the prior art, the audio connector changes the mode of interference raised points of the contact terminals into a folding mode, and ensures the shape of a mould edge for punching the raised points, thereby avoiding the mould edge being easily broken and increasing the area of contact with a plug in the production process of the terminals of the connector. The contact terminals are all fixed in the buckling way, the first contact terminal is arranged at the bottom, and may not fall after welding, and interface plugging ends on the plastic body are changed to be streamline-shaped so as to be adapted to more shells.
36. 201975544 一种柔性印刷电路用连接器
CN
14.09.2011
H01R 12/77 Loading...
H01R 12/77
Loading...
201020674101.4
上海徕木电子科技有限公司
朱新爱
H01R 12/77
Loading...
本实用新型涉及一种柔性印刷电路用连接器，包括塑胶本体、上排端子、下排端子及旋转塑体，塑胶本体为琴键式结构，上部设有卡槽，两侧设有卡槽，上排端子经塑胶本体上部的卡槽卡设在塑胶本体上部，下排端子两端经塑胶本体两侧的卡槽插设在塑胶本体下部，旋转塑体卡设在塑胶本体的琴键式结构上。与现有技术相比，本实用新型将干涉凸点直接设置在端子构件的下梁上，让产品端子接触处不存在刀口薄的问题，从而避免了连接器端子在生产过程中刀口容易折断的问题，节约了成本，并且大大提高了使用寿命。
37. 201838750 一种采用高密度插针的连接器
CN
18.05.2011
H01R 12/55 Loading...
H01R 12/55
Loading...
201020242315.4
上海徕木电子股份有限公司
彭超
H01R 12/55
Loading...
本实用新型涉及一种采用高密度插针的连接器，该连接器由插针、胶芯及金属外壳构成，插针头部插设在胶芯上，金属外壳套设在胶芯及插针外部，胶芯设在金属外壳的前侧端面上，插针的尾部设在金属外壳的后侧端面的外部。与现有技术相比，本实用新型采用双排插针结构，可以实现高密度同排输出，并且能够保证产品的稳定性，还节省了空间，与印刷电路板间可采用直插或侧插方式连接，使用方便，适用范围较广，具有弹性结构的金属外壳能够有效控制插拔力。
38. 201833546 一种高温塑胶成型的热流道注塑模具中的喷嘴
CN
18.05.2011
B29C 45/27 Loading...
B29C 45/27
Loading...
201020565966.7
上海徕木电子股份有限公司
朱新爱
B29C 45/27
Loading...
本实用新型涉及高温塑胶成型的热流道注塑模具，特别是一种高温塑胶成型的热流道注塑模具中的喷嘴。它包括由定位部隔成上下两段的圆柱形模具零件，该圆柱形模具零件上下两段分别套设有加热圈；所述的定位部外端面加工有凹槽。它主要解决现有加热喷嘴的一段加热圈无法确保模具达到330℃-400℃的成型高温，且成型温度不太稳定的技术问题，而且可减小与注塑模具装配时的接触面积。
39. 201788722 一种三回路并行的轮速传感器线束
CN
06.04.2011
H01B 7/00 Loading...
H01B 7/00
Loading...
201020225067.2
上海徕木电子科技有限公司
朱新爱
H01B 7/00
Loading...
本实用新型涉及汽车轮速传感器线束，特别是一种三回路并行的轮速传感器线束。它包括一束七芯电线，该七芯电线一端将电线分为三束分支，所述的分线处通过三合一Molding卡扣定位。所述的三回路并行的轮速传感器线束，其特征在于：所述的七芯电线具有七根导体，该七根导体分别穿设在绝缘材料中，且穿设在绝缘材料中的导体外设有护套。它主要解决现有轮速传感器线束的单一回路结构已不能满足整车内线束布置的要求的技术问题，它可优化布线结构，减少布线空间及整车质量，有利于汽车系统轻型及微型的发展趋势需求。
40. 201784904 一种电子产品包装中使用的载带机构
CN
06.04.2011
B65D 73/02 Loading...
B65D 73/02
Loading...
201020282676.1
上海徕木电子股份有限公司
朱新爱
B65D 73/02
Loading...
本实用新型涉及电子产品包装结构，特别是一种电子产品包装中使用的载带机构。所述的载带以型腔为单位分为若干单元，相邻的型腔间冲设有条形孔。所述的载带型腔侧壁设有小凸台。所述的载带型腔底部设有小凸台。所述的载带型腔底部具有加强筋。它主要解决宽度大于30mm的电子产品用载带包装时，其平面度不良率较高的技术问题，它能使得大尺寸电子产品用载带包装变为可能，载带包装有着很大的突破。
41. 201789090 一种采用双卡点过盈结构的排针连接器
CN
06.04.2011
H01R 12/51 Loading...
H01R 12/51
Loading...
201020225047.5
上海徕木电子股份有限公司
朱新爱
H01R 12/51
Loading...
本实用新型涉及汽车连接器，特别是一种采用双卡点过盈结构的排针连接器。它包括塑胶壳体和装配在塑胶壳体内的接触端子；其特征在于：所述的接触端子与塑胶壳体是双卡点过盈结构连接。所述的双卡点过盈结构中位于上方的第二卡点的过盈量大于下方的第一卡点。它主要解决现有的排针连接器中接触端子与塑胶壳体采用单卡点过盈结构，其保持力难达到要求的技术问题，通过结构改进能增加接触端子的保持力，产品品质稳定性及可靠性提高。
42. 201789100 一种三合一卡座
CN
06.04.2011
H01R 12/71 Loading...
H01R 12/71
Loading...
201020225018.9
上海徕木电子股份有限公司
朱新爱
H01R 12/71
Loading...
本实用新型涉及可插设SIM卡的卡座结构，特别是一种三合一卡座。它包括下层TF卡端子、下层SIM卡端子、上层SIM卡端子、下层塑胶、上层塑胶、五金外壳；其中，该上层塑胶上成型有上层SIM卡端子，且上层塑胶与五金外壳之间形成第一插卡空间，该上层SIM卡端子的接触端位于第一插卡空间的边缘处；该下层塑胶上成型有下层SIM卡端子和TF卡端子，且上层塑胶与下层塑胶之间形成第二、三插卡空间，该下层SIM卡端子和TF卡端子的接触端子位于第二、三插卡空间的插口处。它主要解决现有手机双卡卡座和插卡使用中在手机内占用较大空间的技术问题，它应用于集成化、小型化、超薄型的双卡手机。
43. 201789713 一种金属屏蔽罩中框架和盖的配合连接机构
CN
06.04.2011
H05K 9/00 Loading...
H05K 9/00
Loading...
201020276733.5
上海徕木电子股份有限公司
朱新爱
H05K 9/00
Loading...
本实用新型涉及电子产品使用的防辐射、抗干扰金属屏蔽罩，特别是一种金属屏蔽罩中框架和盖的配合连接机构。所述的金属框架折边一面上具有凸点，金属框架折边对应于凸点位置的另一面为凹坑；所述的金属盖上具有对应于金属框架上凹坑的凸点。本实用新型主要解决现有金属屏蔽罩的框架和盖的凸点与孔的配合方式，实际生产中容易产生松动、响声，以及折边上加工的圆孔容易变形的技术问题，它提升了产品的质量。
44. 201784134 一种塑胶产品卡扣强制脱模的注塑模具
CN
06.04.2011
B29C 45/26 Loading...
B29C 45/26
Loading...
201020276731.6
上海徕木电子股份有限公司
朱新爱
B29C 45/26
Loading...
本实用新型涉及塑胶产品的注塑模具，特别是一种塑胶产品卡扣强制脱模的注塑模具。它包括定模和动模，所述的定模和动模之间连接由推杆；其特征在于：所述的推杆一端固定连接定模，另一端则穿入动模的复位腔内，该动模的复位腔内还设置一复位杠杆；所述的推杆另一端位于复位杠杆一端的上方，该复位杠杆另一端上方设置活动板推板；所述的动模的模板和活动板推板之间具有套设弹簧的弹簧导柱；该活动板推板连接一活动镶件的下端，该活动镶件的上端穿过动模模板。它主要解决现有强制脱模方式使用时，卡扣很容易在强制脱模时被拉断滞留于模具中，影响下一模的成型的技术问题，在模具注塑生产时，产品能顺利地从模具中顶出，控制了由于卡点倒扣问题产生的产品不良，提高了生产效率，降低了制作成本。
45. 201789092 一种汽车BCM连接器塑料壳体上用于装配端子的定位孔结构
CN
06.04.2011
H01R 12/58 Loading...
H01R 12/58
Loading...
201020225097.3
上海徕木电子股份有限公司
朱新爱
H01R 12/58
Loading...
本实用新型涉及一种汽车BCM连接器塑料壳体上用于装配端子的定位孔结构。该定位孔设置在塑料壳体上，其特征在于：所述的定位孔正面截面为梯形结构，所述T型结构定位孔内下端的小宽度插入部长度T1与端子的正面厚度T0相同，所述T型结构定位孔内上端的大宽度插入部长度T2是端子的厚度T0+0.04mm；所述的小宽度插入部长度T1的保持长度H1大于等于定位孔长度H的一半。它主要解决现有汽车BCM连接器塑料壳体上用于预插端子的定位孔采用同一直径(宽度)结构，因此，常常存在的预插配合困难的技术问题，它可降低装配难度，提高装配工作效率。
46. 201720314 一种增强冲子强度的厚料冲孔机构
CN
26.01.2011
B21D 28/24 Loading...
B21D 28/24
Loading...
201020188906.8
上海徕木电子科技有限公司
朱新爱
B21D 28/24
Loading...
本实用新型涉及冲模结构，特别是一种增强冲子强度的厚料冲孔机构。它由上模座、设置在上模座下方的上垫板、设置在上垫板下方的夹板、托料板、设置在托料板下方的下模板、设置在下模板下方的下垫板、设置在下垫板下方的下模座、上端由夹板固定且下端穿过托料板的导向孔及下模板的凹模刀口的凸模冲子组成；其特征在于：所述的夹板和托料板之间增设具有导向孔的托料导板，所述的凸模冲子也穿过托料导板的导向孔。它主要解决现有机构在冲裁时，凸模冲子的刀部易折损、弯曲变形的技术问题，它能增强冲子强度，并能够有效起到冲裁时，冲子导正、防止冲子刀部折损、弯曲变形，降低模具零件的报废率，从而提高生产力，延长模具寿命。
47. 201720328 一种厚料模具机构
CN
26.01.2011
B21D 37/10 Loading...
B21D 37/10
Loading...
201020196714.1
上海徕木电子科技有限公司
郑军
B21D 37/10
Loading...
本实用新型涉及厚料冷冲压的模具结构，特别是一种厚料模具机构。它包括上模座、下模座和设置在上下模座之间导向组件、冲子、限位装置、止高柱，下模座的下端面设置有垫脚；其特征在于：所述的导向组件穿过上模座和下模座之间平行设置的一止挡板使上下模座连接。本实用新型主要解决现有模具机构的脱料板的耐冲击性能不强，经常容易断裂，在受到向上成型力和侧向力时，模具的整体钢性不强，容易出现导向组件损坏，零件品质不稳定，以致于无法量产的技术问题，它简化模具结构，降低了成本。
48. 201725949 一种汽车连接器
CN
26.01.2011
H01R 13/46 Loading...
H01R 13/46
Loading...
201020225100.1
上海徕木电子股份有限公司
朱新爱
H01R 13/46
Loading...
本实用新型涉及电连接器，特别是一种汽车连接器。它包括塑胶壳体和定位于塑胶壳体内的接触端子，其特征在于：所述的塑胶壳体侧面的实体壁增加有通孔。在模具结构也同时增加位置和形状对应于上述通孔的定位柱，通过模具定位柱实现将端子固定位置。本实用新型主要解决现有汽车连接器在模内成型装配时，接触端子往往无法与塑胶壳体实现准确定位，造成产品质量下降的技术问题，从而实现降低注塑工艺难度，提高生产效率，增强端子位置定位可靠性。
49. 201725917 一种插Pin式板端连接器
CN
26.01.2011
H01R 12/20 Loading...
H01R 12/20
Loading...
201020196698.6
上海徕木电子科技有限公司
何皓
H01R 12/20
Loading...
本实用新型涉及电连接器，特别是一种插Pin式板端连接器。它包括连接器插接端、PCB和连接于二者之间的Pin针；其特征在于：Pin针针脚的焊接部具有棱面过渡结构。本实用新型主要解决现有插Pin式板端连接器的Pin针一般采用冲压成型，边角比较尖锐，以致于影响Pin针的上锡率，使用中容易产生虚焊现象的技术问题，它结构简单，却具有较好的使用效果。
50. 201720302 一种厚料金属冲压件的滑动折弯机构
CN
26.01.2011
B21D 11/00 Loading...
B21D 11/00
Loading...
201020189751.X
上海徕木电子科技有限公司
朱新爱
B21D 11/00
Loading...
本实用新型涉及金属零件的折弯加工装置，特别是一种厚料金属冲压件的滑动折弯机构。它包括具有冲子滑动穿孔的脱料板，及可在脱料板的滑动穿孔中滑动的前端具有折弯加工部的冲子；一具有穿孔的折弯入块，及可在折弯入块穿孔中滑动浮料块；其特征在于：所述的脱料板的滑动穿孔的前端上方设置一契块。它主要解决现有机构在折弯加工时，由于材料的回弹，以及冲子和模具穿孔的间隙，造成无法确保产品弯折到位的技术问题，有效的控制折弯成型角度不到位的缺点，降低产品的降低冲压件及产品的成本，从而提高产品的竞争力。
51. 201726435 一种超薄滑轨机构
CN
26.01.2011
H04M 1/02 Loading...
H04M 1/02
Loading...
201020145536.X
上海徕木电子股份有限公司
朱新爱
H04M 1/02
Loading...
本实用新型涉及具有滑轨的滑动机构，特别是一种超薄滑轨机构，主要应用于滑盖手机等电子产品。它包括左、右两侧对应设置有滑轨的上滑板和下滑板，其特征在于：所述的下滑板上开设有U型窗口；所述的弹簧部件设置在U型窗口中；该弹簧部件一端连接下滑板，另一端连接上滑板。它主要解决现有滑轨机构的三层结构的厚度不容易减低的技术问题，它既能保证滑轨强度，良好的滑动效果及稳定性，又能够使滑轨的厚度以及使用该种结构的滑轨手机厚度变薄。
52. 201721004 一种小型精密塑胶产品注塑模具的定位机构
CN
26.01.2011
B29C 45/26 Loading...
B29C 45/26
Loading...
201020196710.3
上海徕木电子股份有限公司
袁华乐
B29C 45/26
Loading...
本实用新型涉及模具定位结构，特别是一种小型精密塑胶产品注塑模具的定位机构。它包括母模仁和公模仁，其特征在于：所述的母模仁和公模仁的合模端面上设有由定位凸块和定位凹槽构成的定位机构。它主要解决现有定位机构不但结构件较多(需要配置精定位件)，而且无法保证模具有细小PIN对插、对靠或产品有同轴度、正位度等要求时的模具定位精度的技术问题，它适用于汽车连接器、手机、电脑等小型精密塑胶产品的注塑成型。
53. 201724970 一种汽车油门传感器电性测试机
CN
26.01.2011
G01R 19/00 Loading...
G01R 19/00
Loading...
201020202508.7
上海徕木电子科技有限公司
汤春树
G01R 19/00
Loading...
本实用新型涉及传感器的检测装置，特别是一种汽车油门传感器电性测试机。它由可编程控制器、伺服电机、减速机、人机界面、联轴器、原点感应器、转动轴和脚踏开关组成；所述的由可编程控制器的控制端连接操控的伺服电机依次通过减速机、联轴器连接安装有油门传感器的转动轴；所述的脚踏开关的控制信号输出端与可编程控制器的控制信号输入端连接，通过人机界面连接可编程控制器，所述的原点感应器安装在转动轴上；一测试油门传感器电压的电压表连接可编程控制器。它主要解决上述现有装置使用时，操作繁琐且精确度较低、测试人员较多的技术问题，具有运行稳定、操作简单、测试数据的精准、效率高及测试人员少等优点。
54. 201725911 一种汽车仪表连接器
CN
26.01.2011
H01R 12/16 Loading...
H01R 12/16
Loading...
201020225010.2
上海徕木电子股份有限公司
朱新爱
H01R 12/16
Loading...
本实用新型涉及应用于汽车连接器，特别是一种汽车仪表连接器。它包括塑胶壳体和定位于塑胶壳体内的接触端子；所述的塑胶壳体连接端周缘处设置有用于固定的螺钉安装柱；所述的螺钉安装柱周围具有三面加强筋结构。本实用新型主要解决现有汽车仪表连接器的螺钉安装柱的加强机构一字型连接壁，容易在使用一段时间后产生两侧偏斜变形的不良情况的技术问题，它对该类汽车仪表连接器的塑胶壳体的结构改进，以提高生产效率，降低成本，提高产品可靠性。
55. 201725999 一种带倒钩的自动变速器线束连接器
CN
26.01.2011
H01R 13/73 Loading...
H01R 13/73
Loading...
201020225029.7
上海徕木电子股份有限公司
朱新爱
H01R 13/73
Loading...
本实用新型涉及连接器技术领域，特别是一种带倒钩的自动变速器线束连接器。它包括前端为筒状体、后端边缘具有抵止部的的连接器塑壳，该连接器塑壳的筒状体内分布有若干从筒状体内贯穿到连接器塑壳后端的连接孔；所述的连接孔前端穿设端子，后端穿设导线，导线前端与端子后端连接；其特征在于：所述的连接器塑壳的筒状体外对称设置倾斜的具有弹性的倒钩。本实用新型主要解决现有的自动变速器线束连接器装入箱体后，自身不能固定，需要依靠附加的卡片或卡簧来加以固定，装配工艺复杂的技术问题，它可使自动变速器线束连接器与箱体配合直径减小，且固定安装十分方便。
56. 201725929 一种汽车仪表连接器接触端子
CN
26.01.2011
H01R 13/02 Loading...
H01R 13/02
Loading...
201020242331.3
上海徕木电子股份有限公司
朱新爱
H01R 13/02
Loading...
本实用新型涉及一种汽车仪表连接器接触端子，该接触端子的上端与PCB板焊接连接，下端插设于连接器上的塑胶孔内，接触端子的落料冲裁面设置对称的两级卡点结构，两级卡点结构包括一级过盈卡点及二级过盈卡点，一级过盈卡点设在二级过盈卡点的下部。与现有技术相比，本实用新型对接触端子进行了结构优化改善，端子与塑胶壳体为两级过盈配合，从而实现端子在塑胶壳体中达到一定的保持力，可适当降低塑胶壳体的精度要求，以降低工艺难度及材料要求，且随着过盈量的增大，保持力可明显增大，以保证产品的可靠性及寿命。
57. 201725943 一种性能稳定的手机接口连接器
CN
26.01.2011
H01R 13/42 Loading...
H01R 13/42
Loading...
201020242314.X
上海徕木电子股份有限公司
陈德喜
H01R 13/42
Loading...
本实用新型涉及一种性能稳定的手机接口连接器，连接器由接触端子、塑料本体及金属外壳组成，接触端子为阶梯状结构，与塑料本体卡设连接，金属外壳套设在塑料本体的外部。与现有技术相比，本实用新型将接触端子的预断区设计到水平凸台内的非功能面，从而避免了公端连接器端子在插拔过程中与此预断区域直接接触导致端子被插翻以及公端端子表面镀层被磨损掉甚至被插垮掉等不良现象，接触端子和塑胶本体的连接更加牢固，从而使得端子可以经得住多次的耐插拔且接触性更加地可靠，从而提升了产品性能，组成成本也较低。
58. 101934572 Small-space tapered wedge type internal-line injection mould
CN
05.01.2011
B29C 45/26 Loading...
B29C 45/26
Loading...
201010285610.2
Shanghai Laimu Electronics Co., Ltd.
Zhu Xinai
B29C 45/26
Loading...
The invention relates to an injection mould of a small-size plastic product, in particular to a small-space tapered wedge type internal-line injection mould. The small-space tapered wedge type internal-line injection mould comprises an A plate and a B plate, wherein a demoulding mechanism formed by a spring guide pillar and a spring and a demoulding stroke limit mechanism comprising a stroke limit rod are arranged between the A plate and the B plate. The small-space tapered wedge type internal-line injection mould is characterized in that a wedge provided with a T-shaped guide rail is used as a driving part; the upper end of the wedge is fixed on the A plate, and the lower end extends into a mould cavity of the B plate; and the B plate is provided with a sliding line and a sliding line guide rail press plate. The invention mainly solves the technical problem that the traditional small-size plastic product is more likely not to realize the normal demoulding injection moulding of the plastic product according to the habitual moulding mode of the injection mould and can well complete the smooth demoulding injection moulding of the plastic product.
59. 101934327 Punching process of box-shaped shielding case
CN
05.01.2011
B21D 53/80 Loading...
B21D 53/80
Loading...
201010293830.X
Shanghai Laimu Electronics Co., Ltd.
Zhu Xinai
B21D 53/80
Loading...
The invention relates to the manufacturing method of the metal shielding case product in the electronics industry, in particular to a punching process of a box-shaped shielding case. The process comprises the following working procedures: (1) punching a guide hole; (2) punching a middle hole; (3) performing semi-shearing; and (4) bending for forming, wherein the semi-shearing working procedure is to blank the entire product and then press the product back to the strip. By adopting the process of the invention, the continuous punching of box-shaped bending parts can be realized, the punching process is improved, the production efficiency is increased, the accuracy of the product is ensured, the cost is effectively reduced, and the market competitiveness of the product is improved.
60. 101905265 Scrap-bouncing preventing method for press tool
CN
08.12.2010
B21D 28/14 Loading...
B21D 28/14
Loading...
201010257768.9
Shanghai Laimu Electronics Co., Ltd.
Zhu Xinai
B21D 28/14
Loading...
The invention relates to a pressing and producing method for an accurate press tool in electronic industries, in particular to a scrap-bouncing preventing method for a press tool. The scrap bouncing preventing method for a press tool solves the problem of scrap bouncing by utilizing the tolerance range of blanking clearances and processing a slant groove on the inner wall of a cut mold. The invention has the advantages of directly improving product quality and production efficiency and reducing the manufacture cost of press products.
61. 101865039 Non-contact type automobile electronic throttle pedal
CN
20.10.2010
F02D 11/10 Loading...
F02D 11/10
Loading...
201010191199.2
Shanghai Laimu Electronic Co., Ltd.
Li Xiaoli
F02D 11/10
Loading...
The invention relates to a non-contact type automobile electronic throttle pedal, which comprises a pedal arm, a shaft, an outer spring, an inner spring, a spring base seat, a bottom seat, a magnetic body partition board, a magnetic body, a chip, a wiring terminal and a connector, wherein the shaft is arranged in the center of the lower end of the pedal arm, one end of the outer spring and the inner spring is connected with the bottom of the pedal arm, the other end of the outer spring and the inner spring is arranged in the spring base seat, the spring base seat is arranged on the bottom seat, the magnetic body partition board is arranged at the front part of the lower end of the pedal arm, the magnetic body is riveted and connected inside the magnetic body partition board, the chip is welded on the bottom seat through ultrasonic waves, and the wiring terminal and the connector are welded on the chip. Compared with the prior art, the invention ensures the requirements of the precision and the stability of products, avoids the abrasion and other problems generated in the contact type automobile electronic throttle pedal, perfectly ensures the linear precision and the stability of the products, simultaneously ensures long service life and high precision of the products, and solves the problems of fuel oil waste and potential personnel safety hidden trouble caused by abrasion.
62. 101867130 Harness connector with barb for automatic transmission
CN
20.10.2010
H01R 13/73 Loading...
H01R 13/73
Loading...
201010198892.2
Shanghai Laimu Electronic Co., Ltd.
Wu Guixin
H01R 13/73
Loading...
The invention relates to the technical field of the connector, in particular to a harness connector with barbs for an automatic transmission, which comprises a plastic connector shell. The front end of the plastic connector shell is a cylindrical body, the edge of the rear end of the plastic connector shell is provided with a propping part, and connecting holes penetrating from the cylindrical body to the rear end of the plastic connector shell are arranged in the cylindrical body of the plastic connector shell; and terminals penetrate through the front ends of the connecting holes, wires penetrate through the rear ends of the connecting holes, and the front ends of the wires are connected with the rear ends of the terminals. The harness connector is characterized in that inclined flexible barbs are symmetrically arranged outside the cylindrical body of the plastic connector shell. The invention mainly solves the technical problems that the existing harness connector of the automatic transmission can not fix after being placed into a box, the fixation of the harness connector needs additional clamp plates or clamp springs, and the assembly process is complex, and can reduce the matching diameter of the harness connector of the automatic transmission with the box. Moreover, the harness connector with the barbs can be fixedly installed very conveniently.
63. 101865038 Contact electronic accelerator pedal of car
CN
20.10.2010
F02D 11/10 Loading...
F02D 11/10
Loading...
201010191196.9
Shanghai Laimu Electronic Co., Ltd.
Wang Xingjiang
F02D 11/10
Loading...
The invention relates to a contact electronic accelerator pedal of a car, which comprises a pedal arm, a shaft, a spring body, a spring base, a base, a flexible resistance film, a fingertip-type electric brush, a wire connecting terminal, a forced downshift device and a connector, wherein the pedal arm is connected with the base through the shaft, and the upper end of the spring body is connected with the pedal arm; the lower part of the spring body is arranged in the spring base, and the spring base is arranged at one side of the bottom of the base; the flexible resistance film is arranged at the front part of the base, and the fingertip-type electric brush is connected with the flexible resistance film through an electric brush fixing seat; the wire connecting terminal is fixedly connected with the flexible resistance film through a fixing clamp, and the forced downshift device is arranged at the back side of the fixing clamp at the side of the base; and the connector is arranged at the front part of the base. Compared with the prior art, the invention responds the control position of the pedal foot-operated by a driver to an electric control unit of the car in proportion according to the facts, thereby controlling the amount of fuel and air input, ensuring full combustion of fuel, and realizing high-standard control requirements of tail gas.
64. 201523121 一种电子连接器的锁紧块结构
CN
07.07.2010
H01R 13/639 Loading...
H01R 13/639
Loading...
200920210422.6
上海徕木电子股份有限公司
朱新爱
H01R 13/639
Loading...
本实用新型涉及锁紧块结构，尤其是涉及电子连接器的锁紧块结构。该锁紧块通过塑胶件与接触件连接，其特征在于，所述的锁紧块一侧增设有突出块。它主要解决现有电子连接器紧锁块结构由于只能两端受力，距离较远，力量不均匀，锁紧件易发生“”变形，常常因为用力过大极易受力不均，导致锁紧块断裂的技术问题，产品的使用寿命长、易操作。
65. 201522289 一种汽车电子油门踏板位置传感器
CN
07.07.2010
G01D 5/165 Loading...
G01D 5/165
Loading...
200920077393.0
上海徕木电子股份有限公司
朱新爱
G01D 5/165
Loading...
本实用新型涉及一种汽车电子油门踏板位置传感器，该传感器包括外壳、接线端子、定位衬套、柔性电阻片、弹片、转动轴心、指尖式电刷片、回位弹簧及密封盖子，外壳固定在油门踏板底座上，接线端子设在外壳一侧，定位衬套设在外壳底部，柔性电阻片固定在接线端子的细缝间隙中，弹片导通电阻片和接线端子，转动轴心设在外壳内，指尖式电刷片设在转动轴心的顶端，卡入回位弹簧，固定密封盖子。本实用新型采用指尖式电刷和柔性电阻片接触的方式保证了产品即使长期使用产生磨损和其他问题后，仍能保证产品的线性精度，同时指尖式电刷也保证了产品的高寿命，即使在汽车长期的运行后也不会产生电阻和接触端子断开的安全隐患。
66. 201435476 一种桥型SIM卡座
CN
31.03.2010
H01R 12/22 Loading...
H01R 12/22
Loading...
200920072136.8
上海徕木电子股份有限公司
朱新爱
H01R 12/22
Loading...
本实用新型涉及手机用户身份识别的SIM卡座领域，特别是一种桥型SIM卡座。它包括塑胶的端子固定基座、一体嵌设在塑胶固定基座内的接触端子、以及设置在塑胶固定基座上端且与塑胶固定基座上端面之间形成SIM卡装卡形腔的五金外壳；其特征在于：该接触端子与主板的连接端设置在塑胶固定基座左右两侧，且塑胶固定基座下端面具有壁空位。它主要解决现有产品上与卡座上主板连接的端子为前后设置，使得塑胶固定基座底部与手机主板之间的空间不可利用，不利于手机朝小型化发展的技术问题，同时解决了连接器易变形的问题，在保证产品品质稳定性的前提下，又提高了实用性。
67. 201435754 一种带屏蔽罩装置的摄像头卡座
CN
31.03.2010
H04M 1/21 Loading...
H04M 1/21
Loading...
200920072139.1
上海徕木电子股份有限公司
朱新爱
H04M 1/21
Loading...
本实用新型涉及摄像头卡座，特别是一种带屏蔽罩装置的摄像头卡座。它包括有金属外壳、塑胶主体和金属端子，所述金属外壳卡嵌在塑胶主体外，所述塑胶主体内固定金属端子，其特征在于：所述金属外壳外再罩设一屏蔽罩；该屏蔽罩顶面设有摄像头置放孔且屏蔽罩内侧壁上设有横向双排凸点，所述的金属外壳外侧壁上设有对应于双排凸点的双排开孔。它主要解决现有摄像头卡座采用五金卡位方式，因为五金卡位方式摄像头屏蔽效果不太好，且卡入不够牢固的技术问题，本实用新型提高了产品在使用过程中的便携性，可以自由选择摄像头高度，且便于取放与后续维修。
68. 201435085 一种一体模内成型式TF储存卡座
CN
31.03.2010
G06K 7/00 Loading...
G06K 7/00
Loading...
200920072138.7
上海徕木电子股份有限公司
朱新爱
G06K 7/00
Loading...
本实用新型涉及存储设备的卡座领域，特别是一种一体模内成型式TF储存卡座。它包括塑胶本体、多功能接触件和五金屏蔽罩；其特征在于：所述的多功能接触件包括一金属框架，该金属框架内连接排列有接触片，该金属框架两侧分别对应设置加强扣孔和限位片和定位片；该五金屏蔽罩内侧两端设有对应设置的加强扣，该加强扣扣入与塑胶本体一体模内成型的多功能接触件的加强扣孔内。主要解决现有产品的抽引式滑动结构由于塑胶材质本身质地问题，在五金屏蔽罩与塑胶本体的滑配使用中，塑胶本体部分的滑动结构(如滑动槽)常常容易磨损，造成产品损坏的技术问题，而且有利于将产品厚度减小。
69. 201435084 一种沉板式TF储存卡座
CN
31.03.2010
G06K 7/00 Loading...
G06K 7/00
Loading...
200920072137.2
上海徕木电子股份有限公司
朱新爱
G06K 7/00
Loading...
本实用新型涉及存储设备卡座结构，特别是一种沉板式TF储存卡座。它包括塑胶本体、接触端子、定位五金和五金罩，其特征在于：所述的接触端子与定位五金连接成一体，且定位五金设置在与接触端子和定位五金注塑成型的塑胶本体两侧；该五金罩通过定位五金扣设在塑胶本体周围设置的限位槽上；该塑胶本体下端沉设入主板上留有沉板孔中。它主要解决现有产品TF卡座都是直接帖在主板上，这样占用一定的厚度和硬件摆件的区域的技术问题，本实用新型可以有效降低配套手机或手机板的厚度2mm以上，便于手机朝超薄方向发展。
70. 201414140 一种免SMT焊接双排SIM卡座
CN
24.02.2010
H04M 1/02 Loading...
H04M 1/02
Loading...
200920068942.8
上海徕木电子股份有限公司
朱新爱
H04M 1/02
Loading...
本实用新型公开了一种免SMT焊接双排SIM卡座，包括塑胶主体、端子、五金外壳，所述SIM卡座还包括排线，该SIM卡座的端子与手机的PCB板之间通过所述排线焊接相连。在制造工艺上取代了SMT焊接，从而解决了SIM卡座在SMT贴片制程中的塑胶主体变形、起泡以及平面度不良等情况。本新型SIM卡座的端子位于同侧，是同向连接方式，便于端子和排线的焊接。本新型SIM卡座的五金外壳上设置三个定位扣，可有效防止五金外壳的脱落。
71. 201413881 一种薄型USB插头
CN
24.02.2010
H01R 12/14 Loading...
H01R 12/14
Loading...
200920068943.2
上海徕木电子股份有限公司
朱新爱
H01R 12/14
Loading...
本实用新型涉及手机数据传输装置，特别是一种薄型USB插头。它由塑料上壳、塑胶下壳和设置在上下壳之间的具有接插体的FPC组件构成；其特征在于：所述的塑料上壳或塑胶下壳上具有位置对应于手机内USB插头限位柱的限位槽。它主要解决现有内置式手机USB插头在拔出时没有拉出长度的限位，常常容易造成排线损坏或排线脱离PCB板的情况的技术问题，提高了产品的使用寿命。
72. 201412495 一种新型连杆式位置调整装置
CN
24.02.2010
F16H 57/00 Loading...
F16H 57/00
Loading...
200820157850.2
上海徕木电子股份有限公司
朱新爱
F16H 57/00
Loading...
本实用新型涉及一种新型连杆式位置调整装置，所述的调整装置包括拉杆、滑块，所述的拉杆一端表面设有60°三角直线槽，所述的滑块设有底座、扣合件，所述的底座与扣合件一端连接，另一端设置扣合连接，所述的底座与扣合件相接面均设有凹槽，该凹槽表面设有60°三角直线槽，所述的拉杆一端表面设有的60°三角直线槽与凹槽表面设有的60°三角直线槽等大，所述的滑块通过凹槽与拉杆卡合连接。与现有技术相比，本实用新型的优点包括：操作方便；使用环境要求低；加工简单成本低；拉强度设计简单。
73. 201362384 一种点数机
CN
16.12.2009
B65B 65/08 Loading...
B65B 65/08
Loading...
200820158043.2
上海徕木电子股份有限公司
朱新爱
B65B 65/08
Loading...
本实用新型涉及一种点数机，该点数机包括放料装置、收料装置、红外线点数装置、计数装置、产品轨道，所述的产品轨道设在放料装置与收料装置之间，所述的红外线点数装置设在产品轨道两侧，所述的计数装置与红外线点数装置连接，所述的计数装置与收料装置连接。与现有技术相比，本实用新型的优点包括：受外界干扰影响小，点数准确；用高速高灵敏多功能计数器，可任意设定标准数值，当计数数值与设定数值相等时，给出一个停止信号；收料装置可以无级调速，根据需要任意设定速度；整个机器轻巧方便，操作简单，造价成本低。
74. 201364170 一种具有新型封装结构的传感器
CN
16.12.2009
G01D 11/26 Loading...
G01D 11/26
Loading...
200820158308.9
上海徕木电子股份有限公司
朱新爱
G01D 11/26
Loading...
本实用新型涉及一种具有新型封装结构的传感器，该传感器包括盖子和壳体，所述的盖子底部周边设有环状凸筋，所述的壳体顶部周边设有环状“U”形槽，所述的盖子的环状凸筋与壳体的环状“U”形槽扣合连接。与现有技术相比，本实用新型的优点包括：封装方便；降低设备投入；使用安全可靠；密封性能好：盖子的环状凸筋与壳体的环状“U”形槽扣合在一起，加上胶水的粘接，就非常有效地阻挡了外界异物(如灰尘、水、油等)的侵入，保证了内部电子元件能处于密封环境下工作。
75. 201361662 一种用于电子产品金属件模具的仿型导料结构
CN
16.12.2009
B21D 37/12 Loading...
B21D 37/12
Loading...
200820158047.0
上海徕木电子股份有限公司
朱新爱
B21D 37/12
Loading...
本实用新型涉及一种用于电子产品金属件模具的仿型导料结构，包括至少两块仿型板，所述的至少两块仿型板相互拼合，构成用于在不同高度固定至少两件金属件毛坯的空间。本实用新型在不提高冲压机台速度的情况下，就达到了降低成本的结果，并且提高了生产力，也适用于规模化生产。
76. 201364235 测试光电成像系统解像力的电视线图表板
CN
16.12.2009
G01M 11/00 Loading...
G01M 11/00
Loading...
200820158307.4
上海徕木电子股份有限公司
朱新爱
G01M 11/00
Loading...
本实用新型涉及测试光电成像系统解像力的电视线图表板，该图表板包括底板、边框子板、线对簇子板、信息子板，所述的边框子板、线对簇子板、信息子板均设在底板上方，且与底板固定连接。与现有技术相比，本实用新型的优点包括：可以定量测试待测光学系统的解像力；通用性好；不存在因为chart大小而限制对焦距离；成本低廉；更能清楚表达测试区域的成像情况；不受像素多少和清晰度的限制；有Chart信息，更加适合量产。
77. 201364169 一种具有新型安装结构的传感器
CN
16.12.2009
G01D 11/24 Loading...
G01D 11/24
Loading...
200820158044.7
上海徕木电子股份有限公司
朱新爱
G01D 11/24
Loading...
本实用新型涉及一种具有新型安装结构的传感器，该传感器设有两侧耳，该两侧耳内嵌金属衬套，其特征在于，所述的传感器在两侧耳处分别增设两个环抱形加强筋，所述的内嵌金属衬套的端面露出侧耳表面。与现有技术相比，本实用新型的优点包括：安全可靠：新结构中扇形加强筋充分考虑了传感器的安装安全性，扇形加强筋避免了因外力引起传感器2个侧耳易被折断现象，使传感器结构更牢固、更可靠；使用方便：金属衬套的端面露出侧耳表面的结构使传感器在固定时安装(拧螺钉)更方便。
78. 101598572 Position sensor of electronic accelerator pedal of automobile
CN
09.12.2009
G01D 5/16 Loading...
G01D 5/16
Loading...
200910054064.9
Shanghai Laimu Electronic Co., Ltd.
Zhu Xinai
G01D 5/16
Loading...
The invention relates to a position sensor of an electronic accelerator pedal of an automobile, comprising a casing, a wiring terminal, a positioning bush, a flexible resistance piece, a spring piece, a rotating shaft core, a fingertip type electric brush piece, a return spring and a sealing cover, wherein the casing is fixed on a base of the accelerator pedal, the wiring terminal is arranged at one side of the casing, the positioning bush is arranged at the bottom of the casing, the flexible resistance piece is fixed in the fine seam clearance of the wiring terminal, the spring piece switches on the resistance piece and the wiring terminal, the rotating shaft core is arranged in the casing, the fingertip type electric brush piece is arranged at the top end of the rotating shaft core and is clamped into the return spring to fix the sealing cover. The invention adopts a contact mode of the fingertip type electric brush sheet and the flexible resistance piece to ensure that the linear precision of a product can still be ensured even if the product generates abrasion and other problems after being used for a long time, the fingertip type electric brush also ensures the high life of the product, and the potential safety hazard of the disconnection of a resistor and a contact terminal can not be generated even if the automobile runs for a long time.
79. 201332156 一种多功能简易式电池连接器
CN
21.10.2009
H01R 13/193 Loading...
H01R 13/193
Loading...
200820158045.1
上海徕木电子股份有限公司
朱新爱
H01R 13/193
Loading...
本实用新型涉及一种多功能简易式电池连接器，该连接器包括端子与塑胶本体，所述的端子与塑胶本体卡合连接，所述的塑胶本体两侧设有热熔孔。与现有技术相比，本实用新型的优点包括：封装方便；降低设备投入；使用安全可靠；密封性能好：盖子的环状凸筋与壳体的环状“U”形槽扣合在一起，加上胶水的粘接，就非常有效地阻挡了外界异物(如灰尘、水、油等)的侵入，保证了内部电子元件能处于密封环境下工作。
80. 201332157 一种新型手机电池连接器
CN
21.10.2009
H01R 13/193 Loading...
H01R 13/193
Loading...
200820158046.6
上海徕木电子股份有限公司
朱新爱
H01R 13/193
Loading...
本实用新型涉及一种新型手机电池连接器，包括塑胶壳体、数个弹性端子以及金属片，所述的塑胶壳体上设有数个Pin孔以及倒刺，所述的数个弹性端子通过Pin孔以及倒刺干涉配合固定于塑胶壳体内，所述的金属片通过倒刺固定于塑胶壳体内，其特征在于，所述的Pin孔与Pin孔之间的距离B为最外侧的Pin孔中心到塑胶壳体侧边距离A的两倍。与现有技术相比，本实用新型提高了产能，减少了报废数量，节省了成本且提升了产品的品质。
81. 201325151 一种潜伏式进浇注塑滑块
CN
14.10.2009
B29C 45/27 Loading...
B29C 45/27
Loading...
200820158051.7
上海徕木电子股份有限公司
朱新爱
B29C 45/27
Loading...
本实用新型涉及一种潜伏式进浇注塑滑块，包括滑块本体、至少一个潜伏式浇注孔道，所述的滑块本体具有一分型面，该分型面上设有一与注塑产品相适配的成型槽，所述的分型面上设有浇注用支流流道，所述的潜伏式浇注孔道的入口设于支流流道的末端，其出口设于成型槽的内壁上。与现有技术相比，本实用新型将浇注系统设置在滑块上做潜伏式浇孔，简化了模具结构，注塑生产时能实现自动化生产，啤出塑件时免除了剔除浇口的后道工序，提高了生产能力，降低了制作成本。
82. 201325147 一种用于生产精密电子产品细小连接器塑壳的注塑模具
CN
14.10.2009
B29C 45/26 Loading...
B29C 45/26
Loading...
200820158049.X
上海徕木电子股份有限公司
朱新爱
B29C 45/26
Loading...
本实用新型涉及一种用于生产精密电子产品细小连接器塑壳的注塑模具，包括公模、母模、保护件、滑块、斜导柱、弹性复位件、滑块锁紧块，所述的保护件包括固定柄、保护片，所述的保护片固定于固定柄的前端，所述的滑块的前侧面设有一与固定柄相适配的凹槽，所述的固定柄固定于凹槽内，所述的滑块上设有至少一个贯通顶面以及底面的斜孔，该斜孔内设置斜导柱，该斜导柱的头端各设有一圆柱形的柄部，所述的滑块的底面向上设有一个垂直孔，所述的弹性复位件设于垂直孔内，所述的滑块锁紧块与滑块后侧面相抵。本实用新型大幅度提高了生产效率，降低了模具制造成本，从而降低了连接器产品塑壳的成本。
83. 201325146 一种大角度斜梢注塑模具
CN
14.10.2009
B29C 45/26 Loading...
B29C 45/26
Loading...
200820158048.5
上海徕木电子股份有限公司
朱新爱
B29C 45/26
Loading...
本实用新型涉及一种大角度斜梢注塑模具，包括模具本体、顶杆、底座，所述的模具本体自上而下依次设有相连的斜梢成型孔道、顶杆孔道以及底座孔道，所述的顶杆、底座分别设于顶杆孔道以及底座孔道内，所述的顶杆的下端与底座活动连接，顶杆的上端探出于斜梢成型孔道的底部。与现有技术相比，本实用新型提高了生产能力，降低了制作成本，通用性强，性能可靠等优点。
84. 201325157 一种注塑模具高精度斜顶结构
CN
14.10.2009
B29C 45/40 Loading...
B29C 45/40
Loading...
200820158050.2
上海徕木电子股份有限公司
朱新爱
B29C 45/40
Loading...
本实用新型涉及一种注塑模具高精度斜顶结构，包括顶棍、可由顶棍推动的顶针板、位于顶针板上方的模仁、斜顶杆、弹性复位件以及斜顶锁紧块、定位架，所述的斜顶杆斜向上穿过顶针板以及模仁，所述的弹性复位件设于顶针板以及模仁之间，所述的模仁的一面设有斜向上的孔槽，所述的斜顶锁紧块固定于模仁孔槽旁，其与模仁孔槽的相对面与孔槽相平行，构成可容斜顶杆穿过的斜孔，所述的定位架固定于顶针板的底面上，所述的斜顶杆的下端通过一定位销枢接于定位架上，其上端经顶针板穿入斜孔内。与现有技术相比，本实用新型配合精度高、寿命长，拆装方便。
85. 201327446 一种中控锁寿命自动测试机
CN
14.10.2009
G01M 17/007 Loading...
G01M 17/007
Loading...
200820157851.7
上海徕木电子股份有限公司
朱新爱
G01M 17/007
Loading...
本实用新型涉及一种中控锁寿命自动测试机，该测试机包括电气配线箱、固定盘、拉杆、旋转臂、两个近接式传感器、控制器、电源，所述的固定盘、拉杆、旋转臂、近接式传感器、控制器、电源均设在电气配线箱上，所述的拉杆与固定盘连接，所述的旋转臂与拉杆连接，所述的控制器与两个近接式传感器控制连接。与现有技术相比，本实用新型的优点包括：该机器运行可靠，结构紧凑，节省空间；自动保护功能，使其在寿命测试中故障自动报警及自动停机；实现了自动切换门锁内电机正负极使电机实现正反转从而达到自动开门关门的自动生产化；阻力可调。
86. 201327874 一种新型铁方块接线柱
CN
14.10.2009
H01R 4/28 Loading...
H01R 4/28
Loading...
200820158042.8
上海徕木电子股份有限公司
朱新爱
H01R 4/28
Loading...
本实用新型涉及一种新型铁方块接线柱，该铁方块接线柱包括铁方框、铁块，所述的铁方框顶部设有小孔，两侧面上方设有卡槽，所述的铁块中心设有小孔，两端设有凸起，所述的铁块的凸起卡合在铁方框的卡槽内，所述的铁方框两侧面底部均设有连接件。与现有技术相比，本实用新型的优点无论从电子电器件本身还是总体电器件来说都提高了使用寿命，机构强度提高，能重复使用，而且加工方便；就成本而言大大的降低了零件的成本，更具市场竞争力；从另外一方面考虑，更具有总体电子电器的安全性，提高了人们对电子电器配件总的安全认识。
87. 101551258 Sensor with novel mounting structure
CN
07.10.2009
G01D 11/24 Loading...
G01D 11/24
Loading...
200810207980.7
Shanghai Laimu Electronic Co., Ltd.
Zhu Xinai
G01D 11/24
Loading...
The invention relates to a sensor with novel mounting structure. The sensor is provided with two side lugs, which are embedded with metal linings inside. The sensor is characterized by being provided with two surrounding strengthening ribs additionally at the two side lugs; and the end faces of the embedded metal linings expose out of the surface of the side lugs. Compared with the prior art, the sensor has the advantages of: safety and reliability: in the new structure, the sector strengthening ribs fully serve for the mounting safety of the sensor and avoids the phenomenon that the two side lugs of the sensor are easily broken off due to external force, thus leading the structure of the sensor to be firmer and more reliable; convenient use: the structure that the end faces of the metal linings expose out of the surface of the side lugs leads the installation (screwing bolts) to be more convenient when the sensor is fixed.
88. 101510658 Connecting component for mobile phone battery
CN
19.08.2009
H01R 33/00 Loading...
H01R 33/00
Loading...
200810207981.1
Shanghai Laimu Electronic Holdings Co., Ltd.
Zhu Xinai
H01R 33/00
Loading...
The invention relates to a mobile phone battery connector, which comprises a plastic shell, a plurality of flexible terminals and a sheet metal. A plurality of Pin holes and a barb are arranged on the plastic shell; the flexible terminals are fixed in the plastic shell by the interference fit of the Pin holes and the barb; and the sheet metal is fixed in the plastic shell by the barb. The mobile phone battery connector is characterized in that the distance B between every two Pin holes is two times of the distance A from the center of the Pin hole at the outmost side to the side of the plastic shell. Compared with the prior art, the mobile phone battery connector increases production capacity, reduces the number of the scrapped, saves cost and improves the product quality.
89. 101508160 Injection die capable of precise electronic product subtilis connector plastic shell
CN
19.08.2009
B29C 45/26 Loading...
B29C 45/26
Loading...
200810207984.5
Shanghai Laimu Electronic Holdings Co., Ltd.
Zhu Xinai
B29C 45/26
Loading...
The invention relates to an injection molding die for producing a plastic shell of a thin and small connector of a precision electronic product, which comprises a male die, a female die, a protective piece, a sliding block, an angle pin, an elastic resetting piece and a sliding block locking block, wherein the protective piece comprises a fixed handle and a protective sheet; the protective sheet is fixed on the front end of the fixed handle; the front side face of the sliding block is provided with a groove matched with the fixed handle; the fixed handle is fixed in the groove; the sliding block is provided with at least one slant hole running through a top face and a bottom face; the inside of the slant hole is provided with the angle pin; both the head ends of the angle pin are provided with a cylindrical handle part; the bottom face of the sliding block is provided with a vertical hole; the elastic resetting piece is arranged in the vertical hole; and the sliding block locking block is pressed against the back side face of the sliding block. The die greatly improves product efficiency and reduces die manufacturing cost, thereby reducing the cost of the plastic shell of the connector product.
90. 101507999 Profile-modeling material guiding structure for electronic product metalwork die
CN
19.08.2009
B21D 37/10 Loading...
B21D 37/10
Loading...
200810207982.6
Shanghai Laimu Electronic Holdings Co., Ltd.
Zhu Xinai
B21D 37/10
Loading...
The invention relates to a copy material guiding structure for a metalwork die in electronic products, which comprises at least two copy plates. The at least two copy plates are mutually spliced to form a space for fixing at least two metalwork blanks at different heights. Under the condition of not improving the speed of a punching board, the copy material guiding structure reduces the cost, improves the productivity, and is suitable for scale production.
91. 101510635 Novel iron diamond binding post
CN
19.08.2009
H01R 4/28 Loading...
H01R 4/28
Loading...
200810207977.5
Shanghai Laimu Electronic Holdings Co., Ltd.
Zhu Xinai
H01R 4/28
Loading...
The invention relates to a novel iron cubic terminal post which comprises an iron frame and an iron block. A small hole is provided on the top of the iron frame and a clamping slot is arranged above two lateral surfaces. A small hole is provided at the center of the iron block, bulges are respectively arranged at two ends of the iron block. The bulges of the iron block are clamped in the clamping slot of the iron frame, and the bottoms of the two lateral surfaces of the iron frame are all provided with connecting pieces. Compared with the prior art, judging from whatever an electronic appliance per ser or the whole electric appliance, the iron cubic terminal post has the advantages: the service life is prolonged, the structure strength is improved, reuse is possible and the processing is convenient; the cost of the component is greatly decreased, thus having sharper market competitive edge; judging from another aspect, the safety of the whole electronic appliance is improved, so that the safety awareness of people to components of electronic appliances is improved.
92. 101508357 Number checking device
CN
19.08.2009
B65B 57/20 Loading...
B65B 57/20
Loading...
200810207978.X
Shanghai Laimu Electronic Holdings Co., Ltd.
Zhu Xinai
B65B 57/20
Loading...
The invention relates to a counting machine, which comprises a material emptying device, a material collecting device, infrared counting devices, a counting device, and a product track, wherein the product track is arranged between the material emptying device and the material collecting device; the infrared counting devices are arranged on both sides of the product track; the counting device is connected with the infrared counting devices; and the counting device is connected with the material collecting device. Compared with the prior art, the counting machine has the advantages that the counting machine is little influenced by external disturbance, has accurate counting, and uses a high-speed high-sensitivity multifunctional counter which can set a standard value at will, and when the counting value is equal to the set value, a stopping signal is given; the material receiving device can regulate speed steplessly and set the speed at will according to requirement; and the whole machine is light and convenient, simple in operation and low in manufacturing cost.
93. 101508163 High-precision ramp-roof structure for injection
CN
19.08.2009
B29C 45/40 Loading...
B29C 45/40
Loading...
200810207985.X
Shanghai Laimu Electronic Holdings Co., Ltd.
Zhu Xinai
B29C 45/40
Loading...
The invention relates to a high-precision angle ejection structure for injection, which comprises an ejector, an ejector plate which can be pushed by the ejector, a mold insert arranged above the ejector plate, an angle ejector rod, an elastic resetting piece, an angle form pin locking block, and a fixed bracket, wherein the angle ejector rod penetrates the ejector plate and the mold insert upward; the elastic resetting piece is arranged between the ejector plate and the mold insert; one side of the mold insert is provided with a hole slot inclined upward; the angle form pin locking block is fixed beside the hole slot of the mold insert; the face, opposite to the hole slot of the mold insert, of the angle form pin locking block is parallel to the hole slot to form an inclined hole allowing the angle ejector rod to pass through; the fixed bracket is fixed on the bottom of the ejector plate; the lower end of the angle ejector rod is pivoted on the fixed bracket through a positioning pin; and the upper end of the angle ejector rod is inserted into the inclined hole through the ejector plate. Compared with the prior art, the structure has high fit accuracy, long service life and convenient disassembly and assembly.
94. 101510641 Multifunctional simple type battery connector
CN
19.08.2009
H01R 13/40 Loading...
H01R 13/40
Loading...
200810207979.4
Shanghai Laimu Electronic Holdings Co., Ltd.
Zhu Xinai
H01R 13/40
Loading...
The invention relates to a multi-functional plain battery connector. The battery connector comprises a terminal and a plastic body. The terminal and the plastic body are connected in a blocking manner. The two sides of the plastic body are respectively provided with a hot melting hole. Compared with the prior art, the battery connector has the advantages of: convenient packaging, reduced device investment, safe and reliable usage and good sealing performance. As a circular convex rib of a cover is locked with a circular U-shaped slot of a casing, with the binding force of glue, the cover and the casing can effectively keep from the entry of foreign objects (e.g. dust, water, oil, etc.) from the outside and ensure that the operation of electronic components inside can be carried out under a sealed environment.
95. 101508162 Latent pouring die slide block
CN
19.08.2009
B29C 45/27 Loading...
B29C 45/27
Loading...
200810207986.4
Shanghai Laimu Electronic Holdings Co., Ltd.
Zhu Xinai
B29C 45/27
Loading...
The invention relates to a sliding block of a subsurface gating mold, which comprises a sliding block body and at least one subsurface pouring pore channel, wherein the sliding block body has a parting surface provided with a forming groove matched with an injection molded product and a branch flow channel for pouring; the inlet of the subsurface pouring pore channel is arranged at the end of the branch flow channel; and the outlet of the subsurface pouring pore channel is arranged on the inner wall of the forming groove. Compared with the prior art, the sliding block on which a pouring system is arranged as a subsurface pouring pore simplifies the structure of the mold, allows for automatic injection, saves a post working processor for eliminating a pouring opening during the shooting of plastic pieces, improves production capacity and reduces manufacturing cost.
96. 201268229 一种防醉酒驾车装置
CN
08.07.2009
B60K 28/06 Loading...
B60K 28/06
Loading...
200820152506.4
上海徕木电子股份有限公司
朱新爱
B60K 28/06
Loading...
本实用新型涉及一种防醉酒驾车装置，包括酒精传感器探头、酒精传感器、汽车电子控制系统，所述的酒精传感器探头与酒精传感器连接，所述的酒精传感器与汽车电子控制系统连接。与现有技术相比，本实用新型防醉酒驾车装置结构简单，通过测试驾驶员呼出气体的酒精含量直接控制汽车启动或汽车的行驶，有效地减少了交通事故，可广泛应用于各种大小汽车及其它交通工具。
97. 201270509 手机板
CN
08.07.2009
H04B 1/40 Loading...
H04B 1/40
Loading...
200820154060.9
上海徕木电子股份有限公司
朱新爱
H04B 1/40
Loading...
本实用新型提供了一种手机板，它由SIM卡连接器和PCB板连接组合而成，其中的SIM卡连接器为近似矩形的破板式结构件，其多个固定帖板设置在板厚的中间层面，PCB板中间设有一个与SIM卡连接器的大小适配的开孔，SIM卡连接器嵌装在该孔内，并且SIM卡连接器的底面与PCB板的底面平齐。本实用新型的手机板由于将SIM卡连接器嵌装在PCB板的开孔内，大大降低了产品的厚度，可以少占空间，有利于将手机产品小型化。
98. 101468369 Method and system for bending and molding hardware stamping part
CN
01.07.2009
B21D 21/00 Loading...
B21D 21/00
Loading...
200710173061.8
Shanghai Laimu Electronics Co., Ltd.
Zhu Xinai
B21D 21/00
Loading...
The invention relates to a method and a system for bending and molding a hardware stamping part. The method comprises four steps of clamping, guiding, bending and calibration. The system comprises a mould part and a control part, wherein the mould part consists of a guide mould, a bending mould core, a calibration mould core and a stamping head swinging block; the guide mould is provided with a guide passage; the stamping head swinging block is positioned in the guide passage; the outside diameter of the stamping head swinging block is slightly less than the inside diameter of the guide passage; the bending mould core and the calibration mould core are arranged under the guide passage of the guide mould; the working face of the bending mould core is provided with an bended bevel gradually recessing from top end downwards to inside; the working face of the calibration mould core is provided with a calibration bevel gradually protruding from top downwards to outside; and the control part is used for controlling the distance between the moulds and the motion of a punch head. The system mainly solves the technical problems that the prior bending and calibration mechanism needs to be carried out in two different working stations, and has good actual application effect.
99. 101468510 Small terminal and material belt integral built-in injection mold
CN
01.07.2009
B29C 45/26 Loading...
B29C 45/26
Loading...
200710173062.2
Shanghai Laimu Electronics Co., Ltd.
Zhu Xinai
B29C 45/26
Loading...
The invention relates to the technical field of metal terminal embedded type injection molding of a connector of an electronic product, in particular to a small terminal and feed belt integrally embedded type injection mould. The mould is characterized in that the small metal terminal and a feed belt are put into a male mould of the injection mould; and a product is formed through the injection molding of a matched mould of a female mould of the injection mould. The injection mould mainly solves the problems that in the small terminal and feed belt embedded type injection mould, the small terminal has long placement time to cause longer injection molding cycle; therefore, the technical problems of low product production capacity and high manufacturing cost are overcome; and the small terminal and feed belt integrally embedded type injection mould has strong universality and reliable performance.
100. 101464167 Sensor with novel packaging structure
CN
24.06.2009
G01D 11/24 Loading...
G01D 11/24
Loading...
200810204906.X
Shanghai Laimu Electronics Co., Ltd.
Zhu Xinai
G01D 11/24
Loading...
The invention relates to a sensor provided with a novel packaging structure. The sensor comprises a lid and a housing; a ring-shaped convex rib is arranged at the periphery of the bottom part of the lid; a ring-shaped U-shaped groove is arranged at the periphery of the top part of the housing; and the ring-shaped convex rib on the lid is in buckling connection with the ring-shaped U-shaped groove on the housing. Compared with the prior art, the invention has the following advantages: the packaging is convenient; the investment in equipment is reduced; the use is secure and reliable; the sealing performance is superior; and the ring-shaped convex rib on the lid is in buckling connection with the ring-shaped U-shaped groove on the housing and is attached to the groove with glue, so that foreign objects (such as dust, water, oil and the like) from outside can be effectively prevented from coming into the packaging structure, and the sensor ensures that electronic components inside the packaging structure can work in a sealed environment.
101. 101462139 Technique for designing metallic material stamping mold
CN
24.06.2009
B21D 37/10 Loading...
B21D 37/10
Loading...
200710172565.8
Shanghai Laimu Electronics Co., Ltd.
Zhu Xinai
B21D 37/10
Loading...
The invention relates to the technical field of die crossing and material overlapping mode, in particular to a design process for a metal material punching die. The material overlapping mode comprises: copper of 0.3 millimeter and sliver alloy of 0.07 millimeter or two bars of palladium and copper are oppositely sent into a set of die from left and right in different sending distances by a feeder respectively, and the two different products are riveted together and discharged from the right end of the die. The design process mainly solves the technical problems in the prior art, belongs to the technical field of development of direct and novel application of die manufacturing technology for electronic metal products, can directly promote quality, improve productivity, and lower cost.
102. 101464208 Production method of television line diagram for testing photoelectronic imaging system resolution power
CN
24.06.2009
G01M 11/00 Loading...
G01M 11/00
Loading...
200810204905.5
Shanghai Laimu Electronics Co., Ltd.
Zhu Xinai
G01M 11/00
Loading...
The invention relates to a method for manufacturing a television line chart for testing the resolving power of a photoelectronic imaging system. The manufacturing method comprises the following steps: gathering parameters for manufacturing the chart, and calculating the optimal focusing distance; calculating the line pair length of the possible measuring range of the optical system according to the parameters; filming the manufactured line pair with an optical imaging system to be tested, and taking 80% of the ultimate resolution line pair as the basis; testing whether the resolving limit of the filming area falls in the line pair, and if yes, measuring the size of the chart in the focusing position; and determining the optimal line pair combination in all the areas for manufacturing the chart. Compared with the prior art, the invention has the following advantages: the resolving power of the optical system to be tested can be subjected to a quantitative test; the universality is good; the problem that the focusing distance is limited by the size of the chart is solved; the cost is low; the imaging conditions of the testing areas can be reflected more clearly; the invention can not be limited by the number of pixels or the definition; and with the Chart information, the invention is more suitable for mass production.
103. 101451916 Central control lock longevity automatic test machine
CN
10.06.2009
G01M 17/007 Loading...
G01M 17/007
Loading...
200810207783.5
Shanghai Laimu Electronic Co., Ltd.
Zhu Xinai
G01M 17/007
Loading...
The invention relates to an automatic test machine for service life of a control lock, including an electric distribution case, a fixed tray, a pull rod, a rotary arm, two adjacently-interconnected sensors, a controller and a power source; the fixed tray, the pull rod, the rotary arm, the adjacently-interconnected sensors, the controller and the power source are all provided over the electric distribution case, the pull rod is connected with the fixed tray, the rotary arm is connected with the pull rod, the controller is connected with the two adjacently-interconnected sensors. In contrast to prior art, the invention has the advantages of reliable operation of the machine, compact structure, saved space; automatic protection function thereof realizes automatic alarm and automatic shutoff upon failures in the process of testing service life, which achieves automatic switch of positive and negative poles of the motor within a door lock to realize positive and reverse rotation to thereby complete automatic production including automatic opening and closing of the door; and resistance is adjustable.
104. 201255805 卡座测试盒
CN
10.06.2009
G03B 43/00 Loading...
G03B 43/00
Loading...
200820151104.2
上海徕木电子股份有限公司
朱新爱
G03B 43/00
Loading...
本实用新型涉及卡座测试盒，该测试盒包括主体、销钉、挂钩、第一转轴、第一弹簧、压片、第一螺栓、压盖、第二弹簧、第二转轴、第二螺栓，所述的销钉固定在主体上，所述的挂钩通过第一转轴、第一弹簧与压盖连接，所述的压片通过第一螺栓固定在压盖上，所述的压盖通过第二转轴、第二弹簧与主体连接，所述的第二螺栓固定在主体上。与现有技术相比，本实用新型结构简单，操作方便，测试卡座(Socket)模组时对位准确，接触良好，信号可以顺利输出，很好地解决了原有卡座(Socket)模组测试存在的困难，具有很强的实用性。
105. 101446339 Novel link type position-adjusting device
CN
03.06.2009
F16H 57/00 Loading...
F16H 57/00
Loading...
200810207782.0
Shanghai Laimu Electronic Co., Ltd.
Zhu Xinai
F16H 57/00
Loading...
The invention relates to a novel link type position-adjusting device, comprising a pull rod and a slide block, wherein, a 60 degree triangular straight slot is arranged on the surface of one end of the pull rod; the slide block is provided with a base and a buckling piece, wherein, one end of the base is connected with one end of the buckling piece, while the other end of the base and the other end of the buckling piece are in buckling connection; abutted surfaces of the base and the buckling piece are respectively provided with a groove; a 60 degree triangular straight slot is arranged on the surface of each groove; the 60 degree triangular straight slot on the surface of one end of the pull rod is equal to the triangular straight slot on the groove surface; the slide block is in buckling connection with a link through the grooves. Compared with the prior art, the invention has the advantages of convenient operation, low requirement to application environment, simple manufacture, low cost and simple tensile strength design.
106. 101448365 Method for manufacturing metal circuit board for plastic rack
CN
03.06.2009
H05K 3/00 Loading...
H05K 3/00
Loading...
200810207784.X
Shanghai Laimu Electronic Co., Ltd.
Zhu Xinai
H05K 3/00
Loading...
The invention relates to a method for manufacturing a metal circuit board for a plastic rack, comprising the following steps: firstly, the metal circuit board is molded by a hardware mould according to requirement, and slender metal plates are used for connecting metal circuit boards of units; plastic is covered on the molded metal circuit board; after rubber is molded and fixed, a processing cut area is cut off, so that the metal circuit boards of the units are relatively independent. Compared with the prior art, the method has the advantages of high overload current, strong product reliability, long service life, easy connection with other parts, and easy assembly; as according to complex concrete condition of a product, the circuit boards of the units can be free assembled and can be connected and fixed through the plastic rack. The metal circuit board can not only be free combination of plane, but also be free combination of solid.
107. 101444947 Rake tip injection mold
CN
03.06.2009
B29C 45/26 Loading...
B29C 45/26
Loading...
200810207983.0
Shanghai Laimu Electronic Co., Ltd.
Zhu Xinai
B29C 45/26
Loading...
The invention relates to a rake tip injection mold which comprises a mold body, a mandril and a base, wherein, the mold body is sequentially provided with a rake tip molding pore channel, a pore channel of the mandril and a pore channel of the base which are connected with each other from top to bottom, the mandril and the base are respectively arranged in the pore channel of the mandril and the pore channel of the base, the lower end of the mandril is movably connected with the base, and the upper end thereof extends out of the bottom of the rake tip molding pore channel. Compared with the prior art, the rake tip injection mold has the advantages of improving the production capacity, reducing the manufacturing cost, having better universality and reliable performance, etc.
108. 201246708 一种LED发光照明灯
CN
27.05.2009
F21V 23/00 Loading...
F21V 23/00
Loading...
200820151107.6
上海徕木电子股份有限公司
朱新爱
F21V 23/00
Loading...
本实用新型涉及一种LED发光照明灯，该照明灯包括发光二极管、限流电阻、玻璃罩、灯座，所述的发光二极管有多个，多个发光二极管并联连接后，与限流电阻串联，连接至灯座，所述的发光二极管、限流电阻设置于玻璃罩内。与现有技术相比，本实用新型具有节约能源、经济耐用、利于环保等特点。
109. 201247841 一种叠层SIM卡座
CN
27.05.2009
H01R 12/16 Loading...
H01R 12/16
Loading...
200820152505.X
上海徕木电子股份有限公司
朱新爱
H01R 12/16
Loading...
本实用新型涉及一种叠层SIM卡座，该卡座包括上层冲压端子、上层胶芯、下层冲压端子、下层胶芯、金属外壳，所述的上层冲压端子设置在上层胶芯内，所述的下层冲压端子设置在下层胶芯内，上层胶芯和下层胶芯上下叠层设置成双层卡槽，上层胶芯和下层胶芯外侧设有金属外壳。与现有技术相比，本实用新型具有叠层SIM卡座不但可以同方向而且可以分层次的插入，增加了SIM卡的退让空间，达到用户操作方便的效果，也达到了节省手机主板空间的效果。
110. 201240716 一种模内送料拉料装置
CN
20.05.2009
B65H 20/00 Loading...
B65H 20/00
Loading...
200820151108.0
上海徕木电子股份有限公司
朱新爱
B65H 20/00
Loading...
本实用新型涉及一种模内送料拉料装置，该装置包括防退钩、送料钩、固定座、滑动座、倒料板、弹簧、推刀，所述的防退钩固定在固定座上、所述的送料钩固定在滑动座上，所述的固定座、滑动座位于薄料下方，薄料上面与固定座、滑动座相对应处各设有一倒料板，倒料板上设有弹簧，所述的推刀设置于滑动座上方。与现有技术相比，本实用新型装置对较薄材料(如T＜0.10mm的材料)的拉送，具有抗疲劳，稳定，高速，能直接应用，能直接提升品质，提高生产力，降低成本的特点。
111. 201243332 一种手机侧键自动组配装置
CN
20.05.2009
H04M 1/23 Loading...
H04M 1/23
Loading...
200820151110.8
上海徕木电子股份有限公司
朱新爱
H04M 1/23
Loading...
本实用新型涉及一种手机侧键自动组配装置，该装置包括电器配线箱(1)、弹片(2)、金属外壳送料轨道(3)、注塑半成品弹匣(4)、自动送料轨道(5)，推弹夹气动装置(6)、安装弹片气动装置(7)、安装弹片气动装置(8)、安装按钮气动装置(9)、安装按钮气动装置(10)、安装按钮气动装置(11)、安装按钮气动装置(12)、安装铁壳气动装置(13)、安装铁壳气动装置(14)、自动热熔铆合启动装置(15)。与现有技术相比，本实用新型具有自动完成手机侧键组装、生产效率高、劳动强度低等特点。
112. 201231291 一种模具循环送料装置
CN
06.05.2009
B21D 43/02 Loading...
B21D 43/02
Loading...
200820151111.2
上海徕木电子股份有限公司
朱新爱
B21D 43/02
Loading...
本实用新型涉及一种模具循环送料装置，该装置包括冲压机台、模具，还包括循环送料机，该循环送料机包括一可循环运转的料带，该料带工作方式概呈口字型，循环穿过设于冲压机台中间的模具和冲压机台底部。与现有技术相比，本实用新型具有材料利用率高、生产效率高，成本低等特点。
113. 201227700 一种型材的剪切装置
CN
29.04.2009
B23D 15/04 Loading...
B23D 15/04
Loading...
200820151109.5
上海徕木电子股份有限公司
朱新爱
B23D 15/04
Loading...
本实用新型涉及一种型材的剪切装置，该装置包括固定座、滑动座、活动块、尺寸调整块、感应开关、弹簧，所述的固定座上设有剪切刀口，所述的滑动座上设有滑动刀口，所述的剪切刀口和滑动刀口相对，所述的固定座上设有型材进料通道和型材出料通道，所述的滑动座内设有一尺寸调整通道，该尺寸调整通道内设有一可在尺寸调整通道内移动的活动块，该活动块一端通过尺寸调整块连接感应开关，所述的弹簧设置在滑动块下端。与现有技术相比，本实用新型具有生产稳定、品质高、成本低、生产力高等特点。
114. 201229464 摄像模组固定夹具
CN
29.04.2009
G03B 43/00 Loading...
G03B 43/00
Loading...
200820151105.7
上海徕木电子股份有限公司
朱新爱
G03B 43/00
Loading...
本实用新型涉及摄像模组固定夹具，包括垫块、可移动固定件、固定配件，所述的垫块内部设有下固定槽，所述的可移动固定件内部设有上固定槽，该上固定槽与下固定槽相匹配，所述的固定配件穿设于上、下固定槽中并固定垫块和可移动固定件，所述的可移动固定件的外周设有至少一个开口槽，该开口槽与待测模组相匹配。与现有技术相比，本实用新型结构简单，加工成本低，操作方便，精确度高，解决了现有模组在测试中定位难的技术问题，提高了摄像模组在测试中的可靠性和工作效益，而且适用于不同模组大小，可以满足大部分模组的测试要求，实用性强，很好地提高了生产效益。
115. 201229228 手机摄像模组测试连接器
CN
29.04.2009
G01M 11/02 Loading...
G01M 11/02
Loading...
200820151112.7
上海徕木电子股份有限公司
朱新爱
G01M 11/02
Loading...
一种手机摄像模组测试连接器，包括线路板、限位槽和四个导电胶条。线路板中间设有四个长条形焊盘，四个长条形焊盘相互垂直围合成一个矩形，焊盘外围设有四个安装孔；限位槽通过设置在其底部四角的四个安装定位柱插入线路板的四个安装孔内与线路板固定相连，限位槽的中间设有用于插入手机摄像模组的凹槽，槽底设有四个长条形孔，四个长条形孔的大小和位置与线路板上的四个长条形焊盘相对应；四个导电胶条与线路板上的四个长条形焊盘相适配，分别嵌装在限位槽的四个长条形孔内。本实用新型手机摄像模组测试连接器具有结构简单，性能可靠，耐用性强，返修方便，成本低廉等优点。
116. 201230126 一种SIM卡座自动组配装置
CN
29.04.2009
H01R 43/20 Loading...
H01R 43/20
Loading...
200820151106.1
上海徕木电子股份有限公司
朱新爱
H01R 43/20
Loading...
本实用新型涉及一种SIM卡座自动组配装置，该装置包括电器配线箱(1)、端子送料轨道(2)、端子送料轨道(3)、注塑半成品送料轨道(4)、触摸控制屏(5)，端子送料气动装置(6)、端子送料气动装置(7)、注塑半成品送料气动装置(8)、定位气动装置(9)、裁切气动装置(10)、裁切气动装置(11)、退料气动装置(12)。与现有技术相比，本实用新型具有端子自动送料和裁切、生产效率高、劳动强度低等特点。
117. 101321439 Manual pasting method for mobile phone camera module group
CN
10.12.2008
H05K 3/34 Loading...
H05K 3/34
Loading...
200810040846.2
Shanghai Laimu Electronic Co., Ltd.
Zhu Xinai
H05K 3/34
Loading...
A manual patching method of a mobile phone camera module includes the steps of brushing tin on the bonding pad of an FPC plate or a PCB plate, brushing solder paste on the soldering tin, fixing the whole piece of FPC plate or PCB plate on the special product locating plate, covering the whole piece of FPC plate or PCB plate by a special wafer locating plate, putting each wafer in each wafer locating frame, pre-heating the heating platform, putting the product locating plate on the heating platform and heating, cooling, welding each connector on the connector bonding pad of each FPC plate or PCB plate. The method of the invention has greater advantage to the products in small batches and the sampling products patches, the method saves cost of manufacturing tools and improves sampling efficiency, however the products change, the method can save cost and improve the timeliness of sampling products.
118. 101320875 Test connector for mobile phone camera module group
CN
10.12.2008
H01R 33/76 Loading...
H01R 33/76
Loading...
200810040847.7
Shanghai Laimu Electronic Co., Ltd.
Zhu Xinai
H01R 33/76
Loading...
A mobile phone camera module testing connector comprises a circuit board, a limiting groove and four conductive adhesive tapes. Middle of the circuit board is provided with four elongated bonding pads; the four elongated bonding pads are mutually vertical to enclose into a rectangle; periphery of the bonding pad is provided with four mounting holes; the limiting groove inserts into the four mounting holes of the circuit board through four mounting locating columns arranged at four angles at bottom to fixedly connect with the circuit board; middle of the limiting groove is provided with a groove for inserting the mobile phone camera module; the groove bottom is provided with four elongated holes; size and position of the four elongated holes are corresponding to the four elongated bonding pads on the circuit board; the four conductive adhesive tapes are adaptive to the four elongated bonding pads on the circuit board and are respectively embedded in the four elongated holes of the limiting groove. The mobile phone camera module testing connector in the invention has the advantages of simple structure, reliable performance, strong durability, convenient rework, low cost and so on.
119. 201161265 一种五金冲压零件生产中的一次折弯、校正机构
CN
10.12.2008
B21D 37/10 Loading...
B21D 37/10
Loading...
200720077174.3
上海徕木电子有限公司
朱新爱
B21D 37/10
Loading...
本实用新型涉及金属零件的弯折装置，特别是一种五金冲压零件生产中的一次折弯、校正机构。它由导正模具、折弯模仁、校正模仁和冲压头摆块构成；该导正模具上具有导正通道，该冲压头摆块位于该导正通道内，且其外径略小于导正通道的内径；该折弯模仁和校正模仁均设于导正模具的导正通道下方，该折弯模仁的工作面上具有从顶端往下逐渐向内凹入的折弯斜面，该校正模仁的工作面具有从顶端往下逐渐向外凸出的校正斜面。它主要解决现有折弯、校正机构需要在两个不同工站进行的技术问题，具有很好的实际应用效果。
120. 201161269 一种电子产品金属件冲压机的送料机构
CN
10.12.2008
B21D 43/09 Loading...
B21D 43/09
Loading...
200720077173.9
上海徕木电子有限公司
朱新爱
B21D 43/09
Loading...
本实用新型涉及生产电子产品金属件的冲压机，特别是一种电子产品金属件冲压机的送料机构。它设置于冲压机的冲压台与冲压模具之间；其特征在于：该送料机构包括设置于冲压台进料区域的料带导辊和一组循环送料辊，其中，具有至少两个循环送料辊分别位于送料位置和出料位置，循环送料辊与料带的接触面和料带导辊与料带的接触面在同一平面上。它主要解决现有产品的送料机构均是一次性的从左到右(或者从右到左)运动送料，导致原材料利用率不高的技术问题，通过本机构在同样的工作条件下可以生产更多的零件。
121. 201153287 一种微型数码摄像模组
CN
19.11.2008
H04N 5/225 Loading...
H04N 5/225
Loading...
200720199464.5
上海徕木电子有限公司
朱新爱
H04N 5/225
Loading...
本实用新型涉及数码摄像装置领域，特别实用于摄像手机、笔记本电脑、智能游戏的微型数码摄像模组。它包括焊接于主板PCB上的卡座，该卡座内自下往上依次连接有摄像模组PCB板、图像传感器、镜头支架和镜头。它主要解决现有产品利用FPC结构形式，然后通过连接器互配的接口方式来实现的，因此整个产品成本高的技术问题，它是一种通用性强、性能可靠、工艺简单、返修方便、成本低廉的摄像模组。
122. 201134547 一种微型USB连接器
CN
15.10.2008
H01R 12/36 Loading...
H01R 12/36
Loading...
200720077171.X
上海徕木电子有限公司
朱新爱
H01R 12/36
Loading...
本实用新型涉及电器设备插接件的技术领域，特别是一种微型USB连接器。它包括一五金外壳、设置于五金外壳内的塑胶本体和端子，该端子包括接触功能部和焊脚，其特征在于：该焊脚和接触功能部通过一台阶部连接，形成二级台阶结构，该焊脚的宽度为0.12mm、脚高为0.63mm。它主要解决现有微型USB连接器的端子，其焊脚的宽度小、脚高大，因此，相对强度较低的技术问题，经生产验证，产品不良率从50％～70％降低到5％以下，同时改善了装配的适应性及生产效率。
123. 201134600 双面弹片式电池连接器
CN
15.10.2008
H01R 33/18 Loading...
H01R 33/18
Loading...
200720077172.4
上海徕木电子有限公司
朱新爱
H01R 33/18
Loading...
本实用新型涉及一种电池连接器，特别是一种将电池与便携式电子装置的电路板电性连接的双面弹片式电池连接器。它包括具有若干端子容置槽的绝缘本体，该容置槽内设置有若干端子，其特征在于：该端子的上、下两端均具有弹片结构，该弹片结构的顶端均高与绝缘本体上、下端端面。它主要解决现有的单弹片式电池连接器在与电路板连接时需要焊接和锡膏，这样就增加了原料成本和制造成本的技术问题，可适用于具有两块电池的便携式电子装置。
124. 201134542 一种电子连接器元件卡钩
CN
15.10.2008
H01R 12/30 Loading...
H01R 12/30
Loading...
200720199498.4
上海徕木电子有限公司
朱新爱
H01R 12/30
Loading...
本实用新型涉及电器设备插接件的技术领域，特别是一种电子连接器元件卡钩。它设置在电子连接器的端子外侧，该卡钩是片状结构，其特征在于：该卡钩式向内弯曲的圆弧面形状。它主要解决现有产品的卡钩都是单一的平板型的弹片形状，当完全插入塑胶插孔部件后将会丧失卡钩作用的技术问题，提升电子元器件与塑胶接合的抗拉力，降低元器件的损坏性，延长电子元器件的使用寿命，提高利用率。
125. 201130791 一种侧插式20PIN连接器
CN
08.10.2008
H01R 24/06 Loading...
H01R 24/06
Loading...
200720199465.X
上海徕木电子有限公司
朱新爱
H01R 24/06
Loading...
本实用新型涉及电器设备插接件的技术领域，特别是一种侧插式20PIN连接器。它包括五金外壳和固定设置于外壳内的绝缘塑壳，该绝缘塑壳的端子槽中纵向设置20根端子，其特征在于：该端子的后端在同一平面上，而端子前端是两侧的端子高度低于其它端子的高度。它主要解决现有的侧插式连接器由于器端子的长度相同，因此在使用一段时间后两侧的端子容易折弯或损坏的技术问题，它可以进一步延长侧插式连接器的使用寿命，且使连接器拔出比较轻松、省力。
126. 201126880 一种电子线路板的连接器
CN
01.10.2008
H01R 13/11 Loading...
H01R 13/11
Loading...
200720077175.8
上海徕木电子有限公司
朱新爱
H01R 13/11
Loading...
本实用新型涉及电器设备插接件的技术领域，特别是一种电子线路板的连接器。该连接器包括连接器本体和引脚件，该连接器本体包括壳体和印刷电路板，该多个引脚件卡设在连接器壳体两侧框缘；其特征在于：该引脚件包括一n形的卡设部，该卡设部卡设在壳体两侧的框缘上，该卡设部一侧底端具有向外水平延伸的引脚部，另一端向上延伸形成有一倒n形凹口。它主要解决现有连接器的引脚部结构使引脚部与接插件的接触面积减小，从而不能保证接触的可靠性，进而影响了通讯的可靠性和稳定性的技术问题，提高电子线路板的使用寿命。
127. 201100953 一种适用于双卡手机的SIM卡座
CN
13.08.2008
H04M 1/02 Loading...
H04M 1/02
Loading...
200720077176.2
上海徕木电子有限公司
朱新爱
H04M 1/02
Loading...
本实用新型涉及固定SIM卡且连接SIM卡与手机主机板的卡座，特别是一种适用于双卡手机的SIM卡座。它由上层冲压端子、上层胶心、下层冲压端子、下层胶心和金属外壳构成；该上层冲压端子嵌设于上层胶心中，该下层冲压端子嵌设于下层胶心中；该上层胶心和下层胶心两侧均具有台沿，所述的金属外壳将上层胶心和下层胶心叠加包裹在内形成有上插卡空间和下插卡空间。它主要解决现有的双卡手机是将两个单独的SIM卡座并列或异向贴设在手机主板上，使手机主板的退让空间较大的技术问题，它有利于双卡手机的小型化。
128. 201100932 触点铆接式电刷
CN
13.08.2008
H01R 39/18 Loading...
H01R 39/18
Loading...
200720199463.0
上海徕木电子有限公司
朱新爱
H01R 39/18
Loading...
本实用新型涉及传感器的一个重要部件-电刷，特别是一种触点铆接式电刷。铆钉式触点用铆接在铍铜弹片上组成电刷，该铍铜弹片另一端则安装到电刷座上。它主要解决现有合金丝电刷的合金丝材料成本高、头部弯曲结构成型困难及焊接工艺复杂等技术问题，采用铍铜弹片，接触部分铆接合金触点，整个结构工艺简单，成本较低，性能可靠，易于生产。
129. 201100955 光学人眼仿真微摄像模组
CN
13.08.2008
H04N 5/225 Loading...
H04N 5/225
Loading...
200720199466.4
上海徕木电子有限公司
朱新爱
H04N 5/225
Loading...
本实用新型涉及数码摄像装置，特别实用于摄像手机、笔记本电脑、智能游戏等产品的光学人眼仿真微摄像模组。它包括安装在主板上的由卡座固定的镜头支架，该镜头支架内具有塑胶外壳、图像传感器和摄像模组PCB板，该塑胶外壳内安装有塑胶镜片，其特征在于：该镜头支架内的塑胶外壳下方设有一液体镜片，以及该液体镜片电极和液体镜片电极的引出电极。它主要解决现有产品采用步进马达(Step motor)或则音圈马达(VCM)来实现的景深调节，实现起来困难，工艺复杂，成本相当高的技术问题，可以实现无极自动调焦，在5cm～无穷远距离的大景深范围达到清晰的图象效果。

