1. 204099670 超正常流量自动控制截门
CN
14.01.2015
F16K 17/30 Loading...
F16K 17/30
Loading...
201420463253.8
北京中交国通智能交通系统技术有限公司
刘清彬
F16K 17/30
Loading...
本实用新型公开了一种超正常流量自动控制截门，包括阀体、活塞、弹簧、阀体流入端和流出端；活塞形状为锥体形状，活塞后部为圆柱体，圆柱体上套有弹簧，阀体管壁位于活塞椎体后侧为口径相同的锥面，阀体管壁的锥面之后为筒状的阀体管壁，活塞圆柱体穿过筒状的阀体管壁通过后端的挡板固定在筒状的阀体管壁中，所述弹簧位于活塞椎体与筒状的阀体管壁之间的活塞圆柱体上；活塞与阀体管壁之间的间隙为前段流过通道，筒状的阀体管壁外侧设有后段流过通道；所示活塞椎体一侧的阀体管螺纹段为阀体流入端，所述活塞圆柱体一侧的阀体管螺纹段为阀体流出端。本实用新型可以解决液体、气体等管道装置在出现非正常流量时，自动控制阀门关断的技术问题。
2. 204098639 铁磁锁具控制柜
CN
14.01.2015
E05B 65/52 Loading...
E05B 65/52
Loading...
201420463237.9
北京中交国通智能交通系统技术有限公司
刘清彬
E05B 65/52
Loading...
本实用新型公开了一种铁磁锁具控制柜，该控制柜整体结构是采用不锈钢材料，其锁扣器件也是采用不锈钢材料制作，所述锁扣置于柜体的一个滑动槽内，并一端伸出柜体与另一部分柜体上的锁扣孔配合实现锁定，锁扣的另一端置于一个腔体内，该腔体中放置一个随柜门外磁铁移动的铁制滑块，所述铁制滑块通过位移通道在锁扣开启推动端至锁扣关闭推动端之间实现转换。本实用新型可以解决传统的室外各种电气控制柜、设备箱的锁具容易被人为损坏和受到风雨侵蚀的技术问题。
3. 201952753 传感器
CN
31.08.2011
E01F 11/00 Loading...
E01F 11/00
Loading...
201120014915.X
北京中交国通智能交通系统技术有限公司
焦伟赟
E01F 11/00
Loading...
本实用新型提供一种用于检测路面状况的传感器，安置于路面下，包括：路温检测器，用于采集路面的温度；导电率检测器，用于在路面上存在覆盖物时，采集覆盖物的导电率；覆盖物检测器，用于向路面上发出红外光，对路面反射的光信号进行采集；中央处理器，连接到路温检测器、导电率检测器、以及覆盖物检测器，用于根据接收到的温度、导电率和光信号，确定路面的状态；电源，为路温检测器、导电率检测器、覆盖物检测器和中央处理器供电；以及壳体，用于容纳路温检测器、导电率检测器、覆盖物检测器、中央处理器和电源。根据本实用新型的技术方案，可以实现一种用于检测路面状况的传感器，有效地保证交通运行以及保护司机的生命及财产安全。
4. 102163259 System assessment method of simulation model of pedestrian microscopic traffic flow
CN
24.08.2011
G06F 19/00 Loading...
G06F 19/00
Loading...
201110075800.6
Ministry of Transport and Road Research Institute
Liu Hao
G06F 19/00
Loading...
The present invention, which belongs to the field of traffic engineering, relates to an assessment method of a simulation model of pedestrian microscopic traffic flow. In recent years, theoretical research and simulation of pedestrian traffic flow are increasingly paid great attention from various aspects. However, no assessment is done about the accuracy and the adaptability of the simulation model, and no uniform assessment method is used to measure the accuracy of the simulation model. The present invention provides a scientific, complete and reasonable assessment method of the simulation model of pedestrian traffic flow to assess advantages and disadvantages of the simulation model established based upon different theories. By comparing pedestrian real movement track with pedestrian simulation model track and calculating pedestrian movement track conformity index, pedestrian movement speed conformity index and pedestrian movement time conformity index, the method gives a comprehensive assessment of the advantages and the disadvantages of the simulation model of pedestrian microscopic traffic flow, thereby indicating a guiding way of further improving the simulation model.
5. 201655018 路况监控传感器
CN
24.11.2010
G08G 1/01 Loading...
G08G 1/01
Loading...
200920179832.9
北京中交国通智能交通系统技术有限公司
焦伟赟
G08G 1/01
Loading...
本实用新型提出了一种路况监控传感器，包括：计时器，用于每隔预定时间发出触发信号；数据采集单元，用于在接收到所述触发信号时，获取车辆通过信号并采集所述车辆的车辆信息；数据处理单元，用于根据所述数据采集单元获取的所述车辆信息来确定车速、车流量和车长；数据传输单元，用于与所述至少一个基站单元进行无线通信以交换控制信息和收发数据；以及供电单元，用于为所述数据采集单元、所述数据处理单元以及所述数据传输单元供电。根据本实用新型的路况监控传感器能够实现实时地监控路况的信息，并且能够通过无线网络将检测到的路况信息传送到后台以进行相应操作。
6. 201527709 路况监控系统
CN
14.07.2010
G08G 1/01 Loading...
G08G 1/01
Loading...
200920179833.3
北京中交国通智能交通系统技术有限公司
焦伟赟
G08G 1/01
Loading...
本实用新型提出了一种路况监控系统，包括：至少一个前端采集单元，设置在车道横断面的路面下，在车辆通过其上时采集所述车辆的车辆信息；至少一个基站单元，接收来自所述至少一个前端采集单元的所述车辆信息，并对所述车辆信息进行存储处理并通过互联网发送给远程监控单元。根据本实用新型的路况监控系统能够实现实时地监控路况的信息，并且能够通过无线网络将检测到的路况信息传送到后台以进行相应操作。
7. 101692311 Road condition monitoring sensor
CN
07.04.2010
G08G 1/01 Loading...
G08G 1/01
Loading...
200910211224.6
National Intelligent Transport Systems Center of Engineering and Technology
Jiao Weiyun
G08G 1/01
Loading...
The invention discloses a road condition monitoring sensor, which comprises a timer used for sending a trigger signal every other preset time, a data acquisition unit used for acquiring a vehicle passing signal and collecting vehicle information of a vehicle when receiving the trigger signal, a data processing unit used for determining a vehicle speed, a traffic volume and a vehicle length according to the vehicle information acquired by the data acquisition unit, a data transmitting unit used for performing wireless communication with at least one base station so as to exchange control information and transmit and receive data, and a power supply unit used for supplying power to the data acquisition unit, the data processing unit and the data transmitting unit. The road condition monitoring sensor in the invention can monitor road condition information in real time and can send the detected road condition information to a background to perform corresponding operations through a wireless network.
8. 101692312 Road condition monitoring system
CN
07.04.2010
G08G 1/01 Loading...
G08G 1/01
Loading...
200910211225.0
National Intelligent Transport Systems Center of Engineering and Technology
Jiao Weiyun
G08G 1/01
Loading...
The invention discloses a road condition monitoring system, which comprises at least one front-end acquisition unit arranged below the road surface of a driveway cross section and used for acquiring vehicle information of a vehicle when the vehicle passes through the front-end acquisition unit, and at least one base station unit used for receiving the vehicle information from the at least one front-end acquisition unit, storing the vehicle information and sending the vehicle information to a remote monitoring unit through the Internet. The road condition monitoring system in the invention can monitor road condition information in real time and can send the detected road condition information to a background to perform corresponding operations through a wireless network.
9. 101673419 Method for providing toll data for taxi meter by ETC vehicle-mounted equipment
CN
17.03.2010
G07B 15/00 Loading...
G07B 15/00
Loading...
200910235471.X
Beijing Zhongjiaoguotong Intelligent Transport System Technology Co., Ltd.
Song Xianghui
G07B 15/00
Loading...
The invention relates to a method for providing toll data for a taxi meter by ETC vehicle-mounted equipment, which comprises the steps: 1. toll traction can be completed by the ETC vehicle-mounted equipment and a remote subscriber unit; 2. the ETC vehicle-mounted equipment sends a toll transmission interrupt request to the taxi meter; 3. the ETC vehicle-mounted equipment starts an overtime timer;4. the ETC vehicle-mounted equipment analyzes a reading toll message package from the meter; 5. the ETC vehicle-mounted equipment organizes a loading toll message package; 6. the ETC vehicle-mounted equipment sends the loading toll message package to the taxi meter; 7. the ETC vehicle-mounted equipment starts the overtime timer; 8. the ETC vehicle-mounted equipment receives a toll response messagepackage from the meter; 9. the ETC vehicle-mounted equipment organizes a toll end message package; 10. the ETC vehicle-mounted equipment sends the toll end message package to the meter. In the method, the ETC vehicle-mounted equipment sends the toll data to the meter, so as to provide a roads/bridges toll note for taxi passengers.
10. 201362216 车载设备安装支架
CN
16.12.2009
B60R 7/08 Loading...
B60R 7/08
Loading...
200920105122.1
北京中交国通智能交通系统技术有限公司
李亚檬
B60R 7/08
Loading...
一种车载设备安装支架，包括支架本体、连接座、沙袋垫，支架本体为圆台形状，支架本体固接在车载设备外壳的下表面上，连接座为圆盖形状，连接座的正面设置有用于容纳支架本体的凹腔，支架本体底部的外圆上对称地设置有两个卡块，凹腔的侧壁上一体成形有两个对称的突出部，该两个突出部与凹腔底面的衔接处开有用于嵌合卡块的豁口槽；凹腔的底面上设置有两个U形通槽，每个U形通槽所包围的部分构成一个弹片，每个弹片上设置有一个半球形的凸起，在支架本体底面上与半球形凸起对应的位置设置有半球形的凹坑；连接座的背面设置有多个螺孔柱，沙袋垫通过螺钉固定在连接座背面的螺孔柱上。本产品能够方便、牢靠、安全地固定车载设备，而且拆装方便。
11. 201210304 基于卫星道路收费系统的后台管理系统
CN
18.03.2009
G07B 15/00 Loading...
G07B 15/00
Loading...
200820080245.X
北京中交国通智能交通系统技术有限公司
刘楠
G07B 15/00
Loading...
本实用新型公开了一种基于卫星道路收费系统的后台管理系统，它包括一个以数据库为核心的计算机管理系统；与计算机管理系统连接的具有地图显示和匹配能力的GIS终端、具备与卫星收费车载设备进行移动通信或短程通信方式进行收费信息交互的通信模块和与路侧稽查设备进行信息交互的以太网通信接口或GPRS信息交互设备。本实用新型的优点如下：能够根据收费路网的规模和收费模式，配套合理的路网空间数据、收费数据存储模式；设计高效的道路通行费计算模型，准确计算车辆的通行费。
12. 200983208 基于GPS和无线通讯方式的车载实时路况语音播报系统
CN
28.11.2007
G08G 1/0962 Loading...
G08G 1/0962
Loading...
200620138696.5
北京中交国通智能交通系统技术有限公司
杨蕴
G08G 1/0962
Loading...
本实用新型公开了一种基于GPS和无线通讯方式的车载实时路况语音播报系统，其电路包括：发射含有地域识别编码的实时路况信息的无线设备；无线接收设备；GPS接收模块；语音播报模块；数据更新接口；电脑处理器。电脑处理器由GPS模块确定的，使用者所在电子地图某区域的编码为依据，过滤出发射设备发射的具有与该区域编码相符合的实时路况信息，并且送到与其连接的语音播报模块。本实用新型具有如下优点：用户通过GPS得到准确定位信息，并以语音形式获取与位置相关的提示；通过无线通讯方式实时发送路况信息，具有对所发信息进行加密的功能；车载终端可通过USB接口更新包括：加油站、单行线、限速、车载终端设置等信息。
13. 2696906 机动车自动驾驶纵向控制伺服机构
CN
04.05.2005
B60K 31/00 Loading...
B60K 31/00
Loading...
200420048035.4
北京中交国通智能交通系统技术有限公司
蔡华
B60K 31/00
Loading...
本实用新型公开了一种机动车自动驾驶纵向控制伺服机构，其结构包括节气门和制动控制伺服机构两部分，其特征在于：每个部分均由电动机、电磁离合器、拉线轮、拉线轮转角传感器、拉线、定滑轮和支架组成；所述电动机输出轴通过连接其上的电磁离合器，驱动拉线轮转动，所述转角传感器测量端连接有一个小齿轮，该小齿轮与所述拉线轮实现啮合连接；所述拉线一端固定于拉线轮的绕线轴上，另一端通过一至二个定滑轮后，连接至油门或制动踏板的下端。本装置具有如下优点：对车辆的改动很小，本身的成本也比较低；在车辆行驶速度范围内，执行指令可靠、定位精度高；电磁离合器的应用能方便、有效地切换人工与自动驾驶的两种模式，使用安全、可靠。
14. 2694224 汽车前轮转角测量装置
CN
20.04.2005
G01B 7/30 Loading...
G01B 7/30
Loading...
200420048034.X
北京中交国通智能交通系统技术有限公司
齐彤岩
G01B 7/30
Loading...
本实用新型公开了一种汽车前轮转角测量装置，其结构包括传感器机械连接装置和信号输出电路两部分，其特征在于：传感器机械连接装置包括套置于前轮主销的螺栓、螺母上，并与其联动的轴套、固定于所述轴套上的扇型齿轮、通过轴承活动固定于所述轴套下部的轴承外套、与所述轴承外套相固定连接的托板、固定托板的两个定位块、固定于托板上的前轮转角传感器和前轮转角传感器测量端固定的小齿轮；所述小齿轮与扇型齿轮啮合连接。本实用新型具有如下优点：连接装置的结构简单、性能可靠、成本比较低；在前轮转角范围内，完全满足车辆自动驾驶动态测量的要求；汽车前轮转角测量装置的电路设计可靠、稳定、数据重复性好。

