1. 106587864 一种改良路基填料及其制备方法
CN
26.04.2017
C04B 28/06 Loading...
C04B 28/06
Loading...
201611175364.9
中国神华能源股份有限公司
凌贤长
C04B 28/06
Loading...
本发明涉及路基填筑领域，公开了一种改良路基填料，一种改良路基填料的制备方法和由该方法制备得到的改良路基填料。所述改良路基填料包括级配不良填料、波形聚丙烯纤维和固化剂。所述方法包括将级配不良填料、波形聚丙烯纤维和固化剂混合。采用本发明的改良路基填料，改良效果好，抗拉强度、抗压强度和抗剪强度均有明显提高。
2. 106596315 一种应用脱灰煤进行程序升温法来测量煤中形态硫的测定方法
CN
26.04.2017
G01N 5/00 Loading...
G01N 5/00
Loading...
201611169729.7
华能国际电力股份有限公司
时正海
G01N 5/00
Loading...
本发明公开了一种应用脱灰煤进行程序升温法来测量煤中形态硫的测定方法，将煤先进行脱灰，然后脱灰煤进行程序升温还原法或程序升温氧化法，脱灰煤中的硫转化成H2S或SO2，然后对H2S或SO2逸出曲线进行分峰，然后反推出煤中不同形态的硫含量(包括黄铁矿硫、脂肪硫、芳香硫和噻吩)；本发明可以有效地测量煤中不同形态的硫含量，结果更加准确，容易测量。
3. 106593448 露天煤矿的开采方法
CN
26.04.2017
E21C 47/00 Loading...
E21C 47/00
Loading...
102016001183026
中国神华能源股份有限公司
马力
E21C 47/00
Loading...
本发明公开了一种露天煤矿的开采方法，包括：(1)延长内排土区与开采区之间的跟进距离形成预留空间；(2)在开采区内推进形成第一工作帮和两个相对平行的第一端帮，第一工作帮包括台阶，当第一端帮之间的距离大于台阶的斜坡道的水平长度，第一工作帮沿矿床的倾向方向布置，开采区向矿床的走向方向推进；(3)向下层开采区延深，在开采区和预留空间内形成第二工作帮和两个相对平行的第二端帮，第二工作帮包括台阶，当第一端帮之间的距离小于台阶的斜坡道的水平长度，第二工作帮沿矿床的走向方向布置，开采区向矿床的倾向方向推进。本发明提供一种露天煤矿的开采方法，在倾斜多煤层窄长露天煤矿中，快速实现内排土，易选采，降低煤岩混杂程度。
4. 106603980 铁路隧道病害整治系统
CN
26.04.2017
H04N 7/18 Loading...
H04N 7/18
Loading...
102016001159208
中国神华能源股份有限公司
李军
H04N 7/18
Loading...
本发明涉及铁路治理，公开了一种铁路隧道病害整治系统，该系统包括轨道车，该系统还包括：设置在所述轨道车上的摄像头、控制器以及高空作业设备，其中，所述摄像头位于所述高空作业设备上，用于拍摄图像；所述高空作业设备用于提供进行高空作业的位置；所述控制器与所述摄像头连接，用于接收所拍摄的图像，并控制所述高空作业设备。该铁路隧道病害整治系统实现隧道病害的检测和整治一体化，节省人力，大大提高了施工的安全系数。
5. 206129950 装船机行走电机制动器监控设备以及装船机行走制动机构
CN
26.04.2017
F16D 66/00 Loading...
F16D 66/00
Loading...
201320243677.9
中国神华能源股份有限公司
刘华琳
F16D 66/00
Loading...
本实用新型公开了一种装船机行走电机制动器监控设备以及装船机行走制动机构，该监控设备包括：第一检测装置，安装在装船机控制室，用于检测装船机速度输入量，并输出装船机速度输入信号；第二检测装置，安装在装船机行走机构的行走轮轴承端盖上并通过联轴器与行走轮轴承连接，用于检测装船机位置，并输出装船机位置信号；控制器，与所述第一检测装置和第二检测装置连接，用于根据所述装船机输入信号和所述装船机位置信号判断所述装船机行走电机制动器是否失效，并在判断所述装船机行走电机制动器失效的情况下，输出装船机夹轨器夹紧控制信号。本实用新型可以防止装船机在作业过程中因溜车现象而造成的事故、消除了安全隐患。
6. 106590066 一种橡胶填料的制备方法、橡胶填料及复合橡胶
CN
26.04.2017
C09C 1/40 Loading...
C09C 1/40
Loading...
102016000983064
中国神华能源股份有限公司
陈东
C09C 1/40
Loading...
本发明公开一种橡胶填料的制备方法及橡胶填料，包括：(1)将粉煤灰提铝残渣水洗，湿法磨细，得到磨细粉煤灰提铝残渣；(2)向磨细粉煤灰提铝残渣中加入水和表面改性剂进行表面改性，得到改性粉煤灰提铝残渣；(3)将改性粉煤灰提铝残渣干燥、打散，得到橡胶填料；其中，表面改性剂为硬脂酸、硬脂酸钠、油酸和油酸钠中的任一种或多种；本发明还公开了由所述填料制备得到的复合橡胶。本发明的制备方法简单，通过用表面改性剂对粉煤灰提铝残渣进行改性，提高其与塑料基体的相容性，不仅能够变废为宝，避免粉煤灰提铝残渣直接排放对环境造成污染，制得的橡胶填料能大量添加，在不降低橡胶制品的性能的基础上，降低橡胶制品的成本，提高经济效益。
7. 104815736 一种含磁铁矿围岩的预选工艺
CN
26.04.2017
B02C 21/00 Loading...
B02C 21/00
Loading...
201510120551.6
中钢集团马鞍山矿山研究院有限公司
陈洲
B02C 21/00
Loading...
本发明公开了一种含磁铁矿围岩的预选工艺，其技术方案为：（1）中碎、一段干式预选，获得一段干式预选粗精矿，抛出的一段干式预选尾矿用作混凝土骨料；（2）细碎、二段干式预选，获得二段干式预选粗精矿，抛出的二段干式预选尾矿也用作混凝土骨料；（3）高压辊磨‑湿式粗粒预选，获得湿式粗粒预选精矿，抛出湿式粗粒预选尾矿；（4）对上述（3）步骤获得的湿式粗粒磁选尾矿采用筛分或分级，获得的粗粒尾矿作为建筑用黄沙代用品销售。本发明处理全铁品位约13%、磁性铁品位约7%的含铁围岩，除可获产率约70%、粒度50‑0mm的混凝土骨料外，还可以获得建筑用黄沙代用品，具有节能环保、适应性强、经济效益好等优点，可在磁铁矿山广泛应用。
8. 206133636 有源电子标签
CN
26.04.2017
G06K 19/077 Loading...
G06K 19/077
Loading...
201620937646.7
中国神华能源股份有限公司
张益
G06K 19/077
Loading...
本实用新型涉及射频技术领域，公开了一种有源电子标签，该有源电子标签包括天线、标签芯片、电池、控制单元，该有源电子标签还包括：电磁感应式充电模块，用于将所述天线感应到的电磁波转换为电能为所述电池充电，其中所述电磁感应式充电模块的输入端与所述天线的天线端口连接，以及所述电磁感应式充电模块的输出端与所述电池连接。本实用新型的电磁感应式充电模块可以将感应到的电磁波转换为电能为有源电子标签的电池充电(即无线充电)，使得有源电子标签能够长期工作而无需更换电池且使用方便，提高了有源电子标签的使用率，避免了更换电池造成的环境污染和人工操作复杂度。
9. 206135792 一种固定可调角度光伏支架
CN
26.04.2017
H02S 20/32 Loading...
H02S 20/32
Loading...
202016001082917
中国华电科工集团有限公司
孙锋礼
H02S 20/32
Loading...
本实用新型公开了一种光伏支架，特别是一种固定可调角度光伏支架，属于地面光伏发电站支架技术领域。它包括斜梁(3)，斜梁(3)上设有若干组檩托(2)，檩托(2)上设有檩条(1)，檩条(1)上固定有光伏板。斜梁(3)的一端通过第一支座(5)固定于支架基础(12)上，另一端通过第二支座(6)连接有可伸缩后撑杆(4)，可伸缩后撑杆(4)通过第三支座(7)固定于支架基础(12)上。该支架结构简单，调节省时省力，能够使得光伏板与太阳光线处于最佳夹角，从而增加光伏电站的发电量，获得更高的经济效益。
10. 206135545 一种机械式直流断路器控制器
CN
26.04.2017
H02J 13/00 Loading...
H02J 13/00
Loading...
201621098192.5
华中科技大学
袁召
H02J 13/00
Loading...
本实用新型公开了一种机械式直流断路器控制器，该控制器电路包括供电模块，通讯模块，按钮模块，主控模块和驱动模块。驱动模块由机械开关驱动单元和换流回路驱动单元两个子单元组成；机械开关驱动单元，用于控制机械开关操动机构——斥力机构电源柜内分/合闸储能电容的充/放电开关，包括快速分闸电容、慢速分闸电容、合闸电容的充电开关IGBT的驱动电路和快速分闸电容、慢速分闸电容、合闸电容的放电开关晶闸管的驱动电路；换流回路驱动单元，用于控制换流回路的触发开关。本实用新型提供的机械式直流断路器控制器结构简单，体积小，成本低；运行功耗小；具有电磁屏蔽效果，可靠性高；可实现就地操作与远程通讯多种控制方式。
11. 106594789 空气预热器的漏风控制系统
CN
26.04.2017
F23L 15/00 Loading...
F23L 15/00
Loading...
201611265785.0
中国华能集团清洁能源技术研究院有限公司
马铭远
F23L 15/00
Loading...
本发明公开了一种空气预热器的漏风控制系统。该系统包括：转子形变检测装置，与空气预热器连接，用于检测空气预热器的转子的形变量；扇形板升降装置，与空气预热器连接，用于对空气预热器的扇形板进行升降操作；位移检测装置，与所述扇形板升降装置连接，用于检测扇形板的下放位移；漏风控制柜，分别与转子形变检测装置、扇形板升降装置和位移检测装置连接，用于根据转子的形变量和扇形板的下放位移得到空气预热器的密封间隙值，并根据密封间隙值控制扇形板升降装置运行。本发明解决了现有技术中的空气预热器的漏风控制系统存在的控制精度较低、易损坏以及无法在线维修的技术问题。
12. 106595509 光纤光栅式传感器
CN
26.04.2017
G01B 11/16 Loading...
G01B 11/16
Loading...
201611225604.1
中国神华能源股份有限公司
杜彦良
G01B 11/16
Loading...
本发明涉及边坡滑移与路基沉降监测领域，公开了一种光纤光栅式传感器，该传感器包括设置有光纤光栅(4)的光纤(3)、壳体(1)和设置在所述壳体(1)内的用于将所述壳体(1)的形变传递到的所述光纤光栅(4)的传递部，所述光纤(3)的一端穿出所述壳体(1)。通过利用本发明的传感器，能够实现对深部位移灵敏地监测，且本发明的传感器结构紧凑。
13. 206131146 一种利用低谷电蓄能供热供暖的系统
CN
26.04.2017
F24D 19/10 Loading...
F24D 19/10
Loading...
202016001085694
中国华电科工集团有限公司
张珍
F24D 19/10
Loading...
本实用新型公开了一种利用低谷电蓄能供热供暖的系统，包括锅炉装置、蓄热水泵和蓄热装置，锅炉装置通过管路与蓄热水泵连通，蓄热水泵通过管路与蓄热装置连通，蓄热装置与第一循环泵连接，第一循环泵与换热器连接，换热器通过供水管路与供水接口连接，换热器还通过回水管路与第二循环泵连接，第二循环泵与回水接口连接，锅炉装置与蓄热水泵之间设置有第二电动三通阀，第二电动三通阀与供热管路连接。本实用新型通过锅炉装置、蓄热水泵、蓄热装置、第一循环泵、第二循环泵及供热管路等装置的有机结合，充分利用谷电时段的低价电能，在满足人们采暖需求的同时，实现了节能环保和降低供热费用的目的。
14. 206121463 烟气处理装置
CN
26.04.2017
B01D 53/18 Loading...
B01D 53/18
Loading...
202016001184064
中国神华能源股份有限公司
刘毅
B01D 53/18
Loading...
本实用新型公开了一种烟气处理装置。该装置包括通过烟道管路并联在一起的第一吸收塔(1)和第二吸收塔(2)，在第一吸收塔的进气端的烟气管道上设置有第一切换件(111)，在第二吸收塔的进气端的烟气管道上设置有第二切换件(112)，在第一切换件与第二切换件之间的烟气管路上设有第三切换件(113)，第一吸收塔的出气端分别连接有第一烟气管道(11)和第二烟气管道(12)，第二吸收塔的出气端连接有第三烟气管道(21)，第一烟气管道、第三烟气管道与外界连通，第二烟气管道与第三烟气管道相连通，并且第二烟气管道上设置有第四切换件(114)，第三烟气管道的远离第二烟气管道与第三烟气管道的连接端的部分设置有第五切换件(115)。
15. 206130515 润滑油冷却系统及其电机设备
CN
26.04.2017
F16N 39/02 Loading...
F16N 39/02
Loading...
201621197674.6
中国神华能源股份有限公司
周郑峰
F16N 39/02
Loading...
本实用新型涉及发电技术领域，公开了一种润滑油冷却系统及电机设备。润滑油冷却系统包括润滑油油箱(100)，以及与润滑油油箱(100)的出口(A)和入口(B)连接的能够独立循环的冷却管路。在冷却管路上设置有用于提供润滑油抽出、注入以及在冷却管路中流通所需的动力的压力泵(200)，和用于对润滑油进行冷却的冷却器(300)。通过使用本实用新型的冷却系统，避免了使用海水冷却所存在的泄漏、腐蚀以及堵塞的问题。
16. 206131024 锅炉系统的烟气处理装置及锅炉系统
CN
26.04.2017
F23J 15/00 Loading...
F23J 15/00
Loading...
201621176353.8
中国神华能源股份有限公司
刘毅
F23J 15/00
Loading...
本实用新型涉及烟气处理领域，公开了一种锅炉系统的烟气处理装置及锅炉系统，烟气处理装置包括并联的第一烟气处理通路和第二烟气处理通路，第一烟气处理通路上设置有第一脱硫吸收塔，第二烟气处理通路上设置有第二脱硫吸收塔，烟气处理装置设置为：当锅炉系统处于富氧湿循环工况时，仅第一脱硫吸收塔运行；当锅炉系统处于空气燃烧工况时，第一脱硫吸收塔和第二脱硫吸收塔并联运行。本实用新型以满足两种工况二氧化硫达标排放为目标，同时满足富氧燃烧湿循环工艺要求，通过采用双塔配置，并根据不同的工况选择合适数量的喷淋层投入运行，从而使塔内流速在工况切换前后都保持在相对合理的范围内，保证脱硫效果，从而实现烟气达标排放。
17. 206132608 一种SF6在线监测报警优化系统
CN
26.04.2017
G01N 21/3504 Loading...
G01N 21/3504
Loading...
201621126305.8
中国华电科工集团有限公司
卓静
G01N 21/3504
Loading...
本实用新型公开了一种在线监测报警系统，特别是一种SF6在线监测报警优化系统。它包括一套SF6在线监测报警主机(1)、若干个配电室(2)和变电站监控系统(3)。配电室(2)内均安装有若干个气体探测器(9)，气体探测器(9)均通信连接于SF6在线监测报警主机(1)，SF6在线监测报警主机(1)还与变电站监控系统(3)通信连接。配电室(2)门口还设有风机控制箱(4)和风机启动设备(5)，风机控制箱(4)经风机启动设备(5)信号连接于SF6在线监测报警主机(1)。该系统中多个配电室(2)共用一套SF6在线监测报警主机(1)，提高了设备利用率，满足了远程监控和风机启动等需求。
18. 206129338 一种燃气—蒸汽联合循环分布式供能系统
CN
26.04.2017
F01K 23/10 Loading...
F01K 23/10
Loading...
201621154951.5
中国华电科工集团有限公司
徐静静
F01K 23/10
Loading...
本实用新型公开了一种分布式供能系统，特别是一种燃气—蒸汽联合循环分布式供能系统，属于燃气分布式能源系统技术领域。该系统包括顺次连接的过滤器(1)、燃气轮机发电机组(2)和余热锅炉(3)，余热锅炉(3)分别与辅汽联箱(5)和汽轮发电机组(13)相连，汽轮发电机组(13)、凝结水泵(14)、凝结水回收泵(12)和凝结水箱(11)顺次连接。汽水换热器(6)和溴化锂机组(7)的一端均连接有辅汽联箱(5)，另一端均连接有凝结水箱(11)，余热锅炉(3)内还设有补燃器(4)。该系统提高了余热锅炉(3)的蒸汽量，满足了用户的供热需求。同时减少了燃气锅炉调峰设备的投入，达到了较好的节能环保效益。
19. 206108953 海水淡化装置以及多效海水蒸馏淡化设备
CN
19.04.2017
C02F 1/10 Loading...
C02F 1/10
Loading...
201621147556.4
中国神华能源股份有限公司
解利昕
C02F 1/10
Loading...
本实用新型涉及海水淡化技术领域，公开了一种海水淡化装置以及多效海水蒸馏淡化设备，该海水淡化装置包括壳体(200)、喷淋器(201)、换热器(202)和布液组件，所述喷淋器、换热器和布液组件安装于所述壳体的内部，所述布液组件位于所述喷淋器和换热器之间且所述布液组件上开设有用于将所述喷淋器喷出的海水均匀分布在所述换热器上的通道。该海水淡化装置能够使得海水均匀分布在所述换热器上，从而减少了换热器管束的结垢现象。由于在多效海水蒸馏淡化设备中设置了至少一个本实用新型所提供的海水淡化装置，因此能够使得由所述喷淋器喷出的海水均匀分布在所述换热器上，减少了换热器管束的结垢现象，并且提高了该多效海水蒸馏淡化设备的产水率。
20. 206105664 拔轮器
CN
19.04.2017
B25B 7/04 Loading...
B25B 7/04
Loading...
201621167129.2
中国神华能源股份有限公司
郭恒
B25B 7/04
Loading...
本实用新型公开了一种拔轮器，该拔轮器包括拔取环(1)、支撑环(2)和多个顶升机构(3)，拔取环与支撑环同轴设置，拔取环包括拔取套筒(10)和紧固机构(11)，拔取套筒朝向支撑环贯穿拔取环的中心孔，拔取套筒内形成有轴向拔取腔(103)，拔取套筒包括沿轴向剖分的第一半套筒(101)和第二半套筒(102)，第一半套筒和第二半套筒的相对于支撑环的两个远端相互铰接，且两个近端之间形成有与轴向拔取腔连通的轴向开口(104)，两个近端能够围绕远端的铰接点枢转张开，并通过紧固机构紧固闭合；多个顶升机构沿拔取环的周向方向布置并用于朝向远离支撑环的方向顶升拔取环。本实用新型的拔轮器能够安全无损地拆除齿轮，通用性强。
21. 106564921 粉煤灰酸法提取氧化铝工艺中酸循环利用的方法
CN
19.04.2017
C01F 7/26 Loading...
C01F 7/26
Loading...
201610953119.X
中国神华能源股份有限公司
陈东
C01F 7/26
Loading...
本发明公开了一种粉煤灰酸法提取氧化铝工艺中酸循环利用的方法，包括以下步骤硫酸铝转化、HCl脱除、稀硫酸浓缩和浓硫酸除杂步骤；利用本发明酸循环的方法，可以充分回收粉煤灰酸法提取氧化铝工艺中消耗的酸，有效降低了成本，对环境友好。
22. 106569896 一种数据分发及并行处理方法和系统
CN
19.04.2017
G06F 9/50 Loading...
G06F 9/50
Loading...
201610956986.9
北京国电通网络技术有限公司
孙乔
G06F 9/50
Loading...
本发明公开了一种数据分发及并行处理方法和系统，所述方法包括：对初始查询指令进行解析，得到真实查询指令；将真实查询指令通过工作分配节点分发到不同的数据节点中；在每个数据节点上分别执行接收到的真实查询指令，并将查询结果返回给工作分配节点，同时在每个服务器节点上保持数据信息表的更新；在每个服务器节点上，对所述真实查询指令对应的查询表进行备份，使得每个服务器节点上保存有查询表副本；在每个服务器节点上，当检测到存在并发冲突时，通过调用当前服务器节点上的查询表副本对真实查询指令并发执行。所述数据分发及并行处理方法及系统不仅能够保证数据的一致性而且能够提高数据查询的速度和效率。
23. 206114360 采样装置及输煤采样设备
CN
19.04.2017
G01N 1/20 Loading...
G01N 1/20
Loading...
202016000889697
中国神华能源股份有限公司
曹冬云
G01N 1/20
Loading...
本实用新型公开了一种采样装置及输煤采样设备，所述采样装置包括采样臂(2)以及所述采样臂(2)的一端连接的形成有采样腔体的采样勺(1)，其中，所述采样勺(1)的所述采样腔体的横向宽度可调。本实用新型提供的采样装置及输煤采样设备，能够有效实现全断面采样，防止采样量过大导致的斗提机堵塞或半断面采样导致采样不具代表性的问题。
24. 106566291 填料的制备方法、填料、聚乙烯复合材料及其制备方法
CN
19.04.2017
C09C 1/40 Loading...
C09C 1/40
Loading...
102016000983066
中国神华能源股份有限公司
郭昭华
C09C 1/40
Loading...
本发明公开了一种用于聚乙烯塑料中的填料的制法及填料，制法包括以下步骤：(1)粉煤灰提铝残渣磨细；(2)向步骤(1)得到的粉煤灰提铝残渣粉体中喷洒植物油进行表面改性，得到填料；本发明还公开了包含上述填料的聚乙烯复合材料及制备方法。本发明方法制备的填料，相较于通常所用的无机填料，可大量添加于聚乙烯基体中，降低聚乙烯复合材料的生产成本，且不影响其力学性能；填料的制备方法简单、易操作；用该填料制得的聚乙烯复合材料，不仅能够将粉煤灰提铝残渣变废为宝，避免粉煤灰提铝残渣直接排放对环境造成污染，还能在不降低聚乙烯塑料制品的性能的基础上，降低聚乙烯塑料制品的成本，提高经济效益。聚乙烯复合材料的制备方法简单。
25. 206108456 防碰撞装置
CN
19.04.2017
B65G 69/00 Loading...
B65G 69/00
Loading...
202016001179470
中国神华能源股份有限公司
黄雷
B65G 69/00
Loading...
本实用新型涉及港口机械领域，公开了一种防碰撞装置，其包括用于与外部的可移动机构相连的支架，位于支架一侧的弹性碰撞件，以及固定连接在支架另一侧的信号触发组件，弹性碰撞件与信号触发组件通过连接件连接，其中，信号触发组件包括限定有安全信号触发区域的触发开关和能够相对于触发开关运动的触发件，触发件与连接件相连并被其限制于安全信号触发区域内，以使得当弹性碰撞件在受到外部碰撞时，连接件带动触发件超出安全信号触发区域后发出碰撞报警信号，或当连接件断裂时触发件失去限制超出安全信号触发区域后发出碰撞报警信号。本实用新型的防碰撞装置能够在各种碰撞情况下均能准确触发碰撞信号，从而提高防碰撞装置的防碰撞精度。
26. 206117131 设备的保护器
CN
19.04.2017
H02H 7/20 Loading...
H02H 7/20
Loading...
201621186337.7
中国神华能源股份有限公司
宋洋
H02H 7/20
Loading...
本实用新型涉及保护器领域，公开了一种设备的保护器，该保护器包括：一个或多个电流采集装置，串接在所述设备的电缆和/或交流母线上，用于采集所述电缆和/或交流母线的电流；以及控制装置，安装于所述设备的跳闸回路的外部，在所述电缆和/或交流母线的电流大于所述第一预定值的情况下，控制所述跳闸回路工作。通过将保护器设置在跳闸回路的外侧，能够在保证厂用电源开关回路稳定运行的情况下，降低保护器的改造成本。
27. 106569515 一种水位高低检测系统及方法
CN
19.04.2017
G05D 9/12 Loading...
G05D 9/12
Loading...
201610962166.0
中国神华能源股份有限公司
徐晓磊
G05D 9/12
Loading...
本发明涉及检测系统，公开了一种水位高低检测系统及方法其特征在于，包括：检测开关和PLC；所述检测开关安装在水箱顶部，用于检测该检测开关到水箱内的水面之间的距离；以及所述PLC用于根据所述距离，运算出所述水箱内水的体积V水，并将该体积与设定值作比较后控制所述水箱的供水装置做出相应动作。
28. 206113085 用于火力发电机组的余热利用系统及火力发电机组
CN
19.04.2017
F24D 3/18 Loading...
F24D 3/18
Loading...
202016001142317
中国神华能源股份有限公司
吴志祥
F24D 3/18
Loading...
本实用新型涉及火力发电机组的余热利用领域，并公开了一种用于火力发电机组的余热利用系统和一种火力发电机组，所述余热利用系统包括热泵(1)，所述热泵(1)通过第一管道(2)将所述火力发电机组的凝汽器循环水回水引入到所述热泵(1)中，以便吸收所述凝汽器循环水回水中的热量，所述热泵(1)通过第二管道(3)将所述火力发电机组的凝结水引入到所述热泵(1)中，以便加热所述凝结水，所述热泵(1)通过第三管道(4)将加热后的所述凝结水输送至热网用户(22)。本实用新型的余热利用系统能够回收再利用火力发电机组的余热，由此减少直接排放到大气中的热量，降低温室效应。
29. 206104128 具有高频电源的除尘器系统
CN
19.04.2017
B03C 3/66 Loading...
B03C 3/66
Loading...
201621104675.1
中国神华能源股份有限公司
王振江
B03C 3/66
Loading...
本实用新型涉及设备优化，公开了一种具有高频电源的除尘器系统，其特征在于，该系统包括：高频电源供电装置(1)和除尘器(2)，其中，所述高频电源供电装置(1)与所述除尘器(2)连接，用于提供高频脉动电流至所述除尘器(2)；所述高频电源供电装置(1)通过三根动力电缆与交流电源连接，以被三相供电。该具有高频电源的除尘器系统在节能和提高除尘效果等方面有较大的实际应用价值，其高频电源三相平衡、闪络火花小并且二次电压纹波小。
30. 206116318 一种斥力机构驱动电源
CN
19.04.2017
H01H 71/10 Loading...
H01H 71/10
Loading...
201621046794.6
华中科技大学
袁召
H01H 71/10
Loading...
本实用新型公开了一种斥力机构驱动电源，包括充电单元、放电单元；充电单元包括固态继电器、调压器、带抽头的升压变压器、第一充电电阻、第二充电电阻、单刀双掷开关、高压充电子单元，机动充电子单元和合闸充电子单元；放电单元包括高压放电子单元、机动放电子单元、合闸放电子单元、放电电阻、第一接触器、第二接触器和第三接触器。本实用新型通过增加一组机动充放电子单元，能够使驱动电源在不同的工况下灵活地满足不同的需求。在满足传统的直流断路器简单的分合闸需求的基础上，添加了高速分闸、低速分闸功能，既能够满足快速斥力机构的高速分闸的速度需求，又能够在满足普通斥力机构分闸基础上延长其使用寿命；添加了重合闸功能，可以满足更高的需求。
31. 206108950 海水淡化装置以及多效海水蒸馏淡化设备
CN
19.04.2017
C02F 1/04 Loading...
C02F 1/04
Loading...
201621147115.4
中国神华能源股份有限公司
解利昕
C02F 1/04
Loading...
本实用新型涉及海水淡化领域，公开了一种海水淡化装置以及多效海水蒸馏淡化设备，该海水淡化装置包括壳体(200)和溢流组件(10)，所述溢流组件包括用于排出浓缩后的海水的溢流管(100)，所述溢流管插设于所述壳体的底部，并且所述溢流管位于所述壳体内的第一端口高于所述壳体的底壁。该海水淡化装置能够有效减少进入下一效海水淡化装置中的不溶盐晶粒，防止了不溶盐晶粒聚集成垢。由于在多效海水蒸馏淡化设备中设置了至少一个本实用新型所提供的海水淡化装置，因此减少了进入下一效海水淡化装置中的不溶盐晶粒，从而有效减少了换热器管束上生长成垢的现象。
32. 105507223 带稳定均衡水力驱动系统的抗倾覆水力式升船机
CN
12.04.2017
E02C 5/02 Loading...
E02C 5/02
Loading...
201610027264.5
华能澜沧江水电股份有限公司
马洪琪
E02C 5/02
Loading...
本发明提供一种带稳定均衡水力驱动系统的抗倾覆水力式升船机，包括设置在船闸室中的承船厢，与承船厢相连的机械升降系统、稳定均衡水力驱动系统，所述稳定均衡水力驱动系统包括竖井、设置在竖井中的浮筒、带输水阀的输水主管，下端与输水主管相连的多根分支水管，多根分支水管由下部的直管、中部的转角管和/或分叉管以及上部的直管构成，且上部的直管出水端置于对应的竖井底部，并在直管出水端设置有消能工，各个竖井之间通过水位平衡廊道相连，其特征在于所述稳定均衡水力驱动系统还包括设置在分支水管转角处的第一阻力均衡件或/和分叉管处的第二阻力均衡件、分别设置在输水主管输水阀阀前的环向强迫通气机构和阀后的稳压减振箱。使升船机具有较高抗倾覆能力。
33. 206088449 一种导料槽、尾车装置以及装船机
CN
12.04.2017
B65G 67/60 Loading...
B65G 67/60
Loading...
201621115117.5
中国神华能源股份有限公司
宋文亮
B65G 67/60
Loading...
本实用新型涉及港口机械领域，公开了一种导料槽、尾车装置和装船机，所述导料槽包括安装在输送机上方的导料槽本体(3)、以及连接所述导料槽本体(3)并能够提升所述导料槽本体(3)以增大所述导料槽本体(3)与所述输送机之间的距离的提升装置。本实用新型提供的技术方案可在输送机的输送带发生停运而导致导料槽和输送带之间出现堵料时，及时放掉导料槽内的物料，以快速启动输送带，恢复输送机的正常作业。
34. 206091911 锚杆机风泵进排气系统
CN
12.04.2017
E21B 21/07 Loading...
E21B 21/07
Loading...
201621110239.5
中国神华能源股份有限公司
石浪
E21B 21/07
Loading...
本实用新型实施例公开了一种锚杆机风泵进排气系统，其包括第一风机、除尘箱和喷雾装置，第一风机上具有排气口和补气口，除尘箱上具有第一进口、第三进口和出渣口，第一风机的排气口与第一进口连接，第一风机的补气口与第三进气口连接，喷雾装置用于向除尘箱内喷雾降尘，出渣口用于将除尘箱内的泥水排出。利用本实用新型实施例能够避免风泵卡死，降低风泵的损坏率，还可降低粉尘浓度，提高锚杆机支护的作业环境。
35. 206082147 用于脱硫的吸收塔内托管层及脱硫吸收塔
CN
12.04.2017
B01D 53/80 Loading...
B01D 53/80
Loading...
201621147635.5
中国神华能源股份有限公司
蒋丛进
B01D 53/80
Loading...
本实用新型涉及烟气脱硫领域，公开了一种用于脱硫的吸收塔内托管层及脱硫吸收塔，包括塔体(20)以及位于所述塔体(20)的烟气入口(200)与所述喷淋层(201)之间的用于使从所述烟气入口(200)进入的烟气均匀分布的托管层(10)，所述托管层(10)位于所述塔体(20)的壳体(202)内并垂直于所述壳体(202)的高度方向。该用于脱硫的吸收塔内托管层能够使得从所述烟气入口进入的烟气均匀分布，从而能够与所述喷淋层提供的浆液充分接触反应，例如可提高烟气脱硫效率，大大减小了能耗。将用于脱硫的吸收塔内托管层安装于所述脱硫吸收塔的内部后，能够使得进入所述脱硫吸收塔的烟气均匀分布，大大提高了脱硫吸收塔的脱硫效率，大大减小了能耗。
36. 206096489 一种微震信号采集装置
CN
12.04.2017
G01V 1/28 Loading...
G01V 1/28
Loading...
201621026468.9
中国神华能源股份有限公司
杨俊哲
G01V 1/28
Loading...
本实用新型公开一种微震信号采集装置，包括：壳体、以及设置在壳体内的前置放大器模块、低通滤波器模块、自动增益控制模块、A/D转换电路模块、控制模块和CAN通信模块；所述前置放大器模块的输入端与微震信号采集装置的输入端信号连接，所述CAN通信模块的输出端与微震信号采集装置的输出端信号连接。本实用新型通过增加自动增益控制模块，使得提高了动态范围、信噪比，抗干扰能力等方面的性能，同时降低了对高比特位A/D转换器的要求。
37. 206095911 氨逃逸检测装置及氨逃逸检测装置的安装结构
CN
12.04.2017
G01N 21/00 Loading...
G01N 21/00
Loading...
201620935551.1
中国神华能源股份有限公司
张伟
G01N 21/00
Loading...
本实用新型涉及氨逃逸检测领域，公开了一种氨逃逸检测装置及氨逃逸检测装置的安装结构。所述氨逃逸检测装置包括：发射管(1)、接收管(3)，所述接收管与所述发射管同轴线设置；以及取样管(2)，所述取样管用于设置在待检测烟道(4)内部，所述发射管靠近所述接收管的一端和所述接收管靠近所述发射管的一端分别与所述取样管的两端连接，所述取样管上形成有取样开口(21)。本实用新型所提供的氨逃逸检测装置由于在装配过程中发射管、接收管和取样管之间会存在一定的安装间隙，该安装间隙用作膨胀间隙，使得即使待检测烟道的温度变化，发射管和接收管也能够保持良好的对准，保障氨逃逸检测装置的正常作业。
38. 206094122 排渣系统
CN
12.04.2017
F23J 1/06 Loading...
F23J 1/06
Loading...
201620828603.5
中国神华能源股份有限公司
石磊
F23J 1/06
Loading...
本实用新型涉及火力发电设备领域，公开了一种排渣系统，该排渣系统包括排渣机(1)，该排渣机(1)的出口处设置有大渣旁路通道(2)，以能够选择性地通过该大渣旁路通道(2)输送从所述排渣机(1)的出口输出的炉渣。由于从排渣机(1)的出口输出的炉渣能够选择为通过大渣旁路通道(2)输送，从而避免粒度较大的渣块损坏碎渣机，即使在碎渣机或斗提机故障状态下或者渣块粒度超出碎渣机的碎渣能力的情况下，也能够通过该大渣旁路通道(2)顺利排渣。
39. 206099309 发电机组的PLU保护装置
CN
12.04.2017
H02H 7/06 Loading...
H02H 7/06
Loading...
201620710045.2
中国神华能源股份有限公司
冀树春
H02H 7/06
Loading...
本实用新型公开了一种发电机组的PLU保护装置。该发电机组的PLU保护装置包括：测速传感变送器，与汽轮机相连接，用于采集汽轮机的转速；功率变送器，与发电机相连接，用于采集发电机的功率；采集机构，用于采集汽轮机的机械功率；硬件保护模块，与测速传感变送器、功率变送器和采集机构相连接，用于在汽轮机的转速、发电机的功率和汽轮机的机械功率符合预设条件时生成保护信号，并根据保护信号执行PLU保护，硬件保护模块为硬件回路。通过本实用新型，达到了提高发电机组PLU保护的可靠性的效果。
40. 206089385 污泥回收系统
CN
12.04.2017
C02F 11/00 Loading...
C02F 11/00
Loading...
202016000802344
中国神华能源股份有限公司
刘林
C02F 11/00
Loading...
本实用新型涉及污染物处理领域，公开了一种污泥回收系统，该污泥回收系统包括：底部形成有污泥引导部(11)的污泥水回收池(10)，该污泥引导部(11)的一侧为用于收集污泥水的高位置侧，另一侧为用于使所收集污泥水中的污泥汇集的低位置侧，从而能够对煤泥进行集中处理，从而提高煤污水处理效率，减轻工作人员的作业负担。
41. 206088064 用于皮带输送机的检测装置
CN
12.04.2017
B65G 15/08 Loading...
B65G 15/08
Loading...
202016001147056
中国神华能源股份有限公司
蒋巍
B65G 15/08
Loading...
本实用新型涉及物料输送领域，公开了一种用于皮带输送机的检测装置，该检测装置包括：触发机构(10)，该触发机构(10)根据所述皮带输送机的故障而被触发，所述触发机构包括：旋转轴(11)，该旋转轴(11)可旋转且可轴向移动地安装在机架上；触发部，该触发部固定连接于所述转轴(11)并能够根据所述皮带输送机的故障而使所述旋转轴(11)旋转和/或轴向移动；和检测机构。由于对应于不同皮带输送机的故障而被触发的触发部均能够通过固定连接于转轴(11)而被检测机构所感知，因而能够容易地通过检测机构同时检测到不同触发部的状态，从而能够降低输送带保护装置的设置成本。
42. 206092591 油箱控温系统
CN
12.04.2017
F15B 21/04 Loading...
F15B 21/04
Loading...
202016001147163
中国神华能源股份有限公司
韩斌
F15B 21/04
Loading...
本实用新型涉及液压领域，公开了一种油箱控温系统，该油箱控温系统包括具有出油口(P)和回油口(T)的油箱(10)，所述出油口(P)通过具有第一液压泵(22)和第一切换控制阀(21)的温度控制油路连接于所述回油口(T)，所述油箱(10)上设置有用于控制所述第一切换控制阀(21)和所述第一液压泵(22)的温度控制器(11)，所述第一切换控制阀(21)能够在第一状态和第二状态之间切换，以使得流经所述第一液压泵(22)的液压油经所述第一溢流阀(23)溢流加热或者经所述冷却器(24)散热，从而实现了使油箱10内温度始终保持在液压油的最佳工作温度。
43. 206092193 发电机组操作风险预判装置
CN
12.04.2017
F02D 29/06 Loading...
F02D 29/06
Loading...
201621172296.6
中国神华能源股份有限公司
王曦钊
F02D 29/06
Loading...
本实用新型涉及发电领域，公开了一种发电机组操作风险预判装置，该预判装置包括：输入模块，用于向处理模块输入操作指令；控制逻辑同步模块，用于使处理模块中的控制逻辑与发电机组的分散控制系统中的控制逻辑进行同步；实时工况同步模块，用于使处理模块中的发电机组工况数据与分散控制系统中的发电机组实时工况数据进行同步；以及处理模块，用于基于操作指令、同步后的控制逻辑以及同步后的发电机组实时工况数据来模拟发电机组的操作以得到模拟操作结果，将模拟操作结果与预设操作风险进行匹配以确定是否存在操作风险。本实用新型能够对发电机组的操作风险进行预判，进而能够为发电机组的重要操作提供决策依据，并提高发电机组运行的安全性和稳定性。
44. 206096872 发电设备智能监控装置
CN
12.04.2017
G05B 19/048 Loading...
G05B 19/048
Loading...
202016000848439
中国神华能源股份有限公司
刘鲁京
G05B 19/048
Loading...
本实用新型涉及智能监控领域，公开了一种发电设备智能监控装置，该监控装置包括：感应单元、曲线拟合单元和分析预警单元，其中，所述感应单元用于采集所述发电设备的参数；所述曲线拟合单元与所述感应单元连接，用于从所述感应单元获取参数数据，并利用神经网络算法根据所述参数数据中的非故障参数数据设定基准曲线；以及所述分析预警单元与所述感应单元和所述曲线拟合单元连接，用于获取所述参数数据和所述基准曲线，并分别计算相同时间点的多个所述参数数据与所述基准曲线上的值之间的多个差值，根据所述多个差值判断发出预警信号。本实用新型可以提供精确地预警功能，提高安全经济运行能力。
45. 206092010 管片接头
CN
12.04.2017
E21D 11/08 Loading...
E21D 11/08
Loading...
201621044948.8
中国神华能源股份有限公司
杜彬
E21D 11/08
Loading...
本实用新型公开了一种管片接头。管片接头包括第一管片，第一管片上有容纳槽，容纳槽的槽底有弹性件，容纳槽内有挡块，挡块位于弹性件与容纳槽的槽口之间，挡块上有对齐设置的连接孔和限位孔，连接孔的入口朝向槽口，限位孔的内径沿远离连接孔出口的方向增大；压板和多个限位杆，限位杆位于压板的同一侧，压板抵接在弹性件上，限位杆的末端同时抵接在限位孔的内壁上限定出扣接孔；第二管片上连接有套杆，套杆的末端穿设过连接孔后固定在扣接孔内。本实用新型提供的管片接头，提高了盾构管片接头连接柔性，提高了盾构管片接头的抗剪、抗拉、以及抗弯强度性能。
46. 206092052 移动除尘装置及掘进设备
CN
12.04.2017
E21F 5/20 Loading...
E21F 5/20
Loading...
202016001060888
中国神华能源股份有限公司
原长锁
E21F 5/20
Loading...
本实用新型公开了一种移动除尘装置及掘进设备。移动除尘装置包括正压风筒，正压风筒包括正压进风口和正压出风口，正压进风口与高压气源相连接，正压出风口朝向工作面；负压风筒包括负压进风口和负压出风口，负压进风口朝向工作面；除尘器的除尘进风口与负压出风口相连接，除尘器内部设置有除尘件；除尘器固定在移动小车上。掘进设备包括掘锚机和迈步自移机尾，以及移动除尘装置，掘锚机抵接在工作面，移动小车可移动地设置在迈步自移机尾上。本实用新型提供的移动除尘装置及掘进设备，减小了人工劳动强度，提高了掘进工作面除尘效率，降低了掘进工作面的灰尘。
47. 206089145 网格絮凝剂池
CN
12.04.2017
C02F 1/52 Loading...
C02F 1/52
Loading...
202016001070065
中国神华能源股份有限公司
房璟
C02F 1/52
Loading...
本实用新型提供了一种网格絮凝剂池。该网格絮凝剂池包括多个网格单元，多个网格单元呈阵列布置，该网格絮凝池还包括：水冲管，水冲管延伸经过各网格单元，且水冲管的部分管段上设置有出水孔在网格絮凝池上布设有延伸经过各网格单元的水冲管，且水冲管的部分管段上设置有出水孔。这有利于使网格絮凝池的液面具有一定的流动性，从而破坏浮渣聚集的条件，使浮渣在网格絮凝池中充分混凝、凝聚，进而沉淀于池底。在此基础上，采用本申请提供的网格絮凝池能够有效地解决网格絮凝池中浮渣聚集的问题。
48. 206091986 破碎转载机
CN
12.04.2017
E21C 29/22 Loading...
E21C 29/22
Loading...
202016001060887
中国神华能源股份有限公司
原长锁
E21C 29/22
Loading...
本实用新型公开了一种破碎转载机。破碎转载机包括底盘，所述底盘包括中间架、以及用于驱动所述中间架运动的履带，所述履带设置在所述中间架的两侧；滑移架，所述滑移架可滑动地设置在所述中间架上；受料部，所述受料部铰接于所述滑移架上，所述受料部上设置有用于接收物料的第一进料口和排出物料的第一出料口；破碎部，所述破碎部固定在所述滑移架上，所述破碎部包括第二进料口和第二出料口，所述第二进料口与所述第一出料口相连接；用于卸载物料的卸料带，所述第二出料口位于所述卸料带的上方。本实用新型提供的破碎转载机，提高了提高受料部的受料范围，改善了煤炭外落的问题，降低了人工劳动强度，提高了转载和破碎效率。
49. 206092043 自移防护装置
CN
12.04.2017
E21D 23/04 Loading...
E21D 23/04
Loading...
202016001060889
中国神华能源股份有限公司
杨俊哲
E21D 23/04
Loading...
本实用新型公开了一种自移防护装置。包括支撑座；顶棚，所述顶棚与所述支撑座相对设置，所述顶棚和所述支撑座通过可伸缩的支撑件相连接，所述顶棚朝向所述支撑座的表面上连接有推移件，所述推移件的末端沿所述顶棚的长度方向伸缩设置；行走腿，所述行走腿的第一端与所述推移件的末端固定连接，所述行走腿的第二端朝远离所述顶棚的方向可伸缩设置。本实用新型提供的自移防护装置，降低了掘锚机或破碎机的事故概率，提高了生产效率，提高了防护安全度，保证了人员安全。
50. 206082816 一种拦杂报警系统
CN
12.04.2017
B03B 7/00 Loading...
B03B 7/00
Loading...
202016001055053
中国神华能源股份有限公司
牛超
B03B 7/00
Loading...
本实用新型提出一种拦杂报警系统，包括：胶带机、拦杂网和报警装置；所述胶带机设置有溜槽，在所述溜槽的前端连接有迎煤板，在所述溜槽与所述迎煤板的连接处或距离所述连接处第一预设距离的所述溜槽上或所述迎煤板上安装所述拦杂网，所述拦杂网位于所述迎煤板的上方；在距离所述拦杂网第二预设距离处安装所述报警装置，当煤流沿所述溜槽滑至所述拦杂网并触发所述报警装置后，所述报警装置进行报警。本实用新型使煤中的杂物能够被自动过滤，而且当杂物累积过多时，能够在不影响正常生产的情况下发出报警的方式通知工作人员，使工作人员能够及时清理拦杂网上的杂物，从而降低了煤的含杂率，提高煤的品质。
51. 206088285 具有防堵功能的胶带机
CN
12.04.2017
B65G 47/44 Loading...
B65G 47/44
Loading...
201621058897.4
中国神华能源股份有限公司
班海俊
B65G 47/44
Loading...
本实用新型公开了一种具有防堵功能的胶带机。包括滚筒和缠绕在滚筒上的皮带，相连接的挡板和溜槽，挡板与滚筒之间形成落料通道，皮带上的物料随皮带运动至滚筒处通过落料通道滑落到溜槽中，溜槽上远离滚筒的一端设置有出料口；还包括：用于在接触物料后控制滚筒断电的第一开关和第二开关，第一开关和第二开关串联在滚筒的供电电路中；第一开关设置在溜槽上，并且位于滚筒与出料口之间；第二开关设置于落料通道中，并且第一开关的高度高于滚筒的高度。本实用新型提供的具有防堵功能的胶带机，实现了对多种物料的防堵作用，防堵动作准确性、灵敏度高，保证了胶带机正常运行，提高了生产效率。
52. 206082546 丙烯保护床的再生装置
CN
12.04.2017
B01J 20/34 Loading...
B01J 20/34
Loading...
202016001070427
神华集团有限责任公司
马颖足
B01J 20/34
Loading...
本实用新型提供了一种丙烯保护床的再生装置。该再生装置包括第一丙烯保护床，设置有泄压口，再生装置还包括丙烯回收罐，丙烯回收罐与泄压口经丙烯回收管路相连。将第一丙烯保护床的泄压口与丙烯回收罐相连通，这有利于回收从泄压口排出的混合气体中的丙烯气，从而减少了再生过程中丙烯的浪费，进而提高了丙烯的回收率。
53. 206084969 可调节式支撑装置
CN
12.04.2017
B25H 1/06 Loading...
B25H 1/06
Loading...
202016001077464
中国神华能源股份有限公司
王小龙
B25H 1/06
Loading...
本实用新型公开了一种可调节式支撑装置，包括：第一支架，所述第一支架用于支撑被支撑物；限位机构，所述限位机构可移动连接在所述第一支架上，所述限位机构用于限定和调节所述第一支架的支撑宽度。本实用新型提供一种可调节式支撑装置，能够调节支撑宽度，定位支撑不同尺寸的被支撑物；另外，还能够调节支撑高度和支撑强度，来提高支撑装置的通用性。
54. 206092011 管片柔性接头
CN
12.04.2017
E21D 11/08 Loading...
E21D 11/08
Loading...
201621044950.5
中国神华能源股份有限公司
刘保国
E21D 11/08
Loading...
本实用新型公开了一种管片柔性接头。管片柔性接头包括：第一管片，第一管片上开设有第一连接槽；连接杆的第一端连接有限位凸起，限位凸起位于第一连接槽内，限位凸起的外径大于第一连接槽槽口的口径；第二管片上开设有第二连接槽，第一连接槽与第二连接槽相对设置，连接杆的第二端可旋转地连接在第二连接槽内。本实用新型提供的管片柔性接头，管片柔性接头可以实现拉伸、压缩、剪切、以及旋转等任意方向的较大运动，允许管片产生一定的张开和错动以适应大的地层变形，保护管片不受损伤，提高管片支护的稳定性，又具有安装便捷的优点。
55. 206091989 降尘采煤机
CN
12.04.2017
E21C 35/22 Loading...
E21C 35/22
Loading...
202016001054903
中国神华能源股份有限公司
宋亚新
E21C 35/22
Loading...
本实用新型公开了一种降尘采煤机。降尘采煤机包括供水管和用于切割煤块的滚筒，所述供水管沿所述滚筒的外侧壁面延伸设置，所述供水管的外侧管壁上设置有多个与所述供水管相连通的喷嘴，多个所述喷嘴的出口均朝向所述滚筒设置，所述供水管的第一端封闭设置，所述供水管的第二端与高压水源相连接。本实用新型提供的降尘采煤机，增加了降尘效果，改善了作业环境，避免了电焊切割或更换滚筒造成的风险，降低了生产成本。
56. 206092047 风筒连接装置
CN
12.04.2017
E21F 1/06 Loading...
E21F 1/06
Loading...
201621044949.2
中国神华能源股份有限公司
古旗高
E21F 1/06
Loading...
本实用新型公开了一种风筒连接装置。包括连接块、第一锁止杆、第二锁止杆；连接块包括第一连接面和第二连接面，连接块上开设有连接孔，入口位于第一连接面，出口位于第二连接面，连接块上开设有用于卡接两个相对接的钢环的条形槽，两个所述钢环分别位于两个相对接的风筒的端部，条形槽的两端开口设置，连接孔与条形槽相连通；第一锁止杆的第二端从连接孔的入口可调节地穿设进条形槽；第二锁止杆的第一端位于连接块外部，第二锁止杆的第二端从连接孔的出口可调节地穿设进条形槽。本实用新型提供的风筒连接装置，简化连接结构和连接方式，提高连接效率，便于在巷道内部的搬运和移动。
57. 206092064 密封门组件及密封门装置
CN
12.04.2017
E21F 17/12 Loading...
E21F 17/12
Loading...
201620438847.2
中国神华能源股份有限公司
张立辉
E21F 17/12
Loading...
本实用新型公开了一种用于矿井的回风井口中安全出口内的密封门组件，包括门框和安装在所述门框上的单扇风门；所述单扇风门的一侧可转动地安装在所述门框上；所述单扇风门上设置有能够与所述门框配合和分离的锁紧装置；在所述单扇风门的内外两侧都设置有能够驱动所述锁紧装置开启和锁紧的转动手轮。本实用新型还公开了一种密封门装置。实用新型提供的密封门组件及密封门装置，进出空间大，利于人员通过，密封效果好，提高了密封性能。
58. 206088448 溜筒的安装结构以及装船机
CN
12.04.2017
B65G 67/60 Loading...
B65G 67/60
Loading...
202016001113594
中国神华能源股份有限公司
李建光
B65G 67/60
Loading...
本实用新型涉及货物运输技术领域，公开了一种溜筒的安装结构以及装船机，该溜筒的安装结构包括溜筒组件和承载组件(11)，所述溜筒组件包括溜筒(10)和用于将所述溜筒(10)连接于散料设备的连接部件(12)，所述承载组件包括承载环(110)，所述承载环套装于所述溜筒的外部，且所述承载环位于所述连接部件的下方，以能够承载坠落的所述溜筒组件，从而避免了打捞工作，提高了作业的安全可靠性。所述装船机包括回转机构(13)和本实用新型提供的溜筒的安装结构，其中所述溜筒的顶部通过所述连接部件与所述回转机构相连接。由于所述溜筒的安装结构能够承接所述溜筒组件的坠落，避免了打捞工作，提高了装船机的作业效率。
59. 206089214 一种生物菌种筛选及培养固化装置
CN
12.04.2017
C02F 3/34 Loading...
C02F 3/34
Loading...
202016001120417
中国神华能源股份有限公司
魏志明
C02F 3/34
Loading...
本实用新型公开了一种生物菌种筛选及培养固化装置。其中，该生物菌种筛选及培养固化装包括：预处理器，包括用于除去污水或污泥中杂质的处理部件及杂质排除口和含菌液体排出口；处理反应器，与预处理器的含菌液体排出口相连通，包括用于培养兼性硝化菌的AR1室和用于培养兼性碳化菌的AR2室以及菌种分离排放管和出泥室；培养室，与处理反应器的菌种分离排放管相连通，内部设置有微生物培养基；以及固化器，用于将培养室中培养出的菌种提浓固化。采用本实用新型，可以驯化出高效处理煤制烯烃项目MTO装置污水的生物菌种，在污水处理系统受到恶劣水冲击时适量投加高效菌剂增效，可以降低或避免对污水处理系统的冲击。
60. 206094897 一种煅烧炉
CN
12.04.2017
F27B 14/02 Loading...
F27B 14/02
Loading...
201621126303.9
中国神华能源股份有限公司
高桂梅
F27B 14/02
Loading...
本实用新型公开了一种煅烧炉，包括炉体组件、设置在炉体组件内的容料罐、设置在炉体组件外用于驱动容料罐转动的驱动组件和设置在炉体组件内用于对容料罐进行加热的加热装置；炉体组件包括炉壳、设置在炉壳内的保温腔和设置在保温腔内的管式炉膛；容料罐可转动地设置在管式炉膛内，容料罐的一端设置有排气口，容料罐上与排气口相对的一端设置有物料进出口；驱动组件包括驱动电机，容料罐上具有排气口的一端通过传动组件与驱动电机连接。本实用新型提供煅烧炉，通过在管式炉膛内设置可以转动的容料罐，将其设置为内旋式，传动负荷明显减低，提高了管式炉膛的寿命，以容料罐可以进行正反转工作，烧结效果更好。
61. 206092046 用于柔性风筒的连接紧固装置
CN
12.04.2017
E21F 1/06 Loading...
E21F 1/06
Loading...
201620479535.6
中国神华能源股份有限公司
徐怀前
E21F 1/06
Loading...
本实用新型公开了一种用于柔性风筒的连接紧固装置，包括：固定带，所述固定带可贴合连接在两个所述柔性风筒的重叠处，所述固定带用于固定两个所述柔性风筒的相对位置；锁紧件，所述锁紧件与所述固定带连接，所述锁紧件用于所述固定带贴合锁紧在两个所述柔性风筒上。本实用新型提供一种用于柔性风筒的连接紧固装置，解决柔性风筒之间连接不紧固，漏风率大，甚至造成柔性风筒脱节，降低有效通风量。
62. 206088222 刮板机综合保护装置
CN
12.04.2017
B65G 43/02 Loading...
B65G 43/02
Loading...
201621110223.4
中国神华能源股份有限公司
班海俊
B65G 43/02
Loading...
本实用新型公开了一种刮板机综合保护装置。包括第一转轮、第二转轮、以及同时套设在第一转轮和第二转轮上用于传输物料的传输链，还包括第一开关，第一开关位于传输链形成的环形空间内并靠近第一转轮；第二开关连接在保护链上，保护链的第一端固定设置，保护链的第二端可拆卸地连接在传输链上；第三开关的高度高于传输链的高度，第三开关靠近第二转轮；第四开关的高度低于传输链的高度，第四开关靠近第一转轮设置。本实用新型提供的刮板机综合保护装置，对刮板机全面检测和保护，检测结果灵活，可及时发现故障，维修人员检修结束后忘记拆卸保护链的情况下对保护链进行保护，降低事故时资产的损失，制作成本低。
63. 206088447 用于港口机械的开关门及港口机械
CN
12.04.2017
B65G 67/60 Loading...
B65G 67/60
Loading...
202016001113498
中国神华能源股份有限公司
李建光
B65G 67/60
Loading...
本实用新型涉及港口机械领域，并公开了一种用于港口机械的开关门和一种港口机械，所述开关门包括：安装基础(1)；门体(2)，所述门体具有第一侧和第二侧；第一回转销(3)；以及第二回转销(4)，其中，在所述第一侧，所述门体通过所述第一回转销和所述第二回转销与所述安装基础可枢转地连接，所述第一回转销和所述第二回转销的各自的中心轴线同轴设置并且顺时针倾斜，或者在所述第二侧，所述门体通过所述第一回转销和所述第二回转销与所述安装基础可枢转地连接，所述第一回转销和所述第二回转销的各自的中心轴线同轴设置并且逆时针倾斜。本实用新型的用于港口机械的开关门结构简单、易于制造、成本较低且安全性更高的优点。
64. 206082186 发电机组的化学加氨装置
CN
12.04.2017
B01D 53/90 Loading...
B01D 53/90
Loading...
202016001139218
中国神华能源股份有限公司
顾庆华
B01D 53/90
Loading...
本实用新型涉及火力发电领域，公开了一种发电机组的化学加氨装置，该发电机组化学加氨装置包括烟气脱硝系统和化学加药系统，所述烟气脱硝系统包括气氨供应单元(1)，所述化学加药系统包括加氨单元(2)，所述气氨供应单元(1)的氨气排放口与所述加氨单元(2)的气氨输入口连通。本实用新型的发电机组的化学加氨装置为将烟气脱硝系统的气氨供应单元与化学加药系统的加氨单元相连通，利用烟气脱硝系统的气氨供应单元为化学加药系统的加氨单元供氨，省去了为化学加药系统额外配置液氨钢瓶。
65. 206082146 石灰石浆液脱硫系统
CN
12.04.2017
B01D 53/80 Loading...
B01D 53/80
Loading...
202016001139390
中国神华能源股份有限公司
张凯
B01D 53/80
Loading...
本实用新型公开了一种石灰石浆液脱硫系统，该石灰石浆液脱硫系统包括石灰石浆液箱(1)、石灰石浆液泵(2)和至少两个吸收塔(3)，每个所述吸收塔(3)与所述石灰石浆液箱(1)之间连接有一一对应的石灰石浆液泵(2)，相邻两个所述吸收塔(3)的进口管道(31)之间设有连通管道(4)，所述连通管道(4)中设有联络阀门(41)。所述石灰石浆液脱硫系统能够节约电能，降低石灰石浆液泵的磨损，延长石灰石浆液泵的使用寿命。
66. 206094164 等离子冷却风系统
CN
12.04.2017
F23Q 7/22 Loading...
F23Q 7/22
Loading...
202016001147171
中国神华能源股份有限公司
周宏宝
F23Q 7/22
Loading...
本实用新型涉及能源领域，公开了一种等离子冷却风系统，该等离子冷却风系统包括风机，用于将所述风机所产生的风引导至等离子煤粉点火燃烧器上的风管，所述风管包括：与所述风机连通以引导风的主风管，和连通在所述主风管和所述等离子煤粉点火燃烧器之间的等离子冷却管，从而能够使利用主风管所连通的风机进行冷却。当所利用的风机是锅炉冷却系统中的风机时，无需设置专门的等离子冷却风机，从而能够节约能源，降低系统的维护量。
67. 206096893 一种连采系统
CN
12.04.2017
G05B 19/05 Loading...
G05B 19/05
Loading...
202016001077539
中国神华能源股份有限公司
张鹏
G05B 19/05
Loading...
本实用新型提出一种连采系统，包括：PLC控制装置、连采给料破碎机和连采配套设备；所述PLC控制装置与所述连采给料破碎机和所述连采配套设备通过电缆进行连接和/或通过通信协议进行连接；所述连采配套设备至少包括：连采胶带机和胶带机驱动控制器；所述PLC控制装置至少包括通信模块、处理器和显示器。本实用新型解决了煤矿井下连采给料破碎机及连采配套设备发生故障时，需要对设备逐一排除才能找到故障设备的问题，使工作人员能够快速的维修故障设备，从而提高了生产效率、节约了人力和财力；实现了连采系统中远程监测和控制的功能，为煤矿精细化管理提供了完备的数据基础，也使矿井生产更加安全。
68. 206089501 烯烃分离装置与包括其的甲醇制烯烃系统
CN
12.04.2017
C07C 1/20 Loading...
C07C 1/20
Loading...
201621121136.9
中国神华能源股份有限公司
贾金秋
C07C 1/20
Loading...
本申请提供了一种烯烃分离装置与包括其的甲醇制烯烃系统。该烯烃分离装置包括脱甲烷塔、脱乙烷塔与丙烯精馏设备，其中，脱甲烷塔包括丙烷进料口和物料出口；脱乙烷塔的物料入口与脱甲烷塔的物料出口通过第一管线相连接；丙烯精馏设备的物料入口通过第二管线与脱乙烷塔的物料出口相连接，丙烯精馏设备的物料出口通过第三管线与丙烷进料口连接，烯烃分离装置还包括第四管线，第四管线一端与脱乙烷塔的物料出口连接，另一端与丙烷进料口连接。该烯烃分离装置在丙烯精馏单元建立循环之前，碳三组分通过第四管线进入脱甲烷塔中，使得脱甲烷塔可以正常进行丙烷洗工艺，避免了丙烯供应不及时导致的产品合格时间长与物料损失大问题。
69. 206069967 一种粉煤灰提铝装置
CN
05.04.2017
C22B 7/02 Loading...
C22B 7/02
Loading...
202016001028502
中国华能集团清洁能源技术研究院有限公司
肖平
C22B 7/02
Loading...
本实用新型公开了一种粉煤灰提铝装置，包括焙烧系统和浸取系统；所述的焙烧系统包括设有加热装置的反应釜，反应釜内设有由电机驱动的反应釜搅拌装置，反应釜的上方的入料口连接有硫酸铵计量给料装置和粉煤灰计量给料装置，反应釜上部开设有NH3出口与内部存储有水的NH3吸收装置相连接；所述的浸取系统包括承接排料阀排出物的浸取池，沉淀池与浸取池隔着过滤器相连通；浸取池内设置有浸取池搅拌装置，沉淀池与NH3吸收装置的氨水排出口相连通；本实用新型具有投料方便、反应环境好、不易粘接、生产效率高、运行可靠性好、反应时间可控、易清理、便于观测等优点。
70. 206069794 一种飞灰和废水再循环的煤气化、净化系统
CN
05.04.2017
C10J 3/48 Loading...
C10J 3/48
Loading...
202016001050217
中国华能集团公司
史绍平
C10J 3/48
Loading...
一种飞灰和废水再循环的煤气化、净化系统，将气化反应后产生的飞灰一部分及浓缩后的含固废水循环利用以制备水煤浆，经次级喷嘴再次投入气化炉；本实用新型将合成气净化系统中产生的飞灰及废水同时再循环至煤气化系统中综合利用，可以降低合成气净化系统中废水处理的复杂程度，不需要液固完全分离，同时利用水煤浆进料还可以进一步降低合成气温度，提高碳转化率至接近99％，节约的水蒸汽用来发电则可提高IGCC整体效率约0.2％～0.3％。
71. 206068811 漏斗及其物料转运装置
CN
05.04.2017
B65G 47/18 Loading...
B65G 47/18
Loading...
201621113506.4
中国神华能源股份有限公司
宋文亮
B65G 47/18
Loading...
本实用新型涉及港口机械技术领域，公开了一种漏斗及其物料转运装置。漏斗包括：进口(101)、出口(102)以及连接进口(101)和出口(102)的漏斗壁(103)；在漏斗壁(103)上设置有侧开口(104)和用于开关侧开口(104)的闭合门(401)。通过使用本实用新型的漏斗，解决在清理堵塞物料时，费时费力及存在安全隐患的问题。
72. 206073062 用于锅炉系统的燃烧装置及锅炉系统
CN
05.04.2017
F23C 7/00 Loading...
F23C 7/00
Loading...
201621112342.3
中国神华能源股份有限公司
孔红兵
F23C 7/00
Loading...
本实用新型涉及发电领域，公开了一种用于锅炉系统的燃烧装置及锅炉系统。用于锅炉系统的燃烧装置包括用于输送一次风的第一燃烧单元(10)和用于输送二次风的第二燃烧单元(20)，第一燃烧单元(10)包括用于喷出一次风的第一喷口(11)，第二燃烧单元(20)包括用于喷出二次风的第二喷口(21)，第一喷口(11)的喷口方向与第二喷口(21)的喷口方向交汇。本实用新型的燃烧装置可以使一次风与二次风更好地混合，避免了煤粉着火延迟，提高了煤粉燃烧的稳定性。
73. 106554773 一种长寿命有机室温磷光材料及其制备方法和应用
CN
05.04.2017
C09K 11/07 Loading...
C09K 11/07
Loading...
201610931156.0
清华大学
周明
C09K 11/07
Loading...
本发明属于发光材料技术领域，具体涉及一种长寿命有机室温磷光材料及其制备方法和应用。该制备方法包括以下步骤：S1、按重量份计，将1～100份富含N元素和O元素的碳量子点与20000份尿素混合溶解在水中，搅拌均匀得到反应混合液；S2、将步骤S1所得反应混合液置于微波炉中加热，直到固体出现，依次经过冷却和研磨，即得。本发明所述方法，原料纯有机、无毒、廉价，合成路线简单，反应条件温和，适合大批量生产；所制备的室温磷光材料在室温空气下量子产率高，衰减时间长，在防伪、信息加密、光伏器件等领域具有极大的推广应用价值。
74. 206068919 粉料输送装置
CN
05.04.2017
B65G 53/06 Loading...
B65G 53/06
Loading...
202016000839843
中国神华能源股份有限公司
刘小奇
B65G 53/06
Loading...
本实用新型公开了一种粉料输送装置，包括气粉混合器(13)、柱塞筒式粉仓和线性驱动机构，柱塞筒式粉仓包括柱塞(7)及柱塞筒(8)，线性驱动机构驱动柱塞在柱塞筒内线性移动，以推动粉料进入气粉混合器内，实现粉料的气力输送。线性驱动机构包括旋转驱动电机(1)、丝杆(4)和丝杆滑块(6)，柱塞与丝杆滑块相连，旋转驱动电机驱动丝杆旋转以带动丝杆滑块和柱塞线性移动。气粉混合器连接有并行设置的多个柱塞筒式粉仓，丝杆滑块连接并带动多个柱塞筒式粉仓的多个柱塞同步线性移动。本实用新型可实现小粒径粉体颗粒的微量输送，具有误差小、给粉精确、可长时间连续工作的优点。对粉体的适应性好，根据给粉量的不同可调节粉仓内的装粉量。
75. 206068990 翻车机压车梁电缆线保护装置
CN
05.04.2017
B65G 67/48 Loading...
B65G 67/48
Loading...
202016001108890
中国神华能源股份有限公司
代晓雪
B65G 67/48
Loading...
本实用新型涉及一种翻车机压车梁电缆线保护装置，所述翻车机包括平台(100)和压车梁(200)，该压车梁(200)能够相对于所述平台(100)在最高位置(A1)和最低位置(A2)之间往复移动，电缆线(50)的两端分别连接在所述平台(100)和所述压车梁(200)的接线盒上，其中，所述电缆线保护装置包括多连杆机构，该多连杆机构的一端铰接在所述平台(100)或所述压车梁(200)上，所述电缆线(50)固定在所述多连杆机构上。通过上述技术方案，当压车梁相对于平台上下移动时，多连杆机构也随之运动，固定于多连杆机构上的电缆线能够避免与翻车机主体摩擦，避免电缆线损伤或拉断。
76. 206071886 用于真空泵的增压降温装置和真空泵系统
CN
05.04.2017
F04C 29/04 Loading...
F04C 29/04
Loading...
202016001115034
中国神华能源股份有限公司
张德奎
F04C 29/04
Loading...
本实用新型涉及发电、化工能源领域，公开了一种用于真空泵的增压降温装置和真空泵系统，该增压降温装置包括第一壳体(1)，第一壳体内形成有第一平直流道(11)和从第一平直流道(11)开始内径逐渐缩小的第一渐缩流道(12)，第一平直流道(11)上形成有入气口(3)，第一渐缩流道(12)上形成有出液口(121)和用于与真空泵连通的出气口(122)；第二壳体(2)，第二壳体(2)具有流体通道(21)，流体通道(21)的入口端设置有液体雾化喷嘴(5)。其中，第二壳体连接在第一平直流道(11)处，使得流体通道(21)的出口端与第一平直流道(11)相通。本实用新型能够有效防止真空泵的叶轮因气蚀而损坏，从而有效地保证了真空泵工作的可靠性。
77. 206075115 一种汽轮机危急遮断系统的主机PLC
CN
05.04.2017
G05B 19/05 Loading...
G05B 19/05
Loading...
201621110390.9
中国神华能源股份有限公司
王兆暄
G05B 19/05
Loading...
本实用新型涉及汽轮机危急遮断系统技术领域，公开了一种汽轮机危急遮断系统的主机PLC，解决了CPU模块、IO从站、测点通道、电源模块、通讯模块合理优化配置的问题，保证机组ETS系统在任一模块或测点故障的情况下安全稳定运行。所述主机PLC包括：支持以太网通讯方式的人机界面触摸屏，与所述人机界面触摸屏连接的交换机，以及通过环路连接的第一CPU主站、第二CPU主站、第一IO从站和第二IO从站，且所述交换机分别与所述第一CPU主站和第二CPU主站连接，其中，所述第一CPU主站和第二CPU主站中的CPU模块均为具备热备自切功能，且支持QEIO架构的CPU模块，所述第一IO从站和第二IO从站支持QEIO架构。本实用新型适用于汽轮机危急遮断系统的主机PLC的升级优化。
78. 206068960 具有操作室的俯仰臂及取料机
CN
05.04.2017
B65G 65/28 Loading...
B65G 65/28
Loading...
201621110443.7
中国神华能源股份有限公司
郗洪涛
B65G 65/28
Loading...
本实用新型公开了一种具有操作室的俯仰臂及取料机，其中，该俯仰臂(1)包括：第一支撑台(3)，第一支撑台(3)向上伸出有支撑杆(5)和伸缩缸(6)，操作室(2)，操作室(2)的底板分别铰接于所述支撑杆(5)和所述伸缩缸(6)；固定支撑梁(8)；以及走梯(7)，走梯(7)的上端铰接于所述操作室(2)；其中，走梯(7)中形成有滑道，所述固定支撑梁(8)设有滚轮，在所述操作室(2)的调平过程中，所述滚轮沿所述滑道滑行。通过将走梯与固定支撑梁的连接方式设计为固定支撑梁在走梯上滑动，可以降低走梯在操作室枢转调平时的角度变化，降低走梯的陡峭程度，更便于操作人员在走梯上行走，提高安全性。
79. 206068991 伸缩臂架挂缆过拉力保护装置
CN
05.04.2017
B65G 67/60 Loading...
B65G 67/60
Loading...
202016001090932
中国神华能源股份有限公司
杨文博
B65G 67/60
Loading...
本实用新型涉及设备优化，公开了一种伸缩臂架挂缆过拉力保护装置，该保护装置包括：电缆(12)、主控模块(21)以及信号提供模块(22)，其中，所述电缆(12)连接在所述主控模块(21)和所述信号提供模块(22)之间，用于传递拉力信号，所述电缆(12)的长度小于所述伸缩臂架挂缆(11)的长度；以及所述主控模块(21)用于当所述电缆(12)断裂而无法接收所述拉力信号时使驱动所述臂架伸缩的电机停机。该伸缩臂架挂缆过拉力保护装置可以在伸缩臂架挂缆即将受到大的拉力时及时报警停机，从而避免伸缩臂架挂缆被拉伸破坏甚至是拉断情况的出现。
80. 206073110 排烟装置以及燃烧系统
CN
05.04.2017
F23J 11/00 Loading...
F23J 11/00
Loading...
202016001090992
中国神华能源股份有限公司
马明轩
F23J 11/00
Loading...
本实用新型涉及排烟技术领域，公开了一种排烟装置以及燃烧系统，所述排烟装置包括主排烟管(10)和辅排烟管，所述主排烟管(10)包括互成夹角的第一主排烟管(100)和第二主排烟管(101)，所述主排烟管包括设置在所述第二主排烟管上的出口段，所述辅排烟管包括第一排烟管(11)，所述第一排烟管与所述出口段的端口相连通，并且所述第一排烟管的中轴线与所述出口段的轴线互成夹角。该排烟装置能够减少进入排烟装置的风，因此大大减少了排烟装置使用时的排烟背压。燃烧系统包括燃烧设备(2)和上述排烟装置，所述第一主排烟管(100)与所述燃烧设备(2)的排放口相连通。由于该燃烧系统包括了上述排烟装置，从而使得该燃烧设备运行稳定。
81. 206074310 用于钻孔钻屑的采集装置
CN
05.04.2017
G01N 1/20 Loading...
G01N 1/20
Loading...
202016001054899
中国神华能源股份有限公司
邹银辉
G01N 1/20
Loading...
本实用新型公开了一种用于钻孔钻屑的采集装置，包括：收集仓，所述收集仓包括顶板、底板以及用于连接所述顶板和所述底板的侧壁，所述侧壁上设置有两个相对的插孔，麻花钻杆能够通过两个所述插孔贯穿所述收集仓；收集管，所述收集管固定在所述侧壁的外部，所述收集管通过所述插孔与所述收集仓连通；所述收集管能够套设在所述麻花钻杆的外部，用于收集所述麻花钻杆钻进产生的钻屑。本实用新型提供一种用于钻孔钻屑的采集装置，能够减少钻屑损失，提高测量准确性；另外，还能够避免钻屑飞扬带来的钻屑损失，同时避免污染工作环境。
82. 206054018 一种用于汽轮机的高压加热器装置及汽轮机回热系统
CN
29.03.2017
F01K 17/02 Loading...
F01K 17/02
Loading...
201621059156.8
中国神华能源股份有限公司
沈明军
F01K 17/02
Loading...
本实用新型涉及一种用于汽轮机的高压加热器装置及汽轮机回热系统。该高压加热器装置包括第一高压加热器(3)和低于该第一高压加热器的第二高压加热器(7)，所述第二高压加热器上设置有液位保护切除装置，所述第一高压加热器设置有用于接收高压蒸汽的蒸汽进气口(1)和设置在所述第一高压加热器上端的用于排出蒸汽的蒸汽出气口(2)，所述第一高压加热器的下端设置有第一疏水管道(9)，所述第二高压加热器的下端设置有第二疏水管道(10)，所述第一高压加热器的第一疏水管道和所述第二高压加热器的第二疏水管道连接。通过利用本实用新型的高压加热器装置，可以实现对高压加热器泄露的迅速检测并避免下级高压加热器的损坏。
83. 206050812 牵引滚筒、牵引滚筒装置以及牵引系统
CN
29.03.2017
B65G 39/02 Loading...
B65G 39/02
Loading...
201621091126.5
中国神华能源股份有限公司
王洪宾
B65G 39/02
Loading...
本实用新型公开了一种牵引滚筒、牵引滚筒装置以及牵引系统。牵引滚筒包括旋转轴(10)和同轴地固定安装于该旋转轴(10)的圆筒体(20)，该圆筒体(20)上设置有限位槽(30)，该限位槽(30)沿所述圆筒体(20)的周向形成且位于所述圆筒体(20)沿轴向方向上的中部。本实用新型提供的牵引滚筒的中部设置有限位槽，在牵引输送带的过程中，将连接于输送带的钢丝绳位于上述限位槽内，以防止输送带在牵引过程中跑偏，从而一般工作人员只需两个人就能够完成输送带的装卸工作，而且对输送机的牵引滚筒的损坏也大大减少，输送带的装拆的工作效率大大提高。
84. 105211083 一种环二肽Cyclo‑(L‑Ile‑L‑Pro)的应用
CN
29.03.2017
A01N 43/90 Loading...
A01N 43/90
Loading...
102015000755741
华中农业大学
张吉斌
A01N 43/90
Loading...
本发明提供了一种环二肽Cyclo‑(L‑Ile‑L‑Pro)的应用，该应用具体为环二肽Cyclo‑(L‑Ile‑L‑Pro) 在制备线虫杀虫剂中的应用，通过南方根结线虫和秀丽隐杆线虫致死率的测定，发现环二肽Cyclo‑(L‑Ile‑L‑Pro)对线虫有较好的杀灭效果，为新型的根结线虫生防制剂的制备提供了新的选择性。
85. 206057192 炉水氯离子浓度检测装置
CN
29.03.2017
G01N 21/78 Loading...
G01N 21/78
Loading...
201621104615.X
中国神华能源股份有限公司
王丙贵
G01N 21/78
Loading...
本实用新型涉及设备安全，公开了一种炉水氯离子浓度检测装置，该检测装置包括：定量设备、光电比色设备以及第一阀门，其中，所述定量设备用于量取定量的待测炉水和氯离子显色剂，其中所述待测炉水与所述氯离子显色剂混合使所述待测炉水显色；所述第一阀门位于所述定量设备和所述光电比色设备之间的第一支路上，用于在打开时使所述定量设备中的显色后待测炉水进入所述光电比色设备；以及所述光电比色设备用于测定通过所述显色后待测炉水的透射光强度以便计算所述待测炉水的氯离子浓度。该炉水氯离子浓度检测装置可以实现炉水氯离子的在线监测，使工作人员及时发现水汽品质的变化，调整运行工况，以便保证热力系统的安全运行。
86. 103691587 布液喷头和海水淡化喷淋装置
CN
29.03.2017
B05B 1/34 Loading...
B05B 1/34
Loading...
102013000682434
中国神华能源股份有限公司
杨庆卫
B05B 1/34
Loading...
本发明公开了一种布液喷头，该布液喷头包括喷头本体（1）和连接于所述喷头本体（1）上端的喷头盖（2），所述喷头本体（1）包括中空且依次连通的旋流室（11）、喉部（12）和喷口（13），所述旋流室（11）上形成有进水口（14），所述喉部（12）的通流面积小于所述旋流室（11）和所述喷口（13）的通流面积，所述喷头盖（2）包括盖体（21）和用于引导液体流向所述布液喷头中心区的导流部（22），该导流部（22）形成在所述盖体（21）的中心并向所述喷口（13）的方向延伸。在此基础上，本发明还公开了一种包括所述布液喷头的海水淡化喷淋装置。本发明的布液喷头消除了液体旋流造成的空气芯，使布液更加均匀。
87. 206056336 煤废水用换热装置
CN
29.03.2017
F28D 1/04 Loading...
F28D 1/04
Loading...
201621100350.6
中国神华能源股份有限公司
梁正剑
F28D 1/04
Loading...
本实用新型涉及热交换技术领域，公开了一种煤废水用换热装置，所述煤废水用换热装置包括用于容纳煤废水(18)的煤水渠(10)以及多个换热管(11)，所述煤水渠(10)包括进水口和出水口并且所述煤废水(18)能够在所述煤水渠(10)中流动，多个所述换热管(11)并排安装在所述煤水渠(10)中，且所述换热管(11)沿所述煤废水(18)流动的方向延伸，所述换热管(11)内通入冷却介质对所述煤废水(18)降温。该换热装置不仅实现了对所述煤废水的有效将温，而且该换热装置中的所述换热管排列有序简单，煤废水不易堵塞以及沉积在该换热装置中。
88. 103780365 动态的多链路冗余数据传输方法
CN
29.03.2017
H04L 1/22 Loading...
H04L 1/22
Loading...
102014000038373
中国神华能源股份有限公司
韩建国
H04L 1/22
Loading...
提供了一种动态的多链路冗余数据传输方法。该方法包括：第一通信单元的第一无线终端和第二无线终端与第二通信单元的第一无线终端和第二无线终端间保持全互联；所有无线链路中有预设数目条主用无线链路，其余的是备用无线链路，主用无线链路中的每一条传输相同的业务数据，备用无线链路不传输业务数据；检测所有无线链路；经检测发现任意主用无线链路出现故障时，对可用链路进行动态调整，如果可用链路数目大于预设数目则使可用链路中的预设数目条无线链路用于业务数据传输，如果可用链路数小于等于预设数目则使所有可用链路用于业务数据传输。本发明所公开的动态的多链路冗余数据传输方法和系统能为多机车操控提供高效率的可靠通信。
89. 105201808 一种泵控制器、PLC平台及海水淡化装置
CN
29.03.2017
F04B 49/06 Loading...
F04B 49/06
Loading...
201510690902.7
中国神华能源股份有限公司
李大鹏
F04B 49/06
Loading...
本发明涉及一种泵控制器、PLC平台及海水淡化装置，其中，所述泵控制器包括：启停控制单元，其用于实现启停指令闭锁，并将启停指令所指示的启停操作设置为脉冲指令自动复位；条件区分单元，其用于设置并区分泵控制中的动作条件；故障判断单元，其用于判断启停过程中是否出现故障；监控单元，其用于监控启停过程中的泵运行状态；以及设备运行时间记录单元，其用于自动记录设备运行时间及最后一次启停时间。本发明彻底解决了操作指令“粘连”导致的误动问题，对动作条件进行了区分和查询，且能有效地判断出现的故障，有利于降低误操作的发生，并且本发明自动记录泵运行时间、最后一次启停时间，为设备管理和检修维护提供依据。
90. 106547968 吸收塔近壁逃逸现象量化方法
CN
29.03.2017
G06F 17/50 Loading...
G06F 17/50
Loading...
201610945568.X
中国神华能源股份有限公司
张翼
G06F 17/50
Loading...
本发明涉及电力生产，公开了一种吸收塔近壁逃逸现象量化方法，该方法包括：计算喷淋截面的烟气平均流速v1和喷淋密度ρ1；计算近壁区域的烟气平均流速v2和喷淋密度ρ2；根据喷淋截面的烟气平均流速v1、喷淋截面的喷淋密度ρ1、近壁区域的烟气平均流速v2以及近壁区域的喷淋密度ρ2计算近壁逃逸系数A。本发明可以对近壁区域逃逸现象进行量化计算，从而有效衡量吸收塔近壁逃逸现象的程度，以便在改造中采取相应的技术措施。
91. 106540519 烟气处理装置和应用其的烟气处理方法
CN
29.03.2017
B01D 53/14 Loading...
B01D 53/14
Loading...
201610972489.8
中国神华能源股份有限公司
刘毅
B01D 53/14
Loading...
本发明公开了一种烟气处理装置和烟气处理方法。该装置包括通过烟道管路并联在一起的第一吸收塔(1)和第二吸收塔(2)，在第一吸收塔的进气端的烟气管道上设置有第一切换件(111)，在第二吸收塔的进气端的烟气管道上设置有第二切换件(112)，在第一切换件与第二切换件之间的烟气管路上设置有第三切换件(113)，第一吸收塔的出气端分别连接有第一烟气管道(11)和第二烟气管道(12)，第二吸收塔的出气端连接有第三烟气管道(21)，第一烟气管道、第三烟气管道与外界连通，第二烟气管道与第三烟气管道相连通，并且第二烟气管道上设置有第四切换件(114)，第三烟气管道的远离第二烟气管道与第三烟气管道的连接端的部分设置有第五切换件(115)。
92. 106541336 一种轮辋自动除锈装置及方法
CN
29.03.2017
B24C 1/08 Loading...
B24C 1/08
Loading...
201610979931.X
中国神华能源股份有限公司
张晓飞
B24C 1/08
Loading...
本发明公开了一种轮辋自动除锈装置包括：旋转机，用于固定轮辋，并控制所述轮辋转动；升降机，用于固定喷砂枪，并控制所述喷砂枪上下移动；喷砂机，通过胶管连接所述喷砂枪，用于通过所述喷砂枪对所述轮辋进行喷砂除锈。实施本发明实施例，具有以下有益效果：将轮辋固定在旋转机上，并通过旋转控制轮辋转动，喷砂枪固定在升降机上，通过升降机控制喷砂枪上下移动，最后喷砂机通过喷砂枪对轮辋进行喷砂除锈，实现对轮辋自动除锈功能，避免人工除锈带来的安全隐患，提高工作效率，节约成本。
93. 106543488 一种粉煤灰提铝残渣/橡胶复合材料及其制备方法
CN
29.03.2017
C08L 7/00 Loading...
C08L 7/00
Loading...
201610983055.8
中国神华能源股份有限公司
王永旺
C08L 7/00
Loading...
本发明公开了一种粉煤灰提铝残渣/橡胶复合材料及其制备方法，粉煤灰提铝残渣/橡胶复合材料由包括以下重量份数的原料制备得到：橡胶100、粉煤灰提铝残渣30‑60、硫磺1.0‑2.5、促进剂1.3‑2.5、活性剂5‑9、防老剂1‑3、增塑剂1.5‑3、改性添加剂0.3‑3.0；其中，所述改性添加剂为多元醇。本发明的粉煤灰提铝残渣/橡胶复合材料，用粉煤灰提铝残渣作为无机填料与橡胶复合制备复合材料，且利用多元醇类改性添加剂提高复合材料性能，不仅能够变废为宝，避免粉煤灰提铝残渣直接排放对环境造成污染，而且还能降低橡胶制品的成本，实现粉煤灰提铝残渣价值的综合利用，提高经济效益。本发明的制备方法简单、易操作。
94. 106544493 管道的手孔管与端盖间连接焊缝的热处理方法
CN
29.03.2017
C21D 9/50 Loading...
C21D 9/50
Loading...
201610911195.4
中国神华能源股份有限公司
吴优福
C21D 9/50
Loading...
本发明公开了一种管道的手孔管与端盖间连接焊缝的热处理方法，所述手孔管(2)连接于所述管道(1)的外周壁和/或盲端的端壁，该手孔管(2)的自由端与所述端盖(3)通过连接焊缝(4)焊接连接，所述热处理方法包括：S1、在所述端盖(3)的外端面上连接辅助管(6)；S2、围绕所述手孔管(2)、所述端盖(3)及所述辅助管(6)的外周设置加热元件(9)；S3、启动所述加热元件(9)对所述连接焊缝(4)进行热处理。通过上述技术方案，通过在手孔管的端盖上连接辅助管，因此，可以延长连接焊缝在端盖一侧的加热区域，使得连接焊缝两侧的加热温度能够保持基本一致，从而提高热处理质量。
95. 206051326 取料机的电缆布线结构及取料机
CN
29.03.2017
B66C 13/12 Loading...
B66C 13/12
Loading...
201621114170.3
中国神华能源股份有限公司
李泽明
B66C 13/12
Loading...
本实用新型涉及港机作业领域，公开了一种取料机及其电缆布线结构。该电缆布线结构包括电缆(3)、门架平台(6)、回转平台(7)、设置在回转平台下方且贯穿门架平台的中心漏斗(8)以及设置在门架平台上的电缆桥架结构，中心漏斗与回转平台之间设置有送料部，送料部能够跟随回转平台旋转，回转平台的中心开有通孔，通孔上设置有竖直向下延伸并从中心漏斗的上方穿过的穿线管(1)，电缆从回转平台经由通孔贯穿穿线管后经过电缆桥架结构继续向下延伸，电缆桥架结构设置在门架平台上的对应于送料部的非工作区域的部分上。利用本实用新型的取料机电缆布线结构，不用在中心漏斗内设置穿线管，能够避免现有结构存在的中心漏斗堵料且成本较低。
96. 206060561 用于铁路电力机车的整流装置
CN
29.03.2017
H02M 7/00 Loading...
H02M 7/00
Loading...
201621118796.1
中国神华能源股份有限公司
邱子荣
H02M 7/00
Loading...
本实用新型涉及铁道车辆部件技术领域，公开了一种用于铁路电力机车的整流装置，所述整流装置包括：柜体、第一主桥元件组、第二主桥元件组、功补元件组以及励磁元件组，第一主桥元件组中的各个主桥元件以两排三列方式布置于柜体的第一面，第二主桥元件组中的各个主桥元件以两排两列方式布置于柜体的第二面的右侧，励磁元件组中的各个励磁元件以两排两列方式布置于柜体的第二面的左上侧以及功补元件组中的各个功补元件以两排两列方式布置于柜体的第二面的左下侧，其中主体元件为5英寸硅元件。本实用新型使得铁路电力机车能够使用5英寸硅元件进行整流装置的布局，获得更高的可靠性，同时保持了原有的对外接口位置不变。
97. 206049379 矿用无轨架线车的集电装置
CN
29.03.2017
B60L 5/00 Loading...
B60L 5/00
Loading...
201620978210.2
中国神华能源股份有限公司
许联航
B60L 5/00
Loading...
本实用新型公开了一种矿用无轨架线车的集电装置，包括底座、铰接座、大臂、举升油缸、摆动油缸和集电小车；所述底座安装在所述无轨架线车上；所述铰接座的一端与所述底座铰接，另一端与所述大臂铰接；所述大臂的一端与所述铰接座铰接，另一端与所述集电小车连接；所述举升油缸的一端与所述铰接座连接，另一端与所述大臂连接，所述举升油缸用于带动所述大臂举升或降落；所述摆动油缸的一端与所述无轨架线车连接，另一端与铰接座连接；所述摆动油缸用于带动所述铰接座左右摆动；所述集电小车用于与上方的取电设备接触。本实用新型能够实现集电小车的横向摆动捕捉，能够满足井下无轨架线车辆的取电要求。
98. 206048028 多功能扳手
CN
29.03.2017
B25B 13/56 Loading...
B25B 13/56
Loading...
201621093982.4
中国神华能源股份有限公司
郝阳洋
B25B 13/56
Loading...
本实用新型涉及公开了一种多功能扳手，所述多功能扳手包括后部的手柄(1)和前部的扳头(2)，所述扳头(2)的厚度沿所述多功能扳手的前后方向逐渐减小，所述扳头(2)包括沿从后向前的方向延伸且相对设置的第一工作平面(23)和第二工作平面(24)，所述第一工作平面(23)上形成有第一扳口(231)，所述第一扳口(231)的轴线垂直于所述第一工作平面(23)，所述第二工作平面(24)上形成有第二扳口(241)，所述第二扳口(241)的轴线垂直于所述第二工作平面(24)。本实用新型的多功能扳手的通用性强，能够有效提高工作效率。
99. 206056005 一种燃气冷热电三联供与地源热泵的复合系统
CN
29.03.2017
F25B 27/02 Loading...
F25B 27/02
Loading...
201620908779.1
中国华电科工集团有限公司
杨松
F25B 27/02
Loading...
本实用新型公开了一种燃气冷热电三联供与地源热泵的复合系统，包括燃气内燃机装置，燃气内燃机装置与溴化锂机组连接，溴化锂机组通过烟气管道与烟气换热器连接，烟气换热器与热水箱连接，热水箱通过输水管与地源热泵机组连接，溴化锂机组还分别与分水器及集水器连接，分水器和集水器均与地源热泵机组连接，地源热泵机组与换热装置连接。本实用新型突破传统利用冷却塔的冷却方式，通过地源热泵机组、地埋管换热装置与烟气热水型溴化锂机组等设备的有机结合，不仅满足了用电的需求、生活热水的供应，还满足了用户冷、热的需求；既节约了水资源又实现了废热的有效利用，不仅环保，而且使整个系统更加的节能、美观，运行费用低。
100. 206060794 一种铁路车号识别系统的网络管理装置及系统
CN
29.03.2017
H04L 12/24 Loading...
H04L 12/24
Loading...
201620934274.2
中国神华能源股份有限公司
秦勤
H04L 12/24
Loading...
本实用新型涉及铁路安全领域，公开了一种铁路车号识别系统的网络管理装置及系统，所述网络管理装置包括：主控板，该主控板上安装有连接的心跳检测模块和主机控制模块；以及电源管理板，连接所述铁路车号识别系统的主机；其中，所述心跳检测模块连接所述主机，用于检测所述主机的心跳信号；所述主机控制模块连接所述心跳检测模块和所述电源管理板，用于根据所述主机的心跳信号驱动所述电源管理板产生控制信号以控制所述主机。本实用新型实现了对车号识别系统的主机进行监测，当车号识别系统停止运行或主机死机等异常情况发生时，能够及时对主机进行复位等操作，保证铁路车号识别系统运行正常。
101. 106541960 铁路货车的轴箱弹性垫及其转向架
CN
29.03.2017
B61F 5/30 Loading...
B61F 5/30
Loading...
201610962134.0
中国神华能源股份有限公司
辛民
B61F 5/30
Loading...
本发明涉及铁路货车摆式转向架弹性支撑部件，公开了一种铁路货车的轴箱弹性垫及其转向架。铁路货车的轴箱弹性垫包括：交替设置的弹性体和定位板，所述轴箱弹性垫设置为使得所述定位板中的至少一组相邻的定位板能在重载作用下彼此接触，在空车作用下保持间隔开，且使得至少另一组相邻的定位板在空车和重载作用下均保持间隔开。本发明的铁路货车的轴箱弹性垫的刚度能够随着载荷的增加而增加，解决了现有的铁路货车的轴箱弹性垫不能同时满足空车和重车动力学设计要求的问题。
102. 206051046 一种洒水除尘系统
CN
29.03.2017
B65G 69/18 Loading...
B65G 69/18
Loading...
201621096045.4
中国神华能源股份有限公司
刘林
B65G 69/18
Loading...
本实用新型涉及港口机械技术领域，公开了一种洒水除尘系统，所述洒水除尘系统包括供水管路以及安装在所述供水管路上的用于对传送带上方的给料机的出口部分内侧的物料进行洒水的喷头。本实用新型提供的技术方案能够减少物料在传送设备上的扬尘量，并使物料和水流混合均匀，进而更好地抑制扬尘，并更好地保护环境和设备。
103. 106529123 飞灰含碳量的测量方法及装置
CN
22.03.2017
G06F 19/00 Loading...
G06F 19/00
Loading...
102016000884120
中国神华能源股份有限公司
王富强
G06F 19/00
Loading...
本发明涉及热工控制领域，公开了一种飞灰含碳量的测量方法及装置。其中，所述方法可以包括：对飞灰含碳量的历史数据值所对应的辅助变量的历史值进行相空间重构以确定所述辅助变量所对应的相点；接收所述辅助变量的当前值；以及根据所述飞灰含碳量的历史数据值、所述辅助变量所对应的相点、所述辅助变量的当前值以及飞灰含碳量的预测模型来计算所述飞灰含碳量的当前值。该方法简单易行且无需复杂的装置，并且能够提高机组运行的安全性和经济性。
104. 106532651 电力机车牵引主整流元件过压保护吸收装置
CN
22.03.2017
H02H 7/125 Loading...
H02H 7/125
Loading...
102016000920170
中国神华能源股份有限公司
刘华伟
H02H 7/125
Loading...
发明公开电力机车牵引主整流元件过压保护吸收装置包括：整流管过压吸收装置和晶闸管过压吸收装置固定在面板上，通过连接装置与主整流元件两端引出的母排连接；整流管过压吸收装置和晶闸管过压吸收装置中分别包括多组串联的过压吸收电容和过压吸收电阻；整流管过压吸收装置中的过压吸收电容的电容值范围为2±10％微法，过压吸收电阻的阻值范围为10±10％欧姆；晶闸管整流过压装置包括：主桥晶闸管过压吸收装置和小桥晶闸管过压吸收装置；主桥晶闸管过压吸收装置中的过压吸收电容的电容值范围为1±10％微法，过压吸收电阻的阻值范围为20±10％欧姆；小桥晶闸管过压吸收装置中的过压吸收电容的电容值范围为2±10％微法，过压吸收电阻的阻值范围为20±10％欧姆。
105. 106526075 一种烟气监测的方法和装置
CN
22.03.2017
G01N 33/00 Loading...
G01N 33/00
Loading...
201610884339.1
中国神华能源股份有限公司
杨震力
G01N 33/00
Loading...
本发明涉及环保监测领域，公开了一种烟气监测的方法和装置，该方法包括：分别从第一烟气监测器和第二烟气监测器接收监测到的烟气测量值，所述第一烟气监测器的量程小于第二烟气监测器的量程；判断监测到的烟气测量值为上升沿状态还是下降沿状态，根据判断结果选择对应的切换阈值；将第一烟气监测器的烟气测量值与所选择的对应的切换阈值进行比较，根据比较结果确定使用第一烟气监测器的烟气测量值还是第二烟气监测器的烟气测量值作为输出。本发明能够针对不同的情况使用量程不同的烟气监测器，进而实现对烟气的准确监测。
106. 106533089 发电机绝缘干燥装置和方法
CN
22.03.2017
H02K 15/12 Loading...
H02K 15/12
Loading...
201611159122.0
中国神华能源股份有限公司
王兴光
H02K 15/12
Loading...
本发明涉及辅修设备，公开了一种该发电机绝缘干燥装置和方法，包括：主加热器(1)、定冷水箱(2)以及管道(3)，其中，所述定冷水箱(2)用于存储定冷水；所述主加热器(1)位于定冷水箱(2)内，用于加热定冷水箱(2)内的定冷水；以及所述管道(3)用于连接所述定冷水箱(2)与定子线棒，所述定子线棒位于发电机定子堂内，加热后的所述定冷水通过所述定子线棒，与所述发电机定子堂进行热交换，以维持所述发电机定子堂内的温度。该发电机绝缘干燥装置和方法使得定子线棒绝缘获得所需的固化温度，并稳定均匀地保持该温度，完全满足工艺处理要求。
107. 106512648 VOCs富集装置
CN
22.03.2017
B01D 53/12 Loading...
B01D 53/12
Loading...
102016001116540
神华集团有限责任公司
杨春振
B01D 53/12
Loading...
本发明提供了一种VOCs富集装置。该装置包括循环流化床装置和脱附装置，循环流化床装置上设置有低浓度VOCs混合气进口、吸附剂进口、净化气出口以及固相料出口；脱附装置上设置有待脱附进口、流化气进口及富集气出口，待脱附进口与固相料出口连通。本发明中利用循环流化床装置作为吸附装置，能够显著降低系统运行耗能，从而能够降低成本。同时，能够使低浓度VOCs混合气体与吸附剂更充分接触，提高VOCs吸附剂的吸附速率和效率。而且，利用循环流化床装置作为吸附装置，还能够实现吸附剂的循环使用，从而使处理工序长期连续稳定运转，能够满足工业生产需求。
108. 106522951 一种下分层综采面过上分层煤层的集中煤柱的开采工艺
CN
22.03.2017
E21C 41/18 Loading...
E21C 41/18
Loading...
201611041687.9
中国神华能源股份有限公司
陈苏社
E21C 41/18
Loading...
本发明公开了一种下分层综采面过上分层煤层的集中煤柱的开采工艺，包括如下步骤：S001：在下分层煤层的运输巷道和回风巷道中标记出集中煤柱的位置；S002：在下分层综采面前进到距离煤柱前侧面至第一预设距离时，观测并统计下分层综采工作面的周期来压；S003：通过调节下分层综采面的回采速度，以调整在周期来压发生时，下分层综采面所处的位置；S004：在下分层综采面前进到距离煤柱后侧面至第二预设距离时，提高下分层综采面的回采速度，迅速通过集中煤柱的下方，并且下分层综采面通过第二预设距离的时间小于周期来压的周期。其可以安全的通过上分层煤层的集中煤柱区域，避免了发生冒顶或压架，提高了煤炭生产的安全性。
109. 106522149 轨枕清理机
CN
22.03.2017
E01H 8/10 Loading...
E01H 8/10
Loading...
201611108124.7
中国神华能源股份有限公司
罗慧刚
E01H 8/10
Loading...
本发明公开了一种轨枕清理机，所述轨枕清理机包括机架，所述机架上设置有能在轨道上行走的滚轮(7)，所述机架上还设置有横向延伸的转轴以及驱动所述转轴转动的驱动装置(5)，所述转轴上固定有柔性的清理部件(6)，所述机架在所述轨道上且所述转轴转动时，所述清理部件(6)设置为能够与轨枕接触从而清理所述轨枕。本发明提供的轨枕清理机能够提高对轨枕的清理速度，降低劳动强度及节约人力成本。
110. 206039265 一种中央控制系统
CN
22.03.2017
G05B 19/05 Loading...
G05B 19/05
Loading...
201621090940.5
中国神华能源股份有限公司
白栋材
G05B 19/05
Loading...
本实用新型涉及控制系统领域，公开了一种中央控制系统，解决了现有技术中整体控制系统缺乏宏观可视性，主要设备距离远不利于维护人员进行设备维护的问题。所述系统包括依次连接的至少一个设备控制系统、核心交换机、数据中心机柜、以及不间断电源系统UPS，数据中心机柜包括磁盘矩阵和网卡及内存处理器，每个设备控制系统包括设备所属的交换机，PLC机架、客户端和输入输出设备，客户端包括显示器，用于显示指定设备的人机界面，指定设备为与操作权限对应的设备。本实用新型应用于煤炭港口的设备控制过程中。
111. 206027326 排烟装置
CN
22.03.2017
B01D 47/06 Loading...
B01D 47/06
Loading...
202016001057851
中国神华能源股份有限公司
王振国
B01D 47/06
Loading...
本实用新型涉及烟气排放领域，公开了一种排烟装置。所述排烟装置包括：烟囱本体(1)，所述烟囱本体(1)包括烟气出口(18)和烟气入口；浆液池(17)，所述浆液池(17)设置在所述烟囱本体(1)的底部；烟气处理装置，所述烟气处理装置设置在所述烟囱本体(1)内部，并间隔地设置在所述浆液池(17)的上侧，所述烟气入口设置在所述烟气处理装置和所述浆液池(17)之间的间隔处，该烟气处理装置能够对烟气进行喷淋除尘。本实用新型所提供的排烟装置将烟囱和烟气处理装置集成为一体，有效减少排烟装置所需的投入费用，且减少排烟装置的占地，且浆液池、烟气处理装置和烟囱集成在一起能够减少弯头的布置，降低排气阻力。
112. 206036403 卡箍
CN
22.03.2017
F16L 3/10 Loading...
F16L 3/10
Loading...
202016001093984
中国神华能源股份有限公司
郝阳洋
F16L 3/10
Loading...
本实用新型公开了一种卡箍，所述卡箍包括第一半卡箍(1)和第二半卡箍(2)，所述第一半卡箍(1)的第一端和所述第二半卡箍(2)的第一端铰接，所述第一半卡箍(1)的第二端设有卡接凸台(11)，所述第二半卡箍(2)的第二端设有卡接件(21)，所述卡接件(21)包括成角度设置的连接部(211)和止挡部(212)，所述连接部(211)枢接在所述第二半卡箍(2)的第二端上，在所述卡箍处于锁定状态时，所述连接部(211)抵靠在所述卡接凸台(11)的顶部，所述卡接凸台(11)的外侧壁与所述止挡部(212)的内侧壁相互卡合。该卡箍的结构简单，拆装方便，可长期重复使用。
113. 206034202 道岔轨枕窜动器及道岔轨枕窜动总成
CN
22.03.2017
E01B 7/22 Loading...
E01B 7/22
Loading...
201621059158.7
中国神华能源股份有限公司
陈国栋
E01B 7/22
Loading...
本实用新型涉及铁路轨道技术，具体地，涉及一种道岔轨枕窜动器及道岔轨枕窜动总成。道岔轨枕窜动器包括方枕器支撑机构(2)、传动机构和顶轨机构(5)，其中，传动机构包括长度可调式传动结构，长度可调式传动结构的一端与方枕器支撑机构(2)相连，另一端与顶轨机构(5)相连；方枕器支撑机构(2)的端部设有方枕器底座支撑部；顶轨机构(5)设有顶钢轨部。本技术方枕器支撑机构用于支撑方枕器的底座，使用时将方枕器底座顶住方枕器支撑机构，将窜动器的顶轨机构顶住待窜动轨枕相邻的铁轨，借助该铁轨的支撑力，操作方枕器将待窜动轨枕进行移位。方便快捷。
114. 206033619 一种酚氨回收装置
CN
22.03.2017
C07C 39/04 Loading...
C07C 39/04
Loading...
201620561664.X
中国庆华能源集团有限公司
孟令江
C07C 39/04
Loading...
本实用新型提供一种酚氨回收装置，包括酚塔、再沸器、再沸器入口管线、再沸器出口管线、冷凝器、塔顶回流管线、回流泵、产品粗酚管线、补醚管线和低压蒸汽管线，低压蒸汽管线设置于再沸器入口管线的最低点处用于通入低压蒸汽以强制溶剂循环。本实用新型的酚氨回收装置设置有低压蒸汽管线，当通入再沸器的蒸汽温度达不到设计值时，通入低压蒸汽，提高循环物质温度，增大再沸器中液体的汽化量，实现强制循环，从而提高塔釜内温度，进一步提高塔顶产品溶剂的纯度及塔釜产品粗酚的纯度，提高设备生产能力，减少溶剂消耗量。
115. 206041641 一种主变中性点接地刀闸操作系统
CN
22.03.2017
H02J 13/00 Loading...
H02J 13/00
Loading...
201620937444.2
中国神华能源股份有限公司
丁东
H02J 13/00
Loading...
本实用新型公开一种主变中性点接地刀闸操作系统，包括：主控机、刀闸遥控执行装置、以及控制所述主变中性点接地刀闸的中性点操作机构控制箱，所述主控机与所述刀闸遥控执行装置的输入端通信连接，所述刀闸遥控执行装置的输出端与所述中性点操作机构控制箱的输入端通信连接。本实用新型通过主控机和刀闸遥控执行装置，远程控制中性点操作机构控制箱，使得主变中性点接地刀闸的操作可以实现智能化，有效的缩短了操作时间，大大提高了停送电效率，同时更好的优化了操作系统。
116. 104803832 MTBE 生产系统
CN
22.03.2017
C07C 43/04 Loading...
C07C 43/04
Loading...
102015000129091
中国神华能源股份有限公司
武兴彬
C07C 43/04
Loading...
本发明提供了一种MTBE生产系统。该MTBE生产系统包括：甲醇供应部；煤基碳四供应部；氢气供应部；MTBE反应罐，其上设有甲醇入料口、异丁烯入料口以及MTBE反应物出料口，甲醇入料口与甲醇供应部相连；加氢反应组件，其上设有煤基碳四入料口和氢气入料口，以及氢化反应物料出口，煤基碳四入料口与煤基碳四供应部相连，氢气入料口与氢气供应部相连；脱氢塔组件，其上设有待脱氢物料入口和重质物料出口，待脱氢物料入口与氢化反应物料出口相连，重质物料出口与异丁烯入料口相连。上述MTBE生产系统实现了先除杂后反应的工艺路线，避免了高分子聚合物的生成，进而避免由此导致催化剂的活性降低的问题，提高了MTBE产品的质量。
117. 206027328 微油雾吸附装置
CN
22.03.2017
B01D 49/00 Loading...
B01D 49/00
Loading...
201621040194.9
中国神华能源股份有限公司
王鹏
B01D 49/00
Loading...
本实用新型提供了一种微油雾吸附装置，包括：罐体，具有内腔及与内腔连通的空气进口和空气出口，空气进口与压缩空气设备连接，空气出口与用气设备连接；吸油部，设置在内腔中用以吸收空气中的微油雾。应用本实用新型的技术方案能够有效地解决现有技术中的由于压缩气体中含有微油雾所导致的气动元器件和设备易损坏的问题。
118. 206037005 乏汽回收设备
CN
22.03.2017
F22D 1/32 Loading...
F22D 1/32
Loading...
201621051720.1
中国神华能源股份有限公司
张金良
F22D 1/32
Loading...
本实用新型提供了一种乏汽回收设备。该乏汽回收设备包括：乏汽回收单元，具有第一循环水入口和第一循环水出口，在乏汽回收单元内循环水与乏汽换热得到冷凝水；换热单元，具有第二循环水入口和第二循环水出口，第二循环水入口与第一循环水出口通过第一循环水输送管线相连，第二循环水出口与第一循环水入口通过第二循环水输送管线相连。乏汽降温形成得到冷凝水和不凝结气体，该冷凝水和原本用于与乏汽换热的循环水混合经过换热单元换热降温后返回乏汽回收单元进行循环利用。同时，在利用换热单元将冷凝水与冷媒进行换热而将其热量吸收，所吸收的热量可以作为热水或者热蒸汽使用，解决了乏汽外排造成的能源浪费和热污染的问题。
119. 206034207 夹板拆除装置及钢轨的绝缘夹板拆除装置
CN
22.03.2017
E01B 29/32 Loading...
E01B 29/32
Loading...
202016001057762
中国神华能源股份有限公司
雷博
E01B 29/32
Loading...
本实用新型涉及铁路轨道维护领域，公开了一种夹板拆除装置及钢轨的绝缘夹板拆除装置。所述夹板拆除装置包括：底座(1)；驱动装置(3)，所述驱动装置(3)安装在所述底座(1)上；拆除铲(2)，所述拆除铲(2)的第一端与所述驱动装置(3)驱动端连接，所述拆除铲(2)的另一端形成有尖端部。本实用新型所提供的夹板拆除装置结构简单，制造成本较低，使用该夹板拆除装置能够有效提高拆除胶板时的劳动效率，且降低了作业过程中的风险因素，改变以往使用锤钎撬錾“无从下手”的被动局面。
120. 104841686 餐厨废弃物干湿并联高温厌氧发酵工艺及系统
CN
22.03.2017
B09B 3/00 Loading...
B09B 3/00
Loading...
102015000272654
中国华电科工集团有限公司
马宗虎
B09B 3/00
Loading...
本发明公开了一种餐厨废弃物干湿并联高温厌氧发酵工艺及系统，包括以下步骤：步骤a，固液分离；步骤b，一级分拣；步骤c，破碎；步骤d，二级分拣；步骤e，沉淀处理；步骤f，制沼气。所述系统包括顺次连接的固液分离池、一级分拣机、破碎机、二级分拣机、沉降池、原水池、第一加热器和卧式离心机，卧式离心机分别连接干式厌氧发酵系统和湿式发酵厌氧系统连接。本发明不仅可以使餐厨废弃物得到减量化、无害化处理，还可以产生清洁能源沼气，产生的沼气进行发电，产生清洁电力。突破现有中温发酵技术，采用高温厌氧干发酵技术和液态高温高效厌氧反应器相并联的厌氧发酵工艺，可极大提高餐厨废弃物的处理效率。
121. 106495636 一种地下矿山开采充填用的尾矿泡沫砂浆
CN
15.03.2017
C04B 28/14 Loading...
C04B 28/14
Loading...
102016000978396
中钢集团马鞍山矿山研究院有限公司
王小敏
C04B 28/14
Loading...
本发明公开了一种地下矿山开采充填用的尾矿泡沫砂浆，是由水泥、尾矿、生石灰、高铝水泥、石膏、水经过搅拌混合、注入由发泡剂形成的泡沫制备而成，总量按100％计时的各组分质量百分含量为：普通硅酸盐水泥8～14％，尾矿50～64％，发泡剂0.8～1.3％，生石灰0.7～1.4％，高铝水泥0.7～1.4％，石膏0.7～1.4％，水24～34％。尾矿泡沫砂浆，比普通砂浆充填体具有保水性强，流动性强，质量轻，成本低，接顶效果好的优点，原料简单、制作方便，可广泛用于广大矿区的充填领域。
122. 106497609 2捕集的IGCC系统中气化炉煤粉输送系统及方法
CN
15.03.2017
C10J 3/50 Loading...
C10J 3/50
Loading...
102016001145116
中国华能集团清洁能源技术研究院有限公司
周贤
C10J 3/50
Loading...
一种带CO2捕集的IGCC系统中气化炉煤粉输送系统及方法，进行CO2捕集的IGCC电站会产生大量的高纯度CO2，使用高纯度CO2代替高纯度N2作为干煤粉气化炉煤粉输送的气体，可大幅度减少IGCC电站对于高纯度N2的需求，降低空分系统空压机与增压机能耗；同时，CO2作为输送气体进入气化炉后，在高温高压条件下，还会与碳发生气化反应，减少气化过程对氧气的需求，降低空分系统的制氧规模，进一步降低空分能耗与设备投资。本发明减少空分系统的能耗，提高气化炉的冷煤气效率，最终实现IGCC系统的净效率提高，以部分补偿CO2捕集带来的效率损失。
123. 106494454 铁路计轴设备、方法、系统、以及信号处理设备
CN
15.03.2017
B61L 1/16 Loading...
B61L 1/16
Loading...
102016000936610
中国神华能源股份有限公司
陈保平
B61L 1/16
Loading...
本发明涉及铁道信号技术领域，公开了一种铁路计轴设备、方法、系统、以及信号处理设备，该铁路计轴方法包括：从本发明提供的铁路计轴设备处接收计轴电信号；将所述计轴电信号处理为计轴数据；根据所述计轴数据，判断列车行车方向和列车车轮是否经过所述铁路计轴设备；以及根据所述列车行车方向以及所述列车车轮经过所述铁路计轴设备，确定车轮轴数。由于本发明提供的铁路计轴设备的光纤光栅能够精确检测钢轨形变下的剪应力，因此能够准确获知经过钢轨的列车的行车方向以及是否经过该计轴区域，从而准确地确定车轮轴数，实现轨道的占用情况的准确监测，可靠性高，能够确保列车行车安全。
124. 106503309 一种锅炉仿真方法和锅炉仿真系统
CN
15.03.2017
G06F 17/50 Loading...
G06F 17/50
Loading...
102016000878528
中国神华能源股份有限公司
王富强
G06F 17/50
Loading...
本发明涉及热工控制及测量领域，公开了一种锅炉仿真方法和锅炉仿真系统，所述锅炉仿真方法包括：基于锅炉中燃料燃烧时间来确定随锅炉中燃料燃烧时间而变化的参数；以及根据所确定的参数仿真锅炉的热量传递和/或管道流量。如此能够较为真实的反映锅炉的实际情况，提高了仿真结果的可靠性。
125. 106497552 一种纯有机室温磷光材料及其制备方法和应用
CN
15.03.2017
C09K 11/07 Loading...
C09K 11/07
Loading...
102016000931711
清华大学
周明
C09K 11/07
Loading...
本发明属于发光材料技术领域，具体涉及一种纯有机室温磷光材料及其制备方法和应用。所述制备方法包括以下步骤：S1、将富含N元素和O元素的碳量子点与缩二脲按1:40～40000的质量比混合溶解在水或乙醇中，搅拌均匀得到反应混合液；S2、将步骤S1所得反应混合液进行过滤，将所得滤过物依次经干燥和研磨，即得。本发明所述方法，原料纯有机、价格低廉、环境友好，合成方法简单、常温常压下即可操作，适合大规模生产；所制备的纯有机室温磷光材料安全绿色环保，衰减寿命长，衰减时间可达数秒，在发光器件、磷光涂料或防伪等方面具有重要的推广应用价值。
126. 206013969 渣库卸渣系统
CN
15.03.2017
B65G 69/18 Loading...
B65G 69/18
Loading...
201621043325.9
中国神华能源股份有限公司
赵敏
B65G 69/18
Loading...
本实用新型公开了一种渣库卸渣系统，所述渣库卸渣系统包括渣库，所述渣库包括位于上方的渣料存储仓(Ⅰ)及位于下方的渣料输出仓(Ⅲ)，所述渣料输出仓(Ⅲ)内设置有与所述渣料存储仓(Ⅰ)连通的用于将所述渣料存储仓(Ⅰ)内的渣料排出至所述渣料输出仓(Ⅲ)的下料口(1)，围绕所述下料口(1)设置有向下延伸的围帘(2)。本实用新型提供的渣库卸渣系统能够有效改善卸渣时扬尘较大污染环境的问题。
127. 206020054 铁路货车的缓冲器压缩量测试工装
CN
15.03.2017
G01M 17/08 Loading...
G01M 17/08
Loading...
201621073478.8
中国神华能源股份有限公司
康凤伟
G01M 17/08
Loading...
本实用新型公开了一种铁路货车的缓冲器压缩量测试工装，所述铁路货车包括设置于车钩的缓冲器(10)和与所述缓冲器(10)连接的前从板(20)，所述缓冲器压缩量测试工装包括传感器，该传感器包括固定于所述缓冲器(10)和所述前从板(20)中的一者的检测件以及固定于缓冲器(10)和所述前从板(20)中的另一者的被检测件，所述传感器实时检测所述检测件和所述被检测之间的相对位移。通过在铁路货车的车钩缓冲装置的缓冲器和前从板两者上分别安装传感器的检测件和被检测件，从而能够实时地检测缓冲器和前从板之间的相对位移量，通过搜集大量缓冲器的缓冲位移数据，以测试缓冲器的缓冲性能，为列车优化运用提供数据支持。
128. 106498962 浅层地下集水排水系统及施工方法
CN
15.03.2017
E02D 19/10 Loading...
E02D 19/10
Loading...
102016001066035
中国神华能源股份有限公司
于鹏
E02D 19/10
Loading...
本发明公开了一种浅层地下集水排水系统及施工方法，浅层地下集水排水系统包括：集水仓，集水仓包括位于地表下方的隔水墙，隔水墙围绕而成封闭式仓体，仓体上设置有进水口和出水口；集水井，集水井包括进口和出口，进口位于集水仓内，出口从集水仓的出水口伸出到地表上；储水结构，储水结构环绕在集水井的井壁外部，储水结构由进口向出口方向延伸，储水结构能够支撑位于集水井上方的隔水墙；排水管，排水管连通集水井和外部，排水管上连接驱动机构，驱动机构用于驱动排水管排水。本发明提出一种浅层地下集水排水系统及施工方法，能够充分利用地下空间，来收集涌水或地下水，提高内排土场的稳定性，使得地表空间能够得到有效利用。
129. 206013785 用于向输送机输送物料的导料槽机构和输送系统
CN
15.03.2017
B65G 47/18 Loading...
B65G 47/18
Loading...
201621043194.4
中国神华能源股份有限公司
张建军
B65G 47/18
Loading...
本实用新型涉及输送领域，公开了一种用于向输送机输送物料的导料槽机构和输送系统，该导料槽机构包括：安装架(30)、通过所述安装架(30)架设在所述输送机(60)上的导料机构(50)和用于使所述导料机构(50)在下料位置和输送位置之间变位的转位机构(40)，以使导料机构(50)能够在非下料时间中处于输送位置，即从输送机脱离的状态，从而避免导料机构(50)接触后方输送机所输送的物料，以确保即使后方输送机的设计输送能力大于前方输送机时，物料仍能够进行有效地输送。
130. 206018599 屏式再热器以及循环流化床锅炉
CN
15.03.2017
F23C 10/00 Loading...
F23C 10/00
Loading...
201621043164.3
中国神华能源股份有限公司
孙耀平
F23C 10/00
Loading...
本实用新型涉及循环流化床锅炉领域，公开了一种屏式再热器以及循环流化床锅炉，所述屏式再热器包括多个并排的单管(100)和散热片(101)，所述散热片连接所述多个并排的单管形成管屏(10)，所述管屏的两端分别为入口(11)和出口(12)并包括位于炉膛(14)内且靠近炉膛中心(140)的中心区域，所述屏式再热器还包括隔热单元(13)，所述隔热单元(13)包括包覆在位于所述中心区域中的所述单管的外部的第一隔热层(131)。该屏式再热器在所述循环流化床锅炉运行时基本不变形。另外，由于循环流化床锅炉包括了所述屏式再热器，而在循环流化床锅炉运行期间所述屏式再热器基本不变形，则循环流化床锅炉的运行周期以及使用寿命得到了大大提升。
131. 206022348 用于可控硅元件的散热器以及电力机车整流器
CN
15.03.2017
H01L 23/367 Loading...
H01L 23/367
Loading...
201621089661.7
中国神华能源股份有限公司
邱子荣
H01L 23/367
Loading...
本实用新型涉及散热装置领域，公开了一种用于可控硅元件的散热器和电力机车整流器，其中，所述散热器包括：骨架，其包含基部以及从所述基部的第一侧表面伸出的多个支腿部，多个所述支腿部包括邻近所述第一侧表面两端的两个端部支腿部，所述基部的与所述第一侧表面相反的第二侧表面用于与所述可控硅元件接触；以及多个主散热片，其在两个相邻的所述支腿部之间从所述骨架上沿离开所述基部的方向延伸。本实用新型的用于可控硅元件的散热器实现了从可控硅元件至各个散热片的传热路径短，且保证了各个散热片的面积较大，拆装方便，结构简单，制造成本低。
132. 206018604 循环流化床锅炉及其布风板
CN
15.03.2017
F23C 10/20 Loading...
F23C 10/20
Loading...
201621041022.3
中国神华能源股份有限公司
陈生斌
F23C 10/20
Loading...
本实用新型涉及锅炉领域，公开了一种循环流化床锅炉及其布风板，该布风板包括布风板本体(1)、穿过该布风板本体(1)延伸并具有中空风道(2a)的多个风管(2)及安装于各个所述风管(2)上的风帽(3)，所述风帽(3)上设有与风管(2)的风道(2a)连通的开孔(3a)，其中，至少部分所述风管(2)的所述风道(2a)内具有连接至该风道(2a)的内壁上的节流钢(4)，以能够偏置地对通过所述风道(2a)的气流产生节流作用。本实用新型可以根据不同区域的气流方向而选择节流钢(4)的偏置位置，以使得进入炉膛的气流较为均匀，改善局部区域的流化效果。节流钢(4)仅在一侧连接至风道(2a)的内壁，相对更容易实施。
133. 105507224 带自反馈稳定系统的抗倾覆水力式升船机
CN
15.03.2017
E02C 5/02 Loading...
E02C 5/02
Loading...
102016000028180
华能澜沧江水电股份有限公司
马洪琪
E02C 5/02
Loading...
本发明提供一种带自反馈稳定系统的抗倾覆水力式升船机，包括设置于船闸室中的承船厢，与承船厢相连的主动抗倾覆机械同步系统、稳定均衡水力驱动系统、自反馈稳定系统，所述自反馈稳定系统包括对称设置在船闸室侧壁上的导轨，对称设置在承船厢上下部、并与船闸室侧壁上的导轨相配接的多个导轮，其特征在于每一个导轮均通过支撑机构固定在承船厢上，所述支撑机构包括与承船厢相连的底座，铰接在底座上的支架，固定在支架与底座之间的柔性件，设置在柔性件外侧的限位挡件，设置在支架上并沿导轨滚动的导轮。对承船厢起到主动纠偏，当承船厢受到不平衡荷载、承船厢出现倾斜后，发挥承船厢倾斜限位作用，防止承船厢倾斜量继续增大，使水力式升船机稳定安全可靠运行。
134. 104716226 低倍聚光光伏电池的电池单元的制造方法
CN
15.03.2017
H01L 31/18 Loading...
H01L 31/18
Loading...
102013000694592
中国华能集团清洁能源技术研究院有限公司
刘大为
H01L 31/18
Loading...
本发明公开了一种低倍聚光光伏电池的电池单元的制造方法，电池单元的制造方法包括以下步骤：将多条电池条一一摆放在第一定位装置的多个定位槽中，实现多个电池条的相互定位，然后在多个电池条的主栅极的位置焊接第一组电极焊条，将多个电池条翻转后一一放置在第二定位装置的多个定位部中，其中，第二定位装置具有容纳第一组电极焊条的凹槽；以及在电池条之间的间隙放置绝缘垫片，之后在多个电池条另一侧表面的主栅极的位置焊接第二组电极焊条。根据本发明的低倍聚光光伏电池的电池单元的制造方法，在维持同样光伏电池体积的情况下，节省了硅片的使用量，同时方便电池单元的组装。
135. 103761126 应用程序的升级方法和装置
CN
15.03.2017
G06F 9/445 Loading...
G06F 9/445
Loading...
102014000006861
中国神华能源股份有限公司
连英立
G06F 9/445
Loading...
本发明公开了一种应用程序的升级方法和装置。其中，应用程序的升级方法包括：检测应用程序的升级程序，升级程序用于升级应用程序，应用程序包括结构域和数据域，其中结构域用于表示数据域内部数据之间的逻辑关系；以及当检测到升级程序时，通过升级程序升级应用程序的结构域以升级应用程序。通过本发明，达到了减少应用程序升级时间的效果。
136. 105672237 一种具有抗倾覆能力的水力式升船机
CN
15.03.2017
E02C 5/00 Loading...
E02C 5/00
Loading...
102016000027194
华能澜沧江水电股份有限公司
马洪琪
E02C 5/00
Loading...
本发明提供一种具有抗倾覆能力的水力式升船机，包括主动抗倾覆机械同步系统、稳定均衡水力驱动系统、自反馈稳定系统，其特征在于：所述稳定均衡水力驱动系统还包括设置在分支水管转角处的第一阻力均衡件或/和分叉管处的第二阻力均衡件、分别设置在输水主管输水阀阀前的环向强迫通气机构和阀后的稳压减振箱；所述自反馈稳定系统的每一个导轮通过支撑机构固定在承船厢上，所述支撑机构包括与承船厢相连的底座，铰接在底座上的支架，固定在支架与底座之间的柔性件，设置在柔性件外侧的限位挡件，设置在支架上并沿导轨滚动的导轮。通过这三大系统的联合作用，使水力式升船机在载水情况下具备抗倾覆能力，确保水力式升船机安全、可靠运行。
137. 206022756 电缆接头组件和汽轮机轴瓦温度检测装置的连接结构
CN
15.03.2017
H01R 13/52 Loading...
H01R 13/52
Loading...
201621091221.5
中国神华能源股份有限公司
李俊平
H01R 13/52
Loading...
本实用新型涉及检测领域，公开了一种电缆接头组件和汽轮机轴瓦温度检测装置的连接结构，该电缆接头组件包括接头套筒(10)、可拆卸地套接在所述接头套筒(10)的一端的套筒压盖(20)，以及液体止挡部，该液体止挡部形成有电缆容纳通孔(33)，由所述套筒压盖(20)压入所述接头套筒(10)中一抵接在所述接头套筒(10)一端的端面上而封闭所述接头套筒(10)的端部，从而能够有效地阻止液体沿电缆渗透。而且，在拆卸只要将套筒压盖拆卸，就能够取出被套筒压盖压紧在接头套筒中的部件，简单快捷地完成拆装。
138. 206021306 无源电子标签
CN
15.03.2017
G06K 19/077 Loading...
G06K 19/077
Loading...
201620511250.6
中国神华能源股份有限公司
秦勤
G06K 19/077
Loading...
本实用新型涉及射频识别技术领域，公开了一种无源电子标签，该无源电子标签包括射频芯片和射频天线电路，其特征在于，该无源电子标签还包括外壳和防污薄膜层，所述外壳由底板和顶盖构成，所述底板和所述顶盖密封在一起以用于容纳所述射频芯片和所述射频天线电路，所述防污薄膜层至少位于所述顶盖的外侧上。该无源电子标签的表面防污能力强，因此解决了由于无源电子标签的表面污染导致的标签识别率降低进而导致列车车号丢失的问题。
139. 206017071 汽轮发电机组和发电系统
CN
15.03.2017
F03G 6/06 Loading...
F03G 6/06
Loading...
201621059157.2
中国神华能源股份有限公司
王军伟
F03G 6/06
Loading...
公开了一种汽轮发电机组和发电系统，该汽轮发电机组包括：发电机(1)，该发电机由汽轮机(2)驱动，该汽轮机闭环串联有位于下游的凝汽器(10)；太阳能集热器(5)，该太阳能集热器闭环串联有蒸汽形成装置(4)，该蒸汽形成装置在上游与所述汽轮机的管路热交换；其中，所述汽轮发电机组还包括制冷装置(9)，该制冷装置与所述太阳能集热器闭环串联连接并与所述凝汽器热交换。本实用新型提供的汽轮发电机组包括太阳能集热器和制冷装置，该制冷装置采用太阳能集热器提供的能量进行制冷，以为凝汽器中的冷却介质降温。该汽轮发电机组直接采用太阳能作为能量来源以进行汽轮机发电，节约用水，提高发电效率，降低了生产成本，更加经济环保。
140. 206018428 高空照明系统
CN
15.03.2017
F21S 8/04 Loading...
F21S 8/04
Loading...
201621089353.4
中国神华能源股份有限公司
修振林
F21S 8/04
Loading...
本实用新型涉照明领域，公开了一种设置在干煤棚中的高空照明系统，该高空照明系统包括：照明棚架(10)，该照明棚架(10)的至少一个截面形成为弧形；滑轮组装置，该滑轮组装置沿所述照明棚架(10)的弧形延伸方向布置；滑绳(30)，该滑绳(30)包括照明设置部(31)，能够沿所述滑轮组装置移动的滑动部(32)和用于使所述滑动部(32)沿所述滑轮组装置移动从而对所述照明设置部(31)进行升降的收放部(33)，从而能够使在高处进行照明的照明用具在低处进行维修或更换，进而减少高空作业的危险性，降低维护工作量和维护成本。
141. 206023065 一种可移动式挂点装置
CN
15.03.2017
H02G 1/02 Loading...
H02G 1/02
Loading...
201621090893.4
中国神华能源股份有限公司
李建光
H02G 1/02
Loading...
本实用新型涉及港口机械领域，公开了一种可移动式挂点装置，所述可移动式挂点装置包括安装在底座上的立柱(4)，以及由所述立柱(4)支撑的其上设有连接通孔(1)的挂板(2)。本实用新型提供的挂点装置，可自由移动，可为装船机、堆料机等设备中的机构维修和安装作业所需要用到的手拉葫芦提供挂点，从而方便地用于装船机、堆料机等设备中的机构维修和安装等作业。
142. 206016655 用于供电线路线缆维护的挂梯
CN
15.03.2017
E06C 1/36 Loading...
E06C 1/36
Loading...
201621057772.X
中国神华能源股份有限公司
王碰雄
E06C 1/36
Loading...
本实用新型公开了一种用于供电线路线缆维护的挂梯，其中，该挂梯包括主体杆(8)和顶端的挂钩部(3)，所述挂钩部(3)的挂钩槽中安装有能够自旋转的滚轮(7)，所述挂钩部(3)挂于线缆上时，所述滚轮(7)可滚动地骑行于所述线缆上以允许所述挂梯沿所述线缆行走。通过设置在挂钩部中的滚轮，并将滚轮直接支撑在线缆上，所述挂梯能够在承载工作人员的情况下在线缆上横向滚动到合适的位置作业，提高了工作效率，并且所述挂梯整体结构简洁，具有较高的灵活性，可以用于空间狭小的作业空间。
143. 206023703 光伏组件故障监测系统
CN
15.03.2017
H02S 50/00 Loading...
H02S 50/00
Loading...
201621021993.1
中国华能集团清洁能源技术研究院有限公司
刘大为
H02S 50/00
Loading...
本实用新型公开了一种光伏组件故障监测系统。该系统包括：电压监测装置，与光伏组件相连接，用于监测光伏组件的端电压并根据端电压生成模拟电压信号；数据采集装置，与电压监测装置相连接，用于按照预设周期采集模拟电压信号并根据模拟电压信号判断光伏组件是否故障；控制终端，与数据采集装置相连接，用于调整预设周期。通过本实用新型，解决了相关技术中无法判断光伏组件是否故障的问题。
144. 106481353 风门组件、风门组件的控制方法和装置
CN
08.03.2017
E21F 1/10 Loading...
E21F 1/10
Loading...
102016001222799
中国神华能源股份有限公司
张立辉
E21F 1/10
Loading...
本发明实施例提供一种风门组件、风门组件的控制方法和装置，其中的风门组件，包括推拉式风门和第一阀门，推拉式风门的风门本体上成型有凹槽，凹槽的宽度与主运通道中传输皮带的宽度相适配，推拉式风门的遮挡部，宽度与凹槽的宽度相适配。当发生火情时，开启推拉式风门，能够有效阻隔主运通道中的风流，使其不再向下风侧扩散，提高了煤矿皮带巷中工作人员的安全性。
145. 106483945 一种楼宇分布式能源站紧凑式控制信息化系统
CN
08.03.2017
G05B 19/418 Loading...
G05B 19/418
Loading...
102016001181382
中国华电科工集团有限公司
张爱平
G05B 19/418
Loading...
本发明公开了一种紧凑式控制信息化系统，特别是一种楼宇分布式能源站紧凑式控制信息化系统。该系统包括SIS系统、MIS系统、DCS控制系统(16)和能量管理系统(7)。能量管理系统(7)作为DCS控制系统(16)的一个子站，与DCS控制系统(16)信息共享。SIS系统及MIS系统共享数据库服务器，能量管理系统(7)把DCS控制系统(16)及能量管理本系统的全部数据通过SIS系统接口机(9)传输给SIS系统，SIS系统及MIS系统即获取能源站全部的生产信息。该系统提升了通讯信息传输速度，简化了系统配置，实现了楼宇分布式能源站的整体信息化。
146. 106481346 一种综采工作面回采通过空巷的方法
CN
08.03.2017
E21D 11/00 Loading...
E21D 11/00
Loading...
102016001168150
中国神华能源股份有限公司
陶志勇
E21D 11/00
Loading...
本发明公开了一种综采工作面回采通过机头硐室空巷的方法，包括如下步骤：S001：对平巷段顶板进行加强支护；S002：对超高巷段顶板先进行加强支护，然后在超高巷段顶板的下方制作人工假顶；S003：在综采工作面距空巷第一预设距离时，调整综采工作面的采高和工作面底板的高度，以使得在综采工作面过空巷时，工作面底板高于空巷的底板，并使得综采工作面的调斜平缓过渡进入空巷内支护平巷段顶板和人工假顶；S004：使综采工作面快速过机头硐室空巷。其通过在超高巷段内设置人工假顶，使得工作面支架能够支护到所述人工假顶，并对平巷段和超高巷段分别进行加强支护，使得综采工作面能够快速安全的通过空巷，提高了过空巷的安全性。
147. 106483211 测定NORMAX催化剂及其配体的含量的方法
CN
08.03.2017
G01N 30/02 Loading...
G01N 30/02
Loading...
102016000839495
中国神华能源股份有限公司
刘文星
G01N 30/02
Loading...
本发明提供了一种测定NORMAX催化剂及其配体的含量的方法。该方法包括样品溶液的配制、校正过程和样品检测分析。采用液相色谱对NORMAX催化剂及其配体的含量进行了检测，同时通过发明人创造性的劳动得到较为合适的液相色谱条件，在上述特定的液相色谱条件下测得的结果更加准确。这有利于在生产过程中及时测定NORMAX催化剂及其配体的含量，并根据检测结果及时调整工艺，从而有利于节约生产成本。
148. 206000564 一种用于矿山无轨运输巷道内的降尘、降温系统
CN
08.03.2017
E21F 5/04 Loading...
E21F 5/04
Loading...
201620858808.8
中钢集团马鞍山矿山研究院有限公司
黄寿元
E21F 5/04
Loading...
本实用新型公开了一种用于矿山无轨运输巷道内的降尘、降温系统，包括水仓（1）、供水管路、远程控制系统。供水管路由供水立管（3）、供水横管（4'）、连接横管（4）、喷淋竖管（5）、喷淋横管（6）构成；在喷淋横管（6）的底侧每隔一定距离的断面上开设一个喷雾细孔（7）；远程控制系统包括可编程控制器（11）、红外线传感器（12）及监控中心主机（13），监控中心主机（13）与可编程控制器（11）连接，可编程控制器（11）与电磁阀（9）连接。本实用新型具有结构简单，无需雾化喷头，便于后期维护管理，且控制灵活、实用性强的特点，可在深部地下矿山无轨运输巷粉尘的防治及进风流预冷降温中广泛应用。
149. 206002934 一种取料机清垛底控制系统
CN
08.03.2017
G05B 19/05 Loading...
G05B 19/05
Loading...
201621038998.5
中国神华能源股份有限公司
周庆博
G05B 19/05
Loading...
本实用新型涉及控制工程技术领域，公开了一种取料机清垛底控制系统，解决了对现场监护人员的依赖性大，取料作业工作效率低的问题。所述系统包括PLC、行走编码器、俯仰编码器、工控机、通讯模块，另外所述PLC，用于存储堆场的垛位号，以及所述垛位号对应的垛位信息；所述工控机的显示屏，还用于显示当所述取料机行走至每个垛位的各个采集点的位置时，所述各个采集点对应的指示按钮亮起，以及所述各个采集点对应的所述取料机臂架的最低俯仰角度，且所述指示按钮按照所述最低俯仰角度从大到小的顺序进行排序。本实用新型实施例适用于取料机清垛底的过程中。
150. 206001511 用于管式空气预热器的漏风检测装置
CN
08.03.2017
F23L 15/00 Loading...
F23L 15/00
Loading...
201621041118.X
中国神华能源股份有限公司
刘斌
F23L 15/00
Loading...
本实用新型涉及管式空气预热器的漏风检测领域，并公开了一种用于管式空气预热器的漏风检测装置，所述漏风检测装置包括：框体（1），所述框体（1）具有中部缺口；以及柔性薄膜（2），所述柔性薄膜（2）连接于所述框体（1）并且覆盖所述中部缺口，所述柔性薄膜（2）能够在气流作用下相对于所述框体（1）移动。本实用新型的漏风检测装置具有较高的漏风检测准确率。
151. 206002088 一种电站热力设备膨胀指示器
CN
08.03.2017
G01B 21/32 Loading...
G01B 21/32
Loading...
201621057765.X
中国神华能源股份有限公司
凌荣华
G01B 21/32
Loading...
本实用新型涉及信号装置，公开了一种电站热力设备膨胀指示器，包括：电机、杆件和位移感知面板；所述电机与所述热力设备的外壁固定连接，用于驱动所述杆件做轴向延伸运动；以及所述位移感知面板被设置以使所述杆件在轴向延伸运动过程中能够触碰所述位移感知面板，以及所述位移感知面板用于感知所述杆件的触碰位置。通过上述技术方案实现了对热力设备的自动监控，避免了人工作业产生的误差，节省了人力资源，还可以对热力设备实现实时监控，加强了作业中的安全性。
152. 206001449 一种防止CFB锅炉风道喷口磨损的装置
CN
08.03.2017
F23C 10/18 Loading...
F23C 10/18
Loading...
201620935616.2
中国华能集团清洁能源技术研究院有限公司
赵鹏勃
F23C 10/18
Loading...
一种防止CFB锅炉风道喷口磨损的装置，包括预埋于CFB锅炉裤衩腿炉墙内的二次风管，二次风管和二次风喷嘴连接，二次风管通过上支撑钢板、下支撑钢板和防磨加强钢板连接，防磨加强钢板预埋于CFB锅炉裤衩腿炉墙里面；防磨加强钢板的内面上焊接有耐高温销钉，在耐高温销钉上敷设有耐磨耐火浇注料，本实用新型通过预埋于CFB锅炉裤衩腿炉墙内的二次风管和防磨加强钢板及耐磨耐火浇注料，避免二次风喷嘴直接裸露于炉膛密相区中，保护二次风喷嘴不磨损，从而保证二次风喷口较高的风速，二次喷口风速提高后有利于提高二次风的穿透力，保证充分燃烧，提高了锅炉效率。
153. 206002221 隧道围岩内部温度的测试装置
CN
08.03.2017
G01K 7/01 Loading...
G01K 7/01
Loading...
201621057761.1
中国神华能源股份有限公司
呼枭
G01K 7/01
Loading...
本实用新型公开了一种隧道围岩内部温度的测试装置，所述测试装置包括测试杆(1)和多个温度传感器(2)，所述测试杆(1)的侧表面设有纵向凹槽(11)，沿所述测试杆(1)的纵向，多个所述温度传感器(2)相互间隔地固定设置在所述纵向凹槽(11)内。本实用新型的隧道围岩内部温度的测试装置结构简单，操作简单，能够实现实时监测隧道围岩内部不同深度的温度。
154. 106475735 矿用大型结构件的修复方法
CN
08.03.2017
B23P 6/04 Loading...
B23P 6/04
Loading...
102016001070445
中国神华能源股份有限公司
董新
B23P 6/04
Loading...
本发明公开了一种矿用大型结构件的修复方法，包括以下步骤：对所述矿用大型结构件进行结构分析；确定修复区域、替换材料和焊接工艺；切割所述修复区域；在所述修复区域焊接所述替换材料；在所述替换材料的表面焊接耐磨层。本发明将矿用大型结构件进行局部切割、焊接修复，利用了主体部分的剩余使用价值，节约了检修成本，避免资源浪费，延长了矿用大型结构件的使用寿命。
155. 205998491 用于阀门的存放装置
CN
08.03.2017
B65G 1/02 Loading...
B65G 1/02
Loading...
201620617541.3
中国神华能源股份有限公司
陈玉平
B65G 1/02
Loading...
本实用新型涉及零件存储领域，公开了一种用于阀门的存放装置，其中，该存放装置包括小型阀门存放架(1)，中型阀门存放架(2)和大型阀门存放架(3)中的至少一者。本实用新型的用于阀门的存放装置能够对大中小型阀门分类存放。通过上述技术方案，能够充分利用存储空间，扩大存储能力；并且储存的货物之间互不挤压，保证储存货物的质量，减少货物的损坏；存取方便，便于清点和计量；有利于实现仓库的自动化、专业化管理。
156. 205996886 联轴器的拆卸工具
CN
08.03.2017
B25B 27/02 Loading...
B25B 27/02
Loading...
201621043564.4
中国神华能源股份有限公司
周祥
B25B 27/02
Loading...
本实用新型涉及工程机械领域，公开了一种联轴器的拆卸工具。该拆卸工具包括：支撑板(2)，该支撑板(2)上设置有多个第一通孔(21)；多个丝杠(3)，该多个丝杠(3)分别穿过所述支撑板(2)的对应的第一通孔(21)；以及多个第一止挡件(6)和多个第二止挡件(7)，该多个第一止挡件(6)分别可拆卸地连接于所述多根丝杠(3)的第一端，所述多个第二止挡件(7)分别可拆卸地连接于所述多根丝杠(3)的第二端，所述支撑板(2)位于所述第一止挡件(6)和第二止挡件(7)之间。本实用新型的联轴器的拆卸工具结构更简单，拆卸或安装更方便，在能够实现更好地拆卸功能的同时，可大大节约安装或拆卸的时间成本。
157. 206002508 一种压裂液携砂效果评价装置
CN
08.03.2017
G01N 33/00 Loading...
G01N 33/00
Loading...
201620961406.0
中国华能集团公司
张健
G01N 33/00
Loading...
本实用新型公开了一种压裂液携砂效果评价装置，包括压裂液釜，其出口依次连接第一螺杆泵、混砂搅拌釜、第二螺杆泵、电磁流量计和竖直井筒入口；混砂搅拌釜上方入口安装有加砂装置，竖直井筒出口同时连接三条支路，第一条支路依次连接第五阀、裂缝沉降模型和第六阀，第二条支路依次连接第七阀、第一水平井筒和第八阀，第三条支路依次连接第九阀、水平井裂缝模型和第十阀，三条支路交汇后依次连接温度传感器和沉降罐入口，沉降罐出口连接至压裂液釜入口构成回路。本实用新型可测试评价在不同支撑剂类型、条件下，各种压裂液在竖直井筒、水平井筒、单一裂缝和水平井复杂裂缝中携砂效果的装置，同时测试不同条件下携砂液在井筒或裂缝不同区间的摩阻。
158. 206001451 一种流化床锅炉的布风装置及循环流化床锅炉
CN
08.03.2017
F23C 10/20 Loading...
F23C 10/20
Loading...
201621041010.0
中国神华能源股份有限公司
苗俊明
F23C 10/20
Loading...
本实用新型提供了一种流化床锅炉的布风装置及循环流化床锅炉，所述布风装置上具有外围布风区(6)和被该外围布风区(6)围绕的中间布风区，所述外围布风区(6)上和所述中间布风区上各自设有至少一个布风通道(2)，所述中间布风区的各个所述布风通道中分别设有用于配置布风风量的节流装置。所述布风装置把水冷风室上方的布风板分为不同的区域，经过不同的节流过程实现不同位置风量的调节，从而达到控制床温的目的。
159. 106481376 一种利用空冷机组乏汽余热发电的装置及方法
CN
08.03.2017
F01K 25/10 Loading...
F01K 25/10
Loading...
102016001100819
中国华能集团清洁能源技术研究院有限公司
彭烁
F01K 25/10
Loading...
一种利用空冷机组乏汽余热发电的装置及方法，该装置包括汽轮机，与汽轮机的乏汽出口相连的第一空冷器和蒸发器，第一空冷器和蒸发器的凝结水出口均连接循环泵的凝结水入口，蒸发器的有机工质出口连接膨胀机的有机工质入口，膨胀机的有机工质出口连接第二空冷器的有机工质入口，第二空冷器的有机工质出口连接储罐的入口，储罐的出口连接有机工质泵的入口，有机工质泵的出口连接蒸发器的入口；本发明还公开了该装置进行余热发电的方法；采用本发明装置及方法能够减小空冷机组空冷塔内的散热损失，增加汽轮机出功，提高机组整体效率。
160. 205999332 一种热解反应装置
CN
08.03.2017
C10B 53/04 Loading...
C10B 53/04
Loading...
201620896114.3
华能国际电力股份有限公司
李昱喆
C10B 53/04
Loading...
本实用新型公开一种热解反应装置，包括物料进管，布料装置，油气出口，蓄热辐射管，传热翘片，热解反应装置壳体，半焦出料管；其中，布料装置布置在物料进管的下方，可使得物料分散后在热解反应装置壳体和蓄热辐射管之间的空腔中通过；蓄热辐射管多根布置，并且竖直穿过热解反应装置壳体，从而隔绝蓄热辐射管内的热载体与空腔间的物料接触，此外蓄热辐射管外壁带有传热翘片；本实用新型热解反应装置结构简单，利用热载体作为热源，热解反应装置内热载体与物料不混合，油气产率高且便于后续处理。
161. 205998609 落料槽、漏斗和导料系统
CN
08.03.2017
B65G 47/52 Loading...
B65G 47/52
Loading...
201621031797.2
中国神华能源股份有限公司
赵炎
B65G 47/52
Loading...
本实用新型公开了一种落料槽、漏斗和导料系统，所述落料槽包括上进料口(1)和下出料口(2)，所述落料槽的内壁形成有面向所述上进料口(1)的导料弧面(3)，所述导料弧面(3)朝向所述下出料口(2)延伸，从所述进料口(1)进入的物料沿所述导料弧面(3)流向所述下出料口(2)，与所述导料弧面(3)相对的所述落料槽的外壁设有调整杆(4)。该落料槽能够根据不同的抛料轨迹调整，提高漏斗的通用性和落料对中性，确保导料系统顺畅的落料。
162. 206002668 双回转电机故障检测电路
CN
08.03.2017
G01R 31/34 Loading...
G01R 31/34
Loading...
201620990221.2
中国神华能源股份有限公司
单保峰
G01R 31/34
Loading...
本实用新型涉及电路技术领域，公开了一种双回转电机故障检测电路，包括：采样电路，用以分别采集所述各个回转电机的工作电流；处理器，用以接收所述采样电路采集的工作电流，经分析处理得到所述回转电机故障信息，该双回转电机故障检测电路实时在线检测双回转电机运行状态，监测单侧电机故障，进行提示报警或执行停机操作，避免因单侧故障造成事故扩大，保证设备运行安全。
163. 106433773 劣质重油生产高密度燃料调和组分的方法
CN
22.02.2017
C10G 67/00 Loading...
C10G 67/00
Loading...
201611045154.8
内蒙古晟源科技有限公司
邓文安
C10G 67/00
Loading...
本发明提供了一种劣质重油生产高密度燃料调和组分的方法，通过限定临氢催化裂解反应的温度，使得生产得到的劣质重油生产高密度燃料调和组分具有高的转化率；限定临氢催化裂解反应的催化剂可抑制原料油在反应过程中生焦，保证装置的长周期运转。本发明提供的方法原料适应性强，高密度燃料调和组分收率高，副产品均经过加氢精制，性质好，价值高，具有极大的推广应用前景。
164. 106439876 锅炉系统的烟气处理装置及锅炉系统
CN
22.02.2017
F23J 15/00 Loading...
F23J 15/00
Loading...
201610952609.8
中国神华能源股份有限公司
刘毅
F23J 15/00
Loading...
本发明涉及烟气处理领域，公开了一种锅炉系统的烟气处理装置及锅炉系统，烟气处理装置包括并联的第一烟气处理通路和第二烟气处理通路，第一烟气处理通路上设置有第一脱硫吸收塔，第二烟气处理通路上设置有第二脱硫吸收塔，烟气处理装置设置为：当锅炉系统处于富氧湿循环工况时，仅第一脱硫吸收塔运行；当锅炉系统处于空气燃烧工况时，第一脱硫吸收塔和第二脱硫吸收塔并联运行。本发明以满足两种工况二氧化硫达标排放为目标，同时满足富氧燃烧湿循环工艺要求，通过采用双塔配置，并根据不同的工况选择合适数量的喷淋层投入运行，从而使塔内流速在工况切换前后都保持在相对合理的范围内，保证脱硫效果，从而实现烟气达标排放。
165. 106430569 餐厨垃圾废水处理方法及装置
CN
22.02.2017
C02F 3/28 Loading...
C02F 3/28
Loading...
201611028745.4
中国华电科工集团有限公司
冯小清
C02F 3/28
Loading...
本发明涉及一种餐厨垃圾废水处理方法，包括如下步骤：将所述餐厨垃圾废水注入第一级上流式厌氧污泥床反应器中进行反应，维持温度在50～55摄氏度之间，产生第一沼液；将所述第一沼液注入到第二级上流式厌氧污泥床反应器中进行反应，维持反应温度在50～55摄氏度之间，设置所述第二级上流式厌氧污泥床反应器的水力停留时间为10～20d。还提供了一种处理装置。通过本发明实施例的技术方案，二级串联的上流式厌氧污泥床反应器更充分地消化了餐厨垃圾废水中的有机物，可为后续处理降低处理负荷。
166. 106442661 用于锅炉化学清洗系统的在线测量装置
CN
22.02.2017
G01N 27/26 Loading...
G01N 27/26
Loading...
201610960746.6
中国神华能源股份有限公司
张广文
G01N 27/26
Loading...
本发明涉及锅炉清洗领域，公开了一种用于锅炉化学清洗系统的在线测量装置，所述锅炉化学清洗系统包括清洗系统主管道，所述在线测量装置包括：清洗介质导向管路，该清洗介质导向管路与所述清洗系统主管道连通并设置为流经该清洗介质导向管路内的清洗介质的流量为可调节的；管状样本夹持部，该管状样本夹持部设置于所述清洗介质导向管路上，以夹持一对管状样本串联至所述清洗介质导向管路中；电化学工作站，该电化学工作站与所述管状样本夹持部上的所述一对管状样本电连接，以测量所述管状样本的腐蚀程度或者所述管状样本内壁上的氧化皮的溶解程度。本发明的用于锅炉化学清洗系统的在线测量装置能够在锅炉化学清洗过程中对材料的腐蚀进行实时监测。
167. 106428121 混编电力机车组控制方法及控制系统
CN
22.02.2017
B61L 23/08 Loading...
B61L 23/08
Loading...
102016001007392
中国神华能源股份有限公司
张志春
B61L 23/08
Loading...
本发明涉及电力机车控制技术领域，公开了一种混编电力机车组控制方法及控制系统，该方法包括：根据主车指令生成辅车控制指令；和根据所生成的辅车控制指令控制辅车运行；该方法控制混编电力机车组从车的相关设备启动/停止的问题，以保证混编电力机车组正常工作。
168. 106439989 一种分布式能源站的生活热水智能控制系统
CN
22.02.2017
F24D 3/08 Loading...
F24D 3/08
Loading...
201611001492.1
中国华电科工集团有限公司
张爱平
F24D 3/08
Loading...
本发明公开了一种智能控制系统，特别是一种分布式能源站的生活热水智能控制系统。其中电热水锅炉的一端经第一阀门与电锅炉蓄热水泵连通，另一端连通于高位水箱。电锅炉蓄热水泵、蓄热水箱、一次供热循环泵、供热板式换热器、二次供热循环泵通过管道依次连通，蓄热水箱还通过第二阀门连通于电热水锅炉。生活水蓄热板式换热器通过生活水蓄热循环泵连通于电锅炉蓄热水泵，高位水箱上装设有液位开关，蓄热水箱上装设有液位测量传感器。上述设备均与控制装置电连接，控制装置控制整个生活热水智能系统的运行。该系统无需人工操作，实现了生活热水的智能化控制，在满足用户生活需求的同时大大降低设备运行能耗。
169. 205968836 用于将叶轮从叶轮轴上拆卸下来的装置
CN
22.02.2017
B25B 27/02 Loading...
B25B 27/02
Loading...
202016001043163
中国神华能源股份有限公司
常电
B25B 27/02
Loading...
本实用新型涉及叶轮维护领域，并公开了一种用于将叶轮从叶轮轴上拆卸下来的装置，所述叶轮(2)包括轴向凸出卡接部(3)，所述装置包括：套筒卡接件(1)，该套筒卡接件的一端用于可拆卸地卡接于所述轴向凸出卡接部，并且所述套筒卡接件内形成有沿所述套筒卡接件的轴向方向延伸的中空部分，所述中空部分在所述套筒卡接件的另一端形成有内螺纹；锁紧件(4)，该锁紧件用于将所述套筒卡接件锁紧在卡接于所述轴向凸出卡接部上的状态；以及螺纹进给件(5)，该螺纹进给件穿设在所述中空部分中并且与所述内螺纹配合，以便通过旋转该螺纹进给件而相对于所述叶轮顶推所述叶轮轴(6)。本实用新型的装置能够防止叶轮在拆卸过程中损坏。
170. 106430229 以介孔材料为间接模板剂制备多级结构分子筛的方法
CN
22.02.2017
C01B 37/08 Loading...
C01B 37/08
Loading...
201610819341.0
中国华能集团公司
刘蓉
C01B 37/08
Loading...
本发明公开了一种以介孔材料为间接模板剂制备多级结构分子筛的方法，将氧化铝球或氧化硅微球，外加硅源或铝源、磷酸、模板剂以及水混合形成晶化原液，再将搅拌均匀的晶化原液转移到以四氟乙烯为内衬的水热釜中，老化，老化后将水热釜放入均相反应器中进行晶化，然后将晶化后的溶液冷却，取出进行洗涤离心处理，得到的固液混合物经过过滤、洗涤、烘干，焙烧除去模板剂，得到多级结构分子筛；该分子筛包含介孔和微孔，能很好的抑制异丁烯在孔道中的生成与扩散，更大分子的异构烃以及芳烃将受到更加严重扩散限制，同时介孔的存在减少了目的产物低碳烯烃尤其是丙烯的扩散阻力，使所制备的多级结构分子筛作为催化剂不易失活，稳定性好。
171. 106429531 用于港口机械的开关门及港口机械
CN
22.02.2017
B65G 67/60 Loading...
B65G 67/60
Loading...
201610887442.1
中国神华能源股份有限公司
李建光
B65G 67/60
Loading...
本发明涉及港口机械领域，并公开了一种用于港口机械的开关门和一种港口机械，所述开关门包括：安装基础(1)；门体(2)，所述门体具有第一侧和第二侧；第一回转销(3)；以及第二回转销(4)，其中，在所述第一侧，所述门体通过所述第一回转销和所述第二回转销与所述安装基础可枢转地连接，所述第一回转销和所述第二回转销的各自的中心轴线同轴设置并且顺时针倾斜，或者在所述第二侧，所述门体通过所述第一回转销和所述第二回转销与所述安装基础可枢转地连接，所述第一回转销和所述第二回转销的各自的中心轴线同轴设置并且逆时针倾斜。本发明的用于港口机械的开关门结构简单、易于制造、成本较低且安全性更高的优点。
172. 106429533 高压喷雾抑尘设备的吸水装置及高压喷雾抑尘设备
CN
22.02.2017
B65G 67/60 Loading...
B65G 67/60
Loading...
201610921931.4
中国神华能源股份有限公司
朱相福
B65G 67/60
Loading...
本发明涉及装船机高压喷雾抑尘设备，公开了一种高压喷雾抑尘设备及其吸水装置。该吸水装置包括水泵(7)、软管(3)以及漂浮物(2)。其中，软管(3)的连接端(301)与水泵(7)连通，软管(3)的自由端(302)作为进水口并能根据漂浮物(2)随水位变化而移动。本发明通过漂浮物(2)与软管(3)的配合，使软管吸水口能够跟随水位的变化而始终吸取上层清水，有效解决了喷头易堵塞的问题。
173. 106439795 富氧燃烧器及其配风方法
CN
22.02.2017
F23C 7/02 Loading...
F23C 7/02
Loading...
201610825794.4
中国神华能源股份有限公司
柳朝晖
F23C 7/02
Loading...
本发明涉及能源技术领域，公开了一种富氧燃烧器及其配风方法。燃烧器包括燃烧腔室，其腔壁上形成有燃尽风口，以及在燃烧腔室的高度方向上位于燃尽风口下方的沿竖直方向间隔设置的一次风口和二次风口，以形成一列风口，一次风口位于相邻的二次风口之间。富氧燃烧器的配风方法包括：在富氧燃烧工况下，关闭燃尽风口，保持一次风口和二次风口打开；调整进入锅炉内的循环烟气与注入的氧气的体积以调整入炉氧分压；控制所注入的氧气一部分进入一次风口，另一部分进入二次风口，并调整一次风的氧分压或二次风的氧分压；控制一次风的动量与在空气燃烧工况下一次风的动量相同。本发明提高了在空气燃烧工况切换到富氧燃烧工况下煤粉燃烧的高效性和稳定性。
174. 106430093 2捕集系统变换单元催化剂的系统和方法
CN
22.02.2017
C01B 3/16 Loading...
C01B 3/16
Loading...
201610887495.3
中国华能集团清洁能源技术研究院有限公司
程健
C01B 3/16
Loading...
保护燃烧前CO2捕集系统变换单元催化剂的系统和方法，煤气合成气首先进入缓冲过滤器，再进入换热器与一号变换炉出口气体换热升温并与中压蒸汽混合经高温过滤器后，进入一号变换炉的入口，一号变换炉出口气体经增湿器换热增湿后进入第二变换炉的入口，第二变换炉出口反应气在热交换器经热回收后经增湿器喷雾增湿进入二号变换炉的入口，出二号变换炉的反应气经冷却器降温和变换器分水器后进入后续脱硫脱碳工序；变换气分水器分离的冷凝液经过过滤器过滤、汽提塔气提后补入脱盐水缓冲罐，再由脱盐水泵返回增湿器作为增湿使用；本发明可实现变换反应的稳定和低能耗运行，降低燃烧前CO2捕集系统的能耗水平。
175. 106437755 管片柔性接头及管片柔性接头的安装方法
CN
22.02.2017
E21D 11/08 Loading...
E21D 11/08
Loading...
201610811684.2
中国神华能源股份有限公司
刘保国
E21D 11/08
Loading...
本发明公开了一种管片柔性接头及管片柔性接头的安装方法。管片柔性接头包括：第一管片，第一管片上开设有第一连接槽；连接杆的第一端连接有限位凸起，限位凸起位于第一连接槽内，限位凸起的外径大于第一连接槽槽口的口径；第二管片上开设有第二连接槽，第一连接槽与第二连接槽相对设置，连接杆的第二端可旋转地连接在第二连接槽内。管片柔性接头的安装方法将管片柔性接头稳固安装。本发明提供的管片柔性接头及管片柔性接头的安装方法，管片柔性接头可以实现拉伸、压缩、剪切、以及旋转等任意方向的较大运动，允许管片产生一定的张开和错动以适应大的地层变形，保护管片不受损伤，提高管片支护的稳定性，又具有安装便捷的优点。
176. 106449312 一种斥力机构驱动电源
CN
22.02.2017
H01H 71/10 Loading...
H01H 71/10
Loading...
201610814624.6
华中科技大学
袁召
H01H 71/10
Loading...
本发明公开了一种斥力机构驱动电源，包括充电单元、放电单元；充电单元包括固态继电器、调压器、带抽头的升压变压器、第一充电电阻、第二充电电阻、单刀双掷开关、高压充电子单元，机动充电子单元和合闸充电子单元；放电单元包括高压放电子单元、机动放电子单元、合闸放电子单元、放电电阻、第一接触器、第二接触器和第三接触器。本发明通过增加一组机动充放电子单元，能够使驱动电源在不同的工况下灵活地满足不同的需求。在满足传统的直流断路器简单的分合闸需求的基础上，添加了高速分闸、低速分闸功能，既能够满足快速斥力机构的高速分闸的速度需求，又能够在满足普通斥力机构分闸基础上延长其使用寿命；添加了重合闸功能，可以满足更高的需求。
177. 205979843 高钠煤的预处理系统
CN
22.02.2017
F23K 1/00 Loading...
F23K 1/00
Loading...
202016000839083
中国神华能源股份有限公司
KIM SUNG HO
F23K 1/00
Loading...
本实用新型涉及燃煤火力发电领域，公开了一种高钠煤的预处理系统，该高钠煤的预处理系统包括用于将高钠煤制成煤粉的煤粉制造子系统、顺序连接的锅炉和汽轮机以及煤粉储存容器，所述锅炉和所述汽轮机分别与煤粉制造子系统连接以提供热能，所述煤粉储存容器连接于所述煤粉制造子系统以用于储存煤粉；所述系统还包括连接于所述锅炉的烟气排放管道的烟气净化装置，煤粉储存容器为封闭容器并设置有煤粉保护气体输入口，该煤粉保护气体输入口通过烟气输送管路连接于烟气净化装置的尾气排放口。在本实用新型中，对高钠煤预处理制粉制得煤粉，再利用煤粉储存容器对煤粉进行保护性储存，制得的煤粉相较于高钠原煤更容易储存和运输，利用烟气尾气储存煤粉经济实惠。
178. 205983165 多通道样水转换器
CN
22.02.2017
G05B 19/05 Loading...
G05B 19/05
Loading...
202016001037691
中国神华能源股份有限公司
岳鹏
G05B 19/05
Loading...
本实用新型涉及一种多通道样水转换器，该多通道样水转换器可以包括：第一接收装置，用于接收混床运行信号及混床停止运行信号；样水采集装置；以及控制装置，用于：在所述第一接收装置接收到所述混床运行信号的情况下，控制所述样水采集装置从所述混床采集样水；在所述第一接收装置接收到所述混床停止运行信号的情况下，控制所述样水采集装置停止从所述混床采集所述样水。根据混床是否运行的信号来控制样水采集装置采集样水或停止从该混床采集样水，进而可以保证在混床不运行的情况下，与多通道样水转换器连接的数据测量设备能够接收到稳定的样水。
179. 106430638 一种苹果酸复合缓蚀阻垢剂组合物和苹果酸复合缓蚀阻垢剂及其应用
CN
22.02.2017
C02F 5/08 Loading...
C02F 5/08
Loading...
201610551133.7
中国神华能源股份有限公司
李合友
C02F 5/08
Loading...
本发明涉及水处理剂领域，公开了一种苹果酸复合缓蚀阻垢剂组合物，该组合物含有组分A、组分B和组分C，其中：组分A为第一锌盐、有机酸和碱金属氢氧化物进行接触后的产物；其中，所述第一锌盐为氯化锌、硫酸锌和硝酸锌中的一种或多种；所述有机酸为苹果酸任选与选自葡萄糖酸和/或抗坏血酸的组合；组分B为第二锌盐组成；其中，所述第二锌盐为氯化锌、硫酸锌和硝酸锌中的一种或多种；组分C为丙烯酸类聚合物，所述丙烯酸类聚合物的结构原子不包括磷、氮和硫。本发明还公开了含有上述组合物的苹果酸复合缓蚀阻垢剂及其应用。本发明获得了兼具较好的阻碳酸钙垢、硫酸钙垢和磷酸钙垢性能的苹果酸复合缓蚀阻垢剂，且该阻垢剂还具有缓蚀作用。
180. 106430639 一种工业循环冷却水的处理方法
CN
22.02.2017
C02F 5/08 Loading...
C02F 5/08
Loading...
201610552133.9
中国神华能源股份有限公司
李合友
C02F 5/08
Loading...
本发明涉及水处理领域，公开了一种工业循环冷却水的处理方法，该方法包括采用含有苹果酸复合缓蚀组合物的阻垢剂对所述工业循环冷却水进行处理，且所述组合物含有组分A、组分B和组分C，其中：组分A为第一锌盐、有机酸和碱金属氢氧化物进行接触后的产物；其中，所述第一锌盐为氯化锌、硫酸锌和硝酸锌中的一种或多种；所述有机酸为苹果酸任选与选自葡萄糖酸和/或抗坏血酸的组合；组分B为第二锌盐；组分C为丙烯酸类聚合物。通过上述阻垢剂进行工业循环冷却水的处理，能够获得较好的处理效果，尤其是获得较高的阻碳酸钙垢率、阻硫酸钙垢率和阻磷酸钙垢率，以及较好的缓蚀效果。
181. 106431427 循环流化床锅炉锆铬碳化硅耐磨抗腐蚀可塑料
CN
22.02.2017
C04B 35/66 Loading...
C04B 35/66
Loading...
102016000744084
中国华能集团清洁能源技术研究院有限公司
黄中
C04B 35/66
Loading...
本发明涉及一种循环流化床锅炉锆铬碳化硅耐磨抗腐蚀可塑料，属于耐火耐磨材料技术领域；原料由氧化铝粉、锆英砂、铬矿砂、碳化硅粉、高岭土组成，其化学成分中Al2O3≥80％，Fe2O3≤1.0％，SiC≥10％；锆铬碳化硅耐磨抗腐蚀可塑料耐火度≥1800℃、体积密度2.6～3.2g/cm3，气孔率15～20％；本发明现场施工时可采用填塞、捣打、涂抹等方式进行，适用于循环流化床锅炉炉膛顶部、出口，分离器入口烟道、靶区，立管、返料器，炉膛密相区布风板、风口、给煤口和给料口，屏式受热面，温度及压力测点等部位；锆铬碳化硅耐磨抗腐蚀可塑料性能良好且导热系数高、耐磨损、抗腐蚀，抗热震、不易剥落，使用寿命长，广泛适用于新建循环流化床锅炉配套及已有循环流化床锅炉的配套改造。
182. 106430646 一种强腐蚀性水的处理方法
CN
22.02.2017
C02F 5/10 Loading...
C02F 5/10
Loading...
201610550990.5
中国神华能源股份有限公司
李合友
C02F 5/10
Loading...
本发明涉及水处理领域，公开了一种强腐蚀性水的处理方法，该方法包括采用含有苹果酸复合缓蚀组合物的阻垢剂对所述强腐蚀性水进行处理，所述强腐蚀性水的pH为7以下，且所述组合物含有组分A、组分B和组分C，其中：组分A为第一锌盐、有机酸和碱金属氢氧化物进行接触后的产物；其中，所述第一锌盐为氯化锌、硫酸锌和硝酸锌中的一种或多种；所述有机酸为苹果酸任选与选自葡萄糖酸和/或抗坏血酸的组合；组分B为第二锌盐；组分C为丙烯酸类聚合物。通过上述阻垢剂进行强腐蚀性水的处理，能够获得较好的处理效果，尤其是获得较高的阻碳酸钙垢率、阻硫酸钙垢率和阻磷酸钙垢率，以及较好的缓蚀效果。
183. 106435389 一种合金、液压支架连接头及其制备方法
CN
22.02.2017
C22C 38/18 Loading...
C22C 38/18
Loading...
201610444641.5
中国神华能源股份有限公司
郭爱军
C22C 38/18
Loading...
本发明公开了一种合金，包括以下组分：0.2～0.5％C、1.5～3.5％Cr、0.5～1.5％Mo、1.0～5.0％Ni、0.5～1.5％V、0.6～1.2％Si、0.6～1.2％Mn、0.1～0.5％Ce，以及86～94％Fe；本发明还公开了一种液压支架连接头及其制备方法；本发明对合金的化学成分优化，同时在制备连接头时，先铸造后锻造加工，另外结合后续优化的热处理工艺，与传统铸造材料性能相比，本发明获得的液压支架连接头具有较高的强度和良好的塑韧性，可大大提高液压支架的使用安全性和使用寿命。
184. 104307623 一种用于调节重介浅槽水平流的系统及方法
CN
22.02.2017
B03B 5/62 Loading...
B03B 5/62
Loading...
201410575322.9
中国神华能源股份有限公司
蒋涵元
B03B 5/62
Loading...
本发明公开了一种用于调节重介浅槽水平流的系统和方法，所述用于调节重介浅槽水平流的系统包括重介浅槽、重介泵及脱介筛，所述重介浅槽的顶部设置有入料口，所述重介浅槽的底部设置有排渣口，所述重介浅槽上还设置有用于输入水平流介质的第一进液口和用于输入上升流介质的第二进液口；所述重介泵通过第一管路与所述第一进液口连通，所述重介泵通过第二管路与所述第二进液口连通，所述第一管路和所述脱介筛之间设置有第三管路，所述第三管路上设置有控制流量的阀门。本发明不需要调节重介泵的流量，就能控制重介浅槽水平流的大小，从而避免了对重介泵的损坏，减少了由于水平流介质流速过快而导致的脱介不完全，有助于消除介耗增加的问题。
185. 104232115 一种焦炭的转运方法
CN
22.02.2017
C10B 39/04 Loading...
C10B 39/04
Loading...
201410466292.8
中国庆华能源集团有限公司
郭敬华
C10B 39/04
Loading...
本发明提供了一种焦炭的转运方法，其中，包括如下步骤：步骤a、将焦炭从熄焦车上转运到凉焦台上；步骤b、将焦炭从凉焦台上转运至第一皮带，且使凉焦台上始终留有余焦；步骤c、将第一皮带上的焦炭经过溜槽转运至第二皮带，溜槽底部设置有缓冲层，焦炭从第一皮带掉落到缓冲层后落至第二皮带上；步骤d、控制第二皮带在最边侧的一个焦仓的上方，使该焦仓被填满后，再移动第二皮带至相邻的下一个焦仓的上方，逐步进行落焦。本发明提供的焦炭的转运方法，通过在凉焦台上留有余焦，以及在溜槽底部设置缓冲层，和控制第二皮带向焦仓内的落焦方式来减少焦炭在转运过程中受到的冲击力，保证了焦炭的质量，同时也减轻了溜槽和焦仓等设备受到的冲击。
186. 205978905 油管法兰防油泄漏装置以及油管连接结构
CN
22.02.2017
F16L 23/16 Loading...
F16L 23/16
Loading...
202016001041130
中国神华能源股份有限公司
岳小林
F16L 23/16
Loading...
本实用新型涉及管路运输领域领域，公开了一种油管法兰防油泄漏装置以及油管连接结构，在该油管法兰防油泄漏装置中，所述法兰(11)设置在两段油管(12)的连接处，所述油管法兰防油泄漏装置包括防护罩(10)，所述防护罩(10)包括用于安装于所述油管(12)的安装部，所述防护罩(10)设置为能够封装所述法兰(11)。该油管法兰防油泄漏装置能够在高压或有较大量的油泄漏时，防止法兰连接处的油品泄漏和喷溅，从而提高了整个体系的安全性能。另外，由于油管连接结构中包括了上述油管法兰防油泄漏装置，防止在法兰连接处泄漏和喷溅油品，从而提高了油管连接结构的安全性能和使用寿命。
187. 205977459 蒸汽引射器
CN
22.02.2017
F02K 1/28 Loading...
F02K 1/28
Loading...
202016001043124
中国神华能源股份有限公司
李岸然
F02K 1/28
Loading...
本实用新型公开了一种蒸汽引射器，其中，该蒸汽引射器包括高温蒸汽喷嘴(5)和具有中空管腔的主体管(11)，所述高温蒸汽喷嘴(5)从所述主体管(11)后部的接受室(1)同轴地插入并喷射高温高压蒸汽，所述主体管(11)包括引射蒸汽导入管(9)，该引射蒸汽导入管(9)沿径向连通于所述接受室(1)并输送低温低压蒸汽，所述引射蒸汽导入管(9)设有能够向所述引射蒸汽导入管(9)中喷射减温水的引射器减温水喷射器。通过在蒸汽引射器的引射蒸汽导入管处设置引射器减温水喷射器，可以在引射蒸汽导入管内喷射减温水，实现对倒流的高温蒸汽的降温作用，避免倒流蒸汽损坏引射蒸汽供应设备，延长使用寿命，且具有很好的安全性能。
188. 106395407 具有操作室的俯仰臂及取料机
CN
15.02.2017
B65G 65/28 Loading...
B65G 65/28
Loading...
201610884105.7
中国神华能源股份有限公司
郗洪涛
B65G 65/28
Loading...
本发明公开了一种具有操作室的俯仰臂及取料机，其中，该俯仰臂(1)包括：第一支撑台(3)，第一支撑台(3)向上伸出有支撑杆(5)和伸缩缸(6)，操作室(2)，操作室(2)的底板分别铰接于所述支撑杆(5)和所述伸缩缸(6)；固定支撑梁(8)；以及走梯(7)，走梯(7)的上端铰接于所述操作室(2)；其中，走梯(7)中形成有滑道，所述固定支撑梁(8)设有滚轮，在所述操作室(2)的调平过程中，所述滚轮沿所述滑道滑行。通过将走梯与固定支撑梁的连接方式设计为固定支撑梁在走梯上滑动，可以降低走梯在操作室枢转调平时的角度变化，降低走梯的陡峭程度，更便于操作人员在走梯上行走，提高安全性。
189. 106407594 一种对富氧燃烧进行仿真的方法和装置
CN
15.02.2017
G06F 17/50 Loading...
G06F 17/50
Loading...
201610884103.8
中国神华能源股份有限公司
吴海波
G06F 17/50
Loading...
本发明涉及富氧燃烧技术领域，公开了一种对富氧燃烧进行仿真的方法和装置。该方法包括：对富氧燃烧进行冷态模拟的仿真计算；当冷态模拟的仿真计算收敛时，对富氧燃烧进行热态模拟的仿真计算，获得富氧燃烧时的参数分布仿真结果。本发明中能够无需在实际中进行试验便可获得富氧燃烧时的参数分布；并且将富氧燃烧的仿真计算分为冷态模拟和热态模拟，进一步提高富氧燃耗的仿真计算的准确性。
190. 106410962 一种机械式直流断路器控制器
CN
15.02.2017
H02J 13/00 Loading...
H02J 13/00
Loading...
102016000871577
华中科技大学
袁召
H02J 13/00
Loading...
本发明公开了一种机械式直流断路器控制器，该控制器电路包括供电模块，通讯模块，按钮模块，主控模块和驱动模块。驱动模块由机械开关驱动单元和换流回路驱动单元两个子单元组成；机械开关驱动单元，用于控制机械开关操动机构——斥力机构电源柜内分/合闸储能电容的充/放电开关，包括快速分闸电容、慢速分闸电容、合闸电容的充电开关IGBT的驱动电路和快速分闸电容、慢速分闸电容、合闸电容的放电开关晶闸管的驱动电路；换流回路驱动单元，用于控制换流回路的触发开关。本发明提供的机械式直流断路器控制器结构简单，体积小，成本低；运行功耗小；具有电磁屏蔽效果，可靠性高；可实现就地操作与远程通讯多种控制方式。
191. 106409788 用于可控硅元件的散热器以及电力机车整流器
CN
15.02.2017
H01L 23/367 Loading...
H01L 23/367
Loading...
201610862378.1
中国神华能源股份有限公司
邱子荣
H01L 23/367
Loading...
本发明涉及散热装置领域，公开了一种用于可控硅元件的散热器和电力机车整流器，其中，所述散热器包括：骨架，其包含基部以及从所述基部的第一侧表面伸出的多个支腿部，多个所述支腿部包括邻近所述第一侧表面两端的两个端部支腿部，所述基部的与所述第一侧表面相反的第二侧表面用于与所述可控硅元件接触；以及多个主散热片，其在两个相邻的所述支腿部之间从所述骨架上沿离开所述基部的方向延伸。本发明的用于可控硅元件的散热器实现了从可控硅元件至各个散热片的传热路径短，且保证了各个散热片的面积较大，拆装方便，结构简单，制造成本低。
192. 106391310 湿式除尘器碱性物供给的控制方法和控制装置
CN
15.02.2017
B03C 3/16 Loading...
B03C 3/16
Loading...
201610471034.8
中国神华能源股份有限公司
李志坚
B03C 3/16
Loading...
本发明涉及控制领域，公开了一种湿式除尘器碱性物供给的控制方法和控制装置，所述控制方法包括：确定机组预定时间内的负荷信号变化量；检测循环水的PH值和/或排水的PH值；以及根据所述负荷信号变化量及所述循环水的PH值和/或所述排水的PH值，控制所述碱计量泵按照预设值运行。如此能够及时快速地调节排水PH值和循环水PH值并使其保持在相对较小的范围内，降低了对除尘器的腐蚀，有利于其可持续运行。
193. 106402852 一种燃烧煤的方法
CN
15.02.2017
F23C 10/22 Loading...
F23C 10/22
Loading...
201610792426.4
中国神华能源股份有限公司
卢福平
F23C 10/22
Loading...
本发明涉及清洁燃烧领域，公开了一种燃烧煤的方法，该方法包括：在除硫剂的存在下，使煤粉在循环流化床锅炉中进行燃烧，测定循环流化床锅炉炉膛中各进煤口处的实测温度，并控制实测温度比各进煤口处实测温度的算术平均值至少高10℃的进煤口处的给煤量A和其余进煤口处的给煤量B，使得A：B＝1：3‑8，优选为1：4‑6。根据本发明的方法，能够在不添加任何其它设备且保证总给煤量不变的基础上，有效地降低SO2、NOx排放水平，以达到国家规定的火电厂大气污染物SO2、NOx排放浓度分别低于200mg/Nm3的标准。
194. 106408053 一种手持式车号写入装置及车号写入方法
CN
15.02.2017
G06K 17/00 Loading...
G06K 17/00
Loading...
201610905995.5
中国神华能源股份有限公司
杨丁一
G06K 17/00
Loading...
本发明涉及铁路车辆技术领域，公开了一种手持式车号写入装置及车号写入方法，该手持式车号写入装置包括：底座；天线，固定在所述底座上；天线臂，一端连接所述底座，另一端为手动控制端，用于控制所述底座移动；以及手持读写器，连接所述天线，用于通过所述天线向车辆上的标签写入车号信息，并检测所述天线随所述底座移动至不同位置时的所述标签的灵敏度。本发明可以在现场完成车号信息的编程写入并进行标签灵敏度检测，且通过基于多个频点和多个测试位置的标签灵敏度测试体系，能对标签灵敏度进行综合、全面的评价。
195. 106386585 一种鳜鱼驯化摄食配合饲料的养殖方法
CN
15.02.2017



102016000811297
中国水产科学研究院珠江水产研究所
余德光


本发明涉及一种鳜鱼的养殖方法，具体涉及一种鳜鱼驯化摄食配合饲料的养殖方法，可以有效驯化鳜鱼使其摄食100％的配合饲料，驯食成功率可达93％以上，甚至96％以上，并且，本发明的方法不仅可在水泥养殖池中进行驯化，还可在池塘中成功驯化，突破鳜鱼集中摄食的技术难点，解决需要活饵养殖鳜鱼的问题，实现以池塘或水泥池养殖方式鳜鱼驯化摄食人工配合饲料，为鳜鱼规模化人工养殖的高效、低成本推广奠定了坚实基础。
196. 106402988 蒸汽采暖和水暖系统
CN
15.02.2017
F24D 9/02 Loading...
F24D 9/02
Loading...
201610790351.6
中国神华能源股份有限公司
周成军
F24D 9/02
Loading...
本发明公开了一种蒸汽采暖和水暖系统，包括蒸汽锅炉、分汽缸、冷凝水箱、冷凝水加压泵和补水箱，还包括水暖水箱、连通管、水暖循环水泵、水暖给水管、水暖回水总管、水暖回水第一分支管和水暖回水第二分支管；所述水暖水箱与所述冷凝水箱的底部通过所述连通管连通；所述水暖循环水泵将所述水暖水箱的暖水通过所述水暖给水管提供给水暖场所，所述水暖场所使用后的冷水流入所述水暖回水总管中；所述水暖回水总管分出所述水暖回水第一分支管和所述水暖回水第二分支管，所述水暖回水第一分支管与所述水暖水箱连通，所述水暖回水第二分支管与所述冷凝水回水管连通。本发明能够提高冷凝水的利用率、避免乏汽浪费严重。
197. 106391341 喷嘴及蒸汽引射器
CN
15.02.2017
B05B 1/34 Loading...
B05B 1/34
Loading...
201610809146.X
中国神华能源股份有限公司
李岸然
B05B 1/34
Loading...
本发明公开了一种喷嘴及蒸汽引射器，所述喷嘴包括依次连接的入口管段(1)、过渡管段(2)和出口管段(3)，该出口管段(3)形成为沿入口到出口的方向内径渐增的锥形扩张管，其中，所述出口管段(3)的外周部包括沿周向依次交错形成的凸棱部(31)和凹棱部(32)，从而在所述出口管段(3)的任意横截面上，该出口管段(3)的内壁面的轮廓形成为沿周向方向凹凸相间的花瓣形。通过上述技术方案，横截面为花瓣形的喷嘴相比于圆形截面的喷嘴，在流通面积相同的情况下，具有更大的周长，增加了喷嘴内壁与流体的接触面积，可以增加出口处与其他流体的卷吸、混合效果，提高喷射系统，形成均匀度更好的混合流体。
198. 104099485 一种高纯镓的制备方法
CN
15.02.2017
C22B 58/00 Loading...
C22B 58/00
Loading...
102014000368050
中国神华能源股份有限公司
申万
C22B 58/00
Loading...
本发明提供了一种高纯镓的制备方法。该制备方法包括：步骤S1，在超声条件下对粗镓液进行酸式萃取，得到金属镓溶液；步骤S2，对金属镓溶液进行电解提纯，得到提纯镓溶液；以及步骤S3，利用部分结晶法对提纯镓溶液进行结晶，得到高纯镓。利用酸式萃取将粗镓液中的杂质萃取至酸液中，与金属镓溶液分离，然后对金属镓溶液进行电解提纯，其中金属镓在阴极富集，从而得到提纯镓溶液，随后利用部分结晶法对提纯镓溶液进行结晶，由于镓的凝固点较低，因此在结晶过程中部分杂质保留在提纯镓溶液中，而结晶凝固得到的固态镓即为高纯镓；上述制备方法避免了单一步骤反复重复多次，使得工艺步骤减少，而且能够提取高纯镓，有效减少多种杂质浓度。
199. 106401749 一种基于IGCC的近零排放燃煤发电系统及方法
CN
15.02.2017
F02C 6/00 Loading...
F02C 6/00
Loading...
201610888933.8
中国华能集团清洁能源技术研究院有限公司
程健
F02C 6/00
Loading...
一种基于IGCC的近零排放燃煤发电系统及方法，该系统能够实现燃烧前CO2捕集，并且将捕集后的CO2用于驱油、驱气以及埋存，充分利用了气化炉产生的热量，能够大大提高系统的综合效率，并且实现燃煤发电的近零排放；本发明能够使得系统的CO2的捕集率大于90％，发电效率大于40％，大大提高了整体煤气化联合循环发电系统的环保特性，同时实现了CO2的封存和资源化利用。
200. 106391106 一种含有金属的核壳结构分子筛的制备方法
CN
15.02.2017
B01J 29/85 Loading...
B01J 29/85
Loading...
102016000816697
中国华能集团公司
刘蓉
B01J 29/85
Loading...
本发明公开了一种含有金属的核壳结构分子筛的制备方法，采用常用的介孔结构MCM‑41或SBA‑15分子筛作为内核，SAPO‑34为外壳，在水浴过程中加入金属纳米粒子，金属以高分散的纳米粒子存在于核壳结构分子筛催化剂表面，有利于提高分子筛催化剂抗积碳性，延长分子筛催化剂寿命，MCM‑41或SBA‑15介孔结构的存在减小了目的产物的扩散阻力，微波加热法降低SAPO‑34水热温度，减少水热反应时间以及水热过程对MCM‑41或SBA‑15介孔结构的破坏，解决了常规微孔分子筛含有金属的核壳结构分子筛催化剂目的产物丙烯选择性低，易积碳失活的问题，也适用于其他甲醇转化反应。

