1. WO/2017/076161 MOTOR TRAIN UNIT TRACTION SYSTEM AND ENERGY CONTROL METHOD
WO
11.05.2017
B60L 9/00 Loading...
B60L 9/00
Loading...
PCT/CN2016/102425
ZHUZHOU CCR TIMES ELECTRIC CO., LTD.
ZHANG, Qiuhong
B60L 9/00
Loading...
A motor train unit traction system and an energy control method. The traction system comprises: a high-speed circuit breaker (1Q02), connected to a power supply grid; a main/auxiliary inverter, connected to the high-speed circuit breaker (1Q02) via an intermediate DC loop, and used for inverting a DC provided by the power supply grid into an AC and then outputting the AC; a high-voltage detection box, connected to the power supply grid, and used for detecting the voltage of the power supply grid; and a drive control unit (DCU), judging, on the basis of a detection result of the high-voltage detection box, whether the voltage of the power supply grid is normal, and disconnecting the high-speed circuit breaker (1Q02) when the voltage of the power supply grid is over-high, so as to perform over-voltage protection on the main/auxiliary inverter.
2. WO/2017/071220 DIRECT CURRENT HIGH-VOLTAGE POWER SOURCE, HIGH POTENTIAL POWER-EXTRACTING APPARATUS, AND POWER SUPPLY METHOD THEREFOR
WO
04.05.2017
H02M 3/155 Loading...
H02M 3/155
Loading...
PCT/CN2016/084724
ZHUZHOU CRR TIMES ELECTRIC CO., LTD.
TANG, Liusheng
H02M 3/155
Loading...
A direct current high-voltage power source, a high potential power-extracting apparatus, and a power supply method therefor, comprising a high-voltage input end (A), a low-voltage input end (B), an power-extracting circuit, a power-storage circuit, a flip-flop circuit, and a throttle circuit. The power-extracting circuit comprises a switch circuit and a control circuit connected to the switch circuit. The switch circuit comprises at least two switches connected in series. The control circuit, by controlling the opening/closing of the switches, controls the high-voltage input end (A) to charge the power-storage circuit. The flip-flop circuit is connected to the power-storage circuit and the switch circuit and is used for controlling, by controlling the opening/closing of the switches, the high-voltage input end (A) to stop charging the power-storage circuit when the power-storage circuit is fully charged. The throttle circuit, connected at an input end thereof to the power-storage circuit and at an output end to the low-voltage output end (B), is used for throttling and constant-current processing of a current outputted by the power-storage circuit and for outputting the processed current to the low-voltage output end (B). The high potential power-extracting apparatus has the advantages of a simple wiring scheme, a large voltage application range, a small leakage current, and an extended power supply time.
3. WO/2017/067131 MAGNETIC STICKY WIRELESS LIGHT EMITTING DIODE LAMP
WO
27.04.2017
F21L 4/00 Loading...
F21L 4/00
Loading...
PCT/CN2016/076673
SHENZHEN ZHONGFUNENG ELECTRIC EQUIPMENG CO., LTD
DING, Baiping
F21L 4/00
Loading...
A magnetic sticky wireless light emitting diode lamp comprises a light emitting diode lamp holder, a magnetic part (2) and a magnet holding part (1). The light emitting diode lamp holder is provided with a buckle (4). The magnet holding part is provided with a buckling hole (3). The buckle (4) and the buckling hole (3) are matched and connected. The magnet holding part (1) is provided with a recess structure at the center. The magnetic part (2) is matched with and mounted on the recess structure of the magnet holding part (1). The magnetic sticky wireless light emitting diode lamp is simple in structure and convenient to install, and can be used under severe conditions. When a strong magnet is used, the magnetic force can reach 5kg or more. The magnetic sticky wireless light emitting diode lamp is both convenient and firm.
4. 106603120 列车WTB通讯电缆检测装置的防干扰系统及其控制方法
CN
26.04.2017
H04B 3/46 Loading...
H04B 3/46
Loading...
102016001188861
株洲中车时代电气股份有限公司
钟盛
H04B 3/46
Loading...
本发明提供一种列车WTB通讯电缆检测装置的防干扰系统及其控制方法，系统通过在任意相邻两段WTB通讯电缆M、N之间设置的第一继电器，在M段WTB通讯电缆与列车WTB通讯电缆检测装置的诊断模块之间安装的第二继电器，在N段WTB通讯电缆与列车WTB通讯电缆检测装置的诊断模块之间安装的第三继电器，在需要检测任意一端WTB通讯电缆时将与其相邻的WTB通讯电缆之间的继电器保持常开，将所要检测的WTB通讯电缆与WTB通讯电缆检测装置之间的继电器常闭就能杜绝WTB通讯电缆检测装置检测WTB通讯电缆时对WTB通讯电缆上通信数据的干扰，该系统机构简单、成本低廉。
5. 104269998 一种单元串联变频器的单元旁路装置及控制方法
CN
26.04.2017
H02M 1/32 Loading...
H02M 1/32
Loading...
102014000509362
中冶赛迪电气技术有限公司
绳伟辉
H02M 1/32
Loading...
本发明公开了一种单元串联高压变频器的单元旁路装置，包括主控制器、单元旁路控制板和旁路接触器。当单元发生故障需要旁路时，单元旁路控制板接收来自主控制器的旁路信号，经光电转换模块转换为电信号，该电信号作为功率放大模块的输入，经功率放大模块驱动旁路接触器，旁路接触器触点闭合。各个单元旁路板由对应的单元进线供电，旁路控制板中的变压器无需高压绝缘，提高了系统的可靠性。在功率单元发生故障后，控制器检测到故障功率单元后，封锁所有单元功率开关管脉冲输出，根据上述硬件基础旁路故障功率单元，然后调整三相输出基波初相角和叠加三次谐波初相角及幅值、调制度，使得三相输出线电压平衡的同时，提高单元直流母线电压的利用率。
6. 206135346 一种新型管型风电母线安装结构
CN
26.04.2017
H02G 5/00 Loading...
H02G 5/00
Loading...
201620482004.2
江苏中鹏电气有限公司
邵成才
H02G 5/00
Loading...
本实用新型公开了一种新型管型风电母线安装结构，包括网状塔筒和穿过其底部并且连接在其内壁的至少三个“几”字型支撑，每一个“几”字型支撑对应的网状塔筒内套有并排连接的两组“品”字型固定金具，每一个“品”字型固定金具的三个“口”字型槽孔内连接定子管型风电母线导体或转子管型风电母线导体；网状塔筒与每一个“品”字型固定金具之间还设有一根定子管型风电母线零线导电排或转子管型风电母线零线导电排。本实用新型的管型风电母线安装结构及其工艺方法，相对于风电专用电缆和铝排结构风电母线槽两种产品提高了65%，生产成本降低了40%，安装成本降低了50%，使用寿命增长了2倍大大降低了风场运营维护成本，提高了发电效率。
7. 206135249 一种户外配电箱
CN
26.04.2017
H02B 1/46 Loading...
H02B 1/46
Loading...
201621216533.4
中山市恒通电气设备有限公司
张兴平
H02B 1/46
Loading...
本实用新型公开了一种户外配电箱，包括：箱体，所述箱体主要包括顶板、底板、左侧板、右侧板和背板；左连接板，所述左连接板由上而下插入到所述左插接槽里面，并且其左端压紧在所述左侧板的外侧面上，右端压紧在所述左折板的内侧面上，在所述左插接槽的顶部开口处安装有可拆卸的左固定块，以此把所述左连接板固定在所述左插接槽里面；和右连接板，所述右连接板由上而下插入到所述右插接槽里面，并且其左端压紧在所述右折板的内侧面上，右端压紧在所述右侧板的外侧面上，在所述右插接槽的顶部开口处安装有可拆卸的右固定块，以此把所述右连接板固定在所述右插接槽里面。其结构简单，便于装配。
8. 206135220 一种防水配电箱
CN
26.04.2017
H02B 1/28 Loading...
H02B 1/28
Loading...
201621216535.3
中山市恒通电气设备有限公司
张兴平
H02B 1/28
Loading...
本实用新型公开了一种防水配电箱，包括：箱体，所述箱体主要包括顶板、底板、左侧板、右侧板和背板，由所述顶板、底板、左侧板、右侧板和背板焊接形成所述箱体，在所述顶板的前端底面上设置有上滑槽，在所述上滑槽内侧设置有上挡水板，在所述底板的前端顶面上设置有下滑槽，在所述下滑槽内侧设置有下挡水板，在所述下滑槽的底壁上开设有数个出水孔，在所述下滑槽两侧分别设置有导流槽，在所述出水孔下方、所述底板的底面上安装有向前端下方倾斜的导水板；前门，在所述前门顶端设置有数个上滑轮，在所述前门底端设置有数个下滑轮，所述上滑轮与所述上滑槽滑动配合，所述下滑轮与所述下滑槽活动配合，其防水效果好。
9. 206135234 一种具有照明功能的配电柜
CN
26.04.2017
H02B 1/38 Loading...
H02B 1/38
Loading...
201621216788.0
中山市恒通电气设备有限公司
张兴平
H02B 1/38
Loading...
本实用新型公开了一种具有照明功能的配电柜，包括：柜体，在所述柜体顶部安装有倾斜角度可调节的太阳能板，在所述柜体里面设置有蓄电池、控制线路板、检测开关、光敏电阻和LED灯，所述太阳能板与所述蓄电池相连，所述控制线路板分别与所述蓄电池、检测开关、光敏电阻和LED灯相连；柜门，所述柜门与所述柜体通过合页连接，所述检测开关用于检测所述柜门的开闭，在所述控制线路板上设置有电源开关，当所述检测开关检测到所述柜门打开时，所述控制线路板通电工作，其结构简单，具有照明功能。
10. 206135250 一种低压配电箱
CN
26.04.2017
H02B 1/46 Loading...
H02B 1/46
Loading...
201621216790.8
中山市恒通电气设备有限公司
张兴平
H02B 1/46
Loading...
本实用新型公开了一种低压配电箱，包括：箱体，所述箱体前端设置有箱门，于所述箱门下端开设有若干进气口，于所述箱体的两侧外壁面分别凹陷形成下端开口的滑槽，于所述滑槽的底壁上开设有若干沿竖向均布的第一销钉孔；安装支架，所述安装支架包括两侧的支撑架以及连接在两侧支撑架之间的连接架，每侧的支撑架包括底座以及设置在所述底座上的连接杆，所述连接杆与所述滑槽滑动连接，于所述连接杆上开设有若干沿竖向均布的第二销钉孔；和销钉，所述销钉插在其中某一对应连通的第一销钉孔和第二销钉孔里面，其结构简单、安装方便，有效避免箱体底部与地面直接接触。
11. 105680653 一种交流无刷双馈电机及其齿谐波绕线转子分布绕组的设计方法
CN
26.04.2017
H02K 17/12 Loading...
H02K 17/12
Loading...
102015001003984
华中科技大学
王雪帆
H02K 17/12
Loading...
本发明公开了一种交流无刷双馈电机及其绕线转子绕组的设计方法；包括：先根据定子绕组极对数p1和p2初步确定转子齿槽数Zr和相数mr，这时Zr＝mr，每个齿对应一个集中式线圈，由此得到齿谐波集中式绕组，然后扩大转子槽数，选择系数kr，使新的转子槽数Z＝krZr，这时极距τr＝kr。此基础上，将原来的每相一个集中式线圈分裂为nr个等节距yr的线圈，且nr≤kr及有yr
12. 106585427 一种地铁刚性接触网无轨施工方法
CN
26.04.2017
B60M 1/20 Loading...
B60M 1/20
Loading...
201610993493.2
中铁十二局集团有限公司
闵道聪
B60M 1/20
Loading...
本发明属于地铁车辆供电施工技术领域，为了解决现有地铁刚性接触网施工存在作业干扰大、施工周期长、工作效率低的技术问题，提供一种地铁刚性接触网无轨施工方法，包括以下步骤：步骤一、接触网悬挂点计算；步骤二、刚性接触网悬挂点的测量定位；步骤三、刚性接触网悬挂装配计算；步骤四、刚性接触网悬挂装配安装及复核。本发明在铺轨前确定定位点位置及净空高度，提高了施工效率、节约了施工成本，解决了接触网施工依赖钢轨而导致的工期滞后问题，填补了我国城市地铁刚性接触网无轨施工技术的空白，取得了良好的经济效益和社会效益。
13. 206135252 配电箱
CN
26.04.2017
H02B 1/46 Loading...
H02B 1/46
Loading...
202016001223661
中山市恒通电气设备有限公司
张兴平
H02B 1/46
Loading...
本实用新型公开了一种配电箱，包括：箱体，所述箱体主要包括顶板、底板、左侧板、右侧板和背板，由所述顶板、底板、左侧板、右侧板和背板焊接形成所述箱体；左支架，所述左支架安装在所述箱体里面，在所述左支架上开设有竖向设置的左条形孔，所述左条形孔包括有多个且彼此竖向间隔开；右支架，所述右支架安装在所述箱体里面，在所述右支架上开设有竖向设置的右条形孔，所述右条形孔包括有多个且彼此竖向间隔开；元件架，所述元件架水平设置，所述元件架包括多个且彼此竖向间隔开，在每个所述元件架上开设有水平设置的安装长孔；多个螺栓，每个所述元件架的左端通过所述螺栓与所述左支架上的左条形孔连接，每个所述元件架的右端通过所述螺栓与所述右支架上的右条形孔连接，其可方便地在配电箱里面增加元件或者减小元件或者调整元件的位置。
14. 206122644 一种铸造用多功能砂箱
CN
26.04.2017
B22C 21/02 Loading...
B22C 21/02
Loading...
202016001082133
山西中煤电气有限公司
靳彪
B22C 21/02
Loading...
本实用新型公开了一种铸造用多功能砂箱，包括侧板、固定板、透气孔、紧固螺栓、吊轴、合箱销孔、箱带和直角固定板，所述的侧板与侧板之间由所述固定板通过所述的紧固螺栓固定连接，所述的侧板上设置有所述透气孔并且在对边两侧还设置有吊轴，所述的合箱销孔设置在侧板的底部，且设置有八个，所述直角固定板设置在四角处，所述箱带设置在该侧板组成的箱体内；本实用新型可根据产品具体尺寸及工艺浇冒口位置进行适配调整，增加砂箱的灵活性和使用率，同时方便存放。
15. 106602689 一种防止直流电源母线失压的系统及其运行方法
CN
26.04.2017
H02J 7/34 Loading...
H02J 7/34
Loading...
102016001074785
国家电网公司
杨爱晟
H02J 7/34
Loading...
本发明涉及一种防止直流电源母线失压的系统及其运行方法，运行在含有蓄电池组且蓄电池组含有m节串联的单体蓄电池的直流电源系统中，包括至少一个智能检测模块和一个或多个DC/DC模块，智能检测模块包括母线电压采集电路单元、控制输出电路单元和智能判断电路单元，其中的母线电压的电路单元接至直流电源母线；DC/DC模块具有输入和输出接口，本发明对可能造成的直流母线失压进行监测和补偿，保证直流系统安全稳定的运行。
16. 206135765 一种自身连接固定的水面漂浮光伏电站
CN
26.04.2017
H02S 10/00 Loading...
H02S 10/00
Loading...
202016000828021
中电电气（上海）太阳能科技有限公司
周后恩
H02S 10/00
Loading...
本实用新型涉及一种自身连接固定的水面漂浮光伏电站，包括多个浮体平台(1)连接形成的浮体平台阵列、设置在浮体平台(1)上的承载支架和设置在承载支架上的光伏组件(4)，所述的浮体平台阵列呈矩阵排列，相邻的两个浮体平台(1)互相连接，每行的浮体平台(1)与其上方的光伏组件(4)错开排列。与现有技术相比，本实用新型具有结构简单灵活、施工安装方便、安全性能可靠、不破坏生态环境等优点。
17. 206135776 一种悬空瓦片结构屋顶户用光伏支架固定装置及支架系统
CN
26.04.2017
H02S 20/23 Loading...
H02S 20/23
Loading...
202016000828113
中电电气（上海）太阳能科技有限公司
周后恩
H02S 20/23
Loading...
本实用新型涉及一种悬空瓦片结构屋顶户用光伏支架固定装置及支架系统。该系统采用一种固定装置，该固定装置设置在瓦片(2)上，包括注浆孔(5)、固定孔(6)、化学锚栓(7)、防水砂浆(9)和屋顶挂钩(10)，所述的注浆孔(5)开设在瓦片(2)上，所述的固定孔(6)开设在注浆孔(5)正下方的屋顶水泥基础(4)上，所述的化学锚栓(7)下端插入注浆孔(5)并固定在固定孔(6)内，所述的防水砂浆(9)填满注浆孔(5)，所述的屋顶挂钩(10)固定在所述的化学锚栓(7)上端。与现有技术相比，本实用新型具有成本低廉、结构简单、安装快捷、安全可靠性高、系统适用性广等优点。
18. 206132929 一种IGBT驱动板和适配板的调试装置
CN
26.04.2017
G01R 31/28 Loading...
G01R 31/28
Loading...
201621046821.X
株洲中车时代电气股份有限公司
屈宏涛
G01R 31/28
Loading...
本实用新型提供了一IGBT驱动板和适配板的调试装置，包括调试箱，所述IGBT安装于所述调试箱的底部，所述适配板对应设置于所述IGBT的上方，并通过第一探针组件与IGBT连接；所述驱动板设于所述适配板的一侧，并通过第二探针组件与适配板连接。本实用新型具有拆卸方便、不易损坏电路板，且避免IGBT静电损坏的优点。
19. 106603750 一种配置本地静态网络地址的方法及系统
CN
26.04.2017
H04L 29/12 Loading...
H04L 29/12
Loading...
102017000054649
株洲中车时代电气股份有限公司
肖志均
H04L 29/12
Loading...
本发明公开了一种配置本地静态网络地址的方法，包括：S1.获取第一IP地址，第二IP地址，第一子网掩码地址；S2.抓取设备所接入网络中的LLDP数据包，读取链路层数据，获取第三IP地址，第一MAC地址，第二MAC地址，第二子网掩码地址；S3.根据第三IP地址、第一MAC地址和第二MAC地址计算第四IP地址；S4.当满足预定条件时，将设备本地配置文件中的IP地址配置为第四IP地址；否则将设备的网卡中的IP地址配置为第一IP地址。本发明具有可保证整个网络中的网络地址不冲突、不重复，不需要人为干预，效率高，成本低等优点。
20. 106590785 一种低成本的中浓度褐煤水煤浆制备方法
CN
26.04.2017
C10L 1/32 Loading...
C10L 1/32
Loading...
201611091085.4
中国东方电气集团有限公司
杨纯
C10L 1/32
Loading...
本发明涉及一种低成本的中浓度褐煤水煤浆制备方法，本工艺中褐煤原煤经破碎机破碎、料仓加热、辊压机挤压，以煤粉或煤粉片的形式与水和专有DLS‑II褐煤分散剂按比例加入球磨机，并磨制较高浓度的褐煤水煤浆。本发明不但可以实现废热利用，而且相比其他褐煤改性制浆方式能耗低，工艺处理量大，投资少，简单易操作，运行成本低；本工艺采用粒度较小的碎煤做原料，整个工艺流程粉尘污染小，安全性高。
21. 106601544 一种真空断路器扫风装置
CN
26.04.2017
H01H 33/66 Loading...
H01H 33/66
Loading...
201611115916.7
北京中车赛德铁道电气科技有限公司
侯健伟
H01H 33/66
Loading...
本发明公开了一种真空断路器扫风装置，该装置设于真空断路器基座内部，包括气缸，气缸的出口通过活塞限位环与绝缘子内腔相通，气缸的出口通过气管和气管两端的直角管接头与进气接口连接，气管上设有节流阀。节流阀设有节流阀旋钮。将干燥风源源不断吹入断路器下绝缘子内腔，将下绝缘子内腔及绝缘推杆伞裙表面冷凝水吹走，保持表面干燥，保证其绝缘性能，有效克服下绝缘子内部放电击穿等绝缘故障，提高了真空断路器的可靠性。
22. 106590750 一种水冷壁常压固定床液态排渣分级气化反应炉
CN
26.04.2017
C10J 3/20 Loading...
C10J 3/20
Loading...
102017000069065
中国东方电气集团有限公司
张春飞
C10J 3/20
Loading...
本发明涉及一种水冷壁常压固定床液态排渣分级气化反应炉，属于气化制气装置技术领域。包括上部炉体、中部炉体和下部炉体，形成三段式炉膛结构；所述上部炉体的顶部设置有进料口，侧面设置有合成气出口，所述下部炉体的侧面设置有排渣口。本发明一种水冷壁常压固定床液态排渣分级气化反应炉采用顶部进料、侧部排气、底部排渣结构，使含碳物质热解气化后产生的灰渣与未反应完物质经气化熔融室与氧气喷嘴喷入的氧气燃烧反应生成高温熔融渣，提高了热解气化反应温度和燃料转化率低，解决了碎煤加压液态排渣技术气化炉熔渣液位控制及排渣困难的问题。
23. 106590749 一种用于固定床熔渣气化炉的液态排渣装置
CN
26.04.2017
C10J 3/08 Loading...
C10J 3/08
Loading...
102017000069355
中国东方电气集团有限公司
张春飞
C10J 3/08
Loading...
本发明涉及一种用于固定床熔渣气化炉的液态排渣装置，属于气化制气装置技术领域。包括气化炉熔渣室，所述气化炉熔渣室的外围设置有气化剂喷嘴安装口，所述气化炉熔渣室侧面的底部设置有溢流排渣口和残渣排放口，所述溢流排渣口连通电辅热排渣器，所述残渣排放口连通有电辅热排尽器。本发明一种用于固定床熔渣气化炉的液态排渣装置采用侧面排渣、底部排尽的排渣方式和结构，另外配合高频感应加热伴热、不排渣时采用空气冷凝下渣口的设计可有效解决熔渣气化炉排渣易堵塞，熔渣气化炉下渣口液态熔渣液位和排渣控制困难的问题，避免出现下渣过程中熔渣极易黏在下渣通道的情况。
24. 106584421 一种基于移动机器人的移动小车系统
CN
26.04.2017
B25J 5/00 Loading...
B25J 5/00
Loading...
201710073716.8
中国东方电气集团有限公司
陈兵
B25J 5/00
Loading...
一种基于移动机器人的移动小车系统，所述移动小车系统包括机械本体、控制模块、驱动模块、导航模块及通讯模块；所述机械本体用于提供移动机器人运动的物理结构；所述控制模块通过通信模块和总控制台系统通信连接，所述控制模块通过驱动模块与机械本体相连；所述导航模块与控制模块相连；所述控制模块与多关节机械臂系统相连。本发明的移动小车可作为小型机械臂的移动载体，实现全方位移动，运行效率高。
25. 106597040 一种方波冲击电流试验的调波装置及实验回路
CN
26.04.2017
G01R 1/28 Loading...
G01R 1/28
Loading...
102016001201128
中国西电电气股份有限公司
孙泉
G01R 1/28
Loading...
本发明公开了一种方波冲击电流试验的调波装置及实验回路，包括匹配电阻、匹配电阻安装装置及引线装置；匹配电阻设置于匹配电阻安装装置内部，匹配电阻安装装置与引线装置连接。本发明还公开了上述调波装置的串联结构及并联结构。本发明解决了方波冲击电流发生器回路阻抗与待测电阻片阻抗不匹配导致的方波冲击电流波形波尾无法回零的情况；可根据需要将多个本发明的装置并联或者串联，从而达到所需的匹配电阻数值，并联或者串联操作简单、方便快捷；设置引线块，使得引线时，无需拆卸引线螺栓，直接将引线块插入上电极散热块上开设的连接凹槽即可，避免了繁琐的拆卸引线螺栓的步骤。
26. 106597090 一种基于无线网络传输的电能数据采集系统及其工作方法
CN
26.04.2017
G01R 22/06 Loading...
G01R 22/06
Loading...
201710065112.9
江苏中乂电气有限公司
周纬
G01R 22/06
Loading...
本发明一种基于无线网络传输的电能数据采集系统涉及电网线路的采集检测系统及其工作方法，能够广泛用于低压线路的信号采集及检测。一种基于无线网络传输的电能数据采集系统由电量采集装置、通讯电源装置和贴片式电压采集装置组成；电量采集装置通过通信总线与通讯电源装置连接；贴片式电压采集装置通过无线传输将数据输送给通讯电源装置。所述的电量采集装置具有壳体一；壳体一表面设置有通信总线接口、手动编码开关；在壳体一内设置有电流信号采集接口、温度信号采集接口、可编程增益放大器(PGA)、数字信号转换器(二阶sigma‑deltaADC)、精密基准源、滤波模块、计量模块、精密时钟和通讯模块。
27. 106587954 一种陶瓷碳电阻及其制备方法
CN
26.04.2017
C04B 35/10 Loading...
C04B 35/10
Loading...
201611228881.8
中国西电电气股份有限公司
杨丹
C04B 35/10
Loading...
本发明公开了一种陶瓷碳电阻及其制备方法，由按质量份数为30～70份的刚玉、20～45份的莫来石、5～15份的石英砂、10～30份的玻璃粉、3～15份的有机碳及0.5～2份的粘合剂制备而成，该电阻具有耐大电流、耐冲击、高能吸收优良及电阻率分散性较小的特点，并且制备方法工艺简单，安全性较高，并对人体伤害小。
28. 106601359 一种防火线缆束
CN
26.04.2017
H01B 7/295 Loading...
H01B 7/295
Loading...
201710015242.1
中科天工电气控股有限公司
王海红
H01B 7/295
Loading...
本发明涉及一种防火线缆束，包括封闭罩壳，封闭罩壳采用钢板制成，在所述封闭罩壳中部固定有束线管，束线管采用PVC制成，所述束线管的轴向两端贯穿封闭罩壳的轴向两端壁面，其中在所述束线管对应封闭罩壳内部段的壁面上还设置有环形的阻燃罩壳，阻燃罩壳采用聚甲醛制成，阻燃罩壳与束线管之间设置有阻燃空腔，在所述阻燃空腔内设置有有若干柱形的阻燃油袋组成的环形阻燃层，阻燃油袋采用耐油橡胶制成，在阻燃油袋中填充有阻燃硅油；本发明通过一个可在线管燃烧时破裂，使得阻燃硅油填充到线缆中实现阻燃的阻燃机构，提高了线缆的安全度，有效防止火势随线缆发生蔓延。
29. 106604598 一种免焊电器元件固定板固定机构
CN
26.04.2017
H05K 7/14 Loading...
H05K 7/14
Loading...
201710015246.X
中科天工电气控股有限公司
王海红
H05K 7/14
Loading...
本发明涉及一种免焊电器元件固定板固定机构，包括对称设置在电器箱中的两个支撑板，在支撑板上阵列设置有若干互相平行的固定槽；在两个支撑板之间设置有电器元件固定板，电器元件固定板上固定有若干与固定槽对应的空心管状的支撑杆，在支撑杆的轴向两端各设置有一个膨胀塞块，在膨胀塞块中部设置有螺钉孔，支撑杆与支撑板之间，通过贯穿固定槽的膨胀螺钉实现对支撑杆与支撑板的固定；本发明通过一个膨胀机构实现对若干支撑杆的固定，从而实现对整个电器元件固定板的固定，本结构无需再在支撑杆的轴向端部焊接或者加工连接件，只需要将膨胀块塞入到支撑杆中，并用螺钉拧紧就可以实现固定简单方便，安全性高。
30. 106581894 一种气体阻燃组件
CN
26.04.2017
A62C 3/16 Loading...
A62C 3/16
Loading...
201710015248.9
中科天工电气控股有限公司
王海红
A62C 3/16
Loading...
本发明涉及一种气体阻燃组件，包括支撑外壳和安装在支撑外壳上的驱动组件，其中支撑外壳内通过支架同轴固定有若干二氧化碳气瓶，在二氧化碳气瓶的一端上设置有气阀；驱动组件包括若干与二氧化碳气瓶对应的气阀驱动器，气阀驱动器包括固定在支撑外壳上与二氧化碳气瓶同轴的导热套，在导热套内固定有气阀顶杆机构，气阀顶杆机构包括与导热套固定连接的滑套，滑套一端开口一端封闭，在滑套内滑动连接有气阀顶杆，气阀顶杆一端与滑套的封闭端之间通过弹簧弹性连接，在导热套内还连接有调节板，在调节板上连接有张力绳，张力绳穿过滑套的封闭端与气阀顶杆连接，弹簧在张力绳的驱动下处于压缩状态，气阀为按压式气压。
31. 106601546 一种保护真空管的通用机构及真空断路器
CN
26.04.2017
H01H 33/666 Loading...
H01H 33/666
Loading...
102017000083555
北京中车赛德铁道电气科技有限公司
张东远
H01H 33/666
Loading...
本发明公开了一种保护真空管的通用机构及真空断路器，用于真空管布置在绝缘子单元内的真空断路器，其特征在于，包括：出线端单元、开距调节单元、超程弹簧、回复弹簧和主动机构单元；其中，出线端单元设有传动杆，该传动杆上端与真空管下端连接；出线端单元的传动杆下端与开距调节单元的支撑连接块连接，传动杆下端与开距调节单元的支撑连接块之间设有超程弹簧，超程弹簧与开距调节单元均处于绝缘子单元以外的区域；主动机构单元上设有回复弹簧，该回复弹簧与开距调节单元相连接。该机构方法原理可靠、结构简单、拆装维护方便、通用性强，且能够有效地保护真空管，避免承受额外的冲击力，延长真空管及断路器的使用寿命。
32. 106591916 接触网铝合金零件表面处理方法
CN
26.04.2017
C25D 11/06 Loading...
C25D 11/06
Loading...
201611082873.7
北京交通大学
杨智勇
C25D 11/06
Loading...
本发明涉及一种接触网铝合金零件表面处理方法。本发明采用双极性脉冲电源，将零件浸于由基础组分和无机盐组成的弱碱性电解液中，在接触网铝合金零件表面形成等离子体放电从而原位生长均匀连续、硬质、防腐、耐磨陶瓷层的方法。本发明方法可应用于接触网铝合金零件，并可扩展应用在其它服役环境恶劣的铝合金零件上，具有较强的技术可靠性和可操作性，适用于批量化生产。
33. 106591621 大长度高强高导铜铬锆合金接触线的生产工艺
CN
26.04.2017
C22C 9/00 Loading...
C22C 9/00
Loading...
102016001095863
中铁建电气化局集团康远新材料有限公司
鲁衍任
C22C 9/00
Loading...
本发明涉及一种大长度高强高导铜铬锆合金接触线的生产工艺，它包括以下工艺步骤：步骤一、非真空熔炼按比例投放标准阴极铜、铜铬中间合金和铜锆中间合金进行铜铬锆合金的熔炼；步骤二、上引连铸采用上引连续铸造方式制备铜铬锆合金连续铸杆；步骤三、在线连续固溶强化步骤四、直角通道连续挤压进行直角通道连续挤压处理，得到铜铬锆合金连续接触线杆坯；步骤五、时效处理步骤六、冷拔成型对铜铬锆合金连续接触线杆坯进行多道次冷拉拔，制成铜铬锆合金连续接触线。本发明实现了铜铬锆合金接触线的连续性生产，而不受炉体容量大小的影响，可生产任意长度、符合成分要求的铜铬锆合金接触线，能够满足未来高速铁路发展的需求。
34. 106601472 脱离主机绝缘材料总装
CN
26.04.2017
H01F 41/12 Loading...
H01F 41/12
Loading...
201611213125.8
常州市英中电气有限公司
俞英忠
H01F 41/12
Loading...
本发明公开了一种脱离主机绝缘材料总装，其包括纸筒、内围筒、外围筒、内撑条、主撑条、外撑条、内角环、外角环、下角环、铁轭端圈、静电环以及锁扣垫块，在纸筒的下端部外侧套装有铁轭端圈，多个内撑条以一定间距竖直固定在纸筒的外壁的中部，所述的内围筒设置在内撑条的外侧，所述的主撑条以一定间距竖直设置在内围筒的外侧壁上，在内围筒的下端部设有内角环，在主撑条的外侧设有线饼，在线饼的外部设有外围筒，外围筒的内壁上设有与主撑条对应的外撑条，在外围筒的内侧设有外角环，在线饼的上方和下方的内角环上都设有引线角环和引线管。本发明将超特高压变压器的绝缘件完全组装在一起，极大地降低包装和运输的成本，提高了变压器生产效率。
35. 106583746 一种太阳能电池板银粉的制备方法
CN
26.04.2017
B22F 9/24 Loading...
B22F 9/24
Loading...
201611079340.3
中国东方电气集团有限公司
廖亚琴
B22F 9/24
Loading...
本发明公开了一种太阳能电池板银粉的制备方法，首先将银胶体分散剂混合溶液与还原剂反应生成粒径可控、高分散的纳米银晶种，再向反应后的溶液中加入银盐分散剂混合溶液和还原剂，将银晶种的成核过程与生长过程分离，通过银晶种诱导的方法制备太阳能电池板正面银浆所需的微米级银粉，克服了现有技术中存在的银粉粒径分布宽、结晶性差、形貌多样等缺陷；同时通过液液撞击的方式使反应液充分混合，既提高了反应的速度，也提高了原料的利用率，能够有效减轻企业的环保排放压力，具有良好的经济效益。
36. 106602428 适宜直流牵引预装箱式变电站一体化箱体的设备布置结构
CN
26.04.2017
H02B 1/48 Loading...
H02B 1/48
Loading...
201611238894.3
上海纳杰电气成套有限公司
汪洋
H02B 1/48
Loading...
本发明涉及一种适宜直流牵引预装箱式变电站一体化箱体的设备布置结构，包括箱体、直流开关和智能控制设备室、基础槽钢、动力变压器室、牵引变压器室、箱顶、内凹箱体墙壁、空调外机、空调外机安装支架；将牵引变压器、动力变压器、直流开关设备、智能控制设备共处于一个完整的箱体内。基础槽钢内安装有主线槽和分支线槽，主线槽处于适宜直流牵引预装箱式变电站一体化箱体内操作走廊正下方，分支线槽连接直流开关和智能控制设备室、动力变压器室、牵引变压器室。有效降低了变电站对混泥土基础水平度要求，现场安装一次性吊装、就位，极大节省混泥土浇铸成本及现场吊装费用。作为一个一体的产品，无须现场拼接组装，现场组装耗时及耗工降为零。
37. 206135728 叠层母排和功率模块
CN
26.04.2017
H02M 7/00 Loading...
H02M 7/00
Loading...
201621016341.9
株洲中车时代电气股份有限公司
王亮
H02M 7/00
Loading...
本实用新型提供了一种叠层母排，其包括依次层压在一起的第一表面绝缘层、第一导体板、中间绝缘层、第二导体板和第二表面绝缘层。其中，该叠层母排还包括冷却管，其构造成在平行于叠层母排的主平面内延伸的弯折管。本实用新型还提供了一种功率模块，其包括如上所述的叠层母排。根据本实用新型的叠层母排具备提高的散热效果。
38. 206132297 一种强迫通风电机风冷却系统
CN
26.04.2017
G01L 13/00 Loading...
G01L 13/00
Loading...
201621016854.X
株洲中车时代电气股份有限公司
刘护林
G01L 13/00
Loading...
本实用新型工况一种强迫通风电机风冷却系统，包括为被试电机提供冷却风的风道和设于风道进风口处的风机，还包括主控模块以及分别与主控模块连接的风压/风量采集模块、变频调节模块，风压/风量采集模块采集风道中的实时风压和/或风量值，发送给主控模块；主控模块接收实时风压和/或风量值，控制启动变频调节模块，通过变频调节模块调节风机的输出风量。本实用新型具有结构简单、所需成本低、能够实现高效率以及高精度风量自动调节的优点。
39. 206135501 一种双模半桥驱动式无线充电装置
CN
26.04.2017
H02J 7/02 Loading...
H02J 7/02
Loading...
201621109653.4
德尔福中央电气（上海）有限公司
井党林
H02J 7/02
Loading...
本实用新型涉及一种双模半桥驱动式无线充电装置，包括壳体、无线发送线圈、控制电路板和屏蔽罩，所述控制电路板包括电源接口、电源控制电路、半桥输入电源电路、主芯片控制电路和半桥驱动控制电路，所述电源接口连接电源控制电路的输入端，所述电源控制电路的输出端分别连接半桥输入电源电路、主芯片控制电路和半桥驱动控制电路，所述半桥输入电源电路分别连接主芯片控制电路和半桥驱动控制电路，所述主芯片控制电路分别连接半桥驱动控制电路和无线发送线圈，所述半桥驱动控制电路连接无线发送线圈。与现有技术相比，本实用新型具有稳定性好、功能齐全、结构简单、节省空间、降低成本等优点。
40. 206134793 一种滑块式汽车用蓄电池电瓶栓
CN
26.04.2017
H01M 2/20 Loading...
H01M 2/20
Loading...
201621109654.9
德尔福中央电气（上海）有限公司
吴洪强
H01M 2/20
Loading...
本实用新型涉及一种滑块式汽车用蓄电池电瓶栓，包括本体、螺栓、螺母、第一滑块、第二滑块和拉杆，本体的形状为中空的矩形体，本体顶面和底面上均分别设有一定位圆孔以及连通定位圆孔的开口通道，第一滑块和第二滑块上下设置且紧贴开口通道一侧的本体侧面，第一滑块与第二滑块之间的接触面为斜面，螺母套设在螺栓的顶端，螺栓的底端竖直穿过第一滑块后位于第二滑块内，拉杆架设在开口通道两侧的本体侧面上，拉杆的一端与本体侧面固定，另一端穿过本体侧面和第二滑块后与螺栓的底端固定。与现有技术相比，本实用新型具有安全可靠、拆装方便、质量轻等优点。
41. 206135557 一种带CAN/LIN通讯的半桥驱动式无线充电装置
CN
26.04.2017



201621111361.4
德尔福中央电气（上海）有限公司
井党林


本实用新型涉及一种带CAN/LIN通讯的半桥驱动式无线充电装置，包括汽车电源接口、电源控制电路、半桥输入电源电路、主芯片控制电路、半桥驱动控制电路、无线发送线圈、通讯处理器、LIN转换器、CAN转换器和汽车总线接口，电源接口连接电源控制电路的输入端，半桥输入电源电路分别连接主芯片控制电路和半桥驱动控制电路，主芯片控制电路分别连接半桥驱动控制电路、无线发送线圈和通讯处理器，半桥驱动控制电路连接无线发送线圈，通讯处理器分别连接LIN转换器和CAN转换器，LIN转换器和CAN转换器分别连接汽车总线接口。与现有技术相比，本实用新型具有实时控制和无线充电效果好、结构简单、节省空间、降低成本等优点。
42. 206131510 用于常温天然气引射液化天然气低温蒸发气的引射器
CN
26.04.2017
F25B 9/08 Loading...
F25B 9/08
Loading...
202016001090937
中国海洋石油总公司
付子航
F25B 9/08
Loading...
本实用新型涉及一种用于常温天然气引射液化天然气低温蒸发气的引射器，其特征在于：包括一喷管，所述喷管的一端为进口端，另一端为出口端，所述喷管由进口端到出口端顺次设置一吸入室、一混合室和一扩压室，所述混合室为一平直管段，所述扩压室为一扩张管道，所述吸入室与混合室的连接处为一收缩管段；在所述喷管的进口端设置一向吸入室延伸的喷嘴，所述喷嘴由喷嘴入口到喷嘴出口顺次设置一收缩段和一扩张段；在所述吸入室的一侧设置一引射管。
43. 206131511 用于液化天然气引射低温蒸发气的引射器
CN
26.04.2017
F25B 9/08 Loading...
F25B 9/08
Loading...
202016001090938
中国海洋石油总公司
付子航
F25B 9/08
Loading...
本实用新型涉及一种用于液化天然气引射低温蒸发气的引射器，其特征在于：包括一喷管，所述喷管的一端为进口端，另一端为出口端，所述喷管由进口端到出口端顺次设置一吸入室、一混合室和一扩压室，所述混合室为一平直管段，所述扩压室为一扩张管道，所述吸入室与混合室的连接处为一收缩管段；在所述喷管的进口端设置一向所述吸入室延伸的喷嘴，所述喷嘴采用收缩管结构；在所述吸入室的一侧设置一引射管。
44. 206134635 一种汽车前舱保险丝盒
CN
26.04.2017
H01H 85/20 Loading...
H01H 85/20
Loading...
201621165430.X
德尔福中央电气（上海）有限公司
张国辉
H01H 85/20
Loading...
本实用新型涉及一种汽车前舱保险丝盒，包括：塑胶上壳(1)，为一盖式结构，其上设有与外部结构连接的卡条(106)和卡槽；塑胶下壳(2)，嵌设于所述塑胶上壳(1)内，与所述塑胶上壳(1)形成一带有空腔的盒体，该盒体为直角梯形结构；PCB组装件(3)，设置于所述空腔内，包括PCB底板(301)和集成于所述PCB底板(301)上的多个接线插片、多个继电器(302)和多个保险丝；所述塑胶上壳(1)、塑胶下壳(2)和PCB组装件(3)的尺寸相适配。与现有技术相比，本实用新型具有使用维修方便、使用范围广、高度集成化、可扩展性好等优点。
45. 206124896 一种汽车折叠后视镜控制装置
CN
26.04.2017
B60R 1/074 Loading...
B60R 1/074
Loading...
201621165505.4
德尔福中央电气（上海）有限公司
周东
B60R 1/074
Loading...
本实用新型涉及一种汽车折叠后视镜控制装置，包括主板、子板、执行机构、后视镜开关和电源，所述主板分别连接子板、执行机构、后视镜开关和电源，所述执行机构和后视镜开关均与后视镜连接，所述子板包括控制芯片和驱动器，所述控制芯片和驱动器均与主板连接，所述主板与子板集成为一体。与现有技术相比，本实用新型具有体积小、功能多样、经济性好等优点。
46. 206136537 一种变流器用型材框架
CN
26.04.2017
H05K 7/18 Loading...
H05K 7/18
Loading...
202016001160311
株洲中车时代电气股份有限公司
余仁忠
H05K 7/18
Loading...
本实用新型公开了一种变流器用型材框架，包括一对横向型材及设于一对横向型材之间的一对竖向型材，所述横向型材和所述竖向型材的表面均设有用于安装变流器电器元件的T型槽和用于布置导线的凹型槽，电器元件的安装螺栓布置于所述T型槽内，所述横向型材的T型槽和所述竖向型材的T型槽对接，所述横向型材的凹型槽和所述竖向型材的凹型槽对接。本实用新型具有结构简单、零部件数量少、制作方便、便于电器元件的安装和位置调整、便于导线的布置的优点。
47. 206135002 高载流能力端子弹簧
CN
26.04.2017
H01R 13/187 Loading...
H01R 13/187
Loading...
202016001171374
德尔福中央电气（上海）有限公司
于增亮
H01R 13/187
Loading...
本实用新型涉及一种高载流能力端子弹簧，包括两种不同结构的弹簧臂，分别为第一弹簧臂和第二弹簧臂，所述的第一弹簧臂设有多个端子弹簧与母端子的接触点，所述的第二弹簧臂设有用于增加额外接触点并提高接触性能的冲压块。与现有技术相比，本实用新型具有接触效果好等优点。
48. 206134994 带塑胶应力释放特征的电动汽车高电流连接器
CN
26.04.2017
H01R 13/02 Loading...
H01R 13/02
Loading...
202016001169741
德尔福中央电气（上海）有限公司
马文正
H01R 13/02
Loading...
本实用新型涉及一种带塑胶应力释放特征的电动汽车高电流连接器，包括连接器本体(1)和端子(2)，所述的端子(2)外圆周上设有锁结构(21)，所述的连接器本体(1)上设有与锁结构(21)对应的孔(11)，该孔(11)的四周设有应力释放槽(12)；所述的端子(2)插入连接器本体(1)后通过锁结构(21)插入孔(11)的四周有应力释放槽(12)来释放插入过程中干涉产生的应力。与现有技术相比，本实用新型具有使用方便、安全可靠、很大的兼容性等优点。
49. 206124946 一种行车记录仪供电装置
CN
26.04.2017
B60R 16/02 Loading...
B60R 16/02
Loading...
202016001144702
德尔福中央电气（上海）有限公司
华敏
B60R 16/02
Loading...
本实用新型涉及一种行车记录仪供电装置，用于通过车载电池为行车记录仪供电，所述装置包括壳体和位于壳体内部的电源输入口三路连接器、降压模块和USB输出口，所述电源输入口三路连接器与车载电池插接，所述降压模块分别与电源输入口三路连接器和USB输出口连接，所述USB输出口与行车记录仪连接。与现有技术相比，本实用新型具有无需外接线、节省空间、使用方便以及适用范围广等优点。
50. 206134641 一种用于汽车的电源分配器
CN
26.04.2017
H01H 89/00 Loading...
H01H 89/00
Loading...
201621180118.8
德尔福中央电气（上海）有限公司
张国辉
H01H 89/00
Loading...
本实用新型涉及一种用于汽车的电源分配器，包括塑胶上壳(1)、塑胶下壳(2)和PCB组装件(3)，所述塑胶上壳(1)和塑胶下壳(2)组合成一带有空腔的方形盒体，所述PCB组装件(3)匹配嵌设于所述空腔内，所述PCB组装件(3)包括PCB底板(31)和集成于所述PCB底板(31)上的多个接线插片(32)、多个继电器(33)和多个保险丝。与现有技术相比，本实用新型具有使用维修方便、使用范围广、高度集成化、可扩展性好等优点。
51. 206116217 一种分接开关用定触头组结构
CN
19.04.2017
H01H 1/56 Loading...
H01H 1/56
Loading...
202016001030309
中国西电电气股份有限公司
符胜利
H01H 1/56
Loading...
本实用新型公开了一种分接开关用定触头组结构，包括绝缘板(1)、屏蔽罩(2)和定触头(6)；其中，定触头(6)为U型状钣金，绝缘板(1)设置在U型状钣金的两个平行钣金之间，且绝缘板(1)和定触头(6)通过紧固件安装在屏蔽罩(2)内。本实用新型能够满足高电压等级变压器无励磁调压，大电流、高电压等级、高耐压、小局放量的要求。
52. 206117639 一种应用于大电流试验时序控制系统中的隔离控制器
CN
19.04.2017
H03K 19/018 Loading...
H03K 19/018
Loading...
201621132788.2
中国西电电气股份有限公司
苏宇红
H03K 19/018
Loading...
本实用新型提供一种应用于大电流试验时序控制系统中的隔离控制器，抗干扰能力强，控制精度高，满足标准要求。其包括通过光纤连接时序控制系统中程序控制仪的光电板，连接在光电板输出端的光耦，以及CMOS管；所述的光电板用于通过光耦控制CMOS管导通时间；所述CMOS管的栅极连接光耦的控制端；漏极连接试验电源正向输入端，源极经电阻R6连接试验电源负向输入端，源极经保险器连接控制器输出端；试验电源负向输入端和控制器输出端之间连接LED指示灯L2；所述光耦的输出端经电阻R5接地，且电阻R5的接地端连接CMOS管的源极。
53. 206114821 电压互感器开口三角保护的检验装置
CN
19.04.2017
G01R 31/04 Loading...
G01R 31/04
Loading...
202016001157017
中冶华天南京电气工程技术有限公司
申林
G01R 31/04
Loading...
本实用新型公开一种电压互感器开口三角保护检验装置，主要针对现有技术难以检验电压互感器开口三角保护的连接状态的问题，提出了一种操作简便、可靠性高、工作效率高的电压互感器开口三角保护的检验装置，包括信号源和显示部分；其中信号源包括直流电源和分别与直流电源的两个电极电连接的导电连接装置；所述显示部分包括显示电路和与所述显示电路的两个接线端电连接的导电连接装置，所述显示电路包括相互并联的第一、二支路，其中，所述第一支路包括第一导通指示装置，所述第二支路包括第二导通指示装置。本实用新型在检验电压互感器开口三角保护时简便、精准，效率高。
54. 206116138 一种用于高压直流输电换流阀的电抗器
CN
19.04.2017
H01F 27/02 Loading...
H01F 27/02
Loading...
202016001021255
中国西电电气股份有限公司
董妍波
H01F 27/02
Loading...
本实用新型提供了一种用于高压直流输电换流阀的电抗器，包括线圈、铁芯、绝缘垫块、绝缘垫板、母排端子、螺纹套、上壳体及下壳体；线圈为绕制成中空圆柱结构，中空圆柱盘绕成筒状，多个铁芯套于线圈上，各铁芯之间用绝缘垫块间隔开，上壳体和下壳体为中间中空圆柱型壳体，上下壳体同心装配在一起形成腔体，装配好的铁芯和线圈置于该腔体中；绝缘垫板置于铁芯与上壳体和下壳体之间，螺纹套焊接于线圈端头，两个母排端子分别焊接在线圈两端部位置；将原有壳体底部的四个安装孔取消，降低了壳体制造时的开模难度，消除了对壳体内部铁芯的摆放位置的干涉，降低壳体的开模难度。
55. 206116180 一种变压器用纸板骨架螺旋开口型静电环结构
CN
19.04.2017
H01F 27/34 Loading...
H01F 27/34
Loading...
202016001029172
中国西电电气股份有限公司
张佐鹏
H01F 27/34
Loading...
本实用新型公开了一种变压器用纸板骨架螺旋开口型静电环结构，涉及电力变压器制造领域，包括螺旋开口型纸板绝缘骨架(1)、连接线(2)、屏蔽带(3)、耐热皱纹纸(4)、引出线(5)、电缆纸(6)和铝箔(7)；其中，以与螺旋式线圈端部斜度匹配的螺旋开口型纸板绝缘骨架(1)为基础，在螺旋开口型纸板绝缘骨架(1)的外径侧放置有连接线(2)，在连接线(2)外依次缠绕有屏蔽带(3)和耐热皱纹纸(4)，螺旋开口型纸板绝缘骨架(1)的开口两侧通过铝箔(7)进行套包，引出线(5)作为静电环出头与线圈出头相连，且引出线(5)外侧包裹有电缆纸(6)。本实用新型适用于所有需要安装类似静电环结构的电力设备。
56. 104502819 一种避雷器冲击特性试验装置及试验方法
CN
19.04.2017
G01R 31/12 Loading...
G01R 31/12
Loading...
102014000826691
中国西电电气股份有限公司
何计谋
G01R 31/12
Loading...
本发明公开了一种避雷器冲击特性试验装置及试验方法，工频电源经变压器升压，通过高压硅堆和充电电阻对电容器并联充电，由球隙放电，使得电容器串联，产生高电压和大电流，施加到试品上。本发明解决了对整只避雷器雷电和操作冲击特性的测量问题，解决对多只并联避雷器的电流分布测量问题，解决在同一套试验装置可以产生雷电冲击电压波、操作冲击电压波、雷电冲击电流波及操作冲击电流波的4种标准波形问题，以及各种冲击电压和电流波形参数的测量和存储，为避雷器的可靠运行提供了有力的试验数据和保证。
57. 104375072 柔性直流输电换流阀阀端间交直流电压试验系统及方法
CN
19.04.2017
G01R 31/12 Loading...
G01R 31/12
Loading...
102014000707842
中国西电电气股份有限公司
胡宇
G01R 31/12
Loading...
本发明提供了一种柔性直流输电换流阀阀端间交直流电压试验系统及方法，试验系统包括安装柔性直流输电换流阀的试品阀塔，试品阀塔直流电压侧连接直流电压发生器和并联直流分压器，试品阀塔交流电压侧连接工频试验变压器和并联交流分压器，通过并联直流分压器和并联交流分压器分别测量试品阀塔的直流电压和交流电压，试品阀塔直流电压侧和交流电压侧还分别连接交直流局放测试仪，试品阀塔还连接有为换流阀降温的纯水冷却装置，换流阀还连接有测量试品阀塔所含所有功率单元电压的检测装置，通过上述试验系统可以实现柔性直流输电换流阀绝缘型式试验，系统结构简单，满足了柔性直流输电换流阀绝缘型式试验中阀端间交直流电压试验的国标要求。
58. 206108555 一种简易电缆收放线机
CN
19.04.2017
B65H 59/38 Loading...
B65H 59/38
Loading...
201621185551.0
中铁建大桥工程局集团电气化工程有限公司
杨宇
B65H 59/38
Loading...
本实用新型涉及一种简易电缆收放线机，其特征在于：由发电机、控制器、单相电动机、减速器、绞磨轮槽及正反转控制电路构成，所述的发电机通过控制器与单相电动机连接，单相电动机通过联轴器与减速器连接，在减速器的传动轴上安装有绞磨轮槽，所述的单相电动机通过正反转控制电路实现正反转。本实用新型结构设计科学合理，具有体积小、成本低、便于移动及使用的优点，是一种具有较高创新性的简易电缆收放线机。
59. 106571260 一种直流电动手动两用隔离开关
CN
19.04.2017
H01H 31/02 Loading...
H01H 31/02
Loading...
201610988441.6
武汉中直电气股份有限公司
涂勇
H01H 31/02
Loading...
本发明涉及一种直流电动手动两用隔离开关，包括安装板、主回路导电机构、支撑杆、锁定机构、手动解锁机构、传动机构、基座板和手柄机构。本发明的一种直流电动手动两用隔离开关，既可以实现电动自动合分闸，也可以手动合分闸，结构紧凑，使用方便，安全性高，能承受较大的短路短时耐受电流，大大提高直流电动隔离开关的运行可靠性，消除火灾安全隐患。另外，通过模块化组装，可以实现快速装配。
60. 106568442 一种具有鲁棒特性的协同导航滤波方法
CN
19.04.2017
G01C 21/20 Loading...
G01C 21/20
Loading...
102016000907997
中冶华天南京电气工程技术有限公司
卢少然
G01C 21/20
Loading...
本发明公开了一种具有鲁棒特性的协同导航滤波方法。该方法是利用投影统计对从艇接收到的来自主艇的量测信息进行异常判断，获取量测信息的权值后，建立基于改进Huber估计的协同导航鲁棒滤波模型，提高了从艇的定位精度。本发明的具有鲁棒特性的协同导航滤波方法通过结合投影统计异常点鉴别方法和改进Huber估计法提高在量测噪声异常情况下的协同导航从艇的定位精度，增强滤波算法的鲁棒性。该方法的特点是当量测噪声为近似高斯分布并且出现异常值时滤波仍可以保持较高的精度，具有鲁棒性。
61. 106571738 一种变流器启停控制装置及控制方法
CN
19.04.2017
H02M 1/36 Loading...
H02M 1/36
Loading...
201610947321.1
株洲中车时代电气股份有限公司
唐洲
H02M 1/36
Loading...
本发明公开了一种变流器启停控制装置及控制方法，控制装置包括功率变换单元、接触器、控制器和辅助电源模块，电能经功率变换单元变换后经接触器输出，控制器与所述功率变换单元连接用于控制其启动或停止，控制器与所述接触器连接用于控制其断开或闭合，所述辅助电源模块分别与所述控制器和所述接触器的跳闸附件机构连接，所述控制器还包括手动开关、显示屏和指示灯；所述手动开关用于向控制器提供预启动信号；所述显示屏包括虚拟控制按键，用于向控制器提供启动信号；所述指示灯用于显示变流器的工作状态。本发明具有控制方便、可有效保证变流器安全启动和停止，满足频繁的开关机操作需求等优点。
62. 106570629 基于灰色关联度的智能电能表供应商多目标综合评价方法
CN
19.04.2017
G06Q 10/06 Loading...
G06Q 10/06
Loading...
201610953131.0
国家电网公司
陈浩
G06Q 10/06
Loading...
本发明公开了一种基于灰色关联度的智能电能表供应商多目标综合评价方法，步骤包括建议智能电能表供应商综合评价模型以便对智能电能表供应商进行全面、客观评价，且采用向量规范法对指标矩阵进行无量纲化处理，可以避免不同类型指标引起的单位不一致、数量级差异大的问题，最终通过计算灰色关联度，将智能电能表供应商多目标评价的问题转化为对关联系数的比较，比传统的简单的指标加权法具有更直观、更科学的意义，能够有效地解决智能电能表供应商综合评价的问题，能够对待评价供应商进行多目标综合量化评价，且具有明确的物理意义，能够有效解决多目标评价中指标繁杂、主观性强等问题，具有评价准确度高、评价科学客观的优点。
63. 106564405 一种新能源汽车驱动控制器
CN
19.04.2017
B60L 15/20 Loading...
B60L 15/20
Loading...
201610909767.5
株洲中车时代电气股份有限公司
杨印博
B60L 15/20
Loading...
本发明公开了一种新能源汽车驱动控制器，包括箱体，箱体包括底座和上罩，上罩罩设于底座上形成箱体的内部空腔，空腔内安装有变流模块和控制模块，变流模块与底座内侧相贴合，底座上与变流模块相贴合的一面上设置有凹槽以形成液冷通道，凹槽的两端与箱体外部连通；底座上设置有安装支架，安装支架上设置有控制模块且位于变流模块的上方；上罩上设置有用于与变流模块和控制模块相连的接口组件；上罩上安装有用于在箱体内部空腔的压力达到预设值时自动泄压的泄压组件。本发明的新能源汽车驱动控制器具有结构简单、拆装方便、安全可靠以及通用性强等优点。
64. 106570209 基于等效性原理建立误差模型的交流电阻分压器校正方法
CN
19.04.2017
G06F 17/50 Loading...
G06F 17/50
Loading...
201610884493.9
广州市格宁电气有限公司
邹至刚
G06F 17/50
Loading...
本发明公开了一种基于等效性原理建立误差模型的交流电阻分压器校正方法，包括：建立所述交流电阻分压器的频率误差等效模型，分压器的误差分别简约表示为式6和式7，按式6和式7计算即可获得Kf和Kt，完成所述交流电阻分压器在全频范围的校准。本发明准确地提出了精密交流电阻分压器的频率误差模型，在精密交流电阻分压器的设计中控制因各种原因产生的容性误差，采用一点校正方法实现50Hz‑100kHz的连续频谱比差角差修正，研究了屏蔽电位补偿容性误差的方向、量值，提出了分压器重要特征p因子与频率和等效电容量值存在无关性，解决了谐波功率测量的相位修正难题。
65. 106564508 一种无火回送方法
CN
19.04.2017
B61C 17/00 Loading...
B61C 17/00
Loading...
201610935995.X
株洲中车时代电气股份有限公司
李华
B61C 17/00
Loading...
本发明公开了一种无火回送方法，其步骤为：S1：当主牵引系统不能获得网侧能量的条件下，利用车载蓄电池提供的能量，对直流母线进行预充电，保证逆变器能启动，并对电机进行励磁；S2：在逆变器的控制下，预磁化后的牵引电机作为发电机迅速进入第四象限工作，利用列车被拖动时产生的机械能，将直流母线持续充电至正常水平；逆变器保持对这一电压水平的持续控制；S3：辅助变流器和正常牵引条件一样启动，并从直流母线取电，输出三相交流电；同时，得到三相电源的充电机向蓄电池正常充电。本发明具有原理简单、易实现、能够提高回送列车可靠性和舒适性等优点。
66. 105755955 单向伸缩式水平转动电缆伸缩装置
CN
19.04.2017
E01D 19/10 Loading...
E01D 19/10
Loading...
102016000257339
辽宁昊轩环保设备有限公司
李宾
E01D 19/10
Loading...
本发明属于电缆伸缩装置技术领域，尤其是涉及一种水平转动电缆伸缩装置，主要由设置在桥箱梁上的伸缩链所组成，其特征在于伸缩链包括设置在桥箱梁Ⅰ上的头部伸缩节、尾部伸缩节、中部伸缩节，连接在头部伸缩节和中部伸缩节之间的连接机构Ⅰ，连接在中部伸缩节和尾部伸缩节之间的连接机构Ⅱ，连接在尾部伸缩节和桥箱梁Ⅱ之间的连接机构Ⅲ。本发明对电缆的保护作用明显，杜绝了电缆在跨海大桥运行中容易被过度挤压和拉断的问题，使电缆运行安全并达到可持续供电目的，后期检修和维护都十分方便，与敷设海底电缆相比，造价低，具有很高的经济效益。
67. 206117027 用于轨道交通的电缆槽组件
CN
19.04.2017
H02G 3/04 Loading...
H02G 3/04
Loading...
201620961949.2
中铁电气化局集团宝鸡器材有限公司
赵金凤
H02G 3/04
Loading...
一种用于轨道交通的电缆槽组件，所述电缆槽组件包括间隔设置的电缆槽支座、两端开口的倒“U”型结构电缆槽盖以及设置于电缆槽盖外侧面用于固定连接电缆槽盖的固定装置，所述电缆槽支座两端设有卡槽，所述电缆槽盖底端卡接于卡槽内，所述固定装置包括第一固定带、第二固定带以及连接第一固定带与第二固定带的花篮螺丝，所述第一固定带和第二固定带的一端分别钩接于电缆槽支座的两端，另一端通过花篮螺丝连接于电缆槽盖侧部。本实用新型结构简单，安装方便，散热性能优异，并且可有效地保护线路电缆不受紫外线、雨水及灰尘的侵蚀，保障线路电流及信号的安全传输，提高了轨道交通设备运营的安全性和可靠性。
68. 206116929 一种箱式牵引变电所
CN
19.04.2017
H02B 1/46 Loading...
H02B 1/46
Loading...
202016000945888
中铁工程设计咨询集团有限公司
汪吉健
H02B 1/46
Loading...
本实用新型公开了一种箱式牵引变电所，该箱式牵引变电所包括：箱体、整流变压器室、高压开关柜室、隔离开关室、电缆层、整流器室、综合自动控制室和直流开关柜室。通过使用本实用新型所提供的箱式牵引变电所，可以有效地减小车站建筑面积、节省城市用地面积、缩短施工周期、提高工程建设速度，节省资金。
69. 106569160 辅助变流器输出电压传感器故障诊断方法及容错控制方法
CN
19.04.2017
G01R 35/00 Loading...
G01R 35/00
Loading...
102016000850355
株洲中车时代电气股份有限公司
袁靖
G01R 35/00
Loading...
本发明公开一种辅助变流器输出电压传感器故障诊断方法及容错控制方法，该故障诊断方法步骤包括：1)实时获取与机车辅助变流器连接的三个目标输出电压传感器的三相输出电压测量信号；2)根据辅助变流器三相输出电压之间的关系，以及步骤1)获取到的各三相输出电压测量信号，诊断是否存在输出电压传感器发生故障、以及发生故障时定位故障传感器；该容错控制方法当诊断到存在传感器发生故障时，根据三相输出电压之间的关系，以及处于正常工况的传感器测量信号值估计故障传感器对应相的电压值。本发明具体实现方法简单、所需成本低、能够及时诊断出辅助变流器输出电压传感器故障并定位具体故障点，且诊断精度及效率高等优点。
70. 106569072 一种轨道交通自动过分相装置试验系统及试验方法
CN
19.04.2017
G01R 31/00 Loading...
G01R 31/00
Loading...
201610999439.9
株洲中车时代电气股份有限公司
谭伟珍
G01R 31/00
Loading...
本发明公开了一种轨道交通自动过分相装置试验系统，系统包括信号发生器、信号开关、T1切换开关、T2切换开关、T3切换开关、T4切换开关、直流电源和电源开关；所述信号发生器的信号经所述信号开关控制，再分别经所述T1切换开关、T2切换开关、T3切换开关、T4切换开关分别送至轨道交通自动过分相装置的4个信号输入端；所述直流电源经所述电源开关与所述轨道交通自动过分相装置的电源端连接。本发明具有应用范围广，并且结构简单，造价低，维护和使用方便，检验效率高等优点。
71. 206114143 一种内置式电缆接头温度光纤在线监测传感器
CN
19.04.2017
G01K 11/32 Loading...
G01K 11/32
Loading...
202016000923178
北京博大华电测控技术有限公司
李思勉
G01K 11/32
Loading...
本实用新型公开了一种内置式电缆接头温度光纤在线监测传感器，其包括石英棒或石英光纤，粘贴在石英棒或石英光纤的前端并紧贴被测电缆接头金属螺母的荧光材料，从内到外设于石英棒或石英光纤外部的特氟龙套管、绝缘陶瓷管，通过螺母与石英棒或石英光纤端面紧密贴合的带塑料卡套的塑料光纤，与塑料光纤另一端连接的光处理模块以及设于光处理模块另一端的485输出；所述绝缘陶瓷管与金属螺母的外部设有经高温高压浇铸的环氧树脂层。本实用新型其成本低廉、安装过程简单，使用时本荧光材料能够直接测量触点温度，可提高电缆接头温度测量的准确性和精确度。
72. 206113824 一种用于测量多级圆形铁心柱直径的工装
CN
19.04.2017
G01B 5/08 Loading...
G01B 5/08
Loading...
201621190885.7
中国西电电气股份有限公司
张伟红
G01B 5/08
Loading...
本实用新型公开了一种用于测量多级圆形铁心柱直径的工装，包括固定板(1)，镶嵌在镶嵌在固定板(1)中心的水平仪(3)，固定连接在固定板(1)一端头的支脚(5)，以及一端活动连接在固定板(1)另一端头的测量杆(2)，测量杆(2)的另一端为自由端。本实用新型提供腐乳工装，解决了卡钳测量多级圆形铁心柱直径时存在操作过程发杂，误差较大，不能达到测量要求的技术问题。
73. 206105261 一种IGBT基板焊接定位装置
CN
19.04.2017
B23K 37/04 Loading...
B23K 37/04
Loading...
202016001193068
株洲中车时代电气股份有限公司
冯加云
B23K 37/04
Loading...
本实用新型公开了一种IGBT基板焊接定位装置，包括板体，板体上开设用于容纳衬板和焊片的定位框，定位框的位置及数量根据实际的要求进行设置。将板体固定在基板上定位，在定位框内依次放入焊片与衬板。定位框的每个侧边分别设置凸块，衬板和焊片的边缘与凸块接触并定位。中间部位对衬板起定位约束的作用，衬板的顶角不与板体接触，相对于传统的定位结构的定位面的长度较短，在保证定位准确程度的前提下方便了拆卸，衬板焊接在基板上之后可以很容易将板体与衬板分离，由于衬板的顶角不与板体接触，因此在拆卸时不会对顶角造成损伤，保证了加工的成品率。
74. 206108752 一种磁屏蔽吊装工装
CN
19.04.2017
B66C 23/16 Loading...
B66C 23/16
Loading...
202016001188863
中国西电电气股份有限公司
薛立东
B66C 23/16
Loading...
本实用新型公开了一种磁屏蔽吊装工装，包括底座(1)，水平设置且一端与底座(1)固定连接的悬臂(2)，悬臂(2)的另一端为自由端，悬臂(2)上连接有起重部件(3)，起重部件(3)的底部设置有磁力吊(4)。本实用新型可以大大减少人力消耗，省掉多人抬搬磁屏蔽耗时耗力的工作，提高磁屏蔽安装效率。此外，本实用新型可以保证油箱内部清洁度，避免二次清理。使用发明的此新型实用工装时，油箱内部人员不用在油箱内部与地面之间反反复复往来，可以有效避免杂质带入油箱内部影响。
75. 206116146 一种变压器运输支撑结构
CN
19.04.2017
H01F 27/06 Loading...
H01F 27/06
Loading...
201621190872.X
中国西电电气股份有限公司
王运强
H01F 27/06
Loading...
本实用新型公开了一种变压器运输支撑结构，包括两个通过紧固件连接在变压器本体(1)相对两个外侧的支撑支架(5)，且该支撑支架(5)的底面与变压器箱底(2)在同一平面设置。本实用新型采用新的支撑结构，运输支架与变压器侧壁进行螺栓连接，在不将变压器箱底向外延伸的情况下，通过支撑支架实现了变压器与运输车辆承载面接触面积的增加，将变压器重量通过支撑支架传递给运输车辆，防止了变压器运输时出现重量集中的现象。
76. 206116223 一种分接开关用传动轴
CN
19.04.2017
H01H 3/32 Loading...
H01H 3/32
Loading...
202016001029174
中国西电电气股份有限公司
符胜利
H01H 3/32
Loading...
本实用新型公开了一种分接开关用传动轴，包括绝缘轴(2)，以及同轴心设置在绝缘轴(2)两端的A相轴(1)和B相轴(3)，且A相轴(1)的周向上和B相轴(3)的周向上各设置有一个动触头组(4)，且两个动触头组(4)呈180°分布。本实用新型提供的传动轴，制造简便，可靠性高，并且可延伸使用于两相、三相或多层无励磁鼓型开关，具有极高的通用性。
77. 206107856 一种用于运输变压器铁心分体运输的装置
CN
19.04.2017
B65D 25/10 Loading...
B65D 25/10
Loading...
202016001030306
中国西电电气股份有限公司
汤晓飞
B65D 25/10
Loading...
本实用新型一种用于运输变压器铁心分体运输的装置，涉及现场组装式大型电力变压器的生产制造领域，包括下节运输桶(1)，桶盖(2)，焊接在桶盖(2)上的上部定位焊装(8)，焊接在下节运输桶(1)和桶盖(2)上的球阀装配(9)，焊接在下节运输桶(1)底部的下部定位焊装(10)、焊接在下节运输桶上的视察窗装配(11)、焊接在下节运输桶上的氮气瓶支架(12)。本实用新型用于起到在运输变压器铁心时，对铁心的存放环境进行保证，从而解决了铁心在运输过程中震动、受潮生锈等问题。
78. 206118152 一种X射线发生装置
CN
19.04.2017
H05G 1/02 Loading...
H05G 1/02
Loading...
201621116762.9
西安爱科赛博电气股份有限公司
李海波
H05G 1/02
Loading...
本实用新型涉及一种X射线发生装置。包括金属外壳以及设置在外壳内的高压发生器、散热装置、电源功率电路板，控制电路板，上述电源功率电路板包括滤波整流电路、逆变电路，上述高压发生器包括金属内壳以及设置在金属内壳内的高压变压器、灯丝变压器、倍压整流电路板和射线球管，上述电源功率电路板还包括设置在滤波整流电路和逆变电路之间的PFC电路，上述高压变压器副边由印制电路板组成，上述金属内壳内注满环氧树脂。本电源方案通过在输入前级加入PFC电路，提高电源工作时的功率因数。高压变压器副边采用印制电路板加工，效率高，一致性好，便于批量化生产。高压发生部分用环氧树脂进行灌封，体积小，没有绝缘老化，漏油等风险，干净美观。
79. 206108990 一种EDI冲洗排水回用结构
CN
19.04.2017
C02F 1/44 Loading...
C02F 1/44
Loading...
202016001131748
中海福建燃气发电有限公司
郭天滨
C02F 1/44
Loading...
本实用新型涉及一种EDI冲洗排水回用结构，包括反渗透装置、中间水箱以及EDI装置，所述反渗透装置与中间水箱之间经由反渗透产水管连接，所述中间水箱与EDI装置之间经由EDI进水管连接，所述EDI装置上连接有冲洗排水管，所述冲洗排水管经由回用管与反渗透产水管连通，以利EDI装置启动过程的冲洗排水进入中间水箱循环利用。本实用新型结构简单、设计合理，不仅提高除盐制水产水率，而且减少水资源浪费。
80. 206103556 一种用于轨道交通设备的滤网装置
CN
19.04.2017
B01D 46/10 Loading...
B01D 46/10
Loading...
202016001083258
株洲中车时代电气股份有限公司
易滔
B01D 46/10
Loading...
本实用新型公开了一种用于轨道交通设备的滤网装置，包括相配合的滤网和下盖板，滤网插设于下盖板内并通过下盖板上的固定搭扣固定，滤网和下盖板的侧壁上均设有一个以上相互配合的定位孔，下盖板上于定位孔处设有二次防脱组件，二次防脱组件包括固定于侧壁上的卡环套，卡环套内设有固定销和弹簧，弹簧套设于固定销上，关闭时固定销在弹簧弹力作用下插入滤网和下盖板的定位孔内、用于防止滤网从下盖板内脱落。本实用新型具有结构简单紧凑、制作简单、便于操作、能形成二次保护、安全性高的优点。
81. 206117299 一种模块化高可靠性UPS
CN
19.04.2017
H02J 9/06 Loading...
H02J 9/06
Loading...
201621102881.9
中国电子科技集团公司第二十七研究所
文朝举
H02J 9/06
Loading...
本实用新型涉及一种模块化高可靠性UPS，包括交流工作支路、储能工作支路、交流旁路供电支路和维修旁路供电支路，储能单元中的存储电能的部分由至少一个波士顿三元单体电池构成。使用波士顿三元电池能够有效降低储能单元的体积，进而降低UPS的体积，有利于UPS设备的运输和放置，丰富了UPS设备的应用场合，适合为银行、医院、军队、电力系统等部门的重要负荷供电，尤其适合布置空间紧张的场所。并且，当其中有部分供电线路出现故障时，能够通过调节来使用其他正常的供电线路进行供电，满足了UPS的不间断供电要求，提升了UPS工作的可靠性。
82. 206105690 一种简易成型软角环加工工装
CN
19.04.2017
B25B 11/00 Loading...
B25B 11/00
Loading...
201621180428.X
中国西电电气股份有限公司
杨怀玉
B25B 11/00
Loading...
本实用新型公开了一种简易成型软角环加工工装，包括支架，支架上设置有操作台，操作台上设有若干滑动槽，每个滑动槽中均设有一根能够沿其滑动的移动杆，移动杆的底部连接有用于将移动杆与操作台固定的移动杆螺母。本实用新型将以前的软角环材料提前加工成型，在套装时直接使用，这样不仅提高了产品质量，降低了产品安全隐患也降低了工人劳动强度。
83. 206116145 一种用于电抗器和变压器的减震装置
CN
19.04.2017
H01F 27/06 Loading...
H01F 27/06
Loading...
202016001188986
中国西电电气股份有限公司
陈荣
H01F 27/06
Loading...
本实用新型公开了一种用于电抗器和变压器的减震装置，包括设置在基础(3)上的隔震器(1)和隔震框架(2)；其中，隔震框架(2)上固定电抗器本体箱底底板(4)、高压出线装置底部支架(5)及散热器组底部支架(6)。本实用新型通过设置减震装置能够有效的降低地震力对电抗器、变压器及其套管等结构件的影响，防止地震力引起的电抗器、变压器整体位移、倾倒或套管等结构件的损坏。从而避免了因电抗器、变压器或套管等结构件损坏造成的线路长时间断电，同时避免了因更换损伤电抗器、变压器或套管等结构件所造成的巨大财产损失。
84. 104851685 开关柜用电力开关的远程操作机构
CN
12.04.2017
H01H 9/26 Loading...
H01H 9/26
Loading...
201510202211.8
山东中茂电气设备有限公司
宋立峰
H01H 9/26
Loading...
本发明公开了一种开关柜用电力开关的远程操作机构，包括前座和两个电磁驱动机构；各电磁驱动机构包括安装支架、电磁驱动器和驱动杆；电磁驱动器包括设有绝缘骨架、励磁线圈、动铁芯和复位弹簧；动铁芯的后端设有驱动板部；驱动板部设有驱动连接销轴；驱动杆包括第一支杆、第二支杆和传动连接杆，第一支杆位于第二支杆的正上方，第一支杆和第二支杆组合成开口朝向后方的V字形；第一支杆和第二支杆的相连处设有限位轴孔；传动连接杆位于第二支杆的正下方，传动连接杆沿前后方向水平延伸，且其后端与第二支杆的远离轴孔的末端一体相连，其前端设有沿铅垂线方向贯穿的套接缺口和左右方向贯穿的腰形连接孔。本发明结构较为紧凑合理。
85. 206098374 一种IGBT模块基板
CN
12.04.2017
H01L 23/12 Loading...
H01L 23/12
Loading...
202016001193466
株洲中车时代电气股份有限公司
冯加云
H01L 23/12
Loading...
本实用新型公开了一种IGBT模块基板，基板的表面上固定设置定位柱，定位柱用于与衬板的边缘接触限位，在定位柱围成的区域内放置衬板和焊板，通过定位柱与衬板的边缘接触达到限位的作用。定位柱的高度小于或等于衬板的厚度，在衬板焊接完成后，在边角处不会形成凸起，形成平滑的过渡，在保证对衬板定位的同时不超出衬板的高度。衬板通过基板上的定位柱进行定位，因此不需要额外设置定位工装，将衬板焊接在基板上即完成操作，不需要将定位工装拆卸分离，可直接将整个焊接后的模块用于下个工序的生产，避免了取下定位工装时导致衬板破损造成模块报废。
86. 206085109 剃须刀
CN
12.04.2017
B26B 19/38 Loading...
B26B 19/38
Loading...
201620497775.9
国网安徽省电力公司培训中心
陶为明
B26B 19/38
Loading...
一种剃须刀，包括剃须刀本体和连接在剃须刀本体上的两并联的USB充电接口。该剃须刀在使用时可随即插接在带有USB插槽的任何电子设备上，通过双USB充电接口同时供电，使其总的最大输入功率大于剃须刀电机的额定功率，确保剃须刀电机达到额定转速工作，从而剃须时不会产生拉拽的疼痛感，使剃须过程更流畅更舒适。本实用新型轻松解决了剃须刀即时使用的难题，极大地提高了使用便利性，尤其适合经常出差在外的商旅人士使用。
87. 206098485 一种新型动力电池梯次利用PACK
CN
12.04.2017
H01M 2/10 Loading...
H01M 2/10
Loading...
202016000647874
中冶赛迪电气技术有限公司
王江云
H01M 2/10
Loading...
本实用新型公开了一种新型动力电池梯次利用PACK，包括箱体，箱体设置有箱盖、后壳板和前面板，所述箱体为一体化折弯，箱体内安装有分隔板，分隔板将所述箱体分隔为电池管理系统安装室和电池安装室，电池管理系统安装室内的电池管理系统通过线缆对电池安装室内的电池模块的充放电过程进行控制。本实用新型结构紧凑，通用性强，可满足多型号、不同废旧程度退役动力电池装配，安装调试便利，电气性能完全满足退役动力电池梯次利用需求。
88. 206099141 一种中置移开式开关柜
CN
12.04.2017
H02B 11/167 Loading...
H02B 11/167
Loading...
201620684307.2
武汉中直电气股份有限公司
毛征
H02B 11/167
Loading...
本实用新型涉及一种中置移开式开关柜，包括柜体，柜体内分为后半柜和前半柜。后半柜内设有母线和主回路，母线与外部高压电源电连接，主回路与母线电连接。前半柜内设有低压室、手车室和检测室，低压室内设有低压电路，手车室内设有手车，且手车可在手车室内前后移动，手车上设有断路器，且当手车在手车室内向后移动至行程末端时断路器与主回路电连接，检测室设有检测电路，检测电路分别与主回路和低压电路电连接。本实用新型实行高、低压电路分开，低压电路设置在低压室中，高压电路设置在高压室中，断路器则安装在手车上，避免高低压走线混合，提高了调试及用电安全，避免通电时高压对低压形成电磁干扰；采用中置手车设计，手车体积小巧，更加轻便。
89. 206096352 线圈匝间电晕测试仪
CN
12.04.2017
G01R 31/12 Loading...
G01R 31/12
Loading...
202016001024845
江苏惠中电气有限公司
张艳新
G01R 31/12
Loading...
本实用新型提供一种线圈匝间电晕测试仪，包括中央处理器、高压脉冲放电驱动电路、线圈检测切换电路、高频信号检测电路、模数转换电路、总线电压检测电路、线性电源电路，高压脉冲放电驱动电路用于对待检测线圈进行高频、高压放电以施加电晕电压；高频信号检测电路用于检测线圈电晕触发电压、监测线圈绝缘击穿电压临界点；线圈检测切换电路用于切换线圈是否接入测试回路；总线电压检测电路用于监测施加在线圈上的测试电压。本实用新型的线圈匝间电晕测试仪，通过高压脉冲放电驱动电路进行高频、高压放电给线圈施加电晕电压，配合信号检测电路、模数转换电路和中央处理器的协调配合实现线圈匝间电晕的测试，成本低，测量精度高，获得国际检测机构的检测认可。
90. 206083204 光伏板自动清洗装置
CN
12.04.2017
B08B 1/04 Loading...
B08B 1/04
Loading...
201620469615.3
中冶华天南京电气工程技术有限公司
方启全
B08B 1/04
Loading...
本实用新型公开一种光伏板自动清洗装置，主要针对光伏板清理过程耗费大量人力的问题，提出了一种光伏板自动清洗装置，包括框架以及走行装置、清洗装置和控制装置；走行装置包括主动走行装置和被动走行装置；主动走行装置包括走行驱动装置、走行传动轴以及主动走行轮；被动走行装置包括被动走行轴和被动走行轮；被动走行轴和走行传动轴间隔平行设置；清洗装置至少包括一个清洗机构；清洗机构包括清洗驱动机构、清洁刷和雾化冲水器；清洁刷包括与走行传动轴平行设置的清洁传动轴，清洁传动轴外表面设置有刷毛，清洁传动轴的一端与清洗驱动机构连接；走行驱动装置、清洗驱动机构均与控制装置电连接。本实用新型能够自动清洗光伏板，节省人力。
91. 206096988 一种线性直流电源
CN
12.04.2017
G05F 1/56 Loading...
G05F 1/56
Loading...
201621030485.X
江苏惠中电气有限公司
周昌
G05F 1/56
Loading...
本实用新型提供包括电压调节器、和供电管理电路，其特征在于：其还包括输出调整电路、过流保护电路、过压保护电路，供电管理电路包括变压器，变压器的输出端有三个抽头，抽头A、抽头C和设置在中间的抽头B，抽头A和抽头C输出的交流电经全波整流输出第一直流电给电压调节器供电，抽头B输出的交流电经半波整流输出第二直流电给输出调整电路供电。本实用新型的一种线性直流电源，利用变压器中间抽头来提升电源的整体效率，外加晶体管提升其带负载能力，以高性能的控制芯片LM723为核心，保证输出的精度和稳定性，并实现过流保护、过压保护，所有电路由硬件组成，结构简单、易于实现，具有很高可靠性和可维护性，特别适合于电源为低压大电流的应用场合中使用。
92. 206098473 用于动力电池的盖板结构
CN
12.04.2017
H01M 2/04 Loading...
H01M 2/04
Loading...
202016001095234
浙江中泽电气有限公司
何瑶
H01M 2/04
Loading...
本实用新型提供一种用于动力电池的盖板结构，包括负极柱、导电片、顶盖片和翻转片，导电片与负极柱连接，负极柱与顶盖片绝缘装配，其特征在于：所述翻转片包括安装部、形变部和接触部，所述安装部与顶盖片接触，形变部与接触部连接并控制接触部在一个常态位置和一个断电位置之间切换，常态位置时，接触部与导电片保持间距，而当动力电池内部压力达到一定值时，形变部受压而作动，并使接触部与导电片接触；所述接触部具有一个接触面，在常态位置时，所述接触面的位置不高于形变部的上表面的位置。本实用新型结构简单，设计合理，断电灵敏度高，装配方便。
93. 206094713 一种具有改进型换热结构的船用LNG冷能冷库系统
CN
12.04.2017
F25D 13/00 Loading...
F25D 13/00
Loading...
202016001105008
中海石油气电集团有限责任公司
秦锋
F25D 13/00
Loading...
本实用新型公开了一种具有改进型换热结构的船用LNG冷能冷库系。它包括释冷单元、天然气换热器、蓄冷储罐、载冷剂冷却器和船舶冷库系统；所述LNG释冷单元是指利用特定浓度的乙二醇溶液获取低温LNG气化释放的冷量，并传递至用冷单元，用冷单元是指利用低浓度乙二醇溶液将释冷单元的冷量传递至船用冷库系统。本实用新型可不受LNG换热温差大导致结冰的影响或根本上避免换热器内局部结冰的现象，目的是保证终端用气的稳定供应，并根据用冷需求实现LNG冷能的持续回收、储存以及利用，无需冷剂压缩机，大大降低制冷系统能耗。
94. 206098475 一种动力电池的盖板结构
CN
12.04.2017
H01M 2/04 Loading...
H01M 2/04
Loading...
201621098842.6
浙江中泽电气有限公司
何瑶
H01M 2/04
Loading...
本实用新型提出了一种动力电池的盖板结构。现有的盖板结构具有以下缺点：1、极柱上形成的正负极，其接触面积小；2、通过卡簧进行固定，各部件之间容易松动。本实用新型提供一种动力电池的盖板结构，包括极柱、上压板和铝盖片，极柱、具有限位端、插接段和连接段，铝盖片上设置有通孔，而插接段穿设过铝盖片的通孔，其特征在于：还包括上绝缘垫、密封圈和上绝缘座，所述上压板焊接固定在连接段上，所述上绝缘垫设置在铝盖片和上压板之间并使铝盖片与上压板之间保持间距，所述上绝缘座套装在连接段上并位于铝盖片和上压板之间，所述密封圈套装在插接段上并位于铝盖片和限位端之间。本实用新型结构简单，设计合理，连接电阻小、密封性能好。
95. 206094093 用于天然气直接引射液态液化石油气的增热引射器
CN
12.04.2017
F23D 14/64 Loading...
F23D 14/64
Loading...
201621090939.2
中国海洋石油总公司
付子航
F23D 14/64
Loading...
本实用新型涉及一种用于天然气直接引射液态液化石油气的增热引射器，其特征在于：它包括一喷管，所述喷管的一端为进口，另一端为出口，所述喷管由进口到出口顺次设置一收缩段和一扩张段，所述收缩段与所述扩张段的连接处为喉道，在所述收缩段中设置一石油气导管，所述石油气导管包括彼此连接的第一管段和第二管段，所述第一管道穿过所述喷管的所述收缩段的侧壁，所述第二管道设置在所述喷管的中轴线上且管口面向所述喷管的出口。
96. 206099946 一种可调的采样保持电路
CN
12.04.2017
H03M 1/54 Loading...
H03M 1/54
Loading...
202016001034663
江苏惠中电气有限公司
周昌
H03M 1/54
Loading...
本实用新型提供一种可调的采样保持电路，其特征在于：包括输入调压电路、积分采样电路和电压跟随电路，所述输入调压电路的输出端通过第一开关K1连接积分采样电路的输入端，所述积分采样电路的输出端通过第二开关K2连接电压跟随电路的输入端，由所述积分采样电路和电压跟随电路分别完成输入电压的采样和采样电压的保持。本实用新型的一种可调的采样保持电路，由两级运放电路分别完成输入电压的采样和保持，形成第一级的积分采样电路完成输入电压的采样，采样精度高；形成第二级的电压跟随电路对采样电压进行保持，输出电阻小，保持电压的降压速率小，使得输出电压更加稳定，整个电路结构简单，易于实现、易于控制。
97. 206091354 一种高铁站幕墙维护设备
CN
12.04.2017
E04G 23/00 Loading...
E04G 23/00
Loading...
202016001055549
段为
汪永平
E04G 23/00
Loading...
本实用新型公开了一种高铁站幕墙维护设备，包括轨道、吊篮、玻璃提升机、及设于轨道上的吊篮小车和玻璃提升机小车，所述吊篮小车为两件，所述玻璃提升机小车位于两件所述吊篮小车之间并与吊篮小车同步移动，所述玻璃提升机安装于所述玻璃提升机小车上，所述吊篮两端安装有吊篮提升机，所述吊篮提升机与所述吊篮小车之间通过连接绳一一对应连接。本实用新型具有结构简单可靠、移动灵活、使用方便、安全系数高、大大降低了时间成本和人力成本等优点。
98. 206086007 一种用于激光打标的水平夹具
CN
12.04.2017
B41J 11/00 Loading...
B41J 11/00
Loading...
201621079633.7
株洲中车时代电气股份有限公司
申刚
B41J 11/00
Loading...
本实用新型公开了一种用于激光打标的水平夹具，包括底座、连接板和水平板，水平板与底座通过连接板连接以使水平板固定于底座的上方，底座上设有顶杆组件用于将待打标物顶起并压设于水平板的底面上以使待打标物保持水平度后进行激光打标作业。本实用新型具有结构简单紧凑、制作成本低、能灵活调整使待打标物保持水平定位和高度定位、打标效果好的优点。
99. 206098260 一种高压六氟化硫断路器驱动结构
CN
12.04.2017
H01H 33/42 Loading...
H01H 33/42
Loading...
201621030901.6
浙江中意电气有限公司
李明球
H01H 33/42
Loading...
本实用新型提供一种高压六氟化硫断路器驱动结构，包括：箱体，具有内部安装空间；主传动转轴，可转动地安装在内部安装空间内部；从动转轴，至少为一个，可转动地安装在内部安装空间内部；驱动结构，用于驱动主传动转轴转动；联动结构，用于将主传动转轴和从动转轴连接在一起，使主传动转轴能够带动从动转轴转动；开合轴，一端通过连接结构与主传动转轴或从动转轴连接，另一端伸出箱体，连接结构能够将主传动转轴或从动转轴的转动转化为开合轴的轴向运动，从而驱动断路器开合闸。本实用新型的驱动结构与现有技术相比，不再使用传统的拐臂箱和架体，结构更加简单，生产成本更低。
100. 206099453 一种车载无线充电装置
CN
12.04.2017
H02J 7/00 Loading...
H02J 7/00
Loading...
201621144452.8
德尔福中央电气（上海）有限公司
乔水云
H02J 7/00
Loading...
本实用新型涉及一种车载无线充电装置，通过连接车用电源为电子设备进行无线充电，所述车载无线充电装置包括壳体、绞合线线圈、保护盖和印刷电路板模块，所述绞合线线圈通过保护盖与印刷电路板模块连接，所述壳体分别与绞合线线圈和印刷电路板模块连接，所述印刷电路板模块包括PCB板和集成在PCB板上的电源组件、主控制芯片和无线充电组件，所述电源组件分别与主控制芯片和无线充电组件连接，所述主控制芯片与无线充电组件连接，所述无线充电组件与绞合线线圈连接。与现有技术相比，本实用新型具有结构简单、充电功率高、充电效率高、安全性能强以及节省成本等优点。
101. 206099380 一种放电装置
CN
12.04.2017
H02J 7/00 Loading...
H02J 7/00
Loading...
202016000646836
武汉中直电气股份有限公司
陈兵
H02J 7/00
Loading...
本实用新型涉及一种放电装置，包括框体结构，所述框体结构的左、右、后侧分别设有侧面板，前侧设有与所述框体结构转动连接的前门，所述框体结构的顶端和底端分别设有顶盖板和底盖板。所述框体结构内设有控制组件、转接组件和输出组件，所述控制组件与待放电设备电连接，所述控制组件、转接组件和输出组件顺次电连接，所述输出组件与外部设备连接并进行放电。本实用新型的一种放电装置，结构布局合理，方便安装和拆卸，检修和维护简单，设备的稳定性较高。
102. 206099168 电动落锚机
CN
12.04.2017
H02G 1/04 Loading...
H02G 1/04
Loading...
201621164547.6
中铁电气化局集团有限公司石家庄设备租赁分公司
任增堂
H02G 1/04
Loading...
本实用新型公开了一种电动落锚机，涉及接触网承导落锚作业领域，尤其是一种电动落锚机。本实用新型主要包括可旋转底座、减速机、驱动器、绞盘部分以及四方位可活动支架。可旋转底座上装有减速机，驱动器和绞盘部分分别安装在减速机的输入端和输出端，四方位可活动支架安装在绞盘部分的轴承套上。本实用新型大大减少了作业人员的劳动强度，缩短了落锚时间，增加了工作效率。
103. 206099455 一种设有呼吸指示灯的车载无线充电装置
CN
12.04.2017
H02J 7/00 Loading...
H02J 7/00
Loading...
201621144754.5
德尔福中央电气（上海）有限公司
乔水云
H02J 7/00
Loading...
本实用新型涉及一种设有呼吸指示灯的车载无线充电装置，包括壳体、绞合线线圈和充电控制模块，所述绞合线线圈与充电控制模块连接，所述绞合线线圈和充电控制模块均固定于壳体上，所述设有呼吸指示灯的车载无线充电装置还包括呼吸指示灯模块，所述呼吸指示灯模块包括发光条、光引擎和连接件，所述连接件夹持在壳体和发光条之间，所述发光条和光引擎均固定于壳体上，所述发光条与光引擎连接，所述光引擎与充电控制模块连接。与现有技术相比，本实用新型具有可以进行功能指示、使用简单方便、节省成本以及便于批量生产等优点。
104. 206095824 扭断力全检装置
CN
12.04.2017
G01N 3/22 Loading...
G01N 3/22
Loading...
202016001095328
浙江中泽电气有限公司
何瑶
G01N 3/22
Loading...
本实用新型提出了一种扭断力全检装置。现有技术中，连接柱和金属端子焊接后，通常不进行扭断力检测，焊接质量也仅仅只能通过外部观测，无法得知内部的焊接质量，因而存在一定的隐患。本实用新型提供一种扭断力全检装置，包括机架、固定装置和扭断力检测装置，其特征在于：所述固定装置和扭断力检测装置均固定在机架上，所述扭断力检测装置包括旋转轴和控制旋转轴转动的旋转装置，旋转轴的下端开设有用于限位的凹腔，凹腔在旋转轴的径向方向的两侧敞口设置并具有两组平行设置的推抵面。本实用新型结构简单，设计合理，操作简单，检测效率高。
105. 206098474 动力电池的盖板结构及动力电池
CN
12.04.2017
H01M 2/04 Loading...
H01M 2/04
Loading...
201621098570.X
浙江中泽电气有限公司
何瑶
H01M 2/04
Loading...
本实用新型提出了一种动力电池的盖板结构及动力电池。现有的盖板结构具有以下缺点：1、极柱上形成的正负极，其接触面积小；2、通过卡簧进行固定，各部件之间容易松动；3、卡簧与极柱连接时，连接内阻较大。本实用新型提供一种动力电池的盖板结构，包括极柱、上压板和铝盖片，极柱具有限位端、插接段和连接段，铝盖片上设置有通孔，而插接段穿设过铝盖片的通孔，限位端、插接段和连接段沿极柱的轴向依次连接为一体，其特征在于：还包括卡簧、上绝缘垫和密封圈，上绝缘垫套装在连接段上，密封圈套装在插接段上，卡簧连接在连接段上并压紧在上绝缘垫上，上压板连接在连接段上并与连接段焊接固定。本实用新型结构简单，设计合理，连接电阻小、密封性能好。
106. 104816945 一种工件自动搬运装置
CN
05.04.2017
B65G 47/91 Loading...
B65G 47/91
Loading...
201510240173.5
中国东方电气集团有限公司
官雪梅
B65G 47/91
Loading...
本发明涉及硅钢片冲压自动化生产领域，尤其涉及一种工件自动搬运装置，包括搬运机器人、吸附系统、移动支撑机构，所述吸附系统设置在搬运机器人底部，所述搬运机器人设置在移动支撑机构上。所述搬运机器人为两轴机器人，所述两轴机器人包括水平运动机构和竖直运动机构，所述竖直运动机构通过螺钉固联在水平运动机构运动机构上；本发明水平方向采用双同步带模组同步驱动方式，水平搬运过程具有高速、高刚度、高负载能力、搬运距离长的特性，可适应现有冲床高速生产频率，提高生产效率。
107. 106557086 一种变电站电源系统在线状态评估系统
CN
05.04.2017
G05B 23/02 Loading...
G05B 23/02
Loading...
201710030281.9
国网福建省电力有限公司
陆榛
G05B 23/02
Loading...
本发明涉及一种变电站电源系统在线状态评估系统，其特征在于：包括后台监控系统、电源系统监控设备；所述后台监控系统包括信息收集功能模块、信息展示功能模块和状态评估功能模块，所述信息收集功能根据信息规范收集电源系统监控设备上传的数据及状态信息，并保存于数据库；所述信息展示功能将收集的信息根据评估策略在工作站进行不同人员的分层展示；同时所述状态评估功能模块根据评估策略对收集信息进行科学统计分析，进行电源设备运行健康状态评估，给出检修建议；所述电源系统监控设备收集本地电源设备数据和状态信息，按照信息规范上传至所述后台监控系统。信息规范和评估策略是各部分工作的指导性规范。
108. 104815916 一种用于冲压生产线的自动化下料系统
CN
05.04.2017
B21D 43/00 Loading...
B21D 43/00
Loading...
201510240063.9
中国东方电气集团有限公司
莫堃
B21D 43/00
Loading...
本发明涉及冲床自动化领域，尤其涉及一种用于冲压生产线的自动化下料系统，包括框架、搬运吸附系统、工件转接系统、码垛系统、废料牵引系统和废料收集系统；所述框架上安装有搬运吸附系统、工件转接系统和废料牵引系统，所述框架上设置有至少三个搬运吸附系统，位于框架左、右两侧的搬运吸附系统下方各设置有一个码垛系统，通过将本专利所述各个系统按本专利中所述方式组合，可以方便快捷的实现冲压生产线自动化下料，包括工件与废料分离、工件码垛、废料收集等。本申请中，工件废料分离和搬运只需要一个框架系统、并且工件可以实现两侧码垛。
109. 206076180 继电器和包括该继电器的过压/欠压自恢复保护器
CN
05.04.2017
H01H 71/04 Loading...
H01H 71/04
Loading...
201621044947.3
施耐德电气（中国）有限公司
强艳丽
H01H 71/04
Loading...
一种继电器包括旋转机构(1)、静止导磁体(2)、动触头组件(3)、静触头组件(4)和线圈(5)，所述旋转机构(1)在所述线圈(5)通过电流而形成的磁场的作用下进行转动，其特征在于，所述继电器还包括连接片(6)和相对于继电器的外壳能够转动的拨动杆(7)；所述连接片(6)连接在所述动触头组件(3)和所述旋转机构(1)之间；所述旋转机构(1)的旋转运动同时致动所述拨动杆(7)的转动和所述连接片(6)的运动；当所述动触头组件(3)和所述静触头组件(4)闭合时，所述拨动杆(7)处于指示闭合的第一位置；当所述动触头组件(3)和所述静触头组件(4)断开时，所述拨动杆(7)处于指示断开的第二位置。
110. 206073062 用于锅炉系统的燃烧装置及锅炉系统
CN
05.04.2017
F23C 7/00 Loading...
F23C 7/00
Loading...
201621112342.3
中国神华能源股份有限公司
孔红兵
F23C 7/00
Loading...
本实用新型涉及发电领域，公开了一种用于锅炉系统的燃烧装置及锅炉系统。用于锅炉系统的燃烧装置包括用于输送一次风的第一燃烧单元(10)和用于输送二次风的第二燃烧单元(20)，第一燃烧单元(10)包括用于喷出一次风的第一喷口(11)，第二燃烧单元(20)包括用于喷出二次风的第二喷口(21)，第一喷口(11)的喷口方向与第二喷口(21)的喷口方向交汇。本实用新型的燃烧装置可以使一次风与二次风更好地混合，避免了煤粉着火延迟，提高了煤粉燃烧的稳定性。
111. 206076747 一种开关柜的泄压机构
CN
05.04.2017
H02B 1/30 Loading...
H02B 1/30
Loading...
202016000783578
蓉中电气设备有限公司
黄良煜
H02B 1/30
Loading...
本实用新型提供一种开关柜的泄压机构，所述开关柜具有泄压口，泄压口处盖设泄压板，开关柜靠近泄压口处设有内螺纹，所述泄压板靠边缘处设有与该内螺纹相通的通孔，泄压板通过塑胶螺栓穿过通孔和内螺孔并且配合塑胶螺帽与开关柜连接；该边缘的相对边缘可翻转连接于开关柜。本新型在母线出现故障时，泄压板就被高温高压气体冲破而翻转打开，不存在变形问题，可以重复利用。此外，安装或维修母线时只要旋开塑胶螺栓即可开启泄压板，不用将整个泄压板取下，省时省力，大大提高了安装或维修效率。
112. 206077218 一种基于辅助电容支路的三相PWM变流器输出DUDT滤波器
CN
05.04.2017
H02M 1/12 Loading...
H02M 1/12
Loading...
202016000704323
中国东方电气集团有限公司
肖文静
H02M 1/12
Loading...
本实用新型涉及一种基于辅助电容支路的三相PWM变流器输出DUDT滤波器。滤波器的连接端包括第一输入端（Uin）、第二输入端（Vin）、第三输入端（Win）、第一输出端（Uout）、第二输出端（Vout）、第三输出端（Wout）、第三公共端（N）；电感包括第一电感（L1）、第二电感（L2）、第三电感（L3）；电容包括第一电容（C1）、第二电容（C2）、第三电容（C3）、第四电容（C4）、第五电容（C5）、第六电容（C6）；电阻包括第一电阻（R1）、第二电阻（R2）、第三电阻（R3）；本实用新型可以适应电缆阻抗的变化，并产生更优的滤波效果。
113. 206075131 一种DTECS网络控制系统数字量入出模块测试装置
CN
05.04.2017
G05B 23/02 Loading...
G05B 23/02
Loading...
202016001083526
株洲中车时代电气股份有限公司
丁培义
G05B 23/02
Loading...
本实用新型公开了一种DTECS网络控制系统数字量入出模块测试装置，包括上位机、控制模块、输入输出模块、VCM模块和供电模块，供电模块分别与控制模块、输入输出模块和VCM模块相连；输入输出模块与待测DXM模块相连，控制模块分别与上位机和输入输出模块相连，用于根据上位机的测试指令以控制输入输出模块输出对应高低电平信号至待测DXM模块，或者用于接收输入输出模块采集DXM模块的高低平信号并发送至上位机；上位机经VCM模块与DXM模块相连、用于通过VCM模块采集DXM模块的输入通道状态或者经VCM模块向DXM模块输出高低电平信号。本实用新型的测试装置具有结构简单、操作简便、测试效率高等优点。
114. 206076765 一种用于轨道交通的母线高压电器装置
CN
05.04.2017
H02B 1/30 Loading...
H02B 1/30
Loading...
202016001081950
株洲中车时代电气股份有限公司
芦娇
H02B 1/30
Loading...
本实用新型公开了一种用于轨道交通的母线高压电器装置，包括柜体，柜体为狭长形长方体，柜体内依照长度方向依次布置有母线高速断路器模块、母线接触器模块、主熔断器模块和高压器件模块，母线高速断路器模块翻转后呈纵向布置、且与母线接触器模块一起依次固定于柜体的底板上，主熔断器模块固定于柜体的顶板上，高压器件模块固定于柜体的端部侧板上。本实用新型具有结构简单紧凑、兼容性和通用性好、可靠性和稳定性强的优点。
115. 106558630 一种便携式展示用太阳能电池组件
CN
05.04.2017
H01L 31/048 Loading...
H01L 31/048
Loading...
201510595629.X
中电电气（上海）太阳能科技有限公司
崔璨
H01L 31/048
Loading...
本发明涉及一种便携式展示用太阳能电池组件，该组件包括依次叠层布置的透明盖板、第一EVA封装剂层、晶硅太阳能电池片阵列、第二EVA封装剂层和背板，透明盖板为镀膜玻璃，晶硅太阳能电池片阵列由四片呈2×2方式排布，通过涂锡铜带串联连接的电池片组成。与现有技术相比，本发明具有便于运输携带和展示等优点。
116. 106559030 可携带式离网光伏发电系统
CN
05.04.2017
H02S 20/30 Loading...
H02S 20/30
Loading...
201510615494.9
中电电气（上海）太阳能科技有限公司
周后恩
H02S 20/30
Loading...
本发明涉及一种可携带式离网光伏发电系统，包括支撑机构和光伏组件(1)，还包括与光伏组件(1)连接的光伏控制逆变一体机(2)，所述支撑机构包括底座和活动连接于底座上的可变角度支撑架，所述光伏控制逆变一体机(2)设置于底座上，所述光伏组件(1)设置于可变角度支撑架上，所述可变角度支撑架的立面呈三角形。与现有技术相比，本发明具有稳定可靠、集成度高、体积小、可扩展、质量轻、携带方便等优点。
117. 206077868 一种多功能机箱
CN
05.04.2017
H05K 5/02 Loading...
H05K 5/02
Loading...
202016000635322
兰溪市中冠电气科技有限公司
滕荣招
H05K 5/02
Loading...
本实用新型公开了一种多功能机箱，包括机箱、第一箱门和第二箱门，所述机箱、第一箱门和第二箱门由不锈钢材料制作，机箱两侧均设置有散热孔，机箱设有第一仓体、第二仓体和第三仓体，第一仓体中间设有箱体，箱体下端设有若干个孔，箱体下方设置有排线槽，第一仓体外设有第一箱门，第一箱门上设置有门栓，第二仓体内设有控制开关，第二仓体上方设有第三仓体，第三仓体内设置有显示器，第二仓体和第三仓体一侧安装有第二箱门，第二箱门上一体设有若干透明窗，透明窗位置与第二仓体和第三仓体对应，机箱的另一侧安装有第三箱门，本实用新型采用上述技术方案提供一种多功能机箱，弥补了现有技术的不足，设计合理、结构稳定、操作方便。
118. 206075021 一种车辆制动系统中防滑控制用计时器
CN
05.04.2017
G04F 10/04 Loading...
G04F 10/04
Loading...
202016001052949
株洲中车时代电气股份有限公司
酉佳
G04F 10/04
Loading...
本实用新型公开一种车辆制动系统中防滑控制用计时器，包括相互连接的计数器模块以及用于产生方波信号的方波产生模块，方波产生模块的启动控制端与制动系统中防滑控制单元连接，方波产生模块包括电压比较器单元以及积分单元，积分单元的一端连接至电压比较器单元的输出端，另一端反馈接至电压比较器单元的输入端，电压比较器单元的输出端连接至计数器模块的时钟输入端。本实用新型具有结构简单、所需成本低、可靠性以及精度高且计时所需时钟频率可调的优点。
119. 106553552 城轨车辆受电弓与受流器转换控制系统及牵引系统
CN
05.04.2017
B60L 5/18 Loading...
B60L 5/18
Loading...
201611043727.3
株洲中车时代电气股份有限公司
芦娇
B60L 5/18
Loading...
本发明提供了一种用于城轨车辆的控制系统，包括：受电弓位接触器及第一控制继电器，受电弓位接触器的常开主触点连接于受电弓与受电线路之间；受流器位接触器及第二控制继电器，受流器位接触器的常开主触点连接于受流器与受电线路之间；受电弓位接触器的线圈与第一控制继电器的常开辅助触点和第二控制继电器的常闭辅助触点串联在第一控制回路的正负电源之间；受流器位接触器的线圈与第二控制继电器的常开辅助触点和第一控制继电器的常闭辅助触点串联在第二控制回路的正负电源之间；控制电源，用于为第一控制继电器或第二控制继电器的线圈供电；以及切换开关，用于选择性地使第一控制继电器或第二控制继电器的线圈与控制电源导通。
120. 106558849 一种模块化直流牵引馈线柜
CN
05.04.2017
H02B 11/167 Loading...
H02B 11/167
Loading...
201610987053.6
武汉中直电气股份有限公司
江阳
H02B 11/167
Loading...
本发明涉及一种模块化直流牵引馈线柜，包括柜体，柜体的前侧设有可以打开或关闭的柜门，柜体内通过隔板分隔成母线室和断路器室，且断路器室位于母线室的前侧，断路器室内设有断路器配柜单元和断路器手车，断路器配柜单元固定设置在断路器室的内底面上，断路器手车设置在断路器配柜单元内，且当柜门打开时，断路器手车可从柜门开口处拉出或者推进断路器配柜单元内；断路器手车上部设有断路器，当断路器手车推进断路器配柜单元内时，断路器与母线室内的铜排接触并电连接。本发明结构简洁，并且对配合要求高的断路器单元部分进行了模块化设计，提高了断路器触头配合精度，从而大幅度提升了产品电气稳定性能，并实现了断路器配柜的完全互换性。
121. 106553562 带针翅的IGBT模块的散热结构及电动汽车控制箱
CN
05.04.2017
B60L 15/20 Loading...
B60L 15/20
Loading...
201610909776.4
株洲中车时代电气股份有限公司
杨印博
B60L 15/20
Loading...
本发明公开了一种带针翅的IGBT模块的散热结构，包括散热底板，散热底板的内表面开设有凹槽、用于与IGBT模块贴合后形成液冷水道，IGBT模块的针翅位于凹槽内，散热底板于凹槽的外周侧与IGBT模块之间设置有第一密封件和第二密封件，散热底板于第一密封件与第二密封件之间设置有环形槽，环形槽的一面与IGBT模块贴合，并通过散热底板外表面上的通孔与外界连通。本发明还相应公开了一种电动汽车控制箱，包括箱体，箱体内安装有IGBT模块，IGBT模块上安装有如上的散热结构，散热底板外表面上设置通孔与箱体外部连通。本发明的散热结构及控制箱均具有结构简单、安全可靠、防止液体泄漏至箱体内部等优点。
122. 106558629 一种环保型太阳能电池组件及层压方法
CN
05.04.2017
H01L 31/048 Loading...
H01L 31/048
Loading...
201510594021.5
中电电气（上海）太阳能科技有限公司
张军涛
H01L 31/048
Loading...
本发明涉及一种环保型太阳能电池组件及层压方法。该电池组件通过叠层件层压而成，所述的叠层件由上而下依次为玻璃(1)、第一EVA胶膜(2)、电池片组(3)、EVA盖条(4)、隔离条(5)、第二EVA胶膜(6)和APE背板(7)。将所述的叠层件置于层压机上进行层压，实现玻璃(1)、电池片组(3)和APE背板(7)的固化。与现有技术相比，本发明具有产品环保可靠、生产方便、市场应用前景广阔等优点。
123. 206077219 一种三相PWM变流器输出 DUDT 滤波器
CN
05.04.2017
H02M 1/14 Loading...
H02M 1/14
Loading...
202016000704361
中国东方电气集团有限公司
肖文静
H02M 1/14
Loading...
本实用新型涉及一种三相PWM变流器输出DUDT滤波器。滤波器的连接端包括第一输入端（Uin）、第二输入端（Vin）、第三输入端（Win）、第一输出端（Uout）、第二输出端（Vout）、第三输出端（Wout）、第一公共端（DCP）、第二公共端（DCN）、第三公共端（N）；二极管包括第一二极管（D1）、第二二极管（D2）、第三二极管（D3）、第四二极管（D4）、第五二极管（D5）、第六二极管（D6）；电感包括第一电感（L1）、第二电感（L2）、第三电感（L3）；本实用新型可以适应电缆分布电容和分布电感的变化，实现良好滤波，并完全将尖峰电压限制在设计范围内。
124. 206077220 一种新型三相PWM变流器输出DUDT滤波器
CN
05.04.2017
H02M 1/14 Loading...
H02M 1/14
Loading...
202016000704566
中国东方电气集团有限公司
肖文静
H02M 1/14
Loading...
本实用新型涉及一种新型三相PWM变流器输出DUDT滤波器，滤波器的连接端包括第一输入端、第二输入端、第三输入端、第一输出端、第二输出端、第三输出端、第一公共端、第二公共端、第三公共端；二极管包括第一二极管、第二二极管、第三二极管、第四二极管、第五二极管、第六二极管；电感包括第一电感、第二电感、第三电感；电容包括第一电容、第二电容、第三电容；电阻包括第一电阻、第二电阻、第三电阻。本实用新型中二极管电路结合电感 L 与 RC 支路形成二阶低通滤波器，可以将 LRC 二阶低通滤波器中电阻上的损耗部分转移到二极管，其优点是既能确保 DUDT 电压尖峰不超过保护值，又能使发热元器件分散，有利于结构设计。
125. 206067732 基于液压和电子机械相结合的制动系统
CN
05.04.2017
B60T 13/58 Loading...
B60T 13/58
Loading...
202016000811941
株洲中车时代电气股份有限公司
钱华
B60T 13/58
Loading...
本实用新型公开了一种基于液压和电子机械相结合的制动系统，该系统包括液压控制组件、电子控制组件及制动执行组件，所述液压控制组件与电子控制组件串联，所述电子控制组件在常规制动时对制动执行组件进行控制；所述液压控制组件包括主油缸和液压控制回路，所述主油缸的驱动杆通过电子控制组件与制动执行组件相连。本实用新型具有系统安全性更好、制动效果更好等优点。
126. 206077898 一种轨道交通用电气柜
CN
05.04.2017
H05K 5/06 Loading...
H05K 5/06
Loading...
202016001091384
株洲中车时代电气股份有限公司
李志杰
H05K 5/06
Loading...
本实用新型公开了一种轨道交通用电气柜，包括相配合的柜体和柜门，柜体开口的四个边缘处分别对应设有一个第一密封件和三个第二密封件，第一密封件固定于柜体内壁面上且与内壁面之间形成第一密封凹槽，第二密封件沿开口边缘设置于柜体内以形成一个开口朝向柜门的第二密封凹槽，柜门的四个边沿处分别对应设有一个台阶凸起部和三个边条凸起部，柜门关闭时台阶凸起部插入第一密封凹槽后、三个边条凸起部对应压入三个第二密封凹槽以形成密封配合。本实用新型结构简单、外形美观、容易制作、操作方便、密封性能好。
127. 106541930 新型洗轮机
CN
29.03.2017
B60S 3/04 Loading...
B60S 3/04
Loading...
201611057296.6
河南中和电气有限公司
张永杰
B60S 3/04
Loading...
本发明涉及新型洗轮机，包括机体，机体设置有左右两个侧喷水区与底板喷水区，底板上设置凹槽形成引导轨道，引导轨道上设置有矩形通孔。本发明只是通过简单的压力及弹簧复位的原理来实现其他洗轮机中更为复杂的传递功能。与传统的技术相比，本发明新型洗轮机结构新颖，设计合理，省略的大部分多余的传感零件，结构简单，节约生产成本。
128. 106549558 一种用于IGBT模块并联的均流结构
CN
29.03.2017
H02M 1/088 Loading...
H02M 1/088
Loading...
201611129471.8
株洲中车时代电气股份有限公司
龚喆
H02M 1/088
Loading...
本发明公开了一种用于IGBT模块并联的均流结构，包括多个支路导电排，每一个所述支路导电排与每一个IGBT模块相连，用以将每一个所述IGBT模块的电流输出；还包括与全部所述支路导电排连通的并联导电排。全部所述支路导电排平行设置，所述并联导电排与所述支路导电排垂直。每一个所述支路导电排相连于每一个所述IGBT模块的顶部连接端，所述并联导电排位于所述IGBT模块的外侧。上述均流结构，提高并联IGBT的可靠性、稳定性以及使用寿命，且安装维护简便。
129. 104390304 一种清洁方便的高频压电加湿器
CN
29.03.2017
F24F 6/12 Loading...
F24F 6/12
Loading...
102014000634131
中山市宏冠西联电气科技有限公司
李玉彬
F24F 6/12
Loading...
一种清洁方便的高频压电加湿器，包括储水箱、箱盖、带进风孔的底盖、雾化片、风机、导风通道、筒形导向架、浮动雾化头和喷雾头；所述箱盖的中心有中空的圆环形凸起，所述圆环形凸起的顶板上有若干个均匀分布的出风孔，所述圆环形凸起内的箱盖上有均分布的出雾孔；浮动雾化头与圆环形凸起内的箱盖相对，所述筒形导向架的上端与箱盖可拆卸连接。由于采用这样的结构，当箱盖与储水箱的上开口分离时，筒形导向架和浮动雾化头随箱盖一起离开储水箱；这样清洁水箱，无阻挡；清洁雾化片座方便；筒形导向架与箱盖可以拆连接，可以单独清洁筒形导向架；浮动雾化头可以从筒形导向架中取出进行清洗；清洁方便，装配和拆卸方便。
130. 104465163 一种具有合闸自锁的三工位开关
CN
29.03.2017
H01H 9/24 Loading...
H01H 9/24
Loading...
102014000826491
中国西电电气股份有限公司
严旭
H01H 9/24
Loading...
本发明提供一种具有合闸自锁的三工位开关。该开关具有三个固定的触头(1,2,5)，和一个活动触头(10)；活动触头(10)与固定触头(5)始终良好接触，并可以在固定触头(1)和固定触头(2)之间绕轴(O2)转动；活动触头(10)由一套连杆机构(3,4,6,7,8,9,11)驱动，动力轴为(O3)；固定触头(5)通过活动触头(10)分别与固定触头(1)和固定触头(2)进行连接；此三工位转换开关在合闸状态时，连杆机构中的一个拐臂和连板(3,4)或(6,7)成一直线，处于“死点”状态，活动触头(10)为主动件时不能使拐臂和连板(3,4)或(6,7)运动。
131. 206060551 一种牵引变流器
CN
29.03.2017
H02M 7/00 Loading...
H02M 7/00
Loading...
201620502931.6
株洲中车时代电气股份有限公司
陈斌
H02M 7/00
Loading...
本实用新型公开了一种牵引变流器，包含位于一个柜体内的辅助设备供电单元和两重牵引供电单元，每重所述牵引供电单元均包括整流模块和逆变模块，所述辅助设备供电单元包括辅变模块，所述辅助设备供电单元通过投切接触器在两路独立的中间直流回路之间进行切换。本实用新型具有结构简单紧凑、布局更加合理、集成度更高等优点。
132. 106546398 一种通用型电路板夹具
CN
29.03.2017
G01M 7/02 Loading...
G01M 7/02
Loading...
201610935992.6
株洲中车时代电气股份有限公司
刘敏
G01M 7/02
Loading...
本发明公开了一种通用型电路板夹具，包括两个相同结构的基座，两个基座呈镜像对称设置，每个基座上均设有一套以上用于固定电路板的固定组件，电路板通过固定组件竖向固定于两个基座之间，每套固定组件均包括固定块、活动块和调节螺杆，固定块固定于基座上用于固定电路板的上端，活动块套设于调节螺杆上并随调节螺杆的旋转而升降运动、以用于调节至合适位置后将电路板的下端固定。本发明结构简单紧凑、操作方便快捷、通用性强、稳定性高。
133. 106542360 一种用于太阳能光伏组件在线目检的自动翻转装置
CN
29.03.2017
B65H 15/00 Loading...
B65H 15/00
Loading...
201510598704.8
中电电气（上海）太阳能科技有限公司
孙映昆
B65H 15/00
Loading...
本发明涉及一种用于太阳能光伏组件在线目检的自动翻转装置，包括吸盘支撑板、吸盘、支撑板翻转驱动机构和防振动机构，所述的吸盘设有10至20个，分布在吸盘支撑板上，所述的支撑板翻转驱动机构与吸盘支撑板连接，所述的防振动机构安装在支撑板翻转驱动机构上并与吸盘支撑板连接。与现有技术相比，本发明具有提高了产品质量、受力均匀、防振动效果好、更加轻便等优点。
134. 106541684 一种用于车间层压机真空泵的冷却循环水系统
CN
29.03.2017
B32B 38/00 Loading...
B32B 38/00
Loading...
201510598762.0
中电电气（上海）太阳能科技有限公司
孙映昆
B32B 38/00
Loading...
本发明涉及一种用于车间层压机真空泵的冷却循环水系统，其特征在于，包括冷却水供应子系统、供水管网、回水管网以及各真空泵冷却管路，所述的冷却水供应子系统分别与供水管网和回水管网连接，所述的各真空泵冷却管路的进水端与供水管网连接，出水端与回水管网连接。与现有技术相比，本发明具有提高了维护效率、安全性高、降低了维护成本等优点。
135. 206056337 一种新型热交换器
CN
29.03.2017
F28D 1/047 Loading...
F28D 1/047
Loading...
201620840950.X
中山市扬子电气工业有限公司
杨志
F28D 1/047
Loading...
本实用新型涉及热能交换技术领域，具体涉及一种新型热交换器；它包括通用主体、进水组件、出水组件；进水组件位于通用主体右侧；出水组件位于通用主体左侧；本实用新型一种新型热交换器，它将传统的热交换器分成三个组合体，当需要的热交换器大小型号不同时，仅需要选择合适的进出水组件，避免了以往情况下每一个热交换装置需要配备独特的热交换器，大大降低了企业生产成本。
136. 206059972 一种箱式变电站用上通风装置
CN
29.03.2017
H02B 1/56 Loading...
H02B 1/56
Loading...
201620819656.0
中电电气（江苏）股份有限公司
王新华
H02B 1/56
Loading...
本实用新型公开了一种箱式变电站用上通风装置，包括变电站室通风板、通风管道板、通风管道板封板、不锈钢细网支架、不锈钢细网支架压板、不锈钢细；所述通风管道板封板焊接在通风管道板两侧，形成一个罩状结构；所述不锈钢细网支架包括第一支架和第二支架，两支架将变电站室通风板、通风管道板、不锈钢细网支架压板连接在一起；所述不锈钢细网焊接在不锈钢细网支架压板上；本实用新型的通风装置将现有的不锈钢细网从通风板上移除，取消了通风板的百叶窗，由通风管道板、通风管道板封板形成风道，解决了出风量小的问题，增大变电站室的排风量，降低变电站室的温度；同时不锈钢细网损坏后更换维修方便，提高了产品的防护等级。
137. 206060561 用于铁路电力机车的整流装置
CN
29.03.2017
H02M 7/00 Loading...
H02M 7/00
Loading...
201621118796.1
中国神华能源股份有限公司
邱子荣
H02M 7/00
Loading...
本实用新型涉及铁道车辆部件技术领域，公开了一种用于铁路电力机车的整流装置，所述整流装置包括：柜体、第一主桥元件组、第二主桥元件组、功补元件组以及励磁元件组，第一主桥元件组中的各个主桥元件以两排三列方式布置于柜体的第一面，第二主桥元件组中的各个主桥元件以两排两列方式布置于柜体的第二面的右侧，励磁元件组中的各个励磁元件以两排两列方式布置于柜体的第二面的左上侧以及功补元件组中的各个功补元件以两排两列方式布置于柜体的第二面的左下侧，其中主体元件为5英寸硅元件。本实用新型使得铁路电力机车能够使用5英寸硅元件进行整流装置的布局，获得更高的可靠性，同时保持了原有的对外接口位置不变。
138. 206057608 基于多传感器融合技术的测风仪智能抗冰冻装置
CN
29.03.2017
G01W 1/02 Loading...
G01W 1/02
Loading...
201620970837.3
大唐广元风电开发有限公司
刘林元
G01W 1/02
Loading...
本实用新型属于风电场测风领域，具体地说，涉及基于多传感器融合技术的测风仪智能抗冰冻装置，包括测风仪和主控制器，测风仪包括检测风道，测风仪上设置用于检测环境温度的第一温度传感器，检测风道的风道壁上设置加热装置和用于检测风道壁温度的第二温度传感器，第一温度传感器、加热装置和第二温度传感器分别与主控制器电连接，本实用新型的有益效果为采用多传感器对环境中的温度、湿度、雨滴进行检测，并传入主控制器，主控制器综合处理上述信息，智能控制加热装置，消除积雪或结冰，增强了系统的环境适应能力；通过第一温度传感器、主控制器和第二温度传感器形成闭环的智能精确控制。
139. 206059093 一种变压器风道结构
CN
29.03.2017
H01F 27/08 Loading...
H01F 27/08
Loading...
201620798726.9
中电电气（江苏）股份有限公司
张如兵
H01F 27/08
Loading...
本实用新型公开了一种变压器风道结构，包括变压器，变压器外侧的导风筒，变压器外部的柜体，柜体顶部的离心式风机，导风筒内的夹件；所述变压器分为三相线圈A相、B相、C相；导风筒裹于变压器三相线圈的低压线圈外线圈的外侧；导风筒与低压线圈之间，高、低压线圈之间，高压线圈与铁心之间分别形成三个风道系统为风道1、风道2、风道3。本实用新型的变压器风道结构具有三个风道系统，使得该变压器风道结构送风力集中，风量强劲，其散热效果比原有结构提升了1.5～2倍，大大提高了产品的散热性能，提高产品的使用寿命；并且本实用新型结构简易，装配方便，通过夹件固定使导风筒通风更稳定、更顺畅，增强了产品的市场竞争力。
140. 206059121 变压器引线结构
CN
29.03.2017
H01F 27/29 Loading...
H01F 27/29
Loading...
201620992852.8
中电电气（江苏）股份有限公司
刘群
H01F 27/29
Loading...
本实用新型公开了一种变压器引线结构，包括上夹件、下夹件，依次设置在上夹件和下夹件之间的低压线圈，用于进一步固定低压线圈的夹线板，以及引线固定板、低压接线板，其特征在于：所述低压接线板通过引线固定板并排设置在低压线圈侧面的上夹件和下夹件之间，使得变压器引线结构整体呈现“一”字形。与现有技术相比，本实用新型变压器引线结构的优点主要体现在：(1)变压器引线结构整体呈“一”字形分布，使得引线层次分明，确保了产品的电气强度以及安全性；(2)变压器引线结构平整狭长，适用于多种空间安置，安装更灵活多变；(3)视觉效果好，设计理念新颖。
141. 206059110 变压器低压接线板结构
CN
29.03.2017
H01F 27/28 Loading...
H01F 27/28
Loading...
201620992938.0
中电电气（江苏）股份有限公司
刘群
H01F 27/28
Loading...
本实用新型公开了一种变压器低压接线板结构，包括上夹件、下夹件，依次设置在上夹件和下夹件之间的低压线圈和低压接线板，其中，低压接线板上分布有低压接线端子，低压线圈上的抽头通过引线连接到低压接线端子上，低压线圈外侧包裹有导风筒，导风筒上设有便于引线穿过的孔洞。本实用新型的变压器低压接线板结构由于在线圈外增设了导风筒，确保了安全距离，增加了电气强度；在安装导风筒之前就把引线布置的科学、合理、美观，进一步确保了变压器的电气强度和产品质量；低压接线板分两侧呈对称阶梯式布置，使得引线布置既整齐又层次分明，设计理念新颖独特。
142. 206061400 一种热交换器组件
CN
29.03.2017
H05K 7/20 Loading...
H05K 7/20
Loading...
201621055151.8
株洲中车时代电气股份有限公司
饶艺伟
H05K 7/20
Loading...
本实用新型涉及热交换技术领域，公开了一种热交换器组件，其包括风机、风筒、风罩、热交换器、接线装置和用于支撑风筒和风罩的安装板，其中风机包括电机、轴承和叶片，风机设置在风筒内部；风罩与风筒的出风端连接，热交换器设置在风罩的出风口，接线装置设于风筒上。本实用新型热交换器组件中圆筒形风筒和风罩连接，有效地集中了风流量；将传统的接线形式改为接线盒，能有效避免热交换器组件工作时线路虚接的情况；所述风机采用PWM功率调控技术，通过温度传感器实现对风机的功率进行实时调整，可有效帮助节省能源及保护风机寿命。温度传感器和风速风量检测装置监测的风量及温升情况，可计算柜内器件的总体损耗，帮助售后人员把控器件质量。
143. 206055817 中央空调的分体式空气净化器
CN
29.03.2017
F24F 3/16 Loading...
F24F 3/16
Loading...
201621016893.X
扬中市德沃电气设备有限公司
葛恒翔
F24F 3/16
Loading...
本实用新型的中央空调的分体式空气净化器，光触媒筒体和光源灯管安装于支架内部并能够随支架一起塞入中央空调的通风管道内，无需在中央空调的通风管道上打孔，灯管通过支架两端的端板固定连接，安装、维护方便；光源灯管的电源输入端通过电缆沿通风管道内引出至通风管道外的控制器连接，控制器不与通风管道直接接触，控制器内电子元器件不受高温影响，延长了空气净化器使用寿命。
144. 206060567 一种同步整流管驱动控制电路
CN
29.03.2017
H02M 7/06 Loading...
H02M 7/06
Loading...
201620869773.8
杭州中恒电气股份有限公司
韦康
H02M 7/06
Loading...
本实用新型提供了一种同步整流管驱动控制电路，所述电路设有电流互感器、整流器和比较器，电流互感器CT串入变压器副边，对同步整流电路的输入电流进行采样，并将得到的电流采样信号输出给整流器；整流器接收所述电流互感器CT的电流采样信号，得到变压器副边的电流信号，取与所述电流信号同步的电压信号，并将该电压信号输出给比较器；比较器接收所述电压信号，根据所述电压信号使所述比较器输出电平发生翻转，并通过所述比较器的输出电平信号控制同步整流管的驱动信号。本实用新型可对同步整流电路实现快速、准确的控制，电路结构简单、成本低。
145. 206059956 一种地铁车辆用熔断器箱
CN
29.03.2017
H02B 1/46 Loading...
H02B 1/46
Loading...
201620948601.X
株洲中车时代电气股份有限公司
焦毕
H02B 1/46
Loading...
本实用新型公开一种地铁车辆用熔断器箱，包括主熔断器支路以及两条以上辅助支路，每条辅助支路通过铜排对外连接；每条辅助支路上设置有结构相同的统一铜排安装接口。本实用新型具有结构简单、所需成本低、能够兼容不同车辆编组方式、通用性及灵活性高等优点。
146. 206059975 一种箱式变压器室散热系统
CN
29.03.2017
H02B 1/56 Loading...
H02B 1/56
Loading...
201620963173.8
中电电气（江苏）股份有限公司
张群虎
H02B 1/56
Loading...
本实用新型公开了一种箱式变压器室散热系统，包括变压器室，与变压器室相连接的低压室，变压器室与低压室之间设置有低压室隔板，低压室隔板上设置有开孔，所述变压器室的底端底板为铁丝网。与现有技术相比，该箱式变压器室散热系统将变压器室的底板换成铁丝网，增强变压器室变压器的热量排出效果；通过在隔板设置开孔、以及堵住开孔的绝缘板上开圆孔以增加变压器室与低压室的气流交换、通风机效果，使整个箱式变压器室散热更好；本实用新型设计简单、安装方便。
147. 206059056 一种550kV GIS用瓷套管
CN
29.03.2017
H01B 17/58 Loading...
H01B 17/58
Loading...
201621029453.8
中国西电电气股份有限公司
汪婷
H01B 17/58
Loading...
本实用新型提供了一种550kVGIS用瓷套管，包括中心导体、空心瓷绝缘子、内部绝缘双屏蔽和壳体；内部绝缘双屏蔽位于空心瓷绝缘子内，内部绝缘双屏蔽包括用螺栓连接在空心瓷绝缘子过渡法兰上的接地屏蔽和用梯形多圆弧的支持绝缘子连结的中间屏蔽，中心导体采用螺纹连接在接线板上，中心导体端部采用喷铜工艺制作、且设有内部镀银盲孔，利用触指结构的触头实现与导体的对接；壳体为铸造铝合金外壳，壳体内腔采用多圆弧结构；本实用新型具有良好的电气性能、较高的内绝缘水平、安全性能高、产品防潮性能良好等优点，满足了GIS厂家的需求。
148. 106549716 一种列车WTB通讯电缆检测系统及其启动方法
CN
29.03.2017
H04B 17/00 Loading...
H04B 17/00
Loading...
201611188634.X
株洲中车时代电气股份有限公司
钟盛
H04B 17/00
Loading...
本发明提供一种列车WTB通讯电缆检测系统及其启动方法，方法通过司机在机车一端的司机显示屏DDU上，通过以太网发送指令给中央控制单元CCU，中央控制单元CCU将该命令发送到机车的另一端B的中央控制单元CCU中并传送到该端机车司机显示屏DDU上，司机显示屏DDU接收命令后启动机车B端WTB通讯电缆检测装置使其进入准备状态，同时机车一端的中央控制单元CCU在发出命令若干秒后，判断与机车另一端B的WTB通讯电缆检测装置的通讯是否中断，并作出相应操作，保证了检测系统的安全正常运行。
149. 106541829 轨道车辆辅助供电装置及其控制方法
CN
29.03.2017
B60L 1/00 Loading...
B60L 1/00
Loading...
201710020051.4
西安中车永电捷通电气有限公司
杨伟
B60L 1/00
Loading...
本发明提供一种轨道车辆辅助供电装置及其控制方法，装置包括：整流器、逆变器、第一控制器、第二控制器，整流器接入单相交流电压电源，并将单相交流电压转变为直流电压；逆变器与所述整流器连接，将整流器输出的直流电压转变为三相交流电压；通过第一控制器与整流器连接，使整流器输出的直流电压稳定在第一电压给定值；并通过第二控制器与逆变器连接，使所述逆变器输出的三相交流电压稳定在第二电压给定值，从而使得轨道车辆辅助供电装置获得电压稳定的供电电压，以解决现有技术中轨道车辆辅助供电装置的整流器的直流侧电压出现波动，而造成的轨道车辆辅助供电装置的供电电压的稳定性变差的问题。
150. 206048019 一种高空狭小处螺栓紧固装置
CN
29.03.2017
B25B 13/48 Loading...
B25B 13/48
Loading...
201620814629.4
中铁建电气化局集团南方工程有限公司
朱贻彤
B25B 13/48
Loading...
本实用新型公开了一种高空狭小处螺栓紧固装置,包括横杆，横杆的左右两端分别竖直固设一个把手，横杆的中间位置竖直固设一个主套筒，主压紧螺栓的螺杆将主支撑杆压紧在主套筒内，主支撑杆上水平固设一个下辅套筒，下辅压紧螺栓的螺杆将下辅支撑杆压紧在下辅套筒内，下辅支撑杆的右端竖直固设一个气缸，气缸的活塞杆的上端水平安装一个安装座，安装座上竖直固设一个电机，电机的输出轴的上端竖直固设一个下螺帽套筒，主支撑杆的上端水平固设一个上辅套筒，上辅压紧螺栓的螺杆将上辅支撑杆压紧在上辅套筒内，上辅支撑杆的右端竖直固设一个上螺帽套筒。本实用新型具有节省人力和体力、安全性能高等优点。
151. 206059101 一种特高压变压器油箱
CN
29.03.2017
H01F 27/14 Loading...
H01F 27/14
Loading...
201620826266.6
中国电力科学研究院
齐红育
H01F 27/14
Loading...
一种特高压变压器油箱，其外壁上具有加强铁以增强油箱外壁的机械强度，油箱外壁上具有可拆卸式引线结构，该引线结构处于可拆卸式引线结构升高座上，其特征在于，可拆卸式引线连接升高座为法兰盘，该法兰盘嵌入油箱外壁内。
152. 206059940 直流绝缘开关柜
CN
29.03.2017
H02B 1/30 Loading...
H02B 1/30
Loading...
201621024616.3
中铁二院重庆勘察设计研究院有限责任公司
王佐恒
H02B 1/30
Loading...
本实用新型涉及到电气控制设备技术领域，具体涉及直流绝缘开关柜。本实用新型直流绝缘开关柜，包括柜体和设置在柜体内侧各表面的绝缘板；所述柜体为矩型框架结构，其内侧各边角处设置有安装座，所述绝缘板通过安装座与柜体内侧各表面固定连接。本实用新型直流绝缘开关柜的有益效果是通过在直流开关柜的柜体内侧加装一层绝缘板，不仅降低直流开关柜现场安装难度，而且增强柜体与内部元件的绝缘效果，减少柜体厚度，缩小直流开关柜体积，降低配电室或箱式变电站面积要求，降低制造成本，具有良好实用性。
153. 206059200 一种缓冲结构及具有其的弹簧操作机构
CN
29.03.2017
H01H 3/60 Loading...
H01H 3/60
Loading...
201621031931.9
浙江中意电气有限公司
李明球
H01H 3/60
Loading...
本实用新型提供一种缓冲结构及具有其的弹簧操作机构，其中缓冲结构包括第一缓冲件，所述第一缓冲件安装在机构侧板上，且具有可弹性伸缩的活塞轴，所述活塞轴的端部位于限位拐臂的运动路径上；当所述输出拐臂拉动断路器动触头与静触头分离时，所述活塞轴与所述限位拐臂接触，从而将所述限位拐臂阻挡在设定位置。本实用新型的缓冲结构，设置了可弹性伸缩的活塞轴，避免了活塞轴与限位拐臂发生刚性碰撞，因而撞击力较小，长时间使用也不易损坏机构及断路器部件，不会造成输出拐臂松动，不会影响输出拐臂驱动断路器动触头行程数据的变化。
154. 206059331 熔丝脱扣撞针组件和包括该熔丝脱扣撞针组件的熔丝帽
CN
29.03.2017
H01H 85/30 Loading...
H01H 85/30
Loading...
201621047211.1
施耐德电气（中国）有限公司
陈典剑
H01H 85/30
Loading...
一种熔丝脱扣撞针组件，其特征在于，所述熔丝脱扣撞针组件包括钮扣、挡卡和连接在所述钮扣和所述挡卡之间的连接杆；所述连接杆的两个端部分别形成有环形凹槽；所述挡卡与所述环形凹槽的任何其中之一配合；所述钮扣与所述环形凹槽的另一个配合。一种熔丝帽，所述熔丝帽包括所述熔丝脱扣撞针组件。
155. 206055887 中央空调用空气净化器的风速传感器及中央空调用空气净化器
CN
29.03.2017
F24F 11/02 Loading...
F24F 11/02
Loading...
201621022177.2
扬中市德沃电气设备有限公司
葛恒翔
F24F 11/02
Loading...
本实用新型的中央空调用空气净化器的风速传感器及中央空调用空气净化器，支架上安装有光触媒筒体和灯管，支架一端连接能够检测风速的传感器，传感器输出端引出到控制灯管电源开关的外部控制器；传感器检测风速数据后通过输出端通过插口与外部控制器连接，由外部控制器根据传感器传输的数据信号控制中央空调空气净化器中间灯管的开启与关闭，能实现与中央空调同步联动；传感器通过支撑脚安装,支撑脚下方设置有绝缘垫块，绝缘垫块能够防止传感器信号受到干扰，传感数据准确，节约了电力资源，减少人工工作量和劳动强度。
156. 206059216 一种直流供电系统开关机械连锁系统
CN
29.03.2017
H01H 9/26 Loading...
H01H 9/26
Loading...
201621035576.2
中铁二院重庆勘察设计研究院有限责任公司
王佐恒
H01H 9/26
Loading...
本实用新型提供一种直流供电系统开关机械连锁系统，其特征在于，包括正级柜，负极柜，第一电器开关，第二电器开关，第一锁具，第二锁具，钥匙；所述正极柜与所述第一电器开关连接，所述第一电器开关与所述第一锁具连接，所述负极柜与所述第二电器开关连接，所述第二电器开关与所述第二锁具连接。所述第一电器开关被所述第一锁具限位；所述第二电器开关被所述第二锁具限位；所述第一锁具和所述第二锁具与同一把所述钥匙匹配。本实用新型的有益效果为：通过两把锁具一把钥匙的机械连锁机制，保证负极柜只能在正极柜断开的情况下进行操作，避免误操作情况的发生，并且提高设备操作可靠性，运行操作程序化标准化，设备使用简便化。
157. 206057547 一种便携式直流电压传感器测试装置
CN
29.03.2017
G01R 35/00 Loading...
G01R 35/00
Loading...
201621082266.6
株洲中车时代电气股份有限公司
叶庆海
G01R 35/00
Loading...
本实用新型公开一种便携式直流电压传感器测试装置，包括装置本体，装置本体内设置有电源模块、智能测试模块，装置本体上设置有高压输出接口、工作电源输出接口以及电流采样输入接口，智能测试模块接收测试指令，并控制通过高压输出接口输出所需等级的测试电压、通过工作电源输出接口输出工作电源给被测传感器，以及控制通过电流采样输入接口采集被测传感器的电流反馈信号。本实用新型具体结构紧凑、所需成本低、便于携带以及执行测试，且测试精度以及效率高的优点。
158. WO/2017/045623 AUTOMATIC WELDING MACHINE FOR MOTOR RADIATING FIN
WO
23.03.2017
B23K 37/00 Loading...
B23K 37/00
Loading...
PCT/CN2016/099080
ZHEJIANG ZHONGYUAN ELECTRIC CO., LTD
WANG, RongZhong
B23K 37/00
Loading...
An automatic welding machine for a motor radiating fin (3) comprises a welding machine head (20) driven by a power mechanism and a feeding device arranged on a bottom plate (6), the feeding device being formed by a feed cylinder mechanism for storing the radiating fin (3), a machine base disk mechanism for placing a to-be-welded machine base, and a feed taking mechanism for conveying the radiating fin (3) from the feed cylinder mechanism to the machine base disk mechanism. The automatic welding machine can automatically complete welding work of the radiating fin (3), thereby increasing the production efficiency, and reducing the labor intensity; the automatic welding machine also has the technical characteristics of simple structure and convenience in maintenance, the production cost can be effectively reduced, and the economic benefit is increased.
159. 106519409 一种辐照交联低烟无卤阻燃电缆材料及其制备方法
CN
22.03.2017
C08L 23/08 Loading...
C08L 23/08
Loading...
201610954940.3
肇庆中乔电气实业有限公司
熊建斌
C08L 23/08
Loading...
本发明属于电线电缆材料领域，具体涉及一种辐照交联低烟无卤阻燃电缆材料及其制备方法。本发明提供的辐照交联低烟无卤阻燃电缆材料主要由乙烯‑醋酸乙烯共聚物、聚乙烯、相容剂、无机阻燃剂、金属氧化物、改性剂、硅酮粉、乙撑双硬脂酰胺和抗氧剂组成。本发明提供的辐照交联低烟无卤阻燃电缆材料是一种105℃辐照交联低烟无卤阻燃电缆材料，其具有拉伸强度好、抗开裂强和耐老化性高的优点，具有更好的加工性能；同时其还具有优越的阻燃性和自熄性，满足美国UL1581中的VW‑1垂直燃烧测试的标准要求，是一种可以完全替代传统的PVC电缆材料的理想电缆材料。
160. 106526364 一种三相集成式功率组件在线监测系统
CN
22.03.2017
G01R 31/00 Loading...
G01R 31/00
Loading...
201610942414.5
株洲中车时代电气股份有限公司
刘敏安
G01R 31/00
Loading...
本发明公开了一种三相集成式功率组件在线监测系统，该系统包括：AD采样芯片，用于对三相集成式功率组件的电压信号、电流信号和温度信号进行模拟量信号调理和采样，得到电压模拟信号、电流模拟信号和温度模拟信号；数字信号采样模块，用于获取三相集成式功率组件的过流信号、过压信号、欠压信号和过温信号；主控芯片，用于将电压模拟信号、电流模拟信号、温度模拟信号、过流信号、过压信号、欠压信号和过温信号通过双口RAM发送至以太网控制器；以太网控制器；互联网服务器；手机APP。该系统实现对集成式功率组件的实时监测，及时获取集成式功率组件的运行状态。
161. 106521331 一种含铝锰钢
CN
22.03.2017
C22C 38/04 Loading...
C22C 38/04
Loading...
102016000917743
山西中煤电气有限公司
靳彪
C22C 38/04
Loading...
本发明属于冶金领域，具体涉及一种含铝高锰钢。该含Al的锰钢化学成分为：C：1.30%～1.40%，Mn：15.5%～17.5%，Si：0.40%～0.80%，Cr≤0.30%，Ni≤1.00%，Mo≤0.50%，S≤0.03%，P≤0.05%，Al：1.80%～2.20%，余量为Fe。本发明Al的加入使高锰钢铸态组织中的奥氏体晶界上的网状碳化物逐渐减少，当加入量达到2.16%时，网状碳化物基本消除；可提高奥氏体基体加工硬化能力，从而提高高锰钢加工硬化能力以及冲击韧性。
162. 106524476 一种节能防结垢电热水器
CN
22.03.2017
F24H 1/00 Loading...
F24H 1/00
Loading...
201610890719.6
中山神田大气电器科技有限公司
林利成
F24H 1/00
Loading...
一种节能防结垢电热水器，包括底壳、面盖、主控板、操控线路板、电加热器、冷水传感器、热水出水传感器、进水组件和热水出水接口，进水组件包括进水阀和步进电机，进水组件的进水阀的出水接口与电加热器的进水端连通、出水端与热水出水接口连通；还包括一水过滤器，所述水过滤器的进水端与进水阀的出水接口连通、出水端与电加热器的进水端连通；所述电加热器设置在底壳左右方向的中部，水过滤器设置在电加热器的右侧，主控板设置在底壳的左侧的主控腔内。由于采用这样的结构，水过滤器对冷水进行净化处理，可以防止电加热器结垢，提高了热效率，达到节能的目的。
163. 106526363 一种变流器功率组件在线监测系统
CN
22.03.2017
G01R 31/00 Loading...
G01R 31/00
Loading...
201610940417.5
株洲中车时代电气股份有限公司
陈燕平
G01R 31/00
Loading...
本发明公开了一种变流器功率组件在线监测系统，该系统包括：电压传感器；电流传感器；温度传感器；AD采样模块，用于对电压信号、电流信号和温度信号进行模拟量信号调理和采样，得到电压模拟量数据、电流模拟量数据和温度模拟量数据；主控芯片，用于将电压模拟量数据、电流模拟量数据和温度模拟量数据通过以太网发送至以太网控制器；以太网控制器，用于通过PCI接口将电压模拟量数据、电流模拟量数据和温度模拟量数据传输至无线模块；无线模块，用于利用天线将电压模拟量数据、电流模拟量数据和温度模拟量数据发送至PC上位机；PC上位机。该系统实现对变流器功率组件的实时监测，及时获取变流器功率组件的运行状态。
164. 106532535 一种箱式变电站
CN
22.03.2017
H02B 7/06 Loading...
H02B 7/06
Loading...
102016000930559
浙江中安电气有限公司
郑元策
H02B 7/06
Loading...
本发明涉及一种箱式变电站，其特征在于所述的箱体各室均设有密封门、照明装置及排风装置，所述的密封门包括有对开门板，在门板的四周设有密封条且在门板外设有门锁装置和排风窗，在门板内设有限位装置，排风装置安装在各室内的防护网门上并与密封门上排风窗相对应且防护网门安装在密封门的内侧使箱体内各室门口形成双重防护门；所述的密封门在打开或关闭时可同步启动和关闭照明装置及关闭和启动排风装置。通过在箱体内各室安装带密封条的密封门、照明装置和排风装置，并在密封门上安装排风窗和门锁装置，使用时可使各室中的配变电设备不受到海风的侵蚀，保证箱式变电站的设备安全，延长使用寿命及避免无关人员打开箱式变电站，引发安全事故。
165. 106528913 一种页面模块封装重用方法及装置
CN
22.03.2017
G06F 17/50 Loading...
G06F 17/50
Loading...
102016000834344
许继集团有限公司
胡永昌
G06F 17/50
Loading...
本发明涉及一种页面模块封装重用方法及装置，属于电力系统离线数字仿真技术领域。本发明通过编译生成页面模块的源程序文件，直接修改简化源程序文件，并将其编译生成对应的二进制目标文件，同时将页面模块封装为库元件。整个过程，本发明不需要形成和处理页面模块的头文件；不需要重新定义代码文本形成规则，不需要重新编写库函数的构造接口、初始化接口和运行阶段的任务调用接口；不需要通过分析页面程序和拓扑连线即可形成封装后的图形符号，操作更加简单。大大降低了编程和调试的难度，减少了封装的工作量。
166. 106531530 一种直动隔离开关
CN
22.03.2017
H01H 31/02 Loading...
H01H 31/02
Loading...
201611173845.6
中国西电电气股份有限公司
付鲁军
H01H 31/02
Loading...
本发明提供一种直动隔离开关，包括静触头、动触头、绝缘套管、框架和软连接；所述静触头通过支撑绝缘子固定在框架内，且电连接隔离开关进线；所述的绝缘套管竖直穿过框架上的支撑板固定设置，且位于静触头的下方；所述动触头滑动配合在绝缘套管中，分闸状态下动触头的接触端面低于支撑板；所述软连接一端固定在动触头上，一端接隔离开关出线。通过将断口设置在框架内，动触头通过绝缘套管设置在框架下方支撑板上，保证其断口距离大于对地绝缘距离，断口距离大，安全可靠，断口清晰可见；将动触头与软连接连接，取代弹簧触指及触座和铜排出线，降低成本，减少零部件，装拆方便，布局紧凑合理，体积小巧。
167. 106531526 一种特高压直流阀厅接地开关
CN
22.03.2017
H01H 31/00 Loading...
H01H 31/00
Loading...
201611209142.4
中国西电电气股份有限公司
司小伟
H01H 31/00
Loading...
本发明一种特高压直流阀厅接地开关，包括上部平衡装置、上部基座、下部平衡装置、下部基座、下支撑臂、上支撑臂、接地闸刀、操动机构、垂直连杆、分闸支撑架、齿轮盒装置、连杆和接地静触头。上部平衡装置安装在上部基座的上部；接地闸刀安装在上部基座的下部；下部平衡装置安装在下部基座的上部；下支撑臂安装在下部基座的下部；上支撑臂的一端安装在下支撑臂上，另一端安装在接地闸刀上；垂直连杆安装在操动机构和齿轮盒装置之间。接地闸刀为侧墙安装式结构，导电臂采用梯形截面结构。利用两级平衡装置，通过接地闸刀进行旋转式运动，使动触头和静触头接触实现通流，在静触头上设置有夹紧弹簧，确保接触的可靠性，结构简单可靠。
168. 106531540 一种组合电器脱扣装置
CN
22.03.2017
H01H 33/52 Loading...
H01H 33/52
Loading...
201611263801.2
中能电气（福清）有限公司
韩云
H01H 33/52
Loading...
本发明提供了一种组合电器脱扣装置，所述装置包括脱扣器、拉绳、第一传动杆、第二传动杆、竖杆、第一转动杆、第二转动杆、顶针机构；顶针机构的顶针与第一传动杆的一端间隙配合，并可通过撞击第一传动杆的一端使得第一传动杆向里或向外发生转动，第一传动杆的另一端与第一转动杆相互抵靠，第一转动杆和第二转动杆分别与所述竖杆锁合，竖杆可沿第一转动杆的转动方向发生转动，以使第二转动杆发生转动；所述第二转动杆与第二传动杆联动，拉绳的一端与第二传动杆联动，拉绳的另一端与脱扣器连接，所述拉绳可沿第二传动杆运动方向运动，以触发所述脱扣器。本发明具有结构巧妙，安装简便，传动效率高等特点，适用于组合电器柜的组合电器脱扣使用。
169. 106523508 一种防脱落螺栓组及其装配方法
CN
22.03.2017
F16B 39/24 Loading...
F16B 39/24
Loading...
201611102877.7
株洲中车时代电气股份有限公司
郭宁平
F16B 39/24
Loading...
本发明公开了一种防脱落螺栓组及其装配方法，防脱落螺栓组用于连接被连接件一和被连接件二，并包括：螺栓、垫片、螺纹垫片和螺母。螺栓依次穿过垫片、被连接件一、螺纹垫片和被连接件二的安装孔，螺纹垫片的安装孔上设置有与螺栓的螺杆螺纹相配合的螺纹。垫片、被连接件一和螺纹垫片紧固于被连接件二与螺栓的螺栓头之间，螺母设置于被连接件二的底部。螺栓靠近螺栓头位置的螺杆表面为光滑面，螺杆表面的其余部位为螺纹面，螺母紧固于螺栓的螺纹面。光滑面的长度大于垫片、螺纹垫片和被连接件一的厚度之和，光滑面的外径小于螺纹面的外径。本发明能够解决需要经常拆卸的螺栓连接结构上的螺栓、螺母、垫片拆卸时需要取下，且易脱落丢失的技术问题。
170. 106526432 一种基于BFOA的故障定位算法及装置
CN
22.03.2017
G01R 31/08 Loading...
G01R 31/08
Loading...
102017000011118
中国南方电网有限责任公司电网技术研究中心
吴争荣
G01R 31/08
Loading...
本发明提供了一种基于BFOA的故障定位算法及装置，涉及配电网故障定位技术领域，解决了现有技术中配电网基于配电设备上报故障信息进行故障定位时，定位的精度不够的问题。该方法包括，获取预设配电网区段内i个配电设备上报的故障信息；根据BFOA对第n个配电设备的故障信息进行趋向性操作，当第n个配电设备的故障信息的趋向性操作次数j大于或等于第一测试参数Nc时，根据BFOA对第n个配电设备的故障信息进行复制操作；当第n个配电设备的故障信息的复制操作次数k大于或等于第二预设参数Nre时，根据BFOA对第n个配电设备的故障信息进行迁徙操作，输出第n个配电设备的故障信息的最优解。本发明实施例用于配电网故障的定位。
171. 106524789 芯壳分离的绕管式换热器
CN
22.03.2017
F28D 7/02 Loading...
F28D 7/02
Loading...
102016001019934
上海交通大学
任滔
F28D 7/02
Loading...
一种低温换热技术领域的芯壳分离的绕管式换热器，包括由外而内依次设置的壳体、套筒和中心筒、均布器和环形密封段，其中：中心筒和壳体之间构成环腔，凹槽形圆盘结构的均布器和环形密封段依次嵌套于套筒外部，环形密封段与均布器底部相连，套筒内设有若干绕管，所述的绕管一端直接从均布器底部伸出，另一端通过气相流通孔从均布器顶部伸出，均布器上设有若干均布的液相流通孔以及若干对称的气相流通孔。本发明能够解决换热器小型化后传统结构难以加工制造的问题，可用于天然气液化中工业级换热设备的放大实验。
172. 106526421 输电线路配套装置增加电流行波信号采集的方法
CN
22.03.2017
G01R 31/08 Loading...
G01R 31/08
Loading...
201610984550.0
中国南方电网有限责任公司
丁晓兵
G01R 31/08
Loading...
本发明公开了一种输电线路配套装置增加电流行波信号采集的方法。该方法是在常规的输电线路配套装置的软硬件基础上，保持装置的对外硬件接口不变，在装置内的电流互感器二次侧增加信号放大电路实现行波信号放大，放大后的行波信号经装置背板输出给新增的行波DSP插件进行行波信号采样。行波信号放大电路和行波DSP插件采集电路按4倍的过载能力设计满量程，超过满量程的信号将被限幅。本发明可应用于常规采样的输电线路保护装置、故障录波装置等输电线路配套装置中，可方便、可靠、有效地增加行波信号采集功能，可有效提高行波信号的信噪比和分辨率。
173. 106526470 一种用于高压交流断路器试验方式T10、T30中的试验回路及其配置方法
CN
22.03.2017
G01R 31/327 Loading...
G01R 31/327
Loading...
102016000957192
中国西电电气股份有限公司
董玮
G01R 31/327
Loading...
本发明一种用于高压交流断路器试验方式T10、T30中的试验回路及其配置方法。所述试验回路，包括第二TRV调节回路和试验方式T10和T30的标准回路；标准回路远离电源侧出线端通过接入第二TRV调节回路进行短接。所述配置方法，包括如下步骤，步骤1，根据标准要求，计算标准回路和第二TRV调节回路中元件参数；步骤2，按照步骤1中的元器件参数和本发明中的试验回路进行回路配置；步骤3，进行试验验证，得到试验参数和测试波形，判断是否符合标准要求，符合则回路配置成功进行相关试验；不符合则重复步骤1。结构简单，设计巧妙，配置方便，简洁高效，能够满足标准中试验方式T10、T30对TRV参数的要求。
174. 106526518 一种罗氏线圈比例系数的准确度和线性度的校准方法
CN
22.03.2017
G01R 35/00 Loading...
G01R 35/00
Loading...
102016000959955
中国西电电气股份有限公司
任稳柱
G01R 35/00
Loading...
本发明提供了一种罗氏线圈比例系数的准确度和线性度的校准方法，并提供了两种工频大电流测量用罗氏线圈线性度的校准方法，第一种采用N个带有相同罗氏线圈的电流支路，将N个电流支路并联后流过将需校准线性度的被校罗氏线圈的一次导体，根据流过被校罗氏线圈的一次电流值等于流过N个电流支路的罗氏线圈的一次电流总和，计算得到比例系数的线性度。第二种采用一个带有罗氏线圈的电流支路，该一次电流导线以N匝穿过被校罗氏线圈的一次回路，根据流过被校罗氏线圈的一次电流等于流过被校准罗氏线圈一次电流的N倍，计算得到比例系数的线性度。该方法提高了校准罗氏线圈比例系数的测量准确度、扩大了校准电流，并能校准大电流罗氏线圈的线性度。
175. 106527408 基于RT‑LAB实时数字仿真平台的电力电子控制器测试系统
CN
22.03.2017
G05B 23/02 Loading...
G05B 23/02
Loading...
201611219626.7
中国西电电气股份有限公司
冯武彤
G05B 23/02
Loading...
本发明公开一种基于RT‑LAB实时数字仿真平台的电力电子控制器测试系统，将电力电子控制器接入RT‑LAB实时数字仿真平台，在RT‑LAB中构建电力电子装置一次系统和外部电网的模型，通过RT‑LAB实时数字仿真平台对电力电子控制器进行闭环测试；测试系统不光包括对原理的验证，还包括对控制器硬件可靠性及接口的验证，综合了现场测试和纯软件仿真的优点，有助于解决电力电子装置测试验证及入网评估难的问题，对降低研发成本、提高装置运行的可靠性具有重要意义。
176. 106532890 一种地面储能型车载超级电容充电装置
CN
22.03.2017
H02J 7/34 Loading...
H02J 7/34
Loading...
102016001240072
中国西电电气股份有限公司
白云飞
H02J 7/34
Loading...
本发明公开了一种地面储能型车载超级电容充电装置，包括AC/DC变流器，AC/DC变流器通过充电转换开关柜与多重化DAB变流器连接，多重化DAB变流器与地面储能型电容器连接；其中充电转换开关柜连接充电输出线路以及一个或多个多重化DAB变流器；每个多重化DAB变流器包括第一DAB电路和第二DAB电路。该装置能够应用于超级电容储能式电动车的充电，提供了一种新的拓扑电路，实现了以小功率对地面储能电容器慢速充电，以大功率模式由地面储能电容器向超级电容器快速充电的目的，并且降低了设备的成本和占地面积。
177. 106531536 一种三工位开关联锁机构
CN
22.03.2017
H01H 31/06 Loading...
H01H 31/06
Loading...
201611261502.5
中能电气（福清）有限公司
陆良平
H01H 31/06
Loading...
本发明提供一种开关联锁机构，包括拨板装置1、拉绳装置2、联锁装置3、固定装置4和柜体门5，所述固定装置包括第一固定支架41、第二固定支架42和横梁43；横梁设置在柜体上，所述横梁包括一个限位块腔44，所述第一固定支架41、第二固定支架42与横梁相对固定；通过物理联锁保证了工作人员在带电状态下不会进入开关柜，提高了开关柜的安全性及可靠性。
178. 106527272 一种电力电子通用控制系统
CN
22.03.2017
G05B 19/042 Loading...
G05B 19/042
Loading...
201611088362.6
中国东方电气集团有限公司
杨嘉伟
G05B 19/042
Loading...
本发明公开了一种电力电子通用控制系统，属于电力电子技术领域，包括一个主控板MCU，其特征在于：还包括通过光纤通讯与主控板MCU连接的若干光通讯模拟量输入板OTAI、若干光通讯模拟量输出板OTAO、若干光通讯开关量输入输出板OTDIO和若干光通讯功率单元电路板OTPEBB；主控板MCU，用于获取光通讯模拟量输入板OTAI、光通讯开关量输入输出板OTDIO和光通讯功率单元电路板OTPEBB的信息并进行滤波、控制运算和逻辑处理。本发明通过模块化设计，易于实现并联功率单元间的并联控制及环流抑制，接线方式简单，具有可靠性高，扩展能力强，维护成本低和适用范围广的特点。
179. 106533336 一种简易型平屋顶光伏支架系统
CN
22.03.2017
H02S 20/24 Loading...
H02S 20/24
Loading...
201510585769.9
中电电气（上海）太阳能科技有限公司
周后恩
H02S 20/24
Loading...
本发明涉及一种简易型平屋顶光伏支架系统，包括地梁、前立柱与后立柱，所述的地梁设有至少两条，且平行设置，所述的前立柱设置在每条地梁的前端，所述的后立柱设置在每条地梁的后端，所述的前立柱与后立柱的上表面均为倾斜平面，所述的前立柱与后立柱的上表面用于支撑光伏组件，所述的前立柱上表面的前端设有对光伏组件前端进行限位的前挡板，所述的后立柱上表面的后端设有对光伏组件后端进行限位的后挡板。与现有技术相比，本发明系统具有结构简单、安装方便、生产成本低廉、基础施工容易、可靠性高、增加发电量等优点。
180. 103645346 检测和校准开关用测速器的机械特性模拟装置及校准方法
CN
22.03.2017
G01P 21/02 Loading...
G01P 21/02
Loading...
102013000644280
中国西电电气股份有限公司
康子雄
G01P 21/02
Loading...
本发明涉及一种检测和校准开关用测速器的机械特性模拟装置及校准方法，安装在工作台上的伺服电机带动小皮带轮，通过传动带带动大带轮，进而带动曲柄回转运动，从而通过连杆带动滑块进行往复直线运动。滑块通过联轴节和光栅尺连接，对低速时滑块的行程和速度进行测量。通过光电编码器得到低速时曲柄的行程和速度数据。将上述两种测量数据通过双通道采集卡进行采集，并通过对比分析，得出高精度的光电编码器所测曲柄的角位移及角速度和滑块的行程和线速度的换算对应关系，从而利用伺服电机设置固定高转速，利用光电编码器对安装在滑块上的各种精度较低的测速器进行速度和行程的检测和校准。
181. 106531542 一种具有复合屏蔽结构的真空灭弧室
CN
22.03.2017
H01H 33/664 Loading...
H01H 33/664
Loading...
102016001169508
中国西电电气股份有限公司
王平
H01H 33/664
Loading...
本发明一种具有复合屏蔽结构的真空灭弧室，外绝缘特性强，有利于散热，环氧树脂用料少，经济环保。其包括真空灭弧室本体和复合屏蔽结构；真空灭弧室本体包括上下端开口的瓷壳，分别通过金属封接面密封设置在瓷壳上下两端的盖板，以及穿过一端盖板固定密封设置的静触头和穿过另一端盖板滑动密封设置的动触头；复合屏蔽结构包括一体浇注而成的金属屏蔽罩和环氧树脂电介质；金属屏蔽罩呈盘状设置，外缘沿轴向向一端延伸设置；环氧树脂电介质包覆所有外缘并延伸到盘状底部的一部分；复合屏蔽结构分别同轴设置在瓷壳上下端盖板的外侧，两个复合屏蔽结构延伸的外缘端相对设置；每个复合屏蔽结构中的金属屏蔽罩外缘端部超出对应侧的金属封接面设置。
182. 106526476 一种工频续流遮断能力试验合成回路同步控制装置及方法
CN
22.03.2017
G01R 31/327 Loading...
G01R 31/327
Loading...
201611190493.5
国家电网公司
姚尧
G01R 31/327
Loading...
本发明提供一种工频续流遮断能力试验合成回路同步控制装置及方法。所述装置包括工频振荡回路和依次连接的工频振荡启动检测单元、触发相位控制单元、光电转换及点火单元。本发明可避免通过检测合闸触头或回路电流信号带来的时延问题，提高了时间控制准确度；降低自身环路电磁耦合干扰，有效避免空间电磁耦合干扰和供电电源线路的传导干扰侵入，确保电路安全可靠运行；有效避免因系统在工频启动、冲击点火瞬间的大电流电磁干扰和强电磁脉冲空间耦合而带来的误触发事故发生，提高系统的运行可靠性和安全性。
183. 106533235 一种含冗余控制的半桥MMC换流器及控制方法
CN
22.03.2017
H02M 7/49 Loading...
H02M 7/49
Loading...
201611220526.6
中国西电电气股份有限公司
韩健
H02M 7/49
Loading...
本发明一种含冗余控制的半桥MMC换流器及控制方法，当某一个模块发生故障后，引起输出电压不会暂时畸变，避免换流器闭锁。所述换流器，包括三个相单元；每个相单元包含两个桥臂和两个桥臂电抗器，桥臂电抗器与对应桥臂串联；每个桥臂由n个半桥子模块串联构成，所述n的数量大于桥臂的k个载波数量，载波之间的相位相差为π/k；其中，n和k为正整数；每个所述半桥子模块由两个IGBT和一个电容呈半桥型连接组成。控制方法中通过电容电压排序，实现了桥臂内部电容的均压控制，从而避免了电容电压的闭环控制，降低了算法的复杂性，减少了计算资源的占用。
184. 106515513 一种铰链式锻造组合承力索座
CN
22.03.2017
B60M 1/225 Loading...
B60M 1/225
Loading...
102016001258229
铁道第三勘察设计院集团有限公司
罗健
B60M 1/225
Loading...
本发明公开了一种铰链式锻造组合承力索座,包括上抱箍(1)和下抱箍(2)，上抱箍(1)和下抱箍(2)采用合页铰链连接，使用连接螺栓(5)固定连接，在所述的上抱箍(1)上设有安装台(1‑3)，在所述的安装台(1‑3)上设有将导线(11)夹住的托线夹(6)和压线块(7)，在所述的下抱箍(2)上设有与下抱箍(2)一体锻造成型的连接双耳(2‑3)，在所述的连接双耳(2‑3)上设有通孔(2‑31)，在所述的通孔(2‑31)上设有连接杆(8)，采用合页铰链连接和一体锻造减少零件数量，降低装配成本。
185. 106531541 一种氮气绝缘环网柜用的真空开关模块
CN
22.03.2017
H01H 33/662 Loading...
H01H 33/662
Loading...
102016001170281
中国西电电气股份有限公司
王平
H01H 33/662
Loading...
本发明提供一种氮气绝缘环网柜用的真空开关模块，极大的优化了氮气绝缘环网柜中真空开关模块的布局和安装，在满足绝缘和温升要求的前提下提供一种小型化、紧凑型的真空开关。其包括真空灭弧室、金属安装架、绝缘支撑板、支柱绝缘子、固定架和触头弹簧系统；所述绝缘支撑板水平固定在金属安装架上部；所述真空灭弧室的上端垂直固定在绝缘支撑板的下部，下端固定设置固定架；金属安装架与绝缘支撑板的固定平面低于真空灭弧室与绝缘支撑板固定的上平面；所述触头弹簧系统安装于固定架内部，用于连接真空灭弧室的动触头提供操动动力；所述支柱绝缘子的一端固定在金属安装架的一侧，另一端与固定架固定。
186. 106527118 基于冗余架构的铁路车辆电气控制回路监测装置及方法
CN
22.03.2017
G05B 9/03 Loading...
G05B 9/03
Loading...
201710007403.2
株洲中车时代电气股份有限公司
王伟
G05B 9/03
Loading...
本发明公开了一种基于冗余架构的铁路车辆电气控制回路监测装置，包括两套相互冗余的监测电路，各套监测电路均包括信号采集模块和控制模块，各控制模块均包括FPGA和CPU，FPGA与信号采集模块相连，CPU与FPGA相连；两个CPU相互通讯连接以互为冗余。本发明还公开了一种监测方法，步骤为：S01、信号采集模块采集铁路车辆电气控制回路的数据并发送至FPGA；S02、FPGA接收采集数据并进行相位补偿或增益补偿后，存放至RAM中；S03、CPU读取FPGA的RAM中的采集数据存放至缓冲区并进行分析。本发明的基于冗余架构的铁路车辆电气控制回路监测装置及方法均具有安全性和可靠性高等优点。
187. 106533795 一种自动配置实时光纤通信系统
CN
22.03.2017
H04L 12/24 Loading...
H04L 12/24
Loading...
102016001153028
中国东方电气集团有限公司
刘静波
H04L 12/24
Loading...
本申请公开了一种自动配置实时光纤通信系统，涉及电力电子控制技术领域。本发明包括主控制器和多个从控制器，主控制器上设置有多个通道，从控制器只有一个通道；所述主控制器的每个通道均为一个主节点每一个主节点包括一个发送端和接收端；所述从控制器的通道为一个从节点，每一个从节点包括一个发送端和接收端；主节点的发送端通过光纤与第一个从节点的接收端相连，第一从节点的发送端通过光纤与第二个从节点的接收端相连，依次类推，第N‑1个从节点的发送端通过光纤与第N个从节点的接收端相连，第N个从节点的发送端通过光纤与主节点的接收端相连。本发明可以实现一个控制周期内所有节点接收并执行指令，同时向主控制节点返回测量数据，通信速率可达100Mb/s。
188. 106526400 DC600V列车供电系统的接地故障诊断方法及装置
CN
22.03.2017
G01R 31/02 Loading...
G01R 31/02
Loading...
201611064578.9
株洲中车时代电气股份有限公司
李子先
G01R 31/02
Loading...
本发明公开一种DC600V列车供电系统的接地故障诊断方法及装置，该方法步骤包括：1)获取DC600V列车供电系统在发生不同接地故障类型时的故障波形样本集，每一个故障波形样本集对应一种接地故障类型；将各故障波形样本集进行训练，得到故障分类模型；2)当目标DC600V列车供电系统发生接地故障时，实时采集当前故障波形，并根据故障分类模型诊断当前故障波形所对应的接地故障类型；该装置包括分类模型训练模块以及故障诊断模块。本发明具有实现操作简便、诊断效率及精度高、通用性强、扩展性能好且易于执行维护等优点。
189. 106525226 一种基于现场振动载荷识别的评估方法及系统
CN
22.03.2017
G01H 17/00 Loading...
G01H 17/00
Loading...
201611066779.2
株洲中车时代电气股份有限公司
王永胜
G01H 17/00
Loading...
本发明公开了一种基于现场振动载荷识别的评估方法及系统，方法包括：S1.通过现场测试的方法获取被测设备在实际运行中的振动加速度时域数据；S2.对振动加速度时域数据进行数学处理，计算得到振动加速度频率数据；S3.根据预先设计好的被测设备的振动仿真模型，以及预先确定的被测设备的主要载荷激励力位置，将加速度频率数据输入振动仿真模型，计算得到被测设备的主要载荷激励力；S4.对主要载荷激励力进行数学处理，计算得到被测设备的主要激励力载荷。本发明利用现场振动测试和仿真计算，通过有限的实测振动数据得到设备所有部位和子部件实际振动和力载荷环境，具有操作方便，测试风险低，评估精准度高等优点。
190. 206025099 一种新型的熏蒸系统
CN
22.03.2017



201620408789.9
中山市华源电气设备有限公司
曾华春


本实用新型公开了一种新型的熏蒸系统，包括有熏蒸控制装置和第一熏蒸房，所述第一熏蒸房内设有第一投药阀、第一浓度检测器、第一进风阀以及第一排风阀，所述第一投药阀顺次连接有汽化器、总投药阀、储药罐，所述汽化器连接有补水阀，所述第一排风阀连接有排风机，所述熏蒸控制装置包括有控制器，所述控制器分别连接有第一浓度检测器、第一投药阀、第一进风阀、第一排风阀、汽化器、总投药阀、补水阀、排风机连接，根据不同的外来商品通过调节熏蒸浓度、熏蒸时间、温度等参数，实施不同的熏蒸除害方案。
191. 105446407 一种电子器件的供电电路
CN
22.03.2017
G05F 1/56 Loading...
G05F 1/56
Loading...
102015000976893
深圳市中孚能电气设备有限公司
丁柏平
G05F 1/56
Loading...
本发明提供一种电子器件的供电电路，其包括：电压调节模块、以及与该电压调节模块连接的储电设备，所述电压调节模块包括：第一电阻、与该第一电阻串联连接的第二电阻、与该第二电阻串联连接的固定电压源、以及运算放大器，所述固定电压源的一端与所述第二电阻连接，该固定电压源的另一端接地，所述运算放大器的一输入端连接在所述第一电阻和第二电阻之间，所述运算放大器的另一输入端连接在所述固定电压源的另一端与接地之间。本发明通过电压调节模块调节本电子器件的输入电压至额定的电压范围后再输出至储电设备，扩大了本电子器件的使用电压范围，能让本电子器件在更大的电压范围内正常工作，而又不损坏元件电子器件本身的使用寿命或功能。
192. 106533339 一种简易型圆弧定位可调单轴支架
CN
22.03.2017
H02S 20/30 Loading...
H02S 20/30
Loading...
201510585768.4
中电电气（上海）太阳能科技有限公司
周后恩
H02S 20/30
Loading...
本发明涉及一种简易型圆弧定位可调单轴支架，包括并列设置的若干个支撑单元与横梁，支撑单元包括前立柱、后立柱、旋转基座、纵梁及圆弧定位杆，旋转基座的下端同时与前立柱及后立柱固定连接，前立柱与后立柱呈倒V形设置，以支撑旋转基座，纵梁转动连接在旋转基座上端，圆弧定位杆的前后两端分别连接在纵梁的一侧，前立柱或后立柱上设有定位挡块，通过定位挡块与圆弧定位杆的配合实现纵梁转动角度的定位，横梁设有若干个，单个横梁分别与每个支撑单元上的纵梁连接固定，多个横梁之间平行设置，横梁上用于铺设光伏组件。与现有技术相比，本发明具有结构简单、安装方便、成本低、基础施工容易、可靠性高、手动可调倾角等优点。
193. 106533340 光伏光热一体化装置及发电系统
CN
22.03.2017
H02S 20/30 Loading...
H02S 20/30
Loading...
201510586461.6
中电电气（上海）太阳能科技有限公司
文心
H02S 20/30
Loading...
本发明涉及一种光伏光热一体化装置及发电系统，光伏光热一体化装置包括可调基座、转轴、框架、光伏组件及光热组件，可调基座设有两个，转轴架设在两个可调基座之间，框架设置在转轴上，转轴与外部控制系统连接，通过转轴带动框架转动，框架为中空环形结构，光伏组件设置在框架的周围，光热组件设置在框架的中间，且光伏组件与光热组件之间留有间隙。与现有技术相比，本发明装置结构简单、安装方便、可靠性高、发电量高。
194. 106521130 在线连续固溶强化装置
CN
22.03.2017
C21D 9/00 Loading...
C21D 9/00
Loading...
102016001096128
中铁建电气化局集团康远新材料有限公司
鲁衍任
C21D 9/00
Loading...
本发明涉及一种在线连续固溶强化装置，它包括第一外筒体（14），所述第一外筒体（14）内壁上设置有罩式电磁加热装置（15），所述第一外筒体（14）中心设置有第一旋转钢筒（16），所述第一外筒体（14）的上部和下部分别设置有第一进料口（17）和第一出料口（18）。本发明实现了铜铬锆合金接触线的连续性生产，而不受炉体容量大小的影响，可生产任意长度、符合成分要求的铜铬锆合金接触线，能够满足未来高速铁路发展的需求。
195. 105391293 一种模块化多电平柔性直流输电换流器启动方法
CN
22.03.2017
H02M 1/36 Loading...
H02M 1/36
Loading...
102015000968043
中国西电电气股份有限公司
苟锐锋
H02M 1/36
Loading...
本发明提供一种模块化多电平柔性直流输电换流器启动方法，各换流站直流侧极连接，各换流站交流断路器断开，各换流站子模块闭锁；闭合一端有源站的交流断路器，电源通过启动电阻给该有源站及其余换流站不控充电；不控充电完成后，旁路有源站启动电阻，解锁其余换流站，进行受控充电至功率模块额定电压；闭锁其余换流站，同时有源站充电的换流站解锁并启动带斜率控制的直流电压控制，直至功率模块充电至额定电压；其余换流站解锁，再次进入受控阶段后，进行并网及切换控制策略至正常运行时策略，提升功率，换流器正常运行；本发明保证功率模块在启动过程中的电压一致性，避免功率模块电容电压不均匀引起的启动失败及保护闭锁。
196. 106526303 一种固态去耦合器的伏安特性测试装置和方法
CN
22.03.2017
G01R 19/25 Loading...
G01R 19/25
Loading...
102016000959953
中国西电电气股份有限公司
杨忠州
G01R 19/25
Loading...
本发明提供了一种固态去耦合器的伏安特性测试装置和方法。测试装置包括直流电压源、数字直流电压表、数字直流毫安表、信号处理单元、测试模块和屏蔽机壳。数字直流电压表实时监测固态去耦合器两端电压，数字直流毫安表串联进回路实施监测通过固态去耦合器的电流，信号处理单元接收测试数据并经测试模块发送指令到直流电压源，上位机设置测试程序和测试参数，接收信号处理单元的数据并发送指令给信号处理单元。根据采集到的固态去耦合器两端电压值和流过固态去耦合器的电流值计算其导通阀值、绘制伏安曲线、确定过压保护电压。本装置操作简单易用，接线方便，能提供更详实准确的伏安特性试验数据，并能自动生成伏安特性曲线。
197. 206042672 一种应用于特高压直流输电换流阀的层屏蔽装置
CN
22.03.2017
H05K 9/00 Loading...
H05K 9/00
Loading...
202016001015066
中国西电电气股份有限公司
姚舒
H05K 9/00
Loading...
本实用新型公开了一种应用于特高压直流输电换流阀的层屏蔽装置，包括位于换流阀不同阀层、且于围绕阀组件外围布置的角屏蔽和侧屏蔽；四个角屏蔽位于阀层外围的四个拐角处，侧屏蔽位于相邻两个角屏蔽之间，角屏蔽和侧屏蔽固定在直流输电换流阀上将换流阀组件的四个面包围起来；将原屏蔽结构进行改进，减小了换流阀组件外围的层屏蔽对阀厅周围电场强度，使电场分布更均匀，屏蔽效果更好，该装置结构简单，易于实现，无需增加其他设备，提高换流阀的可靠性。
198. 206038796 一种应用于低压电能质量实验室的智能化测量系统
CN
22.03.2017
G01R 31/00 Loading...
G01R 31/00
Loading...
202016001014968
中国西电电气股份有限公司
王永新
G01R 31/00
Loading...
本实用新型公开了一种应用于低压电能质量实验室的智能化测量系统，包括测试装置、测控装置和监控装置；利用各种测量仪器仪表及实时测量各试验系统运行参数，并通过与测控装置和监控装置之间的通讯，实现试验参数监测与实时显示功能、试验数据采集与处理功能，可以通过各类传感器采集所需的多种参数，并进行测控，能够大大减轻试验人员的工作量，可适应低压电能质量实验室日常繁杂的产品检验任务。
199. 206040477 一种弹簧操动机构的压簧装置
CN
22.03.2017
H01H 11/00 Loading...
H01H 11/00
Loading...
201621017030.4
中国西电电气股份有限公司
黄晓伟
H01H 11/00
Loading...
本实用新型一种弹簧操动机构的压簧装置，操作简单，使用可靠，生产效率及弹簧装配精度高，工人劳动强度小。其包括安装台，固定在安装台上的伺服电动缸，依次连接在伺服电动缸输入端的减速装置和伺服电机，依次连接在伺服电动缸输出端的压力传感器和推力装置，以及用于人机交互的触摸屏；所述的安装台上设置有与推力装置平行的连接杆；推力装置和连接杆分别连接弹簧操动机构中弹簧的两端；所述的伺服电机的控制端依次连接伺服驱动器和可编程控制器；可编程控制器与触摸屏交互，可编程控制器的输入端连接压力传感器的输出端，用于采集伺服电动缸输出端的压力值；当采集压力值等于压力设定值时，可编程控制器通过伺服驱动器控制伺服电机停止。
200. 206041395 一种800kV GIS用内部绝缘双屏蔽瓷套管
CN
22.03.2017
H02G 3/04 Loading...
H02G 3/04
Loading...
201621016796.0
中国西电电气股份有限公司
汪婷
H02G 3/04
Loading...
本实用新型提供了一种800kV GIS用内部绝缘双屏蔽瓷套管，包括分离式中心导体、空心瓷绝缘子、内部绝缘双屏蔽和壳体；内部绝缘双屏蔽包括用螺栓连接在瓷套过渡法兰上的中间屏蔽和接地屏蔽，瓷套过渡法兰上设有U型密封槽，密封面包括U型槽底和内、外圆三面；分离式中心导体包括分离的接线端子板与导电杆，接线端子板与导电杆和导电杆通过螺栓连接，接线端子板上的螺纹孔作为起吊孔使用；使用连接螺纹孔可以连接起吊工装，方便转运，且在端部法兰和接线端子板电镀锡，提高抗氧化性能；采用U型槽代替矩形槽，使密封面为U型槽底和内、外圆三面，提高了密封可靠性。

