1. WO/2014/206211 BACK-PASSIVATED SOLAR BATTERY AND MANUFACTURING METHOD THEREFOR
WO
31.12.2014
H01L 31/18 Loading...
H01L 31/18
Loading...
PCT/CN2014/079937
YINGLI GROUP COMPANY LIMITED
XU, Zhuo
H01L 31/18
Loading...
A back-passivated solar battery and a manufacturing method therefor. The manufacturing method comprises: after an antireflective film is prepared on a silicon chip, first, forming a back surface field provided with a hollow pattern; then, forming a back-passivated layer; and then, forming a positive electrode. By way of forming the back surface field prior to the back-passivated layer, the step of laser grooving is omitted and the damage of the laser grooving to the silicon chip is avoided. The back surface field is a hollow structure which reduces the contact area with the back-passivated layer and reduces the erosion degree of the back surface field on the back-passivated layer, so as to enable the back-passivated layer to better play a passivating role, thereby reducing the carrier recombination of the back surface of the battery, all of which can ultimately improve the conversion efficiency of the back-passivated solar battery.
2. WO/2014/206240 BACK CONTACT SOLAR BATTERY AND METHOD OF PREPARING BACK CONTACT SOLAR BATTERY
WO
31.12.2014
H01L 31/0224 Loading...
H01L 31/0224
Loading...
PCT/CN2014/080309
YINGLI GROUP COMPANY LIMITED
LI, Feng
H01L 31/0224
Loading...
A back contact solar battery and a method of preparing a back contact solar battery. The method of preparing a back contact solar battery comprises: providing a first mould slide boat that comprises a first film growing area and a first shielding area that are arranged alternatively and a second mould slide boat that comprises a second film growing area and a second shielding area that are arranged alternatively, the first film growing area being corresponding to the second shielding area, and the second film growing area being corresponding to the first shielding area; and then forming, on a surface, with a passivation layer, of a monocrystalline silicon substrate by using the mould slide boats, a first doped amorphous silicon indication area and a second doped amorphous silicon indication area that are of opposite doping types and are arranged in a crossed manner. By means of the preparing method, a fork shaped structure of a back field of a back contact solar battery is implemented simply at a low cost, and no additional manufacturing process of forming a passivation layer is required, thereby simplifying the method of preparing a back contact solar battery.
3. WO/2014/206214 METHOD FOR MANUFACTURING IBC SOLAR CELL AND IBC SOLAR CELL
WO
31.12.2014
H01L 31/18 Loading...
H01L 31/18
Loading...
PCT/CN2014/080040
YINGLI GROUP COMPANY LIMITED
LI, Feng
H01L 31/18
Loading...
A method for manufacturing an IBC solar cell and an IBC solar cell. In the method, first conductive finger regions are formed by using a laser ablation process or a laser etching process, second conductive finger regions are formed by using a screen printing process, and multiple steps of screen printing of a barrier layer, etching, secondary screen printing of the barrier layer, diffusion, glass layer removing, cleaning and the like are not needed, so that the method for manufacturing an IBC solar cell is simplified, the production efficiency is improved, and the production cost is reduced. In addition, the second conductive finger regions of the provided IBC solar cell are combined with a silicon wafer substrate to form an emitter of the cell, and boron does not need to be doped into the emitter, so that the boron-oxygen recombination action at the second conductive finger regions is relatively weak, the light-induced degradation action is smaller, and therefore, the conversion efficiency of the cell is higher.
4. WO/2014/206213 SOLAR BATTERY AND MANUFACTURING METHOD THEREFOR
WO
31.12.2014
H01L 31/18 Loading...
H01L 31/18
Loading...
PCT/CN2014/080039
YINGLI GROUP COMPANY LIMITED
XU, Zhuo
H01L 31/18
Loading...
A solar battery and manufacturing method therefor. The method comprises: providing a semiconductor substrate (201); forming an aluminium back-surface field (204) and a passivation layer (205) on the back surface of the semiconductor substrate (201), wherein the aluminium back-surface field (204) comprises a grid-like aluminium back-surface field (206) and at least one main back-surface field (207) which is perpendicular to the grid-like aluminium back-surface field (206), and the passivation layer (205) is located in the gap between the grid-like aluminium back-surface field (206) and the main back-surface field (207). The aluminium back-surface field (204) of the solar battery formed by the method for manufacturing a solar battery is a hollow aluminium back-surface field comprising: the grid-like aluminium back-surface field (206) and the at least one main back-surface field (207) which is perpendicular to the grid-like aluminium back-surface field (206). The hollow aluminium back-surface field (204) can reduce the contact area between the aluminium back-surface field (204) and the semiconductor substrate (201), and can improve the energy conversion efficiency of the solar battery. In addition, the passivation layer (205) which is formed in the gap between the grid-like aluminium back-surface field (206) and the main back-surface field (207) functions to protect the solar battery, and improves the quality of the solar battery.
5. WO/2014/194833 HETEROJUNCTION SOLAR BATTERY AND PREPARATION METHOD THEREFOR
WO
11.12.2014
H01L 31/0224 Loading...
H01L 31/0224
Loading...
PCT/CN2014/079208
YINGLI ENERGY (CHINA) COMPANY LIMITED
LI, Feng
H01L 31/0224
Loading...
Provided are a heterojunction solar battery and a preparation method therefor. The heterojunction solar battery comprises a TCO (50), and a gate electrode (60) formed on the TCO (50), wherein the gate electrode (60) partially extends into the TCO (50). The preparation method for a heterojunction solar battery comprises: providing an underlayment (10), and forming a TCO (50) above the underlayment (10); and forming a gate electrode (60) on the TCO (50), wherein in the step of forming the gate electrode (60) on the TCO (50), the gate electrode (60) partially extends into the TCO (50). By partially extending the gate electrode (60) into the inside of the TCO (50), the contact area between the gate electrode (60) and the TCO (50) is increased, and the contact resistance is reduced. Meanwhile, by the lateral contact between the gate electrode (60) and the TCO (50), the carrier transport is improved to a certain extent, and thus the filling factor of the solar battery is increased and the energy conversion efficiency of the battery is improved.
6. WO/2014/194830 QUARTZ CRUCIBLE AND FABRICATION METHOD THEREOF, AND P-TYPE SILICON INGOT AND FABRICATION METHOD THEREOF
WO
11.12.2014
C03B 20/00 Loading...
C03B 20/00
Loading...
PCT/CN2014/079184
YINGLI ENERGY (CHINA) COMPANY LIMITED
PAN, Jiaming
C03B 20/00
Loading...
A quartz crucible and a fabrication method thereof, and a P-type silicon ingot and a fabrication method thereof. The fabrication method comprises: successively performing slip casting, demolding, drying, and sintering on the crucible raw material, to obtain a quartz crucible, the crucible raw material comprising high-purity inorganic gallium salt and high-purity quartz sand, and the weight ratio of gallium in the crucible raw material to the high-purity quartz sand being 3.7-370g:1000kg. The content of gallium in the obtained quartz crucible is 0.296g-29.6g/100kg by weight. The electrical resistivity of a P-type silicon ingot fabricated by using the quartz crucible as a container can be improved.
7. WO/2014/194832 COATING STRUCTURE FOR CRUCIBLE, FABRICATION METHOD THEREOF, AND CRUCIBLE COMPRISING SAME
WO
11.12.2014
C30B 28/06 Loading...
C30B 28/06
Loading...
PCT/CN2014/079207
YINGLI ENERGY (CHINA) COMPANY LIMITED
SU, Chunyang
C30B 28/06
Loading...
A coating structure for a crucible, a fabrication method thereof, and a crucible comprising same. The coating structure (200) comprises an isolation layer (210) and an induction layer (220), the isolation layer (210) is coated on the surface of a crucible substrate (100), and the induction layer (220) is coated on the surface of the isolation layer (210). The coating structure uses the two layer structure, namely, the isolation layer (210) and the induction layer (220). The induction layer (220) is arranged to carry the silicon melt long crystal, improve the effect of the silicon melt long crystal, and ensure the quality of a polycrystalline silicon ingot; the isolation layer (210) is arranged to isolate the formed polycrystalline silicon ingot from the crucible main body to prevent the impurities in the crucible main body from dispersing towards the polycrystalline silicon ingot and prevent the crucible from being adhered to the polycrystalline silicon ingot, so that the polycrystalline silicon ingot is easily demolded, thereby ensuring the quality of the fabricated polycrystalline silicon ingot.
8. 203377815 便携光伏装置
CN
01.01.2014
H02N 6/00 Loading...
H02N 6/00
Loading...
201320455617.3
中盛光电能源股份有限公司
周荣明
H02N 6/00
Loading...
本实用新型涉及一种便携光伏装置，由光伏组件、锂电池、控制电路模块、充电接口和外壳构成；所述外壳为折叠式外壳，由上壳和下壳构成，所述上壳和下壳上各设置有一块光伏组件，两块光伏组件相串联；所述锂电池和控制电路设置在下壳上光伏组件与下壳之间，相串联的光伏组件接入所述控制电路，所述控制电路接入锂电池，并且所述外壳外侧端面上设置有与控制电路相接的充电接口。这种便携光伏装置可以折叠，且质量较轻，方便携带，具有充电功能，且能够实时显示工作状态和电量情况，能耗低，外缘设置有包边，不易受损。
9. 203324832 自动跟踪光伏百叶系统
CN
04.12.2013
G05D 3/12 Loading...
G05D 3/12
Loading...
201320363699.9
中盛光电能源股份有限公司
周荣明
G05D 3/12
Loading...
本实用新型涉及一种自动跟踪光伏百叶系统，包括若干根设置有光伏百叶组件的旋转支架，旋转支架两端均设置有法兰盘，所述旋转支架左端的法兰盘上均设置有摇臂，摇臂之间通过传动连杆串联，且旋转支架左端顶部的法兰盘上连接有回转电机，所述旋转支架右侧设置有固定支撑，固定支撑上设置有用于连接旋转支架右端法兰盘的旋转支撑。这种自动跟踪光伏百叶系统能够针对不同的天气调整到不同的位置和工作状态；晴天可以根据太阳轨迹实时调整光伏百叶组件的角度，阴雨天和晚上光伏百叶组件调整到垂直向下的角度，起到挡雨挡风的作用；通过可见光光敏电阻可以判断晴天、阴雨天和晚上；且该组件设置有自动和手动两种模式，让用户随心所欲的设置角度。
10. 203312328 建筑光伏百叶系统
CN
27.11.2013
H01L 31/042 Loading...
H01L 31/042
Loading...
201320317341.2
中盛光电能源股份有限公司
周荣明
H01L 31/042
Loading...
本实用新型涉及一种建筑光伏百叶系统，包括预置倾角的支架，所述支架顶部和底部分别设置有与建筑立面墙体相固定的定位块和底座，底座上设置有固定轴，该固定轴与设置在支架底部侧面的U型插槽配合；所述定位块和底座之间支架的倾角上设置有光伏百叶组件；光伏百叶组件采用串联式接线盒和切片电池片。这种建筑光伏百叶系统零部件少，结构简单，安装简单，调节方便，具有较高的安装效率和经济性。
11. 103345267 一种自动跟踪光伏百叶系统
CN
09.10.2013
G05D 3/12 Loading...
G05D 3/12
Loading...
201310252553.1
中盛光电能源股份有限公司
周荣明
G05D 3/12
Loading...
本发明公开了一种自动跟踪光伏百叶系统，包括若干根设置有光伏百叶组件的旋转支架，旋转支架两端均设置有法兰盘，所述旋转支架左端的法兰盘上均设置有摇臂，摇臂之间通过传动连杆串联，且旋转支架左端顶部的法兰盘上连接有回转电机，所述旋转支架右侧设置有固定支撑，固定支撑上设置有用于连接旋转支架右端法兰盘的旋转支撑。这种自动跟踪光伏百叶系统能够针对不同的天气调整到不同的位置和工作状态；晴天可以根据太阳轨迹实时调整光伏百叶组件的角度，阴雨天和晚上光伏百叶组件调整到垂直向下的角度，起到挡雨挡风的作用；通过可见光光敏电阻可以判断晴天、阴雨天和晚上；且该组件设置有自动和手动两种模式，让用户随心所欲的设置角度。
12. 203225255 光伏组件夹扣
CN
02.10.2013
H01L 31/02 Loading...
H01L 31/02
Loading...
201320136854.3
中盛光电能源股份有限公司
周荣明
H01L 31/02
Loading...
本实用新型涉及一种光伏组件夹扣，包括用于固定光伏组件的夹扣，所述夹扣正面设置有卡槽，背面设置有直角卡槽，所述直角卡槽与设置在光伏组件外部的边框卡接，其中直角卡槽顶端与边框“C”形边的端面接触，根部与光伏组件内壁接触；所述卡槽上插接有光伏配件，光伏配件与夹扣和边框之间通过螺栓连接。这种光伏组件夹扣可实现如微型逆变器、光伏优化器等光伏组件发电配件轻松与光伏组件边框连接，解决光伏组件发电配件需要与不同种类支架配套的问题，同时避免了光伏组件和光伏组件发电配件需要每个接地，实现统一接地，大大减少工程施工的时间。
13. 203225260 可调角度光伏支架
CN
02.10.2013
H01L 31/042 Loading...
H01L 31/042
Loading...
201320136853.9
中盛光电能源股份有限公司
王春成
H01L 31/042
Loading...
本实用新型涉及一种可调角度光伏支架，包括平行设置在矩形光伏组件背面的上梁和下梁，所述光伏组件长边外部设置有长边框，短边外部设置有短边框，所述下梁下方设置有上调节杆，上调节杆下方嵌有下调节杆，所述上调节杆和下调节杆上设置有若干孔径相同的圆孔，且上调节杆上任意一圆孔与下调节杆上任意一圆孔之间通过肖栓定位。这种可调角度光伏支架结构简单，能够根据地理位置和季节太阳角度照射的不同进行任意角度的调节，使光伏组件与太阳角度呈现最佳状态，达到最大发电量。
14. 203225266 折叠式光伏装置
CN
02.10.2013
H01L 31/045 Loading...
H01L 31/045
Loading...
201320136852.4
中盛光电能源股份有限公司
周荣明
H01L 31/045
Loading...
本实用新型涉及一种折叠式光伏装置，具有两块采用合页连接的组件，所述每块组件底部前端设置有前底座，后端设置有支撑杆，支撑杆底部设置有后底座，且所述支撑杆与组件之间设置有辅助支撑杆；所述前底座、辅助支撑杆和支撑杆与组件之间以及支撑杆与后底座之间均通过平头铆钉铆接；所述辅助支撑杆与支撑杆之间通过螺栓固定连接；所述组件侧面中间部位设置有手提拉手；所述组件侧面设置有若干固定搭扣。这种折叠光伏装置可以使前底座、辅助支撑杆、支撑杆和后底座通过平头铆钉旋转折叠在组件边框内，通过合页将两块组件折叠合并在一起，并通过固定搭扣固定，通过手提拉手方便运输。
15. 203070111 大型光伏并网双轴跟踪系统
CN
17.07.2013
G05D 3/12 Loading...
G05D 3/12
Loading...
201220681996.3
中盛光电能源股份有限公司
周荣明
G05D 3/12
Loading...
本实用新型涉及一种大型光伏并网双轴跟踪系统，包括电池板平台，所述电池板平台下方设置有支撑柱，支撑柱底部与设置在其下方的转盘轴承盖连接；所述转盘轴承盖上还设置有用于安装升降机的升降机基座，并且该升降机基座位于支撑柱之间，所述转盘轴承盖下方设置有转盘轴承，该转盘轴承通过设置在其下方的行星减速机驱动。这种大型光伏并网双轴跟踪系统结构简单、机械强度好、运行可靠、安装方便、监控系统适用范围广、阳光辐射能利用效率高，是一个从跟踪系统到远程监控的完整的新型机电系统解决方案，具有很好光伏产业应用前景。
16. 203071588 光伏微网系统
CN
17.07.2013
H02J 3/38 Loading...
H02J 3/38
Loading...
201220681948.4
中盛光电能源股份有限公司
周荣明
H02J 3/38
Loading...
本实用新型涉及一种光伏微网系统，具有微电网，所述微电网上并联有储能装置、微型燃气轮机、铅酸蓄电池装置、生物能发电装置、风能发电装置和光伏组件，并且所述储能装置、微型燃气轮机、铅酸蓄电池装置、生物能发电装置、风能发电装置和光伏组件上均设置有控制检测系统。这种光伏微网系统可以在无电网地区建立微电网，满足无电网区域的使用要求；靠近负荷用户，提高能源利用效率；提高电能质量和供电可靠性；减少各种碳化物的排放，环保性好；减少电能远距离传输带来的线损和各种稳定方面的问题；延缓有负荷不断增长带来的电网不断扩建。
17. WO/2013/044611 SOLAR CELL SHEET AND HEAT TREATMENT PROCESS THEREOF
WO
04.04.2013
H01L 31/18 Loading...
H01L 31/18
Loading...
PCT/CN2012/071967
YINGLI ENERGY (CHINA) COMPANY LIMITED
WANG, Hongfang
H01L 31/18
Loading...
Provided are a solar cell sheet and a heat treatment process thereof. The heat treatment process includes: a) sifting from solar cell sheets after printed and sintered cell sheets with conversion efficiency lower than 18% and filling factor thereof higher than 70%; b) performing low temperature annealing on the sifted cell sheets; c) sifting from the cell sheets after low temperature annealing cell sheets with decreased filling factor; d) re-sintering the sifted cell sheets; and e) sifting from the re-sintered cell sheets cell sheets with conversion efficiency lower than 18% and returning back to b) until most or all of the sifted meet demands. The low temperature annealing and re-sintering processes proceed cyclically, low temperature annealing can repair the defects in the substrate material, and the re-sintering process can repair the defects generated from low temperature annealing, and the two processes cooperate with each other and sifting can be performed repeatedly, greatly reducing the number of low efficient sheets and improving economic benefits.
18. 102969738 一种大型光伏并网双轴跟踪系统
CN
13.03.2013
H02J 3/38 Loading...
H02J 3/38
Loading...
201210534204.4
中盛光电能源股份有限公司
周荣明
H02J 3/38
Loading...
本发明公开了一种大型光伏并网双轴跟踪系统，包括电池板平台，所述电池板平台下方设置有支撑柱，支撑柱底部与设置在其下方的转盘轴承盖连接；所述转盘轴承盖上还设置有用于安装升降机的升降机基座，并且该升降机基座位于支撑柱之间，所述转盘轴承盖下方设置有转盘轴承，该转盘轴承通过设置在其下方的行星减速机驱动。这种大型光伏并网双轴跟踪系统结构简单、机械强度好、运行可靠、安装方便、监控系统适用范围广、阳光辐射能利用效率高，是一个从跟踪系统到远程监控的完整的新型机电系统解决方案，具有很好光伏产业应用前景。
19. 202798800 大规模光伏电站组实时远程智能数据传输系统
CN
13.03.2013
H04L 29/08 Loading...
H04L 29/08
Loading...
201220388485.2
中盛光电能源股份有限公司
孙杰
H04L 29/08
Loading...
本实用新型涉及一种大规模光伏电站组实时远程智能数据传输系统，具有核心控制单元，所述核心控制单元一端并接有与服务器进行通讯的TCP/IP传输模块和GPRS传输模块，另一端并接有对光伏电站数据采集设备通信的RS485通讯模块和用于设置参数的RS232通讯模块；所述核心控制单元由AT89C51单片机构成。这种大规模光伏电站组实时远程智能数据传输系统不需要根据方案的变化而重新编写有关通信协议的程序，只需要做简单的设定即可，给维护也带来了许多的方便，节省了研发成本；满足光伏电站需求，运行可靠、安装方便、智能化程度高，具有很好的产业应用前景。
20. 202798154 大规模分布式光伏电站组实时远程智能运行控制系统
CN
13.03.2013
H02J 13/00 Loading...
H02J 13/00
Loading...
201220388553.5
中盛光电能源股份有限公司
陈启亮
H02J 13/00
Loading...
本实用新型涉及一种大规模分布式光伏电站组实时远程智能运行控制系统，包括若干组光伏电站组件，所述每组光伏电站组件直流输出侧依次串接有组件测量模块、直流汇流箱、逆变器、配电计量设备和电网，其中所述组件测量模块、直流汇流箱、逆变器和配电计量设备上并联有连接监控中心的数据采集器。这种大规模分布式光伏电站组实时远程智能运行控制系统保证了光伏电站组件处于最大功率点发电状况，可挽回电站中组件不匹配性、阴影遮挡下、组件衰减状态下的发电量损失情况；一旦电站中出现组件损坏情况，就可在监控界面上立刻发现，直接进行维护，大大节约了维护成本，数据采集器可兼容不同品牌的逆变器、汇流箱等，适应范围广。
21. 202798013 大规模分布式光伏电站用户侧并网防逆流系统
CN
13.03.2013
H02J 3/38 Loading...
H02J 3/38
Loading...
201220388484.8
中盛光电能源股份有限公司
陈启亮
H02J 3/38
Loading...
本实用新型涉及一种大规模分布式光伏电站用户侧并网防逆流系统，包括若干并联在跟踪支架上的光伏组件，所述光伏组件输出端串联有与电网连接的接触器，接触器与电网之间的交流汇流处串联有电流互感器，所述电流互感器与电网之间并联有逆功率继电器，逆功率继电器通过串联在一起的信号传递设备和可编程控制器与所述接触器连接。这种大规模分布式光伏电站用户侧并网防逆流系统选择可编程控制器对系统进行程序编译，控制跟踪支架，根据负载情况转向不同的光强位置，减少光伏输出，保证光伏所发电只给当地负载使用，不会将电力馈送至国家电网。
22. 102946120 一种光伏微网系统
CN
27.02.2013
H02J 3/38 Loading...
H02J 3/38
Loading...
201210533426.4
中盛光电能源股份有限公司
周荣明
H02J 3/38
Loading...
本发明公开了一种光伏微网系统，具有微电网，所述微电网上并联有储能装置、微型燃气轮机、铅酸蓄电池装置、生物能发电装置、风能发电装置和光伏组件，并且所述储能装置、微型燃气轮机、铅酸蓄电池装置、生物能发电装置、风能发电装置和光伏组件上均设置有控制检测系统。这种光伏微网系统可以在无电网地区建立微电网，满足无电网区域的使用要求；靠近负荷用户，提高能源利用效率；提高电能质量和供电可靠性；减少各种碳化物的排放，环保性好；减少电能远距离传输带来的线损和各种稳定方面的问题；延缓有负荷不断增长带来的电网不断扩建。
23. 202503004 平屋顶固定式太阳能光伏发电装置
CN
24.10.2012
H01L 31/042 Loading...
H01L 31/042
Loading...
201220037684.9
中盛光电能源股份有限公司
周荣明
H01L 31/042
Loading...
本实用新型涉及一种平屋顶固定式太阳能光伏发电装置，包括水泥基础、组件卡扣、挡风板和太阳能光伏组件，太阳能光伏组件固定安装在水泥基础上，所述水泥基础由水泥基础一、水泥基础二和水泥基础三组成，水泥基础一通过预埋的螺栓固定水泥基础二，水泥基础三放置于中间设置有方孔的水泥基础一和水泥基础二中，太阳能光伏组件前端和后端通过组件卡扣分别与水泥基础二和水泥基础三的定制钢板连接，挡风板下端与水泥基础二连接，挡风板上端与水泥基础三连接。这种平屋顶固定式太阳能光伏发电装置大大简化了平屋顶固定式太阳能光伏发电装置的结构，节约了现场安装时间，降低了成本，提高了性价比。
24. 202503322 智能化太阳能离网系统一体机
CN
24.10.2012
H02J 7/00 Loading...
H02J 7/00
Loading...
201220037682.X
中盛光电能源股份有限公司
陈启亮
H02J 7/00
Loading...
本实用的新型涉及一种智能化太阳能离网系统一体机，包括一体机柜体，所述一体机柜体内自上往下依次设置有监控模块、配电模块、控制器、逆变器、蓄电池组以及外部接口。本实用新型的优点是，这种智能化太阳能离网系统一体机可满足普通家庭用电需求，结构简单、机械强度好、运行可靠、安装方便、智能化程度高、方便移动，具有很好的产业应用前景。
25. 202503003 光伏支架
CN
24.10.2012
H01L 31/042 Loading...
H01L 31/042
Loading...
201220037680.0
中盛光电能源股份有限公司
周荣明
H01L 31/042
Loading...
本实用新型涉及一种光伏支架，包括用于安装支撑太阳能光伏组件的矩形框架，所述矩形框架由两根横梁铝合金导轨-70和两根纵梁铝合金导轨-52相互垂直交叉形成，所述横梁铝合金导轨-70的下方设置有用于支撑矩形框架的竖铝合金导轨-70，竖铝合金导轨-70底部设置有地接件。本实用新型的优点是，这种光伏支架质量轻便，生产成本降低，提高了性价比，使安装更方便，可根据不同的载荷要求和光伏组件数量设计排布方阵，专用接地方式使组件接地方便可靠，并且具有很强的抗风性。
26. 102437622 一种智能化太阳能离网系统一体机
CN
02.05.2012
H02J 7/00 Loading...
H02J 7/00
Loading...
201210025751.X
中盛光电能源股份有限公司
陈启亮
H02J 7/00
Loading...
本发明公开了一种智能化太阳能离网系统一体机，包括一体机柜体，所述一体机柜体内自上往下依次设置有监控模块、配电模块、控制器、逆变器、蓄电池组以及外部接口。本发明的优点是，这种智能化太阳能离网系统一体机可满足普通家庭用电需求，结构简单、机械强度好、运行可靠、安装方便、智能化程度高、方便移动，具有很好的产业应用前景。
27. WO/2011/050603 CHARGING CONTROL METHOD AND SYSTEM FOR PHOTOVOLTAIC VEHICLE
WO
05.05.2011
H02J 7/14 Loading...
H02J 7/14
Loading...
PCT/CN2010/071689
YINGLI ENERGY (CHINA) COMPANY LIMITED
WANG, Shiyuan
H02J 7/14
Loading...
A charging control method and a system for a photovoltaic vehicle are used to control a photovoltaic cell (1) and a generator (2) to charge a battery (3). The method includes: detecting the voltage of the photovoltaic cell (1) (S103); judging whether the voltage of the photovoltaic cell (1) is lower than the charging voltage of the battery (3) (S104); if no (S1042), controlling the photovoltaic cell (1) to charge the battery (3) (S105); if yes (S1041), controlling the generator (2) to charge the battery (3) (S108). When the quantity of electricity generated by the photovoltaic cell (1) is large, the photovoltaic cell (1) is used to charge the battery (3); when the quantity of electricity generated by the photovoltaic cell (1) can not meet the charging requirement of the battery (3), the generator (2) is used to charge the battery (3). The method and the system can reduce oil consumption and the usage cost of the vehicle, and ensure that the vehicle can work normally under any circumstance.
28. WO/2011/026334 SOLAR CELL PANEL MOUNTING MEMBER
WO
10.03.2011
E04D 13/00 Loading...
E04D 13/00
Loading...
PCT/CN2010/072188
YINGLI ENERGY (CHINA) COMPANY LIMITED
WANG, Shiyuan
E04D 13/00
Loading...
A solar cell panel (20) mounting member includes: a bottom member (11) provided with a first connecting member (111) which is used for fixing said mounting member, a standing pole (12) set on the upper surface of the bottom member (11), an upper cover (14) set at the top of the standing pole (12). Said upper cover (14) cooperates with the bottom member (11) for engaging with the frame (21) of the solar cell panel (20), so as to fix said solar cell panel (20). Said mounting member can fix the solar cell panel safely and effectively.
29. WO/2010/069115 AUTOMATIC SUN-TRACKING PHOTOVOLTAIC ELECTRICAL ENERGY GENERATION DEVICE
WO
24.06.2010
F24J 2/54 Loading...
F24J 2/54
Loading...
PCT/CN2009/000005
ET ENERGY COMPANY LIMITED
WANG, Xinghua
F24J 2/54
Loading...
An automatic sun-tracking photovoltaic electrical energy generation device includes a base (2) mounted on an installing platform. A main supporting frame (2) is set on the base (1). A solar battery panel platform (3) is set on the main supporting frame (2). Solar photovoltaic modules (4) are set on the solar battery panel platform (3). The base is rotatablely linked with the installing platform (9). A base circumferentially driven planetary speed reducer (5) is set on the base (1). A platform elevation angle regulating lifter (6) is fixed on the main supporting frame (2). One end of a telescopic rod (7) of the platform elevation angle regulating lifter (6) is hinged to the solar battery panel platform (3). The base circumferentially driven planetary speed reducer (5) and the platform elevation angle regulating lifter (6) are connected with an electrical control device.

