1. 106432340 一种含多DOPO环状磷酸酯的复合结构磷阻燃剂及其制备方法
CN
22.02.2017
C07F 9/6574 Loading...
C07F 9/6574
Loading...
201610304553.5
淮安丹文化工科技有限公司
刘长坤
C07F 9/6574
Loading...
本发明公开了一种含多DOPO环状磷酸酯的复合结构磷阻燃剂及其制备方法，该复合结构磷阻燃剂，其结构式中包括不少于1个有机磷酸酯和不少于2个DOPO环状磷酸酯。DOPO与多羟基链烷烃或取代链烃混合，其中多羟基链烷烃的羟基数目≥3，取代链烃中链烃碳数≥3，在保护气体下加热混合物至195‑210℃反应14‑17小时，降至室温，再加入卤代氧磷或不完全酯化卤代氧磷，然后升温至55‑65℃反应1.5‑3小时，降至室温即得。本发明提供在两种分解温度时的阻燃作用，一个出现在230‑310℃之间，另一个出现在345℃之后，合成简单，使用方便，磷含量高，阻燃效果更好。
2. 106084213 一种阻燃改性尼龙56聚合物及其制备方法
CN
09.11.2016
C08G 69/42 Loading...
C08G 69/42
Loading...
201610428399.2
优纤科技（丹东）有限公司
郝新敏
C08G 69/42
Loading...
本发明公开了一种阻燃改性尼龙56聚合物及其制备方法。所述方法包括如下步骤：(1)在氮气保护下，生物基戊二胺和己二酸在水中进行反应，得到尼龙56盐水溶液；生物基戊二胺为赖氨酸或赖氨酸盐在赖氨酸脱羧酶的作用下脱去两端羧基得到的；(2)将尼龙56盐水溶液、分子量调节剂和阻燃剂加入至反应器中，在温度为210～240℃和压力为1.7～1.85MPa的条件下进行保压；释放反应器内的压力，将温度升至265～275℃；抽真空并经搅拌即得。本发明制备得到的阻燃改性生物基尼龙56，其最大的优点是相比于普通尼龙66、尼龙6等产品，具有阻燃抗融滴的特性，可以适应较高温度、湿度、电压的场所使用，安全环保；并且由于改性过程中物性没有明显降低，便于后续进一步进行改性和加工制造。
3. 106012054 一种生物基锦纶纤维及其制备方法
CN
12.10.2016
D01D 5/08 Loading...
D01D 5/08
Loading...
201610428340.3
优纤科技（丹东）有限公司
郝新敏
D01D 5/08
Loading...
本发明公开了一种生物基锦纶纤维及其制备方法。该方法包括如下(1)或(2)的步骤：(1)1)生物基锦纶56切片经真空干燥后进行熔融纺丝得到熔体细流；2)所述熔体细流经冷却、牵伸和热定型得到生物基锦纶56长纤；(2)1)生物基锦纶56切片经真空干燥后进行熔融纺丝得到熔体细流；2)所述熔体细流经冷却、牵伸、卷曲、上油、松弛热定型和切断得到生物基锦纶56短纤。本发明提供的生物基锦纶56纤维可以用于军用，包括军服、帐篷、鞋靴、内衣战斗装备等，也可用于民用服装、家居、工业生产、汽车行业等领域。
4. 105970688 一种锦纶56纤维面料的酸性浴染色方法
CN
28.09.2016
D06P 1/39 Loading...
D06P 1/39
Loading...
201610438671.5
优纤科技（丹东）有限公司
郝新敏
D06P 1/39
Loading...
本发明公开了一种锦纶56纤维面料的酸性浴低温染色方法。该方法包括如下步骤：采用弱酸性酸性染料、1：2金属络合染料、活性染料或分散染料对锦纶56纤维面料进行染色；所述锦纶56纤维面料为锦纶56长丝或锦纶56短纤织物。本发明提供的锦纶纤维的染色方法具有如下优点：锦纶56玻璃化温度为46℃，锦纶66为52℃，锦纶56玻璃化温度更低，吸湿性高，更容易上染。锦纶66一般上染温度为40～98℃，锦纶56纤维的面料染色温度可降低为40～80℃。从本发明的染色过程可以看到：锦纶56染色时温度更低，这样更加节省能源；另外，因为其染色时温度更低，所以对织物的损伤更小。
5. 105919196 一种阻燃锦纶混纺织物及其制备方法
CN
07.09.2016
A41D 31/00 Loading...
A41D 31/00
Loading...
102016000438673
优纤科技（丹东）有限公司
郝新敏
A41D 31/00
Loading...
本发明公开了一种阻燃锦纶混纺织物及其制备方法。所述阻燃锦纶混纺织物由绵纶56纤维与棉纤维混纺得到，或者由锦纶56纤维与阻燃粘胶纤维混纺得到；所述绵纶56纤维与所述棉纤维的质量比为15～80：85～20；所述锦纶56纤维与所述阻燃粘胶纤维的质量比为15～80：85～20。本发明提供的制备方法，主要使用新型的锦纶56纤维，它具有良好的阻燃性能，与棉纤维或阻燃粘胶纤维混纺后，使制备得到的高绵纶含量的混纺织物具有良好的阻燃性能。本发明提供的高锦纶含量的阻燃锦纶混纺织物，与传统的中锦纶含量一般不大于12％的锦纶混纺织物相比，具有更好的强度、舒适性和柔软性。为锦纶混纺阻燃织物新的应用领域和阻燃研究提供新思路。
6. 105885408 一种耐热改性锦纶56聚合物及其制备方法
CN
24.08.2016
C08L 77/06 Loading...
C08L 77/06
Loading...
102016000428381
优纤科技（丹东）有限公司
郝新敏
C08L 77/06
Loading...
本发明公开了一种耐热改性锦纶56聚合物及其制备方法。该方法包括如下步骤：(1)在氮气保护下，生物基戊二胺和己二酸在水中进行反应，得到锦纶56盐水溶液；所述生物基戊二胺为赖氨酸或赖氨酸盐在赖氨酸脱羧酶的作用下脱去两端羧基得到的；(2)将所述锦纶56盐水溶液和分子量调节剂加入至反应器中，在温度为210～240℃和压力为1.7～1.85MPa的条件下进行保压；释放所述反应器内的压力并加入耐热改性剂之后将温度升至265～275℃；抽真空并经搅拌得到耐热改性锦纶56聚合物。本发明制备得到的改性生物基锦纶56，其最大的优点是相比于普通锦纶66、锦纶6等产品，具有较高的耐高温、耐老化的特性，可以适应较高温度的场所使用，并且便于后续的加工制造。
7. 105887515 一种锦纶56纤维/棉混纺面料的印花方法
CN
24.08.2016
D06P 1/38 Loading...
D06P 1/38
Loading...
102016000428281
优纤科技（丹东）有限公司
郝新敏
D06P 1/38
Loading...
本发明公开了一种锦纶56纤维/棉混纺面料的印花方法。该印花方法包括如下步骤：采用活性染料对所述锦纶56纤维/棉混纺面料进行印花；所述锦纶56纤维/棉混纺面料为锦纶56纤维与棉纤维的混纺面料。本发明锦纶56纤维/棉混纺面料的印花方法，具有如下优点：本发明锦纶56纤维与棉混纺织物一步法印花采用同浆印花的方式，具有节约能源、环保的优点，本发明印花方法工艺简单，由于锦纶56纤维的特殊性，同浆印花可以达到两种纤维得色一致的效果。
8. 105887230 一种锦纶56短纤及其熔体直纺制备方法
CN
24.08.2016
D01F 6/60 Loading...
D01F 6/60
Loading...
102016000438659
优纤科技（丹东）有限公司
郝新敏
D01F 6/60
Loading...
本发明公开了一种锦纶56短纤的熔体直纺制备方法。该方法包括如下步骤：(1)在氮气保护下，生物基戊二胺和己二酸在水中进行反应，得到锦纶56盐水溶液；(2)将锦纶56盐水溶液和分子量调节剂加入至反应器中，在温度为210～240℃和压力为1.7～1.85MPa的条件下进行保压；释放反应器内的压力并将温度升至280～290℃；抽真空并经搅拌得到锦纶56聚合物熔体；(3)锦纶56聚合物熔体输入至纺丝箱体中；所述锦纶56聚合物熔体经过喷丝板进行喷丝，然后经冷却后引到卷绕机上进行上油给湿，再依次经牵伸、卷曲、上油、松弛热定型和切断即得。本发明熔体直纺制备方法，流程短、效率高、产品稳定，为生物基锦纶以及锦纶类聚合物的工业化直纺提供指导。
9. 105887518 一种锦纶56纤维的染色方法
CN
24.08.2016
D06P 1/39 Loading...
D06P 1/39
Loading...
102016000428217
优纤科技（丹东）有限公司
郝新敏
D06P 1/39
Loading...
本发明公开了一种锦纶56纤维的染色方法。该染色方法包括如下步骤：1)配制染液：所述染液由酸性染料、匀染剂O和式Ⅰ所示释酸剂配制得到；2)将锦纶56纤维浸于所述染液中，在50℃～90℃的条件下实现染色。本发明所提供的释酸剂在高温下(≥50℃)下会逐渐分解为聚醚和丁二酸，经过调整所使用的聚醚结构，使染色浴中的pH值可控地降低，从而使锦纶56纤维的染色在pH值初期在6.5～7逐渐下降到3.5～4，使染色过程顺利、平缓地更行。

