1. WO/2017/071191 METHOD AND DEVICE FOR DISPLAYING PLUG-IN VIEW ELEMENT IN HOST APPLICATION PAGE
WO
04.05.2017
G06F 9/445 Loading...
G06F 9/445
Loading...
PCT/CN2016/083051
LE HOLDINGS (BEIJING) CO., LTD.
LIU, Liwei
G06F 9/445
Loading...
Provided are a method and device for displaying a plug-in view element in a host application page. The method comprises: upon activation of a host application, loading a plug-in (S101); acquiring a plug-in view element configured by the plug-in and context capable of being called by the plug-in view element (S102); and adding, according to the context, the plug-in view element to a host application page for display (S103). The method enables a plug-in view element to be displayed on at least a portion of a host application page, thereby optimizing plug-in solutions.
2. WO/2017/067158 DATA INPUT METHOD, DEVICE AND SERVER
WO
27.04.2017
H04N 21/472 Loading...
H04N 21/472
Loading...
PCT/CN2016/082535
LE HOLDINGS (BEIJING) CO., LTD.
CHAI, Liwei
H04N 21/472
Loading...
Disclosed in the present application are a data input method, a device, and a server. The method comprises: logging into the server according to user information received; sending a page request of an information editing page to the server, the page request comprising the URL address of the information editing page; receiving a first information record corresponding to the user information and an encrypted information returned from the server, the encrypted information comprising user information and the URL address; displaying an information editing page, the information editing page displayed comprising the first information record and the encrypted information, enabling a mobile terminal to acquire the encrypted information, automatically log into the server according to the user information and display the information editing page corresponding to the URL address. Transferring the editing operation from a display device to a mobile terminal obviates the inconvenience when completing an editing operation by means of a display device; a user can complete an editing operation skillfully by means of the mobile terminal, improving the efficiency of information editing.
3. 106600318 信息匹配方法、装置及电子设备
CN
26.04.2017
G06Q 30/02 Loading...
G06Q 30/02
Loading...
201611116374.5
乐视控股（北京）有限公司
敖伟波
G06Q 30/02
Loading...
本发明实施例关于一种信息匹配方法，所述方法包括：当接收到娱乐系统发送的订单号时，从订单管理平台获取与所述订单号对应的乘客信息；从预存储的乘客标签中确定与所述乘客信息相匹配的目标乘客标签；其中，所述乘客标签是乘客对应的广告索引信息；当按照所述目标乘客标签筛选广告文件得到目标广告文件；将所述目标广告文件发送到所述娱乐系统。本发明实施例还公开了一种信息匹配装置及电子设备。本发明实施例的技术方案，广告服务器能够根据乘客的个人信息，为乘客提供个性化的定制广告，从而在提高广告投放资源利用率的基础上，不仅能够将广告主的利益最大化，而且还能够提高乘客的观看体验。
4. WO/2017/063364 METHOD OF AUTOMATICALLY PLAYING BACK VIDEO LIST AND DEVICE UTILIZING SAME
WO
20.04.2017
H04N 21/482 Loading...
H04N 21/482
Loading...
PCT/CN2016/082636
LE HOLDINGS (BEIJING) CO., LTD.
JIANG, Wei
H04N 21/482
Loading...
The application discloses a method of automatically playing back a video list and a device utilizing the same. The method comprises: when an instruction indicative of opening a video list is detected, displaying the video list, wherein the video list is an interface object configured to interact with a user and comprising one or more items, and each of the items comprises a preview area; and playing back a video corresponding to a first item in the video list at a preview area of the first item, and simultaneously displaying a corresponding preview image at a preview area of another item. When the video list is displayed, the embodiment plays back a video a predefined item at a preview area of the predefined item, while only showing a corresponding preview image at a preview area of another item, reducing use of a system resource while also taking convenience of video content preview into consideration.
5. 106572378 一种视频介绍信息显示方法及装置
CN
19.04.2017
H04N 21/431 Loading...
H04N 21/431
Loading...
201610873300.X
乐视控股（北京）有限公司
李怡锟
H04N 21/431
Loading...
本发明实施例公开一种视频介绍信息显示方法及装置，该方法中，在生成第一视频的视频组件后，若切换至第二视频，从已生成的各个视频组件中，查找第二视频所需的目标视频组件，将所述目标视频组件中封装的介绍信息更新为所述第二视频的介绍信息，当需要显示第二视频的介绍信息时，调用所述目标视频组件即可。通过本发明实施例公开的方案，在视频切换后，能够将已生成的视频组件进行重新配置，反复利用，从而不需要每次在视频切换后，都重新生成切换后的视频所需的所有视频组件，相对于现有技术来说，减缓了客户端的负担，并能够提高视频播放页面的加载速度。
6. 106570092 一种URL地址的管理方法和装置
CN
19.04.2017
G06F 17/30 Loading...
G06F 17/30
Loading...
102016000921964
乐视控股（北京）有限公司
王芳
G06F 17/30
Loading...
本发明公开了一种URL地址的管理方法和装置，包括：定时遍历URL地址库中的URL地址并发送访问请求，获取所述URL地址对应的网页状态码；根据所述网页状态码确定与所述网页状态码对应的URL地址是否可以访问；将不可访问的URL地址由所述URL地址库移入错误地址库。可见本发明公开的方法和装置通过定时向网页的URL地址发送访问请求，根据返回的网页状态码对URL地址是否可用做出判断，并将不可用的URL地址进行记录，从而实现了对URL地址有效性的自动检测和管理，提高效率的同时节省了大量的人力资源。
7. 106569885 应用主题切换方法及装置
CN
19.04.2017
G06F 9/48 Loading...
G06F 9/48
Loading...
201610894472.5
乐视控股（北京）有限公司
刘力伟
G06F 9/48
Loading...
本发明实施例提供一种应用主题切换方法及装置，所述方法包括：预存应用的背景主题切换时待切换样式的视图的样式项目列表；响应切换应用主题的请求，将应用的背景主题切换为所述请求对应的目标背景主题；遍历当前页面的视图，确定待切换样式的视图，根据预存的所述目标背景主题切换时待切换样式的视图的样式项目列表，获取所述待切换样式的视图的目标样式，将待切换样式的视图的样式按照所述目标样式进行切换。本发明实施例由于直接先将背景主题切换成新背景主题，无需销毁页面视图，切换效率可大为提升，而且，在切换成新背景主题后，以视图为单位，仅对待切换样式的视图进行切换，可以减少工作量，提高切换效率。
8. 106572359 多终端间全景视频同步播放方法及装置
CN
19.04.2017
H04N 21/234 Loading...
H04N 21/234
Loading...
201610957988.X
乐视控股（北京）有限公司
谭傅伦
H04N 21/234
Loading...
本发明实施例公开一种多终端间全景视频同步播放方法及装置，其中所述方法包括：获取第一终端播放全景视频的视角信息和时间信息；根据所述视角信息和时间信息生成与所述第一终端所播放的全景视频同步的全景视频数据；发送所述全景视频数据至第二终端。本发明实施例的多终端间全景视频同步播放方法及装置通过根据获取的第一终端播放全景视频的视角信息和时间信息生成全景视频数据以用于第二终端进行播放的方法实现了全景视频在时间和视角两个维度上的同步播放。
9. WO/2017/049927 MESSAGE DISPATCHING METHOD, DEVICE AND SYSTEM
WO
30.03.2017
H04L 29/08 Loading...
H04L 29/08
Loading...
PCT/CN2016/082633
LE HOLDINGS (BEIJING) CO., LTD.
MENG, Dawei
H04L 29/08
Loading...
The present invention discloses a message dispatching method, a device and a system, relates to the field of digital information transmission, and aims to solve the problem of complex distribution logic at a dispatching platform side. The method of the present invention includes: a message dispatcher receiving an application APP message sent by a message-offering platform, the APP message containing an index information on APP availability or APP update; copying the received APP message and writing an APP message to every message queue connected to the message dispatcher, the message queue being a data transmission channel with one end being connected to a terminal service platform and the other end to the message dispatcher; each terminal service platform obtaining the APP message from its respective connected message queue separately, and further determining if the APP message is one that is required for each terminal service platform itself, according to the index information. The present invention is mainly applicable in the process of dispatching message on APP availability or update.
10. 106550279 互动直播实现方法、装置及系统
CN
29.03.2017
H04N 21/4788 Loading...
H04N 21/4788
Loading...
201611123322.0
乐视控股（北京）有限公司
白雪松
H04N 21/4788
Loading...
本发明公开了一种互动直播实现方法、装置和系统，包括：接收用户创建直播页面的指令，创建直播页面并开启直播；记录直播开启时间点和文件信息；接收直播页面进入请求；计算得到当前播放的多媒体文件的时间点；返回文件信息和时间点，实现同步播放；和/或，响应于目标用户的指令，发出直播页面进入请求；接收文件信息和时间点；创建本地直播页面；向服务器发出多媒体文件返回请求，接收服务器返回的多媒体文件；从所述当前播放的多媒体文件的时间点开始播放所述多媒体文件。本发明提出的互动直播实现方法、装置及系统，能够实现清晰的直播画面并且互动性较强。
11. 103716139 一种信息推送处理方法和装置
CN
29.03.2017
H04L 1/18 Loading...
H04L 1/18
Loading...
102013000683947
乐视网信息技术（北京）股份有限公司
李超
H04L 1/18
Loading...
本发明的实施例提供一种信息推送处理方法和装置，涉及计算机网络技术领域，解决了当推送信息出现异常时，无法重新发送出现异常的推送信息的问题，提高了推送信息的质量。该方法具体包括：当检测到所述推送信息的推送线程开始运行时，将所述推送信息依次存储在所述第一电子终端的缓存队列中；检测所述推送信息是否异常；当检测到出现异常的推送信息时，停止所述推送信息的推送线程；删除存储在所述缓存队列中的所述异常的推送信息之前的所有推送信息，并重新发送所述异常的推送信息和所述异常的推送信息之后的所有推送信息。本发明应用于信息处理中。
12. 106550250 弹幕交互方法、装置及电子设备
CN
29.03.2017
H04N 21/258 Loading...
H04N 21/258
Loading...
201610865377.2
乐视控股（北京）有限公司
张奇
H04N 21/258
Loading...
本发明实施例涉及弹幕信息处理技术领域，尤其涉及一种弹幕交互方法、装置及电子设备。其中，所述方法包括：向请求目标多媒体内容的各用户终端提供所述目标多媒体内容；接收所述各用户终端在所述目标多媒体内容的播放界面中所采集的第一弹幕内容；根据来自所述各用户终端的所述第一弹幕内容，在所述各用户终端显示预先设置的第二弹幕内容。本发明实施例中的弹幕交互方法、装置及电子设备，能够实现对弹幕的引导。
13. 106547819 信息显示方法及相关装置
CN
29.03.2017
G06F 17/30 Loading...
G06F 17/30
Loading...
201610857723.2
乐视控股（北京）有限公司
李怡锟
G06F 17/30
Loading...
本发明是关于一种信息显示方法及相关装置，其通过确定该待显示信息中每个字段对应的数据量，然后将确定的该数据量与相应字段的预设数据量(字节数或行数)进行比较，如果不大于预设数据量，则对相应字段进行完全显示，否则对相应字段进行部分显示，从而可以避免某个字段数据量较大时占用过多的显示区域，使得信息显示更规范化，便于用户快速定位自己感兴趣的信息字段。
14. 106550262 卡片数据的加载方法及系统
CN
29.03.2017
H04N 21/432 Loading...
H04N 21/432
Loading...
201610874878.7
乐视控股（北京）有限公司
陈旺旺
H04N 21/432
Loading...
本发明公开一种卡片数据的加载方法及系统，所述卡片包括卡片主体和多个卡片元素，所述方法包括：加载待显示页面所包含的多张卡片的卡片主体；确定所述多张卡片所包含的卡片元素的元素数目；在内存中创建多个空元素，所述多个空元素的数目与所述元素数目相等；当检测到所述多张卡片中的某一卡片被选中时将所述某一卡片所包含的多个卡片元素加载至对应的空元素。本发明的卡片数据的加载方法及系统既实现了卡片数据的动态加载同时也避免了因加载不必要的卡片元素过渡消耗内存而造成的卡顿。使得用户的使用过程更加流畅，提升了用户体验。
15. 106528508 一种重复文本的判定方法和装置
CN
22.03.2017
G06F 17/22 Loading...
G06F 17/22
Loading...
201610958094.2
乐视控股（北京）有限公司
康潮明
G06F 17/22
Loading...
本发明公开了一种重复文本的判定方法和装置。所述方法包括：判断第一文本和第二文本分别对应的概要信息是否重复；若所述概要信息不重复，则分别提取所述第一文本和所述第二文本的特征内容；识别所述第一文本和所述第二文本分别对应的特征内容是否重复；若所述特征内容重复，则判定所述第一文本和所述第二文本重复。因此，本发明实施例对于概要信息相同的文本，使用本方法可以快速完成重复文本的判断；对于概要信息不同的文本，提取特征内容，进一步对文本的特征内容进行判断，从而完成重复文本的判断，本发明实施例对重复文本的判断过程所需的计算量较小、判断效率较高、算法使用灵活。
16. 106528710 一种后台管理系统的权限控制方法和装置
CN
22.03.2017
G06F 17/30 Loading...
G06F 17/30
Loading...
102016000951383
乐视控股（北京）有限公司
谢晓静
G06F 17/30
Loading...
本发明实施例提供了一种后台管理系统的权限控制方法和装置，即通过该后台管理系统实现对网站的用户的操作权限进行控制，该方法具体包括：预置用户关系、部门关系和角色；在对一个用户开通权限时，根据用户关系和部门关系将用户授予相应的所述角色；根据授予的角色生成与用户对应的搜索引擎索引项；当用户发送请求时，利用搜索引擎从搜索引擎索引项中查询用户是否拥有与所述请求对应的操作权限。由此可以看出，本发明实施例提供的权限控制方法和装置不涉及复杂的关系表，从而无需复杂的查表操作，仅利用搜索引擎进行查询即可实现对用户的操作权限的控制，执行效率较高，进而提高了用户体验。
17. 106534927 车载终端的视频控制方法、装置及系统
CN
22.03.2017
H04N 21/414 Loading...
H04N 21/414
Loading...
102016000873766
乐视控股（北京）有限公司
安凤扬
H04N 21/414
Loading...
本发明实施例涉及视频控制技术领域，尤其涉及一种车载终端的视频控制方法、装置及系统。其中所述方法应用于服务器，包括：接收各个车载终端中的至少一个车载终端发送的视频控制指令；向发送所述视频控制指令的车载终端显示选择交互终端的选择界面；接收通过所述选择界面输入的交互终端信息；在所述交互终端信息对应的车载终端以及发送所述视频控制指令的车载终端之间进行视频内容的交互。本发明实施例的车载终端的视频控制方法、装置及系统，能够实现车载终端之间视频播放内容的交互共享。
18. 106528596 一种信息推荐方法及装置
CN
22.03.2017
G06F 17/30 Loading...
G06F 17/30
Loading...
201610847845.3
乐视控股（北京）有限公司
王高波
G06F 17/30
Loading...
本发明涉及网络应用领域，提供了一种信息推荐方法及装置。其中信息推荐方法包括：获取来源于本地数据库的第一推荐信息列表中的第一对象，以及获取来源于非本地数据库的第二推荐信息列表中的第二对象；根据第一对象在第一推荐信息列表中的排序和第二对象在第二推荐信息列表中的排序，综合确定第一对象和第二对象的权重；根据第一对象和第二对象确定第三推荐信息列表中的第三对象，以根据综合确定的第一对象和第二对象的权重对第三对象进行排序，并根据排序结果向用户推荐信息。本发明实施例将本地数据库中的数据和来自其他网络数据库的数据进行综合，以对推荐信息中的各对象重新进行排序，使得最终的推荐信息的排序具有更好的全面性和准确性。
19. 106534978 直播节目状态更新方法及装置
CN
22.03.2017
H04N 21/442 Loading...
H04N 21/442
Loading...
102016000900178
乐视控股（北京）有限公司
刘力伟
H04N 21/442
Loading...
本发明实施例涉及一种直播节目状态更新方法及装置，所述方法包括：监听直播节目信息页面，确定待展示的直播节目；获取所述直播节目的相关信息，所述相关信息包括所述直播节目状态的历史更新时间、所述直播节目的预定关键时间、预先建立的历史直播节目数据库；分析所述相关信息，确定是否需要更新所述直播节目的状态；若需要更新所述直播节目的状态，获取所述直播节目的更新状态数据；根据所述更新状态数据更新所述直播节目的状态。本发明实施例的整个处理过程将是否有直播节目待展示和分析确认直播节目是否需要更新两方面结合起来，能动态地调整直播节目的状态更新频率，有效减少对服务器查询直播节目状态的次数和数据量，提升处理效率。
20. 106534938 视频播放方法及装置
CN
22.03.2017
H04N 21/431 Loading...
H04N 21/431
Loading...
102016000872416
乐视控股（北京）有限公司
张丽娜
H04N 21/431
Loading...
本发明适用于视频播放技术领域，提供了一种视频播放方法，该方法包括：检测用户观看视频的当前观看参数，获取预存的视频文件与预置的观看参数之间的对应关系，在预置的观看参数中查找与该当前观看参数相同的目标观看参数，若存在与该当前观看参数相同的目标观看参数，则根据该对应关系获得与该目标观看参数对应的视频文件，并播放该视频文件。本发明实施例还提供了一种视频播放装置，该视频播放方法及装置，可在提升用户体验的同时，提高视频播放效率，提高播放相关产品的普及率。
21. 106529328 一种图片文件的安全存储方法和装置
CN
22.03.2017
G06F 21/62 Loading...
G06F 21/62
Loading...
201610877711.6
乐视控股（北京）有限公司
谢晓静
G06F 21/62
Loading...
本发明实施例提供了一种图片文件的安全存储方法和装置，该安全存储方法和装置应用于网站，具体为对需要存储的图片文件的字节流按预设加密方法进行加密处理，转换为字符串；将字符串转换为文本格式的文本文件；将得到的文本文件上传到静态文件服务器进行存储。虽然静态服务器无法进行用户权限和用户身份的控制，但是其中存储的文本文件是经过加密处理的，非合法用户即使得到这些文本文件也无法还原为相应的图片文件，从而使这些图片文件得到安全的存储，还由于这些文本文件不是利用数据库进行存储的，因此在得到安全存储效果的同时还能避免对数据库造成任何压力。
22. 106530054 一种分享服务数据的方法、装置及电子设备
CN
22.03.2017
G06Q 30/06 Loading...
G06Q 30/06
Loading...
102016001019557
乐视控股（北京）有限公司
武晓彬
G06Q 30/06
Loading...
本发明公开了一种分享服务数据的方法、装置及电子设备，其中，该方法包括：获取第一用户发送的指向第二用户的分享指令，分享指令包括第二用户标识和服务数据；根据分享指令为第一用户创建第一分享订单，第一分享订单包括第二用户标识和服务数据；根据第二用户标识确定第二用户，并根据分享指令为第二用户创建与第一分享订单相关联的第二分享订单；第二分享订单包括第一用户的第一用户标识和服务数据。该方法不需要以取消订单的方式实现服务分享，可以有效保证后台系统稳定运行。
23. 106528769 一种数据采集方法及装置
CN
22.03.2017
G06F 17/30 Loading...
G06F 17/30
Loading...
102016000974580
乐视控股（北京）有限公司
周二亮
G06F 17/30
Loading...
本发明实施例提供了一种数据采集方法及装置。所述方法包括：判定新添加的数据采集任务对应的目标页面与预置的数据采集规则库不符合设定匹配条件，所述目标页面配置有至少一级子页面；查找与所述预置的数据采集规则库符合所述设定匹配条件的子页面；将所述新添加的数据采集任务对应的目标页面更新为查找的子页面，并下发至中间节点，以供从节点从中间节点拉取所述新添加的数据采集任务。依据上述方法，使得主节点可以剔除掉新添加的数据采集任务中不能根据预置的数据采集规则库提取出所需字段信息的数据采集任务，实现了主节点剪除无效或低效数据采集任务，优化了从节点需要执行的数据采集任务，提高了数据采集的效率。
24. 106528162 一种目标对象的显示方法、装置及电子设备
CN
22.03.2017
G06F 9/44 Loading...
G06F 9/44
Loading...
201611035684.4
乐视控股（北京）有限公司
李兵
G06F 9/44
Loading...
本发明公开了一种目标对象的显示方法、装置及电子设备，其中，该方法包括：确定目标对象组，目标对象组包括一个或多个目标对象；统计目标对象在预设时间段的使用次数；根据目标对象在预设时间段的使用次数确定目标对象的显示方式；按照显示方式显示目标对象。该方法可以为不同的目标对象分配相同或不同的显示方式，且该显示方式与使用次数相关，从而可以突出显示用户需求较高的目标对象，提高用户在应用程序界面的操作效率；同时方便设计人员快速定位此类目标对象，从而可以针对性的设计应用程序的界面结构，提高了界面设计的效率。
25. 106534993 一种信息交互方法及装置
CN
22.03.2017
H04N 21/475 Loading...
H04N 21/475
Loading...
201610857642.2
乐视控股（北京）有限公司
李怡锟
H04N 21/475
Loading...
本发明实施例提供了一种信息交互方法及装置，其中终端设备侧的方法包括：接收并在所述终端设备的屏幕上显示滚动信息；获取在所述屏幕上的点击操作；判断所述点击操作是否是针对所述滚动信息的点击操作；如果所述点击操作是针对所述滚动信息的点击操作，则触发与所述滚动信息相对应的交互事件，如点赞、抢红包、投票等。在本发明实施例中，用户观看视频中展示的弹幕等滚动信息时，不再只是单纯的被动观看，而是可以进行一些操作，从而产生了交互，提高了弹幕等滚动信息的交互性，进而也提升了用户的观看体验。
26. 103731759 一种水印添加方法及装置
CN
22.03.2017
H04N 21/8358 Loading...
H04N 21/8358
Loading...
102013000662941
乐视网信息技术（北京）股份有限公司
陈浩
H04N 21/8358
Loading...
本发明实施例公开了一种水印添加方法及装置，涉及电子信息领域，能够提高视频播放器显示水印的效果。具体方案为：获取水印素材及动作信息，根据动作信息为水印素材添加动作信息中包含的动态效果并生成动态水印，获取显示信息，在预设显示位置添加动态水印。本发明用于添加水印。
27. 106503037 关键词微指数数据的获取方法及装置
CN
15.03.2017
G06F 17/30 Loading...
G06F 17/30
Loading...
102016000827416
乐视控股（北京）有限公司
姚利刚
G06F 17/30
Loading...
本发明公开了一种关键词微指数数据的获取方法及装置，涉及信息技术领域，主要目的在于解决现有技术中关键词微指数数据的获取效率低的问题，提高关键词微指数数据的获取效率。本发明实施例所采用的技术方案是：首先获取待查询的多个关键词，然后根据各个关键词分别对应的微指数关键词请求链接地址，提取各个关键词分别对应的会话信息记录数据，再根据所述各个关键词分别对应的会话信息记录数据，获取各个关键词分别对应的微指数数据。本发明主要用于关键词微指数数据的获取。
28. 106502715 一种应用程序多渠道配置方法及装置
CN
15.03.2017
G06F 9/445 Loading...
G06F 9/445
Loading...
102016000832630
乐视控股（北京）有限公司
李振年
G06F 9/445
Loading...
本发明实施例提供一种应用程序多渠道配置方法及装置，涉及数据处理技术领域，解决了现有的应用程序在多个渠道分发时生成渠道包效率低下的问题。本发明实施例的方法包括：根据不同渠道的配置文件生成对应的业务逻辑；将所述业务逻辑进行编译生成原始安装程序包；将配置文件添加到所述原始安装程序包中的特定目录下得到定制安装程序，所述特定目录用于存储扩展的配置文件；将所述定制安装程序进行压缩后生成对应不同渠道的定制渠道包。本发明实施例主要用于安卓Android应用程序在多渠道中进行配置生成定制渠道包。
29. 106504013 一种广告监测装置、系统及方法
CN
15.03.2017
G06Q 30/02 Loading...
G06Q 30/02
Loading...
102016000859366
乐视控股（北京）有限公司
高俊爽
G06Q 30/02
Loading...
本发明实施例公开了一种广告监测装置、系统及方法，该广告监测装置包括前端监测模块和广告服务端；所述广告服务端用于存储配置文件以及自定义投放的监测参数；所述前端监测模块用于读取配置文件以及自定义投放的监测参数并进行相应的监测数据采集，将获取的监测数据发送至第三方进行监测。本发明实施例所述的广告监测装置、系统及方法通过灵活配置订单ID动态表单配置监测参数可以满足第三方监测平台的需求，同时有效的增加对自身监测数据的保护。
30. 106506199 系统线上接口的自动监控方法及装置
CN
15.03.2017
H04L 12/24 Loading...
H04L 12/24
Loading...
102016000921728
乐视控股（北京）有限公司
王业磊
H04L 12/24
Loading...
本发明实施例涉及一种系统线上接口的自动监控方法及装置，所述方法包括：按照预定的轮询周期和轮询顺序轮询访问各业务系统的线上接口；在访问每一个线上接口时，均向所述线上接口对应的业务系统发送要求所述业务系统提供返回值的请求；在所述业务系统提供返回值异常时，向预定的接收方发送提醒消息。所述装置包括轮询模块、请求模块和提醒模块。本发明实施例通过按照预定的轮询周期和轮询顺序以轮询方式自动检测业务系统的各线上接口，如果各对应的业务系统提供返回值异常，能发出提醒信息给预定的接收方，从而可以帮助用户及时发现各线上接口存在的安全问题，从而有利于及时解决问题，而且无需值守人员经常查看，劳动强度低。
31. 106506325 图片分享方法及装置
CN
15.03.2017
H04L 12/58 Loading...
H04L 12/58
Loading...
102016000867831
乐视控股（北京）有限公司
张呈祥
H04L 12/58
Loading...
本发明实施例公开了一种图片分享方法及装置，该方法包括：若检测到带音频的图片分享指令，则获取待分享的图片，并启动录音功能，通过该录音功能录入用户输入的语音，得到音频数据，且将上述待分享的图片及上述音频数据合成为多媒体文件，将多媒体文件发送给指定的分享渠道，使得用户在分享图片时，可以通过录入录音的方式，对需要分享的图片进行说明，使得图片分享时能够携带更多的信息，分享的内容更加丰富，具有趣味性，满足用户的使用需求。
32. 106504187 视频识别方法以及装置
CN
15.03.2017
G06T 3/00 Loading...
G06T 3/00
Loading...
102016001011085
乐视控股（北京）有限公司
于广达
G06T 3/00
Loading...
本发明实施例提供一种视频识别方法以及装置，属于视频处理技术领域。所述方法包括：获取全景视频，将所述全景视频的三维视频帧转换为目标二维视频帧；对所述目标二维视频帧进行目标对象识别和标记，生成标记后的目标二维视频帧；将所述标记后的目标二维视频帧转换为标记后的目标三维视频帧，其中所述标记后的目标三维视频帧中标记有所述目标对象。本发明实施例能够实现精确地、有效地、方便地识别全景视频帧中的目标对象，避免了因全景视频帧中视频图像的扭曲而造成的难以识别其中目标对象或者识别结果不准确的情况的发生，为全景视频的广泛应用提供了技术基础。
33. 106502524 截屏方法及装置
CN
15.03.2017
G06F 3/0484 Loading...
G06F 3/0484
Loading...
102016000855602
乐视控股（北京）有限公司
于伟
G06F 3/0484
Loading...
本发明属于移动终端技术领域，提供了一种截屏方法及装置，所述方法包括：响应于用户的截屏操作，提示用户选择截屏类型，当用户选择的截屏类型为截取屏幕显示内容中的部分内容时，检测用户选择的截屏区域的操作，根据用户选择的截屏区域的操作，截取屏幕中显示的内容并生成部分截屏文件。本发明提供的一种基于移动终端的截屏方法及装置，能够快速获取屏幕显示的部分内容，不需要先保存截取的整个屏幕的内容，再编辑裁剪得到部分内容，截屏速度快、效率高，减少内存负担。
34. 106488293 视频播放方法及装置
CN
08.03.2017
H04N 21/431 Loading...
H04N 21/431
Loading...
201610826180.8
乐视控股（北京）有限公司
于伟
H04N 21/431
Loading...
本发明适用于通信技术领域，提供了一种视频播放方法及装置，该方法包括：播放视频和与该视频对应的字幕信息，当检测到有触发显示播放进度条的操作时，根据预置规则调整该字幕信息在该视频播放界面的显示位置，使该播放进度条不遮挡该字幕信息。发明提供的视频播放方法及装置，可使显示播放进度条的时候，不遮挡字幕信息，以使视频在播放过程中呈现相对完整的视频画面信息。
35. 106488294 弹幕信息传输、显示方法及装置
CN
08.03.2017
H04N 21/431 Loading...
H04N 21/431
Loading...
102016000860164
乐视控股（北京）有限公司
张奇
H04N 21/431
Loading...
本发明实施例提供一种弹幕信息传输、显示方法及装置，该弹幕信息传输方法包括：当接收弹幕信息时，确定与所述弹幕信息对应的视频标识；确定与所述视频标识对应的视频相关联的所有长链接链路；通过每个所述长链接链路发送所述弹幕信息。利用该方法，当同时观看某一个直播视频的终端向服务器发送弹幕信息后，服务器可以直接将该弹幕信息通过服务器上预设的长链接链路，直接发给同时观看该直播视频的终端。整个过程，服务器仅仅对弹幕信息进行转发，而不进行其它任何处理，所以节省了弹幕信息的转发时间。
36. 106487780 广告投放方法、装置及系统
CN
08.03.2017
H04L 29/06 Loading...
H04L 29/06
Loading...
102016000816654
乐视控股（北京）有限公司
刘岩
H04L 29/06
Loading...
本发明实施例公开了一种广告投放方法、装置及系统，涉及一种广告技术领域，其中，广告投放方法包括：从内容分发网络获取广告素材；为审核通过的广告素材生成相对应的加密校验值；向广告上传装置反馈加密校验值，以供广告上传装置根据加密校验值将审核通过的广告素材提供给投放设备进行投放。根据本发明实施例提供的技术方案，能够及时地、快速地对审核通过的广告素材进行投放，有效地提高广告素材的投放效率。
37. 106484409 一种页面控件管理方法及装置
CN
08.03.2017
G06F 9/44 Loading...
G06F 9/44
Loading...
201610861864.1
乐视控股（北京）有限公司
张伟
G06F 9/44
Loading...
本发明实施例公开了一种页面控件管理方法及装置，涉及页面管理领域，该页面控件管理方法包括获取页面控件的状态信息，并将所述状态信息传输给存储空间；监控页面控件的分布信息，并将所述分布信息传输给存储空间；存储空间将接收到的页面控件的状态信息和分布信息进行分类存储；设定逻辑判断规则，并调用存储空间内的数据进行逻辑判断；按照逻辑判断结果对控件进行相应的处理。本发明实施例所述的页面控件管理方法及装置通过对页面上的控件设置优先级，对优先级低的控件进行隐藏、缩小、扭曲和位移，避免了页面控件分布发生混乱，同时也减少了控件排版的工作量，并且易于操作和控制。
38. 106488015 来电处理方法及装置
CN
08.03.2017
H04M 1/725 Loading...
H04M 1/725
Loading...
201610871401.3
乐视控股（北京）有限公司
张丽娜
H04M 1/725
Loading...
本发明公开了一种来电处理方法及装置，应用于移动通信技术领域，其中该方法包括：当移动通信设备接收到来电时，获取所述移动通信设备的定位信息；根据获取的定位信息生成目标语音；接听所述来电，将生成的目标语音播放给呼叫方后挂断电话。本发明可智能化地在驾车过程中对来电进行处理，以提高驾驶的安全性并使呼叫方及时了解驾驶员的动态。
39. 106484912 一种云盘资源的处理方法和装置
CN
08.03.2017
G06F 17/30 Loading...
G06F 17/30
Loading...
201610947375.8
乐视控股（北京）有限公司
陈翔
G06F 17/30
Loading...
本发明实施例提供了一种云盘资源的处理方法和装置，该处理方法和装置具体为响应于用户的触发，显示云盘资源处理页面，页面中包括至少一个预设模板，模板携带有批量处理目的的标识，用于指示用户输入批处理命令的形式；接收用户通过预设模板输入的批处理命令，批处理命令反映用户对云盘资源进行批量处理的目的；将批处理命令发送至服务器，使得服务器根据批处理命令对云盘上存储的云盘资源进行批量处理。从而解决了现有云盘无法满足用户对大量文件进行批量处理的问题。
40. 106488295 一种信息显示方法及装置
CN
08.03.2017
H04N 21/431 Loading...
H04N 21/431
Loading...
201610864309.4
乐视控股（北京）有限公司
张奇
H04N 21/431
Loading...
本发明实施例提供了一种信息显示方法及装置，其中终端设备侧的方法包括：确定要播放的视频，其中所述视频被划分为多个时间段；在播放当前时间段之前，获取当前时间段所对应的滚动信息；在播放当前时间段时，以滚动方式显示所述滚动信息。当对视频进行轮播、点播等播放时，为了增加所显示的弹幕等滚动信息的数量，在本发明实施例中可以预先将该视频在其他时候播放时的实时滚动信息按照时间段存储起来，这样当再进行轮播、点播等播放时，就可以获取到已存储的与当前待播放时间段所对应的滚动信息，播放时便可将其与实时滚动信息一起进行显示。这样通过滚动信息的共享、复用，增加了播放时所显示的滚动信息的数量，进而提升了用户体验。
41. WO/2017/028624 METHOD AND DEVICE FOR PROCESSING RESOURCES
WO
23.02.2017
G06F 17/30 Loading...
G06F 17/30
Loading...
PCT/CN2016/087332
LE HOLDINGS (BEIJING) CO., LTD.
ZHANG, Hongmei
G06F 17/30
Loading...
A method and device for processing resources. The method specifically comprises: receiving a search term input by a user (401); querying in a resource database according to the search term, so as to obtain at least one category of resource data matched with the search term, a mapping relation between multiple categories of resource data and keywords being stored in the resource database (402); displaying the at least one category of resource data (403); and calling a corresponding application program according to a selecting operation that is performed on the at least one category of resource data by the user, so as to show, in the application program, the resource data, corresponding to the selecting operation (404). At least one category of resource data matched with a search term can be queried by inputting the search term at a time, and the resource data can be directly opened in a corresponding application program, such that a situation of a user needing to repeatedly search in different types of search engines to acquire different categories of resource data is changed, thus being capable of improving searching efficiency.
42. 106454401 一种播放视频的方法及装置
CN
22.02.2017
H04N 21/234 Loading...
H04N 21/234
Loading...
201610970035.7
乐视网信息技术（北京）股份有限公司
王英杰
H04N 21/234
Loading...
本发明实施例提供一种播放视频的方法及装置，其中的方法包括：发送视频的视角调整请求；其中，所述视角调整请求中携带有所述视频的视频标识、目标视角和播放时间点；接收针对所述视角调整请求返回的全景视频数据；其中，所述全景视频数据为以所述目标视角为观看角度，对所述观看角度中的场景进行三维建模得到的；在全景视频播放器中从所述播放时间点播放所述全景视频数据。本发明实施例使得用户在观看视频时，可以从所需的目标视角进行观看，解决了现有技术中用户只能随着视频拍摄镜头的角度观看的局限，大大提高了用户的观看体验。
43. 106454501 一种视频播放的方法、装置及电子设备
CN
22.02.2017
H04N 21/4363 Loading...
H04N 21/4363
Loading...
201611035541.3
乐视控股（北京）有限公司
任伟超
H04N 21/4363
Loading...
本发明实施例涉及一种视频播放的方法、装置及电子设备，该方法包括：提供访问端口；接收通过所述访问端口发送的请求消息，所述请求信息包括请求设备的标识；以及根据所述请求设备的标识，发送当前播放的视频。本发明实施例可以实现请求设备无需下载相应客户端的应用，直接播放智能电视发送的当前播放的视频，实现了跨设备、跨平台的视频播放，并且操作方便。
44. 106454419 一种获取数据的方法、装置和电子设备
CN
22.02.2017
H04N 21/239 Loading...
H04N 21/239
Loading...
201611032510.2
乐视控股（北京）有限公司
刁海真
H04N 21/239
Loading...
本发明实施例涉及一种获取数据的方法、装置和电子设备，包括：获取第一数据，并记录获取所述第一数据的第一时间；当接收到用户发出的获取数据请求时，判断用户发出所述获取数据请求的时间与所述第一时间之间的时间间隔是否小于预设时间间隔；以及当用户发出所述获取数据请求的时间与所述第一时间之间的时间间隔小于预设时间间隔时，显示所述第一数据。本发明实施例提供的一种获取数据的方法、装置和电子设备能够节省从服务器下载数据的下载时间，节约网络资源，并提高获取数据的效率。
45. 106446100 一种内容推荐方法和装置
CN
22.02.2017
G06F 17/30 Loading...
G06F 17/30
Loading...
201610821693.X
乐视控股（北京）有限公司
廖敏
G06F 17/30
Loading...
本发明实施例涉及内容推送技术领域，提供了一种内容推荐方法和装置。其中所述方法包括：获取第一用户的属性信息；根据所述属性信息，在所述第一用户的关系图中查找与所述属性信息匹配的第二用户，所述第二用户包括至少一个；获取所述第二用户与所述属性信息相关的历史访问信息，根据所述历史访问信息进行搜索，将搜索到的信息推荐给所述第一用户。提高了推荐内容符合用户需求的概率，为用户快速获取个性化推荐内容提供了有效的手段。
46. 106446073 一种用户等级划分方法及装置
CN
22.02.2017
G06F 17/30 Loading...
G06F 17/30
Loading...
201610807804.1
乐视控股（北京）有限公司
赵艳芳
G06F 17/30
Loading...
本发明涉及互联网数据分类技术领域，尤其涉及一种用户等级划分方法及装置。所述用户等级划分方法包括：通过网络平台收集用户访问数据；提取访问数据的标签属性，对各个标签属性进行等级分类，并根据等级分类排名生成用户兴趣标签；将用户兴趣标签和对应的等级分类排名进行关联，生成用户兴趣等级标签。本发明有利于提升用户的优越性、独特性、荣誉感、存在感和价值感，提高用户访问网络平台的积极性，并有利于提升用户的互动空间。
47. 106445507 界面切换方法、终端以及服务器
CN
22.02.2017
G06F 9/44 Loading...
G06F 9/44
Loading...
201610810841.8
乐视控股（北京）有限公司
胡二彪
G06F 9/44
Loading...
本发明实施例提供界面切换方法、终端和服务器，其中一种界面切换方法，包括：接收用户发送的操作指令；确定所述操作指令所属的类型；当所述操作指令为界面切换请求时，将所述界面切换请求发送至第一服务器，以供所述第一服务器依据所述界面切换请求，生成数据包；其中，所述数据包中包括：待切换界面对应的渲染数据；接收所述第一服务器发送的所述数据包；从所述数据包中提取所述待切换界面对应的渲染数据进行界面渲染，生成所述待切换界面进行显示。本发明实施例提供的界面切换方案，能够减服务器的处理负担。
48. 106454529 基于电视的家庭成员的分析方法及装置
CN
22.02.2017
H04N 21/466 Loading...
H04N 21/466
Loading...
201610922132.9
乐视控股（北京）有限公司
赵九龙
H04N 21/466
Loading...
本发明实施例提供一种基于电视的家庭成员的分析方法及装置，该方法包括：获取电视用户家庭在预定时间段内所观看的电视影片的第一影片记录；依据所述第一影片记录中每部影片的观众性别倾向数据，对所述第一影片记录内的影片按照性别进行聚类操作，确定所述电视用户家庭的用户性别以及每个用户性别所对应的第二影片记录；依据所述第二影片记录中每部影片的观众年龄段倾向数据，对所述第二影片记录内的影片按照年龄段进行聚类操作，确定所述电视用户家庭的每个用户性别的用户群的年龄分布。本发明实施例能够借助于真实准确的数据源来对电视用户家庭的家庭成员分析更加接近于真实情况，准确度更高。
49. 106446078 一种信息的推荐方法和推荐装置
CN
22.02.2017
G06F 17/30 Loading...
G06F 17/30
Loading...
201610810878.0
乐视控股（北京）有限公司
王高波
G06F 17/30
Loading...
本发明实施例提供了一种信息的推荐方法和推荐装置，该推荐方法和装置应用于终端或视频服务器，具体为获取该终端的用户的行为特征，然后根据行为特征对用户进行聚类分类，最后根据聚类的结果向目标用户进行信息推荐。这样一来，本发明能够实现根据用户的喜好向用户推荐相应的信息，从而解决了用户无法得到感兴趣的内容的问题，进而有效提高了用户的观看体验。
50. 106454497 一种投屏播放视频的方法及装置
CN
22.02.2017
H04N 21/436 Loading...
H04N 21/436
Loading...
201610930824.8
乐视控股（北京）有限公司
李怡锟
H04N 21/436
Loading...
本发明实施例是关于一种投屏播放视频的方法及装置，该方法包括：接收移动终端发送的投屏请求，投屏请求包括播放器标识和视频标识；调用智能终端的网页浏览器打开与播放器标识对应的网页播放器；调用网页播放器向服务器发送第一网络请求，第一网络请求包括视频标识和跨域请求标识；接收服务器发送的视频文件和第一响应请求，第一响应请求包括允许跨域参数；在网络浏览器识别出第一响应请求中具有允许跨域参数时，调用网络播放器播放视频文件。本发明实施例提供的方案可以在投屏播放视频的过程中，使得智能终端利用移动终端发送的视频标识在服务器上直接获取视频文件，无需用户等待便可以直接播放视频文件，从而提高了用户观看视频的效率。
51. 106445621 一种应用软件的升级方法、装置及电子设备
CN
22.02.2017
G06F 9/445 Loading...
G06F 9/445
Loading...
201610930534.3
乐视控股（北京）有限公司
王冰冰
G06F 9/445
Loading...
本发明实施例是关于一种应用软件的升级方法、装置及电子设备，该方法应用于服务器，该方法包括：接收移动终端发送的升级请求；在所述升级请求中提取待升级应用的标识和所述移动终端的设备参数；确定与所述待升级应用的标识对应的升级信息；在所述设备参数与所述升级信息相匹配时，向所述移动终端发送所述待升级应用的标识对应的升级文件。本发明实施例提供的方案可以主动的判断出本次升级是否适合当前的移动终端，并在当前的移动终端适合本次升级的情况下，向当前的移动终端发送升级文件，在整个升级过程中无需用户参与，从而减少了用户的操作量。
52. 106427493 一种车窗玻璃透明度调节方法、装置及系统
CN
22.02.2017
B60J 3/04 Loading...
B60J 3/04
Loading...
201610844628.9
乐视控股（北京）有限公司
赵雨
B60J 3/04
Loading...
本申请涉及机动车智能控制领域，特别是涉及一种车窗玻璃透明度调节方法、装置及系统。该方法包括获取车内视频播放装置所播放视频的信息，所述信息为多媒体信息或属性信息；根据所述信息匹配预先定义的透明度调节模式；在匹配到的透明度调节模式下调节车窗玻璃透明度。本申请保证了所播放的视频拥有一个较佳的播放环境，提升了用户体验。
53. 106454476 图形用户界面中焦点次序的配置方法及装置
CN
22.02.2017
H04N 21/431 Loading...
H04N 21/431
Loading...
201610373074.9
乐视控股（北京）有限公司
胡海龙
H04N 21/431
Loading...
本发明涉及焦点移动技术领域，公开了一种图形用户界面中焦点次序的配置方法及装置。本发明中，图形用户界面中焦点次序的配置方法，包括：获取当前图形用户界面中所有控件的坐标；根据所有控件的坐标计算控件之间的距离，选取距离最近的控件作为焦点移动的目标控件。本发明中还公开了一种图形用户界面中焦点次序的配置装置。本发明实施方式实现了焦点移动的自动配置，从而保证焦点配置的正确性，并且节省了人力。
54. 106446007 一种信息投放的方法、装置及系统
CN
22.02.2017
G06F 17/30 Loading...
G06F 17/30
Loading...
201610657500.1
乐视控股（北京）有限公司
敖伟波
G06F 17/30
Loading...
本发明适用于互联网技术领域，提供了一种信息投放的方法、装置及系统。本发明通过向第三方服务器发起标签获取请求，接收第三方服务器发送的第三方用户标签，向信息服务器发起信息获取请求，以及，接收并向用户展示信息服务器发送的目标信息，相较于现有技术，本发明通过从第三方服务器签获第三方用户标签，采用第三方用户标签和信息方用户标签共同筛选信息的方式，提高了信息投放的精准度，从而避免了当用户为新用户或者用户标签不足时，信息投放精准度下降，无法达到信息主预期的问题。
55. 106412676 一种视频的码流切换方法、装置及电子设备
CN
15.02.2017
H04N 21/433 Loading...
H04N 21/433
Loading...
201610921859.5
乐视控股（北京）有限公司
李怡锟
H04N 21/433
Loading...
本发明实施例公开一种视频的码流切换方法、装置及电子设备。该方法中，在接收到针对当前视频的码流切换操作后，获取待切换的目标码流的播放信息，并根据该播放信息，获取目标码流的播放地址，在当前码流的播放过程中，缓存所述目标码流，并在所述当前码流中的目标传送流TS流播放完毕后，切换至所述目标码流并播放，其中，所述目标传送流TS流为所述目标码流的缓存值达到预设缓存值时，所述当前码流中正在播放的TS流。通过该方案，能够实现视频的码流切换，并且，切换过程不会中断视频播放，从而解决了现有技术中，码流在切换时会出现中断，影响用户观看体验的问题。
56. 106412424 全景视频的视野调整方法及装置
CN
15.02.2017
H04N 5/232 Loading...
H04N 5/232
Loading...
201610835206.5
乐视控股（北京）有限公司
谭傅伦
H04N 5/232
Loading...
本发明涉及虚拟现实技术领域，尤其涉及一种全景视频的视野调整方法及装置。该方法包括：当播放设备播放全景视频时，获取所述播放设备的移动信息；其中，播放的所述全景视频为全景视频模型投影到投影面上的视频画面；根据所述移动信息，调整所述全景视频模型与所述投影面的投影距离，以调整所述全景视频的视野。本发明实施例提供的技术方案能够实现在VR设备中观看全景视频时根据用户的移动对正在播放的全景视频的视野进行调整，使用户的真实感更强烈，提升了用户的观看体验。
57. 106406869 弹幕信息的输入处理方法及装置
CN
15.02.2017
G06F 9/44 Loading...
G06F 9/44
Loading...
102016000803789
乐视控股（北京）有限公司
刘嘉
G06F 9/44
Loading...
本发明公开了一种弹幕信息的输入处理方法及装置。所述方法包括检测所述弹幕输入按钮是否被用户点击；当所述弹幕输入按钮被点击时，通过隐藏在所述弹幕输入按钮的初始位置处的输入框获取输入焦点；调整已获取输入焦点的所述输入框的显示样式和显示位置，以在所述初始位置之外的其他位置显示所述输入框，供所述用户在所述输入框中输入弹幕信息。本发明的技术方案，能够极大地简化现有的弹幕信息输入的流程，提高弹幕信息的输入效率，使用非常方便。
58. 106407351 一种应用于数据库的数据处理方法及装置
CN
15.02.2017
G06F 17/30 Loading...
G06F 17/30
Loading...
102016000805597
乐视控股（北京）有限公司
闫博
G06F 17/30
Loading...
本发明公开了一种应用于数据库的数据处理方法和装置。所述数据库中包括多个相同的数据集合，所述方法包括：接收对所述数据库的更新指示，从所述多个相同的数据集合中选择第一数据集合；更新所述第一数据集合，标记所述第一数据集合为不可查询状态；接收对所述数据库的查询指示，选择标记有可查询状态的第二数据集合进行数据查询，实现了同时对数据库进行数据查询操作和数据更新操作，数据更新操作不会对数据查询操作造成不良影响，有效保证了更新数据库时数据库的查询稳定性。
59. 106407338 一种网页临时通信方法及装置
CN
15.02.2017
G06F 17/30 Loading...
G06F 17/30
Loading...
102016000802077
乐视控股（北京）有限公司
赵艳芳
G06F 17/30
Loading...
本发明涉及网络通信技术领域，尤其涉及一种网页临时通信方法及装置。所述网页临时通信方法包括：通过网页客户端发送临时通信请求；通过网页服务器根据临时通信请求生成临时通信事件，并将生成的临时通信事件推送至对应的被推送人群；接收被推送人群的响应数据并建立临时通信。通过本发明的实施，用户可通过临时通信对感兴趣的网页事件标签进行讨论，丰富了网页浏览的操作性，并提升用户的浏览体验。
60. 106407401 一种视频推荐方法及装置
CN
15.02.2017
G06F 17/30 Loading...
G06F 17/30
Loading...
102016000839166
乐视控股（北京）有限公司
李强
G06F 17/30
Loading...
本发明实施例公开了一种视频推荐方法、装置及终端设备。其中，该视频推荐方法包括：获取待推荐视频文件集中的视频文件的特征信息；其中，所述待推荐视频文件集中的视频文件为满足预定条件的视频文件；根据所述视频文件的特征信息确定各所述视频文件与目标视频文件的相似度；以及按照相似度的顺序对各所述视频文件进行排序，并根据排序结果向用户推荐所述视频文件。通过上述方式，本发明实施例能够根据视频文件的特征信息比较不同视频文件之间的相似度，以确定这些视频文件连续播放的顺序，由于充分考虑了视频文件的具体内容以及彼此的关联程度，得到的推荐结果相互关联程度较高。
61. 103049303 一种swf文件解析方法及装置
CN
15.02.2017
G06F 9/45 Loading...
G06F 9/45
Loading...
102013000010503
乐视网信息技术（北京）股份有限公司
林洋
G06F 9/45
Loading...
本发明提供一种swf文件解析方法及装置，包括如下步骤，加载文件，读入swf文件；分析文件，分析swf文件结构的正确性；解析文件，若分析swf文件结构正确，对文件结构设置正确的swf文件进行解析；测试文件，检测swf文件的外观配置是否合适；并提取文件，提取swf文件的组成元素以供再次使用；修改文件，若分析swf文件结构不正确，对该swf文件进行修改。本发明实现swf文件的解析，提供代码解析方式和元素分解方式，同时能够实现对解析内容的提取以达到再次使用的目的，既实现了解析swf文件，又能够实现对其的修改和解析内容的提取，实现流媒体文件解析的快捷性。
62. 103701868 一种失效数据的过滤方法和装置
CN
15.02.2017
H04L 29/08 Loading...
H04L 29/08
Loading...
102013000670954
乐视网信息技术（北京）股份有限公司
李超
H04L 29/08
Loading...
本发明的实施例提供一种失效数据的过滤方法和装置，涉及电子信息技术领域，解决了推送信息连续出现异常时，会出现连接异常并中断且无法收到错误码的问题，提高了推送信息的推送成功终端的工作效率。该方法具体包括：获取全量推送信息；开启推送信息的推送线程，将全量推送信息通过第二电子终端发送至用户设备；获取异常的推送信息，并将异常的推送信息保存到临时队列中；判断全量推送信息是否全部发送至用户设备；若全量推送信息全部发送至用户设备，从临时队列中获取异常的推送信息；从全量推送信息中查找异常的推送信息，并将异常的推送信息从全量推送信息中滤除。本发明应用于推送信息的推送过程中对失效数据的处理。
63. 103024461 一种播放器测速方法
CN
15.02.2017
H04N 21/24 Loading...
H04N 21/24
Loading...
102012000525159
乐视网信息技术（北京）股份有限公司
林洋
H04N 21/24
Loading...
本发明提供一种播放器测速方法，该方法中，播放器连接视频内容服务器，下载视频内容进行播放，并监测播放器与视频内容服务器之间的网络状况，当网络状况不能满足流畅播放的条件时启动测速步骤。测速完成后，所述播放器中显示各节点的测速状况。利用本发明，用户通过播放器观看视频时，可以利用播放器的测试网速功能测试播放器与各视频内容服务器之间的网速，以便自动连接或者用户选择网速最快的节点观看视频，体验更好服务。
64. 106407402 一种网页呈现方法、装置以及电子设备
CN
15.02.2017
G06F 17/30 Loading...
G06F 17/30
Loading...
102016000839175
乐视控股（北京）有限公司
司红江
G06F 17/30
Loading...
本发明实施例公开一种网页呈现方法、装置以及电子设备，该方法包括接收访问网页的访问请求，根据访问请求，获取网页所需要呈现的呈现内容，计算呈现内容的呈现级别，在网页的不同区域呈现不同呈现级别的呈现内容。一方面，其能够规整各类呈现内容，并且在网页进行呈现，从而为用户呈现多种多样的内容，另一方面，其能够规范各个呈现内容的呈现区域，改变网页的呈现内容的呈现逻辑混乱的现状，从而满足用户多元化的产品需求和提高用户体验感。
65. 106412042 一种内容共享方法及装置
CN
15.02.2017
H04L 29/08 Loading...
H04L 29/08
Loading...
201610835103.9
乐视控股（北京）有限公司
谢飞
H04L 29/08
Loading...
本发明实施例公开了一种内容共享方法及装置，该内容共享方法包括获取本地数据的内容信息，为获取的内容信息生成对应的URL地址；存储生成的URL地址，建立热点网络并发送网络信号；对接收的网络匹配请求进行匹配验证，并在验证成功后发送URL地址，其中，外部根据所述URL地址访问所述本地数据。本发明实施例通过本地终端生成本地数据对应的URL地址，外部终端与本地终端连接之后读取该URL地址，并通过URL地址访问和读取存储模块内对应的本地数据的内容信息，可以方便快捷的实现内容共享以及文件处理。
66. 106407334 缓存集群的更新方法及装置
CN
15.02.2017
G06F 17/30 Loading...
G06F 17/30
Loading...
102016000801586
乐视控股（北京）有限公司
郑有连
G06F 17/30
Loading...
本发明公开了缓存集群的更新方法及装置。一方面，本发明实施例通过确定指定应用的第一缓存集群中所存储的用户数据发生更新，进而向所述指定应用的第二缓存集群所在的互联网数据中心，发送更新通知消息，所述更新通知消息用以指示更新之后的用户数据，以使得所述互联网数据中心根据所述更新通知消息，更新所述第二缓存集群所存储的用户数据，从而保证了应用所对应的全部缓存集群所存储的用户数据在任一时刻都是相同的，以提高缓存集群的可靠性。
67. 106406794 一种屏幕适配方法及其装置
CN
15.02.2017
G06F 3/14 Loading...
G06F 3/14
Loading...
201610827203.7
乐视控股（北京）有限公司
王伟明
G06F 3/14
Loading...
本发明实施例公开了一种屏幕适配方法及其适配装置。其中，该屏幕适配方法包括：根据基准屏幕参数生成显示元件的原始尺寸；计算当前屏幕参数与基准屏幕参数之间的第一比例；以及根据所述第一比例将所述显示元件的原始尺寸缩放为与当前屏幕适配的适配尺寸。通过基于基准屏幕设置的原始尺寸，采用等比例缩放的方式，实现显示元件的对于不同尺寸屏幕的适配。其不依赖于像素密度的计算，能够根据屏幕尺寸自调节显示元件在屏幕上的展示大小，不需要预先设置参数文件，避免了未知适配的问题。
68. 106385606 一种广告的投放方法及装置
CN
08.02.2017
H04N 21/2668 Loading...
H04N 21/2668
Loading...
102016000827414
乐视控股（北京）有限公司
敖伟波
H04N 21/2668
Loading...
本发明实施例提供一种广告的投放方法及装置，涉及视频技术领域，主要目的在于解决现有技术中同一用户界面的视频信息投放的广告之间相关性较低、且没有规律的问题，提高广告的投放效率。本发明实施例所采用的技术方案是：接收一个以上广告投放请求，所述广告投放请求中携带有待投放广告的多个视频信息，然后判断是否存在与所述视频信息对应的关联广告信息，若存在，则提取所述关联广告信息，发送广告投放请求响应，所述广告投放响应中携带有所述视频信息和所述关联广告信息。本发明主要用于广告的投放。
69. 106385629 一种有效字幕的确定方法和装置
CN
08.02.2017
H04N 21/442 Loading...
H04N 21/442
Loading...
201610955322.0
乐视控股（北京）有限公司
陈晓梅
H04N 21/442
Loading...
本发明实施例提供了一种有效字幕的确定方法和装置，该方法和装置具体为对视频的多个字幕在预设的分成启动时长内，获取每个字幕的有效点播量；获取用户对每个字幕给出的评价分数；根据有效点播量和评价分数生成排名值，并按排名值由高到低的顺序对多个字幕进行排序；根据多个字幕的排序结果确定有效字幕，并进一步确定制作该有效字幕的译员的有效工时，该有效工时用于作为对译员进行计酬的依据。通过上述方案可以实现较为公平合理地向译员发放报酬，从而实现激励译员提供更多更好的作品的目的。
70. 103607629 一种多媒体文件播放方法及电子终端
CN
08.02.2017
H04N 21/431 Loading...
H04N 21/431
Loading...
102013000596882
乐视网信息技术（北京）股份有限公司
关佐龙
H04N 21/431
Loading...
本发明实施例公开了一种多媒体文件播放方法及电子终端，涉及电子技术领域，可以避免由于采用现有技术中的播放方式，导致文件播放比例与固定屏幕播放比例不匹配，而造成视频或者图片产生严重失真的问题。具体方案为：获取待播放多媒体文件的文件播放比例；若获取到的文件播放比例与为电子终端所预配置的屏幕播放比例不匹配，则采用预设调整策略调整电子终端的屏幕播放比例；采用调整后的屏幕播放比例播放待播放多媒体文件。本发明用于多媒体文件播放的过程中。
71. 106375863 一种全景信息呈现方法及其呈现装置
CN
01.02.2017
H04N 21/475 Loading...
H04N 21/475
Loading...
102016000698491
乐视控股（北京）有限公司
王英杰
H04N 21/475
Loading...
本发明实施方式公开了一种全景信息呈现方法及其呈现装置。其中，该方法包括：提供至少一个供选择的全景信息呈现模型；调用选择的全景信息呈现模型的控制参数；根据所述控制参数，在全景视频中呈现对应的全景信息。其通过将多种可供选择的全景信息(包括弹幕)模型供用户选择使用。在用户输入相关的，能够表达特定的用于意图、评价等的信息后，根据用户的选择，套用对应的模型在全景视频中呈现具有对应效果的信息，从而很好的满足用户对于在全景视频中全景信息呈现的个性化需求。
72. 106372057 内容的审核方法及装置
CN
01.02.2017
G06F 17/27 Loading...
G06F 17/27
Loading...
102016000727794
乐视控股（北京）有限公司
李术长
G06F 17/27
Loading...
本发明公开了一种内容的审核方法及装置。本发明实施例通过获取用户待提交的内容，检测所述内容中是否包含预先设置的敏感词汇，若所述内容不包含预先设置的敏感词汇，利用分类模型，对所述内容进行处理，以获得所述内容的垃圾度参数，使得能够根据所述垃圾度参数，确定所述内容是否通过审核，无需人工参与审核过程，操作简单，且正确率高，从而提高了内容审核的效率和可靠性。
73. 106372231 一种搜索方法及装置
CN
01.02.2017
G06F 17/30 Loading...
G06F 17/30
Loading...
102016000811732
乐视控股（北京）有限公司
孙思佳
G06F 17/30
Loading...
本发明涉及搜索技术领域，尤其涉及一种搜索方法及装置。该方法包括：获取搜索请求，所述搜索请求携带搜索关键词；根据所述搜索关键词搜索，获取至少一个第一搜索内容；根据所述第一搜索内容进行关联搜索，获取第二搜索内容；将所述第一搜索内容和所述第二搜索内容聚合生成最终搜索内容。本发明实施例提供的技术方案能够基于搜索关键词的搜索结果获取该搜索结果的联想和发散结果，从而能够更大的满足用户的需求。
74. 103607655 一种直播节目的回播方法及电子设备
CN
01.02.2017
H04N 21/472 Loading...
H04N 21/472
Loading...
102013000574903
乐视网信息技术（北京）股份有限公司
李阳
H04N 21/472
Loading...
本发明实施例公开了一种直播节目的回播方法及电子设备，涉及多媒体技术领域，可以提供直播节目的实时回播服务，提高直播节目的播放效率。具体方案为：检测直播节目的回播指令；若检测到直播节目的回播指令，则获取直播节目的版权指示信息；根据版权指示信息的指示获取直播节目的播放地址信息；根据获取到的播放地址信息播放直播节目。本发明用于多媒体节目的播放过程中。
75. 103488489 一种数据处理方法及装置
CN
01.02.2017
G06F 9/44 Loading...
G06F 9/44
Loading...
102013000459939
乐视网信息技术（北京）股份有限公司
胡曰峰
G06F 9/44
Loading...
本发明实施例公开了一种数据处理方法及装置，涉及数据处理领域，通过根据第三方应用的事件控制指令对接对应的SDK接口，为用户提供更加丰富的播放器。具体方案为：加载软件开发包SDK；获取第三方应用的事件控制指令；其中，所述事件控制指令中包含第一标识以及与所述第一标识对应的参数信息；根据所述事件控制指令中包含的所述第一标识，调用与所述事件控制指令相应的SDK接口；将所述事件控制指令中包含的所述参数信息通过所述与所述事件控制指令对应的SDK接口发送至所述SDK中；根据所述事件控制指令，执行与所述事件控制指令对应的操作。本发明用于数据处理的过程中。
76. 103731721 一种视频播放方法及用户终端
CN
25.01.2017
H04N 21/433 Loading...
H04N 21/433
Loading...
102013000712447
乐视网信息技术（北京）股份有限公司
刘兴福
H04N 21/433
Loading...
本发明实施例提供的一种视频播放方法及用户终端，涉及互联网多媒体领域，通过检测用户终端中是否存储有待播放视频，进而确定用户终端采用相应方式播放该待播放视频，节省网络流量。该方法包括：当用户终端播放完当前视频时，判断当前视频所属的视频集合是否还存在播放次序在当前视频的播放次序之后、且紧邻当前视频的播放次序的待播放视频；在判断结果为是时，用户终端检测用户终端中是否存储有待播放视频；若用户终端中存储有待播放视频，用户终端则播放存储于用户终端中的待播放视频；若用户终端中未存储有待播放视频，用户终端则向服务器请求并播放存储于服务器中的待播放视频。
77. 103607636 一种创建节目单的方法及装置和电子设备
CN
25.01.2017
H04N 21/435 Loading...
H04N 21/435
Loading...
102013000629767
乐视网信息技术（北京）股份有限公司
陈金付
H04N 21/435
Loading...
本发明实施例提供一种创建节目单的方法及装置和电子设备，涉及电子信息技术领域，利用电子设备及存储节目单数据的服务器快速生成内嵌于电子设备的直播节目单，减少了JavaScript的开发成本，降低了时间损耗。该方法包括：接收直播流媒体请求；获取与直播流媒体请求对应的直播流媒体的ID以及文件类型，并获取存储节目单数据的服务器的地址及服务器可识别格式的当前日期；将直播流媒体的ID转换为节目单名称；根据节目单名称、服务器的地址、文件类型和转换后的当前日期生成节目单地址；根据节目单地址，获取服务器中节目单地址对应的节目单数据；根据节目单数据，生成节目单信息列表；根据节目单信息列表，创建节目单。
78. 106354602 一种服务监控方法和设备
CN
25.01.2017
G06F 11/30 Loading...
G06F 11/30
Loading...
102016000727293
乐视控股（北京）有限公司
胡二彪
G06F 11/30
Loading...
本发明提供一种服务监控方法和设备。方法包括：获取待监控服务的确认信息，所述确认信息，是所述待监控服务生成的、用于表征所述待监控服务响应于访问指令是否执行所述预设操作的信息；所述预设操作，用于实现所述访问指令所对应功能的操作；根据所述确认信息，确定所述待监控服务是否正常提供服务。相较于现有技术中采用的判断依据“待监控服务的进程是否存在”，本发明实施例提供的方案中采用的判断依据“表征待监控服务是否成功执行所述预设操作的信息”，能够更为准确地反映待监控服务是否正常提供服务，从而本发明实施例提供的方案能够得到相较而言比较准确的监控结果。
79. 106357899 终端提示模式的切换方法及装置
CN
25.01.2017
H04M 1/725 Loading...
H04M 1/725
Loading...
102016000814226
乐视控股（北京）有限公司
沈悦
H04M 1/725
Loading...
本发明实施例公开了终端提示模式的切换方法及装置，涉及通信技术领域。包括：设定不同时间段的提示模式；设定提示模式的切换方式，所述切换方式包括循环切换方式和临时切换方式；根据不同时间段的提示模式，以及提示模式的切换方式，切换提示模式。本发明实施例使得用户可以根据需要设定不同时间段的提示模式以及提示模式的切换方式，省却了重复设定提示模式的步骤，提升了用户的使用体验。
80. 106354519 一种用户画像的标签生成方法和装置
CN
25.01.2017
G06F 9/44 Loading...
G06F 9/44
Loading...
102016000875904
乐视控股（北京）有限公司
常琳
G06F 9/44
Loading...
本发明实施例提供了一种用户画像的标签生成方法和装置，该方法和装置应用于大数据处理系统，具体为根据用户的业务需求准备基础数据和标签的规则；根据用户的需求配置与规则对应的规则库；最终利用规则库对基础数据进行处理，得到用户画像的标签。当需要修改标签的判断条件时，仅对规则库进行重新配置就可以实现，而无需修改代码，从而能够解决无法快速灵活地修改标签的判断条件的问题。
81. 103607637 一种创建节目单的方法及装置和电子设备
CN
25.01.2017
H04N 21/435 Loading...
H04N 21/435
Loading...
102013000629802
乐视网信息技术（北京）股份有限公司
陈金付
H04N 21/435
Loading...
本发明实施例提供一种创建节目单的方法及装置和电子设备，涉及电子信息技术领域，利用电子设备及存储节目单数据的服务器快速生成内嵌于电子设备的直播节目单，减少了JavaScript的开发成本，降低了时间损耗。该方法包括：接收直播流媒体请求；获取与直播流媒体请求对应的节目单名称以及文件类型，并获取存储节目单数据的服务器的地址及服务器可识别格式的当前日期；根据节目单名称、服务器的地址、文件类型和转换后的当前日期生成节目单地址；根据节目单地址，获取服务器中节目单地址对应的节目单数据；根据节目单数据，生成节目单信息列表；根据节目单信息列表，创建节目单。
82. 106339409 用户语料信息的获取方法及装置
CN
18.01.2017
G06F 17/30 Loading...
G06F 17/30
Loading...
201610653562.5
乐视控股（北京）有限公司
周二亮
G06F 17/30
Loading...
本发明实施例提供一种用户语料信息的获取方法及装置，涉及数据挖掘技术领域，主要目的是提高获取语料的质量。本发明实施例所采用的技术方案是：根据候选用户观看的多媒体对应的用户行为的属性分布信息，评估所述候选用户在不同的属性类别上的偏好值，所述多媒体对应的用户行为的属性分布信息用于表示所述多媒体对应的用户行为在所述不同的属性类别上的分布信息；根据所述候选用户在不同的属性类别上的偏好值获取所述候选用户在不同的属性类别上的置信度；根据所述置信度从所述候选用户中选择目标用户，将所述目标用户的用户语料信息作为样本用户的用户语料信息。本发明主要用于用户语料信息的获取。
83. 106339418 一种分类纠错方法及装置
CN
18.01.2017
G06F 17/30 Loading...
G06F 17/30
Loading...
102016000669153
乐视控股（北京）有限公司
刘中亮
G06F 17/30
Loading...
本发明涉及数据搜索技术领域，特别是涉及一种分类纠错方法及装置。该方法包括：基于信息类别生成所述信息类别对应的关键词词表；根据所述信息类别对应的关键词词表，生成所述信息类别对应的已分类信息的错误词语集合；对所述已分类信息分别进行分类，生成所述已分类信息对应的正类词语集合和负类词语集合；根据所述已分类信息的错误词语集合，对所述已分类信息的所述正类词语集合和所述负类词语集合进行纠错。该分类纠错方法及装置使分类结果更准确，用户获取到的信息更正确，从而更有效的帮助用户进行搜索。
84. 106339893 推广信息的曝光情况处理方法及装置
CN
18.01.2017
G06Q 30/02 Loading...
G06Q 30/02
Loading...
201610657135.4
乐视控股（北京）有限公司
李志刚
G06Q 30/02
Loading...
本发明公开了一种推广信息的曝光情况处理方法及装置。通过监听输入设备在指定推广信息所在页面上触发的页面滚动事件，进而获得页面滚动事件所对应的页面滚动距离，以及根据页面滚动距离，确定指定推广信息所在的页面位置的展现情况，使得能够根据指定推广信息所在的页面位置的展现情况，获得指定推广信息的曝光情况，有效避免现有技术中由于仅仅根据页面是否被展现即页面的任一屏是否被展现，确定该页面上的推广信息是否被曝光而导致的位于被展现的页面上未被展现屏上的推广信息被错误地确定为被曝光的技术问题，从而提高了推广信息的曝光情况处理的可靠性。
85. 106339469 数据推荐方法及装置
CN
18.01.2017
G06F 17/30 Loading...
G06F 17/30
Loading...
102016000751240
乐视控股（北京）有限公司
王娟
G06F 17/30
Loading...
本发明公开了一种数据推荐方法及装置，包括：接收用户的推荐请求；获取所述用户的用户权限；提取与所述用户权限相关联的第一推荐内容；根据所述第一推荐内容，向所述用户返回推荐数据。本发明提出的数据推荐方法及装置，能够针对不同用户或不同类型的用户进行数据推荐。
86. 106339368 文本情感倾向的获取方法及装置
CN
18.01.2017
G06F 17/27 Loading...
G06F 17/27
Loading...
102016000721351
乐视控股（北京）有限公司
祁立
G06F 17/27
Loading...
本发明实施例提供了一种文本情感倾向的获取方法及装置，涉及自然语言处理技术领域，用于解决现有文本情感倾向获取准确率较低的问题，本发明的主要技术方案为：获取目标文本中的情感词；根据所述目标文本的依存语法分析结果及所述目标文本中的情感词，获取与各个情感词分别对应的评价对象；基于所述情感词与所述评价对象的对应关系建立目标文本的向量空间模型；根据所述目标文本的向量空间模型和预置分类算法模型，预测所述目标文本的情感倾向，所述预置分类算法模型是基于预置文本的情感倾向训练预置文本的向量空间模型得到的。本发明用于获取文本的情感倾向。
87. 106330636 智能设备远程控制方法及装置
CN
11.01.2017
H04L 12/28 Loading...
H04L 12/28
Loading...
201610828866.0
乐视控股（北京）有限公司
任远航
H04L 12/28
Loading...
本发明公开了一种智能设备远程控制方法及装置，该方法包括：移动终端利用用户账号登录应用服务平台，并利用第一控制口令向应用服务平台请求对该用户账号绑定的智能设备进行远程控制的权限；在应用服务平台对第一控制口令进行验证通过后，获得远程控制权限；然后移动终端根据该用户账号下的智能设备信息确定目标智能设备，通过应用服务平台对目标智能设备进行远程控制。本发明通过应用服务平台对远程控制权限进行管理，由移动终端对同一用户账号体系下的智能设备进行远程控制，不仅不受空间距离限制，而且安全可靠。
88. 106331764 一种全景视频分享方法及其分享装置
CN
11.01.2017
H04N 21/239 Loading...
H04N 21/239
Loading...
201610827241.2
乐视控股（北京）有限公司
胡建猛
H04N 21/239
Loading...
本发明实施方式公开了一种全景视频分享装置及其分享方法。该方法包括：接收全景视频分享请求，所述分享请求包括待分享的全景视频帧信息；生成与所述分享请求对应的切图指令，所述切图指令包括所述待分享的全景视频帧信息；将所述切图指令分发至第二服务器，所述第二服务器至少包括两个。将服务器进行功能分组，分别执行分享请求的处理以及切图指令，采用了切图和分享请求的并行处理，能够有效的提高切图处理效率，实现了高并发。
89. 106326431 一种信息推荐方法和装置
CN
11.01.2017
G06F 17/30 Loading...
G06F 17/30
Loading...
201610727291.3
乐视控股（北京）有限公司
焦伟
G06F 17/30
Loading...
本发明实施例提供一种信息推荐方法和装置。方法包括：接收用户发送的信息推荐请求，信息推荐请求中包含用户的标识信息；从用户数据库中查找与用户的标识信息对应的信息查看行为数据，并且根据信息查看行为数据，确定信息推荐列表；从推荐数据库中查找与用户的标识信息对应的历史推荐信息，并且根据历史推荐信息，对信息推荐列表进行过滤；将过滤后的信息推荐列表推荐给用户，过滤后的信息推荐列表中包含至少一个推荐信息。根据用户的信息查看行为数据确定用户感兴趣的信息推荐列表，根据历史推荐信息对信息推荐列表进行过滤，使得为用户提供个性化信息推荐的同时，避免相同信息的重复推荐，有效提高用户使用体验。
90. 106330878 管理视频流解析的方法及装置
CN
11.01.2017
H04L 29/06 Loading...
H04L 29/06
Loading...
102016000685431
乐视控股（北京）有限公司
吴延宝
H04L 29/06
Loading...
本发明实施例涉及一种管理视频流解析的方法及装置，所述方法包括：获取解析视频流的请求，在预先建立的对象池中调用空闲的实例，所述对象池中包括至少一个实例；通过调用的实例解析所述请求对应的视频流；当所述视频流解析完成时，将所述调用的实例的状态设置为空闲。所述装置包括：调用模块、解析模块和状态设置模块。本发明实施例通过在接收到解析视频流的请求时从对象池中调用一个空闲的实例来解析视频流，并在完成视频流解析任务后，再将所调用的实例的状态更新为空闲从而在需要执行新的任务时可供再次调用，能很好地避免现有技术中不断重复地进行创建和销毁实例所带来的不必要的资源消耗，无需占用过多的系统资源，资源利用率高。
91. 106326403 网页生成方法及装置
CN
11.01.2017
G06F 17/30 Loading...
G06F 17/30
Loading...
201610703973.0
乐视控股（北京）有限公司
冯宇婷
G06F 17/30
Loading...
本发明适用于网页制作技术领域，提供了一种网页生成方法及装置，所述方法包括：获取目标网页的基本信息及至少一个终端类型的标识信息，根据所述基本信息生成对应的网页资源数据包，根据所述网页资源数据包及所述至少一个终端类型的标识信息生成对应的统一资源定位符；所述统一资源定位符用于访问所述目标网页，当接收到属于所述至少一个终端类型的终端设备发送的访问请求时，根据所述访问请求中包含的所述统一资源定位符获取所述目标网页，并返回给所述终端设备。本发明提供的一种网页生成方法及装置，解决了针对不同终端，要生成显示的实际内容是一样的网页时，需要重复编辑来获得统一资源定位符进而获得网页的问题。
92. 106330895 推广信息的处理方法及装置
CN
11.01.2017
H04L 29/06 Loading...
H04L 29/06
Loading...
102016000702477
乐视控股（北京）有限公司
李志刚
H04L 29/06
Loading...
本发明公开了一种推广信息的处理方法及装置。通过获取指定视频的拖拽情况数据，进而根据拖拽情况数据，从第一加载方式和第二加载方式中选取推广信息的目标加载方式；第一加载方式为以视频文件时长为定位参考的加载方式，第二加载方式为以视频播放时长为定位参考的加载方式，使得能够利用推广信息的目标加载方式，在指定视频的播放过程中，加载推广信息，由于推广信息的目标加载方式是根据待加载视频的用户拖拽情况所确定的，因此，在该待加载视频的播放过程中进行推广信息的推送，会被尽可能多的用户观看到，容易引起更多用户的兴趣，以对推广信息进行进一步操作行为，保证推广信息的精准推送，从而提高了推广信息的转化率。
93. 106330879 视频播放方法及装置
CN
11.01.2017
H04L 29/06 Loading...
H04L 29/06
Loading...
102016000685455
乐视控股（北京）有限公司
王伟明
H04L 29/06
Loading...
本发明适用于视频播放技术领域，提供了一种视频播放方法，该方法包括：响应于请求播放视频的操作，向云端服务器请求播放所述操作对应的视频文件，在从该云端服务器获取的各种清晰度的视频文件中，播放预置清晰度的视频文件，在播放过程中，当检测到播放流畅度低于预置流畅度的次数到达预置次数时，播放清晰度小于该预置清晰度的视频文件。本发明实施例还提供了一种视频播放装置，该视频播放方法及装置，可提高视频播放流畅度，同时提升用户的观看体验。
94. 106326388 一种信息处理方法和装置
CN
11.01.2017
G06F 17/30 Loading...
G06F 17/30
Loading...
102016000681330
乐视控股（北京）有限公司
王高波
G06F 17/30
Loading...
本发明实施例提供了一种信息理方法和装置，该信息处理方法和装置应用于网络视频网站的收视终端，具体为获取信息的描述内容；根据信息的描述内容，建立信息的分词向量；根据信息的分词向量和预置的权重系数，确定信息是否为相似信息；当上述信息为相似信息时，将相似信息中的任意一个确定为待推荐信息。通过上述方法，能够将相似信息进行过滤，从而实现推荐给用户的信息都是不同的，避免用户看到过多的相似的推荐信息，不会使用户感到累赘和繁琐。
95. 106331795 一种预览数据的方法、系统及服务器、预览设备
CN
11.01.2017
H04N 21/2668 Loading...
H04N 21/2668
Loading...
201610656827.7
乐视控股（北京）有限公司
敖伟波
H04N 21/2668
Loading...
本发明公开了一种预览数据的方法、系统及服务器、预览设备，方法包括：向预览设备发送预览指令，其中，所述预览指令携带所述待预览多媒体的标识；接收所述预览设备根据所述预览指令发送的数据请求指令，其中，所述数据请求指令携带所述待预览多媒体的标识；向所述预览设备发送所述待预览多媒体，以使所述预览设备执行对所述待预览多媒体的预览操作。通过上述方式，本发明能够方便在预览设备侧对服务器上的待预览多媒体进行预览。
96. 106325871 一种服务器的维护方法及装置
CN
11.01.2017
G06F 9/44 Loading...
G06F 9/44
Loading...
201610726354.3
乐视控股（北京）有限公司
胡二彪
G06F 9/44
Loading...
本申请公开了一种服务器的维护方法及装置。该方法包括：确定针对目标维护对象的脚本工具，所述脚本工具通过脚本语言编写；在所述脚本语言所需要的运行环境中，运行所述脚本工具对服务器的所述目标维护对象进行维护。由于相对于服务器管理平台，脚本工具的代码长度通常较小并且结构简单，当需要时，能够方便的对脚本工具的代码进行修改或添加新代码，甚至于还可以另外编写新的脚本工具，因此相对于现有技术，通过脚本工具来对服务器进行维护，能够取得更好的维护效果。
97. 106327252 广告频次控制方法及装置
CN
11.01.2017
G06Q 30/02 Loading...
G06Q 30/02
Loading...
102016000704514
乐视控股（北京）有限公司
敖伟波
G06Q 30/02
Loading...
本发明实施例涉及一种广告频次控制方法及装置，所述方法包括：一种广告频次控制方法，包括：分别接收媒体广告监测服务器传送的媒体Cookie频次数据和第三方监测服务器提供的第三方Cookie频次数据；根据所述第三方Cookie频次数据对所述媒体Cookie频次数据进行修正；使用修正后的媒体Cookie频次数据控制广告投放。所述装置包括：接收模块；第一修正模块；控制模块。本发明实施例通过根据第三方Cookie频次数据对媒体Cookie频次数据进行修正，进而采用修正后的媒体Cookie频次数据来控制媒体广告投放，可以很好地降低了媒体广告服务器与第三方监测服务器上的广告频次数据的差异，使得广告投放的频次数据更为精确，提升了广告效果。
98. 106332310 多媒体文件分享方法及装置
CN
11.01.2017
H04W 76/02 Loading...
H04W 76/02
Loading...
102016000701909
乐视控股（北京）有限公司
高佳琦
H04W 76/02
Loading...
本发明实施例提供一种多媒体文件分享方法及装置，涉及通信技术领域。其中所述方法包括：检测用户对多媒体文件的缩略信息的操作；当所述操作与预设操作匹配时呈现分享终端列表，所述分享终端列表至少包括一个用于接收所述多媒体文件的分享终端的分享终端名称；建立与用户根据所述分享终端列表所选择的分享终端之间的通信连接；通过所述通信连接至少发送所述多媒体文件和/或所述多媒体文件的文件信息至用户所选择的分享终端。本实施例中整个过程中只需要用户对多媒体文件的缩略信息执行预设操作，并根据被触发的分享终端列表选择目标分享终端。减少了跨终端间的多媒体文件的分享的操作步骤，提高了操作效率，提升了用户体验。
99. 106331788 一种视频下载方法及装置
CN
11.01.2017
H04N 21/262 Loading...
H04N 21/262
Loading...
201610797584.9
乐视控股（北京）有限公司
孟祥建
H04N 21/262
Loading...
本发明涉及互联网技术领域，特别是涉及一种视频下载方法、装置以及电子设备。其中，该方法包括：获取播放列表文件；根据播放列表文件，选择视频的第一视频片段；从播放列表文件提取出第一视频片段的主下载地址；根据主下载地址，下载第一视频片段。通过本发明实施例，一方面，其能够提高下载速率，从而提高用户体验，另一方面，其能够节省下载网络带宽以及降低服务器压力，维护下载系统的稳定。
100. 106331876 网页视频播放方法及装置
CN
11.01.2017
H04N 21/472 Loading...
H04N 21/472
Loading...
201610812698.6
乐视控股（北京）有限公司
刘石群
H04N 21/472
Loading...
本发明实施例涉及一种网页视频播放方法及装置，所述方法包括：响应于打开视频网页进行视频播放的请求，向服务器发送所述请求；接收服务器返回的提取脚本的信息，根据所述提取脚本的信息调用提取脚本；通过所述提取脚本从所述视频网页的数据中提取出视频流地址；根据所述视频流地址提取视频流进行播放。本发明实施例通过向服务器发送打开视频网页进行视频播放的请求，并根据服务器反馈的提取脚本的信息调用对应的提取脚本来分析对应的视频网页，可以高效地从视频网页的数据中提取出有效的视频流地址，进而即可根据视频流地址直接获取所述视频流并进行播放，能够避免直接进行网页播放的各种限制，可以加快启播速度，优化播放流，加快流播放速度。
101. 106331787 频道更新方法及装置
CN
11.01.2017
H04N 21/262 Loading...
H04N 21/262
Loading...
102016000772512
乐视控股（北京）有限公司
胡海龙
H04N 21/262
Loading...
本发明公开了一种频道更新方法，该方法包括：获取服务器上已保存的第一频道集合中各频道的频道信息，从本地已保存的第二频道集合中获取具有标记的目标频道的频道信息，该标记为用户喜好观看的频道的标记，且基于第一频道集合中各频道的频道信息对该目标频道的频道信息进行更新。本发明还公开了一种频道更新装置，通过在从服务器获取第一频道集合之后，利用该第一频道集合中各频道的频道信息对本地保存的第二频道集合中用户喜好观看的频道的频道信息进行更新，而非直接利用第一频道集合替换第二频道集合，能够有效的保留用户设置的其喜好观看的频道的标记，不需要用户重新设置标记，有效改善用户体验。
102. 106293765 一种布局更新方法及装置
CN
04.01.2017
G06F 9/44 Loading...
G06F 9/44
Loading...
102016000708157
乐视控股（北京）有限公司
张艺麟
G06F 9/44
Loading...
本发明涉及网络技术领域，尤其涉及一种布局更新方法及装置。该布局更新方法包括：接收布局更新请求，其中所述布局更新请求包括所述请求对应的页面区块标识；分析所述布局更新请求，根据所述页面区块标识获取所述请求对应的配置文件，所述配置文件包括页面区块的布局方式和布局内容；发送所述配置文件。本发明实施例提供的方法及装置能够针对应用的某一个或多个页面区块进行布局更新，满足了用户个性化的需求，提升了用户体验。
103. 106303046 视频播放方法及装置
CN
04.01.2017
H04M 1/725 Loading...
H04M 1/725
Loading...
102016000694773
乐视控股（北京）有限公司
张呈祥
H04M 1/725
Loading...
本发明适用于通信技术领域，提供了一种视频播放方法，包括：检测耳机接口是否插入耳机，若检测到插入耳机，则检测视频是否处于播放状态，若检测到视频处于播放状态，则按照预置规则调节视频播放进度。本发明提供的视频播放方法及装置，在视频播放过程中，通过在检测到耳机接口插入耳机的操作时，自动调节视频播放进度来解决因找耳机、插耳机而错过观看部分视频内容的问题，更智能、操作更简便。
104. 106294764 一种视频台词检索方法和装置
CN
04.01.2017
G06F 17/30 Loading...
G06F 17/30
Loading...
201610657397.0
乐视控股（北京）有限公司
鲍天天
G06F 17/30
Loading...
本发明实施例涉及一种视频台词检索方法和装置，通过获取台词信息检索的关键词，根据所述关键词检索所述台词信息；根据检索到的所述台词信息，播放所述台词信息对应的视频以及台词文字，并生成操作提示；其中，所述操作提示包括：分享、下载到本地、设为闹钟中的一项或多项，能够根据用户输入的关键词精确定位经典台词出现的时间段，提高了用户体验。
105. 106294783 一种视频推荐方法及装置
CN
04.01.2017
G06F 17/30 Loading...
G06F 17/30
Loading...
201610663987.4
乐视控股（北京）有限公司
何星维
G06F 17/30
Loading...
本发明实施例涉及内容推荐技术领域，公开了一种视频推荐方法及装置。该方法包括：基于预设的分类模型对视频进行分类，得到多个类别的视频集合；根据用户对视频的历史操作信息获取目标视频，将所述目标视频与所述多个类别的视频集合分别进行匹配，确定所述用户所属类别；根据所述用户所属类别，向所述用户进行视频推荐。本发明实施例公开的视频推荐方法及装置，丰富了视频推荐方法的内容，使视频推荐的结果更准确。
106. 106297842 一种音频截取方法及装置
CN
04.01.2017
G11B 27/031 Loading...
G11B 27/031
Loading...
102016000669572
乐视控股（北京）有限公司
沈悦
G11B 27/031
Loading...
本发明实施例涉及一种音频截取方法及装置，该方法包括对声音设备驱动程序和应用程序编程接口进行修改，得到一个封装层；调用所述封装层中经修改后的应用程序编程接口，并获取声音设备播放的音频文件；将获取的声音设备播放的音频文件临时储存在特定储存空间中；根据音频截取触发操作，将所述特定储存空间中的音频文件进行截取；播放或保存截取后的音频文件。本发明可以方便的截取手机或平板里的任何声音片段，应用面广，操作方便，声音信息片段可保持与原文件的音质完全一致，防止音质效果变差，而且不必对手机的用户界面进行很大的改动，便于技术实现，且减化了用户操作步骤，增加用户操作的易用性。
107. 106303007 视频播放方法、播放装置及播放终端
CN
04.01.2017
H04M 1/725 Loading...
H04M 1/725
Loading...
201610644552.5
乐视控股（北京）有限公司
张呈祥
H04M 1/725
Loading...
本发明属于通信及电子技术领域，公开了基于移动终端的视频播放方法、视频播放装置及视频播放系统，所述视频播放方法包括在视频播放过程中，检测所述移动终端的剩余电量；当检测到所述移动终端的剩余电量低于预设的电量阈值时，开启省电模式继续播放视频，所述省电模式包括关闭当前播放视频的视频流，播放所述当前播放视频的音频流。本发明通过在视频播放过程中检测移动终端的剩余电量，在移动终端的剩余电量低于预设值时，视频播放应用自动开启省电模式进行视频播放以达到深度省电的目的，同时又能满足用户继续收看视频的需求。
108. 106303653 一种视频显示方法和装置
CN
04.01.2017
H04N 21/431 Loading...
H04N 21/431
Loading...
201610664161.X
乐视控股（北京）有限公司
金艳
H04N 21/431
Loading...
本发明实施例公开了一种视频显示方法和装置，其中，该方法包括：接收用户对非全屏视频窗口的透明度调节指令，解析并获取所述透明度调节指令中包含的透明度调节参数；根据所述透明度调节指令，将所述非全屏视频窗口的当前透明度值调整为所述透明度调节参数。本发明实施例的一种视频显示方法和装置，通过调节非全屏视频窗口的透明状态，使得用户能够在不打断视频观看的同时，对非全屏视频窗口遮盖住的其他信息(如应用、画面、文字等)进行观看和/或操作，提升了用户体验。
109. 106294765 处理新闻数据的方法及装置
CN
04.01.2017
G06F 17/30 Loading...
G06F 17/30
Loading...
102016000657518
乐视控股（北京）有限公司
康潮明
G06F 17/30
Loading...
本发明提供一种处理新闻数据的方法及装置，涉及互联网技术领域，能够解决现有技术中识别影视相关新闻时准确率较低的问题。本发明的方法包括：获取待识别的新闻库；将新闻库中满足预设关注条件的新闻添加到第一候选新闻集合中，预设关注条件用于限定新闻受关注程度；分别将第一候选新闻集合中每篇新闻的新闻标题与目标对象的信息进行匹配；将匹配成功的新闻标题对应的新闻添加到第二候选新闻集合中；将第二候选新闻集合中满足预设相关条件的新闻正文对应的新闻确定为与目标对象相关的新闻，预设相关条件用于限定新闻正文包含与目标对象不相关信息的程度以及相关信息的程度。本发明主要适用于识别某影视相关新闻的场景中。
110. 106294794 一种内容推荐方法及装置
CN
04.01.2017
G06F 17/30 Loading...
G06F 17/30
Loading...
102016000670024
乐视控股（北京）有限公司
廖敏
G06F 17/30
Loading...
本发明涉及互联网技术领域，尤其涉及一种内容推荐方法及装置。该方法包括：收集同一账号在不同终端的历史行为数据；分析所述历史行为数据，并生成所述账号对应的行为习惯；基于所述行为习惯向所述行为习惯对应的账号所登录的终端进行内容推荐。本发明实现了同一账号在不同终端的历史行为数据的共享，根据行为习惯进行内容推荐的结果更符合用户的需求，提升了用户体验。
111. 106303746 弹幕数据的处理方法及装置
CN
04.01.2017
H04N 21/488 Loading...
H04N 21/488
Loading...
102016000681460
乐视控股（北京）有限公司
李绍林
H04N 21/488
Loading...
本发明公开了一种弹幕数据的处理方法及装置。本发明实施例通过获取指定视频上前一次所呈现的弹幕数据的数量和待呈现的弹幕数据的数量，进而根据所述前一次所呈现的弹幕数据的数量和所述待呈现的弹幕数据的数量，获得所述指定视频上本次将要呈现的弹幕数据的数量，使得能够在所述指定视频上，呈现所述本次将要呈现的弹幕数据的数量的弹幕数据，由于指定视频上本次将要呈现的弹幕数据的数量取决于所述指定视频上前一次所呈现的弹幕数据的数量和待呈现的弹幕数据的数量，使得指定视频上单次所呈现的弹幕数据的数量变化趋势较为缓慢，而不会发生突变现象，这样，用户能够及时读取弹幕数据，从而提高了弹幕数据的可靠性。
112. 106302640 数据请求处理方法及装置
CN
04.01.2017
H04L 29/08 Loading...
H04L 29/08
Loading...
201610603124.8
乐视控股（北京）有限公司
胡二彪
H04L 29/08
Loading...
本发明实施例提供一种数据请求处理方法及装置，涉及计算机技术领域。其中，所述方法包括：获取发起数据请求的用户的属性信息；根据所述属性信息，选定数据库集群、所述数据库集群中的数据库以及所述数据库中的数据表；将所述数据请求发送至所述数据表处理。本发明实施例实现了分库分表的数据库结构，以将不同用户划分到不同的数据集群，并将划分到同一数据集群的不同用户分散到不同的数据库的不同数据表中，当有大并发量的数据请求时，可由不同数据库来处理，进而有效的提高了云盘服务端的并发量。
113. 106294675 一种投票信息生成方法、生成装置及其电子设备
CN
04.01.2017
G06F 17/30 Loading...
G06F 17/30
Loading...
102016000637801
乐视控股（北京）有限公司
杨凯旋
G06F 17/30
Loading...
本申请实施方式公开了一种投票信息生成方法、生成装置及其电子设备。其中，该生成方法包括：编辑包含至少一个投票相关备选项的总数据集合；所述投票相关备选项下包含至少一个具有对应内容信息的子项；根据筛选条件，生成包含至少一个投票相关备选项的子数据集合,所述子数据集合中包含用于展示的内容信息。该软件版本更新方法，具有多个更新集合，可以通过选择包含增量包数量最少的更新集合完成更新，从而缩短软件版本更新的时间，提升更新的效率。通过生成记载有全部数据的总数据集合，然后再由总数据集合生成与各期节目对应的子数据集合的方式，提高了各期投票信息之间关联性，而且在需要对投票信息进行编辑时，操作简便。
114. 106294564 一种视频推荐方法及装置
CN
04.01.2017
G06F 17/30 Loading...
G06F 17/30
Loading...
102016000601967
乐视控股（北京）有限公司
李晔
G06F 17/30
Loading...
本发明实施例提供一种视频推荐方法及装置。视频推荐方法包括：获取用户观看过的历史视频资源；根据历史视频资源的发布者，确定候选发布者；根据候选发布者的热度以及候选发布者所发布视频资源的属性信息，向用户进行视频推荐。采用本发明实施例可以提高视频推荐结果的准确性。
115. 106293911 分布式调度系统、方法
CN
04.01.2017
G06F 9/48 Loading...
G06F 9/48
Loading...
102016000615710
乐视控股（北京）有限公司
向滔
G06F 9/48
Loading...
本发明实施例提供一种分布式调度系统、方法。包括前端层、中心层以及运行层：所述前端层，包含至少一个调度前端，所述调度前端用于开发前端数据处理任务，向所述中心层申请上线所述数据处理任务；在接收所述中心层的上线允许之后上线并展示所述数据处理任务；所述中心层，包含至少一个调度中心，所述调度中心用于在接收到所述调度前端发出的上线请求时判断是否允许上线，并根据所述数据处理任务的用户来源分发所述数据处理任务至相应的运行分组；所述运行层，包含至少一个所述运行分组，所述运行分组用于执行所述调度中心分发的所述数据处理任务。实现了调度系统的高可用，保证了调度任务及时，准确的运行。
116. 106240526 一种车辆挡风玻璃清洁方法、装置、系统及车辆
CN
21.12.2016
B60S 1/04 Loading...
B60S 1/04
Loading...
102016000839448
乐视控股（北京）有限公司
赵雨
B60S 1/04
Loading...
本发明涉及机动车智能控制领域，公开了一种车辆挡风玻璃清洁方法、装置、系统及车辆。一种车辆挡风玻璃清洁方法，包括：根据车辆外部天气环境预先设定不同的清洁模式，不同清洁模式下车辆挡风玻璃的清洁方式不同；监测实时的车辆外部天气环境数据，根据监测到的实时车辆外部天气环境数据匹配预先设定的清洁模式，若匹配到预先设定的清洁模式，则进入匹配到的清洁模式；在匹配到的清洁模式下进行车辆挡风玻璃清洁。本发明实施例提供的车辆挡风玻璃清洁方式更加智能化，提升了驾驶员的驾驶体验，减少了分散驾驶员注意力的情况，减少了交通事故发生。
117. 106250417 一种获取评论数据的方法及装置
CN
21.12.2016
G06F 17/30 Loading...
G06F 17/30
Loading...
201610587300.3
乐视控股（北京）有限公司
李朋朋
G06F 17/30
Loading...
本发明公开一种获取评论数据的方法及装置，方法包括为缓存中的评论数据设置第一时间标记，设置第二时间标记，当所述数据库中的评论数据更新时，更新所述第二时间标记；接收评论数据获取请求，比较所述第一时间标记和所述第二时间标记，根据比较结果判断所述数据库中的数据是否存在更新；当判定所述数据库中的数据存在更新时，将所述数据库中的评论数据存储到所述缓存中，当判定所述数据库中的数据未更新时，输出所述缓存中的评论数据。避免了用户频繁的读取评论数据，提高了接口的性能，在评论数据未更新的时候能够快速的获取评论数据，节约了服务端资源，提高了反应速度，提高了用户体验。
118. 106250011 显示方法、装置及设备
CN
21.12.2016
G06F 3/0484 Loading...
G06F 3/0484
Loading...
102016000561653
乐视控股（北京）有限公司
马永生
G06F 3/0484
Loading...
本发明实施例是关于一种显示方法，所述方法包括：当目标播放器的显示位置发生移动时，根据移动的方向和距离确定所述目标播放器的定位坐标，其中，所述定位坐标是播放器指定部分的坐标；存储所述定位坐标；当接收到待显示播放器的打开指令时，按照所述定位坐标所确定的位置显示所述待显示播放器。本发明实施例还公开了一种显示装置及设备。本发明实施例的技术方案，当播放器的显示位置发生变化时，能够记忆播放器最新的显示位置，并在所记忆的位置显示后续打开的播放器，从而能够很大程度的简化操作步骤，进而能够提高用户的使用体验。
119. 106251577 一种智能手环
CN
21.12.2016
G08B 21/02 Loading...
G08B 21/02
Loading...
201610665626.3
乐视控股（北京）有限公司
沈悦
G08B 21/02
Loading...
本发明实施例公开了一种智能手环，涉及可穿戴智能设备技术领域。所述智能手环包括：至少一个处理器、至少一个存储器、佩戴模块和供电模块；所述至少一个处理器用于运算数据和处理指令；所述至少一个存储器用于存储程序、指令和数据；所述佩戴模块用于实现智能手环的佩戴以及防暴力拆卸功能；所述供电模块用于给智能手环供电；所述存储器、佩戴模块与所述至少一个处理器以及所述供电模块电性连接，且所述供电模块与所述至少一个处理器之间电性连接。这种智能手环具有防暴力拆卸功能，同时提高了通信的地域范围和有效性。
120. 106250490 一种文本基因提取方法、装置及电子设备
CN
21.12.2016
G06F 17/30 Loading...
G06F 17/30
Loading...
201610622162.8
乐视控股（北京）有限公司
康潮明
G06F 17/30
Loading...
本发明涉及自然语言处理技术，尤其涉及一种文本基因提取方法、装置及电子设备。其中，该文本基因提取方法包括：构建文本基因词典，根据所述文本基因词典，生成待提取文本的第一候选文本基因集合；根据文本基因提取规则，生成所述待提取文本的第二候选文本基因集合；根据所述第一候选文本基因集合与所述第二候选文本基因集合，生成目标文本基因集合。本发明实施例通过两种方式分别获取两个候选文本基因集合，从而获取待提取文本的目标文本基因集合，丰富了文本基因提取方法，提高了文本基因提取准确率。
121. 106254443 消息推送方法及装置
CN
21.12.2016
H04L 29/08 Loading...
H04L 29/08
Loading...
102016000615021
乐视控股（北京）有限公司
敖伟波
H04L 29/08
Loading...
本发明实施例提供一种消息推送方法及装置，涉及通信技术领域，主要目的是提高推送消息的启动率。本发明实施例所采用的技术方案是：获取移动终端的历史网络连接记录，根据所述历史网络连接记录确定所述移动终端的消息推送时间，当接收到消息推送请求时，根据所述消息推送时间向所述移动终端推送预设消息。本发明主要用于消息的推送。
122. 106254916 直播播放方法及装置
CN
21.12.2016
H04N 21/422 Loading...
H04N 21/422
Loading...
102016000648349
乐视控股（北京）有限公司
刘智斌
H04N 21/422
Loading...
本发明实施例公开一种直播播放方法及装置，其中，该方法包括在检测到直播画面存在触发事件时，在直播画面呈现包括多种视角模式的多视角图层，其中，视角模式与直播流相对应；获取选择到的视角模式；将直播画面的直播流切换至与选择到的视角模式对应的直播流。因此，其实现了用户能够多角度地欣赏直播，并且通过多角度地切换直播，用户能够观看到更多的直播内容，从而提高直播信息的聚合度。
123. 106250077 一种应用关联的内容界面呈现方法、装置及其电子设备
CN
21.12.2016
G06F 3/14 Loading...
G06F 3/14
Loading...
102016000565546
乐视控股（北京）有限公司
牛盼迎
G06F 3/14
Loading...
本发明实施例涉及一种应用关联的内容界面呈现方法、装置及其电子设备。其中，该应用关联的内容界面方法，包括：获取应用呈现内容的背景，根据所述应用呈现内容的背景，生成应用关联的内容界面，以使所述应用关联的内容界面以与所述应用呈现内容的背景相同或相近的背景呈现。本发明实施例中可以根据应用呈现内容的背景呈现应用关联的内容界面，丰富了应用关联内容的界面呈现，提升用户体验。
124. 106227873 搜索方法及装置
CN
14.12.2016
G06F 17/30 Loading...
G06F 17/30
Loading...
201610619232.4
乐视控股（北京）有限公司
孙思佳
G06F 17/30
Loading...
本发明涉及互联网技术领域，尤其涉及搜索方法及装置。该方法包括：接收搜索请求，所述搜索请求中包括至少一个关键词；接收服务器返回的与所述搜索请求中的所述关键词匹配的关键数据，基于所述关键数据生成第一搜索结果页面，所述第一搜索结果页面包括多个媒体类型的搜索结果显示区。本发明实施例搜索结果呈现的信息更全面，不仅满足了用户多方面的需求，而且提升了用户搜索效率。
125. 106230596 数字标记生成、验证方法和装置
CN
14.12.2016
H04L 9/32 Loading...
H04L 9/32
Loading...
102016000597016
乐视控股（北京）有限公司
魏泽涛
H04L 9/32
Loading...
本发明实施例提供了数字标记的生成、验证方法和装置，其中，数字标记生成方法包括：确定第一当前时间戳，以及待生成的数字标记的有效时长；依据所述第一时间戳以及所述有效时长生成第一数值以及第二数值；对所述第一数值进行处理得到第三数值；依据所述第二数值以及所述第三数值生成所述数据标记。通过本发明实施例提供的数字标记处理方案，能够生成长度短的数字标记，从而减轻客户端的传输负担、以及服务端的接收负担，且节省传输标记所花费的传输成本。
126. 106201532 界面元素更换方法及装置
CN
07.12.2016
G06F 9/44 Loading...
G06F 9/44
Loading...
102016000561713
乐视控股（北京）有限公司
许春雯
G06F 9/44
Loading...
本发明实施例提供一种界面元素更换方法及装置。接收界面元素更换数据；根据所述界面元素更换数据获取目标界面元素和所述目标界面元素对应的界面元素更换素材；根据所述界面元素更换素材对所述目标界面元素进行更换。实现了更加便捷高效的界面装扮更换，提升了用户体验。
127. 106203000 一种直播内容的提供方法，提供装置及其电子设备
CN
07.12.2016
G06F 21/10 Loading...
G06F 21/10
Loading...
102016000551757
乐视控股（北京）有限公司
刘小月
G06F 21/10
Loading...
本发明实施方式公开了一种直播内容提供方法、提供装置及其电子设备。其中，该方法包括：接收直播内容的播放请求，所述播放请求包括通过用户操作行为获得的播放权限；将所述播放请求的播放权限与预设的直播内容的获取权限进行匹配；若匹配成功，则播放直播内容。通过上述方法，直播内容的供应方可以通过用户为获取一定的费用或者资源，回收直播内容的制作成本或者获取利润。而用户也可以通过用户操作行为，获得能够满足自己个性化需求的直播内容，获得更好的观看体验。
128. 106202570 一种用户信息获取方法及装置
CN
07.12.2016
G06F 17/30 Loading...
G06F 17/30
Loading...
102016000659017
乐视控股（北京）有限公司
赵九龙
G06F 17/30
Loading...
本发明实施例提供一种用户信息获取方法及装置，涉及计算机技术领域，主要目的在于通过定期更新预测模型的训练样本，来提高预测模型计算用户特征信息的稳定性。本发明实施例所采用的技术方案是：采集多媒体样本集合，其中，所述多媒体样本集合包括具有区分用户特征信息的多媒体样本；统计所述多媒体样本集合的观看用户，筛选出训练用户样本，所述训练用户样本为具有明确用户特征信息的用户样本；利用所述训练用户样本训练用户信息获取模型，使用所述用户信息获取模型获取目标用户的特征信息。本发明主要用于获取用户的特征信息。
129. 106210911 一种直播投票方法、装置及电子设备
CN
07.12.2016
H04N 21/475 Loading...
H04N 21/475
Loading...
102016000647269
乐视控股（北京）有限公司
董建鹏
H04N 21/475
Loading...
本发明公开一种直播投票方法、装置以及电子设备，其中，该方法包括：在检测到当前直播的播放时间点到达投票触发时间点时，展示直播的投票选项以及投票选项所对应的历史票数；获取投票选项所对应的当前票数；根据当前票数，计算出投票选项所对应的总票数；展示投票选项所对应的总票数。由于各个用户均可以通过互联网观看直播，各个用户都可以通过互联网对该直播进行投票，因此，该方式的投票受众范围广，并且投票结果能够快速地展示，因此该方式的投票的实时性好。
130. 106210806 移动终端的视频播放方法、装置、处理方法、后台服务器
CN
07.12.2016
H04N 21/2662 Loading...
H04N 21/2662
Loading...
102016000658873
乐视控股（北京）有限公司
任远航
H04N 21/2662
Loading...
本发明属于移动终端技术领域，公开了一种移动终端的视频播放方法包括：检测用户播放视频的操作，根据所述用户播放视频的操作确定用户的目标视频，向后台服务器发送播放所述目标视频的所需电量数据的请求信息，接收所述后台服务器发送的所述播放所述目标视频的所需电量数据，输出提示消息并开始播放所述目标视频，所述提示消息包括所述所需电量数据。本发明通过检测用户播放视频的操作，获取用户所选视频的信息，根据获取的所选视频的信息得到播放所选视频所需的电量，在视频播放前输出提示信息，用以告知用户播放所选视频所需电量，让用户在开始播放视频的时候就可以得到播放视频所需电量。
131. 106210910 弹幕调节方法及装置
CN
07.12.2016
H04N 21/475 Loading...
H04N 21/475
Loading...
102016000639445
乐视控股（北京）有限公司
赵雨
H04N 21/475
Loading...
本发明实施例涉及一种弹幕调节方法及装置，所述方法包括：在弹幕播放过程中，检测是否接收到弹幕调节控制指令，所述弹幕调节控制命令用于调节弹幕的移动速度和/或字体大小；当接收到弹幕控制指令时，根据所述弹幕调节控制指令，对所述弹幕的移动速度和/或字体大小进行调节。本发明实施例通过检测是否接收到用于调节弹幕的移动速度和/或字体大小的弹幕调节控制指令，能根据接收到的所述弹幕调节控制指令对弹幕的移动速度和/或字体大小进行有效调节，进而实现了观看弹幕的用户自主便捷地调节弹幕的移动速度和/或字体大小，提升了弹幕调节效率，而且通过对弹幕的快捷调控能有效增强用户的参与感以及弹幕使用体验。
132. 106210160 一种域名设置方法及装置
CN
07.12.2016
H04L 29/12 Loading...
H04L 29/12
Loading...
102016000437820
乐视控股（北京）有限公司
谢晓静
H04L 29/12
Loading...
本发明公开一种域名设置方法及装置，一种域名设置方法包括以下步骤，将目标用户的伪域名在负载均衡服务器中重写为保存到所述伪域名对应的真域名的目录下的中间域名，将所述中间域名重定向至spring mvc工程；spring mvc工程根据预设的对应规则和所述中间域名，在数据库中找到所述目标用户的用户标识，根据所述用户标识，将所述中间域名重写为真域名，并重定向至所述真域名。负载均衡服务器能提高服务器的稳定性，丰富服务器的功能，同时降低系统资源的消耗，spring mvc工程将强制性的使应用程序的输入、处理和输出分开，域名不容易覆盖，通过负载均衡服务器配合spring mvc提高可操作性和安全性。
133. 106211056 一种行程信息的共享方法和装置
CN
07.12.2016
H04W 4/02 Loading...
H04W 4/02
Loading...
102016000467571
乐视控股（北京）有限公司
王业磊
H04W 4/02
Loading...
本发明实施例公开了一种行程信息的共享方法和装置，包括：接收第一终端发送的行程信息，获取所述第一终端的属性信息；根据所述第一终端的属性信息，确定所述第一终端是否进行行程信息共享；若进行行程信息共享，则调用预设的共享绑定列表，确定出至少一个第二终端，将所述行程信息发送至所述第二终端；本发明中作为出行方的第一终端生成确定了其行程信息后，可以将行程信息自动的共享至预先绑定的第二终端，使第二终端能够共享第一终端的行程信息，对其进行行程监护；即通过本发明实施例的方法和装置实现了一种简单有效的行程信息的自动共享，有效的消除弱势人群单独出行时存在的安全隐患。
134. 106210275 一种多终端控制方法及装置
CN
07.12.2016
H04M 1/725 Loading...
H04M 1/725
Loading...
102016000490720
乐视控股（北京）有限公司
张利全
H04M 1/725
Loading...
本发明实施例公开了一种多终端控制方法及装置，属于物联网技术领域，本发明方法包括检测信号强度、建立控制连接等步骤，能够对多个受控终端进行就近选择，相比于现有技术中一个控制装置只能操控一个受控终端，或即使一个控制装置能够操控多个受控终端，但需要用户人工选择就近终端对应控制程序的方式，极大地提升了多终端操控的便利程度和操作效率。
135. 106201922 一种数据访问的方法和装置
CN
07.12.2016



102016000496803
乐视控股（北京）有限公司
李玉林


本发明涉及缓存技术领域，提供了一种数据访问的方法和装置。其中，所述方法包括获取访问缓存区的第一指令，访问缓存区的第一指令中携带缓存地址；确认第二缓存区中第二内容存在时间超过第二阈值时间，将与第二缓存区关联的第二阈值时间中的参数值替换为第一阈值时间中的参数值，并继续进行计时；将第一缓存区作为更新内容的存储地址，向内容持有端发送第一内容更新请求，并向访问发起端返回第二内容。本发明设计了第二缓存区，并设定一个更新缓存数据的容错时间差，从而能够保证在达到容错时间阈值时，便发起缓存数据的更新请求，从而保证在达到容错时间阈值时，第二内容的有效期仍然还有指定长度。
136. 106210849 一种弹幕信息处理方法及装置
CN
07.12.2016
H04N 21/431 Loading...
H04N 21/431
Loading...
102016000479638
乐视控股（北京）有限公司
刘欢
H04N 21/431
Loading...
本发明实施例提供了一种弹幕信息处理方法及装置，该方法包括：若接收到的弹幕数据中携带有文字信息和图片信息，生成包含有所述文字信息对应的字符的弹幕内容；在显示界面中显示所述弹幕内容；获取与所述图片信息对应的图片；将所述获取到的图片加入到所述弹幕内容中与所述字符共同显示。与现有技术相比，在显示界面的弹幕内容中可以显示图片，让弹幕的表现形式更加多样化，促进了用户之间的表达交流。
137. 106204971 智能支付装置及方法
CN
07.12.2016
G07G 1/12 Loading...
G07G 1/12
Loading...
102016000507528
乐视控股（北京）有限公司
孟勇
G07G 1/12
Loading...
本发明实施例公开一种智能支付装置及方法，智能支付装置与消费终端相连，包括产品界面单元、订单单元、支付处理单元及流程状态管理单元，产品界面单元用于提供消费终端选择购买的产品界面；订单单元用于根据消费终端选择购买的产品生成相应订单；支付处理单元用于处理支付订单单元中预订的商品；流程状态管理单元包括一状态通知单元，流程状态管理单元根据消费终端的购买流程实时生成流程状态信息，并通过状态通知单元将流程状态信息及时通知多方观察者。流程状态管理单元能实时生成整个交易过程的各种状态信息，并及时发送给多方观察者，让多方观察者都能实时了解交易状态，并根据具体的交易状态及时选择下一步要执行或要解决的内容装置。
138. 106200931 一种控制观影距离的方法和装置
CN
07.12.2016
G06F 3/01 Loading...
G06F 3/01
Loading...
102016000507514
乐视控股（北京）有限公司
陈良柱
G06F 3/01
Loading...
本发明涉及智能电视技术领域，提供了一种控制观影距离的方法和装置。其中，所述方法包括：通过双摄像头采集观影者相关信息，其中，所述相关信息包括观影者位置信息；当所述观影者的位置信息满足预设阈值时，在显示屏中对应位置生成干扰对象，所述干扰对象用于遮挡当前播放的视频内容的部分或者全部内容。本发明实施例通过双摄像头完成观影者的位置信息的采集，并由此生成干扰对象，能够帮助观影者确认其观影状态已经处于影响其健康，并通过产生影响其正常观影的干扰对象，从而让观影者产生返回正常(健康)观影状态的启发和动力。
139. 106209583 一种消息输入方法、装置及其用户终端
CN
07.12.2016
H04L 12/58 Loading...
H04L 12/58
Loading...
102016000507529
乐视控股（北京）有限公司
沈悦
H04L 12/58
Loading...
本发明实施例涉及一种消息输入方法、装置及其用户终端。其中，该消息输入方法，包括：接收语音输入或文字输入，根据所述语音输入分别生成语音消息及文字消息，或根据所述文字输入分别生成文字消息及语音消息，将所述语音消息及文字消息同时作为当前消息输入。本发明实施例通过同时输入语音消息及文字消息，以方便消息接收方选择查看消息或收听消息，提升用户体验。
140. 106201168 视频播放画面显示方法、装置及移动终端
CN
07.12.2016
G06F 3/0481 Loading...
G06F 3/0481
Loading...
102016000479504
乐视控股（北京）有限公司
刘洋
G06F 3/0481
Loading...
本发明涉及视频播放技术领域，提供了一种视频播放画面显示方法、装置及移动终端。其中视频播放画面显示方法包括：在移动终端的竖排方向锁定屏幕功能关闭状态下，全屏显示视频播放画面；当移动终端旋转时，保持全屏显示视频播放画面。本发明在移动终端的竖排方向锁定屏幕功能关闭状态下，首先使视频播放画面默认采用全屏显示的显示方式，当用户旋转移动终端时，始终保持全屏显示视频播放画面，使用户旋转移动终端时视频画面也不会跟随移动终端旋转，用户观看效果好，用户体验好。
141. 106201864 一种应用程序编程接口API测试方法、装置及移动设备
CN
07.12.2016
G06F 11/36 Loading...
G06F 11/36
Loading...
102016000479846
乐视控股（北京）有限公司
郭岩蔷
G06F 11/36
Loading...
本发明实施例公开一种应用程序编程接口API测试方法、装置及移动设备。该方法中，首先获取各个API的测试参数并存储，若所述各个API中存在待测API，根据所述待测API的功能确定所述待测API与服务器的交互类型，并根据所述待测API与服务器的交互类型以及所述待测API的测试参数，生成所述待测API的测试请求；将所述待测API的测试请求通过所述待测API传输至所述服务器，并在所述服务器产生响应信息后，通过所述待测API接收所述响应信息；根据所述响应信息，确定所述待测API的测试性能。通过该方案，能够实现对API的测试，并且测试过程中不需要测试人员进行手动操作，从而节省人力和时间。
142. 106210005 信息交互方法及装置
CN
07.12.2016
H04L 29/08 Loading...
H04L 29/08
Loading...
102016000509861
乐视控股（北京）有限公司
王学方
H04L 29/08
Loading...
本发明是关于信息交互方法及装置。该方法包括：当在应用程序中的预设操作被触发时，获取登录所述应用程序的用户身份信息；将所述用户身份信息写入所述预设操作对应的网络页面的网页信息中；根据所述网页信息显示所述网络页面。该技术方案通过将网页视图嵌入到应用程序中，摆脱了需要依赖收集浏览器浏览网页的约束。另外，通过将用户身份信息写入到网页信息中，避免用户在网页中进行二次登录，并且相对于以往在网页的加载路径中携带用户身份信息更安全，还可以控制用户登录的有效期。
143. 106201754 任务信息分析方法及装置
CN
07.12.2016
G06F 11/07 Loading...
G06F 11/07
Loading...
102016000529219
乐视控股（北京）有限公司
刘光华
G06F 11/07
Loading...
本发明公开了一种任务信息分析方法及装置，包括：对提交的任务的运行状态进行监测；若监测到所述任务的报错信息，获取所述报错信息对应的报错任务的日志；对所述报错任务的日志进行文本分析并得到所述报错任务的报错原因信息；将所述报错原因信息与预存的报错原因分析表进行比对，得到与所述报错原因信息相对应的报错分析结果；所述报错原因分析表中包括预存的报错原因信息以及与所述报错原因信息相对应的报错分析结果。本发明实施例提出的任务信息分析方法及装置，能够自动分析任务的运行情况，无需手动操作。
144. 106202226 一种资源推荐方法及装置
CN
07.12.2016
G06F 17/30 Loading...
G06F 17/30
Loading...
102016000493477
乐视控股（北京）有限公司
车延通
G06F 17/30
Loading...
本发明实施例提供一种资源推荐方法及装置。其中的方法包括：获取用户的情境信息；其中，所述情境信息为依据用户所处的环境信息和/或用户的生理信息得到的；向所述用户推荐契合所述情境信息的资源。本发明实施例使得推荐的资源更加契合用户当前的个体状态，从而可以提高资源推荐的精准度。
145. 106201810 一种测试方法、装置
CN
07.12.2016
G06F 11/26 Loading...
G06F 11/26
Loading...
102016000511772
乐视控股（北京）有限公司
张驰
G06F 11/26
Loading...
本发明实施例属于终端设备技术领域，涉及一种测试方法、装置及系统，其中测试方法包括步骤：接收测试指令；根据所述测试指令调用测试代码进行测试，所述测试代码中携带有性能监测代码；接收性能监测指令，调用所述性能监测代码来监测性能指标；测试结束后输出测试结果。测试装置包括指令接收模块、测试指令执行模块、性能监测指令执行模块和反馈模块。通过本发明实施例提供的测试方法、装置和系统，可将多种测试代码和监测指令代码集成于一体，并封装的测试代码中，从而可以在测试代码的任意节点插入监测指令代码，做到可以监测任意测试操作对终端设备性能的影响，使各项测试能够做到有的放矢，更精细更准确，同时也有效提高了测试效率。
146. 106204295 基于自然语言的社交方法及装置
CN
07.12.2016
G06Q 50/00 Loading...
G06Q 50/00
Loading...
102016000539591
乐视控股（北京）有限公司
张丽娜
G06Q 50/00
Loading...
本发明公开了一种基于自然语言的社交方法及装置，该方法包括：在获取到第一用户输入的以自然语言形式表达的输入信息后，识别输入信息中包括的自然语言信息，确定该自然语言信息中包括的第一关键词，将该第一关键词与已保存的用户关键词信息进行匹配，确定是否存在关键词与第一关键词匹配的第二用户，且若存在第二用户，则建立第一用户与第二用户之间的连接，使得第一用户和第二用户在使用人机交互系统时，还能够通过关键词匹配的方式与其他用户进行连接，使得能够有效的在人机交互系统内实现人与人的交互，例如社交化的问答，满足用户的使用需求。
147. 106210868 终端设备、多媒体文件的传输、播放方法及播放系统
CN
07.12.2016
H04N 21/436 Loading...
H04N 21/436
Loading...
102016000466915
乐视控股（北京）有限公司
花新昌
H04N 21/436
Loading...
本发明涉及多媒体技术领域，公开了一种终端设备、多媒体文件的传输、播放方法及播放系统。本发明中，多媒体文件的传输方法，包括：若判断出接收到多媒体文件的获取请求，获取多媒体文件对应的文件地址；将文件地址反馈至发送获取请求的多媒体设备；根据接收到的多媒体设备发送的文件地址，获取多媒体文件；将多媒体文件传输至多媒体设备。本发明还提供了一种多媒体文件的播放方法、播放系统以及终端设备，使得当终端设备作为文件提供源向多媒体设备传输多媒体文件时，可以减少对终端设备的内存占用，从而提高传输速度，使得在传输较大文件时更加顺畅，提升用户体验。
148. 106210851 标题显示控制方法及装置
CN
07.12.2016
H04N 21/431 Loading...
H04N 21/431
Loading...
102016000509862
乐视控股（北京）有限公司
王学方
H04N 21/431
Loading...
本发明是关于标题显示控制方法及装置。该方法包括：显示控制模块获取标题文本的文本长度，及字体大小；所述显示控制模块根据所述文本长度及字体大小计算显示所述标题文本的文本宽度；当所述文本宽度大于最大显示宽度时，所述显示控制模块获取文本滚动速度；所述显示控制模块根据所述文本滚动速度确定显示界面的刷新频率及所述标题文本每次显示的显示位置之间的间隔距离；所述显示控制模块根据所述刷新频率及所述间隔距离生成控制消息发送到标题显示模块；所述标题显示模块根据所述控制消息对所述标题文本进行滚动显示。该技术方案，标题文本滚动方式可控，用户观看效果较好。
149. 106210850 一种生成播放页面的方法及装置
CN
07.12.2016
H04N 21/431 Loading...
H04N 21/431
Loading...
102016000507542
乐视控股（北京）有限公司
孟勇
H04N 21/431
Loading...
本发明公开了一种生成播放页面的方法及装置，方法包括：构建至少第一、第二两个播放层，其中，所述第一播放层对应第一功能，所述第二播放对应第二功能；使所述至少第一、第二两个播放层叠加形成播放页面，其中，所述第一功能和第二功能均位于所述播放页面。通过上述方式，本发明能够方便扩展播放页面的功能，并且方便对播放页面的各个功能进行维护。
150. 106204127 针对应用的用户评价方法及装置
CN
07.12.2016
G06Q 30/02 Loading...
G06Q 30/02
Loading...
102016000529218
乐视控股（北京）有限公司
周二亮
G06Q 30/02
Loading...
本发明公开了一种针对应用的用户评价方法及装置，该方法包括：统计样本用户的用户属性标签和所述样本用户所安装的应用程序，计算所述应用程序的属性倾向数据；获取目标用户所安装的每个应用程序的使用情况，根据所述应用程序的使用情况与所述应用程序的属性倾向数据，得到所述目标用户所安装的每个应用程序的属性评估值；根据所述目标用户所安装的每个应用程序的属性评估值，得到所述目标用户所安装的应用程序的总评估值，判断所述总评估值是否大于预设评估阈值，根据判断结果，对所述目标用户进行评价。所述针对应用的用户评价方法及装置能够针对应用实现用户的评价，进而筛选出数据均衡的优质用户，大大降低了用户数据的不均衡性。
151. 106201834 一种磁盘损坏的处理方法和装置
CN
07.12.2016
G06F 11/32 Loading...
G06F 11/32
Loading...
102016000530546
乐视控股（北京）有限公司
侯志贞
G06F 11/32
Loading...
本发明实施例公开了一种磁盘损坏的处理方法，包括：监测磁盘的运行状态；若监测到磁盘数据读写操作发生错误，将错误磁盘的磁盘信息记录至磁盘错误表；从配置文件中移除所述错误磁盘的磁盘信息；若监测到所述错误磁盘被替换为替换磁盘，将替换磁盘的磁盘信息加入所述配置文件。本发明实施例通过监控磁盘的运行状态，将错误磁盘的磁盘信息记录至磁盘错误表，实现了对磁盘错误的监控和记录；通过从配置文件移除错误磁盘及添加替换磁盘，实现了对于错误磁盘替换这一过程的自动操作，简化了磁盘损坏的处理流程，降低人力成本。
152. 106210032 基于终端数据批量上报的方法及装置
CN
07.12.2016
H04L 29/08 Loading...
H04L 29/08
Loading...
102016000529996
乐视控股（北京）有限公司
吴启纲
H04L 29/08
Loading...
本发明实施例公开了一种基于终端数据批量上报的方法及装置，所述方法包括：接收多个终端数据的上报请求；将所述终端数据存储到预设的临时存储文件夹中，并将所述终端数据按照预设的数据格式进行组合，得到所述终端数据的组合数据包；将所述组合数据包作为上报数据上报到计算服务器中；在服务器中按照预设的解析方法，将组合数据包解析为原始的终端数据，并分别发送到数据存储服务器中。所述基于终端数据批量上报的方法及装置，通过在终端中设置临时存储文件夹，使上报的批量数据按照预设的数据格式组合成为组合数据包进行上报，不仅提高了终端数据上报的速度和效率，而且预设数据组合的格式能够提高终端传输过程中的安全性。
153. 106201246 页面布局处理方法及装置
CN
07.12.2016
G06F 3/0484 Loading...
G06F 3/0484
Loading...
102016000487705
乐视控股（北京）有限公司
许春雯
G06F 3/0484
Loading...
本发明实施例提供一种页面布局处理方法及装置，涉及互联网技术领域，该方法包括：根据用户的触发，显示与当前页面对应的管理界面，管理界面中包括页面中的主题版块标识；接收用户对页面中的主题版块标识中的至少一个进行的显示顺序调整操作；根据显示顺序调整操作，调整页面中主题版块的显示位置，从而用户能够自定义页面中各主题版块的显示顺序，以满足自身的个性化使用需求，便于其后续的观看选择等操作。
154. 106201690 应用运行控制方法及装置
CN
07.12.2016
G06F 9/48 Loading...
G06F 9/48
Loading...
102016000535013
乐视控股（北京）有限公司
郭丹青
G06F 9/48
Loading...
本发明涉及一种应用运行控制方法，包括：响应于应用的启动创建第一进程，根据所述第一进程创建第二进程，所述第二进程与所述第一进程同步运行所述应用；在所述第二进程中建立监测机制，使所述第二进程对所述第一进程进行监测；若监测到所述第一进程被停止，重启所述第一进程，并恢复所述第一进程和所述第二进程同步运行所述应用且所述第二进程对所述第一进程进行监测的运行状态。本发明实施例还提供一种应用运行控制装置，包括：进程创建模块、第一监测模块和第一重启模块。本发明通过创建第二进程来对第一进程进行监测，可在第一进程被停止时立即重启第一进程，保证了应用后台运行时不会中断，有利于用户快捷地再次启动进入该应用。
155. 106201318 调整视频播放窗口的方法、装置及显示终端
CN
07.12.2016
G06F 3/0488 Loading...
G06F 3/0488
Loading...
102016000552333
乐视控股（北京）有限公司
马永生
G06F 3/0488
Loading...
本发明实施例涉及视频显示技术领域，尤其涉及一种调整视频播放窗口的方法、装置及显示终端。其中，该方法包括监听用户在视频播放窗口上发出的窗口调整手势；根据所述窗口调整手势，确定所述视频播放窗口待调整至的目标尺寸，其中，所述目标尺寸的取值为预设的最小显示尺寸至全屏显示尺寸之间的任意取值；将所述视频播放窗口的尺寸调整至所述目标尺寸。本发明实施例的调整视频播放窗口的方法、装置及显示终端，能够解决现有技术中视频播放窗口不支持用户自主调整的问题。
156. 106209512 一种上报用户行为数据的方法及装置
CN
07.12.2016
H04L 12/26 Loading...
H04L 12/26
Loading...
102016000543566
乐视控股（北京）有限公司
郭斌
H04L 12/26
Loading...
本发明实施例公开了一种上报用户行为数据的方法及装置，包括：当终端接收到用户访问请求后，实时监测并接收所述用户的点击访问操作；根据所述用户的点击访问操作生成记录信息，并将所述记录信息发送给服务器。服务器接收到终端发送的记录信息后，将所述记录信息进行缓存；对所述记录信息进行分级处理，并将处理后的记录信息存入数据库。实现了不通过第三方工具即可有效完成用户访问行为的上报和统计的目的，同时解决浏览器缓存问题，由于不能识别中午代码导致的中文乱码问题和跨域访问的问题。
157. 106201625 一种软件版本更新方法、更新装置及其电子设备
CN
07.12.2016
G06F 9/445 Loading...
G06F 9/445
Loading...
102016000571245
乐视控股（北京）有限公司
胡建猛
G06F 9/445
Loading...
本发明实施方式公开了一种软件版本更新方法、更新装置及电子设备。其中，该更新方法包括：生成用于将在先软件版本更新至在后软件版本的增量包，其中，将不同在先软件版本更新至同一在后软件版本的增量包至少为两个；确定目标软件版本，构造一个或多个用于将当前软件版本更新至所述目标软件版本的增量包组合，所述增量包组合包括一个或多个增量包；根据更新效率从所述增量包组合中选择目标增量包组合，使用所述目标增量包组合将当前软件版本更新至所述目标软件版本该软件版本更新方法，具有多个增量包组合，通过选择合适的增量包组合完成更新，从而缩短软件版本更新的时间，提升更新的效率。
158. 106162258 一种音视频传输过载的控制方法及装置
CN
23.11.2016
H04N 21/266 Loading...
H04N 21/266
Loading...
102016000514076
乐视控股（北京）有限公司
崔小波
H04N 21/266
Loading...
本发明公开了一种音视频传输过载的控制方法及装置，其中，该方法包括：获取第一访问终端发送的第一音视频访问请求，第一音视频访问请求包括第一访问终端标识；在音视频传输过载时，根据第一访问终端标识向第一访问终端返回第一音视频信息；根据第二访问终端的第二访问终端标识向第二访问终端返回第二音视频信息；其中，第二访问终端为当前处于连接状态、且在接收到第一音视频访问请求之前已向服务器发送第二音视频访问请求的终端。该方法在访问用户过多时，可以根据控制策略对用户进行限制，在保证高优先级别用户视频访问体验的同时，还可以有效解决视频卡顿的问题。
159. 106162269 终端系统、辅助输入方法及设备
CN
23.11.2016
H04N 21/41 Loading...
H04N 21/41
Loading...
102016000509482
乐视控股（北京）有限公司
花新昌
H04N 21/41
Loading...
本发明涉及通信领域，公开了一种终端系统、辅助输入方法及设备。本发明中，一种辅助输入方法包括：获取主设备对应的网络地址；利用所述网络地址从所述主设备获取辅助输入界面；将从所述辅助输入界面中接收的输入信息同步至所述主设备；本发明还提供了一种辅助输入设备与一种终端系统；本发明通过辅助输入设备快速地为输入信息相对不便的主设备输入信息，大大方便了用户，提升了用户体验。
160. 106162232 视频播放控制方法及装置
CN
23.11.2016
H04N 21/239 Loading...
H04N 21/239
Loading...
102016000497172
乐视控股（北京）有限公司
张瑞
H04N 21/239
Loading...
本发明实施例公开了一种视频播放控制方法及装置，当视频客户端播放待播放视频时，获取播放窗口的尺寸；然后，从待播放视频对应的全部可选码流中，选择出分辨率大于播放窗口的尺寸且最小的目标码流，并在视频客户端播放目标码流的待播放视频。利用该方法，实现在不影响视频画面清晰度的前提下，根据播放窗口的大小自动选择允许的最低码流，码流越小需要的网络带宽资源越少，从而节省了网络带宽资源。而且，码流越小解码负担越小，对于采用硬解码的设备而言，降低了解码器的负担；对于采用软解码的设备而言，降低了CPU的负担，从而降低播放视频所占用的设备资源。
161. 106101122 一种登录方法和装置
CN
09.11.2016
H04L 29/06 Loading...
H04L 29/06
Loading...
201610509412.7
乐视控股（北京）有限公司
鲍天天
H04L 29/06
Loading...
本发明涉及一种登录方法和装置，通过第一终端接收第二终端发送的应用登录信息获取请求，所述应用登录信息获取请求携带所述第二终端的唯一识别标识，所述应用的应用信息；响应所述获取请求，所述第一终端将所述应用登录信息发送至所述第二终端；所述第二终端接收到所述应用登录信息后，登录所述应用，能够实现快速地切换不同终端上应用的登录状态，节省了用户操作时间，提高了用户体验。
162. 106101796 一种视频直播的打赏方法及装置
CN
09.11.2016
H04N 21/426 Loading...
H04N 21/426
Loading...
102016000500584
乐视控股（北京）有限公司
余嘉琦
H04N 21/426
Loading...
本发明实施例是关于一种视频直播的打赏方法及装置，该方法应用于直播界面，直播界面上具有至少两个视频窗口，该方法包括：在接收到对至少两个视频窗口中的目标视频窗口的触发指令时，显示目标视频窗口对应的礼品栏；确定与目标视频窗口对应的主播标识；在礼品栏生成礼品信息时，建立礼品信息与主播标识的对应关系。本发明实施例可以对直播界面上不同的视频窗口对应的主播进行打赏，从而降低了用户在打赏过程中的操作复杂度。
163. 106101250 应用功能的定制方法及装置
CN
09.11.2016
H04L 29/08 Loading...
H04L 29/08
Loading...
201610506038.5
乐视控股（北京）有限公司
胡培
H04L 29/08
Loading...
本发明公开了一种应用功能的定制方法及装置，方法包括：获取用户在预设时间段内对应用中的第一功能进行操作的操作数据并发送给后台服务器；根据接收服务器返回的指令信息，向用户推送指令信息；接收用户发送的确认指令信息，并将确认指令信息发送给后台服务器，以使后台服务器在应用更新时，根据确认指令信息，对应用进行指定操作，其中，指定操作包括：删除第一功能或者增加第二功能，其中，第二功能与第一功能相关联。本发明能够根据用户的操作习惯为用户提供功能增加或减少的定制方案，并根据用户的选择对应用的功能实现定制，由此，获得更符合用户使用习惯的应用功能，提高用户体验。
164. 106101809 一种在第三方播放器添加控件的方法、装置及终端
CN
09.11.2016
H04N 21/431 Loading...
H04N 21/431
Loading...
201610560659.1
乐视控股（北京）有限公司
聂建宏
H04N 21/431
Loading...
本发明实施例公开一种在第三方播放器添加控件的方法、装置和终端，该方案中，根据系统播放器的程序信息，创建包含系统播放器的操控控件的第一界面；将所述第一界面添加至窗口管理器中，并在窗口管理器中设置所述第一界面的属性为第二界面的上层界面，其中，所述第二界面为第三方播放器的界面；若当前待播放的视频的视频资源为第三方资源，调用第三方播放器播放所述视频，并根据所述第一界面的属性，在所述第二界面的上层显示第一界面。通过本发明实施例公开的方案，能够在第三方播放器的第二界面上层显示系统播放器的第一界面，所述第一界面上包含系统播放器的操控控件，用户可通过对所述第一界面进行操控，实现对第三方播放器的操控。
165. 106100936 网页性能监控方法和装置及网络服务器、客户端
CN
09.11.2016
H04L 12/26 Loading...
H04L 12/26
Loading...
102016000653537
乐视控股（北京）有限公司
谢晓静
H04L 12/26
Loading...
本发明提供了一种网页性能监控方法和装置及网络服务器、客户端，其中所述监控方法接收客户端发送的页面访问请求消息，生成针对所述页面访问请求消息的页面访问响应消息；在所述JS监控脚本的过滤器中获取所述页面访问响应消息的参数，将所述JS监控脚本写入所述页面访问响应消息；将所述页面响应消息发送给客户端；获取从客户端返回的页面性能监控参数。软件项目后台在获得前端用户的访问请求之后，都会在生成的页面响应消息中添加网页性能监控脚本，监控脚本随着页面响应消息一并返回到前端用户一起加载，从而监控脚本能够实时获得前端页面的性能数据，获得的性能数据实时反馈到软件项目的后台，以此获得页面性能监测样本。
166. 106096050 一种视频内容搜索的方法和装置
CN
09.11.2016
G06F 17/30 Loading...
G06F 17/30
Loading...
102016000496805
乐视控股（北京）有限公司
刘润润
G06F 17/30
Loading...
本发明涉及视频搜索技术领域，提供了一种视频内容搜索的方法和装置。所述方法包括：接收智能终端发送的视频内容搜索请求，所述搜索请求中携带搜索关键词；在所述索引标签库中查找与所述搜索关键词的关联度达到预设阈值的一个或者多个索引标签；向所述智能终端返回所述一个或者多个索引标签，以及与所述一个或者多个索引标签关联的视频子段。本发明通过增设索引标签库的方式，将原本孤立的可被搜索的文本信息和无法搜索的视频内容之间建立了映射关系，并通过提供匹配搜索关键词的方式，以及高效的结果反馈方式，使得视频搜索成为可被实现的方式。
167. 106101766 一种视频广告的播放控制方法、装置及电子设备
CN
09.11.2016
H04N 21/2668 Loading...
H04N 21/2668
Loading...
201610543460.8
乐视控股（北京）有限公司
高俊爽
H04N 21/2668
Loading...
本发明公开了一种视频广告的播放控制方法、装置及电子设备，该方法包括：接收广告服务器发送的视频广告的播放文件，该播放文件中包括该视频广告的备选码率信息，根据播放该视频广告的电子设备的性能以及当前网络状态确定该电子设备允许播放的最高码率信息，然后根据该电子设备允许播放的最高码率信息从视频广告的备选码率信息中筛选出适配码率信息，并播放该适配码率信息对应的视频广告。本发明根据当前网络状态和电子设备的性能来选择合适码率的视频广告进行播放，充分考虑电子设备的性能和网络环境对视频广告播放效果的影响，避免视频广告播放过程中出现卡顿不流畅的情况，大大改善用户的观看体验。
168. 106101771 视频处理方法、装置及终端
CN
09.11.2016
H04N 21/41 Loading...
H04N 21/41
Loading...
201610483353.0
乐视控股（北京）有限公司
郭凡
H04N 21/41
Loading...
本发明实施例提供了一种视频处理方法、装置及终端，所述方法包括：根据所述视频中待处理对象的头像，获取所述待处理对象的头部姿态；从头像库中选择头部姿态与所述待处理对象的头部姿态一致的替换头像；将所述视频的帧图像中所述待处理对象的头像更换为所述替换头像。本发明实施例能够自动将视频中多个帧图像中的待处理对象的头像替换成头部姿态相同的替换头像，使用户能够仅通过很少的操作即可实现批量的将多个帧图像中的头像进行替换的目的，并且为了提高头像替换后替换头像在帧图像中的画面和谐程度，可以将待处理对象的头像替换为头部姿态相同的替换头像，进而实现提高头像替换效率、节省用户时间精力、保证视频画面的观看质量。
169. 106095483 服务的自动化部署方法及装置
CN
09.11.2016
G06F 9/445 Loading...
G06F 9/445
Loading...
201610378246.1
乐视控股（北京）有限公司
赖全辉
G06F 9/445
Loading...
本发明涉及服务器技术领域，公开了一种服务的自动化部署方法及装置。本发明中，通过对服务器集群中的各服务器进行监控；并根据监控所产生的监控结果，确定是否将服务部署至服务器集群中；以及当确定将服务部署至服务器集群中时，将服务对应的应用程序发送至服务器集群，以部署服务，从而实现对服务器的自动化部署。
170. 106095397 终端及信息的动态加载方法
CN
09.11.2016
G06F 9/44 Loading...
G06F 9/44
Loading...
102016000285648
乐视控股（北京）有限公司
毛德媛
G06F 9/44
Loading...
本发明涉及网络技术领域，公开了一种终端及信息的动态加载方法。本发明中，信息的动态加载方法包含以下步骤：实时获取缓冲池中各个加载任务所对应的界面；其中，缓冲池中包含至少一项加载任务；加载任务用于为终端执行加载信息的操作提供依据；从获取的界面中实时查找出终端的第一界面；其中，第一界面获得终端的焦点；在缓冲池中仅留存第一界面对应的加载任务。这样，利用缓冲池仅仅存放终端当前获得焦点的界面对应的加载任务，以便于信息加载时，能够实现只执行终端当前获得焦点的界面对应的加载任务，从而减轻了终端的内存负担，并且有效的降低了网络请求的压力，避免了网络资源的不合理利用，提升了网络请求的响应速度。
171. 106095475 一种应用程序的跨屏安装方法及系统
CN
09.11.2016
G06F 9/445 Loading...
G06F 9/445
Loading...
102016000285649
乐视控股（北京）有限公司
柴李伟
G06F 9/445
Loading...
本发明涉及通信领域，公开了一种应用程序的跨屏安装方法及系统。该应用程序的跨屏安装方法包含以下步骤：第一电子设备获取应用列表；第一电子设备接收用户选择的应用程序以及安装到第二电子设备的指令；第一电子设备将已选择的应用程序的下载地址发送给所述第二电子设备；第二电子设备根据下载地址下载应用程序的安装包，并完成安装。本发明的实施方式相对于现有技术可言，使得用户可通过第一电子设备查找待安装的应用程序，并将该应用程序的下载地址发送给第二电子设备，供第二电子设备进行下载和安装，从而简化了用户为第二电子设备安装应用程序的过程，节省了用户的时间成本，有助于提升用户的体验。
172. 106096902 一种提醒事件的智能建立方法及装置
CN
09.11.2016
G06Q 10/10 Loading...
G06Q 10/10
Loading...
102016000285672
乐视控股（北京）有限公司
李奇奇
G06Q 10/10
Loading...
本发明涉及计算机技术领域，公开了一种提醒事件的智能建立方法及装置。本发明中，在终端设备内预设数据库，数据库内包含若干个不同的时间信息；在获取到用于建立提醒事件的目标对象时，根据数据库捕获目标对象内的事件时间；将捕获到的事件时间转化为终端设备的时间戳；根据时间戳，为获取到的目标对象建立提醒事件。通过这种方式，终端设备在获取到目标对象时，能够根据接收到的目标对象的内容，自动设置相应的提醒事件，以便于在相应的时间点，终端设备能够及时的输出提醒时间，以起到提醒用户的作用，简化了用户设置提醒事件的操作，降低了操作的繁琐程度，节约了用户时间，使得提醒事件的设置操作更加智能化，用户体验较好。
173. 106096940 一种支付方法和装置
CN
09.11.2016
G06Q 20/22 Loading...
G06Q 20/22
Loading...
201610391146.2
乐视控股（北京）有限公司
王业磊
G06Q 20/22
Loading...
本发明公开了一种支付方法和装置，包括：接收支付请求，所述支付请求携带有待完成支付的用户信息；根据所述支付请求，确定待完成支付的用户，并生成支付订单；其中所述待完成支付的用户至少为两个；将所述支付订单发送至所述待完成支付的用户；接收所述待支付用户返回的与所述支付订单对应的支付信息，并根据所述支付订单和所述支付信息进行支付处理；本发明能够简单、有效的实现多终端共同支付，丰富在线电子支付手段。
174. 106101166 缓解网络请求压力的方法及装置
CN
09.11.2016
H04L 29/08 Loading...
H04L 29/08
Loading...
102016000285623
乐视控股（北京）有限公司
刘迪
H04L 29/08
Loading...
本发明涉及网络技术领域，公开了一种缓解网络请求压力的方法及装置。本发明中，缓解网络请求压力的方法，包含以下步骤：客户端根据待播放图片的下载地址从网络端下载待播放图片；其中，待播放图片对应有播放截止时间；然后客户端将下载的图片保存在客户端，以供播放时从客户端获取下载的待播放图片；其中，待播放图片的保存名称中携带播放截止时间的信息；客户端根据保存名称将播放时间超过播放截止时间的图片删除。相对于现有技术而言，本发明实施方式可有效缓解网络请求的压力，有助于提升网络端响应速度。
175. 106096928 一种支付检测方法、装置、服务器以及支付检测系统
CN
09.11.2016
G06Q 20/12 Loading...
G06Q 20/12
Loading...
201610392602.5
乐视控股（北京）有限公司
佟琳
G06Q 20/12
Loading...
本发明涉及计算机技术领域，尤其涉及一种支付检测方法。其中，该方法包括：根据支付平台发送的支付成功信息，生成订单支付成功信息；向购物服务器发送所述订单支付成功信息；如果未接收到所述购物服务器根据所述订单支付成功信息生成的反馈信息，则继续发送所述订单支付成功信息。本发明还提供一种支付检测装置、服务器以及支付检测系统。本发明通过对订单支付成功信息是否正确送达业务方的过程进行检测，一方面，其保证了订单支付成功信息能够正确送达到业务方，以便业务方为消费者及时发货；另一方面，其能够提高了支付系统的支付可靠性。
176. 106095870 数据平衡验证方法及装置
CN
09.11.2016
G06F 17/30 Loading...
G06F 17/30
Loading...
201610393585.7
乐视控股（北京）有限公司
郑宇
G06F 17/30
Loading...
本发明公开了一种数据平衡验证方法及装置，包括：接收日志数据，并根据所述配置文件生成完整日志文件和短日志文件；所述配置文件中包括短日志文件生成信息，所述短日志文件中包含的日志信息少于所述完整日志文件中包含的日志信息；根据所述短日志文件，统计第一预设时间阈值内接收得到的短日志文件数量；将所述完整日志文件写入分布式文件系统并解析得到入库日志文件；根据所述入库日志文件，统计所述第一预设时间阈值内的入库日志文件数量；根据所述短日志文件数量和入库日志文件数量，验证所述第一预设时间阈值内的日志量是否平衡。本发明提出的数据平衡验证方法及装置，能够在数据平衡验证时减少对系统资源的占用。
177. 106101054 一种多系统的单点登录方法和集中管控系统
CN
09.11.2016
H04L 29/06 Loading...
H04L 29/06
Loading...
102016000285624
乐视控股（北京）有限公司
李端宝
H04L 29/06
Loading...
本发明涉及信息处理技术领域，公开了一种多系统的单点登录方法和集中管控系统。本发明的实施方式包含以下步骤：在集中管控系统内设置各用户账号在接入至本系统的各管理系统内的权限信息；集中管控系统在登录界面中接收用户登录信息，并验证登录信息；其中，用户登录信息包含用户帐号；如果登录信息验证成功，则集中管控系统根据登录信息获取该用户帐号在需要登录的管理系统内的权限信息，并将权限信息发送至需要登录的管理系统；需要登录的管理系统允许该用户帐号登录至本管理系统，并向该用户帐号开放接收到的权限信息对应的操作权限。本发明与现有技术相比使得各管理系统的管理人员和用户操作更简便。
178. 106101167 信息同步方法及系统
CN
09.11.2016
H04L 29/08 Loading...
H04L 29/08
Loading...
102016000285674
乐视控股（北京）有限公司
王伟军
H04L 29/08
Loading...
本发明涉及信息技术领域，公开了一种信息同步方法及系统。本发明中，信息同步方法，包含以下步骤：第一终端在检测到已编辑的信息在预设的时长内未被继续操作时，将已编辑的信息发送至服务器进行备份；服务器在检测到第二终端满足获取备份的已编辑的信息的条件时，将备份的已编辑的信息发送至第二终端。相对于现有技术，本发明实施方式使得终端在检测到已编辑的信息未被继续操作时，自动将已编辑的信息内容上传至服务器进行备份，以与其他终端进行信息同步，避免用户重复输入信息，提高用户处理信息的效率。
179. 106095411 显示方法及终端
CN
09.11.2016
G06F 9/44 Loading...
G06F 9/44
Loading...
201610379363.X
乐视控股（北京）有限公司
毛德媛
G06F 9/44
Loading...
本发明涉及显示技术领域，公开了一种显示方法及终端。本发明中，显示方法，应用于显示页面；该显示页面包括：导航子页面与内容显示子页面；导航子页面包括N个导航标签；内容显示子页面用于显示选中的导航标签对应的内容；其中，N为大于1的自然数；该显示方法包括：创建M个内容显示子页面；其中，所述M为小于N的自然数；响应于导航标签被选中的操作，按照预设的循环利用M个内容显示子页面的规则，选取一个内容显示子页面显示被选中的导航标签对应的内容。相对于现有技术，本发明实施方式使得内容显示子页面可以重复使用，减少占用内存资源，进而使得在显示导航标签对应的内容时更加流畅。
180. 106095415 开发文件打包方法、装置及系统
CN
09.11.2016
G06F 9/44 Loading...
G06F 9/44
Loading...
201610380640.9
乐视控股（北京）有限公司
柴乐
G06F 9/44
Loading...
本公开涉及应用开发技术领域，尤其涉及一种开发文件打包方法、装置及系统。其中，该方法包括监控代码管理库中是否有更新的代码文件；当代码管理库中有更新的代码文件时，确定当前时间是否达到预设的打包时间；在当前时间达到预设的打包时间时，将所述代码管理库中的当前时间段内的所有更新的代码文件下载至本地终端，其中，所述当前时间段为上一次下载代码文件之后至当前时间的时间范围；对下载至本地终端的所述代码文件进行打包，得到测试文件包。本发明实施例中提供的开发文件打包方法、装置及系统，能够实现开发文件的自动打包。
181. 106101755 电视购物方法及系统
CN
09.11.2016
H04N 21/254 Loading...
H04N 21/254
Loading...
102016000285646
乐视控股（北京）有限公司
董纪宝
H04N 21/254
Loading...
本发明涉及通信领域，公开了一种电视购物方法及系统。该电视购物方法包含以下步骤：电视端向第一服务器发出获取商品列表或商品详情的请求；第一服务器根据接收到的请求，向第二服务器发送获取请求；第二服务器反馈商品列表或商品详情给第一服务器；第一服务器转发商品列表或商品详情给电视端；电视端显示商品列表或商品详情供用户浏览。同现有技术相比，本发明中可以使在电视端看到相关的商品时，将该商品的详情信息显示在电视端供用户浏览，便于用户购买，从而有助于提升用户的体验。
182. 106095223 一种自动更新背景图片的方法及装置
CN
09.11.2016
G06F 3/0481 Loading...
G06F 3/0481
Loading...
201610379592.1
乐视控股（北京）有限公司
朱少龙
G06F 3/0481
Loading...
本发明是关于一种自动更新背景图片的方法及装置，该方法包括：获取智能终端所在地区当前的天气信息和标准时间；确定标准时间对应的时间段；获取与天气信息和时间段均对应的目标图片；将目标图片确定为应用软件的背景图片。由于不同的天气信息和时间段对应着不同的目标图片，只要智能终端所在地区天气信息或时间段发生变化，那么获取到的目标图片也会不同，所以本发明提供的方案可以根据不同的天气信息和不同的时间段来获取到对应的目标图片，并自动的将目标图片确定为应用软件的背景图片，从而保证应用软件的背景图片可以随着天气信息和时间段的变化而变化，进而提高了用户使用应用软件的体验。
183. 106095486 应用程序的在线更新方法、系统、终端设备及服务器
CN
09.11.2016
G06F 9/445 Loading...
G06F 9/445
Loading...
201610379743.3
乐视控股（北京）有限公司
李奇奇
G06F 9/445
Loading...
本发明涉及通信领域，公开了一种应用程序的在线更新方法、系统、终端设备及服务器。本发明中，终端设备向网络侧服务器发送应用程序的功能更新请求时，在功能更新请求消息中携带该应用程序的版本号和包含的功能项。网络侧服务器检测接收到的功能更新请求消息，如果检测到加载于所述终端设备内的应用程序存在待更新的功能项，则返回携带待更新功能项的响应，终端设备在应用程序中添加待更新的功能项。本发明还提供了一种应用程序的在线更新系统。通过这种操作，用户不需要下载并更新整个软件版本，就可以使用新的软件功能，从而有效提高用户体验感。
184. 106096062 视频交互方法及装置
CN
09.11.2016
G06F 17/30 Loading...
G06F 17/30
Loading...
201610560432.7
乐视控股（北京）有限公司
苗炜
G06F 17/30
Loading...
本发明公开了一种视频交互方法及装置，该方法包括：提取视频中包含目标视频元素的视频帧，获取目标视频元素在视频中的播放位置信息，在预生成的交互特效文件中，查询该目标视频元素对应的交互特效文件，并根据查询结果将交互特效文件分别添加到目标视频元素所在的播放位置，以使视频播放到该视频帧时，若检测到对目标视频元素进行的预置操作，则显示交互特效文件对应的交互效果。本发明可提高添加效率，节约时间成本。
185. 106095768 终端及基于终端的应用推送方法
CN
09.11.2016
G06F 17/30 Loading...
G06F 17/30
Loading...
102016000285659
乐视控股（北京）有限公司
李腾飞
G06F 17/30
Loading...
本发明涉及电子技术领域，公开了一种终端及基于终端的应用推送方法。本发明中，该方法包含以下步骤：S1.预存第一扩展名列表；其中，第一扩展名列表包含终端上应用商店中所有应用各自对应的可处理扩展名；S2.在检测到一待打开文件打开失败时，提取文件的扩展名；S3.如果第一扩展名列表内包含所提取的扩展名，则从应用商店获取所提取的扩展名对应应用的信息，并将获取到的信息推送给用户。通过上述方法，使得向终端提供应用程序信息，而该应用程序可以用来处理终端原本无法处理的文件，方便了用户的使用，而且选择到合适的应用程序信息的概率较高。
186. 106095676 数据上报的测试方法、装置及系统
CN
09.11.2016
G06F 11/36 Loading...
G06F 11/36
Loading...
102016000399118
乐视控股（北京）有限公司
吴启纲
G06F 11/36
Loading...
本发明公开了一种数据上报的测试方法、装置及系统，所述方法包括：接收数据上报的测试指令，向服务器发送测试配置请求；接收服务器基于测试配置请求返回的测试配置文件，根据测试配置文件更改配置信息；接收测试操作指令，根据配置信息和测试操作指令，生成带有测试标签的测试数据；将所述测试数据发送到服务器中。所述数据上报的测试方法、装置及系统，通过更改移动终端配置信息以及给测试数据打上测试标签，将测试数据与真实的数据信息区分开，提高了移动终端数据信息上报系统的稳定性和可靠性。
187. 106095984 一种获取结构化数据的方法及装置
CN
09.11.2016
G06F 17/30 Loading...
G06F 17/30
Loading...
201610446125.6
乐视控股（北京）有限公司
方婧
G06F 17/30
Loading...
本发明公开了一种获取结构化数据的方法及装置，其中，该方法包括：获取页面地址列表，所述页面地址列表中包含一条或多条目标页面地址；抓取与所述目标页面地址相对应的目标页面中的目标页面数据；根据预设的信息提取规则提取所述目标页面数据中的结构化数据，所述信息提取规则为一个或多个子提取规则的集合。该方法简化了信息提取的过程，同时可以及时、高通量、精准地提取目标页面数据中的结构化数据。
188. 106095506 一种页面加载方法及装置
CN
09.11.2016
G06F 9/445 Loading...
G06F 9/445
Loading...
201610416758.2
乐视控股（北京）有限公司
谢晓静
G06F 9/445
Loading...
本发明公开了一种页面加载方法及装置，一种页面加载方法，包括以下步骤，步骤1，在一个请求中建立多线程，同时获取多个模块数据；步骤2，将获取的模块数据加载到页面。在一个请求中建立多线程，同时获取多个模块数据，将获取的模块数据加载到页面。采用在一个request请求中建立多线程的方法，同时获取多个模块数据，将获取的模块数据加载到页面，这种方法并行的获取了页面展示的各个模块，页面加载速度有了成倍的提高。
189. 106095664 应用程序的评测方法及装置
CN
09.11.2016
G06F 11/36 Loading...
G06F 11/36
Loading...
201610378250.8
乐视控股（北京）有限公司
刘稹
G06F 11/36
Loading...
本发明涉及通信领域，公开了一种应用程序的评测方法，包括：提供对应于各种型号设备的虚拟机；接收上传的应用程序；在接收到对上传的应用程序进行调试或者测试的指令时，根据用户提出的申请虚拟机的请求，将申请的虚拟机分配给上传的应用程序；在分配的虚拟机上对上传的应用程序进行调试或测试，并将调试或测试结果反馈给用户。本发明还提供了一种应用程序的评测装置。与现有技术相比，本发明中，使得可以对应用程序进行实时交互测试或调试，无需投入购买大量的测试机，有助于节省成本。
190. 106101055 一种多数据库的数据访问方法及其系统和代理服务器
CN
09.11.2016
H04L 29/06 Loading...
H04L 29/06
Loading...
102016000285671
乐视控股（北京）有限公司
王兵
H04L 29/06
Loading...
本发明涉及信息技术及通信领域，公开了一种多数据库的数据访问方法及其系统和代理服务器。本发明中，包含以下步骤：预先将对各域名的访问请求划分为读操作类型和写操作类型；与发起域名访问请求的客户端处于相同位置区域的代理服务器，根据客户端的域名访问请求，检测域名访问请求的操作类型；如果是读操作类型，则代理服务器通过对同一位置区域的本地数据库的读操作，响应客户端的域名访问请求；如果是写操作类型，则代理服务器通过对主数据库的读写操作，响应客户端的域名访问请求；主数据库内的数据定期地同步至各代理服务器所在位置区域的从数据库。相对于现有技术而言，保证了数据库只读操作的响应速度；并且保证了数据库同步的稳健性。
191. 106101827 终端提醒方法及装置
CN
09.11.2016
H04N 21/442 Loading...
H04N 21/442
Loading...
201610440764.1
乐视控股（北京）有限公司
张军朝
H04N 21/442
Loading...
本发明涉及终端技术领域，公开了一种终端提醒方法及装置。本发明中，终端提醒方法包括：在终端处于播放状态时，以预设周期定时采集多幅图像；对采集到的图像进行分析，估算得出当前观众的年龄信息，并根据估算的年龄信息判断当前观众中是否有儿童；在判定当前观众中有儿童时，根据估算的年龄信息获取儿童播放提醒模式；根据获取的儿童播放提醒模式进行播放提醒。本发明还提供一种终端提醒装置。本发明相对于现有技术而言，通过识别正在看终端或者玩游戏的用户的年龄，可以给出针对儿童的播放提醒模式，在可能影响其健康时给予提醒，尤其有助于保护儿童的健康。
192. 106101218 终端数据的上报方法及装置
CN
09.11.2016
H04L 29/08 Loading...
H04L 29/08
Loading...
201610407291.5
乐视控股（北京）有限公司
吴启纲
H04L 29/08
Loading...
本发明公开了一种终端数据的上报方法及装置，所述方法包括：接收连接指令，向域名分发服务器发送域名地址请求指令；接收域名分发服务器基于域名地址请求指令返回的域名地址信息，根据域名地址信息连接到域名地址信息对应的接收服务器；当检测到数据信息上报请求时，获取数据信息上报请求对应的数据信息，将数据信息发送到域名地址信息对应的接收服务器中。所述终端数据的上报方法及装置，通过向预设的域名分发服务器发送域名地址请求指令，从而获得接收服务器的域名地址，使得所有的终端均能够通过所述域名分发服务器实现接收服务器的定位，而不需要分别设计不同版本的终端或终端的上报程序，提高了终端数据上报的效率和稳定性。
193. 106101804 弹幕设定方法及装置
CN
09.11.2016
H04N 21/431 Loading...
H04N 21/431
Loading...
201610428996.5
乐视控股（北京）有限公司
赵雨
H04N 21/431
Loading...
本发明涉及一种弹幕设定方法及装置，所述方法包括：获取弹幕内容和弹幕移动轨迹信息；上传所述弹幕内容和弹幕移动轨迹信息；接收叠加有弹幕层的播放对象并播放，所述弹幕层包括所述弹幕内容和弹幕移动轨迹信息，弹幕内容在播放窗口按照所述弹幕移动轨迹进行移动。本发明通过上传获取到的弹幕内容和弹幕移动轨迹，由相对应的弹幕服务器制作好弹幕层后，再由播放对象服务器将包括弹幕内容和弹幕移动轨迹信息的弹幕层叠加至播放对象上，从而在将播放对象下传至客户端进行播放时，弹幕内容即可按照所述弹幕移动轨迹进行移动。用户可完全按照自己的想法和个性需求来绘制出弹幕移动轨迹，简单易操作，能很好地提升用户体验和对用户的吸引力。
194. 106096449 文件保护方法及装置
CN
09.11.2016
G06F 21/62 Loading...
G06F 21/62
Loading...
201610446003.7
乐视控股（北京）有限公司
李兵
G06F 21/62
Loading...
本发明公开了一种文件保护方法及装置，包括：接收文件搜索指令；监测所述文件搜索指令中的字符串；将所述字符串与预置密码进行比较；若所述字符串为预置密码，返回所述预置密码对应的文件界面数据。本发明提出的一种文件保护方法及装置，能够提高隐私文件的隐秘性和安全性。
195. 106096034 应用程序日志管理方法及装置
CN
09.11.2016
G06F 17/30 Loading...
G06F 17/30
Loading...
201610480444.9
乐视控股（北京）有限公司
王涛
G06F 17/30
Loading...
本发明实施例提供一种应用程序日志管理方法及装置，涉及数据处理技术领域，该方法包括：分别生成与正在运行的应用程序中的各功能块对应的日志信息并进行存储，其中，所述功能块是根据应用程序运行过程中涉及到的功能逻辑预先划分确定的；检测到满足发送条件时，将各功能块对应的日志信息中满足发送条件的日志信息发送至与应用程序对应的服务器。通过根据应用程序运行过程的功能逻辑预先划分该应用程序中包含的各功能块，并分别存储与各功能块对应的日志信息，能够分别获得并发送满足一定发送条件的日志信息，使得服务器能够分别存储不同功能块的日志信息，在后续需要分析日志信息时，可以实现针对性的分析处理，有利于提高分析处理效率。
196. 106101103 用户账户登录方法、装置及系统
CN
09.11.2016
H04L 29/06 Loading...
H04L 29/06
Loading...
201610416760.X
乐视控股（北京）有限公司
谢晓静
H04L 29/06
Loading...
本发明实施例公开了用户账户登录方法、装置及系统，涉及网站登录技术领域。所述的方法包括：目标用户登录成功后，根据预设的转换规则，生成用户账户ID的转换码、令牌的过期时间转换码、令牌的密钥转换码；根据用户账户ID的转换码、令牌的过期时间转换码、令牌的密钥转换码，生成目标用户的真实用户登录令牌并发送给客户端；收到所述目标用户发送的登录网站请求消息，根据所述目标用户的真实用户登录令牌，对所述目标用户的疑似用户登录令牌进行校验，根据校验结果，判断是否允许所述目标用户登录。本发明实施例可以提高用户登录令牌和用户账户的安全性。
197. 106080420 一种车辆行驶的信息记录方法及装置
CN
09.11.2016
B60R 11/04 Loading...
B60R 11/04
Loading...
201610591353.2
乐视控股（北京）有限公司
张丽娜
B60R 11/04
Loading...
本发明适用于智能控制技术领域，提供了一种车辆行驶的信息记录方法及装置。该方法包括：检测车辆与相邻物体的距离，当检测到该车辆与该相邻物体的距离小于预置安全距离时，按照预置的摄制规则，拍摄该车辆的相关图像，本发明通过对车载摄像装置的智能控制，从车辆即将产生碰撞时开始，按照预置的规则拍摄图像，快速准确地采集事故现场的信息，避免了事故发生后司机不会拍摄帮助认定事故责任的有效视频或照片的问题，同时避免了事故发生后司机下车拍摄，容易发生二次事故危险的问题。
198. 106095428 一种合作渠道的接口配置方法及装置
CN
09.11.2016
G06F 9/44 Loading...
G06F 9/44
Loading...
201610397850.9
乐视控股（北京）有限公司
马宇洁
G06F 9/44
Loading...
本发明实施例涉及接口配置技术领域，尤其涉及一种合作渠道的接口配置方法及装置。所述合作渠道的接口配置方法包括以下步骤：为合作渠道终端配置通用接口；通过通用接口为合作渠道终端创建对应的通用接口私钥；将所述通用接口私钥发送给所述合作渠道终端，以便所述合作渠道终端根据所述通用接口私钥获取数据。通过本发明的实施，技术开发人员仅仅维护一套接口即可以满足多个合作渠道的需求，且操作简单，非技术人员也可灵活为各个合作渠道配置内容数据，便于对多个合作渠道进行管理，有利于降低技术开发人员的工作量及劳动成本。
199. 106096945 一种支付方法、装置、终端、服务器以及支付系统
CN
09.11.2016
G06Q 20/32 Loading...
G06Q 20/32
Loading...
201610392616.7
乐视控股（北京）有限公司
佟琳
G06Q 20/32
Loading...
本发明公开一种支付方法、装置、终端、服务器以及支付系统。其中，该方法包括：向服务器发送二维码生成请求；接收所述服务器根据所述二维码生成请求返回的二维码地址；根据所述二维码地址，生成包括二维码失效时间的二维码，并且轮询所述服务器；当接收到所述服务器发送的支付未完成信息时，则停止轮询所述服务器；其中，所述支付未完成信息为所述二维码失效时间内未完成支付操作的信息。在本发明中，通过设置包括二维码失效时间的二维码，当用户在二维码失效时间之内未进行扫码并且完成支付，终端便停止轮询服务器，减少了终端在支付过程中不断轮询服务器而给服务器带来额外的压力，以便服务器处理其它支付操作。
200. 106095271 一种文件播放角度的调整方法及电子终端
CN
09.11.2016
G06F 3/0484 Loading...
G06F 3/0484
Loading...
201610397721.X
乐视网信息技术（北京）股份有限公司
胡曰峰
G06F 3/0484
Loading...
本发明实施例公开了一种文件播放角度的调整方法及电子终端，涉及电子技术领域，可以实现文件播放角度的快速调整，提高文件播放角度的调整效率，进而提高用户体验。具体方案为：电子终端在采用文件播放界面播放多媒体文件时，获取文件播放旋转指令，文件播放旋转指令为第一旋转指令或第二旋转指令；根据获取的文件播放旋转指令，采用预设调整间隔调整多媒体文件的播放角度；根据调整后的播放角度播放多媒体文件；其中，第一旋转指令用于指示所述电子终端按照第一方向采用预设调整间隔调整所述多媒体文件的播放角度；第二旋转指令用于指示电子终端按照第二方向采用预设调整间隔调整多媒体文件的播放角度。本发明主要用于播放多媒体文件的过程中。

