1. 2902921 抽盖式酒瓶包装盒
CN
23.05.2007
B65D 25/10 Loading...
B65D 25/10
Loading...
200620019209.3
云南红酒业有限公司
徐丹
B65D 25/10
Loading...
抽盖式酒瓶包装盒，属包装技术领域。一硬质材料制成的方形盒的正面为可插入和抽出的盒盖，盒内设有横向隔板，隔板的中部设有可让酒瓶外周的一部分嵌入的凹槽。为确保移动时盒盖不会自行滑动，最好于盒盖与盒身之间还设有可方便拆装的联接偶件。所说联接偶件的结构可以是在盒身上紧固挂带，挂带端部钉铆上按扣的一半，在盒盖的相应位置钉铆上按扣的另一半。所说硬质材料可以是木材、金属、塑料等。有益效果：取放瓶酒快捷方便，美观坚固、经久耐用，防水防污，便于保持清洁和携带，可有效地保护酒瓶。
2. 2902906 底套式酒瓶
CN
23.05.2007
B65D 1/02 Loading...
B65D 1/02
Loading...
200620019221.4
云南红酒业有限公司
徐丹
B65D 1/02
Loading...
底套式酒瓶，属包装技术领域。包括一玻璃或陶瓷容器和一软质材料制成的底套，底套的上端敞口而下端呈平面状，容器的底部自底套的敞口嵌入底套内。所说软质材料可以是皮革，人造革，纺织物等。有益效果：不会因其底部的碰撞和摩擦造成所摆放台面损伤，取放时安静无声，防震，手感好，放置稳固，能大大提高瓶酒产品的品级档次。
3. 2892705 旋扣式包装盒
CN
25.04.2007
B65D 43/16 Loading...
B65D 43/16
Loading...
200620019225.2
云南红酒业有限公司
徐丹
B65D 43/16
Loading...
一种旋扣式包装盒，属包装技术领域。盒身的顶部敞口，盒盖的一边与盒身的对应边铰接，于盒盖的另一边设有一可绕短轴上下转动的弧形插头，于盒身的相应位置紧固一能让所说弧形插头向下转动后插入的插孔。最好是于盒盖与盒身之间需要铰接的地方，紧固以牛皮等类的坚韧柔性材料将盒盖与盒身联接起来，利用坚韧柔性材料可反复弯折的特性来实现盒盖与盒身铰接的目的。有益效果：开闭盒盖方便快捷，包装盒使用寿命长，若用作酒瓶盒，能大大提高瓶酒产品的品级档次。

