1. 206133526 Oncell的触控FPCA固定结构
CN
26.04.2017
G06F 3/044 Loading...
G06F 3/044
Loading...
201621034075.2
无锡博一光电科技有限公司
乔伟雄
G06F 3/044
Loading...
本实用新型公开了一种Oncell的触控FPCA固定结构，包括触控FPCA、OCA和盖板；所述触控FPCA的底部设置有向外凸出的两个位置相对称的按键区；所述OCA的底部设置有向外凸出的两个位置相对称的耳朵结构；当触控FPCA与OCA相重合时，耳朵结构位于按键区上方；还包括双面胶，双面胶覆盖于触控FPCA的背面，且双面胶的面积小于触控FPCA；双面胶将所述触控FPCA和所述盖板粘贴在一起；所述双面胶的厚度为0.15mm；所述OCA层叠于触控FPCA和盖板之间。使用本实用新型所述的结构，触控FPCA和盖板之间定位更加准确，触控FPCA不会晃动，也避免了按键不灵敏的情况。
2. 206133512 一种防漏光触控感测器
CN
26.04.2017
G06F 3/041 Loading...
G06F 3/041
Loading...
202016000987851
无锡博一光电科技有限公司
成小定
G06F 3/041
Loading...
本实用新型涉及一种防漏光触控感测器，包括ITO导电层、触控导电薄膜和导光膜，所述ITO导电层镀在触控导电薄膜，所述导光膜贴合在触控导电薄膜上，所述触控导电薄膜下侧设置一对向两侧照射的LED光源，所述导光膜上位于LED光源上方的位置上开设ITO SENSOR避空槽，所述ITO SENSOR避空槽内贴合遮光胶纸，所述遮光胶纸位于LED光源处开设透光孔，且遮光胶纸的下端延伸到导光膜下方，且遮光胶纸位于导光膜下方的部分的宽度大于ITO SENSOR避空槽的宽度，所述防漏光触控感测器，在导光膜的ITO SENSOR避空槽内贴合遮光胶纸，解决了触控感测器漏光的问题。
3. 206136394 一种紫外光感应LED线路
CN
26.04.2017
H05B 33/08 Loading...
H05B 33/08
Loading...
201621161988.0
江西量一光电科技有限公司
廖昆
H05B 33/08
Loading...
本实用新型公开一种紫外光感应LED线路，包括电源供电模块、保险管、防雷击线路、抗电磁干扰线路、整流线路和接地装置，所述电源供电模块分别连接保险管和防雷击线路，防雷击线路还分别连接抗电磁干扰线路和保险管，抗电磁干扰线路还分别连接整流线路和控制切换工作状态线路，整流线路还分别连接变压器输出给IC供电线路。本实用新型紫外光感应LED线路控制灯工作简易，用自然光控制即可。省去开关，无需人去操作，节约成本。线路制作成本低。并且此感光器件只对紫外线光起作用，节能灯，LED光源照射的光不受影响。
4. 206136395 一种三段调光LED灯具线路
CN
26.04.2017
H05B 33/08 Loading...
H05B 33/08
Loading...
201621161990.8
江西量一光电科技有限公司
廖昆
H05B 33/08
Loading...
本实用新型公开一种三段调光LED灯具线路，包括整流桥DB1、整流桥DB2、电感L1和电感L2，所述整流桥DB2的两个电压输入端分别连接零线F2和火线N，整流桥DB2的正电压输出端连接电阻R3和电感L2，电感L2的另一端连接电容C4、电阻R3的另一端、电阻R4、芯片U2的引脚5和芯片U2的引脚6。本实用新型三段调光LED灯具线路可以选择30％功率照明,70％功率照明,100％功率照明。对于不同的环境下，给予人们一种舒适的光强度照明，且线路简单，控制只需一个转换开关就可以完成。
5. 206136396 一种开关转换色温LED灯具线路
CN
26.04.2017
H05B 33/08 Loading...
H05B 33/08
Loading...
201621161992.7
江西量一光电科技有限公司
廖昆
H05B 33/08
Loading...
本实用新型公开一种开关转换色温LED灯具线路，包括切换开关、防雷击线路1、防雷击线路2、保险线路1和保险线路2，所述切换开关的固定端连接火线L，切换开关的两个切换端分别连接保险线路1和保险线路2，保险线路1连接防雷击线路1，保险线路2连接防雷击线路2，防雷击线路1还连接零线N和整流线路1。本实用新型的有益效果是：同一支灯，根据用户的需要，可以选择三种光色。线路简单，控制只需一个转换开关就可以完成,操作方便。
6. 206064970 一种用于LCD清洗的插篮治具
CN
05.04.2017
B08B 13/00 Loading...
B08B 13/00
Loading...
202016001020112
无锡博一光电科技有限公司
乔伟雄
B08B 13/00
Loading...
本实用新型涉及一种用于LCD清洗的插篮治具，包括治具板体，于治具板体上布置齿板、挡板及多个定位组件，于齿板及挡板之间还安装缓冲条，缓冲条的带齿端与所述齿板啮合，缓冲条的另一端通过调节块与所述挡板的内侧抵接；还包括档位调节板，档位调节板的一端通过第一转轴与第一安装板活动连接；在档位调节板的另一端开设多个用于配合档位调节杆的档位调节齿，档位调节杆与支撑杆的一端贯穿安装，档位调节杆的另一端贯穿安装第二转轴，所述第二转轴与第二安装板活动连接。本实用新型结构简单、使用方便，通过档位调节杆在档位调节齿上的不同位置可以实现治具板体与档位调节板之间的角度，其能根据操作人员的身高调整视野角度，省时省力。
7. 206077836 一种背光柔性电路板的焊盘
CN
05.04.2017
H05K 1/11 Loading...
H05K 1/11
Loading...
202016001014711
无锡博一光电科技有限公司
成小定
H05K 1/11
Loading...
本实用新型涉及一种背光柔性电路板的焊盘，包括从上到下依次设置的上覆盖膜、背光源线路连接板、支柱绝缘子、液晶显示器线路连接板和下覆盖膜，所述背光源线路连接板位于上覆盖膜前端的位置上开设折裂孔，且背光源线路连接板和液晶显示器线路连接板位于折裂孔前、后两侧连接第一导电过孔、第二导电过孔，所述第二导电过孔位于上、下覆盖膜之间，保证背光源线路连接板和液晶显示器线路连接板可正常导通，减少因焊盘不良，造成的液晶显示器线路连接板不能正常点亮的问题。
8. 206074948 使用导电黑黑胶对LCM提高防护作用的结构
CN
05.04.2017
G02F 1/133 Loading...
G02F 1/133
Loading...
202016001034313
无锡博一光电科技有限公司
乔伟雄
G02F 1/133
Loading...
本实用新型公开了一种使用导电黑黑胶对LCM提高防护作用的结构，LCM包括背光源；背光源之上层叠有LCD；LCD之上还安装有主软性电路板和驱动IC；所述背光源包括由上至下依次层叠的上增光片、下增光片、扩散片、反射片、导光板、胶框；还包括背光软性电路板；背光软性电路板的下表面固定有LED和FPC双面胶；还包括导电黑黑胶；导电黑黑胶贴附于背光软性电路板的上表面；在背光软性电路板上设置有GND焊点；主软性电路板上设置有GND连接线，连接至所述GND焊点。本实用新型。本实用新型保护驱动IC不受静电击伤，避免了LCM显示异常。
9. 206074710 针模结构测试架
CN
05.04.2017
G01R 31/00 Loading...
G01R 31/00
Loading...
201621020763.3
无锡博一光电科技有限公司
乔伟雄
G01R 31/00
Loading...
本实用新型涉及一种针模结构测试架，包括测试板，所述测试板上表面的一端安装有针模，所述针模上设置有连接卡槽，所述测试板上表面的另一端固定安装产品，所述产品通过卡件卡住，所述产品的一端连接有转接线，所述转接线的头部连接至针模的卡槽中。本实用新型结构紧凑、合理，操作方便，采用针模探针式治具作业，对位简单，检测方便可靠，工作效率高。
10. 106549811 一种针对智能网荷互动终端的面向对象通讯方法
CN
29.03.2017
H04L 12/24 Loading...
H04L 12/24
Loading...
201611127538.4
光一科技股份有限公司
张翔
H04L 12/24
Loading...
一种针对智能网荷互动终端的面向对象通讯方法，包括对上和对下两种通讯方法：对下通讯方法中，上层节点将其下层每个节点视为一个实装置，通过客户机端规约向各下层节点采集数据，并将采集的数据存储至对应的实装置中；对上通讯方法中，本节点将自身视为装置组，通过服务器端规约上传装置组中汇集的数据信息。所述的装置组内汇集本节点及其下所有节点中的实装置的数据，装置组也可由其内的虚装置汇集各个节点数据的索引信息。因而，在对上或对下通讯时，各节点内处理的流程都保持一致，且能够针对上层节点所需进行数据传输。采用本方法不需要根据节点之间的层次关系单独对每个节点进行主从配置，可以高度灵活地应用于各类配电自动化现场。
11. 106500323 锅炉自动调节火焰冷凝器
CN
15.03.2017
F24H 9/00 Loading...
F24H 9/00
Loading...
102016001265742
北京阳光二十一世纪环保科技有限公司
王建国
F24H 9/00
Loading...
本发明公开了一种锅炉自动调节火焰冷凝器，它涉及锅炉技术领域。它整体材质为304不锈钢，包括自动调节冷凝器本体、燃烧室进水管、燃烧室出水管、电动机，自动调节冷凝器本体与燃烧室进水管、燃烧室出水管连接，燃烧室进水管交叉呈网状排列形成自动调节冷凝器本体，自动调节冷凝器本体通过燃烧室出水管与电动机相连，通过燃烧室，固定在锅炉外壳上，燃烧室进水管、燃烧室出水管与板换连接。本发明主要针对老式锅炉房燃烧机设计，一方面有效降低锅炉的燃烧温度的同时还不影响锅炉的效率，最大程度避免和降低了NOx的生成，另一方面降低客户投资成本，综合现有燃烧机，易于推广使用。
12. 106500121 锅炉二次喷淋装置
CN
15.03.2017
F23J 15/04 Loading...
F23J 15/04
Loading...
102016001263934
北京阳光二十一世纪环保科技有限公司
王建国
F23J 15/04
Loading...
本发明公开了一种锅炉二次喷淋装置，它涉及锅炉技术领域。它整体材质为304不锈钢，包括上层喷头主体、下层喷头主体、总进水管、上层喷头控制法兰和下层喷头控制法兰，上层喷头主体设置在下层喷头主体的上部，上层喷头主体、下层喷头主体分别通过二次喷淋进水管、一次喷淋进水管连通至总进水管，总进水管上安装有下层喷头控制法兰，二次喷淋进水管上安装有上层喷头控制法兰。本发明利于降低NOX的排放量，并对烟气进行二次利用，降温及余热回收，为企业节能降耗，创造效益，最大程度降低锅炉烟气对环境的污染。
13. 206019610 一种用于产品二次元测量的定位治具
CN
15.03.2017
G01B 21/00 Loading...
G01B 21/00
Loading...
201620991458.2
无锡博一光电科技有限公司
乔伟雄
G01B 21/00
Loading...
本实用新型涉及一种用于产品二次元测量的定位治具，包括治具本体，所述治具本体由横板及纵板一体连接形成L形板，于所述横板及纵板的内侧分别设置多个向外延伸的凸缘，各凸缘互为相邻布置，位于横板内侧的各凸缘的高度互为相同，位于纵板内侧的各凸缘的高度互为相同。本实用新型结构简单、使用方便，利用该治具使产品定位，保证了产品的放置位置得到统一，利用二次元测量仪实现后续产品的自动测量，省时省力，大大提高了测量效率。
14. 206020866 一种改善液晶显示器边角破损的保护装置
CN
15.03.2017
G02F 1/1333 Loading...
G02F 1/1333
Loading...
201621017953.X
无锡博一光电科技有限公司
成小定
G02F 1/1333
Loading...
本实用新型涉及一种改善液晶显示器边角破损的保护装置，包括液晶显示器，所述液晶显示器的单层玻璃区的底部边角上贴附有一层泡棉；所述液晶显示器的底部连接有柔性电路板。本实用新型结构紧凑、合理，操作方便，通过在单层玻璃区的底部安装泡棉的设计，有效的防止在工厂操作、组装厂装机过程中以及终端市场受压后单层玻璃区变形易产生破裂的现象。
15. 206020867 ONCELL液晶显示模块中触控软性电路板的垫片结构
CN
15.03.2017
G02F 1/1333 Loading...
G02F 1/1333
Loading...
201621022133.X
无锡博一光电科技有限公司
成小定
G02F 1/1333
Loading...
本实用新型公开了一种ONCELL液晶显示模块中触控软性电路板的垫片结构，包括BL层、下POL层、CF层、TFT层、上POL、TFC层、OCA层、TP层；BL层位于最底层，包括有由中间到侧边逐级增高的二级阶梯结构；下POL层位于BL层之上，且与BL层的第一级阶梯结构相平齐；CF层、TFT层依次层叠于BL层和下POL层之上；TFT层的面积小于CF层的面积；上POL位于TFT层之上；TFC层位于上POL旁侧，且其内侧边缘固定于TFT层之上，其余部分悬空；OCA层和TP层依次层叠于上POL和TFC层之上；还包括弹性填充结构，固定于CF层和TFC层之间。本实用新型可使LCD单层位置层叠间隙减小，从而加强支撑及缓冲作用，减低手机跌落后破屏的机率。
16. 206020865 一种LCM与触控盖板之间的导光膜
CN
15.03.2017
G02F 1/1333 Loading...
G02F 1/1333
Loading...
201620978562.8
无锡博一光电科技有限公司
乔伟雄
G02F 1/1333
Loading...
本实用新型涉及一种LCM与触控盖板之间的导光膜，LCM的背光板与触控盖板之间安装有下玻璃板，所述导光膜安装于下玻璃板与触控盖板之间，所述导光膜的两角向外延伸出一加长部，所述下玻璃板的上表面贴附有TUFF胶层，所述加长部与TUFF胶层将下玻璃板与触控盖板之间的间隙填满。本实用新型中，在液晶显示模块与触控盖板之间的间隙处，把触控盖板上导光膜两角落的延长设计，有效的填充了晶显示模块与触控盖板之间存在间隙，改善了液晶显示模块的LCD易崩角现象。
17. 206020562 公母座连接器专用测试治具
CN
15.03.2017
G01R 31/00 Loading...
G01R 31/00
Loading...
201621025747.3
无锡博一光电科技有限公司
成小定
G01R 31/00
Loading...
本实用新型涉及一种公母座连接器专用测试治具，包括外壳，所述外壳的内部安装有检测主板，所述外壳的上表面一端中部安装有测试定位板，所述测试定位板外圈的外壳上还开有长圆孔；所述外壳上间隔安装有两块挡板，两块挡板之间通过销轴铰接有活动操作杆，所述活动操作杆的头部设置有检测头，所述检测头上设置有凹槽，所述凹槽处安装待测试的工件。本实用新型结构紧凑、合理，操作方便，通过制定专门的测试对位治具，在检测产品时，定位产品拿取方便，同时可以明确对位方向，检测方便，工作可靠性好，工作效率高。
18. 206024237 一种FPC插拔PIN角结构
CN
15.03.2017
H05K 1/02 Loading...
H05K 1/02
Loading...
201620969254.9
无锡博一光电科技有限公司
乔伟雄
H05K 1/02
Loading...
本实用新型涉及一种FPC插拔PIN角结构，所述PIN角的两侧凸出设有补强耳，PIN角上远离插拔接口侧设有U型手柄。本实用新型的PIN角上设置U型手柄及两侧的补强耳，可大大提高装配进度，方便装机，同时返修减少撕裂现象，提高工作效率，可降低损坏的成本。
19. 206020878 液晶显示模块背光源胶框档墙阶梯结构
CN
15.03.2017
G02F 1/13357 Loading...
G02F 1/13357
Loading...
201621022043.0
无锡博一光电科技有限公司
成小定
G02F 1/13357
Loading...
本实用新型公开了一种液晶显示模块背光源胶框档墙阶梯结构，包括由下至上依次层叠的背光层、LCD层、TP‑FPC层和TP层；所述背光层边缘设置有由内侧至外侧逐级升高的二级阶梯状结构的挡墙；TP层的边缘与背光层的第二级阶梯平面相贴合；TP‑FPC层的边缘插嵌入背光层的第一级阶梯平面和TP层之间，且TP‑FPC层的厚度与背光层的第二级阶梯高度相同；LCD层的上表面贴合于TP‑FPC层的下表面，且LCD层的边缘贴合于背光层的第一级阶梯侧面。本实用新型所设计的阶梯形背光源胶框档墙，可提高保护LCD被挤压破裂，减低手机跌落后破屏的机率。
20. 206020880 一种防止引脚断裂的安装结构
CN
15.03.2017
G02F 1/13357 Loading...
G02F 1/13357
Loading...
201621022972.1
无锡博一光电科技有限公司
乔伟雄
G02F 1/13357
Loading...
本实用新型涉及一种防止引脚断裂的安装结构，包括液晶显示器，所述液晶显示器底部贴合有背光，所述背光的底部焊接有背光引脚，所述背光引脚采用“7”字形结构。本实用新型结构紧凑、合理，操作方便，通过将背光“1”型引脚更改为“7”型引脚，使焊接位置在作业过程中不易弯折，从而避免断裂风险。
21. 206013466 流动层流罩
CN
15.03.2017
B65D 81/18 Loading...
B65D 81/18
Loading...
201620996846.X
无锡博一光电科技有限公司
成小定
B65D 81/18
Loading...
本实用新型涉及一种流动层流罩，包括背板，所述背板的两侧均安装有侧板，两块侧板之间从下往下依次间隔安装有顶板、多个层板和底板，所述顶板的顶部安装有多个风机过滤组件，每层层板和底板上安装有网板。本实用新型结构紧凑、合理，操作方便，液晶显示器清洗完成后，在层流货架中进行存放，运输，层流货架内洁净度百级以内，保证储存以及运输不会受到污染。
22. 206009344 液晶显示器清洁风刀装置
CN
15.03.2017
B08B 5/02 Loading...
B08B 5/02
Loading...
201620991529.9
无锡博一光电科技有限公司
乔伟雄
B08B 5/02
Loading...
本实用新型涉及一种液晶显示器清洁风刀装置，包括第一汇流板和第二汇流板，所述第一汇流板和第二汇流板间隔平行放置，所述第一汇流板和第二汇流板的内侧均开有凹坑，所述凹坑内均匀间隔开有多个安装孔，每个安装孔处安装压缩空气管，所述压缩空气管的喷头穿过所述安装孔；所述第一汇流板和第二汇流板上开有多个定位孔。本实用新型结构紧凑、合理，操作方便，通过两块汇流板上分别安装多个压缩空气管，通过喷头对液晶显示器进行清洁，清洁效果好，工作效率高。
23. 206020855 液晶显示器用测试架转动方向检测装置
CN
15.03.2017
G02F 1/13 Loading...
G02F 1/13
Loading...
201621020186.8
无锡博一光电科技有限公司
成小定
G02F 1/13
Loading...
本实用新型公开了一种液晶显示器用测试架转动方向检测装置，包括底架，所述底架的两端通过紧固件对称安装有转动架，两个转动架之间通过销轴安装有测试架，所述测试架的上表面放置待测产品。本实用新型结构紧凑、合理，操作方便，将待测产品放置在测试架上，在转动架的作用下，即可以方便的转动测试架，轻松完成各个角度的转换来完成对产品的测试，使用方便可靠。
24. 206002811 一种窄边框裸眼3D液晶显示模块
CN
08.03.2017
G02F 1/13357 Loading...
G02F 1/13357
Loading...
201620978060.5
无锡博一光电科技有限公司
乔伟雄
G02F 1/13357
Loading...
本实用新型涉及一种窄边框裸眼3D液晶显示模块，安装于整机机壳上，包括从上至下依次设置的盖板、OCA、3D膜、上偏光片、上LCD玻璃、下LCD玻璃、下偏光片及背光源，盖板上设有挡光的油墨层，上LCD玻璃及下LCD玻璃之间设有LCD黑色MASK，所述背光源的背面及侧面贴装有L型的黑色PET层。本实用新型通过背光源背面及侧面加贴黑色PET层，可阻挡并吸收背光源侧面透出的光，从源头上解决漏光问题，同时还能解决使用白色整机机壳和白色油墨层时，触摸屏或盖板显示区域以外透光问题。
25. 205998214 触摸屏贴膜工装
CN
08.03.2017
B65B 33/02 Loading...
B65B 33/02
Loading...
201620960673.6
无锡博一光电科技有限公司
成小定
B65B 33/02
Loading...
触摸屏贴膜工装，包括支撑架，保护膜滚筒通过转轴可转动地支撑在支撑架上；支撑架包括底座，底座上设有两块垂向耳板，转轴两端分别通过轴承可转动地支撑在两个垂向耳板上，进一步在保护膜出料方向上设置一个高度相知限位板。本实用新型能够避免保护膜与工作台面直接接触而造成的保护膜污染，且便于贴膜作业。
26. 206002801 FOG本压载台吹气机构
CN
08.03.2017
G02F 1/13 Loading...
G02F 1/13
Loading...
201620978057.3
无锡博一光电科技有限公司
成小定
G02F 1/13
Loading...
FOG本压载台吹气机构，在本压载台的侧面正对玻璃面板的位置设置至少一个吹气接口，吹气接口与气管连接，气管上设有单向控制阀，通过吹气接口，气管及气体源组成的吹起结构可以对本压过程中玻璃面板的玻璃段子进行吹气降温。本实用新型通过对玻璃端子吹气降温能够减少本压过程中烫片及IC气泡现象的发生，提高了FOG产品的合格率。
27. 206002805 一种分体式黑框环形胶
CN
08.03.2017
G02F 1/1333 Loading...
G02F 1/1333
Loading...
201620991459.7
无锡博一光电科技有限公司
成小定
G02F 1/1333
Loading...
本实用新型涉及一种分体式黑框环形胶，黑框环形胶粘接液晶面板和背光模组，所述分体式黑框环形胶包括上黑胶带、左黑胶带、右黑胶带和下黑胶带，所述上黑胶带、左黑胶带、右黑胶带和下黑胶带粘接黑胶框保护膜上，所述上黑胶带、左黑胶带、右黑胶带和下黑胶带上设置倒角，所述分体式黑框环形胶，背光模组的增光膜应力可从下黑胶带，上黑胶带、左黑胶带、右黑胶带和下黑胶带之间的缺口释放，防止增光膜褶皱，且上黑胶带、左黑胶带、右黑胶带和下黑胶带均设置倒角，方便将分体式黑框环形胶从背光模组和液晶面板撕下，可回收背光模组和液晶面板。
28. 206002800 一种不贴上偏光片LCM的测试夹具
CN
08.03.2017
G02F 1/13 Loading...
G02F 1/13
Loading...
201620971418.1
无锡博一光电科技有限公司
乔伟雄
G02F 1/13
Loading...
本实用新型涉及一种不贴上偏光片LCM的测试夹具，包括底座，所述底座的上表面具有LCM的放置槽并安装有可盖合所述放置槽的、用于安装偏光片的支架框，所述支架框与底座上的铰接座铰接，铰接座位于底座上表面的后部横向两侧，底座的上表面前部中间位置安装有限位支撑块；所述支架框上贯通其上下两侧的空腔，所述放置槽的横向两侧设有手持避位槽。本实用新型的测试夹具，专用于偏光片与LCM的对正测试，通过支架框固定偏光片，通过夹具底座上开槽固定LCM，确保LCM和上偏光片的相对位置固定，测试时操作非常方便，提高效率。
29. 206002807 一种防止柔性电路板腐蚀的透明半固态胶
CN
08.03.2017
G02F 1/1333 Loading...
G02F 1/1333
Loading...
201621016159.3
无锡博一光电科技有限公司
成小定
G02F 1/1333
Loading...
本实用新型涉及一种防止柔性电路板腐蚀的透明半固态胶，所述透明半固态胶贴合在背光组件的偏光片上，所述背光组件的柔性电路板的一侧边缘折弯设置在偏光片下边缘，所述背光组件位于柔性电路板和偏光片下边缘之间留有缺口，所述透明半固态胶下端两侧一体连接凸膜，所述凸膜贴在柔性电路板上，密封柔性电路板和偏光片下边缘之间的缺口，所述防止柔性电路板腐蚀的透明半固态胶，通过凸膜将柔性电路板和偏光片下边缘之间的缺口密封住，防止发生汗液进入背光组件，造成柔性线路板腐蚀导致触控失灵的问题。
30. 206002715 一种带凸字形卡位的导光板
CN
08.03.2017
G02B 6/00 Loading...
G02B 6/00
Loading...
201620967782.0
无锡博一光电科技有限公司
乔伟雄
G02B 6/00
Loading...
本实用新型涉及一种带凸字形卡位的导光板，导光板的一侧间隔设有多个LED灯，导光板的角处设有防呆卡位，所述防呆卡位为导光板角处凸出的凸块，所述凸块的侧面与导光板的侧面齐平。本实用新型的导光板，把原有防呆卡位的斜角结构更改为凸块结构，可以杜绝边角披锋的产生，避免产生光学折射，使出光后可视区均匀化。
31. 206002810 一种LCM背光源结构
CN
08.03.2017
G02F 1/13357 Loading...
G02F 1/13357
Loading...
201620967785.4
无锡博一光电科技有限公司
乔伟雄
G02F 1/13357
Loading...
本实用新型涉及一种LCM背光源结构，包括背光板及LCD单层玻璃，背光板与LCD单层玻璃之间具有间隙，所述背光板的遮光胶光源处安装有可将所述间隙填充满的泡棉。本实用新型的背光源中，利用泡棉将背光板与LCD单层玻璃处的间隙填充满，加强支撑及缓冲作用，能有效的保护LCD单层玻璃，装上整个手机后进行跌落实验时，有效地避免LCD单层玻璃破裂。
32. 206002657 一种显示触控电路板测试装置
CN
08.03.2017
G01R 31/28 Loading...
G01R 31/28
Loading...
201620970533.7
无锡博一光电科技有限公司
成小定
G01R 31/28
Loading...
本实用新型涉及一种显示触控电路板测试装置，所述显示触控电路板包括焊接连接的触摸屏驱动电路板和显示屏驱动电路板，所述显示屏驱动电路板设置LCM接口，所述触摸屏驱动电路板通过焊接位电连LCM接口，所述测试装置为FPGA测试板，所述FPGA测试板设置LCM连接端，所述LCM连接端后端分别连接焊接位测试焊盘和显示屏驱动电路板焊盘，所述焊接位测试焊盘和显示屏驱动电路板焊盘分别连接FPGA测试板IO口，所述LCM连接端还连接FPGA测试板地线，所述FPGA测试板还连接液晶显示模块，所述显示触控电路板测试装置可检测显示触控电路板是否焊接完好，以及是否能点亮液晶显示模块，防止不良品流入LCM操作工序，造成不必要的拆解工序。
33. 206002806 一种带泡棉支撑的液晶模块
CN
08.03.2017
G02F 1/1333 Loading...
G02F 1/1333
Loading...
201621014607.6
无锡博一光电科技有限公司
乔伟雄
G02F 1/1333
Loading...
本实用新型涉及一种带泡棉支撑的液晶模块，包括触控面板和背光组件，所述触控面板通过透明半固态胶粘合在背光组件上，所述背光组件包括从上至下依次设置的上偏光片、薄膜晶体管、储存电容、下偏光片和背光源，所述触控面板的边角和储存电容之间留有高度差，所述触控面板边角和储存电容之间设置支撑泡棉，所述带泡棉支撑的液晶模块，在触控面板和储存电容之间设置支撑泡棉，通过支撑泡棉支撑触控面板边角，防止触控面板边角跌落破裂。
34. 106383805 快速找寻最小flicker值及对应最佳VCOM值的算法
CN
08.02.2017
G06F 17/10 Loading...
G06F 17/10
Loading...
102016000790806
无锡博一光电科技有限公司
成小定
G06F 17/10
Loading...
本发明公开了一种快速找寻最小flicker值及对应最佳VCOM值的算法，包括以下步骤：设定VCOM正态中心值；将VCOM正态中心值写入到IC，测试其对应的flicker值多次，并取平均值为flicker_m；将VCOM中心值减n个值所后得到的值写入到IC，测试其对应的flicker值多次，并取其平均值为flicker_l；将VCOM中心值加m个值后所得到的值写入到IC，测试其对应的flicker值多次，并取平均值为flicker_r；确定VCOM值的找值方向；重新设定VCOM中心值；根据步骤5所判断的找值方向，找到最小flicker值，其所对应的VCOM值即为最佳VCOM值。本发明可以快速的找寻最小flicker值及其对应的最佳VCOM值，极大的减小了找值时间、提升了生产效率。
35. WO/2017/015960 ACOUSTIC-EMISSION-BASED HEALTH MONITORING METHOD AND SYSTEM
WO
02.02.2017
G01N 29/14 Loading...
G01N 29/14
Loading...
PCT/CN2015/085590
BEIJING ONEFIBERHUNDREDCITIES OPTO-ELETRONICS TECHNOLOGY CO., LTD
GAO, Jie
G01N 29/14
Loading...
An acoustic-emission-based health monitoring system and method. The system comprises: at least one optical fibre grating sensor (1), wherein the optical fibre grating sensor (1) is arranged inside or on a surface of a monitored object (00) and is used to detect an acoustic emission signal generated by the monitored object (00); a light source (2) for providing a light source for the optical fibre grating sensor (1); a demodulation system (3) for obtaining the acoustic emission signal generated by the monitored object (00) according to a central wavelength offset of reflected light of the optical fibre grating sensor (1) and a correlation between the central wavelength offset and the acoustic emission signal; and a control system (4) for comparing the acoustic emission signal with reference data so as to obtain a health degree value of the monitored object (00). Since an optical fibre grating sensor (1) is small in size and light in weight, an optical fibre with the optical fibre grating sensor (1) can be directly arranged inside a transformer, for example, inside a winding, and thus the transmission loss of an acoustic emission signal can be reduced and the sensitivity degree of a monitoring system can be improved.
36. 106376185 一种高色域LED贴片方法
CN
01.02.2017
H05K 3/30 Loading...
H05K 3/30
Loading...
102016000785580
无锡博一光电科技有限公司
成小定
H05K 3/30
Loading...
本发明涉及一种高色域LED贴片方法，包括以下步骤：(1)分区：将LED贴片基板均匀的风分成上侧的2、3色区和下侧的1、4色去；(2)1、3色区贴片：先在1色区贴上第一LED贴片，再到3色区贴合第二LED贴片，再到1色区贴上第三LED贴片，再到3色区贴合第四LED贴片，依次交叉在1色区和3色区进行LED贴片，所述第一、第二、第三到最后一个LED贴片依次电连；(3)2、4色区贴片：先在2色区贴上第一LED贴片，再到4色区贴合第二LED贴片，再到2色区贴上第三LED贴片，再到4色区贴合第四LED贴片，依次交叉在2色区和4色区进行LED贴片，所述第一、第二、第三到最后一个LED贴片依次电连。
37. 104251405 一种新型LED球泡灯
CN
01.02.2017



102014000429912
江西量一光电科技有限公司
廖昆


本发明涉及一种新型LED球泡灯。该LED球泡灯包括光学膜，柔性LED发光模组，LED驱动电源，连接塑件，灯头。LED驱动电源连接柔性LED发光模组、连接塑件和灯头。光学膜覆盖在柔性LED发光模组表面，柔性LED发光模组套入散热组件。其中光学膜包含软性透明硅胶、树脂、有机扩散粉。为制得这种光学膜，将软性透明硅胶、树脂与有机扩散粉混合均匀，放入烤箱中烘烤至半结晶态时套入模型中；将其烘烤至结晶态。本发明的球泡灯出光效率高，光线亮度高，显色指数高，发光角度好。可以用最少的电能发出更多的光，节能减排，安全便利。且该光学膜有效抑制眩光产生，更健康。
38. 104090398 一种液晶显示模组减小黄斑产生的方法
CN
01.02.2017
G02F 1/13 Loading...
G02F 1/13
Loading...
102014000353549
无锡博一光电科技有限公司
成小定
G02F 1/13
Loading...
本发明公开了一种液晶显示模组减小黄斑产生的方法。在COG工艺中采用低温ACF贴附机控制压合温度，避免产生IC端黄斑；增加灯与可视区域之间的距离至2.8mm以上，并采用黑黑双面胶作为遮光胶，有效的控制背光光斑；将不锈钢铁框的底板边缘先做成向下变形，然后在铁框上方用塑胶进行注塑，通过注塑后塑胶的收缩将铁框的底板拉平，改善胶铁一体变形量，有效的控制黄斑的产生。
39. 104113058 一种配电低压线路线损计算方法
CN
01.02.2017
H02J 3/00 Loading...
H02J 3/00
Loading...
102013000139864
上海市电力公司
李树青
H02J 3/00
Loading...
本发明公开了一种配电低压线路线损计算方法，包括：所述低压大用户智能终端通过所述电压互感器及电流互感器实时采集并存储用户侧及公用变压器侧的电力数据；所述低压大用户智能终端与公变台区智能基站进行通讯，将所述电力数据发送至公变台区智能基站；所述公变台区智能基站存储所述电力数据；所述公变台区智能基站与控制中心进行通讯，将所述电力数据转发至控制中心；所述控制中心根据所述电力数据，计算用户侧电量及公用变压器侧电量，利用线路损耗计算方法进行线损计算。采用本发明，实现低压大用户智能终端与用户的一一对应，可实时采集用户侧及公用变压器侧的电力数据，并通过控制中心进行统一处理，将线损统计进一步分解到多级用电区域。
40. 205882703 一种基于大数据的公共变压器超重载智能应用系统
CN
11.01.2017
H02J 3/00 Loading...
H02J 3/00
Loading...
201620897754.6
国网江苏省电力公司连云港供电公司
丁彬
H02J 3/00
Loading...
本实用新型涉及一种基于大数据的公共变压器超重载智能应用系统，属于供电管理领域。系统包括配网GIS数据存储与读取单元、一流配电网比较模块、用户用电信息存储器、超重载比较模块、负荷预测计算模块、中央控制单元和输出模块。本实用新型通过比较用户用电数据，筛选出超重载公共变压器，再配合配网GIS信息，对变压器超重载进行及时响应，进行供电负荷转移，并针对即将超载的变压器提前预警。本申请克服了传统布点消缺方式的滞后性和随意性，实现变压器布点效率最大化，设计规范化。可以用较少的变压器实现较大的供电效率。可为配电网改造、变压器合理布点、供电方案制定、配电优化运行、配电网规划建设等业务提供可靠支撑。
41. 106271380 一种背光源冷冻拆解方法
CN
04.01.2017
B23P 11/02 Loading...
B23P 11/02
Loading...
102016000761699
无锡博一光电科技有限公司
成小定
B23P 11/02
Loading...
本发明涉及一种背光源冷冻拆解方法，包括以下步骤：(1)准备：将若干背光源卡接在背光源塑料座上，所述背光源塑料座上设置一圈卡圈，所述卡圈可与背光源塑料座的底座卡接，若干层背光源塑料座叠放，最上层的背光源塑料座不放置背光源；(2)将叠放好的背光源塑料座放置到干冰箱内，冷冻一段时间；(3)将背光源从背光源塑料座内取出，进行背光源拆解拆解，所述背光源冷冻拆解方法，通过干冰箱冷冻背光源后，背光源拆解良率可达99％，下片良率85％以上，提高了背光源拆解的成功率，方便回收背光源，降低生产成本。
42. 106280096 一种装饰墙板及其生产工艺
CN
04.01.2017
C08L 27/06 Loading...
C08L 27/06
Loading...
201610663764.8
嘉兴市三一阳光家居科技有限公司
袁明强
C08L 27/06
Loading...
本发明公开了一种装饰墙板，包括以下质量份数的各组分：PVC粉40～50份；碳酸钙粉20～30份；木粉30～40份；色粉10～20份；檀香粉15～20份；玫瑰香精5～10份；增塑剂2～5份；发泡调节剂10～15份；润滑剂2～3份；增韧剂5～10份；增强剂3～5份；抗氧化剂3～8份；抗老化剂4～6份。本发明能够使装饰墙板具有芳香气味，无毒无刺激，色泽艳丽饱满，质地坚硬，不容易变形，抗老化性能优异，利于市场推广应用。
43. 103577563 一种变电站模型迁移方法
CN
04.01.2017
G06F 17/30 Loading...
G06F 17/30
Loading...
102013000511261
国网浙江省电力公司
肖艳炜
G06F 17/30
Loading...
本发明公开了一种变电站模型迁移方法，所述变电站模型包括基于IEC 61850标准的常规变电站模型和基于IEC61970标准的主站模型，所述变电站模型迁移方法包括语义模型协同、配置协同和运行时间协同，采用本发明，可实现常规变电站模型和主站模型之间数据的无缝迁移，减轻维护工作量，方便主站与变电站之间信息核对和校验。
44. 103579212 全面有效发光的LED制造工艺及产品
CN
04.01.2017
H01L 25/075 Loading...
H01L 25/075
Loading...
102013000536960
滕州天一光电科技有限公司
卜凡思
H01L 25/075
Loading...
一种全面有效发光的LED产品，其中包括：外壳，所述外壳分为上壳和下壳，所述外壳内设有若干锯齿状分布的LED芯片，LED芯片之间通过导线连接，所述LED芯片连接导电铜箔正极和导电铜箔负极。一种全面有效发光的LED制造工艺，制造工艺如下：a、配置LED产品的外壳；b、将LED芯片放入下壳中部，并将LED芯片固定在下壳上，然后将导电铜箔正极和导电铜箔负极放入下壳的两侧；c、将LED芯片、导电铜箔正极和导电铜箔负极用导线连接，形成正负极串联后烘烤；d、将上壳与下壳对接以导热硅胶黏合，然后烘烤。本发明的优点是：本发明减少LED产品制造流程，降低生产成本，使LED产品全面有效发光，便于大规模工业化生产。
45. 205842236 一种液体散热LED灯
CN
28.12.2016



201620565074.4
安徽一路明光电科技有限公司
尤业明


本实用新型公开了一种液体散热LED灯，包括散热装置、若干灯头、铝基板，所述灯头设置在铝基板上，所述散热装置由一金属板和若干散热叉构成，所述散热叉由半球体金属盒和两个金属片构成，所述金属盒内装有液体，所述散热装置顶端金属板贴合连接铝基板。所述半球体金属盒最大切割面连接在金属板上，所述金属片固定连接在半球体金属盒两侧；所述金属板、半球体金属盒、金属片均为铝合金材料。所述金属板与铝基板之间填充导热硅酯，并且可有增加金属板和铝基板的接触面积。所述半球体金属盒内液体为水。本实用新型作为一种LED灯，具有良好的散热性能的优点。
46. 205842331 一种可变形的LED灯条
CN
28.12.2016



201620565094.1
安徽一路明光电科技有限公司
尤业明


本实用新型公开了一种可变形的LED灯条，包括金属定型软管、若干环形LED灯头，所述金属定型软管内侧设有电源线，所述环形LED灯头均匀固定套接在金属定型软管外侧，并通过电源线导电，所述金属定型软管外侧设有透明硅胶层。所述的环形LED灯头设在透明硅胶层内部。所述的金属定型软管一端设有连接座。所述连接座套接可拆卸固定装置。所述的可拆卸固定装置为吸盘。所述的可拆卸固定装置为夹具。本实用新型的有益效果是：可以任意的弯曲LED灯条成期望形状，可以适用在很多装饰上面，固定方便；需要时，还可以充作台灯使用。
47. 205842237 一种热管液冷散热的LED灯
CN
28.12.2016



201620565092.2
安徽一路明光电科技有限公司
尤业明


本实用新型公开了一种热管液冷散热的LED灯，包括LED灯头、铝基板、散热装置，所述LED灯头固定连接在铝基板底部，所述散热装置包括热管、液冷器，所述液冷器为带中心孔的封闭金属柱体，所述液冷器外侧设有环型金属散热片，所述液冷器中心孔套接热管顶部，所述热管底部固定连接铝基板顶部。本实用新型作为一种散热的LED灯，具有散热效果好，散热温度范围大的优点。
48. 205842447 一种聚光电动车LED大灯
CN
28.12.2016
F21S 8/10 Loading...
F21S 8/10
Loading...
201620565131.9
安徽一路明光电科技有限公司
尤业明
F21S 8/10
Loading...
本实用新型公开了一种聚光电动车LED大灯，包括灯管、灯罩，所述灯罩底部连接环形柱，所述环形柱底部设有带孔铝基板，所述环形柱顶部设有光学凸透镜，所述灯管为LED灯管，所述LED灯管固定连接在铝基板孔中。所述的灯罩顶部设有一块亚克力板。所述的灯罩内侧和环形柱内侧均设有反光涂层。所述LED灯管设有7根。本实用新型作为一种电动车LED大灯，具有聚光效果好，照明效果好，节省电能的优点。
49. 205842369 一种水冷散热LED灯
CN
28.12.2016
F21S 8/00 Loading...
F21S 8/00
Loading...
201620565075.9
安徽一路明光电科技有限公司
尤业明
F21S 8/00
Loading...
本实用新型公开了一种水冷散热LED灯，包括LED灯头、铝基板、微型水泵，所述LED灯头连接在铝基板底面，所述铝基板内部设有圆孔，所述圆孔贯穿铝基板，所述圆孔套接金属管底部，所述金属管顶部连接一段扁平降温管，所述金属管与扁平降温管构成方形封闭回路，所述金属管顶部连接微型水泵。所述金属管和扁平降温管采用铝、铜、不锈钢等导热性良好金属材料。所述金属管与圆孔之间填充导热硅脂，最大程度将热量传递到金属管中。所述金属管和扁平降温管内部装有液体水。所述的扁平降温管与金属管的内侧横截面积相等。本实用新型作为一种LED灯，具有结构简单，散热明显的优点。
50. 205842342 一种散热加湿器LED台灯
CN
28.12.2016
F21S 6/00 Loading...
F21S 6/00
Loading...
201620565093.7
安徽一路明光电科技有限公司
尤业明
F21S 6/00
Loading...
本实用新型公开了一种散热加湿器LED台灯，包括LED台灯柱、LED灯体、LED灯头、铝基板、加湿器，所述LED灯头连接在铝基板下端，所述LED灯体顶部设有水槽，所述水槽顶部铰接水槽盖，所述水槽底部连接水管，所述水管设置在铝基板顶端，所述水管末端连接加湿器；所述水管为导热性良好的金属水管；所述水管为扁平柱体；所述水管紧密贴合铝基板，且之间填充导热硅脂；所述加湿器为蒸发型加湿器；所述加湿器固定连接在LED台灯柱顶部；所述水槽与水管密封连接，且所述水槽盖边缘设有防水垫，用以防止水流泄漏。使用时，打开水槽盖注水一定水量，水流通过水管在铝基板上吸收热量为LED灯散热，之后流入蒸发型加湿器中，此时，水流已经加热了一定温度这样就减少了加湿器的功耗；达到了一举双得的目的。
51. 106230577 一种提高智能网荷互动终端多板分辨率的方法
CN
14.12.2016
H04L 7/00 Loading...
H04L 7/00
Loading...
201610636025.X
光一科技股份有限公司
于海果
H04L 7/00
Loading...
本发明涉及一种提高智能网荷互动终端多板分辨率的方法，属于网络通信技术领域。该方法在由分别配置MCU、晶振、时钟芯片、存储器的一个主板和若干从板通过CAN总线通信连接构成的智能网荷互动终端中，主板和若干从板之间还接有时钟同步总线。本发明由于CAN总线对时后在第一毫秒时刻时钟同步总线就立即启动同步信号，将其相应的微秒计时器清零后与主板保持同步，实现了两者之间最优匹配，并引入了微秒定时确保了“毫秒”级的同步，CAN总线间隔1秒的同步信号安全避免了元器件个体差异的影响，因此显著提高了对智能网荷互动终端整体的SOE分辨率。
52. 205809227 一种配电线路状态监测指示装置
CN
14.12.2016
G01R 31/08 Loading...
G01R 31/08
Loading...
201620561702.1
光一科技股份有限公司
陈二利
G01R 31/08
Loading...
一种配电线路状态监测指示装置。指示装置主要包括固定部件、采样模块、指示机构和外壳体，其中，采样模块采集配电线路的电压电流数据，由装置内部的控制单元判断是否发生故障，控制单元根据采样模块的数据驱动柔性液晶材料的指示机构进入不同的显示状态，并在配电线路工作发生异常时通过其内部的通信模块进行报警。本实用新型通过使用液晶材料的指示机构，解决了现有指示机构误报、漏报、数据不准确的问题。同时，由于设计了专门的电场取电单元，使得本装置能够直接通过配电线路产生的电场获取电能，因而，本装置无需外接电源，体积更为小巧，安装维护更为方便。
53. 106088536 一种带布线槽的减震式地脚线
CN
09.11.2016
E04F 19/04 Loading...
E04F 19/04
Loading...
201610669656.1
嘉兴市三一阳光家居科技有限公司
袁明强
E04F 19/04
Loading...
本发明公开了一种带布线槽的减震式地脚线，包括地脚线底板、地脚线盖板、限位减震柱、减震支撑柱、拐角加强柱、螺纹固定孔、限位外滑边、限位内滑块、分线柱、弹性支撑槽、加强外护边、底板卡扣、盖板卡槽。本发明能够使地脚线方便快速的安装在墙板上，同时在安装中可以在地脚线内合理的布设多条线路，安装后的地脚线抗震能力强，能有效降低碰撞震荡对地脚线内部结构的影响，保证了地脚线内布设线路的完好，利于推广应用。
54. 106088922 一种防潮抗震的丝网加强型木塑门套线
CN
09.11.2016
E06B 1/34 Loading...
E06B 1/34
Loading...
201610669958.9
嘉兴市三一阳光家居科技有限公司
袁明强
E06B 1/34
Loading...
本发明公开了一种防潮抗震的丝网加强型木塑门套线，包括门套主体、装饰弧面、结构加强柱、减震弧柱、支撑收边、丝网层、排湿透气孔、除潮防腐槽、安装卡槽、固定底板、安装卡扣、防潮隔湿垫、定位缓冲弧柱。本发明能够使木塑门套线的韧性和强度得到显著提升，不易产生破损，同时还能够有效降低木塑门套线安装处的潮气湿度，防止木塑门套线发生霉变，结构牢固合理，具有优良的抗震性能，安装后稳定长久，利于市场推广。
55. 106066917 一种基于JavaScript在能效管理系统中实现3D空调自动排布的方法
CN
02.11.2016
G06F 17/50 Loading...
G06F 17/50
Loading...
102016000393773
江苏苏源光一科技有限公司
侯海涛
G06F 17/50
Loading...
本发明涉及一种基于JavaScript在能效管理系统中实现3D空调自动排布的方法，包括如下步骤:步骤一、加载设备模型配置信息和设备个数清单；步骤二、计算设备模型矩阵大小和行列组织方式；步骤三、将各矩阵进行位置排布；步骤四、绘制各矩阵内设备；步骤五、绘制各矩阵内行管道；步骤六、绘制各矩阵之间管道。本发明利用现有的JavaScript3D技术，动态计算空调系统中设备位置，以适应当设备数量发生变化时，可以在不改绘图程序的情况下完成界面调整；空调系统中的设备位置不是实际物理位置，系统反应的是设备的组织形式，也就是在这个前提下，才可以实施自动排布。
56. 205644956 一种基于防篡改技术的安全能效监测终端
CN
12.10.2016
G08C 25/00 Loading...
G08C 25/00
Loading...
201620470572.0
光一科技股份有限公司
何金海
G08C 25/00
Loading...
本实用新型涉及一种基于防篡改技术的安全能效监测终端，属于能效监测管理领域。能效监测终端包括CPU模块以及与CPU模块相连的复位模块、按键模块、LCD显示模块、LED指示灯、时钟模块、数据存储模块、接口模块、输入输出模块、计量芯片模块，和电源模块，其特征在于，所述的接口模块包括RS232接口、RS485接口、RJ45接口、4‑20mA/0‑10V设备接口模块及对应的物理层芯片。本实用新型在保证能效数据的精确性与实时性的同时可通过CPU模块定期进行校验，从而有效防止监测终端被非法修改。克服了现有监测终端信息安全性不高的缺点。
57. 205621349 一种撑杆旋转分层沙盘模型升降机
CN
05.10.2016
G09B 25/04 Loading...
G09B 25/04
Loading...
202016000022714
成都一度光电科技有限公司
宋维光
G09B 25/04
Loading...
一种撑杆旋转分层沙盘模型升降机，在支撑架内有一个滑动的升降机座，在升降基座上加装步进电机、步进电机通过轴联器连接撑杆，撑杆按楼层距离设置有同一方向的切口，在楼层模型上固定有卡环盘，卡环盘上有一个卡环槽，卡环槽内有一个横向的卡环；上一楼层的卡环盘比下一层的卡环盘角度大90度，当撑杆旋转角度与卡环盘角度一致时，相应楼层的卡环和撑杆上的切口呈上下排列，升降基座和撑杆通过丝杆上下运行，切口带动卡环使相应楼层上下运行，起到相应楼层模型的分合，让人清晰的看见建筑楼层内部的细微结构。
58. 103532778 用电信息采集设备智能测试方法
CN
14.09.2016
H04L 12/26 Loading...
H04L 12/26
Loading...
102013000471188
光一科技股份有限公司
张建培
H04L 12/26
Loading...
本发明涉及用电信息采集设备智能测试方法，包括：采集设备远程通讯程序测试过程，采集设备载波抄表通讯测试过程。本发明能有效地自动完成对采集设备的测试，无需搭建小型真实测试系统，节省了相应时间和资源，并降低了对测试人员技术要求，测试方案丰富，增强测试结论可信度，可提高测试效率，提升产品输出质量，降低现场运行维护成本。
59. 104092209 基于实时反馈的互动型微电网能量控制处理方法
CN
14.09.2016
H02J 3/00 Loading...
H02J 3/00
Loading...
102014000274551
光一科技股份有限公司
汪梦余
H02J 3/00
Loading...
本发明涉及基于实时反馈的互动型微电网能量控制处理方法，包括：预测微电网总功率、负荷需求，确定微电网自身运行约束条件，以改进遗传算法优化微电网个体，根据优化结果得出能量调度指令，并使微电网按指令进行调度控制。本发明控制方法能根据现有微电网数据对能量调度控制进行有效修正，使调度指令更贴合实际。
60. 103529248 压合结构及使用该压合结构的测试治具
CN
14.09.2016
G01R 1/02 Loading...
G01R 1/02
Loading...
102013000508994
无锡博一光电科技有限公司
乔伟雄
G01R 1/02
Loading...
本发明提供一种压合结构及使用该压合结构的测试治具，所述压合结构包括：基座、安装于基座上的压合板及压合板驱动机构，所述压合板在驱动机构的作用下靠近或远离基座移动，当所述压合板与基座接触时，所述驱动机构进入锁合状态，使得所述压合板与基座保持接触状态，进而实现压合。本发明的压合结构及使用该压合结构的测试治具，通过驱动块与驱动板的配合使用，使得该压合结构具有自锁功能，进而使得该压合结构的测试治具能解放操作员的双手，可以实现一对多的操作，有效提高工作效率，且，该压合结构的结构简单，操作方便，成本也较低。
61. 105924888 一种LED灯主板及其生产工艺
CN
07.09.2016
C08L 61/06 Loading...
C08L 61/06
Loading...
102016000247758
安徽一路明光电科技有限公司
尤业明
C08L 61/06
Loading...
一种LED灯主板及其生产工艺，属于LED灯技术领域，该主板是由以下重量份的成分制成：酚醛树脂55～65、氮化硼11～15、硫酸钠14～18、碳酸钙8～12、氢氧化钾6～7、散热剂8～10和水5～7。本发明的散热性能好，避免灯具内部过热；主板性能稳定，灯具照明效果好；主板使用寿命长，节约经济。
62. 205539741 一种3D显示校正系统
CN
31.08.2016
G02B 27/22 Loading...
G02B 27/22
Loading...
201620115391.6
无锡博一光电科技有限公司
成小定
G02B 27/22
Loading...
本实用新型公开了一种3D显示校正系统，包括待检测的LCD屏幕、贴附在LCD屏幕之上的3D薄膜和驱动所述LCD屏幕的FPC设备；所述FPC设备内置有数据储存芯片；还包括点灯治具，所述点灯治具与所述FPC设备通讯连接；还包括CCD设备，所述CCD设备放置在所述LCD屏幕的前方，所述CCD设备的感应镜头对准所述LCD屏幕；所述CCD设备与所述点灯治具通讯连接；还包括控制计算机，所述控制计算机与所述FPC设备通讯连接。本实用新型可针对3D薄膜的偏移量，调整输出内容；且本实用新型不需要对贴附精度有问题的显示模组返修，可提升生产良率，降低成本。
63. 103546469 一种电力通用数据交换方法
CN
31.08.2016
H04L 29/06 Loading...
H04L 29/06
Loading...
102013000505718
杭州智光一创科技有限公司
朱传柏
H04L 29/06
Loading...
本发明公开了一种电力通用数据交换方法，包括：交换平台服务器获取用户设置的转换规约；根据所述转换规约建立数据源与数据目的之间的转换链路；根据所述转换规约提取数据源中的元数据；根据所述转换规约及元数据生成文件；判断所述数据源与数据目的是否位于同一系统；判断为否时，根据所述数据源与数据目的之间的转换链路，将所述文件通过FTP协议穿越隔离装置进行横向数据转换，以将所述文件由数据源转换至数据目的；判断为是时，根据所述数据源与数据目的之间的转换链路，将所述文件通过FTP协议穿越互联网进行纵向数据转换，以将所述文件由数据源转换至数据目的。采用本发明，通过横向及纵向数据转换，实现数据的共享及管理，提高数据利用率。
64. 104124754 一种低压大用户群的用电优化方法及系统
CN
31.08.2016
H02J 13/00 Loading...
H02J 13/00
Loading...
102013000153255
上海市电力公司
宗明
H02J 13/00
Loading...
本发明公开了一种低压大用户群的用电优化方法，包括：低压大用户智能终端实时采集并存储台区内各用户的电量数据；将所述电量数据发送至公变台区智能基站；所述公变台区智能基站存储所述电量数据，并根据所述电量数据统计出台区内的统计数据；所述公变台区智能基站将所述电量数据及统计数据转发至控制中心；所述控制中心根据各公变台区智能基站转发的电量数据及统计数据，按时段调节各台区的负荷分配并生成控制命令。本发明还公开了一种低压大用户群的用电优化系统。采用本发明，可实现三级管理模式，根据电量数据及统计数据的变化情况，按时段调节各台区的负荷分配，实现供电负荷的动态调整，使台区整体用电错峰平谷。
65. 205490603 一种低压电力线宽带载波通信网络故障诊断装置
CN
17.08.2016
H04L 12/24 Loading...
H04L 12/24
Loading...
201620213609.1
光一科技股份有限公司
李振国
H04L 12/24
Loading...
本实用新型的一种低压电力线宽带载波通信网络故障诊断装置，包括微处理器，还包括载波接收单元、载波发送单元、PLC信号耦合电路以及电力线宽带载波采集系统；所述微处理器与电力线宽带载波采集系统通过载波接收单元、发送单元和PLC信号耦合电路耦合连接。本实用新型不仅可以直观地显示影响载波通信的各种噪声——背景噪声、周期性噪声、突发性噪声，而且能够对宽带载波通信网络各层报文进行规约自动识别和解析，能够快速诊断出现场宽带载波通信网络的各种故障信息，并直观反映，以便及时采取相应处理措施，十分适合基于电力线载波通信网络的运行管理。
66. 104124761 一种配电网低压大用户集成保护控制方法
CN
17.08.2016
H02J 13/00 Loading...
H02J 13/00
Loading...
102014000403823
杭州智光一创科技有限公司
朱传柏
H02J 13/00
Loading...
本发明公开了一种配电网低压大用户集成保护控制方法，包括搭建配电网台区自治管理系统，包括通过集成化通信网络相互通信连接的低压大用户智能终端、公变智能基站和台区智能控制中心；根据配电网负荷变化动态配置低压负荷额定容量；对公变台区的负荷群进行实时监控和数据采集，在公变台区的用电负荷超过额定容量时，控制低压大用户智能终端通过多种渐变方式对配电网进行超负荷调控，动态记录配电网最大负荷数据；通过集成化通信网络，低压大用户智能终端将最大负荷数据传输到公变智能基站进行负荷群的分析和预测，公变智能基站将分析后的数据传输至台区智能控制中心，实现电能质量和线损后台分析以及对配电网全局的调节控制。
67. 103441212 LED芯片的制作工艺、LED芯片结构及LED封装结构
CN
17.08.2016
H01L 33/64 Loading...
H01L 33/64
Loading...
102013000420861
江西量一光电科技有限公司
廖昆
H01L 33/64
Loading...
本发明涉及LED芯片的制作工艺、LED芯片结构及LED封装结构。在该制作工艺中，是采用钨钼铜合金（WMoCu）作为衬底。由于钨钼铜合金衬底具有仅次于碳化硅衬底的导热率，但是成本却远低于碳化硅，并且钨铜合金具有耐高温、低膨胀系数、比热容高、机械加工性能好、容易制成镜面等优点，是大功率LED芯片散热衬底的优良选择。本发明中LED芯片从下至上依次包括钨钼铜衬底层、U‑GaN缓冲层、N型GaN层，其中N型GaN层表面设有InGaN/GaN多量子阱发光层和N电极，在InGaN/GaN多量子阱发光层上方又依次设置P型AlGaN层、P型GaN层、电流扩展层和P电极。相应地，本发明LED芯片的电流垂直分布，衬底热导率高，可靠性高，发光层背面为金属反射镜，表面有粗化结构，取光效率高。
68. 103530153 用户用电信息采集终端远程升级方法
CN
17.08.2016
G06F 9/445 Loading...
G06F 9/445
Loading...
102013000471577
光一科技股份有限公司
高友会
G06F 9/445
Loading...
本发明涉及用户用电信息采集终端远程升级方法，包括：主站选择一采集终端为当前升级终端；主站向当前升级终端发送各帧文件块、以及单帧校验数据；当前升级终端校验各帧文件块；主站向当前升级终端发送整文件校验数据；当前升级终端校验整个程序升级文件；当前升级终端升级处理结束；主站判断是否所有采集终端升级处理结束，若否则选择下一采集终端为当前升级终端并转至第二步，若是则远程升级结束。本发明可实现对采集终端的远程升级维护，彻底克服传统升级方法的缺陷。
69. 105844901 一种基于防篡改技术的安全能效监测终端及其监测方法
CN
10.08.2016
G08C 25/00 Loading...
G08C 25/00
Loading...
102016000342592
光一科技股份有限公司
何金海
G08C 25/00
Loading...
本发明涉及一种基于防篡改技术的安全能效监测终端及监测方法，属于能效监测管理领域。本发明通过初始化、数据采集和校验三个步骤，在保证能效数据采集的准确性的同时，通过对监测终端进行CRC计算，比较CRC计算结果是否与初始校验值吻合来判断监测终端是否被恶意篡改，以保障能效数据的安全。本发明采用动态防篡改技术，定时进行CRC计算校验，并上报，进行系统联网验证。一旦发现程序被篡改，立即报警并终止终端的工作。本发明在保证能效数据的精确性与实时性的同时可有效防止监测终端被非法修改。克服了现有监测终端信息安全性不高的缺点。
70. 105820534 一种LED灯绝缘外壳材料及其生产工艺
CN
03.08.2016
C08L 69/00 Loading...
C08L 69/00
Loading...
102016000247787
安徽一路明光电科技有限公司
尤业明
C08L 69/00
Loading...
一种LED灯绝缘外壳材料及其生产工艺，属于LED灯技术领域，该材料是由以下重量份的成分制成：聚碳酸树脂35～45、硼酸钠20～25、聚乙二醇12～16、石英粉12～15、碳化硅10～15、抗氧化剂4～7、强化剂7～9和水3～5。本发明的绝缘性能好，外壳不会导电；本发明性能稳定，安全系数高；本发明使用寿命长，节约经济。
71. 105820434 一种LED灯散热材料及其生产工艺
CN
03.08.2016
C08L 23/12 Loading...
C08L 23/12
Loading...
102016000247778
安徽一路明光电科技有限公司
尤业明
C08L 23/12
Loading...
一种LED灯散热材料及其生产工艺，属于LED灯技术领域，该材料是由以下重量份的成分制成：聚丙烯60～63、二氧化硅12～14、高岭土15～17、铝3～6、镁4～6、抗氧化剂6～8、散热剂9～11和水2～4。本发明的散热性能好，避免灯具内部过热；散热材料绝缘性好，安全系数高；散热材料使用寿命长，节约经济。
72. 205405850 一种针对电力线通讯干扰的LoRa无线转发终端
CN
27.07.2016
G08C 17/02 Loading...
G08C 17/02
Loading...
202016000128698
光一科技股份有限公司
高巨
G08C 17/02
Loading...
本实用新型涉及一种针对电力线通讯干扰的LoRa无线转发终端，包括电力线接口、电表接口、电力线通讯调制解调芯片、控制器、LoRa无线通讯模块、供电模块和天线。本实用新型采用LoRa无线通讯技术解决电力线120KHz通讯频段受干扰通讯效果差、抄见率低的问题。LoRa无线通讯技术功耗低、抗干扰能力强，空旷地区通讯距离大于5公里。将其与电力线载波通讯的有线局域通讯相结合，可以有效改善传统用电信息采集系统通讯成功率低的问题，提高应用现场的抄见率。
73. 105694373 一种LED灯防静电外壳材料及其生产工艺
CN
22.06.2016
C08L 63/00 Loading...
C08L 63/00
Loading...
201610247820.X
安徽一路明光电科技有限公司
尤业明
C08L 63/00
Loading...
一种LED灯防静电外壳材料及其生产工艺，属于LED灯技术领域，该材料是由以下重量份的成分制成：环氧树脂30～36、二氧化硅22～28、氮化铝15～18、碳酸钙16～19、乙烯7～9、抗氧化剂3～5、强化剂9～14和水6～8。本发明的防静电性能好，外壳不产生静电；本发明性能稳定，保护灯具内部元件不被损坏；本发明延长灯具使用寿命，节约经济。
74. 205293207 一种LCD贴膜治具
CN
08.06.2016
B65B 33/02 Loading...
B65B 33/02
Loading...
201620022369.7
无锡博一光电科技有限公司
乔伟雄
B65B 33/02
Loading...
本实用新型公开了一种LCD贴膜治具，包括保护膜吸附装置和LCD固定装置；所述保护膜吸附装置与LCD固定装置通过转轴连接，所述保护膜吸附装置可通过转轴相对于LCD固定装置旋转；还包括安装于所述LCD固定装置下方的滑动导轨、可沿滑动导轨滑动的滑动支架以及支撑在所述滑动支架上、位于LCD固定装置之上的滚轮；所述滑动支架上还设置有升降装置，所述升降装置可改变所述滚轮的高低位置。本实用新型设置有LCD固定装置和保护膜吸附装置，可方便的调节LCD定位。在贴附保护膜之后，使用滚轮压平保护膜，使得保护膜不易偏位起泡。
75. 205299205 一种环形发光的LED台灯
CN
08.06.2016
F21S 6/00 Loading...
F21S 6/00
Loading...
201520906489.9
江西量一光电科技有限公司
廖昆
F21S 6/00
Loading...
本实用新型公开了一种环形发光的LED台灯，包括光源模块、散热器、支撑柱以及底座，所述光源模块包括第一光源模块和第二光源模块，分别都由LED灯芯和铝基板所组成，所述第一光源模块与第二光源模块分别固定安装在散热器的外表面以及内表面上；所述散热器为环形状，所述散热器的外表面以及内表面分别设置有第一卡槽与第二卡槽，所述灯罩包括第一灯罩以及第二灯罩，所述第一灯罩与第二灯罩分别设有与第一卡槽和第二卡槽相对应的卡勾，所述第一灯罩与第二灯罩通过卡勾固定安装在散热器上；所述散热器、支撑柱与底座依次固定连接。本实用新型，实现了一款外形新颖、功能丰富，并且耐用的LED台灯。
76. 205299226 低眩光漫射型灯具
CN
08.06.2016
F21S 8/00 Loading...
F21S 8/00
Loading...
201520930184.1
江西量一光电科技有限公司
廖昆
F21S 8/00
Loading...
本实用新型公开了一种低眩光漫射型灯具，包括光源模块与电源模块，所述光源模块包括LED光源、基板、散热器，所述LED光源、基板和散热器依次组合，其特征在于，还包括反光板、面框和支撑柱，所述光源模块固定连接在所述支撑柱的中部，所述反光板与电源模块相互连接，并依次固定在支撑柱的上端，所述面框固定连接在支撑柱的下端，所述面框的上表面设置有导光膜。本实用新型，散热性能好，而且能够有效防止眩光，同时可以达到较好的配光效果，且灯具的结构新颖、装配简单。
77. 105591826 一种低压电力线宽带载波通信网络故障诊断装置及方法
CN
18.05.2016
H04L 12/24 Loading...
H04L 12/24
Loading...
201610158618.X
光一科技股份有限公司
李振国
H04L 12/24
Loading...
本发明涉及一种用于现场的低压电力线宽带载波通信网络故障诊断装置，同时还涉及相应的方法，属于载波通信技术领域。该装置包括载波收发电路、通信电路、存储电路、人机交互电路、微处理器；微处理器含有采集单元、判断单元、数据帧单元、监测单元、解析单元、拓扑单元、定位单元、召测模块、检测模块、频谱模块、判别模块、试验模块、输出模块。本发明通过对电力线上噪声信号的采集与频谱分析，不仅可以直观地显示影响载波通信的各种噪声——背景噪声、周期性噪声、突发性噪声，而且快速诊断出现场宽带载波通信网络的各种故障信息，并直观反映，以便及时采取相应处理措施，十分适合基于电力线载波通信网络的运行管理。
78. 205247603 一种解决用电信息采集系统上行信道盲区的通讯扩展终端
CN
18.05.2016
G08C 17/02 Loading...
G08C 17/02
Loading...
201521067348.9
光一科技股份有限公司
高巨
G08C 17/02
Loading...
本实用新型涉及一种解决用电采集系统中上行信道信号盲区情况的通讯中继终端，包括虚拟远程通讯单元、控制器、4-FSK调制解调器、230数传电台以及开关电源；控制器包含协议解释单元（“AT指令集”及“Q/GDW？1376.3-2013”协议解释）和协议转发单元。本实用新型采用230专网频段进行无线点对点通讯来取代一些偏远地区移动公网信号盲区的GPRS数据通讯，由于230专网无线通讯架设方便，成本较架设GPRS基站大幅降低，可有效解决一些诸如山区、边境等信号盲区或需要对移动公网进行信号屏蔽区域的用电采集终端抄收问题。
79. 105572888 一种3D显示校正系统及校正方法
CN
11.05.2016
G02B 27/22 Loading...
G02B 27/22
Loading...
201610080874.1
无锡博一光电科技有限公司
成小定
G02B 27/22
Loading...
本发明公开了一种3D显示校正系统及校正方法，结合校正系统，其校正方法包括：步骤1、将3D薄膜贴合在LCD屏幕上；所述CCD设备放置于所述LCD屏幕前端；通过点灯治具点亮LCD屏幕，进行电测；当3D薄膜与LCD屏幕之间贴合出现偏移时，CCD设备获取偏移图像，并记录图像的偏移位置；CCD设备与点灯治具通讯，并将所记录的图像的偏移位置传输给点灯治具；点灯治具将LCD屏幕的图像的偏移位置写入FPC中的数据存储芯片；步骤2、结合所检测到的图像的偏移位置，调整LCD屏幕的输出数据。本发明可针对3D薄膜的偏移量，调整输出内容；且本发明不需要对贴附精度有问题的显示模组返修，可提升生产良率，降低成本。
80. 205184388 一种单臂式机械手数控机床
CN
27.04.2016
B23Q 7/04 Loading...
B23Q 7/04
Loading...
201520845643.6
河南众一光电科技有限公司
郭俊岭
B23Q 7/04
Loading...
本实用新型涉及数控机床领域，具体涉及一种单臂式机械手数控机床，它包括底座、支撑板、顶板和控制面板，所述支撑板连接底座和顶板之间，所述控制面板设置在底座侧面，所述顶板底部设置有第一转轴，所述第一转轴连接有臂杆，所述臂杆上设置有第二转轴，与抓杆相连，所述抓杆底部设置有抓合轴，与夹抓相连。本实用新型它采用在顶板下端设置有连接杆与转轴将形成单臂式机械手，同时设置有底部的抓合轴，与夹抓完成抓捕动作，采用控制面板的控制来完成对于机械臂的控制，且它具有使用方便，操作简单，实用性好，成本低廉等特点。
81. 205193754 一种多点式Gff触控面板
CN
27.04.2016
G06F 3/041 Loading...
G06F 3/041
Loading...
201520848240.7
河南众一光电科技有限公司
郭俊岭
G06F 3/041
Loading...
本实用新型涉及控制面板领域，具体涉及一种多点式Gff触控面板，它包括控纽盖、触点层、隔离膜和底板，所述控纽盖下端设置有触点层，所述触点层下端设置有隔离膜与底板，所述底板下端设置有支撑座，所述支撑座与底板设置有隔腔，所述隔腔内设置有支撑柱，所述触点层设置有触点以及触点之间的导线块。本实用新型它采用控制面板上设置有触点层具有多点接触的效果，采用隔离膜进行隔离防电的作用，它具有使用方便，操作简单，实用性好，成本低廉等特点。
82. 205185440 一种印刷式Ogs二次强化膜
CN
27.04.2016
B32B 17/06 Loading...
B32B 17/06
Loading...
201520840534.5
河南众一光电科技有限公司
郭俊岭
B32B 17/06
Loading...
本实用新型涉及手机保护膜技术领域，具体涉及一种印刷式Ogs二次强化膜，它包括玻璃层，所述玻璃层上端依次是ITO导电层、光学胶、油墨层和塑料合金层，所述油墨层采用耐腐蚀油墨；所述光学胶采用PET透明光学胶，所述玻璃层采用磨砂玻璃基板。本实用新型它采用在玻璃基板山设置有导电层与光学胶层，有助于ITO导电膜的固定，同时采用耐腐蚀油墨形成的油墨层与塑料合金层的双向强化，具有良好的耐腐蚀效果，经久耐用，且它具有使用方便，操作简单，成本低廉，实用性好等特点。
83. 205193308 一种2.5D ogs-3D高清防蓝光膜
CN
27.04.2016
G02B 5/20 Loading...
G02B 5/20
Loading...
201520840795.7
河南众一光电科技有限公司
郭俊岭
G02B 5/20
Loading...
本实用新型涉及防蓝光膜技术领域，具体涉及一种2.5D？ogs-3D高清防蓝光膜，它包括面板，所述面板上端设置有透明光学胶，所述透明光学胶上端设置有荧光涂层，所述荧光涂层上端设置有蓝光阻隔膜，以及蓝光阻隔膜上端的红蓝膜，所述红蓝膜上端设置有离型膜，所述离型膜上端设置有钢化玻璃。本实用新型它采用涂层上端设置有蓝光阻隔层具有良好的防蓝效果，同时采用红蓝膜具有良好的3d效果，且它具有使用方便，操作简单，实用性好，成本低廉，制作简单等特点。
84. 205143729 一种驱蚊表扣
CN
13.04.2016
A44C 5/18 Loading...
A44C 5/18
Loading...
201520645442.1
深圳市一米阳光科技有限公司
李加兵
A44C 5/18
Loading...
本实用新型公开了一种驱蚊表扣，包括扣帽、镍片、吸水海绵和扣钉，所述扣帽为圆环形结构，其上表面上的孔径小于其内壁的孔径；所述扣钉为多段一体式结构，第一段为圆柱槽，第二段为隔片层，第三段为安装柱，第四段为卡位柱，第五段为半球体末端，所述圆柱槽、隔片层、安装柱、卡位柱、半球体末端从上到下依次衔接在一起，所述半球体末端的曲面朝最外侧。本实用新型设计的驱蚊表扣，结构简单，安装方便，可应用于多种场合，既实用又美观。
85. 205149165 一种导光板印刷CCD自动定位装置
CN
13.04.2016
B41F 17/00 Loading...
B41F 17/00
Loading...
201520229267.8
深圳泰一光学科技有限公司
李飞
B41F 17/00
Loading...
本实用新型公开了一种导光板印刷CCD自动定位装置，包括第一定位气缸、第二定位气缸、第三定位气缸、第一挡板、第二挡板、第三挡板、定位马达、校正电机、支撑架、第一图像传感器和第二图像传感器；所述第一定位气缸、第二定位气缸分别第三定位气缸安装在支撑架左侧、后端中部和右侧，且分别与第一挡板、第二挡板和第三挡板连接；所述定位马达固定设置在支撑架底端，且设置在支撑架上端空间的第一图像传感器和第二图像传感器导线控制连接；采用气缸定位，取代原先的治具胶带定位，停止量产过程偏位，提高了生产效率；采用CCD每次自动抓取定位，取代人眼架设定位，提升定位精准度，且精度可达0.01mm。
86. 205155596 一种结构优化的LED面板灯
CN
13.04.2016
F21K 9/20 Loading...
F21K 9/20
Loading...
201520906666.3
江西量一光电科技有限公司
廖昆
F21K 9/20
Loading...
本实用新型公开了一种结构优化的LED面板灯，包括光源组件、软条、四方边框、盖板、防震板、反射膜、导光板以及扩散板，所述四方边框由四个边框相互固定连接形成，所述边框的截面呈“∟”状，于所述边框上设置有卡扣；所述软条包括上表面、下表面和外表面，所述上表面与下表面上分别设置卡勾，于所述软条的外表面上设有与LED灯芯大小、位置相互对应的方孔；所述光源组件固定在边框内表面，所述软条通过卡勾固定在边框上，并覆盖在光源组件上，所述光源组件上的LED灯芯全部覆盖在软条上的方孔中，所述盖板、防震板、反射膜、导光板以及扩散板依次组合在四方边框中。通过本实用新型，实现了一种结构简单，防震性能较佳，照明效果好的LED面板灯。
87. 205155659 LED工业条形灯
CN
13.04.2016
F21S 4/00 Loading...
F21S 4/00
Loading...
201520906484.6
江西量一光电科技有限公司
廖昆
F21S 4/00
Loading...
一种LED工业条形灯，包括外壳本体、LED光源组件和电源盒，其特征在于：所述外壳本体分上部分和下部分，所述电源盒通过电源盒安装槽安装在外壳本体的上部分；所述LED光源组件安装在外壳本体下部分的顶部位置，所述LED光源组件下面依次安装有反射膜、光学透镜，所述反射膜和光学透镜通过卡槽固定在外壳本体的下部分。在本实用新型中，各组件通过不同的槽安装在外壳本体上，结构合理紧凑，安装拆除方便，利于LED工业条形灯的后期维护和组件更换，另外，在LED光源组件上安装反射膜，在反射膜上安装光学透镜，能使LED工业条形灯达到较好的照明效果。
88. 205160969 一种新型电源盒壳体
CN
13.04.2016
H05K 5/02 Loading...
H05K 5/02
Loading...
201520907027.9
江西量一光电科技有限公司
廖昆
H05K 5/02
Loading...
一种新型电源盒壳体，内部结构使用台阶和导向柱，使电源组件能方便准确地安装在电源盒下盖上，然后通过扣位将电源盒下盖与电源盒上盖扣合安装，将传统的螺丝紧固方式换成了扣位扣合方式，使电源盒壳体的拆卸安装变得简单方便，减少拆卸安装的时间；所述电源盒壳体结构紧凑合理，体积小；通过渠口和渠口导条将两个或多个电源盒壳体连接，形成组合模组，节约成本，一机联合使用，从而理论上可以串接任意数量的电源盒，实现大功率输出使用，满足不同场合的需要。
89. 205155892 便携式LED路灯散热器模组
CN
13.04.2016
F21V 29/83 Loading...
F21V 29/83
Loading...
201520907038.7
江西量一光电科技有限公司
廖昆
F21V 29/83
Loading...
本实用新型公开了一种便携式LED路灯散热器模组，包括本体、塑包铜管合体、防护罩、光源和PC透光罩，所述本体设有光学反射面、纵向对流槽、横向对流槽、光源安装孔、安装孔和PC透光罩安装台面，塑包铜管合体包括铜管、改性导热塑胶和散热孔，防护罩通过螺栓固定在本体上。该装置结构紧凑、轻盈、体积小巧，防护等级高；采用铜管降低热阻，将热量导出在具有更大载体和散热面积的本体上，有效的降低LED灯珠的温度，加速散热；设有防护罩、纵向对流槽和横向对流槽，对流效果好，传热更顺畅；该装置省去了反光杯，节省了材料，简化了装置，减少工艺流程；该装置可以多组组合使用，适用于LED路灯、投光灯等户外大功率照明灯具。
90. 205155715 光引擎散热器组件
CN
13.04.2016
F21S 8/00 Loading...
F21S 8/00
Loading...
201520906667.8
江西量一光电科技有限公司
廖昆
F21S 8/00
Loading...
本实用新型公开了一种光引擎散热器组件，包括散热片、主板、铆接条、直角条、光引擎模块、透镜和压环，所述铆接条上设有铆接槽，散热片装入铆接槽中，散热片呈阵列状态分布，主板安装在散热片表面，直角条安装在散热片的边角上，防水接头安装在主板表面，光引擎模块通过十字螺栓锁紧在主板上，透镜覆盖在光引擎模块上，防水圈套在透镜上，压环通过内六角螺栓锁紧在防水圈上。该装置结构简单，设计合理，部分组装可用机械自动化操作，易于安装，安装快捷；采用直角条和金属胶直接粘合固定的连接方式，稳固性好，使用寿命长；采用薄片散热片，散热面积大，传热通道直接、快捷；散热片上设有对流通道孔，整体散热速度快，散热效果好。
91. 205155779 暗藏式发光LED投光灯
CN
13.04.2016
F21S 8/08 Loading...
F21S 8/08
Loading...
201520906715.3
江西量一光电科技有限公司
廖昆
F21S 8/08
Loading...
本实用新型公开了一种暗藏式发光LED投光灯，包括主体、安装支架、LED光源组件、光学透镜、电源组件、反射器和钢化超白玻璃罩，所述主体设有内插槽、外插槽、板插槽、台阶面、防水沟、玻璃槽和散热鳍片，散热鳍片通往主体外部，防水沟上安装有防水条，所述钢化超白玻璃罩包括出光面和遮蔽面，钢化超白玻璃罩位于主体的顶部。该装置优化了结构，产生的光线柔和不刺眼，光学效果好；经过二次配光，避免产生黄斑光圈和暗影等缺陷；设有散热鳍片，可以更好的导出热量，降低灯珠温度，延长使用寿命；光线通过出光面和遮蔽面，将光源发光隐藏起来，使得该装置看起来美观大气新颖，具有很强的装饰性；设有防水条，防水效果好。
92. 105450452 一种提升故障指示器安全性和稳定性的远程升级方法
CN
30.03.2016
H04L 12/24 Loading...
H04L 12/24
Loading...
201510875840.7
光一科技股份有限公司
戴成涛
H04L 12/24
Loading...
本发明涉及一种提升故障指示器安全性和稳定性的远程升级方法，属于电网通信技术领域。该方法包括主站与故障指示器之间的通信握手阶段、基本信息核查阶段、密文升级阶段，完成远程软件升级。采用本发明的方法与现有技术相比，由于经过有机结合的各种认证与加密处理步骤，因此可以有效防止黑客攻击、明文泄密，并避免版本错误、人工误操作等问题，使故障指示器不仅可以实现所需的远程升级功能，而且十分安全可靠。
93. 105429293 一种故障指示器规避冲突的通信方法
CN
23.03.2016
H02J 13/00 Loading...
H02J 13/00
Loading...
201510738777.2
光一科技股份有限公司
戴成涛
H02J 13/00
Loading...
本发明涉及一种故障指示器规避冲突的通信方法，属于电网通信技术领域。该方法在由一组分别安置在相应配电线路中的指示单元和一个与各指示单元通信连接监测单元构成的故障指示系统中，所述监测单元按序存储所辖范围各指示单元的通信地址、与各种故障信息分别对应的故障提示；所述故障指示系统的运行步骤为：下发编号、计算延时、延时上报、判断处理、届时上传。采用本发明后，按照上报编号处理后进行有序上报，因此大大降低了冲突概率。并且因减少了主动上报报文的字节数，在缩短等待时间、提高效率的同时，进一步有效降低了冲突概率。上述创新改进措施的降低冲突发生概率效果叠加，可以基本上消除误报，保证故障上报的成功率。
94. 205081572 一种电能表箱状态监控终端
CN
09.03.2016
H02J 13/00 Loading...
H02J 13/00
Loading...
201520888235.9
光一科技股份有限公司
高巨
H02J 13/00
Loading...
本实用新型涉及一种电能表箱状态监控终端，包括控制器，还包括调制红外线接收、发送装置以及与控制器连接的GPRS通信模块；控制器包括信号输入端口和输出端口；调制红外线发送装置与控制器信号输出端口连接；红外线接收装置与控制器信号输入端口连接；GPRS通信模块接收控制器上报的事件并远程上传至监控主站。本实用新型采用调制型红外通信自发自收，反射物（电能表箱门）会对自身发送的调制红外线产生一定数量的误码，控制器通过误码率来判断电能表箱门的开启状态。其可靠性、施工便利性、隐蔽性、防破坏性均全面优于传统电能表箱门的传感器方式，如全面推广，可以解决供电公司防窃电的难题，提高线损指标，回收大量电费。
95. 205079860 一种3D显示效果测试装置
CN
09.03.2016
G01J 1/00 Loading...
G01J 1/00
Loading...
201520829633.3
无锡博一光电科技有限公司
成小定
G01J 1/00
Loading...
本实用新型公开了一种3D显示效果测试装置，包括两台测试亮度测试仪，每台测试亮度测试仪由导线连接的一个测试仪主机和一个探头构成；所述两台测试亮度测试仪的两个探头之间的横向距离等于人眼两个瞳孔之间的距离，所述两台测试亮度测试仪的两个探头与待测试的3D显示屏之间的纵向距离等于人眼观看显示屏时的垂直距离。所述两台测试亮度测试仪一台显示蓝色色坐标，另一台显示红色色坐标。本实用新型通过仪器自动测试色坐标，通过数值来判断3D效果是否合格，是一种可以作为行业测试标准的设备。
96. 205070781 八通道直流电源控制总成
CN
02.03.2016
H02M 3/00 Loading...
H02M 3/00
Loading...
201520810276.6
南京三一光伏科技有限公司
胡雨生
H02M 3/00
Loading...
一种八通道直流电源控制总成，包括直流电源输入输出端、8个通道、控制端和保险丝座端；直流电源输入输出端13个管脚中的前8个管脚分别连接8个通道每个通道的正极，剩余5个管脚共负极；保险丝座端的16个管脚中奇数位的管脚分别连接8个通道每个通道的继电器；控制端由外接控制开关来选择控制。本实用新型的有益效果为：结构简单，设计合理，支持多路直流输出负载，统一进行高度集成的模块化管理，大幅度的减少改装企业的电路装配工作量，节约大量的售后服务成本。
97. 205065536 一种与车辆紧密贴合的嵌入式爆闪灯
CN
02.03.2016
F21S 8/10 Loading...
F21S 8/10
Loading...
201520810283.6
南京三一光伏科技有限公司
胡雨生
F21S 8/10
Loading...
本实用新型公开了一种与车辆紧密贴合的嵌入式爆闪灯，包括光学透镜1、透明有机玻璃罩壳2、铝制固定板3、LED散热板4、铝制PCB板5、LED灯珠6、铝板紧固螺钉7、塑料底座8、罩壳底座紧固螺钉9、与车身连接紧固螺钉10和紧固螺母11；塑料底座8与透明有机玻璃罩壳2相连形成一密闭腔体，罩壳底座紧固螺钉9将玻璃罩壳2与塑料底座8进行固定，铝制PCB板5、LED散热板4和铝制固定板3依次压制在塑料底座8上，LED灯珠6安装在铝制固定板3上，LED灯珠6上盖有光学透镜1，铝板紧固螺钉7将铝制固定板3和塑料底座8进行固定。本实用新型的有益效果为：结构简单合理，体积较小，可嵌入车体里，不容易损坏且提高车辆的美观程度。
98. 205070594 三电源不间断自动切换器
CN
02.03.2016
H02J 9/06 Loading...
H02J 9/06
Loading...
201520817454.8
南京三一光伏科技有限公司
陈涛
H02J 9/06
Loading...
一种三电源不间断自动切换器，包括光电耦合器OC、贴片三极管Q1、第一电磁继电器KH1、第二电磁继电器KH2、第一电阻R1、第二电阻R2、第三电阻R3、第四电阻R4、第五电阻R5、第六电阻R6、第七电阻R7、第一电容C1、第一二极管D1、变压器J1、发电机J2、市电J3、220V电源J4、充电器J5和指示灯J6。本实用新型的有益效果为：电路结构简单合理，专为特种车辆设计，可对特种车辆使用的多种交流供电电源按照优先级别进行自动切换，并且能够保证供电的不间断，保证车载设备的正常工作。
99. 205065409 一种带有主动散热装置的大功率LED照明灯具
CN
02.03.2016
F21S 2/00 Loading...
F21S 2/00
Loading...
201520816965.8
南京三一光伏科技有限公司
李亮
F21S 2/00
Loading...
本实用新型公开了一种带有主动散热装置的大功率LED照明灯具，包括面罩、光学透光件、光学泛光反光折射片、LED灯珠、齿条、灯具壳体、防水密封件、直流电机、灯具后罩、防水静音风扇、导热滑块、导热硅脂、铝制电路板、光学透镜和防水透气阀。本实用新型的有益效果为：结构简单合理，将LED产生的热量及时进行散热，控制整体灯具的热量在安全范围内；灯具在遭遇雨雾冰雪天气时进入灯具的水或水蒸气可以及时排出；实现多种光束角、佈光角的照明要求；有效提高了产品的使用寿命。
100. 205038411 一种3D显示屏结构
CN
17.02.2016
G02B 27/22 Loading...
G02B 27/22
Loading...
201520830787.4
无锡博一光电科技有限公司
成小定
G02B 27/22
Loading...
本实用新型公开了一种3D显示屏结构，包括由上玻璃和下玻璃贴合成的LCD，在所述上玻璃的上表面贴有上偏光片，在所述下玻璃的下表面贴有下偏光片，在所述下偏光片的下表面通过OCA胶贴有3D膜，在所述3D膜的下表面贴有单APF片。本实用新型把普通3D显示屏中带有APF的下偏光片改成下偏光加单APF片的组合，将3D膜贴于下偏光片和单APF片之间，从而使得显示屏的3D功能更加逼真、立体。
101. 205006121 一种儿童智能手表
CN
03.02.2016
A44C 5/20 Loading...
A44C 5/20
Loading...
201520736817.5
深圳市一米阳光科技有限公司
李加兵
A44C 5/20
Loading...
本实用新型公开了一种儿童智能手表，包括前壳装饰件、镜片、前壳、LCD屏、PCB主板、锁板螺丝、麦克风、表环、喇叭、GPS陶瓷天线、后盖、锁壳螺丝、金属扣、按键、SIM卡软胶塞和USB软胶塞，其特征在于，所述前壳整体近似倒“U”型构造，包括中间弯曲部和分别连接弯曲部两侧的两个自由端表带，其中一个自由端表带中段位置上安装有表环，末端上安装有金属扣，另一自由端表带上均匀分布有一排与金属扣尺寸相匹配的卡扣孔；佩戴时，带有卡扣孔的自由端表带位于外侧，将其末端插入到另一自由端表带的表环内，调节到需要的长度，按下金属扣两个自由端表带即可固定连接。
102. 105223701 一种3D显示屏结构
CN
06.01.2016
G02B 27/22 Loading...
G02B 27/22
Loading...
201510693723.9
无锡博一光电科技有限公司
成小定
G02B 27/22
Loading...
本发明公开了一种3D显示屏结构，包括由上玻璃和下玻璃贴合成的LCD，在所述上玻璃的上表面贴有上偏光片，在所述下玻璃的下表面贴有下偏光片，在所述下偏光片的下表面通过OCA胶贴有3D膜，在所述3D膜的下表面贴有单APF片。本发明把普通3D显示屏中带有APF的下偏光片改成下偏光加单APF片的组合，将3D膜贴于下偏光片和单APF片之间，从而使得显示屏的3D功能更加逼真、立体。
103. 105139629 一种提高低压电力线宽带载波数据采集效率的方法
CN
09.12.2015
G08C 19/00 Loading...
G08C 19/00
Loading...
201510518715.0
光一科技股份有限公司
张建培
G08C 19/00
Loading...
一种提高低压电力线宽带载波数据采集效率的方法，在由集中器、采集器和电能表构建的系统中，集中器分别与采集器和电能表通讯连接，集中器运行以下步骤：物理拓扑关系构建步骤、并发采集步骤和采集器遍历步骤。当物理拓扑关系表未建立时，采用传统的数据采集方案进行数据采集；当物理拓扑关系表建立后，以不同采集器所接的电能表同时并发抄表处理技术和异步通讯技术，从而实现了集中器同时采集同一台区下N个采集器外接的电能表数据。本发明是一种提高低压电力线宽带载波数据采集效率的方法，具备并发抄表处理技术和异步通讯技术，以同时并行采集不同采集器下电能表数据方案取代传统的按照电能表顺序逐一采集方案，从而显著提高数据采集效率。
104. 105139623 基于宽带载波的采集器多级传输的文件压缩远程升级方法
CN
09.12.2015
G08C 17/02 Loading...
G08C 17/02
Loading...
201510632936.0
光一科技股份有限公司
张建培
G08C 17/02
Loading...
本发明涉及一种基于宽带载波的采集器多级传输的文件压缩远程升级方法，在由一个集中器、若干采集电能表数据的采集器构建的系统中，所述采集器通过宽带载波本地通信信道与集中器通信连接，并通过集中器的上行GPRS信道建立与主站之间的远程交互通道，本发明解决了传统低压电力线窄带载波采集器无法远程升级的问题，为用电信息采集系统运维和业务扩展提供了远程升级手段，为用电信息采集系统进入引领提升阶段的业务扩展提供了必要的技术保障。
105. 105102226 层压体、成形体、成形物以及成形物的制造方法
CN
25.11.2015
B32B 27/32 Loading...
B32B 27/32
Loading...
201480019332.2
出光统一科技株式会社
近藤要
B32B 27/32
Loading...
在骤冷熔融聚丙烯树脂得到的骤冷透明聚丙烯薄片上层压形成树脂层(33)，在该树脂层(33)上层压形成印刷层(32)，制造树脂薄片，所述树脂层(33)由拉伸断裂伸长率150％以上900％以下并且软化温度为50℃以上180℃以下的聚氨酯树脂构成。嵌入成形成形物，所述成形物的一部分上具有由树脂薄片构成的非平面状的成形体(3A)。成形体(3A)的成形是具有伸长率为150％以上的部位的复杂形状、具有成形前后的膜厚比(B/A)为0.8以下的部位的复杂形状、具有成形前后的表面积比(Y/X)为1.5以上5以下的部位的复杂形状。即使成形为复杂形状，骤冷透明聚丙烯薄片也不会白化，印刷层(32)中也不产生龟裂、剥离。
106. 105098985 基于工频电压畸变识别低压配电户变关系的系统及方法
CN
25.11.2015
H02J 13/00 Loading...
H02J 13/00
Loading...
201510518971.X
光一科技股份有限公司
刘广存
H02J 13/00
Loading...
本发明公开了基于工频电压畸变识别低压配电户变关系的系统及方法，包括如下步骤：步骤一：信号调制：连接好配电变压器、低压线路、用户端以及两台调制解调设备后，启动系统，用户端在工频电压周期150°附近触发可控硅，这样就在低压侧相线与零线之间产生一短路电流i，其大小由L2、R2和可控硅导通时间决定。步骤二：信号解调；步骤三：信息交互。本发明是基于TWACS技术的改进。本发明一种利用电流调制技术、并将调制电流产生的电压畸变通过拟合各种典型台区自动选定阈值，利用相邻的畸变电压周期之间的非畸变周期个数传递信息，实现低压配电系统中户变关系的识别方法，为用电管理部门的实现用户档案建立、核查等提供有效、可靠的手段。
107. 105042355 感应式荧光灯系统结构
CN
11.11.2015
F21S 2/00 Loading...
F21S 2/00
Loading...
201510080461.9
上一国际光电股份有限公司
陈启彰
F21S 2/00
Loading...
本发明提供了一种感应式荧光灯系统结构，包括：安定器、磁场产生器、无极灯管，其中，安定器，用以接收市电电力，并输出高于该市电电力的电压及频率之一的电力；磁场产生器用以接收该安定器所输出的电力，产生交变磁场，并且输出感应电力；无极灯管的两端均设有一个内含合金的端子，磁场产生器设置于该无极灯管的一侧，用于使该内含合金的端子感应其产生的交变磁场。另外，无极灯管内含惰性气体，并于灯管内壁涂布荧光粉，该无极灯管接收该磁场产生器所输出的感应电力，以及感应交变磁场而发出光亮。这种系统结构减小了感应式荧光灯的体积，使其更好地应用于普通的家庭，提升了其应用范围，加快替代传统的灯光源。
108. 105007678 结合常态与非常态照明的感应式荧光灯装置
CN
28.10.2015
H05B 41/36 Loading...
H05B 41/36
Loading...
201510080462.3
上一国际光电股份有限公司
陈启彰
H05B 41/36
Loading...
本发明提供了一种结合常态与非常态照明的感应式荧光灯装置，其主要包括：整流单元、控制电路、备用电源以及灯源单元，特别是有关于一种将高电压(100V以上)感应式荧光灯应用在临时照明的技术上，因应于感应式荧光灯的供电及控制接线方式，发明出市电供电停止与人为操作关闭电源的自动辨识技术，无须侦测配线开关之前的回路，可便于装设，且节省布线成本；一旦判定该市电未能正常供电，则将原先输入充电于备用电源以及供电给灯源单元的电力关闭，并改由备用电源输出电力至灯源单元，使该灯源单元中的感应式荧光灯可于市电断电的情况下，继续维持高照度照明效果，在应用于挑高厂房，或大空间照明时成效更加突出。
109. 204731349 触摸屏触控式测试工艺机
CN
28.10.2015
G01R 31/00 Loading...
G01R 31/00
Loading...
201520510439.9
无锡博一光电科技有限公司
成小定
G01R 31/00
Loading...
本实用新型涉及一种触摸屏触控式测试工艺机，包括机座，所述机座上安装有X轴机械臂，X轴机械臂的底座与Y轴机械臂连接，X轴机械臂的中部通过安装板安装有X轴向丝杠，所述X轴向丝杠上通过支板安装有交替连续工作的两根电容笔。本实用新型采用双头、双台阶半自动化三轴机+电容笔，产品采用治具定位，可同一时间内同时完成2pcs产品的触控测试，且过程中不需要再次定位，触控时相比手工划线精确度高，效率明显上升，不良率大大降低。
110. 204719176 一种智能故障指示器
CN
21.10.2015
G01R 31/08 Loading...
G01R 31/08
Loading...
201520429519.1
光一科技股份有限公司
周娟
G01R 31/08
Loading...
本实用新型涉及一种智能故障指示器，包括壳体、位于壳体上方的透明防护罩和位于壳体下方的弹簧卡线夹，透明防护罩内固定安装设有一组窗口的白色固定架，白色固定架内安装有可在固定架内部和窗口之间相对转动的一组红色指示牌，红色指示牌与转轴连接，转轴与电机连接，电机由控制器控制转动，控制器包括信号发送模块和信号接受模块，在壳体的红色指示牌翻转到位的位置上安装有位置检测开关，位置检测开关与控制器的信号接收模块线路连接。本实用新型通过控制器检测、判断高压线路的工作状态，控制电机转动从而带动红色指示牌转动到窗口位置，很方便工作人员通过悬挂于高压线上的故障指示器的红色指示牌的状态来判断高压线是否有接地或短路故障。
111. 204705800 一种可节省防爆膜并提升良率的液晶显示屏结构
CN
14.10.2015
G02F 1/1333 Loading...
G02F 1/1333
Loading...
201520417797.5
无锡博一光电科技有限公司
成小定
G02F 1/1333
Loading...
本实用新型公开了一种可节省防爆膜并提升良率的液晶显示屏结构，包括触摸屏、上偏光片、玻璃、下偏光片和背光源；上偏光片和下偏光片均一面有胶，上偏光片有胶的一面贴在触摸屏的下表面，下偏光片有胶的一面贴在玻璃的下表面；背光源通过胶与下偏光片无胶的一面贴合；上偏光片无胶的一面通过胶与玻璃的上表面贴合。本实用新型将原先贴于玻璃上的上偏光板更改胶面方向直接贴于触摸板上，然后将显示模组和触摸屏贴合，节约了防爆膜成本，优化了工艺流程，大幅提升了因为触摸屏贴防爆膜的良率。
112. 204705799 一种可改善ESD防护效果的LCM显示模组结构
CN
14.10.2015
G02F 1/1333 Loading...
G02F 1/1333
Loading...
201520417387.0
无锡博一光电科技有限公司
乔伟雄
G02F 1/1333
Loading...
本实用新型公开了一种可改善ESD防护效果的LCM显示模组结构，包括由玻璃和偏光片贴合形成的玻璃台阶，芯片设置在玻璃台阶的玻璃上，玻璃台阶处的玻璃以及芯片的表面涂布有tuffy胶层，tuffy胶层完全覆盖玻璃台阶及芯片所在位置，并且tuffy胶层的胶高不高过玻璃台阶处的上偏光片。本实用新型可以保证整体的平整度，且tuffy胶层固化后整体厚度只有0.1mm，并可以完全覆盖芯片，确保芯片的密封性，提高芯片的抗ESD能力。
113. 204705797 一种可改善液晶显示屏边角破损的结构
CN
14.10.2015
G02F 1/1333 Loading...
G02F 1/1333
Loading...
201520415639.6
无锡博一光电科技有限公司
乔伟雄
G02F 1/1333
Loading...
本实用新型公开了一种可改善液晶显示屏边角破损的结构，包括玻璃和背光源，背光源的胶框边角处的内缘上设有空隙，使得背光源胶框边角处的宽度小于其直线处的宽度，且玻璃与背光源胶框边角处的距离大于玻璃与背光源胶框直线处的距离。本实用新型对组装玻璃边角位置的背光源胶框进行设计避让，有效避免组装后玻璃接触背光源边缘产生干涉出现玻璃破损现象。
114. 204705798 一种防止显示模组漏光和提升良率的结构
CN
14.10.2015
G02F 1/1333 Loading...
G02F 1/1333
Loading...
201520417002.0
无锡博一光电科技有限公司
成小定
G02F 1/1333
Loading...
本实用新型公开了一种防止显示模组漏光和提升良率的结构，包括显示模组、黑胶和胶框；所述显示模组和胶框之间通过黑胶粘合；所述胶框的顶部部分掏空形成空隙，所述黑胶进入所述胶框顶部的空隙中。本实用新型通过胶框掏空设计，同时扩大背光黑胶的面积，一方面起到更好的遮光作用，避免了触摸屏贴合后显示器显示时漏光的问题，另一方面避免了在工厂生产时候因为黑胶粘合面积过小造成的良率低下问题。
115. 204700493 FOG与触控板贴合后组装背光板的焊接治具
CN
14.10.2015
B23K 37/04 Loading...
B23K 37/04
Loading...
201520466467.5
无锡博一光电科技有限公司
熊文宇
B23K 37/04
Loading...
本实用新型涉及一种FOG与触控板贴合后组装背光板的焊接治具，包括安装于底座上的支撑立板，支撑立板的上端安装有焊接平板，支撑立板的侧面安装有侧夹板，焊接平板上安装有上夹板，侧夹板与支撑立板之间及上夹板与焊接平板之间分别带有夹持焊接组件的夹持间隙。本实用新型为FOG贴合触控板后与背光板组装后进行焊接提供良好的固定平台，其结构简单、设计合理，有效地提高了产能及良率。
116. 104913559 Method for refrigerating unit group control based on host coefficient of performance (COP) value
CN
16.09.2015
F25B 49/02 Loading...
F25B 49/02
Loading...
201510331118.7
江苏苏源光一科技有限公司
于海果
F25B 49/02
Loading...
The invention relates to a method for refrigerating unit group control based on a host coefficient of performance (COP) value and belongs to the technical field of air conditioning refrigeration. The method comprises the steps of sampling calculation, fuzzy processing, processing judgment, load calculation, water temperature constraint, load constraint, load value constraint and ending and returning. The method greatly improves the dynamic response of a central air conditioner and has good tracking performance and robustness; the running efficiency of a unit is judged through the load calculation, it is guaranteed that the refrigerating unit is always in an optimized running environment under any load condition, that is, the refrigerating unit is always in optimal operation conditions, so that the efficiency (COP) is kept the highest, the energy consumption is the lowest, and the energy saving of the refrigerating unit is achieved.
117. 204285007 无暗区LED锥形灯
CN
22.04.2015
F21S 2/00 Loading...
F21S 2/00
Loading...
201420690341.1
滕州天一光电科技有限公司
卜凡思
F21S 2/00
Loading...
一种无暗区LED锥形灯，其中包括：灯座，灯座上端安装电源插头，灯座下端安装灯壳，其特点在于：所述的灯壳为圆锥体，且圆锥体的灯壳顶端倒圆角，所述的灯座上安装梯形灯板，梯形灯板依照灯壳的形状由上到下往灯壳里倾斜安装，梯形灯板上面安装LED灯，本实用新型的优点是：使光源即能很好的照射到LED灯具下面区域，又能使光源很好的照射到LED灯具四周区域。
118. 204291660 LED控制器壳体
CN
22.04.2015
H05K 5/00 Loading...
H05K 5/00
Loading...
201420842093.8
江西量一光电科技有限公司
廖昆
H05K 5/00
Loading...
本实用新型公开了一种LED控制器壳体,包括下壳、 上壳、上盖,上壳位于下壳上面一侧，上盖位于下壳上面另一侧。所述下壳一端有装PCB线路板的下腔室及下腔室有定位柱，另一端有下壳齿、下壳槽、平面墩、导轨、卡扣、定位杆。所述上壳具有上壳腔，其一端有转耳与导槽，其另一端有卡槽。所述上盖一端有上盖扣与上盖齿，另一端有转轴。本实用新型装配简单、节省材料、结构设计巧妙、接线方式省时高效。
119. 204285119 LED橱柜灯管
CN
22.04.2015
F21S 8/00 Loading...
F21S 8/00
Loading...
201420691830.9
滕州天一光电科技有限公司
卜凡思
F21S 8/00
Loading...
一种LED橱柜灯管，其中包括：灯壳，灯壳上安装LED灯管，灯壳一端侧面上安装有电源插口，其特点在于：所述的灯壳安装在灯壳底座上，灯壳底座上安装固定孔，所述的灯壳底部端面两端位置处安装磁铁，所述的灯壳底座为铁质材料，本实用新型的优点是：安装简单方便、易于更换。
120. 204285118 LED智能照明安防系统
CN
22.04.2015
F21S 8/00 Loading...
F21S 8/00
Loading...
201420691829.6
滕州天一光电科技有限公司
卜凡思
F21S 8/00
Loading...
一种LED智能照明安防系统，其中包括：LED 照明灯，所述的LED照明灯安装在旋转系统上，所述的LED照明灯由灯座、灯壳组成，所述的灯壳安装在所述的灯座上，所有的LED照明灯并联在电源上，其特点在于：所述的LED照明灯的灯座上安装灯板、光敏检测装置、烟雾雨天检测装置、红外检测装置和控制系统，所述的灯板上通过电连接安装有LED强白光和LED穿雾黄灯，所述的灯板、光敏检测装置、雨天烟雾检测装置、红外检测装置电连接有控制系统，本实用新型的优点是：穿透性强，且不受天气影响。
121. 204285304 LED锥形灯拼接版
CN
22.04.2015
F21V 3/02 Loading...
F21V 3/02
Loading...
201420690588.3
滕州天一光电科技有限公司
卜凡思
F21V 3/02
Loading...
一种LED锥形灯拼接板，其中包括：直角梯形板，所述的直角梯形板的长的底边面安装有灯座固定孔，直角梯形板的倾斜的腰面安装梯形灯板固定孔，所述的直角梯形板的一边安装有拼接柱和拼接槽，本实用新型的优点是：使LED锥形灯的光源即能很好的照射到LED灯具下面区域，又能使光源很好的照射到LED灯具四周区域。
122. 204269976 背光模组组装治具
CN
15.04.2015
G02F 1/13 Loading...
G02F 1/13
Loading...
201420708774.5
无锡博一光电科技有限公司
成小定
G02F 1/13
Loading...
本实用新型公开了一种背光模组组装治具，包括定位板、放置板和轴；所述定位板包括成品放置区和调整孔，所述成品放置区为定位板上的长方形孔，所述调整孔位于成品放置区边缘且在成品放置区之外；所述放置板包括放置槽与调整槽，所述放置槽为放置板上向下凹陷的长方形区域，位置与成品放置区对应，所述调整槽位于放置槽边缘且在放置槽之外；所述定位板和放置板通过轴相连接，定位板可绕轴旋转。本实用新型精密定位背光模组与LCM+CTP成品的组装过程，解决了直接用手拿取和组装时操作不方便和对位不准的现象，提高了生产效率和良率。
123. 204269977 导电银浆测试通用治具
CN
15.04.2015
G02F 1/13 Loading...
G02F 1/13
Loading...
201420709141.6
无锡博一光电科技有限公司
乔伟雄
G02F 1/13
Loading...
本实用新型公开了一种导电银浆测试通用治具，包括支架、连杆和活动部件；所述支架支撑和固定整个装置，所述连杆连接支架与活动部件，可带动活动部件上下运动，所述活动部件上固定有测试针，在活动部件向下运动时，测试针与待测试样品接触，可进行测试。本实用新型只需将样品放入，直接压合即可完成测试，无需操作人员进行仔细的手动对准步骤，这种规范性操作步骤大大提高了银浆导电性测试的测试效率，而且本实用新型只需调整挡板位置，即可适用于各种型号的面板测试，适用范围广，有通用性。本实用新型结构简单，造价低廉，适合推广使用。
124. 204263039 通用有边框背光模组组装治具
CN
15.04.2015
B25B 11/02 Loading...
B25B 11/02
Loading...
201420707646.9
无锡博一光电科技有限公司
乔伟雄
B25B 11/02
Loading...
本实用新型公开了一种通用有边框背光模组组装治具，包括治具面板和支架；所述治具面板包括定位槽、调整孔、定位块、定位块上的固定孔和螺钉；所述定位槽向下凹陷，至少有两条相交的直边组成直角；所述调整孔至少有一个，设置在定位槽边缘处，螺钉通过固定孔固定定位块，定位块可以螺钉为限制移动位置；所述支架包括底座与支撑板。本实用新型用于背光模组的组装，可加快组装效率，减小组装难度，适用于各种型号大小的背光模组，具有通用性，本实用新型的支架可以灵活调整相对于水平的角度和支架本身的高度，适合各种操作需要。
125. 104410065 Multi-target decision method for limiting short circuit currents in receiving-end electrical network
CN
11.03.2015
H02J 3/00 Loading...
H02J 3/00
Loading...
201410610048.4
广东电网有限责任公司电力调度控制中心
黄明辉
H02J 3/00
Loading...
The invention discloses a multi-target decision method for limiting short circuit currents in the receiving-end electrical network. The method comprises steps that, an impedance matrix of a breaking line for the receiving-end electrical network is monitored, and self impedance sensitivity of a breaking m back line having n exceeding standard sites is figured out; according to short circuit current exceeding standard degrees of the various exceeding standard sites, weighted self impedance sensitivity of limit short circuit currents of any breaking line for all exceeding standard sites in the receiving-end electrical network is acquired; a power flow equation of the receiving-end electrical network is solved through utilizing a Newton Laphson algorithm to acquire Thevenin equivalent parameters; sensitivity indexes of the breaking line for system safety is acquired according to the Thevenin equivalent parameters and boundary conditions for static state voltage stabilization margin; a multi-target model is established, the Pareto optimal solution set is figured out, and optimal broken line combination for limiting short circuit currents of the various exceeding standard sites is acquired. The method can satisfy multi-target decision requirements for integrated optimum effects of short circuit current limit and integrity and safety of the system.
126. 104407195 Asymmetric fault short circuit current detection method for AC-DC hybrid system
CN
11.03.2015
G01R 19/00 Loading...
G01R 19/00
Loading...
201410609303.3
广东电网有限责任公司电力调度控制中心
黄明辉
G01R 19/00
Loading...
The invention discloses an asymmetric fault short circuit current detection method for an AC-DC hybrid system. The method comprises steps that, each phase voltage of an AC side and electrical operation parameters of a DC side of the system are monitored, and a commutation angle and a trigger deviation angle of every two phases of a converter valve are calculated when an asymmetric fault occurs in the system; each phase voltage and each phase current of the AC side are represented by employing symmetric components; a switch function model is established, and association relations between the voltage of the DC side and each phase voltage of the AC side and association relations between the current of the DC side and the current of the AC side are acquired; under the control of VDCOL, function relations between each phase current of the AC side and each phase voltage of the AC side are acquired; each phase voltage of the AC side is timely monitored, and a short circuit current injecting from the DC side to the AC side is acquired according to the function relations between each phase current of the AC side and each phase voltage of the AC side. The method can accurately detect the short circuit current injecting from the DC system to the AC system when the asymmetric fault occurs in the system.
127. 204178546 一种基于物联网的配变电能量数据采集系统
CN
25.02.2015
G08C 19/00 Loading...
G08C 19/00
Loading...
201420386307.5
江苏苏源光一科技有限公司
张少华
G08C 19/00
Loading...
本实用新型涉及一种基于物联网的配变电能量数据采集系统，包括配变监测计量终端、电能表与集中器连接，其特征在于还包括配变监测计量终端和集中器分别与数据采集终端连接，该数据采集终端还通过载波或无线通讯网络与管理装置连接。本实用新型以物联网基础数据采集信息为基础，构建基于异源数据处理的数据通信模块，从而对异源数据进行高效采集，并进行统一存储和处理。
128. 204180394 柔性电路板金手指修整治具
CN
25.02.2015
H05K 3/22 Loading...
H05K 3/22
Loading...
201420708048.3
无锡博一光电科技有限公司
成小定
H05K 3/22
Loading...
本实用新型公开了一种柔性电路板金手指修整治具，包括支架，连杆和活动部件；支架支撑固定整个治具，连杆连接支架与活动部件，支架上固定有铜片，活动部件上固定有铜块，向上扳动连杆，可带动活动部件向上运动，使得铜块与铜片分离，向下扳动连杆，可带动活动部件向下运动使得铜块与铜片压合。本实用新型使用铜块与铜片将金手指夹在中间进行加热，金手指受压和加热程度都很均匀，修复更加平整，效率也更高。而且整个修复过程都通过治具操作，有效的避免了操作人员手被烫伤的危险。
129. 204142853 背光面板点亮治具
CN
04.02.2015
G01R 31/00 Loading...
G01R 31/00
Loading...
201420473105.4
无锡博一光电科技有限公司
乔伟雄
G01R 31/00
Loading...
一种背光面板点亮治具，包括支撑架，为L型，固定整个点亮治具；还包括引线结构，为点亮治具提供电源；还包括按压柱、按压板、支撑柱、探针和导线；所述按压柱为一空心圆柱；所述支撑柱底端固定于支撑架上；所述按压柱套在支撑柱外，所述按压柱和支撑柱之间放置有弹簧；所述探针穿过所述按压板并且固定于按压板上，探针上端连接导线。本实用新型使用探针接触点亮，比起铜片更加不易氧化，能保证在测试过程中减少失误，一次性点亮背光面板。而且按压结构可以灵活控制探针接触或者分离被测试的背光面板，减少调制时间，提高测试过程的效率。
130. 204143126 一种下偏光片整面贴附的结构
CN
04.02.2015
G02F 1/1333 Loading...
G02F 1/1333
Loading...
201420549783.4
无锡博一光电科技有限公司
乔伟雄
G02F 1/1333
Loading...
本实用新型公开了一种下偏光片整面贴附的结构，包括背光源、下偏光片、TFT玻璃、彩色滤光片和上偏光片；所述上偏光片和下偏光片之间依次为彩色滤光片和TFT玻璃；所述下偏光片的下表面粘贴在背光源上；还包括IC芯片和柔性电路板；所述下偏光片整面对齐贴附在TFT玻璃上。本实用新型将下偏光片的贴付结构变更为整面贴付，有效的补强了TFT玻璃的上表面安装柔性电路板和IC芯片的区域，并且对TFT玻璃下表面的背光源的灯口处的漏光现象也有良好的控制。
131. 204134980 带清洁装置的贴片机刮刀
CN
04.02.2015
B08B 5/04 Loading...
B08B 5/04
Loading...
201420473314.9
无锡博一光电科技有限公司
成小定
B08B 5/04
Loading...
本实用新型公开了一种带清洁装置的贴片机刮刀，包括刀片、真空吸头、真空管和机械手臂。所述真空管一端连接真空吸头，另一端连接真空泵；所述机械手臂一端固定在真空吸头上，另一端连接传动气缸；所述机械手臂通过传动气缸将真空吸头运送到所述刀片前方。本实用新型通过外接真空泵将刮刀上的残留酒精和刮下的异物抽到贴片设备外部去，不仅减少了LCD面板上的异物，而且有效降低了贴片设备内的异物，改善了设备内部的环境。
132. 204142758 压合连接器测试架
CN
04.02.2015
G01R 1/02 Loading...
G01R 1/02
Loading...
201420483057.7
无锡博一光电科技有限公司
成小定
G01R 1/02
Loading...
本实用新型公开了一种压合连接器测试架，包括操作台和翘杆组件；所述操作台上设置有测试区和对准区；所述翘杆组件包括基台、轴承杆和翘杆；所述基台固定在测试区边缘；所述轴承杆穿过翘杆后部，架在基台上；所述翘杆可绕轴承杆旋转；所述翘杆前部设置有一个薄片状的翘杆头。本实用新型简化了压合连接器测试过程中的安装和拔出步骤，使得操作人员的工作效率大大提高。而且由于对准区的存在，使得对准工作免去目测调整位置和尝试插接的过程，使得生产过程进一步标准化，减少由于对准失败造成的产品损坏。
133. 204143125 一种LCD端子部补强结构
CN
04.02.2015
G02F 1/1333 Loading...
G02F 1/1333
Loading...
201420548903.9
无锡博一光电科技有限公司
成小定
G02F 1/1333
Loading...
本实用新型公开了一种LCD端子部补强结构，包括触摸屏、上偏光片、彩色滤光片、TFT玻璃、下偏光片和IC芯片；所述下偏光片粘贴在TFT玻璃下表面，所述触摸屏和TFT玻璃的上表面之间依次安装有上偏光片和彩色滤光片；还包括PET胶带，所述PET胶带位于IC芯片旁边，恰好支撑在触摸屏和TFT玻璃之间。本实用新型在LCD的端子部加贴PET胶带，填补触摸屏与TFT玻璃之间存在的间隙，达到补强作用。当受外力作用时，由于触摸屏与TFT玻璃之间的间隙被PET填充，LCD不易因变形而断裂，从而起到补强的效果。
134. 204143401 一种弥补油墨段差以减少光学胶气泡的结构
CN
04.02.2015
G06F 3/041 Loading...
G06F 3/041
Loading...
201420549781.5
无锡博一光电科技有限公司
乔伟雄
G06F 3/041
Loading...
本实用新型公开了一种弥补油墨段差以减少光学胶气泡的结构，包括保护玻璃和传感器玻璃；所述保护玻璃下表面四周有一圈框型的油墨；所述油墨有数层，每一层油墨的边缘处有台阶状的油墨段差；还包括光学胶，位于保护玻璃以下，传感器玻璃和油墨以上的夹层中间；还包括绝缘油墨；所述绝缘油墨位于油墨边缘的油墨段差处。本实用新型能有效的减少由于油墨段差的存在，而造成的光学胶贴合所产生的气泡，而且无需增加额外的设备，采用额外的生产条件，成本低，在生产中有很大的实用性，更适合现在薄型手机和平板电脑的使用。
135. 204143108 半自动无边框背光模组组装治具
CN
04.02.2015
G02F 1/13 Loading...
G02F 1/13
Loading...
201420473206.1
无锡博一光电科技有限公司
乔伟雄
G02F 1/13
Loading...
本实用新型公开了一种半自动无边框背光模组组装治具，包括操作台、第一组装平台、第二组装平台和轴承杆；所述第一组装平台和第二组装平台放置于操作台上。第二组装平台可绕轴承杆翻转到第一组装平台之上。所述第一组装平台和第二组装平台上均设置有一个以上的真空孔，内部均设置有真空装置。使用本实用新型，背光模组和玻璃基板的对齐可以通过真空吸附，对齐组装平台来实现，无需操作工人手工对齐，增加了对齐精度，而且更适合无边框的背光模组的使用，减少模组损伤。
136. 204143124 一种On-cell技术中的触控感测器贴合结构
CN
04.02.2015
G02F 1/1333 Loading...
G02F 1/1333
Loading...
201420548357.9
无锡博一光电科技有限公司
成小定
G02F 1/1333
Loading...
本实用新型公开了一种On-cell技术中的触控感测器贴合结构，包括上偏光片、ITO薄膜、彩色滤光片、TFT玻璃和下偏光片；所述ITO薄膜用光学胶贴合在上偏光片的一面；所述ITO薄膜和下偏光片之间依次为彩色滤光片和TFT玻璃；还包括玻璃基板，所述上偏光片的另一面用光学胶粘贴在玻璃基板上。本实用新型所公开的结构不需要对目前TFT-LCD制程工序增加额外的工艺和设备改进，即可对目前现有的TFT-LCD制程实现On-cell功能。
137. 204137594 手指套放置盒
CN
04.02.2015
B65D 83/00 Loading...
B65D 83/00
Loading...
201420473104.X
无锡博一光电科技有限公司
成小定
B65D 83/00
Loading...
本实用新型公开了一种手指套放置盒，包括储存盒、隔板、承接盒和弹簧机构；所述储存盒前壁下方设置有第一开口；所述储存盒侧壁下方设置有第二开口；所述承接盒固定于储存盒外的第一开口处；所述弹簧机构固定于储存盒内第二开口旁；所述隔板固定于储存盒内。当需要使用手指套时，按压弹簧机构中的按动板，弹簧压缩，承接板向下倾斜，手指套从隔板上滑落出来，掉入承接盒。本实用新型的手指套放置于储存盒的密封环境内，需要几个可以滑出几个，方便简洁，更加卫生，有很高的实用价值。
138. 204045588 一种带端子的高导热COB模组光源
CN
24.12.2014
H01L 25/075 Loading...
H01L 25/075
Loading...
201420489695.X
江西量一光电科技有限公司
廖昆
H01L 25/075
Loading...
本实用新型公开了一种带端子的高导热COB模组光源，包括基板、框架、支架焊盘、金线、LED灯、端子，所述LED灯固定在框架内的固晶块上，若干LED灯之间通过金线电连接，再通过金线与支架焊盘电连接，端子的“+”、“-”极分别与支架焊盘的“+”、“-”极对应电连接。本实用新型发明的带端子的高导热COB模组光源，大大提高COB焊外接电源线的效率，降低人工成本，外观好看，是COB批量化的趋势。
139. 204042536 一种LED射灯
CN
24.12.2014
F21S 2/00 Loading...
F21S 2/00
Loading...
201420489797.1
江西量一光电科技有限公司
廖昆
F21S 2/00
Loading...
本实用新型公开了一种LED射灯，包括电器盒，连接杆，光源模块。电器盒与连接杆通过可旋转的止动螺丝连接，连接杆与光源模块通过安装扣连接，电器盒与光源模块电连接。所述光源模块包括壳体，散热模组，发光器件，反射杯，透光罩。散热模组，发光器件，反射杯依次连接均设置在壳体内，透光罩置于壳体出光口处。本实用新型装配工艺简单，维护安装方便，极少用到螺丝等紧固件，节约工艺流程及成本，且散热性极强，出光性能好，具有高光效的特点。
140. 204042807 一种提高散热性能的散热器
CN
24.12.2014
F21V 29/00 Loading...
F21V 29/00
Loading...
201420489946.4
江西量一光电科技有限公司
廖昆
F21V 29/00
Loading...
本实用新型公开了一种提高散热性能的散热器，包括铝基散热体，所述铝基散热体上固定有铝基导热模组，一铜基导热模组置于铝基导热模组中心内。本实用新型保证该散热器达到最佳工作状态和高性能及长寿命；达到最佳的散热效果；降低成本。
141. 204042535 一种LED灯管
CN
24.12.2014
F21S 2/00 Loading...
F21S 2/00
Loading...
201420489603.8
江西量一光电科技有限公司
廖昆
F21S 2/00
Loading...
本实用新型涉及一种LED灯管，包括散热外壳、光罩、LED驱动电源、LED灯丝、灯头；其特征在于：所述散热外壳与光罩相连并组成管体，管体两端安装灯头，所述LED灯丝贴在散热外壳的底部，所述LED驱动电源位于散热外壳上部，所述LED灯丝与LED驱动电源相连；反光层置于散热外壳的底部。本实用新型具有良好的散热效率和高光效。
142. 204045589 一种LED-COB光源
CN
24.12.2014
H01L 25/075 Loading...
H01L 25/075
Loading...
201420489833.4
江西量一光电科技有限公司
廖昆
H01L 25/075
Loading...
本实用新型公开了一种LED-COB光源，包括一基板，基板内固接有若干LED芯片,在基板周围有焊盘与第一组电极、第二组电极，LED芯片与第一组电极、第二组电极电连接，其特征在于：所述基板表面镀有金属反射层，金属反射层上嵌有绝缘透明层，所述绝缘透明层表面设有线路层，所述线路层封装LED芯片，所述LED芯片上覆盖有荧光胶，所述荧光胶表面镀有一层抗紫外线层，在LED芯片外围有框架。本实用新型提供了一种高显色指数、高光效高、亮度、无眩光的集成高显色COB光源。
143. 204045624 可过回流焊的LED高温透镜灯珠
CN
24.12.2014
H01L 33/48 Loading...
H01L 33/48
Loading...
201420489966.1
江西量一光电科技有限公司
廖昆
H01L 33/48
Loading...
本实用新型公开了一种可过回流焊的LED高温透镜灯珠，一种可过回流焊的LED高温透镜灯珠，包括支架、支架焊盘、方片LED灯、高温透镜,所述支架与高温透镜围合成一内腔体,在内腔体中,所述支架上固定有铜柱,一框架套在铜柱中,所述支架焊盘镶嵌在框架内,所述方片LED灯固定在铜柱上,所述高温透镜内覆盖有一硅胶层,所述方片LED灯上涂覆有荧光粉层，方片LED灯上的每个电极延伸出一条金线，金线的一端分别与方片LED灯的电极电连接，另一端与支架焊盘电连接。本实用新型提供了一种可过回流焊的LED高温透镜灯珠，大大提高灯珠焊板自动化程度，具有效率高，良率高，成本低等优点。
144. 204045623 一种改善LED灯管光斑的高光效COB柔性灯条
CN
24.12.2014
H01L 33/48 Loading...
H01L 33/48
Loading...
201420489835.3
江西量一光电科技有限公司
廖昆
H01L 33/48
Loading...
本实用新型公开了一种改善LED灯管光斑的高光效COB柔性灯条，包括铝底板，框架，电极焊盘，固晶区域和若干LED晶片；所述框架设置在铝底板上，固晶区域设在框架的中心区域，电极焊盘设置在固晶区域边缘处，所述若干LED晶片固定在固晶区域上。本实用新型无需贴板，只需简单组装即可；而且该灯具光线柔和、光斑均匀，用于室内照明，让人感觉环境舒适。
145. 204042637 一种LED筒灯
CN
24.12.2014
F21S 8/04 Loading...
F21S 8/04
Loading...
201420489602.3
江西量一光电科技有限公司
廖昆
F21S 8/04
Loading...
本实用新型提供了一种LED筒灯，一种LED筒灯，包括扩散罩、LED发光模组、连接环、散热器，所述连接环之安装孔与散热器之连接凸台卡入连接；所述LED发光模组粘接在连接环内，所述扩散罩的卡孔与连接环的凸柱卡入连接；安装卡簧对准散热器的卡簧安装孔卡入安装。本实用新型产品装配简单方便快捷，寿命长，性能高，透光性强，发光自然，效率提高，安全无眩光。
146. 204009279 液晶显示屏视角测试架
CN
10.12.2014
G02F 1/13 Loading...
G02F 1/13
Loading...
201420410859.5
无锡博一光电科技有限公司
成小定
G02F 1/13
Loading...
本实用新型公开了一种液晶显示屏视角测试架，包括驱动主板放置盒，所述驱动主板放置盒内固定有驱动主板，所述驱动主板放置盒的正面为产品放置平面，所述产品放置平面上固定有两片夹板；所述驱动主板放置盒的两侧通过两颗固定螺杆固定在两片支撑板上，并可以沿固定螺杆转动；所述两片支撑板通过螺钉固定在底板上，所述底板由上层底板和下层底板组成，所述上层底板与两片支撑板固定连接，并通过轴承与下层底板连接，所述上层底板及其上方的部件可以沿所述轴承轴向转动。本实用新型充分利用现有光线测试设备，只增加一个测试架，实现了各个方向不同可视角度下的CR值的测试以及固定视角的颜色均匀性的测试，本实用新型也可测试水平位置的各项参数。
147. 204010288 一种用电信息远程无线终端采集器
CN
10.12.2014
G08C 17/02 Loading...
G08C 17/02
Loading...
201420386063.0
江苏苏源光一科技有限公司
赵荣
G08C 17/02
Loading...
本实用新型涉及一种用电信息远程无线采集器，其特征在于它包括由电源模块、实时时钟模块、数据存储模块、输入输出接口模块分别与主控制器连接，主控制器还与远程模块、红外接口和485接口分别连接。本实用新型具有远程无线采集电能表电压、电流、电能示值等数据以及负荷曲线冻结功能的特点，且用户操作简单方便，通讯稳定可靠，适用于对自动抄表系统的终端维护。
148. 204008786 一种防窃电远程监控报警系统
CN
10.12.2014
G01R 11/24 Loading...
G01R 11/24
Loading...
201420413211.3
江苏苏源光一科技有限公司
范杰
G01R 11/24
Loading...
本实用新型涉及一种防窃电远程监控报警系统，其特征在于它包括信息转发集中器、报警采集器、表箱显示器、用户手机和服务器，其中：所述报警采集器通过载波通信与信息转发集中器连接，该报警采集器还通过通信总线分别与电表箱、表箱显示器以及门禁、行程、电源空气开关连接，所述信息转发集中器通过GSM/GPRS/CDMA网络与服务器通信连接以及通过短信与用户手机通信连接。本实用新型能够有效地对供电用户用电及有无窃电等情况实施远程监控和报警。
149. 203870356 一种On-cell技术中触控层的防静电结构
CN
08.10.2014
G02F 1/1333 Loading...
G02F 1/1333
Loading...
201420238468.X
无锡博一光电科技有限公司
成小定
G02F 1/1333
Loading...
本实用新型提供一种On-cell技术中触控层的防静电结构，包括从上至下依次层叠的盖板、偏光片、触摸层、CF玻璃以及TFT玻璃，在盖板下方附有防静电ITO膜，防静电ITO膜接地线。本实用新型采用防静电设计，外界静电透过盖板达到防静电ITO膜，直接导入地下，不会达到触控层，能有效地防静电干扰，保护触控层，提升触控稳定性。
150. 203862581 POL表面清洁粘尘机
CN
08.10.2014
B08B 1/02 Loading...
B08B 1/02
Loading...
201420235893.3
无锡博一光电科技有限公司
闫文忠
B08B 1/02
Loading...
本实用新型涉及一种POL表面清洁粘尘机，该机包括机架、机架上的第一安装座、第二安装座及集装盒；第一安装座与第二安装座平行设置，其两端面下部借助挡板连接，其相对的内侧面之间平行设置有橡胶辊、粘辊、导辊、连轴及隔板，橡胶辊与粘辊间紧靠安装，橡胶辊间留有略小于POL厚度的间隙；橡胶辊由驱动电机驱动。本实用新型采用粘辊与橡胶辊配合对POL的两侧面一次除尘，有效的去除了POL表面的灰尘，防止灰尘对LCD的影响，提高了加工质量；本实用新型具有结构简单、占用空间小及操作简便的特点。
151. 203870592 一种On-cell技术中保护盖板按键区的优化结构
CN
08.10.2014
G06F 3/041 Loading...
G06F 3/041
Loading...
201420237471.X
无锡博一光电科技有限公司
成小定
G06F 3/041
Loading...
本实用新型提供一种On-cell技术中保护盖板按键区的优化结构，包括盖板、ITO膜、导光膜、触摸层以及显示屏；触摸层与显示屏采用On-cell技术贴合，盖板下方依次设置ITO膜和导光膜，ITO膜与触摸层相连接。本实用新型使用厚度为0.01mm的ITO膜替代FPC，从而降低整体厚度，并且增加触控灵敏度。
152. 203817745 LED灯管自动组装机
CN
10.09.2014
B23P 21/00 Loading...
B23P 21/00
Loading...
201320691724.6
滕州天一光电科技有限公司
卜凡思
B23P 21/00
Loading...
一种LED灯管自动组装机，其中包括：灯座工作台、灯座夹具缸、灯盖工作台、密封夹具缸、振动盘、电源盖和电源电路板组装线、成品输送台。本实用新型的优点是：本实用新型相比较传统LED采用的焊接生产，减少LED灯管产品的制造时间，提高生产效率进而降低产品的成本，便于大规模工业化流水线式的生产LED灯管。
153. 203774608 采用负电容中和技术的高速激光二极管驱动器集成电路
CN
13.08.2014
H01S 5/042 Loading...
H01S 5/042
Loading...
201420201414.6
福建一丁芯光通信科技有限公司
黄果池
H01S 5/042
Loading...
采用负电容中和技术的高速激光二极管驱动器集成电路，属于集成电路领域，本实用新型目的是在不增加驱动器功耗的同时增大驱动器的电压增益-3dB带宽，增强高频调制电流输出能力，改善输出高频电流信号的眼图特性。本实用新型采用负电容中和技术的高速激光二极管驱动器集成电路，它由m级放大器级联构成，m为大于或等于1的自然数；m级放大器中的第n级放大器为采用负电容中和技术的可控增益放大器，n≤m，第n级放大器包括差分放大器和源极跟随器；所述差分放大器包括可控电流源In1、NMOS晶体管Nn1、NMOS晶体管Nn2、负载电阻Rn1、负载电阻Rn2、电容Cn1和电容Cn2；所述源极跟随器包括可控电流源In2、可控电流源In3、NMOS晶体管Nn3和NMOS晶体管Nn4。
154. 203771236 一种方形LED吸顶灯具
CN
13.08.2014
F21S 8/04 Loading...
F21S 8/04
Loading...
201420157163.6
南京三一光伏科技有限公司
张灿锋
F21S 8/04
Loading...
本实用新型公开了一种方形LED吸顶灯具，包括灯座部、光源部、出光部和后盖部；灯座部，用于灯具的安装和固定，包括由金属型材构成的并设有固定孔的方形灯架和安装在灯架上的外侧设有弧形区的护边条，灯架包括竖直部和位于竖直部底部的水平部及位于水平部对侧的灯架凸起部；光源部，包括贴合在灯架的水平部上方的竖直部侧面上的导热条和贴合在导热条上的发光面向外的LED灯带；出光部包括贴合在灯架底部处的水平部上表面上的透光板和贴合在透光板上的用于传导LED灯带出光的导光板，导光板的侧面和LED灯带的发光面相对；后盖部包括设有进线孔的后盖板，后盖板盖合在灯座部的顶部。本实用新型灯具更轻薄，前面安装、使用更安全，且透光率高，照明效果好。
155. 203771237 一种圆形LED吸顶灯具
CN
13.08.2014
F21S 8/04 Loading...
F21S 8/04
Loading...
201420157177.8
南京三一光伏科技有限公司
张灿锋
F21S 8/04
Loading...
本实用新型公开了一种圆形LED吸顶灯具，包括灯座、灯罩、后盖板和LED组件，灯座包括竖直部和竖直部底部内侧面上的凸起部，灯罩包括贴合在灯座的凸起部的表面上的透光板和贴合在透光板上的导光板，LED组件包括贴合在灯座竖直部的内侧面上的导热条和贴合在导热条上的LED灯条，后盖板的侧面圆周上设有后盖板螺纹，灯座竖直部的内侧面上设有与后盖板螺纹相配合的灯座内螺纹，后盖板和灯座通过后盖板螺纹和灯座内螺纹固定连接。本实用新型的灯座和后盖板间通过旋拧快速安装和拆卸，不需专用安装工具，易于低成本维护；灯具采用不锈钢或镁铝合金，强度大，厚度小，重量轻，且可以用在腐蚀性和辐射干扰的特殊环境。
156. 203773395 基于native晶体管的高电源抑制带隙基准源
CN
13.08.2014
G05F 1/56 Loading...
G05F 1/56
Loading...
201420205282.4
福建一丁芯光通信科技有限公司
李景虎
G05F 1/56
Loading...
基于native晶体管的高电源抑制带隙基准源，属于电源领域，本实用新型为解决传统带隙基准源的电源抑制问题比较严重；无法有效降低的问题。本实用新型包括误差放大器A、native NMOS晶体管MNA1、NMOS晶体管MN1、MN2、MN3、PMOS晶体管MP1、MP2、PNP型三极管Q1、Q2、R1、R2和R3；MP1源极、MN3漏极和MNA1漏极连接VDD；MP1、MP2、MN1和MN2依次串联后接地；MN3栅极连接公共节点VG；MNA1栅极连接R2、R3和基准源输出端VREF；MNA1栅极连接A输出端；A同相输入端连R2和Q1，A反相输入端连R1、R3和Q2。
157. 203759265 一种矿井探水仪
CN
06.08.2014
G01V 3/26 Loading...
G01V 3/26
Loading...
201420158622.2
郑州一维光电科技有限公司
党孟军
G01V 3/26
Loading...
本实用新型涉及一种矿井探水仪，包括主机、限流器和供电电极；主机和限流器电路构成与现有技术相同，区别在于，主机和限流器一体设置，限流器安装于主机中，用于连接供电电极的电连接器设于主机上。本实用新型将限流器与主机合为一体，避免了操作时需要繁琐接线的问题，只需要将相应的供电电极连接到输出插座的对应端子即可。
158. 203735177 高科技新型植物工厂
CN
30.07.2014
A01G 9/20 Loading...
A01G 9/20
Loading...
201420067754.4
谊光水科技有限公司
吕胜一
A01G 9/20
Loading...
本实用新型公开了一种高科技新型植物工厂，所述植物工厂是用轻结构钢板墙体所建筑而成，成一大致密闭式建筑，而植物工厂内设有可做立体种植的栽植设备，所述栽植设备可依作物生长条件做土栽种植及水耕种植区分，所述植物工厂内还设有施肥设备、温湿度调节设备、日照调节设备及灌溉设备，其中，施肥设备可依栽植设备所种植作物的生长需求施予光肥、气肥、水肥及土肥。据此，依上述可知，所述植物工厂即使建筑于恶劣环境中也可种植出作物，且能有效掌握作物的生长状态，根据作物的生长环境及需求，供给适当的肥料、水分及日光照射。
159. 103935629 Easy-open Container, Manufacturing Method Thereof And Manufacturing Device Thereof
CN
23.07.2014
B65D 77/20 Loading...
B65D 77/20
Loading...
201410154059.6
出光统一科技株式会社
佐藤俊也
B65D 77/20
Loading...
In manufacturing an easy-open container (1), a flange (25) of a container body ( 2 ) and a lid (3) are heat-sealed, where a circular sealing board (7) having a curved surface on an inner circumferential edge and an inclined surface on an outer circumferential edge side is pressed onto an upper side of the flange (25) to form a swelling gathered resin part (6) formed of respective resin components of a surface layer (21) of the container body (2), a subsurface layer (22) adjacent to the surface layer (21) and a seal layer (31) of the lid (3), while heat-sealing the surface layer (21) of the container body (2) and the seal layer (31) of the lid (3). With the arrangement, the easy-open container (1) having both a high sealing performance and an easy-open performance can be provided with low cost.
160. 203658519 压合连接器测试架
CN
18.06.2014
G01R 31/04 Loading...
G01R 31/04
Loading...
201320779941.0
无锡博一光电科技有限公司
成小定
G01R 31/04
Loading...
本实用新型公开了一种压合连接器测试架，包括测试台，所述测试台上设有矩形的产品连接区，所述产品连接区旁安装有定位块，所述定位块上有一个矩形缺口，所述矩形缺口的一组直角边紧贴所述产品连接区的一组直角边；所述产品连接区旁还安装有翘杆组件，所述翘杆组件的翘杆前端伸入所述产品连接区内。本实用新型具有定位块和翘杆组件，按下产品时使用定位块定位，拿取产品时使用翘杆组件翘起，并可以根据压合连接器产品的外形大小选用合适的定位块以及选择合适的翘杆安装位置。本实用新型可提高测试效率，避免因卡错位置而损坏产品，造成短路烧坏测试架主板。
161. 203661115 采用无元件FPC显示模组的手机
CN
18.06.2014
H04M 1/02 Loading...
H04M 1/02
Loading...
201320779065.1
无锡博一光电科技有限公司
成小定
H04M 1/02
Loading...
本实用新型公开了一种采用无元件FPC显示模组的手机，包括显示模组、显示模组FPC以及手机主板，所述显示模组与显示模组FPC连接，所述显示模组FPC通过接口与手机主板连接，所述显示模组FPC上无元件，所述手机主板上设有元件，所述显示模组FPC上的线路延伸至接口，通过接口与手机主板上的元件连接。本实用新型通过改变接口定义，把显示模组FPC上的元件转移到手机主板上，不仅可以降低液晶模组的厚度，进而降低手机的厚度，同时可以降低总体成本。同时，由于显示模组FPC上没有元件，可以通过走线，使原来的双层FPC变成单层FPC，以进一步降低成本。
162. 203658696 一种背光FPC的焊盘结构
CN
18.06.2014
G02F 1/133 Loading...
G02F 1/133
Loading...
201320779191.7
无锡博一光电科技有限公司
乔伟雄
G02F 1/133
Loading...
本实用新型公开了一种背光FPC的焊盘结构，包括焊盘，所述焊盘上设有PIN，所述焊盘上的PIN为横条状。本实用新型通过将背光FPC的焊盘上的PIN设计成若干横条状，特别是各PIN组合起来形成一种类似“北”字的形状，能有效解决背光FPC弯折后金手指端容易脱落和断裂的不良现象；大大提高液晶显示模块成品的良率，使背光FPC最小的突出背光胶框边缘，最大限度的减小对整机装机的不良影响。
163. 203630468 背光模组的电源焊盘结构
CN
04.06.2014
G02F 1/13 Loading...
G02F 1/13
Loading...
201320650766.5
无锡博一光电科技有限公司
成小定
G02F 1/13
Loading...
本实用新型提供一种背光模组的电源焊盘结构，包括：分别设于软性线路板上的正极焊盘与负极焊盘，该正极焊盘与负极焊盘间隔设置，所述正极焊盘与负极焊盘均为圆形，分别用于电性连接外接电源的正极与负极。本实用新型的背光模组的电源焊盘结构，通过将正极焊盘与负极焊盘设置为圆形，有效降低由于折弯而造成的焊接开裂的风险，提升了背光模组品质，同时，操作简单，有效降低人力成本。
164. 203623087 触摸板与液晶显示屏的贴合治具
CN
04.06.2014
B32B 37/00 Loading...
B32B 37/00
Loading...
201320627254.7
无锡博一光电科技有限公司
成小定
B32B 37/00
Loading...
本实用新型提供一种触摸板与液晶显示屏的贴合治具，包括：基座、滑动安装于基座上的第一承载装置、滑动安装于基座上且位于第一承载装置上方的第二承载装置，所述第一承载装置用于承载液晶显示屏，所述第二承载装置用于承载触摸板，所述基座内设有电路板，用于点亮液晶显示屏，以便于触摸板与液晶显示屏对位。本实用新型的触摸板与液晶显示屏的贴合治具，通过设置液晶显示屏点亮装置，使得在触摸板与液晶显示屏的贴合过程中能清楚的观察到触摸板与液晶显示屏的对位的精确度，进一步提高触摸板也液晶显示屏的贴合精度；并通过设置第一与第二调节装置调节触摸板与液晶显示屏的相对位置关系，有效提高触摸板也液晶显示屏的贴合精度。
165. 203630477 触摸液晶屏的FPC压合治具
CN
04.06.2014
G02F 1/1333 Loading...
G02F 1/1333
Loading...
201320694136.8
无锡博一光电科技有限公司
成小定
G02F 1/1333
Loading...
本实用新型提供一种触摸液晶屏的FPC压合治具，包括：工作平台、设于工作平台上方的刀头及设于刀头一侧的隔热板，所述工作平台设有对应触摸液晶屏及FPC的定位部，当所述触摸液晶屏与FPC分别定位固定于所述定位部内时，所述触摸液晶屏与FPC部分重叠。本实用新型的触摸液晶屏的FPC压合治具，通过减薄刀头的厚度，同时在刀头与偏光片之间设置隔热板，能有效避免CF基板上的偏光片被烫伤或翘曲的现象，进而保证了触摸液晶屏的品质。
166. 203630752 触摸显示屏
CN
04.06.2014
G06F 3/041 Loading...
G06F 3/041
Loading...
201320700033.8
无锡博一光电科技有限公司
乔伟雄
G06F 3/041
Loading...
本实用新型提供一种触摸显示屏，包括：显示面板、形成于显示面板上的触控电路及贴附于显示面板上的盖板，所述显示面板包括TFT基板、与TFT基板相对贴合设置的CF基板及设于TFT基板与CF基板之间的液晶层，所述触控电路形成于所述CF基板远离TFT基板的表面上，所述CF基板上还设有第一偏光片，所述触控电路置于所述CF基板与第一偏光片之间，所述盖板贴附于该第一偏光片上。本实用新型的触摸显示屏，通过将触控电路直接形成于显示面板的CF基板上，减少了现有的触摸板基板的使用，降低了触摸显示屏的厚度，利于实现触摸显示装置的薄型化。
167. 203630471 液晶显示面板与背光模组的贴合治具
CN
04.06.2014
G02F 1/13 Loading...
G02F 1/13
Loading...
201320695906.0
无锡博一光电科技有限公司
乔伟雄
G02F 1/13
Loading...
本实用新型提供一种液晶显示面板与背光模组的贴合治具，包括：基座及枢接于基座上的盖板，所述基座上对应背光模组设有一凹槽；所述盖板上对应液晶显示面板设有一通槽，所述凹槽与通槽之间具有对应的位置关系。本实用新型的液晶显示面板与背光模组的贴合治具，通过分别精确定位背光模组与液晶显示面板，再进行贴合，有效保证贴合精度，避免由于操作员的主观判断失误而造成贴合精度偏差，且由于不需要操作员判断贴合精度，能有效的提高贴合效率，降低生产成本。
168. 203630476 液晶显示模组
CN
04.06.2014
G02F 1/133 Loading...
G02F 1/133
Loading...
201320697957.7
无锡博一光电科技有限公司
成小定
G02F 1/133
Loading...
本实用新型提供一种液晶显示模组，包括：背光模组及设于背光模组上的液晶显示面板，所述背光模组包括胶框、设于胶框内的背光源、设于胶框内的导光板及贴设于胶框下方的反射片，所述液晶显示面板包括本体及安装并电性连接于本体的软性线路板，所述软性线路板上设有一静电导出部，组装时，该静电导出部连接于所述反射片。本实用新型的液晶显示模组通过在液晶显示面板的软性电路板上设置静电导出部，并将该静电导出部与反射片连接，使得所产生的静电通过软性线路板导出液晶显示模组，在不使用背板的情况下，也可以有效保证液晶显示模组的品质。
169. 203630753 触摸显示屏
CN
04.06.2014
G06F 3/041 Loading...
G06F 3/041
Loading...
201320700356.7
无锡博一光电科技有限公司
乔伟雄
G06F 3/041
Loading...
本实用新型提供一种触摸显示屏，包括：显示面板、形成于显示面板上的触控电路、贴附于触控电路上的第一偏光片及贴附于第一偏光片上的盖板，所述第一偏光片为非防静电的偏光片。本实用新型的触摸显示屏，通过将现有的具有防静电功能的偏光片设置成为非防静电的偏光片，在降低成本的同时，有效防止了触摸漂移现象的发生。
170. 203621895 球泡灯自动组装生产线
CN
04.06.2014
B23P 21/00 Loading...
B23P 21/00
Loading...
201320793665.3
滕州天一光电科技有限公司
卜凡思
B23P 21/00
Loading...
一种球泡灯自动组装生产线，其中包括：控制系统、所述的控制系统旁边安装机架、灯头杯体安装机和灯源连接板自动上下料机，所述的机架上安装分度盘、四轴机器人和自动翻转杯体机，所述的机架旁边安装自动上灯罩机构、积分球测试机和自动上灯源机构，所述的灯头杯体安装机旁边安装自动上铆钉机构、自动上灯头机构和自动上杯体机构，所述的灯源连接板自动上下料机上安装载盘，所述的积分球测试机旁边安装废品移栽机构，所述的废品移栽机构旁边安装铆点机，本实用新型的优点是：本实用新型在制造LED产品中，减少LED产品的制造时间，提高生产效率进而降低产品的成本，便于大规模工业化流水线式的生产LED产品。
171. 203631545 全面有效发光的LED制造工艺及产品
CN
04.06.2014
H01L 25/075 Loading...
H01L 25/075
Loading...
201320688539.1
滕州天一光电科技有限公司
卜凡思
H01L 25/075
Loading...
一种全面有效发光的LED产品，其中包括：外壳，所述外壳分为上壳和下壳，所述外壳内设有若干锯齿状分布的LED芯片，LED芯片之间通过导线连接，所述LED芯片连接导电铜箔正极和导电铜箔负极。本实用新型的优点是：本实用新型减少LED产品制造流程，降低生产成本，使LED产品全面有效发光，便于大规模工业化生产。
172. 203623088 触摸板与液晶显示屏的贴合治具
CN
04.06.2014
B32B 37/00 Loading...
B32B 37/00
Loading...
201320628140.4
无锡博一光电科技有限公司
乔伟雄
B32B 37/00
Loading...
本实用新型提供一种触摸板与液晶显示屏的贴合治具，包括：基座、滑动安装于基座上的第一承载装置、滑动安装于基座上且位于第一承载装置上方的第二承载装置及安装于基座上且分别对应第一承载装置与第二承载装置设置的第一与第二调节装置，所述第一承载装置用于承载液晶显示屏，所述第二承载装置用于承载触摸板，所述第一与第二调节装置分别用于调节第一与第二承载装置及第二与第一承载装置之间的相对位置关系，进而实现触摸板与液晶显示屏位置关系的调节。本实用新型的触摸板与液晶显示屏的贴合治具，通过设置第一与第二调节装置调节触摸板与液晶显示屏的相对位置关系，有效提高触摸板也液晶显示屏的贴合精度。
173. 203630160 软性线路板测试治具
CN
04.06.2014
G01R 1/04 Loading...
G01R 1/04
Loading...
201320661212.5
无锡博一光电科技有限公司
乔伟雄
G01R 1/04
Loading...
本实用新型提供一种软性线路板测试治具，包括：基座、安装于基座上的压合板及压合板驱动机构，所述基座上设有第一容置槽、第二容置槽、测试电路板及一接口，该第一容置槽用于容置液晶显示面板，第二容置槽用于容置软性线路板，软性线路板通过接口电性连接于所述测试电路板，所述压合板用于将软性线路板与液晶显示面板压合在一起，使得该软性线路板与液晶显示面板电性连接，以实现对软性线路板的测试，所述压合板在驱动机构的作用下靠近或远离基座移动，当所述压合板将软性线路板与液晶显示面板压合在一起时，所述驱动机构进入锁合状态。
174. 203573042 背光FPC走线结构
CN
30.04.2014
G02F 1/13 Loading...
G02F 1/13
Loading...
201320779087.8
无锡博一光电科技有限公司
成小定
G02F 1/13
Loading...
本实用新型公开了一种背光FPC走线结构，包括具有两个面的背光FPC，所述背光FPC的其中一个面上仅设有长金手指，所述背光FPC的另一个面上仅设有短金手指；所述具有长金手指的面上有走线，所述具有短金手指的面上无走线；所述背光FPC弯折，所述具有长金手指的面处于弯折的外侧，所述具有短金手指的面处于弯折的内侧。本实用新型通过统一规范，采用背光FPC金手指长短错开设计，使短金手指面与主FPC面接触，而在长金手指面走线，且走线层处于背光FPC弯折后弧长度较大的面，减少焊接成品后走线、金手指断裂的风险。
175. 203573058 一种无胶框一体化LCD显示装置
CN
30.04.2014
G02F 1/13357 Loading...
G02F 1/13357
Loading...
201320779622.X
无锡博一光电科技有限公司
乔伟雄
G02F 1/13357
Loading...
本实用新型公开了一种无胶框一体化LCD显示装置，包括由上玻璃和下玻璃叠成的LCD屏，上玻璃的上方叠有上偏光片，下玻璃的下方叠有下偏光片，光学膜的一面通过两面胶与下偏光片粘接，光学膜的另一面设有导光板，导光板通过两面胶与反射片粘接；导光板的端部长度超过光学膜以及反射片的端部长度，且导光板的端部在竖直方向上延伸并至少覆盖下偏光片、光学膜以及反射片的侧面；导光板的外侧采用分色注塑成白色，内侧为透明。本实用新型通过导光板材质形成原有的胶框形状，代替原有的胶框，并与原导光板一体注塑成型，该一体成型的导光板的外侧采用分色注塑成白色防止漏光，内侧为透明作为导光板，实现无胶框设计，成本低，开模周期短，可实现快速出样。
176. 203573043 一种液晶显示模块FPC布线结构
CN
30.04.2014
G02F 1/13 Loading...
G02F 1/13
Loading...
201320779942.5
无锡博一光电科技有限公司
乔伟雄
G02F 1/13
Loading...
本实用新型公开了一种液晶显示模块FPC布线结构，包括FPC单层区，所述FPC单层区的底层有布线，所述FPC单层区的上下两侧各有一块地铜，所述FPC单层区的左右两侧边缘分别有接地布线，所述接地布线连接FPC单层区上下侧的两块地铜。本实用新型通过在液晶显示模块FPC单层区两侧边缘增加接地布线，使上下两块地铜连成一个整体，形成大面积地层，从而提高液晶显示模块的抗干扰性能，在保证FPC柔软度的同时增加FPC两侧边缘的强度，可以避免生产组装时造成FPC边缘破裂。
177. 203565411 LCD表面清洗鼓泡装置
CN
30.04.2014
B08B 3/10 Loading...
B08B 3/10
Loading...
201320779954.8
无锡博一光电科技有限公司
成小定
B08B 3/10
Loading...
本实用新型公开了一种LCD表面清洗鼓泡装置，包括鼓泡架，所述鼓泡架包括多根纵横交错连接的鼓泡管，所述鼓泡管上设有鼓泡孔，至少一根鼓泡管连接进气管；所述鼓泡架通过进气管顺序连接气流控制阀以及气泵。本实用新型通过气流产生的气泡炸裂的力量清洁LCD表面，可以改善清洗效果，有效提高LCD表面洁净度。
178. 203573061 一种无胶框LCD显示装置
CN
30.04.2014
G02F 1/13357 Loading...
G02F 1/13357
Loading...
201320780027.8
无锡博一光电科技有限公司
成小定
G02F 1/13357
Loading...
本实用新型公开了一种无胶框LCD显示装置，包括由上玻璃和下玻璃叠成的LCD屏，所述上玻璃的上方叠有上偏光片，所述下玻璃的下方叠有下偏光片，光学膜的上表面通过两面胶与下偏光片粘接，光学膜的下表面依次设有导光板、反射片；在上述结构的四周贴有黑色PET胶，所述黑色PET胶完全覆盖所述上偏光片、上玻璃、下玻璃、下偏光片、光学膜、导光板以及反射片的侧面，并通过两面胶与光学膜的下表面、导光板的上下表面、反射片的上表面粘接。本实用新型通过在光学部材四周贴黑色PET胶带防止漏光，通过两面胶连接光学部材，实现无胶框设计，成本低，开模周期短，可实现快速出样。
179. 203573044 LCD显示装置FPC间的连接结构
CN
30.04.2014
G02F 1/13 Loading...
G02F 1/13
Loading...
201320783098.3
无锡博一光电科技有限公司
成小定
G02F 1/13
Loading...
本实用新型公开了一种LCD显示装置FPC间的连接结构，包括LEDFPC和LCDFPC；所述LEDFPC为单面FPC，其背面有焊盘，正面无焊盘；所述LCDFPC为双面FPC，其正面和背面均有焊盘，LCDFPC的正面焊盘和背面焊盘之间有贯穿的焊锡孔；所述LEDFPC的背面焊盘和所述LCDFPC的正面焊盘相焊接；焊锡从所述LCDFPC的背面焊盘的焊锡孔中灌入至所述LCDFPC的正面焊盘与LEDFPC的背面焊盘之间。本实用新型通过改变LEDFPC与LCDFPC的形状及连接方式，从LEDFPC的背面进行焊接，实现了使用单面LEDFPC也可以保证焊接强度。
180. 203573057 液晶显示模块背光源膜材反移位结构
CN
30.04.2014
G02F 1/13357 Loading...
G02F 1/13357
Loading...
201320778334.2
无锡博一光电科技有限公司
乔伟雄
G02F 1/13357
Loading...
本实用新型公开了一种液晶显示模块背光源膜材反移位结构，包括由下至上依次层叠且围绕设置在产品边缘的扩散膜、下增光膜和上增光膜，在产品头部的所述扩散膜的上表面贴有黑色垫片，以所述扩散膜为水平面，所述黑色垫片与下增光膜位于扩散膜的同一水平面上，所述上增光膜设置在下增光膜的上方。本实用新型把防止膜材移位的重心放在灯前，即产品的头部，通过在产品的头部的扩散膜上加一条0.15MM厚度的黑色垫片，形成0.15MM高的挡墙，且下增光膜的厚度小于0.15MM厚，这样就可以挡住膜材向前移动；此黑色垫片既可起到优化产品灯前显示效果；又可防止膜材移位，同时又可以优化现有技术中的漏光缺陷。
181. 203573059 一种无边框LCD显示装置
CN
30.04.2014
G02F 1/13357 Loading...
G02F 1/13357
Loading...
201320779647.X
无锡博一光电科技有限公司
乔伟雄
G02F 1/13357
Loading...
本实用新型公开了一种无边框LCD显示装置，包括由上玻璃和下玻璃叠成的LCD屏，所述上玻璃的上方叠有上偏光片，所述下玻璃的下方叠有下偏光片，所述下偏光片通过两面胶与背光源连接，所述背光源的尺寸小于所述LCD屏的尺寸。本实用新型通过将背光源的尺寸设计得比LCD屏的尺寸要小，使LCD屏的尺寸就是整个LCD显示装置的外形尺寸，实现真正的无边框。
182. 203573062 一种LEDFPC下嵌式LCD显示装置
CN
30.04.2014
G02F 1/13357 Loading...
G02F 1/13357
Loading...
201320783369.5
无锡博一光电科技有限公司
成小定
G02F 1/13357
Loading...
本实用新型公开了一种LEDFPC下嵌式LCD显示装置，包括由上玻璃和下玻璃叠成的LCD屏，所述上玻璃的上方叠有上偏光片，所述下玻璃的下方叠有下偏光片，下偏光片下方依次设有光学膜、导光板和反射片；胶框通过两面胶粘接在下偏光片下方，胶框的高度覆盖所述光学膜、导光板和反射片；LED从下方放入由所述导光板和胶框围成的空间内，LED下方连接LEDFPC，LEDFPC插入所述胶框中，所述反射片和LEDFPC的底部连接有PET层。本实用新型通过将LEDFPC改为下嵌式，并通过PET进行组装固定，对整体厚度的影响较小，成本也比较低，同时解决了LED位置移动影响显示效果的问题。
183. 203573624 保持液晶屏辉度一致性的装置
CN
30.04.2014
G09G 3/36 Loading...
G09G 3/36
Loading...
201320779063.2
无锡博一光电科技有限公司
乔伟雄
G09G 3/36
Loading...
本实用新型公开了一种保持液晶屏辉度一致性的装置，包括液晶模组、辉度测量仪器、背光电源以及电源管理芯片；所述辉度测量仪器与液晶模组连接，用于测量液晶模组的辉度；所述背光电源通过电源管理芯片连接液晶模组，用于向液晶模组的背光源输入电流；所述电源管理芯片连接在背光电源和液晶模组之间，用于调节输入电流的大小。本实用新型通过可以实时显示辉度的辉度测量仪器测量液晶模组的辉度，将背光输入电流送到电源管理芯片，根据辉度测量仪器显示的辉度值，向电源管理芯片写入参数，控制背光输入电流放大或缩小，再送到液晶模组的背光源，控制背光源的亮度升高或降低，使辉度测量仪器达到所需辉度值，保证各液晶模组辉度的一致性。
184. 203573060 一种黑色胶框的LCD显示装置
CN
30.04.2014
G02F 1/13357 Loading...
G02F 1/13357
Loading...
201320779870.4
无锡博一光电科技有限公司
成小定
G02F 1/13357
Loading...
本实用新型公开了一种黑色胶框的LCD显示装置，包括由上玻璃和下玻璃叠成的LCD屏，所述上玻璃的上方叠有上偏光片，所述下玻璃的下方叠有下偏光片，下偏光片下方有光学膜，光学膜从上至下依次由上增光膜、下增光膜、扩散膜组成，上增光膜上方通过黑白胶连接下偏光片，扩散膜下方连接导光板；上述结构的周侧有黑色胶框，黑色胶框与黑白胶部分重叠；导光板和黑色胶框的下方有反射膜，反射膜的下方和黑色胶框的周侧有铁框。本实用新型将白色胶框改黑色胶框后，反射到黑色胶框旁和黑白胶间的空隙的光被黑色胶框吸收，从而解决漏光问题。
185. 203573050 背光FPC弯折定位结构
CN
30.04.2014
G02F 1/133 Loading...
G02F 1/133
Loading...
201320783367.6
无锡博一光电科技有限公司
乔伟雄
G02F 1/133
Loading...
本实用新型公开了一种背光FPC弯折定位结构，包括铁框和FPC，FPC弯折并通过焊盘与铁框接触；所述铁框和FPC上分别设有位置对应的定位孔，所述FPC上的定位孔大于铁框上的定位孔；所述铁框上的定位孔靠近铁框底部，并与铁框上的排气孔位于同一直线上；所述铁框上刻有沿FPC弯折处的外侧边沿走线成直角形的压印线。本实用新型通过铁框和FPC上的定位孔点对点对位，实现FPC定位。FPC上的定位孔大于铁框上的定位孔，方便生产时的组装。铁框上的定位孔靠近铁框的底部，以免影响铁框模具的成形。铁框上的定位孔与排气孔位于同一直线上，更方便定位孔在铁框开模具时的操作。铁框上刻有压印线，此来更好地实现FPC弯折处的对位。
186. 203566564 无边框背光组装治具
CN
30.04.2014
B25B 11/00 Loading...
B25B 11/00
Loading...
201320783099.8
无锡博一光电科技有限公司
乔伟雄
B25B 11/00
Loading...
本实用新型公开了一种无边框背光组装治具，包括相互盖合的底座和盖板，所述底座上开有与背光大小相同的背光定位槽，所述盖板上开有与FOG玻璃的宽度相等，大于FOG玻璃的长度的FOG玻璃定位孔，所述FOG玻璃定位孔的长边两侧分别连接有操作孔，所述FOG玻璃定位孔大于FOG玻璃长度的区域为推入区。本实用新型通过底座上的定位槽定位背光的位置，通过盖板上的定位孔定位FOG玻璃的位置，一次性组装，增加组装精准性，提升组装效率。同时通过盖板上的操作孔和推入区方便操作。
187. 203572900 国家电网专变采集终端控制回路用断线检测电路
CN
30.04.2014
G01R 31/02 Loading...
G01R 31/02
Loading...
201320614470.8
江苏苏源光一科技有限公司
刘广存
G01R 31/02
Loading...
本实用新型涉及一种国家电网专变采集终端控制回路用断线检测电路，包括具有集电极和发射极的交流光耦，集电极第一端依次经第一限流电阻、专变采集终端控制回路继电器常开触点的一端与外部被控对象的一连接电缆连接，集电极第二端依次经第二限流电阻、专变采集终端控制回路继电器常开触点的另一端与外部被控对象的另一连接电缆连接；发射极第一端经双向TVS管与CPU信号输入端连接，发射极第二端经第三电阻与CPU信号输入端连接，发射极第一、第二端之间连有电容器；CPU信号输入端还经第四电阻与外部电源连接。本实用新型结构简单，构思巧妙，具有较高的安全性和可靠性，能有效检测专变采集终端控制回路的断线情况。
188. 203563257 含温湿度传感器电路板的防护罩
CN
23.04.2014
H05K 1/02 Loading...
H05K 1/02
Loading...
201320742986.0
南京三一光伏科技有限公司
张灿锋
H05K 1/02
Loading...
一种含温湿度传感器电路板的防护罩，包括上盖与下盖，所述上盖具有顶部、侧壁以及开口向下的腔体，下盖置于上盖的腔体内，上盖侧壁的下部沿其圆周设有若干对称设置的通风孔，上盖盖体与下盖盖体之间留有间隙，与通风孔一起构成供空气流通的风道；所述下盖具有底部、侧壁和开口向上的腔体，电路板设置在下盖腔体的内部，下盖腔体的底部在其周侧设有突出底面的卡阶，电路板板体搁置在所述卡阶上，下盖腔体底面开有容导线通过的中心孔，所述导线与电路板连接，导线与下盖中心孔之间的缝隙填充有密封胶。本实用新型防护罩具有良好的通风性，能够在保障温湿度传感器等电子元件正常工作的情况下，达到防水、降尘的效果，大大提高了电路板产品的使用寿命。
189. 203554794 液晶显示装置用的转接软性电路板
CN
16.04.2014
H05K 1/18 Loading...
H05K 1/18
Loading...
201320649453.8
无锡博一光电科技有限公司
成小定
H05K 1/18
Loading...
本实用新型提供一种液晶显示装置用的转接软性电路板，包括：基层、形成于基层一侧的电路图形及形成于基层另一侧的金手指，所述电路图形与金手指通过过孔电性连接，所述过孔设置于基层靠近金手指端。本实用新型的液晶显示装置用的转接软性电路板，通过将过孔设置于金手指端，能有效屏蔽信号干扰，保证信号传输效果，提升液晶显示装置的品质，同时，不需要贴附屏保膜，有效降低材料及人工成本。
190. 203545930 异向导电胶贴合治具
CN
16.04.2014
C09J 5/00 Loading...
C09J 5/00
Loading...
201320523251.9
无锡博一光电科技有限公司
成小定
C09J 5/00
Loading...
本实用新型提供一种异向导电胶贴合治具，包括：贴合平台及枢接于贴合平台的压板；所述贴合平台上设有一容置部及一磁吸部，所述容置部用于容置电子元件，所述磁吸部位于容置部的侧边，用于吸附压板，所述压板通过旋转覆盖于容置部上，并通过磁吸部吸附固定，进而将电子元件定位固定于容置部内。本实用新型的异向导电胶贴合治具通过磁铁吸附压板，将电子元件定位固定于容置部内，有效防止电子元件跑位，进而提升导电胶的贴合精度，且该治具结构简单，成本较低。
191. 203554790 软性线路板结构
CN
16.04.2014
H05K 1/11 Loading...
H05K 1/11
Loading...
201320649602.0
无锡博一光电科技有限公司
乔伟雄
H05K 1/11
Loading...
本实用新型提供一种软性线路板结构，包括：接口部及连接接口部的延伸部，所述接口部包括第一基层、形成于第一基层一侧的第一电路图形、形成于第一电路图形上的绿油层及贴附于第一基层另一侧上的第一保护膜，所述第一保护膜呈“回”字形设置。本实用新型的软性线路板结构，通过在软性线路板的接口部的一侧涂覆绿油，保护电路的同时增强接口部的强度，并在软性线路板的接口部的另一侧贴附“回”字形保护膜，补强给接口部的强度，同时不增加硬度，有效防止翘曲与断裂的发生，有效提高了液晶显示面板的品质。
192. 203544676 贴胶对位治具
CN
16.04.2014
B65D 61/00 Loading...
B65D 61/00
Loading...
201320650359.4
无锡博一光电科技有限公司
乔伟雄
B65D 61/00
Loading...
本实用新型提供一种贴胶对位治具，用于装载贴合胶带，及对该贴合胶带进行定位贴合，包括：装载膜及贴附于装载膜上的保护膜，所述贴合胶带贴附于所述装载膜与保护膜之间，所述装载膜包括装载部及由装载部向外延伸设置的定位部，所述定位部的外缘上设有数个半圆形的定位孔，用于将装载膜准确定位于贴合平台上，进而将贴合胶带准确的贴合于液晶屏上。本实用新型的贴胶对位治具，通过在装载膜的边缘位置设置半圆形的定位孔，使得该定位孔在与贴合平台上的定位柱进行配合定位时，操作方便，生产效率高，有效避免现有的圆形定位孔与定位柱之间由于干涉而导致的拆装不便的状况，且，本实用新型的贴胶对位治具结构简单，成本较低，利于成本控制。
193. 203551899 液晶显示面板检测装置
CN
16.04.2014
G02F 1/13 Loading...
G02F 1/13
Loading...
201320603978.8
无锡博一光电科技有限公司
成小定
G02F 1/13
Loading...
本实用新型提供一种液晶显示面板检测装置，包括：基座、及枢接于基座上的盖板，所述基座上设有一容置槽，该容置槽的相对两侧分别设有数个第一凸起部，第一凸起部间个设置，用于支撑待检测液晶显示面板的下表面，所述盖板上对应该些第一凸起部设有数个第二凸起部，当盖板盖于基座上时，所述第二凸起部抵靠于该待检测液晶显示面板的上表面。本实用新型的液晶显示面板检测装置，通过设置相对应的两组凸起部，使得液晶显示面板的受力较为均匀，能有效的检测出液晶显示面板的玻璃基板与偏光片的贴合效果，检测较为客观，提高检测精确度，且，该液晶显示面板检测装置的结构简单，易操作，该有效提高检测效率，降低检测成本。
194. 203551911 显示模组
CN
16.04.2014
G02F 1/1333 Loading...
G02F 1/1333
Loading...
201320650670.9
无锡博一光电科技有限公司
成小定
G02F 1/1333
Loading...
本实用新型提供一种显示模组，包括：胶框、安装于胶框一侧的显示面板、安装于胶框内的背光源、安装于胶框内的导光板及安装于胶框另一侧的反射片，所述胶框包括相对设置的两第一边框及相对设置的两第二边框，该第一与第二边框依次首尾连接，形成一容置空间，所述导光板置于该容置空间内，所述两第一边框的厚度大于或等于导光板的厚度，且小于两第二边框的厚度。本实用新型的显示模组，不使用现有的显示模组结构中的背板，有效有效降低显示模组重量，降低材料成本，且利于显示模组的薄型化；另，将胶框的至少相对两边设置较薄，进一步减轻显示模组重量，且结构简单，易组装，有效提高生产效率。
195. 203542423 用于手机液晶显示面板组装的玻璃定位装置
CN
16.04.2014
B25B 11/00 Loading...
B25B 11/00
Loading...
201320603980.5
无锡博一光电科技有限公司
乔伟雄
B25B 11/00
Loading...
本实用新型提供一种用于手机液晶显示面板组装的玻璃定位装置，包括：支撑平台、安装于支撑平台上的第一与第二挡板及安装于第一与第二挡板朝向玻璃的侧边的第一与第二缓冲部，所述玻璃承载于支撑平台上，其相邻两侧分别抵靠于所述的第一与第二缓冲部上，进而将玻璃定位于支撑平台上。本实用新型的用于手机液晶显示面板组装的玻璃定位装置，通过在挡板边缘与玻璃接触的位置设置具有弹性的缓冲部，有效保护玻璃边缘，避免玻璃边缘由于外力而导致的损伤，以减少在生产时由于玻璃边缘损坏而造成的浪费，进而有效降低生产成本。
196. 203537670 触摸板贴合软性线路板治具
CN
09.04.2014
H05K 3/30 Loading...
H05K 3/30
Loading...
201320574383.4
无锡博一光电科技有限公司
乔伟雄
H05K 3/30
Loading...
本实用新型提供一种触摸板贴合软性线路板治具，包括：触摸板定位装置及软性线路板承载装置，所述触摸板定位装置用于定位触摸板；所述软性线路板承载装置包括：调节装置及枢接于调节装置上的承载板，所述软性线路板承载于所述承载板上，所述承载板相对于调节装置进行旋转，进而将软性线路板置于所述触摸板上。本实用新型的触摸板贴合软性线路板治具，通过设置横向、纵向及斜度调节装置的设置，能精确的调节软性线路板与触摸板的位置精度，进而保证软性线路板与触摸板的贴合精度，提升了产品品质，并通过设置能翻转的承载板，将液晶显示面板的软性线路板置于承载板下方，有效降低贴合难度，提升贴合效率，且本治具结构简单，成本也较低。
197. 203502470 台片关系测试主机用适配电路及台片关系测试主机
CN
26.03.2014
G01R 15/00 Loading...
G01R 15/00
Loading...
201320599941.2
江苏苏源光一科技有限公司
范洪伟
G01R 15/00
Loading...
本实用新型涉及台片关系测试主机用适配电路，包括载波传输回路，载波传输回路包括分别经第一、第二、第三导线与第一、第二、第三载波输出端连接的载波输入端；第一、第二、第三导线上分别串联有第一、第二、第三继电器的第一触点；第一、第二、第三继电器的线圈分别与继电器控制回路连接。本实用新型适配电路可在外部控制装置的控制下向预定相位电力线传输载波信号，结构简单，易于实现；采用该适配电路的测试主机可轻易实现针对特定相位电力线的载波信号发送功能。本实用新型还涉及一种台片关系测试主机，包括CPU和前述的台片关系测试主机用适配电路。
198. 203483133 一种多用途可折叠凳
CN
19.03.2014
A47C 9/00 Loading...
A47C 9/00
Loading...
201320524750.X
福建光泽一达科技竹木有限公司
詹树贵
A47C 9/00
Loading...
本实用新型公开了一种多用途可折叠凳，包括凳面板、凳面板下表面左右两端从外向内依次对称固定安装有第一连接块、外侧蹬腿、内侧蹬腿和第二连接块，第一连接块内侧开设有长凹槽，外侧蹬腿顶端设有紧固件，紧固件自由端滑动置于长凹槽内，左右两端相邻的外侧蹬腿与内侧蹬腿在中部铰接，内侧蹬腿顶端枢接在第二连接块侧面上。本实用新型结构简单，使用方便，寿命长，平稳牢固，安装拆卸及维修方便。
199. 103631041 Borderless backlight assembly jig
CN
12.03.2014
G02F 1/13 Loading...
G02F 1/13
Loading...
201310633706.7
WUXI BOYI PHOTOELECTRIC TECHNOLOGY CO., LTD.
QIAO WEIXIONG
G02F 1/13
Loading...
The invention discloses a borderless backlight assembly jig, which comprises a base and a cover plate which are mutually closed by covering; the base is provided with a backlight locating slot which is same as a backlight in size; an FOG glass locating hole which is equal to FOG glass in width and longer than the FOG glass is formed in the cover plate; both sides of each long edge of the FOG glass locating hole are respectively connected with an operating hole; the area of the FOG glass locating hole, which is longer than the FOG glass, is a push-in area. According to the borderless backlight assembly jig disclosed by the invention, the position of the backlight is located through the locating slot in the base; the position of the FOG glass is located through the locating hole in the cover plate; the backlight and the FOG glass are assembled at a time, so that the assembly accuracy is improved, and the assembly efficiency is improved. Meanwhile, operation is facilitated through the operating holes and the push-in area in the cover plate.
200. 103624543 Automatic assembly production line of bulb lamps
CN
12.03.2014
B23P 21/00 Loading...
B23P 21/00
Loading...
201310648886.6
滕州天一光电科技有限公司
卜凡思
B23P 21/00
Loading...
The invention relates to an automatic assembly production line of bulb lamps. The automatic assembly production line comprises a control system, a rack arranged beside the control system, a lamp holder cup assembling machine and an automatic lamp source connecting plate loading and unloading machine, wherein an indexing plate, a four-axis robot and an automatic cup overturning machine are arranged on the rack; an automatic lampshade assembling mechanism, an integrating sphere tester and an automatic lamp source assembling mechanism are arranged beside the rack; an automatic rivet assembling mechanism, an automatic lamp holder assembling mechanism and an automatic cup assembling mechanism are assembled beside the lamp holder cup assembling mechanism; a carrying tray is arranged on the automatic lamp source connecting plate loading and unloading machine; a waste transferring mechanism is arranged beside the integrating sphere tester; a riveting machine is arranged beside the waste transferring mechanism. The automatic assembly production line has the advantages that the manufacturing time of LED (Light Emitting Diode) products is shortened in the process of manufacturing the LED products, the production efficiency is improved, and further, the cost of the products is reduced; the automatic assembly production line can be used for conveniently producing the LED products in an industrial assembly line manner and in a large scale.

