1. 106594539 LED灯用防护罩、LED显示模块和LED显示屏
CN
26.04.2017



102017000033542
利亚德光电股份有限公司
张龙虎


本发明提供了一种LED灯用防护罩、LED显示模块和LED显示屏。其中，LED灯用防护罩包括：本体，具有使LED灯发出的光线能够透出的透光区；多个容纳槽，多个容纳槽间隔设置在本体上，容纳槽用于容纳LED灯。本发明的技术方案可以解决现有技术中的LED灯上未设置防护罩，在装配、运输和使用过程中容易损坏LED灯的问题。
2. 106601186 LED显示优化电路
CN
26.04.2017
G09G 3/32 Loading...
G09G 3/32
Loading...
102017000081491
利亚德光电股份有限公司
魏洪亮
G09G 3/32
Loading...
本发明公开了一种LED显示优化电路。其中，该LED显示电路包括：LED灯珠阵列；用于向LED灯珠阵列中的灯珠提供列驱动的列驱动阵列；用于向LED灯珠阵列中的灯珠提供行驱动的行驱动开关阵列；共阴泄放电路，其中，共阴泄放电路与行驱动开关阵列并联，其中，共阴泄放电路包括稳压电源和至少一个泄放单元，至少一个泄放单元的第一侧连接至行驱动开关阵列的第一侧，至少一个泄放单元的第二侧连接至稳压电源，其中，稳压电源用于向灯珠阵列提供反向电压，反向电压的方向与灯珠阵列的工作电压的方向相反。本发明解决了相关技术中应用共阴极显示电路的产品在显示时容易出现鬼影的技术问题。
3. 106591777 LED显示屏的镀膜治具及镀膜方法
CN
26.04.2017
C23C 14/04 Loading...
C23C 14/04
Loading...
102017000007594
利亚德光电股份有限公司
马莉
C23C 14/04
Loading...
本发明提供了一种LED显示屏的镀膜治具及镀膜方法。该镀膜治具包括隔离垫片和按压组件。隔离垫片包括多个垫片部和连接相邻垫片部的连接部。垫片部的面积大于或等于LED灯的出光面的面积，多个垫片部之间的间距与多个LED灯的出光面之间的间距相适配，隔离垫片用于盖在LED显示屏的正面并让垫片部覆盖LED灯的出光面。按压组件用于压紧隔离垫片和LED显示屏。采用本发明的技术方案可以有效解决现有技术中LED显示屏在进行真空镀膜时容易将老化后发黄的镀膜镀在LED灯的表面的问题。
4. WO/2017/059620 IMAGE PROCESSING METHOD AND DEVICE FOR LED DISPLAY SCREEN
WO
13.04.2017
G06F 3/14 Loading...
G06F 3/14
Loading...
PCT/CN2015/094836
LEYARD OPTOELECTRONIC CO., LTD.
CHANG, Ming
G06F 3/14
Loading...
Disclosed are an image processing method and device for an LED display screen. The image processing method for the LED display screen comprises: receiving raw image data; acquiring information of raw pixels according to the raw image data, wherein the raw pixels are pixel points distributed in accordance with a preset rule on a panel of the LED display screen, and the information of the raw pixels comprises color information of the raw pixels and position information of the raw pixels; performing calculation on the information of the raw pixels according to a preset algorithm to obtain information of target pixels, wherein the target pixels are pixels not conforming to the preset distribution rule, and the information of the target pixels comprises color information of the target pixels and position information of the target pixels; and controlling an image corresponding to the raw image data according to the color information of the target pixels and the position information of the target pixels to be displayed on the panel of the LED display screen. The present application improves the quality of a displayed image on an LED display screen.
5. 206068544 显示屏模组防护结构
CN
05.04.2017
B65D 85/86 Loading...
B65D 85/86
Loading...
201621077554.2
利亚德光电股份有限公司
贾金匣
B65D 85/86
Loading...
本实用新型提供了一种显示屏模组防护结构，包括：盒体，盒体内具有容纳并固定显示屏模组的容纳槽；其中，在显示屏模组放置于容纳槽内时，显示屏模组的灯板的边缘与容纳槽的槽边之间具有防护间隙；应用本实用新型技术方案的显示屏模组防护结构，通过设置盒体，盒体内具有容纳并固定显示屏模组的容纳槽；其中，在显示屏模组放置于容纳槽内时，显示屏模组的灯板的边缘与容纳槽的槽边之间具有防护间隙，解决了现有技术中采用EPE发泡泡棉包装显示屏模组时，显示屏模组的灯板与EPE发泡泡棉直接接触，灯板的边、角处的LED灯珠嵌入EPE泡棉内造成灯板边、角处的部分LED灯珠脱落的问题。
6. 206076230 LED显示装置
CN
05.04.2017
H01L 25/075 Loading...
H01L 25/075
Loading...
201621077991.4
利亚德光电股份有限公司
邓小蓓
H01L 25/075
Loading...
本实用新型提供了一种LED显示装置。该LED显示装置包括电路板和设置于电路板上并与电路板电连接的多个子像素单元，子像素单元包括呈矩阵排列的四个LED晶片，各LED晶片的发光颜色分别选自红色、绿色和蓝色中的任一种，各子像素单元中的三个LED晶片具有不同的发光颜色，同一行的LED晶片具有相同的间距，且同一行中相同发光颜色的LED晶片间隔排列。在对上述LED显示装置输入倍频传送图像信号后，利用人眼“视觉暂留”现象能够产生虚拟像素，实像素和虚拟像素在显示单幅画面的时候能够比现有技术提高一倍分辨率，从而得到更清晰的图像，从而通过实像素和虚拟像素传送双幅画面，实现了3D图像所需的双显功能。
7. 206075732 显示装置
CN
05.04.2017
G09F 9/00 Loading...
G09F 9/00
Loading...
202016001044432
利亚德光电股份有限公司
王定芳
G09F 9/00
Loading...
本实用新型提供了一种显示装置，包括：箱体；灯板，设置在箱体内；第一定位结构，设置在箱体内，第一定位结构与灯板的侧壁相配合并将灯板定位在箱体内。本实用新型的技术方案解决了现有技术中的显示装置的装配效率低的问题。
8. 206024322 底壳组件及具有其的显示屏底壳
CN
15.03.2017
H05K 5/02 Loading...
H05K 5/02
Loading...
201620976313.5
深圳利亚德光电有限公司
李炳锋
H05K 5/02
Loading...
本实用新型提供了一种底壳组件及具有其的显示屏底壳。其中，底壳组件包括底壳体，底壳体包括主体部，连接公头和连接母头，其中连接公头设置在主体部的第一端，连接母头设置在主体部的第二端。底壳体为多条，一条底壳体的连接公头可与另一条底壳体的连接母头相互配合连接。通过在防水壳体的第一端设置连接公头，在其第二端设置能与连接公头相配合的连接母头，便于多条防水壳体的连接，无需用螺丝固定，操作简便、节省成本。
9. 106435582 显示屏的镀膜装置
CN
22.02.2017
C23C 26/00 Loading...
C23C 26/00
Loading...
201610821850.7
利亚德光电股份有限公司
王勇
C23C 26/00
Loading...
本发明提供了一种显示屏的镀膜装置，显示屏上具有接口，镀膜装置包括：壳体，壳体内具有工作台；支撑杆，支撑显示屏以使显示屏与工作台之间具有预定距离，支撑杆的第一端设置有与接口配合的连接部，支撑杆的第一端通过连接部插接在接口内，支撑杆的第二端连接在工作台上。本发明的技术方案解决了现有技术中的显示屏在镀膜使存在接触面，从而使得接触面无法被镀膜的问题。
10. 106448457 显示装置
CN
22.02.2017
G09F 9/00 Loading...
G09F 9/00
Loading...
201610810804.7
利亚德光电股份有限公司
王定芳
G09F 9/00
Loading...
本发明提供了一种显示装置，包括：箱体；灯板，设置在箱体内；第一定位结构，设置在箱体内，第一定位结构与灯板的侧壁相配合并将灯板定位在箱体内。本发明的技术方案解决了现有技术中的显示装置的装配效率低的问题。
11. 205981015 显示屏箱体类型的判断装置
CN
22.02.2017
G01B 5/02 Loading...
G01B 5/02
Loading...
202016000840154
利亚德光电股份有限公司
SAHYOUN JOSEPH Y
G01B 5/02
Loading...
本实用新型提供了一种显示屏箱体类型的判断装置，包括：检测尺，所述检测尺上设置有起点和终点，所述起点与所述终点之间的距离L＝(S/(N‑1))*(n‑1)，其中，S为预设类型的显示屏箱体的模组沿数灯方向上的尺寸，N为所述预设类型的显示屏箱体的模组沿该数灯方向延伸的一排灯珠数，n为预定值，并且n≥1。本实用新型的技术方案能够有效地解决现有技术中的显示屏箱体类型不易判断的问题。
12. 205984164 显示屏组件
CN
22.02.2017
G09F 9/33 Loading...
G09F 9/33
Loading...
202016000805648
利亚德光电股份有限公司
BEARDSLEY JOHN W
G09F 9/33
Loading...
本实用新型提供了一种显示屏组件，包括：显示屏；边框，边框具有容纳部，边框绕显示屏的外周设置以将显示屏围设在容纳部内，容纳部由多个边梁首尾连接围成，边梁的朝向容纳部的一侧具有多个连接安装槽结构。本实用新型解决了现有技术中的显示屏组件的组装或安装的过程中需要对边框进行二次加工改造的问题。
13. 103501582 壳体组件及具有其的LED显示装置
CN
15.02.2017
H05K 5/02 Loading...
H05K 5/02
Loading...
102013000485814
利亚德光电股份有限公司
孙雪超
H05K 5/02
Loading...
本发明提供了一种壳体组件及具有其的LED显示装置。其中，壳体组件，包括相互连接的壳体和盖体，壳体和盖体之间通过限位组件连接，限位组件包括第一限位组件和第二限位组件，其中，第一限位组件在沿盖体和壳体的叠置方向上将盖体限位在壳体上，第二限位组件在沿垂直于叠置方向上将盖体限位在壳体上，第一限位组件和/或第二限位组件包括：拨钮式限位装置和锁槽，拨钮式限位装置包括滑槽和可移动地设置在滑槽内的拨钮，拨钮能够处于插入至锁槽内的锁定位置以及与锁槽分离的解锁位置。本发明的技术方案有效地解决了现有技术中壳体组件在壳体和盖体组装中操作不方便的问题。
14. 104091532 为LED显示屏安装屏幕膜的方法以及显示装置
CN
25.01.2017
G09F 9/33 Loading...
G09F 9/33
Loading...
102014000302871
国家广播电影电视总局广播电视规划院
朱伟
G09F 9/33
Loading...
本发明公开了一种为LED显示屏安装屏幕膜的方法，包括：测量LED显示屏在裸屏状态下的光学指标，所述光学指标包括亮度、灰阶鉴别等级；选择屏幕膜，其中，所述屏幕膜的厚度的选择为使得：屏幕膜紧贴于LED显示屏时，LED屏幕的亮度与裸屏的亮度差异不超过10cd/m2，LED屏幕的灰阶鉴别等级与裸屏的灰阶鉴别等级保持一致，和，LED屏幕相对于裸屏的画面清晰度下降不超过100TVL；以及，将所选择的屏幕膜安装到所述LED显示屏上。采用本发明，可以有效降低或消除摩尔纹。
15. 106275896 显示屏模组防护结构
CN
04.01.2017
B65D 85/86 Loading...
B65D 85/86
Loading...
201610847667.4
利亚德光电股份有限公司
贾金匣
B65D 85/86
Loading...
本发明提供了一种显示屏模组防护结构，包括：盒体，盒体内具有容纳并固定显示屏模组的容纳槽；其中，在显示屏模组放置于容纳槽内时，显示屏模组的灯板的边缘与容纳槽的槽边之间具有防护间隙；应用本发明技术方案的显示屏模组防护结构，通过设置盒体，盒体内具有容纳并固定显示屏模组的容纳槽；其中，在显示屏模组放置于容纳槽内时，显示屏模组的灯板的边缘与容纳槽的槽边之间具有防护间隙，解决了现有技术中采用EPE发泡泡棉包装显示屏模组时，显示屏模组的灯板与EPE发泡泡棉直接接触，灯板的边、角处的LED灯珠嵌入EPE泡棉内造成灯板边、角处的部分LED灯珠脱落的问题。
16. 106298753 LED显示装置
CN
04.01.2017
H01L 25/075 Loading...
H01L 25/075
Loading...
201610848166.8
利亚德光电股份有限公司
邓小蓓
H01L 25/075
Loading...
本发明提供了一种LED显示装置。该LED显示装置包括电路板和设置于电路板上并与电路板电连接的多个子像素单元，子像素单元包括呈矩阵排列的四个LED晶片，各LED晶片的发光颜色分别选自红色、绿色和蓝色中的任一种，各子像素单元中的三个LED晶片具有不同的发光颜色，同一行的LED晶片具有相同的间距，且同一行中相同发光颜色的LED晶片间隔排列。在对上述LED显示装置输入倍频传送图像信号后，利用人眼“视觉暂留”现象能够产生虚拟像素，实像素和虚拟像素在显示单幅画面的时候能够比现有技术提高一倍分辨率，从而得到更清晰的图像，从而通过实像素和虚拟像素传送双幅画面，实现了3D图像所需的双显功能。
17. 205862718 面罩及具有其的LED显示屏
CN
04.01.2017
G09F 9/33 Loading...
G09F 9/33
Loading...
201620611711.7
利亚德光电股份有限公司
张龙虎
G09F 9/33
Loading...
本实用新型提供了一种面罩及具有其的LED显示屏，其中，面罩包括面罩单元(10)，面罩单元(10)具有相对设置的第一表面和第二表面，面罩单元(10)的第一表面上布满多个用于容纳灯珠(20)的凹槽(30)，多个凹槽(30)呈矩阵排布，相邻的两个凹槽(30)之间形成分隔部(40)，面罩单元(10)的第二表面上设置有多个沟槽(50)，多个沟槽(50)与多个分隔部(40)一一对应设置，沟槽(50)的延伸方向与分隔部(40)的延伸方向相同。本实用新型的技术方案能够有效地解决现有技术中的LED显示屏的面罩单元出光一致性差，容易产生摩尔纹的问题。
18. WO/2016/192421 CONTROL SYSTEM AND METHOD FOR DATA TRANSMISSION, AND CHIP ARRAY AND DISPLAY
WO
08.12.2016
G09G 3/32 Loading...
G09G 3/32
Loading...
PCT/CN2016/074719
LEYARD OPTOELECTRONIC CO., LTD.
HUANG, Dong'an
G09G 3/32
Loading...
Disclosed are a control system and method for data transmission, and a chip array and a display. The control system for data transmission comprises: a chip array (20), which comprises a plurality of rows of chip combinations, wherein any row of chip combinations comprises at least two chip groups, and various chips in a chip group are cascaded with one another; and a controller (30), which is used for receiving display data and generating a plurality of groups of display signals corresponding to the plurality of rows of chip combinations according to the display data, wherein any group of display signals is divided into at least two paths of display sub-signals corresponding to at least two chip groups, and any path of display sub-signals is connected to a signal input end of a first chip in a chip group corresponding thereto. The control system and method for data transmission, and a chip array and a display solve the technical problem in the prior art that electromagnetic radiation increases when a data transmission range is enlarged.
19. 205782332 发光组件及显示装置
CN
07.12.2016
F21S 8/00 Loading...
F21S 8/00
Loading...
202016000509337
利亚德光电股份有限公司
常明
F21S 8/00
Loading...
本实用新型提供了一种发光组件及显示装置。其中，发光组件包括：灯珠；灯珠安装板，灯珠安装在灯珠安装板上；灯珠遮光面罩，灯珠遮光面罩与灯珠安装板相连接，灯珠遮光面罩罩设在灯珠上并与灯珠具有距离，灯珠遮光面罩的至少两个侧面具有出光孔；其中，灯珠遮光面罩的朝向灯珠安装板的一侧具有第一反射面，灯珠安装板在朝向灯珠遮光面罩的一侧具有第二反射面，灯珠发出的光线通过第一反射面和第二反射面的反射后通过每个出光孔射出。本实用新型的技术方案有效地解决了现有技术中的发光组件观看视角较小的问题。
20. 205751401 LED显示灯板与包含其的LED显示屏
CN
30.11.2016
G09F 9/33 Loading...
G09F 9/33
Loading...
202016000449399
利亚德光电股份有限公司
卢长军
G09F 9/33
Loading...
本申请提供了一种LED显示灯板与包含其的LED显示屏。该LED显示灯板包括：PCB板、多个芯片、至少两个信号接口与多个LED显示像素，PCB板具有第一表面与第二表面；芯片间隔设置在第一表面上；信号接口间隔地设置在第一表面上；LED显示像素间隔设置在第二表面上，其中，LED显示灯板还包括：至少一个透明绝缘层和至少一个透明导电层，透明绝缘层覆盖各芯片与裸露的第一表面设置，和/或覆盖各LED显示像素与裸露的第二表面设置；透明导电层设置在各透明绝缘层的远离PCB板的表面上，且透明导电层接地设置。透明导电层可以对LED显示灯板内部的电子元件的辐射起到屏蔽作用，也可以对外界的辐射起到屏蔽作用。
21. 205722642 LED显示屏幕
CN
23.11.2016
G09F 9/33 Loading...
G09F 9/33
Loading...
201620391550.5
利亚德光电股份有限公司
王定芳
G09F 9/33
Loading...
本实用新型提供了一种LED显示屏幕，包括：固定组件；显示组件，固定组件设置在显示组件的上下两侧以固定显示组件，显示组件包括：LED显示灯条和与LED显示灯条连接的连接结构，显示组件还包括设置在连接结构与LED显示灯条之间的角度调整结构，角度调整结构能够调整LED显示灯条的安装角度。本实用新型的技术方案有效地解决了现有技术中的LED显示灯条的角度不能调整的问题。
22. 106091883 显示屏箱体类型的判断装置及判断方法
CN
09.11.2016
G01B 5/02 Loading...
G01B 5/02
Loading...
201610633914.0
利亚德光电股份有限公司
张长鲁
G01B 5/02
Loading...
本发明提供了一种显示屏箱体类型的判断装置及判断方法，其中，显示屏箱体类型的判断装置，包括：检测尺，所述检测尺上设置有起点和终点，所述起点与所述终点之间的距离L＝(S/(N‑1))*(n‑1)，其中，S为预设类型的显示屏箱体的模组沿数灯方向上的尺寸，N为所述预设类型的显示屏箱体的模组沿该数灯方向延伸的一排灯珠数，n为预定值，并且n≥1。本发明的技术方案能够有效地解决现有技术中的显示屏箱体类型不易判断的问题。
23. 106097901 LED显示屏及其组装方法和装置
CN
09.11.2016
G09F 9/33 Loading...
G09F 9/33
Loading...
102016000455130
利亚德光电股份有限公司
王秋玲
G09F 9/33
Loading...
本发明公开了一种LED显示屏及其组装方法和装置。该LED显示屏包括：多个待拼接灯板，其中，多个待拼接灯板之间相互拼接；多个LED组合封装模块，贴装在每个待拼接灯板中，多个LED组合封装模块之间相互连接；多个LED灯，设置在每个LED组合封装模块中，多个LED灯焊接在LED组合封装模块中的PCB板上。通过本发明，解决了相关技术中通过直接焊接LED灯来组装LED显示屏，由于焊接耗时长，导致组装LED显示屏效率低的问题。
24. 106097905 显示屏安装结构
CN
09.11.2016
G09F 9/33 Loading...
G09F 9/33
Loading...
201610605302.0
利亚德光电股份有限公司
朱保华
G09F 9/33
Loading...
本发明提供了一种显示屏安装结构，包括：显示屏箱体；连接组件，连接组件通过第一紧固件与外部构件连接，连接组件与显示屏箱体连接，连接组件上设置有用于容纳第一紧固件并对第一紧固件进行限位的容纳部。本发明解决了现有技术中的显示屏安装作业费时费力的问题。
25. 205645134 LED显示屏安装结构
CN
12.10.2016
G09F 9/33 Loading...
G09F 9/33
Loading...
201620401674.7
利亚德光电股份有限公司
朱保华
G09F 9/33
Loading...
本实用新型提供了一种LED显示屏安装结构，LED显示屏安装结构包括：安装架(10)；第一连接件(20)，第一连接件(20)钩挂在安装架(10)上；第二连接件，第二连接件分别与第一连接件(20)、弧形屏(50)连接，或者，第二连接件与安装架(10)连接，第一连接件(20)和第二连接件分别与直屏(60)连接。本实用新型的技术方案有效地解决了现有技术中工字型材不能用于安装弧形屏的问题。
26. 205594983 显示装置及具有其的曲面显示屏
CN
21.09.2016
G09F 9/33 Loading...
G09F 9/33
Loading...
201620271872.6
利亚德光电股份有限公司
赵宇
G09F 9/33
Loading...
本实用新型提供了一种显示装置及具有其的曲面显示屏，其中，显示装置包括：箱体，具有拼接边沿；多个灯板，设置在箱体上，多个灯板的表面形成显示表面，在沿垂直拼接边沿的方向上，相邻的灯板之间呈角度以使显示表面形成凹陷结构或者凸起结构，在沿平行拼接边沿的方向上，相邻的灯板的表面位于同一平面内。本实用新型的技术方案解决了现有技术中的曲面显示屏的曲线分割程度差，过度生硬进而导致显示效果差的问题。
27. 205593728 数据采集设备
CN
21.09.2016
G01M 11/02 Loading...
G01M 11/02
Loading...
201620191349.2
利亚德光电股份有限公司
罗啸
G01M 11/02
Loading...
本实用新型公开了一种数据采集设备。其中，该数据采集设备包括：传送带，承载LED显示模组，用于按照预设速度匀速传输LED显示模组；至少一个线阵CCD感光器件，设置在传送带上方，用于在LED显示模组与线阵CCD感光器件的距离为第一预设距离时，采集LED显示模组的属性数据。本实用新型解决了LED模组数据采集时效率比较低的技术问题。
28. 205595033 显示电路
CN
21.09.2016
G09G 3/32 Loading...
G09G 3/32
Loading...
201620207591.4
利亚德光电股份有限公司
魏洪亮
G09G 3/32
Loading...
本实用新型公开了一种显示电路。其中，该显示电路包括：灯珠阵列；列向驱动开关阵列；行向驱动开关阵列；共阳泄放控制电路，其中，共阳泄放控制电路的一端与灯珠阵列中处于行向的灯珠的第二端相连接，共阳泄放控制电路的另一端接地，其中，共阳泄放控制电路包括恒流源、二极管和电阻，二极管的第一端与灯珠阵列中处于行向的灯珠的第二端相连接，二极管的第二端与恒流源的第一端相连接，并且二极管的第二端与电阻的第一端相连接，电阻的第二端与恒流源的第二端连接至电源，恒流源的接地端接地。本实用新型解决了现有技术中不合理的泄放方式导致LED显示屏显示异常的技术问题。
29. 105955538 智能黑板和智能教学系统
CN
21.09.2016
G06F 3/041 Loading...
G06F 3/041
Loading...
201610332884.X
利亚德光电股份有限公司
董国光
G06F 3/041
Loading...
本发明公开了一种智能黑板和智能教学系统。其中，该智能黑板包括：触控显示屏，用于同时显示一个或多个预设显示内容；接口板，与触控显示屏相连，用于为触控显示屏提供与外接设备相连的接口；终端，与接口板相连，用于通过接口板为触控显示屏提供预设显示内容；控制板，分别与触控显示屏和外接设备相连，用于控制触控显示屏和外接设备的开启和关闭。本发明解决了现有技术中的智能黑板由于使用幕布通过投影的方式进行显示，导致难以直接对屏幕的显示内容进行控制，从而使得教学体验不好的技术问题。
30. 205589675 储运装置
CN
21.09.2016
B65D 21/032 Loading...
B65D 21/032
Loading...
201620214425.7
利亚德光电股份有限公司
王定芳
B65D 21/032
Loading...
本实用新型提供了一种储运装置，包括：固定组件和储运箱，固定组件设置在储运箱内，固定组件包括：底座；连接组件，连接组件包括第一开口槽和立杆，第一开口槽设置在底座上，第一开口槽的开口竖直向上，立杆，立杆可枢转地设置在底座上，立杆具有与被固定物配合的外摆位置以及与被固定物分离的回收位置，立杆处于外摆位置时立杆的顶部设置有固定部。本实用新型的技术方案有效地解决现有技术中的显示单元的储运安全的问题。
31. 205545642 显示屏及拼接屏
CN
31.08.2016
H04N 5/64 Loading...
H04N 5/64
Loading...
201620083712.9
利亚德光电股份有限公司
张龙虎
H04N 5/64
Loading...
本实用新型公开了一种显示屏及拼接屏。其中，该显示屏包括：视频处理板，包括至少一个数字信号接口和至少一个模拟信号接口，视频处理板用于对接收到的数字信号或模拟信号进行信号处理和LED显控处理，输出视频信号和控制信号；LED模块，连接至视频处理板，用于接收视频信号和控制信号，并根据控制信号控制视频信号的显示；以及电源模块，分别连接至视频处理板和LED模块，用于对视频处理板和LED模块供电。本实用新型解决了相关技术中LED显示单元信号处理单一的技术问题，进而达到了LED显示屏兼容处理及显示多种类型信号的效果。
32. 105894978 LED显示屏及其组装方法和装置
CN
24.08.2016
G09F 9/33 Loading...
G09F 9/33
Loading...
102016000454696
利亚德光电股份有限公司
王秋玲
G09F 9/33
Loading...
本发明公开了一种LED显示屏及其组装方法和装置。该LED显示屏包括：多个待拼接灯板，其中，多个待拼接灯板之间相互拼接；多个LED组合封装模块，贴装在每个待拼接灯板中，多个LED组合封装模块之间相互连接；以及多个LED灯，设置在每个LED组合封装模块中的PCB板上，多个LED灯之间按照预设连接关系连接。通过本发明，解决了相关技术中由于LED显示屏组装工艺比较复杂，导致LED显示屏维修效果较差的问题。
33. 105864693 发光组件及显示装置
CN
17.08.2016
F21S 8/00 Loading...
F21S 8/00
Loading...
201610371149.X
利亚德光电股份有限公司
常明
F21S 8/00
Loading...
本发明提供了一种发光组件及显示装置。其中，发光组件包括：灯珠；灯珠安装板，灯珠安装在灯珠安装板上；灯珠遮光面罩，灯珠遮光面罩与灯珠安装板相连接，灯珠遮光面罩罩设在灯珠上并与灯珠具有距离，灯珠遮光面罩的至少两个侧面具有出光孔；其中，灯珠遮光面罩的朝向灯珠安装板的一侧具有第一反射面，灯珠安装板在朝向灯珠遮光面罩的一侧具有第二反射面，灯珠发出的光线通过第一反射面和第二反射面的反射后通过每个出光孔射出。本发明的技术方案有效地解决了现有技术中的发光组件观看视角较小的问题。
34. 105870831 线缆选择方法
CN
17.08.2016
H02G 1/00 Loading...
H02G 1/00
Loading...
201610327758.5
利亚德光电股份有限公司
代西峰
H02G 1/00
Loading...
本发明提供了一种线缆选择方法，包括以下步骤：从集合中的第一个值开始，将第一个值作为线缆的截面积的当前值，对当前值执行下述操作，直到线缆的单位面积的电流小于6A，操作包括：根据电源柜的输入电压、控制盒的功率、线缆的长度、线缆的电阻率及当前值得到控制盒的入口电压；根据控制盒的功率和控制盒的入口电压得到通过线缆的电流；根据通过线缆的电流得到通过线缆的单位面积的电流；比较线缆的单位面积的电流与6A的大小，在线缆的单位面积的电流大于或者等于6A的情况下，将当前值的下一个值作为下一次执行操作的当前值。本发明的技术方案有效地解决了现有技术中根据经验选择线路的截面积增加了线缆的使用量的问题。
35. 205487163 LED显示屏
CN
17.08.2016
G09F 9/33 Loading...
G09F 9/33
Loading...
201620078507.3
深圳利亚德光电有限公司
李炳锋
G09F 9/33
Loading...
本实用新型提供了一种LED显示屏，包括安装框架以及连接在安装框架一侧的多个灯板(10)，安装框架包括多个间隔设置的条状安装部(20)，相邻的两个条状安装部(20)之间形成缺口部(30)，多个灯板(10)对应地连接在多个条状安装部(20)上，每个灯板(10)包括灯珠结构(11)，灯珠结构(11)包括多个沿条状安装部(20)的宽度方向间隔设置的灯珠组(111)，每个灯珠组(111)包括沿条状安装部(20)的长度方向设置的多个灯珠，在多个灯板(10)中，每相邻的两个灯珠组(111)之间的间距相等。本实用新型的技术方案能够有效地解决现有技术中的LED显示屏的透风、透光效果不好的问题。
36. 205487162 LED显示屏
CN
17.08.2016
G09F 9/33 Loading...
G09F 9/33
Loading...
201620077505.2
深圳利亚德光电有限公司
李炳锋
G09F 9/33
Loading...
本实用新型提供了一种LED显示屏，包括安装框架，安装框架包括多个间隔设置的条状安装部(10)，相邻的两个条状安装部(10)之间形成缺口部(20)，LED显示屏还包括设置在缺口部(20)处的遮光结构(30)，遮光结构(30)遮挡缺口部(20)并且遮光结构(30)具有与缺口部(20)连通的透风口(31)。本实用新型的技术方案能够有效地解决现有技术中的LED显示屏不能兼顾透风效果和显示效果的问题。
37. 205487160 连接结构及具有其的LED显示装置
CN
17.08.2016
G09F 9/33 Loading...
G09F 9/33
Loading...
201620069573.4
深圳利亚德光电有限公司
李炳锋
G09F 9/33
Loading...
本实用新型提供了一种连接结构及具有其的LED显示装置，其中，连接结构包括：连接柱；第一顶紧部，设置在连接柱的第一端；第二顶紧部，沿连接柱的轴向可移动地套设在连接柱上；操作部，通过枢轴可枢转地设置在连接柱的第二端，操作部包括顶推结构，转动操作部时，顶推结构推动第二顶紧部朝向第一顶紧部运动。本实用新型的技术方案解决了现有技术中的LED显示装置箱体安装拆卸步骤繁琐的问题。
38. 205487161 显示屏箱体及具有其的显示屏
CN
17.08.2016
G09F 9/33 Loading...
G09F 9/33
Loading...
201620077501.4
深圳利亚德光电有限公司
潘喜填
G09F 9/33
Loading...
本实用新型提供了一种显示屏箱体及具有其的显示屏，其中，显示屏箱体包括安装框架(10)，安装框架(10)具有灯板安装面，显示屏箱体还包括电器盒(20)以及走线结构(30)，电器盒(20)和走线结构(30)相互独立地连接在安装框架(10)的与灯板安装面相对的表面上，电器盒(20)具有电器容纳空间，走线结构(30)具有走线通道，电器容纳空间和走线通道相互连通。本实用新型的技术方案能够有效地解决现有技术中的显示屏箱体较为笨重的问题。
39. 205484886 反射面罩及具有其的LED显示装置
CN
17.08.2016
G02B 5/12 Loading...
G02B 5/12
Loading...
201620010455.6
利亚德光电股份有限公司
常明
G02B 5/12
Loading...
本实用新型提供了一种反射面罩及具有其的LED显示装置，其中，反射面罩包括：面罩单元(10)，面罩单元(10)包括：顶板(11)，顶板(11)为平板状，顶板(11)的内表面为反射面，顶板(11)的外表面为漫反射面；两个第一侧板(12)，相对设置并均与顶板(11)连接，各两个第一侧板(12)的第一端的尺寸大于两个第一侧板(12)的第二端的尺寸以使顶板(11)倾斜设置，两个第一侧板(12)的第一端之间形成出光缺口(13)。本实用新型的技术方案有效地解决了现有技术中的LED显示屏观看感受不佳的问题。
40. 205487157 显示屏组件及具有其的显示装置
CN
17.08.2016
G09F 9/33 Loading...
G09F 9/33
Loading...
201620027792.6
利亚德光电股份有限公司
苟建周
G09F 9/33
Loading...
本实用新型提供了一种显示屏组件及具有其的显示装置，其中，显示屏组件包括：灯板(10)及设置在灯板(10)的后侧的反向电磁铁(21)。本实用新型的技术方案有效地解决了现有技术中的显示屏组件不容易拆卸的问题。
41. 205487156 显示屏的维护工具
CN
17.08.2016
G09F 9/33 Loading...
G09F 9/33
Loading...
201620026454.0
利亚德光电股份有限公司
苟建周
G09F 9/33
Loading...
本实用新型提供了一种显示屏的维护工具，包括：基体(10)；电源，设置在基体(10)内；磁性件(20)，设置在基体(10)上；探针(30)，探针(30)与电源连接，探针(30)包括第一探针(31)和第二探针(32)，第一探针(31)通过第一线缆与电源的正极连通，第二探针(32)通过第二线缆与电源的负极连通。本实用新型的技术方案有效地解决了现有技术中的前维护显示屏拆装困难以及拆装过程中容易损坏面罩、LED灯珠等元器件的问题。
42. 205478712 连接结构及具有其的LED显示装置
CN
17.08.2016
F16B 5/10 Loading...
F16B 5/10
Loading...
201620067696.4
深圳利亚德光电有限公司
潘喜填
F16B 5/10
Loading...
本实用新型提供了一种连接结构及具有其的LED显示装置，其中，连接结构包括：第一压板，第一压板包括板体以及可滑动地设置在板体上的锁片，板体上设置有第一安装孔；第二压板，第二压板设置有第二安装孔；连接柱，分别穿设过第一安装孔和第二安装孔，连接柱的第一端设置有与锁片配合的锁槽，连接柱的第二端设置有位于第二压板下方的施力部；举升机构，连接在第二压板上，操作施力部可使第二压板在举升机构的作用下朝向或远离第一压板运动。本实用新型的技术方案解决了现有技术中的LED显示屏的箱体拼接繁琐的问题。
43. 105845047 显示灯板及具有其的显示屏
CN
10.08.2016
G09F 9/33 Loading...
G09F 9/33
Loading...
102016000378072
利亚德光电股份有限公司
王勇
G09F 9/33
Loading...
本发明提供了一种显示灯板及具有其的显示屏。该显示灯板包括发光组件和信号接口，发光组件具有出光面，信号接口设置于发光组件的远离出光面的一侧，显示灯板还包括：第一紫外阻隔层，设置于出光面上；防水涂层，设置于发光组件和第一紫外阻隔层的裸露表面上。由于第一紫外阻隔层设置于发光组件的出光面上，且防水涂层设置于发光组件和第一紫外阻隔层的裸露表面上，从而能够通过上述第一紫外阻隔层对发光组件中发射出的紫外线进行阻隔，有效地避免了防水涂层由于紫外线照射而变黄的现象，进而降低了防水涂层变黄对上述显示灯板显示效果的影响。
44. 105825782 LED显示屏幕
CN
03.08.2016
G09F 9/33 Loading...
G09F 9/33
Loading...
102016000286606
利亚德光电股份有限公司
王定芳
G09F 9/33
Loading...
本发明提供了一种LED显示屏幕，包括：固定组件；显示组件，固定组件设置在显示组件的上下两侧以固定显示组件，显示组件包括：LED显示灯条和与LED显示灯条连接的连接结构，显示组件还包括设置在连接结构与LED显示灯条之间的角度调整结构，角度调整结构能够调整LED显示灯条的安装角度。本发明的技术方案有效地解决了现有技术中的LED显示灯条的角度不能调整的问题。
45. 105810113 LED显示灯板与包含其的LED显示屏
CN
27.07.2016
G09F 9/33 Loading...
G09F 9/33
Loading...
201610327358.4
利亚德光电股份有限公司
卢长军
G09F 9/33
Loading...
本申请提供了一种LED显示灯板与包含其的LED显示屏。该LED显示灯板包括：PCB板、多个芯片、至少两个信号接口与多个LED显示像素，PCB板具有第一表面与第二表面；芯片间隔设置在第一表面上；信号接口间隔地设置在第一表面上；LED显示像素间隔设置在第二表面上，其中，LED显示灯板还包括：至少一个透明绝缘层和至少一个透明导电层，透明绝缘层覆盖各芯片与裸露的第一表面设置，和/或覆盖各LED显示像素与裸露的第二表面设置；透明导电层设置在各透明绝缘层的远离PCB板的表面上，且透明导电层接地设置。透明导电层可以对LED显示灯板内部的电子元件的辐射起到屏蔽作用，也可以对外界的辐射起到屏蔽作用。
46. 105784331 基于数据采集设备的数据采集方法和数据采集设备
CN
20.07.2016
G01M 11/02 Loading...
G01M 11/02
Loading...
201610140815.9
利亚德光电股份有限公司
罗啸
G01M 11/02
Loading...
本发明公开了一种基于数据采集设备的数据采集方法和数据采集设备。其中，该数据采集设备包括：传送带，承载LED显示模组，用于按照预设速度匀速传输LED显示模组；至少一个线阵CCD感光器件，设置在传送带上方，用于在LED显示模组与线阵CCD感光器件的距离为第一预设距离时，采集LED显示模组的属性数据。本发明解决了LED模组数据采集时效率比较低的技术问题。
47. 205363763 拆卸工具组件
CN
06.07.2016
B25B 27/14 Loading...
B25B 27/14
Loading...
201620028507.2
利亚德光电股份有限公司
王杰
B25B 27/14
Loading...
本实用新型提供了一种拆卸工具组件，用于拆卸具有电永磁铁的显示屏，拆卸工具组件包括分离工具(10)，分离工具(10)包括：工具本体(11)；第一电源，设置在工具本体(11)内；探针(12)，设置在工具本体(11)上，探针(12)包括第一探针(121)和第二探针(122)，第一探针(121)通过第一线缆与第一电源的正极连接，第二探针(122)通过第二线缆与第一电源的负极连接，当对显示屏进行拆卸时，第一探针(121)与显示屏的电永磁铁的正极连通，第二探针(122)与电永磁铁的负极连通。本实用新型的技术方案能够有效地解决现有技术中的显示屏不易拆卸，并且在拆卸过程中容易造成显示屏损坏的问题。
48. 205356946 屏蔽结构和LED显示装置
CN
29.06.2016
H05K 9/00 Loading...
H05K 9/00
Loading...
202016000027791
利亚德光电股份有限公司
苟建周
H05K 9/00
Loading...
本实用新型提供了一种屏蔽结构和LED显示装置，其中，屏蔽结构包括：支架(10)，由导电材料制成；LED灯板组件(20)，连接在支架(10)上，支架(10)和LED灯板组件(20)之间设置有与LED灯板组件(20)连接的电器元件；环状导体(30)，设置在支架(10)和LED灯板组件(20)之间并分别与环状导体(30)接触，环状导体(30)设置在电器元件的周向外侧，LED灯板组件(20)设置有环状导电层与环状导体(30)接触。本实用新型的技术方案有效地解决了现有技术中的显示装置的电磁屏蔽的问题。
49. 205354535 用于显示屏组件的组装装置
CN
29.06.2016
G09F 9/00 Loading...
G09F 9/00
Loading...
202016000006814
利亚德光电股份有限公司
张龙虎
G09F 9/00
Loading...
本实用新型提供了一种用于显示屏组件的组装装置。组装装置包括配合部，配合部与显示屏组件的支架配合，配合部包括：本体部；定位部，设置在本体部上以对显示屏组件的灯板进行定位；其中，本体部与定位部围成配合部。本实用新型的技术方案能够解决现有技术中的显示屏组件的灯板与支架之间定位不准确的问题。
50. 205354551 显示板及具有其的LED显示装置
CN
29.06.2016
G09F 9/33 Loading...
G09F 9/33
Loading...
201521143215.5
利亚德光电股份有限公司
邓小蓓
G09F 9/33
Loading...
本实用新型提供了一种显示板及具有其的LED显示装置，其中显示板包括：显示板本体(10)，显示板本体(10)包括相反的第一表面和第二表面，第一表面上设置有多个LED灯(20)；薄膜太阳能电池(30)，设置在第一表面和/或第二表面上，薄膜太阳能电池(30)与各LED灯(20)连通以给各LED灯(20)提供电能。本实用新型的技术方案有效地解决了现有技术中的使用太阳能电池作为电源的LED显示装置占用空间较大的问题。
51. 205356543 LED智能电视
CN
29.06.2016
H04N 5/64 Loading...
H04N 5/64
Loading...
201620010097.9
利亚德光电股份有限公司
张龙虎
H04N 5/64
Loading...
本实用新型提供了一种LED智能电视，包括：LED显示屏(10)，包括多个显示单元，相邻的显示单元之间可拆卸地连接在一起，LED显示屏(10)包括两个侧部边缘及设置在两个侧部边缘之间的顶部边缘和底部边缘；集成控制设备(20)，集成控制设备(20)连接在底部边缘处，集成控制设备(20)包括壳体和设置在壳体内的音频控制装置、显示控制装置以及电源管理装置。本实用新型的技术方案有效地解决了现有技术中的智能电视的运输、搬运困难的问题。
52. 103971607 用于显示屏的组装装置
CN
29.06.2016
G09F 9/33 Loading...
G09F 9/33
Loading...
102014000228846
利亚德光电股份有限公司
陈舒
G09F 9/33
Loading...
本发明提供了一种用于显示屏的组装装置。组装装置包括第一支体和与第一支体配合以将相邻两个显示屏单元或者显示屏箱体连接在一起的第二支体，组装装置还包括：锁止机构，锁止机构具有锁止状态和解锁状态；锁止机构包括第一卡接部和与第一卡接部配合的第二卡接部，第一卡接部具有第一位置和第二位置，在第一位置，第一卡接部和第二卡接部卡接，在第二位置，第一卡接部和第二卡接部脱离。根据本发明的组装装置，可以快速组装和拆卸显示屏。
53. 205354548 灯板及具有其的LED显示装置
CN
29.06.2016
G09F 9/33 Loading...
G09F 9/33
Loading...
202015001037679
利亚德光电股份有限公司
王杰
G09F 9/33
Loading...
本实用新型提供了一种灯板及具有其的LED显示装置，其中，灯板包括：基板，具有第一拼接边沿；多个像素点，设置在基板上；固胶层，设置在基板上，并覆盖在像素点上；沟槽结构，设置在固胶层的表面，沟槽结构包括多个第一沟槽，每个第一沟槽设置在相邻的像素点之间，并且每个第一沟槽均与第一拼接边沿平行。本实用新型的技术方案解决了现有技术中的灯板拼接缝隙大的问题。
54. 105691829 储运装置
CN
22.06.2016
B65D 21/032 Loading...
B65D 21/032
Loading...
201610158952.5
利亚德光电股份有限公司
王定芳
B65D 21/032
Loading...
本发明提供了一种储运装置，包括：固定组件和储运箱，固定组件设置在储运箱内，固定组件包括：底座；连接组件，连接组件包括第一开口槽和立杆，第一开口槽设置在底座上，第一开口槽的开口竖直向上，立杆，立杆可枢转地设置在底座上，立杆具有与被固定物配合的外摆位置以及与被固定物分离的回收位置，立杆处于外摆位置时立杆的顶部设置有固定部。本发明的技术方案有效地解决现有技术中的显示单元的储运安全的问题。
55. WO/2016/091053 CONNECTING DEVICE AND DISPLAY SCREEN HAVING SAME
WO
16.06.2016
F16B 19/02 Loading...
F16B 19/02
Loading...
PCT/CN2015/095062
SHENZHEN LEYARD OPTO-ELECTRONIC CO.,LTD.
LI, Bingfeng
F16B 19/02
Loading...
A connecting device and display screen having the same, the connecting device comprising a first connecting piece (10), and a second connecting piece (20) engaged with the first connecting piece; the first connecting piece (10) comprises a first fixed portion (11), a first movable portion (12) movably disposed in a first direction and a first elastic portion (13) located between the first fixed portion and the first movable portion; the first fixed portion has a first part connecting portion (11a); the first movable portion has a mounting through-hole (14) on a second direction perpendicular to the first direction; the second connecting piece (20) has a second part connecting portion (20a) and a receiving groove (20b) receiving a hole wall of the mounting through-hole, and is provided with an extending-into state for extending into the mounting through-hole and a removed state for being removed from the mounting through-hole; the first movable portion is provided with a connecting state for enabling the hole wall of the mounting through-hole to extend into the receiving groove and a separated state for enabling the hole wall of the mounting through-hole to be removed from the receiving groove; and the first movable portion is in the connecting state only under the action from the first elastic portion.
56. 105654899 显示电路及其控制方法
CN
08.06.2016
G09G 3/32 Loading...
G09G 3/32
Loading...
201610154514.1
利亚德光电股份有限公司
魏洪亮
G09G 3/32
Loading...
本发明公开了一种显示电路及其控制方法。其中，该显示电路包括：灯珠阵列；列向驱动开关阵列；行向驱动开关阵列；共阳泄放控制电路，其中，共阳泄放控制电路的一端与灯珠阵列中处于行向的灯珠的第二端相连接，共阳泄放控制电路的另一端接地，其中，共阳泄放控制电路包括恒流源、二极管和电阻，二极管的第一端与灯珠阵列中处于行向的灯珠的第二端相连接，二极管的第二端与恒流源的第一端相连接，并且二极管的第二端与电阻的第一端相连接，电阻的第二端与恒流源的第二端连接至电源，恒流源的接地端接地。本发明解决了现有技术中不合理的泄放方式导致LED显示屏显示异常的技术问题。
57. 205249684 散热装置及具有其的LED装置
CN
18.05.2016
H05K 7/20 Loading...
H05K 7/20
Loading...
201520976017.0
利亚德光电股份有限公司
黄晓勇
H05K 7/20
Loading...
本实用新型提供了一种散热装置及具有其的LED装置，其中，散热装置包括：盖体(10)，与LED显示装置的箱体(70)连接，盖体(10)内形成电源组件(40)的安装空间，盖体(10)上设置有排风口；排风装置(20)设置在盖体(10)上并位于排风口处，排风装置(20)将盖体(10)内气体排至盖体(10)外。本实用新型的技术方案有效地解决了现有技术中的电源等电器元件工作时产生的热量不能快速充分散出的问题。
58. 205249389 LED显示屏的控制系统、电视以及显示控制系统
CN
18.05.2016
H04N 7/18 Loading...
H04N 7/18
Loading...
201520998645.9
利亚德光电股份有限公司
魏洪亮
H04N 7/18
Loading...
本实用新型公开了一种LED显示屏的控制系统、电视以及显示控制系统。其中，该LED显示屏的控制系统包括：控制板；控制器，设置在控制板上，用于对显示数据进行处理；串行数字接口，集成在控制板上，与控制器相连接，通过同轴线缆连接到LED显示屏上。本实用新型解决了LED显示屏网线传输数据稳定性比较差的技术问题。
59. 205247814 拼接式显示屏的组装机构
CN
18.05.2016
G09F 9/00 Loading...
G09F 9/00
Loading...
201521013778.2
利亚德光电股份有限公司
李宁
G09F 9/00
Loading...
本实用新型提供了一种拼接式显示屏的组装机构，包括：固定框架(10)；移动结构(20)，可移动地设置在固定框架(10)上；放大成像装置(30)，用于放大相邻待拼接显示单元之间的缝隙，放大成像装置(30)通过移动结构(20)连接在固定框架(10)上；显示装置(40)，与放大成像装置(30)连接以显示放大成像装置(30)的图像。本实用新型的技术方案能够有效地解决现有技术中的显示屏的组装精确性低和组装效率低的问题。
60. 205230509 显示屏
CN
11.05.2016
G09F 9/30 Loading...
G09F 9/30
Loading...
201521018943.3
深圳利亚德光电有限公司
李炳锋
G09F 9/30
Loading...
本实用新型提供了一种显示屏，包括：箱体；显示模组，设置在箱体上，显示模组包括灯板以及设置在灯板下方的底壳，底壳上设置有容纳孔，容纳孔为阶梯孔，阶梯孔包括第一孔段和第二孔段，第一孔段的直径大于第二孔段的直径，灯板上设置有第一工具过孔，容纳孔与第一工具过孔互相连通，并且第一孔段的直径大于第一工具过孔的直径；连接螺栓，穿设在容纳孔内，连接螺栓包括互相连接的螺栓头和杆体，螺栓头限位在第一孔段内，杆体穿设在第二孔段内，显示模组通过杆体连接在箱体上，螺栓头的端面设置有施力部，施力部与第一工具过孔对应设置。本实用新型的技术方案解决了现有技术中的显示屏螺栓过孔较大，影响产品美观的问题。
61. 205226052 连接结构及具有其的显示屏
CN
11.05.2016
F16C 11/04 Loading...
F16C 11/04
Loading...
201521020009.5
深圳利亚德光电有限公司
李炳锋
F16C 11/04
Loading...
本实用新型提供了一种连接结构及具有其的显示屏，其中，连接结构包括：固定部；枢转连接部，固定部通过第一枢轴连接在枢转连接部上；挂钩部，挂钩部的第一端设置有挂钩，挂钩部的第二端通过第二枢轴连接在枢转连接部上，连接结构具有锁定状态和解锁状态，连接结构处于锁定状态时，第一枢轴位于挂钩和第二枢轴之间。本实用新型的技术方案解决了现有技术中的显示屏箱体连接结构复杂，操作不便的问题。
62. 105487150 反射面罩及具有其的LED显示装置
CN
13.04.2016
G02B 5/12 Loading...
G02B 5/12
Loading...
201610009097.1
利亚德光电股份有限公司
常明
G02B 5/12
Loading...
本发明提供了一种反射面罩及具有其的LED显示装置，其中，反射面罩包括：面罩单元(10)，面罩单元(10)包括：顶板(11)，顶板(11)为平板状，顶板(11)的内表面为反射面，顶板(11)的外表面为漫反射面；两个第一侧板(12)，相对设置并均与顶板(11)连接，各两个第一侧板(12)的第一端的尺寸大于两个第一侧板(12)的第二端的尺寸以使顶板(11)倾斜设置，两个第一侧板(12)的第一端之间形成出光缺口(13)。本发明的技术方案有效地解决了现有技术中的LED显示屏观看感受不佳的问题。
63. 105489161 LED显示屏及其供电控制方法和装置
CN
13.04.2016
G09G 3/32 Loading...
G09G 3/32
Loading...
201610056517.1
利亚德光电股份有限公司
代西峰
G09G 3/32
Loading...
本发明公开了一种LED显示屏及其供电控制方法和装置。该LED显示屏的供电控制方法包括：对多个LED灯的工作电压进行调节以使多个LED灯的工作电压降低至第一预设电压；将交流电压转换成第二预设电压，其中，第二预设电压为直流电压；将第二预设电压调节至第一预设电压；按照第一预设电压对多个LED灯供电。通过本发明，解决了LED显示屏耗电量大的问题。
64. 105491363 LED面板像素校正方法和装置
CN
13.04.2016
H04N 9/64 Loading...
H04N 9/64
Loading...
201510921211.3
利亚德光电股份有限公司
雷伟林
H04N 9/64
Loading...
本发明公开了一种LED面板像素校正方法和装置。该方法包括：接收单帧视频数据，单帧视频数据为待校正视频中的一帧数据；存储单帧视频数据至动态存储器；从动态存储器中读取校正数据集和单帧视频数据，其中，动态存储器中预先存储有校正数据集，校正数据集包括对LED面板上多个像素点执行校正的多个校正数组；以及根据校正数据集对单帧视频数据执行校正。通过本发明，解决了相关技术中无法对大尺寸高密度的LED面板进行像素校正的问题。
65. 105485105 连接结构及具有其的LED显示装置
CN
13.04.2016
F16B 5/10 Loading...
F16B 5/10
Loading...
201610045848.5
深圳利亚德光电有限公司
潘喜填
F16B 5/10
Loading...
本发明提供了一种连接结构及具有其的LED显示装置，其中，连接结构包括：第一压板，第一压板包括板体以及可滑动地设置在板体上的锁片，板体上设置有第一安装孔；第二压板，第二压板设置有第二安装孔；连接柱，分别穿设过第一安装孔和第二安装孔，连接柱的第一端设置有与锁片配合的锁槽，连接柱的第二端设置有位于第二压板下方的施力部；举升机构，连接在第二压板上，操作施力部可使第二压板在举升机构的作用下朝向或远离第一压板运动。本发明的技术方案解决了现有技术中的LED显示屏的箱体拼接繁琐的问题。
66. 105469709 用于显示屏组件的组装装置
CN
06.04.2016
G09F 9/00 Loading...
G09F 9/00
Loading...
201610005912.7
利亚德光电股份有限公司
张龙虎
G09F 9/00
Loading...
本发明提供了一种用于显示屏组件的组装装置。组装装置包括配合部，配合部与显示屏组件的支架配合，配合部包括：本体部；定位部，设置在本体部上以对显示屏组件的灯板进行定位；其中，本体部与定位部围成配合部。本发明的技术方案能够解决现有技术中的显示屏组件的灯板与支架之间定位不准确的问题。
67. 205140418 LED显示装置
CN
06.04.2016
G09F 9/33 Loading...
G09F 9/33
Loading...
201520798725.X
利亚德光电股份有限公司
余杰
G09F 9/33
Loading...
本实用新型提供了一种LED显示装置，包括：LED显示板(10)；静电消除结构，静电消除结构设置在LED显示板(10)的边沿上。本实用新型的技术方案能够有效地解决现有技术中的使用现场产生的静电对LED灯珠的影响以及LED显示板控制板电子元器件对LED显示板产生的电子干扰的问题。
68. 205140426 LED显示屏
CN
06.04.2016
G09F 9/33 Loading...
G09F 9/33
Loading...
201520878550.3
利亚德光电股份有限公司
王定芳
G09F 9/33
Loading...
本实用新型公开了一种LED显示屏。其中，该LED显示屏包括：像素单元，包括第一显示单元和第二显示单元；控制单元，分别与第一显示单元和第二显示单元相连接，用于控制第一显示单元和/或第二显示单元发光，以使像素单元按照预设规则发光。本实用新型解决了像素单元损坏所造成的屏幕图像缺失的技术问题。
69. 205140427 灯板支撑结构及具有其的灯板组件
CN
06.04.2016
G09F 9/33 Loading...
G09F 9/33
Loading...
201520894815.9
利亚德光电股份有限公司
王建锋
G09F 9/33
Loading...
本实用新型提供了一种灯板支撑结构及具有其的灯板组件，其中，灯板支撑结构包括：底板；支撑柱，支撑柱的第一端连接在底板上；安装架，设置在支撑柱的第二端；连接部，可移动地设置在安装架上，连接部与灯板连接；驱动机构，设置在支撑柱和安装架之间以使安装架朝向或者远离底板运动。本实用新型的技术方案解决了现有技术中的显示屏搬运困难的问题。
70. 205140489 时钟信号的控制装置及设备
CN
06.04.2016
G09G 3/32 Loading...
G09G 3/32
Loading...
201520893376.X
利亚德光电股份有限公司
赵桂鹏
G09G 3/32
Loading...
本实用新型公开了一种时钟信号的控制装置及设备。其中，该装置包括：时钟信号发生模块，用于产生固定频率的时钟信号；转换模块，与时钟信号发生模块电连接，用于将固定频率的时钟信号转换为变频时钟信号；驱动模块，与转换模块电连接，用于根据变频时钟信号产生驱动信号。本实用新型解决了现有技术LED显示产品的电磁干扰大的技术问题。
71. 205140421 LED显示装置
CN
06.04.2016
G09F 9/33 Loading...
G09F 9/33
Loading...
201520828316.X
利亚德光电股份有限公司
高海涛
G09F 9/33
Loading...
本实用新型提供了一种LED显示装置，包括：背板(10)；LED灯板(20)，设置在背板(10)上；驱动芯片，设置在LED灯板(20)和背板(10)之间，驱动芯片与背板(10)之间设置有导热材料。本实用新型的技术方案有效地解决了现有技术中的显示屏温度局部过高而导致的显示屏偏色的问题。
72. 205140428 发光二极管显示屏
CN
06.04.2016
G09F 9/33 Loading...
G09F 9/33
Loading...
201520896923.X
利亚德光电股份有限公司
余杰
G09F 9/33
Loading...
本实用新型公开了一种发光二极管显示屏。上述发光二极管(LED)显示屏包括：LED显示屏基板；设置于LED显示屏基板上的控制电路，控制电路的输出端包括第一电极和第二电极；设置于第一电极上的第一连接件，设置于第二电极上的第二连接件；设置于第一连接件和第二连接件之间的LED晶片，LED晶片与第一连接件之间设置有第三电极，LED晶片与第二连接件之间设置有第四电极，LED晶片的输入端包括第三电极和第四电极；LED显示屏通过第一电极、第一连接件和第三电极为LED晶片散热，通过第二电极、第二连接件和第四电极为LED晶片散热。本实用新型解决了现有技术中LED显示屏的散热效率较低的技术问题。
73. 105427759 显示屏组件及具有其的显示装置
CN
23.03.2016
G09F 9/33 Loading...
G09F 9/33
Loading...
201610019317.9
利亚德光电股份有限公司
苟建周
G09F 9/33
Loading...
本发明提供了一种显示屏组件及具有其的显示装置，其中，显示屏组件包括：灯板(10)及设置在灯板(10)的后侧的反向电磁铁(21)。本发明的技术方案有效地解决了现有技术中的显示屏组件不容易拆卸的问题。
74. 105392342 散热装置及具有其的LED装置
CN
09.03.2016
H05K 7/20 Loading...
H05K 7/20
Loading...
201510860667.3
利亚德光电股份有限公司
黄晓勇
H05K 7/20
Loading...
本发明提供了一种散热装置及具有其的LED装置，其中，散热装置包括：盖体(10)，与LED显示装置的箱体(70)连接，盖体(10)内形成电源组件(40)的安装空间，盖体(10)上设置有排风口；排风装置(20)设置在盖体(10)上并位于排风口处，排风装置(20)将盖体(10)内气体排至盖体(10)外。本发明的技术方案有效地解决了现有技术中的电源等电器元件工作时产生的热量不能快速充分散出的问题。
75. 205069080 LED驱动器及包括其的LED显示屏
CN
02.03.2016
G09G 3/32 Loading...
G09G 3/32
Loading...
201520790881.1
利亚德光电股份有限公司
任超
G09G 3/32
Loading...
本实用新型提供了一种LED驱动器及包括其的LED显示屏，LED驱动器包括：高频时钟模块、变频地址模块和数据存储模块，其中，高频时钟模块包括时钟输出端，用于对接收到的系统时钟频率进行升频处理输出高频时钟信号；变频地址模块包括时钟输入端、查询地址输出端和时钟信号输出端，时钟输入端与高频时钟模块的时钟输出端电连接，用于对高频时钟信号进行变频处理输出变频时钟信号和查询地址信号；数据存储模块包括查询地址输入端和驱动信号输出端，查询地址输入端与查询地址输出端电连接，用于根据查询地址信号输出与变频时钟信号的频率相同的驱动信号。本实用新型利用上述LED驱动器解决了现有技术中的LED显示屏辐射严重的技术问题。
76. 205069005 安装装置
CN
02.03.2016
G09F 7/18 Loading...
G09F 7/18
Loading...
201520792421.2
利亚德光电股份有限公司
陈舒
G09F 7/18
Loading...
本实用新型提供了一种安装装置，安装装置包括主框架，具有相对设置的前侧面和后侧面；两个面板，两个面板分别可转动地设置在主框架的前侧面和后侧面；限位结构，设置在主框架与面板连接的连接处，限位结构用于防止面板在转动过程中与主框架脱离。通过本实用新型提供的技术方案，能够解决现有技术中的面板易与主架脱离的问题。
77. 105355141 拼接式显示屏的组装机构
CN
24.02.2016
G09F 9/00 Loading...
G09F 9/00
Loading...
201510898484.0
利亚德光电股份有限公司
李宁
G09F 9/00
Loading...
本发明提供了一种拼接式显示屏的组装机构，包括：固定框架(10)；移动结构(20)，可移动地设置在固定框架(10)上；放大成像装置(30)，用于放大相邻待拼接显示单元之间的缝隙，放大成像装置(30)通过移动结构(20)连接在固定框架(10)上；显示装置(40)，与放大成像装置(30)连接以显示放大成像装置(30)的图像。本发明的技术方案能够有效地解决现有技术中的显示屏的组装精确性低和组装效率低的问题。
78. 105321466 LED显示屏及其显示控制方法
CN
10.02.2016
G09G 3/32 Loading...
G09G 3/32
Loading...
201510746901.X
利亚德光电股份有限公司
王定芳
G09G 3/32
Loading...
本发明公开了一种LED显示屏及其显示控制方法。其中，该LED显示屏包括：像素单元，包括第一显示单元和第二显示单元；控制单元，分别与第一显示单元和第二显示单元相连接，用于控制第一显示单元和/或第二显示单元发光，以使像素单元按照预设规则发光。本发明解决了像素单元损坏所造成的屏幕图像缺失的技术问题。
79. 105304002 LED显示屏拼接误差的检测方法和装置
CN
03.02.2016
G09G 3/00 Loading...
G09G 3/00
Loading...
201510689481.6
利亚德光电股份有限公司
常明
G09G 3/00
Loading...
本发明公开了一种LED显示屏拼接误差的检测方法和装置。其中，该方法包括：获取LED显示屏的拼接区域的图像，其中，图像为对拼接区域拍照得到的图像，LED显示屏包括第一显示单元和第二显示单元，拼接区域为第一显示单元与第二显示单元拼接得到的区域，第一显示单元包括多个第一LED像素点，第二显示单元包括多个第二LED像素点；从图像中识别出第一LED像素点和第二LED像素点；获取第一LED像素点在图像中的位置和第二LED像素点在图像中的位置；以及基于第一LED像素点的位置和第二LED像素点的位置确定LED显示屏的拼接误差。本发明解决了相关技术中获取到的LED屏幕的拼接误差的精度较低的技术问题。
80. 105304788 发光二极管的封装方法、封装装置及封装线
CN
03.02.2016
H01L 33/48 Loading...
H01L 33/48
Loading...
201410318947.7
利亚德光电股份有限公司
卢长军
H01L 33/48
Loading...
本发明公开了一种发光二极管的封装方法、封装装置及封装线。其中，该发光二极管的封装方法包括：利用钢网将物料漏印到印刷电路板上，其中，物料用于将发光二级管固定在印刷电路板上；将发光二级管贴装在印刷电路板上的对应位置上；熔化物料以使物料将发光二级管粘接在印刷电路板上；以及对印刷电路板上的发光二级管进行封胶以使得多个发光二级管之间绝缘。通过本发明，解决了现有技术中进行LED封装的效率较低的问题，进而达到了提高LED封装效率的效果。
81. 105280102 发光二极管显示屏
CN
27.01.2016
G09F 9/33 Loading...
G09F 9/33
Loading...
201410332586.1
利亚德光电股份有限公司
卢长军
G09F 9/33
Loading...
本发明公开了一种发光二极管显示屏。其中，该显示屏包括：LED显示屏基板，LED显示屏基板设置有LED驱动电路，其中，LED驱动电路的输出端包括第一正电极和第一负电极；LED晶片，位于第一表面上，LED晶片的输入端包括第二正电极和第二负电极；第一接合部件和第二接合部件，其中，第一正电极与第二正电极通过第一接合部件接合并电连接，第一负电极与第二负电极通过第二接合部件接合并电连接；物理材料层，设置在LED晶片上，其中，物理材料层包括以下材料至少之一：滤波材料、镀膜材料、薄膜材料、荧光材料。本发明解决了现有技术中由于传统封装灯珠中支架的尺寸限制而造成的LED显示屏的最小点间距过大的技术问题。
82. 105260152 用于LED显示屏的图像处理方法和装置
CN
20.01.2016
G06F 3/14 Loading...
G06F 3/14
Loading...
201510649260.6
利亚德光电股份有限公司
常明
G06F 3/14
Loading...
本发明公开了一种用于LED显示屏的图像处理方法和装置。该用于LED显示屏的图像处理方法包括：接收原始图像数据；根据原始图像数据获取原始像素的信息，其中，原始像素为在LED显示屏面板上按照预设规则分布的像素点，原始像素的信息包括原始像素的颜色信息和原始像素的位置信息；将原始像素的信息按照预设算法执行计算，得到目标像素的信息，其中，目标像素为不符合预设分布规则的像素，目标像素的信息包括目标像素的颜色信息和目标像素的位置信息；以及根据目标像素的颜色信息和目标像素的位置信息控制原始图像数据对应的图像显示在LED显示屏面板上。通过本发明，提高了LED显示屏的显示图像的质量。
83. 105243968 LED显示器、LED电视以及通讯方法和装置
CN
13.01.2016
G09F 9/33 Loading...
G09F 9/33
Loading...
201510667083.4
利亚德光电股份有限公司
雷伟林
G09F 9/33
Loading...
本发明公开了一种LED显示器、LED电视以及通讯方法和装置。其中，该LED显示器包括：LED面板，用于显示视频流对应的图像，LED面板为多块呈(M×N)矩阵形式排布的LED灯板阵列，其中，M为大于等于1的整数，N为大于1的整数，且LED灯板阵列的每一行LED灯板中相邻两块LED灯板间通过第一通讯接口连接；控制电路板，通过M个第二通讯接口分别与LED灯板阵列中对应行的第一列上的LED灯板连接，用于对视频流进行分流处理。本发明解决了相关技术中LED显示的各灯板与控制电路板之间由于通过网络接口通讯而造成的实现成本高的技术问题。
84. 204965948 显示装置
CN
13.01.2016
G09F 9/33 Loading...
G09F 9/33
Loading...
201520616504.6
利亚德光电股份有限公司
苟建周
G09F 9/33
Loading...
本实用新型提供了一种显示装置，包括：箱体；显示板，可移动地设置在箱体上；推出机构，设置在箱体上并与显示板连接，推出机构驱动显示板移动并使显示板具有远离箱体的第一位置以及与箱体贴合的第二位置。本实用新型的技术方案解决了现有技术中的显示屏前维护困难，以及小间距显示屏产品无法实现前维护的问题。
85. 105185312 LED驱动器、包括其的LED显示屏及LED驱动芯片的驱动方法
CN
23.12.2015
G09G 3/32 Loading...
G09G 3/32
Loading...
201510659473.7
利亚德光电股份有限公司
任超
G09G 3/32
Loading...
本发明提供了一种LED驱动器、包括其的LED显示屏及LED驱动芯片的驱动方法，LED驱动器包括：高频时钟模块、变频地址模块和数据存储模块，其中，高频时钟模块包括时钟输出端，用于对接收到的系统时钟频率进行升频处理输出高频时钟信号；变频地址模块包括时钟输入端、查询地址输出端和时钟信号输出端，时钟输入端与高频时钟模块的时钟输出端电连接，用于对高频时钟信号进行变频处理输出变频时钟信号和查询地址信号；数据存储模块包括查询地址输入端和驱动信号输出端，查询地址输入端与查询地址输出端电连接，用于根据查询地址信号输出与变频时钟信号的频率相同的驱动信号。本发明利用上述LED驱动器解决了现有技术中的LED显示屏辐射严重的技术问题。
86. 105023523 显示装置
CN
04.11.2015
G09F 9/33 Loading...
G09F 9/33
Loading...
201510502932.0
利亚德光电股份有限公司
苟建周
G09F 9/33
Loading...
本发明提供了一种显示装置，包括：箱体；显示板，可移动地设置在箱体上；推出机构，设置在箱体上并与显示板连接，推出机构驱动显示板移动并使显示板具有远离箱体的第一位置以及与箱体贴合的第二位置。本发明的技术方案解决了现有技术中的显示屏前维护困难，以及小间距显示屏产品无法实现前维护的问题。
87. WO/2015/161574 DATA PROCESSING METHOD AND DEVICE FOR LED TELEVISION, AND LED TELEVISION
WO
29.10.2015
H04N 7/01 Loading...
H04N 7/01
Loading...
PCT/CN2014/083167
LEYARD OPTOELECTRONIC CO., LTD.
LEI, Weilin
H04N 7/01
Loading...
Disclosed are a data processing method and device for an LED television, and an LED television. The data processing device comprises: a signal processing chip for conducting mode conversion on a received television signal so as to obtain a first video signal of a pre-set mode; and a video processing chip connected to the signal processing chip for conducting clock synchronization processing on the first video signal so as to obtain a second video signal and outputting the second video signal to an LED display. By means of the present invention, the problem in the prior art that an LED television can only display a television signal of a single mode is solved, thereby achieving the effect that the LED television can display videos of various modes and various formats.
88. 105006220 LED显示屏的控制系统、电视以及显示控制系统
CN
28.10.2015
G09G 3/32 Loading...
G09G 3/32
Loading...
201510478521.2
利亚德光电股份有限公司
魏洪亮
G09G 3/32
Loading...
本发明公开了一种LED显示屏的控制系统、电视以及显示控制系统。其中，该LED显示屏的控制系统包括：控制板；控制器，设置在控制板上，用于对显示数据进行处理；串行数字接口，集成在控制板上，与控制器相连接，通过同轴线缆连接到LED显示屏上。本发明解决了LED显示屏网线传输数据稳定性比较差的技术问题。
89. 104989933 壁挂式显示屏的安装组件及壁挂式显示装置
CN
21.10.2015
F16M 13/02 Loading...
F16M 13/02
Loading...
201510446987.4
利亚德光电股份有限公司
刘学建
F16M 13/02
Loading...
本发明提供了一种壁挂式显示屏的安装组件及壁挂式显示装置，其中，壁挂式显示屏的安装组件包括固定设置在支撑体上的壁挂结构(10)以及辅助安装结构(20)，辅助安装结构(20)包括：支撑架(21)，可拆卸地设置在支撑体上；导轨(22)，设置在支撑架(21)上并沿垂直于支撑体的方向延伸；滑块(23)，与显示屏的底边可拆卸地连接，滑块(23)可滑动地设置在导轨(22)上，滑块(23)具有远离壁挂结构(10)的拆装和维护位置以及靠近壁挂结构(10)的连接位置，滑块(23)处于连接位置时，显示屏与壁挂结构(10)连接配合。本发明的技术方案能够有效地解决现有技术中的壁挂式显示屏安装和维护时不易操作的问题。
90. WO/2015/149462 WAFER CIRCUIT
WO
08.10.2015
H01L 23/49 Loading...
H01L 23/49
Loading...
PCT/CN2014/084027
LEYARD OPTOELECTRONIC CO., LTD.
LU, Changjun
H01L 23/49
Loading...
A wafer circuit, comprising: a wafer (10) secured on a substrate; an electrode (20) disposed on the wafer (10); a bonding pad (30) disposed on the substrate; and a plurality of bonding wires (40) with the first ends thereof being connected to the electrode (20) and the second ends thereof being connected to the bonding pad (30), the plurality of bonding wires (40) being connected in parallel connection.
91. 204598390 用于电子设备显示器的亮度调节系统和电子设备显示器
CN
26.08.2015
H05B 37/02 Loading...
H05B 37/02
Loading...
201520244904.9
利亚德光电股份有限公司
卢长军
H05B 37/02
Loading...
本实用新型公开了一种用于电子设备显示器的亮度调节系统和电子设备显示器。该用于电子设备显示器的亮度调节系统包括：探测器，用于探测电子设备显示器屏幕处的照度；控制器，连接于探测器，用于基于多项式拟合算法获取照度对应的电子设备显示器屏幕的最佳显示亮度；以及调节电路，电连接并受控于控制器，用于调节电子设备显示器屏幕的亮度为最佳显示亮度。通过本实用新型，解决了电子设备显示器屏幕的亮度调节效果差的问题，进而控制器基于多项式拟合算法获取照度对应的最佳调节亮度，并利用调节电路将电子设备显示器屏幕的亮度调解为最佳显示亮度，使得对电子设备显示器屏幕亮度的调节效果更佳，提高了人眼观察电子设备显示器时的视觉舒适度。
92. 104821154 数据传输的控制系统、方法、芯片阵列及显示器
CN
05.08.2015
G09G 3/32 Loading...
G09G 3/32
Loading...
201510290808.2
利亚德光电股份有限公司
黄东安
G09G 3/32
Loading...
本发明公开了一种数据传输的控制系统、方法、芯片阵列及显示器。其中，该数据传输的控制系统包括：芯片阵列，包括多行芯片组合，其中，任一行芯片组合中包括至少两个芯片组，其中，芯片组内的各个芯片相互级联；控制器，用于接收显示数据，根据显示数据生成与多行芯片组合对应的多组显示信号，其中，任一组显示信号分成与至少两个芯片组对应的子显示信号，任一路子显示信号接入与其对应的芯片组中第一个芯片的信号输入端。本发明解决了现有技术中在提高数据传输范围时，电磁辐射变大的技术问题。
93. 204270620 LED显示单元底壳、LED显示单元和LED显示装置
CN
15.04.2015
G09F 9/33 Loading...
G09F 9/33
Loading...
201420769250.7
深圳利亚德光电有限公司
李炳锋
G09F 9/33
Loading...
本实用新型提供了一种LED显示单元底壳、LED显示单元和LED显示装置。其中，LED显示单元底壳，包括：壳体(11)，具有第一边缘(12)和第二边缘(13)以及位于第一边缘(12)和第二边缘(13)之间的两个第三边缘(14)，LED显示单元底壳还包括：LED模组安装凸起(21)，设置有壳体(11)的背面上，LED模组安装凸起(21)与一个第一边缘(12)之间形成壳体抵顶间隙。本实用新型的技术方案提高了LED显示装置的整体一致性。
94. WO/2015/010554 LIGHT-EMITTING DIODE DISPLAY SCREEN
WO
29.01.2015
H01L 25/075 Loading...
H01L 25/075
Loading...
PCT/CN2014/082169
LEYARD OPTOELECTRONIC CO., LTD.
LU, Changjun
H01L 25/075
Loading...
An LED display screen comprises an LED display screen substrate (200), an LED chip (210), and a first jointing part (222) and a second jointing part (224). The LED display screen substrate (200) is provided with a drive circuit, and an output end of the drive circuit comprises a first positive electrode (202) and a first negative electrode (204), the first positive electrode (202) and the first negative electrode (204) being located on a first surface of the LED display screen substrate (200); the LED chip (210) is located on the first surface, and an input end of the LED chip (210) comprises a second positive electrode (212) and a second negative electrode (214), the second positive electrode (212) and the second negative electrode (214) being located on a second surface of the LED chip (210), and the second surface is opposite to the first surface; the first positive electrode (202) is jointed to and electrically connected to the second positive electrode (212) by the first jointing part (222), and the first negative electrode (204) is jointed to and electrically connected to the second negative electrode (214) by the second jointing part (224). The LED display screen solves the technical problem in the prior art that the minimum dot pitch of the LED display screen is excessively large due to limited support size during conventional lamp bead encapsulation.
95. 204102489 用于玻璃幕墙的外挂式屏幕
CN
14.01.2015
G09F 9/30 Loading...
G09F 9/30
Loading...
201420391473.4
利亚德光电股份有限公司
耿伟
G09F 9/30
Loading...
本实用新型提供了一种用于玻璃幕墙的外挂式屏幕，包括，多条屏幕灯条，组成屏幕；屏幕安装支架，与玻璃幕墙的基础结构连接；屏幕控制盒，固定安装在屏幕安装支架上，与多条屏幕灯条连接。应用本实用新型的技术方案，采取灯条结构，相对于整体屏幕的平均重量更轻，利用安装支架和控制盒结构连接，结构简单，安装省时、省力效率高。另一方面，由于采取多条屏幕灯条组成屏幕，而灯条之间可以透光，透光率好，不影响室内人员对外观看的视野，不改变建筑物原始外观，不影响室内的采光。
96. 204102930 LED 晶片和LED发光装置
CN
14.01.2015
H01L 33/44 Loading...
H01L 33/44
Loading...
201420385120.3
利亚德光电股份有限公司
卢长军
H01L 33/44
Loading...
本实用新型公开了一种LED晶片和LED发光装置。其中，该LED晶片包括：晶片本体，晶片本体具有相对的第一表面和第二表面，以及位于第一表面与第二表面之间的一个或多个侧表面，其中，第一表面为LED晶片的预设的发光面；物理材料层，设置在第二表面与一个或多个侧表面中的任意一个或多个表面上，其中，物理材料层包括以下材料至少之一：光吸收介质、光反射介质、滤波介质、荧光介质。本实用新型解决了现有的LED晶片的出光质量容易受到外界影响的技术问题。
97. 203982711 显示屏
CN
03.12.2014
G09F 9/33 Loading...
G09F 9/33
Loading...
201420301585.6
利亚德光电股份有限公司
苟建周
G09F 9/33
Loading...
本实用新型提供了一种显示屏。显示屏包括显示屏箱体、设置在显示屏箱体内部的多个显示单元和与显示屏箱体固定连接的支撑部件，其中，每个显示单元通过磁吸的方式分别与支撑部件可拆卸地连接。根据本实用新型的显示屏，该显示屏便于制造、安装及维护。
98. 203982720 LED显示装置
CN
03.12.2014
G09F 9/33 Loading...
G09F 9/33
Loading...
201420370358.9
利亚德光电股份有限公司
王杰
G09F 9/33
Loading...
本实用新型提供了一种LED显示装置，LED显示装置包括：箱体(10)，包括第一表面和与第一表面相对的第二表面，第一表面上设有第一磁性件(11)；显示模组(20)，包括第三表面和与第三表面相对的第四表面，第四表面上设有与第一磁性件(11)配合的第二磁性件(21)，显示模组(20)与箱体(10)通过第一磁性件(11)和第二磁性件(21)连接在一起。本实用新型的技术方案有效地解决了现有技术中LED显示屏的维修不方便的问题。
99. 203979791 间距调节装置及具有其的LED 显示装置
CN
03.12.2014
F16M 11/04 Loading...
F16M 11/04
Loading...
201420276876.4
利亚德光电股份有限公司
刘学建
F16M 11/04
Loading...
本实用新型提供了一种间距调节装置及具有其的LED显示装置，间距调节装置包括第一调节机构，第一调节机构包括：第一连接件(10)，具有第一通孔(11)；第二连接件(20)，与第一连接件(10)相配合，第二连接件(20)具有第二通孔(21)；调节销(30)，包括第一柱段(33)以及设置在第一柱段(33)一端的偏心段(32)，第一柱段(33)与第一通孔(11)配合且偏心段(32)与第二通孔(21)配合，偏心段(32)在第二通孔(21)内偏心转动，以调节第一连接件(10)与第二连接件(20)之间的距离；止转件(40)，偏心段(32)偏心转动后通过止转件(40)固定。本实用新型的技术方案有效地解决了现有技术中的LED产品单元之间的间隙不能调节的问题。
100. 203963648 LED灯条及具有其的LED显示屏
CN
26.11.2014
F21S 4/00 Loading...
F21S 4/00
Loading...
201420321283.5
深圳利亚德光电有限公司
李炳锋
F21S 4/00
Loading...
本实用新型提供了一种LED灯条及具有其的LED显示屏。LED灯条包括条形框架、设置在条形框架内的PCB板以及设置在PCB板上的多个LED灯，条形框架包括凹槽，凹槽的侧壁面具有凹凸结构，LED灯条还包括密封层，密封层填充在凹槽内并覆盖PCB板的上表面和凹凸结构的表面。根据本实用新型，该显示屏的加工效率高，安装维护方便。
101. 203870919 顶棚向导
CN
08.10.2014
G09F 9/33 Loading...
G09F 9/33
Loading...
201420243998.3
利亚德光电股份有限公司
陈舒
G09F 9/33
Loading...
本实用新型提供了一种顶棚向导，包括显示件，显示件包括：显示板；显示板安装框架，具有在水平方向上间隔设置的两个第一边框和在竖直方向上间隔设置的两个第二边框，显示板固定设置在显示板安装框架上；顶棚向导还包括：透明保护板，位于显示板的前方，透明保护板具有在水平方向上间隔设置的两个第一边缘和在竖直方向上间隔设置的两个第二边缘，至少一个第一边缘上设置有朝向显示板安装框架延伸的第一翻边，第一翻边包覆对应的第一边框并与该第一边框固定连接，和/或至少一个第二边缘上设置有朝向显示板安装框架延伸的第二翻边，第二翻边包覆对应的第二边框并与该第二边框固定连接。本实用新型的顶棚向导能够防止显示板受到损坏。
102. 203870921 用于显示屏的组装装置
CN
08.10.2014
G09F 9/33 Loading...
G09F 9/33
Loading...
201420276852.9
利亚德光电股份有限公司
陈舒
G09F 9/33
Loading...
本实用新型提供了一种用于显示屏的组装装置。组装装置包括第一支体和与第一支体配合以将相邻两个显示屏单元或者显示屏箱体连接在一起的第二支体，组装装置还包括：锁止机构，锁止机构具有锁止状态和解锁状态；锁止机构包括第一卡接部和与第一卡接部配合的第二卡接部，第一卡接部具有第一位置和第二位置，在第一位置，第一卡接部和第二卡接部卡接，在第二位置，第一卡接部和第二卡接部脱离。根据本实用新型的组装装置，可以快速组装和拆卸显示屏。
103. 203871371 晶片电路
CN
08.10.2014
H01L 33/62 Loading...
H01L 33/62
Loading...
201420165158.X
利亚德光电股份有限公司
卢长军
H01L 33/62
Loading...
本实用新型公开了一种晶片电路。该晶片电路包括：晶片，固定在基板上；电极，设置在晶片上；焊盘，设置在基板上；以及多根焊线，多根焊线的第一端均连接至电极，多根焊线的第二端均连接至焊盘，其中，多根焊线为并联焊线。通过本实用新型，解决了相关技术中晶片电路容易发生异常的问题。
104. 203870948 LED显示屏控制系统
CN
08.10.2014
G09G 3/32 Loading...
G09G 3/32
Loading...
201420260210.X
利亚德光电股份有限公司
张硕
G09G 3/32
Loading...
本实用新型公开了一种LED显示屏控制系统。该LED显示屏控制系统包括：驱动板，设置有USB接口，所述驱动板用于通过所述USB接口接收第一视频信号，并将所述第一视频信号转换为第二视频信号；以及LED驱动电路，与所述驱动板和所述LED显示屏相连接，用于驱动所述LED显示屏显示所述第二视频信号对应的视频内容。通过本实用新型，解决了现有技术中LED显示屏控制系统的信号传输带宽较窄的问题，达到了提高LED显示屏控制系统的信号传输带宽的效果。
105. 203870924 显示屏
CN
08.10.2014
G09F 9/33 Loading...
G09F 9/33
Loading...
201420289201.3
利亚德光电股份有限公司
苟建周
G09F 9/33
Loading...
本实用新型提供了一种显示屏。显示屏包括显示屏箱体，设置在显示屏箱体内部的LED单元和透明板，显示屏还包括固定部件，固定部件包括：压条，透明板被压紧在压条和显示屏箱体之间；锁紧件，锁紧件用于将压条锁紧在显示屏箱体的一侧。根据本实用新型的显示屏，该显示屏的加工效率高，安装维护方便。
106. WO/2014/139251 FIXING DEVICE
WO
18.09.2014
G09F 7/20 Loading...
G09F 7/20
Loading...
PCT/CN2013/078767
LEYARD OPTOELECTRONIC CO., LTD.
WANG, Jie
G09F 7/20
Loading...
A fixing device comprises: a pedestal (10), a rack (20), and a connection arm (30). A first slide slot (11) extending along a first direction is provided on the pedestal (10), and a first limiting portion is provided inside the first slide slot (11); the rack (20) is mounted on the pedestal (10) in a removable manner, a slide block (21) is provided on the rack (20), and a limited portion of a shape fitting with that of the first limiting portion is provided on the slide block (21), wherein the first limiting portion and the limited portion form a fastening structure, so that the rack (20) is vertically fixed on the pedestal (10); a first end of the connection arm (30) is mounted on the rack (20), and a second end thereof has a mounting portion (31) connected to a display screen. For the fixing device, the slide block (21) fits with the first slide slot (11) so that the first limiting portion and the limited portion form a fastening structure; moreover, the fixing device can be used repeatedly, and assembled and disassembled conveniently.
107. WO/2014/139278 LED DISPLAY DEVICE
WO
18.09.2014
G09F 9/33 Loading...
G09F 9/33
Loading...
PCT/CN2013/084216
LEYARD OPTOELECTRONIC CO., LTD.
ZHANG, Longhu
G09F 9/33
Loading...
An LED display device, comprising: an LED display panel (1); and a mask arranged on one side of the LED display panel (1). The mask comprises a plurality of light-transmitting mask units (10), wherein each light-transmitting mask unit (10) is bonded to the LED display panel (1), and positioning structures are arranged between the light-transmitting mask units (10) and the LED display panel (1) so as to limit the bonding location of each light-transmitting mask unit (10) on the LED display panel (1). The LED display device has the advantages of a small splicing gap and a good display effect.
108. 203825957 显示模组及具有其的显示屏
CN
10.09.2014
G09F 9/30 Loading...
G09F 9/30
Loading...
201420199382.0
深圳利亚德光电有限公司
李炳锋
G09F 9/30
Loading...
本实用新型提供了一种显示模组及具有其的显示屏，该显示模组包括面罩、底壳以及卡扣组件，面罩和底壳通过卡扣组件连接，卡扣组件包括：第一卡扣件和第二卡扣件，第一卡扣件和第二卡扣件均设置面罩的朝向底壳的一侧上，第一卡扣件包括第一弹性连接部和第一卡钩，第一卡钩上设有第一止挡面和第一导向面，第一止挡面与第一导向面形成锐角夹角；底壳包括第一壁和与第一壁相对的第二壁，第一壁上设有与第一卡钩配合的第一止挡件，第一止挡件具有与第一导向面配合的第二导向面以及与第一止挡面配合的第一卡接台阶。本实用新型的技术方案有效地解决了现有技术中面罩与底壳的拆装时间比较长的问题。
109. 203825962 LED 灯条显示屏的连接架和具有其的LED灯条显示屏
CN
10.09.2014
G09F 9/33 Loading...
G09F 9/33
Loading...
201420199371.2
深圳利亚德光电有限公司
李炳锋
G09F 9/33
Loading...
本实用新型提供了一种LED灯条显示屏的连接架和具有其的LED灯条显示屏。其中，LED灯条显示屏的连接架包括：在第一方向上延伸的基体(10)，基体(10)上设置有密封物容纳机构，密封物容纳机构包括与待安装的多个LED灯条的底部一一对应设置的多个密封物容纳槽(20)。本实用新型的技术方案提高了LED灯条与连接架之间的密封性能。
110. 203801017 LED电视
CN
27.08.2014
H04N 5/64 Loading...
H04N 5/64
Loading...
201420149747.9
利亚德光电股份有限公司
刘学建
H04N 5/64
Loading...
本实用新型提供了一种LED电视，包括：LED显示屏（10），包括多个LED显示单元（11），多个LED显示单元（11）中的相邻两个LED显示单元（11）可拆卸地连接，LED显示屏（10）具有在第一方向上相对设置的两个侧部边缘（12）以及均位于两个侧部边缘（12）之间的顶部边缘（13）和底部边缘（14）。本实用新型的LED电视为拼接组合而成，不仅能够满足所需要的尺寸并且还方便运输、组装以及维护。
111. 203799596 LED显示装置
CN
27.08.2014
G09F 9/33 Loading...
G09F 9/33
Loading...
201420141024.4
利亚德光电股份有限公司
顾彬
G09F 9/33
Loading...
本实用新型提供了一种LED显示装置，包括：LED显示屏，包括至少一个LED显示单元；框架（10），LED显示屏固定在框架（10）上，框架（10）包括底部边框（11）、顶部边框（12）以及设置在底部边框（11）和顶部边框（12）之间的两个侧部边框（13），框架（10）仅为一个，底部边框（11）具有位于LED显示屏的下方并且支撑该LED显示屏的支撑部（14）。本实用新型的LED显示装置降低了制造成本和装配强度。
112. 203788605 LED 显示屏的壳体组件及具有其的LED 显示屏
CN
20.08.2014
H05K 5/06 Loading...
H05K 5/06
Loading...
201420182410.8
深圳利亚德光电有限公司
李炳锋
H05K 5/06
Loading...
本实用新型提供了一种LED显示屏的壳体组件及具有其的LED显示屏，其中，LED显示屏的壳体组件包括：底壳（10）；后盖（20），设置在底壳（10）上，底壳（10）具有支撑后盖（20）的支撑部（11），后盖（20）上设置有与支撑部（11）相接触的环形配合部（21），支撑部（11）上设置有朝向后盖（20）延伸的第一环形凸起（12），环形配合部（21）位于第一环形凸起（12）所围成的区域内，环形配合部（21）与第一环形凸起（12）之间形成环形间隙区（22），环形间隙区（22）内设置有密封物。本实用新型的技术方案具有更好的密封效果。
113. 103982755 Distance adjusting device and LED (Light Emitting Diode) display device thereof
CN
13.08.2014
F16M 11/04 Loading...
F16M 11/04
Loading...
201410228871.9
利亚德光电股份有限公司
刘学建
F16M 11/04
Loading...
The invention provides a distance adjusting device and an LED (Light Emitting Diode) display device thereof. The distance adjusting device comprises a first adjusting mechanism; the first adjusting mechanism comprises a first connection part (10) which is provided with a first through hole (11), a second connection part (20) which is matched with the first connection part and provided with a second through hole (21), an adjusting pin (30) which comprises a first column section (33) and an eccentric section (32) which is arranged at one end of the first column section (33) and a rotation stopping part (40); the first column section (33) is matched with the first through hole (11); the eccentric section (32) is matched with the second through hole (21); the eccentric section (32) rotates eccentrically inside the second through hole (21) to adjust the distance between the first connection part (10) and the second connection part (20); the eccentric section (32) is fixed through the rotation stopping part (40) after eccentric rotation. According to the technical scheme, the distance adjusting device effectively solves the problem that gaps between LED product units in the prior art cannot be adjusted.
114. WO/2014/117459 SYNCHRONOUS SIGNAL PROCESSING METHOD AND DEVICE FOR STEREOSCOPIC DISPLAY OF SPLICED-SCREEN BODY, AND SPLICED-SCREEN BODY
WO
07.08.2014
H04N 13/00 Loading...
H04N 13/00
Loading...
PCT/CN2013/076506
LEYARD OPTOELECTRONIC CO., LTD.
LEI, Weilin
H04N 13/00
Loading...
The present invention provides a synchronous signal processing method and device for stereoscopic display of a spliced-screen body, and a spliced-screen body, wherein the spliced-screen body comprises a plurality of modular screens spliced with one another. The method comprises: selecting a first modular screen from a plurality of modular screens according to a preset rule; obtaining a synchronous signal for stereoscopic display through the first modular screen, wherein the synchronous signal is used for instructing the modular screens to perform synchronous display of video images; and transmitting the synchronous signal to the other modular screens through the first modular screen according to a preset rule. By means of the technical solution provided by the present invention, the technical problems of high cost, complex implementation, and the like existing in synchronous signal sending solutions in the related technologies are solved, so that the cost is reduced and the complexity of a synchronization mode is also lowered.
115. 203746367 LED 显示组件
CN
30.07.2014
G09F 9/33 Loading...
G09F 9/33
Loading...
201420098768.2
利亚德光电股份有限公司
王杰
G09F 9/33
Loading...
本实用新型提供了一种LED显示组件，包括：LED显示单元，包括：基板（10）和设置在基板（10）上的至少一个LED灯组（11），LED灯组（11）包括多个沿第一方向间隔设置的LED像素灯，LED灯组（11）中的相邻的两个LED像素灯之间设置有第一限位部以防止该相邻的两个LED像素灯相向移动。本实用新型的LED显示组件提高了LED像素灯的结构稳定性。
116. 203746365 LED显示装置
CN
30.07.2014
G09F 9/33 Loading...
G09F 9/33
Loading...
201420067446.1
利亚德光电股份有限公司
刘学建
G09F 9/33
Loading...
本实用新型提供了一种LED显示装置，包括：LED显示屏，包括至少一个LED显示单元，LED显示单元包括基板（10）和设置在基板（10）上的LED像素灯；保护屏（20），LED像素灯位于保护屏（20）和基板（10）之间，保护屏（20）包括颜色层，颜色层的颜色为灰色或黑色，保护屏（20）的透光率大于45％。本实用新型的LED显示装置弱化灯面缺陷并且提高色彩和亮度的均匀度。
117. 203746364 LED显示装置
CN
30.07.2014
G09F 9/33 Loading...
G09F 9/33
Loading...
201420066718.6
利亚德光电股份有限公司
刘学建
G09F 9/33
Loading...
本实用新型提供了一种LED显示装置，包括：LED显示屏，包括至少一个LED显示单元，LED显示单元包括基板和设置在基板上的LED像素灯；保护屏，LED像素灯位于保护屏和基板之间，LED显示装置还包括：下导向基体，设置在LED显示装置上，下导向基体具有沿第一方向延伸的且用于支撑保护屏的支撑部和止挡保护屏的第一止挡部，第一止挡部和基板之间形成允许保护屏沿第一方向移动的第一容纳间隙；上导向基体，设置在LED显示装置上，上导向基体具有止挡保护屏的第二止挡部，第二止挡部和基板之间形成允许保护屏沿第一方向移动的第二容纳间隙，上导向基体与下导向基体在垂直于第一方向上间隔设置。本实用新型的LED显示装置更方便维护。
118. 203691770 壳体组件及具有其的LED显示装置
CN
02.07.2014
H05K 5/00 Loading...
H05K 5/00
Loading...
201320639972.6
利亚德光电股份有限公司
孙雪超
H05K 5/00
Loading...
本实用新型提供了一种壳体组件及具有其的LED显示装置。其中，壳体组件，包括相互连接的壳体和盖体，壳体和盖体之间通过限位组件连接，限位组件包括第一限位组件和第二限位组件，其中，第一限位组件在沿盖体和壳体的叠置方向上将盖体限位在壳体上，第二限位组件在沿垂直于叠置方向上将盖体限位在壳体上，第一限位组件和/或第二限位组件包括：拨钮式限位装置和锁槽，拨钮式限位装置包括滑槽和可移动地设置在滑槽内的拨钮，拨钮具有插入至锁槽内的锁定位置以及与锁槽分离的解锁位置。本实用新型的技术方案有效地解决了现有技术中壳体组件在壳体和盖体组装中操作不方便的问题。
119. 103854598 LED display
CN
11.06.2014
G09G 3/32 Loading...
G09G 3/32
Loading...
201210501971.5
利亚德光电股份有限公司
卢长军
G09G 3/32
Loading...
Disclosed in the invention is an LED display comprising an LED display panel and a display drive circuit. The display drive circuit includes a switching circuit and a control circuit. The switching circuit consists of a first sub switching circuit and a second sub switching circuit; the first sub switching circuit includes one or more field-effect tubes; and the second sub switching circuit includes one or more field-effect tubes. The control circuit includes a power supplying control circuit that is connected with a third terminal of the switching circuit by a power supplying control port. According to the LED display provided by the application, the switching circuit and the control circuit are integrated to the display drive circuit; and the switching circuit includes the first sub switching circuit and the second sub switching circuit and the first sub switching circuit and the second sub switching circuit respectively control power supplying of R/G/B primary colors of rows in an LED particle array with M rows and N columns in the LED display panel. Therefore, effects that the area of the panel occupied by the control circuit of the LED display is small, the design is simple, the refresh rate is high, and the power consumption is low can be realized.
120. 103854597 LED display and LED control system
CN
11.06.2014
G09G 3/32 Loading...
G09G 3/32
Loading...
201210501956.0
利亚德光电股份有限公司
卢长军
G09G 3/32
Loading...
The invention discloses an LED display and an LED control system. The display comprises an LED display panel and a display drive circuit. The display drive circuit consists of a switching circuit, a drive circuit and a control circuit; a first terminal of one of the switching circuit and the drive circuit is connected to a power terminal of a power supply unit and a first terminal of the other one of the switching circuit and the drive circuit is connected to a grounding terminal of the power supply unit; a second terminal of one of the switching circuit and the drive circuit is connected with an anode of the LED display panel and a second terminal of the other one is connected with a cathode of the LED display panel. The control circuit includes a power supplying control circuit and a drive control circuit; the power supplying control circuit is connected with a third terminal of the switching circuit of a power supplying control port; and the drive control circuit controls conduction or cutting off of the drive circuit. According to the invention, the switching circuit, the drive circuit and the control circuit are integrated to the display drive circuit; and effects that the area of the panel occupied by the control circuit of the LED display is small, the design is simple, and the refresh rate is high can be realized.
121. 103857106 LED驱动电路及控制系统
CN
11.06.2014
H05B 37/02 Loading...
H05B 37/02
Loading...
201210501152.0
利亚德光电股份有限公司
卢长军
H05B 37/02
Loading...
本发明公开了一种LED驱动电路及控制系统。其中，该LED驱动电路包括：包括驱动控制电路和恒流通道组电路，其中，驱动控制电路包括：逻辑控制电路和时钟延迟电路，其中，逻辑控制电路，与恒流通道组电路连接，用于使用数据控制信号控制恒流通道组电路的有序导通或截止；时钟延迟电路，与逻辑控制电路连接，用于获取与数据控制信号同步的时序控制信号，并输出时序控制信号。通过本申请，在LED驱动电路中集成时钟延迟电路，可以实现了数据控制信号与时序控制信号同步，且减少PCB布线的数量，降低了时序控制信号对PCB布图板上信号的影响的效果，从而使得LED准确显示，且提高了LED单元板信号传输质量及抗干扰能力，降低LED单元板的布线难度。
122. WO/2014/082431 LED DISPLAY DEVICE AND LED CONTROL SYSTEM
WO
05.06.2014
G09G 3/32 Loading...
G09G 3/32
Loading...
PCT/CN2013/076052
LEYARD OPTOELECTRONIC CO., LTD.
LU, Changjun
G09G 3/32
Loading...
An LED display device and an LED control system. The display device comprises: an LED display panel (10); a display driver circuit (30) that comprises: a switch circuit (31), a driver circuit (33), and a control circuit (35), where a first terminal of one between the switch circuit (31) and the driver circuit (33) is connected to a power supply terminal of a power supply device, while a first terminal of the other is connected to a ground terminal of the power supply device, and a second terminal of the one between the switch circuit (31) and the driver circuit (33) is connected to an anode of the LED display panel (10), while a second terminal of the other is connected to a cathode of the LED display panel (10); and, a control circuit (35) that comprises: a power supply control circuit (351) and a driver control circuit (353), where the power supply control circuit (351) is connected to a third terminal of the switch circuit (31) via a power supply control port, and the driver control circuit (353) controls the turning on or turning off of the driver circuit (33). The display device integrates the switch circuit (31), the driver circuit (33), and the control circuit (35) into the display driver circuit (30).
123. WO/2014/082434 LED DRIVER CIRCUIT AND CONTROL SYSTEM
WO
05.06.2014
G09F 9/33 Loading...
G09F 9/33
Loading...
PCT/CN2013/076607
LEYARD OPTOELECTRONIC CO., LTD.
LU, Changjun
G09F 9/33
Loading...
Disclosed are an LED driver circuit and a control system. The LED driver circuit comprises: a driver control circuit and a constant current channel group circuit. The driver control circuit comprises: a logic control circuit and a clock delay circuit. The logic control circuit is connected to the constant current channel group circuit and is for use in using a data control signal to control ordered turning on or turning off of the constant current channel group circuit. The clock delay circuit is connected to the logic control circuit and is for use in acquiring a timing control signal that is synchronized with the data control signal and in outputting the timing control signal. By integrating the clock delay circuit into the LED driver circuit, the present invention allows for the implementation of synchronization between the data control signal and the timing control signal, reduces the number of PCB wirings, and reduces effects that the timing control signal has on signals on a PCB layout board, thus allowing for accurate LED display, increasing signal transmission quality and anti-interference capabilities of an LED unit board, and reducing the difficulty in wiring the LED unit board.
124. WO/2014/082435 LED DISPLAY DEVICE
WO
05.06.2014
G09G 3/32 Loading...
G09G 3/32
Loading...
PCT/CN2013/076609
LEYARD OPTOELECTRONIC CO., LTD.
LU, Changjun
G09G 3/32
Loading...
An LED display device comprising: an LED display panel (10); a display driver circuit (30) that comprises: a switch circuit (31) and a control circuit (35), where the switch circuit (31) comprises a first sub-switch circuit (311) and a second sub-switch circuit (313), wherein the first sub-switch circuit (311) comprises one or multiple field-effect transistors, and the second sub-switch circuit (313) comprises one or multiple field-effect transistors; and, a control circuit (35) that comprises: a power supply control circuit (351), where the power supply control circuit (351) is connected to a third terminal of the switch circuit (31) via a power supply control port. By integrating the switch circuit (31) and the control circuit (35) into the display driver circuit (30), and by having the two sub-switch circuits to control respectively power supplies for R/G/B primary colors in an array of M-number of rows*an N-number of columns of LED particles in the LED display panel (10), implemented is the effect that the control circuit (35) of the LED display device is provided with a reduced footprint on the panel, a simplified design, an increased refreshing rate, and a reduced power consumption.
125. WO/2014/082433 LED DISPLAY DEVICE
WO
05.06.2014
G09G 3/32 Loading...
G09G 3/32
Loading...
PCT/CN2013/076604
LEYARD OPTOELECTRONIC CO., LTD.
LU, Changjun
G09G 3/32
Loading...
An LED display device comprising: an LED display panel (10); a display driver circuit (30) that comprises: a driver circuit (33) and a control circuit (35). The driver circuit (33) comprises a first constant current channel group (331), a second constant current channel group (333), and a third constant current channel group (335). The first constant current channel group (331) controls the display of a red lamp of the LED display panel (10), the second constant current channel group (333) controls the display of a green lamp of the LED display panel (10), and the third constant current channel group (335) controls the display of a blue lamp of the LED display panel (10). The control circuit (35) comprises: a driver control circuit (353). The driver control circuit (353) is for use in controlling the turning on or turning off of the driver circuit (33). By integrating the driver circuit (33) and the control circuit (35) into the display circuit (30), and as the driver circuit (33) comprises the three constant current channel groups that respectively control the ordered display of the three primary colors in an array of LED particles, implemented is the effect that the control circuit (35) of the LED display device is provided with a reduced footprint on the panel, a simplified design, an increased refreshing rate, and a reduced power consumption.
126. 103824527 LED display device
CN
28.05.2014
G09F 9/33 Loading...
G09F 9/33
Loading...
201410051881.X
利亚德光电股份有限公司
刘学建
G09F 9/33
Loading...
The invention provides an LED display device comprising an LED display screen, a protection screen, a lower guide base body and an upper guide base body. The LED display screen comprises at least one LED display unit which comprises a substrate and an LED pixel lamp arranged on the substrate. Each LED pixel lamp is arranged between the protection screen and the corresponding substrate. The lower guide base body arranged on the LED display device is provided with a support portion extending along a first direction and used for supporting the protection screen and a first stop portion used for stopping the protection screen, and a first accommodating gap allowing the protection screen to move along the first direction is formed between the first stop portion and the corresponding substrate. The upper guide base body arranged on the LED display device is provided with a second stop portion for stopping the protection screen, a second accommodating gap allowing the protection screen to move along the first direction is formed between the second stop portion and the corresponding substrate, and the upper guide base body and the lower guide base body are arranged at an interval in a manner of being perpendicular to the first direction. The LED display device is more convenient to maintain.
127. WO/2014/059791 METHOD AND DEVICE FOR PROCESSING VIDEO IMAGE
WO
24.04.2014
H04N 5/14 Loading...
H04N 5/14
Loading...
PCT/CN2013/076051
LEYARD OPTOELECTRONIC CO., LTD.
LEI, Weilin
H04N 5/14
Loading...
Disclosed are a method and device for processing a video image. The method comprises: receiving an original video image; carrying out adjustment processing on the signal clock frequency of the original video image to acquire a processed video image; after a command signal input by a user is received, carrying out shooting processing on the processed video image according to the preset size, and acquiring a video image corresponding to a display window of the preset size; and carrying out coding processing on the video image corresponding to the display window of the preset size, and acquiring a coded video image. According to the method and device for processing the video image, new line, field and blanking synchronizing signals are acquired through adjusting the clock frequency of an input image, and then, the corresponding shooting output is carried out according to the image display requirements of the user, so that the effect that video images of any resolution are reliably and stably displayed in the best display area range is realized.
128. 203535911 显示模组
CN
09.04.2014
G09F 9/33 Loading...
G09F 9/33
Loading...
201320657876.4
深圳利亚德光电有限公司
李炳锋
G09F 9/33
Loading...
本实用新型提供了一种显示模组，该显示模组包括：底壳；锁止装置，包括通孔、齿轮和锁止条，其中，通孔设置在底壳的后表面上，齿轮安装在通孔中，齿轮的两端分别具有第一被驱动部和第二被驱动部，通孔形成前操作孔，锁止条的第一端具有与齿轮啮合的齿条段，第二端形成锁舌；齿轮盖，连接在底壳上将锁止装置限位在底壳上，齿轮盖具有第一通孔，第一通孔形成后操作孔。应用本实用新型的显示模组，操作第一被驱动部或第二被驱动部可以实现显示模组与箱体的锁紧和解锁，进而显示模组与箱体的装拆快捷，操作更简单，节省操作者的劳动力。
129. 203535912 LED显示装置
CN
09.04.2014
G09F 9/33 Loading...
G09F 9/33
Loading...
201320657890.4
深圳利亚德光电有限公司
李炳锋
G09F 9/33
Loading...
本实用新型提供了一种LED显示装置，包括显示模组和箱体，显示模组安装在箱体上，箱体具有止挡部，显示模组包括：底壳；锁止装置，包括通孔、齿轮和锁止条，其中，通孔设置在底壳的后表面上，齿轮安装在通孔中，齿轮的两端分别具有第一被驱动部和第二被驱动部，通孔形成前操作孔，锁止条的第一端具有与齿轮啮合的齿条段；齿轮盖，连接在底壳上将锁止装置限位在底壳上，齿轮盖具有第一通孔，第一通孔形成后操作孔；其中，止挡部与锁止条配合将显示模组固定在箱体上。应用本实用新型的LED显示装置，操作第一被驱动部或第二被驱动部可以实现显示模组与箱体的锁紧和解锁，进而显示模组与箱体的装拆快捷，操作更简单，节省操作者的劳动力。
130. 203516325 连接装置及具有其的LED显示单元
CN
02.04.2014
F16B 5/06 Loading...
F16B 5/06
Loading...
201320555156.7
利亚德光电股份有限公司
孙雪超
F16B 5/06
Loading...
本实用新型提供了一种连接装置及具有其的LED显示单元。其中，连接装置包括：第一连接件，包括第一基体（10）以及沿第一方向可移动地设置在第一基体（10）上的移动件（20），移动件（20）包括固定杆（21）；第二连接件，包括第二基体（30）和钩体（31），钩体（31）可枢转地设置在第二基体（30）上，钩体（31）具有与固定杆（21）配合的钩挂端（33），在第一方向上，固定杆（21）具有靠近钩挂端（33）并与钩挂端（33）相连接的连接位置以及与远离钩挂端（33）并与钩挂端（33）相脱离的脱离位置。本实用新型的技术方案拆装方便。
131. 203520789 间距调节装置及具有其的LED显示装置
CN
02.04.2014
G09F 9/33 Loading...
G09F 9/33
Loading...
201320631125.5
利亚德光电股份有限公司
王杰
G09F 9/33
Loading...
本实用新型提供了一种间距调节装置及具有其的LED显示装置，该间距调节装置包括：壳体，具有内腔和与内腔连通的开口面；滑块（10），安装在开口面处并沿垂直于开口面的方向可移动地设置在内腔内；传动机构，与滑块（10）驱动连接以驱动滑块（10）沿垂直于开口面的方向移动。应用本实用新型的间距调节装置实现了相邻的两个安装板之间距离大小的精确调节，显示屏拼接过程中显示模组之间的缝隙更均匀，显示屏的显示效果更清晰。
132. 103680341 Mask fixing method of LED display device and LED display device
CN
26.03.2014
G09F 9/33 Loading...
G09F 9/33
Loading...
201310723792.0
LEYARD COMPANY
SUN XUECHAO
G09F 9/33
Loading...
The invention provides a mask fixing method of an LED display device and the LED display device. The mask fixing method of the LED display device comprises the following: step S20, atomizing glue and then spraying the glue onto the surface of the mask facing an LED display lamp panel so as to form a bonding layer; step S40, connecting the mask with the LED display lamp panel through the bonding layer. By adopting the technical scheme, the problem that a mask in the prior art is uneven after being fixed is effectively solved.
133. 203503256 LED 显示装置
CN
26.03.2014
G09F 9/33 Loading...
G09F 9/33
Loading...
201320661369.8
深圳利亚德光电有限公司
李炳锋
G09F 9/33
Loading...
本实用新型提供了一种LED显示装置，包括箱体（10）、显示模组（20）以及控制盒（30），显示模组（20）和控制盒（30）分别安装在箱体（10）的相对的两侧，显示模组（20）包括底壳（21）和安装在底壳（21）上的多个LED灯，LED显示装置还包括面罩（40），面罩（40）与底壳（21）连接，底壳（21）和面罩（40）中之一上设置有连接凸部（41），底壳（21）与面罩（40）中之另一上设置有与连接凸部（41）相适配并且相卡接的连接凹部（22）。本实用新型的技术方案有效地简化了面罩安装的操作，有效地减少了安装过程的劳动强度。
134. 203503255 LED 显示装置
CN
26.03.2014
G09F 9/33 Loading...
G09F 9/33
Loading...
201320661265.7
深圳利亚德光电有限公司
李炳锋
G09F 9/33
Loading...
本实用新型提供了一种LED显示装置，包括箱体（10）、显示模组（20）以及控制盒（30），显示模组（20）和控制盒（30）分别安装在箱体（10）的相对的两侧，显示模组（20）的信号线和控制盒（30）的信号线通过第一插接组件连接，显示模组（20）的电源线和控制盒（30）的电源线通过第二插接组件连接。本实用新型的技术方案可以很方便的断开控制盒与显示模组的连接，从而方便维护人员取下显示模组进行维护。
135. 203456455 发光二极管显示屏
CN
26.02.2014
H01L 25/075 Loading...
H01L 25/075
Loading...
201320453680.3
利亚德光电股份有限公司
卢长军
H01L 25/075
Loading...
本实用新型公开了一种发光二极管显示屏。其包括：LED显示屏基板，LED显示屏基板设置有驱动电路，其中，驱动电路的输出端包括：第一正电极和第一负电极，其中，第一正电极和第一负电极位于LED显示屏基板的第一表面；LED晶片，位于第一表面上，LED晶片的输入端包括：第二正电极和第二负电极，其中，第二正电极和第二负电极位于LED晶片的第二表面，且第二表面与第一表面相对设置；第一接合部件和第二接合部件，其中，第一正电极与第二正电极通过第一接合部件接合并电连接，第一负电极与第二负电极通过第二接合部件接合并电连接。本实用新型解决了现有技术中由于传统封装灯珠中支架的尺寸限制而造成的LED显示屏的最小点间距过大的技术问题。
136. 203456041 LED显示单元及具有其的玻璃幕墙
CN
26.02.2014
G09F 9/33 Loading...
G09F 9/33
Loading...
201320561437.3
利亚德光电股份有限公司
王定芳
G09F 9/33
Loading...
本实用新型提供了一种LED显示单元及具有其的玻璃幕墙。其中，LED显示单元包括：灯条（10），灯条（10）为多个并且在垂直于灯条（10）的方向上彼此间隔设置，多个灯条（10）中的两个相邻灯条（10）之间形成透光间隙，透光间隙能够使光线穿过LED显示单元；连接件（20），多个灯条（10）均安装在连接件（20）上。本实用新型的技术方案提高了透光率。
137. 203456036 边框组件及具有其的LED显示装置
CN
26.02.2014
G09F 9/33 Loading...
G09F 9/33
Loading...
201320520813.4
利亚德光电股份有限公司
刘学建
G09F 9/33
Loading...
本实用新型提供了一种边框组件及具有其的LED显示装置。其中，边框组件包括：内边框（10），用于与显示屏连接；外边框（20），与内边框（10）连接，外边框（20）具有相对的前侧和后侧，外边框（20）具有与内边框（10）接触以支撑内边框（10）的支撑部。本实用新型的技术方案能够兼顾强度、刚度及加工精度。
138. 203456037 连接件、边框、边框组件及LED显示装置
CN
26.02.2014
G09F 9/33 Loading...
G09F 9/33
Loading...
201320520838.4
利亚德光电股份有限公司
刘学建
G09F 9/33
Loading...
本实用新型提供了一种连接件、边框、边框组件及LED显示装置。其中，连接件包括：插销座（10），具有沿第一方向的第一端和第二端，插销座（10）还具有沿第一方向延伸的容纳腔（11）；插销（20），包括插销杆（21），插销杆（21）具有第一端和第二端，插销杆（21）沿第一方向延伸可移动地设置在容纳腔（11）内，其中，插销座（10）的第一端设有避让插销杆的第一避让通孔，插销座（10）的中部设有第一操纵通孔，插销杆（21）的第一端具有沿第一方向突出于插销座（10）的突出位置和缩回的缩回位置。本实用新型的技术方案解决了现有技术中安装方式比较复杂的技术问题。
139. 103456729 LED display screen
CN
18.12.2013
H01L 25/075 Loading...
H01L 25/075
Loading...
201310320930.0
利亚德光电股份有限公司
卢长军
H01L 25/075
Loading...
The invention discloses an LED display screen. The LED display screen comprises an LED display screen substrate, an LED wafer, a first joint element and a second joint element. The LED display screen substrate is provided with a drive circuit, the output end of the drive circuit comprises a first positive electrode and a first negative electrode, and the first positive electrode and the first negative electrode are located on the first surface of the LED display screen substrate. The LED wafer is located on the first surface, the input end of the LED wafer comprises a second positive electrode and a second negative electrode, the second positive electrode and the second negative electrode are located on the second surface of the LED wafer, and the second surface and the first surface are arranged in opposite. The first positive electrode and the second positive electrode are jointed and electrically connected through the first joint element, and the first negative electrode and the second negative electrode are jointed and electrically connected through the second joint element. The LED display screen solves the technical problem that due to the size limitation of a support in traditional packaged lamp beads, the minimum point space of an LED display screen is over large.
140. 103438061 连接装置及具有其的LED显示单元
CN
11.12.2013
F16B 5/06 Loading...
F16B 5/06
Loading...
201310404373.0
利亚德光电股份有限公司
孙雪超
F16B 5/06
Loading...
本发明提供了一种连接装置及具有其的LED显示单元。其中，连接装置包括：第一连接件，包括第一基体（10）以及沿第一方向可移动地设置在第一基体（10）上的移动件（20），移动件（20）包括固定杆（21）；第二连接件，包括第二基体（30）和钩体（31），钩体（31）可枢转地设置在第二基体（30）上，钩体（31）具有与固定杆（21）配合的钩挂端（33），在第一方向上，固定杆（21）具有靠近钩挂端（33）并与钩挂端（33）相连接的连接位置以及与远离钩挂端（33）并与钩挂端（33）相脱离的脱离位置。本发明的技术方案拆装方便。
141. 203325371 显示装置
CN
04.12.2013
G09F 9/33 Loading...
G09F 9/33
Loading...
201320342983.8
利亚德光电股份有限公司
王定芳
G09F 9/33
Loading...
本实用新型提供了一种显示装置，包括显示单元，显示单元包括屏幕；用以降低像素颗粒感的屏幕膜，屏幕膜叠置在屏幕的前方。由于屏幕膜可以降低像素颗粒感，因而当显示单元播放具有摩尔纹的影像时，用户通过屏幕膜观看到的影像不再具有摩尔纹、影像清晰、观看舒适度高。同时，本实用新型中的显示装置具有结构简单、制造成本低的特点。
142. 103426377 边框组件和LED显示装置
CN
04.12.2013
G09F 9/33 Loading...
G09F 9/33
Loading...
201310373789.0
利亚德光电股份有限公司
刘学建
G09F 9/33
Loading...
本发明提供了一种连接件、边框、边框组件及LED显示装置。其中，连接件包括：插销座（10），具有沿第一方向的第一端和第二端，插销座（10）还具有沿第一方向延伸的容纳腔（11）；插销（20），包括插销杆（21），插销杆（21）具有第一端和第二端，插销杆（21）沿第一方向延伸可移动地设置在容纳腔（11）内，其中，插销座（10）的第一端设有避让插销杆的第一避让通孔，插销座（10）的中部设有第一操纵通孔，插销杆（21）的第一端具有沿第一方向突出于插销座（10）的突出位置和缩回的缩回位置。本发明的技术方案解决了现有技术中安装方式比较复杂的技术问题。
143. 203260281 LED灯板组件
CN
30.10.2013
G09F 9/33 Loading...
G09F 9/33
Loading...
201320299599.4
利亚德光电股份有限公司
刘志勇
G09F 9/33
Loading...
本实用新型提供了一种LED灯板组件，包括多个相互拼接的LED灯板（10），相邻的LED灯板（10）之间形成有拼接部，拼接部包括第一拼接边沿（11）和与第一拼接边沿（11）结构适配的第二拼接边沿（12），第一拼接边沿（11）上间隔设置有多个第一连接凸部（111）和多个第一连接凹部（112），第二拼接边沿（12）上设置有与多个第一连接凸部（111）形状适配的多个第二连接凹部（121）以及与多个第一连接凹部（112）形状适配的多个第二连接凸部（122）。本实用新型的LED灯板组件能够有效减小拼接间隙。
144. 103310710 LED显示装置
CN
18.09.2013
G09F 9/33 Loading...
G09F 9/33
Loading...
201210068932.0
利亚德光电股份有限公司
卢长军
G09F 9/33
Loading...
本发明提供了一种LED显示装置，包括：LED灯板，LED灯板的第一侧面上设有多个呈矩形阵列布置的LED灯，每个LED灯的尺寸小于或者等于1.0mm*1.0mm，LED显示装置还包括面罩，面罩上具有一一对应地容纳各LED灯的让位孔，面罩与LED灯板的第一侧面连接。本发明的LED显示装置有效地提高了可靠性以及静电防护性。
145. 203189971 固定装置
CN
11.09.2013
F16M 11/04 Loading...
F16M 11/04
Loading...
201320181346.7
利亚德光电股份有限公司
高海涛
F16M 11/04
Loading...
本实用新型提供了一种固定装置，包括：底座(10)，包括沿第一方向延伸的第一通道(11）和沿第一方向延伸的第一开口，第一开口与第一通道(11）连通；支架（20)，支架（20）上设置有滑块(21），滑块(21）通过第一连接件（22)与支架(20）连接，滑块（21)的最大宽度大于第一开口的两侧面之间的距离；连接臂(30)，第一端具有与支架（20）连接的第一安装部(31)，第二端具有与显示屏连接的第二安装部（32），第一安装部（31)与第二安装部(32)之间连接有连接部(35），其中，第一通道(11）容纳滑块(21)，第一开口避让第一连接件(22)。本实用新型的固定装置能够实现快速拆装并且拆卸后的固定装置运输方便。
146. 203192368 LED显示器
CN
11.09.2013
G09G 3/32 Loading...
G09G 3/32
Loading...
201220646632.1
利亚德光电股份有限公司
卢长军
G09G 3/32
Loading...
本实用新型公开了一种LED显示器。其中，该显示器包括：LED显示面板；显示驱动电路，包括：驱动电路以及控制电路，驱动电路包括第一恒流通道组、第二恒流通道组以及第三恒流通道组，其中，第一恒流通道组控制LED显示面板的红色灯管的显示；第二恒流通道组控制LED显示面板的绿色灯管的显示；第三恒流通道组控制LED显示面板的蓝色灯管的显示；控制电路包括：驱动控制电路，驱动控制电路用于控制驱动电路的导通或截止。通过本实用新型的LED显示器，将驱动电路和控制电路集成到显示驱动电路中，并且驱动电路包括三个恒流通道组，分别控制LED颗粒阵列中的三基色的有序显示，实现了LED显示器的控制电路占用面板的面积小、设计简单、刷新率高且功耗小的效果。
147. 203192365 LED显示器及LED控制系统
CN
11.09.2013
G09G 3/20 Loading...
G09G 3/20
Loading...
201220646141.7
利亚德光电股份有限公司
卢长军
G09G 3/20
Loading...
本实用新型公开了一种LED显示器及LED控制系统。其中，该显示器包括：LED显示面板；显示驱动电路，包括：开关电路、驱动电路以及控制电路，其中，开关电路和驱动电路中之一的第一端连接至供电设备的电源端，另一个的第一端连接至供电设备的接地端；开关电路和驱动电路中之一的第二端与LED显示面板的阳极连接，另一个的第二端与LED显示面板的阴极连接；控制电路，包括：供电控制电路和驱动控制电路，其中，供电控制电路，通过供电控制端口与开关电路的第三端连接；驱动控制电路控制驱动电路的导通或截止。通过本实用新型，将开关电路、驱动电路和控制电路集成到显示驱动电路中，实现了LED显示器的控制电路占用面板的面积小、设计简单且刷新率高的效果。
148. 203192367 LED显示器
CN
11.09.2013
G09G 3/32 Loading...
G09G 3/32
Loading...
201220645692.1
利亚德光电股份有限公司
卢长军
G09G 3/32
Loading...
本实用新型公开了一种LED显示器。其中，该LED显示器包括：LED显示面板；显示驱动电路，包括：开关电路以及控制电路，其中，开关电路包括第一子开关电路和第二子开关电路，其中，第一子开关电路，包括一个或多个场效应管；第二子开关电路，包括一个或多个场效应管；控制电路，包括：供电控制电路，其中，供电控制电路，通过供电控制端口与开关电路的第三端连接。通过本申请的LED显示器，将开关电路和控制电路集成到显示驱动电路中，并且开关电路包括第一子开关电路和第二子开关电路，两个子开关电路分别控制LED显示面板中M行*N列LED颗粒阵列中行的R/G/B基色的供电，实现了LED显示器的控制电路占用面板的面积小、设计简单、刷新率高且功耗小的效果。
149. 103258481 LED灯板组件
CN
21.08.2013
G09F 9/33 Loading...
G09F 9/33
Loading...
201310204658.X
利亚德光电股份有限公司
刘志勇
G09F 9/33
Loading...
本发明提供了一种LED灯板组件，包括多个相互拼接的LED灯板（10），相邻的LED灯板（10）之间形成有拼接部，拼接部包括第一拼接边沿（11）和与第一拼接边沿（11）结构适配的第二拼接边沿（12），第一拼接边沿（11）上间隔设置有多个第一连接凸部（111）和多个第一连接凹部（112），第二拼接边沿（12）上设置有与多个第一连接凸部（111）形状适配的多个第二连接凹部（121）以及与多个第一连接凹部（112）形状适配的多个第二连接凸部（122）。本发明的LED灯板组件能够有效减小拼接间隙。
150. 203134291 LED显示装置
CN
14.08.2013
G09F 9/33 Loading...
G09F 9/33
Loading...
201320117183.6
利亚德光电股份有限公司
张龙虎
G09F 9/33
Loading...
本实用新型提供了一种LED显示装置，包括：LED显示板（1）；面罩，设置在LED显示板（1）的一侧，面罩包括多个透光罩单元（10），各透光罩单元（10）均与LED显示板粘接，并且，透光罩单元（10）和LED显示板（1）之间具有定位结构以限定各透光罩单元（10）在LED显示板（1）上的粘贴位置，每个透光罩单元（10）具有朝向LED显示板（1）的第一侧（11）和背离LED显示板（1）的第二侧（12），第二侧（12）上设置有光栅结构。本实用新型的LED显示装置拼接缝隙小，平整度较好且显示效果较好。
151. 203131347 固定装置
CN
14.08.2013
F16M 11/04 Loading...
F16M 11/04
Loading...
201320117185.5
利亚德光电股份有限公司
王杰
F16M 11/04
Loading...
本实用新型提供了一种固定装置，包括：底座（10），设有沿第一方向延伸的第一滑槽（11），第一滑槽（11）内设有第一限位部；支架（20），可拆卸地安装在底座（10）上，支架（20）上设置有滑块（21），滑块（21）上设置有与第一限位部形状相适配的受限部，其中，第一限位部与受限部形成扣合结构，以使支架（20）沿竖直方向固定在底座（10）上；连接臂（30），第一端安装在支架（20）上，连接臂（30）的第二端具有与显示屏连接的安装部（31）。本实用新型的固定装置通过滑块（21）与第一滑槽（11）的配合，第一限位部与受限部形成扣合结构，能够重复利用并且拆装方便。
152. 203114824 连接装置、固定件、LED显示板及LED显示系统
CN
07.08.2013
F16B 19/02 Loading...
F16B 19/02
Loading...
201320083015.X
利亚德光电股份有限公司
常明
F16B 19/02
Loading...
本实用新型提供了一种连接装置、固定件、LED显示板及LED显示系统。连接装置包括连接件，连接件包括：第一壳体，具有第一容纳腔，第一壳体的第一端连接在被安装部件的背面上，第一壳体的第二端设有插孔，第一容纳腔包括设置在第一壳体的第二端的收缩段，收缩段沿第一壳体的第一端至第二端的方向逐渐收缩地延伸；锁止球，设置在第一容纳腔内；第一弹性件，设置在第一容纳腔内，第一弹性件的第一端抵顶在第一壳体的第一端，第一弹性件的第二端抵顶在锁止球上，锁止球在第一弹性件的作用下处在收缩段内。固定件包括定位销，定位销的侧壁上具有与连接装置的锁止球配合的卡槽。本实用新型的连接装置能够在被安装部件的正面进行拆装并且不损坏被安装部件。
153. 203118362 LED显示装置
CN
07.08.2013
G09F 9/33 Loading...
G09F 9/33
Loading...
201320116982.1
利亚德光电股份有限公司
张龙虎
G09F 9/33
Loading...
本实用新型提供了一种LED显示装置，包括：LED显示板（1）；面罩，设置在LED显示板（1）的一侧，面罩包括多个透光罩单元（10），各透光罩单元（10）均与LED显示板粘接，并且，透光罩单元（10）和LED显示板（1）之间具有定位结构以限定各透光罩单元（10）在LED显示板（1）上的粘贴位置，每个透光罩单元（10）具有朝向LED显示板（1）的第一侧（11）和背离LED显示板（1）的第二侧（12），第二侧（12）呈平面并设置有镜面半透膜。本实用新型的LED显示装置拼接缝隙小，平整度较好且显示效果较好。
154. 203118361 LED显示装置
CN
07.08.2013
G09F 9/33 Loading...
G09F 9/33
Loading...
201320116690.8
利亚德光电股份有限公司
张龙虎
G09F 9/33
Loading...
本实用新型提供了一种LED显示装置，包括：LED显示板（1）；面罩，设置在LED显示板（1）的一侧，面罩包括多个透光罩单元（10），各透光罩单元（10）均与LED显示板（1）粘接，并且，透光罩单元（10）和LED显示板（1）之间具有定位结构以限定各透光罩单元（10）在LED显示板（1）上的粘贴位置。本实用新型的LED显示装置拼接缝隙小，显示效果较好。
155. 203115415 LED显示单元及LED显示系统
CN
07.08.2013
F16M 11/04 Loading...
F16M 11/04
Loading...
201320090000.6
利亚德光电股份有限公司
刘学建
F16M 11/04
Loading...
本实用新型提供了一种LED显示单元及LED显示系统，LED显示单元包括：LED框架，包括沿第一方向延伸的安装通孔，LED框架具有第一表面和与第一表面相对设置的第二表面，安装通孔包括靠近第一表面的第一孔段和靠近第二表面的第二孔段，第一孔段的孔径大于第二孔段；LED显示模块，安装在第一表面上，LED显示模块具有与安装通孔位置对应的并沿第一方向延伸的第一通孔；固定螺栓，包括螺栓杆和螺栓头，螺栓头沿第一方向限位在第一孔段内，螺栓杆穿设在第二孔段内，螺栓头远离螺栓杆的一端具有施力部。本申请的LED显示单元能够方便地在正面进行拆装。
156. 203102757 显示屏的安装装置和显示装置
CN
31.07.2013
G09F 9/00 Loading...
G09F 9/00
Loading...
201320080766.6
深圳利亚德光电有限公司
郑勇
G09F 9/00
Loading...
本实用新型提供了一种显示屏的安装装置和显示装置，安装装置包括：安装边框，安装边框包括首尾依次相连的上边框、第一侧边框、下边框和第二侧边框；散热组件，散热组件包括风扇，风扇安装在下边框上，下边框包括通风孔，通风孔与风扇相对应地设置。由于风扇安装在下边框上，因而雨水等杂质不会通过风扇进入安装装置内部，从而提高了安装装置的防水性能、提高了安装装置的使用可靠性。同时，由于风扇安装在下边框上，因而使安装装置的外形更加美观。本实用新型中的安装装置具有结构简单、制造成本低的特点。
157. 203086778 LED驱动电路及控制系统
CN
24.07.2013
H05B 37/02 Loading...
H05B 37/02
Loading...
201220646609.2
利亚德光电股份有限公司
卢长军
H05B 37/02
Loading...
本实用新型公开了一种LED驱动电路及控制系统。其中，该LED驱动电路包括：包括驱动控制电路和恒流通道组电路，其中，驱动控制电路包括：逻辑控制电路和时钟延迟电路，其中，逻辑控制电路，与恒流通道组电路连接，用于使用数据控制信号控制恒流通道组电路的有序导通或截止；时钟延迟电路，与逻辑控制电路连接，用于获取与数据控制信号同步的时序控制信号，并输出时序控制信号。通过本申请，在LED驱动电路中集成时钟延迟电路，可以实现了数据控制信号与时序控制信号同步，且减少PCB布线的数量，降低了时序控制信号对PCB布图板上信号的影响的效果，从而使得LED准确显示，且提高了LED单元板信号传输质量及抗干扰能力，降低LED单元板的布线难度。
158. 103195783 连接装置、固定件、LED显示板及LED显示系统
CN
10.07.2013
F16B 19/02 Loading...
F16B 19/02
Loading...
201310057356.4
利亚德光电股份有限公司
常明
F16B 19/02
Loading...
本发明提供了一种连接装置、固定件、LED显示板及LED显示系统。连接装置包括连接件，连接件包括：第一壳体，具有第一容纳腔，第一壳体的第一端连接在被安装部件的背面上，第一壳体的第二端设有插孔，第一容纳腔包括设置在第一壳体的第二端的收缩段，收缩段沿第一壳体的第一端至第二端的方向逐渐收缩地延伸；锁止球，设置在第一容纳腔内；第一弹性件，设置在第一容纳腔内，第一弹性件的第一端抵顶在第一壳体的第一端，第一弹性件的第二端抵顶在锁止球上，锁止球在第一弹性件的作用下处在收缩段内。固定件包括定位销，定位销的侧壁上具有与连接装置的锁止球配合的卡槽。本发明的连接装置能够在被安装部件的正面进行拆装并且不损坏被安装部件。
159. 103153008 Display device
CN
12.06.2013
H05K 5/00 Loading...
H05K 5/00
Loading...
201310044206.X
利亚德光电股份有限公司
王定芳
H05K 5/00
Loading...
The invention provides a display device which comprises a display unit and a box body. The display unit is mounted in the box body which is in a flat shape. The box body comprises a main wall and a side wall extending around the periphery of the main wall, and the side wall of the box body is provided with an opening used for displaying in and out of the display unit. When the display unit needs maintaining by staff, the display unit can be maintained just through pulling out of the display unit from the opening. Due to the fact that a narrow maintenance space does not exist in the display device, maintenance dead angles do not exist, and the staff can conveniently overhaul arbitrary positions of the display unit, and due to the fact that the staff do not need to stand in the maintenance space of the display device to maintain the display unit any more, dangers of clamped injuries are avoided, and potential safety hazards are eliminated. At the same time, the display device has the advantages of being simple in structure, and low in manufacturing cost.
160. 202991765 连接装置、LED显示单元及LED显示系统
CN
12.06.2013
F16B 19/02 Loading...
F16B 19/02
Loading...
201220653797.1
利亚德光电股份有限公司
孙雪超
F16B 19/02
Loading...
本实用新型提供了一种连接装置、LED显示单元及LED显示系统，连接装置包括：第一连接件、第二连接件和紧固件；第一连接件包括第一壳体、插销件、驱动杆和复位弹性件，其中，第一壳体的内部具有导向通道；插销件包括导向部和插销部，导向部可移动地设置在导向通道内，插销部具有伸出第一壳体的伸出位置和缩回第一壳体的缩回位置，插销部的自由端设有连接孔；驱动杆的中部可枢转地安装在第一壳体上，驱动杆的第一端与导向部驱动配合；复位弹性件设置在第一壳体的内部并与导向部配合，第二连接件包括第二壳体，第二壳体具有紧固件穿孔和插销孔；紧固件穿设在紧固件穿孔内并将插销部固定在插销孔内。本实用新型的连接装置的连接和拆卸更快捷、更方便。
161. 103150971 LED显示装置
CN
12.06.2013
G09F 9/33 Loading...
G09F 9/33
Loading...
201310081814.8
利亚德光电股份有限公司
张龙虎
G09F 9/33
Loading...
本发明提供了一种LED显示装置，包括：LED显示板（1）；面罩，设置在LED显示板（1）的一侧，面罩包括多个透光罩单元（10），各透光罩单元（10）均与LED显示板粘接，并且，透光罩单元（10）和LED显示板（1）之间具有定位结构以限定各透光罩单元（10）在LED显示板（1）上的粘贴位置，每个透光罩单元（10）具有朝向LED显示板（1）的第一侧（11）和背离LED显示板（1）的第二侧（12），第二侧（12）呈平面并设置有镜面半透膜。本发明的LED显示装置拼接缝隙小，平整度较好且显示效果较好。
162. 202956996 LED显示装置及具有其的LED显示组件
CN
29.05.2013
G09F 9/33 Loading...
G09F 9/33
Loading...
201220548623.9
深圳利亚德光电有限公司
李炳锋
G09F 9/33
Loading...
本实用新型提供了一种LED显示装置及具有其的LED显示组件。其中，LED显示装置包括基板(20)和与所述基板(20)连接的后盖(10)，后盖(10)包括本体部(14)和挂钩部(11)，后盖(10)上设有第一连接孔(12)；基板(20)上设有与第一连接孔(12)相对应的第二连接孔(22)以及与挂钩部(11)相对应的挂钩连接孔(21)，其中，挂钩部(11)相对挂钩连接孔(21)具有插拔位置和勾挂位置，在挂钩部(11)处于勾挂位置时，在第一连接孔(12)和第二连接孔(22)中穿设第一紧固件以使后盖(10)和基板(20)固定连接。本实用新型的LED显示装置装配和拆卸简单，有效地节约了装配和拆卸时间。
163. 202955075 连接装置、LED显示单元及LED显示系统
CN
29.05.2013
F16B 5/00 Loading...
F16B 5/00
Loading...
201220559637.0
深圳利亚德光电有限公司
李炳锋
F16B 5/00
Loading...
本实用新型提供了一种连接装置、LED显示单元及LED显示系统。其中，连接装置包括：第一连接件，包括第一基座和挂钩，挂钩的第一端可枢转地安装在第一基座上，挂钩的第二端具有钩体部；第二连接件，包括第二基座、挂钩配合轴和挂钩固定部，挂钩配合轴可枢转地安装在第二基座上，挂钩固定部安装在挂钩配合轴上，其中，挂钩的钩体部相对挂钩配合轴具有勾挂位置和分离位置，挂钩固定部具有与钩体部配合的锁止位置和解锁位置，当挂钩固定部位于锁止位置时钩体部固定在勾挂位置。本实用新型的连接装置结构简单、拆装方便。
164. 103115229 LED显示单元及LED显示系统
CN
22.05.2013
F16M 11/04 Loading...
F16M 11/04
Loading...
201310062370.3
利亚德光电股份有限公司
刘学建
F16M 11/04
Loading...
本发明提供了一种LED显示单元及LED显示系统，LED显示单元包括：LED框架，包括沿第一方向延伸的安装通孔，LED框架具有第一表面和与第一表面相对设置的第二表面，安装通孔包括靠近第一表面的第一孔段和靠近第二表面的第二孔段，第一孔段的孔径大于第二孔段；LED显示模块，安装在第一表面上，LED显示模块具有与安装通孔位置对应的并沿第一方向延伸的第一通孔；固定螺栓，包括螺栓杆和螺栓头，螺栓头沿第一方向限位在第一孔段内，螺栓杆穿设在第二孔段内，螺栓头远离螺栓杆的一端具有施力部。本申请的LED显示单元能够方便地在正面进行拆装。
165. 202929971 LED显示屏
CN
08.05.2013
G09F 9/33 Loading...
G09F 9/33
Loading...
201220652695.8
利亚德光电股份有限公司
王定芳
G09F 9/33
Loading...
本申请提供了一种LED显示屏。根据本申请的LED显示屏，包括显示屏箱体；进风管，设置在显示屏箱体中，进风管的进风口处设置有进风风机；出风管，设置在显示屏箱体中，出风管的出风口处设置有出风风机；进风管与出风管之间形成循环风道。通过在显示屏箱体内设置进风管和出风管，且在风管口处设置风机，加快了风速流动，使显示屏箱体内分布散热，不积热，显示屏散热均匀，散热效率高。
166. 202917118 LED显示装置的安装架组件及具有其的LED显示装置
CN
01.05.2013
G09F 9/33 Loading...
G09F 9/33
Loading...
201220604141.0
深圳利亚德光电有限公司
李炳锋
G09F 9/33
Loading...
本实用新型提供了一种LED显示装置的安装架组件及具有其的LED显示装置。其中，LED显示装置的安装架组件包括：矩形框体，包括两个相对设置的第一边框（10）和两个相对设置的第二边框（20），相邻的所述第一边框（10）和第二边框（20）之间通过拐角连接件（40）连接；控制盒（30），连接在两个第一边框（10）之间。本实用新型的LED显示装置的安装架组件结构简单且结构强度大。
167. 103067729 拼接屏体立体显示的同步信号处理方法及装置、拼接屏体
CN
24.04.2013
H04N 13/00 Loading...
H04N 13/00
Loading...
201310039739.9
利亚德光电股份有限公司
雷伟林
H04N 13/00
Loading...
本发明提供了一种拼接屏体立体显示的同步信号处理方法及装置、拼接屏体，其中，该拼接屏体包括：多个相互拼接的模块屏，上述方法包括：从多个模块屏中按照预设规则选择第一模块屏；通过第一模块屏获取用于立体显示的同步信号，其中，同步信号用于指示多个模块屏进行视频图像的同步显示；通过第一模块屏将同步信号按照预设规则传输至其它模块屏。采用本发明提供的上述技术方案，解决了相关技术中，同步信号的发送方案存在的成本高，实现复杂等技术问题，从而在降低成本的同时，也降低了同步方式的复杂度。
168. 202900866 连接装置、LED显示单元及LED显示系统
CN
24.04.2013
F16B 5/00 Loading...
F16B 5/00
Loading...
201220548267.0
深圳利亚德光电有限公司
李炳锋
F16B 5/00
Loading...
本实用新型提供了一种连接装置、LED显示单元及LED显示系统。其中，连接装置包括：第一连接件，包括第一基座和第一销轴，其中，第一基座的端面上设有第一定位孔，第一定位孔的轴线沿第一方向延伸；第一销轴安装在第一基座上并垂直于第一方向延伸，第二连接件，包括第二基座、定位销和挂钩，其中，第二基座的端面上设有第二定位孔，第二定位孔的轴线沿第一方向延伸；定位销安装在第二定位孔内并与第一定位孔配合；挂钩的第一端枢接在第二基座上，挂钩的第二端具有钩体部，钩体部与第一销轴配合时使定位销插入至第一定位孔内。本实用新型结构简单、拆装方便。
169. 103000092 LED显示屏像素共享显示方法、装置和系统
CN
27.03.2013
G09F 9/33 Loading...
G09F 9/33
Loading...
201210572961.0
利亚德光电股份有限公司
常明
G09F 9/33
Loading...
本发明公开了一种LED显示屏像素共享显示方法、装置和系统。其中，像素共享显示方法包括：接收输入图像；复用LED显示屏上的LED灯，得到像素密度等于LED灯排列密度N倍的显示像素，其中，N为自然数，并且N≥12；以及将输入图像的像素点输出到LED显示屏中的显示像素上进行显示。通过本发明，解决了现有技术中LED灯的利用率偏低的问题，进而达到了提高LED灯的利用效率、减少了LED用灯数量的效果。
170. 202838846 LED 显示装置
CN
27.03.2013
G09F 9/33 Loading...
G09F 9/33
Loading...
201220465397.8
利亚德光电股份有限公司
王杰
G09F 9/33
Loading...
本实用新型提供了一种LED显示装置，该LED显示装置包括：外壳体，具有容纳腔；PCB板，连接在外壳体内侧，PCB板上安装有电源。本实用新型的LED显示装置，电源只通过外壳体与外界进行换热，提高了电源与外界之间的热传导效率。
171. 102943802 连接装置、LED显示单元及LED显示系统
CN
27.02.2013
F16B 19/02 Loading...
F16B 19/02
Loading...
201210507296.7
利亚德光电股份有限公司
孙雪超
F16B 19/02
Loading...
本发明提供了一种连接装置、LED显示单元及LED显示系统，连接装置包括：第一连接件、第二连接件和紧固件；第一连接件包括第一壳体、插销件、驱动杆和复位弹性件，其中，第一壳体的内部具有导向通道；插销件包括导向部和插销部，导向部可移动地设置在导向通道内，插销部具有伸出第一壳体的伸出位置和缩回第一壳体的缩回位置，插销部的自由端设有连接孔；驱动杆的中部可枢转地安装在第一壳体上，驱动杆的第一端与导向部驱动配合；复位弹性件设置在第一壳体的内部并与导向部配合，第二连接件包括第二壳体，第二壳体具有紧固件穿孔和插销孔；紧固件穿设在紧固件穿孔内并将插销部固定在插销孔内。本发明的连接装置的连接和拆卸更快捷、更方便。
172. 102930823 LED显示屏像素共享显示方法、装置和系统
CN
13.02.2013
G09G 3/32 Loading...
G09G 3/32
Loading...
201210452133.3
利亚德光电股份有限公司
耿伟
G09G 3/32
Loading...
本发明公开了一种LED显示屏像素共享显示方法、装置和系统。其中，LED显示屏像素共享显示方法包括：接收输入图像；从输入图像的第一行第一列像素点开始选择每相邻4行及相邻4列的16个像素点为一个基本像素单元，得到基本像素单元矩阵，其中，输入图像中的每一个像素点只被选择一次；以及对输入图像进行16次扫描，并将每一个基本像素单元中的16个像素点均输出到LED显示屏中对应的显示像素上进行显示。通过发明，解决了现有技术中LED灯的利用率偏低的问题，进而达到了利用少量的LED灯显示高清晰画面的效果。
173. 102915704 LED显示屏像素共享显示方法、装置和系统
CN
06.02.2013
G09G 3/32 Loading...
G09G 3/32
Loading...
201210451995.4
利亚德光电股份有限公司
耿伟
G09G 3/32
Loading...
本发明公开了一种LED显示屏像素共享显示方法、装置和系统。其中，LED显示屏像素共享显示方法包括：接收输入源信号；获取输入源信号中的画面；从画面的第一行第一列像素点开始选择每相邻n行及相邻n列的n2个像素点为一个四边形基本像素单元，得到四边形基本像素单元矩阵A；从LED显示屏的第一行第一列LED表贴灯开始获取每一个LED表贴灯坐标，得到LED表贴灯显示矩阵B；以及将四边形基本像素单元矩阵A中的每个四边形基本像素单元输出到LED表贴灯显示矩阵B中对应的LED表贴灯上进行显示。通过本发明，解决了现有技术中LED灯的利用率偏低的问题，进而达到了利用少量的LED灯显示高清晰画面的效果。
174. 102905056 视频图像处理方法及装置
CN
30.01.2013
H04N 5/14 Loading...
H04N 5/14
Loading...
201210397678.9
利亚德光电股份有限公司
雷伟林
H04N 5/14
Loading...
本发明公开了一种视频图像处理方法及装置。其中，该方法包括：接收原始视频图像；将原始视频图像的信号时钟频率进行调整处理，并获取处理后的视频图像；在接收到用户输入的命令信号之后，根据预定尺寸对处理后的视频图像进行截取处理，并获取对应预定尺寸的显示窗口的视频图像；将对应预定尺寸的显示窗口的视频图像进行编码处理，并获取编码后的视频图像。通过本发明的视频图像的处理方法及装置，通过调整输入的图像的时钟频率，获取新的行、场、消隐同步信号，然后根据用户显示图像的需求进行相应的截取输出，实现了可靠、稳定的将任意分辨率的视频图像在最佳显示区域范围内显示的效果。
175. 202679828 LED显示装置的箱体及具有其的LED显示装置
CN
16.01.2013
H05K 5/00 Loading...
H05K 5/00
Loading...
201220293947.2
利亚德光电股份有限公司
刘学建
H05K 5/00
Loading...
本实用新型提供了一种LED显示装置的箱体及具有其的LED显示装置，其中，LED显示装置的箱体包括：矩形框架（10），包括用于安装LED显示单元的前侧面和与前侧面相对的后侧面；用于容纳控制板和电源的盒体（20），盒体（20）固定设置在矩形框架（10）的内部空间中，其中，矩形框架（10）和盒体（20）之间形成多个贯通空间。本实用新型有效地解决了现有技术中的箱体自身重量大、散热性能差的问题。
176. 202598414 LED灯板固定件、LED灯板及LED显示装置
CN
12.12.2012
F21V 19/00 Loading...
F21V 19/00
Loading...
201120552274.3
利亚德光电股份有限公司
孙雪超
F21V 19/00
Loading...
本实用新型提供了一种LED灯板固定件、LED灯板和LED显示装置，其中LED灯板固定件包括：螺纹连接部，具有螺纹孔；定位部，与螺纹连接部连接。本实用新型有效地解决了现有技术中LED灯板固定成本高、操作复杂、安装精度低和后续维护复杂的问题。
177. 202598069 用于LED显示装置的支撑结构及LED显示装置
CN
12.12.2012
F16M 13/02 Loading...
F16M 13/02
Loading...
201220258512.4
利亚德光电股份有限公司
王杰
F16M 13/02
Loading...
本实用新型提供了一种用于LED显示装置的支撑结构及LED显示装置。其中，用于LED显示装置的支撑结构，包括：支撑板(10)，支撑板(10)具有多个避让通孔(11)，支撑板(10)具有安装LED显示装置的显示灯板的第一侧以及与第一侧相对的第二侧；多个支脚(20)，设置在支撑板(10)的第二侧，多个支脚(20)沿支撑板(10)的周向设置在支撑板(10)的边沿，支脚(20)的自由端具有安装基准面，安装基准面上具有第一连接孔(21)。本实用新型有效地解决了现有技术中安装不方便以及显示灯板的平整度不够的问题。
178. 202523333 LED显示装置
CN
07.11.2012
G09F 9/33 Loading...
G09F 9/33
Loading...
201220098781.9
利亚德光电股份有限公司
卢长军
G09F 9/33
Loading...
本实用新型提供了一种LED显示装置，包括：LED灯板，LED灯板的第一侧面上设有多个呈矩形阵列布置的LED灯，每个LED灯的尺寸小于或者等于1.0mm*1.0mm，LED显示装置还包括面罩，面罩上具有一一对应地容纳各LED灯的让位孔，面罩与LED灯板的第一侧面连接。本实用新型的LED显示装置有效地提高了可靠性以及静电防护性。
179. 102751716 Control device and system used for power source
CN
24.10.2012
H02J 1/10 Loading...
H02J 1/10
Loading...
201210240563.9
利亚德光电股份有限公司
王勇
H02J 1/10
Loading...
The invention discloses a control device and a control system used for a power source. The device comprises a first wiring terminal platform, a second wiring terminal platform and at least two reverse isolation units, wherein the first wiring terminal platform comprises at least two groups of power input terminals, and electric energy inputted by one power source is respectively received by first ends of each group of power input terminals; the second wiring terminal platform comprises at least two groups of power output terminals, electric energy is outputted to one terminal respectively by first ends of each group of power output terminals, and second ends of each group of power output terminals are connected in parallel at a first node through cascade wires; and a first end of each reverse isolation unit is connected with the second end of one power input terminal, a second end of each reverse isolation unit is connected with each other in parallel at a second node, and the first node is connected with the second node. According to the control device used for the power source and the system, while the electric energy can be provided for a display unit of which the power source fails, the size and the cost of the display unit are not increased.
180. 202473127 连接装置、LED显示单元及LED显示系统
CN
03.10.2012
G09F 9/33 Loading...
G09F 9/33
Loading...
201220102062.X
利亚德光电股份有限公司
王杰
G09F 9/33
Loading...
本实用新型提供了一种连接装置、LED显示单元及LED显示系统。其中，连接装置，包括：第一连接件，包括：第一基座，具有沿第一方向贯通设置的第一导向槽和第一连接通孔；滑动定位件；第二连接件，包括：第二基座，具有沿第一方向设置的第二导向槽和定位孔；摆臂，可移动地设置在第二导向槽内，摆臂的第一端具有与第一卡接部配合的第二卡接部，第二卡接部具有使定位销插入至定位孔的锁紧位置和使定位销脱离定位孔的解锁位置；驱动手柄，沿垂直于第一方向的枢转轴线可枢转地安装在第二基座中，摆臂的第二端铰接于驱动手柄上的铰接点，铰接点偏离驱动手柄的枢转轴线。本实用新型结构简单，使用方便，有效地提高了拆装效率。
181. WO/2012/083868 METHOD AND SYSTEM FOR MONITORING LED DISPLAY SCREEN AS WELL AS LED DISPLAY
WO
28.06.2012
G09F 9/33 Loading...
G09F 9/33
Loading...
PCT/CN2011/084446
LEYARD OPTOELECTRONIC CO., LTD.
LU, Changjun
G09F 9/33
Loading...
A method and a system for monitoring an LED display screen as well as an LED display are provided. The method comprises: during the operating process of the LED display screen, detecting the operating condition of one or more LED lamps in the LED display screen so as to obtain the parameter data of the LED lamps; generating an abnormal data report according to the parameter data, and sending the abnormal data report to a controller; and adjusting the parameter data of the LED lamps or sending an alarm prompt according to the abnormal data report by utilizing the controller. By utilizing the invention, maintenance efficiency of working personnel can be improved, and maintenance cost can be lowered. DRAIING: FIG. 2: S202 During the operating process of the LED display screen, detecting the operating condition of LED lamps so as to obtain the parameter data of the LED lamps S204 Generating an abnormal data report according to the parameter data S206 Adjusting the parameter data of the LED lamps or sending an alarm prompt according to the abnormal data report by utilizing the controller
182. 102467870 智能存储方法、装置、系统及其LED显示面板和显示器
CN
23.05.2012
G09G 3/32 Loading...
G09G 3/32
Loading...
201010534741.X
深圳利亚德光电有限公司
李立
G09G 3/32
Loading...
本发明公开了一种智能存储方法、装置、系统及其LED显示面板和显示器。其中，该方法包括：获取灯饰校正系统中的多个LED颗粒单元的校正数据；根据每个LED颗粒单元的参数，更新存储器中已经保存的校正数据，其中，参数包括：LED颗粒单元的地址和LED颗粒单元的ID值，其中，一个LED颗粒单元的地址对应一个ID值和一组校正数据。通过本发明，能够保证替换每个最小LED颗粒单元后，确保系统记录正确的校正数据的效果。
183. 102466205 LED封装灯、LED显示面板及LED显示器
CN
23.05.2012
F21V 19/00 Loading...
F21V 19/00
Loading...
201010534619.2
深圳利亚德光电有限公司
李立
F21V 19/00
Loading...
本发明公开了一种LED封装灯、LED显示面板及LED显示器。其中，该LED封装灯包括：黑色绝缘电路基板；以及，LED发光芯片，固定于黑色绝缘电路基板上。通过本发明，能够降低LED显示器中的LED封装灯对人眼的视觉刺激。
184. 202210387 LED显示装置
CN
02.05.2012
G09F 9/33 Loading...
G09F 9/33
Loading...
201120317149.4
利亚德光电股份有限公司
孙雪超
G09F 9/33
Loading...
本实用新型提供了一种LED显示装置，包括：金属支撑板(3)；LED显示灯(1)，安装在金属支撑板(3)的第一侧面上；控制板(2)，安装在金属支撑板(3)的与第一侧面相反的第二侧面上；后盖(4)，具有散热结构，安装在金属支撑板(3)的第二侧面上。本实用新型的LED显示装置结构及装配过程简单，且成本较低。
185. WO/2012/031503 LED STEREOSCOPIC DISPLAY, DISPLAY METHOD THEREOF AND SIGNAL RECEIVER
WO
15.03.2012
H04N 13/00 Loading...
H04N 13/00
Loading...
PCT/CN2011/077163
LEYARD OPTOELECTRONIC CO., LTD.
LU, Changjun
H04N 13/00
Loading...
Disclosed are an LED stereoscopic display, a display method thereof and a signal receiver, the LED stereoscopic display method comprising: a video signal controller for receiving image data, and according to the image data, setting the signal receiver to single frame mode or double frame mode; a signal receiver for receiving the image data from the video signal controller and, when in the double frame mode, dividing the image data into left-eye image frames and right-eye image frames with a time lag therebetween, and saving the left-eye image frames and the right-eye image frames; and an LED display panel for displaying the left-eye image frames and the right-eye image frames. The present invention can improve the resolution of the LED stereoscopic display.
186. 202093783 LED像素点的控制系统和LED显示器
CN
28.12.2011
G09G 3/32 Loading...
G09G 3/32
Loading...
201120022886.1
利亚德光电股份有限公司
耿伟
G09G 3/32
Loading...
本实用新型公开了一种LED像素点的控制系统和LED显示器。其中，该LED像素点的控制系统包括：控制器，用于接收视频信号并将所述视频信号通过无线方式分发；LED像素点，用于接收来自所述控制器分发的视频信号。通过本实用新型，可以简化LED灯饰布线。
187. 102290006 LED (light-emitting diode) display device and fixing method of surface cover thereof
CN
21.12.2011
G09F 9/33 Loading...
G09F 9/33
Loading...
201110256475.3
Leyard Company
Sun Xuechao
G09F 9/33
Loading...
The invention provides an LED (light-emitting diode) display device and a fixing method of a surface cover thereof, wherein the LED display device comprises an LED display lamp panel (1) and the surface cover (2) which are connected by a bonding layer. In the LED display device disclosed by the inveniton, the surface cover is smooth, the display effect is good and the assembly is simple.
188. 202056630 LED户外灯条
CN
30.11.2011
F21S 4/00 Loading...
F21S 4/00
Loading...
201120084233.6
利亚德光电股份有限公司
刘学建
F21S 4/00
Loading...
本实用新型提供了一种LED户外灯条，包括：多个相互连接的LED灯条模块(10)和包裹在各LED灯条模块(10)外的第一防护外壳(30)；其中LED灯条模块(10)包括：LED灯板(13)；第二防护外壳(14)，包裹在LED灯板(13)外。本实用新型的LED户外灯条结构简单、成本低、防护性能较好且维护成本低。
189. 202056668 LED户外灯条组件
CN
30.11.2011
F21S 8/00 Loading...
F21S 8/00
Loading...
201120087647.4
利亚德光电股份有限公司
刘学建
F21S 8/00
Loading...
本实用新型提供了一种LED户外灯条组件，包括：一组LED灯条，其中各LED灯条之间相互平行设置，各LED灯条均具有向外延伸的插头；固定支架，与各LED灯条的第一端分别连接；驱动盒支架，与各LED灯条的第二端分别连接，包括：盒状支架，具有内腔，驱动电源，设置在盒状支架的内腔中，驱动板，设置在盒状支架的内腔中，与驱动电源连接，驱动板上设有一组第一插座；其中，LED灯条的插头和驱动盒支架的第一插座一一对应地插接。本实用新型的LED户外灯条组件使其内部无任何线材连接，从而连接稳定可靠，有效避免了利用线材和防水接头方式连接导致屏幕稳定性下降的问题。
190. 202058396 落地灯箱
CN
30.11.2011
G09F 13/04 Loading...
G09F 13/04
Loading...
201120077650.8
利亚德光电股份有限公司
陈舒
G09F 13/04
Loading...
本实用新型提供了一种落地灯箱，包括：灯箱基体框架(10)，包括：外框架(11)和与外框架(11)连接的内框架(13)；面板部件(30)，与灯箱基体框架(10)活动连接，包括：第一型材框架(31)，第一型材框架(31)的上、下端与外框架(11)的上、下端均为活动连接；标识板(33)，可拆卸的设置在第一型材框架(31)上。应用本实用新型的技术方案，可以很容易的将面板部件拆下来，提高了维修和保养的工作效率。
191. 202058414 LED显示屏的监控系统及LED显示器
CN
30.11.2011
G09G 3/32 Loading...
G09G 3/32
Loading...
201020676427.0
利亚德光电股份有限公司
卢长军
G09G 3/32
Loading...
本实用新型公开了一种LED显示屏的监控系统及LED显示器。其中，该系统包括：显示板(1)，在显示板(1)上设置一个或多个LED灯；单点识别装置(2)，与显示板(1)串联连接，用于在LED显示屏的运行过程中，检测每个LED灯的工作状态，通过读取接口来获取LED灯的参数数据以生成异常数据报告，并将异常数据报告发送至控制器(3)；控制器(3)，分别与显示板(1)和单点识别装置(2)串联连接，用于根据异常数据报告调整LED灯的参数数据或发出报警提示。通过本实用新型，能够提高工作人员的维护效率，降低了维护成本的效果。
192. 202058388 LED显示装置
CN
30.11.2011
G09F 9/33 Loading...
G09F 9/33
Loading...
201120145048.3
利亚德光电股份有限公司
张龙虎
G09F 9/33
Loading...
本实用新型提供了一种LED显示装置，包括：壳体(10)，具有前防护组件(11)和后盖(13)；显示组件(30)、控制板(50)和电源装置(70)，均设置在壳体(10)内；其中，控制板(50)与显示组件(30)连接，电源装置(70)与控制板(50)连接，还包括：金属支撑隔板(90)，设置在壳体(10)中，显示组件(30)安装在金属支撑隔板(90)的第一侧，控制板(50)安装在金属支撑隔板(90)的与第一侧相反的第二侧。本实用新型的LED显示装置有效解决现有技术中散热噪音大的问题，从而提高了客户的使用体验。
193. 202018791 双面指示箱
CN
26.10.2011
G09F 13/04 Loading...
G09F 13/04
Loading...
201120058664.5
利亚德光电股份有限公司
陈舒
G09F 13/04
Loading...
本实用新型提供了一种双面指示箱，包括：主框体，该主框体包括：上边框、下边框、和连接上边框和下边框的中间连接架；以及两个面板部件，设置在主框体的两侧，两个面板部件的上端均与上边框活动连接，下端均与下边框可拆卸连接。根据本实用新型的技术方案，采用两个面板部件的上端与上边框活动连接、两个面板部件的下端与下边框可拆卸连接的双面指示箱，使操作人员在进行维护时不需要将面板部件拆下即可方便地操作，大大降低了指示箱维护工作的难度，有效提高了工作效率。
194. 202018792 单面指示箱
CN
26.10.2011
G09F 13/04 Loading...
G09F 13/04
Loading...
201120059642.0
利亚德光电股份有限公司
陈舒
G09F 13/04
Loading...
本实用新型提供了一种单面指示箱，包括：主框体，该主框体包括：上边框、下边框、和连接上边框和下边框的中间连接架；以及面板部件，设置在主框体的一侧，面板部件的上端与上边框活动连接，下端与下边框可拆卸连接。根据本实用新型的技术方案，采用面板部件的上端与上边框活动连接、面板部件的下端与下边框可拆卸连接的单面指示箱，使操作人员在进行维护时不需要将面板部件拆下即可方便地操作，大大降低了指示箱维护工作的难度，有效提高了工作效率。
195. 202018807 数据流转换装置及平板显示器
CN
26.10.2011
G09G 3/20 Loading...
G09G 3/20
Loading...
201120052024.3
利亚德光电股份有限公司
雷伟林
G09G 3/20
Loading...
本实用新型公开了一种数据流转换装置及平板显示器。其中，该装置包括：视频设备接口，用于接收第一数据流；解码器，用于对接收到的第一数据流进行处理，以获取第二数据流；可编程阵列器，用于对第二数据流进行编码，以获取第三数据流；平板显示器接口，用于识别并接收第三数据流，由于采用可编程阵列器实时地控制解码器对第一数据流执行的处理操作，同时将解码后的视频数据流进行编码，来获得平面显示器接口可以识别和应用的数据流，即转换为符合该接口传输协议的数视频数据流。通过本实用新型，能够简化数据流转换装置的电路结构，降低了成本，并且提高了电路的灵活性。
196. 102179342 LED automatic glue pouring system
CN
14.09.2011
B05C 5/00 Loading...
B05C 5/00
Loading...
201110091185.8
Shenzhen Leyard Opto-electronic Co., Ltd.
Jiang Siping
B05C 5/00
Loading...
The invention provides an LED (Light Emitting Diode) automatic glue pouring system, comprising a glue pouring part, a glue dispensing part, a glue airing part and a conveying part, wherein the glue pouring part is used for mixing protective glue with a diluting agent to form encapsulating glue and supplying the encapsulating glue to the glue dispensing part; the glue dispensing part is used for receiving an LED plate to be pour-sealed and the encapsulating glue from the glue pouring part, performing glue dispensing and pour-sealing on the LED plate and supplying the pour-sealed LED plate to the glue airing part; the glue airing part is used for receiving the LED plate from the glue dispensing part and providing the LED plate with a place for glue airing; and the conveying part is used for conveying the LED plate. According to the LED automatic glue pouring system disclosed by the invention, glue dispensing and pour-sealing can be carried out on the LED plate by adopting the glue pouring part, the glue dispensing part and the glue airing part, and the LED plate is conveyed by the conveying part, all the operations are completed by automatic equipment, and thus working efficiency is improved and labor cost is saved; and simultaneously, the LED automatic glue pouring system is favorable for maintaining the entire product at a relatively high processing level.
197. 201975047 智能存储系统及其LED显示面板和显示器
CN
14.09.2011
G09G 3/32 Loading...
G09G 3/32
Loading...
201020595834.9
深圳利亚德光电有限公司
李立
G09G 3/32
Loading...
本实用新型公开了一种智能存储系统及其LED显示面板和显示器。其中，该系统包括：多个LED颗粒单元，各自包括：存储芯片，用于保存LED颗粒单元的地址、ID值，以及对应的校正数据；主控芯片，用于通过FPGA芯片和CPLD芯片与各个LED颗粒单元建立通讯通道；存储器，用于保存更新后的LED颗粒单元的地址、ID值以及对应的校正数据；其中，主控芯片根据每个LED颗粒单元的参数，更新存储器中已经保存的校正数据，参数包括：LED颗粒单元的地址和ID值。通过本实用新型，能够保证替换每个最小LED颗粒单元都可以确保系统记录正确的校正数据的效果。
198. WO/2011/103726 LED FLAT DISPLAY UNIT WITH DRIVE AND CONTROL EQUIPMENTS AND METHOD FOR PRODUCING THE SAME
WO
01.09.2011
G09G 3/32 Loading...
G09G 3/32
Loading...
PCT/CN2010/072090
LEYARD OPTOELECTRONIC CO., LTD
GENG, Wei
G09G 3/32
Loading...
An LED flat display unit with drive and control equipments and a method for producing the same are disclosed. The display unit comprises: a top insulating circuit board (1) equipped with an LED array composed of a plurality of LED chips (4) distributed uniformly; a bottom insulating circuit board (3) equipped with a plurality of constant current control circuits, a plurality of scan circuit line control chips and a plurality of data circuit line control chips; a middle multi-layer insulating circuit board (2) equipped with a plurality of scan circuit lines and a plurality of data circuit lines. The top insulating circuit board, the middle multi-layer insulating circuit board and the bottom insulating circuit board are pressed together through high temperature, and an epoxy resin cover or a silica gel resin cover is formed on its outer surface.
199. 201956010 LED显示板及LED显示器
CN
31.08.2011
G09F 9/33 Loading...
G09F 9/33
Loading...
201020688862.5
利亚德光电股份有限公司
刘志勇
G09F 9/33
Loading...
本实用新型公开了一种LED显示板及LED显示器。其中，该LED显示板包括：电路板(1)；一个或多个驱动芯片(2)，将每个驱动芯片(2)的驱动芯片管芯(21)直接装载在电路板(1)的第一外表面之上或内嵌在电路板(1)中，用于处理接收到的数据信号；一个或多个LED灯(3)，将每个LED灯(3)的LED灯芯(31)直接装载在电路板(1)的第二外表面之上，用于接收并显示处理后的数据信号。通过本实用新型，能够实现了更高分辨率、更高集成度的LED显示装置。同时，有效减少了电路板变形的几率，也减少了焊接带来的不良影响。
200. 201936553 LED显示板及LED显示器
CN
17.08.2011
G09F 9/33 Loading...
G09F 9/33
Loading...
201020688101.X
利亚德光电股份有限公司
刘志勇
G09F 9/33
Loading...
本实用新型公开了一种LED显示板及LED显示器。其中，该LED显示板包括：电路板(1)；一个或多个驱动芯片(2)，将每个驱动芯片(2)的驱动芯片管芯(21)直接装载在电路板(1)的第一外表面之上或内嵌在电路板(1)中，用于处理接收到的数据信号。通过本实用新型，能够实现更高分辨率、更高集成度的LED显示装置。同时，有效减少了电路板变形的机率，也减少了焊接带来的不良影响。

