1. 103631937 构建列存储索引的方法、装置及系统
CN
15.03.2017
G06F 17/30 Loading...
G06F 17/30
Loading...
102013000659169
北京趣拿信息技术有限公司
朱翔
G06F 17/30
Loading...
本发明公开了一种构建列存储索引的方法、装置及系统。其中，该方法包括：获取即时生效文档，即时生效文档包括：标识数据和标识数据关联的动态数据；在内存中根据即时生效文档创建列存储式索引结构的文档，生成柱状索引文件，柱状索引文件包括标识列和数据存储列，其中，标识列用于保存标识数据，数据存储列用于保存标识数据关联的动态数据；在内存中保存柱状索引文件。其中，在动态数据发生变化的情况下，将更新后的动态数据更新至内存中的柱状索引文件。通过本发明，能够实现缩短动态数据的更新周期，并减少消耗系统资源。
2. 103647916 Picture storage method and apparatus thereof
CN
19.03.2014
H04N 5/76 Loading...
H04N 5/76
Loading...
201310659260.5
BEIJING QUNA INFORMATION TECHNOLOGY CO., LTD.
ZHANG CHENG
H04N 5/76
Loading...
The invention provides a picture storage method and an apparatus thereof. The method comprises the following steps of acquiring a screen resolution of a display screen of mobile equipment; according to the screen resolution, adjusting a first picture currently stored by the mobile equipment and acquiring a second picture; preserving the second picture and deleting the first picture. In the related technology, there are the following problems that a storage space occupied by the pictures in the mobile equipment can not be effectively reduced and so on. By using the above technical scheme provided in the invention, the above problems are solved. Under the condition that a user checking experience is not influenced, the storage space of the mobile equipment is effectively saved.
3. 103631937 Method, device and system for establishing column storage indexes
CN
12.03.2014
G06F 17/30 Loading...
G06F 17/30
Loading...
201310659169.3
BEIJING QUNA INFORMATION TECHNOLOGY CO., LTD.
ZHU XIANG
G06F 17/30
Loading...
The invention discloses a method, a device and a system for establishing column storage indexes. The method comprises the steps of obtaining immediately effective files which comprise identification data and dynamic data associated with the identification data, creating files with a column storage index structure in a memory according to the immediately effective files, and generating columnar index files which comprise identification columns and data storage columns, and saving the columnar index files in the memory, wherein the identification columns are used for saving the identification data, and the data storage columns are used for saving the dynamic data associated with the identification data. When the dynamic data is changed, updated dynamic data is updated to the columnar index files in the memory. By adopting the method, the device and the system, the update period of the dynamic data can be shortened, and consumed system resources can be reduced.
4. 103020254 信息的推荐方法及装置
CN
03.04.2013
G06F 17/30 Loading...
G06F 17/30
Loading...
201210560257.3
北京趣拿信息技术有限公司
邹德文
G06F 17/30
Loading...
本发明公开一种信息的推荐方法及装置。其中，该方法包括：根据当前用户的用户标识，获取当前用户的好友信息；根据好友信息，获取各个好友关注的旅游攻略；对当前用户关注的旅游攻略以及各个好友关注的旅游攻略进行分析，判断好友信息中的各个好友关注的旅游攻略与当前用户关注的旅游攻略中是否存在匹配的元素，如果有，则向当前用户的客户端推荐各个好友关注的旅游攻略中匹配的元素的相关信息。通过本发明，可以提高信息推荐的准确性。
5. 102402502 用于搜索引擎的分词处理方法和装置
CN
04.04.2012
G06F 17/27 Loading...
G06F 17/27
Loading...
201110378434.1
北京趣拿信息技术有限公司
李理
G06F 17/27
Loading...
本发明提供一种用于搜索引擎的分词处理方法和装置，该用于搜索引擎的分词处理方法，包括：获取用户输入的目标分词语句；根据预先存储的分词词典对目标分词语句进行分词；在确认出现分词歧义字段时，调用预先建立的分词统计模型，并选择分词歧义字段在所述分词统计模型中具有最高概率的分词方式进行分词。装置包括：第一获取模块，用于获取用户输入的目标分词语句；第一分词模块，用于根据预先存储的分词词典对目标分词语句进行分词；第二分词模块，用于在确认出现分词歧义字段时，调用预先建立的分词统计模型，并选择所述分词歧义字段在所述分词统计模型中具有最高概率的分词方式进行分词。

