1. 103136360 一种互联网行为标注引擎及对应该引擎的行为标注方法
CN
07.09.2016
G06F 17/30 Loading...
G06F 17/30
Loading...
102013000072271
北京宽连十方数字技术有限公司
唐波
G06F 17/30
Loading...
本发明公开了一种互联网行为标注引擎及对应该引擎的行为标注方法，属于用户互联网行为数据的收集和分析技术领域。所述的标注引擎包括分类体系、分词库、语义分析、爬取程序、规则库、知识库、规则解析器、自学习程序8个模块。所述的互联网行为标注方法提出：用户行为=行为主体+行为标识+行为状态，的基本逻辑结构。本发明提高了分类的效率和准确度，细化了互联网用户行为数据的描述粒度，完整识别一次用户行为的动作、对象和环境条件，完整还原了互联网用户行为。按照IUBML规则输出的用户行为数据直接提供基于用户行为和需求理解的精确广告服务，满足企业客户的市场营销需求。
2. 103297498 基于手机客户端的关联内容推送方法
CN
11.09.2013
H04L 29/08 Loading...
H04L 29/08
Loading...
201310138341.0
北京宽连十方数字技术有限公司
余雷鸣
H04L 29/08
Loading...
本发明公开了一种基于手机客户端的关联内容推送方法，其所推荐的链接数据是从内容-用户行为分析服务器的内容库中匹配到的，而该内容-用户行为分析服务器的内容库整合了各大网站的网络资讯内容，因此，本发明所获得的推荐链接数据基于全网搜索得到，更深入全面；另外，本申请的推荐链接数据通过冲浪服务器传至客户端浏览器，因此，本申请可以提高手机冲浪业务的间接访问量。
3. 102447788 一种通过手机浏览器阅读彩信的方法及装置
CN
09.05.2012
H04M 1/725 Loading...
H04M 1/725
Loading...
201210009734.7
北京宽连十方数字技术有限公司
彭智
H04M 1/725
Loading...
本发明公开了一种通过手机浏览器阅读彩信的方法，该方法通过扩展手机浏览器的功能，截取发送到手机终端的指定来源彩信，并将彩信内容转换成适合手机浏览器显示的格式，最终达到网页效果的彩信阅读体验。通过手机浏览器监听新彩信到达通知，匹配用户设定的发送方号码或者标题文本格式，抓取彩信内容并转换为手机浏览器可以显示的页面格式，识别原彩信文本中所有网址并转换为可点击链接，以及同时将多帧彩信拼装成单页面格式。本发明还公开了通过手机浏览器阅读彩信的装置，所述装置为手机，该装置包括监听抓取模块，格式转换模块以及浏览核心模块。

