1. 205749395 一种石油管道的高速检测系统
CN
30.11.2016
G01N 27/82 Loading...
G01N 27/82
Loading...
202015000970491
北京天下图数据技术有限公司
王铮
G01N 27/82
Loading...
本实用新型公开了一种石油管道的高速检测系统，包括主控台和主测装置，主控台主要控制：传送线、自动定位装置、分选装置、缺陷类型识别程序、管道缺陷信号处理器、大面积缺陷信号处理器、细微缺陷信号处理器和油泥处理装置，主控台连接主测装置，主测装置分别与待测管道、检测线圈、探头阵列、磁化电源连接，本实用新型结构新颖，通过主测装置进行漏磁探伤检测可准确测出管道内、外壁的各种缺陷，快速筛选出对油井有各种危害的石油管道。
2. 205721748 一种可容错的计算机模块
CN
23.11.2016
G06F 11/07 Loading...
G06F 11/07
Loading...
201620269369.7
北京天下图数据技术有限公司
王铮
G06F 11/07
Loading...
本实用新型公开了一种可容错的计算机模块，包括重定向模块主份SW1、重定向模块备份SW2、计算单元模块组、接口模块组、指令控制模块、电源转换模块；所述重定向模块主份SW1镜像耦合重定向模块备份SW2；所述计算单元模块组包含4个子计算单元，每个子计算单元分别与重定向模块主份SW1和重定向模块备份SW2连接；所述接口模块组由三对接口模块组成，每对接口模块包含镜像连接的主份接口模块和备份接口模块，该实用新型结构简单，可扩充性能强，有良好的容错功能。

