1. 206208434 侧围内板接地螺栓扭矩检测专用工具
CN
31.05.2017
G01L 5/24 Loading...
G01L 5/24
Loading...
201621045665.5
北京海纳川汽车部件股份有限公司
张更强
G01L 5/24
Loading...
本实用新型提供一种侧围内板接地螺栓扭矩检测专用工具，从上到下包括依次相连接的扭矩扳手连接块、活动的锁紧装置、接地螺栓卡紧装置，所述扭矩扳手连接块与扭矩扳手相连接，所述接地螺栓卡紧装置用于套在接地螺栓上，所述活动的锁紧装置设置有锁紧套，所述锁紧套用于控制接地螺栓卡紧装置的松紧度。使用本装置检测接地螺栓的扭矩值不仅提高了检测效率及频次，同时也减少了拉脱力检测的周期。
2. 206094459 汽车车身装焊车间的送风系统
CN
12.04.2017
F24F 13/06 Loading...
F24F 13/06
Loading...
201621045663.6
北京海纳川汽车部件股份有限公司
王振忠
F24F 13/06
Loading...
本实用新型提供一种汽车车身装焊车间的送风系统，包括主送风管和设置在顶部的排风机，所述主送风管与各车间上方的生产线送风管相连接，所述排风机与车间周边侧面的排风管道相连接，所述送风管采用纤维织物风管，在生产线的全长范围内布置，并设置有连续均匀分布的出风孔。本实用新型使有限的新风量得到最有效的利用，保证了重点区域的换风效果，并且具有造价低、易于随工艺布局改变、维护方便，后期费用低的优点，是车身或车身部件装焊车间适宜的送风形式。
3. 206067391 气门嘴装配工具
CN
05.04.2017
B60C 25/18 Loading...
B60C 25/18
Loading...
201621045681.4
北京海纳川汽车部件股份有限公司
张希钊
B60C 25/18
Loading...
本新型实用提供了一种气门嘴装配工具，包括手柄和安装其上面的弹簧固定螺栓、拉杆旋转轴、辅助定位块、气门嘴安装拉杆和防划垫块；所述弹簧固定螺栓上设置有螺栓及弹簧，所述气门嘴安装拉杆安装在防划垫块的前端，所述气门嘴安装拉杆安装在手柄的前端，并与拉杆旋转轴相连接。本气门嘴装配工具采用拉入方式，将气门嘴拉入轮辋孔内，新型实用大大提高生产效率，适合批量生产。本实用新型工具使用时操作步骤简单，不需要拧下气门嘴帽，不需要上紧螺纹，大大缩短工时，为企业节省工时及降低劳动强度。
4. 206065659 凸焊工装防错工装
CN
05.04.2017
B23K 11/36 Loading...
B23K 11/36
Loading...
201621045647.7
北京海纳川汽车部件股份有限公司
靳立坤
B23K 11/36
Loading...
本实用新型提供一种凸焊工装防错工装，包括装置本体和设置在装置本体内部的弹簧，所述弹簧的一端位于装置本体底部，另一端顶住定位销的下端，所述定位销的下端设置有伸进弹簧中的延长端，所述定位销的上端露出装置本体，所述定位销的中部设置有凸出端，所述装置本体顶部设置有阻挡住凸出端的阻挡端。本装置的效果十分明显，降低了因电极焊接磨损而造成焊接质量问题，同时减少顾客投诉。
5. 206066292 C型焊钳电极头安装专用装置
CN
05.04.2017
B25B 11/02 Loading...
B25B 11/02
Loading...
202016001047787
北京海纳川汽车部件股份有限公司
姚攀
B25B 11/02
Loading...
本实用新型提供一种C型焊钳电极头安装专用装置，包括两个电极头装卡套、装卡套中间连接装置以及弹簧，所述两个电极头装卡套通过连接杆与装卡套中间连接装置相连接，所述弹簧安装在中间的装卡套中间连接装置里，所述两个电极头装卡套能够以装卡套中间连接装置内设置的弹簧的变形量来进行压缩。所述C型焊钳电极头安装专用装置通过气缸的压力就可以将电极头安装在电极臂上了，通过本装置，不仅提高了电极头安装的效率，同时也很大程度减小电极臂哨口损坏的概率。
6. 203752642 基板与表皮覆合设备
CN
06.08.2014
B32B 37/10 Loading...
B32B 37/10
Loading...
201420009817.0
北京海纳川江森汽车部件有限公司
宋启生
B32B 37/10
Loading...
一种基板与表皮覆合设备，所述设备包括固定基板用的上模具和定位表皮用的下模具，其中，所述下模具的内部有型腔，所述下模具的表面形成有均匀布置的多个气孔。优选地，所述下模具的表面与所述型腔均匀地布满气孔，所述下模具连接有进气管路，所述进气管路连接压缩气体源或者吹气部件。采用本实用新型的覆合设备，在基板与表皮覆合过程中采用的是下模具吹气的方式，使表皮有效地且均匀地覆合在基板上，并且表皮无皱褶、气泡等外观质量问题，同时增加了表皮与基板的覆合粘接力。
7. 203753068 出租车座椅防护装置
CN
06.08.2014
B60R 21/12 Loading...
B60R 21/12
Loading...
201420009819.X
北京海纳川江森汽车部件有限公司
周毅
B60R 21/12
Loading...
本实用新型涉及一种出租车座椅防护装置，出租车座椅包括靠背和座垫，防护装置用于将驾驶员空间与前排乘客空间和后排乘客空间隔离开，防护装置被安装至靠背，从而能够与靠背一起移动。该出租车座椅防护装置既可以用来保护司机的安全，也可以根据不同人的需要调节座椅的位置，实现座椅可调、座椅放倒休息、视觉美观等效果。

