1. 201861633 便携多功能生理参数测试仪
CN
15.06.2011
A61B 5/0402 Loading...
A61B 5/0402
Loading...
201020627380.9
北京健康在线网络技术有限公司
成飞
A61B 5/0402
Loading...
本实用新型提供了一种便携多功能生理参数测试仪，其为将心电、听诊器等集成的多功能检测仪器，整体结构为平板电脑式，设置有屏幕、连接听诊器探头的接口、USB接口、连接心电参数探头的接口、电源接口、喇叭、摄像头、存储卡接口和SIM卡接口。该便携多功能生理参数测试仪可以满足日常关键的检测工作，方便随身携带，并可以存储打印，对病人数据进行索引、保存、网络传输等。
2. 102024027 Method for establishing medical database
CN
20.04.2011
G06F 17/30 Loading...
G06F 17/30
Loading...
201010547722.0
Beijing Health Online Network Technology Co., Ltd.
Cheng Fei
G06F 17/30
Loading...
The invention provides a method for establishing a medical database, comprising the following the steps of: (1) transforming a source document into full text data capable of being subjected to text searching so as to establish the following retrieval indexes: a. a full text retrieval index, b. a comments index, c. a literature external characteristic index, d. and a difficulty level grading index; (2) and selecting part of the retrieval indexes for weighting distribution so as to establish a weighted grading and sequencing program based on the appearing frequency of searched words. The medical database established by using the method of the invention is capable of retrieving medical literatures, which have high correlation degree and are suitable to users, according to the intellectual level of the users. The method for establishing the medical database is capable of greatly improving retrieval efficiency, and is convenient to use for the users with different levels of medical knowledge.
3. 201453252 多功能一体机
CN
12.05.2010
A61B 5/00 Loading...
A61B 5/00
Loading...
200920108114.2
北京健康在线网络技术有限公司
高瞻
A61B 5/00
Loading...
本实用新型提供了一种多功能一体机，该多功能一体机为一种多功能生理参数测试集成仪，为笔记本电脑式集成装置，具有用于连接心电图机、胎心仪、肺功能检测仪、体温计和血压计等检测仪器的多个接口，并且具有操作键盘和显示屏幕。该多功能一体机能够解决基层社区医疗单位实际需要，一台设备就可以满足日常的检测工作，并可以存储打印，对病人数据进行索引，保存等，使用非常便捷。
4. 1728193 Video teaching system and application method
CN
01.02.2006
G09B 5/02 Loading...
G09B 5/02
Loading...
200510085520.8
Health On-line Network Tech Co., Ltd., Beijing
Gao Zhan
G09B 5/02
Loading...
A video teaching system comprises display terminal, set - top box, infrared remote controller, radio frequency card and remote server. It features that display output interface of set - top box is connected to display terminal, downloaded information can be up - transmitted between set-top box and remote server, radio frequency reader / writer is set in set-top box.

