1. 105740376 一种微服务中API调用统计和监控的方法
CN
06.07.2016
G06F 17/30 Loading...
G06F 17/30
Loading...
201610055908.1
北京铭万智达科技有限公司
张元达
G06F 17/30
Loading...
本发明涉及一种微服务中API调用统计和监控的方法，包括以下步骤：每台微服务服务器各自记录每一次的被调用的调用记录，并把调用记录记录到临时内存容器中；微服务服务器按固定时间周期启动服务器定时器，当服务器定时器执行时，计算当前所述内存容器中的所有的调用记录，对调用次数和调用时间进行累加，得到累加记录；微服务服务器将所述累加记录写入到总数据库中，写入到总数据库的累加记录会增加一个微服务服务器地址，得到数据源记录；总数据库存储所述数据源记录。本发明实现可调节时间，实时记录调用信息并以日志统计，从而实现监控所有数据模块，帮助预警、优化、增加硬件或减少服务器数量，多级整理数据源数据，不会造成导致服务器崩溃。
2. 105740377 网页模板制作的可视化方法以及网页可视化制作装置
CN
06.07.2016
G06F 17/30 Loading...
G06F 17/30
Loading...
201610056014.4
北京铭万智达科技有限公司
张元达
G06F 17/30
Loading...
本发明涉及一种网页模板制作的可视化方法，根据网页内容设置至少两个网页子层，向每个所述网页子层加入与该子层对应的至少一个网页布局模板，并对所述网页布局模板的属性设置至少一个样式属性标签；向每个所述网页布局模板的模板元素内加入与该模板元素相对应的模板内容元素，并对所述模板内容元素的属性设置至少一个元素属性标签；将所述样式属性标签与元素属性标签封装到与其相对应的网页子层内。本发明通过设计师设计系列模板供用户选择，同时用户选择该模板后前台仍可以实现模板内容的自定义，包括模板中布局，模板元素的选择及各种样式的调整，使用户通过简单的操作就可以制做出内容丰富的样式效果。
3. 105577821 一种自动部署生成APP的方法
CN
11.05.2016
H04L 29/08 Loading...
H04L 29/08
Loading...
201610055735.3
北京铭万智达科技有限公司
张元达
H04L 29/08
Loading...
本发明涉及一种自动部署生成APP的方法，登录网站后台服务器设置APP特征信息，所述网络后台服务器审核APP特征信息的有效性，并生成与所述APP特征信息相对应的APP推送密钥；所述网站后台服务器将APP推送密钥与APP特征信息均推送给APP队列服务器，所述APP队列服务器添加与所述APP推送密钥相对应的队列记录；APP打包服务器定期扫描所述队列记录，并下载所述APP特征信息与APP推送密钥，进行APP制作；APP打包服务器将制作好的APP打包文件上传至所述网站后台服务器，供用户下载。本发明公开了一种快速、便捷、低成本的App生成平台，大大缩短了开发周期，而且降低了制作成本。

