1. 206270021 大行程气动载荷加载装置
CN
20.06.2017
G01M 13/00 Loading...
G01M 13/00
Loading...
202016001269766
中国航空工业集团公司北京航空精密机械研究所
张东亮
G01M 13/00
Loading...
本实用新型属于强度测试技术领域，涉及一种大行程气动载荷加载装置。加载装置包括：气缸，气缸位移传感器，载荷传感器，固定连接件，气囊，两个气动控制阀，气压传感器，被测件位移传感器和插头。本实用新型采用气缸+气囊的结构形式，利用气缸实现大行程运动，利用气囊实现载荷加载，其加载行程根据气缸推杆行程而定，可达到1000mm或更长，可用于实现被测件静态或动态作用力加载。采用气囊+气缸结构形式，气囊直接作用于被测件，实现无附加装置的加载作用，通过气缸伸缩补充气囊行程，从而实现大行程气动载荷静态或动态(疲劳)作用力的加载。将载荷传感器作为气囊闭环控制的检测元件，采取载荷闭环控制模式，精确控制施加到被测件上的载荷值。
2. 206263806 一种航空发动机涡轮叶片清洗定位夹具
CN
20.06.2017
B25B 5/14 Loading...
B25B 5/14
Loading...
201621115031.2
中国航空工业集团公司北京航空精密机械研究所
白威
B25B 5/14
Loading...
本实用新型是一种航空发动机涡轮叶片清洗定位夹具，该夹具将航空发动机涡轮叶片与双层定位夹具统一为一个固定稳定的整体结构，并通过调整锁紧螺栓(5)和活动块(12)对叶片(6)实现定位。该种夹具可以实现榫头部位形状不规则涡轮叶片的定位清洗工作，并且由于采用上、下双层结构的组合调整，提高了榫头部位形状不规则涡轮叶片定位的稳定性，既解决了涡轮叶片定位难问题，又解决了在高压射流水冲击下叶片脱离夹具的问题。
3. 206267972 一种具有位移自检测功能的计量活门
CN
20.06.2017
F02C 9/26 Loading...
F02C 9/26
Loading...
201621349781.6
中国航空工业集团公司北京航空精密机械研究所
郑会龙
F02C 9/26
Loading...
本实用新型是一种具有位移自检测功能的计量活门，本实用新型技术方案利用容栅的基本原理将“定栅”所需的基本结构集成在计量活门表面上，实现结构件与传感器的集成设计。基于传统精密制造技术，结合特种加工工艺，采用镀膜、喷涂等先进制备手段，在计量活门表层生成金属条带与非金属条带交替排列的位移自感知结构，使其与计量活门基体牢固接合，成为具备位移自检测功能的计量活门，计量活门与位移检测模块的金属条带材料间的热膨胀系数、化学性能接近，可用于燃油计量工作环境，可靠性高，该技术方案体积小、重量轻、成本低且适用于批量生产。
4. 206270884 一种基于虚拟现实的三自由度动感体验装置
CN
20.06.2017
G06F 3/01 Loading...
G06F 3/01
Loading...
201621371696.X
中国航空工业集团公司北京航空精密机械研究所
麻恒进
G06F 3/01
Loading...
本实用新型提供了一种基于虚拟现实的三自由度动感体验装置，其特征在于，包括外框架(4)、中框架(5)和内框架(6)，内框架(6)通过内框旋转轴(3)与中框架(5)连接，中框架(5)通过中框旋转轴(2)与外框架(4)连接，外框架(4)通过外框旋转轴(1)与固定支架(7)连接，固定支架(7)固定于地面上，座椅固定于内框架(6)上。
5. 106840626 一种集成式主轴性能试验设备
CN
13.06.2017
G01M 13/00 Loading...
G01M 13/00
Loading...
102017000032729
北京工研精机股份有限公司
陈红昌
G01M 13/00
Loading...
本发明提出了一种集成式主轴性能试验设备，包括用于放置被测试主轴和各试验装置的平台，该平台分为主轴放置区、试验装置泊位区、主轴驱动区和试验区；试验装置泊位区布置有静刚度试验装置、热变形试验装置、动态精度试验装置；平台上设有供静刚度试验装置、热变形试验装置以及动态精度试验装置向试验区滑动的轨道,轨道包括平台上设置的T型槽以及静刚度试验装置、热变形试验装置以及动态精度试验装置上分别与T型槽匹配的滑动组件。本设备把用于主轴性能试验的多种设备集中放置在一起，并根据试验设备移动的难易程度建立合理的泊位区，三种试验设备根据试验内容可随意调换位置。从而可以快速、高效、准确的更换试验项目。
6. 106814678 一种利用能耗制动实现转台超速保护的安全装置
CN
09.06.2017
G05B 19/05 Loading...
G05B 19/05
Loading...
102015000843466
中国航空工业集团公司北京航空精密机械研究所
麻恒进
G05B 19/05
Loading...
本发明公开了一种利用能耗制动实现转台超速保护的安全装置，包括控制系统，所述控制系统包括频压变换电路、PLC控制器、制动联锁电路、驱动器、电机和位置传感器，所述驱动器的输出端和制动联锁电路的输入端电性连接，所述制动联锁电路的输出端和电机的输入端电性连接，所述电机的输出端和位置传感器的输入端电性连接。本发明利用PLC控制器实现超速判断，启动能耗制动联锁动作，能耗制动联锁机构利用直流或交流电机可逆原理，将运动部件自身的能量通过电机的发电能力转化为热能，使运动轴自动停止从而保护转台及其负载，其动作快速、可靠，能够明显减小制动距离，而且制动距离可以得到量化。
7. 106814648 一种非接触式光电滑环装置控制系统
CN
09.06.2017
G05B 19/042 Loading...
G05B 19/042
Loading...
102015000843494
中国航空工业集团公司北京航空精密机械研究所
孟凡军
G05B 19/042
Loading...
本发明公开了一种非接触式光电滑环装置控制系统，其特征在于，包括AD采集模块、控制模块、激光接收模块和显示模块，所述激光接收模块包括串并转换模块、串行接收模块、信号调理模块和以太网封装模块，所述AD采集模块和控制模块电连接，所述控制模块和激光接收模块电连接。本发明将信号或能量从一个高速旋转的平台通过非接触方式不间断传输到另一静止平台，在功能实现上相当于非接触式的光电滑环。这种非接触光电数据传输装置具有长寿命、适应转速范围宽、体积小、质量轻、速率快、功耗低、抗干扰能力强等优点,非常适合应用于高速离心旋转的机械设备的数据采集实时传输。
8. 106772286 一种小型天线转台
CN
31.05.2017
G01S 7/40 Loading...
G01S 7/40
Loading...
102016001111296
中国航空工业集团公司北京航空精密机械研究所
施嘲风
G01S 7/40
Loading...
本发明涉及一种小型天线转台，该小型天线转台具有垂直相交的方位轴系和俯仰轴系,整体结构采用对称式设计，保证天线足够的转动空间。方位轴采用盘式电机与齿轮传动，减小了结构轴向尺寸。俯仰轴采用伺服电机经过三级传动实现自锁与大力矩俯仰，且电机与传动装置在平衡框下方，结构紧凑。本发明创造了一种小尺寸，低重量，大力矩，高精度的小型天线转台新型结构。
9. 106736863 一种测量镗铣床空间热变形误差的快速测量规及其方法
CN
31.05.2017
B23Q 17/22 Loading...
B23Q 17/22
Loading...
102016001026384
北京机床研究所
常文芬
B23Q 17/22
Loading...
本发明公开了一种测量镗铣床空间热变形误差的快速测量规及其方法，包括有：一安装板；一组高度互不相同的支柱，各支柱顶端固定有标准球；工作时选取五个支柱分别固定在安装板平面上的四个角位及该四个角所围矩形平面的中心区域，将五个支柱中处于中间高度的支柱固定在所述的中心位置；一个用于测量各标准球位置的测头；将安装板固定在机床的工作台面上，测头固定在机床的主轴上，两者均可随机床运动轴进行运动。运动前和停止后，测头快速接近测量规，并迅速完成测量，获得空间三个方向的误差数据。通过测量这五支柱点前后位置每点的相对误差，得到该镗铣床空间热变形误差。
10. 106736629 一种长行程大负载双驱动水平直线运动平台
CN
31.05.2017
B23Q 1/26 Loading...
B23Q 1/26
Loading...
102016001031374
中国航空工业集团公司北京航空精密机械研究所
程学艳
B23Q 1/26
Loading...
本发明是一种长行程大负载双驱动水平直线运动平台，能够承受大负载、大倾覆力矩，运动范围大，同时具有很高的定位精度。该平台包括底座、台面、垫铁、导轨、滑块、滚轮、齿条、驱动装置、激光测距仪和限位块，底座下面安放调平垫铁，可以调平底座。滚轮安装在驱动装置的输出轴上，与齿条啮合，可以使台面沿着安装在底座上的导轨做水平直线运动，同时反馈装置实时反馈信号。底座两侧安有限位装置。
11. 106762161 一种具有位移自检测功能的计量活门
CN
31.05.2017
F02C 9/26 Loading...
F02C 9/26
Loading...
102016001130995
中国航空工业集团公司北京航空精密机械研究所
郑会龙
F02C 9/26
Loading...
本发明是一种具有位移自检测功能的计量活门，本发明技术方案利用容栅的基本原理将“定栅”所需的基本结构集成在计量活门表面上，实现结构件与传感器的集成设计。基于传统精密制造技术，结合特种加工工艺，采用镀膜、喷涂等先进制备手段，在计量活门表层生成金属条带与非金属条带交替排列的位移自感知结构，使其与计量活门基体牢固接合，成为具备位移自检测功能的计量活门，计量活门与位移检测模块的金属条带材料间的热膨胀系数、化学性能接近，可用于燃油计量工作环境，可靠性高，该技术方案体积小、重量轻、成本低且适用于批量生产。
12. 106702116 一种轴承套圈沟槽表面强化设备
CN
24.05.2017
C21D 7/04 Loading...
C21D 7/04
Loading...
102015000773275
中国航空工业集团公司北京航空精密机械研究所
杜海涛
C21D 7/04
Loading...
一种轴承套圈沟槽表面强化设备，其技术要点是：包括底座，底座顶部外表面设有X轴运动平台和Z轴运动平台，X轴运动平台的上部设置有主轴电机，主轴电机的一端连接有主轴减速机，主轴减速机的另一端设置有同步带，同步带还连接有主轴，主轴上设置有主轴座，主轴的一端连接有卡具，卡具的端部内表面可放置轴承套圈，Z轴运动平台上设置有平台电机，Z轴运动平台上设置有盘式电机，盘式电机的一侧设置有盘式电机配重，盘式电机的上部设置有盘式电机连接臂，盘式电机连接臂上设置有直线运动导轨，直线运动导轨上设置有强化头连接臂，强化头连接臂上连接有强化头；采用该技术方案能够对轴承套圈类的沟槽类零件的沟槽表面进行超声振动表面强化。
13. 106672253 一种无人机收纳箱
CN
17.05.2017
B64F 1/00 Loading...
B64F 1/00
Loading...
201611097366.0
中国航空工业集团公司北京航空精密机械研究所
吴宇昊
B64F 1/00
Loading...
本发明提供一种无人机收纳箱，主要由机械部分、电器控制系统组成。无人机收纳箱通过升降机构完成无人机储存位置与起飞位置转换；通过卷筒机构收放无人机供电通讯线缆；通过旋翼展开机构实现小旋翼的折叠与展开。本发明的效果是，主要用于收纳及固定大型多旋翼无人机，可作为无人机起降平台，并可为无人机提供长距离供电、通信等。其主要功能包括：为无人机提供防护；为无人机提供起降平台与收放无人机；为无人机长距离供电；通过收纳箱内部机构，实现大型无人机小旋翼折叠减小收纳尺寸。本发明具有可靠性高、操作简便、易于搬运、能够快捷完成无人机收放动作的优点。
14. 106629462 一种可承受重载升降行走轮机构
CN
10.05.2017
B66F 7/00 Loading...
B66F 7/00
Loading...
201611019512.8
中国航空工业集团公司北京航空精密机械研究所
阮晓峰
B66F 7/00
Loading...
本发明是一种可承受重载升降行走轮机构，该机构能够使设备升起一定高度，然后只需克服滚动摩擦力使重物移动。本发明通过转动旋转螺杆，使旋转螺杆绕端螺母上下移动。旋转螺杆与升降杆之间安装一推力球轴承。旋转螺杆向下移动，推动升降杆使安装在其上的调心球轴承外圈支撑受力，顶起重载设备。调心球轴承的调心特性可以避免轴承外圈与接触面不平带来的轴承卡死问题，使重载设备简单、方便地移动。
15. 106607754 一种自由曲面棱镜精密加工夹具
CN
03.05.2017
B24B 41/06 Loading...
B24B 41/06
Loading...
201510663544.0
中国航空工业集团公司北京航空精密机械研究所
张利鹏
B24B 41/06
Loading...
一种自由曲面棱镜精密加工夹具，其技术要点是：包括夹具本体，夹具本体包括固定在机床主轴上的夹具座，夹具座通过螺钉联结有夹具主体，夹具主体上分别设置有楔块和第一粘结块，楔块之间设置有移动夹板，移动夹板的下部连接有导向杆，导向杆内设置有调整移动夹板在导向杆上来回移动的调整螺钉，移动夹板上联结有球头杆，第一粘结块与自由曲面棱镜的一端粘接，自由曲面棱镜的另一端粘接有第二粘接块，第一粘接块的另一端联结有球头杆，第二粘接块还连接有编码器连接板，编码器连接板的底部联结至夹具主体；采用该技术方案，提高磨削和抛光及检测各环节的重复定位精度。
16. 104568306 一种力传感器动态性能标定装置
CN
03.05.2017
G01L 25/00 Loading...
G01L 25/00
Loading...
102014000842117
中国航空工业集团公司北京航空精密机械研究所
张海存
G01L 25/00
Loading...
本发明是一种力传感器动态性能标定装置，本装置省略了对执行装置的模型测试计算环节，直接应用位移传感器测量执行环节的输出位移，通过简单计算得出执行环节的输出力值，且该输出力值直接作用于待标定力传感器(7)上，提高了标定过程的效率与准确度。
17. 104565416 滑阀阀芯联接装置
CN
03.05.2017
F16K 3/314 Loading...
F16K 3/314
Loading...
102013000488935
北京精密机电控制设备研究所
王鹏
F16K 3/314
Loading...
本发明公开了一种滑阀阀芯联接装置，包括驱动装置(1)、阀芯(2)、第一钢球(3a)、第二钢球(3b)、弹簧支撑座(4)、弹簧(5)、支座(6)。弹簧支撑座(4)的一端与支座(6)通过弹簧(5)联接，阀芯(2)的一端与弹簧支撑座(4)的一端各开有相同锥角的锥孔，分别顶在第二钢球(3b)的两端，驱动装置(1)的一端和阀芯(2)同一直线上共线的另一端各开有相同锥角的锥孔，分别顶在第一钢球(3a)的两端。采用本技术方案进行液动力测量，能够保证阀芯不受径向附加力的影响，进而提高了测量的准确性。
18. 106594055 一种锥形滚轮驱动轮组
CN
26.04.2017
F16C 13/00 Loading...
F16C 13/00
Loading...
102015000663667
中国航空工业集团公司北京航空精密机械研究所
王微
F16C 13/00
Loading...
一种锥形滚轮驱动轮组，其技术要点是：包括轮组本体，轮组本体包括轮座，轮座上连接有滚轮，滚轮的两侧连接有轮轴压块，轮轴压块的另一侧连接有减速机连接环，减速机连接环的另一端连接有减速机，减速机的另一端连接有伺服电机，轮座上还分别设置有球型支座和辅助调整装置，所述滚轮的内部设置有平键，平键的内端面连接有轮轴，轮轴的两端分别由第一调心滚子轴承和第二调心滚子轴承支撑并通过一对轮轴压块固定在轮座上；采用该技术方案，避免滚轮的内圈和外圈线速度不同引起的打滑问题，提高运动精度和平稳性，球形支座可以适应导轨平面度的变化，维护成本低。
19. 206114199 一种三坐标测量机重锤平衡装置
CN
19.04.2017
G01M 1/32 Loading...
G01M 1/32
Loading...
202016001171520
中国航空工业集团公司北京航空精密机械研究所
安海东
G01M 1/32
Loading...
本实用新型提供了一种三坐标测量机重锤平衡装置，包括：配重块，连接绳和两个定滑轮，所述两个定滑轮平行设置在Z轴支架的顶部，其中一个定滑轮的位置与所述配重块的位置相对应，另一个定滑轮的位置与Z轴顶板的位置相对应；所述连接绳依次绕过所述两个定滑轮，一端连接在所述配重块上，另一端连接在所述Z轴顶板上。本实用新型利用重锤平衡的原理，通过两个定滑轮和连接绳，将配重块与Z轴顶板串接在定滑轮的两侧，从而给Z轴施加一个竖直向上的方向的力，在与Z轴的自身重力平衡的同时，还能减轻Z轴运动过程中产生的向下的力对测量结果的影响，还能在Z轴突然下落时起到保护作用。
20. 106568387 一种大长径比空心薄壁细长轴精密检测设备及检测方法
CN
19.04.2017
G01B 11/06 Loading...
G01B 11/06
Loading...
102016000965584
中国航空工业集团公司北京航空精密机械研究所
李成玮
G01B 11/06
Loading...
本发明属于大长径比深孔内型腔和外径形位公差精密检测设备领域，涉及一种大长径比空心薄壁细长轴精密检测设备及检测方法。该检测设备包括：底座、测杆、内测头及运动机构、外测头及运动机构、工件支撑移动平台、标定环、被测工件以及控制处理单元。其中，工件支撑移动平台可沿X方向带动被测工件运动，内测头及安装运动机构和外测头运动机构沿Z方向运动；标定环用于建立内、外测头之间的联系；控制处理单元用于编制测量程序、采集测量数据并进行数据处理获得需要的工件形位公差。本发明的大长径比空心薄壁细长轴精密检测设备及检测方法的测量精度高，测量长度长，测量效率高，便于使用。
21. 106570232 一种检验规程的自动生成方法
CN
19.04.2017
G06F 17/50 Loading...
G06F 17/50
Loading...
201610930438.9
中国航空工业集团公司北京航空精密机械研究所
郑会龙
G06F 17/50
Loading...
本发明属于质量检测数字化技术领域，涉及在三维工艺模型上解决具有高自动化、低错误率、高智能化的一种检验规程的自动生成方法。它是根据三维工艺模型上每道工序的加工数据标注完整度，将加工数据逐一提出，根据检验规程描述规范，分别添加检验人员、检验方法、检验工具等约束检验过程的参数，添加完毕后三维工艺模型变为三维检验模型，结合实例推理技术自动导出检验规程。本发明基于PMI提取技术和检验规程规范，在分析现有检验单和检验规程基础上设计检验规程数字化方法，将三维工艺模型中PMI提取出来，附加上检验约束参数，一次性生成检验模型，编制三维工艺模型解析和实例推理技术的检验规程自动生成软件，形成数字化检验规程。
22. 106500761 一种同时检测温度和应变信号的传感器
CN
15.03.2017
G01D 21/02 Loading...
G01D 21/02
Loading...
102016000888740
中国航空工业集团公司北京航空精密机械研究所
郑会龙
G01D 21/02
Loading...
本发明是一种同时检测温度和应变信号的传感器，包括金属薄膜层Ⅰ(2)，功能薄膜层(3)，栅状线条(4)和金属薄膜层Ⅱ(5)，所述金属薄膜层Ⅰ(2)，功能薄膜层(3)，栅状线条(4)和金属薄膜层Ⅱ(5)以层叠方式集成，其特征在于：所述金属薄膜层Ⅰ(2)与金属薄膜层Ⅰ(3)一面层叠相连，金属薄膜层Ⅱ(5)与栅状线条(4)同一面的两端分别层叠相连，通过金属薄膜层Ⅰ(2)上的信号引出线Ⅰ(6)和金属薄膜层Ⅱ(5)上的信号引出线Ⅱ(6)可以取出温度信号，通过金属薄膜层Ⅱ(5)上的信号引出线Ⅱ(7)和信号引出线Ⅲ(8)可以进行应变信号的测量。所述一种可以同时检测温度和应变信号的传感器在基体(1)表面可以呈阵列式排列。本发明能用于航空结构件表面，具有高度集成化，小型化和精确化。
23. 106500640 一种对发动机叶片测量装置进行校准的方法
CN
15.03.2017
G01B 21/04 Loading...
G01B 21/04
Loading...
102016000887314
中国航空工业集团公司北京航空精密机械研究所
郑会龙
G01B 21/04
Loading...
本发明属于航空发动机叶片测量测试领域，涉及使用标准型面叶片校准测量装置的方法。在发动机叶片测量测试中，测量高精度的发动机叶片所得到的测量评价结果，完全不能真实反映发动机叶片的精度。这是由测量装置叶片评价方法的误差和机械误差两部分原因造成的。本发明提出一种基于叶片测量装置校准标准型面的测量装置校准方法，利用专用的校准装置，该校准装置包括叶身与叶片榫根，其中所述叶身由标准横截面法向延伸构成，该标准横截面由理论发动机叶片三维模型在积叠轴任意位置的横截面构成，建立所述测量装置的各参数的误差补偿数据库，对叶片测量装置进行特定位置空间的误差补偿，以此提高发动机叶片测量精度。
24. 106500637 一种对发动机叶片测量装置进行校准的装置
CN
15.03.2017
G01B 21/00 Loading...
G01B 21/00
Loading...
102016000887404
中国航空工业集团公司北京航空精密机械研究所
郑会龙
G01B 21/00
Loading...
本发明属于航空发动机叶片检测领域，具体涉及一种对发动机叶片测量装置进行校准的装置。目前，在航空发动机叶片检测领域，无论采用何种测量设备都存在较大的测量误差，无法准确获得叶片相关尺寸参数。本发明针对现有叶片测量技术的不足，提供一系列对发动机叶片测量装置进行校准的装置，通过测量这些装置的标准型面，就可得到叶片测量装置在测量不同叶片时的设备测量误差。本发明提出发动机叶片测量装置校准标准型面，利用该型面可以得到航空发动机叶片检测的设备系统误差，达到大幅提高航空发动机叶片测量的精度和一致性的目的。
25. 104722794 一种高位置度端面的精密加工装置
CN
01.03.2017
B23B 41/00 Loading...
B23B 41/00
Loading...
102014000787446
中国航空工业集团公司北京航空精密机械研究所
杨辉
B23B 41/00
Loading...
本发明是一种高位置度端面的精密加工装置，其特征是在普通镗床工作台上安装两个支撑轴套，两个支撑轴套的内孔之间穿过一根气浮镗杆及端面定位装置，两个支撑轴套通过气浮镗杆自定心保持同轴，气浮镗杆的外圆与两个支撑轴套的内孔表面之间、端面定位装置都通过压缩空气膜支撑以实现高精度回转运动。气浮镗杆在两个支撑轴套外侧的延长段上分别选装有用于孔和端面镗削的前刀具和后刀具，气浮镗杆上安装前刀具一侧的延长段的顶端通过联轴器和镗床主轴连接。与现有技术相比，本发明装置改变了传统的调转机床工作台180°方向分别加工的方式，消除了由于设备精度及镗杆悬臂长度不同带来的误差，可以取代传统的端面及孔的加工工艺，具有很好的实用意义。
26. 106441394 一种多自由度调整模块
CN
22.02.2017
G01D 11/00 Loading...
G01D 11/00
Loading...
201610964466.2
中国航空工业集团公司北京航空精密机械研究所
郭霞
G01D 11/00
Loading...
本发明属于数控精密测量设备，涉及一种用于实现被测量工件简易、快速调整至所需空间姿态的多自由度调整模块。调整模块包括安装螺钉、螺钉、Y向旋转弹簧、轴、簧片、锁紧螺母、压缩弹簧、顶销、弹簧座、Z向旋转体、X向燕尾导轨、锁紧螺钉、螺套、调整螺钉、Z向旋转座、X轴调整板、X向旋转弹簧、Y轴调整板、微调螺丝、调整板座。该模块可实现被测工件分别绕X、Y、Z三个轴的旋转和沿X轴的移动。沿X轴和Y轴的旋转调整功能均由两片簧片、两个拉力弹簧和一个球头型调整螺钉共同实现，沿Z轴的旋转调整由一个旋转轴、一个球头型调整螺钉和一套弹力平衡模块实现，沿X轴的移动由一组燕尾形导轨实现。
27. 106429803 一种自动翻转智能吊具
CN
22.02.2017
B66C 1/22 Loading...
B66C 1/22
Loading...
201610862605.0
中国航空工业集团公司北京航空精密机械研究所
杜建良
B66C 1/22
Loading...
本发明是一种自动翻转智能吊具，包括由吊具主梁机构、自动调平系统和翻转系统组成的机械主体和控制系统，能自动平衡力矩、自动防摆和精确定位功能。所述主梁和自动调平系统和翻转系统均设计为可拆解结构。控制系统进行自适应调整平衡同时，抑制转动过程造成的摆动，并可配合光栅尺进行500mm范围内的精确定位。本发明提供的智能吊具可以承载10吨物体，配置人机交互可触摸界面，动态响应快，30s内完成自动调平，调平精度在±0.02°，直线定位精度±0.01mm，转角精度±0.5°，10min内完成90°大型工件平稳翻转，保护措施完善，工作效率高、运行安全可靠。在中小型飞机机体总装、飞船组装等航空航天领域应用广泛。
28. 106441203 一种深内锥孔的自动测量装置
CN
22.02.2017
G01B 21/22 Loading...
G01B 21/22
Loading...
201610663857.0
中国航空工业集团公司北京航空精密机械研究所
闵罗肖
G01B 21/22
Loading...
本发明一种深内锥孔的自动测量装置属于几何测量技术领域，设计了一种深内锥孔锥角的专用检测装置。针对深内锥孔的特点，设计了球传感器，可以测量一定半径的截面高度。在本发明中有两个不同半径的球传感器，通过XYZ三轴自动滑台的运动实现锥孔两个截面的高度信息的自动测量。进而计算出内锥孔的锥角。本发明可以实现深内锥孔的自动化快速测量；经过试验验证，由于每次的测量接触力相等，重复精度较高；自动化程度较高，可以实现多个喷嘴被测物的快速测量。
29. 106392821 一种自由曲面棱镜加工方法
CN
15.02.2017
B24B 13/02 Loading...
B24B 13/02
Loading...
201610969003.5
中国航空工业集团公司北京航空精密机械研究所
张利鹏
B24B 13/02
Loading...
本发明属于光学器件制造及超精密加工技术领域，涉及一种自由曲面棱镜加工方法。本发明结合了超精密磨削和超精密抛光两种方式实现自由曲面棱镜的加工，并通过高精度自由曲面棱镜专用夹具实现自由曲面棱镜的位置定位和依次加工，形成自由曲面棱镜的有效加工方法。
30. 106394671 一种模块化重载全向驱动轮组
CN
15.02.2017
B62D 9/00 Loading...
B62D 9/00
Loading...
102016000887339
中国航空工业集团公司北京航空精密机械研究所
姚利明
B62D 9/00
Loading...
本发明是一种模块化重载全向驱动轮组，该轮组采用两台电机及减速机构通过总体布局实现行走和转向功能，其中，一台行走电机通过同步带传动带动与支撑轮连接的行走减速机，完成支撑轮的行走驱动；另一台转向电机通过转向减速机带动回转式减速器，进而驱动安装有支撑轮的支撑轮安装座旋转，完成支撑轮的双向回转；旋转运动角度由测角机构测量并反馈，测角机构的编码器输入轴与支撑轮安装座连接，编码器安装板与轮组基座连接。本发明具有结构紧凑、承载大、回转半径小、模块化等特点。
31. 106404412 一种用于测量航空发动机轴承座偏心位移的装置
CN
15.02.2017
G01M 15/14 Loading...
G01M 15/14
Loading...
102016000862631
中国航空工业集团公司北京航空精密机械研究所
毕超
G01M 15/14
Loading...
本发明是一种用于测量航空发动机轴承座偏心位移的装置，可以通过测量轴承座的偏心位移来实现对发动机主轴运行状态的实时监测。在实施过程中，将耐高温的电容位移传感器通过由低膨胀材料制成的杆体安装在机匣的承力支板中。当轴承座产生偏心位移时，会使电容位移传感器的输出发生变化，从而实现对轴承座偏心位移的测量。在航空发动机中，转子系统通过主轴轴承进行支撑和定位，而主轴轴承就固定在机匣的轴承座中。因此，轴承座的偏心位移会破坏转子系统的同轴度，对发动机的正常运转产生不利影响。本发明提供一种发动机轴承座偏心位移的测量装置，原理简单、适用性强、应用方便，可以在试车过程中对轴承座偏心位移的大小和方向进行精确测量，避免出现过大的偏心位移而造成严重后果。
32. 103700487 一种用于大型变压器线圈绕制后的轴向压紧装置
CN
25.01.2017



102013000690003
中国航空工业集团公司北京航空精密机械研究所
路伟光


本发明是一种用于大型变压器线圈绕制后的轴向压紧装置，该装置通过由油缸代替丝杠来解决设备大行程问题，因为油缸具有较好的刚度和强度。设备平行度通过滚动光栅作为位移传感器进行位置控制，将位置精度通过控制系统反馈到电液伺服阀，从而实现四套油缸的高精度同步控制。该装置整体结构新颖独特、外形简洁美观、占地空间小等特点。线圈压制后高度精确、压力值准确，线圈压制过程安全可靠，可确保线圈绝缘完好。特别适合高压及特高压线圈的压制。
33. 103697803 一种用于测量孔结构直径的电子塞规
CN
25.01.2017
G01B 7/13 Loading...
G01B 7/13
Loading...
102013000688999
中国航空工业集团公司北京航空精密机械研究所
郑会龙
G01B 7/13
Loading...
本发明是一种用于测量孔结构直径的电子塞规，该电子塞规包括一个带中心通孔(5)的石英柱体(4)，在石英柱体(4)的两端面均加工成型一层金属膜(3)，用导线(6)分别与金属膜(3)连接，将石英柱体(4)的一端固定在安装座(2)的导线孔(1)上，这一端金属膜(3)上的导线(6)穿过安装座(2)的导线孔(1)与直流电源的一极连接，石英柱体(4)的另一端金属膜(3)上的导线(6)穿过石英柱体(4)的中心通孔(5)和安装座(2)的导线孔(1)与直流电源的另一极连接。该电子塞规结构简单，能够不调换头部位置就直接判断所测的小孔尺寸是否满足加工和使用过程中的上、下限偏差的要求，避免了使用普通塞规时需反复装卡的问题，该装置所使用的电控的方式能够比较精确的调节尺寸，利于在整体加工系统中的集成。
34. 102788607 一种高精度端齿盘定位转台
CN
21.12.2016
G01D 11/00 Loading...
G01D 11/00
Loading...
102012000251281
中国航空工业集团公司北京航空精密机械研究所
程亚静
G01D 11/00
Loading...
本发明是一种高精度端齿盘定位转台，该转台包括底座、俯仰负载、定位托板、定位板、定位钢球、滑动方箱、上齿盘、下齿盘、俯仰左轴、轴承、俯仰右轴，俯仰负载与俯仰左轴及俯仰右轴固定，俯仰左轴及俯仰右轴通过轴承支撑在底座上。端齿盘的下齿盘与俯仰左轴固联，可随俯仰轴一起旋转一定的角度。端齿盘的上齿盘与滑动方箱固联，滑动方箱可随上齿盘作轴向位移；四块定位板分布于滑动方箱的四个侧面并与滑动方箱的四个侧面平行，四块定位板与滑动座固联，四块定位板与滑动方箱之间有若干个等直径的定位钢球及保持架作支撑。与现有技术相比，本发明端齿盘定位转台结构简单、精度高、便于加工、成本低。
35. 106247956 一种检测带有螺旋槽特征的槽宽尺寸的方法
CN
21.12.2016
G01B 11/03 Loading...
G01B 11/03
Loading...
201610727917.0
中国航空工业集团公司北京航空精密机械研究所
崔汝伟
G01B 11/03
Loading...
本发明属于测量技术，涉及一种检测带有螺旋槽特征的槽宽尺寸的方法。本发明利用具有转台坐标系并且带有点投射光学测头的测量装置，将待测零件安装在转台上，同时保证带有螺旋槽特征的被测件的螺旋轴线与转台轴线的一致，通过测量待检测同一螺旋槽两边螺旋线上同一水平面上的两点在转台坐标系下的相对位置及坐标，及其与螺旋轴线夹角，按照推导的计算方法及公式得到螺旋槽槽宽，实现了螺旋槽槽宽的准确检测。本发明结合测量软件及测量装置使用，创新点在于找到一种检测带有螺旋槽特征的槽宽尺寸的方法，达到对螺旋槽槽宽的快速、准确测量。
36. 103528519 一种点投射光学测头空间位置矢量的测量标定方法
CN
17.08.2016
G01B 11/00 Loading...
G01B 11/00
Loading...
102013000493454
中国航空工业集团公司北京航空精密机械研究所
房建国
G01B 11/00
Loading...
本发明是一种点投射光学测头空间位置矢量的测量标定方法，该方法在直角坐标系测量机上利用点投射光学测头测量标准球，获取标准球表面七个光点的测量机坐标信息，并获取对应光点的光学测头读数值，利用光束直线矢量与标准球表面的空间几何关系建立联系方程，求解点投射光学测头的光束位置矢量信息。该方法优点是简便易行，测量精度高。本发明给出了测量原理、方法、步骤和计算公式等。
37. 105841627 一种用于测量大型环形机匣类零件的几何变形的装置
CN
10.08.2016
G01B 11/16 Loading...
G01B 11/16
Loading...
102016000305954
中国航空工业集团公司北京航空精密机械研究所
毕超
G01B 11/16
Loading...
本发明是一种用于测量机匣等大型环形零件的几何变形的装置，它利用非接触式的测距传感器实现变形量的精确测量，并通过运算获得待测环形零件变形后的偏心位移和轮廓形状参数。在航空发动机中，机匣通常设计成薄壁环形结构，在产生几何变形后，其外形轮廓由圆形变为椭圆形，并产生偏心位移，从而导致测距传感器的输出数值发生变化，通过采集各个传感器的输出数据并进行后期运算，就可以获得待测机匣的变形情况。因此，该测量装置可以用于地面试车过程中的发动机机匣类零件的几何变形量的在线测量，从而提供一种用于发动机性能测试的技术方案和手段。本发明原理简单、测量精度高、使用方便，可以进行在线测量，也可应用于多种大型薄壁环形零件的几何变形量的在线检测。
38. 205423393 一种采用无摩擦汽缸的重力平衡装置
CN
03.08.2016
F15B 15/20 Loading...
F15B 15/20
Loading...
201520763277.X
中国航空工业集团公司北京航空精密机械研究所
房建国
F15B 15/20
Loading...
本实用新型是一种采用无摩擦汽缸的重力平衡装置，该装置相对传统汽缸机构采用的滑动导向结构和胶圈密封做了改变，采用空气静压轴承直线运动导向代替传统的滑动导向，采用间隙密封代替了传统的胶圈密封，从而极大地降低了活塞运动时摩擦干扰力对运动精度的影响，提高汽缸作用力的准确和精密控制。
39. 205426677 一种测量机气垫刚性试验装置
CN
03.08.2016
G01N 3/12 Loading...
G01N 3/12
Loading...
202015000917981
中国航空工业集团公司北京航空精密机械研究所
路伟光
G01N 3/12
Loading...
本实用新型是一种测量机气垫刚性试验装置，该装置主要包括气动压力机和电感测微仪两大部分。根据待试验气垫的相关参数确定气缸的工作压力，并通过减压阀无级调节，通过电控系统控制气缸的上升下降，气缸为铸铁平板上的气垫提供恒定的压力。通过气源给气垫通气至状态稳定后在电感测微仪上直接读取气膜厚度的值，并检测气膜厚度是否符合额定压力下的设计值。该装置压力调节方便，操作省时省力，测量模式切换灵活，尤其适合大型气垫的刚性试验。
40. 104309017 超精密KDP晶体机床的进给机构
CN
01.06.2016
B28D 5/00 Loading...
B28D 5/00
Loading...
201410588329.4
北京工研精机股份有限公司
朱生根
B28D 5/00
Loading...
本发明提供一种超精密KDP晶体机床的进给机构，包括底座、设置在所述底座上方的溜板、设置在所述底座的供所述溜板滑移的液体静压导轨、以及用以驱动所述溜板沿所述静压导轨滑移的直线电机，在所述溜板运行方向的两侧分别安装一套锁紧装置，所述锁紧装置由安装在所述溜板侧面的锁紧导杆及安装在所述底座的锁紧缸组成，所述锁紧导杆穿过所述锁紧缸；在工作状态时，所述锁紧导杆沿所述液体静压导轨驱动方向，在所述锁紧缸内直线往复运动，与之相连接的所述溜板可沿驱动方向运动；操作所述锁紧缸锁紧所述锁紧导杆时，所述溜板停止固定在特定位置。本发明通过所述锁紧装置可以使所述溜板在停留位置稳定加工，提高加工精度。
41. 205262499 一种组合型精密花岗岩平台
CN
25.05.2016
G01D 11/00 Loading...
G01D 11/00
Loading...
201520944103.3
中国航空工业集团公司北京航空精密机械研究所
尚君星
G01D 11/00
Loading...
本实用新型提供一种组合型大面积精密花岗岩平台设备，主要由花岗岩平台部分、螺旋千斤顶部分组成。设备的主要特点是用多块小面积的花岗岩平台拼接后组成一块大面积的高精度平台。通过控制每块小面积平台的加工形状误差、直线度误差、平面度误差，并通过控制拼接过程中的拼缝高低差、拼缝间隙，最终控制组合后大平台的平面度精度误差。本实用新型适用于临时需用的大面积平台，或不能将大面积平台使用地点固定的工作环境。本实用新型有效解决了超大平台的加工、运输等难题，具有结构简单、成本低、精度高等优点。
42. 205263400 一种带有光源的工业内窥镜装置
CN
25.05.2016
G02B 23/24 Loading...
G02B 23/24
Loading...
201620002873.0
中国航空工业集团公司北京航空精密机械研究所
高荣江
G02B 23/24
Loading...
一种带有光源的工业内窥镜装置，其技术要点是：包括装置本体，装置本体包括内视镜软管和转接装置及便携光源，内视镜软管的一侧端部设置有内视镜连接头，内视镜连接头侧的转接装置内中心部沿转接装置长轴设置有镗孔，镗孔的一侧与内视镜连接头相连接，镗孔的另一侧连接有内孔，内孔中由外至内依次设置有大螺纹和小螺纹及凹槽，凹槽内设置有滤光片；采用该技术方案，光源保持相对固定，减少光源损失，便于在检测现场使用，便携光源与滤光片所处位置相分离，保护滤光片不会受挤压而破碎，滤光片能够减弱视镜下的光线强度，有效保护操作者的双眼，镗孔和大螺纹及小螺纹的表面光洁，能够减少光线因漫反射造成的损失，提高观察效果。
43. 205265699 一种非接触式光电滑环装置
CN
25.05.2016
H04B 10/11 Loading...
H04B 10/11
Loading...
201520962052.7
中国航空工业集团公司北京航空精密机械研究所
孟凡军
H04B 10/11
Loading...
一种非接触式光电滑环装置，其技术要点是：包括模具本体，模具本体包括电主轴，电主轴的一端连接有旋转轴，旋转轴的另一端设置有数据采集电路板，数据采集电路板的另一端设置有电路板卡槽座，电路板卡槽座的另一端连接有激光发射端电路板，激光发射端电路板的另一端通过光轴连接有激光接收端电路板，接收端电路板的另一端连接有接收端固定板，接收端固定板的另一端设置有接收端移动平台，接收端移动平台的下部连接有接收端底座；采用该技术方案，结构一体化，方便安装和调试，可靠性高，此外还可调整激光器在圆心的位置，方便调整激光发送器与接收器的光轴的同轴性。
44. 205256424 一种全向转运车
CN
25.05.2016
B62D 5/04 Loading...
B62D 5/04
Loading...
201520963653.X
中国航空工业集团公司北京航空精密机械研究所
庄国梁
B62D 5/04
Loading...
本实用新型涉及一种全向转运车，用于其它设备的停放和转运，属于机电设备技术领域。转运车是一种用于其它设备或者物品转运、停放的专用特种设备，主要应用于厂房、仓库等场合。目前应用的转运设备在转运其它设备或者物品时，主要靠人力推动进行转运，转运效率低、精度差，而且转运吨位受到一定限制；还有一些转运设备虽然不采用人力驱动，但是转运时转弯半径大，无法实现全方位转向。本实用新型提出了一种新型全向转运设备，能够实现其它设备及物品的全方位转向，同时能够实现较大吨位转运，转运精度较高。
45. 205257182 一种重载设备的微调装置
CN
25.05.2016
B65G 7/02 Loading...
B65G 7/02
Loading...
201520980343.9
中国航空工业集团公司北京航空精密机械研究所
张健
B65G 7/02
Loading...
一种重载设备的微调装置，其技术要点是：包括装置本体，装置本体包括上安装板，上安装板的下部设置有第一导轨，第一导轨上设置有滑块，滑块的内部邻近导轨侧设置有导轨固定块，第一导轨的两端分别设置有机械限位块，上安装板的一端设置有电机安装架，电机安装架上设置有电机，电机的输出轴和丝杠之间设置有联轴器，上安装板的一侧固定设置有限位支撑架，限位支撑架上栓接有霍尔限位开关，滑块的下部栓接有中安装板，中安装板下部的结构与上安装板下部的结构相同，中安装板下部的滑块栓接有下安装板，装置本体上还设置有螺旋升降机；采用该技术方案能实现多个自由度的微调，模块化程度高，结构紧凑，安装方便，操作简单，制造成本低，拆卸方便。
46. 205262426 一种用于测量机外罩的抬升机构
CN
25.05.2016
G01B 21/00 Loading...
G01B 21/00
Loading...
201521031470.0
中国航空工业集团公司北京航空精密机械研究所
张剑雄
G01B 21/00
Loading...
本实用新型是一种用于测量机外罩的抬升机构，该机构利用氮气弹簧机构实现测量机外罩的升降，从而免去了检查或维修时重复拆卸护罩的步骤。氮气弹簧相关组件与测量机工作台零件连接后，将测量机外罩通过螺钉与氮气弹簧组件连接，利用此连杆机构实现外罩的升降功能并可在升起后呈现静止状态。
47. 205261315 一种可快速更换测量机专用测头照明模块的结构
CN
25.05.2016
F21S 8/00 Loading...
F21S 8/00
Loading...
201520869325.3
中国航空工业集团公司北京航空精密机械研究所
王帼媛
F21S 8/00
Loading...
本实用新型属于三坐标测量机应用技术领域，涉及一种可快速更换测量机专用测头照明模块的结构。结构包括照明模块和测头安装座两部分，照明模块由光源、顶针连接器及外罩组成，测头安装座四个侧面上分别开有四个通孔，橡胶绝缘块嵌入到四个通孔中，每个橡胶绝缘块内均嵌入一个磁铁和两个触点，四个侧面上的四个通孔位置与照明模块底面上的顶针连接器的位置相对应。本实用新型将光源放置在测头位置，近距离为被测工件提供照明，解决了测量深度较大工件时光照不足的问题；同时由于采用模块化设计和磁铁连接结构，使得更换使用快速便捷，无需任何硬件更改；本实用新型是一种兼容性非常高的测量机专用附件。
48. 105570237 一种双余度机电静压伺服机构
CN
11.05.2016
F15B 21/08 Loading...
F15B 21/08
Loading...
201410601786.2
北京精密机电控制设备研究所
何俊
F15B 21/08
Loading...
本发明属于大型舵控机构技术领域，具体涉及一种双余度机电静压伺服机构；包括控制组件(18)、低压组件(19)和作动组件(20)，其中控制组件(18)通过两个控制油路分别与作动组件(20)中的两腔油路相连，控制组件(18)的液压泵低压补油油路和壳体泄油油路分别与低压组件(19)的低压油路相连，作动组件(20)通过旁通阀(14)回油油路与低压油路相连；本发明采用“机电控制，液压传动”技术和电机泵一体化设计技术，并对系统中电机泵、伺服控制器、伺服电机驱动器、位移传感器、自增压油箱等部分进行了两余度配置，设置了高压双向过滤器和水冷散热器，达到提高系统可靠性、维护性的效果。
49. 105563200 一种双力矩电机驱动双气动钳夹精准定位电主轴摆动装置
CN
11.05.2016
B23Q 5/02 Loading...
B23Q 5/02
Loading...
201610055627.6
北京工研精机股份有限公司
张世珍
B23Q 5/02
Loading...
本发明公开了一种双力矩电机驱动双气动钳夹精准定位电主轴摆动装置，包括A轴光栅轴、左力矩电机和右力矩电机，反馈元件安装于A轴光栅轴上，左力矩电机连接左电机转子固定轴，右力矩电机连接右电机转子固定轴，左电机固定板上设有限位开关，左气动钳夹和右气动钳夹左右对称设置用于对摆动A轴精准定位，配油轴固定件通过内部管路连接轴旋转运动件，管路两端设有轴用回转格来圈，十字摆轴用于连接左右电机组件及主轴单元，采用双力矩电机驱动电主轴的方式，零部件种类少、结构简单、紧凑、体积小、重量轻；避免了传动件之间的间隙带来的传动误差，从而提高了加工精度；大大降低了高速传动引起的振动、摩擦、疲劳等机械故障，提高了主轴头的摆动精度。
50. 205220692 一种缓冲装置
CN
11.05.2016
B61G 11/04 Loading...
B61G 11/04
Loading...
201520849357.7
中国铁道科学研究院电子计算技术研究所
王志飞
B61G 11/04
Loading...
本实用新型涉及铁路车辆连接技术领域，公开了一种缓冲装置，包括车钩、钩尾框、两组对中推杆、球面垫和缓冲结构。本实用新型的目的是提供的缓冲装置，当相邻两辆车之间发生偏转，车钩尾部一侧的凸肩顶抵对应的对中推杆，从而使得该对中推杆推压球面垫，球面垫被推起的同时会贴着弧形面向另一侧偏转，而缓冲结构则不会随球面垫一同产生偏转，其只会平移运动，而从而保证整个缓冲结构受力均匀，提高本实用新型的可靠性，进而有效提高机车车辆运行的安全性，降低发生列车脱轨事故的概率。
51. 205123689 一种电流型线性功率放大器
CN
30.03.2016
H03F 3/20 Loading...
H03F 3/20
Loading...
201520944083.X
中国航空工业集团公司北京航空精密机械研究所
王宏远
H03F 3/20
Loading...
本实用新型涉及一种电流型线性功率放大器，电路采用双电源互补推挽结构，包括PI调节器、功放保护与故障处理电路、正负桥臂隔离驱动电路、IGBT功率输出模块、霍尔电流传感器、电流负反馈电路、相位补偿电路及负载。本实用新型采用线性光耦模拟隔离电路传输IGBT驱动信号，霍尔电流传感器传输电流反馈信号，实现了IGBT功率输出模块与控制电路、保护电路的电气隔离，根据负载要求调整动力电源供电电压时对控制电路没有影响，电路调试简单。IGBT器件单管电流容量大、耐压等级高，线性功率放大器输出电压与电流指标显著提高。
52. 205120884 一种滑环瞬断检测系统
CN
30.03.2016
G01R 31/02 Loading...
G01R 31/02
Loading...
201520793806.0
中国航空工业集团公司北京航空精密机械研究所
陈杰
G01R 31/02
Loading...
本实用新型涉及一种滑环瞬断检测系统，包括电源(1)、瞬断检测单元(2)、驱动控制单元(3)、驱动电机(4)、驱动轴系(5)、滑环(6)以及取样电阻，导电滑环应用的领域很广，在需要电路旋转连接的地方都需要滑环，在精密机电控制系统中，如惯导系统及惯导测试转台上，需要大量使用滑环。在惯导和惯导测试系统中对滑环的瞬断要求很高。本实用新型的滑环瞬断检测系统，能够准确地，全面的，长时间的检测出滑环瞬断情况，从而可以为惯导和惯导测试转台系统提供高可靠的导电滑环。
53. 205118166 滚珠丝杠副塑料插接型端塞
CN
30.03.2016
F16H 25/22 Loading...
F16H 25/22
Loading...
201520844773.8
北京精密天工滚珠丝杠股份有限公司
冯丽华
F16H 25/22
Loading...
本实用新型公开了一种滚珠丝杠副塑料插接型端塞，它包括有第一端塞(1)和第二端塞(5)，该第一端塞(1)和第二端塞(5)相互插接构成插接型端塞，在第一端塞(1)上设有上半圆形凹槽(2)，在第二端塞(5)上设有下半圆形凹槽(6)，该第一端塞(1)和第二端塞(5)相互插接后形成圆形反向回珠通道(M)，使反向回珠通道的入口形成圆形入口；在第一端塞和第二端塞上设有插接装置，该插接装置使第一端塞和第二端塞相互插接紧密连接在一起；所述的第一端塞和第二端塞采用杜邦玻璃增强尼龙材料制成。本实用新型的有益效果是：在丝杠副高速运转时，滚珠运动流畅、不升温、噪声小。
54. 105382624 一种双液压缸配重的两轴电转台机构及其补偿倾覆力矩的方法
CN
09.03.2016
B23Q 11/00 Loading...
B23Q 11/00
Loading...
201510964080.7
北京工研精机股份有限公司
索奇
B23Q 11/00
Loading...
本发明提供了一种双液压缸配重的两轴电转台机构及其补偿倾覆力矩的方法，通过双液压缸配重的机械平衡机构，减小或合理补偿转台倾覆力矩的影响，机械平衡机构包括平衡油缸I和平衡油缸II,其中平衡油缸I和平衡油缸II的一端固定在产生倾覆力矩的转台的旋转轴A轴的下方,当转台绕旋转轴A轴转动时，平衡油缸I和平衡油缸II油缸缸体跟随转台的摆动而绕油缸耳环旋转,液压控制系统调整平衡油缸I和平衡油缸II的压力，从而实现对转台倾覆力矩的补偿，提供一种结构简单且易于实现，有助于转台的高精度平稳运行，同时使得机床可以选择扭矩相对较小的驱动电机，降低电机的成本和功耗，减小发热和热变形，提高机床的加工精度，并可以降低成本。
55. 105345493 一种用于零件加工的扁平化高精度双轴转台
CN
24.02.2016
B23Q 1/30 Loading...
B23Q 1/30
Loading...
201510802295.9
中国航空工业集团公司北京航空精密机械研究所
张阔
B23Q 1/30
Loading...
本发明是一种用于零件加工的扁平化高精度双轴转台，将转台吊装于铣床的工作平台上，通过限位块固定其位置，将工件装卡于转台工作台上，转动主轴和俯仰轴手柄，使工件处于所需角度，启动液压锁紧装置，即可开始精加工过程。本发明结构紧凑、操作方便，实用性强，能快速、稳定地保持零件处于特定角度及方向，便于后续精加工工序的开展。
56. 105352422 一种用于电液伺服阀的电容位移传感器
CN
24.02.2016
G01B 7/04 Loading...
G01B 7/04
Loading...
201510791664.9
中国航空工业集团公司北京航空精密机械研究所
毕超
G01B 7/04
Loading...
本发明是一种用于电液伺服阀的电容位移传感器，可以对阀芯上的阀套的位移进行精密测量，从而可作为电液伺服阀的反馈环节以形成闭环控制，提高伺服控制的整体性能。本发明基于变面积型电容传感器原理，将位移量的变化转换成电容量的变化，再通过信号处理电路将电容量的变化转化为电量输出，从而实现阀套位移的测量。本发明采用圆柱形的传感器结构，以阀套作为传感器的可动极板，以传感器的感应圆环作为固定极板，两个极板之间形成可变参数的电容器，从而实现阀套位移的检测。本发明实现了结构件与传感器的集成设计，体积小、噪声低、性能稳定、使用方便、安全可靠，可以直接应用于现有的电液伺服阀，而无需改变其外形尺寸，也不影响其各项功能。
57. 105291071 一种多缸协同控制的液压翻转装置
CN
03.02.2016
B25H 1/18 Loading...
B25H 1/18
Loading...
201510763296.7
中国航空工业集团公司北京航空精密机械研究所
尚君星
B25H 1/18
Loading...
本发明提供了一种多缸协同控制的液压翻转装置，主要由底座、翻转平台、支撑平台、翻转油缸、支撑油缸、位移传感器、比例溢流阀、斜拉杆等组成。翻转平台是用于铁芯的叠装和翻转；支撑平台用于铁芯的定位及翻转时的支撑；翻转油缸提供翻转推动力；支撑油缸用于翻转时支撑平台的支撑，位移传感器测量油缸活塞杆的伸出量，通过控制系统计算抵消负载分力所需要的压力，并对翻转油缸与支撑油缸的协同控制。本发明的装置实现了铁芯翻转工艺过程的自动化，并提高了翻转过程的安全性、稳定性、可靠性，提高了生产效率。
58. 105303796 一种无线测量工具及其方法
CN
03.02.2016
G08C 17/02 Loading...
G08C 17/02
Loading...
201510660682.3
中国航空工业集团公司北京航空精密机械研究所
郑会龙
G08C 17/02
Loading...
本发明涉及一种无线测量工具及其方法。包括测量部和信号输出部；所述的信号输出部包括有线信号输出口、ARM+ZigBee通信发射模块、ZigBee通信接收模块。将无线通信ZigBee移植至尺寸数字测量工具中，进行无限方式的测量数据传输。现有数字量具产品的无限通信方式为射频和蓝牙。ZigBee通信方式可以绑定几百把量具，保证了智能工厂中多种测量设备与服务器进行数据交换的要求。
59. 204997439 一种零件翻转运动装置
CN
27.01.2016
B23Q 7/00 Loading...
B23Q 7/00
Loading...
201520668410.3
中国航空工业集团公司北京航空精密机械研究所
吴凡
B23Q 7/00
Loading...
本实用新型是一种零件翻转运动装置，该装置在底座(1)安装面上，采用滑动轴承(9)支撑的方式，实现对翻转运动机构的支撑。旋转驱动台(2)与转台驱动轴(3)连接，转台驱动轴(3)再通过联轴节(4)与主动侧支撑主轴(5)相连驱动前支撑板(7)和后支撑板(12)之间的底板(6)，实现旋转运动，当转动到预设角度后，可通过锁紧装置(11)夹紧刹车盘(10)，制动随动侧支撑主轴(8)、后支撑板(12)与底板(6)，同时主动侧支撑主轴(5)通过旋转驱动台(2)内部气动刹车实现制动刹车，实现双向两端锁紧。本实用新型结构简单、操作方便，自动化程度高、实用性强，能快速、高效完成大型细长零部件实现高精度旋转分度定位运动。
60. 105234501 一种端齿的研齿方法
CN
13.01.2016
B23F 15/06 Loading...
B23F 15/06
Loading...
201510736786.8
中国航空工业集团公司北京航空精密机械研究所
刁建东
B23F 15/06
Loading...
本发明涉及一种端齿的研齿方法，属于机械加工技术领域。本发明通过摆动机构使齿面A、齿面B交替地贴合对研；通过摆动机构改变切向力大小，在啮合面积增大时增加齿面间正压力，啮合面积减小时降低齿面间正压力，避免了齿顶变尖造成的精度问题。本发明在研齿过程中始终有一侧齿面在正压力的作用下对研，加工效率较高；其次，上齿盘沿一侧齿面抬起、落下一个行程后即对研另外一侧齿面，磨料更换及时，进一步提高加工效率；再次，正压力大小根据啮合面积变化，避免造成齿形变尖的问题，加工精度较高；最后，在微观尺度上，其加工机理以刮擦、切削为主，齿面微观形貌较好，有利于加工出高精度的端齿盘。
61. 105234739 精密卧式加工中心机床导轨摩擦发热的热平衡方法及系统
CN
13.01.2016
B23Q 11/00 Loading...
B23Q 11/00
Loading...
201510730931.1
北京工研精机股份有限公司
聂应新
B23Q 11/00
Loading...
本发明提供了一种精密卧式加工中心机床导轨摩擦发热的热平衡方法及系统，在床身（1）的底部增加发热板（9），床身铸造腔体内增加2个温度检测传感器（10）；在立柱（2）的后部增加发热板（11），立柱铸造腔体内增加2个温度检测传感器；在滑座（4）的后部增加发热板（12），滑座铸造腔体内增加2个温度检测传感器。温度传感器、发热板与数控模块（15）相连接，数控模块分别计算各大结构件腔体内传感器的温度差值，当温度差值大于设定值时，控制发热板加热，当温差小于设定值时，控制发热板不加热。本发明可有效抑制导轨发热引起的该结构布局的机床空间精度的变化，提高机床的稳定性。
62. 105226835 一种用于航空发动机转子遥测系统的感应电能传输装置
CN
06.01.2016
H02J 17/00 Loading...
H02J 17/00
Loading...
201510673961.3
中国航空工业集团公司北京航空精密机械研究所
王宏远
H02J 17/00
Loading...
本发明涉及一种用于航空发动机转子遥测系统的感应电能传输装置，包括高频逆变电路、可分离变压器、整流调压电路。可分离变压器由两块相同的一面印制有螺旋线的圆形PCB板构成，中心开孔为激光器件提供光传输通路。两块PCB板螺旋线所在面相对并同轴安装，中间留气隙，背面分别覆盖粘贴高磁导率柔性软磁片。高频逆变电路输出端与原边螺旋线连接，为静止部件。整流调压电路输入端与副边螺旋线连接，为旋转部件，安装于旋转轴轴端。本发明通过电磁感应原理实现非接触电能传输，所采用的可分离变压器结构具有整体重量轻、轴向尺寸小、易于制造、便于安装的优点，适合航空发动机转子遥测系统等高速旋转设备应用。
63. 105221690 滚珠丝杠副塑料插接型端塞
CN
06.01.2016
F16H 25/22 Loading...
F16H 25/22
Loading...
201510713170.9
北京精密天工滚珠丝杠股份有限公司
冯丽华
F16H 25/22
Loading...
本发明公开了一种滚珠丝杠副塑料插接型端塞，它包括有第一端塞(1)和第二端塞(5)，该第一端塞(1)和第二端塞(5)相互插接构成插接型端塞，在第一端塞(1)上设有上半圆形凹槽(2)，在第二端塞(5)上设有下半圆形凹槽(6)，该第一端塞(1)和第二端塞(5)相互插接后形成圆形反向回珠通道(M)，使反向回珠通道的入口形成圆形入口；在第一端塞和第二端塞上设有插接装置，该插接装置使第一端塞和第二端塞相互插接紧密连接在一起；所述的第一端塞和第二端塞采用杜邦玻璃增强尼龙材料制成。本发明的有益效果是：在丝杠副高速运转时，滚珠运动流畅、不升温、噪声小。
64. 105179473 细长杆件球柔性同轴调整装置
CN
23.12.2015
F16C 29/00 Loading...
F16C 29/00
Loading...
201510548611.4
中国航空工业集团公司北京航空精密机械研究所
郭霞
F16C 29/00
Loading...
本发明属于数控精密测量设备，涉及一种用于随动的细长杆件球柔性同轴调整装置。调整装置由球面定位座、锥面定位座、定位座、细长杆、定位件、移动部件、支撑件及防脱件组成。细长杆穿过防脱件、球面定位座、锥面定位座、定位座、支撑件、移动部件及定位件的内孔，以定位件内孔轴线为基准，调整定位螺杆，使球面定位座、锥面定位座、细长杆、移动部件与定位座发生相对位移，球面定位座的轴线可以跟随细长杆的轴线自行调整，两条轴线始终保持同轴或平行，调整完成后细长杆的轴线与定位件同轴或平行，在移动部件沿细长杆运动时，移动部件的轴线始终与定位件的轴线同轴或平行，保证了移动部件的运动精度，该装置结构简单，装调性能良好。
65. 105157647 混合偏置型关节臂测量机
CN
16.12.2015
G01B 21/04 Loading...
G01B 21/04
Loading...
201510548622.2
中国航空工业集团公司北京航空精密机械研究所
郭霞
G01B 21/04
Loading...
本发明属于数控精密测量设备中的测量机，尤其涉及具有铰接臂结构的关节臂式测量机。该测量机仅沿ZX平面对称布置。其中关节臂测量机包括5个可以独立自由运动的转向关节，7段连接臂段。该测量机的5个转向关节均为双点支撑，且各关节(除关节4外)的支撑点均沿ZX平面对称布置；关节1和关节4为无限旋转关节，该关节臂测量机具有操作灵活、结构刚度强、重量轻等综合优势。
66. 105115456 一种不同非接触式测头测量数据的对齐方法
CN
02.12.2015
G01B 21/00 Loading...
G01B 21/00
Loading...
201510424199.5
中国航空工业集团公司北京航空精密机械研究所
刘勇
G01B 21/00
Loading...
本发明是一种不同非接触式测头测量数据的对齐方法，所述对齐方法是将三轴多测头非接触坐标测量设备中不同测头的测量数据转换到同一个空间坐标系下的方法，所述三轴多测头非接触坐标测量设备上安装了两个非接触式测头，分别为非接触式测头Ⅰ(1)和非接触式测头Ⅱ(2)，该方法在使用复合坐标测量设备上的不同非接触测头测量同一个工件上的不同点时，可以直接将各个点的坐标对齐到同一个坐标系下，给坐标测量数据的使用带来方便。
67. 105115455 一种三轴坐标测量设备的不同测头测量数据的对齐方法
CN
02.12.2015
G01B 21/00 Loading...
G01B 21/00
Loading...
201510424142.5
中国航空工业集团公司北京航空精密机械研究所
刘勇
G01B 21/00
Loading...
本发明是一种三轴坐标测量设备的不同测头测量数据的对齐方法，该方法在机床上放置标准球，并用接触式测头与非接触式测头对其采集12个点，用这些数据可以计算出L1、矢量n和矢量p。L1与非接触测头安装位置有关，矢量n与非接触测头安装方向有关，矢量p与接触式测头相对于非接触式测头的位置有关。对被测工件进行测量时，对上述参数和非接触测头的测量数据进行计算，可以实现将非接触式测头的测量数据直接对齐到接触式测头的测量坐标系下，具有方便和高效的优势。
68. 105115418 一种细长孔内壁测量传感器支撑装置
CN
02.12.2015
G01B 11/00 Loading...
G01B 11/00
Loading...
201510422973.9
中国航空工业集团公司北京航空精密机械研究所
刘勇
G01B 11/00
Loading...
本发明是一种细长孔内壁测量传感器支撑装置，该装置对该细长孔内壁进行测量的测量传感器(1)通过传感器转接件(2)固定在一根长度超过1300mm、外径小于10mm的空心碳纤维杆(3)的一端，空心碳纤维杆(3)的另一端通过台体转接件(5)固定在测量设备台体(6)上，在空心碳纤维杆(3)的两端连接一根钢丝(4)并拉紧使空心碳纤维杆(3)产生弧形向上的预变形，该预变形的弧形弦高为2mm～5mm；上述测量传感器(1)的最大径向尺寸小于10mm。本装置实现了对零件细长孔内壁的测量，并有自重轻、变形小、震动阻尼大的优点。
69. 105108507 一种用于三轴数控机床加工薄壁框架零件的装夹找正方法
CN
02.12.2015
B23Q 1/25 Loading...
B23Q 1/25
Loading...
201510547517.7
中国航空工业集团公司北京航空精密机械研究所
曹占山
B23Q 1/25
Loading...
本发明是一种用于三轴机床加工薄壁框架零件的装夹找正方法，该方法利用手动精密双轴圆转台(1)与三轴数控机床相结合，通过手动精密双轴圆转台(1)的台面(5)360度旋转和俯仰方向的转动，有效解决了薄壁框架零件在加工初基准时装夹和定位困难这一技术瓶颈，同时扩大了三轴机床的加工范围，使三轴机床应用更加广泛。大大的提高了加工质量和工作效率。相对更简便快捷，应用范围广，提高了加工精度，提高了工作效率，提高了可靠性。
70. 204248567 一种加装数控转台的即插即用控制机床
CN
08.04.2015
B23Q 37/00 Loading...
B23Q 37/00
Loading...
201420630571.9
北京工研精机股份有限公司
马春年
B23Q 37/00
Loading...
本实用新型公开了一种加装数控转台的即插即用控制机床，其特征在于：包括数控转台、设置在转台侧部的接插单元、电缆和设置在机床护罩处的电缆转接插头，转台依次通过接插单元、电缆、电缆转接插头与机床连接；电缆包括反馈线、动力及I/O信号线；接插单元包括转台反馈线插座、反馈线插头、动力及I/O信号线插座和动力及I/O信号线插头。本实用新型在转台侧插座内做一封线以提供转台装卸状态信号，使得转台在任何部位拆卸均可被控制系统自动识别，避免了拆装转台部件后系统可能发生工作故障，实现了数控转台即插即用，其设计合理、结构简单、拆装方便、易于维护升级、工作稳定可靠，有效解决了现有技术的不足。
71. 104400534 Machine tool feeding mechanism and large-stroke nanometer resolution movement feed driving device thereof
CN
11.03.2015
B23Q 5/36 Loading...
B23Q 5/36
Loading...
201410587762.6
北京工研精机股份有限公司
贺大兴
B23Q 5/36
Loading...
The invention provides a machine tool feeding mechanism. The machine tool feeding mechanism comprises a body, a slide carriage and a driving device, wherein the slide carriage is arranged on the body; the driving device is arranged in the movement direction of the slide carriage, is arranged on the top surface of the slide carriage and comprises two mounting seat, two linear motors, a bridge plate, two high-resolution position feedback element optical gratings, two reading heads and a movement control system; the mounting seats are connected to the slide carriage; the two linear motors are symmetrically arranged on the inner side faces of the two mounting seats; the bridge plate is used for connecting the two linear motors together; the reading heads are connected to the top surfaces of the mounting seats; the optical gratings are connected below the reading heads; the slide carriage is driven through the movement control system and the optical gratings to perform nanometer resolution movement relative to the body. According to the machine tool feeding mechanism, the linear motors are arranged above the slide carriage, and the double motors of symmetric structures are adopted for driving, so that the stable performance of the slide carriage is greatly improved; instruction setting is performed through the movement control system, so that the slide carriage can be driven to stably execute movement according to the nanometer resolution precision.
72. 104400019 Actively unloading hydrostatic pressure spindle
CN
11.03.2015
B23B 19/02 Loading...
B23B 19/02
Loading...
201410669353.0
中国航空工业集团公司北京航空精密机械研究所
罗松保
B23B 19/02
Loading...
The invention belongs to a precision machine tool technique and specifically relates to an actively unloading hydrostatic pressure spindle. The actively unloading hydrostatic pressure spindle comprises a machine tool base, a spindle supporting guide rail, supporting balls, a spindle stator, an unloading oil pad, a spindle rotor, a spindle radial oil pad, a spindle axial oil pad and an unloading pressure feedback hydraulic element, wherein the spindle supporting guide rail with three radial V-shaped slots is fixed on the machine tool base; the spindle stator is supported in the three radial V-shaped slots of the spindle supporting guide rail through three supporting balls; the spindle rotor is statically supported on the spindle stator through the radial oil pad and the axial oil pad. According to the actively unloading hydrostatic pressure spindle provided by the invention, a three-point positioning supporting mounting mode in the form of three radial V-shaped slots-supporting balls is adopted and an active unloading technique for an unloading oil pad pressure closed ring is combined, so that the processing precision stability of the spindle and a machine tool is effectively kept and the processing period and cost of the hydrostatic pressure spindle are reduced.
73. 104389839 Servo-cylinder
CN
04.03.2015
F15B 15/14 Loading...
F15B 15/14
Loading...
201410588422.5
中国航空工业集团公司北京航空精密机械研究所
路伟光
F15B 15/14
Loading...
The invention discloses a servo-cylinder. According to the servo-cylinder, a grating scale is replaced b y a rolling grating; the rolling grating serves as an external displacement sensor for the servo-cylinder; a friction wheel of the rolling grating can be always tightly attached to a piston rod of the cylinder at certain positive pressure through a regulating device, relative sliding in the rolling process is avoided, and the problems of the traditional grating scale are well solved; moreover, requirements of the grating on installation reference accuracy, working stability of the cylinder and the like are reduced; the servo-cylinder is wide in range, small in spatial size, convenient to install and maintain and reliable in accuracy.
74. 104369038 Looseness-prevention and locking structure for fixing tool to spindle nose
CN
25.02.2015
B23Q 3/12 Loading...
B23Q 3/12
Loading...
201410545439.2
中国航空工业集团公司北京航空精密机械研究所
张彬
B23Q 3/12
Loading...
The invention discloses a looseness-prevention and locking structure for fixing a tool to a spindle nose. According to the technical solution, a fixing rod (1) is screwed into the spindle nose (9), axial force is exerted through a locking screw (8), an elastic body (4) deforms elastically and generates axial clamping force between a locking threaded section (2) and a looseness-prevention threaded section (3), so that the elastic body (4) and the spindle nose (9) are fixed together, locking is achieved under the action of friction force, and the looseness-prevention effect is achieved under the action of the elastic body (4). The looseness-prevention and locking structure is simple, looseness-prevention and locking fixation of the tool to the spindle nose can be realized in a manual mode, and the looseness-prevention and locking structure is convenient to disassemble and capable of being repeatedly used. The looseness-prevention and locking structure is simple, reliable in locking and convenient to use.
75. 204085915 一种用于机械负载台的摩擦加载装置
CN
07.01.2015
G01M 99/00 Loading...
G01M 99/00
Loading...
201420484779.4
北京精密机电控制设备研究所
桑庆宏
G01M 99/00
Loading...
本实用新型属于一种伺服作动器测试装置，具体公开一种用于机械负载台的摩擦加载装置，该装置包括壳体、螺塞、蝶形弹簧组、弹簧支座和圆柱塞，壳体沿径向均匀开有多个通孔，每个通孔内各设有一组螺塞、蝶形弹簧组、弹簧支座和圆柱塞，圆柱塞嵌在壳体内侧，圆柱塞外侧设有弹簧支座，弹簧支座外套有蝶形弹簧组，弹簧支座外侧端部外套有将蝶形弹簧组压在壳体内的螺塞。本实用新型的装置结构简单、操作便捷、价格低廉。
76. 204086955 便携式多协议双总线多级一体化机电伺服机构测控装置
CN
07.01.2015
G05B 19/418 Loading...
G05B 19/418
Loading...
201420484853.2
北京精密机电控制设备研究所
王跃轩
G05B 19/418
Loading...
本实用新型属于测控技术领域，具体公开一种便携式多协议双总线多级一体化机电伺服机构测控装置，包括1553B总线通信模块、CAN总线通信模块、模拟量采集模块、PXI便携移动平台、嵌入式控制器、打印机、电源控制模块，电源控制模块的输出端、1553B总线通信模块的总线输入端、CAN总线通信模块的CAN总线输入端、模拟量采集模块的信号采集端均分别与待测机电伺服机构连接；1553B总线通信模块、CAN总线通信模块、模拟量采集模块、嵌入式控制器均分别与PXI便携移动平台连接，嵌入式控制器与打印机连接。该装置具有体积小、重量轻、便携性好、自动化程度高以及方便外场试验携带使用的优点。
77. 204053157 端塞型滚珠螺母内螺纹加工用对刀装置
CN
31.12.2014
B23G 3/04 Loading...
B23G 3/04
Loading...
201420347950.7
北京精密天工滚珠丝杠股份有限公司
冯丽华
B23G 3/04
Loading...
一种端塞型滚珠螺母内螺纹加工用对刀装置，它包括有一个矩形的对刀装置的本体，该本体的上端部从左端看是半圆形，该本体的前面从右端看是短边，该本体的后面从右端看是长边，该长边的下端连接有圆弧边，该圆弧边的下端与短边的下端连接有内凹的圆弧边，使本体的左端面的形状与端塞型反向器的左端形状相同，且无反向器的舌部；在本体的前面左端往右设有内三角形第一螺旋槽，在该第一螺旋槽的右侧设有第二螺旋槽，该第一螺旋槽螺旋线与第二螺旋槽螺旋线之间的距离为N个导程。本实用新型的有益效果是：它解决端塞型滚珠螺母内螺纹加工时对刀问题，可以保证反向装置的反向槽中心与螺母内螺纹滚道中心的对中精度在0.05mm以内。
78. 204061783 滚珠丝杠副收口型塑料反向器
CN
31.12.2014
F16H 25/22 Loading...
F16H 25/22
Loading...
201420351462.3
北京精密天工滚珠丝杠股份有限公司
查初亮
F16H 25/22
Loading...
一种滚珠丝杠副收口型塑料反向器，它包括有反向器本体，在该反向器本体上有弯曲的回珠槽，在回珠槽两侧交错有耳部，在回珠槽中部槽顶处凸出有挡边，形成回珠槽截面形状为收口型；在耳部上端形成延长到回珠槽的凸筋，该凸筋的内端设于回珠槽的上部，形成舌形斜口。本实用新型的有益效果是：由于回珠槽中部槽顶处凸出有挡边，滚珠在反向时脱离了丝杠齿顶，很好的解决了采用敞口型反向器的滚珠丝杠副由于滚珠丝杠齿顶倒角圆弧不规则造成的流畅性差等问题，且反向器耳部的凸筋设计可以增加强度，螺母内圆弧定位可以增加反向器定位稳定性，凸筋与反向通道自然形成的舌形斜口还可以提高滚珠丝杠副流畅性。采用此种反向器还可降低成本，提高工作效率。
79. 203930417 一种基于USB的数显量具数据采集装置
CN
05.11.2014
G05B 19/042 Loading...
G05B 19/042
Loading...
201420303201.4
中国航空工业集团公司北京航空精密机械研究所
郑会龙
G05B 19/042
Loading...
本实用新型是一种基于USB的数显量具数据采集装置，其特征在于：该采集装置包括采集器(1)、上位机(6)和数显量具(7)，采集器(1)包括微处理器(2)、信号电平转换电路(3)、复位电路(4)、电压转换电路(5)，其中：微处理器(2)通过印刷电路板与信号电平转换电路(3)、电压转换电路(5)、复位电路(4)连接，微处理器(2)和电压转换电路(5)均通过USB接口(8)与上位机(6)连接，信号电平转换电路(3)通过RS232接口(9)与数显量具(7)连接。该装置的优点是将数显量具的测量数据直接传输到制造执行系统中，提高了制造执行系统检测环节自动化程度，降低检测成本，提高效率和质量。
80. 104062932 Data acquisition system for digital display measures
CN
24.09.2014
G05B 19/042 Loading...
G05B 19/042
Loading...
201410252547.0
中国航空工业集团公司北京航空精密机械研究所
郑会龙
G05B 19/042
Loading...
The invention provides a data acquisition system for digital display measures. The data acquisition system comprises the different digital display measures, acquirers corresponding to the digital display measures one to one and an upper computer. A movable measure set establishing module and a movable measure set maintaining module which are operated on the upper computer keep movable measure items contained in a movable measure set module identical to the digital display measures and the acquirers of the upper computer. According to a matching result sent by a measure identification module, a measuring result obtaining module sends a measuring result obtaining command to the matched acquirer and receives the measuring result.
81. 104061886 Data collecting and processing method used for digital display measuring tool
CN
24.09.2014
G01B 21/00 Loading...
G01B 21/00
Loading...
201410252067.4
中国航空工业集团公司北京航空精密机械研究所
郑会龙
G01B 21/00
Loading...
The invention provides a data collecting and processing method used for a digital display measuring tool. A collector receives measuring data of the digital display measuring tool, measuring results are stored to a communication structure, and the measuring results are uploaded to an upper computer according to the regulated communication procedure. The collector receives the measuring data from the digital display measuring tool in an interrupt mode, the measuring results and measuring units are stored to the measuring result positions in the communication structure and the measuring unit positions in the communication structure respectively, and software running in the upper computer and software running in the collector realize transmitting of the communication structure including the measuring results according to the communication procedure.
82. 203681275 一种用于电驱动轮行走装置的离合机构
CN
02.07.2014
B60K 17/28 Loading...
B60K 17/28
Loading...
201320829564.7
中国航空工业集团公司北京航空精密机械研究所
郜怀朋
B60K 17/28
Loading...
本实用新型是一种用于电驱动轮行走装置的离合机构，它是把电驱动行走轮装置的轴和胶轮通过离合螺钉连接起来，并在轴和胶轮间安装轴承，通过拆装离合螺钉来控制轴和胶轮的离合。本实用新型解决了电驱动行走轮装置安装离合器后结构过于复杂的问题，其结构简单，操作方便，是电驱动行走轮装置的理想的离合机构。
83. 203688343 一种用于球滚动接触疲劳试验机的主轴装置
CN
02.07.2014
G01N 3/02 Loading...
G01N 3/02
Loading...
201320825317.X
中国航空工业集团公司北京航空精密机械研究所
刘祎
G01N 3/02
Loading...
本实用新型是一种用于球滚动接触疲劳试验机的主轴装置，该装置中，在主轴(3)的上端以串联方式安装两套30°或40°的角接触球轴承(2)，角接触球轴承(2)的转速达10000转/分钟，可承受轴向10KN的载荷，在主轴(3)的下端以面对面或背对背主式安装两套15°或25°的角接触球轴承(6)。本实用新型结构紧凑、安装方便，实用性强，转速高，轴向承载力大，能够承受高达10KN的轴向载荷，在轴承发生疲劳损坏后能方便地快速更换，节省维修时间和成本。
84. 203686356 船用铺管、铺缆张紧器
CN
02.07.2014
F16L 1/23 Loading...
F16L 1/23
Loading...
201420050786.3
中国海洋石油总公司
李志刚
F16L 1/23
Loading...
一种船用铺管、铺缆张紧器，包括：一框架机构、连接在框架机构上的用于夹紧管线相互配合的上、下履带驱动总成、用于控制上履带总成上下运动的履带夹紧装置、用于安装框架机构及履带夹紧装置的底盘，其中，框架机构的一端与船艉升降装置连接，框架机构的另一端与船艏升降装置连接，且该船艉升降装置与船艏升降装置分别固定在底盘上；框架机构的两侧分别设有船艏和船艉管线导向装置，且该船艏管线导向装置和船艉管线导向装置固定在底盘上。本实用新型不仅能够方便管线进出，而且，还能够确保管线始终受力均匀，防止管线受损；同时，根据实际要求调整管线的入水角及管线的中心高度，以适应不同的工况要求。
85. 203688180 一种阀门串、泄漏量自动测量装置
CN
02.07.2014
G01M 3/28 Loading...
G01M 3/28
Loading...
201320824436.3
中国航空工业集团公司北京航空精密机械研究所
梅国平
G01M 3/28
Loading...
本实用新型是一种阀门串、泄漏量自动测量装置，被测阀门(2)的进口与阀门测试台(1)连接，被测阀门(2)的出口与进液电磁阀(3)的一端连接，进液电磁阀(3)的另一端与一根垂直放置的垂直立管(4)连通，垂直立管(4)的底部设置一个用于降低液体对压力传感器冲击的缓冲装置(8)，在缓冲装置(8)的下方设置一个用于测量垂直立管(4)内的液体压力的压力传感器(9)，垂直立管(4)的侧面有一个开口连接出液电磁阀(5)的一端，出液电磁阀(5)的另一端与液体箱(6)连通，垂直立管(4)的顶部开口也与液体箱(6)连通。该装置通过压力传感器自动检测液体液位的变化，从而实现阀门液体串、泄漏量的自动测量。
86. 203686493 一种用于设备位置微调的十字滑台
CN
02.07.2014
F16M 11/04 Loading...
F16M 11/04
Loading...
201320824390.5
中国航空工业集团公司北京航空精密机械研究所
刘一宏
F16M 11/04
Loading...
本实用新型是一种用于设备位置微调的十字滑台，包括滑台组件和支撑组件，滑台组件包括一个滑台底座，一个一层滑台板，一个二层滑台板，滑台底座与一层滑台板通过两组平行安装的导轨滑块组件相连，两导轨之间安装有丝杠，转动丝杠可以带动一层滑台板相对于滑台底座直线运动，该连接方式与一层滑台板与二层滑台板的连接方式相同，一层，二层滑台板的移动方向垂直，配套支撑包括一个支撑脚，一个推力轴承，一个球头垫块，一个球头螺杆，一个螺杆螺母及一个封盖。球头螺杆可以相对支撑脚旋转。该滑台在设备底部采用三点布置，具有体积小，承载大，操作方便，成本低廉等优点。
87. 203687968 一种生产型测量机的梯形横梁
CN
02.07.2014
G01D 11/00 Loading...
G01D 11/00
Loading...
201320825613.X
中国航空工业集团公司北京航空精密机械研究所
郭霞
G01D 11/00
Loading...
本实用新型是一种生产型测量机的梯形横梁，所述梯形横梁采用花岗石材料制造，其特征在于：该梯形横梁与Y运动方向垂直的截面形状为梯形，在梯形横梁的内部加工有贯通梯形横梁两端的减重孔，减重孔的轴线与梯形横梁上的导轨面平行，梯形横梁上沿Y运动方向加工有4条导轨，其中两条承重导轨加工在梯形横梁的下底面的两侧并保持平行，另外两条封闭导轨加工在梯形横梁的两侧的斜面上，在梯形横梁的上底面和下底面之间加工有贯通的镶件孔。该种梯形横梁稳定性高，避免了自重过大，提高了测量机的精度及稳定性。
88. 203690511 一种双面约束多列滚柱接触件
CN
02.07.2014
H01R 4/58 Loading...
H01R 4/58
Loading...
201320803086.2
中国航空工业集团公司北京航空精密机械研究所
闵罗肖
H01R 4/58
Loading...
本实用新型属于输电领域，涉及一种具有双面约束的多列滚柱接触件。所述双面约束多列滚柱接触件包括外壳，导柱，保持架组件，其中，外壳一端开口，一对立面上设有导柱孔，导柱设置在导柱孔内，表面带有螺纹结构，外壳另一对立面上设有导槽和安装孔，安装孔上设有螺纹，保持架组件安装在外壳内，与外壳之间通过导柱连接，并靠导槽约束。本实用新型双面约束多列滚柱接触件由于多个滚柱与插销接触，是线接触，接触面积大，因此可以通过较大的电流，而且拔插力小，寿命更长。
89. 103834782 Surface strengthening device for steel balls
CN
04.06.2014
C21D 7/04 Loading...
C21D 7/04
Loading...
201310683563.0
中国航空工业集团公司北京航空精密机械研究所
杜海涛
C21D 7/04
Loading...
The invention relates to a surface strengthening device for steel balls. The surface strengthening device comprises a pedestal, two ultrasonic vibration reinforcing heads, a disc type motor, a turn plate, a steel ball clamping and rotating device, a steel ball transposition mechanical arm, a vacuum chuck, a strengthening head loading cylinder. On a horizontal plane of the pedestal, the steel ball clamping device is installed on the turn plate of the disc type motor; the steel ball clamping device can realize position and rotation of the steel ball; the whole steel ball clamping device rotates horizontally under the drive of the turn plate; two ultrasonic vibration strengthening heads are installed on a sliding rail of the pedestal; the strengthening heads are disposed at two sides of the steel ball oppositely; the strengthening heads can move on the sliding rail under the drive of the strengthening head loading cylinder; and the steel ball transposition mechanical arm can carry out transposition and replacement of the steel ball. The surface strengthening device is simple in structure and convenient for operations, has high degree of automation and strong practicability, and can rapidly and efficiently complete surface ultrasonic vibration strengthening of the steel ball at low cost.
90. 203570708 一种内表面强化钛合金液压活塞式蓄能器
CN
30.04.2014
F15B 1/04 Loading...
F15B 1/04
Loading...
201320673095.4
北京精密机电控制设备研究所
丁勇
F15B 1/04
Loading...
本实用新型属于蓄能器领域，具体涉及一种内表面强化钛合金活塞式液压蓄能器。目的是在不牺牲产品性能的条件下进行减重，以适用于航空航天领域以及其它对重量有苛刻要求的液压系统。该蓄能器包括蓄能器壳体以及位于蓄能器壳体内的液压油腔和气腔，液压油腔与液压系统的高压油液管路相连，液压油腔和气腔之间置有圆柱式的蓄能器活塞；蓄能器壳体内表面是一个圆柱面，蓄能器活塞上有环形密封槽，环形密封槽上有密封圈，密封圈直接与蓄能器壳体内表面结合；蓄能器壳体采用钛合金材料。该蓄能器可实现典型工况条件下蓄能器内活塞工作10万次，达到同等合金碳钢同类活塞式液压蓄能器的使用寿命，且显著减重，典型减重比可达30%。
91. 103737133 Method for machining aero-engine valve casing crescent groove
CN
23.04.2014
B23H 9/00 Loading...
B23H 9/00
Loading...
201310716677.0
中国航空工业集团公司北京航空精密机械研究所
池宪
B23H 9/00
Loading...
The invention relates to a method for machining an aero-engine valve casing crescent groove. The method is that an electrical sparkle machine tool and a detection device are installed on the same basic clamp (10), and a valve casing (7) subjected to electrical sparkle machining, an electric machining clamp (8) of the valve casing and a movable clamp (9) are integrally transferred to the basic clamp (10) of the detection device. In the mode, the clamping accuracy in the transferring process is ensured on the basis that the valve casing (7) is not dismounted. Due to the fact that the electrical sparkle machine tool and the detection device are installed on the same basic clamp (10), high-accuracy repeated clamping and positioning on the basic clamp (10) in the transferring process can be achieved.
92. 103661922 Electricity-gas hybrid power plant used for servo mechanism
CN
26.03.2014
B64C 9/00 Loading...
B64C 9/00
Loading...
201210320268.4
北京精密机电控制设备研究所
何俊
B64C 9/00
Loading...
The invention belongs to an electricity-gas hybrid power plant used for a servo mechanism, and in particular relates to a servo mechanism specifically applied to an aircraft. The electricity-gas hybrid power plant used for the servo mechanism comprises a motor driving controller, wherein the motor driving controller is respectively connected with an electric pump and a pressure sensor of an energy accumulator through cables. The electricity-gas hybrid power plant has the advantage of providing two types of power energy, namely electric hydraulic energy and gas hydraulic energy, simultaneously, wherein the electric hydraulic energy can meet long-time, low-power and long-time ground test conditions, and the gas hydraulic and electric hydraulic hybrid power can meet short-time and high-power flight conditions.
93. 103673784 Hydraulic energy device of carrier rocket servo mechanism
CN
26.03.2014
F42B 15/01 Loading...
F42B 15/01
Loading...
201210334885.X
北京精密机电控制设备研究所
赵守军
F42B 15/01
Loading...
The invention belongs to a hydraulic energy device of a liquid oxygen and kerosene carrier rocket servo mechanism. The hydraulic energy device used for the servo mechanism is composed of a motor, an electromagnetic valve, a check valve, an energy accumulator, a hydraulic motor, a hydraulic pump and the like together. Before a rocket takes off, a ground support system starts the motor to drive the hydraulic pump to work, when the pressure of the system reaches the nominal working pressure, a part of high-pressure oil is accumulated in the energy accumulator, the electromagnetic valve is closed, the motor shuts down, and the part of high-pressure oil is sealed in the energy accumulator through the check valve and the electromagnetic valve. At the moment of engine ignition, the electromagnetic valve is opened, the high-pressure hydraulic oil accumulated in the energy accumulator is released, instant hydraulic energy is provided for the motion of the servo mechanism, then, pressure is set up after kerosene is pumped through an engine turbine pump, the hydraulic motor works, and the pressure then becomes the flying power of the servo mechanism. The hydraulic energy device has the advantages that the system is convenient to install, detach and maintain.
94. 103573834 一种伺服机构与发动机的传动连接装置
CN
12.02.2014
F16D 1/033 Loading...
F16D 1/033
Loading...
201210253949.3
北京精密机电控制设备研究所
李清
F16D 1/033
Loading...
本发明属于一种伺服机构与发动机的结构连接装置，具体涉及一种用于伺服机构与液体发动机之间旋转运动和力矩传递的双曲柄式结构。一种伺服机构与发动机的传动连接装置，它包括输出轴曲柄，输出轴曲柄通过螺钉和销钉与伺服机构输出轴连接在一起，拨销压入输出轴曲柄端部的孔内并将输入轴曲柄与输出轴曲柄连接在一起，输入轴曲柄通过大螺钉与发动机输入轴连接。本发明的优点是，可适应发动机摆轴在工作时的高温变形；可用于旋转输出的伺服机构与发动机的传动和连接；实现了伺服机构与发动机的高效传动，传动效率接近达90%以上，效率与摆动角度无关；减小了伺服机构与发动机之间的传动环节和间隙；体积小巧，制造简单，成本低。
95. 103527530 Piston type self pressure complement hydraulic accumulator for servo mechanism
CN
22.01.2014
F15B 1/04 Loading...
F15B 1/04
Loading...
201210231177.3
北京精密机电控制设备研究所
何俊
F15B 1/04
Loading...
The invention belongs to the technical field of servo mechanisms, and particularly discloses a piston type self pressure complement hydraulic accumulator for a servo mechanism. The piston type self pressure complement hydraulic accumulator for the servo mechanism comprises a shell body. A small piston is arranged on the upper portion of the shell body. One end of a membrane type end socket is embedded in the small piston and the other end of the membrane type end socket is located outside the shell body and connected with one end portion of a gas outlet pipe of a high-pressure gas bottle. A large piston is arranged inside the shell boy, a gas cavity is formed in the upper end of the large piston, and a hydraulic oil cavity is formed in the lower end of the large piston. According to the piston type self pressure complement hydraulic accumulator for the servo mechanism, self pressure complement can be conducted without power supply and control which are conducted independently and therefore the structure of the servo mechanism is greatly simplified.
96. 103529691 Table look-up three-redundant-signal processing method
CN
22.01.2014
G05B 9/03 Loading...
G05B 9/03
Loading...
201210231179.2
北京精密机电控制设备研究所
李清
G05B 9/03
Loading...
The invention belongs to the field of signal processing and particularly discloses a table look-up three-redundant-signal processing method. The method comprises the following steps: (1) measuring values of three redundant channels Vx1, Vx2 and Vx3; (2) calculating difference values delta Vx12, delta Vx23 and delta Vx13 between every two of three redundant signals; and (3) looking up a three-redundant-signal look-up table. The third step includes two sub steps: (3.1) judging the relationship between delta Vx12 and a fault judging threshold delta, between delta Vx23 and the fault judging threshold delta and between delta Vx13 and the fault judging threshold delta and looking up the above table, wherein, when delta Vx12, delta Vx23 and delta Vx13 are smaller than or equal to delta, a global variable K is equal to 0, which suggests that the three channels are normal, and any of the channels is taken as the current three-redundant-signal processing result; and (3.2) continuing judging the relationship between delta Vx12 and delta, between delta Vx23 and delta and between delta Vx13 and delta when the global variable K is not equal to 0 and looking up the above table to obtain a three-redundant-signal processing result. The method can enable the pulse of a three-redundant-signal processing result to be minimized.
97. 203362887 一种小型永磁式过载旋转离合机构
CN
25.12.2013
F16D 27/14 Loading...
F16D 27/14
Loading...
201320403440.2
华东理工大学
韩天宇
F16D 27/14
Loading...
本实用新型涉及一种采用永磁体传递扭矩的小型旋转离合器。该机构包括离合器外壳体、左右端盖、动力输入端和输出端。主动旋转圈和输入轴相连，并在其上开有多个阶梯形槽以安装永磁体。主动圈上还装有用于提高旋转轴刚度的轴承。输出端的从动旋转圈上同样开有多个阶梯形槽，装有阶梯型的磁极，并与主动圈上的阶梯槽一一对应，还包括用于调整过载量的调整垫片和圆螺母。主从动圈上负责传递动力的是多对永磁体磁极。若传递的转矩超过永磁体间的磁力扭矩，则主、从动圈之间产生相对转动、形成分离效果，起到过载保护的作用。本机构适用于需要分离力矩准确、尺寸要求小的动力传输机械中。
98. 203031379 高速精密数控车磨复合加工机床的温度控制结构
CN
03.07.2013
B23Q 11/14 Loading...
B23Q 11/14
Loading...
201220687187.3
北京工研精机股份有限公司
高红
B23Q 11/14
Loading...
一种高速精密数控车磨复合加工机床的温度控制结构，包括封闭式水冷系统和开放式喷淋系统，前者包括锥面磨削主轴电机及轴承水冷装置、内径磨削主轴电机及轴承水冷装置、球道磨削电机水冷装置、直线电机水冷装置、工件主轴电机及轴承水冷装置、伺服电机水冷装置；后者包括：锥面磨削喷淋装置、内径磨削喷淋装置、工件主轴喷淋装置、球道磨削喷淋装置、工件主轴中心喷淋装置、硬车削喷淋装置及床身喷淋装置，上述装置通过管道与油泵相互连接构成，开放式喷淋系统的每一条通路设置电控式开关。两系统构成机床的整体温度控制系统，形成平稳的加工系统温度场。抑制加工区域的大梯度温差热场形成，控制加工过程中机床整体的热变形，实现加工系统温度场的高恒定性。
99. 103166557 Small wind power generation power controller
CN
19.06.2013
H02P 9/44 Loading...
H02P 9/44
Loading...
201110463084.9
中山北京理工大学研究院
冬雷
H02P 9/44
Loading...
The invention discloses a controller of a small wind-driven generator, and belongs to the technical field of controllers of clean energy. A small wind power generation power controller comprises the wind-driven generator, a rectifying module, a boosting step-down direct current (DC)/ direct current (DC) convertor, a rotating speed detection module, an all-digital controller, a storage battery and a direct-current load. The small wind power generation power controller achieves a speed detection function by detecting a line voltage frequency of the wind-driven generator, and is low in cost, high in reliability, and free from an extra speed sensor which is added to the wind-driven generator, thereby being capable of accurately conducting tracking and controlling of a maximum power spot. The small wind power generation power controller utilizes a target power curve to calculate the maximum power spot, and is high in accuracy, fast in response, free from generating oscillation, and beneficial to improvement of generating efficiency of a system.
100. 202985196 一种将真空传递到旋转轴轴端面吸盘的气路结构
CN
12.06.2013
B23Q 3/12 Loading...
B23Q 3/12
Loading...
201220669529.9
北京工研精机股份有限公司
曹成国
B23Q 3/12
Loading...
本实用新型公开了一种将真空传递到旋转轴轴端面吸盘的气路结构。在现有的技术中，没有理想的气路结构既可以将真空传递至旋转轴轴端面吸盘又对旋转主轴的回转精度影响较小。本实用新型包括旋转主轴，在旋转主轴的端面设有吸盘，所述的旋转主轴内设有通向吸盘的真空气路，旋转主轴上设有用来连接外部气源的连接组件，所述的连接组件包括了气浮支撑结构和真空气路接头，所述真空气路接头穿过气浮支撑结构连通所述的真空气路。气浮支撑结构与旋转主轴之间充气，使得二者之间产生间隙，因此在旋转主轴转动过程中，连接组件对旋转主轴的回转精度影响较小，同时真空气路接头可以将真空通过真空气路传递至旋转轴轴端面吸盘。
101. 202974194 滚动光栅
CN
05.06.2013
G01B 11/02 Loading...
G01B 11/02
Loading...
201220622461.9
中国航空工业集团公司北京航空精密机械研究所
姜新生
G01B 11/02
Loading...
本实用新型属于测量技术领域，涉及一种适用于进行长距离的直线位移测量的滚动光栅。滚动光栅包括机械部分、光电编码器部分和安装部分组成。滚动光栅通过摩擦轮与所测量的运动部件相接触，摩擦轮通过轴与光电编码器连接在一起，当运动部件移动时，通过摩擦轮将直线移动转换为旋转运动，再通过光电编码器将位移转换成电信号进行输出。本实用新型将运动部件的直线运动转换为旋转运动，并通过光电编码器转换成电信号进行输出。本实用新型在理论上可以进行任意长度的直线位移测量，并且由于采用光电编码器，提高了测量的稳定性，既解决了光栅尺尺寸有限、只能测量有限长度位移的问题，又解决了使用光栅片的传统滚动光栅稳定性的问题。
102. 202974210 一种角度测量装置
CN
05.06.2013
G01B 11/26 Loading...
G01B 11/26
Loading...
201220695870.1
中国航空工业集团公司北京航空精密机械研究所
孟凡军
G01B 11/26
Loading...
本实用新型属于角度测量反馈领域，涉及一种大直径中空旋转转台的角度测量装置。所述角度测量装置包括旋转轴、固定框架、柔性长度测量尺、主读数头、从读数头、数据处理模块。其中，所述柔性长度测量尺设置在旋转轴的圆周上，用于读取旋转轴角度信息的主读数头和从读数头对称设置在固定框架上，且均与数据处理模块连接。柔性长度测量尺粘贴到旋转轴的圆周上，主读数头或从读数头将旋转轴柔性测量尺的长度信息转换为电信号并送到数据处理模块。数据处理模块将主读数头和从读数头的信息融合获得旋转轴弧长信息并计算获得角位置信息。本实用新型能够解决某些连续旋转要求的大口径旋转设备无法实现精密连续测量的难题，具有极高的实际意义。
103. 103121117 一种能够精确调整的卡盘
CN
29.05.2013
B23B 31/16 Loading...
B23B 31/16
Loading...
201310071565.4
中国航空工业集团公司北京航空精密机械研究所
王岩
B23B 31/16
Loading...
本发明属于机械领域，涉及一种能够快速、精确调整工件回转偏心量的卡具，尤其涉及一种能够精确调整的卡盘。卡盘包括卡盘过渡锥套、拆卸螺母、卡盘过渡件、三爪自定心卡盘，三爪自定心卡盘与卡盘过渡件之间安装卡盘调整盘，卡盘调节件上的一个平面上设有凸台，凸台外圆周上均布三个平面：卡盘调整杆分为锥面和螺纹两部分，卡盘调整杆置于卡盘调整盘法兰部分上的通槽内，卡盘调整杆锥面部分与卡盘调节件上凸台外圆周上均布的平面重合，卡盘调整杆的螺纹部分与卡盘调整盘法兰部分上通槽的螺纹部分配合；卡盘调整盘与卡盘调节件用螺钉连接；卡盘调节件不带凸台的端面与卡盘过渡件通过螺钉连接，盘调整盘带凸台的端面与三爪自定心卡盘用螺钉连接。
104. 103091118 过载复合环境测试试验台
CN
08.05.2013
G01M 99/00 Loading...
G01M 99/00
Loading...
201110340192.7
中国航空工业集团公司北京航空精密机械研究所
金涛
G01M 99/00
Loading...
本发明属于测试技术领域，涉及一种过载复合环境测试试验台。过载台工作台面上布置两个直线运动机构和两条直线轨道，两个直线运动机构各带动一个随动台；两条直线轨道上各安装一个线性滑轨；随动台通过滑块与线性滑轨相连；所述的直线运动机构包括伺服电机、减速器、底座、推力轴承及深沟球轴承、丝杠、螺母和角接触轴承七部分，伺服电机经减速机减速后带动丝杠旋转，丝杠驱动螺母做直线位移运动，螺母与随动台相连；直线运动机构、过载台、随动台通过电缆与电控系统相接。本发明采用在过载台上加装两个直线运动机构，直线运动机构上各安装一个随动台的结构方式，创造了在试验室中模拟对象在真实环境中的各种动态运动情况的一种新方法。
105. 103091060 温湿与振动环境测试台
CN
08.05.2013
G01M 7/02 Loading...
G01M 7/02
Loading...
201110340178.7
中国航空工业集团公司北京航空精密机械研究所
金涛
G01M 7/02
Loading...
本发明属于测试技术领域，涉及一种温湿与振动环境测试台。测试台包括机械台体、高低温湿环境箱和电控系统三部分，其中，机械台体包括单轴速率转台、垂直线振动台、陶瓷延伸轴、小工作台，单轴速率转台由双列球轴承、角编码器、力矩电机、工作台和底座组成，底座与工作台通过双列球轴承相连，力矩电机通过双列球轴承带动工作台转动；角编码器置于单轴速率台的下部，线振动台固定在工作台上，线振动台通过陶瓷延伸轴与小工作台相连，小工作台和陶瓷延伸轴置于温湿度环境箱中，单轴速率转台、垂直线振动台与电控系统通过电缆连接。
106. 103016306 一种换气增压泵
CN
03.04.2013
F04B 39/00 Loading...
F04B 39/00
Loading...
201210514761.X
中国航空工业集团公司北京航空精密机械研究所
闵罗肖
F04B 39/00
Loading...
本发明属于增压泵技术，涉及一种换气增压泵。所述换气增压泵由两组气缸、两位阀、刚体活塞组件构成，其中，刚体活塞组件设置在两组气缸内，且气缸两端分别设置有用于换向控制的左两位阀和右两位阀。其中，两组气缸由右小气缸、右大气缸、左小气缸和左大气缸组成，其中，左小气缸与左大气缸相连，左大气缸与右大气缸相连，中间设置有气缸密封垫，右大气缸与右小气缸相连。本发明通过四个气缸的气缸组合设计，可以实现连续增压供气，提高增压效率，而且可以充分利用尾气，进而可以得到更高的气压流。另外，通过改变气缸的比例大小，能为高压用气设备提供需要的合适高压气流，从而具有更为广泛的应用范围。
107. 103016548 中间驱动型密珠轴系机构
CN
03.04.2013
F16C 35/12 Loading...
F16C 35/12
Loading...
201210574527.6
中国航空工业集团公司北京航空精密机械研究所
郭霞
F16C 35/12
Loading...
本发明属于数控精密测量设备领域，涉及一种中间驱动型密珠轴系机构。所述中间驱动型密珠轴系机构包括四组轴向推力密珠轴系和两组径向密珠轴系、传动轴和锁紧构件。所述四组轴向推力密珠轴系设置在传动轴中间台阶轴的两侧，径向密珠轴系分别设置在两组轴向推力密珠轴系的中间，且轴向推力密珠轴系与径向密珠轴系相邻的轴承挡圈端面与径向密珠轴系轴套和保持架共面的端面共面。传动轴通过螺钉与转动件螺纹连接，通过圆柱销与转动件保持相对不变的位置关系；轴套通过螺钉螺纹连接在固定件上，本发明保证了最大的刚/惯比，抗颠覆能力强、回转精度高，受力均匀，定位精度可达1"；降低了加工难度，易于保证滚珠工作滚道的尺寸和几何精度。
108. 202824684 一种应用于大直径端面透镜模具加工的回转刀架结构
CN
27.03.2013
B23B 21/00 Loading...
B23B 21/00
Loading...
201220407881.5
北京工研精机股份有限公司
曹成国
B23B 21/00
Loading...
一种应用于大直径端面透镜模具加工的回转刀架结构，大直径端面透镜模具加工超精密机床，B轴的回转刀架作为关键部件，可实现1/1000o分辨率转动。通过其回转分度功能，配合机床X,Z轴联动实现大直径工件端面的微结构超精密加工。B轴刀架伺服电机直接驱动蜗杆回转，通过蜗杆带动扇形蜗轮板回转；扇形蜗轮板底面截面为“V-平”形式导轨，在与之配对的刀架底座的“V-平”形式导轨中运动，保证刀架回转的精度和刚度；并用压板为扇形蜗轮板提供预紧力，提高刀架的抗振性。本实用新型刀架结构精度高、稳定性良好，有利于保证加工质量。
109. 102980485 一种检测倒角内任一截面的直径及深度的检具和方法
CN
20.03.2013
G01B 5/08 Loading...
G01B 5/08
Loading...
201210483241.7
中国航空工业集团公司北京航空精密机械研究所
高瑞杰
G01B 5/08
Loading...
本发明涉及一种检测倒角内任一截面的直径及深度的检具和方法，检具由两段圆柱段及定位圆锥体(4)组成，分别是辅助圆柱段(1)和检测圆柱段(3)，辅助圆柱段(1)设置在检测圆柱段(3)的上方，辅助圆柱段(1)和检测圆柱段(3)的连接面作为检测基准面(2)，定位圆锥体(4)底面的直径与检测圆柱段(3)端面的直径一致，定位圆锥体(4)底面与锥面的夹角α与需要检测的零件倒角角度相同。将检具安放于待测零件倒角面(5)内，通过测量检测基准面(2)与待测零件的倒角(5)的孔口端面(6)的距离L2，利用公式计算待测零件的倒角内任一截面的直径及深度。本发明结构简单，测量简便、快捷，能够准确测量倒角面内任一截面的直径及深度尺寸。
110. 102975184 卫星姿态调整两轴转台
CN
20.03.2013
B25H 1/00 Loading...
B25H 1/00
Loading...
201210477474.6
中国航空工业集团公司北京航空精密机械研究所
陈彪
B25H 1/00
Loading...
本发明是一种用于卫星装配、测试和试验等用途的卫星姿态调整两轴转台。转台包括转台台体和方位俯仰系统。本发明的台体安装有驱动轮组，可以灵活移动，使用起来比较方便。采用曲柄滑块机构的形式，减轻了重量，而且导轨将承担很大一部分压力，减轻了俯仰转轴的负担，并且采用丝杠传动的方式，大大减轻了俯仰电机与减速机的压力，提到了转台承载能力；由于曲柄滑块机构中的连杆充当了俯仰系统，因此俯仰转轴以曲柄长度为半径相对于台体随俯仰角度变化而沿着圆弧运动，当俯仰角度为0度时，俯仰转轴高度达到最低位置，使得整个设备高度降低，从而减小占用空间，利于存放。本发明设计有过渡环，通过更换过渡环而适应不同类型的卫星，提高了通用性，节约资源。
111. 102966657 一种快速锁紧机构
CN
13.03.2013
F16B 41/00 Loading...
F16B 41/00
Loading...
201210475973.1
中国航空工业集团公司北京航空精密机械研究所
张彬
F16B 41/00
Loading...
本发明涉及一种能够对两个零件进行快速锁紧的连接结构，尤其涉及一种快速锁紧机构。本发明采用斜面与锁紧螺纹相结合的锁紧结构，可以实现两个待锁紧工件之间的快速锁紧，锁紧后结构自锁，防松。本机构中，在锁紧轴的下方安装了一个压缩弹簧，在锁紧过程中锁紧轴在锁紧过程中转动，当使用不当导致锁紧力过大时，能起到防止扭紧时锁紧螺母卡死，保护螺纹的作用。整个机构在锁紧过程中轴向位移为锁紧轴的螺旋位移与斜压块的斜面上升位移的叠加，锁紧效率大大提高；锁紧时，锁紧螺母下表面压在斜压块的上锁紧斜面上，加上一个弹簧垫圈的作用，整个结构锁紧后，是自锁且防松的；机构中专用的锁紧工具，可起到一定的防拆作用，防止误操作拆除。
112. 102966606 一种以压缩空气作为动力的液压系统
CN
13.03.2013
F04F 1/10 Loading...
F04F 1/10
Loading...
201210483139.7
中国航空工业集团公司北京航空精密机械研究所
闵罗肖
F04F 1/10
Loading...
本发明是一种以压缩空气作为动力的液压系统，该系统包括两个压力液箱(18)，每个压力液箱(18)的进气孔(25)经高压气管(5)依次通过一个气动调压阀(6)、一个电磁气压阀(4)与高容量高压气瓶(3)连接，每个压力液箱(18)的出气孔(26)通过低压气管(20)连接对应其进气孔(25)的电磁气压阀(4)后与空气过滤器(19)相连；每个压力液箱(18)的进液孔(27)经低压液压管(13)依次通过一个电磁液压阀(24)、一个供液过滤器(11)和一个液源阀门(12)与液源连接，每个压力液箱(18)的出液孔(28)经高压液压管(14)连接到对应其进液孔(27)的电磁液压阀(24)，再汇合到混液切换阀门(15)的输入口，混液切换阀门(15)的输出口与输出端口(17)连接。
113. 202701883 内装电机驱动、双编码器反馈超精密工件轴系统
CN
30.01.2013
B23Q 5/10 Loading...
B23Q 5/10
Loading...
201220348586.7
北京工研精机股份有限公司
朱生根
B23Q 5/10
Loading...
一种内装电机驱动、双编码器反馈超精密工件轴系统，涉及机床技术领域。具有高精度高速度以及高位置反馈分辨率。具体方案是，内装电机安装在超精密工件轴后轴承外侧，在工件轴尾端，靠近内装电机的位置安装高精度位置反馈编码器，工件轴尾端，远离内装电机位置安装速度反馈编码器，两编码器反馈信号同时接入控制系统，根据需要在系统中切换，实现不同作用。内装电机直接安装在轴上，可最大程度降低机械传递环节带来的精度影响。用于反馈的两个编码器，一个作为速度反馈控制，一个作为位置反馈控制，两控制信号接入系统，可满足系统接口频率要求，在不同工作状态下，通过系统进行反馈信号的切换。
114. 202701798 超精密机床刀具高度微调机构
CN
30.01.2013
B23Q 1/26 Loading...
B23Q 1/26
Loading...
201220348589.0
北京工研精机股份有限公司
刘春雨
B23Q 1/26
Loading...
一种超精密机床刀具高度微调机构，涉及机床技术领域。调整座底面为斜面，斜面上安装有控制运动方向的第一组双V导轨，双V导轨间滑动连接下滑块，下滑块通过楔形块连接上滑块，上滑块连接由其带动作上下运动的第二组双V导轨，连接板安装在与其运动方向一致的第二组双V导轨上，上下两条压紧片在锁紧螺钉的作用下可将上下两组双V导轨锁紧。楔形块水平移动产生高度变化，与水平方向的移动距离有固定的比例关系，进行高度方向的微小调整。采用双V导轨控制运动方向，对运动精度和系统刚性有提高作用，另一组双V导轨将楔形块的高度变化准确传递到连接板，使锁紧方向与高度变化方向相垂直，不会使调整完毕的锁紧动作对调整高度产生影响，实现微调要求。
115. 202701413 一种应用于大直径端面透镜模具加工机床的回转刀架专用检具
CN
30.01.2013
B23B 25/06 Loading...
B23B 25/06
Loading...
201220407878.3
北京工研精机股份有限公司
曹成国
B23B 25/06
Loading...
一种应用于大直径端面透镜模具加工机床的回转刀架专用检具，超精密机床需要实现回转刀架1/1000o分辨率转动，通过其回转分度功能，配合机床X、Z轴联动实现大直径工件端面微结构的超精密加工。在转台端面上通过一次找正，分别测量回转精度和分度精度，其检具轴上端固定标准球，测头表座固定在刀架底座上，通过测头触及标准球，可以精确测量刀架回转的轴向、径向跳动；在检具轴径处安装正面多棱体，由于正面多棱体轴线与检具轴线同轴，固定自准直仪，使其光束对准正面多棱体的工作面，以正面多棱体的棱数确定目标位置，以线性循环的方式绕B轴正、负方向连续五次对每个目标位置进行检测,可以精确测量刀架回转的分度精度。
116. 102785657 Driving device for air cushion vehicle and application of driving device
CN
21.11.2012
B60V 1/14 Loading...
B60V 1/14
Loading...
201210251308.4
中国航空工业集团公司北京航空精密机械研究所
张亮亮
B60V 1/14
Loading...
The invention relates to a driving device for an air cushion vehicle and application of the driving device. The driving device comprises an outer stand and an inner stand, wherein a mounting surface of the outer stand is fixedly connected with the bottom of a vehicle body of the air cushion vehicle; a front side plate of the outer stand is positioned at the front end of the mounting surface and is perpendicular to the mounting surface; a polyurethane wheel is arranged on the inner stand; the inner stand on two sides of the polyurethane wheel is respectively hinged with a front side plate of the outer stand through two pairs of connecting rods; the polyurethane wheel is connected with a speed-reducing motor; two pressure-applying airbags are respectively arranged at the front side and the rear side of a part between the mounting surface of the outer stand and the top of the inner stand; two pairs of tension springs are arranged between the mounting surface of the outer stand and each of two sides of the inner stand; and two pairs of tension springs on the same side of the inner stand are positioned at the front side and the rear side of the polyurethane wheel and are symmetrically distributed. The driving device is arranged at the bottom of the air cushion vehicle in a cross manner; and the driving device is controlled by adopting differential speed to steer, is flexible, simple and convenient in operation and control and is controllable in speed and is especially remarkable in travel of a large-sized irregular structure. The driving device can be used for accurate positioning and traveling of loads with great tonnage and large size.
117. 102758804 Integrated permanent air-storage energy accumulator
CN
31.10.2012
F15B 1/04 Loading...
F15B 1/04
Loading...
201210265057.5
北京精密机电控制设备研究所
苗克非
F15B 1/04
Loading...
The invention belongs to the technical field of energy accumulators, particularly relates to a permanent air-storage energy accumulator integrating an air storage cylinder and an energy accumulator, and aims to provide the integrated permanent air-storage energy accumulator with long storage period and capability of realizing permanent air storage. In a technical scheme adopted by the invention, the integrated permanent air-storage energy accumulator is characterized in that one end of an energy accumulator shell is provided with a U-shaped air storage cylinder, and the energy accumulator shell is internally provided with an energy accumulator piston. According to the abovementioned integrated permanent air-storage energy accumulator, one end of the air storage cylinder arranged in the energy accumulator shell is provided with a round hole which is provided with a tubular punch seat A, the punch seat A is provided with a high-pressure punch which is provided with a punch seat B, a punch rod is fixed in the punch seat A through a U-shaped spring buckle, the punch seat B is provided with a through hole, and the air storage cylinder is provided with an air charge hole.
118. WO/2012/119320 HYDROSTATIC LINEAR GUIDE RAIL STRUCTURE
WO
13.09.2012
B23Q 1/01 Loading...
B23Q 1/01
Loading...
PCT/CN2011/071807
BEIJING PRECISION MACHINERY & ENGINEERING RESEARCH CO., LTD
HE, Daxing
B23Q 1/01
Loading...
A hydrostatic linear guide rail structure which comprises a guide rail (1) and a moving part is disclosed. Several hydrostatic cavities (4) are located on the interface between the guide rail (1) and the moving part. The moving part is assembled by a slide block (2) and a pressure plate (3), both the slide block (2) and the pressure plate (3) are in contact with at least two surfaces of the guide rail (1), and at least one of the hydrostatic cavities (4) locates on each interface. The three pairs of the interfaces between the guide rail (1) and the hydrostatic cavities (4) are in parallel with each other. The guide rail, slide block and pressure plate of the structure have advantages of standard configurations and compact sizes, easy assembly and debugging, and lower cost. It is convenient to adjust the oil film and control the load distribution with the arrangement of the hydrostatic cavities.
119. 202381536 一种线性滑轨装置
CN
15.08.2012
F16C 29/00 Loading...
F16C 29/00
Loading...
201120465555.5
北京工研精机股份有限公司
王春光
F16C 29/00
Loading...
本实用新型公开的一种线性滑轨装置，包括其本体，所述的本体包括第一溜板、第二溜板、主轴箱，第一溜板设置在第二溜板的一侧，其特征在于，第一溜板和第二溜板的上方分别设置有第一滑轨、第二滑轨，第一溜板的下方设置有第三滑轨，第二溜板的下方分别设置有第四滑轨、第五滑轨，承载系统良好，在运行过程中不会使其它部件受损，所以提高了使用寿命，而且循环系统流畅，使滑轨的伸缩自如，从面保障了生产的正常进行，而且灰尘不容易进入滑道，不会使滑道阻塞，使用过程中也方便维护，所以减少了企业的使用成本，降低了工人的劳动强度，能满足现在高速发展的需求，易于推广使用。
120. 202356867 一种龙门铣床
CN
01.08.2012
B23Q 1/01 Loading...
B23Q 1/01
Loading...
201120374843.X
宁波海天精工机械有限公司
狄素华
B23Q 1/01
Loading...
本实用新型公开了一种龙门铣床，涉及机床设备领域。所述龙门铣床包括：床体、拖板和横梁；所述拖板设置在所述床体上，所述横梁设置在所述拖板上；所述横梁的主要承靠面呈下开口的抛物线形，并且所述抛物线的凸起部分刚好补偿所述横梁由于自重引起的挠度变形。所述龙门铣床通过将横梁的主要承靠面设计为抛物线形，并且采用钢焊接结构的横梁取代传统的铸铁结构的横梁，有效克服了横梁由于自重引起的挠度变形问题，提供了龙门铣床的加工精度。同时，由于采用本实用新型的横梁结构，还减小了横梁自重，从而提高了龙门铣床的进给速度，减少了加工时间，提高了加工效率。
121. 102500790 一种中长距离高同轴度孔的精密加工装置
CN
20.06.2012
B23B 47/00 Loading...
B23B 47/00
Loading...
201110346176.9
中国航空工业集团公司北京航空精密机械研究所
杨辉
B23B 47/00
Loading...
本发明是一种中长距离高同轴度孔的精密加工装置，其特征在于：在镗床工作台上安装两个支撑轴套，两个支撑轴套的内孔之间穿过一根气浮镗杆，两个支撑轴套的内孔保持同轴，气浮镗杆的外圆与两个支撑轴套的内孔表面之间通过压缩空气膜支撑以实现回转运动，气浮镗杆在两个支撑轴套外侧的延长段上分别装有用于镗孔的前刀具和后刀具，气浮镗杆上安装前刀具一侧的延长段的顶端通过联轴器和镗床主轴连接。与现有技术相比，本发明装置提供了一种中长距离高同轴度孔的精密加工方法，改变了传统的调转机床工作台180°方向分别加工的方式，消除了由于镗杆悬臂长度不同带来的误差，可以取代传统的镗孔工艺，具有很好的实用意义。
122. 102494963 一种滚柱元件滚动接触疲劳试验机
CN
13.06.2012
G01N 3/36 Loading...
G01N 3/36
Loading...
201110346160.8
中国航空工业集团公司北京航空精密机械研究所
庞长涛
G01N 3/36
Loading...
本发明是滚柱元件滚动接触疲劳试验机，包括空气主轴、底座、左、右惰轮、摆臂、双作用气缸、气压自动控制系统等，在底座铅垂面上，通过轴承竖向布置两只摆臂，摆臂上端各装有一大直径惰轮，摆臂下端通过杆端球面联结器与气缸和力传感器相连，气缸压力可以通过气压调节系统在计算机控制下按给定程序变化，并通过摆臂的杠杆作用施加在滚柱元件上，滚柱元件通过高精度的弹簧夹具随空气主轴高速旋转。本发明结构简单、操作方便，实用性强，能快速、高效、低成本地完成试件表面确定区域、给定循环周期下的可变载荷的疲劳效果试验。
123. 202267776 基于APS探测器的星敏感器光学系统
CN
06.06.2012
G02B 13/00 Loading...
G02B 13/00
Loading...
201120363264.5
中国科学院西安光学精密机械研究所
王虎
G02B 13/00
Loading...
本实用新型涉及基于APS探测器的星敏感器光学系统，包括轴心在一直线上依次排列的第一正透镜、第二正透镜、第一负透镜、光阑、第二负透镜、第三正透镜、第三负透镜、第四正透镜以及第四负透镜；本实用新型解决了现公布的光学系统存在视场大的入瞳直径较小，可观测极限星等有限的技术问题，本实用新型有利于场曲的校正，视场较大，观测星空范围较大，一次探测概率较高，入瞳直径较大，可观测星等较高的功能。
124. 102442432 一种组合式高空精确空投系统
CN
09.05.2012
B64C 31/02 Loading...
B64C 31/02
Loading...
201110346208.5
中国航空工业集团公司北京航空精密机械研究所
郑会龙
B64C 31/02
Loading...
本发明是一种组合式高空精确空投系统，它是由可控翼伞飞行器组件、可拆装动力组件和可拆装圆伞组件组成。从高空投放后，由系统自主控制，并安全、精确地降落到目的地。在飞行环境和降落环境都良好的条件下，只使用可控翼伞飞行器组件执行任务，以便减轻系统的飞行重量，简化系统，将可控翼伞飞行器组件与可拆装动力组件组合，可以适应恶劣的飞行环境，还可以延长飞行投放距离。将可控翼伞飞行器组件与可拆装圆伞组件组合，系统可以在到达降落点低空空域时打开圆伞，实现缓和降落，可适应恶劣的降落环境。将三个组件组合，不仅可以适应恶劣的飞行环境，延长飞行投放距离，还可以适应恶劣的降落环境，实现缓和降落。它的优点是功能多，可适用范围广。
125. 102441785 一种自动柔顺拔、装销装置
CN
09.05.2012
B23P 19/04 Loading...
B23P 19/04
Loading...
201110346230.X
中国航空工业集团公司北京航空精密机械研究所
张彬
B23P 19/04
Loading...
本发明是一种自动柔顺拔、装销装置，该装置包括一个调整平台，固定支架安装在调整平台上，并可以在调整平台上作水平面移动，固定支架的后部安装一个气缸，气缸的活塞杆前端固定一个冲击块；在固定支架的前端安装一个前固定架，在前固定架的前端安装一个定心支架，定心支架前端安装一个工件定位块；在定心支架的中心孔内套装一个线性轴承，线性轴承的内孔上套装一个导向支架，导向支架的后部安装一个电机，电机的后输出轴上安装一个手轮，电机的前输出轴连接离合机构的后件，离合机构的前件的中心孔固定一个拔、装销头螺杆，导向支架的后部还固定了一个承载冲击块向后冲击力的驱动源支架。该装置避免了拔、装销头扭入阶段对销钉螺纹的破坏，而且操作简便、快速，成本低廉，更实现了用气缸力代替了传统拔销机构的撞机力。
126. 102384714 一种温度变形自补偿微位移传感器
CN
21.03.2012
G01B 7/02 Loading...
G01B 7/02
Loading...
201110346250.7
中国航空工业集团公司北京航空精密机械研究所
郑会龙
G01B 7/02
Loading...
本发明是一种温度变形自补偿微位移传感器，它利用不同材料的热膨胀系数不同，使其置于同一温度场中，根据测量其中因热膨胀变化尺寸不同带来的位移(通过电容测位移原理)，来评估温度变形补偿值。从而能够实现温度变形自补偿微位移测量。本发明技术方案与现有技术相比，其优点是：1.可以较准确测量高温变温度环境下的机械微位移；2.可以根据不同工作环境选取不同材料，设计不同尺寸；3.可靠性、体积、均较好。
127. 102374208 一种空气静压轴承导向无摩擦干涉气缸
CN
14.03.2012
F15B 15/14 Loading...
F15B 15/14
Loading...
201110346233.3
中国航空工业集团公司北京航空精密机械研究所
房建国
F15B 15/14
Loading...
本发明是一种空气静压轴承导向无摩擦干涉气缸，该气缸改变了传统气缸机构采用的滑动导向结构和胶圈密封结构，采用直线空气静压轴承导向代替传统的滑动导向，采用间隙密封代替了传统的胶圈密封，从而极大地降低了活塞和活塞杆相对运动时产生的摩擦力，降低了摩擦干扰力对运动精度的影响，提高气缸作用力的准确和精密控制能力。
128. 102354042 基于APS探测器的星敏感器光学系统
CN
15.02.2012
G02B 13/00 Loading...
G02B 13/00
Loading...
201110288663.4
中国科学院西安光学精密机械研究所
王虎
G02B 13/00
Loading...
本发明涉及基于APS探测器的星敏感器光学系统，包括轴心在一直线上依次排列的第一正透镜、第二正透镜、第一负透镜、光阑、第二负透镜、第三正透镜、第三负透镜、第四正透镜以及第四负透镜；本发明解决了现公布的光学系统存在视场大的入瞳直径较小，可观测极限星等有限的技术问题，本发明有利于场曲的校正，视场较大，观测星空范围较大，一次探测概率较高，入瞳直径较大，可观测星等较高的功能。
129. 202075120 滚珠丝杠副负载可调寿命试验机
CN
14.12.2011
G01M 13/00 Loading...
G01M 13/00
Loading...
201120093239.X
北京精密天工滚珠丝杠股份有限公司
査初亮
G01M 13/00
Loading...
本实用新型公开了一种滚珠丝杠副负载可调寿命试验机，它由床身、直线导轨、直线电机、伺服电机、工控机构成。所述直线导轨安装在床身上；直线电机的永磁体总成固定在床身上，其线圈总成设置在与直线导轨滑块相连接的工作台背面，并可沿直线导轨作直线往复运动。在所述床身的端部固定有一伺服电机，该伺服电机的输出轴通过联轴器与被测滚珠丝杠副相连，伺服电机的控制信号输入端与所述工控机相连；工控机控制伺服电机的转速，伺服电机带动被测滚珠丝杠副旋转。固定有直线电机线圈总成的工作台与一螺母座刚性连接，被测滚珠丝杠副的螺母内置在螺母座内。本实用新型采用大推力直线电机提供负载，很好地解决了在对滚珠丝杠副进行寿命测试时的加载问题，而且，响应快，加载方便，很容易地调整直线电机载荷的大小。
130. 102183364 Platform for testing performance of main shaft of machine tool
CN
14.09.2011
G01M 13/00 Loading...
G01M 13/00
Loading...
201110049176.2
Beijing Gongyan Precision Machine Co., Ltd.
Wang Chunguang
G01M 13/00
Loading...
The invention relates to a platform for testing the performance of a main shaft of a machine tool. The platform comprises a test bed, a main shaft unit, a main clamping device, an auxiliary clamping device and a detection bar, wherein the main clamping device and the auxiliary clamping device are arranged on the test bed and used for fixing both ends of the main shaft unit; and one section of the detection bar is penetrated into an axis of the main shaft unit, and the other section of the detection bar is contacted with a dynamic precision detection device and a thermal deformation measurement device respectively; the dynamic precision detection device is fixed on a transverse guide rail capable of moving along an axial direction of the main shaft unit; and the thermal deformation measurement device is fixed on a longitudinal guide rail capable of moving along a longitudinal direction of the main shaft unit. By the platform, the technical requirements on fixing of the main shaft, installation and moving of a measurements instrument and the like of fixtures or clamps which meet an experimental requirement can be met, so that technical performance data of a plurality of points of the main shaft can be tested conveniently and comprehensively.
131. 201971446 斜勾托起工位交换机构
CN
14.09.2011
B65G 47/80 Loading...
B65G 47/80
Loading...
201020660253.9
北京工研精机股份有限公司
刘伟
B65G 47/80
Loading...
一种能够实现工位交换的斜勾托起工位交换机构。它是由升降缸体控制升降运动，由驱动缸体做为动力源，通过齿条齿轮传动，利用主动斜勾与被动斜勾相接触后产生的作用力，带动交换托盘进行位置交换。交换的位置及角度由感应开关控制。
132. 201960408 新型结构小型立式加工中心
CN
07.09.2011
B23Q 37/00 Loading...
B23Q 37/00
Loading...
201020660263.2
北京工研精机股份有限公司
聂应新
B23Q 37/00
Loading...
一种新型结构小型立式加工中心。它采用开放式主轴单元冷却，不需要恒温冷却箱；立柱采用框架中空结构，立柱主轴箱之间的走线方式采用中心走线；床身、立柱、主轴箱、滑座、工作台全部采用对称结构；各运动部件全部采用中心驱动。达到了结构对称、热源对称的特点，从而解决由于机床结构不对称造成的热源不对称、变形不对称、振动等影响机床精度的问题，并有效降低了机床成本，实现机床性能的全面提高。
133. 201940620 一种轻量化高刚度机床静压溜板结构
CN
24.08.2011
B23B 21/00 Loading...
B23B 21/00
Loading...
201120114218.1
北京工研精机股份有限公司
贺大兴
B23B 21/00
Loading...
本实用新型公开一种轻量化高刚度机床静压溜板结构，涉及精密数控机床领域，包括轻型溜板、导轨垫块、左侧固定压板、运动压板、右侧固定压板、机床导轨底座以及开在轻型溜板和运动压板上的6个静压腔体。该静压溜板结构左右两边不对称，溜板外侧和内侧各有1个固定压板，6个静压腔体所在的表面与其配合面之间均留有0.02-0.08mm的间隙。通过对静压溜板左右两侧结构不对称的设计，使机床静压溜板既获得高的刚度又减轻了重量，从而可以提高精密机床和超精密机床在工作过程中的重复定位精度和直线运动速度，有助于提高精密机床的加工质量和工作效率。
134. 201906994 一种液体静压直线导轨结构
CN
27.07.2011
B23Q 1/01 Loading...
B23Q 1/01
Loading...
201120055786.9
北京工研精机股份有限公司
贺大兴
B23Q 1/01
Loading...
本实用新型提供一种液体静压直线导轨结构，包括导轨和运动件，所述导轨与运动件接触的表面间设置有若干静压腔体，所述运动件由滑块和压板装配而成，所述滑块和压板均至少与导轨的两个面接触，所述接触面上至少设置有一个静压腔体,所述导轨与静压腔体相接触的三对表面彼此平行。本实用新型导轨、滑块和压板结构标准化且尺寸小巧，易于装配和调试，有效减少成本；静压腔体的分布设置，便于调整油膜和控制载荷分布。
135. 201900509 无固定型护板防护结构
CN
20.07.2011
B23Q 11/08 Loading...
B23Q 11/08
Loading...
201020660255.8
北京工研精机股份有限公司
赵永昌
B23Q 11/08
Loading...
一种能够实现导轨丝杠防护功能并且结构简单的无固定型护板防护结构。它是由内侧护板与中心运动部件连接，外侧护板支架支撑定位，双向外侧护板相互连接，内外侧护板靠挡边互相作用，实现先后运动。
136. 201792243 精密数控机床丝杠固定--半固定支撑结构
CN
13.04.2011
B23Q 5/40 Loading...
B23Q 5/40
Loading...
201020522760.6
北京工研精机股份有限公司
常文芬
B23Q 5/40
Loading...
本实用新型为一种丝杠固定-半固定支撑结构，用于实现丝杠预拉伸和防止热变性。包括置于固定端支承座的第一轴承组，置于半固定端支承座的第二轴承组，丝杠装在第一轴承组和第二轴承组中；第一轴承组外环固定在固定端支承座内，第一轴承组内环固定在丝杠上；第二轴承组外环半固定在半固定端支承座内，第二轴承组内环固定在丝杠上。
137. 201774356 一种高速内装式电机主轴轴承定压预紧装置
CN
23.03.2011
H02K 5/16 Loading...
H02K 5/16
Loading...
201020522758.9
北京工研精机股份有限公司
张明辉
H02K 5/16
Loading...
本实用新型提供了一种高速内装式电机主轴轴承定压预紧装置。包括过渡套、前轴承座、后轴承座，置于前轴承座的第一轴承，置于后轴承座的轴承套筒和轴承外压盘，置于后轴承套的第二轴承，置于第一、第二轴承中的主轴，置于主轴前后端的锁紧螺母，第一轴承固定于前轴承座内，第二轴承通过轴承外压盘固定在轴承套筒内，轴承套与后轴承座间隙配合，轴承外压盘一侧有预紧元件。本实用新型采用定压预紧，第二轴承固定在轴承套筒内，轴承套与后轴承座间隙配合，轴承外压盘一侧设有预紧元件，可以实现轴向移动，补偿主轴系统因热膨胀不同引起的轴向位置变化，避免轴承损坏，有效提高主轴系统工作的稳定性，保证主轴的高速、高精度要求。
138. 201680208 应用于液氧环境中的照明系统
CN
22.12.2010
F21S 2/00 Loading...
F21S 2/00
Loading...
201020205844.7
中国科学院西安光学精密机械研究所
武力
F21S 2/00
Loading...
本实用新型提供一种应用于低温液氧环境中的照明系统，主要解决了现有照明系统结构无法在低温高压液氧环境中工作的问题。该应用于液氧环境中的照明系统包括由LED发光二极管和外围电路电子元器件组成的照明装置，照明装置固定于内层保温装置中，内层保温装置包括内层透窗、内层壳体9和内层盖板，内层透窗和内层盖板固定设置于内层壳体两侧，内层透窗设置于靠近光学镜头一侧，内层盖板设置于靠近图像传感器一侧；所述内层盖板上设置有图像传感器传输线用的内层出线孔。
139. 201681244 应用于液氧环境中的摄像系统
CN
22.12.2010
G03B 17/55 Loading...
G03B 17/55
Loading...
201020205901.1
中国科学院西安光学精密机械研究所
曹剑中
G03B 17/55
Loading...
本实用新型提供一种应用于低温液氧环境中的摄像系统，主要解决了现有摄像系统无法在低温高压液氧环境中工作的问题。该应用于液氧环境中的摄像系统包括由光学镜头和图像传感器组成的摄像装置，摄像装置固定于内层保温装置中，内层保温装置包括内层透窗、内层壳体和内层盖板，内层透窗和内层盖板固定设置于内层壳体两侧，内层透窗设置于靠近光学镜头一侧，内层盖板设置于靠近图像传感器一侧；所述内层盖板上设置有图像传感器传输线用的内层出线孔。
140. 101858516 Lighting system applied to liquid oxygen environment
CN
13.10.2010
F21S 2/00 Loading...
F21S 2/00
Loading...
201010184852.2
Beijing Aerospace System Engineering Research Institute
Cao Jianzhong
F21S 2/00
Loading...
The invention provides a lighting system applied to liquid oxygen environment, which mainly solves the problem that the conventional lighting system cannot work in low-temperature high-pressure liquid oxygen environment. The lighting system applied to the liquid oxygen environment comprises a lighting device consisting of an LED and peripheral circuit electronic components; the lighting device is fixed in an internal layer heat-insulating device which comprises an internal layer transparent window, an internal layer shell 9 and an internal layer cover plate; the internal layer transparent window and the internal layer cover plate are fixedly arranged on two sides of the internal layer shell; the internal layer transparent window is arranged on one side close to an optical lens; the internal layer cover plate is arranged on one side close to an image sensor; and the internal cover plate is provided with an internal layer outlet hole for a transmission line of the image sensor.
141. 101854476 Image pickup system applied to liquid oxygen environment
CN
06.10.2010
H04N 5/225 Loading...
H04N 5/225
Loading...
201010184943.6
Beijing Institute of Aerospace System Engineering
Cao Jianzhong
H04N 5/225
Loading...
The invention provides an image pickup system which is applied to a liquid oxygen environment, which solves the problem that the conventional image pickup system cannot work in the liquid oxygen environment at a low temperature and under a high pressure. The image pickup system which is applied to the liquid oxygen environment comprises a pick-up device which consists of an optical lens and an image sensor; the pick-up device is fixed in an inner thermal insulation device; the inner thermal insulation device comprises an inner window, an inner shell and an inner cover plate; the inner window and the inner cover plate are fixedly arranged on two sides of the inner shell; the inner window is arranged on one side near the optical lens; the inner cover plate is arranged on one side near the image sensor; and the inner cover plate is provided with an inner outlet hole for the transmission line of the image sensor.
142. 101813447 Embedded-type cavity groove position detector and detection method
CN
25.08.2010
G01B 5/00 Loading...
G01B 5/00
Loading...
200910260182.5
Aviation Industry Corporation of China, China Precision Engineering Institute for Aircraft Industry
Gao Ruijie
G01B 5/00
Loading...
The invention belongs to the measurement technology, relating to a detection method and an embedded-type cavity groove position detector capable of accurately measuring the position size of an internal cavity groove embedded in a part. Because of adopting the mode that an digimatic height gage is combined with a 90-degree endoscope and a reticle is installed on the front end of the 90-degree endoscope, the invention can directly realize accurate measurement of the position sizes of all embedded-type cavity grooves in a high-precise hole under the condition of no damage of part bodies. The invention can shorten detection time by about 1-2 times as compared with the phenomenon that a common method is adopted for the spot check of cut parts; and correspondingly, machine tool inspection pending time is reduced, and production efficiency is improved. The movable slide rule of the digimatic height gage is provided with a support arm the other end of which is provided with the 90-degree endoscope with the reticle, and the endoscope tube axis of the 90-degree endoscope is vertical to the working plane of a working platform; and the reticle made of parallel plate glass is installed in front of a right-angle prism on the front end of the objective lens of the 90-degree endoscope.
143. 101811279 Small-size hand-hold deep small hole composite deburring device
CN
25.08.2010
B24B 23/04 Loading...
B24B 23/04
Loading...
200910260183.X
Aviation Industry Corporation of China, China Precision Engineering Institute for Aircraft Industry
Chi Xian
B24B 23/04
Loading...
The invention relates to a small-size hand-hold deep small hole composite deburring device used for complicated case parts, which belongs to a mechanical processing tool. The deburring device comprises a work table, a fixed support frame, a vibration generator and a vibration converter provided with a deburring tool, wherein the fixed support frame and the vibration generator are arranged on the work table, the vibration converter with the deburring tool is arranged on the fixed support frame through strip steel, he vibration converter with the deburring tool is connected with the vibration generator, a micro powder grinding container is arranged on the work table, a water container is higher than the micro powder grinding container and is arranged on the work table, the deburring tool is connected with the vibration converter, the deburring tool is a cylindrical slender metal rod, the center of the front end of the metal rod is provided with a penetrated open rectangular groove with the width between 0.25 mm and 0.3 mm, and the depth of the rectangular groove is 3 to 5 times of the diameters of the metal rod. The invention is applicable to the deburring of deep small holes with the length-to-diameter ratio greater than 40 and the diameter phi smaller than 3 mm, and the processing efficiency is improved by more than 50 to 70 percent.
144. 101550957 Separate electro-hydraulic servo valve
CN
07.10.2009
F15B 21/02 Loading...
F15B 21/02
Loading...
200810103046.0
Beijing Precision Engineering Institute for Aircraft Industry, China Aviation Industry Corporation 1
Zheng Huilong
F15B 21/02
Loading...
The invention belongs to the field of automatic control and in particular relates to a separate electro-hydraulic servo valve used in a control system. The invention is based on a high-precision ultra-smooth surface sealing theory, is supported by an ultra-precision processing technology, replaces a valve body with a plurality of flake-shaped parts, eliminates a specific valve sleeve, replaces working edges with boundaries of different modules with high sealing precision and rigid sealing of the ultra-smooth surface, realizes the modularization design of the valve body, improves the performance of the valve body, decreases the manufacture cost of a servo structure, has simple structure and is easy to ensure inner hole precision, and the simplification of a mass production technology and the modularization design can greatly decrease the manufacture cost of the parts so that the ultra-precision processing technology plays a role in the traditional precise mechanoelectronic structure. The invention greatly improves the gaining performance of the servo structure in a zero region, has the high-sensitivity hydraulic servo function and satisfies the requirements of the aircraft industry, the aerospace industry, the nuclear industry, and the like.
145. 101299148 Three-axis accurate angular motion control method
CN
05.11.2008
G05B 13/02 Loading...
G05B 13/02
Loading...
200810106032.4
Beijing Institute of Precision Machinery, China Aviation Industry Corporation 1
Liu Yue
G05B 13/02
Loading...
The present invention belongs to a device for simulating the three-axis gesture movement, and relates to a method for controlling the three-axis accurate angular movement. The device timely generates an orthogonal harmonic compensation control signal related to the variation of rotation angle with a control calculating device according to the harmonic characteristic of the disturbance of in-axis coupling torque and real-time calculates and regulates the amplitude of each stage of subharmonic signal according to the servo error of system, and applies the compensation control signal to the independent basic closed-loop servo-controlled loop of the corresponding axis. The invention adopts a strategy and a system structure which execute harmonic self-adapting feedback control to the in-axis movement coupling torque disturbance caused by the structural mass arrangement. The tracking error of position servo between each axis in the linkage angular rate state is evidently reduced, and the linkage capability is greatly improved.
146. 101261108 Spatial hole parameter measuring apparatus and measuring method
CN
10.09.2008
G01B 5/00 Loading...
G01B 5/00
Loading...
200810084337.X
China Aviation Industry 1th Group Beijing Aviation Precision Machinery Institute
Qu Shaopeng
G01B 5/00
Loading...
The invention belongs to a measurement technique, relating to a space hole parameter measurement device used for fast and simply measuring the parameters of the space hole such as depth, angle and center coordinates, etc., and a detection method. The space hole parameter measurement device and the detection method adopt two ball rods with different lengths and corresponding software of the ball rods, measure the distance to three datum planes by inserting rods twice, and can fast and exactly obtain the center coordinates of an orifice, an elevation angle, an angle of inclination and the depth of the space hole at one time. The space hole parameter measurement device and the detection method have the simple device and the fast method, and are simpler and more exact, lower in cost and higher in efficiency compared with the original measurement device and the detection method, greatly reduce the labor intensity of the measurement personnel and improve the labor efficiency.
147. 101239444 Complex casing deep ascopore ultrasound wave deburring tool and method
CN
13.08.2008
B24B 1/04 Loading...
B24B 1/04
Loading...
200810084336.5
Beijing Precision Engineering Institute for Aircraft Industry, China Aviation In
Wang Jie
B24B 1/04
Loading...
The invention pertains to a mechanically processing tool, relating to an ultrasonic burr removal tool and method for complex casing deep small holes. The invented device and method transform alternating current of 50Hz to supersonic mechanical vibration, the vibration amplitude of mechanical vibration is enlarged by an amplitude transformer bar and is transmitted to a vibration transmission bar to drive the superhard abrasive material thereon to vibrate longitudinally, impact the machined surface with a big velocity and generate maximal compressive force on a unit area to make the material to deform, crack and be peeled off as uncountable microparticles, so that to achieve the burr removal objective. The burr removal ultrasonic can reach position where manual tools are difficult to reach; man-made and environmental affecting factors are small, burrs are removed evenly and thoroughly, the processing accuracy and processing quality are easy to be ensured and controlled, the burrs are removed with identical degrees, and positions where burrs are removed have a same shape; the invented tool and method are suitable for processing holes with middle and small diameters and large length-diameter ratio in complex casing parts, especially holes smaller that phi 3; the processing time is short, and the processing efficiency is enhanced by over 50%.
148. 101240994 Checking tool for detecting axial size of internal channel possessing chamfer angle and its detection method
CN
13.08.2008
G01B 3/00 Loading...
G01B 3/00
Loading...
200810084335.0
Beijing Precision Engineering Institute for Aircraft Industry, China Aviation In
Wang Jie
G01B 3/00
Loading...
The invention relates to a detection tool and a detection method for quick-detecting the axial size of an inner groove with a chamfer angle. The detection tool consists of three sections of coaxial hollow cylinders, The head face of a cylindrical section is the locating surface of the detection tool, the diameter size of the cylindrical section is smaller 0.02mm to 0.03mm than that of a measured hole, one-to-one square grooves are processed in two lateral faces opposite to the cylindrical section, where in, the one side of a square groove width is same as an allowance below nominal size of a measured inner groove width, and the opposite side of the square groove width is same as an allowance above nominal size of the measured inner groove width, the depth of the square groove is larger 1mm to 2mm than the thickness of a hollow cylinder section with the square groove, the center of the square groove and the center of the measured inner groove width have a same position; and seamed edges formed by the square groove and a coaxial hole in the cylindrical section are respectively detection edges of a pass gauge and a stop gauge. The invention is used with an endoscope and can achieve the detection of the high-precision hole for all inner grooves at once under the condition that a body of a spare part is not destroyed.
149. 101126631 Three coordinate measuring machine grating reading head self-adaptive device
CN
20.02.2008
G01B 11/03 Loading...
G01B 11/03
Loading...
200710151602.7
Beijing Institute of Aviation Precision Machinery Of Chinese Aviation Industry F
Guo Xia
G01B 11/03
Loading...
The utility model belongs to numerical control precision measuring equipment, relating to self-adaptive system for an improved three coordinate measuring machine grating reading head of a grating reading head governing device; wherein, the self-adaptive system comprises an elasticity adjusting cushion component, a cushion positioning rod component and a grating reading head support component. The elasticity adjusting cushion component guarantees gas film gap always at a certain value between the air cushion and the guide rail through elastic function of the disc spring; the cushion position rod component designing seriously guarantees that relative rotation angle between the cushion and the ball-end screw and the allowable rotation angle range for the grating reading head are matched each other, making the grating reading head safe and stable during motion process; rigid connection is adopted for the grating reading head support and the elasticity adjusting cushion; motion synchronization reaches basically, guaranteeing the measuring accuracy; split connection is adopted for the cushion positioning rod component with good demountable performance.
150. 101126618 Three coordinate measuring machine main axis pneumatic safety protection device
CN
20.02.2008
G01B 5/008 Loading...
G01B 5/008
Loading...
200710151601.2
Beijing Institute of Aviation Precision Machinery Of Chinese Aviation Industry F
Zu Jiangsong
G01B 5/008
Loading...
The utility model belongs to the technical field of numerically-controlled precise measurement apparatus, and relates to a safety protection device of a three-coordinate measuring machine, in particular to the safety protection for their spindles and measuring heads. The safety protection device mainly comprises a unidirectional eye disc, main and auxiliary cylinder covers, a thrust plate, a pushrod, a reset spring, a membrane and other components. The main cover of the cylinder is connected with the thrust plate by the pushrod on which the reset spring is arranged. The pushrod and the reset spring are positioned on the thrust plate by a spring seat. An end of the pushrod goes through the thrust plate hole and inserts into the unidirectional eye disc. And the unidirectional eye disc is positioned on a steel wire pulley with a screw. The thrust plate, integrated with the cylinder as a whole, is connected with the rotating shaft of the steel wire pulley with a key. The protection device in the utility model adopts the structural design of the unidirectional eye disc and the thrust plate. When the measuring machine fails, the safety protection device can activate very fast and reliable response. By using the protection device, not only the slipping distance of the spindle is obviously reduced, but also the slipping distance is quantified, so that the safety of the spindle and the measuring head is further enhanced.
151. 101109410 Package packed aerostatic bearing planetary motion mechanism
CN
23.01.2008
F16C 32/06 Loading...
F16C 32/06
Loading...
200710143981.5
Beijing Aviation Precision Machinery Research Institute Of China Aviation Indust
Fang Jianguo
F16C 32/06
Loading...
The invention relates to a planetary movement mechanism of aerostatic bearing, which comprises two inner and outer aerostatic bearings and bearing seats that are nested each other. The inner bearing is installed in the outer bearing, the rotating axial line of the inner bearing is separated from and parallel with that of the outer bearing. The moving accuracy achievable by the invention is almost one order of magnitude higher than that achievable by a planetary movement mechanism using conventional rolling bearing. For the invention, the spatial angular swinging accuracy of the rotary axial line is less than 0.3 arc second; a 100 mm dia. wheel is mounted on the end of the inner shaft, when the wheel carries out planetary movement, the runout of the wheel is less than 0.3 micrometer; such a high accuracy is difficult to reach by the planetary movement mechanism using conventional rolling bearing.
152. 101070865 Smart-moving action shaft
CN
14.11.2007
F15B 15/28 Loading...
F15B 15/28
Loading...
200710130601.4
Beijing Aeronautical Precision Mechanical Inst., Chinese Aeronautica Industry No
Zheng Huilong
F15B 15/28
Loading...
This invention relates to a intelligent mobile actuating axis used for the gas hydraulic mechanical structure in aviation, ships, automobiles and machinery automation. The invention adopts the basic principle of capacitive and makes the basic structure that the main gate needs integrate the surface of actuating axis and realize the design of structure and sensor. The invention adopts metal and non-metallic materials at the some separation and is combined closely with the base of actuating axis. This can make the coefficient of thermal expansion and chemical nature of actuating axis and metal layer material of annular reading head close. So it can be used in any environment. The actuating device has high reliability, small size and low cost that suitable for mass production.
153. 101053941 Precision processing method for non complete surface of cylinder
CN
17.10.2007
B24B 5/04 Loading...
B24B 5/04
Loading...
200710107562.6
Beijing Precision Engineering Institute for Aircraft Industry, China Aviation In
Wang Jie
B24B 5/04
Loading...
The present invention relates to a precision finishing method used for a tool master grinder for the processing of noncomplete cylindrical surface having a high accuracy specification of dimension, shape and position. The circumference of the part to be processed is divided into a plurality of arc sections according to the accuracy specification, and the clearance corner of the electrical motor is determined according to the arc length. The electrical motor rotates uninterruptedly at an uniform speed of the clearance corner. The outer circular face of the tool wheels is trimmed according to the outline of the part to be processed. The tool wheels execute corresponding reciprocating rectilinear motion after the motor rotates by a clearance corner. In the present invention, according to the mathematic generating theory and the mechanical compound movement technology, the noncomplete cylindrical surface is divided into a plurality of arc sections, at the same time, the angle of the electrical motor is rotated and the mechanical grinding is executed according to the angle of the arc sections. The error caused by repeated positioning can be reduced because the positioning and the clamping can be executed only once, thereby, the dimension, shape and position accuracy of the surface of the part to be processed is improved during whole form processing.
154. 2856550 防卡阻扣合柱
CN
10.01.2007
F16B 17/00 Loading...
F16B 17/00
Loading...
200520018463.7
中国人民解放军第二炮兵装备研究院第四研究所
杨银刚
F16B 17/00
Loading...
本实用新型属于一种机械零件，特别涉及一种在机械装配中与孔相配合的扣合柱。其技术方案是：一种防卡阻扣合柱，其特征是：其装配作业面[2]为球形面。应用本实用新型可以有效解决机械装配中扣合柱的卡阻问题，特别是在使用定位精度不很高的机械手进行装配时，也可以顺利完成装配作业。
155. 1695850 Dual rotation structure of core clamper
CN
16.11.2005
B23B 23/04 Loading...
B23B 23/04
Loading...
200510079747.1
Beijingd Inst of Aviation Precision Machinery, China No.1 Aviation Ind Group
Yang Hui
B23B 23/04
Loading...
A structure with two rotary centers for the super-precise external grinder features that the headstock and tailstock on the bench of said external grinder have respectively a rotary mainshaft, the center is attached to the end of mainshaft by Morse taper, and the drive fork has one end fixed to maishaft and another end in contact with workpiece. The precision of said workpiece is determined by the rotational precision of mainshafts.

