1. 106326372 Git中央仓库管理系统及控制方法
CN
11.01.2017
G06F 17/30 Loading...
G06F 17/30
Loading...
201610665962.8
北京创新乐知信息技术有限公司
谢志锋
G06F 17/30
Loading...
本发明提供Git中央仓库管理系统及方法，所述Git中央仓库管理系统包括：多个后端，其包括本地后端和其他远程后端，所述多个后端用于存储仓库；前端，其用于通过远程调用来访问后端上的仓库；以及同步模块，其用于使所述多个后端上存储的仓库同步。
2. 106294785 内容筛选方法以及系统
CN
04.01.2017
G06F 17/30 Loading...
G06F 17/30
Loading...
201610665956.2
北京创新乐知信息技术有限公司
林雪清
G06F 17/30
Loading...
本申请涉及一种内容筛选方法及系统。该内容筛选方法，包括：基于用户的内容请求在内容资源中进行筛选从而生成内容筛选结果；基于内容资源质量评分对所生成的内容筛选结果进行排序处理；以及将经排序处理的内容筛选结果生成为最终内容筛选结果。
3. 106294786 一种代码搜索方法和系统
CN
04.01.2017
G06F 17/30 Loading...
G06F 17/30
Loading...
201610665959.6
北京创新乐知信息技术有限公司
陈栋
G06F 17/30
Loading...
本发明提供一种代码搜索方法和系统。该方法包括：基于用户输入的搜索词对代码进行一次搜索；对通过一次搜索得到的结果集根据相关性、代码质量、查询意图、用户反馈中的一个或多个进行二次排序；将经过二次排序的所述结果集作为搜索结果返回给所述用户。根据本发明的实施例，可以有效的提高代码搜索的效果，为开发者提供最符合需要、最优质的代码搜索结果。

