1. 206011063 外骨骼服
CN
15.03.2017
B25J 9/00 Loading...
B25J 9/00
Loading...
201620963971.0
北京神秘谷数字科技有限公司
崔泰
B25J 9/00
Loading...
本实用新型公开了外骨骼服，其包括多个外骨骼部件和设置于所述多个外骨骼部件上的多个扩展接口模块，其中：每一扩展接口模块均供外接扩展装置连接，当将外接扩展装置连接到相应的扩展接口模块时，所述外接扩展装置可拆卸地固定在所述扩展接口模块上。根据本实用新型的外骨骼服可以通过在外骨骼部件上提供多个扩展接口模块，使得外骨骼服能够连接多种不同的外接扩展装置，从而使外骨骼服方便地适用于各种不同的领域，因此，极大地扩展了外骨骼服的用途。另外，不将具备各种功能的装置直接安装在外骨骼服上，而是采用扩展接口模块与不同功能的外接扩展装置连接，即，将具备各种功能的装置与外骨骼服分开制造，可以有效降低外骨骼服的制造成本。
2. 206011062 外骨骼服
CN
15.03.2017
B25J 9/00 Loading...
B25J 9/00
Loading...
201620962558.2
北京神秘谷数字科技有限公司
崔泰
B25J 9/00
Loading...
本实用新型公开了外骨骼服，外骨骼服包括多个外骨骼部件，所述多个外骨骼部件包括背部外骨骼，所述外骨骼服还包括安装在所述背部外骨骼上的背负式承载装置，所述背负式承载装置用于承载计算机，所述背负式承载装置包括至少一个开口以供所述计算机与外部进行通信。本实用新型提出的外骨骼服可以通过在背部外骨骼上提供背负式承载装置，使得外骨骼服能够用于携带计算机，从而使外骨骼服方便地适用于各种不同的领域，因此，极大地扩展了外骨骼服的用途。采用本实用新型的方案的外骨骼服用途广泛，可以适用于人机交互、影视制作、医疗保健、游戏娱乐、野外勘探、生产活动等各个领域。
3. 206011064 外骨骼服
CN
15.03.2017
B25J 9/00 Loading...
B25J 9/00
Loading...
201620964076.0
北京神秘谷数字科技有限公司
崔泰
B25J 9/00
Loading...
本实用新型公开了一种外骨骼服，外骨骼服包括多个外骨骼部件和设置于多个外骨骼部件上的多个附加装置，其中：多个附加装置包括至少一个扩展接口模块和至少一个测量装置；其中，每一扩展接口模块均供外接扩展装置连接，当将外接扩展装置连接到相应的扩展接口模块时，外接扩展装置可拆卸地固定在扩展接口模块上；其中，至少一个测量装置用于测量所述外骨骼服的穿戴者的肢体的尺寸。扩展接口模块使得外骨骼服能够连接不同的外接扩展装置，从而使外骨骼服方便地适用于各种不同的领域，因此，极大地扩展了外骨骼服的用途。通过测量装置，根据本实用新型的外骨骼服可以对外骨骼服的穿戴者的肢体尺寸进行测量，而无需人工测量，从而节省了工作量。
4. 106213758 背负装置
CN
14.12.2016
A45F 3/08 Loading...
A45F 3/08
Loading...
201610744361.6
北京神秘谷数字科技有限公司
崔泰
A45F 3/08
Loading...
本发明公开了一种背负装置，所述背负装置包括承载单元和背负单元，其中：所述承载单元与可承载物体固定或可拆卸式结合；所述背负单元与所述承载单元固定或可拆卸式连接；所述背负单元形成一容纳空间，以容纳背负对象。本发明提出的背负装置能够紧密背负较重的专业设备，使专业设备的重量能够分散在可承载物体上，同时避免专业设备在背负装置内发生晃动；该背负装置还具备散热功能，能够及时疏散专业设备所产生的热量，确保所背负设备能够正常有效的工作。
5. 106073790 外骨骼服和躯体仿真系统
CN
09.11.2016
A61B 5/107 Loading...
A61B 5/107
Loading...
201610743042.3
北京神秘谷数字科技有限公司
崔泰
A61B 5/107
Loading...
本发明公开了外骨骼服和躯体仿真系统。外骨骼服包括至少一个测量装置，用于测量所述外骨骼服的穿戴者的肢体的尺寸，其中，所述测量装置包括测量通信模块，用于发送测量出的所述外骨骼服的穿戴者的肢体的尺寸，使得无需人工测量，即可获得外骨骼服的穿戴者的肢体的尺寸，而且可通过测量通信模块发送测得的肢体尺寸。这避免了现有技术中需要对用户肢体进行人工测量，并将测量收据人工输入到系统的繁琐。此外，所述躯体仿真系统采用根据本公开实施例的外骨骼服测量并发送来的外骨骼服的穿戴者的肢体的尺寸，即可对用户的身体进行仿真，无需人工测量和输入用户的肢体尺寸，简化了操作。

