1. 203043512 训练幼儿观察力的玩具机构
CN
10.07.2013
A63F 9/00 Loading...
A63F 9/00
Loading...
201220323006.9
北京市东方爱婴咨询有限公司
贾军
A63F 9/00
Loading...
本实用新型公开了一种训练幼儿观察力的玩具机构，包括一基板和可附着于基板之上的标记物，所述基板固定有两个或两个以上可转动的转盘，所述转盘表面分别布有若干个不同的单个图案，在基板未被遮挡的其他可见表面处印制或粘附有由所述两个或两个以上转盘表面不同的单个图案组合构成的复合图案。作为优选，所述转盘叠加固定于基板上侧，所述转盘中心处固定有一指示针。本实用新型的优点在于，寓教于乐，玩法丰富，游戏配以气球主题画面，增强游戏互动情境，让孩子在游戏的同时训练了手指拨动能力及手眼协调能力，图案组合配对能力，快速反应能力，最初的竞争意识，以及了解基本的磁力现象。
2. 202933484 一种拖拉敲打趴趴狗玩具
CN
15.05.2013
A63H 7/00 Loading...
A63H 7/00
Loading...
201220322764.9
北京市东方爱婴咨询有限公司
贾军
A63H 7/00
Loading...
本实用新型公开了一种拖拉敲打趴趴狗玩具，包括锤台面板、左侧立板、右侧立板、行走轮、木槌和木琴。锤台面板上表面设置有木球孔，锤台面板下方设置有木琴。锤台面板设置于左侧立板与右侧立板之间并互相连接，锤台面板的侧面形状为倒U形，锤台面板后部开有1个门孔，门孔下沿设置有倾斜的底板。木琴设置在门孔下沿的底板上，木琴与底板之间为滑动配合。本实用新型可较好地锻炼幼儿手腕的控制能力、协调能力以及对音乐的感知能力。
3. 202933493 一种儿童墙面玩具
CN
15.05.2013
A63H 33/00 Loading...
A63H 33/00
Loading...
201220323067.5
北京市东方爱婴咨询有限公司
贾军
A63H 33/00
Loading...
本实用新型公开了一种儿童墙面玩具，包括固定于墙面的底座和连接底座的中空转盘，所述转盘外圆周上连接有多个把手，所述转盘内部后底面上连接有多个平隔板，所述转盘前底面采用透明材料密封，使转盘内部形成中空腔体，所述中空腔体内部密封有轻质小球。本实用新型结构简单，形式新颖，能够训练儿童的手腕控制能力及手眼协调能力，还可帮助儿童了解球体在惯性作用下运动的基本力学规律。
4. 202892901 拍拍琴
CN
24.04.2013
A63H 7/04 Loading...
A63H 7/04
Loading...
201220322812.4
北京市东方爱婴咨询有限公司
贾军
A63H 7/04
Loading...
本实用新型公开了一种儿童玩具，尤其是一种可以推拉的拍拍琴，其包括：前车和后车，后车连接在前车上，所述前车包括：前车体，前车体上连接有前轮，后车包括：底板，底板两侧分别连接一块侧板，二块侧板上各连接一个后轮，二块侧板间连接有上挡板，上挡板位于底板的上方，上挡板连接驱动轮轴，驱动轮轴的两端分别连接一个驱动轮，二个驱动轮上分别连接有击琴装置，位于右侧的击琴装置在右侧的驱动轮上的连接点与位于左侧的击琴装置在左侧的驱动轮上的连接点相差180度，运动拍击片位于上挡板外侧，上挡板的下表面上连接有琴片，琴片位于运动拍击片的上方。它使幼儿在拖动本实用新型时，运动拍击片会上交替上下运动，且同时也会发出音响。
5. 202892868 背背兔找食物迷宫
CN
24.04.2013
A63F 7/04 Loading...
A63F 7/04
Loading...
201220322839.3
北京市东方爱婴咨询有限公司
贾军
A63F 7/04
Loading...
本实用新型公开了一种背背兔找食物迷宫，包括一张平板、背背兔图形块，以及作为起点的蘑菇屋图形块和作为终点的胡萝卜图形块，所述平板正面设有凹槽作为迷宫路线，所述背背兔图形块可自由在迷宫路线上移动。本实用新型产品的结构简单合理，形式新颖，制作成本低，训练了幼儿的两指抓握能力、手眼配合能力和观察反应能力，趣味性显著增强。
6. 202715253 一种儿童桌面立体拼图游戏玩具机构
CN
06.02.2013
A63H 33/00 Loading...
A63H 33/00
Loading...
201220322880.0
北京市东方爱婴咨询有限公司
贾军
A63H 33/00
Loading...
本实用新型公开了一种儿童桌面立体拼图游戏玩具机构，包括心形底板、木马旋转机构、摩天轮机构、过山车机构和滑块机构。木马旋转机构包含有圆锥顶盘、木马、木马转盘、木马转盘轴和方形底座；摩天轮机构包含有摩天轮转盘、摩天轮转盘轴、摩天轮支撑柱和摩天轮椭圆支座；过山车机构包含有铁丝轨道、过山车滑块和铁丝轨道固定块；滑块机构包含有滑块镂空轨道、圆柱形滑块和卡通块；木马旋转机构和摩天轮机构分别设置于心形底板的左右两侧，过山车机构和滑块机构设置于心形底板的中下部。该玩具机构可综合锻炼幼儿手腕控制能力、视觉变化能力、两手抓握能力。
7. 202715230 一种认识汉字的玩具
CN
06.02.2013
A63F 9/10 Loading...
A63F 9/10
Loading...
201220322806.9
北京市东方爱婴咨询有限公司
贾军
A63F 9/10
Loading...
本实用新型公开了一种认识汉字的玩具，包括矩形的底板和沿所述底板一面的边缘设置的框架，所述框架内设有平行于所述底板的其中一边的隔离框；所述隔离框把所述框架围成的区域分隔为用于展示印刷有图形和文字的卡片的展示区和用于摆放笔划的游戏区；围成所述展示区的框架以及隔离框上设有卡槽；所述游戏区覆盖有印刷有米字格的印刷层。本实用新型的认识汉字的玩具具有如下有益效果，通过设置展示区和游戏区，通过摆放笔划，使幼儿加深对汉字的笔划和笔顺的认识，增加学习乐趣，提高学习效果。
8. 202715254 一种双旋转的玩具装置及墙面玩具
CN
06.02.2013
A63H 33/00 Loading...
A63H 33/00
Loading...
201220322975.2
北京市东方爱婴咨询有限公司
贾军
A63H 33/00
Loading...
本实用新型公开了一种双旋转的玩具装置及墙面玩具，大转盘（ 3 ）和小转盘（ 5 ）为同心轴设置，大转盘（ 3 ）的内圆周壁上设置有分布均匀的多个凹槽（ 2 ），小转盘（ 5 ）的外圆周设置有分布均匀的多个隔槽。在大转盘（ 3 ）转动的状态下，当一个凹槽（ 2 ）到达水平位置时，位于此凹槽（ 2 ）中的滚珠（ 6 ）由此凹槽（ 2 ）的开口处抛出，落在一个隔槽中，使小转盘（ 5 ）沿与大转盘（ 3 ）转动的相反方向转动。本实用新型的双旋转的玩具装置和墙面玩具能够使大转盘转动时带动小转盘以同心轴转动，提供一种结构简单合理，操作方便，具有趣味性的游戏机构。
9. 202715216 一种用于锻炼宝宝智力的抱抱熊寻宝玩具
CN
06.02.2013
A63F 7/04 Loading...
A63F 7/04
Loading...
201220322737.1
北京市东方爱婴咨询有限公司
贾军
A63F 7/04
Loading...
本实用新型公开的一种用于锻炼宝宝智力的抱抱熊寻宝玩具，包括托板，所述的托板上面开设有插卡槽，托板的一侧设置有大转盘，所述的大转盘的四周设置有把手，大转盘上面连接有支撑架，所述的支撑架上面设置有小球，在支撑架的中间安装有旋钮，所述旋钮的上部开设有球入口，其下部连接管道。本实用新型造型别致，可以在宝宝娱乐的同时，又能训练了手腕扭转力、手眼协调能力、颜色辨别能力、灵活性及早期竞争意识使宝宝的感观认识更加强烈，能够吸引宝宝的注意力，能够对宝宝产生浓厚的兴趣，培养宝宝解决问题、发现事物、发挥创意的能力，利于宝宝健康快乐的成长，实用性强，易于推广使用。
10. 202715252 一种利于宝宝智力开发的智慧树
CN
06.02.2013
A63H 33/00 Loading...
A63H 33/00
Loading...
201220322810.5
北京市东方爱婴咨询有限公司
贾军
A63H 33/00
Loading...
本实用新型公开的一种利于宝宝智力开发的智慧树，包括底托，所述的底托的内部设置有棱台，所述的棱台的内部为中空结构，所述棱台的顶部设置有半球状凹槽，棱台四周分别设置有圆弧棱柱，所述的圆弧棱柱上面分别安装有第一侧卡片区、第二侧卡片区和第三侧卡片区。结构简单，造型别致，可以在宝宝娱乐的同时，又能帮助宝宝对形状、颜色、水果、蔬菜、动物的认知，同时又能开发物品的配对与分类，认识数字和数量的关系，锻炼数学思维和空间推理能力,而且不会使宝宝在玩的时候会碰伤，能够对宝宝产生浓厚的兴趣，培养宝宝解决问题、发现事物、发挥创意的能力，实用性强，是一种设计新颖的创作方案，易于推广使用。

