1. 105808519 一种文档显示方法及装置
CN
27.07.2016
G06F 17/25 Loading...
G06F 17/25
Loading...
201610113733.5
北京当当科文电子商务有限公司
曹佳胤
G06F 17/25
Loading...
本发明提供了一种文档显示方法及装置，其中方法包括：加载文档后，按照原格式显示文档；当接收到用户发出的从原格式切换到新格式的切换指令后，获取当前原格式页的内容流；按照当前设备的屏幕大小和排版参数将所述内容流重新排版为与当前原格式页相对应的新格式页，其中所述与当前原格式页相对应的新格式页包括一页或多页；为用户显示所述与当前原格式页相对应的新格式页。在本发明中无需专门下载文档的不同格式版本，当用户需要进行格式切换时，根据当前设备的屏幕大小及排版参数自动将用户正在阅读的当前页转换为适合当前设备的一页或多页新格式页，新格式文档因为是针对当前设备重新排版而得到，所以可以很好的适应当前设备，方便用户阅读。
2. 105760354 电子图书中笔记数据重定位方法与装置
CN
13.07.2016
G06F 17/21 Loading...
G06F 17/21
Loading...
102016000116755
北京当当科文电子商务有限公司
丁力
G06F 17/21
Loading...
本申请公开了电子图书中用户标注数据重定位方法和装置。所述方法的一具体实施方式包括：响应于用户的更新指令，获取电子图书的待更新版本的版本信息和电子图书的当前版本的版本信息；基于待更新版本的版本信息和当前版本的版本信息生成电子图书的更新链，其中，更新链包括待更新版本和当前版本之间的任意至少二相邻版本的位置更新数据；获取当前版本的用户标注数据；以及基于位置更新文件更新当前版本的用户标注数据，并得到与待更新版本对应的用户标注数据。该实施方式可以使电子图书的版本更新之后，用户在较早版本上添加的标注数据能够与新版本的相应位置对应。

