1. 203677120 一种用于拍摄牙片的定位支架及牙片拍摄系统
CN
02.07.2014
A61B 6/14 Loading...
A61B 6/14
Loading...
201320825731.0
北京中瑞华夏医疗科技有限责任公司
朱勇
A61B 6/14
Loading...
本实用新型公开了一种用于拍摄牙片的定位支架及含有该定位支架的牙片拍摄系统，定位支架包括连接件、用于安装CCD图像传感器的传感器支架及用于安装曝光器的曝光器支架；所述传感器支架及曝光器支架均安装在连接件上，且保证传感器支架上的CCD图像传感器位置与曝光器支架上的曝光器的中心位置在一条直线上。本实用新型的定位支架可代替手伸入患者口腔，不会引起患者恶心，曝光器通过定位支架固定好曝光角度，看到的东西都能拍摄到牙片上，且牙片与实牙比例一致，含有上述定位支架的牙片拍摄系统，拍摄简单方便且牙片拍摄质量好，均适于推广应用。
2. 203058533 一种粘贴式足底按摩鞋垫
CN
17.07.2013
A43B 17/00 Loading...
A43B 17/00
Loading...
201220621044.2
北京华夏煜恒全息医疗科技有限公司
宋传述
A43B 17/00
Loading...
一种粘贴式足底按摩鞋垫，其特征在于它包括含磁性橡胶底板1、底板凹槽2、按摩块3和磁片4；磁性橡胶底板1上设置有底板凹槽2，按摩块3底部有内置磁片4，按摩块3通过底部内置磁片4吸附在磁性橡胶鞋垫1的底板凹槽2内。它结构简单，按摩块不易脱落，穿着舒适，使用方便，能够长时间使用。
3. 2271362 七星针及其扳手
CN
31.12.1997
A61H 39/00 Loading...
A61H 39/00
Loading...
96230299.6
苏州华夏针灸医疗器械有限公司
黄明珏
A61H 39/00
Loading...
本实用新型公开了一种七星针，包括设有外螺纹的针柄，针柄上固定有针体，所述针柄的圆周上至少设有一个榫口；所述针柄的截面呈凸字形，外螺纹设在小端圆周上，榫口设在大端圆周上；所述榫口有两个，对称分布在直径的两端。一种专用于七星针的扳手，所述扳手包括手柄，手柄的上端延伸有圆弧部分，圆弧部分的顶端设有指向圆弧内的凸块；所述圆弧部分对称分布在手柄的两侧，总体呈Y形。由于在七星针的圆周上设有榫口，并配有专用扳手，就不需要用手直接去旋七星针，这样手指既不会污染七星针，也不会被针体扎破损伤。
4. 2230584 不锈钢管柄针灸针
CN
10.07.1996
A61N 1/04 Loading...
A61N 1/04
Loading...
94242794.7
苏州华夏针灸医疗器械有限公司
顾德楷
A61N 1/04
Loading...
本实用新型公开了一种不锈钢管柄针灸针，包括针柄和针杆，所述针柄为套在针杆上并且固定的不锈钢细管；所述不锈钢细管通过压点紧固的针杆上；所述不锈钢细管也可以通过粘结固定在针杆上。该针灸针使用方便，效率高、成本低。

