1. 205874173 一种含油污泥处理装置
CN
11.01.2017
C02F 11/00 Loading...
C02F 11/00
Loading...
201620776385.5
华油惠博普科技股份有限公司
金喆
C02F 11/00
Loading...
本实用新型公开了一种含油污泥处理装置，包括上料装置、预处理装置、氧化反应器、脱水装置、废液缓存罐和水箱；所述上料装置、所述预处理装置、所述氧化反应器、所述脱水装置和所述废液缓存罐依次通过管道连接；所述废液缓存罐的出口与所述预处理装置的废液入口相连接；所述水箱的出水口与所述预处理装置的入水口相连接；所述预处理装置与所述氧化反应器之间设置有电动阀，所述氧化反应器与所述脱水装置之间设置有污泥泵，所述废液缓存罐与所述预处理装置之间设置有污水泵，所述水箱与所述预处理装置之间设置有水泵；两个氧化反应器的交替运行可保持设备的连续运行，既提高设备的处理效率，也减小设备的体积。
2. 104402192 一种废弃油基泥浆的无害化处理方法及设备
CN
17.08.2016
C02F 11/12 Loading...
C02F 11/12
Loading...
102014000738689
华油惠博普科技股份有限公司
黄松
C02F 11/12
Loading...
本发明提供一种废弃油基泥浆的处理方法，是将油田钻井过程中产生的废弃油基泥浆与辅助混配剂混合后，经过搅拌、造型、焚烧，得到蒸汽、烟气和渣料。本发明所述的方法可以实现热回收循环利用，降低成本，提高效率。彻底实现无害化处理，炉渣彻底矿化外排，不会带来二次污染。本发明还提供所述方法的专用设备。
3. 205115092 一种三元复合驱含油污水处理装置
CN
30.03.2016
C02F 1/24 Loading...
C02F 1/24
Loading...
201520806107.5
华油惠博普科技股份有限公司
白明垠
C02F 1/24
Loading...
本实用新型公开了一种三元复合驱含油污水处理装置，它包含立式气浮筒、溶气液连接管道、均布管圈、长纤维、锥形体、导流板、漩涡稳定器、溶气泵和回气管线；所述立式气浮筒设有若干污水进口与环管，若干环管与设置在立式气浮筒内的对应切向喷嘴相连，所述立式气浮筒还设有气体出口、净水出口；一个锥流体与气浮筒上部构成浮油收集空间并设有浮油出口，立式气浮筒内底部设有净水导流板、漩涡稳定器、均布管圈，该均布管圈通过调节阀与溶气泵相连，溶气泵还与循环净水出口和回气管线相连。本实用新型可以解决传统的气浮污水处理装置存在的除油除污效率低、适用范围有限、结构复杂、工作可靠性低、维护费用高等技术问题。
4. 204710811 一种管道磁力除锈清管器
CN
21.10.2015
B08B 9/04 Loading...
B08B 9/04
Loading...
201520376857.3
天津惠博普管道技术有限公司
苏涛
B08B 9/04
Loading...
本实用新型提供了一种管道磁力除锈清管器，包括圆筒、长螺栓、外侧挡板、外皮碗、隔套、内皮碗、钢刷、磁铁和内侧挡板，圆筒上设置有外侧挡板、外皮碗、隔套、内皮碗、磁铁和内侧挡板，长螺栓将外侧挡板、外皮碗、隔套、内皮碗、磁铁和内侧挡板联接在一起，并且用螺栓固定，外侧挡板后设置有外皮碗，外皮碗后设置有隔套，隔套后设置有内皮碗，内皮碗后设置有磁铁，磁铁后设置有内侧挡板，磁铁的外圆上设置有钢刷。本实用新型中磁铁与钢刷设置成一体，由于磁性可以传导到钢刷上，所以由内皮碗和外皮碗刷掉的铁锈和铁磁性物质脱落后可以直接吸附在钢刷上，可显著提高清管器清除铁磁性物质的吸附能力。
5. 203564839 储油罐清洗液的自动连续固液分离装置
CN
30.04.2014
B01D 29/35 Loading...
B01D 29/35
Loading...
201320663116.4
华油惠博普科技股份有限公司
黄松
B01D 29/35
Loading...
一种储油罐清洗液的自动连续固液分离装置，包括：机架、过滤装置，其特征在于：所述的过滤装置由本体、沉降室及传动装置构成，所述的本体为第一外缸中间套装过滤孔隙的圆筒型的第一内缸，第一外缸上、下部分别设置导入口和过滤液排出口，导入口连通第一内缸，本体的下端通过连接部件与沉降室密封连接，所述的沉降室为第二外缸中间套装过滤孔隙的第二内缸，螺旋刮刀的转轴伸入在第一内缸与连接部件内，螺旋刮刀的螺旋外径分别与第一内缸与连接部件内壁动配合；第二内缸顶部与连接部件密封连接，第二外缸下部一侧与底部分别连通排出装置和废料提取装置。本装置能自动连续过滤处理含油废料中所掺杂的固体物质。具有过滤效率高、故障少、操作简便，成本底廉。
6. 203411427 一种压裂返排液处理装置
CN
29.01.2014
C02F 9/10 Loading...
C02F 9/10
Loading...
201320475827.9
华油惠博普科技股份有限公司
张维
C02F 9/10
Loading...
本实用新型公开了一种压裂返排液处理方法及装置，由四个基本工艺单元组成，包括：井口处理单元、预处理单元、膜处理单元和蒸发处理单元；每个单元单独成橇，依据压裂返排液性质不同，搭配组装工艺路线。本实用新型可以解决通过将各种工艺技术单元模块化，既可满足简单处理达到不冲击污水系统的要求，也能满足更高端的外排及零排放等要求的技术问题。
7. 203382540 气浮旋流聚结复合式污水除油装置
CN
08.01.2014
C02F 1/40 Loading...
C02F 1/40
Loading...
201320478798.1
华油惠博普科技股份有限公司
孙飞
C02F 1/40
Loading...
本实用新型公开了一种气浮旋流聚结复合式污水除油装置，主要由多功能分离罐、两级气水混合装置和调节控制箱组成；多功能分离罐中上部有进液口，中部设有油出口，下部设有水溶气及循环装置，底部设有排污口，顶部有排气口和连通管。多功能分离罐内部设有内旋流筒，其底部与出油管相连。内旋流筒上方设有气体捕雾器；多功能分离罐下部的集水器分别与多功能分离罐水出口和循环水水口相连；分离罐顶部的排气口通过管线与二级气水混合装置的进口相连。分离罐水出口与侧方调节控制箱水进口连接，调节控制箱顶部与分离罐顶部联通。本实用新型可以解决旋流气浮一体化组合除油技术设备存在的效率低、集约性差且运行不稳定等技术问题。
8. 203177467 分体式蒸汽自清洗相变加热炉
CN
04.09.2013
F24H 7/02 Loading...
F24H 7/02
Loading...
201320100020.7
华油惠博普科技股份有限公司
苏海鹏
F24H 7/02
Loading...
本实用新型属油气田专用加热设备，涉及一种分体式蒸汽自清洗相变加热炉，包括蒸汽发生装置、外置的换热装置，燃烧装置和蒸汽清洗装置，所述的换热装置包括被加热介质进口和被加热介质出口，蒸汽清洗装置，包括进口疏水阀、出口疏水阀、进口蒸汽阀门、出口蒸汽阀门和蒸汽接管，进口疏水阀设置在被加热介质进口处，出水疏水阀设置在被加热介质出口处；蒸汽接管的一端分为两路，一路设置有进口蒸汽阀门，并连接到被加热介质进口，另一路设置有出口蒸汽阀门，并连接到被加热介质出口；蒸汽接管的另一端连接到蒸汽发生装置的壳体上，蒸汽接管上还设置有调节阀。
9. 203177469 蒸汽自清洗相变加热炉
CN
04.09.2013
F24H 7/02 Loading...
F24H 7/02
Loading...
201320100842.5
华油惠博普科技股份有限公司
苏海鹏
F24H 7/02
Loading...
本实用新型属于油气田集输设备技术领域，涉及一种蒸汽自清洗相变加热炉，包括壳体、设置在其内的换热装置、燃烧装置和清洗装置。换热装置包括被加热介质进口和被加热介质出口，在被加热介质进口及被加热介质出口上均设置有压力表。清洗装置为蒸汽清洗装置，其进口疏水阀设置在被加热介质进口处，出水疏水阀设置在被加热介质出口处；蒸汽接管的前端分为两路，一路设置有进口蒸汽阀门，并连接到被加热介质进口，另一路设置有出口蒸汽阀门，并连接到被加热介质出口；蒸汽接管的后端连接到壳体上，蒸汽接管上还设置有调节阀。本实用新型能够方便相变加热炉换热管的清洗，满足换热管堵塞立即发现立即清洗和集输系统的正常生产要求。
10. 202845392 一种容器内固体沉积物清除装置
CN
03.04.2013
B08B 9/093 Loading...
B08B 9/093
Loading...
201220451520.0
华油惠博普科技股份有限公司
李太平
B08B 9/093
Loading...
本实用新型涉及一种容器内固体沉积物清除装置，包括收集包（3），其特征在于，所述的收集包（3）的上部设置有接口（7），接口（7）用于将其连接到容器底部；所述的清除装置还包括导引管（5）和冲洗管咀（4），冲洗管咀（4）设置在收集包的侧面，导引管的前端（6）设置在靠近接口的位置或伸入到接口内，其后端伸出容器外。本实用新型不占用容器的有效处理空间，可以实现不停产连续清除作业，其清除周期或频率按处理介质的含固量不同而确定。具有固体沉积物清除彻底、清除效率高、固体沉积物含油量小、不影响压力容器其它各项处理指标的特点。
11. 202729923 一种倒流式高效溶气气浮装置
CN
13.02.2013
C02F 9/04 Loading...
C02F 9/04
Loading...
201220372628.0
华油惠博普科技股份有限公司
许寅
C02F 9/04
Loading...
本实用新型公开了一种倒流式高效溶气气浮装置，包括带有斜侧壁的气浮池，气浮池的顶部设置刮渣机，其一侧设置刮渣槽，气浮池的底部为集泥斗；气浮池内设置一竖直隔板，斜侧壁上固定一组相互平行的斜板，竖直隔板下端通过一水平板与斜板底部相连；气浮池被竖直隔板与水平板和斜板分为清水区、反应区、分离区、污泥收集区；污水进入管道絮凝器，出水管连接反应区的进污水口；清水回流口连接多相流溶气泵的进水口，其出水口连连接反应区的进溶气水口；气浮池的清水区顶部设有排水口，在清水回流口的上方。本实用新型的系统简洁，操作简便，节省能耗，没有噪音，避免了异重流现象，具备更高的空间利用率，分离悬浮物的能力大大增强。
12. 202692101 车载式燃油锅炉及尾部惰性气体净化设备
CN
23.01.2013
F23J 15/00 Loading...
F23J 15/00
Loading...
201220339044.3
华油惠博普科技股份有限公司
黄松
F23J 15/00
Loading...
本实用新型公开了一种车载式燃油锅炉及尾部惰性气体净化设备，包括由烟囱连通的燃油锅炉和气体净化装置，燃油锅炉由轻油箱、原油箱、数控燃烧机和中心回燃三回程燃油锅炉组成并充分燃烧原油，气体净化装置由冷凝器、沉淀水箱、手动风门、喷淋装置、引风机、氧化锆层、阻火器、软水箱等组成，用于净化尾气，本实用新型通过对燃油锅炉燃烧的尾气进行净化，用净化后的尾气置换储油罐中的可燃气体，不再需要专门的制氮装置，降低了成本，燃油锅炉的热能加热水用于清洗油罐，充分利用能源，同时可以将锅炉燃烧的尾气进行再利用，减少尾气对大气的污染，本设备使用车载式集装箱结构，便于运输，方便在各个场站和油罐间移动使用。
13. 102373921 一种车载式油气田地面测试系统
CN
14.03.2012
E21B 49/00 Loading...
E21B 49/00
Loading...
201010273066.X
华油惠博普科技股份有限公司
王毅刚
E21B 49/00
Loading...
本发明公开了一种新型车载式油气田地面测试系统，该系统由多个独立的车载模块组成。主要包括地面安全阀、上游管线、上游数据头、化学注入泵、油嘴管汇、下游数据头、下油管线、间接加热炉(或蒸汽热交换器)、测试分离器、缓冲罐或计量罐、原油传输泵、数据采集系统、化验设施、柴油发电机、空气压缩机、数采房和发电机房等17个功能单元。车上各主要功能单元与车辆整体设计，或主要功能单元独立成橇，拖车内部各功能单元之间采用法兰连接，整车外部接口均采用由壬连接。本发明较通用的地面测试装备更具灵活性和实用性，可广泛用于陆上油气田地面测试，大大降低测试服务的动迁工作量，节省大量的成本，尤其适用于国内外沙漠地区油气田的地面测试。
14. 202074701 水套相变加热炉
CN
14.12.2011
F24H 7/00 Loading...
F24H 7/00
Loading...
201120052932.2
华油惠博普科技股份有限公司
苏海鹏
F24H 7/00
Loading...
本实用新型属于油气田设备技术领域，涉及一种水套相变加热炉，包括壳体、设置在其内的换热装置、燃烧装置，换热装置位于壳体内的上部空间，由相变换热管构成，相变换热管的两端分别为被加热介质进口和出口；燃烧装置位于壳体内的下部空间，包括烟箱和位于其内部的烟管和燃烧室，烟箱的一个端部伸出在壳体外，燃烧室生成的烟气通过烟管被送至烟箱的该端部，该端部与烟囱相连通，并设置有防爆门；在壳体靠上部位固定有压力控制装置、排气放空阀；在壳体内设置有液位显示调节装置，用于在所述的水套相变加热炉作为水套炉或相变炉使用时的液位显示和调节。本实用新型能够在方便提高炉内介质与被加热介质的温差的同时，在换热装置传热面积固定不变的情况下，大幅度提高被加热介质流量，满足不同工况下设备的运行要求。
15. 202074702 分体式压力相变加热炉
CN
14.12.2011
F24H 7/00 Loading...
F24H 7/00
Loading...
201120053109.3
华油惠博普科技股份有限公司
苏海鹏
F24H 7/00
Loading...
本实用新型属于油气田设备技术领域，涉及一种分体式压力相变加热炉，包括蒸汽发生装置、换热装置、烟气余热利用装置和烟囱，其特征在于，蒸汽发生装置内设置有燃烧室，其产生的蒸汽经过蒸汽管路被送入换热装置进行冷凝换热，冷凝换热后的冷凝水由冷凝管路被送入烟气余热利用装置，经过换热升温后又被送入蒸汽发生装置，在蒸汽发生装置通向烟囱之间的烟道上设置有能够使烟气通向烟气余热利用装置的旁通挡板，在蒸汽发生装置尾部处烟口设置有温度计，在冷凝管路与烟气余热利用装置之间设置有阀门，由温度计检测的烟气温度，并用于控制旁通挡板和阀门的开启和关闭，从而实现烟气余热的利用。本实用新型能够有效降低系统排烟温度，提高热效率。
16. 202052637 一种用于天然气生产过程中湿气压缩机前的旋流分离器
CN
30.11.2011
B04C 9/00 Loading...
B04C 9/00
Loading...
201120064288.0
华油惠博普科技股份有限公司
谢玉洪
B04C 9/00
Loading...
本实用新型公开了一种用于天然气生产过程中湿气压缩机前的旋流分离器，主要利用离心力并辅以重力、碰撞、聚结作用对天然气中的液滴和尘粒进行分离的设备。叶片式捕雾器设在设备入口，同时作为入口分布器，它是由多层带翼折板组成的分离装置，沿筒体圆周方向布置，长度约为筒体周长的四分之一；旋风分离段采用导叶式旋风分离工艺，旋风子采用多圈圆周布置，旋风子阻力降值从内到外逐渐减小。旋风分离器内的旋风子布置采用左右旋间隔方式，即一个左旋导叶的旋风子相邻一个右旋的旋风子。左旋与右旋的旋风子数量相同。本实用新型可以解决主要利用旋风分离技术并辅以碰撞聚结技术，去除来气中的液滴也可以去除来气中的尘粒的技术问题。
17. 202011824 一种小型移动式沉降罐排泥浓缩机械化装置
CN
19.10.2011
C02F 11/14 Loading...
C02F 11/14
Loading...
201020663520.8
华油惠博普科技股份有限公司
黄松
C02F 11/14
Loading...
本实用新型公开了一种小型移动式沉降罐排泥浓缩机械化装置，它由储油罐自动排泥装置A和污泥浓缩装置B组成。其特征是：所述的储油罐自动排泥装置A和污泥浓缩装置B为两个相对独立的移动式橇块组成，各橇块尺寸为6500mm×2300mm×3500mm，各橇块之间采用带快速接头的软管连接。该装置可同时实现油罐排泥增容和罐内污泥浓缩处理的目的。
18. 202010687 储罐清洗的多功能机械装置
CN
19.10.2011
B08B 9/08 Loading...
B08B 9/08
Loading...
201120005023.3
华油惠博普科技股份有限公司
黄松
B08B 9/08
Loading...
一种储罐清洗的多功能机械装置，包括：待清洁油罐、水箱，提升泵，其特征在于：所述的待清洁油罐与水箱分别经过阀门与真空抽吸罐连通，该罐出口分别经阀门分接第一、第二提升泵，循环进液口经分接阀门后，分接第一、第二提升泵，第一、第二提升泵的出口分接阀门连通后，分两路：一路连通吸入口；另一路连通高压清洗机组；第二次分接阀门连通后分两路：一路经阀门连通换热器，换热器经分接阀门分别连通油水分离器、高压清洗机组；另一路：经过阀门连通净化油罐；油水分离器油出口经阀门连通净化油罐；油水分离器水出口经阀门分别连通污水深度处理装置和第二提升泵。它实现了储罐自动化清洗，效率高，清洗后油水分离彻底，操作安全。
19. 201940405 成品油罐机械清洗装置
CN
24.08.2011
B08B 9/093 Loading...
B08B 9/093
Loading...
201120010972.0
华油惠博普科技股份有限公司
黄松
B08B 9/093
Loading...
本实用新型提供一种成品油罐机械清洗装置，包括：待清洁油罐、水室，清洗泵，其特征在于：所述的待清洁油罐依次连通过滤器、真空抽吸罐，真空抽吸罐分三路：第一路依次连通清洗泵、至少一个喷射机、待清洁油罐；第二路连通回收泵分两路：一路依次连通精密过滤器、回收油罐；另一路：经旋流分离器连通油水分离罐；第三路：依次连通真空泵、油水分离罐；油水分离罐上管分两路：一路经阻火器至排空管；另一路连待清洁油罐；油水分离罐下管依次经阀门、隔膜泵分两路：一路连精密过滤器连通回收油罐；另一路：连通空压机；油水分离罐水管经过阀分两路：一路连通清洗泵；另一路通过旋流分离器连通油水分离罐。它具有高效、安全、便捷地进行待清洁油罐的清洗。
20. 102153264 Mechanized discharging and concentrating device for small-sized movable sedimentation tank
CN
17.08.2011
B08B 9/08 Loading...
B08B 9/08
Loading...
201010591765.9
China Oil HBP Science & Technology Co.,Ltd.
Huang Song
B08B 9/08
Loading...
The invention discloses a mechanized sludge discharging and concentrating device for a small-sized movable sedimentation tank, which consists of an oil storage tank automatic sludge discharging device A and a sludge concentrating device B and is characterized in that the oil storage tank automatic sludge discharging device A and the sludge concentrating device B respectively consist of two relatively independent movable prying blocks; each prying block has the size of 6,500mm*2,300mm*3,500mm; and the prying blocks are connected through hoses with rapid joints. By adopting the device, the aims of sludge discharging compatibilization of an oil tank and treatment of concentrating the sludge in the tank can be simultaneously fulfilled.
21. 201912795 一种可移动的用于油罐清洗系统的油水分离装置
CN
03.08.2011
B01D 17/02 Loading...
B01D 17/02
Loading...
201020663760.8
华油惠博普科技股份有限公司
黄永康
B01D 17/02
Loading...
本实用新型公开了一种橇装化的油水分离设备，它由油水分离器本体、加药装置、溶气系统、管路及底座等构成，采用橇装化设计。油水分离器内设有进水分配管、溶气水分配管、聚结填料、加热盘管、油室、多孔集水管等，本实用新型集成了聚结除油、重力式油水分离、气浮除油等工艺，用于在油罐清洗过程中的温水清洗阶段对油水混合物进行分离，同时用于剩余水处理阶段对水中的含油进行分离使之满足深度处理工艺的进水要求。当处理量在150-180方/小时之间时，分离出的水中含油能够小于2％，当处理量不大于10方/小时，分离出的水中含油能够小于100mg/L升。
22. 102125919 Mechanical cleaning device for product oil tank
CN
20.07.2011
B08B 9/093 Loading...
B08B 9/093
Loading...
201110007823.3
China Oil HBP Science & Technology Co.,Ltd.
Huang Song
B08B 9/093
Loading...
The invention provides a mechanical cleaning device for a product oil tank. The mechanical cleaning device comprises a to-be-cleaned oil tank, a water chamber, and a washing pump. The mechanical cleaning device for the product oil tank is characterized in that the to-be-cleaned oil tank is orderly communicated with a filter and a vacuum suction tank, and the vacuum suction tank is divided into three routes, wherein the first route is orderly communicated with the washing pump, at least one ejector, and the to-be-cleaned oil tank; the second route is communicated with a recovery pump and divided into two routes, wherein one route is orderly communicated with an ultrafilter and a recovered oil tank, and the other route is communicated with an oil-water separation tank by a cyclone separator; and the third route is orderly communicated with a vacuum pump and the oil-water separation tank; an upper pipe of the oil-water separation tank is divided into two routes, wherein one route is connected with an evacuation pipe through a flame arrester, and the other route is connected with the to-be-cleaned oil tank; a lower pipe of the oil-water separation tank is divided into two routes through a valve and a membrane pump, wherein one route is communicated with the recovered oil tank through the ultrafilter, and the other route is communicated with an air compressor; and a water pipe of the oil-water separation tank is divided into two routes through a valve, wherein one route is communicated with the cleaning pump, and the other route is communicated with the oil-water separation tank by the cyclone separator. The mechanical cleaning device can efficiently, safely and conveniently clean the to-be-cleaned oil tank.
23. 201876407 储油罐机械清洗气体浓度监测装置
CN
22.06.2011
G01N 15/06 Loading...
G01N 15/06
Loading...
201020640785.6
华油惠博普科技股份有限公司
黄松
G01N 15/06
Loading...
一种储油罐机械清洗气体浓度监测装置，包括：空气回路：由第一空滤器依次连通第一三通电磁阀、流量计、可燃气测定泵、可燃气探头，可燃气探头连通可燃气信号输出线；六个检测通道分别连通玻璃纤维过滤器、两路电磁阀和真空泵，真空泵经过第二空滤器分三路：第一路经调节阀、第一样气流量计连通可燃气测定泵；第二路经第二样气流量计、氧气测定泵连接氧气探头，氧气探头连通氧气信号输出线；第三路连通调节阀，其特征在于：所述的第一空滤器与第一三通电磁阀之间依次连通活性炭过滤器、光触媒分子筛；六个检测通道经过两路电磁阀分两组并联后分别通过第二、第三三通电磁阀、气液分离器连真空泵。它防止氧气及液体进入传感器探头。提高了检测精确度。
24. 201763325 一种车载式油气田地面测试系统
CN
16.03.2011
E21B 49/00 Loading...
E21B 49/00
Loading...
201020518132.0
华油惠博普科技股份有限公司
王毅刚
E21B 49/00
Loading...
本实用新型公开了一种新型车载式油气田地面测试系统，该系统由多个独立的车载模块组成。主要包括地面安全阀、上游管线、上游数据头、化学注入泵、油嘴管汇、下游数据头、下油管线、间接加热炉(或蒸汽热交换器)、测试分离器、缓冲罐或计量罐、原油传输泵、数据采集系统、化验设施、柴油发电机、空气压缩机、数采房和发电机房等17个功能单元。车上各主要功能单元与车辆整体设计，或主要功能单元独立成橇，拖车内部各功能单元之间采用法兰连接，整车外部接口均采用由壬连接。本实用新型较通用的地面测试装备更具灵活性和实用性，可广泛用于陆上油气田地面测试，大大降低测试服务的动迁工作量，节省大量的成本，尤其适用于国内外沙漠地区油气田的地面测试。
25. 201746433 模块、橇装、移动式含油污泥处理装置
CN
16.02.2011
C02F 11/00 Loading...
C02F 11/00
Loading...
201020245658.6
华油惠博普科技股份有限公司
黄松
C02F 11/00
Loading...
本实用新型涉及一种模块、橇装、移动式含油污泥处理装置，包括：污泥预处理橇、调质橇和离心处理橇、进料箱、蒸汽管线、处理后油水管线、清水进系统管线，其特征在于：所述的污泥预处理橇为移动式污泥预处理橇、调质橇为移动式调质橇、离心处理橇为移动式离心处理橇，上述的各移动式橇均为橇装模块式，所述的移动式污泥预处理橇分筛下部通过流化污泥外输泵依次至移动式调质橇、移动式离心处理橇，移动式离心处理橇连通处理后油水管线、清水进系统管线；所述的移动式污泥预处理橇分筛上部通过大颗粒杂质提升螺旋至该橇外；上述移动式橇均为软管连接。它的结构紧凑、占地小，安装运输方便，设备重复利用率高。处理效果显著：原油回收率：95.2％。
26. 201672513 一种防爆型燃气燃烧器
CN
15.12.2010
F23D 14/00 Loading...
F23D 14/00
Loading...
201020124180.1
华油惠博普科技股份有限公司
肖荣
F23D 14/00
Loading...
本实用新型属于气体燃烧设备技术领域，涉及一种防爆型燃气燃烧器，包括进风口，风机，燃烧头，燃烧控制器，火焰监测器，燃气压力开关，从燃气主气路上引出一条旁路连接到点火电极处，在该旁路上设置有引火电磁阀，燃烧控制器根据火焰监测器的监测信号控制主气路电磁阀的启闭，燃烧器配置有温度传感器，其所检测的温度信号被送入燃烧控制器，由燃烧控制器根据温度信号控制所述的风阀的开度，所述的风压报警开关、燃气压力报警开关、关断阀、引火电磁阀、点火电极分别与燃烧控制器相连。本实用新型建立了独立的空气通道，进气口设置在非爆炸危险场所，隔离了燃烧火焰与周围可能出现的危险气体。同时隔热层限制了燃烧器表面温度。
27. 101863529 Modular, skid-mounted and mobile oil-bearing sludge treatment equipment
CN
20.10.2010
C02F 1/40 Loading...
C02F 1/40
Loading...
201010216385.7
Dalian Huibopu Petroleum Machinery Equipment Manufacture Co., Ltd.
Bai Mingyin
C02F 1/40
Loading...
The invention discloses modular, skid-mounted and mobile oil-bearing sludge treatment equipment which comprises a sludge pretreatment sledge, a tempering sledge, a centrifugation sledge, a feed box, a stream pipeline, an after-treatment oil-water pipeline and a clear water flow system pipeline. The sludge treatment equipment is characterized in that the sludge pretreatment sledge, the tempering sledge and the centrifugation sledge are all mobile sledges, and the mobile sledges are all skid-mounted and modular sledges; the lower part of the sub-screen of the mobile sludge pretreatment sledge is sequentially communicated with the mobile tempering sledge and the mobile centrifugation sledge through a fluidized sludge efflux pump; the mobile centrifugation sledge is communicated with the after-treatment oil-water pipeline and the clear water flow system pipeline; the upper part of the sub-screen of the mobile sludge pretreatment sledge is lifted and screwed outside the sledge through large-particle impurities; and the mobile sledges are connected together by a hose. The sludge treatment equipment has compact structure, small occupied area, convenient assembly and transportation, high repeated utilization factor of the equipment, obvious treatment effect and high recovery ratio of crude oil up to 95.2%.
28. 201500596 一种一体化旋流除砂洗砂器
CN
09.06.2010
B04C 9/00 Loading...
B04C 9/00
Loading...
200920097329.9
北京华油惠博普科技有限公司
孙河生
B04C 9/00
Loading...
本实用新型属于石油行业油气集输系统的除砂设备，涉及一种一体化旋流除砂洗砂器，包括油气分离缓冲罐、旋流除砂器和洗砂箱，油气分离缓冲罐为圆筒形，其内置有缓冲旋流构件，缓冲旋流构件为筒-锥-筒形，在其下筒周围设置有多个出液管，出液管为L型弯管，通过罐侧壁出液口与旋流除砂器相连；旋流除砂器的上部为溢流出液口，下部为排砂腔，排砂腔下部与集砂器和排砂阀相连；洗砂箱分为的洗砂槽和溢油室，洗砂槽内设置有洗砂泵和和射流管，射流管位于底部，洗砂泵通过管路与外部的洗砂旋流器相连，洗砂旋流器上部出液口通过循环管路与洗砂槽内的射流管相连。本实用新型占地面积小，处理效果稳定且效率高。
29. 201476834 带有气动计数控制器的计量分离器
CN
19.05.2010
G01F 15/08 Loading...
G01F 15/08
Loading...
200920173228.5
北京华油惠博普科技有限公司
肖荣
G01F 15/08
Loading...
本实用新型公开了一种带有气动计数控制器的三相计量分离器，它由分离器和气动计量装置组成，分离器上部设油气入口，旋流筒、整流聚结填料和丝网捕雾器，顶部有出气口，并设有流量计和压力控制阀，下部设有水出口，连接水相流量计和控制阀，中部有溢油堰板和油出口；油出口连接有气动计量装置，包括气动计数控制器和计量罐，气动计数控制器设有高/低液位输入口、高/低液位输出口、气源接口和放空口等六个接口，高低液位输入口分别接高低限液位开关，高低液位输出口分别接计量罐油出口和油进口的气动控制阀，高液位输出口另接有累计递增气动计数器；本实用新型有效实现油水气的高自动化三相计量分离，能实现在无动力电环境下的自动化气动计量。
30. 200942394 储油罐清洗的自动机械装置
CN
05.09.2007
B08B 9/08 Loading...
B08B 9/08
Loading...
200620131999.4
北京华油惠博普科技有限公司
黄松
B08B 9/08
Loading...
一种储油罐清洗的自动机械装置，它包括：待清洁油罐、清洁油罐、真空吸油罐，其特征在于：所述的待清洁油罐与真空吸油罐连通；真空吸油罐分两路管线：一路经回收泵单向阀至阀门；另一路经过滤器、污水泵、单向阀、至阀门又分两路：一路连通清洁油罐，清洁油罐经过阀门、过滤器、清洗泵经单向阀至阀门，在该阀门与过滤器之间设有阀门的排水管；另一路通过阀门分两路：一路至换热器，从换热器分别连通锅炉；另一路经两阀门至油水分离器分两路：一路连通水处理装置；另一路经过阀分两路：一路连通待清洁油罐，另一路至换热器。它实现了自动化流水作业，具有工期短、施工安全、省工省力、对环境的污染少、油品回收率高等优点。
31. 2856695 具有多个排砂斗的压力管道除砂器
CN
10.01.2007
F17D 3/08 Loading...
F17D 3/08
Loading...
200520147199.7
北京华油惠博普科技有限公司
黄松
F17D 3/08
Loading...
一种具有多个排砂斗的压力管道除砂器，属于油田开采中集输系统采出液的除砂技术领域。包括罐体容器，罐体容器的两端分别设有液体入口和液体出口，罐体容器的底部设置排砂斗，排砂斗内安装有排砂管和旋流流化装置，排砂管为L形弯管，进砂口为广口的漏斗形状，排砂管进砂口端垂直延伸到排砂斗的底部，出砂口位于排沙斗的外部；旋流流化装置由冲洗进水管和旋流器组成，旋流器套装在排砂管进砂口的上端，旋流器出口靠近排砂管进砂口，冲洗进水管沿旋流器的切线方向与旋流器上端连通，其另一端伸出排砂斗壁。该除砂器结构简单，能有效防止和消除沉积于排砂斗内的积沙造成的堵塞，使积砂具有流动性能，顺利的排出。
32. 2758469 单泵或多泵对多井组撬装式聚合物注入站
CN
15.02.2006
E21B 43/22 Loading...
E21B 43/22
Loading...
200420118402.3
北京华油惠博普科技有限公司
黄松
E21B 43/22
Loading...
本实用新型涉及一种油田三次采油用新型撬装式聚合物注入站，该聚合物注入站由聚合物母液贮罐撬、注聚撬、配水间撬、配电室撬和化验室撬围墙及其它建构筑物组成。该注入站采用单泵对多井注入的组合结构，还采用双层结构，即聚合物母液贮罐放置在上层，下层设过滤间、维修间及其它用房。本实用新型具有占地面积小、管理方便、流程简便、粘度损失小、投资低、模块化组装及二次拆装方便的特点。
33. 2732328 发泡原油立式内旋气液分离器
CN
12.10.2005
B01D 19/00 Loading...
B01D 19/00
Loading...
200420096174.4
北京华油惠博普科技有限公司
潘玉琦
B01D 19/00
Loading...
本实用新型公开了一种发泡原油立式内旋气液分离器，包括：立式气液分离器，设有原油入口、气出口、油、砂出口，其特征在于：所述的立式气液分离器由设有隔板将立式气液分离器分为上、下两个腔室；所述的旋流分离器设置在下腔室内，导气管连通旋流分离器与上腔室，原油入口以切线方向通向立式气液分离器下腔室内。它主要用于油田发泡原油的气液分离或类似原油介质的其它液体的气液分离，加快气中液滴的沉降速度，提高气液分离效率。该分离器具有内部结构紧凑，分离效率高，操作弹性大，适应范围广，占地面积小，生产运行安全可靠等特点。
34. 2726697 发泡原油双旋－重力卧式油、气、水、砂多相分离器
CN
21.09.2005
B01D 19/00 Loading...
B01D 19/00
Loading...
200420096175.9
北京华油惠博普科技有限公司
潘玉琦
B01D 19/00
Loading...
一种发泡原油双旋—重力卧式油、气、水、砂多相分离器，包括：分离器及原油入口、气出口、油、水、砂出口，所述的分离器的卧式筒体顶部设置预分离器，所述的卧式筒体由隔板和聚结填料分隔为水洗室、沉降室、油室和水室四腔室，在水室内设有油水界面调节装置。本实用新型用于处理发泡原油的油、气、水、砂分离过程中，具有针对性强，结构紧凑，各部分功能分明，破乳、消泡能力强，分离效率高，操作弹性大，适应范围广，安全可靠，适于陆上及海上油田的发泡原油的净化处理和较重质原油的多相分离。
35. 2704867 内外压力平衡式浮球液位控制装置
CN
15.06.2005
G05D 9/02 Loading...
G05D 9/02
Loading...
200420059584.1
北京华油惠博普科技有限公司
黄松
G05D 9/02
Loading...
一种内外压力平衡式浮球液位控制装置，它有设置于容器内的浮球，该浮球的球柄通过连杆机构联接容器出口阀的启闭装置，所述容器的顶部有孔与连通管相接，所述浮球上有孔连接一段软管，该软管与连通管相接，从而将浮球内部空间与容器顶部空间连通。在连通管的管路上安装有一个凝液分离器，该凝液分离器有排液阀，该排液阀排出连通管内的凝液。本实用新型是一种在任何压力下都能通过浮球的上下浮动来控制容器出口阀开度的装置，它用连通管使浮球内部空间与容器顶部空间连通，从而使浮球所受内外压力平衡，凝液分离器能够将连通管内的凝液分离出来并排出，软管使浮球能够自由上下浮动，这样不论容器内压力高低，浮球内外压力均处于平衡状态且能够正常使用。
36. 2609631 流化旋流反冲洗过滤装置
CN
07.04.2004
B01D 24/46 Loading...
B01D 24/46
Loading...
03242905.3
北京华油惠博普科技有限公司
黄松
B01D 24/46
Loading...
本实用新型属于水处理设备领域，涉及一种对来水中的油和悬浮物进行分离并在一个过滤过程结束后对滤料反冲洗从而使滤料再生的流化旋流反冲洗过滤装置。包括滤筒及相关管路，滤筒的筒体内设置有集水板、滤床、配水管、配水筒，筒体上设置有总进水管、总出水管，其滤筒内设置有旋流流化器，旋流流化器连通滤筒外的射流器，射流器连通水力旋流搓洗器；本实用新型结构简单，易于制作，使滤料再生，提高反冲洗效果，滤料洗净度高，经济实用。适用于水处理系统中过滤工艺的过滤装置。
37. 2575296 海上油田浮式生产储存装置专用油气水砂分离器
CN
24.09.2003
E21B 43/34 Loading...
E21B 43/34
Loading...
02257478.6
北京华油惠博普科技有限公司
肖荣
E21B 43/34
Loading...
一种海上油田浮式生产储存装置专用油气水砂分离器，包括一卧式封闭筒体，在筒体两端上部各设置有油气水砂混合物进口，在筒体中部设有可调水管，该水管连通进入油水的左、右腔室，该腔室中设有由排满均布孔眼的防浪板纵横交接成格状的防浪板组，相对两块防浪板的孔眼中心线错位，在靠中部的防浪板组上设有丝网补雾器，在两端防浪板组的外侧及相邻两组防浪板之间各设置有防浪分离内件，每组防浪分离内件的构造为：在筒体内腔中央设置有丁字形支撑架，在该丁字形支撑架的内腔中填装有倾斜设置的V字形的蛇形板，在各防浪分离内件下方分别设有集沙斗；本实用新型结构简单，能有效地抑制因FPSO的横、纵向摇摆及升沉运动对油气水砂分离器分离效果的影响，提高了分散相在连续相中的分离质量。
38. 2559790 水平－上向流节能型油气水砂分离器
CN
09.07.2003
B01D 57/00 Loading...
B01D 57/00
Loading...
02240795.2
北京华油惠博普科技有限公司
肖荣
B01D 57/00
Loading...
一种水平－上向流节能型油气水砂分离器，包括一封闭的卧式圆筒形钢质容器，容器的内腔分为游离水分离区和乳化水分离区两部分：游离水分离区内设置有由干管和支管组成的管式布液器，每一支管各对正一设置于下部的蝶式消能器，该管式布液器上有水管连通设置于容器壁外的气液分离包，邻近管式布液器设置有防浪板，聚结填料，纵向设置有整流分离填料和除油除砂内件；在容器中部设有水室，水室内装有两个可调水管；乳化水分离区内设置有布液槽，集油槽，聚水管，在乳化水分离区上方的容器壁上设置有气体除液包，在下部容器壁上设置有若干排砂口。本实用新型在处理油井产出的油气水砂混合物时，能使加热原油所需热耗减少40～50％，并能有效地排除分离出的砂。
39. 2503960 板槽式布液双向流热化学分离器
CN
07.08.2002
B01D 17/02 Loading...
B01D 17/02
Loading...
01208474.3
北京华油惠博普科技有限公司
黄松
B01D 17/02
Loading...
一种把高含水中质及轻质油气水混合物分离成单一的油气水产品的板槽式布液双向流热化学分离器,它是在已有的卧式钢制容器上增加一个段塞流捕集分配器、一个气体除油器,容器内安装二个板槽式布液器,二段聚结填料及一个集油槽。本分离器在处理高含水轻质及中质油气水轻质及中质油气水混合物时,能使出口原油含水≤0.5%,脱出污水含油≤1000mg/L,气中含液量≤0.01g/m3,单位容积日处理液量可达120～140m3/m3.d。具体结构见附图。
40. 2504256 组合式除油器
CN
07.08.2002
C02F 1/52 Loading...
C02F 1/52
Loading...
01208713.0
北京华油惠博普科技有限公司
黄松
C02F 1/52
Loading...
组合式除油器是一种把含油小于1000mg/L的污水处理成含油小于50mg/L的污水的卧式圆筒形容器,它由一个卧式钢制圆筒形容器和其顶部安装的旋流分离器组成。筒体内安装有两级亲油型聚结填料和一组斜板。来水先进入旋流分离器除去大部分含油,再进入圆筒形容器依次经过各级填料脱除含油污水中的剩余原油,在旋流分离器出口投加絮凝剂,用量≤100mg/L。具体结构见附图。
41. 2500366 稠油及特稠油油气分离器
CN
17.07.2002
B01D 19/00 Loading...
B01D 19/00
Loading...
01261038.0
北京华油惠博普科技有限公司
肖荣
B01D 19/00
Loading...
本实用新型属于油田原油分离设备,涉及一种稠油及特稠油与其伴生气的油气分离器。其筒体上设置有一个分气包和一个除液包,筒体内设置有机械消泡装置、防浪破泡网板、破沫网、蛇型板整流除雾器;解决了含气量为20—70Nm3/t的稠油及特稠油分离过程中,气泡自然破裂所需时间长、气泡在稠油及特稠油中浮升速度慢所引起的油气分离效果差的问题,采用在分气包内进行气连续相与稠油及特稠油的分离,在筒体内利用消泡板上的锯齿形拉泡板及破泡网破坏被液膜包围的气泡,在除液包内除去气体携带的液滴;本实用新型在处理含气量较大的稠油及特稠油时具有良好的油气分离效果,分离后的气体含液量≤0.05g/Nm3,稠油及特稠油中粒径≥150μm的气泡脱出率≥98.5%。
42. 2476323 压力管道式除砂器
CN
13.02.2002
B01D 21/00 Loading...
B01D 21/00
Loading...
00243719.8
北京华油惠博普科技有限公司
黄松
B01D 21/00
Loading...
一种用于石油开采过程中除去采出液内含油泥砂的压力管道式除砂器。主体由一段卧式管状容器及其下部的两个变锥形容器或多个锥形容器以及底部撬座组成,内装有旋进式减阻头,多级翼板组合填料,料位开关。来液经旋进式减阻头整流进入除砂器后,依次进入布液板、多级翼板组合构件,含油泥砂沉至多级翼板壁后滑入集砂斗中。来液中的天然气经自动排气阀排出,集砂斗中的集砂至一定高度后经料位仪表检测排出集砂斗,处理后液体经出口流出。
43. 2434648 内部压力平衡式流量调节阀
CN
13.06.2001
G01F 1/50 Loading...
G01F 1/50
Loading...
00245614.1
北京华油惠博普科技有限公司
白明垠
G01F 1/50
Loading...
一种内部压力平衡式流量调节阀,其阀体有呈锥台形内腔,一压盖以法兰连接于阀体,该压盖有伸入阀体内腔的空心圆套,阀芯装在阀体内腔中,其上部圆柱伸入压盖的空心圆套内,该外圆有环槽内装密封圈,其下部外圆呈圆锥台状与阀体的锥合形内腔相应,形成三个流通面积连续渐变的环锥形通道,阀芯顶部固接有连接轴,该连接轴连接驱动机构;本实用新型用于油田三次采油注聚工艺过程中,驱动轻松自如,降低投资。

