1. 106585429 一种无电冲击新型电气化铁道过分相系统及其控制方法
CN
26.04.2017
B60M 3/04 Loading...
B60M 3/04
Loading...
201510667956.1
华东交通大学
宋平岗
B60M 3/04
Loading...
一种无电冲击新型电气化铁道过分相系统及其控制方法，其系统包括，接触网A和接触网B之间设置有接触网过渡段N，接触网过渡段N的两端串联分相绝缘器。接触网A和接触网B由牵引变电所供电，接触网过渡段N由换流器逆变供电。在过分相系统的分相绝缘器的两侧位置分别安装在检测传感器。在机车过分相的过程中，调节换流器逆变输出电压幅值和相位，保持接触网过渡段N与前后两段接触网电压幅值、相位相同，实现机车无电冲击过分相。该系统结构简单、投资较少，便于实施，且能更简便的实现机车不断电且无电冲击的过分相。
2. 206118862 手动升降捕鱼网
CN
26.04.2017
A01K 71/00 Loading...
A01K 71/00
Loading...
201620457507.4
宋林华
宋林华
A01K 71/00
Loading...
一种手动升降捕鱼网，是一种捕鱼器械，是将许多小片鱼网在水中用渔网片连接装置连接拼合成一片大网；手动升降捕鱼网使用自成序列的鱼网浮子卡挂在渔网上，并使用自成序列的渔网坠子插挂在渔网浮子上，使整片渔网沉入水底，用诱捕、驱赶等方法将鱼虾集中于渔网中心区域，起网时用拉绳解锁装置上的拉绳拽拔出解锁插棍条，使网坠子与渔网浮子脱离接触，使鱼网网浮子带着边缘鱼网片上升形成网箱，将鱼虾困在鱼网箱内。手动升降捕鱼网制造简单，使用方便，节省人力，适合在各种水面捕鱼，尤其适合在大的江河、湖泊、池塘以及大海中捕捞鱼虾。
3. 106577526 笼养式育雏育成一体化养殖方法
CN
26.04.2017
A01K 67/02 Loading...
A01K 67/02
Loading...
102016001178727
白银华辰生态农林科技有限公司
宋福发
A01K 67/02
Loading...
本发明涉及一种笼养式育雏育成一体化养殖方法，其特征在于包括以下主要技术要点：采用A型三层育雏育成笼，舍内用热风炉进行采暖，随着雏鸡的长大不断分群，直至将三层所有鸡笼装满；育成期密度为每只笼装8‑9 只，雏鸡开食不宜过早，在雏鸡饮水2‑3h后喂料，少喂勤添，育成期温度控制在18‑25℃；育成期保持每天光照10h；在育成后期即90天左右，对超过或低于标准体重的育成鸡转群。适度分群，使鸡群均匀度高，降低了雏鸡受惊后扎堆引起的大量死亡，成活率达98.2%以上；通过采用分群饲养，转群调节补救的方式，使体重达标率高、发病率低、从而降低了生产成本。
4. 206127995 观光人工水池防渗结构
CN
26.04.2017
E02B 3/16 Loading...
E02B 3/16
Loading...
202016000655878
深圳市华田园林绿化有限公司
王金荣
E02B 3/16
Loading...
本实用新型公开了一种观光人工水池防渗结构，改善了现实生活中由于观光人工水池渗漏水量过大，带给人们观赏、用水量过大和维护等方面的诸多问题。其技术方案要点是:包括依次叠加铺设于地基上的防渗膜和缓冲层，所述缓冲层和防渗膜间设有防水的硬质塑料层，所述硬质塑料层包括若干个密封连接的塑料板，所述塑料板内部设有多个增加塑料板防冲击能力的空腔，从而保护防渗膜，达到更好防渗的目的。
5. 206118510 屋顶绿化移动花架及该花架的排布结构
CN
26.04.2017
A01G 9/02 Loading...
A01G 9/02
Loading...
202016000655990
深圳市华田园林绿化有限公司
丘万福
A01G 9/02
Loading...
本实用新型公开了一种屋顶绿化移动花架及该花架的排布结构，花架包括底座，所述底座设置有滑轨，所述底座相对于所述滑轨的背面至少设置有均呈封闭图形设置的第一分隔框和第二分隔框，所述第一分隔框位于所述第二分隔框内；一种屋顶绿化移动花架的排布结构，包括固定轨和一种屋顶绿化移动花架。本实用新型的优点在于产品具有较强的新创意，结构简单，种植区域分明，区分更加合理，使得种植效果更加美观。
6. 106602610 一种风电场等值模型的建立方法
CN
26.04.2017
H02J 3/38 Loading...
H02J 3/38
Loading...
201710090073.8
华北电力大学
毕天姝
H02J 3/38
Loading...
本发明公开了一种风电场等值模型的建立方法，首先在RTDS仿真平台的Draft上建立扫频模块和激励源主电路；建立电网的详细模型，并将电网中的电源置零；在RTDS仿真平台的Runtime中编写批处理脚本，实时改变Draft中受控电压源的输出值，将扫频电压、电流显示在特定图像中，并作为数据保存在指定文件夹中；根据扫频电压、电流数据计算各个频率下的导纳值，并在Matlab上采用矢量拟合函数将对地导纳、互导纳拟合为有理函数；将拟合所得的有理函数以一定格式保存在指定的文本文件中。利用上述方法建立的等值模型能够较准确地还原风电场的电磁暂态响应，从而为风电场接入电网的电磁暂态特性研究奠定基础。
7. 106594410 电加热高压挠性复合管
CN
26.04.2017
F16L 11/08 Loading...
F16L 11/08
Loading...
102016001205793
北华大学
郑娜
F16L 11/08
Loading...
电加热高压挠性复合管，能作为生产线动态工位的物料输送管使用，复合管从内至外依次由聚四氟乙烯管、加强层、电加热层、绝缘层、保温层、波纹护套层构成，在复合管一端的加强层与保温层间的层结构中装有温度传感器，复合管的两端分别装有管接头，所述的加强层是金属编织网或由在聚四氟乙烯管外表面呈螺旋式缠绕的金属线构成，所述的电加热层是由在加强层外表面呈螺旋式缠绕的电热线构成，所述的绝缘层是玻璃纤维绝缘布或硅树脂玻璃纤维绝缘布或硅橡胶绝缘布，绝缘层的一部分缠绕在电热线的螺旋间隙中，另一部分包在电加热层上，本技术的复合管通用性高，适用性好，能耐高温高压，可提高生产效率。
8. 106590153 一种利用新癸酸钴改性制备的油墨及工艺
CN
26.04.2017
C09D 11/06 Loading...
C09D 11/06
Loading...
102016001099132
林志华
林志华
C09D 11/06
Loading...
本发明公开了一种利用新癸酸钴改性制备的油墨及工艺。该油墨组分含有：植物油酯、乙醇胺、聚合松香树脂、水溶性丙烯酸树脂、水性丙烯酸色浆、新癸酸钴及助剂。其油墨的制备工艺是，首先将植物油脂、乙醇胺、有机硅消泡剂、润湿剂与适量水一起混合、过滤，再与水溶性丙烯酸树脂、聚合松香树脂和水性丙烯酸色浆混合均匀、过滤，通过添加新癸酸钴和有机硅消泡剂，过滤即得油墨产品。该制备工艺中，干燥助剂使用量少、成本低、使用方便。
9. 106576906 一种食用菌菌棒式全自动接种机
CN
26.04.2017
A01G 1/04 Loading...
A01G 1/04
Loading...
102016001105358
丽水市林业科学研究院
应国华
A01G 1/04
Loading...
一种食用菌菌棒式全自动接种机，涉及一种食用菌菌棒接种的设备。包括接种机箱体，其特征在于：所述接种机箱体内还设有放菌棒装置，碎种装置，分料装置，压种装置和菌棒推出装置。上述的全自动接种机，结构独特，合理，接种环境可控、菌种损伤小，菌种分配均匀，接种成品率和效率高，适合于香菇、黑木耳等食用菌的菌棒式打孔接种，该装置可以满足在大棚、普通室内、洁净室等多种环境条件下使用。
10. 206125837 一种新型香片结构
CN
26.04.2017
B65D 75/28 Loading...
B65D 75/28
Loading...
201620775580.6
林振华
林振华
B65D 75/28
Loading...
本实用新型专利涉及一种新型香片结构，包括外层锡片保护膜（10）和内层纳米膜（20），包装盒（100）内装有香片（30），所述外层锡片保护膜（10）和内层纳米膜（20）之间形成一折痕（30）。本实用新型采用香片包装双层隔离技术；外层锡片隔离，内层纳米膜隔离；外部锡片隔味，防止香片挥发；内层纳米膜隔离液体但不会阻止香味挥发。
11. 206125735 一种新型香片盒
CN
26.04.2017
B65D 25/10 Loading...
B65D 25/10
Loading...
201620775716.3
林振华
林振华
B65D 25/10
Loading...
本实用新型专利涉及一种新型香片盒，包括本体（20）和至少一个卡槽（10），该卡槽（10）开口从外到内由大变小。本实用新型采用卡槽运用渐消设计，开口从外到内由大变小，便于装存的同时能够保证本机专用的香片包放入后的稳定性。
12. 206134583 一种新型电动后视镜开关
CN
26.04.2017
H01H 25/00 Loading...
H01H 25/00
Loading...
202016000887707
万林华
万林华
H01H 25/00
Loading...
本实用新型提供一种新型电动后视镜开关包括左滑块、左按钮、调整按钮、调整标识导光体、折叠按钮、折叠按钮滑块、折叠按钮导光体、换向圈、顶杆、右按钮、右滑块、外壳、橡胶垫、线路板、底座、接线插口和激光打标区，所述的调整按钮安装在外壳的上部中间位置，所述的左按钮安装在调整按钮的左部，所述的右按钮安装在调整按钮的右部，所述的折叠按钮卡接在调整按钮的中间位置，所述的左滑块安装在左按钮的下部。本实用新型通过折叠按钮的设置，有利于方便用户快速的收缩汽车后视镜、操作方便；采用腕表式设计，提升了开关的高级档，有利于提高产品的美观程度。
13. 206128534 一种瓷砖干挂装置
CN
26.04.2017
E04F 13/22 Loading...
E04F 13/22
Loading...
202016001202607
林清华
孟庆君
E04F 13/22
Loading...
本实用新型公开了一种瓷砖干挂装置，主要涉及装修技术领域。包括龙骨，所述龙骨包括底板，所述底板上对称设置T型架，所述底板上设有若干个膨胀螺栓，所述龙骨上设置若干个瓷砖固定件，所述瓷砖固定件与龙骨滑动连接，所述瓷砖固定件包括与T型架相适应的T型滑块，所述T型滑块上设置支撑柱，所述支撑柱上设置卡板。本实用新型的有益效果在于：它适用于各种墙体，能够快速牢固的安装瓷砖，能够避免瓷砖空鼓、脱落，能够减少建筑整体负重，能够便于二次装修，拆换自由，能够二次利用，节约能源，能够减少建筑垃圾的产生，能够节约大量的人力资源。
14. 206124870 大巴餐饮服务流动车
CN
26.04.2017
B60P 3/025 Loading...
B60P 3/025
Loading...
201621209858.X
林华
林华
B60P 3/025
Loading...
大巴餐饮服务流动车，包括大巴车车身本体，车身本体的前部设有生产操作区，车身本体的后部设有就餐区，车身本体前部设有车门，车门通过L型过道与就餐区相连。所述生产操作区下方的车身本体底部设有水循环系统，就餐区下方的车身本体底部设有发电机和电池组。所述车身本体顶部设有顶棚空调装置、招牌板、太阳能装置。所述车身本体的顶部还安装有电动雨遮，电动雨遮下方设有液压侧门装置。本实用新型能提供的电源功率大，可以满足生产萃取设备所需的大功率要求，而且在发电机过电保护的情况下，仍可以正常工作。同时，本实用新型设有宽敞、优质、舒适的就餐区，不管刮风下雨日晒，都能保障消费者的用餐环境以及移动式的消费享受。
15. WO/2017/063267 SCOOTER
WO
20.04.2017
B62M 6/00 Loading...
B62M 6/00
Loading...
PCT/CN2015/098076
WENG, Linhua
WENG, Linhua
B62M 6/00
Loading...
A scooter, comprising a rear wheel (1), a base (2), a connection rod (3), a front fork (4), a joint pipe (5), an upright rod (6), a controller (7), a motor (8), a battery (9) and a handlebar (10), wherein the rear wheel (1) is mounted on the rear end of the base (2), the front end of the base (2) is connected to the joint pipe (5) by means of the connection rod (3), the joint pipe (5) is sleeved on the front fork (4), the upright rod (6) is sleeved on the front fork (4), the motor (8) is mounted on the front fork (4), the handlebar (10) is mounted on the upright rod (6) by means of a handlebar fixing sleeve (11), the upright rod (6) is hollow, and the battery (9) is disposed inside the hollow chamber of the upright rod (6). By integrating the battery (9) and the controller (7) in the hollow chamber of the upright rod (6), the scooter has a compact structure, simple and clear wiring, and a beautiful appearance. Driving the scooter by human power is as easy as driving other common scooters. Waterproof properties of the battery and the controller are greatly improved, and damage to the battery can further be reduced, thereby extending the service life of the battery.
16. 206114363 一种一次性尿液检验取样杯
CN
19.04.2017
G01N 1/20 Loading...
G01N 1/20
Loading...
202016001144985
许扬
许扬
G01N 1/20
Loading...
本实用新型涉及一种一次性尿液检验取样杯，属医疗器械技术领域。该取样杯包括样杯本体和顶盖，顶盖密封扣合在样杯本体上，顶盖的顶部中心处设置有取样孔；取样孔上设置有封堵穿刺片，样杯本体上设置有透视窗，透视窗一侧样杯本体上设置有刻度值，样杯本体的外表包裹有防污套。该取样杯具有设计合理、结构简单、使用方便、干净卫生、取样方便的特点，使用过程中可有效避免尿液溅出以及气味外溢污染环境的问题；给尿液检验工作带来了便利，有效提高了医护人员的工作效率。特别适用于尿液检验取样使用。
17. 104624606 填埋场垃圾机械分选处理回收资源化利用方法及装置
CN
19.04.2017
B09B 3/00 Loading...
B09B 3/00
Loading...
102014000805731
李奎范
权秀吉
B09B 3/00
Loading...
本发明公开了垃圾机械分选处理回收资源化利用方法及装置，方法包括：包括以下工序：填埋垃圾分选工序；分选土沙分选工序；分选土沙再利用工序；和可燃性垃圾再利用工序。本发明的垃圾机械分选处理回收资源化利用方法日处理填埋场垃圾量大、区分各类垃圾废弃物并回收利用，土沙再利用制造有机肥，将可加工成再利用制成燃料，充分实现垃圾废弃物能源化，节省资源，废物利用。
18. 106563296 沉淀式海水淡化装置
CN
19.04.2017
B01D 21/02 Loading...
B01D 21/02
Loading...
102015000666918
华洪林
华洪林
B01D 21/02
Loading...
一种沉淀式海水淡化装置，只要把海水从海水进入管道(1)进入锥形体园形搅拌沉淀池(3)，经搅拌电机(6)搅拌，经出水连接管(4)进入第二个锥形体园形搅拌沉淀池再次进行搅拌沉淀后再送到下一级搅拌沉淀池再次进行搅拌沉淀，直至达到饮用水的标准再从沉淀后出水管(2)里输送到供水站供市民饮用。沉淀物从沉淀物排出管(5)里排出。
19. 106576041 客户端与服务器之间相互验证的方法
CN
19.04.2017
H04L 9/12 Loading...
H04L 9/12
Loading...
112015000034939
林建华
林建华
H04L 9/12
Loading...
公开了一种在客户端与服务器之间相互验证的方法。所述方法包括：经由电信链路接收请求，所述请求包括服务器的地址；接收验证数据；用服务器的私钥对验证数据进行解密；根据已解密的验证数据识别客户端的账户身份(ID)；生成第一登录令牌；生成包括第一登录令牌和服务器的统一资源定位符(URL)的登录消息；用客户端的公钥对登录消息进行加密；经由电信链路发送登录消息；接收包括账户ID和第二登录令牌的登录请求；以及确定第二登录令牌是否与第一登录令牌匹配。
20. 104974021 一种采用硫酸改性处理纳米级HZSM‑5催化剂制备二低碳烷氧基甲烷的方法
CN
19.04.2017
C07C 41/56 Loading...
C07C 41/56
Loading...
102015000365097
南京林业大学
朱新宝
C07C 41/56
Loading...
本发明公开了一种采用硫酸改性纳米级HZSM‑5催化剂制备二低碳烷氧基甲烷的方法：原料为甲醛溶液和低碳醇，在硫酸改性处理纳米级HZSM‑5催化剂作用下进行釜式反应精馏，反应温度为50~120℃，回流比为1:1~4:1；收集35~80℃馏份，制得二低碳烷氧基甲烷粗品；硫酸改性处理纳米级HZSM‑5催化剂循环使用；其中，低碳醇为甲醇、乙醇或其混合物；甲醛与低碳醇摩尔配比为1:2.5~1:6；硫酸改性处理纳米级HZSM‑5催化剂用量为反应物总质量的1~5%。本发明在提高转化率的条件下，开发了活性高、选择性好、易回收、寿命长的固体酸催化剂，减少了环境污染，使之能够用于工业领域大规模生产。
21. 105563578 速生材改性浸渍剂及浸渍高温一体化处理方法
CN
19.04.2017
B27K 3/08 Loading...
B27K 3/08
Loading...
102015000948076
广东省宜华木业股份有限公司
徐伟
B27K 3/08
Loading...
本发明是速生材改性浸渍剂及浸渍高温一体化处理方法，包括如下步骤：（1）改性脲醛树脂浸渍剂的制备；（2）速生材制材至备料阶段处理；（3）高温绝干处理；（4）浸渍高温一体化处理；（5）陈放养生及检验入库。本发明的优点：1）改性浸渍剂是在常规脲醛树脂浸渍剂的基础上添加纳米材料，利用超声波搅拌制成悬浮液，该改性浸渍剂改性效果在硬度、耐磨性、尺寸稳定性等方面较常规脲醛树脂浸渍剂更好，并且制备工艺简单，条件温和，便于操作。2）能够较好的提升杨木、杉木等速生材的物理和力学性能；能够实现速生材广泛应用，节约了高档木材的消耗，拓宽了用材渠道，提高了速生材的附加值和技术含量，实现了劣材优用。
22. 206100889 多种种子播种机
CN
19.04.2017
A01C 7/16 Loading...
A01C 7/16
Loading...
201620311918.2
林华天
林华天
A01C 7/16
Loading...
一种多种种子播种机，包括支架上的储料斗，放种管、支撑轴与上方的弹簧套在支架管内、下端伸至支架下方，支撑轴设于储料斗的侧边；储料斗上有进料口，固定在支架的顶部且底面开设有出料口；放种装设于储料斗下方一侧的支架上，下端连接鸭嘴上方口，储料斗壁下方有与移料斗配合的轨道，其特征在于：(1)储料斗下方与放种管上方设有一板上面开口的移种坑，移料斗一端与连接片拐形摆动板支撑轴相连接，该移料斗两边设有移动滑轨与轨道配合移动，(2)在拐形摆动板与连接片或移料斗之间设有灵活装卸的螺丝或小轴。
23. 206108074 一种智能垃圾桶
CN
19.04.2017
B65F 1/06 Loading...
B65F 1/06
Loading...
202016000928045
林华宾
林华宾
B65F 1/06
Loading...
本实用新型涉及一种智能垃圾桶，其壳体内设有送袋装置、开袋装置和控制电路板，开袋装置包括有固定开袋机构和活动开袋机构；固定开袋机构包括第一夹板、第一转轴、第一开袋电机、第一磁吸部和第一底板，活动开袋机构包括第二夹板、第二转轴、第二开袋电机、第二磁吸部、第二底板和水平驱动组件，第一夹板和第二夹板分别转动地安装在第一底板和第二底板上、并分别与第一开袋电机和第二开袋电机驱动连接，第一磁吸部和第二磁吸部分别设置在第一底板和第二底板上，且第二底板可水平移动安装在水平驱动组件上。这样，即可实现自动套袋，并避免垃圾袋掉落、袋口打不开的问题，性能稳定、可靠，且结构巧妙、紧凑，生产加工容易、成本低，市场竞争力强。
24. 206116712 一种工业连接器插头
CN
19.04.2017
H01R 13/44 Loading...
H01R 13/44
Loading...
201621074414.X
林顺华
林顺华
H01R 13/44
Loading...
本实用新型公开一种工业连接器插头，包括外壳和外壳内部的内芯部件，所述外壳上设有与插座卡接配合的卡扣，所述内芯部件包括与插座配合的连接孔，所述连接孔内设有与插座电性连接的插针，所述插针外端部低于插头外端面。由于插头的插针外端部低于插头外端面，即插针设置在插头内，可以保护插针在不使用的时候不容易被外物弄歪甚至弄断，使用时先对位插针外围的连接孔，连接孔对位成功才能连接插针，可以避免连接孔不匹配的时候插头强行插进插座造成对插针的压迫进而导致插针倾斜甚至断裂，在存储过程中也可以加强插针的防水防尘效果。
25. 104229344 防溃仓引流装置
CN
12.04.2017
B65D 90/00 Loading...
B65D 90/00
Loading...
201410417178.6
刘晓军
刘晓军
B65D 90/00
Loading...
本发明属于原煤仓、缓冲仓防溃仓的技术领域，具体涉及一种防溃仓引流装置。本发明解决了现有的煤仓防溃措施治标不治本，不能从源头上防止溃仓的问题，包括沿煤仓内壁等间距分布并紧贴煤仓内壁安装的若干引流管，各引流管的底部均与煤仓外的主引流管连接，所述各引流管上连接有若干引流口，引流口的布置方式为上疏下密。本发明装置结构紧凑、施工方便，能将煤仓内物料中95%以上的水引流至仓外，引流效果好，从源头上杜绝了溃仓事故的发生；并使引流下的污水和含水物料分离，水沉淀后可重复使用，降低了原煤含水量，使物料进入洗选系统后能有效减轻压滤和脱水设备的负担，提高产品含水合格率。
26. 206091911 锚杆机风泵进排气系统
CN
12.04.2017
E21B 21/07 Loading...
E21B 21/07
Loading...
201621110239.5
中国神华能源股份有限公司
石浪
E21B 21/07
Loading...
本实用新型实施例公开了一种锚杆机风泵进排气系统，其包括第一风机、除尘箱和喷雾装置，第一风机上具有排气口和补气口，除尘箱上具有第一进口、第三进口和出渣口，第一风机的排气口与第一进口连接，第一风机的补气口与第三进气口连接，喷雾装置用于向除尘箱内喷雾降尘，出渣口用于将除尘箱内的泥水排出。利用本实用新型实施例能够避免风泵卡死，降低风泵的损坏率，还可降低粉尘浓度，提高锚杆机支护的作业环境。
27. 206078216 一种多功能园林修剪工具
CN
12.04.2017
A01G 3/08 Loading...
A01G 3/08
Loading...
201621125048.6
梁飞林
梁飞林
A01G 3/08
Loading...
本实用新型公开了一种多功能园林修剪工具，涉及农业工具领域，该多功能园林修剪工具的伸缩杆一端设有弧形的弯头，弯头端部固定设有圆环形的撸叶环，伸缩杆侧面固定设有修剪刀和振锤。使用时园林管理人员可手握伸缩杆，将弯头上的撸叶环套入树枝中，利用撸叶环将树枝上的枯叶刮掉，还可使用振锤锤击树干，将枯叶震落，修剪刀用来砍断树木高处的枯树枝，帮助树木顺利过冬。该多功能园林修剪工具使用方便，功能多样，结构坚固耐用。
28. 206096489 一种微震信号采集装置
CN
12.04.2017
G01V 1/28 Loading...
G01V 1/28
Loading...
201621026468.9
中国神华能源股份有限公司
杨俊哲
G01V 1/28
Loading...
本实用新型公开一种微震信号采集装置，包括：壳体、以及设置在壳体内的前置放大器模块、低通滤波器模块、自动增益控制模块、A/D转换电路模块、控制模块和CAN通信模块；所述前置放大器模块的输入端与微震信号采集装置的输入端信号连接，所述CAN通信模块的输出端与微震信号采集装置的输出端信号连接。本实用新型通过增加自动增益控制模块，使得提高了动态范围、信噪比，抗干扰能力等方面的性能，同时降低了对高比特位A/D转换器的要求。
29. 206096348 手术带电器具绝缘检测装置
CN
12.04.2017
G01R 31/12 Loading...
G01R 31/12
Loading...
201620844730.4
扬州市第一人民医院
马克杰
G01R 31/12
Loading...
手术带电器具绝缘检测装置是为医院使用专门设计的，由绝缘检测仪、正极连线、负极连线、负极基座及水槽组成。手术带电器具绝缘检测装置采用全新的检测方法能对不同的手术带电器具的绝缘性能进行快速的检测，将检测绝缘电阻的方法从一根导线中心金属对导线外层的绝缘层一点、一点的绝缘电阻的测量，变成二根导线间绝缘电阻的测量或一根导线对一环圈绝缘电阻的测量。检测分为硬件检测与软件检测。
30. 206083717 汽车刹车系统用接头及其冲头治具
CN
12.04.2017
B21J 5/08 Loading...
B21J 5/08
Loading...
202016001087321
邹星辉
林文华
B21J 5/08
Loading...
本实用新型公开了一种汽车刹车系统用接头及其加冲头治具，汽车刹车系统用接头，包括连接头、油管接头，连接头和油管接头之间设六面的扳手部，油管接头包括外套管和针芯，针芯和连接头之间贯通一通孔，外套管和针芯的长度一致或近似一致，外套管和针芯的底部之间为一环形圆台面，环形圆台面包括平面和锥面，所述锥面与通孔的轴心线之间的夹角在75°至80°之间，环形圆台面与外套管和针芯的连接过渡处分设圆弧倒角，所述圆弧倒角的半径为0.3至0.6mm，外套管、针芯、连接头与扳手部一体成型；本实用新型结构简单，加工工艺简单，针芯和外套管之间一体化设计，产品的使用寿命及稳定性增强。
31. 206085406 一种注塑机废料回收用压料车
CN
12.04.2017
B29B 17/04 Loading...
B29B 17/04
Loading...
201621059965.9
吉林省华翼汽车零部件有限公司
陈中殊
B29B 17/04
Loading...
本实用新型公开了一种注塑机废料回收用压料车，包括底部车架、顶部车架、推料机构、压料机构，所述推料机构包括推料气缸、推料臂A、推料臂B，推料气缸的后端安装在气缸铰接座上，推料气缸的前端气缸杆连接“U”型支架，“U”型支架的一侧翼与推料臂A的一端连接，“U”型支架的另一侧翼与推料臂B的一端连接，推料臂A的另一端连接在推料臂支撑座上，推料臂支撑座安装在顶部车架上；压料机构包括上压板、下压板，上压板的一端为自由活动端，另一端通过铰链与下压板活动连接，下压板固定安装在底部车架和顶部车架的连接处。通过采用推料机构和压料机构的相互作用，能够实现废料再利用，节约了成本，且操作简单、经济实用。
32. 206092595 一种用于组装的金属卡紧件
CN
12.04.2017
F16B 1/00 Loading...
F16B 1/00
Loading...
201621060675.6
吉林省华翼汽车零部件有限公司
关磊
F16B 1/00
Loading...
本实用新型公开了一种用于组装的金属卡紧件，涉及一种汽车内饰金属件的卡紧结构。本实用新型为一体机构，包括底板和圆柱形大凸台，底板与大凸台的连接处设有直径大于大凸台的小凸台，金属卡紧件中间为圆柱通孔；所述大凸台外壁最上部设有凸起的尖角。本实用新型达到的有益效果为：大凸台为圆形，使得三个尖角卡接到塑料件产品中受力均匀，并且通过金属件的三个尖角来增加过盈量，原来金属件的设计也是三个过盈点，但是为圆角，本实用新型改为尖角，尖角可以将金属嵌入到塑料件内，达到装配后不松动的目的，增加了与塑料件之间的卡紧力，卡紧效果好，装配后不易松动脱落，满足使用要求。
33. 206083190 固定式篦耙清污机
CN
12.04.2017
B08B 1/00 Loading...
B08B 1/00
Loading...
202016001051922
郑州华林清污起重设备有限公司
李新亚
B08B 1/00
Loading...
本实用新型公开了一种固定式篦耙清污机，用于电站水轮机进水口或泵站引水口拦污栅的清污工作，包括机架（1）、臂架（2）、篦耙装置（3）、集污装置（4）、液压油缸（5）、液压泵站及管路系统（6），与现有技术不同的是，所述的机架（1）固定在地面基础上，所述的臂架（2）一端与机架（1）铰接，另一端伸出有横梁（2.1），横梁（2.1）上栓接篦耙装置（3），所述的液压油缸（5）一端与机架（1）铰接，另一端与臂架（2）铰接。该清污机结构简单，不受过栅流速和水流冲击影响，不需要专门设置轨道，适用范围广，工程造价低。
34. 206082546 丙烯保护床的再生装置
CN
12.04.2017
B01J 20/34 Loading...
B01J 20/34
Loading...
202016001070427
神华集团有限责任公司
马颖足
B01J 20/34
Loading...
本实用新型提供了一种丙烯保护床的再生装置。该再生装置包括第一丙烯保护床，设置有泄压口，再生装置还包括丙烯回收罐，丙烯回收罐与泄压口经丙烯回收管路相连。将第一丙烯保护床的泄压口与丙烯回收罐相连通，这有利于回收从泄压口排出的混合气体中的丙烯气，从而减少了再生过程中丙烯的浪费，进而提高了丙烯的回收率。
35. 206085526 一种可互换镶块的汽车左下护板用注塑模具
CN
12.04.2017
B29C 45/26 Loading...
B29C 45/26
Loading...
201621059958.9
吉林省华翼汽车零部件有限公司
潘春阳
B29C 45/26
Loading...
本实用新型公开了一种可互换镶块的汽车左下护板用注塑模具，包括定模、动模、定模座、动模座、型腔件、型芯件，所述定模固定设置在定模座的下方，所述动模固定设置在动模座的上方，所述型腔件安装在所述定模的下方，所述型芯件安装在所述动模的上方，且所述型腔件型芯件相配合形成一成型腔室，在所述成型腔室内设置有安装组件，所述安装组件将不带孔镶块或带孔镶块安装在成型腔室中。本实用新型结构简单、设计合理，采用同一套注塑模具并能够互换镶块，通过互换镶块来满足不同配置的产品需求，这样节省了注塑模具的生产成本，提高了工作效率。
36. 206088518 一种割皮机
CN
12.04.2017
B65H 20/16 Loading...
B65H 20/16
Loading...
201621060368.8
吉林省华翼汽车零部件有限公司
陈中殊
B65H 20/16
Loading...
本实用新型提供了一种割皮机，该割皮机包括：支架，与所述支架转动连接并用于穿设成卷皮革的转轴；固定在所述支架上的牵引气缸，且所述牵引气缸的活塞杆上设置有用于抓取皮革端部的气动手指，其中，所述活塞杆的长度方向与所述转轴的长度方向垂直；还包括：还包括滑动装配在所述支架上并用于切割所述皮革的切割刀架，且所述切割刀架的滑动方向平行于所述转轴的长度方向；驱动所述切割刀架滑动的无秆切割气缸。本实用新型的有益效果是：实现了机械化切割皮革，减少了人工成本，实现一个流自动化生产，提高了工作效率。
37. 206087982 具有灭火结构的垃圾箱
CN
12.04.2017
B65F 1/00 Loading...
B65F 1/00
Loading...
201621038328.3
北京三辰环卫机械有限公司
郑建坤
B65F 1/00
Loading...
本实用新型提供了具有灭火结构的垃圾箱，包括：垃圾箱壳体，具有容纳垃圾的容纳空间；灭火装置，灭火装置包括检测单元和灭火单元，灭火装置设置在容纳空间内并与垃圾箱壳体相连接；控制单元，控制单元与灭火装置相连接，以根据检测单元的检测结果控制灭火单元的开启。本实用新型的技术方案有效地解决了现有技术中的垃圾箱内着火时，垃圾箱无法进行自动处理的问题。
38. 206088005 具有报警单元的垃圾箱
CN
12.04.2017
B65F 1/14 Loading...
B65F 1/14
Loading...
201621038413.X
北京三辰环卫机械有限公司
张雅晶
B65F 1/14
Loading...
本实用新型提供了具有报警单元的垃圾箱，包括：垃圾箱主体；倾倒传感器，倾倒传感器设置在垃圾箱主体上；报警单元，报警单元与倾倒传感器电连接。本实用新型的技术方案有效地解决了现有技术中的垃圾箱倾倒后耽误使用以及二次污染环境的问题。
39. 206092594 车辆
CN
12.04.2017
F16B 1/00 Loading...
F16B 1/00
Loading...
201621038414.4
北京三辰环卫机械有限公司
李洪丞
F16B 1/00
Loading...
本实用新型提供了一种车辆，包括车辆主体，车辆还包括：电磁铁装置，电磁铁装置与车辆主体相连接，电磁铁装置用以固定活动件。本实用新型的技术方案有效地解决了现有技术中的车辆中的活动件的固定的问题。
40. 206088006 具有压缩结构的垃圾箱
CN
12.04.2017
B65F 1/14 Loading...
B65F 1/14
Loading...
201621040182.6
北京三辰环卫机械有限公司
李富盛
B65F 1/14
Loading...
本实用新型提供了一种具有压缩结构的垃圾箱，包括：垃圾箱主体，垃圾箱主体包括开口；内桶，内桶设置在垃圾箱主体内；压缩组件，压缩组件包括压缩头和传动结构，传动结构的第一端与垃圾箱主体相连接，压缩头设置在传动结构的第二端，传动结构带动压缩头运动以压缩内桶内的垃圾；导向件，导向件固定在垃圾箱主体上并对压缩头形成限位以使压缩头沿预定轨迹运动。本实用新型的技术方案有效地解决了现有技术中的具有压缩结构的垃圾箱的压缩头和垃圾箱配合不紧密，在压缩过程中压缩头摆动较大的问题。
41. 206096498 具有语音功能的垃圾箱
CN
12.04.2017
G01V 8/10 Loading...
G01V 8/10
Loading...
201621040243.9
北京三辰环卫机械有限公司
陆小波
G01V 8/10
Loading...
本实用新型提供了具有语音功能的垃圾箱，包括：垃圾箱主体，垃圾箱主体形成容纳空间；压缩结构，压缩结构与垃圾箱主体相连接地设置在容纳空间内；语音装置，语音装置设置在容纳空间内；感应装置，感应装置与语音装置电连接。本实用新型的技术方案有效地解决了现有技术中的垃圾箱不能主动、人性化提示投放垃圾的问题。
42. 206085283 一种制砖模具设备
CN
12.04.2017
B28B 1/087 Loading...
B28B 1/087
Loading...
201620464150.2
林冠华
林冠华
B28B 1/087
Loading...
本实用新型公开了一种制砖模具设备，包括挤压盖、砖槽、槽门、总控制器、电动升降杆、刮刀板、固定杆、进料管、搅拌叶、模具和震动泵；模具的顶端设有砖槽，砖槽的顶端设有挤压盖，砖槽的一侧设有槽门，砖槽的另一侧通过固定杆与进料管固定连接，且进料管内设有搅拌叶，砖槽的底端设有刮刀板，刮刀板的底端设有震动泵，模具的底端通过电动升降杆与刮刀板活动连接，模具的底端设有总控制器；该种制砖模具设备，通过设有搅拌叶使原料在进入砖槽前再次被搅拌，使其更均匀，刮刀板来刮去残留粘附在砖槽内壁上的原料，电动升降杆来实现刮刀板移动作业，震动泵震动砖槽内的原料，使其更加均匀的分布，油性涂料减少了原料在砖槽内壁上的粘附。
43. 105196667 药用阻燃型塑料包装材料及其制备工艺
CN
05.04.2017
B32B 27/32 Loading...
B32B 27/32
Loading...
201510658295.6
淄博华致林包装制品有限公司
刘树林
B32B 27/32
Loading...
本发明涉及一种药用阻燃型塑料包装材料及其制备工艺，属于药用包装材料技术领域。所述的药用阻燃型塑料包装材料，包括三层结构，内层由PE、PLA、PHBV、ECO组成，中间层由PE、PLA、PHBV、EVA组成，外层由PE、PLA、PHBV、ECO组成；所述的制备工艺是先按照配方量将各组分混匀，再采用三层吹膜机进行吹膜，最后收卷成膜或裁切制袋。本发明所含的可降解组分在短期内能够在光线、水和微生物存在条件下逐步降解而形成大面积空洞，使得材料的力学性能下降，加快了材料的降解速度；所含的阻燃成分可起到协同阻燃作用，这使得本发明能够应用于药品包装，特别是直接接触药品的包装，为药品的生产和包装提供了一种更好、更优质、更安全的选择。
44. 206066301 一种棘轮扳手
CN
05.04.2017
B25B 13/46 Loading...
B25B 13/46
Loading...
201620543533.9
林华
林华
B25B 13/46
Loading...
本实用新型涉及一种棘轮扳手，包括扳手本体，在扳手本体上设有贯穿上下的置入孔，置入孔内设置棘轮环，扳手本体在置入孔的壁面上开有一容室，在所述的容室内设有棘爪和异形弹性元件，棘爪的卡齿与棘轮环外缘卡齿相配合，棘爪与异形弹性元件配合面的下部为斜坡设置，异形弹性元件对应棘爪的一侧为楔形设置，楔形顶向棘爪一侧时可将棘爪推向棘轮环，相对于现有结构本实用新型结构更加合理，装配更加方便，大大提升装配的效率。
45. 206070105 针织大圆机的机架和针织大圆机
CN
05.04.2017
D04B 15/00 Loading...
D04B 15/00
Loading...
201620937376.X
厦门市杏林振利华工贸有限公司
林秀玉
D04B 15/00
Loading...
本实用新型公开了一种针织大圆机的机架，包括大盘和大盘齿轮，所述大盘齿轮安装在所述大盘上，大盘的上表面设有环形凹槽，所述环形凹槽的水平截面的上部呈等腰倒梯形、下部呈方形，大盘齿轮的下表面设有环形凸起，所述环形凸起的水平截面呈等腰倒梯形，环形凹槽与环形凸起相匹配，大盘齿轮通过环形凸起安装于大盘的环形凹槽中，环形凸起的底端伸入环形凹槽的下部空间内悬空设置。本实用新型的有益效果在于：可保证圆度精确定位，同时大盘齿轮启动所需功率较小，在工作一段时间后不会产生精度偏差。
46. 206070107 针织大圆机大盘和针织大圆机
CN
05.04.2017
D04B 15/18 Loading...
D04B 15/18
Loading...
202016000938070
厦门市杏林振利华工贸有限公司
林秀玉
D04B 15/18
Loading...
本实用新型公开了一种针织大圆机大盘，包括大盘本体，所述大盘本体上设有过油孔，大盘本体本体上用于供润滑油流经的部分设有多个磁铁。同时，本实用新型还公开了一种针织大圆机。本实用新型的有益效果在于：大盘里面加装磁铁，当大圆机工作时，会把由前端流至大盘处的润滑油中的铁屑杂质全部吸付住，干净的润滑油经过过油孔通过漏油管流回加油机构中，这样能够提高润滑油的纯度，确保润滑油在下一次循环使用中不含杂质，保证大圆机的包括大盘齿轮在内的被润滑部件不受铁屑杂质的磨损，提高各部件的使用精度、提高机台的寿命。
47. 206071928 一种改进的离心风机旋转失速实验装置
CN
05.04.2017
F04D 27/00 Loading...
F04D 27/00
Loading...
201621034066.3
华北电力大学（保定）
许小刚
F04D 27/00
Loading...
本实用新型公开了一种改进的离心风机旋转失速实验装置，包括蜗壳，蜗壳内安装有叶轮，在蜗壳的内侧面均匀设置有若干个第一喷嘴，第一喷嘴底部设置有底座，第一喷嘴内部轴向设置有第一液压杆，第一液压杆安装在底座上，第一液压杆与第一喷嘴的内壁之间通过第一弹簧体连接有若干个第一挡板，第一挡板上设置导流槽，导流槽内滑动设置有金属片，金属片中心设置有第一通孔，第一通孔上设置有橡胶膜；蜗壳的内侧面还设置有若干个第二挡板，第一喷嘴与第二挡板交替设置，第二挡板上设置有若干个横梁，相连两个横梁之间设置有气囊。本实用新型能够改进现有技术的不足，实现了离心风机旋转失速的全过程模拟。
48. 206070108 三角调节装置和针织大圆机
CN
05.04.2017
D04B 15/34 Loading...
D04B 15/34
Loading...
201620937380.6
厦门市杏林振利华工贸有限公司
林秀玉
D04B 15/34
Loading...
本实用新型公开了一种针织大圆机及其三角调节装置，包括：机架；凸轮；电机，电机固定在所述机架上，电机的转轴连接所述凸轮；升降结构，升降结构与所述凸轮传动连接；滑块，滑块可移动地安装在所述机架上，滑块与升降结构传动连接；三角，三角固定在所述滑块上，三角用于对织针进行调节。本实用新型的有益效果在于：三角的压针深浅会影响织出的布面产生厚薄之分，本方案可配合电控系统控制步进电机的旋转角度和旋转时机，不用停机就能够直接织出厚度不同的布面，生产效率高，织出的布面可达到当前的布料纺织需求，使同一布料上的布面具有明显的大小之分。
49. 206067963 一种具有唤醒功能的微型定位器组合
CN
05.04.2017
B62H 5/20 Loading...
B62H 5/20
Loading...
201621062292.2
深圳市林辰展华科技有限公司
林生产
B62H 5/20
Loading...
本实用新型公开了一种具有唤醒功能的微型定位器组合，包括放置于外部可见的显性定位器以及接入于设备电路中并且影藏不可见的隐性定位器；显性定位器与隐性定位器之间通过蓝牙模组无线通信，隐性定位器内置有第一主板，显性定位器内置第二主板；第一主板每隔设定的时间通过其第一蓝牙模组与第二主板上设置的第二蓝牙模组进行一次信号匹配，且隐性定位器具有当第一主板发射的蓝牙信号不能被第二主板的第二蓝牙模组所接收时能够自动开启隐性定位器用的唤醒电路。本实用新型具有两个定位器组合而成，且平时使用时通过显性定位器正常使用，而隐性定位器则隐藏起来，使得无法被外部设备所检测到其安装位置，隐藏防盗效果大大的提升。
50. 206076625 一种计算机网络连接端口
CN
05.04.2017
H01R 13/631 Loading...
H01R 13/631
Loading...
201621152871.6
吉林华桥外国语学院
张可新
H01R 13/631
Loading...
本实用新型公开了一种计算机网络连接端口，它涉及计算机网络用具技术领域；壳体的内部设置有插接槽，插接槽的后端安装有数个接触弹性芯片，壳体的后端设置有散热管，且散热管的前端与插接槽的后端相贯通，散热管的后端安装有散热板，插接槽的底部设置有滚珠，且滚珠的底部通过连接弹簧与壳体的内部连接，壳体内部的左上端安装有弹簧复位轴，弹簧复位轴上安装有卡接架，卡接架的卡接片设置在壳体的前端，卡接架的上端安装有推柄；本实用新型便于实现快速插接、散热与卡接，其接触良好，使用寿命长，效率高。
51. 206061602 一种方便使用的环割刀
CN
05.04.2017
A01G 3/00 Loading...
A01G 3/00
Loading...
202016001125149
梁飞林
梁飞林
A01G 3/00
Loading...
本实用新型公开了一种方便使用的环割刀，涉及农业工具领域，该方便使用的环割刀的支撑杆另一端设有圆柱形的螺纹杆，螺纹杆上安装有两片形状和尺寸相同的刀片。使用时可将两刀片安装在螺纹杆上，并且调整好两刀片的距离，确保两刀片刀刃朝向同一方向。可手握手柄，利用两刀片在果树上一次性割下条状的环形树皮，帮助果树释放多余水分。该方便使用的环割刀操作简单，灵活性强，刀片磨损严重后可更换新的刀片，使用寿命长。
52. 106554942 +群免疫细胞的制备方法
CN
05.04.2017
C12N 5/0783 Loading...
C12N 5/0783
Loading...
201611028882.8
吉林省拓华生物科技有限公司
姜丽君
C12N 5/0783
Loading...
本发明提供了一种高效的临床级CD56+群免疫细胞的制备方法，其包括：a)从外周血或脐带血中分离出单个核细胞；b)将a)中获得的单个核细胞接种到用抗CD16抗体包被的培养器皿中；c)在培养基中添加兔抗人胸腺细胞免疫球蛋白、力尔凡及无动物源性细胞因子诱导、刺激在b)中接种的单个核细胞；d)每2‑3天根据细胞计数结果补充培养基和无动物源性细胞因子；e)获得CD56+群免疫细胞。本发明提供的临床级CD56+群免疫细胞的制备方法不仅降低了成本，更符合临床级制备要求，在体内外均显现出良好的杀伤活性。
53. 206052469 铁路道岔养护器
CN
29.03.2017
E01B 7/26 Loading...
E01B 7/26
Loading...
201620986855.0
熊林华
熊林华
E01B 7/26
Loading...
一种铁路道岔养护器，包括固定养护总成、活动养护总成、弹性压阀式润滑装置、管体、涂油开关，固定养护总成设置在管体的一端，弹性压阀式润滑装置安装管体内；活动养护总成与伸缩杆前端部固接，伸缩杆通过管体的侧面上的伸缩支架、前定位夹及后定位夹与管体活动连接；固定养护总成由小铲、小油滚、出油管及油阀组成，出油管的出口靠近小油滚，油阀装在出油管的进口上，并与弹性压阀式润滑装置的出口相接；活动养护总成由大铲、大油滚组成。本实用新型的铁路道岔养护器，可以轻便地携带到工作现场立式作业，方便地对高铁、普铁的铁路道岔进行清铲和加油润滑的养护，完全改变了过去手工劳作的方式，可以对多个道岔进行连续作业。
54. 206060198 一种新型牵引变电所电能质量综合治理装置
CN
29.03.2017
H02J 3/00 Loading...
H02J 3/00
Loading...
201620747284.5
华东交通大学
宋平岗
H02J 3/00
Loading...
一种新型牵引变电所电能质量综合治理装置，包括由开关器件S11、S12、S21、S22、S31、S32、S41、S42和电容C构成的治理装置通过变压器接入接触网，其中S11和S12串联构成1相桥臂，S21和S22串联构成2相桥臂，S31和S32串联构成3相桥臂，S41和S42串联构成4相桥臂，四相桥臂并联后，直流端与电容C并联；1相桥臂、2相桥臂的交流端与变压器T1副边一端相连，变压器T1原边分别接入接触网A和钢轨，变压器T2原边分别接入接触网过渡段N和钢轨；3相桥臂的交流端与变压器T3副边一端相连，变压器T3原边分别接入接触网B和钢轨；变压器T1、变压器T2和变压器T3副边的一端并联后与4相桥臂的交流端相连。该装置实现牵引变综合治理同时配合机车实现不断电且无电冲击的过分相，且有结构简单的优点。
55. 206058759 一种沙盘楼层机械旋转装置
CN
29.03.2017
G09B 25/04 Loading...
G09B 25/04
Loading...
201620837222.3
成都华野绿都园林设计有限公司
肖峰
G09B 25/04
Loading...
本实用新型公开了一种沙盘楼层机械旋转装置，包括基座、电机承载台、减速电机、沙盘模型和旋转杆；所述的电机承载台设置于基座内，所述的减速电机设置于电机承载台上；所述的沙盘模型由从下至上依次设置的下层模型、旋转层模型和上层模型组成，所述的下层模型固定于基座上；所述的下层模型、旋转层模型和上层模型具有供旋转杆垂直穿过的通孔，旋转杆穿过旋转层模型的通孔并与旋转层模型固定连接，且旋转杆同时穿过下层模型，旋转杆的穿过下层模型的一端与减速电机的输出轴连接。
56. 206050005 一种新式防沉船舶
CN
29.03.2017
B63B 43/14 Loading...
B63B 43/14
Loading...
201620717543.X
林华富
林华富
B63B 43/14
Loading...
本实用新型公开了一种新式防沉船舶，包括船外壳；所述船外壳的顶部安装有甲板，且船外壳的底部设有增重船底脊梁，使船体重心降低不会侧翻，所述船外壳开设有多个第一进水孔，水进入船体后可实时观测船体水位，所述船外壳内部的底舱填充有第一成型泡沫塑料，船底舱横向设置有多组第一三角形支架。本实用新型结构简单，设计合理，成型泡沫塑料为船体提供浮力，在船体破损漏水的情况下也可以提供浮力不会沉没，船底舱横向设有多组三角形支架，使船体更牢固更稳定，船外壳周边设有荧光水位线，方便夜间观测水位。
57. 106508813 一种云实蛀虫的仿野生繁殖方法
CN
22.03.2017
A01K 67/033 Loading...
A01K 67/033
Loading...
201610936256.2
金华市森林之宝农林科技开发有限公司
叶卫邦
A01K 67/033
Loading...
本发明公开了一种云实蛀虫的仿野生繁殖方法，将原来在野外自然繁殖的云实蛀虫转换到室内产卵，再将虫卵或初龄幼虫接入野外云实枝条上蛀食生长，直至老熟幼虫后作为食用或药用云实蛀虫。本发明通过模拟自然生态环境促成虫产卵再用人工接种技术，一改原来在野外感染部位很不均称、人工成片种植云实树自然产虫数量少，经济效益极低的现状。通过该技术的实施，可使单株云实的蛀虫产量同比野外自然感染的高出八至十倍或更高，营养成分和药效与野生完全等同。
58. 106526317 同步相量测量单元的相量测量精度评估方法及评估装置
CN
22.03.2017
G01R 23/16 Loading...
G01R 23/16
Loading...
102016000921720
国家电网公司
汪芙平
G01R 23/16
Loading...
本发明公开了一种同步相量测量单元的相量测量精度评估方法及评估装置，其中，方法包括以下步骤：根据同步录波数据和同步相量测量数据获取基波重构波形，以得到残差波形；获取残差波形的带内信噪比和带外信噪比；通过带内信噪比和带外信噪比分别获取同步相量测量不确定度和电网采样信号的信噪比；根据输入的标准信号源设置和带内信噪比和带外信噪比得到基波和干扰引起的相量测量误差；获取系统测量精度综合评估结果。该评估方法可以在PMU正常运行时，实现同步相量测量不确定度在线估计，在PMU性能检验时，结合中等精度标准测试信号源，实现PMU精度校验，提高了评估的可靠性和准确性。
59. 106512271 一种新型消防设备
CN
22.03.2017
A62C 31/03 Loading...
A62C 31/03
Loading...
201710012401.2
华柏林
华柏林
A62C 31/03
Loading...
本发明提供一种新型消防设备，包括第二电机，所述第二电机的输出轴穿过槽盖与主动齿轮连接，所述第二电机通过电机架固定在所述槽盖上，所述主动齿轮置于齿轮槽内，所述齿轮槽内设有从动齿轮，所述从动齿轮与所述主动齿轮啮合，所述从动齿轮下部与转轴的一端固接，所述转轴通过轴承与所述齿轮槽的底部连接，所述转轴的另一端固接铰接夹板，所述铰接夹板通过铰接轴与连接杆的一端铰接，所述连接杆的另一端固接有高压泵，所述高压泵下部连接有喷头，所述高压泵另一侧连接有水管。
60. 106523836 一种受热均匀的氢气或一氧化碳输送管道仪表导压管结构
CN
22.03.2017
F16L 53/00 Loading...
F16L 53/00
Loading...
201611180871.1
上海华林工业气体有限公司
唐青
F16L 53/00
Loading...
本发明涉及一种受热均匀的氢气或一氧化碳输送管道仪表导压管结构，包括导压管本体、铺设在导压管本体上的一条电伴热带，将电伴热带与导压管本体包裹在内的导热层。与现有技术相比，本发明保温方法简单方便，但效果非常好，导热层能够很好的将一条电伴热带的热量传递给导热管本体全部，无需特殊工具，只需粘性铝箔纸就可以做到。铝箔纸传热系数较高，能有效的把一面温度很好的传导另一面，可以保证整根导压管受热，防止导压管受冻。本发明不需要在使用导压管双面敷设的方法，可以有效避免在细小的导压管上使用双面敷设方法带来的不方面以及费工时及费伴热带。
61. 106523183 一种风冷斯特林电机冷却装置
CN
22.03.2017
F02G 1/053 Loading...
F02G 1/053
Loading...
102017000002234
宁波华斯特林电机制造有限公司
程路
F02G 1/053
Loading...
本发明涉及一种风冷斯特林电机冷却装置，包括斯特林电机，斯特林电机包括机身、冷端和热端，还包括底座和风机，底座上设置有出风口和进风口，风机工作时在出风口和进风口之间形成气流，底座设置有用隔热材料制成的隔热结构，隔热结构包括隔热底盘和隔热盖，斯特林电机的机身的一部分置于隔热底盘，隔热底盘设置于底座上，隔热底盘和隔热盖配合形成一换热腔，冷端设置于换热腔中，隔热底盘上设置有第一过风口和第二过风口以使换热腔分别与出风口和进风口连通。使得机身和热端与冷端完全隔绝，且空气由出风口依次经过进风腔、第一过风口、换热腔、第二过风口、出风腔至进风口排出，保证空气不会与机身和热端的热量产生多余的热交换。
62. 106511740 一种包含人参的健康产品及其制备方法
CN
22.03.2017
A61K 36/8967 Loading...
A61K 36/8967
Loading...
201610993015.1
吉林省盛世华鑫生物科技有限公司
赵大庆
A61K 36/8967
Loading...
本发明提供一种包含人参的健康产品及其制备方法，属于产品开发应用领域。该产品按照重量份数计，包括以下原料组分：人参0.5‑10份、百合1‑20份、罗汉果2‑20份、金银花1‑20份、桑叶0.5‑10份和甘草1‑15份。本发明还提供一种包含人参的健康产品的制备方法。本发明健康产品饮用方便，具有润肺止咳、清肺解毒的功效。该制备方法简单、原料易得。
63. 106527121 一种带有限幅器的PID控制装置及方法
CN
22.03.2017
G05B 11/42 Loading...
G05B 11/42
Loading...
201611181824.9
上海华林工业气体有限公司
宋孝林
G05B 11/42
Loading...
本发明涉及一种带有限幅器的PID控制装置及方法，用以防止操作员在对PID控制器参数设置时的误操作，该装置包括相互连接形成闭环反馈结构的参数存储器、加法器、PID控制器、执行器、被控装置和被控装置参数检测器，该PID控制装置还包括设置在加法器与参数采集器之间的参数输入限幅器。与现有技术相比，本发明具有限幅效果好、限幅可调、适用范围广等优点。
64. 106523181 一种斯特林电机的惰性气体输出装置及其方法
CN
22.03.2017
F02G 1/043 Loading...
F02G 1/043
Loading...
201611238292.8
宁波华斯特林电机制造有限公司
程路
F02G 1/043
Loading...
本发明涉及一种斯特林电机的惰性气体输出装置，包括惰性气源以及输出管路，所述输出管路包括一输入口和一输出口，所述输入口连接所述惰性气源，所述输出口用于连接斯特林电机的内腔，所述输入口设置有第一控制阀，还包括一抽气支路，所述抽气支路的一端与输出管路连通并在所述输入口和所述输出口之间形成一连接处；所述抽气支路的另一端连接于一抽真空设备，所述抽气支路上设置有第二控制阀，排除斯特林电机生产中，输出管路中不会有杂质空气通入换热室，影响其工作效率。
65. 106512156 鼻疗雾化器
CN
22.03.2017
A61M 11/00 Loading...
A61M 11/00
Loading...
201610854338.2
苏州林华医疗器械股份有限公司
杨玉存
A61M 11/00
Loading...
本发明揭示了一种鼻疗雾化器，包括推药器和固定在其前端的雾化头，所述雾化头包括杆体及位于其远端的塞体，所述塞体的远端有流体排放口，所述杆体包括一沿轴线延伸的中空的内腔，其内设有一中心杆，所述中心杆的远端面为流线墙，该流线墙贴紧于所述端体的内表面形成流体旋转腔，所述杆体的远端侧向开设有引导口。本发明技术方案的优点主要体现在：用于形成流体旋转腔的流线墙设置在单独的零件中心杆上，具有设计简单、制造方便的效果，大大降低成本；由于中心杆与塞体是两个相互独立的零件，因此塞体可以使用相对于中心杆来说较为柔软的材料，患者的舒适度较好。
66. 206037491 一种多级高效蒸发器
CN
22.03.2017
F25B 39/02 Loading...
F25B 39/02
Loading...
201620918866.5
张家港市华林热镀锌有限公司
黄林
F25B 39/02
Loading...
本实用新型涉及化工设备技术领域，更具体地说涉及一种多级高效蒸发器，万向轮固定连接在底板的底端，蒸发器外壳与电机均固定在底板的顶端，一级蒸发器、二级蒸发器与三级蒸发器均设置在蒸发器外壳的内部，热元件设置在蒸发器外壳的内部，发热灯条Ⅰ设置在一级蒸发器的内壁上，排气扇Ⅰ设置在二级蒸发器的下侧面上，进风扇设置在二级蒸发器的上侧面上，发热灯条Ⅱ设置在三级蒸发器的下内壁上，排气扇Ⅱ设置在三级蒸发器的上侧面上，滚轮Ⅰ活动连接在支撑杆Ⅰ上，滚轮Ⅱ固定在从动齿轮上，履带将滚轮Ⅰ与滚轮Ⅱ之间连接，该多级高效蒸发器便于工作人员移动，蒸发效果好，有效的提高了工作效率，降低了生产成本。
67. 206032244 一种化工产品储罐
CN
22.03.2017
B65D 88/06 Loading...
B65D 88/06
Loading...
201620919615.9
张家港市华林热镀锌有限公司
黄林
B65D 88/06
Loading...
本实用新型涉及化工技术领域，更具体地说涉及一种化工产品储罐，包括人孔、储罐外壁、液体进料口、粉末状固体进料口、抽风机Ⅰ、液体出料口、储液管、粉末状固体储罐、粉末状固体出料口和抽风机Ⅱ。人孔设置在储罐外壁的左侧顶壁上，液体进料口设置在储罐外壁的右侧顶壁上，粉末状固体进料口设置在储罐外壁的左侧圆弧顶端，抽风机Ⅰ设置在粉末状固体进料口的内部，液体出料口设置在储罐外壁的左侧底端，储液管缠绕在储罐外壁的内部，固体出料口设置在储罐外壁的右侧圆弧底端，抽风机Ⅱ设置在粉末状固体出料口的内部。该储罐的结构稳定，储液管和储罐外壁的连接牢固，从而提高储罐的稳定性，且能同时储存液体和粉末状固体，结构简单，使用方便。
68. 206033840 一种热镀锌槽
CN
22.03.2017
C23C 2/06 Loading...
C23C 2/06
Loading...
202016000918584
张家港市华林热镀锌有限公司
黄林
C23C 2/06
Loading...
本实用新型涉及热镀锌技术领域，更具体地说涉及一种热镀锌槽，包括加热槽、镀锌槽、空气处理器、抽风机、侧门、加热板、保温层、金属外壳、内衬、温度传感器、进料口和警报器。进料口位于加热槽的左上端，抽风机设置在加热槽的顶端，空气处理器连接在抽风机的右端，加热板设置于加热槽的内部，温度传感器设置在镀锌槽的右侧内部上端，警报器通过镀锌槽和温度传感器连接，保温层设置在镀锌槽的外层，金属外壳设置在镀锌槽的中间层，内衬设置在镀锌槽的内层。该镀锌槽设有温度传感器，能够与警报器配合使用，保持镀锌槽中锌液的界面高度，且能够吸收热镀锌槽中的锌烟并进行处理，环保并节省了能源。
69. 206033838 一种热镀锌烘干装置
CN
22.03.2017
C23C 2/02 Loading...
C23C 2/02
Loading...
202016000918583
张家港市华林热镀锌有限公司
黄林
C23C 2/02
Loading...
本实用新型涉及热镀锌技术领域，更具体地说涉及一种热镀锌烘干装置，包括进料口、第一节烘干箱、换气扇、第二节烘干箱、出料口、滚轮、抽风机、电机、支座、配电箱、烘干块和履带。进料口位于第一节烘干箱的左端，第一节烘干箱连接在第二节烘干箱的左侧，换气扇设置在第一节烘干箱和第二节烘干箱的顶端，出料口位于第二节烘干箱的右端，滚轮设置在履带的左右两端，抽风机设置在第一节烘干箱和第二节烘干箱的左右两侧，电机设置在第二节烘干箱的前端，配电箱设置在第一节烘干箱的前端。该热镀锌烘干装置同时采用烘干块结合抽风机，烘干块内电阻丝发热，利用抽风机抽取烘干箱内部气流和蒸汽，烘干效率高、安全性能好。
70. 206033841 一种热镀锌镀锌装置
CN
22.03.2017
C23C 2/06 Loading...
C23C 2/06
Loading...
201620918772.8
张家港市华林热镀锌有限公司
黄林
C23C 2/06
Loading...
本实用新型涉及热镀锌技术领域，更具体地说涉及一种热镀锌镀锌装置，万向轮固定连接在底座的底端，第一支撑杆、蓄电池、第二支撑杆与镀锌槽均设置在底座的顶端，第一支撑杆的顶端活动连接在第二支撑杆上，加热室固定连接在镀锌槽上，LED灯设置在第一支撑杆的左端，手柄与支撑台均固定连接在第二支撑杆的右端，卷扬机固定连接在支撑台的顶端，第一滑轮设置在第二支撑杆上，第二滑轮活动连接在第二支撑杆的端部，钢丝绳的一端设置在卷扬机上，并且钢丝绳设置在第一滑轮与第二滑轮上，挂钩固定在钢丝绳的另一端。该热镀锌镀锌装置移动方便，方便工人将要镀锌的钢材放到镀锌槽中，避免工人被锌液烫伤。
71. 206033842 一种热镀锌多级预热装置
CN
22.03.2017
C23C 2/06 Loading...
C23C 2/06
Loading...
201620919034.5
张家港市华林热镀锌有限公司
黄林
C23C 2/06
Loading...
本实用新型涉及热镀锌技术领域，更具体地说涉及一种热镀锌多级预热装置。第一预热室和第二预热室通过一级通道连接，第二预热室和第三预热室通过二级通道连接，把手设置在加料口的上部，熔锌室位于炉仓的上部，鼓风机设置在炉仓的右侧，炉仓设置在灰仓的上部，加热板位于加热箱的内部，加热装置位于保温室的顶部，锌液出口位于保温室的右侧底部。该装置持续维持锌液处于恒温状态，锌液保持持续的加热，其结构巧妙，设计合理，能够延长锌液的降温速度，节约能源，并可有效提高镀锌的质量和速度。
72. 206037657 一种化工产品干燥箱
CN
22.03.2017
F26B 15/06 Loading...
F26B 15/06
Loading...
201620919614.4
张家港市华林热镀锌有限公司
黄林
F26B 15/06
Loading...
本实用新型涉及化工设备技术领域，更具体地说涉及一种化工产品干燥箱，万向轮固定连接在底板的底端，外壳与电机均固定在底板的顶端，主动齿轮固定在电机的输出轴上，转轴设置在外壳的内部，从动齿轮固定在转轴上，链条将主动齿轮与从动齿轮之间连接，化工产品放置槽固定连接在转轴上，加热器设置在外壳的内壁上，温度计的头部设置在外壳的内部，换气扇与隔板均设置在外壳的左侧面上，防尘网固定连接在外壳的左端，排气管设置在外壳的右端。该化工产品干燥箱方便移动，能够有效防止热量散失，提高产品的干燥质量，节约能源的干燥箱。
73. 206033836 一种热镀锌熔锌装置
CN
22.03.2017
C23C 2/00 Loading...
C23C 2/00
Loading...
201620920074.1
张家港市华林热镀锌有限公司
黄林
C23C 2/00
Loading...
本实用新型涉及热镀锌技术领域，更具体地说涉及一种热镀锌熔锌装置，包括龙门架底座、支撑杆、横梁、游车、液面控制器、报警器、锁绳、保温板、绝热层、耐火内层、加热板、加热台、锌锭和熔锌槽。龙门架底座设置在支撑杆的底部，横梁固定在两个支撑杆的顶部，游车镶嵌在横梁的底端，且游车可在横梁左右移动，液面控制器位于熔锌槽的左内侧上端，报警器通过熔锌槽和液面控制器连接，保温板设置在绝热层的外侧，耐火内层设置在绝热层的内侧，加热板位于加热台的内部，锌锭在投放前位于加热台上加热。该熔锌装置设有预热台，能有效防止锌液出现气泡、翻滚现象，采用龙门架的游车投放锌锭，快速有效，且易控制。
74. 206029657 一种金属材料检测夹具
CN
22.03.2017
B25B 11/00 Loading...
B25B 11/00
Loading...
201620919893.4
张家港市华林热镀锌有限公司
黄林
B25B 11/00
Loading...
本实用新型涉及金属材料检测设备技术领域，更具体地说涉及一种金属材料检测夹具，包括底座、固定板、柱形竖支架、固定横支架、铆钉、挡块、可伸缩横支架、基准块、基准块滑槽、活动板、弹簧和活动板滑槽。柱形竖支架有两个，两个柱形竖支架分别设置在底座上表面的左右两端的中间位置；固定板设置在右侧柱形竖支架的左侧，活动板滑槽有两个，两个活动板滑槽分别设置在固定板左侧的前后两段；活动板设置在固定板的左侧，基准块滑槽设置在活动板的上表面上弹簧设置在基准块滑槽内，固定横支架设置在右侧柱形竖支架上，可伸缩横支架设置在左侧柱形竖支架上。在满足不同类型材料的夹持的同时又能对所夹持材料进行粗略的测量，为检测人员提供便利。
75. 206027688 一种化工产品用搅拌釜
CN
22.03.2017
B01J 19/18 Loading...
B01J 19/18
Loading...
201620918869.9
张家港市华林热镀锌有限公司
黄林
B01J 19/18
Loading...
本实用新型涉及化工设备技术领域，更具体地说涉及一种化工产品用搅拌釜，万向轮固定连接在支撑腿的底端，外壳固定连接在支撑腿的底端，进料管、电机与排气管均设置在外壳的顶端，转轴固定在电机的输出轴上，并且转轴位于外壳的内部，第一搅拌叶片与第二搅拌叶片均固定连接在转轴上，减阻孔设置在第一搅拌叶片上，温度计的头部设置在外壳的内部，电阻丝设置在外壳的内壁上，排料管设置在外壳的底端。该化工产品用搅拌釜便于工人移动，搅拌叶片的设置有利于加大与被搅拌物的接触面，提高了反应效率，从而提高工作效率。
76. 206027552 一种化工原料混料装置
CN
22.03.2017
B01F 7/18 Loading...
B01F 7/18
Loading...
201620919089.6
张家港市华林热镀锌有限公司
黄林
B01F 7/18
Loading...
本实用新型涉及化工设备技术领域，更具体地说涉及一种化工原料混料装置，风扇安装板固定连接在支撑腿的内壁上，风扇设置在风扇安装板上，第一水箱与第二水箱均固定在支撑腿上，水泵设置在第二水箱的内部，水管的一端固定在水泵上，连通管将第一水箱与第二水箱之间连通，支撑面固定连接在支撑腿的顶端，散热孔设置在支撑面上，混料外壳设置在支撑面的顶端，电机固定在混料外壳的顶端，转轴固定在电机的输出端上，搅拌叶片固定连接在转轴上，电阻丝设置在混料外壳的左右侧面上。该化工原料混料装置能够将化工原料在高温或低温下进行混料，有效的提高混料效率且均匀性好。
77. 206027689 一种化工原料反应装置
CN
22.03.2017
B01J 19/18 Loading...
B01J 19/18
Loading...
201620919179.5
张家港市华林热镀锌有限公司
黄林
B01J 19/18
Loading...
本实用新型涉及化工设备技术领域，更具体地说涉及一种化工原料反应装置，支撑杆固定连接在外壳的底端，防腐层设置在外壳的内壁上，电机Ⅰ与电机Ⅱ均固定在外壳的顶端，搅拌轴Ⅰ固定在电机Ⅰ的输出端上，搅拌叶片固定连接在搅拌轴Ⅰ上，排料管设置在外壳的下侧面上，料管设置在外壳的左侧面上，混料装置固定连接在料管的顶端，加料口固定连接在混料装置的顶端，搅拌轴Ⅱ固定在电机Ⅱ的输出端上，搅拌叶轮固定在搅拌轴Ⅱ上。该化工原料反应装置增加了搅拌效果，有利于缩短反应时间，并且保证了反应顺利进行，从而降低企业的生产成本。
78. 206027228 一种化工产品的过滤装置
CN
22.03.2017
B01D 36/00 Loading...
B01D 36/00
Loading...
201620919270.7
张家港市华林热镀锌有限公司
黄林
B01D 36/00
Loading...
本实用新型涉及化工设备技术领域，特指一种化工产品的过滤装置，进料管固定连接在外壳的左端，上盖固定连接在外壳的顶端，第一滤网与第二滤网均设置在外壳的内部，一刮板设置在第一滤网的上方，第一手柄固定连接在第一刮板的右端，第一出渣口设置在外壳的右侧面上，第一渣收集槽固定在外壳的右端，第二刮板设置在第二滤网的上方，第二手柄固定连接在第二刮板的左端，第二出渣口设置在外壳的左侧面上，第二渣收集槽固定在外壳的左端，滤袋设置在第二滤网的底端，吸附板设置在滤袋的内部，活性炭设置在吸附板的中间位置。该化工产品的过滤装置过滤效果好，工作效率高，防止滤网的破损，从而降低了生产成本。
79. 206037652 热镀锌前烘干机
CN
22.03.2017
F26B 13/00 Loading...
F26B 13/00
Loading...
201620919976.3
张家港市华林热镀锌有限公司
黄林
F26B 13/00
Loading...
本实用新型涉及热镀锌技术领域，更具体地说涉及一种供热镀锌前烘干机，包括第一节烘干箱、第二节烘干箱、风扇、吹风口、双向风口、支撑架、散热器、万向轮、拉条、观测口、隔热罩和机壁。第一节烘干箱固定连接在第二节烘干箱的左端，风扇设置在机壁的顶部，风扇通过机壁和吹风口连接，双向风口设置在第一节烘干箱和第二节烘干箱的中间，支撑架位于机壁的左右两侧，散热器设置在支撑架上，万向轮设置于机壁的底部，拉条安装在隔热罩和机壁之间，观测口设置在隔热罩上，隔热罩位于机壁的前后两侧。该烘干机设有万向轮，烘干时工件固定，烘干机移动干燥，受热均匀，且结构也较简单，干燥成本低。
80. 206034399 移动式篦耙清污机
CN
22.03.2017
E02B 15/06 Loading...
E02B 15/06
Loading...
201621052766.5
郑州华林清污起重设备有限公司
李新亚
E02B 15/06
Loading...
本实用新型公开了一种移动式篦耙清污机，用于电站水轮机进水口或泵站引水口拦污栅的清污工作，包括移动机架（1）、臂架（2）、篦耙装置（3）、集污装置（4）、液压油缸（5）、液压泵站及管路系统（6），与现有技术不同的是，所述的移动机架（1）运行在地面轨道上，所述的臂架（2）一端与机架（1）铰接，另一端伸出有横梁（2.1），横梁（2.1）上栓接篦耙装置（3），所述的液压油缸（5）一端与机架（1）铰接，另一端与臂架（2）铰接。该清污机结构简单，不受过栅流速和水流冲击影响，不需要设置专门的抓斗轨道和导槽，并能在不同的孔口间往返运行，一机多用，适用范围广，工程造价低。
81. 206025243 药穴结合中医美胸保健内衣
CN
22.03.2017
A41C 3/00 Loading...
A41C 3/00
Loading...
201621001917.4
赵一宁
赵一宁
A41C 3/00
Loading...
本实用新型属女性保健消费品领域，尤其涉及一种药穴结合中医美胸保健内衣，包括束胸廓部分（1）、中部区域（2）及肩带（3）；所述束胸廓部分（1）的端部与中部区域（2）固定相接；所述中部区域（2）的上部固定设有罩杯（4）；所述肩带（3）固定设于束胸廓部分（1）及罩杯（4）的上部；所述罩杯（4）中设有药包袋（5）；在所述罩杯（4）上固定设有穴位功能块（6）；在所述肩带（3）上套有滑动中药穴位扣（7）。本实用新型结构简单，使用方便，可有效改善胸型，保护乳腺健康。
82. 206024934 一种可调式筏竿
CN
22.03.2017
A01K 87/00 Loading...
A01K 87/00
Loading...
202016000531653
吉林依华渔具股份有限公司
安艳玉
A01K 87/00
Loading...
本实用新型涉及一种可调式筏竿，主要由前节竿梢、尾节竿和手柄组成，在尾节竿的后段设有螺纹固定环，在手柄前端内部设有内螺纹，使尾节竿有了一段可以自由伸缩调节的范围，可以提高筏竿使用范围和使用效果。
83. 206030628 一种低密度聚乙烯膜制袋用冷切装置
CN
22.03.2017



201620680873.6
淄博华致林包装制品有限公司
高爱国


本实用新型公开了一种低密度聚乙烯膜制袋用冷切装置，包括工作台和立架，所述立架固定连接在工作台上表面上，所述工作台右侧设有送料装置，所述立架的右侧位于工作台上设有整平装置，所述立架上设有气压缸，所述气压缸通过活塞柱固定连接上刀座，所述上刀座两侧对称设有限位挡块，所述上刀座下表面设有上刀架组件，所述工作台下表面下方固定设有下刀座，所述下刀座上固定设有下刀架组件，所述下刀架组件位于上刀架组件的正下方。
84. 206037002 冷凝蒸汽锅炉
CN
22.03.2017
F22D 1/28 Loading...
F22D 1/28
Loading...
202016000768300
北京华林联合热能技术有限公司
江维光
F22D 1/28
Loading...
本实用新型实施例提供了一种冷凝蒸汽锅炉，该冷凝蒸汽锅炉产生的烟气与锅炉给水直接接触进行热交换。本实用新型实施例提供的冷凝蒸汽锅炉能够提高锅炉效率，节约燃料，节约水资源。
85. 206028398 一种金属材料折弯装置
CN
22.03.2017
B21D 5/02 Loading...
B21D 5/02
Loading...
202016000918585
张家港市华林热镀锌有限公司
黄林
B21D 5/02
Loading...
本实用新型涉及机械技术领域，更具体地说涉及一种金属材料折弯装置，包括千斤顶、工作面、折弯杆、折弯固定块、支撑杆Ⅰ、折弯调节面、折弯窗口、折弯操作框、顶块、支撑杆Ⅱ、底座、顶杆、液压装置、固定盘和滑动卡槽。千斤顶设置在工作面的左右两侧，千斤顶和工作面通过滑动卡槽连接，折弯杆镶嵌在折弯固定块中，支撑杆Ⅰ设置在工作面和折弯操作框之间，折弯调节面位于折弯操作框的上部，折弯窗口设置在折弯操作框的四围，顶块设置在顶杆的顶端，顶杆嵌插在液压装置的内部，固定盘位于折弯固定块的底部。该折弯装置设有可滑动的千斤顶和液压装置，减少人工，使用方便，工作效率高。
86. 206033897 一种热镀锌酸洗槽装置
CN
22.03.2017
C23G 3/00 Loading...
C23G 3/00
Loading...
202016000918639
张家港市华林热镀锌有限公司
黄林
C23G 3/00
Loading...
本实用新型涉及热镀锌技术领域，更具体地说涉及一种热镀锌酸洗槽装置，包括进料口、上槽、雾状喷头、清洁刷、运输板、把手、挡块、滚轮和下槽。进料口固定连接在上槽和下槽的左侧，雾状喷头位于上槽和下槽的内顶部，清洁刷设置在运输板的上下两侧，把手设置在运输板的右端，挡块固定连接在运输板的左右两侧的底部，滚轮设置在下槽的槽口顶端，运输板位于滚轮的上方，并且运输板可在滚轮的上方移动。该酸洗槽装置设有雾状喷头和滚动清洁刷，使滚动中的工件充分与酸洗溶液接触，完成去除工件表面氧化物的过程，酸洗过程简单，快捷，酸洗效率高。
87. 206028853 一种金属材料切割装置
CN
22.03.2017
B23D 19/00 Loading...
B23D 19/00
Loading...
201620918690.3
张家港市华林热镀锌有限公司
黄林
B23D 19/00
Loading...
本实用新型涉及金属材料设备技术领域，更具体地说涉及一种金属材料切割装置，包括切割机、切割机支架、滑槽、垫块、装置支架、软质管料切割刀、矩形金属材料固定杆底座、铆钉、带V形槽的矩形金属材料固定杆前端、V形槽底座、柱形金属材料固定杆底座、螺纹杆和柱形底座。滑槽设置在装置支架的前端面上，垫块固定设置在滑槽的上方，软质管料切割刀设置在装置支架上层面的下表面的左侧，矩形金属材料固定杆底座固定设置在软质管料切割刀的右侧。在满足常用板材切割的同时还能对软质管材进行切割，并且该切割装置上还设置有切割材料固定装置切割时对材料进行固定。
88. 106489511 一种海刀豆种子的繁殖方法
CN
15.03.2017
A01G 1/00 Loading...
A01G 1/00
Loading...
102016001073928
深圳市东华园林股份有限公司
林石狮
A01G 1/00
Loading...
本发明公开了一种海刀豆种子的繁殖方法。本发明的海刀豆种子的繁殖方法，选取自然成熟的海刀豆种子，依次经过消毒、脱皮处理，并浸泡，再播种于含有泥炭土和塘泥的经遮光的苗床中，最后其长至高为25～35cm植株时进行移栽，提高了育苗成活率。另外，经本繁殖方法得到的实生苗抗逆性强，生长能力强，具有良好的生态、经济和社会效益。
89. 105350507 可连接多倍率吊具的机械加压式清污耙斗
CN
15.03.2017
E02B 15/10 Loading...
E02B 15/10
Loading...
102015000775261
郑州华林清污起重设备有限公司
吕燕林
E02B 15/10
Loading...
本发明公开了一种可连接多倍率吊具的机械加压式清污耙斗，用于电站水轮机进水口或泵站引水口拦污栅的清污工作，包括耙斗架（4）、转动耙爪（5）、耙斗的导向装置（3），和现有技术不同的是，该耙斗还包括和起升钢丝绳多倍率吊具（1）连接的起升连杆机构（6），以及和开斗钢丝绳多倍率吊具（2）连接的开斗连杆机构（7），利用增设起升连杆机构（6）和开斗连杆机构（7）并将其连杆上端部伸出耙斗架顶部的方法，既实现了机械加压功能的同时又可方便实现多倍率吊具与清污耙斗的连接。
90. 104943188 一种仪表保温箱的制造方法
CN
15.03.2017
B29C 69/00 Loading...
B29C 69/00
Loading...
102015000389921
吉林市吉化北方华丰仪表厂
高福
B29C 69/00
Loading...
一种仪表保温箱的制造方法，将片材热压成型制得箱体和箱门的主体，将箱体和箱门的主体分别放入对应的发泡成型模具内，在发泡成型模具的芯模外表面贴铝箔膜层，使用发泡机，通过聚氨酯发泡工艺，制成带有保温层的箱体、箱门，然后将箱体和门体组装为成品，所述的片材由C层、D层、C层依次排列构成，其中C层是短切玻璃纤维增强不饱和聚酯树脂复合材料层，D层是丝径为0.3～0.7mm的铜丝网层。
91. 106498915 潜孔式拦污栅的液压清污耙斗
CN
15.03.2017
E02B 15/10 Loading...
E02B 15/10
Loading...
102015000561909
郑州华林清污起重设备有限公司
吕燕林
E02B 15/10
Loading...
本发明公开了一种潜孔式拦污栅的液压清污耙斗，用于清除潜孔式拦污栅栅面的污物，主要包括耙斗架（6）、与拦污栅共轨的导向装置（1）、可滑移的臂架（5）、臂架轨道（2）及其导向装置（3）、转动耙爪（9）和液压驱动装置。本发明利用现有的拦污栅的轨道，解决了清污耙斗和拦污栅的定位问题，并利用可滑移臂架将清污耙斗的转动耙爪移动到拦污栅的下部，通过可滑移臂架滑移的方式解决了潜孔式拦污栅的清污问题。这种清污方法不需要单独设置清污耙斗的轨道就解决了清污耙斗相对拦污栅的定位问题，减少了工程的投资，因此，该发明具有广泛的实用性。
92. 106497831 一种防治烟草疫霉病复合菌剂及其制备方法和应用
CN
15.03.2017
C12N 1/20 Loading...
C12N 1/20
Loading...
102016000917011
广州市林业和园林科学研究院
陈莹
C12N 1/20
Loading...
本发明涉及植物栽培技术领域，具体涉及一种防治烟草疫霉病复合菌剂及其制备方法和应用。所述防治烟草疫霉病复合菌剂，主要由以下菌体制成：细黄链霉菌、光合细菌、硝化细菌、固氮菌、解磷菌和解钾菌。本发明的一种防治烟草疫霉病复合菌剂，通过选取细黄链霉菌作为拮抗菌，选取光合细菌、硝化细菌、固氮菌、解磷菌以及解钾菌作为营养功能菌，使得其对烟草疫霉病病原菌形成一定的拮抗作用，能较有效的预防烟草疫霉病的伤害。本发明的一种防治烟草疫霉病复合菌剂，可以直接植物种植使用，也可以应用于接种堆肥，生产生物有机肥。
93. 106500386 基于斯特林电机的冷却装置
CN
15.03.2017
F25B 9/14 Loading...
F25B 9/14
Loading...
102016001238284
宁波华斯特林电机制造有限公司
程路
F25B 9/14
Loading...
本发明一种基于斯特林电机的冷却装置，包括壳体、斯特林电机和容置室，所述斯特林电机和所述容置室均设置于壳体的内部，所述斯特林电机的冷端面向所述容置室设置用于制冷所述容置室，所述斯特林电机位于所述容置室的上方，所述冷却装置包括收容腔和抽拉屉，所述抽拉屉滑移连接于所述收容腔，所述抽拉屉向上形成取物开口，所述收容腔形成有供抽拉屉水平滑移的让位开口，所述抽拉屉上设置有抽拉板以密闭所述让位开口形成所述容置室。不会产生制冷效果不均的情况，且为了保证制冷以及取物的效果，设置抽屉式结构，向上的开口使得抽拉屉被打开时冷气不容易逃逸，且不会对取物造成不便。该制冷装置更适合应用在对生物物质的保藏。
94. 106500461 具有加速预冷效果的HYCO冷箱系统及其加速预冷方法
CN
15.03.2017
F25J 3/08 Loading...
F25J 3/08
Loading...
102016001186221
上海华林工业气体有限公司
徐晶
F25J 3/08
Loading...
本发明涉及一种具有加速预冷效果的HYCO冷箱系统及其加速预冷方法，第一板翅换热器与第二板翅换热器并列设置，用于进入冷箱与流出冷箱各种气体的换热，气液分离罐、H2汽提塔、N2/CO分离塔、CO/CH4分离塔用于先后对从HYCO合成气管线进入的HYCO合成气进行分离处理，在HYCO冷箱外设置有液氮罐，从液氮罐引出第一液氮管线与第二液氮管线，第一液氮管线经过第二板翅换热器换热后与低低压CO管线相接，第二液氮管线先后经过第二板翅换热器、第一板翅换热器换热后排放，液氮罐流出的液氮通过与第二板翅换热器或第一板翅换热器的换热为HYCO冷箱内部降温，加速预冷。与现有技术相比，本发明加快了HYCO产品合格的时间，同时安全可靠，环保。
95. 206018810 一种智能采暖系统
CN
15.03.2017
F24D 19/10 Loading...
F24D 19/10
Loading...
201620973946.0
石家庄科林电气股份有限公司
张鹏
F24D 19/10
Loading...
一种智能采暖系统，解决了光伏发电系统并网困难的技术问题，本实用新型包含两部分，一部分是由光伏发电系统、公共电网、空气能热泵及配电箱组成的主回路，一部分是由智能控制终端与并网逆变器、空气能热泵及配电箱等组成的控制回路。智能控制终端通过对配电箱的控制，实现对主回路中空气能热泵与并网逆变器的连接或切断，从而达到平衡光伏发电系统与公共电网的目的。
96. 206013386 一种自动套袋垃圾桶的专用垃圾袋和垃圾袋卷
CN
15.03.2017
B65D 33/00 Loading...
B65D 33/00
Loading...
201620927628.0
林华宾
林华宾
B65D 33/00
Loading...
本实用新型涉及一种自动套袋垃圾桶的专用垃圾袋和垃圾袋卷，该垃圾袋是平口垃圾袋，其前后两侧表面靠近平口端设有被垃圾桶磁吸、将垃圾袋平口拉开的受磁部件。这样，通过在垃圾袋平口设置的受磁部件使平口打开更容易，打开操作简单，为实现垃圾桶自动套袋奠定了基础，也为简化垃圾桶内的垃圾袋平口打开结构成为可能，而且垃圾袋和垃圾袋卷结构简单，生产加工容易。
97. 206022067 一种新型平面型变压器磁芯
CN
15.03.2017
H01F 27/24 Loading...
H01F 27/24
Loading...
201620956346.3
安徽华林磁电科技有限公司
董鸿梅
H01F 27/24
Loading...
本实用新型公开了一种新型平面型变压器磁芯，底板为凸八边形平板，绕线柱为圆柱体且设在底板中心，第一侧板、第二侧板、第三侧板、第四侧板垂直设置在绕线柱外周且朝向绕线柱设置，第一侧板抵靠第一侧面设置，第二侧板抵靠第三侧面设置，第三侧板抵靠第五侧面设置，第四侧板抵靠第七侧面设置；通过上述优化设计的新型平面型变压器磁芯，对磁芯结构进行优化设计，增大了磁芯的有效工作面积和绕线匝数，提高空间利用率、增强了磁屏蔽效果，使磁芯的结构布局和设计更加合理，同时提高了磁芯的电磁特性的稳定性和可靠性。
98. 206022296 一种新型多功能汽车开关组
CN
15.03.2017
H01H 89/00 Loading...
H01H 89/00
Loading...
201620887709.2
万林华
万林华
H01H 89/00
Loading...
本实用新型提供一种新型多功能汽车开关组包括ESC按钮、BLIS按钮、BLIS导光体、大灯高度调节部件、HUD按钮、左装饰条、右装饰条、HUD上盖、滑块、调节拨块、外壳、导电橡胶、线路板组件、底座、顶杆和自攻螺钉，所述的ESC按钮通过滑块安装在外壳的上部的左后面位置。本实用新型的通过大灯高度调节部件的设置，使得大灯的高度调节更加方便，调节范围更广，有利于更好的调节大灯的范围，提高了大灯的使用效果，通过底座的设置，将多种开关功能集成在一个开关组，使得结构紧凑，体积小，占地面积少，重量轻，有利于减少开发模板，减少了装配成本，降低了制造成本，为企业带来了巨大的经济效益，实现了多功能的特点。
99. 104879433 层递弹簧式减震装置
CN
15.03.2017
F16F 13/00 Loading...
F16F 13/00
Loading...
102015000206080
林华
林华
F16F 13/00
Loading...
本发明公开了一种层递弹簧式减震装置，包括外筒、活塞管，在外筒的端部设有端盖，外筒与端盖螺纹连接，在外筒内设有中筒，在中筒内设有内筒，在中筒的底部与外筒的底部之间设有缓冲弹簧，在中筒的内壁上设有横挡片，在内筒与中筒的横挡片之间设有微动弹簧，在活塞管的中部设有筒环外凸，在内筒的内壁上设有横凸片，在筒环外凸与内筒的横凸片之间设有微震缓冲弹簧，在筒环外凸与端盖之间设有减震弹簧，在中筒与外筒之间设有密封导滑层，在内筒与中筒之间设有密封油封层，在外筒内设有填充液体。本发明的结构简单、使用便捷，可有效的提高减震器的减震效果，提高使用的稳定性，其结构合理，可以满足不同载荷变化，适用性好，实用性强。
100. 206020021 一种汽车手套箱试验工装
CN
15.03.2017
G01M 13/00 Loading...
G01M 13/00
Loading...
201621060552.2
吉林省华翼汽车零部件有限公司
李岩
G01M 13/00
Loading...
本实用新型公开了一种汽车手套箱试验工装，包括底座、后部支撑架，底座包括横向横梁A、横向横梁B、纵向横梁A、纵向横梁B、中部横梁，后部支撑架由横向横梁A、横向横梁C、竖向横梁A、竖向横梁B、竖向横梁C、竖向横梁D组成；在纵向横梁A上安装有左侧立柱，并在左侧立柱上端安装有左侧横柱，在左侧横柱上安装有左侧主定位器；在纵向横梁B上安装有右侧立柱，并在右侧立柱上端安装有右侧横柱，在右侧横柱上安装有右侧主定位器；在中部横梁上安装中部辅助支撑定位器；在竖向横梁B上安装后部辅助定位器A，在竖向横梁C上安装后部辅助定位器A。本实用新型能够防止仪表板因前后重量不同而向后偏坠，使得试验过程更加准确。
101. 206017276 球形消声器
CN
15.03.2017
F04D 29/66 Loading...
F04D 29/66
Loading...
201620548431.6
神华集团有限责任公司
刘小刚
F04D 29/66
Loading...
本实用新型提供了一种球形消声器，包括：外壳，外壳具有进气口和出气口；流线型消声体，流线型消声体具有朝向进气口的第一圆滑尖端；吸声材料层，吸声材料层设置在流线型消声体的外周，并与流线型消声体的周壁间隔设置。应用本实用新型的技术方案，当空气由进气口进入外壳内时，流线型消声体的朝向进气口的一端为圆滑尖端，可以避免空气因涡流而产生噪音，流线型消声体整体呈流线形，也有利于产生噪音。设置在流线型消声体外周的吸声材料层也可以起到消除噪声的作用，从噪声的产生和传播两个方面降低噪声，达到增强降噪效果的目的。
102. 206022066 一种新型变压器用磁芯组件
CN
15.03.2017
H01F 27/24 Loading...
H01F 27/24
Loading...
201620955556.0
安徽华林磁电科技有限公司
董鸿梅
H01F 27/24
Loading...
本实用新型公开了一种新型变压器用磁芯组件，底板为矩形平板，第一绕线柱为圆柱体且位于底板中心，两个侧板垂直设在底板上并且位于绕线柱两侧，第一绕线柱的高度为H1，第一绕线柱的直径为D1，底板的宽度为B，侧板顶端至底板顶部的距离为X，第二绕线柱也为圆柱体，第二绕线柱的高度为H2，第二绕线柱的直径为D2，H1+H2＝X，D2＝D1＝B。通过上述优化设计的新型变压器用磁芯组件，结构设计合理，根据绕线需要调节绕线柱高度，并且增大了磁芯的有效工作面积和绕线匝数，提高空间利用率，使磁芯的结构布局和设计更加合理，同时提高了磁芯的电磁特性的稳定性和可靠性。
103. 206018153 一种沥青聚氨酯硬质泡沫塑料管壳
CN
15.03.2017
F16L 59/07 Loading...
F16L 59/07
Loading...
201621032511.2
吉林省万华通防腐保温有限公司
王德占
F16L 59/07
Loading...
本实用新型涉及一种沥青聚氨酯硬质泡沫塑料管壳，所述沥青聚氨酯硬质泡沫塑料管壳包括管壳本体，管壳本体的内部为两端开放的圆柱形空腔，管壳本体包括保温层和保护层，保温层和保护层由内至外依次套设在一起，保温层和保护层之间设置有隔热空腔，保温层的顶部和保护层的顶部分别对应粘结在一起。本实用新型的有益效果为：本实用新型所述的管壳具有良好的保温性能，且所述的管壳具有优良的耐腐蚀及抗老化性能，增加了所述管壳的使用寿命。此外，所述的管壳的两个端部分别设计有凸棱和凹槽，这样相邻两个管道连接时，可以将一个管壳的凸棱插入另一个管壳的凹槽中，实现管壳与管壳之间的紧密连接，减少了由于“热桥”而引起的热量的散失。
104. 206005257 改进型农户粮仓底部通风盘
CN
15.03.2017
A01F 25/14 Loading...
A01F 25/14
Loading...
201620728819.4
林才华
林才华
A01F 25/14
Loading...
改进型农户粮仓底部通风盘，包括盘面和盘外壁，盘外壁上制有接管，接管连接粮仓进风管，在盘面中开有上通风孔，所述盘面上制有加强环，所述盘面下端面与盘外壁之间制有加强筋，盘外壁上制有侧通风孔，侧通风孔与上通风孔交错设置。本技术方案主要的特征是在盘外壁上增设了侧通风孔（周边通风孔），有了侧通风孔后，进入通风盘内的空气通过上通风孔和侧通风孔流入粮仓内，使整个粮仓内的粮食达到均匀、有效的通风，克服了留有死角，提高粮食的防霉效果，如果用于投药杀虫，进一步提高杀虫效果，所述的侧通风孔与上通风孔采用交错设置，保证通风盘盘面与盘外壁的强度。
105. 206011370 一种制砖成型设备
CN
15.03.2017
B28B 3/08 Loading...
B28B 3/08
Loading...
201620464125.4
林冠华
林冠华
B28B 3/08
Loading...
本实用新型公开了一种制砖成型设备，包括电机箱、进料箱和进料口，电机箱内设有电机，电机的顶端设有控制器，电机的底端固定连接第一活动杆，第一活动杆的两侧对称设有第二活动杆，第一活动杆的底端固定连接进料箱，进料箱的一侧固定设有进料口，进料箱内设有压板，进料箱的底端设有隔板，隔板的底端设有若干个模具，模具的底端设有传送带，传送带内设有加热器；本实用新型的结构简单，造价低廉，且实用性强，通过设有的活动杆、模具、进料箱和传送带，可以有效的避免了取砖过程烦琐的现象，省时省力，传送过程中加热器一直对砖体加热，可以使砖体中的一部分水分蒸发，有效的减少了取砖干燥时，砖体变形或损坏的数量，成本低，工作效率高。
106. 206019593 一种汽车副仪表板变形量测量装置
CN
15.03.2017
G01B 11/16 Loading...
G01B 11/16
Loading...
201621060843.1
吉林省华翼汽车零部件有限公司
李敏
G01B 11/16
Loading...
本实用新型涉及一种汽车副仪表板变形量测量装置，包括底座、导轨、支撑结构，在左侧的两根导轨上安装左侧滑块，在右侧的两根导轨上安装右侧滑块，在左侧滑块的上端安装左侧支柱，在右侧滑块的上端安装右侧支柱，并在所述左侧支柱上端和右侧支柱上端之间安装有横架，在所述左侧支柱上安装有夹持结构，在夹持结构的一侧设置有伺服电机，在夹持机构的另一侧的回形框内安装有红外位移传感器，在回形框的外侧安装有压头，在所述压头的中间位置沿其轴心线方向开设有一个通孔。通过将原来的机械位移传感器替换为红外位移传感器，不仅能通过记录压头的位移量来衡量副仪表板的变形量，还可以直接检测到副仪表板本身的变形量，使得检测数据更为精确有效。
107. 206022068 一种全封闭正方平面型磁芯
CN
15.03.2017
H01F 27/24 Loading...
H01F 27/24
Loading...
201620963002.5
安徽华林磁电科技有限公司
牟大兵
H01F 27/24
Loading...
本实用新型公开了一种全封闭正方平面型磁芯，绕线柱为圆柱体且位于正方形底板中心，围板垂直设在底板上并处于绕线柱外围，围板的内壁为与绕线柱的同轴设置的圆弧面，底板在围板开口一侧侧面上设有从侧面向绕线柱方向延伸的凹口，底板顶部设有从所述凹口向绕线柱方向延伸的凹槽。通过上述优化设计的全封闭正方平面型磁芯，结构设计合理，增大了磁芯的有效工作面积，实现了磁芯全封闭结构，增强了磁屏蔽效果，减小漏磁的发生，同时磁芯的结构布局和设计更加合理，易于线圈绕线，提高了磁芯的电磁特性的稳定性和可靠性。
108. WO/2017/035725 COMMUNICATION METHOD FOR ELECTRONIC COMMUNICATION SYSTEM IN OPEN ENVIRONMENT
WO
09.03.2017
H04L 29/06 Loading...
H04L 29/06
Loading...
PCT/CN2015/088556
LIN, Chien-Hwa
LIN, Chien-Hwa
H04L 29/06
Loading...
The present invention relates to a communication method for an electronic communication system in an open environment. By means of the method, a user who is not provided with an account is authenticated by a server, and the user is allowed to operate on the server; users who are provided with accounts on different servers in different electronic communication systems can authenticate the identity of each other, and communicate between different communication systems using a common communication protocol; and when an inviter stores resources on a server, and invites an invitee, who does not have an account on the server, to access resources, the server can authenticate the identity of the invitee, and enables the invitee to access the resources of the inviter. In addition to the inviter and the invitee, no other persons can access the resources of the inviter.
109. 106481885 一种液态气体输送用低温金属软管固定装置
CN
08.03.2017
F16L 3/02 Loading...
F16L 3/02
Loading...
102016001180841
上海华林工业气体有限公司
高嵩
F16L 3/02
Loading...
本发明涉及一种液态气体输送用低温金属软管固定装置，包括底板、立柱、支撑翼板及锁定钥匙，立柱设有四个，呈矩形布设焊接在底板上，支撑翼板设有两个，其中一个支撑翼板焊接在两个立柱之间，另一个支撑翼板焊接在剩下两个立柱之间，且两个支撑翼板平行等高设置，支撑翼板上端设有用于放置低温金属软管的软管放置环，在立柱上设有用于锁定钥匙穿过的钥匙通孔，锁定钥匙设有两个，每个锁定钥匙分别穿过两个立柱上的钥匙通孔后位于支撑翼板上方，且锁定钥匙与支撑翼板主体所在平面相平行，锁定钥匙与软管放置环用于对低温金属软管进行固定与限位。与现有技术相比，本发明结构简单，操作方便，对于低温金属软管的固定效果好。
110. 106481979 一种具有反馈控制的蒸汽加热水浴式汽化系统
CN
08.03.2017
F17C 7/04 Loading...
F17C 7/04
Loading...
102016001180834
上海华林工业气体有限公司
吉荣
F17C 7/04
Loading...
本发明涉及一种具有反馈控制的蒸汽加热水浴式汽化系统，包括水浴式气化器，水浴式气化器包括用于存放热水的筒体，该筒体还连接蒸汽进入管、蒸汽排出管、第一热水循环管路与第二热水循环管路，筒体内设有用于液态气体汽化的管路，管路一端外接液化气体管路，另一端外接气相气体管路，第一热水循环管路与第二热水循环管路并联设置，筒体连接有温度传感器，蒸汽进入管上设有蒸汽调节阀，温度传感器、蒸汽调节阀同时与第一控制器连接，第一控制器根据温度传感器反馈的筒体内温度大小控制蒸汽调节阀的开启大小。与现有技术相比，本发明系统可控性强，不会出现“跑液”的现象。
111. 106489021 用于监测内燃机的冷却剂回路的控制阀的打开状态的方法及其设备
CN
08.03.2017
F01P 7/16 Loading...
F01P 7/16
Loading...
112015000036232
宝马股份公司
托马斯·施皮斯
F01P 7/16
Loading...
提出一种用于监测内燃机(2)的冷却剂回路(1)的控制阀(11)的打开状态的方法，其中控制阀(11)具有阀元件(12)，该阀元件可由致动器(22)致动，用于允许和/或阻挡冷却剂回路(1)中的冷却剂流，该冷却剂回路具有热交换器(3)，并且具有用于检测阀元件(12)的位置的设备，并且所述设备检测表示在内燃机(2)的起动之前的阀元件(12)的位置的第一实际值，并且将该实际值与对应于阀元件(12)的阻挡位置的参考值进行比较。
112. 106478266 一种防病型栽培基质及其制备方法和应用
CN
08.03.2017
C05G 3/00 Loading...
C05G 3/00
Loading...
201610918075.7
广州市林业和园林科学研究院
陈莹
C05G 3/00
Loading...
本发明涉及植物栽培技术领域，具体涉及一种防病型栽培基质及其制备方法和应用，所述防病型栽培基质由以下重量比的原料制成：堆肥20‑40%、泥炭50‑70%和珍珠岩5‑15%，堆肥由堆肥和复合菌剂制成，复合菌剂占堆肥的重量比为0.1‑0.5%；堆肥主要由以下原料制成：农林废弃物、水、氮源和磷源，水占堆肥的重量比为50‑60%；复合菌剂主要由以下菌体制成：胶质芽孢杆菌、枯草芽孢杆菌、巨大芽孢杆菌、绿色木霉、酿酒酵母、假丝酵母和解朊假丝酵母。采用该制备方法制得的防病型栽培基质，不仅具有可再生、成本低廉和环保等优点，而且将其应用于栽培番茄中，能较好的起到防治青枯病的作用，提高番茄育苗的存活率。
113. 106486007 塑质森林固定样地树木标牌
CN
08.03.2017
G09F 7/18 Loading...
G09F 7/18
Loading...
102016000960706
北华大学
李国伟
G09F 7/18
Loading...
本发明涉及塑质森林固定样地树木标牌，适用于森林固定样地布设时，样地内树木标号使用。包括塑质钉（1），标牌连线（2），标牌（3），塑质钉楔入装置（4），圆形小孔（11），引线槽（41），固定器（42）。本发明提供的塑质森林固定样地树木标牌，其有益效果是：（1）钉入树干当中的材料均为无毒塑料材质，不会影响树木生长，也不会影响树木转变成木材后的木材质量；（2）塑质钉体积小，钉入树干后，很容易被包埋到树干当中，不再可能会脱落，标牌连线与标牌采用耐磨、耐风化的材质制成，可以有效防止标牌及标牌上的号码丢失问题。
114. 106479366 一种氢化松香蔗糖酯的制备方法
CN
08.03.2017
C09F 1/04 Loading...
C09F 1/04
Loading...
102016000779580
广西华林化工有限公司
何松英
C09F 1/04
Loading...
本发明提供了一种氢化松香蔗糖酯的制备方法，该方法以精制松香为起始原料，先经过加氢反应制成高纯度氢化松香，再和无水乙醇、蔗糖酯化生成氢化松香乙蔗糖酯产品。本发明松香加氢反应采用特定的铂‑氧化锌和TiO按1：0.02‑0.05混合的混合物作为催化剂反应，酯化反应采用无水碳酸钾和氧化锌按1：2混合的混合物作为催化剂，并在双(3，5‑三级丁基‑4‑羟基苯基)硫醚抗氧化保护下反应，提高了原料的转化率并缩短了反应时间，增加了产品的收率，且产品质量得到了提高，为松香的深加工探索新的途径。
115. 104874979 整体外圈式自润滑关节轴承的滚珠旋压成形装置及成形方法
CN
01.03.2017
B23P 15/00 Loading...
B23P 15/00
Loading...
102015000203029
秦皇岛华林精密轴承技术有限责任公司
马春荣
B23P 15/00
Loading...
本发明涉及一种整体外圈式自润滑关节轴承的滚珠旋压成形装置及成形方法。所述装置的上模座内安装内锥面环，保持架固定在内锥面环将所述大、中、小三组滚珠约束在其对应的辊道上，底板的中心沉孔内装有芯轴，底板通过螺栓与下模联接。所述成形方法将关节轴承外圈坯料的内表面加工成经过工艺优化的形状，自润滑层贴于其上，采用所述成形装置使外圈坯料成形端的内表面随形贴合于轴承内圈上，然后，通过对轴承外圈的端面和外表面进行车削、磨削加工，获得整体外圈式自润滑关节轴承成品。本发明在成形过程中，轴承外圈与内圈之间为柔性接触，不会对自润滑层造成损伤，同时滚珠旋压变形均匀、成形力小、易于控制。
116. 104930818 一种利用稻谷干燥栀子果的方法
CN
01.03.2017
F26B 3/20 Loading...
F26B 3/20
Loading...
102015000319806
安徽翔华农林有限公司
李才安
F26B 3/20
Loading...
一种利用稻谷干燥栀子果的方法，涉及栀子果精加工技术领域，包括以下步骤方法：将稻谷倒入到70‑80℃的铁锅中，翻炒10分钟将稻谷倒出，将稻谷均匀铺撒在大铁盘中，然后将栀子果均匀铺在稻谷上，在烘干房中以60‑70℃烘干10‑18小时，取出栀子果倒入到炒干机中炒制，炒制时在炒干机中添加经过30目筛网筛选过的沙石子，转速设置到35r/min，温度升到95℃，烘1.5小时，然后提高炉膛温度到130℃，转速提升到58～60r/min，烘炒8分钟。本发明整个工序中稻谷的使用能够促进栀子果中香味的激发以及提高栀子黄的产出率，整个过程可以促进栀子果的保鲜度和延长栀子果存储时间降低烘干时间、提高烘干效率、提高栀子果的品质。
117. 104690785 竹制油毡复合板及其制备方法
CN
01.03.2017
B32B 21/10 Loading...
B32B 21/10
Loading...
201510129499.0
四川华象林产工业有限公司
张明忠
B32B 21/10
Loading...
本发明公开了一种竹制油毡复合板及其制备方法，属于板材技术领域。本发明的油毡胶合板，包括竹席竹帘板层，所述竹席竹帘板层的上表面覆盖有油毡层，所述竹席竹帘板层的下表面覆盖有竹席或油毡层。本发明的竹制油毡复合板及其制备方法，主要解决现有包装板材防水防潮效果不佳，且生产成本昂贵的技术问题，其在胶合板外增加一层油毡能够起到防水防腐、防霉、防潮的作用，通过在胶合板中间使用竹编胶合板，竹编胶合板原材料丰富、加工简单、制造使用成本低廉，在胶合板的背面层增加油毡层防水防潮效果更佳。且通过新方法制成的胶合板，具有较好的防水、防潮效果，避免在对机电包装时的膨胀变形等，对精密仪器的影响，同时可降低生产厂家的生产成本。
118. 205988171 一种快速调节包围式吧台
CN
01.03.2017
A47F 9/00 Loading...
A47F 9/00
Loading...
201620496266.4
林华铨
林华铨
A47F 9/00
Loading...
本实用新型提供了一种快速调节包围式吧台，属于吧台领域。它解决了现有吧台不方便临时搭建的问题。本快速调节包围式吧台，包括扇形板状主桌板，主桌板具有同轴设置的内弧边和外弧边，以及位于主桌板两端的左侧边和右侧边，内弧边、外弧边、左侧边和右侧边依次相交处分别具有位于主桌板底部的主支脚，主桌板内分别具有在左侧边和右侧边开口的弧形左插槽和弧形右插槽，还包括分别抽拉式插在左插槽和右插槽内的左副桌板和右副桌板，且能从左插槽和右插槽内分别拉出左副桌板和右副桌板，并使主桌板、左副桌板和右副桌板合围形成圆环形结构。本吧台能快速进行搭建。
119. 205988916 一种眼科用医疗器械刷洗设备
CN
01.03.2017
B08B 1/04 Loading...
B08B 1/04
Loading...
201620717776.X
林志华
李祥福
B08B 1/04
Loading...
本实用新型涉及一种眼科用医疗器械刷洗设备，包括设备外壳，所述设备外壳上端一侧设置有密封盖板，所述密封盖板上设置有冲洗喷头，所述设备外壳内部设置有刷洗组件A、刷洗组件B与刷洗组件C，所述刷洗组件A、刷洗组件B与刷洗组件C轴线处于水平面上，所述刷洗组件A、刷洗组件B与刷洗组件C均包括驱动辊与刷洗叶片。本实用新型使用时，将医疗器械放置在设备外壳内部，冲洗喷头将消毒液喷出，实现对医疗器械进行冲洗，同时刷洗组件A、刷洗组件B与刷洗组件C实现对器械进行刷洗，这样可以将医疗器械上的粘附物清洗干净，清洗效果好。
120. 106449235 一种防止气体输送管线上急停按钮误操作的安全锁定装置
CN
22.02.2017
H01H 9/28 Loading...
H01H 9/28
Loading...
201611180858.6
上海华林工业气体有限公司
唐青
H01H 9/28
Loading...
本发明涉及一种防止气体输送管线上急停按钮误操作的安全锁定装置，急停按钮包括按钮底座和设置在按钮底座上的动作按钮，动作按钮包括按压部及插入部，插入部与按压部相连并插入到按钮底座内部，安全锁定装置包括一具有开口的弹性卡持圈，弹性卡持圈套设在按压部与按钮底座之间的插入部上，弹性卡持圈上连接有一拉链，弹性卡持圈为具有一段缺口的圆环结构，在自然状态下，该缺口的长度小于插入部的外径，使得的弹性卡持圈在插入部上不脱落，在拉动弹性卡持圈上的拉链时，缺口张大至插入部的外径大小，使得弹性卡持圈从插入部上脱落。与现有技术相比，本发明具有结构简单、锁定效果好、解锁方便等优点。
121. 106426623 塑料造粒水冷却干燥设备
CN
22.02.2017
B29B 9/06 Loading...
B29B 9/06
Loading...
201610999816.9
宁夏青林华源科技有限公司
陈文明
B29B 9/06
Loading...
一种塑料造粒水冷却干燥设备，挤料机的末端固定有水冷切粒机，运输管道的入口与水冷切粒机的出料口连通，且出口与干燥冷却塔连通，干燥冷却塔上开口为下料口，且下开口为出料口，分料塔板和接料塔板竖直方向间隔排列，分料塔板为锥形，且顶点位于下料口处，分料塔板的下部边沿与塔壁之间的缝隙形成物料通路，分料塔板下部设置有倒置的截顶无底面圆锥体状的接料塔板，接料塔板上边沿与塔壁密封固定连接，圆锥体内部用作接料，截顶为接料塔板下料口，分料塔板的顶点设置在接料塔板下料口处，生物基及可生物降解塑料经过造粒机后，进行水冷然后通过干燥塔干燥，采用水冷和风冷相结合的手段，达到均匀造粒，降低粒料中的水分，提高生产效率和成品率。
122. 106422942 改性淀粉基材料混料设备
CN
22.02.2017
B01F 13/10 Loading...
B01F 13/10
Loading...
201610999526.4
宁夏青林华源科技有限公司
刘军
B01F 13/10
Loading...
一种改性淀粉基材料混料设备，包括热混锅、冷混锅、透气软连接筒、热油循环装置、冷水循环装置，淀粉基材料在夹层内通入热循环油的热混锅中混合改性，下搅拌子将物料向上搅拌，物料碰到搅料椎体会形成缝隙，从而将物料中的水汽释放出去，搅料椎体正上方的热锅排气孔将水汽排出去，这样不仅杜绝了喷料现象，同时水分排放迅速且彻底，物料碰到搅料椎体后向下折返，同时上搅拌子将物料打散的同时向下推进，如此混合更均匀，本发明能有效提高原料翻滚频率，减少搅拌时间，降低搅拌能耗，提高复合材料共混改性质量，提高淀粉基材料中的水分排放率，水分含量降低，且锅内壁无任何死角板结物料。
123. 106420123 肌电手半掌手头的无名指和小拇指
CN
22.02.2017
A61F 2/56 Loading...
A61F 2/56
Loading...
201510477736.2
林腊华
林腊华
A61F 2/56
Loading...
肌电手半掌手头的无名指和小拇指,所述的无名指和小拇指至少有两个指段，且各个手指之间通过U形板、连接轴与食指和中指相连接,其特征在于:所述的需要时装上称为五指手头，不需要时不安装称为三指手头。本发明，手架构造成整体形式，通过数控机床加工成形，和传统的手架板式手头相比，行星减速器到手头最底面的距离比传统手头大大降低，并且它进一步保证了齿轮安装中心距的精度要求，减少了安装累积误差。该肌电半掌手头底部通过与其相似外形的莲花座或连接盘与手臂筒相连接。适用面较为广泛，给人们的生活、工作和学习带来了很大的便利。
124. 106439664 一种汽车灯具LED模组安装工装
CN
22.02.2017
F21S 8/10 Loading...
F21S 8/10
Loading...
201510477758.9
林腊华
林腊华
F21S 8/10
Loading...
一种汽车灯具LED模组安装工装，其特征在于：所述散热块有三个能固定LED模组的过孔；其特征在于：所述散热块两侧各有一匹配孔，两孔在一轴线上；所述散热块上方有一大圆孔；所述装车支架有两个圆柱轴；所述装车支架上方有一个方孔。本发明，结构简单，调光方便，可大大降低灯具的研发成本和提升灯具质量。
125. 106450884 具有放大电路的防触电安全插座
CN
22.02.2017
H01R 13/35 Loading...
H01R 13/35
Loading...
201610853739.6
防城港市绿华源农林科技有限公司
周丽珠
H01R 13/35
Loading...
本发明公开了一种具有放大电路的防触电安全插座，包括电源模块、壳体、电极片、压力传感器、单片机和继电器，所述壳体上设置插座孔，壳体内壁与插座孔对应处设置两个电极片，两个电极片的中间设置压力传感器，压力传感器检测的信号传输至单片机，单片机根据接收的来自压力传感器的信号控制继电器动作，电源模块为单片机提供直流电源，连接插座与电源的总线上设置霍尔电流传感器和智能断路器，插孔处安装盖板，盖板与马达连接，所述压力传感器与单片机间依次连接采样电路、滤波电路和放大电路，所述放大电路：包括运放器U1、运放器U2和运放器U3，电阻R1与运放器U1的反相输入端串联。实现避免触电，增强插座安全性的优点。
126. 106450888 具有放大电路的安全插座
CN
22.02.2017
H01R 13/35 Loading...
H01R 13/35
Loading...
201610853746.6
防城港市绿华源农林科技有限公司
周丽珠
H01R 13/35
Loading...
本发明公开了一种具有放大电路的安全插座，包括电源模块、壳体、电极片、压力传感器、单片机和继电器，所述壳体上设置插座孔，壳体内壁与插座孔对应处设置两个电极片，两个电极片的中间设置压力传感器，压力传感器检测的信号传输至单片机，单片机根据接收的来自压力传感器的信号控制继电器动作，电源模块为单片机提供直流电源，连接插座与电源的总线上设置霍尔电流传感器和智能断路器，所述压力传感器与单片机间依次连接采样电路、滤波电路和放大电路，所述放大电路：包括运放器U1、运放器U2和运放器U3，电阻R1与运放器U1的反相输入端串联。实现避免触电，增强插座安全性的优点。
127. 106419596 具有放大电路的防溢锅盖
CN
22.02.2017
A47J 36/06 Loading...
A47J 36/06
Loading...
201610857977.4
防城港市绿华源农林科技有限公司
周丽珠
A47J 36/06
Loading...
本发明公开了一种具有放大电路的防溢锅盖，包括提纽、气管、气孔和锅盖板，提纽设置在锅盖板的顶端，锅盖板内嵌气管，气管的一端与提纽内的压缩机连接，气管的另一端设置钢珠，且气管出口处的直径小于钢珠的直径，气管为多个，多个气管沿锅盖圆周均匀分布，所述提纽内设置单片机、电源模块和压缩机，所述气孔设置在锅盖板上，气孔内设置压力传感器，压力传感器的信号传输至单片机，单片机根据接收的信号控制压缩机动作，电源模块为单片机和压缩机提供电源，所述压力传感器和单片机之间依次连接采样电路、滤波电路和放大电路，所述放大电路：包括运放器U1、运放器U2和运放器U3，电阻R1与运放器U1的反相输入端串联。实现防溢锅的优点。
128. 106420390 一种用于美容护肤的干细胞制剂及其制备方法
CN
22.02.2017
A61K 8/64 Loading...
A61K 8/64
Loading...
102016001050918
吉林省拓华生物科技有限公司
田娜
A61K 8/64
Loading...
本发明提供了一种用于美容护肤的干细胞制剂及其制备方法。其中所述方法包括：a)提供从哺乳动物获得的干细胞；b)对干细胞进行原代培养；c)在添加有维生素A的干细胞培养基中对干细胞进行传代培养；d)更换为添加有黄芪甲苷的无酚红培养液，在低氧条件下继续培养；e)将干细胞连同培养液进行超声破碎，离心，收集上清液，并过滤除菌；f)检测上清液的总蛋白浓度，调整上清液总蛋白浓度。本发明提供的用于美容护肤的干细胞制剂的制备方法解决了常规培养方法体外培养细胞数目少，因子含量低等关键性问题。
129. 205962019 可移动草毯穴盘
CN
22.02.2017
A01G 9/10 Loading...
A01G 9/10
Loading...
202016000683721
北京绿京华园林工程有限公司
郝跃龙
A01G 9/10
Loading...
一种可移动草毯穴盘,包括挡板、叉车口、底板、支撑块、通孔、连接柱、所述挡板与底板连接，所述在底板的下面设有支撑柱，所述挡板的侧面设有通孔，提供一种可移动草毯穴盘，在使用时采用叉车操作简单，提高了效益减少了劳动力。
130. 205962142 绿篱浇灌器
CN
22.02.2017
A01G 25/02 Loading...
A01G 25/02
Loading...
202016000683724
北京绿京华园林工程有限公司
张辉
A01G 25/02
Loading...
本实用新型公开了一种绿篱浇灌器，包括固定架，所述的固定架上设置安装座，所述的安装座上设置有可旋转的喷水装置，所述的喷水装置包括转动连接于安装座并与水源接通的喷水管，所述的喷水管上设置有若干个沿喷水管旋转轴方向设置的喷头，喷头的喷水方向垂直于喷水管的旋转轴线，所述的安装座上设有驱动喷水管转动旋转机构,在洒水的时候，喷头上喷洒出的水会完全的被洒到绿篱之上，增加水资源的利用率。
131. 205961960 树干除蘖器
CN
22.02.2017
A01G 3/08 Loading...
A01G 3/08
Loading...
202016000683964
北京绿京华园林工程有限公司
郭继承
A01G 3/08
Loading...
本实用新型公开了一种树干除蘖器，包括除蘖器本体，所述除蘖本体的前端设置有用于切割的刀刃，所述除蘖器本体的设置有用于抵接于树干并刀刃与树干保持间隙的滑移组件，所述的除蘖器本体还设有用于握持的操作部，可以提高除蘖的效率。
132. 106429130 垃圾信息的处理方法、装置和系统
CN
22.02.2017
B65F 9/00 Loading...
B65F 9/00
Loading...
201610805304.4
北京三辰环卫机械有限公司
陆小波
B65F 9/00
Loading...
本发明公开了一种垃圾信息的处理方法、装置和系统。其中，该方法包括：采集智能垃圾桶上报的垃圾桶信息；根据垃圾桶信息确定待进行运转处理的至少一个智能垃圾桶；收集至少一个智能垃圾桶的地理位置信息；根据至少一个智能垃圾桶的地理位置信息生成垃圾运转路线；向垃圾运转车辆发送垃圾运转路线，其中，垃圾运转车辆按照垃圾运转路线运转至少一个智能垃圾桶的垃圾。本发明解决了由于现有的垃圾信息的收集处理方法不完善而造成的无法及时对垃圾桶进行处理的技术问题。
133. 106429098 垃圾箱及垃圾回收装置
CN
22.02.2017
B65F 1/14 Loading...
B65F 1/14
Loading...
201610803658.5
北京三辰环卫机械有限公司
张雅晶
B65F 1/14
Loading...
本发明提供了垃圾箱及垃圾回收装置，其中，垃圾箱，包括：垃圾箱主体，垃圾箱主体上设置有垃圾投入口；内桶，内桶设置在垃圾箱主体内；电推杆压缩单元，电推杆压缩单元包括电推杆组件和压缩头组件，电推杆组件的第一端设置在垃圾箱主体上，压缩头组件设置在电推杆组件的第二端并朝内桶设置，压缩头组件用于压缩内桶内的垃圾。本发明的技术方案有效地解决了现有技术中的垃圾箱的压缩结构复杂传动效率低的问题。
134. 106420195 车辆
CN
22.02.2017
A61G 3/06 Loading...
A61G 3/06
Loading...
102016000803197
北京三辰环卫机械有限公司
贾兴卫
A61G 3/06
Loading...
本发明提供了一种车辆，包括：车辆主体，车辆主体包括车辆壳体和容纳空间，车辆壳体上设置有车门；引导固定板单元的第一端与车辆壳体可枢转地连接，引导固定板单元的第二端具有与地面相搭接的第一位置及位于车辆壳体内的第二位置，当引导固定板单元的第二端处于第二位置时，引导固定板单元的第二端的高度高于其第一端的高度，引导固定板单元处于第一位置时可使轮椅进入容纳空间内，引导固定板单元处于第二位置时可固定轮椅；固定单元用以固定轮椅，固定单元的第一端与车辆主体相连接，固定单元的第一端和其第二端之间具有弹性结构。本发明的技术方案解决了轮椅移动至车辆上或者卸车时比较困难及轮椅在车辆上固定不稳的问题。
135. 106426743 一种低压注塑靠背护板
CN
22.02.2017
B29C 45/14 Loading...
B29C 45/14
Loading...
201610870374.8
吉林省华翼汽车零部件有限公司
卢建权
B29C 45/14
Loading...
本发明公开了一种低压注塑靠背护板，包括PVC皮革和塑料件本体，所述的PVC皮革为无纺布皮革，PVC皮革为三层结构，最下层为无纺布层、中间层为发泡层、最上层为表皮层，所述的PVC皮革吸附在塑料件本体上。本发明采用机器手取件，避免工人手工取件，减小操作者劳动力；可以合理采用皮革尺寸，避免多余皮革浪费；进行低压注塑工艺，能够达到PVC皮革完全吸附在塑料件表面的要求。
136. 106419601 具有滤波电路和搅拌功能的锅盖
CN
22.02.2017
A47J 36/06 Loading...
A47J 36/06
Loading...
201610858151.X
防城港市绿华源农林科技有限公司
周丽珠
A47J 36/06
Loading...
本发明公开了一种具有滤波电路和搅拌功能的锅盖，包括提纽、支撑架、气孔和翻板，提纽设置在支撑架的顶端，支撑架之间设置翻板，且翻板与支撑架的顶部采用轴承连接，所述提纽内设置单片机、电源模块和直流电机，所述气孔设置在翻板上，气孔内设置压力传感器，压力传感器的信号传输至单片机，单片机根据接收的信号控制直流电机动作，电源模块为单片机和直流电机提供电源，所述提纽的底部设置搅拌棒，搅拌棒的顶部通过轴承与提纽连接，且搅拌棒采用伸缩杆，所述压力传感器和单片机之间依次串联采样电路、滤波电路和放大电路，所述滤波电路：包括运放器A1、运放器A2和可控精密稳压源Q5。实现防溢锅的优点。
137. 106437104 具有滤波电路的智能刷墙工具
CN
22.02.2017
E04F 21/08 Loading...
E04F 21/08
Loading...
201610858137.X
防城港市绿华源农林科技有限公司
周丽珠
E04F 21/08
Loading...
本发明公开了一种具有滤波电路的智能刷墙工具，包括底座、滑轨、支持架、滚筒刷、桶体和挡板，滑轨设置在底座上，支持架设置在滑轨上，所述滚筒刷设置在支持架的顶部，且滚筒刷与支持架采用轴承连接，所述桶体设置在支持架上，所述挡板设置在支持架的底部，所述挡板采用伸缩板，该挡板的前端设置压力传感器，控制器和为控制器提供直流电源的电源模块设置在支持架上，压力传感器与控制器之间连接采样电路、滤波电路和放大电路，所述滤波电路：包括运放器A1和运放器A2，电阻R1和电阻R2组成的串联电路连接在运放器A1的反相输入端。以实现提高效率、减少资源浪费的同时防止墙漆滴落到地面和踢脚线上的优点。
138. 106426488 一种能快速拆装的多功能家具及其加工方法
CN
22.02.2017
B27M 3/18 Loading...
B27M 3/18
Loading...
201610930316.X
广东省宜华木业股份有限公司
卢彦元
B27M 3/18
Loading...
本发明提出的是一种能快速拆装的多功能家具及其加工方法，其结构包括板材（1）、银锭榫（3）、燕尾榫（5）；其中，板材（1）包括两个侧面（2）和两个斜面（4），侧面（2）上有银锭榫榫槽（a），斜面（4）上有燕尾榫榫槽（b）；N块板材（1）通过斜面（4）首尾相接成单体，相邻斜面（4）的燕尾榫榫槽（b）内插有燕尾榫（5）；单体与单体之间的侧面（2）对应相接，相邻侧面（2）的银锭榫榫槽（a）内插有银锭榫（3）。优点：1）方便箱体的平拼和竖拼，实现家具的多功能性；2）拆卸方便，零件占用体积小；3）加工简单；4）可以实现平板化包装，节约了包装和运输成本，具有良好的环境效益。
139. 106428742 具有放大电路的智能贴膜装置
CN
22.02.2017
B65B 33/02 Loading...
B65B 33/02
Loading...
201610853514.0
防城港市绿华源农林科技有限公司
周丽珠
B65B 33/02
Loading...
本发明公开了一种具有放大电路的智能贴膜装置，包括壳体、加压装置和压板，加压装置通过管道与壳体连接，壳体的侧壁上设置开口，压板通过开口与壳体连接，压板上设置压力传感器，压力传感器的信号经采样电路、滤波电路和放大电路后传输至单片机，单片机根据接收的信号，控制加压装置工作，放大电路：包括运放器U1和运放器U2，电阻R1与运放器U1的同相输入端串联。实现提高效率及质量的优点。
140. 106419593 具有采样电路和搅拌功能的防溢锅盖
CN
22.02.2017
A47J 36/06 Loading...
A47J 36/06
Loading...
201610857838.1
防城港市绿华源农林科技有限公司
周丽珠
A47J 36/06
Loading...
本发明公开了一种具有采样电路和搅拌功能的防溢锅盖，提纽设置在锅盖板的顶端，锅盖板内嵌气管，气管的一端与提纽内的压缩机连接，气管的另一端设置钢珠，且气管出口处的直径小于钢珠的直径，提纽内设置单片机、电源模块和压缩机，气孔设置在锅盖板上，气孔内设置压力传感器，压力传感器的信号传输至单片机，单片机根据接收的信号控制压缩机动作，电源模块为单片机和压缩机提供电源，提纽的底部设置搅拌棒，搅拌棒的顶部通过轴承与提纽连接，压力传感器和单片机之间依次连接采样电路、滤波电路和放大电路，采样电路：包括运放器U1、运放器U2和运放器U3，电阻R1与运放器U1的同相输入端连接。实现防溢锅的优点。
141. 106437101 具有功率放大电路的刷墙工具
CN
22.02.2017
E04F 21/08 Loading...
E04F 21/08
Loading...
201610858028.8
防城港市绿华源农林科技有限公司
周丽珠
E04F 21/08
Loading...
本发明公开了一种具有功率放大电路的刷墙工具，包括底座、滑轨、支持架、滚筒刷、桶体和挡板，滑轨设置在底座上，支持架设置在滑轨上，所述滚筒刷设置在支持架的顶部，且滚筒刷与支持架采用轴承连接，所述桶体设置在支持架上，所述挡板设置在支持架的底部，所述挡板采用伸缩板，该挡板的前端设置压力传感器，控制器和为控制器提供直流电源的电源模块设置在支持架上，压力传感器与控制器之间连接采样电路、滤波电路和功率放大电路，所述功率放大电路：包括运放器U1和运放器U2，电阻R1与运放器U1的同相输入端串联。以实现提高效率、减少资源浪费的同时防止墙漆滴落到地面和踢脚线上的优点。
142. 106419599 具有采样电路的锅盖
CN
22.02.2017
A47J 36/06 Loading...
A47J 36/06
Loading...
201610858050.2
防城港市绿华源农林科技有限公司
周丽珠
A47J 36/06
Loading...
本发明公开了一种具有采样电路的锅盖，包括提纽、支撑架、气孔和翻板，提纽设置在支撑架的顶端，支撑架之间设置翻板，且翻板与支撑架的顶部采用轴承连接，所述提纽内设置单片机、电源模块和直流电机，所述气孔设置在翻板上，气孔内设置压力传感器，压力传感器的信号传输至单片机，单片机根据接收的信号控制直流电机动作，电源模块为单片机和直流电机提供电源，所述压力传感器和单片机之间依次串联采样电路、滤波电路和放大电路，所述采样电路：包括运放器U1、运放器U2和运放器U3，电阻R1与运放器U1的同相输入端连接。实现防溢锅的优点。
143. 106450886 具有采样电路的插座
CN
22.02.2017
H01R 13/35 Loading...
H01R 13/35
Loading...
201610853743.2
防城港市绿华源农林科技有限公司
周丽珠
H01R 13/35
Loading...
本发明公开了一种具有采样电路的插座，包括电源模块、壳体、电极片、压力传感器、单片机和继电器，所述壳体上设置插座孔，壳体内壁与插座孔对应处设置两个电极片，两个电极片的中间设置压力传感器，压力传感器检测的信号传输至单片机，单片机根据接收的来自压力传感器的信号控制继电器动作，电源模块为单片机提供直流电源，所述压力传感器与单片机间依次连接采样电路、滤波电路和放大电路，所述采样电路：包括运放器U1、运放器U2和运放器U3，电阻R1与运放器U1的同相输入端连接。实现避免触电，增强插座安全性的优点。
144. 106450887 具有采样电路的安全插座
CN
22.02.2017
H01R 13/35 Loading...
H01R 13/35
Loading...
201610853744.7
防城港市绿华源农林科技有限公司
周丽珠
H01R 13/35
Loading...
本发明公开了一种具有采样电路的安全插座，包括电源模块、壳体、电极片、压力传感器、单片机和继电器，所述壳体上设置插座孔，壳体内壁与插座孔对应处设置两个电极片，两个电极片的中间设置压力传感器，压力传感器检测的信号传输至单片机，单片机根据接收的来自压力传感器的信号控制继电器动作，电源模块为单片机提供直流电源，连接插座与电源的总线上设置霍尔电流传感器和智能断路器，所述压力传感器与单片机间依次连接采样电路、滤波电路和放大电路，所述采样电路：包括运放器U1、运放器U2和运放器U3，电阻R1与运放器U1的同相输入端连接。实现避免触电，增强插座安全性的优点。
145. 106447449 具有滤波电路的用于房屋租赁的系统
CN
22.02.2017
G06Q 30/06 Loading...
G06Q 30/06
Loading...
201610855364.7
防城港市绿华源农林科技有限公司
周丽珠
G06Q 30/06
Loading...
本发明公开了一种具有滤波电路的用于房屋租赁的系统，其特征在于，包括中控器、摄像头、服务器、智能锁具和位移传感器，所述位移传感器为多个，房屋的每个家居上均设置位移传感器，所述位移传感器检测的信息传输至中控器，所述摄像头设置在门口，且摄像头采集的图像信息传输至中控器，中控器根据来自服务器的命令控制智能锁具的开闭，所述位移传感器检测的信息依次经采样电路、滤波电路和放大电路后传输至中控器；所述滤波电路：包括运放器A1、运放器A2和可控精密稳压源Q5，可控精密稳压源Q5的阴极与运放器A1的反相输入端之间串联电阻R6。实现降低房租费用的优点。
146. 106447450 具有采样电路的用于房屋租赁的平台
CN
22.02.2017
G06Q 30/06 Loading...
G06Q 30/06
Loading...
201610855407.1
防城港市绿华源农林科技有限公司
周丽珠
G06Q 30/06
Loading...
本发明公开了一种具有采样电路的用于房屋租赁的平台，其特征在于，包括中控器、摄像头、服务器、智能锁具和位移传感器，所述位移传感器为多个，房屋的每个家居上均设置位移传感器，所述位移传感器检测的信息传输至中控器，所述摄像头设置在门口，且摄像头采集的图像信息传输至中控器，中控器根据来自服务器的命令控制智能锁具的开闭，服务器内设置预约管理模块，所述位移传感器检测的信息依次经采样电路、滤波电路和放大电路后传输至中控器；所述采样电路：包括运放器U1、运放器U2和运放器U3，电阻R1与运放器U1的同相输入端连接。实现降低房租费用的优点。
147. 106447448 具有滤波电路的用于房屋租赁的智能系统
CN
22.02.2017
G06Q 30/06 Loading...
G06Q 30/06
Loading...
201610855354.3
防城港市绿华源农林科技有限公司
周丽珠
G06Q 30/06
Loading...
本发明公开了一种具有滤波电路的用于房屋租赁的智能系统，其特征在于，包括中控器、摄像头、服务器、智能锁具和位移传感器，所述位移传感器为多个，房屋的每个家居上均设置位移传感器，所述位移传感器检测的信息传输至中控器，所述摄像头设置在门口，且摄像头采集的图像信息传输至中控器，中控器根据来自服务器的命令控制智能锁具的开闭，所述位移传感器检测的信息依次经采样电路、滤波电路和放大电路后传输至中控器；所述滤波电路：包括运放器A1和运放器A2，电阻R1和电阻R2组成的串联电路连接在运放器A1的反相输入端。实现降低房租费用的优点。
148. 106447858 具有采样电路的用于房屋租赁的智能网络系统
CN
22.02.2017
G07C 9/00 Loading...
G07C 9/00
Loading...
201610855379.3
防城港市绿华源农林科技有限公司
周丽珠
G07C 9/00
Loading...
本发明公开了一种具有采样电路的用于房屋租赁的智能网络系统，其特征在于，包括中控器、摄像头、服务器、智能锁具和位移传感器，所述位移传感器为多个，房屋的每个家居上均设置位移传感器，所述位移传感器检测的信息传输至中控器，所述摄像头设置在门口，且摄像头采集的图像信息传输至中控器，中控器根据来自服务器的命令控制智能锁具的开闭，所述家具内嵌射频芯片，且在门口安装读卡器，所述位移传感器检测的信息依次经采样电路、滤波电路和放大电路后传输至中控器；所述采样电路：包括运放器U1和运放器U2，电阻R1与运放器U1的同相输入端串联。实现降低房租费用的优点。
149. 106419595 具有放大电路的智能防溢锅盖
CN
22.02.2017
A47J 36/06 Loading...
A47J 36/06
Loading...
201610857976.X
防城港市绿华源农林科技有限公司
周丽珠
A47J 36/06
Loading...
本发明公开了一种具有放大电路的智能防溢锅盖，包括提纽、气管、气孔和锅盖板，提纽设置在锅盖板的顶端，锅盖板内嵌气管，气管的一端与提纽内的压缩机连接，气管的另一端设置钢珠，且气管出口处的直径小于钢珠的直径，气管为多个，多个气管沿锅盖圆周均匀分布，所述提纽内设置单片机、电源模块和压缩机，所述气孔设置在锅盖板上，气孔内设置压力传感器，压力传感器的信号传输至单片机，单片机根据接收的信号控制压缩机动作，电源模块为单片机和压缩机提供电源，所述压力传感器和单片机之间依次连接采样电路、滤波电路和放大电路，所述放大电路：包括运放器U1和运放器U2，电阻R1与运放器U1的同相输入端串联。实现防溢锅的优点。
150. 106437103 具有采样电路的刷墙工具
CN
22.02.2017
E04F 21/08 Loading...
E04F 21/08
Loading...
201610858033.9
防城港市绿华源农林科技有限公司
周丽珠
E04F 21/08
Loading...
本发明公开了一种具有采样电路的刷墙工具，包括底座、滑轨、支持架、滚筒刷、桶体和挡板，滑轨设置在底座上，支持架设置在滑轨上，所述滚筒刷设置在支持架的顶部，且滚筒刷与支持架采用轴承连接，所述桶体设置在支持架上，所述挡板设置在支持架的底部，所述挡板采用伸缩板，该挡板的前端设置压力传感器，控制器和为控制器提供直流电源的电源模块设置在支持架上，压力传感器与控制器之间连接采样电路、滤波电路和放大电路，所述采样电路：包括运放器U1、运放器U2和运放器U3，电阻R1与运放器U1的同相输入端连接。以实现提高效率、减少资源浪费的同时防止墙漆滴落到地面和踢脚线上的优点。
151. 106442543 一种在线识别金属工件连续激光焊缝表面质量的检测方法
CN
22.02.2017
G01N 21/88 Loading...
G01N 21/88
Loading...
102016000900305
龚新林
龚新林
G01N 21/88
Loading...
本发明提供了一种在线识别金属工件连续激光焊缝表面质量的检测方法：采用高分辨率彩色面阵相机、高倍率微距镜头和双LED照明系统获取焊缝表面图像，随后一边开展焊缝区域分割和特征值计算，一边通过工件平移或旋转，拍摄焊缝其他位置的图像，持续地拍摄焊缝图像并完成实时计算，直至到焊缝收焊点或搭接点，最终将各幅图像的计算结果进行整合，完成对连续焊缝尺寸、位置及表面缺陷的在线判别。本发明的方法可以完成各类黑色金属和有色金属的激光长直焊缝、曲线焊缝或空间焊缝的质量在线检测，属于非接触视觉检测的范畴，装置简单、紧凑，响应速度快，抗干扰能力强，具有稳定、可靠、便捷的特点，能够广泛地应用于金属材料的激光焊接领域。
152. 106419597 具有采样电路的防溢锅盖
CN
22.02.2017
A47J 36/06 Loading...
A47J 36/06
Loading...
201610857978.9
防城港市绿华源农林科技有限公司
周丽珠
A47J 36/06
Loading...
本发明公开了一种具有采样电路的防溢锅盖，包括提纽、气管、气孔和锅盖板，提纽设置在锅盖板的顶端，锅盖板内嵌气管，气管的一端与提纽内的压缩机连接，气管的另一端设置钢珠，且气管出口处的直径小于钢珠的直径，气管为多个，多个气管沿锅盖圆周均匀分布，所述提纽内设置单片机、电源模块和压缩机，所述气孔设置在锅盖板上，气孔内设置压力传感器，压力传感器的信号传输至单片机，单片机根据接收的信号控制压缩机动作，电源模块为单片机和压缩机提供电源，所述压力传感器和单片机之间依次连接采样电路、滤波电路和放大电路，所述采样电路：包括运放器U1、运放器U2和运放器U3，电阻R1与运放器U1的同相输入端连接。实现防溢锅的优点。
153. 106419598 具有放大电路的锅盖
CN
22.02.2017
A47J 36/06 Loading...
A47J 36/06
Loading...
201610858040.9
防城港市绿华源农林科技有限公司
周丽珠
A47J 36/06
Loading...
本发明公开了一种具有放大电路的锅盖，包括提纽、支撑架、气孔和翻板，提纽设置在支撑架的顶端，支撑架之间设置翻板，且翻板与支撑架的顶部采用轴承连接，所述提纽内设置单片机、电源模块和直流电机，所述气孔设置在翻板上，气孔内设置压力传感器，压力传感器的信号传输至单片机，单片机根据接收的信号控制直流电机动作，电源模块为单片机和直流电机提供电源，所述压力传感器和单片机之间依次串联采样电路、滤波电路和放大电路，所述放大电路：包括运放器U1、运放器U2和运放器U3，电阻R1与运放器U1的反相输入端串联。实现防溢锅的优点。
154. 106419600 具有功率放大电路的锅盖
CN
22.02.2017
A47J 36/06 Loading...
A47J 36/06
Loading...
201610858142.0
防城港市绿华源农林科技有限公司
周丽珠
A47J 36/06
Loading...
本发明公开了一种具有功率放大电路的锅盖，包括提纽、支撑架、气孔和翻板，提纽设置在支撑架的顶端，支撑架之间设置翻板，且翻板与支撑架的顶部采用轴承连接，所述提纽内设置单片机、电源模块和直流电机，所述气孔设置在翻板上，气孔内设置压力传感器，压力传感器的信号传输至单片机，单片机根据接收的信号控制直流电机动作，电源模块为单片机和直流电机提供电源，所述压力传感器和单片机之间依次串联采样电路、滤波电路和功率放大电路，所述功率放大电路：包括运放器U1和运放器U2，电阻R1与运放器U1的同相输入端串联。实现防溢锅的优点。
155. 106450883 具有滤波电路的智能防触电安全插座
CN
22.02.2017
H01R 13/35 Loading...
H01R 13/35
Loading...
201610853731.X
防城港市绿华源农林科技有限公司
周丽珠
H01R 13/35
Loading...
本发明公开了一种具有滤波电路的智能防触电安全插座，包括电源模块、壳体、电极片、压力传感器、单片机和继电器，所述壳体上设置插座孔，壳体内壁与插座孔对应处设置两个电极片，两个电极片的中间设置压力传感器，压力传感器检测的信号传输至单片机，单片机根据接收的来自压力传感器的信号控制继电器动作，电源模块为单片机提供直流电源，连接插座与电源的总线上设置霍尔电流传感器和智能断路器，插孔处安装盖板，盖板与马达连接，所述压力传感器与单片机间依次连接采样电路、滤波电路和放大电路，所述滤波电路：包括运放器A1和运放器A2，电阻R1和电阻R2组成的串联电路连接在运放器A1的反相输入端。实现避免触电，增强插座安全性的优点。
156. 106428741 具有采样电路的贴膜设备
CN
22.02.2017
B65B 33/02 Loading...
B65B 33/02
Loading...
201610852530.8
防城港市绿华源农林科技有限公司
周丽珠
B65B 33/02
Loading...
本发明公开了一种具有采样电路的贴膜设备，加压装置通过管道与壳体连接，壳体的侧壁上设置开口，压板通过开口与壳体连接，压板上设置压力传感器，压力传感器的信号经采样电路、滤波电路和放大电路后传输至单片机，单片机根据接收的信号，控制加压装置工作，壳体外壁上设置支架，支架上设置电机，电机与压板连接，且电机的控制端与单片机的输出端连接，采样电路：包括运放器U1、运放器U2和运放器U3。实现提高效率及质量的优点。
157. 106419592 具有放大电路和搅拌功能的防溢锅盖
CN
22.02.2017
A47J 36/06 Loading...
A47J 36/06
Loading...
201610857837.7
防城港市绿华源农林科技有限公司
周丽珠
A47J 36/06
Loading...
本发明公开了一种具有放大电路和搅拌功能的防溢锅盖，包括提纽、气管、气孔和锅盖板，提纽设置在锅盖板的顶端，锅盖板内嵌气管，气管的一端与提纽内的压缩机连接，气管的另一端设置钢珠，所述提纽内设置单片机、电源模块和压缩机，所述气孔设置在锅盖板上，气孔内设置压力传感器，压力传感器的信号传输至单片机，单片机根据接收的信号控制压缩机动作，电源模块为单片机和压缩机提供电源，提纽的底部设置搅拌棒，搅拌棒的顶部通过轴承与提纽连接，所述压力传感器和单片机之间依次连接采样电路、滤波电路和放大电路，所述放大电路：包括运放器U1、运放器U2和运放器U3，电阻R1与运放器U1的反相输入端串联。实现防溢锅的优点。
158. 106419594 具有滤波电路的智能防溢锅盖
CN
22.02.2017
A47J 36/06 Loading...
A47J 36/06
Loading...
201610857967.0
防城港市绿华源农林科技有限公司
周丽珠
A47J 36/06
Loading...
本发明公开了一种具有滤波电路的智能防溢锅盖，包括提纽、气管、气孔和锅盖板，提纽设置在锅盖板的顶端，锅盖板内嵌气管，气管的一端与提纽内的压缩机连接，气管的另一端设置钢珠，且气管出口处的直径小于钢珠的直径，气管为多个，多个气管沿锅盖圆周均匀分布，提纽内设置单片机、电源模块和压缩机，所述气孔设置在锅盖板上，气孔内设置压力传感器，压力传感器的信号传输至单片机，单片机根据接收的信号控制压缩机动作，电源模块为单片机和压缩机提供电源，压力传感器和单片机之间依次连接采样电路、滤波电路和放大电路，滤波电路：包括运放器A1和运放器A2，电阻R1和电阻R2组成的串联电路连接在运放器A1的反相输入端。实现防溢锅的优点。
159. 106437102 具有放大电路的智能刷墙工具
CN
22.02.2017
E04F 21/08 Loading...
E04F 21/08
Loading...
201610858029.2
防城港市绿华源农林科技有限公司
周丽珠
E04F 21/08
Loading...
本发明公开了一种具有放大电路的智能刷墙工具，包括底座、滑轨、支持架、滚筒刷、桶体和挡板，滑轨设置在底座上，支持架设置在滑轨上，所述滚筒刷设置在支持架的顶部，且滚筒刷与支持架采用轴承连接，所述桶体设置在支持架上，所述挡板设置在支持架的底部，所述挡板采用伸缩板，该挡板的前端设置压力传感器，控制器和为控制器提供直流电源的电源模块设置在支持架上，压力传感器与控制器之间连接采样电路、滤波电路和放大电路，所述放大电路：包括运放器U1和运放器U2，电阻R1与运放器U1的同相输入端串联。以实现提高效率、减少资源浪费的同时防止墙漆滴落到地面和踢脚线上的优点。
160. 106437100 具有功率放大电路的智能刷墙器
CN
22.02.2017
E04F 21/08 Loading...
E04F 21/08
Loading...
201610858024.X
防城港市绿华源农林科技有限公司
周丽珠
E04F 21/08
Loading...
本发明公开了一种具有功率放大电路的智能刷墙器，包括底座、滑轨、支持架、滚筒刷、桶体和挡板，滑轨设置在底座上，支持架设置在滑轨上，所述滚筒刷设置在支持架的顶部，所述桶体设置在支持架上，所述挡板设置在支持架的底部，该挡板的前端设置压力传感器，控制器和为控制器提供直流电源的电源模块设置在支持架上，桶体内设置水泵和液位传感器，水泵的入口通过管道与底座处的墙漆桶连通，桶体的底部设置搅拌器，压力传感器与控制器之间连接采样电路、滤波电路和功率放大电路，所述功率放大电路：包括运放器A1、运放器A2、运放器A3、三极管T1和三极管T2。以实现提高效率、减少资源浪费的同时防止墙漆滴落到地面和踢脚线上的优点。
161. 106450885 具有放大电路的智能防触电安全插座
CN
22.02.2017
H01R 13/35 Loading...
H01R 13/35
Loading...
201610853741.3
防城港市绿华源农林科技有限公司
周丽珠
H01R 13/35
Loading...
本发明公开了一种具有放大电路的智能防触电安全插座，包括电源模块、壳体、电极片、压力传感器、单片机和继电器，所述壳体上设置插座孔，壳体内壁与插座孔对应处设置两个电极片，两个电极片的中间设置压力传感器，压力传感器检测的信号传输至单片机，单片机根据接收的来自压力传感器的信号控制继电器动作，电源模块为单片机提供直流电源，连接插座与电源的总线上设置霍尔电流传感器和智能断路器，插孔处安装盖板，盖板与马达连接，所述压力传感器与单片机间依次连接采样电路、滤波电路和放大电路，所述放大电路：包括运放器U1和运放器U2，电阻R1与运放器U1的同相输入端串联。实现避免触电，增强插座安全性的优点。
162. 106437099 具有滤波电路的智能刷墙装置
CN
22.02.2017
E04F 21/08 Loading...
E04F 21/08
Loading...
201610857998.6
防城港市绿华源农林科技有限公司
周丽珠
E04F 21/08
Loading...
本发明公开了一种具有滤波电路的智能刷墙装置，包括底座、滑轨、支持架、滚筒刷、桶体和挡板，滑轨设置在底座上，支持架设置在滑轨上，所述滚筒刷设置在支持架的顶部，且滚筒刷与支持架采用轴承连接，所述桶体设置在支持架上，所述挡板设置在支持架的底部，所述挡板采用伸缩板，该挡板的前端设置压力传感器，控制器和为控制器提供直流电源的电源模块设置在支持架上，桶体的底部设置搅拌机，压力传感器与控制器之间连接采样电路、滤波电路和放大电路，所述滤波电路：包括运放器A1和运放器A2，电阻R1和电阻R2组成的串联电路连接在运放器A1的反相输入端。以实现提高效率、减少资源浪费的同时防止墙漆滴落到地面和踢脚线上的优点。
163. 106419590 具有滤波电路和搅拌功能的防溢锅盖
CN
22.02.2017
A47J 36/06 Loading...
A47J 36/06
Loading...
201610857819.9
防城港市绿华源农林科技有限公司
周丽珠
A47J 36/06
Loading...
本发明公开了一种具有滤波电路和搅拌功能的防溢锅盖，包括提纽、气管、气孔和锅盖板，提纽设置在锅盖板的顶端，锅盖板内嵌气管，气管的一端与提纽内的压缩机连接，气管的另一端设置钢珠，所述提纽内设置单片机、电源模块和压缩机，所述气孔设置在锅盖板上，气孔内设置压力传感器，压力传感器的信号传输至单片机，单片机根据接收的信号控制压缩机动作，电源模块为单片机和压缩机提供电源，提纽的底部设置搅拌棒，搅拌棒的顶部通过轴承与提纽连接，所述压力传感器和单片机之间依次连接采样电路、滤波电路和放大电路，所述滤波电路：包括运放器A1、运放器A2和可控精密稳压源Q5。实现防溢锅的优点。
164. 106419591 具有功率放大电路的防溢锅盖
CN
22.02.2017
A47J 36/06 Loading...
A47J 36/06
Loading...
201610857833.9
防城港市绿华源农林科技有限公司
周丽珠
A47J 36/06
Loading...
本发明公开了一种具有功率放大电路的防溢锅盖，包括提纽、气管、气孔和锅盖板，提纽设置在锅盖板的顶端，锅盖板内嵌气管，气管的一端与提纽内的压缩机连接，气管的另一端设置钢珠，且气管出口处的直径小于钢珠的直径，气管为多个，多个气管沿锅盖圆周均匀分布，所述提纽内设置单片机、电源模块和压缩机，所述气孔设置在锅盖板上，气孔内设置压力传感器，压力传感器的信号传输至单片机，单片机根据接收的信号控制压缩机动作，电源模块为单片机和压缩机提供电源，所述压力传感器和单片机之间依次连接采样电路、滤波电路和功率放大电路，所述功率放大电路：包括运放器U1和运放器U2，电阻R1与运放器U1的同相输入端串联。实现防溢锅的优点。
165. 205961966 一种方便更换刷头的修剪伤口涂抹器
CN
22.02.2017
A01G 7/06 Loading...
A01G 7/06
Loading...
202016000683704
北京绿京华园林工程有限公司
郭继承
A01G 7/06
Loading...
一种方便更换刷头的修剪伤口涂抹器，包括有一本体(1)，其内设置有腔体(2)，腔体(2)的内设置有一将它分隔成第一腔室(20)和第二腔室(21)的挤压板(3)，推进板上固定设置有驱动挤压板(3)轴向移动的推杆(4)，第一腔室(20)内还设置有分隔板(200)，且分隔板(200)将第一腔室(20)密封分隔为置物腔(201)和液体腔(202)，第一腔室(20)的远离推杆(4)的一端设置有一伸出孔(203)，伸出孔(203)上设置有一刷体(5)，所述置物腔(201)内固定有一电机，电机的输出轴通过一快拆组件(6)连接有刷体(5)，快拆组件(6)包括有固定至刷体(5)上的卡件(61)以及固定至电机的输出轴上的卡环(60)，当卡件(61)与卡环(60)卡接时，电机驱动所述刷体(5)旋转，液体腔(202)与刷体(5)之间还连通设置有一导液管(7)。
166. 205961967 苗木修剪伤口涂抹器
CN
22.02.2017
A01G 7/06 Loading...
A01G 7/06
Loading...
202016000683970
北京绿京华园林工程有限公司
郝跃龙
A01G 7/06
Loading...
本实用新型中公开了一种苗木修剪伤口涂抹器，包括有一内置有用于盛放药液的内腔的药液容器(1)、位于所述药液容器(1)的内腔中且将内腔分隔成用于填充液体的液体腔(10)与空腔(11)的推进板(2)，以及自所述空腔(11)内伸出并固定连接至推进板(2)以驱动推进板(2)轴向移动的推杆(3)，所述液体腔(10)在远离空腔(11)的一端设置有一出液口(12)，所述出液口(12)上设置有一刷头(4)，其通过将刷头与药液容器一体设置，方便了苗木修剪伤口的涂抹防护过程。
167. 205968936 一种发动机维修用零件存放装置
CN
22.02.2017
B25H 3/02 Loading...
B25H 3/02
Loading...
202016000896089
东莞市家宝园林绿化有限公司

B25H 3/02
Loading...
本实用新型公开了一种发动机维修用零件存放装置，包括底板和零件箱，所述底板的底部的四角均安装有第二滚轮，底板的背面焊接有扶手，所述底板的上表面放置有工具箱，工具箱内壁的中部安装有水平设置的隔板，工具箱内壁的顶部焊接有支撑柱，支撑柱上安装有圆盘，所述圆盘的底面设置有挂钩，所述零件箱的数量为两个，两个零件箱分别位于底板的两侧，每个零件箱的底部均安装有第一滚轮。本实用新型将零件箱通过连接板与底板销接，从而使零件箱能够绕连接板转动，使两个零件箱在维修结束后能够进行组装闭合，减少了存放装置的空间占用，插杆与定位板的配合，能够对两个零件箱进行定位固定，使存放装置移动时较为稳定。
168. 205984137 树木标识牌固定器
CN
22.02.2017
G09F 7/18 Loading...
G09F 7/18
Loading...
202016000683967
北京绿京华园林工程有限公司
李夺
G09F 7/18
Loading...
一种树木标识牌固定器，包括标识牌本体，所述标识牌本体通过钉子固定在树干上，所述钉子包括嵌入的树干内的嵌入部和裸露在外的裸露部以及钉帽，所述标识牌本体设置在嵌入部和裸露部的相交位置，所述标识牌本体和钉帽之间设置有套设在裸露部用于挤压标识牌的弹性件，所述裸露部的长度大于10cm，使标识牌能够固定在钉子上不动，裸露部的长度大于10cm，使树木更够在很长的一段时间不用更换标识牌。
169. 205961806 树木养护装置
CN
22.02.2017
A01C 23/04 Loading...
A01C 23/04
Loading...
202016000683720
北京绿京华园林工程有限公司
张辉
A01C 23/04
Loading...
本实用新型公开了一种树木养护装置，其技术方案要点是包括带有围堰的土壤基底、一端设置于所述土壤基底中用于给树木施肥、浇水的给养组件以及用于将围堰中的积水排出的排水组件，所述给养组件包括设置于所述土壤基底外部的加料件以及一端连接所述加料件且埋藏于土壤基底中的渗透件，所述排水组件包括设置于围堰底部用于收集积水的收集件以及连接于所述收集件用于将积水导出的导出件。本实用新型解决了对刚移栽一年内的树木的浇水过量而造成的树木容易死亡的问题。
170. 205961945 修剪树冠冠型控制器
CN
22.02.2017
A01G 3/00 Loading...
A01G 3/00
Loading...
202016000683723
北京绿京华园林工程有限公司
郭继承
A01G 3/00
Loading...
本实用新型中公开了一种修剪树冠冠型控制器，包括有立杆(1)，所述立杆(1)的顶端设置有一用于形成修剪标尺的可调角度链条(2)，所述可调角度链条(2)包括有若干收尾顺次转动连接的链节(20)，以及可拆卸连接于相邻两链节(20)之间并固定两者夹角的连接件(21)，其通过采用若干链节形成可调角度链条，并以此作为修剪标尺，实现了根绝修剪的冠型需要简单调整修剪标尺形状，使修剪树冠冠形控制器具有更好的普遍适用性。
171. 205962165 固体农药配比器
CN
22.02.2017
A01G 25/14 Loading...
A01G 25/14
Loading...
202016000683717
北京绿京华园林工程有限公司
张辉
A01G 25/14
Loading...
本实用新型公开了一种固体农药配比器，包括壶体，所述的壶体上设有出水管，出水管的端部设置有带若干个洒水孔的喷头，所述的壶体设有供固体物料盛装的物料容器，所述的壶体设有与物料容器连通的物料添加口，物料容器的底部设置有连通壶体内部的物料出口，在物料出口处设置有当物料容器内的物料到达预定重量的时候打开的启闭开关，使固体农药配比器固体物料与水的配比持恒定。
172. 205961917 草毯移植器
CN
22.02.2017
A01G 1/00 Loading...
A01G 1/00
Loading...
202016000685782
北京绿京华园林工程有限公司
李静
A01G 1/00
Loading...
一种草毯移植器，包括草毯移植器板体，抽拉装置和用于固定所述抽拉装置的框体，其特征是：所述的框体与所述草毯移植器板体滑移连接，所述草毯移植器还设置连接在所述板体上的支撑件，所述框体的支撑件，所述框体离地面有一定高度的支撑件，所述支撑件与支撑件之间形成叉车口，在使用时采用全程机械化和半机械化传送操作，提高了效益减少了劳动力。
173. 106443368 手术带电器具绝缘检测装置
CN
22.02.2017
G01R 31/12 Loading...
G01R 31/12
Loading...
201610633281.3
扬州市第一人民医院
单清
G01R 31/12
Loading...
手术带电器具绝缘检测装置是为医院使用专门设计的，由绝缘检测仪、正极连线、负极连线、负极基座及水槽组成。手术带电器具绝缘检测装置采用全新的检测方法能对不同的手术带电器具的绝缘性能进行快速的检测，将检测绝缘电阻的方法从一根导线中心金属对导线外层的绝缘层一点、一点的绝缘电阻的测量，变成二根导线间绝缘电阻的测量或一根导线对一环圈绝缘电阻的测量。检测分为硬件检测与软件检测。
174. 106420842 一种轮状病毒感染乳鼠实验模型的构建方法
CN
22.02.2017
A61K 35/76 Loading...
A61K 35/76
Loading...
201610694107.X
湖北华冠中科生物药业有限公司
李华
A61K 35/76
Loading...
本发明涉及一种轮状病毒感染乳鼠实验模型的构建方法，具体包括下述步骤：以7日龄ICR乳鼠为实验动物，用1ml改良注射器，经灌胃方式给予0.2ml轮状病毒液。本发明提供的模型能够模拟婴幼儿轮状病毒感染急性胃肠炎的特征，快速构建轮状病毒感染乳鼠实验模型，获得足够数量的感染轮状病毒的乳鼠，且稳定性好，可重复，建模成功性高几乎为100％。此外，本发明提供的技术方案选用的低龄动物体重轻，容易获得，所用病毒剂量小，节约实验成本，适于批量建模。
175. 106435792 一种恒温喷淋式脱油剂装置
CN
22.02.2017
D01D 10/06 Loading...
D01D 10/06
Loading...
201611094823.0
吉林省华纺静电材料科技有限公司
冷纯廷
D01D 10/06
Loading...
一种恒温喷淋式脱油剂装置，属于化学纤维生产技术领域，包括喷淋箱体、喷雾嘴、集液箱、供液管道、供液泵、储液箱、回流阀门、阀门Ⅰ、阀门Ⅱ、循环导热油加热管以及温度传感器，储液箱内部设置有液体，下部设置有循环导热油加热管；循环导热油加热管管道的入口处设置有阀门Ⅰ，管道的中间位置设置有阀门Ⅱ；供液泵设置在储液箱的内部；供液管道的一端与供液泵连接，另一端与喷淋箱体连接；喷淋箱体的下部设置有喷雾嘴；喷雾嘴下部设置有集液箱，且喷雾嘴与集液箱之间设置有纤维丝束传输带。本发明用于制备一种无油剂、附有静电功能的丙纶短纤维，其结构简单，可以完全脱掉纤维丝束上的纺丝油剂，具有市场发展空间和前景。
176. 104226560 建筑施工用嘴部可更换的压胶枪
CN
22.02.2017
B05C 17/01 Loading...
B05C 17/01
Loading...
201410428476.5
河南水建集团有限公司
赵凯选
B05C 17/01
Loading...
本发明公开了一种建筑施工用嘴部可更换的压胶枪，包括胶水筒，设置在胶水筒内的活塞，连接活塞的驱动装置，胶水筒一端为胶水嘴，另一端固定连接驱动装置，驱动装置经活塞杆连接活塞，驱动装置包括壳体以及设置在壳体内的电机、驱动轮，所述的活塞杆上设置有轴向延伸的导槽，所述的壳体内还设置有一个与导槽配合的固定板，固定板位于导槽内，所述的胶水嘴螺纹连接在胶水筒上。本发明的有益效果：本装置的胶水嘴与胶水筒螺纹连接，方便了胶水嘴损坏更换；本装置的胶水嘴的出胶端可以螺纹连接尖吸管，这样可以通过尖吸管刺入胶水袋中进行吸取胶水，非常方便；本装置的活塞杆上设置一个导槽，导槽内卡入一个固定板，防止了活塞杆的跟转。
177. 106442151 一种桥梁静载试验自动控制装置及检测方法
CN
22.02.2017
G01N 3/12 Loading...
G01N 3/12
Loading...
201610799684.5
中国铁道科学研究院标准计量研究所
刘越
G01N 3/12
Loading...
本发明公开一种桥梁静载试验自动控制装置及检测方法，所述桥梁静载试验自动控制装置包括：多个加载执行装置，设置在构件与反力架之间，用于在对反力架施加加载力时，同时对构件施加与反力架受力等值的试验荷载；多个荷载测量装置，对应设置在构件和各加载执行装置之间，用于检测加载执行装置对构件各加载点施加的试验荷载值；控制装置，分别连接各所述加载执行装置及各荷载测量装置，用于根据各荷载测量装置检测的试验荷载值调整对应的加载执行装置的加载力，使构件各加载点受力平衡；裂缝自动检测装置，设置在所述构件的底部，用于检测构件的裂缝变化情况。本发明桥梁静载试验自动控制装置可在检测过程中确保构件各加载点受力平衡。
178. 106388991 腹部排泄造口防返流装置
CN
15.02.2017
A61F 5/445 Loading...
A61F 5/445
Loading...
102016001121068
林春华
林春华
A61F 5/445
Loading...
本发明涉及一种腹部排泄造口防返流装置，在收集袋内部设有末端带有松紧口的防返流内袋，防返流内袋将收集袋内部分割为两个空间，一个是与中心排泄口相通的上腔，另一个是与泄放开关相通的下腔，上腔和下腔通过松紧口相通。本发明在造口装置中设置防返流机构，在能够保证正常排泄的前提下最大限度地阻止收集袋内排泄物返流。
179. 106386901 一种香茅草香薰蚊香
CN
15.02.2017
A01N 65/44 Loading...
A01N 65/44
Loading...
102016000787341
防城港市绿华源农林科技有限公司
周丽珠
A01N 65/44
Loading...
本发明涉及蚊香制备方法，尤其是一种香茅草香薰蚊香。一种香茅草香薰蚊香，由下述重量份的原料组成：0.5‑2.5份四氟甲醚菊酯、0.35‑0.55份香茅草精油、0.25‑0.65份茶皂甙、40‑65份椰油胺聚氧乙烯醚、0.05‑0.12份对甲基苯磺酸钠、0.5‑1.5份助剂、40‑45份水。本发明提供的一种香茅草香薰蚊香，味道清新芬芳，对蚊子具有较强的驱杀作用，是一种环保型液体蚊香，其具有药效强劲、安全不可燃、挥发稳定，还能降低室内有机挥发物含量，是健康家居生活的理想选择。
180. 106396920 一种园林树木地表有机覆盖物制作方法
CN
15.02.2017
C05G 3/00 Loading...
C05G 3/00
Loading...
201610779372.8
华艺生态园林股份有限公司
刘慧
C05G 3/00
Loading...
本发明涉及一种园林树木地表有机覆盖物制作方法，通过将景观树修剪后的树枝或树叶以及草坪草修剪后的草屑收集晒干成干物料，干物料经粉碎加工处理成碎物料；再将碎物料、改性火山石颗粒、粗纤维分解剂和水放入搅拌桶中搅拌5~6h即得所述园林树木地表有机覆盖物。该园林树木地表有机覆盖物能够对园林树木周围土壤进行改良，土壤养分增加，土壤含水量增加，盐碱状况得到缓和，增强了微生物活动，提高了土壤酶活性，土壤肥力高且能保持一年以上，实施效果好，应用价值高。
181. 106388618 具有滤波电路的防溢锅盖
CN
15.02.2017
A47J 36/06 Loading...
A47J 36/06
Loading...
201610857968.5
防城港市绿华源农林科技有限公司
周丽珠
A47J 36/06
Loading...
本发明公开了一种具有滤波电路的防溢锅盖，包括提纽、气管、气孔和锅盖板，提纽设置在锅盖板的顶端，锅盖板内嵌气管，气管的一端与提纽内的压缩机连接，气管的另一端设置钢珠，且气管出口处的直径小于钢珠的直径，气管为多个，多个气管沿锅盖圆周均匀分布，所述提纽内设置单片机、电源模块和压缩机，所述气孔设置在锅盖板上，气孔内设置压力传感器，压力传感器的信号传输至单片机，单片机根据接收的信号控制压缩机动作，电源模块为单片机和压缩机提供电源，所述压力传感器和单片机之间依次连接采样电路、滤波电路和放大电路，所述滤波电路：包括运放器A1、运放器A2和可控精密稳压源Q5。实现防溢锅的优点。
182. 106401152 具有功率放大电路的智能刷墙机械
CN
15.02.2017
E04F 21/08 Loading...
E04F 21/08
Loading...
201610858022.0
防城港市绿华源农林科技有限公司
周丽珠
E04F 21/08
Loading...
本发明公开了一种具有功率放大电路的智能刷墙机械，包括底座、滑轨、支持架、滚筒刷、桶体和挡板，滑轨设置在底座上，支持架设置在滑轨上，所述滚筒刷设置在支持架的顶部，所述桶体设置在支持架上，所述挡板设置在支持架的底部，该挡板的前端设置压力传感器，控制器和为控制器提供直流电源的电源模块设置在支持架上，桶体内设置水泵和液位传感器，水泵的入口通过管道与底座处的墙漆桶连通，压力传感器与控制器之间连接采样电路、滤波电路和功率放大电路，所述功率放大电路：包括运放器A1、运放器A2、运放器A3、三极管T1和三极管T2。以实现提高效率、减少资源浪费的同时防止墙漆滴落到地面和踢脚线上的优点。
183. 106401155 具有采样电路的智能刷墙工具
CN
15.02.2017
E04F 21/08 Loading...
E04F 21/08
Loading...
201610858032.4
防城港市绿华源农林科技有限公司
周丽珠
E04F 21/08
Loading...
本发明公开了一种具有采样电路的智能刷墙工具，包括底座、滑轨、支持架、滚筒刷、桶体和挡板，滑轨设置在底座上，支持架设置在滑轨上，所述滚筒刷设置在支持架的顶部，且滚筒刷与支持架采用轴承连接，所述桶体设置在支持架上，所述挡板设置在支持架的底部，所述挡板采用伸缩板，该挡板的前端设置压力传感器，控制器和为控制器提供直流电源的电源模块设置在支持架上，压力传感器与控制器之间连接采样电路、滤波电路和放大电路，所述采样电路：包括运放器U1和运放器U2，电阻R1与运放器U1的同相输入端串联。以实现提高效率、减少资源浪费的同时防止墙漆滴落到地面和踢脚线上的优点。
184. 106408390 具有滤波电路的用于房屋租赁的智能网络系统
CN
15.02.2017
G06Q 30/06 Loading...
G06Q 30/06
Loading...
201610855355.8
防城港市绿华源农林科技有限公司
周丽珠
G06Q 30/06
Loading...
本发明公开了一种具有滤波电路的用于房屋租赁的智能网络系统，其特征在于，包括中控器、摄像头、服务器、智能锁具和位移传感器，所述位移传感器为多个，房屋的每个家居上均设置位移传感器，所述位移传感器检测的信息传输至中控器，所述摄像头设置在门口，且摄像头采集的图像信息传输至中控器，中控器根据来自服务器的命令控制智能锁具的开闭，所述家具内嵌射频芯片，且在门口安装读卡器，所述位移传感器检测的信息依次经采样电路、滤波电路和放大电路后传输至中控器；所述滤波电路：包括运放器A1和运放器A2，电阻R1和电阻R2组成的串联电路连接在运放器A1的反相输入端。实现降低房租费用的优点。
185. 106406173 具有功率放大电路的智能锅盖
CN
15.02.2017
G05B 19/042 Loading...
G05B 19/042
Loading...
201610858048.5
防城港市绿华源农林科技有限公司
周丽珠
G05B 19/042
Loading...
本发明公开了一种具有功率放大电路的智能锅盖，支撑架之间设置翻板，且翻板与支撑架的顶部采用轴承连接，提纽内设置单片机、电源模块和直流电机，所述气孔设置在翻板上，气孔内设置压力传感器，压力传感器的信号传输至单片机，单片机根据接收的信号控制直流电机动作，电源模块为单片机和直流电机提供电源，压力传感器和单片机之间依次串联采样电路、滤波电路和功率放大电路，功率放大电路：包括运放器A1、运放器A2、运放器A3、三极管T1和三极管T2，运放器A1的反相输入端与运放器A1的输出端连接。实现防溢锅的优点。
186. 106401154 具有放大电路的智能刷墙器
CN
15.02.2017
E04F 21/08 Loading...
E04F 21/08
Loading...
201610858031.X
防城港市绿华源农林科技有限公司
周丽珠
E04F 21/08
Loading...
本发明公开了一种具有放大电路的智能刷墙器，包括底座、滑轨、支持架、滚筒刷、桶体和挡板，滑轨设置在底座上，支持架设置在滑轨上，所述滚筒刷设置在支持架的顶部，所述桶体设置在支持架上，所述挡板设置在支持架的底部，该挡板的前端设置压力传感器，控制器和为控制器提供直流电源的电源模块设置在支持架上，桶体内设置水泵和液位传感器，水泵的入口通过管道与底座处的墙漆桶连通，桶体的底部设置搅拌器，压力传感器与控制器之间连接采样电路、滤波电路和放大电路，所述放大电路：包括运放器U1和运放器U2，电阻R1与运放器U1的同相输入端串联。以实现提高效率、减少资源浪费的同时防止墙漆滴落到地面和踢脚线上的优点。
187. 106397113 三步法制备香茅醇的制备方法
CN
15.02.2017
C07C 29/14 Loading...
C07C 29/14
Loading...
201610792856.6
防城港市绿华源农林科技有限公司
周丽珠
C07C 29/14
Loading...
本发明涉及香精制备领域，具体涉及三步法制备香茅醇的制备方法。将溶剂、还原剂硼氢化物、碱性物质放入还原锅内混合后，进行预冷处理，预冷室温，将香茅醛滴加入还原锅内，滴加过程进行冷却，滴加完毕后，保持在室温条件下继续反应2～5小时，回收溶剂，再经中和、水洗步骤得到香茅醇粗品；香茅醇粗品进行减压精馏即得到香茅醇。本发明提供的三步法制备香茅醇的制备方法，工艺简单，操作方便，可以满足工业大生产的需要；所得产品香精纯度和品质高，降低了生产成本。
188. 106408713 具有功率放大电路的用于房屋租赁的智能网络系统
CN
15.02.2017
G07C 9/00 Loading...
G07C 9/00
Loading...
201610855359.6
防城港市绿华源农林科技有限公司
周丽珠
G07C 9/00
Loading...
本发明公开了一种具有功率放大电路的用于房屋租赁的智能网络系统，其特征在于，包括中控器、摄像头、服务器、智能锁具和位移传感器，所述位移传感器为多个，房屋的每个家居上均设置位移传感器，所述位移传感器检测的信息传输至中控器，所述摄像头设置在门口，且摄像头采集的图像信息传输至中控器，中控器根据来自服务器的命令控制智能锁具的开闭，所述家具内嵌射频芯片，且在门口安装读卡器，所述位移传感器检测的信息依次经采样电路、滤波电路和功率放大电路后传输至中控器；所述功率放大电路：包括运放器A1、运放器A2、运放器A3、三极管T1和三极管T2，所述运放器A1的反相输入端与运放器A1的输出端连接。实现降低房租费用的优点。
189. 106401128 一种瓷砖干挂装置及其使用方法
CN
15.02.2017
E04F 13/22 Loading...
E04F 13/22
Loading...
102016000976891
林清华
孟庆君
E04F 13/22
Loading...
本发明公开了一种瓷砖干挂装置及其使用方法，主要涉及装修技术领域。包括龙骨，所述龙骨包括底板，所述底板上对称设置T型架，所述底板上设有若干个膨胀螺栓，所述龙骨上设置若干个瓷砖固定件，所述瓷砖固定件与龙骨滑动连接，所述瓷砖固定件包括与T型架相适应的T型滑块，所述T型滑块上设置支撑柱，所述支撑柱上设置卡板。本发明的有益效果在于：它适用于各种墙体，能够快速牢固的安装瓷砖，能够避免瓷砖空鼓、脱落，能够减少建筑整体负重，能够便于二次装修，拆换自由，能够二次利用，节约能源，能够减少建筑垃圾的产生，能够节约大量的人力资源。
190. 106408395 具有放大电路的用于房屋租赁的智能系统
CN
15.02.2017
G06Q 30/06 Loading...
G06Q 30/06
Loading...
201610855402.9
防城港市绿华源农林科技有限公司
周丽珠
G06Q 30/06
Loading...
本发明公开了一种具有放大电路的用于房屋租赁的智能系统，其特征在于，包括中控器、摄像头、服务器、智能锁具和位移传感器，所述位移传感器为多个，房屋的每个家居上均设置位移传感器，所述位移传感器检测的信息传输至中控器，所述摄像头设置在门口，且摄像头采集的图像信息传输至中控器，中控器根据来自服务器的命令控制智能锁具的开闭，所述位移传感器检测的信息依次经采样电路、滤波电路和放大电路后传输至中控器；所述放大电路：包括运放器U1和运放器U2，电阻R1与运放器U1的同相输入端串联。实现降低房租费用的优点。
191. 106408392 具有放大电路的用于房屋租赁的网络系统
CN
15.02.2017
G06Q 30/06 Loading...
G06Q 30/06
Loading...
201610855381.0
防城港市绿华源农林科技有限公司
周丽珠
G06Q 30/06
Loading...
本发明公开了一种具有放大电路的用于房屋租赁的网络系统，其特征在于，包括中控器、摄像头、服务器、智能锁具和位移传感器，所述位移传感器为多个，房屋的每个家居上均设置位移传感器，所述位移传感器检测的信息传输至中控器，所述摄像头设置在门口，且摄像头采集的图像信息传输至中控器，中控器根据来自服务器的命令控制智能锁具的开闭，所述家具内嵌射频芯片，且在门口安装读卡器，所述位移传感器检测的信息依次经采样电路、滤波电路和放大电路后传输至中控器；所述放大电路：包括运放器U1、运放器U2和运放器U3，电阻R1与运放器U1的反相输入端串联。实现降低房租费用的优点。
192. 106408394 具有采样电路的用于房屋租赁的系统
CN
15.02.2017
G06Q 30/06 Loading...
G06Q 30/06
Loading...
201610855386.3
防城港市绿华源农林科技有限公司
周丽珠
G06Q 30/06
Loading...
本发明公开了一种具有采样电路的用于房屋租赁的系统，其特征在于，包括中控器、摄像头、服务器、智能锁具和位移传感器，所述位移传感器为多个，房屋的每个家居上均设置位移传感器，所述位移传感器检测的信息传输至中控器，所述摄像头设置在门口，且摄像头采集的图像信息传输至中控器，中控器根据来自服务器的命令控制智能锁具的开闭，所述位移传感器检测的信息依次经采样电路、滤波电路和放大电路后传输至中控器；所述采样电路：包括运放器U1、运放器U2和运放器U3，电阻R1与运放器U1的同相输入端连接。实现降低房租费用的优点。
193. 106386434 一种改良香茅草的育苗方法
CN
15.02.2017
A01G 31/00 Loading...
A01G 31/00
Loading...
102016000787342
防城港市绿华源农林科技有限公司
周丽珠
A01G 31/00
Loading...
本发明涉及植物育苗方法，尤其是一种香茅纸的制造方法，将育苗基质装入育苗盘中，播入经过预处理的香茅草种子，播种后的育苗盘置于育苗池中培养，育苗池中放入水，水深至育苗盆内基质高度一半，出苗后，往育苗池的水中添加肥料，培养至香茅草苗的地上部分高2～3cm，地下部分长5～10cm，可以移植。本发明提供的一种改良香茅草的育苗方法，种子的出苗率高，最高可达92%，培育的种苗健壮整齐，植株生长快，育苗时间短，可节省育苗用地，减少育苗的时间和空间限制，实现现代化生产，应用前景良好。
194. 106398543 一种研磨法制备氢化松香蔗糖酯的制备方法
CN
15.02.2017
C09F 1/04 Loading...
C09F 1/04
Loading...
102016000781598
广西华林化工有限公司
何松英
C09F 1/04
Loading...
本发明提供了一种研磨法制备氢化松香蔗糖酯的制备方法，本发明采用固相研磨反应法，将氢化松香100份、蔗糖100份、催化剂4‑8份、二氧化硅8‑12份、90％乙醇30‑50份于置于研钵中，在50‑70℃下固相研磨反应2‑4h，加入500份90％乙醇，充分搅拌，静置，过滤，滤液回收乙醇，待回收乙醇完毕，加水漂洗，过滤，干燥即得氢化松香蔗糖酯。该方法制备简单，避免温度处理造成松香分解和多反应造成收率低，产品质量差的缺点，制得的氢化松香蔗糖酯色泽浅、酸值低、软化点高，质量稳定。
195. 106394985 具有采样电路的智能贴膜设备
CN
15.02.2017
B65B 33/02 Loading...
B65B 33/02
Loading...
102016000852381
防城港市绿华源农林科技有限公司
周丽珠
B65B 33/02
Loading...
本发明公开了一种具有采样电路的智能贴膜设备，加压装置通过管道与壳体连接，壳体的侧壁上设置开口，压板通过开口与壳体连接，压板上设置压力传感器，压力传感器的信号经采样电路、滤波电路和放大电路后传输至单片机，单片机根据接收的信号，控制加压装置工作，壳体外壁上设置支架，支架上设置电机，电机与压板连接，且电机的控制端与单片机的输出端连接，采样电路：包括运放器U1和运放器U2，电阻R1与运放器U1的同相输入端串联。实现提高效率及质量的优点。
196. 106408117 垃圾车路线的制定方法和装置
CN
15.02.2017
G06Q 10/04 Loading...
G06Q 10/04
Loading...
102016000805555
北京三辰环卫机械有限公司
贾兴卫
G06Q 10/04
Loading...
本发明公开了一种垃圾车路线的制定方法和装置。其中，该方法包括：获取垃圾桶上传的垃圾物的重量信息；获取垃圾车的车辆位置信息；根据垃圾物的重量信息和车辆位置信息制定收集垃圾桶中垃圾物的路线。本发明解决了由于垃圾收集清运缺少计划性造成的垃圾收集清运不及时和效率低的技术问题。
197. 106408393 具有采样电路的用于房屋租赁的智能系统
CN
15.02.2017
G06Q 30/06 Loading...
G06Q 30/06
Loading...
201610855383.X
防城港市绿华源农林科技有限公司
周丽珠
G06Q 30/06
Loading...
本发明公开了一种具有采样电路的用于房屋租赁的智能系统，其特征在于，包括中控器、摄像头、服务器、智能锁具和位移传感器，所述位移传感器为多个，房屋的每个家居上均设置位移传感器，所述位移传感器检测的信息传输至中控器，所述摄像头设置在门口，且摄像头采集的图像信息传输至中控器，中控器根据来自服务器的命令控制智能锁具的开闭，所述位移传感器检测的信息依次经采样电路、滤波电路和放大电路后传输至中控器；所述采样电路：包括运放器U1和运放器U2，电阻R1与运放器U1的同相输入端串联。实现降低房租费用的优点。
198. 106393402 新型混凝土脱模剂及其制备方法
CN
15.02.2017
B28B 7/38 Loading...
B28B 7/38
Loading...
102016000701442
桂林华越环保科技有限公司
王恒
B28B 7/38
Loading...
本发明公开了一种新型混凝土脱模剂及其制备方法，其中，所述的混凝土脱模剂是由以下重量份配比的各组分制成：聚乙烯醇5～7份、硬脂酸4～6份、硬脂酸酰胺3～5份、松香改性酚醛树脂1～5份、改性魔芋葡甘聚糖4～8份、魔芋粉15～20份、海藻酸钠15～20份、硼砂1～3份、云母粉5～7份、纳米高岭土1～3份、硫酸铝2～4份、甲基硅酸钠2～6份、乙醇20～30份、十二烷基磺酸钠1～3份、有机硅消泡剂0.3～0.7份。本发明具有脱模效果佳、强度高、且无污染等优点，是很有发展前途的一种混凝土外加剂。
199. 103956875 一种三路并联混合励磁单枢式无刷单相同步发电机
CN
15.02.2017
H02K 21/02 Loading...
H02K 21/02
Loading...
102014000214494
林绢华
林绢华
H02K 21/02
Loading...
一种三路并联混合励磁单枢式无刷单相同步发电机，该发电机定、转子均只有一个铁芯，定子铁芯中布置有三相对称的正弦交流绕组，内部接成Δ形，只有二根引出线对外供给频率50HZ，电压230V的单相交流电；转子铁芯中布置有径向永磁体、切向永磁体，以及一套转子绕组与串联单向二极管形成闭合回路。本发明发电机无电刷、滑环、无交流励磁机、无电压调节器(AVR)，稳态电压调整率在±5％以内，优于一般纯永磁同步发电机一般大于±10％范围的水平，而其瞬态电压调整率、动态特性、启动异步电动机的性能、带现代非线性负载的性能、效率均优于常规电励磁无刷单相同步发电机。本发明发电机成本低，径向、切向永磁体混合布置方式以及电励磁结构简单，可靠性高，具有现实推广意义。
200. 104090997 一种双向微灌毛管水力设计方法
CN
15.02.2017
G06F 17/50 Loading...
G06F 17/50
Loading...
102014000283154
西北农林科技大学
鞠学良
G06F 17/50
Loading...
本发明公开了一种双向微灌毛管水力设计方法，将双向微灌毛管最佳支管位置定义为使得支管双侧毛管灌水器平均工作水头相等的支管位置。基于能廓线法，构建了双向微灌毛管的水力解析模型，包括：最佳支管位置计算公式，毛管进口工作水头和灌水器最小工作水头计算公式，以及灌水均匀度评价指标计算公式。利用本发明，在已知双向微灌毛管水力设计参数的前提下，可以方便准确地设计最佳支管位置，计算毛管进口工作水头及灌水器最小工作水头，并评价灌水均匀度；同时，可以在给定灌水均匀度和其它设计指标的前提下，根据已知双向微灌毛管管径，快速准确地计算毛管极限管长，或者根据双向微灌毛管管长，计算毛管最小管径。本发明提出了一个新的双向微灌毛管水力设计方法，简便可行，可提高微灌工程的设计效率。

