1. 206134941 一种X、Y轴方向的指针转动装置
CN
26.04.2017
H01Q 3/08 Loading...
H01Q 3/08
Loading...
201621210391.0
南京长峰航天电子科技有限公司
吴超
H01Q 3/08
Loading...
本实用新型公开了一种X、Y轴方向的指针转动装置，由2个指针转动装置成90度横向套接组成；指针转动装置包括支架和横向设置在支架内的摆杆，摆杆的一端轴接支架的前后壁，另一端设有拨叉槽，拨叉槽内设有横向滚动的辊轴，支架内纵向设有穿过辊轴、顶壁、底壁的两端带旋钮的螺杆，摆杆的前端设有指针；内置指针转动装置的支架纵向轴接外置指针转动装置的支架；内置指针转动装置的支架为外置指针转动装置的摆杆。上述装置的内置指针转动装置的摆杆末端方向的支架端侧壁开口，摆杆末端通过天线安装座连接天线一种天线随X、Y轴方向转动的机构。本实用新型的结构简单、使用方便、维护费用低，转动操作的过程简单快捷，具有很强的实用性。
2. 206116599 一种天线座内电缆转动安装装置
CN
19.04.2017
H01Q 1/14 Loading...
H01Q 1/14
Loading...
202016001149542
南京长峰航天电子科技有限公司
孙宏
H01Q 1/14
Loading...
本实用新型公开了一种天线座内电缆转动安装装置，包括转台和天线座，转台设置在天线座上部，天线座内还设有心轴、固定盘、升降盘和支架；心轴的上端与转台连接实现同步转动；固定盘与心轴同轴设置并构成固定连接，升降盘与心轴同轴设置并构成沿心轴轴线方向的滑动连接和沿其圆周方向的转动连接；固定盘与升降盘通过柔性连接件连接；支架安装于天线座的内壁上，用于固定电缆；电缆还分别与固定盘和升降盘连接。本实用新型具有的有益效果：该装置结构紧凑、成本低、组合性强、适用范围广、性能安全可靠，可在有限空间内实现功率电源、信号的旋转传输，同时解决多跟电缆、光缆的绕曲问题。
3. 206060751 一种电子战系统中收发隔离系统
CN
29.03.2017
H04B 1/40 Loading...
H04B 1/40
Loading...
201621104337.8
南京长峰航天电子科技有限公司
张昊
H04B 1/40
Loading...
本实用新型公开了一种电子战系统中收发隔离系统，包括接收天线和发射天线，其特征是，所述接收天线与发射天线采用交叉极化模式和空间隔离，用于提高收发隔离水平；所述发射天线采用幅度加权，用于实现天线低旁瓣的设计。优点：本实用新型硬件部分设计简单易实现，在原有接收天线及发射天线阵列上的改变较小，却可以通过幅度加权及交叉极化安装的方式有效的实现收发隔离的效果。
4. 206038899 一种分布式干扰源产生系统
CN
22.03.2017
G01S 7/38 Loading...
G01S 7/38
Loading...
201621034964.9
南京长峰航天电子科技有限公司
王武
G01S 7/38
Loading...
本实用新型公开了一种分布式干扰源产生系统，包括基带干扰信号产生单元、变频幅控输出单元、时钟及本振单元、上位机及接口单元和用于供电的电源模块；所述基带干扰信号产生单元的输出端与变频幅控输出单元的输入端相连；变频幅控输出单元用于对基带干扰信号产生单元输出的中频信号进行变频处理；时钟及本振单元分别与基带干扰信号产生单元和变频幅控输出单元相连；上位机及接口单元包括上位机和若干个接口，上位机分别与基带干扰信号产生单元和变频幅控输出单元电连接。本实用新型为复杂电磁环境分布式测试系统的重要组成部分，用于产生所需的干扰信号，构建用户测试环境，来对用户机抗压制干扰功能和性能的测试。
5. 206024397 一种热管导热板装置
CN
15.03.2017
H05K 7/20 Loading...
H05K 7/20
Loading...
201621035163.4
南京长峰航天电子科技有限公司
王凌
H05K 7/20
Loading...
本实用新型公开了一种热管导热板装置，其特征是，该装置包括若干热管和导热板，导热板一面设置凹槽，热管嵌入凹槽中，所述热管通过满焊焊接方式与导热板固结；本实用新型公开的一种热管导热板装置融合了热管热通量大、导热距离长的特点和导热板接触吸热面大的双重优势，具有导热快、传热面大、热传导方向不受装置摆放角度限制、结构简单，方便加工和安装、利于批量生产及成本压缩等特点，特别适用于点热源多、空间窄、需要长距离传热与散热的场合。
6. 206022610 一种小型化Vivaldi天线
CN
15.03.2017
H01Q 1/38 Loading...
H01Q 1/38
Loading...
201621035162.X
南京长峰航天电子科技有限公司
李东明
H01Q 1/38
Loading...
本实用新型涉及一种0.8～2GHz小型化Vivaldi天线，由印制板基片、导体贴片、微带短截线与微带馈线组成；所述印制板基片含有上表面与下表面；所述导体贴片、微带短截线与微带馈线设置在印制板基片表面；所述导体贴片一端设有指数线型渐变开槽，开槽末端设有谐振腔；所述指数线型渐变开槽两侧的导体贴片上设有多个矩形加载槽线；所述矩形加载槽线垂直于指数线型渐变开槽尖端方向；采用上述技术方案的小型化Vivaldi天线具备小尺寸、宽工作频带、宽波束宽度，并使得工作频带内天线方向图无凹点，天线增益得到显著提高。
7. 206023714 宽带可控增益1W放大器
CN
15.03.2017
H03F 1/42 Loading...
H03F 1/42
Loading...
201621033846.6
南京长峰航天电子科技有限公司
许家耀
H03F 1/42
Loading...
本实用新型公开了一种宽带可控增益1W放大器，包括外接有加电端口和控制端口的射频电路，与射频电路的控制端口相连的增益控制电路，与射频电路的加电端口相连并为增益控制电路供电的电源电路；射频电路装配于射频电路片上，射频电路片独立安装于一只镀金壳体的内腔中，镀金壳体的顶面开口并通过盖板封闭，镀金壳体的内、外壳面均镀金；加电端口和控制端口均通过穿心电容引入镀金壳体内的射频电路；射频电路包括依次级联的低噪声放大器芯片和1W放大器芯片，低噪声放大器芯片为前级，1W放大器芯片为末级。实现基本可以满足大部分微波系统的使用要求，噪声系数较低，稳定性好、可靠性高，并实现放大器增益的自动调节，提高系统的输出动态范围。
8. 106483510 一种强背景信号的遏制方法
CN
08.03.2017
G01S 7/36 Loading...
G01S 7/36
Loading...
201610867361.5
南京长峰航天电子科技有限公司
张昊
G01S 7/36
Loading...
本发明公开了一种强背景信号的遏制方法，采用在空域和时域对己方雷达产生的强背景信号进行隔离和分选。优点：本发明硬件部分设计精简、高效，成本极低，软件部分逻辑简洁，便于实现。可简单有效的将强背景信号进行遏制，从而得到需要的目标信号。
9. 206002903 一种用于矢量脱靶量设备的八通道中频数据采集系统
CN
08.03.2017
G05B 19/042 Loading...
G05B 19/042
Loading...
201620998327.7
南京长峰航天电子科技有限公司
蒋有军
G05B 19/042
Loading...
本实用新型公开了一种用于矢量脱靶量设备的八通道中频数据采集系统，其特征在于：包括FPGA信号处理模块，8块A/D转换器模块、大容量动态存储模块和CPI桥模块；8块A/D转换器模块分别发送信号至FPGA信号处理模块，FPGA信号处理模块将处理后的信号发送到大容量动态存储模块，FPGA信号处理模块还通过CPI总线将处理后的信号发送至CPI桥模块。本实用新型的优点在于：解决现有技术采集系统功能单一，带宽过窄，通道过少，通道间的同步性差，处理能力较弱或者价格过于昂贵，不便嵌入到系统中使用的问题。
10. 206002906 一种多普勒数据采集板
CN
08.03.2017
G05B 19/042 Loading...
G05B 19/042
Loading...
201621016281.0
南京长峰航天电子科技有限公司
李璇
G05B 19/042
Loading...
本实用新型公开了一种多普勒数据采集板，包括一个PCB基板，其特征是，所述PCB基板上集成有信号采集器、信号处理器以及PC104+控制器，所述信号采集器包括依次电连接的模拟信号输入接口、滤波器、放大器和AD转换器，所述AD转换器电连接信号处理器，信号处理器通过PCI总线连接PC104+控制器。优点：本实用新型采用小型化设计，具有稳定性高，动态范围大，精度高等优点，可以方便的应用在相关的机箱设备中。
11. 206002191 一种适用于测量重量及重心的吊杆
CN
08.03.2017
G01G 19/18 Loading...
G01G 19/18
Loading...
201621045544.0
南京长峰航天电子科技有限公司
吴超
G01G 19/18
Loading...
本实用新型公开了一种适用于测量重量及重心的吊杆，包括杆体，所述杆体顶部的中心点设有挂耳，所述杆体两端的底部各设有带电子称的挂钩。通过设置在杆体底部两端的带电子称的挂钩，将大型杆状构件吊起，通过实测的电子称的测量数值，根据力矩平衡计算得出构件的重量和重心。本实用新型的结构简单、使用方便、维护费用低，测量杆状构件的重量和重心的过程简单快捷，具有很强的实用性。
12. 206002685 五通道精确相位同步宽带信号采集卡
CN
08.03.2017
G01S 7/295 Loading...
G01S 7/295
Loading...
201621020618.5
南京长峰航天电子科技有限公司
成光
G01S 7/295
Loading...
本实用新型涉及一种用于数字相位干涉仪的五通道精确相位同步宽带信号采集卡，其特征在于，包括A/D转换单元，时钟产生单元，数字信号处理单元，DDR3存储单元以及cPCI接口控制单元；所述A/D转换单元用于采集各个通道接收到的信号并将其转换成相应格式的数字信号，所述数字信号处理单元用于接收各个通道的数字信号并对其进行信号处理，所述DDR3存储单元用于存储数字信号，所述cPCI接口控制单元用于外部计算机对整个系统的控制以及与外部计算机的通讯；本实用新型可以用于五宽带信号的相位同步采集，信号带宽可达到450MHz，五路之间的A/D转换完全同步，其可以解决射频仿真中多个接收通道之间相位不同步问题。
13. 206004632 一种新型的宽带S波段固态放大器
CN
08.03.2017
H03F 3/24 Loading...
H03F 3/24
Loading...
201621059283.8
南京长峰航天电子科技有限公司
赵俊顶
H03F 3/24
Loading...
本实用新型提供了一种新型的宽带S波段固态放大器，包括干扰信号通道、目标信号通道以及馈电模块，所述馈电模块分别连接干扰信号通道和目标信号通道并为其供电；所述干扰信号通道包括3级放大器模块和2个隔离器；所述目标信号通道包括1级放大模块和第三隔离器。本实用新型的有益效果是：该宽带S波段固态放大器兼得宽频带与高输出功率；该宽带S波段固态放大器具有2个信号通道；该宽带S波段固态放大器的所有放大模块均由GaN功率管实现信号放大，工作电压低、效率高；该宽带S改波段固态放大器体积小，可靠性高、便于装配。所述宽带S波段固态放大器适应恶劣工作环境，使用寿命长。
14. 205982621 模拟海上复杂电磁环境下的多波段被动辐射信号源
CN
22.02.2017
G01S 7/282 Loading...
G01S 7/282
Loading...
202016001015810
南京长峰航天电子科技有限公司
吴垒
G01S 7/282
Loading...
本实用新型公开了一种模拟海上复杂电磁环境下的多波段被动辐射信号源，包括cPCI机箱、嵌入式实时控制系统板卡、前IO板卡、第一宽带DA板卡、第二宽带DA板卡、cPCI背板、cPCI电源、S频段上变频单元、C频段上变频单元、X频段上变频单元、电源、系统后IO板卡、二次背板、变频单元背板。本实用新型的优点在于：工作频率覆盖S频段、C频段、X频段；置频精度≤0.1MHz；信号样式多样化，包括：常规脉冲、线性调频、非线性调频、相位编码、脉内频率编码、频率捷变、重频捷变；还具有功放状态监测、信号有无监测、接收信号功率监测、信号脉冲个数监测、温度监测、板卡状态监测。
15. 205982623 模拟海上实战复杂电磁环境的舷外有源干扰射频源
CN
22.02.2017
G01S 7/38 Loading...
G01S 7/38
Loading...
202016001015947
南京长峰航天电子科技有限公司
王文海
G01S 7/38
Loading...
本实用新型公开了一种模拟海上实战复杂电磁环境的舷外有源干扰射频源，包括：cPCI机箱、嵌入式实时控制系统板卡、前IO板卡、中频信号处理板卡、cPCI背板、cPCI电源、下变频单元、频综单元、上变频单元、电源、系统后IO板卡、二次背板和变频单元背板。本实用新型的优点在于能够覆盖8GHz~18GHz频段；信号干扰样式多样化，包括：距离拖引欺骗干扰信号、速度拖引欺骗干扰信号、窄带瞄频干扰信号、宽带阻塞干扰信号等；适应输入雷达信号形式：脉冲多普勒、脉冲压缩、频率捷变、重频参差、相位编码、重频抖动、脉内频率编码。
16. 103713524 一种数字化角度面目标模拟方法
CN
15.02.2017
G05B 17/02 Loading...
G05B 17/02
Loading...
102013000749430
南京长峰航天电子科技有限公司
江长勇
G05B 17/02
Loading...
本发明涉及一种数字化角度面目标模拟方法，其通过将模拟信号转换为数字信号，采用数字化的方法对角度信息加以调试，从而实现角度面目标的模拟；采用上述方法，其可使得带有多个角度信息的角度面目标信号从同一个通道输出，降低了成本，同时减少了调试工作量并提高了系统的可靠性。
17. 106357270 一种基于3Gsps信号处理板多DAC同步输出的系统及方法
CN
25.01.2017
H03M 1/66 Loading...
H03M 1/66
Loading...
102016000780065
南京长峰航天电子科技有限公司
舒德军
H03M 1/66
Loading...
本发明公开了一种基于3Gsps信号处理板多DAC同步输出的系统及方法，包括：功分器和多个3Gsps信号处理电路；所述各3Gsps信号处理电路均包括：时钟缓冲器、D触发器、电平转换模块和DAC芯片；所述功分器的输入端用于接收时钟信号，其输出端分别与各3Gsps信号处理电路中的时钟缓冲器的输入端相连；所述时钟缓冲器的输出端分别与D触发器和DAC芯片相连；所述各D触发器的输入端还均用于接收同一同步信号，D触发器的输出端通过电平转换模块与DAC芯片相连。从硬件设计上保证多路DAC的同步设计的实现，满足每一次系统上电/复位各DAC通道的分频时钟相位固定。
18. 104360331 一种宽带雷达目标极化特性的模拟方法
CN
14.09.2016
G01S 7/40 Loading...
G01S 7/40
Loading...
102014000758417
南京长峰航天电子科技有限公司
江长勇
G01S 7/40
Loading...
本发明公开了一种宽带雷达目标极化特性的模拟方法，包括以下步骤，接收宽带雷达的发射信号，进行模数转换将该发射信号变换为对应的数字信号；获取宽带雷达目标一维距离像上每个散射点的极化特性，并以极化散射矩阵来描述；对于目标一维距离像上的每个散射点，分别对宽带雷达输入信号乘上其对应的极化散射矩阵，进行极化特性调制；将极化特性调制后的每个散射点回波信号在数字域内进行合成，分别得到H通道和V通道的极化调制信号；将合成后的极化调制信号变换为模拟信号输出。本发明不仅解决了移相器和衰减器温漂的影响，提高极化目标特性模拟的稳定性，还解决了模拟极化调制方法不能实现宽带雷达目标极化特性模拟的问题，具有良好的应用前景。
19. 205427066 一种电子对抗通用环境测试模拟系统
CN
03.08.2016
G01R 31/00 Loading...
G01R 31/00
Loading...
201521007729.8
南京长峰航天电子科技有限公司
舒德军
G01R 31/00
Loading...
本实用新型公开了一种电子对抗通用环境测试模拟系统，包括一个CPCI机箱，CPCI机箱内设有窄带DA板、测试环境扩展板以及光纤扩展板，这三块板分别通过CPCI总线互联，且均通过CPCI总线与单板计算机相连接，单板计算机与显控设备相连接，窄带DA板与放大滤波模块相连，光纤扩展板与光纤接口相连，窄带DA板、测试环境扩展板以及光纤扩展板均通过CPCI总线插接在CPCI机箱背板上，CPCI机箱背板上设有通讯接口，通讯接口包括LVDS接口、RS485接口、TTL接口。本实用新型提供的一种电子对抗通用环境测试模拟系统，为一款能够模拟雷达和电子战设备相应参数的模拟器，对提高我军电子设备的研制工作有着重要的意义。
20. 205336226 一种X波段30瓦固态功率放大器组件
CN
22.06.2016
H03F 1/30 Loading...
H03F 1/30
Loading...
201520971556.5
南京长峰航天电子科技有限公司
沈金亮
H03F 1/30
Loading...
本实用新型公开了一种X波段30瓦固态功率放大器组件，其特征是，包括功率放大器系统，所述功率放大器系统分别连接控测模块和散热系统，所述功率放大器系统包括前级功率放大器模块、四路功率分配器、四个末级功率放大器模块，所述前级功率放大器模块通过四路功率分配器驱动四个末级功率放大器模块，所述末级功率放大器模块包括末级功率放大器组件、储能电容组、温补电路及负栅保护电路板和漏极调制电路板，所述末级功率放大器组件包括第一X波段30瓦放大器、配相二路功分器和配相三路功分器；本实用新型提高组件了可靠性，减轻了设备重量，减小了设备体积，降低了成本，降低了系统的功耗，提高系统安全性。
21. 105627620 一种基于半导体致冷片的宽温控制系统及方法
CN
01.06.2016
F25B 21/02 Loading...
F25B 21/02
Loading...
201410584577.1
南京长峰航天电子科技有限公司
舒德军
F25B 21/02
Loading...
本发明公开了一种基于半导体致冷片的宽温控制系统及其控制方法，该宽温控制系统以半导体致冷片为热量转移的执行机构，以控制驱动板中的单片机为控制机构，对被控部件周边小环境实现精准快速的宽温控制，使被控部件能够在恶劣温度环境下，长时间稳定正常工作。该基于半导体致冷片的宽温控制系统的控制方法具有温控耗电省、重量轻、体积小、寿命长、工作无噪音以及绿色无污染等特点，具有较大的应用价值，值得推广。
22. 205257919 一种专用运输设备
CN
25.05.2016
B66F 9/22 Loading...
B66F 9/22
Loading...
201521020191.4
南京长峰航天电子科技有限公司
刘超
B66F 9/22
Loading...
本实用新型公开了一种专用运输设备，包括：货叉、运输框架、电动升降平台、液压缸、踏板、连杆装置，所述货叉底部设置有连杆装置，所述连杆装置末端与液压缸的顶杆相连接，所述踏板与液压缸相连接；所述货叉顶部设置有运输框架，所述电动升降平台中部通过转轴固定在运输框架后部。本实用新型提供的一种专用运输设备，整体重量轻、电动升降平台可旋转便于转移；采用人工液压升降，结构简易，操作方便。
23. 205263306 基于CUDA平台的快速CFAR处理装置
CN
25.05.2016
G01S 7/41 Loading...
G01S 7/41
Loading...
201521009177.4
南京长峰航天电子科技有限公司
朱海洋
G01S 7/41
Loading...
本实用新型公开了一种基于CUDA平台的快速CFAR处理装置，包括：CUDA计算平台、主控管理模块、信号接收模块、显示输出模块，所述CUDA计算平台包括：信号处理模块、矢量化处理模块、CFAR处理模块，所述主控管理模块、信号接收模块分别与信号处理模块相连接，所述信号处理模块与矢量化处理模块、CFAR处理模块依次连接，所述显示输出模块与CFAR处理模块相连接。本实用新型提供的基于CUDA平台的快速CFAR处理装置，大大提高的雷达信号目标检测处理的效率，可以满足高精度和大数据的雷达实时目标检测处理要求。
24. 205256693 一种专用动目标模拟阵列安装网架结构
CN
25.05.2016
B64F 5/00 Loading...
B64F 5/00
Loading...
201521015877.4
南京长峰航天电子科技有限公司
刘超
B64F 5/00
Loading...
本实用新型公开了一种专用动目标模拟阵列安装网架结构，包括：边框杆件、节点圆构件、节点连接杆件、三角形钢板，所述节点圆构件通过节点连接杆件相互连接，所述节点圆构件之间组成的三角形空间内设置有三角形钢板；所述三角形钢板在节点圆构件之间彼此连接组成T型弧面阵列结构，所述T型弧面阵列结构周边设置有边框杆件。本实用新型提供的一种专用动目标模拟阵列安装网架结构，可在结构最简的情况下满足动目标天线信号达到最大的方位角度和俯视角度，以实现某飞行设备电子对抗装备所面对的动态目标电磁信号环境。
25. 205140948 一种散热封装结构
CN
06.04.2016
H01L 23/367 Loading...
H01L 23/367
Loading...
201520970556.3
南京长峰航天电子科技有限公司
王凌
H01L 23/367
Loading...
本实用新型公开了一种散热封装结构，包括主体，所述主体内设有基板，所述基板的两侧设有用于封装电子元器件的空腔，所述电子元器件安装于基板上，所述基板向主体外部一侧或两侧延伸形成导热板，所述导热板上设有若干个沿着导热板的延伸方向并列设置的散热翅片，所述导热板的厚度沿延伸方向逐渐变薄。本实用新型提供的一种散热封装结构，其散热性能好、封装简便、易于集成组装，集成阵列维护方便，易加工、可批量生产，方便加装强制风冷装置，具有良好的应用前景，值得推广。
26. 205141144 有源阵列天线
CN
06.04.2016
H01Q 13/02 Loading...
H01Q 13/02
Loading...
201520984444.3
南京长峰航天电子科技有限公司
李东明
H01Q 13/02
Loading...
本实用新型公开了一种有源阵列天线，包括功率放大阵列模块、微带-波导转换器、角锥喇叭天线；功率放大阵列模块输出口的微带线与鳍线型微带-波导转换器的输入端微带线直接焊接相连，微带-波导转换器的输出口与角锥喇叭的输入波导口用螺钉连接；所述功率放大阵列模块背对背排列；所述微带-波导转换器为对脊鳍线形式；所述角锥喇叭天线为分体组装结构。本实用新型具有小尺寸、散热好、结构可靠、功率辐射密度高等特点，同时其制造成本低，并且易于装配调试。
27. 205142144 13～17GHz宽带固态功率放大器组件
CN
06.04.2016
H03F 3/20 Loading...
H03F 3/20
Loading...
201520969953.9
南京长峰航天电子科技有限公司
王文海
H03F 3/20
Loading...
本实用新型公开了一种13～17GHz宽带固态功率放大器组件，其特征是，包括功率放大器系统，所述功率放大器系统分别连接控测模块和散热系统，所述功率放大器系统包括四路功率分配器和四个末级功率放大器模块，所述四路功率分配器分别连接四个末级功率放大器模块，所述末级功率放大器模块包括末级功率放大器组件、储能电容组、温补电路及负栅保护电路板和漏极调制电路板，所述末级功率放大器组件包括前级驱动放大器、第一Ku波段20瓦放大器、配相三路功分器和配相二路功分器，所述第一Ku波段20瓦放大器通过配相三路功率分配器分别驱动第二Ku波段20瓦放大器，第二Ku波段20瓦放大器通过配相二路功率分配器分别驱动第三Ku波段20瓦放大器。
28. 205142140 一种C波段100瓦固态功率放大器组件
CN
06.04.2016
H03F 1/30 Loading...
H03F 1/30
Loading...
201520973378.X
南京长峰航天电子科技有限公司
沈金亮
H03F 1/30
Loading...
本实用新型公开了一种C波段100瓦固态功率放大器组件，其特征是，包括功率放大器系统，所述功率放大器系统分别连接控测模块和散热系统，所述功率放大器系统包括前级功率放大器模块、四路功率分配器、四个末级功率放大器模块，所述前级功率放大器模块通过四路功率分配器驱动四个末级功率放大器模块，所述末级功率放大器模块包括末级功率放大器组件、储能电容组、温补电路及负栅保护电路板和漏极调制电路板，所述末级功率放大器组件包括第一C波段100瓦放大器、配相四路功分器，所述第一C波段100瓦放大器通过配相四路功率分配器分别驱动第二C波段100瓦放大器；实用新型降低了系统的功耗，提高系统安全性。
29. 105425217 动态平台下雷达天线对准跟踪控制方法
CN
23.03.2016
G01S 7/02 Loading...
G01S 7/02
Loading...
201510897581.8
南京长峰航天电子科技有限公司
于瑞亭
G01S 7/02
Loading...
本发明公开了一种动态平台下雷达天线对准跟踪控制方法，由主控计算机通过接收GPS、姿态测量设备输出的载体姿态数据，并通过网口接收跟踪目标的GPS坐标值；通过坐标转换，计算出方位跟踪指令角和俯仰跟踪指令角，方位伺服控制板连续地比较方位跟踪指令角和当前方位转台位置参数，控制方位伺服电机改变方位转台上天线的位置；俯仰伺服控制板连续地比较俯仰跟踪指令角和当前俯仰转台位置参数，控制俯仰伺服电机改变俯仰转台上天线的位置。本发明通过随动稳定平台的稳定功能和雷达天线的伺服控制功能相结合，实现有效隔离载体的姿态变化对雷达天线指向的影响，从而实现雷达天线稳定指向的目的。
30. 105423824 一种用于半实物仿真试验的双模波束合成系统及方法
CN
23.03.2016
F41G 3/32 Loading...
F41G 3/32
Loading...
201510870138.1
南京长峰航天电子科技有限公司
张丙伟
F41G 3/32
Loading...
本发明提供了一种用于半实物仿真试验的双模波束合成系统及方法，能够实现在实验室环境下微波/红外双模制导系统的半实物仿真试验，从而为双模制导设备的研制、技术参数验证、性能评估等方面提供可靠试验手段，在缩短设备研制周期、减少试验耗资、提高设备战场生存能力等方面具有重要应用价值。本系统包括微波场景分系统、红外场景分系统、辐射阵列、计算机硬件平台、控制分系统、时统系统、三轴转台、两轴光学随动转台、波束合成器、支架、转台基础及校准分系统。
31. 105355609 一种散热封装结构
CN
24.02.2016
H01L 23/367 Loading...
H01L 23/367
Loading...
201510851733.0
南京长峰航天电子科技有限公司
王凌
H01L 23/367
Loading...
本发明公开了一种散热封装结构，包括主体，所述主体内设有基板，所述基板的两侧设有用于封装电子元器件的空腔，所述电子元器件安装于基板上，所述基板向主体外部一侧或两侧延伸形成导热板，所述导热板上设有若干个沿着导热板的延伸方向并列设置的散热翅片，所述导热板的厚度沿延伸方向逐渐变薄。本发明提供的一种散热封装结构，其散热性能好、封装简便、易于集成组装，集成阵列维护方便，易加工、可批量生产，方便加装强制风冷装置，具有良好的应用前景，值得推广。
32. 204269820 一种基于CUDA的高性能ISAR信号处理装置
CN
15.04.2015
G01S 7/41 Loading...
G01S 7/41
Loading...
201420781086.1
南京长峰航天电子科技有限公司
朱海洋
G01S 7/41
Loading...
本实用新型公开了一种基于CUDA的高性能ISAR信号处理装置，其特征是，包括主控管理单元、实时控制单元、信号处理单元、数据处理单元、天线单元、频综单元、下变频器、多普勒参数估计单元、距离校正函数计算单元和显示输出单元。本实用新型所达到的有益效果：在工作的整个过程中，主控管理单元只进行流程逻辑控制和硬件协调工作，以及控制数据的传输和各个处理单元的协同工作，这样就大大减轻了主控管理单元的负担，提高了运算效率。整个装置将传统ISAR成像结合目前的研究热点CUDA，通过采用流水线并行处理的思想，将ISAR信号处理过程模块化，并分解为多通道并行处理，放到CUDA运算平台上执行，并通过高速数据传输通道传输计算结果，大大地提高了处理速度。
33. 204262649 一种阵列球面结构焊接装置
CN
15.04.2015
B23K 37/04 Loading...
B23K 37/04
Loading...
201420742489.5
南京长峰航天电子科技有限公司
杨健
B23K 37/04
Loading...
本实用新型公开了一种阵列球面结构焊接装置，包括角度调节机构、高度调节机构与底座；角度调节机构通过固定座固定在高度调节机构的丝杆法兰盘上，角度调节机构与高度调节机构作为一个整体通过转接座固定在底座上；角度调节机构：固定座上设置第一组转动座，第二组转动座与第一组转动座通过转接块连接，过渡连接盘设置在第二组转动座上，圆盘设置在过渡连接盘上；第一组转动座和第二组转动座分别各为一个转动副，安装方向相对于转动方向垂直；高度调节机构：圆螺母设置在丝杆升降机的丝杆上，起高度锁定的作用；丝杆升降机底部与转接座连接，并通过转接座固定在底座上。制作效率高、调节精度高、稳定性好。
34. 204241688 一种双极化导引头仿真装置
CN
01.04.2015
G01S 7/40 Loading...
G01S 7/40
Loading...
201420763368.9
南京长峰航天电子科技有限公司
吴惠明
G01S 7/40
Loading...
本实用新型公开了一种双极化导引头仿真装置，其特征在于，包括设置在微波暗室内的双极化天线阵列和用于模拟双极化导引头在仿真试验过程中姿态的转台，双极化导引头架设在转台上，所述的双极化导引头与射频仿真信号源相连，且所述射频仿真信号源通过阵列馈电控制单元与双极化天线阵列相连，所述转台、双极化导引头、阵列馈电控制单元和射频仿真信号源分别与仿真控制计算机相连。可以直接产生水平极化和垂直极化信号，可以通过控制两种极化信号的幅度和相位，并将两种极化信号进行空间合成，实现任意极化形式模拟。
35. 204242172 一种机载数据记录装置
CN
01.04.2015
G06F 13/38 Loading...
G06F 13/38
Loading...
201420775828.X
南京长峰航天电子科技有限公司
舒德军
G06F 13/38
Loading...
本实用新型公开了一种机载数据记录装置，包括电源转换电路、第一处理器、第二处理器、总线通信电路、监测采集电路以及数据存储电路，所述第一处理器与第二处理器、数据存储电路相连接，所述第二处理器与监测采集电路、总线通信电路相连接，所述监测采集电路上设有用于采集监测数据的AD芯片，所述第一处理器为嵌入式计算机，所述第二处理器为FPGA。本实用新型提供的一种机载数据记录装置，可连接不同串行接口的设备，通用性较大，能实时监测环境参数，并连同设备工作的数据一起进行存储，以便回到地面后进一步分析研究，且该机载数据记录装置使用起来较为方便，性能可靠，值得推广。
36. 204243179 1～4GHz双极化开放边界天线
CN
01.04.2015
H01Q 1/36 Loading...
H01Q 1/36
Loading...
201420779253.9
南京长峰航天电子科技有限公司
李东明
H01Q 1/36
Loading...
本实用新型公开了一种1～4GHz双极化开放边界天线，所述天线包括两对脊片，所述脊片呈十字交叉状；所述脊片的底端设有背腔，所述背腔由四块楔形金属块拼接而成，并通过底端的短路端盖闭合；所述脊片的底端外部设有方波导，所述方波导上设有馈电端口，所述馈电端口内插入馈电导针。本实用新型具有小尺寸、低驻波比，超宽带的特点，同时其制造成本低，并且易于装配调试。
37. 204236475 轨道运动小车系统
CN
01.04.2015
B61D 15/00 Loading...
B61D 15/00
Loading...
201420717245.1
南京长峰航天电子科技有限公司
孙宏
B61D 15/00
Loading...
本实用新型公开了一种轨道运动小车系统，其特征是，包括水平运动小车和竖直运动小车，所述水平运动小车和竖直运动小车分别连接主控计算机，所述水平运动小车包括水平运动小车主体，所述水平运动小车主体底部安装四组橡胶轮组，水平运动小车主体装载电机、第一减速器、伺服控制机箱及天线装置，所述第一减速器的输出轴上安装驱动齿轮，所述水平运动小车主体架设在水平弧形轨道上，所述竖直运动小车包括竖直运动小车主体，所述竖直运动小车主体左侧安装四组橡胶轮组，所述竖直运动小车主体右侧安装两组橡胶轮组，所述竖直运动小车主体架设在竖直弧形轨道上。
38. 204243706 设备电缆升降装置
CN
01.04.2015
H02G 11/00 Loading...
H02G 11/00
Loading...
201420735737.3
南京长峰航天电子科技有限公司
韩庆森
H02G 11/00
Loading...
本实用新型公开了一种设备电缆升降装置，包括升降杆（1）、设备电缆（2），其特征在于，还包括与升降杆顶端连接的转接支座（4），所述转接支座（4）包括下底板（5）、上底板（6）、位于上、下底板之间的钢管（7）和位于钢管（7）外侧且位于上底板（6）下端的筋板（8）；所述筋板（8）上设置有圆孔；所述升降杆（1）外围设置有螺旋弹簧（3），所述螺旋弹簧（3）的一端固定在所述升降杆（1）的顶端，另一端固定在所述升降杆（1）的底端；所述设备电缆（2）形成的电缆束捆绕在所述螺旋弹簧（3）上。本实用新型中设备电缆的拖线、收线可伴随升降杆升降同步进行，结构简单，易操作，具有较好的稳定性，可适应于野外工作环境。
39. 204243213 L波段低副瓣偶极子阵列天线
CN
01.04.2015
H01Q 21/00 Loading...
H01Q 21/00
Loading...
201420778764.9
南京长峰航天电子科技有限公司
陆晓路
H01Q 21/00
Loading...
本实用新型公开了一种L波段低副瓣偶极子阵列天线，包括功分馈电网络、天线单元和天线安装板，所述功分馈电网络通过射频电缆与天线单元输入口相连接，所述天线单元输入口处设有射频同轴连接器；所述天线单元印制在印制板基片上，所述印制板基片安装在天线安装板上。本实用新型可具备宽工作频带、低副瓣电平，并能使得天线尺寸较常规阵列天线大大缩小。
40. 204243205 一种3mm毫米波天线
CN
01.04.2015
H01Q 13/02 Loading...
H01Q 13/02
Loading...
201420785783.4
南京长峰航天电子科技有限公司
卫刚
H01Q 13/02
Loading...
本实用新型公开了一种3mm毫米波天线，其特征在于，包括毫米波矩-圆过渡波导和圆锥喇叭，在所述毫米波矩-圆过渡波导上设置有法兰盘，在所述法兰盘上设置有与外接金属波导定位的销孔及固定连接的螺纹孔；本实用新型所述3mm毫米波天线内腔锥度范围为1∶2～1∶2.5，由于内腔锥度小、体积小，具有较好的定向性能和增益高的优点；所述3mm毫米波天线的尺寸及精度易于实现，从而降低了加工成本。
41. 204168298 一种空域干扰抑制装置
CN
18.02.2015
H04B 15/00 Loading...
H04B 15/00
Loading...
201420545999.3
南京长峰航天电子科技有限公司
吴惠明
H04B 15/00
Loading...
本实用新型公开了一种空域干扰抑制装置，接收天线阵列和发射天线阵列分别由若干阵元和控制各个阵元辐射方向的移相器组成；无源探测装置的输出端与阵列加权系数解算单元的输入端相连，阵列加权系数解算单元的输出端经接收阵列幅度控制单元连接接收天线阵列，经发射阵列幅度控制单元连接发射天线阵列；雷达信号源的输入端连接有用于提供雷达工作参数的战情参数管理单元，雷达信号源的输出端经上变频器连接发射天线阵列；接收天线阵列的输出端经第一下变频器连接第一中频信号处理单元。本实用新型采用无源探测天线和天线方向图控制相结合的工作方式，能够有效对抗强散射体干扰目标和反辐射导弹。
42. 204168257 一种宽带微带幅度均衡器
CN
18.02.2015
H03H 7/01 Loading...
H03H 7/01
Loading...
201420656874.8
南京长峰航天电子科技有限公司
刘艺彩
H03H 7/01
Loading...
本实用新型公开了一种宽带微带幅度均衡器，包括谐振器，其特征在于，所述谐振器为传输线型谐振器，所述传输线型谐振器包括主传输线、薄膜电阻和微带线，所述主传输线上设置有所述薄膜电阻和所述微带线，所述薄膜电阻和所述微带线相连接，所述传输线型谐振器由TEM传输线段构成，所述TEM传输线段为开路线。本实用新型可以有效补偿整个系统由于传输电缆、变频器、放大器等器件损耗带来的幅频不一致，特别是由于微波信号传输和放大过程中损耗随频率增加而加大的现象；还可以有效的改善由中频信号进行信号处理时，AD/DA过程会产生的较大的幅度不平坦度，且在信号上变频后的射频端均衡，比在DA中频输出端均衡，更能保证达到良好的相位平坦度。
43. 204167443 一种宽带单刀十六掷等相PIN开关
CN
18.02.2015
H01P 1/10 Loading...
H01P 1/10
Loading...
201420656875.2
南京长峰航天电子科技有限公司
陆晓路
H01P 1/10
Loading...
本实用新型公开了一种宽带单刀十六掷等相PIN开关，包括结构壳体、射频电路和电源驱动电路，其特征在于，所述结构壳体的外部形状为矩形，所述结构壳体内侧开有内腔，所述内腔为双面铣腔，所述射频电路安装于所述双面铣腔的正面腔体，所述电源驱动电路安装于所述双面铣腔的背面腔体，所述结构壳体上开有过孔，所述射频电路与所述电源驱动电路通过所述过孔连接，所述射频电路采用一分四、四分八、八分十六的多级开关组合模式，所述电源驱动电路的控制信号为4位TTL信号。本实用新型具有以下优点：可以满足1-18GHz的超宽带工作频率；并且具有更高的集成度，可以实现同样的目标单元数下更低损耗、并且具有更好的相位一致性、小型化程度高也便于多元复合。
44. 204167456 超宽带功分器
CN
18.02.2015
H01P 5/16 Loading...
H01P 5/16
Loading...
201420675715.2
南京长峰航天电子科技有限公司
李浩
H01P 5/16
Loading...
本实用新型公开了一种超宽带功分器，其特征在于：包括：印制板（1）、隔离电阻（2）、壳体（3）、盖板、接头（4）和多节1/4波长阻抗变换器（5）；所述壳体（3）铣成的内腔和盖板密封组成腔体，所述腔体内固定有所述印制板（1），所述印制板（1）上设置有由所述隔离电阻（2）和多节1/4波长阻抗变换器（5）组成的微带电路，所述接头（4）包括输入接头（6）和输出接头（7），所述微带电路的输入端设置有所述输入接头（6），所述微带电路的输出端设置有若干所述输出接头（7）。本实用新型提供的一种超宽带功分器，全频段宽覆盖、小型化、性能指标好、结构设计合理、成本低。
45. 204166472 一种半导体制冷装置
CN
18.02.2015
G06F 1/20 Loading...
G06F 1/20
Loading...
201420690766.2
南京长峰航天电子科技有限公司
吴超
G06F 1/20
Loading...
本实用新型公开了一种半导体制冷装置，包括插盒，插盒为中空结构，包括上面板、前面板和后面板；插盒内安装散热器、控制模块、发热板卡、半导体制冷片；半导体制冷片的冷面与发热板卡平贴接触，半导体制冷片的热面与散热器平贴接触，散热器作为底板向下设置；发热板卡与半导体制冷片中间贴设温度传感器，温度传感器与控制模块信号连接。是利用珀尔帖效应的一种电制冷方法，具有体积小、噪音低、无运动部件并且调节控制方便等优点，利用其控制方便的特点尽量提高制冷系数，能够解决大功率器件及恶劣环境下的电子设备的冷却问题。
46. 204166390 辐射天线间距可调的平面阵列
CN
18.02.2015
G05D 3/00 Loading...
G05D 3/00
Loading...
201420657800.6
南京长峰航天电子科技有限公司
张丙伟
G05D 3/00
Loading...
本实用新型公开了一种辐射天线间距可调的平面阵列，其特征是，包括位于同一平面内的横向位置调整机构和竖向位置调整机构，位于所述横向位置调整机构上的精确定位装置以及位于精确定位装置上的辐射天线；横向位置调整机构位于竖向位置调整机构之间。本实用新型有益效果：本实用新型的平面阵列可适用于大型被试设备的试验，辐射天线间距可调，平面阵列的试验中心可变。
47. 204166522 一种高速大容量FLASH单板存储电路板
CN
18.02.2015
G06F 3/06 Loading...
G06F 3/06
Loading...
201420630900.X
南京长峰航天电子科技有限公司
舒德军
G06F 3/06
Loading...
本实用新型公开了一种高速大容量FLASH单板存储电路板，包括第一FPGA、两片第二FPGA、PCI桥芯片和电源电路，第一FPGA通过LVDS差分线分别与两片第二FPGA相连接，第一FPGA、两片第二FPGA分别与PCI桥芯片的本地总线相连接，各第二FPGA分别连接有64片NAND LASH存储芯片，两片第二FPGA在物理结构上对称，64片NANDFLASH存储芯片分为8组，每组设有共用数据并联的8片NANDFLASH存储芯片，各第二FPGA还分别连接有NORLASH存储芯片。本实用新型满足机载震动实验要求，适用于电子对抗、雷达成像等领域的超高速大容量数据存储，具有良好的应用前景。
48. 204167451 一种中窄带带阻滤波器及变频系统
CN
18.02.2015
H01P 1/208 Loading...
H01P 1/208
Loading...
201420614441.6
南京长峰航天电子科技有限公司
王磊
H01P 1/208
Loading...
本实用新型公开了一种中窄带带阻滤波器及变频系统，腔体沿横向轴线上设置有多个下圆形谐振腔，盖体顶部内面在下圆形谐振腔对应位置处设置有多个上圆形谐振腔，上圆形谐振腔、下圆形谐振腔的两端均通过固定介质片与电容耦合短截线相连接；盖体套接于腔体外部，盖体与腔体上均设置螺孔，并通过调谐螺钉固定；盖体两端设置有射频接头。变频系统通过中窄带带阻滤波器与带通滤波器、混频器、放大器连接组成。本实用新型通过带阻滤波器采用圆形腔体结构设计，易于加工，可实现1%的相对阻带带宽。同时通带具有低插损、平坦度好的优点，适合用于电子对抗、雷达模拟器等。
49. 204166126 一种X或Ku波段功率合成有源阵列天线
CN
18.02.2015
G01S 7/02 Loading...
G01S 7/02
Loading...
201420627109.3
南京长峰航天电子科技有限公司
王文海
G01S 7/02
Loading...
本实用新型公开了一种X或Ku波段功率合成有源阵列天线，其特征是，包括功分器模块、功放模块、均设置在所述功放模块上的散热模块和天线阵模块；所述功放模块包括功分网络模块和放大模块，所述功分网络模块和放大模块的节点连接部分均采用等长金丝焊接。本实用新型所达到的有益效果：功放模块的绝缘子和天线阵模块的馈电端微带线相焊接避免了电缆或接头连接带来的幅度及相位差，低损耗的印制板以及等长的金丝焊接等工艺可以有效的保证功放模块的输出要求。采用新型的锥形开槽天线单元组成阵列，在保证合成效率和辐射性能的前提下，有效的解决了超宽带天线在高频端方向图畸变的通病。
50. 204117397 多功能雷达模拟器教学设备
CN
21.01.2015
G09B 9/54 Loading...
G09B 9/54
Loading...
201420540224.7
南京长峰航天电子科技有限公司
金科
G09B 9/54
Loading...
本实用新型公开了多功能雷达模拟器教学设备，其特征是，包括信号部件和控制部件；所述的信号部件均包括依次连接的目标信号模拟器装置、信号发射装置、信号接收装置、天线波束模拟装置、频综装置和定时器装置。本实用新型所达到的有益效果：本设备能充分展现雷达信号模拟、发射、探测、接收、智能数显的全过程；具备模拟雷达组网、双极化、双多基地等现代体制雷达的功能；通过该雷达模拟器分布式、双雷达站组网及双基地等工作模式的教学，可生动形象的实现接触最先进体制雷达的教学目的，实现数字化、模块化、现代化的半实物仿真平台，一定程度上填补了新型雷达模拟器教学装备的空白。
51. 204116836 一种导引头姿态模拟装置
CN
21.01.2015
G05B 17/02 Loading...
G05B 17/02
Loading...
201420576418.2
南京长峰航天电子科技有限公司
尹光
G05B 17/02
Loading...
本实用新型公开了一种导引头姿态模拟装置，包括：接收天线单元、下变频器，中频信号处理单元、目标航迹滤波单元、制导控制单元、制导指令形成单元、发射天线单元、制导指令接收单元、高度控制单元、自动驾驶单元、弹上控制单元、弹体模拟单元、导弹测量系统、姿态元件；接收天线单元、下变频器，中频信号处理单元、目标航迹滤波单元、制导控制单元、制导指令形成单元、发射天线单元、制导指令接收单元、高度控制单元、弹体模拟单元、导弹测量系统依次连接；所述导弹测量系统与制导控制单元连接；另一路，制导指令形成单元又依次通过自动驾驶单元、弹上控制单元与弹体模拟单元连接，弹体模拟单元通过姿态元件与自动驾驶单元连接。
52. 204101726 CUDA高性能SAR信号处理装置
CN
14.01.2015
G01S 13/90 Loading...
G01S 13/90
Loading...
201420575956.X
南京长峰航天电子科技有限公司
朱永前
G01S 13/90
Loading...
本实用新型公开了一种CUDA高性能SAR信号处理装置，包括信号接收前端、主信号控制处理器，CUDA高性能并行计算平台、成像显示单元；信号接收前端和主信号控制处理器均与CUDA高性能并行计算平台相连接，所CUDA高性能并行计算平台的信号输出端与成像显示单元相连；CUDA高性能并行计算平台包括SAR信号处理单元一和SAR信号处理单元二。本实用新型提供的CUDA高性能SAR信号处理装置，通过融合CUDA高性能计算平台强大的并行计算处理能力，协同信号处理平台实现SAR信号的高效、快速处理；采用多核CUDA并行工作，可以实现更大规模的并行计算平台的研制，可以在更高的精度下处理更大的SAR场景的回波信号，实现SAR信号的实时处理。
53. 204103932 幅相一致多通道射频模拟器
CN
14.01.2015
H04B 17/00 Loading...
H04B 17/00
Loading...
201420657958.3
南京长峰航天电子科技有限公司
朱成林
H04B 17/00
Loading...
本实用新型公开了一种幅相一致多通道射频模拟器，包括依次电连接的接收单元、下变混频滤波单元、信号处理单元、幅度均衡器、上变混频滤波单元和自动增益控制单元；接收单元包括依次电连接的限幅器、预选滤波器、低噪声放大器和程控衰减器；下变混频滤波单元包括混频器、连接于混频器本振输入端的本振单元、匹配隔离器及中频滤波器；幅度均衡器包括主传输线及并联在主传输线上的谐振器；上变混频滤波单元包括中频滤波器、混频器、连接于混频器本振输入端的本振单元、匹配隔离器及射频滤波器；自动增益控制单元包括依次电连接的低噪声放大器、程控衰减器及大动态放大器。本实用新型提高了射频模拟器多通道之间幅相平坦度及一致性。
54. 204103871 一种S波段固态功率放大器
CN
14.01.2015
H03F 3/20 Loading...
H03F 3/20
Loading...
201420657074.8
南京长峰航天电子科技有限公司
沈金亮
H03F 3/20
Loading...
本实用新型公开了一种S波段固态功率放大器，属于微波技术领域，本实用新型采用如下技术方案：一种S波段固态功率放大器，包括固态功率放大器本体和前级功放模块，其特征在于，所述功率放大器本体两侧设置有内部盖板，所述前级功放模块电路包括2瓦功率放大器、12瓦功率放大器、隔离器、120瓦功率放大器、增益补偿电路、可调衰减器、温度补偿电路、直流电源及散热系统。本实用新型解决一种S波段固态发射机系统在低温条件下（-55℃）自激问题、宽温度范围（-55℃～+60℃）条件下工作增益稳定性、线性、系统电磁兼容设计的问题。
55. 204101724 冲激信号仿真系统
CN
14.01.2015
G01S 7/40 Loading...
G01S 7/40
Loading...
201420613303.6
南京长峰航天电子科技有限公司
王传礼
G01S 7/40
Loading...
本实用新型公开了一种冲激信号仿真系统，包括：下变频单元、数字信号处理单元、上变频单元、开关矩阵、阵列天线，所述下变频单元输入端与下变基带信号输入端相连接，A路回波基带信号输出端,B路回波基带信号输出端，C路回波基带信号输出端与A路上变频器，B路上变频器，C路上变频器的输入端一对一对应连接，A路上变频器，B路上变频器，C路上变频器的输出端分别与开关矩阵三个输入端相连接，开关矩阵多个输出端分别与阵列天线输入端相连接。本实用新型提供的冲激信号仿真系统，将原有的射频仿真系统的射频信号源和射频仿真阵列结合在一起，实现更复杂的目标回波信号的模拟，即可以实现方位、俯仰和距离三维目标雷达回波信号的模拟。
56. 204101723 一种用于新型武器电磁环境模拟系统的中频信号处理单元
CN
14.01.2015
G01S 7/36 Loading...
G01S 7/36
Loading...
201420665117.7
南京长峰航天电子科技有限公司
江长勇
G01S 7/36
Loading...
本实用新型公开了一种用于新型武器电磁环境模拟系统的中频信号处理单元，包括：信号采集模块、中频信号产生模块、四路信号处理通道、实时信号处理模块、高速D\A模块、总线及电源模块。本实用新型提供的一种用于新型武器电磁环境模拟系统的中频信号处理单元，可以利用中频信号产生模块产生多批次相交叠的雷达脉冲信号；并能通过多通道同时模拟雷达被动目标信号与主动目标信号的信号特征；同时，实时信号处理模块能产生适用于新型武器系统的复杂电磁环境的目标信号，并能调制出扩展目标的各种信号特征，提高了电磁环境模拟系统的性能。
57. 204086525 3G采样通用小型化目标及干扰模拟器
CN
07.01.2015
G01S 7/40 Loading...
G01S 7/40
Loading...
201420553009.0
南京长峰航天电子科技有限公司
江长勇
G01S 7/40
Loading...
本实用新型公开了一种3G采样通用小型化目标及干扰模拟器，由实时处理板卡、宽带信号处理板卡、射频信号接收插盒、数字频率综合器插盒及上变频插盒组成，射频信号接收插盒、上变频插盒、数字频率综合器插盒均通过射频电缆及CPCI底板与信号处理板卡互联，射频信号接收插盒、上变频插盒通过电缆与数字频率综合器插盒互联；所有板卡和插盒均是标准的4T宽6U高度，形成模块化；所有板卡和插盒均插于CPCI机箱中的插槽中。本实用新型中所有的板卡、插盒均放置于一个小型化的机箱中，减小了体积与重量，方便携带；微采用标准CPCI插盒方式，便于更换，能方便的进行频段扩展，通用性强。
58. 204086523 一种密集假目标干扰器
CN
07.01.2015
G01S 7/38 Loading...
G01S 7/38
Loading...
201420540326.9
南京长峰航天电子科技有限公司
王文海
G01S 7/38
Loading...
本实用新型公开了一种密集假目标干扰器，包括：接收装置、发送装置，其特征在于，还包括：信号接收单元、中频信号处理模块、干扰信号发生器、本振信号产生单元、上变频通道、功率放大器；接收装置与信号接收单元连接，信号接收单元与中频信号处理模块连接，中频信号处理模块分别与干扰信号发生器、上变频通道连接，上变频通道与功率放大器连接，功率放大器与发送装置连接。本实用新型的有益之处在于：通过硬件连接，在进行干扰之前，加入了中频信号处理模块，使得本实用新型的密集架目标干扰器能够更加准确、及时地确认敌方雷达和信号的类型，制定合理的干扰信号，使敌方雷达不能确定正确的目标，达到迷惑和扰乱雷达对真正目标检测和跟踪的目的。
59. 204086295 一种并行多路FFT测速装置
CN
07.01.2015
G01P 3/50 Loading...
G01P 3/50
Loading...
201420548263.1
南京长峰航天电子科技有限公司
段连明
G01P 3/50
Loading...
本实用新型公开了一种并行多路FFT测速装置，包括依次连接的信号产生单元和信号发射单元，所述信号产生单元用于产生并输出中频信号；所述中频信号通过信号发射单元向目标空间发出；还包括依次连接的回波接收单元、下变频器、FPGA硬件平台和显示单元；所述回波接收单元用于接收测速目标物的回波信号；所述下变频器用于将回波信号下变频到回波中频信号；所述FPGA硬件平台用于接收回波中频信号后输出回波中频信号的多普勒频率值；所述显示单元用于将多普勒频率值绘图显示。有益效果在于，用于测量导弹和靶标的交会过程，能保证在小信噪比和存在大的耦合信号时的测量精度，能避免体目标效应和测量值的起伏不定，同时测量结果直观可视。
60. 204086526 一种雷达回波模拟器
CN
07.01.2015
G01S 7/40 Loading...
G01S 7/40
Loading...
201420564855.2
南京长峰航天电子科技有限公司
吴惠明
G01S 7/40
Loading...
本实用新型公开了一种雷达回波模拟器，包括依次连接的雷达接收器、低噪声放大器、下变频器、A/D转换器、正交下变频器、粗延迟单元、精延迟单元、多普勒调制器、D/A转换器、上变频器和雷达发射器，所述多普勒调制器上还连接有计算机；粗延迟单元为QDR存储器，精延迟单元包括相连的抽头延迟线和滤波器，抽头延迟线连接粗延迟单元，滤波器连接多普勒调制器。本实用新型对于不同类型的目标，由计算机对战情数据的实时解算，控制产生目标回波的散射点数、一维距离像数和间隔，并进行多普勒频率的调制来实现对各类目标的模拟，能够模拟不同角度和姿态的扩展目标，能够对高分辨力雷达导引头，尤其是其目标识别系统进行测试评估。
61. 204086524 一种阻塞式干扰信号模拟器
CN
07.01.2015
G01S 7/38 Loading...
G01S 7/38
Loading...
201420542080.9
南京长峰航天电子科技有限公司
陆晓路
G01S 7/38
Loading...
本实用新型公开了一种阻塞式干扰信号模拟器，包括接收天线、发射天线，其特征在于：还包括下变频通道、信号比较器、干扰信号发生器、信号发射模块以及本振信号产生单元，所述接收天线与下变频通道相连，下变频通道与信号比较器相连，信号比较器与干扰信号发生器相连，干扰信号发生器与信号发射模块相连，信号发射模块与发射天线相连，本振信号发生单元分别与下变频通道、信号比较器、干扰信号发生器以及信号发射模块相连，本实用新型通过天线接收空间中的雷达信号，当测量到某方向上有雷达信号时就会释放干扰，完全不需要软件控制，达到自适应干扰的模拟效果。
62. 204086527 一种参数可变的CFAR检测测量装置
CN
07.01.2015
G01S 7/41 Loading...
G01S 7/41
Loading...
201420549665.3
南京长峰航天电子科技有限公司
金科
G01S 7/41
Loading...
一种参数可变的CFAR检测测量装置，其特征在于：包括脉冲参数产生单元、信号发射单元、回波接收单元、微波下变频单元、零中频正交信号单元、脉冲压缩单元、相参积累单元、时序控制单元、CFAR处理单元、目标的更新及显示。本设计通过调整恒虚警检测测量装置的参数，得到理论上恒定的检测恒虚警率，进而更好的检测目标，能够在恒虚警的条件下保证装置的检测性能。
63. 204046647 一种多路光纤转并行LVDS数据通信适配卡
CN
24.12.2014
H04L 25/02 Loading...
H04L 25/02
Loading...
201420539496.5
南京长峰航天电子科技有限公司
舒德军
H04L 25/02
Loading...
本实用新型公开了一种多路光纤转并行LVDS数据通信适配卡，包括内含BRAM的FPGA、稳压芯片、第一光纤接口、第二光纤接口、第一光电转换模块、第二光电转换模块、PCI桥接芯片、第一SDRAM、第二SDRAM、第三SDRAM和第四SDRAM；第一光纤接口通过第一光电转换模块与FPGA连接，第二光纤接口通过第二光电转换模块与FPGA连接，第一SDRAM、第二SDRAM、第三SDRAM和第四SDRAM均与FPGA连接，FPGA通过PCI桥接芯片外接主控计算机，稳压芯片连接外部电源为各部件供电。本实用新型克服了现有三种传输方式的缺点。
64. 204044825 一种无源干扰产生装置
CN
24.12.2014
G06F 17/50 Loading...
G06F 17/50
Loading...
201420548230.7
南京长峰航天电子科技有限公司
尹光
G06F 17/50
Loading...
本实用新型公开了一种无源干扰产生装置，包括雷达信号源、杂波范围参数解算单元、随机数产生组合、杂波频谱模拟单元、信号延时调制单元和散射系数调制单元；随机数产生组合包括顺序连接的反馈移位寄存器、线性变换器和随机数组合产生单元，随机数组合产生单元经第二FFT模块连接相关单元，杂波频谱模拟单元连接杂波频谱解算单元，杂波频谱解算单元经第一FFT模块连接相关单元，相关单元的输出端经IFFT模块连接散射系数调制单元，散射系数调制单元还与信号延时调制单元相连，散射系数调制单元的输出端经信号增益调制单元连接上变频器，上变频器将雷达信号源产生的低频雷达信号调制到射频频段，发射输出模拟雷达杂波回波信号。
65. 104215945 Dual-polarized passive jamming pulse signal precise generation method
CN
17.12.2014
G01S 7/38 Loading...
G01S 7/38
Loading...
201410480798.4
南京长峰航天电子科技有限公司
陆晓路
G01S 7/38
Loading...
The invention discloses a dual-polarized passive jamming pulse signal precise generation method used for generating a dual-polarized passive jamming pulse signal precisely. The dual-polarized passive jamming pulse signal precise generation method comprises the steps of: uploading original artificial data of artificial cloud, rain, ground, sea and foils through a production line mode; convoluting the original artificial data and a radar signal parameter to generate a passive jamming scattered echo signal; aligning with a pulse with the precision error less than 5 ns; downloading the data at a high speed; delaying precisely when the error is less than 5 ns; controlling precisely when a pulse width error is less than 5 ns; performing dual-polarized modulation on the signal to realize precise generation of the passive jamming pulse signal.
66. 203773046 一种多功能雷达数据处理仿真器
CN
13.08.2014
G01S 7/40 Loading...
G01S 7/40
Loading...
201320776112.7
南京长峰航天电子科技有限公司
唐培培
G01S 7/40
Loading...
本实用新型公开一种多功能雷达数据处理仿真器，其由目标回波模拟模块、定时器模块、频率综合器模块、天线波束模拟模块、中频接收机模块、信号模拟与控制计算机模块、信号处理模块以及数据处理单元组成；所述目标回波模拟模块内包含窄带与宽带目标回波信号模拟单元；所述多功能雷达数据处理仿真器包含多个信号通道，其均匀分布于窄带与宽带目标回波信号模拟单元之中；采用上述技术方案的多功能雷达数据处理仿真器，其通过内部多个信号通道实现了对多个目标同时进行模拟；通过窄带与宽带目标回波信号模拟单元同时输出两个载频的回波信号，多功能雷达数据处理仿真器可输出双载频信号，能更为准确的对模型进行仿真，从而确保雷达数据处理的真实性。
67. 203773045 一种针对合成孔径雷达的对地弹射干扰信号产生系统
CN
13.08.2014
G01S 7/38 Loading...
G01S 7/38
Loading...
201320734227.X
南京长峰航天电子科技有限公司
于瑞亭
G01S 7/38
Loading...
本实用新型公开了一种针对机载或弹载合成孔径雷达（SAR）的对地弹射干扰信号产生系统，所述的干扰信号产生系统由信号处理硬件部分和空间架设装置组成。所述信号处理硬件部分包括地面控制计算机和干扰机，干扰机具体由接收天线、下变频组件、干扰信号调制组件、实时控制计算机、频综组件、上变频组件和发射天线组成；而空间架设装置为高塔或者浮空气球。空间架设装置是保证对地弹射干扰信号产生系统工作性能的重要组成部分。该系统整体采用模块化设计，具有较强的可操作性、移植性和可扩展性，可用于保护重要军事区域的关键目标、合成孔径雷达的电子对抗试验等场合中。
68. 203675070 均匀随机噪声信号产生装置
CN
25.06.2014
H03K 3/84 Loading...
H03K 3/84
Loading...
201320696958.X
南京长峰航天电子科技有限公司
尹光
H03K 3/84
Loading...
本实用新型提供一种均匀随机噪声信号产生装置。本实用新型包括噪声信号源，所述的噪声信号源通过可编程线性系统连接去相关处理单元，所述的去相关处理单元连接均匀化处理单元，所述的均匀化处理单元连接信号增益放大器，所述的信号增益放大器连接数据库。本实用新型填补国内均匀随机信号噪声产生的实现。通过对该噪声生成装置产生的噪声进行检测，误差为数量级；对于生成信号加噪声的情形，检测结果显示信号通过平台处理后误差也在数量级。
69. 203595804 一种雷达检飞用小型便携式目标模拟器
CN
14.05.2014
G01S 7/40 Loading...
G01S 7/40
Loading...
201320780482.8
南京长峰航天电子科技有限公司
朱永前
G01S 7/40
Loading...
本实用新型涉及一种雷达检飞用小型便携式目标模拟器，其特征在于，所述雷达检飞用小型便携式目标模拟器由天线模块、微波插盒、频综插盒、信号处理及控制插盒、电源插盒组成；所述微波插盒包含有射频接受单元与射频发射单元；所述频综插盒包含有频综单元与功放单元；所述信号处理及控制插盒包含有中频处理单元、计算机控制单元、GPS与环测天线；所述电源插盒包含有遥测模块与电源模块；采用上述技术方案，将各个元器件合并使用，减小了目标模拟器的体积与重量，使其便于携带；同时减少了分立元器件的使用，使得功耗降低，系统的稳定度得到提高。
70. 203596801 一种S波段固态功率放大器
CN
14.05.2014
H03F 3/20 Loading...
H03F 3/20
Loading...
201320775690.9
南京长峰航天电子科技有限公司
沈金亮
H03F 3/20
Loading...
本实用新型涉及一种S波段固态功率放大器，包括固态功率放大器本体、功放模块、天线模块与电源模块；所述功放模块由上层功放模块与下层功放模块组成，上下层功放模块均设有多个输出端口连接至天线模块；所述天线模块由多个基本辐射体组成；所述S波段固态功率放大器设置有散热模块，所述散热模块设置于固态功率放大器的左右两侧；采用固态功率放大器，其在高温状态、低温低气压状态、振动状态和长时间工作状态都可获得较高的可靠性要；同时其内部电路不会有出现打火、击穿等问题。
71. 203596406 一种自由度位置调整装置
CN
14.05.2014
H01Q 1/12 Loading...
H01Q 1/12
Loading...
201320734235.4
南京长峰航天电子科技有限公司
朱网春
H01Q 1/12
Loading...
本实用新型公开了一种高自由度位置调整装置，所述的装置包括调节机构和转动机构，所述的调节机构包括：Z轴向调节装置、X/Y向调节装置、方位调节装置和摆动方环，所述的Z轴向调节装置、X/Y向调节装置和方位调节装置均活动连接在摆动方环上，所述的转动机构包括天线安装座、转轴、滚动衬套和滚动紧定螺钉，所述的天线安装座内设有滚动衬套，所述的滚动衬套内活动连接有转轴，所述的转动机构通过转轴活动连接在调节机构的摆动方环上；本实用新型结构简单，使用方便，通过摆动方环的巧妙设计，可以很方便的达到调整天线的六自由度，保证了天线良好的信号接收和发射效果，保证了半实物射频仿真操作中最佳的实验效果。
72. 203551772 机载箔条弹干扰信号模拟仿真装置
CN
16.04.2014
G01S 7/40 Loading...
G01S 7/40
Loading...
201320696957.5
南京长峰航天电子科技有限公司
尹光
G01S 7/40
Loading...
本实用新型提供一种机载箔条弹干扰信号模拟仿真装置。本实用新型包括接收机或者射频信号源，所述的接收机或者射频信号源通过下变频器连接中频信号处理组合单元，所述的中频信号处理组合单元通过上变频器连接发射天线，所述的下变频器和所述的上变频器都与频综单元连接，所述的中频信号处理组合单元分别连接多普勒调制信号产生单元、信号延时控制单元、幅度调制单元、信号增益控制单元。本实用新型用于评估导弹系统的抗干扰性能和飞机的干扰突防能力，可以嵌入到其他雷达干扰系统中,构成雷达复杂干扰模拟信号,也可以单独用于产生不同环境下的干扰杂波,通过功率放大和上变频连接到发射天线,产生雷达干扰信号。
73. 203552248 一种高比特数大宽带数字储频器
CN
16.04.2014
G06F 13/16 Loading...
G06F 13/16
Loading...
201320611776.8
南京长峰航天电子科技有限公司
舒德军
G06F 13/16
Loading...
本实用新型涉及一种高比特数大宽带数字储频器，包括安装在cPCI板上的模数转换器、数模转换器、现场可编程门阵列处理芯片、静态存储器与动态存储器，其特征在于，所述高比特数大宽带数字储频器包含有两片现场可编程门阵列处理芯片，所述两片现场可编程门阵列处理芯片分别连接有模数转换器与数模转换器，两片现场可编程门阵列处理芯片上均设有静态存储器；所述数模转换器所连接的现场可编程门阵列处理芯片上有多片动态存储器；两片现场可编程门阵列处理芯片之间采取高速差分对互连；采用上述技术方案的数字储频器，可以在存储射频信号波形时实现高保真度，同时储存容量与储存速度匀有所提高。
74. 203553358 一种8-18GHz线性小型化锥形开槽天线
CN
16.04.2014
H01Q 13/10 Loading...
H01Q 13/10
Loading...
201320611774.9
南京长峰航天电子科技有限公司
李东明
H01Q 13/10
Loading...
本实用新型涉及一种8-18GHz线性小型化锥形开槽天线，由印制板基片、导体贴片、微带短截线与微带馈线组成；所述印制板基片含有上表面与下表面；所述导体贴片、微带短截线与微带馈线设置在印制板基片表面；所述导体贴片一端设有V形线型渐变开槽，V形线型渐变开槽交汇处设有矩形开槽，矩形开槽的长端平行于V形线型渐变开槽尖端方向，矩形开槽末端设有谐振腔；所述V形线型渐变开槽两侧的导体贴片上设有多个贴片缝隙；所述贴片缝隙垂直于V形线型渐变开槽尖端方向；所述导体贴片平行于V形线型渐变开槽尖端方向的边缘为向印制板基片内部弯曲的曲线；上述技术方案的锥形开槽天线具备宽工作频带、宽波束宽度，并使得天线增益得到显著提高。
75. 203465414 一种毫米波微波复合制导仿真系统
CN
05.03.2014
G01S 7/02 Loading...
G01S 7/02
Loading...
201320576545.8
南京长峰航天电子科技有限公司
金科
G01S 7/02
Loading...
一种毫米波微波复合制导仿真系统，由射频源、精位控制组件、粗位控制组件、毫米波上变频器、辐射天线、阵列球面屏组成，所述射频源产生的射频信号为微波信号；所述毫米波上变频器设置在毫米波辐射天线前端；所述辐射天线中包含微波辐射天线与毫米波辐射天线，两者共同安装在同一网架之上；采用上述设计可以实现在毫米波及微波频段进行空间目标角位置的精确模拟及目标运动变化特性模拟，同时毫米波上变频器后置设计使得系统中的其他组件仅需工作在微波频段，可以提高系统性能并增加系统的可靠性。
76. 103558773 Novel target location control system
CN
05.02.2014
G05B 17/02 Loading...
G05B 17/02
Loading...
201310564655.7
南京长峰航天电子科技有限公司
张丙伟
G05B 17/02
Loading...
The invention relates to a novel target location control system which comprises a calibration device, a radio frequency target simulation main control computer, a radio frequency signal control unit, a radio frequency source, a target location control unit, an array feed system and a signal radiation array. The array feed system comprises a plurality of signal channels. Each signal channel comprises a precise location control component and a rough location control component. A plurality of radiating antennas are mounted on the signal radiation array. The signal radiation array is of a planar array structure, a planar array is composed of a plurality of tetrads, and each tetrad is composed of four adjacent radiating antennas on the planar array. Compared with a large-angle spherical array, the large-angel planar array used in the signal radiation array is simple in structure, easy to process and mount and meanwhile capable of facilitating maintenance in later period; a flexible variable test center is arranged, so that incomparable advantages are achieved on the fields like a semi-physical simulation test and a performance evaluation test under a complex electromagnetic environment of large-scale tested equipment.
77. 203054509 数字信号处理平台
CN
10.07.2013
G05B 19/042 Loading...
G05B 19/042
Loading...
201220729198.3
南京长峰航天电子科技有限公司
吴惠明
G05B 19/042
Loading...
本实用新型实施例公开了一种数字信号处理平台，包括采样的AD模数转换器、输出的DA数模转换器和提供电力来源的稳压电源；所述AD模数转换器、DA数模转换器分别与所述稳压电源电相连、第一FPGA可编程逻辑控制器、PCI桥接芯片、第一SRAM存储器、第二FPGA可编程逻辑控制器和第二SRAM存储器。采用本实用新型所述的数字信号处理平台，散热功能好，在实现AD采样后，能够快速输送至DA输出，同时实现了大范围射频延迟的需求，另外不仅能适应较宽的带宽，而且做到了信号杂散很小。
78. 203057093 多通道时差脉冲信号产生系统
CN
10.07.2013
H03K 3/02 Loading...
H03K 3/02
Loading...
201220730293.5
南京长峰航天电子科技有限公司
吴惠明
H03K 3/02
Loading...
本实用新型实施例公开了一种多通道时差脉冲信号的产生系统，包括内置硬盘的主控计算机和内置主脉冲产生单元的SRAM存储器的模拟器；所述多通道时差脉冲信号的产生系统还包括同步信号触发模块，设于所述主控计算机的输入端，用于发出至少两路同步信号触发所述主控计算机采用边读取边下载的乒乓模式将所述硬盘内存储的数据分段导入所述SRAM存储器中，从而使得所述SRAM存储器同样采用边下载边读取的乒乓模式自动将存储的数据按顺序读取脉冲描述字，并且译码后输出脉冲信号和并行数据。采用本实用新型所述的多通道时差脉冲信号的产生系统，可以真实的产生仿真试验中的雷达脉冲信号。
79. 203056101 有源快速幅相控制系统
CN
10.07.2013
H01Q 3/26 Loading...
H01Q 3/26
Loading...
201220745806.X
南京长峰航天电子科技有限公司
王文海
H01Q 3/26
Loading...
本实用新型涉及一种有源快速幅相控制系统，所述有源快速幅相控制系统包括三元组天线阵列，所述三元组天线阵列分别电连接有有源幅相控制组件，所述有源幅相控制组件包括依次电连接的程控移相器以及程控衰减器。本实用新型提供的有源快速幅相控制系统通过有源幅相控制组件对相对幅度和相位的控制，可以实现对三元组辐射信号相对幅度和相位的控制。
80. 203057072 基于DDS 技术的指控通信干扰模拟器
CN
10.07.2013
H03D 1/04 Loading...
H03D 1/04
Loading...
201220745731.5
南京长峰航天电子科技有限公司
江志平
H03D 1/04
Loading...
本实用新型涉及一种基于DDS技术的指控通信干扰模拟器，包括：控制模块、处理模块、同步动态随机存储器以及直接数字频率合成器（DDS），利用DDS技术产生各种类型的干扰信号。本实用新型提供的基于DDS技术的指控通信干扰模拟器能够产生各种类型的干扰信号，包括噪声调频干扰、函数扫频干扰、间断噪声干扰、杂乱脉冲干扰、噪声调频+函数扫频复合干扰，具有以下优点：（1）频率稳定度高，等同于时钟的稳定度;（2）频率精度高，达到Hz级;（3）频率分辨率高，达到1Hz级;（4）频率转换时间短，转换时间达到纳秒级。
81. 203057120 小型化均衡器
CN
10.07.2013
H04B 1/12 Loading...
H04B 1/12
Loading...
201220745735.3
南京长峰航天电子科技有限公司
王文海
H04B 1/12
Loading...
本实用新型涉及均衡器，具体是一种小型化均衡器，包括：第一微波射频接头、第二射频微波接头，所述第一微波射频接头、第二射频微波接头分别固设于第一连接板、第二连接板；所述第一连接板与所述第二连接板之间通过可伸缩连接件连接。本实用新型提供的小型化均衡器体积小，重量轻，结构简单，使用方便，成本低廉，可靠性高，可广泛应用于各种雷达信号模拟器系统和雷达电子对抗系统，随着雷达技术的发展，此项实用新型将有着更为广阔的应用范围。
82. 202870500 开关放大切换链路单元
CN
10.04.2013
G05B 19/04 Loading...
G05B 19/04
Loading...
201220512307.6
南京长峰航天电子科技有限公司
陆晓路
G05B 19/04
Loading...
本实用新型涉及射频仿真系统领域，公开了一种开关放大切换链路单元。所述开关放大切换链路单元，包括单刀双掷开关和放大器，其中所述单刀双掷开关设置有两个，所述放大器连接于所述单刀双掷开关之间。所述单刀双掷开关将接收到的信号选择性的输出；所述放大器将接收到的信号放大。本实用新型所述的开关放大切换链路单元，具有快捷方便切换的特点，同时电路结构具有简单，成本低的特点。
83. 202870617 开关控制监测系统
CN
10.04.2013
G05B 23/02 Loading...
G05B 23/02
Loading...
201220512282.X
南京长峰航天电子科技有限公司
江志平
G05B 23/02
Loading...
本实用新型涉及射频仿真系统领域，公开了一种开关控制监测系统。本实用新型所述的开关控制监测系统，包括用来读取开关矩阵控制端的控制开关通道信号的读取模块、进行逻辑计算的FPGA模块和显示模块，所述读取模块、FPGA模块和显示模块依此电相连。本实用新型所述的开关控制监测系统，能够对开关控制状态进行实时监测以及反馈，使得每个控制开关的状态一目了然，发现异常也能及时处理，确保整个射频仿真系统控制站的正常工作。
84. 202872799 变极化射频信号产生装置
CN
10.04.2013
H04B 17/00 Loading...
H04B 17/00
Loading...
201220513425.9
南京长峰航天电子科技有限公司
吴惠明
H04B 17/00
Loading...
本实用新型涉及射频仿真系统领域，公开了一种变极化射频信号产生装置。本实用新型所述的变极化射频信号产生装置，包括功率分配器、幅相控制装置、开关矩阵和辐射天线；所述功率分配器、幅相控制装置、开关矩阵和辐射天线顺次连接。本实用新型所述的变极化射频信号产生装置，能够提供圆极化信号、垂直/水平极化信号或任意线极化信号，从而满足射频仿真系统的试验要求。
85. 202871985 极化开关模块
CN
10.04.2013
H01Q 15/24 Loading...
H01Q 15/24
Loading...
201220512463.2
南京长峰航天电子科技有限公司
陆晓路
H01Q 15/24
Loading...
本实用新型涉及射频仿真系统领域，公开了一种极化开关模块。本实用新型所述的极化开关模块，包括信号通道、开关矩阵和合成器，所述信号通道、开关矩阵和合成器依此连接。所述信号通道为输入的目标信号提供路径；所述开关矩阵，用来将所述目标信号进行极化选择组合输出分别对应于天线的垂直极化输入信号和水平极化输入信号；所述合成器，将所述垂直极化输入信号和所述水平极化输入信号分类合成并输出。本实用新型所述的极化开关模块，可以对仅能产生单一极化的辐射单元增加圆极化、水平极化和垂直极化的射频信号，使得天线的收发距离大大增加。
86. 202870654 保温电路系统
CN
10.04.2013
G05D 23/20 Loading...
G05D 23/20
Loading...
201220512475.5
南京长峰航天电子科技有限公司
陈海昆
G05D 23/20
Loading...
本实用新型涉及机载设备领域，公开了一种保温电路系统。本实用新型所述的保温电路系统，包括温度传感器、运算放大器、比较器、光耦隔离器、加热模块，所述温度传感器、运算放大器、比较器、光耦隔离器和加热模块顺次电相连。本实用新型所述的保温电路系统，具有保护机载设备部件在低温环境下依然能够正常工作，电路结构具有简单、成本低廉的特点。
87. 202871986 一种微波、毫米波异形分布天线
CN
10.04.2013
H01Q 21/00 Loading...
H01Q 21/00
Loading...
201220520129.1
南京长峰航天电子科技有限公司
王文海
H01Q 21/00
Loading...
本实用新型公开了一种微波、毫米波异形分布天线，包括毫米波辐射源、微波辐射源和连接杆，相邻的微波辐射源使用连接杆连接，毫米波辐射源分布在微波辐射源周围，微波辐射源是一排一排排列的，毫米波辐射源与微波辐射源不在同一直线上，毫米波和微波复合天线阵列覆盖0.8-40GHz，本实用新型一种微波、毫米波异形分布天线，通过把微波辐射源和毫米波辐射源布局换为异行分布，毫米波辐射源与微波辐射源间距最大、以安装微波辐射源为受力节点的阵列网架保持完整、毫米波辐射源布设相对简单。
88. 202871943 四路微波信号开关矩阵合成模块
CN
10.04.2013
H01P 1/10 Loading...
H01P 1/10
Loading...
201220561127.7
南京长峰航天电子科技有限公司
王文海
H01P 1/10
Loading...
本实用新型涉及一种四路微波信号开关矩阵合成模块，包括四只微波单刀四掷吸收式开关、四只微波合路器、一只多芯航插；所述多芯航插分别与所述微波单刀四掷吸收式开关连接，所述微波单刀四掷吸收式开关与所述微波合路器一一对接。本实用新型提供的四路微波信号开关矩阵合成模块，四路微波信号在开关矩阵合成模块中可以随意切换至一到四路微波信号合成输出。本实用新型具有体积小，性能优异，结构紧凑，扩展性强，接口简单，维护方便，可广泛应用于雷达射频仿真暗室。
89. 202871979 一种六自由度调整机构
CN
10.04.2013
H01Q 3/02 Loading...
H01Q 3/02
Loading...
201220563283.7
南京长峰航天电子科技有限公司
王文海
H01Q 3/02
Loading...
本实用新型涉及一种六自由度调整机构，包括滑块、安装座以及天线安装座；所述滑块分别与第一丝杆、第二丝杆连接，通过第一丝杆、第二丝杆实现X、Y轴移动；所述滑块侧方设有套筒旋钮，通过套筒旋钮实现滑块Z轴移动；所述安装座与所述滑块连接，所述安装座分别通过第一螺杆、第二螺杆实现X、Y轴旋转；所述天线安装座通过转轴与所述安装座连接，所述天线安装座通过转轴实现Y轴旋转。本实用新型提供的六自由度调整机构，通过丝杆、套筒旋钮和螺杆可以很方便的调节结构的六自由度，结构简单，操作方便，并且具有精细程度高、体积小巧的特点。
90. 202870294 电磁环境模拟密集脉冲流产生系统
CN
10.04.2013
G01S 7/40 Loading...
G01S 7/40
Loading...
201220572084.2
南京长峰航天电子科技有限公司
吴惠明
G01S 7/40
Loading...
本实用新型涉及电磁环境模拟脉冲流领域，公开了一种电磁环境模拟密集脉冲流产生系统。本实用新型所述的电磁环境模拟密集脉冲流产生系统，包括第一存储器、第二存储器、FPGA模块、PCI桥接芯片和PCI总线，所述FPGA模块分别与所述第一存储器、第二存储器、PCI桥接芯片、PCI总线相互电相连。本实用新型所述的电磁环境模拟密集脉冲流产生系统采用双存储器，实施边下载、边回放的乒乓模式，具有高速、真实的产生雷达脉冲信号。
91. 202873266 一种屏蔽模拟器机箱
CN
10.04.2013
H05K 9/00 Loading...
H05K 9/00
Loading...
201220518520.8
南京长峰航天电子科技有限公司
吴畏
H05K 9/00
Loading...
本实用新型公开了一种屏蔽模拟器机箱，包括活门、大面板组合、后盖、顶盖、箱体、活页片甲、杆件、后安装板、不锈钢箱用拉手，箱体的前端连接顶盖，后面安装有后盖，箱体上设有平行的导轨，导轨上设有大面板组合和活页，与大面板组合相连的活页片甲，活页片甲与挂板连接。不锈钢箱用拉手与箱体连接。本实用新型的屏蔽机箱通过顶盖、后盖和大面板组合使得机箱封闭，使得机箱的屏蔽效果更好。
92. 202871955 一种矩圆波导转换器
CN
10.04.2013
H01P 5/00 Loading...
H01P 5/00
Loading...
201220518705.9
南京长峰航天电子科技有限公司
陈海昆
H01P 5/00
Loading...
本实用新型公开了一种矩圆波导转换器，包括波导管和法兰盘，所述的波导管内设有腔体，腔体为圆锥形状，腔体的一段设有凹槽，与法兰盘连接。矩圆波导通过波导管的腔体传递，本实用新型矩圆波导转换器，波导管内设置有锥形腔，在锥形腔内传输波导，不但结构简单，而且降低了损耗。
93. 202870293 单板多通道信号源产生系统
CN
10.04.2013
G01S 7/40 Loading...
G01S 7/40
Loading...
201220512854.4
南京长峰航天电子科技有限公司
吴惠明
G01S 7/40
Loading...
本实用新型涉及雷达信号源产生装置领域，公开了一种单板多通道信号源产生系统。本实用新型所述的单板多通道信号源产生系统，包括SDRAM存储模块、D/A输出模块、FPGA控制模块、电源模块，所述SDRAM存储模块、D/A输出模块、电源模块分别与所述FPGA控制模块电相连，所述FPGA控制模块通过CPCI总线与所述SDPAM存储模块相连。本实用新型所述的单板多通道信号源产生系统，具有信号源易修改，同时根据需求，及时而灵活的满足雷达的性能评估和现场调试，并且信号源采用的是多通道模式，大大降低了试验系统的复杂性和成本。
94. 202871942 四路微波信号开关矩阵模块
CN
10.04.2013
H01P 1/10 Loading...
H01P 1/10
Loading...
201220559559.4
南京长峰航天电子科技有限公司
王文海
H01P 1/10
Loading...
本实用新型涉及一种四路微波信号开关矩阵模块，包括四只微波单刀四掷反射式开关、一只多芯航插；所述多芯航插分别与所述微波单刀四掷反射式开关连接。本实用新型提供的四路微波信号开关矩阵模块，四路微波信号在开关矩阵模块中可以随意切换至一到四路微波信号输出。本实用新型具有体积小，性能优异，结构紧凑，扩展性强，接口简单，维护方便，可广泛应用于雷达射频仿真暗室。
95. 202871984 8mm双极化圆锥喇叭天线
CN
10.04.2013
H01Q 13/02 Loading...
H01Q 13/02
Loading...
201220560104.4
南京长峰航天电子科技有限公司
陆晓路
H01Q 13/02
Loading...
本实用新型涉及一种8mm双极化圆锥喇叭天线，包括波导过渡段、波导转换器以及喇叭段；所述波导过渡段成圆柱形，所述波导转换器位于所述波导过渡段内部，所述喇叭段位于所述波导过渡段的一端；所述波导转换器包括四个脊片，所述四个脊片在所述波导过渡段内正交分布，且所述四个脊片的横截面间距逐渐增大。本实用新型提供的8mm双极化圆锥喇叭天线具有高增益、结构紧凑、电压驻波比低等优点。
96. 202868276 一种易折弯的开槽钣金件
CN
10.04.2013
F16S 1/00 Loading...
F16S 1/00
Loading...
201220519198.0
南京长峰航天电子科技有限公司
吴畏
F16S 1/00
Loading...
本实用新型公开了一种易折弯的开槽钣金件，包括一个铣成的长方形钣金件，钣金件中部铣有一个凹槽，凹槽为梯形，凹槽两条斜角的夹角为90度，钣金件沿所述凹槽折弯，本实用新型的目的在于提供一种易折弯的开槽钣金件。
97. 202872798 射频仿真极化校准系统
CN
10.04.2013
H04B 17/00 Loading...
H04B 17/00
Loading...
201220512471.7
南京长峰航天电子科技有限公司
王文海
H04B 17/00
Loading...
本实用新型涉及射频仿真系统领域，公开了一种射频仿真极化校准系统。本实用新型所述的射频仿真极化校准系统，包括校准高频头、顺序波束比较装置、矢量网络分析仪和校准计算机，所述校准高频头、顺序波束比较装置、矢量网络分析仪和校准计算机顺次连接；所述校准高频头和顺序波束比较装置电相连，所述矢量网络分析仪通过所述控制接口与所述校准计算机相连。本实用新型所述的射频仿真极化校准系统，可以对圆极化信号、垂直极化信号、水平极化信号和任意线极化信号的射频仿真阵列馈电系统和阵列天线进行标定和校准，具有快捷、准确的特点。

