1. 206033559 一种高效玻璃热弯机
CN
22.03.2017
C03B 23/03 Loading...
C03B 23/03
Loading...
202016000950364
哈尔滨奥瑞德光电技术有限公司
左洪波
C03B 23/03
Loading...
本实用新型提供了一种高效玻璃热弯机。它包括进样腔、成型腔、出样腔、冷却腔、上加热板、下加热板、拨叉结构、横杆和压头，进样腔设置在成型腔左侧，出样腔设置在成型腔右侧，形成回转排布结构，下方设置冷却腔，成型腔设置有9个工位，从左到右依次为4个预热工位、3个成型工位、两个缓冷工位，冷却腔设置有4个工位，连接气缸，成型腔为双层结构，拨叉结构固定在横杆上，压头连接上加热板。本实用新型主要针对传统玻璃热弯机热量损失大、生产效率低等问题，能够提高加热效率，有效保证玻璃均匀受力，提高成品率。
2. 205735593 改进的开方机冷却系统结构
CN
30.11.2016
B28D 7/02 Loading...
B28D 7/02
Loading...
202016000452127
哈尔滨奥瑞德光电技术有限公司
左洪波
B28D 7/02
Loading...
本实用新型提供了一种改进的开方机冷却系统结构。它包括开方机冷却系统结构、PVC管和4根加长切削液管，PVC管连接开发机冷却结构的左、右切割室，4根加长切削液管连接开方机切削液供应管线左、右两侧首末两端并延伸至切割室左、右两侧，管口分别与连接左、右切割室的PVC管连接，PVC管上连接有4~12根切削液出口管。本实用新型通过改进开方机冷却系统结构，使其能够满足散热要求，大幅度降低切割过程中由于热应力导致材料开裂而造成的损失。
3. 205171013 改进的大尺寸蓝宝石单晶炉支架结构
CN
20.04.2016
C30B 17/00 Loading...
C30B 17/00
Loading...
201520915998.8
哈尔滨奥瑞德光电技术有限公司
左洪波
C30B 17/00
Loading...
本实用新型提供了一种改进的大尺寸蓝宝石单晶炉支架结构。它包括炉体、炉体底座、上下体总成和用于提拉旋转籽晶杆的支架结构，上下体总成包括上体和下体，支架结构包括两端同步升降的龙门支架，龙门支架安装在炉体两侧的上下体总成之间，龙门支架有两组立柱及连接在两组立柱之间的横梁组成。本实用新型在传统泡生法单晶炉基础上对支架结构进行改进，形成支架结构更稳固、受力更均匀，更加适于生长大尺寸蓝宝石单晶，解决单臂支撑结构在生长大尺寸蓝宝石单晶时因晶体过重而出现的籽晶杆倾斜和丝杠弯曲，造成提拉和旋转系统瘫痪、晶体粘埚，进而使晶体的开裂问题。
4. 205167272 一种机械式热弯蓝宝石成型模具
CN
20.04.2016
B28D 5/00 Loading...
B28D 5/00
Loading...
201520947792.3
哈尔滨奥瑞德光电技术有限公司
左洪波
B28D 5/00
Loading...
本实用新型提供了一种机械式热弯蓝宝石成型磨具。将晶片在上下两部分相配合的热弯模具上定位，然后置于加热炉当中；以30℃~300℃/h的速率升温，将蓝宝石晶片加热到一定1360℃~1920℃，通过热弯模具上部模具自重使晶片产生弯曲变形，成为模具所限定的形状；曲面成型后，原位退火，缓慢降温，消除热应力。本实用新型能够克服传统蓝宝石材料曲面加工工艺难度大、成品率低、材料损耗大等缺点，可代替复杂的曲面加工过程，工艺过程简单，生产效率高，制作成本低。
5. 205167643 蓝宝石及陶瓷材料高温组合模具
CN
20.04.2016
B30B 15/02 Loading...
B30B 15/02
Loading...
201521012611.4
哈尔滨奥瑞德光电技术有限公司
左洪波
B30B 15/02
Loading...
本实用新型提供了一种蓝宝石及陶瓷材料高温组合模具。它包括上模和下模，上模和下模之间设置有隔离件，隔离件为隔离预成型件用的CFC片，下模上设置有工件定位柱，上模上设置有与工件定位柱相匹配的定位孔结构，预成型件通过工件定位柱设置在下模上，上模、下模两边均设置有相同的弯角结构。本实用新型能够克服传统曲面加工工艺难度大、成品率低、材料损耗大等缺点，借鉴热弯玻璃的加工方式，采用与玻璃热弯加工相似的技术路线，在加热炉中同时加热预成型件与模具，使蓝宝石或陶瓷材料在模具力的作用下发生塑性变形，进而形成模具所限定的形状。
6. 205082405 LED植物生长箱
CN
16.03.2016
A01G 31/06 Loading...
A01G 31/06
Loading...
201520725797.1
哈尔滨奥瑞德光电技术有限公司
左洪波
A01G 31/06
Loading...
本实用新型提供了一种LED植物生长箱。它是由生长箱箱体、隔板、植物种植槽、LED灯板、超声波加湿室、紫外杀菌灯及空气净化装置组成，超声波加湿室设置在生长箱箱体上方，生长箱箱体内部由隔板将空间分为若干层生长室，生长箱箱体顶部及每层隔板下部连接LED灯板，隔板上设有植物种植槽，空气净化装置设置在生长箱箱体下方，连接空气循环系统。本实用新型一方面可以种植新鲜蔬菜或其它绿色植物，另一方面还具有加湿、防静电、紫外杀菌、去味、除尘，净化空气的作用。
7. 105345938 一种机械式热弯蓝宝石成型方法
CN
24.02.2016
B28D 5/00 Loading...
B28D 5/00
Loading...
201510829999.5
哈尔滨奥瑞德光电技术有限公司
左洪波
B28D 5/00
Loading...
本发明提供了一种机械式热弯蓝宝石成型方法。将晶片在上下两部分相配合的热弯模具上定位，然后置于加热炉当中；以30℃~300℃/h的速率升温，将蓝宝石晶片加热到一定1360℃~1920℃，通过热弯模具上部模具自重使晶片产生弯曲变形，成为模具所限定的形状；曲面成型后，原位退火，缓慢降温，消除热应力。本发明能够克服传统蓝宝石材料曲面加工工艺难度大、成品率低、材料损耗大等缺点，可代替复杂的曲面加工过程，工艺过程简单，生产效率高，制作成本低。
8. 205021837 c向蓝宝石晶棒a向平边加工定向辅助装置
CN
10.02.2016
B28D 5/00 Loading...
B28D 5/00
Loading...
201520725875.8
哈尔滨奥瑞德光电技术有限公司
左洪波
B28D 5/00
Loading...
本实用新型提供了一种c向蓝宝石晶棒a向平边加工定向辅助装置。该定向辅助装置为直角梯形台结构，包括斜面、底面和前面，斜面为空心半圆柱面，空心半圆柱的中心轴与底面呈57°36’夹角，与前面呈32°24’夹角，直角梯形台结构的高度与测量板的高度相同，设置在XRD衍射仪样品台上，前面紧贴XRD衍射仪测量板的后面。本实用新型能够使r向相对平边位置一致的操作更简便、效率更高、定位更准确。
9. 105239155 改进的大尺寸蓝宝石单晶炉支架结构
CN
13.01.2016
C30B 17/00 Loading...
C30B 17/00
Loading...
201510789813.8
哈尔滨奥瑞德光电技术有限公司
左洪波
C30B 17/00
Loading...
本发明提供了一种改进的大尺寸蓝宝石单晶炉支架结构。它包括炉体、炉体底座、上下体总成和用于提拉旋转籽晶杆的支架结构，上下体总成包括上体和下体，支架结构包括两端同步升降的龙门支架，龙门支架安装在炉体两侧的上下体总成之间，龙门支架有两组立柱及连接在两组立柱之间的横梁组成。本发明在传统泡生法单晶炉基础上对支架结构进行改进，形成支架结构更稳固、受力更均匀，更加适于生长大尺寸蓝宝石单晶，解决单臂支撑结构在生长大尺寸蓝宝石单晶时因晶体过重而出现的籽晶杆倾斜和丝杠弯曲，造成提拉和旋转系统瘫痪、晶体粘埚，进而使晶体的开裂问题。
10. 204939656 生长大尺寸蓝宝石的单晶炉改进结构
CN
06.01.2016
C30B 17/00 Loading...
C30B 17/00
Loading...
201520675592.7
哈尔滨奥瑞德光电技术有限公司
左洪波
C30B 17/00
Loading...
本实用新型提供了一种生长大尺寸蓝宝石的单晶炉改进结构，它包括上部、侧面及底部保温结构，上部与底部保温结构与前期专利中相同，不同之处在于侧面保温结构由上下结构相同改为由上至下保温层厚度逐渐减小，鸟笼状加热体直径由上至下逐渐减小，呈倒锥形。本实用新型热场均匀合理，晶体生长速度稳定，可有效减少晶体产生云雾、粘埚等缺陷，工艺控制人员依赖性低，晶体生长成品率高。
11. 204939658 一种方形蓝宝石单晶炉加热体结构
CN
06.01.2016
C30B 29/20 Loading...
C30B 29/20
Loading...
201520725798.6
哈尔滨奥瑞德光电技术有限公司
左洪波
C30B 29/20
Loading...
本实用新型提供了一种方形蓝宝石单晶炉加热体结构。它是由组合起来呈方形的一对对称的铜制电极连接板、发热用钨棒、横向固定用钨棒及绑缚用钨丝组成，一对电极连接板分别与正负电极相连，发热用钨棒分为六组，每根钨棒分别通过钼螺栓固定在一对电极连结板上，形成U形电流通路，整个结构为上部开口，侧面钨棒沿纵向均匀排布，底部分三层交错排布，中心部位留有方形空位的筒形结构，与一对铜电极连接板相连的发热用钨棒侧面钨棒分别用横向固定用钨棒横向固定。本实用新型有利于钨棒的排布，形成均匀稳定的方形温场分布，温度梯度合理。
12. 105171938 c向蓝宝石晶棒a向平边的快速确定与加工方法
CN
23.12.2015
B28D 5/00 Loading...
B28D 5/00
Loading...
201510598150.1
哈尔滨奥瑞德光电技术有限公司
左洪波
B28D 5/00
Loading...
本发明提供了一种c向蓝宝石晶棒上a向平边的快速确定与加工方法，主要针对r向与平边位置有特殊要求的蓝宝石晶棒平边的加工。本发明通过在XRD衍射仪上安置一个辅助装置，首先找到一个r向，并在晶棒上标出所对应的位置，然后再标示出与其垂直的a向晶面位置，最后根据要求选定一个方向进行a向平边的加工。本发明简化了作业步骤，使操作更加简单，在保证所加工晶棒具有相同r向位置的同时，可以有效缩短加工周期，并显著提高后续加工的成品率，从而降低蓝宝石晶片的生产制造成本。
13. 105088332 生长大尺寸蓝宝石的单晶炉改进结构
CN
25.11.2015
C30B 17/00 Loading...
C30B 17/00
Loading...
201510553932.3
哈尔滨奥瑞德光电技术有限公司
左洪波
C30B 17/00
Loading...
本发明提供了一种生长大尺寸蓝宝石的单晶炉改进结构，它包括上部、侧面及底部保温结构，上部与底部保温结构与前期专利中相同，不同之处在于侧面保温结构由上下结构相同改为由上至下保温层厚度逐渐减小，鸟笼状加热体直径由上至下逐渐减小，呈倒锥形。本发明热场均匀合理，晶体生长速度稳定，可有效减少晶体产生云雾、粘埚等缺陷，工艺控制人员依赖性低，晶体生长成品率高。
14. 204080185 一种泡生法制备的蓝宝石单晶
CN
07.01.2015
C30B 29/20 Loading...
C30B 29/20
Loading...
201420545208.7
哈尔滨奥瑞德光电技术股份有限公司
左洪波
C30B 29/20
Loading...
本实用新型提供了一种泡生法制备的蓝宝石单晶。它包括四部分，从上至下依次为放肩初期部分、放肩后期部分、等径生长部分和收尾部分，放肩后期部分设置有弧形肩部，等径生长部分直径大于放肩后期部分。本实用新型采用该生长工艺可有效控制蓝宝石单晶内的气泡，降低热应力，减小晶体开裂的可能。另外，收尾部分快速提拉有利于实现自动拉脱，减少出现因晶体掉埚或底部多晶造成开裂的现象，且缩短了工艺时间，降低了电耗成本。
15. 203923453 泡生法蓝宝石单晶炉保温结构
CN
05.11.2014
C30B 17/00 Loading...
C30B 17/00
Loading...
201420291904.X
哈尔滨奥瑞德光电技术股份有限公司
左洪波
C30B 17/00
Loading...
本实用新型提供了一种泡生法蓝宝石单晶炉保温结构。它包括上部保温结构、侧部保温结构和底部保温结构，上部保温结构是由圆形钼隔热屏及耐高温陶瓷或纤维层组成，侧部保温结构由三部分组成，最里层为底部有圆形通孔的内表面抛光旋压钼筒，内表面抛光旋压钼筒外为陶瓷或纤维保温筒，陶瓷或纤维保温层外为与里层结构相同、规格不同的钼筒，两层钼筒与陶瓷或纤维筒在侧部形成夹层结构。本实用新型能够增强泡生法蓝宝石单晶炉的保温效果，减小热量流失，进而达到节约能源、降低成本的目的。
16. 103966661 Growth method for preparing sapphire single crystal with Kyropoulos method
CN
06.08.2014
C30B 17/00 Loading...
C30B 17/00
Loading...
201410135638.6
哈尔滨奥瑞德光电技术有限公司
左洪波
C30B 17/00
Loading...
The invention provides a growth method for preparing a sapphire single crystal with a Kyropoulos method. The growth method mainly comprises the following control phases: a shouldering phase, an equal-diameter growth phase and an ending phase, wherein the shouldering phase is performed after seeding ending and comprises an initial shouldering stage and a later shouldering stage, the cooling speed is controlled by adjusting the voltage and matched with the crystal pulling speed to achieve stable growth at the initial shouldering stage, the crystal grows to about 1.5 kg after 20-25 h growth, and the crystal enters the later shouldering stage, the voltage adjusting quantity is smaller than that in the initial shouldering stage, the pulling speed is increased at the later shouldering stage and cooling is performed gradually, growth is performed for 45-52 h, and the crystal grows to about 4 kg and enters the equal-diameter growth phase; the crystal pulling speed is decreased at the equal-diameter growth phase, cooling is accelerated simultaneously, growth is performed for 75 h, and the crystal grows to about 28 kg-32 kg and enters the ending phase; and the cooling speed is further decreased and fast pulling is performed at the ending phase, and automatic draw-off is achieved. The growth method for preparing the sapphire single crystal with the Kyropoulos method can solve the problem that more bubbles exist in the sapphire single crystal grown with the conventional Kyropoulos method.
17. 203741458 一种方形蓝宝石单晶炉热场结构
CN
30.07.2014
C30B 29/20 Loading...
C30B 29/20
Loading...
201420050091.5
哈尔滨奥瑞德光电技术股份有限公司
左洪波
C30B 29/20
Loading...
本实用新型提供了一种方形蓝宝石单晶炉热场结构。它包括上隔热屏、侧隔热屏、下隔热屏、坩埚盖、以及由金属钨制作的方形坩埚、方形托盘、圆形支柱，直角铜导电板与钨棒连接而成的方形加热体结构，本实用新型的有益效果有：该炉体结构保温效果好、温场稳定、温度梯度合理、生长出的蓝宝石晶体内部缺陷少，热应力小。
18. 203741457 一种大尺寸蓝宝石单晶炉保温结构
CN
30.07.2014
C30B 29/20 Loading...
C30B 29/20
Loading...
201420049872.2
哈尔滨奥瑞德光电技术股份有限公司
左洪波
C30B 29/20
Loading...
本实用新型提供了一种大尺寸蓝宝石单晶炉保温结构。它是由金属钼片、氧化锆和氧化铝纤维砖制作而成，它包括上、侧和下隔热屏结构，上隔热屏包括多层钼片隔热屏及位于其上的氧化锆纤维砖保温层；侧隔热屏由内向外依次为钼隔热屏、由氧化锆纤维砖制成的氧化锆保温桶和氧化铝纤维砖制成的氧化铝保温桶；下隔热屏包括由多层钼片制成的钼隔热结构及底部由氧化锆和氧化铝纤维砖制成的氧化锆保温层和氧化铝保温层。本实用新型利用氧化锆和氧化铝纤维砖优异的保温性及抗变形能力，更加有效地利用热能，减少热量损失，增强设备的稳定性，解决传统泡生法单晶炉中热能利用率低，使用的钼隔热屏结构在高温环境下挥发、变形，使用寿命短等问题。
19. 103774226 一种大尺寸蓝宝石单晶炉保温结构
CN
07.05.2014
C30B 29/20 Loading...
C30B 29/20
Loading...
201410037225.4
哈尔滨奥瑞德光电技术有限公司
左洪波
C30B 29/20
Loading...
本发明提供了一种大尺寸蓝宝石单晶炉保温结构。它是由金属钼片、氧化锆和氧化铝纤维砖制作而成，分为上、侧和下隔热屏结构，本发明利用氧化锆和氧化铝纤维砖优异的保温性及抗变形能力，更加有效地利用热能，减少热量损失，增强设备的稳定性，解决传统泡生法单晶炉中热能利用率低，使用的钼隔热屏结构在高温环境下挥发、变形，使用寿命短等问题。
20. 203382854 一种蓝宝石生长设备专用坩埚夹持工具
CN
08.01.2014
C30B 29/20 Loading...
C30B 29/20
Loading...
201320221607.3
哈尔滨奥瑞德光电技术股份有限公司
左洪波
C30B 29/20
Loading...
本实用新型提供了一种蓝宝石生长设备专用坩埚夹持工具。它包括一对夹持杆、转动连杆及抓取用的爪头，夹持杆形状为“门”字形，由上部横梁、与之相垂直的两个支杆及与支杆连接的爪头组成，两个夹持杆通过一个与上部横梁平行的转动连杆组接起来。本实用新型能够快速抓取并提起处于蓝宝石单晶炉内较深位置、与其他部件相距较近、质量较大钨盘，提高了工作效率，避免抓取不牢引起钨盘掉落造成损失。
21. 203336269 一种LED筒灯结构
CN
11.12.2013
F21S 2/00 Loading...
F21S 2/00
Loading...
201320222738.3
哈尔滨奥瑞德光电技术股份有限公司
左洪波
F21S 2/00
Loading...
本实用新型提供了一种LED筒灯结构。它包括带金属反射膜的透光灯罩、灯头及发光体、芯柱、导丝、导热基座及驱动电源，透光灯罩外形为喇叭形，从与灯头连接处到喇叭收口处玻壳内壁镀有一层反射光线的金属膜，发光体为LED发光体，LED发光体包括蓝宝石双抛片做芯片模组的蓝宝石导热透光板，蓝宝石导热透光板下方用一个芯柱支撑，芯柱与下方的导热基座相连，导热基座与透光灯罩相连，LED发光体电极通过导丝与驱动电源相连，进而与灯头及焊锡触点相连。本实用新型以蓝宝石为透光导热基板，具有散热性好、光提取率高等特点。
22. 203333810 一种蓝宝石单晶炉保温结构
CN
11.12.2013
C30B 11/00 Loading...
C30B 11/00
Loading...
201320222749.1
哈尔滨奥瑞德光电技术股份有限公司
左洪波
C30B 11/00
Loading...
本实用新型提供了一种蓝宝石单晶炉保温结构。该蓝宝石单晶炉保温结构包括炉盖下氧化锆纤维砖保温结构、上隔热屏氧化锆纤维砖结构、侧隔热屏氧化锆纤维砖结构和下隔热屏氧化锆纤维砖结构。本实用新型能够有效利用热能，减少热量损失，增强保温效果，建立合理温度梯度，使温场更加易于调节，解决传统泡生法单晶炉中热能利用率低，使用的钼隔热屏结构在高温环境下挥发、变形，使用寿命短等问题。
23. 203336275 一种LED灯具结构
CN
11.12.2013
F21S 2/00 Loading...
F21S 2/00
Loading...
201320278971.3
哈尔滨奥瑞德光电技术股份有限公司
左洪波
F21S 2/00
Loading...
本实用新型提供了一种LED灯具结构。它包括透光灯罩、灯头、发光体、导热基座及驱动电源，发光体包括以蓝宝石晶片作为基板的蓝宝石透光导热基板和芯片，芯片排布在上面没有被铝遮挡的蓝宝石透光导热基板上，蓝宝石透光导热基板的无芯片排布一侧用铝支撑结构固定在导热基座上，在发光体下方非主要照射方向一侧设置有反光罩。本实用新型以蓝宝石为透光导热基板，具有散热性好、发光效率和照度高等特点。
24. 203215378 一种LED管灯结构
CN
25.09.2013
F21S 2/00 Loading...
F21S 2/00
Loading...
201320254808.3
哈尔滨奥瑞德光电技术股份有限公司
左洪波
F21S 2/00
Loading...
本实用新型提供了一种LED管灯结构。它是由透光灯罩、灯头、导热绝缘塑料板、以蓝宝石导热透光板制作的发光体及内置驱动电源组成，透光灯罩为直管状，发光体依次排布在导热绝缘塑料板上，通过金属导线连接发光体，并与固定在导热绝缘塑料板另一侧上的内置驱动电源连接，透光灯罩与灯头相连接。本实用新型蓝宝石导热透光板本身绝缘性好，而导热性优于传统PCB板，且发光体产生的热量可以热传导的形式通过导热绝缘塑料板，直接从灯罩散出，灯具的散热性能明显改善，灯具结构中不采用热沉结构，灯具质量轻，制作成本降低。
25. 203218334 一种LED球泡灯封装结构
CN
25.09.2013
H01L 33/62 Loading...
H01L 33/62
Loading...
201320221610.5
哈尔滨奥瑞德光电技术股份有限公司
左洪波
H01L 33/62
Loading...
本实用新型提供了一种LED球泡灯封装结构。它包括由透光灯罩、灯座，及设置在透光灯罩、灯座内的发光体、芯柱、连线板、导热基座及驱动电源，发光体包括4个LED发光体，LED发光体采用两个蓝宝石晶片为导热透光板，两个晶片长度不同，相对较长的晶片两端镀有金属膜层作为电极，芯片固定在覆有荧光胶膜的导热透光板上，发光体上部以插拔形式通过连线板采取串联模式相互连接，下部同样采取插拔形式与导热基座相连，连线板和芯柱连接固定连线板和导热基座。本实用新型以蓝宝石晶片为导热透光板制作的LED发光体，发光效率高、出光角度大，组装简单、可靠性高。
26. 203215377 一种多发光体的LED筒灯结构
CN
25.09.2013
F21S 2/00 Loading...
F21S 2/00
Loading...
201320254807.9
哈尔滨奥瑞德光电技术股份有限公司
左洪波
F21S 2/00
Loading...
本实用新型提供了一种多发光体的LED筒灯结构。它是由带金属反射膜的透光灯罩、灯头及一组以蓝宝石导热透光板制作的发光体、铜导线、芯柱、导丝、导热基座及驱动电源组成，透光灯罩与灯头连接，透光灯罩为喇叭形，与灯头连接处到喇叭收口处玻壳内壁镀有一层反射光线的金属反射膜，发光体采用蓝宝石双抛片做芯片模组的导热透光板。本实用新型采用蓝宝石导热透光板导热性优于传统PCB板，且发光体产生的热量可以热传导的形式通过芯柱、导热基座，直接从玻壳散出，灯具的散热性能明显改善，且灯具中不采用热沉结构，灯具质量轻，制作成本降低。
27. 203215559 一种多灯条LED光源封装结构
CN
25.09.2013
F21V 3/04 Loading...
F21V 3/04
Loading...
201320254806.4
哈尔滨奥瑞德光电技术股份有限公司
左洪波
F21V 3/04
Loading...
本实用新型提供了一种多灯条LED光源封装结构。它是由以蓝宝石透光导热基板制作的灯条和透明导热支架组成，透明导热支架由两个支柱组成，灯条设置在两个支柱之间，蓝宝石透光导热基板为长条形，LED芯片沿蓝宝石透光导热基板对角线串联排布在蓝宝石透光导热基板上，蓝宝石透光导热基板在灯条长度方向的两个端面镀有导电金属膜，分别与芯片模组输入和输出端相连。本实用新型以蓝宝石透光导热基板制作的灯条为光源，安装方便、可靠性高。
28. 103267237 一种LED灯具结构
CN
28.08.2013
F21S 2/00 Loading...
F21S 2/00
Loading...
201310189519.4
哈尔滨奥瑞德光电技术股份有限公司
左洪波
F21S 2/00
Loading...
本发明提供了一种LED灯具结构。它包括透光灯罩、灯头、发光体、导热基座及驱动电源，发光体包括以蓝宝石晶片作为基板的蓝宝石透光导热基板和芯片，芯片排布在上面没有被铝遮挡的蓝宝石透光导热基板上，蓝宝石透光导热基板的无芯片排布一侧用铝支撑结构固定在导热基座上，在发光体下方非主要照射方向一侧设置有反光罩。本发明以蓝宝石为透光导热基板，具有散热性好、发光效率和照度高等特点。
29. 103236485 一种在蓝宝石透明导热板上制作发光体的方法
CN
07.08.2013
H01L 33/48 Loading...
H01L 33/48
Loading...
201310132069.5
哈尔滨奥瑞德光电技术股份有限公司
左洪波
H01L 33/48
Loading...
本发明提供了一种在蓝宝石透明导热板上制作发光体的方法，主要分两个步骤进行，分别制成固定芯片的第一蓝宝石导热透光板和仅贴覆荧光粉胶膜的第二蓝宝石导热透光板得到的蓝宝石导热透光板发光体可采用开槽卡装方式与上部连线板及灯具基座相连。本发明工艺简单，易操作，且芯片产生的热量可以不用主要依靠热辐射的形式传出，而是直接通过基座以热传导方式导出。
30. 103233270 一种蓝宝石单晶炉上部保温结构
CN
07.08.2013
C30B 29/20 Loading...
C30B 29/20
Loading...
201310151068.5
哈尔滨奥瑞德光电技术有限公司
左洪波
C30B 29/20
Loading...
本发明提供了一种蓝宝石单晶炉上部保温结构。该结构由上至下依次为圆形支撑结构、氧化锆保温层和钼隔热屏，固定支撑结构为单层圆形不锈钢板，钼隔热屏由多层钼片组成，氧化锆保温层由氧化锆纤维烧结制得的氧化锆砖组接而成，钼片上开有圆形中心孔和矩形观察孔，圆形支撑结构、氧化锆保温层和钼隔热屏之间采用钼螺栓和钼螺母连接固定。本发明能够减少上部热量损失，增强保温效果，建立合理温度梯度，使温场更加易于调节，从而解决传统泡生法单晶炉中使用的钼上隔热屏结构在高温环境下使用过程中炉内上部散热快，温场不够合理，温度调节难控制等问题。
31. 203080106 一种蓝宝石生长用坩埚夹持工具
CN
24.07.2013
C30B 17/00 Loading...
C30B 17/00
Loading...
201320107707.3
哈尔滨奥瑞德光电技术股份有限公司
左洪波
C30B 17/00
Loading...
本实用新型提供了一种蓝宝石生长用坩埚夹持工具。它包括提拉杆、外筒、底座、转动杆及抓取用爪头。当提拉杆降到最低位置时，提拉杆连接转动杆通过辅助转动杆带动外筒连接转动杆运动，推动爪头运动到距提拉杆轴心最远位置。当提拉杆向上运动时，则带动爪头向轴心运动。本实用新型可以方便、快速稳固地抓取并提起光滑壁圆筒，提高了工作效率，避免抓取不牢引起坩埚掉落造成损失。
32. 103215635 一种蓝宝石单晶炉保温结构
CN
24.07.2013
C30B 15/00 Loading...
C30B 15/00
Loading...
201310151940.6
哈尔滨奥瑞德光电技术有限公司
左洪波
C30B 15/00
Loading...
本发明提供了一种蓝宝石单晶炉保温结构。该蓝宝石单晶炉保温结构包括炉盖下氧化锆纤维砖保温结构、上隔热屏氧化锆纤维砖结构、侧隔热屏氧化锆纤维砖结构和下隔热屏氧化锆纤维砖结构。本发明能够有效利用热能，减少热量损失，增强保温效果，建立合理温度梯度，使温场更加易于调节，解决传统泡生法单晶炉中热能利用率低，使用的钼隔热屏结构在高温环境下挥发、变形，使用寿命短等问题。
33. 103205803 在蓝宝石单晶炉中应用的氧化锆保温结构
CN
17.07.2013
C30B 17/00 Loading...
C30B 17/00
Loading...
201310144716.4
哈尔滨奥瑞德光电技术有限公司
左洪波
C30B 17/00
Loading...
本发明提供了一种在蓝宝石单晶炉中应用的氧化锆保温结构，该氧化锆保温结构包括多层不同直径的氧化锆保温桶，每层氧化锆保温桶在高度方向上由多层圆环组接而成，每层圆环由多瓣氧化锆纤维砖环瓣拼接而成，氧化锆纤维砖环瓣由氧化锆纤维烧结制得的氧化锆纤维砖制成。本发明解决了传统泡生法单晶炉中使用的多层钼桶结构在使用过程中温场控制困难，高温环境下钼桶容易变形等问题，更加易于调节温场并建立合理温度梯度。
34. 103205804 一种蓝宝石单晶炉底部保温结构
CN
17.07.2013
C30B 17/00 Loading...
C30B 17/00
Loading...
201310151112.2
哈尔滨奥瑞德光电技术有限公司
左洪波
C30B 17/00
Loading...
本发明提供了一种蓝宝石单晶炉底部保温结构。它包括氧化锆保温层和钼隔热屏，氧化锆保温层由氧化锆纤维烧结制得的氧化锆纤维砖组接而成，置于钼隔热屏上层，钼隔热屏由多层钼片制成，氧化锆保温层与钼隔热屏间由氧化锆纤维砖组接的陶瓷环分隔，多层钼片由钼螺栓和钼螺母组接及固定。本发明解决了传统泡生法单晶炉中使用的钼下隔热屏结构在高温环境下使用过程中容易变形，温场不够合理，温度调节难控制等问题。
35. 203003620 一种用于纠正蓝宝石晶棒端面晶向的光学定位工具
CN
19.06.2013
B24B 7/16 Loading...
B24B 7/16
Loading...
201220681603.9
哈尔滨奥瑞德光电技术股份有限公司
左洪波
B24B 7/16
Loading...
本实用新型提供了一种用于纠正蓝宝石晶棒端面晶向的光学定位工具。它包括底座、支架、光学系统和导轨四部分，支架固定在底座上，支架上面安装有两根横梁，两根横梁之间设置有导轨，光学系统设置在导轨上，可以通过导轨前后滑动，光学系统中包括依次设置的LED光源、一组光学透镜、机械隙缝和聚焦镜筒，底座上设置有钢制方形平面粘板，待加工晶棒放置在钢制方形平面粘板上。本实用新型解决了生产过程中，为了纠正蓝宝石晶棒端面的晶向，采用肉眼来对晶棒端面进行加工定位所带来的精度不高的问题，提高了定位精度和工作效率，节省了加工成本。
36. 102978692 一种大尺寸蓝宝石单晶生长炉的旋转提拉结构
CN
20.03.2013
C30B 15/30 Loading...
C30B 15/30
Loading...
201210532820.6
哈尔滨奥瑞德光电技术股份有限公司
左洪波
C30B 15/30
Loading...
本发明提供了一种大尺寸蓝宝石单晶生长炉的旋转提拉结构。它包括籽晶杆旋转系统、提拉系统和悬臂称重支撑系统，悬臂称重支撑系统设置在籽晶杆旋转系统和提拉系统之间，悬臂称重支撑系统包括称重悬臂和圆柱导轨，籽晶杆旋转系统包括旋转系统、旋转系统伺服电机及减速器、籽晶杆中心位置调整系统、波纹管和设置在波纹管内的水冷籽晶杆，提拉系统包括提拉系统伺服电机及减速器、电磁离合器、丝杆和手动提拉传动组件。本发明结构合理、控制精度高、可靠性和稳定性相对较高，可实现精确提拉和旋转，控制精度达到万分之一以上，机构的抗干扰性及称重精确度都有较大提高。
37. 202099405 大尺寸蓝宝石单晶生长炉用上隔热屏
CN
04.01.2012
C30B 11/00 Loading...
C30B 11/00
Loading...
201120081033.5
哈尔滨奥瑞德光电技术股份有限公司
左洪波
C30B 11/00
Loading...
本实用新型提供了一种大尺寸蓝宝石单晶生长炉用上隔热屏。它包括固定支撑结构部分和保温隔热结构部分两部分，固定支撑结构部分为单层圆形不锈钢板，保温隔热结构部分包括至少两层圆形钼片，圆形钼片上开有圆形中心孔和矩形观察孔，单层圆形不锈钢板与圆形钼片间采用钼螺栓和配套钼螺母连接并固定，圆形钼片间通过钼垫片隔开。本实用新型能够提供生长高质量大尺寸蓝宝石单晶所需的温场条件，具有结构简单、使用寿命长，温场分布更合理等优点。
38. 102154698 Method for controlling seeding form in process of preparing large-sized sapphire single crystal by Kyropoulos method
CN
17.08.2011
C30B 29/20 Loading...
C30B 29/20
Loading...
201110072430.0
Harbin Aurora Optoelectronics Technology Co., Ltd.
Zuo Hongbo
C30B 29/20
Loading...
The invention provides a method for controlling seeding form in process of preparing a large-sized sapphire single crystal by a Kyropoulos method. By using the method, four technical processes of preparation work, roasting a seed crystal, diameter shrinkage and multiple-seeding are finished in the process of growing the large-sized sapphire single crystal. Based on a Kyropoulos seeding method, the method is greatly improved and has the advantages that a grown crystal has higher quality and larger size, the success rate of the crystal growing is higher and the like.
39. 102152420 Low-loss oriented cutting method of large-size sapphire crystal blanks
CN
17.08.2011
B28D 5/04 Loading...
B28D 5/04
Loading...
201110072085.0
Harbin Aurora Optoelectronics Technology Co., Ltd.
Zuo Hongbo
B28D 5/04
Loading...
The invention provides a low-loss directional cutting method of large-size sapphire crystal blanks. The large sapphire crystal blanks are fed in a rotation manner in the method, and the processing efficiency of the method is improved by one time than that of a traditional band-saw cutting method. Before cutting, the end faces of the large-size sapphire crystal blanks are oriented, steel plates in corresponding angles are selected according to the crystal orientation deviation of the end faces for bonding, thereby the accurate orientation is finished in a cutting procedure. The method is greatly improved on the basis of the traditional band-saw cutting method, has the advantages of higher cutting efficiency, better cutting surface quality, high surface flatness, shorter follow-up processing time, lower unit production cost and the like, and can be used for correcting the crystal orientation of the end faces of the large sapphire crystal blanks.
40. 102140675 Kyropoulos method for quickly growing large-size sapphire single crystal
CN
03.08.2011
C30B 15/00 Loading...
C30B 15/00
Loading...
201110072182.X
Harbin Aurora Optoelectronics Technology Co., Ltd.
Zuo Hongbo
C30B 15/00
Loading...
The invention provides a Kyropoulos method for quickly growing a large-size sapphire single crystal. Processes of charging, vacuumizing, heating for melting, auxiliary temperature field adjustment, crystal leading, shoulder extending, shoulder contracting, equal-diameter growth, pull-off, cooling annealing and discharging are finished in a growth furnace of the large-size sapphire single crystal. The Kyropoulos method for quickly growing the large-size sapphire single crystal is greatly improved on the basis of the conventional Kyropoulos method, and has the advantages of shorter growth period, larger size and higher quality of the grown crystal, higher yield of the crystal, lower unit production cost and the like.
41. 201411509 一种用于生长300mm以上大尺寸蓝宝石的单晶炉炉体
CN
24.02.2010
C30B 15/00 Loading...
C30B 15/00
Loading...
200920100239.0
哈尔滨工大奥瑞德光电技术有限公司
左洪波
C30B 15/00
Loading...
本实用新型提供了一种用于生长300mm以上大尺寸蓝宝石的单晶炉炉体。它包括炉壳、炉底、炉盖、坩埚、支撑棒、发热体和保温结构，保温结构由坩埚盖、上隔热屏、下隔热屏、多层保温筒、保温填料、耐火砖、金属筒组成，本实用新型采用鸟笼结构钨发热体，有利于提供均匀稳定的温场，并保证其内部温度场分布为底部温度高于上端温度，边缘温度高于中心温度，轴向和径向温度梯度小，符合冷心放肩微量提拉法对于温场分布的要求。本实用新型采用冷心放肩微量提拉法，具有温场分布均匀稳定、轴向和径向温度梯度都比较小，保温效果好等特点。
42. 201411510 一种用于大尺寸蓝宝石单晶生长炉的鸟笼状电阻发热体
CN
24.02.2010
C30B 15/14 Loading...
C30B 15/14
Loading...
200920100240.3
哈尔滨工大奥瑞德光电技术有限公司
左洪波
C30B 15/14
Loading...
本实用新型提供了一种用于大尺寸蓝宝石单晶生长炉的鸟笼状电阻发热体。它包括两个铜半环、纵向钨棒和横向钨棒，两个铜半环与单晶炉电极相连接，六组纵向钨棒分别通过钼螺栓固定在铜半环上，固定在同一个铜半环上的钨棒相互之间用两组横向钨棒连接在一起，横向钨棒与纵向钨棒通过钨丝连接绑紧。本实用新型发热体具有热量供给均匀，温场分布均匀稳定等特点，而且其内部温度场分布为底部温度高于上端温度，边缘温度高于中心温度，非常适合于冷心放肩微量提拉法生长大尺寸蓝宝石单晶。结合冷心放肩微量提拉法的要求，本实用新型发热体还应具备其它特点：其内部温度场分布为底部温度高于上端温度，边缘温度高于中心温度。
43. 101580965 Rapid-annealing method for growing large-size sapphire single-crystal with SAPMAC method
CN
18.11.2009
C30B 33/02 Loading...
C30B 33/02
Loading...
200910072376.2
Harbin Gongda Aurora Optoelectronics Technology Co., Ltd.
Zuo Hongbo
C30B 33/02
Loading...
The invention provides a rapid-annealing method for growing large-size sapphire single-crystal with the SAPMAC method. The SAPMAC method is adopted for growing sapphire single-crystal; after growing is finished, the vacuum degree of a crystal growing furnace is kept; electric power source is not cut off; heating power is lowered according to certain temperature reduction procedure until heating power is zero; and then inert gases are led in for rapid cooling. The invention has the beneficial effects that: 1. crystal dislocation density can be lowered, the lattice vacancy of crystal with big diameter and high expansion factor can be lowered, defect concentration such as distortion of lattice, dislocation and the like can be eliminated, crystal cleavage is avoided, and crystal quality and utilization factor can be improved; 2. in-situ annealing of crystal can be realized, crystal growing cycle can be shortened under the precondition of ensuring crystal quality; and 3. production cost can be lowered.
44. 101580963 SAPMAC method for preparing sapphire single-crystal with size above 300mm
CN
18.11.2009
C30B 15/20 Loading...
C30B 15/20
Loading...
200910072378.1
Harbin Gongda Aurora Optoelectronics Technology Co., Ltd.
Zuo Hongbo
C30B 15/20
Loading...
The invention provides a SAPMAC method for preparing sapphire single-crystal with size above 300mm. In a 300mm sapphire single-crystal growing furnace, technical processes of charging as well as melting material, seeding, shouldering, isometric growing, pulling out, cooling, annealing and discharging are finished. On the basis of the existing SAPMAC method, the invention is greatly improved, so that the SAPMAC method of the invention has the advantages of larger size of crystal, higher quality, more reasonable size, higher utilization rate of material, lower unit production cost and the like, and can produce sapphire single-crystal with the size above Phi320*260mm, high purity, low defect density and favorable optical performance; in addition, the SAPMAC method of the invention can better satisfy demand of sapphire single-crystal with large size and high quality by national defense and military industry field as well as civil field, and reduces defect occurrence probability by controlling seeding structure; meanwhile, the SAPMAC method of the invention controls crystal shoulder structure, decreases shoulder stress and lowers possibility of crystal cleavage by changing pulling speed and cooling rate.
45. 201020638 超声振动磨削复合加工工具
CN
13.02.2008
B24B 1/04 Loading...
B24B 1/04
Loading...
200720115929.4
哈尔滨工大奥瑞德光电技术有限公司
左洪波
B24B 1/04
Loading...
本实用新型提供的是一种超声振动磨削复合加工工具。它包括与数控机床或钻床的刀柄相配合的连接件，连接件上安装有主轴，主轴上安装有换能器，换能器与变幅杆相连，刀具安装在变幅杆上；换能器还通过碳刷与超声波发生器相连。本实用新型具有加工效率高、表面质量好、加工表面损伤和残余应力都较小、刀具损耗小、成本低等优点。具有广阔的应用前景，能够创造出明显的社会效益和经济效益。

