1. 102969876 一种控制36个功率单元的核心控制板
CN
28.09.2016
H02M 1/088 Loading...
H02M 1/088
Loading...
102012000506064
哈尔滨九洲电气股份有限公司
孙敬华
H02M 1/088
Loading...
本发明设计的是一种变流器的核心控制板方案，可控制不大于由36个H桥功率单元构成的级联型变流器，主要用于级联静止型无功发生器、级联型高压变频器、级联型同相供电电源变流器等。本发明方案主要包括：用于产生36个H桥功率单元控制脉冲信号和接收功率单元状态信号的FPGA芯片，用于核心控制算法的DSP芯片，用于同外界连接的开关量输入、输出及通讯联络的CPLD芯片，用于接收模拟信号的运算放大器A1～A18，用于为各个芯片供电的电源芯片IC1～IC4，用于检测本电路环境温度湿度的芯片IC5，用于保存参数的芯片EEPROM等。本电路运行稳定、使用范围广泛。
2. 205319700 有源电力滤波器功率单元的驱动保护电路
CN
15.06.2016
H02J 3/01 Loading...
H02J 3/01
Loading...
201521072857.0
哈尔滨九洲电气技术有限责任公司
杨秋梅
H02J 3/01
Loading...
本实用新型属于电力系统交流配电输电技术领域，具体涉及的是一种有源电力滤波器功率单元的驱动保护电路。该电路是由供电电源±15V欠压保护电路、驱动触发复位电路、IGBT驱动保护电路接口板、IGBT管压降检测电路、Vce过压判断电路、故障判断电路、故障处理电路和驱动故障保护电路组成的。本电路的设计的重点是解决有源电力滤波器的信号响应速度、抗电磁干扰能力、以及PWM信号处理和功率单元IGBT的驱动保护在电路中稳定工作等相应的问题，能使电网谐波污染问题得到改善，电能质量得到提高。本电路集成度高、控制能力强，能实现驱动保护控制过程的高速度、高精度的要求，而且还具有较强的电磁抗干扰能力。
3. 205248689 低压开关柜单元抽屉结构
CN
18.05.2016
H02B 11/173 Loading...
H02B 11/173
Loading...
201520919017.7
哈尔滨九洲电气技术有限责任公司
李佳
H02B 11/173
Loading...
一种低压开关柜单元抽屉结构，包括抽屉面板、上横梁、右侧板、左侧板、抽屉后板、抽屉底板、元件安装板、断路器安装板、滚轮、撑板、单元隔板、端子安装板、抽屉导轨、单元后板和铰链；抽屉底板为基座，右侧板、左侧板和抽屉后板固定连接于抽屉底板上，断路器安装板固定连接于抽屉底板上，上横梁两端分别与左侧板和右侧板螺栓连接，撑板两端分别铆接在左侧板和右侧板上，抽屉面板通过铰链连接于右侧板上，元件安装板固定连接于右侧板上，滚轮安装于左侧板和右侧板上，单元隔板与单元后板固定连接，端子安装板固定连接于单元隔板，抽屉导轨固定连接于单元隔板上。本实用新型结构合理，强度高，互换性强，安装维护维修方便，结实耐用。
4. 205248808 模块式功率单元结构
CN
18.05.2016
H02J 3/18 Loading...
H02J 3/18
Loading...
201520918925.4
哈尔滨九洲电气技术有限责任公司
刘震
H02J 3/18
Loading...
本实用新型提供一种模块式功率单元结构，包括单元壳体、散热器、单元内部过线架、拉手、单元内部第一隔板和单元内部第二隔板，拉手固定连接在单元壳体外部的前面板下方，散热器位于单元壳体内部并与之固定连接，单元内部第一隔板与散热器连接，单元内部第二隔板与单元内部第一隔板连接，单元内部过线架位于散热器上方并与之固定连接。本实用新型模块化设计，便于系统容量的扩展，实际应用中随着单元数量增多，空间要求比较大，因此功率单元外形结构尺寸要求就比较高，同时单元的尺寸也是决定柜体尺寸的重要因素，因此将单元模块化，既节省空间，集成度更高，同时对柜内单元维护维修更加便捷。
5. 205248809 可调式大底结构
CN
18.05.2016
H02J 3/18 Loading...
H02J 3/18
Loading...
201520919131.X
哈尔滨九洲电气技术有限责任公司
刘震
H02J 3/18
Loading...
本实用新型提供一种可调式大底结构，包括第一底座侧横梁、第二底座侧横梁、第一底座横梁、第二底座横梁、角铁、吊耳、电容器支撑梁、电抗器支撑梁、支撑滑道、第一底座托盘和第二底座托盘，第一底座侧横梁的一端与第一底座横梁一端成垂直角度连接，第一底座侧横梁的另外一端与第二底座横梁的一端成垂直角度连接，第二底座侧横梁的两端分别与第一底座横梁的另一端和第二底座横梁的另一端成垂直角度连接，第一底座托盘和第二底座托盘位于第一底座侧横梁和第二底座侧横梁之间并与第一底座侧横梁和第二底座侧横梁固定连接，本实用新型的电器件采用紧固件螺栓连接，安装方便，不污染，安装器件的梁，都可以根据实际尺寸调节，可以批量生产。
6. 205248616 低压开关柜框架结构
CN
18.05.2016
H02B 1/01 Loading...
H02B 1/01
Loading...
201520919116.5
哈尔滨九洲电气技术有限责任公司
付强
H02B 1/01
Loading...
一种低压开关柜框架结构，包括四根立柱、四根横梁、母线支撑梁、四根侧横梁、侧中横梁、侧中立柱和撑板，侧横梁固定连接于立柱凹槽内，四根立柱、四根横梁及四根侧横梁互相连接组成基本框架结构；母线支撑梁通过螺栓连接于两根立柱之间，侧中横梁连接于立柱凹槽内，撑板通过螺栓连接于侧横梁凹槽内，侧中立柱一端与撑板螺栓连接，侧中立柱另一端与侧中横梁螺栓连接；所述立柱上开有25mm模数孔。本实用新型结构合理、通用性强、易于调节变化、易于电镀喷涂处理、零部件可标准化设计，同时可预生产库存，安装方便，提高了生产效率，减小了框架外形尺寸误差。
7. 205246095 老化试验用的产品试验记录仪
CN
18.05.2016
G01D 9/00 Loading...
G01D 9/00
Loading...
201521056539.5
哈尔滨九洲电气技术有限责任公司
李尚
G01D 9/00
Loading...
一种老化试验用的产品试验记录仪，包括单片机微控制器电路、实时时钟电路、5V供电电源电路、按键接口与液晶显示电路和声光提示电路，单片机微控制器电路分别与实时时钟电路、按键接口与液晶显示电路、声光提示电路电信号连接，5V供电电源电路为本记录仪供电，单片机微控制器电路包括AVR微控制器ATmega16L，实时时钟电路包括时钟芯片DS1302。本实用新型使用简单、操作方便，可以实现记录操作的确切时间并显示。
8. 205248618 直流电源系统中的监控单元
CN
18.05.2016
H02B 1/015 Loading...
H02B 1/015
Loading...
201521067182.0
哈尔滨九洲电气技术有限责任公司
杨秋梅
H02B 1/015
Loading...
本实用新型属于电力电子技术领域，具体涉及的是一种直流电源系统中的监控单元。本实用新型其组成包括由挡板、左侧板、右侧板和下底板组成的单元框架、充电开关、主控单元、馈线单元转接板、电压变送器、引出排、二次信号引出端子。此设计方案主要是解决了直流电源系统中的监控单元的生产装配的一体化的问题，将直流柜体的直流监控单元模块化、标准化，促进了直流电源系统尺寸标准、规格统一，装配结构合理。另外监控单元可以在工作台上配线，减轻劳动强度，适合批量生产。其结构紧凑、体积小，安全可靠，适用性强，能提高生产效率、更便于维修管理。
9. 205249091 一种阀组结构高压软启动装置
CN
18.05.2016
H02P 1/02 Loading...
H02P 1/02
Loading...
201521080399.5
哈尔滨九洲电气技术有限责任公司
高岩
H02P 1/02
Loading...
一种阀组结构高压软启动装置，包括接口板单元固定板、驱动模块单元、壳体左侧板、上盖左侧散热片固定单元、阀组侧板、拉杆、阀组结构固定梁、散热片单元、壳体下盖板、壳体中间隔板、壳体上盖板、散热片固定单元、上盖右侧散热片固定单元和壳体右侧板；阀组侧板与接口板单元固定板相连接，组成外侧框架，壳体左侧板和壳体右侧板安装于阀组侧板内侧，壳体左侧板和壳体右侧板通过拉杆相连接，壳体下盖板和壳体上盖板一端与壳体左侧板连接，壳体下盖板和壳体上盖板另一端与壳体右侧板连接，阀组结构固定梁固定连接于阀组侧板上，驱动模块单元安装于接口板单元固定板上。本装置采用模块式可拆卸结构，结构紧凑，对柜内单元的维护维修也更加方便。
10. 205248811 一种避免拉弧的柱上补偿装置
CN
18.05.2016
H02J 3/18 Loading...
H02J 3/18
Loading...
201521050636.3
哈尔滨九洲电气技术有限责任公司
关微
H02J 3/18
Loading...
一种避免拉弧的柱上补偿装置，包括开启式电流互感器、控制器、电压互感器、跌落式熔断器、电流互感器、静/动补真空接触器、避雷器、静/动补电抗器、静/动补喷逐式熔断器、静/动补电容器，开启式电流互感器的输入端接母线的B相，开启式电流互感器的输出端接控制器的电流采样端Ib1、Ib2，控制器的电压采样端UA、UC接电压互感器的输出端，跌落式熔断器的输入端接系统母线A、B、C相，跌落式熔断器的A、C输出端分别接电压互感器的输入端、电流互感器的输入端，跌落式熔断器的A、B、C输出端分别接避雷器的输入端、静补真空接触器的输入端。本实用新型结构简单，避免拉弧，补偿效果更好，使电能利用更加合理。
11. 205141402 一种新型型材落地配电箱结构
CN
06.04.2016
H02B 1/30 Loading...
H02B 1/30
Loading...
201520866160.4
哈尔滨九洲电气股份有限公司
任政
H02B 1/30
Loading...
本实用新型属于低压电力配电技术领域，具体涉及一种新型型材落地配电箱结构。它是由箱体框架、底板、侧安装梁、弯板、安装梁、后封板、前门、边屏、顶盖、眉头、运输角板、铰链、门托组成的，所述的箱体框架包括立柱、横梁、侧横梁和连接角板，通过使用自攻螺钉和螺栓组装而成的。底板、后封板、前门、边屏、顶盖、眉头、门托采用1.2mm冷轧钢板制作，表面做静电喷涂处理，侧安装梁、弯板、安装梁、运输角板采用2mm镀锌板制造。此设计方案解决了过去配电箱存在的外形尺寸误差大，通用性差，焊接易变形及不能满足各类电气元件的安装需要等问题。本实用新型可操作性强、结构可靠牢固、通风散热性良好、便于大批量生产组装、便于维修管理。
12. 205139179 一种蓄电池巡检箱结构
CN
06.04.2016
G01R 1/04 Loading...
G01R 1/04
Loading...
201520870485.X
哈尔滨九洲电气股份有限公司
王艳胜
G01R 1/04
Loading...
本实用新型属于机械加工技术领域，具体涉及的是电力电子及通讯控制系统中使用的一种蓄电池巡检箱结构。由于过去往往将蓄电池巡检装置控制系统装在蓄电池柜体中，这样有时出现故障会互相牵连，而且维护和维修也不方便。本实用新型包括蓄电池巡检箱箱体、上盖板、底板、门横梁、左前门、右前门，其中箱体与上盖板、底板通过焊接成为一体，门横梁通过自攻螺钉安装在箱体前面的上下两端，右前门安装有门锁，左前门、右前门焊接铰链，通过铰链用螺栓将左前门和安装有门锁的右前门安装在箱体上。本实用新型是可以将开关电源，蓄电池巡检电路等集成在一个箱体之中，具有装配简单，结构紧凑，安装维护方便快捷等特点。
13. 205141422 一种不需要焊接的配电箱箱体
CN
06.04.2016
H02B 1/46 Loading...
H02B 1/46
Loading...
201520864379.0
哈尔滨九洲电气股份有限公司
关微
H02B 1/46
Loading...
本实用新型属于机械技术领域，具体涉及的是一种应用于低压配电系统中不需要焊接的配电箱箱体。它是由顶盖板、底板、右侧板、左侧板、后封板、前门组件、安装梁、立梁、吊耳、铰链组成的，顶盖板、底板、右侧板、左侧板、后封板是用自攻钉组装成为一个整体的箱体框架，通过铰链将前门组件用螺栓安装在箱体框架的左侧板上，吊耳用自攻钉安装在箱体框架后面的后封板和顶盖板上，立梁用螺栓安装在箱体框架内的右侧板、左侧板和顶盖板及底板上，安装梁用螺栓安装在立梁上。本实用新型结构简单，组装方便，安装快捷，不需要焊接，一般工人稍加指导和培训即可胜任组装工作，适合安排在自动化程度较高的机械设备加工和投入大批量生产。
14. 205140452 一种生产厂房内分区灯箱结构
CN
06.04.2016
G09F 13/06 Loading...
G09F 13/06
Loading...
201520868383.4
哈尔滨九洲电气股份有限公司
王艳胜
G09F 13/06
Loading...
本实用新型属于机械加工技术领域，具体涉及的是一种生产厂房内分区灯箱结构。本实用新型是由左右立柱、上横梁、下横梁、圆角、面板部件、侧板4、侧板2、侧板1、侧板3、盖板、底座组成的，安装时用自攻螺钉和螺栓组装箱体框架，在箱体框架外安装面板部件，并用玻璃胶在箱体框架周边粘贴侧板，箱体框架上端安装盖板。本实用新型适合在工业生产车间和厂房中使用，可以展示有序的现代化车间分区管理标志，还能体现独特新颖的企业文化思维。本设计方案能使灯箱具有牢固可靠、文字和标志及图案显示清晰、便于加工制造和安装等特点。
15. 205140527 一种新型的仪表保温箱结构
CN
06.04.2016
G12B 9/02 Loading...
G12B 9/02
Loading...
201520870310.9
哈尔滨九洲电气股份有限公司
任政
G12B 9/02
Loading...
本实用新型属于机械加工技术领域，具体涉及的是一种新型的仪表保温箱结构。本仪表保温箱是由背板、底板、顶板、上挡条、前门、侧下保温隔板、侧上保温隔板、底部保温隔板、上方保温隔板、立梁、横梁、支架、后方保温隔板、前门保温隔板和保温材料，并通过焊接、自攻螺钉和螺栓组装而成的，在组装后的箱体和已安装的保温隔板之间添充保温材料，前门和前门保温隔板之间添充保温材料，实现保温的需要。本仪表保温箱能够对电气仪表、元器件和电路进行有效的防护和保温，使电气仪表和控制电路及装置能在低温下安全有效的运行。本实用新型造型美观、结构合理，并且可根据不同环境要求调节保温层厚度，能满足用户的特殊保温要求的需要。
16. 204559540 一种有源电力滤波器用直流电压信号采样电路
CN
12.08.2015
H03K 19/0175 Loading...
H03K 19/0175
Loading...
201520078558.1
哈尔滨九洲电气股份有限公司
程鹏
H03K 19/0175
Loading...
本实用新型提供一种有源电力滤波器用直流电压信号采样电路，包括差分电路和滤波电路，差分电路和滤波电路连接，差分电路包括3个运算放大器、2个滑动电阻器和2个电容器，使用1个运算放大器芯片经两级运算放大器后输出SBUS信号完成差分电路的信号采样，在使用过程中分别调节该两只滑动电阻器来尽量保证输入阻抗的相同，从而降低输入信号和输出SBUS信号间的共模电压。滤波电路包括3个电阻、2个电容器和一个运算放大器，从而组成二级滤波电路，前级SBUS信号经该滤波电路滤除高频干扰后传出为BUS信号。本实用新型实现了减小共模电压和滤除高频干扰的功能，从而将处理后的BUS信号供给有源电力滤波器的住控制器使用。
17. 204558898 一种直流调压单元
CN
12.08.2015
H02B 1/04 Loading...
H02B 1/04
Loading...
201520074733.X
哈尔滨九洲电气股份有限公司
杨秋梅
H02B 1/04
Loading...
本实用新型公开一种直流调压单元，包括调压控制器、硅链、拉手孔、过线孔、采样断路器、面板、挡板定位孔、引出排、二次信号引出端子和外壳；所述外壳包括挡板、左侧板、右侧板和下底板，左侧板、右侧板和面板均与下底板相连，左侧板和右侧板上均开有拉手孔和挡板定位孔，挡板一端与左侧板连接，另一端与右侧板连接，挡板上开有过线孔，挡板正面布置有调压控制器和采样断路器，挡板背面布置有硅链，外壳后面装有引出排和二次信号引出端子。本实用新型将直流屏的直流调压部分单元化，结构紧凑、体积小、尺寸标准、规格统一，可以在工作台上进行配线，可以大幅度减轻劳动强度，便于批量生产，提高工作效率。
18. 204258763 一种有源电力滤波器APF驱动电路
CN
08.04.2015
H03K 17/567 Loading...
H03K 17/567
Loading...
201420650847.X
哈尔滨九洲电气股份有限公司
王磊
H03K 17/567
Loading...
本实用新型是一种有源电力滤波器APF驱动电路，它是由两路NPN和PNP射极跟随器、两个推挽电路功率放大单元和IGBT驱动电路及DC/DC供电电源组成的。其工作原理是，当外部输入连接逻辑控制电路PWM信号时，PWM信号通过光耦连接到两路射极跟随器进行处理，射极跟随器处理后的PWM信号再送至两个推挽电路功率放大单元，经过推挽电路放大后的PWM信号送至IGBT功率器件，射极跟随器、推挽电路和IGBT功率器件均由DC/DC供电电源供电。本实用新型的有益效果在于利用常用的光耦传输体积小的优点，摈弃了体积大、造价昂贵的信号传输变压器，简化了电路设计，具有结构简单，体积小巧，电气性能安全可靠等特点。
19. 203800598 动态调整AD采集电网电压采样率的模块
CN
27.08.2014
H02J 3/18 Loading...
H02J 3/18
Loading...
201320860150.0
哈尔滨九洲电气股份有限公司
王鑫
H02J 3/18
Loading...
本实用新型属于电力电子自动化控制技术领域，具体涉及一种动态调整AD采集电网电压采样率的模块，它是由电源电路、电压信号转换单元、电压信号比较单元、方波周期判断单元组成的，其工作原理是电网电压信号输入到电压信号转换单元，电压信号转换单元将电网电压转换为处理信号送入到电压信号比较单元，电压信号比较单元将正弦信号转换为方波信号送入到方波周期判断单元，方波周期判断单元判断电网电压的频率，捕获功能计算方波的周期，从而实现动态的调整AD采样率。本实用新型可以实时、准确监测电网电压的周期，并根据电网电压周期动态调整AD采样率，从而准确的计算无功功率。
20. 203800816 一种光伏逆变器用驱动信号放大及转接电路板
CN
27.08.2014
H02M 1/36 Loading...
H02M 1/36
Loading...
201320857099.8
哈尔滨九洲电气股份有限公司
程鹏
H02M 1/36
Loading...
本实用新型提供一种光伏逆变器用驱动信号放大及转接电路板，包括主电路、8针接口电路和5针接口电路，主电路分别连接8针接口电路和5针接口电路，所述的主电路包括推挽电路和IGBT故障信号的处理/反馈电路；推挽电路和IGBT故障信号的处理/反馈电路连接，所述的推挽电路包括两个三极管和两组电阻，第一三极管与第二三极管并联连接，第一组电阻并联后与第一三极管的发射极串联，第二组电阻并联后与第二三极管的集电极串联，第一组电阻与第二组电阻并联连接；本实用新型集成化程度高，安装接线简单，便于技术人员安装操作，稳定性和可靠性都很高，便于人员安全操作。
21. 203688619 基于AMC1200的隔离交流电流的采样电路
CN
02.07.2014
G01R 15/14 Loading...
G01R 15/14
Loading...
201320847409.8
哈尔滨九洲电气股份有限公司
迟爽
G01R 15/14
Loading...
本实用新型属于一种实用电路，具体设计的是一种基于AMC1200的隔离交流电流的采样电路，它是由信号采集单元、隔离放大单元、信号处理单元组成的，其工作原理是当交流电流信号流经采样单元后，在采样单元的采样电阻两端产生小电压信号，该信号经过滤波后送入隔离放大单元，隔离放大单元将采样信号放大后，再通过二级信号放大电路进一步放大至适合处理的电压等级，然后该交流电压信号通过精密整流电路并经过滤波处理，变为适合送入单片机或者数字放大器DSP处理的信号。本实用新型设计的隔离交流电流采样电路的设计方案经过实践检验，其性能可靠，且价格低廉，适合电力电子和仪器仪表行业应用。
22. 203689510 一体化嵌入式监控系统USB驱动单元
CN
02.07.2014
G06F 13/10 Loading...
G06F 13/10
Loading...
201320860381.1
哈尔滨九洲电气股份有限公司
吴天柱
G06F 13/10
Loading...
一体化嵌入式监控系统USB驱动单元，是由USB电源管理及数据传输的单元、电源电路、数据收发控制器、USB接口单元和ARM系统组成的，USB接口的数据端将数据信号分别经电阻偶合后连接到USB数据收发控制器的数据输入端，USB数据收发控制器和ARM信号处理芯片信息交互，完成数据解码、格式转换和存储，电源电路产生USB电路所需的5V和3.3V电压，USB电源管理及数据传输部分提供了外部USB设备所需的精准的限流电压，具有过载和过温的保护功能，保证系统正常运行。本实用新型保证了系统的数据传输的准确性，保证了系统的安全可靠性，电路设计简化合理，具有检测效果好，保护性能高，运行安全可靠等特点。
23. 203688630 智能光伏汇流箱数据采集板
CN
02.07.2014
G01R 19/00 Loading...
G01R 19/00
Loading...
201320836194.X
哈尔滨九洲电气股份有限公司
裴景斌
G01R 19/00
Loading...
本实用新型提供一种智能光伏汇流箱数据采集板，包括模拟量调理单元、模拟量切换单元、电源单元、DSP芯片、开关量输入单元、MODBUS通讯单元和MODBUS地址开关单元，模拟量调理单元连接模拟量切换单元，DSP芯片分别连接模拟量切换单元、电源单元、开关量输入单元、MODBUS通讯单元和MODBUS地址开关单元；本实用新型结构合理，使用方便，采用DSP作为数据采集芯片，采集速度快，精度准，采用485作为通讯物理层，采用MODBUS作为协议层，可连接的节点多达128个，协议通用性强，采用电阻分压的形式测量直流电压，使硬件成本变低。
24. 203690709 一种低压抽屉柜新型C型材框架结构
CN
02.07.2014
H02B 1/01 Loading...
H02B 1/01
Loading...
201320831343.3
哈尔滨九洲电气股份有限公司
周春玲
H02B 1/01
Loading...
本实用新型提供一种低压抽屉柜新型C型材框架结构，包括第一立柱、第二立柱、第三立柱、第四立柱、第一侧上横梁、第二侧上横梁、第一侧中横梁、第二侧中横梁、第一侧下横梁和第二侧下横梁，第一侧上横梁、第一侧中横梁和第一侧下横梁的两端分别与第一立柱和第二立柱连接，第二侧上横梁、第二侧中横梁和第二侧下横梁分别与第三立柱和第四立柱连接，第一侧上横梁、第二侧上横梁、第一侧中横梁、第二侧中横梁、第一侧下横梁和第二侧下横梁均由C型材构成，C型材孔距模数为25mm，C型材内设有4个筋。本实用新型结构牢固美观，防护等级高，组装方便，造价低廉，便于生产，极大地提高了生产效率。
25. 203691046 一种交流进线自动切换单元
CN
02.07.2014
H02J 9/06 Loading...
H02J 9/06
Loading...
201320864419.2
哈尔滨九洲电气股份有限公司
杨秋梅
H02J 9/06
Loading...
本实用新型的目的是给交直屏提供一套安装方便、组屏灵活的一种交流进线自动切换单元，它包括框体支架、进线塑壳断路器、避雷器、交流信号采集单元、信号灯、交流接触器、两路交流进线和一路输出引出排、二次信号引出端子、微型断路器，安装时进线塑壳断路器、避雷器、交流信号采集单元、信号灯和交流接触器安装于框体支架内侧，两路进线和一路输出引出排、二次信号引出端子、微型断路器安装于框体支架的后面。本装置适合大批量生产，单元可以在工作台上配线,在柜体内整件组装使用，提高了工作效率，减少了劳动强度，本实用新型结构紧凑、安全可靠，整个单元组装方便，便于生产、更便于维修管理。
26. 203689107 一种应用于变电站的通信管理机
CN
02.07.2014
G05B 19/418 Loading...
G05B 19/418
Loading...
201320785725.7
哈尔滨九洲电气股份有限公司
杜丽
G05B 19/418
Loading...
本实用新型提供一种应用于变电站的通信管理机，包括电源模块、主机模块、通信模块、串口模块和中央信号模块，通信模块连接串口模块，串口模块连接主机模块，主机模块连接中央信号模块，电源给整个系统供电;本实用新型通讯管理机具有多种通信接口，采用至少两种通信规约实现上位机系统与下位机保护装置的可靠通信，能实现不同网络互联，它的应用使变电站自动化系统通信网络从低速、集中、专用的传统通信网络发展成真正高速、可靠、全开放、全分散的数据通信网络。
27. 203688778 一种蓄电池巡检装置
CN
02.07.2014
G01R 31/36 Loading...
G01R 31/36
Loading...
201320752880.9
哈尔滨九洲电气股份有限公司
任立明
G01R 31/36
Loading...
本实用新型提供一种蓄电池巡检装置，包括外部恒流信号、第一开关电路、第二开关电路、第一差分电压采样电路、第二差分电压采样电路、锁相放大电路、滤波电路、DSP处理器和通讯电路，外部恒流信号连接第一开关电路，第一开关电路连接蓄电池组，蓄电池组连接第二开关电路，第二开关电路分别连接第一差分电压采样电路、第二差分电压采样电路和DSP处理器，第二差分电压采样电路连接锁相放大电路，锁相放大电路连接滤波电路，滤波电路连接DSP处理器，第一差分电压采样电路连接DSP处理器，DSP处理器连接通讯电路；本实用新型结构简单，使用方便，响应迅速，人机界面直观，测量精度高，能够更好的维护蓄电池的稳定运行。
28. 203691233 基于LM22676的嵌入式系统电源
CN
02.07.2014
H02M 3/155 Loading...
H02M 3/155
Loading...
201320835830.7
哈尔滨九洲电气股份有限公司
李淼
H02M 3/155
Loading...
本实用新型属于电力电子自动化控制技术领域，具体涉及的是一种基于LM22676的嵌入式系统电源，它主要包括输入滤波电路，控制电路，自举反馈电路与环路输出电路四个部分，其工作原理是当输入电压达到工作电压的时候，输入滤波电路将谐波分量与尖峰电压滤除，送入到控制电路，控制电路将按照自举反馈电路中的电阻比，输出电压5V，电流根据电阻比来确定；将此输出送入到环路输出电路，得到我们所需的输出电压电流，供给系统设备。此电路方案具体的说就是一种在嵌入式系统中，为满足嵌入式核心处理器的供电需求的供电电源。本实用新型给出的设计方案经过实践检验，输出效率高，运行平稳，在电力电子行业中具有广阔的前景。
29. 203690880 光伏汇流箱汇流检测保护电路
CN
02.07.2014
H02H 3/08 Loading...
H02H 3/08
Loading...
201320836672.7
哈尔滨九洲电气股份有限公司
刘嘉
H02H 3/08
Loading...
本实用新型是一种光伏汇流箱汇流检测保护电路，它是由正极汇流保护电路、负极汇流电路、正极电流检测电路及接口电路组成的，它能将多组由一定数量、规格相同的光伏电池极板串联起来组成的光伏阵列所输出直流电流汇集在一起的，并具有检测每路电流大小、分断汇流箱中可能由光伏电池极板串联及逆变装置的电流反馈所产生的线路过载及短路电流等故障的功能。本实用新型的目的是解决光伏阵列汇流检测和保护问题，保证光伏发电系统能够长期稳定可靠的运行。本实用新型具有汇流光伏阵列组数多，支路电流检测精确，线路过载及短路电流检测可靠迅速等特点。
30. 203690786 一种35kv金属封闭高压开关柜内部除湿系统
CN
02.07.2014
H02B 13/02 Loading...
H02B 13/02
Loading...
201320819810.0
哈尔滨九洲电气股份有限公司
李德秋
H02B 13/02
Loading...
本实用新型属于电力电气设备技术领域，具体涉及一种35kv金属封闭高压开关柜内部除湿系统。它是由一组4台35kv金属封闭高压开关柜、迷你转轮除湿机、柜顶进风主管道用的连接组件、柜底出风主管道用的连接组件、柜顶进风分支管道用的连接组件、柜底出风分支管道用的连接组件、除湿机出风口可伸缩软管、除湿机进风口可伸缩软管组成的，当迷你转轮除湿机工作运转后，即可把柜体内的潮湿空气排到柜体外。本实用新型解决了35kv金属封闭高压开关柜在沿海和潮湿环境下，柜体内凝露闪络的普遍问题，其结构形式新颖，组装方便、造价低廉、经济实用、便于生产，由于迷你转轮除湿机是安装在柜体外所以更便于维修管理。
31. 203691256 一种500kW光伏逆变器功率单元结构
CN
02.07.2014
H02M 7/00 Loading...
H02M 7/00
Loading...
201320831224.8
哈尔滨九洲电气股份有限公司
高岩
H02M 7/00
Loading...
本实用新型提供一种500kW光伏逆变器的功率单元结构，包括功率单元外壳、功率单元散热系统、交流出线铜排组件、直流进线叠层母排组件、转接电路板安装架和模块电容安装板，所述的功率单元外壳结构包括功率单元主壳体、功率单元壳体侧盖板、功率单元壳体后侧封板、功率单元壳体前侧封板和功率单元支架，它们都通过自攻螺钉紧固连接，本实用新型具有结构形式简单，美观、可靠性高、防护等级高、操作简单、散热性能好、整体功率单元结构组装方便快捷、成本低廉、便于工厂生产和组装、实用性高，维修维护甚至更换整体单元也简单方便的优点。
32. 203690777 GCS低压抽屉柜的抽屉结构
CN
02.07.2014
H02B 11/173 Loading...
H02B 11/173
Loading...
201320855992.7
哈尔滨九洲电气股份有限公司
周春玲
H02B 11/173
Loading...
本实用新型公开一种GCS低压抽屉柜的抽屉结构，包括抽屉门板、操作手柄、抽屉测控板、抽屉门锁、抽屉左侧板、省力推进操作操作机构、抽屉撑梁、省力机构安装板、抽屉底板、抽屉后板、主电路动插件、辅助电路接插件、抽屉右侧板和开关安装板，抽屉门板四周为双折边结构，抽屉门板的两端分别与抽屉左侧板、抽屉右侧板的前端连接，抽屉后板的两端分别与抽屉左侧板、抽屉右侧板的后端连接，抽屉底板的四周分别与抽屉门板、抽屉左侧板、抽屉后板、抽屉右侧板连接，抽屉底板的前端与省力机构安装板连接，抽屉底板的中部安装有开关安装板，省力机构安装板上安装有省力推进操作操作机构，本实用新型结构简单，推进时灵活，造价低。
33. 203691218 一种光伏逆变器IGBT并联用驱动信号电路板
CN
02.07.2014
H02M 1/088 Loading...
H02M 1/088
Loading...
201320855845.X
哈尔滨九洲电气股份有限公司
程鹏
H02M 1/088
Loading...
本实用新型提供一种光伏逆变器IGBT并联用驱动信号电路板，包括5针接口电路、控制信号放大电路、8针接口电路和生成-9V/+15V直流电源电路，5针接口电路连接控制信号放大电路，控制信号放大电路连接8针接口电路，8针接口电路连接生成-9V/+15V直流电源电路，生成-9V/+15V直流电源电路连接5针接口电路；本实用新型集成化程度高，安装接线简单，便于技术人员安装操作，稳定性和可靠性都很高，便于人员安全操作。
34. 203690929 高压TSC动态无功补偿装置的阀组结构
CN
02.07.2014
H02J 3/18 Loading...
H02J 3/18
Loading...
201320856753.3
哈尔滨九洲电气股份有限公司
刘震
H02J 3/18
Loading...
本实用新型提供一种高压TSC动态无功补偿装置的阀组结构，包括平板硅阀组单元、上横梁、滑道、挡板、后横梁、前横梁、中横梁、风道背板、风道左侧板、风道右侧板、左侧挡板、右侧挡板和阀组主面板，阀组主面板上设有三排平板硅阀组单元，阀组主面板安装在框架前侧，风道背板、风道左侧板和风道右侧板均安装在框架上，阀组主面板的两侧分别与左侧挡板和右侧挡板连接。本实用新型采用单相卧式，三相叠加立式结构，结构紧凑，占地面积小。在柜内后部形成风道大大提高了散热性能，单元与散热器以及其他附件采用模块式的装配方式，工作人员在售后维护的过程中不必整个拆卸，提高工作效率、节省时间。
35. 203690927 基于EPM1270的链式SVG功率单元控制电路
CN
02.07.2014
H02J 3/18 Loading...
H02J 3/18
Loading...
201320814498.6
哈尔滨九洲电气股份有限公司
韦健
H02J 3/18
Loading...
本实用新型提供一种基于EPM1270的链式SVG功率单元控制电路,包括光纤下发信号解码电路单元、状态信号的二段解码及驱动电路单元、接收上传信号解码及编码电路单元、保护电路单元，第一光纤信号连接光纤下发信号解码电路单元，光纤下发信号解码电路单元连接状态信号的二段解码及驱动电路单元，状态信号的二段解码及驱动电路单元连接输出驱动电路，采样电路的输出端分别连接接收上传信号解码及编码电路单元和保护电路单元，接收上传信号解码及编码电路单元连接第二光纤信号，保护电路单元连接输出驱动电路，本实用新型编解码准确，保护信息整合及时上传，提高系统的保护速度，防止因误解码造成桥臂直通的现象发生。
36. 203691255 一种250kW光伏逆变器功率单元结构
CN
02.07.2014
H02M 7/00 Loading...
H02M 7/00
Loading...
201320830565.3
哈尔滨九洲电气股份有限公司
任政
H02M 7/00
Loading...
本实用新型提供一种250kW光伏逆变器功率单元结构，包括功率单元右侧安装板、出线叠层母排、功能单元支架、功能单元后面板、功能单元左盖板、功能单元内散热片、功能单元前面板、功能单元电路板托板、功能单元电容安装板、进线叠层母排、第一出线母排支撑件、第二出线母排支撑件、进线母排支撑件和密封条，用自攻螺钉将功率单元右侧安装板、功能单元左盖板、功能单元前面板和功能单元后面板组装成一体，使它们成为一个整体功率单元框架，本实用新型具有防护等级高、散热效果好、结构形式合理、整体安装及维护维修均方便，并且操作简便，效率高的优点。
37. 203688740 一种可控硅触发一致性的检测装置
CN
02.07.2014
G01R 31/26 Loading...
G01R 31/26
Loading...
201320835847.2
哈尔滨九洲电气股份有限公司
李超
G01R 31/26
Loading...
本实用新型涉及一种可控硅触发一致性的检测装置，其可以对一组串联或并联可控硅的触发信号进行检测，判断其是否一致。它包括可控硅门极触发信号发送电路、可控硅门极触发信号接收电路，以及可控硅门极触发信号比较电路，它能够分别检测每支可控硅的触发信号给定时间，将其变换成电信号后通过光纤传送至接收器，接收器对接收到的信号进行对比，将触发信号的延时以方波的形式进行显示，使用者利用示波器即可检测出方波的宽度，即可判断出可控硅触发的一致性。这种可控硅触发一致性的检测装置，其结构简单，性能可靠，可以广泛用于可控硅检测单位以及应用企业。
38. 203689202 直流系统中基于DSP的恒压控制装置
CN
02.07.2014
G05F 1/46 Loading...
G05F 1/46
Loading...
201320847436.5
哈尔滨九洲电气股份有限公司
郭东洋
G05F 1/46
Loading...
本实用新型设计的是直流系统中基于DSP的恒压控制装置，它是由供电电源、采集电路、DSP系统、控制电路和硅链组成的，其特征是采集电路将采集到的控制母线电压数据传给DSP系统，DSP系统是由TMS320F28035芯片为核心，它能对采集的母线电压数据进行处理并将处理后的电压信号传给控制电路，控制电路把输入的控母电压电流与所需电压值进行比较，控制硅链进行电压调节并输出控制母线电压，使控制母线电压值达到继电保护装置及信号回路所需的电压，即达到一种理想的供电方案。本设计方案经过实践检验，其性能可靠、控制电压精度高、且生产成本和造价较低。
39. 203691279 一种微型光伏逆变器拓扑结构电路
CN
02.07.2014
H02M 7/537 Loading...
H02M 7/537
Loading...
201320830399.7
哈尔滨九洲电气股份有限公司
何秀成
H02M 7/537
Loading...
本实用新型提供一种微型光伏逆变器拓扑结构电路,包括六个NPN型功率开关，四个功率二极管，变压器电感、励磁电感、中间电容、直流母线支撑电容、输出滤波电容，本实用新型具有结构简单紧凑，开关频率低，适用于单相逆变器，电池极板输入电压范围宽，逆变输出谐波小等特点。
40. 203691829 一种高频电源模块插框结构
CN
02.07.2014
H05K 7/14 Loading...
H05K 7/14
Loading...
201320831341.4
哈尔滨九洲电气股份有限公司
刘宗凡
H05K 7/14
Loading...
本实用新型涉及一种高频电源模块插框结构，包括插框主壳体、插框上盖板、多条插框滑道板和多个压铆螺母，多条插框滑道板分别以一定间隔固定在插框主壳体上，插框上盖板分别与插框主壳体、多个插框滑道板固定连接，多个压铆螺母固定在插框主壳体的底面上，插框主壳体的两侧壁和/或多条插框滑道板侧壁开有用于锁定模块的豁口。本实用新型安全可靠、易于安装和维修，提高了直流柜体工作的稳定性和可靠性的同时，也实现了高频电源模块实现抽查灵活、快速的装卸、更换。
41. 203691428 链式SVG静止无功发生器CANopen通讯单元
CN
02.07.2014
H04L 12/02 Loading...
H04L 12/02
Loading...
201320836490.X
哈尔滨九洲电气股份有限公司
佟勇
H04L 12/02
Loading...
本实用新型链式SVG静止无功发生器CANopen通讯单元是由CAN光纤驱动电路、协议转换电路、串口光纤驱动电路组成的，目的在于能快速的实现SVG静止无功发生器的串口数据到CANopen协议的数据转换，将数据快速、稳定、安全的上传到用户侧主监控器，及时将用户控制命令下设到SVG静止无功发生器中。本实用新型工作原理是：协议转换电路经光纤驱动电路与用户侧监控CANopen主站设备接口，并通过协议转换电路将数据转换为串口数据，经串口光纤驱动电路与SVG静止无功发生器通信。本设计方案能够实现快速数据交互，从而保证SVG静止无功发生器与用户侧监控CANopen主站设备的通讯快速，精确和稳定。
42. 203691220 一种光伏逆变器用驱动信号转接电路板
CN
02.07.2014
H02M 1/092 Loading...
H02M 1/092
Loading...
201320857515.4
哈尔滨九洲电气股份有限公司
程鹏
H02M 1/092
Loading...
本实用新型提供一种光伏逆变器用驱动信号转接电路板，包括14针接口电路、3针接口电路、温度信号处理电路、光纤信号接收电路和光纤信号发送电路，14针接口电路分别连接3针接口电路、温度信号处理电路、光纤信号接收电路和光纤信号发送电路；所述的光纤信号接收电路采用2个HFBR-2521光线信号接收器和一个型号为4093的驱动芯片，4093驱动芯片分别连接2个光线信号接收器；所述的光纤信号发送电路采用1个HFBR-1521的光纤信号发射器；本实用新型具有集成化程度高，安装接线简单，便于技术人员安装操作，制作成本低，便于量产化，且安装成本大幅降低，便于现场维护、维修的优点。
43. 203688652 一种串联可控硅的同步检测装置
CN
02.07.2014
G01R 19/25 Loading...
G01R 19/25
Loading...
201320859266.2
哈尔滨九洲电气股份有限公司
齐洪超
G01R 19/25
Loading...
本实用新型是一种串联可控硅的同步检测装置，可对一组串联的可控硅的触发信号进行检测，判断其过零触发控制是否一致。它是由电压、电流信号采集检测电路、温度信号采集检测电路、电-光转换单元、控制器和电源电路组成的，采集检测电路将采集到的电压、电流过零信号和故障信号及温度值信号送到电-光转换单元，电-光转换单元将接收到的电信号转换成光信号，以光的形式传送给控制器进行处理。本准装置可以实时、准确检测可控硅电压电流过零信号及相应的故障信号，并利用光传输技术把电压值、温度值和故障信号以光的形式传送给控制器进行处理。
44. 203690780 一种简易活门装置
CN
02.07.2014
H02B 11/24 Loading...
H02B 11/24
Loading...
201320819541.8
哈尔滨九洲电气股份有限公司
周建民
H02B 11/24
Loading...
本实用新型提供一种简易活门装置，包括活门机构左右大连杆、活门机构左右支架固定轴、活门机构左右支架滚轮、活门机构左右大连杆安装板、下活门挡板、下活门内挡板、第四活门连杆、第三活门连杆、第二活门连杆、第一活门连杆、上活门挡板、上活门内挡板、第一固定支架、第一活门导杆、第二固定支架、第二活门导杆和连接转动轴。本实用新型结构形式简捷、操作程序简单便捷、整个简易活门机构装置结构组装方便、造价低廉、便于生产、组装和使用，更便于维修管理。
45. 203691254 一种100KW光伏逆变器功率单元结构
CN
02.07.2014
H02M 7/00 Loading...
H02M 7/00
Loading...
201320830460.8
哈尔滨九洲电气股份有限公司
付强
H02M 7/00
Loading...
本实用新型提供一种100KW光伏逆变器功率单元结构，包括整体功率单元结构、第一交流出线铜排、第二交流出线铜排、第三交流出线铜排、功率单元散热器片、电路板架板、电容器安装板、直流进线叠层母排、交流出线铜排支撑固定绝缘件、直流进线叠层母排支撑固定绝缘件、密封垫圈和手提把手；本实用新型结构形式牢固美观、防护等级高、操作简单、散热性好、整个功率结构组装方便、造价低廉、便于生产、组装实用，更便于维修管理。
46. 203690721 C型材GGD柜体
CN
02.07.2014
H02B 1/26 Loading...
H02B 1/26
Loading...
201320814704.3
哈尔滨九洲电气股份有限公司
张风雷
H02B 1/26
Loading...
本实用新型提供一种C型材GGD柜体，包括仪表门、前门、左前门、下通风门、顶盖、底板、柜体、侧横梁、侧立柱、上通风门、右后门和左后门，柜体的正面上方设有仪表门，柜体的正面下方设有下通风门，仪表门与下通风门之间设有前门和左前门，柜体的两个侧面安装有侧横梁侧立柱，侧横梁通过自攻钉安装在柜体上，侧立柱通过M8螺丝固定在侧横梁上，柜体的背面设有上方设有上通风门，通风门的下方设有左后门和右后门，柜体的右侧上方设有刀开关侧横梁，刀开关旋转梁通过M8螺丝固定在刀开关侧横梁上，顶盖柜体的顶端连接，柜体的底部设有底板。本实用新型成本低，减少焊接步骤，外形美观、安全可靠的功能。
47. 203688749 高频开关电源模块线路板测试装置
CN
02.07.2014
G01R 31/28 Loading...
G01R 31/28
Loading...
201320849330.9
哈尔滨九洲电气股份有限公司
李尚
G01R 31/28
Loading...
本实用新型的设计目的在于解决高频开关电源模块线路板在生产过程中进行质量控制为整机测试做准备，本高频开关电源模块线路板测试装置是由DSP控制单元、FPGA控制单元、LED显示单元、信号采样单元、电源单元和测试需要的示波器组成，DSP控制单元分别连接LED显示单元和测试用示波器通讯口，DSP控制单元与FPGA控制单元连接，信号采样单元与FPGA控制单元及示波器连接，电源单元为DSP控制单元、FPGA控制单元、LED显示单元、信号采样单元提供工作电源。此设计方案经过实践检验，其体积小巧、使用方便、故障检出率精确，性能可靠，得到了使用此装置的测试人员的一致认可。
48. 203690725 直流电源系统中的馈线单元模块壳体
CN
02.07.2014
H02B 1/26 Loading...
H02B 1/26
Loading...
201320859859.9
哈尔滨九洲电气股份有限公司
王德宇
H02B 1/26
Loading...
本实用新型的目的在于提供一种直流电源系统的馈线单元模块壳体，满足直流电源系统模块化的尺寸，重量，外观要求，它是由主壳体、前面板、右侧板、微断支架、后板、霍尔支架、左侧板组成的，左侧板和右侧板分别固定在主壳体的左、右两侧，微断支架和霍尔支架在主壳体的上方，并固定在左侧板和右侧板上，前面板在主壳体的前部，后板在主壳体的后部，前面板和后板都固定在左侧板、右侧板和主壳体上；所有的零件使用的材料都是厚度为1.5mm的覆铝锌板，并采用的是M6自攻螺钉连接。本实用新型能将需要安装的指示灯、微断开关、汇流排、转接端子等集成在一个单元之中，具有结构紧凑，安装维护方便快捷等特点。
49. 203690737 一种新型低压配电箱结构
CN
02.07.2014
H02B 1/46 Loading...
H02B 1/46
Loading...
201320863265.5
哈尔滨九洲电气股份有限公司
周宏举
H02B 1/46
Loading...
本实用新型属于低压电力配电技术领域，具体涉及的是工业与民用供电配电系统控制保护中用的一种新型低压配电箱结构。它是由框架、前门、铰链、眉头、顶盖、运输角、边屏板、立梁、底板、后门、安装梁、侧安装梁组成的，前门、后门分别通过铰链安装到框架前后，顶盖和底板分别安装到框架的顶部和底部，侧安装梁安装到框架左右两侧，立梁安装到侧安装梁上，安装梁安装到立梁上也可以直接安装到立柱上，眉头安装到框架的前面上部，边屏板安装到框架左右两侧，运输角安装到顶盖上。本实用新型能给工业与民用低压配电系统提供一套低成本、可操作性强、结构可靠牢固、散热性好、便于生产安装、便于维修管理、外形美观的新型低压配电箱结构。
50. 203691226 一种新颖的高频开关电源功率因数校正装置
CN
02.07.2014
H02M 1/42 Loading...
H02M 1/42
Loading...
201320861602.7
哈尔滨九洲电气股份有限公司
吴天柱
H02M 1/42
Loading...
本实用新型属于电力电子技术领域，具体涉及的是一种新颖的高频开关电源功率因数校正装置，它包括输入瞬间电压保护电路、TMS320F28035PAGT型DSP系统、PWM控制电路、Boost升压电路，此装置是采用数字信号处理器DSP系统进行处理和控制，他可以实时对系统进行监控，并采集输入电压、输入电流、母线电压，而且采用电压外环电流内环双闭环的控制方式，非常有效的提高了功率因数，同时硬件上保证了系统的抗干扰性和高可靠性。由于此装置能够实时确保电力设备良好的功率因数，从而减少了供电系统中的电压损失，可以使负载电压更稳定，更好的改善了电能的质量。本装置适用于电力、电信、国防及家电等领域的开关电源系统的开发应用。
51. 203691434 双馈风电变流器PROFIBUS通讯单元
CN
02.07.2014
H04L 12/40 Loading...
H04L 12/40
Loading...
201220673961.5
哈尔滨九洲电气股份有限公司
佟勇
H04L 12/40
Loading...
PROFIBUS是一种国际化、不依赖于设备生产商的现场总线标准。本实用新型是一种双馈风电变流器PROFIBUS通讯单元，是由PROFIBUS总线通讯驱动隔离电路、PROFIBUS从站协议转换电路、RS-232串口驱动电路组成的，本设计能快速的实现变流器的串口数据到PROFIBUS协议的数据转换，将数据快速、稳定、安全的上传风力发电机组主控制器，及时将风力发电机组的控制命令下设到变流器。本实用新型属于一种PROFIBUS总线通讯技术，PROFIBUS通讯电路的设计方案经过实践检验，其结构组成简单实用，运行稳定，性能可靠，抗干扰能力强，且价格低廉，应用范围广泛。
52. 103311933 链式静止无功发生器的平滑过渡式分段PID控制方法
CN
18.09.2013
H02J 3/18 Loading...
H02J 3/18
Loading...
201310238430.2
哈尔滨九洲电气股份有限公司
陈晨
H02J 3/18
Loading...
本发明公开了一种链式静止无功发生器的平滑过渡式分段PID控制方法，该方法采用三相H桥级联型多电平逆变器的拓扑控制方式，链式SVG静止无功发生器等效为电压源，包括电网电压锁相TLL的步骤、负荷无功指令电流提取的步骤、平滑过渡式分段PID调节控制的步骤和SPWM调制输出的步骤。本发明具有能够降低功率单元工作电压等级并能有效减少单元的连接数量，降低了成本、稳定性好；简化了复杂的PID控制过程。
53. 203118969 光伏阵列汇流箱体结构
CN
07.08.2013
H01L 31/048 Loading...
H01L 31/048
Loading...
201220673905.1
哈尔滨九洲电气股份有限公司
赵庆江
H01L 31/048
Loading...
在光伏发电技术方面，为了使电池板输出电压满足光伏逆变器的使用要求，通常要将太阳能电池板串联、并联通过汇流箱汇流，本实用新型设计的就是一种室外用光伏阵列汇流箱体结构。目前，在光伏发电站中，光伏阵列汇流箱用量大，用在室外需要有良好可靠的防护等级和较低的成本和较长的使用寿命。本实用新型的目的就是为解决以上问题，提供了一种光伏阵列汇流箱体结构。焊接的主箱体和箱体门通过箱体门上的铰链用螺钉连接。本箱体具有较好的防尘和防水性能，结构简单、安装方便、坚固耐用、成本低、使用寿命长。
54. 203014659 用于光伏逆变器单元并联的IGBT驱动信号转换电路
CN
19.06.2013
H02M 1/088 Loading...
H02M 1/088
Loading...
201220673963.4
哈尔滨九洲电气股份有限公司
刘嘉
H02M 1/088
Loading...
本实用新型涉及一种用于光伏逆变器单元并联的IGBT驱动信号转换电路，是由控制信号转换电路、故障信号转换处理电路和电源电路组成的，控制信号转换电路和故障信号转换处理电路分别与控制器采用电信号连接，控制信号转换电路和故障信号转换处理电路分别与驱动模块采用光信号连接，电源电路分别给控制信号转换电路和故障信号转换处理电路供电。电源电路选用大功率电源及适当的电压转换芯片，使电路能够稳定工作。该电路具有响应速度快，可靠性高，可实现多功率单元并联等特点。
55. 203014384 链式SVG多功率单元串联的FPGA控制装置
CN
19.06.2013
H02J 3/18 Loading...
H02J 3/18
Loading...
201220676091.7
哈尔滨九洲电气股份有限公司
何建华
H02J 3/18
Loading...
本设计是基于链式静止无功发生器中，使用FPGA与两片DSP的组合，实现数据、指令交换，信号滤波处理、单极倍频CPS-SPWM载波移相以及脉宽调制PWM编码等，链式SVG多功率单元串联的FPGA控制装置是由可编程门阵列的逻辑器件FPGA和数字信号处理器DSP1及DSP2组成的，FPGA采用总线接收数据RAM缓存方式，接收36个单元的调制波数据和相应指令，并对这些信号进行滤波、纠错、控制和处理，而后分给三相的控制单元进行载波移相，经载波移相生成的脉宽调制PWM波通过调制编码下发给各个功率单元。本设计能够实现SVG的串联多单元控制模式,并且能够达到动态补偿功能。
56. 203014660 一种双路输出的IGBT驱动模块及其电路板
CN
19.06.2013
H02M 1/092 Loading...
H02M 1/092
Loading...
201220669618.3
哈尔滨九洲电气股份有限公司
周家琪
H02M 1/092
Loading...
本实用新型涉及一种双路输出的IGBT驱动模块及其电路板。双路输出的IGBT驱动模块包括两个门极驱动光耦ACPL-332J芯片、逻辑控制电路、DC/DC供电单元和两个功率放大单元，外部输入连接逻辑控制电路，逻辑控制电路输出分别连接两个门极驱动光耦ACPL-332J芯片，每个门极驱动光耦ACPL-332J芯片连接一个功率放大单元。一种双路输出的IGBT驱动模块电路板，还包括如上所述的一种双路输出的IGBT驱动模块，该驱动模块印制在电路板PCB上。本实用新型集成了全面的IGBT保护功能，具有结构简单，体积小巧，电气性能安全，价格低廉的特点。
57. 202975169 基于DSP的直流系统对地绝缘检测电路
CN
05.06.2013
G01R 27/20 Loading...
G01R 27/20
Loading...
201220595492.X
哈尔滨九洲电气股份有限公司
任立明
G01R 27/20
Loading...
本实用新型涉及一种基于DSP的直流系统对地绝缘检测电路，包括两组电桥电路、电压信号采集电路、DSP控制电路、RS485通讯电路、CAN总线通信电路和选通开关，两组电桥电路分别与电压信号采集电路连接，电压信号采集电路与DSP控制电路连接，DSP控制电路分别与两组电桥电路、RS485通讯电路、CAN总线通信电路和选通开关连接。本实用新型具有简便操作，测量准确的优点。
58. 202978682 一种控制36个功率单元的核心控制板
CN
05.06.2013
H02M 1/088 Loading...
H02M 1/088
Loading...
201220652162.X
哈尔滨九洲电气股份有限公司
孙敬华
H02M 1/088
Loading...
本实用新型设计的是一种控制36个功率单元的核心控制板，可控制不大于由36个H桥功率单元构成的级联型变流器，主要用于级联静止型无功发生器、级联型高压变频器、级联型同相供电电源变流器等。本实用新型方案主要包括：用于产生36个H桥功率单元控制脉冲信号和接收功率单元状态信号的FPGA芯片，用于核心控制算法的DSP芯片，用于同外界连接的开关量输入、输出及通讯联络的CPLD芯片，用于接收模拟信号的运算放大器A1～A18，用于为各个芯片供电的电源芯片IC1～IC4，用于检测本电路环境温度湿度的芯片IC5，用于保存参数的芯片EEPROM等。本电路运行稳定、使用范围广泛。
59. 202975637 一种风力发电用采集开入信号和转发开出信号装置
CN
05.06.2013
G05B 19/04 Loading...
G05B 19/04
Loading...
201220654328.1
哈尔滨九洲电气股份有限公司
程鹏
G05B 19/04
Loading...
一种风力发电用采集开入信号和转发开出信号装置，包括采集开入信号单元和转发开出信号单元，采集开入信号单元包括第一光电隔离芯片和第一反相器芯片，采集开入信号接口与第一光电隔离芯片连接，第一光电隔离芯片和第一反相器芯片连接，第一反相器芯片与中央控制单元连接；转发开出信号单元包括第二光电隔离芯片、第二反相器芯片和中间继电器，中央控制单元的开出命令接口与第二光电隔离芯片连接，第二光电隔离芯片与第二反相器芯片连接，第二反相器芯片与中间继电器连接，中间继电器与外部电气接口连接。本装置而实现了对该电路板和主控制单元的可靠保护，避免外部电器的信号对主控制部分的意外危害；同时具有应用性广泛的优点。
60. 202979508 一种高频电源模块前面板
CN
05.06.2013
H05K 5/02 Loading...
H05K 5/02
Loading...
201220615019.3
哈尔滨九洲电气股份有限公司
刘宗凡
H05K 5/02
Loading...
本实用新型涉及一种高频电源模块前面板，包括塑胶主体、左把手、右把手、多个导光柱、两个把手轴柱、两个M3紧固螺丝、两个M3螺母片和两个M3螺母柱，左把手和右把手的底端分别由两个把手轴柱铰接到塑胶主体的左右两端的底部，左把手和右把手的上端分别通过两个M3紧固螺丝固定在塑胶主体左右两端的顶部，两个M3螺母片、两个M3螺母柱、多个导光柱固定于塑胶主体的背面上，两个M3螺母片、两个M3螺母柱分别与两个M3紧固螺丝相配合。本实用新型具有如下优点：组装简单、配置十分灵活，采用了独特的把手锁紧系统，提高了直流柜体工作的稳定性和可靠性的同时，也实现了高频电源模块实现快速的装卸、更换。
61. 202975273 基于74165芯片实现直流系统开关量的检测电路
CN
05.06.2013
G01R 31/327 Loading...
G01R 31/327
Loading...
201220654239.7
哈尔滨九洲电气股份有限公司
郑金龙
G01R 31/327
Loading...
一种基于74165芯片实现直流系统开关量的检测电路，包括DC/DC电源模块、多个开关量检测单元和74165芯片，每个开关量检测单元包括光耦、滤波电容、限流电阻和二极管，二极管的负极与用户设备负极的断路器下口相连，二极管正极分别与滤波电容的一端和限流电阻的一端连接，限流电阻的另外一端与光耦的发光二极管的负极连接，滤波电容的另外一端与直流电源负母线连接，光耦的发光二极管的正极与DC/DC电源模块的正极连接，光耦的发射极与74165芯片连接。本实用新型不依靠辅助点来检测用户设备开关的状态，具有结构简单、性能可靠和价格低廉的优点。
62. 202978072 一种低压开关柜单元抽屉结构
CN
05.06.2013
H02B 11/127 Loading...
H02B 11/127
Loading...
201220628841.3
哈尔滨九洲电气股份有限公司
付强
H02B 11/127
Loading...
本实用新型提供一种低压开关柜单元抽屉结构，包括抽屉面板、上横梁、左侧板、断路器安装板、元器件安装板、后板、端子安装板、第一拔插静导轨、单元抽屉隔板、静端子安装板、右侧板护板、滑轮、第二插拔静导轨、右侧板、底板、开关铰链、第二抽屉插拔动导轨、左侧板护板和第一抽屉插拔动导轨，单元抽屉隔板上设有第一拔插静导轨和第二插拔静导轨，单元抽屉隔板的左右两侧设有滑道，抽屉通过滑轮和单元抽屉隔板上的滑道与单元抽屉隔板连接，单元抽屉隔板上设有静端子安装板，抽屉面板的内侧设有开关铰链。本实用新型结构形式牢固美观、防护等级高、操作简单、散热性好、整个抽屉结构组装方便、造价低廉、便于生产、组装实用，更便于维修管理。
63. 202975139 光伏逆变器模拟量采集装置
CN
05.06.2013
G01R 19/25 Loading...
G01R 19/25
Loading...
201220633165.9
哈尔滨九洲电气股份有限公司
刘斌
G01R 19/25
Loading...
本实用新型涉及一种光伏逆变器模拟量采集装置，包括漏电流采样信号调理电路和ABC三相交流额定电流采样信号调理电路，霍尔传感器输出的电流信号匹配适当采样电阻将传感器输出信号转换为-3V～+3V电压信号，再经运放电路和运放绝对值电路，将电压调理为0～+3输出到TMS320F28335芯片的第一ADC通道，三相电流采集传感器输出的电流信号匹配适当采样电阻将传感器输出信号转换为0V～+3V电压信号，只经运放电路，将电压调理为0～+3V输出到TMS320F28335芯片的第二ADC通道。本实用新型具提高了采样精度、节约了成本。
64. 202978744 一种两级式单相光伏并网逆变器拓朴结构
CN
05.06.2013
H02M 7/48 Loading...
H02M 7/48
Loading...
201220615261.0
哈尔滨九洲电气股份有限公司
何秀成
H02M 7/48
Loading...
一种两级式单相光伏并网逆变器拓朴结构，它包括前级的升压电路和后级的桥式逆变电路，前级的升压电路包括止逆二极管，升压电感，斩波开关管，续流二极管，电池极板前端电容；后级的桥式逆变电路包括全桥式逆变电路、滤波电感和母线支撑电容；止逆二极管的负极分别与升压电感的一端和电池极板前端电容的一端连接，升压电感的另外一端分别与斩波开关管的集电极、续流二极管的正极连接，续流二极管的负极分别与全桥式逆变电路连接，全桥式逆变电路的两桥臂中间点分别与滤波电感的两端连接。本结构适用于单相光伏逆变器，电池极板输入电压范围宽，能够进行最大功率追踪，逆变的电能功率因数可调，高效稳定的实现光伏系统的并网发电。
65. 202978943 风电变流器USB转光纤电路
CN
05.06.2013
H04B 10/25 Loading...
H04B 10/25
Loading...
201220585580.1
哈尔滨九洲电气股份有限公司
裴景斌
H04B 10/25
Loading...
本实用新型涉及一种风电变流器USB转光纤电路，包括CP2101芯片、电源单元和光纤接口驱动单元，光纤接口驱动单元包括SN75372D驱动芯片，风电变流器的USB接口与CP2101芯片连接，CP2101芯片的串口发送端与SN75372D驱动芯片连接，SN75372D驱动芯片与发送光纤连接，CP2101芯片的接收端与接收光纤连接，电源单元包括ASM1117芯片，ASM1117芯片的电源输入端与风电变流器的USB接口连接，ASM1117芯片的电源输出端为本电路供电。本电路无需外部供电，体积小，使用方便。
66. 202978236 光伏逆变器的交流电流的限流保护电路
CN
05.06.2013
H02H 7/122 Loading...
H02H 7/122
Loading...
201220595452.5
哈尔滨九洲电气股份有限公司
吕显鑫
H02H 7/122
Loading...
本实用新型涉及一种光伏逆变器的交流电流的限流保护电路，包括电流霍尔传感器、电流采样匹配电阻单元、电压提升匹配电阻单元、一级运放单元、比较器单元和与非门电路，电流霍尔传感器的输出端连接电流采样匹配电阻单元，电流信号经电流采样匹配电阻单元转换为电压信号，电流采样匹配电阻单元与一级运放单元连接，一级运放单元的输出端与电压提升匹配电阻单元连接，电压提升匹配电阻单元的一端与比较器单元的比较端连接，电压提升匹配电阻单元的另外一端与5V电源连接，比较器单元的输出端与与非门电路连接。本电路简单，成本低廉，能够在电流过大时是及时保护IGBT。
67. 202976454 一种用于SVG的单光纤混合信号传送单元
CN
05.06.2013
G08C 23/06 Loading...
G08C 23/06
Loading...
201220585445.7
哈尔滨九洲电气股份有限公司
肖心凯
G08C 23/06
Loading...
本实用新型涉及一种用于SVG的单光纤混合信号传送单元，包括信号调理解调单元、电-光转换单元和信号采集单元，信号采集单元连接信号调理解调单元，信号调理解调单元连接电-光转换单元，信号调理解调单元包括CPLD芯片，模拟信号经过信号采集单元后转变为数字信号并以串行或并行的方式将信号传送到信号调理解调单元中，信号调理解调单元由其内部的CPLD芯片将检测到的数字信号调理成一串数据脉冲经由电-光转换单元上传到上位解调电路进行相应的数据处理。本装置具有其快速性、稳定性、可靠性高、成本低、结构简单的特点。
68. 202979001 基于ISO1050DUB的一种CAN通讯电路
CN
05.06.2013
H04L 12/40 Loading...
H04L 12/40
Loading...
201220652322.0
哈尔滨九洲电气股份有限公司
韦健
H04L 12/40
Loading...
本实用新型提供了一种基于ISO1050DUB的CAN通讯电路，其特征在于它是由三部分构成的：单片机核心处理单元，隔离接口单元，隔离电源。单片机核心处理单元是由TMS320F28035为核心，通过其内部集成的CAN控制器解析由隔离接口芯片传送的数据，并进行相应的处理从而调整开关电源的输出参数及运行状态。本实用新型属于一种现场总线技术，具体的说就是在电力系统中，为满足电力系统的高频开关电源装置之间及其与上位监控装置的正常通讯，所研发的一种CAN通讯电路。本实用新型给出的CAN通讯电路具有性能可靠、价格低廉等特点。
69. 202978802 一种双馈风力发电变流器用电机侧控制装置
CN
05.06.2013
H02P 9/00 Loading...
H02P 9/00
Loading...
201220665604.4
哈尔滨九洲电气股份有限公司
程鹏
H02P 9/00
Loading...
一种双馈风力发电变流器用电机侧控制装置，包括四个外部接口，本装置还包括采样信号处理电路、四组光纤控制单元、CPLD电路、信息存储电路、通讯电路、DSP控制电路和电源电路，第一和第二外部接口与采样信号处理电路连接，采样信号处理电路与DSP控制电路的A/D转换接口连接，DSP控制电路分别与信息存储电路、CPLD电路、通讯电路连接，CPLD电路分别与四组光纤控制单元连接，四组光纤控制单元分别与IGBT单元连接，采样信号处理电路与发电机电流/电压信号采集传感器连接，电源电路为本装置供电。本装置能全面的实现对电机侧变流器的控制，同时将运行数据与系统内部设备和外部设备传递，具有性能稳定的优点。
70. 202974335 SVG无功补偿驱动单元的驱动转接监测装置
CN
05.06.2013
G01D 21/02 Loading...
G01D 21/02
Loading...
201220668876.X
哈尔滨九洲电气股份有限公司
肖心凯
G01D 21/02
Loading...
一种SVG无功补偿驱动单元的驱动转接监测装置，包括电源单元、电压信号监测单元、温度信号监测单元、信号处理单元、电光发送/光电接收单元，电压信号监测单元和温度信号监测单元分别与信号处理单元连接，信号处理单元与光电发送/接收单元连接，电源单元为本装置供电。本实用新型可以实时、准确监测IGBT温度值，电压值及接受IGBT故障信号，并利用光传输技术把电压值、温度值和故障信号以光的形式传送给上位机。
71. 202978234 一种直流高频开关电源故障检测保护装置
CN
05.06.2013
H02H 7/10 Loading...
H02H 7/10
Loading...
201220666994.7
哈尔滨九洲电气股份有限公司
吴天柱
H02H 7/10
Loading...
本实用新型设计的是一种广泛用于电力系统、通信系统中的一种直流高频开关电源故障检测保护装置。此装置是由过温检测单元、过压检测单元、过流检测单元、风机故障检测单元、DSP控制器、故障信号发送处理单元组成的，它采用数字信号处理器DSP控制，能够实时采集电源的热点温度，检测电源是否过压、是否过流，检测风机故障，一旦产生上述故障情况能够将故障信号上传给DSP控制器进行保护，并将故障信号传送到故障信号发送处理单元。本实用新型具有工作性能稳定、运行可靠等特点。
72. 202977998 一种直流屏微型断路器馈线标准化单元
CN
05.06.2013
H02B 1/18 Loading...
H02B 1/18
Loading...
201220665790.1
哈尔滨九洲电气股份有限公司
杨秋梅
H02B 1/18
Loading...
本实用新型一种直流屏微型断路器馈线标准化单元，包括右侧板、漏电流传感器、37针DB头、接线端子、下底板、后下挡板、汇流排槽、进线汇流排、后上挡板、左侧板、微型断路器、负极进线汇流排、正极进线汇流排、面板和信号灯，右侧板、后上挡板、后下挡板、左侧板和下底板相互连接组成外壳，面板的两端分别与左侧板和右侧板连接，微型断路器与面板连接，负极进线汇流排的两端分别与左侧板和右侧板连接、正极进线汇流排与负极进线汇流排连接，正极进线汇流排上设有信号灯，下底板上设有两排漏电流传感器。本实用新型结构紧凑，设计合理，将直流屏的馈线回路微型断路器单元化，可以批量生产，提高工作效率。
73. 202978715 基于UC2844的高压输入的反激电源
CN
05.06.2013
H02M 3/335 Loading...
H02M 3/335
Loading...
201220673962.X
哈尔滨九洲电气股份有限公司
迟爽
H02M 3/335
Loading...
本实用新型涉及一种基于UC2844的高压输入的反激电源，是由控制单元、采样单元和驱动单元、输出单元、输入单元和功率器件单元、主变压器组成的，本设计使用的主要芯片是UC2844型，该芯片是一种高性能固定频率电流型脉宽调制PWM控制器，它具有管脚数量少，外围电路简单安装调试方便，性能优良，价格低廉等优点，本实用新型给出的反激电源的设计方案经过实践检验，其性能可靠，且价格低廉，深受用户好评。
74. 202978282 一种无功发生器柜体结构
CN
05.06.2013
H02J 3/18 Loading...
H02J 3/18
Loading...
201220662199.0
哈尔滨九洲电气股份有限公司
刘震
H02J 3/18
Loading...
本实用新型一种无功发生器柜体结构，包括多个功率单元、主支撑杆、支撑横梁、风道板、单元间隔横梁、绝缘角材、绝缘板和轨道，主支撑杆、支撑横梁和绝缘板相互连接组成整体框架，绝缘板的两端与绝缘角材连接，轨道与主支撑杆连接，主支撑杆与支撑横梁的连接处设有风道板，多个功率单元通过轨道与整体框架连接。所述的功率单元为36个。本实用新型结构紧凑，占地面积小，同时单元之间采用绝缘材料绝缘，既起到柜内单元支撑，又起到绝缘作用，大大的节省了柜内的空间。
75. 202978283 一种应用在高压TSC动态无功补偿装置上的阀组结构
CN
05.06.2013
H02J 3/18 Loading...
H02J 3/18
Loading...
201220665254.1
哈尔滨九洲电气股份有限公司
刘震
H02J 3/18
Loading...
本实用新型一种应用在高压TSC动态无功补偿装置上的阀组结构，包括主横梁、模块式阀组、第一翼板、第二翼板、第四翼板、第三翼板、隔板、后支撑梁、间隔立柱和限位块，主横梁、第一翼板、第二翼板、第四翼板和第三翼板相互连接组成整体框架，两个模块式阀组与整体框架连接，模块式阀组内设有限位块，两个模块式阀组之间设有隔板，整体框架上还设有间隔立柱，整体框架的背面设有后支撑梁。本实用新型设计合理、结构紧凑，具有良好的散热性和稳定性。
76. 202976455 风力发电变流器控制信号光纤传输电路
CN
05.06.2013
G08C 23/06 Loading...
G08C 23/06
Loading...
201220666995.1
哈尔滨九洲电气股份有限公司
张哲
G08C 23/06
Loading...
本实用新型提供一种风力发电变流器控制信号光纤传输电路，其目的是将风力发电变流器控制器与功率单元之间的信号传输采用光纤形式传送，降低信号传输过程中的干扰和损失。光纤信号传输电路其组成包括一个PNP型三极管、两个NPN型三极管、一个光纤发送器，及三支匹配电阻，当输入信号由电阻R1上拉至相应电位，再经过三极管Q1、Q2、Q3和电阻R2、R3组成的驱动电路将电流放大，再送入到光纤发送器G1，从而驱动光纤发送器G1。本设计采用三极管搭建光纤驱动电路来代替集成驱动芯片，目的是为了适应风力发电变流器低温环境运行条件。本实用新型具有电路简单，成本低廉，适用温度范围宽等特点。
77. 202978693 一种基于DSC的高频开关电源全数字PFC控制系统
CN
05.06.2013
H02M 1/42 Loading...
H02M 1/42
Loading...
201220652324.X
哈尔滨九洲电气股份有限公司
李淼
H02M 1/42
Loading...
本实用新型涉及一种基于DSC的高频开关电源全数字PFC控制系统，具体涉及到通过DSC内部AD对三相输入电流和三相输入电压进行采样，然后根据采样值进行在DSC内部进行数字环路控制，运算结果通过输出三组EPWM对整个系统环路进行控制，提升高频开关电源功率因数。它包括电流检测单元、电压检测单元、DSC系统控制处理单元、EPWM功率因数校正环路控制单元。此系统主要是采用DSC进行处理与控制，能够实时采集系统输入的电流及电压，通过采样数值进行数字环路控制、EPWM环路输出，从而达到提高高频开关电源的功率因数。
78. 202978683 绝缘栅双极性晶体管IGBT驱动信号防直通电路
CN
05.06.2013
H02M 1/088 Loading...
H02M 1/088
Loading...
201220652325.4
哈尔滨九洲电气股份有限公司
张哲
H02M 1/088
Loading...
本实用新型设计的是一种绝缘栅双极性晶体管IGBT驱动信号防直通电路，是由两个与非门集成芯片U1和U2及四支电阻R1、R2、R3、R4组成的，其特征是：电阻R1、R4与与非门集成芯片U1的输入端连接，与非门集成芯片U1输出端与电阻R3、与非门集成芯片U2的输入端连接，电阻R2、R3与与非门集成芯片U2的输入端连接，与非门集成芯片U2的输出端与电阻R4、与非门集成芯片U1的输入端连接。本实用新型的电路设计具有外围电路简单、工作可靠、电路可扩展性强、生产制造成本低等优点。
79. 202978214 低电压跌落装置
CN
05.06.2013
H02H 3/24 Loading...
H02H 3/24
Loading...
201220634953.X
哈尔滨九洲电气股份有限公司
王刚
H02H 3/24
Loading...
一种低电压跌落装置，包括两台交流熔断器、交流断路器、五台交流接触器、第一和第二电抗器单元、PLC逻辑可编程控制器，人机交互单元，第一交流接触器的输出端分别与第二交流接触器的输入端、第三交流接触器的输入端连接，第二交流接触器的输出端与变流器连接，第三交流接触器的输出端与第一分压电抗器的输入端连接，第一分压电抗器的输出端分别与第二分压电抗器的输入端、变流器连接，第二分压电抗器的输出端与第四交流接触器的输入端连接，第四交流接触器的输出端与第二交流熔断器的输入端连接，第二组交流熔断器的输出端与第五交流接触器的输入端连接，第五交流接触器的输出端接地。本装置具有结构接单、智能化、实用性强、造价低的优点。
80. 103107545 SVG无功补偿发生器PWM信号产生装置
CN
15.05.2013
H02J 3/18 Loading...
H02J 3/18
Loading...
201110352394.3
哈尔滨九洲电气股份有限公司
陈晨
H02J 3/18
Loading...
为了弥补传统DSP数字信号发生器自身的PWM信号输出引脚数量的不足，本发明专利提供了一种SVG无功补偿发生器设备上采用的PWM信号产生装置，该装置采用DSP数字信号处理器，FPGA及CPLD等可编程逻辑器件，与12个H桥功率单元的IGBT功率模块及多路隔离变压器一起构成硬件平台，并结合相关的移相处理算法生成可控的多重化PWM波信号，使输出的PWM调制波经过12绕组转三相绕组的隔离变压器回馈给配电网并最终对负载产生的无功量进行补偿。该装置具有相对控制简单、大部分开关谐波可相互抵消，工作可靠性高，通用性和可扩展性都较好等特点。
81. 102981438 链式SVG多功率单元串联的FPGA控制装置及控制方法
CN
20.03.2013
G05B 19/042 Loading...
G05B 19/042
Loading...
201210527695.X
哈尔滨九洲电气股份有限公司
何建华
G05B 19/042
Loading...
本装置是基于链式静止无功发生器中，使用FPGA与两片DSP的组合，实现数据、指令交换，信号滤波处理、单极倍频CPS-SPWM载波移相以及脉宽调制PWM编码等，链式SVG多功率单元串联的FPGA控制装置及控制方法，是由可编程门阵列的逻辑器件FPGA和数字信号处理器DSP1及DSP2组成和实现的，FPGA采用总线接收数据RAM缓存方式，接收36个单元的调制波数据和相应指令，并对这些信号进行滤波、纠错、控制和处理，而后分给三相的控制单元进行载波移相，经载波移相生成的脉宽调制PWM波通过调制编码下发给各个功率单元。本发明设计能够实现SVG的串联多单元控制模式,并且能够达到动态补偿功能。
82. 102969876 一种控制36个功率单元的核心控制板
CN
13.03.2013
H02M 1/088 Loading...
H02M 1/088
Loading...
201210506064.X
哈尔滨九洲电气股份有限公司
孙敬华
H02M 1/088
Loading...
本发明设计的是一种变流器的核心控制板方案，可控制不大于由36个H桥功率单元构成的级联型变流器，主要用于级联静止型无功发生器、级联型高压变频器、级联型同相供电电源变流器等。本发明方案主要包括：用于产生36个H桥功率单元控制脉冲信号和接收功率单元状态信号的FPGA芯片，用于核心控制算法的DSP芯片，用于同外界连接的开关量输入、输出及通讯联络的CPLD芯片，用于接收模拟信号的运算放大器A1～A18，用于为各个芯片供电的电源芯片IC1～IC4，用于检测本电路环境温度湿度的芯片IC5，用于保存参数的芯片EEPROM等。本电路运行稳定、使用范围广泛。
83. 202455252 兆瓦级风电变流器IGBT驱动电路
CN
26.09.2012
H02M 1/088 Loading...
H02M 1/088
Loading...
201120502137.9
哈尔滨九洲电气技术有限责任公司
程鹏
H02M 1/088
Loading...
本实用新型提供一种兆瓦级风电变流器IGBT驱动电路。它是由模块开关器件ADG202、绝缘栅双极型晶体管IGBT、IGBT集电极电路和IGBT门极电路组成的，模块开关器件ADG202分别连接IGBT集电极电路和IGBT门极电路，IGBT集电极电路和IGBT门极电路连接绝缘栅双极型晶体管IGBT。本实用新型兆瓦级风电变流器IGBT驱动电路，在大功率运行条件下保证IGBT可靠导通、关断，减小IGBT的损耗，在过流、过压等故障情况下保证IGBT可靠的关断，从而保证机组的安全可靠运行。
84. 202423841 一种相同高度尺寸的塑壳断路器单元模块结构
CN
05.09.2012
H02B 1/04 Loading...
H02B 1/04
Loading...
201120552933.3
哈尔滨九洲电气股份有限公司
李铮
H02B 1/04
Loading...
本实用新型目的在于提供一种相同高度尺寸的塑壳断路器单元模块结构，实现直流电源系统中的充电柜或者馈线柜内控制部分的单元化设计，降低生产成本，提高生产效率。本实用新型相同高度尺寸的塑壳断路器单元模块结构，包括前面板、壳体，前面板和壳体分别安装到直流电源系统中的充电柜或馈线柜体的框架上。具有结构紧凑，安装维护方便快捷等特点。
85. 202406055 光伏并网逆变器PWM控制器
CN
29.08.2012
H02M 7/5395 Loading...
H02M 7/5395
Loading...
201120427988.1
哈尔滨九洲电气股份有限公司
周维来
H02M 7/5395
Loading...
本实用新型提供一种光伏并网逆变器PWM控制器。它是由模拟信号调理单元、数字信号处理单元、CANBUS接口电路、CPLD接口电路、直流母线过压检测单元、光纤接口和系统供电及电源检测电路组成的，模拟信号调理单元连接数字信号处理单元和直流母线过压检测单元，直流母线过压检测单元连接CPLD接口电路，CPLD接口电路连接光纤接口，数字信号处理单元分别连接CANBUS接口电路和CPLD接口电路。本实用新型利用CANBUS实现变流器主DSP与变流器PWM控制器之间的通讯，PWM控制器接受主DSP的控制命令，将自身状态上传给主DSP，实现了电源电压监测功能和直流母线电压监测功能。
86. 202406054 一种光伏逆变器主拓扑电路
CN
29.08.2012
H02M 7/5387 Loading...
H02M 7/5387
Loading...
201120492313.5
哈尔滨九洲电气股份有限公司
佟勇
H02M 7/5387
Loading...
一种光伏逆变器主拓扑电路，由六个IGBT功率开关，一个母线电容C，三个滤波电感和三个滤波电容组成，所述的三个滤波电感和三个滤波电容组成三相LC滤波器；六个IGBT功率开关组成三相桥式结构，滤波电感L1的另外一端a分别与IGBT功率开关Sa1的发射极、IGBT功率开关Sa0的集电极连接，滤波电感L2的另外一端b分别与IGBT功率开关Sb1的发射极、IGBT功率开关Sb0的集电极连接，滤波电感L3的另外一端c分别与IGBT功率开关Sc1的发射极、IGBT功率开关Sc0的集电极连接，母线电容C与光伏阵列连接。本拓扑电路使光伏逆变器具备更紧凑的设计、更低的设计成本、更高的效率。
87. 202406419 柜体吊装加强件
CN
29.08.2012
H05K 5/02 Loading...
H05K 5/02
Loading...
201120518835.8
哈尔滨九洲电气股份有限公司
李铮
H05K 5/02
Loading...
一种柜体吊装加强件，包括一个角板，所述的角板包括垂直板与水平板，还包括两个支撑角板，两个螺母，两个支撑角板都焊接在垂直板与水平板之间，垂直板开有第一安装孔，水平板开有第二安装孔，第一螺母焊接在第一安装孔上，第二螺母焊接在第二安装孔上。本实用新型优点在于，螺栓连接方便拆卸，适用范围广泛，不用与柜体焊接，增强了柜体抗腐蚀性的能力。
88. 202404399 光伏汇流箱用的信号采样和通讯及显示电路
CN
29.08.2012
G05B 19/042 Loading...
G05B 19/042
Loading...
201120530734.2
哈尔滨九洲电气股份有限公司
张哲
G05B 19/042
Loading...
本实用新型涉及的是太阳能光伏发电技术领域，具体涉及的是一种光伏汇流箱用的信号采样和通讯及显示电路。本实用新型是安装在光伏汇流箱内，能实现汇流箱与光伏逆变器的通讯及光伏组件电压电流采样和光伏发电系统工作状况的显示，实现光伏逆变器对各汇流箱工作状态的实时监控，电路可提供16路模拟信号采样。本实用新型是由信号采样单元、通讯单元、显示单元组成的，其工作状态稳定，运行可靠，电路设计简单，成本低廉，可广泛应用于太阳能光伏发电领域。
89. 202406031 一种具有寄生获取备用电源的变流器
CN
29.08.2012
H02M 5/00 Loading...
H02M 5/00
Loading...
201120532664.4
哈尔滨九洲电气股份有限公司
孙敬华
H02M 5/00
Loading...
本实用新型于提供一种具有寄生获取备用电源的变流器。它是由寄生电源电路和变流器主电路组成的，寄生电源电路连接变流器主电路。寄生电源电路包括开关变压器、电容器和输出整流滤波电路，电容器并联在直流母线上，开关变压器连接输出整流滤波电路。变流器主电路包括输入变压器和功率单元，功率单元分为三大组，每组由3个功率单元串联而成。本实用新型一种具有寄生获取备用电源的变流器，利用变流器直流母线及主功率器件形成寄生式辅助开关电源，可以直接从变流器内部直流母线获取备用电源，能够耐受、适应电网瞬时跌落、掉电等状况。本实用新型主要用来提高变流器的可靠性和降低成本。
90. 202404140 基于APCL-C784的10KV电压隔离采集装置
CN
29.08.2012
G01R 19/00 Loading...
G01R 19/00
Loading...
201120529892.6
哈尔滨九洲电气股份有限公司
徐龙辉
G01R 19/00
Loading...
本实用新型专利的发明目的就是为了提高高压变频器的10KV电压信号采集的准确性和稳定性，实现输入输出的信号和电源隔离。本装置是由电阻分压电路、信号隔离电路、信号放大调理电路、输入侧电源和输出侧电源组成的。其设计原理是把高压变频器工业现场具有强电磁干扰的10KV高压电，通过电阻分压电路的分压方式压缩为±250mV的交流电压信号，送到信号隔离电路并通过ACPL-C784芯片进行信号隔离，输出信号通过信号放大调理电路把输入端的±250mV交流电压信号，转换为±5V的交流信号，从而实现了10KV高压电的隔离采集。本装置对电压的采集精度高、抗干扰性好，并且实现了使输入输出的信号和电源隔离。
91. 202404169 串联叠加电压型的高压变频器的低压测试装置
CN
29.08.2012
G01R 31/00 Loading...
G01R 31/00
Loading...
201120532650.2
哈尔滨九洲电气股份有限公司
王卓
G01R 31/00
Loading...
本实用新型提供一种串联叠加电压型高压变频器的低压测试装置。它是由切分变压器、功率部分、监控箱、模拟量接口板、电压检测和远控部分组成的，切分变压器连接功率部分，功率部分连接电压检测，监控箱通过光纤与功率部分连接，模拟量接口板分别连接监控箱和远控部分。功率部分分为三组，一组为一相，每相六个功率单元串联连接。监控箱包括PWM单元、双DSP单元和接口电路，PWM单元连接FPGA、CPLD单元，双DSP单元分别连接接口电路。AVR控制板连接操作面板。本实用新型体积小，操作方便；本实用新型给出的高压变频器低压测试的设计方案经过实践检验，其性能可靠，能够长期运行，具有广阔的市场应用前景。
92. 202406007 一种用于IGBT并联的信号转换电路
CN
29.08.2012
H02M 1/08 Loading...
H02M 1/08
Loading...
201120530731.9
哈尔滨九洲电气股份有限公司
刘嘉
H02M 1/08
Loading...
本实用新型涉及风力发电技术领域，具体涉及一种用于IGBT并联的信号转换电路。在风力发电变流器改型中，由于需要采用两只小功率型IGBT模块并联的方式取代原有单只大功率型IGBT模块，而原有控制器保持不变，那么就存在原控制器接口不足，以及与新驱动模块接口不匹配的的问题。为解决此问题设计的电路它包括控制信号转换电路、故障信号转换电路、温度信号采集转换电路，当原控制器发出的一路PWM控制信号经控制信号转换电路转换成两路相同PWM控制信号，同时并行控制两只并联IGBT模块的开通与关闭；故障信号转换电路将多路故障信号转换合并为一路故障信号返回原控制器；温度信号采集转换电路将从IGBT采集回来的温度信号转换后送给原控制器。该电路具有相应速度快，可靠性高，可实现多路并联等特点。
93. 202334292 直驱风电变流器直流卸荷电路
CN
11.07.2012
H02M 1/32 Loading...
H02M 1/32
Loading...
201120439682.8
哈尔滨九洲电气股份有限公司
何秀成
H02M 1/32
Loading...
本实用新型是一种直驱型风电变流器直流卸荷电路，它包括IGBT功率开关和功率电阻，IGBT功率开关和功率电阻串联后并联在直流母线上，当电网电压跌落或母线过压时，网侧变流器输出功率受到限制，能量在直流母线积累会造成直流侧电压升高，导致直流侧支持电容和功率元器件的损坏。本实用新型直驱风电变流器直流卸荷电路，它能实现对直驱型风力发电变流器直流母线多余能量进行卸放，消耗掉直流侧多余能量，以保护直流侧支撑电容和功率元器件，并达到风电变流器电压稳定的功能和效果。本电路具有驱动功率小、开关速度快、通态压降小、载流能力大，保护性能高，运行安全可靠等特点。
94. 202333836 能量回馈型电子负载系统
CN
11.07.2012
H02J 3/38 Loading...
H02J 3/38
Loading...
201120467551.0
哈尔滨九洲电气股份有限公司
李淼
H02J 3/38
Loading...
一种新颖的能量回馈型电子负载系统，它与普通电阻负载相比，它的工作方式是利用电力电子变换技术在完成测试功率实验和试验的前提下，将被测电源的输出能量循环再生利用，既节约了能源又不产生大量的热量，避免了试验场所环境温度升高的问题。该电子负载未将试验功率转变为热能，因此不必使用体积庞大的电阻箱及冷却设备，节约了安装空间，降低了环境噪音。由于采用的是能量回馈的方式，因此试验场所不必配备较大的电源容量，降低了供电容量的成本。本实用新型解决了电子负载对能量大量浪费的问题，此系统具有负载连续可调，抗干扰性强，成本低，便于使用，可靠性高、节能高效等特点。
95. 202334253 一种直流高频开关电源模块结构
CN
11.07.2012
H02M 1/00 Loading...
H02M 1/00
Loading...
201120418221.2
哈尔滨九洲电气股份有限公司
郭心军
H02M 1/00
Loading...
本实用新型涉及电力电子和通信技术领域，具体涉及一种直流高频开关电源模块结构。本实用新型目的在于提供一种既体积小，效率高，又具有良好的散热性和电磁兼容性，满足用户需求。它包括面板、壳体下板和壳体上板，壳体下板和壳体上板用螺钉连接成壳体，在壳体内部装有PCB板，面板内装有导光柱和风扇，面板用松不脱螺钉与壳体连接。在面板的两侧设有2个风扇，为内部产生的热量进行通风散热，两侧的风扇口位置有JZ字样设计，具有独特的标识作用。该直流高频开关电源模块结构长230mm，宽115mm，高48mm，结构紧凑，重量轻、体积小、间隙小，能有效的减少电磁干扰。
96. 202333475 一种变流器电气柜体框架结构
CN
11.07.2012
H02B 1/26 Loading...
H02B 1/26
Loading...
201120420103.5
哈尔滨九洲电气股份有限公司
赵庆江
H02B 1/26
Loading...
本实用新型的目的是给光伏发电和风力发电企业提供一套安装方便、并柜灵活，结构紧凑、体积小，又具有良好的散热性和电磁兼容性的变流器柜体框架，使光伏发电和风力发电用的变流器柜体尺寸标准、规格统一，使发电机组运行经济、便于使用、便于维修管理。框架结构其外形尺寸宽800mm、高2200mm、深600mm。柜体框架是由柜顶盖板、风机罩、左立柱、右立柱、上横梁、下横梁、、上纵梁、下纵梁组成的。本实用新型结构紧凑合理、安装和并柜方便灵活、散热性好、应用范围广。
97. 202333584 直流抽屉柜
CN
11.07.2012
H02B 11/173 Loading...
H02B 11/173
Loading...
201120495336.1
哈尔滨九洲电气股份有限公司
黄雪
H02B 11/173
Loading...
直流抽屉柜，包括柜体、仪表门、监控单元、充电机开关单元、模块单元、交流互投单元、馈线单元、下门、侧母线室(9)和硅链单元，其特征在于：柜体的左侧从上到下安装有仪表门、监控单元、充电机开关单元、模块单元、交流互投单元、馈线单元和下门，侧母线室右侧通过铰链与柜体的右侧连接，侧母线室的左侧安装有门锁，硅链单元通过自攻钉把接于柜体内的顶部，监控单元、充电机开关单元和交流互投单元上分别安装有把手。本实用新型具有成本低，外形美观、安全可靠、维护方便的优点，功能单元之间、隔室之间的分隔清晰、可靠，不因某一单元的故障而影响其它单元工作，使故障局限在最小范围，是一种新型的直流柜。
98. 202334356 BH逆变拓扑结构
CN
11.07.2012
H02M 7/48 Loading...
H02M 7/48
Loading...
201120495324.9
哈尔滨九洲电气股份有限公司
管晓磊
H02M 7/48
Loading...
本实用新型涉及一种BH逆变拓扑结构，包括无电容BUCK部分、逆变H桥部分。无电容BUCK单元包括第一IGBT、电感线圈和二极管，逆变H桥单元包括第二IGBT、第三IGBT、第四IGBT和第五IGBT，第一IGBT的发射极分别与电感线圈的一端、二极管的负极连接，输入的直流电源的正极与第一IGBT的集电极连接，二极管的正极与输入的直流电源的负极连接，电感线圈的另外一端分别与第二IGBT的集电极、第五IGBT的集电极连接，第二IGBT的发射极分别与第三IGBT的集电极、电网的一端连接，第五IGBT的发射极分别与第四IGBT的集电极、电网的另外一端连接。本实用新型具有成本低，效率高，运行安全可靠的特点。
99. 202308781 一种馈线单元模块结构
CN
04.07.2012
H02B 1/00 Loading...
H02B 1/00
Loading...
201120420099.2
哈尔滨九洲电气股份有限公司
郭心军
H02B 1/00
Loading...
本实用新型目的在于提供一种馈线单元模块结构，实现馈线柜内馈线部分的单元化设计，降低生产成本，提高生产效率。馈线单元模块结构，包括馈线单元模块前面板、馈线单元模块壳体，该馈线单元模块前面板和馈线单元模块壳体分别安装到馈线柜体的框架上。馈线单元模块前面板安装有微断开关和显示装置。馈线单元模块壳体由左侧板、右侧板、底板、安装板、后上挡板、后下挡板、灯架及汇流排等组成，所有件用螺钉连接成为一个整体。本实用新型实现了馈线柜内馈线部分的单元化、模块化设计，降低了生产成本，极大地提高了生产效率。
100. 202309607 高压变频器电机参数识别装置
CN
04.07.2012
H02P 21/14 Loading...
H02P 21/14
Loading...
201120386221.9
哈尔滨九洲电气股份有限公司
山茂泉
H02P 21/14
Loading...
一种高压变频器电机参数识别装置，由信号发生单元、参数辨识单元、电流采集板和通信单元组成，信号发生单元分别与高压变频器、参数辨识单元电信号连接，通信单元分别与高压变频器、参数辨识单元电信号连接，参数辨识单元与电流采集板电信号连接，电流采集板与电机电信号连接。本实用新型具有如下优点：结构紧凑，信号发生简便，参数递推迅速，参数解算精确。
101. 202309530 基于CPLD的高压变频器的功率变换器控制装置
CN
04.07.2012
H02M 5/00 Loading...
H02M 5/00
Loading...
201120290450.0
哈尔滨九洲电气股份有限公司
顾春明
H02M 5/00
Loading...
本实用新型属于一种工业自动控制技术，针对功率单元级联的多电平型高压变频器，其功率部分应有其特殊的控制装置，能够保证长期稳定的安全运行，否则对于高压变频器的安全运行将造成影响。一种基于CPLD的高压变频器的功率变换器控制装置，是由CPLD控制单元、PWM驱动单元、LED显示单元、光纤通讯单元、故障检测单元、故障处理单元、电源单元组成，本装置除能够完成单个功率单元的控制外，还具备低压功能控制、额定电压空载控制、额定电压满载控制、额定电压过载控制、过电压及过电流功能控制等功能。极大的提高了功率单元的安全稳定运行，对功率单元故障点检测准确、故障发生时可及时对功率单元硬件进行保护等。
102. 202309564 一种光伏直流汇流装置
CN
04.07.2012
H02N 6/00 Loading...
H02N 6/00
Loading...
201120290460.4
哈尔滨九洲电气股份有限公司
王刚
H02N 6/00
Loading...
本实用新型属于太阳能发电技术领域，具体涉及一种光伏直流汇流装置，本装置是减少大型的光伏逆变设备中逆变器与光伏组件之间的线缆连线，方便对各路光伏组件维护，提高整个光伏系统的可靠性。本实用新型是由过流保护单元、电流检测单元、防止逆流单元、直流防雷单元、电压检测单元、直流开关元件和主控制器组成，它能将各路光伏电池组串联阵列直流电流接入汇流装置进行汇流，并通过智能化测控模块进行测量和故障分析定位，最后通过防雷器与断路器后输出与逆变器接入，并通过主控制器将信号分析整理后送出与外部进行通讯。
103. 202309554 一种光伏并网变换器
CN
04.07.2012
H02M 7/48 Loading...
H02M 7/48
Loading...
201120438180.3
哈尔滨九洲电气股份有限公司
郑文英
H02M 7/48
Loading...
一种光伏并网变换器，它是由直流母线滤波电容、三组IGBT桥臂、续流二极管、LC型滤波电路组成的，太阳能电池板的直流电压通过直流母线滤波电容滤波后得到稳定的母线电压Vdc，然后通过由三组IGBT桥臂组成的三相全桥变换器将直流母线电压转换为三相交流电，续流二极管起到对IGBT过压保护作用，三相交流电通过由三相电感和交流滤波电容组成的LC型滤波电路进行滤波，滤波后的交流电通过变压器送入电网。本装置具有响应速度快、控制精度高、安全可靠、抗干扰能力强等特点。
104. 202285334 SVG无功补偿发生器PWM信号产生装置
CN
27.06.2012
H02J 3/18 Loading...
H02J 3/18
Loading...
201120440792.6
哈尔滨九洲电气股份有限公司
陈晨
H02J 3/18
Loading...
为了弥补传统DSP数字信号处理器自身的PWM信号输出引脚数量的不足，本实用新型专利提供了一种SVG无功补偿发生器设备上采用的PWM信号产生装置，该装置采用DSP数字信号处理器，FPGA及CPLD等可编程逻辑器件，与12个H桥IGBT功率模块及多路隔离变压器一起构成硬件平台，并结合相关的移相处理算法生成可控的多重化PWM波信号，使输出的PWM调制波经过12绕组转三相绕组的隔离变压器回馈给配电网并最终对负载产生的无功量进行补偿。该装置具有相对控制简单、大部分开关谐波可相互抵消，工作可靠性高，通用性和可扩展性都较好等特点。
105. 202282752 基于速度闭环技术的带式输送机的电机软启动控制器
CN
20.06.2012
H02P 1/16 Loading...
H02P 1/16
Loading...
201120386227.6
哈尔滨九洲电气股份有限公司
刘志强
H02P 1/16
Loading...
一种基于速度闭环技术的带式输送机的电机软启动控制器，由电压采集单元、电流采集单元、同步信号检测单元、转速反馈单元、DSP控制单元和通信单元组成，DSP控制单元分别与电压采集单元、电流采集单元、同步信号检测单元、转速反馈单元、通信单元电信号连接。本实用新型实现了电机的平稳起动，在多电机系统中能够使电机的转速相同，延长了电机、皮带的使用寿命。
106. 202282616 一种SVG静止无功补偿发生器的控制电路
CN
20.06.2012
H02J 3/18 Loading...
H02J 3/18
Loading...
201120421419.6
哈尔滨九洲电气股份有限公司
何建华
H02J 3/18
Loading...
本实用新型涉及电力系统交流配电输电技术领域，具体的是一种SVG静止无功补偿发生器的控制电路。本实用新型是通过DSP数字信号处理器采集、处理网侧电压、电流和负载电流信号，经过算法得出FPGA现场可编程门阵列所需要的三相调制波并传给FPGA现场可编程门阵列，FPGA现场可编程门阵列接受数据并在其内部实现单极倍频载波移相技术后实现多路PWM控制信号的输出，使用电源模块为控制电路供电。由于本实用新型取消了昂贵、笨重多重化变压器，使得控制器设计更为方便，成本下降，便于批量化生产。
107. 102412593 光伏发电变流器的并网发电控制方法
CN
11.04.2012
H02J 3/38 Loading...
H02J 3/38
Loading...
201110341180.6
哈尔滨九洲电气股份有限公司
周家琪
H02J 3/38
Loading...
本发明提供一种光伏发电变流器的并网发电控制方法。它包括电网电压软件锁相、电压外环建立、电流控制和电网电压定向矢量控制，电网电压软件锁相采用软件三相锁相环的方法，锁相环由鉴相器、环路滤波器和振荡器构成，电网电压定向矢量控制采用双闭环级联式控制结构：电压外环、电流内环，电压环控制直流母线电压；电流环对交流侧输入电流进行控制。本发明可以做到定向准确，控制直流母线电压稳定，实现最大功率点跟踪控制。针对电流环进行无差拍控制设计，电流环根据电压环给出的电流指令对交流侧输入电流进行控制，并实现单位功率因数运行。采用前馈解耦控制方法，能实现稳定的并网运行。
108. 202189107 基于LabVIEW的高压变频故障检测装置
CN
11.04.2012
G01R 31/00 Loading...
G01R 31/00
Loading...
201120293597.5
哈尔滨九洲电气股份有限公司
杨国伟
G01R 31/00
Loading...
基于LabVIEW的高压变频故障检测装置，属于工业自动控制技术领域。由前面板显示单元、通讯单元和故障触发电路组成，故障触发电路分别电信号连接前面板显示单元、通讯单元。本装置可以减少测试环节并增大产品检测准确率。本实用新型具有性能可靠，价格低廉，运行稳定的特点。
109. 102386796 BH逆变拓扑结构
CN
21.03.2012
H02M 7/48 Loading...
H02M 7/48
Loading...
201110394977.2
哈尔滨九洲电气股份有限公司
管晓磊
H02M 7/48
Loading...
本发明涉及一种BH逆变拓扑结构，包括无电容BUCK部分、逆变H桥部分。无电容BUCK单元包括第一IGBT、电感线圈和二极管，逆变H桥单元包括第二IGBT、第三IGBT、第四IGBT和第五IGBT，第一IGBT的发射极分别与电感线圈的一端、二极管的负极连接，输入的直流电源的正极与第一IGBT的集电极连接，二极管的正极与输入的直流电源的负极连接，电感线圈的另外一端分别与第二IGBT的集电极、第五IGBT的集电极连接，第二IGBT的发射极分别与第三IGBT的集电极、电网的一端连接，第五IGBT的发射极分别与第四IGBT的集电极、电网的另外一端连接。本发明具有成本低，效率高，运行安全可靠的特点。
110. 202171639 检测高压可控硅触发导通延时时间的测试装置
CN
21.03.2012
G01R 31/26 Loading...
G01R 31/26
Loading...
201120290477.X
哈尔滨九洲电气股份有限公司
李超
G01R 31/26
Loading...
本实用新型专利公开的是用于检测高压可控硅触发导通延时时间的测试装置，采用此装置，可以检测出高压可控硅在门极施加触发信号的时候可控硅的导通延时时间，从而了解可控硅的导通特性，以及触发脉冲的给定是否能够使可控硅在正常的时间内导通。本装置是由可控硅门极触发信号导通电路、可控硅门极触发信号接收电路、可控硅导通信号发送电路、可控硅导通信号接收电路组成，可控硅门极触发信号导通电路和可控硅导通信号发送电路分别通过光纤将信号传给门极触发信号接收电路和可控硅导通信号接收电路，然后通过示波器，就可以观察到门极触发信号以及导通信号的波形。本装置结构简单，性能可靠，可以广泛用于高压可控硅应用企业和试验检测单位。
111. 202171642 高压变频器监控系统测试装置
CN
21.03.2012
G01R 35/00 Loading...
G01R 35/00
Loading...
201120290512.8
哈尔滨九洲电气股份有限公司
于志亮
G01R 35/00
Loading...
本实用新型提供一种高压变频器监控系统测试装置，目的在于解决高压变频器监控系统在生产过程中质量控制不严格造成的质量问题，以及因器件质量问题导致的高压变频器监控系统功能失常的情况发生时而使用的测试装置，为高压变频器系统测试做好准备。此装置是由显示控制单元、单片机控制单元、FPGA控制单元、光纤通讯单元和电源单元组成，本实用新型具有如下优点：体积小巧、性能稳定、操作方便灵活、人机界面友好。此装置能够完成对高压变频器监控系统的测试、故障码发送、开关信号发送、PWM脉冲解码等功能，极大的提高了对高压变频器监控系统的故障点检测准确性，提高了调试人员对故障点判断和处理的速度。
112. 202159103 基于DSP与FPGA的高压变频器功率单元测试装置
CN
07.03.2012
G01R 31/00 Loading...
G01R 31/00
Loading...
201120219061.9
哈尔滨九洲电气股份有限公司
于志亮
G01R 31/00
Loading...
基于DSP与FPGA的高压变频器功率单元测试装置，由DSP控制单元、FPGA控制单元、LCD显示单元、键盘输入单元、电源单元和光纤通讯单元组成，DSP控制单元分别与LCD显示单元、键盘输入单元连接，DPS控制单元与FPGA控制单元连接，光纤通讯单元与FPGA控制单元连接，电源单元分别与DPS控制单元、FPGA控制单元连接。本实用新型具有如下优点：体积小巧、操作方便灵活、人机界面友好；能够完成单个功率单元的测试：低压功能测试、额定电压空载测试、额定电压满载测试、额定电压过载测试及过压功能测试，极大的提高了工作人员调试速度；对功率单元故障点检测准确、故障发生时可及时对功率单元硬件进行保护。
113. 202153785 低温型风电变流器PCB板的加热装置
CN
29.02.2012
H05B 1/00 Loading...
H05B 1/00
Loading...
201120290484.X
哈尔滨九洲电气股份有限公司
周维来
H05B 1/00
Loading...
本实用新型涉及一种低温型风电变流器PCB板的加热装置，本装置是一种能对用于低温环境下的变流器PCB板瞬时加热到工作温度的装置。它是由温度信号检测和信号传输单元、二次回路控制单元、加热装置组成的。此装置主要是采用二次回路控制，能够实时采集环境的温度，当温度低于设定值时，能自动启动加热装置，给风电变流器的PCB板加热，从而保证变流器在低温环境下的正常工作。本实用新型解决了风电变流器在低温环境下难以正常运行的普遍问题，使风力发电系统可靠性提高，性能稳定，运行安全。
114. 202013367 一种用于在线式蓄电池内阻检测装置的恒流源单元
CN
19.10.2011
G01R 1/28 Loading...
G01R 1/28
Loading...
201020541423.1
哈尔滨九洲电气股份有限公司
任立明
G01R 1/28
Loading...
一种用于在线式蓄电池内阻检测装置的恒流源单元，本实用新型应用于蓄电池在线内阻检测装置中，包括RC振荡电路、隔离滤波电路、V-I转换电路、反馈滤波电路和电容，RC振荡电路与隔离滤波电路连接，隔离滤波电路与V-I转换电路连接，V-I转换电路与电容连接，V-I转换电路和反馈滤波电路并联。本实用新型具有信号稳定、电路成本低廉、设计简单的优点，为准确的在线测量蓄电池内阻提供了有力的保证。
115. 201985527 高压无功补偿装置用的晶闸管触发脉冲展宽电路
CN
21.09.2011
H02J 3/18 Loading...
H02J 3/18
Loading...
201020531843.1
哈尔滨九洲电气股份有限公司
王国强
H02J 3/18
Loading...
本实用新型的目的在于提供一种高压无功补偿装置用的晶闸管触发脉冲展宽电路，该电路是由触发脉冲形成电路、触发脉冲展宽电路、电光转换电路、晶闸管阀组组成，其特征在于高压无功补偿装置将采集到的无功功率信号传送到触发脉冲形成电路中生成相应的触发脉冲信号，触发脉冲形成电路将信号再传给触发脉冲展宽电路对触发脉冲加以展宽，然后送往电光转换电路进行光电隔离，再送入到晶闸管阀组的驱动单元，完成对晶闸管阀组的触发任务。该电路是解决晶闸管阀组不能被有效触发的问题而设计的，展宽电路结构简单、调试方便、特别适用于对窄脉冲信号进行展宽。
116. 201928225 双馈风电变流器网侧变换器
CN
10.08.2011
H02P 9/10 Loading...
H02P 9/10
Loading...
201020504797.6
哈尔滨九洲电气股份有限公司
孙业福
H02P 9/10
Loading...
一种双馈风电变流器网侧变换器，属于风力发电技术领域，本实用新型包括：电抗单元、IGBT模块、直流母线电容和控制单元，电抗单元与IGBT模块连接，IGBT模块分别与直流母线电容、控制单元连接。控制单元包括霍尔传感器、采样信号调理电路、DSP电路、硬件过压检测电路、电源故障监测电路、CPLD电路和隔离电路，霍尔传感器连接采样信号调理电路，CPLD电路连接隔离电路，DSP电路分别与采样信号调理电路、硬件过压检测电路、电源故障监测电路、CPLD电路连接。本实用新型可以为机侧变换器提供稳恒直流母线电压、有效防止了因电源故障造成的IGBT过流、过压等严重后果。
117. 201893737 可控硅阀组整体结构
CN
06.07.2011
H02P 1/26 Loading...
H02P 1/26
Loading...
201020618820.4
哈尔滨九洲电气股份有限公司
郭心军
H02P 1/26
Loading...
一种可控硅阀组整体结构包括上盖板、下盖板、左侧板、右侧板、铜排、五组可控硅组件、五套可控硅驱动盒组件、驱动盒安装板、4根环氧树脂拉挤棒、2个安装支架和两套卡槽导轨，两套卡槽导轨通过M5尼龙螺栓分别与上、下盖板连接，左、右侧板通过4根环氧树脂拉挤棒和M16宽螺母将上、下盖板挤压固定并形成盒式结构，五组可控硅组件通过卡槽导轨滑动连接于盒式结构内，五组可控硅组件通过M8螺栓和铜排固定连接；五套可控硅驱动盒组件用M6螺钉与驱动盒安装板连接；驱动盒安装板通过M8螺钉分别与左侧板、右侧板连接，2个安装支架分别用M8螺栓与左侧板、右侧板连接。本实用新型体积小，性能安全可靠，安装拆卸方便。
118. 201894008 一种直流电源模块结构
CN
06.07.2011
H05K 5/00 Loading...
H05K 5/00
Loading...
201020623605.3
哈尔滨九洲电气股份有限公司
郭心军
H05K 5/00
Loading...
本实用新型提供一种直流电源模块，由面板、拉手、通风铁网、导光柱、壳体下板、壳体上盖、PCB板和后板组成；拉手、通风铁网、导光柱分别与面板连接；壳体下板和壳体上盖通过M3螺钉连接，面板和壳体下板通过导轨连接，后板M3螺钉安装在壳体下板上，PCB板压通过铆螺柱与壳体下板和壳体上盖连接。本实用新型结构紧凑，间隙小，有效减少电磁干扰。体积小，效率高，又具有良好的散热性和电磁兼容性。
119. 201886324 嵌入式手持监测控制器
CN
29.06.2011
G05B 19/048 Loading...
G05B 19/048
Loading...
201020142709.2
哈尔滨九洲电气股份有限公司
陈晨
G05B 19/048
Loading...
一种嵌入式手持监测控制器，包括主电路功能部分，控制器前盖，控制器后盖，LCD液晶屏罩，RJ45通用网线接口，LCD片上型液晶显示屏和薄膜式矩阵键盘，LCD液晶屏罩和薄膜式矩阵键盘安装于控制器前盖上，LCD片上型液晶显示屏和主电路功能部分安装于控制器内部，LCD片上型液晶显示屏和薄膜式矩阵键盘分别与主电路功能部分电信号连接，LCD片上型液晶显示屏和薄膜式矩阵键盘组成人机界面部分，RJ45通用网线接口安装于控制器后盖上，RJ45通用网线接口与主电路功能部分电信号连接。本控制器外观小巧、操作灵活，具有良好的人机操作界面，采用RS232/RS485通用串行通讯接口，便于实现多种不同类型电气设备的监控操作。
120. 102072171 Controller of water pump soft startup device
CN
25.05.2011
F04D 15/00 Loading...
F04D 15/00
Loading...
200910246447.6
Harbin Jiuzhou Electric Co., Ltd.
Li Chao
F04D 15/00
Loading...
The invention discloses a controller of a water pump soft startup device which comprises a voltage sampling unit, a current sampling unit, a synchronous signal detecting unit, a DSP (Digital Signal Processing) control unit, a trigger impulse unit and a communication unit, the voltage sampling unit and the DSP control unit are connected; the current sampling unit and the DSP control unit are connected; the synchronous signal detecting unit and the DSP control unit are connected; the trigger impulse unit and the DSP control unit are connected; and the communication unit and the DSP control unit are connected. A main circuit structure of the traditional thyristor soft startup is taken as a foundation, a trigger angle is adjusted through torsion closed loop control, the electromagnetic torque of a motor is controlled according to a characteristic curve of a water pump system, so that the electromagnetic torque which controls the start-stop of the motor is matched with the characteristic curve of the water pump system, the water pump can start and stop smoothly, and the occurrence of the water hammer phenomenon is avoided.
121. 201839066 基于单片机控制的直流系统中交流供电自动切换装置
CN
18.05.2011
H02J 9/06 Loading...
H02J 9/06
Loading...
201020259223.7
哈尔滨九洲电气股份有限公司
张乙
H02J 9/06
Loading...
本实用新型涉及一种基于单片机控制的直流系统中交流供电自动切换装置，它包括单片机核心处理部分、采集部分、控制部分、交流接触器，通过采集部分，把交流电压电流信号从模拟量转变为数字量，传递给单片机核心处理部分，再通过单片机计算处理，把控制信号传递给控制部分，通过控制部分控制交流接触器，实现交流自动切换。此装置能够实时采集两路交流电电压电流，判断是否有缺项、过压、过流、失电等现象，如果出现上述现象则及时切换系统的交流供电电路。本实用新型解决了运行中的直流系统交流供电异常不能自动切换到备用电源的问题。此装置具有隔离效果好，保护性能高，运行安全可靠等特点。
122. 201839275 高压无功补偿装置用的A/D转换电路
CN
18.05.2011
H03M 1/38 Loading...
H03M 1/38
Loading...
201020531144.7
哈尔滨九洲电气股份有限公司
王国强
H03M 1/38
Loading...
本实用新型的目的在于提供一种高压无功补偿装置用的A/D转换电路，此电路包括电压、电流互感器、信号放大电路、A/D转换芯片、译码电路、微处理器组成，其特征在于电压、电流互感器将采集的信号转换送入到信号放大电路处理，信号放大电路再将信号送入A/D转换芯片进行模/数转换，待模/数转换结束后将信号送到微处理器，微处理器电路通过对不同的I/O口操作，完成对译码电路的控制信号输入和输出，最终实现数据采集、转换和读取的目的。此装置能以最快的转换时间和较高的转换精度来实现对数据的采集处理，能节约制造成本、提高工作效率。
123. 201839186 一种兆瓦级双馈型风力发电变流器的功率单元
CN
18.05.2011
H02M 1/00 Loading...
H02M 1/00
Loading...
201020505386.9
哈尔滨九洲电气股份有限公司
刘宗凡
H02M 1/00
Loading...
本实用新型涉及的是一种兆瓦级双馈型风力发电变流器的功率单元，它是由前通风板、侧板、后板组成的抽屉式盒体，其特征是在所述的抽屉式盒体内装有功能器件和电容阵列，下方装有丝杠锁紧系统，盒体的两侧板外装有导轨，后板外装有一次接插件，本设计能将功率单元与风力发电变流器柜体牢固的连接和固定，而且能方便准确地进行安装和拆卸，并且需要连接的各部分是通过铜带进行连接。本设计能够针对某一功率单元实现快速的维修和更换，组装简单、配置十分灵活，能合理的减小体积，满足风电变流器柜体的尺寸要求。
124. 201788246 一种计算电网电压消失时间和周期的采集装置
CN
06.04.2011
G01R 31/02 Loading...
G01R 31/02
Loading...
201020297029.8
哈尔滨九洲电气股份有限公司
杨国伟
G01R 31/02
Loading...
一种计算电网电压消失时间和周期的采集装置，它是由电压降压电路部分、绝对值电路部分、电压跟随比较电路部分以及电平转换驱动电路部分组成的，当6KV/10KV电网电压正常时，电压降压电路对母线电压进行降压到15V，通过绝对值电路部分把负的电压变成正电压，经过电压跟随比较电路部分输出稳定的15V高电平，再经过电平转换驱动电路部分驱动为24V电压，送PLC进行计算。若电网电压有电则PLC输入为高电平，当电网电压失电时，PLC输入为低电平，此时开始计算低电平的时间，这个时间就是电网失电的时间，从而可以计算电网电压失电的周期。本实用新型具有性能可靠，价格低廉，运行稳定，采集误差小等特点。
125. 201789420 高压变频器用的双管反激高压DC/DC变换器
CN
06.04.2011
H02M 3/28 Loading...
H02M 3/28
Loading...
201020531122.0
哈尔滨九洲电气股份有限公司
董晓伟
H02M 3/28
Loading...
本实用新型涉及的是电压变换技术领域，具体涉及一种能把输入直流高压变换成输出多路低电压的高压变频器用的双管反激高压DC/DC变换器。本实用新型的主要工作原理是高压直流输入到开关管与变压器后，经过降压整流稳压后输出多路低压直流电，TL3844控制电路从+5V输出取样作为电压采样反馈对电路进行控制，辅助电源+15V输出作为TL3844控制电路的电源。此变频器用的双管反激高压DC/DC变换器既可以解决高压变频器的功率单元的电源板从母线电压直接供电的问题而且也减少电路的体积又可降低加工制造的成本。
126. 201789303 高压无功补偿装置用的晶闸管触发脉冲形成电路
CN
06.04.2011
H02J 3/18 Loading...
H02J 3/18
Loading...
201020531888.9
哈尔滨九洲电气股份有限公司
王国强
H02J 3/18
Loading...
本实用新型的目的在于提供一种高压无功补偿装置用的晶闸管触发脉冲形成电路，该电路包括DSP处理器、触发脉冲形成电路、光电隔离电路、晶闸管阀组部分组成，其特征在于高压无功补偿装置将采集得到系统数据传给DSP处理器，由DSP处理器对测量数据进行分析、计算，得到系统所需无功功率信号传给触发脉冲形成电路，由触发脉冲形成电路生成相对应的触发脉冲信号，以控制晶闸管的导通角度，然后送往光电隔离电路，进行光电隔离转换后，再送入到晶闸管阀组的驱动单元，完成对晶闸管阀组的触发任务。该电路可以快速、准确地产生晶闸管所需的触发脉冲信号，同时还具有电路简单、性能可靠等特点。
127. 201789297 高压无功补偿装置中的开关量输出单元
CN
06.04.2011
H02J 3/18 Loading...
H02J 3/18
Loading...
201020230710.0
哈尔滨九洲电气股份有限公司
王国强
H02J 3/18
Loading...
本实用新型公开了一种高压无功补偿装置中的开关量输出单元，该单元包括了CPU单片机电路、锁存电路、驱动电路、输出继电器，CPU单片机电路通过数据总线、控制线与锁存电路数据输入端相连接，锁存电路数据输出端与驱动电路数据输入端相连接，驱动电路数据输出端与输出继电器相连接。本实用新型向外提供8路无源触点，CPU单片机电路与输出继电器之间设置了控制锁存功能，不会出现因干扰产生触点误动作，同时还具有响应速度较快、硬件电路简单、体积小、寿命长、运行安全可靠等特点。
128. 201774494 基于DSP与FPGA的高压变频器中性点偏移技术的控制装置
CN
23.03.2011
H02P 27/04 Loading...
H02P 27/04
Loading...
201020002074.6
哈尔滨九洲电气股份有限公司
顾春明
H02P 27/04
Loading...
本实用新型提供一种基于DSP与FPGA的高压变频器中性点偏移技术的控制装置。本实用新型属于自动控制技术，具体就是采用功率单元串联叠加多电平、VVVF控制方式的高压变频器，功率单元出现故障时能够通过中性点偏移技术实现高压变频器正常工作。它包括四部分：DSP数字信号处理、FPGA编码控制及PWM生成、CPLD逻辑控制及单片机通讯。DSP数字信号处理通过总线分别连接FPGA编码控制及PWM生成和CPLD逻辑控制，FPGA编码控制及PWM生成通过总线连接单片机通讯。DSP数字信号处理部分和FPGA编码控制及PWM生成部分分别连接供电电源。本装置具有性能可靠、价格低廉等特点。
129. 201773300 直流电源系统中的集中监控装置
CN
23.03.2011
G05B 19/048 Loading...
G05B 19/048
Loading...
201020259188.9
哈尔滨九洲电气股份有限公司
赵书强
G05B 19/048
Loading...
一种直流电源系统中的集中监控装置它是由四部分构成：ARM处理机核心部分、供电电源网络部分、按键接口与液晶显示部分、通讯部分，ARM处理机核心部分分别与按键接口与液晶显示部分、通讯部分电信号连接并传送数据流，供电电源网络部分分别为ARM处理机核心部分、按键接口与液晶显示部分、通讯部分提供电源。此装置可以实现实时采集各种单元、模块上传的数据信息并显示，数据采集是通过RS485通讯方式进行互联，集中监控装置将统一的信息，通过RS232和RS485可选的通讯方式，和多种不同的规约格式上传给综合自动化监控装置，实现数据远传。此装置是模块化结构、组屏简单、配置十分灵活。
130. 201771675 双馈风电变流器CANopen通讯单元
CN
23.03.2011
F03D 7/00 Loading...
F03D 7/00
Loading...
201020504893.0
哈尔滨九洲电气股份有限公司
佟勇
F03D 7/00
Loading...
双馈风电变流器CANopen通讯单元，涉及一种双馈风电变流器通讯单元。包括CANopen从站协议转换电路、RS-232串口驱动电路和CAN通信驱动电路，CAN通信驱动电路与CANopen从站协议转换电路连接，CANopen从站协议转换电路与RS-232串口驱动电路连接。本实用新型能够实现变流器内部主控制器到风力发电机组主控制器的快速数据交互，从而保证发电机主控器与变流器的通讯的快速，精确和稳定。
131. 201774451 双馈风电变流器直流卸荷电路
CN
23.03.2011
H02M 1/32 Loading...
H02M 1/32
Loading...
201020504776.4
哈尔滨九洲电气股份有限公司
刘嘉
H02M 1/32
Loading...
本实用新型涉及一种双馈风电变流器直流卸荷电路，具体涉及一种能对直流母线多余能量进行卸放，以保护直流侧支撑电容和功率元器件的电路。包括IGBT功率开关和功率电阻，IGBT功率开关和功率电阻串联后并联在直流母线上。当主控制器检测到直流母线电压过高时及时导通IGBT功率开关，而电压正常时断开，使功率电阻能够及时地吸收多余的能量。本实用新型具有保护性能高，运行安全可靠的特点。
132. 201774476 双馈风电变流器机侧变换器
CN
23.03.2011
H02M 7/5387 Loading...
H02M 7/5387
Loading...
201020504848.5
哈尔滨九洲电气股份有限公司
孙业福
H02M 7/5387
Loading...
一种双馈风电变流器机侧变换器，涉及风力发电技术领域，包括：IPM单元、采样信号调理电路、光电隔离电路、霍尔传感器和DSP电路，IPM单元连接霍尔传感器，霍尔传感器连接采样信号调理电路，采样信号调理电路连接DSP电路，DSP电路连接光纤驱动电路，光电隔离电路连接IPM单元。本实用新型实现了控制双馈电机的高性能变速恒频运行，变换电路与控制电路独立设计，完全隔离，并具有绝缘等级高，操作安全的优点。
133. 201774272 双馈风电变流器PWM控制器
CN
23.03.2011
H02J 3/38 Loading...
H02J 3/38
Loading...
201020504867.8
哈尔滨九洲电气股份有限公司
裴景斌
H02J 3/38
Loading...
一种双馈风电变流器PWM控制器，包括模拟信号调理单元、DSP单元、CPLD接口单元、光纤接口单元、系统供电及电源检测单元、直流母线过压检测单元和CANBUS接口单元，模拟信号调理单元与DSP单元电信号连接，DSP单元分别与CANBUS接口单元、CPLD接口单元电信号连接，CPLD接口单元与直流母线过压检测单元电信号连接，CPLD接口单元与光纤接口单元电信号连接，系统供电及电源检测单元为本控制器供电。本实用新型采用电网电压定向的空间矢量PWM控制，实现电网侧变流器的四象限运行，采用前馈控制解耦策略，实现有功无功分别控制；通过转子侧变流器实现并网前双馈电机定子电子电压和电网电压同步和并网后发电机的发电功率控制。
134. 201774474 单级串联谐振型Buck-Boost逆变器
CN
23.03.2011
H02M 7/537 Loading...
H02M 7/537
Loading...
201020505362.3
哈尔滨九洲电气股份有限公司
张德海
H02M 7/537
Loading...
一种单级串联谐振型Buck-Boost逆变器，由第一到第五功率开关、第一到第二功率二极管、谐振电容、第一到第二谐振电感、负载电阻和滤波电感组成，第一功率开关连接第一谐振电感，第一谐振电感连接第二功率开关，第二功率开关连接第一功率二极管，第三功率开关连接第二谐振电感，第二谐振电感连接第四功率开关，第四功率开关连接第二功率二极管，滤波电感与负载电阻串联连接组成阻抗单元，阻抗单元与谐振电容并联连接，滤波电感与负载电阻串联连接组成阻抗单元，阻抗单元与谐振电容并联连接。本实用新型具有结构简单紧凑、无需直流分裂电容、开关频率低的优点，并且适用于AC模块，降低了开关损耗，提高了逆变效率。
135. 201774447 风力发电变流器用的电流电压采样信号调理板
CN
23.03.2011
H02M 1/00 Loading...
H02M 1/00
Loading...
201020505398.1
哈尔滨九洲电气股份有限公司
张哲
H02M 1/00
Loading...
本实用新型设计的是一种风力发电用的电流电压采样信号调理板，本调理板的组成是采样传感器输出端匹配的电阻R，第一级运放U1和第二级运放U2。本实用新型的主要工作原理是将传感器采集的交流电压信号、交流电流信号经过匹配电阻后传给第一级运放电路和第二级运放电路进行调理，输出TMS320F2812型DSP芯片ADC通道可接受的电压值；将传感器采集的直流母线电压信号经过匹配电阻后传给第一级运放电路进行调理，输出TMS320F2812型DSP芯片ADC通道可接受的电压值。本设计具有电路简单，成本低廉，采样调理精度高等特点。
136. 201774273 一种双PWM矢量控制双馈风电变流器
CN
23.03.2011
H02J 3/38 Loading...
H02J 3/38
Loading...
201020505364.2
哈尔滨九洲电气股份有限公司
裴景斌
H02J 3/38
Loading...
一种双PWM矢量控制双馈风电变流器，包括IGBT功率单元、变流器的控制单元、变流器的供电及配电单元、网侧滤波器单元、并网断路器单元、网侧进线接触器、加热和冷却单元、预充电支路和crowbar单元，crowbar单元和IGBT功率单元连接，网侧滤波器单元和IGBT功率单元连接，预充电支路和网侧滤波器单元连接，网侧进线接触器和网侧滤波器单元连接，并网断路器单元分别和预充电支路、网侧进线接触器连接，变流器的控制单元和IGBT功率单元连接，变流器的供电及配电单元和变流器的控制单元连接。本实用新型采用DSP作为核心控制芯片，提高了功率变换的实时性和快速性，并可以实现四象限运行和有功无功解耦控制，可以根据电网需求进行无功补偿。
137. 201774284 一种蓄电池恒流放电控制装置
CN
23.03.2011
H02J 7/00 Loading...
H02J 7/00
Loading...
201020296579.8
哈尔滨九洲电气股份有限公司
李淼
H02J 7/00
Loading...
一种蓄电池恒流放电控制装置它采用正温度系数PTC系数的电阻作为放电负载，能够实时检测回路中的放电电流，蓄电池组两端的电压，并且通过调节风扇转速以及对电阻进行斩波控制对放电电流进行调节，监测蓄电池组放电的放电时间，并且根据需要来确定终止放电的条件等，并且将电流量、电压量、放电时间等参数实时的在前台进行显示。本实用新型解决了蓄电池维护过程中恒流放电精度和抗干扰的问题，此系统具有放电电流连续可调、稳流精度高、抗干扰性强、成本低、便于使用和维护、可靠性高等特点。
138. 201774446 高压变频器操作面板装置
CN
23.03.2011
H02M 1/00 Loading...
H02M 1/00
Loading...
201020504912.X
哈尔滨九洲电气股份有限公司
山茂泉
H02M 1/00
Loading...
一种高压变频器操作面板装置，具体涉及一种高压变频器操作面板装置，包括LCD显示单元、中央数据处理单元、数据输入单元和通信端口，LCD显示单元与中央数据处理单元电信号连接，数据输入单元和中央数据处理单元电信号连接，中央数据处理单元与通信端口电信号连接，通信端口与高压变频器电信号连接。本实用新型具有能够实时采集高压变频器的状态信息和故障信息、操作界面简洁明了、装置运行稳定性高和维护简单的优点。
139. 201774445 一种双馈风电变流器整机结构
CN
23.03.2011
H02M 1/00 Loading...
H02M 1/00
Loading...
201020504814.6
哈尔滨九洲电气股份有限公司
赵庆江
H02M 1/00
Loading...
一种双馈风电变流器整机结构，包括控制柜、整流柜、电抗器柜、并网柜、柜顶吊装梁、四个线槽和四个线槽盖板，每个柜由两个侧板、底板、压条、大底、吊装压件和上盖板组成，压条压在两个侧板的下折边上，侧板的折边落在底板上，底板铺在大底上，用M12螺旋分别将压条、两个侧板的下折边、底板、大底相连接；吊装压件和上盖板把两个侧板的上折边夹在中间，用M10螺栓分别连接吊装压件、上盖板、两个侧板的上折边，每个柜通过M16螺栓穿过吊装压件、上盖板、每个侧板的上折边连接在柜顶吊装梁上，四个线槽分别位于每个柜的顶部分别与每个柜的侧板连接，每个线槽上面有线槽盖板。本实用新型体积小，又具有良好的散热性和电磁兼容性。
140. 101969204 Vector control-based static volt-ampere reactive compensation (SVC) method and device
CN
09.02.2011
H02J 3/18 Loading...
H02J 3/18
Loading...
201010511062.0
Harbin Jiuzhou Electric Co., Ltd.
Wang Guoqiang
H02J 3/18
Loading...
The invention provides a vector control-based static volt-ampere reactive compensation (SVC) method and a vector control-based SVC device. A thyristor valve bank phase-controlled reactor unit and an FC filter unit are in parallel connection with high voltage buses respectively; the thyristor valve bank phase-controlled reactor unit comprises a thyristor valve bank and a phase-controlled reactor; the thyristor valve bank consists of a pair of antiparallel thyristors; and a digital signal processing (DSP) full-digital control system is connected with the thyristor bank. In the method, the system parameters of an access point are detected in real time; the detected system parameters are transformed into the parameters in an alpha/beta coordinate system through alpha/beta transformation; the parameters in the alpha/beta coordinate system are transformed into the parameters in a rotating coordinate system through d/q transformation; and according to an instantaneous reactive power theory, an instantaneous admittance value of each phase is calculated and the inductive reactive power of each phase is adjusted respectively. The method and the device meet the requirements on the adaptability and accuracy of the conventional electric power system harmonic detection and reactive compensation, improve SVC electrical susceptance calculation accuracy, and have high dynamic performance, robustness and response speed.
141. 101963130 Controller area network (CAN) open communication unit for double-feed wind power converter
CN
02.02.2011
F03D 7/00 Loading...
F03D 7/00
Loading...
201010262920.2
Harbin Jiuzhou Electric Co., Ltd.
Tong Yong
F03D 7/00
Loading...
The invention discloses a controller area network (CAN) open communication unit for a double-feed wind power converter and relates to a communication unit for the double-feed wind power converter. The unit comprises a CAN open slave station protocol conversion circuit, an RS-232 serial drive circuit and a CAN communication drive circuit, wherein the CAN communication drive circuit is connected with the CAN open slave station protocol conversion circuit; and the CAN open slave station protocol conversion circuit is connected with the RS-232 serial drive circuit. The unit can realize rapid data interaction between an internal main controller of the converter and a main controller of a wind generating set so as to ensure rapid, accurate and stable communication between a power generator main controller and the converter.
142. 101951167 PWM controller of doubly-fed wind power converter
CN
19.01.2011
H02M 5/458 Loading...
H02M 5/458
Loading...
201010262930.6
Harbin Jiuzhou Electric Co., Ltd.
Pei Jingbin
H02M 5/458
Loading...
A PWM controller of a doubly-fed wind power converter comprises an analog signal conditioning unit, a DSP unit, a CPLD interface unit, an optical fiber interface unit, a system power supply and power source detection unit, a direct-current bus overvoltage detection unit and a CANBUS interface unit, wherein the analog signal conditioning unit is connected with the DSP unit by an electric signal; the DSP unit is connected with the CANBUS interface unit and the CPLD interface unit respectively by electric signals; the CPLD interface unit is connected with the direct-current bus overvoltage detection unit and the optical fiber interface unit by electric signals; and the system power supply and power source detection unit supplies power to the controller. The controller adopts grid voltage orientation based space vector PWM control to realize four-quadrant operation of the grid side converter, adopts the feedforward control decoupling strategy to realize respective active and reactive control and realizes synchronization of stator/rotor voltage of the doubly-fed motor with the grid voltage before grid connection and generated power control of the generator after grid connection via the rotor side converter.
143. 101950975 Control method of double-fed wind power converter
CN
19.01.2011
H02J 3/38 Loading...
H02J 3/38
Loading...
201010262910.9
Harbin Jiuzhou Electric Co., Ltd.
He Xiucheng
H02J 3/38
Loading...
The invention discloses a control method of a double-fed wind power converter, belonging to the technical field of wind power generation variable flow control and adopting a grid voltage directional vector control method, which is mainly divided into a plurality of control stages as follows: 1, establishing a double-fed motor mathematical model; and 2, performing double-fed converter synchronization control: the double-fed converter synchronization control has three sections of a grid voltage phase discrimination section, a stator voltage establishing section and a double-fed motor synchronization section. The control method in the invention can realize smooth synchronization of the double-fed wind power generation converter and impact-free and stable operation thereof during synchronization, and has advanced and mature advantages; and the adopted grid voltage directional vector control method has the advantages of accurate direction and free of influence of motor parameters.
144. 101944723 Islet operation detecting method for photovoltaic parallel network generating system
CN
12.01.2011
H02H 7/26 Loading...
H02H 7/26
Loading...
201010262797.4
Harbin Jiuzhou Electric Co., Ltd.
Cheng Peng
H02H 7/26
Loading...
The invention discloses an islet operation detecting method for a photovoltaic parallel network generating system, which comprises a passive detection part and an active detection part, wherein the passive detection comprises the following steps of: detecting a voltage value of a parallel network point and a frequency value of a voltage in real time, judging whether the voltage value of the parallel network point and the frequency value thereof reach a protected threshold value, and if one value or two values reach the protected threshold value, outputting islet protection information; otherwise, performing active detection which comprises the following steps of: acquiring the voltage frequency at the parallel network point, shifting the inverter output current frequency to cause fluctuation of voltage frequency of a load end, if the voltage of a power grid disappears, showing that the point voltage frequency of the parallel network point deviates from the original value due to the influence of the current frequency, and when exceeding a normal value, sending information that an islet is detected and sending an off-line actuating signal. The method can efficiently detect the islet phenomenon, and has the characteristics of wider use, higher efficiency and stronger reliability.
145. 101931240 Double-PWM vector control double-fed wind power converter
CN
29.12.2010
H02J 3/38 Loading...
H02J 3/38
Loading...
201010262767.3
Harbin Jiuzhou Electric Co., Ltd.
Pei Jingbin
H02J 3/38
Loading...
The invention discloses a double-PWM vector control double-fed wind power converter, which comprises an IGBT power unit, a control unit of the converter, a power supply and power distribution unit of the converter, a net side filter unit, a grid circuit breaker unit, a net side inlet wire contactor, a heating and cooling unit, a pre-charging branch and a crowbar unit, wherein the crowbar unit is connected with the IGBT power unit; the net side filter unit is connected with the IGBT power unit; the pre-charging branch is connected with the net side filter unit; the net side inlet wire contactor is connected with the net side filter unit; the grid circuit breaker unit is connected with the pre-charging branch and the net side inlet wire contactor respectively; the control unit of the converter is connected with the IGBT power unit; and the power supply and power distribution unit of the converter is connected with the control unit of the converter. Because a DSP is used as a core control chip, the converter improves the instantaneity and the quickness of the power conversion, can realize four-quadrant operation and active/reactive decoupling control, and can perform reactive power compensation according to the requirement of a power grid.
146. 201673203 高压可控硅故障检测装置
CN
15.12.2010
G01R 19/165 Loading...
G01R 19/165
Loading...
201020218583.2
哈尔滨九洲电气股份有限公司
李超
G01R 19/165
Loading...
本实用新型涉及一种高压可控硅故障检测装置，具体涉及一种能对运行中的高压可控硅进行自动故障检测监护、故障信号传送的装置。它包括过压检测部分、温度检测部分、触发能量检测部分、单片机控制处理部分、故障信号发送部分。此装置主要是采用单片机处理和控制，能够实时采集可控硅的温度、是否过压、触发能量是否足够，一旦产生上述故障此装置能够通过光纤将故障信号上传给上位机进行保护显示和报警。
147. 201674411 一种全桥三电平控制的变流装置
CN
15.12.2010
H02M 7/12 Loading...
H02M 7/12
Loading...
201020169823.4
哈尔滨九洲电气股份有限公司
孙敬华
H02M 7/12
Loading...
本实用新型提供一种能够进行无功功率补偿、谐波滤除的全桥三电平控制的变流装置。它是由端口P1、P2、变压器T1～T6、功率器件V1～V24和电容器C1组成的，变压器T1-T3的原边串联于端口P1与P2之间，副边连接在功率器件V1～V12；变压器T4-T6的原边并联于P2上，副边连接在功率器件V13～V24；功率器件V1～V4、V5～V8、V9～V12、V13～V16、V17～V20、V21～V24分别构成交/直全桥变换器。本实用新型结构采用单元化，可多重叠加并联，具有大容量、小体积、安装和维护方便、外型美观等特点，是一种新型高电压无功及谐波补偿装置及电网跌落、谐波发生试验装置。
148. 201667536 一种用于SVC的过电压保护单元
CN
08.12.2010
H02H 9/04 Loading...
H02H 9/04
Loading...
201020168201.X
哈尔滨九洲电气股份有限公司
邢金伟
H02H 9/04
Loading...
一种用于SVC的过电压保护单元，包括：一个单导通二极管单元、一组反并联晶闸管和阻容吸收单元，一个单导通二极管单元与一组反并联晶闸管并联，再并联一组阻容吸收单元。阻容吸收单元由电容跟电阻串联连接，由于补偿容量和电压等级的不同电容取值为0.1～1μF，电阻取值0.1～1KΩ。阻容吸收单元可以减缓高压对晶闸管的冲击。单导通二极管单元是以单导通二极管为核心，可以准确、快速监测晶闸管发生过压并及时采取措施保护晶闸管，使晶闸管不会被过电压击穿而损坏。本装置在TCR型SVC晶闸管阀组保护中得到应用具有其快速性、稳定性、可靠性高、无需工作电源的特点。
149. 201666915 高压无功补偿功率单元的过压及欠压监测装置
CN
08.12.2010
G01R 19/165 Loading...
G01R 19/165
Loading...
201020142734.0
哈尔滨九洲电气股份有限公司
邢金伟
G01R 19/165
Loading...
一种高压无功补偿功率单元的过压和欠压监测装置，包括电源单元、过压故障信号监测单元、欠压故障信号监测单元和电光转换单元，过压故障信号监测单元与电-光转换单元电信号连接，欠压故障信号监测单元与电-光转换单元电信号连接，电源单元为本装置供电。本实用新型可以实时、准确监测晶闸管可能发生的过压及欠压故障信号，并利用光传输技术把过压和欠压故障信号以光的形式传送给上位机。
150. 201667543 基于可调磁控电抗器的高压动态无功补偿装置
CN
08.12.2010
H02J 3/18 Loading...
H02J 3/18
Loading...
201020168218.5
哈尔滨九洲电气股份有限公司
王国强
H02J 3/18
Loading...
一种基于可调磁控电抗器的高压动态无功补偿装置，由控制系统、磁控电抗器单元和固定电容器单元组成；控制系统分别电信号连接磁控电抗器单元和固定电容器单元；所述的控制系统由数据采集单元、CPU控制运算单元和输出单元组成，CPU控制运算单元分别电信号连接数据采集单元和输出单元；所述的磁控电抗器单元主要由可调磁控电抗器、晶闸管阀组和隔离开关组成，可调磁控电抗器电信号连接晶闸管阀组，晶闸管阀组电信号连接隔离开关；所述的固定电容器单元由固定电容器、滤波电抗器和断路器组成，固定电容器电信号连接滤波电抗器，滤波电抗器电信号连接断路器。本装置在高压场合下运行非常稳定，免去了用户经常维护的麻烦。
151. 101902078 Centralized monitoring device in direct-current power supply system
CN
01.12.2010
H02J 13/00 Loading...
H02J 13/00
Loading...
201010227056.2
Harbin Jiuzhou Electric Co., Ltd.
Zhao Shuqiang
H02J 13/00
Loading...
The invention relates to a centralized monitoring device in a direct-current power supply system. The device consists of an ARM processor core part, a power supply source network part, a key interface and liquid crystal display part and a communication part, wherein the ARM processor core part is in electric signal connection with the key interface and liquid crystal display part and the communication part respectively and transmits data stream; and the power supply source network part supplies power to the ARM processor core part, the key interface and liquid crystal display part and the communication part respectively. The device can realize the real-time acquisition and display of data information uploaded by various units and modules; data acquisition is interconnected in an RS485 communication mode; and the centralized monitoring device uploads unified information together with various protocol formats to a comprehensive automatic monitoring device in an RS232 or RS485 selectable communication mode so as to realize distant data transmission. The device has the advantages of modular structure, simple panel grouping and flexible configuration.
152. 201623678 基于单片机PWM实现的散热风机自动调速装置
CN
03.11.2010
H02P 3/06 Loading...
H02P 3/06
Loading...
200920100877.2
哈尔滨九洲电气股份有限公司
徐颖
H02P 3/06
Loading...
本实用新型提供了一种基于单片机PWM实现的散热风机自动调速装置，它是由五部分构成的：单片机处理部分，数据采集部分、风机控制部分、报警处理部分、电源部分。本装置以MSP430F1132单片机为核心，其它各部分分别与单片机系统进行连接，并且由独立的电源部分进行供电。此装置可根据功率器件和系统的温度自动无级连续地调节散热风机的转速。解决了大多数散热风机转速是恒定的，产生的风量也是固定的，而不能根据功率器件和系统的温度来调整散热风机的转速和风量的缺陷，有效的提高了散热风机的工作效率。此设计方案经实践检验，其性能可靠、体积小，造价低廉。
153. 201623465 一种双馈风电变流器Crowbar保护装置
CN
03.11.2010
H02H 7/10 Loading...
H02H 7/10
Loading...
200920100938.5
哈尔滨九洲电气股份有限公司
周维来
H02H 7/10
Loading...
一种双馈风电变流器Crowbar保护装置，应用于电力电子行业。它包括：三相反并联可控硅、三相大功率电阻、可控硅触发控制板和取能变压器，Crowbar保护装置输出端接双馈变流器转子侧A、B、C三相，可控硅触发控制板与变流器主控器用光纤连接。本实用新型的产品不仅降低了装置的成本，而且方便更换维护。当电网故障时，保护双馈变流器与发电机，同时配合双馈变流器控制策略维护区域电网稳定；当电网故障恢复时，本实用新型可减小大电流对变流器的冲击，使双馈系统尽快恢复稳定。
154. 201623488 一种应用于高压无功补偿设备中的触发脉冲形成装置
CN
03.11.2010
H02J 3/18 Loading...
H02J 3/18
Loading...
200920101196.8
哈尔滨九洲电气股份有限公司
王国强
H02J 3/18
Loading...
本实用新型提供一种应用于高压无功补偿设备中的触发脉冲形成装置，该装置主要包括：同步信号形成电路、触发脉冲生成电路、触发脉冲展宽电路、电光转换电路四大部分。本实用新型目的在于提供一种应用于高压无功补偿设备中的触发脉冲形成装置，在控制器的控制下可以快速、准确地产生触发脉冲，以达到稳定地触发晶闸管阀组的目的。并解决了以往晶闸管触发一致性差的问题，同时解决了触发脉冲的隔离问题。
155. 201623639 多重同步四象限高电压变流装置
CN
03.11.2010
H02M 5/40 Loading...
H02M 5/40
Loading...
201020002073.1
哈尔滨九洲电气股份有限公司
孙敬华
H02M 5/40
Loading...
本实用新型提供一种基于3/2交直交变换单元串联、多重叠加的大功率、小体积、结构单元化、安装维护方便的多重同步四象限高电压变流装置。它是由用户高电压工作电源、旁路柜、变压器柜、控制器、功率柜和用电设备组成的，用户高电压工作电源连接旁路柜，旁路柜连接变压器柜，变压器柜连接功率柜，功率柜连接旁路柜，旁路柜连接用电设备，控制器内嵌于功率柜内。本实用新型一种多重同步四象限高电压变流装置，其功率变换的执行部件为3/2交直交变换单元，在结构设计上，3/2交直交变换单元之间均使用铜带连接，控制器内嵌于功率柜内，优化了结构空间，同时也缩短了电气连接距离。本实用新型适合电能双向流动、操作方便、便于安装维护。
156. 201623622 一种矩阵级联高电压变流器
CN
03.11.2010
H02M 1/00 Loading...
H02M 1/00
Loading...
201020002075.0
哈尔滨九洲电气股份有限公司
孙敬华
H02M 1/00
Loading...
本实用新型公开了一种矩阵级联高电压变流器，它是由旁路柜，变压器柜，功率柜和控制器组成，工作电源连接旁路柜(1)，旁路柜(1)连接变压器柜(2)，变压器柜(2)连接功率柜(4)，控制器(3)内嵌于功率柜(4)内并分别连接其他器件，功率柜(4)内设置有矩阵单元(5)。本实用新型的重要特征是3/2矩阵变换器采用电力电子开关元件，配以独创的结构，使其具有卓越的性能、完美的外型结构和方便快捷的整机安装维护策略。
157. 201584934 电机软起动器光电信号发送装置
CN
15.09.2010
H02P 1/28 Loading...
H02P 1/28
Loading...
200920100880.4
哈尔滨九洲电气股份有限公司
刘洋
H02P 1/28
Loading...
电机软起动器光电信号发送装置，它涉及一种光电信号发送器。它由采集控制器信号部分、产生自测试脉冲部分和触发脉冲发送部分组成，采集控制信号部分与自测试脉冲部分电信号连接，触发脉冲发送部分分别与采集控制信号部分、自测试脉冲部分电信号连接；其中，采集控制信号部分用以采集自控制器的DSP信号；自测试脉冲部分可以产生测试脉冲，在起动电机前调试软起动器；触发脉冲发送部分将产生的脉冲通过光电发送器发送到触发板，进而触发可控硅。本实用新型所述的产品不仅解决了可控硅触发技术在高压电机软起动的难题，而且产生的触发脉冲稳定、可靠，易于调整。
158. 201583592 风电变流器电能测量装置
CN
15.09.2010
G01R 22/06 Loading...
G01R 22/06
Loading...
200920100988.3
哈尔滨九洲电气股份有限公司
张哲
G01R 22/06
Loading...
一种风电变流器电能测量装置，它是由第1电流采样单元、第2电流采样单元；第1电压采样单元、第2电压采样单元；系统电源电路、时钟控制电路、电能计量芯片、系统校验电路、复位电路、SPI通讯接口电路构成，第1电流采样单元、第2电流采样单元、第1电压采样单元、第2电压采样单元分别与电能计量芯片连接，将时钟控制电路、复位电路分别与电能计量芯片连接，系统校验电路与电能计量芯片连接，电能计量芯片与SPI通讯接口电路连接，通过高速的SPI数据线将风电变流器总的发电量，实时的发送给变流器主控系统，完成对风电变流器的电能监测。该装置电子元器件数量少、电路简单、测量精度高。
159. 201584756 高压电机软起动器中过压保护装置
CN
15.09.2010
H02H 7/08 Loading...
H02H 7/08
Loading...
200920100881.9
哈尔滨九洲电气股份有限公司
刘洋
H02H 7/08
Loading...
高压电机软起动器中过压保护装置，涉及一种过压保护装置。它是由反相器部分、比较器部分和显示报警部分组成，反相器部分连接比较器部分，显示报警部分连接比较器部分，比较器部分分别连接反相器部分和显示报警部分。反相器部分以集成芯片为核心，通过限流电阻、隔离电容等元器件连接；比较器部分也是以为核心使输出电压为高低电平，来控制显示报警部分；显示报警部分通过NPN三极管与红色发光二极管连接，当比较器输出端的电平为高电平的时候，则三极管会导通，发光二极管点亮，说明输入电压过高，已经超出设定的电压值，此时会有相应的保护操作，从而避免元件由于电压过高而击穿。
160. 101814849 Full bridge three-level controlled conversion device
CN
25.08.2010
H02M 7/12 Loading...
H02M 7/12
Loading...
201010155131.9
Harbin Jiuzhou Electric Co., Ltd.
Ding Zhaoguo
H02M 7/12
Loading...
The invention provides a full bridge three-level controlled conversion device capable of performing reactive power compensation and harmonic filtering. The full bridge three-level controlled conversion device consists of ports P1 and P2, transformers T1-T6, power devices V1-V24 and a capacitor C1, wherein the primary sides of the transformers T1-T3 are connected in series between the port P1 and the port P2, while the secondary sides are connected with the power devices V1-V12; the primary sides of the transformer T4-T6 are connected in parallel with the port P2, while the secondary sides are connected with the power devices V13-V24; and the power devices V1-V4, V5-V8, V9-V12, V13-V16, V17-V20 and V21-V24 respectively form AC/DC full bridge converters. The full bridge three-level controlled conversion device has a modular structure, and the components can be multiply stacked and connected in parallel, so the full bridge three-level controlled conversion device has the characteristics of large capacity, small volume, convenient installation and maintenance, attractive appearance and the like and is a new high-voltage reactive power and harmonic compensation device and grid voltage sag and harmonic generation testing device.
161. 201563062 基于UC3844实现的自动控制输出电压供电装置
CN
25.08.2010
H02M 3/28 Loading...
H02M 3/28
Loading...
200920101078.7
哈尔滨九洲电气股份有限公司
管晓磊
H02M 3/28
Loading...
本实用新型提供了一种基于UC3844实现的自动控制输出电压供电装置。它是由三部分构成：主功率部分、反馈-控制部分、驱动部分，反馈控制部分通过检测输出电压产生PWM波，经过驱动部分去控制主功率部分的变换时间，从而得到期望的电压输出。本实用新型属于自动控制技术，具体的说就是在电力系统大功率开关电源中为满足控制芯片，运放风机等设备的正常供电。本实用新型一种基于UC3844实现的自动控制输出电压供电装置，具有性能可靠、价格低廉等特点。
162. 201562001 中压变频器直流母线电压采样装置
CN
25.08.2010
G01R 19/00 Loading...
G01R 19/00
Loading...
200920100876.8
哈尔滨九洲电气股份有限公司
冷严冬
G01R 19/00
Loading...
本实用新型专利公开了一种应用于中压变频器中的直流母线电压采样装置。该装置串接于正负母线之间，通过高频功率变压器和高压功率开关管将直流母线电压变换成高频低压交流信号，经整流、滤波后送至信号调理电路供控制电路进行采样和计算。同时，高频变压器的副边其他绕组，可根据变频器的需要设计合适的电压，用作变频器的辅助电源。该装置既解决了直流母线电压与低压控制回路的电气隔离问题，提高了变频器的抗干扰性，又可为变频器提供辅助电源，是一种低成本、高可靠性的直流母线电压采样装置。
163. 201562020 基于RS485总线检测法的多点开关检测装置
CN
25.08.2010
G01R 31/00 Loading...
G01R 31/00
Loading...
200920100631.5
哈尔滨九洲电气股份有限公司
徐龙辉
G01R 31/00
Loading...
本实用新型提供了一种能有效的缩短RS485总线主单元采集检测时间，使子单元信息能及时传送，提高系统反映和处理速度的多点开关检测装置。系统主要是由两部分组成，即主单元和多个子单元。ARM微控制器是主单元的核心，采用32位ARM7TDMI内核芯片S3C44B0。子单元的微控制器使用TI的MSP430F133单片机。主单元和子单元部分通过总线检测电路进行系统连接。主单元和子单元的连接系统电源和通信隔离电源，并且由系统电源和通信隔离电源双电源供电。本实用新型的特点是具有多点开关量检测能力，提高了RS485总线的响应速度和开关信号的采集速度。
164. 201560960 水泵软启动装置的控制器
CN
25.08.2010
F04D 15/00 Loading...
F04D 15/00
Loading...
200920273635.3
哈尔滨九洲电气股份有限公司
李超
F04D 15/00
Loading...
本实用新型公开一种水泵软启动装置的控制器，它包括电压采样单元、电流采样单元、同步信号检测单元、DSP控制单元、触发脉冲单元和通信单元，所述的电压采样单元与DSP控制单元相连接，电流采样单元与DSP控制单元相连接，同步信号检测单元与DSP控制单元相连接，触发脉冲单元与DSP控制单元相连接，通信单元与DSP控制单元相连接。它以传统晶闸管软启动的主电路结构为基础，通过转矩闭环控制来调节触发角度，按照水泵系统的特性曲线来控制电机的电磁转矩，使控制电机起停的电磁转矩与泵系统特性曲线相匹配，使水泵能够平稳起停，避免“水锤”现象的发生。
165. 201550058 一种分级变频软起动装置
CN
11.08.2010
H02P 1/30 Loading...
H02P 1/30
Loading...
200920244120.0
哈尔滨九洲电气股份有限公司
何晓平
H02P 1/30
Loading...
本实用新型提供一种在起动过程中逐步提高电压的同时，相应地将频率由低到高提升到电网频率，来提高起动转矩、降低起动电流的分级变频软起动装置。它是由控制单元、电压同步信号采集单元、电流过零信号采集单元和晶闸管软起动单元组成的，电压同步信号采集单元和电流过零信号采集单元分别连接控制单元，控制单元连接晶闸管软起动单元。本实用新型实现了平滑升频软起动，减小了起动冲击和起动电流，提高了起动转矩，可使电机在满负载下平滑起动。由于分级变频软起动采用传统晶闸管软起动的主电路结构，只是改变了晶闸管触发顺序和控制方法，所以成本没有增加，优于传统的晶闸管软起动，实现了近似于变频器的软起动性能。
166. 201550024 带中性点的双管正激式高压直流取电单元
CN
11.08.2010
H02M 3/28 Loading...
H02M 3/28
Loading...
200920244039.2
哈尔滨九洲电气股份有限公司
赵鹏
H02M 3/28
Loading...
本实用新型公开了一种带中性点的双管正激式高压直流取电单元，其组成包括有：直流电压输入、输入滤波均压、高频变压器、输出整流滤波、直流输出、电压采样反馈、PWM脉宽调制和隔离驱动电路；其特征在于：利用双管正激拓扑结构，提高电源的输入电压，使这种带中性点的双管正激式高压直流取电单元能在1200V电压下工作，直流电压输出恒定在140V，输入滤波电路采用电容串联，以提高电容耐压。并附有中性点分压电路，主电路拓扑结构选用双管正激，因它可以应用于较高电压输入场合，根据不同的输入电压来调节控制开通占空比，从而使输出电压稳定。
167. 201549871 一种用于SVC系统的故障检测/保护装置
CN
11.08.2010
H02H 7/00 Loading...
H02H 7/00
Loading...
200920279774.7
哈尔滨九洲电气股份有限公司
王国强
H02H 7/00
Loading...
一种用于SVC系统的故障检测/保护装置，涉及一种动态无功补偿系统。它由信号采集单元、单片机控制单元、CAN通信单元、故障检测保护及触发脉冲驱动单元、晶闸管阀组与光电隔离单元组成。本实用新型的装置通过采集单元将电压、电流送入CPU处理单元，发出触发脉冲，再通过光电隔离单元接收数据，判断为严重故障时封锁触发脉冲、保护晶闸管阀组及其它高压设备；CAN总线也欠压、BOD、超温等故障报警上传给CPU处理单元。本实用新型的产品有效地解决了以往系统保护不及时、故障信号指示不准确、系统误动作等问题，同时节约了成本，减少现场安装工作量，极大地提高了系统运行的稳定性和安全性。
168. 101777841 Multiple synchronous four-quadrant high-voltage converting device
CN
14.07.2010
H02M 5/40 Loading...
H02M 5/40
Loading...
201010004711.8
Harbin Jiuzhou Electric Co., Ltd.
Ding Zhaoguo
H02M 5/40
Loading...
The invention provides a multiple synchronous four-quadrant high-voltage converting device with large power, small volume, structure unitization and convenient installation and maintenance based on 3/2 AC-DC-AC converting unit series connection and multiple superposition. The device consists of an user high-voltage working power supply, a bypass cabinet, a transformer cabinet, a controller, a power cabinet and utilization equipment, wherein the user high-voltage working power supply is connected with the bypass cabinet; the bypass cabinet is connected with the transformer cabinet; the transformer cabinet is connected with the power cabinet; the power cabinet is connected with the bypass cabinet; the bypass cabinet is connected with the utilization equipment; and the controller is embedded in the power cabinet. The executing component for power conversion is a 3/2 AC-DC-AC converting unit, the 3/2 AC-DC-AC converting units are connected by a copper belt in structural design, the controller is embedded in the power cabinet, and therefore, the structure space is optimized, and the electric connecting distance is shortened. The invention is suitable for bidirectional flowing of the electric energy, and has the advantages of convenient operation, and convenient installation and maintenance.
169. 201527447 一种用于电机软起动器的电流过零点检测装置
CN
14.07.2010
G01R 19/175 Loading...
G01R 19/175
Loading...
200920100908.4
哈尔滨九洲电气股份有限公司
李超
G01R 19/175
Loading...
一种用于电机软起动器的电流过零点检测装置，是由窗口比较电路单元、阻容单元、整形电路单元和脉宽调节单元组成，其特征是窗口比较电路单元连接阻容单元，阻容单元连接整形电路单元，脉宽调节单元又连接整形电路单元。此装置采用电压比较器组成窗口比较电路，将输入的交流信号与给定电压区间进行比较，当输入信号在电压区间时整个系统输出高电平信号，当输入信号不在电压区间范围内时输出低电平信号。本实用新型解决了电机软起动控制器电流过零点采集不准确的问题，使软起动器能够接收到精确的过零信号，从而准确的发送触发脉冲来导通可控硅，使电机的起动更加可靠。
170. 201528204 高压静止无功补偿装置的监控系统
CN
14.07.2010
H02J 3/18 Loading...
H02J 3/18
Loading...
200920101195.3
哈尔滨九洲电气股份有限公司
王国强
H02J 3/18
Loading...
一种高压静止无功补偿装置的监控系统，主要包括：信号转换与隔离单元、高速数据采集卡和工控机，信号转换与隔离单元与高速数据采集卡连接，高速数据采集卡安装于工控机内部与工控机连接。装置首先采集系统实时数据，并进行数据转换后送入实时数据计算显示模块，计算出系统当前电压、电流、有功、无功、功率因数、谐波状态等参数，然后将这些数据在主界面中进行显示，同时将这些数据在实时曲线界面中绘制出来，便于调试和维护。可完成以下功能：实时采集并显示系统的运行状态；在线判断系统故障状态；记录重要系统运行信息；系统长期运行状态分析，生成电压质量、谐波含量分析报告；系统调试期间录波回显，协助安装人员快速查看系统状态等。
171. 201528294 高压电机软起动器触发板低位取能装置
CN
14.07.2010
H02P 1/02 Loading...
H02P 1/02
Loading...
200920100910.1
哈尔滨九洲电气股份有限公司
刘志强
H02P 1/02
Loading...
一种高压电机软起动器触发板低位取能装置，由变压器、铜导线、若干个霍尔传感器、电阻组成，所述的变压器输出端连接铜导线，铜导线上连接霍尔传感器，在第一个霍尔传感器上并联电阻，霍尔传感器为圆形环状穿在铜导线上，霍尔传感器接高压电机软起动装置的触发板，感应电动势在触发板内经过处理后能够为其供电。本实用新型解决了高压电机软起动器可控硅触发装置只能采用高位取能的局限，使触发板能够从低压220V处取得能量来进行工作，具有触发板之间，高低压之间隔离性能好，能够进行低压测试的特点。
172. 201528296 6KV软起动主功率阀组
CN
14.07.2010
H02P 1/26 Loading...
H02P 1/26
Loading...
200920101138.5
哈尔滨九洲电气股份有限公司
张德海
H02P 1/26
Loading...
本实用新型提供了一种用于6KV电动机软起动器的晶闸管串联阀组。它包括三相晶闸管串联装置、静态均压电阻和动态均压网。为满足高压电机的控制，将多只晶闸管串联起来以提高其耐压值，并辅以均压网络和电路来保证其可靠运行，并且辅以触发板，以高位取能方式对触发板进行供电，实现可靠准确的触发可控硅。该阀组通过多只晶闸管串联应用，成功打破了目前半导体器件在高压应用领域的局限性，使得高压软起动器的拓扑结构有了新的发展空间。本实用新型解决了半导体器件在高压应用领域的难题，具有耐压值高、抗冲击能力强、动静态均压效果好、使用寿命长、运行安全可靠等特点。
173. 201528281 一种二极管箝位式三电平变频器
CN
14.07.2010
H02M 5/44 Loading...
H02M 5/44
Loading...
200920249674.X
哈尔滨九洲电气股份有限公司
冷严冬
H02M 5/44
Loading...
一种二极管箝位式三电平变频器，涉及中压电机控制领域。本实用新型主要由移相变压器和二极管全桥整流单元共同构成了12脉波整流环节，利用了封装在一个模块内的IGBT和快恢复二极管构成的逆变单元，阳极串联IGBT集电极和IGBT发射极串联阴极的两种功率模块构成二极管箝位式三电平变频器逆变主回路。本实用新型的优点在于IGBT与负责箝位快恢复二极管具有匹配的电压电流特性，同时减少了外部接线带来的分布参数的变化，减少了开关管的开关损耗，提高了输出波形的质量和整机的效率。
174. 201527309 高压无功补偿功率单元的测温装置
CN
14.07.2010
G01K 7/00 Loading...
G01K 7/00
Loading...
200920100879.1
哈尔滨九洲电气股份有限公司
邢金伟
G01K 7/00
Loading...
本实用新型提供了一种可靠的测量晶闸管的真实温度，可让晶闸管等高压的电力电子器件安全地工作的高压无功补偿功率单元的测温装置。本实用新型包括采样电路、调理电路、单片机、传输部分。本装置采用DC+15V供电，单片机采用有源4M晶振工作。本实用新型可以做到精度测量、高低压隔离、安全性好、抗干扰能力强，保证测量值的真实性。
175. 201527442 一种三电平变频电路中点检测单元
CN
14.07.2010
G01R 19/00 Loading...
G01R 19/00
Loading...
200920100882.3
哈尔滨九洲电气股份有限公司
曲文超
G01R 19/00
Loading...
一种三电平变频电路中点检测单元，涉及一种变频器。它包括集成运算放大电路、集成电压比较电路、开关电源模块和光电耦合器，直流母线电压输入连接开关电源模块及集成运算放大电路，集成运算放大电路输出连接集成电压比较电路，集成电压比较电路输出连接两个光电耦合器，开关电源模块分别给集成运算放大电路、集成电压比较电路、光电耦合器提供隔离电源。本实用新型具有结构简单，性能可靠，价格低廉的特点。
176. 201527578 基于单片机与CPLD的高压变频器用的光纤控制装置
CN
14.07.2010
G05B 19/418 Loading...
G05B 19/418
Loading...
200920100909.9
哈尔滨九洲电气股份有限公司
杨国伟
G05B 19/418
Loading...
一种基于单片机与CPLD的高压变频器用的光纤控制装置，涉及一种工业自动控制技术。它是由四部分构成：AVR单片机编程控制部分、CPLD逻辑控制部分、LCD显示部分及光纤通讯部分，AVR单片机编程控制部分通过软件程序对外界的旁通信号处理，CPLD逻辑控制部分通过来自AVR单片机信号进行编解码以扩展其功能，LCD显示部分实时显示AVR单片机与CPLD处理的结果，光纤通讯则是隔离高压远距离传输减少干扰。本实用新型结构简单，性能可靠，能够长期运行。
177. 101741226 Matrix cascade high-voltage converter
CN
16.06.2010
H02M 1/00 Loading...
H02M 1/00
Loading...
201010004621.9
Harbin Jiuzhou Electrical Co., Ltd.
Ding Zhaoguo
H02M 1/00
Loading...
The invention discloses a matrix cascade high-voltage converter, which consists of a bypass cabinet, a transformer cabinet, a power cabinet and a controller. A working power supply is connected with the bypass cabinet (1); the bypass cabinet (1) is connected with the transformer cabinet (2); the transformer cabinet (2) is connected with the power cabinet (4); the controller (3) is embedded in the power cabinet (4) and is connected with other devices respectively; and a matrix unit (5) is arranged in the power cabinet (4). The matrix cascade high-voltage converter has the important characteristics that: the 3/2 matrix converter adopts a power electronic switch element and has a creative structure, so the converter has excellent performance, perfect appearance and convenient and rapid whole machine mounting and maintaining strategy.
178. 101707352 Method and device thereof for fault detection/protection for SVC system
CN
12.05.2010
H02H 7/00 Loading...
H02H 7/00
Loading...
200910226006.X
Harbin Jiuzhou Electric Co., Ltd.
Fei Chengyao
H02H 7/00
Loading...
The invention discloses a method and a device thereof for fault detection/protection for an SVC system, and relates to a dynamic reactive power compensation system and a method thereof. The device of the invention consists of a signal acquisition unit, a singlechip control unit, a CAN communication unit, a fault detection/protection and trigger pulse driving unit, a thyristor valve unit and a photoelectric isolation unit. The detection/protection method of the invention comprises that the acquisition unit sends voltage and current to a CPU and sends out trigger pulse; the photoelectric isolation unit receives data, and blocks the trigger pulse when serious fault is judged so as to protect the thyristor valve unit and other high-voltage equipment; and a CAN bus uploads fault alarms such as under voltage, BOD, overtemperature and the like to the CPU. The detection/protection method and the device thereof effectively solve the problems of delayed protection of the conventional system, inaccurate fault signal indication, false operation of the system and the like, meanwhile save the cost, reduce the workload of field assembly, and greatly improve the stability and security of system operations.
179. 101697419 Integrated controlled system and integrated controlled method for dynamic reactive power compensation based on touch screen, PLC and DSP
CN
21.04.2010
H02J 3/18 Loading...
H02J 3/18
Loading...
200910208937.7
Harbin Jiuzhou Electric Co., Ltd.
Wang Guoqiang
H02J 3/18
Loading...
The invention discloses an integrated controlled system and an integrated controlled method for dynamic reactive power compensation based on a touch screen, a PLC and a DSP. The system consists of an integrated control arithmetic unit, a TSC and an HVC. The control method comprises the following steps: firstly acquiring the voltage and current of a three-phase power grid and receiving related parameters from the touch screen; computing reactive capacity required by the system at the moment according to a instantaneous reactive power theory and utilizing the PLC to check a target power factor to obtain a most rational compensation loop combination plan; and finally utilizing thyristor cross-zero trigger technology to control a corresponding compensation loop for switching. The system and the method effectively solve the problems that the conventional compensation system cannot perform frequent switching and is low in response speed, low in compensation accuracy and the like, and greatly improve the stability of the system and reduce the running cost simultaneously.
180. 201429791 高压无功补偿设备中的高速数据通信装置
CN
24.03.2010
G05B 19/418 Loading...
G05B 19/418
Loading...
200820091096.7
哈尔滨九洲电气股份有限公司
王国强
G05B 19/418
Loading...
本实用新型提供了一种高压无功补偿设备中的高速数据通信装置。其组成包括：DSP电路、双口RAM电路和CPU单片机电路，DSP电路、CPU单片机电路分别和双口RAM电路通过数据总线、地址总线和控制线连接，DSP电路为主处理器，双口RAM为数据共享的接口。本实用新型能够以最快的速度将现场不断变化的数据传送给控制器，由控制器在最短的时间内做出相应的处理，缩短了控制时间，提高了控制精度。
181. 201426042 基于单片机实现直流系统的自动调压装置
CN
17.03.2010
H02J 1/00 Loading...
H02J 1/00
Loading...
200920099916.1
哈尔滨九洲电气股份有限公司
赵书强
H02J 1/00
Loading...
本实用新型提供了一种基于单片机实现直流系统的自动调压装置。它是由四部分构成：单片机部分，采集部分、控制部分和调压硅链部分，采集部分、控制部分分别连接单片机部分，调压硅链部分连接控制部分，单片机部分是由单片机77E58为核心，包括驱动网络、光耦隔离、控制出口和采集入口，控制出口和采集入口连接光耦隔离，光耦隔离通过驱动网络连接单片机77E58，单片机部分，采集部分、控制部分分别连接供电电源。本实用新型属于自动控制技术，具体的说就是在电力系统中为满足电力系统的继电保护装置及信号回路等设备的正常供电。本实用新型给出的自动调压装置具有性能可靠、价格低廉等特点。
182. 101651330 Crowbar protecting device of double-feed wind-electricity converter
CN
17.02.2010
H02H 7/10 Loading...
H02H 7/10
Loading...
200910072960.8
Harbin Jiuzhou Electric Co., Ltd.
Zhou Weilai
H02H 7/10
Loading...
The invention relates to a crowbar protecting device of a double-feed wind-electricity converter, which is applied to a power electronic industry. The crowbar protecting device comprises three-phraseinverse-parallel controllable silicon, a three-phrase high-power resistor, a controllable silicon trigger control plate and an energy taking transformer, wherein the output end of the crowbar protecting device is connected with three phrases A, B and C of the rotor side of the double-feed converter, and the controllable silicon trigger control plate is connected with a main controller of the converter by optical fiber. The crowbar protecting device not only reduces the cost of the device, but also is convenient to replace and maintain. When an electric network has faults, the double-feed converter and an electric generator are protected, and meanwhile, the crowbar protecting device is matched with the double-feed converter to control electric network stability of a strategy maintenance area; when the faults of the electric network are restored, the crowbar protecting device can reduce the impact of the converter by large current, and a double-feed system can restore stability as soon as possible.
183. 201349190 一种用于电机软起动器的可控硅触发装置
CN
18.11.2009
H02P 1/16 Loading...
H02P 1/16
Loading...
200820211639.4
哈尔滨九洲电气股份有限公司
李超
H02P 1/16
Loading...
本实用新型提供了一种用于电机软起动器的可控硅触发装置。它包括触发脉冲输出单元、过压强触发单元和触发光纤信号输入单元，触发光纤信号输入单元分别连接外接控制单元和触发脉冲输出单元，并将接收到来自外接控制单元的触发信号用于驱动触发脉冲输出单元发出触发脉冲，触发脉冲输出单元和过压强触发单元连接可控硅，驱动可控硅导通。本实用新型能够接收控制单元发出的光纤触发信号，驱动可控硅导通，同时能够实时监测可控硅的温度，并具有过压强触发功能等功能，具有隔离效果好，保护性能高，运行安全可靠等特点。
184. 201349183 一种电机软起动器电压反馈装置
CN
18.11.2009
H02M 5/06 Loading...
H02M 5/06
Loading...
200820211640.7
哈尔滨九洲电气股份有限公司
李超
H02M 5/06
Loading...
本实用新型提供了一种电机软起动器电压反馈装置。它包括电压反馈板输入端和输出端，电压反馈板输入端包括6列分压电阻排，每列分压电阻排的结构完全相同，均包括以蛇形首尾相连串联在一起的一组电阻排，其中分两组一组采集3路输入电压，另一组采集3路输出电压。本实用新型能够将10KV～380V的电压降低为0～3V左右电压信号，能够适用于多种不同电压等级的场合，且具备输出保护电路以及绝缘外壳的特点，本实用新型的有益效果是，可以将电压分压成低电压信号供控制系统使用，能够对高压装置的电压输入端以及电压输出端分别分压。并设有保护电路以保护控制系统。设有绝缘外壳。结构简单，能够适应不同电压等级。
185. 201298818 高压软起动6KV接口板
CN
26.08.2009
H02P 1/28 Loading...
H02P 1/28
Loading...
200820091296.2
哈尔滨九洲电气股份有限公司
何晓平
H02P 1/28
Loading...
本实用新型提供了一种高压软起动6KV接口板。它包括连接控制单元的触发脉冲单元、连接触发脉冲单元的光纤驱动单元和连接光纤驱动单元与控制单元的信号采集单元，本实用新型是6KV高压软起动器中能够接收控制单元发出的光纤触发信号，同时驱动18个光纤发送器，并且可以通过3路光纤接收器，实时把工作状态传输给控制单元的装置。该装置还能够采集电机的电压、电流值，并将采集的值转换成控制单元能够识别的小信号输送给控制单元，由控制单元进行运算和处理。本实用新型解决了光纤传送技术在高压应用领域的难题，具有触发一致性好，运行安全可靠等特点。
186. 201298817 高压软起动10KV接口板
CN
26.08.2009
H02P 1/28 Loading...
H02P 1/28
Loading...
200820091295.8
哈尔滨九洲电气股份有限公司
何晓平
H02P 1/28
Loading...
本实用新型提供了一种高压软起动10KV接口板。它包括三相光纤驱动电路，控制单元分别连接三相光纤驱动电路，三相光纤驱动电路包括接收控制单元触发信号的触发脉冲部分，连接接收触发脉冲部分的光纤驱动部分和连接控制单元的信号采集部分，光纤驱动部分分别驱动各自串联的光纤发送器。本实用新型能够将同一相的光纤发送器串联，成功的解决同一相可控硅触发一致性问题，保证了高压电机软起动器在起动时可靠的工作。该装置还能够采集电机的电压、电流值，并将采集的值转换成控制单元能够识别的小信号输送给控制单元，由控制单元进行运算和处理。本实用新型解决了光纤传送技术在高压应用领域的难题，具有触发一致性好，运行安全可靠等特点。
187. 201286017 高压无功补偿设备中的数据采集装置
CN
05.08.2009
H02J 3/18 Loading...
H02J 3/18
Loading...
200820091095.2
哈尔滨九洲电气股份有限公司
王国强
H02J 3/18
Loading...
本实用新型提供了一种高压无功补偿设备中的数据采集装置。其组成包括依次电连接的三相电压、电流互感器1、隔离运放电路2、A/D转换电路3、地址译码电路4和DSP电路5，其中三相电压、电流互感器1得到取样信号后送入隔离运放电路2，进行信号隔离与放大处理，然后将处理后的信号送入A/D转换电路3，进行模/数转换处理，此时，DSP电路5发出控制信号来控制译码电路4，译码电路4将译出的控制信号送入A/D转换电路3，控制A/D转换电路3的启动，最后在A/D转换结束后将转换的最后结果送入DSP中。本实用新型能够以最快的转换时间和转换精度来实现对数据的采集处理，具有成本低、效率高等优点。
188. 201286085 SCR自供电门极触发板
CN
05.08.2009
H03K 17/72 Loading...
H03K 17/72
Loading...
200820091097.1
哈尔滨九洲电气股份有限公司
姜海龙
H03K 17/72
Loading...
本实用新型提供了一种SCR自供电门极触发板，它包括高电位取能单元、低电位取能单元、集成稳压单元、SCR驱动单元、SCR过压保护单元、SCR超温和欠压报警单元，高电位取能单元和低电位取能单元分别连接集成稳压单元，集成稳压单元分别连接SCR过压保护单元、SCR超温和欠压报警单元，SCR超温和欠压报警单元分别连接SCR过压保护单元。本实用新型主要功能是接收触发光脉冲信号，完成高电位的晶闸管的触发，具有SCR过压保护、触发板欠压保护及晶闸管超温故障报警回送低位电路的功能。
189. 201181901 一种双路输出的IGBT驱动模块
CN
14.01.2009
H02M 1/08 Loading...
H02M 1/08
Loading...
200820089527.6
哈尔滨九洲电气股份有限公司
刘振龙
H02M 1/08
Loading...
本实用新型公开了一种双路输出的IGBT驱动模块，它包括两片IGBT专用集成电路HCPL316J、逻辑控制电路、DC/DC模块和两个功率放大单元，外部输入连接逻辑控制电路，逻辑控制电路的输出分别连接两片IGBT专用集成电路HCPL316J，两片IGBT专用集成电路HCPL316J分别连接两个功率放大单元，两片IGBT专用集成电路HCPL316J、逻辑控制电路和两个功率放大单元均连接DC/DC模块。本实用新型可以接受不同电平的输入信号，通过端子外接电平的不同组合，实现对单个IGBT的单独控制或者半桥控制，满足了IGBT不同应用电路对驱动不同的技术要求。通过对现有技术的组合，合理的布局，极大的减小了驱动模块的面积，缩小了驱动模块的体积。方便了IGBT的使用。
190. 201181906 一种基于热管技术及拔插功能的新型高压变频器
CN
14.01.2009
H02M 5/16 Loading...
H02M 5/16
Loading...
200820089528.0
哈尔滨九洲电气股份有限公司
孙敬华
H02M 5/16
Loading...
本实用新型公开了一种基于热管技术及拔插功能的新型高压变频器，它是由旁路柜，变压器柜，功率柜和控制柜组成，工作电源连接旁路柜1，旁路柜1连接变压器柜2，变压器柜2连接功率柜4，控制柜3内嵌于功率柜4内并分别连接其他器件，功率柜4内设置有功率单元5。本实用新型的重要特征是高压变频功率单元采用热管作为散热元件，配以独创的空间结构，使其具有卓越的散热性能、完美的外型结构和方便快捷的整机安装维护策略。
191. 201110787 多路高精度温度采集装置
CN
03.09.2008
G01K 1/02 Loading...
G01K 1/02
Loading...
200720117294.1
哈尔滨九洲电气股份有限公司
赵书强
G01K 1/02
Loading...
本实用新型提供了一种多路高精度温度采集装置。它包括单片机控制部分、分别连接单片机控制部分的485通讯部分、422通讯部分、温度传感器网络和供电电源系统，温度传感器网络包括若干个并联连接的可组网一线式数字温度传感器，温度传感器安装于测温部件旁，供电电源系统分别连接485通讯部分、422通讯部分和温度传感器网络。本实用新型具有高精度、适用于任何需要对温度采集场合等优点。
192. 101183833 Hot pipe technique based frequency conversion power unit
CN
21.05.2008
H02M 5/458 Loading...
H02M 5/458
Loading...
200710144636.3
Harbin Jiuzhou Electric Co., Ltd.
Sun Jinghua
H02M 5/458
Loading...
The invention provides a variable frequency power unit based on the technology of heat pipe, comprising a casing, a power device, a control panel, a capacitor array, a heat pipe radiator, a resistance and a relay. The capacitor array is arranged on the side of the casing in horizontal way. The heat pipe radiator is arranged on the left side of the capacitor array in vertical way. The control panel is arranged in front of the capacitor array. A shield plate is arranged between the capacitor array and the control panel. The power device is arranged on the surface of the heat pipe radiator. The components are connected via a plurality of copper straps, wherein, a rectifier bridge is connected with the IGBT via a resistance, and the relay is connected in parallel with two ends of the resistance. The invention has the advantages of large module power, significant heat dissipation performance, original sideway technology, compact structure, beautiful appearance and easy installation and maintenance.
193. 201061153 兆瓦级风力发电用全功率并网变流器
CN
14.05.2008
H02J 3/38 Loading...
H02J 3/38
Loading...
200720115527.4
哈尔滨九洲电气股份有限公司
李寅
H02J 3/38
Loading...
本实用新型提供的是一种兆瓦级风力发电用全功率并网变流器。它包括风力发电机和低压电网或升压变压器，它还包括至少两个基本变流器功率单元，各基本变流器功率单元并联组成功率变流器主电路，其中基本变流器功率单元包括通过直流母线连接的发电机侧三相PWM全控变流器和PWM网侧并网变流器，功率变流器主电路的输出端连接低压电网或升压变压器，功率变流器主电路的输入端连接风力发电机。本实用新型能够适用于兆瓦级尤其是1.5MW、2MW、2.5MW、3MW及其以上功率等级的风力发电系统。
194. 201039016 兆瓦级直驱式风电并网变流器
CN
19.03.2008
H02M 5/44 Loading...
H02M 5/44
Loading...
200720116227.8
哈尔滨九洲电气股份有限公司
李寅
H02M 5/44
Loading...
本实用新型公开了一种兆瓦级直驱式风电并网变流器，它包括发电机侧三相滤波电容器、整流器单元、升压斩波器单元、逆变器单元、网侧三相滤波电容器和变压器，风力发电机连接三相滤波电容器，三相滤波电容器连接整流器单元，整流器单元连接升压斩波器单元，升压斩波器单元连接逆变器单元，逆变器单元连接三相滤波电容器，三相滤波电容器连接变压器，变压器连接工频电网。本实用新型产品不但大大降低风电设备的成本，而且可以提高我国在世界风电行业的竞争力，为我国风电技术出口，提升在世界风电市场上的地位奠定基础。
195. 201025674 兆瓦级风力发电用三电平中压变流器
CN
20.02.2008
H02J 3/38 Loading...
H02J 3/38
Loading...
200720115528.9
哈尔滨九洲电气股份有限公司
李寅
H02J 3/38
Loading...
本实用新型公开了一种兆瓦级风力发电用三电平中压变流器。它包括三相电感、三相电容、发电机侧三电平变流器、直流侧滤波电容、网侧三电平变流器以及三相并网电感和三相滤波电容，发电机侧三电平变流器和网侧三电平变流器通过直流母线以背靠背形式连接。风力发电机连接三相电容后并联到三相电感的一端，三相电感的另一端连接发电机侧三电平变流器，发电机侧三电平变流器的直流输出端通过直流侧滤波电容连接网侧三电平变流器的直流母线侧，网侧三电平变流器的三相交流输出端连接三相并网电感，与三相滤波电容并联后连到升压变压器后并入电网。本实用新型不仅适用于永磁直驱式风力发电系统，而且还适用于中压双馈式风力发电系统。
196. 200990004 远程监控多功能开出卡
CN
12.12.2007
G05B 19/02 Loading...
G05B 19/02
Loading...
200620021564.4
哈尔滨九洲电气股份有限公司
周维来
G05B 19/02
Loading...
本实用新型属于自动控制技术领域，特别涉及一种远程监控多功能开关量输出卡，它是由单片机单元1、锁存器单元2、光耦单元3、继电器单元4和电平转换单元5组成，向外提供12路无源触点，使用单片机单元1控制每一路触点，控制和触点通过光耦单元3完全隔离，确保安全，单片机单元1和控制之间设置了控制琐存功能，不会出现因干扰产生触点误动作，单片机单元1通过电平转换单元5的RS485通讯模式与控制中心通讯，通讯距离可达1500m以上，而且每个卡设有卡号，可以多卡一起使用。
197. 101051793 Megawatt direct driving type wind and electric joint-net current transformer
CN
10.10.2007
H02M 5/44 Loading...
H02M 5/44
Loading...
200710072232.8
Jiuzhou Electrical Co., Ltd., Harbin
Li Yin
H02M 5/44
Loading...
The convertor includes three-phase filter capacitor (TFC), rectifier unit, and step up chopper unit, inverter unit at generator side as well as TFC and transformer at network side. Wind driven generator is connected to TFC, and TFC is connected to the rectifier unit. The rectifier unit is connected to the step up chopper unit, and the step up chopper unit is connected to the inverter unit. The inverter unit is connected to TFC, and the TFC is connected to transformer. The transformer is connected to power grid in power frequency. The invention reduces cost of Wind driven generation equipment greatly, and raises competitive power.
198. 200953484 不间断电源电网电源恢复切换装置
CN
26.09.2007
H02J 9/06 Loading...
H02J 9/06
Loading...
200620021209.7
哈尔滨九洲电气股份有限公司
李凯
H02J 9/06
Loading...
本实用新型提供的是不间断电源电网电源恢复切换装置。在供电线路上串接两个接触器KM1、KM2，它还包括UPS核心处理器，核心处理器通过五个接口与供电线路相连，信号口1连接外部电源，信号口2、3分别接三个并联的软切换电阻前侧与后侧，驱动口1、2分别与两个接触器KM1、KM2相连。本实用新型的装置可以保证在任何恶劣的工况下不出现过流，冲击，闪变的一系列电源切换的问题。显著提高不间断电源工作的稳定性。
199. 101013817 Full power combination converter for megawatt wind power generation
CN
08.08.2007
H02J 3/38 Loading...
H02J 3/38
Loading...
200710071740.4
Harbin Jiuzhou Electric Co., Ltd.
Li Yin
H02J 3/38
Loading...
The invention provides one megawatt wind motor power network integration alternator, which comprises wind motor and low voltage electrical net or lift transducer and at least two basic transducer power units with each one connected to form power main circuit, wherein, the basic transducer power unit comprises motor side three-phase PWM total transducer and PWM side integration transducer; power transducer main circuit output end connects low voltage network or lift transducer; the input end of transducer main circuit is connected to wind motor.
200. 101013818 Three-level medium voltage converter for megawatt wind power generation
CN
08.08.2007
H02J 3/38 Loading...
H02J 3/38
Loading...
200710071741.9
Harbin Jiuzhou Electric Co., Ltd.
Li Yin
H02J 3/38
Loading...
The invention discloses one megawatt wind motor three level transducer, which comprises three phase inductance, capacitor, motor three-level transducer, direct current filter capacitor, network side three-level alternating and parallel inductance and capacitor, wherein, the motor side three level transducer is connected to three level transducer through direct mother line; the wind motor connects three phase capacitor to one end of inductance with other end connected to the transducer; the direct current output end is connected to three level transducer direct mother line through filter capacitor.

