1. 202717914 用于捻机捻线断线监测、报警及数据采集、记录装置
CN
06.02.2013
D01H 13/16 Loading...
D01H 13/16
Loading...
201220099958.7
嘉兴市越龙提花织造有限公司
马力裕
D01H 13/16
Loading...
本实用新型涉及一种用于捻机捻线断线自动监测、报警及数据采集、记录装置。包括多个纱线传感器、多个数据监测模块、数据总线模块，报警提示器和中央数据处理器，其特征在于：所述的纱线传感器数量与捻机的捻纱锭子数量相同，每个纱线传感器分别安装在捻机的每锭纱线上，纱线传感器与数据监测模块连接，每个数据监测模块连接8个或16个或24个的纱线传感器，所有的数据监测模块与数据总线模块连接，数据总线模块与中央数据处理器连接，中央数据处理器还与报警提示器连接。本实用新型能减轻工人操作劳动强度，提高生产效率，为现代企业管理提供原始生产数据。
2. 202576747 前后型双经轴电子提花机
CN
05.12.2012
D03C 3/20 Loading...
D03C 3/20
Loading...
201220182734.2
嘉兴市越龙提花织造有限公司
金子敏
D03C 3/20
Loading...
本实用新型公开了一种前后型双经轴电子提花机，包括一个经轴，该经轴的上方设置有后梁，其特征在于：上述经轴为第一经轴，上述后梁为第一后梁，在第一经轴的后方设置有第二经轴，在第一后梁的上方设置有第二后梁，第二经轴的两端分别都设置有安放装置和张力调节机构，第二经轴与第一经轴平行，第二后梁与第一后梁平行，两根经轴之间设置有天桥架，天桥架的下方设置有下梁。本实用新型结构简单、所占空间小，操作方便，能输出不同经纱。
3. 201686805 一种用于扁平丝的剑头
CN
29.12.2010
D03D 47/23 Loading...
D03D 47/23
Loading...
201020177438.4
嘉兴市越龙提花织造有限公司
金子敏
D03D 47/23
Loading...
本实用新型公开了一种用于扁平丝的剑头，包括设置在织机梭口两侧的送纬剑头和接纬剑头，送纬剑头包括上夹片和下夹片，其特点在于：所述的上夹片设置有凹槽，下夹片上设置有凸面，凹槽和凸面两者相契合，上夹片和下夹片都具有弹性，所述的接纬剑头上设置有弹片。本实用新型能防止扁平丝从剑头中滑脱。
4. 201686809 纬线退绕装置
CN
29.12.2010
D03D 49/00 Loading...
D03D 49/00
Loading...
201020177447.3
浙江理工大学
金子敏
D03D 49/00
Loading...
本实用新型公开了一种纬线退绕装置，该纬线退绕装置，设置在织机的储纬器后面，其特点是：包括转杯、锭杆、阻尼环、感应器和电源连接线，所述转杯设置在储纬器后面，转杯内设置有锭杆，转杯杯口设置有阻尼环，扁平丝退绕处设置有感应器，转杯与电源连接线连接，并通过电源连接线与储纬器的电箱连接。本实用新型能减少扁平丝退绕产生的转曲。
5. 201506883 机织成型女裙织物
CN
16.06.2010
D03D 3/00 Loading...
D03D 3/00
Loading...
200920117703.7
嘉兴市越龙提花织造有限公司
金子敏
D03D 3/00
Loading...
本实用新型涉及一种机织成型女裙织物。该机织成型女裙织物，包括裙腰和裙身两部分，其特点是：裙腰与裙身部分织物一次成型，呈梯形状，梯形状织物左右两侧边缘设置有缝接部。该织物在下机后即为成品，无需裁剪仅将梯形状织物左右两侧边缘的缝接部缝牢就可制成裙装。
6. 101457433 Design method of two-sided different effect digital jacquard dress fabric
CN
17.06.2009
D03C 19/00 Loading...
D03C 19/00
Loading...
200810162430.8
Jiaxing Yuelong Jacquard Weaving Co., Ltd.
Jin Zimin
D03C 19/00
Loading...
The invention discloses a design method for double-faced different-effect digital jacquard weave garment material. The design method for the double-faced different-effect digital jacquard weave garment material is characterized in that the method comprises the steps as follows: (1) the front face effect design is carried out on the fabric to obtain a front pattern and the back face effect design is carried out on the fabric to obtain a back pattern; (2) the front pattern and the back pattern are superimposed to be displayed in one plan of weave, and then picking design, composite weave design, scale design, major weave needle-punching introduction and accessorial needle-punching introduction are carried out; (3) a composite digital weave plate is generated. The method is applicable to garment material development to weave double-faced different-effect digital jacquard weave garment material with different colors, patterns and stylistic characteristics on the front and back faces.

