1. 106016465 变频氟泵空调
CN
12.10.2016
F24F 1/00 Loading...
F24F 1/00
Loading...
102016000514270
四川依米康环境科技股份有限公司
宋俊峰
F24F 1/00
Loading...
本发明公开了变频氟泵空调，包括空调室内机、变频氟泵节能模块、空调室外机，以及中央控制器；所述变频氟泵节能模块包括输入口与空调室外机的制冷剂制冷循环输出口相连的储液罐，一端分别与储液罐的输出口连接的第一支路、第二支路，该第一支路、第二支路的另一端均连接至空调室内机的制冷剂制冷循环输入口，所述第一支路上设有变频氟泵和与变频氟泵连接的变频器；所述空调室内机内的压缩机还并行设置第六支路，该第六支路的一端连接至蒸发器的输出口，另一端连接至空调室外机的制冷剂制冷循环输入口。本发明采用三种制冷模式配合运行，整体提高全年能效比。
2. 205505193 一种风冷式模块化组合空调系统
CN
24.08.2016
F24F 1/00 Loading...
F24F 1/00
Loading...
201521128537.2
四川依米康环境科技股份有限公司
王冰霜
F24F 1/00
Loading...
本实用新型涉及空调设备领域，公开了一种风冷式模块化组合空调系统。所述空调系统中的室内机由分别具有分柜式框架的一个压缩模块和若干个蒸发模块组合而成，可以根据实际负荷情况配置蒸发器的个数，并实现独立搬运及自由组合，可大幅度的节约室内空间，从而解决现有节能空调不能很好满足搬运场地空间的限制、气流组织不合理、制冷效果差、能效比低、供货周期长等问题，使其具有适用性强和稳定可靠的特点，便于实际推广和应用。
3. 205505208 一种与机柜一体化的嵌入式节能空调
CN
24.08.2016
F24F 1/00 Loading...
F24F 1/00
Loading...
202016000306956
四川依米康环境科技股份有限公司
李猛
F24F 1/00
Loading...
本实用新型公开了一种与机柜一体化的嵌入式节能空调，改善了现有数据中心机房空调占地面积大，冷量损失大，制冷效率低的问题。本实用新型包括空调壳体，以及设置于空调壳体内的表冷器；所述表冷器将空调壳体内部分隔成两个空腔，其中一个空腔为回风风道，另一个空腔为送风风道；所述空调壳体上设有与回风风道连通的回风口，还设有与送风风道连通的送风口；所述空调壳体内部还设有位于送风风道内的风机。本实用新型可直接将冷风送达服务器设备进风口，送风距离最短，减少了气流冷量的损失和冷热气流的直接混合机会，制冷效率高，达到节能的效果。
4. 105792609 一种高效节能嵌入式机柜一体化机房空调
CN
20.07.2016
H05K 7/20 Loading...
H05K 7/20
Loading...
201610225538.1
四川依米康环境科技股份有限公司
李猛
H05K 7/20
Loading...
本发明公开了一种高效节能嵌入式机柜一体化机房空调，改善了现有机房热点问题。本发明包括服务器机柜，以及设置于服务器机柜下部并与服务器机柜内部连通的制冷装置；所述服务器机柜与制冷装置形成一个密闭空间；所述服务器机柜内设有服务器；所述制冷装置内设有换热器和风机；所述服务器与换热器将密闭空间分隔成两个空腔。所述换热器为翅片式高效蒸发器。本发明可实现单个机柜温度控制，每个服务器系统配备一套制冷系统，有效解决了机房热点问题。
5. 105737270 一种空调用低压控制及能量调节装置
CN
06.07.2016
F24F 1/06 Loading...
F24F 1/06
Loading...
102016000111458
四川依米康环境科技股份有限公司
许辉
F24F 1/06
Loading...
本发明公开了一种空调用低压控制及能量调节装置，其中：包括室外机，与所述室外机依次连接的储液器、干燥过滤器、视液镜、蒸发器、加热带、压缩机、安全阀，所述蒸发器连接有蒸发风机，所述安全阀再与所述室外机连接；所述视液镜与所述安全阀之间安装有热气旁通装置，所述热气旁通装置包括三通、电磁阀A、热气喷射室A，所述热气喷射室A分别与所述视液镜、所述蒸发器连接，所述三通分别与所述电磁阀A、所述安全阀、所述压缩机连接，所述电磁阀A设在所述热气喷射室A与所述三通之间。该装置根据机房负载的变化调节自身的能量输出，满足数据中心机房的温度、湿度及出风条件的要求；同时机房空调具有较高的可靠性，能够在极端条件下正常运行。
6. 105066262 一种集装箱数据中心应用场景的半柜式环保型节能空调
CN
18.11.2015
F24F 1/00 Loading...
F24F 1/00
Loading...
201510580916.3
四川依米康环境科技股份有限公司
王冰霜
F24F 1/00
Loading...
本发明公开了一种集装箱数据中心应用场景的半柜式环保型节能空调，解决了现有节能空调不能很好满足集装箱数据中心应用场景的限制、制冷效果差、抗腐蚀能力弱、绿色环保限制等问题。该环保型节能空调包括具有风机段和制冷段分柜设计；制冷段管路设计兼容上下接管、上下排水、上下布线；机械制冷系统使用环保型制冷剂的直流变频技术，快速响应机房的负荷变化，精确控制温湿度，风机N+1冗余配置，保证机组可靠运行；外机新材料、新工艺的使用，确保系统抗腐蚀能力，增强集装箱数据中心的广泛应用。本发明采用的半柜式环保变频技术和防腐蚀设计，有效地解决了现有技术的缺陷。
7. 204693906 一种能解决机房空调储液罐消耗过冷度的机房系统
CN
07.10.2015
F25B 41/00 Loading...
F25B 41/00
Loading...
201520306429.3
四川依米康环境科技股份有限公司
许辉
F25B 41/00
Loading...
本实用新型公开了一种能解决机房空调储液罐消耗过冷度的机房系统，解决现有空调系统中储液罐消耗过冷度的问题。本实用新型，包括依次通过管道连通压缩机、冷凝器、储液罐、干燥过滤器、膨胀阀、蒸发器，以及用于控制整个机房系统的控制器；所述蒸发器还回连于压缩机；还包括设置于压缩机与冷凝器之间的排气压力传感器，设置于蒸发器与压缩机之间的吸气压力传感器，以及与控制器相连并用于监测室外温度的室外温度传感器；所述冷凝器与干燥器之间还设有旁通系统。本实用新型可以在机组冷凝器不增加成本的情况下，能效提升5%，符合国家节能减排的要求；同时本实用新型可以降低系统冷媒充注量达15%，符合国家绿色环保要求。
8. 203797807 集加湿、新风及空气处理一体的节能空调
CN
27.08.2014
F24F 1/02 Loading...
F24F 1/02
Loading...
201420142603.0
四川依米康环境科技股份有限公司
李猛
F24F 1/02
Loading...
本实用新型公开了一种集加湿、新风及空气处理一体的节能空调，解决了现有数据中心机房耗能高的问题。该集加湿、新风及空气处理一体的节能空调包括机柜（1），设置在机柜（1）内对空气进行加湿和降温的湿膜加湿机构，位于机柜（1）内顶部用于回风及新风输送的控风机构，提供水源的供水机构，位于机柜（1）内底部的风机（11），形成于机柜（1）内部用于将空气从控风机构经风机送出的风道，以及控制运行的电控箱（9）。本实用新型采用双层加湿降温，并配合新风焓值控制法，最大限度地提高了空调的节能减排效果。
9. 203687265 微通道热管节能空调机组
CN
02.07.2014
F24F 5/00 Loading...
F24F 5/00
Loading...
201420069995.2
四川依米康环境科技股份有限公司
宋俊峰
F24F 5/00
Loading...
本实用新型公开了一种微通道热管节能空调机组，主要解决了现有基站空调机组耗能高，设备结构复杂，维护成本高等问题。该微通道热管节能空调机组包括放置于机房室内的微通道蒸发器（1），与微通道蒸发器（1）配合工作的第一风机（2），放置于机房室外且设置位置高于微通道蒸发器（1）的微通道冷凝器（3），以及与微通道冷凝器（3）配合工作的第二风机（16），微通道蒸发器（1）与微通道冷凝器（3）之间连接有由导热材料制成的液管（4）和气管（5），液管（4）位于机房室外的部分呈螺旋盘管状，在液管（4）和气管（5）上均安装有截止阀。本实用新型结构简单、设计合理、实现方便。
10. 203687464 一种翅片管式换热器
CN
02.07.2014
F25B 39/02 Loading...
F25B 39/02
Loading...
201420069594.7
四川依米康环境科技股份有限公司
徐中华
F25B 39/02
Loading...
本实用新型公开了一种翅片管式换热器，主要解决了现有翅片管式换热器上冷凝水易聚结，给机房设备运行带来安全隐患的问题。该翅片管式换热器包括翅片式换热盘管（3），其特征在于，还包括设置在翅片式换热盘管（3）两侧的边板（1），设置在翅片式换热盘管（3）中部并将其分为上下两部分的中间接水盘（2），设置在翅片式换热盘管（3）底部的底板（4），以及与底板（4）连接并用于接收中间接水盘（2）及翅片式换热盘管（3）上的冷凝水的下接水盘（5）；其中，翅片式换热盘管（3）两侧端部穿出边板（1）。本实用新型不仅结构简单、设计合理，而且成本低廉、实现方便，可有效地排出翅片式换热盘管上的冷凝水。
11. 203691852 一体式数据中心机房
CN
02.07.2014
H05K 7/20 Loading...
H05K 7/20
Loading...
201420069748.2
四川依米康环境科技股份有限公司
张云娟
H05K 7/20
Loading...
本实用新型公开了一种一体式数据中心机房，主要解决了现有空调系统耗能高的问题。该一体式数据中心机房包括箱体以及安装在箱体内的服务器和制冷装置；其中，沿箱体竖向设置有与其上下两端连接的保温隔热板，通过该保温隔热板将箱体分为制冷柜和服务器机柜两部分，制冷柜内安装有制冷装置，该制冷装置通过管道连接有室外机并与其组合构成制冷系统，服务器机柜内安装有服务器；保温隔热板的前后两端与制冷柜和服务器机柜的前后两端之间分别设有与制冷柜和服务器机柜连通的冷空气通道和热空气通道。本实用新型不仅结构简单、设计合理，而且成本低廉、实现方便。
12. 203323288 数据中心超薄壁式制冷系统
CN
04.12.2013
F24F 5/00 Loading...
F24F 5/00
Loading...
201320396029.7
四川依米康环境科技股份有限公司
王倩
F24F 5/00
Loading...
本实用新型公开了一种数据中心超薄壁式制冷系统，主要解决了现有技术中，数据中心的空调系统能耗非常高，导致数据中心运营成本增加的问题。该数据中心超薄壁式制冷系统包括制冷机构，与该制冷机构相连并设置于机房内的空调壁机构，以及为所述数据中心超薄壁式制冷系统运行提供动力的动力系统。所述空调壁机构包括由至少一个与制冷机构相连的空调壁单元（1）组成的空调壁主体，以及将机房内产生的热空气吸入空调壁单元（1）进行冷却并将冷却后的冷空气再送入机房内的风机（2）。本实用新型结构设计合理、换热效率高、占用面小。因此，适合推广应用。
13. 103307684 数据中心空调壁
CN
18.09.2013
F24F 5/00 Loading...
F24F 5/00
Loading...
201310279160.X
四川依米康环境科技股份有限公司
王倩
F24F 5/00
Loading...
本发明公开了一种数据中心空调壁，主要解决了现有技术中，数据中心的空调系统能耗非常高，导致数据中心运营成本增加的问题。该数据中心空调壁包括制冷系统，与该制冷系统相连并设置于机房内的空调壁机构，以及为所述数据中心空调壁运行提供动力的动力系统。所述空调壁机构包括由至少一个与制冷系统相连的空调壁单元（1）组成的空调壁主体，以及将机房内产生的热空气吸入空调壁单元（1）进行冷却并将冷却后的冷空气再送入机房内的风机（2）。本发明结构设计合理、换热效率高、占用面小。因此，适合推广应用。
14. 102878617 Ceiling air-conditioning system based on container type data center
CN
16.01.2013
F24F 1/00 Loading...
F24F 1/00
Loading...
201210394512.1
四川依米康环境科技股份有限公司
王倩
F24F 1/00
Loading...
The invention discloses a ceiling air-conditioning system based on a container type data center, for solving the problem that a cooling system is high in energy consumption in the prior art. The air-conditioning system comprises an indoor unit main body comprising an inner joint, an evaporator, an air return port, an electric control box and a joint box, and an outdoor unit main body comprising an outer joint, an external electric control box, a liquid storage tank, a compressor, a gas-liquid separator, a condenser fan and a condenser, wherein the inner joint is connected with the outer joint; the indoor unit main body is arranged on the top of a container; the evaporator, the gas-liquid separator, the compressor, the condenser, the liquid storage tank and an expansion valve are sequentially connected; the evaporator is connected to the expansion valve; an EC fan is arranged at an air outlet; and a temperature sensor connected with the electric control box is arranged at the air return port. According to the ceiling air-conditioning system, the resources are effectively utilized under the condition that the data center is normally used, and the energy consumption of the cooling system is reduced, so that the operating cost of the data center is greatly reduced.
15. 202074749 双动力源泵节能空调机组
CN
14.12.2011
F25B 25/00 Loading...
F25B 25/00
Loading...
201120190827.5
四川依米康环境科技股份有限公司
李马林
F25B 25/00
Loading...
本实用新型公开了一种双动力源泵节能空调机组，属于空调制冷机组，主要解决了现有技术中压缩机制冷机组在温度低的环境中制冷效果差的问题。该双动力源泵节能空调机组，包括主要由压缩机、冷凝器、储液器、干燥过滤器、蒸发器和气液分离器组成的压缩机制冷机组，所述压缩机、冷凝器、储液器、干燥过滤器、蒸发器和气液分离器依次通过传输管道连接，且气液分离器还回连于压缩机，此外，还设置有与所述储液器与干燥过滤器之间的传输管道并联的氟泵制冷机组。本实用新型实现了两个制冷机组的自由切换，并利用氟泵制冷机组大大提高了温度低的环境下的制冷效果，节约了成本。
16. 102230685 Pump energy-saving air conditioning unit with double power sources and control method thereof
CN
02.11.2011
F25B 25/00 Loading...
F25B 25/00
Loading...
201110152404.9
Sichuan Yimikang Environment Technology Co., Ltd.
Li Malin
F25B 25/00
Loading...
The invention discloses a pump energy-saving air conditioning unit with double power sources and belongs to an air conditioning refrigerating unit, and the unit provided by the invention is mainly used for solving the problem of poor refrigerating effect of the compressor refrigerating unit under the low-temperature environment in the prior art. The fluorine pump energy-saving air conditioning unit with double power sources comprises a compressor refrigerating unit mainly consisting of a compressor, a condenser, a liquid accumulator, a dry filter, an evaporator and a gas-liquid separator, wherein the compressor, the condenser, the liquid accumulator, the dry filter, the evaporator and the gas-liquid separator are successively connected via a transmission pipeline; the gas-liquid separator is back connected with the compressor; and in addition, and the fluorine pump energy-saving air conditioning unit with the double power sources is also provided with a fluorine pump refrigerating unit connected with the transmission pipeline between the liquid accumulator and the dry filter in parallel. The invention also discloses a control method of the energy-saving air conditioning unit, and is mutually matched with the energy-saving air conditioning unit to freely switch two refrigerating units; the refrigeration effect of the fluorine pump conditioning unit under the low-temperature environment is greatly improved by the fluorine pump conditioning unit; and the cost is saved.
17. 201934334 一种空调机
CN
17.08.2011
F04D 25/08 Loading...
F04D 25/08
Loading...
201020684461.2
四川依米康环境科技股份有限公司
杨力
F04D 25/08
Loading...
本实用新型公开了一种空调机，主要包括风机和电动机，所述电动机安装于辅助安装系统内部，并通过传动皮带与风机连接，所述电动机的底部还设置有高度可调的自动调节装置，该自动调节装置与辅助安装系统内壁相互连接。在此基础上，本实用新型解决了现有技术中传动皮带容易因松弛而导致传动效率下降和抖晃等问题，实现了保证传动皮带始终处于张紧状态的目的，并且能有效地对电动机抖晃产生缓冲效果。
18. 201884375 机组组装的挂钩式装配结构
CN
29.06.2011
F16B 1/00 Loading...
F16B 1/00
Loading...
201020606388.7
四川依米康环境科技股份有限公司
邓安均
F16B 1/00
Loading...
本实用新型公开了一种机组组装的挂钩式装配结构，主要由立柱(1)以及与立柱(1)连接的横梁(2)组成，与横梁(2)接触的立柱(1)端面上设有固定孔(3)，与立柱(1)接触的横梁(2)端面上设有嵌入固定孔(3)内的挂钩(4)。本实用新型采用上述结构，能提高装配稳定性和装配效率，解决空间有限带来的装配困难，节约时间，节省成本。
19. 102075032 Air conditioner and method for installing electromotor of belt fan in air conditioner
CN
25.05.2011
H02K 7/14 Loading...
H02K 7/14
Loading...
201010609352.9
Sichuan Yimikang Environmental Tech. Co., Ltd.
Yang Li
H02K 7/14
Loading...
The invention discloses an air conditioner which mainly comprises a fan and an electromotor, wherein the electromotor is installed in the inner part of an auxiliary mounting system, and is connected with the fan through a driving belt; the bottom of the electromotor is also provided with an automatic regulating device with adjustable height; and the automatic regulating device is interconnected with the inner wall of the auxiliary mounting system. On the basis, the invention also discloses an method for installing the electromotor in the air conditioner, the problems that the descending of transmission efficiency and shaking at the like caused by the high slack possibility of the transmission belt in the prior art are solved, the aim of ensuring the transmission belt to be always at a tense state is realized, besides, the buffer effect for the shaking of the electromotor can be generated effectively.
20. 102062460 Accurate air supply system of air conditioning unit and realizing method thereof
CN
18.05.2011
F24F 11/02 Loading...
F24F 11/02
Loading...
201110022697.9
Sichuan YMK Environmental Technology Co., Ltd.
Wang Qian
F24F 11/02
Loading...
The invention discloses an accurate air supply system of an air conditioning unit, belonging to telecommunication machine room temperature control technologies and mainly solving the problem that the air output of the air conditioner in the prior art is free from the control of actual ambient temperature to influence the degree of temperature regulation. The accurate air supply system of the air conditioning unit mainly comprises a fan and a controller and is characterized in that the controller comprises an upper controller and a lower controller, wherein the upper controller comprises a microprocessor, as well as an input device, an output device, a temperature sensor and a control switch which are respectively connected with the microprocessor, the lower controller is connected with the output device, and the fan is connected with the lower controller. The invention also discloses a realizing method of the hardware. The accurate air supply system and the realizing method thereof are favorable for not only realizing the accurate control of the air output but also guaranteeing that telecommunication facilities always work in an environment at an optimal temperature, and have greatly improved practical values.
21. 201731595 基于新风空调的新风阀
CN
02.02.2011
F24F 13/10 Loading...
F24F 13/10
Loading...
201020500389.3
四川依米康环境科技股份有限公司
王倩
F24F 13/10
Loading...
本实用新型公开了一种基于新风空调的新风阀，属于空调制冷技术，主要解决了现有技术中冷空气在新风阀中能量流失大的问题。该新风阀，包括箱体，以及设置于箱体内的调节风阀板，转轴穿过调节风阀板且其两端分别设置于箱体两相对侧壁上，其特征在于，所述箱体由风道上组件和风道下组件组成，且两者的连接部位设置有隔热面。本实用新型能有效的防止调节风阀板与风通道之间以及箱体自身的能量传递，极大地减少能量的损失，以及提高制冷效率，节约能源，具有很高的实用价值。
22. 101907342 Fresh air conditioner based fresh air valve
CN
08.12.2010
F24F 13/10 Loading...
F24F 13/10
Loading...
201010259478.8
Sichuan YMK Environmental Technology Co., Ltd.
Wang Qian
F24F 13/10
Loading...
The invention discloses a fresh air conditioner based fresh air valve, belonging to the air conditioning refrigeration technology and mainly solving the problem of the prior art that large energy loss is caused when cold air is in the fresh air valve. The fresh air valve comprises a box body and an air valve plate regulating plate arranged in the box body; a rotating shaft passes through the air valve regulating plate; and two ends of the rotating shaft are respectively arranged on two opposite side walls of the box body. The fresh air valve is characterized in that the box body consists of an air channel upper assembly and an air channel lower assembly; and a heat-insulating surface is arranged at the connected part of the air channel upper assembly and the air channel lower assembly. The invention can effectively prevent the energy transmission between the air valve regulating plate and air channels, as well as the energy transmission of the box body, greatly reduce the energy loss, improve the refrigeration efficiency and save energy sources and has high practical value.
23. 201652615 一种节能静音空调机
CN
24.11.2010
F24F 1/00 Loading...
F24F 1/00
Loading...
201020135551.6
四川依米康环境科技股份有限公司
王倩
F24F 1/00
Loading...
本实用新型公开了一种节能静音空调机，包括安装在机柜内的与压缩机正常连接的蒸发器、与电机转动连接的皮带风机、风道，其中蒸发器是倒V型结构；风道与皮带风机、空调机组出风口刚性连接，将风机出风口到空调机组出风口的区域与空调机柜的其它空间隔离；风道壳体由镀锌板材折弯而成，在壳体内嵌贴吸音材料层。采用本实用新型实现了蒸发性能的高效节能，显著的送风效果，并且能够降低空调机运行噪音，对空调机进行维护时不影响空调工作效率。
24. 201652616 一种有自张紧装置的节能空调机
CN
24.11.2010
F24F 1/00 Loading...
F24F 1/00
Loading...
201020135578.5
四川依米康环境科技股份有限公司
王倩
F24F 1/00
Loading...
本实用新型公开了一种有自张紧装置的节能空调机，包括安装在机柜内的蒸发器、压缩机、皮带风机、风机电机、风道，其中倒V型结构的蒸发器安装在入风口处；皮带风机通过皮带与风机电机实现转动连接，风机电机采用皮带自张紧安装技术安装在电动机安装板上，电动机安装板的一端铰接在安装框架的一端；风道与皮带风机、空调机组出风口刚性连接，将风机出风口到空调机组出风口的区域与空调机柜的其它空间隔离。本实用新型优化了风机的运行性能，实现了空调机性能的高效节能，送风效果显著，并且能够降低空调机运行噪音，对空调机进行维护时不影响空调工作效率。
25. 201585234 空调机组送风装置
CN
15.09.2010
H05K 7/20 Loading...
H05K 7/20
Loading...
201020301591.3
四川依米康环境科技股份有限公司
王倩
H05K 7/20
Loading...
本实用新型涉及空调机组送风装置，它包括控制器、调速器以及风机，控制器连接温度传感器和调速器，调速器连接风机的马达。本实用新型的优点是控制器控制调速器来改变送向机柜的风量，实现定点、定量输送冷气，这样可以将整个机房环境温度降到要求的设定值，保证每个服务器机柜的散热，保证用户设备安全运行，为服务器工作提供保障。
26. 201582955 组合式空调机组
CN
15.09.2010
F24F 13/00 Loading...
F24F 13/00
Loading...
201020301609.X
四川依米康环境科技股份有限公司
王倩
F24F 13/00
Loading...
本实用新型涉及空调末端组合机模块的现场组装领域。它包括功能段和连接件，其关键技术是连接件包括框架法兰，框架法兰包括框架段和连接段，框架段连接于各功能段上；连接段上设有长条孔，在其中一框架法兰的长条孔处铆接拉铆螺母，拉铆螺母由螺栓通过另一框架法兰的长条孔连接。本实用新型组装效率高，断冷能力和密封性能优越。
27. 201582956 空调机内风道
CN
15.09.2010
F24F 13/02 Loading...
F24F 13/02
Loading...
200920310465.1
四川依米康环境科技股份有限公司
王倩
F24F 13/02
Loading...
本实用新型涉及空调机组出风口的配件，具体涉及到安装在空调机组内出风口处的风道。它包括风道壳体以及嵌贴在壳体内的吸音材料层，内风道两端分别与空调风机和空调机组出风口刚性连接。本实用新型能将冷风流经的通道与空调机柜的其它空间隔离，使冷风在流经风道时产生的噪音被其内层的吸音材料有效吸收，有效地降低了空调机运行的噪音，而且对空调机进行维护时不影响空调工作效率，能在机组正常工作的情况下进行维护。
28. 201496497 皮带传动自张紧装置
CN
02.06.2010
F16H 7/08 Loading...
F16H 7/08
Loading...
200920310438.4
四川依米康环境科技股份有限公司
王倩
F16H 7/08
Loading...
本实用新型涉及一种传动系统的自动调节机构，具体涉及到皮带传动时的自张紧机构。它包括安装框架和电动机安装板，电动机安装板的一端铰接在安装框架的一端。本实用新型消除了因传动皮带松弛引起的起动打滑和传动中打滑的现象，使传动皮带始终处于张紧状态，以达到使传动效率始终基本保持在设计水平的目的，有效地控制了因皮带蠕变变形所造成的抖晃影响，而且结构简单。

