1. 104118879 一种硅芯母料的制备方法
CN
22.06.2016
C01B 33/035 Loading...
C01B 33/035
Loading...
102014000382967
四川永祥多晶硅有限公司
李川
C01B 33/035
Loading...
本发明提供一种硅芯母料的制备方法，包括将三氯氢硅气体和氢气通入还原炉中反应制备多晶硅棒产品料，然后从多晶硅棒产品料中选择出直径为110-130mm的符合硅芯母料要求的多晶硅棒，切割成拉制硅芯所需要的长度，洁净处理后得硅芯母料。采用本发明生产硅芯母料能减少还原用氢气的用量，可有效降低生产硅芯母料的能耗，从而降低生产成本。
2. 105274616 一种提高硅芯母料利用率的方法
CN
27.01.2016
C30B 13/00 Loading...
C30B 13/00
Loading...
201410272047.3
四川永祥多晶硅有限公司
冯德志
C30B 13/00
Loading...
本发明为了解决拉制过程中硅芯母料浪费大的问题，提供了一种提高硅芯母料利用率的方法。其特征在于：将切割好的硅芯母料的一端与棒料的一端连接，棒料的另一端装夹于硅芯炉的料座中，再对硅芯母料进行拉制。通过在硅芯母料下端粘接一段棒料来代替尾料，从而让料座与线圈保持一定距离，有效的保护了料座。提高了硅芯母料的利用率，使得硅芯的成本大幅下降。
3. 105060298 一种多晶硅生产中高沸物制备有机硅的处理方法和装置
CN
18.11.2015
C01B 33/107 Loading...
C01B 33/107
Loading...
201510491639.9
四川永祥多晶硅有限公司
何鹏
C01B 33/107
Loading...
本发明公开了一种多晶硅生产中高沸物制备有机硅的处理方法和装置，包括依次相连的预处理单元、裂解反应器以及精馏塔B，适用于对来自于精馏工序的氯硅烷精馏塔釜液、来自于冷氢化工序和/或氯氢化工序含硅粉废液中的高沸物进行处理，较现有技术公开的仅对还原CVD的高沸物进行处理的装置系统而言，能更适应目前产量日益提高的多晶硅企业，更加全面、系统的执行多晶硅企业节能、降排的生产目标。
4. 204589377 一种圆盘锯电机冷却装置
CN
26.08.2015
C30B 28/14 Loading...
C30B 28/14
Loading...
201520191831.1
四川永祥多晶硅有限公司
陈彬
C30B 28/14
Loading...
本实用新型涉及一种圆盘锯电机冷却装置，包括圆盘锯电机、传动皮带、圆盘锯电机开关、风扇和机罩，所述圆盘锯电机和传动皮带安装在机罩内，所述机罩上开设有4个散热孔，4个散热孔呈一字排开，所述每个散热孔表面覆盖有滤网，所述机罩上还开设有用于安装风扇的安装孔，所述风扇通过安装孔安装在机罩上，所述安装孔的孔直径与风扇扇叶的直径相同，所述风扇的电源开关与圆盘锯电机开关关联。本实用新型解决了圆盘锯工作负荷增加带来的电机及皮带过热，顺利的推进硅芯料大直径技改工作，避免重新采购新的切割设备，保证圆盘锯设备在较高负荷时的可靠运行。
5. 204529328 一种四氯化硅汽化器
CN
05.08.2015
C01B 33/107 Loading...
C01B 33/107
Loading...
201520191892.8
四川永祥多晶硅有限公司
周奇
C01B 33/107
Loading...
本实用新型涉及一种四氯化硅汽化器，包括汽化罐体和换热管，换热管纵向排列在汽化罐体内，汽化罐体的顶部设置有合成气体进口，汽化罐体底部设置有合成气体出口，汽化罐体侧面设置有四氯化硅液体进口和四氯化硅气体出口，合成气体进口和合成气体出口与换热管相连通，四氯化硅液体进口和四氯化硅气体出口与汽化罐体连通。本实用新型充分利用四氯化硅在进行冷氢化反应后的高温合成气体中的热量汽化四氯化硅，大大减少了能量的消耗，同时不再使用高温导热油，大大降低了四氯化硅汽化成本。
6. 204529327 一种硅芯炉拆炉取料的工装
CN
05.08.2015
C01B 33/035 Loading...
C01B 33/035
Loading...
201520191326.7
四川永祥多晶硅有限公司
陈彬
C01B 33/035
Loading...
本实用新型涉及一种硅芯炉拆炉取料的工装，包括上圆盘、下圆盘、支撑脚和六根支撑杆，所述上圆盘通过六根支撑杆与下圆盘固定连接，所述支撑脚固定在下圆盘上，所述上圆盘设有缺口Ⅰ，下圆盘设有缺口Ⅱ，所述缺口Ⅰ和缺口Ⅱ的开口方向一致，所述缺口Ⅰ和缺口Ⅱ之间形成硅芯炉下轴升降杆套入腔，所述上圆盘上设有把手。本实用新型避免了硅芯炉拆炉过程可能引起的砸伤或烫伤，并有效节约了拆炉时间，提高硅芯拉制的生产效率。
7. 204529329 一种四氯化硅冷氢化装置
CN
05.08.2015
C01B 33/107 Loading...
C01B 33/107
Loading...
201520191893.2
四川永祥多晶硅有限公司
周奇
C01B 33/107
Loading...
本实用新型涉及一种四氯化硅冷氢化装置包括汽化器、电加热器、冷氢化反应器和除尘洗涤塔，所述汽化器通过管道分别与洗涤塔、电加热器和冷氢化反应器相连，所述电加热器通过管道与冷氢化反应器相连。本实用新型充分利用四氯化硅在进行冷氢化反应后的高温合成气体中的热量汽化四氯化硅，大大减少了能量的消耗，同时不再使用高温导热油，大大降低了四氯化硅汽化成本。
8. 204079495 一种二氯二氢硅反歧化液固流化床反应器
CN
07.01.2015
C01B 33/107 Loading...
C01B 33/107
Loading...
201420325076.7
四川永祥多晶硅有限公司
周奇
C01B 33/107
Loading...
本实用新型公开了一种二氯二氢硅反歧化液固流化床反应器，涉及二氯二氢硅反歧化反应领域。本实用新型包括筒体（1），所述筒体（1）底端设置有废催化剂出口（2），所述筒体（1）底部侧壁上设置有原料液入口（3），所述筒体（1）上部侧壁上设置有催化剂入口（4）和产品液出口（5），所述筒体（1）顶端设置有放空口（6）。本实用新型的二氯二氢硅反歧化液固流化床反应器催化剂装填量更大，体积更小，更换催化剂简单方便，有效的防止催化剂的板结提高反应转化率。
9. 203938748 一种提高硅芯母料利用率的装置
CN
12.11.2014
C30B 13/00 Loading...
C30B 13/00
Loading...
201420324985.9
四川永祥多晶硅有限公司
李川
C30B 13/00
Loading...
本实用新型为了解决拉制过程中硅芯母料浪费大的问题，提供了一种提高硅芯母料利用率的装置。其特征在于：包括硅芯炉的料座，所述硅芯炉的料座上连接有一段棒料。通过在硅芯母料下端粘接一段棒料来代替尾料，从而让料座与线圈保持一定距离，有效的保护了料座。提高了硅芯母料的利用率，使得硅芯的成本大幅下降。
10. 203922736 一种多晶硅还原炉底盘和尾气冷却结构
CN
05.11.2014
C01B 33/035 Loading...
C01B 33/035
Loading...
201420325075.2
四川永祥多晶硅有限公司
甘居富
C01B 33/035
Loading...
本实用新型公开了一种多晶硅还原炉底盘和尾气冷却结构，涉及改良西门子法多晶硅还原炉和硅烷CVD法多晶硅还原炉底盘和尾气冷却工艺设备。本实用新型包括还原炉底盘、设置在还原炉底盘底部的冷却水管、连接在还原炉底盘底部的排气管、底盘冷却水入口管和底盘冷却水出口管；所述排气管上设置有夹层套管，所述冷却水管与排气管的夹层套管连通；本实用新型将底盘冷却和尾气冷却采用不同的温度的冷却水，进而将还原炉底盘下的冷却结构进行改变，改变后的冷却结构，能够充分利用尾气中的热量副产水蒸气，增加效益，不造成热量的浪费。
11. 203922737 一种氯硅烷中不凝气的解吸装置
CN
05.11.2014
C01B 33/107 Loading...
C01B 33/107
Loading...
201420324751.4
四川永祥多晶硅有限公司
何鹏
C01B 33/107
Loading...
本实用新型涉及一种氯硅烷不凝气的解吸装置，包括四台冷凝器、压缩机、两台换热器、解吸塔、两座洗涤塔，第一换热器与第一洗涤塔相连，第一洗涤塔与第一冷凝器相连，第一冷凝器与压缩机相连，压缩机与第二洗涤塔相连，第二洗涤塔与第一换热器相连，第二洗涤塔与第二冷凝器相连，第二冷凝器与第二换热器相连，第二换热器与第三冷凝器相连，第三冷凝器与第四冷凝器相连，所述第一洗涤塔、第二洗涤塔、第二换热器、第三冷凝器和第四冷凝器均与解吸塔相连，解吸塔连接有再沸器。本实用新型该解吸装置充分利用了混合气中的余热，大大减小了整个工艺的能耗，同时还能保证解吸后硅烷含不凝气的量在5ppm以下。
12. 203922738 一种冷氢化湿法除尘渣浆接收罐
CN
05.11.2014
C01B 33/107 Loading...
C01B 33/107
Loading...
201420324884.1
四川永祥多晶硅有限公司
李斌
C01B 33/107
Loading...
本实用新型公开了一种冷氢化湿法除尘渣浆接收罐，涉及多晶硅冷氢化除尘设备领域。本实用新型所述渣浆接收罐（3）顶端设置有渣浆入口阀（31），所述渣浆接收罐（3）顶端还设置有平衡阀（32）和放空阀（33）；所述渣浆接收罐（3）底部设置有渣浆出口阀（35）；所述渣浆接收罐（3）中部侧壁上还设置有充压阀（34）；本实用新型在冷氢化洗涤塔塔底部设置一渣浆接收罐，采用渣浆接收罐作为解除系统压力的手段，而不是通过盘阀减压，从而降低系统磨损，降低故障率。
13. 203916447 一种氯硅烷尾气湿法洗涤装置
CN
05.11.2014
B01D 53/78 Loading...
B01D 53/78
Loading...
201420324828.8
四川永祥多晶硅有限公司
周奇
B01D 53/78
Loading...
本实用新型公开了一种氯硅烷尾气湿法洗涤装置，涉及多晶硅行业的含氯硅烷和氯化氢的工艺尾气湿法水解装置，属于多晶硅废弃物处理领域。本实用新型的主要内容就是在采用两级文丘里洗涤器串联的形式对工艺尾气中的待处理组分如：氯硅烷、氯化氢等进行吸收。本实用新型洗涤效果非常好，在洗涤器中气液接触非常充分，废气中大部分氯硅烷和氯化氢在文丘里中都被吸收。文丘里洗涤器的体积较小，两级文丘里洗涤器的洗涤流程较双塔串联淋洗塔的投资要小的多。文丘里喉管处的流速非常快，氯硅烷水解产物不容易堆积堵塞，较双塔串联淋洗塔相比，连续操作时间大大延长。
14. 203922739 一种三氯氢硅合成炉
CN
05.11.2014
C01B 33/107 Loading...
C01B 33/107
Loading...
201420324903.0
四川永祥多晶硅有限公司
罗周
C01B 33/107
Loading...
本实用新型涉及一种三氯氢硅合成炉，包括反应段、气体分布板和下封头，下封头连接在反应段上，气体分布板连接在下封头上，所述气体分布板上设置有喷嘴，喷嘴位于下封头内。该合成炉改变了喷嘴的安装位置，消除了喷嘴的喷气死区，使得氯化氢气体与所有硅粉进行反应，生成三氯氢硅，提高硅粉利用率，同时还能避免由于硅粉的累积造成的塌炉。
15. 104016353 Cold hydrogenation wet-process dust removal slag slurry discharging system and method
CN
03.09.2014
C01B 33/107 Loading...
C01B 33/107
Loading...
201410271829.5
四川永祥多晶硅有限公司
刘汉元
C01B 33/107
Loading...
The invention discloses a cold hydrogenation wet-process dust removal slag slurry discharging system and method, relating to the field of polysilicon cold hydrogenation dust removal equipment. The system comprises a washing tower and a slag slurry treatment device, and is characterized by also comprising a slag slurry receiving tank, wherein the slag slurry receiving tank is arranged between the washing tower and the slag slurry treatment device; the top end of the slag slurry receiving tank is provided with a slag slurry inlet valve; the slag slurry inlet valve is fixedly connected with the bottom of the washing tower; the top end of the slag slurry receiving tank is also provided with a balance valve and an emptying valve; and the bottom of the slag slurry receiving tank is provided with a slag slurry outlet valve. The bottom of the cold hydrogenation washing tower is provided with the slag slurry receiving tank, and the system pressure is relieved by using the slag slurry receiving tank instead of a disk valve, thereby reducing the system abrasion and lowering the failure rate.
16. 104016350 一种多晶硅还原炉底盘和尾气冷却系统及其方法
CN
03.09.2014
C01B 33/035 Loading...
C01B 33/035
Loading...
201410271830.8
四川永祥多晶硅有限公司
冯德志
C01B 33/035
Loading...
本发明公开了一种多晶硅还原炉底盘和尾气冷却系统及其方法，涉及改良西门子法多晶硅还原炉和硅烷CVD法多晶硅还原炉底盘和尾气冷却工艺设备领域。本发明包括还原炉底盘冷却结构和尾气冷却结构，所述还原炉底盘冷却结构与尾气冷却结构之间通过法兰连接；所述尾气冷却结构包括尾气冷却水入口、尾气冷却水出口管和尾气排气管；本发明将底盘冷却和尾气冷却采用不同的温度的冷却水，进而将还原炉底盘下的冷却结构进行改变，改变后的冷却结构，能够充分利用尾气中的热量副产水蒸气，增加效益，不造成热量的浪费。
17. 104003397 Trichlorosilane reduction procedure controlling method
CN
27.08.2014
C01B 33/03 Loading...
C01B 33/03
Loading...
201410271960.1
四川永祥多晶硅有限公司
游书华
C01B 33/03
Loading...
The invention relates to a trichlorosilane reduction procedure controlling method. The controlling method comprises an initial reaction control stage, a stable reaction control stage and a finished reaction control stage. In the initial reaction control stage, the flow of SiHCl3 is controlled below 260m<3>/h, the flow of H2 is controlled below 520m<3>/h, and the current is controlled between 30A and 1000A. In the stable reaction control stage, the flow of SiHCl3 is controlled between 175 m<3>/h and 260 m<3>/h, the flow of H2 is controlled between 385 m<3>/h and 520 m<3>/h, and the current is controlled between 1000A and 2000A. In the finished reaction control stage, the flow of SiHCl3 is controlled between 130 m<3>/h and 250 m<3>/h, the flow of H2 is controlled between 360 m<3>/h and 520 m<3>/h, and the current is connected between 100A and 800A. The trichlorosilane reduction procedure controlling machine improves the productive rate of trichlorosilane, reduces energy consumption and achieves the purpose of greatly reducing production cost of enterprises.
18. 203021302 还原炉电极石英绝缘构件
CN
26.06.2013
C01B 33/021 Loading...
C01B 33/021
Loading...
201220647736.4
四川永祥多晶硅有限公司
游书华
C01B 33/021
Loading...
本实用新型涉及多晶硅生产工艺，是一种还原炉电极石英绝缘构件，其特征在于：包括由石英制成的绝缘外环、绝缘内环和绝缘顶盖；绝缘内环配置在还原炉内底盘上电极与聚四氟乙烯绝缘套之间；绝缘外环套在还原炉底盘的聚四氟乙烯绝缘套上端，为降低炉内硅棒辐射热对聚四氟乙烯绝缘套的烧毁；绝缘外环和绝缘内环的顶面位于同一平面，所述绝缘内环和绝缘外环上面设置有绝缘顶盖，让还原炉底盘、绝缘内环、绝缘外环、绝缘顶盖围成一个封闭空间，为降低炉内硅棒辐射热和高温气流对聚四氟乙烯绝缘套的烧毁；本实用新型能保证还原炉电极绝缘能长周期、低维护、运行稳定。
19. 203021303 一种三氯氢硅湿法除尘系统
CN
26.06.2013
C01B 33/107 Loading...
C01B 33/107
Loading...
201220647770.1
四川永祥多晶硅有限公司
汪云清
C01B 33/107
Loading...
本实用新型公开了一种三氯氢硅湿法除尘系统，包括淋洗塔、冷凝器和沉降罐，所述淋洗塔的顶部与冷凝器连通，淋洗塔的底部与沉降罐连通，还包括旋风分离器，所述旋风分离器的进气端与冷凝器连通，旋风分离器的进液端与沉降罐连通。本实用新型可将三氯氢硅合成气中的易固化的高沸物完全分离出，不会破坏生产的连续稳定性和稳定性，而且不增加废液采出量，也不影响产品纯度，结构简单，操作方便。
20. 201971644 多晶硅还原炉的节电保温隔热罩
CN
14.09.2011
C01B 33/021 Loading...
C01B 33/021
Loading...
201120002110.3
四川永祥多晶硅有限公司
冯德志
C01B 33/021
Loading...
本实用新型公开了一种多晶硅还原炉的节电保温隔热罩，其特征在于：所述节电保温隔热罩呈钟罩状，固定在炉内壁上，与炉内壁同圆心，保温隔热罩设置于多晶硅还原炉的炉内壁与炉内最外层的硅棒之间；本实用新型的这种结构具有良好的节电效果，可以减少炉壁带走热量而降低50%左右的还原电耗，而且适用于各种还原炉，使用成本较低，不易碎。
21. 201864578 一种合成反应装置
CN
15.06.2011
C01B 33/12 Loading...
C01B 33/12
Loading...
201020583281.5
四川永祥股份有限公司
田世富
C01B 33/12
Loading...
本实用新型公开了一种合成反应装置，其特征在于：包括连通的圆柱状上筒体和倒圆锥状下筒体，上筒体中安装设置有出风口位于上筒体上部的上排气管，下筒体底端连通设置有下排料管，上筒体沿筒壁水平切线方向上设置有安装有喷嘴的进风管；所述喷嘴设置有副产物进气管、相变储能材料水溶液或水乳液进料管；该装置利用气流在容器内沿反应器内壁做高速螺旋运动的原理，集四氯化硅水解、溶胶-凝胶反应和氯化氢的分离于一体一步完成。
22. 102009953 Method for recycling byproduct during production of polycrystalline silicon
CN
13.04.2011
C01B 7/03 Loading...
C01B 7/03
Loading...
201010524907.X
Sichuan Yongxiang Co., Ltd.
Tian Shifu
C01B 7/03
Loading...
The invention discloses a method for recycling a byproduct during production of polycrystalline silicon. The method comprises the following steps of: preparing a series of phase change energy storage materials from a polycrystalline silicon byproduct serving as a raw material by using different energy storage substances; performing hydrolysis reaction on the gasified byproduct and water in aqueous solution of polyethylene glycol at normal temperature; performing sol-gel reaction to generate hydrogen chloride and silicon dioxide gel with a three-dimensional grid structure; drying the silicon dioxide gel wrapped by a phase change energy storage material by using a cyclone dryer to prepare a product made of the phase change energy storage material; concentrating and resolving the hydrogen chloride through solution of hydrochloric acid and calcium chloride and removing water by using a silicon tetrachloride leaching tower to prepare hydrogen chloride with water content of less than 0.05 percent; and directly introducing into a polycrystalline silicon production system for preparing trichlorosilane, and matching with silicon tetrachloride hydrogenation technology for use to form a fully closed cycle for producing a material from the polycrystalline silicon and fully recycle the byproduct, so that approximate zero emission of solid waste and waste gas which are generated during the production of the polycrystalline silicon and pollution-free production are realized.
23. 102009978 Polysilicon production method
CN
13.04.2011
C01B 33/03 Loading...
C01B 33/03
Loading...
201110001521.5
Sichuan Yongxiang Poly-Silicon Co., Ltd.
Dai Zizhong
C01B 33/03
Loading...
The invention discloses a polysilicon production method, which comprises the following steps: adding a recycled chlorosilane mixed liquid into trichlorosilane and performing rectification and purification; heating the above mixture to a gaseous state for which the temperature is 90 DEG C and the pressure is 0.8 MPa (G) by adopting steam of160 DEG C, and adding recycled hydrogen supplementing hydrogen so that the two gases are mixed in a static mixer; and spraying the mixed gas into a reducing furnace to perform reduction reaction on a silicon bar with the temperature of 1,050-1,100 DEG C to generate the polysilicon. The reducing temperature is lower than that of a traditional method, and the formation of popcorn defect of the silicon bar can be effectively controlled; and the polysilicon production method has the advantages of few processes, high yield, low material consumption and low cost, ensures that the recycled chlorosilane mixed liquid in the production process is completely circularly used, and is a method for producing polysilicon by reducing the chlorosilane mixed liquid without hydrogen treatment of silicon tetrachloride.
24. 101942290 Method for preparing polyethylene glycol/silicon dioxide composite shape-stabilized phase change energy storage material and product thereof
CN
12.01.2011
C09K 5/06 Loading...
C09K 5/06
Loading...
201010248436.4
Southwest Jiaotong University
Zhao Chengshou
C09K 5/06
Loading...
The invention discloses a method for preparing a polyethylene glycol/silicon dioxide composite shape-stabilized phase change energy storage material and a product thereof. The method comprises the following steps of: dissolving polyethylene glycol serving as a work substance into water in an amount of between 0.2 and 1.0g/ml to obtain water solution of the polyethylene glycol; dripping a side product SiCl4 of polycrystalline silicon into the obtained water solution of the polyethylene glycol for a hydrolysis and sol-gel reaction to form gel with a three-dimensional network structure; drying the gel to prepare powder, removing water and hydrogen chloride from the powder; and dripping a modifier for modifying the surface of the powder hydrophobically in an amount which accounts for 0.1 to 1.5 weight percent of the powder at the temperature of 80 DEG C under the protection of nitrogen for surface modification to obtain the polyethylene glycol/silicon dioxide composite shape-stabilized phase change energy storage material. The method can change wastes into valuables and reduce the manufacturing cost of the product by using the side product SiCl4 of the polycrystalline as a silicon source, and is favorable for the industrial production and wide popularization and application of the SiO2 shape-stabilized phase change energy storage material.
25. 201411800 一种节能太阳能墙体
CN
24.02.2010
E04B 2/00 Loading...
E04B 2/00
Loading...
200920081263.4
四川永祥多晶硅有限公司
刘汉元
E04B 2/00
Loading...
本实用新型公开了一种节能太阳能墙体，由太阳能幕墙作为建筑外墙和内墙组成，其特征在于：所述太阳能幕墙与内墙之间设置有密封的空腔，所述空腔的一端设置有进风口，空腔的另一端设置有出风口；本实用新型的太阳能幕墙和内墙之间设置的密封空腔，可以充分利用太阳能的光热效应，保证室内冬暖夏凉，节约能耗。
26. 201411840 一种晶体硅BIPV组件
CN
24.02.2010
E04D 13/18 Loading...
E04D 13/18
Loading...
200920081261.5
四川永祥多晶硅有限公司
刘汉元
E04D 13/18
Loading...
本实用新型公开了一种晶体硅BIPV组件，包括依次安装的面板玻璃、太阳能电池片、EVA层、背板玻璃，安装在承重支架上，在面板玻璃和背板玻璃对应的四个角位置设置4个定位孔，通过定位孔的螺栓和相对应螺纹的螺栓套连接；所述晶体硅BIPV组件的背板玻璃的宽度大于面板玻璃的宽度，背板玻璃多出的宽度和承重支架的不锈钢连接头连接；本实用新型消除了晶体硅BIPV组件在建筑上因为脱胶、老化带来的吊玻璃的安全隐患，提高了安全性，安装更方便；同时调整晶体硅BIPV组件上下玻璃的尺寸，使安装更为容易，并且可使用玻璃幕墙的隐筐安装，同时电池组件接线盒上的连接线在幕墙的承重架内串并联集成，使晶体硅BIPV组件和建筑更和谐，更美观。
27. 201411838 一种节能太阳能屋顶
CN
24.02.2010
E04D 13/17 Loading...
E04D 13/17
Loading...
200920081262.X
四川永祥多晶硅有限公司
刘汉元
E04D 13/17
Loading...
本实用新型公开了一种节能太阳能屋顶，太阳能组件构成的屋顶位于屋内吊顶的上面，其特征在于：所述太阳能组件屋顶与屋内吊顶之间设置有密封的空腔，所述空腔的一端设置有进风口，空腔的另一端设置有出风口；太阳能组件构成的屋顶和根据建筑需要配置屋内结构吊顶，在太阳能组件屋顶和屋内结构吊顶之间形成具有一定密封效果的结构空腔，可以充分利用太阳能的光热效应，保证室内冬暖夏凉，节约能耗。
28. 201388170 可替代建筑墙体和屋顶的光电光热组件
CN
20.01.2010
H02N 6/00 Loading...
H02N 6/00
Loading...
200920080424.8
四川永祥多晶硅有限公司
刘汉元
H02N 6/00
Loading...
本实用新型公开了可替代建筑墙体和屋顶的光电光热组件，包括太阳能电池、冷却装置、热交换介质管、逆变器、热交换器和组件框架形成的光电光热单元，太阳能电池背面与冷却装置通过组件框架粘接，太阳能电池与逆变器通过太阳能电池输出线连接，冷却装置、热交换介质管和热交换器依次连接，还设置有包括外槽、内槽和两侧安装板的支架，光电光热单元安装在安装板和外槽之间，组件框架之间、组件框架与支架之间设置有胶垫，通过螺栓固定支架、组件框架和胶垫；组件框架与组件框架之间、组件框架与支架之间的连接处通过密封胶密封；本实用新型将光电光热太阳能组件替代建筑墙面、屋顶，直接吸收太阳能，避免墙面和屋顶温度过高，降低建筑耗能总量。
29. 201336638 一种太阳能电站支架
CN
28.10.2009
H02N 6/00 Loading...
H02N 6/00
Loading...
200820223638.1
四川永祥多晶硅有限公司
刘汉元
H02N 6/00
Loading...
本实用新型公开了一种太阳能电站支架，包括太阳能组件和支撑架，支撑架包括方阵架、左支架、右支架和中间支架，所述方阵架与太阳能组件固定链接，所述左支架、右支架和中间支架位于方阵架下方，左支架和右支架低于中间支架，所述中间支架与方阵架通过插销方式连接，所述左支架、右支架和中间支架均设置有链轮，左支架和右支架与方阵架通过链轮方式连接；本实用新型利用链轮调节太阳能组件方阵架的角度，这样就可以有效抵御沙尘暴，防止沙子堆积，特别适用于沙漠地区；根据季节提太阳的变化，调节本支架，特别是在春分、秋分季节调节倾角，能增强光伏效率，可以提高发电效率和使用寿命。
30. 201333918 一种双驱动的发电车
CN
28.10.2009
B60K 6/10 Loading...
B60K 6/10
Loading...
200820223637.7
四川永祥多晶硅有限公司
刘汉元
B60K 6/10
Loading...
本实用新型公开了一种双驱动的发电车，包括燃油发动机，以及太阳能电池组件装置，还包括太阳能电池组件装置，太阳能电池组件装置包括位于车顶的电池组件一和位于车体两侧的电池组件二，所述电池组件一和电池组件二均连接有展开油缸，电池组件一通过支架固定在车顶，电池组件二紧贴车体两侧；本实用新型在车的两侧增加了可展开的太阳能电池组件，增大了发电面积；可升降整个组件到最佳接收太阳能的倾角，增大了发电量；该车在到达工作地后，不用燃油实现发电，自身可以发电；如遇冰雹、沙尘暴等恶劣天气可行使到安全的地方躲避，灾害天气过后可继续工作。
31. 201334538 一种高温液态氯硅烷的输送装置
CN
28.10.2009
C30B 29/06 Loading...
C30B 29/06
Loading...
200820222837.0
四川永祥多晶硅有限公司
戴自忠
C30B 29/06
Loading...
本实用新型公开了一种高温液态氯硅烷的输送装置，是对于多晶硅生产中的精馏、回收系统塔釜中的液态氯硅烷进行输送，包括氯硅烷输出塔一、氯硅烷输出塔二，其特征在于：在氯硅烷输出塔一和氯硅烷输出塔二之间依次设置有再沸器和冷凝器，再沸器位于氯硅烷输出塔一的出料口，冷凝器位于再沸器和氯硅烷输出塔二之间，氯硅烷输出塔一、再沸器、冷凝器和氯硅烷输出塔二之间均通过管道连接；本装置采用再沸器和冷凝器的配合代替了屏蔽泵，这样不仅完全解决了汽蚀现象，而且通过氯硅烷的性态变化使得输送也非常方便，同时所传送的流量可以准确控制，流速平稳。
32. 101540567 Opto-electrical and optothermal component capable of replacing wall body and roof of building
CN
23.09.2009
H02N 6/00 Loading...
H02N 6/00
Loading...
200910059089.8
Sichuan Yongxiang Polycrystalline Silicon Co., Ltd.
Liu Hanyuan
H02N 6/00
Loading...
The invention discloses an opto-electrical and optothermal component capable of replacing wall bodies and roofs of buildings, comprising an opto-electrical and optothermal unit formed by a solar battery, a cooling device, a heat exchange medium pipe, an inverter, a heat exchanger and component frames, wherein the back side of the solar battery is adhered with the cooling device by the component frames, and the solar battery is connected with the inverter by an output line of the solar battery; and the cooling device, the heat exchange medium pipe and the heat exchanger are connected sequentially. The opto-electrical and optothermal component also comprises an external groove, an internal groove and brackets for mounting plates on both sides, wherein the opto-electrical and optothermal unit is mounted between the mounting plates and the external groove, spaces among the component frames and spaces between the component frames and the brackets are provided with rubber mats, and the brackets, the component frames and the rubber mats are fixed by threaded bolts; and joints among the component frames and joints between the component frames and the brackets are sealed by seal gum. The invention uses the opto-electrical and optothermal solar energy components to replace the wall surfaces and the roofs of the buildings, solar energy is directly absorbed, overtemperature of the wall bodies and the roofs is prevented, and the total energy consumption of the buildings is reduced.
33. 201305653 多晶硅氢还原炉
CN
09.09.2009
C30B 29/06 Loading...
C30B 29/06
Loading...
200820222841.7
四川永祥多晶硅有限公司
戴自忠
C30B 29/06
Loading...
本实用新型提供了一种多晶硅氢还原炉，包括带有冷却装置的炉壳，炉壳安装在炉盘上；炉盘上布有进、出气管，进气管的进气端上设有喷口，炉盘上设有加热电极，电极上一一对应安装有硅芯棒，还原炉炉盘下部的进气管与炉盘上部的喷口为可拆卸式连接，喷口为石墨喷口；电极与硅芯棒之间通过石墨夹头固定连接，石墨夹头的夹瓣和硅芯棒之间设有柔性石墨垫，柔性石墨垫设置在石墨夹头的夹瓣顶部与硅芯棒之间；电极的电极头外侧与石墨夹头底部的外侧设有螺纹，电极的电极头与石墨夹头底部之间通过螺母连接。本实用新型可有效调整工艺的自由度，将还原炉的效率调整到最佳状态，大大降低了倒炉率，延长了还原炉设备的使用寿命，降低了成本。
34. 201305655 多晶硅氢还原炉硅芯棒与石墨夹头的连接装置
CN
09.09.2009
C30B 29/06 Loading...
C30B 29/06
Loading...
200820222843.6
四川永祥多晶硅有限公司
戴自忠
C30B 29/06
Loading...
本实用新型提供了一种多晶硅氢还原炉硅芯棒与石墨夹头的连接装置，包括设置在炉盘上的电极，与电极一一对应安装的硅芯棒，所述电极与硅芯棒之间通过石墨夹头固定连接，在所述石墨夹头的夹瓣和硅芯棒之间设有柔性石墨垫，所述柔性石墨垫设置在石墨夹头的夹瓣顶部与硅芯棒之间，所述柔性石墨垫为至少一圈。本实用新型可有效解决硅芯棒和石墨夹头接触不良和接触和大电流变化下磁感应力将硅芯齐根折断的问题，大大降低了倒炉率。
35. 201305654 多晶硅氢还原炉电极结构
CN
09.09.2009
C30B 29/06 Loading...
C30B 29/06
Loading...
200820222842.1
四川永祥多晶硅有限公司
戴自忠
C30B 29/06
Loading...
本实用新型提供了一种多晶硅氢还原炉电极结构，包括安装在氢还原炉炉盘上的电极，与电极一一对应安装的硅芯棒，电极与硅芯棒之间通过石墨夹头连接，其特征在于：电极的电极头外侧与石墨夹头底部的外侧设有螺纹，电极的电极头与石墨夹头底部之间通过螺母连接。本实用新型有效解决了电极与石墨夹头的接触问题，延长了电极的使用寿命，降低了成本。
36. 201305467 多晶硅氢还原炉
CN
09.09.2009
C01B 33/021 Loading...
C01B 33/021
Loading...
200820222840.2
四川永祥多晶硅有限公司
戴自忠
C01B 33/021
Loading...
本实用新型提供了一种多晶硅氢还原炉，包括带有冷却装置的炉壳，炉壳安装在炉盘上；炉盘上布有进、出气管，进气管的进气端上设有喷口，炉盘上设有加热电极，电极上一一对应安装有硅芯棒，所述还原炉炉盘下部的进气管与炉盘上部的喷口为可拆卸式连接，所述喷口为石墨喷口。本实用新型可以有效实现相同流量情况下喷口喷速的改变，还可以根据需要使物料气体在炉底盘上的任意位置喷出，不再受进气管在底盘上分布状况的限制。
37. 201305658 余热锅炉型多晶硅还原炉冷却装置
CN
09.09.2009
C30B 29/06 Loading...
C30B 29/06
Loading...
200820222925.0
四川永祥多晶硅有限公司
戴自忠
C30B 29/06
Loading...
本实用新型提供了一种余热锅炉型多晶硅还原炉冷却装置，包括炉壳、冷却水进、出口，炉壳为环状内空式夹层装置，冷却水进口设置在炉壳下部并通过水分配器与环状内空式夹层相通，水分配器包括环形管和分管，环形管通过分管与内空式夹层底部的冷却水进口相连；冷却水出口设置在炉壳顶部并与环状内空式夹层相通。本实用新型结构简单，采用自流式冷却介质，动力消耗小，传热效率高，可循环使用。
38. 201305656 多晶硅氢还原炉出气管的空气冷却装置
CN
09.09.2009
C30B 29/06 Loading...
C30B 29/06
Loading...
200820222844.0
四川永祥多晶硅有限公司
戴自忠
C30B 29/06
Loading...
本实用新型公开了多晶硅氢还原炉出气管的空气冷却装置，其特征在于：出气管外部设置有压缩空气来源装置和空气通风管道，压缩空气来源装置和空气通风管道固定连接，所述空气通风管道上设置有输出空气的出气孔；该装置可以达到良好的冷却效果，可以使多晶硅氢还原炉运行十分稳定正常，安全高效；结构简单，操作方便安全。
39. 201305657 多晶硅生产中回收冷凝的装置
CN
09.09.2009
C30B 29/06 Loading...
C30B 29/06
Loading...
200820222867.1
四川永祥多晶硅有限公司
戴自忠
C30B 29/06
Loading...
本实用新型公开了多晶硅生产中回收冷凝的装置，用于对还原尾气进行冷凝分离，所述还原尾气包括氢气、氯硅烷和氯化氢，其特征在于：所述装置包括一级换热器、二级换热器、三级换热器、四级换热器和冷凝液储罐，所述一级换热器、二级换热器、三级换热器、四级换热器和冷凝液储罐均通过管道连接；通过回收系统中的热量和冷量进行相互交换，充分利用能量，从而达到很好的冷凝效果；通过本装置进行四级冷凝是一级低温冷凝能耗的三分之一左右，降低了正常生产中的动力消耗，从而可以降低生产成本，起到了明显的节能降耗作用。
40. 201307599 一种太阳能组件
CN
09.09.2009
H01L 31/042 Loading...
H01L 31/042
Loading...
200820223377.3
四川永祥多晶硅有限公司
刘汉元
H01L 31/042
Loading...
本实用新型公开了一种太阳能组件，包括太阳能电池层压组件，在太阳能电池层压组件上面设置有移动式不锈钢箔膜面膜，底面粘接压合有不锈钢箔膜底膜；本实用新型在晶体硅太阳能电池组件的背面，聚酯复合膜的下面，粘结压合0.2～0.3mm不锈钢箔膜，一是将复合膜屏蔽，防止沙尘暴侵蚀，二是起散热作用，提高发电效率，通过移动式不锈钢箔膜面膜，可任意屏蔽和打开电池组件，同样可以防止沙尘暴侵蚀；本实用新型耐磨，使用寿命长。
41. 201305651 多晶硅生产中的氯硅烷、氢气混合的装置
CN
09.09.2009
C30B 29/06 Loading...
C30B 29/06
Loading...
200820222838.5
四川永祥多晶硅有限公司
戴自忠
C30B 29/06
Loading...
本实用新型公开了多晶硅生产中的氯硅烷、氢气混合的装置，其特征在于：包括产品汽化器和静态混合器，产品汽化器和静态混合器之间设置有流量计一，所述产品汽化器、流量计一和静态混合器之间均通过管道连接；所述静态混合器还设置有单独的氢气进口；本实用新型通过调节阀、切断阀和流量计，可以将H2和氯硅烷的比例准确、快速控制；混合气的流量可以准确控制；控制直观、简单，主控人员容易驾驭。
42. 201305652 多晶硅氢还原炉底盘的高温水冷却装置
CN
09.09.2009
C30B 29/06 Loading...
C30B 29/06
Loading...
200820222839.X
四川永祥多晶硅有限公司
戴自忠
C30B 29/06
Loading...
本实用新型公开了多晶硅氢还原炉底盘的高温水冷却装置，其特征在于：包括除氧器、管道泵，除氧器的顶部设置有蒸汽冷凝进水管，除氧器的底部设置有连接管道泵的蒸汽冷凝出水管，管道泵与多晶硅氢还原炉底盘通过管道连接，多晶硅氢还原炉底盘另一侧与除氧器通过管道连通；所述除氧器、管道泵和多晶硅氢还原炉底盘通过管道的连接形成一个循环冷却结构；该装置对多晶硅氢还原炉底盘的冷却效果非常好，而且多晶硅氢还原炉运行十分安全稳定高效，传热过程中效率高，多晶硅氢还原炉热损耗减少、功耗降低；同时，底盘在较高温度下不易沉积物料(硅烷)，产品可以免清洗，撤炉时不用打扫、清洗，这样既不浪费原材料，也不会减少多晶硅氢还原炉有效生产时间；有利于电极硅棒的预热，硅棒启动百分之百成功。
43. 101486458 Clean conditioning water quenching method for polysilicon reducing furnace graphite electrode
CN
22.07.2009
C01B 31/04 Loading...
C01B 31/04
Loading...
200910058478.9
Sichuan Yongxiang Silicon Co., Ltd.
Yang Yongfu
C01B 31/04
Loading...
The invention discloses a water quenching method for the clean treatment of the graphite electrode of a polysilicon reducing furnace. The method is characterized in that: three times of water quenching are respectively carried out to the graphite electrode, which means that three times of heating are carried out to the graphite electrode and then three times of water logging cooling are carried out to the graphite electrode; and during water logging cooling, purified water enters the interior of the heated graphite electrode and the graphite electrode vaporizes the purified water into vapor which takes away impurities in the graphite. The method carries out clean treatment to the graphite electrode of the reducing furnace, and fully removes impurities, therefore, polysilicon product has stable quality; besides, the method has low energy consumption, low consumption of water, simple technique, no pollution to the atmosphere and water source, and is easy to be operated and environment-friendly; the method is not only applied to the clean treatment of the graphite electrode of the polysilicon reducing furnace, but also applicable to the clean treatment of the gas inlet graphite nozzle of the reducing furnace, the graphite support of a semiconductor epitaxial furnace and other graphite craft pieces.
44. 101417802 Method for mixing chlorosilane and hydrogen in polycrystalline silicon production
CN
29.04.2009
C01B 33/03 Loading...
C01B 33/03
Loading...
200810147642.9
Sichuan Yongxiang Polycrystalline Silicon Co., Ltd.
Dai Zizhong
C01B 33/03
Loading...
The invention discloses a method for mixing chlorsilane and hydrogen in polysilicon production, aiming at liquid chlorsilane of a rectification system product and gaseous hydrogen of a recovery system product which are used as the raw materials. The method is characterized by comprising the following steps of: heating the liquid chlorsilane by steam, turning the liquid chlorsilane into gaseous chlorsilane after heating, mixing the gaseous chlorsilane and the hydrogen in a static mixer, and sending the mixed chlorsilane and the hydrogen into a hydrogen-reducing furnace to carry out further reaction. The method turns the liquid chlorsilane into gaseous chlorsilane by a product carburetor by heating, conveniently transports the gaseous chlorsilane to a static carburetor to be mixed and ensures the safety of the mixing in the static carburetor; simultaneously, as the flow of the hydrogen is controlled by a control valve and different flow meters, the method can easily control the mixing proportion of the chlorsilane and the hydrogen and also can accurately control the proportion of the chlorsilane and the hydrogen, thus ensuring intuitive and simple control and easy manipulation by master control personnel.
45. 101417803 Method for cooling polycrystalline silicon hydrogen reducing furnace outlet duct by air
CN
29.04.2009
C01B 33/03 Loading...
C01B 33/03
Loading...
200810147643.3
Sichuan Yongxiang Polycrystalline Silicon Co., Ltd.
Dai Zizhong
C01B 33/03
Loading...
The invention discloses a method for cooling the air outlet pipe of a polysilicon hydrogen reduction furnace by air, which is characterized in that the outside of the air outlet pipe of the polysilicon hydrogen reduction furnace has the air with much lower temperature than that of the air outlet pipe, the air takes the heat of the air outlet pipe away to reduce the temperature of the air outlet pipe through heat exchange with the air outlet pipe by air flow; the air temperature is normal temperature and the pressure is 0.5-0.8MPa; and the temperature range of the air outlet pipe of the polysilicon hydrogen reduction furnace is 380-420 DEG C after air cooling. The method has the advantages of reaching favorable cooling effect, ensuring the stable, normal, safe and efficient operation of the polysilicon hydrogen reduction furnace and leading to automatic and stable air flow control.
46. 101417801 Conveying method of high temperature liquid chlorosilane
CN
29.04.2009
C01B 33/029 Loading...
C01B 33/029
Loading...
200810147641.4
Sichuan Yongxiang Polycrystalline Silicon Co., Ltd.
Dai Zizhong
C01B 33/029
Loading...
The invention discloses a transport method for high temperature liquid chlorsilane, which is used for transporting the liquid chlorsilane in rectifying and recovery system column reactors in the polysilicon production. The method is characterized in that the liquid chlorsilane in the low position is heated to turn into gaseous chlorsilane by steam, the gaseous chlorsilane ascends, RO water is used for condensing the gaseous chlorsilane to liquid chlorsilane and the condensed liquid chlorsilane is now in a high-position tank, and a control valve and a flow meter are then used for controlling the transport of the liquid chlorsilane to the next tower or tank. The matching of a reboiler and a condenser adopted by the method to replace a canned motor pump not only solves the cavitation phenomenon completely, but also facilitates the transport to a great extent through the condition change of the chlorsilane and ensures accurate control of the transported flow and stable flow rate.
47. 201196954 一种晶体硅太阳能电池组件光电光热利用系统
CN
18.02.2009
H01L 31/058 Loading...
H01L 31/058
Loading...
200820063073.5
四川永祥多晶硅有限公司
刘汉元
H01L 31/058
Loading...
本实用新型公开了一种晶体硅太阳能电池组件光电光热利用系统，其特征在于：包括通过若干晶体硅电池组件连接的光伏系统和光热系统，以及与光热系统连接的控制系统，所述若干晶体硅电池组件呈方阵结构；本实用新型不仅能实现全天候供电，还能不断地提供给热水箱热量，还能有序地充分地利用晶体硅太阳能电池组件光电光热效应。
48. 201196955 一种晶体硅太阳能光电光热电池组件
CN
18.02.2009
H01L 31/058 Loading...
H01L 31/058
Loading...
200820063074.X
四川永祥多晶硅有限公司
刘汉元
H01L 31/058
Loading...
本实用新型公开了一种晶体硅太阳能光电光热电池组件，其特征在于：包括晶体硅太阳能电池层压组件、冷却介质盒以及冷却介质，所述晶体硅太阳能电池层压组件的背面与冷却介质盒通过框架固定粘结成一体，所述冷却介质盒的上端和下端分别设置有出口接头和进口接头，冷却介质盒内置冷却介质，并通过进口接头和出口接头与外界热交换系统连接；所述框架的边上设置有能将电池组件挂扣在墙体膨胀螺栓的定位套上的异型长孔；本实用新型可以安装在墙体上，对墙体负荷又很小；还可保持高的光电转换效率发电，又可将电池组件光热效应产生的热量加以利用，使电池组件贴于墙体安装也能正常工作。
49. 101262022 A photoelectrical and photo-thermal utilization system for crystal silicon solar battery component
CN
10.09.2008
H01L 31/058 Loading...
H01L 31/058
Loading...
200810044255.2
Sichuan Yongxiang Silicon Co., Ltd.
Liu Hanyuan
H01L 31/058
Loading...
The invention discloses a photo-electricity and photo-thermal utilization system of a crystalline silicon solar battery component, which is characterized in that the utilization system comprises a photovoltaic system and a photo-thermal system that are connected by a plurality of crystalline silicon battery components and a control system connected with the photo-thermal system; the crystalline silicon battery components adopt square matrix structure; the photo-electricity and photo-thermal utilization system can not only realize all-weather power supply, but also continuously supply heat for a hot water tank and make full use of the photoelectric and photo-thermal effects of the crystalline silicon solar battery component orderly.
50. 201105991 多晶硅氢还原炉
CN
27.08.2008
C01B 33/023 Loading...
C01B 33/023
Loading...
200720081579.4
四川永祥多晶硅有限公司
易正义
C01B 33/023
Loading...
本实用新型提供了一种多晶硅氢还原炉。包括壳体，炉支架，壳体上部设有封头，安装在炉支架上的底盘，底盘上设有电极和与电极一对应安装的硅芯棒，炉支架底盘下部安装有进、出气管，进、出气管分别与安装在底盘上表面的喷口和尾气出口连通，进气管上设有控制流量和压力的调节阀，电极和硅芯棒为各13对，即各26个，且在底盘上沿三个圆周均布，由内圆周向外圆周分别为第一圈5个、第二圈5个、第三圈16个；底盘的喷口为7个，其中1个喷口设置在底盘中心，其余6个喷口均布设置在第二和第三电极圈之间，尾气出口设置在底盘中心。本实用新型可有效提高多晶硅的产量，同时节能降耗。
51. 201105994 多晶硅氢还原炉测温视镜结构
CN
27.08.2008
C01B 33/023 Loading...
C01B 33/023
Loading...
200720081582.6
四川永祥多晶硅有限公司
戴自忠
C01B 33/023
Loading...
本实用新型提供了一种多晶硅氢还原炉测温视镜结构，包括视镜玻璃和通入还原炉内壁的内空式镜筒，视镜玻璃安装在位于还原炉炉壁之外的镜筒上，镜筒筒壁在靠近视镜玻璃的位置设有水冷结构，所述视镜玻璃为单层玻璃结构，视镜玻璃内表面侧的镜筒筒壁上设有两端分别与镜筒外的进气管和镜筒内通道相通的气体通道。本实用新型有效解决了由于水冷而污染视镜玻璃和形成硅附着物的问题，并且结构简单，保证了视镜在生产中不被污染。
52. 201105988 多晶硅氢还原炉
CN
27.08.2008
C01B 33/023 Loading...
C01B 33/023
Loading...
200720081576.0
四川永祥多晶硅有限公司
刘汉元
C01B 33/023
Loading...
本实用新型提供了一种多晶硅氢还原炉。包括带有冷却装置的炉壁，炉壁上安装有视镜，视镜包括视镜玻璃和通入还原炉内壁的内空式镜筒，炉壁安装在底盘上；底盘上布有进、出气装置，底盘设有加热电极，电极上一一对应安装有硅芯棒，硅芯棒和电极为各18对，即各36个，且在底盘上沿三个同心圆周均布设置，所述视镜玻璃为单层玻璃结构，视镜玻璃内表面侧的镜筒筒壁上设有两端分别与镜筒外的进气管和镜筒内通道相通的气体通道。本实用新型不仅可以实现大直径、多对棒生产，提高了多晶硅产量，有效节约了生产成本，同时有效解决了由于水冷而污染视镜玻璃和形成硅附着物的问题，并且结构简单，保证了视镜在生产中不被污染。
53. 201105990 多晶硅氢还原炉
CN
27.08.2008
C01B 33/023 Loading...
C01B 33/023
Loading...
200720081578.X
四川永祥多晶硅有限公司
刘汉元
C01B 33/023
Loading...
本实用新型提供了一种多晶硅氢还原炉，包括带有冷却装置的炉壁，炉壁上安装有视镜，炉壁安装在底盘上；底盘上布有进、出气装置，底盘设有加热电极，电极上一一对应安装有硅芯棒，硅芯棒和电极为各18对，即各36个，且在底盘上沿三个同心圆周均布设置，从内圆周向外圆周分别设置为3对、5对、10对；内圆周的3对硅芯棒为低电阻率硅芯棒，其余两圆周上为常规电阻率硅芯棒；底盘上设有喷口，喷口为四组，每组喷口为多个，其中两组喷口形成的圆为同心圆，且均布在底盘每两个硅芯棒圈之间的圆周上，另外两组设置在内圈硅芯棒圆周之内。本实用新型不仅可以实现大直径、多对棒生产，提高了多晶硅产量，有效节约了生产成本。
54. 201105992 多晶硅氢还原炉进气喷口
CN
27.08.2008
C01B 33/023 Loading...
C01B 33/023
Loading...
200720081580.7
四川永祥多晶硅有限公司
戴自忠
C01B 33/023
Loading...
本实用新型提供了一种多晶硅氢还原炉进气喷口，喷口设置在还原炉底盘上并与还原炉底盘下部的进气管连通，喷口为四组，每组喷口为多个，其中两组喷口形成的圆为同心圆，且均布在底盘每两个硅芯棒圈之间的圆周上，另外两组设置在内圈硅芯棒圆周之内；每个喷口上设有可拆卸式石墨喷嘴，且每个喷嘴的截面积相同；各组喷口的喷嘴的截面积之和的比为1∶2∶4∶8。采用本实用新型有效解决了多晶硅氢还原炉因炉内物料、温度分布不均匀而带来的硅棒沉积率低、生长不均匀的问题，并使炉内物料、温度形成循环流动，保证大直径硅棒生长时能获得较高的沉积速率。
55. 201105993 适用于低压常规电源加热启动的多晶硅氢还原炉
CN
27.08.2008
C01B 33/023 Loading...
C01B 33/023
Loading...
200720081581.1
四川永祥多晶硅有限公司
刘汉元
C01B 33/023
Loading...
本实用新型提供了一种适用于低压常规电源启动的多晶硅氢还原炉，包括带有冷却装置的炉壳，炉壳安装在底盘上；底盘上布有进、出气装置，底盘设有加热电极，电极上一一对应安装有硅芯棒，硅芯棒和电极为各18对，即各36个，且在底盘上沿三个同心圆周均布设置，从内圆周向外圆周分别设置为3对、5对、10对；所述内圆周的3对硅芯棒为低电阻率硅芯棒，其余两圆周上为常规电阻率硅芯棒。本实用新型不仅可以实现大直径、多对棒生产，提高了多晶硅产量，同时采用低压电源启动，有效节约了生产成本。
56. 201105989 多晶硅氢还原炉
CN
27.08.2008
C01B 33/023 Loading...
C01B 33/023
Loading...
200720081577.5
四川永祥多晶硅有限公司
戴自忠
C01B 33/023
Loading...
本实用新型提供了一种多晶硅氢还原。包括炉壁，炉壁上安装有视镜，视镜包括视镜玻璃和内空式镜筒，镜筒筒壁在靠近视镜玻璃的位置设有水冷结构；炉壁安装在底盘上；底盘上布有进、出气装置和加热电极，电极上一一对应安装有硅芯棒，底盘上还设有与底盘下部的进气管连通的进气喷口，喷口为四组，每组喷口为多个，每个喷口上设有可拆卸式石墨喷嘴，且每个喷嘴的截面积相同；各组喷口的喷嘴的截面积之和的比为1∶2∶4∶8。本实用新型有效解决了多晶硅氢还原炉因炉内物料、温度分布不均匀而带来的硅棒沉积率低、生长不均匀的问题，同时解决了由于水冷而污染视镜玻璃和形成硅附着物的问题，并且结构简单，保证了视镜在生产中不被污染。
57. 201100916 一种晶体硅太阳能电池组件冷却装置
CN
13.08.2008
H01L 31/052 Loading...
H01L 31/052
Loading...
200720080379.7
四川永祥多晶硅有限公司
刘汉元
H01L 31/052
Loading...
本实用新型涉及一种晶体硅太阳能电池组件冷却装置，包括框架、晶体硅太阳能电池组件，冷却水盒，密封胶条，在晶体硅太阳能电池组件的背面粘结压合冷却水盒；框架，密封条围在晶体硅太阳能电池组件四周和冷却水盒反边四周，用粘结剂互相固接而融为一体；冷却水盒上设置进水口接头，出水口接头，接通冷却水，水由进水口接头流入冷却水盒中，并流经晶体硅太阳能电池组件的背面，冷却晶体硅太阳能电池组件后由出水口接头流出。
58. 101224888 Silicon mandrel heating starting method for polysilicon hydrogen reduction furnace
CN
23.07.2008
C01B 33/035 Loading...
C01B 33/035
Loading...
200710050312.3
Sichuan Yongxiang Silicon Co., Ltd.
Liu Hanyuan
C01B 33/035
Loading...
The invention discloses a method for heating and starting a silicon core rod of a polysilicon hydrogen reduction furnace, which includes the following steps: the doping treatment of the silicon core rod so as to reduce the resistivity to 0.05-0.1 Omega. cm, a conventional power supply is provided to heat the doped silicon core rod, and bake the undoped silicon core rod on the external circle with the rising of the temperature; when the undoped silicon core rod on the external circle is baked and the temperature raises to 600-650 DEG C and the resistivity drops to 0.05-0.1 Omega. cm, heat the undoped silicon core rod with the conventional power supply. The invention leads the silicon core rod to be heated and started initially by the conventional power supply at ordinary temperature, no start-up device or equipment is needed and the heating and starting procedure is very simple.
59. 201066693 一种晶体硅太阳能电池组件冷却装置的余热利用系统
CN
28.05.2008
H01L 31/058 Loading...
H01L 31/058
Loading...
200720080380.X
四川永祥多晶硅有限公司
刘汉元
H01L 31/058
Loading...
本实用新型涉及一种晶体硅太阳能电池组件冷却装置的余热利用系统，包括晶体硅太阳能电池组件，晶体硅太阳能电池组件冷却装置，冷却水盒，集热水箱，温度传感器，电磁阀，控制器和管道。晶体硅太阳能电池组件在产生光电效应的同时又发热，该系统在同一控制器的控制下，通过温度传感器，电磁阀，用常温自来水冷却发热的晶体硅太阳能电池组件，水吸蓄余热后达到设定水温上限时，自动流入集热水箱，同时补入的常温自来水又吸蓄余热，这样系统时开时关不断地获得热水；在冬季夜晚寒冷时，又按设定程序排空冷却水盒中的蓄存水，避免结冰损坏设备，该系统具有节能环保，规模可大可小等特点。

