1. 205320179 一种背负式图传数传二合一电台
CN
15.06.2016
H04N 5/44 Loading...
H04N 5/44
Loading...
201620001429.7
四川久远银海软件股份有限公司
单卫民
H04N 5/44
Loading...
本实用新型公开了一种背负式图传数传二合一电台，包括壳体、设置于壳体内的电台本体，电台本体包括超短波天线、超短波接收电路、超短波发射电路、晶振电路、频率合成器、基带处理器、中央处理器、定位器、加密器和有线通信电路，有线通信电路包括通信驱动电路和与通信驱动电路连接的通信接口，通信接口设置在壳体上，超短波天线分别与超短波接收电路和超短波发射电路连接，晶振电路通过频率合成器分别与超短波接收电路和超短波发射电路连接，超短波接收电路和超短波发射电路均与基带处理器连接，基带处理器、定位器、加密器和通信驱动电路均与中央处理器连接。本实用新型通过加密器对传输内容进行加密，提高了传输内容的安全性。
2. 205283695 一种多通道无线图像接收机
CN
01.06.2016
H04N 5/44 Loading...
H04N 5/44
Loading...
201620001426.3
四川久远银海软件股份有限公司
单卫民
H04N 5/44
Loading...
本实用新型公开了一种多通道无线图像接收机，包括壳体和设置在壳体内的内部电路，壳体上设有多个接收天线，内部电路包括多个接收通道、中央处理器、晶振电路、频率合成器、基带处理器、解密器和有线通信电路，有线通信电路包括通信驱动单元和与通信驱动单元连接的通信接口，通信接口设置在壳体上，多个接收天线与多个接收通道一一对应连接，多个接收通道均与基带处理器连接，晶振电路通过频率合成器分别与多个接收通道连接，基带处理器、解密器和通信驱动单元均与中央处理器连接。本实用新型设有多个接收通道，能够同时接收多路信号。
3. 205249365 一种动中通无线传输系统
CN
18.05.2016
H04N 5/44 Loading...
H04N 5/44
Loading...
201620001425.9
四川久远银海软件股份有限公司
单卫民
H04N 5/44
Loading...
本实用新型公开了一种动中通无线传输系统，包括多个背负式图传数传二合一电台、多个中继图像差转电台、至少一个多通道无线图像接收机和至少一个数传对讲电台，背负式图传数传二合一电台与中继图像差转电台或多通道无线图像接收机或数传对讲电台连接，中继图像差转电台与多通道无线图像接收机或数传对讲电台连接。本实用新型中背负式图传数传二合一电台用于向多通道无线图像接收机传输语音、图像、视频等数据，当背负式图传数传二合一电台和多通道无线图像接收机之间的距离过远时，在两者之间设置中继图像差转电台，从而实现不依赖于现有通信网络进行通信的功能。
4. 105184713 一种利于医保药品对照的智能匹配排序系统及方法
CN
23.12.2015
G06Q 50/22 Loading...
G06Q 50/22
Loading...
201510421494.5
四川久远银海软件股份有限公司
林隆永
G06Q 50/22
Loading...
本发明公开了一种利于医保药品对照的智能匹配排序系统及方法，所述系统包括：药品名称输入单元：输入目标药品的名称或关键字；药品过滤单元：在医保药品目录数据库中过滤出相关药品；比较单元：在相关药品目录中，逐条与当前正要对照的本院药品数据进行比较，并计算其之间的匹配值；排序单元：根据匹配值的大小按顺序对药品过滤单元过滤出的相关药品进行排序。本发明能在医保药品目录数据库中快速过滤出与目标药品有关的相关药品数据，并逐条将该相关药品与当前正要对照的本院药品数据进行比较，最终给出根据匹配值而定的排序列表，用户可在该列表中快速找到目标药品，极大地降低了用户为一个本院药品找到其医保对照药品项所花费的时间。
5. 105095424 一种实现医院HIS系统中药品的高并发检索方法
CN
25.11.2015
G06F 17/30 Loading...
G06F 17/30
Loading...
201510421419.9
四川久远银海软件股份有限公司
詹开明
G06F 17/30
Loading...
本发明公开了一种实现医院HIS系统中药品的高并发检索方法，所述方法包括步骤S1：在用户端输入待查询药品的关键字，触发查询，药品检索单元首先在数据缓存单元中，根据该关键字查找是否有对应的value值；S101：若存在，则将查询结果数据转换为一定格式的字符串的结果集返至用户端；S102：若不存在，则再到数据库中进行模糊查询，并将结果集返至用户端，同时以键值对的形式缓存到数据缓存单元，并记录该关键字，将该结果集中的字符串作为value值，下次再输入同样的关键字时即可直接从数据缓存单元获取，而不必再到数据库中查询。本发明克服了高并发下检索时速度慢、数据不够精确、对客服端压力过大的问题，使用户的操作能够流畅进行，且保证数据的准确性。
6. 104992271 一种不同流程实例协同运行的系统及其实现方法
CN
21.10.2015
G06Q 10/06 Loading...
G06Q 10/06
Loading...
201510348313.0
四川久远银海软件股份有限公司
詹开明
G06Q 10/06
Loading...
本发明公开了一种不同流程实例协同运行的系统及其实现方法，其中发起协同指令校验单元用于调用协同执行接口，校验协同入参；流程实例池创建单元用于在工作流引擎在进行流程执行时，将流程实例的数据加载到内存中，初始化流程实例协同处理器，创建流程实例池，并保存不同流程实例之间的协同关系；流程实例协同处理单元用于根据协同入参触发协同运行机制的调度计算，通过工作流引擎接口调用工作流引擎中发起业务协同对象和被发起对象的流程实例，对该不同的流程实例进行管控，并根据协同运行指令对流程实例执行协同运行。本发明使工作流引擎能够支持不同的流程实例之间的协同运行，扩展了工作流引擎接口，极大提高了流程实例流转的灵活性。
7. 101916358 Method and system for automatically sorting image documents by using bar codes
CN
15.12.2010
G06K 7/10 Loading...
G06K 7/10
Loading...
201010282777.3
Sichuan Jiuyuan Yinhai Software Co., Ltd.
Zhan Kaiming
G06K 7/10
Loading...
The invention discloses a method and a system for automatically sorting image documents by using bar codes, relating to the technical field of automatic control of computers and aiming at solving the technical problems that the traditional bill image document sorting system requires long manual participating time, has low efficiency and accuracy and the like. The hardware part comprises printing equipment, scanning equipment and a computer. The method is characterized by comprising the following steps of: grouping; printing the bar code at the first page; identifying the bar codes of the image documents; and classifying and filing. The invention is applied to automatically identifying and sorting the bill image document system.

