1. WO/2017/071387 SOLAR PHOTOVOLTAIC ASSEMBLY MOUNTING STRUCTURE
WO
04.05.2017
H02S 30/10 Loading...
H02S 30/10
Loading...
PCT/CN2016/096332
CHANGZHOU TRINA SOLAR ENERGY CO., LTD.
XUE, Xiaokang
H02S 30/10
Loading...
Disclosed is a solar photovoltaic assembly mounting structure, comprising a connector and a fastener, wherein the top end of the connector is connected to the solar photovoltaic assembly, a fastener nail head groove is provided in the connector, the fastener nail head groove is provided with one fastener nail head inserting opening and one fastener nail body sliding opening at a bottom end of the connector, and an inclined arm inclining towards the fastener nail head groove is provided at one end of the fastener nail head inserting opening away from the fastener nail head groove; and a nail head of the fastener is adapted to be tightly embedded in the fastener nail head groove after entering via the fastener nail head inserting opening. The present invention can not only improve the intensity of pressure that both positive and negative sides of the assembly can bear so as to improve the adaptive capacity of the assembly against adverse weather, but also increases the mounting speed.
2. WO/2017/067303 DUAL-GLASS PROTECTION CORNER FOR PHOTOVOLTAIC ASSEMBLY AND MOUNTING METHOD THEREFOR
WO
27.04.2017
H02S 30/10 Loading...
H02S 30/10
Loading...
PCT/CN2016/095270
CHANGZHOU TRINA SOLAR ENERGY CO., LTD.
SUN, Quan
H02S 30/10
Loading...
A dual-glass protection corner for a photovoltaic assembly comprises two side walls (1) wrapping two edges of an assembly corner. A flat top wall (2) extends out along the top edges (11) of the two side walls (1). An opening free end is formed at the bottom edges (12) of the two side walls (1). An excessive glue groove (3) is disposed on a top wall (2) along the top edge (11). A glue blocking arris (4) is disposed outside the excessive glue groove. An exhaust hole (5) is formed in each of the two side walls. In the dual-glass protection corner for a photovoltaic assembly, the mounting of the protection corner is completed when the assembly is laminated, and accordingly the photovoltaic assembly can be effectively protected and is prevented from being damaged due to collision, and the scrap rate of the assembly is reduced; the mounting process of the protection corner is simplified, and production costs are reduced.
3. 106602984 光伏支架立柱或桩基础标高调节件及施工方法
CN
26.04.2017
H02S 20/30 Loading...
H02S 20/30
Loading...
102017000067866
常州天合光能有限公司
李光明
H02S 20/30
Loading...
本发明公开了一种光伏支架立柱或桩基础标高调节件，其特征在于：包括底座和设置在底座上的竖向调节杆，竖向调节杆在垂直方向上高度可调节，竖向调节杆的顶端具有卡线槽，所述底座套设在水平调节杆上并可沿水平调节杆长度方向滑动，底座上设置有用于将底座固定在水平调节杆上的第一紧固件，水平调节杆在水平方向上的长度可调节，水平调节杆的两端具有可与相邻两立柱或桩基础连接的端连接件。本发明还公开了一种使用上述标高调节件的光伏电站支架立柱或桩基础标高的施工方法。本发明可提高支架安装速度和质量，且施工方法简单，安装成本低。
4. 206116434 手持式胶带封边工具
CN
19.04.2017
H01L 31/18 Loading...
H01L 31/18
Loading...
201620591459.8
常州天合光能有限公司
孙宇
H01L 31/18
Loading...
本实用新型公开了一种手持式胶带封边工具，用于太阳能电池组件胶带封边层压工艺，其特征在于：包括：支架、以及固定在支架上的胶带装配体和封边滚轮装配体；所述胶带装配体包括固定胶带大滚轮，固定胶带大滚轮通过固定胶带滚轮杆固定在支架上；所述封边滚轮装配体包括固定在支架上的前定位轮、胶带导向轮、胶带定位轮和后压边大滚轮；所述胶带导向轮包括胶带导向滚轮、前分体滚轮和后分体滚轮；前定位轮不接触胶带，用于控制胶带走向，对胶带限位防跑偏；胶带导向轮和胶带定位轮用于控制胶带在支架内的走向，并控制胶带弧度逐渐收紧；后压边大滚轮用于对胶带覆盖后的按压抚平。本实用新型可高效而简便地将封标胶带平整的贴牢在太阳能组件四周。
5. 206117597 一种双面太阳电池的测试装置
CN
19.04.2017
H02S 50/15 Loading...
H02S 50/15
Loading...
202016001192441
常州天合光能有限公司
盛赟
H02S 50/15
Loading...
本实用新型公开了一种双面太阳电池的测试装置，包括：太阳光模拟器，成排设置的、用于在测试时分别接触待测双面太阳电池正面电极和背面电极的上探针和下探针，以及电学测试仪器，所述上探针和下探针分别通过连接导线与电学测试装置电连接，其特征在于：还包括一低反射率的遮光板，所述遮光板对于波长200至1500nm的光是不透光的，对于波长200至1500nm的光的反射率≤5%，测试时，所述遮光板设置于待测的双面太阳电池的下方，与太阳电池的背表面平行且间距≤3mm。本实用新型可以有效地排除反射、散射、透射光的影响，获得准确的测试结果；同时，使用灵活，适用范围广。
6. 206105313 用于柔性光伏电站的光伏组件更换系统
CN
19.04.2017
B23P 19/00 Loading...
B23P 19/00
Loading...
202016001179689
常州天合光能有限公司
赵卜环
B23P 19/00
Loading...
本实用新型涉及一种光伏电站的光伏组件更换系统，尤其涉及一种用于柔性光伏电站的光伏组件更换系统，所述光伏组件通过由横梁、立柱、斜支撑以及组件支撑钢索的组件支架系统支撑并呈阵列排布，其特征在于：所述光伏组件更换系统包括：沿每一排光伏组件预留安装、与光伏组件的组件支撑钢索平行的运维钢索；成对设置的可供人乘坐的载人装置；以及，可用于安置光伏组件的组件托举装置；所述载人装置和组件托举装置均活动连接于运维钢索并可沿运维钢索移动。本实用新型结构简单，生产成本低，维修人员可通过本实用新型对柔性光伏电站的光伏组件进行快速更换，维修效率高。
7. 206085937 太阳能光伏丝网印刷用刮头及刮刀
CN
12.04.2017
B41F 15/46 Loading...
B41F 15/46
Loading...
202016001113401
常州天合光能有限公司
孙恺
B41F 15/46
Loading...
本实用新型公开了一种太阳能光伏丝网印刷用刮头及刮刀，太阳能光伏丝网印刷用刮头连接在刮刀的端部，太阳能光伏丝网印刷用刮头包括刮头本体，所述刮头本体具有：固定部，所述固定部用于与刮刀的端部连接从而固定刮头本体；浆料聚拢部，当所述刮头本体连接在刮刀的端部时，所述浆料聚拢部处于刮刀上刮抹件的延伸方向上，从而通过浆料聚拢部阻挡向刮抹件的延伸方向外溢的浆料。本实用新型能够减少网版中浆料的添加量，避免无法回料而浆料干燥的现象。
8. 104898711 平单轴系统跟踪轨迹计算方法
CN
05.04.2017
G05D 3/12 Loading...
G05D 3/12
Loading...
201510357164.4
河海大学常州校区
单立
G05D 3/12
Loading...
本发明公开了一种平单轴系统跟踪轨迹计算方法，计算平单轴系统的跟踪轨迹时可以根据系统组件在小比例遮挡情况下功率损失情况来找到组件的最佳遮挡比率，然后可以根据公式计算出平单轴系统每日的跟踪轨迹。当系统太阳高度很低时可以让系统处于最佳遮挡比率下，一定程度下增加了系统的倾角，这样可以增加系统接受到的辐射量，由于小比率遮挡情况下，系统的功率损失很小，所以只要找到系统的最佳遮挡比率即可以找到系统的最佳跟踪轨迹。
9. 104165605 光伏系统设计中阴影测量的方法及其阴影测量仪器
CN
29.03.2017
G01B 11/28 Loading...
G01B 11/28
Loading...
102014000447418
常州天合光能有限公司
吕永杰
G01B 11/28
Loading...
本发明公开了一种光伏系统设计中阴影测量的方法及其阴影测量仪器，方法的步骤如下：提供一阴影测量仪器，该阴影测量仪器具有一光源体；根据目标物所在地理位置的纬度、赤纬角和时间段，得到此时太阳的太阳高度角和太阳方位角；保持阴影测量仪器呈水平状态，并对阴影测量仪器相对于目标物进行位置调节，将光源体对目标物的照射模拟成太阳对目标物的照射；选取目标物边缘的多个关键点；打开光源体，并对光源体的照射方向进行调节，使其照射每个目标物上的每个关键点，从而得到关键点对应的投影点；通过参考各种形状遮挡物的投影轨迹并结合该目标物的投影点，绘画出目标物的阴影遮挡面积。通过本发明方法能够验证光伏发电系统中各种屋顶的去除阴影遮挡面积和支架安装间距的合理性。
10. 104647885 用于电极激光转印中的激光转印对准装置及其对准方法
CN
29.03.2017
B41F 15/14 Loading...
B41F 15/14
Loading...
102014000817382
常州天合光能有限公司
丁志强
B41F 15/14
Loading...
本发明公开了一种用于电极激光转印中的激光转印对准装置，它包括：浆料载体，所述浆料载体具有至少一个和打印工位上的待打印电池片的金属电极相对应的金属电极镂空图案；激光器，所述激光器具有一激光扫描头和一控制器，激光扫描头的信号输入端与控制器的信号输出端相连接；浆料载体视觉定位系统，所述浆料载体视觉定位系统具有反射镜和多个相机，多个相机的信号输出端与控制器的信号输入端相连接；当待打印电池片位于打印工位时，反射镜将浆料载体上金属电极镂空图案的图像反射至多个相机内。本发明实现了激光转印技术实现过程中的图案的精确及数值定位，根据浆料载体的实际图案提高对位的精度，减少此技术印刷不良，实现更精细化的印刷。
11. 106533360 便携式光伏组件户外功率测试装置及其测试方法
CN
22.03.2017
H02S 50/10 Loading...
H02S 50/10
Loading...
201610935589.3
常州天合光能有限公司
丁帮婷
H02S 50/10
Loading...
本发明涉及一种便携式光伏组件户外功率测试装置，包括：参考光伏组件、采集组件瞬时最大电流和瞬时最大电压的测试模块、输入端口以及微处理器，所述测试模块分别采集参考光伏组件和被测光伏组件的瞬时最大电流和瞬时最大电压并输入微处理器，微处理器通过设定的公式计算被测光伏组件的功率并输出至显示器。同时，本发明还公开了一种光伏组件户外功率测试方法。本发明可在户外多变的环境下对光伏组件进行测量，且测量结果准确；无需对组件拆装、运输，操作方便，大大减少了人工成本和运输测试成本。同时为电站评估、问题检测提供了有力保证。
12. 106524754 一种晶硅太阳能电池旋转烧结炉及其烧结工艺
CN
22.03.2017
F27B 9/24 Loading...
F27B 9/24
Loading...
102016000975610
常州天合光能有限公司
冯强
F27B 9/24
Loading...
本发明提供了一种晶硅太阳能电池旋转烧结炉及其烧结工艺，所述烧结炉内部为叠层设计，所述叠层设计为烘干区、烧结区、冷却区三个区域上中下依次独立且叠层的排列在一起；烧结炉内部还设置有用于输送电池片的履带装置，所述履带沿着三个叠层区域旋转流动，携带电池片分别经过烘干区、烧结区、冷却区；烧结炉上还设置有有机排风装置。本发明的目的是设计一种新型的晶硅太阳能电池烧结炉，以降低烧结炉的能耗和提升光电转换效率。
13. 106533344 一种用于复杂地形的可调节光伏支架
CN
22.03.2017
H02S 20/30 Loading...
H02S 20/30
Loading...
201611261582.4
常州天合光能有限公司
李光明
H02S 20/30
Loading...
本发明公开了一种用于复杂地形的可调节光伏支架，包括：立柱，纵向梁，横向梁，连接纵向梁和横向梁的梁连接件，以及设置在横向梁上的组件连接件，其特征在于：所述立柱包括可调节的前立柱和可调节的后立柱，前立柱和后立柱均包括立柱底座、立柱本体及立柱调节件，其中，立柱底座为具有一定厚度的矩形钢板加工而成，底座上冲有两个长腰孔，分别为第一腰孔和第二腰孔，第一腰孔呈直形，第二腰孔呈弧形，且两腰孔的长度方向相互垂直；所述立柱调节件套设在立柱本体上且可在垂直方向上移动从而调节立柱的长度；立柱调节件的顶端与纵向梁连接，横向梁通过梁连接件与纵向梁连接；等。本发明地形适应能力强，且安装方便。
14. 106505615 一种基于独立微网的电动汽车充电站供电系统
CN
15.03.2017
H02J 3/38 Loading...
H02J 3/38
Loading...
102016001006478
常州天合光能有限公司
王斌
H02J 3/38
Loading...
本发明公开了一种基于独立微网的电动汽车充电站供电系统，包括：交流微电网系统、直流微电网系统以及微网管理系统，交流微电网系统的交流接口连接在微电网交流母线上，直流微电网系统的直流接口连接在微电网直流母线上，所述交流微电网系统包括柴油发电机、风力发电机以及交流慢充充电桩组；所述直流微电网系统包括光伏发电系统、储能系统以及直流充电桩组；所述微网管理系统包括主控装置以及设置于负载侧用于获得检测信号的若干检测装置。本发明从根本上避免了电动汽车对常规能源的消耗和对环境的污染，优化了新能源的利用和配置。
15. 105514219 全背电极太阳电池超低表面浓度前表面场的形成方法
CN
01.03.2017
H01L 31/18 Loading...
H01L 31/18
Loading...
102016000050192
常州天合光能有限公司
李中兰
H01L 31/18
Loading...
本发明公开了一种全背电极太阳电池超低表面浓度前表面场的形成方法，采用间接磷源法形成前表面场和钝化氧化层，包括一步空管运行饱和步骤及紧接一步空管运行饱和步骤之后的氧化步骤；该方法所得前表面场的表面浓度可达3E17cm‑3到1E18cm‑3，结深为0.1μm‑0.2μm，所得前表面场同时覆盖了一层5nm到15nm的热氧化硅薄层。应用本发明所述超低表面浓度前表面场的IBC电池，其短波段的内量子效率高达95%以上。
16. 106452352 双面光伏组件
CN
22.02.2017
H02S 40/36 Loading...
H02S 40/36
Loading...
102016000984318
常州天合光能有限公司
孙权
H02S 40/36
Loading...
本发明提供了的一种双面光伏组件，包括主体、多串双面电池片和多个优化模块，该多串双面电池片和多个优化模块设置在该主体上,一串或者多串该电池片与一个优化模块并联，组成电池单元，多个该电池单元串联连接；每个该优化模块对于与之并联的该一串或者多串电池片先进行最大功率点跟踪，再进行电流优化。本发明提供的双面光伏组件，由于采取设置多个优化模块，并且每个优化模块对于与之并联的所述电池串先进行最大功率点跟踪，再进行电流优化，可以消除电池背面功率、电流失配和背面光强失配，避免串联在同一电路中的各电池串相互影响，减小功率损失。
17. 106452361 一种双面太阳电池的测试装置及其测试方法
CN
22.02.2017
H02S 50/15 Loading...
H02S 50/15
Loading...
201610969174.8
常州天合光能有限公司
盛赟
H02S 50/15
Loading...
本发明公开了一种双面太阳电池的测试装置，包括：太阳光模拟器，成排设置的、用于在测试时分别接触待测双面太阳电池正面电极和背面电极的上探针和下探针，以及电学测试仪器，所述上探针和下探针分别通过连接导线与电学测试装置电连接，其特征在于：还包括一低反射率的遮光板，所述遮光板对于波长200至1500nm的光是不透光的，对于波长200至1500nm的光的反射率≤5%，测试时，所述遮光板设置于待测的双面太阳电池的下方，与太阳电池的背表面平行且间距≤3mm。本发明还公开了一种双面太阳电池的测试方法。本发明可以有效地排除反射、散射、透射光的影响，获得准确的测试结果；同时，使用灵活，适用范围广。
18. 106463562 混合型全背接触式太阳能电池及其制造方法
CN
22.02.2017
H01L 31/078 Loading...
H01L 31/078
Loading...
201480079541.6
天合光能发展有限公司
R·斯坦格尔
H01L 31/078
Loading...
一种混合型全背接触式(ABC)太阳能电池及其制造方法。所述方法包括：在太阳能电池的吸收体的至少一部分上形成一个或多个图案化的绝缘钝化层；在所述一个或多个图案化的绝缘钝化层的至少一部分上形成一个或多个异质结层，以在所述一个或多个异质结层和太阳能电池的吸收体之间提供一个或多个异质结点或线状触点；在所述一个或多个异质结层的至少一部分上形成一个或多个第一金属区域；在所述太阳能电池的吸收体内形成掺杂区域；以及在所述掺杂区域的至少一部分上并接触所述掺杂区域形成一个或多个第二金属区域，以提供一个或多个同质结触点。
19. 205985014 具有叠层异质结结构的钝化发射极太阳电池
CN
22.02.2017
H01L 31/0224 Loading...
H01L 31/0224
Loading...
202016000930567
常州天合光能有限公司
郭万武
H01L 31/0224
Loading...
本实用新型提供了一种具有叠层异质结结构的钝化发射极太阳电池。所述电池包括硅衬底，在硅衬底的正面由内到外依次包括扩散层、掺杂非晶硅薄膜层、透明导电薄膜层和正电极；在硅衬底的背面由内到外依次包括缓冲钝化层、掺杂非晶硅薄膜层、透明导电薄膜层和背电极。本实用新型的一种具有叠层异质结结构的钝化发射极太阳电池结构相比传统背面局部接触结构而言，能够有效提升电池的开路电压；此外，该电池正、背表面采用透明导电薄膜与掺杂非晶硅结合的叠层膜结构，可以实现双面感光，提升发电量。
20. 106449836 分段式微聚光焊带及其制备工艺
CN
22.02.2017
H01L 31/05 Loading...
H01L 31/05
Loading...
201611192898.2
常州天合光能有限公司
方彩平
H01L 31/05
Loading...
本发明公开了一种分段式微聚光焊带及其制备工艺，分段式微聚光焊带包括本体，所述本体沿其长度方向具有依次连接并呈交替状设置的齿形段和平整段，所述齿形段的上表面上设置有多个凸齿，相邻的齿形段和平整段分别焊接在相邻的两个电池片上，并且在相邻的两个电池片中，所述齿形段焊接至其中一个电池片的受光面，所述平整段焊接至另外一个电池片的背光面。本发明不仅能够实现聚光的效果，增加组件的输出功率，而且平整段焊接在电池片的背面，与背电极平整的接触，形成良好的欧姆接触，焊接可靠。
21. 106449800 选择性多晶硅薄膜的钝化接触结构及其制备方法
CN
22.02.2017
H01L 31/0224 Loading...
H01L 31/0224
Loading...
201611117510.2
常州天合光能有限公司
陈达明
H01L 31/0224
Loading...
本发明公开了一种选择性多晶硅薄膜的钝化接触结构，在晶体硅表面制备有一层厚度<2 nm的二氧化硅层，在二氧化硅层表面制备掺杂多晶硅薄膜，所述掺杂多晶硅薄膜在无金属接触区域具有第一厚度，在有金属接触区域具有第二厚度，且第一厚度小于第二厚度，在多晶硅薄膜的第二厚度区域表面形成金属电极。同时，本发明还公开了一种制备上述选择性多晶硅薄膜的钝化接触结构的方法。本发明使传统的丝网印刷技术能够和钝化接触技术有效地结合在一起，有利于将钝化接触技术推向量产，同时，有效地提高太阳电池的效率。
22. 106411260 测量PERC太阳电池局域接触空洞的方法和装置
CN
15.02.2017
H02S 50/10 Loading...
H02S 50/10
Loading...
102016001116057
常州天合光能有限公司
陈达明
H02S 50/10
Loading...
本发明公开了一种测量PERC太阳电池局域接触空洞的方法，包含如下步骤：S1：在计算机系统内设置各项参数；S2：将PERC太阳电池吸附于吸附台上，电池背面铝层朝上；S3：通过图像扫描仪的扫描头扫描刮开的区域；S4：采用图像处理方法计算接触空洞区的长度和面积，计算出接触空洞的比例，形成报告。同时，本发明还公开了一种测量PERC太阳电池局域接触空洞的装置。本发明具有操作简单，测试速度快的优点。
23. 106407591 基于智能终端设备的光伏系统发电量模拟APP
CN
15.02.2017
G06F 17/50 Loading...
G06F 17/50
Loading...
102016000871247
常州天合光能有限公司
李云珠
G06F 17/50
Loading...
本发明公开了一种基于智能终端设备的光伏系统发电量模拟APP，包括：智能终端设备，APP客户端和后台数据中心，APP客户端设置于智能终端设备的操作系统内，智能终端设备具有移动通讯和全球定位系统功能；APP客户端配置影响光伏系统发电量的影响因素信息；后台数据中心通过通讯传输网络接收到APP客户端传送回来的各类属性信息，通过公式计算光伏系统发电量，并对所有数据进行存储、分析、计算得到光伏系统发电量、CO2减排量、年度成本节约量等，形成模拟结果；模拟结果以报告方式呈现，并可以通过移动通讯网络以文件（如PDF）格式发送至指定邮箱。本发明在保证预测精确度的前提下，实现了轻巧、便捷的移动办公，大大地提升了工作的灵活性。
24. 104091842 分布式局域硼掺杂的双面感光晶体硅太阳电池及其制备方法
CN
15.02.2017
H01L 31/0224 Loading...
H01L 31/0224
Loading...
102014000321813
常州天合光能有限公司
陈奕峰
H01L 31/0224
Loading...
本发明公开了一种分布式局域硼掺杂的双面感光晶体硅太阳电池及其制备方法，该电池包括硅衬底，在硅衬底正面设有N型掺杂区、N型掺杂区上设有正面减反钝化膜，硅衬底背面设有背面钝化膜，制备方法还包括以下步骤：在背面钝化膜上以分布式短线的图案将背面钝化膜局部去除，露出硅衬底，形成多个去除通道；然后局域印刷硼硅浆料以覆盖去除通道；随后分别印刷背面电极层和正面电极层，并烘干；然后进行高温烧结，去除通道内的硼硅浆料与硅衬底接触界面形成分布式的P型硼重掺杂区域，组成P型硼重掺杂层；并在高温烧结过程中，同时形成正面电极层和背面电极层。本发明不仅降低了太阳能电池背面的少子在接触界面的复合速率，有利于电池开路电压和转换效率的提升，而且降低了开膜面积，进一步降低了表面的复合速率。
25. 106384758 一种防边缘漏电的太阳电池刻边方法
CN
08.02.2017
H01L 31/18 Loading...
H01L 31/18
Loading...
102016000892599
常州天合光能有限公司
徐冠群
H01L 31/18
Loading...
本发明公开了一种防边缘漏电的太阳电池刻边方法，包括如下步骤：S1：用刻蚀浆料均匀涂到扩散后硅片的四周边缘，并在空气中静置5‑10min；S2：用去离子水洗掉涂在硅片四周边缘的刻蚀浆料；S3：将洗掉刻蚀浆料的硅片放进温度范围为60‑80℃浓度为30%‑50%的KOH抛光液中反应2‑5min，之后用去离子水清洗最后烘干。本发明通过采用只会和PSG/BSG反应的刻蚀浆料，实现了在保证电池两面扩散层完整的前提下，很好地刻蚀掉硅片边缘的扩散层，从而有效地防止电池边缘漏电现象的发生。采用本方法刻边，太阳电池Rsh提升到3000Ω以上，IRev1降至0.2以下，FF提升了0.3%以上，Eta提升了0.1%以上。
26. 106374831 一种带有发电预测的分布式光伏监控系统及监控方法
CN
01.02.2017
H02S 50/00 Loading...
H02S 50/00
Loading...
102016000851496
国电南瑞科技股份有限公司
杨文
H02S 50/00
Loading...
本发明公开了一种带有发电预测的分布式光伏监控系统及监控方法，分布式光伏监控系统包括工作站、数据服务器、采集服务器、工控机、交换机、人机操作界面，所述工作站、数据服务器、采集服务器接入系统的局域网，所述工控机用于收集分布式光伏电站的信息并将信息上传给采集服务器；所述采集服务器用于将信息上传到局域网；所述工作站用于对信息进行数据分析；人机操作界面用于显示与报警。本发明可以实时监控分布式光伏运行数据，在保障电能质量的基础上，稳定分布式光伏发电系统的电压、频率，实现最优化运行，提高分布式光伏的利用率。
27. 106370534 一种新型的胶体晶体自组装方法
CN
01.02.2017
G01N 3/40 Loading...
G01N 3/40
Loading...
102016000674023
常州大学
张帅
G01N 3/40
Loading...
本发明提出了一种新型的胶体晶体自组装方法。该方法可精确调控胶体晶体的层数，特别适用于制备层数较少的胶体晶体，而且不同层的胶体晶体可由不同的胶体粒子构成。首先将带电荷种类与胶体粒子表面电荷种类相异的聚电解质吸附到基底或已有胶体晶体表面，接着，在基底或已有胶体晶体表面形成一层水膜，并利用气/液界面形成单层的胶体晶体。然后，待水分挥发，由于异性电荷相吸，新形成的单层胶体晶体会牢固的附着在基底或已有胶体晶体表面。重复上述过程，即可获得所需层数的胶体晶体。该方法在胶体晶体的多个应用领域(如光学、传感器、生物编码和太阳能电池等)具有重要的意义。
28. 104467663 一种检测光伏热斑损害的太阳电池漏电流的系统及方法
CN
01.02.2017
H02S 50/10 Loading...
H02S 50/10
Loading...
102014000677382
河海大学常州校区
张臻
H02S 50/10
Loading...
本发明公开了一种检测光伏热斑损害的太阳电池漏电流的系统及方法，通过测试太阳电池反向偏压下温度变化情况，判定反偏漏电流的分布情况，根据反向漏电流大小，进行电池分类，同时通过红外热相扫描，检测太阳电池反向漏电流分布，挑选出局部漏电流密度大的电池。采用本发明将局部漏电流大的太阳电池挑选出来，避免太阳电池实际使用中，在电流失配引起的电压反偏情况下产生温度过高的热斑问题。
29. 104528121 交流输出组件的隔离垫及交流输出组件的隔离包装方法
CN
01.02.2017
B65D 25/10 Loading...
B65D 25/10
Loading...
102014000810951
常州天合光能有限公司
夏登福
B65D 25/10
Loading...
本发明公开了一种交流输出组件的隔离垫及交流输出组件的隔离包装方法，交流输出组件的隔离垫包括本体，本体具有卡槽体和垫体，卡槽体上设置有卡接组件边框的卡槽，垫体用于支承在相邻的交流输出组件的组件边框之间，并且所述垫体的高度大于交流输出组件上的逆变器凸出组件边框的高度。本发明能够解决交流输出组件因集成逆变器造成组件局部位置的不规则形状和凸出造成的不方便放置和包装的问题，提高了放置及包装的平整、美观、安全性和可靠性。
30. 104465808 背接触异质结太阳电池及其制备方法
CN
01.02.2017
H01L 31/0224 Loading...
H01L 31/0224
Loading...
102014000837882
常州天合光能有限公司
郭万武
H01L 31/0224
Loading...
本发明公开了一种背接触异质结太阳电池及其制备方法，背接触异质结太阳电池包括硅片基体层，硅片基体层的背面具有P型接触区域和N型接触区域，P型接触区域呈向硅片基体层凹陷的内曲面结构，并且P型接触区域由内至外依次为背面本征层、发射极、导电介质层和发射极电极；N型接触区域由内至外依次为背面本征层、背电场层、导电介质层和背电场电极。本发明不仅可以改善背接触异质结太阳电池的结特性，而且有助于入射光在基底内部的广角散射，增加吸收层的有效光程，进而提升电池的整体性能。
31. 106357205 倾斜屋面防水型光伏组件安装装置
CN
25.01.2017
H02S 20/23 Loading...
H02S 20/23
Loading...
102016000933314
常州天合光能有限公司
李光明
H02S 20/23
Loading...
本发明涉及光伏组件安装装置领域，尤其是公开了一种倾斜屋面防水型光伏组件安装装置，包括沿屋面横向连接相邻光伏组件的第一防水结构和沿屋面竖向连接相邻光伏组件的第二防水结构；第二防水结构包括主体、可连接上一光伏组件底边的第一连接板、可连接下一光伏组件顶边的第二连接板及横梁连接板；横梁连接板连接于主体的一侧，第一连接板和第二连接板均连接于主体的另一侧；第一连接板位于第二连接板的上方，第一连接板和第二连接板之间形成供下一光伏组件顶边插入的加固槽，第一连接板和第二连接板均具有与主体连接的定位端和向上倾斜的连接端。本发明在安装后保证光伏组件防水、透气效果好，且结构简单，制造成本低，安装牢固，拆装方便。
32. 104465885 全背电极太阳能电池形成局域金属化的生产方法
CN
25.01.2017
H01L 31/18 Loading...
H01L 31/18
Loading...
102014000811692
常州天合光能有限公司
张学玲
H01L 31/18
Loading...
本发明公开了一种全背电极太阳能电池形成局域金属化的生产方法，该方法的步骤如下：全背电极太阳能电池完成前置制备后，在发射极和背表面场的下表面沉积一起泡钝化膜；再在该起泡钝化膜的下表面设置金属电极浆料，分别为和发射极相对应的金属正电极浆料以及和背表面场相对应的金属负电极浆料，并将金属正电极浆料和金属负电极浆料隔离开；再进行热处理，金属正电极浆料与有气泡剥离钝化膜区域的发射极构成欧姆接触，形成局部接触金属正电极，金属负电极浆料与有气泡剥离钝化膜区域的背表面场构成欧姆接触，形成局部接触金属负电极。本发明能够省略传统通过激光或刻蚀的方式才能打开接触孔的步骤，简化了工艺步骤的同时，还降低了生产成本，生成的接触孔比较小，光电转换效率高。
33. 205900558 单晶硅双面太阳电池
CN
18.01.2017
H01L 31/0236 Loading...
H01L 31/0236
Loading...
201620450527.9
常州天合光能有限公司
盛赟
H01L 31/0236
Loading...
本实用新型公开了一种单晶硅双面太阳电池，在单晶硅衬底（100）的正面依次形成正面制绒形貌结构（1）、正面PN发射结（2）、正面钝化减反介质层（3）以及正面电极（4），在单晶硅衬底的背面依次形成背面制绒形貌结构（5）、背表面场（6）、背面钝化减反介质层（7）以及背面电极（8），其特征在于：所述背面制绒形貌结构（5）为平台形绒面，各平台结构（5a）分散，或者，平铺，或者，部分分散、部分平铺、部分相连、部分交叠地分布在硅衬底上。本实用新型可优化双面太阳电池的少数载流子表面复合和光学吸收特性，提高量子转换效率。
34. 205900556 一种单晶硅双面太阳电池
CN
18.01.2017
H01L 31/0216 Loading...
H01L 31/0216
Loading...
202016000450535
常州天合光能有限公司
盛赟
H01L 31/0216
Loading...
本实用新型公开了一种单晶硅双面太阳电池，属于太阳电池技术领域，在单晶硅衬底的正面依次形成正面金字塔形绒面、正面掺杂发射结、正面钝化减反介质层以及正面电极，在单晶硅衬底的背面依次形成背面金字塔形绒面、背表面场、背面钝化减反介质层以及背面电极，其特征在于：所述背面金字塔形绒面为分离型金字塔形绒面，金字塔结构仅部分地覆盖单晶硅衬底，金字塔结构分散地分布在硅衬底上，被金字塔结构覆盖的区域占背面硅衬底的20%‑90%。本实用新型可优化双面太阳电池的少数载流子表面复合和光学吸收特性，提高量子转换效率。
35. 106328724 一种双面晶硅太阳电池及其制备方法
CN
11.01.2017
H01L 31/0216 Loading...
H01L 31/0216
Loading...
102016000969167
常州天合光能有限公司
盛赟
H01L 31/0216
Loading...
本发明公开了一种双面晶硅太阳电池，在硅衬底的正面依次设置正面绒面结构、正面pn发射结、正面钝化减反介质层和正面电极，在硅衬底的背面依次设置背面平面结构、背面钝化减反介质层以及背面电极，其特征在于：所述背面平面结构为直接形成于硅衬底上的、经抛光工艺形成的平面的硅衬底；背面平面结构表面没有掺杂层。本发明还公开了一种制备所述双面晶硅太阳电池的方法。本发明的双面晶硅太阳电池，通过设置背面平面结构，优化了双面太阳电池的少数载流子表面复合和光学吸收特性，提高量子转换效率；本发明的制备方法工艺简单、成本低，适合大规模工业化生产。
36. 106301218 一种用于多主栅电池片的测试装置
CN
04.01.2017
H02S 50/10 Loading...
H02S 50/10
Loading...
102016000933842
常州天合光能有限公司
李海宁
H02S 50/10
Loading...
本发明涉及一种用于多主栅电池片的测试装置，包括：支撑板以及设置于支撑板上的测试台面，测试台面与支撑板之间电绝缘，其特征在于：所述测试台面具有良好的导电性能，且内部具有密封的气道，气道开口于测试台面的工作面并可在气压的作用下对待测电池片进行吸附；测试台面上设置有数个探针，探针与测试台面之间电绝缘，探针高出测试台面的测试面3‑5mm；在测试台面的上方设置有用于压紧待测电池片的上压网结构，上压网结构整体呈矩形框状，四周具有边框，边框内设置有若干条镀金线，镀金线中包含若干条测试电压线以及测试电压线两倍数量的测试电流线，测试时，通过探针在待测电池片的背面施加电压。本发明具有测量结果更加精确的优点。
37. 106271520 用于柔性光伏电站的光伏组件更换系统
CN
04.01.2017
B23P 19/00 Loading...
B23P 19/00
Loading...
102016000957429
常州天合光能有限公司
赵卜环
B23P 19/00
Loading...
本发明涉及一种光伏电站的光伏组件更换系统，尤其涉及一种用于柔性光伏电站的光伏组件更换系统，所述光伏组件通过由横梁、立柱、斜支撑以及组件支撑钢索的组件支架系统支撑并呈阵列排布，其特征在于：所述光伏组件更换系统包括：沿每一排光伏组件预留安装、与光伏组件的组件支撑钢索平行的运维钢索；成对设置的可供人乘坐的载人装置；以及，可用于安置光伏组件的组件托举装置；所述载人装置和组件托举装置均活动连接于运维钢索并可沿运维钢索移动。本发明结构简单，生产成本低，维修人员可通过本发明对柔性光伏电站的光伏组件进行快速更换，维修效率高。
38. 106252424 热氧化改善钝化层界面的异质结电池及其制备方法
CN
21.12.2016
H01L 31/0216 Loading...
H01L 31/0216
Loading...
102016000713825
常州天合光能有限公司
孙晨光
H01L 31/0216
Loading...
本发明公开了一种热氧化改善钝化层截面的异质结太阳电池，包括：晶体硅衬底（1），其具有一正面和一背面，其特征在于：在晶体硅衬底（1）的正面依次设置：热氧化层（2）、本征非晶硅薄膜层（3）、正面掺杂层（4）、透明导电薄膜层（5）以及正面金属栅线（6）；在晶体硅衬底（1）的背面依次设置：热氧化层（2）、本征非晶硅薄膜层（3）、背面掺杂层（7）、透明导电薄膜层（5）以及背面金属栅线（8）。本发明还公开了上述异质结太阳电池的制备方法。本发明能改善单晶硅片表面缺陷，获得更好的钝化效果，提高少子寿命，增大电池的转换效率。
39. 205810838 一种内置智能芯片的光伏组件
CN
14.12.2016
H01L 31/05 Loading...
H01L 31/05
Loading...
202016000723386
常州天合光能有限公司
徐建美
H01L 31/05
Loading...
本实用新型公开了一种内置智能芯片的光伏组件，包括前玻璃板、太阳能电池片阵列、背板和设置在背板上的线盒，太阳能电池片阵列包括若干串联连接的太阳能电池串，需要旁路的两串电池串间连接有智能芯片；智能芯片的正负极上分别预先焊接好一段汇流条，且其中一极需要引出与线盒连接的则预先焊接更长一些的汇流条；叠层时，将预先焊接好了汇流条的智能芯片按极性连接在需要旁路的两串电池串间；预先焊接了更长一些汇流条的一端，则将长出的这部分汇流条折起引出组件外，用于和线盒正/负极进行连接；在智能芯片对应位置的背板处设置一开孔；智能芯片上折起后引出的汇流条从开孔处导出；线盒设置在开孔上。本实用新型可降低组件整体成本，提升组件发电量。
40. 205810865 具有纳米线透明导电衬底的钙钛矿太阳电池
CN
14.12.2016
H01L 51/42 Loading...
H01L 51/42
Loading...
202016000288279
常州天合光能有限公司
盛赟
H01L 51/42
Loading...
本实用新型公开了一种具有纳米线透明导电衬底的钙钛矿太阳电池，属于太阳电池组件技术领域，包括玻璃基体层（1）以及依次设置于玻璃基体层（1）上的纳米线层（2）、导电薄膜（3）、电子传输层（4）、钙钛矿层（5）、空穴传输层（6）和上电极（7），所述纳米线层（2）包括若干高导电率材料制成的纳米线（2a），纳米线（2a）形成互联的网状，纳米线（2a）的直径是10‑300 nm，长度是1‑100 μm，长度与直径比是10 ‑10000。本实用新型可改善大面积钙钛矿太阳电池的填充因子，提高钙钛矿太阳电池的转换效率，同时，可提高钙钛矿太阳电池的环境稳定性。
41. 205811560 抗企业内网干扰型低压并网分布式光伏电站
CN
14.12.2016
H02J 3/38 Loading...
H02J 3/38
Loading...
202016000752596
常州天合光能有限公司
杨正刚
H02J 3/38
Loading...
本实用新型公开了一种抗企业内网干扰型低压并网分布式光伏电站,包括光伏发电系统、低压用电系统以及高压配电系统（1），低压用电系统连接高压配电系统（1）并选择性连接光伏发电系统，高压配电系统（1）的电力输出端经降压变压器（2‑1）后连接低压用电系统；光伏发电系统选择性连接低压用电系统或高压配电系统（1），其特征在于：光伏发电系统的电力输出端经交流汇流柜（5）汇流后，与光伏隔离变压器（4）串联，光伏隔离变压器（4）的输出端接通光伏并网计量柜（3），光伏并网计量柜（3）选择性连接低压用电系统或高压配电系统（1）。本实用新型可有效解决用电企业因接入特种设备对光伏逆变器的干扰，使光伏电站更加高效地运行。
42. 205810828 晶硅太阳能电池背电极网版结构
CN
14.12.2016
H01L 31/0224 Loading...
H01L 31/0224
Loading...
201620690369.4
常州天合光能有限公司
冯强
H01L 31/0224
Loading...
本实用新型公开了一种晶硅太阳能电池背电极网版结构，其特征在于：它包括网版本体，所述网版本体的四周边缘上设置有呈线状的边框。本实用新型能够很好地印刷背电极，从而能够精准地对准背电场和电池片边缘，确保背电场和电池片边缘平行。
43. 106203745 基于多时间尺度多空间的分布式光伏控制系统及控制方法
CN
07.12.2016
G06Q 10/04 Loading...
G06Q 10/04
Loading...
102016000698180
国电南瑞科技股份有限公司
杨文
G06Q 10/04
Loading...
本发明公开了一种基于多时间尺度多空间的分布式光伏控制系统及控制方法，系统根据调度周期内的负荷预测及发电预测，制定未来一个调度周期内的功率控制策略，形成发电调度计划；并结合短期发电预测和短期负荷预测，对发电调度计划进行调整，得到实时发电调度计划；并根据各子区域中的分布式光伏设备的运行情况，得到实时子区域内部发电调度计划，将其命令下发给光伏控制器，对分布式光伏设备进行控制。本发明在保障供电可靠性的情况下，对接入电网的分布式光伏进行分区管理，有效提高分布式光伏发电的稳定性和能源利用率。
44. 205723578 背接触异质结太阳电池
CN
23.11.2016
H01L 31/072 Loading...
H01L 31/072
Loading...
201620043004.2
常州天合光能有限公司
包健
H01L 31/072
Loading...
本实用新型公开了一种背接触异质结太阳电池，包括硅基体层，其特征在于：在硅基体层的前表面依次设置前表面场和减反层，在硅基体层的背表面设置本征非晶硅钝化层，在本征非晶硅钝化层上间隔地设置有P型非晶硅层和N型非晶硅层，P型非晶硅层和N型非晶硅层上分别设置有透明导电薄膜层，透明导电薄膜层上设置有电极，所述P型非晶硅层的厚度为5‑20nm，宽度为100‑1000μm，N型非晶硅层的厚度为5‑20nm，宽度为100‑1000μm，相邻的P型非晶硅层的中心点与N型非晶硅层的中心点间隔150‑3000μm，在所述P型非晶硅层与N型非晶硅层之间设置有绝缘隔离层。本实用新型可防止漏电流的产生，提升太阳电池的开路电压。
45. 205723558 一种适合于MBB技术的太阳电池主栅图案结构及其太阳电池
CN
23.11.2016
H01L 31/0224 Loading...
H01L 31/0224
Loading...
201620243241.3
常州天合光能有限公司
袁声召
H01L 31/0224
Loading...
本实用新型公开了一种适合于MBB技术的太阳电池主栅图案结构(100)，其特征在于：每一主栅图案结构(100)包括两条平行的直线(1)，每条直线的宽度为30μm‑200μm，两直线内边缘之间的距离为D1,两直线外边缘之间的距离为D2，细铜线的直径为D3，0.1mm≤D1≤0.4mm，D2＜D3。本实用新型还公开了一种太阳电池，在太阳电池的正面形成上述主栅图案结构(100)，在主栅图案结构上焊接细铜线(3)作为太阳电池的主栅线。本实用新型的太阳电池主栅图案结构，主栅线焊接牢固，总的接触电阻小，几乎不产生额外的遮挡面积。采用本实用新型的太阳电池主栅图案结构，结合细铜线MBB技术制备的太阳电池，具有短路电流大、填充因子高的优点。
46. 106082244 一种利用晶硅太阳能电池清洗废液制备气凝胶的方法
CN
09.11.2016
C01B 33/16 Loading...
C01B 33/16
Loading...
201610409738.2
常州天合光能有限公司
冯强
C01B 33/16
Loading...
本发明公开了一种利用晶硅太阳能电池清洗废液制备气凝胶的方法，包括：收集晶硅太阳能电池制备过程中前清洗和后清洗工序的废酸液，静置沉淀，取上清液，在搅拌条件下向上清液中加入水玻璃，直到混合溶液的pH值为4‑5；静置30min‑60min至自动生成凝胶，然后在50℃‑80℃使凝胶老化12h以上，将老化后的凝胶依次经醇化和疏水改性后干燥，得到气凝胶。本发明方法反应条件温和、操作简单，变废液为原材料，既生产了气凝胶，又处理了污水排放，一举两得，同时还增加了经济效益，保护了环境，大大降低了气凝胶的生产成本，得到的气凝胶品质优良。
47. 2016533635 結晶シリコン太陽電池の背面ブリッジ式コンタクト電極及びその製造方法
JP
27.10.2016
H01L 31/0224 Loading...
H01L 31/0224
Loading...
2016517450
常州天合光能有限公司
▲陳▼ ▲イ▼峰
H01L 31/0224
Loading...
局部背表面フィールドに接続された局部電極、及びシリコン基板とのコンタクト表面に背面パッシベーション膜が覆われた背面電極を備え、局部電極と背面電極との間に少なくとも一つのブリッジ電極が設けられており、ブリッジ電極とシリコン基板とのコンタクト表面にも背面パッシベーション膜が覆われており、局部電極と背面電極はブリッジ電極により接続され、且つ局部電極と背面電極との間に、ブリッジ電極の接続領域以外の部分にも、背面パッシベーション膜が設けられている結晶シリコン太陽電池の背面ブリッジ式コンタクト電極及びその製造方法を提供する。局部背表面フィールドにおけるキャビティの形成を抑制しつつ、局部背表面フィールドの厚さを増加し、少数キャリヤが局部背表面フィールドを通過してコンタクト領域に達して複合される抵抗損失を低減し、背面パッシベーション電池の変換効率を向上させることができる。
48. 106026176 基于分布式能源的微电网黑启动系统及其黑启动方法
CN
12.10.2016
H02J 3/38 Loading...
H02J 3/38
Loading...
102016000540071
常州天合光能有限公司
王斌
H02J 3/38
Loading...
本发明涉及微电网及控制领域，具体涉及并公开了基于分布式能源的微电网黑启动系统。基于分布式能源的微电网黑启动系统，包括微电网管理系统、黑启动主参考微电源、变流器，还包括模式转换开关K3、信号采集器、控制器和功率锁存器；控制器包括第一U/f控制器和P/Q控制器，第一U/f控制器和变流器通过开关K1连接，P/Q控制器和变流器通过开关K2连接，功率锁存器和P/Q控制器通过模式转换开关K3连接。本发明还公布了基于上述黑启动系统的黑启动方法。本发明的基于分布式能源的微电网黑启动系统及其黑启动方法，通过功率锁定的模式切换与预同步策略，能够快速稳定地实现微电网的黑启动，黑启动过程中系统稳定性得到了大幅提高。
49. 106012007 一种强制对流生长晶体硅的方法及其装置
CN
12.10.2016
C30B 28/06 Loading...
C30B 28/06
Loading...
102016000581744
常州天合光能有限公司
尹长浩
C30B 28/06
Loading...
本发明公开了一种强制对流生长晶体硅的方法及装置，通过在多晶硅铸锭过程中，在硅熔体中通过机械搅拌直接引入强制对流，降低硅熔体水平温度梯度，提供分凝作用的排杂效果，使用氮化硅作为制作搅拌硅熔体的叶轮和支撑轴；同时，在晶体生长过程中通过氮化硅叶轮的降低来测量晶体生长速率，在不污染及硅熔体的基础上实现对晶体生长速率的测量，从而改善后续晶体生长条件；随着晶体不断生长，调节叶轮的转速和距离晶体的高度，从而维持晶体上方硅熔体的稳定对流。
50. 106026179 抗企业内网干扰型低压并网分布式光伏电站及其安装方法
CN
12.10.2016
H02J 3/38 Loading...
H02J 3/38
Loading...
102016000559785
常州天合光能有限公司
杨正刚
H02J 3/38
Loading...
本发明公开了一种抗企业内网干扰型低压并网分布式光伏电站及其安装方法，所述电站包括光伏发电系统、低压用电系统以及高压配电系统（1），低压用电系统连接高压配电系统（1）并选择性连接光伏发电系统，高压配电系统（1）的电力输出端经降压变压器（2‑1）后连接低压用电系统；光伏发电系统选择性连接低压用电系统或高压配电系统（1），其特征在于：光伏发电系统的电力输出端经交流汇流柜（5）汇流后，与光伏隔离变压器（4）串联，光伏隔离变压器（4）的输出端接通光伏并网计量柜（3），光伏并网计量柜（3）选择性连接低压用电系统或高压配电系统（1）。本发明可解决用电企业因接入特种设备对光伏逆变器的干扰，使光伏电站高效地运行。
51. 106026905 一种内置二极管的光伏组件
CN
12.10.2016
H02S 40/34 Loading...
H02S 40/34
Loading...
102016000476065
常州天合光能有限公司
孙权
H02S 40/34
Loading...
本发明公开了一种内置二极管的光伏组件，包括前玻璃板、太阳能电池片阵列、背板和设置在背板上的线盒，太阳能电池片阵列包括若干串联连接的太阳能电池串，其特征在于，需要旁路的两串电池串间连接有二极管；所述二极管的正负极上分别预先焊接好一段汇流条，且其中一极需要引出与线盒连接的则预先焊接更长一些的汇流条；组件叠层时，将预先焊接好了汇流条的二极管按极性连接在需要旁路的两串电池串间；预先焊接了更长一些汇流条的一端，则将长出的这部分汇流条折起引出组件外，用于和线盒正/负极进行连接；在二极管对应位置的背板处设置一开孔；所述二极管上折起后引出的汇流条从开孔处导出。本发明方便部件的维修和更换，降低成本。
52. 205633615 用于表面带安装块的玻璃制品的包装装置
CN
12.10.2016
B65D 81/05 Loading...
B65D 81/05
Loading...
201620417566.9
常州天合光能有限公司
葛先平
B65D 81/05
Loading...
本实用新型公开了一种用于表面带安装块的玻璃制品的包装装置，属于易碎物品包装运输技术领域，包括缓冲护套，该缓冲护套具有可容纳安装块的弹性保护槽和可接触相邻玻璃制品表面的弹性防滑面，该弹性防滑面与弹性保护槽之间形成一定的缓冲厚度。本实用新型能有效防止安装块损坏，或者划伤玻璃制品，且能增强玻璃制品叠加安装时的防滑性，且制造成本低，使用效果好。
53. 205637371 用于彩钢瓦屋顶光伏电站的扁钢安装结构
CN
12.10.2016
E04D 13/18 Loading...
E04D 13/18
Loading...
201620213515.4
常州天合光能有限公司
付传国
E04D 13/18
Loading...
本实用新型涉及一种光伏组件的安装结构，尤其涉及一种用于彩钢瓦屋顶光伏电站的扁钢安装结构，属于光伏电站安装技术领域，包括可连接于彩钢瓦屋顶的固定件和可将扁钢压紧于固定件上的压条，所述压条可拆卸连接于固定件上。本实用新型可把扁钢牢固地固定于彩钢瓦屋顶，且不会损坏扁钢，保证扁钢的防腐性和安全性；同时拆装速度读块、效率高。
54. 205646844 一种抗低功率因数的分布式光伏电站
CN
12.10.2016
H02J 3/38 Loading...
H02J 3/38
Loading...
201620522619.3
常州天合光能有限公司
杨正刚
H02J 3/38
Loading...
本实用新型公开了一种抗低功率因数的分布式光伏电站，包括光伏发电系统（3）、低压用电系统（2）以及高压配电系统（1），低压用电系统（2）连接高压配电系统（1）并选择性连接光伏发电系统（3），光伏发电系统（3）选择性连接低压用电系统（2）或高压配电系统（1），其特征在于：在高压配电系统（1）中还并联有一SVG出线柜（1‑7），在低压用电系统中并联有一电容柜（2‑1）。本实用新型可有效地提高电网的功率因数，降低供电变压器及输送线路的损耗、提高供电效率、改善供电环境。
55. 105977327 一种内置智能芯片的光伏组件
CN
28.09.2016
H01L 31/05 Loading...
H01L 31/05
Loading...
102016000538686
常州天合光能有限公司
徐建美
H01L 31/05
Loading...
本发明公开了一种内置智能芯片的光伏组件，包括前玻璃板、太阳能电池片阵列、背板和设置在背板上的线盒，太阳能电池片阵列包括若干串联连接的太阳能电池串，需要旁路的两串电池串间连接有智能芯片；智能芯片的正负极上分别预先焊接好一段汇流条，且其中一极需要引出与线盒连接的则预先焊接更长一些的汇流条；叠层时，将预先焊接好了汇流条的智能芯片按极性连接在需要旁路的两串电池串间；预先焊接了更长一些汇流条的一端，则将长出的这部分汇流条折起引出组件外，用于和线盒正/负极进行连接；在智能芯片对应位置的背板处设置一开孔；智能芯片上折起后引出的汇流条从开孔处导出；线盒设置在开孔上。本发明可降低组件整体成本，提升组件发电量。
56. 104409536 用于建筑内部装饰的彩色光伏组件及其制备方法
CN
28.09.2016
H01L 31/048 Loading...
H01L 31/048
Loading...
102014000743903
常州天合光能有限公司
刘斌辉
H01L 31/048
Loading...
本发明公开了一种用于建筑内部装饰的彩色光伏组件及其制备方法，用于建筑内部装饰的彩色光伏组件从上到下依次为正面玻璃、正面封装层、双面太阳电池阵列、背面封装层和背面玻璃，双面太阳电池阵列具有多个双面太阳电池片，并且每个双面太阳电池片的背面为单一颜色，双面太阳电池阵列的背面具有至少一种颜色。本发明不仅可以获得组合成的彩色图案，增加建筑美感，供内部游客欣赏，而且可以双面发电，具有良好的透光性，增加其发电效率。
57. 104485389 自对准选择性扩散的太阳能电池形成方法
CN
28.09.2016
H01L 31/18 Loading...
H01L 31/18
Loading...
102014000789712
常州天合光能有限公司
陈艳
H01L 31/18
Loading...
本发明公开了一种自对准选择性扩散的太阳能电池形成方法，该方法的步骤如下：（a）硅基体清洗，去除损伤层，并在硅基体的正面制绒；（b）再在硅基体正面的制绒面上采用原子层沉积法沉积三氧化二铝层，然后再在三氧化二铝层的上表面旋涂磷源；（c）再将经过步骤（b）处理后的硅基体放置在温度环境中沉积，使三氧化二铝层内部产生气泡，从而使磷源扩散形成自对准选择性发射结；（d）洗去三氧化二铝层，再放入温度环境中，使自对准选择性发射结推进；（e）对硅基体的背面清洗；（f）再在对准选择性发射结的上表面沉积减反射膜；（g）正、背面分别进行金属化；（h）烧结并测试后，得到成品。本发明能够减少选择性扩散电池的高温过程及精准的对准过程以及特殊刻蚀浆料的准备，大大减低了生产成本，更适合工业化大规模生产。
58. 103794663 太阳能电池前电极结构
CN
28.09.2016
H01L 31/0224 Loading...
H01L 31/0224
Loading...
102014000042618
常州天合光能有限公司
张舒
H01L 31/0224
Loading...
本发明公开了一种太阳能电池前电极结构，包括设置在太阳能电池上的多条副栅和多条用于焊接焊带的主栅，主栅和副栅相垂直，所述的每条主栅由多个圆形正电极组成，每个圆形正电极设置在相应的副栅上，并与该副栅为一体式结构，相邻的圆形正电极之间留有间隔距离，所述的圆形正电极的数量≥15个。本发明能够在不降低电池封装损失及不降低可靠性的前提下，减少焊带焊接的电极焊点，降低电极耗材量，有效下降电池的成本。
59. 205602597 光伏支架组件运输车
CN
28.09.2016
B65G 35/00 Loading...
B65G 35/00
Loading...
201620405888.1
常州天合光能有限公司
薛小康
B65G 35/00
Loading...
本实用新型公开了一种光伏支架组件运输车，它包括：运输轨道，所述运输轨道安装在光伏支架上；运输车体，所述运输车体具有光伏组件承载体和车架，所述光伏组件承载体安装在车架上，并且所述光伏组件承载体用于承载光伏组件，所述车架具有运输轨道连接组件，所述运输轨道连接组件与所述运输轨道连接，以便运输车体在推力的作用下在运输轨道上移动，所述车架上设置有推动运输车体在运输轨道上来回移动的推动组件。本实用新型能够方便在光伏支架上运输光伏组件，并且省力，节省了运输时间。
60. 105957905 无细栅线晶硅太阳能电池及其制备方法
CN
21.09.2016
H01L 31/0224 Loading...
H01L 31/0224
Loading...
201610455579.X
常州天合光能有限公司
冯强
H01L 31/0224
Loading...
本发明公开了一种无细栅线晶硅太阳能电池及其制备方法。无细栅线晶硅太阳能电池包括依次连接的正电极、减反射膜层、扩散层、晶硅基片、铝背场和背电极，所述的减反射膜层与扩散层之间设有透明导电薄膜层。其采用透明导电薄膜层取代采用导电银浆丝网印刷烧结的细栅线作为正面收集电流的电极，有效的减少了细栅线遮光面积，提升了光电转换效率0.4％以上，同时开路电压增益2mV以上。所述制备方法操作简单，便于控制，适合大规模工业化生产。
61. 205588771 用于激光转印设备的浆料涂布平台
CN
21.09.2016
B41F 16/00 Loading...
B41F 16/00
Loading...
201620417475.5
常州天合光能有限公司
祁宏山
B41F 16/00
Loading...
本实用新型公开了一种用于激光转印设备的浆料涂布平台，属于太阳电池生产技术淋浴，包括支撑台体，该支撑台体具有一可安置待加工卷带的台面，所述台面上连接一柔性缓冲层，该柔性缓冲层的面积大于等于待加工卷带面积。它解决现有技术中，印刷台面容易导致卷带刮压过程中发生形变，降低产品质量的技术问题。本实用新型结构简单，容易实现，防止卷带刮压过程中发生形变，保证产品质量。
62. 205588796 电池片金属细栅线激光转印头装置
CN
21.09.2016
B41J 2/435 Loading...
B41J 2/435
Loading...
201620417445.4
常州天合光能有限公司
祁宏山
B41J 2/435
Loading...
本实用新型涉及太阳能电池片印刷技术领域，尤其是公开了一种电池片金属细栅线激光转印头装置，包括能产生激光的激光发生装置、可反射激光并调整激光沿X轴和Y轴方向角度的角度调整组合、可将经角度调整组合反射后的激光聚焦至扫描标的物上的聚焦镜。本实用新型结构简单，容易实现，且能实现对激光的位置的精确调整，实现对标的物快速而精准的扫描，以提高工作效率，提升产品的技术水平。
63. 105957911 太阳能组件胶带封边层压工艺及其胶带封边工具
CN
21.09.2016
H01L 31/048 Loading...
H01L 31/048
Loading...
201610427890.3
常州天合光能有限公司
孙宇
H01L 31/048
Loading...
本发明公开了一种太阳能组件胶带封边层压工艺，包括如下步骤：S1：用制备好的互连条将若干太阳能电池焊接为一体；S2:自下而上将玻璃、热熔胶、经串、并联形成的太阳能电池阵列、热熔胶、背板叠合在一起，叠合好后，将玻璃、热熔胶和背板用刀片裁齐，使得热熔胶片与玻璃，热熔胶与背板完全重叠；S3：用手持式胶带封边工具将封边胶带沿太阳能组件四周贴牢抚平，使得太阳能组件边缘被封边胶带密封；S4：被胶带封边完毕后的太阳能组件放入层压机进行层压；S5：太阳能组件层压完毕后撕去封边胶带即可。同时，本发明还公开了一种手持式胶带封边工具。本发明的封边层压工艺，组件层压完毕出料后撕去封边即可得到边缘光滑的太阳能组件，免去了削边。
64. 104579159 光伏智能接线盒的散热结构
CN
07.09.2016
H02S 40/34 Loading...
H02S 40/34
Loading...
102015000065118
常州天合光能有限公司
王永帅
H02S 40/34
Loading...
本发明公开了一种光伏智能接线盒的散热结构，它包括：多个导热元件，所述导热元件和光伏智能接线盒内的智能芯片一一对应，并且导热元件的一端与光伏智能接线盒的盒盖内侧相连接，另一端与相应的智能芯片相抵接；多条散热翅片，所述散热翅片设置在盒盖的外侧。本发明能够有效对智能接线盒进行良好的散热，避免了由于发热量过大而影响接线盒可靠性测试、认证和日常工作的现象。
65. 105914790 一种抗低功率因数的分布式光伏电站
CN
31.08.2016
H02J 3/38 Loading...
H02J 3/38
Loading...
102016000381159
常州天合光能有限公司
杨正刚
H02J 3/38
Loading...
本发明公开了一种抗低功率因数的分布式光伏电站，包括光伏发电系统（3）、低压用电系统（2）以及高压配电系统（1），低压用电系统（2）连接高压配电系统（1）并选择性连接光伏发电系统（3），光伏发电系统（3）选择性连接低压用电系统（2）或高压配电系统（1），其特征在于：在高压配电系统（1）中还并联有一SVG出线柜（1‑7），在低压用电系统中并联有一电容柜（2‑1）。本发明可有效地提高电网的功率因数，降低供电变压器及输送线路的损耗、提高供电效率、改善供电环境。
66. 105895734 刻蚀图案套印高精度对位方法及装置
CN
24.08.2016
H01L 31/18 Loading...
H01L 31/18
Loading...
102016000095279
常州天合光能有限公司
丁志强
H01L 31/18
Loading...
本发明公开了一种刻蚀图案套印高精度对位方法，包括下述步骤：S1：提供硅片和浆料载体；S2：视觉识别系统拍摄硅片的图片；S3：在图片上选取固定位置的ROI区域，通过垂直投影方法，获得一组ROI区域内的数据，通过离散数据曲线平滑算法对数据进行预处理，计算得出波峰的位置和线宽；S4：比对ROI区域内掩膜线的线宽与波峰的宽度，计算得出掩膜线图案的角度；S5：通过运动装置旋转硅片相应的角度和位置，使掩膜线的图案和浆料载体图案重合；S6：激光作用到浆料载体上，浆料最终作用到掩膜线的图案位置。同时，本发明还公开了一种刻蚀图案套印高精度对位装置。本发明提高了刻蚀图案与电极图案对位的精准度，提高了电池片的效率，节省了掩膜成本。
67. 205509946 光伏组件内压式安装装置
CN
24.08.2016
H02S 20/30 Loading...
H02S 20/30
Loading...
202016000286977
常州天合光能有限公司
李光明
H02S 20/30
Loading...
本实用新型公开了一种光伏组件内压式安装装置，其用于将光伏组件安装在支撑支架上，它包括：组件内压块，所述组件内压块用于卡压光伏组件的边框；调整连接组件，所述调整连接组件分别与组件内压块和支撑支架相连接，以便通过调整连接组件从而将光伏组件紧靠在支撑支架上。本实用新型能够提高装配速度，降低加工成本，提高组件安装后的稳定性。
68. 205508833 一种太阳电池封装结构
CN
24.08.2016
H01L 31/048 Loading...
H01L 31/048
Loading...
202016000288338
常州天合光能有限公司
盛赟
H01L 31/048
Loading...
本实用新型公开了一种太阳电池封装结构，用于封装一个以上的太阳电池（100），太阳电池的正、负极分别形成引出导电线（8），其特征在于：包括正面玻璃板（1）和背面玻璃板（2），正面玻璃板（1）和背面玻璃板（2）之间通过熔封玻璃边（3）熔封形成封闭结构（4），封闭结构（4）内为气密封的封装空间（5），封装空间（5）内为真空或填充有惰性气体（9），引出导电线（8）与熔封玻璃边（3）熔封或夹封在一起。本实用新型的太阳电池封装结构，可有效地保护太阳电池，尤其是各类稳定性较传统太阳电池更差的新型太阳电池，保证其长期稳定地工作。
69. 103434273 一种光伏组件边框打标方法及其光伏组件生产工艺
CN
17.08.2016
B41J 2/475 Loading...
B41J 2/475
Loading...
102013000403033
常州天合光能有限公司
徐连荣
B41J 2/475
Loading...
本发明公开了一种光伏组件边框打标方法，将公司商标信息、光伏组件序列号信息和光伏组件铭牌信息进行一体式设计，并将其输入刻印设备，刻印在光伏组件有效区域外不影响光伏组件性能和外观的光伏组件型材上。本发明方法节省工序，节约人力和成本，美观大方，制备的相关信息长时间后依然能够扫描读取，可靠性高。
70. 104393118 将制绒与清洗分步进行的晶硅太阳能电池湿化学处理方法
CN
17.08.2016
H01L 31/18 Loading...
H01L 31/18
Loading...
102014000722696
常州天合光能有限公司
舒欣
H01L 31/18
Loading...
本发明公开了一种将制绒与清洗分步进行的晶硅太阳能电池湿化学处理方法，该方法的步骤如下：（1）提供一经过前处理后的硅片；（2）采用第一清洗液对硅片进行预清洗，以去除硅片表面颗粒杂质和污染；（3）采用抛光腐蚀液对硅片进行抛光处理，腐蚀掉表面的机械损伤层；（4）采用制绒液对硅片进行制绒处理，使其表面形成绒面结构；（5）采用第二清洗液对硅片进行清洗，以去除表面金属离子，并中和碱性杂质，减少表面化学残留；（6）采用氧化腐蚀液对硅片进行处理，以去除氧化层，并在其表面形成疏水干燥结构。本发明制绒后硅片可以长时间存放，并且其表面洁净度和减反射效果达到了较高的水平，大大减少了生产时间，提高了生产效率。
71. 104167988 一种光伏系统效率异常告警的判断方法
CN
17.08.2016
H02S 50/00 Loading...
H02S 50/00
Loading...
102014000456746
河海大学常州校区
张臻
H02S 50/00
Loading...
本发明公开了一种光伏系统效率异常告警的判断方法，本发明针对现在的PR值计算公式所存在的问题，通过对其进行分析，并提出了根据不同时期的环境温度与辐照强度进行修正，然后将经修正后的光伏电站系统直流段实际效率与设定的光伏电站安装地区理论效率比较，根据效率偏差制定告警分级标准，确定告警等级，进行预警。本发明为光伏系统性能的监控以及日常的运行维护提供了准确的依据。
72. 104022187 N型晶体硅太阳能电池的选择性发射结结构的实现方法
CN
17.08.2016
H01L 31/18 Loading...
H01L 31/18
Loading...
102014000275382
常州天合光能有限公司
盛赟
H01L 31/18
Loading...
本发明公开了一种N型晶体硅太阳能电池的选择性发射结结构的实现方法，该方法的步骤如下：a）运用硼扩散在N型晶体硅太阳能电池的衬底上形成P型发射结，并且在硼原子推进扩散后，进行氧气气氛的高温处理，其中，氧气流量和炉腔的体积比为0.01~0.15slm/L，温度为800℃~1100℃，时间为5min~60min；b）通过刻蚀方法刻蚀预设的发射结金属化区域，直至高扩散浓度位置，从而形成选择性发射结结构。本发明能够保证N型太阳能选择性发射结结构的金属化区域具有较高的掺杂浓度和非金属化区域具有较低的掺杂浓度，获得良好的发射结钝化和电学接触效果。
73. 205453607 光伏支架调节水平装置
CN
10.08.2016
H02S 20/30 Loading...
H02S 20/30
Loading...
201620200218.6
常州天合光能有限公司
薛小康
H02S 20/30
Loading...
本实用新型公开了一种光伏支架调节水平装置，包括：立柱，所述立柱的底端设置有法兰；水平调节机构，包括预埋螺栓和调节螺母，所述预埋螺栓穿过法兰上的通孔，预埋螺栓的两端通过调节螺母调节预埋螺栓与法兰的相对位置并固定，从而调节光伏支架的位置。本实用新型的预埋螺栓固定在地基中，预埋螺栓穿过法兰，超出法兰的两端均安装调节螺母，预埋螺栓与调节螺母之间设有垫圈，利用调节螺母与预埋螺栓的预紧上下调节高度；本实用新型的调节量程由预埋螺栓的长度决定，使用方便灵活；本实用新型没有改变现有支架与立柱的结构，对支架设计、加工、管理没有额外增项，对结构的FEA分析模拟没有变化，不需要特殊定制，利用现在支架即可达到调节效果。
74. 103515472 光伏组件用无隐裂自动拆框方法
CN
10.08.2016
H01L 31/18 Loading...
H01L 31/18
Loading...
102012000205461
常州天合光能有限公司
宣鑫
H01L 31/18
Loading...
本发明涉及一种光伏组件用无隐裂自动拆框方法，首先将待拆框的组件安放在光伏组件用无隐裂自动拆框装置的平台上，通过组件旋转吸附机构吸附固定组件，通过两个边框分离机构2同时动作，拆除组件一侧相交的两个边框，然后组件通过组件旋转吸附机构旋转180度，拆除组件另一侧相交的相交的两个边框，完成拆框。本发明的有益效果是：可以实现更加方便快捷、自动化地拆分外边框；保证拆卸时边框四周均匀性受力，动作平稳，光伏组件外观和电池片无损伤。
75. 105826405 一种单晶硅双面太阳电池及其制备方法
CN
03.08.2016
H01L 31/0216 Loading...
H01L 31/0216
Loading...
201610331351.X
常州天合光能有限公司
盛赟
H01L 31/0216
Loading...
本发明公开了一种单晶硅双面太阳电池，属于太阳电池技术领域，在单晶硅衬底的正面依次形成正面金字塔形绒面、正面掺杂发射结、正面钝化减反介质层以及正面电极，在单晶硅衬底的背面依次形成背面金字塔形绒面、背表面场、背面钝化减反介质层以及背面电极，其特征在于：所述背面金字塔形绒面为分离型金字塔形绒面，金字塔结构仅部分地覆盖单晶硅衬底，金字塔结构分散地分布在硅衬底上，被金字塔结构覆盖的区域占背面硅衬底的20%?90%。同时，本发明还公开了一种单晶硅双面太阳电池的制备方法。本发明可优化双面太阳电池的少数载流子表面复合和光学吸收特性，提高量子转换效率。
76. 105826411 单晶硅双面太阳电池及其制备方法
CN
03.08.2016
H01L 31/0236 Loading...
H01L 31/0236
Loading...
201610328025.3
常州天合光能有限公司
盛赟
H01L 31/0236
Loading...
本发明公开了一种单晶硅双面太阳电池，在单晶硅衬底（100）的正面依次形成正面制绒形貌结构（1）、正面PN发射结（2）、正面钝化减反介质层（3）以及正面电极（4），在单晶硅衬底的背面依次形成背面制绒形貌结构（5）、背表面场（6）、背面钝化减反介质层（7）以及背面电极（8），其特征在于：所述背面制绒形貌结构（5）为平台形绒面，各平台结构（5a）分散，或者，平铺，或者，部分分散、部分平铺、部分相连、部分交叠地分布在硅衬底上。同时，本发明还公开了一种单晶硅双面太阳电池的制备方法。本发明可优化双面太阳电池的少数载流子表面复合和光学吸收特性，提高量子转换效率。
77. 205407683 用于彩钢瓦屋面的光伏组件安装结构
CN
27.07.2016
H02S 20/25 Loading...
H02S 20/25
Loading...
202016000165654
常州天合光能有限公司
付传国
H02S 20/25
Loading...
本实用新型公开了一种用于彩钢瓦屋面的光伏组件安装结构，包括横梁、夹具、底端可转动连接于横梁一端的立柱及可连接光伏组件一端的第一固定部件；第一固定部件可沿长度方向移动地设于所述立柱上，横梁的另一端设有可连接光伏组件另一端的第二固定部件；夹具包括第一夹件和第二夹件，第一夹件和/或者第二夹件上设有可连接横梁的连接面；第一夹件和第二夹件的底部设有可共同夹紧于彩钢瓦上的夹部，第一夹件上部通过第一紧固件压紧连接第二夹件；夹部上接触彩钢瓦的表面设有防滑纹。本实用新型可实现对光伏组件倾斜角度的调节，进而提高光伏组件的工作效率；同时安装简单，速度快，还可避免损坏彩钢瓦。
78. 105786017 一种基于无人机的光伏电站勘察、运维系统
CN
20.07.2016
G05D 1/10 Loading...
G05D 1/10
Loading...
201610198655.3
常州天合光能有限公司
于俊
G05D 1/10
Loading...
本发明公开了一种基于无人机的光伏电站勘察、运维系统，包括由机翼和机架组成的无人机，以及地面系统,其特征在于：在所述机架内设置有定位模块、激光测距模块、无线/有线通讯模块、飞行控制模块、存储模块、可见光相机以及电源系统，无人机通过无线通讯模块与地面系统通讯连接，飞行控制模块接收地面系统飞行控制指令并控制无人机的飞行动作，电源系统为无人机提供电源；激光测距模块实时探测无人机的飞行高度及与位于其下方的障碍物距离；地面系统包括飞行控制程序、遥控发射装置、数据库软件、分析计算软件、图像处理软件及无线充电发射装置。
79. 205385436 光伏组件的固定组件
CN
13.07.2016
H02S 20/00 Loading...
H02S 20/00
Loading...
201620112955.0
常州天合光能有限公司
刘兵
H02S 20/00
Loading...
本实用新型公开了一种光伏组件的固定组件，它包括：紧固组件；连接组件，所述连接组件用于与光伏组件连接；固定件，所述固定件与所述连接组件连接，所述固定件上设置有当光伏组件与连接组件连接后用于支撑光伏组件的光伏组件支撑部分，所述固定件还与所述紧固组件连接，以便通过紧固组件将抗拉伸构件紧固在固定件上。本实用新型可以将光伏组件直接固定在抗拉伸构件上，降低由于关键零部件失效引起的整个系统失效的风险。
80. 205376552 一种高抗氧化性铜带
CN
06.07.2016
H01L 31/05 Loading...
H01L 31/05
Loading...
201520428576.8
常州天合光伏焊带材料有限公司
袁华斌
H01L 31/05
Loading...
本实用新型公开了一种高抗氧化性铜带，属于太阳能组件生产技术领域，包括呈扁平状的铜基(1)，其特征在于：利用表面溅射沉积方法在铜基(1)的至少一个表面形成一层纳米保护层(2)，所述纳米保护层(2)厚度为350纳米到450纳米。它解决现有技术中铜带易被氧化、影响焊带表面质量的技术问题。本实用新型具有良好的抗氧化性能、可焊性好、抗拉强度高等优点。
81. 205360804 浆料离心过滤器
CN
06.07.2016
B01D 36/00 Loading...
B01D 36/00
Loading...
201620026274.2
常州天合光能有限公司
王冲
B01D 36/00
Loading...
本实用新型公开了一种浆料离心过滤器，包括旋转盘和浆料瓶，浆料瓶沿半径方向安装在旋转盘上，所述的浆料瓶包括干旧浆料层和过滤浆料层，且干旧浆料层和过滤浆料层之间设有过滤网，干旧浆料层位于旋转盘圆心的近端，过滤浆料层位于旋转盘圆心的远端。本实用新型采用高目数的不锈钢网布，借助离心力使干旧浆料充分过滤，结构简单；使用时浆料瓶内放置等重量的待过滤浆料，并将多个浆料瓶均匀地放置在旋转盘上，以减少机器磨损；本实用新型能充分过滤浆料，且成本较低。
82. 103199143 N型掺氢晶化硅钝化的异质结太阳能电池器件
CN
29.06.2016
H01L 31/075 Loading...
H01L 31/075
Loading...
102013000154476
常州天合光能有限公司
包健
H01L 31/075
Loading...
本发明公开了一种N型掺氢晶化硅钝化的异质结太阳能电池器件，其中，本征非晶硅钝化层沉积在N型晶体硅衬底的正面上；重掺杂P型非晶硅层沉积在本征非晶硅钝化层的上表面上；正面透明导电膜层沉积在重掺杂P型非晶硅层的上表面上；正面电极层位于正面透明导电膜层的上表面上，并且通过该正面透明导电膜层与重掺杂P型非晶硅层电性连接；N型掺氢晶化硅层沉积在N型晶体硅衬底的背面上；重掺杂N型非晶硅层沉积在N型掺氢晶化硅层的下表面上；背面透明导电膜层沉积在重掺杂N型非晶硅层的下表面上；背面电极层位于背面透明导电膜层的下表面上，并且通过该背面透明导电膜层与重掺杂N型非晶硅层电性连接。本发明可以降低太阳能电池的整体串联电阻，进而可以提高填充因子，从而提高太阳能电池的转换效率。
83. 205356259 一种模块式太阳能电池组件用接线盒
CN
29.06.2016
H02S 40/34 Loading...
H02S 40/34
Loading...
202015000926277
常州天合光能有限公司
帅莉芳
H02S 40/34
Loading...
本实用新型涉及一种模块式太阳能电池组件用接线盒，包括壳体（1）和从壳体（1）内引出的线缆（2），其特征在于：在壳体（1）内设置有模块二极管（3），所述模块二极管（3）包括导电体和直接设置于导电体上的三个或三个以上的二极管芯片，模块二极管的一端形成数个与光伏组件连接的接线端子（31），另一端连接线缆（2）。它针对现有技术中接线盒生产工艺复杂等技术问题。本实用新型通过优化接线盒的结构简化了接线盒的生产工艺，减少了需要控制的关键点，降低了生产风险，提高了生产效率；同时，提高了接线盒的性能。
84. 205344033 双层点阵式加热层压机
CN
29.06.2016
B32B 37/06 Loading...
B32B 37/06
Loading...
202016000023770
常州天合光能有限公司
徐连荣
B32B 37/06
Loading...
本实用新型公开了一种双层点阵式加热层压机，它包括：上层加热构件，所述上层加热构件具有至少一个上层模块单元，所述上层模块单元具有多个红外光辐射热源；下层加热构件，所述下层加热构件具有至少一个下层模块单元，所述下层模块单元具有多个点阵式电加热模块，所述下层加热构件和上层加热构件之间形成组件压腔。本实用新型能够保证组件封装过程中组件上下表面温度以及交联率的均匀性，同时提升组件层压产能。
85. 205348209 复杂地形光伏方阵桩位调整结构
CN
29.06.2016
E02D 27/12 Loading...
E02D 27/12
Loading...
202016000047386
常州天合光能有限公司
蒋阿华
E02D 27/12
Loading...
本实用新型公开了一种复杂地形光伏方阵桩位调整结构，包括支架底座预埋组合件和支架立柱，它还包括钢管顶座板和底板，所述的钢管顶座板固定在支架底座预埋组合件的顶端，底板固定在支架立柱的底端，钢管顶座板上对称地开有第一腰孔，底板上对称地开有第二腰孔，第一腰孔和第二腰孔相互垂直设置，且第一腰孔和第二腰孔相配合，第一腰孔和第二腰孔内设有螺栓，并通过该螺栓将支架底座预埋组合件和支架立柱固定在一起。本实用新型的支架立柱位置调整简单方便，使施工质量得到保证，有利于提高桩基础及支架安装速度，加快整个电站施工进程；由于支架立柱位置调整到位，使整体支架外观效果有较大改善，支架结构强度得到保证。
86. 205356225 光伏支架系统
CN
29.06.2016
H02S 20/00 Loading...
H02S 20/00
Loading...
202016000112729
常州天合光能有限公司
刘兵
H02S 20/00
Loading...
本实用新型公开了一种光伏支架系统，它包括：支撑系统，所述支撑系统至少具有两个端部支撑构件；抗拉构件，所述抗拉构件上用于固定至少一个光伏组件；稳定构件，所述稳定构件和端部支撑构件一一对应，并且所述稳定构件安装在相应的端部支撑构件上，所述稳定构件与抗拉构件相应的端部连接，以便在两个稳定构件的牵拉作用下使抗拉构件保持水平状态，并通过稳定构件将抗拉构件相应的端部固定。本实用新型不仅能够实现对光伏组件的大跨度支撑，而且可以提高光伏系统的发电效率，增加光伏支架系统的寿命。
87. 205340279 用于硅片清洗设备的过滤器
CN
29.06.2016
B01D 29/33 Loading...
B01D 29/33
Loading...
201620033515.6
常州天合光能有限公司
曹四辉
B01D 29/33
Loading...
本实用新型公开了一种用于硅片清洗设备的过滤器，属于太阳电池制造设备技术领域，包括罩设于主槽体溢流口处的本体，该本体内形成连通溢流口的引水腔，本体的顶面和侧面上均设有连通引水腔的过滤孔，本体具有连接主槽体的底部。本实用新型具有结构简单，容易实现，且过滤效果好，结构牢固，还能保持液体流通通畅。
88. 205310370 双玻组件用堵孔块制备工装
CN
15.06.2016
B26D 3/18 Loading...
B26D 3/18
Loading...
201620021821.8
常州天合光能有限公司
孙宇
B26D 3/18
Loading...
本实用新型公开了一种双玻组件用堵孔块制备工装，它包括：主体，所述主体内设置有用于成型堵孔块坯件的固化槽；横向切割导向模具，所述横向切割导向模具可定位在主体上，并用于对刀具进行横向导向从而使刀具对固化槽内的成型堵孔块坯件进行横向切割，所述横向切割导向模具具有可导向刀具并呈并列状设置的横向切割刀缝；纵向切割导向模具，所述纵向切割导向模具可定位在主体上，并用于对刀具进行纵向导向从而使刀具对固化槽内的成型堵孔块坯件进行纵向切割，所述纵向切割导向模具具有可导向刀具并呈并列状设置的纵向切割刀缝。本实用新型方便了制作双玻组件用堵孔块，从而降低堵孔块的制作周期，提升其工作效率。
89. 205317010 丝网印刷烧结炉炉带清理装置
CN
15.06.2016
F27D 25/00 Loading...
F27D 25/00
Loading...
201620042977.4
常州天合光能有限公司
王冲
F27D 25/00
Loading...
本实用新型公开了一种丝网印刷烧结炉炉带清理装置，它包括：升降支架；清洗件，所述清洗件安装在升降支架的移动部件上，所述升降支架的移动部件动作到位时，所述清洗件可接触炉带表面以便清洗炉带并在炉带运行时跟随炉带滚动。本实用新型能够在炉带运行的过程中清洗炉带，从而避免炉带清洗困难、耗时长，清洗成本高的现象。
90. 105679852 一种适合于MBB技术的太阳电池主栅图案结构
CN
15.06.2016
H01L 31/0224 Loading...
H01L 31/0224
Loading...
201610186020.1
常州天合光能有限公司
袁声召
H01L 31/0224
Loading...
本发明公开了一种适合于MBB技术的太阳电池主栅图案结构(100)，其特征在于：每一主栅图案结构(100)包括两条平行的直线(1)，每条直线的宽度为30μm‑200μm，两直线内边缘之间的距离为D1,两直线外边缘之间的距离为D2，细铜线的直径为D3，0.1mm≤D1≤0.4mm，D2＜D3。本发明还公开了一种太阳电池，在太阳电池的正面形成上述主栅图案结构(100)，在主栅图案结构上焊接细铜线(3)作为太阳电池的主栅线。本发明的太阳电池主栅图案结构，主栅线焊接牢固，总的接触电阻小，几乎不产生额外的遮挡面积。采用本发明的太阳电池主栅图案结构，结合细铜线MBB技术制备的太阳电池，具有短路电流大、填充因子高的优点。
91. 205282510 钙钛矿太阳电池组件封装结构
CN
01.06.2016
H01L 51/44 Loading...
H01L 51/44
Loading...
201521116035.8
常州天合光能有限公司
盛赟
H01L 51/44
Loading...
本实用新型公开了一种钙钛矿太阳电池封装结构，用于将若干钙钛矿太阳电池封装成光伏组件，若干钙钛矿太阳电池通过互联导电线路串联和/或并联，包括背面基板、封装胶以及正面玻璃，其特征在于：所述封装胶包括用于将单个太阳电池封装的太阳电池封装胶和用于将若干太阳电池共同封装的组件封装胶，所述太阳电池封装胶采用无色透明的环氧类封装胶、有机硅类封装胶、聚氨酯封装胶或紫外线光固化封装胶，所述组件封装胶采用乙烯-醋酸乙烯共聚物、聚乙烯醇缩丁醛或乙烯辛烯共聚物，组件封装胶填充背面基板、钙钛矿太阳电池、互联导电线路、太阳电池封装胶、正面玻璃板之间的空间。本实用新型可有效地保护钙钛矿太阳电池，保证其长期稳定工作。
92. 105633185 一种太阳电池封装结构及封装方法
CN
01.06.2016
H01L 31/048 Loading...
H01L 31/048
Loading...
201610215636.7
常州天合光能有限公司
盛赟
H01L 31/048
Loading...
本发明公开了一种太阳电池封装结构，用于封装一个以上的太阳电池（100），太阳电池的正、负极分别形成引出导电线（8），其特征在于：包括正面玻璃板（1）和背面玻璃板（2），正面玻璃板（1）和背面玻璃板（2）之间通过熔封玻璃边（3）熔封形成封闭结构（4），封闭结构（4）内为气密封的封装空间（5），封装空间（5）内为真空或填充有惰性气体（9），引出导电线（8）与熔封玻璃边（3）熔封或夹封在一起。本发明还公开了一种太阳电池封装方法。本发明的太阳电池封装结构和封装方法，可有效地保护太阳电池，尤其是各类稳定性较传统太阳电池更差的新型太阳电池，保证其长期稳定地工作。
93. 205282449 用于清洗机台的叠片检测装置
CN
01.06.2016
H01L 21/66 Loading...
H01L 21/66
Loading...
201620033501.4
常州天合光能有限公司
曹四辉
H01L 21/66
Loading...
实用新型涉及叠片检测技术领域，尤其是涉及一种用于清洗机台的叠片检测装置，包括设于两槽体之间的硅片流动通道处的感应器、连接感应器的控制器，所述感应器固定于支架上；所述支架两边通过紧固件可拆卸连接于槽体上。本实用新型结构简单，使用时无需改变现有清洗机台结构，拆装容易，使用方便，制造成本低，检测效果好，安装的牢固性和稳定性好。
94. 105609642 具有纳米线透明导电衬底的钙钛矿太阳电池及制备方法
CN
25.05.2016
H01L 51/42 Loading...
H01L 51/42
Loading...
201610215618.9
常州天合光能有限公司
盛赟
H01L 51/42
Loading...
本发明公开了一种具有纳米线透明导电衬底的钙钛矿太阳电池，属于太阳电池组件技术领域，包括玻璃基体层（1）以及依次设置于玻璃基体层（1）上的纳米线层（2）、导电薄膜（3）、电子传输层（4）、钙钛矿层（5）、空穴传输层（6）和上电极（7），所述纳米线层（2）包括若干高导电率材料制成的纳米线（2a），纳米线（2a）形成互联的网状，纳米线（2a）的直径是10-300？nm，长度是1-100？μm，长度与直径比是10-10000。本发明还公开了一种制备所述具有纳米线透明导电衬底的钙钛矿太阳电池的方法。本发明可改善大面积钙钛矿太阳电池的填充因子，提高钙钛矿太阳电池的转换效率，同时，可提高钙钛矿太阳电池的环境稳定性。
95. 105601019 从晶硅太阳电池废酸液中回收HNO3和HF混合液的设备和方法
CN
25.05.2016
C02F 9/10 Loading...
C02F 9/10
Loading...
201610151812.5
常州天合光能有限公司
冯强
C02F 9/10
Loading...
本发明公开了一种从晶硅太阳电池废酸液中回收HNO3和HF混合液的设备和方法，统一回收晶硅太阳电池前清洗和后清洗工艺排放的废酸液中的HNO3/HF酸，经浓硫酸反应后取上清液进行减压蒸馏，得到回收的HNO3和HF混合液，然后经过工艺配比调试，回收到外围酸液存储罐，再次投入生产使用，可以大量节省太阳电池制造过程中清洗酸液的用量，并且可以大幅度降低清洗制成的成本，并减少太阳电池制造过程中废酸液对环境的污染。
96. 105610401 一种太阳能晶硅光伏电池片的模拟光致衰减装置及方法
CN
25.05.2016
H02S 50/15 Loading...
H02S 50/15
Loading...
201610158286.5
常州天合光能有限公司
闫萍
H02S 50/15
Loading...
本发明公开了一种太阳能晶硅光伏电池片的模拟光致衰减装置及方法，该装置包括密封箱体；箱体顶部设有风扇，箱体外表面设有温度光照控制器，箱体内部自上而下依次设有模拟光源和样品测量台；模拟光源包括氙灯、设置在氙灯正下方的滤光片和与氙灯错开设置的金属卤素灯；样品测量台包括滑动支架、样品温度检测器和位于滑动支架上的总辐射表；总辐射表上设有由普通加厚玻璃层、太阳能晶硅光伏电池片样品层和光伏高透玻璃层组成的样品辐射体，光伏高透玻璃层正对模拟光源；滑动支架与箱体下部内壁设置的固定滑轨滑动配合。该装置及方法能够提供一种稳定的环境，稳定的光照、温度和湿度，确保达到精确的、理想的测试结果。
97. 205231119 钙钛矿太阳电池透明导电衬底及其钙钛矿太阳电池
CN
11.05.2016
H01L 51/00 Loading...
H01L 51/00
Loading...
201521116034.3
常州天合光能有限公司
盛赟
H01L 51/00
Loading...
本实用新型公开了一种钙钛矿太阳电池透明导电衬底，其特征在于：由上至下依次包括玻璃层(1-1)、高透光TCO层(1-3)、高电导TCO层(1-4)，所述高透光TCO层(1-3)是一层厚度均匀的薄膜，透光率≥85%，所述高电导TCO层(1-4)是一层由交错的互联线(1-4a)构成的网状结构，电阻率≤6e-4??cm。本实用新型还公开了一种钙钛矿太阳电池。本实用新型的钙钛矿太阳电池透明导电衬底，兼顾了电导性和透光性，为钙钛矿太阳电池的发展和产业化应用提供了便利。
98. 205232106 应用于双玻组件安装的免接地连接结构
CN
11.05.2016
H02S 20/20 Loading...
H02S 20/20
Loading...
201521062107.5
常州天合光能有限公司
宗岳
H02S 20/20
Loading...
本实用新型公开了一种应用于双玻组件安装的免接地连接结构，它包括：支架；紧固组件，所述紧固组件的下部与支架连接；挂钩，所述挂钩的正面用于与双波组件的背板玻璃粘结，挂钩内设置卡槽，并且挂钩的背面在形成卡槽的壁上开有用于将紧固组件上部插入卡槽内的开口以及用于将紧固组件上部限位在卡槽内并与开口相连的收紧槽口。本实用新型大大减少了双玻组件的安装时间，减少了安装配件的数量，同时使安装简单，方便。
99. 205231078 全背极太阳电池结构
CN
11.05.2016
H01L 31/0224 Loading...
H01L 31/0224
Loading...
201521106437.X
常州天合光能有限公司
端伟元
H01L 31/0224
Loading...
本实用新型公开了一种全背极太阳电池结构，它包括：电池衬底；隧穿钝化层，所述隧穿钝化层设置在电池衬底的背面上；多晶硅层，所述多晶硅层设置在隧穿钝化层的下表面上，并且所述多晶硅层具有并列设置的N型重掺杂多晶硅层和P型多晶硅层。本实用新型不仅能够使硅体具有良好的表面钝化效果，而且对载流子进行选择性传输，提高了全背极太阳电池的效率。
100. 205232147 接线盒与组件汇流条接线结构
CN
11.05.2016
H02S 40/34 Loading...
H02S 40/34
Loading...
201521089489.0
常州天合光能有限公司
孙宇
H02S 40/34
Loading...
本实用新型公开了一种接线盒与组件汇流条接线结构，它包括：接线盒，接线盒设置在组件背面的中部，并且接线盒在与组件接触的面上开有四个接线孔，其中位于接线盒中部的两个接线孔为水平向接线孔，分别位于接线盒最外侧的两个接线孔为竖直向接线孔，并且四个接线孔在组件上的垂直投影位于组件的非电池区域；两组汇流条组，汇流条组设置在组件侧部的非电池区域，并且两组汇流条组对称设置，每组汇流条组包括相互隔开的上汇流条和下汇流条，下汇流条的一端部沿着垂直于组件平面的竖直方向弯折成下汇流条接线端部。本实用新型的汇流条引出后与电池片区域不会重叠，不使用隔离材料，做到了取消隔离EPE方块的效果，有效解决引出线附近破片以及EPE脱层的问题。
101. 105552173 一种消除B掺杂晶硅太阳电池光致衰减的方法及其设备
CN
04.05.2016
H01L 31/18 Loading...
H01L 31/18
Loading...
201610091453.9
常州天合光能有限公司
崔艳峰
H01L 31/18
Loading...
本发明公开了一种消除B掺杂晶硅太阳电池光致衰减的方法，依次包括如下步骤：S1：将电池片在第一温度下进行高光照处理，持续第一时间；S2：将电池片在第二温度下进行高光照处理，持续第二时间；S3：将电池片在第三温度下进行高光照处理，持续第三时间；其中，第二时间长于第一时间和第二时间，高光照处理的光照强度范围为1×103w/m2~3×106w/m2。本发明还公开了一种消除B掺杂晶硅太阳电池光致衰减的设备，包括：传输轨道，用于输送电池片；以及沿输送路径依次设置的第一光照区、第二光照区以及第三光照区。本发明可以极大程度上、甚至完全消除与光致衰减相关的复合中心，从而抑制衰减，实现电池的高效和高可靠性。
102. 105552150 单面横向梯度掺杂异质结电池及其制备方法
CN
04.05.2016
H01L 31/0352 Loading...
H01L 31/0352
Loading...
201510992824.6
常州天合光能有限公司
孙晨光
H01L 31/0352
Loading...
本发明公开了一种单面横向梯度掺杂异质结电池及其制备方法，单面横向梯度掺杂异质结电池包括本体，所述本体具有梯度掺杂层，所述梯度掺杂层包括相互隔离的P型掺杂层和N型掺杂层，P型掺杂层具有横向依次接触并且掺杂浓度依次递增的多个P型掺杂子层，N型掺杂层具有横向依次接触并且掺杂浓度依次递增的多个N型掺杂子层。本发明能够改善电池内的电场分布，有效地提升了载流子输运效率，降低了电池的串联电阻，获得了较高的电流，同时有利于减少栅线数量，从而减小栅线对光的遮挡损失，提升了电池对光的吸收作用，提高工艺良率。
103. 105552148 用于高效太阳电池的叠层金属薄膜、制备方法及太阳电池
CN
04.05.2016
H01L 31/0236 Loading...
H01L 31/0236
Loading...
201610081795.2
常州天合光能有限公司
蔡文浩
H01L 31/0236
Loading...
本发明公开了一种用于高效太阳电池的叠层金属薄膜，包括铝薄膜，所述铝薄膜与硅基体局部接触，其特征在于：在所述铝薄膜的表面生长一层或多层活动性较低的第二金属薄膜或合金薄膜，其中，所述铝薄膜的厚度为100-5000nm，第二金属薄膜或合金薄膜的厚度为2-200nm。同时，本发明还公开一种用于高效太阳电池的叠层金属薄膜的制备方法以及包含该叠层金属薄膜的太阳电池。本发明通过在铝金属薄膜上沉积活动性较低的第二金属薄膜或合金薄膜形成叠层金属薄膜，该叠层金属薄膜可有效阻挡水汽，使其不与铝发生反应，解决高效太阳电池中铝金属薄膜耐水汽性能差的问题，从而提交太阳电池组件的耐水汽性能。
104. 105529381 一种高效太阳电池的制备方法
CN
27.04.2016
H01L 31/18 Loading...
H01L 31/18
Loading...
201510901412.7
常州天合光能有限公司
肖斌
H01L 31/18
Loading...
本发明公开了一种高效太阳电池的制备方法，包括步骤：将原料硅片经过制绒、扩散、抛光、制作选择性发射极、镀减反射膜和丝网印刷、烧结，得到高效太阳电池。该方法采用的是先背抛光再制作选择性发射极的顺序将选择性发射极技术和背抛光技术结合，可节省对HNO3和HF大量的成本消耗，简单易行，相比IBC电池、异质结等高效电池，不仅可以减少工艺复杂性，还能进行大规模生产。该方法制备的太阳电池Uoc、Isc以及Eff得到了显著的提高。
105. 205178985 一种光伏组件入射角影响因子测试装置
CN
20.04.2016
H02S 50/10 Loading...
H02S 50/10
Loading...
201521049352.2
常州天合光能有限公司
夏登福
H02S 50/10
Loading...
本实用新型公开了一种光伏组件入射角影响因子测试装置，包括具有俯仰角驱动和转角驱动的双轴跟踪支架，待测试的光伏组件安装在双轴跟踪支架上，其特征在于：在所述光伏组件的背面设置有温度传感器；在所述双轴跟踪支架上设置有气象跟踪测量仪、总辐照表、倾角测量仪和组件短路电流测试模块等，还包括一用于采集记录数值、运算和输出控制指令的采集控制柜。本实用新型可自动采集对光伏组件性能有影响的各项因子的信息，由采集控制柜的工控机进行运算，得出准确的入射角影响因子值；测试简单，准确。
106. 205166335 一种光伏组件用接线盒压装装置
CN
20.04.2016
B23P 19/02 Loading...
B23P 19/02
Loading...
201521025140.0
常州天合光能有限公司
帅莉芳
B23P 19/02
Loading...
本实用新型公开了一种光伏组件用接线盒压装装置，包括支架（1）和设置于支架上的、用于在安装时压紧接线盒的压头（2），用于移动所述压头的动力装置（3）以及控制所述动力装置动作的操控装置（4），其特征在于：所述压头（2）具有一个平的工作面，所述动力装置（3）具有在一条直线上往复运动的动力输出轴，压头设置于该动力输出轴的末端，在所述动力输出轴与压头之间还设置有一压力传感器（5）。本实用新型可取代传统的人工手动操作，实现接线盒的自动化安装，量化接线盒的安装过程中的各项参数，使接线盒的安装效果达到达到统一，美化了光伏组件的外观，同时，提高了组件的性能和良率，降低组件隐裂风险。
107. 205166236 一种电池片上料装置
CN
20.04.2016
B23K 37/00 Loading...
B23K 37/00
Loading...
201520960151.1
常州天合光能有限公司
蒋孝山
B23K 37/00
Loading...
本实用新型公开了一种电池片上料装置，属于太阳电池组件的自动化制造技术领域，包括吸盘支架和设置于吸盘支架上的吸盘，其特征在于：在所述吸盘支架的下方设置有一上料架，所述上料架包括沿周向分布的硬质边框以及固定在硬质边框上、位于吸盘支架的正下方的透气层，沿所述硬质边框均布有若干出风口，所述出风口位于透气层的下方。本实用新型可保证电池片的外观整洁，不会留有吸盘印；并且四边对称稳定的吹风设置降低了电池片上料过程中的破片和隐裂风险；同时，结构简单，使用方便。
108. 105479908 双层点阵式加热层压机
CN
13.04.2016
B32B 37/06 Loading...
B32B 37/06
Loading...
201610016768.7
常州天合光能有限公司
徐连荣
B32B 37/06
Loading...
本发明公开了一种双层点阵式加热层压机，它包括：上层加热构件，所述上层加热构件具有至少一个上层模块单元，所述上层模块单元具有多个红外光辐射热源；下层加热构件，所述下层加热构件具有至少一个下层模块单元，所述下层模块单元具有多个点阵式电加热模块，所述下层加热构件和上层加热构件之间形成组件压腔。本发明能够保证组件封装过程中组件上下表面温度以及交联率的均匀性，同时提升组件层压产能。
109. 105489760 钙钛矿太阳电池透明导电衬底、制备方法及太阳电池
CN
13.04.2016
H01L 51/00 Loading...
H01L 51/00
Loading...
201511008418.8
常州天合光能有限公司
盛赟
H01L 51/00
Loading...
本发明公开了一种钙钛矿太阳电池透明导电衬底，其特征在于：由上至下依次包括玻璃层(1-1)、高透光TCO层(1-3)、高电导TCO层(1-4)，所述高透光TCO层(1-3)是一层厚度均匀的薄膜，透光率≥85%，所述高电导TCO层(1-4)是一层由交错的互联线(1-4a)构成的网状结构，电阻率≤6e-4??cm。本发明还公开了一种钙钛矿太阳电池透明导电衬底的制备方法以及一种太阳电池。本发明的钙钛矿太阳电池透明导电衬底，兼顾了电导性和透光性，为钙钛矿太阳电池的发展和产业化应用提供了便利。
110. 105489772 钙钛矿太阳电池组件封装结构及封装方法
CN
13.04.2016
H01L 51/44 Loading...
H01L 51/44
Loading...
201511008451.0
常州天合光能有限公司
盛赟
H01L 51/44
Loading...
本发明公开了一种钙钛矿太阳电池封装结构，用于将若干钙钛矿太阳电池封装成光伏组件，若干钙钛矿太阳电池通过互联导电线路串联和/或并联，包括背面基板、封装胶以及正面玻璃，其特征在于：所述封装胶包括用于将单个太阳电池封装的太阳电池封装胶和用于将若干太阳电池共同封装的组件封装胶，所述太阳电池封装胶采用无色透明的环氧类封装胶、有机硅类封装胶、聚氨酯封装胶或紫外线光固化封装胶，所述组件封装胶采用乙烯-醋酸乙烯共聚物、聚乙烯醇缩丁醛或乙烯辛烯共聚物，组件封装胶填充背面基板、钙钛矿太阳电池、互联导电线路、太阳电池封装胶、正面玻璃板之间的空间。本发明还提供了一种钙钛矿太阳电池封装方法。
111. 105489711 一种全背电极太阳电池超低表面浓度前表面场的制备方法
CN
13.04.2016
H01L 31/18 Loading...
H01L 31/18
Loading...
201610050185.6
常州天合光能有限公司
李中兰
H01L 31/18
Loading...
本发明公开了一种全背电极太阳电池超低表面浓度前表面场的制备方法，采用直接磷源法形成前表面场和钝化氧化层，包括步骤：在800℃-810℃于氮气和氧气气氛中装硅片进舟，再在800℃-950℃于氮气、氧气以及携带磷源的氮气气氛中进行磷源沉积，接着在800℃-950℃于氮气加氧气气氛中氧化推进，然后在氮气气氛中于800℃-810℃出舟。所得前表面场的表面浓度可达1E18cm-3到5E18cm-3，结深为0.1μm-0.2μm。应用本发明所述超低表面浓度前表面场的IBC电池，其短波段的内量子效率高达95%以上。
112. 105436191 废旧太阳能电池片中高纯硅的回收方法
CN
30.03.2016
B09B 3/00 Loading...
B09B 3/00
Loading...
201510925076.X
常州天合光能有限公司
万鑫
B09B 3/00
Loading...
本发明公开了一种废旧太阳能电池片中高纯硅的回收方法，包括步骤：将废旧太阳能电池片依次经过盐酸去除铝、硝酸去除银、氢氧化钠去除铝硅合金层、氢氟酸去除氮化硅减反射层、氢氧化钠去除磷扩散层以及盐酸、氢氟酸或者由氢氟酸与硝酸组成的混酸中的一种去除表面金属杂质，得到高纯硅。该方法能够去除废旧太阳能电池片中除高纯硅层外的其他部分，最终可获得纯度达99.9999%的硅，可直接作为电池片制造工艺中的硅料来源。
113. 205122614 一种多晶硅制绒机的纯水喷淋系统
CN
30.03.2016
H01L 31/18 Loading...
H01L 31/18
Loading...
201520664290.X
常州天合光能有限公司
肖斌
H01L 31/18
Loading...
本实用新型涉及一种多晶硅制绒机的纯水喷淋系统，属于太阳电池技术领域，包括进水管、出水管、连通进水管与出水管的若干支管，沿制绒工艺的流程设置的若干组由喷淋管、清洗槽及副槽组成的喷淋单元，每组喷淋单元包括若干根喷淋管，副槽收集清洗槽的纯水供喷淋管循环使用，其特征在于：在最末端的喷淋单元的清洗槽与起始端的喷淋单元的副槽之间设置有连通的支管，从而使最末端的喷淋单元的清洗槽的纯水流入起始端的喷淋单元的副槽，起始端的喷淋单元的副槽供应其喷淋单元内全部喷淋管的纯水。本实用新型在不导致扩散不良片的增加的前提下，大大节约了纯水用量；同时，对减少废水的排放及废水后续处理也是有很好的促进作用。
114. 205122599 一种背钝化太阳电池的金属化结构及其背钝化太阳电池
CN
30.03.2016
H01L 31/0224 Loading...
H01L 31/0224
Loading...
201520959968.7
常州天合光能有限公司
董建文
H01L 31/0224
Loading...
本实用新型公开了一种用于背钝化太阳电池背面的金属化结构，为位于背钝化太阳电池的背面、硅衬底和介质膜上方的一层金属浆料层，其特征在于：在该金属浆料层上具有由若干贯穿的孔状阵列结构构成的镂空区域，所述孔状阵列结构位于介质层未打开区域的上方，避开背电极所在区域，且镂空区域占金属浆料层总面积的5%-60%。同时，本实用新型还公开了一种包含上述金属化结构的背钝化太阳电池。本实用新型在不影响背钝化电池光电转化效率的前提下，可以降低金属浆料的消耗量，节约生产成本；减小电池片的翘曲度，提高组件可靠性；同时，还可用于双玻组件，可吸收来至组件背面的光，从而提高组件的发电量。
115. 205123664 一种用于将双玻组件安装于跟踪支架的安装结构
CN
30.03.2016
H02S 20/32 Loading...
H02S 20/32
Loading...
201520891967.3
常州天合光能有限公司
宗岳
H02S 20/32
Loading...
本实用新型公开了一种用于将双玻组件安装于跟踪支架的安装结构，其特征在于，包括：与跟踪支架连接的支撑梁，所述支撑梁具有向上的开口端和向两侧伸出的侧板；将双玻组件固定在支撑梁上的T型上压板，T型上压板的垂直部伸入支撑梁的开口端，T型上压板的水平部与支撑梁的侧板之间形成容纳双玻组件的凹槽，T型上压板通过紧固件固定在支撑梁上；沿所述凹槽的壁设置有用于包覆双玻组件边缘的弹性垫。本实用新型可将双玻组件安全可靠地安装到跟踪支架上，解决了双玻组件安装到光伏跟踪支架上的技术难题，且结构简单，使用方便，可大幅度地降低安装的劳动强度，节约人工成本。
116. 205111248 一种光伏组件短边归正工装夹具
CN
30.03.2016
B23P 19/10 Loading...
B23P 19/10
Loading...
201520845220.4
常州天合光能有限公司
李朋三
B23P 19/10
Loading...
本实用新型公开了一种光伏组件短边归正工装夹具，属于光伏组件生产技术领域，包括支撑架，在所述支撑架上设置有用于推动光伏组件短边归正的动力装置组，其特征在于：所述动力装置组包括设置于支撑架上的第一动力装置，第一动力装置的动力输出端上设置有第一铁块，第一铁块上设置有第二动力装置，第二动力装置的动力输出端上设置第二铁块，第一铁块可在第一动力装置的作用下90度旋转和伸缩，第二铁块可在第二动力装置的作用下伸缩并推动光伏组件短边。本实用新型可实现光伏组件在组框时自动准确地归正，有利于光伏组件在不影响正常生产的情况下减少角码卡偏，甚至报废组件的风险；同时，结构简单，使用方便。
117. 105406819 太阳能电池反向击穿的性能测试方法
CN
16.03.2016
H02S 50/10 Loading...
H02S 50/10
Loading...
201510988790.3
常州天合光能有限公司
陈艳
H02S 50/10
Loading...
本发明公开了一种太阳能电池反向击穿的性能测试方法，该方法的步骤如下：(a)得到待测的太阳能电池的实际电流电压特性曲线；(b)在太阳能电池的正负极上施加扫描电压，并持续一定时间，扫描电压中的负值为反向偏压；(c)得到太阳能电池施加反向偏压后的电流电压特性曲线，并与步骤(a)中得到的实际电流电压特性曲线进行对比；(d)重复步骤(b)到步骤(c)，并在再次重复过程中，相对上次重复过程来说，增加扫描电压范围或同时增加扫描电压范围和增加施加扫描电压的持续时间，直至最后一次重复过程中太阳能电池的PN结击穿。本发明能够快速准确地得到电池的反向击穿特性，测试电池的可靠性，从而从根源上解决了电池和组件的可靠性问题。
118. 105397452 一种光伏组件用接线盒压装装置
CN
16.03.2016
B23P 19/02 Loading...
B23P 19/02
Loading...
201510912826.X
常州天合光能有限公司
帅莉芳
B23P 19/02
Loading...
本发明公开了一种光伏组件用接线盒压装装置，包括支架（1）和设置于支架上的、用于在安装时压紧接线盒的压头（2），用于移动所述压头的动力装置（3）以及控制所述动力装置动作的操控装置（4），其特征在于：所述压头（2）具有一个平的工作面，所述动力装置（3）具有在一条直线上往复运动的动力输出轴，压头设置于该动力输出轴的末端，在所述动力输出轴与压头之间还设置有一压力传感器（5）。本发明可取代传统的人工手动操作，实现接线盒的自动化安装，量化接线盒的安装过程中的各项参数，使接线盒的安装效果达到统一，美化了光伏组件的外观，同时，提高了组件的性能和良率，降低组件隐裂风险。
119. 105390554 太阳电池电极的制备方法
CN
09.03.2016
H01L 31/0224 Loading...
H01L 31/0224
Loading...
201510976939.6
常州天合光能有限公司
徐冠超
H01L 31/0224
Loading...
本发明公开了一种太阳电池电极的制备方法，该方法的步骤如下：(a)在太阳电池表面整面蒸镀金属电极；(b)在太阳电池蒸镀金属电极的一面上制备阻挡型浆料，确保阻挡型浆料覆盖的部分为金属电极需要保留的区域，从而制得电池半成品；(c)再将电池半成品放入刻蚀溶液中对金属电极进行刻蚀，使阻挡型浆料覆盖的部分的金属电极保留而其余金属电极被刻蚀干净；(d)去除阻挡型浆料，得到成品。本发明能够降低接触电阻率，降低成本，减少污染，及提高太阳电池的转换效率。
120. 105391577 一种基于终端APP的智能光伏组件信息跟踪系统
CN
09.03.2016
H04L 12/24 Loading...
H04L 12/24
Loading...
201510797323.2
常州天合光能有限公司
皮尔威灵顿
H04L 12/24
Loading...
本发明公开了一种基于终端APP的智能光伏组件信息跟踪系统，属于太阳能光伏组件物联网技术领域，包括其特征在于：包括组件信息采集单元、智能移动终端、通讯传输网络和后台数据中心；本发明借助智能移动终端，通过无线通讯网络将太阳能组件系统与互联网相连接，进行信息采集、交换和通讯，从而实现了光伏组件智能化识别、定位、追踪、监控和管理。
121. 105390555 全背极太阳电池结构及其制备方法
CN
09.03.2016
H01L 31/0224 Loading...
H01L 31/0224
Loading...
201510994224.3
常州天合光能有限公司
端伟元
H01L 31/0224
Loading...
本发明公开了一种全背极太阳电池结构及其制备方法，全背极太阳电池结构包括：电池衬底；隧穿钝化层，所述隧穿钝化层设置在电池衬底的背面上；多晶硅层，所述多晶硅层设置在隧穿钝化层的下表面上，并且所述多晶硅层具有并列设置的N型重掺杂多晶硅层和P型多晶硅层。本发明不仅能够使硅体具有良好的表面钝化效果，而且对载流子进行选择性传输，提高了全背极太阳电池的效率。
122. 105391401 一种光伏组件或阵列I-V特性测量装置及方法
CN
09.03.2016
H02S 50/10 Loading...
H02S 50/10
Loading...
201510939729.X
常州天合光能有限公司
夏登福
H02S 50/10
Loading...
本发明公开了一种光伏组件或阵列I-V特性测量装置，包括待测单元、电流-电压采样器和工控机，其特征在于：所述待测单元包括具有正极输出端和负极输出端的待测组件、联动开关和第一负载，测量装置还包括第二负载以及控制联动开关的开关控制器，第二负载为程控负载，第一负载、第二负载以及电流-电压采样器分别并联在待测组件的正极和负极输出端上，所述联动开关包括开关Km和开关Km+1，开关Km控制第一负载，开关Km+1控制电流-电压采样器和第二负载，工控机与电流-电压采样器、程控负载、开关控制器连接。同时，发明还公开了一种光伏组件或阵列I-V特性测量方法。本发明能够使光伏组件在真实工作状态下测量I-V特性，测量结果更加精准，同时适用范围广。
123. 205080652 一种具有光伏供电系统的自动售卖机
CN
09.03.2016
G07F 11/00 Loading...
G07F 11/00
Loading...
201520805959.2
常州天合光能有限公司
薛小康
G07F 11/00
Loading...
本实用新型公开了一种具有光伏供电系统的自动售卖机，属于太阳电池的具体应用技术领域，包括自动售卖单元，其特征在于，在所述自动售卖单元的上方设置有光伏发电单元，在所述自动售卖单元的下方设置有电能储存单元，光伏发电单元包括由太阳电池片组成的光伏组件、将光伏组件生成的低压直流电源转换成的高压交流电源并控制输出的逆变及控制系统，所述逆变及控制系统分别与光伏组件、自动售卖单元及电能储存单元电连接。本实用新型的自动售卖机在安装上不再受电源供应的限制；同时，具有降低了能耗、减少了人工维护成本等优点；可促进自动售卖机的推广和使用，便利人们的生活。
124. 205081753 一种可精确定位的光伏组件接线盒
CN
09.03.2016
H02S 40/34 Loading...
H02S 40/34
Loading...
201520882235.8
常州天合光能有限公司
帅莉芳
H02S 40/34
Loading...
本实用新型公开了一种可精确定位的光伏组件接线盒，属于光伏组件安装技术领域，包括盒体和位于盒体内的元器件，其特征在于：在所述盒体面向光伏组件的一侧、沿长度方向的中线上设置有一直线型的凸台，该凸台沿盒体的纵向设置，且将盒体在纵向上分成对称的两部分，凸台宽3-4mm，凸台的高度与太阳电池片的厚度一致或略小于太阳电池片的厚度。本实用新型可实现接线盒在光伏组件上的精确定位，且结构简单，操作方便，可大幅度降低接线盒在光伏组件上精确安装时的人工成本，提高生产效率。
125. 205081759 一种监控太阳电池片抗PID性能的测试装置
CN
09.03.2016
H02S 50/10 Loading...
H02S 50/10
Loading...
201520846054.X
常州天合光能有限公司
王兵
H02S 50/10
Loading...
本实用新型公开了一种监控太阳电池片抗PID性能的测试装置，包括机架以及设置于机架上的用于放置被测太阳电池片的载物台，其特征在于：还包括用于精确移动所述载物台的载物台移动总成、用于精确提供测试液滴的自动连续进样系统、用于采集测试液滴形貌的光学采集系统和用于分析和处理所述光学采集系统采集的图像信息的计算机，光学采集系统通过电缆将采集到的图像信息实时传送至计算机。本实用新型通过测试接触角对电池片抗PID性能进行有效监控，提高电池片的可靠性，操作简便、精度高。
126. 205070926 太阳能光伏组件安装结构
CN
02.03.2016
H02S 30/10 Loading...
H02S 30/10
Loading...
201520834681.1
常州天合光能有限公司
薛小康
H02S 30/10
Loading...
本实用新型公开了一种太阳能光伏组件安装结构，它包括：连接件，所述连接件的顶端连接在太阳能光伏组件上，连接件内设置有紧固件钉头槽，紧固件钉头槽在连接件的底端上设置有一紧固件钉头嵌入开口和一紧固件钉身滑动开口，并且紧固件钉头嵌入开口的远离紧固件钉头槽的端部设置有一斜向紧固件钉头槽的斜臂；紧固件，所述紧固件的钉头适于通过紧固件嵌入开口进入后紧嵌在紧固件钉头槽内。本实用新型不仅能够增强组件正反两面的受压压强，提高了组件抗恶劣气候的适应能力，而且增加了安装速度。
127. 105355709 一种晶体硅太阳电池组件的玻璃分离方法
CN
24.02.2016
H01L 31/18 Loading...
H01L 31/18
Loading...
201510667835.7
常州天合光能有限公司
周璐
H01L 31/18
Loading...
本发明涉及一种晶体硅太阳电池组件的玻璃分离方法，用于对属于晶体硅太阳电池的玻璃进行回收和再利用，属于太阳电池回收技术领域，包括如下步骤：S1：将废晶体硅太阳电池组件进行拆解，拆除边框和接线盒；S2：将拆解后的组件进行水热处理；S3：将组件取出，玻璃即被完全分离下来。本发明在人工拆解接线盒和铝边框的基础上对剩下的组件进行溶剂热或者水热处理进行组件的初步分离，将玻璃与组件的其余部分分离，为下一步电池片的完整分离和材料的进一步利用提供基础，通过对废组件中的各类材料进行分类回收，既节约了资源，又减少了废弃物的排放量。
128. 105347379 一种从废晶体硅太阳能电池片中回收铝银的方法
CN
24.02.2016
C01F 7/42 Loading...
C01F 7/42
Loading...
201510921908.0
常州天合光能有限公司
王浩
C01F 7/42
Loading...
本发明公开了一种从废晶体硅太阳能电池片中回收铝银的方法，包括：电池片用盐酸浸泡去除铝背场，得到去铝电池片和含铝酸液，含铝酸液中加入分散剂，利用第一碱液调节pH值，静置陈化得到氢氧化铝粉末；去铝电池片用硝酸浸泡去除电池片表面的银电极，得到去银电池片和含银酸液；含银酸液中加入过量饱和食盐水或浓盐酸，得到氯化银沉淀；在20℃-50℃将氯化银置于含过量的还原剂的第二碱液或含过量的还原剂的酸液中搅拌反应，得到银粉。该方法利用盐酸和硝酸不同性质对电池片上的银和铝进行分类浸提处理，同时浸提液可循环使用直至浓度降至较低水平，降低了回收成本；对浸提液中的银和铝进行分类回收有利于降低回收成本并减小环境污染。
129. 105356851 一种光伏组件入射角影响因子测试装置及方法
CN
24.02.2016
H02S 50/10 Loading...
H02S 50/10
Loading...
201510940866.5
常州天合光能有限公司
夏登福
H02S 50/10
Loading...
本发明公开了一种光伏组件入射角影响因子测试装置，包括具有俯仰角驱动和转角驱动的双轴跟踪支架，待测试的光伏组件安装在双轴跟踪支架上，其特征在于：在所述光伏组件的背面设置有温度传感器；在所述双轴跟踪支架上设置有气象跟踪测量仪、总辐照表、倾角测量仪和组件短路电流测试模块等，还包括一用于采集记录数值、运算和输出控制指令的采集控制柜。同时，本发明还公开了一种光伏组件入射角影响因子测试方法。本发明可自动采集对光伏组件性能有影响的各项因子的信息，由采集控制柜的工控机进行运算，得出准确的入射角影响因子值；测试简单，准确。
130. 105322885 一种用于光伏组件接线盒内的电气连接结构
CN
10.02.2016
H02S 40/34 Loading...
H02S 40/34
Loading...
201510191718.8
常州天合光能有限公司
于俊
H02S 40/34
Loading...
本发明公开了一种用于光伏组件接线盒内的电气连接结构，包括集成于盒盖上的针脚以及设置于盒体上的接触电极，所述针脚可与接触电极接触形成电气连接，其特征在于：还包括一弹片，所述弹片由上至下依次包括水平的第一导向部、向外倾斜的第二导向部以及垂直部，所述接触电极安装于盒体内的支座上，所述支座包括平行设置的第一支座和第二支座，接触电极安装于第一支座上，弹片通过一弹性支撑件连接于第二支座上，在接触电极与弹片的垂直部之间形成可夹持针脚的夹持部，且当弹性支撑件处于自然状态时，夹持部的宽度小于针脚的厚度。本发明可有效地降低接触电阻，使接线盒的安装和维修、更换变得更加便利。
131. 105312707 一种可自动分拣出料的焊接机
CN
10.02.2016
B23K 3/00 Loading...
B23K 3/00
Loading...
201510325677.7
常州天合光能有限公司
景杰
B23K 3/00
Loading...
本发明涉及一种可自动分拣出料的焊接机，包括上料机构、可将电池片焊接成电池串的焊接机构和出料机构，出料机构沿出料路径输送电池串，还包括一用于检测焊接后电池串质量的检测装置，该检测装置设置于出料路径上，包括镜头朝向待检测电池串的工业相机、为相机提供光照的光源、对相机采集到的图像进行收集的图像采集部件、对图像进行分析从而判断电池串是否存在缺陷的缺陷检测部件，以及，接受指令和输出检测结果的输入输出终端，相机、图像采集部件、缺陷检测部件依次通过通讯传输电缆连接，分料机构根据输出的检测结果将电池串按照良品、不良品类型分拣输出至对应出料位置，所述光源设置于待检测电池串与镜头之间。本发明检测效果好，效率高。
132. 105322884 一种基于组串级优化的智能光伏组件
CN
10.02.2016
H02S 40/34 Loading...
H02S 40/34
Loading...
201510112927.9
常州天合光能有限公司
朱治国
H02S 40/34
Loading...
本发明公开了一种基于组串级优化的智能光伏组件，属于太阳能光伏组件技术领域，包括若干电池片（1），其特征在于：所述电池片通过引线连接形成n个电池组串，n＞1，每一电池组串的正、负极与一接线盒（2）的智能芯片输入端连接，n个电池组串之间串联，作为一个整体向外输出电能。它解决现有技术中光伏组件调整方式不够精确的技术问题。本发明通过将一块光伏组件中的电池片分组进行控制和调整，有效地提高了整块组件的发电量和发电效率。
133. 105322052 一种背钝化太阳能电池的背面激光开膜方法及其系统
CN
10.02.2016
H01L 31/18 Loading...
H01L 31/18
Loading...
201510095122.8
常州天合光能有限公司
李慧
H01L 31/18
Loading...
本发明公开了一种背钝化太阳能电池的背面激光开膜方法，包括激光开槽工序和除尘工序，其特在于：所述除尘工序为与激光开槽工序同步进行的带压力气体吹扫工序。同时，本发明还公开了采用上述方法的背钝化太阳能电池的背面激光开膜系统，包括激光开槽装置和除尘装置，其特征在于：所述除尘装置为带压力气体吹扫风刀，带压力气体吹扫风刀设置于激光开槽的起点位置。它解决现有技术中背钝化太阳能背表面激光开槽过程中粉尘附着的问题。本发明简化了背钝化流程，提高了电池片的并联电阻、降低反向漏电，减少了组件功率损失。
134. 105322886 一种用于光伏组件接线盒内的电气连接装置
CN
10.02.2016
H02S 40/34 Loading...
H02S 40/34
Loading...
201510192244.9
常州天合光能有限公司
于俊
H02S 40/34
Loading...
本发明公开了一种用于光伏组件接线盒内的电气连接装置，属于太阳能光伏组件技术领域，包括集成于盒盖上的针脚以及设置于盒体上的插座弹片，所述针脚可插入插座弹片内形成电气连接，其特征在于：所述插座弹片包括第一夹持片和第二夹持片，第一夹持片和第二夹持片的尾端相连形成安装部，插座弹片通过该安装部连接于盒体上，第二夹持片从尾端至头端依次包括：用于与第一夹持片相连的弯折部、垂直部、向外倾斜的第一导向部以及水平的第二导向部，第一夹持片和第二夹持片的垂直部之间形成可夹持针脚的夹持部。它解决现有技术中光伏组件接线盒存在的安装不方便、接触电阻大的技术问题，本发明可有效地降低接触电阻，使接线盒的安装和更换变得更加便利。
135. 105322870 一种增加光伏组件发电量的安装结构及其安装方法
CN
10.02.2016
H02S 20/24 Loading...
H02S 20/24
Loading...
201510290527.7
常州天合光能有限公司
薛小康
H02S 20/24
Loading...
本发明公开了一种增加光伏组件发电量的安装结构，属于太阳能光伏组件的安装技术领域，包括用于将光伏组件固定安装于建筑物顶的支架，所述支架具有用于搁置和固定光伏组件的支架本体以及用于将支架本体固定于建筑物顶的前支脚和后支脚，后支脚的高度大于前支脚的高度从而使支架本体呈一定角度倾斜，其特征在于：还包括设置于建筑物顶的、至少覆盖相邻支架的前支脚与后支脚之间的第一反射膜。同时，本发明还公开了一种增加光伏组件发电量的安装方法。本发明可增加光伏组件的辐照强度，从而提高太阳能电池的光电转换效率；增加支架抗风能力，提升组件机械载荷性能；同时，对安装有光伏组件的建筑物顶起到隔热、保温、杜绝建筑物顶漏水的作用。
136. 105322041 一种高抗氧化性铜带
CN
10.02.2016
H01L 31/05 Loading...
H01L 31/05
Loading...
201510344355.7
常州天合光伏焊带材料有限公司
袁华斌
H01L 31/05
Loading...
本发明公开了一种高抗氧化性铜带，属于太阳能组件生产技术领域，包括呈扁平状的铜基（1），其特征在于：利用表面溅射沉积方法在铜基（1）的至少一个表面形成一层纳米保护层（2）。它解决现有技术中铜带易被氧化、影响焊带表面质量的技术问题。本发明具有良好的抗氧化性能、可焊性好、抗拉强度高等优点。
137. 105316758 一种籽晶的铺设方法及铸锭单晶生长方法
CN
10.02.2016
C30B 11/14 Loading...
C30B 11/14
Loading...
201510762162.3
常州天合光能有限公司
葛文星
C30B 11/14
Loading...
本发明涉及一种籽晶的铺设方法，包含以下步骤：A：制作截面为正六边形的单晶硅柱状体籽晶，单晶硅柱状体籽晶的截面法线方向为<100>晶向，侧面法线方向晶向不做固定要求；B：将籽晶侧面紧密配合地铺满坩埚底面，以籽晶侧面达到紧密配合为标准。本发明通过截面为正六边形的单晶硅柱状体籽晶，相对于传统的四边形籽晶，具有顶角线缝由四条减少至三条，降低了25%，从而大大降低了顶角处缺陷产生的几率。另外正六边形籽晶拼接出的均是正三叉晶界（夹角均为120o），能够承受更大的热应力，从而能够抑制生长过程中热应力导致的缺陷形成及增殖，增强硅片的体少子寿命，提升硅片制备成电池片的转换效率。本发明的另一方面，还提供了一种铸锭单晶生长方法。
138. 105322883 一种新型智能接线盒
CN
10.02.2016
H02S 40/34 Loading...
H02S 40/34
Loading...
201510108949.8
常州天合光能有限公司
朱治国
H02S 40/34
Loading...
本发明公开了一种新型智能接线盒，包括盒体（1）和盒盖（2），其特征在于：在所述盒盖（2）内设置有具有智能芯片的PCB（3），PCB的输入输出端引线（31）可与盒体上的卡接口（4）配合连接，卡接口（4）连接汇流条（5），盒体（1）与盒盖（2）可拆卸连接，在盒体（1）与盒盖（2）之间设置有可使接线盒内水密封的密封结构（6）。它解决了现有技术中，智能接线盒散热慢、内部芯片工作温度高；以及PCB损坏后不易更换的技术问题。本发明具有散热性能好、可靠性高、易于维修和更换的优点。
139. 105312303 一种光伏组件的无损伤回收方法
CN
10.02.2016
B09B 3/00 Loading...
B09B 3/00
Loading...
201510189864.7
常州天合光能有限公司
季志超
B09B 3/00
Loading...
本发明公开了一种光伏组件的无损伤回收方法，包括如下步骤：（1）将光伏组件玻璃面朝下，放置在平整的操作平台上；（2）在加热光伏组件或钢丝或者刀片的条件下，对玻璃与封装材料进行分离；且在分离的过程中，将分离后的上层提起；或者，利用高速转动的钢丝或者薄刀片，在不加热的情况下直接对玻璃和封装材料进行分离。它解决现有光伏组件回收利用技术中存在的回收率低、能耗高、二次污染等技术问题。本发明可实现玻璃与封装材料的快速分离，且工序少，操作简单；能耗少；同时，对后续封装材料与电池片的分离提供了便捷。
140. 105313233 一种晶锭切割工装
CN
10.02.2016
B28D 5/04 Loading...
B28D 5/04
Loading...
201510401580.X
常州天合光能有限公司
戴佳
B28D 5/04
Loading...
本发明公开了一种晶锭切割工装，包括：切割装置，用于对晶锭进行切割；工作台，用于承载和定位晶锭；升降装置，用于对工作台进行升、降操作；动力装置，用于对升降装置提供动力；其特征在于：所述工作台包括底部座板（1）和若干有序排列的用于承载晶锭的上托板（3），底部座板（1）与升降装置连接，底部座板（1）和上托板（3）通过底部托架（2）连接，上托板（3）具有向上倾斜的工作面（3a），上托板的末端形成与工作面垂直的挡板（3b）；每一上托板（3）上分别承载一块晶锭。本发明具通过切割工装中工作台的结构，使放置晶锭的上托板向上倾斜设置，有效地利用了空间，提高了产能和生产效率，降低了晶块的制造成本。
141. 2016503959 太陽電池スライスの電極構造
JP
08.02.2016
H01L 31/0224 Loading...
H01L 31/0224
Loading...
2015546816
常州天合光能有限公司
ジャック・ヴァーリンデン・ピエール
H01L 31/0224
Loading...
太陽電池スライスの背面に分布される背面電極（４）と、太陽電池スライスの正面に分布される正面ゲート電極とを備え、前記正面ゲート電極は、互いに平行する主ゲート線（１）と、主ゲート線（１）に垂直する複数本の副ゲート線（３）とを備える太陽電池スライスの電極構造であって、主ゲート線（１）は４本あり、その中の２本は両側に配置され、他の２本は中間に配置され、しかも、中間の２本の主ゲート線（１）間の間隔（２）の幅は０．２ｍｍ〜２ｍｍである太陽電池スライスの電極構造を提供する。複数の独立発電ユニットを有する太陽電池スライスの電極構造であって、各部の独立ユニットは並列して併用されてもよいし、独立発電ユニットとして用いられてもよい。
142. 105304733 太阳能电池微纳尺寸陷光结构、太阳能电池及其制备方法
CN
03.02.2016
H01L 31/0236 Loading...
H01L 31/0236
Loading...
201510109618.6
常州天合光能有限公司
盛赟
H01L 31/0236
Loading...
本发明公开了一种应用于太阳能电池的微纳尺寸陷光结构，包括晶体硅衬底，所述晶体硅衬底具有正面和背面，其特征在于：掩膜，图形化和刻蚀晶体硅衬底的背面获得的条状、柱状、锥状、孔状结构的一种或多种，在所述晶体硅衬底的正面和背面分别覆盖介质层。同时，本发明还公开了一种包含所述微纳尺寸陷光结构的太阳能电池，及其制备方法，属于太阳能电池技术领域。它解决现有技术中晶体硅太阳能电池对长波长光谱段吸收较弱的技术问题。本发明增强太阳能电池的长波长光谱吸收，从而提高太阳能电池的电流密度和转换效率。
143. 205016543 一种新型异质结太阳电池
CN
03.02.2016
H01L 31/0725 Loading...
H01L 31/0725
Loading...
201520514978.X
常州天合光能有限公司
郭万武
H01L 31/0725
Loading...
本实用新型公开了一种新型异质结太阳电池，包括基体层，其特征在于：所述基体层的背面依次设置背面本征层薄膜、重掺杂背面场层、第一导电介质层和金属电极；基体层的正面依次设置正面本征层薄膜、与基体层同型的轻掺杂纳米棒阵列、发射极第二导电介质层和金属电极，所述纳米棒阵列中的纳米棒间隔有序的分布在正面本征层薄膜之上，在纳米棒阵列间隙内部均匀包覆本征层薄膜以及发射极，在纳米棒阵列顶部完全覆盖本征层薄膜和发射极薄膜，且所述轻掺杂纳米棒阵列被正面本征层薄膜完全包覆并与发射极隔离。本实用新型有效地减小了载流子输运路径，利于载流子的收集；同时，提升了光利用率，改善电池的电流特性。
144. 205017249 一种双玻光伏组件护角
CN
03.02.2016
H02S 20/00 Loading...
H02S 20/00
Loading...
201520818764.1
常州天合光能有限公司
孙权
H02S 20/00
Loading...
本实用新型公开了一种双玻光伏组件护角，包括用于包覆在组件角部两条边上的两个侧壁，其特征在于：沿两个侧壁的顶边延伸出一个平的顶壁，两个侧壁的底边形成开放的自由端，在顶壁上、沿所述顶边设置有溢胶槽，溢胶槽的外侧设置有阻胶棱，在两个侧壁上分别设置有排气孔。本实用新型可有效地保护光伏组件，防止其因撞击而破坏，降低组件的报废率；同时，简化了护角的安装工序，降低了生产成本。
145. 205016538 太阳能组件用散热型分体式接线盒及其太阳能电池组件
CN
03.02.2016
H01L 31/048 Loading...
H01L 31/048
Loading...
201520470317.1
常州天合光能有限公司
孙权
H01L 31/048
Loading...
本实用新型公开了一种太阳能组件用散热型分体式接线盒，包括相互独立的负极线盒、中间线盒以及正极线盒，所述中间线盒设置于负极线盒与正极线盒之间，每一线盒均包括盒体和可闭合盒体的盒盖，其特征在于：所述负极线盒设置于太阳能电池组件的负极起始端，盒体内仅设置有用于连接组件引出线的一个接线柱，该接线柱同时通过线缆连接光伏连接器的负极端子；所述正极线盒设置于太阳能电池组件的正极起始端，盒体内仅设置有用于连接组件引出线的一个接线柱，该接线柱同时通过线缆连接光伏连接器的正极端子；所述中间线盒为三个。同时，本实用新型还公开了一种使用所述太阳能组件用散热型分体式接线盒太阳能电池组件。
146. 205016565 一种大面积钙钛矿太阳电池组件
CN
03.02.2016
H01L 51/42 Loading...
H01L 51/42
Loading...
201520654018.3
常州天合光能有限公司
王磊
H01L 51/42
Loading...
本实用新型公开了一种大面积钙钛矿太阳电池组件，包括若干单体钙钛矿太阳电池（1）、封装材料（2）以及封装基板（3），其特征在于：相邻单体钙钛矿太阳电池极性相反地设置，相邻单体钙钛矿太阳电池之间设置绝缘体（4）且相邻单体钙钛矿太阳电池的正、负电极电连接。本实用新型减小了串联导体引入的欧姆接触电阻对电池组件性能的影响，降低实际应用环境对钙钛矿太阳电池组件的损害，保证钙钛矿太阳电池组件的长期稳定性。
147. 105280740 一种可主动散热的光伏组件
CN
27.01.2016
H01L 31/049 Loading...
H01L 31/049
Loading...
201510108139.2
常州天合光能有限公司
于俊
H01L 31/049
Loading...
本发明涉及一种可主动散热的光伏组件，由上至下依次包括层叠设置的玻璃层（1）、第一EVA层（2）、光伏电池片层（3）、第二EVA层（4）以及背板，其特征在于：所述背板为具有制冷功能的半导体制冷装置。它解决现有技术中光伏组件背板散热不良、影响光伏电池效率的技术问题。本发明可实现光伏组件在短时间内的快速散热，提高光伏组件的工作效率。
148. 105280744 一种高转化效率抗PID晶体硅太阳能电池及其制造方法
CN
27.01.2016
H01L 31/068 Loading...
H01L 31/068
Loading...
201510095123.2
常州天合光能有限公司
王子港
H01L 31/068
Loading...
本发明公开了一种高转化效率抗PID晶体硅太阳能电池，包括硅片，其特征在于：在所述硅片正面依次设置有高折射率氮化硅钝化层，石墨烯导电层和低折射率氮化硅减反层。同时，本发明还公开了一种高转化效率抗PID晶体硅太阳能电池的制造方法，包括如下步骤：选取硅片，进行制绒、扩散及后清洗；硅片正面沉积高折射率氮化硅钝化层，折射率为2.2～2.3，膜厚为1～10nm；在氮化硅上面旋涂石墨烯的分散液，后续烘干，形成石墨烯导电层，厚度为1～10nm；在石墨烯层上沉积低折射率氮化硅减反层，折射率为2.0～2.1，膜厚为60～80nm；完成背电极、背电场、正电极印刷、烘干烧结，形成电池。本发明的晶体硅太阳能电池具有良好的抗PID性能和较高的电池转换效率。
149. 105280747 一种新型异质结太阳电池及其制备方法
CN
27.01.2016
H01L 31/0725 Loading...
H01L 31/0725
Loading...
201510417298.0
常州天合光能有限公司
郭万武
H01L 31/0725
Loading...
本发明公开了一种新型复合结构异质结太阳电池，包括基体层，其特征在于：所述基体层的背面依次设置背面本征层薄膜、重掺杂背面场层、第一导电介质层和金属电极；基体层的正面依次设置正面本征层薄膜、与基体层同型的轻掺杂纳米棒阵列、发射极第二导电介质层和金属电极，所述纳米棒阵列中的纳米棒间隔有序的分布在正面本征层薄膜之上，在纳米棒阵列间隙内部均匀包覆本征层薄膜以及发射极，在纳米棒阵列顶部完全覆盖本征层薄膜和发射极薄膜，且所述轻掺杂纳米棒阵列被正面本征层薄膜完全包覆并与发射极隔离。同时，本发明还公开了一种制备所述新型复合结构异质结太阳电池的方法。
150. 105281659 一种散热型智能接线盒
CN
27.01.2016
H02S 40/34 Loading...
H02S 40/34
Loading...
201510108606.1
常州天合光能有限公司
王永帅
H02S 40/34
Loading...
本发明公开了一种散热型智能接线盒，包括盒体（1），盒盖（2）以及设置于盒体（1）内的含有智能芯片的PCB（3），其特征在于：所述PCB（3）通过导热性能能良好的灌封胶（4）封装在盒体（1）内，当盒盖（2）与盒体（1）盖合时，至少部分盒盖（2）可与灌封胶（4）接触。它解决了现有智能接线盒的散热慢、内部芯片工作温度高的问题。本发明形成了一个由智能芯片到外部空间的高效、可靠的散热通道，大大降低了智能接线盒中芯片的温度。本发明具有结构简单、散热效果好的优点。
151. 105280739 太阳能组件用散热型分体式接线盒及其太阳能电池组件
CN
27.01.2016
H01L 31/048 Loading...
H01L 31/048
Loading...
201510381990.2
常州天合光能有限公司
孙权
H01L 31/048
Loading...
本发明公开了一种太阳能组件用散热型分体式接线盒，包括相互独立的负极线盒、中间线盒以及正极线盒，所述中间线盒设置于负极线盒与正极线盒之间，每一线盒均包括盒体和可闭合盒体的盒盖，其特征在于：所述负极线盒设置于太阳能电池组件的负极起始端，盒体内仅设置有用于连接组件引出线的一个接线柱，该接线柱同时通过线缆连接光伏连接器的负极端子；所述正极线盒设置于太阳能电池组件的正极起始端，盒体内仅设置有用于连接组件引出线的一个接线柱，该接线柱同时通过线缆连接光伏连接器的正极端子；所述中间线盒为三个。同时，本发明还公开了一种使用所述太阳能组件用散热型分体式接线盒太阳能电池组件。
152. 105269181 一种光伏焊带用高活性助焊剂
CN
27.01.2016
B23K 35/363 Loading...
B23K 35/363
Loading...
201510342743.1
常州天合光伏焊带材料有限公司
丁培兴
B23K 35/363
Loading...
本发明公开了一种光伏焊带用高活性助焊剂，其特征在于由重量百分比的下述原料制成：树脂2.6~3.0%，非离子表面活性剂0.5~0.8%，纳米催化剂0.2~0.6%，有机酸混合物1.6~2.0%，抗挥发剂2~4%，氟类表面活性剂0.2~0.6%，余量为单一醇类溶剂或者混合醇类溶剂。本发明通过增加助焊剂中还原剂的反应活性，使得铜带表面的氧化物能够被助焊剂内的还原剂充分反应去除，清洗之后，使得锡能够完全镀在铜带表面而不会形成成品表面缺陷，大大降低了产品表面缺陷的产生。
153. 105281645 一种用于不同厚度的光伏组件相邻安装的固定装置
CN
27.01.2016
H02S 20/00 Loading...
H02S 20/00
Loading...
201510189574.2
常州天合光能有限公司
张莹
H02S 20/00
Loading...
本发明公开了一种用于不同厚度的光伏组件相邻安装的固定装置，包括用于与支架连接的支撑架以及用于压紧光伏组件上表面的上压板，其特征在于：所述支撑架具有与支架连接的底板，在底板的两侧分别设置有与底板垂直的、用于连接上压板的两个侧板；所述上压板具有与侧板连接的安装部以及与安装部的长度方向垂直的、用于压紧光伏组件上表面的压紧部；所述上压板高度可调节地安装于侧板上。它解决现有技术中光伏组件固定装置不能适应光伏组件的不同厚度，使用不够灵活，适用范围窄的技术问题。本发明可对具有不同厚度的相邻光伏组件的压紧和固定，提高了固定装置的适用范围，使光伏组件的安装变得简单、快捷。
154. 105280741 一种太阳能电池组件焊带
CN
27.01.2016
H01L 31/05 Loading...
H01L 31/05
Loading...
201510344467.2
常州天合光伏焊带材料有限公司
丁培兴
H01L 31/05
Loading...
本发明公开了一种太阳能电池组件焊带，属于太阳能组件技术领域，包括基板，在所述基板上依次设置导电层、焊层，其特征在于：所述导电层为的石墨烯层。它解决现有技术中太阳能组件焊带材料成本高、存在环境污染隐患的技术问题。本发明具有成本低、环境友好、导电率高等优点。
155. 105280484 一种晶硅高效高方阻电池片的扩散工艺
CN
27.01.2016
H01L 21/223 Loading...
H01L 21/223
Loading...
201510302473.1
常州天合光能有限公司
王芹芹
H01L 21/223
Loading...
本发明涉及一种晶硅高效高方阻电池片的扩散工艺，包括如下步骤：（1）进炉；（2）低温氧化；（3）低温气体反应沉积；（4）升温杂质再分布；（5）高温气体反应沉积；（6）降温杂质再分布；（7）低温气体反应沉积；（8）低温杂质再分布；（9）出炉。本发明可提高电池片的光电转化率，缩短生产时间，提高生产效率。
156. 105281664 一种太阳能组件抗PID效应能力的检测装置及检测方法
CN
27.01.2016
H02S 50/10 Loading...
H02S 50/10
Loading...
201510095724.3
常州天合光能有限公司
王子港
H02S 50/10
Loading...
本发明公开了一种太阳能组件抗PID效应能力的检测装置，用于检测太阳能组件的抗PID效应能力，包括电源、可形成测试所需环境的环境箱，环境箱内设置绝缘支架，其特在于：在所述环境箱内设置有UV灯源，太阳能组件的铝边框接电源的正电极并接地，太阳能组件连接接线盒，接线盒的正负极端子短接并与电源负极相连。同时，本发明还公开了一种使用上述检测装置的太阳能组件抗PID效应能力的检测方法。本发明解决现有技术中太阳能组件PID测试条件与实际户外使用情况不一致，影响测试的准确性的技术问题。本发明更加真实地模拟组件在户外环境中的衰减，可更加准确地测定太阳能组件的抗PID效应能力，对减少和预防PID现象具有指导意义。
157. 105280729 一种太阳能电池钝化减反薄膜及其制备方法
CN
27.01.2016
H01L 31/0216 Loading...
H01L 31/0216
Loading...
201510109372.2
常州天合光能有限公司
盛赟
H01L 31/0216
Loading...
本发明公开了一种太阳能电池钝化减反膜，包括依次设置于太阳能电池受光面发射结上的三氧化二铝层、氧化硅层、氟化镁层。同时，本发明还公开了一种用于生产所述太阳能电池钝化减反膜的制备方法，包括如下步骤：（1）清洗太阳能电池受光面发射结表面；（2）在太阳能电池表面，通过等离子增强化学气相沉积或原子层沉积方法制备三氧化二铝层；（3）在三氧化二铝层上，通过等离子增强化学气相沉积、或电子束蒸镀、或溅射方法制备氧化硅层；（4）在氧化硅层上，通过溅射或激光脉冲沉积方法制备氟化镁层；（5）对制备的薄膜实施退火。本发明的钝化减反膜具有较好的光学减反特性，有利于提高太阳能电池的转换效率，适合于太阳能电池的大规模制造。
158. 105280730 一种电池片正面栅线电极结构及其印刷方法
CN
27.01.2016
H01L 31/0224 Loading...
H01L 31/0224
Loading...
201510302522.1
常州天合光能有限公司
祁宏山
H01L 31/0224
Loading...
本发明公开了一种电池片正面栅线电极结构，属于太阳能电池技术领域，包括复数条主栅电极（1），以及若干条与主栅电极垂直的副栅电极（2），其特征在于：所述主栅电极（1）分为镂空区域（11）和非镂空区域（12），镂空区域（11）和非镂空区域（12）间隔设置，镂空区域（11）的面积占有整个主栅电极的30-50%，主栅电极的末尾段（13）呈箭头形状，位于最外侧的两根主栅电极（1）在靠近末尾段（13）的区域各开设有一镂空的定位窗口（3），定位窗口（3）为边长范围在0.8-1mm的正方形。同时，本发明还公开了一种制备上述电池片正面栅线电极结构的印刷方法。本发明可有效地降低生产成本，同时，提高电池片的光电转换效率。
159. 105280738 一种太阳能组件用分体式接线盒及其太阳能电池组件
CN
27.01.2016
H01L 31/048 Loading...
H01L 31/048
Loading...
201510380531.2
常州天合光能有限公司
孙权
H01L 31/048
Loading...
本发明公开了一种太阳能组件用分体式接线盒，包括相互独立的第一线盒、中间线盒以及第二线盒，所述中间线盒设置于第一线盒与第二线盒之间，第一线盒连接光伏连接器负极，第二线盒连接光伏连接器正极，每一线盒均包括盒体和可闭合盒体的盒盖，其特征在于：在每一线盒的盒体内分别设置有一个旁路二极管、用于连接组件引出线的接线柱以及连接旁路二极管与接线柱的两个导电体，两个导电体之间形成横向分布的两个连接位从而使旁路二极管和接线柱水平并排地设置。同时，本发明还公开了一种使用所述太阳能组件用分体式接线盒的太阳能电池组件。本发明有效地防止热斑效应，提高太阳能电池的光电转换效率。
160. 204993194 用于角驰型彩钢瓦屋面的光伏支架结构
CN
20.01.2016
H02S 20/23 Loading...
H02S 20/23
Loading...
201520591071.3
常州天合光能有限公司
付传国
H02S 20/23
Loading...
本实用新型公开了一种用于角驰型彩钢瓦屋面的光伏支架结构，包括底部预安装于角驰型彩瓦上的夹具组合、连接于夹具组合顶部的横梁及连接横梁和光伏组件的锁紧组件；所述夹具组合包括两夹具体和连接两夹具体的连接件；所述横梁两侧形成两悬臂，两夹具体的顶部分别形成一卡槽，从而在两夹具连接时两卡槽可共同夹紧两悬臂。本实用新型具备安装牢固、稳定，且拆装速度快，效率高等优点。
161. 105244392 一种用于汽车车顶棚提高阴影遮挡可靠性的光伏电池及其制备方法
CN
13.01.2016
H01L 31/0352 Loading...
H01L 31/0352
Loading...
201510757162.4
常州天合光能有限公司
陈奕峰
H01L 31/0352
Loading...
本发明公开了一种用于汽车车顶棚提高阴影遮挡可靠性的光伏电池及其制备方法，所述光伏电池包括：一硅片衬底；扩散区层，设置于所述硅片衬底的同一表面，包括间隔的若干N型扩散区和若干P型扩散区；第一钝化层，形成于所述扩散区层上；电极接触层，包括若干N型电极接触和若干P型电极接触，分别形成于所述N型扩散区和P型扩散区上；第二钝化层，设置于所述硅片衬底与所述扩散区层相反的另一表面。本发明构成横向PN结，在阴影遮挡时多个横向PN结对反向漏电流进行分流，降低了单位面积上的反向漏电流密度，从而降低了电池片在反偏时的发热量，提高了电池的阴影遮挡可靠性，同时极大提高了光伏电池的抗热斑能力，可以很好的与汽车车顶棚结合起来。
162. 105245187 一种监控太阳电池片抗PID性能的方法及其测试装置
CN
13.01.2016
H02S 50/10 Loading...
H02S 50/10
Loading...
201510714262.9
常州天合光能有限公司
王兵
H02S 50/10
Loading...
本发明公开了一种监控太阳电池片抗PID性能的方法，包括如下步骤：S1：调节太阳电池片表面亲水性阻挡层形成过程的工艺条件，测试不同工艺条件下得到的太阳电池片表面的亲水性阻挡层的接触角，将具有不同接触角的太阳电池片放置于环境试验箱进行测试，得到不同接触角的太阳电池片相对应的抗PID性能衰减率，建立具有不同接触角的太阳电池片所对应的抗PID性能衰减率的标准数据库A；S2：根据步骤S1中所建立的标准数据库A，制定接触角管控规格；S3：测试太阳电池片并根据管控规格进行管控等步骤。同时，本发明还公开了一种监控太阳电池片抗PID性能的测试装置。本发明通过测试接触角对电池片抗PID性能进行有效监控，提高电池片的可靠性，操作简便、精度高。
163. 105227060 一种双玻光伏组件护角及其安装方法
CN
06.01.2016
H02S 20/00 Loading...
H02S 20/00
Loading...
201510686871.8
常州天合光能有限公司
孙权
H02S 20/00
Loading...
本发明公开了一种双玻光伏组件护角，包括用于包覆在组件角部两条边上的两个侧壁，其特征在于：沿两个侧壁的顶边延伸出一个平的顶壁，两个侧壁的底边形成开放的自由端，在顶壁上、沿所述顶边设置有溢胶槽，溢胶槽的外侧设置有阻胶棱，在两个侧壁上分别设置有排气孔。同时，本发明还公开了一种上述双玻光伏组件护角的安装方法，在组件层压的同时完成护角的安装。本发明可有效地保护光伏组件，防止其因撞击而破坏，降低组件的报废率；同时，简化了护角的安装工序，降低了生产成本。
164. 2015537389 太陽電池スライスの上下式電極構造
JP
24.12.2015
H01L 31/0224 Loading...
H01L 31/0224
Loading...
2015546817
常州天合光能有限公司
盛 健
H01L 31/0224
Loading...
太陽電池スライスの背面に分布される背面電極（４）と、太陽電池スライスの正面に分布される正面ゲート電極とを備え、前記正面ゲート電極は、互いに平行する主ゲート線（１）と、主ゲート線（１）に垂直する複数本の副ゲート線（３）とを備える太陽電池スライスの上下式電極構造であって、主ゲート線は３列があり、かつ各列は、横方向間隔（２）により離間された上、下２本の主ゲート線から構成され、横方向間隔（２）の幅は０．５ｍｍ〜４ｍｍである太陽電池スライスの上下式電極構造を提供する。当該太陽電池スライスの上下式電極構造は、複数の独立発電ユニットを有し、各部の独立ユニットは並列して併用されてもよいし、独立発電ユニットとして用いられてもよい。
165. 105185869 一种多晶硅制绒机的纯水喷淋系统
CN
23.12.2015
H01L 31/18 Loading...
H01L 31/18
Loading...
201510539799.6
常州天合光能有限公司
肖斌
H01L 31/18
Loading...
本发明涉及一种多晶硅制绒机的纯水喷淋系统，属于太阳电池技术领域，包括进水管、出水管、连通进水管与出水管的若干支管，沿制绒工艺的流程设置的若干组由喷淋管、清洗槽及副槽组成的喷淋单元，每组喷淋单元包括若干根喷淋管，副槽收集清洗槽的纯水供喷淋管循环使用，其特征在于：在最末端的喷淋单元的清洗槽与起始端的喷淋单元的副槽之间设置有连通的支管，从而使最末端的喷淋单元的清洗槽的纯水流入起始端的喷淋单元的副槽，起始端的喷淋单元的副槽供应其喷淋单元内全部喷淋管的纯水。本发明在不导致扩散不良片的增加的前提下，大大节约了纯水用量；同时，对减少废水的排放及废水后续处理也是有很好的促进作用。
166. 105185913 一种大面积钙钛矿太阳电池组件及其制备方法
CN
23.12.2015
H01L 51/42 Loading...
H01L 51/42
Loading...
201510536835.3
常州天合光能有限公司
王磊
H01L 51/42
Loading...
本发明公开了一种大面积钙钛矿太阳电池组件，包括若干单体钙钛矿太阳电池（1）、封装材料（2）以及封装基板（3），其特征在于：相邻单体钙钛矿太阳电池极性相反地设置，相邻单体钙钛矿太阳电池之间设置绝缘体（4）且相邻单体钙钛矿太阳电池的正、负电极电连接。同时，本发明还公开了一种制备所述大面积钙钛矿太阳电池组件的方法。本发明减小了串联导体引入的欧姆接触电阻对电池组件性能的影响，降低实际应用环境对钙钛矿太阳电池组件的损害，保证钙钛矿太阳电池组件的长期稳定性。
167. 105185866 一种高效钝化接触晶体硅太阳电池的制备方法
CN
23.12.2015
H01L 31/18 Loading...
H01L 31/18
Loading...
201510502103.2
常州天合光能有限公司
崔艳峰
H01L 31/18
Loading...
本发明公开了一种高效钝化接触晶体硅太阳电池的制备方法，属于太阳电池技术领域，通过利用扩散过程中形成的本应被刻蚀掉的硅氧化层作为阻挡层，而不需要额外沉积一层薄膜作为阻挡层，极大地优化了电池的制备工艺过程，同时有利于成本的降低；通过本发明的制备方法可以在保证电池高开路电压的同时，极大的提高电池的填充因子，因此可以有效的提高电池的光电转换效率；同时，本发明工艺相对简单，适合应用于规模化生产。
168. WO/2015/192739 SOLAR CELL LOCAL-AREA DOPING METHOD
WO
23.12.2015
H01L 31/18 Loading...
H01L 31/18
Loading...
PCT/CN2015/081326
CHANGZHOU TRINA SOLAR ENERGY CO., LTD.
SHENG, Yun
H01L 31/18
Loading...
Disclosed in the present invention is a solar cell local-area doping method. The method comprises the steps: (a) molecular films with hydrophilic groups and/or hydrophobic groups are formed on the surface of a substrate; (b) doping sources are provided on the surface of the substrate said in the step (a), and the doping sources are distributed on the patterns formed by the molecular films; and (c) the thermal diffusion is conducted to the obtained substrate in the step (b), and therefore the substrate of the local-area doping solar cell is formed. According to the method in the present invention, the local-area doping structures with different patterns and sizes can be obtained, and the method is particularly suitable for building local-area emitter junctions and high-low surface fields of the solar cell.
169. 105161553 一种全背电极晶体硅太阳电池的制备方法
CN
16.12.2015
H01L 31/0236 Loading...
H01L 31/0236
Loading...
201510510361.5
常州天合光能有限公司
王栋良
H01L 31/0236
Loading...
本发明涉及一种全背电极晶体硅太阳电池的制备方法，包括：预清洗，去损伤，掩膜保护，金字塔绒面的制备，绒面的第二次制备，绒面后处理，后清洗，全背电极电池制作等步骤。通过本发明制备的带有纳米构造形貌的晶体硅金字塔绒面，具有覆盖整个金字塔表面的纳米短柱，且金字塔尖等仍旧清晰，经测试，绒面表面反射率由常规工艺的12.5％降低至3.7％。
170. 105140308 一种异质结太阳电池电镀铜电极的制备方法
CN
09.12.2015
H01L 31/0216 Loading...
H01L 31/0216
Loading...
201510496603.X
常州天合光能有限公司
舒欣
H01L 31/0216
Loading...
本发明公开了一种异质结电池电镀铜电极的制备方法，包括如下步骤：A.绝缘减反射膜沉积；B.激光刻画；C．电镀；D.后续工艺等步骤。本发明由于形成双减反射层结构，使异质结电池反射率可降低到4%以下；同时，本发明由于采用了技术成熟、成本较低的激光工艺，避免了光刻所带来设备以及材料成本的增加及产品良率的降低，优化了异质结电池的电镀铜工艺，提高了产品的性能，降低了生产成本。
171. 105118892 O3设备尾气处理方法及O3设备尾气处理装置
CN
02.12.2015
H01L 31/18 Loading...
H01L 31/18
Loading...
201510521025.0
常州天合光能有限公司
彭义富
H01L 31/18
Loading...
本发明公开了一种O3设备尾气处理方法及O3设备尾气处理装置，该方法的步骤如下：(a)通过在O3设备尾气管道上加装的流量计来检测O3设备尾气排放时的实时流速m；(b)比较实时流速m和尾气管道负压稳定条件下的尾气排放时的标称流速M的大小，通过控制在O3设备尾气管道上加装的阀门的开度大小来调节实时流速m，使实时流速m向标称流速M靠拢。通过该方法可以及时监控和量化O3设备尾气排放的流量，提升其稳定性，从而保证电池片PID能力，增加电池片寿命。
172. 105112888 一种石墨舟的饱和方法
CN
02.12.2015
C23C 16/458 Loading...
C23C 16/458
Loading...
201510533224.3
常州天合光能有限公司
郭文祥
C23C 16/458
Loading...
本发明涉及一种石墨舟的饱和方法，属于太阳电池技术领域，包括假片饱和阶段和空舟饱和阶段，通过结合两种方式进行饱和，保证了电池片的Rsh，又降低了片内、片间极差，有效地提高饱和后石墨舟的使用效果，降低石墨舟内硅片间膜厚的极差，改善石墨舟的稳定性，从而降低硅片表面色差。
173. 105109526 一种硅片运输工具
CN
02.12.2015
B62B 3/02 Loading...
B62B 3/02
Loading...
201510537626.0
常州天合光能有限公司
戴佳
B62B 3/02
Loading...
本发明公开了一种硅片运输工具，属于太阳电池生产技术领域，包括车架和设置于车架上的、用于放置硅片盒的数层隔板，车架的底部设置有滚轮，其特征在于：所述隔板包括位于底部的底板和位于底板上方的数块上隔板，每一上隔板均包括若干可相互重叠和展开的折叠板，且折叠后的折叠板底端的高度高于硅片盒上端的高度，上隔板的两端与车架滑动连接，上隔板的内侧与车架铰接。本发明可方便取、放硅片盒，并防止硅片在移动中碰撞而造成损坏；同时，增加单位运输工具的运输量，提高运输效率。
174. 105112995 多晶硅铸锭炉用的复合隔碳涂层以及制备方法、石墨护板、多晶硅铸锭炉
CN
02.12.2015
C30B 28/06 Loading...
C30B 28/06
Loading...
201510512590.0
常州天合光能有限公司
叶宏亮
C30B 28/06
Loading...
本发明公开了一种多晶硅铸锭炉用的复合隔碳涂层，用于涂覆在铸锭炉内的碳材料器件表面，防止碳污染，其特征在于：所述复合隔碳涂层包括涂覆在器件表面的由金属钨或金属钼构成的第一涂层，以及涂覆在第一涂层上的第二涂层，所述第二涂层为氮化硅层或者由氮化硅层与氧化硅层构成的叠层，第一涂层厚度为0.02-300微米，第二涂层厚度为0.02-300微米。本发明还公开了一种制备所述的复合隔碳涂层的方法；同时，本发明还公开了包含所述的复合隔碳涂层的石墨护板以及多晶硅铸锭炉。本发明通过在多晶铸锭炉内的碳材料器件表面涂覆所述复合隔碳层，来消除一氧化碳的产生，从而降低铸锭多晶硅中的杂质及杂质衍生的位错，提高晶体质量，进而提升太阳电池转换效率。
175. 105112996 一种制备高效铸锭多晶硅的方法及专用单晶硅片
CN
02.12.2015
C30B 28/06 Loading...
C30B 28/06
Loading...
201510537786.5
常州天合光能有限公司
康海涛
C30B 28/06
Loading...
本发明涉及一种制备高效铸锭多晶硅锭的方法，在常规铸锭工艺的开始之前，将处理过的单晶硅片放入多晶铸锭炉底部，之后普通工艺铸锭，可得到小晶粒铸锭多晶硅锭。同时，本发明还涉及一种专用于制备高效铸锭多晶硅的单晶硅片，包括硅片本体，其特征在于：在所述硅片本体的两侧分别依次设置有硅氧层和硅氮层，所述硅片本体厚度为0.18mm，硅氧层厚度为0.1-0.2mm，硅氮层的厚度为0.2-0.3mm。本发明通过在多晶铸锭炉底部铺放经处理过的单晶硅片，该些单晶硅片的两面均涂有硅氧层-硅氮层的单晶硅片，单晶硅片起到诱导效果形成小颗粒晶粒来抑制位错，从而降低多晶硅材料体内缺陷，最终提升了电池效率。
176. 105063750 一种镓锗硼共掺单晶硅及其制备方法
CN
18.11.2015
C30B 29/06 Loading...
C30B 29/06
Loading...
201510492138.2
常州天合光能有限公司
刘依依
C30B 29/06
Loading...
本发明涉及一种镓硼锗共掺单晶硅，属于半导体材料制作技术领域，其特征在于：在单晶硅中掺杂有镓、硼、锗三种元素，该三种元素在单晶硅中最终的原子体积浓度分别为：镓元素1.02×1015-1.02×1017atoms/cm3，硼元素1×1015-1×1017atoms/cm3，锗元素1×1016-2×1019atoms/cm3。同时，本发明还公开了一种制备所述的镓硼锗共掺单晶硅的方法。本发明中的镓锗硼共掺单晶硅，大大降低或避免了硼氧复合体的产生，降低了电池的光致衰减；同时提高了电池片的机械强度；本发明提供的镓锗硼共掺单晶硅的制备方法简便，易操作，成本低可规模化生产。
177. 105047746 一种基于组串级优化的智能光伏组件及其层叠方式
CN
11.11.2015
H01L 31/05 Loading...
H01L 31/05
Loading...
201510492928.0
常州天合光能有限公司
王永帅
H01L 31/05
Loading...
本发明公开了一种组串级优化的光伏组件，属于太阳能光伏组件技术领域，包括若干电池片，其特征在于：所述电池片通过引线连接形成n个电池组串，n＞1，每一电池组串包含数列电池片；各电池组串的电池片引出线通过第一汇流条连接，并在各电池组串的两侧分别形成各电池组串的正、负极引出线；各电池组串的两侧的正负极通过第二汇流条引出至组件上端的中部位置，从而在组件上端的中部位置形成依次排列的各电池组串的正、负极；各电池组串的正、负极与接线盒的智能芯片输入端连接，电池组串之间通过接线盒串联，作为一个整体向外输出电能。同时，本发明还公开了一种制备所述的组串级优化的光伏组件的层叠方法。
178. 105019022 一种镓锗硼共掺准单晶硅及其制备方法
CN
04.11.2015
C30B 29/06 Loading...
C30B 29/06
Loading...
201510492028.6
常州天合光能有限公司
刘依依
C30B 29/06
Loading...
本发明涉及一种镓硼锗共掺准单晶硅，属于半导体材料制作技术领域，在准单晶硅中掺杂有镓、硼、锗三种元素，该三种元素在单晶硅中最终的原子体积浓度分别为：镓元素1.02*1015-1.02*1017atoms/cm3，硼元素1*1015-1*1017atoms/cm3,锗元素1*1016-2*1019？atoms/cm3。同时，本发明还公开了一种制备所述的镓硼锗共掺准单晶硅的方法。本发明中的镓锗硼共掺准单晶硅，大大降低或避免了硼氧复合体的产生，降低了电池的光致衰减；同时提高了电池片的机械强度；本发明提供的镓锗硼共掺单晶硅的制备方法简便，易操作，成本低可规模化生产。
179. 105007033 适用于易发生基础沉降地基场地的光伏组件安装支架
CN
28.10.2015
H02S 20/30 Loading...
H02S 20/30
Loading...
201510466381.7
常州天合光能有限公司
蒋阿华
H02S 20/30
Loading...
本发明公开了一种适用于易发生基础沉降地基场地的光伏组件安装支架，属于光伏组件技术领域，用于将光伏组件（100）固定于安装面（101）上，包括：设置于安装面（101）上的一组立柱（1）以及设置于立柱（1）上的一组梁（2），所述光伏组件（100）安装在梁（2）上，其特征在于：光伏组件（100）弹性地设置在梁（2）上，和/或，立柱（1）弹性地设置在安装面（101）上。本发明通过将光伏组件弹性地设置在支架的梁上，和/或，将支架的立柱弹性地设置在安装面上，利用弹性变形来吸收由于基础不均匀沉降在支架构件中产生的部分应力，缓解由此引起的支架构件变形，减轻由于支架变形对光伏组件的损害，避免光伏组件内电池片产生隐裂。
180. 105002557 一种镓锗硼共掺多晶硅及其制备方法
CN
28.10.2015
C30B 29/06 Loading...
C30B 29/06
Loading...
201510492035.6
常州天合光能有限公司
刘依依
C30B 29/06
Loading...
本发明涉及一种镓硼锗共掺多晶硅，属于半导体材料制作技术领域，其特征在于：在单晶硅中掺杂有镓、硼、锗三种元素，该三种元素在单晶硅中最终的原子体积浓度分别为1.02*1015-1.02*1017atoms/cm3，硼元素1015-1017atoms/cm3,锗元素1016-2*1019atoms/cm3。同时，本发明还公开了一种制备所述的镓硼锗共掺多晶硅的方法。本发明中的镓锗硼共掺多晶硅，大大降低或避免了硼氧复合体的产生，降低了电池的光致衰减；同时提高了硅片的机械强度；本发明提供的镓锗硼共掺多晶硅的制备方法简便，易操作，成本低可规模化生产。
181. WO/2015/154326 DETECTION METHOD AND DETECTION DEVICE FOR CRYSTAL ORIENTATION OF SILICON WAFER
WO
15.10.2015
H01L 21/66 Loading...
H01L 21/66
Loading...
PCT/CN2014/077340
CHANGZHOU TRINA SOLAR ENERGY CO., LTD.
FU, Shaoyong
H01L 21/66
Loading...
A detection method and detection device for crystal orientation of a silicon wafer. The detection method uses a camera shooting device to irradiate the silicon wafer in a rotation manner in different angular directions and obtains the corresponding reflection intensity, and based on this, a reflection curve is drawn for grains of interest in a polar coordinate system; the normal of three or more faces of the regular octahedron of the grain <111> is determined by identifying a pixel brightness extremum value in the reflection curve, and then the normal vectors of all the regular octahedrons are calculated, so that the crystal orientation of a grain of interest is calculated, and the camera shooting device comprises a light source and one or more camera shooting probes.
182. 104979477 Z型串联钙钛矿太阳电池组件及其制备方法
CN
14.10.2015
H01L 51/44 Loading...
H01L 51/44
Loading...
201510253968.X
常州天合光能有限公司
王磊
H01L 51/44
Loading...
本发明公开了一种Z型串联钙钛矿太阳电池组件及其制备方法，太阳电池组件包括：对电极基板；光阳极基板；至少两个单体钙钛矿太阳电池，并且相邻的单体钙钛矿太阳电池通过绝缘体彼此绝缘设置，单体钙钛矿太阳电池具有由下自上依次设置的光阳极导电层、电子收集层、光吸收层、空穴传输层、催化层和对电极导电层，并且光阳极导电层形成在光阳极基板上，对电极导电层形成在对电极基板上；串联导体，在相邻的两个单体钙钛矿太阳电池中，串联导体的一端与其中一个单体钙钛矿太阳电池的对电极导电层相电性连接，串联导体的另一端与另外一个单体钙钛矿太阳电池的光阳极导电层相电性连接。本发明不仅保证了光电转换效率，而且降低了钙钛矿太阳电池大面积化过程中欧姆接触电阻对电池组件性能的影响。
183. 204577446 一种背钝化太阳能电池的背面钝化模开槽结构
CN
19.08.2015
H01L 31/18 Loading...
H01L 31/18
Loading...
201520124278.X
常州天合光能有限公司
李慧
H01L 31/18
Loading...
本实用新型公开了一种背钝化太阳能电池的背面钝化模开槽结构，包括，设置于硅片基体上的钝化膜以及开设于钝化膜上的若干个槽，其特征在于：所述槽包括平行设置的若干水平槽（1）和框设于该些水平槽外的框形槽（2）。作为优选，在所述框形槽所包围的范围内还开设有若干矩形槽（3），所述矩形槽的长度方向与水平槽的长度方向垂直。本实用新型的背钝化太阳能电池的背面钝化模开槽结构既有效降低背钝化电池的串联电阻，同时又维持了开路电压、短路电流不受影响，有效地提升了电池的效率。
184. 204578460 一种用于光伏组件接线盒内的电气连接装置
CN
19.08.2015
H02S 40/34 Loading...
H02S 40/34
Loading...
201520243510.1
常州天合光能有限公司
于俊
H02S 40/34
Loading...
本实用新型公开了一种用于光伏组件接线盒内的电气连接装置，属于太阳能光伏组件技术领域，包括集成于盒盖上的针脚以及设置于盒体上的插座弹片，所述针脚可插入插座弹片内形成电气连接，其特征在于：所述插座弹片包括第一夹持片和第二夹持片，第一夹持片和第二夹持片的尾端相连形成安装部，插座弹片通过该安装部连接于盒体上，第二夹持片从尾端至头端依次包括：用于与第一夹持片相连的弯折部、垂直部、向外倾斜的第一导向部以及水平的第二导向部，第一夹持片和第二夹持片的垂直部之间形成可夹持针脚的夹持部。它解决现有技术中光伏组件接线盒存在的安装不方便、接触电阻大的技术问题，本实用新型可有效地降低接触电阻，使接线盒的安装和更换变得更加便利。
185. 204578432 一种用于不同厚度的光伏组件相邻安装的固定装置
CN
19.08.2015
H02S 20/00 Loading...
H02S 20/00
Loading...
201520241986.1
常州天合光能有限公司
张莹
H02S 20/00
Loading...
本实用新型公开了一种用于不同厚度的光伏组件相邻安装的固定装置，包括用于与支架连接的支撑架以及用于压紧光伏组件上表面的上压板，其特征在于：所述支撑架具有与支架连接的底板，在底板的两侧分别设置有与底板垂直的、用于连接上压板的两个侧板；所述上压板具有与侧板连接的安装部以及与安装部的长度方向垂直的、用于压紧光伏组件上表面的压紧部；所述上压板高度可调节地安装于侧板上。它解决现有技术中光伏组件固定装置不能适应光伏组件的不同厚度，使用不够灵活，适用范围窄的技术问题。本实用新型可对具有不同厚度的相邻光伏组件的压紧和固定，提高了固定装置的适用范围，使光伏组件的安装变得简单、快捷。
186. 204577441 一种可主动散热的光伏组件
CN
19.08.2015
H01L 31/049 Loading...
H01L 31/049
Loading...
201520140146.6
常州天合光能有限公司
于俊
H01L 31/049
Loading...
本实用新型涉及一种可主动散热的光伏组件，由上至下依次包括层叠设置的玻璃层（1）、第一EVA层（2）、光伏电池片层（3）、第二EVA层（4）以及背板，其特征在于：所述背板为具有制冷功能的半导体制冷装置。它解决现有技术中光伏组件背板散热不良、影响光伏电池效率的技术问题。本实用新型可实现光伏组件在短时间内的快速散热，提高光伏组件的工作效率。
187. 2015521457 折り畳み式太陽光発電アセンブリの実装構造およびその実装方法
JP
27.07.2015
H02S 20/30 Loading...
H02S 20/30
Loading...
2015509283
常州天合光能有限公司
束 云▲フア▼
H02S 20/30
Loading...
折り畳み式太陽光発電アセンブリの実装構造およびその実装方法を提供する。折り畳み式アセンブリは、パネル（１０１）と、パネル（１０１）の背面に設けられるとともに、パネル（１０１）の両側にそれぞれ近づく第１の支持ブロック（１０２−１）および第２の支持ブロック（１０２−２）と、第１のヒンジ（１０３−１）を介して第１の支持ブロック（１０２−１）に接続される第１の支持体（１０４−１）と、第２のヒンジ（１０３−２）を介して第２の支持ブロック（１０２−２）に接続される第２の支持体（１０４−２）と、を備え、第１の支持体（１０４−１）および第２の支持体（１０４−２）は、それぞれ第１のヒンジ（１０３−１）および第２のヒンジ（１０３−２）のまわりに折り畳み回転することができる。また、太陽光発電アセンブリの実装構造は、複数の太陽光発電アセンブリ（１）を備える。
188. 104722880 Solder strip clamp with guide groove and solder strip dragging method adopting solder strip clamp
CN
24.06.2015
B23K 3/08 Loading...
B23K 3/08
Loading...
201510157996.1
常州天合光能有限公司
曹云林
B23K 3/08
Loading...
The invention discloses a solder strip clamp with a guide groove and a solder strip dragging method adopting the solder strip clamp. The solder strip clamp with the guide groove comprises a lower pressing block, a connecting rod block, an upper clamping cushion block and an opening and closing drive mechanism. The front portion of the lower pressing block is provided with the solder strip guide groove for guiding the head of a solder strip. The connecting rod block is hinged to the lower pressing block. The upper clamping cushion block is fixedly connected to the connecting rod block and matched with the lower pressing block. The opening and closing drive mechanism and the connecting rod block are in transmission connection, so that when the opening and closing drive mechanism moves, the connecting rod block rotates on the lower pressing block around the hinge position, and the upper clamping cushion block and the lower pressing block are driven to be matched to clamp or release the head of the solder strip. The phenomenon that the solder strip easily deviates when placed in the welding process can be avoided, the reject ratio caused by solder strip deviation is reduced, and the appearance quality of an assembly is improved.
189. 104617877 Intelligent chip short-circuit device used for intelligent photovoltaic module testing
CN
13.05.2015
H02S 50/10 Loading...
H02S 50/10
Loading...
201510100788.8
常州天合光能有限公司
王永帅
H02S 50/10
Loading...
The invention discloses an intelligent chip short-circuit device used for intelligent photovoltaic module testing. The intelligent chip short-circuit device comprises a first good conductor metal sheet, a second good conductor metal sheet and a short-circuit component, wherein the first good conductor metal sheet is electrically connected with an input end phase of an intelligent chip; the second good conductor metal sheet is electrically connected with an output end phase of the intelligent chip; a reserved short-circuit spacer region is arranged between the second good conductor metal sheet and the first good conductor metal sheet; the short-circuit component is arranged in the reserved short-circuit spacer region; during intelligent photovoltaic module testing, the short-circuit component is electrically connected with the first good conductor metal sheet and the second good conductor metal sheet respectively. The intelligent chip short-circuit device can eliminate interferences of an intelligent chip circuit during intelligent photovoltaic module testing, so that the testing reliability is improved; meanwhile, the intelligent chip short-circuit device has the characteristics of reliable performance, simple and feasible structure and relatively low cost.
190. 204271093 太阳能电池正表面局部接触的栅线结构
CN
15.04.2015
H01L 31/0224 Loading...
H01L 31/0224
Loading...
201420797177.4
常州天合光能有限公司
盛健
H01L 31/0224
Loading...
本实用新型公开了一种太阳能电池正表面局部接触的栅线结构，太阳能电池正表面局部接触的栅线结构具有多条栅线电极，每条栅线电极具有多段局部接触金属电极和多段非接触金属电极，局部接触金属电极和非接触金属电极电性连接，非接触金属电极由非烧穿型金属电极浆料制成，局域接触金属电极穿过电池的介质膜后与硅基体构成欧姆接触。本实用新型能够在保证避免输运电子的情况下，有效降低金属化面积，降低金属化区域的复合电流，从而有效地提升电池的开路电压，提高太阳电池的转换效率。
191. 204263041 光伏双玻组件安装夹具
CN
15.04.2015
B25B 11/02 Loading...
B25B 11/02
Loading...
201420754506.7
常州天合光能有限公司
宗岳
B25B 11/02
Loading...
本实用新型公开了一种光伏双玻组件安装夹具，它包括：上压块，该上压块具有至少一个上压部，并且上压部上卡装有上缓冲垫；下压块，该下压块具有至少一个下压部，并且下压部上卡装有下缓冲垫，下缓冲垫和上缓冲垫相配合形成一夹持双玻组件的夹具；紧固组件，用于连接上压块和下压块以便将双玻组件夹持在夹具内。本实用新型不仅大大减少了双玻组件的安装时间，而且增加了安装的可靠性。
192. WO/2015/043311 BACK BRIDGE TYPE CONTACT ELECTRODE OF CRYSTALLINE SILICON SOLAR CELL AND PREPARATION METHOD THEREFOR
WO
02.04.2015
H01L 31/0224 Loading...
H01L 31/0224
Loading...
PCT/CN2014/083399
CHANGZHOU TRINA SOLAR ENERGY CO., LTD.
CHEN, Yifeng
H01L 31/0224
Loading...
Disclosed are a back-surface bridge type contact electrode of a crystalline silicon solar cell and a preparation method therefor. The back-surface bridge type contact electrode of a crystalline silicon solar cell comprises a local area electrode connected to a local area back surface field, and a back surface electrode with a back surface passivation film covering on a surface thereof coming into contact with a silicon chip substrate, wherein at least one bridge electrode is provided between the local area electrode and the back surface electrode, a back surface passivation film also covers on a surface of the bridge electrode coming into contact with the silicon chip substrate, the local area electrode is connected with the back surface electrode through the bridge electrode, and a back surface passivation film is also arranged outside the connection region, except the bridge electrode, between the local area electrode and the back surface electrode. The present invention can suppress the formation of a cavity in a local area back surface field, increase the thickness of the local area back surface field, reduce the resistance loss due to the fact that minority carriers pass through the local area back surface field and then come to a contact region to be compounded, and improve the conversion efficiency of a back passivation cell.
193. 204243070 光伏电池生产线镀膜用夹持式挂钩
CN
01.04.2015
H01L 31/18 Loading...
H01L 31/18
Loading...
201420795151.6
常州天合光能有限公司
王世保
H01L 31/18
Loading...
本实用新型公开了一种光伏电池生产线镀膜用夹持式挂钩，它包括钩体，该钩体具有挂钩安装臂，挂钩安装臂下部的两侧或一侧设置有向下倾斜的硅片承载臂，硅片承载臂的承载外壁面和位于同一侧的挂钩安装臂的外壁面的衔接部分设置有用于承载硅片边缘的硅片承载角部，并且硅片承载角部呈向挂钩安装臂内部的收缩状以便其与硅片相匹配。本实用新型不仅可以承载硅片的边缘，避免承载硅片底部带来的镀膜效果差，影响硅片性能的现象，而且具有防掉片效果。
194. 204244177 可调倾斜角度的光伏组件I-V曲线测试辅助装置
CN
01.04.2015
H02S 50/10 Loading...
H02S 50/10
Loading...
201420826456.9
常州天合光能有限公司
夏登福
H02S 50/10
Loading...
本实用新型公开了一种可调倾斜角度的光伏组件I-V曲线测试辅助装置，它包括：光伏组件支撑架；调节支撑组件，调节支撑组件包括固定立柱、连接板和调节组件，连接板固定连接在固定立柱上，光伏组件支撑架铰接在连接板上，调节组件的端部与光伏组件支撑架固定连接，调节组件上设置有多个倾斜调节孔位，连接板上安装有插销件，该插销件与多个倾斜调节孔位插接配合以便用于调节光伏组件支撑架的倾斜角度；I-V测试设备，I-V测试设备上连接有一辐照表，辐照表安装在光伏组件支撑架上。本实用新型可以满足不同安装地区、多种安装倾角上太阳辐照的采集,并能方便的实现光伏组件在不同倾角的安装以获得最佳的辐照，有利于提升整个光伏系统性能的研究和改进。
195. 204244178 光伏组件户外实时发电量及运行监测控制系统
CN
01.04.2015
H02S 50/10 Loading...
H02S 50/10
Loading...
201420827301.7
常州天合光能有限公司
夏登福
H02S 50/10
Loading...
本实用新型公开了一种光伏组件户外实时发电量及运行监测控制系统，它包括：工控机；选择电路，所述选择电路中具有切换开关；多个继电器，所述继电器与光伏组件一一对应，并且继电器的输入端分别连接在相对应的光伏组件的输出端上，多个继电器的输出端并接后接入选择电路；电压监测采集电路，所述电压监测采集电路并接在选择电路上，并用于实时监测和采集选择电路上的输出电压值；电流监测采集电路，所述电流监测采集电路连接在选择电路中，并用于实时监测和采集选择电路上的输出电流值；程控电子负载设备，所述程控电子负载设备通过切换开关与选择电路选择性连接。本实用新型可以为光伏组件在真实的户外工作环境下测试发电性能及运行状况进行可靠性监控提供便捷。
196. 204244156 交流输出组件的隔离垫
CN
01.04.2015
H02S 30/00 Loading...
H02S 30/00
Loading...
201420826798.0
常州天合光能有限公司
夏登福
H02S 30/00
Loading...
本实用新型公开了一种交流输出组件的隔离垫，它包括本体，本体具有卡槽体和垫体，卡槽体上设置有卡接组件边框的卡槽，垫体用于支承在相邻的交流输出组件的组件边框之间，并且所述垫体的高度大于交流输出组件上的逆变器凸出组件边框的高度。本实用新型能够解决交流输出组件因集成逆变器造成组件局部位置的不规则形状和凸出造成的不方便放置和包装的问题，提高了放置及包装的平整、美观、安全性和可靠性。
197. 204244159 判断失效光伏组件中使用的光伏组件结构
CN
01.04.2015
H02S 30/10 Loading...
H02S 30/10
Loading...
201420807331.1
常州天合光能有限公司
陈奕峰
H02S 30/10
Loading...
本实用新型公开了一种判断失效光伏组件中使用的光伏组件结构，它具有两种类型电池片，分别为第一电池片和第二电池片，第一电池片和第二电池片具有单一差异因素，并且除该单一差异因素外，其余因素相同；其中，该单一差异因素为单一的结构设计差异或为单一的工艺制成差异，所述的第一电池片为失效光伏组件使用的电池片。本实用新型能够有利于甄别出光伏组件的失效原因是由电池片的结构设计差异不同或电池片的工艺制成不同或组件材料和封装工艺不良导致的。
198. WO/2015/039500 FRONT ELECTRODE OF CRYSTAL SILICON SOLAR CELL
WO
26.03.2015
H01L 31/0224 Loading...
H01L 31/0224
Loading...
PCT/CN2014/083397
CHANGZHOU TRINA SOLAR ENERGY CO., LTD.
CHEN, Yifeng
H01L 31/0224
Loading...
A front electrode of a crystal silicon solar cell, comprising a plurality of parallel fine gate-line metal electrodes and a plurality of columns of parallel main gate-line metal electrodes vertical thereto. Each column of main gate-line metal electrodes is composed of multiple segments of main gate-line metal electrodes; and the disconnection portion between each segment of main gate-line metal electrodes is located at a blank area between two adjacent fine gate-line metal electrodes, thus effectively reducing metal paste consumption without increasing the distance between the fine gate-line metal electrodes and the main gate-line metal electrodes, providing the possibility of reducing series resistance of cells, and improving cell efficiency.
199. 104393066 Solar cell apparatus structure with point contact structure and preparation method of solar cell apparatus structure
CN
04.03.2015
H01L 31/0224 Loading...
H01L 31/0224
Loading...
201410712128.0
常州天合光能有限公司
包健
H01L 31/0224
Loading...
The invention discloses a solar cell apparatus structure with a point contact structure and a preparation method of the solar cell apparatus structure. The solar cell apparatus structure with the point contact structure comprises a substrate, an emitting electrode and a back electrode, wherein the emitting electrode and the substrate form ohm connection by virtue of the point contact structure; an intrinsic amorphous silicon layer is arranged between the rest part of the emitting electrode and the substrate; the back electrode and the substrate also form ohm connection by virtue of the point contact structure; and an intrinsic amorphous silicon layer is also arranged between the rest part of the back electrode and the substrate. On the premise of keeping relatively good passivating effect, the solar cell apparatus cell structure can be used for lowering series resistance, and increasing a filling factor of the cell, so that the conversation efficiency of the solar cell is increased.
200. 204180003 方便组件快速连接的光伏组件
CN
25.02.2015
H02S 30/10 Loading...
H02S 30/10
Loading...
201420574630.5
常州天合光能有限公司
徐建美
H02S 30/10
Loading...
本实用新型公开了一种方便组件快速连接的光伏组件，它包括组件本体，组件本体具有边沿或者具有边框，边框或边沿上在相应的部位上刻制有安装位置标识组，安装位置标识组包括上安装划线和下安装划线，并且上安装划线和下安装划线之间形成安装位置区域。本实用新型能够方便组件连接，避免安装位置错误导致的组件的载荷性能下降引起的组件中电池片隐裂的现象。

