1. 206111430 一种新型齿轮箱轴承座
CN
19.04.2017



202016000956161
天津思为机器设备有限公司
赵欣然


本实用新型公开了一种新型齿轮箱轴承座，涉及齿轮箱配件设备技术领域，其特征在于：至少包括：内径为160mm的轴承管(2)，所述轴承管(2)呈圆管结构，在所述轴承管(2)的一端设置有与齿轮箱内轴承连接的连接头(1)；所述连接头(1)呈圆管结构，所述连接头(1)与轴承管(2)共轴，所述连接头(1)与轴承管(2)的内径相同；所述连接头(1)的外径大于轴承管(2)的外径；所述轴承管(2)的端面与连接头(1)的端面固定连接；在所述连接头(1)上开设有与齿轮箱内轴承连接的八个连接孔(3)；八个连接孔(3)均匀分布于连接头(1)上。通过采用上述技术方案，本实用新型具有连接方便，拆卸维修方便的特点。
2. 206104672 一种手工快速热煨把手的工装
CN
19.04.2017
B21D 37/10 Loading...
B21D 37/10
Loading...
202016000956186
天津思为机器设备有限公司
李松
B21D 37/10
Loading...
本实用新型公开了一种手工快速热煨把手的工装，涉及冶金设备薄板门或者保护罩的加工设备技术领域，其特征在于：至少包括：与工作台固定连接的定位柱(3)；套接于所述定位柱(3)上的煨弯主把手(1)；所述煨弯主把手(1)包括空心管(1‑1)、把手管(1‑2)、以及推手件(1‑3)；其中：所述空心管(1‑1)套接于上述定位柱(3)上，所述把手管(1‑2)的一端通过定位销轴(2)与空心管(1‑1)固定连接；上述推手件(1‑3)的一端与空心管(1‑1)固定连接；上述推手件(1‑3)的另一端位于工作台的上表面。通过采用上述技术方案，本实用新型具有工作效率高，加工角度精度高的特点。
3. 206048169 一种钳工划线用高度尺的辅助工装
CN
29.03.2017
B25H 7/04 Loading...
B25H 7/04
Loading...
201620956450.2
天津思为机器设备有限公司
杨玲
B25H 7/04
Loading...
本实用新型公开了一种钳工划线用高度尺的辅助工装，至少包括：用于与高度尺的量爪进行连接的连接块；用于与所述连接块进行连接的划线臂；其中：所述连接块为一条形金属块；在所述连接块的一端开设有与量爪连接的第一连接孔；在所述连接块的另一端开设有与划线臂连接的第二连接孔；第一连接孔与第二连接孔的轴线平行；在所述连接块上开设有用于对第一连接孔内的量爪进行紧固的第一顶丝孔；在所述连接块上开设有用于对第二连接孔内的划线臂进行紧固的第二顶丝孔；在第一顶丝孔内设置有第一顶丝；在所述第二顶丝孔内设置有第二顶丝。本专利可以满足较深凹槽的划线需求；当不使用时，可以直接从高度尺的量爪上拆卸，从而不影响高度尺的正常使用。
4. 206047126 数控铣床外圆镗刀
CN
29.03.2017
B23B 27/00 Loading...
B23B 27/00
Loading...
201620956614.1
天津思为机器设备有限公司
赵欣然
B23B 27/00
Loading...
本实用新型公开了一种数控铣床外圆镗刀，涉及数控铣床配件设备技术领域，其特征在于：至少包括：由镗刀头和镗刀杆组成的镗刀；用于安装上述镗刀的刀座；其中：上述刀座呈长条形结构；上述镗刀杆的一端与镗刀头连接；上述镗刀杆的另一端与刀座上表面的一端连接；在上述刀座上表面的另一端安装有配重块；在上述刀座下表面的中心位置安装有刀柄，在所述刀柄上安装有拉钉；所述刀柄呈圆锥体结构；所述圆锥体的底面与刀座的下表面固定连接。通过采用上述技术方案，本实用新型的主要目的是在加工过程中，刀具旋转时通过配重块平衡刀柄，以保证加工工件表面粗糙度。长条形的孔是用来微调加工时与工件障碍距离。
5. 206048168 一种基于转向划针的地规
CN
29.03.2017
B25H 7/04 Loading...
B25H 7/04
Loading...
201620955140.9
天津思为机器设备有限公司
杨玲
B25H 7/04
Loading...
本实用新型公开了一种基于转向划针的地规，至少包括：金属材质的主轴杆；主轴杆的一端固定有中心顶针，主轴杆上还固定有固定划针；在中心顶针和固定划针之间设置有转向划针；所述转向划针包括套接于主轴杆上的安装套管；在所述安装套管上开始有安装顶丝用的顶丝孔；安装套管的外表面焊接有螺栓；螺栓的螺杆上设置有划针；划针包括轴杆，在该轴杆的一端设置有带有内螺纹的连接环；所述连接环与所述螺杆通过螺纹连接。通过采用上述技术方案，转向划针能够以螺栓为轴实现180°的自由旋转，还可以以连接环为轴实现360°的自由旋转，进而实现立体空间的画图需求；同时，由于转向划针、中心顶针均可以进行旋转调整，因此能够有效避开干涉物。
6. 206047472 一种焊接用旋转工作台
CN
29.03.2017
B23K 37/047 Loading...
B23K 37/047
Loading...
201620956124.1
天津思为机器设备有限公司
杨玲
B23K 37/047
Loading...
本实用新型公开了一种焊接用旋转工作台，至少包括：矩形结构的底座平台(1)；带动所述底座平台(1)旋转的纵向旋转轴承(4)；带动焊接件旋转的横向旋转轴(3)；其中：所述纵向旋转轴承(4)安装于底座平台(1)的中心位置；在所述底座平台(1)上设置有安装横向旋转轴(3)的固定支架，所述固定支架包括与底座平台(1)上表面固定连接的两块支架板，两块支架板之间彼此平行；所述横向旋转轴(3)的两端搭接于两块支架板上；在所述横向旋转轴(3)上固定有工装卡板(2)。通过采用上述技术方案，本实用新型针对大批量的小型工件的焊接，减少了焊工的工作的强度，且大大节省了焊接时间，提高了工作效率，从而大大降低了生产成本。
7. 206051415 一种钳工调平用的千斤顶
CN
29.03.2017
B66F 3/08 Loading...
B66F 3/08
Loading...
201620956370.7
天津思为机器设备有限公司
杨玲
B66F 3/08
Loading...
本实用新型公开了一种钳工调平用的千斤顶，涉及钳工划线辅助设备技术领域，所述千斤顶包括空心结构的圆台型底座，在所述底座内安装有螺套，在所述底座的上方安装有与螺套配合的螺旋杆，在所述螺旋杆上设置有绞杠；其特征在于：所述螺旋杆的工作面为圆弧面，在该圆弧面上开设有嵌入钢珠的凹槽，在所述凹槽内嵌有钢珠；所述钢珠的直径大于凹槽的深度。通过采用上述技术方案，该钳工调平用的千斤顶通过对螺旋杆的工作面进行改进，有效避免了给工件调平时产生的千斤顶位置滑脱的现象；并且圆弧形的顶端使得其耐磨性强，使用寿命延长；有效保证了工作的准确性，提高了工作效率。
8. 106426066 一种钳工划线用高度尺的辅助工装
CN
22.02.2017
B25H 7/04 Loading...
B25H 7/04
Loading...
201610737203.8
天津思为机器设备有限公司
杨玲
B25H 7/04
Loading...
本发明公开了一种钳工划线用高度尺的辅助工装，至少包括：用于与高度尺的量爪进行连接的连接块；用于与所述连接块进行连接的划线臂；其中：所述连接块为一条形金属块；在所述连接块的一端开设有与量爪连接的第一连接孔；在所述连接块的另一端开设有与划线臂连接的第二连接孔；第一连接孔与第二连接孔的轴线平行；在所述连接块上开设有用于对第一连接孔内的量爪进行紧固的第一顶丝孔；在所述连接块上开设有用于对第二连接孔内的划线臂进行紧固的第二顶丝孔；在第一顶丝孔内设置有第一顶丝；在所述第二顶丝孔内设置有第二顶丝。本发明可以满足较深凹槽的划线需求；当不使用时，可以直接从高度尺的量爪上拆卸，从而不影响高度尺的正常使用。
9. 106424778 数控铣床外圆镗刀
CN
22.02.2017
B23B 27/00 Loading...
B23B 27/00
Loading...
201610736980.0
天津思为机器设备有限公司
赵欣然
B23B 27/00
Loading...
本发明公开了一种数控铣床外圆镗刀，涉及数控铣床配件设备技术领域，其特征在于：至少包括：由镗刀头和镗刀杆组成的镗刀；用于安装上述镗刀的刀座；其中：上述刀座呈长条形结构；上述镗刀杆的一端与镗刀头连接；上述镗刀杆的另一端与刀座上表面的一端连接；在上述刀座上表面的另一端安装有配重块；在上述刀座下表面的中心位置安装有刀柄，在所述刀柄上安装有拉钉；所述刀柄呈圆锥体结构；所述圆锥体的底面与刀座的下表面固定连接。通过采用上述技术方案，本发明的主要目的是在加工过程中，刀具旋转时通过配重块平衡刀柄，以保证加工工件表面粗糙度。长条形的孔是用来微调加工时与工件障碍距离。
10. 106424349 一种手工快速热煨把手的工装
CN
22.02.2017
B21D 37/10 Loading...
B21D 37/10
Loading...
201610737302.6
天津思为机器设备有限公司
李松
B21D 37/10
Loading...
本发明公开了一种手工快速热煨把手的工装，涉及冶金设备薄板门或者保护罩的加工设备技术领域，其特征在于：至少包括：与工作台固定连接的定位柱(3)；套接于所述定位柱(3)上的煨弯主把手(1)；所述煨弯主把手(1)包括空心管(1‑1)、把手管(1‑2)、以及推手件(1‑3)；其中：所述空心管(1‑1)套接于上述定位柱(3)上，所述把手管(1‑2)的一端通过定位销轴(2)与空心管(1‑1)固定连接；上述推手件(1‑3)的一端与空心管(1‑1)固定连接；上述推手件(1‑3)的另一端位于工作台的上表面。通过采用上述技术方案，本发明具有工作效率高，加工角度精度高的特点。
11. 205147836 风电主机架加工工装
CN
13.04.2016
B23Q 3/00 Loading...
B23Q 3/00
Loading...
201520643097.8
天津思为机器设备有限公司
赵喜鑫
B23Q 3/00
Loading...
本专利涉及一种风电主机架加工工装，包括底板，底板上均匀分布有3个定位支座，且3个定位支座均分布在一个等边三角形的三条边的中心处，且3个定位支座的顶部均为下凹的弧形，下凹的弧形的弧度相同，在底板上还均匀设置有3个浮动支座，浮动支座的顶部安装有侧向支座，每个侧向支座的顶端分别滑动安装有夹爪，每个夹爪均被设置在侧向支座上的丝杠丝母机构驱动，且夹爪的滑动方向均朝向上述等边三角形的中心。优点是：本专利可以提供稳定的定位基准，解决风电主机架的装卡问题。
12. 205147852 一种用于齿轮固定打孔工装
CN
13.04.2016
B23Q 3/06 Loading...
B23Q 3/06
Loading...
201520672727.4
天津思为机器设备有限公司
李全增
B23Q 3/06
Loading...
本实用新型涉及一种用于齿轮固定打孔工装，包括定心环，所述定心环采用分瓣式结构，分别为第一定心半环和第二定心半环，第一定心半环的一端设有铰接凸耳，所述凸耳沿平行于轴线方向设有销轴孔，所述第二定心半环的一端设有插装槽，所述插装槽上下两端设有同心孔，上述铰接凸耳插装在插装槽内，并且在销轴孔和中心孔内插装销轴，所述第一定心半环和第二定心半环的另一端设有连接座，所述连接座上安装有紧固螺栓组件，上述的第一定心半环和第二定心半环的内表面设有与被加工半齿啮合的定位齿。
13. 205020664 一种用于钢管简易扩口专用工具
CN
10.02.2016
B21D 41/02 Loading...
B21D 41/02
Loading...
201520672410.0
天津思为机器设备有限公司
张继良
B21D 41/02
Loading...
本实用新型涉及一种用于钢管简易扩口专用工具，其特征在于：包括工字型安装架，安装架的上支撑板和下支撑板上分别设有安装孔，在上支撑板的上表面安装有扩口组件，扩口组件包括下底座和上压座，下底座的上表面和上压座的下表面对应设有半圆形槽，在半圆形槽一端设有锥形面，合并后形成一个通孔和一个锥形扩口，下底座和上压座内穿装连接螺栓，连接螺栓连接下底座的螺孔，上支撑板通过固定螺栓连接下底座，还包括冲头。采用上述技术方案，可以根据实际需要安装，把需要扩口的钢管按直径的大小选取相应通孔内，端口去毛刺然后根据扩口角度选取相应的冲头，对准钢管端口用手锤敲击，扩口完成。本实用新型具有结构简单拆卸方便，降低焊接接头的费用。
14. 205020639 挖掘机上X形状弯板式转盘成型用压弯工装
CN
10.02.2016
B21D 37/10 Loading...
B21D 37/10
Loading...
201520633675.X
天津思为机器设备有限公司
郑义明
B21D 37/10
Loading...
挖掘机上X形状弯板式转盘成型用压弯工装，包括上模块和下模块；在上模块的下端面上和下模块的上端面上分别设有凸模面和凹模面，凹模面的两端形成等高的两支撑高点；在下模块的一个侧面上安装有对称设置的定位支块A和定位支块B，在两定位支块上分别设有定位平面A和定位平面B，在定位平面A上设有与其垂直的定位角面A，在定位平面B上设有与其垂直的定位角面B，两定位角面的形状分别与工件的两个待压弯连接臂的内边角的轮廓面形状一致，在待加工工件置于下模块上的找正位置时，工件的两个待压弯连接臂的内边角分别靠齐在两定位角面上；凹模面的表面粗糙度高于凸模面的表面粗糙度1-2等级。本压弯工装实现了工件快速定位找正、降低了生产成本和提高了加工效率。
15. 205020881 风机轮毂主轴孔加工钻模
CN
10.02.2016
B23B 47/28 Loading...
B23B 47/28
Loading...
201520642220.4
天津思为机器设备有限公司
赵喜鑫
B23B 47/28
Loading...
本专利涉及一种风机轮毂主轴孔加工钻模，包括钻模板主体，钻模板主体为圆环形板状，钻模板主体的内侧设有支撑横杆，钻模板主体的端面上均匀的分布有多个通孔，每个通孔内均嵌入钻套，每个钻套包括一法兰部和一套筒部，法兰部的内边缘设有锥面的倒角，法兰部的端面上设有多个装卸螺纹孔，且在套筒部上设置半螺纹孔甲，半螺纹孔甲与设置在钻模板主体的通孔的侧壁上的半螺纹孔乙共同构成定位螺纹孔。优点是：使用该加工钻模可以方便快捷的对风机轮毂加工主轴孔端面上的通孔。
16. 205020836 加工轮毂立车用刀夹
CN
10.02.2016
B23B 29/10 Loading...
B23B 29/10
Loading...
201520620914.8
天津思为机器设备有限公司
张维刚
B23B 29/10
Loading...
本专利涉及一种加工轮毂立车用刀夹，包括刀柄，所述刀柄为莫氏锥度6#，刀柄的底部安装有刀架主体，刀架主体的下表面沿刀柄的径向设有槽，槽内装有夹紧衬板，夹紧衬板上沿刀柄的径向设有至少3个第一通孔，刀架槽的底部也设有多个贯穿刀架主体的第二通孔，螺栓穿过第一通孔和第二通孔并旋入刀柄主体底面上的2个螺纹孔中，刀架主体的一段面上还安装有刀夹，刀夹的上表面设有正面车刀安装槽，正面车刀安装槽的一侧壁上设有正面车刀夹紧螺纹孔。优点是：本专利可以适应不同的切削深度，扩大立车的加工范围。
17. 205020879 风机轮毂四孔钻模
CN
10.02.2016
B23B 47/28 Loading...
B23B 47/28
Loading...
201520620913.3
天津思为机器设备有限公司
赵喜鑫
B23B 47/28
Loading...
本专利涉及一种风机轮毂四孔钻模，包括钻模主体，其特征在于：所述钻模主体上设有钻杆定位孔，钻模主体的前端还设有与钻模主体垂直的定位安装板，定位安装板的两端通过螺栓分别安装有主定位板，主定位板包括定位底板和定位凸台，定位凸台的边缘处设有锥形导入面，主定位板上还通过螺栓以可拆卸的方式安装有背部夹板，背部夹板的面积大于定位凸台的面积。使用该钻模进行加工，可以保证螺纹孔的孔距精度。
18. 205020573 两折弯履带梁护板一次成型用压弯工装
CN
10.02.2016
B21D 5/06 Loading...
B21D 5/06
Loading...
201520637071.2
天津思为机器设备有限公司
郑义明
B21D 5/06
Loading...
两折弯履带梁护板一次成型用压弯工装，包括安装在工作台上的下模块和连接压力机的上模块，在下模块的两上端角位置处分别设有凸弧面A和凸弧面B，在下模块的上端部位于两凸弧面之间的位置安装有U型压板，U型压板的上底内表面与下模块的上端面之间设有间距；在上模块的下端面上靠近两侧边的位置分别设有与凸弧面A相对应的凹弧面A和与凸弧面B相对应的凹弧面B；在两凹弧面之间设有让位槽，让位槽的宽度大于等于U型压板的宽度，让位槽的深度大于等于U型压板从下模块上端面伸出的高度减去履带梁护板的厚度值；两凹弧面的表面粗糙度高于两凸弧面的表面粗糙度1-2等级。本压弯工装减少了工装数量，提高了加工效率、工件定位精度和成型尺寸精度。
19. 205020907 一种可更换钻头的成品孔倒角器
CN
10.02.2016
B23B 51/10 Loading...
B23B 51/10
Loading...
201520673103.4
天津思为机器设备有限公司
何广懿
B23B 51/10
Loading...
本实用新型涉及一种可更换钻头的成品孔倒角器，包括杆状部件，杆状部件的上端部穿装有手柄，杆状部件的下端面中心位置设有方孔，杆状部的下端安装有倒角钻头，倒角钻头包括钻杆部、锥形切屑部以及连接部，其中所述的连接部的截面形状为方形结构，在方孔的内侧壁设有定位孔，在定位孔内嵌装定位珠，定位珠安装在与定位孔同心的安装孔内，在安装孔内还安装有压紧弹簧，在压紧弹簧的外端螺装有压紧帽，对应上述定位珠位置所述；倒角钻头的连接部上设有定位凹槽。采用上述技术方案，提高了加工效率，降低加工设备的占用率，降低操作人员的劳动强度，另外，本实用新型还可以采用在机加工中废弃的钻头进行改造，从而降低了加工成本。
20. 205020572 一种U型弯板式加强筋成型用压弯工装
CN
10.02.2016
B21D 5/02 Loading...
B21D 5/02
Loading...
201520633674.5
天津思为机器设备有限公司
郑义明
B21D 5/02
Loading...
一种U型弯板式加强筋成型用压弯工装，包括上模块和下模块，在上模块的下端面上设有凸模面，在下模块的上端面上设有凹模面，凹模面的两端形成等高的两支撑高点，在下模块的后侧面上固定有后限位块，在下模块的前侧面上安装有连接块，在连接块的前端面安装有定位托块，在定位托块上设有与两支撑高点位于同一平面上的左侧定位平面和右侧定位平面，在右侧定位平面上设有垂直的定位立面；在待加工工件置于下模块上的找正位置时，工件的横向连接边靠齐在后限位块上，且工件的右侧边靠齐在定位托块的定位立面上；凹模面的表面粗糙度高于凸模面的表面粗糙度1-2等级。本压弯工装简化了加工工序、提高了定位精度和加工精度、提高了加工效率和加工安全性。
21. 205020895 一种用于箱体深孔反划线倒角工具
CN
10.02.2016
B23B 51/00 Loading...
B23B 51/00
Loading...
201520672732.5
天津思为机器设备有限公司
何广懿
B23B 51/00
Loading...
本实用新型涉及一种用于箱体深孔反划线倒角工具，其特征在于：包括杆状部件，所述杆状部件的上端部沿径向方向设有通孔，所述通孔内可拆卸式穿装有手柄，所述杆状部件的下端面中心位置设有锥形孔，所述杆状部件的下端安装有锥形钻头，所述锥形钻头的锥形面上设有切削刃，所述锥形钻头的锥顶插装在杆状部件下端面的锥形孔内，在锥形钻头的锥顶与锥形孔的结合部进行满焊连接。采用上述技术，既可以加工大型箱体或者框架上的通孔，从而提高了加工效率，降低加工设备的占用率，降低操作人员的劳动强度，另外，本实用新型还可以采用在机加工中废弃的钻头进行改造，从而降低了加工成本。
22. 205020892 内冷钻定位工装
CN
10.02.2016
B23B 49/00 Loading...
B23B 49/00
Loading...
201520716555.6
天津思为机器设备有限公司
张维刚
B23B 49/00
Loading...
本专利涉及一种内冷钻定位工装，包括工装主体，工装主体安装在机床滑枕上，工装主体为中部具有圆形通孔的矩形板，在工装主体上安装有定位板，定位板垂直于工装主体，且与内冷钻主轴平行，定位板上穿装有定位杆，定位杆插入到刀柄套内，刀柄套上还连接有刀具连接管，刀具连接管通过快换水管接头与水箱连接管连通。优点是：本专利能够利用外冷却的设备实现钻头的内冷。
23. 205020915 背面止口专用加工刀具
CN
10.02.2016
B23C 5/08 Loading...
B23C 5/08
Loading...
201520620753.2
天津思为机器设备有限公司
赵喜鑫
B23C 5/08
Loading...
本专利涉及一种背面止口专用加工刀具，包括刀盘体，刀盘体中部设有凸台，凸台的端面上设有传动槽，刀盘的中心处设有通孔，刀盘体、边缘上均匀的设有多个矩形缺口，各个矩形缺口内交替的安装有正向刀块体或反向刀块体，正、反向刀块体通过沿刀盘体径向方向设置的定位键滑动安装在矩形缺口上，正、反向刀块体的根部均为甲楔形部，甲楔形部的靠近矩形缺口内侧的一端大于靠近矩形缺口外侧的一端，每个矩形缺口内还设有楔形夹紧块，楔形夹紧块呈外大内小的形式安装，楔形夹紧块的斜面和甲楔形部的斜面相配合，楔形夹紧块被螺栓紧固在矩形缺口内，螺栓与矩形缺口内侧端面的螺纹孔螺纹连接。优点是：本专利提高铣削的加工效率。
24. 205021208 风机轮毂加工用工装
CN
10.02.2016
B23Q 3/00 Loading...
B23Q 3/00
Loading...
201520620912.9
天津思为机器设备有限公司
赵喜鑫
B23Q 3/00
Loading...
本专利涉及一种风机轮毂加工用工装，包括底板，其特征在于：所述底板为等边三角形，底板的三个角上各设有形状尺寸均相同的角形凹陷部，角形凹陷部均指向等边三角形的中心，底板的中心处设有通孔，通孔的一端设有凸台甲，凸台甲的外侧通过螺栓连接安装有多个不同尺寸的定位盘，最内侧的定位盘的内边缘与凸台甲的外边缘等大，两个相邻的定位盘中外侧的定位盘的内边缘与内侧的定位盘的外边缘等大；最外圈的定位盘外侧还设有凸台乙，凸台乙的内边缘与最外侧定位盘的外边缘等大。优点是：本专利使用灵活方便，可以适应多种尺寸的工件的快速装卡的需要。
25. 204160446 垫锤
CN
18.02.2015
B25D 1/00 Loading...
B25D 1/00
Loading...
201420487191.4
天津思为机器设备有限公司
李勇翔
B25D 1/00
Loading...
本实用新型涉及一种垫锤，包括锤柄和与其固接的锤头，特征在于：所述锤头包括圆柱形锤头主体，在锤头主体两端部分别设有其直径大于锤头主体直径的受力部，所述受力部的周边为圆弧边，所述锤头主体周向外部设有夹持套，所述锤柄中心与锤头主体之间设有60°夹角，所述锤柄的长度为锤头主体长度的10-12倍。优点是：可有效避免了锤头对钢板作用后产生的锤击坑，保护了钢板的表面，减少修复费用，降低了制造成本，同时还可保证足够的冲击力效果。
26. 204160215 长轴类零件径向孔钻孔用工装
CN
18.02.2015
B23Q 3/06 Loading...
B23Q 3/06
Loading...
201420603111.7
天津思为机器设备有限公司
陈亚飞
B23Q 3/06
Loading...
本实用新型涉及一种长轴类零件径向孔钻孔用工装，特征在于：包括底座，所述底座上固装有两个V型铁，在底座上两个V型铁之间制有相互对称的条形孔，并通过两条形孔装有至少两组调节螺杆和与调节螺杆连接的且用于固定轴类零件的压板，所述V型铁的V形槽面上设有调整垫片。优点是：采用本工装可实现同径长轴类零件和阶梯长轴类零件的钻孔攻丝加工，操作简便易行，不仅可大幅度提高长轴类零件钻孔攻丝精度和加工效率，而且消耗材料少，降低加工制造成本。
27. 204159694 一种具有自动卸料功能的裙板折弯工装
CN
18.02.2015
B21D 5/06 Loading...
B21D 5/06
Loading...
201420519843.8
天津思为机器设备有限公司
尤青云
B21D 5/06
Loading...
本实用新型涉及一种具有自动卸料功能的裙板折弯工装，包括连接压力机的上模，安装在工作台的下模，所述的下模上设有U形模腔，其特征在于：所述U形模腔的底部至少设有两个销孔，所述销孔的下端连通下模底部开设的安装槽，所述安装槽内安装弹性垫，所述弹性垫的上表面连接柱销，所述柱销插装在销孔内，且柱销的上端部露出U形模腔底部3～5mm。本实用新型利用弹性垫的回弹，将冲压好的U形裙板自动弹起，从而减少人工用锤子敲打取件的时间，更重要的是减少机加工工序，降低成本费用。另外本实用新型还解决生产中部件成型的尺寸精度，且效率高，安全可靠等优点。
28. 204160197 一种适用于圆盘类和直板类工件钻孔用工装夹具
CN
18.02.2015
B23Q 3/00 Loading...
B23Q 3/00
Loading...
201420545911.8
天津思为机器设备有限公司
邵会迎
B23Q 3/00
Loading...
一种适用于圆盘类和直板类工件钻孔用工装夹具，其特点是：包括夹具主体，夹具主体为具有三个卡爪的三爪卡盘结构；包括三个相同的夹持杆，每个夹持杆的外周面由一圆弧面和一平面连接构成，三个夹持杆分别可拆卸式垂直安装在三个卡爪的上端。采用本工装夹具，通过将三个夹持杆的外周上的平面调整到内侧相平行的位置，三个夹持杆之间形成两个相平行的夹持面，可用来夹持直板类工件；通过将三个夹持杆的外周上的平面调整到外侧相平行的位置，三个夹持杆之间形成位于同一圆周上的三个夹持点，这样可用来夹持圆盘类的工件；由于夹具的主体采用三爪卡盘结构，具有装夹快速方便的优点，另外，一次可装夹多个工件，满足了工件大批量生产的需要。
29. 204160383 一种圆螺母拆装专用扳手
CN
18.02.2015
B25B 13/50 Loading...
B25B 13/50
Loading...
201420546399.9
天津思为机器设备有限公司
张继良
B25B 13/50
Loading...
一种圆螺母拆装专用扳手，其特点是：包括手柄和夹持组件；所述夹持组件包括板座和两个卡爪，板座上设有两个安装孔，至少一个安装孔为长圆孔，两个卡爪分别通过两安装孔可拆卸式垂直固装在板座的同一端面外，两个卡爪位于板座端面外的部分的截面为方形，其与圆螺母上的方形开口相匹配；手柄的一端与板座的侧面固接。本专用扳手结构，使与圆螺母直接作用的夹持部分及手握施力部分在空间上形成一定的距离，这样，在拆装圆螺母时，沿着轴承座轴向可将卡爪的前端深入到轴承座内，而手柄部分位于轴承座外，这样通过驱动手柄部分，就可方便的实现圆螺母的拧紧和放松，具有操作简单、方便的优点。
30. 204160920 钢印靠板
CN
18.02.2015
B41K 3/62 Loading...
B41K 3/62
Loading...
201420489200.3
天津思为机器设备有限公司
李勇翔
B41K 3/62
Loading...
本实用新型涉及一种钢印靠板，特征在于：包括一截面为凹形的磁性吸座、一与磁性吸座动配合插装的靠板A、与靠板A动配合装配的靠板B和夹持在靠板A和靠板B之间的钢字印头，靠板A是由截面为矩形的导向条和与导向条固接成一体的导向块构成，所述靠板B上制有与靠板A导向条相配合的凹槽，所述导向条侧向上延伸出导向块。优点是：通过凹形磁性吸座与靠板A和靠板B的插装配合，将钢字印头夹持在靠板A和靠板B之间，与工件需打字部位贴合，并通过磁吸力的作用确保钢字印头在打字时能处在垂直位置，进而可满足打字过程的打字深度和字间距均匀整齐的需求。此外，采用本钢印靠板还可大幅度提高钢印打字加工效率和操作安全性。
31. 204160205 一种大型铣、镗刀具装卡用工装
CN
18.02.2015
B23Q 3/02 Loading...
B23Q 3/02
Loading...
201420488678.4
天津思为机器设备有限公司
郭虎成
B23Q 3/02
Loading...
一种大型铣、镗刀具装卡用工装，其特点是：包括由上至下依次设置的上部托板、中部托板和底部托板；所述底部托板的上端与中部托板的下端转动连接，所述中部托板的上端与上部托板的下端之间安装有弹性支撑件。采用上述的工装，将底部托板固定在机床工作台上，将刀具以刀柄朝上的方向放置在上部托板中部位置，然后启动机床，移动工作台，使刀具的刀柄对正机床的刀头，使刀头下移至合适位置，通过转动中部托板，带动上部托板及刀具转动，使刀具刀柄上的定位豁口与刀头上的定位凸起部对正，并在弹性支撑部件的作用下，使定位凸起部插入到定位豁口内，实现了刀具的安装。采用该工装，只需一名操作人员，就可完成刀具的安装，节省了安装时间和人力。
32. 204160471 用于加工平面工件的划线工具
CN
18.02.2015
B25H 7/04 Loading...
B25H 7/04
Loading...
201420489251.6
天津思为机器设备有限公司
郭虎成
B25H 7/04
Loading...
本实用新型涉及一种用于加工平面工件的划线工具，特征在于：包括顶杆支座，在所述顶杆支座内腔装有顶杆和与其连接的弹簧，所述顶杆上端部连接有划线顶尖，所述顶杆支座壁上制有径向限位槽，所述顶杆支座的径向限位槽上装有用于顶尖运动导向的导向机构。优点是：将本划线工具装夹在机床主轴的卡头上，按照所需划线轨迹设定数控机床程序，然后按照设定的数控机床程序通过本划线工具在工件的各个面上进行划线。与现有技术相比，本划线工具可解决了因人工划线技术水平的不同造成影响了划线精度的问题，并可大幅度提高了工件质量和加工效率。
33. 204159931 U型板打孔工装
CN
18.02.2015
B23B 47/28 Loading...
B23B 47/28
Loading...
201420517874.X
天津思为机器设备有限公司
张斌
B23B 47/28
Loading...
本实用新型涉及一种U型板打孔工装，其特征在于：主要包括U形主体压板，所述U形主体压板的底部设有钻模孔，所述U形主体压板的下表面为第一基准面，与U形裙板的上表面贴合；所述U形主体压板的U形折弯部分别向外设有延伸部，其中一个延伸部的下表面设有第二定位基准面，另一个延伸部的下表面设有支架，所述支架上穿装有调整螺杆。采用该工装，操作简单，省去工件划线工序，节省时间和人力，同时能保证每件裙板的圆孔尺寸和位置，裙板在装配时也能顺利安装在皮带上。
34. 204160472 仿形划线定位卡具
CN
18.02.2015
B25H 7/04 Loading...
B25H 7/04
Loading...
201420519842.3
天津思为机器设备有限公司
杨玲
B25H 7/04
Loading...
本实用新型涉及一种仿形划线定位卡具，包括操纵杆、划线笔，其特征在于：所述操纵杆上方设有滑槽，操纵杆上套装有滑块，滑块上设有定位锁紧螺钉，滑块的下端连接有C形定位基块，C形定位基块的两端为位于同一平面的定位基准面，定位基准面的前方滑块的下方设有仿形轮，仿形轮安装在仿形轮架上，仿形轮架套装在螺杆上，螺杆穿装在滑块上，并且其上配装锁紧螺母；螺杆上套装有压缩弹簧；操纵杆的前端穿装划线笔，操纵杆的端部设有紧固螺钉。在实际使用时，只需将本实用新型的基准面紧贴被划线工件的侧面，沿着工件滑动此工装即可快速实现划线，在滑动过程中仿形轮在压缩弹簧的作用下始终会紧贴工件表面，从而保证划线的精度，另外本工装对已经加工好的表面不会造成划伤，保证产品的质量。
35. 203621501 一种加工牌坊上内孔的专用工具
CN
04.06.2014
B23B 5/00 Loading...
B23B 5/00
Loading...
201320576845.6
天津思为机器设备有限公司
马富臣
B23B 5/00
Loading...
本实用新型涉及一种加工牌坊上内孔的专用工具，其特征在于：包括镗刀刀座和刀柄，所述刀柄的前端通过紧固件安装有刀片，所述镗刀刀座的前端设有凸台，所述刀柄的侧面设有三个插装槽，所述插装槽与镗刀刀座上的凸台配合，所述镗刀刀座上设有安装孔，所述刀柄上设有安装长孔，上述镗刀刀座的安装孔与刀柄上的安装长孔之间穿装有连接螺栓。通过对现有的车刀进行改进，进而满足对工件牌坊的直径650深690孔及孔上R30圆弧的加工，从而省去定制专用刀具的时间，提高了生产效率，而且降低了生产成本，另外本实用新型还具有制造简单，易于安装和拆卸，而且加工精度满足设计要求等优点。
36. 203518877 一种轴类零件用检测装置
CN
02.04.2014
G01B 5/00 Loading...
G01B 5/00
Loading...
201320516424.4
天津思为机器设备有限公司
王伟
G01B 5/00
Loading...
本实用新型涉及一种轴类零件用检测装置，其特征在于：该检测装置包括底座和检测尺头，所述底座的一端固定连接有支撑杆，所述支撑杆的上端部检测卡头，所述检测卡头的前端垂直底座方向设有插装槽，所述插装槽内插装有检测尺头，所述插装槽的侧壁设有螺纹通孔，所述螺纹通孔内配装有锁紧螺母。由于采用上述技术方案，本实用新型具结构简单、使用方便，减轻了检验人员的劳动强度，提高了工作效率，为检测轴类零件节省了大量时间，解决了用普通量具检测大批量轴类零件时遇到的问题。
37. 203509167 刨边机铣头的结构改进
CN
02.04.2014
B23C 7/04 Loading...
B23C 7/04
Loading...
201320576842.2
天津思为机器设备有限公司
赵震
B23C 7/04
Loading...
本实用新型涉及一种刨边机铣头的结构改进，其特征在于：包括连接盘和连接器，所述连接盘和连接器为一体结构，所述连接盘上设有与刨边机主轴连接的台阶式定位孔和安装孔，所述台阶式定位孔设有一定的锥度，所述连接器上设与刀盘连接的连接孔，所述连接器上设有凹槽，所述凹槽内通过紧固件安装有定位键块。本实用新型采用上述技术方案对刨边机铣头进行设计改造，从而省去购买或者设计专用刀具，采用现有的刀具即可完成工件的加工，因此本实用新型降低了生产成本，提高了工作效率，另外，本实用新型还具有设计合理，制造简单，易于安装和调整等优点。
38. 203509250 一种多功能外圆螺纹加工工装
CN
02.04.2014
B23G 5/04 Loading...
B23G 5/04
Loading...
201320575022.1
天津思为机器设备有限公司
赵丹
B23G 5/04
Loading...
本实用新型涉及一种多功能外圆螺纹加工工装，其特征在于：包括板牙、板牙套以及尾柄，其中所述尾柄的另一端设有中孔式安装套，安装套与尾柄之间设有挡圈，所述安装套上设有螺纹孔，所述板牙套套装在安装套上，所述板牙套上设有长形孔，所述长形孔内插装有锁紧螺钉，所述锁紧螺钉安装在上述的螺纹孔内，所述板牙通过紧固螺钉安装在板牙套内。采用上述技术方案，可以将现有的车床加工改造为摇臂钻加工，这样就可以将尾柄直接连接在钻床上进行对工件的加工，从而可以节约车床的占用时间，提高企业设备利用率，进而节约了成本，提高了生产效率，降低了劳动强度，另外，本实用新型还具有结构简单，易于制作，可以根据实际需要进行调整等优点。
39. 203509248 一种套丝机
CN
02.04.2014
B23G 1/46 Loading...
B23G 1/46
Loading...
201320576844.1
天津思为机器设备有限公司
张继良
B23G 1/46
Loading...
本实用新型涉及一种套丝机，包括机架、工作台以及板牙，其特征在于：所述的机架上安装有旋转电机，旋转电机的输出端连接有卡盘，对应卡盘位置机架上安装有板牙支撑机构，板牙支撑机构包括与机架连接的支撑柱，所述支撑住上安装导向杆，导向杆上滑动安装有滑架，滑架的一侧安装有板牙座安装架，板牙座安装架的上端安装有板牙座定位板，板牙座定位板上安装有板牙座，板牙座上设有中心孔，中心孔内安装有板牙。采用上述结构，可以根据实际需要进行更换事先做好的板牙座，无需购买整个套丝机，从而节约了成本，而且随时使用都比较方便，省去了外加工，提高了工作效率，更换快捷方便，此外本实用新型还具有结构简单，设计合理，易于生产制造，体积小等优点。
40. 203509908 一种加工盖板进人筒内壁的加工工具
CN
02.04.2014
B24B 41/04 Loading...
B24B 41/04
Loading...
201320576843.7
天津思为机器设备有限公司
赵喜鑫
B24B 41/04
Loading...
本实用新型涉及一种加工盖板进人筒内壁的加工工具，其特征在于：包括连接盘，所述连接盘上设有与铣头连接的连接孔，所述连接盘的外端面上焊接有过渡连接架，所述过渡连接架包括竖直连接板和水平连接板，所述水平连接板上设有安装孔，所述水平连接板上通过紧固件连接L型电机连接座，所述电机连接座上设有连接长孔，对应连接长孔位置安装有电机，所述电机的输出端安装砂轮。采用上述技术方案，在加工盖板进人筒时，省去了主轴高速旋转，解决了主轴转速达不到高转，主轴在高转情况下主轴油箱热量大的难题，另外本实用新型还具有结构简单，加工使用方便等优点。
41. 203485184 一种仿形划线装置
CN
19.03.2014
B25H 7/04 Loading...
B25H 7/04
Loading...
201320516340.0
天津思为机器设备有限公司
李全增
B25H 7/04
Loading...
本实用新型涉及一种仿形划线装置，其特征在于：包括仿形底座，所述仿形底座为半圆形结构，在半圆形仿形底座的内侧设有仿形止口，所述仿形底座上端部沿径向方向设有穿装孔，所述穿装孔内穿装有导向杆，所述仿形底座上对应穿装孔位置设有锁紧孔，锁紧孔内配装锁紧螺钉，所述导向杆的端部设有划线笔穿装孔，所述的划线笔穿装孔内穿装有划线笔，所述划线笔通过紧固件与导向杆紧固连接。上述技术方案，满足于异形板形状比较复杂，工件数量比较多，以及直径较大的环形工件需要划尺寸加工线，该装置按工件轮廓划线保证其配合精度，本实用新型具有结构简单、使用方便、大大提高了工作效率等优点。
42. 203489272 均匀加热火焰枪
CN
19.03.2014
F23D 14/40 Loading...
F23D 14/40
Loading...
201320414583.3
天津思为机器设备有限公司
张鑫
F23D 14/40
Loading...
本实用新型涉及一种均匀加热火焰枪，包括空心圆管制作的枪头，特征在于：所述枪头一端固接有火焰储存壳体，所述火焰储存壳体与枪头连通，在火焰储存壳体一侧上制有多个火焰喷射孔。优点是：通过火焰储存壳体外侧的呈放射状的火焰喷射孔，可将火焰不均匀的直射改变为散射均匀加热，可使焊接工件的需加热区域加热充分且均匀，不仅可为后续的焊接工作做好准备，保证了工件的焊接质量，而且还可大幅度提高工作效率，节约了成本。
43. 203484988 轴套无心外圆磨工装
CN
19.03.2014
B24B 5/307 Loading...
B24B 5/307
Loading...
201320501144.6
天津思为机器设备有限公司
张伟
B24B 5/307
Loading...
本专利涉及一种轴套无心外圆磨工装，包括芯轴，所述芯轴两端设有中心孔，其特征在于：所述芯轴具有第一轴心定位部和第二轴心定位部，所述芯轴从第一轴心定位至第二轴心定位部之间依次设有定位法兰、定位轴段、过渡轴段和螺纹段，过渡轴段上套装有压盖，螺纹段上螺纹连接有锁紧螺母。优点是：本专利通过将轴套套装在芯轴的定位轴段上，同时轴套一端顶紧在定位法兰，另一端被压盖压紧，实现了轴套利用芯轴轴线的定位，实现了在普通外圆磨上加工轴套类工件的目的。此外，采用芯轴也可以避免了普通三抓卡盘或四爪卡盘夹紧工件的时候因为局部受力造成工件变形，影响加工精度的问题。
44. 203484922 一种引锭杆加工工装
CN
19.03.2014
B23Q 3/00 Loading...
B23Q 3/00
Loading...
201320516298.2
天津思为机器设备有限公司
赵迎
B23Q 3/00
Loading...
本实用新型涉及一种引锭杆加工工装，其特征在于：包括水平支撑结构和C型夹；其中所述的水平支撑结构主要包括底板，所述底板的上表面固定安装有支撑体，所述支撑体采用工字结构，所述支撑体的上表面设有定位销孔，所述定位销孔内配装有定位销，所述C型夹上配装有夹紧螺栓。本实用新型采用上述技术方案，可以将被加工工件整体连接起来，并且通过定位构件精确定位，保证了加工精度，另外本实用新型还具有结构简单、省事省力、加工效率高等优点。
45. 203484825 防止焊接变形的工装
CN
19.03.2014
B23K 37/04 Loading...
B23K 37/04
Loading...
201320516229.1
天津思为机器设备有限公司
张鑫
B23K 37/04
Loading...
本实用新型涉及一种防止焊接变形的工装，包括支撑梁，其特征在于：支撑梁的两端固定连接有工件固定夹持器，工件固定夹持器具有2块平行的平板和连接两块平板的侧板，其中一个平板上设有夹持调节装置。优点是：本专利通过支撑梁及其两端的工件固定夹持器，由于两个夹持点与焊缝焊缝处的距离、支撑梁的长度这三者都不会发生变化，而三角形的边长确定了之后，就可以保证三角形的唯一确定性，所以保证了焊接时候焊缝冷却收缩时，两工件的角度不发生变化。同时夹持调节装置的设置，可以提高本工装对于各种不同厚度的工件的适应性。
46. 203484859 一种筒体焊接用支撑工装
CN
19.03.2014
B23K 37/053 Loading...
B23K 37/053
Loading...
201320547725.3
天津思为机器设备有限公司
高玉妍
B23K 37/053
Loading...
一种筒体焊接用支撑工装，其特点是：包括底部支撑部分和侧部支撑部分；底部支撑部分包括底架，在底架上至少安装有一排呈左、右对称布置的支撑组件，每个支撑组件由滚轮支架和通过轮轴安装在滚轮支架上的支撑滚轮构成，底部支撑部分还包括连接滚轮支架与底架的调整机构；侧部支撑部分包括底座、立柱和支撑杆，立柱的下端与底座固连，支撑杆的一端与立柱可拆卸式垂直固连，在支撑杆上远离与立柱连接的一端套装有多个轴承，支撑杆悬置于左、右两侧支撑组件的正上方。本支撑工装，对筒体形成稳定的三点支撑定位，提高了支撑的稳定性，保证了两个或多个筒体对接的同轴度，方便了操作、节省了操作时间和提高了焊接工作效率；也满足了多种直径的筒体的使用要求。
47. 203484823 冷床横梁焊接工装
CN
19.03.2014
B23K 37/04 Loading...
B23K 37/04
Loading...
201320499271.7
天津思为机器设备有限公司
张伟
B23K 37/04
Loading...
本专利涉及一种冷床横梁焊接工装，包括定位横梁，其特征在于：所述定位横梁的下方连接有横梁下板，横梁下板下方邻接有定位间隔板，定位间隔板上插装有定位销。优点是：本专利通过定位横梁下方的横梁下板保证了齿条板之间的间隔的精度，同时通过定位间隔板和定位销保证了相邻的两块齿条板之间不会出现角度误差，从而最终保证了已经加工到位的齿条板在相对的间隔、相对的角度以及两个相对的面的平行度上的形位公差尽可能降到最小，提高了齿条板的焊接精度。
48. 203485582 一种组合式打标器
CN
19.03.2014
B41K 1/08 Loading...
B41K 1/08
Loading...
201320501173.2
天津思为机器设备有限公司
夏善和
B41K 1/08
Loading...
一种组合式打标器，其特点是：包括由手持柄和安装头构成打标器主体，在安装头的前端面上设有长孔；包括多个钢字头，每个钢字头的下端面上均设有一个字符，多个钢字头按照长孔的长度方向依次插装到长孔内；多个钢字头的下端对齐，且从安装头的前端面伸出；打标器还包括限制钢字头从长孔内滑出的限位结构。使用本打标器在给原材料或零件打标时，将打标器的下端置于需要打标的位置，通过给打标器手持柄的上端施加向下的作用力，可在原材或零件的表面上同时打出多个字符。因此，采用本组合式打标器进行打标，相比于现有的单字符打标方式，提高了工作效率数倍，节省了打标工时和提高了标识的整齐度，另外，通过钢字头的灵活组合，可满足各种标识的打标需要。
49. 203484684 一种加工密封槽的专用镗刀
CN
19.03.2014
B23B 27/00 Loading...
B23B 27/00
Loading...
201320516423.X
天津思为机器设备有限公司
许作臣
B23B 27/00
Loading...
本实用新型涉及一种加工密封槽的专用镗刀，其特征在于：包括刀套，所述刀套的前端固定焊接有固定柱，所述固定柱的外端面上设有安装槽，所述安装槽内插装有镗刀刀杆，所述固定柱上对应安装槽位置设有与安装槽相通的锁紧孔，所述锁紧孔内配装有锁紧螺母。采用上述技术方案，解决了密封槽加工难的问题，提高了加工效率，给车间生产带来很大的帮助，减少了因刀具易损而造成的费用开支，另外本实用新型加工简单、制作容易，而且安装使用比较方便，大大提高了生产效率。
50. 203484921 薄壁套加工工装
CN
19.03.2014
B23Q 3/00 Loading...
B23Q 3/00
Loading...
201320501141.2
天津思为机器设备有限公司
张伟
B23Q 3/00
Loading...
本专利涉及一种薄壁套加工工装，由定位筒和压板构成，其特征在于：所述定位筒为筒形，所述定位筒上设有环状外凸缘，所述压板通过螺栓紧固在环状外凸缘的一侧端面上，所述压板具有压紧轴套的压紧部。优点是：本专利通过压板对薄壁回转类轴套的轴向压紧作用代替了三爪卡盘或四爪卡盘对这类轴套的径向夹紧力，从而将施加作用力的方向转移到了工件抵抗变形的能力最大的方向，从而避免了工件的夹紧所导致的工件变形，提高了工件加工的精度。
51. 203390445 工件焊接角度调整工装
CN
15.01.2014
B23K 37/04 Loading...
B23K 37/04
Loading...
201320414386.1
天津思为机器设备有限公司
张鑫
B23K 37/04
Loading...
本实用新型涉及一种工件焊接角度调整工装，特征在于：包括一矩形主体，所述矩形主体水平方向居中部位制有用于与焊接板材配合的装卡定位贯通槽，在矩形主体垂直方向的一侧上开有一调节槽；还包括至少两个用于矩形主体与焊接板紧固的调节螺栓。优点是：在进行两个工件焊接时，采用本调整工装调整其固定焊接角度，操作快捷、简便，不仅可保证两工件间的垂直焊接角度和产品加工质量；而且还可避免因工件报废造成的经济损失，降低了产品的制造成本。
52. 203391363 一种针对小型工件的压力机锤头装置
CN
15.01.2014
B30B 15/08 Loading...
B30B 15/08
Loading...
201320414387.6
天津思为机器设备有限公司
杨玲
B30B 15/08
Loading...
本实用新型涉及一种针对小型工件的压力机锤头装置，包括连接板和锤头，所述锤头固定安装于连接板的中部，所述连接板上设置有四个可连接到压力机上的安装孔。本实用新型结构简单，使用方便，针对小型工件操作时，锤头2可以压到工件表面上，能够调形，提高了出品率和生产效率。
53. 203392722 板材吊装装置
CN
15.01.2014
B66C 1/16 Loading...
B66C 1/16
Loading...
201320414389.5
天津思为机器设备有限公司
夏善和
B66C 1/16
Loading...
本实用新型涉及一种板材吊装装置，特征在于：包括吊装梁主体和与其连接的钢丝绳，所述吊装梁主体是由吊装板、固接在吊装板下部的底座和与底座两侧面固定的多个吊钩构成，所述吊装梁主体上部中间部位制有用于与起重机吊挂的吊装孔。优点是：通过本吊装装置可实现吊装过长的板材，不仅可避免板材弯曲、滑勾等现象或无法吊装；而且还可简化吊装操作，节省人力和物力，降低调运成本。既可适用吊装不同长度的板材，又能保证板材在吊装过程中的平稳性。
54. 203396289 多功能函数尺
CN
15.01.2014
G01B 3/04 Loading...
G01B 3/04
Loading...
201320413363.9
天津思为机器设备有限公司
周庆昌
G01B 3/04
Loading...
本实用新型涉及一种多功能函数尺，包括刻有角度值和弦长系数值的圆弧板、分别刻有长度数值的基础板、角度板和滑动板，所述基础板的两端与圆弧板的两端固定连接，所述基础板的中心点与圆弧板的圆心点重合，所述角度板的一端部0点与基础板的中心点重合，且在重合处通过转动连接的方式固定连接，所述角度板的另一端可沿圆弧板移动，所述滑动板的一端与基础板滑动连接，所述滑动板一端的0基准线与基础板的0基准线相对齐。本实用新型结构简单，实用方便、快捷，能够节省技术工人计算函数的时间，降低了生产成本，提高了工作效率。
55. 203390012 一种用于压力机的钢板折弯装置
CN
15.01.2014
B21D 5/01 Loading...
B21D 5/01
Loading...
201320413491.3
天津思为机器设备有限公司
杨玲
B21D 5/01
Loading...
本实用新型涉及一种用于压力机的钢板折弯装置，包括压头装置和托架装置，所述托架装置设置于压头装置的正下方，所述压头装置包括压板和带有安装槽的安装板，所述压板固连于安装板的中部，所述压板的一端为三角形；所述托架装置包括底板和限位筒，所述限位筒为圆筒状结构，所述限位筒固定连接于底板的中心线两侧，两侧限位筒的高度位于同一水平面内。本实用新型通过安装板上的安装槽将压头装置连接到压力机的锤头部位，由压力机控制其上、下运动，通过压板头部的三角形结构钢板折线处挤压，从而实现了对钢板的折弯操作，折弯效果好，提高了工作效率。
56. 203390719 一种悬挂式砂轮吊装用工装
CN
15.01.2014
B24B 41/00 Loading...
B24B 41/00
Loading...
201320413492.8
天津思为机器设备有限公司
张鑫
B24B 41/00
Loading...
本实用新型涉及一种悬挂式砂轮吊装用工装，其特点是：包括底座，底座上设有安装孔；包括支撑立柱，所述支撑立柱的下端固定在底座上；包括旋转臂，所述旋转臂的一端与支撑立柱转动连接，所述旋转臂的另一端为自由端；包括挂架组件，所述挂架组件水平滑动安装在旋转臂上，所述挂架组件位于旋转臂的下端部位上设有吊装孔或挂钩。本实用新型采用上述工装结构，将悬挂式砂轮吊装在旋转臂上的吊装孔上或挂钩上，通过沿支撑立柱转动旋转臂及沿旋转臂移动挂架组件来完成大型工件的修磨。采用本吊装工装相比于现有的用天车吊装的方式，节省了人力，只需一人就能完成工件的修磨，因此也降低了生产成本。另外，本工装还具有结构简单，使用方便的特点。
57. 203390476 板坯扇形段主体焊接旋转工装
CN
15.01.2014
B23K 37/047 Loading...
B23K 37/047
Loading...
201320501171.3
天津思为机器设备有限公司
张伟
B23K 37/047
Loading...
本专利涉及一种板坯扇形段主体焊接旋转工装，包括两个镜像对称的旋转支撑装置，其特征在于：所述旋转支撑装置包括支承座和夹紧轴，夹紧轴上设有矩形法兰板，矩形法兰板的端部设有螺栓，螺栓上螺纹连接有衬板。优点是：本专利通过螺栓和衬板可以将板坯扇形段主体与夹紧轴的法兰板连接，使之能够随法兰板一起转动，方便了被焊接件的旋转，进行多个工位的反复焊接。
58. 203396351 一种平面度测量仪
CN
15.01.2014
G01B 5/28 Loading...
G01B 5/28
Loading...
201320516422.5
天津思为机器设备有限公司
王伟
G01B 5/28
Loading...
本实用新型涉及一种平面度测量仪，其特征在于：包括测量主体，所述的测量主体下表面为水平测量面，所述测量主体的对角线方向设有两个安装孔，所述安装孔内插装有百分表，所述在测量主体的侧面设有与安装孔连通的锁紧孔，所述锁紧孔内配装有锁紧螺母，所述百分表的触头露出测量主体的下表面，所述测量主体的中心位置可拆卸式安装有把手。采用上述技术方案，不仅解决了工件下机床后不便于检测平面度的问题，而且根据两块百分表显示的数据，可直接读取数据，另外本实用新型还具有制作简单，方便实用，提高工作效率、提高加工精度等优点。
59. 203390009 一种用于压力机的H型钢翼缘板调平装置
CN
15.01.2014
B21D 3/10 Loading...
B21D 3/10
Loading...
201320413364.3
天津思为机器设备有限公司
杨玲
B21D 3/10
Loading...
本实用新型涉及一种用于压力机的H型钢翼缘板调平装置，包括型钢支架，所述型钢支架包括底板，底板的中心线四个象限内对称固定连接有第一底座、第二底座、第三底座、和第四底座，四个底座结构相同，均呈“L”形，第一底座和第二底座的内侧固定连接有左连接板，第三底座和第四底座的内侧固定连接有右连接板，右连接板和左连接板之间的间隙大于H型钢的壁厚，右连接板、左连接板、第一底座、第二底座、第三底座和第四底座的上平面位于同一水平面内。本实用新型结构简单，使用方便，H型钢插入到左、右连接板的间隙内，操作压力机使锤头对H型钢的翼缘板进行调平操作，不仅提高了工作台的使用寿命，且调平效果好，提高了工作效率。
60. 203392734 一种起重机维修用吊具
CN
15.01.2014
B66C 1/34 Loading...
B66C 1/34
Loading...
201320414582.9
天津思为机器设备有限公司
夏善和
B66C 1/34
Loading...
本实用新型涉及一种起重机维修用吊具，其特点是：包括横梁，包括两端板，两端板分别设在横梁的两端，两端板的下端与横梁可拆卸式固连；包括两滚轮，两滚轮分别通过滚轮轴支撑在两端板的上端内侧；包括花篮螺丝，花篮螺丝的一端通过螺栓与横梁连接，花篮螺丝的另一端悬置于横梁的下方。本实用新型采用上述吊具，通过吊具的两滚轮将吊具支撑在起重机的行走轨道上，然后将吊具下面的钩子挂在电机的吊装环上，就可将起重机的电机悬置于半空中，从而可方便的完成电机与电动葫芦主体的空中拆卸、维修和安装，不需要再将起重机从行走轨道上拆卸下来和再次进行安装，进而节省人力和物力、节省了维修时间。
61. 203076806 压缩柱焊接的反变形工装
CN
24.07.2013
B23K 37/00 Loading...
B23K 37/00
Loading...
201220713079.9
天津思为机器设备有限公司
刘铁成
B23K 37/00
Loading...
本实用新型涉及一种压缩柱焊接的反变形工装，包括底座，其特征在于：还包括在底座上滚动摩擦的两组滚杠，从靠近压缩柱的焊缝处起至远离焊缝方向，每组滚杠中的各个滚杠直径依次递减。优点是：利用工件放置在两组滚杠上形成的中间高两边低的形式，使得被焊接的两工件在焊接完成后即成折线形。当被焊接的两金属在逐渐冷却时，由于焊缝处的不对称收缩，使得焊接后的两工件发生反变形，从而最终得到了直线度较高的焊接件。
62. 203076839 焊接工件用旋转吊装机架
CN
24.07.2013
B23K 37/047 Loading...
B23K 37/047
Loading...
201220713137.8
天津思为机器设备有限公司
晏树民
B23K 37/047
Loading...
本实用新型涉及一种焊接工件用旋转吊装机架，特征在于：包括纵向支架和横向支架，所述纵向支架顶部通过轴承连接有可在水平方向360°旋转的横向支架，所述横向支架两端固定有连接件，在横向支架一端的连接件上设有用于连接工件的导链。优点是：通过本旋转吊装机架，在对工件的整个焊接过程中无需占用天车作业，这样不仅可使天车从事其它作业，提高天车使用率；而且还可解决了天车在操作过程中占用空间大以及影响其它作业的问题。
63. 203076838 压缩柱焊接的翻转工装
CN
24.07.2013
B23K 37/047 Loading...
B23K 37/047
Loading...
201220707368.8
天津思为机器设备有限公司
刘铁成
B23K 37/047
Loading...
本实用新型涉及一种压缩柱焊接的翻转工装，包括底座和夹紧轮，其特征在于：夹紧轮处于竖直状态，夹紧轮为圆形，底座设有尺寸与夹紧轮匹配的半圆形凹槽，在半圆形凹槽的表面的某一竖直面内分布有数个滚动轴承，夹紧轮与滚动轴承摩擦连接，所述夹紧轮由两个半圆部分组成，每个半圆部分包括半圆形轮板，半圆形轮板的圆心处设有矩形孔槽。优点是：利用两块半圆形的板夹紧压缩柱后，可以通过旋转夹紧轮，夹紧轮在其平面内在滚动轴承上自转，将重量大、体积大的压缩柱的正反翻转转化为夹紧轮的自转，很方便的实现了压缩柱的翻转，便于将在压缩柱进行正反两方向上的焊接之间的迅速切换。
64. 203076864 空心辊封头压装机
CN
24.07.2013
B23P 19/02 Loading...
B23P 19/02
Loading...
201220713157.5
天津思为机器设备有限公司
张继良
B23P 19/02
Loading...
本实用新型涉及一种空心辊封头压装机，包括千斤顶和主体框架，所述主体框架为箱体结构，所述千斤顶位于主体框架内，所述千斤顶的一端连接到主体框架上，所述千斤顶的另一端与样辊连接，所述样辊的另一端连接到主体框架上。本实用新型结构简单，使用千斤顶将封头压入辊身，辊身的长度可通过调节板调节主体框架来实现，操作省时省力，节省了能源。
65. 203076384 金属板件折弯工装
CN
24.07.2013
B21D 5/02 Loading...
B21D 5/02
Loading...
201220721573.X
天津思为机器设备有限公司
晏树民
B21D 5/02
Loading...
本实用新型涉及一种金属板件折弯工装，特征在于：包括倒置安装的千斤顶和操作台，所述千斤顶上通过紧固件装有套制器，所述套制器上通过工装支架连接有用于折弯工件的折弯切头。优点是：通过本折弯工装的千斤顶和折弯切头可实现对工件的折弯成型，本工装不仅结构简单、操作方便、可保证工件折弯形状的一致性；而且还可大幅度提高生产效率，减轻操作人员的劳动强度，适合规模化工业生产。
66. 203079511 一种三爪自定心夹具
CN
24.07.2013
B66C 1/10 Loading...
B66C 1/10
Loading...
201220713078.4
天津思为机器设备有限公司
周庆昌
B66C 1/10
Loading...
本实用新型涉及一种三爪自定心夹具，其特征在于：包括吊盘，所述吊盘的中心连接吊环，所述吊盘上以吊盘的中心为圆心周向均布三个吊耳，所述吊耳上铰接吊钩。本吊具上的三个吊钩与工件的凸缘配合，即可以轻松确定工件的中心，令工件吊装稳定，不仅使用方便，且可以大大提高吊装效率。
67. 203076389 小直径钢管的手动弯管器
CN
24.07.2013
B21D 7/08 Loading...
B21D 7/08
Loading...
201220713136.3
天津思为机器设备有限公司
杨玲
B21D 7/08
Loading...
本实用新型涉及一种小直径钢管的手动弯管器，包括固定在地上的对钢管进行夹紧的夹紧装置，还包括有通过定辊轴穿装在两夹板中间的定辊、通过动辊轴穿装在两夹板间的主动辊，以及连接在用于连接两夹板的立板上的手柄，其特征在于：在两夹板之间还通过动辊轴穿装有至少一个副动辊，在被弯曲钢管的沿线上，副动辊相对于主动辊更加靠近夹紧装置。优点是：用分布在钢管沿线相对于主动辊的更远离夹紧装置的副动辊，使得钢管的弯曲完全符合定辊槽型内的半径，限制了钢管前半部的向外突出趋势，从而也避免了钢管在弯曲过程中局部塌陷或压扁的现象产生。
68. 203076390 钢管或型钢的折弯装置
CN
24.07.2013
B21D 7/08 Loading...
B21D 7/08
Loading...
201220721572.5
天津思为机器设备有限公司
张艳伟
B21D 7/08
Loading...
本实用新型涉及一种钢管或型钢的折弯装置，其特征在于：包括被电机带动的减速机，减速机的输出轴连接有用于穿装主动弯曲辊轮的主动辊轮轴，主动辊轮轴由轴承座支撑，所述轴承座安装在下压支架的底部，所述下压支架的上部滑动连接有下压轴承座，下压轴承座通过丝杠与下压支架的顶部连接，丝杠穿过下压支架顶部的一端设有摆杆，下压轴承座上通过下压辊轮轴安装有下压辊轮。优点是：本实用新型利用双输出轴减速机驱动两个主动弯曲辊轮，将伸入的钢管或型材弯曲，通过摆杆调节下压辊轮和主动弯曲辊轮间的距离，来得到钢管或型材的曲率半径，操作简单，提高了工作效率。
69. 203083502 一种齿条检测板
CN
24.07.2013
G01B 5/20 Loading...
G01B 5/20
Loading...
201220707313.7
天津思为机器设备有限公司
董国军
G01B 5/20
Loading...
本实用新型涉及一种齿条检测板，其特征在于：包括基板，所述基板上安装有若干个固定挡块和若干个齿形检测块，所述齿形检测块的下面为与齿条齿面配合的齿形检测面，所述固定挡块的上面为用于支撑齿条的定位面，所述所有齿形检测块位于同一条直线上，所述所有固定挡块位于同一条直线上，所述所有固定挡块所在直线与所述所有齿形检测块所在直线平行且位于所有齿形检测块所在直线的下方。优点是：结构简单、使用方便、制作简单、成本低。
70. 203076965 辊子支架加工胎具
CN
24.07.2013
B23Q 3/06 Loading...
B23Q 3/06
Loading...
201220713139.7
天津思为机器设备有限公司
张维刚
B23Q 3/06
Loading...
本实用新型涉及一种辊子支架加工胎具，包括底板、垫块和定位板，所述底板中部开槽，与机床工作台定位固定，所述底板上有孔，通过螺栓把底板把合在工作台上，所述底板的上平面上对称焊接有四个垫块，所述底板的上平面一端焊接有定位板。本实用新型通过在底板上设置垫块和定位板来支撑工件（辊子支架），结构简单，便于找正，装夹方便，减轻了操作人员的劳动强度，提高了工作效率，使用钢板下料焊接加工而成，造价成本低。
71. 203076680 一种卸刀装具
CN
24.07.2013
B23C 9/00 Loading...
B23C 9/00
Loading...
201220707366.9
天津思为机器设备有限公司
郭虎成
B23C 9/00
Loading...
一种卸刀装具，包括卸刀底座，卸刀底座由对角线上的两个立柱支撑，其特征在于：所述卸刀底座的中心部位设有一个贯通的台阶孔，台阶孔的上部的直径大于下半部的直径，台阶孔的直径两端还设有径向的滑槽，滑槽内滑动连接有定位键块，定位键块通过螺栓固定在滑槽上。优点是：本实用新型利用结构简单实用，通过调节定位键块的位置可以适用于卸下各种不同直径和类型的铣刀。使用本实用新型卸刀时省时省力，只要铣刀的刀槽对准工装上的键块就可以固定并防止在松铣刀螺丝时刀柄左右旋转。
72. 203077130 一种抛光轮安装结构
CN
24.07.2013
B24D 13/00 Loading...
B24D 13/00
Loading...
201220707367.3
天津思为机器设备有限公司
赵震
B24D 13/00
Loading...
一种抛光轮安装结构，包括加长刀柄，其特征在于：在加长刀柄上自加长刀柄的头部依次套装有工装前垫片、千叶轮和工装后垫片。所述工装后垫片、千叶轮和工装前垫片由螺纹连接在长刀柄头部的螺栓紧固。优点是：本实用新型利用镗床的刀轴，使千叶轮对外圆进行抛光，抛光后的粗糙度由3.2μm提高到1.6μm，扩展了机床的加工范围，降低了大型工件的加工难度。
73. 203076374 钢结构工件调形工装
CN
24.07.2013
B21D 1/00 Loading...
B21D 1/00
Loading...
201220713138.2
天津思为机器设备有限公司
于永刚
B21D 1/00
Loading...
本实用新型涉及一种钢结构工件调形工装，特征在于：包括支架，所述支架上部固定吊架，所述吊架上倒置安装有用于工件调平的千斤顶。优点是：通过本调形工装对钢结构板件进行调平处理时，操作人员将工件放置在操作平台上且对应于液压千斤顶的正下方位置处，然后启动液压千斤顶下行，进而实现对工件的调平处理。采用本工装对钢结构板件进行调平不仅可缩短工作时间、大幅度提高调平加工效率、节省资源、降低生产成本；而且还可保证钢结构板件的调平质量。
74. 203076712 一种手动倒角器
CN
24.07.2013
B23D 79/00 Loading...
B23D 79/00
Loading...
201220720000.5
天津思为机器设备有限公司
温吉亮
B23D 79/00
Loading...
本实用新型涉及一种手动倒角器，其特征在于：包括压柄和与压柄同轴线的钻头，所述压柄与所述钻头之间通过连接杆连接轴线与所述压柄和钻头的轴线平行但不同线的转柄，所述转柄、压柄和连接杆为圆形金属杆，所述连接杆与所述转柄和压柄焊接连接，所述连接杆与所述钻头焊接连接。优点是：结构简单、制造容易、使用方便、制造成本低。
75. 203083508 一种法兰组对调形用检测尺
CN
24.07.2013
G01B 5/245 Loading...
G01B 5/245
Loading...
201220707314.1
天津思为机器设备有限公司
周庆昌
G01B 5/245
Loading...
本实用新型涉及一种法兰组对调形用检测尺，其特征在于：包括管体检测部和与管体检测部连接的法兰检测部，所述管体检测部上具有用于与管子的外壁贴合的管体检测平面，所述法兰检测部上具有用于与法兰端面贴合的法兰检测平面，所述管体检测平面与所述法兰检测平面垂直。优点是：结构简单、使用方便、制造容易、检测效率高。
76. 203076600 可调式镗刀刀架
CN
24.07.2013
B23B 21/00 Loading...
B23B 21/00
Loading...
201220719999.1
天津思为机器设备有限公司
刘鹏
B23B 21/00
Loading...
本实用新型涉及一种风力发电机用可调式镗刀刀架，其特征在于：包括主刀杆和副刀杆，所述副刀杆上设有用于调节刀架长度的若干长槽，所述副刀杆上在与所述长槽长度垂直的方向上分布设有两排所述长槽，所述主刀杆与所述副刀杆之间通过贯穿所述长槽的调整螺栓连接，所述副刀杆的前部安装有用于连接刀具的安装螺栓。优点是：结构简单、便于调节、可以提高加工效率。
77. 203076827 用于齿条梁焊接的定位工装
CN
24.07.2013
B23K 37/04 Loading...
B23K 37/04
Loading...
201220720251.3
天津思为机器设备有限公司
李亚鹏
B23K 37/04
Loading...
一种用于齿条梁焊接的定位工装，包括工字钢，其特征在于：所述工字钢上间隔的固接有定位块，所述定位块设有与工字钢垂直的定位面。优点是：由于本实用新型采用上述技术方案，利用在工字钢上间隔设定距离而焊接的定位块，每个定位块都包括有定位面，利用本工装抵在齿条梁的钢梁上，将齿条均靠在定位块的定位面上，可以方便的将每根齿条准确定位，从而生产出符合齿条间距离公差要求的齿条梁。
78. 203076377 一种调形顶压装置
CN
24.07.2013
B21D 3/00 Loading...
B21D 3/00
Loading...
201220707315.6
天津思为机器设备有限公司
周庆昌
B21D 3/00
Loading...
本实用新型涉及一种调形顶压装置，其特征在于：包括调节转杆，所述调节转杆的两端分别通过螺纹连接A顶杆和B顶杆，所述调节转杆两端的螺纹旋向相反，所述调节转杆上设有通孔，所述调节转杆的通孔内活动插装有转柄。优点是：结构简单、重量轻、使用方便、制作容易。
79. 203076826 压缩柱焊接的组对工装
CN
24.07.2013
B23K 37/04 Loading...
B23K 37/04
Loading...
201220713080.1
天津思为机器设备有限公司
于永刚
B23K 37/04
Loading...
本实用新型涉及一种压缩柱焊接的组对工装，包括底座和与底座滚动摩擦连接的滚杠，其特征在于：还包括两列固接在底座上的固定挡块，各个固定挡块上设有平行的螺纹通孔，每个通孔内均穿有夹紧螺钉，每个夹紧螺钉的螺钉帽朝外。优点是：本实用新型可以利用螺纹连接在固定挡块上的夹紧螺钉旋转，实现夹紧螺钉的横向进给，从而实现了对较重的压缩柱工件的微调定位。该定位装置结构简单，使用可靠，定位精度高。
80. 203077248 磁力钻活动小平台
CN
24.07.2013
B25H 1/00 Loading...
B25H 1/00
Loading...
201220721574.4
天津思为机器设备有限公司
邵会迎
B25H 1/00
Loading...
本实用新型涉及一种磁力钻活动小平台，包括吸附板和支撑板，所述吸附板底面与支撑板连接，所述支撑板为“L”形板，所述支撑板的水平面板上设置有螺纹孔。本实用新型结构简单，磁力钻可以在吸附板上平面上吸附固定，支撑板与吸附板形成夹板，能够夹住待加工工件，螺栓通过螺纹孔2连接固定住工件，使用方便，省时省力，提高了工作效率。
81. 203076967 导轨板成组加工夹具
CN
24.07.2013
B23Q 3/06 Loading...
B23Q 3/06
Loading...
201220721932.1
天津思为机器设备有限公司
李宝江
B23Q 3/06
Loading...
本实用新型涉及一种导轨板成组加工夹具，包括夹板、垫板、支撑板和底板，所述底板固定设置于工作台上，所述底板上平面通过两侧的支撑板连接垫板，所述垫板沿长度方向设置有夹板，所述夹板上端面上开有90°双“V”形槽。本实用新型结构简单，将导轨板放入V形槽，利用角度压板加紧即可，不用找正，同时加工两件，节约装卡找正时间2倍以上，能够保证质量，提高效率，降低加工成本。
82. 202419650 焊前加热用加热管
CN
05.09.2012
F23D 14/02 Loading...
F23D 14/02
Loading...
201120344469.9
天津思为机器设备有限公司
刘广周
F23D 14/02
Loading...
本实用新型公开了一种焊前加热用加热管，其由供气管道、连接该供气管道的进气管和均匀分布在所述供气管道上的多个喷嘴组成，所述供气管道为直管、方形管、环形管或其它合适的形状。由于多个喷嘴均匀分布在供气管道上，所以可以在大面积上对工件进行均匀加热。
83. 202317496 一种防止箱体焊接变形的装置
CN
11.07.2012
B23K 37/04 Loading...
B23K 37/04
Loading...
201120342780.X
天津思为机器设备有限公司
张永林
B23K 37/04
Loading...
本实用新型公开了一种防止箱体焊接变形的装置，包括：防变形拉杆、螺杆和螺栓，所述的防变形拉杆有两个，左右对称设置，每个所述的防变形拉杆包括一水平设置的拉杆主体，所述拉杆主体的一端垂直向上延伸，形成一第1弯折部，在第1弯折部上形成有一水平贯通的第1螺孔，所述拉杆主体的另一端垂直向下延伸后再向第1弯折部方向水平延伸，形成第2弯折部，在拉杆主体靠近第2弯折部一端形成有一竖直贯通的第2螺孔，所述螺杆的两端各旋入一第1螺孔内并分别通过一螺母锁定，所述螺栓有两个，分别旋入一第2螺孔内。该装置可有效防止箱体在焊接过程中发生变形，且使用方便、省时省力。
84. 202317366 钢板水处理喷淋装置的辅助焊接机
CN
11.07.2012
B23K 9/02 Loading...
B23K 9/02
Loading...
201120344233.5
天津思为机器设备有限公司
杨玲
B23K 9/02
Loading...
本实用新型公开了一种钢板水处理喷淋装置的辅助焊接机，包括一对支撑架、设置在该对支撑架之间并具有一定长度的长方形底座以及用于从所述底座的一端匀速移动另一端的焊接小车，所述的焊接小车上安装有焊枪，焊枪的焊嘴对准工件的焊缝，所述的底座相对于水平面倾斜设置，在所述的底座上设置有固定工件用的多个固定件。该适于较长连续焊缝焊接的辅助焊接机，在焊接时，可以根据需要调节焊件的角度，借助焊接小车的水平匀速移动，即可实现较长连续焊缝的自动焊接，既节省了人力，又提高了工作效率及焊接质量。
85. 202291951 连铸中间罐本体焊接防变形装置
CN
04.07.2012
B23K 37/04 Loading...
B23K 37/04
Loading...
201120342779.7
天津思为机器设备有限公司
董国军
B23K 37/04
Loading...
本实用新型公开了一种连铸中间罐本体焊接防变形装置，由防变形夹板、紧固螺钉以及多个U形卡具组成，所述防变形夹板为一长度较长的长方体形，所述多个U形卡具沿防变形夹板的长度方向等间隔平行设置，每个所述U形卡具具有两个不等长的侧臂，其中较短的侧臂垂直并固定安装在防变形夹板长度方向的一个侧面上，较长的侧臂位于所述防变形夹板顶面的上方，并高出该顶面一定距离，在所述较长侧臂上形成有螺孔，所述紧固螺钉安装在该螺孔内，螺钉的正投影位于所述顶面内。该装置能够将钢板焊接时产生变形力均匀分布在各U形卡具上，可以有效防止钢板变形。
86. 202270790 可旋转式液压煨管机
CN
13.06.2012
B21D 7/16 Loading...
B21D 7/16
Loading...
201120344140.2
天津思为机器设备有限公司
藏炳刚
B21D 7/16
Loading...
本实用新型公开了一种可旋转式液压煨管机，包括底座、设置在底座上的活动胎具和固定胎具，以及用于使活动胎具前后移动的液压缸，所述的底座下固定安装有一转轴，转轴的下端可旋转地设置在一压盘内，底座上固定设置有一立板，所述固定胎具上形成有与所述立板形状相适应的通孔，固定胎具的通孔套在所述立板上，活动胎具通过一推板与所述液压缸的活塞杆连接，该活动胎具有两个对称的支撑臂，每个支撑臂上各安装有一个尼龙制成的圆弧块。该煨管机底座可以旋转，使用更方便，另外活动胎具圆弧块选用尼龙材料，不会划伤工件，提高了煨管的表面质量。
87. 202271038 手动去毛刺工具
CN
13.06.2012
B23D 79/08 Loading...
B23D 79/08
Loading...
201120344194.9
天津思为机器设备有限公司
邵会迎
B23D 79/08
Loading...
本实用新型公开了一种手动去毛刺工具，由手柄和形成于手柄头部的多个刃口组成，所述的手柄头部为多棱锥形，所述的多个刃口分别形成于多棱锥的各棱处。该手动去毛刺工具能有效地完成机床不能加工的部位，其刃口能有效去毛刺、加工倒角，使用简便、省时省力，提高了生产效率。
88. 202270785 氧枪提升小车的轨道矫直器
CN
13.06.2012
B21D 3/14 Loading...
B21D 3/14
Loading...
201120344044.8
天津思为机器设备有限公司
张继良
B21D 3/14
Loading...
本实用新型公开了一种氧枪提升小车的轨道矫直器，包括：调节丝杠、调节块和顶丝杆，所述调节块有2个且对称设置，每一调节块的上部各形成有一贯通的螺孔、下部内侧各形成有一工艺槽，所述调节丝杠依次旋入两个螺孔中，在调节丝杠上、每个螺孔的两侧各安装有一螺母，所述的顶丝杆有两个，分别从每个调节块的外侧中部旋入调节块，每个顶丝杆的前端从相应调节块的内侧伸出，所述两顶丝杆的中心线在一条直线上并与所述调节丝杠平行，所述工艺槽的形状与所述轨道的底座形状相适应。使用时将两个调节块卡在轨道底座上，用顶丝杆顶住轨道弯曲部分即可进行轨道的调直，其结构简单、使用方便。
89. 202271137 辊子焊接用旋转支撑装置
CN
13.06.2012
B23K 37/053 Loading...
B23K 37/053
Loading...
201120344234.X
天津思为机器设备有限公司
刘铁成
B23K 37/053
Loading...
本实用新型公开了一种辊子焊接用旋转支撑装置，包括转托、传动辊、轴承和支架，所述支架具有一圆柱形支撑台，所述转托设置在支撑台上方，支撑台中部形成有一上下贯通的贯通孔，贯通孔的底部向内凸出，形成有一环形的第1台阶部，在第1台阶部上形成有一环形的第2台阶部，第2台阶部的中心孔孔径大于第1台阶部，所述轴承和传动辊同轴设置在贯通孔内，轴承的外套设置在所述第2台阶部上，轴承外套的外周面与贯通孔的内壁紧配合，转托可旋转地安装在传动辊的上端，传动辊中部的外周面与轴承的内圈紧配合，传动辊的下部形成有支撑轴承内圈的支撑台，传动辊下端开有键槽，用于安装调速电动机。该装置减轻了电焊工的劳动强度并提高了工作效率。
90. 202271122 辊子支架零件的组对装置
CN
13.06.2012
B23K 37/04 Loading...
B23K 37/04
Loading...
201120344117.3
天津思为机器设备有限公司
刘铁成
B23K 37/04
Loading...
本实用新型公开了一种辊子支架零件的组对装置，用于将多个辊子支架零件焊接在盖板上，其特征在于：该组对装置由主模板、一对侧模板和一对挡块组成，所述主模板上形成有与所述辊子支架零件的位置和底部轮廓分别相适应的多个模板，所述一对侧模板分别可拆卸地安装在所述主模板的前后两侧，在每个所述侧模板上形成有与所述零件前后两侧的筋板厚度相适应的间隙，所述的一对挡块固定安装在所述主模板的左右两侧，在每个挡块上形成有与所述零件左右两侧筋板厚度相适应的间隙。只要将辊子的各部件依次放在相应的模板上、压紧即可完成组对，不但提高了工作效率，还能很好地保证组对尺寸。
91. 202270988 加工连铸设备门型框架轴外圆的工装
CN
13.06.2012
B23B 27/00 Loading...
B23B 27/00
Loading...
201120343331.7
天津思为机器设备有限公司
杜连科
B23B 27/00
Loading...
本实用新型公开了一种加工连铸设备门型框架轴外圆的工装，包括：套筒、刀柄、刀架和安装在刀架上的镗孔刀，所述套筒为一端封闭的圆柱形，其直径稍大于被加工的轴的直径、长度大于被加工的轴的加工长度，套筒的轴向截面为倒的直角梯形，在套筒的封闭端同轴安装所述刀柄，该刀柄用于与镗床主轴同轴固定连接，在套筒的开口端面的顶部固定安装有一刀架，在所述刀架上竖直向下安装有一镗孔刀，所述镗孔刀的刀头朝下设置。该装置利用了镗床工作台较大的优点，通过将该其与镗床主轴同轴固定连接，使其随镗床主轴一起旋转并相应地进行轴向进给，在保持工件固定不动的情况下，实现车床的功能，能用于加工较大的工件。
92. 202270795 钢管端部压扁装置
CN
13.06.2012
B21D 19/00 Loading...
B21D 19/00
Loading...
201120371031.X
天津思为机器设备有限公司
张艳伟
B21D 19/00
Loading...
本实用新型公开了一种钢管端部压扁装置，包括下压板、上压板、销轴和中压板，下压板包括一体形成的底板和垂直于底板后端的挡板，在下压板的前部上面、垂直于挡板方向上并排形成有两个用于放置钢管的凹槽，所述凹槽的最低点与下压板的上平面平齐，中压板设置在一个凹槽与挡板之间，其横截面为直角三角形，直角三角形两直角边分别靠在下压板的挡板和底板上，直角三角形高略小于钢管半径，上压板位于下压板上面，上压板长度略小于下压板底面长度，上压板底面后端在整个宽度上向后下方延伸，形成一坡面，销轴与下压板垂直且固定连接，上压板能够沿销轴上下移动。该装置能够将钢管端部压扁，从而能直接与另一钢管焊接，操作方便，提高了工作效率。
93. 202271217 用于快速更换铣刀的装置
CN
13.06.2012
B23Q 3/157 Loading...
B23Q 3/157
Loading...
201120344091.2
天津思为机器设备有限公司
张兴忠
B23Q 3/157
Loading...
本实用新型公开了一种用于快速更换铣刀的装置，包括底板和设置在底板上的至少一个换刀组件，该换刀组件包括：间隔固定在底板上的两个支撑管、安装在其中一支撑管上的套筒、安装在套筒上且高度可调的调整顶件、一端放置在调整顶件上的压板，该压板的另一端形成有一螺孔，用于将铣刀从铣刀刀柄内顶出的顶件安装在该螺孔内，顶件下端形成有用于将铣刀从铣刀刀柄内顶出的顶尖，压板中部沿压板长度方向形成有一具有一定长度的通孔，在两支撑管之间的底板上固定安装有一固定螺母，一螺丝杆的一端装有螺母，另一端穿过压板上的通孔后旋入所述固定螺母中，换刀组件中另一支撑管的直径与铣刀刀柄的头部形状相适应。该装置操作方便，提高了工作效率。
94. 202274086 氧枪枪管试压用密封装置
CN
13.06.2012
F16J 13/00 Loading...
F16J 13/00
Loading...
201120344092.7
天津思为机器设备有限公司
高玉妍
F16J 13/00
Loading...
本实用新型公开了一种氧枪枪管试压用密封装置，由外支架、底座、密封圈和多个紧定螺钉组成，所述的外支架包括一具有一定厚度的圆形的支撑面和沿轴向固定安装在该支撑面外周面的多个支撑杆，所述底座由一圆形的端面和同轴固定安装在该圆形端面一侧的环形密封台组成，所述底座设置在所述外支架内，底座的端面紧邻外支架的支撑面，所述密封台的端面上形成有环形的密封槽，所述密封圈设置在该密封槽内，密封圈的厚度大于密封槽的深度，在所述支撑面上沿圆周方向形成有多个螺孔，所述多个紧定螺钉分别安装在多个螺孔内。该密封装置操作简单、密封效果好。
95. 202271035 手动倒角器
CN
13.06.2012
B23D 75/00 Loading...
B23D 75/00
Loading...
201120344195.3
天津思为机器设备有限公司
邵会迎
B23D 75/00
Loading...
本实用新型公开了一种手动倒角器，由手柄和同轴固定安装在手柄上端的铰刀件组成，所述的铰刀件的上端外周面上形成有多个片刃口，铰刀件的上端面为斜面。通过该手动倒角器中铰刀端部的片刃口和铰刀自带的刃口能够有效去毛刺、倒角和清根，其结构简单、使用方便。
96. 202270794 罩式炉筒体波纹成型辊压机
CN
13.06.2012
B21D 15/04 Loading...
B21D 15/04
Loading...
201120346238.1
天津思为机器设备有限公司
杨玲
B21D 15/04
Loading...
本实用新型公开了一种罩式炉筒体波纹成型辊压机，由辊压机构、液压传动机构、电机驱动机构和筒体支撑机构组成，所述的辊压机构包括位于上部的机架和位于下部的底座，所述机架和底座的后部一体形成，一对用于压出筒体波纹的挤压辊分别设置在机架下面和底座上，所述的一对挤压辊在液压传动机构的作用下能够相对移动，所述的电机驱动机构向该对挤压辊提供动力，使其辊同步相向滚动，所述的筒体支撑机构支撑所述筒体，将筒体的壁面置于一对挤压辊之间，随着一对挤压辊的转动作圆周运动且不产生轴向位移。该波纹成型辊压机操作方便、提高了工作效率且成品质量高。
97. 202240300 卷扬机支架立板和底板焊接用工装
CN
30.05.2012
B23K 37/04 Loading...
B23K 37/04
Loading...
201120357308.3
天津思为机器设备有限公司
王玉顺
B23K 37/04
Loading...
本实用新型涉及一种卷扬机支架立板和底板焊接用工装，其特征在于：包括平台板、固定于平台板上的压板、可通过压板固定于平台板上的支撑板以及可与支撑板连接的夹具体，所述压板的截面为倒L形且与所述平台板结合构成压接槽，所述压板的水平面上设有螺纹通孔，所述压板上通过螺纹通孔连接锁紧螺栓。本工装可将立板和底板通过压紧固定其相对位置，与现有技术中的拉筋点焊相比，具有工序简单、产品外形美观、节省焊接材料、焊接效率高、产品的焊接质量好等优点。
98. 202245707 无缝管预精整区锥形辊装配用吊具
CN
30.05.2012
B66C 1/28 Loading...
B66C 1/28
Loading...
201120343333.6
天津思为机器设备有限公司
王文建
B66C 1/28
Loading...
本实用新型公开了一种无缝管预精整区锥形辊装配用吊具，包括吊具主体和两段弧形圆钢，所述吊具主体由两段钢板条在中部铰接而成，其上部大致呈X形，两钢板条的下端向下延伸一段距离后向内侧弯曲，形成弯曲部，在两钢板条的上端分别形成有一吊装孔，所述两段弧形圆钢对称地水平固定在所述弯曲部的内侧，两弧形圆钢的开口相对设置。
99. 202255222 多功能卡尺
CN
30.05.2012
G01B 5/08 Loading...
G01B 5/08
Loading...
201120343351.4
天津思为机器设备有限公司
周庆昌
G01B 5/08
Loading...
本实用新型公开了一种多功能卡尺，包括主尺和游标尺，所述主尺和游标尺一侧的下部各形成有一个卡脚，在每个所述卡脚的下部各安装有一个辅助卡脚，所述两个辅助卡脚位于与所述卡脚垂直的平面内且对称设置，两个辅助卡脚正投影的轮廓线为两个相交的圆，两个辅助卡脚的接触面位于两个圆的公共弦上。该多功能卡尺能够测量工作的内槽和外槽尺寸，卸掉辅助卡脚后，即可作为普通卡尺使用，增加了普通卡尺的用途且使用方便。
100. 202255188 高度游标卡尺
CN
30.05.2012
G01B 5/00 Loading...
G01B 5/00
Loading...
201120344093.1
天津思为机器设备有限公司
吕全
G01B 5/00
Loading...
本实用新型公开了一种高度游标卡尺，包括划尺块、底座、垂直向上安装在底座上的尺杆和安装在尺杆上的固定块，还包括一加长尺杆，所述加长尺杆为L形，与所述尺杆平行设置，加长尺杆的下端通过一第1固定板安装在所述固定块上，加长尺杆的上部通过一连接紧固件固定在所述尺杆的上部，所述划尺块通过一第2固定板安装在所述加长尺杆的上端。该高度游标卡尺，将原来设置在固定块上的划尺块设置在了加长尺杆上，并将加长尺杆安装在固定块上，从而增加了划尺块的高度，使其能完成对较高的工件的划线工作，操作非常方便。
101. 202239047 冷床设备钢板焊接箱型梁焊后变形调整架
CN
30.05.2012
B21D 1/00 Loading...
B21D 1/00
Loading...
201120343332.1
天津思为机器设备有限公司
董国军
B21D 1/00
Loading...
本实用新型公开了一种冷床设备钢板焊接箱型梁焊后变形调整架，包括底板和支撑架，所述的支撑架为下端开口的矩形，包括一横杆和与该横杆的两端垂直连接的两个竖杆，在所述支撑架的两个直角内侧设置有加强肋。该调整架结构简单，使用时与千斤顶配合，使用方便。
102. 202255766 无缝钢管扎管线精整区、预精整区传动辊静平衡实验用简易静平衡支架
CN
30.05.2012
G01M 1/12 Loading...
G01M 1/12
Loading...
201120344193.4
天津思为机器设备有限公司
刘建平
G01M 1/12
Loading...
本实用新型公开了一种无缝钢管扎管线精整区、预精整区传动辊静平衡实验用简易静平衡支架，由一对支架、支撑在每个支架下面、高度可调的多块可调垫铁和支撑在每块可调垫铁下面的方箱组成，所述的一对支架在长度方向上平行设置。该简易静平衡支架占地面积较小，使用时根据辊道长度调整好两支架之间的中心距，通过调整垫铁来调平支架就可以进行辊道静平衡实验，使用非常方便。
103. 202241262 一种划线器
CN
30.05.2012
B25H 7/04 Loading...
B25H 7/04
Loading...
201120344231.6
天津思为机器设备有限公司
冀晓强
B25H 7/04
Loading...
本实用新型公开了一种划线器，由支撑架、固定板、直尺、紧固螺栓、螺母和划线刀头组成，所述支撑架为倒L形，由相交成直角的一顶板和一侧板构成，所述固定板固定安装在所述支撑架的顶板上，该固定板下部形成有一贯通槽，该贯通槽方向与支撑架顶板和侧板的交线垂直，所述直尺穿过所述贯通槽，直尺的起始端位于该固定板的侧板一侧，所述划线刀头固定安装在直尺的起始端上且刀刃朝下，所述固定板的顶面上形成有一凹槽，该凹槽与所述贯通槽连通，所述螺母固定安装在所述固定板的顶面上且其螺孔位于所述凹槽上方，所述紧固螺栓安装在所述螺母上，紧固螺栓的下部顶住所述直尺。该划线器结构简单，操作方便。
104. 202245717 吊装/翻转用夹具
CN
30.05.2012
B66C 1/42 Loading...
B66C 1/42
Loading...
201120344232.0
天津思为机器设备有限公司
高玉妍
B66C 1/42
Loading...
本实用新型公开了一种吊装/翻转用夹具，包括夹具本体和紧定螺栓，所述夹具本体具有一定厚度且由一U形部和一与该U形部的一条臂垂直的垂直部组成，在夹具本体的厚度方向上，在所述U形部的底部和所述垂直部上分别形成有一第1吊孔和一第2吊孔，所述第1吊孔和第2吊孔共圆且成90度设置，在所述U形部另一条臂的端部形成有一朝向所述垂直部方向的螺孔，所述紧定螺栓安装在该螺孔内。本实用新型的吊装/翻转用夹具，在使用时用两个或四个配合使用，利用U形部上的第1吊孔可以进行工件的吊装，用垂直部上的第2吊孔可以完成工件的翻转，其结构简单、使用方便。
105. 202245701 风力发电机增速机架起重用吊具
CN
30.05.2012
B66C 1/22 Loading...
B66C 1/22
Loading...
201120344042.9
天津思为机器设备有限公司
张兴忠
B66C 1/22
Loading...
本实用新型公开了一种风力发电机增速机架起重用吊具，包括：吊环、垫环和强力锁母，在所述吊环外周面上沿径向固定连接有一螺栓，所述螺栓穿过所述垫环并与所述强力锁母螺纹连接。该起重用吊具结构简单、使用安全，适于体积、重量较大的工件的起吊和翻个。
106. 202240890 工件边缘修磨用夹紧装置
CN
30.05.2012
B24B 41/06 Loading...
B24B 41/06
Loading...
201120344095.0
天津思为机器设备有限公司
周庆昌
B24B 41/06
Loading...
本实用新型公开了一种工件边缘修磨用夹紧装置，由底座、第1钢板、第2钢板、螺杆和扳手组成，所述的第1钢板和第2钢板相互平行且两钢板垂直固定在底座上，在第2钢板上贯通形成有一水平方向的螺孔，所述螺杆的一端旋入所述螺孔，另一端固定安装所述扳手。通过螺栓将被修磨工件固定在两钢板之间即可进行修磨。该装置结构简单、操作简便。
107. 202239956 锪孔用简易反划刀杆
CN
30.05.2012
B23D 79/00 Loading...
B23D 79/00
Loading...
201120344094.6
天津思为机器设备有限公司
张维刚
B23D 79/00
Loading...
本实用新型公开了一种锪孔用简易反划刀杆，其安装在侧固式刀柄上，该锪孔用简易反划刀杆包括杆体、端盖和锪孔用的钢条，杆体为具有一定长度的圆柱体，杆体尾部形状与侧固式刀柄的安装孔形状相适应，杆体的头部形成有一顶部和侧面具有开口的凹槽，所述钢条插入所述凹槽的侧面开口中，所述端盖盖在所述凹槽的顶部开口处，并通过两个螺栓固定在杆体上，而钢条位于两螺栓之间，端盖的下端顶住所述钢条的上表面，在杆体侧面、垂直钢条方向，两预紧螺栓穿过所述杆体后在一个所述螺栓的两侧顶住所述钢条，使其顶靠在另一所述螺栓上。该锪孔用简易反划刀杆，能够快速完成孔的锪平操作，使用方便、操作简单。
108. 202238699 清渣锤
CN
30.05.2012
B08B 1/00 Loading...
B08B 1/00
Loading...
201120344119.2
天津思为机器设备有限公司
李鸿彪
B08B 1/00
Loading...
本实用新型公开了一种清渣锺，包括一体形成的锺柄和锺头，所述锺头的形状大致为月牙形，其轮廓由斜面、第1弧面、第2弧面、垂直面和第3弧面构成，所述第2弧面位于锺头的前端且向前凸出，所述垂直面连接所述第2弧面的上端，该垂直面垂直所述锺柄的长度方向且与所述第2弧面的夹角为锐角，所述第3弧面的一端连接所述垂直面，另一端连接所述锺柄的上端，所述第1弧面的一端连接所述第2弧面的下端，另一端连接所述斜面，该第1弧面的曲率半径较大，近似为一水平的平面，所述斜面相对于垂直方向略有倾斜，该斜面的另一端连接所述锺柄的下端。该清渣锺易于携带且清渣较彻底。
109. 202241263 可拆装精密地规
CN
30.05.2012
B25H 7/04 Loading...
B25H 7/04
Loading...
201120344235.4
天津思为机器设备有限公司
周庆昌
B25H 7/04
Loading...
本实用新型公开了一种可拆装精密地规，包括固定规脚和活动规脚，还包括连接杆和带有刻度的刻度杆，所述的固定规脚和活动规脚均由一体形成的规脚和安装块组成，所述连接杆的一端安装在所述固定规脚的安装块上，另一端连接所述的刻度杆，所述活动规脚的安装块上形成有与所述刻度杆的截面形状相适应的安装孔和垂直所述安装孔方向的紧定螺孔，所述刻度杆穿过所述活动规脚的安装孔，一紧定螺钉安装在所述紧定螺孔内，将所述活动规脚固定在刻度杆上，所述连接杆、刻度杆共线，所述固定规脚和活动规脚相互平行并垂直于所述连接杆、刻度杆。该装置适于直径较大的圆或圆弧的划线、放样，其测量精确、易于拆装、便于携带存放。
110. 202241079 焊管生产线电机和减速机拆装用工具
CN
30.05.2012
B25B 27/00 Loading...
B25B 27/00
Loading...
201120344043.3
天津思为机器设备有限公司
刘建平
B25B 27/00
Loading...
本实用新型公开了一种焊管生产线电机和减速机拆装用工具，包括框架、调整板和活动挡板，所述的框架由两个横框和一个竖框围成，框架正投影为一端开口的矩形，所述的调整板有两块，每块调整板的一端分别固定连接在一横框的靠近框架开口一端，每块调整板的另一端内侧各设置有一插槽，所述活动挡板的两端分别插入一插槽中，在活动挡板的中部形成有一开孔。用该电机和减速机拆装用工具可以方便地将减速机安装在电机上或从电机上拆卸下来，操作简单，减少了劳动强度，提高了工作效率。
111. 202245718 圆轴类零件专用吊具
CN
30.05.2012
B66C 1/44 Loading...
B66C 1/44
Loading...
201120344120.5
天津思为机器设备有限公司
刘广周
B66C 1/44
Loading...
本实用新型公开了一种圆轴类零件专用吊具，包括一吊体、一对摩擦块和一对顶丝，所述吊体为一具有一定壁厚的筒体，在该吊体的上端面上固定连接有一吊环，在该筒体侧壁的下部圆周方向上对称形成有两个螺孔，所述的一对顶丝各自从所述筒体外侧旋入一个所述螺孔内，顶丝的前端位于所述筒体内，每个所述的摩擦块的一端各自套在一个所述顶丝的前端且二者之间形成间隙，摩擦块的另一端的端面为向内凹陷的弧面，在每个所述顶丝的后端各安装有一把手，摩擦块由高强耐磨材料制成。该专用吊具能够有效防止工件在吊运过程中打滑。
112. 202240480 铣头附件快换支架
CN
30.05.2012
B23Q 1/72 Loading...
B23Q 1/72
Loading...
201120344192.X
天津思为机器设备有限公司
胡永波
B23Q 1/72
Loading...
本实用新型公开了一种铣头附件快换支架，包括用于放置铣头附件的支架本体、设置在支架本体上用于防止铣头附件左右移动的护板以及设置在支架本体前后两侧用于支撑铣头附件首尾两端的高度可调的顶丝。该铣头附件快换支架使用时无需占用吊车，即可方便地装卸铣头附件，操作简单、提高了工作效率。
113. 102357576 罩式炉筒体波纹成型辊压机
CN
22.02.2012
B21D 15/04 Loading...
B21D 15/04
Loading...
201110272527.6
天津思为机器设备有限公司
杨玲
B21D 15/04
Loading...
本发明公开了一种罩式炉筒体波纹成型辊压机，由辊压机构、液压传动机构、电机驱动机构和筒体支撑机构组成，所述的辊压机构包括位于上部的机架和位于下部的底座，所述机架和底座的后部一体形成，一对用于压出筒体波纹的挤压辊分别设置在机架下面和底座上，所述的一对挤压辊在液压传动机构的作用下能够相对移动，所述的电机驱动机构向该对挤压辊提供动力，使其辊同步相向滚动，所述的筒体支撑机构支撑所述筒体，将筒体的壁面置于一对挤压辊之间，随着一对挤压辊的转动作圆周运动且不产生轴向位移。该波纹成型辊压机操作方便、提高了工作效率且成品质量高。
114. 202015913 管道焊接对中装置
CN
26.10.2011
B23K 37/04 Loading...
B23K 37/04
Loading...
201020501787.7
天津思为机器设备有限公司
张永林
B23K 37/04
Loading...
本实用新型公开了一种管道焊接对中装置，属于管道焊接辅助领域，包括工作台，其特征在于，所述工作台上垂直设置用于固定法兰的支架，所述工作台上还设置管道调节机构，所述管道调节机构上设置管道支承定位机构。所述管道支承定位机构采用V型铁，所述管道调节机采用液压千斤顶。本实用新型结构简单，调节方便，能实现管道与管道或管道与法兰的准确对中，保证焊接质量。
115. 201809046 一种吊装装置
CN
27.04.2011
B66C 1/28 Loading...
B66C 1/28
Loading...
201020501915.8
天津思为机器设备有限公司
刘铁成
B66C 1/28
Loading...
本实用新型涉及一种吊装装置，属于水电设备制造用吊装技术领域，主要包括悬臂，其特征在于：在悬臂的下端制有与悬臂为一体的吊钩，悬臂上通过铰接螺栓安装有一体式双吊钩。三只吊钩起吊时均匀受力，这样使得本实用新型在起吊时受力均匀，起吊平稳，承载能力大等优点；此外，为方便将本实用新型卡装在被吊工件上，在双吊钩侧的下端设有拉环，拉环上设有拉绳，拉动拉绳可调根据实际需要调整两侧吊钩的张开角度，省去人工操作而带来的不便，降低了工人的劳动强度和提高了安全系数；吊钩的内粘接有防止划伤工件的橡胶垫，该橡胶垫与整体结构一起随动，提高了本实用新型的使用性能。
116. 201783679 铁屑清理器
CN
06.04.2011
B23B 47/34 Loading...
B23B 47/34
Loading...
201020501809.X
天津思为机器设备有限公司
高兴伟
B23B 47/34
Loading...
本实用新型涉及一种铁屑清理器，其特征是：包括空心筒，空心筒内设有铁棒，铁棒两端探出空心筒两端，所述铁棒两端为锥形，而且铁棒可在空心筒两端自由伸缩，变换长度。优点是：本实用新型利用磁铁的磁性吸出深孔中的铁屑，极大的降低了工人的劳动强度，提高了工作效率，同时本装置结构简单、使用方便、经济高效。
117. 201783736 一种火焰切割机工作平台
CN
06.04.2011
B23K 7/10 Loading...
B23K 7/10
Loading...
201020501925.1
天津思为机器设备有限公司
于永刚
B23K 7/10
Loading...
本实用新型涉及一种火焰切割机工作平台，其特征在于：包括设置于切割机割枪工作区域内的台板，所述台板上安装有支撑件。上述支撑件可以对钢板起到支撑作用，使得钢板与所述台板之间保持有一定的距离，从而可有效避免切割火焰在融透钢板后与钢板下方的台板接触而造成台板烧伤损坏。增加了工作平台的使用寿命，降低工作平台的更换频率，从而提高生产效率，加快了生产节奏，且可节约生产成本。
118. 201783838 增速机主机架加强板头加工工装
CN
06.04.2011
B23Q 3/06 Loading...
B23Q 3/06
Loading...
201020501837.1
天津思为机器设备有限公司
王玉顺
B23Q 3/06
Loading...
本实用新型涉及一种增速机主机架加强板头加工工装，特征是：包括箱体、底座和轴，箱体内紧配合穿装轴，轴的两端通过轴承安装在位于箱体两端外侧的底座内，箱体一侧面均设有用于固定工件的紧固件，所述各底座上端面上设有定位孔，在定位孔内装有用于轴定位的定位销。优点是：通过本工装的轴与箱体的旋转和利用底座上的定位孔及定位销，可对工件进行各个面的加工，这样不仅可控制工件的加工角度尺寸，保证了工件的加工精度，方便工件的装夹。本工装结构简单、制作容易、实用性强，拆卸方便，省时省力，可大幅度提高生产效率。
119. 201783875 一种管体内壁喷砂除锈装置
CN
06.04.2011
B24C 3/00 Loading...
B24C 3/00
Loading...
201020507030.9
天津思为机器设备有限公司
于永刚
B24C 3/00
Loading...
本实用新型涉及一种管体内壁喷砂除锈装置，其特征在于：包括可连接在喷砂枪上的固定装置，所述固定装置通过连接体连接反射部件。喷砂枪枪嘴上固定本装置后伸入到管体内腔，高速砂流从喷砂枪内喷出后经过反射板反射，反射后的高速砂流会与管体内壁之间形成一个有效冲击角度，从而可有效完成对管体内壁上的锈蚀进行清理。彻底解决了高速砂流无法与钢管内壁形成有效地喷砂角度的问题。
120. 201783541 一种管口内壁修复工装
CN
06.04.2011
B21D 3/14 Loading...
B21D 3/14
Loading...
201020501874.2
天津思为机器设备有限公司
张艳伟
B21D 3/14
Loading...
本实用新型涉及一种管口内壁修复工装，其特征在于：该修复工装包括一个圆环，所述的圆环上沿径向方向均布设有通孔，所述圆环的内壁的通孔处固装有螺母，从圆环的内部螺母上穿装有调节螺栓。使用时，将上述结构的圆环放置在钢管的管口内壁，钢管哪个位置不圆就旋转相应的调节螺栓，这样通过旋转螺栓，将钢管端部的不圆处撑圆，修整后的钢管，对接口的错边量减少或消失，便于焊接，而且焊接质量较高。因此本实用新型结构简单、制作容易，不但省工省力省时，而且提高了生产效率和焊接质量。
121. 201783547 一种手动圆钢折弯装置
CN
06.04.2011
B21D 7/14 Loading...
B21D 7/14
Loading...
201020501657.3
天津思为机器设备有限公司
张永林
B21D 7/14
Loading...
本实用新型公开了一种手动圆钢折弯装置，属于圆钢折弯领域，包括工作台、至少两个旋转安装于工作台上的定位导向辊轮和旋转安装于工作台上的折弯辊轮机构，其特征在于，还包括固定安装在工作台上的标示角度的刻度盘，刻度盘的零角度线与两导向辊轮中心的连线平行；在工作台上还设置折弯板，折弯板的一角与折弯辊轮机构活动连接，折弯板可绕折弯辊轮机构的轴心旋转，在折弯板上还设置推动折弯板旋转的扳手机构。所述扳手机构包括螺杆和固定于折弯板上的螺母。本实用新型采用带角度标示的刻度盘，可以精确控制折弯角的大小，且适用于折成不同的角度；扳手机构采用螺杆和螺母的配合，可以调节螺杆，满足不同的力矩要求。
122. 201783776 风力发电设备增速机架焊接用辅助平台
CN
06.04.2011
B23K 37/00 Loading...
B23K 37/00
Loading...
201020501699.7
天津思为机器设备有限公司
晏树民
B23K 37/00
Loading...
本实用新型涉及一种风力发电设备增速机架焊接用辅助平台，其特征在于：包括可固定于增速机架上的夹紧装置，所述夹紧装置通过支撑杆连接平台板。本实用新型可通过夹紧装置固定于增速机架上，从而使得平台板布置于操作人员焊接时需要站立的位置上。为焊接操作人员提供了一个可移动的适宜且舒适的工作平台，从而保证了操作人员对增速机架的方法兰和吊耳等部件的焊接质量，且可有效提高焊接效率。
123. 201783777 一种在管形体表面加工圆孔的切圆装置
CN
06.04.2011
B23K 37/00 Loading...
B23K 37/00
Loading...
201020501934.0
天津思为机器设备有限公司
夏善和
B23K 37/00
Loading...
本实用新型涉及一种在管形体表面加工圆孔的切圆装置，属于机加工技术领域，包括带有安装孔的底座，底座上安装切割机构，其特征在于：所述在底座内侧固定安装有弧形立板。使用时将本实用新型放置在管形体零件上时，弧形立板顶部与管形体的表面具有一定的间隙，保证弧形立板的两端与管形体表面良好的接触，以保证稳定放置。位于两侧的水平支管起到支撑作用，使得更加稳固的贴合在管形体外表面。因此上述结构具有结构简单、使用方便、稳定可靠、提高管形体上圆孔加工精度和工作效率等优点，另外本实用新型还适用于弧形面板材的切圆加工。
124. 201783535 一种钢结构调形装置
CN
06.04.2011
B21D 1/00 Loading...
B21D 1/00
Loading...
201020501717.1
天津思为机器设备有限公司
刘铁成
B21D 1/00
Loading...
本实用新型涉及一种钢结构调形装置，其特征在于：该调形装置包括主体支架，主体支架由水平板，位于水平板下端两侧的立板构成，所述水平板上对应钢结构的筋板处安装可调式顶紧机构，所述立板的内侧设有卡槽。采用本结构进行钢板调形时，对于厚度较小的钢板，只需拧紧丝杠，就可以将变形调整过来；对于厚度较大的钢板，先对变形区域用火焰加热，然后拧动丝杠，使卡槽带动变形钢板将其拉起。因此本实用新型减少了附加工具的使用、降低了劳动强度、提高工作效率，而且具有操作简单、调整效果好等优点。
125. 201783837 发电机底座加工定位夹具
CN
06.04.2011
B23Q 3/06 Loading...
B23Q 3/06
Loading...
201020501681.7
天津思为机器设备有限公司
张兵
B23Q 3/06
Loading...
本实用新型涉及一种发电机底座加工定位夹具，特征是：包括由底板、支撑和定位板固接构成的基座，基座上分别设有托板A、托板B和托板C，托板A上平面固定有固定块A，托板上平面固定有固定块B和固定板A，托板C上平面固接有固定板B；基座定位板上平面还固接有基准块A和基准块B。优点是：利用各固定块、基准板与基座之间形成的夹角以及不同高度的固定板，可方便工件的装夹定位、缩短加工时间，提高工效，保证了工件加工时基准的稳定性，方便了在铣床上用直角铣头进行加工。打破了发电机底座仅采用镗床加工的局限性，进而解决了龙门铣床成批件多加工面的加工难题，大幅度提高生产效率。
126. 201783694 铣板厚专用工装
CN
06.04.2011
B23C 9/00 Loading...
B23C 9/00
Loading...
201020501817.4
天津思为机器设备有限公司
张兴忠
B23C 9/00
Loading...
本实用新型涉及一种铣板厚专用工装，特征是：包括框架，所述框架两侧边框底部固装有托板，在与固装托板相邻的两侧边框上制有螺纹孔，螺纹孔内穿装有用于紧固板状工件的紧固件。优点是：采用工装可一次装卡后，即能完成工件整个加工面的铣削加工；无需再频繁拆卸和装卡压板，操作简便快捷，提高生产效率；而且还大幅度减轻了操作工的劳动强度。
127. 201783708 高速钢机用铰刀
CN
06.04.2011
B23D 77/00 Loading...
B23D 77/00
Loading...
201020502625.5
天津思为机器设备有限公司
王文建
B23D 77/00
Loading...
本实用新型涉及一种高速钢机用铰刀，包括由高速钢材料制成的刀柄部、刀颈部和与其连为一体的切削部分，特征是：所述切削部分的轴向长度为铰刀整体长度的1/4—1/5。其优点是：机加工时，将本铰刀由刀柄部装入机床中，利用铰刀前部的切削部分对工件进行铰孔加工。利用本铰刀加工改善了铰孔内表面的切削精度，保证铰孔内表面的设计要求。本铰刀不仅结构简单、方便实用，提高产品的合格率及加工功效，而且还可降低生产成本。

