1. 204112367 一种检查井用砌块
CN
21.01.2015
E02D 29/12 Loading...
E02D 29/12
Loading...
201420564903.8
天津市滨海新区塘沽瑞达安斯水泥制品厂
甘秀双
E02D 29/12
Loading...
一种检查井用砌块，其技术要点是：包括砌块本体，砌块本体包括内弧面，外弧面，顶面，底面和两个端面，一侧端面上设置有凸块，另一侧端面上设置有凹陷，砌块本体的顶面和底面之间设置有中空的通柱，通柱的两端均为通透，砌块本体的顶面还设置有凸起，砌块本体的底面设置有凹槽，所述凸起的表面上设置有可通过电缆的内凹槽，凸块上也设置有可通过电缆的通孔，凸块上的通孔与通柱平行，凸块的两侧表面上设置有与通柱平行的防错位条，凹陷的侧表面上也设置有与防错位条相对应的限位块；采用该技术方案，凸起和体块内设置有可通过电缆的通孔，可使电缆横向设置在砌块本体内和可使电缆纵向设置在砌块本体内，防止电缆露在外部。
2. 204112571 一种井体砌块
CN
21.01.2015
E04C 1/39 Loading...
E04C 1/39
Loading...
201420568732.6
天津市滨海新区塘沽瑞达安斯水泥制品厂
甘秀双
E04C 1/39
Loading...
一种井体砌块，涉及井体设备技术领域，其技术要点是：包括砌块本体，砌块本体包括内弧面，外弧面，顶面，底面和两个端面，一侧端面上设置有凸块，另一侧端面上设置有凹陷，凸块与凹陷相匹配，砌块本体的顶面和底面之间设置有1-5个中空的通柱，所述通柱的两端均为通透，砌块本体的顶面还设置有凸起，砌块本体的底面设置有凹槽，凸起与凹槽相匹配；采用该技术方案，通透的通柱方便相邻砌块本体之间的一次性放入钢筋与混凝土浇灌，凸起与凹槽使相邻层的砌块本体的连接固定，节省人力与减少施工时间，通柱的两端均为通透，因此砌块本体的重量更轻。
3. 203824399 一种锅炉蒸发器用整体型螺旋翅片管
CN
10.09.2014
F28F 1/36 Loading...
F28F 1/36
Loading...
201420016955.1
天瑞集团水泥有限公司
赵睿敏
F28F 1/36
Loading...
一种锅炉蒸发器用整体型螺旋翅片管，包括管体和设置在管体外侧壁上的外螺旋翅片，管体和外螺旋翅片为一体结构。所述的外螺旋翅片的一侧端面上开设有沿螺向分布的导引槽，导引槽为截面是圆弧形的凹槽，导引槽中心与外螺旋翅片的翅顶和翅根的距离相等。本实用新型采用整体结构无需焊接，使用寿命更长，传热效率更高同时设置有导引槽，可以有效的排出粉尘，不容易形成积灰，抗拉伸能力、承压能力、和耐磨性更强，同时要求导引槽深度为0.5-0.8mm避免过浅产生的排出粉尘效果不好，同时避免了过深对螺旋翅片强度的破坏。
4. 203678682 一种开路水泥磨中心筛板
CN
02.07.2014
B07B 1/46 Loading...
B07B 1/46
Loading...
201420020173.5
天瑞集团水泥有限公司
杨勇正
B07B 1/46
Loading...
一种开路水泥磨中心筛板，包括筛板本体，筛板本体包括可沿焊接线焊接组装的部件Ⅰ和部件Ⅱ，部件Ⅰ和部件Ⅱ均为半圆形的板状构件，在部件Ⅰ和部件Ⅱ上均匀分布有锥孔，锥孔之间的间隙为4.5-5.5mm，在所述的部件Ⅰ和部件Ⅱ的板面上，均分布有两条竖向锥孔隔板，两条竖向锥孔隔板将每个部件上的锥孔分隔为三部分。本实用新型开路水泥磨中心筛板，包括部件Ⅰ和部件Ⅱ两部分，安装时，先将其对接装上，然后再对其焊接，安装较为便捷，节省时间；本实用新型构思大胆巧妙，通过改变中心筛板的结构来增加磨内通风面积，适应物料品种结构的变化，投资小，风效快，较好地解决了生产中的难题，为公司创造了巨大的经济效益。
5. 203655572 一种空压机余热回收系统
CN
18.06.2014
F04B 39/06 Loading...
F04B 39/06
Loading...
201420020521.9
天瑞集团水泥有限公司
陈丙武
F04B 39/06
Loading...
一种空压机余热回收系统，涉及一种余热回收系统，包括空压机主机、油气分离桶和油冷却系统，所述排油管路上设有温控阀Ⅰ和板式换热器，油气分离桶的排油口与温控阀Ⅰ连接，温控阀Ⅰ的出口端一路通过板式换热器与油冷却系统内的温控阀Ⅱ连接，另一路通过排油支路与温控阀Ⅱ连接，所述板式换热器与冷却水回路连接，板式换热器的冷却水出口与蓄热水罐连接，蓄热水罐的冷却水出口依次通过水过滤器和水泵与板式换热器的冷却水进口连接。本实用新型能够有效对空压机的余热进行回收利用，且不影响现有空压机的正常运行。
6. 203653446 一种窑灰入窑系统
CN
18.06.2014
C04B 7/36 Loading...
C04B 7/36
Loading...
201420017379.2
天瑞集团水泥有限公司
井献玉
C04B 7/36
Loading...
一种窑灰入窑系统，该系统依次设有入库提升机、均化库、入窑提升机和预热器，均化库通过输送装置将物料运送至入窑提升机的底部，该系统中还设有一回灰罐，回灰罐的顶端通过一个由电机驱动的输送轨道与入库提升机的顶端相连接，回灰罐的底端通过一个由电机驱动的输送轨道与入窑提升机的底端连接，回灰罐的下部还设有锥形的出料管，在出料管的外壁上设有多个与出料管内空腔相连通的压缩空气入口。本实用新型的窑灰入窑系统，解决长时间停立磨时因窑内回灰影响，入窑生料成分会发生变化，导致窑况不稳定、增加煤耗、降低产量等问题。
7. 203648680 水泥磨热风的循环利用装置
CN
18.06.2014
B02C 23/18 Loading...
B02C 23/18
Loading...
201420018616.7
天瑞集团水泥有限公司
杨勇正
B02C 23/18
Loading...
水泥磨热风的循环利用装置，涉及水泥生产的余热利用技术领域，包括水泥磨主排风机上的用于排放热风的烟囱以及位于选粉机上的一次风入口和二次风入口，在烟囱上连接有一路热废气管道，热废气管道的出口与选粉机的二次风入口连接；热废气管道包括气体流通管和套设在气体流通管外部的保温管。本实用新型在水泥磨和选粉机之间设有热废气管道，将水泥磨主排风机内排放的高温热气引入选粉机的二次风入口，有效降低了选粉机的内外温差，可防止水泥细颗料在选粉机导向叶片上粘结、堵塞的现象。
8. 203657439 一种水泥回转窑的前窑口结构
CN
18.06.2014
F27B 7/20 Loading...
F27B 7/20
Loading...
201420018539.5
天瑞集团水泥有限公司
井献玉
F27B 7/20
Loading...
一种水泥回转窑的前窑口结构，包括窑口护铁、挡砖圈、耐火砖和耐火浇注料层，挡砖圈镶嵌在耐火浇注料层中，且其一端面与耐火砖相抵设置，所述的窑口护铁镶嵌在耐火浇注料层中，窑口护铁是由水平设置的第一板体和第三板体通过竖直设置的第二板体连接而成的呈一体结构的倒Z字形构件，在第一板体和第二板体的连接位置处设有斜板，斜板与第一板体所成的夹角为钝角，所述第二板体背向第三板体的表面上设有两个肋板；所述的挡砖圈为呈L形的板体，且挡砖圈上均布有多个呈椭圆形的焊接孔。本实用新型使耐火浇注料层与窑口护铁的结合更加牢固，避免耐火浇注料层的脱落；呈L形的挡砖圈减轻了耐火砖的受力，杜绝因耐火砖前窜而被挤坏的情况发生。
9. 203652820 一种熟料库顶袋收尘器无动力卸灰系统
CN
18.06.2014
B65G 65/40 Loading...
B65G 65/40
Loading...
201420017378.8
天瑞集团水泥有限公司
赵睿敏
B65G 65/40
Loading...
一种熟料库顶袋收尘器无动力卸灰系统，包括灰斗，所述的灰斗由上部的长方体部分和下部的锥形部分组成，灰斗内部设置有多个用于将其内腔分割为多个小灰斗的隔板，每个小灰斗的底部均连接有一个用于引导灰料的下料溜管，每个下料溜管的管壁上均设置有用于控制卸灰的重锤翻板阀；本实用新型采用无动力卸灰，有效的节省了成本，本实用新型采用重锤翻板阀，无需人工干预，有效降低了工人的劳动强度，小灰斗内灰尘累计到一定量时，即可由重锤翻板阀自动卸灰，小灰斗内积累灰尘量的多少，可由安装在重锤翻板阀阀杆上的重锤进行调节，设置方便。
10. 203657496 一种用于推动篦式冷却机的边部篦板
CN
18.06.2014
F27D 15/02 Loading...
F27D 15/02
Loading...
201420021277.8
天瑞集团水泥有限公司
陈丙武
F27D 15/02
Loading...
本实用新型涉及一种用于推动篦式冷却机的边部篦板，篦式冷却机包括间隔设置的固定梁和活动梁，固定梁和活动梁的两端均设置有护板，所述固定梁和活动梁上均设置有篦板，边部篦板设置在活动梁的两端，所述边部篦板包括篦板Ⅰ、篦板Ⅱ和篦板Ⅲ，篦板Ⅰ固定设置在活动梁上，篦板Ⅲ紧邻护板设置，篦板Ⅲ与两侧固定梁上的篦板固定连接，篦板Ⅱ设置在篦板Ⅰ和篦板Ⅲ之间，篦板Ⅱ与两侧固定梁上的篦板固定连接。本实用新型的边部篦板为分体式结构，安装于活动梁的两端，当篦冷机篦板发生磨损后，可只更换损坏的部分篦板，而不需要再拆除矮墙浇注料更换护板，即节省了检修费用、降低了劳动强度，同时也大大缩短了检修的时间。
11. 203657520 水泥熟料生产线的新型余风利用系统
CN
18.06.2014
F27D 17/00 Loading...
F27D 17/00
Loading...
201420016951.3
天瑞集团水泥有限公司
杨勇正
F27D 17/00
Loading...
水泥熟料生产线的新型余风利用系统，篦冷机的机头连通有回转窑窑尾，其机尾通过电收尘风管与电收尘器连接，篦冷机内连续设有一段篦床和二段篦床，在一段篦床和二段篦床之间设有挡风墙，挡风墙和篦冷机的篦床之间设有风道，在挡风墙的两侧分别设有沉降室Ⅰ和沉降室Ⅱ，沉降室Ⅰ的出气口Ⅰ通过AQC炉风管和AQC锅炉连接，煤磨机通过煤磨烘干风管分别连接沉降室Ⅰ的出气口Ⅱ和沉降室Ⅱ的出气口。本实用新型提高了余热发电AQC锅炉入口温度，煤磨采用中低温风、大风量的操作方法，既保证了出磨煤粉质量，又提高了AQC锅炉入口温度，并且减少了以前煤磨采用高温风带来的危险系数。
12. 203648632 一种新型立磨导风锥
CN
18.06.2014
B02C 15/00 Loading...
B02C 15/00
Loading...
201420018842.5
天瑞集团水泥有限公司
陈丙武
B02C 15/00
Loading...
本实用新型涉及一种立磨的零部件，具体的说是一种新型立磨导风锥。包括导风锥本体，导风锥本体通过支撑板固定在立磨的壳体上，导风锥本体与竖直方向的夹角为锐角，在导风锥本体的迎风面装有波纹衬板，所述波纹衬板上设有螺纹孔，使得波纹衬板能够通过蛋圆螺栓固固定在导风锥本体上。在立磨的导风锥上装上了一层波纹衬板，并通过蛋圆螺栓固定，非常便于波纹衬板的更换，减少对导风锥的冲刷，这样以来就不再需要经常对整个导风锥进行更换，这就降低了立磨的维修成本，还可将波纹衬板做成多块，这样以来如果导风锥本体上局部的波纹衬板出现磨损时，仅对出现磨损的单个波纹衬板进行更换即可继续进行生产工作，能够进一步缩短维修时间，提高维护效率。
13. 103833241 Method for preparing cement clinker from converter slag
CN
04.06.2014
C04B 7/147 Loading...
C04B 7/147
Loading...
201410012845.2
天瑞集团水泥有限公司
井献玉
C04B 7/147
Loading...
The invention relates to the technical field of building materials, and particularly relates to a method for preparing cement clinker from converter slag. Raw meal comprises the following raw materials by weight: 87.75-89.75 parts of limestone, 2.9-4.9 parts of sandstone, 2.75-4.75 parts of shale, and 2.6-4.6 parts of converter slag, and the cement clinker is prepared by procedures of raw meal grinding, slurry dehydration, filter cake drying and crushing, clinker sintering, and clinker cooling and crushing. The method preparing cement clinker from converter slag provided in the invention adopts converter slag instead of pyrite cinder; the heat consumption of the clinker is reduced by using the raw meal; the converter slag has a high CaO content, which decreases the ratio of limestone, thus reduces CaCO3 in the raw meal, and further reduces the heat supply for predecomposition; the sinterability of the raw meal is improved; the sintering temperature is decreased; and the quality of the clinker is improved.
14. 203231633 水泥窑窑头一次风供给装置
CN
09.10.2013
F27B 7/36 Loading...
F27B 7/36
Loading...
201320198006.5
天瑞集团水泥有限公司
贾华平
F27B 7/36
Loading...
水泥窑窑头一次风供给装置，包括罗茨风机、与罗茨风机出风口相连的一次风管、燃烧器和加热管路，一次风管与加热管路连接，加热管路的出风口与燃烧器中喷煤管的进风口相连，所述的加热管路设置在箅冷机中温段的顶部，由箅冷机冷却熟料的余热空气对加热管路内的一次风进行加热。该装置优化了水泥窑窑头一次风供给方案，该方案从一次风的风温调控入手，降低了生产过程中的能量消耗，间接提高企业效益，而且还提高了熟料质量和产量。
15. 202953213 一种袋装水泥包装机的控制装置
CN
29.05.2013
B65B 57/00 Loading...
B65B 57/00
Loading...
201220618058.9
天瑞集团汝州水泥有限公司
王国牢
B65B 57/00
Loading...
一种袋装水泥包装机的控制装置，包括料斗、下料通道和用于控制下料通道开合的闸板，还设有气缸、气源器和控制装置，气缸的活塞杆与闸板连接，气缸的活塞将气缸分隔成充气室和工作室两部分，充气室内设有与活塞连接的弹簧，充气室的内壁上设有由电磁阀控制的排气口，所述的气源器通过由电磁阀控制的输气管道向气缸的充气室内输入压缩空气，所述的控制装置控制输气管道和排气口上电磁阀的通断。本实用新型解决了现有水泥包装机直接采用继电器引起的继电器发热和水泥流量精度降低的问题；且其结构简单，减少了占地面积，结构紧凑，降低能耗，同时解决了噪声污染和粉尘严重的问题，保障了作业人员的身体健康。
16. 202687492 一种粉料空气斜管输送装置
CN
23.01.2013
B65G 53/16 Loading...
B65G 53/16
Loading...
201220362655.X
天瑞集团水泥有限公司
贾华平
B65G 53/16
Loading...
一种粉料空气斜管输送装置，主要由输送管道和设置在输送管道内的流化管道组成，且流化管道的一端通入压缩空气，流化管道的本体为表面均匀设有通孔的钢管，钢管的外部依次包裹透气滤布和钢丝保护套；输送管道的两端分别设有进料口和出料口，且进料口的位置不低于出料口的位置。本实用新型通过在输送管道中添加流化管道，气流在流化管道内传输，相比在输送管道内传输时减小了气压的降低，可以根据需要进行长距离的输送；流化管道为带孔钢管外包裹透气滤布和钢丝保护套，这样不仅不影响供给粉料的气流，同时也防止了粉料堵塞钢管上的通孔。
17. 202304432 篦冷机大块熟料清理装置
CN
04.07.2012
F27D 3/00 Loading...
F27D 3/00
Loading...
201120375028.5
天瑞集团水泥有限公司
贾华平
F27D 3/00
Loading...
篦冷机大块熟料清理装置，涉及一种新型干法熟料生产中的清料装置，包括液压缸、清料板、进入限位开关和退出限位开关，清料板水平设置，并由设置在支架上的底部支撑轮支撑，清料板的前端设置在篦冷机前墙下部的推料孔内，清料板的末端与液压缸前端连接，液压缸尾端通过铰链座固定在固定基座上，在清料板的前端和末端还分别设有固定在支架上的进入限位开关和退出限位开关。使用该装置后，大大降低了现场岗位人员的劳动强度，而且也解决了捅料过程中的人身安全问题。
18. 202186747 水泥包装机的气动式流量控制装置
CN
11.04.2012
B65G 53/46 Loading...
B65G 53/46
Loading...
201120234378.X
天瑞集团水泥有限公司
侯长宇
B65G 53/46
Loading...
水泥包装机的气动式流量控制装置，包括中间仓、气源器、电磁阀、气缸、阀板和闸板，电磁阀通过固定板设置在中间仓的外壁上，固定板的一端设有支座，气缸的缸体与支座连接，活塞杆通过拐臂与阀板的中心轴连接，闸板设置在阀板的中心轴上，闸板上设有开口，闸板的开口与中间仓的入料口相连通，气源器固定在地面连杆上，气源器通过电磁阀与气缸连接。本实用新型具有流量控制效率高、能耗低和安装维护方便的优点。
19. 202182647 水泥熟料生产线的余热利用系统
CN
04.04.2012
F27D 17/00 Loading...
F27D 17/00
Loading...
201120234365.2
天瑞集团水泥有限公司
贾华平
F27D 17/00
Loading...
水泥熟料生产线的余热利用系统，包括窑头风箱、余热发电风箱、篦冷机、窑头电收尘器和AQC锅炉，篦冷机的余热风出风口与余热发电风箱连接，篦冷机的AQC锅炉温风出风口与AQC锅炉连接，窑头电收尘器通过通风管道与AQC锅炉连接，余热发电风箱通过风管与窑头风箱连接，在篦冷机内设有挡风墙，挡风墙设置在余热风出风口和AQC锅炉温风出风口之间。本实用新型不仅结构简单，解决窑头锅炉蒸发量极低的状况。
20. 202182648 利用回转窑筒体辐射热量的循环供暖装置
CN
04.04.2012
F27D 17/00 Loading...
F27D 17/00
Loading...
201120234447.7
天瑞集团水泥有限公司
谭强
F27D 17/00
Loading...
利用回转窑筒体辐射热量的循环供暖装置，包括回转窑，在回转窑的筒体外层设有储水囊，储水囊上设有进水口和排水口，排水口通过输送泵与供热管路的进水端连接，供热管路的出水端通过连接管与进水口相连接。该装置合理利用回转窑筒体上的余热，将热量加热水后输送至供热管路，可循环使用，每年节约用煤800吨左右，既降低总生产成本，又可减少废气排放对大气造成的污染，具有良好的社会效益和环境效益，符合发展循环经济的要求。
21. 201912985 一种石灰石破碎装置
CN
03.08.2011
B02C 21/00 Loading...
B02C 21/00
Loading...
201020624519.4
天瑞集团水泥有限公司
贾华平
B02C 21/00
Loading...
一种石灰石破碎装置，涉及一种破碎装置，主要由进料仓、输送板、颚式破碎机、振动筛和圆锥破碎机构成，进料仓的出料口通过输送板与颚式破碎机的进料口相连，颚式破碎机的出料口与振动筛的进料口相连，所述的振动筛具有两层筛网，在第一层筛网的一侧设有输送带I与颚式破碎机的进料口相连，在第二层筛网的一侧设有输送带II与圆锥破碎机的进料口相连。本装置将颚式破碎机、振动筛和圆锥破碎机合理连接起来，并且将振动筛分选出大小不一的粒度再次经输送机构进入破碎环节，从而使得破碎后的石灰石粒度大小均匀，该装置自动化程度高，效率提高30％以上。
22. 201903273 一种水泥生产余热发电装置
CN
20.07.2011
F27D 17/00 Loading...
F27D 17/00
Loading...
201020624528.3
天瑞集团水泥有限公司
贾玲
F27D 17/00
Loading...
一种水泥生产余热发电装置，涉及一种发电装置，包括回转窑、与窑尾连接的预热器和与窑头连接的篦冷机，预热器通过管道与锅炉I连接，篦冷机通过管道与锅炉II连接，设置在锅炉I上的蒸汽通道I和设置在锅炉II上的蒸汽通道II分别与汽轮发电机相连接。本装置包括回转窑、在回转窑前端设置的篦冷机和回转窑后端设置的预热器，并通过合理设置管道收集废气中余热加热蒸汽实施发电，合理利用生产水泥过程中产生的余热发电，不仅减轻了生产水泥尾气对环境的破坏，还合理利用能源，大大提高了企业的年收益率。
23. 201819820 水泥检测用的熟料连续取样器
CN
04.05.2011
G01N 1/20 Loading...
G01N 1/20
Loading...
201020284107.0
天瑞集团水泥有限公司
贾华平
G01N 1/20
Loading...
水泥检测用的熟料连续取样器，由取样管、支撑座和动力装置组成，取样管与动力装置的旋转轴连接，动力装置设置在支撑座上，取样管与动力装置的连接端设有卸料口，另一端设有接料口。所述的卸料口和接料口设置在取样管的侧壁上。支撑座上设有水平调整装置，动力装置通过水平调整装置与支撑座连接。支撑座设置在角度调整装置上。角度调整装置由支耳和调整支臂组成，支耳与支撑座的一端铰接，支撑座的另一端由调整支臂支撑。取样器为连续回转取样，可以方便调整进料量和取样速度。取样器结构简单、调节灵活、安装方便，具有很强的实用性。
24. 201785051 一种下料仓的自动检测防堵装置
CN
06.04.2011
B65G 65/42 Loading...
B65G 65/42
Loading...
201020284105.1
天瑞集团水泥有限公司
贾华平
B65G 65/42
Loading...
一种下料仓的自动检测防堵装置，包括料仓和设置在料仓下方的输送带，还设有检测装置和清堵装置，清堵装置设置在料仓的侧壁上，检测装置由设置在支架上的断料检测板和检测探头组成，断料检测板的一端与支架铰接，另一端悬垂在输送带上方，检测探头设置在断料检测板的一侧，并通过信号线与清堵装置的控制电路连接。在断料检测板的一侧还设有限位装置。所述的清堵装置为振动器或空气炮或两者的组合。其检测速度快，可靠性高，能够及时彻底的疏通堵塞，保证生产的连续性和产品质量。
25. 201367203 超大型落地粉料库库底多点卸料装置
CN
23.12.2009
B65D 88/54 Loading...
B65D 88/54
Loading...
200820220929.5
天瑞集团水泥有限公司
姚友忠
B65D 88/54
Loading...
本实用新型涉及一种超大型落地粉料库库底多点卸料装置，自密封的中间仓的外缘到库内壁之间的圆锥形库底面上依次设置环形的由多个硫化小区组成的中心卸料区、边缘卸料区，每个硫化小区由多个放射状均匀布置的气力流化棒组成，任意两相邻的硫化小区之间均设有导料管，边缘卸料区通过导料管与中间仓连通。中心卸料区通过卸料口与中间仓连通。本实用新型边缘的粉料先卸出，避免因边缘粉料堆实而产生死料区，保持边缘是卸料通道的主体部分，不仅大大提高了卸空率，而且减少维修、降低成本、提高效率。在水泥生产企业、水泥中转站、水泥港口码头以及其它行业的粉料储存与中转等领域都极具推广应用前景。
26. 201338997 水泥预分解窑三次风风道闸板
CN
04.11.2009
C04B 7/38 Loading...
C04B 7/38
Loading...
200820230755.0
天瑞集团水泥有限公司
郭志伟
C04B 7/38
Loading...
本实用新型涉及一种水泥预分解窑三次风风道闸板，骨架为空间网状骨架结构；闸板体上端设有的2个旋转吊挂板深入骨架内并通过骨架内的横筋与骨架连为一体；骨架的前后两侧面设有“V”形锚固件，左右两侧设有“鸡爪”形锚固件；高温浇注料充填于骨架内一次整体浇注成型。结构简单、吊挂转动灵活、整体强度高，加之高温浇注料内外温差减小，不会出现高温浇注料开裂、脱落的现象，大大增加了使用寿命，降低了维修成本，从而增加了生产能效。应用于水泥预分解窑三次风风量调节，大大增加企业的经济效益。
27. 201331265 高温窑炉浇注料锚固件
CN
21.10.2009
F27D 1/10 Loading...
F27D 1/10
Loading...
200820220716.2
天瑞集团水泥有限公司
郭志伟
F27D 1/10
Loading...
本实用新型涉及一种高温窑炉浇注料锚固件，在浇注料层中设有与外层钢结构工件固定连接的锚固件，所述的锚固件为“之”字型。锚固件的一端设有用于与外层钢结构工件固定连接的水平连接端臂，锚固件的另一端设有支臂；水平连接端臂与支臂之间设有直臂。本实用新型采用“之”字型结构，加工工序简单，便于大批量生产和使用，可将水平连接接端臂紧贴工件内表面进行焊接，也可以挂在工件上进行焊接；减少锚固件种类，便于备件管理；成本低，使用寿命长，适用范围广，可广泛应用于各种高温窑炉的内部保温层和耐火材料的锚固施工。

