1. 206054971 承插式钢套筒混凝土压力管
CN
29.03.2017
F16L 9/153 Loading...
F16L 9/153
Loading...
201621113266.8
宁夏青龙管业股份有限公司
雍富强
F16L 9/153
Loading...
本实用新型提供一种承插式钢套筒混凝土压力管，涉及管道领域，承插式钢套筒混凝土压力管包括压力管本体，压力管本体包括内壁管和外壁管，内壁管设有可相互配合承插连接的承口环和插口环，相邻的压力管本体可以通过承口环和插口环承插连接，使安装过程方便快捷；采用双层壁管，中间填充有加固材料，能承受较高的内压和抵抗较大的外负荷，保证管道的使用寿命；且多种防腐材料的多处涂用，进一步提高管道防腐能力，延长管道使用寿命，安全可靠。
2. 106247034 承插式钢套筒混凝土压力管
CN
21.12.2016
F16L 9/153 Loading...
F16L 9/153
Loading...
201610887071.7
宁夏青龙管业股份有限公司
雍富强
F16L 9/153
Loading...
本发明提供一种承插式钢套筒混凝土压力管，涉及管道领域，承插式钢套筒混凝土压力管包括压力管本体，压力管本体包括内壁管和外壁管，内壁管设有可相互配合承插连接的承口环和插口环，相邻的压力管本体可以通过承口环和插口环承插连接，使安装过程方便快捷；采用双层壁管，中间填充有加固材料，能承受较高的内压和抵抗较大的外负荷，保证管道的使用寿命；且多种防腐材料的多处涂用，进一步提高管道防腐能力，延长管道使用寿命，安全可靠。
3. 205534685 PCCP管接口缝封堵结构
CN
31.08.2016
F16L 13/02 Loading...
F16L 13/02
Loading...
201620069366.9
宁夏青龙管业股份有限公司
宁靖华
F16L 13/02
Loading...
本实用新型提供一种PCCP管接口缝封堵结构，属于建筑器材领域，其包括第一PCCP管、第二PCCP管、承口环和插口环，承口环套设于第一PCCP管的第一连接端，插口环同轴设置于第二PCCP管的第二连接端，插口环的内壁与承口环的外壁对应设置并在第一连接端的径向上形成密封，第一连接端与第二连接端之间在第一PCCP管的轴向上具有间隙，间隙内设置有防腐层。其可以完全密封PCCP的接口缝，并防止腐蚀介质从PCCP管材安装间隙进入管材内部对管材的腐蚀，从而提高管材整体抗腐蚀能力，延长管材使用寿命。
4. 205088305 用于PCCP管道阴极保护的阳极装置
CN
16.03.2016
C23F 13/10 Loading...
C23F 13/10
Loading...
201520802269.1
宁夏青龙管业股份有限公司
雍富强
C23F 13/10
Loading...
本实用新型公开一种用于PCCP管道阴极保护的阳极装置，涉及混凝土管道技术领域，以解决现有技术中对PCCP管道进行阴极保护时，因现场施工条件较差、工序较多而容易严重影响阳极的使用寿命，导致PCCP管道阴极保护的工效和质量较低的问题。本实用新型所述的用于PCCP管道阴极保护的阳极装置，该阳极装置包括棒状阳极，棒状阳极的外侧包裹有保护袋；棒状阳极的一端连接有阳极电缆，阳极电缆的一端位于保护袋内，阳极电缆的另一端暴露在保护袋外。本实用新型主要应用于PCCP管道的阴极保护中。
5. 205048031 一种带有承插口接头的输水用防腐钢管
CN
24.02.2016
F16L 25/10 Loading...
F16L 25/10
Loading...
201520825968.8
宁夏青龙管业股份有限公司
雍富强
F16L 25/10
Loading...
本实用新型公开一种带有承插口接头的输水用防腐钢管，涉及输水管道技术领域，以解决现有的输水用防腐钢管进行安装时，对其管口的对齐、焊接和防腐操作难度较大，不易达到高水平安装效果的问题。本实用新型所述的一种带有承插口接头的输水用防腐钢管，包括防腐钢管本体，防腐钢管本体的一端设有承口钢环，且承口钢环与防腐钢管本体同轴设置；防腐钢管本体的另一端设有插口钢环，且插口钢环与防腐钢管本体同轴设置；对带有承插口接头的输水用防腐钢管进行安装时，一节带有承插口接头的输水用防腐钢管的插口钢环能够匹配插入另一节带有承插口接头的输水用防腐钢管的承口钢环内。本实用新型主要应用于流体水的输送管道中。
6. 205048010 钢筒混凝土压力管
CN
24.02.2016
F16L 9/153 Loading...
F16L 9/153
Loading...
201520788349.6
宁夏青龙管业股份有限公司
宁靖华
F16L 9/153
Loading...
本实用新型公开一种钢筒混凝土压力管，涉及管道制造技术领域，以解决现有的钢筒混凝土压力管进行密封检测时容易导致施工人员的操作不便，从而影响安装质量及装配效率的问题。本实用新型所述的钢筒混凝土压力管，包括压力管本体，压力管本体的两端分别设有钢承管口和钢插管口；钢承管口的中心轴和钢插管口的中心轴均与压力管本体的中心轴重合；钢承管口的侧壁上设有打压孔，打压孔贯穿钢承管口的侧壁，且其中心轴与压力管本体的中心轴垂直。本实用新型主要应用于流体水的输送管道中，由于将打压孔设置在钢承管口的侧壁上，因此施工人员可以直接在压力管本体的外部简单、方便地进行密封性检测操作，从而能够有效提高安装质量及装配效率。
7. 205048028 用于连接钢筒混凝土压力管的连接装置
CN
24.02.2016
F16L 25/10 Loading...
F16L 25/10
Loading...
201520789615.7
宁夏青龙管业股份有限公司
宋克军
F16L 25/10
Loading...
本实用新型公开一种用于连接钢筒混凝土压力管的连接装置，涉及管道制造技术领域，以解决现有技术中的连接装置在遇到工程换管或抢修时，容易因施工空间狭小而导致安装不便，从而频繁发生现场切割或焊接加长等现象，耗时耗力；并且，焊接时容易导致管道变形，进而影响工程质量的问题。本实用新型所述的用于连接钢筒混凝土压力管的连接装置，包括相互套接的第一连接件和第二连接件；第一连接件包括与一节钢筒混凝土压力管匹配的承口短管，以及与承口短管连接的承口环；第二连接件包括与另一节钢筒混凝土压力管匹配的插口短管，以及与插口短管连接的插口环；其中，承口环的长度大于插口环的长度。本实用新型主要应用于流体水的输送管道中。
8. 204692794 一种细石混凝土保护层钢筋缠绕钢筒混凝土顶管
CN
07.10.2015
F16L 9/153 Loading...
F16L 9/153
Loading...
201520366856.0
宁夏青龙管业股份有限公司
宁靖华
F16L 9/153
Loading...
本实用新型提供了一种细石混凝土保护层钢筋缠绕钢筒混凝土顶管，属于管材领域，包括钢筒。钢筒的内侧设置有内混凝土层，钢筒的外侧螺旋绕设有钢筋。钢筋的外侧设置有细石混凝土保护层，细石混凝土保护层的两端分别环设有加强钢环。细石混凝土保护层为聚丙烯纤维加强细石混凝土保护层或聚乙烯醇纤维加强细石混凝土保护层。本实用新型提供的细石混凝土保护层钢筋缠绕钢筒混凝土顶管设有加强钢环，并且采用聚丙烯纤维加强细石混凝土保护层或聚乙烯醇纤维加强细石混凝土保护层，大大提高了细石混凝土保护层的外观质量及轴向受力，从而进一步提高了管材纵向顶力，延长管材一次顶进距离，达到一次长距离顶进的目的。
9. 204689234 一种可控气压式制动放丝盘
CN
07.10.2015
B65H 49/18 Loading...
B65H 49/18
Loading...
201520414431.2
宁夏青龙管业股份有限公司
张乐
B65H 49/18
Loading...
本实用新型公开了一种可控气压式制动放丝盘，包括自上而下依次包括上轴承端盖、上连接板、第一深沟球轴承、上轴承座、轴、轴套、下轴承座、第二深沟球轴承、推力球轴承、下托座、花盘、刹车盘以及刹车装置等结构。本实用新型提供的可控气压式制动放丝盘，采用气动制动结构以及全新的轴系设计，可实现快速制动，安全性能提高、工作劳动强度大大减轻。
10. 204689245 一种改造后新型压力管缠丝机
CN
07.10.2015
B65H 54/74 Loading...
B65H 54/74
Loading...
201520415033.2
宁夏青龙管业股份有限公司
殷金玉
B65H 54/74
Loading...
本实用新型公开了一种改造后新型压力管缠丝机，包括主机缠丝设备、小车和两个放丝盘以及控制配电柜、气动伸缩式尾部支撑架等结构，其中：主机缠丝设备还包括主电动机、主变频器；小车还包括小车驱动电机和小车控制变频器；每个放丝盘均还包括气动制动装置。本实用新型提供的改造后新型压力管缠丝机，安全性能更高，可靠性更强，且其大幅提升了预应力钢筋混凝土管的产能以及生产效率。
11. 204685923 一种气动伸缩式尾部支撑架
CN
07.10.2015
B21F 31/00 Loading...
B21F 31/00
Loading...
201520414436.5
宁夏青龙管业股份有限公司
杨树春
B21F 31/00
Loading...
本实用新型公开了一种气动伸缩式尾部支撑架，包括立柱、套管、销轴、轴承座轴承、气缸固定座、门架、滑道、调节螺杆、下滑板、下连杆、上连杆、上滑板和三个螺杆销轴、定位块等结构。本实用新型提供的气动伸缩式尾部支撑架，采用气动支撑方式，其调节缠丝机骨架尾端的高度的更加精确，避免了造成缠丝机骨架的摆动量太大的问题，进而保证了缠出的环网质量，支撑或放松缠丝机骨架的动作更加安全，稳定性和可靠性更好。同时弹簧销轴可以用于放松调节骨架机骨架直径，提升了工作效率，保证了生产作业安全。
12. 204533864 一种钢筋混凝土顶管
CN
05.08.2015
F16L 9/153 Loading...
F16L 9/153
Loading...
201520085987.1
宁夏青龙管业股份有限公司
宋克军
F16L 9/153
Loading...
本实用新型提供了一种钢筋混凝土顶管，属于管材领域，包括混凝土管体和设置于混凝土管体内的钢筋骨架。混凝土管体的一端设置有承口，另一端设置有混凝土插口，混凝土插口与混凝土管体一体成型，混凝土插口包括混凝土止胶台和胶圈槽。本实用新型提供的钢筋混凝土顶管的混凝土止胶台与混凝土管体是一体的，不仅减少了生产工序，节约了工时，而且成型后的混凝土止胶台位置准确，进而提高了接头的密封性，有效地防止了密封胶圈失效、漏水等情况的发生。
13. 203868538 混凝土管
CN
08.10.2014
F16L 9/153 Loading...
F16L 9/153
Loading...
201420303190.X
宁夏青龙管业股份有限公司
宁靖华
F16L 9/153
Loading...
本实用新型涉及管道运输领域，具体而言，涉及混凝土管。该混凝土管，包括：钢筒和阴极保护系统；钢筒的外表面上，沿其延伸的方向，设置有导电钢带；钢筒的外表面还设置有钢筋，钢筋缠绕在钢筒的外表面上，且导电钢带位于钢筒和钢筋之间；导电钢带与阴极保护系统电联接；钢筒内表面设置有内保护层；钢筒的外表面上设置有外保护层，且将导电钢带和钢筋覆盖。本实用提供的混凝土管，其在钢筒外表面设置了导电钢带，导电钢带再与阴极保护系统电联接，使钢筒与阴极保护系统形成回路。当将本实用新型中的混凝土管埋在地下进行输送液体的时候，由于混凝土管与阴极保护系统电联接使钢筒处于阴极，从而阻断钢筒的腐蚀，延长了混凝土管的使用寿命。

