1. 104283176 深水电飞缆单元连接分配装置
CN
01.03.2017
H02G 15/08 Loading...
H02G 15/08
Loading...
102014000526479
宁波东方电缆股份有限公司
钟科星
H02G 15/08
Loading...
本发明公开了一种深水电飞缆单元连接分配装置，特点是包括外壳和同轴设置于外壳内的内筒，内筒的两个轴端上分别密封连接有至少一个软管扣压接头，内筒的轴端与外壳相对应的轴端密封连接，且内筒与外壳之间的空间构成防水密封胶容纳腔，内筒具有一个用于容纳耐压防渗漏绝缘硅油的筒腔，软管扣压接头具有一个用于接入电飞缆单元的密封腔，筒腔与密封腔连通；优点是可在深水环境中使用且密封效果好，另外可用于不同导体截面大小的电飞缆单元的连接，也可用于多根电飞缆单元的连接，能够有效提高电飞缆的维修速度，从而提高施工作业的效率。
2. 205984345 一种多芯多回路海底动态缆
CN
22.02.2017
H01B 7/14 Loading...
H01B 7/14
Loading...
202016000764269
宁波东方电缆股份有限公司
许笑豪
H01B 7/14
Loading...
一种多芯多回路海底动态缆，包括铠装层，设于铠装层中的导电束和填充条，所述铠装层中设有若干条导电束，其中至少三条导电束设于分相护套中形成导电束集，本实用新型具有以下有益效果：提供了一种多芯多回路海底动态缆，采用两次成缆设计，减小内部填充面积，同时也提升了抗压力能力，减小了外径；对电缆内部进行重新排布线路损耗更小，压降更小；同时采用双层反向钢丝铠装，运用扭矩平衡原理提高了动态缆在水中的稳定性。
3. 106384625 一种适用于交流高压电缆和海缆的漆包型线绞合导体
CN
08.02.2017
H01B 7/282 Loading...
H01B 7/282
Loading...
201610911511.8
宁波东方电缆股份有限公司
叶信红
H01B 7/282
Loading...
一种适用于交流高压电缆和海缆的漆包型线绞合导体，所述漆包型线绞合导体由3~6层导体层绞合形成，导体层由漆包导体层与裸导体层交替形成，最外层导体层为裸导体层。与现有技术相比，本发明具有以下有益效果：提供了一种适用于交流高压电缆和海缆的漆包型线绞合导体，可用于大截面的导体结构设计，显著减少了集肤效应，节省原材料，阻水效果好，稳定性高，具有良好的发展前景。
4. 205582563 500kV光纤复合海底电缆
CN
14.09.2016
H01B 7/14 Loading...
H01B 7/14
Loading...
202016000291934
宁波东方电缆股份有限公司
郑琳
H01B 7/14
Loading...
500kV光纤复合海底电缆，包括设于电缆中的导体，设于导体外的内屏蔽层，设于内屏蔽层外的绝缘层，设于绝缘层外的外屏蔽层，设于外屏蔽层的金属护套，所述金属护套外设有PE护套，所述PE护套外设有PE填充条和光纤，所述PE填充条外设有铜铠装层，所述铜铠装层外设有内衬层和外被层。本实用新型具有以下有益效果：本实用新型中的海底电缆，具有更低的铠装涡流损耗和磁滞损耗，输电效率高，能适用于500kV及以上的超高电压输电，同时本海底电缆为光电复合电缆，功能多。
5. 105837843 一种用于电缆的聚酰亚胺/银复合薄膜的制备方法
CN
10.08.2016
C08J 7/00 Loading...
C08J 7/00
Loading...
201610194674.9
宁波东方电缆股份有限公司
童恩彬
C08J 7/00
Loading...
一种用于电缆的聚酰亚胺/银复合薄膜的制备方法，包括以下步骤：（1）预处理；（2）碱处理；（3）洗涤；（4）银溶液浸泡；（5）亚胺化：将步骤（4）处理后的聚酰亚胺薄膜放入干燥箱中，升温至78℃~82℃，接着每隔20分钟升温40℃至温度达到318℃~322℃，再隔20分钟升温至348℃~352℃，并在该温度下保持1小时；（6）冷却。本发明的制备方法所制备出的复合薄膜厚度小，纳米银层致密，用于电缆上在基本不改变电缆厚度的情况下，能有效的进行电磁屏蔽，减少辐射污染，且成本低。
6. 105632615 一种500kV光纤复合海底电缆
CN
01.06.2016
H01B 7/17 Loading...
H01B 7/17
Loading...
201610221540.1
宁波东方电缆股份有限公司
郑琳
H01B 7/17
Loading...
一种500kV光纤复合海底电缆，包括设于电缆中的导体，设于导体外的内屏蔽层，设于内屏蔽层外的绝缘层，设于绝缘层外的外屏蔽层，设于外屏蔽层外的金属护套，所述外屏蔽层和金属护套之间设有缓冲半导电阻水带，所述金属护套外设有半导电PE护套，所述半导电PE护套外设有半导电PP内衬层，所述半导电PP内衬层外设有PE填充条和光纤，所述光纤的两侧设有保护光纤的硬铝合金丝，所述PE填充条外设有紫铜铠装层，所述紫铜铠装层中的紫铜丝直径6mm，所述紫铜铠装层外设有半导电PP外被层。本发明中的海底电缆，具有更低的铠装涡流损耗和磁滞损耗，输电效率高，接地系统好，能适用于500kV及以上的超高电压输电，同时本海底电缆为光电复合电缆，功能多。
7. 204936166 一种电缆挤塑机中模芯的防降温装置
CN
06.01.2016
B29C 47/88 Loading...
B29C 47/88
Loading...
201520602612.8
宁波东方电缆股份有限公司
陈磊
B29C 47/88
Loading...
本实用新型公开了一种电缆挤塑机中模芯的防降温装置，包括设置在挤塑机机头中的模芯，特点是模芯的前端部分中固定设置有形状与模芯相同的金属衬套，金属衬套与模芯的内壁之间具有间隙；优点是由于模芯的前端部分中固定设置有金属衬套，当对电缆或缆芯进行挤塑时，可避免电缆或缆芯上的金属层直接与模芯接触，且金属衬套与模芯的内壁之间具有间隙，由于间隙中充满空气，可更好的防止模芯上的热量传导到金属衬套上，起到一个保温作用，保障了电缆挤塑加工过程中模芯温度的稳定，从而保证了护套的塑化效果，提高了电缆质量。
8. 204947123 用于不滴流海缆与柔直海缆连接的过渡接头
CN
06.01.2016
H01R 11/11 Loading...
H01R 11/11
Loading...
201520642991.3
浙江舟山海洋输电研究院有限公司
宣耀伟
H01R 11/11
Loading...
用于不滴流海缆与柔直海缆连接的过渡接头，涉及一种海缆接头。目前运行的不滴流海缆很难购得，一旦发生故障，维修困难。本实用新型包括导体连接器、接头内屏层、接头绝缘层、接头外屏层、接头铅套、接头保护层；导体连接器、接头内屏层、接头绝缘层、接头外屏层、接头铅套、接头保护层由内而外同心设置，导体连接器呈柱形，其左端开孔形成不滴流海缆腔，其右端开孔形成柔直海缆腔，不滴流海缆腔与柔直海缆腔隔断；接头内屏层外包在导体连接器上，不滴流海缆包裹段的内壁面为锥面，左端直径大于右端直径。本技术方案维修方便，电气性能不变,工作可靠，避免电气劣化、泄露、腐蚀或有害的收缩的情况发生。
9. 105098396 用于不滴流海缆与柔直海缆连接的过渡接头及其连接方法
CN
25.11.2015
H01R 11/11 Loading...
H01R 11/11
Loading...
201510526108.9
浙江舟山海洋输电研究院有限公司
宣耀伟
H01R 11/11
Loading...
用于不滴流海缆与柔直海缆连接的过渡接头及其连接方法，涉及一种海缆接头。目前运行的不滴流海缆很难购得，一旦发生故障，维修困难。本发明包括导体连接器、接头内屏层、接头绝缘层、接头外屏层、接头铅套、接头保护层；导体连接器、接头内屏层、接头绝缘层、接头外屏层、接头铅套、接头保护层由内而外同心设置，导体连接器呈柱形，其左端开孔形成不滴流海缆腔，其右端开孔形成柔直海缆腔，不滴流海缆腔与柔直海缆腔隔断；接头内屏层外包在导体连接器上，不滴流海缆包裹段的内壁面为锥面，左端直径大于右端直径。本技术方案维修方便，电气性能不变,工作可靠，避免电气劣化、泄露、腐蚀或有害的收缩的情况发生。
10. 105043896 水下缆弯曲刚度的测试方法
CN
11.11.2015
G01N 3/20 Loading...
G01N 3/20
Loading...
201510345085.1
宁波东方电缆股份有限公司
孙梦挺
G01N 3/20
Loading...
本发明公开了水下缆弯曲刚度的测试方法，特点是将水下缆的两端进行支撑，并使水下缆处于水平状态，在水下缆位于两个支撑端之间的中点处设置第一位移传感器，并在水下缆中点的两侧附近分别设置第二位移传感器，然后将第一位移传感器和第二位移传感器与控制系统电连接，在水下缆上沿其中点对称的两个位置处分别固定力传感器，将力传感器与控制系统电连接，在水下缆上固定有力传感器的位置处施加径向拉力，并通过关系式得到水下缆在弯曲过程中的弯曲刚度和曲率，同时控制系统绘制出水下缆的曲率与弯曲刚度之间的变化关系曲线；优点是通过该测试方法可测试得到水下缆的弯曲刚度值，并可用于验证通过理论公式计算得到的最小弯曲刚度值的准确性，对于水下缆在弯曲过程中其曲率与弯曲刚度的具体变化关系也可以通过曲线图得到直观的验证。
11. 105016107 一种电缆异形导体分色用色带的放线装置
CN
04.11.2015
B65H 16/00 Loading...
B65H 16/00
Loading...
201510466300.3
宁波东方电缆股份有限公司
黄韵
B65H 16/00
Loading...
本发明公开了一种电缆异形导体分色用色带的放线装置，特点是包括支架和定位盘，定位盘设置在支架上，定位盘上设置有轴向穿通的且形状分别与异形导体、色带一一匹配的导体孔和色带孔，色带孔位于导体孔的弧形面的外侧，定位盘位于进带的一侧端面上固定设置有连接架，连接架上轴接有用于卷绕色带的色带盘；优点是当异形导体在绝缘挤包时，将该装置安装到挤塑机的前方，并将异形导体穿过定位盘上的导体孔，将色带盘上的色带穿过定位盘上的色带孔，由于导体孔的形状与异形导体相匹配，且色带孔位于导体孔的弧形面的外侧，防止异形导体相对色带发生旋转，使得异形导体和色带在进入挤塑机时，色带始终位于异形导体的外弧面上。
12. 204720199 水下装备用脐带缆
CN
21.10.2015
H01B 7/14 Loading...
H01B 7/14
Loading...
201520436085.8
宁波东方电缆股份有限公司
童碧松
H01B 7/14
Loading...
本实用新型公开了水下装备用脐带缆，包括内层功能单元组和外层功能单元组，外层功能单元组设置在内层功能单元组的外围，特点是内层功能单元组的间隙处或外层功能单元组的间隙处分别填充有钢丝绳，钢丝绳上设置有保护层，外层功能单元组外设置有外保护层；优点是省去了传统的双层或数层钢丝铠装结构，在满足脐带缆的承重要求的前提下，大大减小了脐带缆的外径和刚度，也减轻了脐带缆的重量，降低了整个脐带缆系统的成本，同时也减小了绞车的负载。
13. 204596518 一种光电复合单芯高压陆缆
CN
26.08.2015
H01B 9/00 Loading...
H01B 9/00
Loading...
201520313397.X
宁波东方电缆股份有限公司
王玉芬
H01B 9/00
Loading...
本实用新型公开了一种光电复合单芯高压陆缆，包括一个电单元，电单元外设置有半导电阻水缓冲带，特点是半导电阻水缓冲带外设置有由多根填充条紧密排列而成的填充层，填充层内设置有至少一根光缆，填充层外绕包有包带，包带外绕有铜丝层，铜丝层外挤包有铅护套，铅护套的外表面涂覆有沥青，铅护套外设置有外护套；优点是由于包带外用铜丝层和铅护套替代了传统的皱纹铝套，在高压陆缆中可起到短路泄流的作用，满足高压陆缆系统的高短路容量要求。
14. 204596516 一种环保型三芯海底电缆
CN
26.08.2015
H01B 9/00 Loading...
H01B 9/00
Loading...
201520305608.5
宁波东方电缆股份有限公司
张成事
H01B 9/00
Loading...
本实用新型公开了一种环保型三芯海底电缆，包括三个电单元，三个电单元绞合后绕包有包带，三个电单元之间设置有填充物，包带外从内到外依次设置有内衬层、铠装层和外披层，特点是电单元包括从内到外依次设置的导体、内屏蔽层、绝缘层、外屏蔽层和绕包在外屏蔽层上的铜带层，包带与内衬层之间从内到外依次设置有涂塑铝套和PE护套；优点是用铜带替代了传统的铅套，且在包带外使用涂塑铝套作为电缆径向阻水层，且在涂塑铝套外挤塑PE护套，起到保护和增进阻水性能的效果，即保证了海底电缆的阻水效果又避免了使用铅套所引起的环境污染，同时降低了海缆的制造成本和重量，也减少了海缆运输、敷设等成本。
15. 204242665 一种高压防水电力电缆
CN
01.04.2015
H01B 9/02 Loading...
H01B 9/02
Loading...
201420784687.8
宁波东方电缆股份有限公司
郑琳
H01B 9/02
Loading...
本实用新型公开了一种高压防水电力电缆，包括从内到外依次设置的铜导体、半导电尼龙带、导体屏蔽层、绝缘层、绝缘屏蔽层、第一半导电阻水带和金属屏蔽层，半导电尼龙带绕包在铜导体外，第一半导电阻水带绕包在绝缘屏蔽层外，特点是铜导体由五等分的扇形导体拼成圆形后绞合而成，金属屏蔽层外设置有综合阻水层，综合阻水层包括由内到外设置的第二半导电阻水带、铝塑复合带和HDPE护套；优点是由于铜导体由五等分的扇形导体拼成圆形后绞合而成，且金属屏蔽层外设置有综合阻水层，使得该高压电力电缆在具有优异的阻水性能的前提下，重量轻、柔韧性好且加工工艺简单。
16. 204130274 电飞缆生产线中的充油装置
CN
28.01.2015
H01B 13/32 Loading...
H01B 13/32
Loading...
201420559369.1
宁波东方电缆股份有限公司
钟科星
H01B 13/32
Loading...
本实用新型公开了一种电飞缆生产线中的充油装置，其包括用于使电飞缆的软管内部形成真空负压的负压生成部件及用于向电飞缆的软管内部充入硅油的硅油注入部件，负压生成部件与斜放的电飞缆的第一湿式接头上的注油孔连接，硅油注入部件与斜放的电飞缆的第二湿式接头上的注油孔连接，斜放的电飞缆的第一湿式接头所处的位置高于斜放的电飞缆的第二湿式接头所处的位置；优点是利用负压生成部件使电飞缆的软管内部形成真空负压，利用硅油注入部件向已形成真空负压的电飞缆的软管内部灌入硅油，通过大气压完成硅油注入过程，不仅提高了充油速度，而且很好地避免了充入的硅油产生气泡，保证了注油后整根电飞缆的阻水性能。
17. 204117683 一种单芯光电复合海缆
CN
21.01.2015
H01B 11/22 Loading...
H01B 11/22
Loading...
201420548626.1
宁波东方电缆股份有限公司
叶信红
H01B 11/22
Loading...
本实用新型公开了一种单芯光电复合海缆，包括导体、绝缘层、金属屏蔽层、护套和铠装层，护套与铠装层之间设置有由多根PE填充条组成的填充层，填充层内设置有至少一根光缆单元，特点是光缆单元的两侧分别设置有铝合金丝，铝合金丝与光缆单元之间设置有一根PE填充条，填充层外绕包有至少一层半导电尼龙带，半导电尼龙带外绕包有至少一层SJD带；优点是通过该结构保证了包覆在填充层外面的包覆层（由半导电尼龙带和SJD带组成）即具有SJD带的粘性，又有尼龙带的抗张强度，在单芯光电复合海缆复合成缆时，彻底解决了光缆的跳浜现象，保护了光缆在复合成缆时不被压断，同时在铝合金丝受挤压弯曲时，保护了光缆不受损坏。
18. 204117621 一种水下生产系统用脐带缆
CN
21.01.2015
H01B 7/00 Loading...
H01B 7/00
Loading...
201420562111.7
宁波东方电缆股份有限公司
童碧松
H01B 7/00
Loading...
本实用新型公开了一种水下生产系统用脐带缆，包括脐带缆主体、用于包覆脐带缆主体的镀锌钢丝铠装层和用于包覆镀锌钢丝铠装层的外护套，脐带缆主体与镀锌钢丝铠装层之间设置有内护套，特点是脐带缆主体包括中心管单元和设置在中心管单元四周外侧的外侧管单元，中心管单元为不锈钢管单元且位于脐带缆主体的中心位置，外侧管单元包括信号单元和软管单元，中心管单元和外侧管单元之间的空隙位置设置有填充体。优点是中心管单元采用不锈钢管单元，将该不锈钢管单元作为化学药剂的输送管，可有效防止化学药剂的渗漏，保证了环境和操作人员的安全，且避免了高温失效的问题；外侧管单元采用软管单元，降低了脐带缆的制造成本，易于安装，降低了安装难度。
19. 204118678 深水电飞缆单元连接分配装置
CN
21.01.2015
H02G 15/08 Loading...
H02G 15/08
Loading...
201420581099.4
宁波东方电缆股份有限公司
钟科星
H02G 15/08
Loading...
本实用新型公开了一种深水电飞缆单元连接分配装置，特点是包括外壳和同轴设置于外壳内的内筒，内筒的两个轴端上分别密封连接有至少一个软管扣压接头，内筒的轴端与外壳相对应的轴端密封连接，且内筒与外壳之间的空间构成防水密封胶容纳腔，内筒具有一个用于容纳耐压防渗漏绝缘硅油的筒腔，软管扣压接头具有一个用于接入电飞缆单元的密封腔，筒腔与密封腔连通；优点是可在深水环境中使用且密封效果好，另外可用于不同导体截面大小的电飞缆单元的连接，也可用于多根电飞缆单元的连接，能够有效提高电飞缆的维修速度，从而提高施工作业的效率。
20. 204117682 一种用于地铁基站的阻燃和耐火光电复合缆
CN
21.01.2015
H01B 11/22 Loading...
H01B 11/22
Loading...
201420534158.2
宁波东方电缆股份有限公司
丰如男
H01B 11/22
Loading...
本实用新型公开了一种用于地铁基站的阻燃和耐火光电复合缆，包括三根电单元和至少一根光单元，三根电单元分别为火线、零线和地线，特点是三根电单元之间的中心位置设置有一根加强芯，加强芯、电单元和光单元相绞合后套设有硫化硅橡胶层，硫化硅橡胶层外绕包有塑钢带，塑钢带外设置有低烟无卤外护套；优点是由于三根电单元之间的中心位置设置有一根材料为钢丝或玻璃钢的加强芯，使得在敷设光电复合缆时可承受重量和拉力，保护光单元不受力，且硫化硅橡胶层可在火焰燃烧过程中快速的形成阻断火焰的优异隔绝层，而在硫化硅橡胶层外绕包有塑钢带，即可以提高复合缆的强度和刚性，同时又具有耐火作用，从而使得整根光电复合缆可实现直流拉远供电且耐火和阻燃性能好，适合用于地铁基站的电缆敷设。
21. 104112549 Long-length joint-free +/-200-kV flexible direct-current submarine cable manufacturing method
CN
22.10.2014
H01B 13/14 Loading...
H01B 13/14
Loading...
201410279813.9
宁波东方电缆股份有限公司
周则威
H01B 13/14
Loading...
Disclosed in the invention is a long-length joint-free +/-200-kV flexible direct-current submarine cable manufacturing method. The method is characterized in that the concrete process of co extrusion of an inner shielding material layer, an insulating material layer, and an outer shielding material layer is as follows: enough inner shielding materials, insulating materials, and outer shielding materials are added into an insulating extruding machine; before extrusion, the conductor preheater temperature of the insulating extruding machine is adjusted to 102 to 105 DEG C and the production speed is adjusted to 1.6m/min; during extruding, the melting temperature of the insulating materials is controlled to be at 127 to 128 DEG C and the melting pressure is controlled to be at 248 to 290 bar; and during the continuous production process of the insulating extruding machine, the melting temperature of the insulating materials is controlled at the 127 to 128 DEG C and the melting pressure of the insulating materials is controlled at 248 to 290 bar all the time, thereby ensuring that the insulating layer of the long-length joint-free +/-200-kV flexible direct-current submarine cable is obtained after the insulating extruding machine carries out production continuously for more than 19 days. The method has the advantage that the high consistency and matching of electric performances of the main insulating portion of the cable with the length are guaranteed and thus the demand of offshore power transmission is satisfied.
22. 203165553 柔性输电用直流海底电缆
CN
28.08.2013
H01B 9/00 Loading...
H01B 9/00
Loading...
201320088122.1
宁波东方电缆股份有限公司
张晨江
H01B 9/00
Loading...
本实用新型公开了柔性输电用直流海底电缆，特点是包括两个直流电单元，两个直流电单元外绕包有内衬层，内衬层与直流电单元所形成的空隙中填充满填充条，内衬层外设置有至少一层扁平铠装层，扁平铠装层外绕包有外披层，直流电单元包括从内到外依次设置的阻水导体、内屏蔽层、绝缘层和外屏蔽层，外屏蔽层外绕包有半导电阻水带，半导电阻水带外依次设置有铅套和护套，绝缘层的材料为直流交联聚乙烯，内屏蔽层和外屏蔽层的材料为直流屏蔽料；优点是由于采用直流电单元，使得该海底电缆的输送效率高、线损小，有利于远距离的大容量输电，且易于调节电流和改变功率传送方向，稳定性高；与交流海底电缆相比具有更长的寿命。
23. 203102992 单芯光纤复合中压陆缆
CN
31.07.2013
H01B 9/00 Loading...
H01B 9/00
Loading...
201320064548.3
宁波东方电缆股份有限公司
黄韵
H01B 9/00
Loading...
本实用新型公开了单芯光纤复合中压陆缆，包括导体，导体外依次设置有导体屏蔽层、绝缘层和绝缘屏蔽层，特点是绝缘屏蔽层外绕包有铜带，铜带外绕包有第一包带，第一包带外设置有光单元保护层，光单元保护层包括至少一根光单元和多根大小与光单元相适配的塑料填充条，光单元保护层外绕包有第二包带，第二包带外套设有外护套；优点是改变现有中压电缆的结构，实现了单芯中压陆缆与光缆的复合，同时具备电力传输、通信传输、在线监测具体位置的温度/变形的功能，实现了真正意义上的智能输配电网络功能。
24. 203103005 柔性输电用直流海底电缆结构
CN
31.07.2013
H01B 9/02 Loading...
H01B 9/02
Loading...
201320064632.5
宁波东方电缆股份有限公司
沈佩芳
H01B 9/02
Loading...
本实用新型公开了柔性输电用直流海底电缆结构，包括从内到外依次设置的阻水导体层、导体屏蔽层、绝缘层、绝缘屏蔽层、缓冲层、铅套、外护套、内衬层、铠装层和外被层，特点是绝缘层的材料为直流交联聚乙烯，阻水导体层的横截面为圆形且由多根单线导体绞合而成，单线导体的横截面的形状为扇环形；优点是由于单线导体的横截面的形状为扇环形，将多根扇环形的单线导体绞合成横截面为圆形的阻水导体层后，大大提高了阻水导体层的填充系数，其可达96%以上，且导体阻水性能优，导体外径比同截面的传统直流电缆中导体层的外径缩小3%～6%，且阻水导体层的表面非常光滑，提高了电缆的使用寿命。
25. 203102993 ±200kV柔性输电用直流海底电缆
CN
31.07.2013
H01B 9/00 Loading...
H01B 9/00
Loading...
201320064631.0
宁波东方电缆股份有限公司
周则威
H01B 9/00
Loading...
本实用新型公开了±200kV柔性输电用直流海底电缆，包括从内到外依次设置的阻水导体、导体屏蔽层、绝缘层、绝缘屏蔽层，绝缘屏蔽层外绕包有半导电阻水带，半导电阻水带外挤包有合金铅套和PE护套，PE护套外设置有内衬层、铠装层和外披层，特点是导体屏蔽层和绝缘屏蔽层的材料均为直流屏蔽料，绝缘层的材料为直流交联聚乙烯，绝缘层的厚度为14～18mm；优点是该柔性直流海缆可实现高电压、远距离大容量输电，且与相近电压等级同等截面的交流电缆相比，其传输容量是交流电缆的一倍以上，与交流电缆相比，其成本下降三分之一以上，而且在输电过程中，其线路损耗小，达到节能效果。
26. 203102961 一种滩涂用电缆
CN
31.07.2013
H01B 7/17 Loading...
H01B 7/17
Loading...
201320062091.2
宁波东方电缆股份有限公司
王玉芬
H01B 7/17
Loading...
本实用新型公开了一种滩涂用电缆，包括三个两两相外切的电单元，三个电单元绞合后绕包有包带，三个电单元与包带所围成的空间内填充有填充条，包带外依次设置有内护套、铠装层和外护套，特点是电单元包括从内到外依次分布的阻水导体、抗水树半导电屏蔽层、抗水树XLPE绝缘层、抗水树绝缘半导电屏蔽层、半导电阻水带、铜带和改性半导电PE护套；优点是可有效抑制水树的生成，提高电缆的寿命，抗水树绝缘半导电屏蔽层与铜带之间设置有半导电阻水带，可保证二者之间具有良好的电气连接及纵向阻水，采用铜带和改性半导电PE护套，不仅实现了电缆的径向阻水，而且提高了电缆的耐摩擦、防腐蚀和抗疲劳性能。
27. 203103004 500kV交联聚乙烯绝缘电力电缆
CN
31.07.2013
H01B 9/02 Loading...
H01B 9/02
Loading...
201320063369.8
宁波东方电缆股份有限公司
张晨江
H01B 9/02
Loading...
本实用新型公开了500kV交联聚乙烯绝缘电力电缆，包括从内到外依次分布的阻水导体、内屏蔽层、绝缘层、外屏蔽层、半导电阻水带、铅套、MDPE外护套和内衬层，绝缘层的材料为交联聚乙烯，特点是内衬层外设置有第一铠装层，第一铠装层外绕包有半导电特多龙带，半导电特多龙带外设置有第二铠装层，第一铠装层和第二铠装层均采用扁铜合金丝，第二铠装层外设置有外被层；优点是有效提高了电缆的载流量，且避免了扭应力不平衡的问题，提高了电缆的生产效率，方便了电缆的敷设，而且半导电特多龙带使得第一铠装层与第二铠装层的包扎更加均匀，使得铠装后的电缆外观更加圆整，紧密。
28. 203102991 ±320kV柔性输电用直流海底电缆
CN
31.07.2013
H01B 9/00 Loading...
H01B 9/00
Loading...
201320063255.3
宁波东方电缆股份有限公司
周则威
H01B 9/00
Loading...
本实用新型公开了±320kV柔性输电用直流海底电缆，包括从内到外依次设置的阻水导体、导体屏蔽层、绝缘层、绝缘屏蔽层，绝缘屏蔽层外绕包有半导电阻水带，半导电阻水带外挤包有合金铅套和PE护套，PE护套外设置有内衬层、铠装层和外披层，特点是导体屏蔽层和绝缘屏蔽层的材料均为直流屏蔽料，绝缘层的材料为直流交联聚乙烯，绝缘层的厚度为20～30mm；优点是该柔性直流海缆可实现高电压、远距离大容量输电，且与相近电压等级同等截面的交流电缆相比，其传输容量是交流电缆的一倍以上，与交流电缆相比，其成本下降三分之一以上，而且在输电过程中，其线路损耗小，达到节能效果。
29. 203102918 特种耐火电缆
CN
31.07.2013
H01B 7/04 Loading...
H01B 7/04
Loading...
201320063367.9
宁波东方电缆股份有限公司
张成事
H01B 7/04
Loading...
本实用新型公开了特种耐火电缆，包括三根绞合在一起的电单元，电单元外绕设有包带，特点是包带外套设有皱纹铜管，皱纹铜管外套设有外护套；优点是较传统的氧化镁加铜管结构具有更好的可弯曲性能，施工方便，在电缆正常运行情况下，皱纹铜管及外护套能够防潮防腐以及防止一定的外部冲击作用，能对绝缘层起到很好的保护作用，在火灾现场，可起到很好的耐火作用，在温度达到铜的熔点之前，保证电缆不会破损，在同样的耐火作用下，降低了制造成本。
30. 202975411 海缆的弯曲限制装置
CN
05.06.2013
G02B 6/44 Loading...
G02B 6/44
Loading...
201220598330.1
宁波东方电缆股份有限公司
钟科星
G02B 6/44
Loading...
本实用新型公开了海缆的弯曲限制装置，特点是包括法兰盘和至少十节依次相互间隙套接的连接体，法兰盘与用于连接海缆端部的水下设备固定连接，法兰盘上固定设置有安装部，位于第一节的连接体与安装部间隙套接，法兰盘和连接体内设置有用于穿海缆的中心孔；优点是将该装置套在海缆与水下设备的连接端上，可减小海缆的连接端因水下动态作用而产生的弯曲程度，从而避免海缆的连接处发生过度弯曲或产生疲劳失效，防止事故的发生。
31. 103123823 柔性输电用直流海底电缆
CN
29.05.2013
H01B 9/00 Loading...
H01B 9/00
Loading...
201310060737.8
宁波东方电缆股份有限公司
张晨江
H01B 9/00
Loading...
本发明公开了柔性输电用直流海底电缆，特点是包括两个直流电单元，两个直流电单元外绕包有内衬层，内衬层与直流电单元所形成的空隙中填充满填充条，内衬层外设置有至少一层扁平铠装层，扁平铠装层外绕包有外披层，直流电单元包括从内到外依次设置的阻水导体、内屏蔽层、绝缘层和外屏蔽层，外屏蔽层外绕包有半导电阻水带，半导电阻水带外依次设置有铅套和护套，绝缘层的材料为直流交联聚乙烯，内屏蔽层和外屏蔽层的材料为直流屏蔽料；优点是由于采用直流电单元，使得该海底电缆的输送效率高、线损小，有利于远距离的大容量输电，且易于调节电流和改变功率传送方向，稳定性高；与交流海底电缆相比具有更长的寿命。
32. 103093891 ±320kV柔性输电用直流海底电缆
CN
08.05.2013
H01B 9/00 Loading...
H01B 9/00
Loading...
201310042735.6
宁波东方电缆股份有限公司
周则威
H01B 9/00
Loading...
本发明公开了±320kV柔性输电用直流海底电缆，包括从内到外依次设置的阻水导体、导体屏蔽层、绝缘层、绝缘屏蔽层，绝缘屏蔽层外绕包有半导电阻水带，半导电阻水带外挤包有合金铅套和PE护套，PE护套外设置有内衬层、铠装层和外披层，特点是导体屏蔽层和绝缘屏蔽层的材料均为直流屏蔽料，绝缘层的材料为直流交联聚乙烯，绝缘层的厚度为20～30mm；优点是该柔性直流海缆可实现高电压、远距离大容量输电，且与相近电压等级同等截面的交流电缆相比，其传输容量是交流电缆的一倍以上，与交流电缆相比，其成本下降三分之一以上，而且在输电过程中，其线路损耗小，达到节能效果。
33. 202839015 深海装备用动态脐带缆
CN
27.03.2013
H01B 7/00 Loading...
H01B 7/00
Loading...
201220503040.4
宁波东方电缆股份有限公司
张永明
H01B 7/00
Loading...
本实用新型公开了深海装备用动态脐带缆，包括内护套、外护套和多个设置在内护套内的动力单元，特点是内护套内设置有至少三个数据传输单元，数据传输单元中包含至少一个光单元，数据传输单元与动力单元呈环形排列，所有的数据传输单元与所有的动力单元相绞合后外包有包带；优点是由于内护套内设置有至少一个光单元，可大幅提高脐带缆对深海装备的数据传输能力及可靠性，而由于数据传输单元中含有光单元，其通信量大，且不会明显增加脐带缆的体积和重量。
34. 202362205 一种脐带缆测试用接头
CN
01.08.2012
G01N 3/04 Loading...
G01N 3/04
Loading...
201120422750.X
中国海洋石油总公司
郭宏
G01N 3/04
Loading...
本实用新型涉及一种脐带缆测试用接头，其特征在于：它包括一底口小上口大倒锥套形推板，在推板外沿的边缘均设有若干锁紧螺孔，在推板的锥形孔内套设一右锥体和一左锥体两半锥套组成的圆锥套，在圆锥套顶部设置有一圆环形压板，压板端面的边缘设置有若干与锁紧螺孔对应的通孔，且同时间隔设置有若干紧固螺孔，在压板的顶部设置有一底部为凹底的圆盘形法兰，在法兰的中心位置设置有若干连接通孔，在法兰端面的边缘设置有与压板上的螺孔对应的通孔，在法兰的顶面连接一上、下各为圆环形中间呈圆筒状的过渡法兰，在过渡法兰顶部的兰盘上设置若干与实验设备对应连接的通孔，过渡法兰的底部兰盘上设置有与法兰的通孔对应连接的通孔。它可广泛用于水下生产系统脐带缆的测试过程中。
35. 202275636 创新型环保海底电缆
CN
13.06.2012
H01B 7/14 Loading...
H01B 7/14
Loading...
201120396762.X
宁波东方电缆股份有限公司
夏峰
H01B 7/14
Loading...
本实用新型公开了创新型环保海底电缆，包括从外到内依次分布的外被层、铠装层、内衬层和至少一个电单元，电单元包括从内到外依次设置的导体、导体屏蔽层、绝缘层、绝缘屏蔽层和线芯护套，特点是绝缘层为抗水树绝缘层，绝缘屏蔽层外缠绕铜带或疏绕铜丝形成金属屏蔽层；优点是由于采用了金属屏蔽层和抗水树绝缘层共同替代了原有的铅护套，避免了海底电缆在生产和使用过程中对人体以及环境造成的危害和污染，保护了环境；而且在使电缆达到同等性能包括使用寿命的前提下，减轻了海底电缆的重量，有利于大长度海底电缆的制造和敷设。
36. 202275028 水下缆的阻水测试装置
CN
13.06.2012
G01N 3/12 Loading...
G01N 3/12
Loading...
201120396763.4
宁波东方电缆股份有限公司
钟科星
G01N 3/12
Loading...
本实用新型公开了水下缆的阻水测试装置，包括筒体和安装在筒体下方的支架，筒体上一体设置有至少四根连接管，其中四根连接管分别与压力表、进水管、出水管和增压设备连接，筒体的两端分别设置有密封装置，特点是密封装置包括端头和密封盖，端头固定连接在筒体的端部，端头内设置有密封环，密封环的两端设置有压板，压板上设置有孔径与被测水下缆外径相等的通孔，密封盖压在外侧的压板上且与端头固定连接；优点是将被测的水下缆装入到筒体内，并在密封的筒体内注满水及增压，并可测试水下缆的耐水压和抗渗水性能；而且筒体上设置有观察机构，还可实时观察水下缆在筒体内测试的情况。
37. 102401766 一种脐带缆测试用接头及其安装方法
CN
04.04.2012
G01N 3/04 Loading...
G01N 3/04
Loading...
201110338407.1
中国海洋石油总公司
郭宏
G01N 3/04
Loading...
本发明涉及一种脐带缆测试用接头及其安装方法，它包括一底口小上口大倒锥套形推板，在推板外沿的边缘均设有若干锁紧螺孔，在推板的锥形孔内套设一右锥体和一左锥体两半锥套组成的圆锥套，在圆锥套顶部设置有一圆环形压板，压板端面的边缘设置有若干与锁紧螺孔对应的通孔，且同时间隔设置有若干紧固螺孔，在压板的顶部设置有一底部为凹底的圆盘形法兰，在法兰的中心位置设置有若干连接通孔，在法兰端面的边缘设置有与压板上的螺孔对应的通孔，在法兰的顶面连接一上、下各为圆环形中间呈圆筒状的过渡法兰，在过渡法兰顶部的兰盘上设置有若干与实验设备对应连接的通孔，过渡法兰的底部兰盘上设置有与法兰的通孔对应连接的通孔。它可广泛用于水下生产系统脐带缆的测试过程中。
38. 202159523 光纤复合低压电缆
CN
07.03.2012
H01B 9/00 Loading...
H01B 9/00
Loading...
201120272966.2
宁波东方电缆股份有限公司
夏峰
H01B 9/00
Loading...
本实用新型公开了光纤复合低压电缆，包括缆芯和从内到外依次包覆在缆芯外的包带层、内衬层、铠装层和外护层，特点是缆芯包括四根电单元、一根光单元和扇环形的填充单元，四根电单元中其中一根为圆形电单元，其余三根为扇环形电单元，三根扇环形电单元和填充单元依次紧贴围成一个扇环，且扇环形电单元和填充单元的内侧面与圆形电单元紧贴，光单元设置在填充单元中，圆形电单元、扇环形电单元、光单元和填充单元全部绞合形成缆芯；优点是由于将缆芯中其中三根电单元加工成扇环形，并紧贴在圆形的电单元上，使整根缆芯的结构紧凑，缩小了成品的外径，而且减少了填充物的填充量，也减少了钢带等辅助材料和外护层材料的用量，降低了成本。
39. 202093871 额定电压220kV三芯光电复合海底电缆
CN
28.12.2011
H01B 9/00 Loading...
H01B 9/00
Loading...
201120200792.9
宁波东方电缆股份有限公司
夏峰
H01B 9/00
Loading...
本实用新型公开了额定电压220kV三芯光电复合海底电缆，特点是包括从外到内依次分布的外披层、铠装层和内衬层，内衬层内设置有三个两两相外切的电单元，电单元与内衬层所围成的三处空隙处均填充有多个填充单元，三个电单元和所有的填充单元全部绞合形成一股海缆主芯部分，在绞合后的海缆主芯部分外绕包有涂胶布带，所有的填充单元中其中至少一个为光单元，其余的填充单元为填充绳；优点是该额定电压220kV的三芯光电复合海底电缆在使用时相位平衡，对铠装材料没有要求，不会造成铠装层的磁损，提高了电力的有效使用率，而且所占海域面积比同等规格的单芯海缆大大减少。
40. 102290135 Three-core photoelectric composite submarine cable with 220kV rated voltage
CN
21.12.2011
H01B 9/00 Loading...
H01B 9/00
Loading...
201110160092.6
Ningbo Orient Cable Co., Ltd.
Xia Feng
H01B 9/00
Loading...
The invention discloses a three-core photoelectric composite submarine cable with 220kV rated voltage. The cable is characterized by comprising an outer layer, an armor layer and a lining layer which are distributed from outside to inside in turn, wherein three electrical units in which every two units are externally tangential to each other are arranged in the lining layer; a plurality of filling units are filled in three gaps which are enclosed by the electrical units and the lining layer; the three electrical units and all the filling units are stranded into a submarine cable main core part; a gluing cloth tape is lapped outside the stranded submarine cable main core part; and at least one of all the filling units is an optical unit, and the rest filling units are filling ropes. The invention has the advantages that: the three-core photoelectric composite submarine cable with the 220kV rated voltage has a balanced phase during use, does not have requirements on armoring materials, can prevent the magnetic loss of the armor layer and improves the effective utilization rate of power; and the occupied sea area is greatly reduced compared with that of a single-core submarine cable with the same specification.
41. 201918202 浮式平台用深水海缆
CN
03.08.2011
H01B 7/14 Loading...
H01B 7/14
Loading...
201120010872.8
宁波东方电缆股份有限公司
夏峰
H01B 7/14
Loading...
本实用新型公开了一种浮式平台用深水海缆，包括静态部分海缆和动态部分海缆，静态部分海缆和动态部分海缆均包括三芯绞合为一体的缆芯和依次设置于缆芯外的第一内护套和至少一层第一铠装单元，静态部分海缆的最外一层第一铠装单元外设置有第一外护套，动态部分海缆的最外一层第一铠装单元外依次设置有至少一层第二铠装单元和第二外护套，优点在于本海缆的静态部分海缆的缆芯结构和动态部分海缆的缆芯结构一致，可以避免使用中间接头，这就能够有效提高海缆在动静态连接处的机械强度和弯曲性能，同时使得铺设过程简单、工作量大大减少；此外，通过在静态部分海缆的第一内护套外绕包一层金属防蚀带，可有效防止船虫、微生物等腐蚀缆芯。
42. 201853524 海上石油平台电力组网用的海底电缆
CN
01.06.2011
H01B 7/14 Loading...
H01B 7/14
Loading...
201020298276.X
中国海洋石油总公司
胡鹏
H01B 7/14
Loading...
一种海上石油平台电力组网用的海底电缆，其特征在于，海底电缆是电压等级为35KV，截面为3×(150～250)mm2，且设有海光缆单元的带光纤的复合型海底海缆，该海底电缆将分布在一个海域内的多个海上石油钻进平台上的多个海上平台电站连接形成一个并网发电的小型电力系统。该海底电缆电性能与物理、化学性能优异，有利于加强组网各油田间的通讯能力，可有效保证光纤通讯的有效性，极大地加强光纤的抗扭能力，保障电力组网的通讯畅通。
43. 201838373 一种单芯高压海缆的混合型铠装结构
CN
18.05.2011
H01B 7/22 Loading...
H01B 7/22
Loading...
201020516801.0
宁波东方电缆股份有限公司
叶信宏
H01B 7/22
Loading...
本实用新型公开了一种单芯高压海缆的混合型铠装结构，其包括混合铠装层，混合铠装层呈环形由青圆铜丝与无磁不锈钢丝一一间隔排列构成，优点在于采用由青圆铜丝与无磁不锈钢丝一一间隔排列构成的混合铠装层对海缆进行铠装，与镀锌圆钢丝铠装层相比，可有效减少铠装涡流损耗；另一方面，由于本铠装结构的混合铠装层由青圆铜丝与无磁不锈钢丝间隔排列而成，使用的青圆铜丝很少，与双层扁青铜丝铠装层相比，大大降低了铠装结构的成本，同时通过无磁不锈钢丝的利用，可提高海缆的整体机械性能，从而可大大提高海缆的抵抗恶劣环境性能；此外，本铠装结构能够较好地适用于110kV及以上高电压等级的海底电缆中。
44. 201838374 一种单芯高压海缆的轻型铠装结构
CN
18.05.2011
H01B 7/22 Loading...
H01B 7/22
Loading...
201020516882.4
宁波东方电缆股份有限公司
夏峰
H01B 7/22
Loading...
本实用新型公开了一种单芯高压海缆的轻型铠装结构，包括铝合金丝铠装层和设置于的铝合金丝铠装层外的无磁不锈钢丝铠装层，优点在于采用铝合金丝铠装层和无磁不锈钢丝铠装层双层连续对海缆进行铠装，与镀锌圆钢丝铠装层相比，可有效减少铠装涡流损耗；另一方面，由于本铠装结构未使用价格昂贵的铜材料进行铠装，与双层扁青铜丝铠装层相比，大大降低了铠装结构的成本，同时由于在铝合金丝铠装层外设置了一层无磁不锈钢丝铠装层，通过无磁不锈钢丝的利用，可提高海缆的整体机械性能，从而可大大提高海缆的抵抗恶劣环境性能；此外，本铠装结构能够较好地适用于110kV及以上高电压等级的海底电缆中。
45. 201796643 一种单芯高压海缆的高强度铠装结构
CN
13.04.2011
H01B 7/22 Loading...
H01B 7/22
Loading...
201020515481.7
宁波东方电缆股份有限公司
叶信宏
H01B 7/22
Loading...
本实用新型公开了一种单芯高压海缆的高强度铠装结构，其包括设置于单芯高压海缆的内护套外的青圆铜丝铠装层和设置于青圆铜丝铠装层外的无磁不锈钢丝铠装层，优点在于采用青圆铜丝铠装层和无磁不锈钢丝铠装层双层连续对海缆进行铠装，与镀锌圆钢丝铠装层相比，可有效减少铠装涡流损耗；另一方面，由于本铠装结构只使用了一层青圆铜丝铠装层，与双层扁青铜丝铠装层相比，大大降低了铠装结构的成本，同时由于在青圆铜丝铠装层外设置了一层无磁不锈钢丝铠装层，通过无磁不锈钢丝的利用，可提高海缆的整体机械性能，从而可大大提高海缆的抵抗恶劣环境性能；此外，本铠装结构能够较好地适用于110kV及以上高电压等级的海底电缆中。
46. 201780803 一种大截面高压海缆的导体结构
CN
30.03.2011
H01B 5/08 Loading...
H01B 5/08
Loading...
201020510110.X
宁波东方电缆股份有限公司
夏峰
H01B 5/08
Loading...
本实用新型公开了一种大截面高压海缆的导体结构，其由多个相互绝缘的导体单元分层紧压构成，优点在于由于该导体是由多个导体单元采用分层紧压方式构成，且各个导体单元之间相互绝缘，导体单元之间的绝缘有效减少了该导体的集肤效应影响，同时对于采用这种导体结构且截面为1600mm2以上的大截面导体，与采用分裂导体方式的导体结构相比，可提高20％以上的导体有效面积；另一方面，由于该导体的多个导体单元是采用分层紧压方式构成的，因此导体单元之间的间隙中能够方便地填入阻水材料，可有效达到导体的阻水要求。
47. 101950619 Hybrid armored structure of single-core high-voltage submarine cable
CN
19.01.2011
H01B 7/14 Loading...
H01B 7/14
Loading...
201010272387.8
Ningbo Orient Wires & Cables Co., Ltd.
Ye Xinhong
H01B 7/14
Loading...
The invention discloses a hybrid armored structure of a single-core high-voltage submarine cable. The structure comprises a hybrid armored layer, and the hybrid armored layer is annular and is formed by arranging green round copper wires and non-magnetic stainless steel wires at intervals one by one. The structure has the advantages that: compared with a galvanized round steel wire armored layer, the hybrid armored layer formed by arranging the green round copper wires and the non-magnetic stainless steel wires at intervals one by one cam effectively reduce the loss of armored vortex when used for armoring the submarine cable; on the other hand, because the hybrid armored layer of the armored structure is formed by arranging the green round copper wires and the non-magnetic stainless steel wires at intervals, the consumption of the green round copper wires is low, and the cost of the armored structure is greatly reduced compared with a double-layer flat bronze wire armored layer; meanwhile, the utilization of the non-magnetic stainless steel wires can improve the integral mechanical performance of the submarine cable so as to greatly improve the severe environment resistance of the submarine cable; and moreover, the armored structure can be well applied to the submarine cable of high-voltage level of 110kv or more.
48. 101916616 Submarine cable for power grid interlink of offshore oil platform
CN
15.12.2010
H01B 7/14 Loading...
H01B 7/14
Loading...
201010257851.6
China National Offshore Oil Corporation
Hu Peng
H01B 7/14
Loading...
The invention relates to a submarine cable for a power grid interlink of offshore oil platforms, which is characterized in that a plurality of offshore platform power stations on a plurality of offshore oil drilling platforms distributed in a sea area are connected through submarine cables so as to form a small-sized grid-connected power system. The submarine cables are compound type submarine cables, which are provided with submarine optical cable units and optical fibers with the voltage class of 35KV and the cross section of 3*(150-250)mm<2>. The submarine cables have excellent electric, physical and chemical properties, are beneficial to enhancing the communication capability of the grid interlink among all oil fields, and can effectively guarantee the effectiveness of optical fiber communication, greatly enhance the anti-torque capability of the optical fibers and ensure the smooth communication of the power grid interlink.
49. 101452098 Photoelectric composite sea cable repairing joint
CN
10.06.2009
G02B 6/44 Loading...
G02B 6/44
Loading...
200810186880.0
Ningbo Orient Cable Co., Ltd.
Wang Fengchun
G02B 6/44
Loading...
The present invention discloses a mending joint of photoelectric complex of submarine cable, which comprises a barrel and cover plates arranged on two ends of barrel. The submarine cable passes through the cover plates and is jointed in the barrel. Each cover plate is provided with a sealing fixing piece. A group of conductive tension rods which is electrically connected with the sealing fixing piece is installed between the sealing fixing piece and the barrel. The submarine cable in the barrel is provided with two inner barrels which cooperate with each other. A two-component resin is provided in the two inner barrels. The external surface of barrel is provided with an optical cable joint package. The optical cable is connected with the optical cable joint package through the barrel. The two-component resin is provided in the optical cable joint package. The mending joint according to the invention has the advantage that two ends of submarine cable are fixed as the sealing fixing piece is installed. The disconnection of joint of submarine cable under external force function is prevented. The electric connection between the armoured steel wires at two ends of submarine cable is ensured through the installation of conductive tension rod. As an optical cable joint package is provided, the optical fiber is connected with the joint package through the barrel and guarantees the electric connection of optical cable. The installation of double-component resin has the functions of corrosion prevention and waterproof sealing.
50. 201229428 光电复合海缆专用填充条
CN
29.04.2009
G02B 6/44 Loading...
G02B 6/44
Loading...
200820151293.3
宁波东方电缆股份有限公司
袁利浩
G02B 6/44
Loading...
本实用新型涉及一种光电复合海缆专用填充条，其特征是：所述的光电复合海缆专用填充条(8)由聚烯烃类塑料制成，整个外型为扇形的一部分，三个顶角(81)为圆弧，扇形的两条侧边(82)也做成圆弧形，在扇形中间开有孔(83)，所述的孔(83)在扇形的圆弧(84)上有开口(85)。本实用新型用聚烯烃类塑料制造光电复合海缆专用填充条，有很好的耐腐蚀性和高压电绝缘性，具有一定硬度和强度，并且柔软性、伸长率、冲击强度和渗透性较好，完全能够满足应用在光电复合海底电缆上的要求，并有效保护光缆单元不受机械损伤。
51. 101308715 Cable winding and distributing device
CN
19.11.2008
H01B 13/00 Loading...
H01B 13/00
Loading...
200810063530.5
Ningbo Orient Wires Cables Co., Ltd.
Ruan Wu
H01B 13/00
Loading...
The invention discloses a cable winding device, comprising a main bracket and a winding kickstand which is fixed on the main tray. A winding rack is arranged on the winding kickstand. The cable winding device is characterized in that a tray for winding the cable is connected on the main bracket through a shaft; a first drive mechanism for driving the tray to rotate is arranged at the bottom of the tray, and a second drive mechanism for driving the winding rack to move is arranged on the winding kickstand. The cable winding device has the advantages that since the tray is connected on the main bracket through a shaft and the winding rack can move transversely on the winding kickstand, a cable can be wound on the tray through the rotation of the tray and the cable can be located on the tray by moving the winding rack; in this way the cable can be wound radially on the tray in layers one by one, and except the gravity, the cable has no external forces. Meanwhile, the cable is not easy to twist, thus ensuring the quality of the cable and solving the problem in the production of long cables.
52. 201129546 一种海缆锚固装置
CN
08.10.2008
F16L 3/12 Loading...
F16L 3/12
Loading...
200720192299.0
宁波东方集团有限公司
王逢春
F16L 3/12
Loading...
本实用新型公开了一种海缆锚固装置，它包括底座，底座上设置有倒锥孔，倒锥孔中设置有倒锥形套，倒锥形套外表面与倒锥孔内表面相互配合，底座上方设置有压板，压板通过连接件与底座固定连接，压板上设置有环形夹紧面，环形夹紧面与倒锥形套上段弧面相互配合，底座边缘设置有与外部连接的安装孔，优点在于由于压板的环形夹紧面与倒锥形套上段弧面的相互配合及倒锥形套与底座上的倒锥孔的相互配合，当使用利用压板使倒锥形套基本与倒锥孔内表面密合，由于海缆的自重，使得倒锥形套与倒锥孔内表面更为夹紧，从而海缆被有效地固定于工作平台上；本实用新型具有高机械强度、高耐海水腐蚀性，且结构简单，工作可靠，还可用于深井作业等其他平台中。
53. 201130552 一种海底电缆
CN
08.10.2008
H01B 7/14 Loading...
H01B 7/14
Loading...
200720192300.X
宁波东方电缆股份有限公司
叶信宏
H01B 7/14
Loading...
本实用新型公开了一种海底电缆，包括由内到外设置的导体、绝缘层、缓冲层、铅套、内衬层、铠装层和外被层，特点是铅套与内衬层之间设置有将铅套与铠装层隔离的半导电聚乙烯防腐层；优点是在铅套与内衬层之间设置有半导电聚乙烯防腐层，使铅套上产生的感应电势直接通过半导电聚乙烯防腐层接地来消除，而不需要破坏内衬层，使铅套的放电均匀，效果好，而且电缆不会进水，防腐效果好，电缆的加工制造也比较简单。
54. 201122192 一种光电复合海缆的修理接头
CN
24.09.2008
G02B 6/44 Loading...
G02B 6/44
Loading...
200720192298.6
宁波东方电缆股份有限公司
王逢春
G02B 6/44
Loading...
本实用新型公开了一种光电复合海缆的修理接头，包括筒体和设置于筒体两端的盖板，海缆贯穿盖板于筒体内接合，盖板上设置有密封固定件，密封固定件与筒体之间设置有一组与密封固定件电连接的导电拉杆，筒体内的海缆上设置有相互配合的两个内筒体，两个内筒体内设置有双组分树脂，筒体外表面上设置有光缆接头包，光缆通过筒体与光缆接头包连接，光缆接头包内设置有双组分树脂，优点在于由于设置有密封固定件，使得海缆故障两端固定，避免了外力作用下海缆接合处断开；通过导电拉杆的设置确保了海缆故障两端铠钢丝之间的电气连通；由于设置有光缆接头包，光缆通过筒体与接头包连接，保证了光缆的电气连通；双组份树脂的设置起到了防腐防水密封作用。
55. 201049854 一种海底电缆的排线装置
CN
23.04.2008
B65H 75/34 Loading...
B65H 75/34
Loading...
200720109615.3
宁波东方电缆股份有限公司
王逢春
B65H 75/34
Loading...
本实用新型公开了一种海底电缆的排线装置，它包括排线架，排线架设置有与线缆池圆台相互配合的转轴，排线架上设置有移动排线机构，优点是由排线架和转轴及设置在排线架上的移动排线机构组成排线装置，将转轴轴接在圆台上，通过排线架使线缆绕圆台旋转缠绕，可以在收放线缆时减轻操作工的劳动强度，而排线架上设置的移动排线机构则可以使缠绕在圆台上的线缆紧凑、整齐。
56. 101158422 Sea cable anchoring device
CN
09.04.2008
F16L 3/08 Loading...
F16L 3/08
Loading...
200710156466.0
Ningbo Dongfang Group Co., Ltd.
Wang Fengchun
F16L 3/08
Loading...
The invention discloses a submarine cable anchoring device which comprises a seat, inverted tapered holes arranged on the seat, inverted tapered coverings arranged in the inverted tapered holes with the outer surface of the inverted tapered covering matched with the inner surface of the inverted tapered hole and a pressing plate arranged above the seat which is connected with the seat through connectors. The pressing plate is provided with a ring-shaped clamping surface which is matched with the contour of the upper part of the inverted tapered covering. Mounting holes are arranged along the edges of the seat and connected with external. The invention has the advantages that, as the ring-shaped clamping surface of the pressing plate is matched with the contour of the upper part of the inverted tapered covering and the inverted tapered covering is matched with the inverted tapered hole on the seat, the inverted tapered covering closely fits with the inner surface of the inverted tapered holes under the pressure of the pressing plate, and tightly clamps with the inner surface of the inverted tapered hole owing to the self weight of the submarine cable, thereby ensuring the submarine cable to be effectively fixed to a working platform. The invention has the advantages of strong mechanical strength, strong resistance to seawater corrosion, simple structure and reliable performance. The invention is suitable to be used for deep well service or other working platforms.
57. 101158741 Repair joint of photoelectric composite sea cable
CN
09.04.2008
G02B 6/44 Loading...
G02B 6/44
Loading...
200710156467.5
Ningbo Dongfang Group Co., Ltd.
Wang Fengchun
G02B 6/44
Loading...
The invention discloses a photoelectric composite submarine cable repair joint, which comprises a cylinder and cover boards arranged on two ends of the cylinder, the submarine cable penetrates the cover boards and jointed in the cylinder, the cover board is provided with an airproof fixation piece, a set of electricity conductive drawbars electrically connected with the airproof fixation piece is arranged between the airproof fixation piece and the cylinder, the submarine cable in the cylinder is provided with two mutual assorted inner cylinders, a double components resin is arranged in the two inner cylinder, the outer surface of the cylinder is provided with an optic cable joint package, the optic cable is connected with the optic cable joint package through the cylinder, a double components resin is arranged in the optic cable joint package, the invention has the advantages that: due to the setting of the airproof fixation piece, two fault ends of the submarine cable is fixed, the cutting of the submarine cable in the joint position under an outside force action is avoided; the setting of the electricity conductive drawbars ensures the electric communication between the jacket steel wire of the two submarine cable fault ends; due to the setting of the optic cable joint package, the optic cable is connected with the optic cable joint package through the cylinder and ensures the electric communication of the optic cable; the setting of the double components resin plays the role of anti-corrosion, waterproof, and airproof.
58. 201045710 一种海底交联电力电缆
CN
09.04.2008
H01B 9/00 Loading...
H01B 9/00
Loading...
200720108676.8
宁波东方电缆股份有限公司
叶信宏
H01B 9/00
Loading...
本实用新型公开了一种海底交联电力电缆，包括由内到外设置的线芯、铠装内衬层、铠装层和铠装外护层，特点是铠装层由多根均匀环绕排列的非磁性金属丝组成，非磁性金属丝外设置有塑料防腐层；优点是用非磁性金属丝铠装结构替代镀锌钢丝铠装结构既免除了采取镀锌钢丝铠装结构而产生的严重涡流、磁滞损耗，使其允许载流量比镀锌钢丝铠装电缆的允许载流量高出近30％，又保证了海底交联电力电缆的抗拉强度；而且在非磁性金属丝外设置有塑料防腐层，使非磁性金属丝铠装电缆能长期置于海水中而不会被腐蚀。
59. 201045709 一种高压海底电缆
CN
09.04.2008
H01B 7/14 Loading...
H01B 7/14
Loading...
200720109617.2
宁波东方电缆有限公司
叶信宏
H01B 7/14
Loading...
本实用新型公开了一种高压海底电缆，包括由内到外依次设置的导体、绝缘层、缓冲层、铅套、内护层、内衬层、铠装层和外被层，特点是内护层中嵌设有至少一根光缆单元；优点是将光缆单元嵌设在内护层中，光缆单元受内护层的保护而不会因外部的挤压被压扁，从而保证了光纤的传输性能，而且内护层的厚度比光缆单元的直径厚1.5mm时可获得最佳的性价比；光缆单元采用不锈钢套管，既方便实用又安全可靠；此外，整根电缆的结构大大节省了制造和敷设费用，既能用于传输电力，又可用于传输通讯信号，用途广泛。
60. 201038711 一种交联聚乙烯电缆的软接头
CN
19.03.2008
H02G 15/18 Loading...
H02G 15/18
Loading...
200720109616.8
宁波东方电缆有限公司
吴建宁
H02G 15/18
Loading...
本实用新型公开了一种交联聚乙烯电缆的软接头，包括设置在两根电缆的线芯连接部外的内半导电层和设置在最外面的铅管护套，两根电缆的线芯之间相互焊接，内半导电层与电缆内屏蔽层预留段结合，特点是内半导电层外设置有聚乙烯填充硫化绝缘层，聚乙烯填充硫化绝缘层与电缆的聚乙烯绝缘层相互硫化融合，聚乙烯填充硫化绝缘层两端设置有包覆在电缆的聚乙烯绝缘层外的过渡连接段，聚乙烯填充硫化绝缘层外设置有与电缆的外屏蔽层预留段结合的外半导电层，此结构的软接头尽可能的减少了杂质和空气间隙的存在，也能够较好的达到与交联电缆本体相接近的电气性能，最高耐压可达到35KV左右。
61. 201038712 一种交联聚乙烯电缆的软接头
CN
19.03.2008
H02G 15/18 Loading...
H02G 15/18
Loading...
200720109618.7
宁波东方电缆有限公司
吴建宁
H02G 15/18
Loading...
本实用新型公开了一种交联聚乙烯电缆的软接头，包括相互焊接两根电缆的线芯构成的线芯连接部、内半导电层和设置在最外面的铅管护套，内半导电层与电缆内屏蔽层预留段结合，特点是内半导电层与线芯连接部之间设置有尼龙带缠绕层，内半导电层外设置有聚乙烯填充硫化绝缘层，聚乙烯填充硫化绝缘层与电缆的聚乙烯绝缘层相互硫化融合，聚乙烯填充硫化绝缘层两端设置有包覆在电缆的聚乙烯绝缘层外的过渡连接段，聚乙烯填充硫化绝缘层外设置有与电缆的外屏蔽层预留段结合的外半导电层，此结构的软接头尽可能的减少了杂质和空气间隙的存在，此结构的软接头能够很好的达到与交联电缆本体相接近的电气性能，最高耐压可达到110KV左右。
62. 201036061 一种低烟无卤中压耐火电缆
CN
12.03.2008
H01B 7/00 Loading...
H01B 7/00
Loading...
200720108675.3
宁波东方集团有限公司
周厚强
H01B 7/00
Loading...
本实用新型公开了一种低烟无卤中压耐火电缆，包括缆芯和外护套，特点是缆芯与外护套之间由内到外依次设置有低烟无卤隔氧隔热层、石棉层、云母带和金属带挡火层，缆芯的空隙中填充有低烟无卤无尘岩棉绳；优点是耐高温，耐火焰，而且整根电缆的岩棉绳、隔热层和外护套均采用低烟无卤阻燃材料制造，即使电缆在火灾中燃烧也不会产生浓烟，低烟无毒，对人体无害，有利于人们逃生，因此可广泛应用于所有应用领域，特别是一些人口密集以及重点防火的场所。
63. 101071941 Submarine cable wire take-up and pay-off and boarding system
CN
14.11.2007
H02G 9/12 Loading...
H02G 9/12
Loading...
200710068757.4
Ningbo Dongfang Group Co., Ltd.
Wang Fengchun
H02G 9/12
Loading...
This invention discloses the board system and a submarine cable flaps Line, including the resumption of traction round, wire planes, cable embarkation devices and the supporting structures which set up a number of working platform, the working platform to set up a line traction installations and put online boat towing equipment, the working platform set up a number of cable beneath the pool, a cable winding circular pool set up Taiwan, characterized by at least two cable mutual Unicom is the pool, a round table set up wound a row of devices on the surface of the platform set up a parallel line to take line and missed trunkings leakage, or line leak trunkings and trunkings caving line leak on the same structure were set up with the first mobile arc frame and second mobile arc planes, Wound yen Taiwan counterparts at the top of the line leak trunkings next to a work platform, set up the first mobile location-arc structure, Taiwan counterparts Wound circle above the leakage trunkings caving line next to the work platform Arc set up a second mobile-positioning structure, the advantages can be stored longer submarine cable and at the same time cross-line operations conducted flaps.
64. 101068075 Soft joint for cross-linked polyethylene cable and producing method thereof
CN
07.11.2007
H02G 15/18 Loading...
H02G 15/18
Loading...
200710068758.9
Ningbo Dongfang Electric Cable Co., Ltd.
Wu Jianning
H02G 15/18
Loading...
This invention discloses a soft joint of a cross-linked polythene cable including an inner semiconductive layer and metal jacket sleeves, in which, two core leads between two cables are welded to form a core connection part, the inner semiconductive layer is combined with a preserved section of the inner screen layer of the cable characterizing in setting a polythene filled vulcanized insulation layer out of the inner semiconductive layer to be fused with the polythene insulation layer of the cable, and wrapping the polythene insulation of the cable with a transition connection section and an outer semiconductive layer combining with the preserved section of the outer screen of the cable is set out of the polythene filled vulcanized insulation layer, two ends of the metal jacket sleeve are welded with the out surfaces of lead protection pipe of the cable and set with slope connection sections.

