1. 104986911 一种工厂废水净化除污设备
CN
01.02.2017
C02F 9/10 Loading...
C02F 9/10
Loading...
102015000443563
宁波四维尔工业股份有限公司
罗旭强
C02F 9/10
Loading...
一种工厂废水净化除污设备，包括底座、收料装置、气缸装置、框体、抽水装置、蒸发装置、进水管及出水管，气缸装置包括气缸、推动杆、推动盘及封闭板，收料装置包括收料箱、第一过滤板、出水斗及储水箱，蒸发装置包括第二过滤网、隔板、竖板、横板及加热块，抽水装置包括抽水管及水泵，推动杆的下端与气缸连接，推动盘呈长方体，推动盘的侧面与框体的内表面接触，推动杆的上表面与推动盘的下表面固定连接，封闭板的侧面与框体的内表面固定连接，封闭板上设有第三通孔及第一封闭环，第一封闭环呈圆柱状，第一封闭环的外表面与封闭板固定连接。本发明能够对工厂产生的废水进行有效的净化除污，使得排出的废水无污染，从而可以充分的保护环境。
2. 105038145 用于汽车的PBT基复合材料及其制备方法
CN
25.01.2017
C08L 67/02 Loading...
C08L 67/02
Loading...
102015000313904
宁波四维尔工业股份有限公司
罗旭强
C08L 67/02
Loading...
本发明提供用于汽车的PBT基复合材料，其重量份组成为：PBT35～60份，POM 6～10份，硅酸铝纤维15～20份，阻燃剂10～15份，稳定剂0.5～1份，增韧剂1～6份，POE‑g‑MAH 5～8份，抗氧剂0.2～0.7份，流动促进剂1～6份，分散剂0.3～0.8份，抗静电剂1.5～2份。本发明还公开了该用于汽车的PBT基复合材料的制备方法。本发明提供的用于汽车的PBT基复合材料的耐水解性能较好，在高温高湿环境下能保持较好的性能。
3. 205774883 一种汽车饰条电镀用挂具
CN
07.12.2016
C25D 17/08 Loading...
C25D 17/08
Loading...
202016000510645
宁波四维尔工业股份有限公司
罗旭强
C25D 17/08
Loading...
本实用新型公开了一种汽车饰条电镀用挂具，包括铜制的框架、第一保护板、第一夹紧板、第二夹紧板和第二保护板，第一保护板、第一夹紧板、第二夹紧板和第二保护板的中部分别固定在框架上，框架的顶部设有正极接口和负极接口，第一夹紧板和第二夹紧板用于夹紧饰条的两端；本实用新型公开的汽车饰条电镀用挂具，电镀使用时，其第一夹紧板和第二夹紧板夹紧饰条的两端，由于第一保护板和第二保护板的设置，电镀过程中，流向饰条的电流较小，可有效保护饰条镀件，避免镀件烧焦、发黄。采用本实用新型挂具进行电镀的饰条，在开模时无需增加电镀保护脚，可减少饰条生产工序和工作量，有利于资源节约，同时电镀得到的饰条的质量高。
4. 205784942 一种用于检测汽车后牌照装饰板面差的检测装置
CN
07.12.2016
G01B 5/00 Loading...
G01B 5/00
Loading...
202016000511690
宁波四维尔工业股份有限公司
罗旭强
G01B 5/00
Loading...
本实用新型公开了一种用于检测汽车后牌照装饰板面差的检测装置，包括底座、支架、百分表和多个定位单元，其四根螺杆和四个螺母的配合可实现对汽车后牌照装饰板的宽度方向定位，两个活动式固定机构可实现对汽车后牌照装饰板的长度方向定位，对汽车后牌照装饰板的定位效果好，可模拟汽车后牌照装饰板装车状态，检测面差时，在多根打表杆上进行面差检测，易于操作，检测结果准确度高。检测后，将检测结果与要求的汽车后牌照装饰板的尺寸公差进行比对，即可判断汽车后牌照装饰板的面差是否在允许的公差范围内。通过本实用新型公开的检测装置，可实现对汽车后牌照装饰板的批量面差检测，且准确度高，可大幅提高汽车后牌照装饰板的面差检测效率。
5. 205769086 一种防缩痕和防变形的汽车饰条
CN
07.12.2016
B60R 13/02 Loading...
B60R 13/02
Loading...
202016000490042
宁波四维尔工业股份有限公司
罗旭强
B60R 13/02
Loading...
本实用新型公开了一种防缩痕和防变形的汽车饰条，包括饰条本体，饰条本体的一端连接设置有用于将汽车饰条与车身连接的连接板，饰条本体内在其长度方向开设有气体辅助注塑成型用气道，连接板内设置有与气道相连通的出气口，出气口处连接有溢流槽，饰条本体的另一端连接设置有注塑过渡件，注塑过渡件内设置有注塑流道，注塑流道与气道相连通，注塑过渡件的顶部设置有与注塑流道相连通的注塑浇口，注塑过渡件的底部连接设置有与注塑流道相连通的进气口和若干冷料存储套，若干冷料存储套用于装纳最先进入注塑流道内的熔融料；该饰条的总体壁厚较厚，残余应力小，无翘曲变形，表面无缩痕，重量轻，强度高，同时可简化饰条模具的结构设计。
6. 205601740 一种能提升产品装车外观质量的防擦条
CN
28.09.2016
B60R 13/04 Loading...
B60R 13/04
Loading...
201620417226.6
宁波四维尔工业股份有限公司
罗旭强
B60R 13/04
Loading...
本实用新型公开了一种能提升产品装车外观质量的防擦条，其防擦条本体的背面固定有两个弹性卡扣和一个定位柱，两个弹性卡扣对称设置在防擦条本体的两端，定位柱设置在防擦条本体的中部，汽车钣金上设置有与两个弹性卡扣和定位柱相适配的安装孔位，防擦条本体的背面设置有内凹的两道沉台，两道沉台沿防擦条本体的长度方向并行设置，两道沉台的外表面用于粘贴胶带；在防擦条本体的背面增加沉台后，可以减少防擦条与车身钣金之间的贴合间隙，也便于选择厚度适当增加的胶带，以提高防擦条与车身钣金之间的粘接力，使防擦条安装更牢固，同时结合两个弹性卡扣和一个定位柱的定位连接，从而有效提升防擦条装车质量，防止脱落，降低报废率，节约成本。
7. 105841575 一种用于检测汽车后牌照装饰板面差的检测装置
CN
10.08.2016
G01B 5/00 Loading...
G01B 5/00
Loading...
201610373150.6
宁波四维尔工业股份有限公司
罗旭强
G01B 5/00
Loading...
本发明公开了一种用于检测汽车后牌照装饰板面差的检测装置，包括底座、支架、百分表和多个定位单元，其四根螺杆和四个螺母的配合可实现对汽车后牌照装饰板的宽度方向定位，两个活动式固定机构可实现对汽车后牌照装饰板的长度方向定位，对汽车后牌照装饰板的定位效果好，可模拟汽车后牌照装饰板装车状态，检测面差时，在多根打表杆上进行面差检测，易于操作，检测结果准确度高。检测后，将检测结果与要求的汽车后牌照装饰板的尺寸公差进行比对，即可判断汽车后牌照装饰板的面差是否在允许的公差范围内。通过本发明公开的检测装置，可实现对汽车后牌照装饰板的批量面差检测，且准确度高，可大幅提高汽车后牌照装饰板的面差检测效率。
8. 205395972 一种无需胶带安装的汽车防擦条
CN
27.07.2016
B60R 13/04 Loading...
B60R 13/04
Loading...
201620181777.7
宁波四维尔工业股份有限公司
罗旭强
B60R 13/04
Loading...
本实用新型公开了一种无需胶带安装的汽车防擦条，包括防擦条本体，防擦条本体的背面间隔设置有多个第一卡扣和多个第二卡扣，每个第一卡扣套设在一个定位柱上，定位柱设置在防擦条本体上，定位柱上开设有螺孔，第一卡扣通过自攻螺钉固定在定位柱上，每个第二卡扣固定在一个定位座上，定位座设置在防擦条本体上，车身钣金上开设有分别与多个第一卡扣和多个第二卡扣相适配的卡孔；本实用新型提供的汽车防擦条，装配时通过卡扣的方式装配，将多个第一卡扣和多个第二卡扣卡入车身钣金上开设的卡孔内，实现防擦条的固定，避免了传统防擦条装配时大量胶带的使用，成本较低，便于装配，且防擦条易于装配到位，有利于提高装配后汽车车身的外观质量。
9. 105774685 一种无需胶带安装的汽车防擦条
CN
20.07.2016
B60R 13/04 Loading...
B60R 13/04
Loading...
201610134878.3
宁波四维尔工业股份有限公司
罗旭强
B60R 13/04
Loading...
本发明公开了一种无需胶带安装的汽车防擦条，包括防擦条本体，防擦条本体的背面间隔设置有多个第一卡扣和多个第二卡扣，每个第一卡扣套设在一个定位柱上，定位柱设置在防擦条本体上，定位柱上开设有螺孔，第一卡扣通过自攻螺钉固定在定位柱上，每个第二卡扣固定在一个定位座上，定位座设置在防擦条本体上，车身钣金上开设有分别与多个第一卡扣和多个第二卡扣相适配的卡孔；本发明提供的汽车防擦条，装配时通过卡扣的方式装配，将多个第一卡扣和多个第二卡扣卡入车身钣金上开设的卡孔内，实现防擦条的固定，避免了传统防擦条装配时大量胶带的使用，成本较低，便于装配，且防擦条易于装配到位，有利于提高装配后汽车车身的外观质量。
10. 205220207 一种汽车车轮盖
CN
11.05.2016
B60B 7/08 Loading...
B60B 7/08
Loading...
201520931878.7
宁波四维尔工业股份有限公司
罗旭强
B60B 7/08
Loading...
本实用新型公开了一种汽车车轮盖，包括车轮盖本体，车轮盖本体的一侧设置有第一卡扣组和第二卡扣组，第一卡扣组包括多个第一卡扣，第二卡扣组设置在第一卡扣组的内侧，第二卡扣组包括间隔设置的多个第二卡扣，第一卡扣组用于卡接车轮，第二卡扣组用于卡扣汽车标牌；本实用新型提供的汽车车轮盖无需使用成本较高的钢圈即可实现与车轮的装配且无需使用焊接方式将汽车标牌固定，汽车车轮盖以卡接替代焊接固定汽车标牌；装配后，车轮盖通过第一卡扣组卡接在车轮上，汽车标牌通过第二卡扣组卡扣在车轮盖上，装配起来方便、快捷、高效，能够大幅提升产品装配速度；此外，第一卡扣组和第二卡扣组可增大汽车车轮盖的整体强度，确保产品联接刚性。
11. 205219666 一种替代格栅电镀饰条的挤出件
CN
11.05.2016
B29C 47/06 Loading...
B29C 47/06
Loading...
201520933567.4
宁波四维尔工业股份有限公司
罗旭强
B29C 47/06
Loading...
本实用新型公开了一种替代格栅电镀饰条的挤出件，包括挤出件本体，挤出件本体的表面设置有由PU膜构成的PU膜层，该挤出件由挤出件本体及PU膜一体挤出得到；本实用新型公开的替代格栅电镀饰条的挤出件，结构简单，装配方便，成本低；该挤出件由挤出件本体及PU膜一体挤出得到，工序单一，避免了传统装饰条生产过程中复杂的模具、工装、检具、电镀挂具、大量螺钉及相应的操作人员的配备，同时产品生产效率及合格率得到提高，是传统格栅电镀饰条的理想替代品。
12. 205220552 一种通过反面结构提升产品外观的汽车标牌组件
CN
11.05.2016
B60R 13/10 Loading...
B60R 13/10
Loading...
201520931352.9
宁波四维尔工业股份有限公司
罗旭强
B60R 13/10
Loading...
本实用新型公开了一种通过反面结构提升产品外观的汽车标牌组件，包括标牌和底座，标牌为有机玻璃制成的透明标牌，标牌的反面设置有凹陷部，凹陷部为凹陷的反面图形或文字，凹陷部的表面设置有着色层，底座的正面设置有与凹陷部相匹配的外凸部，装配后，外凸部卡嵌在凹陷部内，标牌的正面即可显现立体图形或文字；本实用新型公开的通过反面结构提升产品外观的汽车标牌组件，其标牌反面的凹陷部兼具定位标牌及突显车标的作用，通过凹陷部与外凸部的卡嵌配合定位，可实现标牌与底座的快速、准确装配，装配后，从标牌正面可显现具有立体感效果的立体图形或文字，美观、不刮手，也不会有垃圾聚集，产品外观质量得到大幅提升。
13. 205220545 一种能提升产品装车外观质量的标牌
CN
11.05.2016
B60R 13/00 Loading...
B60R 13/00
Loading...
201520930529.3
宁波四维尔工业股份有限公司
罗旭强
B60R 13/00
Loading...
本实用新型公开了一种能提升产品装车外观质量的标牌，包括标牌本体，标牌本体的背面设有用于容纳胶带的藏胶槽，藏胶槽的深度小于胶带的厚度，胶带的一侧粘接设置在藏胶槽内，胶带的另一侧用于粘接车身钣金，标牌本体的背面设有定位柱，车身钣金上设有与定位柱相适配的定位孔，胶带上开设有与定位柱相适配的避让孔，标牌本体的两侧设有用于连接车身钣金的卡扣；本实用新型的标牌装车后，能够有效提高外观合格率及质量，减少产品报废率，并减少修磨时间，从而节约工时及成本。
14. 205220553 一种汽车后排照饰板的防错结构
CN
11.05.2016
B60R 13/10 Loading...
B60R 13/10
Loading...
201520931876.8
宁波四维尔工业股份有限公司
罗旭强
B60R 13/10
Loading...
本实用新型公开了一种汽车后排照饰板的防错结构，该照饰板包括板体，板体上开设有安装孔，安装孔上装配有堵盖，安装孔的一侧孔壁上设置有防错块，堵盖的一侧边缘设置有两个定位块，两个定位块间隔设置，两个定位块之间形成有用于容纳防错块的缺口；本实用新型防错结构应用于汽车后排照饰板上后，通过防错块与两个定位块的配合，在堵盖装配时可起到防错效果，有效避免堵盖装反情况；堵盖装配时，若装反，则堵盖无法装入安装孔内，因此该防错结构可起到提醒安装人员正确安装堵盖及摄像头的作用。
15. 204063490 一种汽车空调出风口的拨动装置
CN
31.12.2014
F24F 13/10 Loading...
F24F 13/10
Loading...
201420380292.1
宁波四维尔工业股份有限公司
方旭明
F24F 13/10
Loading...
本实用新型公布了一种汽车空调出风口的拨动装置，包括套设在水平叶片上的拨钮及用于实现多个水平叶片联动的连杆，所述的水平叶片上设置有第一限位部和第二限位部，所述的拨钮的一侧壁位于所述的第一限位部和所述的第二限位部之间；优点是使用该拨动装置时，垂直叶片不会与空调出风口的侧壁发生碰撞，避免用力过猛时造成垂直叶片损坏。
16. 204063491 一种汽车空调出风口上的装饰拨钮
CN
31.12.2014
F24F 13/10 Loading...
F24F 13/10
Loading...
201420381277.9
宁波四维尔工业股份有限公司
方旭明
F24F 13/10
Loading...
本实用新型公布了一种汽车空调出风口上的装饰拨钮，包括喷漆座和电镀盖，电镀盖位于喷漆座的顶部，喷漆座和电镀盖相互独立，喷漆座的顶端设置有凹槽，电镀盖位于凹槽内，喷漆座通过锁定机构将电镀盖固定；优点是进行生产时，单独对喷漆座进行喷漆处理，对电镀盖进行电镀处理，喷漆和电镀两个步骤同时进行，提升了产品合格率的同时，增长了产品的生产效率。
17. 204063489 一种汽车空调出风口上拨钮的阻尼结构
CN
31.12.2014
F24F 13/10 Loading...
F24F 13/10
Loading...
201420379663.4
宁波四维尔工业股份有限公司
方旭明
F24F 13/10
Loading...
本实用新型公布了一种汽车空调出风口上拨钮的阻尼结构，包括水平叶片和套设在水平叶片上的拨钮，水平叶片上设置有凹槽，凹槽内设置有金属弹性片，金属弹性片的两端向内侧折弯形成两个支撑脚，支撑脚支撑在所述的凹槽的底部，金属弹性片的中部向上拱起并紧压拨钮的内侧壁；优点是该结构使用弹性系数较高的弹性金属片对拨钮施加压力，不会因为长时间的使用而导致摩擦力降低，使得该阻尼结构使用寿命更长。
18. 204063494 一种汽车空调出风口纵向叶片的安装结构
CN
31.12.2014
F24F 13/15 Loading...
F24F 13/15
Loading...
201420379396.0
宁波四维尔工业股份有限公司
方旭明
F24F 13/15
Loading...
本实用新型公布了一种汽车空调出风口纵向叶片的安装结构，包括空调出风口和安装在空调出风口内的纵向叶片，空调出风口的前侧板上设置有前侧轴孔，空调出风口的后侧板上设置有后侧轴孔，纵向叶片两端的连接轴一一对应地穿设在前侧轴孔和后侧轴孔内，后侧板上设置有倾斜的弹性片，弹性片的上端与后侧板一体连接，弹性片的下端为自由端，后侧轴孔设置在所述的自由端上；优点是通过该结构工作人员安装纵向叶片时安装效率高，产品损坏率低。
19. 203472712 一种避免电镀时被击穿露塑的塑料汽车装饰条
CN
12.03.2014
B60R 13/00 Loading...
B60R 13/00
Loading...
201320444176.7
宁波四维尔工业股份有限公司
李德龙
B60R 13/00
Loading...
本实用新型公布了一种避免电镀时被击穿露塑的塑料汽车装饰条，包括装饰条和两个辅助插片，装饰条通过辅助插片与电镀挂具连接，两个辅助插片固定安装在装饰条的两端，每一个辅助插片都上设置有至少一条导电筋，导电筋分别与装饰条和电镀挂具上的电路连通，当装饰条进行电镀时，电流经由辅助插片上的导电筋传送；优点是通过导电筋传送电流的结构减小了辅助插片上导电体与电镀挂具的接触面积，使电阻增大，辅助插片的电流相对减小，电流不易将辅助插片击穿且导电效果不会减少，避免了装饰条电镀时被击穿露塑的可能性，提高产品电镀的合格率。
20. 203472716 一种印刷时分界线清晰的透明汽车标牌
CN
12.03.2014
B60R 13/00 Loading...
B60R 13/00
Loading...
201320477967.X
宁波四维尔工业股份有限公司
毛柏达
B60R 13/00
Loading...
本实用新型公布了一种印刷时分界线清晰的透明汽车标牌，包括安装件和装饰件，装饰件与安装件固定连接，装饰件上具有印刷面，印刷面包括至少两个区域，相邻两个区域所需印刷的颜色不同，相邻的两个区域之间设置有用于阻挡油墨的台阶，当印刷时，油墨被台阶阻挡，无法进入相邻区域；优点是印刷时油墨被台阶阻挡住，无法进入相邻的区域，产品分界线清晰，生产合格率高。
21. 203472714 一种避免喷漆面边缘油漆堆积的汽车装饰件
CN
12.03.2014
B60R 13/00 Loading...
B60R 13/00
Loading...
201320477620.5
宁波四维尔工业股份有限公司
毛柏达
B60R 13/00
Loading...
本实用新型公布了一种避免喷漆面边缘油漆堆积的汽车装饰件，包括安装件和装饰件，安装件与装饰件固定连接，装饰件上具有喷漆面，喷漆面为一个微凸的球面，当喷漆时，油漆在重力作用下向与喷漆面相邻的侧表面流动；优点是可以避免油漆在喷漆面边缘处产生堆积，从而避免影响产品外观。
22. 203472715 一种具有卡扣结构的汽车标牌
CN
12.03.2014
B60R 13/00 Loading...
B60R 13/00
Loading...
201320477962.7
宁波四维尔工业股份有限公司
李德龙
B60R 13/00
Loading...
本实用新型公开了一种具有卡扣结构的汽车标牌，包括电镀标牌、格栅底座和金属卡扣，电镀标牌背面设有固定脚，格栅底座设有通孔，固定脚穿过通孔，金属卡扣套在固定脚上，金属卡扣贴紧格栅底座背面卡紧固定脚固定，其优点在于降低成本、延长使用寿命，金属卡扣固定时采用辅助气动工装压紧，牢固度增加，电镀标牌脱落失效率大大降低，同时取消冲胶、附胶工序，提高生产效率，电镀标牌两边翘起变形时卡扣卡接的力度可将变形的电镀标牌拉回，不影响电镀标牌装配。
23. 203472713 一种避免注塑时缩水的汽车装饰件
CN
12.03.2014
B60R 13/00 Loading...
B60R 13/00
Loading...
201320477589.5
宁波四维尔工业股份有限公司
方旭明
B60R 13/00
Loading...
本实用新型公布了一种避免注塑时缩水的汽车装饰件，包括主体，主体上间隔设置有至少两个用于与螺钉配合将主体固定在汽车钣金件上的螺钉柱，螺钉柱具有螺孔，螺孔内设置有螺纹，螺钉柱与主体的连接处设置有环形凹槽，环形凹槽的上端面直径大于环形凹槽的下端面直径，环形凹槽的底端距离主体底端的高度与螺孔的底端距离主体底端的高度一致；优点是减小了螺钉柱与主体连接处的壁厚，避免了注塑时螺钉柱与主体的连接处缩水。
24. 203409964 一种汽车标识牌的注塑模具
CN
29.01.2014
B29C 45/26 Loading...
B29C 45/26
Loading...
201320444194.5
宁波四维尔工业股份有限公司
方旭明
B29C 45/26
Loading...
本实用新型公开了一种汽车标识牌的注塑模具，包括定位板、型腔和型芯，型芯通过固定架固定在定位板上，型腔和型芯配合后形成一个汽车标识牌的注塑空间，型芯的上表面为平面，型腔的内侧面包括基本面和过渡面，基本面位于过渡面的上方，过渡面与型芯的上表面之间呈一锐角，锐角范围为89度～89.6度，基本面和过渡面之间呈一钝角，其优点是可最大程度地防止飞边产生，具体的角度选择需要预先知道产品的出飞边位置；大大降低了产品注塑之后跑飞边太明显所产生模具重开等费用；减少了工人修产品飞边的工作量。减少了因跑飞边而做反复调试的步骤、加快了生产效率。
25. 203409844 一种修剪字牌电镀脚的工装
CN
29.01.2014
B26F 1/38 Loading...
B26F 1/38
Loading...
201320445534.6
宁波四维尔工业股份有限公司
李德龙
B26F 1/38
Loading...
本实用新型公开了一种修剪字牌电镀脚的工装，包括底座、压紧机构、驱动机构、刀片与用于放置字牌的安装座，所述的压紧机构活动设置在底座上，压紧机构上设置有压紧块，安装座固定在底座中央，所述的刀片固定在驱动机构上，刀片位于字牌的上方，刀片紧贴字牌，在压紧机构的驱动下，压紧块下压将字牌紧压在安装座上，刀片在驱动机构的带动下沿着字牌表面移动压紧压紧块，操作手柄连杆机构，手柄连杆机构带动尺条运动，刀片将电镀脚整体剪切掉，简化了修剪电镀脚的过程，提高了修剪效率。
26. 203410392 一种汽车装饰字牌安装结构
CN
29.01.2014
B60R 13/04 Loading...
B60R 13/04
Loading...
201320443721.0
宁波四维尔工业股份有限公司
方旭明
B60R 13/04
Loading...
本实用新型公开了一种汽车装饰字牌安装结构，包括底座和字牌，底座上开设有多个安装孔位，字牌包括一体成型的字牌本体和插脚，字牌本体位于底座的正面，插脚插在安装孔位内，其优点是字牌和底座相互独立注塑，然后再将字牌安装在底座上来提高产品的合格率；在字牌制作过程中，熔融塑料中加入色母字牌的颜色；减少了对产品喷漆的步骤，可有效的改善了产品喷漆漏亮等问题；大大降低了产品喷漆之后效果差产品报废等费用。减少了因喷漆漏亮、溢漆后休整擦产品的步骤、加快了生产效率。
27. 203410391 一种汽车装饰件
CN
29.01.2014
B60R 13/00 Loading...
B60R 13/00
Loading...
201320477019.6
宁波四维尔工业股份有限公司
毛柏达
B60R 13/00
Loading...
本实用新型公布了一种汽车装饰件，包括安装件和装饰件，安装件与装饰件固定连接，装饰件具有后表面和斜坡面，后表面与斜坡面之间设置有过渡面，过渡面与后表面垂直；优点是通过过渡面使后表面和前表面的连接处不过于尖锐，降低了生产难度，产品废品率低。
28. 203410390 一种电镀前的汽车装饰件
CN
29.01.2014
B60R 13/00 Loading...
B60R 13/00
Loading...
201320445595.2
宁波四维尔工业股份有限公司
李德龙
B60R 13/00
Loading...
本实用新型公开了一种电镀前的汽车装饰件，包括狭长型的装饰件本体，狭长型的装饰件本体上设置有两个电镀保护脚，电镀保护脚安装在狭长型的装饰件本体的尖端，电镀保护脚包括保护部件与连接部件，保护部件为圆弧状，保护部件与狭长型的装饰件本体尖端的弧形轮廓相适应，保护部件通过连接部件与狭长型的装饰件本体的尖端连接。电镀保护脚使得狭长型的装饰件本体不需要手工打磨尖端，电镀放电时狭长型的装饰件本体尖端被电镀保护脚保护，电流被保护部件吸收，产品尖端不易烧焦、结瘤。
29. 203410389 一种汽车标识字牌
CN
29.01.2014
B60R 13/00 Loading...
B60R 13/00
Loading...
201320445587.8
宁波四维尔工业股份有限公司
李德龙
B60R 13/00
Loading...
本实用新型公开了一种汽车标识字牌，其特征在于包括字牌本体与多个附胶筋，字牌本体的前端面平整，字牌本体包括笔画部分，笔画部分的背面设置有四周封闭的凹槽，凹槽深度小于字牌本体的厚度，附胶筋横跨在凹槽的两侧壁之间，附胶筋间隔排列在凹槽上。注塑时字牌表面不会产生缩痕，影响外观。同时还减少产品重量，节约了成本。
30. 203141760 一种狭长型汽车装饰件的注塑模具
CN
21.08.2013
B29C 45/26 Loading...
B29C 45/26
Loading...
201320092218.5
宁波四维尔工业股份有限公司
方旭明
B29C 45/26
Loading...
本实用新型公开了一种狭长型汽车装饰件的注塑模具，包括定位板、型腔和型芯，型芯通过固定架固定在定位板上，型腔和型芯相互配合，其特征在于：型腔和型芯配合后形成一个狭长型汽车装饰件的注塑空间，注塑空间的截面呈一定弧度，弧度范围为8度-12度，其优点是：弧形的注塑空间利用了产品的特性、改变了狭长型汽车装饰件的注塑模具，需要预先知道产品的起翘位置跟起翘量；通过预变型结构设计很有效的改善了注塑之后的起翘缺陷；大大降低了产品注塑之后起翘太明显所产生模具重开等费用。减少了因起翘而做反复调试的步骤、加快了生产效率。
31. 202962751 一种提升产品电镀喷漆质量的罩具
CN
05.06.2013
B05B 15/04 Loading...
B05B 15/04
Loading...
201220387125.0
宁波四维尔工业股份有限公司
黄益军
B05B 15/04
Loading...
本实用新型公开了一种提升产品电镀喷漆质量的罩具，特点是罩具上表面设置有用于防止油漆溢出的凹槽，凹槽为圆形、矩形或阶梯形，凹槽分布在罩具的上表面光滑区域，凹槽为若干个且分别均布在罩具的上表面光滑区域，罩具的外侧设置有用于与汽车部件的外沿搭接的罩具搭接边沿，罩具搭接边沿的宽度为1mm，优点是使汽车部件的电镀面与喷漆面分界清楚，从而提升汽车整体外观美感和质量，提高成品合格率，提高工作效率。
32. 202784348 一种装汽车标牌的周转箱
CN
13.03.2013
B65D 85/30 Loading...
B65D 85/30
Loading...
201220380163.3
宁波四维尔工业股份有限公司
顾安军
B65D 85/30
Loading...
本实用新型公开了一种装汽车标牌的周转箱，包括上开口的箱体，箱体内至少设置一个摆放框架，摆放框架包括底板、多个纵向挡板和多个横向挡板，纵向挡板和横向挡板竖直放置，横向挡板和纵向挡板交错后形成多个矩形的容物腔，优点是容物腔内可置放汽车标牌，框架的基体由塑料制成，比较轻便，同时外部包覆有EVA，比较柔软，不会对汽车标牌的外表面造成损伤。本实用新型方便统计汽车标牌的数量，同时搬运方便。
33. 202782993 一种能有效防水防尘的车身装饰条
CN
13.03.2013
B60R 13/06 Loading...
B60R 13/06
Loading...
201220387118.0
宁波四维尔工业股份有限公司
黄益军
B60R 13/06
Loading...
本实用新型公开了一种能有效防水防尘的车身装饰条包括装饰条本体，装饰条本体具有装饰面和与装饰面相对的装配面，特点是装配面上与车身钣金连接处设置有密封条，装配面上设置有若干个卡扣固定件，卡扣固定件上设置有卡扣安装孔，卡扣安装孔的孔壁上设置有定位凹槽，卡扣前端的环形凸缘卡嵌在定位凹槽中，卡扣安装孔具有缺口，卡扣安装孔的外侧端面沿装配面方向倾斜一定角度形成三角凸缘，卡扣上靠近环形凸缘处设置有环形凹槽，三角凸缘抵接在环形凹槽内，卡扣固定件的外壁呈一定角度弯折，卡扣固定件与车身钣金之间设置有密封垫圈，密封垫圈套设在卡扣上，优点是避免车身钣金生锈和刮伤，破坏车身整体美观，并且固定连接可靠、安装拆卸方便快捷。
34. 202782990 一种防止卡扣脱落的车身装饰条
CN
13.03.2013
B60R 13/04 Loading...
B60R 13/04
Loading...
201220387182.9
宁波四维尔工业股份有限公司
黄益军
B60R 13/04
Loading...
本实用新型公开了一种防止卡扣脱落的车身装饰条，包括装饰条本体，装饰条本体具有装饰面和与装饰面相对的装配面，特点是装配面上设置有若干个卡扣固定件，卡扣固定件上设置有卡扣安装孔，卡扣安装孔的孔壁上设置有定位凹槽，卡扣前端的环形凸缘卡嵌在定位凹槽中，卡扣安装孔具有缺口且靠近缺口处的孔壁上设置有弹性卡块，卡扣安装孔的外侧端面沿装配面方向倾斜一定角度形成三角凸缘，三角凸缘的倾斜角度为10-45°，卡扣上靠近环形凸缘处设置有环形凹槽，三角凸缘抵接在环形凹槽内，优点是使卡扣更好的固定在卡扣固定件，避免汽车行驶过程中因振动，导致卡扣脱落，从而使装饰条从车身结构件上脱落，并且连接可靠、安装拆卸方便快捷。
35. 202782978 一种会发光的汽车标牌
CN
13.03.2013
B60R 13/00 Loading...
B60R 13/00
Loading...
201220379856.0
宁波四维尔工业股份有限公司
岑文杰
B60R 13/00
Loading...
本实用新型公开了一种会发光的汽车标牌，底座、导光板、透明标牌和外圈，导光板和透明标牌通过外圈固定在底座上，导光板放在底座与透明标牌之间，底座上安装有LED驱动电路，导光板上安装有多个LED灯，LED驱动电路与LED灯连接，其优点是LED灯照射在导光板，在晚上能看到透明标牌，光线比较均匀，照明效果很好。
36. 202784098 一种周转箱
CN
13.03.2013
B65D 21/032 Loading...
B65D 21/032
Loading...
201220379797.7
宁波四维尔工业股份有限公司
毛勇
B65D 21/032
Loading...
本实用新型公开了一种周转箱，包括上开口的箱体，特点是箱体的内侧面上设置有多个第一插槽，箱体内设置有至少一片横向插片，横向插片的两端插接在第一插槽中，箱体内设置有至少一片纵向插片，纵向插片的两端插接于第一插槽中，横向插片上设置有多个第二插槽，纵向插片上设置有多个第三插槽，横向插片与纵向插片插接配合；优点是可以根据产品大小灵活调整横向插片和纵向插片的位置，使存放区域能够满足产品的大小，能方便、快速、准确地统计出所存放产品的数量。
37. 202783000 一种汽车后牌照灯护板的字牌安装装置
CN
13.03.2013
B60R 13/10 Loading...
B60R 13/10
Loading...
201220396615.7
宁波四维尔工业股份有限公司
孙鑫列
B60R 13/10
Loading...
本实用新型公开了一种汽车后牌照灯护板的字牌安装装置，包括底板和摆放组件，摆放组件设置在底板上，底板上设置有固定护板的压紧机构，底板上设置有至少一个字牌定位装置，其优点是将汽车后牌照灯护板放置在摆放组件上，通过压紧机构来压紧汽车后牌照灯护板，汽车后牌照灯护板的位置就被固定下来，当安装字牌时，字牌定位装置的定位孔具有特定的形状，能将字牌准确的定位到汽车后牌照灯护板的特定位置上，从而使所需安装的汽车后牌照灯护板的字牌定位准确，粘贴牢固。
38. 202530189 一种电镀挂具
CN
14.11.2012
C25D 17/08 Loading...
C25D 17/08
Loading...
201220092816.8
宁波四维尔工业股份有限公司
李德龙
C25D 17/08
Loading...
本实用新型公开了一种电镀挂具，包括框架及多个设置在框架上的夹持组件，夹持组件包括第一横杆和第二横杆，第一横杆和第二横杆中的至少其中一根横杆为弹性横杆，第一横杆的一端和第二横杆的一端分别与框架连接，第一横杆的另一端设置有第一夹持部，第二横杆的另一端设置有第二夹持部，第一夹持部与第二夹持部配合将镀件夹紧，从而通过扳动弹性横杆就可以调整第一夹持部与第二夹持部之间的距离来夹持定位柱距离不同的汽车标牌，无需在汽车标牌上设置电镀工艺脚，减少了工作量，且节约了资源；第一横杆和第二横杆都为弹性横杆，使得第一夹持部和第二夹持部之间的距离可以调整的范围更大；第一夹持部和第二夹持部呈V字形或U字形使夹持更稳定。
39. 202500874 一种适用于进行高频焊接的螺栓
CN
24.10.2012
F16B 35/06 Loading...
F16B 35/06
Loading...
201220091983.0
宁波四维尔工业股份有限公司
李德龙
F16B 35/06
Loading...
本实用新型公开了一种适用于进行高频焊接的螺栓，包括一体连接的螺杆和栓体，栓体上设置有两个有间距的环形凸缘，两个环形凸缘之间形成第一环形凹槽，两个环形凸缘中的至少其中一个环形凸缘上设置有滚花，当螺栓与装饰件进行高频焊接时，螺栓压入装饰件的固定柱中，在第一环形凸缘和第二环形凸缘的挤压下，固定柱中的塑料将螺栓的栓体包裹，并涌入第一环形凹槽内，冷却后，螺栓被固定柱卡住，从而有效防止螺栓与装饰件脱离。
40. 202463731 一种汽车装饰条安装在格栅上的固定结构
CN
03.10.2012
B60R 13/04 Loading...
B60R 13/04
Loading...
201220044375.4
宁波四维尔工业股份有限公司
黄益军
B60R 13/04
Loading...
本实用新型一种汽车装饰条安装在格栅上的固定结构，包括设置在装饰条背部凹槽内的固定座和格栅上的固定板，固定座上设置有螺孔座，螺钉穿过固定板拧入螺孔座内，其优点是螺钉在固定装饰条时，螺钉顶端不会直接作用在装饰条内表面，避免其正表面出现凸痕。
41. 202463730 一种汽车装饰条安装在防擦条上的固定结构
CN
03.10.2012
B60R 13/04 Loading...
B60R 13/04
Loading...
201220044062.9
宁波四维尔工业股份有限公司
黄益军
B60R 13/04
Loading...
本实用新型公开了一种汽车装饰条安装在防擦条上的固定结构，包括设置在防擦条上的缺口和设置在装饰条上的扣板，扣板的前端设置有钩件，扣板伸入缺口内，钩件勾在缺口的一边沿，位于缺口的对面边沿延伸出弹性压片抵住扣板的背面，其优点是装饰条安装在防擦条上比较牢固，同时拆卸比较方便。
42. 202358012 一种能满足汽车雷达巡航功能的汽车标牌
CN
01.08.2012
B60R 13/00 Loading...
B60R 13/00
Loading...
201120515624.9
宁波四维尔工业股份有限公司
岑文杰
B60R 13/00
Loading...
本实用新型公开了一种能满足汽车雷达巡航功能的汽车标牌，包括面板和底板，面板内侧设置有凹陷部，凹陷部底面涂有油漆层，底板与面板之间设置有隔板，隔板的前侧设置有与凹陷部相吻合的凸起部，面板、隔板和底板三者合成的整体厚度均匀，其优点是底板与面板之间设置有隔板，隔板上的凸起部对凹陷部进行填充，有效地消除了间隙，同时隔板隔离油漆层，避免注塑工艺的高温对油漆层产生损害。标牌厚度均匀及标牌内部无间隙，能满足汽车雷达巡航功能。
43. 202358015 一种汽车电镀装饰件
CN
01.08.2012
B60R 13/04 Loading...
B60R 13/04
Loading...
201120479859.7
宁波四维尔工业股份有限公司
王永宏
B60R 13/04
Loading...
本实用新型公开了一种汽车电镀装饰件，包括本体，本体外设置有电镀层，局部电镀层外设置有磨砂层，其优点是局部电镀层外设置有磨砂层，磨砂层表面与电镀层表面形成强烈的视觉对比效果，增加了装饰件的立体感和美感，提高了产品的档次。
44. 102514533 一种能满足雷达主动巡航功能的汽车标牌的制作方法
CN
27.06.2012
B60R 13/10 Loading...
B60R 13/10
Loading...
201110419411.0
宁波四维尔工业股份有限公司
岑文杰
B60R 13/10
Loading...
本发明公开了一种能满足雷达主动巡航功能的汽车标牌的制作方法，特点是包括将透明聚碳酸酯塑料用注塑机制成具有弧度的厚度为5-6mm的面板，得到透明塑料标牌的步骤；UV喷涂料得到有金属质感的具有保护层的透明塑料标牌的步骤；然后将透明塑料标牌的采用离子溅射法形成铟金属薄膜，得到镀铟塑料标牌的步骤；再将镀铟塑料标牌与塑料底座装配组成一个无间隙的厚度为7～8cm的均匀壁厚的汽车标牌成品的步骤；最后检测衰减值，获取衰减值小于2.0DB的合格的得到能满足雷达主动巡航功能的汽车标牌，优点是具有金属光泽、雷达微波可穿透性，且满足雷达测量前后方车辆距离、主动巡航的功能，既有外观装饰功能、又能满足安全功能。

