1. 106836791 一种可组接铝合金模板
CN
13.06.2017
E04G 9/06 Loading...
E04G 9/06
Loading...
201710116781.4
安徽利凌建筑材料科技有限公司
赵玉发
E04G 9/06
Loading...
本发明公开了一种可组接铝合金模板，由多组组接板A和组接板B、挡接板、固定装置构成，所述的组结板A相对内表面设有固定装置；本发明结构独特，便于移动，适用多种场合，通过组结板A、组结板B的相互组合，保证了铝合金模板的装卸运输方便，便于施工，而且方便工人施工。
2. 206203693 一种气动料泵吊装清洗装置
CN
31.05.2017
B66C 17/06 Loading...
B66C 17/06
Loading...
202016001255749
安徽安利材料科技股份有限公司
潘维涛
B66C 17/06
Loading...
本实用新型公开了一种气动料泵吊装清洗装置，包括由支撑架悬吊支撑的圆环轨道，圆环轨道上滑动安装有多个行走小车，每个行走小车上分别安装有滑轮组件，滑轮组件中钢丝绳一端连接有配重坨，另一端吊挂有气动料泵，圆环轨道下方还设有多个溶剂桶。本实用新型大大的节省了人力，提高了生产效率。
3. 206201669 印花小试机
CN
31.05.2017
B41F 17/00 Loading...
B41F 17/00
Loading...
202016001255822
安徽安利材料科技股份有限公司
江黄
B41F 17/00
Loading...
本实用新型公开了一种印花小试机，包括可调行程气缸、机架、印花橡胶辊、娟目轮、印花接料槽、印花背刮刀调节机构、背刮刀、印花料槽升降机构、印花主传动机构。本实用新型采用由生产线实际印花机头进行缩小及简化的思路，设计制作一台专门用于印花打样小试机，进行印花，为了达到对各种产品的印花效果，采用可调行程与压力的气缸，这样可以达到工艺要求的间隙与压力，在印花打样时人手要操作样品革进行送革，为了方便操作，开关设计为脚踏开关,防止2个人同时操作存在安全隐患，并可以减少人力成本。
4. 206142744 合成革表面卷取机自动卸货设备
CN
03.05.2017
B66F 9/04 Loading...
B66F 9/04
Loading...
201620907167.0
安徽安利材料科技股份有限公司
毕文武
B66F 9/04
Loading...
本实用新型公开了一种合成革表面卷取机自动卸货设备，包括基座，基座上设有左、右对称的支架，每个支架前侧上部分别连接有液压缸支撑架，每个液压缸支撑架前端分别转动连接有液压缸，卸货斗的L形上端转动连接在两支架前侧下部，液压缸活塞杆杆端转动连接在卸货斗对应侧，每个支架顶部分别竖直连接有支板，支板内侧上、下端分别安装有气缸支撑架、拨杆支撑架，气缸支撑架转动连接有气缸，每个拨杆支撑架连接有支座，两拨杆分别通过各自弯折部一一对应转动连接在支座后端，气缸的活塞杆杆端转动连接在拨杆上端，两拨杆下端之间转动安装有导辊。本实用新型节省了人力、提高了效率、保证了安全。
5. 206079865 一种存放圆饼形物料的货架工装
CN
12.04.2017
A47F 5/00 Loading...
A47F 5/00
Loading...
201620653111.7
安徽安利材料科技股份有限公司
程国龙
A47F 5/00
Loading...
本实用新型公开了一种存放圆饼形物料的货架工装，包括三根L形钢杆，三根L形钢杆其中两根作为底脚支撑杆，另外一根作为靠墙支撑杆，两根底脚支撑杆、靠墙支撑杆截面成直角三角形，两根底脚支撑杆、靠墙支撑杆之间通过多组间隔分布的防护栏杆焊接固定，相邻的两组防护栏杆之间构成存放圆饼形物料存放空间。本实用新型由钢杆和L形钢杆制成，不易磨损变形，寿命长；易选择性领取物料使用，大大提升工作效率和安全性能。
6. 106519177 一种压纹无溶剂聚氨酯合成革的制造方法
CN
22.03.2017
C08G 18/76 Loading...
C08G 18/76
Loading...
201510578281.3
安徽安利材料科技股份有限公司
王海峰
C08G 18/76
Loading...
本发明公开了一种压纹无溶剂聚氨酯合成革的制造方法，包括无溶剂聚氨酯合成革干法半成品的制备以及压纹处理各单元过程。本发明方法人工少、能耗低，制造过程及最终产品均健康环保；产品可压纹，花纹饱满，颗粒感强，物性高、耐寒、耐水解性能优。本发明不仅不需要传统的湿法工艺，省去了生产湿法贝斯及干法粘接环节，而且也不需要无溶剂发泡层树脂，所用无溶剂双组份面层树脂既可作为面层，也可作为粘接层。
7. 205965598 一种涂料混合装置
CN
22.02.2017
B01F 7/16 Loading...
B01F 7/16
Loading...
202016000653205
安徽安利材料科技股份有限公司
汪飞
B01F 7/16
Loading...
本实用新型公开了一种涂料混合装置，包括混料仓，混料仓顶部安装有搅拌电机，搅拌电机的输出轴下端联接有伸入混合仓内的搅拌轴，搅拌轴上设有搅拌叶片，混合仓的外壁上安装有多个沿着环形分布的进料筒，进料筒末端安装有安装有推进气缸，进料筒侧壁上安装有进料管。本实用新型自动上料，有效减小人员劳动量；整个系统密闭，溶剂挥发少，改善现场环境；自动配料节省一名配料人员，人工成本降低；物料经管道输送至混合涂头混合后进行上料无剩料，减少人工配料剩料浪费及危废产生。
8. 205980932 一种用于列管式换热器管程自动清洗装置
CN
22.02.2017
F28G 9/00 Loading...
F28G 9/00
Loading...
202016000911158
安徽安利材料科技股份有限公司
蔡育
F28G 9/00
Loading...
本实用新型公开了一种用于列管式换热器管程自动清洗装置，包括水平安装在换热器端口处的导轨，以及支撑板，支撑板通过气动齿轮滑动安装在导轨上，气动齿轮通过气管与外部气动控制机构气路连接，支撑板一侧板面转动安装有对辊，支撑板另一侧板面安装有驱动对辊转动的正反转电机，对辊中竖直夹持有高压水管。本实用新型结构设计合理，通过气动夹持工具代替人的双手，完成列管式换热器的清洗，从源头上降低了机器伤人的概率。
9. 205965054 合成革DMF浓缩液干燥机结构
CN
22.02.2017
B01D 1/00 Loading...
B01D 1/00
Loading...
202016000907142
安徽安利材料科技股份有限公司
陆伟
B01D 1/00
Loading...
本实用新型公开了一种合成革DMF浓缩液干燥机结构，包括有罐体，罐体顶部中心转动安装有搅拌轴，搅拌轴下端伸入罐体内并延伸至罐体内底部上方，搅拌轴从上至下固定安装有多圈搅拌桨，其中最上圈与最下圈的搅拌桨直径相同，且最上圈与最下圈搅拌桨直径大于其他搅拌桨直径，罐体顶部设有进料口，罐体内底部有导热油管，罐体一侧侧壁上部设有导热油出油口，螺旋送料机出料口与罐体内下部连通，罐体另一侧通过门洞安装有可打开及闭合的下渣口封门。本实用新型通过往干燥机内加入消石灰，可以在缩短浓缩液完全蒸干的时间，降低DMF损耗、减少危废外排量，降低处理费用，提高人工下渣安全性等方面取得很好的效果。
10. 106436331 一种耐磨防污无溶剂聚氨酯汽车革的制备方法
CN
22.02.2017
D06N 3/00 Loading...
D06N 3/00
Loading...
201610726970.9
安徽安利材料科技股份有限公司
笪丽红
D06N 3/00
Loading...
本发明公开了一种耐磨防污无溶剂聚氨酯汽车革的制备方法，是在离型纸表面均匀涂覆面层浆料，干燥制得面层皮膜；在所述面层皮膜上均匀涂覆发泡层浆料，干燥至涂层保留一定的粘接性；将所得涂层与合成革基布贴合，干燥熟化后剥离离型纸后获得干法半成品；在干法半成品的正面涂覆防污涂层，干燥固化后制得成品。本发明产品兼具环保性和功能性，生产工艺过程不使用溶剂，产品不残留溶剂，耐磨性能高，去污性能优。
11. 106381723 一种足球鞋用高功能性聚氨酯合成革的制造方法
CN
08.02.2017
D06N 3/14 Loading...
D06N 3/14
Loading...
201610792923.4
安徽安利材料科技股份有限公司
杜东旭
D06N 3/14
Loading...
本发明公开了一种足球鞋用高功能性聚氨酯合成革的制造方法，其包括先将高密度布基含浸在聚氨酯浸渍浆料中，经过DMF水溶液凝聚、烫平辊调节布基的含湿率得含浸布基；在含浸布基上涂覆聚氨酯涂层浆料，经凝聚后经水洗、烘干、卷取制得湿法半成品；在离型纸上涂覆一层干法弹性易压纹聚氨酯浆料，经过80‑120℃烘箱烘干后，再涂覆一层热塑性聚氨酯粘结层浆料，再经过烘箱烘至半干后通过干法聚氨酯粘结层与步骤（2）制成的湿法半成品进行贴合，最后经烘干、熟成后得到足球鞋用高功能性聚氨酯合成革。具有良好的柔韧性与回弹性；对干式树脂及配方进行改良，使之易于高频压纹、水性胶印，且耐磨耐刮。
12. 106381721 一种无溶剂沙发家具用超纤合成革的制备方法
CN
08.02.2017
D06N 3/14 Loading...
D06N 3/14
Loading...
102016000784162
安徽安利材料科技股份有限公司
宋远周
D06N 3/14
Loading...
本发明公开了一种无溶剂沙发家具用超纤合成革的制备方法，其特征在于：选用环保型聚醚聚碳复合型聚氨酯树脂为干法面层及中间层，无溶剂为发泡粘接层，选用全干法工艺贴合手感佳、化性高的超纤布基布制成一款真皮效果感强，花纹立体饱满、耐磨、耐刮、耐水解等性能优的环保型沙发家具革；其中无溶剂发泡层为二液型双组份聚氨酯，由异氰酸酯A组份和聚醚多元醇B组份组成。本发明制备的无溶剂环保型沙发家具革制革工序简单、高效环保，同时具有真皮效果感强，花纹立体饱满、手感丰满柔软，耐磨（威士博40万次）、耐刮、耐水解（8年）等高物性的特点。
13. 106381719 一种负压轧纹沙发家具聚氨酯合成革的制备方法
CN
08.02.2017
D06N 3/14 Loading...
D06N 3/14
Loading...
102016000780743
安徽安利材料科技股份有限公司
陈宇
D06N 3/14
Loading...
本发明公开了一种负压轧纹沙发家具聚氨酯合成革的制备方法，其具体实施包括制备含有细长扁平状孔型湿法底坯；将上述湿法底坯依次进行干法贴面、印花及表面处理等工艺进行后续加工；将上述半成品依次经过预烘箱预热扩幅、黄金管加热及负压轧纹，进行表面立体纹路加工；将负压轧纹后的合成革进行连续浸水揉纹，即制得成品平均厚度增加了3‑5mm，不仅提高了成品在使用过程的舒适度，还提高了产品在使用过程中受外力正压时的支撑力，从而提高了产品的耐用性。
14. 106381722 一种警用战训鞋用聚氨酯合成革制造方法
CN
08.02.2017
D06N 3/14 Loading...
D06N 3/14
Loading...
102016000788760
安徽安利材料科技股份有限公司
杜东旭
D06N 3/14
Loading...
本发明公开了一种警用战训鞋用聚氨酯合成革制造方法，首先将新型生物机功能性玉米纤维布基浸渍亲水性聚氨酯浆料、涂覆亲水性聚氨酯浆料涂层后，接着经过凝聚、水洗、烘干、卷取制得半成品；接着采用干式转移法贴面，在离型纸上涂覆两刀热塑性高耐磨聚氨酯树脂涂层浆料、一层热塑性聚氨酯粘结层浆料后，用离型纸贴合半成品，最后依次经过烘干、熟成后得到警用战训鞋用聚氨酯合成革。本发明方法制造的高耐磨警用战训鞋用聚氨酯合成革具有高强度、超高耐磨、吸湿透气、抗菌防臭等特点，穿着轻便、舒适、不臭脚，更能满足官兵跑、跳、攀登等训练和作战需求。
15. 106367985 一种硅橡胶聚氨酯合成革的制备方法
CN
01.02.2017
D06N 3/14 Loading...
D06N 3/14
Loading...
102016000726984
安徽安利材料科技股份有限公司
黄万里
D06N 3/14
Loading...
本发明公开了一种硅橡胶聚氨酯合成革的制备方法，包括转移膜的制备和熟化过程，首先在离型纸的正面均匀涂覆加成型硅橡胶浆料，干燥得到面层薄膜；在所述面层薄膜上均匀涂覆有机硅聚氨酯树脂浆料作为粘结层，干燥得到转移膜；将转移膜与含浸后的布基相贴合，干燥并冷却定型后从离型纸上剥离得到成品。本发明制得的产品具有拉伸强度好、撕裂强度高、耐水解耐候性能优异、弹性好和触感柔和等特点，尤其该材料对人体皮肤有天然的亲和性；功能性方面，其卓越的自阻燃和自去污性能是PVC和PU合成革及真皮等类似材料无法比拟的，可广泛应用于家具、服装、箱包、鞋材、汽车内饰、电子包装、运动器材和室内装饰等领域。
16. 106283704 无色迁移休闲鞋用反绒皮聚氨酯合成革的制备方法
CN
04.01.2017
D06N 3/14 Loading...
D06N 3/14
Loading...
102016000696451
安徽安利材料科技股份有限公司
邢高瞻
D06N 3/14
Loading...
本发明公开了一种无色迁移休闲鞋用反绒皮聚氨酯合成革的制备方法，采用无色迁移、耐溶剂腐蚀的双面起毛超纤基布，以及湿法逆毛含浸聚醚型耐水解聚氨酯树脂含浸料，并且采用对辊强制含浸工艺，增大浆料含浸量，按布基逆毛方向正反面分别基于水性聚氨酯/聚丙烯酸树脂物料刀涂工艺封毛处理，立式六辊磨皮机对封毛后的半成品双面磨皮拉毛处理，经过后处理改色，形成无色迁移休闲鞋用反绒皮聚氨酯合成革基材。本方法制造的无色迁移休闲鞋用反绒皮聚氨酯合成革具有表面颗粒感和绒感强，手感、柔韧性、切口、双面颜色效果等与真皮反绒皮接近，并且在无色迁移、环保性、性价比以及物性等方面明显优于反绒皮。
17. 106283705 一种超纤沙发家具用聚氨酯合成革的制备方法
CN
04.01.2017
D06N 3/14 Loading...
D06N 3/14
Loading...
102016000780768
安徽安利材料科技股份有限公司
陈宇
D06N 3/14
Loading...
本发明公开了一种超纤沙发家具聚氨酯合成革及其制备方法，属于人造合成革技术领域。具体实施依次为预含浸处理、二次含浸涂覆处理、手感填充含浸及揉革等工艺制备超纤底坯，在通过干法贴面、表面处理及揉纹等后处理工艺制得成品。本发明所制备产品为具有类似真皮柔韧度、质感及切口的超纤沙发家具用聚氨酯合成革，该产品生产工艺无需减量，操作简单，生产成本为现有超纤产品的1/2。
18. 104233846 一种高固证件包装革及其生产方法
CN
04.01.2017
D06N 3/14 Loading...
D06N 3/14
Loading...
102014000503026
安徽安利材料科技股份有限公司
笪丽红
D06N 3/14
Loading...
本发明公开了一种高固证件包装革及其生产方法，其特征在于：包装革是以纬编弹力针织布为底层基布，在底层基布上设置有低模量软质聚醚型聚氨酯粘接层,在粘接层上设置有高固含量聚氨酯中间层，在中间层上设置有混合型面层；混合型面层所用聚氨酯树脂是由脂肪族聚碳树脂和聚醚型低模量树脂按质量比2:1复配构成。本发明的成革手感厚实、柔软，耐水解、耐黄变性能佳，是一种较好的功能性证件包装材料。
19. 205818721 一种水性印字设备的印字料槽结构
CN
21.12.2016
B41K 3/12 Loading...
B41K 3/12
Loading...
202016000700599
安徽安利材料科技股份有限公司
张启超
B41K 3/12
Loading...
本实用新型公开了一种水性印字设备的印字料槽结构，包括料槽槽体，槽体左、右侧外壁分别连接有侧台，每个侧台水平滑轨上分别滑动安装有水平滑座，左、右侧水平滑座之间通过转轴转动安装有下转辊，槽体左、右侧槽壁顶部后端位置分别竖直连接有支撑板，每个支撑板前侧面设有竖直滑轨，每个竖直滑轨上分别滑动安装有竖直滑座，两竖直滑座前侧面分别连接有连接座，两连接座之间通过转轴转动安装有上转辊，槽体左、右侧槽壁顶部前端位置分别竖直连接有固定座，两固定座之间转动安装有包裹有无纺布的抹杆。本实用新型可实现两转辊位置调整，利用无纺布可吸附布料浸入面粘上的棉绒，起到清洁布料进入面的功能。
20. 205816325 一种用于涂胶机的气动循环泵清理装置
CN
21.12.2016
B08B 5/00 Loading...
B08B 5/00
Loading...
201620676591.9
安徽安利材料科技股份有限公司
魏翼
B08B 5/00
Loading...
本实用新型公开了一种用于涂胶机的气动循环泵清理装置，包括涂胶机机体，机体顶部安装有与涂胶辊平行的导轨，导轨上滑动安装有气动循环泵，气动循环泵两侧的导轨上还安装有定位座，定位座上旋合安装有锁紧螺栓，锁紧螺栓工作时前端顶住导轨，气动循环泵的出气口安装有清理软管，清理软管前端安装于匀料刀头的安装座上，清理软管出气端朝向匀料刀头。本实用新型结构设计合理，通过气动循环泵的清理软管对匀料刀头表面的胶液进行清理，可以有效清理匀料刀头表面的胶液，保证在匀料及涂胶质量。
21. 205820816 一种叉车用油桶搬运夹
CN
21.12.2016
B66F 9/12 Loading...
B66F 9/12
Loading...
201620562967.3
安徽安利材料科技股份有限公司
陈勇军
B66F 9/12
Loading...
本实用新型公开了一种叉车用油桶搬运夹，包括与叉车两个叉齿相配合的插管体，两个插管体相对面两端分别通过前端板和后连接杆焊接固定成框体，其中前端板的两端分别设有对称分布的夹板，夹板采用与油桶外壁相配合的弧形板，夹板的外壁中部焊接固定有衔接板，衔接板末端铰接安装在插管体前端，衔接板铰接安装点上方的插管体上还安装有气缸，气缸的活塞杆端部铰接安装于夹板末端，夹板夹紧工作时末端顶在前端板上。本实用新型合理的结构设计，通过设计插管体、夹板、气缸、锁紧螺栓等组件合理配合使用，使得满载液体的油桶能够通过叉车进行快速运输，运输过程中稳定性好，也提高了运输效率。
22. 205804011 一种简易可拆卸的主凝聚槽过滤网
CN
14.12.2016
D06N 3/00 Loading...
D06N 3/00
Loading...
201620587652.4
安徽安利材料科技股份有限公司
刘战勋
D06N 3/00
Loading...
本实用新型公开了一种简易可拆卸的主凝聚槽过滤网，包括与主凝聚槽相配合的承重支架，承重支架上端相对面对称分布有两组卡扣，每组卡扣设有两个，卡扣于承重支架上端面之间穿插安装有过滤网。本实用新型结构简单，成本低，实用性强，可方便操作，并可定期更换滤网，避免长时间生产，水溶液中积聚的料皮、棉绒等脏污未经过滤而进行回收造成堵塞回收管道，造成设备损坏，进而影响产品品质。
23. 205804010 一种无溶剂合成革涂覆恒温稳定装置
CN
14.12.2016
D06N 3/00 Loading...
D06N 3/00
Loading...
201620563023.8
安徽安利材料科技股份有限公司
罗运东
D06N 3/00
Loading...
本实用新型公开了一种无溶剂合成革涂覆恒温稳定装置，包括具有夹套保温结构的A罐体及其B罐体，A罐体及B罐体的底部及侧壁上设有出料管、回流管，出料管、回流管外均包覆有保温套管，两根出料管分别外接一个计量泵，两个计量泵的出料端输送管道连接同一个混合头，两根回流管分别与相对应的计量泵相连通；A罐体及B罐体设有恒温机保温装置，恒温机进水管与A罐体及B罐体侧壁上的进水口相连通，恒温机进水管还与出料管外的保温套管相连通，恒温机回水管与A罐体及B罐体底部的出水口相连通，恒温机回水管还与两根回流管外的保温套管相连通。本实用新型罐体和管道保温都用恒温机，有利于整个原液温度的一致性，加工过程中温度波动小。
24. 106198130 一种合成革中挥发性有机化合物挥发采样装置及采样方法
CN
07.12.2016
G01N 1/24 Loading...
G01N 1/24
Loading...
102016000696411
安徽安利材料科技股份有限公司
贾义松
G01N 1/24
Loading...
本发明公开了一种合成革中挥发性有机化合物挥发采样装置及采样方法，装置包括泰德拉采样袋、手持式挥发性有机化合物气体检测仪、气包、连接软管、阀门。方法通过气包向泰德拉采样袋内充入氮气，然后利用手持式挥发性有机化合物气体检测仪采样泰德拉采样袋内气体并进行气体检测，本发明实现了检测效率高，操作方便，设备故障率低的特点，建立起合成革类VOC检测新模式。
25. 205772220 一种自动打卷整平装置
CN
07.12.2016
B65H 18/10 Loading...
B65H 18/10
Loading...
202016000678130
安徽安利材料科技股份有限公司
陈颖
B65H 18/10
Loading...
本实用新型公开了一种自动打卷整平装置，包括机架，机架的顶端转动安装有过渡辊，过渡辊的进入侧倾斜向下安装有供革穿过的退捻器，过渡辊下方设有的机架前后侧板相对应位置分别设有安装座，安装座上转动安装有相对分布的安装板，安装板上下端分别转动安装有上扩幅辊轴、下扩幅辊轴，下扩幅辊轴下方的机架前后侧板相对应位置还安装有合成革布料两边缘用吸边器，吸边器下方转动安装有收卷辊轴。本实用新型结构设计合理，通过退捻器、扩幅辊轴、吸边器、收卷辊轴的合理配合使用，可以方便快速的将合成革布进行退捻、整平操作后进行收卷，提高了收卷效率，降低了人工劳动强度。
26. 205775564 一种合成革干法加工设备涂头平台
CN
07.12.2016
D06N 3/00 Loading...
D06N 3/00
Loading...
202016000678190
安徽安利材料科技股份有限公司
孙跃虎
D06N 3/00
Loading...
本实用新型公开了一种合成革干法加工设备涂头平台，包括涂料机，涂料机上转动安装有涂头辊，涂头辊正上方的机架上安装有刀架，刀架上安装有竖直向下朝向涂头辊的刀体，刀体右侧的机架上转动安装有堆放平台板，堆放平台板中部转动安装于机架上，堆放平台板工作时处于水平位置，堆放平台板右上方的机架上安装有限位挡板，堆放平台板与限位挡板接触时下端紧贴涂头辊外壁，堆放平台板与刀体、涂头辊之间构成树脂浆料堆放槽。本实用新型结构设计合理，通过堆放平台板与刀体、涂头辊之间构成树脂浆料堆放槽，树脂浆料堆放在树脂浆料堆放槽内进行供料，可以保证涂头辊上在涂料过程中的均匀性，提高了涂料的效率和质量。
27. 205772264 一种坯革跟踪装置
CN
07.12.2016
B65H 23/038 Loading...
B65H 23/038
Loading...
202016000690109
安徽安利材料科技股份有限公司
孙跃虎
B65H 23/038
Loading...
本实用新型公开了一种坯革跟踪装置，包括转动安装在左、右侧机架之间的转辊，转辊上缠绕有坯革，左侧机架向前方水平连接有连杆，连杆前端垂直连接有连接柱，连接柱后方平行设置有连接轴，连接柱、连接轴之间通过多个销轴销接，L型支架的上端右侧连接有卡口座，卡口座的卡口夹持在向前伸展的坯革边沿处，且卡口内壁设有红外对管，支架的另一端设有螺纹通孔，连接轴右端螺纹头螺合安装在支架螺纹通孔中。本实用新型中，通过红外发射、接收管可实现对坯革位置的自动跟踪，无须人工参与，并能够方便地实现红外对管位置的调整。
28. 205786380 一种合成革收卷检测装置
CN
07.12.2016
G01N 21/89 Loading...
G01N 21/89
Loading...
202016000678200
安徽安利材料科技股份有限公司
魏翼
G01N 21/89
Loading...
本实用新型公开了一种合成革收卷检测装置，包括机架，机架上转动安装有放布辊轴和收卷辊轴，收卷辊轴一侧的机架上安装有支撑架，支撑架中部转动安装有背景板，背景板正上方设有检测灯，背景板与检测灯之间的间隙为合成革布基穿行通道。本实用新型结构简单，通过可调节的背景板和检测灯之间相配合使用，可以方便快速的观察到合成革布基表面出现色泽不合格、杂质、通孔、厚薄不均匀现象，提高检测效率。
29. 205762050 一种合成革柔软剂辊涂设备
CN
07.12.2016
B05C 3/132 Loading...
B05C 3/132
Loading...
202016000678189
安徽安利材料科技股份有限公司
陈颖
B05C 3/132
Loading...
本实用新型公开了一种合成革柔软剂辊涂设备，包括浸水箱及其一侧的柔软剂辊涂机箱，浸水箱前后侧板上靠近口部分别设有进水辊轴、出水辊轴，靠近底部分别设有二根间隔分布的浸水辊轴，进水辊轴位于进水辊轴和出水辊轴之间；浸水箱与柔软剂辊涂机箱相接处上方设有转动安装的轧水辊组，轧水辊组由上下两根轧水辊转动安装构成；所述的柔软剂辊涂机箱的出料端安装有防粘剂储料槽，防粘剂储料槽内转动安装有上辊轴和下辊轴，其中下辊轴部分浸入在防粘剂储料槽液面以下。本实用新型轧水辊主要用来控制浸水合成革进入揉筒前的含湿率，降低半成品革含湿率及柔软剂被布基吸收率，节约原材料；通过防粘剂的涂覆，可以有效防止灰尘等杂质粘连。
30. 205761900 一种溶剂料下料装置
CN
07.12.2016
B05B 7/04 Loading...
B05B 7/04
Loading...
202016000690149
安徽安利材料科技股份有限公司
肖刚
B05B 7/04
Loading...
本实用新型公开了一种溶剂料下料装置，包括有下料阀，下料阀下端设有下料口，下料阀底部通过支架连接有下料座，还包括过渡腔室，过渡腔室顶部进料口与下料阀下端下料口连通，下料座内设有多道喷射腔，每个喷射腔的前端腔口分别设在下料座前侧，过渡腔室底部出料口与喷射腔上部连通，下料座内对应每个喷射腔后端腔口处还分别设有进气腔道，进气腔道前端分别与对应的喷射腔后端连通。本实用新型无须与布料直接接触即可实现溶剂料的涂覆，不会对溶剂料造成压印，提高了产品的加工质量。
31. 205775563 一种粘水系统与冷压设备一体化装置
CN
07.12.2016
D06N 3/00 Loading...
D06N 3/00
Loading...
202016000653166
安徽安利材料科技股份有限公司
鲍广明
D06N 3/00
Loading...
本实用新型公开了一种粘水系统与冷压设备一体化装置,包括冷压设备，冷压设备的冷却辊后下方设有用于盛放粘水的上储水槽、下储水槽，上储水槽内转动安装有平行于冷却辊的沾水辊，上储水槽和下储水槽之间通过供水软管联通，供水软管上安装有气动循环泵。本实用新型在合成革生产过程中安装粘水系统，使合成革在生产行进过程中，通过对坯革在压花之后，从其背面用包覆粘水布基的沾水辊让布基沾水，降低革面温度同时降低革面树脂的粘性，从而避免革背面掉毛或印字转移到革正面，实现生产稳定性及连续性，大大提高了生产产品品质。
32. 205313893 一种易去污印花聚氨酯合成革
CN
15.06.2016
D06N 3/14 Loading...
D06N 3/14
Loading...
201520886144.1
安徽安利材料科技股份有限公司
刘志球
D06N 3/14
Loading...
本实用新型提供一种易去污印花聚氨酯合成革，包括基布层、位于基布层上表面的聚氨酯干法涂层和位于基布层下表面的复合粘接布层，所述聚氨酯干法涂层上表面贴合有印花涂层，所述印花涂层上表面贴合有易去污涂层。本产品外观时尚，质地接近真皮，具有真皮的丰满手感，同时具有真皮不具有的易去污和高耐水解功能，易去污功能使合成革在使用过程中更易打理。
33. 205313890 一种湿法制备合成革的凝聚槽系统
CN
15.06.2016
D06N 3/00 Loading...
D06N 3/00
Loading...
201520886050.4
安徽安利材料科技股份有限公司
张学盼
D06N 3/00
Loading...
本实用新型提供一种湿法制备合成革的凝聚槽系统，包括凝聚槽及待处理合成革，所述待处理合成革与所述凝聚槽内的液面设置一定的间隙。此新型凝聚槽系统，通过将待处理合成革与所述凝聚槽内的液面设置一定间隙的方式，使部分待处理合成革在液面之上，保证中间有部分空间，在生产过程中可及时将产生的气泡排出，从而不会积聚影响到待处理合成革的凝聚，达到提高产品质量和生产效率的目的；且布置合理简单，不需要添加新的设备和装置，改造成本极低。
34. 205274818 一种湿式生产线收卷机构的自动换卷改造结构
CN
01.06.2016
B65H 19/12 Loading...
B65H 19/12
Loading...
201521070018.5
安徽安利材料科技股份有限公司
吴兆刚
B65H 19/12
Loading...
本实用新型公开了一种湿式生产线收卷机构的自动换卷改造结构，包括有底座，底座上对称设置有支架，两支架顶部翻转轴座之间转动安装有翻转轴，翻转轴轴端上固定有从动同步带轮，底座上电机输出轴与从动同步带轮传动连接，翻转轴上设置有侧板，两侧侧板内板面上、下端分别设有卷取轴架，卷取轴架之间设有卷取轴，卷取轴两端分别连接有卷取方钢，两侧侧板外板面上、下端分别设有气缸架，两侧侧板中分别安装有卡爪，卡爪一端设有供卷取方钢端部卡入的卡孔，气缸架上的气缸的活塞杆杆端安装在卡爪另一端中，其中一侧侧板中的卡爪固定安装有从动链轮，底座上设置有收卷电机，收卷电机通过蜗杆蜗轮机构、主动链轮与从动链轮通过传动链条传动配合。
35. 205278285 重载齿轮用哈弗套
CN
01.06.2016
F16H 55/12 Loading...
F16H 55/12
Loading...
201521088840.4
安徽安利材料科技股份有限公司
葛伦年
F16H 55/12
Loading...
本实用新型公开了一种重载齿轮用哈弗套，包括内环体、外环体，内环体的外环壁上设置有多个贯通内环体的凹槽，每个凹槽由沿轴向前后对称的两个直角梯形槽构成，外环体内环壁上亦设置有多个形状、数量相同的凹槽，内环体同轴安装在外环体的中心环孔中，由内、外环体构成锁紧螺母组件，内环体外环壁上凹槽与外环体内环壁上凹槽一一对应对合形成通孔，且内、外环体的直角梯形槽对合形成等腰梯形孔，构成沿轴向前、后侧为等腰梯形孔的通孔，多个压紧卡块分别卡入锁紧螺母组件的通孔两端孔口中，同一通孔中的两个压紧卡块通过螺栓连接。本实用新型采用分体结合式的设计，减少了齿轮内径弹性变形给轴带来的磨损，降低设备的故障率。
36. 205263607 一种自动投放料装置
CN
25.05.2016
G05B 19/05 Loading...
G05B 19/05
Loading...
201520974137.7
安徽安利材料科技股份有限公司
赵雅琪
G05B 19/05
Loading...
本实用新型提供一种自动投放料装置，包括称重传感器模块、秤控制仪表模块、投料气动阀、投料控制PLC模块、搅拌釜控制模块和投料手动控制输入模块，所述自动投放料装置还包括放料气动阀、放料控制PLC模块、文本控制器模块和放料手动控制输入模块。本实用新型产品在原有搅拌釜投料系统的基础上，增加自动放料系统，可实现远程操控自动投放料，方便员工操作，降低员工的劳动强度，提高安全系数。
37. 205262091 除渣设备干燥机结构
CN
25.05.2016
F26B 11/14 Loading...
F26B 11/14
Loading...
201521088869.2
安徽安利材料科技股份有限公司
王后勤
F26B 11/14
Loading...
本实用新型公开了一种除渣设备干燥机结构，包括有圆柱形的机壳，机壳壳顶中心转动安装有搅拌轴，搅拌轴下端安装有搅拌桨，机壳壳顶上安装有电机、减速机，电机与减速机传动连接，搅拌轴上端与减速机输出轴同轴传动连接，机壳顶部还安装有进料口、抽真空口，机壳侧部及底部套有整体夹套，夹套一侧安装有导热油进油口、导热油出油口，机壳侧部设有大口径的下渣口，下渣口中安装有排渣封门。本实用新型加热面积大，能使得废渣变干变稠，减少废渣中DMF含量，减少废渣的外送处理量，节约成本。
38. 105544236 一种负离子高释放量聚氨酯合成革及其制造方法
CN
04.05.2016
D06N 3/14 Loading...
D06N 3/14
Loading...
201610030617.7
安徽安利材料科技股份有限公司
笪丽红
D06N 3/14
Loading...
本发明公开了一种负离子高释放量聚氨酯合成革及其制造方法，其由含负离子布基层与聚氨酯树脂层进行贴合而成，所述含负离子布基层是由布基经过含负离子粉聚氨酯浆料浸渍而成，所述含负离子粉聚氨酯浆料是由N,N—二甲基甲酰胺、聚酯型聚氨酯树脂、促进剂、色浆、改进负离子粉浆料制备而成；所述聚氨酯树脂层是由聚氨酯浆料、N,N—二甲基甲酰胺、改进负离子粉浆料、促进剂和色浆制成。本发明通过对布基浸渍成具有负离子释放性能的合成革半成品，再通过干法工艺离型纸转移法涂覆聚氨酯浆料，最终的成品的负离子的释放量达到2000个/cc，且释放量可持续1年以上。
39. 105538900 湿法简易印字设备
CN
04.05.2016
B41F 23/04 Loading...
B41F 23/04
Loading...
201510828003.9
安徽安利材料科技股份有限公司
江黄
B41F 23/04
Loading...
本发明公开了一种湿法简易印字设备，包括依次沿水平方向一字排列的放卷机、磁粉张力放线架、印字架、跳动辊、冷却辊组、收卷机，印字架顶部支撑有加热烘箱，加热烘箱中设置有多级导辊，加热烘箱通过循环加热风管与外部热风源连接，印字架中还设有印字机、多级过渡辊。本发明整体设备占地面积小，操作方便，加热后的热风通过循环加热风管能够循环利用，通过加热烘箱中多级导辊可延长加热时间，大大降低了能耗。
40. 205131938 物料大桶支撑装置
CN
06.04.2016
B65D 25/24 Loading...
B65D 25/24
Loading...
201520842334.3
安徽安利材料科技股份有限公司
王开俊
B65D 25/24
Loading...
本实用新型公开了一种物料大桶支撑装置，包括有底座，安装于底座底部的自锁滚轮，固定连接于底座上方的竖直升降杆，连接于竖直升降杆侧壁上的水平支撑板，以及连接于竖直升降杆顶端的圆弧形支撑板。本实用新型设置有竖直升降杆，可将放置于水平支撑板上的大桶进行提升，避免人为碰撞；本能实用新型设置有圆弧形支撑板，当物料大桶倾斜时，可对大桶进行支撑固定，防止其碰倒，造成物料流出。
41. 205130616 一种合成革水性印字料的烘干设备
CN
06.04.2016
B41F 23/04 Loading...
B41F 23/04
Loading...
201520842333.9
安徽安利材料科技股份有限公司
郭化强
B41F 23/04
Loading...
本实用新型公开了一种合成革水性印字料的烘干设备，包括有风罩、设置于风罩内部的导热油管、以及与风罩内部连通的鼓风机，风罩的底部端面设置有出风孔，出风孔的孔径为5mm-30mm，且出风孔呈排设置，每1-5排形成一组，相邻组之间的间距为50-300mm，每组内每排出风孔之间的间距为5-30mm。本实用新型结构简单、使用操作方便，且出风烘干面积大，出风孔大小、数量和位置设置合理，使热风均匀地吹在印字后的坯革上，保证烘干的效果。风罩集风效果好，不易造成热量流失，热量得到充分利用。
42. 205136979 一种气动泵的吊架装置
CN
06.04.2016
F16M 11/06 Loading...
F16M 11/06
Loading...
201520844365.2
安徽安利材料科技股份有限公司
王开俊
F16M 11/06
Loading...
本实用新型公开了一种气动泵的吊架装置，包括有竖直的支撑杆、倒L形吊杆和转动轴承，支撑杆和倒L形吊杆通过转动轴承连接，倒L形吊杆竖直部分的侧壁上设置有一圈沿倒L形吊杆竖直部分圆周均匀分布的定位孔，支撑杆的顶部侧壁上连接有两个相对设置的L形的支撑座，支撑座水平部分的端部连接于支撑杆的顶部侧壁上，限位杆穿过两水平相对的定位孔后架设于支撑座上。本实用新型吊装气动泵的倒L形吊杆可以支撑杆为圆心进行旋转，更换料筒时，只需将气动泵旋转至新料筒的上方位置进行更换即可，无需搬动旧料筒和新料筒，降低了劳动强度，提高了工作效率；且本能实用新型设置有限位杆，与定位孔、支撑座配合进行限位，保证吊架装置整体的稳定性。
43. 205135933 液体中转自动化控制系统
CN
06.04.2016
F04B 23/02 Loading...
F04B 23/02
Loading...
201520842508.6
安徽安利材料科技股份有限公司
樊艳
F04B 23/02
Loading...
本实用新型公开了一种液体中转自动化控制系统，包括有与主凝聚槽连接的中转槽，中转槽上连接有中转水管和水泵进水管，中转水管的外端与主凝聚槽连接，水泵进水管的外端与水泵连接，中转槽内设置有球阀，球阀上设置有液位传感器，液位传感器、水泵的驱动机构均与控制器连接。本实用新型利用主凝聚槽和中转槽的液位差产生压力，使得中转槽内的水位始终高于水泵进水管的水平面，水泵进管道内不会进入空气，可使水泵自动运转过程中不会产生空转；采用液位传感器采集中转槽中的水量情况，控制器据此控制水泵的工作频率，既可避免水泵长时间超负荷或者空转、减少水泵密封损坏频率，也达到自动控制水泵运转而不产生中断的问题。
44. 205134073 一种弹力绒面仿真皮效果聚氨酯合成革
CN
06.04.2016
D06N 3/14 Loading...
D06N 3/14
Loading...
201520730426.2
安徽安利材料科技股份有限公司
朱福俭
D06N 3/14
Loading...
本实用新型提供一种弹力绒面仿真皮效果聚氨酯合成革，由内至外依次包括绒感层、布基层、粘结层和面层。通过选用各种离型纸花纹经干法造面工艺赋予其表面各种纹路；其中布基层采用高起绒密度厚型针织布基，具有手感丰满，厚实、回弹好的特点；绒感层采用软质高回弹耐水解湿法聚氨酯浆料含浸并面磨得到，其绒面柔和，更具质感；粘接层是在布基层表面形成的一层干法聚氨酯树脂层，具有优异的粘着力和良好的回弹性，用于布基层和面层的有效粘合；面层采用耐磨、耐水解、高回弹聚氨酯树脂，并且能够保证花纹的饱满性及回弹性能，使其表面具有立体的纹路效果；其切口更像真皮，背面绒面更具质感。
45. 105442339 耐水解沙发家具和汽车座椅用聚氨酯合成革的制备方法
CN
30.03.2016
D06N 3/14 Loading...
D06N 3/14
Loading...
201510755069.X
安徽安利材料科技股份有限公司
笪丽红
D06N 3/14
Loading...
本发明提供一种耐水解沙发家具和汽车座椅用聚氨酯合成革的制备方法，包括有机硅改性的聚碳型聚氨酯树脂的制备、布基的含浸处理、转移膜的制备和涂层的熟化的过程。本发明产品按照QB/T？4671-2014（人造革合成革试验方法耐水解的测定），即在70℃和相对湿度为95%的环境下，放置10周以上后表面PU涂层不开裂不粉化，且其剥离强度基本保持不变，可广泛应用于高温高湿环境下的沙发家具和汽车座椅面料，丛林试验结果确定其具有10年耐久性。
46. 205062554 一种夜光、反光功能的聚氨酯合成革
CN
02.03.2016
D06N 3/14 Loading...
D06N 3/14
Loading...
201520581966.9
安徽安利材料科技股份有限公司
陈绪珍
D06N 3/14
Loading...
本实用新型公开了一种夜光、反光功能的聚氨酯合成革，包括聚氨酯涂层，所述聚氨酯涂层的外表面通过夜光涂层和反光膜层粘合连接成一体，所述夜光涂层的材料是由夜光材料和聚氨酯树脂构成的自行发光余晖持续不小于12H的混合物，所述夜光材料为粒度为750-850目的蓄光型稀土化合物。本实用新型将聚氨酯涂层、夜光涂层和反光膜层进行粘接，不仅具有普通合成革的耐用性，且具有夜光和反光的功能，其制成的运动休闲鞋无论在白天还是在夜间运动时均可以起到提醒警示作用，提高运动的安全性。
47. 105350342 一种水性/无溶剂复合型环保聚氨酯合成革的制备方法
CN
24.02.2016
D06N 3/14 Loading...
D06N 3/14
Loading...
201510634193.0
安徽安利材料科技股份有限公司
王锐林
D06N 3/14
Loading...
本发明公开了一种水性/无溶剂复合型环保聚氨酯合成革的制备方法，所述合成革包括水性弹性体面层与无溶剂发泡中间层，所述水性弹性体面层树脂为热固型聚醚型水性聚氨酯树脂，所述无溶剂中间层为热固型双组份聚醚型无溶剂发泡聚氨酯树脂，所述双组份料为聚醚型组合A料和聚醚型B料预聚体。本发明的制备过程不使用任何有机溶剂，实现了合成革生产加工及成品的零溶剂使用及健康环保；同时将水性聚氨酯树脂与无溶剂聚氨酯树脂的优点结合，获得的合成革产品不仅花纹立体感强、手感柔软，耐水解等物理性能优越，而且肌肤感及皮感与天然真皮相当。
48. 205024502 一种机缝球用聚氨酯合成革
CN
10.02.2016
D06N 3/14 Loading...
D06N 3/14
Loading...
201520730467.1
安徽安利材料科技股份有限公司
邢高瞻
D06N 3/14
Loading...
本实用新型提供一种机缝球用聚氨酯合成革，包括背涂涂层、基布层、湿法贝斯涂层和干法涂层，所述基布层采用平纹双面起毛机织布，所述基布层短毛面涂覆湿法贝斯涂层，所述基布层长毛面背涂聚氨酯树脂形成背涂涂层，所述湿法贝斯涂层上通过聚氨酯树脂贴合有干法涂层。本实用新型的聚氨酯合成革具有缝合强度高，经纬向拉伸较小，并且经纬向伸长率相当，耐磨性能较好，针缝大孔较小，手感较扎实等特点。
49. 105256601 一种干法制备耐水解沙发家具用聚氨酯合成革的方法
CN
20.01.2016
D06N 3/14 Loading...
D06N 3/14
Loading...
201510755013.4
安徽安利材料科技股份有限公司
苏星
D06N 3/14
Loading...
本发明提供一种干法制备耐水解沙发家具用聚氨酯合成革的方法，包括以下步骤：选用双面起毛机织布为布基，在布基长毛面涂覆一层改性的含氟聚氨酯树脂表面处理剂；在离型纸表面均匀涂布聚氨酯面层浆料，烘干后制得面层皮膜，再在面层皮膜上均匀涂覆聚氨酯粘接层浆料，与处理后的布基长毛面贴合烘干，将离型纸剥离后得干法半成品；在干法半成品的布基短毛面涂覆一层疏水性聚氨酯，烘干后成型制得成品。含氟聚氨酯树脂表面处理剂改善了布基与粘接的聚氨酯涂层的结合强度，改善了布基的耐水解性能，丛林试验结果确定其具有5年耐久性，全干法工艺制备周期缩短，物料成本降低，且便于生产控制，产品手感丰满，触感柔和，品质稳定。
50. 204982507 一种合成革的防粘剂喷淋循环系统
CN
20.01.2016
D06N 3/00 Loading...
D06N 3/00
Loading...
201520594170.7
安徽安利材料科技股份有限公司
陈颖
D06N 3/00
Loading...
本实用新型公开了一种合成革的防粘剂喷淋循环系统，包括依次设置的第一浸水箱、前轧水辊组、第二浸水箱、防粘剂喷淋装置、后轧水辊组，第一浸水箱内设有第一浸水辊，第二浸水箱内设有第二浸水辊，工作时合成革依次经过第一浸水辊、前轧水辊组、第二浸水辊、后轧水辊组，防粘剂喷淋装置包括防粘剂箱、出水管及喷淋水管，防粘剂内设有防粘剂溶液，出水管连通防粘剂箱和喷淋水管，出水管上设有水泵，合成革在位于第二浸水辊和后轧水辊组之间的部位上方设置喷淋水管，喷淋水管下方设有多个喷淋孔，喷淋水管上设有控制流量大小的阀门。本实用新型相对于现有技术的优点：防粘剂喷淋效果好，且大大降低了防粘剂的使用量，从而节约了成本。
51. 105155294 一种防污压花再生皮合成革及其制备方法
CN
16.12.2015
D06N 3/14 Loading...
D06N 3/14
Loading...
201510473388.1
安徽安利材料科技股份有限公司
陈宇
D06N 3/14
Loading...
本发明提供一种防污压花再生皮合成革及其制备方法，包括：将全涤水刺布为正面、复合植真皮粉为背面复合而成再生皮布基；将再生皮布基匀速通过含浸槽中的含浸浸渍浆料，并控制再生皮布基出含浸槽后每平方米增重50-150%；再生皮布基出含浸槽后立即用刮刀刮去再生皮布基正面上的含浸浸渍浆料；在再生皮布基的正面涂覆湿法贝斯浆料，并置于DMF水溶液中凝聚得湿法半成品；通过磨皮设备将其背面多余的浸渍物料磨除，并将该面拉毛成倒毛状；再依次通过干法造面、表面仿真处理、及揉纹处理工艺制得防污压花再生皮合成革。具有完美的悬垂感、柔软的丰满度及无皱折特性仿真皮产品，价格远低于真皮。
52. 105133372 一种TPU电子包装和文具证件用聚氨酯合成革的制备方法
CN
09.12.2015
D06N 3/14 Loading...
D06N 3/14
Loading...
201510634164.4
安徽安利材料科技股份有限公司
阮仁祥
D06N 3/14
Loading...
本发明公开了一种TPU电子包装和文具证件用聚氨酯合成革的制备方法，是以高熔融点TPU薄膜和低熔融点TPU薄膜复合后得到的TPU复合薄膜为基材；依次将面层浆料和中间层浆料涂覆于离型纸上，烘干固化后分别形成面层和中间层；以低熔融点的聚醚型聚氨酯树脂U‑50为粘结层，将所述粘结层涂覆于中间层上，烘干并与TPU复合薄膜贴合，熟化后冷却剥离离型纸得到成品。本发明聚氨酯合成革具有超薄的厚度(0.30‑0.40mm)，优良的透光性能，且可以直接与PC基材热压贴合，无需额外复合热熔胶或涂刷胶水。
53. 105113267 一种防虹吸耐水解聚氨酯合成革的制备方法
CN
02.12.2015
D06N 3/00 Loading...
D06N 3/00
Loading...
201510557122.5
安徽安利材料科技股份有限公司
朱福俭
D06N 3/00
Loading...
本发明公开了一种防虹吸耐水解聚氨酯合成革的制备方法，选用高顶破机织单面起绒布为基布，选用合肥安利聚氨酯新材料有限公司研发的耐水解树脂（SW-6030H、SW-6080RH）与二甲基甲酰胺水溶液、泼水剂、孔型调整剂、固体填充料等进行混合搭配作为涂覆浆料，通过涂覆浆料配方配比的优化设计，配合特定的工艺条件制备出具有防虹吸且剥离强度≥30？N/3cm，并于80℃*95%？RH*7？Days条件耐水解后剥离强度仍可≥30N/3cm的聚氨酯合成革。
54. 105064126 一种合成革生产用离型纸的前处理工艺
CN
18.11.2015
D21H 19/82 Loading...
D21H 19/82
Loading...
201510482276.2
安徽安利材料科技股份有限公司
刘兵
D21H 19/82
Loading...
本发明公开了一种合成革生产用离型纸的前处理工艺，包括如下步骤：配置水性聚氨酯浆料；将水性聚氨酯浆料涂覆在离型纸的硅油层表面上，形成水性聚氨酯浆料层；配置聚氨酯树脂浆料；将聚氨酯树脂浆料涂覆在离型纸上的水性聚氨酯浆料层表面上，形成聚氨酯树脂浆料层；将水性聚氨酯浆料层和聚氨酯树脂浆料层与离型纸分离。本发明相对于现有技术的优点：以使离型纸的硅油层更加稳定，在合成革的生产中不易产生硅油层破损，耗材成本低；可以稳定离型纸的光雾度，使得后续的合成革成品的光泽度更加稳定。
55. 105064063 一种柔感印花透气家俱革及其制备方法
CN
18.11.2015
D06N 3/14 Loading...
D06N 3/14
Loading...
201510473420.6
安徽安利材料科技股份有限公司
王锐林
D06N 3/14
Loading...
本发明提供一种柔感印花透气家俱革及其制备方法，主要包括：在离型纸一面上依次涂覆面层浆料和粘接层浆料得聚氨酯双层膜；将聚氨酯双层膜转移至布基的长毛面上进行贴合，得干法半成品；将聚氨酯树脂溶解于溶剂中配成开孔物料；将其移至干法半成品的面层上，对其进行溶解开孔；然后进行印花、揉纹处理，即制得柔感印花透气家俱革。本发明是将聚氨酯双层膜干贴于布基的长毛面，从而提高家俱革的手感柔软度，且对其揉纹处理后，使其花纹收缩较深，纹路清晰；并通过开孔物料对合成革的局部通过溶剂蒸汽进行溶解开孔，使合成革面层上形成孔型细微的微孔，从而提高革的透气性能。
56. 105040455 一种合成革用基布颜料迁移性能的测试方法
CN
11.11.2015
D06N 3/00 Loading...
D06N 3/00
Loading...
201510323360.X
安徽安利材料科技股份有限公司
童中超
D06N 3/00
Loading...
本发明公开了一种合成革用基布颜料迁移性能的测试方法，具体包括以下步骤：首先将合成革用基布夹在两块白色的聚氯乙烯薄膜之间，然后用两块平整光滑的硬质铁板夹住聚氯乙烯薄膜，再将其整体置于128-132℃的烘箱中放置1.9-2.1h，最后从烘箱中取出整体结构，用评定沾色用五档灰色样卡评定白色涂料聚氯乙烯薄膜的沾色情况并评级。本发明测试方法简单，测试结果直观明了，从等级对测试结果进行划分，从而能更准确的分别合成革用基布的染色性能。本发明在合成革生产前，提前对深色的基布进行测试，避免了合成革用基布颜料迁移严重，造成革面污染，影响产品合格率的问题。
57. 105002748 一种抗皱、无折痕鞋用无纺布聚氨酯合成革及其制备方法
CN
28.10.2015
D06N 3/14 Loading...
D06N 3/14
Loading...
201510473605.7
安徽安利材料科技股份有限公司
杜东旭
D06N 3/14
Loading...
本发明公开了一种抗皱、无折痕鞋用无纺布聚氨酯合成革及其制备方法，包括以水刺无纺布表面针刺纤维铺网成抗皱无纺布基；将其置于聚氨酯浸渍浆料中进行浸渍后，再置于DMF水溶液中进行凝聚、烫平；涂覆聚氨酯涂层浆料后依次经过凝聚、水洗、烘干；用后处理磨皮机对其表面进行定向磨削；在离型纸上涂覆一层热塑性聚氨酯树脂干法涂层浆料，烘干后再涂覆一层热塑性聚氨酯干法粘结层浆料，再经过烘箱烘至半干得到干法合成革半成品；将其与湿法合成革半成品进行贴合，再经烘干、熟成后即得无纺布聚氨酯合成革。具有不起皱、物理机械强度高的特点，同时还具有制鞋定型好、耐用性能好等优点，完全满足运动休闲鞋、童鞋等加工及性能要求。
58. 104988743 一种测试合成革基布颜料迁移用白色PVC薄片及其制备方法
CN
21.10.2015
D06N 3/00 Loading...
D06N 3/00
Loading...
201510324449.8
安徽安利材料科技股份有限公司
贾义松
D06N 3/00
Loading...
本发明公开了一种测试合成革基布颜料迁移用白色PVC薄片及其制备方法，白色PVC薄片是由以下组分按重量份比制成：PVC树脂430-530份、增塑剂160-260份、热稳定剂10-20份、发泡剂25-30份、颜料48-52份、填料100-200份。本发明白色PVC薄片与合成革基布的布面贴合试验可以预测试合成革用基布颜料的迁移性能，提前规避基布与革面粘连而发生颜料迁移而污染革面问题，避免造成合成革革面污染，提高合成革产品品质。
59. 204702984 合成革干法贴面用涂刀装置
CN
14.10.2015
D06N 3/00 Loading...
D06N 3/00
Loading...
201520459927.1
安徽安利材料科技股份有限公司
葛伦年
D06N 3/00
Loading...
本实用新型公开了合成革干法贴面用涂刀装置,包括刀架及涂刀,涂刀包括刀头和刀柄,涂刀的刀头向前端凸出且其截面呈D型,涂刀的刀柄设于刀头的后端面的中心部位且向后端凸出,刀柄的截面呈前大后小的等腰梯形,刀柄沿着左右方向上间隔均匀的设置有多个第一螺纹孔,刀架的前端面结构与刀头后端面的上半部以及刀柄后端面的结构相吻合,刀架上设置有与第一螺纹孔同轴心的第二螺纹孔,通过螺钉依次穿过第二螺纹孔和第一螺纹孔将涂刀安装在刀架上。本实用新型相对于现有技术的优点：大大减少了革面刮痕；该刀头上下对称且上下两端均可作为涂刀刀刃，提高了涂刀的使用寿命；能实现快速更换涂刀的刀刃。
60. 204704981 一种在线式风管风压状态监控装置
CN
14.10.2015
F24F 7/06 Loading...
F24F 7/06
Loading...
201520465308.3
安徽安利材料科技股份有限公司
褚云胜
F24F 7/06
Loading...
本实用新型公开了一种在线式风管风压状态监控装置，包括排风风机、排风管道，排风管道内在靠近出风口处设置有风压传感器，风压传感器连接有智能控制仪，智能控制仪连接有报警器，智能控制仪通过变频器连接排风风机，风压传感器采集排风管道内的风压并传送给智能控制仪，智能控制仪通过控制变频器的频率进而控制排风风机的转速，从而控制排风风量的大小。本实用新型相对于现有技术的优点：通过风压传感器检测排风管道的的出风口处的风压，并传递给智能控制仪，由智能控制仪显示风压并控制变频器从而控制排风风量的大小，同时，由智能控制仪控制报警器进行报警。
61. 204702959 基于压差保护的压花生产线的锅炉加热系统
CN
14.10.2015
D06C 23/04 Loading...
D06C 23/04
Loading...
201520460850.X
安徽安利材料科技股份有限公司
吴兆刚
D06C 23/04
Loading...
本实用新型公开了基于压差保护的压花生产线的锅炉加热系统,包括锅炉、油箱，锅炉设置有进油口和出油口，进油口通过进油管道连接到油箱，出油口通过回油管道连接到油箱，回油管道上在靠近出油口处设置有油泵，回油管道穿过压花辊的轴孔，回油管道在位于压花辊与锅炉之间的一段为加热进口管，回油管道在位于压花辊与油箱之间的一段为加热出口管，加热进口管上设有第一远传压力表，加热出口管上设有第二远传压力表，第一远传压力表和第二远传压力表的压力输出端分别连接到智能控制仪表,智能控制仪表的继电器输出端分别连接电加热装置和声光报警器。本实用新型优点：此种压力差保护方式更加安全、直接、可靠和精确。
62. 104532601 Method for producing ultra-thin lightweight leather for sports and leisure shoes
CN
22.04.2015
D06N 3/14 Loading...
D06N 3/14
Loading...
201410722750.X
安徽安利材料科技股份有限公司
程艳西
D06N 3/14
Loading...
The invention discloses a method for producing an ultra-thin lightweight leather for sports and leisure shoes, which is characterized in that ultra-thin composite fabric base is taken as a base material, a wet synthetic leather semi-finished product is produced by a wet method; then the surface of the semi-finished product is polished and processed by a dry method, and finally the ultra-thin lightweight leather for sports and leisure shoes can be produced. The ultra-thin lightweight leather for sports and leisure shoes has the characteristics of ultra-thin thickness, light weight and high physical property, and has the advantages of little buckling, good hand feeling and good sizing performance, can completely accord with development trend of beauty, fashion and light weight of the current leather for leisure shoes.
63. 204284870 一种针板加油装置
CN
22.04.2015
F16N 7/00 Loading...
F16N 7/00
Loading...
201420786568.6
安徽安利合成革股份有限公司
俞飞云
F16N 7/00
Loading...
本实用新型公开了一种针板加油装置，包括针板轨道和位于针板轨道上方的针板防护罩，其特征是，设置加油嘴是由进油管段和注油管段构成的弯管结构，进油管段处在针板防护罩的上方，注油管段呈竖直贯穿防护罩上的通孔并在防护罩的底部向下凸伸，使注油口凸出于防护罩的底面，并处在针板轨道的上方。本实用新型可以将润滑油准确加注在针板轨道中，保证针板链条安全运行，消除安全隐患；同时能避免污染坯革表面，保证坯革外观质量。
64. 204278514 一种均匀热压压花辊
CN
22.04.2015
B29C 59/04 Loading...
B29C 59/04
Loading...
201420690145.4
安徽安利合成革股份有限公司
鲍广明
B29C 59/04
Loading...
本实用新型提供一种均匀热压压花辊，包括中空圆柱形辊筒，该辊筒两端开设有进油口和出油口，所述辊筒内设置有一端开口的内插管，所述内插管的开口端与所述进油口连接，所述内插管管壁上均匀开设有多个油孔。本实用新型通过在压花辊辊筒内部增加内插管，并在内插管管壁上开设有多个油孔，进而改善辊筒内部的导热油流量、流速及流动状态改变，改善热量交换，使辊面热量分布均匀，压花辊整面两侧温度差大大缩小，从而达到改进压花效果，提高压花产品品质，提高生产可操作性，提高劳动效率，降低能耗。
65. 204280390 一种恒温料盒
CN
22.04.2015
B65D 88/74 Loading...
B65D 88/74
Loading...
201420689878.6
安徽安利合成革股份有限公司
张海峰
B65D 88/74
Loading...
本实用新型提供一种恒温料盒，包括料槽，所述料槽底端设置有水套层，该水套层两侧分别连通有进水管道和出水管道。本实用新型根据环境温度和物料需要的恒温温度，通过管道向料槽底端的水套层中通入不同温度的液体，液体与物料经过热传递，保持物料的稳定性，减少环境因素带来的影响，提高产品质量。
66. 204278515 一种高透气性合成革压纹打孔设备
CN
22.04.2015
B29C 59/04 Loading...
B29C 59/04
Loading...
201420690206.7
安徽安利合成革股份有限公司
朱国炜
B29C 59/04
Loading...
本实用新型提供一种高透气性合成革压纹打孔设备，包括设置在两端的放卷装置和收卷装置，该放卷装置和收卷装置之间依次串联有补偿器、预热辊、用于正面压纹的压花辊头和冷却辊，所述合成革由放卷装置进入并依次穿过补偿器、预热辊、压花辊头和冷却辊后进入收卷装置，所述冷却辊与收卷装置之间串联有用于背面打孔的针刺辊头组件，该针刺辊头组件包括上下紧密贴靠的针刺辊和橡胶辊，其中针刺辊为从动辊，橡胶辊为能正反转的主动辊。本实用新型通过在冷却辊与收卷装置之间串联有用于背面打孔的针刺辊头组件，当合成革正面压完纹路后，将合成革反穿，使合成革背面朝上，使针刺辊可以在背面打孔，使得合成革压纹、打孔两道工序一遍完成，大大提高了劳动效率，并且降低能耗。
67. 104452325 Production method of high-permeability furniture leather
CN
25.03.2015
D06N 3/14 Loading...
D06N 3/14
Loading...
201410655809.8
安徽安利材料科技股份有限公司
王森
D06N 3/14
Loading...
The invention belongs to the field of synthetic leather and in particular relates to a production method of high-permeability furniture leather. The production method of the high-permeability furniture leather comprises the following steps: preparing a dry-process semi-finished product by using a release paper transfer film method; then coating the surface of the dry-process semi-finished product with polyether resin slurry with excellent crosslinking degree, drying and shaping patterns; then fitting the surface of the dry-process semi-finished product with the textured surface of a single-sided brushing fabric, drying again, and curing to prepare the high-permeability polyurethane resin synthetic leather. By virtue of the production method of the high-permeability furniture leather, the technical problem that the conventional PU leather is impermeable can be solved; the production cost is low; the production is convenient to control; the production period is short; meanwhile, the finished leather has full patterns, and is soft in hand feeling and stable in quality.
68. 104369282 Large-scale efficient automatic batching system
CN
25.02.2015
B29B 7/74 Loading...
B29B 7/74
Loading...
201410504978.1
安徽安利材料科技股份有限公司
施波
B29B 7/74
Loading...
The invention discloses a large-scale efficient automatic batching system. The batching system includes a batching control system, and the batching system also includes a plurality of parallel reactors (1), a plurality of parallel resin tanks (2), a mobile chemical storage tank (3), a plurality of assistant storage tanks (4), a plurality of color paste tanks (5), a plurality of parallel powder material conveying pipelines (6) and a plurality of parallel liquid material conveying pipelines (7); and resin in the chemical storage tank is added into the resin tanks through self weight and nitrogen pressure and then enters the reactors through the liquid material conveying pipelines, and an assistant and a color paste enter the reactor through a color and assistant dispenser. The batching system improves the batching efficiency and the utilization ratio of the reactors, greatly improves the batching speed, simultaneously solves a problem that highly viscose resin cannot be conveyed through present batching systems, improves the production efficiency of synthetic leather, avoids the shortcomings of low accuracy, high labor intensity and low industrialization degree of traditional manual operation modes, and improves the scientific, technological and informationalized production level.
69. 204177602 一种多规格布基和坯革裁样模板
CN
25.02.2015
G01N 1/04 Loading...
G01N 1/04
Loading...
201420708107.7
安徽安利合成革股份有限公司
程国龙
G01N 1/04
Loading...
本实用新型公开了一种多规格布基和坯革裁样模板，其特征是：模板是在一平板上设置各种规格的矩形镂空槽，镂空槽包括：长度为20cm、宽度为3cm的第一规格矩形槽，以及长度为20cm、宽度为5cm的第二规格矩形槽。本实用新型可以有效提高裁样效率、减少对样品的浪费。
70. 204152778 一种设有安全防护罩的气动泵
CN
11.02.2015
F04B 53/00 Loading...
F04B 53/00
Loading...
201420560123.6
安徽安利合成革股份有限公司
杨叶茂
F04B 53/00
Loading...
本实用新型的一种设有安全防护罩的气动泵，包括提料部和驱动提料部进料阀启闭的动力部，所述动力部包括气缸和活塞，所述活塞通过活塞杆与提料部的连杆连接，所述气缸下方设有供活塞杆上下运动的前后敞口的容纳腔，其特征在于，所述容纳腔的敞口处设有可开合的防护罩。本实用新型在现有气动泵上通过增加可拆卸的防护罩来提高气动泵的安全性能，避免使用者在洗泵时手碰触到气动泵活塞杆手指被活塞杆挤压受伤，并将人手和危险源进行隔离，能够消除操作时存在的安全隐患。
71. 204149356 一种大规模高效自动配料系统
CN
11.02.2015
B29B 7/74 Loading...
B29B 7/74
Loading...
201420561736.1
安徽安利合成革股份有限公司
施波
B29B 7/74
Loading...
本实用新型公开了一种大规模高效自动配料系统，包括配料控制系统，其特征在于，所述配料系统还包括多个并列的反应釜(1)、多个并列的树脂罐(2)、移动式化工储罐(3)、多个助剂储罐(4)、多个色浆储罐(5)和多个并列的粉体物料输送管道(6)和多个并列的液体物料输送管道(7)；化工储罐中的树脂经自重及氮气压力加入树脂罐中，再经过液体物料输送管道进入反应釜，助剂和色浆经色浆助剂分配机进入反应釜。本实用新型提高了配料效率和反应釜利用率，配料速度大大提高，同时解决了高粘度树脂无法通过现有配料系统输送的难题，不仅提高了合成革的生产效率同时也避免了传统生产方式人工操作的准确性差、劳动强度大、工业化程度低的不足，提高了科技化信息化生产水平。
72. 104328691 High-physical property and high-solid functionality sofa furniture leather
CN
04.02.2015
D06N 3/18 Loading...
D06N 3/18
Loading...
201410581063.0
安徽安利材料科技股份有限公司
胡俊
D06N 3/18
Loading...
The invention discloses a production method of high-physical property and high-solid functionality sofa furniture leather. Compared with a traditional preparation method of sofa furniture leather, the production method has the advantages that an all-dry process is adopted, base cloth which meets requirements is adopted to replace beth veneering in a wet method, three knives of dry coatings are adopted, a first knife of surface layer, a second knife of surface layer and a bonding layer are made of polycarbonate or polyether resin, and wet coating is directly adopted in a veneering process. The high-physical property and high-solid functionality sofa furniture leather prepared by using the production method has the advantages that the hydrolysis resistant property reaches five years, the abrasion resistant property reaches 300-thousand times without breaking by virtue of Valspar detection, and other properties such as yellowing and bending resistance and the like are excellent.
73. 204079468 一种气动泵物料输送装置
CN
07.01.2015
B67D 7/78 Loading...
B67D 7/78
Loading...
201420561777.0
安徽安利合成革股份有限公司
何伟
B67D 7/78
Loading...
本实用新型公开了一种气动泵物料输送装置，包括气动泵本体，所述气动泵本体设有底部物料入口和中部侧方物料出口，其特征在于：所述物料出口连接一向上弯的弧形管，所述弧形管的出口与一软管相连，所述软管的端部连接有刀头。本实用新型结构简单，弧形管结构设置缩小了整个物料装置的横向宽度，方便气动泵泵体在物料桶内的上下移动，减小气动泵的横向操作半径，方便了人员操作，且有效降低了人员劳动强度。
74. 204057942 一种色浆助剂自动化输送机构
CN
31.12.2014
B67D 7/02 Loading...
B67D 7/02
Loading...
201420560089.2
安徽安利合成革股份有限公司
施波
B67D 7/02
Loading...
本实用新型公开了一种色浆助剂自动化输送机构，包括多个并列的助剂储罐(1)和色浆储罐(2)，其特征在于，输送机构设有一色浆助剂分配机(3)，色浆助剂分配机(3)包括一储存罐(31)和多个进料连接头(32)，进料连接头(32)与助剂储罐(1)和色浆储罐(2)通过管道(4)一一对应连接，管道(4)上设有物料输送泵一(5)；储存罐(31)的底部设有出料口(311)，出料口(311)与DMF溶剂输送管道(6)连接后通过物料输送泵二(7)与色浆助剂输送管道(8)连接，色浆助剂输送管道(8)与反应釜的色浆助剂加料口相连。本实用新型劳动强度大大降低，助剂和色浆采用管道密闭输送，不需要用人工投料,不仅提高了配料效率，使配料速度大大提高，而且改善了作业场所工作环境。
75. 204051656 一种用于自动化加料的反应釜
CN
31.12.2014
B01J 19/00 Loading...
B01J 19/00
Loading...
201420560110.9
安徽安利合成革股份有限公司
施波
B01J 19/00
Loading...
本实用新型公开了一种用于自动化加料的反应釜，包括反应釜本体，其特征在于，所述反应釜本体(1)的顶部壳体上沿其圆周方向设有多个与反应釜本体内部连通的用于物料进料的连接管(101)；所述连接管连接有物料分配器，所述物料分配器包括金属管软(2)和倾斜设置的斜管(3)，所述斜管(3)与金属软管(2)顶部连通，所述斜管(2)上设有多个进料口连接部(301)，所述进料口连接部(301)与由下至上依次连接透镜(4)、电磁控制阀(5)和手动阀(6)后与物料输送管道(7)相连通。本实用新型反应釜可用于自动化配料系统中，在保持反应釜其它结构不变的情况下，通过在反应釜顶部设置一物料分配器来增加进料口的数量，从而可以与多个物料管连接，实现物料的自动化控制。
76. 204057871 一种用于叉车上的袋装物资起吊架
CN
31.12.2014
B66F 9/12 Loading...
B66F 9/12
Loading...
201420069428.7
安徽安利合成革股份有限公司
刘学宏
B66F 9/12
Loading...
本实用新型提供一种用于叉车上的袋装物资起吊架，包括底座，该底座内水平设有一对平行的空心方钢，底座两侧垂直设有支撑杆，支撑杆上端设有与空心方钢平行的吊臂。采用由空心方钢、支撑杆和吊臂组成的叉车起吊架，可以有效增加单次运输袋装物资的数量，由于吊臂的作用，便于对仓库上层和内侧的袋装物资进行装卸，提高作业效率，同时提高叉车驾驶者的视距，增加作业安全系数。
77. 204059073 一种高真皮含量的生态皮革
CN
31.12.2014
D06N 3/14 Loading...
D06N 3/14
Loading...
201420439994.2
安徽安利合成革股份有限公司
陈绪珍
D06N 3/14
Loading...
本实用新型公开了一种高真皮含量的生态皮革，所述生态皮革包括基布层，所述基布层的上表面涂覆有湿法贝斯涂层，所述湿法贝斯涂层上通过聚氨酯树脂贴合有干法涂层；所述基布层的下表面粘合有真皮粉布基层，所述真皮粉布基层是由真皮粉压合而成的真皮粉层与纤维面粘合构成，所述真皮粉布基层的纤维面与基布层的下表面粘合成一体。本实用新型选用了含有高密度的真皮粉层与纤维面构成的真皮粉布基层与普通皮革粘合形成的，其不仅具有真皮的外观与触感，且物理机械性能明显优于真皮、价格低于，可应用于高档沙发，座椅等，能极大的满足消费者物美价廉的需求。
78. 204023276 一种弹力高透镜面压纹聚氨酯合成革
CN
17.12.2014
D06N 3/14 Loading...
D06N 3/14
Loading...
201420439769.9
安徽安利合成革股份有限公司
杜先炳
D06N 3/14
Loading...
本实用新型公开了一种弹力高透镜面压纹聚氨酯合成革，包括基布层，所述基布层上涂覆有致密层，所述致密层的另一面通过粘接层与镜面压纹层粘合成一体；所述致密层为湿法聚氨酯层，所述粘接层为干法聚氨酯层，所述镜面压纹层是通过镜面压花辊将镜面层的表面压出花纹形成的；所述镜面层包括镜面纸，所述镜面纸上涂覆有干法聚氨酯树脂层。本实用新型的弹力高透镜面压纹聚氨酯合成革采用湿法工艺将致密层涂覆在基布层纬编高纺弹力布基上形成湿法贝斯，其具有高回弹性、无折皱等特性；并通过粘接层将致密层与镜面层粘合起来，同时并提高其弹性；镜面压纹层保持了镜面的通透性和光泽度，使其表面具有立体的纹路效果。
79. 203843708 一种磨刀具
CN
24.09.2014
B24D 15/08 Loading...
B24D 15/08
Loading...
201420288633.2
安徽安利合成革股份有限公司
杨叶茂
B24D 15/08
Loading...
本实用新型的一种磨刀具，其特征在于：包括磨刀石(1)及固定夹具(2)，所述固定夹具由一T形板弯曲形成一个由底面(21)、后侧面(22)、顶面(23)及左右两侧的夹持面(24)构成用于夹持磨刀石(1)的夹持腔，所夹持板呈弧形弯曲，所述后侧板上设有与顶紧螺栓配合的螺纹孔(25)。本实用新型设计的刀排专用磨石具，其结构简单，磨具腔体采用型材经裁剪后整体折弯形成，其生产成本低，方便操作，便于在人员进行刀排修复工作时，增大人手和危险源的距离，并将人手和危险源进行隔离，能够消除操作时存在的安全隐患。
80. 203767956 一种用于叉车上的桶装物资装卸叉爪套
CN
13.08.2014
B66F 9/18 Loading...
B66F 9/18
Loading...
201420069444.6
安徽安利合成革股份有限公司
张良红
B66F 9/18
Loading...
本实用新型提供一种用于叉车上的桶装物资装卸叉爪套，包括用于套设在叉爪上的一对空心方钢，空心方钢顶端铺设有支撑底板，该支撑底板两侧沿其水平纵向竖直设置有挡板。采用空心方钢套设在叉爪上，便于随叉车自由移动，方便拆装，在空心方钢顶端铺设支撑底板并设置挡板，可以防止桶装物资在装卸过程中出现坠落的现象。
81. 203510884 合成革湿法小试机
CN
02.04.2014
B32B 37/02 Loading...
B32B 37/02
Loading...
201320669504.3
安徽安利合成革股份有限公司
杨滁光
B32B 37/02
Loading...
本实用新型公开了一种合成革湿法小试机，包括控制台（1），其特征在于：控制台（1）上由左至右依次设有放卷机构（2）、浸槽（3）、涂覆机构（4）、凝聚槽（5）、入水机构（6）和轧车机构（7）；所述放卷机构（1）用于放卷基布（8），所述基布（8）通过导向辊（9）依次通过浸槽（3）、涂覆机构（4）、凝聚槽（5）、轧车机构（7）。本实用新型采用分体结合式的设计，可根据实际情况及工艺需求进行调整，从而研发出在不同状态下的聚氨酯合成革，其应用范围得到极大的拓展，提高设备的使用效率。
82. 203498692 合成革干法湿贴生产线坯革裁断机构
CN
26.03.2014
D06H 7/00 Loading...
D06H 7/00
Loading...
201320669471.2
安徽安利合成革股份有限公司
唐天立
D06H 7/00
Loading...
本实用新型公开了一种合成革干法湿贴生产线坯革裁断机构，其特征在于：包括一对将坯革转为水平走向的分布辊（1），位于坯革水平表面上方设有裁断机，所述裁断机包括固定在支架上的轨道（2）以及在轨道上做往复运动的裁断机头（3），所述裁断机头上设有高速旋转的旋转刀片（4）。本实用新型实现一人操作完成，只需按电动按钮，不仅安全性高，而且可以提高裁剪坯革质量，保证了整个生产流水连续畅通.。在裁剪过程中保持了离型纸面的平整完好，不会剪到离型纸，不会裁剪到橡胶辊面，破坏橡胶辊。
83. 203475204 一种湿法聚氨酯合成革主凝聚槽的冷却系统
CN
12.03.2014
D06N 3/14 Loading...
D06N 3/14
Loading...
201320501191.0
安徽安利合成革股份有限公司
江黄
D06N 3/14
Loading...
本实用新型提供一种湿法聚氨酯合成革主凝聚槽的冷却系统，包括至少一个水洗槽，所述水洗槽内设有热交换器，所述热交换器的出口端与热水箱的进口端连接，热交换器的进口端与冷水箱的出口端连接；所述热水箱的出口端通过制冷循环系统与冷水箱的进口端连接。本冷却系统采用制冷循环系统与蛇形热交换盘管对水洗槽内的DMF水溶液进行制冷，保证了湿法聚氨酯合成革生产线的正常生产，提高热交换效率，与冷却效率，并降低能耗。
84. 203440693 一种用于湿法聚氨酯合成革的简易水洗轧干设备
CN
19.02.2014
D06N 3/14 Loading...
D06N 3/14
Loading...
201320503125.7
安徽安利合成革股份有限公司
江黄
D06N 3/14
Loading...
本实用新型提供一种用于湿法聚氨酯合成革的简易水洗轧干设备，包括两个相对称设置的机架，所述两个机架的中间从上往下依次架设有橡胶辊与钢辊，所述橡胶辊与钢辊的两端分别位于设在机架上的上轴承座与下轴承座里；所述橡胶辊的一端固设有传动手柄，所述钢辊的下方设有水槽。本实用新型的设备小，操作简单且安全，节约了人力成本，并且适宜各种厚薄产品对间隙与压力的调整。
85. 103556471 Method for producing matte easily decontaminated polyurethane synthesized leather
CN
05.02.2014
D06M 15/564 Loading...
D06M 15/564
Loading...
201310497412.6
安徽安利材料科技股份有限公司
笪丽红
D06M 15/564
Loading...
The invention discloses a method for producing matte easily decontaminated polyurethane synthesized leather. The method is characterized by comprising the following steps: coating colorless slurry on the surface of the polyurethane synthesized leather, baking and curing, wherein the colorless slurry is prepared by mixing the following raw materials in parts by weight: 70-80 parts of acrylate modified polyurethane prepolymer, 2-5 parts of curing agent HDI (hexamethylene diisocyanate) biuret, 5-7 parts of triethylene diamine, and 30-20 parts of dimethyl formamide. The surface of the matte easily decontaminated polyurethane synthesized leather prepared by the method is easy to clean, and has matte gloss.
86. 103526562 Non-woven fabric polyurethane sports leisure shoe leather and preparation method thereof
CN
22.01.2014
D06N 3/14 Loading...
D06N 3/14
Loading...
201310499740.X
安徽安利材料科技股份有限公司
杜东旭
D06N 3/14
Loading...
The invention discloses non-woven fabric polyurethane sports leisure shoe leather and a preparation method thereof. The non-woven fabric polyurethane sports leisure shoe leather is characterized by being prepared by the steps of: soaking a non-woven fabric in polyurethane soaking slurry, coating polyurethane coating slurry on the soaked non-woven fabric, and finally carrying out dry process treatment and tanning treatment sequentially. The non-woven fabric polyurethane sports leisure shoe leather has excellent physical and mechanical properties such as strong tearing property, strong stripping property and strong bursting property, and has pliable and full hand feeling, good rebound resilience and good true leather effect.
87. 103526563 一种聚氨酯鞋插革的制备方法
CN
22.01.2014
D06N 3/14 Loading...
D06N 3/14
Loading...
201310514200.4
安徽安利材料科技股份有限公司
胡国金
D06N 3/14
Loading...
本发明公开了一种聚氨酯鞋插革的制备方法，以双面起毛机织布作为布基，通过逆辊在所述布基的长毛面涂覆均布DMF水溶液，确保布基长毛面毛绒平整，得到预处理后的布基；将所述预处理后的布基置于湿法浆料中浸渍，取出后依次经凝聚槽凝聚、水洗槽水洗、干燥、定幅后得到湿法坯革；将所述湿法坯革通过磨皮机面磨后得到聚氨酯鞋插革。本发明通过对生产工艺的优选、调控，使制备的聚氨酯鞋插革具有绒感细腻、手感丰满、物理性能优异的特点，以满足消费者对功能性鞋革产品的需求。
88. 103526560 一种高物性反绒皮聚氨酯合成革的制造方法
CN
22.01.2014
D06N 3/12 Loading...
D06N 3/12
Loading...
201310473840.5
安徽安利材料科技股份有限公司
张宁华
D06N 3/12
Loading...
本发明公开一种高物性反绒皮聚氨酯合成革的制造方法。包括合成革半成品的制备、磨毛处理和拉毛处理：合成革半成品的制备是将聚氨酯发泡浆料涂覆于基布，然后用烘箱烘干；磨毛处理是将完成发泡过程的合成革半成品先使用多辊砂轮进行表面磨削，通过选择砂纸及砂轮转速来调节磨削量；拉毛处理是将磨毛处理后的绒面革使用碳纤维拉毛辊对革面进行拉毛。本发明高物性反绒皮聚氨酯合成革制造方法简单，直接在基布上涂覆处理，减少传统湿法工序，使生产效率大大提高，有效降低物料及能耗成本。
89. 103522716 合成革湿法小试机
CN
22.01.2014
B32B 37/02 Loading...
B32B 37/02
Loading...
201310516955.8
安徽安利材料科技股份有限公司
杨滁光
B32B 37/02
Loading...
本发明公开了一种合成革湿法小试机，包括控制台（1），其特征在于：控制台（1）上由左至右依次设有放卷机构（2）、浸槽（3）、涂覆机构（4）、凝聚槽（5）、入水机构（6）和轧车机构（7）；所述放卷机构（1）用于放卷基布（8），所述基布（8）通过导向辊（9）依次通过浸槽（3）、涂覆机构（4）、凝聚槽（5）、轧车机构（7）。本发明采用分体结合式的设计，可根据实际情况及工艺需求进行调整，从而研发出在不同状态下的聚氨酯合成革，其应用范围得到极大的拓展，提高设备的使用效率。
90. 203392814 一种防止坯革铲烂的实用工装
CN
15.01.2014
B66F 9/18 Loading...
B66F 9/18
Loading...
201320423010.7
安徽安利合成革股份有限公司
程国龙
B66F 9/18
Loading...
本实用新型公开了一种防止坯革铲烂的实用工装，包括有钢板，钢板的厚度从前端向后端递减，钢板的前端面上开有两个对称的沉孔，沉孔中固定焊接有两个方形钢管。本实用新型工装制作简单，结构稳定可靠，在实际应用中需联合叉车使用，在叉车铲大卷合成革等软质产品时，可大大减少产品表面被铲烂的机率；本实用新型因结构固定，与叉车配合的两孔之间的间距固定，故在使用时叉车与两孔之间的配合插入易于进行。
91. 203392826 一种开塑料涂料桶的实用工具
CN
15.01.2014
B67B 7/16 Loading...
B67B 7/16
Loading...
201320422586.1
安徽安利合成革股份有限公司
李燕杰
B67B 7/16
Loading...
本实用新型公开了一种开塑料涂料桶的实用工具，包括有十字交叉不锈钢件，十字交叉不锈钢件的上端焊接有直角件，所述的直角件与十字交叉不锈钢件焊接的一段为水平段，另一端作为垂直段，直角件的垂直段与十字交叉不锈钢件空间平行。本实用新型实用工具制作加工简单，方便轻巧携带方便，操作安全可靠，省时省力，降低劳动强度，提高效率。
92. 203392775 气动泵自动升降装置
CN
15.01.2014
B66D 1/46 Loading...
B66D 1/46
Loading...
201320422806.0
安徽安利合成革股份有限公司
陈勇军
B66D 1/46
Loading...
本实用新型公开了一种气动泵自动升降装置，包括有支架，支架的上端安装有电机，支架上安装有与电机电连接的控制器，电机输出轴的前端安装有卷筒，卷筒上卷绕有绳索，绳索的前端向下延伸并连接有气动泵。本实用新型结构简单，消除了换料过程中频繁手动升降气动泵带来的不便，方便了人员操作，有效降低了人员劳动强度，提高了工作效率，同时消除了手动操作过程中手掌被绳索划伤的安全隐患。
93. 103498344 Production method of nano composite green flame-retardant polyurethane synthetic leather
CN
08.01.2014
D06N 3/14 Loading...
D06N 3/14
Loading...
201310487459.4
安徽安利材料科技股份有限公司
张吕香
D06N 3/14
Loading...
The invention discloses a production method of nano composite green flame-retardant polyurethane synthetic leather. The production method includes: coating base cloth with nano composite-system flame-retardant polyurethane coating slurry to obtain a wet-process semi-finished product, producing transfer film release paper, attaching transfer film of the release paper to the wet-process semi-finished product, drying, and stripping the release paper or using a rubbing barrel to produce the nano composite green flame-retardant polyurethane synthetic leather. The base cloth is semi-flame-retardant cloth and is made by blending flame retardant polyester fiber and viscose, so that the flame retardancy problem in the blended fabric is solved; the functional nano flame retardant allows consumption of other inorganic and organic flame retardants to be reduced greatly and is significantly synergistic; the base cloth material and the functional nano flame retardant allow burning point of the base cloth to be increased during the ignition process, so that high flame retardancy is achieved; the nano composite green flame-retardant polyurethane synthetic leather can pass the PART2 (flame 5) test in BS5852.
94. 103485192 Preparation method for seamless bonding polyurethane synthetic leather
CN
01.01.2014
D06N 3/14 Loading...
D06N 3/14
Loading...
201310438229.9
安徽安利材料科技股份有限公司
邢高瞻
D06N 3/14
Loading...
The invention discloses a synthetic leather product applied to the seamless bonding process for sports shoe manufacturing. According to the invention, high-peel strength hydrolysis-resistant polyurethane slurry is coated on the surface of a high-physical property composite base fabric formed by a special slim woven fabric and a non-woven fabric; a polyurethane leather coating is formed on the surface of the composite base fabric after agglomeration and the composite base fabric with the polyurethane leather film is subjected to solvent replacement by water washing, drying and shaping, so as to obtain a semi-finished product. A wet formula system has good permeability for a composite fabric base; after the completion of water washing and drying, wet coatings are thin and dense; the flatness of crust leather is better, the mechanical strength of the wet crust leather is high, and the alkaline-resisting performance is good. The seamless bonding polyurethane leather manufactured by the method is mainly applied to highly stressed parts of the sports shoes. The synthetic leather product can be used for manufacturing various textures, is hydrolysis-resistant, high in mechanical strength and light in weight, meets a 'light weight' concept advocated by the modern industry, is light and comfortable to wear, and provides the product with strong functionality and wear comfort.
95. 103485191 High-transparency polyurethane synthetic leather
CN
01.01.2014
D06N 3/14 Loading...
D06N 3/14
Loading...
201310437873.4
安徽安利材料科技股份有限公司
张玉萍
D06N 3/14
Loading...
The invention discloses a manufacturing method for high-transparency polyurethane synthetic leather. The manufacturing method is characterized by comprising the following steps: (a), polyurethane resin, high-solid acrylic acid modified polyurethane resin, butanone, an HDI trimer curing agent and an isocaprylic acid bismuth accelerant are stirred uniformly according to proportion to prepare a colorless and high-transparency slurry; (b), the surface of the polyurethane synthetic leather is coated with the colorless and high-transparency slurry through printing treatment, and the coating amount is controlled to be 50-90 g/m<2>; (c), the drying temperature is controlled to be 110-140 DEG C, and the drying time is controlled to be 3-5 minutes. The high-transparency polyurethane synthetic leather provided by the invention has high transparency, strong crystal sense and clear texture, is low in preparation cost, and convenient to produce and operate, and has high efficiency.
96. 203054560 一种压缩空气压力动态指示监控及报警系统
CN
10.07.2013
G05B 19/418 Loading...
G05B 19/418
Loading...
201220747693.7
安徽安利合成革股份有限公司
李李
G05B 19/418
Loading...
本实用新型公开了一种压缩空气压力动态指示监控及报警系统，其特征在于，包括压力表、压力变送器、DCS控制系统及警报器；压力表和压力变送器设置于空气压缩机与反应釜之间的输送管道上，压力变送器将压力信号转化为数字信号传输给设置在控制室内的DCS控制系统；报警器与由DCS控制系统连接，通过DCS控制系统向报警器发出报警指令。本实用新型通过在空气压缩机和反应釜之间的空气输送管路上安装机械压力表和压力变送器，将压力变送器的压力信号直接输送至控制室的DCS控制系统，方便工作人员时刻观察压缩空气管路的压力动态和运行状况；当管路中的空气压力异常，则报警器发出警报，避免因压力异常造成的安全及质量，实现对压力动态适时、自动、稳定控制。
97. 202988668 一种高层货架人员起升作业平台
CN
12.06.2013
B66F 11/04 Loading...
B66F 11/04
Loading...
201220747655.1
安徽安利合成革股份有限公司
贾贤根
B66F 11/04
Loading...
本实用新型公开了一种高层货架人员起升作业平台，包括固定平板及设在平板上方周边的护栏，其特征在于，所述固定平板底部设有一对与叉车叉爪配合的平行爪套，所述爪套为中空矩形结构。在仓储管理作业时，叉车叉爪伸入平台底部的爪套内，通过叉车叉爪的升降来实现作业平台的升降。本实用新型操作简单、使用方便，能有效节约人力，提高劳动效率。
98. 202978549 一种加强通风的电机保护柜
CN
05.06.2013
H02K 5/20 Loading...
H02K 5/20
Loading...
201220747618.0
安徽安利合成革股份有限公司
孟祥瑞
H02K 5/20
Loading...
本实用新型公开了一种加强通风的电机保护柜，包括用于将电机安装在其内的柜体（1），其特征在于，所述柜体（1）的门体（2）上均匀排布有多个通气孔（3），对应与通气孔处的门体内面设有可拆卸连接的防尘网（4）。本实用新型结构简单，通过在门体上设置通风孔来增强柜体的内外通风，便于电机运行产生的热量及时与保护柜外的空气进行热交换，从而降低电机运行环境温度，为电机提供良好的运行环境。通风孔处设置可拆卸的防尘网，不仅能有效避免灰尘进入保护柜内，而且方便对防尘网的拆卸和定期清洗。
99. 202964537 一种压花辊搬运专用工具
CN
05.06.2013
B25B 27/00 Loading...
B25B 27/00
Loading...
201220747651.3
安徽安利合成革股份有限公司
王志成
B25B 27/00
Loading...
本实用新型公开了一种压花辊搬运专用工具，包括手柄，其特征在于，所述手柄的端部连接有支撑部，所述支撑部开有与压花辊配合的半圆型凹槽。凹槽的弧度与压花辊的外表弧度相匹配，整个凹槽为圆滑的曲面，在合成革压花过程中，当需要更换压花辊时，利用杠杆原理，用本实用新型专用工具从移动辊架上分别撬动压花辊的两端，使之离开或放入辊架的凹槽，以方便对压花辊的取放、搬运。
100. 202962715 一种集装箱喷雾降温器
CN
05.06.2013
B05B 3/02 Loading...
B05B 3/02
Loading...
201220747668.9
安徽安利合成革股份有限公司
谭守臣
B05B 3/02
Loading...
本实用新型公开了一种集装箱喷雾降温器，包括喷雾器本体，其特征在于，所述喷雾器本体（2）上设有喷雾头（1），所述喷雾器本体底部设有磁性底座（3）。所述喷雾器本体（2）与磁性底座（3）可拆卸连接；所述喷雾头（1）为360°旋转式喷雾头。本实用新型降温器通过磁性底座将喷雾器本体直接吸附固定在集装箱的顶部，通过喷雾头持续向集装箱外表喷水，以降低集装箱内的温度，改善工作环境，降低中暑风险。
101. 102978965 一种超软高弹聚氨酯合成革的制备方法
CN
20.03.2013
D06N 3/12 Loading...
D06N 3/12
Loading...
201210571545.9
安徽安利合成革股份有限公司
王燕武
D06N 3/12
Loading...
本发明公开了一种超软高弹聚氨酯合成革的制备方法，是选用针织起绒基布，将聚醚型聚氨酯浆料涂覆于基布上，经湿法凝聚制成合成革半成品；再将制得的湿法半成品进行离型纸花纹转移，然后经高温热收缩形成具有不规则效果的花纹，最后经揉制改善手感及花纹饱满度，得到超软高弹聚氨酯高物性家具革。本发明产品能满足沙发革耐磨（H-18*500g*1000转）、耐水解（通过ASTM D3690标准）且柔软的物性要求，同时得到一种有别于常规离型纸花纹转移法生产的花纹效果，具有不可模仿性。
102. 102965964 一种超柔软耐磨仿真皮聚氨酯鞋里革的制造方法
CN
13.03.2013
D06N 3/12 Loading...
D06N 3/12
Loading...
201210482115.X
安徽安利合成革股份有限公司
迟红梅
D06N 3/12
Loading...
本发明公开了一种超柔软耐磨仿真皮聚氨酯鞋里革的制造方法，包括以下步骤：将基布泡湿；将聚氨酯树脂浆料涂覆于基布后进入凝固槽凝固、水洗、烘干制成湿法半成品；在湿法半成品的表面涂饰一层表面处理浆料，烘干；将表面处理后的半成品通过压花机压花，冷却定型；将压花后的半成品置于清水中浸泡后用轧车轧干后放人揉桶中，鞣制，直至揉干，制得最终成品。本发明生产的鞋里革使用改性竹炭粉代替了传统的木质素，不仅起到了更强的吸附分解、调湿、净化、除臭的功效，而且改性竹炭粉的制作方法简单，使用量很少的情况下就可以达到很强的效果。
103. 102965965 一种耐磨、耐水解的聚氨酯合成革的制备方法
CN
13.03.2013
D06N 3/12 Loading...
D06N 3/12
Loading...
201210490654.8
安徽安利合成革股份有限公司
笪丽红
D06N 3/12
Loading...
本发明公开了一种耐磨、耐水解的聚氨酯合成革的制备方法，包括湿法合成革半成品的制备、转移膜的制备、贴面半成品的制备和后处理各单元过程，首先将所述聚氨酯浆料涂覆于基布的绒面，然后按照常规方法依次置于凝固槽凝固、水洗并干燥得到湿法合成革半成品；在离型纸的正面均匀涂布聚碳浆料，干燥得到面层膜，然后在面层膜上均匀涂布二液型聚碳浆料作为粘结层，干燥后得到转移膜；将转移膜与湿法合成革半成品相贴合，干燥并冷却定型后剥离离型纸得到贴面半成品，然后经常规浸水、扎水、揉纹、烘干后即得成品。本发明制得的产品耐磨可达到H-18磨5000转表面不磨破，且具有10年耐久性。
104. 102965966 一种透气绒面聚氨酯合成革及其制备方法
CN
13.03.2013
D06N 3/12 Loading...
D06N 3/12
Loading...
201210490830.8
安徽安利合成革股份有限公司
程艳西
D06N 3/12
Loading...
本发明公开了一种透气绒面聚氨酯合成革及其制备方法，是以具有单面起绒的禾光绒作为布基，在其起绒表面涂覆一层聚氨酯浆料，经过凝聚后在基布表面形成聚氨酯皮膜，依次经水洗置换溶剂、烘干、定型获得半成品；在半成品的表层面进行定向磨皮处理后，再经过后处理表处和改色，得到成品。本方法制造的透气羊绒效果聚氨酯合成革具有优异的透气防水功能，外观类似反绒皮，表面绒感较强，可以部分替代反绒皮产品，符合现代行业倡导的“轻量化”的概念，穿着轻便、舒适、成本低廉。
105. 202356244 合成革干法贴面“零涂刮”改进装置
CN
01.08.2012
B05C 1/04 Loading...
B05C 1/04
Loading...
201120426513.0
安徽安利合成革股份有限公司
王义峰
B05C 1/04
Loading...
本实用新型公开了一种合成革干法贴面“零涂刮”改进装置，包括涂布平台(1)、刮浆料用刮刀(2)、以及设置在刮刀(2)刀头下方的压辊(3)，离型纸(4)经过涂布平台(1)被涂上浆料后从压辊与刀头之间通过，其特征在于：所述刮刀(2)的刀头设置为尖头，所述压辊(3)为橡胶辊。本实用新型改进装置用于对离型纸的最后一遍浆料涂布，将大大减少合成革干法工艺生产中所用的原料用量，有效降低成本，同时不影响产品品质；因该改进装置对离型纸的最后一遍涂料几乎没有，简称“零涂刮”。
106. 202237505 一种可抬升过滤网架的滴淋用过滤架
CN
30.05.2012
B01D 35/00 Loading...
B01D 35/00
Loading...
201120376757.2
安徽安利合成革股份有限公司
张成新
B01D 35/00
Loading...
本实用新型公开了一种可抬升过滤网架的滴淋用过滤架，其结构特点在于其顶部设置有用于放置过滤网架的圆环结构，所述圆环底部设置有支撑固定杆，在所述支撑固定杆的末端设置夹持卡口，通过所述夹持卡口卡固在浆料桶桶口处以将过滤架固定在浆料桶上方。本实用新型结构简单、成本低、体积小，便于在合成革企业内使用。该过滤架不仅可减轻员工的劳动强度，提高劳动效率，而且有利于保持现场的整洁和满足职业健康要求。
107. 202251262 一种压花油路加热、冷却循环系统
CN
30.05.2012
F15B 21/04 Loading...
F15B 21/04
Loading...
201120369798.9
安徽安利合成革股份有限公司
鲍广明
F15B 21/04
Loading...
本实用新型公开了一种压花油路加热、冷却循环系统，包括一组向电加热器输油的油路系统，电加热器通过油管、油泵、阀门与压花辊构成一个油路加热循环模块，其特征在于，还设置有由油管、冷却储油器、油泵、阀门与压花辊构成的一个旁路冷却循环模块。本实用新型生产结束降温时，慢慢打开油路循环系统阀门，利用储油器中冷油循环到热油循环系统中，热油循环到冷油中，完成冷、热油之间热量快速交换，原系统热油冷却需2小时，现冷却到相同温度只需20分钟，缩短降温时间。
108. 202245014 一种集装箱拉货板
CN
30.05.2012
B65G 7/02 Loading...
B65G 7/02
Loading...
201120378745.3
安徽安利合成革股份有限公司
代洪文
B65G 7/02
Loading...
本实用新型公开了一种集装箱拉货板，包括载货底板(1)和设置于载货底板上的万向轮(2)，其特征在于：在所述载货底板(1)上设置有用于人力牵引拉货板的牵引绳(3)，所述牵引绳(3)两端通过连接件固定在载货底板上，且牵引绳长度可调。本实用新型结构简单、成本低，可轻易拉动，便于在集装箱装货时箱内使用，将集装箱停放于生产车间附近，用叉车把码放于货架板上的货物连同货架板一起放于拉货板上，然后由作业人员自行拉入，即可装车。
109. 202245392 一种移动式装货架
CN
30.05.2012
B65G 69/00 Loading...
B65G 69/00
Loading...
201120371376.5
安徽安利合成革股份有限公司
代洪文
B65G 69/00
Loading...
本实用新型公开了一种移动式装货架，由横杆和竖杆构成货架框体，其特征在于，在所述框架体的底部设置有一对用于叉车将货架铲起的平行爪套(4)，所述框架体的顶部由平板(5)构成的一个货架平台，所述货架平台在左右两侧分别设置有护栏(6)。本实用新型由于可自由移动，装货时，无需再另外搭架子，既减少了叉车的占用，消除安全隐患，又节省了人力、物力和时间，提高了作业的效率。
110. 202238475 一种冲洗料桶水枪专用托架
CN
30.05.2012
B05B 15/08 Loading...
B05B 15/08
Loading...
201120371379.9
安徽安利合成革股份有限公司
章蓬
B05B 15/08
Loading...
本实用新型公开了一种冲洗料桶水枪专用托架，包括托架本体，其特征在于，在所述托架本体的顶部设置一个用于固定水枪杆的轴套(3)，所述轴套(3)通过连接件(6)与托架本体铰接，并可绕铰接点垂直转动。使用专用托架，当水枪自由摆动时，托架可以束缚因摆动所产生的分力，操作人员受到的主要是水平方向的力，不但操作方便，省时、省力，大大提高了工作效率，而且降低了操作的安全隐患。
111. 101906722 Method for manufacturing polyurethane leather for high-durability, high-wear-resistance and flame-retardant sofa furniture
CN
08.12.2010
D06N 3/14 Loading...
D06N 3/14
Loading...
201010214327.0
Anhui Anli Artificial Leather Co., Ltd.
Huang Wanli
D06N 3/14
Loading...
The invention relates to a method for manufacturing polyurethane leather for high-durability, high-wear-resistance and flame-retardant sofa furniture. The polyurethane leather for the high-durability, high-wear-resistance and flame-retardant sofa furniture is particularly manufactured by the following steps of: processing synthetic leather on raising base cloth; and performing a synthetic leather process on a polycarbonate type polyurethane paste material according to a specific formula ratio. The product of the invention has the performance such as high durability, high wear resistance, flame retardancy and the like, improves the durability and the service performance and has broad market prospect.
112. 101899783 Method for producing highly cold-resistant automobile gear sleeve leather
CN
01.12.2010
D06N 3/14 Loading...
D06N 3/14
Loading...
201010214330.2
Anhui Anli Artificial Leather Co., Ltd.
Da Lihong
D06N 3/14
Loading...
The invention relates to a method for producing highly cold-resistant automobile gear sleeve leather. The method comprises the following steps of: coating a polyurethane coating on basic cloth to obtain a wet process semi-finished product; selecting release paper, uniformly coating highly cold-resistant and highly wear-resistant mixed slurry on the front side of the release paper, and drying the release paper to obtain surface layer film release paper; uniformly coating two-liquid mixed slurry having high crosslinking degree on a surface layer film of the surface layer film release paper, drying the surface layer film release paper to obtain the release paper having a transfer film; and jointing the transfer film of the release paper and the wet process semi-finished product, drying the jointed product, and stripping leather from the release paper to obtain the highly cold-resistant automobile gear sleeve leather. A product produced by the method can meet the requirements of highly cold areas on the property of the automobile gear sleeve leather.
113. 101886342 Method for manufacturing antibacterial and mouldproof polyurethane synthetic leather for sofa furniture
CN
17.11.2010
D06N 3/14 Loading...
D06N 3/14
Loading...
201010214323.2
Anhui Anli Artificial Leather Co., Ltd.
Xu Hongjun
D06N 3/14
Loading...
The invention relates to a method for manufacturing polyurethane synthetic leather with long-acting and permanent antibacterial and mouldproof properties for sofa furniture. Products have the long-acting and permanent antibacterial and mouldproof properties by selecting a base fabric with single-sided fleece or double-sided fleece and selecting a resin with a special function and a functional antibacterial and mouldproof auxiliary agent. The synthetic leather manufactured by the method has the excellent long-acting and permanent antibacterial and mouldproof properties and can meet the requirements of markets and customers. The obtained products have the advantages of long-acting and permanent antibacterial and mouldproof properties, capacity of killing various moulds and fungi, and good market prospect.
114. 101886343 Method for manufacturing acid-proof, alkali-proof, hydrolysis-resistant and high-peel-strength polyurethane space leather
CN
17.11.2010
D06N 3/18 Loading...
D06N 3/18
Loading...
201010214265.3
Anhui Anli Artificial Leather Co., Ltd.
Cheng Yanxi
D06N 3/18
Loading...
The invention relates to acid-proof, alkali-proof, hydrolysis-resistant and high-peel-strength polyurethane space leather and a method for preparing the same. In the method, non-woven fabric of a composite proportion and high physical property is adopted; 35 percent high-shrinkage terylene is added; polyester type non-hydrolysis-resistant polyurethane is selected; a fluorine high polymer is introduced into the formula to improve the hydrolysis resistance and the acid-proof and alkali-proof capability of the product; and meanwhile carbodiimide serving as a resin modifier is introduced into the formula system to improve the hydrolysis resistance of the polyurethane space leather and meet the requirement of high peel strength, wherein the product can be easily and rapidly degraded by high temperature processing after being used and does not have adverse influence on the environment. The acid-proof, alkali-proof, hydrolysis-resistant and high-peel-strength polyurethane space leather produced by the invention has the advantages of superior physical and mechanical properties such as good cut, high peel strength, high tearing strength, high bursting strength, folding resistance, low temperature resistance, hydrolysis resistance, acid resistance, alkali resistance and the like; and meanwhile, the product has soft and tough handfeel and high elasticity.
115. 101886341 Method for producing buffed velvet skin-imitated polyurethane synthetic leather
CN
17.11.2010
D06N 3/14 Loading...
D06N 3/14
Loading...
201010214291.6
Anhui Anli Artificial Leather Co., Ltd.
Chi Hongmei
D06N 3/14
Loading...
The invention relates to a method for producing polyurethane synthetic leather with skin-imitated effect, which comprises the following specific steps of: coating a polyurethane coating on raising base cloth to form a wet semi-finished product; performing high-solid printing on the wet semi-finished product with a finishing agent; coating velvet crazy horse slurry after the high-solid printing; and putting the semi-finished product into a rubbing barrel, and introducing steam to perform dry rubbing to obtain the polyurethane synthetic leather. The polyurethane synthetic leather prepared by the method has soft and allochroic skin-imitated effect.
116. 101781858 Dry veneering process of high weather-resistant fluorescent polyamide synthetic leather
CN
21.07.2010
D06P 1/60 Loading...
D06P 1/60
Loading...
200910185159.4
Anhui Anli Artificial Leather Co., Ltd.
Huang Wanli
D06P 1/60
Loading...
The invention relates to a dry veneering process of high weather-resistant fluorescent polyamide synthetic leather, which is characterized in that a colorless hydrolysis-resistant transparent layer is added on the surface of a fluorescent layer. The invention can effectively improve the weather resisting property of a fluorescent product, avoid release paper pollution caused due to fluorescence fade and improve the quality of the product and the use times of the release paper.
117. 201530734 油水分离装置
CN
21.07.2010
C02F 1/40 Loading...
C02F 1/40
Loading...
200920187775.9
安徽安利合成革股份有限公司
惠坚强
C02F 1/40
Loading...
油水分离装置，其特征是以相邻的形式设置注水腔和出水腔，在注水腔与出水腔之间有隔板，在隔板的底部设置连通在注水腔与出水腔之间的通流槽；在出水腔中设置溢流口，溢流口的高度低于隔板；在注水腔的侧部设置排污口。本实用新型可广泛用于工矿企业，宾馆饭店等需要油水分离的场所，节能降耗、达标排放、减少污染、保护环境、促进环保。
118. 201520564 平行纸管芯
CN
07.07.2010
B65H 75/10 Loading...
B65H 75/10
Loading...
200920187774.4
安徽安利合成革股份有限公司
姚和平
B65H 75/10
Loading...
平行纸管芯，其特征是设置螺旋卷法成型的螺旋坯管；在螺旋坯管的外表设置面层形成管芯，面层是以整张面纸在螺旋坯管的表面按平行卷法粘贴形成，面纸的起始边与螺旋坯管的母线平行；面纸在整周螺旋坯管上形成贴面，面纸的另一边为延长的自由边，以自由边与管芯的表面形成半圈外包夹层；自由边的纸边是以斜边形成渐薄边。本实用新型适用人造革、合成革行业的包装需要，可避免人造革、合成革因使用螺旋纸管芯包装造成的革边压痕和螺旋线压痕。
119. 101748614 Production method of Europa suede-feel polyurethane synthetic leather
CN
23.06.2010
D06N 3/18 Loading...
D06N 3/18
Loading...
200910251411.7
Anhui Anli Artificial Leather Co., Ltd.
Bao Guangming
D06N 3/18
Loading...
The invention discloses a production method of Europa suede-feel polyurethane synthetic leather, which comprises the following steps: firstly, preparing semifinished synthetic leather by using a wet method; secondly, hot-joining the polyurethane slurry layer, which is formed after the pattern of release paper is transferred, onto the surface of the semifinished synthetic leather which is printed by the wet method, wherein the polyurethane slurry comprises the following raw materials in parts by weight: polyester-polyether copolymer resin SF-01, 3-7 parts of expanded micro particle, 8-12 parts of butanone, 5-10 parts of solvent-type pigment and 0.2-0.5 part of modified silicone high polymer BYK-95950; thirdly, embossing and foaming by using embossing rollers; and finally, crinkling. The invention enables the surface of the polyurethane synthetic leather to have strong suede feel and barbing effect. The polyurethane synthetic leather has the advantages of high wear resistance, high peeling, high cold resistance, high hydrolysis resistance and other physical properties. The polyurethane synthetic leather is exactly like leather and is high-quality environmental-protection high-grade synthetic leather. The whole process conforms to the requirements of environmental protection, and conforms to the development trend of professional shoe materials in modern times.
120. 101748613 Method for producing real leather intimating polyurethane synthetic leather
CN
23.06.2010
D06N 3/18 Loading...
D06N 3/18
Loading...
200910251409.X
Anhui Anli Artificial Leather Co., Ltd.
Chi Hongmei
D06N 3/18
Loading...
The invention discloses a method for producing real leather intimating polyurethane synthetic leather, which comprises the following steps: firstly, preparing a wet synthetic leather semi-finished product; secondly, coating a polyurethane finishing agent on the surface of the wet synthetic leather semi-finished product to perform printing surface treatment; thirdly, sticking a release paper pattern transferred polyurethane film to the surface of the printed wet synthetic leather semi-finished product, wherein raw materials in polyurethane slurry comprise polyester-polyether-polycarbon copolymerized polyurethane resin, cracking resin, dimethyl formamide, down powder, wet wax sensitive toner and solvent pigment; and finally, performing kneading treatment. The polyurethane synthetic leather has frosting effect on the surface, smooth handfeel, color change when pushing the surface by hand and strong third dimension of patterns, has good physical properties such as scratch resistance, cold resistance, hydrolysis resistance and the like, and can replace real leather in many aspects so as to reduce the requirement for furs, protect the nature and keep ecological balance.
121. 101748607 Method for producing easy-to-clean high-wearing durable synthetic leather for sofa furniture
CN
23.06.2010
D06M 15/564 Loading...
D06M 15/564
Loading...
200910251410.2
Anhui Anli Artificial Leather Co., Ltd.
Chen Maoxiang
D06M 15/564
Loading...
The invention discloses a method for producing easy-to-clean high-wearing durable synthetic leather for sofa furniture. The method comprises the following steps: (1) a colorless surface treatment slurry layer is coated on the surface of the synthetic leather for the sofa furniture, and the colorless surface treatment slurry contains the following raw materials in parts by weight: 80-120 parts of two-component polyurethane resin, 1.5-2.5 parts of cross-linking agent and 30-45 parts of dimethylformamide; (2) the synthetic leather coated with colorless surface treatment slurry and used for the sofa furniture is dried, the drying temperature is 120 DEG C to 125 DEG C and the drying time is 1 minute to 3 minutes; and (3) the dried synthetic leather for the sofa furniture is cured, the curing temperature is 50 DEG C to 60 DEG C and the curing time is 47 hours to 49 hours. The easy-to-clean high-wearing durable synthetic leather for the sofa furniture has the performance that the surface of the synthetic leather can be easily wiped clean by using cloth when the surface of the synthetic leather is polluted by oil stain, coffee, dirt and the like, and greatly improves the wear resistance and the level of the product.
122. 101671962 Method for producing ultrawear-resistant high-elastic ball leather
CN
17.03.2010
D06N 3/14 Loading...
D06N 3/14
Loading...
200910185158.X
Anhui Anli Artificial Leather Co., Ltd.
Chen Maoxiang
D06N 3/14
Loading...
The invention provides a method for producing ultrawear-resistant high-elastic ball leather, which is characterized by comprising the following steps: selecting base fabric of which the discrepancy ofthe warp-wise elongation and the weft-wise elongation is less than 20%, and coating urethane coating on the base fabric to prepare a wet method semi-finished product; selecting release paper, coatingmixed sizing agent with high-elastic ultrawear-resistant performance evenly on the front surface of the release paper to obtain surface layer films after drying; evenly coating two-component mixed sizing agent with fine crosslinking degree on the surface layer films of the release paper, to obtain transfer films after drying; laminating the transfer films and the wet method semi-finished productof the release paper; and obtaining the ultrawear-resistant high-elastic ball leather by peeling the leather from the release paper after drying. The invention can satisfy the high-elastic ultrawear-resistant waterproof characteristic requirement of balls for competition.
123. 201381423 移动式接布缝纫机
CN
13.01.2010
D05B 23/00 Loading...
D05B 23/00
Loading...
200920143278.9
安徽安利合成革股份有限公司
唐天立
D05B 23/00
Loading...
移动式接布缝纫机，其特征是在沿生产线上被接布的宽度方向上，平行设置由承压杆和上压杆构成的布夹，承压杆和上压杆在沿经线方向上可相对位移形成两个位置状态，一是上压杆压靠在承压杆上呈夹布状态，另一是上压杆与承压杆分离呈开夹状态；设置与承压杆相平行的直线轨道，在直线轨道上配合设置可沿直线轨道滑移的活动块；朝向布夹的缝纫机头通过悬臂式机座固定设置在活动块上。本实用新型可以适应合成革生产行业的需要，完成两块布匹间的拼接。
124. 201317606 中心卷取式合成革成品检验机
CN
30.09.2009
B65H 18/08 Loading...
B65H 18/08
Loading...
200820039946.9
安徽安利合成革股份有限公司
杨滁光
B65H 18/08
Loading...
中心卷取式合成革成品检验机，其特征是被检产品自放卷单元中的放卷辊导出、经检验台之后穿过检验台上过渡辊，再经收卷单元中的牵引辊牵引并卷绕在收卷单元的中心卷取杆上；所述放卷辊的张力可调，所述中心卷取杆由牵引辊驱动，并与牵引辊线速度一致。本实用新型将表面摩擦收卷改进为中心卷取收卷，消除了合成革与辊组之间的摩擦力，有效避免在革面形成有基布条纹，保证产品质量，检验过程工作可靠。
125. 101503861 Two-liquid type rapid stripping synthetic leather composite overlay
CN
12.08.2009
D06N 3/14 Loading...
D06N 3/14
Loading...
200810233990.8
Anhui Anli Synthetic Leather Co., Ltd.
Huang Wanli
D06N 3/14
Loading...
The invention provides a two-liquid type quick forming instant peeling synthetic leather composite veneer, which is mainly characterized in that bonding layer resin is added with a quick crosslinker and a crosslinking catalyst, so that the two-component bonding layer resin achieves quick crosslinking, and can achieve proper degree of crosslinking through normal veneering process so as to achieve the aim of instant peeling. The high peeling hydrolysis resistant non-woven fabric polyurethane synthetic leather produced by the process has good physical and mechanical properties such as high peeling strength, tearing strength and bursting strength, bending resistance, low temperature resistance, hydrolysis resistance, acid and alkali resistance and the like.
126. 101498081 Mobile cloth-jointing sewing machine
CN
05.08.2009
D05B 23/00 Loading...
D05B 23/00
Loading...
200910116308.1
Anhui Anli Artificial Leather Co., Ltd.
Tang Tianli
D05B 23/00
Loading...
The invention relates to a movable cloth-connecting sewing machine which is characterized by comprising a cloth clamp with a pressure-bearing rod and an upper pressure rod, wherein the pressure-bearing rod and the upper pressure rod are arranged in parallel on a production line in the width direction of cloth to be connected and can correspondingly move in the radial direction to form two position states, i.e., the upper pressure rod presses and abuts on the pressure-bearing rod to be in a cloth-clamping state, or the upper pressure rod and the pressure-bearing rod are separated to be in a cloth-loosening state; a linear rail parallel to the pressure-bearing rod is arranged, a movable block capable of sliding along with the linear rail is matched and arranged on the linear rail, and a sewing machine head facing the cloth clamp is fixedly arranged on the movable block by a cantilever-type machine base. The invention can satisfy the requirements of the synthetic leather industry to finish splicing two fabric piece goods.
127. 101446044 Method for producing ultra-soft sofa furniture leather
CN
03.06.2009
D06N 3/14 Loading...
D06N 3/14
Loading...
200810244125.3
Anhui Anli Artificial Leather Co., Ltd.
Li Daopeng
D06N 3/14
Loading...
The invention relates to a method for producing ultra-soft sofa furniture leather. The method is characterized in that raising base cloth containing viscose is selected; the raising base cloth is coated with a polyurethane coating to be produced into a wet half-finished product; and then the wet half-finished product is transferred with release paper patterns, and then the ultra-soft sofa furniture leather is obtained by kneading. The sofa furniture leather can meet the requirements of softness, bulky hand, durability, and the like.
128. 101445840 Superficial treatment process of high abrasion resistance metallic film synthetic leather
CN
03.06.2009
C14B 7/02 Loading...
C14B 7/02
Loading...
200810244124.9
Anhui Anli Artificial Leather Co., Ltd.
Wang Yifeng
C14B 7/02
Loading...
The invention relates to a superficial treatment process of a high abrasion resistance metallic film synthetic leather, which is characterized that the superficial treatment process comprises the following steps: coating a colorless film on the metallic film surface of the metallic film of the metallic film synthetic leather; thermally sealing a colorless film release paper and the metallic film synthetic leather by using the colorless film and the metallic film; stripping the separated paper after being cooled; and then completing the preparation of the high abrasion resistance metallic film synthetic leather. The invention can not only effectively avoid stripping and surface decoloring, but also improve the product quality.
129. 101440578 Novel waterproof air previous polyurethane artificial leather and preparation thereof
CN
27.05.2009
D06N 3/14 Loading...
D06N 3/14
Loading...
200810233983.8
Anhui Anli Artificial Leather Co., Ltd.
Huang Wanli
D06N 3/14
Loading...
The invention discloses novel waterproof and moisture-permeable polyurethane synthesized leather and a method for manufacturing the same. The novel waterproof and moisture polyurethane synthesized leather consists four layers, namely, base cloth, a thermoplastic wet-process polyurethane wet-process coating coated on the base cloth, a dry-process polyurethane adhesive layer and a top coat, wherein thermoplastic wet-process polyurethane wet-process slurry is coated on the base cloth to form a semi-finished product of wet-process synthetic leather, the wet-process synthetic leather is punched and ground to make holes on the thermoplastic wet-process polyurethane wet-process coating, and the dry-process polyurethane adhesive layer and the top coat are arranged sequentially on the thermoplastic wet-process polyurethane wet-process coating. Both the dry-process polyurethane adhesive layer and the top coat are provided with micropores. The top coat contains pigment. The synthetic leather manufactured has excellent waterproof and moisture-permeable performance like natural leather, high wear resistance, high-hydration, high-frequency hot cutting, low temperature resistance and other functions as well as excellent three-dimension patterns and fullness.
130. 101440580 Method of preparing back coated real leather intimating synthetic leather
CN
27.05.2009
D06N 3/18 Loading...
D06N 3/18
Loading...
200810233974.9
Anhui Anli Artificial Leather Co., Ltd.
Wang Yanwu
D06N 3/18
Loading...
The invention discloses a method for manufacturing back-coated skin-imitated synthetic leather. The method comprises: coating wet-process PU slurry onto the surface of base cloth to form a base green body; after solidifying and washing the base green body, coating foaming slurry on the back of the base green body; washing and drying the base green body and foaming the base green body to form wet-process crust leather; and finally grinding the back of the wet-process crust leather and carrying out dry-process release paper pattern transfer to the front of the wet-process crust leather, wherein the foaming slurry comprises foaming resin ST-1030 or ST-1040, dimethylformamide (DMF), a foaming agent and so on. The method uses the prior synthesis device and research on special foaming slurry to carry out once forming process of the skin-imitated synthetic leather, namely, the method simplifies the prior post processing processes for producing skin-imitated synthetic leather such as pile coating, real leather powder coating and suede foaming into a wet-process once forming process.
131. 201229283 合成革透气性检具
CN
29.04.2009
G01N 7/00 Loading...
G01N 7/00
Loading...
200820161712.1
安徽安利合成革股份有限公司
杨滁光
G01N 7/00
Loading...
合成革透气性检具，其特征是在由底板和上盖构成的基体上设置一柱状容腔，柱状容腔的上段腔体是贯通上盖的通孔，柱状容腔的下段腔体是位于底板中的盲孔，以夹持在底板与上盖之间的待检试件在柱状容腔的上段腔体与下段腔体之间形成封闭的隔膜。本实用新型能够直观、快捷、简便地对合成革透气性能作出检验，极大地提高检验的工作质量和工作效率。
132. 201228172 合成革湿法生产线收卷机构
CN
29.04.2009
B65H 18/10 Loading...
B65H 18/10
Loading...
200820039945.4
安徽安利合成革股份有限公司
杨滁光
B65H 18/10
Loading...
合成革湿法生产线收卷机构，由导布辊导入的PU革的起始端卷绕在辊芯上，形成具有辊芯的PU革卷，其特征是设置驱动电机是以辊芯为被驱动件，所述驱动电机的输出轴依次经输出联轴器、减速机、万向传动轴和输入联轴器与辊芯联轴。本实用新型张力可调恒定、卷辊均匀、换卷方便、易于操作、能有效减轻工人劳动强度。
133. 201224830 自张力储布器
CN
22.04.2009
D06B 23/04 Loading...
D06B 23/04
Loading...
200820039944.X
安徽安利合成革股份有限公司
杨滁光
D06B 23/04
Loading...
自张力储布器，相对设置上排辊和下排辊，布料在上排辊和下排辊上交替呈“之”形导出；其特征是在储布箱内呈矩形框设置传动结构，矩形框的顶框和底框分别为两端设置有链轮的顶杆和底杆，矩形框的两侧边框为环形传动链，环形传动链与顶杆及底杆杆端对应位置上的链轮构成链条链轮传动结构，上排辊架与下排辊架挂接在环形传动链条的不同侧边上，形成上排辊架与下排辊架之间的相向移动。本实用新型在解决布料连续生产过程中的张力问题的同时，解决了织物在生产中的收缩问题，可提高储布速度、简化操作过程。
134. 201225973 干法试样小烘箱
CN
22.04.2009
G01N 1/44 Loading...
G01N 1/44
Loading...
200820039942.0
安徽安利合成革股份有限公司
杨滁光
G01N 1/44
Loading...
干法试样小烘箱，其特证是设置风机位于箱体的顶部，风叶悬置于试样上方；箱体与门体为整体形式、夹层设置的不锈钢材质，其夹层中以保温材料填充；箱体内加热管的上方设置水平支架，水平支架所在高度的门体上开设送样孔，试样架可自送样孔插入、以水平支架为导轨、并可保持在水平支架上，试样架的尾部固联有可以对所述送样孔形成封堵的封孔板，封孔板的外部固联操作手柄。本实用新型具有节能、发泡均匀、使用安全、试样易于取放、缩短烘干时间等各个方面的有益效果。
135. 201224847 合成革干法小试机
CN
22.04.2009
D06N 3/00 Loading...
D06N 3/00
Loading...
200820039943.5
安徽安利合成革股份有限公司
杨滁光
D06N 3/00
Loading...
合成革干法小试机，其特征是设置小试平台，所述小试平台的一端为放卷机构，另一端为分设在冷却牵引机构前端的革收卷机构和纸收卷机构；自所述放卷机构至冷却牵引机构，沿线依序设置涂层机构、湿贴机构、烘箱和干贴机构；放置在放卷机构中的离型纸依次穿过涂层机构、湿贴机构、烘箱和干贴机构，再经冷却牵引机构缠绕在纸收卷机构中，所述离型纸在放卷机构和纸收卷机构之间可正反两个方向被牵引移动。本实用新型具有生产线功能，可以在较短的时间内用较少的材料获得大生产所需要的工艺参数和样品，用于指导生产线产品的批量生产。
136. 101363193 Method of preparing imitating super-fiber synthetic leather
CN
11.02.2009
D06N 3/06 Loading...
D06N 3/06
Loading...
200810156201.5
Anhui Anli Artificial Leather Co., Ltd.
Li Daopeng
D06N 3/06
Loading...
The invention relates to a manufacturing method of imitating microfiber synthetic leather, which is characterized in that woven fabric with double-sided floss is chosen as base fabric. Under normal temperature and pressure, polyurethane slurry is used for infiltrating the base fabric completely. After coagulation, polyurethane epithelial films are formed on the two surfaces of the base fabric. The base fabric with the polyurethane epithelial films formed on the two surfaces is successively washed by water to replace solvent, dried and molded to obtain a semi-manufactured product. Sanding treatment is implemented on the back of the semi-manufactured product to obtain a finished product. The method of the invention is simple with low cost and is beneficial to safety, environmental protection and energy saving. The imitating microfiber synthetic leather which is provided with the same hand feeling and back effect as microfiber synthetic leather can be obtained.
137. 101353851 Self-tension cloth storage device
CN
28.01.2009
D06B 23/04 Loading...
D06B 23/04
Loading...
200810124472.2
Anhui Anli Artificial Leather Co., Ltd.
Yang Chuguang
D06B 23/04
Loading...
The invention provides a cloth accumulator with self tension, which is provided with upper rollers and lower rollers reversely. The cloth moves in a Z-shaped way alternately on the upper and the lower rollers. The cloth accumulator with self tension is characterized in that: a transmission mechanism is arranged in a cloth storage box in rectangular frame shape; the top frame and the bottom frame of the rectangular frame are provided with a top rob and a bottom rob that are provided with sprocket wheels respectively; an annular gearing chain which forms the chain and sprocket transmission mechanism with the sprocket wheels which are positioned at the corresponding positions of the ends of the top and the bottom robs is arranged on the frames at the two sides of the rectangular frame. An upper roller shelf and a lower roller shelf are hung and arranged at the different sides of the annular gearing chain to form reverse movement between the upper roller shelf and lower roller shelf. The invention can solve not only the problem of tension in the consecutive production process of the cloth, but also the constriction problem of the textiles in production, thus improving the cloth accumulating speed and simplifying the operation process.
138. 101329135 Dry method sample small bake oven
CN
24.12.2008
F26B 9/06 Loading...
F26B 9/06
Loading...
200810124469.0
Anhui Anli Artificial Leather Co., Ltd.
Yang Chuguang
F26B 9/06
Loading...
The invention discloses a small heating oven of dry test samples, which is characterized in that a fan is arranged on the top of an oven body, and fan leaves are suspended above the test samples; the oven body and a door body take the material of stainless steels that are arranged integrally and in interlayers that are filled with heat insulator; a horizontal bracket is arranged above a heating pipe inside the oven body, the door body at the height of the horizontal bracket is opened with a sample feeding orifice, a test sample shelf can be inserted into the sample feeding orifice, takes the horizontal bracket as a guide rail, and can be kept on the horizontal bracket, the rear part of the test sample shelf is fixedly connected with an orifice blockage board that can block the sample feeding orifice, and the outer part of the orifice blockage board is fixedly connected with an operating handle. The small parching oven of the test samples has the advantages in all aspects such as energy-saving effect, even foam formation, safe use, convenient taking and placing of the test samples and shortened parching time, etc.
139. 101323402 Center coiling type synthetic leather product inspection machine
CN
17.12.2008
B65H 18/08 Loading...
B65H 18/08
Loading...
200810124471.8
Anhui Anli Artificial Leather Co., Ltd.
Yang Chuguang
B65H 18/08
Loading...
The invention relates to a center-winding synthetic leather finished product inspecting machine which is characterized in that inspected products are guided out from an unwinding roller in an unwinding unit and passes through a transitional roller on an inspecting table after passing through the inspecting table, then is drawn by a draw roller in a winding unit and wound on a center-winding rod of the winding unit; the tension of the unwinding unit can be adjusted; the center-winding rod is driven by the draw roller and the linear speed of the center-winding rod is consistent with that of the draw roller. The invention improves surface friction winding into center-winding winding, eliminates the friction between the synthetic leather and a roller group, effectively avoids that substrate stripe is formed on the surface of the synthetic leather and ensures the quality of the products, with reliable work in the process of inspection.
140. 101319466 Dry method small experiment machine for chemical leather
CN
10.12.2008
D06N 3/00 Loading...
D06N 3/00
Loading...
200810124470.3
Anhui Anli Artificial Leather Co., Ltd.
Yang Chuguang
D06N 3/00
Loading...
The invention relates to a dry-method small experiment machine for synthetic leather, which is characterized in that: one end of a small experiment platform is provided with an unwinding mechanism, and the other end of the small experiment platform is provided with a leather winding mechanism and a paper winding mechanism arranged at the front end of a cooling-drawing mechanism; a coating mechanism, a wet sticking mechanism, an oven and a dry sticking mechanism are orderly arranged along a line from the unwinding mechanism to the cooling-drawing mechanism; release paper placed in the unwinding mechanism orderly passes through the coating mechanism, the wet sticking mechanism, the oven and the dry sticking mechanism, and then is wound in the paper winding mechanism via the cooling-drawing mechanism; the release paper can be drawn and moved in forward and reverse directions between the unwinding mechanism and the paper winding mechanism. The machine has the functions of production lines, and can get technological parameters and samples needed by large scale production within a short time period through few materials, so as to guide the batch production of products on the production lines.

