1. 106748468 一种抗柑橘黄龙病的液体肥料及其制备方法、施肥方法
CN
31.05.2017
C05G 3/04 Loading...
C05G 3/04
Loading...
102016001192513
安徽省司尔特肥业股份有限公司
金政辉
C05G 3/04
Loading...
本发明公开了一种抗柑橘黄龙病的液体肥料，其原料按重量份包括：中草药提取液5‑8份，尿素3‑4份，硝酸铵4‑5份，聚磷酸铵6‑7份，氨水6‑8份，黄腐酸钾26‑32份，硝酸钾2‑3份，氯化钾5‑6份，氨基酸钙2‑4份，氨基酸镁1‑2份，氨基酸锌0.2‑0.3份，水溶性硼砂1‑2份，茉莉酸甲酯0.5‑1份，胺鲜酯0.2‑0.5份，水32‑34份，辅料4‑5份。本发明还公开了上述抗柑橘黄龙病的肥料的制备方法和施肥方法。本发明综合考虑柑橘的生长特点，在适宜时期施肥，在为柑橘提供充足养分的同时，防治柑橘黄龙病，对飞虱具有很好的防治作用，显著减少了病菌的传播，增强柑橘的抗逆性。
2. 106673825 一种秋延椒套餐肥及其施肥方法
CN
17.05.2017
C05G 3/00 Loading...
C05G 3/00
Loading...
201611192524.0
安徽省司尔特肥业股份有限公司
金政辉
C05G 3/00
Loading...
本发明公开了一种秋延椒套餐肥，其特征在于，套餐肥由基肥与追肥组成，基肥的原料按重量份包括：腐熟肥60‑70份，尿素7‑12份，磷酸一铵6‑9份，硫酸钾8‑14份，氯化钾2‑6份，微量元素肥1‑3份，γ‑聚谷氨酸0.2‑0.5份，大蒜素0.1‑0.3份，辅料1‑3份；追肥的原料按重量份包括：尿素23‑30份，磷酸二氢钾5‑11份，硝酸钾41‑47份，硝酸钙6‑11份，硫酸钾7‑11份，硼肥0.2‑0.8份，硝酸稀土0.1‑0.4份，萘乙酚钠0.1‑0.3份，氨基酸混合物0.1‑0.4份，十二烷基苯磺酸钠0.3‑0.7份。本发明还公开了上述秋延椒套餐肥的施肥方法。
3. 106673824 一种抗柑橘黄龙病的全元生物有机肥及其施肥方法
CN
17.05.2017
C05G 3/00 Loading...
C05G 3/00
Loading...
201611190845.7
安徽省司尔特肥业股份有限公司
金政辉
C05G 3/00
Loading...
本发明公开了一种抗柑橘黄龙病的全元生物有机肥，其原料按重量份包括：发酵肥65‑70份，功能菌3‑5份，改性木薯粉1‑3份，硫铵4‑6份，磷酸一铵5‑8份，尿素4‑8份，硫酸钾6‑8份，硅肥4‑6份，过磷酸钙2‑4份，硫酸镁1‑2份。本发明还公开了上述抗柑橘黄龙病的全元生物有机肥的施肥方法，包括如下步骤：在柑橘树的萌芽期、果实膨大期、果实采摘后分别开沟施用所述抗柑橘黄龙病的全元生物有机肥，施肥量为3‑4kg/棵。本发明在为柑橘提供充足养分的前提下，进行防治柑橘黄龙病，提高柑橘的产量和品质，具有很好的防治柑橘黄龙病的效果。
4. 206014712 一种炭基复合肥料用生物炭冷却机
CN
15.03.2017
C05D 9/00 Loading...
C05D 9/00
Loading...
201620969854.5
安徽省司尔特肥业股份有限公司
金政辉
C05D 9/00
Loading...
本实用新型公开了一种炭基复合肥料用生物炭冷却机，包括：底座、冷却筒和布水管，其中：底座上安装有第一托轮组和第二托轮组，底座上且位于第一托轮组和第二托轮组之间设有驱动机构；驱动机构包括驱动电机和由驱动电机驱动的第一齿轮；冷却筒的外周设有第二齿轮，冷却筒的外周且位于第二齿轮的两侧分别设有第一导向圈和第二导向圈；冷却筒位于底座的上方，且第一导向圈与第一托轮组抵靠，第二导向圈与第二托轮组抵靠，第二齿轮与第一齿轮啮合；布水管位于冷却筒的上方，布水管靠近冷却筒的一侧设有出水孔。本实用新型实现了对炭基复合肥料用生物炭的快速冷却；有效提高了炭基复合肥料用生物炭的冷却效率和炭基复合肥料的生产效率。
5. 206014766 一种炭基复合肥料用炭化炉加固防护装置
CN
15.03.2017
C10B 41/00 Loading...
C10B 41/00
Loading...
201620969895.4
安徽省司尔特肥业股份有限公司
金政辉
C10B 41/00
Loading...
本实用新型公开了一种炭基复合肥料用炭化炉加固防护装置，包括：第一侧架、第二侧架和防护顶，其中：第一侧架、第二侧架均位于防护顶的下方，且第一侧架、第二侧架的顶端均分别与防护顶抵靠并固定；第一侧架、第二侧架相对布置，第一侧架、第二侧架之间设有若干个沿二者高度方分层布置的固定台，各固定台均水平布置，各固定台的两侧均分别与第一侧架、第二侧架固定连接，各固定台上均设有供炭化炉炉体穿过的通孔，且各固定台上的通孔同轴布置；所有固定台中，任意相邻的两层固定台之间均设有连接二者用于供人攀登的蹬梯。本实用新型一方面增强了炭化炉的稳定性；另一方面延长了炭化炉的使用寿命；且方便后期维修、保养。
6. 106467440 一种小麦专用高产有机肥及其制备方法
CN
01.03.2017
C05G 3/04 Loading...
C05G 3/04
Loading...
102016000753960
安徽省司尔特肥业股份有限公司
金政辉
C05G 3/04
Loading...
本发明公开了一种小麦专用高产有机肥，其原料包括鸡屎粪、农作物秸秆、尿素、豆粕粉、棉粕、蓖麻饼、糠醛渣、硼砂、钾矿粉、滑石粉、麦饭石粉、硼酸、钼酸铵、硫酸锌、硫酸钾镁、过磷酸钙、功能菌和土壤板结调理剂。本发明还提出上述一种小麦专用高产有机肥的制备方法。本发明制备得到的有机肥含有丰富的有机物、无机物、矿物质和生长元素，能够为小麦的生长提供丰富的营养物质，提高了小麦的产量和质量，且通过添加功能菌和土壤板结调理剂，能够有效防止土壤板结，提高小麦的抗逆性和防病性能，且土壤板结调理剂在制备过程中，通过石蜡和表面处理剂的作用，有效提高了抗板结的性能，进而有效提高了小麦的产量和质量。
7. 106467441 一种预防西红柿青枯病的生物有机肥及其制备方法
CN
01.03.2017
C05G 3/04 Loading...
C05G 3/04
Loading...
102016000767916
安徽省司尔特肥业股份有限公司
金政辉
C05G 3/04
Loading...
本发明公开了一种预防西红柿青枯病的生物有机肥，其原料按重量份包括：尿素4‑5份、磷酸一铵6‑8份、硝酸钙16‑18份、硫酸钾镁19‑21份、有机肥50‑60份、微量元素肥3‑5份、氨基酸1‑3份、辅料1‑2份。本发明所述预防西红柿青枯病的生物有机肥，不仅能提供西红柿生长发育过程中对养分的需求，还能够调节各营养元素之间的协同作用，活化土壤，平衡土壤微生物菌落，养分供应持久协调，提高西红柿抗青枯病能力，显著提高西红柿品质与产量。
8. 106431611 一种用于小麦抗干热风专用肥
CN
22.02.2017
C05G 3/00 Loading...
C05G 3/00
Loading...
201610752705.8
安徽省司尔特肥业股份有限公司
陈俊阳
C05G 3/00
Loading...
本发明公开了一种用于小麦抗干热风专用肥，其原料按重量份包括：改性尿素30～50份，氯化铵25～35份，腐植酸钾20～40份，乙酰水杨酸钙脲1～5份，复硝酚钠1～3份，生化黄腐酸粉1～5份，水溶硼2～8份，杉木炭2～6份，沸石粉2～6份，凹凸棒土1～5份，粘土2～7份，小麦秸秆5～10份，发酵鸡粪20～40份，菜籽饼2～15份，猪下水2～10份，蚯蚓粪5～15份，EDTA螯合锰0.2～0.8份，硫酸亚铁0.15～0.5份，EDTA螯合锌1～2份，复合菌0.02～0.05份。本发明满足小麦对养分的需求规律，而且可稳定生物膜结构，提高细胞活力，抗干热风稳定。
9. 106431616 一种冬小麦抗干热风专用肥
CN
22.02.2017
C05G 3/00 Loading...
C05G 3/00
Loading...
201610767767.6
安徽省司尔特肥业股份有限公司
金政辉
C05G 3/00
Loading...
本发明公开了一种冬小麦抗干热风专用肥，其原料按重量份包括：尿素31～37份，磷酸一铵25～31份，氯化钾21～29份，凹凸棒粉3～5份，生物炭9～14份，聚谷氨酸0.3～0.5份，硼肥0.3～0.7份，锌肥0.3～0.7份，硅肥5～10份。本发明提出的冬小麦抗干热风专用肥，效果好，省时省力，可提高小麦抗逆性，同时改良土壤、提高土壤保水能力。
10. 106396900 一种葡萄专用水溶肥
CN
15.02.2017
C05G 3/00 Loading...
C05G 3/00
Loading...
201610767744.5
安徽省司尔特肥业股份有限公司
金政辉
C05G 3/00
Loading...
本发明公开了一种葡萄专用水溶肥，其原料按重量份包括：尿素10～16份，硝酸钾45～50份，氨基酸钙2～3份，黄腐酸铁0.2～0.4份，五水硼砂1.4～1.8份，黄腐酸锌0.6～0.9份，硝酸铵38～42份，黄腐酸铜0.2～0.4份，磷酸二氢钾26～32份，胺鲜脂0.8～1.2份，乙蒜素9～13份，聚谷氨酸0.8～1.6份，钼酸铵1.6～2.2份，改性芋头淀粉8～16份，辅料1.6～2.2份。本发明提高葡萄抗逆性，增加葡萄的含糖量，达到增产提质的目的，并且养分配比科学，添加了多种中微量元素，能满足葡萄生长发育的需要，促进葡萄生长、增强抗逆性、提高品质、优化生态，是资源节约、环境友好型产品。
11. 106396902 一种预防烟草青枯病且增产的肥料
CN
15.02.2017
C05G 3/00 Loading...
C05G 3/00
Loading...
201610767806.2
安徽省司尔特肥业股份有限公司
金政辉
C05G 3/00
Loading...
本发明公开了一种预防烟草青枯病且增产的肥料，其原料包括：牛粪、羊粪、鱼肚肠、酒糟、竹虫粉、侧柏叶、连香树树皮、茶叶秸秆、尿素、过磷酸钙、磷酸一铵、硝酸钾、硫酸钾、氯化钾、硼砂、氨基酸螯合锌、氨基酸螯合铁、氨基酸螯合铜、氨基酸螯合锰、氨基酸螯合钼、偏硅酸钠、酵母铬、纳米钴、γ‑聚谷氨酸、聚天冬氨酸、亚磷酸、3，4‑二甲基吡唑磷酸盐、复合保水剂、微生物菌剂。本发明提出的预防烟草青枯病且增产的肥料，所述肥料将烟草施肥平衡营养、元素协同强化机能、生物拮抗抑制病菌和土壤调理防治源头四大功能有机结合，大大提高了烟草青枯病的预防效果，同时具有保水增产的作用。
12. 106396901 一种梨树专用型营养均衡水溶肥
CN
15.02.2017
C05G 3/00 Loading...
C05G 3/00
Loading...
201610767781.6
安徽省司尔特肥业股份有限公司
金政辉
C05G 3/00
Loading...
本发明公开了一种梨树专用型营养均衡水溶肥，其原料按重量份包括：尿素30～50份，硝酸钠10～16份，过磷酸钙5～15份，硫酸钾2～8份，氯化钾2～6份，窑灰钾肥25～35份，黄腐酸锌0.1～0.2份，黄腐酸铁0.05～0.12份，硫酸锰0.4～0.8份，氨基酸钙0.15～0.25份，硼泥1～3份，水杨酸0.5～1.5份，胺鲜脂0.2～0.8份，氨基壳寡糖0.1～0.8份，植保素0.15～0.25份，改性羧甲基纤维素钠1～5份，木质素2～6份，活性炭2～6份，沸石粉1～3份，辅料1.2～1.4份。本发明可提高梨树抗逆性，增加梨的甜味，预防早期落叶，而且养分配比科学，促进梨树生长，提高品质。
13. 106396898 一种烟草专用防控青枯病且保水的肥料
CN
15.02.2017
C05G 3/00 Loading...
C05G 3/00
Loading...
201610767667.3
安徽省司尔特肥业股份有限公司
金政辉
C05G 3/00
Loading...
本发明公开了一种烟草专用防控青枯病且保水的肥料，其原料包括：玉米秸秆、酵母残渣、海藻残余物、十字花科植物、木耳菌糠、尿素、磷酸二氢铵、氯化钾、硫酸锰、EDTA螯合镁、EDTA螯合铁、磷钼酸、硼砂、EDTA螯合钙、β‑甲基‑β‑羟基丁酸钙、硅酸钠、碳酸钙、亚磷酸、苯并噻二唑、β‑氨基丁酸、黑云母、石英、钾长石、壳聚糖、芽孢杆菌、水杨酸、茉莉酸甲酯、香草醛、保水剂。本发明提出的烟草专用防控青枯病且保水的肥料，其配方合理，营养全面，具有保水的作用，能促进烟草的生长，提高烟草的抗旱性和抗病性，有效防治青枯病的发生，同时改善了烟草的品质。
14. 106396903 一种用于葡萄增产增质水溶肥
CN
15.02.2017
C05G 3/00 Loading...
C05G 3/00
Loading...
201610767942.1
安徽省司尔特肥业股份有限公司
金政辉
C05G 3/00
Loading...
本发明公开了一种用于葡萄增产增质水溶肥，其原料按重量份包括：氯化钾40～44份，窑灰钾肥20～22份，硝酸钠32～36份，氯化铵7～9份，五水硼砂1～1.3份，腐殖酸钙1.8～2.6份，EDTA螯合锌0.3～0.5份，EDTA螯合铁0.1～0.2份，黄腐酸铜0.1～0.2份，改性红薯淀粉2～10份，胺鲜脂0.5～1份，钼酸钠1.2～1.8份，乙蒜素5～8份，聚谷氨酸0.3～1.2份，辅料1～1.4份。本发明提高葡萄抗逆性，增加葡萄的含糖量，达到增产提质的目的，并且养分配比科学，添加了多种中微量元素，能满足葡萄生长发育的需要，促进葡萄生长、增强抗逆性、提高品质、优化生态，是资源节约、环境友好型产品。
15. 106397022 一种预防烟草青枯病的肥料
CN
15.02.2017
C05G 3/04 Loading...
C05G 3/04
Loading...
102016000762095
安徽省司尔特肥业股份有限公司
金政辉
C05G 3/04
Loading...
本发明公开了一种预防烟草青枯病的肥料，其原料包括：有机肥、尿素、磷酸二氢铵、硫酸钾、硫酸锰、硫酸镁、EDTA螯合镁、EDTA螯合铁、硫酸亚铁、钼酸铵、硼砂、EDTA螯合钙、氰化钙、硅酸钠、碳酸钙、亚磷酸、吲哚乙酸、β‑氨基丁酸、高岭土、膨润土、微生物菌群、烷基糖苷、乙蒜素。本发明提出的预防烟草青枯病的肥料，其配方合理，营养全面，能促进烟草的生长，提高烟草的抗病性，有效防治青枯病的发生，同时改善了烟草的品质。
16. 106396890 一种腐植酸硅钙型土壤调理剂及其制备方法
CN
15.02.2017
C05G 3/00 Loading...
C05G 3/00
Loading...
102016000762150
安徽省司尔特肥业股份有限公司
金政辉
C05G 3/00
Loading...
本发明公开了一种腐植酸硅钙型土壤调理剂，其原料按重量份包括：腐植酸15～20份，脱硫石膏18～22份，尿素3～3.5份，矿物硅肥45～50份，氨基酸0.3～0.5份，磷酸一铵4.5～5份，氯化钾3～3.5份，改性木薯粉0.5～1份，凹凸棒粉4～6份，包膜微量元素0.1～0.8份，崩解剂2～5份。本发明还公开了上述腐植酸硅钙型土壤调理剂的制备方法。本发明能够明显地改善盐碱土壤理化性状，促进作物生长，增产提质效果显著。
17. 106396888 一种用于梨树专用型抗逆无污染水溶肥
CN
15.02.2017
C05G 3/00 Loading...
C05G 3/00
Loading...
102016000762120
安徽省司尔特肥业股份有限公司
金政辉
C05G 3/00
Loading...
本发明公开了一种用于梨树专用型抗逆无污染水溶肥，其原料按重量份包括：硝酸钠14～18份，硫酸钾45～50份，尿素25～30份，重过磷酸钙12～16份，氯化钾10～14份，磷酸铵铜0.4～0.8份，磷酸铵锌0.4～0.8份，黄腐酸铁0.4～0.8份，海鸟粪10～16份，硼酸2～4份，氨基酸钙0.8～1.2份，亚硒酸钠0.4～0.6份，氨基壳寡糖0.4～0.8份，水杨酸4～8份，植保素1～3份，包膜胺鲜脂1～2份，辅料2～3份。本发明提高梨树抗逆性，增加梨的甜味，预防早期落叶，且缓解土壤中化学残留的铅、汞、砷、镉等有害元素的污染改善并活化土壤。
18. 106396889 一种预防梨树早期落叶水溶肥
CN
15.02.2017
C05G 3/00 Loading...
C05G 3/00
Loading...
102016000762147
安徽省司尔特肥业股份有限公司
金政辉
C05G 3/00
Loading...
本发明公开了一种预防梨树早期落叶水溶肥，其原料按重量份包括：尿素40～60份，磷酸二氢钾5～15份，钾石盐5～12份，草木灰15～25份，硝酸铵2～10份，钙镁磷肥2～8份，硼酸1～2份，水杨酸0.2～0.8份，氨基壳寡糖0.2～0.6份，氨基酸钙0.3～0.7份，胺鲜脂0.1～0.4份，植保素0.3～0.8份，黄腐酸锌0.08～0.14份，氯化铵0.5～0.9份，黄腐酸铜0.1～0.4份，草炭1～3份，粘土1～2份，改性微晶纤维素1～3份，环糊精1～3份，辅料1～3份。本发明可提高梨树抗逆性，增加梨的甜味，预防早期落叶，而且养分配比科学，能满足梨树生长发育的需要，促进梨树生长，提高品质。
19. 106397014 一种腐植酸硅钙型土壤调理剂的制备方法
CN
15.02.2017
C05G 3/04 Loading...
C05G 3/04
Loading...
102016000752737
安徽省司尔特肥业股份有限公司
金政辉
C05G 3/04
Loading...
本发明公开了一种腐植酸硅钙型土壤调理剂的制备方法，包括如下步骤：将钾页岩、石灰石、白云石破碎，过筛，加入铝粉、水混合搅拌，送入高温高压蒸汽反应釜中搅拌得到第一预制料；将腐植酸加入硝酸水溶液室温搅拌，升温，继续搅拌，冷却至室温，加入脱氯碱渣混合搅拌至呈粘稠物，调节体系pH值6.4～6.8，常温干燥放置得到第二预制料；将第一预制料、第二预制料、改性粉煤灰均质处理，干燥得到腐植酸硅钙型土壤调理剂。本发明缩短了反应时间，活化效率更高，而且不需要添加活化剂，所得调理剂施用后对改善土壤结构、增加土壤有效营养成分大有好处，而且由于原料本身营养丰富、肥效长久，对土壤缺素症的抑制效果非常明显。
20. 106396882 一种吸附重金属促进大棚土壤有益菌群形成的肥料
CN
15.02.2017
C05G 3/00 Loading...
C05G 3/00
Loading...
102016000754352
安徽省司尔特肥业股份有限公司
金政辉
C05G 3/00
Loading...
本发明公开了一种吸附重金属促进大棚土壤有益菌群形成的肥料，其原料按重量份包括：硝酸铵8‑10份，尿素8‑12份，磷酸钾10‑15份，钙镁磷肥8‑12份，硫酸锌1‑2份，硅酸钾1‑3份，氯化钙0.4‑0.6份，腐熟有机肥40‑50份，生物碳8‑10份，紫根凤眼莲根粉10‑15份，功能菌3‑5份，茉莉酸1‑3份。本发明营养丰富，吸附重金属性能好，能促进有益菌生长繁殖进而形成有益菌群，能增加多种酶活性，改善土壤，能提高蔬菜产量和品质。
21. 106397018 一种吸附重金属改良大棚土壤的肥料
CN
15.02.2017
C05G 3/04 Loading...
C05G 3/04
Loading...
102016000754251
安徽省司尔特肥业股份有限公司
金政辉
C05G 3/04
Loading...
本发明公开了一种吸附重金属改良大棚土壤的肥料，其原料按重量份包括：尿素8‑12份，硝酸铵10‑15份，磷酸二氢钾15‑20份，磷酸二氢铵5‑10份，硫酸镁1‑2份，硅酸钠0.5‑1.5份，氯化钙0.5‑0.7份，腐熟有机肥30‑40份，生物碳8‑12份，改性风化煤8‑10份，功能菌2‑3份，云芝葡聚糖2‑4份。本发明营养丰富，能改善土壤，促进有益菌群形成，吸附重金属性能好，能提高蔬菜产量和品质。
22. 106396868 一种葡萄专用缓释水溶肥
CN
15.02.2017
C05G 3/00 Loading...
C05G 3/00
Loading...
102016000752636
安徽省司尔特肥业股份有限公司
金政辉
C05G 3/00
Loading...
本发明公开了一种葡萄专用缓释水溶肥，其原料按重量份包括：硝酸铵10～13份，氯化铵20～24份，硫酸钾镁肥30～33份，钙镁磷肥10～12份，改性玉米蛋白1～5份，聚碳酰二胺基戊二酸沸石2～6份，聚乙酰胺苹果酸硅藻土1～3份，聚甲酰胺基酒石酸活性炭0.5～2.5份，沸石粉2～6份，棉籽粕1～2份，海泡石粉1～3份，膨润土1～4份，高岭土1～2份，七水硫酸锌0.1～0.6份，硫酸锰0.1～0.6份，硼砂0.1～0.6份。本发明营养物质极为丰富，缓释效果好，可有效调节肥料释放速率，满足葡萄对养分的需求规律，有效促进葡萄生长，还可以保水保肥，吸附效果极好，而且不易破碎。
23. 106396869 一种用于葡萄的增产增质水溶肥
CN
15.02.2017
C05G 3/00 Loading...
C05G 3/00
Loading...
102016000752650
安徽省司尔特肥业股份有限公司
金政辉
C05G 3/00
Loading...
本发明公开了一种用于葡萄的增产增质水溶肥，其原料按重量份包括：甘蔗渣20～30份，腐殖酸钾10～20份，草塘泥30～50份，高岭土3～7份，活性炭4～8份，羧甲基纤维素钠3～6份，木质素3～5份，聚二乙酰胺无机硅胶材料3～7份，聚甲酰胺基丁二酸无机硅胶4～8份，聚甲酰胺基丁二酸硅藻土4～8份，粉末尿素32～40份，硝酸钠15～30份，磷酸二氢钾25～35份，钙镁磷肥20～35份，胺鲜酯0.4～0.8份，氯化钙0.6～1.2份，黄腐酸二胺铁0.6～1份，亚硒酸钠0.5～1份，硫酸锌0.4～1份，磷酸铵锰0.4～1份，复合有益菌0.003～0.009份。
24. 106396879 一种土壤改良型富硒大豆专用缓释肥及其制备方法
CN
15.02.2017
C05G 3/00 Loading...
C05G 3/00
Loading...
102016000754019
安徽省司尔特肥业股份有限公司
金政辉
C05G 3/00
Loading...
本发明公开了一种土壤改良型富硒大豆专用缓释肥，其原料包括尿素、菜枯、黄豆粉、玉米淀粉、蔗糖、糖化粉、酵母粉、钛化合物、磷酸脲、氯化钾、硫酸钾镁肥、腐植酸钙、腐植酸镁、腐植酸硼、腐植酸钠、复硝酚钠、缓释剂和富硒添加剂。本发明还提出上述一种土壤改良型富硒大豆专用缓释肥的制备方法。本发明制备得到的大豆专用缓释肥，含有丰富的有机质。无机质和矿物质，同时含有丰富的促进大豆生长的生长元素，能够有效改良大豆生长土壤的营养结构，提高大豆的产量和质量，在制备过程中，经过包膜缓释剂，能够有效提高肥料的缓释性能，使得养分的释放更加均匀，提高了大豆的生长效率，其中添加的富硒添加剂能够为大豆的生长提供丰富的硒元素。
25. 106397016 一种富硒小麦的高产有机肥及其制备方法
CN
15.02.2017
C05G 3/04 Loading...
C05G 3/04
Loading...
102016000753921
安徽省司尔特肥业股份有限公司
金政辉
C05G 3/04
Loading...
本发明公开了一种富硒小麦的高产有机肥，其原料包括畜禽粪便、玉米秸秆、草木灰、木薯渣、豆粕粉、钾矿粉、蓖麻饼、糠醛渣、氮肥、硼酸、硝酸铵、尿素、硫酸锌、硫酸钾镁、过磷酸钙、功能菌、秸秆发酵菌剂、中药药渣、纤维素酶、红糖、土壤调理剂和富硒添加剂。本发明还提出上述一种富硒小麦的高产有机肥的制备方法。本发明制备得到的有机肥能够满足小麦生产所需的各种营养物质，且能够为小麦的生产提供丰富的硒元素，使得种植得到的小麦富含丰富的硒，提高了小麦的营养价值，且本发明的有机肥营养物质丰富，能够有效提高小麦的产量和质量。
26. 106380283 一种葡萄增产增质的缓释水溶肥
CN
08.02.2017
C05G 3/00 Loading...
C05G 3/00
Loading...
201610752598.9
安徽省司尔特肥业股份有限公司
金政辉
C05G 3/00
Loading...
本发明公开了一种葡萄增产增质的缓释水溶肥，其原料按重量份包括：尿素28～35份，磷酸一铵10～25份，磷酸二氢钾20～28份，硝酸钙15～27份，聚二乙酰胺无机硅胶材料1～5份，聚甲酰胺基丁二酸无机硅胶1～4份，聚甲酰胺基丁二酸硅藻土2～5份，海泡石粉1～5份，杉木炭2～6份，甲基纤维素1～4份，β‑环糊精1～3份，酒糟15～25份，重过磷酸钙5～15份，木薯酒精发酵液20～40份，胺鲜酯0.2～0.6份，重质碳酸钙02～0.8份，黄腐酸二胺铁0.4～0.8份，亚硒酸钠0.1～0.6份，氯化锌0.2～0.8份，硫酸锰0.2～0.6份，复合有益菌0.001～0.008份。
27. 106380287 一种小麦种植用中药药渣发酵有机肥及其制备方法
CN
08.02.2017
C05G 3/00 Loading...
C05G 3/00
Loading...
102016000753836
安徽省司尔特肥业股份有限公司
金政辉
C05G 3/00
Loading...
本发明公开了一种小麦种植用中药药渣发酵有机肥，其原料包括畜禽粪便、中药药渣、玉米秸秆、草炭、稻壳、腐殖酸锌、碳酰二胺、磷酸一铵、磷酸二氢钾、硫酸钾、硫酸铵、硫酸亚铁、硼酸、硝酸钾、硝酸钙、磷酸二氢钙、谷氨酸钠、海藻酸钠、磷矿渣、石灰石、氯化镁、硼砂、硅藻土、尿素、功能菌、秸秆发酵菌剂、纤维素酶、红糖和土壤调理剂。本发明还提出上述一种小麦种植用中药药渣发酵有机肥的制备方法。本发明制备的有机肥含有丰富的有机物、无机物和生长元素，能够满足小麦生长所需的各种营养物质，且经过中药药渣发酵，并添加功能菌和土壤调理剂，能够有效提高小麦的产量和质量。
28. 106380277 一种含中药药渣的山核桃专用肥
CN
08.02.2017
C05G 3/00 Loading...
C05G 3/00
Loading...
201610749372.3
安徽省司尔特肥业股份有限公司
金政辉
C05G 3/00
Loading...
本发明公开了一种含中药药渣的山核桃专用肥，其原料包括：中药药渣、作物秸秆、泥炭、鸭粪、山核桃壳、棉籽饼、桉树叶、石榴皮、槐树叶、几丁质、绿原酸、海藻多糖、尿素、发酵菌剂、纤维素酶、蛋白酶、木糖醇、糖蜜粉、白云石粉、氧化钙、氧化镁、氰胺化钙；所述中药药渣由黄芪药渣、金银花药渣、蒲公英药渣、板蓝根药渣、两面针药渣、香茅药渣、葛缕子药渣、阴香药渣混合而成。本发明提出的含中药药渣的山核桃专用肥，其配方合理，营养全面均衡，能促进植株根系生长，同时提高山核桃树的抗病能力，提高了山核桃的产量，改善了山核桃的品质，并显著改善了土壤理化性质，增强土壤微生物活性，降低土壤有害物质的污染。
29. 106380337 一种小麦多层包膜缓释肥的制备方法
CN
08.02.2017
C05G 3/04 Loading...
C05G 3/04
Loading...
201610753434.8
安徽省司尔特肥业股份有限公司
金政辉
C05G 3/04
Loading...
本发明公开了一种小麦多层包膜缓释肥的制备方法，包括：将氮素肥料、氮肥增效剂、磷肥、钾肥、中微量元素肥、辅料混匀后，加入改性木薯粉作为粘结剂，粉碎，造粒，得到内核颗粒；再将浓硫酸、磷酸和液氨进行熟化反应得到料浆，将所述料浆作为内包膜材料包裹在所述内核颗粒外层形成具有内包膜层的颗粒；将所述具有内包膜层的颗粒加湿后，加入外包膜材料，将外包膜材料均匀包裹在具有内包膜层的颗粒外层，得到具有外包膜层的颗粒，最后经干燥，抛光，过筛，得到所述小麦多层包膜缓释肥。本发明所制备的小麦多层包膜缓释肥可充分供给小麦营养，养分供应持久协调，且可控制营养元素的释放，一次性施肥不用追肥，显著提高小麦品质与产量。
30. 106380278 一种抗病虫害马铃薯专用水溶肥
CN
08.02.2017
C05G 3/00 Loading...
C05G 3/00
Loading...
201610749472.6
安徽省司尔特肥业股份有限公司
金政辉
C05G 3/00
Loading...
本发明公开了一种抗病虫害马铃薯专用水溶肥，其原料按重量份包括：磷酸一氢铵8‑12份，磷酸钾10‑15份，硝酸铵15‑20份，氯化钙1‑2份，氯化镁0.4‑0.6份，硫酸钾2‑4份，螯合锰0.1‑0.2份，螯合锌0.1‑0.3份，螯合铁0.1‑0.3份，螯合铜0.1‑0.2份，pH调节剂1‑2份，茉莉酸1‑2份，中药提取物2‑4份。本发明营养丰富并配合γ聚谷氨酸促进根系发育、茉莉酸增强植物抵抗力，从植物本身出发，促进营养物质的吸收，增加自身抵抗力；并通过pH调节剂，改善土壤pH值，再结合中药提取物阻止病虫害残食、抗菌，从外部增加本发明的抗病虫害作用，内外作用相配合，使得本发明抗病虫害性能好。
31. 106380286 一种小麦专用长效有机无机复混肥
CN
08.02.2017
C05G 3/00 Loading...
C05G 3/00
Loading...
102016000753623
安徽省司尔特肥业股份有限公司
金政辉
C05G 3/00
Loading...
本发明公开了一种小麦专用长效有机无机复混肥，其原料包括：尿素、磷酸一铵、氯化钾、硝铵磷、有机肥、改性木薯粉、腐殖酸、磷酸、液氨、硫酸、硫酸锌、硼砂、钼酸铵、硫酸亚铁、硫酸锰、沸石粉、包膜材料、氯甲基吡啶、复硝酚钠。本发明提出的一种小麦专用长效有机无机复混肥，所述肥料通过有机肥料和无机肥料的有效配合，可充分供给小麦营养，养分供应持久协调，且可控制营养元素的释放，一次性施肥不用追肥，显著提高小麦品质与产量。
32. 106380336 一种马铃薯用促生长抗病虫害水溶肥
CN
08.02.2017
C05G 3/04 Loading...
C05G 3/04
Loading...
201610749443.X
安徽省司尔特肥业股份有限公司
金政辉
C05G 3/04
Loading...
本发明公开了一种马铃薯用促生长抗病虫害水溶肥，其原料按重量份包括：磷酸钾5‑10，尿素12‑16，硝酸钾8‑12，磷酸二氢铵8‑10，硅酸钾0.4‑0.6，氯化钙0.8‑1，腐殖酸镁0.3‑0.5，硫酸钠1‑3，螯合锰0.2‑0.3，腐殖酸锌0.1‑0.3，螯合铁0.1‑0.2，螯合铜0.1‑0.2，pH调节剂2‑3，云芝葡聚糖3‑4，添加剂2‑3。本发明营养丰富并配合γ聚谷氨酸促进根系发育、云芝葡聚糖增强植物抵抗力，从植物本身出发，促进营养物质的吸收，增加自身抵抗力；并改善土壤pH值，结合添加剂，从外部抗病虫害，内外配合，使得本发明具有良好的抗病虫害性能，促进生长。
33. 106380275 一种果树专用可改良土壤缓释肥
CN
08.02.2017
C05G 3/00 Loading...
C05G 3/00
Loading...
201610749291.3
安徽省司尔特肥业股份有限公司
金政辉
C05G 3/00
Loading...
本发明公开了一种果树专用可改良土壤缓释肥，其原料按重量份包括：植物秸秆40～60份，海鸟粪4～10份，池塘淤泥15～25份，蓖麻渣15～25份，腐植酸10～20份，尿素50～70份，钙镁磷肥8～18份，氯化钾15～25份，磷酸一铵20～30份，硫酸亚铁0.3～0.7份，磷酸铵锌0.6～1.2份，油页岩4～8份，硼砂3～7份，改性蜂蜡4～10份，白土15～25份，黏土6～12份，玉米秸秆10～20份，滑石粉3～7份，水35～45份。本发明一次施肥即可满足果树整个生长期的需求，而且所结果实个大，颜色鲜艳，同时可以重整土壤团粒结构，使土壤更疏松，改良土壤效果显著。
34. 106380276 一种提高山核桃抗病性的肥料
CN
08.02.2017
C05G 3/00 Loading...
C05G 3/00
Loading...
201610749317.4
安徽省司尔特肥业股份有限公司
金政辉
C05G 3/00
Loading...
本发明公开了一种提高山核桃抗病性的肥料，其原料按重量份包括：中药药渣50‑85份、作物秸秆20‑35份、山核桃壳5‑20份、棉籽饼5‑20份、银杏叶2‑10份、几丁质0.1‑0.5份、绿原酸0.1‑0.5份、海藻多糖0.1‑0.8份、尿素3‑7份、发酵菌剂0.1‑1份、纤维素酶1‑2份、红糖1‑2份、土壤改良剂3‑15份；其中，所述中药药渣由黄芪药渣、金银花药渣、蒲公英药渣、九里香药渣、土荆芥药渣混合而成。本发明提出的提高山核桃抗病性的肥料，其配方合理，营养全面均衡，为山核桃的生长提供了丰富的养分，同时提高了山核桃树的抗病能力，并显著改善了土壤理化性质。
35. 106380282 一种用于葡萄的保水保肥专用缓释水溶肥
CN
08.02.2017
C05G 3/00 Loading...
C05G 3/00
Loading...
201610752557.X
安徽省司尔特肥业股份有限公司
金政辉
C05G 3/00
Loading...
本发明公开了一种用于葡萄的保水保肥专用缓释水溶肥，其原料按重量份包括：粘土6～12份，发酵豆粕2～4份，云母粉3～5份，蒙脱土4～8份，高岭土2～4份，硫酸铜0.4～0.8份，EDTA螯合锰0.3～0.7份，氯化锌0.4～0.8份，聚碳酰二胺基戊二酸沸石4～8份，聚乙酰胺苹果酸硅藻土3～7份，聚甲酰胺基酒石酸活性炭2～4份，尿素12～16份，磷矿粉22～28份，钾泻盐32～36份，过磷酸钙15～20份，改性小麦蛋白3～7份。本发明营养物质极为丰富，缓释效果好，可有效调节肥料释放速率，满足葡萄对养分的需求规律，有效促进葡萄生长，还可以保水保肥，吸附效果极好，而且不易破碎。
36. 106380300 一种预防西红柿青枯病的肥料及其制备方法
CN
08.02.2017
C05G 3/00 Loading...
C05G 3/00
Loading...
201610767878.7
安徽省司尔特肥业股份有限公司
金政辉
C05G 3/00
Loading...
本发明公开了一种预防西红柿青枯病的肥料，其原料按重量份包括：猪粪50‑120份、蓖麻渣30‑50份、菜籽粕30‑100份、稻壳30‑50份、尿素25‑35份、磷酸二铵20‑35份、硫酸钾20‑35份、硫酸锰0.1‑0.5份、硫酸镁2‑5份、硫酸亚铁0.3‑1.2份、硫酸钼0.1‑0.5份、棕腐酸1‑5份、微生物菌群0.3‑1.5份、葡萄糖2‑5份、黄腐酸1‑5份、石灰氮2‑5份、水杨酸0.1‑0.5份。本发明提出的预防西红柿青枯病的肥料及其制备方法，所述制备过程简单，得到的肥料配方合理，营养全面，能促进西红柿的生长，同时提高了西红柿植株的抗病性，能有效防治青枯病的发生。
37. 106380281 一种用于葡萄的保水保肥水溶肥
CN
08.02.2017
C05G 3/00 Loading...
C05G 3/00
Loading...
201610752525.X
安徽省司尔特肥业股份有限公司
金政辉
C05G 3/00
Loading...
本发明公开了一种用于葡萄的保水保肥水溶肥，其原料按重量份包括：EDTA螯合铁1.2～1.6份，磷酸铵锰0.8～1份，炉渣1.8～2.2份，聚碳酰二胺基戊二酸沸石8～12份，聚乙酰胺苹果酸硅藻土6～10份，聚甲酰胺基酒石酸海泡石粉4～8份，尿素17～21份，普通过磷酸钙26～32份，草木灰34～40份，磷酸一钾22～26份，改性棉籽蛋白5～10份，活性炭10～16份，发酵豆粕4～8份，高岭土6～10份，凹凸棒黏土8～12份，高岭土5～10份。本发明营养物质极为丰富，缓释效果好，可有效调节肥料释放速率，满足葡萄对养分的需求规律，有效促进葡萄生长，还可以保水保肥，吸附效果极好，而且不易破碎。
38. 106380341 一种缓释高产马铃薯专用肥
CN
08.02.2017
C05G 3/04 Loading...
C05G 3/04
Loading...
102016000754191
安徽省司尔特肥业股份有限公司
金政辉
C05G 3/04
Loading...
本发明公开了一种缓释高产马铃薯专用肥，其原料按重量份包括：硝酸铵30～45份，过磷酸钙10～35份，磷酸二氢钾20～45份，氯化钾10～18份，包膜柠檬酸铁0.2～0.8份，硫酸锌0.5～1份，碳酸钙0.5～1.5份，氯化钠1～2份，腐熟鸡粪40～80份，糖蜜粉5～15份，凹凸棒土2～12份，粉煤灰4～10份，沸石粉1～5份，枯草芽孢杆菌0.004～0.006份，地衣芽孢杆菌0.01～0.02份，胺鲜脂0.002～0.007份。本发明一次性施肥不需追肥，肥效显著持久，提供马铃薯生长所需的营养元素，缓释效果好，而且可改良土壤结构，使马铃薯产量高。
39. 106380342 一种抗重茬抗菌蔬菜用复合肥料及其制备方法
CN
08.02.2017
C05G 3/04 Loading...
C05G 3/04
Loading...
102016000754276
安徽省司尔特肥业股份有限公司
金政辉
C05G 3/04
Loading...
本发明公开了一种抗重茬抗菌蔬菜用复合肥料，其原料按重量份包括：尿素10‑20份，磷酸二氢钾10‑15份，钙镁磷肥15‑20份，硝酸钾8‑12份，硫酸钠2‑4份，凹凸棒土2‑4份，氨基酸0.5‑0.7份，木薯渣8‑12份，中药渣15‑20份，蚕沙8‑10份，小麦秸秆20‑25份，壳聚糖2‑4份，EM菌粉3‑4份，聚乙烯醇6‑8份。本发明还公开了上述抗重茬抗菌蔬菜用复合肥料的制备方法。本发明营养丰富，满足重茬蔬菜的需求的同时，改良土壤、调节土壤pH，配合中药渣，抑制、杀灭病虫害，促进蔬菜健康生长，并且能保持土壤肥力，避免重茬蔬菜营养不足的问题，并能减少农药的使用，减少环境污染。
40. 106380348 一种用于冬小麦抗干热风保水保肥专用肥
CN
08.02.2017
C05G 3/04 Loading...
C05G 3/04
Loading...
201610767592.9
安徽省司尔特肥业股份有限公司
金政辉
C05G 3/04
Loading...
本发明公开了一种用于冬小麦抗干热风保水保肥专用肥，其原料按重量份包括：过磷酸钙30～36份，尿素36～42份，硫酸钾26～32份，硼肥1～1.4份，七水硫酸锌1.2～1.6份，粉煤灰10～15份，包膜聚谷氨酸0.8～1.2份，生物炭14～18份，膨润土7～9份。本发明提出的用于冬小麦抗干热风保水保肥专用肥，效果好，省时省力，可提高小麦抗逆性，同时改良土壤、提高土壤保水能力。
41. 106380284 一种生态小麦专用缓释肥及其制备方法
CN
08.02.2017
C05G 3/00 Loading...
C05G 3/00
Loading...
201610753395.1
安徽省司尔特肥业股份有限公司
金政辉
C05G 3/00
Loading...
本发明公开了一种生态小麦专用缓释肥，按重量百分比包括如下原料：尿素13‑21％、磷酸一铵28‑35％、氯化钾17‑24％、硝铵磷8‑14％、磷酸1‑3％、液氨2‑5％、浓硫酸1‑3％、褐煤6‑13％、硝基腐殖酸1‑5％、改性木薯粉4‑10％、氨基酸螯合锌0.5‑1.5％、硫酸锌0.5‑1％、硼砂0.5‑1％、硫酸亚铁0.3‑0.9％、硫酸锰1‑1.5％、钼酸铵0.1‑0.3％、化肥增效剂0.1‑0.5％、多孔辅料1‑6％。所述生态小麦专用缓释肥可充分供给小麦营养，养分齐全且供应持久，并可控制营养元素的释放，一次性施肥不用追肥，同时不会造成土壤污染，显著提高小麦品质与产量。
42. 106380335 一种改善土壤抗重茬蔬菜用复合肥料及其制备方法
CN
08.02.2017
C05G 3/04 Loading...
C05G 3/04
Loading...
201610749339.0
安徽省司尔特肥业股份有限公司
金政辉
C05G 3/04
Loading...
本发明公开了一种改善土壤抗重茬蔬菜用复合肥料，其原料按重量份包括：尿素10‑15，硝酸铵10‑12，磷酸钾15‑20，钙镁磷肥10‑15，硫酸钾3‑5，氯化钙1‑3，碳化稻壳2‑4，泥炭3‑5，凹凸棒土1‑3，海鸟粪5‑8，中药渣15‑20，豆粕10‑15，草木灰10‑20，EM菌粉3‑5，聚乙烯醇8‑10。本发明还公开了上述改善土壤抗重茬蔬菜用复合肥料的制备方法。本发明营养丰富，通过有机肥、碳化稻壳、泥炭、凹凸棒土、EM菌粉、聚乙烯醇的相互配合，从保水、透气、保持肥效三个方面，改良土壤、调节土壤pH，保持土壤肥力，配合中药渣，抑制、杀灭病虫害，促进蔬菜健康生长，避免重茬蔬菜营养不足。
43. 106336330 一种山核桃专用肥
CN
18.01.2017
C05G 3/04 Loading...
C05G 3/04
Loading...
102016000749268
安徽省司尔特肥业股份有限公司
金政辉
C05G 3/04
Loading...
本发明公开了一种山核桃专用肥，其原料包括：发酵有机肥、苜蓿草粉、腐殖酸铵、尿素、磷酸二铵、碳酸氢铵、硝酸钾、硫酸钾、硫酸镁、氰胺化钙、硫酸钙、氧化钙、硼砂、硫酸铜、硫酸锌、硫酸亚铁、硫粉、γ‑聚谷氨酸白云石粉、高岭土、磷石膏、柠檬酸、苦豆子、微生物制剂；发酵有机肥由烟草废弃物、鸡粪、牛粪、泥炭、山核桃果壳、瓜子壳、花生壳、尿素堆焐自然发酵而成。本发明提出的山核桃专用肥，其配合科学，营养全面，能促进山核桃的生长，同时改善山核桃的品质。
44. 106336306 一种抗重茬蔬菜用复合肥料及其制备方法
CN
18.01.2017
C05G 3/00 Loading...
C05G 3/00
Loading...
102016000749510
安徽省司尔特肥业股份有限公司
金政辉
C05G 3/00
Loading...
本发明公开了一种抗重茬蔬菜用复合肥料，其原料按重量份包括：硝酸钾10‑15份，磷酸二氢铵8‑12份，钙镁磷肥10‑15份，硫酸钾1‑3份，泥炭1‑3份，腐殖酸5‑8份，氨基酸0.2‑0.4份，豆粕5‑10份，中药渣10‑15份，蘑菇菌渣15‑20份，大豆秸秆20‑30份，EM菌粉3‑4份，聚乙烯醇6‑8份。本发明还公开了上述抗重茬蔬菜用复合肥料的制备方法。本发明营养丰富，满足重茬蔬菜的需求的同时，改良土壤、调节土壤pH，配合中药渣，抑制、杀灭病虫害，促进蔬菜健康生长，并且能保持土壤肥力，避免重茬蔬菜营养不足的问题，并能较少农药的使用，减少环境污染。
45. 106336305 一种土壤改良型富硒黄瓜专用缓释肥及其制备方法
CN
18.01.2017
C05G 3/00 Loading...
C05G 3/00
Loading...
102016000749224
安徽省司尔特肥业股份有限公司
金政辉
C05G 3/00
Loading...
本发明公开了一种土壤改良型富硒黄瓜专用缓释肥，其原料包括尿素、小麦秸秆、红薯藤、果皮、中药药渣、蔗糖、糖化粉、酵母粉、纤维素酶、秸秆发酵菌剂、磷酸脲、磷铵、氯化钾、磷酸二铵、磷酸一铵、磷酸二氢钾、硝酸钾、腐植酸钙、腐植酸镁、腐植酸硼、腐植酸锌、腐植酸钠、腐植酸尿酸铁、硝基腐殖酸、缓释剂和富硒添加剂。本发明还提出上述一种土壤改良型富硒黄瓜专用缓释肥。本发明制备的富硒黄瓜专业缓释肥含有丰富的有机质、无机质和矿物质，能够满足黄瓜生产的各种营养物质的需求，且在制备过程中进行缓释剂包膜，有效提高了养料的释放效率和质量，提高了黄瓜的产量和质量，添加的富硒添加剂使得黄瓜含有丰富的硒元素。
46. 106336311 一种预防烟草青枯病的生物复混肥及其制备方法
CN
18.01.2017
C05G 3/00 Loading...
C05G 3/00
Loading...
102016000767853
安徽省司尔特肥业股份有限公司
金政辉
C05G 3/00
Loading...
本发明公开了一种预防烟草青枯病的生物复混肥及其制备方法，所述复混肥包括如下原料：腐熟有机肥、硝铵磷、磷酸一铵、硝酸钾、硫酸钾、氯化钾、硼肥、螯合锌、螯合铁、螯合铜、螯合锰、螯合钼、γ‑聚谷氨酸、大蒜素、其余为辅料。本发明所述可预防烟草青枯病的生物复混肥，能提供烟草在生长发育过程中对养分的需求，调节各营养元素之间的协同作用，强化烟草植株生理机能，增益烟草机体抗逆活性，活化土壤团粒结构，平衡土壤微生物菌落，抑制土壤有害菌、虫繁衍，养分供应持久协调，改善烟草抗青枯病的能力，显著提高烟草品质，保证产量水平。
47. 106316703 一种可改良土壤小麦抗干热风缓释肥
CN
11.01.2017
C05G 3/04 Loading...
C05G 3/04
Loading...
201610752717.0
安徽省司尔特肥业股份有限公司
金政辉
C05G 3/04
Loading...
本发明公开了一种可改良土壤小麦抗干热风缓释肥，其原料按重量份包括：海带渣25～45份，蚕沙10～18份，棉粕15～25份，磷酸二氢钾4～10份，钙镁磷肥6～12份，硝酸铵10～20份，磷酸二氢钾6～14份，过磷酸钙4～8份，尿素30～40份，发酵复合菌0.006～0.012份，改性乳清粉4～10份，氯化胆碱3～7份，脱落酸4～8份，氨基多糖3～7份，磷酸铵锌0.4～1份，磷酸铵锰0.4～1份，速效硼1.5～2.5份，氯化钠1.5～2.5份，矿渣0.4～1份。本发明成本低廉，可有效预防和缓解干热风对小麦的危害，提高小麦抗逆性，而且具有良好的成膜性，减少水分蒸发，同时能有效改善土壤结构。
48. 106316717 一种高效小麦抗干热风用缓释肥
CN
11.01.2017
C05G 3/08 Loading...
C05G 3/08
Loading...
201610752642.6
安徽省司尔特肥业股份有限公司
金政辉
C05G 3/08
Loading...
本发明公开了一种高效小麦抗干热风用缓释肥，其原料按重量份包括：发酵鸡粪25～45份，海鸟粪便10～15份，骨渣6～14份，发酵花生粕10～20份，池塘淤泥10～20份，生化黄腐酸粉3～7份，复硝酚钠3～5份，水溶硼4～10份，乙酰水杨酸钙脲3～7份，硫酸钾25～45份，碳酸氢铵30～40份，改性尿素35～55份，蒙脱土4～10份，草炭4～8份，海泡石粉3～7份，膨润土4～8份，EDTA螯合铁0.3～0.7份，粘土1.5～2.5份，EDTA螯合锰0.4～1份，复合菌0.03～0.06份。本发明满足小麦对养分的需求规律，而且可稳定生物膜结构，提高细胞活力，抗干热风稳定。
49. 106316705 一种环境友好型包膜缓释小麦肥
CN
11.01.2017
C05G 3/04 Loading...
C05G 3/04
Loading...
102016000753698
安徽省司尔特肥业股份有限公司
金政辉
C05G 3/04
Loading...
本发明公开了一种环境友好型包膜缓释小麦肥，按重量百分比包括如下原料：尿素15‑22％、磷酸一铵26‑34％、氯化钾16‑23％、硝铵磷6‑12％、硫酸铵1‑5％、硫酸钾1‑3％、有机肥5‑15％、微量元素肥2‑5％、化肥增效剂0.1‑0.5％、改性木薯粉4‑10％、辅料2‑8％。所述环境友好型包膜缓释小麦肥可充分供给小麦营养，养分供应持久协调，且可控制营养元素的释放，一次性施肥不用追肥，同时不会造成土壤污染，显著提高小麦品质与产量。
50. 106316706 一种吸附重金属的肥料
CN
11.01.2017
C05G 3/04 Loading...
C05G 3/04
Loading...
102016000754317
安徽省司尔特肥业股份有限公司
金政辉
C05G 3/04
Loading...
本发明公开了一种吸附重金属的肥料，其原料按重量份包括：磷酸一氢钾15‑20份，磷酸二氢铵5‑8份，尿素10‑12份，硝酸铵5‑8份，硅酸钠0.5‑1份，腐殖酸3‑5份，食用菌菌糠10‑15份，牡蛎壳8‑12份，玉米秸秆20‑30份，木薯渣10‑15份，糠醛渣10‑15份，EM菌剂1‑3份，添加剂15‑25份。本发明营养丰富，从吸附重金属、抑制蔬菜吸收重金属、调节土壤环境使其有利于重金属吸附三个方面，达到良好的吸附重金属效果，并能促进有益菌生长繁殖进而形成有益菌群，能增加多种酶活性，改善土壤，能提高蔬菜产量和品质。
51. 106316700 一种土壤改良型富硒蔬菜专用缓释肥及其制备方法
CN
11.01.2017
C05G 3/04 Loading...
C05G 3/04
Loading...
102016000749402
安徽省司尔特肥业股份有限公司
金政辉
C05G 3/04
Loading...
本发明公开了一种土壤改良型富硒蔬菜专用缓释肥，其原料包括尿素、磷酸脲、氯化铵、氯化钾、磷酸二铵、硝酸钾、腐植酸钙、腐植酸镁、硼酸、钼酸铵、碳酸锌、腐植酸钠、氯化锰、柠檬酸、缓释剂和富硒添加剂。本发明还提出上述一种土壤改良型富硒蔬菜专用缓释肥的制备方法。本发明制备得到的蔬菜专用缓释肥含有丰富的生长元素和矿质元素，在制备过程中，进行缓释剂包膜，提高了肥料养分的释放效率和质量，提高了蔬菜的产量和质量，添加的富硒添加剂能够为蔬菜的生长提供丰富的硒元素，提高了蔬菜的品质。
52. 106316702 一种增产增质小麦抗干热风专用肥
CN
11.01.2017
C05G 3/04 Loading...
C05G 3/04
Loading...
201610752676.5
安徽省司尔特肥业股份有限公司
金政辉
C05G 3/04
Loading...
本发明公开了一种增产增质小麦抗干热风专用肥，其原料按重量份包括：尿素25～35，硫硝酸铵5～15，钙镁磷肥2～10，磷酸二钙4～12，氯化钾2～8，柠檬酸钾2～4，氨基多糖1～5，脱落酸2～6，氯化胆碱1～4，改性乳清粉2～8，发酵复合菌0.001～0.008，糠醛渣20～40，河道淤泥5～12，粉煤灰10～20，硅酸钠1～2，水溶硼1～2，磷酸氢钙0.2～0.8，硫酸锰0.2～0.8，硫酸铁0.2～0.8。本发明不仅成本低廉，可有效预防和缓解干热风对小麦的危害，提高小麦抗逆性，而且具有良好的成膜性，减少水分蒸发，同时能有效改善土壤结构。
53. 106316701 一种改善马铃薯品质抗病虫害水溶肥
CN
11.01.2017
C05G 3/04 Loading...
C05G 3/04
Loading...
102016000749462
安徽省司尔特肥业股份有限公司
金政辉
C05G 3/04
Loading...
本发明公开了一种改善马铃薯品质抗病虫害水溶肥，其原料按重量份包括：腐殖酸尿素5‑10份，硝酸钾5‑7份，磷酸铵15‑20份，磷酸钾10‑15份，硅酸钠0.3‑0.5份，硝酸钙0.6‑0.8份，腐殖酸镁0.1‑0.3份，硫酸钾2‑3份，螯合锰0.1‑0.2份，螯合锌0.2‑0.4份，腐殖酸铁0.2‑0.4份，螯合铜0.1‑0.2份，pH调节剂1‑4份，茉莉酸2‑3份，云芝葡聚糖1‑2份，复硝酚钠0.5‑1.5份，添加剂2‑3份。本发明营养丰富、能增加马铃薯的抗病虫害性能，促进生长、并能改善马铃薯的品质。
54. 106278658 一种肥效长成本低马铃薯专用缓释肥
CN
04.01.2017
C05G 3/00 Loading...
C05G 3/00
Loading...
201610754091.7
安徽省司尔特肥业股份有限公司
金政辉
C05G 3/00
Loading...
本发明公开了一种肥效长成本低马铃薯专用缓释肥，其原料按重量份包括：糖蜜粉10～20份，腐熟鸡粪50～90份，磷酸铵锌1～2份，磷酸铵锰2～4份，磷酸氢钙1～3份，包膜柠檬酸铁1～2份，兽骨粉20～40份，尿素35～50份，草木灰12～20份，硫酸钾30～55份，地衣芽孢杆菌0.02～0.04份，胺鲜脂0.008～0.012份，多粘类芽孢杆菌0.005～0.009份，木质素6～12份，杉木炭6～18份，硅灰石3～7份。本发明一次性施肥不需追肥，肥效显著持久，提供马铃薯生长所需的营养元素，缓释效果好，而且可改良土壤结构，使马铃薯产量高。
55. 106278754 一种梨树专用型水溶肥
CN
04.01.2017
C05G 3/04 Loading...
C05G 3/04
Loading...
102016000767695
安徽省司尔特肥业股份有限公司
金政辉
C05G 3/04
Loading...
本发明公开了一种梨树专用型水溶肥，其原料按重量份包括：硝酸铵8～12份，氯化钾8～9份，磷酸一铵8～10份，硝酸钾40～45份，尿素20～22份，磷酸二氢钾6～7份，五水硼砂1.4～2份，黄腐酸锌0.2～0.4份，黄腐酸铁0.2～0.4份，黄腐酸铜0.2～0.3份，氨基酸钙0.3～0.5份，水杨酸2～4份，胺鲜脂0.5～1份，外源硒0.2～0.4份，氨基壳寡糖0.2～0.6份，植保素0.4～1份，辅料1.2～1.4份。本发明提高梨树抗逆性，增加梨的甜味，预防早期落叶，且缓解土壤中化学残留的铅、汞、砷、镉等有害元素的污染改善并活化土壤。
56. 106242851 一种预防西红柿青枯病的有机无机复合肥料
CN
21.12.2016
C05G 3/00 Loading...
C05G 3/00
Loading...
201610767691.7
安徽省司尔特肥业股份有限公司
金政辉
C05G 3/00
Loading...
本发明公开了一种预防西红柿青枯病的有机无机复合肥料，其原料按重量份包括：有机肥料80‑150份、尿素2‑10份、磷酸二铵5‑12份、硫酸钾3‑10份、硫酸锰0.1‑1份、硫酸镁1‑2份、硫酸亚铁0.3‑1.5份、钼酸铵0.1‑0.5份、棕腐酸1‑5份、矿物粉5‑20份、香菇多糖1‑3.8份、黄腐酸1‑5份、石灰氮2‑5份、水杨酸0.1‑0.5份、吲哚乙酸0.2‑1份、氨基寡糖素0.3‑1.2份、聚天冬氨酸0.01‑0.5份。本发明提出的预防西红柿青枯病的有机无机复合肥料，其配方合理，营养全面，能促进西红柿的生长，同时提高了西红柿植株的抗病性，能有效防治青枯病的发生。
57. 106242919 一种可改良土壤土豆缓释肥
CN
21.12.2016
C05G 3/04 Loading...
C05G 3/04
Loading...
201610754113.X
安徽省司尔特肥业股份有限公司
金政辉
C05G 3/04
Loading...
本发明公开了一种可改良土壤土豆缓释肥，其原料按重量包括：动物粪便10～18，糖蜜粉3～9，花生粕20～40，碳酸氢铵20～40，尿素30～50，磷酸二氢钾20～30，硫酸钾10～20，五水硫酸铜4～6，磷酸铵铁3～5，硫酸锌0.06～0.12，钼酸钠0.08～0.14，碳酸锰0.5～0.8，氢醌0.2～0.4，耐高温乳酸菌0.008～0.012，高岭土4～8，黏土2～4，云母粉3～7，复合吸附材料3～7。本发明富含土豆生长所特需的各种营养元素，并可在土壤中缓释释放，能满足土豆不同生长发育阶段对养分的需要，有效减少了肥料使用量与施肥次数，降低生产成本，减少环境污染。
58. 106242921 一种西红柿专用预防青枯病且增产的肥料
CN
21.12.2016
C05G 3/04 Loading...
C05G 3/04
Loading...
102016000762103
安徽省司尔特肥业股份有限公司
金政辉
C05G 3/04
Loading...
本发明公开了一种西红柿专用预防青枯病且增产的肥料，其原料包括：海藻渣、鸡粪、花生麸、茶油麸、小麦秸秆、玉米秸秆、金银花药渣、板蓝根药渣、尿素、磷酸一铵、氯化钾、镁肥、钙肥、微量元素肥、氨基酸、亚磷酸、生物菌剂、吲哚乙酸。本发明提出的西红柿专用预防青枯病且增产的肥料，其不仅能提供西红柿生长发育过程中对养分的需求，还能够调节各营养元素之间的协同作用，活化土壤，平衡土壤微生物菌落，养分供应持久协调，提高西红柿抗青枯病能力，显著提高西红柿品质与产量。
59. 106242842 一种预防烟草青枯病且增产保水的肥料
CN
21.12.2016
C05G 3/00 Loading...
C05G 3/00
Loading...
102016000762093
安徽省司尔特肥业股份有限公司
金政辉
C05G 3/00
Loading...
本发明公开了一种预防烟草青枯病且增产保水的肥料，其原料包括：泥炭、棉籽饼、酒糟、紫云英、侧柏叶、芝麻饼、茶叶秸秆、尿素、硝铵磷、磷酸一铵、硝酸钾、硫酸钾、氯化钾、硼肥、螯合锌、螯合铁、螯合铜、螯合锰、螯合钼、偏硅酸钠、酵母铬、γ‑聚谷氨酸、聚天冬氨酸、大蒜素、黄腐酸、印楝素、黑云母、膨润土、保水剂。本发明提出的预防烟草青枯病且增产保水的肥料，所述肥料将烟草施肥平衡营养、元素协同强化机能、生物拮抗抑制病菌和土壤调理防治源头四大功能有机结合，大大提高了烟草青枯病的预防效果，同时具有保水增产的作用。
60. 106242843 一种西红柿专用预防青枯病且促生长的肥料
CN
21.12.2016
C05G 3/00 Loading...
C05G 3/00
Loading...
102016000762146
安徽省司尔特肥业股份有限公司
金政辉
C05G 3/00
Loading...
本发明公开了一种西红柿专用预防青枯病且促生长的肥料，其原料包括：猪粪、鸡粪、蚯蚓粪、甘蔗渣、十字花科植物、尿素、过磷酸钙、硫酸钾、硫酸锰、硫酸镁、硫酸亚铁、钼酸铵、硼砂、调环酸钙、硅酸钙、碳酸钙、亚磷酸、吲哚乙酸、腐殖酸、凹凸棒土、膨润土、微生物菌群、烷基糖苷、氨基寡糖素、聚天冬氨酸。本发明提出的西红柿专用预防青枯病且促生长的肥料，其配方合理，营养全面，能促进西红柿的生长，同时提高了西红柿植株的抗病性，能有效防治青枯病的发生。
61. 105777420 一种设施蔬菜抗重茬有机-无机复混肥料及其制备方法
CN
20.07.2016
C05G 3/04 Loading...
C05G 3/04
Loading...
102016000069775
安徽省司尔特肥业股份有限公司
金政辉
C05G 3/04
Loading...
本发明公开了一种设施蔬菜抗重茬有机?无机复混肥料，其原料按重量份包括：蚕沙35～40份，中药药渣15～20份，山核桃青壳5～10份，石灰氮45～50份，磷酸二铵12～16份，硫酸钾8～12份，EM菌剂1.5～2份。本发明还公开了上述设施蔬菜抗重茬有机?无机复混肥料的制备方法。本发明富含有机质、氮、磷、钾以及植物生长所必须的多种中微量元素，营养全面均衡，显著改善土壤理化性质；科学添加残留特定功效的中药药渣、山核桃青壳以及石灰氮，各原料间发挥协同作用，能从根本上解决设施蔬菜重茬引起的土壤养分供应失衡、病虫害加重、土壤理化性质恶化的问题，同时可有效解决蔬菜农药高残留、环境污染等问题。
62. 105753568 一种防治果树流胶病的功能生物肥及其制备方法
CN
13.07.2016
C05G 3/00 Loading...
C05G 3/00
Loading...
102016000055187
安徽省司尔特肥业股份有限公司
金政辉
C05G 3/00
Loading...
本发明公开了一种防治果树流胶病的功能生物肥，其原料按重量份数包括：作物秸秆30～40份，中药药渣20～30份，钾长石15～20份，磷矿粉4～6份，过磷酸钙4～6份，功能菌5～8份，尿素8～12份，秸秆发酵菌剂0.5～2.5份，纤维素酶1～2份，红糖0.5～2份，凹凸棒粉0.5～0.8份，助剂5～7份。助剂包括：螯合铁、螯合镁、螯合铜、螯合锌、螯合硼、螯合锰、甲基丙烯酸甲酯、N?丁基硫代磷酰三胺、新鲜牧草、新鲜山芋、珊瑚灰岩、农用稀土。本发明还公开了上述防治果树流胶病的功能生物肥的制备方法。本发明所得生物肥富含各种中、微量元素，营养成份全面、均衡，易被果树吸收，对果树流胶病具有明显的防治效果。
63. 105565994 一种可生产富硒绿色蔬菜的营养土及其制备方法
CN
11.05.2016
C05G 3/00 Loading...
C05G 3/00
Loading...
201610055335.2
安徽省司尔特肥业股份有限公司
金政辉
C05G 3/00
Loading...
本发明公开了一种可生产富硒绿色蔬菜的营养土，其原料按重量份包括：风干土60～100份，风干后沼渣25～35份，锯末8～12份，钾长石粉5～10份，磷矿粉10～15份，硫酸铵1～2份，磷酸一铵0.5～1份，硫酸钾1～3份，螯合镁0.1～0.3份，螯合铁0.1～0.2份，螯合锰0.1～0.2份，螯合锌0.1～0.3份，亚硒酸钠0.0005～0.0009份，保水增效剂0.3～0.5份，功能菌剂1～3份。本发明还公开了上述可生产富硒绿色蔬菜的营养土的制备方法。本发明所得营养土氮、磷、钾养分充足，有机质含量高，中、微量元素全面，同时添加硒元素，提高蔬菜硒含量，提高蔬菜食用价值和经济价值。
64. 105541474 一种防治山核桃溃疡病的有机肥及其制备方法
CN
04.05.2016
C05G 3/00 Loading...
C05G 3/00
Loading...
201510969269.5
安徽省司尔特肥业股份有限公司
金政辉
C05G 3/00
Loading...
本发明公开了一种防治山核桃溃疡病的有机肥，其原料按重量法包括：中药药渣40～60份，作物秸秆50～70份，肥料增效剂0.5～1.5份，尿素3～7份，秸秆发酵菌剂0.5～2份，纤维素酶1～2份，红糖1～2份。本发明还公开了一种防治山核桃溃疡病的有机肥的制备方法。本发明能够显著降低葡萄座腔菌活性，增强山核桃树的抗溃疡病能力，同时含有有机质、氮、磷、钾以及植物生长所必须的多种中、微量元素，营养全面均衡，可显著改善土壤理化性质，促进植株根系生长，增强土壤微生物活性，降低土壤有害物质的污染。
65. 105541492 一种防治马铃薯晚疫病的生物复混肥料
CN
04.05.2016
C05G 3/00 Loading...
C05G 3/00
Loading...
201610055033.5
安徽省司尔特肥业股份有限公司
金政辉
C05G 3/00
Loading...
本发明公开了一种防治马铃薯晚疫病的生物复混肥料，其原料按重量百分比包括：有机肥40～45％，尿素10～13.5％，磷酸一铵5～6.5％，硫酸钾22～26.5％，硼砂1～2％，硫酸铜1～1.2％，螯合锌1～1.7％，螯合铁0.8～0.9％，氨基寡糖素0.1～0.3％，水杨酸0.5～2％，红酵母菌0.1～0.15％，嗜线虫致病杆菌0.1～0.2％，其余为辅料。有机肥的制备方法如下：将秸秆和中药药渣晾晒，接着粉碎，再加入鸭粪、尿素混合均匀，调节含水量至50～60wt％得到物料a；将纤维素酶、秸秆发酵菌剂和红糖加入水中混合均匀后，接入物料a中进行发酵，发酵过程中进行翻堆通风，发酵温度为30～50℃，熟化，干燥得到有机肥。
66. 105439727 一种防治小麦赤霉病生物有机肥及其制备方法
CN
30.03.2016
C05G 3/00 Loading...
C05G 3/00
Loading...
201510969314.7
安徽省司尔特肥业股份有限公司
金政辉
C05G 3/00
Loading...
本发明公开了一种防治小麦赤霉病生物有机肥，其原料按重量份包括：作物秸秆30～40份，中药药渣40～60份，功能菌3～5份，尿素1～6份，秸秆发酵菌剂0.5～2.5份，纤维素酶1～2份，红糖0.5～2份。本发明还公开了上述防治小麦赤霉病生物有机肥的制备方法。本发明所得有机肥显著降低禾谷镰刀菌活性，增强小麦植株的抗赤霉病能力；改善土壤理化性质，提高肥料使用率和土壤肥力；丰富土壤有益微生物群落，降低土壤有害物质的污染。
67. 205011667 一种炭基复合肥料冷却筛分一体机
CN
03.02.2016
C05G 3/00 Loading...
C05G 3/00
Loading...
201520509530.9
安徽省司尔特肥业股份有限公司
金政辉
C05G 3/00
Loading...
本实用新型公开了一种炭基复合肥料冷却筛分一体机，涉及复合肥生产设备领域，由同轴等径且相通的冷却筒、细筛分筒和粗筛分筒组成，所述冷却筒设在细筛分筒和粗筛分筒之间，冷却筒中心外壁设有大齿轮，所述大齿轮下方设有相啮合的小齿轮，小齿轮由电动机带动旋转，所述细筛分筒和粗筛分筒内端外壁均设有滚圈，所述滚圈下方设有相对应的托轮。本实用新型实现了炭基复合肥料生产过程中冷却与筛分功能的一体化，达到同步作业的效果，减少了生产环节、节约了生产成本和生产空间，降低了设备维护保养成本，提高了炭基复合肥料的生产效率。
68. 204689401 一种磷酸一铵批量包装吊卸装置
CN
07.10.2015
B66C 5/02 Loading...
B66C 5/02
Loading...
201520278190.3
安徽省司尔特肥业股份有限公司
金政辉
B66C 5/02
Loading...
本实用新型提供一种磷酸一铵批量包装吊卸装置，由料仓、支架、卸料机、放料管、吊卸梁、吊卸机组成，所述的支架通过螺栓固定在地面上，所述的支架上装有料仓、所述的支架为四根横撑、三根竖撑、四根斜撑与吊卸梁焊接而成，所述的料仓下设有集料斗，所述的集料斗下方呈倒梯形，所述的集料斗底部装有卸料机，所述的卸料机与放料管连接。本实用新型的一种磷酸一铵批量包装吊卸装置，提高了磷酸一铵的装卸效率，实现了一次性批量装吊作业，节省了人力、物力、时间以及生产成本；同时采用星形卸料机自动卸料，降低了劳动强度，减少了人工卸料时的物料粉尘，确保了工作环境质量。
69. 204161868 一种尿素熔融槽进料装置
CN
18.02.2015
B65D 88/26 Loading...
B65D 88/26
Loading...
201420587124.X
安徽省司尔特肥业股份有限公司
金政辉
B65D 88/26
Loading...
本实用新型涉及一种尿素熔融槽进料装置，包括放置台、集料斗、输料管和支撑柱，所述放置台由4～6根支撑柱固定支撑，所述放置台边缘设有护栏，所述放置台右侧设有集料斗，所述集料斗上方设有筛网，所述放置台左侧设有扶手和铁梯，所述铁梯连接放置台和地面，所述集料斗下方连接输料管，所述输料管上设有放料闸。当本实用新型投入使用时，叉车通过托盘将尿素举高放置于放置台上，工人顺着铁梯和扶手爬上放置台后，将筛网覆盖于集料斗上，并在其上，进行直接拆包投料，尿素通过筛网孔直接落入集料斗中，筛网上可容多人同时投料，投料效率高。在输料管的出料口的上部设有插槽，插槽内设有放料闸。通过设置插槽和放料闸，可以控制尿素进入尿素熔融槽的速度和进入量，方便快捷。
70. 204161871 一种复合肥生产系统专用粉尘收集输送装置
CN
18.02.2015
B65D 88/28 Loading...
B65D 88/28
Loading...
201420587157.4
安徽省司尔特肥业股份有限公司
金政辉
B65D 88/28
Loading...
本实用新型涉及一种复合肥生产系统专用粉尘收集输送装置，包括储料斗和支架，所述储料斗固定在所述支架上方，所述储料斗上方呈筒状，所述储料斗下方呈到圆锥状，所述储料斗底部与导料管连接，所述支架为三个立杆与加固撑焊接而成，所述支架通过焊接的方式与底座固连，所述底座侧面设有插槽。本实用新型替代了在旋风式除尘器下方安装的皮带输送机，节省了皮带输送机的购买、安装、运行、维护以及电力消耗等费用，同时节省了生产车间空间。而且本实用新型的安置和转移十分方便，只需将叉车前叉对准本实用新型底座上的插槽向前开动，将本实用新型置于旋风式除尘器集灰斗下方，并对准集灰斗后放下，叉车向后倒车，即可完成本实用新型的安置与转移，并且可通过叉车前叉的高度调整，满足不同高度安置本实用新型的需要，无需人工辅助，便捷高效。
71. 203922632 一种叉车专用钩物架
CN
05.11.2014
B66F 9/12 Loading...
B66F 9/12
Loading...
201420304776.8
安徽省司尔特肥业股份有限公司
金政辉
B66F 9/12
Loading...
本实用新型涉及一种钩物架，尤其涉及一种叉车专用钩物架，其包括吊物臂、竖梁、上横梁和下横梁，所述竖梁上端焊接有上横梁，所述竖梁的下端焊接有下横梁，所述上横梁的两端的右侧分别焊接有垂直的上连接梁，与右侧上横梁两端相连接，所述下横梁的两端的右侧分别焊接有垂直的下连接梁，与右侧下横梁两端相连接，所述下横梁的内部设有插口，所述吊物臂的末端设有吊物钩。本实用新型安装在叉车上能够轻松方便地吊装、搬运和投放大容积圆柱形编织袋装复合肥生产原料，解决了人工搬运的劳动强度高、费工费力、工作效率低，生产成本高的问题以及叉车无法直接吊装、搬运和投料的问题，而且一个人即可完成整个过程，具有高效率，低成本、安全可靠等优点。
72. 103848670 Process for producing high-concentration compound fertilizer by virtue of concentrated ammonium phosphate slurry one-step method
CN
11.06.2014
C05G 1/00 Loading...
C05G 1/00
Loading...
201410090689.1
安徽省司尔特肥业股份有限公司
金政辉
C05G 1/00
Loading...
The invention discloses a process for producing high-concentration compound fertilizer by virtue of a concentrated ammonium phosphate slurry one-step method. The process comprises the following steps: neutralizing 20-22% diluted phosphoric acid and condensing with a material slurry to obtain a concentrated ammonium phosphate slurry; delivering the concentrated ammonium phosphate slurry to a reactor in a pelletizer, mixing with concentrated sulfuric acid and a tail gas scrubbing solution, filling ammonia gas and implementing a secondary neutralization reaction to obtain mixed slurry which is 18-20% in water content and includes monoammonium phosphate, diammonium phosphate and ammonium sulfate, wherein the tail gas scrubbing solution is a solution is obtained by recovering ammonia-containing dust from S3 pelletizing and S4 drying mentioned below through diluted phosphoric acid; spraying the mixing slurry on a material bed through a nozzle of a reactor and pelleting; drying, cooling and sieving granulated materials to obtained the high-concentration compound fertilizer. The process for producing the high-concentration compound fertilizer by virtue of the concentrated ammonium phosphate slurry one-step method disclosed by the invention is energy-saving and cost-reducing, less in side reaction, capable of effectively improving properties of pelletizing materials and easy to pelletize; moreover, cost is relatively low.
73. 203638306 一种自动码垛系统的钢制托盘
CN
11.06.2014
B65D 19/28 Loading...
B65D 19/28
Loading...
201320782961.3
安徽省司尔特肥业股份有限公司
金政辉
B65D 19/28
Loading...
本实用新型公开了一种自动码垛系统的钢制托盘，在底板上设有平行布置的六根方钢，在六根方钢之间形成可供五齿叉车的叉齿伸入以搬运码垛在所述钢制托盘上肥料垛的五个条槽，在两个方钢两端设有侧槽，旋转托举装置的旋转托叉可由侧槽旋转进入钢制托盘内将托盘托起。本实用新型所提供的钢制托盘，既能在自动码垛系统配套的托盘库中使用旋转托举装置自动给送托盘，顺利实现自动码垛系统的连续作业，又能使用五齿叉车搬运肥料垛并将钢制托盘留下来循环使用，不占用钢制托盘，减少了托盘的投资与成本消耗。
74. 203639414 可移动式农林废弃物料炭化炉
CN
11.06.2014
C10B 53/02 Loading...
C10B 53/02
Loading...
201320727697.3
安徽省司尔特肥业股份有限公司
金政辉
C10B 53/02
Loading...
本实用新型公开了一种可移动式农林废弃物料炭化炉，包括用于装载物料的炉体和设于所述炉体下方的燃烧室，所述燃烧室装设在移动小车上，所述炉体上开设有物料进出口，所述物料进出口处设置有炉门，所述燃烧室上开设有至少一个燃料进口。本实用新型中，可将炭化炉推至农林废弃物堆积所在地，实现移动式就地炭化加工，无需将物料运送至加工点，因而大幅度降低了运输成本，省工省时，炭化效率高。
75. 103641603 Special biomass charcoal-based composite fertilizer for corn and preparation method thereof
CN
19.03.2014
C05G 3/00 Loading...
C05G 3/00
Loading...
201310618380.0
安徽省司尔特肥业股份有限公司
金政辉
C05G 3/00
Loading...
The invention discloses a special biomass charcoal-based composite fertilizer for corn. The special biomass charcoal-based composite fertilizer for the corn comprises the following components in parts by weight: 7-15 parts of potassium magnesium sulfate fertilizer, 3-7 parts of potassium chloride, 5-13 parts of fertilizer-grade calcium hydrogen phosphate, 15-20 parts of urea phosphate, 40-50 parts of powdery urea, 6-9 parts of rapeseed straw charcoal powder, 0.2-0.8 part of sodium silicate, 0.05-0.47 part of EDTA (ethylenediaminetetraacetic acid) chelated zinc, 0.05-1 part of EDTA chelated manganese and 1-7 parts of auxiliary materials. The invention further discloses a preparation method of the special biomass charcoal-based composite fertilizer for the corn. After the special biomass charcoal-based composite fertilizer for the corn, disclosed by the invention, is applied, the soil can be effectively improved and fertilized, the content of organic matters in the soil is increased, the soil bulk density is reduced, and the water-retaining and fertilizer-keeping capability of the soil is improved; furthermore, the utilization efficiency of fertilizer nutrients is relatively high, the release of nutrient elements is coordinated and lasting, the nutrients can be supplied to the corn in a relatively comprehensive and balanced manner, the yield of the corn is significantly improved, the quality of the corn is improved, and the economic benefits are obvious.
76. 103626582 Biomass carbon-based composite fertilizer specially used for rice and preparation method of biomass carbon-based composite fertilizer
CN
12.03.2014
C05G 3/00 Loading...
C05G 3/00
Loading...
201310616977.1
安徽省司尔特肥业股份有限公司
金政辉
C05G 3/00
Loading...
The invention discloses a biomass carbon-based composite fertilizer specially used for rice. The biomass carbon-based composite fertilizer comprises the following components in parts by weight: 8-15 parts of a potash magnesium sulphate fertilizer, 9-14 parts of potassium chloride, 13-20 parts of fertilizer grade dicalcium phosphate, 20-27 parts of urea phosphate, 25-30 parts of powdered urea, 5-10 parts of sunflower straw charcoal powder, 0.1-1 part of sodium silicate, 0.1-0.5 part of EDTA (ethylene diamine tetraacetic acid) chelating zinc, 0.05-0.5 part of EDTA chelating iron and 1-7 parts of auxiliary materials. The invention also discloses a preparation method of the biomass carbon-based composite fertilizer specially used for rice. According to the biomass carbon-based composite fertilizer specially used for rice and the preparation method, the biomass carbon-based composite fertilizer specially used for rice is rich in nutrient substances; the nutrient elements can be released and coordinated for a long time; fertilization is implemented in a disposable manner, and secondary fertilization is not needed or the secondary fertilization is implemented a little; the utilization efficiency of nutrients of the fertilizer is high; the property of soil can be improved, and the soil fertility is improved; furthermore, the rice yield can be obviously increased; the biomass carbon-based composite fertilizer has obvious economical benefits.
77. 103626589 Biomass charcoal-based compound fertilizer special for wheat and preparation method of biomass charcoal-based compound fertilizer
CN
12.03.2014
C05G 3/00 Loading...
C05G 3/00
Loading...
201310637513.9
安徽省司尔特肥业股份有限公司
金政辉
C05G 3/00
Loading...
The invention discloses a biomass charcoal-based compound fertilizer for wheat. The biomass charcoal-based compound fertilizer comprises the following components in parts by weight: 8 to 14 parts of potash magnesium sulphate fertilizer, 12 to 17 parts of potassium chloride, 6 to 13 parts of fertilizer-level calcium hydrophosphate, 13 to 21 parts of urea phosphate, 30 to 40 parts of powdery urea, 8 to 14 parts of soybean straw powdered carbon, 2 to 7 parts of sodium silicate, 1 to 4 parts of EDTA chelate Zn, 1 to 4 parts of EDTA chelate Fe, 1 to 5 parts of ammonium molybdate and 3 to 7 parts of an auxiliary material. The invention further discloses a preparation method for the biomass charcoal-based compound fertilizer special for the wheat. According to the invention, after the biomass charcoal-based compound fertilizer special for the wheat is applied, not only can soil be effectively improved and fertilized, the content of soil organic matter can be increased, the volume weight of soil can be reduced, and the water retention and fertilizer retention capabilities of the soil can be improved, but also the fertilizer nutrient utilization efficiency is relatively high, nutrient element release is coordinated and lasting, nutrient can be supplied to the wheat relatively comprehensively and evenly, the output of the wheat can be obviously improved, the quality of the wheat can be improved, and obvious economic benefit can be achieved.
78. 103613465 Special biomass charcoal-based compound fertilizer for rapes and preparation method thereof
CN
05.03.2014
C05G 3/00 Loading...
C05G 3/00
Loading...
201310617836.1
安徽省司尔特肥业股份有限公司
金政辉
C05G 3/00
Loading...
The invention discloses a special biomass charcoal-based compound fertilizer for rapes. The biomass charcoal-based compound fertilizer comprises the following components in parts by weight: 11-15 parts of potash magnesium sulphate fertilizers, 15-20 parts of potassium chloride, 13-16 parts of fertilizer-grade dicalcium phosphate, 11-17 parts of urea phosphate, 25-30 parts of powdery urea, 5-13 parts of sorghum straw charcoal powder, 0.05-0.5 part of EDTA (Ethylene Diamine Tetraacetic Acid) chelated zinc, 0.05-0.5 part of EDTA chelated iron, 0.1-0.63 part of borax and 1-6 parts of auxiliary materials. The invention also discloses a preparation method of the special biomass charcoal-based compound fertilizer for the rapes. The special biomass charcoal-based compound fertilizer for the rapes, which is disclosed by the invention, can effectively improve and fertilize the soil, increase the content of soil organic matters, reduce the soil volume weight and enhance the moisture and fertility preserving capacity of the soil after being applied, is relatively high in fertilizer nutrient utilization efficiency and harmonious and lasting in nutrient element release, can be used for comprehensively and equivalently supplying the nutrients to the rapes, outstandingly increases the rape output, improves the rape quality and achieves an obvious economic benefit.
79. 203461982 一种硫基复合肥生产装置
CN
05.03.2014
C05G 1/00 Loading...
C05G 1/00
Loading...
201320464853.1
安徽省司尔特肥业股份有限公司
金政辉
C05G 1/00
Loading...
本实用新型公开了一种硫基复合肥生产装置，包括：混合搅拌机，用于将原料混合搅拌均匀；破碎机，用于将混合搅拌均匀的物料大块结块粉碎，且破碎机布置在造粒机上方；造粒机，用于将搅拌均匀、粉碎好后的物料进行造粒；料浆分布机，用于向造粒机的料床上喷洒料浆；干燥机，与造粒机连接，用于使造粒机生成的成粒物料干燥；预中和尾洗机，用于生成预中和料浆，送至料浆分布机；喷尿筒，对干燥机输送处的成品粒子补氮；筛分机，通过传输带与干燥机连接，对补氮后的成品粒子进行筛分。本实用新型中，产品质量稳定，粒子均匀，装置开车率稳定在98%以上，氨收率达到99%、钾收率达到了99.9%，同时没有污水排放，实现了清洁生产。
80. 203316211 一种球磨机衬板
CN
04.12.2013
B02C 17/22 Loading...
B02C 17/22
Loading...
201220425012.5
安徽省司尔特肥业股份有限公司
金国清
B02C 17/22
Loading...
本实用新型公开一种球磨机衬板，与球磨机筒体连接，所述球磨机衬板具有至少两个固定孔，所述衬板通过至少两个螺栓固定在筒体上。本实用新型，采用双孔衬板代替单孔衬板，用双椭圆螺栓紧固衬板，防止衬板松动，增加了衬板的连接刚性，避免了螺栓切断衬板突然脱落的再次发生，且因衬板与筒体的接触面积增加，对筒体磨损和压痕的发展状况得到扼制和消除，提高了衬板及螺栓的使用寿命，也避免了非计划性停车事件的发生。
81. 203237803 一种投料装置
CN
16.10.2013
B65G 65/42 Loading...
B65G 65/42
Loading...
201320120247.8
安徽省司尔特肥业股份有限公司
金国清
B65G 65/42
Loading...
本实用新型公开了一种投料装置，包括：固定支架（1）；投料斗（2），投料斗（2）安装在固定支架（1）上，在投料斗（2）的底部设有方形的基座（3）；输送带（4），基座（3）承接在输送带（4）上，基座（3）与输送带（4）之间形成储料空间；投料控制板（5），投料控制板（5）安装在基座（3）的前方并可沿基座（3）上下移动，投料控制板（5）的底部设有出料口（51）。在投料过程中，该投料装置能够调节投料速度和投料量，并且具有缓冲和防尘作用。
82. 203238186 一种转筒干燥机
CN
16.10.2013
C05G 1/00 Loading...
C05G 1/00
Loading...
201320120239.3
安徽省司尔特肥业股份有限公司
金国清
C05G 1/00
Loading...
本实用新型公开了一种转筒干燥机，包括转筒，在所述转筒上设有多个自动敲击装置，所述自动敲击装置包括敲击机构、限位机构和加强机构；其中，所述敲击机构通过转轴铰接在所述转筒的外壁上，所述转轴的轴线与所述转筒的轴线平行；所述限位机构固定在所述转筒的外壁上，并且位于所述转筒的旋转方向相反的一侧用于限定所述敲击机构的转动方向；所述加强机构固定在转筒的外壁上，并且位于所述转筒的旋转方向相同的一侧，所述敲击机构在转筒上的敲击点位于所述加强机构上。利用转动干燥机的转动以及自动敲击装置的重力作用，敲击机构间歇式地自动敲击转筒，在震动作用下使得转筒内的肥料颗粒脱离，从而有效避免了转筒干燥机内肥料颗粒的结巴现象。
83. 203237729 一种皮带输送机
CN
16.10.2013
B65G 45/12 Loading...
B65G 45/12
Loading...
201320119841.5
安徽省司尔特肥业股份有限公司
金国清
B65G 45/12
Loading...
本实用新型公开了一种皮带输送机，包括竖梁（1）、滚轴（2）和输送带（3），滚轴（2）安装在竖梁（1）上，输送带（3）安装在滚轴（2）上，还包括三角形刮器（4），三角形刮器（4）活动安装在竖梁（1）上并且三角形刮器（4）承压在输送带（3）的内表面上，三角形刮器（4）的底边长度不小于输送带（3）的宽度，三角形刮器（4）由三角形骨架（41）和橡胶条（42）组成，橡胶条（42）固定在三角形骨架（41）的底部，橡胶片（42）与输送带（3）的内表面相接触。
84. 202973154 一种燃烧炉的补气增氧装置
CN
05.06.2013
F23L 5/02 Loading...
F23L 5/02
Loading...
201220541940.8
安徽省司尔特肥业股份有限公司
金国清
F23L 5/02
Loading...
本实用新型公开了一种燃烧炉的补气增氧装置，包括：燃烧炉；鼓风机，位于所述燃烧炉下方；补气管，一端与所述鼓风机的出风口连接，另一端与所述燃烧炉的进风口连接，且设置有阀门。本实用新型，所述燃烧炉的补气增氧装置，鼓风机通过补气管对燃烧炉内鼓风补气，确保燃烧室内有足够的氧气，并通过阀门控制，以便随时调节风量，控制炉温，从而实现既提高燃料的燃烧效率，使燃料充分燃烧，降低生产成本，减少环境污染，又能够随时调节供热量。
85. 202863481 一种手推搬运车
CN
10.04.2013
B62B 1/10 Loading...
B62B 1/10
Loading...
201220543276.0
安徽省司尔特肥业股份有限公司
金国清
B62B 1/10
Loading...
本实用新型公开了一种手推搬运车，包括：两根竖梁；两根横梁，一根位于所述两根竖梁之间的上部，另一根位于所述两根竖梁之间的底端；至少两根钢管，平行于所述竖梁，且两端分别固定在所述两根横梁上；车轴，位于所述两根竖梁下部的外侧，且通过支撑与所述两根竖梁连接，所述车轴两端安装有车轮。本实用新型的手推搬运车，结构简单、使用方便、经久赖用；不仅节省了人力，提高了搬运效率，而且停放不用时，由于前端挡板重量较重下压以及后面车轮的支撑作用，呈竖起状，不占用较大空间。
86. 202863482 一种用于桶装膏状复合肥料防结块剂的搬运装置
CN
10.04.2013
B62B 1/18 Loading...
B62B 1/18
Loading...
201220542330.X
安徽省司尔特肥业股份有限公司
金国清
B62B 1/18
Loading...
本实用新型公开了一种用于桶装膏状复合肥料防结块剂的搬运装置，用于搬运盛放膏状复合肥料防结块剂的铁桶，包括：两根竖梁，所述竖梁底端设有托板；横梁，连接在所述两根竖梁之间的上部，所述横梁中部套设有可旋转钢筒，所述可旋转钢筒上安装钢筋挂钩；至少一个挡板，连接在所述两根竖梁之间的下部；两根车轴，分别安装在所述两根竖梁的外侧下部；两个车轮，分别安装在所述两根车轴上。本实用新型的搬运装置构造简单、使用方便、坚固耐用；铁桶易于被搬运装置撬动装载，并且牢固固定在搬运装置上，搬运安全，且易于卸载，操作人员可轻松有效地实现装载、搬运和卸载全过程，节省了人力，提高了搬运效率。
87. 202845115 一种球磨机隔仓板支架固定螺栓护座
CN
03.04.2013
B02C 17/18 Loading...
B02C 17/18
Loading...
201220424971.5
安徽省司尔特肥业股份有限公司
金国清
B02C 17/18
Loading...
本实用新型公开一种球磨机隔仓板支架固定螺栓护座，安装于隔仓板支架内，包括：本体；凸台，位于所述本体远离筒体的一面；安装槽，位于所述凸台中央，所述安装槽深度大于固定螺栓尾部的厚度；及供所述螺栓杆穿过的通孔。本实用新型，通过在隔仓板支架上设置螺栓护座，螺栓尾部安装于隔仓板支架内，使螺栓尾部不会暴露于加工物料，消除了螺栓过早磨损，延长了隔仓板支架使用寿命。
88. 202845152 一种球磨机出料筛
CN
03.04.2013
B02C 23/10 Loading...
B02C 23/10
Loading...
201220425342.4
安徽省司尔特肥业股份有限公司
金国清
B02C 23/10
Loading...
本实用新型公开一种球磨机出料筛，包括：法兰，与球磨机出料端连接；筛体，成回转体状，表面开设至少4个开孔，所述筛体的上端与所述法兰连接；筛网，安装于所述开孔中。本实用新型，使用后矿浆细度提高至100目的85%，且筛网可局部更换，降低了维修的劳动强度，提高了维修效率，也为后段高萃取率提供了保障。
89. 202659485 一种三柱塞容积式料浆输送泵用填料函
CN
09.01.2013
F04B 53/02 Loading...
F04B 53/02
Loading...
201120562057.2
安徽省司尔特肥业股份有限公司
金国清
F04B 53/02
Loading...
本实用新型提出一种三柱塞容积式料浆输送泵用填料函，包括腔壳、螺接所述腔壳的螺母，所述腔壳内置与之配合的密封部，所述密封部一端顶住由所述腔壳端部内壁局部向内凸起形成的第二挡圈，另一端顶住定位环，所述定位环另一端顶住由所述螺母端部内壁局部向内凸起形成的第一挡圈，所述腔壳的内径为120mm，所述密封部的内径为107mm。本实用新型提供一种三柱塞容积式料浆输送泵用填料函，采用对三柱塞式往复泵扩容的方式实现有效克服密封件的过快磨损。
90. 202478980 一种拼接式粉碎机定鄂板
CN
10.10.2012
B02C 1/10 Loading...
B02C 1/10
Loading...
201120562014.4
安徽省司尔特肥业股份有限公司
金国清
B02C 1/10
Loading...
本实用新型提出一种拼接式粉碎机定鄂板，包括背板，在所述背板上可拆卸固定若干鄂板以拼接成配合所述粉碎机的定鄂板。本实用新型可使用更长的时间，具有更高的利用率。
91. 202356166 化肥生产用矿砂进料装置
CN
01.08.2012
B02C 19/00 Loading...
B02C 19/00
Loading...
201120411750.X
安徽省司尔特肥业股份有限公司
金国清
B02C 19/00
Loading...
本实用新型公开一种化肥生产用矿砂进料装置，其包括上料皮带、振动筛和出料皮带，所述上料皮带、振动筛和出料皮带依次布置，所述上料皮带与振动筛之间设置有破碎机。其通过在上料皮带和振动筛之间加装破碎机的设计，实现了矿砂筛分前先行破碎，提高了成品矿的合格率，并减少了粗矿砂的返料和二次加工过程，提高了生产效率并降低了生产费用。
92. 202361813 余热锅炉和焙烧炉一体排渣装置
CN
01.08.2012
F27D 3/15 Loading...
F27D 3/15
Loading...
201120410997.X
安徽省司尔特肥业股份有限公司
金国清
F27D 3/15
Loading...
本实用新型公开一种余热锅炉和焙烧炉一体排渣装置，其包括余热锅炉、焙烧炉下渣管和冷却滚筒，所述余热锅炉设置有下渣管a、下渣管b和下渣管c，所述下渣管a与焙烧炉下渣管连接，所述焙烧炉下渣管通过受料箱与冷却滚筒连接，所述下渣管b和下渣管c分别与冷却滚筒连接，并在连接处设置有受料箱；其实现了余热锅炉和焙烧炉共用一个冷却滚筒，便于检修及日常维护，并且降低了维修费用及能耗；通过余热锅炉设置三个下渣管，保证了余热锅炉中不同阶段反应所产生的渣料都能进入到冷却滚筒内，并通过与冷却滚筒的不同位置相连接，确保不同温度的渣料都能充分冷却；在受料箱内安装节流调节闸板，用以调节下渣量，保证渣料冷却充分。
93. 202361818 余热锅炉补气装置
CN
01.08.2012
F27D 17/00 Loading...
F27D 17/00
Loading...
201120410988.0
安徽省司尔特肥业股份有限公司
金国清
F27D 17/00
Loading...
本实用新型公开一种余热锅炉补气装置，其包括余热锅炉，所述余热锅炉上安装有氧表，所述余热锅炉内蒸发区前端空室处设置有补气管a，所述余热锅炉内高温过热器和第一蒸发室之间设置有补气管b。工作时，鼓风机通过补气管a和补气管b对余热锅炉内补气，并通过阀门控制，保证气体浓控制平稳，增加了余热锅炉气中含氧量，满足了氧表测得氧气值可以支持控制焙烧炉自行调节进行加减矿；同时，补气管b设置在余热锅炉高温过热器和第一蒸发室之间，也补充了余热锅炉二次燃烧所需氧量，降低了升华硫的产生，从而提高了制酸效率，降低了生产成本。
94. 102372292 利用富钾母液与磷石膏制取硫酸钾的工艺
CN
14.03.2012
C01D 5/00 Loading...
C01D 5/00
Loading...
201010258774.6
中国地质大学(北京)
马鸿文
C01D 5/00
Loading...
本发明公开了一种利用富钾母液与磷石膏制取农用硫酸钾的工艺。该工艺是以钾长石破碎、粉磨得原矿粉体，经烧结、水浸、脱硅、除钠后得到的碳酸钾为主要成份的富钾母液为原料液。将磷石膏渣球磨制得一定粒度的磷石膏粉体与原料液充分混合，在一定温度下进行复相反应。反应结束后反应浆液经过滤分离得到硫酸钾溶液和碳酸钙渣。硫酸钾溶液直接蒸发浓缩干燥后制得农用硫酸钾优等品，碳酸钙渣送至脱硅滤饼烧结工段作烧结配料综合利用。本发明的工艺设计合理，工艺流程简单，生产过程无“三废”排放，符合高效节能和“清洁生产”的环保要求。该方法以钾长石与磷石膏为原料，来源广泛，资源利用率高，环境友好，产品成本低，经济效益显著，便于实施推广。
95. 102336599 一种氨酸法生产高浓度复合肥工艺方法
CN
01.02.2012
C05G 1/00 Loading...
C05G 1/00
Loading...
201110170532.6
安徽省司尔特肥业股份有限公司
金国清
C05G 1/00
Loading...
本发明公开了一种氨酸法生产高浓度复合肥工艺方法，所述方法是一种以稀磷酸氨化、氯化铵替代部分磷酸一铵和部分尿素的高浓度复合肥生产工艺。所述生产工艺主要包括如下步骤：(1)向管式反应器按比例供入稀磷酸和氨，以生成磷酸一铵和磷酸二铵；(2)将管式反应器中生成的磷酸一铵和磷酸二铵及未反应的氨供入造粒机，与供入造粒机的尿素和氯化铵一起进行造粒，从而获得复合肥。所述工艺方法能够利用现有的硫基复合肥生产装置，生产氯基复合肥，这大大提高了现有生产线的利用率，拓宽了生产品种；用稀磷酸氨化、氯化铵替代部分磷酸一铵和部分尿素，可以生产20-15-10的高浓度复合肥，不仅降低了生产成本，还获得了高浓度的复合肥。
96. 202072641 花生专用缓释复合肥
CN
14.12.2011
C05G 3/00 Loading...
C05G 3/00
Loading...
201120068706.3
安徽省司尔特肥业股份有限公司
金国清
C05G 3/00
Loading...
本实用新型公开了一种花生专用缓释复合肥，包括颗粒肥(1)，在颗粒肥(1)外依次包裹缓释氮素层(2)和有机膜层(3)。在本实用新型中，通过在颗粒肥外依次包裹缓释氮素层和有机膜层，满足了花生在不同时期的需肥要求，符合花生的土壤特性和需肥规律，其合理配方比例有效避免了花生单果仁、秕果、空果等现象的发生，提高了花生的品质和产量。
97. 202072642 桉树专用缓释复合肥
CN
14.12.2011
C05G 3/00 Loading...
C05G 3/00
Loading...
201120068708.2
安徽省司尔特肥业股份有限公司
金国清
C05G 3/00
Loading...
本实用新型公开了一种桉树专用缓释复合肥，在颗粒肥(1)外依次包裹无机包膜层(2)和有机包膜层(3)。在本实用新型中，通过在颗粒肥外包裹有无机包膜层和有机包膜层，满足了桉树生长所需的微量元素供给，符合桉树的土壤特性和需肥规律，解决了现有技术中桉树的多元素缺乏症和/或抗病力差的技术问题，提高了桉树的品质和产量。
98. 202072643 香蕉专用缓释复合肥
CN
14.12.2011
C05G 3/00 Loading...
C05G 3/00
Loading...
201120068726.0
安徽省司尔特肥业股份有限公司
金国清
C05G 3/00
Loading...
本实用新型公开了一种香蕉专用缓释复合肥，包括颗粒肥(1)，在颗粒肥(1)外依次包裹有机无机包膜层(2)和有机包膜层(3)。在本实用新型中，通过在颗粒肥外包裹有机无机包膜层和有机包膜层，满足了香蕉生长所需的微量元素供给，符合香蕉的土壤特性和需肥规律，提高了植株的抗病性，有利于增加果穗的梳数、果数和果指长，从而提高了香蕉的品质和产量。
99. 201678604 小麦专用复合颗粒缓释肥
CN
22.12.2010
C05G 3/00 Loading...
C05G 3/00
Loading...
201020177900.0
安徽省司尔特肥业股份有限公司
金国清
C05G 3/00
Loading...
本实用新型公开了一种小麦专用复合颗粒缓释肥，每个缓释肥颗粒从内到外由颗粒肥料层、缓释氮素层、高分子有机化合物包膜层三层结构复合而成，这种新型的结构使得该肥料中不但含有小麦生长所必需的多种高效养分，而且能够将之缓慢持久地释放出来，从而满足小麦整个生长过程的养分需求，并且能够增强小麦抗病虫害的能力，以及提高麦粒的含量。
100. 201680695 用于硫酸原料干燥机的抄板安装结构
CN
22.12.2010
F26B 25/04 Loading...
F26B 25/04
Loading...
201020177876.0
安徽省司尔特肥业股份有限公司
金国清
F26B 25/04
Loading...
本实用新型公开了一种用于硫酸原料干燥机的抄板安装结构，包括包括筋板和抄板，其特征在于，筋板和抄板之间还设置有托板，筋板与托板焊接在一起，并且二者均焊接于干燥机的筒体上，而抄板与托板通过螺栓固定连接。本实用新型的用于硫酸原料干燥机的抄板安装结构，仅需割除固定抄板与托板的螺栓即可完成抄板的更换，而完全不会对干燥机筒体产生任何影响，省时省力又节约材料。
101. 201676672 造粒机喷浆转鼓的改进结构
CN
22.12.2010
B01J 2/12 Loading...
B01J 2/12
Loading...
201020177877.5
安徽省司尔特肥业股份有限公司
金国清
B01J 2/12
Loading...
本实用新型公开了一种造粒机喷浆转鼓的改进结构，包括筒体和挡板，挡板内沿环向焊接有多组钢管，每组钢管由多根沿径向呈阶梯状排列且间隔一定空隙的钢管组成。用本实用新型的造粒机喷浆转鼓的改进结构进行造粒，保证了造粒区不会形成大球，小球的成型率高且外观均匀规则，易于进入抛光区进行抛光过程，从而使造粒的产量和质量均大幅提高。
102. 201678607 竹笋专用复合颗粒缓释肥
CN
22.12.2010
C05G 5/00 Loading...
C05G 5/00
Loading...
201020177886.4
安徽省司尔特肥业股份有限公司
金国清
C05G 5/00
Loading...
本实用新型公开了一种竹笋专用复合颗粒缓释肥，每个缓释肥颗粒从内到外由颗粒肥料层、无机包膜层、有机包膜层三层结构复合而成，这种新型的结构使得该肥料中不但含有氮、磷、钾、钙、硅、锰、硼、锌等竹笋生长所必需的大中量元素，而且能够将这些营养元素缓慢持久地释放出来，具有省工、省时、环保、高效等优点。
103. 201678603 烟草专用复合颗粒缓释肥
CN
22.12.2010
C05G 3/00 Loading...
C05G 3/00
Loading...
201020177889.8
安徽省司尔特肥业股份有限公司
金国清
C05G 3/00
Loading...
本实用新型公开了一种烟草专用复合颗粒缓释肥，每个缓释肥颗粒从内到外由颗粒肥料层、缓释硝铵层、高分子有机化合物包膜层三层结构复合而成，这种新型的结构使得该肥料中不但含有氮、磷、钾、钙、镁、硫、铁、锰、锌等烟草生长所必需的多种元素，而且能够将这些营养元素缓慢持久地释放出来，具有省工、省时、高效、环保等优点。
104. 201678608 大豆专用复合颗粒缓释肥
CN
22.12.2010
C05G 5/00 Loading...
C05G 5/00
Loading...
201020177905.3
安徽省司尔特肥业股份有限公司
金国清
C05G 5/00
Loading...
本实用新型公开了一种大豆专用复合颗粒缓释肥，每个缓释肥颗粒从内到外由特效养分颗粒肥料层、络合物缓释氮素层、高分子有机化合物包膜层三层结构复合而成，这种新型的结构使得该肥料中不但含有大豆生长所必需的多种高效养分，而且能够将之缓慢持久地释放出来，从而满足大豆整个生长过程的养分需求，并能提高大豆在重迎茬过程中的抗病虫害能力。
105. 201678605 茶树专用复合颗粒缓释肥
CN
22.12.2010
C05G 3/00 Loading...
C05G 3/00
Loading...
201020177913.8
安徽省司尔特肥业股份有限公司
金国清
C05G 3/00
Loading...
本实用新型公开了一种茶树专用复合颗粒缓释肥，每个缓释肥颗粒从内到外由颗粒肥料层、硫磺包膜缓释层、防结剂包膜缓释层三层结构复合而成，这种新型的结构使得该肥料中不但含有氮、磷、钾等茶树生长所必需的大量元素及多种中微量元素，而且能够将这些营养元素缓慢持久地释放出来，具有省工、省时、环保等优点。
106. 201292321 一种棉花专用配方缓释肥
CN
19.08.2009
C05G 5/00 Loading...
C05G 5/00
Loading...
200820040284.7
安徽省司尔特肥业股份有限公司
金国清
C05G 5/00
Loading...
本实用新型公开了一种棉花专用配方缓释肥，其特征在于：肥料为颗粒状，由内核、中间层、表层组成，所述中间层包裹在内核表面，所述表层包裹在中间层表面。本实用新型能及时供给棉花均匀养分，中间所喷涂的缓释尿素层可调节氮素养分比例，产品养分有效释放期延长且不易吸潮，棉花整个生育期施肥由施3－4次常规肥料，改为施本产品1次做基肥，中后期酌情补施少量常规速效氮肥1次。
107. 1948234 High nitrogen sulfur base nitrogen phosphorus potassium slow release composite fertilizer and its production method
CN
18.04.2007
C05G 1/00 Loading...
C05G 1/00
Loading...
200610037736.1
Ningguo Sirte Fertilizer Co., Ltd., Anhui Prov.
Jin Guoqing
C05G 1/00
Loading...
The present invention relates to a new-type high-nitrogen thioyl nitrogen-phosphorus-potassium slowly-released complex fertilizer and its production method. It is characterized by that it includes a base body of thioyl nitrogen-phosphorus-potassium complex fertilizer made up by using concentrated sulfuric acid, dilute phosphoric acid, potassium nitride and liquid ammonia, in said base body the urea-formaldehyde is contained, the external surface of said thioyl nitrogen-phosphorus-potassium complex fertilizer is covered with a layer of urea layer, and the urea layer exterior is covered with a layer of complex fertilizer anticaking agent.

