1. 205867848 一种气体净化装置
CN
11.01.2017
B01D 47/02 Loading...
B01D 47/02
Loading...
202016000427320
安徽佳先功能助剂股份有限公司
魏长亭
B01D 47/02
Loading...
本实用新型涉及一种气体净化装置，包括上侧敞口的沉淀池（1），在沉淀池（1）内装有用于净化废气的净化水（6），在沉淀池（1）内通过支架（2）连接第一气罩（3），第一气罩（3）的底部为敞口结构，在第一气罩（3）的上侧通过进气管（4）连接污泥烘干机，在第一气罩（3）的侧壁上均布一组第一开口槽（5），第一开口槽（5）的开口方向朝着第一气罩（3）的敞口方向设置，第一开口槽（5）设置在净化水（6）的水面以下。本实用新型的优点：本装置制作简单，安装和操作方便，造价低廉，能够有效净化气体中的溶水颗粒物，安装在污水处理的沉淀池上，沉淀物和污水处理的沉淀物一起排出，不需要增加其它水槽或水池，减少能量消耗。
2. 205084712 一种化工用品处理设备上的废气循环装置
CN
16.03.2016
B01J 4/00 Loading...
B01J 4/00
Loading...
201520796584.8
安徽佳先功能助剂股份有限公司
陈新华
B01J 4/00
Loading...
一种化工用品处理设备上的废气循环装置，涉及化工产品加工设备改造技术领域，其特征在于：包括底座，所述底座上安装有处理桶，所述处理桶上设有一个进气口和一个出气口，所述进气口和出气口之间连接一个循环管，所述循环管上设有一个分流管，所述分流管上设有抽气器，所述进气口上设有一个过滤器。本实用新型结构合理、使用方便、循环便捷。
3. 205084857 一种化工产品粉碎设备出口上的筛选装置
CN
16.03.2016
B02C 23/12 Loading...
B02C 23/12
Loading...
201520796598.X
安徽佳先功能助剂股份有限公司
童庆军
B02C 23/12
Loading...
一种化工产品粉碎设备出口上的筛选装置，涉及化工产品加工设备改造技术领域，包括支架，所述支架上设有粉碎器，所述粉碎器一端设有进料口，另一端设有出料口，所述支架上设有电机，其特征在于：所述出料口一侧设有筛选器，筛选器设有两层，一层旁连接回收盒，二层旁连接送料管，二层下方设有收集管，所述筛选器外侧设有震动棒，所述筛选器的一层和二层旁均设有电控开合门，震动棒与电动开合门均连接电机。本实用新型结构合理、使用方便、筛选便捷。
4. 205084700 一种化工产品搅拌设备上的感应装置
CN
16.03.2016
B01F 15/04 Loading...
B01F 15/04
Loading...
201520796596.0
安徽佳先功能助剂股份有限公司
李平
B01F 15/04
Loading...
一种化工产品搅拌设备上的感应装置，涉及化工产品加工设备改造技术领域，包括支架，支架上设有搅拌桶，搅拌桶旁连接有控制台，其特征在于：所述搅拌桶上设有搅拌辊，所述搅拌桶底部设有大感应器，搅拌桶内设有小感应器，所述搅拌桶外设有报警器，所述控制台连接大感应器、小感应器、报警器、搅拌辊。本实用新型结构合理、感应便捷、安装方便。
5. 205084441 一种化工用品降温设备上的水汽回收装置
CN
16.03.2016
B01D 5/00 Loading...
B01D 5/00
Loading...
201520796582.9
安徽佳先功能助剂股份有限公司
童庆军
B01D 5/00
Loading...
一种化工用品降温设备上的水汽回收装置，涉及化工产品加工设备改造技术领域，其特征在于：包括底座，所述底座上设有降温箱，所述降温箱内设有放置台，放置台上方设有回流板，所述回流板上设有通孔，降温箱顶部设有放气口，所述回流板下端设有存放板，回流板一旁设有出水口。本实用新型结构合理、收集方便、使用便捷。
6. 205076298 一种化工用品接受罐上的分层堆放装置
CN
09.03.2016
B65D 90/02 Loading...
B65D 90/02
Loading...
201520796565.5
安徽佳先功能助剂股份有限公司
李平
B65D 90/02
Loading...
一种化工用品接受罐上的分层堆放装置，涉及化工设备改造技术领域，包括底座，所述底座上设有罐体，其特征在于：罐体一侧设有控制台，所述罐体内设有隔离板，隔离板通过连接轴连接罐体，所述隔离板上设有震动棒。本实用新型结构合理、使用方便、操作简单。
7. 204996399 一种二苯甲酰甲烷的混合输送设备
CN
27.01.2016
B01F 15/02 Loading...
B01F 15/02
Loading...
201520677107.X
安徽佳先功能助剂股份有限公司
李兑
B01F 15/02
Loading...
一种二苯甲酰甲烷的混合输送设备，涉及化工产品加工设备改造技术领域，其特征在于：包括支架，所述支架上方设有储存桶，所述储存桶下方连接有输送管，输送管上设有调节板，所述输送管上连接有混合管，所述混合管内加热器和降温器。本实用新型结构合理、使用方便、混合简单。
8. 204999078 一种融雪剂存放设备上的检测装置
CN
27.01.2016
B65D 88/74 Loading...
B65D 88/74
Loading...
201520677106.5
安徽佳先功能助剂股份有限公司
李兑
B65D 88/74
Loading...
一种融雪剂存放设备上的检测装置，涉及化工产品加工设备改造技术领域，包括支架，支架一侧设有控制台，其特征在于：所述支架上设有储存桶，所述储存桶内设有一个放置板，放置板上设有一个检测器，所述储存桶内底部设有一个小感应器，储存桶内顶部设有一个大感应器，所述放置板上方设有一个冷凝器。本实用新型结构合理、使用方便、检测方便。
9. 204996228 一种融雪剂过水设备上的水流过滤装置
CN
27.01.2016
B01D 35/02 Loading...
B01D 35/02
Loading...
201520681845.1
安徽佳先功能助剂股份有限公司
李兑
B01D 35/02
Loading...
一种融雪剂过水设备上的水流过滤装置，涉及化工产品加工设备改造技术领域，其特征在于：包括支架，所述支架上设有放置桶，所述放置桶上端设有一个封盖，封盖上设有喷头，喷头上端连接送水管，所述放置桶内下端设有一个放置板，所述放置板的下侧和封盖的下侧各设有一个过滤网，所述放置板旁设有烘干器。本实用新型结构合理、清洁方便、水流过滤快捷。
10. 205001750 一种液体输送设备上的减压装置
CN
27.01.2016
F16L 55/00 Loading...
F16L 55/00
Loading...
201520681820.1
安徽佳先功能助剂股份有限公司
李兑
F16L 55/00
Loading...
一种液体输送设备上的减压装置，涉及化工产品加工设备改造技术领域，其特征在于：包括输送管，所述输送管上设有送水泵，所述输送管一端放置有抽气管，抽气管上设有抽气泵，所述抽气管一侧设有送水管，所述抽气管与输送管之间设有小筛网，所述送水管与输送管之间设有大筛网。本实用新型结构合理、操作方便、减压快捷。
11. 204979772 一种融雪剂储存设备上的气体流通装置
CN
20.01.2016
B65D 81/26 Loading...
B65D 81/26
Loading...
201520681885.6
安徽佳先功能助剂股份有限公司
李兑
B65D 81/26
Loading...
一种融雪剂储存设备上的气体流通装置，涉及化工产品加工设备改造技术领域，其特征在于：包括支架，所述支架上放置有储存桶，储存桶上设有透气管，所述储存桶外侧放置有震动棒，所述透气管穿过储存桶，所述透气管一侧连接有送气机，另一侧连接有抽气机。本实用新型结构合理、储存方便、气体流通便捷。
12. 105036439 一种碱洗工序废水综合回收利用的方法
CN
11.11.2015
C02F 9/10 Loading...
C02F 9/10
Loading...
201510430858.6
安徽佳先功能助剂股份有限公司
魏长亭
C02F 9/10
Loading...
本发明公开一种碱洗工序废水综合回收利用的方法，（1）将废碱水泵入中和釜，用盐酸中和，将pH值调节到4~1之间，生成苯甲酸的悬浊液，通冷却水冷却至常温，将悬浊液泵入板框压滤机，压滤后的滤饼即苯甲酸用于生产苯甲酸甲酯；（2）将步骤（1）中压滤后的滤液收入滤液收集槽，加入片碱中和，调pH值至9~10，然后泵入蒸发器进行真空浓缩，待体积浓缩至原体积的1/5~1/10时，停止加热，冷却至常温，将釜底残液放入过滤槽进行真空抽滤，得滤饼即氯化钠回收作为工业盐，含苯甲酸钠的滤液，收入碱水槽进入下一循环；本发明有效减少废水中的含盐量和COD含量，利于污水达标排放。
13. 104803848 Method for producing methyl benzoate using benzoic acid containing sodium chloride as raw materials
CN
29.07.2015
C07C 67/08 Loading...
C07C 67/08
Loading...
201510194715.X
安徽佳先功能助剂股份有限公司
李兑
C07C 67/08
Loading...
The invention discloses a method for producing methyl benzoate by using a benzoic acid containing sodium chloride as raw materials. The method comprises the following steps: mixing side products of the benzoic acid containing sodium chloride and excessive methanol in an esterifying kettle, at the same time, adding an organic catalyst and an inorganic catalyst to the esterifying kettle, performing warming and stirring at the same time, when the temperature is raised to 100 DEG C, performing heat preservation and continuously dropwise adding methanol for 4 hours, and maintaining the methanol in an excessive reaction state; after stopping dropwise adding, firstly, distilling off the methanol, then distilling off the methyl benzoate, and performing caustic washing, water washing, and dehydrating so as to obtain the finished methyl benzoate. The method disclosed by the invention adopts the jointed effects of the organic catalyst and the inorganic catalyst, and the usage amount of the organic catalyst only accounts for 5-10% of the usage amount of a single catalyst in the prior art, so that the production cost is substantially reduced; raffinate in the bottom of the kettle is recycled, and the yield of the methyl benzoate is further increased without generating hazardous wastes, so that the expense for handling the hazardous wastes is reduced.
14. 203997309 一种用于搬运散装物料和快速卸料的吊袋
CN
10.12.2014
B65D 30/10 Loading...
B65D 30/10
Loading...
201420378018.0
安徽佳先功能助剂股份有限公司
魏长亭
B65D 30/10
Loading...
本实用新型公开一种用于搬运散装物料和快速卸料的吊袋，包括托起部以及对称地连接在托起部至少一对相对边、用于悬挂的吊带，所述托起部呈顶部开口的筒状或盒状，托起部的底面设有卸料口，卸料口外设有能够遮盖卸料口的封口片，封口片的一条侧边与托起部底面相固定，使封口片能够沿固定边翻转；与封口片固定边相对的一条侧边设有用于悬挂的辅吊带；设置呈筒状或盒状的托起部对散装物料进行搬运，物料不会洒落；放下辅吊带，使封口片翻转，物料经卸料口卸出，方便快捷，极大地提高了工作效率。
15. 203998941 生产二苯甲酰甲烷过程中副产物氯化钠的净化装置
CN
10.12.2014
C01B 3/06 Loading...
C01B 3/06
Loading...
201420398548.1
安徽佳先功能助剂股份有限公司
魏长亭
C01B 3/06
Loading...
本实用新型涉及生产二苯甲酰甲烷过程中副产物氯化钠的净化装置，其特征在于：包括中和地槽（1），中和地槽内设有一个潜水泵（2），中和地槽还通过管道（5）分别连接空压机（3）、真空罐（6）、浮选机（4）和沉淀滤盐槽（7），真空罐连接真空机（8），潜水泵通过管道连接浮选机，浮选机还通过管道与对应的沉淀滤盐槽连接，沉淀滤盐槽还通过管道与所述真空机连接。本实用新型的优点：本装置结构简单，操作运转稳定，设备利用效率高，能耗低，且本装置中的饱和盐水和回收的有机相均可循环利用，降低了原料的消耗，且无污水外排，较环保。
16. 203635026 一种有机废气的回收装置
CN
11.06.2014
B01D 53/02 Loading...
B01D 53/02
Loading...
201320653456.9
安徽佳先功能助剂股份有限公司
李兑
B01D 53/02
Loading...
本实用新型公开一种有机废气的回收装置，通过管道依次连接有集气罩、废气过滤器、引风机，所述引风机的出风口通过管道与吸附罐相连，吸附罐的底部通过管道依次接有冷凝器、分水槽和有机溶剂槽，吸附罐的顶部接蒸汽管道，所述吸附罐的底部通过管道还连有干燥风机，干燥风机的前端接有空气过滤器，所述吸附罐的内壁和有机废气进入吸附罐之前的管道内壁均覆设特氟龙涂层。有益效果：一是回收有机废气中的有机溶剂再利用，节约生产成本；二是经过处理后的废气排放不会对大气环境造成污染。
17. 102898294 一种乙酰丙酮钙的制备方法
CN
30.01.2013
C07C 49/92 Loading...
C07C 49/92
Loading...
201210332407.5
安徽佳先功能助剂股份有限公司
李兑
C07C 49/92
Loading...
本发明公开一种乙酰丙酮钙的制备方法，包括以下基本步骤：（1）氯化钙水溶液和氢氧化钠水溶液完全反应，反应产物抽滤后的氢氧化钙沉淀留下备用；（2）甲醇中加入过量2%～5%的乙酰丙酮，然后加入上述氢氧化钙回流反应，反应结束后抽滤反应产物，并用甲醇洗涤滤饼，洗涤后的滤饼在90℃下干燥后得到产品乙酰丙酮钙；本发明选用甲醇做分散剂，体系为两相反应，新制备的氢氧化钙由于水的包覆，很容易分散在甲醇中，反应物接触充分，收率较高，产物色泽好。反应后的甲醇经过简单处理，可以循环使用，成本低且工艺简单。
18. 102898303 一种从硬脂酰苯甲酰甲烷残液中提取硬脂酸甲酯的方法
CN
30.01.2013
C07C 69/24 Loading...
C07C 69/24
Loading...
201210332441.2
安徽佳先功能助剂股份有限公司
李兑
C07C 69/24
Loading...
本发明公开一种从硬脂酰苯甲酰甲烷残液中提取硬脂酸甲酯的方法，硬脂酰苯甲酰甲烷残液与甲醇按体积比1：（2～6）混合后边搅拌边加热升温至50～56℃,保持20分钟，以确保充分萃取，然后搅拌下降温至33℃～36℃，静置分层，分离去掉下层，上层继续降温至10℃，真空抽滤，滤饼加热融化后加入2倍体积的甲醇重复上述萃取、分层、分离和真空抽滤过程，滤饼水洗2～3遍后再加热至100℃除去水，得到硬脂酸甲酯。本发明采取萃取结晶的方法从SBM残液中提取硬脂酸甲酯，提取过程中两次得到的甲醇经蒸馏后可重复使用，分离出的下层可作为残液重复利用，具有能耗小、成本低的优点。
19. 102351690 硬脂酸甲酯的制备方法
CN
15.02.2012
C07C 69/24 Loading...
C07C 69/24
Loading...
201110265257.6
安徽佳先功能助剂股份有限公司
黄先胜
C07C 69/24
Loading...
硬脂酸甲酯的制备方法，将硬脂酸和甲醇按摩尔比1∶（1.2-1.4）的比例投入反应釜，加入硬脂酸质量1.2%的对甲苯磺酸作为催化剂，升温至95℃-110℃后，将甲醇通过滴夜漏斗从反应釜底部不断加入；反应温度控制在95℃-110℃，保持甲醇进出平衡，反应2.5-3.5小时；反应结束后，降温至44℃-46℃，用碳酸氢钠水溶液洗涤，再水洗至中性，然后负压蒸去水分，得到硬脂酸甲酯。本发明所具有的积极效果是：（1）甲醇用量少，环境污染小；（2）反应釜反应蒸出的水和甲醇直接通过接收釜上的精馏塔分离后继续使用，减少了常规方法水和甲醇分离需二次蒸馏环节，降低了能耗；（3）从反应釜底部不断加入甲醇，使甲醇在蒸发的过程中与体系充分接触，提高反应效率；（4）此方法可以在较高的温度下反应，大大缩短了反应时间，提高产率。
20. 102285874 Method for crystallizing dibenzoyl methane
CN
21.12.2011
C07C 49/784 Loading...
C07C 49/784
Loading...
201110265263.1
Anhui Jiaxian Functional Auxiliary Co., Ltd.
Huang Xiansheng
C07C 49/784
Loading...
The invention discloses a method for crystallizing dibenzoyl methane. The method is characterized by comprising the following steps of: dissolving a solid dibenzoyl methane rough product which is obtained through condensation reaction, acidification and concentration in mixed solution of dimethyl benzene and methanol for crystallization; and filtering out a crystallization product and drying to obtain a dibenzoyl methane product, wherein the distillate, namely the methanol and dimethyl benzene mixed solution, collected in the condensation reaction is used as the mixed solution of the dimethyl benzene and the methanol; and the mass ratio of the dimethyl benzene is 20-30 percent. In the invention, the methanol and dimethyl benzene mixed solution is used as a crystallization solvent; and the product has a good color and high yield. The distillate, namely the methanol and dimethyl benzene mixed solution, of the condensation reaction is directly used as the crystallization solvent, so that the overall process is more rational, the separation and recovery process of the methanol and the dimethyl benzene is reduced, the methanol, serving as a byproduct, is effectively utilized, and the production cost is reduced.
21. 201823614 一种化工用旋流分离器
CN
11.05.2011
B04C 5/081 Loading...
B04C 5/081
Loading...
201020552873.0
安徽佳先功能助剂股份有限公司
梁其传
B04C 5/081
Loading...
本实用新型涉及一种化工用旋流分离器，分离器本体内设有过滤筒，过滤筒后连通有过滤锥筒；过滤筒长度为45mm，过滤锥筒锥角设置为10°。通过这种过滤筒和过滤锥筒尺寸之间的配合，将分离器内的压降降到最低值，增大旋流器的分离空间，提高流体在旋流器内的停留时间，从而有效的提高了分离效率，并使化工生产过程中整体效率提高。
22. 201828492 一种反应釜的黏度监测装置
CN
11.05.2011
G01N 11/00 Loading...
G01N 11/00
Loading...
201020552861.8
安徽佳先功能助剂股份有限公司
梁其传
G01N 11/00
Loading...
本实用新型一种反应釜的黏度监测装置，在釜体的侧壁上设有自动黏度测试仪，自动测试仪的探头位于釜内，自动黏度测试仪的信号输出端与监控电脑的信号输入端连接。在釜内原料搅拌时，探头时时检测釜内原料的黏度值，并将检测到的黏度值数据发送到监控电脑上，再根据黏度值做出是否停止搅拌或继续搅拌的指令。本实用新型能时时监测釜内原料的黏度，所得到的黏度数据准确。
23. 201827153 一种可保持化工流体原料温度的输送泵
CN
11.05.2011
F04D 29/58 Loading...
F04D 29/58
Loading...
201020552883.4
安徽佳先功能助剂股份有限公司
梁其传
F04D 29/58
Loading...
本实用新型涉及一种可保持化工流体原料温度的输送泵，包括滑动轴承体，滑动轴承体外设有密封的保温层。本实用新型提供了一种不会造成流体化工原料结晶的现象发生，能保证泵正常运转的化工流体原料输送泵。
24. 201823526 一种反应釜的夹套
CN
11.05.2011
B01J 19/18 Loading...
B01J 19/18
Loading...
201020552920.1
安徽佳先功能助剂股份有限公司
梁其传
B01J 19/18
Loading...
本实用新型一种反应釜的夹套，釜体本体内设有搅拌器，釜体本体外壁上设有夹套，夹套内设有螺旋导流板。夹套内设置的螺旋导流板，可使热媒在夹套中的流速较以往有较大提高，夹套内的膜系数也提高了有3～5倍，使总传热系数提高30％～60％，使得传热的效果达到更佳的状态；这样在同等能耗下保证了釜内化学反应得以顺利进行。
25. 201828182 一种冷凝器的平板管
CN
11.05.2011
F28F 9/013 Loading...
F28F 9/013
Loading...
201020552930.5
安徽佳先功能助剂股份有限公司
梁其传
F28F 9/013
Loading...
本实用新型涉及一种冷凝器的平板管，管板与筒体连接，管板周边带有钣边；管板与筒体连接的端部周边也带有钣边。本实用新型在平板管受力时，除了通过薄管板自身的变形协调，还能通过管板的钣边圆弧变形，使得平板管能更有效的吸收来自外界的热应力。
26. 201823525 一种反应釜的传热装置
CN
11.05.2011
B01J 19/18 Loading...
B01J 19/18
Loading...
201020552902.3
安徽佳先功能助剂股份有限公司
梁其传
B01J 19/18
Loading...
本实用新型涉及一种反应釜的传热装置，釜体本体内设有搅拌器，搅拌器与釜体本体内壁之间设有热媒介质流动的管路；管路为双列盘管。本实用新型在釜内设置了双列盘管，大大增加了单位面积内的传热面积，在不耗费额外能源的前提下，使得传热的效果达到更佳的状态。这样在同等能耗下保证了釜内化学反应得以顺利进行。
27. 201827115 一种化工流体原料输送泵
CN
11.05.2011
F04D 29/04 Loading...
F04D 29/04
Loading...
201020552893.8
安徽佳先功能助剂股份有限公司
梁其传
F04D 29/04
Loading...
本实用新型涉及一种化工流体原料输送泵，包括滑动轴承体和位于滑动轴承体下方的轴衬，所述的轴衬位于滑动轴承体下方的轴承体内；轴衬的材质为浸渍金属石墨。本实用新型提供了一种不会造成轴衬腐蚀，可长期保证运转正常的化工流体原料输送泵。
28. 201803580 一种脉冲气流干燥机
CN
20.04.2011
F26B 17/10 Loading...
F26B 17/10
Loading...
201020542828.7
安徽佳先功能助剂股份有限公司
黄先胜
F26B 17/10
Loading...
本实用新型公开一种脉冲气流干燥机，依次由空气过滤器，蒸汽散热器，螺旋加料器，脉冲气流干燥管，旋风分离器，集料仓，星型御料器，脉冲布袋除尘器和引风机通过管道连接组合而成，所述螺旋加料器内壁和脉冲气流干燥管内壁均覆特氟龙涂层，由于特氟龙涂层具有耐热性、化学惰性和低摩擦性，选择特氟龙作为不锈钢螺旋加料器和脉冲气流干燥管内壁的喷涂材料，当硬脂酰苯甲酰甲烷物料通过喷有特氟龙涂层的螺旋加料器、脉冲气流干燥管时，物料性质、颜色均未发生改变，脉冲气流干燥机的干燥效果也未受影响，从而使物料的产品质量得到显著提高。
29. 101955157 Recycling method of industrial waste hydrochloric acid containing NaCl
CN
26.01.2011
C01B 7/07 Loading...
C01B 7/07
Loading...
201010270186.4
Anhui Jiaxian Functional Auxiliary Co.,Ltd.
Huang Xiansheng
C01B 7/07
Loading...
The invention provides a method for recycling low concentration industrial waste hydrochloric acid generated during acidization, wherein the waste hydrochloric acid contains a great amount of NaCl. The method comprises the following steps: pouring waste hydrochloric acid containing NaCl into a primary distilling still to carry out primary distillation to desalt, thus obtaining diluted hydrochloric acid containing no NaCl, wherein the acid content of the waste hydrochloric acid is 11-14% by mass; pouring the diluted hydrochloric acid into a secondary distillation still, adding CaCl2.2H2O to carry out secondary distillation, and using the diluted hydrochloric acid obtained from the primary distillation to absorb endvolatiles obtained from secondary distillation, thus obtaining concentrated hydrochloric acid the concentration of which is 25-30%. The hydrochloric acid can be used as acidified hydrochloric acid. The method has the positive effects of low investment and simple operation, and can utilize waste materials and save production cost; the diluted hydrochloric acid obtained from the primary distillation is used to absorb the concentrated acid obtained from secondary distillation, thus reducing the recovery cost and improving the recovery efficiency; and the concentration of obtained hydrochloric acid is 25-30%, thus the obtained hydrochloric acid can be used as acidified hydrochloric acid.
30. 101948387 Preparation technology of methyl benzoate
CN
19.01.2011
C07C 69/78 Loading...
C07C 69/78
Loading...
201010270193.4
Anhui Jiaxian Functional Auxiliary Co., Ltd.
Huang Xiansheng
C07C 69/78
Loading...
The invention discloses a preparation method of methyl benzoate. The method comprises the following steps: pouring benzoic acid and methanol in a reaction tank according to a molar ratio of 1:(1.4-1.6), adding p-toluenesulfonic acid as catalyst which accounts for 15wt% of benzoic acid, stirring and heating, reacting 2-3 hours while controlling the reaction temperature to 95-105 DEG C, then reducing the temperature to 75-90 DEG C, continuously reacting for 1-2 hours; after the reaction, firstly vaporizing residual methanol in the reaction liquid at the atmospheric pressure, secondly vaporizing methyl benzoate at the negative pressure; introducing the mixture of water and methanol which are generated in the reaction tank to a receiving tank connected with the reaction tank, heating the receiving tank to control the solution of the tank in a gentle boiling state, introducing the mixture of water and methanol vapor in a rectification tower connected with the receiving tank to separate while controlling the reflux ratio R to be 1-4 and maintaining the overhead temperature of the rectification tower to be 65 DEG C, and condensing the rectified methanol with a condenser and sending the methanol back to the reaction tank to continuously react. The invention has the advantages that the dosage of methanol is low, the environment pollution is less, the reaction time is short, the yield is high and the catalyst can be reused.
31. 101565364 Synthetic method of Beta-diketone metal salt
CN
28.10.2009
C07C 49/92 Loading...
C07C 49/92
Loading...
200910039892.5
Guangdong University of Technology
Wu Maoying
C07C 49/92
Loading...
The invention discloses a synthetic method of Beta-diketone metal salt, which comprises the following steps: firstly, Beta-diketone, water soluble metal salt and alkali according to stoichiometric proportion are mixed with water as a reaction medium at the temperature of being lower than the melting point of the Beta-diketone and stirred; the temperature is adjusted for reaction; and the obtained product after the reaction is finished is filtered, washed, dehydrated and dried to obtain a Beta-diketone metal salt product. The invention realizes that water is taken as the reaction medium to synthesize the Beta-diketone metal salt; and compared with the prior art in which an organic solvent is taken as a reaction medium or acid aerial fog escapes in spite of no reaction medium, the operation is greatly simplified, the production ratio, the production efficiency, the environment protection property and the security are remarkably improved, and the production cost is reduced correspondingly.

