1. 105130972 苯甲酸恩曲他滨盐、其制备方法以及用苯甲酸恩曲他滨盐制备恩曲他滨的方法
CN
09.12.2015
C07D 411/04 Loading...
C07D 411/04
Loading...
201510470080.1
山东潍坊制药厂有限公司
王素梅
C07D 411/04
Loading...
本发明公开了苯甲酸恩曲他滨盐、其制备方法以及用苯甲酸恩曲他滨盐制备恩曲他滨的方法，属于生物化学领域。苯甲酸恩典他滨盐为新化合物，未见文献报到，在产品目录中也未见记载。由苯甲酸与存在于水相或有机相中的恩曲他滨结合，即得苯甲酸恩典他滨盐；苯甲酸与水相或有机相中恩典他滨结合时，苯甲酸恩典他滨盐易于由反应体系中分离。向苯甲酸恩曲他滨盐的水相或有机相反应体系中，加入有机碱和/或无机碱，苯甲酸恩曲他滨盐解离得到恩曲他滨；采用苯甲酸恩典他滨盐制备恩典他滨，反应完毕后，恩典他滨与反应体系容易分离，所得恩典他滨纯度大于99%，收率一般在80%以上。
2. 104856997 一种哌拉西林钠他唑巴坦钠特种超细粉体制剂及其制备方法
CN
26.08.2015
A61K 31/496 Loading...
A61K 31/496
Loading...
201410059735.1
杭州长典医药科技有限公司
傅苗青
A61K 31/496
Loading...
本发明公开了一种哌拉西林钠他唑巴坦钠的特种超细粉体冻干制剂及其制备方法，包括如下步骤：首先将哌拉西林钠和他唑巴坦钠粗品分别分别溶于水，分别经凝胶柱层析，用烷基醇水溶液作为洗脱剂，分别收集哌拉西林钠和他唑巴坦钠的洗脱流分；将上述所得洗脱流分经反相层析柱层析，分别收集哌拉西林钠和他唑巴坦钠的洗脱流分；将所得哌拉西林钠和他唑巴坦钠的99%的洗脱成分分别用真空法干燥进行干燥，制得高纯度的哌拉西林钠和高纯度的他唑巴坦钠原料；所得的高纯度的哌拉西林钠和高纯度的他唑巴坦钠按重量比混合，得到高纯度的哌拉西林钠他唑巴坦钠混合粉原料；最后将所得的哌拉西林钠他唑巴坦钠混合粉原料用气流粉碎成超细粉体，冻干。

