1. 106431394 黑色氧化锆烧结体及其制备方法与应用
CN
22.02.2017
C04B 35/48 Loading...
C04B 35/48
Loading...
201610792397.1
山东国瓷功能材料股份有限公司
杨爱民
C04B 35/48
Loading...
本发明提供一种新型的黑色氧化锆烧结体，其是将黑色氧化锆烧结体用粉末加工成型，然后在常压大气中进行高温烧结制得的。所述黑色氧化锆烧结体用粉末是以可溶性锆盐、可溶性钇盐和发色剂为原料，经水热合成法制得；其中可溶性锆盐和钇盐以及发色剂的摩尔比为90‑95：1‑5：1‑9。本发明的黑色氧化锆烧结体可用于陶瓷工艺。利用本发明提供的氧化锆粉末可制作黑色氧化锆烧结体，且工艺简单，烧结过程无需保护气氛、无需热压烧结，烧结体质地均匀，强度高，三点抗弯强度≥1100MPa，烧结无污染。
2. 106431395 高透光性氧化锆烧结体及其制备方法与应用
CN
22.02.2017
C04B 35/48 Loading...
C04B 35/48
Loading...
201610793366.8
山东国瓷功能材料股份有限公司
杨爱民
C04B 35/48
Loading...
本发明提供一种新型的高透光性氧化锆烧结体，其是将高透光性氧化锆烧结体用材料加工成型，然后在常压大气中进行高温烧结制得的。所述高透光性氧化锆烧结体用材料是由氧化锆粉料和α‑氧化铝为原料制成；其中，氧化锆粉料中氧化钇的摩尔百分比为4‑6％。本发明的高透光性氧化锆烧结体可用于制备牙科固定修复体。本发明提供的氧化锆烧结体，其晶粒大小为0.1‑0.7μm，且通过氧化铝的弥散增韧作用，氧化锆烧结体具有较高的强度和韧性；添加氧化铝可排除氧化锆粉料内的气孔，氧化锆烧结体具有较高的光学透性，所制备的义齿质感强、玉感好，与人类牙齿更接近。
3. 106396676 透光性氧化锆烧结体及其制备方法与应用
CN
15.02.2017
C04B 35/48 Loading...
C04B 35/48
Loading...
102016000793418
山东国瓷功能材料股份有限公司
杨爱民
C04B 35/48
Loading...
本发明提供一种新型的透光性氧化锆烧结体，其是将透光性氧化锆烧结体用粉体经等静压成型制成生坯，生坯经脱脂素烧后，在常压大气中进行高温烧结制得的。所述透光性氧化锆烧结体是将氧化锆粉料分散于水中，添加适量分散剂和粘合剂，混匀形成浆料，再通过喷雾造粒的方式制得的；其中，氧化锆粉料中氧化钇的摩尔百分比为3‑5％。本发明的透光性氧化锆烧结体可用于制备牙科固定修复体。本发明提供的氧化锆烧结体具有高透光性、高强度的特点，所制备的义齿质感强、玉感好，与人类牙齿接近。
4. 106348326 一种γ氧化铝及其制备方法、应用与设备
CN
25.01.2017
C01F 7/44 Loading...
C01F 7/44
Loading...
102016000708284
山东国瓷功能材料股份有限公司
潘光军
C01F 7/44
Loading...
本发明涉及一种γ氧化铝及其制备方法、应用与设备；该γ氧化铝由包括以下原料的组分烧成：铝源材料、无机扩孔剂、有机扩孔剂；所述铝源材料为在所述烧结温能够完全分解成氧化铝的化合物；所述无机扩孔剂为在所述烧结温度能够完全分解成气体的无机化合物；所述有机扩孔剂为在所述烧结温度中能够完全分解成气体的有机物。本发明还提供一种用于制备γ氧化铝的设备，包括燃烧炉和设于其下方的冷却炉；所述燃烧炉顶部设有粉体供给管、炉体侧壁上方设有数根燃气供给管，用以喷射火焰对炉内粉体进行加热燃烧；所述冷却炉的上部设有输入口，通过进料阀与燃烧炉底部的出料口密封固定连接；冷却炉的底部设有出料口；所述冷却炉外壁缠绕有冷却水路盘管。
5. 106315685 一种纳米锰锌铁氧体材料的制备方法与设备
CN
11.01.2017
C01G 49/00 Loading...
C01G 49/00
Loading...
201610708282.X
山东国瓷功能材料股份有限公司
艾辽东
C01G 49/00
Loading...
本发明涉及一种纳米锰锌铁氧体材料的制备方法与设备；所述制备方法包括以铁的氯化物或硫酸盐、锰的氯化物或硫酸盐、锌的氯化物或硫酸盐为原料制成金属盐溶液前驱体浆料，雾化成雾滴进行蒸汽热反应；过滤除去反应后所得浆料中的杂质；然后干燥，即可。本发明方法反应时间短，效率高，制备出的纳米铁氧体粒径分布均匀、颗粒团聚少、结晶度高、活性高、纯度高，满足叠层电感低温烧结的要求。本发明还提供一种蒸汽热反应设备，包括配液釜、顶部设有蒸汽入口的蒸汽热反应器和过滤器，所述蒸汽热反应器内顶部设有雾化器，配液釜内的料液通过泵输送至所述雾化器雾化成雾滴，蒸汽热反应器内反应后的料液通过泵输送至所述过滤器进行过滤。
6. 105174941 一种高可靠X8R型多层陶瓷电容器用介质材料及其制备方法
CN
23.12.2015
C04B 35/468 Loading...
C04B 35/468
Loading...
201510563648.4
山东国瓷功能材料股份有限公司
陈世纯
C04B 35/468
Loading...
本发明公开了一种高可靠X8R型多层陶瓷电容器用介质材料的组成及制备方法，组分包括主要成分100摩尔钛酸钡钙Ba1-XCaXTiO3（0.0053、0.2-2.0摩尔MgO、1.5-5.5摩尔SiO2、0.1-0.5摩尔Al2O3、1.0-4.0摩尔ZrO2、0.5-3.5摩尔选自Y2O3、Ho2O3、Er2O3、Yb2O3、Gd2O3中的至少一种或几种化合物，0.01-0.5摩尔选自WO3、MoO3、V2O5中的至少一种或几种化合物。该介质材料制造的多层陶瓷电容器，内电极采用镍或镍合金，多层陶瓷电容器符合美国ELA标准的X8R特性，并且在高温负荷下的平均寿命在48h以上，多层陶瓷电容器可靠性优良。
7. 105174947 一种低温烧结薄介质多层陶瓷电容器用COG质陶瓷材料
CN
23.12.2015
C04B 35/48 Loading...
C04B 35/48
Loading...
201510563313.2
山东国瓷功能材料股份有限公司
杨彬
C04B 35/48
Loading...
本发明公开了一种低温烧结薄介质镍电极介质陶瓷材料,介质陶瓷材料的组成分,包括主成分和添加剂，主成分：(Ca1-xSrx)zZryO3，其中0.2≤x≤0.4，0.90≤y≤1.0；0.985≤Z≤1.003；添加剂成分：Al2O3、MnCO3、MgO、TiO2、SiO2、BaCO3、ZnO中的至少二种或几种化合物。该材料符合美国EIA标准的COG特性，颗粒小、粒度分布均匀、分散性好，介电性能良好。该材料用于制作多层陶瓷电容器时，烧结温度低，晶粒均匀、致密，可实现介质层厚度小于5μｍ，与镍内电极匹配性良好。
8. 105129751 一种高温熔融法制备氮化铝粉末的方法
CN
09.12.2015
C01B 21/072 Loading...
C01B 21/072
Loading...
201510509241.3
山东国瓷功能材料股份有限公司
宋锡滨
C01B 21/072
Loading...
一种高温熔融法制备氮化铝粉末的方法，通过以下操作步骤实现：（1）在熔融炉的炉体内通入氨气和氮气混合气，控制氨气和氮气混合气的供给量为25L-35L/min，排净炉体内的空气；（2）熔融炉的炉体升温至1100℃～2200℃，并在设定温度保温，反应温度要高于铝粉的熔点，保证铝粉在反应过程中液化；（3）向熔融炉的炉体内加入高纯铝粉，同时供给氨气和氮气，控制氨气和氮气混合气的供给量为280L-320L/min，使铝粉熔化并反应；（4）控制冷却炉的冷却区域低端的温度低于400℃；（5）反应后的铝粉进入冷却炉冷却，并收集得到的铝粉粉末进入袋滤器；（6）通过鼓风机将尾气排入尾气处理设备。本发明采用的方法成本低，制备的氮化铝粉末纯度高，球形度高，粒度分布窄，无结块现象。
9. 105129750 雾化反应法制备氮化硅粉末的方法
CN
09.12.2015
C01B 21/068 Loading...
C01B 21/068
Loading...
201510508951.4
山东国瓷功能材料股份有限公司
宋锡滨
C01B 21/068
Loading...
本发明公开了一种雾化反应法制备氮化硅粉末的方法，包括以下步骤：将四氯化硅通过压力式喷雾方式进行雾化，进行雾化的气体采用惰性气体；雾化后的四氯化硅与液氨在界面处进行反应，反应过程中塔体内温度控制在-33.5℃以下，反应过程中控制四氯化硅的供给量；将收集到粉末产物在400~600℃进行保温，除去其中的氯化铵；将提纯后的亚胺基硅在950~1100℃保温使其分解产生非定型氮化硅，然后在1400~1600℃进行保温将无定形氮化硅进行结晶化处理。此方法能够制备出高品质的氮化硅。
10. 105107436 一种膜渗透水热连续制备纳米氧化物材料的方法
CN
02.12.2015
B01J 13/02 Loading...
B01J 13/02
Loading...
201510509225.4
山东国瓷功能材料股份有限公司
宋锡滨
B01J 13/02
Loading...
本发明公开了一种膜渗透水热连续制备纳米氧化物的方法，包括以下步骤：首先配置金属盐溶液和沉淀剂溶液；通过双模渗透装置进行膜渗透水热反应；洗涤;干燥；检验。本发明基于膜渗透和水热技术相结合的思想，利用膜渗透工艺可以将盐溶液和沉淀剂在微米甚至亚微米量级进行微混合反应，再通过水热合成，可以连续制备出粒径可控、单分散、结晶度高、粒径分布窄的纳米氧化物材料，且实现连续生产，提高生产效率。
11. 105084883 一种高活性镍锌铁氧体材料的制备工艺
CN
25.11.2015
C04B 35/26 Loading...
C04B 35/26
Loading...
201510508952.9
山东国瓷功能材料股份有限公司
宋锡滨
C04B 35/26
Loading...
本发明公开了一种高活性镍锌铁氧体材料的制备工艺，包括原材料选取、配液、共沉淀、浓缩、水热反应、洗涤、干燥、检验等步骤。通过本发明得到的纳米铁氧体颗粒均匀、团聚少、结晶度高、活性高，满足叠层电感低温烧结的要求。
12. 105086835 低温主动加压水热合成纳米级氧化铈抛光液的方法和设备
CN
25.11.2015
C09G 1/02 Loading...
C09G 1/02
Loading...
201510509242.8
山东国瓷功能材料股份有限公司
宋锡滨
C09G 1/02
Loading...
本发明提供一种低温主动加压水热合成纳米级氧化铈抛光液的方法和设备，整套装置由氨水储存罐、配液釜、高压氮气瓶、水热合成釜、洗涤釜、陶瓷膜设备、流体输送设备及管线组成。陶瓷膜设备有三组膜管，第一组孔径为10nm，用于洗涤杂质；第二组孔径为20nm，工作时配合洗涤釜的超声波，用于去除小于20nm的极细小颗粒；第三组孔径为100nm，工作时配合洗涤釜的超声波，用于去除大于100nm的大颗粒。本方法避免了抛光液制备过程中氧化铈的干燥、煅烧和粉碎过程，工艺过程大为简化，实现了无粉化操作，避免了CeO2干燥、煅烧引起的团聚和粉碎过程引起的碎颗粒问题，以及制备抛光液时粉碎导致的粒度分布不均匀问题。
13. 103058656 一种微米级空心氧化锆球的制造方法
CN
24.04.2013
C04B 35/48 Loading...
C04B 35/48
Loading...
201310043644.4
山东国瓷功能材料股份有限公司
莫雪魁
C04B 35/48
Loading...
本发明涉及一种微米级空心氧化锆球的制造方法，通过控制3Y-ZrO2粉体的单斜相性质，并控制粉体中Al2O3%的含量，经过喷雾造粒、分级、两次煅烧即可以获得微米级空心氧化锆球，该方法工艺简单、球形度好、粒径可控、所获得空心氧化锆球堆积密度低15%以上，易于工业生产。
14. 103058277 一种纳米氧化锆粉体超临界水热合成方法
CN
24.04.2013
C01G 25/02 Loading...
C01G 25/02
Loading...
201310043645.9
山东国瓷功能材料股份有限公司
莫雪魁
C01G 25/02
Loading...
本发明涉及一种纳米氧化锆粉体超临界水热合成方法，将草酸与溶解性锆化合物分别用水溶解，在搅拌状态下，将氧氯化锆溶液加入到草酸溶液中进行沉淀反应得到白色草酸锆沉淀；将草酸锆沉淀洗涤、干燥后进行热分解反应，然后将热分解反应后的产物进行湿式粉碎，获得纳米级分散浆料；将纳米浆料进行超临界水热反应，即可得到纳米氧化锆粉体，该方法制备的纳米氧化锆粉体具有颗粒细、粒度分布窄、稳定性好、纯度高等优点。
15. 101921107 Process for preparing tetragonal barium titanate powder
CN
22.12.2010
C04B 35/468 Loading...
C04B 35/468
Loading...
201010232262.2
ShanDong Sinocera Functional Material Co., Ltd.
Song Xibin
C04B 35/468
Loading...
The invention provides a process for preparing tetragonal barium titanate powder, comprising the following steps of: preparing pure water; producing titanic hydroxide precipitates; adding barium hydroxide under isopropanol media; treating with microwaves to obtain barium titanate precipitates; and washing to obtain a superfine high-purity tetragonal product. The invention directly synthesizes high-crystallinity monodispersity nanometer tetragonal barium titanate and omits the processes of sintering and pulverizing so that the technical process is shortened and pulverized grains caused by reunion and pulverization of the sintering process and product instability caused by the sintering process and the pulverizing process are avoided, and crystal grains have higher purity, better uniformity and better electrical property. The invention is more suitable for a thin-media multilayer chip ceramic capacitor.
16. 101746814 Production technology for preparing tetragonal phase barium titanate powder
CN
23.06.2010
C01G 23/00 Loading...
C01G 23/00
Loading...
200910256020.4
Shandong Sinocera Functional Material Co., Ltd.
Song Xibin
C01G 23/00
Loading...
The invention provides a production technology for preparing tetragonal phase barium titanate powder, comprising the following steps: preparing pure water, and producing titanic hydroxide precipitation; adding barium hydroxide under the media of isopropyl alcohol; utilizing microwave treatment to obtain barium titanate precipitation; and washing to obtain a superfine high-purity tetragonal phase product. The production technology has the advantages that the production technology directly synthesizes high-crystallinity single-dispersion nanometer tetragonal phase barium titanate, avoids the process of sintering and crushing, shortens the technology process, solves the problem of broken particles brought by reuniting and crushing brought by the sintering process, and avoids the product instability caused by sintering and crushing. The tetragonal phase barium titanate has the advantages of high grain purity, good uniformity and good electrical performance, and is preferably suitable for thin-medium, high-layer number chip ceramic multilayer capacitors.
17. 101671180 (Sub) supercritical continuous hydro-thermal synthesis process of barium titanate powder
CN
17.03.2010
C04B 35/626 Loading...
C04B 35/626
Loading...
200910019114.X
Shandong Sinocera Functional Material Co., Ltd.
Zhang Xi
C04B 35/626
Loading...
The invention provides a (sub) supercritical continuous hydro-thermal synthesis process of barium titanate powder. The process steps comprise titanium source preparation, barium source preparation, reaction in a tubular reactor, cooling in a cooler with high-purification water, further cooling in a ceramic membrane washing device and drying in a spray dryer. The (sub) supercritical continuous hydro-thermal synthesis process has the advantages of simple and feasible process, capability of continuous production, high production efficiency, low cost, excellent barium titanate powder and the like.
18. 101659407 Thermal continuous synthesis method of lithium iron phosphate supercritical solvent
CN
03.03.2010
C01B 25/45 Loading...
C01B 25/45
Loading...
200910019115.4
ShanDong Sinocera Functional Material Co., Ltd.
Zhang Xi
C01B 25/45
Loading...
The invention provides a thermal continuous synthesis method of lithium iron phosphate supercritical solvent. The thermal continuous synthesis method comprises the following steps: mixing a lithium compound and ferrous salt with ethanol as a reaction solvent, adding phosphoric acid, pumping an obtained precursor solution into a tubular reactor with a heating device for reacting, washing the materials obtained by the reaction by pure water, drying the materials in vacuum, and carrying out the heat treatment on the materials in reduction atmosphere, and then obtaining lithium iron phosphate powders. The thermal continuous synthesis method of the lithium iron phosphate supercritical solvent has the advantages of simple technical process and low device requirements, and the obtained product has the advantages of uniform and controllable particle diameter, good dispersity, high crystallinity and the like.
19. 101643358 Microwave liquid phase compounding process of high-purity barium titanate powder
CN
10.02.2010
C04B 35/626 Loading...
C04B 35/626
Loading...
200910017694.9
Shandong Sinocera Functional Material Co., Ltd.
Zhang Xi
C04B 35/626
Loading...
The invention relates to a microwave liquid phase compounding process of high-purity barium titanate powder. Main raw materials which are tetraisopropyl titanate or tetrabutyl titanate, barium octahydrate and nitric acid are compounded by microwave auxiliary heating at lower temperature for shorter reaction time to obtain the barium titanate powder in different grain diameter specifications. The process comprises the following concrete steps: (1) hydrolyzing a titanium resource; (2) washing a hydrolyzed product; (3) obtaining the titanium resource; (4) fully dissolving high-purity Ba(OH)2.8H2Oin the pure water in a microwave reaction vessel with a stirring system to obtain barium hydroxide solution; (5) carrying out compounding reaction and obtaining slurry containing barium titanate particles after the reaction; (6) precipitating and washing or filtering the barium titanate slurry obtained in the reaction with high-purity water for many times and then drying to obtain the high-puritycubic phase barium titanate powder. The process has low reaction temperature, short reaction time, controllable particle diameter and high product purity.
20. 101643357 Tetragonal phase converting process for superfine cubic phase barium titanate powder
CN
10.02.2010
C04B 35/626 Loading...
C04B 35/626
Loading...
200910017693.4
Shandong Sinocera Functional Material Co., Ltd.
Zhang Xi
C04B 35/626
Loading...
The invention relates to a tetragonal phase converting process for superfine cubic phase barium titanate powder. The producing process comprises the following steps: (1) calcining the cubic phase superfine barium titanate powder in a metastable state at room temperature under the condition of the calcination temperature and time which not cause obvious grain diameter growth; (2) mixing the bariumtitanate powder after calcination processing and a compound solvent, and uniformly stirring to obtain slurry to react in a sealed microwave high-pressure reaction vessel; (3) washing the processed powder with pure water and drying to obtain the tetragonal phase barium titanate powder with high quality. The invention not only can lead the superfine cubic phase barium titanate powder to generate tetragonal phase conversion, but also can prevent phenomena of crystal grain growth and serious agglomeration necessarily generated in the traditional calcination hot-processing phase converting process,thereby obtaining the tetragonal phase barium titanate powder with high quality.
21. 101434485 Coating method for preparing power containing zirconium, titanium, barium and calcium
CN
20.05.2009
C04B 35/465 Loading...
C04B 35/465
Loading...
200810139360.4
Shandong Sinocera Functional Materials Co., Ltd.
Zhang Bing
C04B 35/465
Loading...
The invention provides a coating method for preparing titanium zirconium barium calcium powder, which includes the processes of hydrothermal synthesis of titanium zirconium barium calcium, specific area adjustment by calcining, stirring with an aluminum nitrate solution and ultrasonic dispersion, drying, sintering, sieving, secondary sintering, salting dispersion, drying, sieving, and the like. The obtained titanium zirconium barium calcium effectively improves the polarization phenomenon with great rate, has strong charge storage capability and excellent performance of technical process; batteries produced with super capacitance can release and absorb energy quickly and can be reused, have no memory effect and can be charged anytime, do not have any toxic chemicals, and are safe and environment-friendly.
22. 101434407 Process for continuously preparing barium titanate powder
CN
20.05.2009
C01G 23/00 Loading...
C01G 23/00
Loading...
200810139362.3
Shandong Sinocera Functional Materials Co., Ltd.
Zhang Bing
C01G 23/00
Loading...
The invention provides a production process for continually producing barium titanate, which comprises the steps of preparing pure water, confecting a titanium oxychloride solution, confecting and washing a precursor, and starting a tubular continuous synthesis reactor to continuously produce, wash and dry the barium titanate, and the like. Being continuously carried out, the production process has the advantages of doubling the output within unit time, improving energy utilization, saving energy, reducing thermal energy consumption by 30-40, and lowering cost. The barium titanate products with different specifications can be obtained from the synthesized product after being calcined at 900-1050 DEG C, thus completely reaching the quality level of the batch-type products.
23. 101333105 X7RMLCC medium porcelain of thin medium
CN
31.12.2008
C04B 35/468 Loading...
C04B 35/468
Loading...
200810138110.9
Dongying Sinocera Functional Material Co., Ltd.
Zhang Bing
C04B 35/468
Loading...
The invention discloses a thin medium X7R MLCC medium ceramic material, comprising the main ingredient BaTiO3; the auxiliary components MnO2 or MnAc2, RE2O3, MgO or MgAc2, TiO2 and sintering additive glass powder; the RE can be at least one of the Y, Dy, Gd, Er, Tb and Ho; the glass composite comprises K2O, B2O3, ZnO, CaO and SiO2.
24. 1944332 Process for producing low temperature sintered multilayer ceramic capacitor ceramics
CN
11.04.2007
C04B 35/462 Loading...
C04B 35/462
Loading...
200610068888.8
Dongying Guoci Function Material Co., Ltd.
Zhang Peng
C04B 35/462
Loading...
The present invention provides the recipe and production process of low temperature sintered ceramic material for multilayer ceramic capacitor. The ceramic material is produced with main component in 84-96 wt%, glass material in 3-14 wt%, Bi2O3.nTiO2 in 0-13 wt% and SrTiO3 in 0-10 wt%, and through mixing, water milling and drying. Of the materials, the main component is prepared with BaCO3, TiO2, etc and through mechanical mixing, drying, calcining and holding; the glass material is prepared with H3BO3, SiO2, etc and through mechanical mixing, drying, calcining and holding; and Bi2O3 .nTiO2 is prepared with Bi2O3 and TiO2 and through mixing, drying, calcining and holding. The ceramic material has dielectric constant of 70-100, dielectric loss of 0.01-0.05%, insulation resistance not lower than 1012 ohm, and TCC within 30ppm (-55deg.C to +125deg.C). It possesses the features of low sintering temperature, environment friendship, etc.
25. 1935635 Process for producing nano barium titanate
CN
28.03.2007
C01B 23/00 Loading...
C01B 23/00
Loading...
200610069380.X
Dongying Guoci Functional material Co., Ltd.
Song Xibin
C01B 23/00
Loading...
The invention advances a nanometer barium titanate producing process, mixing 25%-35% TiOcl2 water solution and 15% HCl solution, adding in 15%-26% ammonia, adding in 2%-15% tetraisopropyl titanate, cooling, blending, electrolyzing, removing ammonium chloride, pump-filtering and dehydrating, pulping and adding in Ba(OH)2 solution, regulating alkalinity to make pH >= 10, continuously blending until the surface has no foams so as to obtain BaTiO3 coated particles, and washing and drying them to obtain BaTiO3 powder, which has the advantages of monodispersity, high purity, good crystallization property, and good sintering property, easy to large-scale industrialized production.
26. 1473794 Process for preparing nano level high purity zirconium-titanium-barium-calcium poweder
CN
11.02.2004
C04B 35/465 Loading...
C04B 35/465
Loading...
03138744.6
Guoteng Functional Ceramic Material Co., Ltd., Shandong Prov.
Dai Ruibin
C04B 35/465
Loading...
The industrial routing of preparing nano level high purity Zr-Ti-Ba-Ca powder includes: preparing deionized water, compounding solution of titanic acid gel in pH 7-8, synthesizing solution with molar ratio of (Ba+Ca)/(Ti+Zr) higher than 1.1, washing prepared Zr-Ti-Ba-Ca powder, regulating molar precipitation among Zr, Ti, Ba and Ca, drying, grading and packing. Compared with available technology, the present invention has low material cost, simple technological process and high product performance.
27. 1472170 Manufacture of high purity nano grade powders of barium zirconate titanate
CN
04.02.2004
C04B 35/49 Loading...
C04B 35/49
Loading...
03138743.8
Guoteng Functional Ceramic Material Co., Ltd., Shandong Prov.
Dai Ruibin
C04B 35/49
Loading...
A process for preparing high-purity barium zirconate titanate nanoparticles includes such steps as preparing high-purity water (deionized water), preparing the gel of n-titanic acid, synthesizing suspension of barium zirconate titanate, cooling by washing, regulating the mole ratio betwen Ba, Zr and Ti, and drying. Its advantages are low cost, easy control and high activity of product.
28. 1472141 Technology for preparing high-purity nano barium titanate powder
CN
04.02.2004
C04B 35/468 Loading...
C04B 35/468
Loading...
03138742.X
Guoteng Functional Ceraimc Material Co., Ltd., Shandong Prov.
Dai Ruibin
C04B 35/468
Loading...
A process for preparing the high-purity barium titanate nanoparticles includes such steps as preparing high-purity water (deionized water), preparing the gel of n-titanic acid, adding barium source to synthesize barium titanate suspension, washing, regulating the mole ratio of Ba to Ti, and drying to obtain the product used as electronic ceramic powder. Its advantages are easy control, high granular uniformity, and high activity.
29. 1472169 Technology for preparing high-purity nanometer strontium titanate powder
CN
04.02.2004
C04B 35/47 Loading...
C04B 35/47
Loading...
03138741.1
Guoteng Functional Ceramic Material Co., Ltd., Shandong Prov.
Dai Ruibin
C04B 35/47
Loading...
A process for preparing high-purity strontium titanate nanoparticles as dielectric material includes such steps as preparing high-purity water, preparing the gel of n-titanic acid, adding strontium source to the gel to synthesize the suspension of strontium titanate, washing, regulating the mole ratio of Sr to Ti, and drying. Its advantages are low cost, easy control and high activity of product.

