1. 203904195 一种玻璃器皿压机的伺服顶模装置
CN
29.10.2014
C03B 11/06 Loading...
C03B 11/06
Loading...
201420329440.7
山东华鹏玻璃股份有限公司
李明华
C03B 11/06
Loading...
本实用新型涉及一种玻璃器皿压机的伺服顶模装置，其包括压机工作台、模具底座、顶模套、顶模座、顶模、中间套和产品模具，特点是：在顶模套下部开有滑块腔，在滑块腔内滑动设有楔形滑块，在楔形滑块与顶模座之间设有垫块；在楔形滑块的大头端外部依次设有支架和立柱；在支架上经导向套内滑动装配顶杆，该顶杆的一端与楔形滑块的大头端相顶靠，另一端经定位连接件联接推动杆；在立柱上经夹座连接底座，在底座上装配有伺服电机和传动支撑箱，伺服电机的输出端驱动安装在传动支撑箱内滚珠螺杆转动与进给，推动推动杆。本实用新型是根据楔形滑块与垫块的坡面变化即可调整模具高度，其结构简单紧凑，运行平稳可靠，顶模高度调整方便。
2. 203904194 一种玻璃吸吹机初模
CN
29.10.2014
C03B 9/347 Loading...
C03B 9/347
Loading...
201420354071.7
山东华鹏玻璃股份有限公司
刘志远
C03B 9/347
Loading...
本实用新型涉及一种玻璃吸吹机初模，其包括带外沿的初模体、球形密封环和设置在初模体上方的初模盖板，在初模体上开设一内腔，在初模体的上端面均匀开设若干真空孔和真空缝，真空缝将对应的真空孔与内腔相连通，在初模体的外沿上开设若干与对应的真空孔相连通的气体转换孔，在真空孔外侧的初模体的上端面上开设一密封槽，球形密封环装配在密封槽内，并将初模盖板与初模体实现机械密封，特点是：在初模体上开有依次与真空孔相连通的清理孔、密封孔，密封孔贯通初模体的底部，在密封孔内设有密封件。本实用新型经密封孔、清理孔清理真空孔内的堵料。其结构合理，制作简单，堵料易清理，降低维修难度，提高成品率。
3. 203904193 一种玻璃成型吹机的真空吸头回转装置
CN
29.10.2014
C03B 9/30 Loading...
C03B 9/30
Loading...
201420328965.9
山东华鹏玻璃股份有限公司
王加民
C03B 9/30
Loading...
本实用新型涉及一种玻璃成型吹机的真空吸头回转装置，其包括真空吸头，特点是：真空吸头经一连接件安装在回转轴的一端部，回转轴的另一端连接在传动轴的一端上，传动轴转动装配一支撑壳体内，传动轴的另一端经一联轴器与减速器的动力输出端连接，减速器的动力输入端与伺服电机的输出端相连接。本实用新型是以伺服电机为动力，经减速器、联轴器、传动轴驱动回转轴转动，回转轴经连接件带动真空吸头回转一定角度到达预设工位，其回转角度精准，回转速度快，运行平稳，生产效率高。
4. 104016571 一种玻璃器皿压机的伺服顶模装置
CN
03.09.2014
C03B 11/06 Loading...
C03B 11/06
Loading...
201410275708.8
山东华鹏玻璃股份有限公司
李明华
C03B 11/06
Loading...
本发明涉及一种玻璃器皿压机的伺服顶模装置，其包括压机工作台、模具底座、顶模套、顶模座、顶模、中间套和产品模具，特点是：在顶模套下部开有滑块腔，在滑块腔内滑动设有楔形滑块，在楔形滑块与顶模座之间设有垫块；在楔形滑块的大头端外部依次设有支架和立柱；在支架上经导向套内滑动装配顶杆，该顶杆的一端与楔形滑块的大头端相顶靠，另一端经定位连接件联接推动杆；在立柱上经夹座连接底座，在底座上装配有伺服电机和传动支撑箱，伺服电机的输出端驱动安装在传动支撑箱内滚珠螺杆转动与进给，推动推动杆。本发明是根据楔形滑块与垫块的坡面变化即可调整模具高度，其结构简单紧凑，运行平稳可靠，顶模高度调整方便。
5. 203545864 一种燃油、燃煤气两用玻璃窑炉小炉
CN
16.04.2014
C03B 5/235 Loading...
C03B 5/235
Loading...
201320635156.8
山东华鹏玻璃股份有限公司
王孝波
C03B 5/235
Loading...
本实用新型涉及一种用于玻璃加热的燃油、燃煤气两用玻璃窑炉小炉，解决在不停产的情况下燃料不能进行互换使用的问题。其包括与蓄热室的预热空气出口相连通的空气通道、与煤气蓄热室相连通的煤气通道和预燃室，预燃室的输入端与空气通道、煤气通道相连通，输出端与喷火口的输入端相连通，特点是：在预燃室输出端的下方设有燃油喷嘴，该燃油喷嘴连通供油装置并将雾化燃油按一定角度喷入喷火口内。本实用新型具有设计合理、燃料互换使用方便、生产成本低的优点。
6. 203545866 一种玻璃器皿吹机吸盘的冷却装置
CN
16.04.2014
C03B 9/38 Loading...
C03B 9/38
Loading...
201320634907.4
山东华鹏玻璃股份有限公司
刘志远
C03B 9/38
Loading...
本实用新型涉及一种吹制玻璃制品的玻璃器皿吹机吸盘的冷却装置，其包括吸盘本体和开设在吸盘本体外圈周向面上的一环形冷却槽，特点是：在环形冷却槽的槽口上设有密封冷却槽的盖板，在环形冷却槽的槽内设有一隔板，该隔板将环形冷却槽的槽内腔分隔开，在隔板两侧的吸盘本体外圈周向面上分别连接一进水管和一出水管，该进水管、出水管分别与隔板两侧的环形冷却槽的槽内腔相连通，在吸盘本体内部中间设有一带有预设高度的凸起圆台。本实用新型具有设计合理，结构简单、紧凑，冷却效果好，不粘料，转移料坯顺利。
7. 203360259 玻璃压制机三开模抱钳
CN
25.12.2013
C03B 11/06 Loading...
C03B 11/06
Loading...
201320373961.8
山东华鹏玻璃股份有限公司
刘志远
C03B 11/06
Loading...
本实用新型涉及一种玻璃压制机三开模抱钳，其包括底座和钳身，特点是：钳身是由左钳身、右钳身和连接钳身组成，左钳身、右钳身由销钉连接在连接钳身上，左钳身、右钳身与连接钳身合模相抱合，连接钳身底部设有的滑槽与底座上的滑键配合，可在底座上前后移动；左钳身、右钳身底部上分别设有左、右滚套与底座上的左、右导向槽配合，可在底座上弧形移动与连接钳身进行合模或开模。本实用新型结构简单、设计合理、玻璃器皿出模快捷简便、使用可靠，适用于压制外型及图案复杂玻璃器皿。
8. 103342450 玻璃压制机三开模抱钳
CN
09.10.2013
C03B 11/06 Loading...
C03B 11/06
Loading...
201310261909.8
山东华鹏玻璃股份有限公司
刘志远
C03B 11/06
Loading...
本发明涉及一种玻璃压制机三开模抱钳，其包括底座和钳身，特点是：钳身是由左钳身、右钳身和连接钳身组成，左钳身、右钳身由销钉连接在连接钳身上，左钳身、右钳身与连接钳身合模相抱合，连接钳身底部设有的滑槽与底座上的滑键配合，可在底座上前后移动；左钳身、右钳身底部上分别设有左、右滚套与底座上的左、右导向槽配合，可在底座上弧形移动与连接钳身进行合模或开模。本发明结构简单、设计合理、玻璃器皿出模快捷简便、使用可靠，适用于压制外型及图案复杂玻璃器皿。

