1. 206092461 一种车载空调用风机
CN
12.04.2017
F04D 25/08 Loading...
F04D 25/08
Loading...
201620840788.1
山东朗进科技股份有限公司
张永利
F04D 25/08
Loading...
本实用新型提供了一种车载空调用风机，所述风机包括叶片及电机，所述叶片通过所述电机驱动，所述电机为永磁同步电机，包括电机外壳，所述叶片固定在电机转子的伸出轴上，与所述电机同轴设置，所述电机固定在安装面板上，所述电机外壳上固定有变频调速装置，所述叶片外设有导风筒。本实用新型提供的一种车载空调用风机，用电磁同步电机，占用空间小，电磁干扰小。
2. 206086740 一种轨道车辆用空调机组
CN
12.04.2017
B61D 27/00 Loading...
B61D 27/00
Loading...
201620260139.4
山东朗进科技股份有限公司
李超
B61D 27/00
Loading...
本实用新型涉及一种轨道车辆用空调机组，包括多台室内机和室外机，在每台所述室内机的外壳上均设置有至少一个出风口和一个新风口或回风口，在室内机的外侧设置有静压腔，室内机的出风口与静压腔连通，所述静压腔与车内顶板上的送风口连通。本实用新型无需单独安装送风风道，减轻重量，结构简单，成本低，送风也更加均匀，也可节省车顶上方的空间，同时也有利于提高车内顶板的整体外观效果。
3. 206099764 一种双路BUCK电源结构
CN
12.04.2017
H02M 3/156 Loading...
H02M 3/156
Loading...
201620459381.4
山东朗进科技股份有限公司
崔增良
H02M 3/156
Loading...
一种双路BUCK电源结构，包括盒体和斩波电感，在所述盒体内设置有多个电容、电路板和设置在电路板上的功率管模块、控制器，所述斩波电感设置在盒体外，在所述盒体上设置有斩波电感接口，所述斩波电感通过所述斩波电感接口与盒体内电路板连接。本实用新型通过盒体内设置电器件、盒体外设置斩波电感，便于安装在轨道车辆空调结构中，拆卸方便，有效降低噪音、避免磁饱和。通过采用双路IGBT模块驱动，使功率增大一倍，但尺寸可控制的较小，进一步适用于轨道车辆空调结构。
4. 205890893 一种全直流变频轨道交通车辆空调机组
CN
18.01.2017
B61D 27/00 Loading...
B61D 27/00
Loading...
201620840573.X
山东朗进科技股份有限公司
张永利
B61D 27/00
Loading...
本实用新型提供了一种全直流变频轨道交通车辆空调机组，包括外壳、冷凝器、节流装置、蒸发器，还包括永磁同步电机冷凝风机、永磁同步电机压缩机及永磁同步电机通风机。本实用新型提供的一种全直流变频轨道交通车辆空调机组，冷凝风机、通风机及压缩机均由永磁同步电机驱动，效率高，而且能调速，可以实现根据负载需求实时调节转速和风量，能效比大幅提高。
5. 205899308 一种双热备通讯设备
CN
18.01.2017
G05B 19/042 Loading...
G05B 19/042
Loading...
201620779796.X
山东朗进科技股份有限公司
李海锋
G05B 19/042
Loading...
一种双热备通讯设备，包括第一控制器和第二控制器、第一CAN通讯电路和第二CAN通讯电路、第一非CAN通讯电路和第二非CAN通讯电路，所述第一控制器分别连接所述第一CAN通讯电路和第一非CAN通讯电路，所述第二控制器分别连接所述第二CAN通讯电路和第二非CAN通讯电路。本实用新型实现了CAN通讯数据与非CAN通讯数据之间的转换。采用双路转换，电源、控制器、CAN通讯、非CAN通讯均实现独立控制，不仅能够实现双路CAN总线通讯，满足轨道车辆冗余总线使用要求，而且能够进行双热备，提高通讯可靠性。
6. 205897637 一种换热器化霜装置
CN
18.01.2017
F25B 47/02 Loading...
F25B 47/02
Loading...
201620773484.8
山东朗进科技股份有限公司
张勇
F25B 47/02
Loading...
一种换热器化霜装置，包括压缩机、室内换热器、室外换热器、室内风机、室外风机，所述室外换热器在高度方向上分为若干能够分别化霜的区域。本实用新型化霜装置采用在高度方向分区域化霜的方式，将各区域的化霜时间错开，可优先除掉换热器底部的结霜，有效提高换热器的除霜效，提高热泵制热效率和制热能力。
7. 205836829 一种轨道车辆空调机组及其空气净化装置
CN
28.12.2016
B61D 27/00 Loading...
B61D 27/00
Loading...
201620707839.3
山东朗进科技股份有限公司
张永利
B61D 27/00
Loading...
本实用新型涉及一种轨道车辆空调机组及其空气净化装置，空气净化装置固定安装在所述蒸发器的进风侧，包括外壳，在所述壳内安装有高压电源产生装置及空气净化器，空气净化器为等离子发生装置和/或紫外线杀菌装置，高压电源产生装置的输入端与输入电源连接，高压电源产生装置的输出端与空气净化器连接，在外壳上设置有若干个通风孔，外壳的厚度等于或小于50mm。本实用新型空气净化装置采用超薄的结构设计，不但拆卸维护非常方便，而且不占用太大的厚度方向上的空间，同时，所有的室内回风和新风均能通过空气净化装置，提高了该空气净化装置的净化率，进而提高了车厢内的空气质量和车厢内的舒适度。
8. 205753980 一种双路BUCK电源电路
CN
30.11.2016
H02M 3/155 Loading...
H02M 3/155
Loading...
202016000460182
山东朗进科技股份有限公司
崔增良
H02M 3/155
Loading...
一种双路BUCK电源电路，包括第一功率管和第二功率管，所述第一功率管的集电极与第二功率管的集电极相连并连接电源输入端正极，所述第一功率管的发射极与第二功率管的发射极相连并连接电感L2的一端，所述电感L2的另一端为电源输出端正极，在电源输出端正负极之间设置有电容，所述第一功率管和第二功率管的栅极连接控制器。本实用新型通过双路IGBT模块驱动，降低电源开关损耗，功率可增大一倍，具有成本低、温升低、占用空间小的优点，便于在应用于轨道车辆空调结构中。
9. 205706682 轨道车辆空调系统
CN
23.11.2016
B61D 27/00 Loading...
B61D 27/00
Loading...
201620260515.X
山东朗进科技股份有限公司
李超
B61D 27/00
Loading...
本实用新型涉及一种轨道车辆空调系统，包括至少一套空调机组，每套空调机组由一台室外机及多台室内机组成，室外机和多台室内机之间通过管路连接，在其中至少一台室内机上设置有新风口，与车体上的新风入口连接专用于处理新风，其余的室内机上设置有回风口，与车厢内回风入口连接专用于处理车内回风。本实用新型将多台室内机分成两部分，将新风和回风分别通过不同的室内机处理，这样不但可以根据室外的空气状态灵活处理新风，达到节能的目的，同时，更有利于对车辆的空调系统进行合理的布局，降低成本，大幅减轻总重量，满足车辆运行的更高要求。
10. 105835895 轨道车辆空调系统及空气处理方法
CN
10.08.2016
B61D 27/00 Loading...
B61D 27/00
Loading...
201610194816.1
山东朗进科技股份有限公司
李超
B61D 27/00
Loading...
本发明涉及一种轨道车辆空调系统及空气处理方法，每节车厢配备多台室内机，多台室内机分成两部分，一部分专用于处理新风，另一部分专用于处理车内回风，新风和车内回风分别与蒸发器换热后进入静压腔，经过处理后的新风和车内回风在静压腔内进行混合，最后通过车内顶板上的送风口送至车厢内。本发明将多台室内机分成两部分，将新风和回风分别通过不同的室内机处理，这样不但可以根据室外的空气状态灵活处理新风，达到节能的目的，同时，更有利于对车辆的空调系统进行合理的布局，降低成本，大幅减轻总重量，满足车辆运行的更高要求。
11. 205403228 一种空调冷媒循环系统及空调器
CN
27.07.2016
F25B 13/00 Loading...
F25B 13/00
Loading...
202016000134068
山东朗进科技股份有限公司
陈斌
F25B 13/00
Loading...
本实用新型涉及一种空调冷媒循环系统及空调器，包括由冷媒管路依次连接的压缩机、四通换向阀、冷凝器、膨胀阀、蒸发器及气液分离器，在膨胀阀与蒸发器的入口之间设置第三单向阀，蒸发器的出口与四通换向阀之间设置第四单向阀，与第四单向阀和蒸发器并联第三支路，在第三支路上串接第七单向阀，与蒸发器和第三单向阀并联第四支路，在第四支路上串接第八单向阀，所述蒸发器内的冷媒在制冷和制热时与二次换热介质均逆流换热。本实用新型实现全工况逆流换热，大幅提高全年热泵系统工作的能效比。
12. 205403255 一种空调蒸发器及安装有该蒸发器的空调器
CN
27.07.2016
F25B 39/02 Loading...
F25B 39/02
Loading...
202016000133537
山东朗进科技股份有限公司
张永利
F25B 39/02
Loading...
本实用新型涉及一种空调蒸发器及安装有该蒸发器的空调器，蒸发器包括蒸发器主体，所述蒸发器主体的管路在高度方向上由上至下分成多个管组，蒸发器的总进液管分成多个子进液管与各管组的进口端对应连接，至少在除最下部管组外的上部所有管组的进口端安装有用于根据冷量需求的大小而选择全部接通各管组或依次由上向下断开相应管组的电磁阀，每个管组的出口端分别接入蒸发器的总出液管。本实用新型可根据冷量需求的大小而选择全部接通各管组或依次由上向下断开相应管组，以在冷量需求下降时，抑制制冷蒸发温度过高，进而提高制冷量中的湿冷比。
13. 105270353 一种轨道车辆空调机组检修方法
CN
27.01.2016
B60S 5/00 Loading...
B60S 5/00
Loading...
201410294610.7
山东朗进科技股份有限公司
翟华云
B60S 5/00
Loading...
本发明涉及一种轨道车辆空调机组检修方法，包括车厢内的两台向外传输运行数据的空调机组和用于接收运行数据并显示的检修装置，检修装置与两台所述空调机组通过通信接口连接，检修装置接收运行数据后解析运行数据并显示出来，通过对比两台所述空调机组的运行数据，判断其中一台所述空调机组是否有故障。本发明通过两台空调机组数据的对比，易于判断同车厢的两台空调机组中是否有一台空调机组出现故障，排除了两台空调机组性能相互干扰覆盖，不易发现其中一台出现故障的问题。通过检修装置显示空调机组的运行数据状态，可一目了然的发现空调故障，极大的缩短了检修时间至10分钟以内。
14. 205002333 一种燃料电池车辆用空调机组
CN
27.01.2016
F24F 13/30 Loading...
F24F 13/30
Loading...
201520667530.1
山东朗进科技股份有限公司
毕研亮
F24F 13/30
Loading...
本实用新型涉及一种燃料电池车辆用空调机组，包括壳体，在壳体内安装有蒸发器、冷凝器、室内风机、室外风机、压缩机及四通阀，蒸发器、冷凝器、压缩机、四通阀通过连接管路连接组成冷媒循环回路，在壳体内还安装有余热换热器，余热换热器的入口和出口通过管路与燃料电池的冷却液进出口连接，余热换热器和蒸发器均为翅片管式换热器，余热换热器和蒸发器并排平行设置。本实用新型整个系统结构简单，成本低，而且提高了空调制热系统的安全性、舒适性及节能效果。
15. 105083311 一种空调机组及安装有该空调机组的悬挂式吊轨车辆
CN
25.11.2015
B61D 27/00 Loading...
B61D 27/00
Loading...
201510305930.2
山东朗进科技股份有限公司
李超
B61D 27/00
Loading...
本发明提供了一种空调机组及安装有该空调机组的悬挂式吊轨车辆，空调机组的室内机安装在轨道车辆的车厢一端的顶部，室外机安装在车厢内相应一端的地板上。将室外机安装在车厢内部，充分合理利用门厅处的闲置空间，解决了室外机在车体外部无处安装的困境，同时也便于安装和维修，提高施工效率，确保安装质量，同时，节约了室外机和室内机之间的管路长度，降低成本；将室外机安装在地板上，增加室外机的稳固性，可有效降低运行噪音。
16. 204696923 一种大功率直流电源稳压电路
CN
07.10.2015
H02M 3/335 Loading...
H02M 3/335
Loading...
201520369337.X
山东朗进科技股份有限公司
崔增良
H02M 3/335
Loading...
本实用新型涉及一种大功率直流电源稳压电路，在直流电源的正、负极之间设置有串联的电容C5和IGBT，所述IGBT的漏极连接电容C5，在所述直流电源的正极设置一电压互感器BC2，所述电压互感器BC2的信号输出端连接一控制芯片，所述控制芯片的信号输出端连接所述IGBT的栅极。本实用新型通过电压互感器的测量，在输出电压降低时开启IGBT给电容C5充电，以弥补直流电源输出端输出电压的降低，有效的减少了纹波幅度，减少了谐波成分，使输出电压更加稳定。
17. 204696681 一种高压直流供电轨道车辆空调机组
CN
07.10.2015
H02J 1/00 Loading...
H02J 1/00
Loading...
201520288737.8
山东朗进科技股份有限公司
张永利
H02J 1/00
Loading...
本实用新型涉及一种高压直流供电轨道车辆空调机组，在空调机组内设置有电源装置，电源装置包括直流稳压装置和逆变控制器，直流稳压装置的输入端与客车供电装置的DC900V-DC1800V直流输出端连接，逆变控制器的输出端与负载连接，直流稳压装置的输出端通过晶闸管控制单元与逆变控制器连接，直流稳压装置、逆变控制器和晶闸管控制单元与空调机组的控制器信号输出端连接。本实用新型实现了客车DC900V-DC1800V高压直流电直接为空调机组供电，通过设置辅助电源装置，将客车DC16V-DC140V低压直流电升压后为通风机供电，提高了安全性，设置晶闸管控制单元，减少了所占空间。
18. 203978757 一种卧式压缩机固定结构
CN
03.12.2014
F04B 39/00 Loading...
F04B 39/00
Loading...
201420101018.6
山东朗进科技股份有限公司
张历诗
F04B 39/00
Loading...
本实用新型涉及一种卧式压缩机固定结构，包括压缩机的筒身，所述筒身通过一个或两个前安装脚及两个后安装脚固定安装在底盘上，在所述筒身上还安装有至少一组卡固在筒身外周的上卡箍及下卡箍，所述上卡箍的两端固定在所述底盘上，所述下卡箍的两端固定在所述后安装脚或前安装脚上。本实用新型通过高阻尼弹性隔离系统可迅速消减并吸收压缩机的振动，抑制振动传递到底盘，同时结构中包含紧固装置，可实现对压缩机的进一步固定，大幅降低因压缩机工作过程中振动引起的系统振动和噪声，同时满足压缩机正常工作运行和安装环境的要求。
19. 203805902 轨道车辆空调新风防风沙装置
CN
03.09.2014
B61D 27/00 Loading...
B61D 27/00
Loading...
201420087494.7
山东朗进科技股份有限公司
张历诗
B61D 27/00
Loading...
本实用新型涉及一种轨道车辆空调新风防风沙装置，包括新风入口，所述新风入口通过新风风道与空调回风腔连通，在所述新风入口处由外向内设置第一层过滤网和第二层过滤网，在所述新风风道与回风腔的连通的通路上设置第三层过滤网，在所述第二层过滤网和第三层过滤网之间形成静压腔，在空调的室内出风口处设置第四层过滤网。本实用新型在新风至室内出风口处总共设置四层过滤装置，防风沙效果好，不仅可以阻止大颗粒的沙尘，还可以有效阻挡细小的沙尘颗粒，进而有效保证客室空气质量。
20. 203813674 一种大功率IGBT模块的安装结构
CN
03.09.2014
H02M 7/00 Loading...
H02M 7/00
Loading...
201420087916.0
山东朗进科技股份有限公司
崔增良
H02M 7/00
Loading...
本实用新型涉及一种大功率IGBT模块的安装结构，其特征在于：包括IGBT模块和PCB板，在所述PCB板上开通孔，所述通孔对应所述IGBT模块的主端子，螺钉穿过所述通孔固定在所述主端子上将PCB板和IGBT模块电气连接。本实用新型易于装配，方便拆卸，减少引线带来的干扰，节约空间，美化外观，降低成本。
21. 203813650 一种电动车功率管驱动电路
CN
03.09.2014
H02M 1/08 Loading...
H02M 1/08
Loading...
201420087764.4
山东朗进科技股份有限公司
崔增良
H02M 1/08
Loading...
本实用新型涉及一种电动车功率管驱动电路，包括驱动芯片，所述驱动芯片具有一个或多个信号输出端，每个所述信号输出端连接一个功率管，在每个所述信号输出端和与之连接的功率管之间设置推挽电路。本实用新型通过在上下桥MOS管之间设置电解电容和与之并联的电容，解决了母线输出的波动问题，通过设置推挽电路，提高了驱动芯片的驱动能力，有效的解决了电动车爬坡出现停车的现象。
22. 203734653 一种电动车控制器抗干扰电路
CN
23.07.2014
H03K 19/14 Loading...
H03K 19/14
Loading...
201420073122.9
山东朗进科技股份有限公司
崔增良
H03K 19/14
Loading...
本实用新型涉及一种电动车控制器抗干扰电路，包括驱动光耦U，所述电动车内器件的信号输出端连接所述驱动光耦U的阳极，所述驱动光耦U的阴极接地，所述驱动光耦U的正电源端连接所述控制器，所述驱动光耦U的输出端通过电阻R3连接电源，所述电阻R3与所述驱动光耦U输出端连接的一端连接所述驱动光耦U的正电源端，所述驱动光耦U的负电源端接地。本实用新型电路简单，通过设置驱动光耦隔离输入端和输出端，极大的提高了控制器抗干扰能力。
23. 203732941 轨道交通车辆空调集中控制器
CN
23.07.2014
G05B 19/418 Loading...
G05B 19/418
Loading...
201320711933.2
山东朗进科技股份有限公司
张德凯
G05B 19/418
Loading...
本实用新型涉及一种轨道交通车辆空调集中控制器，包括处理器、开关电源电路、开关量信号输入接口、开关量信号输出接口、模拟量信号输入模块、显示模块和对外通讯接口电路模块，其中，模拟量信号输入模块获取模拟量信号，经过模拟量输入选择电路对模拟量输入信号进行选择输入，处理器对输入的模拟量输入信号进行AD转换；开关电源电路提供多路的隔离稳压工作电源；开关量信号输入接口通过开关量输入信号隔离电路接外部状态输入信号；开关量信号输出接口与各工作部件连接；对外通讯接口电路模块的各个接口与各部件连接；显示模块与处理器连接实现人机交换功能。本实用新型不仅可以实现与车辆之间的通讯，也可以远程监测现场数据采集和多台空调集中控制，便于车辆用户及时对空调进行维护和管理，及升级产品设计参数。
24. 103684000 Power supply technology for passenger train air conditioning unit, and power supply device for passenger train air conditioning unit
CN
26.03.2014
H02M 7/44 Loading...
H02M 7/44
Loading...
201210337490.5
LONGERTEK TECHNOLOGY LTD.
LI JINGMAO
H02M 7/44
Loading...
The invention relates to a power supply technology for a passenger train air conditioning unit, and a power supply device for the passenger train air conditioning unit. The power supply technology for the passenger train air conditioning unit is characterized in that an input end of a power supply device for the air conditioning unit is directly connected with an output end of a locomotive power supply device, so that the locomotive power supply device can supply DC power to the air conditioning unit. The invention has the advantages that an inversion part of an original power supply can be dispensed with or shrunken, so that the size and weight of an inverter device can be greatly reduced, which further lowers equipment costs, achieves the purpose of energy conservation of the whole passenger train, and improves both reliability and comfort.
25. 103661456 Novel direct-current power supply passenger train variable frequency air conditioner
CN
26.03.2014
B61D 27/00 Loading...
B61D 27/00
Loading...
201210334353.6
LONGERTEK TECHNOLOGY LTD.
LI JINGMAO
B61D 27/00
Loading...
The invention relates to a novel direct-current power supply passenger train variable frequency air conditioner. The input end of an air conditioner unit power supply device is directly connected with the output end of a locomotive power supply device. The locomotive power supply device provides direct-current power to an air conditioner unit. The variable frequency air conditioner can save or reduce an inverter part in an original power supply, so that the size and the weight of an inverter power supply device can be greatly reduced, and the equipment cost can be further reduced. The purpose of saving the energy of the whole train is achieved, and reliability and comfort are both improved.
26. 203485926 一种直流供电铁路客车空调机组
CN
19.03.2014
B61D 27/00 Loading...
B61D 27/00
Loading...
201320475239.5
山东朗进科技股份有限公司
李敬茂
B61D 27/00
Loading...
本实用新型涉及一种直流供电铁路客车空调机组，在空调机组内设置有用于将直流电转换成交流电以向空调机组各负载供电的电源装置，所述电源装置的输入端与所述机车供电装置的DC750V直流输出端连接，所述电源装置与所述空调机组的主控板连接，所述电源装置的输出端与所述空调机组的各负载连接。本实用新型可增大直流电源输入范围，DC500V～DC900V均可满足要求，扩大了直流供电空调机组的使用范围，同时实现空调机组各部件的变频控制，达到整车节能的目的，可靠性和舒适性均有提高。
27. 203410462 轨道车辆新风装置
CN
29.01.2014
B61D 27/00 Loading...
B61D 27/00
Loading...
201320459475.8
山东朗进科技股份有限公司
李超
B61D 27/00
Loading...
本实用新型涉及一种轨道车辆新风装置, 固定安装在客室顶板上方的车体上，包括一壳体，在所述壳体上开有新风入口、新风出口、废排入口、废排出口，在所述壳体内设置有全热交换芯体、新风风道、废排风道、新风风机及废排风机，所述新风入口通过所述新风风机及新风风道连接所述新风出口，所述废排入口通过所述废排风机与废排风道连接所述废排出口，所述新风风道与废排风道均与所述全热交换芯体连通。本实用新型结构简单紧凑，固定安装在地铁等轨道车辆中，可以独立安装也可以与空调机组安装在一起，根据客室顶板上方的空间需要任意设置。本实用新型在保证车厢良好空气环境的前提下，将新风与废排风进行热交换，实现废排风的能量回收，降低新风负荷，达到节能运行的目的。
28. 203377806 一种三相正负开关电源电路
CN
01.01.2014
H02M 7/537 Loading...
H02M 7/537
Loading...
201320353757.X
山东朗进科技股份有限公司
崔增良
H02M 7/537
Loading...
本实用新型涉及一种三相正负开关电源电路，包括控制芯片、MOS管Q1、变压器T1和多路电源输出单元，变压器T1的初级绕组的第一端连接输入电源，变压器T1的初级绕组的第二端连接MOS管Q1的发射极E，变压器T1的辅助次级绕组的第一端通过电阻R4、二极管D2与控制芯片的Vcc端连接，变压器T1的辅助次级绕组的第二端接地，控制芯片的Vcc端通过电阻R3与输入电源连接，MOS管Q1的栅极G通过电阻R2与控制芯片的Drv端连接，MOS管Q1的集电极C通过电阻R5接地。本实用新型能够做到电源体积更小、效率更高，适用于中小功率输出的开关电源应用场合，与传统的UC384X相比具有更好的性能和效果。
29. 203378182 一种可降低控制器温升的装置
CN
01.01.2014
H05K 7/20 Loading...
H05K 7/20
Loading...
201320353756.5
山东朗进科技股份有限公司
崔增良
H05K 7/20
Loading...
本实用新型涉及一种可降低控制器温升的装置，包括多组功率管、PCB板、散热条、外壳和导热绝缘垫片，多组所述功率管固定在所述散热条上，在多组所述功率管与散热条之间设置有所述导热绝缘垫片，多组所述功率管固定连接在所述PCB板上，所述散热条通过螺钉与所述外壳固定连接。本实用新型通过增设散热条和导热绝缘垫片，以及散热条与外壳之间的导热硅脂，降低了热阻，MOS管的散热镀锡铜片与散热条直接接触，减少了热阻，MOS管产生的热量可直接传递到散热条上和外壳上，极大的提高了MOS管的散热能力，降低了控制器的发热量和温升。
30. 203376387 一种过压检测电路及应用该检测电路的PFC电路
CN
01.01.2014
G01R 19/165 Loading...
G01R 19/165
Loading...
201320354346.2
山东朗进科技股份有限公司
崔增良
G01R 19/165
Loading...
本实用新型涉及一种过压检测电路及应用该检测电路的PFC电路，包括比较器、光电耦合器U1和PFC控制器，比较器的负输入端经过分压模块与PFC电路的输入端或输出端连接，比较器的正输入端连接参考电压Vref，比较器的输出端与光电耦合器U1的发光元件的第二端连接，发光元件的第一端与电源连接，光电耦合器U1的光敏元件的第一端与电源连接，第二端接地，PFC控制器的输入端连接光敏元件的第一端。本实用新型电路简单，通过电压跟随器提高抗干扰能力，通过比较器与光耦，能够快速准确的检测到PFC电路是否过压，且PFC控制器能够快速停止对于PFC电路的控制，并报出故障，避免对PFC电路负载元件的损伤。
31. 203376386 一种过流检测电路及应用该检测电路的PFC电路
CN
01.01.2014
G01R 19/165 Loading...
G01R 19/165
Loading...
201320353337.1
山东朗进科技股份有限公司
崔增良
G01R 19/165
Loading...
本实用新型涉及一种过流检测电路及应用该检测电路的PFC电路，包括比较器、光电耦合器U1和PFC控制器，所述比较器的负输入端经过电流采样模块与PFC电路连接，所述比较器的正输入端连接参考电压Vref，所述比较器的输出端与光电耦合器U1的发光元件的第二端连接，所述发光元件的第一端与电源连接，所述光电耦合器U1的光敏元件的第一端与电源连接，第二端接地，所述PFC控制器的输入端连接所述光敏元件的第一端。本实用新型电路简单，具有抗干扰能力强，检测准确等优点。
32. 203376385 一种欠压检测电路及应用该检测电路的PFC电路
CN
01.01.2014
G01R 19/165 Loading...
G01R 19/165
Loading...
201320352801.5
山东朗进科技股份有限公司
崔增良
G01R 19/165
Loading...
本实用新型涉及一种欠压检测电路及应用该检测电路的PFC电路，包括电压跟随器和PFC控制器，所述电压跟随器的第一输入端经过分压模块与PFC电路的输入端或输出端连接，所述电压跟随器的第二输入端与所述电压跟随器的输出端连接，所述电压跟随器的输出端通过电阻R1接地，所述PFC控制器的输入端与所述电压跟随器的输出端连接。本实用新型电路简单，可有效的提高检测电路的抗干扰能力，提高检测准确性。
33. 203377597 一种滤波保护电路
CN
01.01.2014
H02J 1/02 Loading...
H02J 1/02
Loading...
201320352811.9
山东朗进科技股份有限公司
崔增良
H02J 1/02
Loading...
本实用新型涉及一种滤波保护电路，包括一组差模电感L1、L2，两级共模电感L3、L4，差模电容组，共模电容组，所述差模电感L1、L2一端分别与两个电源输入端连接，另一端分别与一级共模电感L3两个线圈连接，所述一级共模电感L3的两个线圈分别与二级共模电感L4的两个线圈连接，二级共模电感L4的两个线圈分别与两个电源输出端连接，所述差模电容组并联在两个电源线之间，所述共模电容组的两端分别与两个电源线连接。通过本实用新型所述的一种滤波保护电路，提高了直流电的品质，达到EMC标准，保护了电源输出端的各个器件。
34. 203377852 一种IGBT驱动电路
CN
01.01.2014
H03K 17/567 Loading...
H03K 17/567
Loading...
201320354347.7
山东朗进科技股份有限公司
崔增良
H03K 17/567
Loading...
本实用新型涉及一种IGBT驱动电路，包括光电耦合器、IGBT模块、正负电极和推挽电路，推挽电路包括并联的一个N沟道MOS管和一个P沟道MOS管，N沟道MOS管的集电极与正负电极的正电极连接，P沟道MOS管的集电极与正负电极的负电极连接，N沟道MOS管和P沟道MOS管的栅极通过第一电阻与光电耦合器的输出端VOUT连接，N沟道MOS管通过第二电阻与IGBT模块的栅极输入端连接，P沟道MOS管的发射极通过第三电阻与所述IGBT模块的栅极输入端连接。本实用新型通过推挽电路使光电耦合器驱动能力增大，能够驱动容量更大的IGBT模块，便于开发更大功率的工业变频器。
35. 203378183 变频器散热装置
CN
01.01.2014
H05K 7/20 Loading...
H05K 7/20
Loading...
201320353871.2
山东朗进科技股份有限公司
崔增良
H05K 7/20
Loading...
本实用新型涉及一种变频器散热装置，包括变频器、控制器和变频器机柜，在所述变频器机柜内设置有所述变频器，在所述变频器上设置有控制器和多个功能模块，在每个所述功能模块附近的变频器机柜上设置一个用于单独为之散热的风扇，所述控制器设置有多个PWM信号输出端和多个信号输入端，所述多个PWM信号输出端分别与每个所述风扇的控制电路连接，在每个所述功能模块上设置有温度传感器，所述控制器的多个信号输入端分别通过传感器电路与每个所述温度传感器连接。本实用新型通过多个风扇分别对多个变频器内部的模块分别进行散热，通过对每个风扇进行单独的控制，实现了有针对性的散热，提高了散热效果，并使散热装置节能。
36. 203375611 一种汽车空调控制器安装结构
CN
01.01.2014
F24F 11/02 Loading...
F24F 11/02
Loading...
201320388560.X
山东朗进科技股份有限公司
崔增良
F24F 11/02
Loading...
本实用新型涉及一种汽车空调控制器安装结构，包括控制器和压缩机，在所述压缩机顶部固定一顶盖，所述控制器固定在所述顶盖底部，所述控制器的功率模块紧贴在所述压缩机吸气口上方的压缩机壳体外表面上。本实用新型结构简单，通过在盒盖底部安装控制器，方便维护，控制器的功率模块紧贴压缩机壳体，提高了散热能力，并且通过灌胶，使控制器更加安全稳定。
37. 203172639 双源制变频机车空调器控制装置
CN
04.09.2013
B61D 27/00 Loading...
B61D 27/00
Loading...
201320059739.0
山东朗进科技股份有限公司
吴远刚
B61D 27/00
Loading...
本实用新型涉及一种双源制变频机车空调器控制装置，包括主电源、辅电源、主控板、用于判断主电源或辅电源是否可用的电压检测单元及用于在主电源和辅电源之间切换的电压切换单元，所述电压检测单元与所述主电源和辅电源连接，所述电压检测单元和电压切换单元与所述主控板信号连接。本实用新型克服了传统机车空调器对单一主回路电源制式的依赖性，实现了空调机组在受电弓或蓄电池电源时，都能够向司机室提供制冷量，两种供电方式可以自动切换，防止出现因主路电源故障造成司机室环境不舒适的情况，提高了空调机组的适应性和舒适性。
38. 203063622 双动力汽车空调器
CN
17.07.2013
B60H 1/00 Loading...
B60H 1/00
Loading...
201320055627.8
山东朗进科技股份有限公司
李敬茂
B60H 1/00
Loading...
本实用新型公开了双动力汽车空调器，包括电瓶、离合器、定频压缩机、单向阀、一号三通、冷凝器、膨胀阀、蒸发器和二号三通，其特征在于：还设有转换开关、变频涡旋压缩机、四通阀和电动阀，电瓶连接转换开关动触点，转换开关的静触点A连接离合器，转换开关的静触点B连接变频涡旋压缩机和电动阀，变频涡旋压缩机的出口连通四通阀的管口C，变频涡旋压缩机的进口连通四通阀的管口E，四通阀的管口D依次连通电动阀和一号三通，四通阀的管口F连通二号三通，四通阀的转动阀芯上设有两个通道。该双动力汽车空调器，不存在二氧化碳排放，变频涡旋压缩机能够根据车厢内温度，自动改变压缩机的转速并且零电流启动，节省电能输出。
39. 103158731 Multi-connected air conditioner unit of railway vehicle
CN
19.06.2013
B61D 27/00 Loading...
B61D 27/00
Loading...
201110411937.4
山东朗进科技股份有限公司
王绅宇
B61D 27/00
Loading...
The invention relates to a multi-connected air conditioner unit of a railway vehicle. The multi-connected air conditioner unit of the railway vehicle comprises an outdoor unit and a plurality of indoor units. The outdoor unit is arranged outside a vehicle body, at least one compressor is arranged in the outdoor unit, and a plurality of refrigeration pipe lines distributed through a distributor are connected with each compressor. The plurality of indoor units are arranged on a ceiling of a railway carriage in an embedded mode, the plurality of refrigeration pipe lines are respectively connected with the plurality of indoor units and connected with evaporators in the plurality of indoor units to form a plurality of refrigerating circuits. The indoor units and the outdoor unit adopt split-type design, the outdoor unit drags the plurality of indoor units at the same time, the plurality of indoor units are arranged on the ceiling of the railway carriage in a split-type and embedded mode, refrigerating capacity and heating capacity can be fully used, losses for no reason are reduced, and refrigeration efficiency and heating efficiency of the complete machine are improved. In addition, a high-power blower for blowing air into the interior in the prior art is replaced by a plurality of small-power blowers, noise is reduced largely, and comfort in the railway carriage is improved.
40. 202918212 铁路客车空调机组供电装置
CN
01.05.2013
H02M 7/42 Loading...
H02M 7/42
Loading...
201220462410.4
山东朗进科技股份有限公司
李敬茂
H02M 7/42
Loading...
本实用新型涉及一种铁路客车空调机组供电装置，将空调机组电源装置的输入端直接与机车供电装置的输出端连接，由所述机车供电装置向所述空调机组提供直流电源。本实用新型可节省或减小原电源中的逆变部分，逆变电源装置体积可大幅减小，重量也大幅减轻，进而降低设备成本，也达到整车节能的目的，可靠性和舒适性均有提高。
41. 202911745 一种新型直流供电铁路客车变频空调机组
CN
01.05.2013
B61D 27/00 Loading...
B61D 27/00
Loading...
201220464895.0
山东朗进科技股份有限公司
李敬茂
B61D 27/00
Loading...
本实用新型涉及一种新型直流供电铁路客车变频空调机组，将空调机组电源装置的输入端直接与机车供电装置的输出端连接，由所述机车供电装置向所述空调机组提供直流电源。本实用新型可节省或减小原电源中的逆变部分，逆变电源装置体积可大幅减小，重量也大幅减轻，进而降低设备成本，也达到整车节能的目的，可靠性和舒适性均有提高。
42. 202417904 汽车空调控制器
CN
05.09.2012
F04B 49/06 Loading...
F04B 49/06
Loading...
201120553244.4
山东朗进科技股份有限公司
崔增良
F04B 49/06
Loading...
本实用新型涉及一种汽车空调控制器，包括一盒盖、电路板、滤波电容及固定板，所述固定板与所述盒盖固定连接，所述电路板固定安装在所述盒盖与所述固定板之间，位于空调压缩机吸气侧的电机支架上具有一槽形体，所述盒盖固定安装在所述槽形体上，所述盒盖与所述电机支架之间设置一圈密封垫。本实用新型中控制器与压缩机可以实现分离，控制器可以在组装好后做为一个整体再固定安装在压缩机上，使控制器的安装和拆卸都非常方便，而且还特别方便于控制器和压缩机的检测和维护。
43. 202378886 轨道车辆多联式空调机组
CN
15.08.2012
B61D 27/00 Loading...
B61D 27/00
Loading...
201120515657.3
山东朗进科技股份有限公司
王绅宇
B61D 27/00
Loading...
本实用新型涉及一种轨道车辆多联式空调机组，包括：室外机，置于车体外侧，内装有至少一台压缩机，每台压缩机连接有通过分配器分配的多条制冷管路；多台室内机，嵌入安装于车厢的顶棚上，多条所述制冷管路分别与多台室内机相连接，与多台所述室内机内的蒸发器连成多个制冷回路。本实用新型室内机和室外机采用分体式设计，而且一台室外机同时拖动多台室内机，多台室内机分散式嵌入安装于车厢的顶棚内，制冷量和制热量都能得到最大利用，减少了无故的损失，提高了整机的制冷和制热效率。另外，将现有技术中用于向室内送风的大功率送风机，替换成了多个小功率送风机，大幅降低了噪音，增强了车厢内的舒适性。
44. 202378888 节能轨道车辆空调机组
CN
15.08.2012
B61D 27/00 Loading...
B61D 27/00
Loading...
201120543834.9
山东朗进科技股份有限公司
李超
B61D 27/00
Loading...
本实用新型涉及一种节能轨道车辆空调机组，包括壳体，壳体内的空间分为室内侧和室外侧两部分，室内侧设置有节流元件、蒸发器和室内通风机等，在室内侧的壳体上设置有送风口及回风口，室外侧设置有冷凝器、压缩机、气液分离器及室外冷凝风机，在室外侧设置有四个压缩机及两个双回路冷凝器，在室内侧设置有两个双回路蒸发器，四个压缩机与四个气液分离器、两个双回路冷凝器、两个双回路蒸发器及四个节流元件组成四套独立的制冷循环回路。本实用新型可以根据车厢内负荷的情况，调节参与制冷运行的压缩机数量及调节每台压缩机的冷量输出，进而大幅度降低空调机组的总用电量，达到节能高效的目的，并可以避免压缩机的频繁启动，延长压缩机的使用寿命。
45. 202206174 一种充电器
CN
25.04.2012
H02J 7/02 Loading...
H02J 7/02
Loading...
201120316249.5
山东朗进科技股份有限公司
刘美堂
H02J 7/02
Loading...
本实用新型涉及一种充电器，包括交流输入电源、整流电路、功率校正电路、DC-DC变换电路及控制电路；所述交流输入电源的输出端与一路或多路所述整流电路的输入端连接，每路所述整流电路包括至少一路输出，每路输出端与所述功率校正电路的输入端连接，所述功率校正电路的输出端与所述DC-DC变换电路的输入端连接，多路所述DC-DC变换电路串联连接。本实用新型采用了低电压大电流大功率串联电源输出的方式，不但可以保证各路电源的电流自均衡，还可以大幅度提高充电器的工作效率，并可以降低成本。
46. 202186388 轨道车辆用空调器
CN
11.04.2012
B61D 27/00 Loading...
B61D 27/00
Loading...
201120281000.5
山东朗进科技股份有限公司
尹坤
B61D 27/00
Loading...
本实用新型涉及一种轨道车辆用空调器，由两套制冷循环组件组成，每套制冷循环组件包括压缩机、冷凝器、蒸发器、分液器和节流元件，每套制冷循环组件中的所述冷凝器的出口接所述分液器的入口，所述分液器分流后的两个出口分别接入一个所述节流元件，两个节流元件的出口端分别与两套制冷循环组件中的所述蒸发器的入口端连接。本实用新型冷媒首先经过分流后再进行节流，进而再分别进入蒸发器，使得冷媒流量分配更为均匀，大幅度提高了蒸发器换热效率。
47. 202175061 轨道车辆单元式空调机组
CN
28.03.2012
B61D 27/00 Loading...
B61D 27/00
Loading...
201120268049.7
山东朗进科技股份有限公司
王绅宇
B61D 27/00
Loading...
本实用新型涉及一种轨道车辆单元式空调机组，包括壳体，所述壳体内的空间分为室内侧和室外侧两部分，所述室内侧的壳体内设置有室内换热器、节流元件和室内通风机等，在所述室内侧的下壳体设置有送风口及回风口，所述室外侧的壳体内设置有室外换热器、压缩机及室外冷凝风机等，在所述室内侧壳体内还集成设置有用于控制空调机组的运行主电控单元、用于检测所述空调机组的各传感器数据并将数据处理后传输至所述主电控单元的检测单元及用于向所述主电控单元提供滤波后电源的电源滤波单元，所述主电控单元还与车辆司机室主控制台信号连接。该空调机组结构和布线简单，集成化程度高，拆卸维修均非常方便。
48. 202169861 车辆空调用雨水分离器
CN
21.03.2012
B60H 1/24 Loading...
B60H 1/24
Loading...
201120284213.3
山东朗进科技股份有限公司
王强
B60H 1/24
Loading...
本实用新型涉及一种车辆空调用雨水分离器，由框架和挡雨格栅组成，所述框架固定在空调新风入口处，所述挡雨格栅由两排交错排列并缺口朝向相对的V字形格栅组成，所述挡雨格栅固定在所述框架上。本实用新型结构简单，安装拆卸也非常方便，利用两排交错排列的V字形格栅，在保证空调新风量的同时，能极大程度减少吸入室内侧的雨水量。
49. 202111629 智能变频模块
CN
11.01.2012
H02M 5/40 Loading...
H02M 5/40
Loading...
201120227924.7
山东朗进科技股份有限公司
虞朝丰
H02M 5/40
Loading...
本实用新型涉及一种智能变频模块，由外壳组件、封装在所述外壳组件内部的功率基板、焊接在所述功率基板上的引脚及密封填充物组成，在所述功率基板上集成有主控制器、整流电路、功率因数校正电路、功率逆变电路、驱动电路、保护电路、自举电路及电机反馈电路。该智能变频模块结构简单，轻巧精致、超薄实用，不仅大大提高了电网利用效率，降低能源消耗，将内部噪声降至最小，还使产品的安全性、可靠性、抗干扰性、可操作性得到更进一步提高。同时，还简化了硬件电路设计和外部接线、缩短了开发周期。
50. 202093147 交流电机故障检测装置
CN
28.12.2011
G01R 31/34 Loading...
G01R 31/34
Loading...
201120182451.3
山东朗进科技股份有限公司
王绅宇
G01R 31/34
Loading...
本实用新型涉及一种交流电机故障检测装置，由交流电机热过载保护器、常开触点Q1及交流接触器CD连接组成，所述常开触点Q1的两端接入故障检测电路，所述故障检测电路的输出端与主控板连接，所述主控板与所述交流接触器CD连接，所述检测电路根据所述热过载保护器的动作次数向所述主控板输出相应的高低电平信号；所述主控板具有计数处理模块，在一预设时间内，计数输出脉冲信号的数量。本实用新型电路结构简单，可以确保交流电机、空调系统和整列车的安全稳定运行。
51. 202019297 大功率直流升压电源
CN
26.10.2011
H02M 3/00 Loading...
H02M 3/00
Loading...
201120147664.2
山东朗进科技股份有限公司
刘振松
H02M 3/00
Loading...
本实用新型涉及一种大功率直流升压电源，包括低压直流输入电源、多个并联的DC/DC变换器，还包括一个PWM发生器，每个所述DC/DC变换器各自连接有一个PWM驱动器，多个所述PWM驱动器之间依次串联连接，所述PWM发生器的输出信号经限流电阻后，依次经过串联连接的多个所述PWM驱动器，最后回流至所述PWM发生器，构成一个回路，每个所述PWM驱动器的初级光耦的两端并联有一个分流电阻。该电源采用一个PWM信号，使得各个PWM驱动器的输入信号相同，达到不同的DC/DC变换器输出电流相同或相近，克服了现有技术中的不同PWM驱动器采用不同的PWM信号所产生的差异，减小不同DC/DC变换器输出电流的差异，增加了多个DC/DC变换器之间的均流性。
52. 201983391 混合动力汽车空调压缩机控制系统
CN
21.09.2011
F24F 11/02 Loading...
F24F 11/02
Loading...
201120069150.X
山东朗进科技股份有限公司
崔增良
F24F 11/02
Loading...
本实用新型涉及一种混合动力汽车空调压缩机控制系统，包括发动机、传动装置、蓄电池、压缩机及控制器，所述发动机与传动装置相连接，所述传动装置通过电磁离合器与压缩机连接，所述蓄电池通过电驱动装置与所述压缩机连接，所述控制器与所述电磁离合器、压缩机及电驱动转换装置电连接。本实用新型可以实现灵活切换发动机及车载蓄电池两种动力控制压缩机运行，且结构简单，在蓄电池无电时，可以灵活切换至发动机带动压缩机，也可以避免空调系统长时间由发动机带动所带来的能量损耗大的问题。发动机或车载蓄电池驱动压缩机时，都无附加负载并且相对独立，能保证空调的驱动系统在大多数时间内高效运行，降低动力消耗，节约能源，利于环保。
53. 201983529 汽车空调系统及六通阀
CN
21.09.2011
F25B 31/00 Loading...
F25B 31/00
Loading...
201120053621.8
山东朗进科技股份有限公司
崔增良
F25B 31/00
Loading...
本实用新型涉及一种汽车空调系统及六通阀，包括压缩机A、压缩机B、六通阀、室内蒸发器、室外冷凝器、节流元件，压缩机A和压缩机B分别由汽车发动机或车载电源驱动；六通阀具有与室外冷凝器连接的出气口、与室内蒸发器连接的回气口、与压缩机A的排气管A和进气管A分别连接的第一进气口和第一排气口、与压缩机B的排气管B和进气管B分别连接的第二进气口和第二排气口；六通阀可选择地将压缩机A的排气管A和进气管A或压缩机B的排气管B和进气管B与六通阀的出气口和回气口连通，形成两个各自独立的冷媒循环系统。该实用新型可以有效提高空调系统的安全性或可靠性，提高制冷效率，进一步提高压缩机的使用寿命，简化压缩机的结构，减少相应的零部件，进而减少空调系统的故障率。
54. 201937531 一种步进电机的恒转矩驱动电路
CN
17.08.2011
H02P 8/18 Loading...
H02P 8/18
Loading...
201120026755.0
山东朗进科技股份有限公司
刘美堂
H02P 8/18
Loading...
本实用新型涉及一种步进电机的恒转矩驱动电路，采用电流闭环控制方式，包括单片机控制单元，与输入的脉冲、方向控制信号连接，通过检测步进电机的输入信号控制步进电机的运转；逻辑电路，与单片机控制单元的输出端连接，用于隔离和提高电路的驱动能力；检测与放大电路，连接于绕组的输出端与单片机控制单元之间，用于实时反馈步进电机绕组流过的电流值；驱动电路，与所述逻辑电路的信号输出端连接，控制电机绕组上的电流保持恒定，进而驱动步进电机恒转矩运转及控制步进电机的运转方向。本实用新型具有输入电压高、转矩恒定、转动速度快、转矩波动小、运行功耗小、有效降低电磁噪音等优点。
55. 201935331 直流变频汽车空调控制器
CN
17.08.2011
F24F 11/00 Loading...
F24F 11/00
Loading...
201020690775.3
山东朗进科技股份有限公司
崔增良
F24F 11/00
Loading...
本实用新型涉及一种直流变频汽车空调控制器，包括控制器外壳、控制电路、电源输入端、控制器输出端及车内温度传感器，电源输入端接于汽车电平的输出端，控制器输出端接压缩机的输入端，控制电路由LC滤波电路、电源降压电路、电压检测电路、180度正弦直流变频主控制芯片IC101、电流检测电路、位置检测电路及用于驱动直流压缩机的IPM模块组成。本实用新型由汽车电平直接向控制器输出直流电源，进而驱动压缩机，实现无级变速，并同时采用了180度正弦波控制技术，压缩机不会频繁开启，始终保持稳定的工作状态，而且噪音低，压缩机的工作效率更高，提高汽车空调的能效比，节能效果也更加明显，而且压缩机的安装位置不受限制，安装灵活方便。
56. 101887275 High-precision temperature control method
CN
17.11.2010
G05D 23/19 Loading...
G05D 23/19
Loading...
200910142947.5
Shandong Longertek Technology Co., Ltd.
Li Junxue
G05D 23/19
Loading...
The invention relates to a high-precision temperature control method, which comprises the following steps of: determining the initial operation frequency of a compressor according to the difference between the initial temperature of the coolant and the set temperature and maintaining the compressor to operate for a period of time at the initial frequency till a refrigerating system of the compressor is balanced initially when the system starts operation; after the system operates normally, by using a PID algorithm, reducing the temperature of the coolant from the initial temperature to the temperature of the first balance point close to the set temperature, wherein a subdivision control method is adopted for the temperature difference e(k), the variation rate y(k) and the variation control amount u(k) of the operation frequency of the compressor to avoid the exceeding regulation and improve the control precision; and then adjusting the temperature of the coolant from the temperature T1 of the first balance point to the set temperature Ts, wherein the compressor operates continuously at the operation frequency when the set temperature Ts is reached and stabilizing the temperature of the coolant at the set temperature Ts to ensure that the temperature control precision is higher and the temperature can be controlled within the scale of +/-0.1 DEG C.
57. 201448934 空调器室外机
CN
05.05.2010
F24F 1/00 Loading...
F24F 1/00
Loading...
200820181444.X
山东朗进科技股份有限公司
曾祥学
F24F 1/00
Loading...
本实用新型涉及一种空调器室外机，包括室外机壳体，在室外机壳体内部设置有压缩机制冷部件、热交换器、风机部件及电器控制部件，电器控制部件中设置有用于与室内机电源线连接的电源接线排，在室外机内还设置一个电源插座，电源插座与电源接线排电线连接。将电源插座靠近电源接线排处固定，在与电源插座和电源接线排位置相对应的室外机壳体上设置有可以拆卸的维修盖板。在维修空调器室外机时，可以将维修工具的电源线插头直接插在该电源插座上，为维修工具供电，另外，将该电源插座固定在靠近维修盖板的位置，维修时拆开维修盖板就可以方便地将维修工具的电源线插头插入该电源插座中，维修十分方便。
58. 101655270 PFC enabling control method for air conditioner
CN
24.02.2010
F24F 11/00 Loading...
F24F 11/00
Loading...
200810146300.5
Shandong Longertek Technology Ltd.
Ma Lin
F24F 11/00
Loading...
The invention discloses a PFC enabling control method for an air conditioner, which relevantly controls a PFC module according to the working state of a main load compressor to effectively reduce theenergy consumption of the prior control system. The control system is provided with a PFC enabling control circuit; the PFC enabling control circuit comprises an enabling signal output circuit arranged in a main control board and an enabling signal receiving circuit arranged in the PFC module; the enabling signal output circuit is connected with a main control chip in the main control board, and the enabling signal receiving circuit is connected with a PFC control chip in the PFC module; the compressor in the main control board drives and feeds back operations of the module controlled compressor, and feeds back a working state signal of the compressor to the main control chip; and the conditions for starting the PFC module to work comprise that under the premise of steady operation of thecompressor, the main control chip sends a control signal for starting the work to the PFC control chip through the enabling signal output circuit and the enabling signal receiving circuit.
59. 101656463 IGBT heat dissipation device of frequency-variable controller and method thereof
CN
24.02.2010
H02M 1/00 Loading...
H02M 1/00
Loading...
200810146299.6
Shandong Longertek Technology Ltd.
Zhang Jingchang
H02M 1/00
Loading...
The invention relates to an IGBT heat dissipation device of a frequency-variable controller and a method thereof. The device takes both IGBT heat dissipation efficiency and the circuit design cost ofa PCB board into consideration, and adopts a patched IGBT soldering and heat dissipation structure to directly solder IGBTs on the PCB board; and based on the characteristic that the sources of the IGBTs need to be connected, a metal plating on the surface of the PCB board is directly utilized to dissipate heat. Since the heat is dissipated by the metal plating on the surface of the PCB board, thecircuit of the PCB board can be simplified and optimized, meanwhile, the heat dissipation efficiency of the IGBTs can be improved, the space occupied by the heat dissipation device can be reduced, and the whole design and use cost of the frequency-variable controller can be reduced. The heat dissipation device mainly comprises the PCB board on which a plurality of IGBTs are assembled; the plurality of IGBTs are bridged together and directly soldered on the PCB board; and the metal plating used for dissipating the heat is plated on the surface of the PCB board on which the IGBTs are soldered.
60. 201402396 轨道车辆空调系统传感器检测电路
CN
10.02.2010
G05B 19/048 Loading...
G05B 19/048
Loading...
200920000327.3
山东朗进科技股份有限公司
冯来朋
G05B 19/048
Loading...
本实用新型涉及一种轨道车辆空调系统传感器检测电路，由传感器信号采集电路、用于将多个传感器信号分时轮流由一个输出口向外输出的多路转换电路、及抗干扰电路组成，抗干扰电路的输出端与空调系统的主控制芯片信号连接；其中，多路转换电路包括多路转换器，多路转换器上具有多个输入管脚、一个输出管脚、及与输入管脚数量为二进制编码关系并用于控制信号输出时序的地址选择信号输入管脚，抗干扰电路中包括电压跟随器，其输入端及输出端均串接有滤波电路。该检测电路可以实现使用单个AD口检测多路传感器信号，占用更少的芯片资源，降低芯片成本。该传感器检测电路抗干扰性能强，信号检测精度高，保证轨道车辆空调系统的控制精度。
61. 201349138 电力机车充电器
CN
18.11.2009
H02J 7/00 Loading...
H02J 7/00
Loading...
200820181445.4
山东朗进科技股份有限公司
冯来朋
H02J 7/00
Loading...
本实用新型涉及一种电力机车充电器，包括至少一组可并联的充电电路模块，该充电器的输入端接由网压经逆变后生成的交流电压，输出端向机车上的设备输出直流电压，所述充电电路模块由输入滤波电路、AC/DC转换器、DC/DC变换器、输出滤波电路所组成，其中，AC/DC转换器由整流桥及升压式PFC控制电路组成。该充电器，体积小，重量轻，搬运和维修都比较方便，有很好防尘措施，能适应大秦铁路线的粉尘污染，采用多路开关电源并联输出的方式，负载能力更强，输出精度更高。由于采用了升压式PFC控制电路，使得充电器可以在全输入电压范围内正常工作，并且保护输出电压稳定可靠，还可提高充电器的功率因数，抑制谐波电流。
62. 201303289 电源转换器
CN
02.09.2009
H02M 3/155 Loading...
H02M 3/155
Loading...
200820133571.2
山东朗进科技股份有限公司
胡文生
H02M 3/155
Loading...
本实用新型涉及一种电源转换器，包括一直流电源输入端，和一直流电源输出端，直流电源输入端与直流电源输出端之间依次连接有滤波电路、DC－DC转换电路，及直流电源输出电路，在直流电源输入端与滤波电路之间串接有用于保护电路的保险丝和二极管，DC－DC转换电路中连接有一直流电源转换芯片，滤波电路输出端的正极经串联的接地电容及二极管与直流电源转换芯片的输入端连接。直流电源输出电路包括一个串联的电感和一个接地的电容，在所述DC－DC转换电路的输出端与接地之间串接一个用于保护电路的二极管。该电源转换器，通过LM2592直流电源转换芯片来完成直流电压之间的转换，可以和其它工作电路一起生产，也可以单独加工集成电路，成本低，散热好，维修方便。
63. 201302235 军用方舱空调室内机
CN
02.09.2009
F24F 1/00 Loading...
F24F 1/00
Loading...
200820134887.3
山东朗进科技股份有限公司
魏阜勋
F24F 1/00
Loading...
本实用新型涉及一种军用方舱空调室内机，包括壳体，及置于壳体内的蒸发器、室内风机和控制器，在壳体上相应设有出风口、进风口及显示控制板，在出风口处设置有出风格栅，壳体上的出风口设置于进风口的上方，室内风机为离心风机，设置在蒸发器的上方，靠近出风口处；蒸发器靠近进风口竖直设置，在蒸发器的下方设置一接水盘，接水盘上接有排水管。本军用方舱空调室内机采用风量大的离心风机，可以满足军用方舱空气调节的需要，而且将室内风机设置于蒸发器的上方，布置更为合理，风量均匀，噪音小。本实用新型将蒸发器、室内风机及接水盘都直接固定于壳体上，可以进一步增强空调室内机整体的抗震性能。
64. 201274450 PFC模块保护电路
CN
15.07.2009
H02M 1/42 Loading...
H02M 1/42
Loading...
200820208002.X
山东朗进科技股份有限公司
岳小鹤
H02M 1/42
Loading...
本实用新型所述的PFC模块保护电路，针对IGBT开关芯片和开关二极管周围增加阻容吸收电路，以解决由于结电容而造成的IGBT开关芯片驱动波形的畸变，进而避免因导通电流过大而导致IGBT开关芯片损坏的问题，通过优化PFC模块电路保证在电流较大前提下安全可靠地工作。在交流输入端和直流输出端之间串联有整流芯片、电抗器和开关二极管，一个IGBT开关芯片与开关二极管并联。在IGBT开关芯片的集电极和发射极之间并联一阻容吸收回路，阻容吸收回路包括串联的至少一个电阻和一个电容。在开关二极管的两端并联一阻容吸收回路，阻容吸收回路包括串联的至少一个电阻和一个电容。
65. 201274448 变频控制器IGBT散热装置
CN
15.07.2009
H02M 1/00 Loading...
H02M 1/00
Loading...
200820208001.5
山东朗进科技股份有限公司
张景昌
H02M 1/00
Loading...
本实用新型所述变频控制器IGBT散热装置，兼顾IGBT散热效率和PCB板电路设计成本，采用贴片式IGBT焊接和散热结构，将IGBT直接焊接在PCB板上，基于IGBT的源级需要连接的特性，利用PCB板表面的金属镀层直接进行散热。通过PCB板表面的镀层进行散热，既有利于PCB板电路减化和优化设计，同时提高了IGBT散热效率，减小散热器占用空间，降低变频控制器的整体设计和使用成本。其主要包括有安装数个IGBT的PCB板，数个IGBT相互之间进行桥式连接并直接焊接在PCB板上，PCB板焊接IGBT的一侧表面涂附有一用于散热的金属镀层。
66. 201274212 电抗器
CN
15.07.2009
H01F 27/02 Loading...
H01F 27/02
Loading...
200820208003.4
山东朗进科技股份有限公司
崔增良
H01F 27/02
Loading...
本实用新型所述的电抗器，采用先安装线圈和磁材、后进行胶料灌装的加工工艺，电抗器整体为一密闭结构，其内部线圈与磁材均不外露，可整体地安装或拆卸电抗器，起到保护线圈不易受到损坏的设计目的。电抗器主要具有一个整体式密闭外壳，在外壳内部容纳有线圈和磁材，在外壳的侧面设有线圈连线出孔，在缠绕有线圈的磁材与外壳内壁之间，填充着固态胶料。整体式外壳将线圈等部件密闭地收纳在内部，从而在线圈与磁材外部形成一绝缘层，线圈不会生锈而影响到电感系数。电抗器的外壳具有柱状外形，在外壳的中心设有一安装孔。一定位螺栓贯穿于安装孔，在定位螺栓和外壳的顶端设有紧固螺母。外壳通过定位螺栓直接安装在定位板上。
67. 101251286 System and method for controlling emergency draft of air conditioner
CN
27.08.2008
F24F 11/00 Loading...
F24F 11/00
Loading...
200710003331.0
Laiwu Sanhe Technology Co., Ltd.
Wang Hualei
F24F 11/00
Loading...
The invention provides a control system for emergency ventilation for an air conditioning and a method thereof, adopting a circuit design of a filter circuit and an inverter structure which are used by a direct current loop and an alternating current loop in common, and driving the emergency ventilator to operate by a three-phase alternating-current supply with a higher frequency and a higher voltage value performing an inversion after the direct current is boosted. Integrated detecting and switching loops of alternating current and direct current are adopted, and the alternating current and the direct current use the same group of the filter circuit and the inverter in common to achieve the simplification of a circuit structure and improve the integration capability of the control system. Alternating current and direct current option circuits of the control system comprises contacts (KM1), (KM2) and a thermistance, wherein a main contact of the contactor (KM1) is connected in a loop of a direct current input circuit, and the main contact of the contactor (KM2) is connected in a loop of an alternating current input circuit (2); the thermistance is connected with a normally closed auxiliary contact of the contactor (KM1) in series, and is connected on a group of contacts of the contactor (KM2).
68. 101237215 Car air-conditioner frequency conversion control system and its method
CN
06.08.2008
H02P 27/04 Loading...
H02P 27/04
Loading...
200710003330.6
Laiwu Sanhe Science and Technology Co., Ltd.
Wang Hualei
H02P 27/04
Loading...
The invention provides a vehicle air conditioner frequency conversion control system and a method thereof. A vehicle DC power supply is led directly; a stabilized voltage supply of the air conditioner is used to directly output a DC to a converter plant; each set of frequency transformators of the converter plant provides a threephase AC to a system unit of the air conditioner to drive each system unit of the conditioner to run in a mode of frequency conversion. The invention realizes the simplification of the conversion process of the vehicle air conditioner using the power supply, effectively reduces the energy consumption, raises the utilization efficiency of the power supply, greatly reduces the capacity of the power supply transfer device on the vehicle and reduces the volume of the air conditioner control circuit. The stabilized voltage supply of a voltage control module is directly led to the vehicle DC power supply; the DC power output terminal of the stabilized voltage supply is directly connected with the converter plant which is connected with an MCU by an asynchronous communication bus. The converter plant at least comprises two sets of frequency transformators; the power supply input terminals between frequency transformators are connected in parallel and are connected with the MCU by a common communication bus.
69. 1862932 Method for inhibiting harmonic current
CN
15.11.2006
H02M 1/14 Loading...
H02M 1/14
Loading...
200510043525.4
Qingdao Langjin Software Co., Ltd.
Li Jingen
H02M 1/14
Loading...
The invention provides the harmonic current restraining method. It provides the changing of the load current value based on the positive, negative cycle, the comparative MCU module is applied to control the opening, breaking estate of the switch setting connecting the two outputs of the bridge rectifier and the accounting empty percentage during the shutting estate, so the restraining harmonic wave, the improving of the power factor and the raise of the direct current side voltage can be realized. The controlling switch is on the state of the cutting during the first controlling time segment t1; the MCU controlling chip controlling switch can conduct the high frequent switch between the state of the shutting and the cutting during the second controlling time section t2; the switch is cutting during the third controlling time section t3, so the current through the loading depresses and the rises, and it can tend to the second peak value current V2 gradually. The MCU controlling chip controlling switch can conduct the high frequent switch between the state of the shutting and the cutting during the four controlling time section t4.
70. 1847041 Integral locomotive air conditioner
CN
18.10.2006
B60H 1/32 Loading...
B60H 1/32
Loading...
200510042266.3
Qingdao Langjin Software Co., Ltd.
Zhang Baoheng
B60H 1/32
Loading...
The integral locomotive air conditioner is installed integrally in the top of locomotive via installing angles and includes indoor set and outdoor set in parallel inside one integral casing. Most of the pipe parts are inside the outdoor set to reduce noise and the interference on the inside. The integral locomotive air conditioner includes one casing, one indoor set, one outdoor set, installing angles, one indoor set wind scooper, one air intake grate connecting the air inlet of the indoor set and the top of the locomotive, and one air outlet grate connecting the air outlet of the indoor set and the top of the locomotive.

