1. 106585752 一种可调稳定角、可伸展的工程机械底盘
CN
26.04.2017
B62D 55/116 Loading...
B62D 55/116
Loading...
201611186082.9
山河智能装备股份有限公司
范峥嵘
B62D 55/116
Loading...
本发明公开了一种可调稳定角、可伸展的工程机械底盘，第一左连杆体和第二左连杆体的一端分别与中间体的左侧铰接，第一左连杆体和第二左连杆体的另一端分别与左行走梁铰接，第一右连杆体和第二右连杆体的一端分别与中间体的右侧铰接，第一右连杆体和第二右连杆体的另一端分别与右行走梁铰接；在中间体的左侧与左行走梁之间连接有左展开油缸，在中间体的右侧与右行走梁之间连接有右展开油缸。本发明可应用于不同姿态时上部重心位置变化范围大的设备，如桩工机械设备，起重机械设备等，本发明能保证设备良好的侧向稳定性和运输通过性、增强机器的前后稳定性、减轻整机重量、降低成本和能耗。
2. 106592939 一种连续自动化涂覆装置
CN
26.04.2017
E04F 21/10 Loading...
E04F 21/10
Loading...
201611191980.3
山河智能装备股份有限公司
张德胜
E04F 21/10
Loading...
一种连续自动化涂覆装置，包括套筒和转筒，所述套筒内设有与转筒大小相匹配的旋转空间，所述转筒通过转轴安装在套筒的旋转空间内，所述转轴通过动力机构带动旋转，所述套筒上设有与旋转空间连通的进料口和出料口，所述转筒的外侧面上沿圆周方向均匀排布有多个轴向布设的送料凹槽。本发明充分借鉴了手工抹砂浆的动作特点，与动力平台结合后，与材料输送设备一起使用，本装置能够在建筑物表面进行连续高效的自动化涂抹装饰材料的作业。
3. 104454737 一种用于小型挖掘机的片式多路阀液压系统
CN
26.04.2017
F15B 13/02 Loading...
F15B 13/02
Loading...
102014000782844
山河智能装备股份有限公司
章浩
F15B 13/02
Loading...
本发明公开了一种用于小型挖掘机的片式多路阀液压系统，行走直线阀(2)位于左、右行走阀之间，其进油口分别连接进油联(001)的P1、P2口，出油口分别连接上中央旁通路(103)和下并联路(102)。当无行走直线信号，挖掘机做正常动作时，P1口压力油通过下中央旁通路(101)和并联油路(102)供右行走阀(3)和动作阀；P2口压力油通过上中央旁通路(103)和并联油路供(104)供左行走阀(1)和动作阀。当挖掘机行走并进行复合动作时，行走直线阀(2)对主油路进行切换，使P1口压力油供左、右行走阀(1)(3)，P2口压力油供动作阀。本发明在不影响挖掘机复合动作和操作性能的情况下，较目前小挖液压系统减少了一个供油主泵，降低了系统能耗，同时简化了多路阀系统。
4. 106593993 一种双缸顺序伸缩油缸
CN
26.04.2017
F15B 15/16 Loading...
F15B 15/16
Loading...
201611218745.0
山河智能装备股份有限公司
李刚晖
F15B 15/16
Loading...
一种双缸顺序伸缩油缸，包括伸缩平衡阀、第一活塞杆、第一导管、第一活塞缸体、连通管，第一推式单向阀、第二活塞杆，第二导管、第二活塞杆缸、第二推式单向阀、缓冲阀、第一、第二连接管组成，所述的双缸伸缩缸，伸缩平衡阀与第一活塞杆连接，通过伸缩平衡阀实现伸缩缸的安全自锁；通过在第一活塞缸体的头部的第一推式单向阀实现先伸第一活塞缸再伸第二活塞缸的顺序伸出，通过第二活塞杆头部的第二推式单向阀实现先缩第二活塞缸再缩第一活塞缸的顺序缩回。通过第二活塞缸体的底部缓冲阀实现缩回时两缸切换的平缓过渡。
5. 106592671 一种侧方位铣挖机
CN
26.04.2017
E02F 5/08 Loading...
E02F 5/08
Loading...
201611226158.6
山河智能装备股份有限公司
刘利明
E02F 5/08
Loading...
一种侧方位铣挖机，包括铣挖轮总成、机身和设置在机身上的司机室，所述铣挖轮总成安装在垂直伸缩臂的伸缩端上，所述铣挖轮总成通过安装在机身上的水平支撑臂和安装在水平支撑臂伸缩端上的垂直伸缩臂设置在司机室左前方，所述水平支撑臂控制铣挖轮总成侧向伸出机身的长度,所述水平伸缩臂完全缩回后，铣挖轮总成设置在机身宽度范围内，所述垂直伸缩臂控制铣挖轮总成铣挖深度，所述垂直伸缩臂完全缩回后，所述铣挖轮总成离地面设有一定距离。本发明视野好，操作方便，可以实时监控铣挖轮的工作状态，降低操作难度，保证操作的安全性，防止灰尘上扬,适应于道路两边水沟铣挖。
6. 206131752 一种基于切削式开眼的多自由度矿热炉开堵眼机
CN
26.04.2017
F27D 3/15 Loading...
F27D 3/15
Loading...
202016001015100
山河智能装备股份有限公司
何清华
F27D 3/15
Loading...
一种基于切削式开眼的多自由度矿热炉开堵眼机，包括回转切削式开眼机、堵眼机及其共用的多自由度可调式平台。开眼机为回转切削式结构，其上设有回转切削装置、推进装置和伸缩臂，推进装置推动回转切削装置在伸缩臂上进给作业；多自由度可调式平台设有变幅装置、升降装置、行走装置。根据炉眼实时位置，本实用新型通过升降装置的升降、变幅装置角度增减、伸缩臂的伸缩和行走装置的环形位移来实现各工位多自由度位置调整定位，又由于本实用新型使用回转切削式开眼取代传统的气动或液压凿岩机钻眼，降低了成本,提升了开眼成孔质量。
7. 206131744 一种矿热炉加料推料车以及与推料车配套使用的加料斗
CN
26.04.2017
F27D 3/00 Loading...
F27D 3/00
Loading...
201621093236.5
山河智能装备股份有限公司
王玲
F27D 3/00
Loading...
一种矿热炉加料推料车以及与推料车配套使用的加料斗，包括车架、安装在车架上的司机室、工作装置和安装在车架下方的行走机构，所述行走机构的车前后轮均采用实心轮胎，所述司机室外安装有防护装置，所述工作装置包括固定架、伸缩推杆、倾斜油缸、伸缩油缸和防护罩，所述固定架的前端设有方便安装加料斗和推料杆的快换挂板结构，所述固定架的尾端铰接在车架上，所述固定架和车架之间还铰接有实现固定架绕铰接点上下摆动的倾斜油缸；所述固定架上通过导向装置安装有伸缩推杆，所述伸缩推杆与安装在固定架上的伸缩油缸的活动端连接，所述伸缩油缸带动伸缩推杆沿固定架方向从固定架的前端伸出。本装置结构简单、使用方便、工作效率高、操作舒适、安全可靠。
8. 206128152 一种正反铲两用的挖掘机铲斗
CN
26.04.2017
E02F 3/40 Loading...
E02F 3/40
Loading...
201621183972.X
山河智能装备股份有限公司
王德军
E02F 3/40
Loading...
一种正反铲两用的挖掘机铲斗，包括右侧板组件、齿座、主刀板、左侧板组件、背板组件、连接座和弯板，所述背板组件是包括底板和固定在底板上的加强强度的筋板，一组所述连接座固定在底板和筋板上，所述连接座上设有两组孔，所述两组孔的孔距与挖掘机斗杆和挖掘机连杆的铰接端的间距相匹配，使得当挖掘机的斗杆铰接在其中一组孔内时，挖掘机的连杆可以对应铰接在另一组孔内。本实用新型是一种在不改变其它条件的前提下，同一个铲斗在同一台挖掘机上可以实现正反装快换使用，从而使得挖掘机达到正反铲功能的铲斗。
9. 206128037 一种岛礁基础施工平台的行走系统
CN
26.04.2017
E02B 17/02 Loading...
E02B 17/02
Loading...
201621142634.1
山河智能装备股份有限公司
何清华
E02B 17/02
Loading...
一种岛礁基础施工平台的行走系统，包括平台主体、行走撑杆和行走装置，所述行走撑杆通过径向限位装置穿过平台主体伸向海底，所述行走撑杆的上端设置在平台主体的上方，下端与行走装置连接并且所述行走撑杆的下端沉入水下使得行走装置与海底接触，所述行走装置通过动力装置带动行走。本实用新型是一种操作简单，大大节约了施工时间，保证定位的快速精确的岛礁基础施工平台的行走系统。
10. 206128038 一种带钻吊设备的自行式岛礁基础施工平台
CN
26.04.2017
E02B 17/02 Loading...
E02B 17/02
Loading...
201621143738.4
山河智能装备股份有限公司
何清华
E02B 17/02
Loading...
一种带钻吊设备的自行式岛礁基础施工平台，包括平台主体和钻吊一体钻机，所述平台主体上设有至少一个行走机构，所述行走机构带动平台主体行走，所述平台主体的中部安装有钻吊一体钻机，所述平台主体的至少一侧设有深入平台主体一定距离的施工开口，所述施工开口深入的位置置于钻吊一体钻机的钻机正下方，所述施工开口与钻机钻杆的大小相匹配。本实用新型是一种操作简单、平台稳定可靠、保证了成桩质量，保证平台定位的快速精确，大大节约了施工时间，大大降低建设成本和工作量的带钻吊设备的自行式岛礁基础施工平台。
11. 206129734 一种活塞式蓄能器
CN
26.04.2017
F15B 1/04 Loading...
F15B 1/04
Loading...
201621126990.4
山河智能装备股份有限公司
王德军
F15B 1/04
Loading...
一种活塞式蓄能器，包括液压缸和气压缸，所述液压缸的第一导向端盖和气压缸的第二导向端盖通过连接座密封连接，使得所述第一导向端盖、第二导向端盖和连接座之间形成一密封空间，所述液压缸的第一活塞杆和气压缸的第二活塞杆在所述密封空间内同轴连接。本实用新型活塞式蓄能器液腔和气腔的腔体分离，通过第一活塞杆与第二活塞杆点接触进行压力传递，可以根本解决解决活塞式蓄能器窜油、窜气的现象，可以使得蓄能器工作可靠，延长其使用寿命，制造工艺性加强，制造难度降低。
12. 206093158 一种微位移驱动开关阀
CN
12.04.2017
F16K 31/44 Loading...
F16K 31/44
Loading...
201621119758.8
浙江大学
张军辉
F16K 31/44
Loading...
本实用新型公开了一种微位移驱动开关阀，包括微位移驱动器、微位移放大机构、开关阀阀芯组件和阀体基座；微位移放大机构采用由三个滚珠与两个三角斜面组合的三角放大原理对微位移驱动器输出的微位移进行放大；开关阀阀芯组件采用上下阀芯等径分离结构平衡液压力及方便阀芯的装配；阀体基座将微位移驱动器安装空间、微位移放大机构安装空间、开关阀阀芯组件安装空间整合为一体。本实用新型微位移放大器可将位移从微米级放大为毫米级，其结构简结，易于实现；为减少驱动的阻力，开关阀芯采用等径分离结构，作用于阀芯轴向的液压力大幅减少，且便于装配；阀体基座将微位移驱动部分、位移放大部分、开关阀套部分设计为一体，结构紧凑。
13. 206092744 一种液压离合器供油和控制装置
CN
12.04.2017
F16D 25/12 Loading...
F16D 25/12
Loading...
201621120851.0
浙江大学
张军辉
F16D 25/12
Loading...
本实用新型公开了一种液压离合器供油和控制装置，它包括液压泵站和液压控制阀组。其中液压泵站包括油箱、交流电机、液压泵、空气过滤器、电子液位液温计、电子液位计、液位液温计、液位计、截止球阀、蝶阀、流量计，用于连接的钟形罩、钟形罩垫片、法兰垫片、减震环、联轴器、堵头和软管；液压控制阀组包括阀块、阀块安装板、吊耳螺栓、堵头、过滤器、单向阀、伺服阀、溢流阀、节流阀、测压接头、蓄能器、压力传感器和压力表。本实用新型装置可以实现液压离合器的快速啮合和压力控制，本实用新型装置具有瞬间流量大，压力控制精确和流量控制范围大的优点。
14. 206092743 一种液压离合器冷却装置
CN
12.04.2017
F16D 25/12 Loading...
F16D 25/12
Loading...
201621119746.5
浙江大学
张军辉
F16D 25/12
Loading...
本实用新型公开了一种液压离合器冷却装置，它包括冷却油回收箱、液压动力单元和油冷却器，其中冷却油回收箱包括冷却油回收罩、密封圈、截止球阀、冷却油回收罩底座和集油池；液压动力单元包括减震条、油箱、阀块、隔板、液位液温计、温度计、蝶阀、交流电机、联轴器、液压泵、软管、单向节流阀、压力传感器、截止球阀、流量计、过滤器、压力表、测压接头、溢流阀、空气过滤器、液位计、钟形罩。本实用新型装置可以实现对于离合器冷却油的全面回收，具有油液回收装置布置灵活，回收和冷却效率高，油液过滤效果好的优点。
15. 106542449 一种吊钩收钩装置
CN
29.03.2017
B66D 1/20 Loading...
B66D 1/20
Loading...
201611206760.3
山河智能装备股份有限公司
李刚晖
B66D 1/20
Loading...
一种吊钩收钩装置，吊钩上有活动压板，并且活动压板上加有防撞缓冲垫，并可沿吊钩垂直方向移动，而压缩弹簧安装在活动压板和吊钩之间；所述吊钩上配有活动扶手，可以沿安装轴向转动。所述的钢丝绳通过绕滑轮组，通过臂头上的导向半月块，穿过吊臂，再安装的锲套上；所述的锲套安装在吊环上，而吊环与吊臂起升滑轮同轴。本装置大大提高了钢丝绳固定端锲套与吊钩的距离，给起升高度限报警器的重锤留有足够的空间，即给钢丝绳拉紧收钩提供了足够空间。同时在拉紧过程中，吊臂下部，吊钩上的活动压板有缓冲垫，在吊钩与臂头接触瞬间,减少撞击噪音和缓冲作用，同时还有弹簧作用，也对钢丝绳起到缓冲的作用。此装置不用在臂头有吊钩处塞大木头等来缓冲，而且不用再用挂钩钢丝绳来固定吊钩，方便可靠。
16. WO/2017/045625 PILE FRAME AND METHOD OF USING AND MOUNTING SAME
WO
23.03.2017
E02D 7/16 Loading...
E02D 7/16
Loading...
PCT/CN2016/099087
SUNWARD INTELLIGENT EQUIPMENT CO.,LTD.
QIAN, Huanyun
E02D 7/16
Loading...
Provided is a pile frame, comprising a base plate (1), a machine body (2), an upright post (3), a diagonal strut (4) and an A-shaped bracket (5). The diagonal strut (4) is provided with a protruding connector (4e) and a movable connecting base (4g). The A-shaped bracket (5) is provided with a first transition connecting base (5c) and a second transition connecting base (5d). A retractable rear leg (2d) of the machine body (2) is provided with a fixed connecting base (2h). Further provided is a method of using and mounting the pile frame.
17. 106522849 一种平衡式鹅头
CN
22.03.2017
E21B 15/00 Loading...
E21B 15/00
Loading...
102016001193446
山河智能装备股份有限公司
何清华
E21B 15/00
Loading...
一种平衡式鹅头，包括鹅头本体、上连接座、下连接座、拉绳和张紧装置，所述鹅头本体固定在上连接座上，所述下连接座固定在钻机桅杆上，所述上连接座通过转轴铰接在下连接座上，使得上连接座可绕转轴沿钻具动作方向旋转，所述鹅头本体远离钻具的一端通过拉绳与张紧装置连接，所述张紧装置固定在钻机上，本装置在具有工作时不受倾覆力矩作用，只承受正压力的优点，可提高桅杆承载能力，增加钻机最大提升力。
18. 106516517 一种垃圾转运车车厢后门启闭装置
CN
22.03.2017
B65F 3/26 Loading...
B65F 3/26
Loading...
201611208989.0
山河智能装备股份有限公司
陈快
B65F 3/26
Loading...
一种垃圾转运车车厢后门启闭装置，包括与垃圾转运车车厢后门连接的侧臂，所述侧臂的一端与后门固接，另一端铰接在与垃圾转运车车厢固定连接的腰型孔座上，还包括设置在侧臂正下方的油缸，所述油缸的一端铰接在垃圾转运车车厢上，另一端铰接在侧臂上，所述腰型孔座上的腰形孔设置的方向使得，当油缸活塞杆伸出时，侧臂和后门先沿着腰型孔朝远离垃圾转运车车厢的方向运动一段距离，使得后门与垃圾转运车车厢脱离。本发明与传统后门装置相比，调整了油缸布置角度，使后门结构受力更加合理。运用液压和机械共同锁紧的方式，减小了对元器件高精度的依赖，降低了成本，并使得密封效果更加显著。增加了污水收集装置，有效防止二次污染。
19. 206015770 一种钩掘机
CN
15.03.2017
E02F 5/32 Loading...
E02F 5/32
Loading...
201620929665.5
山河智能装备股份有限公司
范峥嵘
E02F 5/32
Loading...
一种钩掘机，包括底盘装置、钩掘车体和工作装置，所述工作装置包括动臂、斗杆和松土器，所述动臂的一端铰接在钩掘车体上，另一端铰接在斗杆的中部，所述钩掘车体与动臂之间安装有带动动臂动作的动臂油缸；所述斗杆与动臂之间安装有带动斗杆动作的斗杆油缸，所述斗杆的下端铰接有松土器，所述斗杆和松土器之间安装有带动松土器动作的铲斗油缸，所述铲斗油缸通过连杆机构与松土器连接。本装置可以实现破碎松土的作业功能，改善工作环境，提高作业效。
20. 206016694 一种具有钻杆跟随扶持功能的桩工机械
CN
15.03.2017
E21B 17/00 Loading...
E21B 17/00
Loading...
201620925986.8
山河智能装备股份有限公司
刘进学
E21B 17/00
Loading...
一种具有钻杆跟随扶持功能的桩工机械，包括钻杆、钻桅和卷扬系统，所述卷扬系统和钻桅下部安装在机身前部，所述钻桅的前侧设有与钻杆高度相匹配的导轨，所述钻杆从上到下依次安装有跟随扶持器、提升装置和下夹持导向机构，所述提升装置和下夹持导向机构的前端均安装有一可夹紧和松开钻杆的夹紧装置，所述跟随扶持器、提升装置和下夹持导向机构的另一端设置有滑套,其滑动连接在所述导轨上。本实用新型在不改变钻桅高度的前提下，使得机器的钻进深度得到较大幅度的提升。
21. 106400766 一种岛礁基础施工平台的行走系统
CN
15.02.2017
E02B 17/02 Loading...
E02B 17/02
Loading...
102016000914992
山河智能装备股份有限公司
何清华
E02B 17/02
Loading...
一种岛礁基础施工平台的行走系统，包括平台主体、行走撑杆和行走装置，所述行走撑杆通过径向限位装置穿过平台主体伸向海底，所述行走撑杆的上端设置在平台主体的上方，下端与行走装置连接并且所述行走撑杆的下端沉入水下使得行走装置与海底接触，所述行走装置通过动力装置带动行走。本发明是一种操作简单，大大节约了施工时间，保证定位的快速精确的岛礁基础施工平台的行走系统。
22. 106394708 一种可变接近角离去角的越障车
CN
15.02.2017
B62D 53/00 Loading...
B62D 53/00
Loading...
102016000810817
山河智能装备股份有限公司
何清华
B62D 53/00
Loading...
一种可变接近角离去角的越障车，包括第一行走车和第二行走车，所述第一行走车和/或第二行走车通过独立的驱动机构带动行走，所述第一行走车的第一车架尾端与第二行走车的第二车架前端活动连接，并且所述第一车架的尾部还设有液压缸与第二车架活动连接，所述液压缸锁止在收缩位时，所述第一行走车的前轮和第二行走车的后轮抬离地面，所述液压缸锁止在伸长位时，所述第一行走车的后轮和第二行走车的前轮抬离地面，所述液压缸在浮动状态时，所述第一行走车和第二行走车自由动作。本装置具有强劲的动力，能够大幅提高车辆在崎岖不平的道路上的通过能力和越障能力，也具有很强的通过垂直墙及跨沟能力。
23. 106394820 一种岛礁基础施工平台
CN
15.02.2017
B63B 35/44 Loading...
B63B 35/44
Loading...
102016000915254
山河智能装备股份有限公司
何清华
B63B 35/44
Loading...
一种岛礁基础施工平台，包括平台主体，所述平台主体的至少一侧设有深入平台主体一定距离的施工开口，所述施工开口的大小与需定位的施工部件大小相匹配。本发明是一种能方便高效的进行岛礁成桩的基础施工平台。
24. 105089053 一种桩架及其使用安装方法
CN
01.02.2017
E02D 7/16 Loading...
E02D 7/16
Loading...
102015000581326
山河智能装备股份有限公司
钱奂云
E02D 7/16
Loading...
本发明公开了一种桩架及其使用安装方法，桩架主要包括：底盘1、机身2、立柱3、斜支撑4和人字架5；其特征在于：斜支撑4上还设有外伸连接器4e和活动连接座4g；人字架5上还设有过渡连接座甲5c和过渡连接座乙5d；机身2的可伸缩后支腿2d上还设有固定连接座2h；其可实现大型桩架简单便捷地自行立桅倒桅、立柱与斜支撑无需解体即可整体运输，同时确保桩架立柱支撑结构合理，从而降低使用成本、提升工作效率、提高整机稳定性和安全可靠性。
25. 106368199 一种带钻吊设备的自行式岛礁基础施工平台
CN
01.02.2017
E02B 17/02 Loading...
E02B 17/02
Loading...
201610915868.3
山河智能装备股份有限公司
何清华
E02B 17/02
Loading...
一种带钻吊设备的自行式岛礁基础施工平台，包括平台主体和钻吊一体钻机，所述平台主体上设有至少一个行走机构，所述行走机构带动平台主体行走，所述平台主体的中部安装有钻吊一体钻机，所述平台主体的至少一侧设有深入平台主体一定距离的施工开口，所述施工开口深入的位置置于钻吊一体钻机的钻机正下方，所述施工开口与钻机钻杆的大小相匹配。本发明是一种操作简单、平台稳定可靠、保证了成桩质量，保证平台定位的快速精确，大大节约了施工时间，大大降低建设成本和工作量的带钻吊设备的自行式岛礁基础施工平台。
26. 106368198 一种自行式岛礁基础施工平台
CN
01.02.2017
E02B 17/02 Loading...
E02B 17/02
Loading...
201610914882.1
山河智能装备股份有限公司
何清华
E02B 17/02
Loading...
一种自行式岛礁基础施工平台，包括平台主体，所述平台主体上设有至少一个行走机构，所述行走机构带动平台主体动作，所述平台主体的至少一侧设有深入平台主体一定距离的施工开口，所述施工开口的大小与需定位的施工部件大小相匹配。本发明是一种操作简单、平台稳定可靠、保证了成桩质量，保证平台定位的快速精确，大大节约了施工时间的自行式岛礁基础施工平台。
27. 106351891 一种液压油箱泄压装置
CN
25.01.2017
F15B 1/26 Loading...
F15B 1/26
Loading...
102016001065079
山河智能装备股份有限公司
何清华
F15B 1/26
Loading...
一种液压油箱泄压装置，包括泄压装置和空气过滤装置。所述的泄压装置由水平延伸的筒状体、第一活塞、第一弹簧、第二活塞、第二弹簧；所述空气过滤装置由空气过滤器、端直通接头及软管组成；所述的泄压装置加上第二密封圈及螺钉装配在液压油箱结构件上；所述的空气过滤装置通过端直通接头装配在泄压装置上。在本发明的液压油箱泄压装置中，由于所述第一活塞与第二活塞安装有第一弹簧、第二活塞与筒状体之间安装有第二弹簧，第一弹簧及第二弹簧的弹力小于液压油箱结构件产生形变所承受的力，因此，当液压油进出液压油箱结构件时，所产生的压力优先被弹簧吸收，避免液压油箱结构件承受压力，从而在根本上解决液压油箱结构件的开裂。
28. 106286430 一种活塞式蓄能器
CN
04.01.2017
F15B 1/04 Loading...
F15B 1/04
Loading...
201610900922.7
山河智能装备股份有限公司
王德军
F15B 1/04
Loading...
一种活塞式蓄能器，包括液压缸和气压缸，所述液压缸的第一导向端盖和气压缸的第二导向端盖通过连接座密封连接，使得所述第一导向端盖、第二导向端盖和连接座之间形成一密封空间，所述液压缸的第一活塞杆和气压缸的第二活塞杆在所述密封空间内同轴连接。本发明活塞式蓄能器液腔和气腔的腔体分离，通过第一活塞杆与第二活塞杆点接触进行压力传递，可以根本解决解决活塞式蓄能器窜油、窜气的现象，可以使得蓄能器工作可靠，延长其使用寿命，制造工艺性加强，制造难度降低。
29. 205858207 一种潜孔钻动力头缓冲装置
CN
04.01.2017
E21B 17/07 Loading...
E21B 17/07
Loading...
201620784310.1
山河智能装备股份有限公司
何清华
E21B 17/07
Loading...
一种潜孔钻动力头缓冲装置，包括螺纹连接头、花键轴和花键套，所述花键轴安装在花键套中，所述花键轴通过花键套安装在螺纹连接头上，所述螺纹连接头与动力头主轴连接，所述动力头主轴与螺纹连接头连接的一端外侧上加工有一圈凹槽，所述螺纹连接头的上端面通过法兰与动力头主轴连接，所述法兰为至少两半拼装而成，所述法兰的上端设有与所述凹槽相匹配的凸圈，所述法兰与螺纹连接头连接后，所述凸圈安装在所述凹槽内。本装置不仅具有减振、缓冲，保护螺纹作用，还具有一定的导向作用，并且与动力头主轴之间具备防松功能，可以提高动力头的使用效率和寿命。
30. 106286429 一种可多级增压的节能控制阀
CN
04.01.2017
F15B 1/02 Loading...
F15B 1/02
Loading...
102016000959173
山河智能装备股份有限公司
何清华
F15B 1/02
Loading...
一种可多级增压的节能控制阀，包括油路再生阀、能量收集阀和能量释放阀，所述油路再生阀包括再生开关阀和防逆流保压阀，所述再生开关阀包括带保压功能的常位和再生开启位，其切换受第一先导控制信号口控制，再生开关阀的入口通过第一油口与动臂装置油缸大腔油路连接，再生开关阀的出口通过防逆流保压阀及第二油口与动臂装置油缸小腔油路连接，所述再生开关阀和所述防逆流保压阀之间设有油路与所述能量收集阀连接，本装置根据外部输入指令可实现回收能量的首次增压，能量收集阀通过外接增压装置可实现二次增压，从而依据需要可对回收的能量进行一次或多次增压然后再进行利用。
31. 205858174 一种组合式潜孔锤密封防松结构
CN
04.01.2017
E21B 4/14 Loading...
E21B 4/14
Loading...
201620786753.4
山河智能装备股份有限公司
何清华
E21B 4/14
Loading...
一种组合式潜孔锤密封防松结构，包括气孔阻尼调节装置、接咀、压板、密封垫、螺栓、弹簧垫圈、圆螺母、冲击器上接头、定位锥套，冲击器上接头通过圆螺母锁紧到定位锥套上；接咀通过使用压板、密封垫、螺栓和弹簧垫圈压紧在冲击器上接头上；接咀上装有气孔阻尼调节装置，能够调整进气量大小；冲击器上接头与接咀和定位锥套间为锥面接触，由于压盖的压紧力作用和圆螺母的锁紧力作用，两对锥面副的接触面间发生弹性形变，贴合紧密，能够产生较大的摩擦力，因而可以起到密封防松的作用。
32. 106247803 一种基于切削式开眼的多自由度矿热炉开堵眼机
CN
21.12.2016
F27D 3/15 Loading...
F27D 3/15
Loading...
201610781973.2
山河智能装备股份有限公司
何清华
F27D 3/15
Loading...
一种基于切削式开眼的多自由度矿热炉开堵眼机，包括回转切削式开眼机、堵眼机及其共用的多自由度可调式平台。开眼机为回转切削式结构，其上设有回转切削装置、推进装置和伸缩臂，推进装置推动回转切削装置在伸缩臂上进给作业；多自由度可调式平台设有变幅装置、升降装置、行走装置。根据炉眼实时位置，本发明通过升降装置的升降、变幅装置角度增减、伸缩臂的伸缩和行走装置的环形位移来实现各工位多自由度位置调整定位，又由于本发明使用回转切削式开眼取代传统的气动或液压凿岩机钻眼，降低了成本,提升了开眼成孔质量。
33. 205784716 一种管壳式冷却器
CN
07.12.2016
F28D 7/00 Loading...
F28D 7/00
Loading...
202016000042926
佛山市金银河智能装备股份有限公司
张启发
F28D 7/00
Loading...
本实用新型实施例公开了一种管壳式冷却器，用于解决现有管壳式换热器内冷却介质长期在壳程中滞留容易结垢，不易清理，导致冷却效果减弱的问题。本实用新型实施例中一种管壳式冷却器，包括：左右两端导通的管道主体，在所述管道主体的管路方向上从所述管道主体的管壁穿过多组换热列管，所述多组换热列管之间等间距交错排列；所述管道主体的管壁外侧密封包围有管道夹套，所述换热列管的两端开口处于所述管道主体的管壁外侧与所述管道夹套之间；所述管道夹套上设有供冷却介质进入的夹套入口，以及供冷却介质排出的夹套出口。
34. 205776435 一种挖掘机多油缸动臂举升结构
CN
07.12.2016
E02F 3/38 Loading...
E02F 3/38
Loading...
202016000469280
山河智能装备股份有限公司
何清华
E02F 3/38
Loading...
一种挖掘机多油缸动臂举升结构，包括动臂本体、左油缸、右油缸、中油缸和转台体，所述动臂本体的端部铰接在转台体的A点上，所述中油缸的一端铰接在动臂本体的E点上，另一端铰接在转台体的C点上，所述左油缸和右油缸分别对称设置在中油缸的两侧，并且所述左油缸和右油缸的一端同轴铰接在动臂本体的D点上，另一端同轴铰接在转台体的B点上，各销轴铰点角度、距离同时满足AD:AE＝AB:AC＝0.8～1.2、∠DAE＝∠BAC±10°。本实用新型结构简单，利于液压系统的控制，动臂结构简单、各孔加工容易，销轴拆装便利。
35. 205743871 一种潜孔钻机自动防卡杆控制装置
CN
30.11.2016
E21B 44/00 Loading...
E21B 44/00
Loading...
202016000419088
山河智能装备股份有限公司
赵俊波
E21B 44/00
Loading...
一种潜孔钻机自动防卡杆控制装置，包括油箱、变量泵组、液控多路换向阀、钻杆推进马达、钻杆回转马达和推进先导手柄，所述的推进先导手柄的a口与电磁换向阀的p口相连，b口与三通梭阀相连，所述电磁换向阀的a1口与第一液控多路换向阀的a2口相连，b1口与三通梭阀相连，t口与油箱相连，所述三通梭阀的出口与第一液控多路换向阀的b2口相连，压力继电器与钻杆回转马达正转A2口和第二液控多路换向阀A1口之间的油路相连，所述压力继电器的输出端与PLC控制器的输入端相连，所述PLC控制器的输出端与电磁换向阀的线圈相连。本实用新型通过压力继电器和PLC控制器控制电磁换向阀得电，实现了钻杆反向上提的自动操作，有效解决了卡杆问题。
36. 205742337 一种液压挖掘机油液再生控制回路
CN
30.11.2016
E02F 9/22 Loading...
E02F 9/22
Loading...
202016000045730
山河智能装备股份有限公司
陈艳军
E02F 9/22
Loading...
一种液压挖掘机油液再生控制回路，包括液压主泵、斗杆油缸、斗杆控制阀、先导控制信号，包括一个为先导控制信号提供压力源和为主泵排量调节提供控制压力的先导泵，油液再生控制回路包括：再生油路、再生单向阀和减压阀，减压阀与先导泵连接，先导泵油液经过减压阀流向液压主泵的排量调节机构；减压阀的控制信号控制减压阀的处于不同的工作位置；背压阀控制经过减压阀后的油液回油箱的回油背压力；背压阀的控制信号控制所述的背压阀的处于不同的工作位置。本实用新型是一种能实现主泵排量的降低、限制主泵的流量输出、大幅度地降低管路中的局部压力损失、节省更多的能量、增加斗杆的运动速度的液压挖掘机油液再生控制回路。
37. 106150391 一种具有钻杆跟随扶持功能的桩工机械
CN
23.11.2016
E21B 17/00 Loading...
E21B 17/00
Loading...
102016000707762
山河智能装备股份有限公司
刘进学
E21B 17/00
Loading...
一种具有钻杆跟随扶持功能的桩工机械，包括钻杆、钻桅和卷扬系统，所述卷扬系统和钻桅下部安装在机身前部，所述钻桅的前侧设有与钻杆高度相匹配的导轨，所述钻杆从上到下依次安装有跟随扶持器、提升装置和下夹持导向机构，所述提升装置和下夹持导向机构的前端均安装有一可夹紧和松开钻杆的夹紧装置，所述跟随扶持器、提升装置和下夹持导向机构的另一端设置有滑套,其滑动连接在所述导轨上。本发明在不改变钻桅高度的前提下，使得机器的钻进深度得到较大幅度的提升。
38. 106089117 一种潜孔钻动力头缓冲装置
CN
09.11.2016
E21B 17/07 Loading...
E21B 17/07
Loading...
201610589203.8
山河智能装备股份有限公司
何清华
E21B 17/07
Loading...
一种潜孔钻动力头缓冲装置，包括螺纹连接头、花键轴和花键套，所述花键轴安装在花键套中，所述花键轴通过花键套安装在螺纹连接头上，所述螺纹连接头与动力头主轴连接，所述动力头主轴与螺纹连接头连接的一端外侧上加工有一圈凹槽，所述螺纹连接头的上端面通过法兰与动力头主轴连接，所述法兰为至少两半拼装而成，所述法兰的上端设有与所述凹槽相匹配的凸圈，所述法兰与螺纹连接头连接后，所述凸圈安装在所述凹槽内。本装置不仅具有减振、缓冲，保护螺纹作用，还具有一定的导向作用，并且与动力头主轴之间具备防松功能，可以提高动力头的使用效率和寿命。
39. 106067538 一种伺服驱动辊压机
CN
02.11.2016
H01M 4/04 Loading...
H01M 4/04
Loading...
201610643937.X
佛山市金银河智能装备股份有限公司
张启发
H01M 4/04
Loading...
本发明实施例公开了一种伺服驱动辊压机，用于解决现有辊压机上下轧辊线速度不一致的问题。本发明实施例中一种伺服驱动辊压机包括：第一编码器、第二编码器、控制器和安装架，以及安装在所述安装架上的上轧辊、下轧辊、上减速机、下减速机、上伺服电机和下伺服电机；所述第一编码器和第二编码器分别安装在所述上减速机和所述下减速机的输出端；所述控制器分别与所述上伺服电机和所述下伺服电机连接，用于根据所述第一编码器和第二编码器检测得到的转动速度对所述上伺服电机和所述下伺服电机进行速度修正，使得所述上轧辊与所述下轧辊的线速度一致。
40. 106000214 智能调色机
CN
12.10.2016
B01F 15/04 Loading...
B01F 15/04
Loading...
201610291915.1
佛山市金银河智能装备股份有限公司
张启发
B01F 15/04
Loading...
本发明实施例公开了智能调色机，用于解决现有杂色胶调色生产后需要清洗搅拌缸和搅拌浆，容易造成杂色胶残留和浪费的问题。本发明实施例中智能调色机，包括：基料定量压料设备、浆料定量压料设备、色浆汇流块、第一增压压料设备、第二增压压料设备、预混混合芯以及终混混合芯；所述基料定量压料设备和所述浆料定量压料设备的出料口均通过管道汇流于所述色浆汇流块，并通过所述色浆汇流块依次与所述第一增压压料设备、预混混合芯、第二增压压料设备和所述终混混合芯连接。
41. 106025184 一种锂电池浆料生产工艺
CN
12.10.2016
H01M 4/139 Loading...
H01M 4/139
Loading...
201610371229.5
佛山市金银河智能装备股份有限公司
余淡贤
H01M 4/139
Loading...
本发明实施例公开了一种锂电池浆料生产工艺，用于解决现有锂电池浆料搅拌混合时间长，生产效率低的问题。本发明实施例中一种锂电池浆料生产工艺，包括：将配方的部分溶剂与粘接剂进行预先混合，形成粘稠胶液；将所述配方的其余部分溶剂与主材粉料、导电剂辅料进行预先混合，形成粘稠粉浆；混合所述粘稠胶液和所述粘稠粉浆，得到浆料。
42. 205616466 一种履带起重机行走与回转报警系统
CN
05.10.2016
B66C 15/06 Loading...
B66C 15/06
Loading...
202016000248749
山河智能装备股份有限公司
李钦河
B66C 15/06
Loading...
本实用新型公开了一种履带起重机行走与回转报警系统，包括行走控制阀组1、回转控制阀组2、行走压力开关3、回转压力开关4、控制器5及报警单元6，所述行走控制阀组1的信号输出端与行走压力开关3相连，回转控制阀组1的信号输出端与回转压力开关4相连，所述行走压力开关3和回转压力开关4与所述控制器5相连，所述控制器5与所述报警单元6相连；本实用新型利用行走回转的压力信号转换为电信号，从而控制旋光报警灯，系统结构简单，安装方便，维护成本低，提高了起重机行走与回转作业时的安全性。
43. 205618148 一种潜孔钻机推进压力液压控制回路
CN
05.10.2016
E21B 44/02 Loading...
E21B 44/02
Loading...
202016000248747
山河智能装备股份有限公司
赵俊波
E21B 44/02
Loading...
一种潜孔钻机推进压力液压控制回路，包括油箱、多路换向阀、钻杆推进马达、钻杆回转马达、流量控制阀组和反馈变量泵组，所述反馈变量泵组压力远控口Pr与液控换向阀的P口相连，所述液控换向阀的F口与推进先导手柄的下推a口相连，所述液控换向阀的A口与平衡阀的P1口和高压溢流阀相连，所述平衡阀的R口通过油管与钻杆回转马达正转油路相连，所述平衡阀的P2口与低压溢流阀相连，本实用新型实现了钻孔过程中钻杆轴压始终匹配岩层，稳定了钻杆转速，提高了钻孔效率。
44. 205599095 智能调色机
CN
28.09.2016
B01F 15/04 Loading...
B01F 15/04
Loading...
201620398914.2
佛山市金银河智能装备股份有限公司
张启发
B01F 15/04
Loading...
本实用新型实施例公开了智能调色机，用于解决现有杂色胶调色生产后需要清洗搅拌缸和搅拌浆，容易造成杂色胶残留和浪费的问题。本实用新型实施例中智能调色机，包括：基料定量压料设备、浆料定量压料设备、色浆汇流块、第一增压压料设备、第二增压压料设备、预混混合芯以及终混混合芯；所述基料定量压料设备和所述浆料定量压料设备的出料口均通过管道汇流于所述色浆汇流块，并通过所述色浆汇流块依次与所述第一增压压料设备、预混混合芯、第二增压压料设备和所述终混混合芯连接。
45. 104454197 一种挖掘机发动机功率自适应控制方法
CN
07.09.2016
F02D 29/02 Loading...
F02D 29/02
Loading...
102014000623465
山河智能装备股份有限公司
刘均益
F02D 29/02
Loading...
本发明公开了一种挖掘机发动机功率自适应控制方法，该方法通过各种传感器检测挖掘机所处环境，结合主泵需求功率，通过发动机ECM选择合适的发动机外特性曲线，使挖掘机在不同的海拔高度下均能达到最佳的工作效率。该方法根据挖掘机所处的海拔高度，自适应的选择不同的发动机外特性曲线，有效的克服了由于海拔高度改变导致发动机功率损失，发动机掉速、闷车、冒黑烟的问题和挖掘机的作业效率下降的问题，使发动机能够弥补因为海拔高度导致的功率下降，满足主泵的功率需求，从而使挖掘机在不同的海拔高度均能以最佳的效率进行作业。
46. 205525750 一种管道运输存放装置
CN
31.08.2016
B65D 61/00 Loading...
B65D 61/00
Loading...
201620085865.7
山河智能装备股份有限公司
陶海军
B65D 61/00
Loading...
一种管道运输存放装置，包括回转式档架和回转式托架，所述回转式档架和回转式托架铰接在上车平台的至少一侧，所述回转式档架包括结构相同的前回转式挡架和后回转式挡架，所述回转式托架包括结构相同的前回转式托架和后回转式托架，在上车平台同侧的所述回转式托架设置在前回转式挡架和后回转式挡架之间，所述前回转式挡架和后回转式挡架之间的距离与管路的长度相匹配，本实用新型在使用时，操作者能井然有序的将管道摆放在托架上，无管道存放时可收拢回转式托架及回转式挡架，减少整车的宽度，方便行驶。
47. 205527340 一种管道抓夹机构
CN
31.08.2016
B66C 1/44 Loading...
B66C 1/44
Loading...
201620085543.2
山河智能装备股份有限公司
陶海军
B66C 1/44
Loading...
一种管道抓夹机构，包括固定座、油缸和机械爪，所述油缸的缸筒端安装在固定座上方的中部，所述固定座下方的两端以油缸中心为对称轴对称设有外立板和内立板，所述外立板和内立板之间设有间隔形成滑槽，所述固定座的下方安装有上连杆，所述上连杆的中部与油缸的活塞杆铰接，所述上连杆的两端分别对称设置有铰接座，所述铰接座设置在所述滑槽内，所述滑槽内在铰接座的下方还设有机械爪，每个机械爪由一对结构相同且对称设置的夹爪构成，两个所述夹爪的侧耳座分别通过侧连杆铰接在铰接座的两端，所述夹爪的主耳座铰接在外立板或/和内立板上，本实用新型采用液压驱动，结构紧凑，适用于夹取细长型管道，可实现管道自动平稳抓取与放置，安全智能。
48. 205533498 一种液压凿岩机配流阀及其应用的配流控制系统
CN
31.08.2016
F15B 13/02 Loading...
F15B 13/02
Loading...
201620085583.7
山河智能装备股份有限公司
何清华
F15B 13/02
Loading...
本实用新型公开了一种液压凿岩机配流阀及其应用的配流控制系统，配流阀其中一个控制腔作为阀芯进油腔，另一控制腔则用于连通先导控制油路；阀芯回油腔之间的连通行程Z1大于阀芯进油腔和阀芯回油腔之间的隔断行程Z2；配流控制系统将控制执行机构的液压油缸与配流阀的进油腔、回油腔以及先导控制油路连通，形成一个液压油缸活塞和配流阀阀芯的行程位置反馈控制系统。本实用新型的控制阀结构紧凑、简洁，阀芯、阀体便于加工，阀芯重量轻，可提高整机效率。而且，本实用新型的加工、装配精度能够得到保证，并且阀芯移动顺畅，重点克服了由于位置信号反馈不及时所造成的液压冲击，响应及时，灵敏度高，起到保护机体的作用，并且能够吸收回程能量，提供峰值流量，提高了能量利用率。
49. 105862948 一种挖掘机多油缸动臂举升结构
CN
17.08.2016
E02F 3/38 Loading...
E02F 3/38
Loading...
201610341504.9
山河智能装备股份有限公司
何清华
E02F 3/38
Loading...
一种挖掘机多油缸动臂举升结构，包括动臂本体、左油缸、右油缸、中油缸和转台体，所述动臂本体的端部铰接在转台体的A点上，所述中油缸的一端铰接在动臂本体的E点上，另一端铰接在转台体的C点上，所述左油缸和右油缸分别对称设置在中油缸的两侧，并且所述左油缸和右油缸的一端同轴铰接在动臂本体的D点上，另一端同轴铰接在转台体的B点上，各销轴铰点角度、距离同时满足AD:AE＝AB:AC＝0.8～1.2、∠DAE＝∠BAC±10°。本发明结构简单，利于液压系统的控制，动臂结构简单、各孔加工容易，销轴拆装便利。
50. WO/2016/112585 PILE FRAME AND MOUNTING METHOD THEREOF
WO
21.07.2016
E02D 7/16 Loading...
E02D 7/16
Loading...
PCT/CN2015/074364
SUNWARD INTELLIGENT EQUIPMENT CO.,LTD.
QIAN, Huanyun
E02D 7/16
Loading...
A pile frame, comprising a column (3), a body (2) and an oblique support (4). The column (3) is hinged on a front end of the body (2). At least one end of the oblique support (4) is provided with a first telescopic device having an active or passive extending/retracting function. One end of the oblique support (4) is hinged on the column (3). One end of a linear frame (6) and one end of a second telescopic device having an active or passive extending/retracting function are respectively hinged on the body (2). The body (2) is provided with a lock hole (12). The oblique support (4), another end of the linear frame (6) and another end of the second telescopic device having an active or passive extending/retracting function are each hinged with respect to a hinge connection hole (11). A pin can secure the hinge connection hole (11) and the lock hole (12) together. Also provided is a method for mounting the pile frame. The method can increase safety and stability of the entire piling process, is simple and highly efficient.
51. 205365783 一种多功能管路锚定运输车
CN
06.07.2016
B62D 55/065 Loading...
B62D 55/065
Loading...
201521037415.2
山河智能装备股份有限公司
陶海军
B62D 55/065
Loading...
一种多功能管路锚定运输车，包括由动力系统驱动的履带式行走底盘和安装在履带式行走底盘上的可360°旋转的回转平台，所述回转平台上设有司机室、控制系统和监控系统，所述回转平台上还设有折叠式管路托架、固定式地桩托架、可180°旋转的回转抓臂总成和地桩钻机总成，所述回转平台、回转抓臂总成和地桩钻机总成由液压系统驱动，所述司机室内安装有监控系统的显示装置，所述监控系统的监控装置设置在司机室外监控回转抓臂总成和地桩钻机总成的工作，所述控制系统控制动力系统、监控系统和液压系统工作。本实用新型采用全液压驱动、结构紧凑、越野性好、可同时实现管路精确抓取与摆放、管路与地桩运输、打桩与拔桩等多种作业。
52. 205368235 脱醇型硅酮密封胶连续化生产装置
CN
06.07.2016
C09J 183/04 Loading...
C09J 183/04
Loading...
201620105038.X
佛山市金银河智能装备股份有限公司
张启发
C09J 183/04
Loading...
本实用新型实施例公开了脱醇型硅酮密封胶连续化生产装置，用于解决传统的硅酮密封胶的生产工艺生产效率低，物料暴露在空气中容易变质的问题。本实用新型实施例中一种脱醇型硅酮密封胶连续化生产装置，包括：硅酮密封胶的基料生产设备、基料储罐和静态混合机依次通过管道连通；助剂计量罐的出口通过管道与所述静态混合机的入口连通；所述静态混合机的出口、储能器、螺杆机、高粘物料冷却器、压料机和分装设备依次通过管道连通。
53. 105737954 一种高粘度物料的计量方法和计量装置
CN
06.07.2016
G01G 17/06 Loading...
G01G 17/06
Loading...
201610074589.9
佛山市金银河智能装备股份有限公司
张启发
G01G 17/06
Loading...
本发明实施例公开了一种高粘度物料的计量方法和计量装置，用于解决高粘度物料难以输送和在线计量的问题。本发明实施例中一种高粘度物料的计量装置，包括：计量罐、电子称、机架、第一动力机组、垂直螺旋桨叶、搅拌桨叶和横向输送模组；所述计量罐竖直放置，下方设有第一出料口，上方安装所述机架，所述机架上安装有所述第一动力机组；所述计量罐内竖直设置有所述垂直螺旋桨叶和所述搅拌桨叶，其中所述垂直螺旋桨叶垂直于所述第一出料口，所述垂直螺旋桨叶和所述搅拌桨叶通过所述第一动力机组带动转动；所述电子称安装在所述计量罐上，用于对所述计量罐中的物料进行计量。本发明实施例还提供一种高粘度物料的计量装置。
54. 205361890 涂布机专用辅助干燥机构
CN
06.07.2016
B05D 3/02 Loading...
B05D 3/02
Loading...
201620042013.X
佛山市金银河智能装备股份有限公司
张启发
B05D 3/02
Loading...
本实用新型实施例公开了涂布机专用辅助干燥机构，用于解决现有涂布机工序中需要对涂布频繁换卷和收卷，可直接进入辊压的问题。本实用新型实施例中一种涂布机专用辅助干燥机构，包括：箱体、安装在所述箱体内部的多根导辊，以及红外发热装置；所述多根导辊从所述箱体的入口至出口均匀排布，形成输送涂布的通道；所述红外发热装置安装在箱体内部。
55. 103726784 液压钻车推进控制冲击液压回路及其控制方法
CN
29.06.2016
E21B 4/00 Loading...
E21B 4/00
Loading...
102013000753122
山河智能装备股份有限公司
王东升
E21B 4/00
Loading...
一种液压钻车推进控制冲击液压回路及其控制方法,由负载敏感变量泵、负载敏感比例多路阀、凿岩机、推进马达或油缸、液压油箱等组成液压钻车冲击控制推进液压回路主油路；由冲击联负载敏感外控口、推进联负载敏感外控口、先导阀组第一电磁换向阀、第二电磁换向阀、逻辑控制块第一液控换向阀、第二液控换向阀、远控阀组第一溢流阀、第二溢流阀、第三溢流阀、第四溢流阀等组成强冲远控调节、强推远控调节、弱冲远控调节、弱推远控调节、冲击自适应于推进、推进自适应于岩层、及强制弱推弱冲控制油路。本发明实现推进控制冲击，冲击推进自适应于岩层变化，提升钻进效率和岩层通过性，保护钎具；可选择强制弱推弱冲控制，提高开孔质量及提升岩层通过性；强冲、强推、弱冲、弱推等作业参数均可远控调节。
56. 205343510 有机硅胶基础料管道式生产装置
CN
29.06.2016
B29B 7/30 Loading...
B29B 7/30
Loading...
202016000105040
佛山市金银河智能装备股份有限公司
张启发
B29B 7/30
Loading...
本实用新型实施例公开了有机硅胶基础料管道式生产装置，用于解决硅酮密封胶生产基料间歇式生产时容易造成环境污染，生产效率低下的问题。本实用新型实施例中一种有机硅胶基础料管道式生产装置，包括：搅拌设备的出口、三通阀的第一接口和第二接口、高速均质机的入口依次通过管道连通；高速均质机的出口与所述搅拌设备的入口通过管道连通；所述三通阀的第三接口、高粘物料冷却器和基料储罐依次通过管道连通。
57. 205347318 有机硅胶高效连续分装装置
CN
29.06.2016
C09J 183/04 Loading...
C09J 183/04
Loading...
201620107454.3
佛山市金银河智能装备股份有限公司
张启发
C09J 183/04
Loading...
本实用新型实施例公开了有机硅胶高效连续分装装置，用于解决现有硅酮密封胶间歇式生产过程中容易造成胶料损耗、劳动强度大、生产效率低的问题。本实用新型实施例中一种有机硅胶高效连续分装装置，包括：制胶机、料缸转移设备、压料机、多工位压料机、高粘物料冷却器以及分装设备；所述制胶机通过所述料缸转移设备与所述压料机连接；所述压料机、多工位压料机、高粘物料冷却器以及分装设备依次通过管道连通。
58. 205343511 双组分电子液体硅橡胶连续自动生产线
CN
29.06.2016
B29B 7/30 Loading...
B29B 7/30
Loading...
201620107442.0
佛山市金银河智能装备股份有限公司
张启发
B29B 7/30
Loading...
本实用新型实施例公开了双组分电子液体硅橡胶连续自动生产线，用于解决现有电子液体硅橡胶生产效率低，且产品质量不稳定的问题。本实用新型实施例中一种双组分电子液体硅橡胶连续自动生产线包括：侧喂料机、第一螺杆主机、高粘物料冷却器和双组分基料储罐依次通过管道连接；第一粉料计量罐、第二粉料计量罐和液体料计量罐的出口均通过管道与侧喂料机的入口连通；第一组分助剂计量罐和双组分基料储罐的出口均通过管道与第一静态混合机的入口连通，第一静态混合机的出口通过管道与第一组分分装设备连接；第二组分助剂计量罐和双组分基料储罐的出口均通过管道与第二静态混合机的入口连通，第二静态混合机的出口通过管道与第二组分分装设备连接。
59. 205345021 一种工程机械转向控制系统
CN
29.06.2016
B62D 5/04 Loading...
B62D 5/04
Loading...
202015001073809
山河智能装备股份有限公司
张大庆
B62D 5/04
Loading...
本实用新型公开了一种工程机械转向控制系统，其中包括方向盘、电控转向电机和用于控制转向的转向控制器；所述方向盘通过方向盘转轴连接到转向系统；所述电控转向电机的输出轴通过离合器及电控转向传动机构与方向盘轴连接；所述离合器的分离和吸合分别可以实现手动转向和电控转向的切换；所述转向控制器的输入端通过信号连接到用于检测转向角度的角度传感器，转向控制器的输出端通过信号连接到电控转向电机。本实用新型所用元器件少成本低，不但能够实现手动转向和电控转向同时共存和切换，有效满足工程车辆特种施工作业功能要求，而且能够在不改变工程车辆原有转向机构的前提下，实现电控转向快速改造。
60. 205349887 一种工程机械速度液压控制装置
CN
29.06.2016
F15B 11/04 Loading...
F15B 11/04
Loading...
202015001073594
山河智能装备股份有限公司
卢惠平
F15B 11/04
Loading...
本实用新型公开了一种工程机械速度液压控制装置，在控制液压执行器换向的主液控阀两端的控制端口油路并联安装有两个节流装置，其中一个节流装置与先导控制油路连接，另一个节流装置通过节流回油路连接油箱；所述先导控制油路通过先导控制手柄与先导油源连接，主液控阀的两个先导控制油路之间与梭阀连接，所述梭阀输出油路通过一溢流阀回流至油箱，所述梭阀与溢流阀之间以及所述节流回油路与油箱之间均设置通断控制阀；在先导控制油路上设有一单向阀与该油路上设置的节流装置并联安装，在节流回油路上设有另一单向阀与该油路上设置的节流装置串列安装。本实用新型实现让同一台机器具备两种作业速度控制模式，速度作业模式切换方便，成本低。
61. 205343730 有机硅胶基础料连续化成套生产装置
CN
29.06.2016
B29C 47/10 Loading...
B29C 47/10
Loading...
202016000105039
佛山市金银河智能装备股份有限公司
张启发
B29C 47/10
Loading...
本实用新型实施例公开了有机硅胶基础料连续化成套生产装置，用于解决硅酮密封胶生产基料间歇式生产时容易造成环境污染，生产效率低下的问题。本实用新型实施例中一种有机硅胶基础料连续化成套生产装置，包括：搅拌设备的出口、螺杆机和三通阀的第一接口依次通过管道连通；所述三通阀的第二接口与所述搅拌设备的入口通过管道连通；所述三通阀的第三接口、高粘物料冷却器和基料储罐依次通过管道连通；所述螺杆机与抽真空设备连接。
62. 205331094 一种工程机械液控背压阀
CN
22.06.2016
F15B 13/02 Loading...
F15B 13/02
Loading...
201521073554.0
山河智能装备股份有限公司
陈艳军
F15B 13/02
Loading...
本实用新型公开了一种工程机械液控背压阀，包括阀体、主阀芯、弹簧、副阀芯，所述阀体采用一体式阀体，其内部开设有用于油液流通的第一油腔，所述第一油腔连通第一油孔和第四油孔；所述阀体内部开设有第二油腔，并通过第六油孔与第一油腔连通，所述主阀芯滑动设置在阀体内部开设的第六油孔中，端部连接副阀芯，所述弹簧通过压缩主阀芯将副阀芯封堵第一油孔或第四油孔，所述阀体上开设有第七油孔并连接液控油路，用于推动主阀芯压缩弹簧。本实用新型的液控背压阀能够实现背压值在适当时候地降低，节省了发动机的功率，有效避免油温，降低了加工的精度要求，节省了加工成本，并且不容易出现液压油渗漏的问题。
63. 205331095 一种节能液压阀
CN
22.06.2016
F15B 13/02 Loading...
F15B 13/02
Loading...
201521073639.9
山河智能装备股份有限公司
何清华
F15B 13/02
Loading...
本实用新型公开了一种节能液压阀，包括主换向阀、可控顺序阀和防逆流保压阀；所述主换向阀包括常位、能量回收位和回收能量利用位三个工作位，并且主换向阀的工作油口连接执行装置，其他的压力油口分别连接油源装置、可控顺序阀和防逆流保压阀；所述可控顺序阀以及防逆流保压阀均以逻辑阀为基础单元，其中，所述可控顺序阀与油源装置的主油路并联，逆流保压阀与蓄能元件连接，可控顺序阀用于实现压力顺序功能及越权可控功能，防逆流保压阀用于实现常位保压功能及接通防逆流倒灌功能。主换向阀能根据外部输入指令接通或关闭相应油道，从而控制着能量的回收或利用。
64. 205324224 一种辊压机擦辊机构
CN
22.06.2016
B08B 1/02 Loading...
B08B 1/02
Loading...
202016000042015
佛山市金银河智能装备股份有限公司
张启发
B08B 1/02
Loading...
本实用新型实施例公开了一种辊压机擦辊机构，用于解决现有辊压机轧辊清理不干净，无法满足产品需求的问题。本实用新型实施例中一种辊压机擦辊机构包括：所述电机安装板固定于辊压机机身上，电机固定于电机安装板上，所述电机的输出轴上安装所述偏心盘，偏心盘上安装滚轮；所述电机安装板上设有左右导向的线性滑轨，所述移动板通过所述线性滑轨活动安装在所述电机安装板上，并且与滚轮活动连接；所述气缸固定安装在所述移动板上，气缸的浮动接头与气缸法兰固定连接，气缸法兰与推板固定，所述推板上安装有擦辊板；所述移动板上安装有导向板和导轨，移动板在导向板和导轨的引导下移动。
65. 205329756 一种挖掘机液压节能控制回路
CN
22.06.2016
E02F 9/22 Loading...
E02F 9/22
Loading...
201520999275.0
山河智能装备股份有限公司
陶海军
E02F 9/22
Loading...
一种挖掘机液压节能控制回路，包括回转马达、液压多路阀组、液压油箱、散热器、液控切换阀、第一背压阀、第二背压阀和补油路，所述液压油箱依次通过散热器、第二背压阀、液压多路阀组的回油口、补油路与回转马达的回油口连接，所述第一背压阀为液压控制背压阀，所述第一背压阀的液压控制口通过液控切换阀与先导泵连接，所述液控切换阀的控制端通过梭阀与控制回转马达输出压力的先导手柄的压力控制信号连接，所述先导泵的控制端与液压油箱连接。本装置结构简单，防止回转马达不吸空情况下，同时降低回油背压—在回转马达停止运转前建立回油背压值，防止了回转马达回转停止过程中的吸空，同时也降低了温度的升高与整个系统的温度，减少了主泵的输出功率，有效地降低了油耗和增加了工作效率。
66. 105667510 一种轮式机械液压行驶系统的控制装置及方法
CN
15.06.2016
B60W 30/14 Loading...
B60W 30/14
Loading...
201610008680.0
山河智能装备股份有限公司
何清华
B60W 30/14
Loading...
本发明公开了一种轮式机械液压行驶系统的控制装置及方法，基于控制单元检测多个压力、转速、电流、位置等状态量，对第一、第二、第三电磁阀进行控制，并在先导油路上增加阻尼装置，防止启动和停止时的冲击过大。油门加速踏板与行走速度实时匹配，增加了操纵的灵活性和加强了操纵舒适、驾驶感觉；减少了行走控制阀在没有全开时的节流损失，节省了能量与增加控制响应速度；实现了各种行驶工况的手动切换与自动切换控制，减少了操作手频繁地调整各种行驶模式，降低了操作疲劳感；降低了启动、停止时的压力冲击，具备更好的舒适性。
67. 205315769 一种涂布机高速阀机构
CN
15.06.2016
F16K 11/04 Loading...
F16K 11/04
Loading...
201620042041.1
佛山市金银河智能装备股份有限公司
张启发
F16K 11/04
Loading...
本实用新型实施例公开了一种涂布机高速阀机构，用于解决双气缸涂布阀反应速度过慢，无法满足涂布机的高速生产需求的问题。本实用新型实施例中一种涂布机高速阀机构包括：分流管道、导杆组件和高速气缸，所述分流管道上依次设有浆料出口、浆料入口和浆料回流口；所述导杆组件安装在所述分流管道内部，位于所述浆料出口、浆料入口和浆料回流口之间的管道节点处；所述导杆组件包括出口阻隔件、回流阻隔件、连杆和轴头；所述高速气缸通过运动杆与连杆一端的轴头连接，连杆可在高速气缸的带动下上下活动；当连杆向上活动时，所述出口阻隔件打开，所述回流阻隔件关闭；当连杆向下活动时，所述出口阻隔件关闭，所述回流阻隔件打开。
68. 205314916 一种大直径潜孔锤钻机
CN
15.06.2016
E21B 4/06 Loading...
E21B 4/06
Loading...
201520998407.8
山河智能装备股份有限公司
凡知秀
E21B 4/06
Loading...
本实用新型公开了一种大直径潜孔锤钻机，包括底盘(1)、变幅机构(4)、主卷钢丝绳(8)、桅杆(5)、动力头(9)、进气通道(6)、钻杆(14)和鹅头(7)，动力头(9)采用前倾与侧移结构安装在所述的桅杆(5)上，还包括一组能插入钻孔的套管(13)，还包括一个排渣头(11)，排渣头(11)能与套管(13)的上端对接，排渣管(12)上端连接所述的排渣头(11)的出渣口；所述的桅杆(5)的下端设有伸缩前支腿(17)，夹桩器(18)与所述的伸缩前支腿(17)连接。本实用新型是一种性能可靠，功能齐全，自动化程度高的大直径潜孔锤钻机，能实现大直径潜孔锤钻进与套管全程跟进，适合各种地质条件，能方便高效的进行钻孔施工。
69. 205315838 一种管道抓取摆放装置
CN
15.06.2016
F16L 1/00 Loading...
F16L 1/00
Loading...
201521034417.6
山河智能装备股份有限公司
陶海军
F16L 1/00
Loading...
一种管道抓取摆放装置，包括偏摆装置、水平伸缩臂、垂直伸缩臂和夹爪总成，所述偏摆装置安装在运输车的回转平台上，所述偏摆装置上的可旋转的立柱与水平伸缩臂的一端固定连接，所述水平伸缩臂的另一端与垂直伸缩臂连接，所述夹爪总成安装在垂直伸缩臂底部。本实用新型结构简单轻巧，可以在车辆两侧一定范围内实现管道精准自动抓取和摆放。
70. 105647455 一种聚氨脂胶粘剂连续自动生产线和生产方法
CN
08.06.2016
C09J 175/04 Loading...
C09J 175/04
Loading...
201511032834.1
佛山市金银河智能装备股份有限公司
张启发
C09J 175/04
Loading...
本发明实施例公开了一种聚氨脂胶粘剂连续自动生产线，用于解决现有聚氨脂胶粘剂间歇式生产过程中物料接触空气产生结皮，影响产品质量的问题。本发明实施例中一种聚氨脂胶粘剂连续自动生产线包括：钙粉拆包机、钙粉烘干罐、钙粉冷却粉仓与钙粉计量罐依次通过管道连接；炭黑粉拆包机、炭黑粉烘干罐、炭黑粉冷却粉仓与炭黑粉计量罐依次通过管道连接；侧喂料机、预混螺杆机、第一阶螺杆机、高粘物料冷却器、第二阶螺杆机、压料机、过滤器和分装设备依次通过管道连接；预聚体计量罐、所述钙粉计量罐和所述炭黑粉计量罐的出口均通过管道与所述侧喂料机的入口连通；催化剂计量罐的出口通过管道与所述第二阶螺杆机的入口连通。
71. 105629848 一种抢险装备的监控方法及控制器
CN
01.06.2016
G05B 19/048 Loading...
G05B 19/048
Loading...
201510957639.3
山河智能装备股份有限公司
赵喻明
G05B 19/048
Loading...
本发明公开了一种抢险装备的监控方法及控制器，该方法通过采集抢险装备上各个位置的可燃气体浓度信息；根据各时刻可燃气体浓度信息判断当前可燃气体浓度的增速；由于气体浓度扩散较快具有一定的不确定性和突发因素，控制器对气体浓度增减的趋势进行判断，根据可燃气体浓度的增速判断抢险装备将处于危险状态的时间并提前做出动作；这种安全控制的方法解决了抢险装备在危险环境下的抢修安全作业问题，有力的保障了抢险的进行。该控制器结构简单、实现方便。
72. 105598001 一种串联式双面挤压涂布机
CN
25.05.2016
B05C 9/04 Loading...
B05C 9/04
Loading...
201610072838.0
佛山市金银河智能装备股份有限公司
张启发
B05C 9/04
Loading...
本发明实施例公开了一种串联式双面挤压涂布机，用于解决现有挤压单面涂布机需要至少收放卷二次来完成双面涂布，容易导致基材物理性能或化学性能的改变以及效率低，能耗高的问题。本发明实施例中一种串联式双面挤压涂布机，包括：放卷组件、第一涂布机、双层烘箱、第二涂布机、牵引组件和收卷组件；所述放卷组件的放卷口、所述第一涂布机的涂布机头、所述双层烘箱的第一层烘烤通道、所述第二涂布机的涂布机头、所述双层烘箱的第二层烘烤通道、所述牵引组件以及所述收卷组件的收卷入口之间依次通过多个导辊形成供基材输送的涂布通道。
73. 105584524 一种工程机械转向控制系统及其控制方法
CN
18.05.2016
B62D 5/04 Loading...
B62D 5/04
Loading...
201510966988.1
山河智能装备股份有限公司
张大庆
B62D 5/04
Loading...
本发明公开了一种工程机械转向控制系统及其控制方法，其中包括方向盘、电控转向电机和用于控制转向的转向控制器；所述方向盘通过方向盘转轴连接到转向系统；所述电控转向电机的输出轴通过离合器及电控转向传动机构与方向盘轴连接；所述离合器的分离和吸合分别可以实现手动转向和电控转向的切换；所述转向控制器的输入端通过信号连接到用于检测转向角度的角度传感器，转向控制器的输出端通过信号连接到电控转向电机。本发明所用元器件少成本低，不但能够实现手动转向和电控转向同时共存和切换，有效满足工程车辆特种施工作业功能要求，而且能够在不改变工程车辆原有转向机构的前提下，实现电控转向快速改造。
74. 105521993 一种蒸汽加热式辊压机
CN
27.04.2016
B21B 1/26 Loading...
B21B 1/26
Loading...
201610072836.1
佛山市金银河智能装备股份有限公司
张启发
B21B 1/26
Loading...
本发明实施例公开了一种蒸汽加热式辊压机，用于解决现有辊压机压实密度无法满足新工艺需求的问题。本发明实施例中一种蒸汽加热式辊压机，包括：上轧辊和下轧辊，所述上轧辊和下轧辊上下对称安装，两者之间形成供电池极片通过的辊压通道；在所述辊压通道的前方安装有预热辊；所述蒸汽加热式辊压机外接供所述上轧辊、下轧辊和所述预热辊加热的蒸汽源。
75. 105526207 一种液压凿岩机配流阀及其应用的配流控制系统
CN
27.04.2016
F15B 13/02 Loading...
F15B 13/02
Loading...
201610058849.3
山河智能装备股份有限公司
何清华
F15B 13/02
Loading...
本发明公开了一种液压凿岩机配流阀及其应用的配流控制系统，配流阀其中一个控制腔作为阀芯进油腔，另一控制腔则用于连通先导控制油路；阀芯回油腔之间的连通行程Z1大于阀芯进油腔和阀芯回油腔之间的隔断行程Z2；配流控制系统将控制执行机构的液压油缸与配流阀的进油腔、回油腔以及先导控制油路连通，形成一个液压油缸活塞和配流阀阀芯的行程位置反馈控制系统。本发明的控制阀结构紧凑、简洁，阀芯、阀体便于加工，阀芯重量轻，可提高整机效率。而且，本发明的加工、装配精度能够得到保证，并且阀芯移动顺畅，重点克服了由于位置信号反馈不及时所造成的液压冲击，响应及时，灵敏度高，起到保护机体的作用，并且能够吸收回程能量，提供峰值流量，提高了能量利用率。
76. 105485423 一种管道抓取摆放装置
CN
13.04.2016
F16L 1/00 Loading...
F16L 1/00
Loading...
201510923855.6
山河智能装备股份有限公司
陶海军
F16L 1/00
Loading...
一种管道抓取摆放装置，包括偏摆装置、水平伸缩臂、垂直伸缩臂和夹爪总成，所述偏摆装置安装在运输车的回转平台上，所述偏摆装置上的可旋转的立柱与水平伸缩臂的一端固定连接，所述水平伸缩臂的另一端与垂直伸缩臂连接，所述夹爪总成安装在垂直伸缩臂底部。本发明结构简单轻巧，可以在车辆两侧一定范围内实现管道精准自动抓取和摆放。
77. 205154009 反循环气动潜孔锤旋挖钻机
CN
13.04.2016
E21B 4/20 Loading...
E21B 4/20
Loading...
201520998498.5
山河智能装备股份有限公司
何清华
E21B 4/20
Loading...
一种反循环气动潜孔锤旋挖钻机，旋挖钻机包括底盘和设置在底盘上的桅杆，反循环动力头安装在桅杆的导轨上，反循环动力头上部装有水龙头，水龙头与排渣管连接，反循环动力头下部安装有缓冲器，缓冲器连接有气盒子，气盒子与进气胶管连接，气盒子下端连接钻杆，钻杆下端连接反循环气动潜孔锤和钻头。本实用新型能实现高效率入岩，同时能有效保护孔壁，所需钻压和回转扭矩小，能连续取芯，并能有效解决孔口粉尘污染。
78. 205153997 一种液压凿岩机双缓冲装置
CN
13.04.2016
E21B 1/26 Loading...
E21B 1/26
Loading...
201520830232.X
山河智能装备股份有限公司
何清华
E21B 1/26
Loading...
本实用新型公开了一种液压凿岩机双缓冲装置，包括钎尾(1)和活塞(8)，在所述的钎尾(1)与所述的活塞(8)对接处设有中间体(7)，在所述的中间体(7)内设有缓冲套(4)和衬套(5)，所述的衬套(5)的一端插入到缓冲套(4)的一端内，所述的缓冲套(4)的另一端与所述的钎尾(1)之间设有缓冲挡圈(3)，所述的中间体(7)、缓冲套(4)和衬套(5)交汇处相互配合形成有缓冲腔(6)，所述的中间体(7)上设有进油油路(9)，所述的进油油路(9)的一端与所述的缓冲腔(6)连通，另一端能与高压蓄能器、活塞前腔连通。本实用新型能在钎尾反弹时能有效吸收反弹能量，并且在冲击时能保证钎杆和岩土紧密接触，不仅能起到吸能和缓冲作用，而且能提高能量传递效率和使用寿命。
79. 105466248 一种管壳式冷却器
CN
06.04.2016
F28D 7/00 Loading...
F28D 7/00
Loading...
201610029103.X
佛山市金银河智能装备股份有限公司
张启发
F28D 7/00
Loading...
本发明实施例公开了一种管壳式冷却器，用于解决现有管壳式换热器内冷却介质长期在壳程中滞留容易结垢，不易清理，导致冷却效果减弱的问题。本发明实施例中一种管壳式冷却器，包括：左右两端导通的管道主体，在所述管道主体的管路方向上从所述管道主体的管壁穿过多组换热列管，所述多组换热列管之间等间距交错排列；所述管道主体的管壁外侧密封包围有管道夹套，所述换热列管的两端开口处于所述管道主体的管壁外侧与所述管道夹套之间；所述管道夹套上设有供冷却介质进入的夹套入口，以及供冷却介质排出的夹套出口。
80. 105460297 一种大尺寸全自动软管分装机
CN
06.04.2016
B65B 51/00 Loading...
B65B 51/00
Loading...
201610029818.5
佛山市金银河智能装备股份有限公司
张启发
B65B 51/00
Loading...
本发明实施例公开了一种大尺寸全自动软管分装机，用于解决现有软管包装机不适用直径70mm以上软管包装的问题。本发明实施例中一种大尺寸全自动软管分装机，包括：用于完成灌装动作的灌装机构、用于完成铝膜热封动作的热封机构、用于完成拉胶动作的拉胶装置和封口装置；所述封口装置包括合模分胶装置、送丝装置、铝线一次成型装置和铝线二次成型装置。
81. 105438292 一种多功能管路锚定运输车
CN
30.03.2016
B62D 55/065 Loading...
B62D 55/065
Loading...
201510923570.2
山河智能装备股份有限公司
陶海军
B62D 55/065
Loading...
一种多功能管路锚定运输车，包括由动力系统驱动的履带式行走底盘和安装在履带式行走底盘上的可360°旋转的回转平台，所述全回转平台上设有司机室、控制系统和监控系统，所述回转平台上还设有折叠式管路托架、固定式地桩托架、可180°旋转的回转抓臂总成和地桩钻机总成，所述回转平台、回转抓臂总成和地桩钻机总成由液压系统驱动，所述司机室内安装有监控系统的显示装置，所述监控系统的监控装置设置在司机室外监控回转抓臂总成和地桩钻机总成的工作，所述控制系统控制动力系统、监控系统和液压系统工作。本发明采用全液压驱动、结构紧凑、越野性好、可同时实现管路精确抓取与摆放、管路与地桩运输、打桩与拔桩等多种作业。
82. 105443469 工程机械速度液压控制装置
CN
30.03.2016
F15B 11/04 Loading...
F15B 11/04
Loading...
201510966546.7
山河智能装备股份有限公司
卢惠平
F15B 11/04
Loading...
本发明公开了一种工程机械速度液压控制装置，在控制液压执行器换向的主液控阀两端的控制端口油路并联安装有两个节流装置，其中一个节流装置与先导控制油路连接，另一个节流装置通过节流回油路连接油箱；所述先导控制油路通过先导控制手柄与先导油源连接，主液控阀的两个先导控制油路之间与梭阀连接，所述梭阀输出油路通过一溢流阀回流至油箱，所述梭阀与溢流阀之间以及所述节流回油路与油箱之间均设置通断控制阀；在先导控制油路上设有一单向阀与该油路上设置的节流装置并联安装，在节流回油路上设有另一单向阀与该油路上设置的节流装置串列安装。本发明实现让同一台机器具备两种作业速度控制模式，速度作业模式切换方便，成本低。
83. 105401878 一种大直径潜孔锤钻机
CN
16.03.2016
E21B 4/06 Loading...
E21B 4/06
Loading...
201510884134.9
山河智能装备股份有限公司
凡知秀
E21B 4/06
Loading...
本发明公开了一种大直径潜孔锤钻机，包括底盘(1)、变幅机构(4)、主卷钢丝绳(8)、桅杆(5)、动力头(9)、进气通道(6)、钻杆(14)和鹅头(7)，动力头(9)采用前倾与侧移结构安装在所述的桅杆(5)上，还包括一组能插入钻孔的套管(13)，还包括一个排渣头(11)，所述的排渣头(11)能与所述的套管(13)的上端对接，排渣管(12)上端连接所述的排渣头(11)的出渣口；所述的桅杆(5)的下端设有伸缩前支腿(17)，夹桩器(18)与所述的伸缩前支腿(17)连接。本发明是一种性能可靠，功能齐全，自动化程度高的大直径潜孔锤钻机，能实现大直径潜孔锤钻进与套管全程跟进，适合各种地质条件，能方便高效的进行钻孔施工。
84. 105401879 反循环气动潜孔锤旋挖钻机及其施工方法
CN
16.03.2016
E21B 4/20 Loading...
E21B 4/20
Loading...
201510884098.6
山河智能装备股份有限公司
何清华
E21B 4/20
Loading...
一种反循环气动潜孔锤旋挖钻机及其施工方法，旋挖钻机包括底盘和设置在底盘上的桅杆，反循环动力头安装在桅杆的导轨上，反循环动力头上部装有水龙头，水龙头与排渣管连接，反循环动力头下部安装有缓冲器，缓冲器连接有气盒子，气盒子与进气胶管连接，气盒子下端连接钻杆，钻杆下端连接反循环气动潜孔锤和钻头。本发明使旋挖钻机具备反循环气动潜孔锤施工功能。本发明能实现高效率入岩，同时能有效保护孔壁，所需钻压和回转扭矩小，能连续取芯，并能有效解决孔口粉尘污染。
85. 105387015 节能液压阀
CN
09.03.2016
F15B 13/02 Loading...
F15B 13/02
Loading...
201510966752.8
山河智能装备股份有限公司
何清华
F15B 13/02
Loading...
本发明公开了一种节能液压阀，包括主换向阀、可控顺序阀和防逆流保压阀；所述主换向阀包括常位、能量回收位和回收能量利用位三个工作位，并且主换向阀的工作油口连接执行装置，其他的压力油口分别连接油源装置、可控顺序阀和防逆流保压阀；所述可控顺序阀以及防逆流保压阀均以逻辑阀为基础单元，其中，所述可控顺序阀与油源装置的主油路并联，逆流保压阀与蓄能元件连接，可控顺序阀用于实现压力顺序功能及越权可控功能，防逆流保压阀用于实现常位保压功能及接通防逆流倒灌功能。主换向阀能根据外部输入指令接通或关闭相应油道，从而控制着能量的回收或利用。
86. 105386485 一种挖掘机液压节能控制回路与控制方法
CN
09.03.2016
E02F 9/22 Loading...
E02F 9/22
Loading...
201510885032.9
山河智能装备股份有限公司
陶海军
E02F 9/22
Loading...
一种挖掘机液压节能控制回路与控制方法，包括回转马达、液压多路阀组、液压油箱、散热器、液控切换阀、第一背压阀、第二背压阀和补油路，所述液压油箱依次通过散热器、第二背压阀、液压多路阀组的回油口、补油路与回转马达的回油口连接，所述第一背压阀为液压控制背压阀，所述第一背压阀的液压控制口通过液控切换阀与先导泵连接，所述液控切换阀的控制端通过梭阀与控制回转马达输出压力的先导手柄的压力控制信号连接，所述先导泵的控制端与液压油箱连接。本装置结构简单，防止回转马达不吸空情况下，同时降低回油背压——在回转马达停止运转前建立回油背压值，防止了回转马达回转停止过程中的吸空，同时也降低了温度的升高与整个系统的温度，减少了主泵的输出功率，有效地降低了油耗和增加了工作效率。
87. 105387016 工程机械液控背压阀
CN
09.03.2016
F15B 13/02 Loading...
F15B 13/02
Loading...
201510966795.6
山河智能装备股份有限公司
陈艳军
F15B 13/02
Loading...
本发明公开了一种工程机械液控背压阀，包括阀体、主阀芯、弹簧、副阀芯，所述阀体采用一体式阀体，其内部开设有用于油液流通的第一油腔，所述第一油腔连通第一油孔和第四油孔；所述阀体内部开设有第二油腔，并通过第六油孔与第一油腔连通，所述主阀芯滑动设置在阀体内部开设的第六油孔中，端部连接副阀芯，所述弹簧通过压缩主阀芯将副阀芯封堵第一油孔或第四油孔，所述阀体上开设有第七油孔并连接液控油路，用于推动主阀芯压缩弹簧。本发明的液控背压阀能够实现背压值在适当时候地降低，节省了发动机的功率，有效避免油温，降低了加工的精度要求，节省了加工成本，并且不容易出现液压油渗漏的问题。
88. 205077486 一种桩架
CN
09.03.2016
E02D 7/16 Loading...
E02D 7/16
Loading...
201520708822.5
山河智能装备股份有限公司
钱奂云
E02D 7/16
Loading...
本实用新型公开了一种桩架，桩架主要包括：底盘1、机身2、立柱3、斜支撑4和人字架5；其特征在于：斜支撑4上还设有外伸连接器4e和活动连接座4g；人字架5上还设有过渡连接座甲5c和过渡连接座乙5d；机身2的可伸缩后支腿2d上还设有固定连接座2h；其可实现大型桩架简单便捷地自行立桅倒桅、立柱与斜支撑无需解体即可整体运输，同时确保桩架立柱支撑结构合理，从而降低使用成本、提升工作效率、提高整机稳定性和安全可靠性。
89. 205026011 一种钢丝绳扣压结构
CN
10.02.2016
F16G 11/04 Loading...
F16G 11/04
Loading...
201520707951.2
山河智能装备股份有限公司
单葆岩
F16G 11/04
Loading...
本实用新型公开了一种钢丝绳扣压结构,包括一个基座(5)，其内部设有锥形内孔(9)；多块锥形楔块(4)组成一个锥度与基座(5)锥形内孔锥度相同的锥形楔块体，多块所述的锥形楔块(4)内开有容纳钢丝绳(6)的绳槽(7)，多块所述的锥形楔块(4)包夹所述的钢丝绳(6)组成所述的锥形楔块体塞在所述的基座(5)的所述的锥形内孔(9)内；在所述的基座(5)的所述的锥形内孔(9)的大端安装有顶紧帽(2)，所述的顶紧帽(2)与所述的基座(5)通过螺栓(1)连接，在所述的顶紧帽(2)与所述的锥形楔块(4)之间装有若干调整垫(3)。本实用新型是一种能可靠扣压钢丝绳、杜绝钢丝绳滑脱的钢丝绳扣压结构。
90. 205024757 挖掘机节能装置启闭控制装置
CN
10.02.2016
E02F 9/22 Loading...
E02F 9/22
Loading...
201520709459.9
山河智能装备股份有限公司
何清华
E02F 9/22
Loading...
本实用新型节能装置启闭控制装置，液压挖掘机上车工作装置动作由多路阀工作联控制，液压挖掘机行走动作由多路阀行走联控制，根据液压挖掘机上车工作装置的最大负载确定一个压力阈值，并依据此压力阈值把多路阀工作联分成两组，实时获取液压挖掘机工作时第一主泵或(和)第二主泵出口供油压力及合流高阈阀联组的最大工作压力，获取液压挖掘机第二主泵非工作背压、实时获取液压挖掘机行走状态识别量；根据第一主泵或/和第二主泵出口供油工作压力、第二主泵非工作背压、合流高阈阀联组的最大工作压力及挖掘机节能装置的设定压力进行实时推理计算，根据实时计算比较的结果或液压挖掘机行走状态识别量确定是否关断节能装置对第二主泵供油流量及压力的控制作用。通过本实用新型解决了挖掘机机械装置不同负载下对节能装置启闭需求的矛盾。
91. 205007908 一种三维高速混合机
CN
03.02.2016
B01F 9/22 Loading...
B01F 9/22
Loading...
201520778862.7
佛山市金银河智能装备股份有限公司
张启发
B01F 9/22
Loading...
本实用新型实施例公开了一种三维高速混合机，用于解决现有三维混合机的动平衡性能差的问题。本实用新型实施例一种三维高速混合机包括：箱体，以及安装在所述箱体内的电机、公转固定座、工作台、圆带、自转机构；所述公转固定座固定安装在所述箱体内部的中间位置；电机的输出轴穿过所述公转固定座与所述工作台的中心连接，可带动所述工作台转动；所述工作台水平安装在所述箱体内部，其上设置有至少两个自转机构，所述至少两个自转机构在所述工作台上达到力平衡；自转机构包括：自转轮、自转传动机构、杯套和料杯；所述自转轮通过所述圆带活动连接所述公转固定座；自转传动机构的下端与所述自转轮的轴心连接传动，上端与安装在所述杯套内的料杯连接传动。
92. 205007887 一种锂电池浆料均质机
CN
03.02.2016
B01F 7/16 Loading...
B01F 7/16
Loading...
201520778850.4
佛山市金银河智能装备股份有限公司
梁可
B01F 7/16
Loading...
本实用新型实施例公开了一种锂电池浆料均质机，用于解决传统行星式分散设备的分散时间长、电池浆料分散效果差的问题。本实用新型实施例中一种锂电池浆料均质机，包括：变频电机、机架、分散剪切部件和乳化研磨部件；所述乳化研磨部件设置在分散剪切部件的下方，其浆料入口与所述分散剪切部件的浆料出口对接；所述分散剪切部件包括固定安装在所述主轴上的锥齿转子和包围所述锥齿转子的锥齿定子，所述锥齿转子外侧和所述锥齿定子的内侧均设有相互匹配的斜齿槽；所述乳化研磨部件包括固定安装在所述主轴上的锥转子和包围所述锥转子的锥定子，所述锥转子外侧表面和锥定子的内侧表面均镀有相互匹配的碳化钨研磨层。
93. 205008207 一种锂电池极片专用高效烘箱
CN
03.02.2016
B05D 3/02 Loading...
B05D 3/02
Loading...
201520780766.6
佛山市金银河智能装备股份有限公司
石和祥
B05D 3/02
Loading...
本实用新型实施例公开了一种锂电池极片专用高效烘箱，用于解决电池极片在运行过程中容易出现抖动，程序张力控制不稳的问题。本实用新型实施例中一种锂电池极片专用高效烘箱，包括：三节以上箱体；所述箱体前后连通，所有箱体按顺序连接起来形成连通的所述烘箱；所述烘箱前端的一节以上箱体呈上坡状态摆放，而所述烘箱后端的一节以上箱体呈下坡状态摆放；所述烘箱前端和后端的箱体内均设置有用于支撑电池极片的多个支承辊，所述支承辊的摆放弧度与其所在箱体的坡度匹配设置。
94. 205011104 一种行进纠偏机构
CN
03.02.2016
B65H 23/038 Loading...
B65H 23/038
Loading...
201520780753.9
佛山市金银河智能装备股份有限公司
张启发
B65H 23/038
Loading...
本实用新型实施例公开了一种行进纠偏机构，用于解决现有纠偏机构在安装过程中由于存在安装误差，容易使得基材出现“跑偏”的现象，使得基材的边缘破损甚至造成整个基材撕裂报废的问题。本实用新型实施例中一种行进纠偏机构，包括：纠偏执行器、移动滑座、导向滑竿、导向固定座、底板、支柱、光电传感器和纠偏辊；所述底板的左右两端分别固定安装有一个所述导向固定座，每个所述导向固定座上均设置有所述导向滑竿；所述导向滑竿上活动安装有所述移动滑座，所述移动滑座沿着所述导向滑竿来回滑动；所述底板左右两端的所述移动滑座上均竖直固定安装有一根所述支柱，所述纠偏辊安装在两根支柱之间；所述纠偏执行器的推杆与一个所述移动滑座固定连接。
95. 105275382 一种液压凿岩机双缓冲装置
CN
27.01.2016
E21B 1/26 Loading...
E21B 1/26
Loading...
201510695291.5
山河智能装备股份有限公司
何清华
E21B 1/26
Loading...
本发明公开了一种液压凿岩机双缓冲装置，包括钎尾(1)和活塞(8)，在所述的钎尾(1)与所述的活塞(8)对接处设有中间体(7)，在所述的中间体(7)内设有缓冲套(4)和衬套(5)，所述的衬套(5)的一端插入到缓冲套(4)的一端内，所述的缓冲套(4)的另一端与所述的钎尾(1)之间设有缓冲挡圈(3)，所述的中间体(7)、缓冲套(4)和衬套(5)交汇处相互配合形成有缓冲腔(6)，所述的中间体(7)上设有进油油路(9)，所述的进油油路(9)的一端与所述的缓冲腔(6)连通，另一端能与高压蓄能器、活塞前腔连通。本发明能在钎尾反弹时能有效吸收反弹能量，并且在冲击时能保证钎杆和岩土紧密接触，不仅能起到吸能和缓冲作用，而且能提高能量传递效率和使用寿命。
96. 105251653 一种涂布机杠杆式感应测间隙机构
CN
20.01.2016
B05C 1/08 Loading...
B05C 1/08
Loading...
201510648606.0
佛山市金银河智能装备股份有限公司
张启发
B05C 1/08
Loading...
本发明实施例公开了一种涂布机杠杆式感应测间隙机构，用于解决现有测量方法测量涂布钢棍和涂布刮刀之间间隙的测量结果不真实、误差大的问题。本发明实施例中一种涂布机杠杆式感应测间隙机构，包括杠杆、机械缓冲器和位移传感器；所述杠杆固定安装在所述支撑墙板上，其两端绕固定安装点做跷跷板活动，一端为感应端，另一端为接触端；所述接触端位于所述刮刀轴承的下方并与所述刮刀轴承接触；所述感应端上方安装有所述机械缓冲器和位移传感器；所述机械缓冲器的接头和所述位移传感器的感应头均与所述感应端接触。
97. 204964229 一种锂电池极片取样器
CN
13.01.2016
G01N 1/04 Loading...
G01N 1/04
Loading...
201520778846.8
佛山市金银河智能装备股份有限公司
程强
G01N 1/04
Loading...
本实用新型实施例公开了一种锂电池极片取样器，用于解决现有人手操作的取样器操作麻烦，且费时费力的问题。本实用新型实施例中一种锂电池极片取样器，包括：气缸、固定支架、取样刀和垫板；所述气缸、所述取样刀和所述垫板均安装在所述固定支架上；所述气缸在所述取样刀的上方，通过脚踏阀控制和启动，并通过气缸的推杆与所述取样刀连接，带动所述取样刀上下活动；所述垫板在所述取样刀的下方，与所述取样刀之间保留有预设的冲切距离。
98. 204967524 一种涂布机平行轴径向可偏移传动联接机构
CN
13.01.2016
H02K 7/116 Loading...
H02K 7/116
Loading...
201520778819.0
佛山市金银河智能装备股份有限公司
程强
H02K 7/116
Loading...
本实用新型实施例公开了一种涂布机平行轴径向可偏移传动联接机构，用于解决现有背辊驱动联接因为联轴器跨距过长而增大零件的加工和装配难度，并加大占用空间的问题。本实用新型实施例中一种涂布机平行轴径向可偏移传动联接机构，包括：平行轴联轴器、背辊连接套、减速机连轴套和减速机固定座；伺服电机和减速机连成一体固定在所述减速机固定座上；所述背辊连接套和所述减速机连轴套分别连接在所述平行轴联轴器的两端，其中，所述背辊连接套与背辊的轴头固定连接，所述减速机连轴套与所述减速机的轴头固定连接。
99. 105215014 一种粉体物料输送管道清灰装置
CN
06.01.2016
B08B 9/027 Loading...
B08B 9/027
Loading...
201510648609.4
佛山市金银河智能装备股份有限公司
覃晓明
B08B 9/027
Loading...
本发明实施例公开了一种粉体物料输送管道清灰装置，用于解决下粉管道与混合搅拌机进粉管道接驳处容易积聚粉体物料的问题。本发明实施例中一种粉体物料输送管道清灰装置包括：所述接驳处为一个三通管道，所述三通管道包括第一通道、第二通道和第三通道；所述第一通道和所述第二通道直线连通，同轴且管径大小相等；所述第二通道靠近混合搅拌机，通过气动球阀与所述混合搅拌机进粉管道相连；所述第三通道设置于所述三通管道的上方并直接与所述下粉管道焊接相连；所述气缸清灰机构安装在所述第一通道上，包括气缸和清灰活塞，所述清灰活塞与所述第一通道的管径大小相同，在所述气缸的带动下在所述第一通道和所述第二通道内前后活动。
100. 105173276 一种新型粉体拆包机
CN
23.12.2015
B65B 69/00 Loading...
B65B 69/00
Loading...
201510443863.0
佛山市金银河智能装备股份有限公司
张启发
B65B 69/00
Loading...
本发明实施例公开了一种新型粉体拆包机，用于解决现有人工拆包劳动强度大，工作效率低的问题。本发明实施例中一种新型粉体拆包机，包括：输送机、抓袋装置、工位移动装置、物料箱和出袋装置；所述新型粉体拆包机设置有抓袋工位、倒料工位和出袋工位；所述输送机用于将料袋输送至所述抓袋工位；所述物料箱安装在所述倒料工位上，其上安装有割刀装置，用于将到达所述倒料工位的料袋割破；所述出袋装置安装在所述出袋工位上，用于回收倒料后的料袋；所述工位移动装置用于带动所述抓袋装置在所述抓袋工位、倒料工位和出袋工位之间移动。
101. 103363179 一种潜孔钻冲击器气路控制阀
CN
23.12.2015
F16K 31/12 Loading...
F16K 31/12
Loading...
201310265169.5
山河智能装备股份有限公司
高淑蓉
F16K 31/12
Loading...
一种潜孔钻冲击器气路控制阀，包括阀体，阀套，端盖和阀芯，所述阀体设有高压气进口和高压气出口，所述高压气进口和高压气出口通过所述阀体内的通道连通，所述通道内安装有阀套，所述阀套内安装有阀芯，所述阀芯的一端与高压油连接，另一端可密封所述高压气进口和高压气出口之间的所述通道，所述高压油通过控制阀与油箱连接，本发明结构简单，成本低，能实现控制潜孔钻冲击器开闭，且能实现开孔功能。
102. 103352886 能量回收利用液压控制阀
CN
23.12.2015
F15B 13/02 Loading...
F15B 13/02
Loading...
201310270445.7
山河智能装备股份有限公司
何清华
F15B 13/02
Loading...
一种能量回收利用液压控制阀，所述先导逻辑控制部分包括换向阀和信号或阀；所述主执行部件包括开关单元、顺序阀和安全阀；所述换向阀的压力输出信道通过信号或阀与第一开关单元(21a)、第二开关单元(21b)、第三开关单元(21c)、第四开关单元(21d)的油口Ⅲ连接，所述第二开关单元(21b)、第三开关单元(21c)的油口Ⅰ通过第三主油道(Rp)与换向装置连接，所述第一开关单元(21a)、第四开关单元(21d)通过第四主油道(Rx)与所述外部蓄能装置连接，所述换向阀的压力输入信道与第一主油道(Ra)、第三主油道(Rp)、第四主油道(Rx)和第二主油道(Rb)连接，所述第一主油道(Ra)、第二主油道(Rb)分别与第一外部能量转换器(M1)、第二外部能量转换器(M2)连接，所述顺序阀的进油口和出油口分别与第三主油道(Rp)、第二主油道(Rb)连接，所述安全阀进油口和出油口分别与所述第四主油道(Rx)和第一回油通道(T1)连接，本发明不仅能减小蓄能元件体积，而且能热少液压系统发热，节约能源，降低原动机排放。
103. 105133687 挖掘机节能装置启闭控制方法和装置
CN
09.12.2015
E02F 9/22 Loading...
E02F 9/22
Loading...
201510581328.1
山河智能装备股份有限公司
何清华
E02F 9/22
Loading...
本发明节能装置启闭控制方法包括：液压挖掘机上车工作装置动作由多路阀工作联控制，液压挖掘机行走动作由多路阀行走联控制，根据液压挖掘机上车工作装置的最大负载确定一个压力阈值，并依据此压力阈值把多路阀工作联分成两组，实时获取液压挖掘机工作时第一主泵或(和)第二主泵出口供油压力及合流高阈阀联组的最大工作压力，获取液压挖掘机第二主泵非工作背压、实时获取液压挖掘机行走状态识别量；根据第一主泵或/和第二主泵出口供油工作压力、第二主泵非工作背压、合流高阈阀联组的最大工作压力及挖掘机节能装置的设定压力进行实时推理计算，根据实时计算比较的结果或液压挖掘机行走状态识别量确定是否关断节能装置对第二主泵供油流量及压力的控制作用。通过本发明解决了挖掘机机械装置不同负载下对节能装置启闭需求的矛盾。
104. 105089053 一种桩架及其使用安装方法
CN
25.11.2015
E02D 7/16 Loading...
E02D 7/16
Loading...
201510581326.2
山河智能装备股份有限公司
钱奂云
E02D 7/16
Loading...
本发明公开了一种桩架及其使用安装方法，桩架主要包括：底盘1、机身2、立柱3、斜支撑4和人字架5；其特征在于：斜支撑4上还设有外伸连接器4e和活动连接座4g；人字架5上还设有过渡连接座甲5c和过渡连接座乙5d；机身2的可伸缩后支腿2d上还设有固定连接座2h；其可实现大型桩架简单便捷地自行立桅倒桅、立柱与斜支撑无需解体即可整体运输，同时确保桩架立柱支撑结构合理，从而降低使用成本、提升工作效率、提高整机稳定性和安全可靠性。
105. WO/2015/161664 COMBINED-TYPE DRIVING SLEEVE OF DRILLING RIG WITH RELIABLY FIXED DRAW KEY
WO
29.10.2015
E21B 3/02 Loading...
E21B 3/02
Loading...
PCT/CN2014/094943
SUNWARD INTELLIGENT EQUIPMENT CO.,LTD.
HE, Qinghua
E21B 3/02
Loading...
Disclosed is a combined-type driving sleeve of a drilling rig with a reliably fixed draw key, comprising a driving sleeve main body (1), a draw key (2), a fixed stopper block (6), a moving stopper block (7) and a bolt (8); the fixed stopper block (6) being fixed on one end of a groove on the driving sleeve main body (1), and the moving stopper block (7) being fixed on the other end of the groove on the driving sleeve main body (1) via the bolt, and the draw key (2) being fixed in the groove on the driving sleeve main body (1) by means of the fixed stopper block (6) and the moving stopper block (7). The advantages thereof are: the draw key of the driving sleeve is reliably fixed and will not easily come loose; the method of mounting the draw key of the driving sleeve is simple and manufacturing costs are low; the operating space for replacing the draw key is large, and labour intensity is low; and the draw key is symmetric top to bottom and can be inverted and interchanged.
106. 204729079 一种多功能钻具控制装置
CN
28.10.2015
E21B 44/02 Loading...
E21B 44/02
Loading...
201520326164.3
山河智能装备股份有限公司
马骁
E21B 44/02
Loading...
本实用新型公开了一种多功能钻具控制装置，钻具(4)上设有钻具凹槽(5)，一个支架(3)上设有能容纳钻具(4)的空缺(14)，支架(3)上设有对接装置，钳口油缸(6)一端与支架(3)铰接，另一端与钳口座(7)铰接。钳口(8)固定在钳口座(7)上。在支架(3)的另一侧对称设置有二个连杆(10)，每个连杆(10)的中部与支座(3)铰接，每个连杆(10)的一端与夹臂油缸(9)的一端铰接，夹臂油缸(9)的另一端与支架(3)铰接，连杆(10)的另一端铰接有钻具夹(11)，还包括一个与二个钻具夹(11)配合夹紧所述的钻具(4)的中间夹(12)及其中间夹油缸(13)。本实用新型是一种能对钻具在一定范围内任意直径任意角度进行控制的多功能钻具控制装置。
107. 104863566 一种多功能钻具控制装置
CN
26.08.2015
E21B 44/02 Loading...
E21B 44/02
Loading...
201510260436.9
山河智能装备股份有限公司
马骁
E21B 44/02
Loading...
本发明公开了一种多功能钻具控制装置，钻具(4)上设有钻具凹槽(5)，一个支架(3)上设有能容纳钻具(4)的空缺(14)，支架(3)上设有对接装置，钳口油缸(6)一端与支架(3)铰接，另一端与钳口座(7)铰接。钳口(8)固定在钳口座(7)上。在支架(3)的另一侧对称设置有二个连杆(10)，每个连杆(10)的中部与支座(3)铰接，每个连杆(10)的一端与夹臂油缸(9)的一端铰接，夹臂油缸(9)的另一端与支架(3)铰接，连杆(10)的另一端铰接有钻具夹(11)，还包括一个与二个钻具夹(11)配合夹紧所述的钻具(4)的中间夹(12)及其中间夹油缸(13)。本发明是一种能对钻具在一定范围内任意直径任意角度进行控制的多功能钻具控制装置。
108. 104863535 一种潜孔锤钻机除尘装置
CN
26.08.2015
E21B 21/015 Loading...
E21B 21/015
Loading...
201510256790.4
山河智能装备股份有限公司
吴晓明
E21B 21/015
Loading...
本发明公开了一种潜孔锤钻机除尘装置，包括一个顶罩，所述的顶罩(1)设有与钻杆装配的密封圈(3)，所述的顶罩上安装有卷扬机(4)，一个能罩住套管的帘布的上端安装在所述的顶罩上，所述的帘布上沿轴向间隔布置有多个钢撑环(9)，缠绕在所述的卷扬机(4)上的钢丝绳(5)的末端固定在最底部的所述的钢撑环(9)上。工作时,携带着粉尘和泥渣的气流从钻杆与套管之间的环状间隙里向上运动。气流到达顶罩时反弹向下，通过帘布与套管(8)之间的环状间隙，将粉尘和泥渣引至地面。
109. 204590018 一种桩架
CN
26.08.2015
E02D 7/16 Loading...
E02D 7/16
Loading...
201520031337.9
山河智能装备股份有限公司
钱奂云
E02D 7/16
Loading...
本实用新型公开了一种桩架，包括立柱(3)、机身(2)和斜支撑(4)，立柱(3)铰接在机身(2)的前端，所述的斜支撑(4)的至少一端设有第一具有主动或被动伸缩功能的伸缩装置，所述的斜支撑(4)的一端与所述的立柱(3)铰接，一字架(6)的一端和第二具有主动或被动伸缩功能的伸缩装置的一端均分别与所述的机身(2)铰接，机身(2)上设有锁孔(12)，所述的斜支撑(4)、一字架(6)的另一端和所述的第二具有主动或被动伸缩功能的伸缩装置的另一端均与一个铰接孔(11)铰接，一个销轴能将所述的铰接孔(11)与所述的锁孔(12)锁死在一起。利用两组或两组以上的油缸复合动作进行立桅，无需卷扬带动滑轮组立桅，也不需借助起重机。本实用新型使得一种履带式桩架整个立桅过程安全平稳，简单高效。
110. 204589981 一种智能型刹车自锁及解锁机构
CN
26.08.2015
E02D 3/046 Loading...
E02D 3/046
Loading...
201520164271.0
山河智能装备股份有限公司
陈梓林
E02D 3/046
Loading...
本实用新型公开了一种智能型刹车自锁及解锁机构，包括刹车装置(1)，所述的刹车装置(1)包括刹车踏板(1-1)、刹车装置底座(1-2)和复位弹簧(1-3)，定爪(2)与所述的刹车装置底座(1-2)固定连接，动爪(3)铰接在绞座(5)上，所述的绞座(5)固定安装于所述的刹车踏板(1-1)上，所述的动爪(3)上连接有解锁踏板(4)，所述的动爪(3)设有回位弹簧(6)，与控制系统通信连接的检测传感器(7)安装于所述的定爪(2)上，所述的动爪(3)与所述的定爪(2)勾合时能触动所述的检测传感器(7)。本实用新型的优点是：结构简单，刹车自锁可靠，能检测到有无自锁并反馈信号给系统，当检测到刹车装置未自锁时，反馈的信号可以限制离合器等的动作，安全可靠。
111. 204591178 一种立柱力矩自适应平衡机构
CN
26.08.2015
E21B 19/084 Loading...
E21B 19/084
Loading...
201520162640.2
山河智能装备股份有限公司
陈梓林
E21B 19/084
Loading...
本实用新型公开了一种立柱力矩自适应平衡机构，包括立柱(1)、鹅头(2)、卷扬机(3)、卷扬机钢丝绳(4)、工作装置(9)和平台(8)，在所述的鹅头(2)上设有处于所述的立柱(1)的前部的回绳过渡滑轮(5)和处于所述的立柱(1)的后部的第一力矩平衡滑轮组(6)，力矩平衡钢丝绳(7)设在所述的回绳过渡滑轮(5)和所述的第一力矩平衡滑轮组(6)上，一端与经过所述的工作装置(9)的滑轮组后的所述的卷扬机钢丝绳(4)固定连接，另一端固定连接于所述的平台(8)上，或经过固定于所述的平台(8)上的第二力矩平衡滑轮组(10)后固定连接于所述的鹅头(2)上。本实用新型的优点是：该平衡机构能自适应的平衡立柱立矩，所产生的平衡力矩大小调整方便，结构简单，成本低，操作简单，安全性高，日常维护量小。
112. 204590113 中型液压挖掘机多路阀组
CN
26.08.2015
E02F 3/42 Loading...
E02F 3/42
Loading...
201520245787.8
山河智能装备股份有限公司
何清华
E02F 3/42
Loading...
一种中型液压挖掘机的多路阀组，包括主阀和先导梭阀组。中型液压挖掘机的多路阀组具有的显著特点是：1、额定压力350bar，额定流量320L/min，通用于20T～30T级的液压挖掘机；2、主油路与先导油路为独立结构，可实现正流量控制或负流量控制；3、斗杆内收完全再生，再生量大，斗杆内收速度快；4、动臂下降完全依靠再生补油，不需泵主动供油；5、斗杆和铲斗复合动作，当斗杆溢流时泵的流量可供给铲斗；6、回转和动臂提升复合动作，可按实际负载进行流量分配；7、斗杆内收外摆为双泵阀后合流，压力损失小；8、斗杆第一控制阀、斗杆第二控制阀、铲斗控制阀在液压油路上设有比例优先阀，可实现按照需要的流量进行精确控制。
113. 204571827 旋挖钻机快速抛土控制系统
CN
19.08.2015
E21B 3/02 Loading...
E21B 3/02
Loading...
201520027987.6
山河智能装备股份有限公司
朱建新
E21B 3/02
Loading...
一种旋挖钻机快速抛土控制系统，包括反馈式变量泵、LS反馈阀、带先导换向的换向阀联和动力头马达，还包括压力流量控制装置，所述压力流量控制装置设有三个油口，第一油口5a通过管路与所述反馈式变量泵的出口压力油路相连，第二油口5b通过管路与LS反馈阀的出口压力油路相连，第三油口5c通过管路与反馈式变量泵的负载敏感变量控制阀的控制油路相连，所述压力流量控制装置将反馈式变量泵的出口压力或LS反馈阀的出口压力作为反馈式变量泵的变量控制信号，本实用新型通过设置卸荷阀实现卸荷，保证系统可靠性，既实现快速抛土又消除系统压力冲击，用于阀后压力补偿系统，以满足施工效率和系统稳定性要求。
114. 104763008 Multi-tandem valve group of middle-sized hydraulic excavator
CN
08.07.2015
E02F 3/42 Loading...
E02F 3/42
Loading...
201510190500.0
山河智能装备股份有限公司
何清华
E02F 3/42
Loading...
The invention discloses a multi-tandem valve group of a middle-sized hydraulic excavator. The multi-tandem valve group comprises a main valve and a pilot shuttle valve group. The main valve comprises a first control loop and a second control loop. The first control loop comprises a first pump, a leftward-walking control valve, a rotation control valve, a movable arm second control valve, a bucket rod first control valve, an auxiliary control valve, a first bypass switch-off convergence valve and a first flow control valve. The second control loop comprises a second pump, a straight line walking control valve, a rightward-walking control valve, a movable arm first control valve, a bucket rod second control valve, a bucket control valve, a second bypass switch-off convergence valve and a second flow control valve. The pilot shuttle valve group is mainly used for collecting straight line walking signals. The multi-tandem valve group is good in universality and controllability, and has the obvious energy saving and high efficiency effects.
115. 204283255 一种顶锤式钻机双杆钻杆库
CN
22.04.2015
E21B 19/14 Loading...
E21B 19/14
Loading...
201420648286.X
山河智能装备股份有限公司
舒敏飞
E21B 19/14
Loading...
本实用新型公开了一种顶锤式钻机双杆钻杆库，包括上摆架(1)、下摆架(2)及夹钎器(3)，所述的上摆架(1)与所述的下摆架(2)均连接有摆架油缸(11)且同步运动，所述的上摆架(1)和下摆架(2)上设有储有两钻杆的位置，且所述的上摆架(1)和下摆架(2)摆到位时即为液压凿岩机钎尾的中心轴位置；所述的上摆架(1)包括自上而下的夹紧装置、限位装置和送杆装置，所述的下摆架(2)包括自上而下的限位装置和送杆装置，所述的下摆架(2)的送杆装置的下端封闭。本实用新型结构简单，执行机构少，控制简单，成本低，对于钻孔深度为12米以内的顶锤式钻机的研发有着重要意义。
116. 204282423 一种挖掘机多功能平地挖斗
CN
22.04.2015
E02F 3/815 Loading...
E02F 3/815
Loading...
201420644784.7
山河智能装备股份有限公司
范峥嵘
E02F 3/815
Loading...
本实用新型公开了一种挖掘机多功能平地挖斗，底板(3)的两端分别与左侧板(1)和右侧板(2)的下端连接，中隔板(4)设在底板(3)的中间且两端分别与左侧板(1)和右侧板(2)连接，下端与底板(3)连接，中隔板(4)将底板(3)与左侧板(1)和右侧板(2)形成的斗体一分为二形成前后对称的两个小斗，左侧板(1)、右侧板(2)和中隔板(4)的一端连接有能与挖掘机连接的安装部(5)。底板(3)平焊在铲斗底部，主要用于平地、压实作业，同时两边分别向上有一定的折弯夹角，这有利于挖掘作业的更好发挥。这种铲斗具有结构简单，功能多样的特点，并在一定环境下可以大大的提高作业效率。
117. 204283398 凿岩钻机回转推进全液压自适应耦合控制回路
CN
22.04.2015
E21B 44/06 Loading...
E21B 44/06
Loading...
201420644221.8
山河智能装备股份有限公司
王东升
E21B 44/06
Loading...
本实用新型公开了一种凿岩钻机回转推进全液压自适应耦合控制回路，由负载敏感变量泵、负载敏感比例多路阀、推进执行机构等组成推进控制主油路，由第一负载敏感比例多路阀的推进联及其负载敏感外控口、耦合控制阀块、回转压力反馈管路等组成推进压力独立液压远控及回转液压无级控制推进回路。采用推进压力液压远控、平衡阀耦合两溢流阀设定值、回转压力无级控制平衡阀开度等技术措施，实现凿岩钻机回转推进无级耦合控制，全液压自适应，可靠性高，且功能回路清晰、简洁。通过推进联、溢流阀、负载敏感变量泵等的特殊匹配设计，实现推进压力独立液压远控，与其它工作联互不影响，提高液压功能回路的可靠性。
118. 204277344 挖掘机底架焊接装夹装置
CN
22.04.2015
B23K 37/047 Loading...
B23K 37/047
Loading...
201420643607.7
山河智能装备股份有限公司
汤良
B23K 37/047
Loading...
本实用新型公开了一种挖掘机底架焊接装夹装置，连接组件(1)的上端固定设有定位装置(2)，所述的定位装置(2)上设有螺杆(4)，所述的螺杆(4)上套装设有压紧装置(3)，所述的螺杆(4)的端部设有将所述的压紧装置(3)压紧的锁紧螺母(5)，所述的连接组件(1)的下端能连接在焊接变位机的工作台上。增加连接组件，保证焊接变位机工作台、装夹装置和工件三者之间良好的作业空间。定位装置满足不同尺寸的定位，实现了通用性，再通过压紧装置、螺杆和锁紧螺母将工件固定。连接组件与焊接变位机之间采用螺栓连接，连接组件与定位装置之间采用螺栓连接，结构简单可靠，易于拆装，便于安装和后期维护。
119. 104528621 Material split charging machine
CN
22.04.2015
B67C 7/00 Loading...
B67C 7/00
Loading...
201410828869.5
佛山市金银河智能装备股份有限公司
张启发
B67C 7/00
Loading...
The embodiment of the invention discloses a material split charging machine and aims at solving the technical problems that product split charging labour intensity is high, quantification is inaccurate and working efficiency is low. The material split charging machine in the embodiment of the invention comprises a bottom cap loading mechanism, a bottle loading mechanism, a bottle body overturning mechanism, a small cap loading mechanism, a bottle moving mechanism, a bottom cap pressing-in mechanism, a filling mechanism and a cap screwing mechanism, wherein the bottom cap loading mechanism is connected with the bottom cap pressing-in mechanism and used for conveying a bottom cap to the bottom cap pressing-in mechanism; the bottle body overturning mechanism is used for overturning a bottle body for a certain angle and then putting the bottle body into the bottle moving mechanism; the small cap loading mechanism is connected with the cap screwing mechanism and used for conveying a small cap to the cap screwing mechanism; the bottle moving mechanism is used for moving the bottle body; the bottom cap pressing-in mechanism is used for pressing the bottom cap into the bottle body; the bottle body is quantitatively filled with a material by virtue of the filling mechanism; and the cap screwing mechanism is used for screwing the small cap onto the bottle body.
120. 104480991 Excavator hydraulic pump control loop and control method thereof
CN
01.04.2015
E02F 9/22 Loading...
E02F 9/22
Loading...
201410782223.8
山河智能装备股份有限公司
郝鹏
E02F 9/22
Loading...
The invention discloses an excavator hydraulic pump control loop and a control method thereof. The excavator hydraulic pump control loop comprises a first variable pump, a second variable pump, a first and second variable pump adjusting mechanism, a first proportional pressure reducing valve, a second proportional pressure reducing valve, a first electromagnetic switching valve, a pump I and pump II outlet pressure sensor, a control lever pressure sensor, a movable arm cylinder displacement sensor, a bucket arm cylinder displacement sensor, a bucket cylinder displacement sensor, a rotation speed sensor and a controller; the control method of the loop comprises the steps of detecting the working condition type of a diesel engine by the control lever pressure sensor and the rotation speed sensor, controlling the displacement of the first and second variable pumps by the second proportional pressure reducing valve and the first electromagnetic switching valve, so as to realize the stable work of the diesel engine under the state close to a low idling state. By utilizing the excavator hydraulic pump control loop and control method thereof disclosed by the invention, the adaptive capacity of low speed in the diesel engine is improved and the energy loss during overflow of a working device is reduced.
121. 204109585 一种结构件钢码打印装置
CN
21.01.2015
B41K 3/04 Loading...
B41K 3/04
Loading...
201420586893.8
山河智能装备股份有限公司
王德军
B41K 3/04
Loading...
本实用新型公开了一种结构件钢码打印装置，包括钢码(5)，钢码压头(2)与钢码定位套(3)的上端固定连接，所述的钢码定位套(3)的下端固定连接有钢码定位座(6)，所述的钢码(5)放置在所述的钢码定位座(6)内。本实用新型是一种操作方便简单，打印钢码清晰，打印深度均匀，而且操作人员打印钢码过程中能看到自己打印的钢码正不正，最重要的是能避免操作人员打印钢码过程中伤害自己又能减轻劳动强度的结构件钢码打印装置。
122. 104202960 果实采摘设备
CN
10.12.2014
A01D 46/24 Loading...
A01D 46/24
Loading...
201180076184.4
山河智能装备股份有限公司
何清华
A01D 46/24
Loading...
一种果实采摘设备，包括可移动的车体、铰接在车体上的可伸缩的悬臂、驱动悬臂变幅的第一变幅油缸、铰接在悬臂上的工作臂及安装在工作臂上的切割工具；第一变幅油缸的缸座铰接在车体上，且第一变幅油缸的活塞杆铰接在悬臂上；车体还包括一个操作室，操作室内设有操作装置及操作监控装置；车体上还设有一个贮果斗及驱动贮果斗翻转的翻斗油缸；本发明的果实采摘设备通过操作悬臂及工作臂的运动，以便于用户根据实际情况及时调整控制装置的控制，从而准确、快速的进行采摘工作，提高采摘效率，实现采果的机械化作业，且通过行走底盘移动，移动方便，机械化程度高。
123. 203978269 带高速抛土功能的旋挖钻机动力头装置
CN
03.12.2014
E21B 3/02 Loading...
E21B 3/02
Loading...
201420372158.7
山河智能装备股份有限公司
曾素
E21B 3/02
Loading...
本实用新型公开了一种带高速抛土功能的旋挖钻机动力头装置，包括主动齿轮(5)，与主动齿轮(5)啮合的从动齿轮(7)，与主动齿轮(5)传动连接的高速减速机(6)，与主动齿轮(5)通过离合器连接的低速减速机(1)。离合器内安装有花键轴(2)，与花键轴(2)通过花键连接的离合套(9)，离合器座(3)与活塞组件(4)组成中空环形油缸，离合器座上的控制油口控制活塞组件(4)作上下运动，活塞组件(4)通过轴承(8)与离合套(9)连接。本实用新型采用两路控制油路推动活塞上下滑动，从而实现离合套(9)与主动齿轮(5)的离合，活塞组件(5)在此装置中只做上下运动，活塞组件(5)上的密封件得到有效保护。
124. 203977477 一种具有针对不同工况切换液压回路的挖掘机
CN
03.12.2014
E02F 3/42 Loading...
E02F 3/42
Loading...
201420438021.7
山河智能装备股份有限公司
何清华
E02F 3/42
Loading...
本实用新型公开了一种具有针对不同工况切换液压回路的挖掘机，平地模式选择阀(1)的进口与小型液压挖掘机主阀的推土铲联(M3)的进口连接，所述的平地模式选择阀(1)的一个出口与小型液压挖掘机主阀的动臂2\破碎锤联(M4)的进口连接，另一个出口与所述的回油道(T2)连接，所述的平地模式选择阀(1)的控制端与平地工况模式开关(2)的E口连接；通路(3)一端与小型液压挖掘机主阀的动臂2\破碎锤联(M4)和斗杆1联(M5)的进口连接，另一端与小型液压挖掘机主阀的动臂1联(M8)和铲斗联(M9)的进口连接。本实用新型是一种针对不同工况可达到挖掘时节能、平地时高效的性能的具有针对不同工况切换液压回路的挖掘机。
125. 203978277 一种带杆整机运输旋挖钻机
CN
03.12.2014
E21B 7/02 Loading...
E21B 7/02
Loading...
201420420471.3
山河智能装备股份有限公司
朱建新
E21B 7/02
Loading...
本实用新型公开了一种带杆整机运输旋挖钻机，包括回转平台(2)、配重(4)、变幅机构(6)、立桅油缸(7)、桅杆(8)、跟随架(10)、钻杆(11)、动力头(12)和下桅杆(14)，在运输状态下所述的跟随架(10)与所述的桅杆(8)固定连接，所述的钻杆(11)与所述的跟随架(10)和所述的动力头(12)固定连接不需拆卸。本实用新型是一种转场运输不需要拆卸钻杆，进入施工场地后直接立桅即可施工的旋挖钻机，整个过程不再需要起重设备帮忙，减少了人工，节约了时间，大大提高了施工效率，降低了施工成本。
126. 203975726 一种摩擦轮输送装置
CN
03.12.2014
B65G 13/02 Loading...
B65G 13/02
Loading...
201420437959.7
山河智能装备股份有限公司
何清华
B65G 13/02
Loading...
本实用新型公开了一种摩擦轮输送装置，具有一个安装在支架上的马达，两个竖直并列的主动摩擦轮，马达通过链条连接主动摩擦轮，驱动摩擦轮同向运动，主动摩擦轮的另一边就有竖直并列的两个从动摩擦轮，输送物料位于两组摩擦轮中间，从动摩擦轮通过弹簧张紧装置压在输送物料上，压力产生摩擦力，驱动输送物料随主动摩擦轮的运转方向运动。其中弹簧张紧装置可以通过螺杆调节弹簧力，实现需要的摩擦力。该装置可以稳固、连续的将细长杆类物料输送，具有结构简单、操纵方便、安全可靠、机构简单等优点。
127. 203978422 一种钻机用深度检测装置
CN
03.12.2014
E21B 47/04 Loading...
E21B 47/04
Loading...
201420384440.7
山河智能装备股份有限公司
钱奂云
E21B 47/04
Loading...
本实用新型公开了一种钻机用深度检测装置，包括一个与钻机连接的安装座(1)，所述的安装座(1)上设有一个滑轮(4)及一个将钢丝绳压在所述的滑轮(4)上的压轮(6)，所述的滑轮(4)传动连接有一个计数仪器，所述的计数仪器与控制系统通信连接。本装置通过滑轮(4)及压轮(6)将钢丝绳夹紧，利用钢丝绳的运动带动滑轮(4)的转动，同时计数仪器记录滑轮(4)转动的圈数，通过滑轮(4)所转动的圈数从而可准确的计算出钢丝绳运动的距离(即可知道钻机上动力头上下运动的距离和钻孔深度)。本实用新型是一种测量准确、安装以及维护方便，能适应钻机恶劣的工况要求的钻机用深度检测装置。
128. 203976325 一种可调石材吊具装置
CN
03.12.2014
B66F 9/12 Loading...
B66F 9/12
Loading...
201420369071.4
山河智能装备股份有限公司
王永飞
B66F 9/12
Loading...
本实用新型公开了一种可调石材吊具装置，包括吊臂(8)，所述的吊臂(8)上设有活动轴(1)和固定轴(2)，所述的吊臂(8)通过所述的活动轴(1)和所述的固定轴(2)与伸缩臂叉装车快换装置连接；包括一个固定吊臂(7)，所述的固定吊臂(7)上至少设有一套吊杆装置和至少一个吊孔，所述的固定吊臂(7)固定安装在所述的吊臂(8)上；包括一个活动吊臂(6)，所述的活动吊臂(6)与所述的固定吊臂(7)平行设置，所述的活动吊臂(6)上至少设有一套吊杆装置和至少一个吊孔，所述的活动吊臂(6)在所述的吊臂(8)位置可调。本实用新型是一种能实现同类型不同宽度的石材的吊装的可调石材吊具装置。
129. 203978268 一种带高速抛土功能的旋挖钻机动力头装置
CN
03.12.2014
E21B 3/02 Loading...
E21B 3/02
Loading...
201420368386.7
山河智能装备股份有限公司
朱建新
E21B 3/02
Loading...
本实用新型公开了一种带高速抛土功能的旋挖钻机动力头装置，低速减速机(1)通过离合器钢筒(3)连接在齿轮箱(14)上，花键轴(2)的一端与低速减速机(1)的输出轴转动连接，滑动花键套(4)的内花键通过花键上下自由滑动套装在花键轴(2)上，主动齿轮(6)的主轴连接有齿轮套(5)，滑动花键套(4)的外花键通过花键上下自由滑动与齿轮套(5)连接，拨叉(9)一端与滑动花键套(4)连接，拨叉(9)另一端与拨叉油缸(8)的活塞杆相连，拨叉油缸(8)安装在离合器钢筒(3)上，拨叉油缸(8)驱动滑动花键套(4)与齿轮套(5)离合。本实用新型运行可靠、结构简单、工作稳定、维修方便、制作成本低。
130. 203973568 一种操纵箱手托调节机构
CN
03.12.2014
B25J 21/00 Loading...
B25J 21/00
Loading...
201420303101.1
山河智能装备股份有限公司
宋东乐
B25J 21/00
Loading...
本实用新型公开了一种操纵箱手托调节机构，包括一个能固定在操纵箱总成上的手托固定端(6)和一个能固定安装手托的手托调节端(7)，第一止动圈(1)上设有第一啮合齿(9)，第二止动圈(2)上设有能与第一止动圈(1)上的第一啮合齿(9)啮合的第二啮合齿(10)，第二止动圈(2)固定安装在手托固定端(6)上，第一止动圈(1)固定安装在手托调节端(7)上且第一止动圈(1)与第二止动圈(2)相对设置使第一啮合齿(9)与第二啮合齿(10)啮合，螺纹销(3)穿过手托调节端(7)和第一止动圈(1)，螺纹销(3)的前端与第一止动圈(1)螺纹连接，后端连接有旋钮(4)。本实用新型是一种手托的位置相对于操纵箱能根据不同用户的要求进行角度调节的操纵箱手托调节机构。
131. 104150146 一种摩擦轮输送装置
CN
19.11.2014
B65G 13/02 Loading...
B65G 13/02
Loading...
201410381621.9
山河智能装备股份有限公司
何清华
B65G 13/02
Loading...
本发明公开了一种摩擦轮输送装置，具有一个安装在支架上的马达，两个竖直并列的主动摩擦轮，马达通过链条连接主动摩擦轮，驱动摩擦轮同向运动，主动摩擦轮的另一边就有竖直并列的两个从动摩擦轮，输送物料位于两组摩擦轮中间，从动摩擦轮通过弹簧张紧装置压在输送物料上，压力产生摩擦力，驱动输送物料随主动摩擦轮的运转方向运动。其中弹簧张紧装置可以通过螺杆调节弹簧力，实现需要的摩擦力。该装置可以稳固、连续的将细长杆类物料输送，具有结构简单、操纵方便、安全可靠、机构简单等优点。
132. 104153406 一种具有针对不同工况切换液压回路的挖掘机
CN
19.11.2014
E02F 3/42 Loading...
E02F 3/42
Loading...
201410381190.6
山河智能装备股份有限公司
何清华
E02F 3/42
Loading...
本发明公开了一种具有针对不同工况切换液压回路的挖掘机，平地模式选择阀(1)的进口与小型液压挖掘机主阀的推土铲联(M3)的进口连接，所述的平地模式选择阀(1)的一个出口与小型液压挖掘机主阀的动臂2\破碎锤联(M4)的进口连接，另一个出口与所述的回油道(T2)连接，所述的平地模式选择阀(1)的控制端与平地工况模式开关(2)的E口连接；通路(3)一端与小型液压挖掘机主阀的动臂2\破碎锤联(M4)和斗杆1联(M5)的进口连接，另一端与小型液压挖掘机主阀的动臂1联(M8)和铲斗联(M9)的进口连接。本发明是一种针对不同工况可达到挖掘时节能、平地时高效的性能的具有针对不同工况切换液压回路的挖掘机。
133. 203808850 一种潜孔钻挡尘装置
CN
03.09.2014
E21B 12/00 Loading...
E21B 12/00
Loading...
201420119741.7
山河智能装备股份有限公司
高淑蓉
E21B 12/00
Loading...
本实用新型公开了一种潜孔钻挡尘装置，包括捕尘罩体(1)，在所述的捕尘罩体(1)的上端安装有包围住钻杆的挡尘板(3)，导向套(2)套装在钻杆上并插入到所述的挡尘板(3)内，所述的导向套(2)的上端设有直径大于所述的挡尘板3的内径的凸肩(7)，所述的导向套(2)的外圆与所述的挡尘板(3)的内孔接触配合，所述的导向套(2)与所述的挡尘板(3)能相对旋转运动和相对直线运动。本实用新型结构简单，成本低，能有效消除钻机钻孔时的顶冲现象，并能在钻孔时提供导向，保证良好的孔直度。
134. 203807129 一种双头全自动硬管灌装机
CN
03.09.2014
B67C 7/00 Loading...
B67C 7/00
Loading...
201320852112.0
佛山市金银河智能装备股份有限公司
马淼望
B67C 7/00
Loading...
本实用新型公开一种双头全自动硬管灌装机，筒体传送部件将筒体输送至移瓶部件上，移瓶部件将筒体移送至灌装部件内，灌装部件对筒体进行灌装；盖体传送部件将盖体传送至打盖部件，打盖部件将盖体与灌装后的筒体打盖封装；喷码部件对打盖后的筒体进行喷码打印；出品部件将喷码打印后的成品送出；电器部件分别与混色定量部件、筒体传送部件、盖体传送部件、移瓶部件、灌装部件、打盖部件、喷码部件和出品部件电连接。与现有技术相比，本实用新型提供的双头全自动硬管灌装机，在原有单头功能保持不变的情况，设备的制造成本大大降低，占地面积大大减少，大约为原来的一半；设备投资大大减少。
135. 203808141 一种挖掘机的右操纵箱
CN
03.09.2014
E02F 9/22 Loading...
E02F 9/22
Loading...
201420151251.5
山河智能装备股份有限公司
王军
E02F 9/22
Loading...
本实用新型公开了一种挖掘机的右操纵箱，在主焊接骨架(1)上设有油门拉线操纵杆支架(3)，第一折弯板(2)设在所述的主焊接骨架(1)或所述的油门拉线操纵杆支架(3)上；液压推土操纵阀支架(22)或推土铲操纵杆支架(10)固定安装在主焊接骨架(1)上，主焊接骨架(1)上设有第三折弯板(4)和第二折弯板(7)，上侧板(19)固定安装在第三折弯板(4)和第二折弯板(7)上，下侧板(20)固定安装在第一折弯板(2)和第二折弯板(7)上，主焊接骨架(1)上设有用于固定安装操纵箱扶手(12)的上板(5)，右先导操纵阀(13)固定安装在主焊接骨架(1)上，上外壳(18)和下外壳(17)固定安装在主焊接骨架(1)上。本实用新型是一种结构紧凑、装拆方便，操作灵活、可进行机液切换的挖掘机的右操纵箱。
136. 203809389 一种潜孔钻机快速自动调平液压控制回路
CN
03.09.2014
F15B 11/22 Loading...
F15B 11/22
Loading...
201420225659.2
山河智能装备股份有限公司
赵俊波
F15B 11/22
Loading...
一种潜孔钻机快速自动调平液压控制回路，包括支腿油缸、支腿平衡阀、电磁换向阀组、液控比例换向阀、负载敏感变量泵和液压油箱，电磁换向阀组内设有数量与支腿油缸对应的电磁换向阀，支腿油缸的有杆腔和无杆腔通过支腿平衡阀与电磁换向阀的油口连接，多个电磁换向阀的进油口和出油口并联作为电磁换向阀组的油口P和油口T，液控比例换向阀的油口A和油口B分别与电磁换向阀组的油口T和油口P连通，压力继电器与电磁换向阀组的进油口连通，先导油泵与先导控制阀块连接，先导控制阀块的控制口通过电比例减压阀与液控比例换向阀的先导腔b连通，负载敏感变量泵的压力反馈口Ls与液控比例换向阀连通，负载敏感变量泵与液压油箱连接。本实用新型实现钻机工作平台的快速、精确、平稳地调平，降低操作难度，减少辅助作业时间，提高钻孔综合效率。
137. 203806017 一种带有可翻转前窗挡板机构的驾驶室的强夯机
CN
03.09.2014
B62D 33/06 Loading...
B62D 33/06
Loading...
201420172273.X
山河智能装备股份有限公司
朱建新
B62D 33/06
Loading...
本实用新型公开了一种带有可翻转前窗挡板机构的驾驶室的强夯机，前窗挡板机构包括挡板、连杆机构、连杆安装座、伸缩油缸和油缸安装座，伸缩油缸自身伸缩带动连杆机构运动，挡板被固定在连杆机构上，连杆机构装配在连杆安装座上，并且可以在连杆安装座上转动，本实用新型专利通过油缸的伸缩带动连杆机构运动，使得挡板在一定角度翻转，可以方便实现防止泥石飞溅到前窗玻璃、遮阳和挡雨的作用。
138. 203808973 一种用于旋挖钻机全方位作业的可视化监视系统
CN
03.09.2014
E21B 44/00 Loading...
E21B 44/00
Loading...
201420151482.6
山河智能装备股份有限公司
邓宇
E21B 44/00
Loading...
本实用新型提供了一种用于旋挖钻机全方位作业的可视化监视系统，包括广角摄像头组、图像处理模块、数据采集模块、控制器、显示模块及电源模块；所述广角摄像头组与图像处理模块相连，所述数据采集模块与旋挖钻机的控制手柄相连，所述图像处理模块与数据采集模块均与控制器相连，所述显示模块与电源模块均与控制器相连。该系统结构简单、操作方便，多个广角摄像头能够对旋挖钻机的工作图像进行全方位监控，利用控制手柄的控制信号实时显示对应的广角摄像头拍摄的图像，降低了操作手的工作量，提高了操作人员的工作效率，也提高了旋挖钻机安全工作系数。
139. 203812076 一种适用于卷扬加压的旋挖钻机带杆监控系统
CN
03.09.2014
G05B 19/418 Loading...
G05B 19/418
Loading...
201420217163.0
山河智能装备股份有限公司
吴斌
G05B 19/418
Loading...
本实用新型公开了一种适用于卷扬加压的旋挖钻机带杆监控系统，包括测力传感器、深度传感器、位移传感器、减法器、比较器、显示器及报警单元；所述减法器的一端接测力传感器，另一端接动力头重量参考电压，所述减法器的输出端与所述比较器的一个输入端相连，比较器的另一个输入端接钻杆重量参考电压相连，所述比较器的输出端与所述报警单元相连；所述深度传感器和位移传感器均与显示器相连；所述测力传感器安装于旋挖钻机动力头上提定滑轮固定销轴处；所述深度传感器和位移传感器分别安装于主卷扬与加压卷扬的机架上。克服现有技术中带杆监控精度不高，操作复杂的问题，利用测力传感器、深度传感器及位移传感器实时监控带杆情况，将带杆现象遏制在初期的带杆监测示警系统。
140. 203793677 一种铝丝卡全自动软管分装机
CN
27.08.2014
B65B 7/02 Loading...
B65B 7/02
Loading...
201420197677.4
佛山市金银河智能装备股份有限公司
梁可
B65B 7/02
Loading...
本实用新型公开一种铝丝卡全自动软管分装机，包括铝线送丝装置、一次成型装置、合拢分模装置、二次成型装置和剪切装置；铝线送丝装置将铝线送往一次成型装置进行一次成型，铝线一次成型后成为U形卡，U形卡在二次成型装置的动作下进入合拢分模装置内进行二次成型将包装袋进行封口。与现有技术相比，本实用新型提供的铝丝卡全自动软管分装机，将铝线的卡钉成型、封口集中于一台机中进行，无需预先制成指定形状的封口卡钉，节省了中间环节，硅酮密封胶生产厂家可直接用铝线对硅酮密封胶进行分装，降低了硅酮密封胶的分装成本。
141. 203794606 一种立式全自动硬管灌装机
CN
27.08.2014
B67C 7/00 Loading...
B67C 7/00
Loading...
201320852022.1
佛山市金银河智能装备股份有限公司
马淼望
B67C 7/00
Loading...
本实用新型公开一种立式全自动硬管灌装机，筒体输送部件把筒体送到一个斜坡导轨上，经过旋转气缸将其旋转90°，使筒体从水平转到垂直状态而喂入转盘的筒体定位装置内，移瓶部件将筒体移送至灌装部件内，灌装部件对筒体进行灌装；瓶盖输送部件将瓶盖输送至打塞座内，打盖部件将盖体与灌装后的筒体打盖封装；出品部件将打塞后的胶瓶顶起并旋转90°后从斜坡滚出；喷码部件对滚下来的胶瓶进行喷码打印；电器部件分别与筒体传送部件、盖体传送部件、移瓶部件、灌装部件、打盖部件、喷码部件和出品部件电连接。与现有技术相比，本实用新型提供的立式全自动硬管灌装机，在原有卧式全自动硬管灌装机功能保持不变的情况下，增加了灌装机适用胶种的范围。
142. 203745880 一种基于CAN总线的智能舵机驱动器
CN
30.07.2014
G05B 19/418 Loading...
G05B 19/418
Loading...
201420080075.0
山河智能装备股份有限公司
何清华
G05B 19/418
Loading...
本实用新型公开了一种基于CAN总线的智能舵机驱动器，包括CAN收发器、控制器、驱动器、采样模块及传感器模块，所述采样模块、传感器模块及CAN收发器均与控制器相连，所述采样模块的输入端与驱动器相连，所述采样模块的输出端与控制器的输入端相连，所述传感器模块与舵机相连，所述控制器通过CAN收发器与上位机相连，所述控制器的控制端与驱动器的输入端相连，通过驱动器驱动舵机工作；利用该装置中的控制器对舵机的状态数据和驱动器的状态数据进行处理，减轻了上位机的负担，提高了上位机的稳定性；每个智能舵机驱动器都能通过CAN总线感知到其他舵机的状态，以此来调整本机的状态。
143. 203743139 一种变负载下多缸同步电液控制系统
CN
30.07.2014
F15B 21/08 Loading...
F15B 21/08
Loading...
201420108434.9
山河智能装备股份有限公司
潘钟键
F15B 21/08
Loading...
本实用新型公开了一种变负载下多缸同步电液控制系统，每个液压缸（13）采用液压支路与定量泵(4)的出口连接，液压支路的结构是：定量泵(4)通过单向阀(6)连接电液比例换向阀（11和比例节流阀（9），电液比例换向阀（11）与液压缸（13），比例节流阀（9）与两位两通电磁换向阀（7）和蓄能器（8）连接；每个液压缸（13）上设有位移传感器（12），位移传感器（12）的输出端与控制器(15)的输入端通信连接，控制器(15)的输出端分别与变频器（14）、每个液压支路的电液比例换向阀（11）的控制端、比例节流阀（9）的控制端和两位两通电磁换向阀（7）的控制端通信连接。本实用新型在负载发生变化的情况下、多缸快速响应、响应时间短、保证系统的同步性。
144. 203740943 卷扬防过卷保护装置
CN
30.07.2014
B66D 1/56 Loading...
B66D 1/56
Loading...
201420059626.5
山河智能装备股份有限公司
朱建新
B66D 1/56
Loading...
本实用新型公开了一种卷扬防过卷保护装置，在支座（3）上装有限位开关（1）及转轴（6），所述的转轴（6）上转动装有连杆（2），所述的连杆（2）的第一支杆（21）对应作用于所述的限位开关（1），在所述的支座（3）上设有限制所述的连杆（2）的转动角度的连杆限位块（7），所述的连杆（2）的第三支杆（23）连接有钢丝绳弹簧（4），卷扬钢丝绳能从所述的钢丝绳弹簧（4）中心穿过，所述的连杆（2）与所述的支座（3）之间设有给所述的第一支杆（21）施加脱离所述的限位开关（1）的力的弹簧，所述的限位开关（1）与卷扬机的控制系统电连接。本实用新型是一种可靠判断卷扬是否过卷、并在过卷时立即停止卷扬工作的卷扬防过卷保护装置。
145. 203742443 护筒压拔钻机
CN
30.07.2014
E21B 7/02 Loading...
E21B 7/02
Loading...
201420066334.4
山河智能装备股份有限公司
朱建新
E21B 7/02
Loading...
本实用新型公开了一种护筒压拔钻机，安装在履带底盘（6）上的平台（12），铰接安装在平台（12）上的偏摆机构（8），安装在偏摆机构（8）上的支撑杆（7）；铰接在偏摆机构（8）上的桅杆（9），在桅杆（9）上安装有卷扬（10），铰接在桅杆（9）与偏摆机构（8）之间的立桅油缸（11）；在桅杆（9）的上端安装有吊机（1）；在桅杆（9）上滑动安装有动力头（3）；桅杆（9）下端安装有支撑台（4），支撑台（4）与动力头（3）之间连接有起拔油缸（5），在卷扬（10）上绕有加压钢丝绳（13）及起拔钢丝绳（2）。该型钻机解决了压拔大直径、大深度护筒的施工难题，极大提高了护筒施工的效率。
146. 203741912 一种挖掘机操纵机构
CN
30.07.2014
E02F 9/20 Loading...
E02F 9/20
Loading...
201420093237.4
山河智能装备股份有限公司
陈朝阳
E02F 9/20
Loading...
本实用新型公开了一种挖掘机操纵机构，左脚踏板(11)和右脚踏板(1)分别安装固定在平台安装支板(5)上，第一推拉软轴(3)和第二推拉软轴(7)的外套固定安装在回转平台(8)上，联动轴套(15)转动安装在回转平台(8)上，第一推拉软轴(3)的一端的拨叉与右脚踏板(1)连接，另一端的拨叉通过联动轴套(15)与多路阀(10)的一个功能阀芯铰接；联动传动轴套(14)转动安装在所述的回转平台(8)上，第二推拉软轴(7)的一端的拨叉与左脚踏板(11)连接，另一端的拨叉通过联动传动轴套(14)上与多路阀(10)的另一个功能阀芯铰接。本实用新型是一种控制灵活、占用空间小、使用寿命长、生产成本低、装配调试简单且维修方便的挖掘机操纵机构。
147. 103939405 Automatic quick leveling hydraulic control circuit of down-the-hole drill and control method thereof
CN
23.07.2014
F15B 11/22 Loading...
F15B 11/22
Loading...
201410185926.2
山河智能装备股份有限公司
赵俊波
F15B 11/22
Loading...
The invention discloses an automatic quick leveling hydraulic control circuit of a down-the-hole drill and a control method of the automatic quick leveling hydraulic control circuit. The automatic quick leveling hydraulic control circuit comprises support oil cylinders, support balance valves, a magnetic exchange valve bank, a hydraulic control proportional directional valve, a load sensing variable displacement pump and a hydraulic oil tank. Magnetic exchange valves corresponding to the support oil cylinders in quantity are arranged in the magnetic exchange valve bank. Rod cavities and rodless cavities of the support oil cylinders are connected with oil ports of the magnetic exchange valves through the support balance valves. Oil inlets and oil outlets of the magnetic exchange valves are connected in parallel to serve as an oil port P and an oil port T of the magnetic exchange valve bank. An oil port A and an oil port B of the hydraulic control proportional directional valve are communicated with the oil port T and the oil port P of the magnetic exchange valve bank respectively. A pressure relay is communicated with an oil inlet of the magnetic exchange valve bank. A pilot oil pump is connected with a pilot control valve block. A control port of the pilot control valve block is communicated with a pilot cavity b of the hydraulic control proportional directional valve through an electric proportional pressure reducing valve. A pressure feedback port Ls of the load sensing variable displacement pump is communicated with the hydraulic control proportional directional valve. The load sensing variable displacement pump is connected with the hydraulic oil tank. According to the automatic quick leveling hydraulic control circuit of the down-the-hole drill and the control method of the automatic quick leveling hydraulic control circuit, a working platform of the drill can be quickly, accurately and stably leveled, so that operation difficulty is lowered, auxiliary operation time is shortened, and comprehensive drilling efficiency is enhanced.
148. 103935407 一种带有可翻转前窗挡板机构的驾驶室的强夯机
CN
23.07.2014
B62D 33/06 Loading...
B62D 33/06
Loading...
201410142263.6
山河智能装备股份有限公司
朱建新
B62D 33/06
Loading...
本发明公开了一种带有可翻转前窗挡板机构的驾驶室的强夯机，前窗挡板机构包括挡板、连杆机构、连杆安装座、伸缩油缸和油缸安装座，伸缩油缸自身伸缩带动连杆机构运动，挡板被固定在连杆机构上，连杆机构装配在连杆安装座上，并且可以在连杆安装座上转动，本发明专利通过油缸的伸缩带动连杆机构运动，使得挡板在一定角度翻转，可以方便实现防止泥石飞溅到前窗玻璃、遮阳和挡雨的作用。
149. 203725088 一种往复式行星动力混合机
CN
23.07.2014
B01F 7/30 Loading...
B01F 7/30
Loading...
201420074967.X
佛山市金银河智能装备股份有限公司
张启发
B01F 7/30
Loading...
本实用新型公开了一种往复式行星动力混合机，通过搅拌机构与机架的活套可伸缩式设计，可以实现上下往复三维搅拌功能，进而可以提高物料搅拌分散的质量和效率。本实用新型的往复式行星动力混合机，包括密封机构、锁紧机构、机架、动力机构、混合腔、行星混合机构和控制机构；其中机架包括底座和上横梁；动力机构包括：设置在底座和上横梁之间，并用于升降上横梁及行星混合机构的两个升降油缸、设置在上横梁上的带传动轮的低速动力部件及带传动轮的高速动力部件；行星混合机构包括：低速混合部件、两端带传动轮的中空低速轴、高速混合部件、两端带传动轮的高速轴及行星架；密封机构包括：上密封罩、下密封罩及罩体密封件。
150. 203712569 小型挖机的三耳板组件铆装专用工装
CN
16.07.2014
B25B 11/02 Loading...
B25B 11/02
Loading...
201320868228.3
山河智能装备股份有限公司
王德军
B25B 11/02
Loading...
本实用新型公开了一种小型挖机的三耳板组件铆装专用工装，孔定位座(2)铰接在定位座(1)上，孔定位座(2)上设有第一轴(4)和第二轴(5)，平台(9)上设有用于顶紧行走架的顶紧结构，平台(9)上设有用来限制定位座（1）在直线行走装置上直线前后滑动行程的限位块（14）和用来限制行走架的位置的限位座(8)；在平台(9)上设有直线行走装置(3)，定位座(1)安装在直线行走装置(3)上，定位支撑调整座总成(7)固定安装在平台(9)上，或定位支撑调整座总成(7)安装在直线行走装置(3)上，定位座(1)固定安装在平台(9)上。本实用新型是一种铆装过程方便简单、生产效率高和产品质量高、劳动强度低和作业时间短的小型挖机的三耳板组件铆装专用工装。
151. 203716840 液压钻车推进控制冲击液压回路
CN
16.07.2014
E21B 4/00 Loading...
E21B 4/00
Loading...
201320891863.3
山河智能装备股份有限公司
王东升
E21B 4/00
Loading...
一种液压钻车推进控制冲击液压回路,由负载敏感变量泵、负载敏感比例多路阀、凿岩机、推进马达或油缸、液压油箱等组成液压钻车冲击控制推进液压回路主油路；由冲击联负载敏感外控口、推进联负载敏感外控口、先导阀组第一电磁换向阀、第二电磁换向阀、逻辑控制块第一液控换向阀、第二液控换向阀、远控阀组第一溢流阀、第二溢流阀、第三溢流阀、第四溢流阀等组成强冲远控调节、强推远控调节、弱冲远控调节、弱推远控调节、冲击自适应于推进、推进自适应于岩层、及强制弱推弱冲控制油路。本实用新型实现推进控制冲击，冲击推进自适应于岩层变化，提升钻进效率和岩层通过性，保护钎具；可选择强制弱推弱冲控制，提高开孔质量及提升岩层通过性；强冲、强推、弱冲、弱推等作业参数均可远控调节。
152. 203717495 液压钻车接卸钎回转推进自适应液压回路
CN
16.07.2014
F15B 11/17 Loading...
F15B 11/17
Loading...
201320891208.8
山河智能装备股份有限公司
王东升
F15B 11/17
Loading...
一种液压钻车接卸钎回转推进自适应液压回路，由负载敏感变量泵、负载敏感比例多路阀、凿岩机、推进马达或油缸等组成凿岩机回转、推进主油路；由接卸钎先导阀、逻辑控制块、调节阀组、推进联、回转联等组成接卸钎自适应控制油路；接钎时，回转正转速通过调节阀组第一减压阀控制回转联的流量而调定，逻辑控制块第一液控换向阀控制推进联的负载敏感外控口LsA1与调节阀组第一溢流阀连接，推进下推力由第一溢流阀调定；卸钎时，回转反转转速通过调节阀组第二减压阀控制回转联的流量而调定，逻辑控制块第二液控换向阀控制推进联的负载敏感外控口LsB1与调节阀组第二溢流阀连接，推进上提力由第二溢流阀调定。本实用新型通过推进限压和回转调速同步耦合，实现接卸钎回转推进自适应，可靠、顺畅实现接卸钎。
153. 203716198 挖掘机动臂强度检验装置
CN
16.07.2014
E02F 3/38 Loading...
E02F 3/38
Loading...
201320868297.4
山河智能装备股份有限公司
王德军
E02F 3/38
Loading...
本实用新型公开了一种挖掘机动臂强度检验装置，此装置可在不同位置、不同载荷的作用下动态模拟动臂的可靠性。它属于机械制造领域。其解决了动臂生产中批量强度检验的问题，加强动臂生产的过程控制能力，在进入市场之前，实现动臂的全方位强度检验。结束动臂无强度检测就进入市场的现状。其主要包括后支撑铰接机构、中支撑铰接机构、前支撑铰接机构、斗杆油缸限位机构、电控液压站。本实用新型主要用于各种机型动臂全方位的强度检验。
154. 203716137 一种孔内深层强夯机
CN
16.07.2014
E02D 3/046 Loading...
E02D 3/046
Loading...
201320863918.X
山河智能装备股份有限公司
朱建新
E02D 3/046
Loading...
本实用新型公开了一种孔内深层强夯机，包括底盘(12)、平台(2)、桅杆(4)、操作台(8)、液压系统、控制系统(9)、卷扬(7)和夯锤(5)，所述的桅杆(4)的下端铰接在所述的平台(2)上，在所述的平台(2)与所述的桅杆(4)之间铰接有桅杆油缸(6)，所述的卷扬(7)上的钢丝绳绕过所述的桅杆(4)上的鹅头滑轮与所述的夯锤(5)固定连接；所述的平台(2)采用回转装置与所述的底盘(12)连接，所述的平台(2)上设有料斗(3)和料舌(1)，所述的料斗(3)的出口设有斗门与所述的料舌(1)对接，所述的控制系统(9)与所述的卷扬(7)的操作系统和所述的斗门的操作系统采用通信连接。本实用新型是一种方便对桩、夯锤不用挂钩、桩孔的填料量便于控制、操作简单可靠、成桩质量高、成桩速度快的孔内深层强夯机。
155. 203716152 一种静压桩施工的锥形定位装置
CN
16.07.2014
E02D 13/04 Loading...
E02D 13/04
Loading...
201320882404.9
山河智能装备股份有限公司
朱建新
E02D 13/04
Loading...
本实用新型公开了一种静压桩施工的锥形定位装置，包括一个能套入预制管桩的桩端的桩端套（1），所述的桩端套（1）上设有一个手柄（3），所述的桩端套（1）设有一个与所述的桩端套（1）同轴连接的指向锥（2）。接桩焊工手持所述的手柄（3），将所述的桩端套（1）套入桩端，所述的指向锥（2）指向标有桩位的地面。机手通过调整机身，使所述的指向锥对准桩位。本实用新型是一种提高桩端指向桩位的精度和让静压桩机机手直观操作且结构简单、性能可靠、对桩精度高、对桩效率高的静压桩施工的锥形定位装置。
156. 203717795 双工位扭矩倍增器
CN
16.07.2014
F16H 1/28 Loading...
F16H 1/28
Loading...
201320861201.1
山河智能装备股份有限公司
廖冬辉
F16H 1/28
Loading...
本实用新型公开了一种双工位扭矩倍增器，传动轴上设有联接齿轮；横向行星架一端设有内齿，一端设有偏心轴，横向行星轮空套在偏心轴上；横向行星轮同时与固定中心轮及输出中心轮啮合；固定中心轮与壳体用螺栓连接固定，而输出中心轮由行星轮带动转动，为扭矩输出轴。传动轴及联接齿轮传入扭矩后，经偏心行星架、行星轮、固定中心轮、输出中心轮构成的NN型少齿差行星齿轮传动轮系放大输出扭矩；当装配作业需要输出扭矩方向与输入扭矩方向相垂直时，转动丝杆使拨叉拨动联接齿轮与锥齿轮的内齿相啮合，通过一对锥齿轮将横向扭矩转变为竖向扭矩，再通过少齿差行星齿轮传动轮系进行扭矩放大。本实用新型扳手结构简单，理论扭矩放大倍数大。
157. 203717213 一种柴油机低温辅助启动回路
CN
16.07.2014
F02N 19/10 Loading...
F02N 19/10
Loading...
201320882490.3
山河智能装备股份有限公司
郝鹏
F02N 19/10
Loading...
本实用新型公开了一种柴油机低温辅助启动回路，该低温辅助启动回路包括第一电磁阀、副水箱、电子泵、第二电磁阀、第一温度传感器、第二温度传感器、转速传感器及控制器；该低温辅助启动回路的控制方法通过转速传感器检测柴油机的工况类别，利用温度传感器采集柴油机中冷却液的温度，通过控制器打开电磁阀，让电子泵运转，使得存储在保温副水箱中的冷却液与柴油发动机机体中的冷却液进行热交换，有效的将柴油发动机在运行过程中产生的能量存储与副水箱中，从而使得柴油机在低温时能够加热柴油发动机机体，使其快速启动；该启动回路结构简单，成本低廉，有效的降低了柴油发动机低温启动时所需的能耗。
158. 203717717 挖掘机的发动机动力输出离合装置
CN
16.07.2014
F16D 27/09 Loading...
F16D 27/09
Loading...
201320891498.6
山河智能装备股份有限公司
陈钟
F16D 27/09
Loading...
本实用新型公开了一种挖掘机的发动机动力输出离合装置，其中发动机的飞轮盘与传动轴固连，传动轴上套装有动力输出轮实现动力源的输出，传动轴上套装有牙嵌式电磁离合器与动力输出轮连接，牙嵌式电磁离合器的主动盘固定套装在传动轴上，设有激磁线圈的离合器外壳固定设置在主动盘一侧并与旋转的主动盘之间通过轴承配合，牙嵌式电磁离合器的从动盘设置在主动盘的另一侧并且设有内齿圈与空套在传动轴上的齿轮啮合，齿轮与空套在传动轴上的动力输出轮固连。本实用新型具有体积小，易维护，低成本及环境适应性强的特点，较好地适应挖掘机的应用场合，保证动力切换和传输的可靠性。
159. 203716836 一种凿岩机冲击压力远控液压回路
CN
16.07.2014
E21B 1/26 Loading...
E21B 1/26
Loading...
201320891258.6
山河智能装备股份有限公司
王东升
E21B 1/26
Loading...
一种凿岩机冲击压力远控液压回路，包括负载敏感变量泵、负载敏感比例多路阀、凿岩机、远控溢流阀和液压油箱；所述负载敏感比例多路阀包括冲击联，所述冲击联具有压差补偿器、负载反馈梭阀、油口A1的独立负载敏感外控口LsA1；所述负载敏感变量泵的压力油口P与所述负载敏感多路阀的进油口P′连接，所述负载敏感变量泵的负载敏感口Ls与负载敏感比例多路阀的负载敏感口Ls′连接，所述冲击联的油口A1与凿岩机冲击进油口P1连接，所述冲击联油口A1的独立负载敏感外控口LsA1与远控溢流阀的进油口D连接，所述远控溢流阀的回油口与液压油箱连接；本实用新型通过调节远控溢流阀而调节LsA1口压力，进而通过负载反馈梭阀、压差补偿器和负载敏感变量泵控制冲击联油口Ａ1输出压力，且仅控制冲击联油口A1的输出压力，与其它工作联输出压力互不影响。
160. 103895889 Aluminium wire clamp full-automatic flexible pipe racking machine
CN
02.07.2014
B65B 7/02 Loading...
B65B 7/02
Loading...
201410163061.X
佛山市金银河智能装备股份有限公司
梁可
B65B 7/02
Loading...
The invention discloses an aluminium wire clamp full-automatic flexible pipe racking machine. The aluminium wire clamp full-automatic flexible pipe racking machine comprises an aluminium wire feeding device, a primary forming device, a die closing and splitting device, a secondary forming device and a cutting device; aluminium wires are fed to the primary forming device for primary forming by the aluminium wire feeding device, the aluminium wires become a U-shaped clamp after primary forming, and the U-shaped clamp enters the die closing and splitting device under actions of the secondary forming device for secondary forming so that a packaging bag can be sealed. Compared with the prior art, according to the aluminium wire clamp full-automatic flexible pipe racking machine, staple bolt forming and sealing of the aluminium wires are integrated in one machine, it is not needed that sealing staple bolts in appointed shapes are made in advance, an intermediate link is omitted, a silicone sealant production factory can directly use the aluminum wires to conduct subpackage on silicone sealants, and subpackage cost of the silicone sealants is reduced.
161. 203682018 一种带烘干功能的粉体连续输送装置
CN
02.07.2014
B65B 69/00 Loading...
B65B 69/00
Loading...
201420005129.7
佛山市金银河智能装备股份有限公司
谢艳辉
B65B 69/00
Loading...
本实用新型公开了一种带烘干功能的粉体连续输送装置，采用全自动及全封闭的设计，以及高压离心风机负压气力输送与气动隔膜泵输送相结合方式，能够通过较低功率的风机解决现有技术的缺陷。本实用新型的带烘干功能的粉体连续输送装置包括：拆包机构1、进料气动隔膜泵2、换热器3、调节阀4、温湿度传感器5、进料关风机6、送粉管道7、出料关风机8、旋风分离器9、收集机构10、过滤机构11、鼓气机构12、喷吹管13、高压离心风机14、控制阀门15及出料气动隔膜泵16。
162. 103882901 Excavator rotation braking energy recovery control method
CN
25.06.2014
E02F 9/20 Loading...
E02F 9/20
Loading...
201410087883.4
山河智能装备股份有限公司
何清华
E02F 9/20
Loading...
The invention discloses an excavator rotation braking energy recovery control method. When an upper body rotary platform starts to rotate, a motor controller receives a command to enable a motor to be in a power-driven state, and the motor with an electricity generation function is driven to reach a certain work rotation speed. When the upper body platform stops rotating, the motor controller sends reverse torque signals to the motor, so that hydraulic oil of an oil outlet of a rotary motor pushes a recovery motor, due to the fact that the motor has a certain rotation speed, the motor can quickly response to the torque of the recovery motor to generate and store electricity, pressure reduction of a braking opening of the rotary motor is reduced, overflow loss is reduced, the maximum rotation speed of the motor is improved, electricity generating time is lengthened, and maximum efficient rotation braking energy recovery is achieved.
163. 203665044 一种压套油缸
CN
25.06.2014
B23P 19/027 Loading...
B23P 19/027
Loading...
201320868208.6
山河智能装备股份有限公司
董世忠
B23P 19/027
Loading...
本实用新型公开了一种压套油缸，缸筒（25）内设有一个活塞（7）且形成有无杆腔(30)和有杆腔(31)，活塞（7）一端与缸筒（25）的内壁密封，缸筒（25）的一端设有密封头（5）与活塞（7）的另一端密封，另一端设有压盖（18），活塞杆（20）一端与活塞（7）连接，另一端设有小轴(29)，小轴(29)连接有压头（21），活塞杆（20）上活动套装有调整环（19），一个定位套（8）设置于活塞（7）与活塞杆（20）之间且定位套（8）靠近小轴(29)的一端固定在缸筒（25）上，活塞（7）与定位套（8）之间密封，缸筒（25）上设有第一进口套(24)和第二进口套(23)。本实用新型能够使轴套快速的压进机体轴孔内，降低了工人的劳动强度及生产成本，同时也保证了产品的质量。
164. 203669001 一种单斗液压挖掘机的回转支承安装结构
CN
25.06.2014
E02F 9/08 Loading...
E02F 9/08
Loading...
201320807756.8
山河智能装备股份有限公司
刘海涛
E02F 9/08
Loading...
本实用新型公开了一种单斗液压挖掘机的回转支承安装结构，在中间架上面板(7)上焊接有薄环板(8)，在中间架上面板(7)上设有与回转支承(2)的内圈螺栓对正的螺纹孔(10)，在薄环板(8)上设有与回转支承(2)的内圈螺栓对正的光孔(9)且光孔(9)的直径大于螺纹孔(10)的直径，回转支承(2)安装在薄环板(8)上且回转支承(2)的内圈通过第二螺栓(4)自上而下穿过薄环板(8)的光孔(9)与中间架上面板(7)上的螺纹孔(10)连接，回转平台(1)通过第一螺栓(3)与回转支承(2)的外圈连接上，中间架上面板(7)上开有便于安装第一螺栓(3)的工艺孔。本实用新型是一种降低整机高度、提高可靠性的单斗液压挖掘机的回转支承安装结构。
165. 203668736 一种卷扬钢丝绳预张拉液压控制回路
CN
25.06.2014
D07B 7/16 Loading...
D07B 7/16
Loading...
201320811131.9
山河智能装备股份有限公司
朱建新
D07B 7/16
Loading...
本实用新型公开了一种卷扬钢丝绳预张拉液压控制回路，被测钢丝绳的两端分别缠绕在两个卷扬的滚筒上，两个卷扬的液压马达分别与卷扬钢丝绳预张拉液压控制回路连接，液压控制回路包括换向阀和浮动阀，油泵与油箱分别与换向阀的进油口和回油口通过油路连接，换向阀的工作油口分别连接到卷扬液压马达的两个油口；卷扬液压马达的两个油口分别引出油路连接浮动阀，由被测卷扬收绳拖动预张拉卷扬转动，克服油路中比例溢流阀调定压力所产生的扭矩做功，实现设定拉力的卷扬钢丝绳预张处理。本实用新型操作简单易行，可以对钢丝绳进行不同张拉力的预张拉处理，提高钢丝绳的破断拉力与使用寿命，降低设备使用成本，还可以作为检验卷扬承受拉力的装置。
166. 203668924 一种套管排土装置以及使用该装置的桩机
CN
25.06.2014
E02D 5/66 Loading...
E02D 5/66
Loading...
201320808843.5
山河智能装备股份有限公司
钱奂云
E02D 5/66
Loading...
本实用新型公开了一种套管排土装置，沿套管的轴向设有至少两个排土孔和挡土板组件，所述挡土板组件与套管外壁贴合并可覆盖关闭所述排土孔，所述排土孔上下两侧设有供所述挡土板组件滑动的轨道，所述排土孔的左右两侧均设有限定所述挡土板组件位置的挡块。在所述桩机的套管上设有所述套管排土装置。地面上的排土孔由于没有泥土的摩擦处于打开状态，能加快钻杆从地下掘削上来的泥土的排土速度，地面下的挡土板组件在土层的摩擦力作用下关闭排土孔，从而不影响套管本身的护壁等功能，使用该套管排土装置的桩机打桩效率得到明显提高。
167. 203669733 一种组合式潜孔锤
CN
25.06.2014
E21B 4/06 Loading...
E21B 4/06
Loading...
201320841607.3
山河智能装备股份有限公司
朱建新
E21B 4/06
Loading...
本实用新型公开了一种组合式潜孔锤，包括支架主体(1)、外围冲击器(2)和中部冲击器(3)，所述的外围冲击器(2)固定在所述的支架主体(1)的四周，所述的中部冲击器(3)固定在所述的支架主体(1)的中部，所述的中部冲击器(3)的工作锤面比所述的外围冲击器(2)的工作锤面更靠前。工作时中部冲击器最先与岩石接触，能先一步锤碎其覆盖内的小范围的岩石，并将碎石渣排走，这样整块岩层的中部就形成了高垂直度的空洞，同时空洞周围产生了裂隙。接着外围冲击器才开始锤击四周的岩石，由于岩石中部形成了空洞同时周围产生了裂隙，所以可以很容易的破碎剩余的岩石，完成整个岩面的破碎，大幅减少了潜孔锤的能量消耗，提高了潜孔锤的入岩效率。
168. 203670595 一种强夯机的缓冲油缸及其安装结构
CN
25.06.2014
F16F 13/00 Loading...
F16F 13/00
Loading...
201320861167.8
山河智能装备股份有限公司
何清华
F16F 13/00
Loading...
本实用新型公开了一种强夯机的缓冲油缸及其安装结构，缸体（5）内设有外活塞(8)和内活塞(3)，外活塞(8)在缸体（5）内形成有有杆腔(6)和无杆腔(9)，外活塞(8)上设有贯通所述的有杆腔(6)和无杆腔(9)的阻尼孔(7)，所述的有杆腔(6)和无杆腔(9)内充满有液压油（2），所述的外活塞(8)上连接有活塞杆(1)，所述的内活塞(3)与所述的缸体（5）之间设有弹簧(4)，所述的缸体（5）上设有与设有所述的弹簧(4)的内腔连通的排气孔(10)。本实用新型缓冲油缸通过缓冲油缸的缓冲弹簧和液压油在不同腔体中的流动，实现了用很短时间和很少行程大大消耗夯锤反力。从而大大减小了夯锤反力对桁架、机身平台等刚性体的疲劳破坏；减小整机，特别是桁架的晃动，提高了整体的稳定性和安全性。
169. 203667847 一种能抓取货物跨越障碍运输的设备
CN
25.06.2014
B66C 23/06 Loading...
B66C 23/06
Loading...
201320842293.9
山河智能装备股份有限公司
侯凯
B66C 23/06
Loading...
本实用新型公开了一种能抓取货物跨越障碍运输的设备，回转平台(6)安装在行走机构(7)上，第二机械臂(4)二端分别与回转平台(6)和第一机械臂(2)铰接，第一机械臂(2)与第二机械臂(4)之间连接有第一驱动缸(3)，第二机械臂(4)与回转平台(6)之间连接有第二驱动缸(5)；第一机架(8)的上端与第一机械臂(2)的一端铰接，第一机架(8)的下端与回转机构(14)的上端连接，回转机构(14)的下端与第二机架(11)连接，第一伸缩架(9)和第二伸缩架(10)滑动安装在第二机架(11)上，第一伸缩架(9)与第二伸缩架(10)均设有伸缩装置，二个货叉架(12)分别固定连接在第一伸缩架(9)与第二伸缩架(10)上。本实用新型在装夹货物后，完成起吊举高、转运并且通过一定高度障碍物后实现抓取货物或者卸载货物。
170. 203636285 挖掘机动臂上下平对接焊缝专用焊接变位机
CN
11.06.2014
B23K 37/047 Loading...
B23K 37/047
Loading...
201320771628.2
山河智能装备股份有限公司
王德军
B23K 37/047
Loading...
本实用新型公开了一种挖掘机动臂上下平对接焊缝专用焊接变位机，其解决了动臂焊接操作中的瓶颈问题，动臂平对接焊缝的焊接，使焊接可以很好的和焊接设备相结合，实现焊接的机械化，提高生产效率和焊接质量。解决了生产效率低，产品质量也无法保证的现状。同时也降低了工人的劳动强度，大大的降低了生产成本，最重要的是实现了安全文明生产，也有利于现场管理。此专用设备可以完成不同机型动臂的焊接。此实用新型为动臂的无设备焊接划上了句号。
171. 203641137 一种开式液压系统马达节能系统
CN
11.06.2014
F15B 11/08 Loading...
F15B 11/08
Loading...
201320743652.5
山河智能装备股份有限公司
何清华
F15B 11/08
Loading...
一种开式液压系统马达节能系统，包括高压油路、回油通路和连通高压油路和回油通路的马达，所述回油通路上设有补油通路与压力油箱连通，所述补油通路上设有控制器，所述控制器通过所述高压油路控制所述补油通路的开启。本实用新型通过在压力油口端设置液控单向阀的开启口，从而使得压力油端控制液控单向阀的开启，使在运行时补油通路与马达回油通路连通，达到降低回油阻力达到节能目的。
172. 203639917 一种用于控制立柱的电手柄的自动检测及控制装置
CN
11.06.2014
E02D 13/06 Loading...
E02D 13/06
Loading...
201320703537.5
山河智能装备股份有限公司
何清华
E02D 13/06
Loading...
本实用新型公开了一种用于控制立柱的电手柄的自动检测及控制装置，包括电手柄、PLC控制器、报警单元、显示器单元及比例电磁阀阀组；所述电手柄、报警单元、显示器单元及比例电磁阀阀组均与PLC控制器相连，所述比例电磁阀阀组与立柱上的油缸相连，所述PLC控制器与立柱上的倾角传感器相连。本实用新型通过PLC控制器实时监控电手柄的工况，使得电手柄的短路和断路保护得到加强，并能在显示屏上给操作手提供故障原因。同时，在不增加任何费用的情况下使操作手在操作电手柄时更加规范和安全。
173. 203636286 一种挖掘机动臂焊接变位机
CN
11.06.2014
B23K 37/047 Loading...
B23K 37/047
Loading...
201320775562.4
山河智能装备股份有限公司
董世忠
B23K 37/047
Loading...
本实用新型公开了一种挖掘机动臂焊接变位机，包括一个固定机架和一个移动机架，两个机架相向设置在底座上，所述移动机架的底部与底座之间设置有能够实现移动机架朝固定机架来回直线移动的移动导轨；两个机架相向的位置上均设有连接翻转机构的翻转架，所述翻转架上设有连接升降机构的升降架，待焊接加工的动臂两端分别与固定机架和移动机架上的升降架固连。本实用新型在装夹待焊接的动臂后，通过翻转、升降变位能够有效地实现挖掘机动臂的全位置焊接，由机械化操作代替人工吊装辅助，降低了工人的劳动强度及生产成本，同时也保证了产品的生产质量。
174. 203612507 一种链式管道输送装置
CN
28.05.2014
B65G 19/14 Loading...
B65G 19/14
Loading...
201320849991.1
佛山市金银河智能装备股份有限公司
刘清乐
B65G 19/14
Loading...
本实用新型公开一种链式管道输送装置，包括输送管道、输送链、主动转轮和被动转轮，所述输送管道设置有进料口和出料口，所述输送链通过所述主动转轮和所述被动转轮在所述输送管道内作闭环移动，所述输送链上设置有推送块。与现有技术相比，本实用新型提供的链式管道输送装置，具有环保、节能、高效等优点。
175. 203612509 一种绳式管道输送装置
CN
28.05.2014
B65G 19/16 Loading...
B65G 19/16
Loading...
201320849507.5
佛山市金银河智能装备股份有限公司
张启发
B65G 19/16
Loading...
本实用新型公开一种绳式管道输送装置，包括输送管道、输送绳、主动转轮和被动转轮，所述输送管道设置有进料口和出料口，所述输送绳上设置有转送盘，所述主动转轮和所述被动转轮通过推动所述转送盘从而带动所述输送绳在所述输送管道内作闭环移动。与现有技术相比，本实用新型提供的绳式管道输送装置，具有环保、节能、高效等优点。
176. 103806834 Drilling machine capable of pressing and pulling protective case
CN
21.05.2014
E21B 7/02 Loading...
E21B 7/02
Loading...
201410051565.2
山河智能装备股份有限公司
朱建新
E21B 7/02
Loading...
The invention discloses a drilling machine capable of pressing and pulling a protective case. The drilling machine capable of pressing and pulling the protective case comprises a platform (12) arranged on a crawler chassis (6), a deflection mechanism (8) arranged on the platform (12) in a hinged mode, a supporting rob (7) arranged on the deflection mechanism (8), a mast (9) hinged on the deflection mechanism (8), a winch (10) arranged on the mast (9), a vertical mast oil cylinder (11) hinged between the mast (9) and the deflection mechanism (8), a crane (1) arranged at the top end of the mast (9), a power head (3) arranged on the mast (9) in a sliding mode, a supporting platform (4) arranged at the lower end of the mast (9), a pulling oil cylinder (5) arranged between the supporting platform (4) and the power head (3), and a pressing wire rope and a pulling wire rope (2) which are winded on the winch (10). The drilling machine capable of pressing and pulling the protective case solves the construction problem of pressing and pulling the protective case with a big diameter and great depth, and construction efficiency of the protective case is improved greatly.
177. 203603757 一种旋挖钻机液压手柄
CN
21.05.2014
E21B 4/02 Loading...
E21B 4/02
Loading...
201320652460.3
山河智能装备股份有限公司
朱建新
E21B 4/02
Loading...
一种旋挖钻机液压手柄，包括液压手柄本体，所述液压手柄本体上设有控制外部液压设备运行的多个先导油出口，所述液压手柄本体上设有可控制先导压力油与任一先导油出口连通的操作杆，所述液压手柄本体上设有电磁吸合装置，所述电磁吸合装置可将所述操作杆固定在先导压力油与任一先导油出口连通的状态，所述操作杆上设有控制电磁吸合装置启闭的吸合按钮，本实用新型在旋挖钻机钻进施工中，不需操作者持续对液压手柄施力，大大降低了操作者的工作强度，提高了机器的操作性，且操作安全可靠。
178. 203602281 一种桩机卷扬加压装置
CN
21.05.2014
B66D 1/20 Loading...
B66D 1/20
Loading...
201320694471.8
山河智能装备股份有限公司
钱奂云
B66D 1/20
Loading...
本实用新型公开了一种桩机卷扬加压装置，用于桩机工作装置的辅助加压工作，包括设置在桩机机身底部的加压卷扬以及加压滑轮组；所述加压滑轮组包括固定设置在机身底部的上绳滑轮、设置在桩机工作装置顶部两端的顶部滑轮，所述加压卷扬上卷绕加压钢丝绳，所述加压钢丝绳依次缠绕上绳滑轮、顶部滑轮并最终与机身下部的底部钢丝绳接点固连。本实用新型的卷扬与加压滑轮间距大，钢丝绳出绳角度小，不易乱绳，钢丝绳的使用寿命较长；能根据实际工况需要调整而获得不同的加压力。
179. 203601109 一种工业车辆前大灯万向调节装置
CN
21.05.2014
B60Q 1/068 Loading...
B60Q 1/068
Loading...
201320645308.2
山河智能装备股份有限公司
颜静
B60Q 1/068
Loading...
本实用新型公开了一种工业车辆前大灯万向调节装置，包括前大灯(1)、大灯支架(2)和安装支架(7)，在所述的安装支架(7)上固定设有外球头座(6)，在所述的外球头座(6)内转动设有内球头座(5)且所述的内球头座(5)固定在所述的大灯支架(2)的底部，在所述的内球头座(5)内设有弹簧(4)，固定螺栓组(3)穿过所述的弹簧(4)、大灯支架(2)下端的安装孔、内球头座(5)和外球头座(6)并固定在所述的安装支架(7)上。本实用新型是一种结构可靠，装配简单，灵活性好，能实现前大灯万向转动的工业车辆前大灯万向调节装置。
180. 203606651 一种工程机械智能化遥控装置
CN
21.05.2014
G05B 19/042 Loading...
G05B 19/042
Loading...
201320681079.X
山河智能装备股份有限公司
刘心昊
G05B 19/042
Loading...
本实用新型公开了一种工程机械智能化遥控装置，包括车载终端和手持端遥控器，所述车载终端包括车载控制器、视频采集单元、传感器单元、CAN总线及第一无线通讯模块，所述视频采集单元和传感器单元均与CAN总线相连，所述车载控制器和CAN总线均与第一无线通讯模块相连；所述手持端遥控器包括控制模块、DSP处理单元、显示单元及第二无线通讯模块，所述显示单元与DSP处理单元相连，所述DSP处理单元与远程控制单元均与第二无线通讯模块相连。提高了遥控操作的可视化程度，利用多个传感器采集的运行数据可远程传输到手持端，操作者可以远程监测机器运行的各项参数，大大提高了远程控制的安全性和可靠性。
181. 203593180 一种快速硬管分装机
CN
14.05.2014
B65B 1/38 Loading...
B65B 1/38
Loading...
201320812447.X
佛山市金银河智能装备股份有限公司
谢艳辉
B65B 1/38
Loading...
本实用新型公开了一种快速硬管分装机，通过在现有硬管分装机的基础上设置多个定量缸的方式，能够在一个油缸的基础上实现多倍物料的压出，可以在节省硬管分装机占用空间的同时提高其工作效率。本实用新型的快速硬管分装机，包括至少两个定量缸机构、定量油缸机构、信号板、动力机构及控制机构；定量油缸机构包括定量油缸、油缸导向杆、压块及检测部件；定量缸机构包括定量缸部件及连接部件；定量缸部件包括定量缸、活塞、三通阀阀座及三通阀阀芯；定量缸入口与三通阀阀座出口相连；活塞一端设置在定量缸内部，另一端在压块下方并与信号板相连；三通阀阀芯设置在三通阀阀座内；连接部件，用于连接三通阀阀芯与动力机构。
182. 203591750 一种锂电池自动投料系统
CN
14.05.2014
B01F 13/10 Loading...
B01F 13/10
Loading...
201320809143.8
佛山市金银河智能装备股份有限公司
刘永贤
B01F 13/10
Loading...
本实用新型提供了一种锂电池自动投料系统，包括电极材料机组、母液机组和搅拌电机，所述电极材料机组和所述母液机组分别与搅拌电机连接；所述电极材料机组包括电极主材料投料装置、溶剂投料装置和电极材料分散釜，所述电极主材料投料装置和所述溶剂投料装置分别与电极材料分散釜连接；所述母液机组包括粘合剂投料装置、导电剂投料装置、溶剂投料装置和母液分散釜，所述导电剂投料装置、所述粘合剂投料装置和所述溶剂投料装置分别与母液分散釜连接；所述电极材料分散釜和所述母液分散釜分别与搅拌电机连接，所述搅拌电机用于混合从所述电极材料分散釜和所述母液分散釜输入的混合物料。可以保证各步骤的混合充分，无需人工配料，减少人工劳动强度。
183. 103768982 Reciprocating type planetary power mixing machine
CN
07.05.2014
B01F 7/30 Loading...
B01F 7/30
Loading...
201410058801.3
佛山市金银河智能装备股份有限公司
张启发
B01F 7/30
Loading...
The invention discloses a reciprocating type planetary power mixing machine. Due to a loop telescopic design of a stirring mechanism and a stander, an up-and-down reciprocating three-dimensional stirring function can be realized, so that the quality and the efficiency of material stirring and dispersion can be improved; meanwhile, a vacuum sealed telescopic stander cover lifts up a stirring paddle to depart from a material under a vacuum state, so that no air enters the material. The reciprocating type planetary power mixing machine comprises a sealing mechanism, a locking mechanism, a stander, a power mechanism, a mixing cavity, a planetary mixing mechanism and a control mechanism, wherein the stander comprises a base and an upper cross beam; the power mechanism comprises two lifting oil cylinders which are arranged between the base and the upper cross beam and are used for lifting the upper cross beam and the planetary mixing mechanism, a low-speed power component which is arranged on the upper cross beam and is provide with a transmission wheel, and a high-speed power component which is provided with a transmission wheel; and the sealing mechanism comprises an upper sealing cover, a lower sealing cover and a cover body sealing piece.
184. WO/2014/063556 GUIDE-HOLE TYPE STATIC PILE DRIVER
WO
01.05.2014
E02D 7/20 Loading...
E02D 7/20
Loading...
PCT/CN2013/084480
SUNWARD INTELLIGENT EQUIPMENT CO., LTD
ZHU, Jianxin
E02D 7/20
Loading...
A guide-hole type static pile driver comprises: a static pile driver (2), the static pile driver (2) being provided with a guide-hole forming device (1), the guide-hole forming device (1) comprising a guide-hole frame, a power head (4), a propulsion system (11), a drill frame (6), and a drill rod (7), the drill frame (6) being mounted on the guide-hole frame, the power head (4) being mounted on the drill frame (6), the drill rod (7) being connected to the power head (4), and is further provided is a horizontally moving device that makes the drill frame (6), the power head (4), the propulsion system (11), and the drill rod (7) away from a piling position. The guide-hole type static pile driver combines the guide-hole forming function and the piling function, makes guide-hole forming and piling be performed simultaneously, and can enable a prefabricated pile to pass through the sand layer to enter the reliable bearing layer, thereby the improving construction quality, shortening the construction period, and enhancing the economic efficiency.
185. 103758803 Hydraulic drill rig bit assembling and disassembling rotation and pushing self-adaptive hydraulic loop and control method thereof
CN
30.04.2014
F15B 11/17 Loading...
F15B 11/17
Loading...
201310749827.8
山河智能装备股份有限公司
王东升
F15B 11/17
Loading...
Disclosed are a hydraulic drill rig bit assembling and disassembling rotation and pushing self-adaptive hydraulic loop and a control method thereof. According to the hydraulic drill rig bit assembling and disassembling rotation and pushing self-adaptive hydraulic loop and the control method thereof, a loading sensitive variable pump, a loading sensitive proportional multi-way valve, a jackdrill, a pushing motor or oil cylinder and the like compose a jackdrill rotation and pushing main oil way; a bit assembling and disassembling pilot valve, a logic control module, an adjusting valve group, a pushing assembly, a rotating assembly and the like compose a bit assembling and disassembling self-adaptive control oil way. During bit assembly, the positive rotation speed is adjusted and determined by controlling the flow of the rotating assembly through the first pressure reducing valve of the adjusting valve group, the first hydraulic control reversing valve of the logic control module controls the loading sensitive external control interface LsA1 of the pushing assembly to be connected with the first overflow valve of the adjusting valve group, and the downwards-pushing force is adjusted and determined by the first overflow valve; during bit disassembling, the reverse rotation speed is adjusted and determined by controlling the flow of the rotating assembly through the second reducing valve of the adjusting valve group, the second hydraulic control reversing valve of the logic control module controls the loading sensitive external control interface LsB1 of the pushing assembly to be connected with a second overflow valve, and the upwards-pushing force is adjusted and determined by the second overflow valve. By synchronously coupling pushing pressure control and rotation speed regulation, the hydraulic drill rig bit assembling and disassembling rotation and pushing self-adaptive hydraulic loop and the control method thereof can achieve bit assembling and disassembling rotation and pushing self-adaption and bit achieve smooth and reliable bit assembling and disassembling.
186. 103758936 双工位扭矩倍增器
CN
30.04.2014
F16H 1/28 Loading...
F16H 1/28
Loading...
201310724241.6
山河智能装备股份有限公司
廖冬辉
F16H 1/28
Loading...
本发明公开了一种双工位扭矩倍增器，传动轴上设有联接齿轮；横向行星架一端设有内齿，一端设有偏心轴，横向行星轮空套在偏心轴上；横向行星轮同时与固定中心轮及输出中心轮啮合；固定中心轮与壳体用螺栓连接固定，而输出中心轮由行星轮带动转动，为扭矩输出轴。传动轴及联接齿轮传入扭矩后，经偏心行星架、行星轮、固定中心轮、输出中心轮构成的NN型少齿差行星齿轮传动轮系放大输出扭矩；当装配作业需要输出扭矩方向与输入扭矩方向相垂直时，转动丝杆使拨叉拨动联接齿轮与锥齿轮的内齿相啮合，通过一对锥齿轮将横向扭矩转变为竖向扭矩，再通过少齿差行星齿轮传动轮系进行扭矩放大。本发明扳手结构简单，理论扭矩放大倍数大。
187. 203561466 一种扭矩转速检测装置
CN
23.04.2014
G01L 3/16 Loading...
G01L 3/16
Loading...
201320608317.4
山河智能装备股份有限公司
朱建新
G01L 3/16
Loading...
一种扭矩转速检测装置，包括与钻杆同轴连接的转盘，转盘下方设有固定底座，底座上以转盘中心为圆心的圆周上设有至少一个圆弧形滑槽，滑槽内活动安装有至少一个制动器，制动器座和底座之间沿滑槽中心圆弧的切线方向连接有拉压传感器，制动器包括制动器座、摩擦片、杠杆和油缸，上、下摩擦片分别设在转盘的上、下方，两根杠杆的一端通过复位装置连接摩擦片，两根杠杆的另一端通过油缸连接，杠杆铰接在制动器座上，油缸伸长使得杠杆顶压上、下摩擦片将转盘压紧，拉压传感器与转速传感器采集的信号转换成扭矩和转速数据输出到显示终端，本实用新型应用于旋挖钻机等钻机，可以检测钻杆及动力头的实时输出扭矩与转速，为动力系统匹配优化提供可靠依据。
188. 203558796 一种桩工机械动力头加压控制回路
CN
23.04.2014
B66D 1/48 Loading...
B66D 1/48
Loading...
201320580756.9
山河智能装备股份有限公司
何清华
B66D 1/48
Loading...
本实用新型公开了一种桩工机械动力头加压控制回路，通过电液联合控制设计的加压逻辑控制回路。该控制回路简单，加压卷扬收/放绳方便，装卸方便；利用溢流阀和单向阀控制回路中压力油的压力大小，从而使得当主卷扬上提时，加压卷扬能够自动跟随主卷扬放绳；当主卷扬下放时，加压卷扬收绳速度与主卷扬放绳速度完美匹配；对加压卷扬进行加压时，通过溢流阀控制加压力大小，实现动力头加压力可控。
189. 203559811 一种张紧力自适应背绳装置
CN
23.04.2014
E21B 19/084 Loading...
E21B 19/084
Loading...
201320556063.6
山河智能装备股份有限公司
何清华
E21B 19/084
Loading...
本实用新型公开了一种张紧力自适应背绳装置，所述背绳装置绕装在立柱顶端一侧的鹅头滑轮上，所述立柱顶端另一侧吊装工作装置；所述背绳装置包括钢丝绳，所述钢丝绳的一端通过液压缸与固定设置的第一安装座连接，另一端绕过所述鹅头滑轮与固定设置的第二安装座连接，所述液压缸的预紧调节油路与工作装置的主卷扬油路的上提口通过信号油路连通。本实用新型背绳装置结构简单，装卸方便，背绳装置在工作装置停滞时预紧力较小，不会对立柱产生较大附加反向弯矩，并且通过工作装置连接的主卷扬油路的液压信号，针对工作装置对立柱的弯矩的变化具有自适应功能。
190. 203561464 一种工程装备大扭矩及超大扭矩测试系统
CN
23.04.2014
G01L 3/00 Loading...
G01L 3/00
Loading...
201320609223.9
山河智能装备股份有限公司
何清华
G01L 3/00
Loading...
一种工程装备大扭矩及超大扭矩测试系统，包括摩擦盘、摩擦片和测力盘，所述摩擦盘上固定有与钻杆连接的固定件，所述测力盘和摩擦盘同轴安装并且所述测力盘和摩擦盘不直接接触，所述摩擦盘由与所述固定件连接的钻杆带动旋转，所述测力盘单独旋转，所述测力盘上安装有至少一个加压装置将所述摩擦盘和所述测力盘压紧，所述摩擦盘和所述测力盘之间、所述加压装置和摩擦盘之间安装有摩擦片，所述测力盘上设有至少一个测力盘伸出端，所述测力盘伸出端设置在测力装置内并且通过定点传动球与所述测力装置的测力端连接，本实用新型不但可以直接测试静态扭矩最大值，还可以直接测试动态扭矩值，以利产品系统参数调试，出厂试验及设计鉴定。
191. 203558815 一种仓储车防护臂装置
CN
23.04.2014
B66F 9/075 Loading...
B66F 9/075
Loading...
201320580714.5
山河智能装备股份有限公司
颜静
B66F 9/075
Loading...
本实用新型公开了一种仓储车防护臂装置，包括扶手座(4)和扶手(5)，在所述的扶手座(4)上设有轴套(9)，在所述的轴套(9)内转动设有联接套(7)且所述的联接套(7)的两端限位，所述的联接套(7)与所述的扶手(5)固定连接，在所述的扶手座(4)上设有第一锁孔(11)，在所述的联接套(7)上设有锁孔(12)，在所述的扶手座(4)上设有导向座(8)，所述的导向座(8)上设有锁舌锁紧机构，所述的锁舌锁紧机构穿过所述的第一锁孔(11)进入所述的锁孔(12)。
192. 203559442 一种挖掘机的斗杆优先控制回路
CN
23.04.2014
E02F 3/42 Loading...
E02F 3/42
Loading...
201320607831.6
山河智能装备股份有限公司
何清华
E02F 3/42
Loading...
一种挖掘机的斗杆优先控制回路，液压回路在铲斗控制阀的入口侧设置了一个液压先导式的斗杆优先阀，在斗杆、铲斗复合内收时，通过斗杆内收先导压力使斗杆优先阀工作，由此对铲斗控制阀入口流量进行节流，使斗杆动作优先，在斗杆内收先导控制油路上设置一个斗杆优先解除阀，对控制斗杆优先阀的斗杆内收先导油路进行通断控制，该斗杆优先解除阀由斗杆液压缸的无杆腔压力控制，本实用新型专利的优点是：挖掘机进行挖掘作业时，当斗杆液压缸无杆腔压力超过设定压力时，斗杆优先阀的优先节流解除，使液压油能顺利进入铲斗液压缸，提升了铲斗挖掘速度，同时降低斗杆优先阀上的能耗。
193. 203559422 一种立柱倾斜度的保护装置
CN
23.04.2014
E02D 13/00 Loading...
E02D 13/00
Loading...
201320556235.X
山河智能装备股份有限公司
何清华
E02D 13/00
Loading...
一种立柱倾斜度的保护装置，包括立柱，所述立柱上安装有行程开关限位保护装置和立柱角度传感器，所述行程开关限位保护装置安装在所述立柱的下端部，所述立柱角度传感器安装于立柱上，所述行程开关限位保护装置和立柱角度传感器分别通过电缆与控制器连接，并且所述行程开关限位保护装置和立柱角度传感器至少一个触发即向控制器发出调整信号，本实用新型通过双重保护对大型桩工机器的立柱倾斜度起到很好的保护作用，同时检修便利，操作简单，在终端显示器上都有提示和报警，使得操作手能及时发现并处理。
194. WO/2014/048005 STATIC PRESSING PILING MACHINE
WO
03.04.2014
E02D 7/20 Loading...
E02D 7/20
Loading...
PCT/CN2012/084045
SUNWARD INTELLIGENT EQUIPMENT CO., LTD
HE, Qinghua
E02D 7/20
Loading...
A static pressing piling machine comprises a machine body (8), a pressing piling oil cylinder (1) and a pressing piling beam (3), wherein four upright posts (2) are provided on the machine body (8) vertically. The two ends of the pressing piling beam (3) are slidably sleeved on the four upright posts (2) respectively. The pressing piling beam (3) is connected with the upper end of the upright post (2) by a detachable positioning shaft (9). By the beam sliding up and down, the transportation space and height of the static pressing piling machine are reduced without disassembling the pile pressing oil cylinder, the pressing piling beam and the pressing piling box, which realizes the whole machine transportation, shortens the movement time, reduces the labor intensity and improves the economic benefit.
195. 203511810 一种液压伸缩履带底架定位结构
CN
02.04.2014
B62D 55/084 Loading...
B62D 55/084
Loading...
201320580737.6
山河智能装备股份有限公司
陈朝阳
B62D 55/084
Loading...
本实用新型公开了一种液压伸缩履带底架定位结构，包括中间架(1)、中间架左方钢管、4个支架钢管(6)和履带梁，至少在一个所述的支架钢管(6)上设有与所述的支架钢管(6)的伸缩方向一致的导槽(7)，所述的导槽(7)的长度根据左右的履带梁的伸缩长度来确定，螺栓安装凸台(4)焊接在加强板(5)上，所述的加强板(5)焊接在所述的中间架方钢管上，螺栓定位销(3)旋装在所述的螺栓安装凸台(4)上并依次贯通所述的加强板(5)、所述的中间架方钢管延伸到所述的导槽(7)内。本实用新型是一种定位精度高、结构简单、体积小的液压伸缩履带底架定位结构。
196. 103670268 Combined type shallow hole hammer
CN
26.03.2014
E21B 4/06 Loading...
E21B 4/06
Loading...
201310703887.6
SUNWARD INTELLIGENT EQUIPMENT CO., LTD.
ZHU JIANXIN
E21B 4/06
Loading...
The invention discloses a combined type shallow hole hammer which comprises a support body (1), peripheral impactors (2) and a middle impactor (3). The peripheral impactors (2) are fixed to the periphery of the support body (1), the middle impactor (3) is fixed to the middle of the support body (1), and the work hammering face of the middle impactor (3) is in front of the work hammering faces of the peripheral impactors (2). In the work process, the middle impactor (3) firstly makes contact with rock, a small range of rock covered with the middle impactor (3) can be broken into pieces through hammering operation at an early step, and chip ballast is discharged, so that a hole with high perpendicularity is formed in the middle of a whole rock stratum, and cracks are generated on the periphery of the hole. The rock on the periphery is then hammered by the peripheral impactors, due to the fact that the hole is formed in the middle of the rock and the cracks are generated on the periphery of the hole, the remaining rock can be easily broken, the whole rock face is broken, the energy consumption of the shallow hole hammer is greatly reduced, and the rock-entering efficiency of the shallow hole hammer is improved.
197. 103662222 Continuous powder conveying device with drying function
CN
26.03.2014
B65B 69/00 Loading...
B65B 69/00
Loading...
201410004114.3
佛山市金银河智能装备股份有限公司
覃晓明
B65B 69/00
Loading...
The invention discloses a continuous powder conveying device with a drying function. The device adopts a full-automatic and full-closed design, integrates the negative pressure pneumatic conveying of a high-pressure centrifugal fan and the conveying of a pneumatic diaphragm pump, and can overcome the defects of the prior art through a fan with lower power. The continuous powder conveying device with the drying function comprises an unpacking mechanism 1, a feeding pneumatic diaphragm pump 2, a heat exchanger 3, a regulating valve 4, a temperature and humidity sensor 5, a feeding gas-lock valve 6, a powder feeding pipeline 7, a discharge gas-lock valve 8, a cyclone separator 9, a collection mechanism 10, a filtering mechanism 11, an air blowing mechanism 12, a spraying and blowing pipe 13, the high-pressure centrifugal fan 14, a control valve 15 and a discharge pneumatic diaphragm pump 16.
198. 103671311 Motor energy saving system of open type hydraulic system
CN
26.03.2014
F15B 11/08 Loading...
F15B 11/08
Loading...
201310593602.8
SUNWARD INTELLIGENT EQUIPMENT CO., LTD.
HE QINGHUA
F15B 11/08
Loading...
A motor energy saving system of an open type hydraulic system comprises a high pressure oil circuit, an oil return passage and a motor which is communicated with the high pressure oil circuit and the oil return passage. An oil make-up passage is arranged on the oil return passage to be communicated with a pressure oil tank, a controller is arranged on the oil return passage, and the controller controls the oil make-up passage to be opened or closed through the high pressure oil circuit. According to the motor energy saving system of the open type hydraulic system, a turning-on opening of a hydraulic control one-way valve is formed in a pressure oil opening end, so that the pressure oil opening end controls the hydraulic control one-way valve to be turned on, the oil make-up passage and the oil return passage of the motor are made to be communicated, and the purposes of lowering oil return resistance and saving energy are achieved.
199. 103643676 Automatic detection and control device and method for controlling electric handle of stand column
CN
19.03.2014
E02D 13/06 Loading...
E02D 13/06
Loading...
201310551499.0
山河智能装备股份有限公司
何清华
E02D 13/06
Loading...
The invention discloses an automatic detection and control device and method for controlling an electric handle of a stand column. The automatic detection and control device comprises the electric handle, an PLC, an alarm unit, a display unit and a proportional electromagnetic group valve, wherein the electric handle, the alarm unit, the display unit and the proportional electromagnetic group valve are all connected with the PLC, the proportional electromagnetic group valve is connected with an oil cylinder on the stand column, and the PLC is connected with a tilt sensor on the stand column. According to the method, the work condition of the electric handle can be monitored in real time through the PLC, the short circuit protection and the disconnection protection are enhanced for the electric handle, and fault causes can be provided for a manipulator on a display screen. Meanwhile, the manipulator can more regularly and safely operate the electric handle under the condition that no expenses are increased.
200. 203486226 一种带混色功能的全自动软管灌装机
CN
19.03.2014
B65B 63/00 Loading...
B65B 63/00
Loading...
201320435069.8
佛山市金银河智能装备股份有限公司
张启发
B65B 63/00
Loading...
本实用新型公开一种带混色功能的全自动软管灌装机，混色定量部件设置有多条色料管，色料管内装有不同颜色的色料，多条色料管之间通过总管与成形部件的进料管连接；成形部件与热封部件连接；热封部件设置有加热机构对软管进行热封；热封部件与夹送部件连接，夹送部件将软管送至打卡部件；电器部件分别与混色定量部件、成形部件、热封部件、夹送部件和打卡部件电连接。与现有技术相比，本实用新型提供的带混色功能的全自动软管灌装机，与现有技术相比，在原有功能保持不变的情况，设备的能耗大大降低，大约是原来的三分之一；占地面积大大减少，大约为原来的一半；设备投资大大减少，大约是原来的三分之一。

