1. 202274232 高温流体转液装置
CN
13.06.2012
F16L 53/00 Loading...
F16L 53/00
Loading...
201120362975.0
山西联合镁业有限公司
常明康
F16L 53/00
Loading...
本实用新型高温流体转液装置，属于加热器技术领域；所要解决的技术问题是提供一种使用简便、快捷、安全的高温流体转液装置；所采用的技术方案是：高温流体转液装置，包括外包管、隔热棉、内包管、热电偶和加热缆，内包管位于外包管内部且与外包管同心，内包管与外包管的夹层中设置有隔热棉，加热缆附在内包管的内壁上，所述的加热缆沿内包管的内壁弯曲布置并均布满内包管的内壁，外包管和内包管上均开有两个孔，加热缆的两端从所述的孔中伸出，热电偶与转液管连接；本实用新型用于转液管加热。
2. 202271272 镁锭抛光机
CN
13.06.2012
B24B 29/02 Loading...
B24B 29/02
Loading...
201120362974.6
山西联合镁业有限公司
常明康
B24B 29/02
Loading...
本实用新型镁锭抛光机，属于抛光技术领域；所要解决的技术问题是提供一种一次抛光成型的镁锭抛光机；所采用的技术方案是：机架为T型，机架上设置有横向导杆和纵向导杆，所述横向导杆之间安装有第一气缸，所述纵向导杆之间安装有第二气缸，所述机架上横向导杆的两侧安装有端面抛光机构，机架上纵向导杆的两侧安装有侧面抛光机构，机架上纵向导杆处还安装有上下抛光机构；本实用新型用于镁锭抛光。
3. 202274750 气流式扒渣机
CN
13.06.2012
F27D 3/15 Loading...
F27D 3/15
Loading...
201120362973.1
山西联合镁业有限公司
常明康
F27D 3/15
Loading...
本实用新型气流式扒渣机，属于扒渣机技术领域；所要解决的技术问题是提供一种用环保节能、安全高效的气流式扒渣机；所采用的技术方案是：三叶罗茨鼓风机连接有双层空心吸料管，双层空心吸料管的外层为进气通道，双层空心吸料管的内层为吸气通道，双层空心吸料管的左侧为工作端，进气通道在工作端与吸气通道保持相通，在工作端处进气通道与吸气通道相连接的地方留有锥度通道；所述的双层空心吸料管上设置有左右移动装置；所述的双层空心吸料管上设置有转动装置；所述的双层空心吸料管上设置有升降装置；本实用新型用于清理料渣。
4. 202270772 挤压板带卷取装置
CN
13.06.2012
B21C 47/14 Loading...
B21C 47/14
Loading...
201120362981.6
山西联合镁业有限公司
周远富
B21C 47/14
Loading...
本实用新型挤压板带卷取装置，属于镁合金板带加工技术领域；所要解决的技术问题是提供一种能够在速度变化复杂的条件下给出恒定张力的挤压板带卷取装置；所采用的技术方案是：液压站的一个油口与液压油缸无杆腔的油口通过第一油路连通，另一个油口与液压油缸有杆腔的油口通过第二油路连通，油液流通的方向为从液压站到液压油缸有杆腔，安装有截止阀的第三油路一端连接在第一油路上，另一端连接在第二油路上，安装有溢流阀和油压表的第四油路一端连接在第一油路上，另一端连接在第二油路上，油液流通的方向为从第二油路到第一油路；本实用新型用于镁合金的板带收卷。
5. 102284554 Constant-tension wrap-up system
CN
21.12.2011
B21C 47/02 Loading...
B21C 47/02
Loading...
201110288101.X
Shanxi United Magnesium Industry Co., Ltd.
Zhou Yuanfu
B21C 47/02
Loading...
The invention relates to a constant-tension wrap-up system, which belongs to the processing technical field of magnesium alloy slab band, and aims at providing a constant-tension wrap-up system which can supply constant tension under the condition that the speed variation is complicated, and adopts the technical scheme that: an oil port of a hydraulic station is communicated with an oil port of a hydraulic oil cylinder rod-free cavity through a first oil path, another oil port of the hydraulic station is communicated with an oil port of a hydraulic oil cylinder rod cavity through a second oil path, the oil is circulated in the direction from the hydraulic station to the hydraulic oil cylinder rod cavity, one end of a third oil path which is provided with a disconnecting valve is connected onto the first oil path, the other end of the third oil path is connected onto the second oil path, one end of a fourth oil path which is provided with an overflow valve and an oil pressure gauge is connected onto the first oil path, the other end of the fourth oil path is connected onto the second oil path, and the oil is circulated in the direction from the second oil path to the first oil path; and the constant-tension wrap-up system is used for wrapping up magnesium alloy slab bands.

