1. 106567604 一种伞裙式水泥基复合绝缘横担及其制备工艺
CN
19.04.2017
E04H 12/24 Loading...
E04H 12/24
Loading...
201611028959.1
常熟风范电力设备股份有限公司
杨元春
E04H 12/24
Loading...
本发明公开了一种伞裙式水泥基复合绝缘横担，所述绝缘横担呈三角形外形结构，其是由三根水泥基复合绝缘部件与三根刚性部件通过法兰连接而成的，所述绝缘横担的端部悬挂有金具串，所述水泥基复合绝缘部件是采用离心法一次成型工艺制成的，并且所述水泥基复合绝缘部件的表面一次成型有伞裙结构。通过上述方式，本发明横担既具有绝缘功能，又具有支撑结构特性，可取代以往输电铁塔中使用的绝缘子和钢横担，在满足特高压、超高压、高压输电线路铁塔横担使用要求的情况下，能减少线路走廊距离、降低铁塔高度，从而能有效降低输电线路运行成本。
2. 106521469 一种热镀锌钢构件表面无铬钝化液及其制备方法
CN
22.03.2017
C23C 22/42 Loading...
C23C 22/42
Loading...
201611065078.7
常熟风范电力设备股份有限公司
赵月华
C23C 22/42
Loading...
本发明公开了一种热镀锌钢构件表面无铬钝化液及其制备方法，按以下重量百分比制成：焦磷酸钠7‑15份、植酸3‑12份、草酸2‑8份、水性丙烯酸树脂15‑25份、硅溶胶1‑6份、钼酸铵4‑11份、纳米氧化硅2‑10份、去离子水200‑350份。过上述方式，本发明钝化液不含任何价态的铬，安全环保，并且制备工艺简单易控，通过添加合理配比的纳米氧化硅、硅溶胶等原料成分，使其成膜速度快，能够提高钝化工艺效率，同时使钝化膜具有优异的耐腐蚀性能和耐盐雾性能。
3. 106498378 一种热镀锌钢构件的全无铬钝化工艺
CN
15.03.2017
C23C 22/42 Loading...
C23C 22/42
Loading...
102016001096101
常熟风范电力设备股份有限公司
赵月华
C23C 22/42
Loading...
本发明公开了一种热镀锌钢构件的全无铬钝化工艺，包括如下步骤：（1）前处理；（2）浸渍钝化处理：将钢构件浸渍到全无铬钝化液中，浸渍8‑10s后取出；其中所述全无铬钝化液的配方为：钼酸盐15‑25g/L、磷酸钠7‑10g/L、乳酸5‑8g/L、植酸2‑6g/L、改性有机硅树脂10‑15g/L、增稠剂1‑2g/L、成膜剂2‑4g/L；（3）干燥成型。过上述方式，本发明采用自行配方设计的全无铬钝化液对热镀锌后的钢构件进行钝化，工艺简单易控，安全环保，经过处理后的热镀锌钢构件表面形成的全无铬钝化膜具有优异耐腐蚀性能，同时具有良好的憎水性能和自清洁性能。
4. 205894835 中空绝缘管横担端部密封结构
CN
18.01.2017
E04H 12/24 Loading...
E04H 12/24
Loading...
201620776918.X
常熟风范电力设备股份有限公司
杨元春
E04H 12/24
Loading...
本实用新型公开了一种中空绝缘管横担端部密封结构，包括中空绝缘管、密封连接件和密封盖板；密封连接件包括位于中空绝缘管内部的连接载体和若干对固定中空绝缘管与连接载体位置的固定螺栓，若干对固定螺栓中至少一对螺栓的相对位置为正交，固定螺栓中的固定螺杆依次穿过中空绝缘管的管壁、固定螺母和连接载体拧紧固定，在中空绝缘管管壁与固定螺母之间设置有第一硅橡胶密封圈；在连接载体的上部焊接有密封螺栓中的内置密封螺母，密封螺栓中的密封紧固螺杆穿过密封盖板与内置密封螺母拧紧；密封盖板与中空绝缘管的端部之间设置有与中空绝缘管外壁同形的第二硅橡胶密封圈。本实用新型结构简单，施工方便，能够保证成品绝缘横担具有优越的密封性能。
5. 205840471 一种高稳定性全钢通讯塔
CN
28.12.2016
E04H 12/10 Loading...
E04H 12/10
Loading...
201620409658.2
常熟风范电力设备股份有限公司
赵月华
E04H 12/10
Loading...
本实用新型公开了一种高稳定性全钢通讯塔，包括塔体、爬梯、防护围架、避雷针和天线固定装置；所述避雷针安装在所述塔体的顶端，所述天线固定装置安装在避雷针下面的塔体上；所述塔体包括主材钢板、横材、斜材和加固板；其中，横材和斜材的两端分别通过螺栓交替式固定在相邻的主材钢板上，所述加固板以与斜材呈交叉式的方向固定连接在主材钢板上；所述爬梯与所述横材固定连接，所述防护围架固定安装在所述爬梯与所述横材相对的一侧，用于保护维修人员。本实用新型结构简单，设计合理，其通过塔体的结构设计，一方面降低了组成的难度和复杂度，另一方面，提高了整体的结构强度和稳固性，同时通过防护围架的设计，保障了维护人员的安全。
6. 205617882 一种通讯塔
CN
05.10.2016
E04H 12/00 Loading...
E04H 12/00
Loading...
202016000409648
常熟风范电力设备股份有限公司
赵月华
E04H 12/00
Loading...
本实用新型公开了一种通讯塔，包括塔体、拱形固定架、天线固定架、拉线和装饰灯；所述拱形固定架安装在所述塔体的底端，并将塔体固定在房顶上；所述天线固定架为套置在所述塔体顶端的中间带开孔的圆形板；所述拉线的一端固定在所述天线固定架底面的外边缘，其另一端固定在所述拱形固定架和天线固定架之间的塔体上；所述装饰灯分隔式串接在所述拉线上。本实用新型一种通讯塔，结构简单，设计新颖，其通过在底端和顶端分别形成伞形结构和倒置的伞形结构，一方面，改变了现有通讯塔普通锥形结构的外形，提高通讯塔的美观度；另一方面，提高了通讯塔的稳固性，扩大了天线的辐射范围；另外，还提高了太阳能的利用率，节约电能。
7. 205617886 一种高稳固性宽服务半径通讯塔
CN
05.10.2016
E04H 12/08 Loading...
E04H 12/08
Loading...
202016000409650
常熟风范电力设备股份有限公司
赵月华
E04H 12/08
Loading...
本实用新型公开了一种高稳固性宽服务半径通讯塔，包括塔体、避雷针和天线固定装置；所述避雷针通过球形网架安装在所述塔体的顶端；所述天线固定装置包括一组以上环形梁架、三角形支架组和集束天线；所述环形梁架的底面四周与所述塔体之间焊接有开放式三角梁架；所述三角形支架组均匀焊接在所述环形梁架的外周，所述集束天线焊接在所述三角形支架组远离所述环形梁架的一侧。本实用新型一种高稳固性宽服务半径通讯塔，结构简单，设计合理，其通过天线固定装置的结构设计，一方面增加了天线固定架及天线在塔体上的稳固性，另一实用新型，有效增加了天线的服务半径，从而提高通讯塔的性能。
8. 105950988 一种通讯塔架用钢板及其镀锌方法
CN
21.09.2016
C22C 38/14 Loading...
C22C 38/14
Loading...
201610328867.9
常熟风范电力设备股份有限公司
赵月华
C22C 38/14
Loading...
本发明公开了一种通讯塔架用钢板及其镀锌方法，所述钢板包括如下重量百分比的化学成分：C 0.03～0.05%、Si 0.02～0.03%、Mn 0.50～0.80%、P<0.005%、S<0.006%、V 0.01～0.02%、Ti 0.04～0.05%、Al 0.05～0.12%，余量为Fe；所述镀锌方法包括如下步骤：（1）钢板表面预处理；（2）退火处理；（3）热镀锌；（4）冷却；（5）钝化处理。本发明通过钢板内化学成分含量的控制及合理的镀锌工艺调整，一方面提高钢板自身的韧性和质地，另一方面，提高了钢板表面镀锌层的质量，从而有效改善钢板的耐腐蚀性能，提高通讯塔架的使用寿命。
9. 105804476 一种高稳定性全钢通讯塔
CN
27.07.2016
E04H 12/10 Loading...
E04H 12/10
Loading...
201610299679.8
常熟风范电力设备股份有限公司
赵月华
E04H 12/10
Loading...
本发明公开了一种高稳定性全钢通讯塔，包括塔体、爬梯、防护围架、避雷针和天线固定装置；所述避雷针安装在所述塔体的顶端，所述天线固定装置安装在避雷针下面的塔体上；所述塔体包括主材钢板、横材、斜材和加固板；其中，横材和斜材的两端分别通过螺栓交替式固定在相邻的主材钢板上，所述加固板以与斜材呈交叉式的方向固定连接在主材钢板上；所述爬梯与所述横材固定连接，所述防护围架固定安装在所述爬梯与所述横材相对的一侧，用于保护维修人员。本发明结构简单，设计合理，其通过塔体的结构设计，一方面降低了组成的难度和复杂度，另一方面，提高了整体的结构强度和稳固性，同时通过防护围架的设计，保障了维护人员的安全。
10. 105781209 一种通讯塔
CN
20.07.2016
E04H 12/00 Loading...
E04H 12/00
Loading...
201610299678.3
常熟风范电力设备股份有限公司
赵月华
E04H 12/00
Loading...
本发明公开了一种通讯塔，包括塔体、拱形固定架、天线固定架、拉线和装饰灯；所述拱形固定架安装在所述塔体的底端，并将塔体固定在房顶上；所述天线固定架为套置在所述塔体顶端的中间带开孔的圆形板；所述拉线的一端固定在所述天线固定架底面的外边缘，其另一端固定在所述拱形固定架和天线固定架之间的塔体上；所述装饰灯分隔式串接在所述拉线上。本发明一种通讯塔，结构简单，设计新颖，其通过在底端和顶端分别形成伞形结构和倒置的伞形结构，一方面，改变了现有通讯塔普通锥形结构的外形，提高通讯塔的美观度；另一方面，提高了通讯塔的稳固性，扩大了天线的辐射范围；另外，还提高了太阳能的利用率，节约电能。
11. 105781213 一种高稳固性宽服务半径通讯塔
CN
20.07.2016
E04H 12/08 Loading...
E04H 12/08
Loading...
201610299680.0
常熟风范电力设备股份有限公司
赵月华
E04H 12/08
Loading...
本发明公开了一种高稳固性宽服务半径通讯塔，包括塔体、避雷针和天线固定装置；所述避雷针通过球形网架安装在所述塔体的顶端；所述天线固定装置包括一组以上环形梁架、三角形支架组和集束天线；所述环形梁架的底面四周与所述塔体之间焊接有开放式三角梁架；所述三角形支架组均匀焊接在所述环形梁架的外周，所述集束天线焊接在所述三角形支架组远离所述环形梁架的一侧。本发明一种高稳固性宽服务半径通讯塔，结构简单，设计合理，其通过天线固定装置的结构设计，一方面增加了天线固定架及天线在塔体上的稳固性，另一发明，有效增加了天线的服务半径，从而提高通讯塔的性能。
12. 105781217 一种单管通讯塔阀基
CN
20.07.2016
E04H 12/22 Loading...
E04H 12/22
Loading...
201610299675.X
常熟风范电力设备股份有限公司
赵月华
E04H 12/22
Loading...
本发明公开了一种单管通讯塔阀基，包括正方体底座，所述正方体底座的中心处设有垂直安装的筒状管体，其下端面承接在十字横梁上，十字横梁与正方体底座下表面的四个顶角固定连接正方体底座的上表面设有与十字横梁平行的四根连接杆，连接杆的两端分别与正方体底座上表面的顶角以及筒状管体的侧壁固定连接；正方体底座的上表面还安装有伸缩式支撑杆，伸缩式支撑杆的一端上下旋转式固定在正方体底座上表面的边上，其另一端设有镰刀状支撑块，用于支撑单管通讯塔的塔体。本发明结构简单，设计合理，其通过十字钢梁、筒状管体、连接杆和伸缩式支撑杆的结构设计，可以对单管塔起到有效的支撑定位作用，解决现有单管通讯塔稳固性差的难题。
13. 205135075 高海拔地区500kV紧凑型交流输电线路悬垂塔
CN
06.04.2016
E04H 12/08 Loading...
E04H 12/08
Loading...
201520813728.6
常熟风范电力设备股份有限公司
顾小蕾
E04H 12/08
Loading...
本实用新型公开了一种高海拔地区500kV紧凑型交流输电线路悬垂塔，包括塔身和塔脚，所述塔身的上方自上向下依次安装有杯型结构和倒置的杯型结构，所述杯型结构的顶端设置有上导线横担，所述倒置的杯型结构的底端设置有下导线横担，所述杯型结构和倒置的杯型结构之间的连接处安装有中导线横担；所述上导线横担的两端对称设置有地线横担，所述下导线横担的两端对称设置有边导线横担。本实用新型结构简单，设计合理，其通过独特的双杯型结构设计，有效提高了导线布置密度，并可使将各种导线有序分开，使线路运行更安全可靠；另外，该塔质量轻盈，固定牢固，可以有效降低修检频率，减少检修人员的工作量。
14. 205116878 一种铁塔横担构件
CN
30.03.2016
E04H 12/24 Loading...
E04H 12/24
Loading...
201520813959.7
常熟风范电力设备股份有限公司
顾小蕾
E04H 12/24
Loading...
本实用新型公开了一种铁塔横担构件，包括：骨架、覆盖在所述骨架外表面的保护层、以及浇注在所述保护层外侧的伞群，所述骨架的断面形状呈D字型，由两个相互垂直的直角边和一个圆弧组成，所述骨架是由角钢或板件连接而成的。通过上述方式，本实用新型的铁塔横担构件具有机械强度高、刚度大，变形小，耐气候，受力合理，节约材料和费用等优点，适用于500kV的架空输电线路。
15. 105331917 一种钢结构表面镀覆锌镍双层钝化膜的方法
CN
17.02.2016
C23C 2/06 Loading...
C23C 2/06
Loading...
201510725932.7
常熟风范电力设备股份有限公司
赵月华
C23C 2/06
Loading...
本发明公开了一种钢结构表面镀覆锌镍双层钝化膜的方法，包括如下步骤：（1）前处理；（2）热镀锌；（3）冷却处理；（4）化学镀镍及钝化处理；（5）干燥成型。本发明一种钢结构表面镀覆锌镍双层钝化膜的方法，通过合理的工艺设计，先后在钢铁表面镀覆锌、镍双层钝化膜，且将化学镀镍与钝化处理同步进行，不仅简化了工艺，提高了效率，而且对整个镍层进行彻底的钝化处理，有效提高了钝化效果；本发明所制得的双层金属钝化层有效提高了钢铁的耐腐蚀性、耐酸性和使用寿命。
16. 105296910 一种输变电角钢塔的角钢表面喷涂工艺
CN
03.02.2016
C23C 4/08 Loading...
C23C 4/08
Loading...
201510693103.5
常熟风范电力设备股份有限公司
顾小蕾
C23C 4/08
Loading...
本发明公开了一种输变电角钢塔的角钢表面喷涂工艺，包括以下步骤：1）除油：将角钢在盐酸水溶液中浸润，去除表面油污和锈迹，然后流动水洗并干燥；2）浸助镀溶剂：将除油后的角钢在55-65℃的助镀溶剂中浸渍5-10分钟；3）烘干预热：将角钢从助镀溶剂中取出，然后在120-135℃温度下烘干预热；4）喷涂：在烘干预热后的角钢表面喷涂阳极性镀层；5）钝化：在20℃-30℃的钝化剂中保持20-25秒，然后清洗、干燥。通过上述方式，本发明能够使角钢表面镀层不易脱落，且具有良好的耐磨性和抗腐蚀性，保证在室外条件下不会生锈，具有较好的防锈效果。
17. 105298200 高海拔地区500kV紧凑型交流输电线路悬垂塔
CN
03.02.2016
E04H 12/08 Loading...
E04H 12/08
Loading...
201510682112.4
常熟风范电力设备股份有限公司
顾小蕾
E04H 12/08
Loading...
本发明公开了一种高海拔地区500kV紧凑型交流输电线路悬垂塔，包括塔身和塔脚，所述塔身的上方自上向下依次安装有杯型结构和倒置的杯型结构，所述杯型结构的顶端设置有上导线横担，所述倒置的杯型结构的底端设置有下导线横担，所述杯型结构和倒置的杯型结构之间的连接处安装有中导线横担；所述上导线横担的两端对称设置有地线横担，所述下导线横担的两端对称设置有边导线横担。本发明结构简单，设计合理，其通过独特的双杯型结构设计，有效提高了导线布置密度，并可使将各种导线有序分开，使线路运行更安全可靠；另外，该塔质量轻盈，固定牢固，可以有效降低修检频率，减少检修人员的工作量。
18. 105256299 一种新型高效环保金属钝化液及其制备方法
CN
20.01.2016
C23C 22/44 Loading...
C23C 22/44
Loading...
201510726752.0
常熟风范电力设备股份有限公司
赵月华
C23C 22/44
Loading...
本发明公开了一种多功能金属钝化液及其制备方法，所述钝化液包括如下组分：成膜剂5～8g/L、封闭剂5～8g/L、硝酸钠10～15g/L、钼磷酸钠6～10g/L、钼磷酸铵15～20g/L、磷酸铵8～15g/L、氟锆酸锌5～8g/L、氯化氧锆8～13g/L、水杨酸3～8g/L、缓蚀剂10～15g/L、表面活性剂0.5～1g/L、抗氧性添加剂3～5g/L；所述成膜剂为氟硅酸钠；所述封闭剂为正硅酸。本发明一种多功能金属钝化液的制备方法简便，容易实现，其通过合理的配方设计，使所制备的金属钝化液具有优异的膜性、封闭性及高温喷涂过程中抗氧化性能，干燥固化速度快，性能稳定。
19. 105256322 一种钢结构钝化处理前的酸洗方法
CN
20.01.2016
C23G 1/08 Loading...
C23G 1/08
Loading...
201510725595.1
常熟风范电力设备股份有限公司
赵月华
C23G 1/08
Loading...
本发明公开了一种钢结构钝化处理前的酸洗方法，包括如下步骤：（1）酸洗前处理；（2）水洗；（3）酸洗；（4）水洗。本发明一种钢结构钝化处理前的酸洗方法，操作简便，容易实现，其通过两段式超声波辅助振荡除锈工艺的设计，有效去除钢铁表面的部分锈剂和氧化膜，且时间短，效率高，经其酸洗后的钢铁件表面无点蚀和过渡腐蚀的现象，酸洗工艺的可控性较强。
20. 105256298 一种高效环保无铬钝化液及其制备方法
CN
20.01.2016
C23C 22/42 Loading...
C23C 22/42
Loading...
201510725271.8
常熟风范电力设备股份有限公司
赵月华
C23C 22/42
Loading...
本发明公开了一种高效环保无铬钝化液及其制备方法，包括如下组分：钼磷酸盐35～40g/L、钒酸钠10～20g/L、钨酸钠8～12g/L、植酸10～100g/L、酒石酸3～30g/L、单宁酸5～50g/L、聚三甲基乙氧基改性环氧树脂10～50g/L、缓蚀阻垢剂6～8g/L、封孔剂3～6g/L、成膜剂10～15g/L、抗氧性添加剂0.5～3g/L、三聚磷酸铝3～7g/L。本发明通过合理的配方设计，使钝化液不含任何价态的铬离子，具备安全环保的特色，同时该钝化液还具备优异的钝化性能、成模性和防锈性，赋予镀锌层综合高效防腐性能；本发明从配方到制备工艺均具备成本低廉的特色，开发应用前景广阔。
21. 105220931 高强紧密型双回交流同塔四回钢管塔
CN
06.01.2016
E04H 12/10 Loading...
E04H 12/10
Loading...
201510681910.5
常熟风范电力设备股份有限公司
顾小蕾
E04H 12/10
Loading...
本发明公开了一种高强紧密型双回交流同塔四回钢管塔，包括塔头、塔身和塔腿；塔头由自上向下依次安装的杯型结构和倒置的杯型结构组成；杯型结构的顶端设置有1000kv上导横担，杯型结构和倒置的杯型结构之间的连接处自上向下安装有1000kv中下导线横担和500kv上导横担，倒置的杯型结构的底端安装有500kv中下导横担；1000kv中下导线横担和500kv上导横担插接在塔头上；塔身的上口径与倒置的杯型结构的内口径等宽。本发明的塔头结构性强，质量轻，塔身直径宽、坡比大，整塔高度低，提高了整塔的稳固性，具有输送容量最大、高度低、荷载最大、传力清晰的优点，且满足特高压输电节约线路走廊的要求。
22. 105220933 一种铁塔横担构件
CN
06.01.2016
E04H 12/24 Loading...
E04H 12/24
Loading...
201510682090.1
常熟风范电力设备股份有限公司
顾小蕾
E04H 12/24
Loading...
本发明公开了一种铁塔横担构件，包括：骨架、覆盖在所述骨架外表面的保护层、以及浇注在所述保护层外侧的伞群，所述骨架的断面形状呈D字型，由两个相互垂直的直角边和一个圆弧组成，所述骨架是由角钢或板件连接而成的。通过上述方式，本发明的铁塔横担构件具有机械强度高、刚度大，变形小，耐气候，受力合理，节约材料和费用等优点，适用于500kV的架空输电线路。
23. 204252617 一种格构式复合材料电杆
CN
08.04.2015
E04H 12/02 Loading...
E04H 12/02
Loading...
201420758888.0
常熟风范电力设备股份有限公司
杨元春
E04H 12/02
Loading...
本实用新型公开了一种格构式复合材料电杆，其包括横担、至少三根围合形成上小下大的柱状的长杆件、多块板件，所述长杆件和所述板件均由纤维增强复合材料制成，由于构成电杆杆本体的长杆件和板件均由纤维增强复合材料制成且长杆件与板件之间可拆卸连接，所以该电杆相比同等级的水泥电杆，重量更轻，约为传统预应力水泥电杆的1/3，便于运输，适用于山区等运输不便地区；此外，通过强度设计，此电杆可具有抗12级台风的能力，适用于沿海强风地区。
24. 203932932 一种耐雷输电杆塔
CN
05.11.2014
H02G 7/22 Loading...
H02G 7/22
Loading...
201420192398.9
常熟风范电力设备股份有限公司
赵月华
H02G 7/22
Loading...
本实用新型公开了一种耐雷输电杆塔，包括塔腿、塔身、塔顶、接地电阻、接地引下线、横担和绝缘子串，塔身位于塔腿上端，塔顶位于塔身上端，接地电阻通过接地引下线与塔腿相连，横担设置在塔身上，绝缘子串设置于横担的端部，接地电阻的电阻值为3-17欧姆。通过上述方式，本实用新型的耐雷输电杆塔，采用低值的接地电阻能提高±800kV直流输电线路的耐雷水平和降低其反击闪络率，在条件许可的情况下，降低杆塔高度能增强线路的反击耐雷性能，绝缘子串长度的增加能使杆塔在遭受雷击时发生完全闪络的概率降低，从而使线路反击耐雷性能增强。
25. 203856261 一种直流输电线路铁塔
CN
01.10.2014
E04H 12/10 Loading...
E04H 12/10
Loading...
201420192236.5
常熟风范电力设备股份有限公司
赵金元
E04H 12/10
Loading...
本实用新型公开了一种直流输电线路铁塔，包括塔头、塔身和横担，所述的塔头呈三角形状安装在横担的上部两侧，所述的横担为梯形状安装在塔身的上部，所述的横担下方还设置有相互连接的绝缘串子，所述的绝缘串子通过直流导线相连接。通过上述方式，本实用新型直流输电线路铁塔，适用于±800kV直流输电线路，由横担构成直流输电线路铁塔的走廊，横担下方的绝缘串子通过直流导线相连接，增加了直流输电线路铁塔的输送电压容量同时能够有效降低线路走廊宽度，满足了我国建设和运行的需要。
26. 203856257 一种同塔双回直流输电机构
CN
01.10.2014
E04H 12/00 Loading...
E04H 12/00
Loading...
201420192216.8
常熟风范电力设备股份有限公司
赵月华
E04H 12/00
Loading...
本实用新型公开了一种同塔双回直流输电机构，包括多个第一铁塔、第二铁塔和第三铁塔，所述第一铁塔包括塔身、塔腿和第一脚钉，所述第二铁塔包括塔身、塔腿和第二脚钉，所述第三铁塔包括塔身、塔腿和第三脚钉，所述塔身固定连接在所述塔腿的上部，所述塔腿包括A腿、B腿、C腿和D腿，所述A腿、B腿、C腿和D腿固定连接成矩形，所述第一脚钉固定连接在第一铁塔的D腿上，所述第二脚钉固定连接在所述第二铁塔的B腿上，所述第三脚钉固定连接在所述第三铁塔的D腿上。通过上述方式，本实用新型所述的同塔双回直流输电机构输电铁塔的强度高、抗风性能好、耐候性好。
27. 203856260 一种高强度大截面角钢的三回路直线塔
CN
01.10.2014
E04H 12/10 Loading...
E04H 12/10
Loading...
201420005606.X
常熟风范电力设备股份有限公司
赵金元
E04H 12/10
Loading...
本实用新型公开了一种高强度大截面角钢的三回路直线塔，包括塔头和塔身，所述的塔身上设置有第一回路、第二回路以及第三回路，所述的第一回路、第二回路以及第三回路一次垂直排列在塔身的上部。通过上述方式，本实用新型高强度大截面角钢的三回路直线塔，第一回路、第二回路以及第三回路采用Q420大规格角钢，使用Q420高强度的大截面角钢，在一定程度上可以避免使用组合角钢，成倍减少铁塔的加工量，大量减少连接螺栓和填板，减少铁塔钢耗，也使铁塔组立的施工量和施工难度大大减小，而且结构更合理，铁塔更安全。
28. 203856259 一种线路工程铁塔
CN
01.10.2014
E04H 12/08 Loading...
E04H 12/08
Loading...
201420192219.1
常熟风范电力设备股份有限公司
赵金元
E04H 12/08
Loading...
本实用新型公开了一种线路工程铁塔，包括塔头和塔身，塔身上设有至少一组横担，所述的横担通过螺栓紧固在塔身的上部，所述横担呈倒梯形结构，横担的下方还设置有收线装置，所述的收线装置包括两个半圆形构件以及连接两个半圆形构件的转动轴。通过上述方式，本实用新型线路工程铁塔，横担的下方还设置有收线装置，方便收纳线路工程铁塔用的电线缆，不会造成线路凌乱，方便管理，满足了我国建设和运行的的需要。
29. 203694882 一种热镀锌生产线酸雾收集回收装置
CN
09.07.2014
B01D 53/18 Loading...
B01D 53/18
Loading...
201420005792.7
常熟风范电力设备股份有限公司
赵金元
B01D 53/18
Loading...
本实用新型公开了一种热镀锌生产线酸雾收集回收装置，包括引风机、酸雾吸收装置、酸雾被净化塔、喷淋泵、自助补液系统以及回用酸液槽，所述的引风机、酸雾吸收装置以及酸雾被净化塔依次相连接，所述的喷淋泵与所述的酸雾吸收装置相连接，所述的自助补液系统分别与所述的酸雾吸收装置和回用酸液槽进行电性连接。通过上述方式，本实用新型热镀锌生产线酸雾收集回收装置，可以把热镀锌生产工艺产生的酸雾重新生成酸液用于热镀锌生产线，循环利用，使得生产成本也有所降低，符合国家节能环保的要求，推广意义巨大。
30. 203462801 沙漠地区高压输电线路的铁塔
CN
05.03.2014
E04H 12/08 Loading...
E04H 12/08
Loading...
201320569898.5
常熟风范电力设备股份有限公司
赵月华
E04H 12/08
Loading...
本实用新型公开了一种用于沙漠地区高压输电线路的铁塔，包括：塔身、塔顶、横担和支脚，所述的横担包括有第一横担、第二横担和第三横担，所述的塔身为锥形，所述的塔身的顶部和底部分别设置有塔顶和支脚，所述的支脚底部设置有多个加强固定爪，所述的塔身上设置有第二横担，且所述的第二横担的两侧分别设置有第一横担和第三横担。解决了技术方案里的缺陷，此铁塔的稳固性能比较好，不容易松动，加强固定爪的固定效果比较好，适合沙漠地区使用，降低线路工程造价、提高线路运行的安全水平提供技术依据，方便设计应用。
31. 203462802 500kV三回路核电特高压同塔
CN
05.03.2014
E04H 12/08 Loading...
E04H 12/08
Loading...
201320569899.X
常熟风范电力设备股份有限公司
赵金元
E04H 12/08
Loading...
本实用新型公开了一种500kV三回路核电特高压同塔，包括：塔身本体、警示板，所述塔身本体包括塔身、塔基、第一回路、第二回路、第三回路、横担和V型绝缘串子，所述第一回路采用猫头形，并设置于所述塔身上，所述第二回路和所述第三回路以鼓型垂直设置于所述塔身上，所述塔基设置于所述塔身的底部，所述警示板设置于所述塔基上，所述横担设置于所述第一回路、所述第二回路和所述第三回路上，所述V型绝缘串子设置于所述横担上。通过上述方式，本实用新型500kV三回路核电特高压同塔，不仅造价低、有效提高加工效率，还具有绿色环保、安全美观，节约能耗、降低废气排放的优势。
32. 203271239 一种复合横担
CN
06.11.2013
E04H 12/24 Loading...
E04H 12/24
Loading...
201320289198.0
国家电网公司
徐欣
E04H 12/24
Loading...
本实用新型涉及一种复合横担，包括绝缘芯棒、固定在所述绝缘芯棒上的伞裙、固定连接在所述绝缘芯棒两端的连接头，所述绝缘芯棒横截面呈D型，所述绝缘芯棒包括拉挤缠绕工艺制造而成的树脂纤维复合层，所述伞裙浇注固定在所述复合层上，所述复合层及伞裙外表面上均涂覆有表面涂层。由于本实用新型的横担采用树脂纤维复合材料制成的芯棒，重量轻且绝缘性能、机械性能较好，且其横截面为D型，具有防积灰，安装方便等优点。浇注固定在伞裙是户外树脂材料制成的，由于户外树脂材料具有优异的耐候性能，良好的机械性能、防腐性、防水防污性能，施工时能让人踩在伞裙上操作，同时避免了虫鸟的损坏。
33. 103280276 一种复合横担及其制造工艺
CN
04.09.2013
H01B 17/00 Loading...
H01B 17/00
Loading...
201310199154.3
国家电网公司
徐欣
H01B 17/00
Loading...
本发明公开了一种复合横担及其制造工艺，复合横担包括绝缘芯棒、固定在所述绝缘芯棒上的伞裙、固定连接在所述绝缘芯棒两端的连接头，所述绝缘芯棒横截面呈D型，所述绝缘芯棒包括拉挤缠绕工艺制造而成的树脂纤维复合层，所述伞裙浇注固定在所述复合层上，所述复合层及伞裙外表面上均涂覆有表面涂层。由于本发明的横担采用树脂纤维复合材料制成的芯棒，重量轻且绝缘性能、机械性能较好，且其横截面为D型，具有防积灰，安装方便等优点。浇注固定在伞裙是户外树脂材料制成的，由于户外树脂材料具有优异的耐候性能，良好的机械性能、防腐性、防水防污性能，施工时能让人踩在伞裙上操作，同时避免了虫鸟的损坏。
34. 202646982 一种高颈法兰
CN
02.01.2013
F16L 23/032 Loading...
F16L 23/032
Loading...
201220173087.9
常熟风范电力设备股份有限公司
赵月华
F16L 23/032
Loading...
本实用新型公开了一种高颈法兰，所述高颈法兰包括钢管和圆盘，所述圆盘表面设有若干圆孔，所述圆孔均匀排列成环形，所述圆盘和所述钢管通过点焊连接在一起，所述钢管是一个无缝钢圆柱体。本实用新型结构简单，具有强度高、韧性大、法兰与法兰之间连接更加稳固和成本低等特点。
35. 202647176 一种加强筋
CN
02.01.2013
F16S 5/00 Loading...
F16S 5/00
Loading...
201220173092.X
常熟风范电力设备股份有限公司
赵月华
F16S 5/00
Loading...
本实用新型公开了一种加强筋，所述加强筋包括铁片、钢管主体和圆盘，所述铁片的四周焊接在所述钢管主体的表面，所述铁片的顶部和底部焊接在所述圆盘上，所述铁片的表面还设有若干螺丝孔，本实用新型结构简单，具有受力强度高、易于装配，并减少的企业成本。
36. 202579099 一种滚轮用气泵
CN
05.12.2012
F04B 39/00 Loading...
F04B 39/00
Loading...
201220173091.5
常熟市风范电力设备股份有限公司
赵月华
F04B 39/00
Loading...
本实用新型揭示了一种滚轮用气泵，包括底座、底座上的滚轮、固定滚轮的固定座、滚轮中间位置的传动轴以及与传动轴连接的气泵，所述的气泵设置于底座一侧，所述的气泵通过插座与电源连接。该滚轮用气泵具有节约资源、降低成本、提高生产效率等功能。
37. 202575678 一种吊耳
CN
05.12.2012
B66C 1/10 Loading...
B66C 1/10
Loading...
201220173073.7
常熟市风范电力设备股份有限公司
赵月华
B66C 1/10
Loading...
本实用新型公开了一种吊耳，所述吊耳包括安装孔和起吊孔，所述起吊孔设于在铁板上，所述铁板的前端焊接有铁片，并且铁板和铁片呈现“T”字形状，所述安装孔设于铁片上，所述铁板和铁片通过焊接固定在钢管上，所述的起吊孔的厚度在5-10mm。本实用新型结构简单，具有强度高、易于装配，可有效的避免出现松动而脱落的现象。
38. 202548112 复合材料构件多因素环境老化试验装置的试样布置系统
CN
21.11.2012
G01N 33/00 Loading...
G01N 33/00
Loading...
201220092602.0
常熟风范电力设备股份有限公司
谢佐鹏
G01N 33/00
Loading...
本实用新型公开了一种复合材料构件多因素环境老化试验装置的试样布置系统，包括试验工作室以及设置在试验工作室内的若干个试样工件，所述试样工件成品字形分布。本实用新型通过将设置在试验工作室内的试样工件成品字形分布，可使试样工件合理分布，使得拉力系统、淋浴系统和光照系统能合理布置,方便测试的进行。本实用新型可作于试样布置系统应用于复合材料构件的测试中。
39. 202548125 复合材料构件多因素环境老化试验装置
CN
21.11.2012
G01N 33/44 Loading...
G01N 33/44
Loading...
201220092601.6
广州合成材料研究院有限公司
林玛丽
G01N 33/44
Loading...
本实用新型公开了一种复合材料构件多因素环境老化试验装置，其包括试验工作室以及拉力系统、盐雾系统、光辐照系统、温湿度系统、淋雨系统和高压电系统，所述试验工作室与拉力系统、盐雾系统、光辐照系统、温湿度系统、淋雨系统、高压电系统联接。本实用新型通过将拉力系统、盐雾系统、光辐照系统、温湿度系统、淋雨系统以及高压电系统六个系统糅合，在试验时，在本实用新型中安装由符合材料制成的试样工件，可根据试验需要，开启一个或者多个系统，可使试样工件能在一个环境或者多个环境中进行试验，达到预想的试验效果。本实用新型可用于复合材料构件多因素环境老化试验装置。
40. 202533324 复合材料构件多因素环境老化试验装置的拉力系统
CN
14.11.2012
G01N 3/08 Loading...
G01N 3/08
Loading...
201220092577.6
广州合成材料研究院有限公司
吴辉澎
G01N 3/08
Loading...
本实用新型公开了一种复合材料构件多因素环境老化试验装置的拉力系统，包括试验工作室、设置在试验工作室外的施力装置以及上端悬空、下端固定的试样工件，所述试验工作室内设有钢丝，所述钢丝的一端与试样工件的悬空端联接，另一端穿过试验工作室与施力装置联接。本实用新型通过设置钢丝，钢丝可将试验工作室内的试样工件和试验工作室外的施力装置联接起来，工作时,可通过施力装置向试样工件施加拉力，即实现对试样工件的拉力测试，方便操作。本实用新型可作于拉力系统应用于复合材料的测试中。
41. 102312598 一种异型复合材料型材
CN
11.01.2012
E04H 12/02 Loading...
E04H 12/02
Loading...
201110074333.5
常熟风范电力设备股份有限公司
杨元春
E04H 12/02
Loading...
一种异型复合材料型材，可以和直角的角钢相组合，用于输变电杆塔、铁路电气化杆塔或通讯杆塔用的异型复合材料型材，包括本体，所述的本体上设置有第一平面和第二平面，所述的第一平面和第二平面的各一端进行直接连接，所述第一平面和第二平面的另一端通过一个圆弧面相连接。本发明涉及的异型复合材料型材，由于表面设置为圆弧形，使得由该异型复合材料型材具备自洁、不易沾灰和不积水的特性，并且该型材是由绝缘复合材料构成的，使得该型材绝缘性能好、重量轻、安全性能高。
42. 202081693 一种特高压直流接地极线路直线钢管杆
CN
21.12.2011
E04H 12/08 Loading...
E04H 12/08
Loading...
201120096105.3
中国电力工程顾问集团西北电力设计院
杨林
E04H 12/08
Loading...
本实用新型涉及一种特高压直流接地极线路直线钢管杆，主要用于线路走廊狭窄、征地困难地区。所述钢管杆由地线支架、导线横担、主杆和底盘法兰组成。所述钢管杆的地线支架设置在杆顶，用于悬挂地线；导线横担设置于杆头下部，用于悬挂导线；主杆由圆锥形钢管组接而成，各段锥形钢管之间采用刚性法兰连接，主杆通过底盘法兰与基础地脚螺栓相连接；所述钢管杆构件材质为中强钢。采用本实用新型实施例，能够满足特高压直流接地极线路的要求。
43. 202064678 一种新型电杆
CN
07.12.2011
E04H 12/12 Loading...
E04H 12/12
Loading...
201020612595.3
常熟风范电力设备股份有限公司
谢佐鹏
E04H 12/12
Loading...
一种新型电杆，包括杆体，所述的杆体外表面至少有一层功能涂料层。本实用新型揭示的新型复合电杆，主要应用输配电杆塔、通讯杆塔、轨道交通及公用设施杆塔等，提供了一种色彩鲜艳美观，美化环境，在夜间还有荧光、反光作用的新型复合电杆，可引起行人和行车的警示，从而避免与水泥杆碰撞，保障了人身和交通的安全，达到防水、防腐蚀、防老化、抗紫外线、增加使用寿命的功效。
44. 202039635 一种特高压直流接地极线路耐张钢管杆
CN
16.11.2011
E04H 12/08 Loading...
E04H 12/08
Loading...
201120096103.4
中国电力工程顾问集团西北电力设计院
杨林
E04H 12/08
Loading...
本实用新型涉及一种特高压直流接地极线路耐张钢管杆，所述耐张钢管杆由地线挂点、导线横担、主杆和底盘法兰组成。所述地线挂点设置在杆顶，用于悬挂地线；导线横担设置于杆头下部，用于悬挂导线；主杆由圆锥形钢管组接而成，各段锥形钢管之间采用刚性法兰连接，主杆通过底盘法兰与基础地脚螺栓相连接；所述钢管杆构件材质使用中强钢。采用本实用新型实施例，能够满足特高压直流接地极线路的要求。
45. 102220817 Novel composite material section bar and electric transmission tower
CN
19.10.2011
E04H 12/02 Loading...
E04H 12/02
Loading...
201010146955.X
Changshu Fengfan Power Equipment Co., Ltd.
Yang Yuanchun
E04H 12/02
Loading...
The invention relates to a novel compound material section bar used for combining a power transmission tower. The novel compound material section bar comprises a body and at least one circular arc surface on the surface of the body. Since the surface of the novel compound material section bar is shaped into a circular arc, a power transmission tower combined by the novel compound material section bar has the self-cleaning and dust-proof characteristics; in addition, since the section bar is made of insulating composite material, the power transmission tower also has insulation property. The combined power transmission tower can be used for replacing a traditional steel angle power transmission tower, and the weight of the power transmission tower is reduced.
46. 202000723 一种铁塔组件
CN
05.10.2011
E04H 12/08 Loading...
E04H 12/08
Loading...
201020298610.1
常熟风范电力设备股份有限公司
谢佐鹏
E04H 12/08
Loading...
一种铁塔组件，包括组件本体，所述的本体外设有一层含锌层及一层复合层，所述的复合层包括氟改性有机硅树脂；本实用新型揭示的铁塔组件，由于采用了氟改性有机硅树脂，即将有机硅树脂以及氟或氟的表面活性剂作为涂料原料的主要部分，所以抗紫外线能力得到极大的提高，并且附着力好，防水性能好，铁塔组件在户外长时间使用的环境下，不易老化，不易腐蚀，抗冲击能力强。
47. 202000722 一种复合材料杆塔
CN
05.10.2011
E04H 12/02 Loading...
E04H 12/02
Loading...
201020202070.2
常熟风范电力设备股份有限公司
谢佐鹏
E04H 12/02
Loading...
一种复合材料杆塔，包括本体，以及置于本体内的泡沫填充物，所述的本体为浸渍环氧改性有机硅树脂与绝缘纤维的复合材料；本实用新型提供的复合材料杆塔，由于采用的环氧改性有机硅树脂具有优异的抗紫外线、防水防潮、不粘自清洁及电气绝缘特性，所以制成的复合材料杆塔非常适合户外各种恶劣气象条件下的长期运行。
48. 201924639 一种复合材料杆塔
CN
10.08.2011
E04H 12/02 Loading...
E04H 12/02
Loading...
201020568257.4
常熟风范电力设备股份有限公司
谢佐鹏
E04H 12/02
Loading...
一种复合材料杆塔，包括芯模，及芯模外层的复合材料层，所述的复合材料层外表面还附有一层树脂层。本实用新型揭示的复合材料杆塔，主要应用于输电、配电、通讯、铁路电气化及公用设施等，装饰性强，具有防水防潮的特点，耐久性长。
49. 201915680 一种高强度树脂复合杆
CN
03.08.2011
E04H 12/02 Loading...
E04H 12/02
Loading...
201020608951.4
常熟风范电力设备股份有限公司
谢佐鹏
E04H 12/02
Loading...
一种高强度树脂复合杆，主要应用于杆塔，包括杆体，所述的杆体由树脂和多个加强筋制成，所述的加强筋包括竖向加强筋和箍置于竖向加强筋的环向圈筋组成，竖向加强筋的截面为“I”型加强筋，“V”型加强筋，“U”型加强筋中的一种或相互组合，通过圈筋将其进行固定，形成整体笼架，其承受能力强，杆体从上到下成圆锥柱形、或圆柱形、或多边柱形，更进一步提高了机械强度，加强筋为绝缘玻璃钢，防水性和密封性能好，比传统钢筋树脂复合杆的好处是重量轻，强度高，耐久性长，没有因钢筋腐蚀生锈引起树脂复合杆开裂而过早报废等优点。
50. 201883744 一种高强度杆塔
CN
29.06.2011
E04H 12/00 Loading...
E04H 12/00
Loading...
201020607320.0
常熟风范电力设备股份有限公司
谢佐鹏
E04H 12/00
Loading...
一种高强度杆塔，包括杆体，所述的杆体内设有多个树脂基复合材料的加强筋，所述的加强筋包括竖向加强筋和箍置于竖向加强筋的环向圈筋组成，所述的竖向加强筋的截面至少部分为弧形。本实用新型揭示的高强度杆塔，竖向加强筋的截面为圆形、或半圆形、或连续半圆形、或3/4圆形加强筋中的一种或相互组合，通过环向圈筋将其进行固定，形成整体笼架，其承受能力强，杆体从上到下成圆锥柱形、或圆柱形、或多边柱形、或其相互组合，更进一步提高了机械强度，竖向加强筋为玻璃钢，防水性和密封性能好，比传统钢筋混凝土电杆的好处是重量轻，强度高，耐久性长，没有因钢筋腐蚀生锈引起水泥电杆开裂而过早报废等优点。
51. 102102457 Cross arm connecting device
CN
22.06.2011
E04H 12/24 Loading...
E04H 12/24
Loading...
200910215609.X
Changshu Fengfan Power Equipment Co., Ltd.
Yang Yuanchun
E04H 12/24
Loading...
The invention discloses a cross arm connecting device for connecting a cross arm and other assemblies. The cross arm connecting device comprises at least one first taper sleeve and one second taper sleeve, wherein at least one part of the first taper sleeve is positioned in the cross arm, the second taper sleeve is positioned outside the cross arm, the first taper sleeve is connected with the second taper sleeve through a fastener, and the first taper sleeve is connected with the cross arm through a taper connector. The cross arm connecting device disclosed by the invention can effectively and fixedly connect the cross arm and a pole tower, and ensures the electric performance and the insulation performance of the cross arm.
52. 201874290 一种高强度水泥杆
CN
22.06.2011
E04H 12/12 Loading...
E04H 12/12
Loading...
201020592494.4
常熟风范电力设备股份有限公司
谢佐鹏
E04H 12/12
Loading...
一种高强度水泥杆，主要应用于杆塔，包括杆体，所述的杆体由混凝土和多个加强筋制成，所述的加强筋包括竖向加强筋和箍置于竖向加强筋的环向圈筋组成，所述的竖向加强筋为多边形或者W形或者J形或者T形或者L形或者Y形的一种或多种。本实用新型揭示的高强度水泥杆，杆体内设有多个加强筋，其加强筋包括竖向加强筋和箍置于竖向加强筋的环向圈筋，竖向加强筋的截面为多边形或者字母形加强筋中的一种或相互组合，通过圈筋将其进行固定，形成整体笼架，其承受能力强，杆体从上到下成圆锥柱形、或圆柱形、或多边柱形，更进一步提高了机械强度，加强筋为绝缘玻璃钢，防水性和密封性能好，比传统钢筋水泥杆的好处是重量轻，强度高，耐久性长，没有因钢筋腐蚀生锈引起水泥杆开裂而过早报废，等等优点。
53. 201850814 一种水泥杆
CN
01.06.2011
E04H 12/12 Loading...
E04H 12/12
Loading...
201020296716.8
常熟风范电力设备股份有限公司
谢佐鹏
E04H 12/12
Loading...
一种水泥杆，主要应用于杆塔，包括杆体，所述的杆体由混凝土和多个加强筋制成，所述的加强筋包括竖向加强筋和箍置于竖向加强筋的环向圈筋组成，所述的加强筋为玻璃钢。本实用新型揭示的高强度水泥杆，杆体内设有多个玻璃钢加强筋，其加强筋包括竖向加强筋和箍置于竖向加强筋的环向圈筋，通过环向筋将其进行固定，形成整体笼架，其承受能力强，杆体从上到下成圆锥柱、圆柱形、或多边柱形，更进一步提高了机械强度，防水性和密封性能好，有一定的绝缘功能，比传统钢筋水泥杆的好处是重量轻，强度高，耐久性长，没有因钢筋腐蚀生锈引起水泥杆开裂而过早报废等优点。
54. 102074323 Novel insulating cross arm and manufacturing process thereof
CN
25.05.2011
H01B 17/56 Loading...
H01B 17/56
Loading...
200910247161.X
Changshu Fengfan Power Equipment Co., Ltd.
Xie Zuopeng
H01B 17/56
Loading...
The invention discloses a novel insulating cross arm which comprises a body and a shed arranged on the body. The novel insulating cross arm is characterized in that the body and the shed are made of composite materials comprising weathering resistant resin and glass fiber; a functional layer is coated on the exposed parts of the body and the shed; and the shed is directly is machined on the body. The insulating cross arm disclosed by the invention has a series of excellent characteristics such as insulating property, long creepage distance, high mechanical strength, ultraviolet resistance, weathering resistance, water repellency, flame retardation, non-stick property, self-cleaning property and the like, and the cross arm is especially applicable to outdoor use for a long term.
55. 102070922 Anticorrosive coating with high weather resistance and iron tower assembly
CN
25.05.2011
C09D 1/00 Loading...
C09D 1/00
Loading...
201010256831.7
Changshu Fengfan Power Equipment Co., Ltd.
Xie Zuopeng
C09D 1/00
Loading...
The invention discloses an anticorrosive coating with high weather resistance, which is mainly applied to an iron tower assembly. The coating comprises fluorine modified ceramic coating serving as a raw material; and the iron tower assembly comprises an assembly body, a zinc layer and a composite layer are formed outside the body, and the composite layer comprises the fluorine modified ceramic coating, namely the composite layer is the anticorrosive coating with the high weather resistance. According to the anticorrosive coating with the high weather resistance and the iron tower assembly, the coating is used for coating the outer surface of a steel (iron) material; because the fluorine modified ceramic coating is used as the main component of the raw materials, the ultraviolet resistance is greatly improved, and the coating has high strength and good waterproof performance; and the iron tower assembly used outdoors for long time is not easy to age or corrode, and has strong impact resistance.
56. 102070986 High-weatherability anti-corrosive paint and iron tower assembly
CN
25.05.2011
C09D 183/00 Loading...
C09D 183/00
Loading...
201010256832.1
Changshu Fengfan Power Equipment Co., Ltd.
Xie Zuopeng
C09D 183/00
Loading...
The invention relates to high-weatherability anti-corrosive paint, which is mainly applied to an iron tower assembly. Raw materials of the paint mainly comprise organic silicon resin and fluorine or fluorine surface active agents. The iron tower assembly comprises an assembly body, wherein a zinc-containing layer and a composite layer are arranged outside the body, and the composite layer comprises organic silicon resin mixed with the fluorine or the fluorine surface active agents, i.e. the composite layer is the high-weatherability anti-corrosive paint. The high-weatherability anti-corrosive paint and the iron tower assembly disclosed by the invention are characterized in that the paint is applied to the outer surface coating of steel (iron) materials, because the organic silicon rein and the fluorine or the fluorine surface active agents are adopted as major parts of the raw materials, the ultravioresistant capability is greatly improved, in addition, the attaching force is good, the waterproof capability is good, and the iron tower assembly is difficult to age and corrode and has strong impact-resistance capability in outdoor use environment for a long time.
57. 102061819 High-strength tower
CN
18.05.2011
E04H 12/00 Loading...
E04H 12/00
Loading...
201010544367.1
Changshu Fengfan Power Equipment Co., Ltd.
Xie Zuopeng
E04H 12/00
Loading...
The invention provides a high-strength tower. The high-strength tower comprises a pole body which is internally equipped with a plurality of reinforcing ribs, wherein, the reinforcing ribs comprise vertical reinforcing ribs and circumferential ring ribs arranged circlewise around the vertical reinforcing ribs, the reinforcing ribs are made of a resin matrix composite material, and at least part of the sections of the vertical reinforcing ribs is in an arc shape. In the high-strength tower, the sections of the vertical reinforcing ribs are in a circular shape or semicircular shape or continuously semicircular shape or three quarters of circular shape or combination of the shapes, and the vertical reinforcing ribs are fixed by the circumferential ring ribs to form an integrated cage, thus achieving strong bearing capability; the pole body is in a conical cylindrical shape or cylindrical shape or polygonal cylindrical shape or combination of the shapes from top to bottom, thus the mechanical strength of the tower is further improved; and the vertical reinforcing ribs are made of glass fiber reinforced plastics. Therefore, compared with the traditional reinforced concrete pole, the high-strength tower has the advantages of good water resistance, good tightness, light weight, high strength, good durability and the like, and can prevent the concrete pole from being cracked to be scrapped too early caused by rust corrosion of reinforcing steel bars.
58. 201835581 一种高强度水泥杆
CN
18.05.2011
E04H 12/12 Loading...
E04H 12/12
Loading...
201020592519.0
常熟风范电力设备股份有限公司
谢佐鹏
E04H 12/12
Loading...
一种高强度水泥杆，主要应用于杆塔，包括杆体，所述的杆体由混凝土和多个加强筋制成，所述的加强筋包括竖向加强筋和箍置于竖向加强筋的环向圈筋组成，所述的加强筋的截面为异形。本实用新型揭示的高强度水泥杆，杆体内设有多个加强筋，其加强筋包括竖向加强筋和箍置于竖向加强筋的环向圈筋，竖向加强筋的截面为“I”型加强筋，“V”型加强筋，“U”型加强筋中的一种或相互组合，通过圈筋将其进行固定，形成整体笼架，其承受能力强，杆体从上到下成圆锥柱形、或圆柱形、或多边柱形，更进一步提高了机械强度，加强筋为绝缘玻璃钢，防水性和密封性能好，比传统钢筋水泥杆的好处是重量轻，强度高，耐久性长，没有因钢筋腐蚀生锈引起水泥杆开裂而过早报废，等优点。
59. WO/2011/054168 POLE TOWER MADE OF COMPOSITE MATERIAL AND MANUFACTURING METHOD THEREOF
WO
12.05.2011
E04H 12/02 Loading...
E04H 12/02
Loading...
PCT/CN2010/000769
CHANGSHU FENGFAN POWER EQUIPMENT CO., LTD.
XIE, Zuopeng
E04H 12/02
Loading...
A pole tower made of composite material includes a main body (1), a first outer layer (2) and a second outer layer (3) set outside the main body (1) and foam filling (4) set inside the main body (1). The main body (1) is made of composite material including resin and insulated fiber, the first outer layer (2) is made of composite material including weatherproof resin and insulated fiber, and the second outer layer (3) is made of fluorine or fluoropolymer. The composite material pole tower has excellent properties of anti-ultraviolet, waterproof, dampproof, self-cleaning and electrical insulation due to the use of alicyclic epoxy resin and the fluorine or fluoropolymer. And it is suitable for long-term operation at outdoor under various adverse weather conditions.
60. WO/2011/054167 COMPOSITE MATERIAL POLE TOWER AND MANUFACTURING PROCESS THEREOF
WO
12.05.2011
E04H 12/02 Loading...
E04H 12/02
Loading...
PCT/CN2010/000767
CHANGSHU FENGFAN POWER EQUIPMENT CO., LTD.
XIE, Zuopeng
E04H 12/02
Loading...
A composite material pole tower and a manufacturing process thereof are provided. The pole tower comprises a main body (1), a first outer layer (2) and a second outer layer (3) outside of the main body, and a foamed filler (4) in the main body. The main body (1) is a composite material comprising a resin and an insulation fiber. The first outer layer (2) is composite material comprising a weathering resistance resin and an insulation fiber. The second outer layer (3) is an inorganic coating.
61. 201826583 一种铁塔组件
CN
11.05.2011
E04H 12/02 Loading...
E04H 12/02
Loading...
201020298623.9
常熟风范电力设备股份有限公司
谢佐鹏
E04H 12/02
Loading...
一种铁塔组件，包括组件本体，所述的本体外设有一层含锌层及一层复合层；本实用新型揭示的铁塔组件，由于表面采用了丙烯酸树脂及氟或氟的表面活性剂以作为涂料原料的主要部分，所以抗紫外线能力得到极大的提高，并且强度高，防水性能好，铁塔组件在户外长时间使用的环境下，不易老化，不易腐蚀，抗冲击能力强。
62. 102031890 High-strength resin composite pole
CN
27.04.2011
E04H 12/02 Loading...
E04H 12/02
Loading...
201010542372.9
Changshu Fengfan Power Equipment Co., Ltd.
Xie Zuopeng
E04H 12/02
Loading...
The invention discloses a high-strength resin composite pole which is mainly applied to a pole tower and comprises a pole body, wherein the pole body is made of resin and a plurality of reinforcing ribs; the reinforcing ribs comprise vertical reinforcing ribs and annular rib rings anchored on the vertical reinforcing ribs; and the sections of the reinforcing ribs are special. In the high-strength resin composite rod disclosed by the invention, the reinforcing ribs are arranged in the pole body and comprise the vertical reinforcing ribs and the annular rib rings anchored on the vertical reinforcing ribs; the sections of the vertical reinforcing ribs are one or mutual combination of I-shaped reinforcing ribs, V-shaped reinforcing ribs and U-shaped reinforcing ribs and are fixed by the ring ribs to form an integral cage frame; the reinforcing ribs have strong bearing capacity; the pole body is produced into a conical cylinder shape, a cylinder shape or a multilateral prism shape from top to bottom so as to further improve the mechanical strength; the reinforcing ribs are insulated fiber reinforced plastics with favorable waterproof and sealing performances; compared with the traditional steel reinforcement resin composite pole, the high-strength resin composite pole has the advantages of light weight, high strength, long durability and the like; and the resin composite pole is cracked to early scrape due to the corrosion and rust of the reinforcing ribs.
63. 102011508 High strength concrete pole
CN
13.04.2011
E04H 12/12 Loading...
E04H 12/12
Loading...
201010534378.1
Changshu Fengfan Power Equipment Co., Ltd.
Xie Zuopeng
E04H 12/12
Loading...
The invention discloses a high strength concrete pole, which is mainly applied to pole tower and comprises a pole body, wherein the pole body is formed by concrete and a plurality of reinforcing ribs, the reinforcing ribs include vertical reinforcing ribs and annular ring ribs hooped on the vertical reinforcing ribs, and the section of the reinforcing ribs is irregular. The high strength concrete pole of the invention is internally provided with a plurality of reinforcing ribs which include vertical reinforcing ribs and annular ring ribs hooped on the vertical reinforcing ribs, the section of the vertical reinforcing ribs is one or the combination of I shape, V-shape and U shape, the high strength concrete pole is fixed by the loop ribs to form an integral cage shelf having strong supportability, the pole body is in the shape of conical column, cylinder or multisided column from top to bottom so as to further enhance mechanical strength, the reinforcing rib is glass fiber reinforced plastic which has excellent water resistance and sealing performance, and compared with traditional reinforced concrete pole, the high strength concrete pole of the invention has the advantages of light weight, high strength, good durability and avoiding scrapping too early caused by corrosion and rusting of reinforcing bars, etc.
64. 102010227 Waterproof and corrosion-proof cement pole
CN
13.04.2011
C04B 41/48 Loading...
C04B 41/48
Loading...
201010256862.2
Changshu Fengfan Power Equipment Co., Ltd.
Xie Zuopeng
C04B 41/48
Loading...
The invention relates to a waterproof and corrosion-proof cement pole mainly used for pole towers, comprising a pole body. The pole body is made from concrete. The cement pole is characterized in that one resin protective layer is arranged on at least part of the outer surface of the pole body. The disclosed waterproof and corrosion-proof cement pole is mainly used for pole towers, communication pole towers, public utility pole towers, and the like. One or more resin protective layers are arranged on at least part of the outer surface of the pole body. The waterproof and corrosion-proof cement pole has the advantages of high mechanical strength, simple manufacture method, low cost and excellent waterproof and corrosion-proof properties. The cement pole can be broadly used, and is particularly suitable for high saline and alkaline regions, such as Xingjiang, etc.
65. 102010638 High-weatherability anticorrosive paint and iron tower assembly
CN
13.04.2011
C09D 133/00 Loading...
C09D 133/00
Loading...
201010256835.5
Changshu Fengfan Power Equipment Co., Ltd.
Xie Zuopeng
C09D 133/00
Loading...
The invention discloses a high-weatherability anticorrosive paint mainly applied to an iron tower assembly. The paint comprises fluorine or a fluorous surfactant, and acrylic resin. The invention also discloses an iron tower assembly, which comprises an assembly body; a zinc-containing layer and a composite layer are arranged on the outer side of the body; and the composite layer comprises acrylic resin mixed with fluorine or a fluorous surfactant, namely the composite layer is the high-weatherability anticorrosive paint. The high-weatherability anticorrosive paint is applied to outer surfaces of steel (iron) materials; because the fluorine or the fluorous surfactant and the acrylic resin are adopted as main components, the anti-ultraviolet capacity of the high-weatherability anticorrosive paint is greatly improved, and the high-weatherability anticorrosive paint has high strength and good waterproof performance; and the iron tower assembly used for a long time outdoors is not easy to age and corrode, and has high impact resistance.
66. 201762257 一种防水防腐水泥杆
CN
16.03.2011
C04B 41/48 Loading...
C04B 41/48
Loading...
201020296718.7
常熟风范电力设备股份有限公司
谢佐鹏
C04B 41/48
Loading...
一种防水防腐水泥杆，主要应用于杆塔，包括杆体，所述的杆体由混凝土制成，其特征在于，所述的杆体外表面至少部分有一层树脂保护层。本实用新型揭示的防水防腐水泥杆，主要应用于杆塔，通讯杆塔及公用设施杆塔等，杆体外表面至少部分有一层或多层树脂保护层，其机械强度高，制作方法简单，成本低，具有防水防腐的性能，可广泛使用，尤其适合成碱地区使用，比如新疆等地区。
67. 201763035 一种铁塔组件
CN
16.03.2011
E04H 12/02 Loading...
E04H 12/02
Loading...
201020296727.6
常熟风范电力设备股份有限公司
谢佐鹏
E04H 12/02
Loading...
一种铁塔组件，包括组件本体，所述的本体外设有一层含锌层及一层复合层，所述的复合层包括氟改性陶瓷涂料；本实用新型揭示的铁塔组件，由于其表面采用了氟改性陶瓷涂料作为原料的主要部分，所以抗紫外线能力得到极大的提高，并且强度高，防水性能好，铁塔组件在户外长时间使用的环境下，不易老化，不易腐蚀，抗冲击能力强。
68. 201753535 一种新型复合材料型材及输变电塔
CN
02.03.2011
E04H 12/02 Loading...
E04H 12/02
Loading...
201020159384.9
常熟风范电力设备股份有限公司
杨元春
E04H 12/02
Loading...
一种新型复合材料型材，用于组合成输变电塔，包括本体，还包括位于本体表面的至少一个圆弧面，本实用新型涉及的新型复合材料型材，由于表面设置为圆弧形，使得由该新型复合材料型材组合成的输变电塔具备自洁和不易沾灰的特性，并且该型材是由绝缘复合材料构成的，因此输变电塔也具备高绝缘性能，可组合后整体替代传统的角钢输变电塔，减轻输变电塔的重量。
69. 101967901 Composite tower
CN
09.02.2011
E04H 12/02 Loading...
E04H 12/02
Loading...
201010512538.2
Changshu Fengfan Electric Power Equipment Co., Ltd.
Xie Zuopeng
E04H 12/02
Loading...
A composite tower comprises a composite layer, wherein the composite layer is formed by continuous filament; after soaked in a plastic tank, the continuous filament is wound on the core mould of the tower; and the plastic tank is formed by cement, small-size filler and water. The composite layer disclosed by the invention is mainly used in transmission facilities, distribution facilities, communication facilities, railway electrification products, common facilities and the like, is characterized by water-proof and moisture-proof properties, and has high decoration and long durability.
70. 201695734 一种复合材料杆塔
CN
05.01.2011
E04H 12/02 Loading...
E04H 12/02
Loading...
200920270020.5
常熟风范电力设备股份有限公司
谢佐鹏
E04H 12/02
Loading...
一种复合材料杆塔，包括本体，置于本体外的第一外层和第二外层，以及置于本体内的泡沫填充物，所述的本体为浸渍树脂的绝缘纤维，所述的第一外层为浸渍耐候性树脂的绝缘纤维，所述的第二外层为无机涂料，所述的本体、第一外层、第二外层和本体内的泡沫填充物构成复合材料杆塔；本实用新型提供的复合材料杆塔，由于采用的脂环族环氧树脂和无机涂料都具有优异的抗紫外线、防水防潮、不粘自清洁及电气绝缘特性，所以制成的复合材料杆塔非常适合户外各种恶劣气象条件下的长期运行。
71. 201695735 一种复合材料杆塔
CN
05.01.2011
E04H 12/02 Loading...
E04H 12/02
Loading...
200920279635.4
常熟风范电力设备股份有限公司
谢佐鹏
E04H 12/02
Loading...
一种复合材料杆塔，包括本体，置于本体外的第一外层和置于本体内的泡沫填充物；所述的第一外层为氟或氟的聚合物，所述的本体、第一外层和本体内的泡沫填充物构成复合材料杆塔；本实用新型提供的复合材料杆塔，由于采用的脂环族环氧树脂和氟或氟的聚合物都具有优异的抗紫外线、防水防潮、不粘自清洁及电气绝缘特性，所以制成的复合材料杆塔非常适合户外各种恶劣气象条件下的长期运行。
72. 201598869 一种复合材料杆塔
CN
06.10.2010
E04H 12/34 Loading...
E04H 12/34
Loading...
200920279623.1
常熟风范电力设备股份有限公司
谢佐鹏
E04H 12/34
Loading...
一种复合材料杆塔，包括本体，置于本体外的第一外层和第二外层，以及置于本体内的泡沫填充物，所述的本体为浸渍树脂的绝缘纤维，所述的第一外层为浸渍耐候性树脂的绝缘纤维，所述的第二外层为氟或氟的聚合物，所述的本体、第一外层、第二外层和本体内的泡沫填充物构成复合材料杆塔；本实用新型提供的复合材料杆塔，由于采用的脂环族环氧树脂和氟或氟的聚合物都具有优异的抗紫外线、防水防潮、不粘自清洁及电气绝缘特性，所以制成的复合材料杆塔非常适合户外各种恶劣气象条件下的长期运行。
73. 101832050 Composite material pole tower and manufacturing process thereof
CN
15.09.2010
E04H 12/02 Loading...
E04H 12/02
Loading...
201010184739.4
Changshu Fengfan Power Equipment Co., Ltd.
Xie Zuopeng
E04H 12/02
Loading...
The invention relates to a composite material pole tower which comprises a main body and foam fillers arranged in the main body, wherein the main body is a composite material which comprises epoxy modified silicone resin and insulating fibers. Because the adopted epoxy modified silicone resin has excellent characteristics of ultraviolet resistance, water and moisture proofing, self-cleaning without viscidity and electrical insulation, the manufactured composite material pole tower is especially suitable for outdoor long-term operation under various adverse weather conditions.
74. 201574615 一种新型横担装置
CN
08.09.2010
E04H 12/24 Loading...
E04H 12/24
Loading...
200920180731.3
常熟风范电力设备股份有限公司
谢佐鹏
E04H 12/24
Loading...
一种新型横担装置，包括本体及置于本体上的伞群，所述的本体和伞群的材料为包括耐候性树脂和玻璃纤维的复合材料，所述的本体和伞群的外露部分涂覆有功能层，所述的伞群是浇铸在本体上的伞群；本实用新型揭示的横担具备绝缘、爬电距离长、机械强度高、抗紫外线、耐天候、憎水、阻燃、不粘自洁等一系列优异特性，尤其适合户外长期使用。
75. 201574617 一种横担连接装置
CN
08.09.2010
E04H 12/24 Loading...
E04H 12/24
Loading...
200920351806.X
常熟风范电力设备股份有限公司
杨元春
E04H 12/24
Loading...
一种横担连接装置，用于将横担与其他组件进行连接，包括至少第一锥套和第二锥套，所述第一锥套至少部分位于横担内，所述第二锥套位于横担外，所述第一锥套与第二锥套通过紧固件进行连接，所述第一锥套与横担之间通过锥形连接件进行连接；本实用新型揭示的横担连接装置，能有效的将横担与杆塔进行固定连接，并且保证横担的电气性能和绝缘性能。
76. 201560607 一种新型绝缘横担
CN
25.08.2010
E04H 12/24 Loading...
E04H 12/24
Loading...
200920274075.3
常熟风范电力设备股份有限公司
谢佐鹏
E04H 12/24
Loading...
一种新型绝缘横担，包括本体及置于本体上的伞群，其特征在于，所述的本体和伞群的材料为包括耐候性树脂和玻璃纤维的复合材料，所述的本体和伞群的外露部分涂覆有功能层，所述的伞群是直接在本体上经过加工形成的；本实用新型揭示的横担具备绝缘、爬电距离长、机械强度高、抗紫外线、耐天候、憎水、阻燃、不粘自洁等一系列优异特性，尤其适合户外长期使用。
77. 101718149 Composite material tower and manufacturing process thereof
CN
02.06.2010
E04H 12/02 Loading...
E04H 12/02
Loading...
200910209874.7
Changshu Fengfan Power Equipment Co., Ltd.
Xie Zuopeng
E04H 12/02
Loading...
The invention discloses a composite material tower, which comprises a body, a first outer layer positioned outside the body and a foam filter placed in the body, wherein the body is made of a composite material of a cycloaliphatic epoxy resin and insulating fibers; the first outer layer is made of fluorine or a polymer of fluorine; and the body, the first outer layer and the foam filter in the body form the composite material tower. The composite material tower provided by the invention is very suitable for long-term operated under various outdoor severe weather conditions as the adopted cycloaliphatic epoxy resin and fluorine or the polymer of fluorine have excellent uvioresistant, waterproof, dampproof, non-adhesive, self-cleaning and electrical insulating properties.
78. 101718151 Composite material tower and manufacturing process thereof
CN
02.06.2010
E04H 12/02 Loading...
E04H 12/02
Loading...
200910209884.0
Changshu Fengfan Power Equipment Co., Ltd.
Xie Zuopeng
E04H 12/02
Loading...
The invention discloses a composite material tower, which comprises a body, a first outer layer, a second outer layer and a foam filter placed in the body, wherein the first outer layer and the second outer layer are positioned outside the body; the body is made of a composite material of a resin and insulating fibers; the first outer layer is made of a composite material of weatherproof resin and insulating fibers; the second outer layer is made of inorganic paint; and the body, the first outer layer, the second outer layer and the foam filter in the body form the composite material tower. The composite material tower provided by the invention is very suitable for long-term operated under various outdoor severe weather conditions as the adopted cycloaliphatic epoxy resin and inorganic paint have excellent uvioresistant, waterproof, dampproof, non-adhesive, self-cleaning and electrical insulating properties.
79. 101718152 Composite material tower and manufacturing process thereof
CN
02.06.2010
E04H 12/02 Loading...
E04H 12/02
Loading...
200910223106.7
Changshu Fengfan Power Equipment Co., Ltd.
Xie Zuopeng
E04H 12/02
Loading...
The invention discloses a composite material tower, which comprises a body, a first outer layer, a second outer layer and a foam filter placed in the body, wherein the first outer layer and the second outer layer are positioned outside the body; the body is made of a composite material of a resin and insulating fibers; the first outer layer is made of a composite material of weatherproof resin and insulating fibers; the second outer layer is made of inorganic paint; and the body, the first outer layer, the second outer layer and the foam filter in the body form the composite material tower. The composite material tower provided by the invention is very suitable for long-term operated under various outdoor severe weather conditions as the adopted cycloaliphatic epoxy resin and inorganic paint have excellent uvioresistant, waterproof, dampproof, non-adhesive, self-cleaning and electrical insulating properties.
80. 101718150 Composite material tower and manufacturing process thereof
CN
02.06.2010
E04H 12/02 Loading...
E04H 12/02
Loading...
200910209876.6
Changshu Fengfan Power Equipment Co., Ltd.
Xie Zuopeng
E04H 12/02
Loading...
The invention discloses a composite material tower, which comprises a body, a first outer layer, a second outer layer and a foam filter placed in the body, wherein the first outer layer and the second outer layer are positioned outside the body; the body is made of a composite material of a resin and insulating fibers; the first outer layer is made of a composite material of weatherproof resin and insulating fibers; the second outer layer is made of fluorine or a polymer of fluorine; and the body, the first outer layer, the second outer layer and the foam filter in the body form the composite material tower. The composite material tower provided by the invention is very suitable for long-term operated under various outdoor severe weather conditions as the adopted cycloaliphatic epoxy resin and fluorine or the polymer of fluorine have excellent uvioresistant, waterproof, dampproof, non-adhesive, self-cleaning and electrical insulating properties.
81. 101575692 Ammonium-salt-free plating assistant agent used for hot dip galvanizing and technical methods for preparation and use thereof
CN
11.11.2009
C23C 2/02 Loading...
C23C 2/02
Loading...
200910094499.6
Changshu Steel Tower Co., Ltd.
Fan Liyi
C23C 2/02
Loading...
The invention provides an ammonium-salt-free plating assistant agent used for hot dip galvanizing and technical methods for preparation and use thereof, belonging to the technical field of the surface plating technique of steel and iron materials. The technical proposal is as follows: the aqueous solution of the plating assistant agent has the following components of zinc chloride, sodium chloride, a nonionic surface active agent (cocinic acid alkanolamide, fatty acid alkanolamide or alkanolamide phosphate ester) and a perfluoro-carbon type surface active agent with the respective proportion in sequence of 80 to 350g/L, 30 to 100g/L, 2 to 4g/L and 0.1 to 2g/L, and the balance of water. When the plating assistant agent is used for hot dip plating: the steel and iron product after oil and dust removing is dipped into the ammonium-salt-free plating assistant agent for plating assistant treatment firstly, the temperature is controlled to be in the range of 40 to 80 DEG C, then drying or baking is carried out at the temperature of 40 to 140 DEG C so as to lead the surface of the product to be adhered with a layer of even plating assistant film, and then the obtained product is dipped into molten zinc for hot dip plating. The invention has the advantages that the plating assistant agent is not added with ammonium salt, thus being capable of greatly reducing the generation of dusts when in hot dip plating, reducing pollution to environment and improving working environment.
82. 101294455 Insulated standard and processing technique thereof
CN
29.10.2008
E04H 12/02 Loading...
E04H 12/02
Loading...
200710097623.5
Xie Zuopeng
Xie Zuopeng
E04H 12/02
Loading...
An insulated telegraph pole comprises a main layer (1) and a surface coat (2) coating the main layer (1). The insulated telegraph pole is characterized in that the surface coat (2) is a functional waterproof layer formed by combining organic substance with inorganic substance; the main layer comprises a plurality of insulated fiberglass-reinforced plastic main reinforcements (11), at least one layer of insulated grid glass fiber cloth (12) entwined with the main reinforcements (11) and fiber reinforced cement (13) for wrapping the main reinforcements (11) and the insulated grid glass fiber cloth (12). The top end and the lower end of the main layer (1) are sealed, and coated with functional waterproof layers formed by combining the organic substance and the inorganic substance. The insulated telegraph pole has excellent insulating property, high strength and long performance life.

