1. 103437461 通透型防火墙系统
CN
22.06.2016
E04B 2/58 Loading...
E04B 2/58
Loading...
102013000357692
广东金刚玻璃科技股份有限公司
庄大建
E04B 2/58
Loading...
本发明公开在火灾袭击下自行对玻璃板均匀降温以保持玻璃板完整性的通透型防火墙系统，包括钢框架，玻璃板和降温系统，降温系统包括喷水装置和导流槽，门扇或者门框的边缘有燕尾槽，燕尾槽中有U形的密封钢槽，该密封钢槽的槽口朝向燕尾槽的槽底，密封钢槽的内腔中有遇热膨胀装置，与燕尾槽槽口朝向相对的门扇或者门框边缘有弹性体收纳槽，该弹性体收纳槽中有弹性密封胶条，在火灾袭扰时门窗封闭，并自动开启喷水功能，耐火时限远大于3小时。
2. 104017311 钢塑高阻燃防火门窗型材及其制造方法
CN
03.09.2014
C08L 27/06 Loading...
C08L 27/06
Loading...
201410278828.3
苏州金刚防火钢型材系统有限公司
庄大建
C08L 27/06
Loading...
本发明公开一种具有良好加工性能和机械强度，并且具有优异阻燃和抑烟效果的钢塑防火窗型材及其制造方法，由PVC发泡体与钢衬复合而成，PVC发泡体由PVC树脂，增塑剂，热稳定剂，抗冲改性剂，润滑剂，紫外线吸收剂，钛白粉，阻燃抑烟剂和组成，阻燃抑烟剂由锡酸锌，α-八钼酸铵，α-磷酸锆，季磷盐表面活性剂等组成，提高了阻燃抑烟剂的阻燃和抑烟效率，使PVC发泡体具有优异的塑性，便于在钢衬上进行复合加工，并提高氧指数，降低烟密度等级，适用于作为大型建筑物的隔断玻璃幕墙和门窗的框架。
3. 202352684 一种可清除冰雪的PVT组件
CN
25.07.2012
H01L 31/024 Loading...
H01L 31/024
Loading...
201120429400.6
广东金刚玻璃科技股份有限公司
庄大建
H01L 31/024
Loading...
本实用新型公开一种可自动清除冰雪的PVT组件，包括上玻璃层、粘结层和下玻璃层，上玻璃层的上表面或下表面附着有电热元件，太阳能电池片夹在粘结层中，下玻璃层的下表面有吸热层，吸热层下方有换热器和隔热保温层，在PVT组件被冰雪覆盖时能够自动予以清除，恢复PVT组件的发电制热能力，从而提高太阳能利用效率。
4. 202299874 用于玻璃门窗或幕墙的隔热防火精密钢型材
CN
04.07.2012
E06B 1/12 Loading...
E06B 1/12
Loading...
201120295256.1
广东金刚玻璃科技股份有限公司
庄大建
E06B 1/12
Loading...
本实用新型公开一种用于玻璃门窗或幕墙的隔热防火精密钢型材，包括室内型件和室外型件，室内型件和室外型件之间有隔热板，连接柱穿过隔热板中的通孔，端部连接室内型件和室外型件，用于作为玻璃门窗或幕墙的框架，具备隔热防火玻璃门窗或幕墙的防火、隔热、防结露等隔热防火功能，型材形状简单，制造简易，还具有更高的结构刚度，技术经济效益更高。
5. 202117485 隔热防火玻璃门窗或幕墙
CN
18.01.2012
E06B 3/16 Loading...
E06B 3/16
Loading...
201120178672.3
广东金刚玻璃科技股份有限公司
庄大建
E06B 3/16
Loading...
本实用新型公开一种一种可应用于防火要求较高，同时对建筑节能有严格控制场合的隔热防火门窗或者隔热防火玻璃幕墙，包括防火钢框架和安装在防火钢框架上的防火玻璃，防火钢框架由耐火钢型材连接而成，该耐火钢型材包括室内型件和室外型件，室内型件和室外型件之间有隔热连桥。采用本实用新型结构很好的起到防火作用，同时有效地减少室内外的热量传导，节能环保，并且避免在玻璃幕墙或门窗表面出现结露现象。
6. 201817943 防火玻璃幕墙的单元式组件
CN
04.05.2011
E04B 2/88 Loading...
E04B 2/88
Loading...
201020571688.6
广东金刚玻璃科技股份有限公司
庄大建
E04B 2/88
Loading...
本实用新型提供在大面积防火玻璃幕墙使用的单元式组件，由钢框架、安装在钢框架中的两层以上的夹层防火玻璃板组成，钢框架由左右立柱和上下横梁连接构成，左右立柱和上下横梁均采用同一截面型材，该型材有至少一个夹槽，每一夹槽中各有插条，钢框架之间由插在夹槽中的插条连接。本实用新型可在制作车间制成多个单元式组件后到现场组装形成玻璃幕墙，解决使用钢型材构筑整体幕墙时施工难度大的问题，插条和单元间不存在硬性连接，使得相邻单元式组件在受热膨胀时不会产生硬性连接时所发生的扭力传递，提高了幕墙整体防火能力。
7. 101994355 Unit-type components of fireproofing glass curtain wall
CN
30.03.2011
E04B 2/88 Loading...
E04B 2/88
Loading...
201010515379.1
Guangdong Golden Glass Technologies Ltd.
Zhuang Dajian
E04B 2/88
Loading...
The invention provides unit-type components of a fireproofing glass curtain wall, comprising steel frames, and more than two layers of interlay fireproofing glass plates in the steel frames, wherein the steel frames are formed by connecting left and right uprights with upper and lower beams; the same section bars are used by the left and the right uprights and the upper and the lower beams; the section bar is provided with at least one clamping slot; each clamping slot is internally provided with cuttings; and the steel frames are connected by the cuttings in the clamping slots; the glass curtain wall can be formed by assembling a plurality of unit-type components on site, wherein the unit-type components can be manufactured in a workshop, thus solving the problem of high construction difficulty when the steel section bars are used to construct the whole curtain wall. The cuttings and the unit-type components are not connected in a rigid mode, thus the adjacent unit-type components impossibly generate torsion transfer which happens in the process of rigid connection when being heated and expanded, thereby improving the fireproofing capacity of the curtain wall.
8. 201679123 用于防火玻璃幕墙的钢铝型材
CN
22.12.2010
E04B 2/88 Loading...
E04B 2/88
Loading...
201020026905.3
广东金刚玻璃科技股份有限公司
庄大建
E04B 2/88
Loading...
本实用新型公开一种能够达到建筑防火幕墙要求，并且能够应用于大跨度的建筑玻璃幕墙作为框架的上钢铝型材，包括管状防火钢型材，以及连接该防火钢型材以便固定玻璃板的钢板扣件，防火钢型材和钢板扣件上各有防火弹性阻尼件，铝合金装饰扣件内侧有锁扣，铝合金装饰扣件通过该锁扣扣在防火钢型材和钢板扣件的外侧。采用防火钢型材作为主支承结构形成幕墙的主体框架，通过防火材料夹层的隔离，延缓防火钢型材受火焰直接烘烤的时间，有效保证幕墙的完整性，施工后防火钢型材表面不需要进行防锈和抛光处理，有效提高施工的效率、降低施工成本。
9. 201558822 太阳能自行式光伏组件清洗装置
CN
25.08.2010
B08B 3/00 Loading...
B08B 3/00
Loading...
200920263288.6
广东金刚玻璃科技股份有限公司
庄大建
B08B 3/00
Loading...
本实用新型公开一种太阳能自行式光伏组件清洗装置，包括支架，支架上有清洗机构以及使清洗机构移动的运行机构，支架上还有太阳能电池、蓄电装置和控制装置，太阳能电池连接蓄电装置，由太阳能电池向蓄电装置充电，蓄电装置在控制装置的控制下向毛刷辊动力机构和行走轮动力机构提供电源，水喷淋管道位于太阳能光伏组件的上方。本实用新型利用自身装配的太阳能设备提供电源对建筑上对建筑上太阳能光伏组件表面进行清洗，避免水管和电源线给清洗装置造成的障碍，并且运行更安全。
10. 101719529 Method for recovering crystalline silicon cell plate in double-glass solar cell assembly with PVB interbed
CN
02.06.2010
H01L 31/18 Loading...
H01L 31/18
Loading...
200910194094.X
Guangdong Golden Glass Technologies Ltd.
Qiu Suxi
H01L 31/18
Loading...
The invention discloses a method for recovering a crystalline silicon cell plate in a double-glass solar cell assembly with a PVB interbed under the condition of no damage to a crystalline silicon cell. The recovering method comprises the following steps of: placing the double-glass solar cell assembly with the PVB interbed on a supporting frame; heating; thermal insulating; after the PVB interbed is molten completely or partially, removing an upper layer of glass from the assembly; cooling the assembly the upper layer of glass of which is removed; placing the assembly into a solvent for soaking and enabling the crystalline silicon cell plate to separate from PVB glue; taking out the cell plate; washing; and drying to obtain the reusable crystalline silicon cell plate.
11. 201460060 可隔热控温的光伏建筑玻璃组件
CN
12.05.2010
E04D 13/18 Loading...
E04D 13/18
Loading...
200820206791.3
广东金刚玻璃科技股份有限公司
庄大建
E04D 13/18
Loading...
本实用新型公开一种用于建筑物作为幕墙、屋顶等的玻璃材料的可隔热控温的光伏建筑玻璃组件，包括玻璃面板和玻璃背板，在玻璃面板和玻璃背板之间有粘结剂复合层，太阳能电池片层压在粘结剂复合层中，在玻璃背板的下方还有一玻璃板，该玻璃板的周边和玻璃背板的周边之间由密封件封闭，在该玻璃板与玻璃背板之间形成一个密封的空腔，使室内外之间能得到较好的隔热，改善室内环境，并对光伏组件进行控温，清除表面积聚的冰雪，提高发电效率。
12. 201450013 可自动调压的中空太阳能光伏组件
CN
05.05.2010
H01L 31/048 Loading...
H01L 31/048
Loading...
200920059217.4
广东金刚玻璃科技股份有限公司
庄大建
H01L 31/048
Loading...
本实用新型公开用于作为玻璃幕墙的中空太阳能光伏组件，包括太阳能电池串和若干玻璃层，其中第一玻璃层和第二玻璃层之间有透明粘贴层，太阳能电池串夹于该透明粘贴层中，还至少包括第三玻璃层，该第三玻璃层和第二玻璃层之间一个空气夹层，第三玻璃层和第二玻璃层的周边由支撑框架和结构胶固定，至少一个毛细管穿过密封框架和结构胶连通空气夹层和外部环境，可保证组件的发电、隔音、隔热，与外界保持压力平衡，空气夹层热膨胀而使玻璃炸裂。
13. 201391022 玻璃幕墙的防窜火装置
CN
27.01.2010
E04B 1/94 Loading...
E04B 1/94
Loading...
200920052424.7
广东金刚玻璃科技股份有限公司
庄大建
E04B 1/94
Loading...
本实用新型公开一种可阻止楼层之间通过楼层外部窜火的玻璃幕墙防窜火装置，包括耐高温防火板，在与楼板的连接位置的玻璃幕墙的框架上有连接部件，该连接部件连接防火板的固定框架。发生火灾时，火势的蔓延需要绕过防窜火装置，因此不容易蔓延到上层，当防窜火装置的水平宽度50cm以上时，下层火势需要足够的强度和时间才能蔓延到上层。
14. 101569902 Method for cold-bending dovetail groove in fireproofing accurate steel materials and device thereof
CN
04.11.2009
B21D 5/06 Loading...
B21D 5/06
Loading...
200910107621.9
Guangdong Golden Glass Technologies Ltd.
Ai Zhengqing
B21D 5/06
Loading...
The invention discloses a method for cold-bending dovetail groove in fireproofing accurate steel materials or other metal materials, the materials comprise right angle grooves of which the steel strip longitudinal roller is bent to be in cap shape, and the top part and the lateral part of the groove is bent backwards to arc shape until the bend angle achieves the requirements of the dovetail angle according to the product requirement, the arc part of the top part and the lateral part of the groove is pressed and planished ; the invention also discloses the equipment suitable for the method, as the bent section of the steel plate is located at the radial face of the roller, therefore, the bent point can be exerted with sufficient forming pressure with ease, the arc of the bent point is small, the equipment is simplified, and the production is stable and the forming speed is fast.
15. 201339074 用于制造具有透光孔的多晶硅太阳能电池的模具
CN
04.11.2009
C30B 29/06 Loading...
C30B 29/06
Loading...
200820205698.0
广东金刚玻璃科技股份有限公司
庄大建
C30B 29/06
Loading...
本实用新型公开一种用于制造具有透光孔的多晶硅太阳能电池的模具，包括一石英坩埚，石英坩埚中有阵列的石英条，石英坩埚上有石英盖，该石英盖上有阵列的通孔，每一石英条穿过该石英盖上相应的通孔，将多晶硅粉碎后放入石英坩埚中，插入石英条，盖上石英盖，调节石英条至接触石英坩埚底壁，加热熔融、冷却形成具有阵列通孔的硅锭，切割成为薄片，再进一步加工成具有透光孔的太阳能电池片，满足光伏－建筑一体化(BIPV)设计要求的透光率。
16. 201338000 一种太阳能光伏组件表面清洗装置
CN
04.11.2009
B08B 7/04 Loading...
B08B 7/04
Loading...
200820205516.X
广东金刚玻璃科技股份有限公司
庄大建
B08B 7/04
Loading...
本实用新型公开一种可完成高频度清洗工作的太阳能光伏组件表面清洗装置，包括清洗机构和运行机构，清洗机构包括一毛刷辊，该毛刷辊有转轴和固定于转轴上的刷毛，转轴中间连通水源的空腔，转轴上有出水孔，运行机构包括固定在太阳能光伏组件表面的导轨，导轨上有支架，所述毛刷辊装载在支架上，支架下部有与导轨配合的行走轮，电机通过减速机构连接所述毛刷辊和行走轮。该装置可随时根据太阳能光伏组件表面出现的灰尘污垢自动进行清洁工作，从而保证组件表面较高的透光率，提高发电效率。
17. 201340855 可清除冰雪的太阳能光伏组件
CN
04.11.2009
H01L 31/042 Loading...
H01L 31/042
Loading...
200820205517.4
广东金刚玻璃科技股份有限公司
庄大建
H01L 31/042
Loading...
本实用新型公开一种可清除冰雪的太阳能光伏组件，包括上层的透光玻璃层，中间的复合粘结层和下层的托板层，在复合粘结层中夹有太阳能电池片，在上下层之间还夹有电热元件，在太阳能光伏组件被冰雪覆盖后能够自动予以清除，尽快恢复太阳能电池的发电能力，提高太阳能光伏发电效率。
18. 101465388 Light-permeable amorphous silicon film solar cell module and method of manufacturing the same
CN
24.06.2009
H01L 31/075 Loading...
H01L 31/075
Loading...
200910036627.1
Guangdong Golden Glass Technologies Ltd.
Zhuang Dajian
H01L 31/075
Loading...
The invention discloses a light-permeable amorphous silicon film solar cell module and a manufacturing method thereof. The solar cell module comprises an insulated substrate; a first electrode layer, a p-i-n amorphous silicon film layer and a second electrode layer are arranged on one surface of the insulated substrate to form a film solar cell; a plurality of through holes used for light transmission are arranged on the insulated substrate; and the total area of the through holes takes up 5-30% of the area of the insulated substrate. As the through holes are formed on the insulated substrate, the first electrode layer, the p-i-n amorphous silicon film layer and the second electrode layer are deposited on the substrate to form the film solar cell. Compared with existing cell module, the invention does not use inefficient laser cutting technique to cut the light transmitting openings, thus improving the production efficiency and reducing the cost. The caliber, the shape and the arrangement mode of the light transmitting holes can be adjusted freely, thus satisfying the aesthetic requirements on the integration between curtain wall-like pv components and the buildings.
19. 101442085 Method for manufacturing translucent monocrystalline silicon solar battery
CN
27.05.2009
H01L 31/18 Loading...
H01L 31/18
Loading...
200810220602.2
Guangdong Golden Glass Technologies Ltd.
Zhuang Dajian
H01L 31/18
Loading...
The invention discloses a method for producing transmittance monocrystal silicon solar batteries used in building integrated photovoltaic. The method comprises: dividing a monocrystal silicon rod into fragments; cutting a transmittance hole, and corroding the wall of the transmittance hole; obtaining a heterojunction by diffusion; removing a diffusion layer around a wafer and the transmittance hole; removing phosphorosilicate glass; producing a reflection deducting coating; producing electrodes; and obtaining monocrystal silicon solar batteries with the transmittance hole. The monocrystal silicon solar batteries can produce two-glass photovoltaic-building components, can be connected but no transmittance gap, can realize transmittance through the transmittance hole, can make two-glass photovoltaic-building components look more beautiful and can be applied commercially on a large scale in the field of building integrated photovoltaic.
20. 101419998 Producing method for solar energy photovoltaic component used for photovoltaic-building integration
CN
29.04.2009
H01L 31/18 Loading...
H01L 31/18
Loading...
200810219464.6
Guangdong Golden Glass Technologies Ltd.
Zhuang Dajian
H01L 31/18
Loading...
The invention discloses a fabrication method of a building integrated photovoltaics solar photovoltaic module. The fabrication method comprises the following steps: folding and putting glass sheet-PVB film-solar cell-PVB film-glass sheet in a flexible air bag, depressuizing the gas bag, pressurizing the outside of the folded module after heating, and cooling slowly to obtain the solar photovoltaic module. In the fabrication method, air in the module is removed by vacuumizing the air bag, a fusion temperature is selected to cause the PVB film to have proper fluidity, the module is moderately pressed by virtue of atmospheric pressure and dead weight of the glass to prevent the solar cell from breakage and obtain higher yield, and an obtained product meets the requirements of the building safety glass specification and can be used in enclosures of a building including curtain walls, roofs, sunshades, doors, windows, guard fences and floors, thus realizing the building integrated photovoltaics.
21. 201089986 一种太阳能光伏玻璃幕墙组件
CN
23.07.2008
E04B 2/88 Loading...
E04B 2/88
Loading...
200720055764.6
广东金刚玻璃科技股份有限公司
郑鸿生
E04B 2/88
Loading...
本实用新型公开一种可以作为安全玻璃幕墙的光伏发电一体化玻璃幕墙组件，包括一光伏电池层和若干玻璃层，光伏电池层夹于其中两个玻璃层之间，还至少包括一个气体夹层和一个透明弹性体粘贴层，在其中任一玻璃层发生自爆时，其它玻璃层仍能起到支撑的作用不至于整个玻璃幕墙组件破碎坠落造成伤害，能够达到建筑安全玻璃要求，又能隔音、隔热、发电，不用占用额外空间，可利用建筑物本身输电线路上网或向本建筑物供电，不需要架设输电线路，适合应用于城市大厦、住宅小区、大型广场、会展中心等大型建筑。
22. 200986923 可拆卸太阳能复合中空玻璃组件
CN
05.12.2007
H01L 31/048 Loading...
H01L 31/048
Loading...
200620155222.1
广东金刚玻璃科技股份有限公司
庄大建
H01L 31/048
Loading...
本实用新型公开一种可方便地拆卸并更换个别电池片，而不破坏其它电池片的太阳能复合中空玻璃组件，包括上、下两个玻璃板，两玻璃板间由若干太阳能电池片组成太阳能电池串，所述两玻璃板周边由结构胶封接，中间形成封闭空腔，空腔中的玻璃板面上有粘贴柱子，太阳能电池片下部粘接粘贴柱子，太阳能电池片间由导线连接，大大降低了太阳能复合中空玻璃组件的维修费用和太阳能发电成本。
23. 2685454 具有防爆炸、防弹、防砸、防火功能的保安仓
CN
16.03.2005
E04H 1/12 Loading...
E04H 1/12
Loading...
200420048834.1
广东金刚玻璃科技股份有限公司
庄大建
E04H 1/12
Loading...
本实用新型涉及一种保安仓，特别是涉及保安人员站岗放哨用的岗亭，主要包括防弹钢板层2、防炸弹玻璃1，防弹钢板层位于保安仓的下部，防炸弹玻璃位于保安仓的上部，防弹钢板层上设有观察孔4、射击孔3，顶蓬装有报警灯5，上部装有探照灯15，一侧装有门，门上设有逃生孔8。该保安仓具有防爆炸冲击波、防弹、防砸、防火的功能。
24. 1559942 Method for mfg. high strength fireproof signle sheet cesium potash glass
CN
05.01.2005
C03C 17/00 Loading...
C03C 17/00
Loading...
200410005645.0
Jingang Glass Science & Technology Co., Ltd., Guangdong
Zhuang Dajian
C03C 17/00
Loading...
The invention relates to a making process and method of a single piece of Cs-K fireproof glass, implemented by simultaneously making physical and chemical toughening in a horizontal toughening furnace, where the chemical toughening is implemented by hot-spraying a salt solution with specific components. The made product has surface stress not less than 140 MPa and not greater than 180 MPa and advantageous fire-proofing function, and overcomes the defects of grout fireproof glass in bad weatherability, easy foaming under ultraviolet irradiation, low strength, and unability of being used to outer walls of buildings.
25. 2646348 防炸弹玻璃及系统
CN
06.10.2004
E06B 5/10 Loading...
E06B 5/10
Loading...
200320101129.9
广东金刚玻璃科技股份有限公司
庄大建
E06B 5/10
Loading...
本实用新型涉及安全防范领域的防爆炸领域。它是由两片高强度单片防火玻璃组成的夹层玻璃与金属框架通过弹簧或软性材料、垫块、密封胶连接而成。本实用新型的特点是强度高、透光率高、重量轻、便于施工安装，能同时防火和防炸弹冲击。
26. 2595908 单片防火玻璃支承装置
CN
31.12.2003
E04B 2/88 Loading...
E04B 2/88
Loading...
02289117.X
广东金刚玻璃科技股份有限公司
黄一兵
E04B 2/88
Loading...
一种单片防火玻璃支承装置，用于玻璃幕墙或室内隔断，由金属结构、连接件及填充体组成，连接件把防火玻璃固定在横梁和立柱上，填充体采用防火岩棉。本实用新型克服了玻璃幕墙防火能力差这一弱点，该支承装置具有防火隔烟性能好，加工、安装方便实用，支承强度高等优点，结合单片防火玻璃的使用，使玻璃幕墙真正具有防火功能。
27. 1445186 Alkali free ultrathin glass base for thin-film crystal liquid crystal display
CN
01.10.2003
G09F 9/00 Loading...
G09F 9/00
Loading...
02107611.1
Jingang Glass Science and Technology Co. Ltd., Guangdong
Zhuang Dajian
G09F 9/00
Loading...
An ultra-thin non-alkali glass substrate used for thin-film transistor LCD (TFT-LCD) belongs to SiAlB family. Its advantages are high strain and softening temp, low thermal expansibility, and high light visible transmission coefficient (up to 88%).
28. 2564693 一种中空玻璃的空气隔条
CN
06.08.2003
E06B 3/663 Loading...
E06B 3/663
Loading...
02254112.8
广东金刚玻璃科技股份有限公司
庄大建
E06B 3/663
Loading...
一种中空玻璃的空气隔条，是将一组铝合金空心条(8)，经聚氨基甲酸酯(9)结构粘接后，形成对称、中间无金属直接接触的隔断结构的空气隔条，与现有技术不同的是本实用新型采用内排气孔(7)，外排气孔(6)两道具有水蒸汽吸附功能的排气孔。与现有技术比较，本实用新型具有如下优点：1.具有良好的隔热性能。2.本实用新型是弹性体，故使用在中空玻璃上，安全性得到提高。
29. 1386713 High-strength low-radiation coated fireproof glass
CN
25.12.2002
C03B 27/00 Loading...
C03B 27/00
Loading...
02106344.3
Jingang Glass Science and Technology Co., Ltd, Guangdong
Zhuang Dajian
C03B 27/00
Loading...
A high-strength low-radiation coated fireproof glass is prepared through preparing high-strength fireproof Cs-K glass (ref. CN 00118950.6) and spraying low-radiation indium tin oxide (ITO) film on its surface. It can be used for external surface of building.
30. 1344857 Sandwich glass edge sealing method
CN
17.04.2002
E06B 3/66 Loading...
E06B 3/66
Loading...
01125174.3
Guangdong Jingang Glass Science &. Technology Co., Ltd.
Zhan Kai
E06B 3/66
Loading...
The present invention relates to glass manufacture and processing industry. Neutral sealing silicone glue, which is compatible with PVB and waterproof, is used to seal the edge of laminated glass. The said treatment can prevent moisture in air and water from entering to the PVB layer and prevent laminated glass from becoming unglued in the edge. Compared with prior art, the present invention has the advantage of long service life of laminated glass.
31. 1338443 Glass with clean surfaces
CN
06.03.2002
C03C 17/00 Loading...
C03C 17/00
Loading...
01125173.5
Jingang Glass Science and Technology Co Ltd, Guangdong
Zhan Kai
C03C 17/00
Loading...
A self-cleaning glass features that a transparent protecting film is chemically coated on its surfaces to form a very smooth microscopic surface, which can reduce the deposit of dust or impurities on its surface, easily be cleaned by rain, and protect the glass surface.
32. 1332302 Antiskid glass floor
CN
23.01.2002
E04F 15/08 Loading...
E04F 15/08
Loading...
01122988.8
Guangdong Jingang Glass Science &. Technology Co., Ltd.
Chen Yanyi
E04F 15/08
Loading...
The invention involves new type of skidproof glass floor and its manufacturing and processing. The manufacturing steps are as follows: A layer of transparent glass frit is printed on the surface of plate glass, then, is sprayed a layer of skidproof material, i.e. tiny glass beads with granularity of 80 mesh-100 mesh. By high temperature process in furnace making glass toughened, the tiny glass beads are hard areagglomerated on the surface. Since granularity of tiny glass beads cause harsh feeling, skidproof effect of glass surface is obtained. The invention has advantages of security, with elegant appearance, of slip resistance, transparency.
33. 1280106 Glass hand washing basin
CN
17.01.2001
E03C 1/04 Loading...
E03C 1/04
Loading...
00117843.1
Jingang Glass Facade Co., Ltd., Shantou Ecomonic Special Zone
Zhuang Dajian
E03C 1/04
Loading...
A hand washing basin made of float process glass in manufactured through the process of die manufacture; cutting of glass, edge grinding and hole crilling in glass; hot-bending at 690-700 deg.c; drilling of overflow hole; sand blasting; ans spraying gloss paint. It is transparent, integral, light and easy to install.

