1. 206026323 一种防漏气的穿戴臂式血压计
CN
22.03.2017
A61B 5/022 Loading...
A61B 5/022
Loading...
201620676475.7
广东宝莱特医用科技股份有限公司
李运发
A61B 5/022
Loading...
本实用新型公开了一种防漏气的穿戴臂式血压计，包括外壳和固定在外壳外的袖带，所述袖带上设置一气嘴，所述外壳上设置有多位接头，所述多位接头包括与袖带的气嘴相连接的第一接头，用于连接压力传感器的第二接头，以及用于连接充气泵的第三接头。本实用新型采用带有单一气嘴及多位接头的结构，避免了传统血压计位于主机两侧的两个气嘴之间易漏气的风险，简化了结构，降低生产成本的同时，也提高了测量的准确度。
2. 206026324 一种具有调节血压功能的动态血压测量装置
CN
22.03.2017
A61B 5/0225 Loading...
A61B 5/0225
Loading...
201620680607.3
广东宝莱特医用科技股份有限公司
刘帅
A61B 5/0225
Loading...
本实用新型公开一种具有调节血压功能的动态血压测量装置，包括电子血压计，所述电子血压计包括控制单元、蓝牙通信组件、压力传感器、气袖、充气泵和泄气阀，所述控制单元分别与所述蓝牙通信组件、压力传感器、充气泵和泄气阀电性连接，所述电子血压计通过蓝牙通信组件连接有移动终端，所述移动终端内设置有用于实时显示使用者血压测量结果的实时显示模块、用于观察血压测量过程的血压变化趋势和追踪使用者血压长期趋势的趋势回顾模块和用于引导使用者进行血压调节训练的训练反馈模块。一种具有调节血压功能的动态血压测量装置，在实现基本测量功能基础上还能实现血压的动态连续测量，并能够根据测量结果引导使用者进行血压调节训练。
3. 103869722 一种硬开关机系统
CN
04.01.2017
G05B 19/04 Loading...
G05B 19/04
Loading...
102014000139119
广东宝莱特医用科技股份有限公司
关晓丽
G05B 19/04
Loading...
本发明公开一种硬开关机系统，包括电源以及过流保护电路、开关机按键、硬件开机电路、软件关机电路、硬件强制关机电路、硬件强制关机时间调节电路和按键检测电路。与现有技术相比，本发明提供的硬开关机系统，硬件关机时间可控，关机状态可检测，待机几乎零功耗的简单，安全可靠。
4. 106178157 一种血液透析治疗过程中血液探测和气泡检测的方法
CN
07.12.2016
A61M 1/16 Loading...
A61M 1/16
Loading...
102016000503590
广东宝莱特医用科技股份有限公司
阮彬鑫
A61M 1/16
Loading...
本发明公开了一种血液透析治疗过程中血液探测和气泡检测的方法，通过比较预先设定的自检阈值和装置的输出电压值进行自检，计算出血液和生理盐水混合浓度的线性关系、装管偏离允许的最大误差阈值、引血完成阈值和回血完成阀值，并得到气泡检测阈值，在治疗的过程中如果管路中存在气泡，不同直径气泡将在不同程度上缩小了对光线的衰减作用，输出电压值强度大于气泡检测阈值则判断检测到气泡并输出报警，实现精确自动引血和回血。一种血液透析治疗过程中血液探测和气泡检测的方法，简化了设备和操作，可以自检好坏，并提高了生产装配误差和操作误差的冗余度，能够智能调节阀值，具有设备简单、操作方便、能够精确地探测血液和气泡等优点。
5. 105958441 一种保护电路及心电图机
CN
21.09.2016
H02H 5/04 Loading...
H02H 5/04
Loading...
201610398607.9
广东宝莱特医用科技股份有限公司
张赖
H02H 5/04
Loading...
本申请公开了一种保护电路，其中，模拟输入电路采集打印组件热敏电阻的电阻值并转换为电压模拟值；滞回保护电路中的比较模块将电压模拟值与保护模块输出的电压值进行比较，如果电压值大于电压模拟值，则输出高电平到数字输出电路中，主控制器接收数字输出电路根据高电平输出的过热信号时，控制打印组件的热敏打印机停止工作。由于保护模块在打印组件处于过热状态时会输出第一电压，在解除过热状态时输出第二电压，而第一电压值远小于第二电压值，因此，本发明可以在打印组件高于某温度点时关断热敏头打印机，并在远低于该温度点后再执行工作，使热敏头打印机有了足够自我恢复时间，使得打印组件不易损坏，延长了打印组件的使用寿命。
6. 205426344 一种非接触式温度探测装置
CN
03.08.2016
G01J 5/10 Loading...
G01J 5/10
Loading...
202016000128112
广东宝莱特医用科技股份有限公司
胡进
G01J 5/10
Loading...
本申请公开了一种非接触式温度探测装置，所述探测装置包括：红外温度传感装置、第一标识发送装置、第二标识发送装置、处理装置、第一按键及封装外壳；所述探测装置在探测待测物体表面温度的同时，向所述待测物体表面发送温度标识和第二标识，使用者可以通过所述温度标识中心与第二标识中心之间的距离来确定所述探测装置与待测物体之间的距离是否符合准确测量要求；并且所述温度标识和第二标识覆盖区域既为当前测量温度的范围，可以帮助使用者明确测量温度范围。
7. 105808446 一种数据管理方法及装置
CN
27.07.2016
G06F 12/02 Loading...
G06F 12/02
Loading...
201610131603.4
广东宝莱特医用科技股份有限公司
房军杰
G06F 12/02
Loading...
本申请实施例提供一种数据管理方法及装置，应用于预先设置数据管理区域和数据存储区域的FLASH，通过利用确定的与数据管理请求对应的数据管理操作在数据存储区域的操作起始位置执行数据管理操作；当操作停止后生成数据管理信息；以及，当数据管理区域的存储状态为非存满状态时，在数据管理区域中存储数据管理信息；以及，当数据管理区域的存储状态为存满状态时，清空数据管理区域的方式，既实现了数据管理区域对数据存储区域的管理减少了数据存储区域的擦除次数，也实现了对数据管理区域对自身的管理减少了数据管理区域的擦除次数，进而减少了现有技术因利用FLASH存储非易失性数据，而导致的FLASH存储寿命短的问题。
8. 105763173 一种电脉冲发生装置
CN
13.07.2016
H03K 3/64 Loading...
H03K 3/64
Loading...
201610091912.3
广东宝莱特医用科技股份有限公司
胡进
H03K 3/64
Loading...
本申请公开了一种电脉冲发生装置，所述发生装置包括：电池、升压电路、处理器、电脉冲产生器、第一电极和第二电极；所述发生装置利用电池输出第一驱动电压，经过所述升压电路升压后为所述电脉冲发生器提供第二驱动电压，所述电脉冲产生器接收到所述第二驱动电压和所述处理器发送的第二信号、第三信号后，向所述第一电极和第二电极输出周期性电脉冲序列；从上述流程可以看出，所述发生装置利用所述升压电路对所述电池输出的第一驱动电压进行升压处理得到第二驱动电压，以驱动所述电脉冲产生器正常工作，而不需要连接市电为所述电脉冲产生器供电，使患者可以随时随地接收电脉冲镇痛治疗。
9. 105743476 一种开关机电路
CN
06.07.2016
H03K 17/687 Loading...
H03K 17/687
Loading...
201610053348.6
广东宝莱特医用科技股份有限公司
房军杰
H03K 17/687
Loading...
本申请提供了一种开关机电路，应用于便携式医疗设备，包括：锂电池电源、金属?氧化物半导体场效应晶体管MOSFET控制电路、线性稳压器、嵌入式微控制器、电阻器、复位芯片电路、缓冲电路、轻触开关和隔离电路。在本申请中，可以由嵌入式微控制器控制关机或由复位芯片电路控制关机，在嵌入式微控制器出现宕机等异常情况时，仍能通过复位芯片电路实现设备的关机，提高了开关机电路的可靠性。
10. 105675147 一种非接触式温度探测装置及探测方法
CN
15.06.2016
G01J 5/10 Loading...
G01J 5/10
Loading...
201610090968.7
广东宝莱特医用科技股份有限公司
胡进
G01J 5/10
Loading...
本申请公开了一种非接触式温度探测装置及探测方法，其中，所述探测装置包括：红外温度传感装置、第一标识发送装置、第二标识发送装置、处理装置、第一按键及封装外壳；所述探测装置在探测待测物体表面温度的同时，向所述待测物体表面发送温度标识和第二标识，使用者可以通过所述温度标识中心与第二标识中心之间的距离来确定所述探测装置与待测物体之间的距离是否符合准确测量要求；并且所述温度标识和第二标识覆盖区域既为当前测量温度的范围，可以帮助使用者明确测量温度范围。
11. 205306973 一种可穿戴电子血压计
CN
15.06.2016
A61B 5/0225 Loading...
A61B 5/0225
Loading...
201620083322.1
广东宝莱特医用科技股份有限公司
房军杰
A61B 5/0225
Loading...
本实用新型提供了一种可穿戴电子血压计，包括：主控制器、液晶显示器LCD显示模块、开关机按键、用户切换按键、历史数据查看及设置按键、血压模块、电源模块、第一电源控制模块、第二电源控制模块、电源接口和线性稳压器；主控制器分别与LCD显示模块、开关机按键、用户切换按键、历史数据查看及设置按键、血压模块、电源模块、第一电源控制模块和第二电源控制模块相连；电源接口与电源模块相连，线性稳压器与电源模块相连；第一电源控制模块分别与LCD显示模块和线性稳压器相连；第二电源控制模块分别与血压模块和所述线性稳压器相连。本实用新型提供的可穿戴电子血压计对于老年人来说，操作简单，便利性好。
12. 205084089 一种用于透析液过滤器的支撑装置
CN
16.03.2016
A61M 1/14 Loading...
A61M 1/14
Loading...
201520789779.X
广东宝莱特医用科技股份有限公司
杨仁海
A61M 1/14
Loading...
本实用新型公开一种用于透析液过滤器的支撑装置，包括安装支架；设置在安装支架上端的第一滑动块，第一滑动块上设有用于与透析液过滤器的上端接口配合的第一接头和与该第一接头连通的第一通道；设置在安装支架下端的第二滑动块，第二滑动块上设有用于与透析液过滤器的下端接口配合的第二接头和与该第二接头连通的第二通道；固定在安装支架中部的连接块，连接块上设有用于与透析液过滤器的侧面接口插装配合的插装孔和与所述插装孔连通的第三通道；第一滑动块和第二滑动块用于夹紧透析液过滤器，并使第一接头与上端接口连接、使第二接头与下端接口连接。该支撑装置能够使透析液过滤器快速接入血液透析装置配液系统中，操作简便，方便用户使用。
13. 105342579 一种体温测量方法和装置
CN
24.02.2016
A61B 5/01 Loading...
A61B 5/01
Loading...
201510874794.9
广东宝莱特医用科技股份有限公司
闫宇
A61B 5/01
Loading...
本申请公开了一种体温测量方法和装置。该方法将温度探头检测到的实际升温曲线视为第一理想升温曲线和第二理想升温曲线拟合而成的结果。通过实际升温曲线上四个等时间间隔点以及各个等时间间隔点对应的实际温度，计算各个等时间间隔点在第一理想升温曲线上对应的第一理想温度，以及在第二理想升温曲线上对应的第二理想温度。进而，基于第一理想升温曲线或第二理想升温曲线对人体温度进行预测，得到人体温度。与现有技术相比，本发明采用理想升温曲线对人体温度进行预测，满足牛顿热传导公式的要求，提高了预测准确度。
14. 105286812 一种体温测量方法和装置
CN
03.02.2016
A61B 5/01 Loading...
A61B 5/01
Loading...
201510874816.1
广东宝莱特医用科技股份有限公司
陈培鑫
A61B 5/01
Loading...
本申请公开了一种体温测量方法和装置。由于在温度上升前期，温度上升较快，在此过程中，对温度上升作用比较大的是设备本身对探头的影响，而在温度上升后期，设备对探头的影响逐渐变小，人体温度本身对探头的影响逐渐增大。因而本发明通过根据预设公式计算不同温度上升时期对影响温度上升的影响参数，进而根据不同温度上升时期对应的影响参数分别预测各自对应的稳定温度，进一步计算最终稳定温度。本发明考虑到了不同温度上升时期影响温度的参数不同，因而其预测结果的误差较小。
15. 204133438 一种体温计及其探头
CN
04.02.2015
A61B 5/01 Loading...
A61B 5/01
Loading...
201420479074.3
广东宝莱特医用科技股份有限公司
郑加新
A61B 5/01
Loading...
本实用新型公开了一种体温计探头，包括壳体、环氧树脂和温度测量芯片，所述壳体具有凹槽，所述凹槽中内置有所述温度测量芯片，所述温度测量芯片通过所述环氧树脂固定在所述凹槽的底部。将壳体的内部的平面为与温度测量芯片的配合面使用，减少接触散热的面积，从而提高了升温速率。本实用新型还公开了一种包括上述体温计探头的体温计。
16. 203988005 一种可自动开关机的体温测量装置
CN
10.12.2014
A61B 5/01 Loading...
A61B 5/01
Loading...
201420366996.3
广东宝莱特医用科技股份有限公司
张赖
A61B 5/01
Loading...
本实用新型公开了一种可自动开关机的体温测量装置，包括体温计和体温计包装盒，所述体温计包括壳体、设置于所述壳体内的电源和用于控制所述电源输出电能通断的常闭式干簧开关；所述体温计包装盒设有磁铁装置，以通过磁感应控制所述常闭式干簧开关断开。如此设置，本实用新型提供的可自动开关机的体温测量装置，其不需要采用机械式开关，避免了手动开关的繁琐、能够延长其电源的使用寿命以及避免了因胳膊按压而产生误操作的问题。
17. 203965830 一种硬开关机系统
CN
26.11.2014
G05B 19/04 Loading...
G05B 19/04
Loading...
201420167861.4
广东宝莱特医用科技股份有限公司
关晓丽
G05B 19/04
Loading...
本实用新型公开一种硬开关机系统，包括电源以及过流保护电路、开关机按键、硬件开机电路、软件关机电路、硬件强制关机电路、硬件强制关机时间调节电路和按键检测电路。与现有技术相比，本实用新型提供的硬开关机系统，硬件关机时间可控，关机状态可检测，待机几乎零功耗的简单，安全可靠。
18. 203953624 一种具有夜间工作模式的监护仪
CN
26.11.2014
A61B 5/00 Loading...
A61B 5/00
Loading...
201420314392.4
广东宝莱特医用科技股份有限公司
张道国
A61B 5/00
Loading...
本实用新型公开了一种具有夜间工作模式的监护仪，包括：监护仪控制器；与所述监护仪控制器通信连接，并将感应到的外界光线强度信号传输给所述监护仪控制器的感光元件；与所述监护仪控制器通信连接的显示器。本实用新型中的感光元件能够感应外界光线强度信号，并将该外界光线强度信号传输给监护仪控制器，监护器控制根据接收到的外界光线强度信号来调节显示器的显示亮度和显示格式，从而利于医护人员和病人阅读显示器上的参数。
19. 104146690 一种温度探头与生命体接触良好的检测方法、装置及系统
CN
19.11.2014
A61B 5/01 Loading...
A61B 5/01
Loading...
201410419494.7
广东宝莱特医用科技股份有限公司
张赖
A61B 5/01
Loading...
本发明提供了一种温度探头与生命体接触良好的检测方法、装置及系统，本发明同时检测两个温度探头的温度，其中第一温度探头测量生命体的温度，第二温度探头测量外界环境的温度，当第一温度探头与生命体接触良好，测量得到的温度应该与环境温度不一致，或相邻时刻的温度变化不一致。所以本发明检测同一时刻两个温度探头的温度是否不一致，或检测相邻两个时刻的温度变化是否不一致，当两个条件满足其中一个，则表示第一温度探头与生命体接触良好，通过本发明能够持续检测穿戴式体温计是否与生命体接触良好，本发明发简单方便，具有实际可操作性。
20. 104127172 一种温度测量装置及系统、智能终端
CN
05.11.2014
A61B 5/01 Loading...
A61B 5/01
Loading...
201410419452.3
广东宝莱特医用科技股份有限公司
张赖
A61B 5/01
Loading...
本发明提供了一种温度测量装置及系统、智能终端，本发明中具有温度传感器和温度探头两个测量温度的工具，其中温度传感器能够长时间贴合生命体，所以能够长时间对生命体的温度进行监测，温度探头为可插拔式的探头，当需要对生命体进行一次性测量时，则向插座内插入温度探头，通过温度探头对生命体进行一次性的短时间的温度监测，当测量完成后，则可以拔下温度探头。并且，本发明中不论是温度传感器得到的第一温度还是温度探头得到的第二温度，都能够通过无线网络发送至智能终端，无需人工进行记录，提高了工作效率且保证温度数据的准确度。
21. 203929578 一种离子浓度自动控制检测的系统
CN
05.11.2014
G01N 15/06 Loading...
G01N 15/06
Loading...
201420078892.2
广东宝莱特医用科技股份有限公司
陈君
G01N 15/06
Loading...
本实用新型公开了一种离子浓度自动控制检测的系统，包括用于设定溶液总流量和各种离子溶液的离子浓度的预设仪表，用于控制步进电机的转速的控制器，用于检测溶液的离子浓度的离子浓度检测仪。控制器包括接收模块、数据处理模块和转速控制模块，接收模块用于接收设定参数和检测的各离子的浓度参数；数据处理模块用于根据设定参数计算不同离子溶液的流量，并根据不同离子溶液的流量计算步进电机的转速，还用于对比所检测的各离子的浓度参数与设定参数的差异，并根据差异计算步进电机的转速；转速控制模块用于根据所计算出的步进电机的转速控制步进电机转动。本实用新型实现简单，提高配比效率及精确度，避免人工错误。
22. 203898283 一种监护仪
CN
29.10.2014
A61B 5/01 Loading...
A61B 5/01
Loading...
201420317461.7
广东宝莱特医用科技股份有限公司
管芳利
A61B 5/01
Loading...
本实用新型公开了一种监护仪，包括：生理监护器；能够与所述生理监护器通信连接的第一种体温探头；能够与所述生理监护器通信连接的第二种体温探头；与所述生理监护器通信连接的比较器；能够用于检测所述第一种体温探头的电压，且能够用于检测所述第二种体温探头的电压，并将检测到的电压传输给所述比较器的测压电路。本实用新型中的监护仪既能够与第一种体温探头相匹配，又能够与第二种体温探头相匹配，从而降低监护仪的生产成本，提高监护仪的使用性能。
23. 203810737 一种新型可检测损坏的双重保护加热管
CN
03.09.2014
F24H 9/20 Loading...
F24H 9/20
Loading...
201420077857.9
广东宝莱特医用科技股份有限公司
陈君
F24H 9/20
Loading...
本实用新型公开了一种新型可检测损坏的双重保护加热管，所述加热管包括管座及与所述管座固定连接的外层套管，所述外层套管其前端固定有堵塞块，其内套接有内层套管，其中所述内层套管内设置有加热丝，其管壁还固定有预埋热电偶器。本实用新型的双重保护加热管，其采用双重套管的方式，可以起到双重保护的作用，并且其内设置有可用于信号检测功能的预埋热电偶器，可以有效防止加热管的外壁意外破裂，有效提高本产品的安全性能，同时对关键的故障现象可以及时获取，最大程度防止意外的发生，保证使用安全。
24. 203792918 一种打印机
CN
27.08.2014
B41J 11/04 Loading...
B41J 11/04
Loading...
201420159573.4
广东宝莱特医用科技股份有限公司
郑加新
B41J 11/04
Loading...
本实用新型公开了一种打印机，记录仪支架包括支架主体以及设置在支架主体上的记录仪钢轴，记录仪热敏板组件以及记录仪挂钩板均串在记录仪钢轴上，记录仪热敏板组件上背对压辊的一侧与记录仪支架之间设置有第一弹性复位装置，记录仪底座上远离记录仪支架的一侧设置有记录仪挂钩固定板，记录仪挂钩板与记录仪挂钩固定板通过第二弹性复位装置连接，压辊的两端设置在记录仪挂钩板与记录仪支架围成的卡槽内，压辊的一端设置有压辊齿轮，压辊齿轮与设置在记录仪底座上的记录仪齿轮啮合，保证了压辊在记录仪挂钩板上的固定位置，两者结合既不会相互影响，又能起到满足打印清晰条件的双重的效果。
25. 203797550 一种报警灯以及电气设备
CN
27.08.2014
F21S 10/06 Loading...
F21S 10/06
Loading...
201420159617.3
广东宝莱特医用科技股份有限公司
刘超渊
F21S 10/06
Loading...
本实用新型公开了一种报警灯，包括内部设置有报警灯电路板的前壳、扣合在前壳外部的灯罩以及设置在前壳与灯罩之间的至少两个用于容纳报警灯电路板上相应的报警灯电子元件的导光柱，其中，灯罩内与至少两个导光柱的间隙相对应的位置上设置有隔离片，通过在灯罩内对应导光柱的间隙的位置上设置隔离片，能够阻挡报警闪光向其他报警闪光区域的漫反射，所以不会在灯罩上出现各报警闪光区域相互串光的现象，解决了报警灯光辐射的问题，达到了使报警灯全方位可见的要求，且隔离片位于灯罩的内部，不影响报警灯的外观，同时，隔离片结构简单，便于制作，成本低廉。本实用新型还公开了一种电气设备。
26. 203773537 一种数据实时传输的总线控制系统
CN
13.08.2014
G06F 13/10 Loading...
G06F 13/10
Loading...
201420079220.3
广东宝莱特医用科技股份有限公司
陈君
G06F 13/10
Loading...
本实用新型公开了一种数据实时传输的总线控制系统，包括主控芯片、复杂可编程逻辑器件CPLD-A和复杂可编程逻辑器件CPLD-B，主控芯片通过地址线、数据线、读信号线和写信号线分别与CPLD-A和CPLD-B通信连接，所述主控芯片包含有译码器，且所述主控芯片分别通过译码器单独连接CPLD-A和CPLD-B，所述主控芯片用于通过译码器选通CPLD-A或CPLD-B，并控制地址线、数据线、读信号线和写信号线通过选通的CPLD-A或CPLD-B与外部设备进行通信。本实用新型提高了血液透析机对实时性的要求，使各种参数的控制更加精确，有利于提高相应的治疗效果。
27. 203763556 一种具有双重监控功能的系统
CN
13.08.2014
A61M 1/14 Loading...
A61M 1/14
Loading...
201420079217.1
广东宝莱特医用科技股份有限公司
陈君
A61M 1/14
Loading...
本实用新型公开了一种具有双重监控功能的系统，包括采集模块、主机、监控模块、报警模块、计时模块和通信检测模块，主机包括接收器、发送器和对比器，监控模块包括采集单元、收送单元和对比单元，采集模块和采集单元均可采集透析液的电导、温度和气泡参数，对比器和对比单元在对比两组参数异常时，均可报警，实现主机与监控模块的双重监控，保证在主机与监控模块任一出现故障时，均可报警。计时模块每隔固定时间启动主机与监控模块通信，通信检测模块检测二者连续通信故障的次数，以保证在二者均发生故障时，使透析设备安全运行。本实用新型在主机与监控模块任一或都有故障时，均可保障透析设备的安全性，降低了事故率，提高了安全保障。
28. 203772893 一种新型可快速检测液体流向的传感器
CN
13.08.2014
G01P 13/02 Loading...
G01P 13/02
Loading...
201420077981.5
广东宝莱特医用科技股份有限公司
陈君
G01P 13/02
Loading...
本实用新型公开了一种新型可快速检测液体流向的传感器，所述传感器包括检测装置及传感装置，其中所述检测装置包括腔体及设置于其内的活动浮子，所述腔体其上、下两端分别设置为出液口、进液口，所述活动浮子悬置于进液口上，其前端呈锥形，对应的所述进液口上端设置有锥面，所述传感装置位于腔体外。本装置可以比较方便的实现对脉动液体的流向监控，并且可以做到对单个脉动液体的容积进行监控，同时可实现液体的单向流动控制。
29. 203693578 一种模块灵活组装仪器
CN
09.07.2014
A61B 5/021 Loading...
A61B 5/021
Loading...
201320884395.7
广东宝莱特医用科技股份有限公司
刘超渊
A61B 5/021
Loading...
本实用新型公开一种模块灵活组装仪器，包括上模块支架、下模块支架和接插件面板，其中，所述上模块支架和所述下模块支架通过对接螺柱和对插卡柱连接，所述接插件面板设置在所述上模块支架和所述下模块支架之间；还包括第一测量模块和转接板，所述第一测量模块安装在所述上模块支架的第一螺柱上，所述转接板安装在所述下模块支架的第二螺柱上。与现有技术相比，本实用新型提供的模块灵活组装仪器，采用模块化的灵活安装方式，可以实现在同一台机器内部实现模块的替换装配。
30. 103862882 Self-adaptive paper sheet printing method and system of thermal printer
CN
18.06.2014
B41J 2/32 Loading...
B41J 2/32
Loading...
201410062310.6
广东宝莱特医用科技股份有限公司
熊伟
B41J 2/32
Loading...
The invention discloses a self-adaptive paper sheet printing method and a self-adaptive paper sheet printing system of a thermal printer. The method comprises the steps of establishing a two-dimensional array with a BYTE type according to the size of a paper sheet; converting to-be-printed curve points into point values to be written into the two-dimensional array, wherein the point values indicate the positions of the curve points in the paper sheet; drawing a curve according to the point values in the two-dimensional array till the curve coincides with a coordinate on the paper sheet; printing. The system comprises a memory module, a storage module, a drawing module and a printing module. Different paper sheets are mapped into the memory array, and the curve is drawn in the memory, so that low efficiency caused by manual adjustment during printing of different paper sheets is avoided, the printing accuracy is improved, and the printing cost is reduced.
31. 103823495 Flowing-liquid temperature control method capable of automatically correcting dissipation factor
CN
28.05.2014
G05D 23/30 Loading...
G05D 23/30
Loading...
201410062640.5
广东宝莱特医用科技股份有限公司
陈君
G05D 23/30
Loading...
The invention discloses a flowing-liquid temperature control method capable of automatically correcting the dissipation factor. According to the flowing-liquid temperature control method, the temperature and the tolerant dissipation factor of target liquid are set, so that the temperature value which the temperature of initial liquid needs to reach through heating is worked out; next, according to the actual temperature of the final target liquid, the correction factor of the dissipation factor is worked out; a new temperature value which the temperature of the initial liquid needs to reach through heating is worked out according to the correction factor, heating is conducted again, and then the target liquid meeting the demand for the temperature can be obtained finally. By the adoption of the flowing-liquid temperature control method, the dissipation factor can be automatically corrected; the flowing-liquid temperature control method can be adapted to the influence of different environment changes on the temperature; the temperature of dialyzate is kept stable all the time, and therefore the treatment effect on a patient is further improved.
32. 103678928 Method, device and system for sharing medical information
CN
26.03.2014
G06F 19/00 Loading...
G06F 19/00
Loading...
201310715060.7
GUANGDONG BIOLIGHT MEDITECH CO., LTD.
TANG WENPU
G06F 19/00
Loading...
The embodiment of the invention provides a method, device and system for sharing medical information. The method includes the steps that medical data collected by a local system are converted into a standard format meeting a preset rule, then, the medical data in the standard format are analyzed according to data formats supported by various third-party medical systems, the formats are analyzed to be capable of being recognized by the various third-party medical systems, and corresponding dynamic link interfaces are set for the various analyzed medical data. Thus, the various third-party medical systems can share medical information with the local system just by calling the corresponding dynamic link interfaces, and tedious debugging and analysis are not needed.
33. 202711900 一种电磁铁和电磁阀的控制电路
CN
30.01.2013
H01F 7/18 Loading...
H01F 7/18
Loading...
201220285469.0
广东宝莱特医用科技股份有限公司
陈君
H01F 7/18
Loading...
本实用新型公开了一种电磁铁和电磁阀的控制电路，旨在提供一种使电磁铁或电磁阀在启动和维持两种工况下分别输出不同的功率，做到节能环保、延长电磁铁和电磁阀的使用寿命。本实用新型包括3.3V、12V、24V直流电源和控制电路，所述控制电路包括多个晶体管和电阻、电容，所述多个晶体管和电阻、电容间对应适配连接，通过控制信号FCON电平的变化操控相关晶体管的开启与关断，使电磁铁和电磁阀在开启和保持不同工况下得到不同的电压和功率，从而达到既满足电磁铁和电磁阀的正常工作，又节省电能，减少发热，同时起到了节能环保、延长电磁铁和电磁阀使用寿命的作用。本实用新型可广泛应用于电磁铁和电磁阀的控制领域。
34. 202642888 一种记录仪纸仓紧固结构
CN
02.01.2013
B65H 1/00 Loading...
B65H 1/00
Loading...
201220236469.1
广东宝莱特医用科技股份有限公司
刘超渊
B65H 1/00
Loading...
本实用新型公开了一种记录仪纸仓紧固结构，包括记录仪壳体以及插装在记录仪壳体内的纸仓，所述纸仓的前端设有纸仓活动结构，所述纸仓活动结构包括用于抽拉纸仓的扳手以及可插入记录仪壳体以紧固纸仓的卡条；所述记录仪壳体内设有弹性片，所述弹性片一端安装在记录仪壳体上，其另一端抵顶在纸仓的后端，当卡条从记录仪壳体上脱离后，弹性片靠其弹性力将纸仓从记录仪壳体内弹出，以方便操作者抽出纸仓；所述纸仓两侧壁上设有滑块，记录仪壳体上设有用于滑动安装滑块的导向轨，导向轨起到定位以及限制纸仓运动的作用，保证了记录仪的打印质量，防止打印纸输出时发生偏移。
35. 202649313 带电极腐蚀检测的电导传感装置
CN
02.01.2013
G01R 27/22 Loading...
G01R 27/22
Loading...
201220236476.1
广东宝莱特医用科技股份有限公司
陈君
G01R 27/22
Loading...
本实用新型公开了带电极腐蚀检测的电导传感装置，包括设置有贯通通道的管体以及用于信号处理的处理器单元，所述贯通通道包括第一通道段和第二通道段，所述第二通道段的内径小于第一通道段的内径，第一通道段和第二通道段内分别设置有至少两个环状电极，环状电极包围于贯通通道的外侧并可与流经贯通通道的液体直接接触，环状电极的输出端与处理器单元连接。本实用新型可以准确地检测出电极的腐蚀状态，其数据处理简单，可以免去复杂的分析处理过程，由于其能够有效地判断电极的腐蚀状态，因此其可以基本保证电导率测量的准确度，特别是在透析液的电导率测量中，其可以避免因腐蚀而造成的电导率不准确而对透析者产生的负面影响，甚至生命安全。
36. 202648160 防干烧水箱
CN
02.01.2013
F24H 9/18 Loading...
F24H 9/18
Loading...
201220236455.X
广东宝莱特医用科技股份有限公司
杨仁海
F24H 9/18
Loading...
本实用新型公开了防干烧水箱，包括由外壳围成的箱体，外壳上设置有进水口和出水口，箱体内设置有固定安装于外壳上的电热单元，电热单元的表面连接有导热棒，导热棒延伸到外壳外，导热棒上安装有温控开关，温控开关串接于电热单元的供电回路上。本实用新型的温控开关能够根据不同的温度准确地判断出水箱是否为干烧情况下工作，当温度过高时其会自动切断电热单元，起到保护作用，比起其他非接触式的保护结构动作更准确，响应更加迅速，能够有效地保证使用的安全。
37. 202620333 一种透析液配制除气装置
CN
26.12.2012
A61M 1/14 Loading...
A61M 1/14
Loading...
201220193982.7
广东宝莱特医用科技股份有限公司
杨仁海
A61M 1/14
Loading...
本实用新型公开一种透析液配制除气装置，包括除气腔体、阻流除气机构、液位开关和除气泵，所述除气腔体设置有进液管和出液管，所述液位开关设置在所述除气腔体内，所述阻流除气机构包括除气管和球体，所述除气管竖直设置，所述球体设置在所述除气管内，所述除气腔体和所述阻流除气机构的除气管的进口连通，所述除气泵与所述阻流除气机构的除气管的出口连通。与现有技术相比，本实用新型提供的透析液配制除气装置，除气快速、有效，既可以保证透析治疗的安全和脱水精度，又不会脱掉多余的水分液体。
38. 202620332 一种带有检测功能的平衡腔
CN
26.12.2012
A61M 1/14 Loading...
A61M 1/14
Loading...
201220193105.X
广东宝莱特医用科技股份有限公司
陈君
A61M 1/14
Loading...
本实用新型公开一种带有检测功能的平衡腔，包括平衡腔主体，所述平衡腔主体内部设置有由弹性膜片隔成的两个腔室，每个腔室都设置有进水口和出水口，所述弹性膜片内嵌有磁性片，所述平衡腔主体的两侧分别设置有磁力感应机构，所述弹性膜片和所述腔室的腔室壁贴合时，所述磁性片和所述磁力感应机构能够形成感应关系。与现有技术相比，本实用新型提供的带有检测功能的平衡腔，能够检测平衡腔的每腔容量是否达标，从而保证进出透析器的透析液器和废液量保持平衡，保障患者在透析治疗过程中的安全。
39. 202612334 一种接头
CN
19.12.2012
F16B 37/00 Loading...
F16B 37/00
Loading...
201220260591.2
广东宝莱特医用科技股份有限公司
杨仁海
F16B 37/00
Loading...
本实用新型公开了一种接头,旨在提供一种结构简单、具有自锁功能及可以自动检查接头体是否完全复位的接头。本实用新型包括座体（1）和接头体（2），所述座体（1）设置与所述接头体（2）外形相配合的内腔，所述内腔内设置有柱体（3），所述内腔设置有螺纹，所述接头体（2）设置有与所述内腔螺纹相配合的螺纹，所述座体（1）端部设置有霍尔元件（4），所述接头体（2）的外侧设置有磁性体（5）。本实用新型可应用于自动化领域。
40. 202605834 一种过滤器
CN
19.12.2012
B01D 29/31 Loading...
B01D 29/31
Loading...
201220218445.3
广东宝莱特医用科技股份有限公司
周建辉
B01D 29/31
Loading...
本实用新型公开了一种过滤器,旨在提供一种结构简单、可拆卸清洗的过滤器。本实用新型包括压盖接头（1）和套筒（2），所述压盖接头（1）和所述套筒（2）密封连接，所述套筒（2）外壁的上端设置有卡扣，所述压盖接头（1）在端部设置有与所述卡扣相配合的缺口（4），所述压盖接头（1）和所述套筒（2）均设置成中空，在所述压盖接头（1）和所述套筒（2）之间设置有过滤网（5），所述过滤网（5）设置在所述套筒（2）内部。本实用新型可应用于医疗器械领域。
41. 202605392 一种肝素泵
CN
19.12.2012
A61M 1/14 Loading...
A61M 1/14
Loading...
201220218443.4
广东宝莱特医用科技股份有限公司
陈君
A61M 1/14
Loading...
本实用新型公开了一种肝素泵,旨在提供一种可以精准检测注射量的肝素泵。本实用新型包括底座（1）、支架（2）和控制器，所述肝素泵还包括设置在所述支架（1）一侧的电动机（3）、设置在所述电动机（3）转动轴上的丝杆（4）、注射器（5）和与所述丝杆（4）配合的滑块（6），所述注射器（5）外壳固定设置在支架（1）上，所述注射器（5）的活塞推杆与所述滑块（6）连接，位移传感器（7）和固定设置在所述滑块（6）上的磁环（8），所述位移传感器（7）设置在所述支架（1）一侧，所述位移传感器（7）端部设置有滑动杆（9），所述磁环（8）与所述滑动杆（9）滑动连接，所述位移传感器（7）与所述控制器电连接。本实用新型可应用于医疗器械领域。
42. 202584241 一种灵活固定式记录仪
CN
05.12.2012
G07C 3/00 Loading...
G07C 3/00
Loading...
201220193049.X
广东宝莱特医用科技股份有限公司
刘超渊
G07C 3/00
Loading...
本实用新型公开一种灵活固定式记录仪，包括仓门活动机构、仓门压辊机构和热敏头机构，其中，所述热敏头机构包括热敏头、热敏头固定板和记录仪固定板，所述热敏头安装在所述热敏头固定板上，所述热敏头固定板上设置有热敏头柱体，所述热敏头柱体套接有压力弹簧，所述热敏头柱体穿过所述记录仪固定板的相对应的孔，所述记录仪固定板通过螺钉固定在记录仪的底壳上。与现有技术相比，本实用新型提供的灵活固定式记录仪，零件精度要求不必过于精密，零件加工材料广泛，且能有效保证机器或设备记录仪能够顺利输出运行。
43. 202573320 一种并口打印机的驱动模块
CN
05.12.2012
B41J 29/393 Loading...
B41J 29/393
Loading...
201220193981.2
广东宝莱特医用科技股份有限公司
黄维
B41J 29/393
Loading...
本实用新型公开一种并口打印机的驱动模块，包括处理器和可编程逻辑器件，所述可编程逻辑器件与所述处理器连接，所述可编程逻辑器件与并口打印机连接。与现有技术相比，本实用新型提供的并口打印机的驱动模块，不仅节省了成本、解决了采购难的问题，而且有效的释放了CPU的IO资源，具有很好的灵活性。
44. 202342025 具有软硬件关机功能的监护仪
CN
25.07.2012
A61B 5/02 Loading...
A61B 5/02
Loading...
201120448954.0
广东宝莱特医用科技股份有限公司
张道国
A61B 5/02
Loading...
本实用新型公开了一种当主机或者键盘的控制器出现故障或无响应的情况下依然能正常关机的具有软硬件关机功能的监护仪。该监护仪包括主机、键盘板和电源模块，所述键盘板包括键盘控制器、硬件关机电路、软硬件关机逻辑或电路以及与所述键盘控制器、硬件关机电路电连接的开关，所述键盘控制器与所述硬件关机电路电连接并且与所述主机双向通讯，该软硬件关机逻辑或电路分别与所述键盘控制器、硬件关机电路电连接并且单向控制所述电源模块。
45. 202352065 具有学习遥控功能的监护仪
CN
25.07.2012
G08C 23/04 Loading...
G08C 23/04
Loading...
201120408767.X
广东宝莱特医用科技股份有限公司
张道国
G08C 23/04
Loading...
本实用新型公开了一种能识别指定遥控器的具有学习遥控功能的监护仪，它还允许使用者对遥控器进行按键功能随意设定，使得一个遥控器可以控制多个监护仪产品。该监护仪包括主板以及与主板连接的电源、显示单元、键盘和参数模块，还包括红外学习模块，所述红外学习模块包括MCU以及与所述MCU连接的红外收发模块、存储器和主板接口，该主板接口连接到所述主板上。本实用新型应用于医疗设备监护仪领域。
46. 202268036 声光报警音箱
CN
06.06.2012
G08B 7/06 Loading...
G08B 7/06
Loading...
201120391396.9
广东宝莱特医用科技股份有限公司
唐文普
G08B 7/06
Loading...
本实用新型公开了一种提高外部医疗监护设备安全级别的独立的声光报警音箱。该声光报警音箱包括控制单元、USB接口、扬声器、指示灯以及连接外部电源的电源适配器，所述USB接口、扬声器、指示灯以及电源适配器均与控制单元连接，该控制单元通过USB接口与外部医疗监护设备的PC主机通讯连接。本实用新型不仅能对外部医疗监护设备的普通报警信息进行报警，可持续监测外部医疗监护设备的运行状态，如果发生异常，则进行声光报警，提醒医护人员进行干预，提升了中央监护系统的安全级别，降低了安全隐患发生的可能性。
47. WO/2011/113224 METHOD AND APPARATUS FOR DYNAMICALLY CONFIGURING DATA SOURCE FOR DISPLAY UNIT
WO
22.09.2011
G06T 7/20 Loading...
G06T 7/20
Loading...
PCT/CN2010/073182
GUANGDONG BIOLIGHT MEDITECH CO., LTD.
LV, Gangli
G06T 7/20
Loading...
A method and an apparatus for dynamically configuring a data source for a display unit are disclosed. The method comprises: dynamically monitoring the data flow rate; dynamically computing the relative data quantity of the display unit based on the traffic of the display unit in unit time. The mathematical model is that: supposing that the function of the data quantity Q changing with time t is F(t)=Q, then the flow rate in the time of t0 is (I); supposing that the rate of the screen display unit quantity is q and the function of the relative data quantity QP of a single display unit with the time t is QP=f(t), then (II). The apparatus comprises a data flow monitoring unit, a dynamically data configuring unit and a dynamically interpolation compensating unit. The scheme solves the problem of data source configuration of the display unit of the display medium through the feed-forward control of the data flow, and provides the steady data source with the controlled flow rate and the traffic for the display unit, and adapts especially for processing and displaying the waveform or graph data source which have high request for real time displaying. The scheme is widely used in the displaying process of waveform image.
48. WO/2011/106948 CONNECTING STRUCTURE OF MODULE CASE
WO
09.09.2011
H01R 12/51 Loading...
H01R 12/51
Loading...
PCT/CN2010/073181
GUANGDONG BIOLIGHT MEDITECH CO., LTD.
LIANG, Jin
H01R 12/51
Loading...
A connecting structure of module case has a circuit board (2), a jack (31) and a pin (41). The jack has a shaft at one end fixedly-connected to the circuit board. A spring leaf (32) is set in the plug jack. The pin is plugged into the jack, and connected to the spring leaf continuously. A slot (42) for a module case (6) is set at the end of the pin. As the module case is plugged into the slot, the pin moves ahead by overcoming the elastic force of the spring, so as to make the pin plug into the jack more deeply and increase the contact area of the pin and the spring leaf. This structure ensures effective contact of the pin and the spring leaf. Accordingly, the module case switches on the circuit board effectively, and guarantees the steady working of the module.
49. 102090886 Method for drawing and overlaying multi-channel electrocardiograph waveforms
CN
15.06.2011
A61B 5/0402 Loading...
A61B 5/0402
Loading...
201010569154.4
Guangdong Biolight Meditech Co., Ltd.
Hu Xiaojun
A61B 5/0402
Loading...
The invention discloses a method for drawing and overlaying multi-channel electrocardiograph waveforms. The method comprises the following steps: (1) setting a whole canvas; (2) fixing a baseline position for electrocardiac waveforms of each channel on the canvas; (3) setting the drawing length of the electrocardiac waveforms of each channel; and (4) drawing the electrocardiac waveforms of all the channels within the limit of the range of the whole canvas. According to the invention, the electrocardiac waveforms of all the channels are drawn within the limit of the range of the whole canvas, every two waveforms can be overlaid, because the drawing range of the electrocardiac waveforms is large enough, the waveforms can be drawn by adopting larger gain, the top truncation situation can not happen, the detail display of the waveforms is much better, and the required information can be read conveniently by a user.
50. 201855259 生命体征监测仪
CN
08.06.2011
A61B 5/01 Loading...
A61B 5/01
Loading...
201020560516.9
广东宝莱特医用科技股份有限公司
张道国
A61B 5/01
Loading...
本实用新型公开了一种生命体征监测仪，提供一种可以监测体温，并进行显示、保存为医护人员提供全面的分析诊断依据的生命体征监测仪，该生命体征监测仪包括生命体征监测仪主机和与所述生命体征监测仪主机相连接的红外测温模块，所述生命体征检测仪主机包括嵌入式主板、显示屏I、键盘、指示灯、扬声器和记录仪，所述显示屏I、所述键盘、所述指示灯、所述扬声器和所述记录仪均与所述嵌入式主板相连接，所述红外测温模块包括启动按键、红外探测器、控制处理单元及显示屏II，所述启动按键、所述红外探测器和所述显示屏II均与所述控制处理单元相连接，所述控制处理单元与所述嵌入式主板线连接。本实用新型可广泛应用于医疗设备领域。
51. 201860310 一种节能系统感应式控制装置
CN
08.06.2011
H03K 17/95 Loading...
H03K 17/95
Loading...
201020542896.3
广东宝莱特医用科技股份有限公司
陈君
H03K 17/95
Loading...
本实用新型公开了一种节能系统感应式控制装置，旨在提供一种防尘和防水性能优良的感应式控制装置。它包括磁铁、霍尔器件和控制电路，所述磁铁与所述霍尔器件分别装置在所述可开合或相对移动的机器及设备的两部分并相互适配，当所述可开合或相对移动的机器及设备的两部分作开合或移动运作时，所述磁铁与所述霍尔器件能够在距离上产生变化并且能够合拢，所述霍尔器件产生触发信号并通过控制电路来控制所述节能系统电路。本实用新型可广泛应用医疗电子产品和防尘、防水要求较高的产品中。
52. 201856453 整体记录仪
CN
08.06.2011
B41J 2/32 Loading...
B41J 2/32
Loading...
201020542908.2
广东宝莱特医用科技股份有限公司
燕金元
B41J 2/32
Loading...
本实用新型公开了一种整体记录仪，旨在提供一种结构紧密、测试打印方便的整体记录仪。该整体记录仪包括记录仪支架(1)、记录仪塑胶件(2)、压辊挂钩板(3)、热敏头(4)、轴(5)、热敏头固定板(8)、压辊(17)、传动装置，所述热敏头(4)设置在所述热敏头固定板(8)上，所述记录仪塑胶件(2)两端的侧面设有压辊卡扣部(20)，所述压辊挂钩板(3)的两端设有与所述压辊卡扣部(20)配合的挂钩部(30)，所述压辊(17)的两端设置在所述压辊卡扣部(20)处并被所述挂钩部(30)卡紧，所述轴(5)分别穿过所述记录仪塑胶件(2)、所述压辊挂钩板(3)、所述热敏头固定板(8)所共有的固定轴孔将上述三个零件固定在一起。
53. 102082559 Method for realizing linear phase IIR (infinite impulse response) filter
CN
01.06.2011
H03H 17/02 Loading...
H03H 17/02
Loading...
201010569177.5
Guangdong Biolight Meditech Co., Ltd.
Liu Wei
H03H 17/02
Loading...
The invention discloses a method for realizing a linear phase IIR (infinite impulse response) filter, and the method comprises the following steps: dividing isometric segments and performing time reversal; inversely filtering after prolonging zero input; and performing time reversal again and carrying out forward filtering and the like. By utilizing the method, an infinite continuous signal application in a real-time occasion can be met, the linear phase is realized while the calculation quantity is greatly reduced, the waveform distortion error is reduced, and a good amplitude-frequency characteristic is ensured.
54. 102075316 Method for transmitting mass data in real time by synchronous transmission technology
CN
25.05.2011
H04L 7/00 Loading...
H04L 7/00
Loading...
201010611368.3
Guangdong Biolight Meditech Co.,Ltd.
Zhang Daoguo
H04L 7/00
Loading...
The invention discloses a method which meets the requirements of bandwidth, reliability and real-time property simultaneously and is used for bidirectionally transmitting mass data based on synchronous transmission technology. In the method, a protocol is embedded in the synchronous transmission process, a host computer and a slave computer adjust transmission contents in real time according to the protocol, and all transmission is initiated by the host computer, so the whole transmission process is designed as a control transmission process, and the host computer and the slave computer check transmission according to the minimum time slice. Practice proves that the method has high applicability and reliability and is low in cost; and mass data transmission proves that the method has extremely low packet loss rate and packet error rate and can be widely applied to the field of data transmission in a monitor.
55. 201838989 一种热敏头双重保护控制装置
CN
18.05.2011
H02H 5/04 Loading...
H02H 5/04
Loading...
201020542887.4
广东宝莱特医用科技股份有限公司
王传辉
H02H 5/04
Loading...
本实用新型公开了一种热敏头双重保护控制装置，旨在提供一种在MCU死机的情况下也不会导致热敏头的过加热而烧毁热敏头的双重保护控制装置。它包括处理器(1)、控制电路(2)、热敏头(3)，所述控制电路(2)连接所述处理器(1)和热敏头(3)，所述控制电路(2)包括电子开关(21)、比较器(22)、恒流源(23)、加热电流控制电路(24)，所述电子开关(21)与所述处理器(1)、所述比较器(22)、所述热敏头(3)电连接，所述比较器(22)还连接有0.147V比较电压，所述电子开关(21)是双使能电子开关。本实用新型可广泛应用于采用热敏打印头的设备领域。
56. 201831891 一种可无级调节背光亮度的心电图机
CN
18.05.2011
A61B 5/0402 Loading...
A61B 5/0402
Loading...
201020126829.3
广东宝莱特医用科技股份有限公司
陈君
A61B 5/0402
Loading...
本实用新型公开了一种可无级调节背光亮度的心电图机，旨在提供一种亮度可无级调节、满足人在特殊环境下的视觉要求、控制电路相对简单的心电图机。本实用新型包括主机(1)、LCD屏(2)和键盘(3)，本实用新型还包括亮度控制电路(4)，所述亮度控制电路(4)与所述键盘(3)内电路相连接并与所述主机(1)的键盘接口电路电连接，所述键盘(3)上的按键组合操作所述控制电路(4)。本实用新型通过调整PWM波的占空比，可以很方便并且有效的控制输出电压在0-5V之间随意变化，从而达到控制LCD屏的亮度和对比度。本实用新型可广泛应用于心电图机电路中。
57. 102038500 Method for outputting file and overlapping waveforms of electrocardiograph
CN
04.05.2011
A61B 5/0432 Loading...
A61B 5/0432
Loading...
201010569172.2
Guangdong Biolight Meditech Co., Ltd.
Wang Zhenwei
A61B 5/0432
Loading...
The invention discloses a method for outputting a file and overlapping waveforms of an electrocardiograph. The method comprises the following steps of: (1) longitudinally compressing the paper size in a memory to form a compression byte array, wherein a bit in the byte presents one output of a thermal head; (2) writing lattice characters to be output in the compression byte array; (3) overlapping the compression byte array and the waveforms data to form the output data of 1 or 0 needed by the thermal head and transmitting the output data to the thermal head; and (4) recording and printing by the thermal head according to the output data. The method provided by the invention can greatly decrease the memory occupied by the whole printing output method and fully overcomes the problem of excessive memory demand generated by memory DC (Dual Channel) direct drawing operation so that an electrocardiograph with small memory can also print and output waveform data on a large piece of paper.
58. 102043581 Method for processing control button on touch screen interface of medical equipment
CN
04.05.2011
G06F 3/048 Loading...
G06F 3/048
Loading...
201010569173.7
Guangdong Biolight Meditech Co., Ltd.
Hu Xiaojun
G06F 3/048
Loading...
The invention discloses a method for processing a control button on a touch screen interface of medical equipment. The method comprises the following steps of: detecting touch information, and determining the position of a touch point according to the touch information; when the touch point is positioned in a window range of a control, popping the button at a preset position by using the control, and operating by changing the status attribute of the control by using the button; and hiding or destroying the button. The method can effectively ensure that display contents of the status attribute are clear, the overall appearance of the touch screen interface cannot be damaged by a large number of buttons, an operable range of a user is large, and the probability of misoperation by the user is almost avoided. The touch screen interface designed on the basis of the invention can be suitable for a large-size screen and a small-size screen, and has the advantages of improving beauty and ensuring that the interface is more conveniently and accurately operated.
59. 102043582 Automatic generation method of software interface
CN
04.05.2011
G06F 3/048 Loading...
G06F 3/048
Loading...
201010569176.0
Guangdong Biolight Meditech Co., Ltd.
Xiong Wei
G06F 3/048
Loading...
The invention discloses an automatic generation method of a software interface, which comprises the following steps: (1) encapsulating a mini GUI (Graphical User Interface), thereby circularly transmitting the information of a mini GUI control according to the specified line, and forming a transmitted inheritance tree class diagram; (2) forming a class relation mapping list of the classes of a third-party interface development tool and the classes in the inheritance tree class diagram form; (3) designing the interface by utilizing the third-party interface development tool, and forming an interface file; and (4) dynamically generating the corresponding mini GUI control from the interface file based on the inheritance tree class diagram according to the class relation mapping list, and forming a program interface based on the mini GUI. The invention greatly enhances the program development efficiency, reduces the learning difficulty, and basically does not need to recompile a source program on the modification of the interface in the course of the maintenance at the later stage.
60. 102038497 Electrocardiosignal noise analysis method
CN
04.05.2011
A61B 5/0402 Loading...
A61B 5/0402
Loading...
201010569171.8
Guangdong Biolight Meditech Co., Ltd.
Gou Dahai
A61B 5/0402
Loading...
The invention discloses an electrocardiosignal noise analysis method comprising the following steps of: (1) calculating a noise index for reflecting the noise level near an R wave in each cardiac beat period of an electrocardiosignal; (2) setting a noise index threshold value; (3) comparing the calculated noise index with the noise index threshold value and carrying out statistics on comparison results of continuous N cardiac beats; and (4) classifying the noise level according to the comparison results and dividing noise grades. The invention has a simple analysis process, low computational burden, good real-time performance and an accurate result; through electrocardiograph (ECG) noise analysis result, medical workers can carry out necessary treatment to suppress interference and can know the reliability of a diagnosis result, further more accurately and effectively helping the medical workers diagnose and treat patients, thereby avoiding that a wrong diagnosis result makes the medical workers carry out wrong handling so that unnecessary spiritual damage and economic losses are brought to the patients.
61. 102038499 Automatic gain-regulated output method for waveform drawing of multi-channel electrocardiograph
CN
04.05.2011
A61B 5/0432 Loading...
A61B 5/0432
Loading...
201010569153.X
Guangdong Biolight Meditech Co., Ltd.
Hu Xiaojun
A61B 5/0432
Loading...
The invention discloses an automatic gain-regulated output method for waveform drawing of a multi-channel electrocardiograph, which comprises the following steps: (1) detecting and calculating the voltage amplitude of an electrocardiographic waveform of each channel; (2) determining the magnitude of the automatic gain of the electrocardiographic waveform of each channel based on the magnitude of the voltage amplitude obtained in the step (1); (3) carrying out gain processing on an original signal of the electrocardiographic waveform of each channel based on the magnitude of the automatic gain; and (4) drawing the electrocardiographic waveforms obtained after gain processing on an interface, recording and outputting. The invention simultaneously meets the requirements for both interface displaying and recording and outputting, and can achieve a better balance between the both. When being used for an electrocardiograph with a large number of channels (e.g. 12 channels), the automatic gain-regulated output method provided by the invention can achieve a more obvious optimization effect.
62. 102028459 Channel pace-making signal detection method of electrocardiogram machine
CN
27.04.2011
A61B 5/0452 Loading...
A61B 5/0452
Loading...
201010569174.1
Guangdong Biolight Meditech Co., Ltd.
Gou Dahai
A61B 5/0452
Loading...
The invention discloses a channel pace-making signal detection method of an electrocardiogram machine, comprising the following steps: (1) carrying out sampling on original signals and carrying out differential processing on the sampled signals; (2) setting necessary conditions C1 for judging pace-making signals on the basis of a first threshold TH and a second threshold TH_Trail, detecting differential signals y(n) and filtering pulse spikes according to the necessary conditions C1; and (3) counting the number of spikes with high slope and low slope around the filtered pulse spikes, and carrying out noise evaluation on the filtered pulse spikes on the basis of the counted number. By utilizing the channel pace-making signal detection method, the noise and correct pace-making signals can be effectively distinguished, the accuracy of magnetic resonance angiography (QRS) detection and noise level evaluation is improved, therefore, the channel pace-making signal detection method can be conveniently applied on detection processing of channel pace-making signals of the 12-lead electrocardiogram machine, thus having good improvement effect in the process of detecting and analyzing electrocardiosignals.
63. 102023749 Area dragging treating method of list type control on touch screen interface of medical equipment
CN
20.04.2011
G06F 3/041 Loading...
G06F 3/041
Loading...
201010569155.9
Guangdong Biolight Meditech Co., Ltd.
Hu Xiaojun
G06F 3/041
Loading...
The invention discloses an area dragging treating method of a list type control on a touch screen interface of medical equipment, which comprises the steps of: detecting touch information, determining the position of a touch point according to the touch information, and judging the dragging state of the touch point; and when the touch point is positioned in a content area of the list type control and is dragged, the display contents of the content area correspondingly move within a limited range. The treating method of the invention largely increases the operable range of a user; an easier dragging process can be carried out even on the list type control of a smaller range, therefore, the problem of difficult operation of a small touch screen can be effectively solved and the user experience of a small touch screen interface is largely improved.
64. 102001232 Integral recording instrument
CN
06.04.2011
B41J 2/32 Loading...
B41J 2/32
Loading...
201010292192.X
Guangdong Biolight Meditech Co., Ltd.
Yan Jinyuan
B41J 2/32
Loading...
The invention discloses an integral recording instrument, aiming at providing the integral recording instrument with the advantages of compact structure and convenient test and print. The integral recording instrument comprises a bracket (1) of the recording instrument, a plastic piece (2) of the recording instrument, a press roll hanger plate (3), a thermosensitive head (4), a shaft (5), a thermosensitive head fixing plate (8), a press roll (17) and a transmission device, wherein the thermosensitive head (4) is arranged on the thermosensitive head fixing plate (8); press roll buckling parts (20) are arranged on the sides of two ends of the plastic piece (2) of the recording instrument; hanger parts (30) matched with the press roll buckling parts (20) are arranged on the two ends of the press roll (17); the two ends of the press roll (17) are arranged in the position of the press roll buckling parts (20) and clamped by the hanger parts (30); the shaft (5) respectively passes through the plastic piece (2) of the recording instrument and the press roll hanger plate (3); and the thermosensitive head fixing plate (8) fixes the shaft (5), the plastic piece (2) of the recording instrument and the press roll hanger plate (3) together.
65. 101986551 Stepper motor drive control device
CN
16.03.2011
H02P 8/14 Loading...
H02P 8/14
Loading...
201010292172.2
Guangdong Biolight Meditech Co., Ltd.
Wang Chuanhui
H02P 8/14
Loading...
The invention discloses a stepper motor drive control device aiming at providing a stepper motor drive control device with improved precision, low motor surface temperature and low driving chip temperature. The stepper motor drive control device comprises a singlechip masterboard, a control circuit and a stepper motor, wherein the control circuit is connected with the singlechip masterboard and the stepper motor and comprises a phase position duty cycle regulating circuit (1), a current driver circuit (2), a voltage commutation circuit (3), a resistance-capacitance clipping circuit (4) and a stepper motor connector (5). In the invention, 1-2 phase excitation is adopted as pulse control, i.e. an A-AB-B-BC-C-CD-D-DA mode; and in addition, the invention supplies power by double power supplies, is started at the voltage of 18V, continuously operates at the voltage of 5V, and is automatically switched by the voltage commutation circuit. The device disclosed by invention can be widely applied in the field of stepper motor control devices.
66. 101986493 Double protection control device for thermosensitive head
CN
16.03.2011
H02H 5/04 Loading...
H02H 5/04
Loading...
201010292183.0
Guangdong Biolight Meditech Co., Ltd.
Wang Chuanhui
H02H 5/04
Loading...
The invention discloses a double protection control device for a thermosensitive head, which aims to provide the double protection control device which can prevent the thermosensitive head from being overheated and burned out under the condition that a microprocessor control unit (MCU) is halted. The double protection control device comprises a processor (1), a control circuit (2) and the thermosensitive head (3), wherein the control circuit (2) is connected with the processor (1) and the thermosensitive head (3); the control circuit (2) comprises an electronic switch (21), a comparator (22), a constant-current source (23) and a heating current control circuit (24); the electronic switch (21) is electrically connected with the processor (1), the comparator (22) and the thermosensitive head (3); the comparator (22) is also connected with a 0.147V comparative voltage; and the electronic switch (21) is a double enable switch. The double protection control device can be widely applied to the field of equipment using a thermosensitive printing head.
67. 201743667 一种插件式监护仪
CN
16.02.2011
A61B 5/00 Loading...
A61B 5/00
Loading...
201020212487.7
广东宝莱特医用科技股份有限公司
陈海军
A61B 5/00
Loading...
本实用新型公开了一种插件式监护仪，包括用于控制的主板、用于与常用医用模块连接的模块接口板、用于与扩展参数模块连接的扩展模块接口板、常用医用模块、扩展参数模块、喇叭、显示屏。所述模块接口板通过串口和/或红外发送接收接口与常用医用模块连接，所述扩展模块接口板通过串口和/或红外发送接收接口与扩展参数模块连接。常用医用模块以及扩展参数模块可以根据需要在插件式监护仪主机上即插即用，模块化设计不但使插件式监护仪功能强大，而且配置灵活方便，可以满足不同的医用需求，性价比极高。本实用新型作为一种插件式监护仪广泛应用于医疗过程中。
68. 101950420 Image area calculation method for single region encircled by random communicated boundaries
CN
19.01.2011
G06T 7/00 Loading...
G06T 7/00
Loading...
201010265266.0
Guangdong Biolight Meditech Co., Ltd.
Zhang Qiaoxin
G06T 7/00
Loading...
The invention discloses an image area calculation method for a single region encircled by random communicated boundaries, and belongs to the field of digital image processing. The method comprises the following steps of: automatically decomposing the single region encircled by the random communicated boundaries into o-shaped regions or (and) a region of one or more o-shaped regions connected in one o-shaped region, calculating the area of the regions respectively, accumulating the areas, and subtracting the area encircled by the boundaries of a plurality of small o-shaped regions from the area encircled by the boundaries of the outside large o-shaped regions to obtain the area of the region of the one or more o-shaped regions connected in one o-shaped region. The invention adopts the technical scheme that the method also comprises the following steps of: creating a boundary image produced when a mouse is pressed and dragged, searching start points in the image from bottom to top and from right to left or from top to bottom and from left to right, seeking secondary start points according to the start points, tacking the inner and outer boundaries, and calculating a target area. The method is suitable for calculating the target area of the artificially supervised region in the digital image processing.
69. 201710345 插件式监护仪
CN
19.01.2011
A61B 5/00 Loading...
A61B 5/00
Loading...
201020168476.3
广东宝莱特医用科技股份有限公司
梁瑾
A61B 5/00
Loading...
本实用新型公开了一种插件式监护仪，包括带有显示屏的监护仪主机，所述监护仪主机上设有一个移动监护仪接口；所述移动监护仪接口连接有带电池、能独立工作的移动监护仪；所述移动监护仪能独立监测人体生理参数和/或控制医疗设备，并把监测参数上传到监护仪主机显示。本实用新型插件式监护仪包括监护仪主机、移动监护仪和专用参数测量模块，监护仪主机作为一个功能最强大的终端设备可以根据需要插入各种专用参数测量模块实现各种医疗监护功能，移动监护仪带电池、体型小巧能独立工作，能随着病人移动实现对病人的不间断实时监护，灵活方便，非常实用。本实用新型作为一种插件式监护仪广泛应用于医疗过程中。
70. 201709060 一种外观隐藏防水结构
CN
12.01.2011
H05K 5/06 Loading...
H05K 5/06
Loading...
201020197861.0
广东宝莱特医用科技股份有限公司
刘超渊
H05K 5/06
Loading...
本实用新型公开了一种外观隐藏防水结构，旨在提供结构简单，外观比较美观且能有效保证机器或设备不易因进水而损坏的外观隐藏防水结构。该实用新型包括显示屏前塑胶壳(1)和整机外壳(2)，所述显示屏前塑胶壳(1)与所述整机外壳(2)相配合，所述显示屏前塑胶壳(1)内部设有阻尼轴(3)，所述整机外壳(2)上设有阶梯孔(4)，所述阻尼轴(3)一端固定在所述显示屏前塑胶壳(1)上，另一端穿出所述显示屏前塑胶壳(1)并穿过所述阶梯孔(4)且通过螺栓(5)固定在所述整机外壳(2)上，所述阻尼轴(3)上设有与所述阶梯孔(4)密封配合的密封圈(6)。本实用新型可广泛应用于机械或设备领域。
71. 101888407 Method for configuration interactive synchronization between independently used module and module integrating device
CN
17.11.2010
H04L 29/08 Loading...
H04L 29/08
Loading...
201010200087.9
Guangdong Biolight Meditech Co., Ltd.
Lu Gangli
H04L 29/08
Loading...
The invention discloses a method for configuration interactive synchronization between an independently used module and a module integrating device, mainly being used for configuration synchronization between an independently used monitoring instrument module and electronic medical equipment such as a monitoring instrument host machine and the like. The method mainly comprises the steps that a master device actively sends request command into a slave device; the slave device sends a configuration file to the master device; and the master device leads the configuration file of the slave device to be synchronized by judging whether the current configuration is needed for synchronization. Due to interaction and communication among devices, the method can reach the function of configuration synchronization after the module is connected with the module integrating device, thus ensuring the configuration management between the module and the module integrating device to be unified.
72. 201638874 一种电池盒结构
CN
17.11.2010
H01M 2/10 Loading...
H01M 2/10
Loading...
201020106239.4
广东宝莱特医用科技股份有限公司
张赖
H01M 2/10
Loading...
本实用新型公开了一种电池盒结构，旨在提供一种兼容锂电池和干电池的电池盒结构。本实用新型电池盒结构包括壳体(1)、设置在所述壳体上的容腔(5)，所述容腔(5)内设有至少两个锂电池用管脚触点(2)，所述容腔(5)内纵向相对端上设有至少一对干电池用正极端子(3)和负极端子(4)。通过将这种兼容锂电池和干电池的电池盒结构实施在电池盒中，使电池盒能使用不同的电源，可以进行较多选择的替换。本实用新型可广泛应用于电池盒领域。
73. 201639084 一种防误插结构
CN
17.11.2010
H01R 13/64 Loading...
H01R 13/64
Loading...
201020106242.6
广东宝莱特医用科技股份有限公司
燕金元
H01R 13/64
Loading...
本实用新型公开了一种双电源防误插结构，它包括外壳(4)、设置在所述外壳(4)上的插孔I(1)、插孔II(2)，所述双电源防误插结构还包括设置在所述外壳(4)上且位于所述插孔I(1)和所述插孔II(2)外部的防误插装置，通过所述防误插装置在所述外壳(4)上的滑动或者转动，可以防止两种不同电源使用的同时，也不会影响单一电源的使用，通过这种结构，避免同时使用两种不同电源而造成经济损失或对使用者造成危害，所以本实用新型结构简单、使用方便。本实用新型可广泛应用于插座领域。
74. 201638979 模块盒接插结构
CN
17.11.2010
H01R 12/16 Loading...
H01R 12/16
Loading...
201020126842.9
广东宝莱特医用科技股份有限公司
梁瑾
H01R 12/16
Loading...
本实用新型公开了一种模块盒接插结构，旨在提供一种接触良好、便于维护和维修的模块盒接插结构。本实用新型包括电路板(2)、插孔(3)、插针(41)，所述插孔(3)设有轴端与所述电路板(2)固定连接，所述插孔(2)内设置有簧片(21)，所述插针(41)插入所述插孔(3)内，并与所述簧片(21)接触配合，所述插针(41)的端部设有模块盒插槽(42)。本实用新型可广泛应用于医疗器械领域。
75. 201631190 一种可输出通用格式文件的心电图机
CN
17.11.2010
A61B 5/0402 Loading...
A61B 5/0402
Loading...
201020126798.1
广东宝莱特医用科技股份有限公司
陈君
A61B 5/0402
Loading...
本实用新型公开了一种可输出通用格式文件的心电图机，旨在提供一种诊断信息数据文件是通用文件格式、传输和打开很方便的、并可通过USB接口或多功能读卡器输出通用格式文件的心电图机。本实用新型包括主机、信号采集装置、显示器和键盘，所述主机包括处理器(1)、文件格式转换装置(2)、接口处理电路(3)和输出接口(6)，所述文件格式转换装置(2)的作用是对所述处理器(1)处理后的信号进行识别、反馈和转换，再由所述处理器(1)二次处理后控制接口电路(3)对应向所述输出接口(6)输出。本实用新型可广泛应用于心电图机电路中。
76. 101872388 Patient information management method for plug-in monitoring system
CN
27.10.2010
G06F 19/00 Loading...
G06F 19/00
Loading...
201010192604.2
Guangdong Biolight Meditech Co., Ltd.
Chen Peixin
G06F 19/00
Loading...
The invention discloses a patient information management method for a plug-in monitoring system, which comprises the following steps of: (C) sending a patient information request command after module integrated equipment detects the access of a module capable of being used independently; (D) sending local patient information to the module integrated equipment after the module capable of being used independently receives the patient information request command; (E) immediately adopting the patient information of the module capable of being used independently after the module integrated equipment receives the patient information, and carrying out local synchronization of patient configuration; and (G) entering a normal working state. The patient information management method for the plug-in monitoring system realizes the seamless connection of the patient information among electronic medical equipment used in a combined way, and achieves the functional requirements of unified information, unified management and unified use between the module integrated equipment and the module equipment capable of being used independently. The patient information management method for the plug-in monitoring system can be widely applied to plug-in monitors.
77. 101833938 Method and device for configuring data source for display unit dynamically
CN
15.09.2010
G09G 5/36 Loading...
G09G 5/36
Loading...
201010130771.4
Guangdong Biolight Medical S&T Co., Ltd.
Lu Gangli
G09G 5/36
Loading...
The invention discloses a method and device for configuring data source for display unit dynamically. The method comprises the step 204 using data flow feedforward control, wherein data flow rate is monitored dynamically, secondly unit flow is displayed according to unit time, and unit relative data volume is calculated and displayed dynamically. The mathematic model is as follows: assuming that the function of data volume Q changed with the time t is F (t) = Q, the flow rate in the time t0 is shown below; assuming that the rate for displaying unit data volume by the screen is q and the function of data volume Qp corresponding to one display unit and time t is Qp = f(t), f(t) = dF(t)/(dt*q); and the device comprises a data flow monitoring unit, a dynamic data configuration unit and a dynamic interpolation compensation unit. The invention adopts data flow feedforward control to solve the data source problem configuration problem of the display units of the display medium and provide data source with stable and controllable flow rate and flow for the display units; and the method is particularly suitable for the waveform with high demand on real-time display or for the treatment and display of graphic data sources. The method and device for configuring data source for display unit dynamically of the invention can be widely used in the display process of wave graphics.
78. 101822532 Plug-in type monitor
CN
08.09.2010
A61B 5/00 Loading...
A61B 5/00
Loading...
201010153934.0
Guangdong Biolight Meditech Co., Ltd.
Li Tianbao
A61B 5/00
Loading...
The invention discloses a plug-in type monitor which comprises a monitor host machine with a display screen, wherein a moving monitor interface is arranged on the monitor host machine and connected with a moving monitor which is provided with a battery and can be independently operated; and the moving monitor can independently monitor a human physiological parameter and/or control medical equipment and upload the monitoring parameter to the monitor host machine for display. The plug-in type monitor comprises the monitor host machine, the moving monitor and special parameter measuring modules. The monitor host machine used as terminal equipment with most powerful function can plug various special parameter measuring modules as required to realize various medical monitoring functions; and the moving monitor is provided with the battery, has small size, can be independently operated and move along with patients to realize continuous real-time monitoring on the patients and is flexible, convenient and quite practical. The invention used as the plug-in type monitor is widely applied to the medical process.
79. 101810478 Electrocardiograph capable of outputting common-format files
CN
25.08.2010
A61B 5/0402 Loading...
A61B 5/0402
Loading...
201010120828.2
Guangdong Biolight Meditech Co., Ltd.
Chen Jun
A61B 5/0402
Loading...
The invention discloses an electrocardiograph capable of outputting common-format files, and aims to provide an electrocardiograph of which the diagnosis information data files are in common file format and convenient to transmit and open, and which can output the common-format files through a USB interface or a multifunctional card reader. The electrocardiograph comprises a host computer, a signal acquisition device, a display and a keyboard, wherein the host computer comprises a compressor (1), a file format converter (2), an interface processing circuit (3) and an output interface (6); the file format converter (2) is used for identifying, feeding back and converting signals processed by the processor (1); and the processor (1) processes the signals once again and controls the interface processing circuit (3) to output the signals to the output interface correspondingly. The electrocardiograph can be widely applied to electrocardiograph circuits.
80. 101807156 Equipment and method for maintaining and updating system through interface medium
CN
18.08.2010
G06F 9/445 Loading...
G06F 9/445
Loading...
201010120645.0
Guangdong Biolight Meditech Co., Ltd.
Lu Gangli
G06F 9/445
Loading...
The invention discloses equipment and a method for maintaining and updating a system through an interface medium. The equipment comprises a hardware platform comprising at least one communication interface, an operation system, a file system, one or more application programs, a monitoring program, a maintenance program and an upgrade file comprising an upgrade program, wherein the file system manages the storage of application data, storage data and the upgrade program; the upgrade file is transmitted to the hardware platform through the interface of the hardware platform and is stored as the upgrade program by the hardware platform through the management of the file system; and a current program is upgraded by the upgrade program when required to upgrade and maintain. The equipment not only is stable and reliable, but also quite convenient to upgrade and maintain. The equipment and the method for maintaining and updating the system through the interface medium are widely applied to the fields of measurement and control.
81. 201527649 一种自适应数据传输速率的主从通讯装置
CN
14.07.2010
G06F 13/42 Loading...
G06F 13/42
Loading...
200920055866.7
广东宝莱特医用科技股份有限公司
李天宝
G06F 13/42
Loading...
本实用新型公开了一种可自适应数据传输速率的主从通讯装置，旨在提供一种从端数量、输入接口任意、数据量和传输速率变化时可自适应数据传输速率的主从通讯装置。它包括输入通道接口(1)、通道选择开关电路(2)和CPU(3)，所述输入通道接口(1)可接入各种从端电路(Slaver)，所述通道选择开关电路(2)以分时的方式接通各个输入通道，所述输入通道接口(1)与所述CPU(3)以串行方式进行连接，实现主端根据从端的不同状态以不同的速度访问从端。
82. 201346199 监护仪
CN
18.11.2009
A61B 5/00 Loading...
A61B 5/00
Loading...
200820203738.8
广东宝莱特医用科技股份有限公司
梁瑾
A61B 5/00
Loading...
本实用新型涉及具有触摸感应按键的监护仪。监护仪，包括处理器；存储模块，存储程序的源代码和信号分析结果；通信模块，将采集到的生理信息等发送到医护人员监护终端或服务器上；生理信号采集模块，采集被监护者的生理信号，并将生理信号通过输入接口模块传递给处理器；信号输入接口模块，它是处理器和生理信号采集模块之间的通信接口；显示模块和控制模块，它们是终端与用户的交互接口；另外，所述控制模块包括触摸感应按键板，每个触摸感应按键板上有多个感应按键，这些感应按键与显示屏上的菜单按钮一一对应。本实用新型监护仪采用了触摸感应按键，节省了监护仪的表面空间和体积，同时也使得监护仪的外观更加整洁、美观。
83. 201324291 一种带真空荧光数码显示屏的监护仪
CN
14.10.2009
A61B 19/00 Loading...
A61B 19/00
Loading...
200820205169.0
广东宝莱特医用科技股份有限公司
梁瑾
A61B 19/00
Loading...
本实用新型公开了一种带真空荧光数码显示屏的监护仪，旨在提供一种高亮度、清晰度极佳、显示质量好、省电节能、能集中显示生理参数信息的带真空荧光数码显示屏的监护仪。本实用新型包括外壳、处理器、与所述处理器相连的存储单元、与所述处理器相连的控制单元、与所述处理器相连的显示屏(1)、与所述处理器相连的生理信号采集单元(5)、为该监护仪提供电源的电源单元(6)，所述处理器、所述存储单元、所述控制单元、所述显示屏(1)、所述生理信号采集单元(5)和所述电源单元(6)都设置在所述外壳内，所述显示屏(1)是采用真空荧光数码管制成的显示屏。本实用新型可广泛应用于医疗设备的显示领域。
84. 101551787 Communication method for self-adaptive data transfer in master-slave communication
CN
07.10.2009
G06F 13/42 Loading...
G06F 13/42
Loading...
200910037383.9
Guangdong Biolight Meditech Co., Ltd.
Li Tianbao
G06F 13/42
Loading...
The invention discloses a communication method for self-adaptive data transfer rate in communication of a master-slave device of an electrical device used for medical treatment. The method comprises the following steps of: accessing each monitoring module in sequence by a master end CPU, recording the communicating state, automatically adjusting into high access frequency for a slave end with large data quantity so as to lead the data to be transmitted in time and automatically reducing the access speed for the low-speed slave end with low data quantity, thus leading the master end and the slave end to realize self-adaptive communication of data transfer rate, improving the efficiency of communication of the master end, simultaneously guaranteeing timely communication to different slave ends and achieving maximum data transfer rate; and the resources of the master device and the resources of a communication bus are used in the most needing places, thus greatly improving high real-time and high reliability required by medical instruments.
85. 201320161 可独立使用的监护模块
CN
07.10.2009
A61B 5/00 Loading...
A61B 5/00
Loading...
200820203737.3
广东宝莱特医用科技股份有限公司
梁瑾
A61B 5/00
Loading...
本实用新型涉及医疗监护领域，尤其涉及一种既可使用在监护仪上，又可独立使用的监护模块。可独立使用的监护模块，其包括与监护仪连接的数据接口，可独立使用的监护模块还连接对人体进行生理信号采集的信号采集元件，嵌入式处理器，负责所有的数据处理和进程控制；另外，还包括显示和控制装置，控制监护模块的工作模式，同时将采集到的患者的生理信息、信号分析结果以及相关的信息输出给用户；和电源。本实用新型的监护模块增设了独立的处理单元、显示装置和电源等，不仅保留原有的可以配合监护仪使用，作为监护仪的信号采集模块，另外，也可以独立与监护仪单独使用，这样便大大方便了携带，增加了功能。
86. 201316259 具有防水结构的模块
CN
30.09.2009
A61B 5/00 Loading...
A61B 5/00
Loading...
200820203733.5
广东宝莱特医用科技股份有限公司
李天宝
A61B 5/00
Loading...
本实用新型涉及医疗监护领域，尤其涉及一种具有防水结构的监护模块等。具有防水结构的模块，其包括第一接口和外壳体；另外，还包括可开闭地密封所述第一接口的第一塞盖，第一塞盖包括密封所述第一接口的上盖，与所述上盖垂直连接的舌钩和凸台，凸台与第一接口过赢配合，舌钩插入外壳体上的孔内；舌钩的端部有防止其从孔中脱落的大头部。本实用新型具有防水结构的模块，当接口遇到淋雨或液体泼溅时，可以防止其入侵内部，实现其功能。可保证产品安全；同时结构简单，容易实施。
87. 201229956 防误插电池盒
CN
29.04.2009
H01M 2/10 Loading...
H01M 2/10
Loading...
200820050394.1
广东宝莱特医用科技股份有限公司
李天宝
H01M 2/10
Loading...
本实用新型涉及一种医疗监护设备上用于固定安装电池的电池盒，特别是一种可防止铅酸电池和锂电池错插的防误插电池盒。防误插电池盒，包括盒体，其为中空壳体，盒体的中空部分盛装电池；其还包括内侧挡板，其截面为L型，该内侧挡板的一个端面伸入电池的内侧凹槽内，该内侧挡板可以固定在第一位置和第二位置，在所述第一位置处，所述伸入电池内侧凹槽内的端面远离盒体的后端面；在所述第二位置处，所述伸入电池内侧凹槽内的端面靠近盒体的后端面；外侧挡板，其部分区域伸入锂电池外侧的凹槽内，所述外侧挡板可拆卸地固定在盒体的外侧端面上。上述防误插电池盒可以有效防止电池的混插和错插。
88. 201227271 记录仪固定架
CN
29.04.2009
A61B 5/00 Loading...
A61B 5/00
Loading...
200820049079.7
广东宝莱特医用科技股份有限公司
李天宝
A61B 5/00
Loading...
本实用新型涉及一种监护仪上用于固定记录仪的固定架。记录仪固定架，其由两块片状竖板和连接两块竖板的片状横板构成，整体呈U字型；所述两块竖板的前端有部分弯折区；所述横板上有与记录仪固定的固定孔。上述记录仪固定架两块竖板的卡住监护仪的塑胶后壳，记录仪也装入塑胶后壳的方孔内，然后将记录仪和记录仪固定架用螺钉固定，这样便可将记录仪固定到监护仪上，无需借助监护仪内的主支架固定，因此，主支架的制造误差或者变形都不会影响记录仪的使用，而且也使记录仪的安装更加简单、方便。
89. 2719247 一种多极电极头
CN
24.08.2005
A61B 18/14 Loading...
A61B 18/14
Loading...
200420071840.9
广东宝莱特医用科技股份有限公司
纪学武
A61B 18/14
Loading...
本实用新型公开了一种多极电极头，旨在提供一种产生内热效面积大，均匀，治疗效果好的多极电极头。该多极电极头由主极(1)，附极(2)，次附极(3)，手柄(4)，接口(5)，绝缘层(6、7、8)组成。本实用新型可广泛应用于射频组织消融治疗手术中。
90. 2643827 人体健康检测椅
CN
29.09.2004
A61B 5/00 Loading...
A61B 5/00
Loading...
03273647.9
广东宝莱特医用科技股份有限公司
燕金元
A61B 5/00
Loading...
本实用新型公开了一种健康检测椅，旨在提供一种使人坐在椅子上就可以完成测量人体多种健康参数的人体健康检测椅。该人体健康检测椅包括椅子(1)、稳压电源(2)、秤台(3)、多参数监护仪(4)，所述稳压电源(2)、所述秤台(3)、所述多参数监护仪(4)均设置在所述椅子(1)上，所述秤台(3)上设有压力传感器，所述压力传感器与所述多参数监护仪(4)相连，所述多参数监护仪(4)与所述稳压电源(2)相连。本实用新型可用于医院、社区及家庭等场所。

