1. 103666090 Alcohol-soluble environment-friendly printing ink for tipping paper and preparation method thereof
CN
26.03.2014
C09D 11/106 Loading...
C09D 11/106
Loading...
201210314499.4
GUANGDONG GUANGLE PACKING MATERIAL CO., LTD.
XU GUOFU
C09D 11/106
Loading...
The invention discloses alcohol-soluble environment-friendly printing ink for tipping paper and a preparation method thereof. The alcohol-soluble environment-friendly printing ink comprises the following raw materials in percentage by weight: 35 to 50 percent of alcohol-soluble polyvinyl butyral resin liquid, 2 to 3 percent of cyclohexanone-formaldehyde resin, 8 to 30 percent of pigment, 10 to 15 percent of ordinary filler, 1 to 3 percent of plasticizer, 1 to 2 percent of anti-settling flatting agent, 0.5 to 1 percent of dispersing agent and 20 to 25 percent of edible alcohol, the pigment can be one of titanium dioxide, carbon black powder and ferric oxide powder, the ordinary filler can be one of calcium carbide, talcum powder and barium sulfate, the alcohol-soluble polyvinyl butyral resin liquid comprises the following components by weight percent: 10 to 15 percent of polyvinyl butyral resin and the balance of edible alcohol. The alcohol-soluble environment-friendly printing ink has good adaptability, can achieve consistent printing effect in different seasons and under different humidity and temperature conditions and can be dried rapid ly; moreover, little solvent remains on a printing product after the ink is printed, and the ink is environment-friendly printing ink.
2. 202666569 一种油墨过滤装置
CN
16.01.2013
B01D 36/04 Loading...
B01D 36/04
Loading...
201220224447.3
广东广乐包装材料股份有限公司
王华来
B01D 36/04
Loading...
本实用新型公开了一种油墨过滤装置，包括油墨盒体，油墨盒体包括依次连接的油墨沉淀池、油墨过滤池和油墨使用池，油墨沉淀池顶端设有油墨入口，油墨过滤池中设有油墨过滤吸附装置，油墨使用池上方设有油泵，油墨使用池内部设有搅拌器，结构简单，操作方便，利用油墨过滤器进行二次过滤，减少油墨中的杂质，提高油墨循环使用效果，确保产品质量，减少成本。
3. 202669183 一种嵌入式烫金版
CN
16.01.2013
B41G 1/04 Loading...
B41G 1/04
Loading...
201220224448.8
广东广乐包装材料股份有限公司
王华来
B41G 1/04
Loading...
本实用新型公开了一种嵌入式烫金版，包括烫金版主轴和至少一个嵌入块，所述嵌入块设于所述烫金版主轴，所述烫金版主轴侧面设有一条固定槽，所述嵌入块为环形烫金块，所述嵌入块侧面设有一个固定旋钮，结构简单，操作方便，可灵活拆卸和修改图文，既可以满足客户要求的尺寸，同时也可以嵌入不同数量的嵌入块，根据产品的实际所需，自如地调动各组之间的组合，增加烫金版的使用效率，降低制作成本和生产时间，提高生产效率。
4. 202640993 一种烫金版
CN
02.01.2013
B41G 1/04 Loading...
B41G 1/04
Loading...
201220235767.9
广东广乐包装材料股份有限公司
王华来
B41G 1/04
Loading...
本实用新型公开了一种烫金版，由内到外依次包括热油通管、主体层和雕刻层，还包括加固层，加固层设于烫金版最外层，且，通过电镀覆盖设于雕刻层，结构简单，提高了烫金版的硬度，抗耐腐蚀性和加强了烫金版的抗压强度，延长了烫金版的使用寿命，减少生产成本，提高生产效率和产品质量。
5. 202640973 一种印刷机外置水冷装置
CN
02.01.2013
B41F 23/00 Loading...
B41F 23/00
Loading...
201220241101.4
广东广乐包装材料股份有限公司
王华来
B41F 23/00
Loading...
本实用新型公开了一种印刷机外置水冷装置，包括印刷机架、冷水棍和自来水管，冷水棍设于印刷机架，自来水管与冷水棍连接，还包括储水箱和转换箱，转换箱设于冷水棍，储水箱设有制冷区和储水区，制冷区设有制冷装置，制冷装置通过输入水管与转换箱输入口连接，储水区通过输出水管与转换箱输出端连接，自来水管与储水箱连接，结构简单，操作方便，利用制冷装置降低自来水的温度，达到更好的降温效果，利用转换箱输送冷水和回收使用后的生产用水，达到一个循环使用的效果，减少生产成本，提高生产质量。
6. 202640942 一种复合生产线在线自动检测报警装置
CN
02.01.2013
B32B 41/02 Loading...
B32B 41/02
Loading...
201220200791.9
广东广乐包装材料股份有限公司
王华来
B32B 41/02
Loading...
本实用新型公开了一种复合生产线在线自动检测报警装置，包括电源适配器、控制电路、报警器、至少一个检测探头和支架，电源适配器和报警器分别连接控制电路，检测探头设于支架，检测探头与控制电路连接，结构简单，操作方便，制作成本低，不需对原设备进行大整改，也不影响原设备的性能，非常具有实用性，加装该装置后，大大减轻了操作人员的工作负荷，避免了人为的漏检，提高了生产效率，确保了产品品质，因此适合在生产中大力推广使用。
7. 202573275 一种用于凹版印刷机的封闭循环式墨盘
CN
05.12.2012
B41F 31/02 Loading...
B41F 31/02
Loading...
201220200795.7
广东广乐包装材料股份有限公司
王华来
B41F 31/02
Loading...
本实用新型公开了一种用于凹版印刷机的封闭循环式墨盘，包括主体，主体为长方形盒体，主体设有翻盖、油墨出口、油墨入口和油墨槽，翻盖包括左翻盖、主翻盖和右翻盖，左翻盖、主翻盖和右翻盖分别通过铰链与所述主体连接，油墨出口设于主体侧面右上方，油墨槽设于沿主体侧面下方，油墨槽端设有油墨入口，结构简单，操作方便，利用封闭式独立翻盖，可减少油墨跟空气接触面积，从而减少油墨挥发，确保工作环境清洁，利用循环式油墨槽，加强油墨流动性和循环量，提高生产品质。
8. 202573270 一种烫金生产在线局部加湿装置
CN
05.12.2012
B41F 23/02 Loading...
B41F 23/02
Loading...
201220224404.5
广东广乐包装材料股份有限公司
王华来
B41F 23/02
Loading...
本实用新型公开了一种烫金生产在线局部加湿装置，包括加湿器、水分发生器和储水箱，加湿器与水分发生器通过管道连接，水分发生器设于储水箱，结构简单，实用和操作性强，对半成品的加湿速度快和加湿度高，有效提高生产效率和产品质量，同时能确保对生产空间、设备、电气元件不产生影响。

