1. 102957711 在电视上通过语音进行网址定位的方法及系统
CN
06.03.2013
H04L 29/08 Loading...
H04L 29/08
Loading...
201110235276.4
广州欢网科技有限责任公司
刘林
H04L 29/08
Loading...
本发明提供了在电视上通过语音进行网址定位的方法，该方法首先将建立网址语音库，包含网站名的文本信息；同时建立网址服务器，包含网址语音库中的网站名及其所对应网址的映射关系。所述在电视上通过语音进行网址定位的方法，其具体步骤包括：获取用户的语音输入，得到对应的语音信息；分析语音信息，将其转换成文本信息；将得到的文本信息在网址语音库中进行搜索，得到文本信息对应的网站名；发送网站名给网址服务器，获得网站名所对应的网址；根据获得的网址控制浏览器打开对应的网址。本发明还公开了在电视上通过语音进行网址定位的系统。本发明方便用户在用电视浏览网站时通过语音进行网址的快速定位。
2. 102469134 一种IP地址检索方法及装置
CN
23.05.2012
H04L 29/08 Loading...
H04L 29/08
Loading...
201010547690.4
广州欢网科技有限责任公司
彭林
H04L 29/08
Loading...
本发明涉及互联网技术领域，公开了一种IP地址检索方法及装置。本发明所提供的一种IP地址检索方法及装置，由于采用将IP编码为数字后，占用内存少，大小的比较非常简单，而且在数组中对键值进行排序的速度也非常高，查询时采用折中比较法，效率非常高，100万记录的IP数据库，只要进行20次比较就可以查找到对象，逐条查找的效率提高非常多。
3. 102065141 Method and system for realizing single sign-on of cross-application and browser
CN
18.05.2011
H04L 29/08 Loading...
H04L 29/08
Loading...
201010607316.9
Guangdong Huanwang Technology Co., Ltd.
Li Dian
H04L 29/08
Loading...
The invention relates to the field of internet application and discloses a method and a system for realizing single sign-on for cross-application and a browser. In the method and system for realizing the single sign-on for cross-application and the browser, use sign-on is realized by logging in an administration intermediate for interaction with a user administration system, and user identification obtained from the user administration system after sing-on is saved and used as the user identification for each application to access the corresponding server, thus, the effect of single sign-on for general sign-on is realized. That is to say, when signing on any one application on a terminal or signing on any one cooperative website after the browser is opened, the user does not need to sing on again when running any other applications on the terminal, or visiting any other cooperative websites through the browser.

