1. 205546680 一种具有套杯的花盆
CN
07.09.2016
A01G 9/02 Loading...
A01G 9/02
Loading...
202016000238676
广州绿航农业科技有限公司
程娟
A01G 9/02
Loading...
本实用新型公开了一种具有套杯的花盆，包括花盆和套杯，所述套杯顶部敞口，花盆的底部具有漏水孔，花盆可嵌套在所述套杯内，并使花盆的盆底和套杯的杯底间留有间隔。本实用新型采用花盆和套杯嵌套式的结构形式，由于在套杯内于花盆的下方具有间隔，并通过该间隔形成储水空间，花盆内浇水多余的水分可以通过漏水孔迅速排入储水空间内，节水、透气、防虫，避免溢水，并防止由于浇水过多而造成的烂根死，而且排出的水分能够保持于储水空间内以利于蒸腾保湿，该花盆较之于现有技术的普通花盆浇水更加均匀、更有利于植物土壤的湿润以及周围环境的湿润，更有利于植物的生长，令植物时刻保持生机。
2. 205546681 一种立体种植盆栽的床架
CN
07.09.2016
A01G 9/02 Loading...
A01G 9/02
Loading...
202016000240983
广州绿航农业科技有限公司
程娟
A01G 9/02
Loading...
本实用新型公开了一种立体种植盆栽的床架，用于立体式盆栽种植技术领域，包括左侧床架和右侧床架，所述左侧床架和右侧床架间在高度方向上设有若干层摆放花盆的承托件，所述承托件包括成对张拉在左侧床架和右侧床架间的承托线，每对承托线可在两侧托住花盆的盆口边缘。本实用新型中，在左侧床架和右侧床架间张拉承托线，承托线成对设置，花盆可嵌入每对承托线间的缝隙，并通过花盆盆口边缘的翼缘卡在两侧的承托线上，同时，承托线于左侧床架和右侧床架间在高度方向上设置若干层，从而可提高空间利用率，在提高亩产量的同时，通过集中式种植实现全自动化喷灌，大大降低人工成本。
3. 202536868 一种可拆卸的花盆架
CN
21.11.2012
A47G 7/02 Loading...
A47G 7/02
Loading...
201220028377.4
广州绿航农业科技有限公司
程德成
A47G 7/02
Loading...
本实用新型是一种可拆卸的花盆架。包括有固定在支撑脚(2)上的花盆架体(1)，其特征在于支撑脚(2)包括有至少两根支撑杆，若干支撑杆的上端通过可拆式连接结构固定在花盆架体(1)上，若干支撑杆的中部或下部也通过可拆式连接结构固定在连接板(3)上。上述若干支撑杆支撑杆的上端插装在花盆架体(1)所设的插槽上。上述若干支撑杆的中部或下部通过所设的卡扣与连接板(3)所设的凹槽卡紧固定在一起，或上述若干支撑杆的中部或下部通过所设的凹槽与连接板(3)所设的卡扣卡紧固定在一起。本实用新型结构简单，拆装快捷方便，美观大方，使用安全可靠，承载重量可达35公斤。
4. 202538690 一种用于花卉植物栽培基质搅拌的搅拌机
CN
21.11.2012
B01F 9/02 Loading...
B01F 9/02
Loading...
201220028378.9
广州绿航农业科技有限公司
程德成
B01F 9/02
Loading...
本实用新型是一种用于花卉植物栽培基质搅拌的搅拌机。包括有搅拌机滚筒(1)、电机(2)、过滤网筒(3)，其中搅拌机滚筒(1)的转轴与电机(2)的输出轴连接，过滤网筒(3)与搅拌机滚筒(1)轴向相邻设置，且过滤网筒(3)与搅拌机滚筒(1)连接。上述过滤网筒(3)的旁侧还装设有能承接被过滤网筒(3)甩出的杂料的杂料箱(4)。本实用新型是利用市场上现有的搅拌机进行改装后用于花卉植物栽培基质的搅拌及筛选，基质通过搅拌机充分混合后从搅拌机的搅拌机滚筒出料口排出至过滤网筒，合格的基质直接从过滤网筒的筛网滤出，不合格的大块基质及石头杂料，随过滤网筒的筛网转动甩到杂料箱内。通过搅拌机搅拌的花卉植物栽培基质，混合均匀质量好，有效提高了生产效率、降低了生产成本。
5. 202027244 一种屏风花盆架
CN
09.11.2011
A47G 7/02 Loading...
A47G 7/02
Loading...
201020670208.1
广州绿航农业科技有限公司
程德成
A47G 7/02
Loading...
本实用新型是一种屏风花盆架。包括有放置花盆(1)的花盆框(2)及支撑脚，花盆框(2)通过能拆卸的连接件固定在支撑脚的顶部。上述支撑脚包括有左支撑脚(3)、右支撑脚(4)，花盆框(2)通过能拆卸的连接件固定在左支撑脚(3)及右支撑脚(4)的顶部。本实用新型由于采用包括有放置花盆的花盆框及支撑脚，花盆框固定在支撑脚的顶部，花盆框通过能拆卸的连接件与支撑脚连接的结构，本实用新型可以拆装和折叠，便于用户使用及便于运输。本实用新型是一种设计合理，安装快捷方便，使用性能可靠，外形美观，装配效率高，方便实用的屏风花盆架。
6. 201968270 一种花盆架
CN
14.09.2011
A47G 7/02 Loading...
A47G 7/02
Loading...
201020670176.5
广州绿航农业科技有限公司
程德成
A47G 7/02
Loading...
本实用新型是一种花盆架。包括有支撑脚(1)及固定在支撑脚(1)顶部的花盆托盘(2)，其特征在于花盆托盘(2)通过能拆卸的连接件(3)与支撑脚(1)连接。本实用新型由于采用包括有支撑脚及固定在支撑脚顶部的花盆托盘，花盆托盘通过能拆卸的连接件与支撑脚连接的结构，本实用新型可以拆装和折叠，便于用户使用及便于运输。本实用新型是一种设计合理，安装快捷方便，使用性能可靠，外形美观，装配效率高，方便实用的花盆架。
7. 201953759 一种温室大棚斜撑支架连接头
CN
31.08.2011
F16B 7/08 Loading...
F16B 7/08
Loading...
201020670202.4
广州绿航农业科技有限公司
程德成
F16B 7/08
Loading...
本实用新型是一种温室大棚斜撑支架连接头。包括有主连接件(1)及分支连接件(2)，其中分支连接件(2)固装在主连接件(1)的外侧壁上。本实用新型由于采用设有主连接件及分支连接件的结构，本实用新型在安装使用时，将温室大棚的横梁安装在主连接件上，再将温室大棚斜支撑杆安装在分支连接件上，本实用新型支架连接头可以将温室大棚的横梁、温室大棚斜支撑杆等构件在地面组装，安全可靠，效率高。本实用新型是一种结构简单，成本低，方便实用的温室大棚斜撑支架连接头。
8. 201919397 一种植物栽培装置
CN
10.08.2011
A01G 9/02 Loading...
A01G 9/02
Loading...
201020670224.0
广州绿航农业科技有限公司
程德成
A01G 9/02
Loading...
本实用新型是一种植物栽培装置。包括有底盆(1)，其中底盆(1)上还装设有立柱(2)，立柱(2)是一个中空的筒体，且立柱(2)的筒体侧壁上设有通孔(3)。本实用新型由于采用底盆上还装设有立柱，立柱是一个中空的筒体，且立柱的筒体侧壁上设有通孔的结构，使用时，底盆内用含有一定养分的土壤坐实，表面用利于植物生长的基质覆盖，在立柱的中空腔体内全部装满基质，这样不仅底盆内看种植绿萝等植物，立柱的通孔也可以种植绿萝等植物，本实用新型便于绿萝等植物的生长，有效减少绿萝等植物的生长周期，提高绿萝等植物的观赏性。本实用新型是一种结构简单，方便实用的植物栽培装置。
9. 201925283 一种温室大棚支架连接头
CN
10.08.2011
F16B 7/08 Loading...
F16B 7/08
Loading...
201020670244.8
广州绿航农业科技有限公司
程德成
F16B 7/08
Loading...
本实用新型是一种温室大棚支架连接头。包括有主连接件(1)及若干分支连接件(2)，其中若干分支连接件(2)固装在主连接件(1)的外侧壁上。本实用新型由于采用设有主连接件及分支连接件的结构，本实用新型在安装使用时，将温室大棚立柱安装在主连接件上，再将温室大棚横梁、大棚顶支撑杆等安装在分支连接件上，本实用新型支架连接头可以将温室大棚立柱、温室大棚横梁、大棚顶支撑杆等构件在地面组装，安全可靠，效率高。本实用新型是一种结构简单，成本低，方便实用的温室大棚支架连接头。
10. 201577343 一种花盆
CN
15.09.2010
A01G 9/02 Loading...
A01G 9/02
Loading...
200920273649.5
广州绿航农业科技有限公司
程德成
A01G 9/02
Loading...
本实用新型公开了一种花盆，传统的花盆在浇花后多余的水分会随意漏出，弄脏环境。本实用新型花盆，包括盆体，还包括隔泥网，所述隔泥网上设有至少一个漏水孔，所述隔泥网安放在盆体内，所述盆体底部设有出水孔，所述出水孔连接有竖直摆放的可视水管。本实用新型通过在花盆里放置隔泥网，在底部设置出水孔以及出水孔处连接可视水管，使浇花多余的水分存储在花盆底部，不会随意漏出弄脏环境，多余的水分可以通过可视水管放出；花盆底部存放的多余水分可以通过蒸发扩散湿润泥土，从而可以减少浇花的次数。本实用新型作为一种新型花盆广泛应用于园艺领域。
11. 101810128 Cultivation method of aglaonema commutatum 'pseudo-bracteatum' white rajah
CN
25.08.2010
A01G 31/00 Loading...
A01G 31/00
Loading...
201010100324.4
Guangzhou Green-sail Agriculture Co., Ltd.
Cheng Decheng
A01G 31/00
Loading...
The invention discloses a cultivation method of aglaonema commutatum 'pseudo-bracteatum' white rajah, which comprises the following steps that: expanded perlite and peat are mixed uniformly to prepare a matrix, and the matrix is potted; a healthy aglaonema commutatum 'pseudo-bracteatum' white rajah mother plant without disease and pest is selected, cut into sections, inserted into the pot and well placed, and roof fixing water is poured in; after cutting, the initial temperature is maintained to be 15 to 30DEG C, the relative humidity is 80 to 90 percent, and the illumination is below 10000Lux; after new root of the seedling grows, the illumination is maintained to be 10000 to 20000Lux, and the relative humidity is 70 to 80 percent; and after growing to be about 50cm high and 4 to 5 pieces, the aglaonema commutatum 'pseudo-bracteatum' white rajah can be sold. The method has the advantages of high seedling production rate, high growth speed, 2 to 3 times yield of that of a traditional growing method, full plant shape, bright leaves, short nodes, good product quality, export standard satisfaction and transportation resistance.
12. 101766112 Cultivation method of scindapsus aureus hanging basket
CN
07.07.2010
A01G 31/00 Loading...
A01G 31/00
Loading...
201010100325.9
Guangzhou Green-sail Agriculture Co., Ltd.
Cheng Decheng
A01G 31/00
Loading...
The invention discloses a cultivation method of scindapsus aureus hanging basket. The method comprises that fine perlite, coir dust and peat are mixed completely to obtain seedling matrix, and the seedling matrix is packed separately. Scindapsus aureus long vine is cut to be cuttings and soaked into water with the temperature of 40 to 45 DEG C, after the cuttings are soaked for 10 to 15 minutes, then the cuttings are taken out and water accumulated on leaf surface of the cuttings is dried. The cuttings are soaked into water after being cut, then are transferred to a nursery bed. In the first to the tenth day after being cut, the temperature is maintained to be 20 to 32 DEG C, the illumination is less than 5000 Lux, the illumination is increased gradually after 10 days, the illumination can reach 20000 Lux after new roots are grown, until the plant shape is plumpy and matrix can not be seen by direct vision, the illumination is decreased to less than 10000 Lux, then the cuttings are cultured for 7 to 10 days and sold. In the invention, the quality of the scindapsus aureus hanging basket which is cultured by the cultivation method is good, the leaf surface is clean and lustrous and the ornamental is pretty good. The weight is light by using the soilless culture, the pesticide residual volume is low, the production mode is environmental friendly, and has high and stable yield.
13. 101711498 Flowerpot
CN
26.05.2010
A01G 9/02 Loading...
A01G 9/02
Loading...
200910247106.0
Guangzhou Green-sail Agriculture Co., Ltd.
Cheng Decheng
A01G 9/02
Loading...
The invention discloses a flowerpot. In the conventional flowerpot, redundant water leaks out randomly after watering the flowers so as to pollute the environment. The flowerpot of the invention comprises a pot body and a soil separation net, wherein the soil separation net is provided with at least one water leakage hole, the soil separation net is placed in the pot body, the bottom of the pot body is provided with a water outlet hole, and the water outlet hole is connected with a visible water pipe placed vertically. The soil separation net is placed in the flowerpot, the bottom is provided with the water outlet hole and the water outlet hole is connected with the visible water pipe, so the redundant water after watering the flowers is stored at the bottom of the flowerpot so as not to leak out randomly to pollute the environment, and the redundant water can be drained through the visible water pipe; and the redundant water stored at the bottom of the flowerpot can moisten the soil through evaporation and diffusion so as to reduce the flower watering frequency. The novel flowerpot is widely applied in the field of gardening.
14. 201445231 花盆架
CN
05.05.2010
A47G 7/02 Loading...
A47G 7/02
Loading...
200920055918.0
广州绿航农业科技有限公司
程德成
A47G 7/02
Loading...
本实用新型花盆架属于种植领域。特别是一种放置花卉盆的架，它是由架体，连接件组成，架体是由三个支撑杆组成，支撑杆中部之间通过轴连接，支撑杆可以绕轴转动，在支撑杆的一端设置连接件，将三个支撑杆的一端连接。使用时，支撑杆绕轴转动后，两端叉开，在三个支撑杆的一端连接的连接件将三个支撑杆的一端连接，保持三个支撑杆叉开，将花盆放置在三个叉开支撑杆的中间，不用时，可以方便的折叠。本实用新型结构简单，使用方便。
15. 201438824 植物培育苗床
CN
21.04.2010
A01G 9/00 Loading...
A01G 9/00
Loading...
200920055919.5
广州绿航农业科技有限公司
程德成
A01G 9/00
Loading...
本实用新型植物培育苗床属于园艺、栽培领域，特别是一种在温室中培育花卉使用的苗床，它是由框架、支撑脚和拉线组成，在框架上安装支撑脚，支撑脚起到支撑框架的作用，在框架上平行间隔设置有拉线，拉线两端固定在框架的两端，拉线在框架上形成平行的轨道，花盆放置在平行的两条拉线之间，由于拉线在框架上形成平行的轨道，使花盆按设定的轨道排列，花盆可以方便的在拉线形成的平行轨道上移动。本实用新型结构简单，成本低，稳定牢靠，花盆排列和移动方便，是一种有利于花卉生长的植物培育苗床。
16. 201436842 温室棚支架连接头
CN
14.04.2010
A01G 9/14 Loading...
A01G 9/14
Loading...
200920055917.6
广州绿航农业科技有限公司
程德成
A01G 9/14
Loading...
本实用新型温室棚支架连接头属于种植领域，它是由连接主体，连接件组成，连接主体是一个中空的筒体，在连接主体的周边设置有连接件，连接件是中空的筒体，连接件焊接在连接主体上，连接件上设置有连接孔。在支撑杆上设置温室棚支架连接头。就可以方便在设置好，不需要在比较高的位置上操作，工作量小，成本降低。本实用新型结构简单，连接方便。
17. 101548627 Plant cultivation seed bed
CN
07.10.2009
A01G 9/00 Loading...
A01G 9/00
Loading...
200910039171.4
Guangzhou Green-Sail Agriculture Science and Technology Co., Ltd.
Cheng Decheng
A01G 9/00
Loading...
The invention discloses a plant cultivation seed bed, in particular a seed bed used for cultivating flowers in a greenhouse, relating to the field of gardening and cultivation. The seed bed consist of a framework, supporting legs and pull wires, wherein the supporting legs are arranged on the framework and play the role of supporting the framework; the pull wires are parallel arranged on the framework at intervals; two ends of the pull wires are fixed at two ends of the framework; the pull wires form parallel tracks on the framework; flowerpots are arranged between two parallel pull wires; and as the pull wires form parallel tracks on the framework to lead the flowerpots to be arranged according to set tracks, and the flowerpots can conveniently move on the parallel tracks formed by the pull wires. The seed bed has simple structure, low cost, stabilization, firmness, and convenient arrangement and movement of flowerpots, and is a plant cultivation seed bed in favor of flower growth.

