1. 106587262 除盐装置
CN
26.04.2017
C02F 1/42 Loading...
C02F 1/42
Loading...
201611169636.4
广州达意隆包装机械股份有限公司
朱定洲
C02F 1/42
Loading...
本发明公开了一种除盐装置。该除盐装置包括除盐舱、多孔板、阴离子交换树脂层、分层树脂层以及阳离子交换树脂层。除盐舱具有反应腔，除盐舱上具有进液口、排气口、出液口、进碱口及再生液出口，进液口、排气口、出液口、进碱口以及再生液出口均连通于反应腔；多孔板设在反应腔内，阳离子交换树脂层、分层树脂层以及阴离子交换树脂层在反应腔内由下至上依次层叠分布，阳离子交换树脂层位于多孔板上，分层树脂层的高度为100‑300mm，再生液出口朝向于分层树脂层以用于排出再生液，进液口、排气口、进碱口以及再生液出口位于阴离子交换树脂层的上方，出液口位于阳离子交换树脂层的下方。该除盐装置再生效果好、能够节约再生药剂。
2. 106587263 水处理装置、离子交换器去污方法以及水处理方法
CN
26.04.2017
C02F 1/42 Loading...
C02F 1/42
Loading...
102016001180064
广州达意隆包装机械股份有限公司
朱定洲
C02F 1/42
Loading...
本发明公开了一种水处理装置、离子交换器去污方法以及水处理方法。其中水处理装置包括离子交换器、再生装置以及清洗装置；所述再生装置连接于所述离子交换器以用于对所述离子交换器进行再生处理。所述清洗装置具有清洗箱、清洗泵、第一管道以及第二管道，所述清洗箱通过所述第一管道连通于所述离子交换器的进液口，所述清洗泵设置在所述第一管道上，所述清洗泵用于将所述清洗箱内的清洗液泵至所述离子交换器内；所述第二管道连通在所述清洗箱以及所述离子交换器的出液口之间；所述第一管道以及所述第二管道上均上设有控制阀。该水处理装置能够有效去除物生物污染、不损坏树脂且操作简单。
3. 104690949 瓶胚输送装置、瓶胚机及瓶胚输送方法
CN
15.03.2017
B29C 49/42 Loading...
B29C 49/42
Loading...
201510133844.8
广州达意隆包装机械股份有限公司
吴志刚
B29C 49/42
Loading...
本发明公开了一种瓶胚输送装置、瓶胚机及瓶胚输送方法，所述瓶胚输送装置包括第一运输通道、第二运输通道、合流通道，所述第一运输通道、第二运输通道汇合形成合流口，合流通道通过合流口分别与第一运输通道、第二运输通道连通，该第一运输通道、第二运输通道、合流通道的宽度均小于瓶胚的支撑环尺寸且大于瓶胚的胚体尺寸。上述瓶胚输送装置及瓶胚输送方法，主要针对上游低速机器与下游高速机器之间的产量差距，当上游低速机器输送瓶胚进入运输通道后，各运输通道的瓶胚将经过合流口汇入合流通道中，瓶胚随着合流通道进入下游高速机器中，采用并列式的瓶胚输送方式，能成倍增加输送能力，使得高配额的瓶胚输送变得简单易行。
4. 206013234 一种瓶盘盖更换装置
CN
15.03.2017
B65C 9/02 Loading...
B65C 9/02
Loading...
201620816851.8
广州达意隆包装机械股份有限公司
王志毅
B65C 9/02
Loading...
一种瓶盘盖更换装置，瓶盘盖通过托瓶盘和连接座安装于设备的旋转座上，转轴与托瓶盘和连接座间的卡板进行轴向限位，而旋转座与连接座之间则通过定位销进行径向上的相互固定。该种瓶盘盖更换装置，卡板和定位销的操作简单，极大地提高了操作的便利性；同时有效提高了瓶盘盖的更换速度和工作效率。
5. 104828576 货柜装卸装置
CN
15.03.2017
B65G 67/02 Loading...
B65G 67/02
Loading...
102015000175321
广州达意隆包装机械股份有限公司
郑启明
B65G 67/02
Loading...
本发明公开了一种货柜装卸装置，包括控制装置、货物输送带、定位机构，抓取机器人及抓取机器人移动机构，货物输送带、定位机构、抓取机器人及抓取机器人移动机构均与所述控制装置电性连接，抓取机器人设置有能够移动至所述货物输送带上的夹具；定位机构包括设置于货物输送带上的货物感测装置及设于所述夹具上的测距装置，货物感测装置及测距装置均与所述控制装置电性连接。上述货柜装卸装置通过所述抓取机器人移动机构带动抓取机器人进入到货柜内部，货物感测装置感测到后并将此信息发送给控制装置，控制装置控制抓取机器人抓取货物，并根据测距装置测量货柜内的位置距离，将货物放置到需要的位置；或者安装相反流程进行卸货。
6. 206011050 一种装载机器人的移动装置
CN
15.03.2017
B25J 5/00 Loading...
B25J 5/00
Loading...
201620509357.7
广州达意隆包装机械股份有限公司
陈健鹏
B25J 5/00
Loading...
本实用新型公开了一种装载机器人的移动装置，包括移动单元，移动单元装载机器人，所述的机器人采用拖线送电；拖线电缆分别连接机器人和移动单元的电源输入端。由于机器人摒弃了传统的电池供电方式，采用拖线技术，可以实现单相或三相大功率输电。机器人得到大功率输电后可进行工作强度更大的工作，而无需担心缺电的问题。同时移动装置可以在拖线尽可能长的情况下实现大半径作业，不再受自身电池电量的限制。搭载控制箱，可以仅需接入动力线而通过控制箱转换成机器人和移动单元所需的动力线及控制线，简化了线缆布置。
7. 206014357 一种旋盖止旋刀
CN
15.03.2017
B67B 3/20 Loading...
B67B 3/20
Loading...
201620980494.9
广州达意隆包装机械股份有限公司
饶艳新
B67B 3/20
Loading...
一种旋盖止旋刀，安装板的内侧顶部开有向内凹陷的凹台，支撑钉的底部安装于安装板的凹台内，顶部凸出于安装板上方且为尖角状；安装板采用奥氏体不锈钢整体制作而成，支撑钉采用硬质陶瓷制作而成。该旋盖止旋刀在保证原有高塑性和卫生清洁度的同时，可以有效提高与瓶体接触部分的强度、硬度和耐磨性，从而极大地降低止旋刀磨损的可能性，进而保证生产的稳定性和产品质量，还可以降低设备损耗，降低生产成本。
8. WO/2017/035885 HEATING LAMP-TUBE FOR BOTTLE BLOWING MACHINE
WO
09.03.2017
B29C 49/68 Loading...
B29C 49/68
Loading...
PCT/CN2015/090665
GUANGZHOU TECH-LONG PACKAGING MACHINERY CO., LTD.
ZOU, Daqun
B29C 49/68
Loading...
A heating lamp-tube for a bottle blowing machine comprises a tube body (1). A lamp filament (13) is disposed inside the tube body (1). A cross section of the tube body (1) consists of: an arc curve section (11) facing to a bottle preform (100); a parabola section (12) that is connected to the arc curve section (11) and that is back to the bottle preform (100); a hyperbola section; or an elliptic curve section. The lamp filament (13) is located at the focus of the parabola section (12) and the hyperbola section or the elliptic curve section. A coating layer (2) capable of reflecting light rays is disposed on the surface of the parabola section (12) or the surface of the hyperbola section or the surface of the elliptic curve section respectively. The lamp-tube has a good light ray reflection efficiency and can effectively improve the utilization rate of light energy.
9. 106477336 一种吸盘夹具
CN
08.03.2017
B65G 57/04 Loading...
B65G 57/04
Loading...
201611060824.3
广州达意隆包装机械股份有限公司
邓定迎
B65G 57/04
Loading...
本发明公开了一种吸盘夹具，包括吸合部件，吸合部件的一侧设置有承托部件，承托部件一端与驱动部件连接，驱动部件驱动承托部件运动，承托部件运动至物品底部可帮助承托吸盘吸取的物品，承托部件离开物品底部便于放置物品和吸取下一物品。本发明提供了一种顶面和侧面均可作用的吸盘夹具，在码垛低层物品时可吸取物品顶面进行码垛，在码垛高层物品时可吸取物品侧面进行码垛，减少码垛时需要占用的顶部空间，使码垛的物品尽可能的在有限的空间内放满，解决了目前吸盘夹具导致的物品堆放空间得不到充分利用，浪费了大量的顶部空间问题，同时也实现了用一套夹具实现两种方式抓取，提高了夹具通用性。
10. 106477500 一种灌装机的排气结构
CN
08.03.2017
B67C 3/26 Loading...
B67C 3/26
Loading...
201611065491.3
广州达意隆包装机械股份有限公司
杨恢光
B67C 3/26
Loading...
一种灌装机的排气结构，通过实现分步排气，避免因排气过快而导致的灌装瓶内产生泡沫溢出，从而提高灌装工作效率；而由于仅仅通过一个阀杆动作便实现了分步排气，因此，大幅简化了排气结构，结构更加简单，维护更加便利；另外，由于使用的密封件大幅减少，因此，可以避免细菌滋生，保障灌装质量。
11. 106426880 一种吹瓶机开合机械手
CN
22.02.2017
B29C 49/42 Loading...
B29C 49/42
Loading...
201610962518.2
广州达意隆包装机械股份有限公司
宋奎伟
B29C 49/42
Loading...
一种吹瓶机开合机械手，包括绕轴线旋转的支撑盘和凸轮盘，凸轮盘上设有伸缩凸轮和开合凸轮，支撑盘上装有带可移动滑轨的滑块，滑轨通过伸缩导轮与伸缩凸轮的作用而伸向瓶胚，同时，滑轨末端连接板上的开合臂通过开合导轮与开合凸轮的作用而驱动第一夹手张开，第一夹手与第二夹手之间又通过齿轮板相互驱动而同时张开。该吹瓶机开合机械手实现了夹手的主动张开，从而避免传统被动张开方式中夹手对瓶胚的伤害和对夹手的精度要求，进而有效地保护了瓶胚，并提高了产品的质量和合格率，同时降低了夹手的加工要求。
12. 106428849 一种灌装管路系统
CN
22.02.2017
B65B 65/00 Loading...
B65B 65/00
Loading...
201610946611.4
广州达意隆包装机械股份有限公司
卢伟
B65B 65/00
Loading...
本发明公开了一种灌装管路系统，包括回流罐和灌装罐及其相互连接的管路，所述的管路包括进料管路和回流管路；进料管路用于输入液体，回流管路用于将灌装罐的液体回流至回流罐；其特征在于所述的进料管路通过水泵连接回流罐，所述的水泵可使液体依次在回流罐、进料管路、灌装罐与回流管路之间循环。优点在于，可以实现在管路系统内完成CIP配药或者将药水、臭氧水等清洗液通过水泵循环清洗。在更换灌装产品的时候可以不影响下一批次的产品品质。
13. 106428775 一种箱体翻转装置
CN
22.02.2017
B65B 35/56 Loading...
B65B 35/56
Loading...
102016000771096
广州达意隆包装机械股份有限公司
郭沛君
B65B 35/56
Loading...
一种箱体翻转装置，设置于输送带滚筒下方的旋转轴上装有两根相互垂直的翻转杆，驱动器带动滑座沿导向轴运动，安装于滑座上的旋转轴一方面带动翻转杆翻转，从而由翻转杆翻转箱体，另一方面通过齿轮副带动转动臂和调节螺杆运动，此过程中，滑座由输送带的一侧移到另一侧，使得翻转后的箱体大致地保留在翻转前的位置。该箱体翻转装置结构简单，设计巧妙，且易于制作，能有效降低生产成本；其工作快捷、方便，能极大地提高生产效率和自动化程度；同时不会对箱体造成损坏，能有效保护产品。
14. 106395713 一种液体灌装机
CN
15.02.2017
B67C 3/22 Loading...
B67C 3/22
Loading...
201611011666.2
广州达意隆包装机械股份有限公司
张聪敏
B67C 3/22
Loading...
本发明公开了一种液体灌装机，包括环形罐、回流罐、主进液管路、二氧化碳备压管路、灌装管路、灌装备压管路、排气管路、热回流管路。所述的主进液管路通过环形罐连接灌装管路，组成水灌装系统；所述的主进液管路通过环形罐连接灌装管路，环形罐通过热回流管路连接回流罐，组成热灌装系统；所述的主进液管路通过环形罐连接灌装管路，二氧化碳备压管路和灌装备压管路控制压力，组成含气灌装系统。优点在于，可以实现不同液体通过同一条生产线实现灌装，而且液体的种类可以涵盖了目前所有的饮料品种，包括含气的或需要热灌装等。解决了行业内因为更换生产线或多置生产线导致的成本剧增问题，同时也解决了因为调整灌装液体工艺而增加的人力成本。
15. 106395326 一种翻转装置
CN
15.02.2017
B65G 47/248 Loading...
B65G 47/248
Loading...
102016000962517
广州达意隆包装机械股份有限公司
何文明
B65G 47/248
Loading...
一种翻转装置，机器人上设有水平翻转的翻转座和翻转板，翻转板上的两夹板在丝杆丝母副的带动下相向或相背移动，以夹取产品或放开夹取的产品，夹板上还设有柔性垫板和通过缓冲杆连接的吸盘，以提高夹取强度和稳定性。通过该翻转装置，可以方便、快速地对产品实施翻转操作，有利于提高生产效率，且该装置结构简单，易于实现，其工作过程稳定，可以有效简化产品装配线结构，同时更好地保护产品免受损伤。
16. 106395049 一种贴标机刮标签机构
CN
15.02.2017
B65C 9/22 Loading...
B65C 9/22
Loading...
201611042970.3
广州达意隆包装机械股份有限公司
桂文
B65C 9/22
Loading...
一种贴标机刮标签机构，有固定安装的外铰链和导柱，导柱上依次套有压缩弹簧、弹簧座和锁紧螺母，梳板通过与外铰链相铰接的内铰链安装于弹簧座靠近胶辊的一端，且梳板的梳齿连线与胶辊轴线相平行。通过该种刮标签机构，可以稳定地逐渐改变梳板与胶辊的距离，且该过程中梳齿连线与胶辊轴线始终处于相互平行状态，其调节精度高，操作方便，可以有效保护胶辊免受损伤，且在取出上胶组件与梳板之间内的碎标签时，操作极为简单、快捷，可极大地降低工作难度和提高工作效率。
17. 106395225 一种机器人智能仓库
CN
15.02.2017
B65G 1/06 Loading...
B65G 1/06
Loading...
102016001103347
广州达意隆包装机械股份有限公司
何文明
B65G 1/06
Loading...
一种机器人智能仓库，包括进料输送带和出料输送带，还包括呈圆状的货架，在货架上放置有多个带有条码信息的周转框，在圆状的货架上开设有缺口，所述进料输送带及出料输送带设置在该缺口处，在圆状货架的圆心处设置有六轴机器人，六轴机器人的前臂上安装有抓取周转框的夹具，所述进料输送带上安装有扫描周转框上的条码信息的扫码器，该机器人智能仓库可节省人力存取货，且可大幅提高存取物料的工作效率。
18. 106390158 一种用于牛奶灌装的杀菌装置及方法
CN
15.02.2017
A61L 2/22 Loading...
A61L 2/22
Loading...
102016000925608
广州达意隆包装机械股份有限公司
郑礼深
A61L 2/22
Loading...
本发明公开了一种用于牛奶灌装的杀菌装置，包括气源三联体，用于对压缩空气进行除水除油；二级除菌过滤器，用于对压缩空气进行除菌过滤；加热器，用于将压缩空气加温烘干包材；雾化器，用于将消毒液与除菌过滤后的压缩空气结合雾化并对包材喷射消毒。优点在于，对包材内部的杀菌和清洗分为两步：首先第一步为杀菌装置对包材进行消毒液雾化杀菌；第二步为热空气烘干。整个消毒过程由于消毒液是呈雾状，可对包材内部整个空间进行彻底杀菌，且消毒液用量较以往大大减少。其次第二步热空气烘干，确保无消毒液残留于包材上，提高牛奶的品质。
19. 106362527 一种无菌气过滤系统
CN
01.02.2017
B01D 50/00 Loading...
B01D 50/00
Loading...
201610924580.2
广州达意隆包装机械股份有限公司
郑礼深
B01D 50/00
Loading...
本发明公开了一种无菌气过滤系统，包括高压空气管路，依次设有第一手动调节阀、气动三联装置、第二手动调节阀、油雾分离器、初级气体过滤器、气动阀、二级气体过滤器、气动隔膜阀和手动隔膜阀；在二级气体过滤器的输入节点接入一路蒸汽管路；所述的蒸汽管路用于对二级气体过滤器杀菌。优点在于，在生产线工作前和工作后都无需人工进行杀菌过程。高温的蒸汽通过蒸汽管路先经过自身管路的无菌过滤后，直接进入高压空气管路中的二级气体过滤器。整个高温杀菌的过程中都不需要拆卸精密的二级气体过滤器，完全保证了整个管路系统中的无菌状态。
20. WO/2017/012193 MOLD CLAMPING MECHANISM OF BLOW MOLDING DEVICE
WO
26.01.2017
B29C 49/56 Loading...
B29C 49/56
Loading...
PCT/CN2015/090403
GUANGZHOU TECH-LONG PACKAGING MACHINERY CO., LTD.
ZOU, Daqun
B29C 49/56
Loading...
Disclosed in the present invention is a mold clamping mechanism of a blow molding device. A self-locking position is arranged at an ending point of a slide channel, on a side of a swing arm away from a hinged shaft. When rolling along a mold clamping guide rail, a roller of a roller assembly drives the swing arm to swing so as to drive a shifting shaft to move relative to the slide channel. When the shifting shaft moves from a starting point to the ending point of the slide channel, a connecting block and a mold clamping shaft assembly are driven to descend. When the shifting shaft moves into the self-locking position of the sliding channel, a pin bolt exits downwards from an insertion hole and the self-locking is realized. Unlike the prior art, the present invention does not need to dispose a bolt hole and a mold clamping bolt that can be inserted into the bolt hole, thus avoiding strong impact and loud noise typically generated by the prior art, and also preventing common situations of unstable and unreliable operation and short service life in the prior art.
21. 104890936 块状食品上料系统及方法
CN
25.01.2017
B65B 35/44 Loading...
B65B 35/44
Loading...
201510267259.7
广州达意隆包装机械股份有限公司
黄健
B65B 35/44
Loading...
本发明提出一种块状食品上料系统及方法，该系统包括依次设置的进料装置、取料装置及出料装置；所述进料装置包括振动进料斗，与所述振动进料斗连接的加速输送带；所述取料装置包括罩设于所述加速输送带端部的机架，设置于所述机架上并位于所述加速输送带上方的视觉识别装置，以及设置于所述机架内的取料机器人，所述取料机器人与所述视觉识别装置通信连接；所述出料装置包括料槽输送带，所述料槽输送带端部设置于所述机架内并位于所述取料机器人下方。本发明提出的技术方案，解决了传统技术中块状食品人工上料成本高、效率低、质量差、卫生差的问题。
22. 104444291 一种机械式剔反盖装置
CN
25.01.2017
B65G 47/256 Loading...
B65G 47/256
Loading...
102014000680968
广州达意隆包装机械股份有限公司
吴锡林
B65G 47/256
Loading...
本发明涉及一种机械式剔反盖装置，包括运行通道，运行通道具有开口区，运行通道的上方设有与开口区相应的摆动杆。开口区一侧中部设有凸起结构，摆动杆指向开口区的另一侧。若盖子盖底朝下，盖子开口方向朝上时，摆动杆落在盖体内，盖子不受摆动杆作用力，且盖底被支撑板所支撑，在后续盖子的推动下，盖子能够顺利滑过摆动杆并通过开口区。反之，由于盖子开口区部分与凸起结构接触，且摆动杆抵触盖底，盖子受到摆动杆向下作用力，如此，盖子经开口区在摆动杆作用下被剔出运行通道。可见，本发明所述机械式剔反盖装置，结构简单，能较为方便且快速将不符合规定的盖子剔除，相对于传统吹气方式剔反盖，能大大减小了能耗，并能保证盖子不被气体污染。
23. 106315205 码垛机
CN
11.01.2017
B65G 47/82 Loading...
B65G 47/82
Loading...
102015000374363
广州达意隆包装机械股份有限公司
彭杰
B65G 47/82
Loading...
本发明涉及一种码垛机，包括理瓶装置、层隔板区、顶板区、机械手、第一打带机、垛输送装置及垛板，机械手可从层隔板区夹取层隔板置于码垛工位上，并从理瓶装置上夹取瓶子置于码垛工位的层隔板上，第一打带机可对层隔板上的整层瓶子进行扎带，多次重复，从顶板区夹取顶板置于顶层瓶子上，得到码垛好的整垛瓶子；码垛工位设于垛输送装置上，垛输送装置一端设有空垛板区，垛输送装置另一端设有成品出垛区；垛板设于垛输送装置上，且垛输送装置将垛板从空垛板区输送到码垛工位上以进行码垛，垛输送装置将承载着码垛好的整垛瓶子的垛板从码垛工位输送到成品出垛区。上述码垛机实现了铝瓶的自动码垛，自动出垛，工艺连续，生产效率高，使用方便。
24. 103738722 泵头盖理盖器
CN
04.01.2017
B65G 47/28 Loading...
B65G 47/28
Loading...
102014000004210
广州达意隆包装机械股份有限公司
刘振宗
B65G 47/28
Loading...
一种泵头盖理盖器，包括支撑机构、传动机构、理盖机构和出盖机构；将泵头盖放置于理盖机构的转盘上，转盘在传动轴驱动下旋转，使转盘上的泵头盖相对于转盘发生移位，泵头盖移位至第一盖槽时，泵头盖因其自身重力分布不均而在第一盖槽内翻转，并由于第一盖槽的槽宽大于泵头盖吸管的直径、小于泵头盖盖体的直径，泵头盖在第一盖槽内均呈吸管朝下地排列；并在离心力的作用下沿第一盖槽运动至转盘边缘；第一盖槽转动至与出盖机构相交处时，其内排列的泵头盖进入第二盖槽并移送出理盖器。泵头盖不会受到泵头盖之间相互作用力的影响，保证了泵头盖顺利有序的落入第一盖槽，更不会发生相互挤压、挤飞的现象。
25. 104528324 具有卡瓶保护功能的落瓶装置及防卡瓶的方法
CN
04.01.2017
B65G 43/08 Loading...
B65G 43/08
Loading...
102014000698967
广州达意隆包装机械股份有限公司
李健
B65G 43/08
Loading...
本发明公开了一种具有卡瓶保护功能的落瓶装置及防卡瓶的方法，所述具有卡瓶保护功能的落瓶装置包括伸缩气缸、位置检测件、第一导轨、第二导轨、第一连接件、第二连接件、第一感应件、第二感应件，所述伸缩气缸设置在空瓶输送线的上方，第一连接件的一端与伸缩气缸的杆体可转动连接，另一端与第一导轨固定连接，且第一连接件与空瓶输送线可转动连接，第二连接件的一端与伸缩气缸的缸体可转动连接，另一端与所述第二导轨固定连接，且第二连接件与空瓶输送线可转动连接，第一感应件、第二感应件沿空瓶输送线的传送方向分别设置在第一导轨、第二导轨的两侧，位置检测件设置在伸缩气缸上。该装置及方法能及时解决卡瓶问题，提高生产效率。
26. 106276757 灌装机
CN
04.01.2017
B67C 3/26 Loading...
B67C 3/26
Loading...
102015000364005
广州达意隆包装机械股份有限公司
刘方城
B67C 3/26
Loading...
本发明涉及一种灌装机，包括机架、储料容器、灌装装置和灌装台，灌装台位于机架上，灌装台上设有灌装位，储料容器设于机架上，储料容器与灌装装置连接，且灌装装置与灌装位相对而设，灌装装置可相对机架在远离或靠近灌装台的方向上移动，从而改变灌装装置与灌装位的距离。上述灌装机，灌装装置可相对机架在远离或靠近灌装台的方向上移动，从而改变灌装装置与灌装位的距离，因此不同高度的待灌装桶可放置于灌装位和灌装装置之间，使其能够实现不同容量、不同高度的待灌装桶的自动切换灌装和高度的精确调节，自动化程度大大提高，不需要人工手动操作，节约了人工和更换时间，提高了生产效率。
27. 106241702 一种果粒灌装阀的CIP冲洗假杯结构
CN
21.12.2016
B67C 3/28 Loading...
B67C 3/28
Loading...
201610862218.7
广州达意隆包装机械股份有限公司
刘炳香
B67C 3/28
Loading...
一种果粒灌装阀的CIP冲洗假杯结构，要对灌装机进行CIP冲洗时，将CIP冲洗假杯的阀嘴套连接在灌装阀的出口处，上移阀嘴套底部的通止塞，使通止塞上的环形孔移动至阀嘴套内部，与阀嘴套内部的空间连通，随即开起冲洗模式，水流将残留果粒冲至CIP冲洗假杯的阀嘴套内，由通止塞侧壁上的环形孔进入通止塞底部的凹槽内，由凹槽底部开口流出假杯，排除灌装阀内的残留果粒后，操作人员将通止塞下移，使通止塞上的限位板下移至与通孔处的阀嘴套内部底面相抵，以封闭住阀嘴套底部的通孔，此时，可开始对灌装机进行CIP冲洗。该种CIP冲洗假杯结构的结构简单，无需人工冲洗灌装机内的残留果粒，可快速完成残留果粒的排除，省时省力，提高了工作效率，降低了生产成本。
28. 106241314 一种理盖装置
CN
21.12.2016
B65G 47/256 Loading...
B65G 47/256
Loading...
102016000802907
广州达意隆包装机械股份有限公司
杨恢光
B65G 47/256
Loading...
一种理盖装置，转盘的直径小于圆筒，转盘与圆筒内壁之间安装有固定环，环形挡圈安装于固定环的上方，且环形挡圈的宽度大于固定环和瓶盖直径，既使得环形挡圈的一部分位于转盘上方，又可以使进入环形挡圈下方的瓶盖，无论正盖还是反盖都不会受到圆筒内部其它瓶盖的干扰，圆筒连接输出通道的出口处安装有引导块，引导块对应凸字形瓶盖的凸台设有凹槽，使得正盖顺利通过引导块进入输出通道，而反盖则被导入转盘的整理段进行重新整理。该理盖装置可满足凸字形瓶盖的整理需要，且有利于简化设备结构，降低气体消耗和噪音影响，保证设备工作的稳定性，提高设备使用寿命和提高工作效率。
29. 205815488 一种卫生型反渗透膜壳
CN
21.12.2016
B01D 63/00 Loading...
B01D 63/00
Loading...
202016000444761
广州达意隆包装机械股份有限公司
朱定洲
B01D 63/00
Loading...
一种卫生型反渗透膜壳，包括壳体，壳体一端设置有进水口，壳体另一端设置有与进水口个数相同的浓水出水口，壳体两端还分别设置有端盖，在端盖内侧还连接有端口贯穿对应端盖的分水器，两个分水器之间设置有膜元件，在进水口一端的分水器与膜元件之间设置有实心插柱，实心插柱一端插入分水器内，另一端插入膜元件的芯部产水道内，在浓水出水口一端的分水器与膜元件之间设置有空心插柱，空心插柱一端插入分水器内，另一端插入膜元件的芯部产水道内。该种结构的膜壳，可使膜元件芯部产水道的净化液体不会倒流入进水端的分水器内，避免此端存在死水区域而导致微生物滋生严重，污染净化液体。
30. 205819686 拨瓶设备
CN
21.12.2016
B65B 43/50 Loading...
B65B 43/50
Loading...
202016000444106
广州达意隆包装机械股份有限公司
王志毅
B65B 43/50
Loading...
本实用新型公开了一种拨瓶设备，包括第一拨瓶星轮、第二拨瓶星轮、连接装置及驱动装置，所述第一拨瓶星轮上沿其外周设有多个第一分瓶拨齿，相邻的两个第一分瓶拨齿之间形成与容器瓶匹配的第一凹陷部，所述第二拨瓶星轮上沿其外周设有多个第二分瓶拨齿，相邻的两个第二分瓶拨齿之间形成与容器瓶匹配的第二凹陷部，所述第一拨瓶星轮与第二拨瓶星轮通过连接装置相连，且所述第一拨瓶星轮与第二拨瓶星轮之间的距离可调，所述第一凹陷部与第二凹陷部对应设置，所述驱动装置与第一拨瓶星轮或第二拨瓶星轮驱动连接。由于第一拨瓶星轮与第二拨瓶星轮之间的距离可调，因而可以满足不同容器瓶的输送需求，达到节约生产成本的目的。
31. 106241268 一种可伸缩并同步移动的运输装置
CN
21.12.2016
B65G 41/00 Loading...
B65G 41/00
Loading...
201610899827.X
广州达意隆包装机械股份有限公司
陈健鹏
B65G 41/00
Loading...
本发明公开了一种可伸缩并同步移动的运输装置，包括移动单元和运输单元，所述运输单元包括固定长度运输部和可伸缩运输部，固定长度运输部设置于移动单元上，其一端与可伸缩运输部的一端连接，可伸缩运输部的另一端与其他设备连接，可伸缩运输部受移动单元的作用伸缩。本发明所述的可伸缩并同步移动的运输装置可以通过移动单元来移动运输单元，从而改变物品运输的位置，并且在移动运输装置的同时不影响其上的物品运输，实现了物品在移动着的输送装置上运动，运输装置包括了固定长度运输部和可伸缩运输部，兼具了现有固定长度运输装置运输平稳和可伸缩运输装置适用范围广的优点。
32. 205818457 一种相框自动组装线
CN
21.12.2016
B29C 65/56 Loading...
B29C 65/56
Loading...
202016000331791
广州达意隆包装机械股份有限公司
林良文
B29C 65/56
Loading...
一种相框自动组装线，包括壳片整料装置、壳片定位装置、压合装置、第一机械手、纸片分拣装置、塑料分拣装置、第二机械手和出料输送带。该自动组装线结构简单、易于实现，同时所需的设备精度较低，可有效降低生产成本和维护成本。
33. 205820347 一种理瓶装置
CN
21.12.2016
B65G 47/90 Loading...
B65G 47/90
Loading...
201620710570.4
广州达意隆包装机械股份有限公司
林良文
B65G 47/90
Loading...
一种理瓶装置，包括进料输送组件、加速输送组件、抓取输送组件、抓取机械人、翻转组件和出料输送组件，瓶子从进料输送组件进入并被其送至加速输送组件处，再由加速输送组件送入抓取输送组件等待抓取机械人抓取，抓取机械人再按照设定方式将瓶子以倒卧状态送入翻转组件，通过翻转组件的作用将倒卧状态的瓶子改变为直立状态，然后最后由出料输送组件送至下一工序进行灌装工作。该理瓶装置可自动地将杂乱的瓶子整理后送至灌装工作，满足了自动化的生产需要，并极大地提高了工作效率，同时有效降低人员的使用需求，进而降低人力成本。
34. 205815484 一种反渗透装置内的膜组
CN
21.12.2016
B01D 61/08 Loading...
B01D 61/08
Loading...
202016000444806
广州达意隆包装机械股份有限公司
朱定洲
B01D 61/08
Loading...
一种反渗透装置内的膜组，包括呈水平设置的多组子膜组，所述子膜组为由多个膜壳依次串联形成，或者子膜组为单个膜壳，还包括呈水平设置的进水管及呈水平设置的浓水出水管，所述进水管和浓水出水管上还设置有个数与子膜组组数相同的连接口，进水管的每个连接口与对应子膜组中的首个膜壳的进水端连通，浓水出水管的每个连接口与对应子膜组中的尾部膜壳的浓水出水端连通，相邻子膜组中水平相对布置的膜壳的进水端相连通，且相邻子膜组中水平相对布置的膜壳的浓水出水端相连通。该种膜组的液体可均匀分布至各膜壳，提高膜壳利用率。
35. 205820852 一种防交叉污染结构
CN
21.12.2016
B67C 3/00 Loading...
B67C 3/00
Loading...
201620709827.4
广州达意隆包装机械股份有限公司
付巧明
B67C 3/00
Loading...
一种防交叉污染结构，包括连接相邻设备的连接管，所述连接管底部表面连通有排泄管，排泄管两侧的连接管上分别设置有第一截止阀，排泄管上还设置有第二截止阀。该防交叉污染结构对液体灌装过程起到了双重保护，有效避免相邻设备中的合格产品受到清洗液的污染，避免灌装成品因清洗液污染而不合格，提高了生产效率，而该防交叉污染结构的结构简单，成本低，其造价不超过市场上购买可得的防交叉污染装置的价格的30%，在有效保证了产品质量的同时，大幅降低了生产成本。
36. 205818422 一种吹瓶机模具快速更换机构
CN
21.12.2016
B29C 49/48 Loading...
B29C 49/48
Loading...
201620681058.1
广州达意隆包装机械股份有限公司
邹大群
B29C 49/48
Loading...
一种吹瓶机模具快速更换机构，成型模具上开设卡槽，驱动器通过驱动块带动锁块压紧卡槽从而将成型模具锁定，也可以带动锁块退出卡槽而将成型模具解锁；其中，模具的锁定由驱动器内的压缩弹簧提供动力，在需要更换模具时则充入低压压缩空气实现解锁。该快速更换机构通过卡槽和锁块的配合，可快速地完成成型模具的锁紧和解锁工作，其操作极其方便，有效地提高了工作效率。
37. 205772108 一种机器人自动装车系统
CN
07.12.2016
B65G 67/10 Loading...
B65G 67/10
Loading...
202016000509358
广州达意隆包装机械股份有限公司
赵景峰
B65G 67/10
Loading...
本实用新型公开了一种机器人自动装车系统，包括：码垛平台和设备平台；移动装置运载机器人并对机器人供电；伸缩输送线可直线伸缩以适应机器人的工作位置；机器人将货物码垛到码垛平台，自动调节相对位置。通过伸缩输送线将货物灵活运输到码垛平台的不同位置，然后载有机器人的移动装置自动调节机器人与码垛之间的相对位置。机器人可以通过环境感应装置的扫描，检测到将货物码垛的立体位置、机器人与车厢相、货物相对位置，根据以上位置的信息将每个货物整齐地码垛到不同位置。在完成若干排码垛后，机器人会自动控制移动装置往后移动，使机器人与码垛的工作位置保持在正常范围。循环码垛和移动调整机器人的位置，可以实现无人工值守的装车工作。
38. 106185292 一种压缩机定位装置
CN
07.12.2016
B65G 47/82 Loading...
B65G 47/82
Loading...
102016000741688
广州达意隆包装机械股份有限公司
邓检宝
B65G 47/82
Loading...
一种压缩机定位装置，输送带输送压缩机，输送带下方设有将压缩机顶起并离开输送带的顶升机构，输送带的两侧分别装有夹持压缩机主机身的定位机构，其中一个定位机构的夹持端具有弹性，且其中一个定位机构上装有推动压缩机分液器并使压缩机转动至设定角度的调节机构。该压缩机定位装置可以实现压缩机输送和码放的自动化，同时，机械人只需对压缩机进行简单的直线运输即可满足码放要求，既可以顺利提高工作效率和码放质量，又降低了机械人的使用要求，使一般的机械人均能满足生产所需。
39. 205773206 一种拔盖旋盖装置
CN
07.12.2016
B67B 7/00 Loading...
B67B 7/00
Loading...
202016000439199
广州达意隆包装机械股份有限公司
邓检宝
B67B 7/00
Loading...
一种拔盖旋盖装置，安装板固定安装在可移动的机械手上，拔盖机构、抓取机构和旋盖机构分别安装在安装板上的不同位置，机械手运动时即可带动拔盖机构、抓取机构和旋盖机构移动至工作位置，拔盖机构用于拔除通过过盈配合直接覆盖在出油口的上方的一类盖子，而旋盖机构用于拔除通过螺纹副固定在油桶的出油口内的一类盖子，而抓取机构则可以将罐体的盖子位置移至拔盖机构或旋盖机构的工位处。该种拔盖旋盖装置，能够提供多种功能，满足了不同类型盖子、不同类型瓶子或罐体的生产需要，其自动化程度高，可有效提高生产效率。
40. 205791639 一种载有用电设备的移动装置
CN
07.12.2016
H02J 7/00 Loading...
H02J 7/00
Loading...
202016000509359
广州达意隆包装机械股份有限公司
陈健鹏
H02J 7/00
Loading...
本实用新型公开了一种载有用电设备的移动装置，包括移动单元，所述的移动单元设有搭载用电设备的平台，其特征在于，所述的移动装置还包括线缆和线缆收纳单元；所述的线缆一端连接远端电源，一端连接移动单元；所述的线缆连接远端电源的一端收纳于收纳单元。优点在于，应用拖线技术后，可以实现移动装置远距离活动，并且可以承载大功率用电器，无需重复充电。所要求提供的电源可以采用单相电源也可以采用三相电源，根据实际情况灵活使用。设置收纳单元后，只要在卷筒允许收纳长度范围内都可以搭载使用。而支承单元可以避免线缆在长距离移动后悬垂度过大而接触地面或其他设备，均衡线缆应力。
41. 205773684 一种船舰用海水淡化装置
CN
07.12.2016
C02F 9/02 Loading...
C02F 9/02
Loading...
202016000482179
广州达意隆包装机械股份有限公司
朱定洲
C02F 9/02
Loading...
一种船舰用海水淡化装置，包括通过管道依次顺序连通的自清洗过滤器、超滤净水设备、第一供水泵、保安过滤器、极低压反渗透设备、回吸水箱、产水箱，所述极低压反渗透设备包括与保安过滤器连通的第三供水泵，第三供水泵分别与一级RO单元、二级RO单元连通，一级RO单元通过第四供水泵与二级RO单元连通，一级RO单元及二级RO单元还分别与回吸水箱连通，所述第三供水泵与一级RO单元连通的管道上、第三供水泵与二级RO单元连通的管道上、一级RO单元与回吸水箱连通的管道上以及一级RO单元与二级RO单元连通的管道上分别设置有阀门，所述回吸水箱高度高于极低压反渗透设备及产水箱高度。该装置，其能耗低、重量小、淡化级别高、使用寿命长。
42. 205738453 贴标轮装置
CN
30.11.2016
B65C 9/26 Loading...
B65C 9/26
Loading...
202016000441968
广州达意隆包装机械股份有限公司
王志毅
B65C 9/26
Loading...
本实用新型公开了一种贴标轮装置，包括贴标轮主体、标头组件、标尾组件及吸气装置，所述标头组件及标尾组件间隔设置在贴标轮主体上，且所述标头组件与标尾组件之间的距离可调，所述标头组件上设有标头吸气孔，所述标尾组件上设有标尾吸气孔，所述标头吸气孔、标尾吸气孔分别与吸气装置的吸入口连通。上述贴标轮装置工作时，标签的头部受到标头吸气孔的吸力作用，标签的尾部受到标尾吸气孔的吸力作用，使标签牢牢吸附在贴标轮主体上。而后标签与包装件相接触，从而将带有热熔胶的标签贴附在包装件上。由于标头组件与标尾组件之间的距离可调，因此可以根据所需贴附的标签对两者之间的距离进行调整，该贴标轮装置兼容性好，能大大地节约生产成本。
43. 205739312 一种双提手整理压装装置
CN
30.11.2016
B65G 47/24 Loading...
B65G 47/24
Loading...
202016000414913
广州达意隆包装机械股份有限公司
严祖雄
B65G 47/24
Loading...
一种双提手整理压装装置，倾斜转盘设置于旋转筒内，且两者间的轴线成一夹角，固定筒安装于旋转筒的顶面之上，滑槽的入口设置于固定筒的内壁，滑槽的出口处安装有将双提手压装到瓶子上的压装机构。该装置结构巧妙，利用旋转筒与倾斜转盘的转速叠加，使得双提手在装置内成倾斜椭圆轨道运动，从而实现双提手的自动整理工作，然后再由压装组件压装即可，其利用了较为简单的结构解决了现有的技术问题，顺利提高了自动化程度，进而提高了生产速度和工作效率，同时降低了所需的人工成本。
44. 205708577 一种双导轨瓶体风力输送线
CN
23.11.2016
B65G 35/00 Loading...
B65G 35/00
Loading...
201620525034.7
广州达意隆包装机械股份有限公司
李健
B65G 35/00
Loading...
一种双导轨瓶体风力输送线，壳体的一侧开口，该开口的内、外两侧分别安装有对瓶体的瓶口支撑环进行导向的顶导轨和下导轨，两块下导轨分别设置于壳体开口的两侧边，顶导轨与下导轨的距离由两侧边向中间逐渐变小，并围成供瓶口支撑环放置的风道，风道位于壳体开口侧边的一侧安装风口板，风口板上设有向风道吹风的吹风口。通过该结构，一方面使得风力集中在瓶口支撑环，瓶体可能产生的晃动程度得到极大的降低，也不会产生翘起现象，从而使得瓶体的输送更加平稳；另一方面，顶导轨和下导轨位于瓶口支撑环一侧的距离较小，对瓶体有更明显的限制作用，瓶体无法产生大幅度的晃动或窜动，可以进一步提高瓶体输送的稳定性。
45. 106079379 一种吹瓶机模具快速更换机构
CN
09.11.2016
B29C 49/48 Loading...
B29C 49/48
Loading...
201610507414.2
广州达意隆包装机械股份有限公司
邹大群
B29C 49/48
Loading...
一种吹瓶机模具快速更换机构，成型模具上开设卡槽，驱动器通过驱动块带动锁块压紧卡槽从而将成型模具锁定，也可以带动锁块退出卡槽而将成型模具解锁；其中，模具的锁定由驱动器内的压缩弹簧提供动力，在需要更换模具时则充入低压压缩空气实现解锁。该快速更换机构通过卡槽和锁块的配合，可快速地完成成型模具的锁紧和解锁工作，其操作极其方便，有效地提高了工作效率。
46. 106081635 一种横向提升码垛机
CN
09.11.2016
B65G 57/03 Loading...
B65G 57/03
Loading...
201610721103.6
广州达意隆包装机械股份有限公司
邓检宝
B65G 57/03
Loading...
一种横向提升码垛机，设备机架上装有可水平运动的平移机构，平移机构带动可升降的提升机构作横向移动，而提升机构带动叉垛机构作升降运动，叉垛机构则用于抓取物品，通过这些机构的作用带动物品码放。该横向提升码垛机能够满足不同高度所需的码垛及运输需要，无论是同一生产线的输送或是大高度差输送均可满足其使用需求，且其工作稳定性极高，操作简便，能够极大地提高工作效率。
47. 205653151 灌装阀
CN
19.10.2016
B67C 3/26 Loading...
B67C 3/26
Loading...
201620278857.4
广州达意隆包装机械股份有限公司
林志军
B67C 3/26
Loading...
本实用新型涉及灌装设备领域，公开了一种灌装阀，包括阀体、进水管和回气管，进水管上设有阀门，阀体上设有腔体、排气口以及液面检测传感器，液面检测传感器与阀门电连接。其中排气口设为两个，分别是第一排气口和第二排气口，第一排气口的孔径大于第二排气口的孔径；第一排气口设置有气孔开关。通过液面检测传感器监控灌装的进度，液面高度达到预设位置后关闭进水管的阀门，既做到灌装容量的精准控制，同时也解决了灌装液溢出浪费的问题；通过两种排气方式来实现快速和慢速的灌装，既达到快速灌装的目的，提升灌装效率，又能结合慢速灌装提高液面检测传感器的检测精度问题。本实用新型结构简单实用，制造成本低。
48. 205652870 一种片状物料分离装置
CN
19.10.2016
B65H 1/06 Loading...
B65H 1/06
Loading...
201620331787.4
广州达意隆包装机械股份有限公司
林良文
B65H 1/06
Loading...
一种片状物料分离装置，机架上装有放置片状物料的料仓组件，料仓组件的底部装有拉钩组件和料托板组件，还有吸取组件。该装置通过吸取组件分离片状物料的一端，然后该端的其它片状物料由拉钩组件固定，再由料托板组件放开片状物料的另一端，从而由后续的夹取装置取出片状物料。其结构简单，精度要求低，且工作过程简便、快捷，稳定性极高。
49. 205651618 一种相框底座水口的剪切装置
CN
19.10.2016
B29C 45/38 Loading...
B29C 45/38
Loading...
201620282890.4
广州达意隆包装机械股份有限公司
刘胜保
B29C 45/38
Loading...
本实用新型公开了一种相框底座水口的剪切装置，其机架上设有支撑台，支撑台上开设有限位孔，支撑台位于限位孔外侧有与底座中部的轴向通孔相配合的定位柱，机架高于支撑台的位置安装有由第一驱动装置驱动的可水平移动的移动架，第一驱动装置可驱动移动架在限位孔的上方和水平远离限位孔的位置移动，移动架上装有可在第二驱动装置驱动下实现升降的抓取组件，第二驱动装置驱动抓取组件下移并与底座接触，机架位于限位孔下方的位置则装有平行气爪组件及可在第三驱动装置的驱动下升降的机械气剪，平行气爪组件的两根拨杆靠拢移动时，可推动水口绕定位柱转至与机械气剪相对。整个剪切过程，无需人工操作，可大幅度提高剪切效率，降低过动强度，并提高剪切质量。
50. 205652871 一种纸片分离及出料装置
CN
19.10.2016
B65H 1/08 Loading...
B65H 1/08
Loading...
201620331789.3
广州达意隆包装机械股份有限公司
林良文
B65H 1/08
Loading...
一种纸片分离及出料装置，机架上的料仓底部装有提升组件，料仓的出料口处装有将纸片吹至蓬松的吹气管、吸起纸片一角的预吸纸组件和将整张纸片提起的吸纸夹具。该装置主要通过吹气、预吸纸、吸纸三步完成分离和出料工作，通过逐步的分离可取得准确、稳定的分离效果，有效避免多张纸片吸附在一起，也可避免纸片多吸、漏吸的发生，其结构简单，工作稳定、快捷。
51. 205656509 储水桶内部压力的调节装置
CN
19.10.2016
G05D 16/20 Loading...
G05D 16/20
Loading...
201620203352.1
广州达意隆包装机械股份有限公司
林志军
G05D 16/20
Loading...
本实用新型涉及一种储水桶内部压力的调节装置，包括：储水桶，所述储水桶设有进气通道；压力平衡装置，所述压力平衡装置与所述进气通道相连通，所述压力平衡装置用于向储水桶注入气体；及括控制器，所述控制器与所述压力平衡装置电联接。该储水桶内部压力的调节装置使用时，通过压力平衡装置向储水桶注入气体，以保证储水桶内部气压强度，及时调节储水桶内部压力变化，防止相关设备损坏或产生死水，节约人力资源成本。
52. 205652502 托瓶组件、托瓶机构及容器瓶的定位贴标装置
CN
19.10.2016
B65C 9/06 Loading...
B65C 9/06
Loading...
201620312297.X
广州达意隆包装机械股份有限公司
王志毅
B65C 9/06
Loading...
本实用新型涉及一种托瓶组件、托瓶机构及容器瓶的定位贴标装置，所述托瓶组件包括转盘，所述转盘设有容纳腔及第一通孔；安装件，所述安装件设置于所述容纳腔内、并与所述转盘转动配合；导套，所述导套固定于所述安装件上；滑动件，所述滑动件通过所述第一通孔与所述转盘滑动配合，所述滑动件设有第二通孔，所述滑动件通过所述第二通孔与所述导套的配合设置于安装件上方，且所述滑动件与所述安装件之间设有弹性件；及顶杆，所述顶杆可弹性伸缩设置于所述导套内。该托瓶组件结构简单，易于制造；该托瓶机构维修方便，能适应多种截面容器的定位贴标；该定位贴标装置能及时排除故障，避免零部件损坏，有利于提高生产效率。
53. 205651054 一种手机组装机
CN
19.10.2016
B23P 21/00 Loading...
B23P 21/00
Loading...
201620425301.3
广州达意隆包装机械股份有限公司
邓检宝
B23P 21/00
Loading...
一种手机组装机，机体支架上分别安装有上下料组件、进料组件、FPC组件、组装组件、视觉检测装置、拉膜组件和保压组件。上下料组件分别抓取手机屏与手机壳先后放入进料组件的定位治具中定位与固定，经FPC组件对手机屏电路板小膜进行折弯后送至组装处，通过组装组件、视觉检测装置、拉膜组件的组合作用将手机屏与手机壳组装贴合，进入保压组件进行保压稳固，再由上下料组件实现下料。该组装机主要结构简单而自动化程度高，既可完成手机屏和手机壳的组装工作，又可以极大地提高工作效率。
54. 205649949 一种除菌过滤器的防腐蚀结构
CN
19.10.2016
B01D 46/00 Loading...
B01D 46/00
Loading...
201620366274.7
广州达意隆包装机械股份有限公司
付巧明
B01D 46/00
Loading...
一种除菌过滤器的防腐蚀结构，包括柱状外壳，柱状外壳内设置有过滤元件，柱状外壳的出气端与罐体连通，进气端与大气连通，所述出气端与罐体通过第一止回阀连通，所述罐体与第一止回阀连接的部分还连接有用于排气的第二止回阀。由于带有腐蚀性气体的混合气体无法流入除菌过滤器内，因此，有效避免了除菌过滤器内的过滤元件被腐蚀氧化而损坏，保证了除菌过滤器的除菌性能不受损，使进入罐体内的空气始终处于无菌状态，保证罐体内产品的质量，延长了除菌过滤器的使用寿命，降低了除菌过滤器的更换成本，从而降低了生产成本。
55. 205652873 一种片状物料出料装置
CN
19.10.2016
B65H 3/00 Loading...
B65H 3/00
Loading...
201620331788.9
广州达意隆包装机械股份有限公司
林良文
B65H 3/00
Loading...
一种片状物料出料装置，机架上装有夹取组件和拨料组件，夹取组件将料仓组件内的片状物料取出至过渡仓组件内暂存，夹取组件再回复到夹取位置，同时，同步带带动拨料组件将该物料拨至定位仓组件内。该出料装置主要通过夹取组件和拨动组件的进行出料，出料过程也由这两个组件分作两步进行，且这个步骤是同时实现的，其结构简单，工作稳定、快捷。
56. 205651018 一种压合装置
CN
19.10.2016
B23P 19/00 Loading...
B23P 19/00
Loading...
201620286258.7
广州达意隆包装机械股份有限公司
林良文
B23P 19/00
Loading...
本实用新型公开了一种压合装置，包括设置于机架上的压合模具和压合组件，压合模具与框状物体的下壳和上壳相适，可供下壳和上壳依次放入其内，机架上可滑动装有移动架，移动架与第一驱动装置的伸缩轴连接，所述的压合组件包括固定在移动架上的第二驱动装置和固定于第二驱动装置的垂向伸缩轴上的压板，第一驱动装置的伸缩轴伸缩时，可驱动移动架在位于压合模具上方的压合工位和远离压合模具的等待工位之间移动，当压板位于压合模具上方时，第二驱动装置的伸缩轴向下伸出后，可挤压位于压合模具内的上壳，从而将下壳和下壳压紧。本实用新型在整个压合过程，无须人工进行取料和放料，可大幅度提高效率，降低过动强度，并消除安全隐患。
57. 205652810 一种片状物件夹取装置
CN
19.10.2016
B65G 47/90 Loading...
B65G 47/90
Loading...
201620277626.1
广州达意隆包装机械股份有限公司
林良文
B65G 47/90
Loading...
本实用新型公开了一种片状物件夹取装置，包括基座，基座的上部可水平滑动安装有上夹板，上夹板的后端与驱动装置的伸缩轴连接，基座位于上夹板的下方位置铰接有下夹板，下夹板的上端的夹持部向前伸出基座，有连杆机构的下部与下夹板的下端铰接，上部则与上夹板的后端连接，当驱动装置的伸缩轴伸出时，可将上夹板的前部向前推出基座，并带动连杆机构将下夹板的下部下压，从而带动下夹板的上部的夹持部向上摆动至与下夹板前端的夹持部合拢并将片状物件夹持。本实用新型在夹取片状物件的过程中，仅有下夹板摆动，而上夹板滑动，因此，在夹取片状物件的过程中，所需的避让空间更小，能适应空间较小的抓取场合。
58. 205651643 一种吹瓶机模具快速更换结构
CN
19.10.2016
B29C 49/48 Loading...
B29C 49/48
Loading...
201620391521.9
广州达意隆包装机械股份有限公司
宋奎伟
B29C 49/48
Loading...
一种吹瓶机模具快速更换结构，成型模具上开设卡槽，驱动机构可通过连杆带动压紧块压紧卡槽从而将成型模具锁定，也可以带动压紧块退出卡槽而将成型模具解锁。该更换结构通过卡槽和压紧块的配合，可快速地完成成型模具的锁紧和解锁工作，其操作极其方便，极大的提高了工作效率。
59. 205651647 一种手机屏电路板导电膜的折弯机构
CN
19.10.2016
B29C 53/04 Loading...
B29C 53/04
Loading...
201620385673.8
广州达意隆包装机械股份有限公司
邓检宝
B29C 53/04
Loading...
一种手机屏电路板导电膜的折弯机构，设备机架上固定有手机屏，然后通过不同自由度的驱动器带动剥离板工作，从侧面将电路板小膜从电路板上剥离，通过旋转气缸旋转并将其压在挡膜板倾斜面上，进而利用剥离板与挡膜板倾斜面的相对角度及压紧力将电路板小膜折成预定角度。该折弯机构结构简单且易于实现，能够自动化地完成折弯工作，极大地提高工作效率，同时也可以有效提高工作的稳定性和可靠性；同时，可以满足不同产品的加工需要，扩大其产品其适用性，并使电路板导电膜能够穿入壳体孔位后与壳体更好地贴合。
60. 205634415 一种标签折叠机
CN
12.10.2016
B65H 45/18 Loading...
B65H 45/18
Loading...
201620357483.5
广州达意隆包装机械股份有限公司
何文明
B65H 45/18
Loading...
一种标签折叠机，机架上装有循环折叠机构，循环折叠机构上则装有抓取标签纸的抓取机构，通过循环折叠机构的往复运动，抓取机构反复标签纸至设定位置进行叠放，由此实现折叠标签的自动化工作。该折叠机设计巧妙，其主要通过往复运动的循环折叠机构带动抓取机构运动即可完成折叠工作，其结构极为简单，工作过程稳定、准确；通过该折叠机构可自动完成标签的折叠工作，极大的提高了工作效率和工作精度，有效降低生产成本。
61. 205631226 一种框状物件的定位装置
CN
12.10.2016
B29C 45/17 Loading...
B29C 45/17
Loading...
201620277560.6
广州达意隆包装机械股份有限公司
林良文
B29C 45/17
Loading...
本实用新型公开了一种框状物件的定位装置，其机架上部装有供框状物件落于其上的支撑平台，机架位于支撑平台下方的位置设有上部可穿过限位孔的第一纵向定位件、第二纵向定位件以及横向定位件，第一纵向定位件和第二纵向定位件可纵向移动安装在机架上，并在纵向驱动装置的驱动下在限位孔内纵向相对移动，横向定位件则可横向移动安装在机架上，并在横向驱动装置的驱动下在限位孔内横向移动。本实用新型可自动实现框状物件的定位整理工作，无须人工，效率高，定位成本低。
62. 205635033 一种臭氧水箱的顶部防锈结构
CN
12.10.2016
C02F 1/78 Loading...
C02F 1/78
Loading...
201620366276.6
广州达意隆包装机械股份有限公司
付巧明
C02F 1/78
Loading...
一种臭氧水箱的顶部防锈结构，在正常运行生产时，第二开关阀处于关闭状态，第一开关阀处于开启状态，液体由输送管流入臭氧水箱中，同时，臭氧也从输送管处流入，与液体在输送管内混合后流入臭氧水箱中，而未溶解于液体中的臭氧将浮于臭氧水箱内的顶部，为防止臭氧水箱内的顶部被臭氧氧化而生锈，通过程序控制，在液体净化一段时间后，控制系统控制第一开关阀关闭，第二开关阀开启，此时，液体由输送管流入支管，并从支管流入喷淋喷头，通过喷淋喷头将液体由臭氧水箱体顶部喷洒而下，从而可使臭氧水箱体顶部的臭氧稀释，避免臭氧水箱体内的顶部生锈，保证罐装液体的质量，以提高加工效率，降低加工成本。
63. 205630655 一种机器人末端压力反馈装置
CN
12.10.2016
B25J 13/08 Loading...
B25J 13/08
Loading...
201620376096.6
广州达意隆包装机械股份有限公司
何文明
B25J 13/08
Loading...
一种机器人末端压力反馈装置，包括与机器人机械手末端连接的连接盘，与待加工物料接触并对其实施抓取的抓手，连接盘和抓手分别固定连接有上压头和下压头，上、下压头之间可相对移动并设有压力传感器，通过上、下压头挤压压力传感器产生压力信号并送至机器人控制系统。该机器人末端压力反馈装置主要通过可相对移动的上、下压头，和设置于上、下压头之间的压力传感器实现压力和抓取力度控制，其结构极为简单，推广容易，可使机器人得到更加广发的应用；相对于其它形式的传感器，压力传感器具有极高的灵敏度和反应速度，可有效保证压力的反馈速度，更好地保护产品免受损伤。
64. 105967125 一种拔盖旋盖装置
CN
28.09.2016
B67B 7/00 Loading...
B67B 7/00
Loading...
102016000320296
广州达意隆包装机械股份有限公司
邓检宝
B67B 7/00
Loading...
一种拔盖旋盖装置，安装板固定安装在可移动的机械手上，拔盖机构、抓取机构和旋盖机构分别安装在安装板上的不同位置，机械手运动时即可带动拔盖机构、抓取机构和旋盖机构移动至工作位置，拔盖机构用于拔除通过过盈配合直接覆盖在出油口的上方的一类盖子，而旋盖机构用于拔除通过螺纹副固定在油桶的出油口内的一类盖子，而抓取机构则可以将罐体的盖子位置移至拔盖机构或旋盖机构的工位处。该种拔盖旋盖装置，能够提供多种功能，满足了不同类型盖子、不同类型瓶子或罐体的生产需要，其自动化程度高，可有效提高生产效率。
65. 105947951 一种防交叉污染结构
CN
21.09.2016
B67C 3/00 Loading...
B67C 3/00
Loading...
201610529838.9
广州达意隆包装机械股份有限公司
付巧明
B67C 3/00
Loading...
一种防交叉污染结构，包括连接相邻设备的连接管，所述连接管底部表面连通有排泄管，排泄管两侧的连接管上分别设置有第一截止阀，排泄管上还设置有第二截止阀。该防交叉污染结构对液体灌装过程起到了双重保护，有效避免相邻设备中的合格产品受到清洗液的污染，避免灌装成品因清洗液污染而不合格，提高了生产效率，而该防交叉污染结构的结构简单，成本低，其造价不超过市场上购买可得的防交叉污染装置的价格的30%，在有效保证了产品质量的同时，大幅降低了生产成本。
66. 105923385 一种理瓶装置
CN
07.09.2016
B65G 47/90 Loading...
B65G 47/90
Loading...
201610530509.6
广州达意隆包装机械股份有限公司
林良文
B65G 47/90
Loading...
一种理瓶装置，包括进料输送组件、加速输送组件、抓取输送组件、抓取机械人、翻转组件和出料输送组件，瓶子从进料输送组件进入并被其送至加速输送组件处，再由加速输送组件送入抓取输送组件等待抓取机械人抓取，抓取机械人再按照设定方式将瓶子以倒卧状态送入翻转组件，通过翻转组件的作用将倒卧状态的瓶子改变为直立状态，然后最后由出料输送组件送至下一工序进行灌装工作。该理瓶装置可自动地将杂乱的瓶子整理后送至灌装工作，满足了自动化的生产需要，并极大地提高了工作效率，同时有效降低人员的使用需求，进而降低人力成本。
67. 205554710 一种理瓶机构
CN
07.09.2016
B65B 21/06 Loading...
B65B 21/06
Loading...
202016000221344
广州达意隆包装机械股份有限公司
彭杰
B65B 21/06
Loading...
本实用新型公开了一种理瓶机构，包括理瓶台以及与理瓶台相配合的输瓶装置，所述的理瓶台包括机架，机架上横向分布有多道分别由前隔瓶板和后隔瓶板分隔成的限位槽，所述的前隔瓶板和后隔瓶板分别安装于第一传动装置和第二传动装置上，并分别在第一传动装置和第二传动装置的驱动下横向同步或异步移动，前隔瓶板和后隔瓶板的下部有相向伸出的支撑部，当限位槽移动至与输瓶装置的输瓶通道相对时，输瓶装置输送的瓶子可从输瓶通道进入限位槽并由支撑部支撑。理瓶前，可根据瓶型的大小，通过第一传动装置和第二传动装置调节前隔瓶板和后隔瓶板之间的间距，从而调整限位槽的宽度，以适应不同瓶型的理瓶需求。
68. 103567205 固桶件
CN
07.09.2016
B08B 13/00 Loading...
B08B 13/00
Loading...
102013000536069
广州达意隆包装机械股份有限公司
吴锡林
B08B 13/00
Loading...
本发明公开了一种固桶件，包括筒状的本体部以及设置在本体部上端的法兰部，所述法兰部与本体部内设有贯穿法兰部与本体部的通孔，所述法兰部的上端面设有限位体。所述固桶件通过设置通孔用于容纳灌装桶或瓶的头部，将灌装桶或瓶限制在通孔内，通过在法兰部的上端面设置限位体，当灌装桶或瓶在洗瓶机里面行进时，限位体提供相对摩擦力，使灌装桶或瓶不容易发生摇晃，该固桶件结构简单，可以通过模具大批量加工制造，有效降低成本。
69. 103723511 一种气动离合止瓶机构
CN
07.09.2016
B65G 47/88 Loading...
B65G 47/88
Loading...
102014000038364
广州达意隆包装机械股份有限公司
戴丁辉
B65G 47/88
Loading...
本发明涉及包装机械领域，尤其涉及贴标机或灌装机等机械中的气动离合止瓶机构，包括气缸，传动轴，以及由气缸驱动的活动轴，其特征在于，还包括止动块，所述止动块包括上止动块、中止动块和下止动块，传动轴和活动轴之间设有压力弹簧，在气缸和压力弹簧的共同作用下，实现对动力的脱离和啮合。本发明的气动离合止瓶机构可用于任何瓶型的止瓶，尤其是方瓶、异形瓶等其他瓶的止瓶问题，扩展了应用范围，提高了设备的兼容性。
70. 205554834 标签贴覆机构
CN
07.09.2016
B65C 9/14 Loading...
B65C 9/14
Loading...
202016000192838
广州达意隆包装机械股份有限公司
王志毅
B65C 9/14
Loading...
本实用新型涉及一种标签贴覆机构，其包括纵向转轴、支架、贴标撞块、导行件、第一滚轮和传动组件；所述支架固定地设于所述纵向转轴；所述传动组件设于所述支架并连接在所述贴标撞块和所述第一滚轮之间；所述贴标撞块突出于所述支架的侧面；所述导行件的上端面设有导行轨迹面，所述第一滚轮置于所述导行件的导行轨迹面上；所述第一滚轮在围绕所述纵向转轴作转动过程中沿所述导行轨迹面移动，并通过所述传动组件带动所述贴标撞块作横向伸缩移动。本实用新型所述的标签贴覆机构能有效地实现非规则圆弧状贴覆面的标签贴覆。
71. 205551919 一种方形物件定位装置
CN
07.09.2016
B23P 19/00 Loading...
B23P 19/00
Loading...
202016000200878
广州达意隆包装机械股份有限公司
林良文
B23P 19/00
Loading...
本实用新型公开了一种方形物件定位装置，其基座上有倾斜设置的支撑台，支撑台上并排设置至少一个可放置方形物件的限位框，限位框均由两平行的倾斜限位板和位于两倾斜限位板之间的水平限位板组成，一个倾斜限位板为倾斜向下的固定限位板，另一个倾斜限位板为倾斜向下并可沿支撑台横向移动的活动限位板，所有的活动限位板固定于横向的滑杆上，而滑杆则活动插装于基座上，并在驱动机构的驱动下带动活动限位板相对固定限位板移动。本实用新型通过驱动机构驱动滑杆水平移动，以带动活动限位板将限位框内的方形物件推至与固定限位板相抵，使方形物件相邻的两边紧靠水平限位板和固定限位板，从而实现对方形物件的精确定位。
72. 205554832 多楔带轮与传动轴的连接结构及贴标装置
CN
07.09.2016
B65C 9/04 Loading...
B65C 9/04
Loading...
202016000194392
广州达意隆包装机械股份有限公司
王志毅
B65C 9/04
Loading...
本实用新型涉及一种多楔带轮与传动轴的连接结构及贴标装置，其中，多楔带轮与传动轴的连接结构包括传动轴、多楔带轮和若干个设于所述多楔带轮的限位组件；所述传动轴的外侧面设有限位凹槽；所述多楔带轮套设在所述传动轴上，所述多楔带轮设有若干个径向设置的限位腔，所述多楔带轮的内侧面设有与所述限位腔相通的限位开口；所述限位组件包括弹性件和限位件，所述弹性件和所述限位件置于所述限位腔中；所述限位件在所述弹性件的作用下突出于所述多楔带轮的限位开口，并嵌入所述传动轴的限位凹槽；所述限位开口的口径小于所述限位件的最大外径。本实用新型利于降低制作成本和提高生产效率。
73. 103523524 一种取瓶机构
CN
31.08.2016
B65G 47/90 Loading...
B65G 47/90
Loading...
102013000488329
广州达意隆包装机械股份有限公司
杨恢光
B65G 47/90
Loading...
本发明所述的一种取瓶机构，包括设置在星轮盘上的用于出瓶的可动护板结构以及在星轮盘上的可动护板结构一旁设置的用于取瓶的夹具，星轮盘与夹具之间还设置有阻挡夹具运动的挡件。该种取瓶机构结构简单，制造成本低，实现了在灌装机正常运行状态下，可靠且稳定地从星轮盘上取出未封装的瓶装液进行检测，提高了工作效率，实现了产品灌装的自动化监测。此外，一旦检查出问题产品，也无需花费时间寻找出错环节。
74. 103482560 一种灌装阀拨轮
CN
17.08.2016
B67C 3/28 Loading...
B67C 3/28
Loading...
102013000448009
广州达意隆包装机械股份有限公司
杨恢光
B67C 3/28
Loading...
本发明公开了一种灌装阀拨轮，其转轴和棘爪轮通过圆轴和圆形通孔的配合插装在一起，该转轴与圆形通孔配合的部分的侧壁有轴向切面，棘爪轮对应轴向切面的位置则开有至少两个绕转轴的轴向分布的螺孔，螺孔安装其杆端可紧抵在轴向切面上的螺钉，需要调整棘爪轮的高度时，可先拧松螺栓以及相应的螺钉，然后相对转轴转动棘爪轮，使棘爪轮摆动至预定的高度后，再拧紧螺栓和相应螺钉即可完成棘爪轮的高度调节工作，操作十分方便，有利于保证灌装机的灌装质量。
75. 105857812 贴标轮装置
CN
17.08.2016
B65C 9/26 Loading...
B65C 9/26
Loading...
201610322457.3
广州达意隆包装机械股份有限公司
王志毅
B65C 9/26
Loading...
本发明公开了一种贴标轮装置，包括贴标轮主体、标头组件、标尾组件及吸气装置，所述标头组件及标尾组件间隔设置在贴标轮主体上，且所述标头组件与标尾组件之间的距离可调，所述标头组件上设有标头吸气孔，所述标尾组件上设有标尾吸气孔，所述标头吸气孔、标尾吸气孔分别与吸气装置的吸入口连通。上述贴标轮装置工作时，标签的头部受到标头吸气孔的吸力作用，标签的尾部受到标尾吸气孔的吸力作用，使标签牢牢吸附在贴标轮主体上。而后标签与包装件相接触，从而将带有热熔胶的标签贴附在包装件上。由于标头组件与标尾组件之间的距离可调，因此可以根据所需贴附的标签对两者之间的距离进行调整，该贴标轮装置兼容性好，能大大地节约生产成本。
76. 105854606 一种反渗透装置内的膜组
CN
17.08.2016
B01D 61/08 Loading...
B01D 61/08
Loading...
201610324112.1
广州达意隆包装机械股份有限公司
朱定洲
B01D 61/08
Loading...
一种反渗透装置内的膜组，包括呈水平设置的多组子膜组，所述子膜组为由多个膜壳依次串联形成，或者子膜组为单个膜壳，还包括呈水平设置的进水管及呈水平设置的浓水出水管，所述进水管和浓水出水管上还设置有个数与子膜组组数相同的连接口，进水管的每个连接口与对应子膜组中的首个膜壳的进水端连通，浓水出水管的每个连接口与对应子膜组中的尾部膜壳的浓水出水端连通，相邻子膜组中水平相对布置的膜壳的进水端相连通，且相邻子膜组中水平相对布置的膜壳的浓水出水端相连通。该种膜组的液体可均匀分布至各膜壳，提高膜壳利用率。
77. 205463284 清洁机台
CN
17.08.2016
B08B 1/00 Loading...
B08B 1/00
Loading...
201620042701.6
广州达意隆包装机械股份有限公司
叶鸿真
B08B 1/00
Loading...
本实用新型公开了一种清洁机台，包括清洁机构、用于固定产品的至少一个产品夹具和与所述产品夹具相关联的上下料机构，所述产品夹具内设有放置产品的容纳腔，所述清洁机构包括擦拭头、清洁物料、卷绕有所述清洁物料的放料轮组件和卷收所述清洁物料的收料轮组件，所述擦拭头的末端与所述清洁物料相对设置，所述清洁机构还包括驱动所述擦拭头朝所述容纳腔的方向顶出所述清洁物料的第一驱动装置。本实用新型能够实现自动化清洁，解决了传统人工清洁成本高和效率低下等问题。
78. 103738900 一种进瓶螺杆卡瓶、堵瓶保护机构
CN
17.08.2016
B67C 3/24 Loading...
B67C 3/24
Loading...
102014000022304
广州达意隆包装机械股份有限公司
王波
B67C 3/24
Loading...
本发明公开了一种进瓶螺杆卡瓶、堵瓶保护机构，包括进瓶螺杆和护板，其中，还包括固定所述护板的护板座以及检测所述护板座是否摆动的检测开关，当所述进瓶螺杆发生卡瓶或堵瓶时，瓶子将给所述护板一个侧向的推力，所述护板带动所述护板座摆动，当所述检测开关检测到所述护板摆动时，向控制系统发送一个停机保护信号。本发明所述的一种进瓶螺杆卡瓶、堵瓶保护机构，结构简单，制作成本较低，当进瓶螺杆发生卡瓶、堵瓶情况时，能够及时保护机构，设备自动停机，对瓶子及设备起到了保护作用，防止对设备造成故障或损坏，且提高了生产效率。
79. 205463283 清洁装置
CN
17.08.2016
B08B 1/00 Loading...
B08B 1/00
Loading...
201620042640.3
广州达意隆包装机械股份有限公司
陈小丰
B08B 1/00
Loading...
本实用新型公开了一种清洁装置，包括工作台、安装板、清洁头组件、清洁物料、卷绕有所述清洁物料的放料组件和卷收所述清洁物料的收料组件，所述安装板直立安装于所述工作台上，所述清洁头组件、所述放料组件和所述收料组件均安装于所述安装板，所述清洁头组件包括与所述清洁物料相对设置的擦拭头和驱动所述擦拭头朝所述工作台的方向移动的第一驱动装置，所述清洁物料位于所述擦拭头与所述工作台之间。本实用新型实现了工件自动化清洁，解决了现有技术擦拭效率低，擦拭不干净等问题。同时，降低了人工成本，适应越来越多的电子产品的自动化装配线需要。
80. 205467810 自动撕背胶膜装置
CN
17.08.2016
B32B 38/10 Loading...
B32B 38/10
Loading...
201521132994.9
广州达意隆包装机械股份有限公司
陈小丰
B32B 38/10
Loading...
本实用新型提出一种自动撕背胶膜装置，包括安装座，设置于安装座上的升降驱动机构，以及与升降驱动机构连接的吸膜机构和压膜机构，且吸膜机构和压膜机构相互配合；升降驱动机构包括与安装座连接的升降气缸，以及与升降气缸连接的固定板；吸膜机构包括与固定板铰接的吸附连接结构，设置于吸附连接结构上的至少一个吸附头结构，以及与吸附连接结构连接的转动驱动结构；压膜机构包括设置于固定板上的滑台气缸，与滑台气缸连接的压头结构，压头结构与吸附头结构对应配合。本实用新型提出的自动撕背胶膜装置，保证了撕膜的质量，降低了成本，提高了产能，并适应电子产品的自动化装配需要。
81. 205449167 涡轮流量计
CN
10.08.2016
G01F 1/28 Loading...
G01F 1/28
Loading...
201521116004.2
广州达意隆包装机械股份有限公司
吴锡林
G01F 1/28
Loading...
本实用新型公开了一种涡轮流量计，包括叶轮及具有流体通道的安装管体，所述叶轮设置在流体通道内，所述流体通道内固定有第一导流件及第二导流件，所述第一导流件、第二导流件分别设置在叶轮的两侧，所述第一导流件包括第一主轴及多个第一肋板，多个所述第一肋板呈放射状地排列在第一主轴上，所述第二导流件包括第二主轴及多个第二肋板，多个所述第二肋板呈放射状地排列在第二主轴上，所述叶轮可转动地套接在第一主轴或第二主轴上。上述涡轮流量计，流体介质进入后会在第一导流件的分流下平稳流动，避免了流体介质发生分离产生大的涡旋运动。流体介质经叶轮带动旋转后会受到第二导流件的作用，使流体介质重新沿直线流动，减少能量损失。
82. 205441878 升降输瓶设备
CN
10.08.2016
B65G 47/22 Loading...
B65G 47/22
Loading...
201521133069.8
广州达意隆包装机械股份有限公司
刘武
B65G 47/22
Loading...
本实用新型公开了一种升降输瓶设备，包括拨瓶星轮、进瓶装置及升降装置，所述拨瓶星轮设置在进瓶装置的上方，所述拨瓶星轮上沿其外周设有多个分瓶拨齿，相邻的两个分瓶拨齿之间形成与瓶子匹配的凹陷部，所述进瓶装置固定在升降装置上，所述拨瓶星轮通过第一驱动装置驱动，所述进瓶装置通过第二驱动装置驱动。上述升降输瓶设备，利用升降装置对进瓶装置进行升降，从而调节进瓶装置与拨瓶星轮之间的相对高度以适应不同的瓶型，瓶子通过进瓶装置输送进入对应的凹陷部，以挂瓶的方式输瓶至后续灌装设备。整个升降输瓶设备结构简单，有效降低制造成本，运转稳定性高，切换瓶型时只需调整进瓶装置的高度，节省了操作时间，提高了生产效率。
83. 205441120 贴标机器人及贴标机
CN
10.08.2016
B65C 9/14 Loading...
B65C 9/14
Loading...
201521144274.4
广州达意隆包装机械股份有限公司
修波
B65C 9/14
Loading...
本实用新型公开了一种贴标机器人及贴标机，所述贴标机器人包括蜘蛛手机器人、安装支架、旋转支架、摆动机构、取贴标机构以及控制器，所述安装支架安装在所述蜘蛛手机器人的旋转轴下端，所述旋转支架转动安装在所述安装支架的下端，所述摆动机构与所述旋转支架连接，所述取贴标机构安装在所述旋转支架上，所述控制器与所述蜘蛛手机器人、摆动机构及取贴标机构电性连接。所述贴标机器人及贴标机可以根据来料纸箱的规格，对不同规格纸箱进行贴标，自动化水平高、生产效率高。
84. 103465021 一种旋盖臂轴套的装配装置及其装配方法
CN
10.08.2016
B23P 21/00 Loading...
B23P 21/00
Loading...
102013000434669
广州达意隆包装机械股份有限公司
杨恢光
B23P 21/00
Loading...
本发明公开了一种旋盖臂轴套的装配装置及其装配方法，其在装配轴套的过程中，可通过旋转压紧螺母并推动压板下行，来依次将下轴承、轴套和上轴承下压至下轴承的底表面与安装孔下部的台阶面相抵、轴套的下台阶面与下轴承的顶表面相抵、上轴承的底表面与轴套的上台阶面相抵，与现有技术相比，本发明对装配人员的技能要求较低并且无需消耗较多的人力，装配效率高，另外，其压柱往下压迫下轴承、轴套和上轴承时，下轴承、轴套和上轴承的顶表面受力均匀，其受压迫下行的过程中不会出现倾斜，更能保证轴套的装配质量以及装配精度。
85. 205440947 错位推瓶装置
CN
10.08.2016
B65B 21/04 Loading...
B65B 21/04
Loading...
201521111372.8
广州达意隆包装机械股份有限公司
仇荷花
B65B 21/04
Loading...
本实用新型公开了一种错位推瓶装置，其包括主体架和多个推瓶杆，主体架跨过运送瓶子方阵的输送带，主体架上绕设循环运转的传输带；多个推瓶杆相间地设置在传输带上，推瓶杆的一端面上设有多个与瓶子的瓶身相适配的凹槽，凹槽的深度小于或等于瓶子瓶身的最大半径，相邻两个凹槽的间距小于瓶子瓶身的最大直径；当推瓶杆在主体架的下部运行时，推瓶杆横向地位于输送带的上方且不高于瓶子的高度，推瓶杆的速度大于输送带的速度，推瓶杆上的凹槽朝向瓶子。该错位推瓶装置能有效避免瓶子方阵运输过程中倒塌，提高瓶子方阵的输送效率，且无需使用纸垫和纸托盒。
86. 205441975 多功能组装机台
CN
10.08.2016
B65G 47/90 Loading...
B65G 47/90
Loading...
201521144230.1
广州达意隆包装机械股份有限公司
陈小丰
B65G 47/90
Loading...
本实用新型涉及一种多功能组装机台，包括支撑架、机器人、拆装机构、接地线机构及控制器，所述拆装机构包括第一升降气缸、第一滑台及两个开扣气缸，所述第一升降气缸及开扣气缸设置在支撑架上，且两个开扣气缸分别设置在第一升降气缸的两侧，所述第一升降气缸上设有第一气爪，所述第一滑台位于支撑架下方，且第一滑台上设有第一治具板及第一光电传感器，所述第一治具板具有取放位及拆装位，所述接地线机构包括撕膜组件、滚轮组件、第二滑台以及设置在第二滑台上的第二治具板，所述第二治具板上设有压屏气缸及第二光电传感器，所述压屏气缸上设有压屏板。保压治具的拆装及产品接地线工艺同时进行，互不干涉，实现全程自动化，效率得到大幅提升。
87. 205436533 自动清洗装置
CN
10.08.2016
B08B 9/093 Loading...
B08B 9/093
Loading...
201620016228.4
广州达意隆包装机械股份有限公司
郑礼深
B08B 9/093
Loading...
本实用新型公开了一种自动清洗装置，包括多个第一喷洗头、多个第二喷洗头以及洗液分配装置，第一喷洗头和第二喷洗头都设置在待洗设备的待洗腔体内；多个第二喷洗头分别通过管道与洗液分配装置相连，洗液分配装置上设有旋转轴，旋转轴用于驱动洗液分配装置旋转，多个第二喷洗头与洗液分配装置同步旋转。所述第一喷洗头位于所述待洗腔体内的顶部或者底部。所述第二喷洗头位于所述待洗腔体内的顶部或者底部。所述旋转轴位于洗液分配装置的中心线。该自动清洗装置具有无需关停设备、清洗效果更好且效率更高的特性。
88. 205436200 点胶机
CN
10.08.2016
B05C 5/02 Loading...
B05C 5/02
Loading...
201521098517.5
广州达意隆包装机械股份有限公司
郑启明
B05C 5/02
Loading...
本实用新型公开了一种点胶机，包括控制系统、进料系统、及均位于所述进料系统上方的视觉检测系统和点胶系统。所述进料系统采用所述第一进料装置和所述第二进料装置的双进料模组，配合所述视觉检测系统和所述点胶系统，实现了对所述进料系统先上料后进料的产品生产进行胶路规划，以及点胶和胶路复检工作，通过利用所述第一进料装置上产品点胶的时间来对所述第二进料装置上的产品进行胶路规划，利用对所述第一进料装置上的产品进行复检的同时，来对所述第二进料装置上的产品进行点胶工作，如此循环可以大大节约的整机工作周期，提升整机的生产效率，同时还可以大大降低用工成本，提高了点胶质量。
89. 205440992 香肠上料机
CN
10.08.2016
B65B 35/34 Loading...
B65B 35/34
Loading...
201521116336.0
广州达意隆包装机械股份有限公司
何文明
B65B 35/34
Loading...
本实用新型涉及一种香肠上料机，包括振动料斗、振动输送带、抓取输送带、两台机器人及视觉机构，所述振动输送带的首端与振动料斗对接，所述振动输送带的末端与抓取输送带对接，所述视觉机构设置在抓取输送带的上方，两台机器人分别设置在抓取输送带的两侧，且两台机器人相对抓取输送带呈斜对角设置，视觉机构与所述机器人电性连接，振动输送带上设有多道沿输送方向布置的导向槽。从振动料斗振出的香肠落入导向槽内，将香肠分成多道输送，避免香肠滚动，便于两侧的机器人快速准确的抓取，斜对角安装两台机器人，能满足在小空间内的布置，且每台机器人负责将抓取输送带上靠近各自位置的香肠，互不干涉，实现香肠的全自动上料，大大提高上料效率。
90. 105836406 一种双导轨瓶体风力输送线
CN
10.08.2016
B65G 35/00 Loading...
B65G 35/00
Loading...
201610382723.1
广州达意隆包装机械股份有限公司
李健
B65G 35/00
Loading...
一种双导轨瓶体风力输送线，壳体的一侧开口，该开口的内、外两侧分别安装有对瓶体的瓶口支撑环进行导向的顶导轨和下导轨，两块下导轨分别设置于壳体开口的两侧边，顶导轨与下导轨的距离由两侧边向中间逐渐变小，并围成供瓶口支撑环放置的风道，风道位于壳体开口侧边的一侧安装风口板，风口板上设有向风道吹风的吹风口。通过该结构，一方面使得风力集中在瓶口支撑环，瓶体可能产生的晃动程度得到极大的降低，也不会产生翘起现象，从而使得瓶体的输送更加平稳；另一方面，顶导轨和下导轨位于瓶口支撑环一侧的距离较小，对瓶体有更明显的限制作用，瓶体无法产生大幅度的晃动或窜动，可以进一步提高瓶体输送的稳定性。
91. 205418202 瓶子头部抓取装置
CN
03.08.2016
B65B 21/12 Loading...
B65B 21/12
Loading...
202015001041541
广州达意隆包装机械股份有限公司
何文明
B65B 21/12
Loading...
本实用新型公开了一种瓶子头部抓取装置，包括固定套，固定套的一端与装瓶机相连，固定套的另一端设有抓取口，抓取口内设有与瓶子的头部相适配的弹性包裹套，弹性包裹套上背离抓取口的端部能够移入瓶子头部的瓶口内，固定套内设有推动装置，推动装置的一端与所述端部相连。所述推动装置包括相连的推动杆和滑动块，滑动块与所述端部相连。本瓶子头部抓取装置具有使用更灵活、移动距离更大、适用范围更广的特点，能够极大地提高装瓶机的工作效率。
92. 105817881 一种手机组装机
CN
03.08.2016
B23P 21/00 Loading...
B23P 21/00
Loading...
102016000310340
广州达意隆包装机械股份有限公司
邓检宝
B23P 21/00
Loading...
一种手机组装机，机体支架上分别安装有上下料组件、进料组件、FPC组件、组装组件、视觉检测装置、拉膜组件和保压组件。上下料组件分别抓取手机屏与手机壳先后放入进料组件的定位治具中定位与固定，经FPC组件对手机屏电路板小膜进行折弯后送至组装处，通过组装组件、视觉检测装置、拉膜组件的组合作用将手机屏与手机壳组装贴合，进入保压组件进行保压稳固，再由上下料组件实现下料。该组装机主要结构简单而自动化程度高，既可完成手机屏和手机壳的组装工作，又可以极大地提高工作效率。
93. 205418256 计数阻瓶装置
CN
03.08.2016
B65B 43/50 Loading...
B65B 43/50
Loading...
201520953695.5
广州达意隆包装机械股份有限公司
吴锡林
B65B 43/50
Loading...
本实用新型提出一种计数阻瓶装置，包括输送链机构，设置于所述输送链机构侧边的星轮机构、阻瓶机构及检测机构；所述星轮机构包括固定于所述输送链机构侧的星轮固定座，铰接于所述星轮固定座上的多角星轮，所述多角星轮部分位于所述输送链机构正上方，以及垂直设置于所述多角星轮每个角处的工位杆；所述阻瓶机构包括与所述输送链机构侧边固定的伸缩气缸，以及与所述伸缩气缸连接的阻瓶轴，所述阻瓶轴与一个所述工位杆对应；所述检测机构与另一个所述工位杆对应。本实用新型提出的计数阻瓶装置，计数准确，不会出现憋瓶倒瓶现象。
94. 205413857 冲瓶机分水盘防转结构
CN
03.08.2016
B08B 13/00 Loading...
B08B 13/00
Loading...
202015000845480
广州达意隆包装机械股份有限公司
吴锡林
B08B 13/00
Loading...
本实用新型公开了一种冲瓶机分水盘防转结构，包括设有安装孔的分水盘装置，介质输送装置以及防转装置，所述介质输送装置包括第一介质输送管和第二介质输送管，且所述第一介质输送管和所述第二介质输送管的流通方向均由所述分水盘装置的底部至顶部设置。即将所述第一介质输送管和所述第二介质输送管从所述分水盘装置的底部穿过进行供给清洗介质，从而保证了用于固定所述介质输送装置的防转装置较为便利的固定和加固，如此可以大大提高所述介质输送装置的防转强度，消除了因振动等问题产生的导致密封效果变差的问题，从而提高所述冲瓶机分水盘防转结构的整体密封性能，并且所述防转装置结构简单，易于安装。
95. 105819201 一种双提手整理压装装置
CN
03.08.2016
B65G 47/24 Loading...
B65G 47/24
Loading...
201610303134.X
广州达意隆包装机械股份有限公司
严祖雄
B65G 47/24
Loading...
一种双提手整理压装装置，倾斜转盘设置于旋转筒内，且两者间的轴线成一夹角，固定筒安装于旋转筒的顶面之上，滑槽的入口设置于固定筒的内壁，滑槽的出口处安装有将双提手压装到瓶子上的压装机构。该装置结构巧妙，利用旋转筒与倾斜转盘的转速叠加，使得双提手在装置内成倾斜椭圆轨道运动，从而实现双提手的自动整理工作，然后再由压装组件压装即可，其利用了较为简单的结构解决了现有的技术问题，顺利提高了自动化程度，进而提高了生产速度和工作效率，同时降低了所需的人工成本。
96. 105818354 一种吹瓶机模具快速更换结构
CN
03.08.2016
B29C 49/48 Loading...
B29C 49/48
Loading...
102016000287259
广州达意隆包装机械股份有限公司
宋奎伟
B29C 49/48
Loading...
一种吹瓶机模具快速更换结构，成型模具上开设卡槽，驱动机构可通过连杆带动压紧块压紧卡槽从而将成型模具锁定，也可以带动压紧块退出卡槽而将成型模具解锁。该更换结构通过卡槽和压紧块的配合，可快速地完成成型模具的锁紧和解锁工作，其操作极其方便，极大的提高了工作效率。
97. 205419729 输送链有瓶检测装置
CN
03.08.2016
B67C 3/24 Loading...
B67C 3/24
Loading...
201521036227.8
广州达意隆包装机械股份有限公司
吴锡林
B67C 3/24
Loading...
本实用新型公开了一种输送链有瓶检测装置，包括安装板、弯折板以及控制器，所述安装板的一端用于与输送链的一侧连接，所述弯折板的第一板体位于所述安装板远离输送链的一侧并与所述安装板相对，所述第一板体的外端与所述安装板的另一端铰接，所述第一板体上设有与所述控制器电连接的接近开关，所述安装板上与所述接近开关的相对处为金属导体板，所述弯折板的第二板体部分伸入输送链上，所述第二板体的外端部长度与需检测有瓶的输送链段的长度相匹配。所述输送链有瓶检测装置能够针对整条需检测的输送链段进行有瓶检测、检测无死角。
98. 205419748 洗瓶机
CN
03.08.2016
B67C 7/00 Loading...
B67C 7/00
Loading...
201521047025.3
广州达意隆包装机械股份有限公司
郑司琪
B67C 7/00
Loading...
本实用新型公开了一种洗瓶机，包括传动机构、进瓶机构、出瓶机构以及分别与上述机构电气连接的控制器，所述传动机构上依次设有多道冲洗工位，所述控制器包括寄存器，所述寄存器的位与所述冲洗工位一一对应，所述进瓶机构设置在靠近所述传动机构的第一道冲洗工位的一侧，所述出瓶机构设置在靠近所述传动机构的最后一道冲洗工位的一侧。所述洗瓶机控制系统配置简单、运行可靠。
99. 105800815 一种船舰用海水淡化装置
CN
27.07.2016
C02F 9/02 Loading...
C02F 9/02
Loading...
201610350925.8
广州达意隆包装机械股份有限公司
朱定洲
C02F 9/02
Loading...
一种船舰用海水淡化装置，包括通过管道依次顺序连通的自清洗过滤器、超滤净水设备、第一供水泵、保安过滤器、极低压反渗透设备、回吸水箱、产水箱，所述极低压反渗透设备包括与保安过滤器连通的第三供水泵，第三供水泵分别与一级RO单元、二级RO单元连通，一级RO单元通过第四供水泵与二级RO单元连通，一级RO单元及二级RO单元还分别与回吸水箱连通，所述第三供水泵与一级RO单元连通的管道上、第三供水泵与二级RO单元连通的管道上、一级RO单元与回吸水箱连通的管道上以及一级RO单元与二级RO单元连通的管道上分别设置有阀门，所述回吸水箱高度高于极低压反渗透设备及产水箱高度。该装置，其能耗低、重量小、淡化级别高、使用寿命长。
100. 105799144 一种手机屏电路板导电膜的折弯机构
CN
27.07.2016
B29C 53/04 Loading...
B29C 53/04
Loading...
201610282997.3
广州达意隆包装机械股份有限公司
邓检宝
B29C 53/04
Loading...
一种手机屏电路板导电膜的折弯机构，设备机架上固定有手机屏，然后通过不同自由度的驱动器带动剥离板工作，从侧面将电路板小膜从电路板上剥离，通过旋转气缸旋转并将其压在挡膜板倾斜面上，进而利用剥离板与挡膜板倾斜面的相对角度及压紧力将电路板小膜折成预定角度。该折弯机构结构简单且易于实现，能够自动化地完成折弯工作，极大地提高工作效率，同时也可以有效提高工作的稳定性和可靠性；同时，可以满足不同产品的加工需要，扩大其产品其适用性，并使电路板导电膜能够穿入壳体孔位后与壳体更好地贴合。
101. 105799969 一种理瓶机构
CN
27.07.2016
B65B 21/06 Loading...
B65B 21/06
Loading...
201610164055.5
广州达意隆包装机械股份有限公司
彭杰
B65B 21/06
Loading...
本发明公开了一种理瓶机构，包括理瓶台以及与理瓶台相配合的输瓶装置，所述的理瓶台包括机架，机架上横向分布有多道分别由前隔瓶板和后隔瓶板分隔成的限位槽，所述的前隔瓶板和后隔瓶板分别安装于第一传动装置和第二传动装置上，并分别在第一传动装置和第二传动装置的驱动下横向同步或异步移动，前隔瓶板和后隔瓶板的下部有相向伸出的支撑部，当限位槽移动至与输瓶装置的输瓶通道相对时，输瓶装置输送的瓶子可从输瓶通道进入限位槽并由支撑部支撑。理瓶前，可根据瓶型的大小，通过第一传动装置和第二传动装置调节前隔瓶板和后隔瓶板之间的间距，从而调整限位槽的宽度，以适应不同瓶型的理瓶需求。
102. 105800345 一种片状物料分离装置
CN
27.07.2016
B65H 1/06 Loading...
B65H 1/06
Loading...
201610245763.1
广州达意隆包装机械股份有限公司
林良文
B65H 1/06
Loading...
一种片状物料分离装置，机架上装有放置片状物料的料仓组件，料仓组件的底部装有拉钩组件和料托板组件，还有吸取组件。该装置通过吸取组件分离片状物料的一端，然后该端的其它片状物料由拉钩组件固定，再由料托板组件放开片状物料的另一端，从而由后续的夹取装置取出片状物料。其结构简单，精度要求低，且工作过程简便、快捷，稳定性极高。
103. 105800347 一种片状物料出料装置
CN
27.07.2016
B65H 3/00 Loading...
B65H 3/00
Loading...
201610245764.6
广州达意隆包装机械股份有限公司
林良文
B65H 3/00
Loading...
一种片状物料出料装置，机架上装有夹取组件和拨料组件，夹取组件将料仓组件内的片状物料取出至过渡仓组件内暂存，夹取组件再回复到夹取位置，同时，同步带带动拨料组件将该物料拨至定位仓组件内。该出料装置主要通过夹取组件和拨动组件的进行出料，出料过程也由这两个组件分作两步进行，且这个步骤是同时实现的，其结构简单，工作稳定、快捷。
104. 105775884 一种标签折叠机
CN
20.07.2016
B65H 45/18 Loading...
B65H 45/18
Loading...
102016000263305
广州达意隆包装机械股份有限公司
何文明
B65H 45/18
Loading...
一种标签折叠机，机架上装有循环折叠机构，循环折叠机构上则装有抓取标签纸的抓取机构，通过循环折叠机构的往复运动，抓取机构反复标签纸至设定位置进行叠放，由此实现折叠标签的自动化工作。该折叠机设计巧妙，其主要通过往复运动的循环折叠机构带动抓取机构运动即可完成折叠工作，其结构极为简单，工作过程稳定、准确；通过该折叠机构可自动完成标签的折叠工作，极大的提高了工作效率和工作精度，有效降低生产成本。
105. 105751231 一种机器人末端压力反馈装置
CN
13.07.2016
B25J 13/08 Loading...
B25J 13/08
Loading...
102016000275540
广州达意隆包装机械股份有限公司
何文明
B25J 13/08
Loading...
一种机器人末端压力反馈装置，包括与机器人机械手末端连接的连接盘，与待加工物料接触并对其实施抓取的抓手，连接盘和抓手分别固定连接有上压头和下压头，上、下压头之间可相对移动并设有压力传感器，通过上、下压头挤压压力传感器产生压力信号并送至机器人控制系统。该机器人末端压力反馈装置主要通过可相对移动的上、下压头，和设置于上、下压头之间的压力传感器实现压力和抓取力度控制，其结构极为简单，推广容易，可使机器人得到更加广发的应用；相对于其它形式的传感器，压力传感器具有极高的灵敏度和反应速度，可有效保证压力的反馈速度，更好地保护产品免受损伤。
106. 105750862 一种压合装置
CN
13.07.2016
B23P 19/00 Loading...
B23P 19/00
Loading...
201610214475.X
广州达意隆包装机械股份有限公司
林良文
B23P 19/00
Loading...
本发明公开了一种压合装置，包括设置于机架上的压合模具和压合组件，压合模具与框状物体的下壳和上壳相适，可供下壳和上壳依次放入其内，机架上可滑动装有移动架，移动架与第一驱动装置的伸缩轴连接，所述的压合组件包括固定在移动架上的第二驱动装置和固定于第二驱动装置的垂向伸缩轴上的压板，第一驱动装置的伸缩轴伸缩时，可驱动移动架在位于压合模具上方的压合工位和远离压合模具的等待工位之间移动，当压板位于压合模具上方时，第二驱动装置的伸缩轴向下伸出后，可挤压位于压合模具内的上壳，从而将下壳和下壳压紧。本发明在整个压合过程，无须人工进行取料和放料，可大幅度提高效率，降低过动强度，并消除安全隐患。
107. WO/2016/107079 DEVICE AND METHOD FOR IMPROVING COOLING PRODUCTION EFFICIENCY OF CRYSTALLIZER BOTTLE MOUTH
WO
07.07.2016
B29C 49/64 Loading...
B29C 49/64
Loading...
PCT/CN2015/080819
GUANGZHOU TECH-LONG PACKAGING MACHINERY CO., LTD.
WU, Zhigang
B29C 49/64
Loading...
Disclosed are a device and a method for improving the cooling production efficiency of a crystallizer bottle mouth. The device comprises a cooling rotary table, a plurality of cooling head components, a blank insertion cam plate, a blank extraction cam plate and a blank release cam plate. Protective sleeves are provided on a crystallization chain, a blank bottle is arranged in each protective sleeve, the mouth of each blank bottle is exposed out of the corresponding protective sleeve, and the cooling head components are mounted on the cooling rotary table and arranged above the protective sleeves. The cooling head components comprise an upper mounting plate, a lower mounting plate, a cooling shaft body and a guide shaft. An upper roller is arranged on the upper mounting plate; a lower roller is arranged on the lower mounting plate; the blank insertion cam plate, the blank extraction cam plate and the blank release cam plate are all mounted in the rotary paths of the cooling head components; the blank release cam plate is arranged downstream the blank extraction cam plate; the blank insertion cam plate is positioned above the upper roller; the blank extraction cam plate is positioned below the lower roller; and the blank release cam plate is positioned between the upper roller and the lower roller. Therefore, the cooling production efficiency of the crystallizer bottle mouth can be improved.
108. 105731114 一种纸片分离及出料装置
CN
06.07.2016
B65H 1/08 Loading...
B65H 1/08
Loading...
102016000245765
广州达意隆包装机械股份有限公司
林良文
B65H 1/08
Loading...
一种纸片分离及出料装置，机架上的料仓底部装有提升组件，料仓的出料口处装有将纸片吹至蓬松的吹气管、吸起纸片一角的预吸纸组件和将整张纸片提起的吸纸夹具。该装置主要通过吹气、预吸纸、吸纸三步完成分离和出料工作，通过逐步的分离可取得准确、稳定的分离效果，有效避免多张纸片吸附在一起，也可避免纸片多吸、漏吸的发生，其结构简单，工作稳定、快捷。
109. 105712076 一种片状物件夹取装置
CN
29.06.2016
B65G 47/90 Loading...
B65G 47/90
Loading...
201610208636.4
广州达意隆包装机械股份有限公司
林良文
B65G 47/90
Loading...
本发明公开了一种片状物件夹取装置，包括基座，基座的上部可水平滑动安装有上夹板，上夹板的后端与驱动装置的伸缩轴连接，基座位于上夹板的下方位置铰接有下夹板，下夹板的上端的夹持部向前伸出基座，有连杆机构的下部与下夹板的下端铰接，上部则与上夹板的后端连接，当驱动装置的伸缩轴伸出时，可将上夹板的前部向前推出基座，并带动连杆机构将下夹板的下部下压，从而带动下夹板的上部的夹持部向上摆动至与下夹板前端的夹持部合拢并将片状物件夹持。本发明在夹取片状物件的过程中，仅有下夹板摆动，而上夹板滑动，因此，在夹取片状物件的过程中，所需的避让空间更小，能适应空间较小的抓取场合。
110. 105711038 一种框状物件的定位装置
CN
29.06.2016
B29C 45/17 Loading...
B29C 45/17
Loading...
201610208613.3
广州达意隆包装机械股份有限公司
林良文
B29C 45/17
Loading...
本发明公开了一种框状物件的定位装置，其机架上部装有供框状物件落于其上的支撑平台，机架位于支撑平台下方的位置设有上部可穿过限位孔的第一纵向定位件、第二纵向定位件以及横向定位件，第一纵向定位件和第二纵向定位件可纵向移动安装在机架上，并在纵向驱动装置的驱动下在限位孔内纵向相对移动，横向定位件则可横向移动安装在机架上，并在横向驱动装置的驱动下在限位孔内横向移动。本发明可自动实现框状物件的定位整理工作，无须人工，效率高，定位成本低。
111. 105690681 一种相框底座水口的剪切装置
CN
22.06.2016
B29C 45/38 Loading...
B29C 45/38
Loading...
201610212193.6
广州达意隆包装机械股份有限公司
刘胜保
B29C 45/38
Loading...
本发明公开了一种相框底座水口的剪切装置，其机架上设有支撑台，支撑台上开设有限位孔，支撑台位于限位孔外侧有与底座中部的轴向通孔相配合的定位柱，机架高于支撑台的位置安装有由第一驱动装置驱动的可水平移动的移动架，第一驱动装置可驱动移动架在限位孔的上方和水平远离限位孔的位置移动，移动架上装有可在第二驱动装置驱动下实现升降的抓取组件，第二驱动装置驱动抓取组件下移并与底座接触，机架位于限位孔下方的位置则装有平行气爪组件及可在第三驱动装置的驱动下升降的机械气剪，平行气爪组件的两根拨杆靠拢移动时，可推动水口绕定位柱转至与机械气剪相对。整个剪切过程，无需人工操作，可大幅度提高剪切效率，降低过动强度，并提高剪切质量。
112. 105691784 容器瓶的定位贴标装置及其故障检测方法
CN
22.06.2016
B65C 3/14 Loading...
B65C 3/14
Loading...
201610234913.9
广州达意隆包装机械股份有限公司
王志毅
B65C 3/14
Loading...
本发明涉及一种容器瓶的定位贴标装置及其故障检测方法，所述容器瓶的定位贴标装置，包括托瓶机构，托瓶机构包括旋转盘、第一旋转轴、多个托瓶组件及导条，旋转盘与第一旋转轴固定连接，多个托瓶组件周向均匀间隔设置于旋转盘上，托瓶组件包括转盘及用于容器瓶定位的定位组件，转盘可转动设置于旋转盘上、并与导条摩擦配合，导条与第一旋转轴动联接；多个推杆机构，推杆机构与对应的托瓶组件相配合使容器瓶相对于转盘旋转；贴标机构，用于容器瓶的定位贴签；及第一检测装置，第一检测装置用于检测转盘上是否有容器瓶。该容器瓶的定位贴标装置及其故障检测方法，提高容器瓶的定位贴标效率，及时排除故障，提高容器瓶定位贴标的准确性。
113. 105667918 标签贴覆机构
CN
15.06.2016
B65C 9/14 Loading...
B65C 9/14
Loading...
201610143863.3
广州达意隆包装机械股份有限公司
王志毅
B65C 9/14
Loading...
本发明涉及一种标签贴覆机构，其包括纵向转轴、支架、贴标撞块、导行件、第一滚轮和传动组件；所述支架固定地设于所述纵向转轴；所述传动组件设于所述支架并连接在所述贴标撞块和所述第一滚轮之间；所述贴标撞块突出于所述支架的侧面；所述导行件的上端面设有导行轨迹面，所述第一滚轮置于所述导行件的导行轨迹面上；所述第一滚轮在围绕所述纵向转轴作转动过程中沿所述导行轨迹面移动，并通过所述传动组件带动所述贴标撞块作横向伸缩移动。本发明所述的标签贴覆机构能有效地实现非规则圆弧状贴覆面的标签贴覆。
114. 105676902 储水桶内部压力的调节方法及装置
CN
15.06.2016
G05D 16/20 Loading...
G05D 16/20
Loading...
201610150719.2
广州达意隆包装机械股份有限公司
林志军
G05D 16/20
Loading...
本发明涉及一种储水桶内部压力的调节方法及装置，该方法包括如下步骤：向储水桶注入液体；当储水桶内部液体到达第一预设水位，且储水桶内部气压大于或等于第一预设压力时，停止向储水桶注入液体；当储水桶内部液体到达第一预设水位，且储水桶内部气压低于第一预设压力时，向储水桶注入气体；当储水桶的内部气压大于第一预设压力时，停止向储水桶注入液体及气体。储水桶内部压力的调节方法及装置，及时自动的调节储水桶内部压力变化，防止相关设备损坏或产生死水，节约人力资源成本。
115. 105666856 一种相框自动组装线及其组装方法
CN
15.06.2016
B29C 65/56 Loading...
B29C 65/56
Loading...
201610245767.X
广州达意隆包装机械股份有限公司
林良文
B29C 65/56
Loading...
一种相框自动组装线及其组装方法，包括壳片整料装置、壳片定位装置、压合装置、第一机械手、纸片分拣装置、塑料分拣装置、第二机械手和出料输送带。该自动组装线结构简单、易于实现，同时所需的设备精度较低，可有效降低生产成本和维护成本。
116. 105668154 螺旋输送装置
CN
15.06.2016
B65G 33/02 Loading...
B65G 33/02
Loading...
201410659900.7
广州达意隆包装机械股份有限公司
冯建华
B65G 33/02
Loading...
本发明公开了一种螺旋输送装置，螺旋输送装置包括支架、驱动装置、转笼和螺旋输送道，螺旋输送道固定于支架上，转笼设有立柱，立柱沿螺旋输送道而设，转笼在驱动装置的驱动下绕螺旋输送道的螺旋中心轴转动。上述的一种螺旋输送装置，转笼转动时由立柱推动放置于螺旋输送道上的包装物品沿螺旋输送道运动，螺旋输送道无需位置的移动，螺旋输送道的长度不受拉力的限制，从而可以通过增长螺旋输送道来增加包装物品的输送高度。
117. 105642585 清洁装置
CN
08.06.2016
B08B 1/02 Loading...
B08B 1/02
Loading...
201610028196.4
广州达意隆包装机械股份有限公司
陈小丰
B08B 1/02
Loading...
本发明公开了一种清洁装置，包括工作台、清洁头组件、清洁物料、卷绕有所述清洁物料的放料组件和卷收所述清洁物料的收料组件，所述清洁头组件包括与所述清洁物料相对设置的擦拭头和驱动所述擦拭头朝所述工作台的方向移动的第一驱动装置，所述清洁物料位于所述擦拭头与所述工作台之间。本发明实现了工件自动化清洁，解决了现有技术擦拭效率低，擦拭不干净等问题。同时，降低了人工成本，适应越来越多的电子产品的自动化装配线需要。
118. 105619044 一种方形物件定位装置
CN
01.06.2016
B23P 19/00 Loading...
B23P 19/00
Loading...
201610148747.0
广州达意隆包装机械股份有限公司
林良文
B23P 19/00
Loading...
本发明公开了一种方形物件定位装置，其基座上有倾斜设置的支撑台，支撑台上并排设置至少一个可放置方形物件的限位框，限位框均由两平行的倾斜限位板和位于两倾斜限位板之间的水平限位板组成，一个倾斜限位板为倾斜向下的固定限位板，另一个倾斜限位板为倾斜向下并可沿支撑台横向移动的活动限位板，所有的活动限位板固定于横向的滑杆上，而滑杆则活动插装于基座上，并在驱动机构的驱动下带动活动限位板相对固定限位板移动。本发明通过驱动机构驱动滑杆水平移动，以带动活动限位板将限位框内的方形物件推至与固定限位板相抵，使方形物件相邻的两边紧靠水平限位板和固定限位板，从而实现对方形物件的精确定位。
119. 105600357 洗瓶机及其控制方法
CN
25.05.2016
B65G 43/08 Loading...
B65G 43/08
Loading...
201510942909.3
广州达意隆包装机械股份有限公司
郑司琪
B65G 43/08
Loading...
本发明公开了一种洗瓶机及其控制方法，所述洗瓶机包括传动机构、进瓶机构、出瓶机构以及分别与上述机构电气连接的控制器，所述传动机构上依次设有多道冲洗工位，所述控制器包括寄存器，所述寄存器的位与所述冲洗工位一一对应，所述进瓶机构设置在靠近所述传动机构的第一道冲洗工位的一侧，所述出瓶机构设置在靠近所述传动机构的最后一道冲洗工位的一侧。所述洗瓶机及其控制方法的控制系统配置简单、运行可靠。
120. 205239978 包装盒装箱机
CN
18.05.2016
B65B 5/10 Loading...
B65B 5/10
Loading...
201521008691.6
广州达意隆包装机械股份有限公司
何文明
B65B 5/10
Loading...
本实用新型公开了一种包装盒装箱机，包括取料机构、推倒机构和依次连接的第一产品输送带、第二产品输送带，所述第一产品输送带用于输送直立包装盒，所述第二产品输送带用于输送横卧包装盒，所述推倒机构位于所述第二产品输送带靠近所述第一产品输送带的一端的上方，所述取料机构与所述第二产品输送带的输出端相关联。本实用新型能够使包装盒由直立状态切换成横卧状态后再被夹取装箱，减轻夹取过程中包装盒易发生晃动现象，保证包装盒装箱安全和装箱准确率，提高装箱速度。
121. 205246558 灯检装置
CN
18.05.2016
G01N 21/88 Loading...
G01N 21/88
Loading...
201520977905.4
广州达意隆包装机械股份有限公司
钟健威
G01N 21/88
Loading...
本实用新型涉及一种灯检装置，包括：底座；支架，安装于所述底座并向远离所述底座方向延伸；发光组件，安装于所述支架；反光组件，安装于所述支架并位于所述支架远离所述底座的顶端，所述反光组件与所述支架可转动连接以调整其相对所述支架的角度。上述灯检装置，用发光组件照射瓶体，检验人员可通过反光组件反射的图像观察瓶体的情况，且反光组件的角度可调，从而可根据检验人员所在的高度调整反光组件的角度，使检验人员可方便地检查瓶中是否存在异物，瓶口是否发生破损等情况，从而方便了检验人员的工作，提高了检验效率和质量。
122. 205245088 照明装置
CN
18.05.2016
F21V 17/16 Loading...
F21V 17/16
Loading...
201521043011.4
广州达意隆包装机械股份有限公司
钟健威
F21V 17/16
Loading...
本实用新型涉及一种照明装置，包括安装结构及安装于所述安装结构的灯体，所述安装结构包括间隔设置的两个支架，两个所述支架均开设有安装槽，所述灯体的两端可拆卸地卡设于所述安装槽，并可相对所述安装结构呈360°旋转。上述照明装置，灯体可拆卸地卡设于支架的安装槽内，因此可方便地拆装的同时，也可方便快捷地从支架中取下作为移动光源使用，从而扩大其适用范围，具有较大的使用灵活性。并且，该灯体可相对安装结构根据使用者的需要旋转，从而可满足不同照明角度的需要。
123. 205240669 翻瓶装置
CN
18.05.2016
B65G 47/248 Loading...
B65G 47/248
Loading...
201520953722.9
广州达意隆包装机械股份有限公司
刘林峰
B65G 47/248
Loading...
本实用新型公开了一种翻瓶装置，包括用于输送包装瓶的上瓶输送机构、推瓶机构、上瓶斗及上瓶翻转机构；上述翻瓶装置在所述上瓶输送机构输送包装瓶到达指定位置后，通过所述推瓶驱动机构驱动所述推瓶件移动，从而将包装瓶推送到上瓶输送机构另一侧的上瓶斗上，此时包装瓶正向放置；再通过所述翻瓶驱动机构所述第一连杆绕所述第一支撑座转动，由于第一连杆与第二连杆固定连接，第二连杆同步绕第一支撑座转动，第一连杆与第二连杆始终相互呈90度，因此，当翻瓶驱动机构驱动第一连杆从竖直位置转动为水平位置时，与所述第二连杆固定连接的上瓶斗也处于水平位置，从而将置于上瓶斗上的包装瓶翻转至水平位置。
124. 205249095 电机同步运行系统
CN
18.05.2016
H02P 5/00 Loading...
H02P 5/00
Loading...
201520987866.6
广州达意隆包装机械股份有限公司
林志军
H02P 5/00
Loading...
本实用新型公开了一种电机同步运行系统，包括主传动电机和至少一台从传动电机，主传动电机通过传动控制装置控制从传动电机，传动控制装置包括信号检测传感器和变频器，信号检测传感器与主传动电机内的转动盘相适配，变频器与至少一台所述从传动电机电连接。它能够保障从传动电机始终与主传动电机保持同步运行，从而有效提高工作效率。
125. 205241214 直线灌装机
CN
18.05.2016
B67C 3/24 Loading...
B67C 3/24
Loading...
201520954116.9
广州达意隆包装机械股份有限公司
刘林峰
B67C 3/24
Loading...
本实用新型提出一种直线灌装机，包括依次并排连接的推瓶机构、进瓶输送机构、自动送瓶机构及出瓶输送机构，以及设置于所述自动送瓶机构上方的灌装机构；所述自动送瓶机构包括送瓶机架，设置于所述送瓶机架上的驱动结构，与所述驱动结构连接的驱动链条；所述送瓶机架还包括与所述进瓶输送机构和出瓶输送机构对接的送瓶平台，所述驱动链条部分铺设于所述送瓶平台上。本实用新型提出的直线灌装机，可避免将瓶子挤压变形或使贴标面磨损，还可将设备中的瓶子全部送出。
126. 105539926 香肠上料机
CN
04.05.2016
B65B 35/34 Loading...
B65B 35/34
Loading...
201511006209.X
广州达意隆包装机械股份有限公司
何文明
B65B 35/34
Loading...
本发明涉及一种香肠上料机，包括振动料斗、振动输送带、抓取输送带、两台机器人及视觉机构，所述振动输送带的首端与振动料斗对接，所述振动输送带的末端与抓取输送带对接，所述视觉机构设置在抓取输送带的上方，两台机器人分别设置在抓取输送带的两侧，且两台机器人相对抓取输送带呈斜对角设置，视觉机构与所述机器人电性连接，振动输送带上设有多道沿输送方向布置的导向槽。从振动料斗振出的香肠落入导向槽内，将香肠分成多道输送，避免香肠滚动，便于两侧的机器人快速准确的抓取，斜对角安装两台机器人，能满足在小空间内的布置，且每台机器人负责将抓取输送带上靠近各自位置的香肠，互不干涉，实现香肠的全自动上料，大大提高上料效率。
127. 105478386 清洁机台
CN
13.04.2016
B08B 1/00 Loading...
B08B 1/00
Loading...
201610027640.0
广州达意隆包装机械股份有限公司
叶鸿真
B08B 1/00
Loading...
本发明公开了一种清洁机台，包括清洁机构和用于固定产品的至少一个产品夹具，所述产品夹具内设有放置产品的容纳腔，所述清洁机构包括擦拭头、清洁物料、卷绕有所述清洁物料的放料轮组件和卷收所述清洁物料的收料轮组件，所述擦拭头的末端与所述清洁物料相对设置，所述清洁机构还包括驱动所述擦拭头朝所述容纳腔的方向顶出所述清洁物料的第一驱动装置。本发明能够实现自动化清洁，解决了传统人工清洁成本高和效率低下等问题。
128. 105480716 多功能组装机台
CN
13.04.2016
B65G 47/90 Loading...
B65G 47/90
Loading...
201511034897.0
广州达意隆包装机械股份有限公司
陈小丰
B65G 47/90
Loading...
本发明涉及一种多功能组装机台，包括支撑架、机器人、拆装机构、接地线机构及控制器，所述拆装机构包括第一升降气缸、第一滑台及两个开扣气缸，所述第一升降气缸及开扣气缸设置在支撑架上，且两个开扣气缸分别设置在第一升降气缸的两侧，所述第一升降气缸上设有第一气爪，所述第一滑台位于支撑架下方，且第一滑台上设有第一治具板及第一光电传感器，所述第一治具板具有取放位及拆装位，所述接地线机构包括撕膜组件、滚轮组件、第二滑台以及设置在第二滑台上的第二治具板，所述第二治具板上设有压屏气缸及第二光电传感器，所述压屏气缸上设有压屏板。保压治具的拆装及产品接地线工艺同时进行，互不干涉，实现全程自动化，效率得到大幅提升。
129. 205146827 回收瓶的清洗系统
CN
13.04.2016
B08B 9/30 Loading...
B08B 9/30
Loading...
201520792702.8
广州达意隆包装机械股份有限公司
郑司琪
B08B 9/30
Loading...
本实用新型涉及一种回收瓶的清洗系统，包括：预冲洗装置，预冲洗装置包括预冲洗喷头，预冲洗喷头用于回收瓶外壁的冲洗及回收瓶内壁的润洗；第一冲洗装置，第一冲洗装置与预冲洗装置相邻设置，第一冲洗装置包括第一喷头，第一喷头用于回收瓶内壁的冲洗；药液冲洗装置，药液冲洗装置设置于第一冲洗装置的一侧，与预冲洗装置相对，药液冲洗装置包括药液喷头，药液喷头用于回收瓶内壁的冲洗；及无菌水冲洗装置，无菌水冲洗装置设置于药液冲洗装置的一侧，与第一冲洗装置相对，无菌水冲洗装置包括无菌水喷头，无菌水喷头用于回收瓶内壁的冲洗。所述回收瓶的清洗系统，能够冲洗到瓶内的各个部位，不会存在死角，达到良好的冲洗效果。
130. 205148349 一种并联机器人的旋转轴结构
CN
13.04.2016
B25J 19/00 Loading...
B25J 19/00
Loading...
201520818335.4
广州达意隆包装机械股份有限公司
何文明
B25J 19/00
Loading...
本实用新型公开了一种并联机器人的旋转轴结构，包括旋转驱动装置以及转盘，所述的旋转驱动装置安装在抓手安装组件上，所述的转盘直接或者间接与旋转驱动装置的垂向转轴连接。因而无须如现有技术一样采用中心旋转部件以及万向节等部件，从而提高了转盘旋转的精度，并降低成本。
131. 205148326 一种SCARA机器人的关节结构
CN
13.04.2016
B25J 9/04 Loading...
B25J 9/04
Loading...
201520818208.4
广州达意隆包装机械股份有限公司
何文明
B25J 9/04
Loading...
本实用新型公开了一种SCARA机器人的关节结构，其联接件直接或者间接安装有旋转驱动装置，抓手直接或者间接安装在旋转驱动装置的水平转轴上。旋转驱动装置的水平转轴转动时，可驱动抓手绕其水平转轴的水平轴线（对应X轴或者Y轴）转动，从而使本实用新型可在实现抓手在X轴、Y轴、Z轴的移动以及绕Z轴转动的同时，还能实现抓手在X轴或Y轴的转动，从而进一步满足零部件的装配工作需求。
132. 205148316 一种并联机器人
CN
13.04.2016
B25J 9/00 Loading...
B25J 9/00
Loading...
201520818402.2
广州达意隆包装机械股份有限公司
何文明
B25J 9/00
Loading...
本实用新型公开了一种并联机器人，其转盘直接或者间接安装有第三驱动装置，抓手直接或者间接安装在第三驱动装置的水平转轴上。第三驱动装置的转轴转动时，可驱动抓手绕X轴或者Y轴旋转，从而使本实用新型可在实现抓手在X轴、Y轴、Z轴的移动以及绕Z轴转动的同时，还能实现抓手在X轴或Y轴的旋转，从而进一步满足物料或者产品的搬运、整理、或者组装等工作需求。
133. 205151068 传送装置
CN
13.04.2016
B65G 47/04 Loading...
B65G 47/04
Loading...
201520638996.9
广州达意隆包装机械股份有限公司
吴锡林
B65G 47/04
Loading...
本实用新型涉及一种传送装置，包括可转动或滑动的推杆、可转动的转运件，推杆上具有顶推部，转运件位于第一输送通道与第二输送通道之间，转运件靠近第一输送通道的一端设有凸起的限位部，转运件和限位部构成转运通道，转运件转动至第一位置时，转运通道与第一输送通道对接，推杆位于第二位置时，顶推部位于第一输送通道内；转运件转动至第三位置时，转运通道与第二输送通道对接，推杆位于第四位置时，顶推部位于转运通道内。结构简单，便于操作。
134. 205151723 有瓶检测装置
CN
13.04.2016
B67C 3/22 Loading...
B67C 3/22
Loading...
201520723688.6
广州达意隆包装机械股份有限公司
吴锡林
B67C 3/22
Loading...
本实用新型涉及一种有瓶检测装置，包括：安装支架，安装支架设有安装孔；触发机构，触发机构通过安装孔安装在安装支架上，并可绕安装孔转动，触发机构包括接触件及触发件，接触件设有接触侧部及与接触侧部相对的连接侧部，连接侧部与触发件连接；弹性伸缩件，弹性伸缩件的一端固定于安装支架上，另一端与接触件连接；及感应装置，感应装置安装在安装支架上，并与触发件相对应；其中，当接触侧部与被测件接触并发生挤压时，接触件朝挤压方向绕安装孔转动，改变触发件与感应装置之间的相对位置，触发感应装置。该有瓶检测装置结构可靠，可保证有瓶检测的可靠性，提高其使用寿命，同时便于灵活切换检测模式。
135. 105460561 升降输瓶设备
CN
06.04.2016
B65G 47/22 Loading...
B65G 47/22
Loading...
201511024748.6
广州达意隆包装机械股份有限公司
刘武
B65G 47/22
Loading...
本发明公开了一种升降输瓶设备，包括拨瓶星轮、进瓶装置及升降装置，所述拨瓶星轮设置在进瓶装置的上方，所述拨瓶星轮上沿其外周设有多个分瓶拨齿，相邻的两个分瓶拨齿之间形成与瓶子匹配的凹陷部，所述进瓶装置固定在升降装置上，所述拨瓶星轮通过第一驱动装置驱动，所述进瓶装置通过第二驱动装置驱动。上述升降输瓶设备，利用升降装置对进瓶装置进行升降，从而调节进瓶装置与拨瓶星轮之间的相对高度以适应不同的瓶型，瓶子通过进瓶装置输送进入对应的凹陷部，以挂瓶的方式输瓶至后续灌装设备。整个升降输瓶设备结构简单，有效降低制造成本，运转稳定性高，切换瓶型时只需调整进瓶装置的高度，节省了操作时间，提高了生产效率。
136. 105457840 点胶机及其点胶方法
CN
06.04.2016
B05C 5/02 Loading...
B05C 5/02
Loading...
201510990829.5
广州达意隆包装机械股份有限公司
郑启明
B05C 5/02
Loading...
本发明公开了一种点胶机及其点胶方法，包括控制系统、进料系统、及均位于所述进料系统上方的视觉检测系统和点胶系统。所述进料系统采用所述第一进料装置和所述第二进料装置的双进料模组，配合所述视觉检测系统和所述点胶系统，实现了对所述进料系统先上料后进料的产品生产进行胶路规划，以及点胶和胶路复检工作，通过利用所述第一进料装置上产品点胶的时间来对所述第二进料装置上的产品进行胶路规划，利用对所述第一进料装置上的产品进行复检的同时，来对所述第二进料装置上的产品进行点胶工作，如此循环可以大大节约的整机工作周期，提升整机的生产效率，同时还可以大大降低用工成本，提高了点胶质量。
137. 105437724 自动撕背胶膜装置
CN
30.03.2016
B32B 38/10 Loading...
B32B 38/10
Loading...
201511024649.8
广州达意隆包装机械股份有限公司
陈小丰
B32B 38/10
Loading...
本发明提出一种自动撕背胶膜装置，包括安装座，设置于所述安装座上的升降驱动机构，以及与所述升降驱动机构连接的吸膜机构和压膜机构，且所述吸膜机构和压膜机构相互配合；所述升降驱动机构包括与所述安装座连接的升降气缸，以及与所述升降气缸连接的固定板；所述吸膜机构包括与所述固定板铰接的吸附连接结构，设置于所述吸附连接结构上的至少一个吸附头结构，以及与所述吸附连接结构连接的转动驱动结构；所述压膜机构包括设置于所述固定板上的滑台气缸，与所述滑台气缸连接的压头结构，所述压头结构与所述吸附头结构对应配合。本发明提出的自动撕背胶膜装置，保证了撕膜的质量，降低了成本，提高了产能，并适应电子产品的自动化装配需要。
138. 105438785 翻瓶装置及翻瓶方法
CN
30.03.2016
B65G 47/248 Loading...
B65G 47/248
Loading...
201510830837.3
广州达意隆包装机械股份有限公司
刘林峰
B65G 47/248
Loading...
本发明公开了一种翻瓶装置及翻瓶方法，包括用于输送包装瓶的上瓶输送机构、推瓶机构、上瓶斗及上瓶翻转机构；上述翻瓶装置在所述上瓶输送机构输送包装瓶到达指定位置后，通过所述推瓶驱动机构驱动所述推瓶件移动，从而将包装瓶推送到上瓶输送机构另一侧的上瓶斗上，此时包装瓶正向放置；再通过所述翻瓶驱动机构所述第一连杆绕所述第一支撑座转动，由于第一连杆与第二连杆固定连接，第二连杆同步绕第一支撑座转动，第一连杆与第二连杆始终相互呈90度，因此，当翻瓶驱动机构驱动第一连杆从竖直位置转动为水平位置时，与所述第二连杆固定连接的上瓶斗也处于水平位置，从而将置于上瓶斗上的包装瓶翻转至水平位置。
139. 105447246 一键生成电气原理图的方法与系统
CN
30.03.2016
G06F 17/50 Loading...
G06F 17/50
Loading...
201510811336.0
广州达意隆包装机械股份有限公司
曾庆汕
G06F 17/50
Loading...
本发明提供一种一键生成电气原理图的方法与系统，根据电气图纸制作需求，基于EPLAN软件，创建制作电气图纸所需数据库，对EPLAN软件二次开发，生成API插件，将电子表格作为电气图纸信息的信息载体，生成需生成的电气图纸信息的表格，并对需生成的电气图纸信息的表格进行电气图纸信息的设计和归类，以使电气图纸信息中相关联的信息自动生成，获得需生成的电气图纸信息，更新需生成的电气图纸信息中的数据，以EPLAN软件为平台并利用API插件一键生成电气原理图。整个过程中，利用EPLAN软件二次开发的插件，有效的将EPLAN软件和电子表格连接起来。设计图纸时，只需更新电气图纸信息的表格中的数据，利用EPLAN软件生成电气原理图，实现电气原理图高效、批量制作。
140. 105416652 瓶子头部抓取装置
CN
23.03.2016
B65B 21/12 Loading...
B65B 21/12
Loading...
201510932409.1
广州达意隆包装机械股份有限公司
何文明
B65B 21/12
Loading...
本发明公开了一种瓶子头部抓取装置，包括固定套，固定套的一端与装瓶机相连，固定套的另一端设有抓取口，抓取口内设有与瓶子的头部相适配的弹性包裹套，弹性包裹套上背离抓取口的端部能够移入瓶子头部的瓶口内，固定套内设有推动装置，推动装置的一端与所述端部相连。所述推动装置包括相连的推动杆和滑动块，滑动块与所述端部相连。本瓶子头部抓取装置具有使用更灵活、移动距离更大、适用范围更广的特点，能够极大地提高装瓶机的工作效率。
141. 105417465 输送链有瓶检测装置及其检测方法
CN
23.03.2016
B67C 3/24 Loading...
B67C 3/24
Loading...
201510925869.1
广州达意隆包装机械股份有限公司
吴锡林
B67C 3/24
Loading...
本发明公开了一种输送链有瓶检测装置及其检测方法，所述输送链有瓶检测装置包括安装板、弯折板以及控制器，所述安装板的一端用于与输送链的一侧连接，所述弯折板的第一板体位于所述安装板远离输送链的一侧并与所述安装板相对，所述第一板体的外端与所述安装板的另一端铰接，所述第一板体上设有与所述控制器电连接的接近开关，所述安装板上与所述接近开关的相对处为金属导体板，所述弯折板的第二板体部分伸入输送链上，所述第二板体的外端部长度与需检测有瓶的输送链段的长度相匹配。所述输送链有瓶检测装置及其检测方法能够针对整条需检测的输送链段进行有瓶检测、检测无死角。
142. 105414130 自动清洗装置
CN
23.03.2016
B08B 9/093 Loading...
B08B 9/093
Loading...
201610011431.7
广州达意隆包装机械股份有限公司
郑礼深
B08B 9/093
Loading...
本发明公开了一种自动清洗装置，包括多个第一喷洗头、多个第二喷洗头以及洗液分配装置，第一喷洗头和第二喷洗头都设置在待洗设备的待洗腔体内；多个第二喷洗头分别通过管道与洗液分配装置相连，洗液分配装置上设有旋转轴，旋转轴用于驱动洗液分配装置旋转，多个第二喷洗头与洗液分配装置同步旋转。所述第一喷洗头位于所述待洗腔体内的顶部或者底部。所述第二喷洗头位于所述待洗腔体内的顶部或者底部。所述旋转轴位于洗液分配装置的中心线。该自动清洗装置具有无需关停设备、清洗效果更好且效率更高的特性。
143. 105416651 错位推瓶装置及瓶子方阵防倒方法
CN
23.03.2016
B65B 21/04 Loading...
B65B 21/04
Loading...
201511008818.9
广州达意隆包装机械股份有限公司
仇荷花
B65B 21/04
Loading...
本发明公开了一种错位推瓶装置及瓶子方阵防倒方法，错位推瓶装置包括主体架和多个推瓶杆，主体架跨过运送瓶子方阵的输送带，主体架上绕设循环运转的传输带；多个推瓶杆相间地设置在传输带上，推瓶杆的一端面上设有多个与瓶子的瓶身相适配的凹槽，凹槽的深度小于或等于瓶子瓶身的最大半径，相邻两个凹槽的间距小于瓶子瓶身的最大直径；当推瓶杆在主体架的下部运行时，推瓶杆横向地位于输送带的上方且不高于瓶子的高度，推瓶杆的速度大于输送带的速度，推瓶杆上的凹槽朝向瓶子。该错位推瓶装置及瓶子方阵防倒方法能有效避免瓶子方阵运输过程中倒塌，提高瓶子方阵的输送效率，且无需使用纸垫和纸托盒。
144. WO/2016/033998 BOTTLE BLOWING STRUCTURE AND BOTTLE BLOWING METHOD
WO
10.03.2016
B29C 49/28 Loading...
B29C 49/28
Loading...
PCT/CN2015/080820
GUANGZHOU TECH-LONG PACKAGING MACHINERY CO., LTD.
ZOU, Daqun
B29C 49/28
Loading...
A bottle blowing structure and bottle blowing method; the bottle blowing structure recycles gas in a container used in a first bottle blowing and a second bottle blowing, and applies the recycled low-pressure gas in a subsequent bottle blowing, and repeats the cycle, thus reducing a low-pressure gas supply from an external gas source, reducing the consumption of high-pressure gas, improving an energy utilization rate, reducing energy consumption resulting from supplying compressed air from an external gas source device to a container blowing machine, reducing the machining cost of the container blowing machine, and being environmentally friendly.
145. 205009486 一种公仔注塑设备
CN
03.02.2016
B29C 45/14 Loading...
B29C 45/14
Loading...
201520617988.6
广州达意隆包装机械股份有限公司
叶鸿真
B29C 45/14
Loading...
一种公仔注塑设备，包括第一注塑机和第二注塑机，进料带的出口设置于两注塑机之间，有将公仔从进料带输送至第一注塑机上并从第一注塑机输送至第二注塑机上的上料机器人，和将公仔从第二注塑机输送至出料带上的下料机器人，还有将公仔从出料带的出口输送至焊接机上的装配机器人。该注塑设备由公仔骨架的输送，到成品的输出，完全由机器人完成，其自动化程度极高，可有效降低人工的需求，从而提高生产速度，消除人为因素的影响而提升产品质量，并同时降低生产成本。
146. 205011353 旋盖机产能测量装置
CN
03.02.2016
B67B 3/20 Loading...
B67B 3/20
Loading...
201520710707.1
广州达意隆包装机械股份有限公司
吴锡林
B67B 3/20
Loading...
本实用新型涉及一种旋盖机产能测量装置，包括支撑座、设于支撑座上的支撑杆、套接于支撑杆上的分盖齿轮、驱动分盖齿轮转动的驱动机构、位于分盖齿轮正上方的传感器、与驱动机构、传感器电性连接的控制器，分盖齿轮设有至少一个与传感器配合的检测部。驱动机构驱动分盖齿轮旋转，当有分盖齿轮上的检测部旋转至传感器正下方时，传感器都将检测信号发送至控制器。控制器计算出相邻两个信号之间的时间间隔，通过时间间隔计算出旋盖机的速度和产能，通过旋盖机的产能可以更准确控制设备的运转，客户可以更准确地估算当日的产量；客户还可以通过控制器调整驱动机构的转速，实现产能的调整。且该产能测量装置结构简单，便于维护，生产成本低。
147. 205011365 瓶提升卡持装置
CN
03.02.2016
B67C 3/24 Loading...
B67C 3/24
Loading...
201520595006.8
广州达意隆包装机械股份有限公司
樊衡益
B67C 3/24
Loading...
本实用新型涉及一种瓶提升卡瓶装置，包括：托瓶导杆；升降组件，沿所述托瓶导杆长度方向移动；夹持组件，安装于所述升降组件，所述夹持组件包括成对设置的夹瓶块，两个所述夹瓶块可转动地安装于所述升降组件，所述夹瓶块包括位于转动中心两侧的连接部及夹持部，两个所述夹瓶块的所述连接部通过弹性元件连接。上述瓶提升卡瓶装置，瓶体被夹持组件夹持，在升降组件的带动下沿托瓶导杆上升或下降，由于在上升下降的过程中，瓶体相对夹持组件静止，因此使瓶体可稳定上升，避免在灌装过程中瓶体倾斜而影响灌装的准确性。
148. 205011364 进瓶装置
CN
03.02.2016
B67C 3/24 Loading...
B67C 3/24
Loading...
201520586794.4
广州达意隆包装机械股份有限公司
卢小军
B67C 3/24
Loading...
本实用新型涉及一种进瓶装置，包括进瓶星轮机构、进瓶风道机构、导瓶条；所述进瓶星轮机构设有星轮形板，当所述星轮形板与所述导瓶条相配合时，形成第一进瓶通道；所述进瓶风道机构设有风道形板，当所述风道形板与导瓶条相配合时，形成第二进瓶通道。本实用新型发明的进瓶装置拥有两种进瓶模式，实现两种不同路径进入灌装机，切换进瓶路径方便快捷，使一台灌装机能灌装多种饮料，提高市场竞争力。
149. 205011362 无菌灌装密封系统
CN
03.02.2016
B67C 3/22 Loading...
B67C 3/22
Loading...
201520556168.0
广州达意隆包装机械股份有限公司
郑礼深
B67C 3/22
Loading...
本实用新型涉及一种无菌灌装密封系统，所述无菌灌装密封系统包括：固定机构；转动机构，相对所述固定机构转动，并与所述固定机构配合形成灌装腔；无菌密封系统，包括密封液体，所述密封液体填充所述固定机构与所述转动机构之间的间隙，以封闭所述灌装腔。上述无菌灌装密封系统，通过设有密封液体的无菌密封系统密封灌装腔，达到较好的密封效果，从而使灌装在隔离了外界环境的无菌环境下进行，保证了食品安全，且避免固定机构与转动机构之间的相对运动影响密封的效果而更换密封装置，节约了生产成本。
150. 205011366 托瓶升降装置
CN
03.02.2016
B67C 3/24 Loading...
B67C 3/24
Loading...
201520599039.X
广州达意隆包装机械股份有限公司
吴锡林
B67C 3/24
Loading...
本实用新型公开了一种托瓶升降装置，包括第一限位板、第二限位板、升降杆和至少两根导杆，第一限位板位于第二限位板上方，导杆设置在第一限位板和第二限位板之间形成第二限位板上升和下降的定位轴，升降杆穿过第一限位板，升降杆的下端与第二限位板对接，升降杆的上端设有用于承载瓶罐的托盘。它是一种能够承载着瓶罐稳定上升及下降的托瓶升降装置。该托瓶升降装置也能降低事故的发生概率，从而降低维修成本并提升装置的使用寿命，利于生产效率的提高。
151. 205010599 压瓶装置
CN
03.02.2016
B65C 9/06 Loading...
B65C 9/06
Loading...
201520647827.1
广州达意隆包装机械股份有限公司
王志毅
B65C 9/06
Loading...
本实用新型公开了一种压瓶装置，包括压杆、拨片、定位杆件、压瓶头以及与所述压瓶头外壁形状相配合的卡箍，所述压瓶头套有所述卡箍的一端套接于所述压杆上，另一端与容器顶部相配合，所述压瓶头设有第一通孔，所述压杆凹设有与所述第一通孔相对的定位槽，所述定位杆件一端与所述卡箍连接，另一端穿过所述第一通孔并伸入所述定位槽内，所述拨片位于所述卡箍与所述压瓶头之间并套接在所述定位杆件上。本实用新型可以实现压瓶头的快速安装与拆卸，减少更换时间，提供工作效率。
152. 105269558 一种并联机器人
CN
27.01.2016
B25J 9/00 Loading...
B25J 9/00
Loading...
201510686715.1
广州达意隆包装机械股份有限公司
何文明
B25J 9/00
Loading...
本发明公开了一种并联机器人，其转盘直接或者间接安装有第三驱动装置，抓手直接或者间接安装在第三驱动装置的水平转轴上。第三驱动装置的转轴转动时，可驱动抓手绕X轴或者Y轴旋转，从而使本发明可在实现抓手在X轴、Y轴、Z轴的移动以及绕Z轴转动的同时，还能实现抓手在X轴或Y轴的旋转，从而进一步满足物料或者产品的搬运、整理、或者组装等工作需求。
153. 204981092 回流灌装阀
CN
20.01.2016
B67C 3/26 Loading...
B67C 3/26
Loading...
201520580022.X
广州达意隆包装机械股份有限公司
饶艳新
B67C 3/26
Loading...
本实用新型公开了一种回流灌装阀，包括阀座、阀芯和滑动体，所述阀座上设有进液通道和出液通道，所述滑动体滑动固定于所述阀座上，所述滑动体与所述阀芯之间设有灌装通道，所述阀芯的下端设有阀密封件，所述阀芯还设有回气回流通道，所述进液通道依次与所述灌装通道、所述回气回流通道及所述出液通道连通形成回液通道。此时饮料可以沿回液通道实现回流功能，持续流动的饮料能够保证其温度保持在90±1℃的高温灌装要求，避免因降温后造成饮料内微生物、细菌等的繁殖超标，使饮料达不到卫生要求，当需要CIP清洗时，CIP液也可以实现持续流动，流动的CIP液能够对回流灌装阀内部进行冲刷作用，如此便可以清除回流灌装阀内难以清除的污垢。
154. 204979294 灌装机中心分配装置及设有该装置的灌装机
CN
20.01.2016
B65B 3/04 Loading...
B65B 3/04
Loading...
201520541851.7
广州达意隆包装机械股份有限公司
郑礼深
B65B 3/04
Loading...
本实用新型涉及一种灌装机中心分配装置及设有该装置的灌装机，灌装机中心分配装置包括：内轴结构；外环结构，套设于内轴结构，并突伸于内轴结构一端以形成物料出口端；其中，内轴结构设有进气口，外环结构设有与进气口连通的气体导流槽，气体导流槽与进气口一起形成进气通道，物料出口端与所述进气通道之间通过蒸汽屏蔽结构隔离。上述灌装机中心分配装置，采用蒸汽屏蔽结构隔离物料出口端与进气通道，从而对物料出口端的无菌物料与进气通道内的有菌气体进行隔离，使从进气通道泄露的气体进入蒸汽屏蔽结构内而不进入物料出口端，并通过蒸汽屏蔽结构对气体进行高温消毒，从而避免蒸汽屏蔽结构向物料出口端泄露有菌的气体，防止无菌的物料受到污染。
155. 204980250 全自动理瓶装置
CN
20.01.2016
B65G 47/26 Loading...
B65G 47/26
Loading...
201520509884.3
广州达意隆包装机械股份有限公司
张扬辉
B65G 47/26
Loading...
本实用新型公开了一种全自动理瓶装置，包括进瓶输送带、出瓶输送带、识别系统、控制装置、抓取装置，所述进瓶输送带用于输送整理前的瓶子，所述出瓶输送带用于输送整理后的瓶子，所述出瓶输送带设置在进瓶输送带的下游，所述识别系统设置在进瓶输送带的入口处，所述识别系统包括位置检测装置，所述位置检测装置、抓取装置分别与控制装置电性连接，所述抓取装置安装在进瓶输送带的上方，所述抓取装置能将进瓶输送带上的瓶子抓取至出瓶输送带上。进行理瓶时，进瓶输送带送入瓶子，由位置检测装置获取瓶子的位置信息，控制装置根据位置信息控制抓取装置将进瓶输送带上的瓶子抓取至出瓶输送带，保证瓶子直立、整齐地排列在出瓶输送带上。
156. 204980247 理盖储盖装置
CN
20.01.2016
B65G 47/256 Loading...
B65G 47/256
Loading...
201520509730.4
广州达意隆包装机械股份有限公司
李智淼
B65G 47/256
Loading...
本实用新型涉及一种理盖储盖装置，包括：理盖器，具有理盖空腔的壳体结构；正反盖筛选装置，包括进口端、出口端及筛选口，正反盖筛选装置的进口端连通理盖器；储盖装置，连通正反盖筛选装置的出口端；反盖回收装置，包括进口端和出口端，反盖回收装置的进口端连通正反盖筛选装置的筛选口，反盖回收装置的出口端连通理盖器；理盖器可转动，并可容纳瓶盖以在理盖器的转动过程中将瓶盖输送至正反盖筛选装置。上述理盖储盖装置，正向的瓶盖通过正反盖筛选装置，进入储盖装置。反向的瓶盖从正反盖筛选装置进入反盖回收装置，从而直接再次进入理盖器内进行整理，完成反向瓶盖的自动回收。如此，该理盖储盖装置具有较高的整理效率，提高了生产效率。
157. 204977320 一种公仔玩具注塑件去废料的工装夹具
CN
20.01.2016
B29C 45/42 Loading...
B29C 45/42
Loading...
201520618011.6
广州达意隆包装机械股份有限公司
罗文海
B29C 45/42
Loading...
一种公仔玩具注塑件去废料的工装夹具，安装板安装在机械手上随其运动，安装板上则安装有从背部吸附公仔玩具注塑件的吸盘，和从两侧夹持公仔玩具注塑件的抓手，还装有打开公仔玩具注塑件颈部排水口的去料装置，使废料从排水口沿水道排出，而水道出水口处则装有废料夹，可以夹持和放置废料。该工装夹具结构简单，但自动化程度高，无需人工配合工作，可以极大地提高工作效率，且有利于废水、废渣等不同废料的分类排放，便于对不同废料进行处理。
158. 204981095 定量灌装机构及灌装装置
CN
20.01.2016
B67C 3/28 Loading...
B67C 3/28
Loading...
201520580931.3
广州达意隆包装机械股份有限公司
吴锡林
B67C 3/28
Loading...
本实用新型涉及一种定量灌装机构及灌装装置，所述定量灌装机构包括灌注管，所述灌注管设有出水口；开关阀，所述开关阀与所述灌注管相连通；光电检测机构，所述光电检测机构包括相对设置的光源发射器、接收器，所述光源发射器及所述接收器均设置于所述出水口的下方；控制器，所述控制器与所述光电检测机构及所述开关阀均电连接。当容器到达定量液位后，本实用新型的定量灌装机构能快速关阀阀门，灌装精度高，响应快速，同时光电检测机构的抗干扰能力强，成本低廉，可有效保证所述定量灌装机构的应用场合，提高所述定量灌装机构的可靠性及使用寿命。
159. 204981086 灌装机的瓶升降装置
CN
20.01.2016
B67C 3/24 Loading...
B67C 3/24
Loading...
201520605969.1
广州达意隆包装机械股份有限公司
梁业成
B67C 3/24
Loading...
本实用新型涉及一种灌装机的瓶升降装置，包括假杯、卡瓶板以及设置在灌装阀上方的气缸，气缸的伸缩件上设有滚轮座，滚轮座上设有滚轮，滚轮座的两侧分别设有导杆，导杆远离滚轮座的一端与所述假杯连接，假杯的底端与所述卡瓶板连接，假杯位于所述灌装阀的阀口下方，且气缸的轴心线、灌装阀的轴心线及滚轮的纵向中心线重合。将滚轮、假杯、卡瓶板、灌装阀及气缸连接成整体结构，成本低，进行灌装时，在压缩空气的作用下，气缸向上运动，滚轮座连着导杆带动卡瓶板向上运动，使瓶口顶在阀口处灌装；当灌装完成时，滚轮向下运动，导杆带动卡瓶板向下运动，使瓶子脱离阀口，提升或下降过程受力都集中在灌装阀的轴心线方向，有效提高灌装精度。
160. 204981085 星轮传动机构及灌装机
CN
20.01.2016
B67C 3/24 Loading...
B67C 3/24
Loading...
201520574905.X
广州达意隆包装机械股份有限公司
樊衡益
B67C 3/24
Loading...
本实用新型涉及一种星轮传动机构，包括星轮座、设于星轮座内并延伸出所述星轮座的传动轴及与所述传动轴一体成型的星轮板架，所述星轮板架可随所述传动轴相对所述星轮座转动。上述星轮传动机构，将传动轴与星轮板架一体成型，可保证加工精度，减小装配之间的误差，实现灌装生产时，瓶子传递平稳，从而提高了生产效率，且提高了机器的安全性和可靠性。还提供一种灌装机。
161. 204980323 分瓶装置
CN
20.01.2016
B65G 47/84 Loading...
B65G 47/84
Loading...
201520580001.8
广州达意隆包装机械股份有限公司
王志毅
B65G 47/84
Loading...
本实用新型公开了一种分瓶装置，包括分瓶星轮、第一限位护栏、第二限位护栏、止瓶机构,所述分瓶星轮上沿其外周设有多个分瓶拨齿，相邻的两个分瓶拨齿之间形成与容器瓶匹配的第一凹陷部，所述第一限位护栏设置在分瓶星轮的外围并与分瓶星轮的外周形成弧形的分瓶通道，所述第二限位护栏与第一限位护栏相对设置形成运输通道，所述分瓶通道与运输通道连通，所述分瓶通道与运输通道的交接处对应其中一个第一凹陷部，所述止瓶机构设置在运输通道一侧。当容器瓶输送至分瓶通道与运输通道的交接处时，容器瓶先进入对应的第一凹陷部中，然后随分瓶星轮的转动被依次带入分瓶通道，每个第一凹陷部每次只输送一个容器瓶，实现容器瓶的可靠分离。
162. 204977239 一种公仔玩具骨架机器人抓放工装夹具
CN
20.01.2016
B29C 45/14 Loading...
B29C 45/14
Loading...
201520618029.6
广州达意隆包装机械股份有限公司
罗文海
B29C 45/14
Loading...
一种公仔玩具骨架机器人抓放工装夹具，包括安装在机器人机械手上并随机械手运动的安装板，安装板上装有气爪驱动缸和伸缩气缸，气爪驱动缸带动爪钩抓放公仔玩具骨架，爪钩放下公仔玩具骨架时，伸缩气缸带动压块压在公仔玩具骨架上进行定位。该抓放工装夹具采用简单的结构就可完成所需的自动化抓放工作，且工作过程快速，极大地提高了工作效率；在爪钩放下公仔玩具骨架时，通过压块的配合作用，可以更加平稳、准确地完成放置工作，且不过增加额外的工作时间，有利于提高放置的准确性。
163. 204977411 一种吹瓶机加热灯管
CN
20.01.2016
B29C 49/64 Loading...
B29C 49/64
Loading...
201520656436.6
广州达意隆包装机械股份有限公司
邹大群
B29C 49/64
Loading...
本实用新型公开了一种吹瓶机加热灯管，包括管体，管体内设有灯丝，所述管体的横截面由面向瓶胚的圆弧曲线段和与圆弧曲线段相连且背向瓶胚的抛物线段、双曲线段或者椭圆曲线段组成，所述的灯丝位于抛物线段、双曲线段或者椭圆曲线段的焦点处，抛物线段、双曲线段或者椭圆曲线段的表面设有能反射光线的涂层。本实用新型具有良好的光线反射效率，能更有效提高光能利用率。
164. 204981102 无菌灌装系统
CN
20.01.2016
B67C 7/00 Loading...
B67C 7/00
Loading...
201520580875.3
广州达意隆包装机械股份有限公司
郑礼深
B67C 7/00
Loading...
本实用新型涉及一种无菌灌装系统，包括依次连通的进瓶部、消毒部、洗瓶部、灌装旋盖部及出瓶部，所述进瓶部、消毒部、洗瓶部、灌装旋盖部及出瓶部内的压强均为正压，所述消毒部内的压强大于所述进瓶部内的压强且小于所述洗瓶部内的压强，所述洗瓶部、出瓶部内的压强均小于所述灌装旋盖部内的压强。在隔离装置的基础上，采用压差来保证灌装旋盖部的洁净度，采用正压逐级递减的方式：即灌装旋盖部区域内的正压压力最大，其余区域逐级递减，保证其他区域的微生物和细菌不会流向灌装旋盖部，从而保证了灌装旋盖部的洁净度。
165. 204977408 一种吹塑设备的模具锁合机构
CN
20.01.2016
B29C 49/56 Loading...
B29C 49/56
Loading...
201520538090.X
广州达意隆包装机械股份有限公司
邹大群
B29C 49/56
Loading...
本实用新型公开了一种吹塑设备的模具锁合机构，其滑道的始端位于摆臂的铰轴的铅垂线的一侧，尾端延伸出自锁位，自锁位位于摆臂的铰轴的铅垂线的另一侧，滚轮组件的滚轮沿锁模导轨滚动时带动摆臂摆动以驱动拨动轴相对滑道移动，当拨动轴从滑道的始端向尾端移动时驱动连接块和锁模轴组件上升，当拨动轴移动进入滑道的自锁位时插销已向上退出插孔，并实现自锁。本实用新型无须如现有技术一般设置锁鼻孔和可插入锁鼻孔的锁模销，也就不会如现有技术一般产生强烈的撞击和较大的噪音，同时，也不会如现有技术那般容易出现工作不平稳、不可靠、及用使用寿命低的情况。
166. 204985099 防护结构及风机过滤器
CN
20.01.2016
F04D 29/70 Loading...
F04D 29/70
Loading...
201520495894.6
广州达意隆包装机械股份有限公司
卢小军
F04D 29/70
Loading...
本实用新型涉及一种防护结构，包括承载框架、防护板及叶片框，防护板具有若干开孔，防护板设置于所述承载框架，叶片框设置于承载框架内，且位于所述防护板一侧，叶片框内并肩排列布设有多个缓冲阻流叶片，相邻缓冲叶片之间形成自下而上的缓冲阻流通道，以对自开孔进入叶片框的冲洗水进行缓冲阻流。上述防护结构，冲洗水通过防护板及叶片框内的缓冲阻流叶片对冲洗水进行分级缓冲，防止冲洗水进入风机过滤器里，保证了过滤器的过滤效果和使用寿命，从而减少了风机过滤器的更换次数，进而降低生产成本，提高了灌装产品的质量。还提供一种设有该防护结构的风机过滤器。
167. 105216283 一种吹瓶机加热灯管
CN
06.01.2016
B29C 49/64 Loading...
B29C 49/64
Loading...
201510536116.1
广州达意隆包装机械股份有限公司
邹大群
B29C 49/64
Loading...
本发明公开了一种吹瓶机加热灯管，包括管体，管体内设有灯丝，所述管体的横截面由面向瓶胚的圆弧曲线段和与圆弧曲线段相连且背向瓶胚的抛物线段、双曲线段或者椭圆曲线段组成，所述的灯丝位于抛物线段、双曲线段或者椭圆曲线段的焦点处，抛物线段、双曲线段或者椭圆曲线段的表面设有能反射光线的涂层。本发明具有良好的光线反射效率，能更有效提高光能利用率。
168. 105215036 冲瓶机分水盘防转结构
CN
06.01.2016
B08B 13/00 Loading...
B08B 13/00
Loading...
201510713706.7
广州达意隆包装机械股份有限公司
吴锡林
B08B 13/00
Loading...
本发明公开了一种冲瓶机分水盘防转结构，包括设有安装孔的分水盘装置，介质输送装置以及防转装置，所述介质输送装置包括第一介质输送管和第二介质输送管，且所述第一介质输送管和所述第二介质输送管的流通方向均由所述分水盘装置的底部至顶部设置。即将所述第一介质输送管和所述第二介质输送管从所述分水盘装置的底部穿过进行供给清洗介质，从而保证了用于固定所述介质输送装置的防转装置较为便利的固定和加固，如此可以大大提高所述介质输送装置的防转强度，消除了因振动等问题产生的导致密封效果变差的问题，从而提高所述冲瓶机分水盘防转结构的整体密封性能，并且所述防转装置结构简单，易于安装。
169. 105174173 回流灌装阀
CN
23.12.2015
B67C 3/26 Loading...
B67C 3/26
Loading...
201510472028.X
广州达意隆包装机械股份有限公司
饶艳新
B67C 3/26
Loading...
本发明公开了一种回流灌装阀，包括阀座、阀芯和滑动体，所述阀座上设有进液通道和出液通道，所述滑动体滑动固定于所述阀座上，所述滑动体与所述阀芯之间设有灌装通道，所述阀芯的下端设有阀密封件，所述阀芯还设有回气回流通道，所述进液通道依次与所述灌装通道、所述回气回流通道及所述出液通道连通形成回液通道。此时饮料可以沿回液通道实现回流功能，持续流动的饮料能够保证其温度保持在90±1℃的高温灌装要求，避免因降温后造成饮料内微生物、细菌等的繁殖超标，使饮料达不到卫生要求，当需要CIP清洗时，CIP液也可以实现持续流动，流动的CIP液能够对回流灌装阀内部进行冲刷作用，如此便可以清除回流灌装阀内难以清除的污垢。
170. 105173146 灌装机中心分配装置及设有该装置的灌装机
CN
23.12.2015
B65B 3/04 Loading...
B65B 3/04
Loading...
201510439858.2
广州达意隆包装机械股份有限公司
郑礼深
B65B 3/04
Loading...
本发明涉及一种灌装机中心分配装置及设有该装置的灌装机，灌装机中心分配装置包括：内轴结构；外环结构，套设于内轴结构，并突伸于内轴结构一端以形成物料出口端；其中，内轴结构设有进气口，外环结构设有与进气口连通的气体导流槽，气体导流槽与进气口一起形成进气通道，物料出口端与所述进气通道之间通过蒸汽屏蔽结构隔离。上述灌装机中心分配装置，采用蒸汽屏蔽结构隔离物料出口端与进气通道，从而对物料出口端的无菌物料与进气通道内的有菌气体进行隔离，使从进气通道泄露的气体进入蒸汽屏蔽结构内而不进入物料出口端，并通过蒸汽屏蔽结构对气体进行高温消毒，从而避免蒸汽屏蔽结构向物料出口端泄露有菌的气体，防止无菌的物料受到污染。
171. 105150475 一种公仔玩具注塑件去废料的工装夹具及使用方法
CN
16.12.2015
B29C 45/42 Loading...
B29C 45/42
Loading...
201510503501.6
广州达意隆包装机械股份有限公司
罗文海
B29C 45/42
Loading...
一种公仔玩具注塑件去废料的工装夹具及使用方法，安装板安装在机械手上随其运动，安装板上则安装有从背部吸附公仔玩具注塑件的吸盘，和从两侧夹持公仔玩具注塑件的抓手，还装有打开公仔玩具注塑件颈部排水口的去料装置，使废料从排水口沿水道排出，而水道出水口处则装有废料夹，可以夹持和放置废料。该工装夹具结构简单，但自动化程度高，无需人工配合工作，可以极大地提高工作效率，且有利于废水、废渣等不同废料的分类排放，便于对不同废料进行处理。
172. 105152105 旋盖机产能测量装置及其测量方法
CN
16.12.2015
B67B 3/20 Loading...
B67B 3/20
Loading...
201510583275.7
广州达意隆包装机械股份有限公司
吴锡林
B67B 3/20
Loading...
本发明涉及一种旋盖机产能测量装置及其测量方法，包括支撑座、设于支撑座上的支撑杆、套接于支撑杆上的分盖齿轮、驱动分盖齿轮转动的驱动机构、位于分盖齿轮正上方的传感器、与驱动机构、传感器电性连接的控制器，分盖齿轮设有至少一个与传感器配合的检测部。驱动机构驱动分盖齿轮旋转，当有分盖齿轮上的检测部旋转至传感器正下方时，传感器都将检测信号发送至控制器。控制器计算出相邻两个信号之间的时间间隔，通过时间间隔计算出旋盖机的速度和产能，通过旋盖机的产能可以更准确控制设备的运转，客户可以更准确地估算当日的产量；客户还可以通过控制器调整驱动机构的转速，实现产能的调整。且该产能测量装置结构简单，便于维护，生产成本低。
173. 105126718 双氧水调配装置及方法
CN
09.12.2015
B01J 19/00 Loading...
B01J 19/00
Loading...
201510439530.0
广州达意隆包装机械股份有限公司
郑礼深
B01J 19/00
Loading...
本发明涉及一种双氧水调配装置及方法，双氧水调配装置包括原液预处理罐、双氧水调配主罐、以及设置在原液预处理罐与双氧水调配主罐之间的第一泵，所述第一泵与双氧水调配主罐之间通过第一管路连通，所述第一管路上设有第一通断阀，所述原液预处理罐与第一泵之间通过第二管路连通，所述第一通断阀与第一泵的连通管路上设有与原液预处理罐连通的第三管路，所述第三管路上设有第二通断阀，所述原液预处理罐的上端设有第一排气孔。双氧水调配装置及方法，将抽入双氧水调配主罐内的双氧水原液先进行初步排气循环，有效排出双氧水原液不稳定特性产生的气体，避免气体影响调配过程中双氧水原液的计量，从而配置出稳定浓度的双氧水液体。
174. 105083952 全自动理瓶装置及方法
CN
25.11.2015
B65G 47/26 Loading...
B65G 47/26
Loading...
201510413229.2
广州达意隆包装机械股份有限公司
张扬辉
B65G 47/26
Loading...
本发明公开了一种全自动理瓶装置及方法，所述全自动理瓶装置包括：进瓶输送带，用于输送整理前的瓶子；出瓶输送带，用于输送整理后的瓶子；图像识别装置，包括位置检测单元，所述位置检测单元用于获取进瓶输送带上瓶子的位置信息；控制装置，与图像识别装置电性连接，用于接收并处理所述位置信息；抓取装置，与控制装置电性连接，根据处理后的位置信息，将进瓶输送带上的瓶子抓取至出瓶输送带上。利用上述全自动理瓶装置及方法进行理瓶时，进瓶输送带送入瓶子，由位置检测单元获取瓶子的位置信息，控制装置处理位置信息并控制抓取装置将进瓶输送带上的瓶子抓取至出瓶输送带上，保证瓶子直立、整齐地排列在出瓶输送带上并输送至灌装机中。
175. 105058750 一种吹塑设备的锁模机构
CN
18.11.2015
B29C 49/56 Loading...
B29C 49/56
Loading...
201510436521.6
广州达意隆包装机械股份有限公司
邹大群
B29C 49/56
Loading...
本发明公开了一种吹塑设备的锁模机构，在滑道的尾端设置有位于摆臂的铰轴的另一侧的自锁位，滚轮组件的滚轮沿锁模导轨滚动时带动摆臂摆动以驱动拨动轴相对滑道移动，当拨动轴从滑道的始端向尾端移动时驱动连接块和锁模轴组件下降，当拨动轴移动进入滑道的自锁位时插销已向下退出插孔并实现自锁。本发明无须如现有技术一般设置锁鼻孔和可插入锁鼻孔的锁模销，也就不会如现有技术一般产生强烈的撞击和较大的噪音，同时，也不会如现有技术那般容易出现工作不平稳、不可靠、及用使用寿命低的情况。
176. 105060230 洗瓶夹、洗瓶机及其夹瓶块快换方法
CN
18.11.2015
B67C 9/00 Loading...
B67C 9/00
Loading...
201510452198.1
广州达意隆包装机械股份有限公司
刘炳香
B67C 9/00
Loading...
本发明公开了一种洗瓶夹、洗瓶机及其夹瓶块快换方法，包括活动块、夹瓶块以及定位件，所述定位件的尾端呈外壁为曲面的外凸状，所述活动块上设有定位通孔，所述夹瓶块上设有与所述尾端相匹配的凹槽，所述定位件依次插入所述定位通孔与所述凹槽中，所述活动块与所述夹瓶块滑动连接并通过所述定位件定位。所述洗瓶机包括所述的洗瓶夹。所述洗瓶夹、洗瓶机及其夹瓶块快换方法能够实现夹瓶块的快速更换，夹瓶块快换操作简单、能够有效提高工作效率。
177. 105060221 星轮传动机构及灌装机
CN
18.11.2015
B67C 3/24 Loading...
B67C 3/24
Loading...
201510467895.4
广州达意隆包装机械股份有限公司
樊衡益
B67C 3/24
Loading...
本发明涉及一种星轮传动机构，包括星轮座、设于星轮座内并延伸出所述星轮座的传动轴及与所述传动轴一体成型的星轮板架，所述星轮板架可随所述传动轴相对所述星轮座转动。上述星轮传动机构，将传动轴与星轮板架一体成型，可保证加工精度，减小装配之间的误差，实现灌装生产时，瓶子传递平稳，从而提高了生产效率，且提高了机器的安全性和可靠性。还提供一种灌装机。
178. 105060217 定量灌装装置及定量灌装方法
CN
18.11.2015
B67C 3/04 Loading...
B67C 3/04
Loading...
201510472243.X
广州达意隆包装机械股份有限公司
吴锡林
B67C 3/04
Loading...
本发明涉及一种定量灌装装置及定量灌装方法，所述定量灌装装置包括灌注管，所述灌注管设有出水口；开关阀，所述开关阀与所述灌注管相连通；光电检测装置，所述光电检测装置包括相对设置的光源发射器、接收器，所述光源发射器及所述接收器均设置于所述出水口的下方；控制器，所述控制器与所述光电检测装置及所述开关阀均电连接。当容器到达定量液位后，本发明的定量灌装装置能快速关阀阀门，灌装精度高，响应快速，同时光电检测装置的抗干扰能力强，成本低廉，可有效保证所述定量灌装装置的应用场合，提高所述定量灌装装置的可靠性及使用寿命。
179. 105058689 一种公仔玩具骨架机器人抓放工装夹具
CN
18.11.2015
B29C 45/14 Loading...
B29C 45/14
Loading...
201510503521.3
广州达意隆包装机械股份有限公司
罗文海
B29C 45/14
Loading...
一种公仔玩具骨架机器人抓放工装夹具，包括安装在机器人机械手上并随机械手运动的安装板，安装板上装有气爪驱动缸和伸缩气缸，气爪驱动缸带动爪钩抓放公仔玩具骨架，爪钩放下公仔玩具骨架时，伸缩气缸带动压块压在公仔玩具骨架上进行定位。该抓放工装夹具采用简单的结构就可完成所需的自动化抓放工作，且工作过程快速，极大地提高了工作效率；在爪钩放下公仔玩具骨架时，通过压块的配合作用，可以更加平稳、准确地完成放置工作，且不过增加额外的工作时间，有利于提高放置的准确性。
180. 105058699 一种抓取公仔玩具注塑件的工装夹具
CN
18.11.2015
B29C 45/17 Loading...
B29C 45/17
Loading...
201510503556.7
广州达意隆包装机械股份有限公司
罗文海
B29C 45/17
Loading...
一种抓取公仔玩具注塑件的工装夹具，安装板安装在机械手上随其运动，安装板上对应玩具公仔注塑件的三个排水口相应地设置有三个插针，且插针的端头形状与排水口的锥形孔相一致，安装板上还设有排放废料的排水道，和玩具公仔注塑件脱模时夹紧玩具公仔注塑件的脱料机构。该工装夹具结构简单，但自动化程度高，无需人工配合工作，可以极大地提高工作效率；工装夹具上还装有插针，插针的端头和排水口的开孔设置为锥形，一来通过其形状特性使相互配合时可在一定的偏移程度中进行自动修正，二来也可以提高相互的配合强度，有效防止发生相对移动，从而提高抓取的准确性和定位精度。
181. 105036040 无菌灌装系统及控制方法
CN
11.11.2015
B67C 7/00 Loading...
B67C 7/00
Loading...
201510472012.9
广州达意隆包装机械股份有限公司
郑礼深
B67C 7/00
Loading...
本发明涉及一种无菌灌装系统及控制方法，无菌灌装系统包括依次连通的进瓶部、消毒部、洗瓶部、灌装旋盖部及出瓶部，所述进瓶部、消毒部、洗瓶部、灌装旋盖部及出瓶部内的压强均为正压，所述消毒部内的压强大于所述进瓶部内的压强且小于所述洗瓶部内的压强，所述洗瓶部、出瓶部内的压强均小于所述灌装旋盖部内的压强。在隔离装置的基础上，采用压差来保证灌装旋盖部的洁净度，采用正压逐级递减的方式：即灌装旋盖部区域内的正压压力最大，其余区域逐级递减，保证其他区域的微生物和细菌不会流向灌装旋盖部，从而保证了灌装旋盖部的洁净度。
182. 105036030 灌装机的瓶升降装置
CN
11.11.2015
B67C 3/24 Loading...
B67C 3/24
Loading...
201510493420.2
广州达意隆包装机械股份有限公司
梁业成
B67C 3/24
Loading...
本发明涉及一种灌装机的瓶升降装置，包括假杯、卡瓶板以及设置在灌装阀上方的气缸，气缸的伸缩件上设有滚轮座，滚轮座上设有滚轮，滚轮座的两侧分别设有导杆，导杆远离滚轮座的一端与所述假杯连接，假杯的底端与所述卡瓶板连接，假杯位于所述灌装阀的阀口下方，且气缸的轴心线、灌装阀的轴心线及滚轮的纵向中心线重合。将滚轮、假杯、卡瓶板、灌装阀及气缸连接成整体结构，成本低，进行灌装时，在压缩空气的作用下，气缸向上运动，滚轮座连着导杆带动卡瓶板向上运动，使瓶口顶在阀口处灌装；当灌装完成时，滚轮向下运动，导杆带动卡瓶板向下运动，使瓶子脱离阀口，提升或下降过程受力都集中在灌装阀的轴心线方向，有效提高灌装精度。
183. 105014871 一种公仔注塑设备及其自动上下料注塑方法
CN
04.11.2015
B29C 45/14 Loading...
B29C 45/14
Loading...
201510503437.1
广州达意隆包装机械股份有限公司
叶鸿真
B29C 45/14
Loading...
一种公仔注塑设备及其自动上下料注塑方法，包括第一注塑机和第二注塑机，进料带的出口设置于两注塑机之间，有将公仔从进料带输送至第一注塑机上并从第一注塑机输送至第二注塑机上的上料机器人，和将公仔从第二注塑机输送至出料带上的下料机器人，还有将公仔从出料带的出口输送至焊接机上的装配机器人。该注塑设备由公仔骨架的输送，到成品的输出，完全由机器人完成，其自动化程度极高，可有效降低人工的需求，从而提高生产速度，消除人为因素的影响而提升产品质量，并同时降低生产成本。
184. 105000520 无菌灌装密封系统
CN
28.10.2015
B67C 3/22 Loading...
B67C 3/22
Loading...
201510455863.2
广州达意隆包装机械股份有限公司
郑礼深
B67C 3/22
Loading...
本发明涉及一种无菌灌装密封系统，所述无菌灌装设备包括：固定机构；转动机构，相对所述固定机构转动，并与所述固定机构配合形成灌装腔；无菌密封系统，包括密封液体，所述密封液体填充所述固定机构与所述转动机构之间的间隙，以封闭所述灌装腔。上述无菌灌装设备，通过设有密封液体的无菌密封系统密封灌装腔，达到较好的密封效果，从而使灌装在隔离了外界环境的无菌环境下进行，保证了食品安全，且避免固定机构与转动机构之间的相对运动影响密封的效果而更换密封装置，节约了生产成本。
185. 104999618 一种公仔玩具臀部件抓放工装夹具
CN
28.10.2015
B29C 45/14 Loading...
B29C 45/14
Loading...
201510503482.7
广州达意隆包装机械股份有限公司
罗文海
B29C 45/14
Loading...
一种公仔玩具臀部件抓放工装夹具，包括安装在机器人机械手上并随机械手运动的安装板，安装板上装有气爪和夹紧块，气爪带动夹紧块夹持公仔玩具臀部件，夹紧块放下公仔玩具臀部件时，伸缩气缸带动压块压在公仔玩具臀部件上进行定位。该抓放工装夹具采用简单的结构就可完成所需的自动化抓放工作，且工作过程快速，极大地提高了工作效率；在夹紧块放下公仔玩具臀部件时，通过压块的配合作用，可以更加平稳、准确地完成放置工作，且不过增加额外的工作时间，有利于提高放置的准确性。
186. 104960704 一种用于产品外包装的加热装置
CN
07.10.2015
B65B 53/06 Loading...
B65B 53/06
Loading...
201510347161.2
广州达意隆包装机械股份有限公司
仇荷花
B65B 53/06
Loading...
本发明公开了一种用于产品外包装的加热装置，包括箱体、第一风道及第二风道、第一盒体及第二盒体。所述第一风道及所述第二风道均设置在所述箱体内、且均连通至吹风机。所述第一盒体位于所述箱体内的底部，所述第一盒体顶面设有若干通孔，且所述第一盒体与所述第一风道相连通。所述第二盒体位于所述箱体内的侧部，所述第二盒体侧面设有若干通孔，且所述第二盒体与所述第二风道相连通。上述用于产品外包装的加热装置，热空气均匀地全方位流通到产品的各部位,而且能沿包装产品循环流动，使热收缩薄膜充分膨胀后再遇冷收缩包裹产品，得到的产品外包装膜平滑美观，包装膜熔接封合的效果好。
187. 104960890 理坯机辅助系统及方法
CN
07.10.2015
B65G 47/22 Loading...
B65G 47/22
Loading...
201510374389.0
广州达意隆包装机械股份有限公司
邹大群
B65G 47/22
Loading...
本发明公开了一种理坯机辅助系统及方法，理坯机辅助系统包括瓶坯检测装置，设置在理坯机内的整列机构上，用于检测有无瓶坯输送；喷气装置，设置在理坯机内的与整列机构相对接的下坯机构上，用于喷出能够使瓶坯稳定的预定速率的气流；供气装置，与喷气装置连通，用于向喷气装置供气；控制器，与瓶坯检测装置、喷气装置、供气装置分别电连接。该理坯机辅助系统及方法能够消除理坯机的卡坯现象从而提高生产效率。
188. WO/2015/096554 BOTTLE BLANK HEATING AIR CHANNEL FOR BOTTLE BLOWING MACHINE
WO
02.07.2015
B29C 49/64 Loading...
B29C 49/64
Loading...
PCT/CN2014/090164
GUANGZHOU TECH-LONG PACKAGING MACHINERY CO., LTD.
DEGN, Zhijun
B29C 49/64
Loading...
Disclosed in the present invention is a bottle blank heating air channel for a bottle blowing machine. The heating air channel comprises an air inlet channel and an air outlet channel. The air inlet channel comprises a bottleneck air channel and a bottle body air channel and the air outlet channel comprises a bottleneck air outlet channel and a bottle body air outlet channel. The bottleneck air outlet channel is a space surrounded by the bottle body air outlet channels at two sides. The cold air for cooling the bottleneck and the bottle body are respectively controlled by different air inlet channels, and the air quantity and air quantity proportion are adjustable, so that a device runs more stably, the air guide effect is more accurate, the technological requirements of different parts of a bottle blank are met, the quality of products is improved. The bottle blank heating air channel is simple in structure, utilizes space effectively, and can be used for reducing the device volume and the production cost.
189. 104552899 Device and method for improving crystallizer bottle mouth cooling production efficiency
CN
29.04.2015
B29C 49/64 Loading...
B29C 49/64
Loading...
201410857464.4
广州达意隆包装机械股份有限公司
吴志刚
B29C 49/64
Loading...
The invention discloses a device and a method for improving crystallizer bottle mouth cooling production efficiency. The device comprises a cooling rotary table, a plurality of cooling head components, a blank insertion cam plate, a blank extraction cam plate and a blank release cam plate, wherein protective sleeves are arranged on a crystallization chain; a blank bottle is arranged in each protective sleeve; the mouth of each blank bottle is exposed out of the corresponding protective sleeve; the cooling head components are mounted on the cooling rotary table and arranged above the protective sleeves, and comprise an upper mounting plate, a lower mounting plate, a cooling shaft body and a guide shaft; an upper roller is arranged on the upper mounting plate; a lower roller is arranged on the lower mounting plate; the blank insertion cam plate, the blank extraction cam plate and the blank release cam plate are all mounted in the rotary paths of the cooling head components; the blank extraction cam plate is arranged downstream the blank release cam plate; the blank insertion cam plate is positioned above the upper roller; the blank extraction cam plate is positioned below the lower roller; the blank release cam plate is positioned between the upper and lower rollers. Through the adoption of the device and the method, the crystallizer bottle mouth cooling production efficiency can be improved.
190. 104494012 Blank arranging mechanism and blank arranging machine
CN
08.04.2015
B29C 31/08 Loading...
B29C 31/08
Loading...
201410784899.0
广州达意隆包装机械股份有限公司
邹大群
B29C 31/08
Loading...
The invention discloses a blank arranging mechanism and a blank arranging machine. The blank arranging mechanism comprises two blank arranging rolls which are arranged in parallel, wherein a gap is arranged between the two blank arranging rolls and forms a blank channel; and a blank passes through the blank channel. The blank arranging mechanism also comprises a blank arranging impeller and a rotary power device, wherein the blank arranging impeller is positioned above the blank channel and faces to the blank channel; the rotary power device is connected with the blank arranging impeller; and the distance from the blank arranging impeller to the blank on the blank channel is less than the thickness of the blank. The blank arranging machine is provided with the blank arranging mechanism, and by the blank arranging mechanism, the blanks in an abnormal state can be accurately eliminated, so that the blocking phenomenon of the blanks is avoided, the operation stopping of the blank arranging machine due to blocking of the blanks is eliminated, the handling time for unexpected accidents is reduced and the productivity and the qualification rate of the blank arranging machine are increased.
191. 104441583 Flexible structure of side die and bottom die linkage mechanism for bottle blowing machine
CN
25.03.2015
B29C 49/56 Loading...
B29C 49/56
Loading...
201410774704.4
广州达意隆包装机械股份有限公司
邹大群
B29C 49/56
Loading...
The invention discloses a flexible structure of a side die and bottom die linkage mechanism for a bottle blowing machine. A side die and a bottom die are linked through an opening and closing connecting rod, a bearing connecting rod, a crank, an idler wheel and a cam with a cam curve, wherein a profile groove is formed in the cam; a movable block is arranged in the profile groove; and an elastic body is also arranged between the movable block and the profile groove. Through arrangement of the flexible structure, the internal force generated by rigidity between the bottom die, a sliding rail, a guide rail base, the crank, the idler wheel and the cam is greatly reduced; equipment is effectively protected; the damage to spare parts is reduced; the service life of the equipment is prolonged; the production efficiency is improved; the maintenance cost is reduced; meanwhile, an intact cavity of a blowing container is protected; and the product quality is ensured.
192. 104418274 Distributing and filling device
CN
18.03.2015
B67C 3/26 Loading...
B67C 3/26
Loading...
201310398178.1
广州达意隆包装机械股份有限公司
刘方城
B67C 3/26
Loading...
The invention discloses a distributing and filling device which comprises a main pipe, a controller used for detecting a liquid flow or time, a switch valve only positioned in the main pipe and used for controlling liquid circulation, a distributing device and a high-speed filling and low-speed filling switching device, wherein the distributing device is used for distributing a liquid in the main pipe, and provided with at least two distributing channels, filling pipes in which a liquid circulates are correspondingly arranged under the distributing channels, the high-speed filling and low-speed filling switching device is provided with a regulating rod capable of extending into the distributing device, and the distributing speed of the distributing device is controlled by the regulating rod. According to the distributing and filling device, the problems of single and fixed structure and relatively high integral cost of a traditional filling device are solved, the switching of high-speed filling and low-speed filling is realized, the whole process is enabled to be stable and reliable, and the yield is improved.
193. 104418268 Capping device automatically adapts to containers of different heights
CN
18.03.2015
B67B 3/00 Loading...
B67B 3/00
Loading...
201310369330.3
广州达意隆包装机械股份有限公司
刘方城
B67B 3/00
Loading...
The invention relates to a capping device automatically adapts to containers of different heights. The capping device comprises a cap fixing groove portion, a fixing frame, an upper roller component, a lower roller component, and an exit cap blocking portion; the capping device further comprises an automatic height adjusting unit, and a limiting block which is installed between the upper roller component and the lower roller component, therefore a gap is left between the limiting block and the roller components, so as to be adaptive to capping containers of different heights. The device is automatically adaptive to containers of different heights, can be used for capping containers of the same height or different heights without adjustment, thus ensuring the effect of beautiful capping, saving manpower, and meeting the requirements of customers.
194. 104383845 搅拌轴的联接结构及搅拌器
CN
04.03.2015
B01F 15/00 Loading...
B01F 15/00
Loading...
201410631945.3
广州达意隆包装机械股份有限公司
董世荣
B01F 15/00
Loading...
本发明公开了一种搅拌轴的联接结构及搅拌器，所述搅拌轴的联接结构包括第一轴、第二轴、定位套，第一轴第一端的端面呈倾斜状，其上设有至少一个第一凹部、至少一个第一凸部，所述第二轴第二端的端面呈与第一轴第一端的端面匹配的倾斜状，其上设有至少一个与第一凹部匹配的第二凸部、至少一个与第一凸部匹配的第二凹部，第一轴的第一端与第二轴的第二端通过第一凹部与第一凸部配合及第二凹部与第二凸部配合连接，所述定位套同时套设在第一轴第一端的外壁上及第二轴第二端的外壁上。所述搅拌轴的联接结构及搅拌器的回转精度更高、运行更平稳，而且安装、维修方便、快捷。
195. 104370254 Cover rotating mechanism
CN
25.02.2015
B67B 3/20 Loading...
B67B 3/20
Loading...
201410610037.6
广州达意隆包装机械股份有限公司
张聪敏
B67B 3/20
Loading...
The invention discloses a cover rotating mechanism which comprises a cover rotating body, a rotating shaft and a cover grabbing head. The rotating shaft can rotate in the cover rotating body and further fixedly connected with the cover grabbing head. The cover rotating mechanism further comprises a fixing seat, a first magnet and a mouse cage type rotor. The fixing seat and the cover rotating body are fixed. The mouse cage type rotor and the periphery of the rotating shaft are fixed, the first magnet and the fixing seat are fixed, and the first magnet is located on the periphery of the mouse cage type rotor. The first magnet comprises at least one N magnetic area and at least one S magnetic area, and the N magnetic areas and the S magnetic areas are arranged in a staggered mode in the outer circumferential direction of the mouse cage type rotor. An effective magnetic field is generated for the mouse cage type rotor through the N magnetic areas and the S magnetic areas which are adjacently arranged so that the cover grabbing head can generate a certain amount of overload torque, the overload torque of the cover grabbing head is smooth in transition, operation is stable, and high-speed operation of the cover grabbing head can be achieved.
196. 104370259 Rapid star wheel replacing structure
CN
25.02.2015
B67C 3/24 Loading...
B67C 3/24
Loading...
201410613814.2
广州达意隆包装机械股份有限公司
郑礼深
B67C 3/24
Loading...
The invention discloses a rapid star wheel replacing structure. The rapid star wheel replacing structure comprises a star wheel body, a plurality of bottle protection plates, a compression ring and a locking element, wherein the star wheel body comprises a first wheel disc, a second wheel disc and a support frame; the first wheel disc and the second wheel disc are connected by use of the support frame and are arranged up and down; a plurality of positioning pins arranged around the circumferential direction of the first wheel disc are arranged on the first wheel disc; a plurality of grooves formed around the circumferential direction of the second wheel disc are formed in the second wheel disc; each bottle protection plate comprises a bottle protection part, a first mounting part arranged on the first end of the back of the bottle protection part, and a second mounting part arranged on the second end of the back of the bottle protection part, the section of the bottle protection part is circular-arc-shaped, a pin hole matched with the corresponding pin is formed in the first mounting part and a lug boss matched with the corresponding groove is arranged on the second mounting part; the plurality of bottle protection plates are arranged at the peripheries of the first wheel disc and the second wheel disc; the lug bosses are clamped in the grooves; the positioning pins are clamped in the pin holes; the compression ring is pressed on the first mounting parts and connected with the first wheel disc by use of the locking element. The rapid star wheel replacing structure is capable of realizing quick replacement of star wheels different in bottle shapes.
197. WO/2015/021774 ANTI-ROTATION DEVICE FOR DISTRIBUTOR INNER SHAFT STRUCTURE
WO
19.02.2015
B67C 3/22 Loading...
B67C 3/22
Loading...
PCT/CN2014/073200
GUANGZHOU TECH-LONG PACKAGING MACHINERY CO., LTD
YANG, Huiguang
B67C 3/22
Loading...
Disclosed is an anti-rotation device for a distributor inner shaft structure, comprising an upright column (1), a bracket (2) fastened on the upright column (1), two swing arms (3) arranged in opposite directions, and two connecting rods (4) arranged in parallel, wherein the upright column (1) is fixed on the ground or fixedly connected to a non-rotating base frame (300) on a filling machine, the middle parts of the two swing arms (3) are respectively hinged on the bracket (2) so as to be able to swing horizontally, and the end parts of the two swing arms (3) in opposite directions have meshing gear teeth (31). The two connecting rods (4) are located between the swing arms (3) and an inner shaft structure (100) of the distributor, one end of each is respectively hinged to the other end of the corresponding swing arm (3), and the other ends of the two connecting rods (4) are then respectively hinged to the lower part of the inner shaft structure (100) of the distributor, and are capable of swinging horizontally relative to the swing arms (3) and the inner shaft structure (100). The anti-rotation device can increase the service life of an outer ring and the inner shaft structure as well as a sealing ring located therebetween, increase the filling production efficiency and filling quality, reduce the replacement rate of corresponding components, and save on a great deal of manpower and time.
198. 204162054 筛选正反盖装置
CN
18.02.2015
B65G 47/256 Loading...
B65G 47/256
Loading...
201420568416.9
广州达意隆包装机械股份有限公司
李智淼
B65G 47/256
Loading...
本实用新型公开了一种筛选正反盖装置，包括输送通道，所述输送通道上设有筛选位，处在该筛选位的输送通道底面设有开口，该开口的一侧设有与输送通道底面平齐的筛选板，该开口的另一侧设有挡板，该筛选板与挡板之间形成有筛选口，所述筛选口上方设置有吹气嘴，所述挡板与筛选板所在平面的距离小于待筛选的瓶盖的高度，所述筛选板包括安装部、尖端部，安装部靠近挡板的一侧与所述尖端部连接。该筛选正反盖装置结构简单，能快速、准确地筛选出反向的瓶盖，提高产品的合格率，避免设备损坏。
199. 204162071 下盖装置
CN
18.02.2015
B65G 47/74 Loading...
B65G 47/74
Loading...
201420554306.7
广州达意隆包装机械股份有限公司
李智淼
B65G 47/74
Loading...
本实用新型公开了一种下盖装置，其包括竖直设置的盖槽，支撑杆，所述盖槽的上端设有进盖口，下端设有出盖口，所述支撑杆为空心管，所述空心管上设有进线口及出线口，且支撑杆的上部通过第一连接件与所述盖槽固定连接，支撑杆的下部通过第二连接件与所述盖槽固定连接。上述下盖装置的盖槽的上部和下部分别与支撑杆固定，利用支撑杆的刚性对盖槽进行支撑，使盖槽的稳定得到明显提高；并且，将支撑杆设置成空心的结构，可将下盖装置包含的连接线缆穿设于支撑杆中，再根据需要分流布置，不仅能够收容线缆，提高下盖装置的美观性，且避免线缆交错缠绕，不便于维护，且避免了安全隐患。
200. 204159556 瓶盖筛选装置
CN
18.02.2015
B07B 13/04 Loading...
B07B 13/04
Loading...
201420509762.X
广州达意隆包装机械股份有限公司
李智淼
B07B 13/04
Loading...
本实用新型公开了一种瓶盖筛选装置，包括连接板、第一护板、第二护板、上护板、下护板，所述连接板上设有瓶盖入口，所述第一护板、第二护板的第一端相对设置在瓶盖入口的左右两侧，所述上护板的第一端设置在瓶盖入口的上侧，所述下护板的第一端设置在瓶盖入口的下侧，且靠近第一护板设置，第一护板、第二护板、上护板及下护板形成的空间为筛选通道，下护板与第二护板之间形成有筛选口，筛选口的宽度小于带防盗环的瓶盖的厚度，且大于或者等于缺失防盗环的瓶盖的厚度，所述第一护板上设有朝第二护板吹气的侧吹气嘴。所述瓶盖筛选装置能快速、准确地筛选出防盗环缺失的瓶盖，避免产品不合格的问题出现。

