1. 106592666 平地机工作装置调节机构及平地机
CN
26.04.2017
E02F 3/84 Loading...
E02F 3/84
Loading...
102016001195467
广西柳工机械股份有限公司
卢南潮
E02F 3/84
Loading...
本发明涉及平地机工作装置调节机构，为解决现有平地机工作装置调节机构影响驾驶员观察前轮视野的问题；提供一种平地机工作装置调节机构，包括摆架总成、左升降油缸、右升降油缸、侧移油缸，摆架总成上具有分别向左、右伸出的左、右提升臂，左、右提升臂的端面上设有朝外的铰接叉安装圆孔，铰接叉可转动地安装在铰接叉安装圆孔内，铰接叉的叉臂与升降油缸的缸筒铰接，升降油缸的活塞杆末端球铰连接在工作装置的牵引架的后部。在本发明中，铰接升降油缸的铰接叉分别朝左和朝右，这样在不增加摆架尺寸的前提下，可以使得升降油缸外移和倾斜而远离前机架，避开驾驶员观察平地机前轮的视线，从而改善驾驶员的视野。
2. 106592678 履带式挖掘机
CN
26.04.2017
E02F 9/22 Loading...
E02F 9/22
Loading...
102016001168569
柳州柳工挖掘机有限公司
高旭
E02F 9/22
Loading...
本发明涉及履带式挖掘机，为解决现有挖掘机两行走架之间距离不可调的问题；提供一种挖掘机的下部机构包括行走架和中间框架，中间框架在其两侧均通过上部连杆和下部连杆分别与两侧的行走架铰接，位于中间框架同一侧的上部连杆、下部连杆和该侧的行走架与中间框架构成在竖直方向上下摆动的平行四边形连杆机构，举升油缸举升平行四边形连杆机构在竖直方向上上下摆动。在本发明中，行走架通过平行四边形连杆机构绕中间框架上的铰接点上下摆动，向上摆动时左右两侧行走架也随之增大，中间框架的高度也随之降低，从而降低整机的中心，增加稳定力矩，提高整机稳定性，以适应恶劣工况。
3. 106594007 液压油箱散热温控系统
CN
26.04.2017
F15B 21/04 Loading...
F15B 21/04
Loading...
102017000064104
广西柳工机械股份有限公司
石军锋
F15B 21/04
Loading...
本发明涉及散热温控系统，为解决现有液压油散热增加机器能耗及占据安装空间的问题；提供一种液压油箱散热温控系统，热交换器位于液压油箱内，两位三通电磁阀的电控端与温控装置连接，冷能存储装置的冷能出口通过管路与两位三通电磁阀的入口连接，两位三通电磁阀的第一出口经管路与热交换器的冷能入口连接，热交换器的冷能出口和两位三通电磁阀的第二出口通过管路同时与冷能需求装置的冷能入口连接，温控装置用于检测所述液压油箱内的温度且控制两位三通电磁阀的工作位。在本发明中，当液压油箱内液压油的温度超过预定值时，冷能存储装置的冷能流经热交换器，与液压油箱内的液压油发生热交换，带走热量，降低液压油的温度。
4. 106594053 减摩防松铰接结构
CN
26.04.2017
F16C 11/04 Loading...
F16C 11/04
Loading...
102016001106864
广西柳工机械股份有限公司
向上升
F16C 11/04
Loading...
本发明涉及铰接结构，为解决现有铰接结构中销轴与端部端盖容易松脱的问题；提供一种减摩防松铰接结构，包括固定构件、转动构件、销轴，下铰板的下方设有端盖，端盖通过螺纹机构固定安装在销轴的下端；在端盖与下铰板之间设有呈环状且中心位于所述销轴轴心的减摩件，减摩件呈环状环套所述销轴的下端，减摩件的上侧面与下侧面分别与所述下铰板的下侧面和端盖的上侧面紧密接触。在本发明中，减摩件将端盖与下铰板之间隔开起到轴向支撑的作用，减小了端盖相对固定构件运动的摩擦力或摩擦扭矩，能让销轴轴端、端盖基本保持同步运动，螺纹机构不易松动，铰接结构的防松性能提高。
5. 106602690 工程机械仪表电路5伏电压供电装置及供电方法
CN
26.04.2017
H02J 7/34 Loading...
H02J 7/34
Loading...
102016001254365
广西柳工机械股份有限公司
黄辉
H02J 7/34
Loading...
本发明涉及工程机械仪表供电，为解决现有工程机械仪表电路5伏电压供电装置扛干扰能力差的问题；提供一种工程机械仪表电路5伏电压供电装置，包括发电机与蓄电池并联的24伏供电系统、前级滤波电路、12伏稳压电路、5伏稳压电路、仪表控制电路，所述发电机与蓄电池并联的24伏供电系统接入前级滤波电路，前级滤波电路输出到12伏稳压电路，12伏稳压电路输出到5伏稳压电路，5伏稳压电路同时输出到所述仪表控制电路。在本发明中，仪表供电电源是经过二级稳压电路处理，避免电源系统中由传导和耦合引起的电骚扰沿电源线的电瞬态传导对仪表造成物理性损坏；保证仪表参数及数据的安全，提高仪表可靠性及使用寿命。
6. 106564480 车辆制动散热系统
CN
19.04.2017
B60T 5/00 Loading...
B60T 5/00
Loading...
201610936074.5
广西柳工机械股份有限公司
王振兵
B60T 5/00
Loading...
本发明涉及制动系统，为解决现有车辆液压制动器散热不方便的问题；提供一种车辆制动散热系统，包括制动气体供给装置、制动踏板、制动阀、加力器、液控单向阀、制动器组、制动液储箱、角度传感器、电源、控制器、两位两通电磁阀、散热风扇、散热器、第二单向阀、温度传感器、压力传感器；加力器制动液出口经液控单向阀与制动器组的制动液入口连接，散热器、两位两通电磁阀依次串联在制动器组的制动液出口与制动液储箱之间；加力器制动液补液口与制动液储箱连接；两位两通电磁阀的控制端和角度传感器与控制器连接。在本发明车辆制动散热系统中，每次制动后松开制动踏板的过程中，制动踏板复位到一定角度后，两位两通电磁阀导通，制动器中部分制动液经散热器、两位两通电磁阀进入到制动液储箱，实现制动器散热功能。
7. 106567633 易于解锁的装载机驾驶室门用锁定装置
CN
19.04.2017
E05F 3/02 Loading...
E05F 3/02
Loading...
102016001008949
广西柳工机械股份有限公司
曾剑锋
E05F 3/02
Loading...
本发明公开了一种易于解锁的装载机驾驶室门用锁定装置，涉及工程机械技术领域，它包括压缩气弹簧，所述压缩气弹簧的一端装配在驾驶室门框上，另一端与驾驶室门连接，所述压缩气弹簧的缸体套装于一锁定套内，所述锁定套的一端为自由端，另一端通过横向铰轴铰接于所述压缩气弹簧的活塞杆伸出端；所述活塞杆伸长到最大行程位置时，所述锁定套的自由端与所述缸体的端面相抵接；所述锁定套连接有解锁手柄。本发明解决了现有装载机驾驶室门用压缩气弹簧存在锁定不可靠的问题。
8. 206111707 油缸直接回油及油缸锁定装置及其系统
CN
19.04.2017
F15B 13/02 Loading...
F15B 13/02
Loading...
202016000529904
柳州柳工挖掘机有限公司
玉有恩
F15B 13/02
Loading...
一种油缸直接回油及油缸锁定装置及其系统，设置有油缸直接回油及油缸锁定控制回路，该回路包括两位三通阀、单向阀、二通插装阀，两位三通阀的F口连通二通插装阀的控制腔a腔，D口连通二通插装阀的A腔，控制油口pi用于与液控换向阀的控制油口pb相连；所述二通插装阀的A腔用于连接油缸大腔，B腔用于连接油箱；所述单向阀的进油口用于与液控换向阀控制油缸大腔的管路连通，出油口与油缸大腔连通。其优点是在进行油缸活塞杆快速缩回运动时，油缸大腔的回油可通过二通插装阀直接流回油箱，避免了液压油流经换向阀产生较大的压力损失。还能够在换向阀处在中位时，实现了油缸大腔的锁定，避免在外力的作用下，活塞杆缩回运动。
9. 206092708 一种轴承盖磁流体密封装置
CN
12.04.2017
F16C 33/82 Loading...
F16C 33/82
Loading...
201621045346.4
广西科技大学
宾仕博
F16C 33/82
Loading...
本实用新型涉及机械工程密封技术领域，具体指一种轴承盖磁流体密封装置，包括外壳、轴承、极靴环、轴承盖、永磁体，所述的外壳套装在轴的左端上，轴承设于外壳内，轴承盖包括环形板和螺纹环；环形板的外径大于螺纹环的外径和外壳的内径，螺纹环与环形板的左端连接成一体；螺纹环的外径与外壳的内径相一致，螺纹环从外壳的右端套入外壳内，螺纹环的内表面设有内螺纹，极靴环的外表面设有外螺纹，极靴环的外螺纹与螺纹环的内螺纹相互配合，极靴环旋入螺纹环内，极靴环的内表面与轴之间留有间隙；极靴环的左右端面上靠近轴处分别开设一个卡座，永磁体分别安装于两个卡座内。本实用新型的密封装置结构简单，密封性能可靠。
10. 206077205 一种减少涡流损耗的端面式磁力密封装置
CN
05.04.2017
H02K 49/10 Loading...
H02K 49/10
Loading...
201621046002.5
广西科技大学
杨小龙
H02K 49/10
Loading...
本实用新型公开一种减少涡流损耗的端面式磁力密封装置，包括主动转子、从动转子个隔离套、永磁体I、永磁体II、永磁体III、永磁体IV，主动转子和从动转子为圆盘结构；隔离套设于主动转子和从动转子的端面之间；主动转子的端面上设置环形凹槽A和环形凹槽B；从动转子的端面上设置环形凹槽C和环形凹槽D；环形凹槽A和环形凹槽C对应，环形凹槽B和环形凹槽D对应；环形凹槽A内安装永磁体I，环形凹槽B内安装永磁体II，环形凹槽C内安装永磁体III，环形凹槽D内安装永磁体IV。本实用新型解决了磁力密封中涡流产生热量从而导致永磁体退磁的这一问题，同时也大大减少了涡流损耗，增强了磁力密封的效果，并增大了传递转矩。
11. 104828748 叉车液压能量回收装置
CN
29.03.2017
B66F 9/22 Loading...
B66F 9/22
Loading...
102015000156788
柳州柳工叉车有限公司
邵以东
B66F 9/22
Loading...
本发明公开了一种叉车液压能量回收装置，属工程机械技术领域，该叉车液压能量回收装置，包括有通过双向泵驱动的起升油缸，所述双向泵上连接有驱动电机，所述驱动电机通过控制器与控制手柄相连接，所述双向泵与所述起升油缸之间连通有多路阀，所述双向泵的第一油口处连接有压力传感器；所述电机通过所述控制器与蓄电池相连接。本发明可以解决现有叉车液压能量回收装置控制元件多、结构复杂、可靠性低的问题。
12. 206052803 装配式铲斗防撒料装置
CN
29.03.2017
E02F 3/40 Loading...
E02F 3/40
Loading...
201620653041.5
广西柳工机械股份有限公司
黄胤真
E02F 3/40
Loading...
本实用新型公开了一种装配式铲斗防撒料装置，涉及工程机械技术领域，它包括与铲斗连接的防护框，所述防护框架内设置有防护网，所述防护框凸出于所述铲斗的背板上缘，所述铲斗连接有支撑所述防护框架的支撑架。本实用新型解决了现有铲斗加高背板的结构存在影响操作者视线，以及铲斗重量明显增加，影响工作装置性能的问题。
13. 106541988 轮式挖掘机
CN
29.03.2017
B62D 5/06 Loading...
B62D 5/06
Loading...
201610979926.9
柳州柳工挖掘机有限公司
韦赞洲
B62D 5/06
Loading...
本发明涉及轮式挖掘机，为解决现有挖掘机驾驶室朝向与车架朝向变化不一致导致操作习惯不一样的问题；提供一种轮式挖掘机包括下部机构、上部机构、转向系统，下部机构包括车架和安装在车架前部的转向轮，所述上部机构回转安装于所述车架上，所述转向系统包括转向器、转向油缸；其特征在于还包括用于检测上部机构相对下部机构朝向的上部朝向检测装置、两位四通电磁阀，所述上部朝向检测装置的输出端与所述两位四通电磁阀的电磁控制端连接，所述两位四通阀连接在所述转向器与转向油缸之间。本发明中，无论上部机构相对下部机构的朝向如何，转向操作均与一般转向操作相同，即方向盘向左转动，车辆也向左转动，符合操作习惯。
14. 106545045 轮式挖掘机起步控制方法
CN
29.03.2017
E02F 9/20 Loading...
E02F 9/20
Loading...
201610980142.8
柳州柳工挖掘机有限公司
韦赞洲
E02F 9/20
Loading...
本发明涉及轮式挖掘机起步控制方法，为解决现有轮式挖掘机在精细吊装作业时对吊装物件冲击大，影响吊装施工效率和吊装工作安全的问题；提供一种轮式挖掘机起步控制方法，其步骤如下检测轮式挖掘机的行走速度，若挖掘机的行走速度为零，则测量油门踏板的输出电压，并计算油门踏板的输出电压变化率；依据油门踏板的输出电压确定控制轮式挖掘机起步速度的比例电磁阀的阀口开度控制电压，并依据油门踏板行程的输出电压变化率选择预定的输出电压曲线输出所述的阀口开度控制电压。本发明中轮式挖掘机起步控制不仅与油门踏板的行程有关，还与油门踏板行程的变化率有关，从而实现轮式挖掘机平稳起步，降低在进行吊装作业时对吊装物件冲击。
15. 106545637 动力分配调节系统及装载机动力系统
CN
29.03.2017
F16H 47/08 Loading...
F16H 47/08
Loading...
201610930243.4
广西柳工机械股份有限公司
邹乃威
F16H 47/08
Loading...
本发明涉及动力分配调节系统，为解决装载机动力系统中行驶系统和液压工作系统分配的动力相互耦合不可调节问题；提供一种动力分配调节系统，包括发动机、第一负载装置、第二负载装置、转速调节装置、行星机构，所述第一负载装置与所述发动机传动连接，所述行星机构的齿圈、太阳轮、行星架与发动机、第二负载装置、转速调节装置一对一地传动连接。该动力分配调节系统可用于装载机。在本发明中，通过转速调节装置调节转速，使行星机构中两负载装置转速产生差动关系，进而打破发动机与第二负载装置之间既定的速比关系，按照控制要求的比例关系分配动力。
16. 206052808 附带推土功能的装载机抱叉
CN
29.03.2017
E02F 3/76 Loading...
E02F 3/76
Loading...
201620899568.6
广西柳工机械股份有限公司
闫位杰
E02F 3/76
Loading...
本实用新型公开了一种附带推土功能的装载机抱叉，涉及工程机械技术领域，它包括下叉体和连接所述下叉体叉臂的叉架，所述叉架安装有置于所述下叉体叉臂之间的推土板，在所述叉架上固定有安装板，所述推土板通过连接件与所述安装板连接。本实用新型解决了现有装载机抱叉功能比较单一，不便于整理野外作业场地的问题。
17. 206049348 塑料油箱
CN
29.03.2017
B60K 15/03 Loading...
B60K 15/03
Loading...
201620944813.0
柳州柳工挖掘机有限公司
孙培艳
B60K 15/03
Loading...
本实用新型涉及塑料油箱，为解决塑料油箱在机器上难以进行安装与拆卸维护的缺点，本实用新型构造一种塑料油箱，包括塑料箱体，其特征在于还包括由金属制成的底座和紧固箍，所述塑料箱体位于所述底座上，所述紧固箍箍圈所述塑料箱体且所述紧固箍的两端与所述底座固定连接，所述底座上设置有用于将底座固定安装的安装孔。本实用新型中，用紧固箍将塑料箱体紧固在底座上，再将塑料箱体和底座整体用螺栓固定在平台上，需要维修拆卸时，只要松开平台底部的螺栓即可将塑料油箱和支座整体抽出，拆装方便、操作简单，大大降低了塑料油箱的维修拆卸难度。
18. 206054949 管线过孔密封装置
CN
29.03.2017
F16L 5/02 Loading...
F16L 5/02
Loading...
201621075240.9
柳州柳工挖掘机有限公司
赵锋
F16L 5/02
Loading...
本实用新型公开了一种管线过孔密封装置，涉及工程机械密封技术领域，包括通过紧固件固定在隔板上的弹性密封座，所述弹性密封座和所述隔板分别开设有相互连通的过线孔，所述弹性密封座的一侧开设有与所述过线孔连通的裂缝。本实用新型解决了现有管线过孔密封装置存在结构复杂和装配操作困难的问题。
19. 206052831 装载机铲斗
CN
29.03.2017
E02F 9/00 Loading...
E02F 9/00
Loading...
201621071602.7
广西柳工机械股份有限公司
缪宣和
E02F 9/00
Loading...
本实用新型公开了一种装载机铲斗，涉及工程机械领域，它包括有侧卸斗，在侧卸斗上设置有带筛孔的筛分板，筛分板将侧卸斗分为上、下两个容腔；侧卸斗一侧设置有闭合侧壁板，相对的另一侧设置有半封闭侧壁板；闭合侧壁板和半封闭侧壁板前端设置有侧切削板；侧卸斗与闭合侧壁板和半封闭侧壁板之间设置有加强筋；筛分板通过螺栓固定在侧卸斗的上安装座和下安装座上。本实用新型可以解决现有的装载机铲斗只适用于需要单一尺寸物料的场合，而不能对两种物料同时运输，并到指定的地点进行筛分，同时获得两种不同尺寸物料的问题。
20. 206054662 液力变矩器壳
CN
29.03.2017
F16H 41/24 Loading...
F16H 41/24
Loading...
201621097292.6
广西柳工机械股份有限公司
王松林
F16H 41/24
Loading...
本实用新型涉及变矩器壳，为解决现有变矩器壳上窗口容易漏油的问题，本实用新型构造一种变矩器壳，包括壳体和盖板，壳体顶部开设有窗口，盖板通过螺栓封闭安装在壳体窗口处，盖板具有凹陷部和围绕凹陷部的环形平板部，平板部与壳体上围绕窗口的壳体窗口平面贴合，在平板部上设有安装孔，凹陷部嵌在窗口内，凹陷部的外侧面与窗口的侧面相贴合。本变矩器壳中，盖板设计成下沉的结构，盖板下端平面与窗口平面形成一个高度差，并通过螺栓将盖板与密封垫固定在壳体窗口上面，液力变矩器内部润滑油液飞溅到盖板下端平面，由于盖板下端平面与窗口平面存在高度差，飞溅的油液无法到达盖板与窗口的接合面，解决窗口漏油问题。
21. 206052832 驾驶室管路密封固定装置
CN
29.03.2017
E02F 9/00 Loading...
E02F 9/00
Loading...
201621075239.6
柳州柳工挖掘机有限公司
赵锋
E02F 9/00
Loading...
本实用新型公开了一种驾驶室管路密封固定装置，涉及工程机械技术领域，包括安装在驾驶室底板上的固定板，所述固定板上固定有连接接头，所述连接接头一端位于驾驶室内与上软管接头连接固定，另一端穿过所述固定板和所述驾驶室底板与下软管接头螺纹连接，所述上软管接头固定于上软管的底部，所述下软管接头固定于下软管的顶部，所述上软管、所述上软管接头、所述连接接头、所述下软管接头、所述下软管连通形成密封管路。本实用新型解决了现有驾驶室管路密封装置存在装配操作困难和密封持久性差的问题。
22. 106515422 双模式驱动装载机
CN
22.03.2017
B60K 6/46 Loading...
B60K 6/46
Loading...
201611040533.8
广西柳工机械股份有限公司
邹乃威
B60K 6/46
Loading...
本发明涉及装载机，为解决装载机使用单一能源的问题；提供一种双模式驱动装载机，包括电驱动行走系统、串联混合动力系统和用于与电网连接的车载电源适配器，串联混合动力系统包括发动机、由发动机驱动发电的发电机、与发电机连接的车载蓄电池、与车载蓄电池和发电机连接的逆变器，逆变器与电驱动行走系统连接；车载电源适配器的电力输出端与逆变器连接。本发明具有发动机与电网电力两种动力源，可以使用传统石化燃料和电网电源；降低装载机对石化燃料的依赖，减少了燃油消耗和有害排放物。两种驱动模式采用了不同的能源供给装置，共用了相同的执行装置(如电机)，简化了装载机的传动系统，提高了传动效率。
23. 106482957 驱动桥制动试验系统
CN
08.03.2017
G01M 17/00 Loading...
G01M 17/00
Loading...
201611160550.5
广西柳工机械股份有限公司
爱德华·李·瓦格纳
G01M 17/00
Loading...
本发明涉及驱动桥制动试验系统，为解决现有驱动桥试验系统中载荷加载设备体积大、成本高的问题；提供一种驱动桥制动试验系统，包括试验台、安装在试验台上的被试驱动桥、驱动电机、飞轮组、制动系统、控制系统，飞轮组转动安装在试验台上，飞轮组转轴的两端分别与驱动电机的转轴和被试驱动桥的输入端传动连接；本发明加载载荷的飞轮组设置在驱动桥的输入端，由于驱动桥从输入端至轮边输出端存在较大的传动比，在驱动桥输入端加载质量较小的飞轮组就可以达到在轮边加载大质量飞轮组所加载的载荷效果，因此可以大大减小飞轮组的质量，从而降低试验设备成本。
24. 106480849 除雪装置
CN
08.03.2017
E01H 5/06 Loading...
E01H 5/06
Loading...
102016000841444
广西柳工机械股份有限公司
区思榜
E01H 5/06
Loading...
本发明涉及除雪装置，为解决现有除雪装置支地器的问题；提供一种除雪装置，包括除雪装置主体，除雪装置主体后部固定安装有支地器；支地器包括外缸筒、升降筒、螺旋调节杆、轮叉、滚轮；外缸筒竖向与固定座固定连接，外缸筒下端敞口，上端设封板，封板上设螺纹孔，螺旋调节杆与螺纹孔螺纹配合，升降筒滑动设于外缸筒内，升降筒的上端与螺旋调节杆的下端转动连接，升降筒的下端与轮叉的上端转动连接，轮叉下端与滚轮的安装销轴连接。在本发明中，需要调节支地高度时，旋转螺纹调节杆，螺纹调节杆则在外缸筒顶端封板中的螺纹孔内螺旋上升或下降，螺纹调节杆的下端则拉动升降筒上升或下降，实现滚轮的上下移动实现支地高度的调节。
25. 106480927 定变量负载敏感合流液压系统及装载机
CN
08.03.2017
E02F 9/22 Loading...
E02F 9/22
Loading...
201610944973.X
广西柳工机械股份有限公司
武宗才
E02F 9/22
Loading...
本发明涉及一种液压系统，为解决现有定变量液压系统中工作液压系统动作时转向变量泵无法实现对工作液压系统的负载敏感控制问题；提供一种新型定变量负载敏感合流液压系统以及装载机，包括转向液压系统和工作液压系统，转向液压系统包括变量泵、优先阀、转向器、转向油缸等；工作液压系统包括定量泵、分配阀、液压执行件、先导阀等；通过连接在工作泵至执行元件旁路上的第一和第二信号控制阀，采出工作油路上的负载信号，并通过梭阀将工作油路的负载信号传递至变量泵，实现变量泵对工作液压系统的负载敏感控制。
26. 106468062 具有推土铲浮动功能的挖掘机推土液压系统
CN
01.03.2017
E02F 3/84 Loading...
E02F 3/84
Loading...
201610842527.8
柳州柳工挖掘机有限公司
玉有恩
E02F 3/84
Loading...
本发明涉及挖掘机推土铲的液压系统，为解决现有挖掘机推土铲不具有浮动功能的问题，提供一种推土液压系统，包括推土铲油缸、控制阀、浮动油路，控制阀经左右管路与推土铲油缸连通，浮动油路包括梭阀、浮动控制阀，浮动控制阀包括两位三通控制阀、第一、第二液控开关阀，梭阀进油端与左右管路连通，出油端与两位三通阀P口连通，两位三通阀T口与油箱回路连通，两位三通阀K口同时与第一、第二液控开关阀的控制腔连通，第一液控开关阀的B1腔与右管路连通，A1腔同时与左管路和第二液控开关阀的B2腔连通，第二液控开关阀的A2腔与油箱回路连通。本发明当推土铲浮动功能打开时，在场地平整和挖沟回填作业中，提高作业效率。
27. 104595273 工程机械精细化操作液压系统
CN
01.03.2017
F15B 13/043 Loading...
F15B 13/043
Loading...
102015000018165
柳州柳工挖掘机有限公司
胡勇
F15B 13/043
Loading...
工程机械精细化操作液压系统。本发明涉及液压系统，为解决现有液压系统由于更换不同工作属具引起负载变化而导致工作管路异响、动作不连贯难以进行精细化操作的缺点，本发明公开精细化操作液压系统，其特点是压差传感器检测液压执行器左管路和右管路之间压差；控制器与压差传感器连接输出电控信号；电比例调节装置等比例调节控制器的输出电控信号；电比例减压阀的电控端与控制器连接接受控制器的电控信号，将先导阀的左信号源端或右信号源端先导压力减压后对应输送至主阀的先导液控端。本发明操作者根据操作需要，在选择精细化操作模式时加大进回油节流力度以满足动作需要，通过比例调节装置可以连续调节工作装置的动作状态，以达到最佳的精细操作性能。
28. 104401390 非接触式转向限位的比例控制系统及比例控制方法
CN
01.03.2017
B62D 5/06 Loading...
B62D 5/06
Loading...
102014000611822
广西柳工机械股份有限公司
孟士伟
B62D 5/06
Loading...
本发明公开一种非接触式转向限位的比例控制系统及比例控制方法，是基于位移传感技术与变量液压技术而设计的，该比例控制系统包括液压油箱、电比例变量转向泵、LS流量放大阀模块、LS转向器模块、正反转意图传感器总成、方向盘转速传感器、电比例溢流阀模块、转向油缸、位移传感器总成和控制器；该比例控制方法为通过位移传感器采集铰接体或转向油缸的相对位移变化量，控制器根据不同的工况向电比例溢流阀模块发出控制信号，控制电比例溢流阀模块的工作情况，实现转向终点的缓冲限位功能或快速反向转向功能等等。本发明为电比例非接触式、连续性区间控制，部件之间冲击小，安全可靠性高。
29. 205990963 发动机上发电机的护罩结构
CN
01.03.2017
F02B 77/00 Loading...
F02B 77/00
Loading...
201620867254.8
柳州柳工挖掘机有限公司
赵锋
F02B 77/00
Loading...
本实用新型涉及防护结构，为解决现有发动机上发电机护罩制造拆装不方便的缺点的问题，本实用新型构造一种发动机上发电机的护罩结构，包括发动机，在发动机的前方设置有散热器，散热器的后侧固定安装导风罩，在导风罩的内孔中安装散热风扇，散热风扇与发动机的前端输出轴连接，在发动机的前侧方固定安装发电机，发电机通过皮带与发动机的前端输出轴连接，在导风罩上安装有风扇护罩，在其特征在于在风扇护罩的旁侧设有发电机护罩，所述发电机护罩固定安装在所述导风罩的后侧面上且位于所述发电机外露转动部分的上方。在该方案中，发电机护罩独立与风扇护罩，便于其制作、拆装。
30. 205991037 具有侧置式密闭回油腔的液压油箱
CN
01.03.2017
F15B 1/26 Loading...
F15B 1/26
Loading...
201620867253.3
广西柳工机械股份有限公司
刘万天
F15B 1/26
Loading...
本实用新型涉及液压油箱，为解决对现有密闭式回油室的液压油箱不易焊接且回油产生气泡多的问题,本实用新型构造一种液压油箱，包括箱体，在箱体内部的上部设置有回油室，回油室的筒体两端通过法兰与箱体焊接，在回油室内设置有滤油器，滤油器的内腔与回油法兰的回油通道连通，筒体的底部设置有向箱体底部延伸连通回油室与箱体内部空间的钢管，回油法兰上固定连接有回油接头。在本实施例中，机器的液压系统回油通过管路连接在回油法兰上，经回油法兰中的回油油道进入到筒体内的滤油器中，经滤油器过滤后经筒体上的钢管流入到箱体内，在需要维护时，可打开端盖，将滤油器从维修法兰的维修窗口抽出。
31. 205991159 电控箱装载机FNR控制系统
CN
01.03.2017
F16H 59/02 Loading...
F16H 59/02
Loading...
201620944774.4
广西柳工机械股份有限公司
杨华斌
F16H 59/02
Loading...
本实用新型涉及FNR控制系统，为解决现有FNR控制系统采用FNR控制器复杂且成本高的缺点，本实用新型构造一种电控箱装载机FNR控制系统，包括变速控制器，其特征在于还包括FNR使能开关、FNR开关、继电器组，所述FNR使能开关与所述继电器组中继电器的电磁控制连接，所述继电器组中继电器的触点接线端分别对应与所述FNR开关接线端和变速控制器的信号输入端连接。本实用新型FNR控制系统主要有开关和继电器构成，其制造成本低，且结构简单。
32. 205991120 湿式制动器摩擦片
CN
01.03.2017
F16D 69/00 Loading...
F16D 69/00
Loading...
201620870297.1
广西柳工机械股份有限公司
叶勤
F16D 69/00
Loading...
本实用新型涉及摩擦片，为解决现有湿式制动器摩擦片散热效果差的缺点，本实用新型构造一种湿式制动器摩擦片，包括芯部钢片，所述芯部钢片的侧面设置有摩擦材料层，其特征在于所述摩擦材料层的表面上均匀布置有横槽与竖槽，所述横槽与竖槽垂直交叉相通，在所述摩擦材料层的表面上还设置有若干条呈辐射状排布的径向槽，所述径向槽与所述的横槽和竖槽交叉相通，所述径向槽的径向末端至芯部钢片中心的距离小于所述摩擦材料层的半径。在本实用新型中，油液通过径向槽沿与之相通的华夫格花纹流向整个摩擦面，增加流经摩擦材料的油液量，避免油液沿径向油道直接甩出。为此，降低了摩擦副因无法得到充分油液冷却而导致故障的风险。
33. 205991038 液压油箱
CN
01.03.2017
F15B 1/26 Loading...
F15B 1/26
Loading...
201620867387.5
广西柳工机械股份有限公司
朱长寿
F15B 1/26
Loading...
本实用新型涉及液压油箱，为解决现有液压油箱在液压系统维修时需放油的问题，本实用新型构造一种液压油箱，包括箱体，在箱体内设置有吸油管；其特征在于在箱体内还设置有吸油腔室，吸油腔室自箱体的顶壁插入在箱体内，吸油腔室的上端封闭且与箱体顶壁之间为可拆卸式固定连接，下端开口且开口位于箱体内的底部，吸油管的吸油口位于吸油腔室内的顶部，吸油管的吸油口高度高于箱体内的正常液面高度。在该实用新型中，液压系统工作时，吸油腔室顶部为负压，充满液压油，当对液压系统进行维修时，将密闭腔室拆卸抽出，吸油管吸油口位于油液液面高度之上，液压油不能进入吸油管，从而避免在液压系统维修时将液压油箱内的液压油放出。
34. 106436808 装载机后车架
CN
22.02.2017
E02F 9/08 Loading...
E02F 9/08
Loading...
102016000947551
广西柳工机械股份有限公司
李孙力
E02F 9/08
Loading...
本发明公开了一种装载机后车架，涉及工程机械技术领域，包括有左腹板和右腹板，所述左腹板由左前腹板段和左后腹板段组成，所述右腹板由右前腹板段和右后腹板段组成；在所述左后腹板段和所述右后腹板段的外侧分别装有左配重和右配重；所述左前腹板段和所述右前腹板段均为箱型结构的焊接件，所述左后腹板段和所述右后腹板段均为整体的实心件。与现有技术相比，本发明的左后腹板段和右后腹板段的强度更好，不需要在左后腹板段和右后腹板段的侧面加装筯板，节省安装空间，安装左配重和右配重容易，左后腹板段和右后腹板段同时还起到配重的作用；左前腹板段和右前腹板段的长度尺寸小，减少了焊接的工作量，省时省力，提高生产效率。
35. 106438514 装载机侧卸液压系统
CN
22.02.2017
F15B 1/02 Loading...
F15B 1/02
Loading...
201610926499.8
广西柳工机械股份有限公司
董晓锋
F15B 1/02
Loading...
本发明涉及装载机侧卸液压系统，为解决现有装载机侧卸装置的限位问题；提供一种装载机侧卸液压系统，包括分配阀、侧卸油缸、控制器、第一、第二、第三开关阀、控制器、第一和第二传感器、蓄能器、液压油箱，分配阀工作A口和工作B口分别经管路对应与侧卸油缸的小腔和大腔连通；第一、第二、第三开关阀均是控制端与控制器连接的电磁阀，第一、第二传感器与控制器连接，第一开关阀设置在分配阀的工作A口与侧卸油缸大腔之间的油路上；第二开关阀设置在侧卸油缸的大腔与蓄能器之间的连接油路上，第三开关阀连接在蓄能器与液压油箱的连接油路上。本发明有效的解决液压系统的内部冲击提高其可靠性，同时解决碰撞时产生的噪音污染，提升驾驶舒适性。
36. 106438124 自加热柴油机燃油供油系统及供油方法
CN
22.02.2017
F02M 31/16 Loading...
F02M 31/16
Loading...
201610813720.9
广西柳工机械股份有限公司
张碧荣
F02M 31/16
Loading...
本发明涉及柴油发动机供油系统，为解决现有柴油机在低温环境下不能使用高牌号的柴油问题；提供一种自加热柴油机燃油供油系统，包括柴油发动机、储装高牌号柴油的主油箱；其特征在于还包括储装低牌号柴油的副油箱，所述柴油发动机的燃油受油端经输油管路与所述主油箱和副油箱连接，所述输油管路上设置有开关阀；所述主油箱内设置有流体供热的热交换器，所述热交换器的出入口连接在所述发动机的冷却液循环通道上。本发明具有柴油加热功能，可以保证在超低温环境中持续使用高牌号的燃油，获得燃油使用经济性。
37. 106438548 节流阀
CN
22.02.2017
F15B 13/02 Loading...
F15B 13/02
Loading...
102016001091564
广西柳工机械股份有限公司
白健信
F15B 13/02
Loading...
本发明公开了一种节流阀，属工程机械技术领域，该节流阀包括阀本体，阀本体内设有轴向的流体通道，流体通道包括相通的第一通道分段和第二通道分段，所述第一通道分段和第二通道分段之间设有容置阀芯的阀腔，所述阀芯内开设有贯通其两端的轴向通道，所述阀芯的外壁上设有轴向对称的三个平面，每个所述平面上均开设有与所述轴向通道连通的径向孔道；3个所述径向孔道的孔径之和大于所述轴向通道任一端的孔径，所述轴向通道其中一端的孔径大于所述径向孔道的孔径，所述轴向通道另一端的孔径小于所述径向孔道的孔径。本发明可以解决现有节流阀只能以固定流量通流，无法实现对进、出油流量（速度）的不同调节的问题。
38. 104563175 挖掘机铲斗
CN
22.02.2017
E02F 3/40 Loading...
E02F 3/40
Loading...
102014000819444
柳州柳工挖掘机有限公司
李玉广
E02F 3/40
Loading...
本发明涉及挖掘机铲斗，为解决现有挖掘机铲斗在挖掘与平地时存在的效率冲突问题，本发明公开一种包括左侧板、右侧板、斗底，斗底前部为平板部、后部为背板部、中部为圆弧连接部，平板部前缘设主刀板，斗底底面焊设至少一条纵向的条状平地筋，平地筋的前端与主刀板对接，后端搭接在斗底的圆弧连接部上，平地筋的底面边为平直线，平地筋的顶面形状与斗底的底部形状匹配且与斗底相贴合。本发明平地筋增大了左右方向的直线面而提高平整效率；挖掘方向平地筋板向下突出，对土壤有抵抗作用，挖掘时对铲斗有导向的作用，且挖掘的阻力更小，且可当着耐磨板使用，铲斗更耐磨。
39. 205975460 除雪装置支地器
CN
22.02.2017
E01H 5/04 Loading...
E01H 5/04
Loading...
202016000740808
广西柳工机械股份有限公司
区思榜
E01H 5/04
Loading...
一种除雪装置支地器，包括采用铰接结构连接的支撑杆、滑雪板总成，所述支撑杆铰接于滑雪板的内侧，所述支撑杆中心线到滑雪板总成底面前端的距离X≠所述支撑杆中心线到滑雪板总成底面后端的距离Y，支撑杆是连接于除雪铲，所述除雪铲设置有连接套，所述支撑杆套接于该连接套内，支撑杆的外表面有一段卡槽A，所述除雪铲上的连接套侧面开有螺钉孔，从该螺钉孔旋入的螺钉卡在支撑杆的卡槽A，限制支撑杆的上下移动范围。其优点是采用偏心式支地器，通过分配在支地器底部滑雪板总成两边的力不同，实现滑雪板总成自动调整方向，偏心式支地器一来可以起到支撑除雪装置的作用，二来增加除雪装置自动导向功能。
40. 106402340 驱动桥轮边减速器轮毂密封结构
CN
15.02.2017
F16H 57/02 Loading...
F16H 57/02
Loading...
201610869747.X
广西柳工机械股份有限公司
张寒羽
F16H 57/02
Loading...
本发明涉及驱动桥轮边减速器轮毂密封结构，为解决现有驱动桥轮边减速器轮毂密封结构中密封失效漏油的问题；提供一种驱动桥轮边减速器轮毂密封结构，包括轮边支承轴、轮毂、一对为圆锥滚子轴承内轴承和外轴承，背对背安装，在轮边支承轴和轮毂的配合面上且位于内轴承的内侧设置有骨架油封；轮毂上设置有连通内轴承两侧空隙的油道；轮边支承轴上设置有径向孔，连通内轴承内侧空隙和轮边支承轴的中心轴孔，圆锥滚子轴承旋转时有向滚柱大端泵油作用，被内轴承泵送到内轴承内侧空隙中的齿轮油，通过轮毂上的连通油道或轮边支承轴上的径向孔流回到轮边减速器其余空隙，内轴承内侧空隙得到泄压和散热，降低骨架油封因高压和高温老化导致漏油的风险。
41. 106401813 装载机空气滤清器
CN
15.02.2017
F02M 35/024 Loading...
F02M 35/024
Loading...
201610893023.9
广西柳工机械股份有限公司
黄能科
F02M 35/024
Loading...
本发明公开了一种装载机空气滤清器，属工程机械技术领域，该空气滤清器，包括壳体和设于壳体内的主滤芯和安全滤芯，在所述壳体上开设有进气口、出气口，所述进气口经所述主滤芯、所述安全滤芯与所述出气口连通，其特征在于：在所述壳体上对应于所述主滤芯和所述安全滤芯中间开设有吹气口，所述吹气口通过单向阀与装载机制动储气罐相连通。本发明可以解决现有装载机的空气滤清器清洁较繁琐及其压力空气能量浪费的问题。
42. 106394533 车辆液压制动系统
CN
15.02.2017
B60T 13/40 Loading...
B60T 13/40
Loading...
201610936878.5
广西柳工机械股份有限公司
梁振国
B60T 13/40
Loading...
本发明涉及液压制动系统，为解决现有车辆液压制动器排气不方便的问题；提供一种车辆液压制动系统，包括制动气体供给装置、制动阀、加力器、液控单向阀、制动器组；加力器上集成有液控开关阀和第二单向阀，制动气体供给装置与制动阀入口连接，制动阀、加力器、液控单向阀与制动器组制动液进口依次串联连接，制动器组制动液出口与加力器上的回流口连接；加力器上集成的液控开关阀利用加力器制动活塞前腔的制动液压力控制制动液回油出入口的通断；在本发明中，制动气体供给装置、制动阀、加力器制动液出口、液控单向阀、制动器组、加力器回流口依次连接，完成制动液的自动循环，循环过程中实现了制动器组的排气，并在一定程度上降低制动液的温度。
43. 106394695 举升翻转时自动开锁的发动机罩
CN
15.02.2017
B62D 25/12 Loading...
B62D 25/12
Loading...
201510444751.7
广西柳工机械股份有限公司
谭艳辉
B62D 25/12
Loading...
本发明涉及发动机罩，为解决针对现有机罩开启时需要手动开启机罩锁的繁杂开启步骤的缺点，本发明公开一种举升翻转时自动开锁的发动机罩，包括罩体、伸缩式举升装置、机罩锁，罩体的后端铰接在罩体的安装平台上，举升装置的两端各自通过连接座与所述罩体和安装平台连接，举升装置两端的连接座中的其中一个连接座包括固定座和连杆，连杆通过销轴与固定座连接，连杆的一端与所述举升装置连接，另一端与机罩锁的开锁软轴连接。本发明中，举升装置启动后有一段空行程，利用这段空行程拉动软轴打开机罩锁，之后可实现机罩的举升行程。机罩锁自动开启和锁闭，无需额外开启或锁闭机罩锁，方便操作，不会因误操作而造成机罩的损坏。
44. 104153420 装载机铲斗
CN
15.02.2017
E02F 9/28 Loading...
E02F 9/28
Loading...
102014000399400
广西柳工机械股份有限公司
梁光明
E02F 9/28
Loading...
本发明公开了一种装载机铲斗，涉及装置机铲斗技术领域，包括铲斗本体和安装于所述铲斗本体前端的多个斗齿，所述多个斗齿为并排拼接的多个活动刀板，所述活动刀板通过紧固件与所述铲斗本体连接；所述活动刀板具有一连接部和至少设置于所述连接部一端的尖齿部，所述尖齿部与所述连接部连结为一体，所述尖齿部的自由端为尖角状的齿尖，所述尖齿部由齿尖向所述连接部的两侧倾斜延伸形成两段第一斜刃。本发明相比较与现有技术，可调整活动刀板的工作部位，实现一斗两用，从而能更好地适应铲装冷钢渣的作业工况，显著提升作业效率。
45. 104196894 工程机械驱动桥主传动托架
CN
15.02.2017
F16C 35/00 Loading...
F16C 35/00
Loading...
102014000382908
广西柳工机械股份有限公司
冯治恒
F16C 35/00
Loading...
本发明公开了一种工程机械驱动桥主传动托架，涉及驱动桥技术领域，它包括一端具有差速器轴承座孔的壳体，壳体另一端连接有带两个主动锥齿轮轴承孔的轴承座和油封座，主动锥齿轮轴承孔和油封座的油封孔与壳体的内腔连通，壳体与轴承座和油封座一体成型，油封孔通过第一连接孔与邻近的主动锥齿轮轴承孔连通，两个主动锥齿轮轴承孔之间通过第二连接孔连通，壳体上开设有多条内置油道，每条内置油道的一端与壳体的内腔连通，另一端分为第一支路和第二支路，第一支路连接至第二连接孔，第二支路连接至第一连接孔。本发明解决了现有工程机械驱动桥主传动的主动锥齿轮轴承润滑和降温效果不佳，壳体与轴承座、油封座结合面漏油以及装配效率低的问题。
46. 106382153 建筑机械用冷却装置
CN
08.02.2017
F01P 11/00 Loading...
F01P 11/00
Loading...
102016000883108
柳州柳工挖掘机有限公司
雷艳梅
F01P 11/00
Loading...
一种建筑机械用冷却装置，包括散热器自动补水装置，散热器自动补水装置包括副水箱、底盖、第一通管、第二通管，副水箱包括副水箱体和副水箱盖，副水箱体固定于散热器的顶部，副水箱体的底部设有一个大通孔，大通孔与散热器的加水口大小相同，且上下对齐；底盖从上至下穿过大通孔并与加水口采用螺纹连接结构固定连接；底盖的设有贯通底盖的第一通孔和第二通孔，第一通管上端与第一通孔固定，第二通管上端与第二通孔固定，使得第一通管、第二通管竖直伸入所述散热器内腔，其中第一通管的下端端口位置比所述第二通管的下端端口位置低；其优点是能自动补充冷却液，不需驾驶员每天拧开散热器盖检查散热器冷却液的液位。
47. 106358469 松土器连接架结构
CN
01.02.2017
A01B 59/00 Loading...
A01B 59/00
Loading...
201610841456.X
广西柳工机械股份有限公司
秦宇
A01B 59/00
Loading...
本发明涉及松土器安装装置，为解决现有松土器连接架容易开裂和脱落的问题；提供一种松土器连接架结构，包括车架和连接架，连接架包括连接板和位于连接板两端的连接座，每个连接座包含两块支撑板，支撑板与连接板垂直，支撑板具有竖直部和水平部，水平部顶部边和竖直部前侧边相互垂直，连接板为折弯板，其折弯形状与支撑板水平部顶部边和竖直部的前侧边的形状相适配，连接板与支撑板水平部顶部边和竖直部前侧边相焊接，连接板水平部和竖直部上设有安装孔，安装孔内设有将连接板与车架固定连接的紧固件。在本发明中，支撑板的延伸方向与松土器作业时作用在连接架上的受力方向一致，连接架在此方向上的强度大。
48. 106369133 多档液力变速器
CN
01.02.2017
F16H 47/06 Loading...
F16H 47/06
Loading...
201610813657.9
广西柳工机械股份有限公司
李健
F16H 47/06
Loading...
本发明涉及液力变速器，为解决针对现有变速器传动线路长、效率低问题；提供一种多档液力变速器，包括液力变矩器和变速箱，其特征在于所述变速箱包括输入轴总成、输出轴总成、惰轮轴总成、中间轴总成、二四档轴总成及一三档轴总成；变速箱有主要的六根轴、十二个齿轮，共同组成了四个前进档和四个后退档，本发明结构合理、零件数量少、传动效率高，中间轴总成上的齿轮分别与三个齿轮进行啮合，加上空间上轴的合理布置，使得变速器结构更加紧凑，零件数量更少，实现结构优化及轻量化设计。
49. 104652506 挖掘机消声动臂及挖掘机
CN
01.02.2017
E02F 3/38 Loading...
E02F 3/38
Loading...
102014000779403
柳州柳工挖掘机有限公司
俞松松
E02F 3/38
Loading...
本发明涉及挖掘机及其动臂，为解决现有挖掘机使用专用消声器的缺点，本发明公开一种挖掘机消声动臂，包括具有内腔的箱体结构，在箱体结构前端和后端均为铰接端，在箱体结构内设置有将内腔分隔成至少包括进气腔、共振腔、排气腔的多个腔室的隔板，箱体结构上设置有与进气腔连通的进气口和与排气腔连通的排气口，在进气腔与共振腔之间的隔板上设置共振喉管，从进气腔至排气腔具有排气通路。同时还公开一种具有前述动臂的挖掘机，该消声动臂具有排气阻力小、消声效果好、降低整机成本、节约安装空间，同时还有提高动臂结构强度的优点。
50. 106348240 高位油箱低位加油系统
CN
25.01.2017
B67D 7/46 Loading...
B67D 7/46
Loading...
102016000869736
广西柳工机械股份有限公司
刘光喜
B67D 7/46
Loading...
本发明涉及高位油箱低位加油系统，为解决现有高位油箱需要在高位加油而引起的安全风险问题；提供一种高位油箱低位加油系统，包括油箱，其特征在于还包括油泵、驱动油泵转动的电机、控制电机转动的控制电路、加油管，所述加油管的一端与所述油箱连接，另一端与所述油泵的出油口连接，所述油泵的进油口上连接有吸油管，在加油管上设有支管，所述支管的末端具有快速连接接头。本发明具有操作简单、自动便捷、安全可靠等优点，给工程设备的使用提供了更便利、更有效的服务保障。
51. 106351898 平地机前轮驱动液压系统
CN
25.01.2017
F15B 11/16 Loading...
F15B 11/16
Loading...
102016000920339
广西柳工机械股份有限公司
刘光喜
F15B 11/16
Loading...
本发明涉及平地机前轮驱动液压系统，为解决现有平地机两前轮驱动马达流量自由分配导致可能出现单边打滑问题；提供一种平地机前轮驱动液压系统，包括左液压马达、右液压马达、液压泵和液压泵连接的控制阀，其特征在于还包括分配阀，分配阀包括电磁开关阀、液控换向阀、均等分配阀；所述电磁开关阀连接在所述液控换向阀的液控端与T口之间；电磁开关阀使液控换向阀工作于第一工作位或第二工作位，液压油经液控换向阀、均等分配阀均等进入马达或仅经液控换向阀按需自由分配至液压马达。
52. 106351890 液压油箱
CN
25.01.2017
F15B 1/26 Loading...
F15B 1/26
Loading...
102016000883173
柳州柳工挖掘机有限公司
雷艳梅
F15B 1/26
Loading...
一种液压油箱，补油装置的箱体是封闭的箱体形状，其顶部设有加油口及加油口盖，箱体内部装有液压油，箱体固定于所述主箱体的开口处进入所述主箱体内部，箱体的顶面与主箱体的顶面固定连接，在箱体的底部还设置控制阀，控制阀的底部设有第一阀口与第二阀口，箱体的底部开设两个通孔，控制阀的第一阀口与第二阀口分别从两个通孔处穿出箱体的底部，第一通管和第二通管竖直设置在箱体的底部，第一阀口与所述第一通管的上端部固定连接，第二阀口与所述第二通管的上端部固定连接，第二通管的下端端口低于第一通管的下端端口位置；控制阀为具备切断和连通的二位四通电磁阀。其优点是结构简单、紧凑，操作方便，实现了液压油箱自动补油的智能化功能。
53. 104154202 双涡轮液力变矩器
CN
11.01.2017
F16H 41/00 Loading...
F16H 41/00
Loading...
102014000430838
广西柳工机械股份有限公司
罗世伟
F16H 41/00
Loading...
本发明公开了一种双涡轮液力变矩器，涉及工程机械领域；包括有罩轮，泵轮，箱体，输入一级齿轮轴，一级涡轮组件和输入二级齿轮轴，以及导轮座；导轮座上安装有导轮和分动齿轮，泵轮一端与罩轮固定连接，另一端与分动齿轮固定连接，泵轮通过第三球轴承和导轮座转动连接，输入一级齿轮轴的一端通过第四球轴承与箱体转动连接,输入一级齿轮轴的另外一端通过第二球轴承与罩轮转动连接；与第二轴承配合的轴段上设有限位台阶；限位台阶的端面与第二轴承端面的间隙为0.3‑0.5毫米。本发明可以解决双涡轮液力变矩器及输入一级齿轮轴径向定位不稳导致一级涡轮组内花键发生偏载及输入一级齿轮轴花键端发生偏摆破坏失效的问题。
54. 106274605 矿用自卸车负载敏感合流液压系统
CN
04.01.2017
B60P 1/16 Loading...
B60P 1/16
Loading...
201610683309.4
广西柳工机械股份有限公司
王素燕
B60P 1/16
Loading...
本发明涉及矿用自卸车液压系统，为解决现有矿用自卸车液压系统中位损失及举升时举升阀杆旁路节流损失大的问题，提供一种矿用自卸车负载敏感合流液压系统，包括液压举升系统和液压转向系统；液压举升系统包括举升油缸、先导阀及开中位的举升阀等；液压转向系统包括负载敏感变量泵等；另外还包括信号控制阀，信号控制阀的P3口、P1口、P2口、P4口分别与负载敏感变量泵的LS口和泵口、举升油缸大腔、先导阀Pa口对应连通；当单独转向时，负载敏感变量泵是一个恒压变量系统，实时为蓄能器和制动系统补充液压油；当举升时，负载敏感变量泵接受举升油缸的负载压力信号，根据举升阀的阀口开度实时调整排量，实现举升时的负载敏感控制。
55. 106286756 单涡轮液力变矩器
CN
04.01.2017
F16H 41/04 Loading...
F16H 41/04
Loading...
201610886783.7
广西柳工机械股份有限公司
王松林
F16H 41/04
Loading...
本发明涉及液力变矩器，主要针对现有进口液力变矩器与发动机匹配不合理，导致整机生产效率低、作业油耗高的问题。本发明单涡轮液力变矩器。其循环圆直径D＝380±5mm，泵轮叶片中间流线进、出口角分别为102°±5°和119°±5°，泵轮叶片中间环面进、出口边厚度分别为4.08mm±1mm和4.19mm±1mm；涡轮叶片中间流线进、出口角分别为17°±5°和30°±5°，涡轮叶片中间环面进、出口边厚度分别为4.88mm±1mm和2.47mm±1mm；导轮叶片中间流线进、出口角分别为81°±5°和23°±5°，导轮叶片中间环面进、出口边圆头半径分别为4.35mm±1mm和0.73mm±1mm。
56. 106284481 定变量负载敏感合流液压系统及装载机
CN
04.01.2017
E02F 9/22 Loading...
E02F 9/22
Loading...
102016000810433
广西柳工机械股份有限公司
武宗才
E02F 9/22
Loading...
本发明涉及一种液压系统，为解决现有定变量液压系统中工作液压系统动作时转向变量泵无法实现对工作液压系统的负载敏感控制问题；提供一种负载敏感合流液压系统以及装载机，包括转向液压系统和工作液压系统，转向液压系统包括变量泵、优先阀、转向器、转向油缸等；工作液压系统包括定量泵、分配阀、液压执行件、先导阀等，通过第一梭阀组将先导油路上的压力信号传递至两位三通阀的液控端；通过第二梭阀组将工作油路上的负载压力信号传递至两位三通阀的A口；通过梭阀将转向负载信号和工作油路负载信号传递至变量泵，实现工作液压系统的负载敏感控制。
57. 104264728 装载机铲斗
CN
04.01.2017
E02F 3/40 Loading...
E02F 3/40
Loading...
102014000512412
广西柳工机械股份有限公司
沈洪伟
E02F 3/40
Loading...
本发明涉及一种铲斗，为解决现有铲斗功能单一的缺点，本发明提供一种铲斗，其包括推铲、两颚板、一刮板，每一颚板通过水平颚板销轴在推铲的侧端顶部与推铲铰接，在颚板与推铲之间设置有使颚板绕颚板销轴转动的颚板转动油缸；刮板位于两颚板之间，刮板的两端上部各自通过刮板销轴在对应颚板的前端上部形成铰接，在刮板与颚板之间设置有使刮板绕刮板销轴转动的刮板转动油缸；颚板与推铲两端咬合、刮板的下边与推铲的下边贴近时推铲、颚板、刮板构成上部开口的斗状容器。本发明铲斗可实现铲装、推铲、抱夹、刮耙等多种功能，实现一斗多用。
58. 104265717 具有回收回转制动能量的液压系统及装置
CN
04.01.2017
F15B 13/06 Loading...
F15B 13/06
Loading...
102014000463526
柳州柳工挖掘机有限公司
李文新
F15B 13/06
Loading...
一种具有回收回转制动能量的液压系统及装置，是将回转马达制动的能量，通过液控二位二通换向阀向蓄能器回收，通过第一电磁二位四通换向阀、第二电磁二位四通换向阀将先导控制阀的控制油切换到相应的换向阀进行换向，第一电磁二位四通换向阀和第二电磁二位四通换向阀的换向动作由对蓄能器压力进行测定的控制器进行控制；其优点是全自动完成能量回收/利用，无需修改回转马达和主控阀等现有液压系统；增加元件较少，技术较成熟，价格低廉；蓄能器只回收回转马达制动能量，而不接收现有回转液压系统输出的能量；回转马达启动首先使用蓄能器能量，再自动切换使用泵输出能量，不相互干扰。
59. 104494399 工程机械驾驶室用增压设备
CN
04.01.2017
B60H 3/06 Loading...
B60H 3/06
Loading...
102014000750409
柳州柳工挖掘机有限公司
陆海涛
B60H 3/06
Loading...
本发明公开了一种工程机械驾驶室用增压设备，涉及工程机械制造技术领域，包括有过滤器，有一个设有进气口和出风管的壳体，所述过滤器包括置于所述壳体内所述进气口处的一级过滤器和置于所述一级过滤器后方的二级过滤器，所述二级过滤器将所述壳体的内部空间分隔为第一腔室和第二腔室；在所述第一腔室的底部设有自动排尘器，在所述第二腔室内设有鼓风机，所述鼓风机通过所述出风管与驾驶室相连通。与现有技术相比，本发明可以解决现有的增压系统增压效果不佳和维护保养不方便的问题。
60. 104234102 多功能抱叉
CN
04.01.2017
E02F 3/413 Loading...
E02F 3/413
Loading...
102014000512400
广西柳工机械股份有限公司
沈洪伟
E02F 3/413
Loading...
本发明涉及一种多功能抱叉，为解决现有抱叉在夹持横向尺寸悬殊的多种物料时需要配置对应尺寸抱叉的缺点，本发明提供一种多功能抱叉，包括大致呈横置U字形的下叉体和通过销轴可转动连接在下叉体顶部的上叉体，上叉体的后端与液压油缸连接，下叉体上设置有副叉体,副叉体在其后部与下叉体铰接,在副叉体的后端与下叉体之间连接有液压驱动的副叉油缸,副叉油缸的伸缩使得副叉体绕其与下叉体的铰接轴转动而使得副叉体近似平行于下叉体的叉齿前部或使得副叉体与下叉体呈交错状态。在本发明中该抱叉藏匿副叉体时与传统抱叉功能相似，副叉体与下叉体呈交错状态时可用于夹持直径较小的物料，实现一叉多用。副叉体使用与否切换时无需人工手动装配。
61. 106286648 用于静液压传动的制动器
CN
04.01.2017
F16D 65/14 Loading...
F16D 65/14
Loading...
201610985277.3
广西柳工机械股份有限公司
明君剑
F16D 65/14
Loading...
本发明公开了一种用于静液压传动的制动器，涉及工程机械领域，它包括有缸体、活塞组件和具有左端内花键、右端内花键以及与摩擦副连接的顶端花键的取力轴，顶端花键两侧套装有限位挡圈；摩擦副由摩擦片和钢片相互叠加组成，摩擦副两侧设置有承压盘；缸体的一端连接有钢套，压盖压接在钢套的端面；压盖内侧安装有弹簧，弹簧一端压接在压盖、另一端压接在承压盘上；缸体设置有油道孔和油腔，活塞组件包括有活塞和推杆，推杆的一端与活塞连接、另一端安装在承压盘的槽内；摩擦片、承压盘通过钢套内的花键与钢套连接，钢片通过顶端花键与取力轴连接。本发明可以解决制动器加工、装配和维修复杂，活塞易磨损以及成本高的问题。
62. 205843650 装载机卸料角检测装置
CN
28.12.2016
G01B 21/22 Loading...
G01B 21/22
Loading...
201620721229.9
广西科技大学
梁蔓安
G01B 21/22
Loading...
一种装载机卸料角检测装置，涉及一种倾角检测装置，装置包括外壳、显示屏、电源按键、磁力吸盘底座、功能电路、指示灯；显示屏、电源按键、指示灯分别设在外壳上，功能电路设在外壳的内部，磁力吸盘底座连接在外壳的底部，该磁力吸盘底座吸附在装载机铲斗底面；功能电路包括电源模块、卸料角测量模块、节电处理模块、通用处理模块。本实用新型可实现地面安装，省时省力，消除安全隐患和误读数隐患，可实现小量程、高灵敏度测量，具有节电检测模式和通用检测模式两种工种模式，还具有便携、实用的特点，易于推广使用。
63. 103389667 一种工程机械控制器CPU防失效的保护方法
CN
28.12.2016
G05B 19/042 Loading...
G05B 19/042
Loading...
102013000310774
广西柳工机械股份有限公司
马文宇
G05B 19/042
Loading...
本发明公开一种工程机械控制器CPU防失效的保护方法，通过采用软件的方法，在控制器的控制程序中嵌入一个CPU保护模块，使得当CPU出现“死机”状态时，控制器仍能以一个最小的安全可工作状态运行。本发明具备能观性的优势，即CPU能检测“死机”状态，并能做出相应的故障提示，同时，本发明还具备能控性的优势，当CPU处于“死机”状态时，其前台系统可以采用最小控制任务模式进行控制，对机械或操控人员采取一定量的保护；当CPU从“死机”状态恢复时，其任务控制权交回后台处理，智能化水平高。
64. 106218629 具有磨损预警的夹钳式制动装置
CN
14.12.2016
B60T 17/22 Loading...
B60T 17/22
Loading...
102016000719748
广西柳工机械股份有限公司
王少锋
B60T 17/22
Loading...
本发明涉及夹钳式制动装置，为解决摩擦片磨损无预警的问题；提供一种具有磨损预警的夹钳式制动装置，包括制动器和制动盘，制动盘位于制动器的夹钳体内，制动盘的两侧具有摩擦片，摩擦片固定安装在衬板上，衬板安装在夹钳体上，其特征在于还包括摩擦片磨损预警装置，摩擦片磨损预警装置包括报警器和与报警器连接的电磁式接近开关，在夹钳体上设有用于安装电磁式接近开关的安装架，电磁式接近开关安装在安装架上，当摩擦片向制动盘移动且衬板进入电磁式接近开关的感应范围时，电磁式接近开关导通使报警器报警。本预警装置可靠性高，可不对驱动桥整体作任何更改，直接加装，减少变更带来的各类管理成本，可有效解决安全隐患及防止制动器的损坏等问题。
65. 106223388 装载机自动铲装参数自适应方法
CN
14.12.2016
E02F 9/20 Loading...
E02F 9/20
Loading...
201610591771.1
广西柳工机械股份有限公司
陶林裕
E02F 9/20
Loading...
本发明涉及一种装载机自动铲装参数自适应方法，为解决现有装载机自动铲装作业中，需手动选择铲装参数组进行自动铲装作业的缺点，本发明公开一种自动铲装参数自适应方法，该方法需将N组铲装参数组按物料密度顺序排列，利用类似二分法确定最佳铲装参数组，类似二分法的前3次铲装按照第1组、第N组和第N/2组铲装参数组完成铲装，其中N/2取整数；之后的第n≧4次铲装参数组确定方法是将第n次铲装的前三次铲装中按参数组顺序编号的中‑前两次铲装物料重量平均值与中‑后两次铲装物料重量平均值进行比较确定最佳铲装参数组。本方法自动确定最佳铲装参数，提升自动铲装过程中的满斗率以及铲装效率。
66. 106184177 顺序控制组合阀
CN
07.12.2016
B60T 15/18 Loading...
B60T 15/18
Loading...
102016000575376
广西柳工机械股份有限公司
王振兵
B60T 15/18
Loading...
本发明涉及液压控制元件，为解决采用电磁顺序控制组合阀的控制系统中的元件多，故障率高的缺点；提供一种顺序控制组合阀，包括阀体，在阀体上具有进油口、出油口、回油入口和回油出口，其特征在于包括液控开关阀，所述进油口与出油口在阀体内连通，所述液控开关阀连接在所述回油入口和回油出口之间，所述液控单向阀的液控端与所述进油口连通。在本发明中，进油口具有压力时，进油口的压力将液控单向阀关闭，在进油口无压力时，液控单向阀处于导通状态，从而实现了顺序控制。由于顺序控制组合阀中具有分流集流阀和集流分流阀，从而可以保证通过右路的油液的均匀分配。并且该制动系统中，不涉及到电器，系统元件少，可靠性高。
67. 106184169 工程机械液压制动系统
CN
07.12.2016
B60T 13/14 Loading...
B60T 13/14
Loading...
102016000650740
广西柳工机械股份有限公司
唐云娟
B60T 13/14
Loading...
本发明公开了一种工程机械液压制动系统，属工程机械技术领域，该系统包括有前制动器和后制动器，前制动器和后制动器分别通过制动阀和蓄能单元与制动泵相连接，所述蓄能单元包括分别与单向阀组相连接的第一蓄能器、第二蓄能器和备用蓄能器；所述后制动器与所述制动阀之间设有液压调节器。本发明可以解决现有工程机械液压制动及解除制动的时间较长制动不灵敏，以及安全性能较低、制动较为滞后的问题。
68. 106184171 车辆液压制动系统
CN
07.12.2016
B60T 13/40 Loading...
B60T 13/40
Loading...
102016000575137
广西柳工机械股份有限公司
王振兵
B60T 13/40
Loading...
本发明涉及液压制动系统，为解决现有车辆液压制动器排气不方便的问题；提供一种车辆液压制动系统，包括制动控制装置、制动器组、制动液储箱、控制阀，控制阀上具有制动液进出油口、回油出入口，制动控制装置与控制阀制动液入口连接，控制阀上制动液出口与制动器组的制动液入口连接，制动器组制动液出口与控制阀上制动液回油入口连接，控制阀上的制动液回油出口与制动液储箱连接，制动控制装置的制动液补液口与制动液储箱连接；控制阀利用制动液进口压力控制制动液回流出入口之间的通断。在本发明中，制动控制装置、控制阀、制动器、制动液储箱依次连接，完成制动液的自动循环，降低制动液的温度，循环过程中实现了制动器排气功能。
69. 106193173 具有平动连杆机构的装载机
CN
07.12.2016
E02F 9/20 Loading...
E02F 9/20
Loading...
102016000727397
广西柳工机械股份有限公司
蒋小林
E02F 9/20
Loading...
本发明涉及装载机，为解决现有装载机在动臂举升的过程中无法保证工作属具平移性的问题；提供一种装载机，包括车架、动臂、工作属具、动臂油缸、转斗架、小动臂，动臂后端与车架铰接，动臂油缸两端分别与车架和动臂铰接，动臂前端与转斗架铰接，小动臂两端分别与车架和转斗架铰接，工作属具安装在转斗架上，动臂和小动臂两端的铰接点分别为A点、B点、C点和D点，四处铰接点处的铰接轴的轴心相互平行，A点、B点、C点、D点在与铰接轴垂直的平面上的投影点之间的连线构成平行四边形。在本发明中，动臂、小动臂、车架、转斗架构成平行四边形，形成平动连杆机构，在动臂的上下移动过程中，可以确保转斗架的平移性。
70. 205776459 平地机用松土器安装机构
CN
07.12.2016
E02F 5/32 Loading...
E02F 5/32
Loading...
202016000571907
广西柳工机械股份有限公司
张涛涛
E02F 5/32
Loading...
本实用新型涉及松土器，为解决现有平地机用松土器安装机构容易导致车架尾部开裂的缺点，本实用新型构造一种平地机用松土器安装机构，包括松土齿架、车架、液压油缸；松土齿架上具有两根并行向前伸出的安装臂；其特征在于还包括安装座、连杆；安装座固定在车架的尾部，液压油缸的一端与安装座铰接，液压油缸的另外一端与松土齿架铰接；安装座的两端各具有齿架连接臂，齿架连接臂的上端与安装座铰接，下端下垂且与安装臂的前端铰接，连杆的后端与齿架连接臂的下端铰接，连杆的前端铰接在车架的中后部。本实用新型中是前部三角形桁架与后部四连杆机构铰接。应用简单二力杆原理，采用销轴连接，将地面对松土器的反作用力传递给后车架中部位置，通过改变后车架的受力位置，改善平地机工况适用性问题。
71. 106168040 具有增力油缸的装载机
CN
30.11.2016
E02F 3/28 Loading...
E02F 3/28
Loading...
201610757870.2
广西柳工机械股份有限公司
莫德志
E02F 3/28
Loading...
本发明涉及装载机，为解决现有装载机在不改变其他参数时掘起力增加困难问题；提供一种装载机，包括车架、动臂、液压系统、增力油缸，动臂的后端与车架铰接，液压系统中的动臂油缸的两端分别铰接在动臂与车架之间，动臂油缸的伸缩举升动臂绕动臂后端铰接点转动，增力油缸位于动臂油缸的前方，增力油缸后部铰接端与车架铰接，另一端是斜向上指向前方的自由端，在动臂上具有与增力油缸自由端对应的增力承载部，增力承载部与增力油缸自由端之间为可自动脱离的啮合连接。在本发明中，增力油缸和动臂油缸一起向动臂作用，增加装载机的掘起力，动臂上增力承载部与增力油缸脱离接触，由动臂油缸单独举升动臂。
72. 106168234 一种定量泵变量液压系统
CN
30.11.2016
F15B 11/00 Loading...
F15B 11/00
Loading...
201610548775.1
柳州柳工挖掘机有限公司
刘建
F15B 11/00
Loading...
本发明涉及定量泵的供油液压系统，为解决现有定量泵供油系统难以应对不同流量要求的属具供油问题；提供一种定量泵变量液压系统，包括液压执行机构、控制液压执行机构的电磁换向阀、操作手柄、定量泵、液压油箱、控制器、流量输入仪表、三通流量阀；所述操作手柄和流量输入仪表的输出端与所述控制器的对应输入端连接，所述控制器的对应输出端与所述三通流量阀和电磁换向阀的电磁控制端连接，所述三通流量阀的进油P口与所述定量泵连接，工作出油A口与所述电磁换向阀的进油口连接，回油B口与液压油箱连接。该系统结构简单，成本低廉；降低溢流损失，节省能耗；电液结合，控制稳定可靠，操控性好；拓宽定量系统功能，使定量系统适应性更强。
73. 106170595 用于建筑机械的提升布置
CN
30.11.2016
E02F 3/36 Loading...
E02F 3/36
Loading...
201580002450.7
广西柳工机械股份有限公司
E.瓦格纳
E02F 3/36
Loading...
一种用于建筑机械的提升布置，所述提升布置包括：主臂（3），所述主臂（3）提供有在其近侧端处的枢轴连接器（4）和在其远侧端处的设备连接器（5）；主臂支撑装置（6），所述主臂支撑装置（6）用于枢转地支撑所述主臂（3）的所述枢轴连接器（4），其中，所述主臂支撑装置（6）可在包括在相对于所述框架布置的前后方向上的至少一个分量的方向上移动。进一步地，提供了引导装置（7），所述引导装置（7）在所述主臂（3）的位于所述枢轴连接器（4）与所述设备连接器（5）之间的引导部分（10）处与所述主臂（3）接合。
74. 205744639 装载机液压油箱
CN
30.11.2016
F15B 1/26 Loading...
F15B 1/26
Loading...
202016000539841
广西柳工机械股份有限公司
韦茂志
F15B 1/26
Loading...
本实用新型公开了一种装载机液压油箱，涉及装载机制造技术领域，包括箱体，在所述箱体箱壁外侧设有隔热防辐射板，在所述隔热防辐射板外侧设有护板；所述隔热防辐射板设在所述箱体底板的底面外，所述护板设于所述隔热防辐射板的底面。较之现有技术，本实用新型可以提高装载机液压油箱在高温高辐射的作业场地的安全性及可靠性，降低作业风险，保护装载机驾驶者的安全。
75. 205737723 发动机罩
CN
30.11.2016
B62D 25/10 Loading...
B62D 25/10
Loading...
202016000403770
广西柳工机械股份有限公司
覃忠平
B62D 25/10
Loading...
本实用新型公开了一种发动机罩，本实用新型涉及装载机制造技术领域，包括前端连接有龙门架的罩本体，所述罩本体由上罩、设在所述上罩后端的后罩及侧边分别与所述上罩和所述后罩相邻接的侧门连接而成，所述侧门包括铰接在所述罩本体与所述龙门架连接处的上侧门和位于所述上侧门下方并与所述上侧门相锁接的下侧门，所述下侧门通过设在底边的铰轴装在机架上；所述上侧门和所述下侧门在其门缘上均设有门胶条；所述罩本体的内空横截面自与所述龙门架连接处朝所述后罩方向逐渐增大；所述龙门架于前端设有封板，所述封板设有伸至所述龙门架下方的挡板部。较之现有技术，本实用新型可以解决现有发动机罩散热效果差和无法有效阻隔机外噪声辐射的问题。
76. 205744516 风扇马达安装支座调整装置
CN
30.11.2016
F04D 25/08 Loading...
F04D 25/08
Loading...
202016000403077
广西柳工机械股份有限公司
许明疆
F04D 25/08
Loading...
一种风扇马达安装支座调整装置，液压马达固定于马达连接板，马达连接板与风扇马达安装支座采用滑动连接结构连接成分别沿风扇马达安装支座的横、纵向滑移的滑动结构；并设置有横、纵向位置定位机构，对风扇马达安装支座的横、纵向位置进行定位固定。其优点是在装配完成后的风扇马达装置中，因导风罩的加工误差导致风扇发生偏心，通过调整螺栓旋入的距离来调整马达连接板和风扇马达安装支座之间的相对位置，从而调整风扇叶端与导风罩之间间隙。若运行过程中出现由于风扇离心力而导致的风扇偏心，也可以通过调整螺栓旋入距离来调整，从而解决了由于制造装配误差及风扇离心力造成的风扇叶端与导风罩某一侧间隙偏小的难题，有助于提高风扇的性能。
77. 205742314 平地机用柴油箱
CN
30.11.2016
E02F 3/80 Loading...
E02F 3/80
Loading...
202016000621373
广西柳工机械股份有限公司
黄兴
E02F 3/80
Loading...
本实用新型公开了一种平地机用柴油箱，涉及平地机制造技术领域，包括设有前支板和后支板的箱本体，该箱本体的所述前支板通过支座装在车架的纵梁上，所述前支板设在所述箱本体的前侧板上，所述后支板设在所述箱本体的后侧板上；所述后支板具有与搭接板部连结的伸出板部；所述后支板通过其伸出板部与车架尾板相搭接，所述车架尾板设在所述车架的横梁的近所述后支板侧；所述箱本体前侧板与所述支座后端之间的距离大于所述伸出板部与所述车架尾板相搭接的宽度。较之现有技术，本实用新型可以解决现有平地机用柴油箱的拆卸劳动强度大和时间长的问题。
78. 205737709 装载机前车架
CN
30.11.2016
B62D 21/18 Loading...
B62D 21/18
Loading...
202016000646158
广西柳工机械股份有限公司
张涛涛
B62D 21/18
Loading...
本实用新型公开了一种装载机前车架，涉及工程机械技术领域，包括分别焊接于铰接支座两侧的左侧板和右侧板，左侧板内侧焊接有转向支座，转向支座包括两块平板和竖直焊接在所述两块平板之间的加强肋板，平板一侧的一段与左侧板内侧焊接；转向支座下部连接有支撑板，所述转向支座前端连接有连接加强板；支撑板和连接加强板均固定在铰接支座上。本实用新型可以解决装载机前车架内转向支座与左侧板焊接收弧时容易产生弧坑裂纹、气孔等，造成焊缝裂纹扩展，导致前车架转向失效的问题。
79. 106164382 用于建筑机械的提升布置
CN
23.11.2016
E02F 3/36 Loading...
E02F 3/36
Loading...
112015000002453
广西柳工机械股份有限公司
E.瓦格纳
E02F 3/36
Loading...
提供了一种用于建筑机械的提升布置，所述提升布置包括主臂（3），所述主臂（3）提供有枢轴连接器（4）。所述枢轴连接器（4）可枢转地支撑在主臂支撑装置（6）上。所述主臂支撑装置（6）可在包括在相对于建筑机械的框架布置的前后方向上的至少一个分量的方向上移动，所述提升布置可以应用于所述建筑机械。基于主臂致动元件（11）和辅助致动元件（21）的控制，当使所述主臂（3）在下降位置与上升位置之间移动时，可以实现设备连接器（5）的路径，所述路径遵循预定路径。
80. 106149788 工程机械破碎锤工况识别计时系统及识别方法
CN
23.11.2016
E02F 5/30 Loading...
E02F 5/30
Loading...
102016000547324
柳州柳工挖掘机有限公司
邢树鑫
E02F 5/30
Loading...
本发明涉及工程机械使用破碎锤的使用识别与计时，为解决工程机械使用破碎锤计时不准确的问题；提供一种工程机械破碎锤工况识别计时系统与方法，包括测量振动的振动传感器、主泵压力传感器、安装吊臂移动感应装置和控制单元，控制单元接受振动传感器、压力传感器、感应装置的测量值并判断工程机械的工作状态，当工程机械处于使用破碎锤的冲击工况时所述计时器进行累加计时。本发明该系统简单、可靠，能够准确累计破碎锤工况工作时间。另外相对于原机仅增加振动传感器，成本基本无增加。
81. 106149777 挖掘机滚翻保护控制系统及控制方法
CN
23.11.2016
E02F 3/43 Loading...
E02F 3/43
Loading...
102016000547707
柳州柳工挖掘机有限公司
邢树鑫
E02F 3/43
Loading...
本发明涉及挖掘机控制，为解决现有挖掘机驾驶室滚翻保护结构作用有限的问题；提供一种挖掘机滚翻保护控制系统，包括控制器、检测挖掘机倾角的倾角传感器、在动臂油缸的管路上连接有电磁控制装置，倾角传感器与控制器连接，控制器的输出端与电磁控制装置的电磁控制端连接，当倾角传感器检测到挖掘机倾角大于预设值时，控制器控制电磁控制装置使动臂油缸的大腔与高压油源导通、动臂油缸的小腔与液压油箱连通。在本发明中，挖掘机即将倾翻时，动臂油缸大腔与高压油源导通、小腔与液压油箱连通，动臂油缸的活塞杆伸出，动臂被举升，这样动臂能够防止挖掘机连续滚翻，同时动臂可对驾驶室进行支撑，防止挖掘机滚翻时压垮驾驶室。
82. 106151125 液压油箱
CN
23.11.2016
F15B 1/26 Loading...
F15B 1/26
Loading...
102016000665896
广西柳工机械股份有限公司
朱长寿
F15B 1/26
Loading...
本发明涉及液压油箱，为解决现有液压油箱在维修液压系统时需将油箱内的液压油放出的缺点；提供一种液压油箱，包括箱体，吸油管固定安装在箱体底板上，吸油管下部侧壁设置有侧壁开口，吸油管内设置有活塞，活塞可在吸油管内滑动至低于侧壁开口位置高度之下，在活塞上设置有拉杆，箱体上位于拉杆的上方有操作窗，操作窗上可拆卸地安装有盖板，拉杆向上延伸至盖板的下方，在盖板下方设置有拉杆定位机构。在本发明中，需要进行液压系统维修时，通过操作窗将拉杆向下推使活塞位于侧壁开口位置高度之下，活塞将吸油管的吸油通道截至，防止在维修液压系统时液压油从吸油管中流出，从而避免在液压系统维修时将液压油箱内的液压油放出。
83. 106151325 液压制动电磁阀保护器
CN
23.11.2016
F16D 65/14 Loading...
F16D 65/14
Loading...
102016000689779
广西柳工机械股份有限公司
廖平
F16D 65/14
Loading...
本发明公开了一种液压制动电磁阀保护器，属工程机械技术领域，该电磁阀保护器，包括有电磁阀，所述电磁阀线圈连接有两个供电回路；其中一个供电回路中串联有继电器的动断触点和限流电阻；另一个供电回路串联有继电器动合触点；所述继电器线圈供电回路串联有制动低压开关。本发明可以解决现有在制动控制器中的电磁阀，长期工作在高电压下，引起温度升高而导致其线圈吸力不足，难以使电磁阀的阀芯复位，甚至使电磁阀线圈烧坏的问题。
84. 205712240 带封盖的铲斗
CN
23.11.2016
E02F 3/40 Loading...
E02F 3/40
Loading...
201620402481.3
广西柳工机械股份有限公司
肖璇
E02F 3/40
Loading...
一种带封盖的铲斗，在铲斗后部铰接有封盖，使得封盖闭合时转动端与铲斗下侧的切削板贴合，封闭铲斗；打开时向上翻转离开切削板，所述铲斗后部与封盖后部之间连接有油缸，由油缸的伸缩运动带动封盖闭合或者打开；所述封盖为向上凸起的圆弧形，封盖闭合时，封盖与铲斗形成封闭的柱形，将物料封闭于封盖与铲斗形成的封闭空间里；封盖上开有至少两个透气孔，可避免在闭合封盖的过程中，物料被空气挤压出去，封盖的后部间隔设置有至少两条加强筋，用来增加封盖的强度。其优点是铲斗结构简单，仅在原有铲斗上加装了封盖和控制封盖的油缸。通过对封盖的轻量化设计和油缸规格、布局、行程的合理选配，使得整个带封盖铲斗结构更加轻便，操作更加高效。
85. 106088209 工程机械自动怠速控制系统
CN
09.11.2016
E02F 9/22 Loading...
E02F 9/22
Loading...
201610547292.X
柳州柳工挖掘机有限公司
邢树鑫
E02F 9/22
Loading...
本发明涉及工程机械自动怠速控制系统，为解决自动怠速系统结构复杂，可靠性不高；提供一种工程机械自动怠速控制系统，包括油门手柄、油门拉杆、第一软轴、第二软轴、执行器、控制执行器动作的控制装置；执行器包括缸筒固定的双向作用的液压油缸、电磁阀；活塞杆右端与第二软轴连接，活塞杆左端经第一弹簧连接一连接件，第一软轴与连接件连接；液压油缸的油腔位于油缸活塞的左侧，电磁阀连接在液压油缸的油路上，控制装置的控制输出端与电磁阀的电磁控制端连接。本发明与现有技术相比，具有结构简单、紧凑便于在小型挖掘机上布置。成本较低利于批量推广使用等优点。
86. 106088203 夹径可调的抱叉
CN
09.11.2016
E02F 9/00 Loading...
E02F 9/00
Loading...
201610547382.9
广西柳工机械股份有限公司
肖璇
E02F 9/00
Loading...
本发明涉及抱叉，为解决现有抱叉夹径不易调节的问题；提供一种夹径可调的抱叉，包括下叉体和上叉体，下叉体包括一体的齿部和夹持部，齿部与夹持部的连接处为弧形过渡部，上叉体通过销轴可转动连接在夹持部的顶部，齿部后部和夹持部是由钢板焊接形成的箱体结构，弧形过渡部的顶部壁板上设置有长孔，在弧形过渡部内部设置有可从长孔内伸出的弧形副叉，副叉的前端在齿部内部与齿部转动连接，副叉的顶端转动连接有撑杆，夹持部的下部侧面设置有通透侧面壁板的轨道槽，撑杆的后端设置有可在轨道槽滑动的限位机构。在本发明中，撑杆末端在轨道槽内滑动，从而调整副叉相对下叉体的夹角，从而起到调节夹径的目的。
87. 106088204 用于工程机械的操作室结构
CN
09.11.2016
E02F 9/16 Loading...
E02F 9/16
Loading...
201610194808.7
广西柳工机械股份有限公司
E.瓦格纳
E02F 9/16
Loading...
本发明涉及用于工程机械的操作室结构。提出了用于工程机械（100）的操作室结构，其包括多个侧壁元件、前壁元件、后壁元件和顶板元件（4）。所述侧壁元件中至少一个可通过门元件（1）关闭，所述门元件可枢转地安装到所述结构，其中枢转轴线相对于所述工程机械（100）大致是垂直的。当关闭时，所述门元件（1）朝向所述工程机械的中心轴线倾斜。
88. 106088208 挖掘机回转液压控制系统
CN
09.11.2016
E02F 9/22 Loading...
E02F 9/22
Loading...
201610454932.2
柳州柳工挖掘机有限公司
李文新
E02F 9/22
Loading...
本发明涉及挖掘机回转液压控制系统，为解决现有液压挖掘机在回转启动时存在能量溢流损失的问题；提供一种挖掘机回转液压控制系统，包括回转马达总成、主泵、第一三位四通电磁换向阀、主泵比例电磁阀、主泵压力传感器、先导手柄、控制器；主泵的泵口与第一三位四通电磁换向阀的P口连接，第一三位四通电磁换向阀的A口、B口对应与回转马达总成的A口、B口连接；先导手柄的控制输出端、主泵压力传感器与控制器的输入端连接，第一三位四通电磁换向阀的电磁铁控制输入端与控制器的输出端连接。本发明具有元件增加少，技术较成熟，成本低廉与电控系统结合，控制灵活可靠；能量利用率高，减小启动溢流损失，节能效果明显等优点。
89. 106090240 迷宫式油封保护装置
CN
09.11.2016
F16J 15/447 Loading...
F16J 15/447
Loading...
201610393283.X
广西柳工机械股份有限公司
杨浩
F16J 15/447
Loading...
本发明公开了一种迷宫式油封保护装置，涉及机械制造技术领域，它包括套在轴上的油封，油封设置在轴和外环之间，轴具有径向向外的环形凸出部，油封置于环形凸出部的内侧；外环包括由外至内依次套装在轴上的第一外环和第二外环，第二外环和轴之间设置有孔卡，油封卡装于孔卡、第二外环和环形凸出部之间；第一外环和第二外环相连接，第一外环的内周面以及第二外环的内周面与环形凸出部的外周面相配合，环形凸出部的外周面设置有至少两个台肩，所述外周面与两个所述内周面之间的间隙构成迷宫间隙。本发明解决了小颗粒物易侵入油封引起油封失效的问题。
90. 205652201 转向优先阀
CN
19.10.2016
B62D 5/087 Loading...
B62D 5/087
Loading...
201620409369.2
柳州柳工液压件有限公司
朱庆轩
B62D 5/087
Loading...
本实用新型涉及转向优先阀，为解决现有转向优先阀的流量受主油路其它并联油路执行元件复合动作影响的问题，本实用新型构造一种转向优先阀，包括阀体和P油口、A油口、LS油口、B油口、阀芯，在阀芯的左端具有左端腔、右端具有右端腔，阀芯侧面自左向右依次具有与B油口连通的B腔、与P油口连通的P腔、与A油口连通的A腔，右端腔内设有与阀芯右端接触的弹簧，右端腔与B腔连通且连通油道上设置有节流阀，LS油口经阻尼器与右端腔连通，左端腔经单向节流阀向B腔单向导通。该转向优先阀阀芯端部设单向节流阀，当执行元件进行复合操作时，阀芯快速响应，确保转向流量相对稳定。
91. 205655026 内锁式胶管接头
CN
19.10.2016
F16L 47/20 Loading...
F16L 47/20
Loading...
201620299258.0
广西柳工机械股份有限公司
李国真
F16L 47/20
Loading...
本实用新型涉及胶管接头，为解决现有接头连接的胶管容易脱落的缺点，本实用新型构造一种胶管接头，包括呈管状的接头芯和套筒，在接头芯上具有套筒定位槽，接头芯的外侧面上依次设置插接导向部、扣压齿区、胶管内径锁定区，内径锁定区上设置有环形凹槽和截面为半圆形的内锁凸齿，套筒的内孔表面设置有与所述环形凹槽配套的环形凸齿。在本实用新型中，内锁凸齿与胶管钢丝内径接触，不切割钢丝层，扣压后形成波浪式形状，起到内锁作用。
92. 106015123 矿用自卸车蓄能器泄压控制方法
CN
12.10.2016
F15B 1/02 Loading...
F15B 1/02
Loading...
102016000477026
广西柳工机械股份有限公司
吴韦林
F15B 1/02
Loading...
本发明公开了一种矿用自卸车蓄能器泄压控制方法，属工程机械技术领域，该泄压控制方法是：在总开关关闭时，系统压力即达到压力开关预设的压力范围值，压力开关接点关闭，同时，泄压电磁阀控制端带电，控制泄压电磁阀工作在上位，蓄能器的压力油通过泄压电磁阀回油箱，蓄能器泄压；当系统内压力降至压力开关预设范围值以外，压力开关接点打开，泄压电磁阀控制端失电，控制泄压电磁阀工作在下位，泄压完成。可以解决矿用自卸车蓄能器泄压时不能在安全停车之前保证应急转向能力及节流泄压吱吱怪响的问题。
93. 106015668 一种比例卸荷阀
CN
12.10.2016
F16K 17/04 Loading...
F16K 17/04
Loading...
201610374514.2
柳州柳工挖掘机有限公司
李文新
F16K 17/04
Loading...
本发明涉及液压阀，为解决卸荷阀通断的二位简单机能问题；提供一种比例卸荷阀，包括阀体，在阀体内设置有阀芯，阀芯的一端液控腔，另一端为弹簧腔，液控腔与液控端口连通，弹簧腔与回油口连通，另外还包括强度不同的第一弹簧和第二弹簧、在弹簧腔内可滑动的弹簧座、垫片，第一弹簧、垫片、第一弹簧座、第二弹簧和第二弹簧座在弹簧腔内沿阀芯移动方向依次排列，第一弹簧的一端与阀芯的端部连接，另一端与第一弹簧座连接，第二弹簧的一端与第一弹簧座连接，另一端与第二弹簧座连接。本发明中两根强度不同的弹簧，其控制曲线是由多段线段组成的折线，在实现通断两位机能的基础上，可实现多位机能，实现特定的机能及特性。
94. 105966378 双踏板制动操纵装置及制动控制系统
CN
28.09.2016
B60T 7/06 Loading...
B60T 7/06
Loading...
102016000403977
柳州柳工叉车有限公司
袁小辉
B60T 7/06
Loading...
本发明涉及双踏板制动操纵装置，为解决双踏板制动装置容易发生上坡时溜坡和操纵舒适性差问题；提供一种双踏板制动操纵装置，包括支座、安装在支座上的左踏板组件和右踏板组件、安装在支座上的制动阀，其特征在于还包括转动安装在支座上位于左踏板和右踏板之间的过渡机构，过渡机构包括用于与支座转动连接且由左踏板组件或右踏板组件单独驱动而单向转动的转筒、使转筒复位转动的过渡复位弹簧、固定设置在转筒上用于与制动阀连接的过渡转臂。在本发明中，左踏板和右踏板分别可单独驱动转动，使转筒驱动制动阀，实现微制动及制动功能，左右踏板独立操作不联动，踩动踏板的力量小，舒适性高。
95. 105971976 利用电压型压力传感器测量工程机械液压压力的方法
CN
28.09.2016
F15B 19/00 Loading...
F15B 19/00
Loading...
102016000357566
广西柳工机械股份有限公司
王志伟
F15B 19/00
Loading...
本发明涉及液压压力的测量方法，为解决现有工程机械利用电压型压力传感器测量液压压力不准确的问题；提供一种工程机械液压压力的方法，包括如下步骤：在工程机械控制系统上电但发动机尚未启动时，控制器通过压力传感器此时的输出电压获得此时的实际采样AD值Sad，并获取此时对应的理论AD值SAD；将实际采样AD值Sad与理论AD值SAD相比计算转换系数k，其中k＝SAD/Sad；发动机启动后，控制器通过压力传感器获取的实际采样AD值Sad并计算修正AD值S'AD，其中S'AD＝kSad；将修正AD值S'AD转化为对应的压力值。在本发明在工程机械工作前计算转换系数k，从而通过所获得的修正AD值S'AD转换成所对应压力值，与真实压力值更为接近，测量结果更为准确，实现更好的整机控制效果及整车性能。
96. 105937897 装载机卸料角检测装置及其检测方法
CN
14.09.2016
G01B 21/22 Loading...
G01B 21/22
Loading...
102016000536542
广西科技大学
梁蔓安
G01B 21/22
Loading...
一种装载机卸料角检测装置及其检测方法，涉及一种倾角检测装置及其检测方法，装置包括外壳、显示屏、电源按键、磁力吸盘底座、功能电路、指示灯；显示屏、电源按键、指示灯分别设在外壳上，功能电路设在外壳的内部，磁力吸盘底座连接在外壳的底部，该磁力吸盘底座吸附在装载机铲斗底面；功能电路包括电源模块、卸料角测量模块、节电处理模块、通用处理模块。方法包括步骤S1.开机；S2.安装装载机卸料角检测装置；S3.选择工作模式进行检测。本发明可实现地面安装，省时省力，消除安全隐患和误读数隐患，可实现小量程、高灵敏度测量，具有节电检测模式和通用检测模式两种工种模式，还具有便携、实用、方法简便的特点，易于推广使用。
97. 104314134 工程机械回转锁止装置及锁止方法
CN
07.09.2016
E02F 9/22 Loading...
E02F 9/22
Loading...
201410570448.7
柳工常州机械有限公司
刘仕冬
E02F 9/22
Loading...
本发明公开了一种工程机械回转锁止装置及锁止方法，属工程机械技术领域，该方法采用一种回转锁止装置将通过液压马达驱动的回转平台总成进行锁止；当锁止销插入销孔时，测距传感器检测并传递信号给总控制器，总控制器将此信号处理后传递到电磁阀的电控端，控制电磁阀的阀芯切换到截止位，切断先导阀与换向阀之间的油路，使先导阀失去对换向阀的控制功能，换向阀始终处于截止位而切断进入液压马达的压力油，使液压马达停转并制动。
98. 104030197 控制叉车举升速度的装置及方法
CN
07.09.2016
B66F 9/20 Loading...
B66F 9/20
Loading...
102014000038555
柳州柳工叉车有限公司
刘同波
B66F 9/20
Loading...
本发明公开了一种控制叉车举升速度的装置及方法，涉及叉车制造技术领域；它包括用于接收、处理输入信号并输出控制信号控制发动机的控制器；用于检测加速油门开度大小的行走加速传感器，用于检测举升多路阀阀芯开度大小的门架举升传感器，用于检测倾斜多路阀阀芯开度大小的门架倾斜传感器，用于检测人员是否正确坐在座椅上的座椅开关，用于标定传感器输入范围的标定开关和用于指示控制器的状态的指示灯均与控制器连接。它可以解决操作人员劳动强度大，燃油浪费，液压油温高的问题。
99. 104029722 工程机械液压转向系统
CN
07.09.2016
B62D 5/08 Loading...
B62D 5/08
Loading...
102014000031574
广西柳工机械股份有限公司
杨胜清
B62D 5/08
Loading...
本发明公开了一种工程机械液压转向系统，属工程机械液压系统技术领域，该系统包括有控制部分和驱动部分，控制部分包括有转向器；驱动部分包括有转向油缸和转向泵，在转向泵与转向油缸之间的油路上串通有流量放大阀，流量放大阀的内部具有控制油液流量的主阀芯，主阀芯的两液控端口分别通过液控换向阀与转向器的两出油口相连通，液控换向阀的液控端口通过机动换向阀和减压阀与转向泵相连通；在工程机械的车架上相应于机动换向阀的两侧均设置有限位块。本发明的液压回路控制方式简单、可靠，在油缸的极限位转向时，系统没有溢流损失，消除了转向油缸极限位对车架的液压冲击，不但节约了能量还在转向停止时不晃动，提高了整车舒适性。
100. 104029721 装载机液压转向装置
CN
07.09.2016
B62D 5/065 Loading...
B62D 5/065
Loading...
102014000031581
广西柳工机械股份有限公司
初长祥
B62D 5/065
Loading...
本发明公开了一种装载机液压转向装置，属工程机械液压系统技术领域，该装置包括有转向液压泵和转向油缸，所述转向液压泵和转向油缸之间的油路上连通有通过转向器控制的流量放大阀，所述转向液压泵为负载敏感变量泵；所述负载敏感变量泵具有流量控制阀，所述流量放大阀具有第一梭阀，所述第一梭阀的出油口与所述流量控制阀液控端口之间的油路上连通有信号控制阀，所述信号控制阀的左控制端口连接所述转向器；转向器动作时负载敏感变量泵提供的先导压力油信号通过转向器输送到信号控制阀的控制端控制该阀的通断。本发明解决装载机转向时造成的液压能量损失大及可控性差、液压冲击大的问题。
101. 205533550 限流防爆阀
CN
31.08.2016
F15B 20/00 Loading...
F15B 20/00
Loading...
201620189734.3
柳州柳工液压件有限公司
朱庆轩
F15B 20/00
Loading...
本实用新型涉及限流防爆阀，为解决现有油缸连接管路爆裂而导致液压油缸内液压油不受控地外泄的问题，本实用新型构造一种限流防爆阀，阀体内阀腔呈阶梯孔状，包括依次相连小、中、大、三种直径的阀腔，中直径阀腔设阀芯弹簧，大直径阀腔内设阀芯，阀芯弹簧一端与小直径阀腔和中直径阀腔邻接处的台肩接触连接，另一端延伸至大直径阀腔内与阀芯接触连接，大直径阀腔设径向工作通油口，大直径阀腔腔壁设径向工作通油口，小直径阀腔腔壁上设节流孔，当阀芯移动至大直径阀腔与中直径阀腔邻接处与该处的台肩接触时阀芯隔断中直径阀腔与大直径阀腔之间的直接通路。当发生连接管路爆裂时，能够确保液压油缸内的液压油缓慢流出，确保货物和操作者的安全。
102. 205534430 限流防爆阀
CN
31.08.2016
F16K 17/04 Loading...
F16K 17/04
Loading...
201620188599.0
柳州柳工液压件有限公司
朱庆轩
F16K 17/04
Loading...
本实用新型涉及限流防爆阀，为解决现有油缸连接管路爆裂而导致液压油缸内液压油不受控地外泄导致安全事故的问题，本实用新型构造一种限流防爆阀，包括阀体，在阀体内的阀腔呈阶梯孔状，其包括依次相连的小、中、大、三种直径的阀腔，在中直径阀腔设阀芯弹簧，在大直径阀腔内设阀芯，阀芯弹簧一端与小直径阀腔和中直径阀腔邻接处的台肩接触连接，另一端延伸至大直径阀腔内与阀芯接触连接，大直径阀腔设径向工作通油口，阀芯上设贯通阀芯的节流孔，当阀芯移动至大直径阀腔邻接中直径阀腔的端部与该处的台肩接触时阀芯上的节流孔连通中直径阀腔和大直径阀腔。当发生连接管路爆裂时，能够确保液压油缸内的液压油缓慢流出，确保货物和操作者的安全。
103. 205524213 单回路叉车液压制动系统
CN
31.08.2016
B60T 13/12 Loading...
B60T 13/12
Loading...
201620124466.7
柳州柳工叉车有限公司
袁小辉
B60T 13/12
Loading...
本实用新型涉及车辆制动系统，为现有全液压制动系统不适用不具有散热模块的鼓式制动器或钳式制动器的问题，本实用新型构造一种单回路叉车液压制动系统，包括液压泵、蓄能器、制动阀，还包括卸荷阀，液压泵的泵口与卸荷阀的工作进油口连通，卸荷阀的工作出油口同时与制动阀的工作进油口和蓄能器的进口连通，制动阀的工作出油口与所述制动器连通。在本实用新型中，液压泵作为动力元件，向液压制动系统提供油液，经过卸荷阀后进入蓄能器进行充液。制动阀控制制动系统输入压力，实现制动功能。当蓄能器压力低于卸荷阀下限值，卸荷阀的回油口关闭，开始向蓄能器充液；当蓄能器压力达到卸荷阀上限值，卸荷阀的回油口打开，实现液压泵低压回油。
104. 105889392 矿用自卸车悬挂缸
CN
24.08.2016
F16F 9/16 Loading...
F16F 9/16
Loading...
102016000342866
广西柳工机械股份有限公司
吴韦林
F16F 9/16
Loading...
本发明涉及矿用自卸车悬挂缸，为解决现有矿用自卸车悬挂缸对于车辆舒适性和车辆稳定性不能兼顾的问题；提供一种矿用自卸车悬挂缸，包括位于上部缸筒和位于下部的活塞组件，活塞组件由活塞和活塞杆组成，活塞组件将缸筒内腔分隔成无杆腔和有杆腔；活塞杆内设置有与有杆腔相通的内腔；内腔与有杆腔之间设置有连通两者的阻尼孔和从内腔向无杆腔单向导通的单向阀，在无杆腔内填充有油液和惰性气体；在无杆腔内顶部固定设置有气体刚度调节装置。本发明通过在无杆腔的顶部设置气体刚度调节装置，在设计制造时确定合适的气体刚度调节装置尺寸，从而调节悬挂缸内填充气体的刚度，解决车辆的舒适性和稳定性之间的矛盾。
105. 105886918 一种多元复合微合金化铸造斗齿及其制备方法
CN
24.08.2016
C22C 38/04 Loading...
C22C 38/04
Loading...
102016000379113
广西柳工机械股份有限公司
蒙秋红
C22C 38/04
Loading...
本发明涉及铸造斗齿，为解决现有合金钢铸造斗齿使用寿命较短，冲击韧性不高的问题；提供一种多元复合微合金化铸造斗齿，重量百分比：C：0.20～0.36％；Mn：1.00～1.60％；Si：0.80～1.60％；Cr：0.80～1.80％；Mo：0.10～0.50％；B：0.001～0.005％；Al：0.04～0.10％；Nb：0.02～0.06％；V：0.08～0.20％；余量为Fe及附带杂质，杂质中P不大于0.03％，S不大于0.03％；上述铸造斗齿，能满足不同应力工况使用要求，具有耐磨寿命长，抗拉强度高，冲击韧性好的特点，同时微合金化的运用减少合金元素的用量，使得生产成本降低。
106. 105889494 行星变速箱控制方法及控制系统
CN
24.08.2016
F16H 61/30 Loading...
F16H 61/30
Loading...
102016000351858
广西柳工机械股份有限公司
陈礼光
F16H 61/30
Loading...
本发明涉及变速控制，为解决现有行星变速箱换挡冲击大、操作舒适性差的问题；提供一种行星变速箱的控制方法，包括如下步骤：控制器判断变速操作阀的变速操作，当变速操作阀的变速操作是由空档向前进一档或向后退一档切换时，或者前进一档与后退一档之间切换时，控制器向发动机TSC发送信号，使发动机降低转速和扭矩。同时提供一种与之对应的行星变速箱控制系统。在本发明中变速操作由空档向前进一档或向后退一档切换时，或者前进一档与后退一档之间切换时，控制器向发动机TSC发送信号，使发动机降低转速和扭矩，保护变速箱离合器免受大载荷冲击，提高离合器质量，降低换档冲击，提高操作舒适性。
107. 104175836 车载空调蒸发器
CN
17.08.2016
B60H 1/00 Loading...
B60H 1/00
Loading...
102014000456136
广西柳工机械股份有限公司
莫绍军
B60H 1/00
Loading...
一种车载空调蒸发器，冷芯组件呈立式放置于蒸发器壳体下部，暖芯组件呈水平放置于冷芯组件上部，冷芯组件和暖芯组件分别放置于外气过滤器与回风过滤器之间，其中回风过滤器位于靠近驾驶室一侧的蒸发器壳体内侧，外气过滤器位于相对于驾驶室一侧的蒸发器壳体外侧；蒸发风机组件位于暖芯组件上部，其出风口朝向蒸发器壳体的风口；蒸发风机组件与蒸发器壳体的风口之间设置有导风组件，导风组件导风面倾斜为朝向风道走向一致的方位；其优点是该车载空调蒸发器采用倾斜式导风组件，减少风阻，提高出风量，提高了制冷与制热能力；冷芯出风不受暖芯阻挡，减小了风阻，增大了出风量；外气过滤器采用倾斜布置，延长了过滤器的使用寿命。
108. 205479666 先导阀手柄限位装置
CN
17.08.2016
F16K 35/06 Loading...
F16K 35/06
Loading...
201620049519.3
广西柳工机械股份有限公司
尚进新
F16K 35/06
Loading...
本实用新型公开了一种先导阀手柄限位装置，涉及工程机械技术领域，它包括支座和限位板，所述限位板设有卡接先导阀手柄的卡口，所述限位板通过锁紧件与所述支座连接。本实用新型解决了现有工程机械的快换装置存在一旦误操作先导阀的手柄，就会出现属具掉落危险的问题。
109. 205479509 带空挡信号的机械液力变速操纵阀
CN
17.08.2016
F16K 11/14 Loading...
F16K 11/14
Loading...
201620265135.5
广西柳工机械股份有限公司
陈继炯
F16K 11/14
Loading...
一种带空挡信号的机械液力变速操纵阀，包括阀体、弹簧、分配阀杆，在阀体固定有套住分配阀杆的压盖，所述压盖为带内腔的结构，设置有伸入压盖内腔用于检测分配阀杆位置的行程开关，所述分配阀杆为变径阀杆，在空挡位置，所述分配阀杆的直径变大处位于所述行程开关的控制范围，控制行程开关发出信号。其优点是应用于机械液力变速操纵阀时能实现空挡启动保护的功能。
110. 205475386 平地机操纵机构
CN
17.08.2016
E02F 3/84 Loading...
E02F 3/84
Loading...
201521012206.2
广西柳工机械股份有限公司
刘光喜
E02F 3/84
Loading...
一种平地机操纵机构，每一路的摇杆包括钢套、设置于钢套孔内的非金属轴套，钢套表面径向上设置有杆体和摇臂，非金属套内孔套接于水平设置的横轴形成摆动结构；在横轴下方设置有与横轴平行的固定轴，固定轴并排套接有径向设置有主动臂和被动臂的转换机构，其主动臂通过拉杆、关节轴承连接摇臂，其被动臂通过关节轴承与阀杆连接；转换机构孔内固定有第一非金属轴套。其优点是各独立摇杆距离相对集中，驾驶员的身体不需要进行较大的动作就能操作到各个摇杆，也可以同时操纵几个摇杆且各摇杆间相互不干扰。由于摇杆为增力机构与降摩擦设计，驾驶员在操纵时，操纵力度明显减小，降低驾驶员的操纵疲劳度，使得人机工程得以很好的体现。
111. 205446604 双涡轮液力变矩器涡轮组结构
CN
10.08.2016
F16H 41/22 Loading...
F16H 41/22
Loading...
201520732553.6
广西柳工机械股份有限公司
王松林
F16H 41/22
Loading...
一种双涡轮液力变矩器涡轮组结构，包括球轴承、涡轮毂、球轴承、涡轮罩、涡轮，在涡轮毂外圆面A和平面B之间设置有筋板，用以改善一级涡轮毂轴承位的受力；所述的筋板为沿圆周间隔设置或者沿圆周连续设置。其优点是在一级涡毂轴承壁上加筋板，使一级涡毂轴承壁由原来薄壁结构改为筋肋结构，其刚度加强，轴承孔不容易变形，轴承不容易松动，增强可靠性。当二级涡轮组件内花键的定位挡圈脱落失效后，二级涡轮组件仍能固定在一级涡毂上继续使用，提高双涡轮液力变矩器的可靠性。
112. 205444282 铲斗挡料器及装载机铲斗
CN
10.08.2016
E02F 9/00 Loading...
E02F 9/00
Loading...
201521054747.1
广西柳工机械股份有限公司
李贝
E02F 9/00
Loading...
本实用新型涉及铲斗部件，为解决现有铲斗挡料器与铲斗焊接不可拆卸的问题，本实用新型构造一种铲斗挡料器，包括下部呈“八”状的导料部和位于所述导料部顶部且左右两侧固定连接导料部的挡料部，其特征在于所述挡料的底部具有用于与装载机铲斗插接的插接部，所述导料部上设置有供安装螺栓穿过的安装孔。本实用新型中，铲斗挡料器可通过插接部和安装孔与安装螺栓与铲斗进行安装，在不需要铲斗挡料器的时候可将铲斗挡料器拆除，从而可降低铲斗的重量，同时又改善遮挡操作员视野。
113. 105804148 防止挖掘机倾翻控制方法及挖掘机
CN
27.07.2016
E02F 9/24 Loading...
E02F 9/24
Loading...
201610142540.2
柳州柳工挖掘机有限公司
韦赞洲
E02F 9/24
Loading...
本发明涉及挖掘机的控制，为解决现有挖掘机不能有效防止机器倾翻的问题；提供一种防止挖掘机倾翻控制方法，包括以下步骤：实时计算挖掘机的稳定力矩和倾覆力矩，依据稳定力矩与倾覆力矩计算稳定系数，当稳定系数小于预设值时，向后移动挖掘机配重直至稳定系数大于预设值，当稳定系数小于预设值且挖掘机配重向后移动至极限位置时通过报警单元发出倾覆危险警报。
114. 105799416 平地机后桥轮边结构
CN
27.07.2016
B60B 27/00 Loading...
B60B 27/00
Loading...
201610142590.0
广西柳工机械股份有限公司
孙威
B60B 27/00
Loading...
本发明涉及平地机后桥，为解决现有平地机后桥轮边结构复杂、可靠性低、维护困难问题；提供一种平地机后桥轮边结构，包括平衡箱，所述平衡箱的外侧固定安装有轮边支承，其特征在于还包括花键毂，所述花键毂由一体成型的轮毂部和转轴部构成，所述轮边支承的内侧端和外侧端对应设置有套装在所述转轴部上的内侧端轴承和外侧端轴承，所述转轴部的动力输入端穿过所述轮边支承伸入到所述的平衡箱内。本发明平地机后桥轮边结构中结构简单、可靠性高、容易维护的平地机后桥轮边结构。
115. 105805277 变速箱
CN
27.07.2016
F16H 57/021 Loading...
F16H 57/021
Loading...
201610244851.X
广西柳工机械股份有限公司
蒋仁科
F16H 57/021
Loading...
本发明涉及变速箱，为解决现有变速箱噪声大问题；提供一种变速箱，包括箱体，在箱体内设置有双涡轮变矩器和取力器，所述取力器包括分动齿轮和至少一个取力轴齿轮，每个所述取力轴齿轮的转轴两端通过轴承安装与所述箱体上，所述分动齿轮与所述双涡轮变矩器的泵轮固定连接，所述分动齿轮与所述取力轴齿轮采用斜齿圆柱齿轮啮合传动。在本发明中，分动齿轮与取力轴齿轮之间的斜齿轮副啮合产生的轴向力容易被轴向安装的部件如轴承、止动垫片等吸收，取力器斜齿轮传动啮合平稳、噪声小。
116. 104022238 电瓶组缓冲均热装置
CN
20.07.2016
H01M 2/10 Loading...
H01M 2/10
Loading...
102014000041692
柳州柳工叉车有限公司
邵以东
H01M 2/10
Loading...
本发明公开了一种电瓶组缓冲均热装置，涉及工程机械设备制造技术领域，它包括电瓶箱和由多个电瓶的电瓶组，在电瓶箱与电瓶组之间以及在电瓶与电瓶之间灌注具有密度比水大且导热系数比空气大的溶液。它可以解决电动叉车、混合动力工程机械中电瓶组震动脱落和温度升高造成失效而导致使用成本大的问题。
117. 103912037 挖掘机控制阀
CN
20.07.2016
E02F 9/22 Loading...
E02F 9/22
Loading...
102014000144570
柳州柳工液压件有限公司
王宜前
E02F 9/22
Loading...
一种挖掘机控制阀，通过采用一个泵为回转控制阀和推土铲控制阀供油，一个泵为其它控制阀供油，实现回转和动臂、斗杆、铲斗、左右行走动作的动作协调；通过负荷敏感控制阀控制动臂、斗杆、铲斗、左右行走执行机构，实现几种机构复合动作时的动作协调；通过设置合流单元实现两个泵的合流功能；通过合流单元上的具有卸荷功能的定差溢流阀，实现P2泵的低压卸荷或定差溢流，降低系统能耗。其优点是可解决节流型液压控制系统工作装置的协调性差及系统节能方面的缺陷和负载敏感控制阀响应相对较慢的问题、节流系统多工作装置复合动作差、能耗高以及系统响应慢等问题。
118. 105714873 挖掘机液压控制系统及控制方法
CN
29.06.2016
E02F 9/22 Loading...
E02F 9/22
Loading...
102016000088167
柳州柳工挖掘机有限公司
王茄任
E02F 9/22
Loading...
本发明涉及挖掘机液压控制，为解决现有挖掘机液压控制模式由人工控制切换问题；提供一种挖掘机液压控制系统，包括控制器、压力传感器、流量控制装置，流量控制装置的电控端与控制器连接；控制器内预设主泵压力预设值和先导压力预设值；本发明通过检测相关液压油的参数进行判断机器处于平地工况还是处于挖掘工况工况，自动在两种工作工况模式下进行切换，在提高机器的工作效率的前提下，还降低操作手的工作强度。
119. 105711652 扭杆助力式翻转机构
CN
29.06.2016
B62D 25/12 Loading...
B62D 25/12
Loading...
201610054489.X
广西柳工机械股份有限公司
米晨雷
B62D 25/12
Loading...
本发明涉及扭杆助力式翻转机构，为解决扭杆翻转机构翻转时翻转力矩大造成不易关闭问题；提供一种扭杆助力式翻转机构，包括基座、铰接在基座上的翻转件，所述基座上设置有扭杆，扭杆与所述翻转件的转动轴心相互平行，扭杆的一端与基座固定连接，另一端是相对基座转动的转动端，转动端固定连接有力臂杆；另外包括连接杆，连接杆的一端与力臂杆铰接，另一端与翻转件铰接。本发明扭杆翻转机构中基座、力臂杆、连接杆、翻转件构成四连杆机构，在打开机罩的翻转过程中能够提高机罩打开翻转过程中翻转后期的力矩；而在关闭机罩的翻转过程的后期减少扭杆对翻转件的力矩，从而减少关闭发动机罩需要使用的拉力，使发动机罩容易关闭。
120. 105715590 卸荷阀及装载机变速液压系统
CN
29.06.2016
F15B 1/02 Loading...
F15B 1/02
Loading...
102016000155454
广西柳工机械股份有限公司
莫雄超
F15B 1/02
Loading...
本发明涉及装载机变速液压系统，为解决装载机变速液压系统具有溢流损失、存在换挡冲击、换挡延迟的等问题；提供一种装载机变速液压系统，包括变速泵进油口与变速箱油体壳连接，出油口连接卸荷阀的EF油口，卸荷阀的PW油口与变速操纵阀的进油口连接，蓄能器连接在卸荷阀的PW油口与变速操纵阀的进油口之间的连接油路上，卸荷阀的T油口经变矩器、背压阀与变速箱油体壳连接。在该技术方案中，变速泵在此过程中的工作压力大概为0.2～0.5MPa，低于传统变速液压系统的溢流压力值，节能效果非常明显。蓄能器可快速向变速操纵阀提供压力油，有效解决换挡延迟的问题。蓄能器可吸收换挡时管路内部的压力波动，有效改善换挡冲击的问题。
121. 104295543 混合动力工程机械复合动作控制方法
CN
29.06.2016
F15B 11/08 Loading...
F15B 11/08
Loading...
102014000454160
柳州柳工挖掘机有限公司
韦赞洲
F15B 11/08
Loading...
本发明公开了一种混合动力工程机械复合动作控制方法，属工程机械技术领域，该方法采用驱动工作装置回转运动的电机和驱动工作装置升降运动的液压系统；在混合动力工程机械复合动作时，通过回转操作手柄的位移行程输入给总控制器目标转速的控制信号和通过升降操作手柄位移行程建立起相应的先导压力并调节决定升降的阀芯开度，同时将速度传感器和压力传感器检测到的信号传递给总控制器；总控制器根据传感器的实时信息推算出两位三通控制阀与电磁节流阀电控端的电流值，并将此电流信号传递到两位三通控制阀与电磁节流阀的电控端，与主阀阀芯共同实时调节主油路流量，控制油缸的动作速度与电机的转速相协调。
122. 205345062 工程机械用发动机罩
CN
29.06.2016
B62D 25/12 Loading...
B62D 25/12
Loading...
202015000844045
广西柳工机械股份有限公司
谭明锋
B62D 25/12
Loading...
本实用新型涉及工程机械用发动机罩，为解决现有发动机罩重量大、韧性不足、内部结构复杂等缺点，本实用新型公开构造一种工程机械用发动机罩，包括骨架、以及安装在骨架上的左翼板、右翼板和上盖板，其特征在于所述骨架包括开口朝前的U字形骨架主体，所述骨架主体由钢管弯曲构成，其后部是向下折弯构成竖直段，前部为水平段，所述水平段呈阶梯状且水平段前部低于后部。本实用新型中的发动机罩骨架成折弯的U形结构，用于增强后罩顶部结构，在极大的简化骨架结构的同时也为后罩内部节省了很多的空间。
123. 205349572 空气滤清器与出气接头的连接结构
CN
29.06.2016
F02M 35/02 Loading...
F02M 35/02
Loading...
202015001038845
柳州柳工挖掘机有限公司
林深才
F02M 35/02
Loading...
本实用新型涉及空气滤清器与出气接头的连接结构，为解决现有空气滤清器与出气接头之间不可转动的问题，本实用新型构造一种空气滤清器与出气接头的连接结构，空气滤清器的接头安装部与出气接头的接头连接部之间具有密封圈和锁紧机构，锁紧机构包括设置在接头连接部的外圆周面上的凹槽、设置在接头安装部的筒壁上通孔、通孔内的滚珠、套设在接头安装部的外侧的套筒。在本实用新型中，套筒移动使得锁紧机构解锁，套筒复位使滚珠的部分球面嵌入到接头连接部上凹槽中，从而将出气接头与空气滤清器连接锁定，锁定后出气接头可相对空气滤清器进行任意角度的旋转，从而方便通气软管的连接安装，同时能够确保连接处的密封性。
124. 105696638 装载机抖料装置
CN
22.06.2016
E02F 3/42 Loading...
E02F 3/42
Loading...
201610042918.1
广西柳工机械股份有限公司
付莹
E02F 3/42
Loading...
本发明公开了一种装载机抖料装置，属工程机械技术领域，该装载机包括有驱动装载机铲斗的转斗油缸，转斗油缸通过第一换向阀与主泵相连通，第一换向阀的控制端分别与控制手柄的转斗先导油出口相连通，控制手柄的进油口通过第一电磁阀与先导油泵相连通，转斗油缸与第一换向阀之间的油路上串接有电磁换向阀，控制手柄的进油口与第一电磁阀之间的油路上串接有第二电磁阀，第二电磁阀具有两个出油口，第二电磁阀的第二出油口与第一换向阀的控制端通过第三电磁阀相连通；电磁换向阀、第一电磁阀、第二电磁阀均与控制器电连接；本发明可以解决装载机铲斗工作时很容易附着泥土影响工作效率的问题。
125. 105697828 液控单向阀
CN
22.06.2016
F16K 15/18 Loading...
F16K 15/18
Loading...
201610138013.4
柳州柳工液压件有限公司
朱庆轩
F16K 15/18
Loading...
本发明涉及液控单向阀，为解决现有液控单向阀开度不能微调控制的问题；提供一种液控单向阀，在阀体上设V2、C2油口，内设主阀芯、先导阀芯、复位弹簧、轴向滑动的弹簧座、调压弹簧、调节调压弹簧预紧弹力的螺旋调节结构，主阀芯左侧的S2腔经第一油道与C2油口连通，先导阀芯为阶梯轴左端的直径小于右端的直径，在先导阀芯的阶梯位与S4腔内，S4腔与先导控制油口连通，先导阀芯小直径轴与主阀芯右端盲孔配合，先导阀芯与弹簧座之间为S5腔，S5腔与回油口连通；复位弹簧位于S5腔内；先导阀芯内设有通孔作为连通主阀芯盲孔与S2腔的泄压油道。本发明单向阀可正反向开启，同时还可实现流量微调控制。
126. 105698851 工程机械散热系统监测系统及监测方法
CN
22.06.2016
G01D 21/02 Loading...
G01D 21/02
Loading...
201610058176.1
广西柳工机械股份有限公司
徐舰波
G01D 21/02
Loading...
本发明涉及工程机械散热系统，为解决现有工程机械散热系统没有监测的问题；提供一种工程机械散热系统监测系统，包括控制处理单元、用户面板、参数检测单元；参数检测单元包括用于冷却液流量的流量检测装置、散热器入口和出口处的温度传感器、风扇转速传感器、冷却空气参数检测装置；控制单元依据冷却液入口和出口温差和冷却液流量计算散热器实时换热量、依据风扇转速和环境空气参数得出散热器的理想换热量；将散热器的实时换热量与理想换热量进行对比并在用户面板上显示。本发明解决了散热系统监测系统及监测方法，对工程机械散热系统的散热效率进行监控，当散热系统堵塞严重时，提示用户对散热器进行清理，从而保障工程机械稳定正常作业。
127. 105650048 先导控制阀组
CN
08.06.2016
F15B 13/02 Loading...
F15B 13/02
Loading...
201610123047.6
柳州柳工液压件有限公司
李固
F15B 13/02
Loading...
本发明公开了一种先导控制阀组，属工程机械技术领域，该先导控制阀组包括集成的多个电磁换向阀和分别与这些电磁换向阀相应的主进油口和多个分进油口、多个出油口和至少两个回油口；这些电磁换向阀中的一个通过它的油口中的两个与主溢流阀并联后连接在所述主进油口与一个回油口之间，它的另一油口与另一个回油口相连通；其余的电磁换向阀均通过其油口中的一个与另一个回油口相连通，他们的其余油口分别与相应的分进油口和出油口相连通；液压系统卸压时，主溢流阀的回油从一个回油口回油箱，电磁换向阀的回油从另一个回油口回油箱，使主进油口处于低压力。本发明可以解决油压卸荷不完全存在安全隐患的问题。
128. 105620444 叉车手刹
CN
01.06.2016
B60T 7/08 Loading...
B60T 7/08
Loading...
201610081566.0
柳州柳工叉车有限公司
袁小辉
B60T 7/08
Loading...
本发明公开了一种叉车手刹，涉及叉车制造技术领域，包括通过第一销轴与手刹支座铰接的手柄，连接软轴的连接板，所述手柄内穿装有顶杆，所述顶杆通过拨齿和第二销轴铰接在拉杆的一端，所述拉杆另一端通过第三销轴装在所述手刹支座的导向孔内；所述第三销轴通过穿过其轴体的调节螺栓与所述连接板连接，在所述调节螺栓螺栓头与所述连接板之间设有弹簧；在所述第一销轴上装有带定位斜面的卡位板，所述拨齿设有拔齿部，当所述手柄绕所述第一销轴旋转至所述第二销轴、所述第一销轴和所述第三销轴的连线为一条直线时，所述拨齿的拔齿部与所述卡位板的定位斜面相抵接。较之现有技术，本发明可以解决现有叉车手刹大和安全性差的问题。
129. 105620438 叉车驱动桥
CN
01.06.2016
B60T 1/06 Loading...
B60T 1/06
Loading...
201610088941.4
柳州柳工叉车有限公司
袁小辉
B60T 1/06
Loading...
本发明涉及叉车驱动桥，为解决现有停车制动器锁止轮边，手刹力过大导致操控以及安全性能差的问题；提供一种叉车驱动桥，在驱动桥的两端各具有行车制动装置，其特征在于还包括停车制动装置，所述停车制动装置包括停车制动盘和与停车制动盘配对使用的钳式停车制动器，所述停车制动盘固定安装在驱动桥的动力输入轴上，所述钳式停车制动器固定安装在驱动桥的动力输入端的桥壳上。在本发明中，叉车驱动桥上都设置有主减速器或主减速器加轮边减速器两种形式，由于主减的传动比，使得输入轴的阻力矩减小，从而降低了手刹力，提高了人体舒适性。行车制动与停车制动分开，提高系统的可靠性及安全性能。浮动钳式制动器结构简单，易维护。
130. 104153419 功率控制阀及装载机定变量液压系统
CN
25.05.2016
E02F 9/22 Loading...
E02F 9/22
Loading...
201410349567.X
广西柳工机械股份有限公司
梁振国
E02F 9/22
Loading...
本发明涉及装载机定变量液压系统，为解决现有装载机定变量液压系统中变量泵输入功率占比大的缺点，本发明公开功率控制阀，在阀体内第一腔与PLS口连通且作用于主阀芯的右端，主阀芯的左端设阀芯弹簧，阀套套设在主阀芯上，第二腔与P1口连通且作用于阀套右端，第三腔与P口连通且作用于阀套的左端，阀套弹簧向阀套提供向左的弹力，主阀芯和阀套上设有连通第三腔与T口的泄油通道，当主阀芯相对阀套向左移动时泄油通道导通，当阀套相对主阀芯向左移动时泄油通道减小或关闭。本发明中阀套与主阀芯组成随动机构，实现该功率控制阀在装载机定变量液压系统对变量泵的输入功率进行控制，避免功率输入占比过大。
131. 205265658 开关信号输入电路
CN
25.05.2016
H03K 19/0175 Loading...
H03K 19/0175
Loading...
201521020092.6
广西柳工机械股份有限公司
孙金泉
H03K 19/0175
Loading...
本实用新型涉及开关信号输入电路，为解决现有开关信号输入电路中高低电平兼容的问题，构造一种开关信号输入电路，包括电阻R1、R2、R3、R6和三极管Q1、Q2以及二极管D1，IN端是输入端、OUT端为输出端、Vcc端是电源接入端、G端是接地端，Q1、Q2的发射极均与G端连接，所述R2连接在Q2的集电极与Vcc端之间，OUT端设置在R2与Q2的集电极之间，所述R3、R6串接在IN端与G端之间，Q1的基极连接在R3、R6之间，所述R1、D1依次串接在Vcc端与IN端之间，所述Q1的集电极和Q2的基极连接在所述R1、D1之间。本实用新型可兼容高低电平输入兼容的问题。
132. 105605014 挖掘机属具液压控制系统
CN
25.05.2016
F15B 13/02 Loading...
F15B 13/02
Loading...
201610102894.4
柳州柳工挖掘机有限公司
刘建
F15B 13/02
Loading...
本发明涉及液压控制系统，为现有挖掘机属具液压控制系统手动球阀切换容易造成错误操作的问题；提供一种挖掘机属具液压控制系统，属具控制阀连接有用于连接属具的左管路和右管路；第一电磁换向阀的电控端与控制器连接，进油口与先导油源连接，回油口与液压油箱连接，出油口同时与截止溢流阀和两位三通换向阀的液控端连接，出油口与进油口或回油口择一导通；截止溢流阀的进油口与左管路连接，出油口与所述液压油箱连接；两位三通换向阀的进油口和出油口串接在右管路上，回油口与液压油箱连接，出油口与进油口或回油口择一导通。在本发明中，控制仪表供操作者操作选择向控制器输入相关指令，使该属具液压控制系统工作于双向或单向模式。
133. 105588669 一种轴销式三向测力传感器
CN
18.05.2016
G01L 1/22 Loading...
G01L 1/22
Loading...
201510918130.8
广西柳工机械股份有限公司
向上升
G01L 1/22
Loading...
本发明公开了一种轴销式三向测力传感器，能测出轴销的径向力Fn和轴向力Fz，包括轴销弹性元件、至少20片应变片和辅助电路。应变片分5组，每组应变片按要求布置在同一轴向横截面的具有相同半径的轴销外表面或内孔表面。当轴销承受径向力和轴向力，应变片产生的应变信号通过辅助电路以电信号形式输出，通过电信号就能求解出轴销的三向力。本发明的轴销三向测力传感器实现了轴向预应力装配，能检测轴销的径向力和轴向力，解决现有轴销式力传感器不能检测轴销三向力的难题。
134. 105569111 挖掘机液压系统
CN
11.05.2016
E02F 9/22 Loading...
E02F 9/22
Loading...
201510952389.4
柳州柳工挖掘机有限公司
蒋云东
E02F 9/22
Loading...
本发明涉及液压挖掘机，为解决液压挖掘机一旦出现动力故障而无法动弹可能影响施工的问题；提供一种挖掘机液压系统，包括挖掘机的自身高压油源、自身先导油源、自身油箱、先导阀组、主控阀、液压执行元件，在主控阀与自身高压油源之间增设油源选择阀，并在油源选择阀上连接引入外部高压油源的接头，在先导油源与先导阀之间设梭阀并通过梭阀接引用外部先导油源的接头，在主控阀与自身油箱之间接截止阀并连接与外部油箱连接的接头。在挖掘机出现动力故障无法动弹时接入外部油源使得挖掘机能够动作移动而离开施工现场，从而避免因故障机无法移动而影响施工的问题。
135. 105484305 平地机后桥平衡箱
CN
13.04.2016
E02F 3/80 Loading...
E02F 3/80
Loading...
201510912986.4
广西柳工机械股份有限公司
卢再毅
E02F 3/80
Loading...
本发明公开了一种平地机后桥平衡箱，涉及平地机制造技术领域，包括侧围板及分别设在该侧围板两侧的内侧板和外侧板，在所述内侧板设有输入轴安装孔，所述外侧板上设有与内侧板输入轴安装孔相对应的装配工艺孔及位于所述装配工艺孔两侧的输出轴安装孔，在所述外侧板与所述内侧板之间设有定位件，在所述内侧板上设有与所述外侧板相连接的加强板。较之现有技术，本发明可以解决现有平地机后桥平衡箱刚性不足易变形问题，实现对平地机后桥平衡箱的轻量优化设计，降低制造成本。
136. 205133044 装载机货叉斗与货叉连接机构
CN
06.04.2016
B66F 9/06 Loading...
B66F 9/06
Loading...
201520809741.4
广西柳工机械股份有限公司
闫位杰
B66F 9/06
Loading...
本实用新型涉及装载机货叉斗与货叉连接机构，为解决现有装载机货叉斗与货叉连接机构结构复杂、装配困难的缺点，本实用新型公开构造一种装载机货叉斗与货叉连接机构，包括货叉斗和货叉，所述货叉斗底部设有供货叉叉齿插入的齿槽，所述齿槽上设置锁紧所述叉齿的锁紧机构，所述锁紧机构包括设置在所述齿槽侧壁上的螺纹孔和设置在螺纹孔内用于与所述叉齿侧面紧密接触的锁紧螺栓。本实用新型中，货叉与货叉斗通过两侧的螺栓连接，拆换斗时方便快捷。本结构的固定位置处叉齿体上的多组沉孔，可降低制造装配精度要求，实现低成本制造。通过加装防松螺母，防止货叉斗和货叉在工作当中的松动。
137. 205135758 工程机械用尿素罐
CN
06.04.2016
F01N 3/28 Loading...
F01N 3/28
Loading...
201520809609.3
广西柳工机械股份有限公司
张景超
F01N 3/28
Loading...
本实用新型涉及工程机械用尿素罐，为解决现有尿素罐在整机上布置的局限性以及尿素溶液加注的困难性，本实用新型公开一种工程机械用尿素罐，包括罐体和加注适配器，另外还包括加注延长管，所述加注延长管为胶管，其一端与尿素罐罐体上的加注口固定连接，另一端与所述加注适配器固定连接，在加注适配器上连接有对所述加注适配器进行固定用的安装板。本实用新型中，通过在罐体与加注适配器之间设置加注延长管，从而克服尿素罐在整机上安装空间的局限性，通过加注延长管，可将加注适配器安装在方便加注的位置，从而为向尿素罐中加注尿素溶液提供便利。
138. 205134408 抱叉下叉齿
CN
06.04.2016
E02F 9/00 Loading...
E02F 9/00
Loading...
201520810005.0
广西柳工机械股份有限公司
闫位杰
E02F 9/00
Loading...
本实用新型涉及抱叉下叉齿，为解决现有下叉齿的齿尖结构复杂难成型、与齿体焊接容易开裂的缺点，本实用新型公开构造一种抱叉下叉齿，包括齿体，在齿体的前端焊接由齿尖，所述齿尖包括自下而上焊接在一起的下盖板、垫板、上盖板。本实用新型中，下叉齿的齿尖由三个零件焊接构成，三个零件的结构都较为简单，容易开发加工，同时上盖板和下盖板为耐磨材料制成，从而使得齿尖具有良好的耐磨性。
139. 105443491 叉车起升油缸
CN
30.03.2016
F15B 15/14 Loading...
F15B 15/14
Loading...
201510883738.1
柳州柳工液压件有限公司
祝晓丽
F15B 15/14
Loading...
本发明涉及液压油缸，为解决叉车起升油缸上下缓冲的问题；提供叉车起升油缸，包括缸体和活塞组件，活塞组件上设置有连通有杆腔和无杆腔的腔间油路和始终连通有杆腔和腔间油路的上缓冲油路，在有杆腔内靠近缸盖的位置设置有上缓冲套，所述活塞移动至缸盖位置附近时所述上缓冲套封闭腔间油路位于有杆腔内的出口；在无杆腔内设置有呈筒状的缓冲柱塞，所述活塞移动至缸头附近位置时所述缓冲柱塞插套在所述腔间油路位于无杆腔内的出口中，所述进出油道通过缓冲柱塞与所述腔间油路连通，缓冲柱塞外侧面具有连通腔间油路无杆腔的缓冲间隙。在本发明中，解决了起升油缸在快速上升过程中，因活塞与缸盖碰撞而造成的噪音与油缸寿命下降等问题。
140. 105438285 履带式挖掘机
CN
30.03.2016
B62D 49/00 Loading...
B62D 49/00
Loading...
201510907546.X
柳州柳工挖掘机有限公司
卢世能
B62D 49/00
Loading...
本发明涉及履带式挖掘机，为解决现有挖掘机拖拉设施设置不合理造成使用不方便，拖拉阻力大的问题；本发明公开一种履带式挖掘机，包括拖拉装置，拖拉装置包括主梁，主梁的一端与下车架连接，另一端设挂钩，在主梁的中部设有向两侧伸出的支腿，支腿的末端各自与两侧的履带架固定连接。在本发明中，拖拉装置通过其自身的主梁以及支腿设置在两履带架之间的空间的上方，所处空间位置大，且离地间隙高，方便进行与被拖拉物品的连接操作；拖拉装置的主梁与下车架连接，强度高，可进行拖拉物品的重量大，同时拖拉装置的离地间隙较高，拖拉物品时可将被拖拉物品的前端抬起，减小被拖拉物品前进的阻力。
141. 205117930 挡圈防脱装置
CN
30.03.2016
F16B 21/18 Loading...
F16B 21/18
Loading...
201520557517.0
广西柳工机械股份有限公司
雷江泉
F16B 21/18
Loading...
一种挡圈防脱装置，包括孔或轴、挡圈、被定位零件，被定位零件与挡圈的接触面设有台阶，台阶的A面与挡圈的轴向限位面接触，形成对被定位零件的轴向限位；台阶的B面与挡圈的内孔形成间隙配合，形成对挡圈的径向限位；采用上述技术方案，挡圈为被定位零件提供轴向定位，被定位零件为挡圈提供径向定位，使两者形成一个相互耦合的装配结构。其优点是挡圈与被定位零件相互耦合装配，即能实现被定位零件的轴向限位，又能实现挡圈的径向限位，防止挡圈在工作过程中脱落，挡圈外形结构简单，加工制造方便。
142. 105402182 负荷传感多路换向阀及装载机液压控制系统
CN
16.03.2016
F15B 13/02 Loading...
F15B 13/02
Loading...
201510905706.7
广西柳工机械股份有限公司
初长祥
F15B 13/02
Loading...
本发明涉及液压元件，为解决负荷传感多路换向阀结构复杂、成本高的问题；提供一种负荷传感多路换向阀，包括第一换向单元和第二换向单元，在第一换向单元、第二换向单元和换向阀进油口P口之间装有压力补偿器、阀前补偿阀和流量控制阀；所述第一换向单元的负载信号输出口与梭阀的一个进油口相接，所述第二换向单元的负载信号输出口与梭阀的另一进油口相接，所述梭阀的出油口与负载信号输出LS口、阀前补偿阀的LS控制口、压力补偿器的LS控制口相接；所述流量控制阀的液控端与外控K口连通。本发明结构简单、成本低。
143. 105402184 单向节流阀及先导控制油路
CN
16.03.2016
F15B 13/02 Loading...
F15B 13/02
Loading...
201511024950.9
柳州柳工挖掘机有限公司
邢树鑫
F15B 13/02
Loading...
本发明涉及先导控制油路，为解决先导控制油路中节流阀常因液压油低温而发生堵塞的问题；提供一种单向节流阀，包括阀体，所述阀体内设置有并联的单向阀和节流阀，在阀体上设置有流体热源介质入口和流体热源介质出口，在阀体内设置有从流体热源介质入口至流体热源介质出口的流道。在先导控制油路中，单向节流阀连接在先导阀和主阀的液控端之间，单向节流阀的流体热源介质入口和流体热源介质出口通过管路与流体热源连接形成循环回路。本发明中单向节流阀可借助机器上的流体热源对阀体进行加热，从而对单向节流阀中液压油进行加热，可避免单向节流阀中液压油的温度过低而造成节流阀的堵塞，从而改善机器在极端寒冷地带作业的先导控制问题。
144. 205086674 工程机械燃油箱
CN
16.03.2016
B60K 15/063 Loading...
B60K 15/063
Loading...
201520700011.0
广西柳工机械股份有限公司
孙立州
B60K 15/063
Loading...
本实用新型涉及工程机械燃油箱，为解决在整机布置中燃油箱容量不足的问题，本实用新型公开一种工程机械燃油箱，包括主油箱，所述主油箱上设置有吸油装置，另外还包括副油箱，所述副油箱上设置有副油箱加注口，其最底面位置要高于主油箱上水平面；所述副油箱与主油箱通过油管连接，在油管上设置有控制阀。在本实用新型工程机械燃油箱中，当主油箱的燃油因机器消耗降低后，可以打开控制阀，副油箱内的燃油在其重力的作用下流进主油箱，对主油箱进行补充。本实用新型的工程机械燃油箱中，由于副油箱与主油箱是通过油管连接，其安装位置的选择性较多，能够突破规则外观与有限安装空间的限制，实现在具有规则外形的前提下满足容量要求。
145. 205088727 分体式装载机抱叉
CN
16.03.2016
E02F 9/00 Loading...
E02F 9/00
Loading...
201520722182.3
广西柳工机械股份有限公司
覃忠添
E02F 9/00
Loading...
本实用新型涉及装载机用抱叉，为解决现有装载机抱叉工况适应性差的缺点，本实用新型构造一种分体式装载机抱叉，包括下叉体、上叉齿、液压油缸，所述下叉体包括下叉座和可拆卸固定连接在下叉座上的下叉齿，所述上叉齿铰接在所述下叉座的顶部，所述上叉齿的后端与所述液压油缸的一端铰接，所述液压油缸的另外一端与下叉座铰接。在本实用新型中，下叉齿可以方便更换，以便能够适应不同工况，而且在本是实用新型中仅更换下叉齿，而作为抱叉的主体部分（上叉齿、齿座、液压油缸等）不更换，下叉齿相当于下叉体的齿尖部分，质量小，比较容易更换。
146. 205088728 可改善视野的落料防护装置
CN
16.03.2016
E02F 9/00 Loading...
E02F 9/00
Loading...
201520725002.7
广西柳工机械股份有限公司
卢其新
E02F 9/00
Loading...
一种可改善视野的落料防护装置，在装载机铲斗的背板采用滑动连接结构连接可沿铲斗背板上方伸出或者回缩的防护挡板装置，所述防护挡板装置与装载机部件之间连接有举升机构，由举升机构带动防护挡板装置伸出或者回缩；滑动连接结构包括固定于防护挡板装置的导轨、固定于铲斗背板的滑块，滑块与导轨配合连接成滑动连接结构；所述举升机构的固定端固定于铲斗侧板，活动端固定于防护挡板装置；其优点是防护挡板装置可以根据需要伸出或者回缩，可使铲斗更能适应各种作业工况，又能提高操作设备的安全性，举升机构控制箱可安装于驾驶室控制箱内，操作按钮安装于控制箱上，方便操作。
147. 205091025 油箱油位检测系统
CN
16.03.2016
G01F 23/24 Loading...
G01F 23/24
Loading...
201520688901.4
广西柳工机械股份有限公司
李劼
G01F 23/24
Loading...
本实用新型涉及油箱油位检测系统，为解决现有大深度油箱油位检测需要多根干簧管液位传感器拼接而造成可靠性降低的问题，本实用新型公开一种油箱油位检测系统，包括油箱、油位显示装置、干簧管油位传感器，干簧管油位传感器与油位显示装置连接，另外包括至少一个液位感应开关，液位感应开关与油位显示装置连接，液位感应开关和干簧管油位传感器在竖直方向上间隔安装在所述油箱内。本实用新型可使用普通长度的干簧管油位传感器且在不进行多根干簧管拼接的前提下满足大深度油箱的油位探测显示，并且保证油位传感器的可靠性。
148. 105347259 穿轴式货叉工作装置
CN
24.02.2016
B66F 9/12 Loading...
B66F 9/12
Loading...
201510796771.0
广西柳工机械股份有限公司
区思榜
B66F 9/12
Loading...
本发明涉及货叉工作装置，为解决现有货叉工作装置容易失效的问题；提供一种穿轴式货叉工作装置，包括货叉和托架，托架上部的前侧面上固定设置有左右走向的圆柱形大轴，货叉垂直段的顶部设置有供大轴穿过的圆孔，托架上设置有若干个对大轴进行悬挂支撑的可移动式悬挂支撑部件，悬挂支撑部件的一端与大轴连接，另一端可拆卸式连接于托架的顶部。在本发明中，除托架上三个用于固定大轴的大轴固定块之外，还设置有若干个悬挂支撑部件，将大轴与托架连接，悬挂支撑部件可以通过拆卸而在大轴上移动，从而不影响货叉位置的调节，增加的悬挂支撑部件对大轴起到悬挂支撑作用，从而增加了大轴的支撑点，其成本增加少，性能却更胜一筹；操作性灵活、快捷。
149. 105347258 挂钩式货叉工作装置
CN
24.02.2016
B66F 9/12 Loading...
B66F 9/12
Loading...
201510794908.9
广西柳工机械股份有限公司
区思榜
B66F 9/12
Loading...
本发明涉及货叉工作装置，为解决现有货叉工作装置容易失效的问题；提供一种挂钩式货叉工作装置，包括货叉和托架，托架上部的前侧面上固定设置有左右走向的圆柱形大轴，货叉垂直段顶部设置与货叉一体的弯曲挂钩，在托架上位于大轴的下方固定设有若干个支撑块，支撑块在左右方向上间隔排布，支撑块焊接在托架上，其顶部与大轴的下表面接触连接。在本发明中，货叉为挂钩式，方便拆卸，货叉垂直段顶部的挂钩与货叉垂直段为一体弯曲结构，不存在焊缝开裂的缺陷，另外大轴下方具有支撑块，将增多大轴的支撑点，由原来的二个支撑点，分成多个支撑点，减小支撑点的间距，相当于把长大轴变成了短大轴，大轴的挠性变形迅速变小。
150. 105333034 制动夹钳用摩擦片导向机构
CN
17.02.2016
F16D 65/09 Loading...
F16D 65/09
Loading...
201510826991.3
广西柳工机械股份有限公司
杨浩
F16D 65/09
Loading...
本发明涉及夹钳式制动器，为解决扇面的弧度增大而导致竖直方向上摩擦片导向孔下部的限位尺寸减少的问题；提供一种制动夹钳用摩擦片导向机构，包括钳体和摩擦片，所述摩擦片呈扇环形，在钳体上设置有导向销轴，所述摩擦片的两端部均设置有半圆形的导向凹槽，所述导向销轴嵌入在所述导向凹槽内，所述扇环形摩擦片的圆心为A点，所述半圆形导向凹槽的圆心为B点，所述扇环形摩擦片的端部具有凸出直线AB的内侧限位部。在本发明中，由于有凸出直线AB的内侧限位部，随着摩擦片α角度的增加，在半圆形导向凹槽的下方仍具有较大尺寸的限位部，从而可防止随着大α角度的摩擦片从连个导向销轴之间脱落。
151. 105317601 带集油装置的燃油箱
CN
10.02.2016
F02M 37/00 Loading...
F02M 37/00
Loading...
201510677913.1
广西柳工机械股份有限公司
张碧荣
F02M 37/00
Loading...
本发明涉及燃油箱，为解决现有燃油箱集油装置集油效果差的缺点，本发明公开一种带集油装置的燃油箱，包括箱体，在箱体内底部设有吸油管，集油装置包括在箱体内的底板上竖直向上的围板，围板在箱体底板上围成一个集油容腔，围板在水平方向设有贴近箱体底板且连通集油容腔内外的集油通道，集油通道的两端分别位于吸油管的吸油口的前方和后方，该油箱集油装置还包括倒置固定在箱体内的集油罐，集油罐的罐口位于集油容腔的底部，吸油管的吸油口位于集油罐内且位于略低于集油罐的罐口的位置，集油罐的顶部设有向罐体外部单向排气的排气装置。本发明燃油箱，吸油管的吸油口位置处的液面稳定，提高设备操作安全性，且燃油箱的容积利用率高。
152. 105317520 散热系统
CN
10.02.2016
F01P 5/02 Loading...
F01P 5/02
Loading...
201510788603.7
柳州柳工挖掘机有限公司
俞松松
F01P 5/02
Loading...
本发明涉及散热系统，为解决现有散热系统效率低、噪声大的问题；提供一种散热系统，该系统包括涡轮增压装置、箱体、散热器、第一喷射器，箱体的一个侧面为敞口，散热器安装在箱体内，其出风面正对箱体的敞口，散热器四周边与箱体侧壁之间密封，第一喷射器安装在散热器进风侧，喷嘴正对散热器的进风面，第一喷射器经管路与涡轮增压装置连接，涡轮增压装置鼓动的空气经管路从第一喷射器喷出，箱体位于散热器进风侧的壁板上具有供箱体外部空气进入到箱体内的进风口。喷射器喷向散热器的高速气流带入周围空气一并通过散热器，提高风量，喷射器和涡轮增压装置之间由管路连接，将涡轮增压装置安装在机器的其他空间充足部位，从而可突破空间限制。
153. 105299171 液力变矩器泵轮
CN
03.02.2016
F16H 41/24 Loading...
F16H 41/24
Loading...
201510699476.3
广西柳工机械股份有限公司
王松林
F16H 41/24
Loading...
本发明涉及液力变矩器泵轮，为解决现有液力变矩器泵轮制造成本和难度高的缺点，本发明公开一种液力变矩器泵轮，包括外环、内环、若干个泵轮叶片，泵轮叶片间隔周向均布固定在内环与外环之间，另外还包括外环罩，每个泵轮叶片的外环边沿设置有至少一个外环插接部，外环上设置有供外环插接部穿插的外环穿透槽孔，外环插接部插接在外环穿透槽孔内与外环固定连接，外环罩固定设置在外环的外侧面上且密封包覆外环的外侧面。在本发明中，外环设通透槽孔实现泵轮叶片与外环的固定连接，解决泵轮外环冲压成型难、泵轮叶片与外环焊接工艺复杂、生产效率低、生产成本高的问题；外环罩包覆在外环的外侧，对外环上所有通透插孔进行密封，实现液力密封。
154. 105297814 驾驶室钢结构框架
CN
03.02.2016
E02F 9/16 Loading...
E02F 9/16
Loading...
201510677912.7
广西柳工机械股份有限公司
黎俊宏
E02F 9/16
Loading...
本发明涉及驾驶室钢结构框架，为解决现有驾驶室钢结构框架影响司机视野的缺点，本发明公开一种驾驶室钢结构框架，包括立柱和梁，立柱由左前立柱、右前立柱、左中立柱、右中立柱和后立柱组成，相邻两立柱在其上下两端通过梁固定连接，前四根柱呈等腰梯形排布，前部两根立柱之间的距离小于中部两根立柱之间的距离，后三根立柱呈等腰梯形排布设置。本发明中，左前立柱和右前立柱向内侧收缩，将驾驶室底部遮挡工作装置的面积减小，从而改善驾驶室前方操作视野。单根后立柱布置在驾驶室正后方，改善驾驶室左后侧、右后侧视野，同时驾驶室后部两侧的收缩，缩小驾驶室与机罩的间距。
155. 105292083 停车楔
CN
03.02.2016
B60T 3/00 Loading...
B60T 3/00
Loading...
201510764206.6
广西柳工机械股份有限公司
陈玉杰
B60T 3/00
Loading...
本发明公开了一种停车楔，涉及工程车辆安全设施技术领域，包括一端相互铰接的底板和上支板，所述底板和所述上支板之间设置有支撑板，所述支撑板的一端与所述上支板相铰接，所述支撑板的另一端具有定位部，所述底板的上表面设有与所述定位部相配的定位凹槽，所述定位部卡接于所述定位凹槽内；所述上支板固定有下凸的限位块，在所述支撑板上与所述上支板相铰接的一端具有与所述限位块相抵的限位部；所述底板或所述上支板设有限制所述上支板张开角度的限位结构。本发明解决了现有折叠式停车楔支撑不牢靠，机构中支撑板容易失效，导致整个停车楔丧失功能，出现轮胎滑坡现象的问题。
156. 105298962 转阀式控制阀
CN
03.02.2016
F15B 13/02 Loading...
F15B 13/02
Loading...
201510727330.5
柳州柳工液压件有限公司
初长祥
F15B 13/02
Loading...
本发明涉及控制阀，为解决现有控制阀泄露大、可靠性低的缺点，本发明公开一种控制阀，包括阀体和阀杆，阀杆两端具有定位机构和转动机构，阀杆内设阀杆油道，阀杆上具有球面节，球面节上设连通阀杆油道的阀杆油口，阀体上具有垂直阀杆的阀口通道，阀口通道内设套筒，套筒一端与阀杆球面节线密封接触，套筒另一端设弹簧，弹簧向套筒提供弹力，弹簧腔与阀体内的阀体油道连通，当阀杆油口与套筒相对时阀杆油道经套筒与阀体油道连通。在本发明中阀杆转动时，阀杆油道通过阀杆油口与套筒的配合而连通阀体上的不同油道，控制油路走向。球面节与套筒之间为锥密封的线接触连接，能保持良好的密封线接触，不会卡阀，具有泄露小、可靠性高的优点。
157. 105298963 转阀式阀杆及控制阀
CN
03.02.2016
F15B 13/02 Loading...
F15B 13/02
Loading...
201510727357.4
柳州柳工液压件有限公司
初长祥
F15B 13/02
Loading...
本发明涉及转阀式阀杆及控制阀，为解决现有转阀式阀杆加工困难，制造成本高缺点，本发明公开转阀式阀杆，所述阀杆包括多个阀杆节段，阀杆节段内设阀杆油道，阀杆节段在轴向上依次与相邻的阀杆节段固定连接，阀杆油道在阀杆节段的轴向端面与外部连通或与相邻阀杆节段内的阀杆油道连通，阀杆节段中包括具有球面节的阀杆节段，球面节具有环绕所述阀杆节段的环状球面，每个环状球面上设有与阀杆油道连通的阀杆油口。在本发明中，阀杆主要由若干阀杆节段组成，阀杆节段加工难度较低，在形成阀杆油道的造型上较为简单，同时构成阀杆的多个阀杆节段中，可以有部分的阀杆节段的结构相同，可大大提高其互换性和降低加工难度。
158. 205012393 抱叉
CN
03.02.2016
E02F 9/00 Loading...
E02F 9/00
Loading...
201520786978.5
广西柳工机械股份有限公司
姬鹏举
E02F 9/00
Loading...
本实用新型公开了一种抱叉，涉及工程机械技术领域，它包括转动连接的上叉体和下叉体，其特征在于：所述下叉体装有凸出于下夹持面的多个下转动轮，所述下转动轮的轮轴朝向所述下叉体的侧壁设置。本实用新型相比较于现有技术，可以有效保护物料表面不被损伤，又可以减小抱叉在装夹物料时候的插入阻力。
159. 105293382 装载机钢管叉排管装置
CN
03.02.2016
B66F 9/18 Loading...
B66F 9/18
Loading...
201510664188.4
广西柳工机械股份有限公司
陈玉杰
B66F 9/18
Loading...
本发明公开一种装载机钢管叉排管装置，主要包括上叉体(1)、下叉体(2)，以及控制上叉体(1)并实现上叉体(1)、下叉体(2)抱合及张开的液压油缸Ⅰ(3)，还包括下叉体(2)两侧外端面对称设有一套四连杆机构，所述的四连杆机构包括固定支座(5)、升降油缸(6)、液压油缸Ⅱ(9)和分管叉(7)，所述的固定支座(5)固定在下叉体(2)外侧面上，所述的升降油缸(6)和液压油缸Ⅱ(9)均各有一端与固定支座(5)连接、另一端与分管叉(7)，升降油缸(6)和液压油缸Ⅱ(9)共同控制分管叉(7)的抱合及张开。该装置可实现钢管的分离排布，实现一次装夹多根钢管且能逐一摆放在钢管工装上。
160. 105298618 工程机械散热系统
CN
03.02.2016
F01P 11/00 Loading...
F01P 11/00
Loading...
201510594569.X
广西柳工机械股份有限公司
赖凡
F01P 11/00
Loading...
本发明涉及工程机械散热系统，为解决现有工程机械散热系统维护性差缺点，本发明公开构造一种工程机械散热系统，包括安装在安装框架内的多个散热器芯子、设置在散热器芯子出风侧或进风侧的隔板，每个所述散热器芯子上具有供热源传导介质流入的传导介质入口和供热源传导介质流出的传导介质出口，另外还包括介质导流管，所述隔板通过支架与所述安装框架固定连接，所述传导介质入口和传导介质出口上各自与一根介质导流管的一端连接，所述介质导流管的另一端固定连接在所述隔板上。本发明散热器框架与隔板固定连接为一体式，装拆方便，提高维护性；散热系统管路整体式布置，布管整齐，维护方便；隔热板密封良好，提升散热能力。
161. 105298265 自行关闭带限位的箱体门
CN
03.02.2016
E05C 17/04 Loading...
E05C 17/04
Loading...
201510674772.8
广西柳工机械股份有限公司
廖松宾
E05C 17/04
Loading...
一种自行关闭带限位的箱体门，包括固定的箱体、与箱体铰接为摆动打开或关闭的箱体门，所述箱体固定有底座，所述底座铰接拉杆；所述箱体门固定有带滑轨的倒槽板，所述拉杆的摆动端与所述倒槽板采用滑块滑轨结构连接，在箱体门处于设定的开门最大位置的倒槽板倒槽设置有限位凹槽，当拉杆的滑块处于所述限位凹槽位置时，限制箱体门自动关闭；所述拉杆连接有弹力装置，所述弹力装置的弹力推动拉杆形成一个使箱体门始终保持关闭状态的力。其优点是位置布置灵活，可以布置在箱体门顶部、中部或底部，具体位置可依实际箱体内各种元件的放置而定；能够避免箱体门在作业过程中自动打开被撞，结构简单，安全可靠，操作方便。
162. 205001050 矿用自卸车散热系统
CN
27.01.2016
F01P 5/04 Loading...
F01P 5/04
Loading...
201520546471.2
广西柳工机械股份有限公司
吴伟林
F01P 5/04
Loading...
本实用新型涉及矿用自卸车散热系统，为解决现有矿车下坡缓行时散热系统散热能力不足的缺点，本实用新型公开一种矿用自卸车散热系统，包括散热器、发动机、多档变速机构，散热器的风道上安装有散热风扇，变速机构的输入端与发动机的输出轴连接，变速机构的输出端与风扇的转轴连接。本实用新型的散热系统中，散热器可以按照矿车正常作业工况进行散热能力设计，但又能满足矿车在下坡缓行时高散热要求的特殊工况。矿车下坡时是由后轮驱动桥反拖发动机转动进而带动风扇转动，通过变速机构提高风扇转速，并不增加油耗。
163. 205001414 外星轮式超越离合器
CN
27.01.2016
F16D 41/066 Loading...
F16D 41/066
Loading...
201520658447.8
广西柳工机械股份有限公司
卢海林
F16D 41/066
Loading...
本实用新型涉及超越离合器，为解决现有可靠性低的问题，本实用新型公开外星轮式超越离合器，在外环齿轮上设置有环形的凹槽，输入齿轮上设伸到环形凹槽内的环形凸起，环形凹槽内固定有外星轮和挡板，外星轮的内圆周面上设置有若干个独立的凹槽，凹槽内具有楔形的滚柱工作面，凹槽、挡板、外环齿轮、滚道面构成容纳所述滚柱的滚柱空间，每个所述滚柱空间内设置有一个所述折叠弹簧和所述滚柱。本实用新型超越离合器具有承载扭矩高、同步性好、可靠性高、不易磨损、弹簧寿命高、结构简单、工艺性好的优点。
164. 105276015 万向节十字轴总成
CN
27.01.2016
F16D 3/26 Loading...
F16D 3/26
Loading...
201510710936.8
广西柳工机械股份有限公司
陈继炯
F16D 3/26
Loading...
本发明涉及万向节十字轴总成，为解决万向节十字轴总成，本发明公开一种万向节十字轴总成，包括十字轴以及对应套设在十字轴的四个轴头上四个轴承座，每个轴承座与十字轴的轴头之间设置有自润滑材料制成的滑动轴承，在十字轴的轴颈位置设置防尘圈。本发明免维护万向节十字轴总成，使用具有自润滑材料的滑动轴承，使得万向节十字轴总成无需加注润滑脂，避免了因润滑脂的使用寿命影响万向节十字轴总成的维护周期，真正实现万向节十字轴总成的免维护。操作方面，该万向节十字轴总成用结构简单、装配简易的滑动轴，免去了复杂的装配要求；性能方面，使用滑动轴承，使得轴承与十字轴本体获得更大的接触面，从而使万向节十字轴总成获得更高的承载能力。
165. 105278413 上位机与同类CAN设备的通信方法
CN
27.01.2016
G05B 19/042 Loading...
G05B 19/042
Loading...
201510728704.5
广西柳工机械股份有限公司
李璘
G05B 19/042
Loading...
本发明涉及CAN总线通信，为解决上位机与CAN设备进行通信时会产生帧冲突的问题；提供一种上位机与同类CAN设备的通信方法，其步骤是上位机获取CAN总线上所有已经广播的ID；比对是否与上位机默认ID冲突，若冲突，上位机修改其通信ID并广播到CAN总线上使同类CAN设备修改自身通信ID；若不冲突，则使用默认通信ID；上位机发送扫描指令扫描总线上同类CAN设备；各同类CAN设备设定不同的扫描指令应答延时时间T，收到扫描指令后开始计时并在时间T后发送扫描指令应答帧；上位机收到总线上所有应答帧获取所有同类CAN设备的序列号生成同类CAN设备列表，选定一个后上位机与其进行应答通信。
166. 204998657 托链轮托架用托板
CN
27.01.2016
B62D 55/12 Loading...
B62D 55/12
Loading...
201520711395.6
柳州柳工挖掘机有限公司
张忠健
B62D 55/12
Loading...
本实用新型涉及托链轮托架用托板，为解决现有托链轮托架用托板对轮轴夹紧力较弱的缺点，本实用新型公开一种托链轮托架用托板，其大致呈长方体状，设轮轴安装孔，锁紧端设置有将锁紧端左右剖开的间隙槽，间隙槽的槽底与的轮轴安装孔相通，锁紧端具有左右走向的锁紧螺栓安装孔，轮轴安装孔的下方设置有细槽，细槽的槽口与轮轴安装孔相通，细槽底部设圆孔。该托板结构可提高对轮轴的夹紧力、轮轴安装孔径向方向上的夹紧力分部更均匀，梯度变化不大。
167. 205000388 装载机侧卸工作装置
CN
27.01.2016
E02F 9/00 Loading...
E02F 9/00
Loading...
201520546474.6
广西柳工机械股份有限公司
黄意业
E02F 9/00
Loading...
本实用新型涉及装载机工作装置，为解决现有装载机侧卸工作装置的限位机构中限位块易磨损失效的问题，本实用新型公开装载机侧卸工作装置，包括侧卸斗、托架、侧卸油缸，侧卸斗与托架铰接，侧卸油缸安装在侧卸斗与托架之间，在侧卸斗的底部设有限位块，托架上设置有与限位块配合的定位块，限位块具有两个呈八字状设置的限位面，定位块具有嵌入到限位块两限位面之间与限位面配合的定位面，限位面和定位面是相互贴合的平面。在本实用新型中，限位机构由限位块和定位块构成，限位块上的限位面和定位块上的定位面为贴合的平面，平面容易制造，而且接触为面接触，避免限位块的激烈磨损，大大提高了限位块使用寿命。
168. 205001499 跛行换档变速控制系统
CN
27.01.2016
F16H 61/38 Loading...
F16H 61/38
Loading...
201520722974.0
广西柳工机械股份有限公司
李劼
F16H 61/38
Loading...
本实用新型涉及变速控制，为解决现有跛行换档控制仍由软件控制的低可靠性缺点，本实用新型跛行换档变速控制系统中电源、跛行模式激活开关与跛行模式换档开关依次相串接；第一继电器、第二继电器的输出回路中的动触点对应与第一电磁阀、第二电磁阀的电源端连接，常闭静触点与变速控制器上对应的前进一档和后退一档输出端连接，第一继电器和第二继电器的常开静触点对应与跛行模式换档开关中的前进一档触点和后退一档触点连接，第一电磁阀和第二电磁阀的输入回路与所述跛行模式激活开关相串接。本实用新型跛行换档变速控制系统的结构简单、成本低、可靠性高的优点。
169. 205000390 装载机用抱叉
CN
27.01.2016
E02F 9/00 Loading...
E02F 9/00
Loading...
201520688902.9
广西柳工机械股份有限公司
区思榜
E02F 9/00
Loading...
本实用新型涉及装载机用抱叉，为解决现有装载机抱叉的两根上叉齿间距离等宽造成工况适应性差的缺点，本实用新型公开一种装载机用抱叉，包括两根下叉齿、两根上叉齿、叉架，所示下叉齿的后部弯曲向上翘起，两下叉齿左右对称固定在叉架的左右两端，两上叉齿的后部对应铰接在两下叉齿后部顶端，上叉齿与叉架之间连接有驱动上叉齿绕铰接销轴转动的液压油缸，两上叉齿的前部之间的距离自后向前逐渐减小。本实用新型抱叉具有对顶抱叉的大夹径，也具有错齿抱叉的小夹径，同时具有多齿抱叉的强度。由于上叉体左右叉齿汇交成一体，形成新的叉齿，在捡凌乱物料时，可以不分空间点切入，A字形结构，可以更方便把物料导进抱叉中。
170. 105257970 调压阀
CN
20.01.2016
F16N 23/00 Loading...
F16N 23/00
Loading...
201510596689.3
广西柳工机械股份有限公司
明君剑
F16N 23/00
Loading...
一种调压阀，包括变速操纵主压力接口腔M、变矩器进口压力接口腔C、润滑压力接口腔L以及溢流压力接口腔D，主压力接口腔M连通第一调压阀进油端和溢流阀的进油端，变矩器进口压力接口腔C连通第二调压阀进油端和第一调压阀的出油端，润滑压力接口腔L连通第三调压阀进油端和第二调压阀的出油端，溢流压力接口腔D连通设置于第一调压阀阀芯部位的溢流阀溢流端。其优点是将四个调压（安全）阀集成在同一阀块上，且可通过内置油道的底部孔与输油板的配合形式与变速箱其他元件相连接。调压阀阀体中内部布置调压弹簧，可以准确调定各主要液压元件的压力和其他油路的压力。四个减压阀之间巧妙的布局和安装结构，油液不易泄漏。
171. 105257607 液压油箱
CN
20.01.2016
F15B 1/26 Loading...
F15B 1/26
Loading...
201510677781.2
广西柳工机械股份有限公司
边心文
F15B 1/26
Loading...
本发明涉及液压油箱，为解决现有液压油箱的回油引油通道消泡效率低的缺点，本发明公开一种液压油箱，包括箱体，在箱体内部的储油腔室上部设置有回油腔室，所述回油腔室与储油腔室之间设置有扁平的回油通道。在本发明中，回油通道为扁平状，增加油液与壁面的接触面积，提高除气效果。本发明中回油通道的横截面周长大，油液和壁板的接触面大，除气更好，不需要再配置消气板。
172. 105128945 发动机罩举升机构
CN
09.12.2015
B62D 25/12 Loading...
B62D 25/12
Loading...
201510506568.5
广西柳工机械股份有限公司
米晨雷
B62D 25/12
Loading...
本发明涉及发动机罩，为解决现有发动机罩开启举升机构结构复杂，寿命短的缺点，本发明公开一种发动机罩举升机构，包括发动机罩、安装平台，安装平台上设有扭矩举升装置，其包括长扭杆，扭杆的两端可转动地安装在安装平台上，扭杆两端各自固定与扭杆相垂直的推杆和扭矩调节臂，推杆与发动机罩连接，扭矩调节臂自由端与安装平台之间具有螺旋调节装置。在本发明中，螺旋调节装置拉动扭矩调节臂绕扭杆转动，使得扭杆上产生扭矩，扭矩通过推杆作用于发动机罩上，将发动机罩抬升，本发明中使用扭杆的扭矩作为开启发动机罩的动力，结构简单可靠。
173. 105114165 矿用自卸车散热系统
CN
02.12.2015
F01P 5/04 Loading...
F01P 5/04
Loading...
201510443344.4
广西柳工机械股份有限公司
吴伟林
F01P 5/04
Loading...
本发明涉及矿用自卸车散热系统，为解决现有矿用自卸车散热系统在矿车下坡缓行时散热系统散热能力不足的缺点，本发明公开一种矿用自卸车散热系统，包括散热器、风扇、液压马达、液压转向系统和液压举升系统，液压转向系统包括转向油缸、转向器、优先阀和转向泵，液压举升系统包括举升油缸、举升控制阀、换向阀和举升泵，优先阀一油口与液压马达连接，举升泵经换向阀与举升控制阀和液压马达连接。在本发明中，矿车在非下坡缓行的工况下工作时，驱动散热器的液压马达有转向泵供油，当处于下坡缓行工况需要大幅提升散热能力时，换向阀动作将举升泵的液压油河流到液压马达上，以提升液压马达的转速，提高散热系统的散热能力。
174. 105115344 散热器安装组件及其安装方法
CN
02.12.2015
F28F 9/007 Loading...
F28F 9/007
Loading...
201510506483.7
广西柳工机械股份有限公司
卢南潮
F28F 9/007
Loading...
本发明公开了一种散热器安装组件及其安装方法，涉及工程机械技术领域，它包括安装支架和连接件，安装支架包括支撑散热器的底板和竖立设置于底板上的安装板，安装板与散热器的安装面相连接，安装面为散热器的正面或背面；安装板开设有至少一个安装孔，散热器的安装面设有穿过安装孔的定位凸块，定位凸块的外周套有第一减震元件，第一减震元件置于定位凸块与安装孔内壁以及所述散热器和安装板之间；定位凸块设有螺纹孔，连接件为连接定位凸块的螺栓，螺栓和安装板之间设置有盖板。本发明用于工程机械散热器的安装，可以提高散热器的可维修性和解决机器振动对散热器伤害的问题。
175. 105082903 具有充气系统的轮式工程机械
CN
25.11.2015
B60C 23/10 Loading...
B60C 23/10
Loading...
201510445117.5
广西柳工机械股份有限公司
王涛
B60C 23/10
Loading...
本发明涉及工程机械，为解决针对现有轮式工程机械的轮胎充气不方便的问题，本发明公开具有充气系统的轮式工程机械，包括轮胎充气气源、驱动桥，驱动桥的两端安装有驱动轮，所述驱动轮包括轮辋和轮辋上安装的轮胎，轮辋上设向轮胎中充气的气门嘴，所述驱动桥包括桥壳和轮边，所述轮辋与所述轮边固定连接，所述桥壳上设置有充气壳管路，所述轮边上设有轮边充气管路，所述轮边充气管路的一端与充气壳管路一端连通，所述轮边充气管路的另一端经管路与轮辋上的气门嘴连通，所述充气壳管路的另一端设置有管路接头，所述管路接头通过管路与所述轮胎充气气源连通。在本发明中，设置充气管路，利用工程机械上自带气源，随时可以对轮胎进行充气，不受场地限制。
176. 105040759 装载机侧卸用托架
CN
11.11.2015
E02F 3/36 Loading...
E02F 3/36
Loading...
201510460125.7
广西柳工机械股份有限公司
黄意业
E02F 3/36
Loading...
本发明涉及装载机侧卸用托架，为解决现有装载机侧卸用托架的易开裂、寿命短问题，本发明公开一种装载机侧卸用托架，包括三根圆钢横梁和支撑板组，三根横梁相互平行呈三角形排布，垂直贯穿支撑板组并相焊接，支撑板组前端面是圆弧形，其圆弧半径为R，顶横梁、底横梁、后横梁所构成三角形的内切圆与支撑板组前端圆弧相切，顶横梁与底横梁在支撑板组前端圆弧的同心圆上。本发明托架进行铲装作业时，侧卸铲斗上的受力经过托架传递至动臂上，其合力作用方向通过三根横梁所构成三角形内切圆，能够大大改善三角形的受力，降低托架三横梁所构成三角形上的应力水平，从而避免焊缝开裂、提高其寿命。
177. 105035175 应用于LNG装载机上的加液装置
CN
11.11.2015
B62D 25/00 Loading...
B62D 25/00
Loading...
201510457484.7
广西柳工机械股份有限公司
李勇
B62D 25/00
Loading...
一种应用于LNG装载机上的加液装置，包括支座及加液口，支座固定于挡泥板上，所述支座铰接有罩形的保护装置总成，所述保护装置总成与支座铰接成绕支座旋转的结构，所述加液口安装于保护装置总成的侧板，由锁紧机构保持保护装置总成处于打开或者关闭两种稳定姿态，从而改变加液口的位置；保护装置总成包括支架、防护罩、封盖，所述支架、防护罩、封盖及侧板连接成罩形的保护装置总成，其中支架与支座铰接。其优点是既能保证操作者方便加液，又能有效防护加液口，提高安全性；可以安装在挡泥板等较高位置，但是可以通过调整位置来适应不同的需求；结构简单，操作方便，安全性高，稳定性强。
178. 105015628 发动机罩密封装置
CN
04.11.2015
B62D 25/12 Loading...
B62D 25/12
Loading...
201510436696.7
广西柳工机械股份有限公司
田娇
B62D 25/12
Loading...
本发明公开了一种发动机罩密封装置，涉及工程机械制造技术领域，它包括安装在车架上的发动机罩和散热器，安装在散热器侧面的橡胶板；发动机罩内壁上设置有板状凸起，板状凸起与安装在散热器两侧的橡胶板搭接。本发明与现有技术相比，它可以解决现有发动机罩密封装置中橡胶板与发动机罩内壁之间容易形成空隙，造成热风回流，导致密封功能失效以及在整机工作震动下发动机罩内壁会对橡胶板形成摩擦、在发动机罩启闭过程中，橡胶板也会对发动机罩的运动过程形成摩擦阻力从而造成橡胶板的磨损与老化的问题。
179. 105000071 装载机挡泥板
CN
28.10.2015
B62D 25/16 Loading...
B62D 25/16
Loading...
201510538248.8
广西柳工机械股份有限公司
田娇
B62D 25/16
Loading...
本发明公开了一种装载机挡泥板，涉及工程机械技术领域，包括固定挡泥板和设置有扶手的活动挡泥板，所述活动挡泥板通过锁紧装置与车架锁紧固定，所述活动挡泥板的上部通过铰链与所述固定挡泥板相铰接，所述扶手设置于所述活动挡泥板的下部。本发明是一种用于装载机等车辆行驶时阻挡泥沙上溅的挡板，它可以解决现有装载机挡泥板存在打开操作不便、费力和存在安全隐患的问题。
180. 104963374 挖掘机工作模式自动控制方法
CN
07.10.2015
E02F 9/20 Loading...
E02F 9/20
Loading...
201510322224.9
广西柳工机械股份有限公司
孙金泉
E02F 9/20
Loading...
本发明公开一种挖掘机工作模式自动控制方法，涉及工程机械控制技术领域，它将挖掘机的先导压力、左主泵压力和右主泵压力中的至少两种压力信号进行组合对工作意图进行识别，再通过左右主泵压力、发动机转速作为控制参数，对泵比例减压阀的电流以及发动机油门进行控制，与现有技术相比，本发明实现自动选择合适当前工况的最优工作模式，能够明显降低由于司机选择不合适档位进行作业带来的噪音、油耗和效率问题，减少冲击振动。
181. 104819845 涡轮箱试验台
CN
05.08.2015
G01M 13/02 Loading...
G01M 13/02
Loading...
201510269106.6
广西柳工机械股份有限公司
徐源俊
G01M 13/02
Loading...
本发明涉及一种涡轮箱试验台，为解决现有涡轮箱试验台成本高、试验周期长的缺点，本发明提供一种涡轮箱试验台，该试验台包括台架，台架上固定有回转支承和至少一个被试验样件涡轮箱，涡轮箱的输出轴齿轮与回转支承的内齿圈相啮合，回转支承的内齿圈上固定有臂架，臂架与台架之间连接有液压油缸，液压油缸的伸缩推动回转支承的内齿圈绕其中心左右转动。在该涡轮箱试验设备中，适用液压系统加载，并选用高频响应的方向控制阀，能真实模拟涡轮箱在整机上受的负载情况。另外本试验设备同时试验两台及以上涡轮箱，并且能够通过改变液压油缸的压力，实现加速寿命试验，缩短试验周期。
182. 104653776 Automatic pressure-relief sealing device and engineering machinery cab
CN
27.05.2015
F16J 15/00 Loading...
F16J 15/00
Loading...
201510018344.X
柳州柳工挖掘机有限公司
莫澄明
F16J 15/00
Loading...
The invention discloses an automatic pressure-relief sealing device and an engineering machinery cab and relates to a sealing device which aims to solve the defects that an existing cab does not have the automatic pressure-relief device, and a cab line passing hole sealing device is complex in structure and poor in universality. The automatic pressure-relief sealing device disclosed by the invention comprises a U-shaped tube with upward openings in two ends, wherein a liquid is filled in the U-shaped tube; a branch tube with an upward opening is connected with a pipeline at one side of the U-shaped tube; a connected part of the branch tube and the U-shaped tube is positioned below a liquid surface of the liquid and higher than the lowest part of the U-shaped tube. The automatic pressure-relief sealing device disclosed by the invention can be used for automatic pressure relief and sealing of the cab; during use, one end, which is connected with the branch tube, of the U-shaped tube is communicated with the inner part of the cab, and the other end of the U-shaped tube and the opening end of the branch tube are positioned outside the cab. The automatic pressure-relief sealing device can realize an automatic pressure-relief effect, prevent the phenomenon that momentary indoor high-pressure pressure appears when the cab is closed, relieves damages to eardrums of a human body, can be used as a line passing sealing device to completely seal a via hole and solve the poor sealing and sealing failure problems.
183. 104633104 Real-time detection method for clutch engaging state of loader dead axle type gearbox
CN
20.05.2015
F16H 63/40 Loading...
F16H 63/40
Loading...
201410845538.2
广西柳工机械股份有限公司
黄健
F16H 63/40
Loading...
The invention discloses a real-time detection method for the clutch engaging state of a loader dead axle type gearbox. A microprocessor is adopted in the method, wherein the input end of the microprocessor is connected with a loader gear switch, the output end of the microprocessor is connected with the gearbox with a clutch, a first speed sensor and a second speed sensor are arranged on an input gear and an output gear of the gearbox respectively, and the output ends of the two sensors are connected with the feedback end of the microprocessor. The detection method comprises the steps that an expected gear signal is output to the microprocessor, and the microprocessor judges the clutch at the engaging gear according to the gear signal; then, the speed ratio of the first seat and the second senor is detected in real time, and the clutch is normal if the speed ratio is equal to a preset value in preset time; if the speed ratio exceeds the error range of the preset value, the clutch has the slip fault. The real-time detection method can achieve the purpose that when a certain gear or all gears of the loader are not available due to the abrasion of a certain clutch friction plate of the dead axle type gear body, the fault point can be accurately diagnosed in time.
184. 104612202 Excavator provided with counter weight positioning detection device and counter weight installing method
CN
13.05.2015
E02F 9/18 Loading...
E02F 9/18
Loading...
201410756759.2
柳州柳工挖掘机有限公司
雷艳梅
E02F 9/18
Loading...
The invention discloses an excavator provided with a counter weight positioning detection device and a counter weight installing method and relates to the technical field of engineering machinery. The excavator comprises a counter weight provided with two parallel grooves formed in the bottom and supporting parts matched with the grooves formed in the bottom of the counter weight, threaded holes are formed in the grooves, installing holes are formed in the supporting parts, and the counter weight is connected and fixed to the supporting part through counter weight bolts. The excavator further comprises a positioning detection device, wherein the positioning detection device is provided with an image pickup portion and an image display portion. A base is arranged at the bottom of the image pickup portion, the image pickup portion extends into the installing holes formed in the bottom of the supporting parts, and the upper end face of the base is connected with the lower end faces of the installing holes formed in the bottoms of the supporting parts. By means of the counter weight installing method, an operator can observe whether the installing holes formed in the supporting parts are vertically flush with the threaded holes formed in the grooves at the bottom of the counter weight without standing under an excavator main platform, the safety and operating convenience of the operator are improved, and meanwhile the counter weight installing efficiency is improved.
185. 104612194 Control method of rotation of excavator working device
CN
13.05.2015
E02F 3/43 Loading...
E02F 3/43
Loading...
201310742182.5
柳州柳工挖掘机有限公司
胡恒
E02F 3/43
Loading...
The invention discloses a control method of rotation of an excavator working device and belongs to the technical field of engineering machines. According to the method, at least three paths of tilt angle sensors are arranged at the rotation position of the excavator working device, two paths of pressure sensors are arranged on a bucket oil cylinder, and the sensors are connected with an excavator main controller. When an excavator rotates, the displacement travel of an operating handle is input to a control signal of the target rotating speed of the excavator main controller, meanwhile, and signals detected by the sensors are transmitted to the excavator main controller; the excavator main controller calculates the rotating inertia of the excavator according to the control signal of the target rotating speed and real-time information of the sensors, a driving signal for adjusting the torque of a driving motor is output, and stable movement of the excavator working device under different kinds of rotating inertia is controlled. Through the control method of rotation of the excavator working device, the problems that in the working process of the excavator working device, the control effect is poor, and shaking happens can be solved.
186. 204253812 推土机分动箱齿轮装配结构
CN
08.04.2015
F16H 57/023 Loading...
F16H 57/023
Loading...
201420665703.1
广西柳工机械股份有限公司
陆振华
F16H 57/023
Loading...
一种推土机分动箱齿轮装配结构，其轴通过螺栓固定在分动箱壳体上，齿轮通过装配在轴上的滚针轴承进行装配，在齿轮端面与壳体之间安装有由硬质材料做成的减磨垫圈，所述减磨垫圈套接于轴并设置有防转动机构，所述防转动机构用于阻止齿轮启动运转后减磨垫圈产生转动；其优点是在分动箱齿轮运转时，齿轮端面带动减磨垫圈旋转，当减磨垫圈消除了与轴耳朵的间隙后不再转动，此时齿轮端面与减磨垫圈接触并产生摩擦，有效的避免了齿轮端面与壳体之间的直接接触摩擦。由于减磨垫圈及齿轮表面硬度均较高，有效地减少磨损，因磨损造成的问题因此得到相应的解决，由此提升产品可靠性。
187. 204252181 铲斗
CN
08.04.2015
E02F 3/40 Loading...
E02F 3/40
Loading...
201420608645.9
广西柳工机械股份有限公司
区思榜
E02F 3/40
Loading...
一种铲斗，由斗壁板、两块侧板和一块刀板等主要零件构成铲斗的铲斗本体，斗壁板上开有多个通孔；斗壁板内壁表面固定有内衬板，内衬板开有多个通孔，所述内衬板开的通孔与斗壁板开的通孔相通；斗壁板开的通孔分布为纵横向同行或者纵横向错行；通孔的孔径为￠4mm-￠40 mm；其优点是减少物体与物体之间的接触面积，从而降低物体间的摩擦力，即降低使物料与铲斗内壁的附着力，具有过滤孔，能满足需要过滤的物料，如过滤碎石与砂子混合物，可以从铲斗背面进行清洗，使粘附在铲斗内的物料与铲斗分离，具有加强衬板，可以防止铲斗变形，更加耐磨，更加结实，强度更高。
188. 104481948 Stabilized pressure flow control valve and load sensitive analog valve
CN
01.04.2015
F15B 13/02 Loading...
F15B 13/02
Loading...
201410587000.6
广西柳工机械股份有限公司
黄胜
F15B 13/02
Loading...
The invention relates to stabilized pressure flow control valve which aims at solving the technical problem of the real-time adjustment and control of the pilot pressure along with the load change. The stabilized pressure flow control valve comprises a valve body; the valve body is provided with a T oil port, a PV oil port, a P3 oil port, a P4 oil port, an e1 oil duct and an e2 oil duct; a hollow valve rod and a solid valve rod are arranged in the valve body; one end of the hollow valve rod is provided with a first spring chamber; the P4 oil port is communicated with the first spring chamber; the first spring chamber is communicated with the P3 oil port through an inner hole of the hollow valve rod and a throttle valve; the hollow valve rod is provided with a first valve port from the inner hole to the e1 oil duct; one end of the solid valve rod is provided with the PV oil port and the other end of the solid valve rod is provided with a second spring chamber which is provided with a second spring; the solid valve rod is provided with a second valve port from the e1 oil duct to the e2 oil duct; the second valve port is reduced along with the movement of the solid valve rod towards the second spring chamber; the e2 oil duct and the second spring chamber are communicated with the T oil duct. According to the stabilized pressure flow control valve and a load sensitive analog valve, the pressure difference of two ends of the load sensitive analog valve of a variable pump is timely changed along with the change of the load and the pilot pressure and reaches the stable state.
189. 104405708 Load-sensitive simulation valve and load-sensitive variable system of loading machine
CN
11.03.2015
F15B 13/02 Loading...
F15B 13/02
Loading...
201410477784.7
广西柳工机械股份有限公司
王允
F15B 13/02
Loading...
The invention relates to a load-sensitive simulation valve and a load-sensitive variable system of a loading machine. The load-sensitive simulation valve aims at solving the problems that an existing load-sensitive valve is complex in structure and high in cost. A liquid control end of a control valve of the load-sensitive simulation valve is communicated with an inlet and a liquid control opening K; an outlet of the control valve is communicated with an inlet of a follow-up valve; an outlet of the follow-up valve is connected with an inlet of a flow control valve; a valve rod non-spring cavity of the follow-up valve is communicated with an oil inlet P; a spring cavity of the follow-up valve is communicated with an oil inlet P1; an oil inlet of the flow control valve is connected with an oil outlet of a throttling hole; an oil outlet of the flow control valve is connected with an oil returning opening T; the valve rod non-spring end of the flow control valve is communicated with the outlet and the oil inlet P of the follow-up valve; and the valve rod spring end of the flow control valve is communicated with a liquid control opening K and an opening LS. The load-sensitive simulation valve can simulate load-sensitive signals and has the beneficial effects of being simple in structure and low in cost.
190. 104405850 Differential
CN
11.03.2015
F16H 48/12 Loading...
F16H 48/12
Loading...
201410477597.9
广西柳工机械股份有限公司
冯治恒
F16H 48/12
Loading...
The invention relates to a differential, and aims to solve the defect of weak lubricating performance of a traditional differential. The differential comprises a differential shell formed by a differential case and a differential cover through connecting bolts, wherein a mounting space is formed in the differential shell; a differential shaft and a half-axle gear are mounted in the mounting space; a bevel gear is mounted on the differential shaft and is engaged with the half-axle gear; the differential cover comprises a cover plate, and reinforcement ribs arranged at the outer side of the cover plate and radiating from the center of the cover plate in the radial direction; at least one baffle plate is arranged at the outer side of the differential cover; the baffle plate, the reinforcement rib and the cover plate form at least one oil scooping space with an opening; and each oil scooping space is communicated with the mounting space through an oil passing hole in the cover plate. The internal oil level of the differential is slightly higher than the external oil level; the fluidity of oil is good; the part lubrication is full; the oil is easily stored; the parts of the differential are difficult to wear; the oil temperature is low; impurities in the oil are few; and a transmission piece is longer in service life.
191. 104405008 Bucket tooth assembly
CN
11.03.2015
E02F 9/28 Loading...
E02F 9/28
Loading...
201410779405.X
广西柳工机械股份有限公司
姬鹏举
E02F 9/28
Loading...
The invention relates to a bucket tooth assembly and aims at solving the defect that an existing bucket tooth assembly is poor in maintainability or complicated in locking part structure, low in strength and easy to damage. The bucket tooth assembly comprises a tooth sleeve, a tooth seat and a locking part, wherein the tooth sleeve is inserted into the front end of the tooth seat, a horizontal pin hole and a vertical pin hole staggered with the horizontal pin hole are formed in the tooth seat, the locking part comprises a horizontal pin and a vertical pin, the vertical pin and the horizontal pin are intersected to axially position the horizontal pin, and a limiting portion for being in contact with the tail end of the horizontal pin to limit and prevent the tooth sleeve from forwards dropping from the inserted-connection portion of the tooth seat is arranged on the tooth sleeve. In the bucket tooth assembly, the tail end of the horizontal pin and the limiting portion on the tooth sleeve are in contact with each other and limited to prevent the tooth sleeve from sliding forwards and falling from the tooth seat, the vertical pin positions the left-right direction of the horizontal pin to prevent limiting effect invalidation of the horizontal pin due to movement of the horizontal pin in the left-right direction, and the limiting effect on the horizontal pin can be revoked to facilitate replacement and maintenance of the tooth sleeve when the vertical pin retreats. The bucket tooth assembly is provided with the vertical pin, so that maintenance is facilitated, and the bucket tooth assembly further has enough strength and is not easily damged.
192. 104358286 Hydraulic control valve with shunt and converging selectable function and loader fixed and variable delivery hydraulic system
CN
18.02.2015
E02F 9/22 Loading...
E02F 9/22
Loading...
201410627890.9
广西柳工机械股份有限公司
黄胜
E02F 9/22
Loading...
The invention relates to a hydraulic control valve with a shunt and converging selectable function and aims at solving the problems of energy loss and steering vibration of the existing loader fixed and variable delivery hydraulic system. According to the hydraulic control valve with the shunt and converging selectable function, disclosed by the invention, when a first hydraulic control valve is at a right position, the oil inlet of the first hydraulic control valve is unidirectionally communicated to a C port through a third one-way valve, and when the first hydraulic control valve is at a left position, the oil inlet of the first hydraulic control valve is communicated with the oil inlet of a second hydraulic control valve; the left hydraulic control end and the right hydraulic control of the second hydraulic control valve are respectively communicated with the C port via throttle orifices through the inlet of a first one-way valve; when the second hydraulic control valve is at the left position, the oil inlet of the second hydraulic control valve is communicated to the C port through the first one-way valve, and when the second hydraulic control valve is at the right position, the oil inlet of the second hydraulic control valve is unidirectionally communicated to the C port through the first one-way valve and unidirectionally communicated to an E port through the second one-way valve. When the hydraulic control valve with the shunt and converging selectable function is arranged in a loader fixed and variable delivery hydraulic system, the problems of the energy loss and the steering vibration can be avoided.
193. 104358287 Locking pin
CN
18.02.2015
E02F 9/28 Loading...
E02F 9/28
Loading...
201410548039.7
广西柳工机械股份有限公司
姬鹏举
E02F 9/28
Loading...
The invention discloses a locking pin, and relates to the technical field of mechanical connecting components. The locking pin comprises a pin body, wherein the pin body is a straight rod, a groove is formed in the side of the pin body, a cover plate used for sealing the notch of the groove is mounted on the pin body, a movable tenon and an elastomer are clamped and arranged in a cavity which is formed by surrounding the cover plate and the groove, the movable tenon is provided with a tenon head which extends out of the pin body from the groove wall of the groove and limiting parts which are placed in the groove, one ends which are connected with the tenon head of the limiting parts are butted against to the groove wall of the groove, the free ends of the limiting parts are in butted connection to the elastomer, and the limiting parts and the elastomer are sealed in the cavity. Compared with the prior art, the locking pin disclosed by the invention has the advantages that the locking pin is more suitable for the severe environment, the service life is long, the structure is simple, the processing and the assembling are easy, the component replacement is convenient, and the usage cost is low.
194. 104340894 Hoisting machinery moment protection system and automatic working condition recognition method
CN
11.02.2015
B66C 23/88 Loading...
B66C 23/88
Loading...
201410445192.7
广西柳工机械股份有限公司
金忠
B66C 23/88
Loading...
The invention relates to a hoisting machinery moment protection system, which aims to overcome the defect that a working condition is required to be input into an existing system manually, so that mistakes can be made easily. The hoisting machinery moment protection system disclosed by the invention comprises an overload protection device, a sub-arm detection sensor and a working condition detection sensor, wherein the sub-arm detection sensor is used for detecting a sub-arm posture and generating a corresponding electric signal; the working condition detection sensor is used for detecting whether a crane operates at a main arm working condition or an arm end pulley working condition and generating a corresponding electric signal; the overload protection device acquires electric signals generated by the sub-arm detection sensor and the working condition detection sensor and making overload protection operation judgment. According to the invention, the corresponding sensors detect the sub-arm posture and detect whether the crane operates at the main arm working condition or the arm end pulley working condition, and the electric signals generated by the detection are input into the overload protection device, and the overload protection device calculates based on the signals and judges whether the crane is overloaded.
195. 104343755 Hydraulically controlled slave valve and load-sensitive simulation valve
CN
11.02.2015
F15B 9/08 Loading...
F15B 9/08
Loading...
201410587013.3
广西柳工机械股份有限公司
黄胜
F15B 9/08
Loading...
The invention relates to a hydraulically controlled slave valve to solve the technical problem that pilot pressure is regulated and controlled in real time with the variation of load. The hydraulically controlled slave valve disclosed by the invention comprises a valve assembly, wherein an oil port P, an oil port T and an oil port C are formed in the valve assembly, and main valve element hydraulically controlled cavities arranged at the left and right ends of a main valve element are respectively communicated with an oil port A and an oil port B of an external loading oil way; two shoulders are arranged on a valve sleeve arranged on the main valve element in a sleeving way at an interval, a first cavity, a second cavity and a third cavity are sequentially arranged on the valve sleeve from left to right, a valve sleeve spring is arranged in the third cavity, the first cavity is communicated with the oil port P, the second cavity is communicated with the oil port C, the third cavity is communicated with the oil port T, an oil circulating clearance is arranged between the main valve element and a sleeving valve, and the second cavity is communicated with the oil circulating clearance; when the sleeving valve moves towards the left, the left end of the oil circulating clearance is closed, and the right end of the oil circulating clearance is communicated with the third cavity; when the sleeving valve moves towards the right, the right end of the oil circulating clearance is closed, and the left end of the oil circulating clearance is communicated with the first cavity. The real-time regulation of pilot pressure with the variation of load can be realized by the hydraulically controlled slave valve.
196. 104264728 Loader bucket
CN
07.01.2015
E02F 3/40 Loading...
E02F 3/40
Loading...
201410512412.3
广西柳工机械股份有限公司
沈洪伟
E02F 3/40
Loading...
The invention relates to a bucket and aims to overcome the defect of the existing bucket of being single in function. The bucket comprises a push shovel, two jaw plates and a scraper plate. Each jaw plate is hinged to the push shovel at the top of one side of the push shovel through a horizontal jaw plate pin shaft, and jaw plate rotating oil cylinders used for making the jaw plates to rotate around the jaw plate pin shafts are arranged between the jaw plates and the push shovel. The scraper plate is located between the two jaw plates, the upper portions at two ends of the scraper board are hinged onto the upper portion of the front ends of the corresponding jaw plates through respectively scraper plate pin shafts, and a scraper plate rotating oil cylinder used for making the scraper plate to rotate around the scraper plate pin shafts is arranged between the scraper plate and the jaw plates. The jaw plates are snapped with two ends of the push shovel, and the push shovel, the jaw plates and the scraper plate form a bucket-shaped container with the upper portion opened when the lower side of the scraper plate and the lower side of the push shovel approach each other. The bucket can have multiple functions including loading, pushing, clamping and scraping, thereby being multi-functional.
197. 204061763 离合器带缓冲装置的行星式变速箱
CN
31.12.2014
F16H 3/44 Loading...
F16H 3/44
Loading...
201420481515.3
广西柳工机械股份有限公司
高晓
F16H 3/44
Loading...
一种离合器带缓冲装置的行星式变速箱，变速箱为行星式变速箱，变速箱依次设置有倒档离合器、一档离合器、二档离合器，倒档离合器和一档离合器的油缸分别与活塞连接构成外油缸；在油缸内圈设置有圈状凹形槽，活塞设置有圈状凸台，油缸内圈设置的圈状凹形槽与活塞设置的圈状凸台连接构成内油缸；外油缸油腔与内油缸油腔之间设置有由单向阀、阻尼阀并联构成的缓冲控制回路，单向阀设置为充油时单向阀锁上不通油，脱档时通油；其优点是变速箱换挡操作便捷、作业效率高；更为重要的是离合器带缓冲装置，可以解决市场上小型装载机反馈换挡冲击大的问题，提高操作舒适性，提高离合器的使用寿命；轴距短，结构紧凑，承载能力强、操纵便捷。
198. 204061708 矿用自卸车散热器减震装置
CN
31.12.2014
F16F 15/04 Loading...
F16F 15/04
Loading...
201420362323.0
广西柳工机械股份有限公司
李芸
F16F 15/04
Loading...
一种矿用自卸车散热器减震装置，拉杆一端与上支座连接，上支座开有连接孔，通过连接孔用螺栓螺母连接结构依次将上支座、上减震座、支架紧固连接，拉杆的另一端与车架连接，形成拉杆、上支座、上减震垫、支架连接成正向顶住散热器的平直拉杆结构，上减震座上两头为外伸的螺栓，分别穿过上支座、支架上的安装孔，在两端用螺母依次将上支座、上减震座、支架紧固连接。其优点是平直拉杆的方式，增长了力臂，拉杆受力小，结构稳定；拉杆的减震模块为专业减震垫，保证了减震效果；减震垫带有钢结构，减震垫两头的安装螺母可拧紧不松脱。拉杆上的长螺纹可方便散热器的安装调节，对焊接制造误差要求较低，布置合理，维修方便，保证了散热器的正常工作。
199. 204041301 装载机空气预滤器与空气滤清器的连接装置
CN
24.12.2014
F02M 35/04 Loading...
F02M 35/04
Loading...
201420439898.8
广西柳工机械股份有限公司
黄远伟
F02M 35/04
Loading...
本实用新型公开了一种装载机空气预滤器和空气滤清器的连接装置，涉及装载机制造技术领域；包括空气预滤器、通过空气滤清器抱箍固定在发动机支架上的空气滤清器，其特征在于：所述空气预滤器的出气端连接有连接座，所述连接座通过螺栓固定在装载机机罩顶部；所述连接座通过橡胶波纹管与所述空气滤清器的进气端连接。与现有技术相比，本实用新型可以解决装载机空气预滤器和空气滤清器连接不稳定、装配时强制对中造成空气预滤器出气口的焊缝易开裂的问题。
200. 204037672 副车架防松装置
CN
24.12.2014
B62D 21/18 Loading...
B62D 21/18
Loading...
201420490274.9
广西柳工机械股份有限公司
张丽新
B62D 21/18
Loading...
本实用新型公开了一种副车架防松装置，涉及装载机制造技术领域，包括通过副车架销与副车架铰接的中梁架，在所述副车架销的一端设有定位台，在该定位台上套装有销子档板，所述销子档板的一端面与所述副车架销定位台的定位面相抵接，在所述中梁架与所述销子档板之间设有多块限位卡板，每块所述限位卡板均设有与所述销子档板的一个侧面相抵接的限位凸起，所述销子档板通过螺栓装在所述限位卡板。与现有技术相比，本实用新型可以解决现有副车架防松装置装容易使副车架销发生松脱的问题。

