1. 206128172 一种选矿生产中浓密机溢流水的回收利用系统
CN
26.04.2017
E03B 1/02 Loading...
E03B 1/02
Loading...
202016001054397
广西华锡集团股份有限公司再生资源分公司
刘军
E03B 1/02
Loading...
本实用新型提供一种选矿生产中浓密机溢流水的回收利用系统，包括浓密机、缓冲水池、水泵、零级摇床组、一级摇床组、二级摇床组、三级摇床组及四级摇床组，所述浓密机与所述缓冲水池连接，以将所述浓密机的溢流水回收至所述缓冲水池，所述缓冲水池通过一总供水管道与所述零级摇床组、所述一级摇床组、所述二级摇床组、所述三级摇床组及所述四级摇床组中的一组或几组连接，所述水泵装设在所述总供水管道上，以将所述缓冲水池中的水抽至所述总供水管道内。上述选矿生产中浓密机溢流水的回收利用系统能够减少选矿过程中对水资源的消耗，降低生产成本。
2. 206121909 一种摇床选矿系统及其分矿装置
CN
26.04.2017
B03B 5/04 Loading...
B03B 5/04
Loading...
202016001054417
广西华锡集团股份有限公司再生资源分公司
梁秀霞
B03B 5/04
Loading...
本实用新型提供一种分矿装置，包括溜槽、多个分矿板及多个分矿管。所述溜槽包括依次连接的进浆部及分矿部。所述进浆部用于导入矿浆；所述多个分矿板间隔地分布于所述分矿部内，以对所述溜槽内的矿浆进行分流，每一分矿板通过一连接轴与所述分矿部的底部转动连接，以在一预定大小范围内的外力作用下绕与所述连接轴平行的轴线方向转动，进而调节所述分矿部内的矿浆流向；多个分矿管间隔地装设于所述分矿部远离所述进浆部的一侧，以导出分流后的矿浆。本实用新型还提供一种采用该分矿装置的摇床选矿系统。上述摇床选矿系统及其分矿装置分矿均匀。
3. 106423581 一种铅锑锌硫化矿混合浮选捕收剂、其制备及应用
CN
22.02.2017
B03D 1/018 Loading...
B03D 1/018
Loading...
201611003897.9
中南大学
刘三军
B03D 1/018
Loading...
本发明涉及一种铅锑锌硫化矿混合浮选捕收剂、其制备及应用，由叔十二硫醇与乳化煤油混合制成，叔十二硫醇与乳化煤油质量比为1:(0.9~1.2)。本发明的混合捕收剂对硫化物有着较好的捕收作用，可以应用于铅锑锌硫化矿浮选。其有良好的起泡性，能够少加或者不加起泡剂，能降低活化剂硫酸铜的用量。同时相比传统的MA、单独使用叔十二硫醇和乳化煤油，可以提高硫化物的品位和回收率，减少了药剂种类和用量。
4. 103939615 摇床偏心传动轴密封装置
CN
04.01.2017



102014000122514
广西华锡集团股份有限公司再生资源分公司
林升舟


本发明公开了一种摇床偏心传动轴的密封装置，包括用于承接偏心传动轴的定位套筒，定位套筒将偏心传动轴包围并在包围区域形成可以装载润滑剂的腔体，两端腔体开口被密封圈封住，密封圈一边是设置在定位套筒外部的带轮，另一边是偏心传动轴的封端盖，密封圈被带轮和封端盖夹紧固定，密封圈包括“O”型密封圈和“Y”型密封圈。本发明的偏心传动轴的密封装置解决了现有传动轴密封装置存在的漏油问题，避免频繁更换定位套筒，具有耗油少、稳定性强等特点。
5. 205025493 全尾砂膏体充填脱水系统
CN
10.02.2016
E21F 15/00 Loading...
E21F 15/00
Loading...
201520777843.2
柳州华锡有色设计研究院有限责任公司
李业辉
E21F 15/00
Loading...
本实用新型公开了一种全尾砂膏体充填脱水系统，该系统包括矿山的采空区和设置在采空区底部通道口处的密闭墙，滤水管布置在采空区底部并沿采空区斜底板延伸敷设至采空区顶部，滤水管在采空区内部采用“井”型布置，并相互连通构成网状脱水结构，在靠近密闭墙处，滤水管汇合成数根主滤水管并穿过密闭墙接入沉淀池。本技术解决了现有尾砂填充脱水技术存在的脱水效率低、容易拥堵等问题，具有脱水速度快，性能稳定的优点。
6. 105294984 耐磨防腐聚脲弹性涂料及制备方法
CN
03.02.2016
C08G 18/66 Loading...
C08G 18/66
Loading...
201510815069.4
广西华锡集团股份有限公司河池矿冶机械制造分公司
杨李
C08G 18/66
Loading...
本发明公开了一种耐磨防腐聚脲弹性涂料及制备方法，涉及化工技术领域。这种耐磨防腐聚脲弹性涂料，包括A组分和B组分，A组分是异氰酸酯半预聚物，B组分包括聚醚多元醇，胺基聚醚，扩联剂和有机锡助剂所述A组分和B组分等体积混合。制备方法是先分别制出A组分和B组分，再混合而成。本发明解决了缺少专用于喷涂矿用机械设备的耐磨防腐聚脲弹性涂料的问题，喷涂矿用浓缩机时不仅能避免涂料与矿物质发生反应，有助于提高浓缩效率；还使设备的寿命提高了2倍，节省了运行成本30%。
7. 104151193 (甲基亚胺基-(4-苯乙烯基-三苄胺))苯酚光敏剂及其合成方法
CN
20.01.2016
C07C 249/02 Loading...
C07C 249/02
Loading...
201410327507.8
广西华锡集团股份有限公司
陆瑶
C07C 249/02
Loading...
本发明公开了(甲基亚胺基-(4-苯乙烯基-三苄胺))苯酚光敏剂及其合成方法，属于有机光敏剂领域。其化学式为：本发明的光敏剂经紫外-可见光谱仪测试，其在可见光区具有良好的吸收，最大吸收波长位于290nm-400nm，能对镉离子产生荧光响应；经荧光光谱仪测试，其在可见光区对镉离子具有良好的响应，可以用于识别镉离子，应用在环境、食品、生物及医药等领域。
8. 105179008 全尾砂膏体充填脱水系统及其建造方法
CN
23.12.2015
E21F 15/00 Loading...
E21F 15/00
Loading...
201510647568.7
柳州华锡有色设计研究院有限责任公司
李业辉
E21F 15/00
Loading...
本发明公开了一种全尾砂膏体充填脱水系统及其建造方法，该系统包括矿山的采空区和设置在采空区底部通道口处的密闭墙，滤水管布置在采空区底部并沿采空区斜底板延伸敷设至采空区顶部，滤水管在采空区内部采用“井”型布置，并相互连通构成网状脱水结构，在靠近密闭墙处，滤水管汇合成数根主滤水管并穿过密闭墙接入沉淀池。本发明解决了现有尾砂填充脱水技术存在的脱水效率低、容易拥堵等问题，具有脱水速度快，性能稳定的优点。
9. 105130063 一种降低尾矿库外排废水中铜离子含量的方法
CN
09.12.2015
C02F 9/04 Loading...
C02F 9/04
Loading...
201510622591.0
广西华锡集团股份有限公司再生资源分公司
罗玉梅
C02F 9/04
Loading...
本发明涉及有色金属选矿生产后的尾矿废水处理工艺，公开了一种降低尾矿库外排废水中铜离子含量的方法，其尾矿处理过程包括尾矿浓缩脱水——细粒级尾矿再浓缩——尾矿砂沉淀的工序，在于尾矿处理过程还包括添加聚合氧化铝试剂吸附铜离子，所述尾矿浓缩脱水环节为：将选矿厂排出的尾矿浆输送至脱水斗进行脱水处理，使较重的粗粒级尾矿沉降至脱水斗底部形成粗粒级沉砂，较轻的细粒级尾矿伴随矿浆从脱水斗上层溢出形成细粒级尾矿浆；脱水处理完毕，粗粒级沉砂直接进入尾矿砂沉淀工序，细粒级尾矿浆与聚合氧化铝试剂混合后进入再浓缩工序。本发明降低尾矿库外排废水中铜离子含量的方法具有成本低、操作简单、环保达标的特点。
10. 105032638 细粒锡石选矿中的脱泥方法
CN
11.11.2015
B04C 9/00 Loading...
B04C 9/00
Loading...
201510371043.5
广西华锡集团股份有限公司车河选矿厂
陈志文
B04C 9/00
Loading...
本发明公开了一种细粒锡石选矿中的脱泥方法，涉及选矿技术领域，包括采用水力旋流器对矿浆进行一段分级脱泥，一段分级的沉砂送入浮选前的搅拌桶，一段分级的溢流送入浓泥斗进行二段分级脱泥，二段分级的沉砂送入所述搅拌桶，二段分级的溢流丢尾。与现有技术相比，本发明对浮选前的矿浆采用水力旋流器进行一段分级脱泥，浓泥斗进行二段分级脱泥，使矿浆达到浮选所需的理想粒度，为浮选提供良好条件，提高浮选效果；由于进入浮选的矿浆含泥量降低，浮选的作业回收率可提高5个百分点；减少了细粒级别矿物含量，浮选所需药剂消耗量可降低15%左右。
11. 105003808 浓密机润滑方法
CN
28.10.2015
F16N 1/00 Loading...
F16N 1/00
Loading...
201510371066.6
广西华锡集团股份有限公司车河选矿厂
梁增永
F16N 1/00
Loading...
本发明公开了一种浓密机润滑方法，属选矿设备技术领域，该浓密机包括设置在池子内的中心轴，中心轴上套装有中心转盘，中心转盘包括有通过滚动轴承与固定支架相连接的旋转支架；沿池子边缘设置有与耙架一端固定连接的行走机构，耙架的另一端与旋转支架固定连接；旋转支架与固定支架相邻的结合面有侧向间隙；在旋转支架上开设有其出口位于旋转支架与固定支架侧向隙处的加油通道；其润滑方法是：a、使滚动轴承水平安装位置高于池子内的水面；b、在旋转支架上开设与加油通道相通的对应于滚动轴承的孔；c、在加油通道进口处安装加油咀。本发明可以解决现有浓密机润滑加油存在的劳动强度高、工作效率低和容易造成工作人员人身伤害的问题。
12. 204723812 深锥浓缩机
CN
28.10.2015
B01D 21/02 Loading...
B01D 21/02
Loading...
201520094024.8
广西华锡集团股份有限公司河池矿冶机械制造分公司
王志明
B01D 21/02
Loading...
本实用新型公开了一种深锥浓缩机，涉及矿山机械制造技术领域，包括有圆筒部和连接在所述圆筒部底部的锥筒部，所述圆筒部于其内装有由动力机驱动的伸至所述锥筒部底部的转轴，于其顶部设有给料井；所述锥筒部至少由多个斜角不同度的锥筒体连接构成，所述转轴于每个所述锥筒体处至少设有一个搅拌耙；在所述给料井、所述圆筒部和多个所述锥筒体的内壁均设有一层耐磨防腐涂层。与现有技术相比，本实用新型可以解决现有的深锥浓缩机使用寿命短和成本高的问题。
13. 104984811 锯齿波跳汰机
CN
21.10.2015
B03B 5/24 Loading...
B03B 5/24
Loading...
201510371243.0
广西华锡集团股份有限公司车河选矿厂
陈志文
B03B 5/24
Loading...
本发明公开了一种锯齿波跳汰机，属选矿设备制造技术领域，该锯齿波跳汰机，这种锯齿波跳汰机，包括设有底盘的锥斗和设置于所述锥斗下方的具有顶盘的传动箱，所述底盘通过多块径向筋板连接有法兰盘，所述法兰盘上开设有多个通孔，所述法兰盘与顶盘通过穿装在这些孔中的螺栓和螺母固定连接；所述法兰盘上的多个所述通孔呈圆周均布，所述顶盘上开设有与所述法兰盘通孔相对应的孔。本发明可以解决现有锯齿波跳汰机的安装维修困难以及底盘螺孔螺纹的损坏导致锥斗的报废的问题。
14. 104984900 振动筛
CN
21.10.2015
B07B 1/28 Loading...
B07B 1/28
Loading...
201510371261.9
广西华锡集团股份有限公司车河选矿厂
陈志文
B07B 1/28
Loading...
本发明公开了一种振动筛，涉及选矿机械技术领域，包括设有进料口和出料口的筛箱，所述筛箱内通过筛框装有多层筛网，在所述筛网上装有与物料输送方向平行的两根长压条，两根所述长压条上方装有固定在所述筛箱两侧的多根横压杆，在两根所述长压条之间装有多根沿物料输送方向间隔排列的短压条，靠近所述进料口的所述短压条上端低于所述长压条上端，在所述横压杆与所述长压条之间和所述横压杆与所述短压条之间均装有楔块。与现有技术相比，本发明使矿物在筛网上均匀分布，筛分效率达90%以上；振动电机的安装螺栓和位于振动电机下方的筛网使用寿命延长。
15. 104984810 选矿摇床
CN
21.10.2015
B03B 5/06 Loading...
B03B 5/06
Loading...
201510371262.3
广西华锡集团股份有限公司车河选矿厂
梁增永
B03B 5/06
Loading...
本发明公开了一种选矿摇床，涉及选矿设备技术领域，包括连接床面一端的传动箱，所述传动箱连接有电机，所述传动箱具有箱体和装在所述箱体内的偏心轴，在所述偏心轴上装有油链，所述油链的下部伸入所述箱体内的润滑油中，所述油链由多个链节单元串联而成，所述链节单元包括两块内侧链板和位于两块所述内侧链板一端的两块外侧链板，两块所述内侧链板和两块所述外侧链板通过链轴铰接，位于两块所述内侧链板之间的所述链轴上套装有滚圈。与现有技术相比，本发明的油链与偏心轴摩擦转动平稳，不易磨损或卡死折断，可正常使用4年以上，油链的使用寿命长，保证选矿摇床的正常运行。
16. 104984833 浮选机
CN
21.10.2015
B03D 1/16 Loading...
B03D 1/16
Loading...
201510371064.7
广西华锡集团股份有限公司车河选矿厂
梁增永
B03D 1/16
Loading...
本发明公开了一种浮选机，属矿选设备制造技术领域，该浮选机包括有槽体和竖直伸进所述槽体内的通过第一电机驱动的套装有中心筒的主轴；所述中心筒设置有与进浆管连通的进浆口；所述槽体于槽口处设置有通过第二电机驱动的转轴，所述转轴由多根连接轴和通过多根头尾依次套接在所述连接轴外的刮板轴构成，所述主轴于对应于所述进浆口处设有保护套；所述刮板轴于两端均设有镶套，所述连接轴的两端分别插接在相邻的两根所述刮板轴内。本发明可以解决现有浮选机的主轴和连接轴使用寿命短的问题。
17. 104984820 浓泥斗
CN
21.10.2015
B03B 11/00 Loading...
B03B 11/00
Loading...
201510371065.1
广西华锡集团股份有限公司车河选矿厂
梁增永
B03B 11/00
Loading...
本发明公开了一种浓泥斗，属选矿设备制造技术领域，该浓泥斗包括有上大下小置于支撑架上的顶部设置有环形溢流槽的锥形斗，所述锥形斗内设置有竖直的给料筒，所述给料筒连接有进料管，在所述锥形斗底部设有出料软管，所述出料软管下方设置有接料箱；所述出料软管穿装在所述锥形斗底部的排料口中，所述出料软管顶部设置有定位凸环。这种方法可以解决排料口易堵塞、难以清通以及闸阀易磨损生锈难调节给料量大小、并需要经常更换，造成生产成本高的问题。
18. 104984834 浮选机刮板轴连接方法
CN
21.10.2015
B03D 1/16 Loading...
B03D 1/16
Loading...
201510371230.3
广西华锡集团股份有限公司车河选矿厂
陈志文
B03D 1/16
Loading...
本发明公开了一种浮选机刮板轴连接方法，属矿选设备制造技术领域，该浮选机包括设有两相对侧板的槽体，在两块侧板之间设置有通过电机驱动的转轴，转轴由多根连接轴和通过多根头尾依次套接在连接轴外的刮板轴构成，刮板轴两端分别开设有轴向的安装孔；按照以下步骤进行连接：A、分别在刮板轴安装孔的两端插装镶套，并将镶套与刮板轴焊接连接；B、将第一根刮板轴一端套入第一根连接轴一端，将第一根刮板轴的另一端套入第二根连接轴的一端；C、根据侧板之间距离的需要，按照B步骤的方法将多根刮板轴与多根连接轴依次套接成一根转轴，即得。本发明可以解决现有浮选机刮板轴使用寿命短的问题。
19. 204718515 光面爆破精细化装药定向诱导装置
CN
21.10.2015
F42D 3/04 Loading...
F42D 3/04
Loading...
201520353831.7
广西华锡集团股份有限公司铜坑矿
胡建华
F42D 3/04
Loading...
本实用新型公开了一种光面爆破精细化装药定向诱导装置，其特征是：在PVC药管(1)的壁上按诱导方向间隔切割有多条诱导缝隙槽(11)，在每条所述的诱导缝隙槽(11)上以V形金属片(2)的尖头朝外固定安装有所述的V形金属片(2)，在所述的PVC药管(1)内安装有炸药(12)和雷管及导爆管(15)，所述的炸药(12)处于所述的诱导缝隙槽(11)的位置且多个所述的炸药(12)之间采用不耦合装药结构，所述的PVC药管(1)的孔口(14)用炮泥堵塞。本实用新型是一种装药结构和位置可控性增强，极大地提高装药效率与不耦合装药精度的光面爆破精细化装药定向诱导装置。
20. 104959213 选矿摇床的安装方法
CN
07.10.2015
B03B 5/04 Loading...
B03B 5/04
Loading...
201510372602.4
广西华锡集团股份有限公司车河选矿厂
陈志文
B03B 5/04
Loading...
本发明公开了一种选矿摇床的安装方法，涉及选矿设备安装技术领域，包括使用四个水平柱进行安装，并在安装选矿摇床的四个滑块盒上加工限位孔；操作步骤如下：将四个滑块盒、四个调坡器及螺杆分别安放到四个水泥基础上，测量纵向、横向排列的滑块盒限位孔的距离；将四个水平柱分别安放在四个滑块盒的限位孔内，测量呈对角放置的两个水平柱中心的距离，调节各调坡器，以一个水平柱为基准对其余水平柱进行水平面H的测定，对调整好的一个调坡器浇筑水泥，进行参数尺寸的复查，浇筑其余的调坡器，待水泥保养期满后，安装摇床床面。与现有技术相比，本发明安装测量快捷精确，从而快速准确地安装选矿摇床，确保安装精度，使摇床床面运行平稳。
21. 104646279 振动筛
CN
27.05.2015
B07B 1/28 Loading...
B07B 1/28
Loading...
201410059522.9
广西华锡集团股份有限公司河池矿冶机械制造分公司
王志明
B07B 1/28
Loading...
本发明公开了一种振动筛，涉及矿用筛分机械技术领域，包括筛框、设置于筛框内的筛网、支撑所述筛框的弹簧、连接所述筛框和所述弹簧的支撑座和为所述筛框提供振动源的激振装置，所述筛框倾斜设置，所述弹簧设置于升降调节装置之上，在所述筛框上与所述支撑座的连接处设置有固定轴，所述固定轴与所述支撑座转动连接，所述固定轴通过锁紧装置与所述支撑座相固定。本发明相比较于现有技术，增加了倾角调节装置，可根据工矿使用情况及时灵活地调整筛框角度，实现最佳筛分效果，提高筛分效率，而且倾角调节装置调节灵活、方便，可适用于各种工况。
22. 204159436 一种用于提高硫化矿脱除率的枱浮摇床
CN
18.02.2015
B03B 5/04 Loading...
B03B 5/04
Loading...
201420559359.8
广西华锡集团股份有限公司车河选矿厂
陈志文
B03B 5/04
Loading...
本实用新型公开了一种用于提高硫化矿脱除率的枱浮摇床，包括床面（1）、传动机构（6）和支承机构（14），所述传动机构（6）与床面（1）连接，所述床面（1）安装在支承机构（14）上，所述床面（1）表面设置有床条（5），所述床面（1）为直角梯形状，靠床面（1）斜边处设置有凸台（7）和给水槽（12），所述凸台（7）上方设置有具有缓冲作用的给矿斗（8），所述给矿斗（8）设置在固定于地面的旋转支架Ⅱ（9）上。本实用新型具有分选效果好、精矿质量高的优点。
23. 204107561 一种弹簧圆锥破碎机调整装置
CN
21.01.2015
B02C 2/02 Loading...
B02C 2/02
Loading...
201420146336.4
广西华锡集团股份有限公司再生资源分公司
林和
B02C 2/02
Loading...
本实用新型公开了一种弹簧圆锥破碎机调整装置，包括主轴、定锥衬板等部件，调整装置由调整环、调整环固定吊耳、支承环组成，改造方法是将原调整环的固定吊耳割去，重新制作调整环新的固定吊耳，将调整环新的固定吊耳在原调整环的固定吊耳位置上升高40～70毫米安装，使圆锥破碎机调整环尚有调节空间能使用，延长调整环的工作行程，定锥衬板和动锥衬板可以在被磨穿后再更换。通过延长调整环的工作行程，解决现有技术中的破碎衬板寿命短、破碎衬板材料未充分利用的技术问题，达到了充分利用破碎衬板的目的，既延长了破碎衬板的更换周期，又减少了维护、更换衬板的时间，大大地降低弹簧圆锥破碎机的运行成本。
24. 204107631 一种凸轮杠杆式摇床传动装置
CN
21.01.2015
B03B 5/04 Loading...
B03B 5/04
Loading...
201420146357.6
广西华锡集团股份有限公司再生资源分公司
周德炎
B03B 5/04
Loading...
本实用新型公开了一种凸轮杠杆式摇床传动装置，其滚轮通过传动偏心轴固定在机壳上，摇臂通过摇臂转动销轴固定在机壳，台板上和卡子连接的轴孔内安装有滚动轴承，通过滚动轴承与销轴连接。本实用新型改变传统设计中台板销孔直接与销轴连接的方式，在台板销孔和销轴之间安装滚动轴承，台板与销轴之间的摩擦转化为轴承上滚珠与轴承壁之间的滚动摩擦，避免对台板造成磨损，提高了台板的使用寿命，一旦轴承损坏失效，只需要选用一只相同型号的轴承来更安装即可，而不需要重新加工出一块新的台板来进行更换，结构简单可靠，并且节省了维护时间，降低了设备维护成本，有效提高了生产效率。
25. 204114145 摇床偏心传动轴密封装置
CN
21.01.2015
F16J 15/32 Loading...
F16J 15/32
Loading...
201420147611.4
广西华锡集团股份有限公司再生资源分公司
林升舟
F16J 15/32
Loading...
本实用新型公开了一种摇床偏心传动轴密封装置，包括用于承接偏心传动轴的定位套筒，定位套筒将偏心传动轴包围并在在包围区域形成可以装载润滑剂的腔体，两端腔体开口被密封圈封住，密封圈一边是设置在定位套筒外部的带轮，另一边是偏心传动轴的封端盖，密封圈被带轮和封端盖夹紧固定，密封圈包括“O”型密封圈和“Y”型密封圈。本实用新型的偏心传动轴的密封装置解决了现有传动轴密封装置存在的漏油问题，避免频繁更换定位套筒，具有耗油少、稳定性强等特点。
26. 204107556 一种颚式破碎机静颚板的固定装置
CN
21.01.2015
B02C 1/02 Loading...
B02C 1/02
Loading...
201420146337.9
广西华锡集团股份有限公司再生资源分公司
林和
B02C 1/02
Loading...
本实用新型公开了一种颚式破碎机静颚板的固定装置，包括机座、压铁螺杆、压铁、下止动卡，在静颚板与机座之间增加了一块用钢铁铸成的背板，背板的上下两端分别有上止动卡和下止动卡，静颚板和压铁被限制在两个止动卡给定的区域内。加装固定装置后相当于缩小了排矿口，在工作过程中就算被反冲击力振松背板和静颚板，把螺杆再次扭紧又能把它们牢牢固定在机座上，不至于使压铁螺杆被折断，发生静颚板脱落的事故，既提高工作效率又减小了因为静颚板固定装置不够坚固出现安全事故的几率，解决了颚式破碎机由于静颚板经常被振松甚至折断压铁螺杆从而出现静颚板脱落的问题，提高了工作效率，减少了维护劳动强度。
27. 204107632 一种粗砂摇床分级箱
CN
21.01.2015
B03B 5/06 Loading...
B03B 5/06
Loading...
201420147764.9
广西华锡集团股份有限公司再生资源分公司
许大洪
B03B 5/06
Loading...
本实用新型公开了一种粗砂摇床分级箱，包括流矿槽、阻砂条、角铁架、锥角形分级室，阻砂条安装在流矿槽和角铁架之间，排砂弯管前端布置有砂芯杆，砂芯杆头部锥面为砂芯锥形阀；砂芯锥形阀上设置有锥形阀上排砂槽，锥形阀上排砂槽切口沿砂芯锥形阀的锥形面向下开设。由于在砂芯锥形阀上设置有多个锥形阀上排砂槽，并均匀的布置在砂芯锥形阀上，使传统的线性排砂变成了槽体排砂，巧妙的避免了因砂芯锥形阀表面光滑而导致的摇床分级机底阀排砂时易堵塞等问题，从而保证了摇床分级机的正常分级分量，提高了摇床选别时的工作效率。
28. 204065081 一种扇形溜槽选矿试验装置
CN
31.12.2014
G01N 33/22 Loading...
G01N 33/22
Loading...
201420447085.3
广西华锡集团股份有限公司车河选矿厂
陈志文
G01N 33/22
Loading...
本实用新型公开一种扇形溜槽选矿试验装置，包括摆式给料机（1）、分矿导流装置（2）、扇形溜槽（3）和多产品接矿装置（4），其特征在于：所述摆式给料机（1）设于分矿导流装置（2）上方，摆式给料机（1）的出料口正对分矿导流装置（2）的进料口，所述分矿导流装置（2）的出料口与扇形溜槽（3）的进料口连接，所述扇形溜槽（3）的出料口与多产品接矿装置（4）连接；所述分矿导流装置（2）由入料区（21）和混匀区（22）组成，所述混匀区由隔板分成至少五个扇形导向槽（20）。使用本实用新型的选矿试验装置具有在研究时用矿量少，操作容易，劳动量少，设备投资少，在实验室中能较容易的进行试验研究的优点。
29. 204051810 一种易拆卸球磨机衬板
CN
31.12.2014
B02C 17/22 Loading...
B02C 17/22
Loading...
201420447277.4
广西华锡集团股份有限公司车河选矿厂
梁增永
B02C 17/22
Loading...
本实用新型公开一种易拆卸球磨机衬板，包括衬板主体以及设于衬板主体上的螺孔，所述衬板主体周围至少一面设为斜面；所述衬板主体至少一长边对应的面设为斜面；所述斜面与筒体内壁的夹角为30～45℃。本实用新型将衬板设置为30～45℃的斜面，不仅结构简易，还可将衬板在筒体内采用相互搭接的方式紧密接触，可保持一列衬板间不会被小球或矿砂卡住形成自锁，不会影响衬板的稳定性；在衬板卸下时，不需要进行切割作业，卸除时间降至40min，时间大幅缩短，提高了衬板更换的方便性，劳动强度大为减少，且避免了有害气体的产生，便于在矿山行业中推广运用。
30. 204024980 冷却水循环装置
CN
17.12.2014
F04B 39/06 Loading...
F04B 39/06
Loading...
201420292842.4
广西华锡集团股份有限公司铜坑矿
李刚
F04B 39/06
Loading...
本实用新型公开了一种冷却水循环装置，涉及压缩机制造技术领域，包括设有行走轮的车架，在所述车架上装有冷却器和水箱，所述车架在近所述冷却器处设有由电动机驱动的风扇；所述冷却器和水箱均设有进水口和出水口，所述冷却器的出水口与所述水箱的进水口相连通，所述水箱的出水口通过水泵与连接压缩机冷却水总进水口的压缩机进水管连接头相连通；在所述冷却器的进水口处设有与压缩机冷却水总出水口连通的压缩机出水管连接头。与现有技术相比，本实用新型可以解决现有的矿井使用的移动式空压机的冷却水使用成本高的问题。
31. 104154833 一种矿用药油自动混合装药装置
CN
19.11.2014
F42D 1/08 Loading...
F42D 1/08
Loading...
201410388031.9
广西华锡集团股份有限公司铜坑矿
张绍国
F42D 1/08
Loading...
一种矿用药油自动混合装药装置，包括喷油系统、药油混合管和装药器，所述喷油系统由油箱、压力表、调节风压大小的压气闸阀以及输油管组成；所述药油混合管一端连接装药器，另一端连接通向炮孔的输药软管，中部设有连接输油管的接口。接通风压后，所述油箱内柴油经输油管与装药器喷出的炸药在药油混合管充分混合，后经输药软管压入炮孔。采用本发明能够实现药油的定比例自动均匀混合和自动装药，有利于降低装药返粉率、改善装药质量，提高装药效率，节约爆破成本。
32. 104101553 非加热矿浆浓细度快速测定方法
CN
15.10.2014
G01N 5/00 Loading...
G01N 5/00
Loading...
201410275457.3
广西华锡集团股份有限公司车河选矿厂
余忠保
G01N 5/00
Loading...
本发明公开一种非加热矿浆浓细度快速测定方法，通过称量容器、矿浆样品及水来计算得出矿浆样品的浓细度，相对于烘干直接测定法和浓度壶法，它具有精度高、时间短并且操作简便的优点，对生产更具实时指导作用，同时具有节约电能及安全环保的优势。
33. 203764532 振动筛
CN
13.08.2014
B07B 1/28 Loading...
B07B 1/28
Loading...
201420075703.6
广西华锡集团股份有限公司河池矿冶机械制造分公司
王志明
B07B 1/28
Loading...
本实用新型公开了一种振动筛，涉及矿用筛分机械技术领域，包括筛框、设置于筛框内的筛网、支撑所述筛框的弹簧、连接所述筛框和所述弹簧的支撑座和为所述筛框提供振动源的激振装置，所述筛框倾斜设置，所述弹簧设置于升降调节装置之上，在所述筛框上与所述支撑座的连接处设置有固定轴，所述固定轴与所述支撑座转动连接，所述固定轴通过锁紧装置与所述支撑座相固定。本实用新型相比较于现有技术，增加了倾角调节装置，可根据工矿使用情况及时灵活地调整筛框角度，实现最佳筛分效果，提高筛分效率，而且倾角调节装置调节灵活、方便，可适用于各种工况。
34. 103934091 Classification box of coarse sand table
CN
23.07.2014
B03B 5/06 Loading...
B03B 5/06
Loading...
201410122740.2
广西华锡集团股份有限公司再生资源分公司
许大洪
B03B 5/06
Loading...
The invention discloses a classification box of a coarse sand table. The classification box of the coarse sand table comprises a sluice box, sand blocking bars, an angle iron bracket and a tapered classification chamber, wherein the sand blocking bars are installed between the sluice box and the angle iron bracket, a sand core rod is arranged at the front end of a sand discharging elbow pipe, a conical surface of the head portion of the sand core rod is a sand core cone valve, multiple cone valve upper sand discharging grooves are formed in the sand core cone valve, and the notch of each cone valve upper sand discharging groove is downward formed along the conical surface of the sand core cone valve. According to the classification box of the coarse sand table, due to the fact that the multiple cone valve upper sand discharging grooves are formed in the sand core cone valve and evenly distributed on the sand core cone valve, the traditional linear sand discharging is replaced with the groove type sand discharging, the problem that a bottom valve of a table classifier is prone to blockage during sand discharging due to the fact that the surface of the sand core cone valve is smooth is ingeniously avoided, normal classification and distribution of the table classifier are guaranteed, and the working efficiency during table classification is improved.
35. 203648226 一种转鼓真空过滤机分配头
CN
18.06.2014
B01D 33/06 Loading...
B01D 33/06
Loading...
201320559902.X
广西华锡集团股份有限公司车河选矿厂
陈建明
B01D 33/06
Loading...
本实用新型公开了一种转鼓真空过滤机分配头，旨在提供一种过滤角度大、分离率高、吹气压力高的转鼓真空过滤机用的分配头，它包括分配头壳体，分配头壳体上设有吹气室、真空室I、真空室II、真空室III，分配头壳体上设有两个真空管接口，真空室II和真空室III之间为连通的或隔板上设有通气孔，吹气室中设有两个吹气孔，两个真空管接口分别与真空室I、真空室III连通，隔板上设有挡板，板通过螺钉固定在隔板上。本实用新型特别适用与滤渣细需要增大过滤能力的转鼓真空过滤机。
36. 203548575 一种摇床传动箱主轴用铜套
CN
16.04.2014
F16C 33/10 Loading...
F16C 33/10
Loading...
201320559921.2
广西华锡集团股份有限公司车河选矿厂
吴伯增
F16C 33/10
Loading...
本实用新型公开了一种摇床传动箱主轴用铜套，旨在提供一种润滑效果好、回油效果好、成本低的摇床传动箱主轴用的铜套，它包括铜套体，铜套体上设有油孔I和油孔II，铜套体内表面设有螺旋油槽I和螺旋油槽II，螺旋油槽I和螺旋油槽II的首尾相通，油孔II通过直油槽与螺旋油槽I和螺旋油槽II的起始交点相通，螺旋油槽I和螺旋油槽II的中间相交点与油孔I相通。本实用新型适用于摇床的主轴使用，特别是适合原有摇床的铜套改进。
37. 203540140 梯级自然沉降脱水装置
CN
16.04.2014
B01D 21/02 Loading...
B01D 21/02
Loading...
201320565249.8
广西华锡集团股份有限公司车河选矿厂
陈建明
B01D 21/02
Loading...
本实用新型涉及一种梯级自然沉降脱水装置。针对现有自然沉降脱水设备比较大型，安装维修困难，脱水效率低、效果差的问题。本实用新型提供的梯级自然沉降脱水装置，脱水池分为上脱水池和下脱水池，所述的上脱水池和下脱水池中间连接固定好，所述的上脱水池为矩形箱，下脱水池为上大下小的锥形箱，所述的上脱水池分设置有进浆口，在进浆口的对边上设置有溢水口，上脱水池分设置有挡砂板，所述的下脱水池的底部设置有排浆口。本实用新型主要用于选矿、冶金、环保、化工方面的自然沉降脱水。
38. 203549399 自压式矿浆输送装置
CN
16.04.2014
F17D 1/14 Loading...
F17D 1/14
Loading...
201320564533.3
广西华锡集团股份有限公司车河选矿厂
吴伯增
F17D 1/14
Loading...
本实用新型涉及选矿领域，尤其涉及一种用于矿浆输送的自压式矿浆输送装置。针对现有堵塞碴浆泵的进浆管和碴浆泵的问题。本实用新型一种自压式矿浆输送装置，包括砂泵池和碴浆泵，砂泵池和碴浆泵用进浆管连接，砂泵池底部设为倾斜面，砂泵池的侧面设有出浆口，砂泵池的底部高于碴浆泵。本实用新型主要用于中、低固液比浓度输送的选矿、环保、冶金、化工、建筑等行业。
39. 103713332 Method for determining jointed rock mass roadway axis strike
CN
09.04.2014
G01V 9/00 Loading...
G01V 9/00
Loading...
201310731269.2
广西华锡集团股份有限公司
吴乐文
G01V 9/00
Loading...
Provided is a method for determining a jointed rock mass roadway axis strike. The method includes the first step of utilizing a General Block program to establish a roadway model and selecting three sets of representative structure planes according to roadway cross section shapes and geometrical parameters obtained through engineering geological surveys, the second step of utilizing an Unwedge program to establish a roadway model and carrying out block computation, and the third step of outputting an information map of the number of blocks directly dropping and the minimum safety factor of the blocks when the roadway is located within 0-180 degrees in the axial direction, and determining the optimum jointed rock mass roadway axis strike with the minimum number of the blocks directly dropping and the minimum safety factor as evaluation indexes. According to the method for determining the jointed rock mass roadway axis strike, the defect that in the prior art, selection of jointed rock mass representative structure planes is unscientific is overcome, the evaluation indexes for determining the optimum jointed rock mass roadway axis strike are improved, and selection of the optimum jointed rock mass roadway axis strike can be accurate and reasonable.
40. 103615250 Subsection-studding all-open-stoping backfilling collaborative mining method
CN
05.03.2014
E21C 41/18 Loading...
E21C 41/18
Loading...
201310658513.7
中南大学
胡建华
E21C 41/18
Loading...
The invention discloses a subsection-studding all-open-stoping backfilling collaborative mining method. A panel ore block is divided into primary studdings and secondary studdings; a retrusive mining working mode that the mining is carried out out at intervals, the secondary studdings are mined and then the primary studdings are stoped is adopted; when each secondary studding is stoped, a certain thickness of an ore body is reserved on the top of the ore body and is used as a temporary protection layer; a drilling drift is arranged in each primary studding and is used for drilling the top ore body and the ore body of the primary studding; meanwhile, the drilling drift has a function of filling the drift, the function of filling the drift is achieved by a goaf of a low-level secondary studding; a filling hole is formed in the wall of the drift and is used for immediately filling the goaf of each secondary studding; a large-size stope structure parameter is designed in the ore body; a production mode of mechanical mining work is adopted; a drill jumbo is used for drilling, and a scraper discharges ores, so that the safety and high-efficiency mining is realized. The subsection-studding all-open-stoping backfilling collaborative mining method disclosed by the invention is high in ore recycling rate and high in safety under the condition that a roof surrounding rock is unsteady.
41. 203403143 一种湿法炼锌生产中的除铁装置
CN
22.01.2014
C22B 19/04 Loading...
C22B 19/04
Loading...
201320525041.3
广西华锡集团股份有限公司
梁敏炎
C22B 19/04
Loading...
本实用新型公开了一种湿法炼锌生产中的除铁装置，包括沸腾焙烧炉，沸腾焙烧炉的输出口经中性浸出槽与第一固液分离设备输入口连通，第一固液分离设备输出口经热酸还原槽与第二固液分离设备输入口连通，第二固液分离设备底端输出口与浮选机输入口连通，浮选机的第一输出口与所述沸腾焙烧炉的锌精矿输入口连通，浮选机的第二输出口与烟化炉输入口连通；第二固液分离设备侧面输出口经预中和槽与压滤机输入口连通，压滤机的第一输出口与反应釜输入口连通，反应釜输出口通过闪蒸槽与第三固液分离设备输入口连通；烟化炉的一个输出口与所述预中和槽入口端连通。本实用新型装置的除铁率高，锌损失小，锌的回收率高，降低了生产成本。
42. 203392954 一种选矿节水减排设备
CN
15.01.2014
C02F 9/04 Loading...
C02F 9/04
Loading...
201320436159.9
广西华锡集团股份有限公司再生资源分公司
容振华
C02F 9/04
Loading...
本实用新型公开了一种选矿节水减排设备，包括分离器、浓缩设备等，浓缩设备包括一级浓缩机和二级浓缩机的组合，选矿废液经过两次浓缩，杂质含量大大降低；二级浓缩过程中加入聚凝剂，使溢流液中的杂质进一步降沉，所得溢流液完全符合生产用水的要求。整个工艺过程中，废液经过分离、浓缩后可直接用于生产，显著提高了废液处理效率，解决传统往选矿废液处理设备的回收率低、净化质量差的问题，除正常尾矿输送所需要的水量外，选矿废液几乎100%回收，不向自然界排放，大大降低了选矿过程对环境的污染影响。
43. 103433122 一种锡中矿分质分级分选工艺
CN
11.12.2013
B03B 7/00 Loading...
B03B 7/00
Loading...
201310414226.1
广西华锡集团股份有限公司车河选矿厂
吴伯增
B03B 7/00
Loading...
本发明涉及一种锡中矿分质分级分选工艺，步骤如下：（1）将粗砂摇床尾矿一次分级；（2）将一次分级粗粒沉砂矿与前重尾矿进行富集；（3）将一次分级溢流矿和细砂摇床尾矿进行二次分级；（4）将二次分级沉砂矿与经步骤（2）分选出的精矿混合后进行三次分级；（5）将三次分级溢流矿四次分级，所述的四次分级沉砂矿经浮选脱硫后用摇床选别得到中矿锡精矿及尾矿，所述的四次分级溢流矿经脱泥、脱硫浮选和浮锡浮选后分别得到硫化矿、锡精矿和尾矿。该工艺解决了锡选矿厂主流程中矿矿浆浓度小、粒度差异大、磨矿粒度两极分化严重、精矿品位及回收率低的难题，将锡回收率提高2.14%，减少尾矿排放量2.7万吨，同时降低了能耗、药耗。
44. 103381388 Tin reclaiming method for fine-grain and low-grade secondary mineral tailings
CN
06.11.2013
B03B 7/00 Loading...
B03B 7/00
Loading...
201310304528
广西华锡集团股份有限公司再生资源分公司
黎君欢
B03B 7/00
Loading...
The invention discloses a tin reclaiming method for fine-grain and low-grade secondary mineral tailings. The tin reclaiming method comprises the procedures including front hoisting and tailings throwing, fine silt separating, and the like, wherein the procedure of front hoisting and tailings throwing of secondary mineral tailings comprises the steps of primary screening and classification, primary ore grinding and secondary screening and classification; the procedure of fine silt separating comprises the steps of classification and swirler treatment. According to the invention, separated mineral tailings are classified again, and a swirler is used for desliming, so that the equilibrium quantity and the concentration of ore slurry flowing into a fine silt yun tin shaking bed are ensured, separation of tin and silt slag is improved, the defect that in the traditional process, tin separation is complicated and difficult, the degree of dissociation of tin monomer is poor and the recovery rate is low due to low grade of mineral tailings can be overcome, the separating capability of tin separation is improved, the tin concentrate recovery rate of the shaking bed is improved, and reclaiming and cyclic utilization of waste material are realized.
45. 103331205 一种模糊闭路自整定动态水力旋流分级机
CN
02.10.2013
B03B 5/34 Loading...
B03B 5/34
Loading...
201310217958.1
广西华锡集团股份有限公司
胡明振
B03B 5/34
Loading...
本发明涉及一种模糊闭路自整定动态水力旋流分级机，其特征在于：全套装置包括变径底流管、锥形缸体、进浆管、密封圈Ⅰ、阀门、进浆粒度分析仪、进浆压力表、进浆流量计、变径管、控制计算机、溢流缸体、电机、轴承、密封圈Ⅱ、轴承盖板、溢流压力表、溢流流量计、溢流粒度分析仪、溢流管、缸体、中心轴、叶轮。本发明根据不同矿物的粒度组成性质，通过更换不同直径的变径底流管，从而达到最佳分级效果。本发明能加强浆体颗粒在缸体内的旋转分离强度，自动化程度和控制精度高，具有良好的分级效果。
46. 103319090 一种铅锌尾矿制备深色微晶玻璃的工艺方法
CN
25.09.2013
C03C 10/04 Loading...
C03C 10/04
Loading...
201310217525.6
广西华锡集团股份有限公司
胡明振
C03C 10/04
Loading...
本发明涉及一种铅锌尾矿制备深色微晶玻璃的工艺方法，其特征在于所选原料按以下质量百分比组成：铅锌尾矿51.35%～59.78%，石灰石13.35%～21.3%，粉石英14.73%～23.49%，氧化锌2.72%～3.27%，碳酸钡3.34%～5.04%。本发明的具体步骤是：先将原料混合均匀后进行熔制，采用Sb2O3做澄清剂，得到澄清玻璃液，并对澄清玻璃液进行水淬，再烘干后筛分，其次将烘干后的物料铺入瓷舟，放入电阻炉加热，依次经过退火、研磨、抛光、切割，最终得到成品。采用本发明制备的深色微晶玻璃抗折强度为72.33Mpa，体积密度达到2.729g/cm3，性能优于瓷质砖和天然花岗岩，且尾矿利用率达到56.67%，有效解决了铅锌尾矿的再利用问题。
47. 103301936 一种用于球磨机碎钢球分离的磁力装置及其装配工艺
CN
18.09.2013
B03C 1/14 Loading...
B03C 1/14
Loading...
201310217957.7
广西华锡集团股份有限公司
胡明振
B03C 1/14
Loading...
本发明涉及一种用于球磨机碎钢球分离的磁力装置及其装配工艺，其特征在于：全套装置包括机架1、左支架3、左盖板4、磁系单元7、连接套管9、右盖板10、右支架11、溜槽13、滚桶14，磁系6分为N极向上磁系21和S极向上磁系22，采用N极向上磁系21和S极向上磁系22交叉排列方式，且排列完成后，位于最外端的两个磁系6之间形成的磁夹角约为210°，滚桶14内侧有内螺旋导槽。该技术工艺安全可靠，简单易行，分离2mm以上球磨机碎钢球及铁质碎渣效果达到100％，该装置不仅适用于球磨机分离碎钢球及铁质碎渣，也适用于其它料浆与铁质碎渣的分离。
48. 103301910 一种用于球磨机出料口矿浆预筛分的圆筒筛及其装配工艺
CN
18.09.2013
B02C 17/18 Loading...
B02C 17/18
Loading...
201310218722.X
广西华锡集团股份有限公司
胡明振
B02C 17/18
Loading...
本发明涉及一种用于球磨机出料口矿浆预筛分的圆筒筛及其装配工艺，其特征在于：全套装置筛网（1）、骨架（2）、紧固螺钉（3）、连接螺栓（13）、圆筒筛（14）、冲洗水管（15）、隔离罩（16）、连接螺栓（17）、出料口（18）、细粒槽（19）、粗粒槽（20），在圆筒筛（14）的上部加一根冲洗水管（15），防止筛网（1）堵塞，并且在圆筒筛（14）外部加一个隔离罩（16），收集细粒级矿粒进入细粒槽（19），并防止矿浆飞溅。本发明装置具有性能稳定，网格致密的特点，预筛分效率较高且筛分效果好，整套装置运行安全可靠、装配精度较高，不仅适用于球磨机出料口矿浆的预筛分，也适用于其它设备料浆的预筛分。
49. 103301935 一种用于湿式永磁滚筒式强磁选机的磁辊及其装配工艺
CN
18.09.2013
B03C 1/12 Loading...
B03C 1/12
Loading...
201310217956.2
广西华锡集团股份有限公司
胡明振
B03C 1/12
Loading...
本发明涉及一种用于湿式永磁滚筒式强磁选机的磁辊及其装配工艺，全套装置包括中心轴、磁轭、填充胶、主磁块、磁极板、辅助磁块、轴座、辅助磁块紧固螺钉、轴座紧固螺钉、滚筒、下轴座、磁轭焊接组件、扇形辅助磁块粘结组件Ⅰ、扇形辅助磁块粘结组件Ⅱ、扇形主磁块粘结组件Ⅰ、扇形主磁块粘结组件Ⅱ、螺母联轴器、端盖Ⅰ、传动套、轴承座、双列向心轴承、轴承套、骨架油封、滚筒与法兰焊接组件、端盖Ⅱ。本发明的装配工艺安全可靠，简单易行，不仅适用于湿式永磁滚筒式强磁选机，也适用于其它永磁强磁设备。
50. 103308871 一种用于板式永磁强磁系磁场精确测量的装置及其装配工艺
CN
18.09.2013
G01R 33/02 Loading...
G01R 33/02
Loading...
201310217959.6
广西华锡集团股份有限公司
胡明振
G01R 33/02
Loading...
一种用于双面板式永磁强磁系磁场精确测量的装置及其装配工艺，其特征在于：全套装置包括机架、定位座Ⅰ、定位座紧固螺钉、支撑板紧固螺栓、支撑板、下调节螺杆、调节座Ⅰ、上调节螺杆、定位座紧固螺钉、定位座Ⅱ、板式永磁系、上调节板、下调节板、调节座紧固螺栓、调节座Ⅱ，该装置利用支撑板、上调节板以及下调节板进行定位，再用支撑板紧固螺栓及调节座紧固螺栓进行固定。该装置测量精度高，安全可靠，简单易行，能精确测量双面板式永磁强磁系磁场的磁场强度，同时也适用于其他强磁力设备磁系磁场的测量，具有较大的适用性。
51. 203008969 一种用于地下爆破冲击灾害防护的柔性阻波墙
CN
19.06.2013
E21F 17/103 Loading...
E21F 17/103
Loading...
201220579506.9
广西华锡集团股份有限公司铜坑矿
罗先伟
E21F 17/103
Loading...
本实用新型公开了一种用于地下爆破冲击灾害防护的柔性阻波墙,根据地下工程布置情况和爆破设计方案，按夹制条件下爆破冲击波的情况分别计算超压，在地下巷道出口、斜坡道口以及其他人员和设备需要保护的区域设置柔性挡波墙。柔性网由网绳相互交错而成，边缘与隧道边缘轮廓匹配，用于阻挡、减弱地下爆破冲击波，避免地下爆破冲击灾害，隧道顶部和两壁锚固定有锚杆，锚杆五分四嵌入隧道的顶部或墙体，在横向和斜向相互交错形成柔性网，柔性网旁边还堆叠有缓冲袋，缓冲袋沿着依柔性网堆叠至顶部隧道，而形成缓冲墙，缓冲墙和柔性网组成了挡波墙。本实用新型安全高效、成本低廉、易于建造，爆破过程中能有效阻挡、削弱空气冲击波，避免地下爆破灾害。
52. 103084275 一种锡石矿物絮凝剂的制备方法及其应用
CN
08.05.2013
B03D 1/001 Loading...
B03D 1/001
Loading...
201310026908.5
广西华锡集团股份有限公司
吴伯增
B03D 1/001
Loading...
一种锡石矿物絮凝剂的制备方法及其应用，按摩尔比将环氧氯丙烷:三甲胺=1～3:3～8放入平底烧瓶,置于冰浴锅中，密闭搅拌反应1～3h后，静置分层后取上层液作为中间产品待用。将淀粉放入另一平底烧瓶中，加入所述中间产品，以H2SO4溶液作催化剂，按总体系质量比的0.2%～0.5%加入NaOH，置于70～90℃水浴锅中加热反应2～5h后，经干燥后得到一种粉状物质，即为所述絮凝剂。采用本发明所述絮凝剂对小于74微米的锡石有很好的絮凝作用，有效提高细泥锡石的可浮性，药剂用量少，无毒无污染。
53. 103008116 一种双流注入式浮选方法及其装置
CN
03.04.2013
B03D 1/16 Loading...
B03D 1/16
Loading...
201210538552.9
广西华锡集团股份有限公司
陈锦全
B03D 1/16
Loading...
本发明涉及一种双流注入式浮选方法及其装置，主要用于金属、非金属矿及化工原料的浮选。其特征在于：该浮选装置包括：浮选槽体（1）、固装在主轴（2）下端的搅拌叶轮（3）、定子机构（4）、空气进气管（6）、进浆管（5）、安装于进气管头部之上的单向阀（7）。本发明采用矿浆流和空气流分别喷射注入浮选槽体（1）的方法，矿浆与空气在浮选槽体（1）内充分混合矿化，实现分选。本发明的有益效果是：与现有技术相比，能使气体与矿浆更加有效地混合，充气性能更良好，充气量高达1.4~1.7m3/m2·min，气泡数量多且气泡分布均匀，充气均匀度达88%~92%，而且可在较大范围内调节充气量，具有良好的浮选效果。
54. 102989592 一种多气流脉冲注入式浮选机
CN
27.03.2013
B03D 1/16 Loading...
B03D 1/16
Loading...
201210538553.3
广西华锡集团股份有限公司
胡明振
B03D 1/16
Loading...
本发明涉及一种多气流脉冲注入式浮选机，用于贫锡多金属硫化矿浮选。其特征在于：该浮选机包括槽体（11）、主轴（5）、搅拌叶轮（9）、定子机构（10）、泡沫刮板（8）和一个多气流脉冲充气系统。多气流脉冲充气系统包括高速电液伺服换向阀（2）、单向进气阀（13）、假底（14）。单向进气阀（13）安装于假底（14）之上，并与假底（14）的内腔相通，单向进气阀（13）数量分布特征为定子机构（10）下的单向进气阀（13）数量占其总数量的65%~80%。本发明与现有技术相比，能够使气体与矿浆的混合更加有效，不但吸气量大、气泡数量多、气泡分布均匀，而且整机自动化程度高，具有良好的浮选效果。
55. 102926805 一种用于地下爆破冲击灾害防护的柔性阻波墙
CN
13.02.2013
E21F 17/103 Loading...
E21F 17/103
Loading...
201210437937.6
广西华锡集团股份有限公司铜坑矿
罗先伟
E21F 17/103
Loading...
本发明公开了一种用于地下爆破冲击灾害防护的柔性阻波墙,根据地下工程布置情况和爆破设计方案，按夹制条件下爆破冲击波的情况分别计算超压，在地下巷道出口、斜坡道口以及其他人员和设备需要保护的区域设置柔性挡波墙。柔性网由网绳相互交错而成，边缘与隧道边缘轮廓匹配，用于阻挡、减弱地下爆破冲击波，避免地下爆破冲击灾害，隧道顶部和两壁锚固定有锚杆，锚杆五分四嵌入隧道的顶部或墙体，在横向和斜向相互交错成形成柔性网，柔性网旁边还堆叠有缓冲袋，缓冲袋沿着依柔性网堆叠至顶部隧道，而形成缓冲墙，缓冲墙和柔性网组成了挡波墙。本发明安全高效、成本低廉、易于建造，爆破过程中能有效阻挡、削弱空气冲击波，避免地下爆破灾害。
56. 202683322 加棒机
CN
23.01.2013
B02C 23/00 Loading...
B02C 23/00
Loading...
201220265242.X
广西华锡集团股份有限公司车河选矿厂
陈建明
B02C 23/00
Loading...
本实用新型涉及了一种加棒机，包括机架（9）、安装在机架（9）上的导轨（13）、电机（12）、拨棒装置和伸缩架（1），在伸缩架（1）和导轨（13）上均设有滚轮（4），其中导轨（13）上的一滚轮（4）连接着皮带轮（2）；电机（12）的转轴轮（10）通过皮带（11）与皮带轮（2）相连接；所述机架（9）上还安装有限位缓冲杆（3），限位缓冲杆（3）设置在拨棒装置相对一侧的导轨（13）边上；所述拨棒装置包括横杆（5）、固定安装在横杆（5）两端的拨棒块（6）和脚踏板（8），脚踏板（8）通过连接杆（7）与拨棒块（6）相连接。该加棒机操作方便、可以有效地降低钢棒的冲击力，大大减轻了劳动强度、提高了生产效率。
57. 202464987 一种钢丝绳橡胶缓冲滚轮罐耳装置
CN
03.10.2012
B66B 7/02 Loading...
B66B 7/02
Loading...
201220081847.3
中国矿业大学
王彩侠
B66B 7/02
Loading...
本实用新型涉及一种矿用提升容器，具体涉及一种钢丝绳橡胶缓冲滚轮罐耳装置，属机械加工技术领域。该装置包括有罐体，在罐体内有缓冲调节机构，所述的缓冲调节机构包括有调节螺杆，调节螺杆上有缓冲器，所述的罐体内还对称置有两对胶轮，胶轮通过轮轴及轴瓦支撑在罐体上，调节滑块与推拉板相连，每个胶轮通过调节螺杆带动缓冲器推动或拉回推拉板及调节滑块，从而实现两两横向胶轮间距的往复缓冲调节。该罐耳装置采用滚动摩擦方式取代以往滑动摩擦方式，延长使用寿命，降低成本；采用橡胶缓冲结构，防止提升容器和该设备受力异常时对钢丝绳过度磨损弯曲；采用箱式结构，装置各部分拆装方便。
58. 202366763 磨矿机矿浆进口端盖防磨装置
CN
08.08.2012
B02C 17/18 Loading...
B02C 17/18
Loading...
201120390731.3
广西华锡集团股份有限公司车河选矿厂
陈建明
B02C 17/18
Loading...
本实用新型公开了一种磨矿机矿浆进口端盖防磨装置，包括砂筒和端盖，砂筒与端盖通过螺钉固定，其特征在于：在砂筒与端盖的结合体之间还设有密封套，所述的砂筒的内圆锥体开有防止钢球进入筒体的螺旋槽，本实用新型具有结构简单，耐用度高，适应性广等特点。
59. 202022759 采用液态氯生产氯化亚锡的通氯装置
CN
02.11.2011
C01G 19/06 Loading...
C01G 19/06
Loading...
201120093918.7
柳州百韧特先进材料有限公司
叶有明
C01G 19/06
Loading...
本实用新型涉及一种通氯装置，特别是一种采用液态氯生产氯化亚锡的通氯装置。该装置包括液氯瓶、盘管、加热水箱和氯气缓冲罐，所述的盘管置于加热水箱中，盘管进口与液氯瓶连通，盘管出口与氯气缓冲罐连通，氯气缓冲罐连通至通氯罐，所述的加热水箱中通入有蒸汽管，加热水箱外表面设置有保温层，加热水箱底部设置有排污管，上部设置有溢流管。本实用新型把液氯以液态形式引到盘管中，利用盘管加热，加快液氯气化速度，提高氯化亚锡生产氯化反应的效率，增加液氯使用安全性能的可靠性。
60. 201981022 氯化亚锡溶液动态结晶装置
CN
21.09.2011
C01G 19/06 Loading...
C01G 19/06
Loading...
201120093916.8
柳州百韧特先进材料有限公司
叶有明
C01G 19/06
Loading...
本实用新型涉及一种溶液结晶装置，特别是一种氯化亚锡溶液动态结晶装置。该装置包括由回转结晶机驱动系统带动的回转结晶机和制冷系统，制冷系统包括制冷机组、与制冷机组配套的冷却水塔和缓冲水箱，所述的回转结晶机是带有夹套的双锥回转设备，所述的冷却塔分别通过冷却塔进水管道和冷却塔出水管道与制冷机组连通，制冷机组分别通过机组出水管道和机组回水管道与缓冲水箱连通，缓冲水箱通过缓冲水箱出水管道和缓冲水箱回水管道与回转结晶机的夹套连通。本实用新型将氯化亚锡溶液原来的静态结晶改为动态结晶方式，具有生产效率高，结晶率高，氯化亚锡晶体粒径均匀和简化了结晶生产流程等优点。
61. 102126747 Chlorine introducing method and device for producing stannous chloride by liquid chlorine
CN
20.07.2011
F17C 7/04 Loading...
F17C 7/04
Loading...
201110082226.7
Liuzhou Bairente Advanced Materials Co., Ltd.
Ye Youming
F17C 7/04
Loading...
The invention relates to a chlorine introducing method and a chlorine introducing device, in particular to a chlorine introducing method and a chlorine introducing device for producing stannous chloride by liquid chlorine. The method comprises the following steps of: introducing liquid chlorine into a coiled tube to be heated and gasified, introducing chlorine to a chlorine introducing tank for use, and heating the coiled tube by external hot water at the temperature of between 40 and 60 DEG C. The device comprises a liquid chlorine cylinder, the toiled tube, a heating water tank and a chlorine buffer tank, wherein the coiled tube is arranged in the heating water tank; an inlet of the coiled tube is communicated with the liquid chlorine cylinder, and an outlet of the coiled tube is communicated with the chlorine buffer tank; and the chlorine buffer tank is communicated to the chlorine introducing tank. In the method and the device, an operating mode of the natural gasification of the liquid chlorine is changed, and the liquid chlorine is introduced into the coiled tube in liquid mode and is heated by utilizing the coiled tube to accelerate the gasification speed of the liquid chlorine and improve the efficiency of a chlorination reaction in stannous chloride production; and the requirement of the production on the speed of a chlorine introducing reaction can be met only by opening one cylinder of liquid chlorine (one ton/cylinder), and the reliability of safety performance of the liquid chlorine during use is enhanced.
62. 102120609 Dynamic crystallization technological method and device for stannous chloride solution
CN
13.07.2011
C01G 19/06 Loading...
C01G 19/06
Loading...
201110082229.0
Liuzhou Bairente Advanced Materials Co., Ltd.
Ye Youming
C01G 19/06
Loading...
The invention relates to a dynamic crystallization technological method and device for a stannous chloride solution. The technological method comprises the following steps of: A, adding a stannous chloride concentrated solution into rotation equipment with a clamping sleeve; B, introducing a coolant into the clamping sleeve of the rotation equipment; C, starting the rotation equipment, controlling the rotation speed of the rotation equipment to be 2-5r/min, and controlling the temperature difference between the stannous chloride concentrated solution and the coolant in the whole crystallizing process to be 5-10 DEG C, and D, ending crystallization when the concentration temperature T of stannous chloride is not more than 10 DEG C, stopping introduction of the coolant and the rotation equipment, spinning to dry slurry crystal in the rotation equipment in a centrifuger, and packaging to obtain a product of the stannous chloride. In the invention, the traditional static crystallization mode of the stannous chloride solution is changed into a dynamic crystallization mode, and the advantages of improved production efficiency, high crystallization rate, uniform particle sizes of stannous chloride crystals and simplified crystallization production process are achieved.
63. 102029220 Separating flotation method of low-grade complex lead-antimony-zinc
CN
27.04.2011
B03B 7/00 Loading...
B03B 7/00
Loading...
201010518066.1
Guangxi Huaxi Group Co., Ltd. Chehe Mineral Processing Factory
Wu Bozeng
B03B 7/00
Loading...
The invention relates to a novel flotation method of lead-antimony-zinc sulphide ores, particularly for selecting low-grade complex refractory lead-antimony-zinc sulphide ores. A method of ore selecting and washing is adopted, which combines washing and selection and eliminates interference of unfavorable factors such as harmful ions, drugs, slurry and the like on the selection of the low-grade lead-antimony-zinc so as to effectively improve the ore selection technical economical indexes of low-grade lead-antimony-zinc sulphide ores. The method has great significance on the improvement of utilization rate of ore resources and effective recovery of old, incomplete and waste ore resources and secondary resources, imposes important influence on the ore selection area suffering increasing insufficiency of ore resources, and is suitable for floating recovery of low-grade non-ferrous metals such as lead, non-ferrous metal, zinc and molybdenum.
64. 102030445 Four-step method for processing and recycling tin ore floatation wastewater
CN
27.04.2011
C02F 9/14 Loading...
C02F 9/14
Loading...
201010518033.7
Guangxi Huaxi Group Co., Ltd. Chehe Mineral Processing Factory
Wu Bozeng
C02F 9/14
Loading...
The invention discloses a four-step method for processing and recycling tin ore floatation wastewater, which comprises a new floatation technique, chemical treatment, physical treatment and biological treatment. The four-step method is characterized in that the principle of putting prevention first and providing prevention and control is adopted. The method is as follows: the new floatation technique and process are utilized to reduce the floatation wastewater and the microgranular particles from the headstream and reduce the usage amount of floatation reagents; because the chemical treatment method is used, the concentration of polyacrylamide in the tin ore floatation wastewater is increased from 0.5 percent to 0.9-1.1 percent, and the settling rate of part of the wastewater is improved; the physical treatment method is adopted to increase the settling distance and the settling time, the settling distance is extended for another 600 to 800m on the basis of 200m, and the settling time is increased for another 25 to 27 hours on the basis of 10 hours; aquatic organisms or plants, such as fish, frogs, aquatic weeds and the like are adopted to process the wastewater, the ecological reconstruction is realized, the agricultural irrigation standards are met, the utilization ratio of floatation return water is improved from 86 percent to above 97 percent, and peaceful and friendly coexistence of human and environment is realized.
65. 101884951 Combined mineral dressing technology of fine grain and micro grain cassiterite
CN
17.11.2010
B03B 7/00 Loading...
B03B 7/00
Loading...
201010206149.7
Chehe Ore Dressing Factory, China Tin Group Co., Ltd.
Wu Bozeng
B03B 7/00
Loading...
The invention relates to a combined mineral dressing method of fine grain and micro grain cassiterite, which gives up the single mineral dressing method of fine grain and micro grain cassiterite for years. The invention adopts the effective combination of two-time flotation operation, magnetic separation operation, desliming and dewatering operation and reselection operation, provides a new mineral dressing model for selecting grain and micro grain cassiterite which has the size of 10-37 micrometers and has complex mineral property, high impurity content and big mineral dressing difficulty, and improves the cassiterite concentration ratio and cassiterite operation recovery rate; cassiterite concentration ratio can reach 5-10, the cassiterite operation recovery rate can be above 70%, and the tin-containing grade of tin concentrate products can be above 50%. The method also can be used for the mineral dressing of fine grains and micro grains of non-ferrous metal, such as tungsten, molybdenum, tantalum, niobium and the like and has favorable economic benefit and social benefit.
66. 101787440 Method for wet processing of high antimony-lead anode mud
CN
28.07.2010
C22B 7/00 Loading...
C22B 7/00
Loading...
201010134248.9
China Tin Group Co., Ltd.
Cao Huazhen
C22B 7/00
Loading...
The invention discloses a method for wet processing of high antimony-lead anode mud, which comprises the following steps: putting high antimony-lead anode mud of which the content of antimony generated during the lead electrolysis is between 40% and 75% in hydrochloric aid medium, adopting two-section electric potential control of chlorination leaching, wherein oxidation-reduction potential of the end point of the first section chlorination leaching is controlled to be between 200-300mv, while oxidation-reduction potential of the end point of the second chlorination leaching is controlled to be 400-450mv, and 99.5% of golden and 99% of silver are enriched in the slag of the second chlorination leaching and can be subjected to further process. The silicofluoric acid in the first section chloridizing leachate is evaporated by concentration and distillation, the high-purity antimony butter is prepared from distilled and concentrated mother liquor by a continuous distillation method, and the yield of antimony metal is 95%.
67. 101781711 Vacuum distillation furnace for fraction stepwise condensation and underflow or fraction redistillation of multi-component alloy
CN
21.07.2010
C22B 9/02 Loading...
C22B 9/02
Loading...
201010134250.6
China TIN Group Co., Ltd.
Deng Chongjin
C22B 9/02
Loading...
The invention relates to a vacuum distillation furnace for the fraction stepwise condensation and the underflow or fraction redistillation of multi-component alloy. The vacuum distillation furnace has three structural modes, wherein the first mode is a one-chamber and one-tower fraction stepwise condensation mode and has the characteristic that a condensation cover is internally provided with an electric heating temperature control stepwise condensation device; the second mode is of one-chamber and double-tower underflow or fraction redistillation and respectively mixing and condensation of fractions of each tower and has the characteristic that one distillation chamber is internally provided with two distillation towers and two sets of fraction respective mixing and condensing devices; and the third mode is of one-chamber and double-tower underflow or fraction redistillation and fraction stepwise condensation and has the characteristic that one distillation chamber is internally provided with two distillation towers and two sets of condensation devices, wherein one tower is provided with a set of the electric heating temperature control stepwise condensation device. The invention can simultaneously realize the stepwise condensation, separation and purification of the fractions and the underflow or the redistillation of the fractions in one furnace and obtain a plurality of purer fractions and underflows.
68. 101767052 Artificial bed stone and gravity separation method for complex ores
CN
07.07.2010
B03B 5/24 Loading...
B03B 5/24
Loading...
200910114457.4
Chian Tin Group Co., Ltd. Chehe Ore Dressing Plant
Chen Jianming
B03B 5/24
Loading...
The invention relates to an artificial bed stone and a gravity separation method for complex ores. The method comprises the following steps: adding a selected ferric oxide material or an iron mixed material into adhesive and coal, mechanically molding the mixture to form circular balls, then burning the circular balls at the high temperature of between 1,150 and 1,500 DEG C in a common smelting furnace to make the circular balls in a molten state, pouring the molten circular balls into a spherical die, and cooling the circular balls to obtain the artificial bed stone with good abrasion resistance and breakage resistance and high hardness. The artificial bed stone is manufactured into the bed stone for a spherical jigging machine with specific gravity and specification and is applied to all jigging machines according to different proportion combinations of various specification so as to overcome the defects of conventional bed stones; the enrichment ratio of ore concentrate is high (2.5 times), the grade of tailings is low (the tin content of the tailings is less than 0.1 percent), the abandon rate is high (more than or equal to 30 percent), the separation efficiency is high (more than or equal to 92 percent), and each equipment has a handling capacity of 5 to 8 tons of ores per hour; and the artificial bed stone is an ideal separation medium for the jigging machine and can greatly improve the economic indicator of ore dressing technology and the economic benefit of all flows.
69. 101660053 Method for recovering tin, antimony and lead and enriching indium from tin residue
CN
03.03.2010
C22B 7/04 Loading...
C22B 7/04
Loading...
200910114413.1
Central South University Chian Tin Group Co., Ltd.
Li Shixiong
C22B 7/04
Loading...
The invention relates to a method for recovering tin, antimony and lead and enriching indium from tin residue, which comprises the following steps: tin residue powder containing tin, antimony, lead, indium and arsenic oxide uses mixed liquor of hydrochloric acid, sodium chloride and hydrazine hydrate as a leaching agent, carries out electric potential control and two step countercurrent to recoverleached antimony, one-step leaching agent is neutralized and hydrolyzed to output crude antimony oxide, lead can be leached by sodium chloride solution in two-step leaching residue; after lead is leached, the liquor is cooled and crystallized to obtain lead chloride; after lead is leached, sodium is washed out in residue to obtain high indium tin concentrate containing 49.52-55.69wt% of tin and 1.04-1.2wt% of indium. The purities of crude antimony oxide and crude lead chloride are respectively 93.58wt% and 99.67wt%; the recovery efficiencies of tin, antimony, lead and indium respectively reach up to 98.68wt%, 84.616wt%, 95.136wt%, and 95.3wt%. The method has the advantages of short flow, good separation effect and good working conditions.
70. 101612610 Preparation method of inhibitor of argillaceous and carbonaceous gangue minerals
CN
30.12.2009
B03D 1/002 Loading...
B03D 1/002
Loading...
200910114168.4
Guangxi China Tin Group Co., Ltd.
Chen Jinquan
B03D 1/002
Loading...
A preparation method of an inhibitor of argillaceous and carbonaceous gangue minerals comprises the following steps: adopting two or three of grapestone, pomegranate peel, willow bark and crab-apple bark as raw materials, cleaning the raw materials and then drying the cleaned raw materials at a low temperature, grinding, sieving with a 80 mesh sieve, taking fruit tree bark powder, sodium sulfite, sodium bisulfite and water in a ratio of 5-8:3-4:3-4:10-16, heating the mixture to 60-70 DEG C to react for 8-10h, filtrating, taking the filtrate for reduced pressure distillation, obtaining concentrated solution, heating the solution in 60-70 DEG C water bath, evaporating the solvent to obtain sticky liquid, performing vacuum drying to the sticky liquid to obtain tawny sticky solid and completely drying the solid to obtain the inhibitor of argillaceous and carbonaceous gangue minerals. The inhibitor prepared by the method of the invention can effectively restrain seriously slimed gangue minerals containing high carbon, increase the recovery of useful minerals and the concentrate grade, reduce the dosage of the medicament and has no toxin and no pollution.
71. 101607228 Preparation method of sulfide mineral collector
CN
23.12.2009
B03D 1/002 Loading...
B03D 1/002
Loading...
200910114167.X
Guangxi China Tin Group CO.,LTD.
Chen Jinquan
B03D 1/002
Loading...
The invention relates to a preparation method of sulfide mineral collector. The method comprises the following steps: sodium sulfide and phosphoric acid are weighed according to the mol ratio of 2 to 3:3 to 6 and added into a gas generator; generated gas is collected and charged into a high-pressure reactor charged with 10 to 13 C of fatty alcohol, thorium oxide catalyst or strongly acid cation resin; the mol ratio of the alcohol to gas is kept to be 1 to 2:1.2 to 2.5; the reaction is performed for 6 to 8 h under the condition that the pressure is 12 to 15 MPa and the temperature is 300 to 450 DEG C to obtain liquid mixture; distillate is collected by distillation under normal pressure at 180 to 300 DEG C according to different carbon numbers, and after the refracting index is detected to be qualified, transparent, colorless and adhesive liquid substance with peculiar odor is obtained, which is the sulfide mineral collector. By adopting the sulfide mineral collector, sulphide ore can be efficiently recovered without active agent, the overall recovery of the sulphide ore reaches larger than 89 percent, and the production cost is reduced.
72. 101214996 Method for reducing antimony ion concentration of sodium stannate solution
CN
09.07.2008
C01G 19/00 Loading...
C01G 19/00
Loading...
200810073404.8
Liuzhou China Tin Group Co., Ltd.
Ye Youming
C01G 19/00
Loading...
Provided is a novel method for decreasing the concentration of antimony particle in sodium stannate solution. Filling the de-antimony pot with stannum flower the specific surface area of which is bigger, causing the cruel sodium stannate solution which is heated by an autoclave to penetrate the de-antimony pot from down to up by employing the altitude intercept of the autoclave and the de-antimony pot and controlling the speed of the cruel sodium stannate solution to cause the cruel sodium stannate solution and stannum flower to sufficiently touch with each other, which can effectively reduce the concentration of antimony particle in sodium stannate solution from 10 ppm-60 ppm to below 5 ppm. Employing the invention to remove antimony particle in cruel sodium stannate solution has the advantages of short flow process, simple device, low cost, easy operation and good de-antimony effect and the like, besides, the invention resolves the problems that in former de-antimony way, the tin sheet is easy to drop and the less of touching face of solution and the tin sheet results to long time of de-antimony and bad effect and the like, which can guarantee the product quality.
73. 101186331 Method and device for increasing sodium stannate conversion ratio and reducing nitrate radical content
CN
28.05.2008
C01G 19/00 Loading...
C01G 19/00
Loading...
200710050721.3
Liuzhou China Tin Group Co., Ltd.
Ye Youming
C01G 19/00
Loading...
The invention relates to a method for enhancing sodium stannate conversion rate and reducing nitrate content and a device, which is to calcine the crude sodium stannate in a modified medium frequency furnace controlling the temperature at 680 to 700 DEG C for 60 to 90 minutes. The modified medium frequency furnace is made by changing a vertical medium frequency furnace into a horizontal type, and the upper half of the furnace, which is used as a baking furnace, is installed with a magnetic-conducting and radiating material. By adopting the method and the device, the crude sodium stannate conversion rate is enhanced from 30.0-75.0 percent to 88.30-95.60 percent, and the nitrate content is reduced from 3.78-4.33 percent to 0.54-0.74 percent; By adopting the method and device of the invention, the energy is saved by 77.18- 84.79 percent of energy against traditional muffle.
74. 101157994 Oxygen fused bath smelting method for lead-antimony ore
CN
09.04.2008
C22C 1/02 Loading...
C22C 1/02
Loading...
200710050357.0
Liuzhou Huaxi Group Co., Ltd.
Dai Xi
C22C 1/02
Loading...
The invention relates to an oxygen molten pool melting method of lead antimony. The method is that lead antimony mine or the mixed ore of lead antimony and lead concentrate are burdened respectively with flux, dust, solid fuel, etc., and put into the molten oxidized base slag to conduct oxidization smelting, the lead antimony alloy and oxidized smelting slag which can be fumed are directly produced; put into molten rich lead base slag to conduct oxidized smelting to directly produce lead antimony alloy and rich lead slag; the rich lead slag is burdened with flux, reducing coal, and put into molten reducing slag to conduct reducing smelting, crude lead that can be electrolyzed or lead antimony alloy and reducing furnace slag that can be fumed. The invention has the advantages of simple procedure, high recycle rate, flue gas can be used for producing acid, low cost. The invention is suitable for the smelting of lead antimony complex sulphide ore or concentrate and lead antimony containing sulfur concentration.

