1. 103550105 彩条牙膏
CN
05.02.2014
A61K 8/97 Loading...
A61K 8/97
Loading...
201310558664.5
广西奥奇丽股份有限公司
黄宏光
A61K 8/97
Loading...
本发明公开一种彩条牙膏，它的原料成分是：白膏：活性添加剂0.00002-1%；保湿剂73.4—78.32%；摩擦剂17—20%；表面活性剂1.8—2.5%；增稠剂0.74—1%；甜味剂0.18—0.3%；防腐剂0.1—0.5%；色素0.01—0.05%；口腔清新剂0.9—1.5%；绿膏：活性添加剂0.00002-1%；保湿剂73.85—78.41%；摩擦剂17—20%；表面活性剂1.8—2.5%；增稠剂0.74—1%；甜味剂0.18—0.3%；防腐剂0.1—0.5%；色素0—0.008%；口腔清新剂0.9—1.5%；本牙膏不仅具有美观的外形以及清洁口腔的基本功能，还具备了改善牙龈红肿、牙菌斑、牙龈炎、口腔上火、口腔异味等口腔亚健康问题的功效。
2. 103301046 一种含田七皂苷和松针提取物的中草药牙膏
CN
18.09.2013
A61K 8/97 Loading...
A61K 8/97
Loading...
201310230101.3
广西奥奇丽股份有限公司
田嘉松
A61K 8/97
Loading...
本发明提供一种含田七皂苷和松针提取物的中草药牙膏，它由田七皂苷0.001~0.5%、松针香精0.5~1%及牙膏基质原料经精加工制成。本发明所含的田七皂苷提取自广西特色中药田七，松针提取物提取自松针，两者分布范围较广，容易获得，成本较低。通过将田七皂苷和松针提取物进行复配，能提高传统中草药牙膏抗菌消炎，止血镇痛的功效。
3. 103271859 一种含田七皂苷和金银花提取物的中草药牙膏
CN
04.09.2013
A61K 8/97 Loading...
A61K 8/97
Loading...
201310230002.5
广西奥奇丽股份有限公司
田嘉松
A61K 8/97
Loading...
本发明涉及一种含田七皂苷和金银花提取物的中草药牙膏，是由田七皂苷0.001~0.5%，金银花提取物0.0005~0.2%及牙膏基质原料经精加工制成。本发明所含的田七皂苷和金银花提取物来源广泛，成本低，容易获得，且安全无毒，不损害人体健康。通过将田七皂苷和金银花提取物进行复配，相比起传统中草药牙膏抗菌消炎，清热消肿效果更为显著，对常见的牙龈红肿、牙龈炎、咽喉干涩等多种口腔疾病具有良好的预防和治疗效果。
4. 102988251 美白牙膏
CN
27.03.2013
A61K 8/98 Loading...
A61K 8/98
Loading...
201210452949.6
广西奥奇丽股份有限公司
黄宏光
A61K 8/98
Loading...
本发明公开一种美白牙膏，它包括有活性添加剂0.1-3.75%；保湿剂70.9%—78.12%；摩擦剂17%—20%；表面活性剂1.8%—2.5%；增稠剂0.65%—1%；甜味剂0.18—0.35%；防腐剂0.1%—0.5%；色素0.1%—0.5%；口腔清新剂1.05—1.2%原料组成，与现有技术相比，本发明能有效提高牙膏的防过敏作用，消肿止痛、预防龋齿，清洁口腔；减少单一使用锶盐和钾盐对人体的危害，改善牙膏口感，加入珍珠层粉，有美白牙齿的功效，而且角壳蛋白能有效清除牙齿表面的烟渍、茶渍、咖啡渍以及药物的沉着物，使牙膏兼具了强清洁能力和对保护牙釉质的功效。
5. 102961278 防过敏牙膏
CN
13.03.2013
A61K 8/97 Loading...
A61K 8/97
Loading...
201210452920.8
广西奥奇丽股份有限公司
黄宏光
A61K 8/97
Loading...
本发明公开一种防过敏牙膏，其原料由白膏：活性添加剂0-1.2%；保湿剂70.2-78.42%；摩擦剂17-20%；表面活性剂1.8-2.5%；增稠剂0.7-1%；甜味剂0.18-0.3%；防腐剂0.1-0.5%；色素0.1-0.5%；口腔清新剂0.8-1.5%；色膏：活性添加剂0-1.2%；保湿剂73-78.4%；摩擦剂17-20%；表面活性剂1.8-2.5%；增稠剂0.7-1%；甜味剂0.18-0.3%；防腐剂0.1-0.5%；色素0.12-0.7%；口腔清新剂0.8-1.5%组成，本发明有效提高牙膏的防过敏作用，消肿止痛、预防龋齿，清洁口腔；减少单一使用锶盐和钾盐对人体的危害，改善牙膏口感。
6. 102961277 彩条牙膏
CN
13.03.2013
A61K 8/97 Loading...
A61K 8/97
Loading...
201210452915.7
广西奥奇丽股份有限公司
黄宏光
A61K 8/97
Loading...
本发明公开一种彩条牙膏，它的原料成分是：白膏：活性添加剂0.00002-1%；保湿剂73.4-78.32%；摩擦剂17-20%；表面活性剂1.8-2.5%；增稠剂0.74-1%；甜味剂0.18-0.3%；防腐剂0.1-0.5%；色素0.01-0.05%；口腔清新剂0.9-1.5%；绿膏：活性添加剂0.00002-1%；保湿剂73.85-78.41%；摩擦剂17-20%；表面活性剂1.8-2.5%；增稠剂0.74-1%；甜味剂0.18-0.3%；防腐剂0.1-0.5%；色素0-0.008%；口腔清新剂0.9-1.5%；本牙膏不仅具有美观的外形以及清洁口腔的基本功能，还具备了改善牙龈红肿、牙菌斑、牙龈炎、口腔上火、口腔异味等口腔亚健康问题的功效。
7. 102961279 黄连清火牙膏
CN
13.03.2013
A61K 8/97 Loading...
A61K 8/97
Loading...
201210452922.7
广西奥奇丽股份有限公司
黄宏光
A61K 8/97
Loading...
本发明公开一种黄连清火牙膏，它的功效成分包括有如下重量百分比的原料组成：活性添加剂0.00002%-1.5%；保湿剂73.892%—78.12%；摩擦剂17%—20%；表面活性剂1.8%—2.5%；增稠剂0.76%—1%；甜味剂0.18—0.3%；清凉剂0—0.5%；防腐剂0.1%—0.5%；色素0—0.008%；口腔清新剂0.5—1.2%，本牙膏在保证具有清洁口腔的基本功能外，还具备了减轻牙龈上火、缓和牙龈问题、平衡口腔健康的功效。
8. 102961276 银杏防蛀牙膏
CN
13.03.2013
A61K 8/97 Loading...
A61K 8/97
Loading...
201210452910.4
广西奥奇丽股份有限公司
黄宏光
A61K 8/97
Loading...
本发明公开一种银杏防蛀牙膏，它的功效成分包括有如下重量百分比的原料：活性添加剂0.00002%—1%；保湿剂36.09%—48.52%；摩擦剂48%—56.5%；表面活性剂1.5%—2.8%；增稠剂1%—1.3%；甜味剂0.18%—0.3%；防腐剂0.1%—0.5%；色素0%—0.01%；口腔清新剂0.7%—1.5%；本牙膏在保证具有清洁口腔的基本功能外，还具备了无氟抑菌、全面防蛀、亮白牙齿、改善口腔环境的功效。

