1. 204587015 一种履带式农业机械液压转向及刹车集成系统
CN
26.08.2015
B62D 11/00 Loading...
B62D 11/00
Loading...
201520058636.1
广西开元机器制造有限责任公司
陆世斌
B62D 11/00
Loading...
本实用新型公开了一种履带式农业机械液压转向及刹车集成系统，属于液压系统领域。该系统包括：油箱、液压泵、液压控制集成模块、二路转向比例阀、刹车比例阀和双联刹车/转向油缸。本实用新型能实现左、右转向快慢与液压压力大小成正比的转向功能，及刹车力度与液压压力大小成正比的刹车功能，从而使履带式农业机械转向灵活、刹车省力。
2. 103848161 梳脱输送带
CN
11.06.2014
B65G 15/34 Loading...
B65G 15/34
Loading...
201410118254.3
广西开元机器制造有限责任公司
朱毓强
B65G 15/34
Loading...
本发明公开了一种梳脱输送带，其包括聚酯织物骨架、天然橡胶，其特征在于位于输送带夹层中的聚酯织物骨架是骨架材料在两个定制轮辊的之间不断开地环绕一圈以上制造而成的多层环形聚酯织物骨架。环绕骨架起端和末端是搭接重叠的，搭接口采用斜搭接方式。斜搭接口的倾斜角度的大小由回转半径和输送带的线速度决定，当输送带绕回转半径旋转时，搭接口的一端在回转切点切出时，搭接口的另一端正好切入相对的回转切点。这样能够平滑的通过回转半径，极大减少了弯曲应力造成的断口的故障，使搭接口贴合更加牢固，并且防止输送带脱层产生，大大提高了输送带的使用寿命。
3. 203340628 半喂入联合收割机双联夹禾杆
CN
18.12.2013
A01F 12/10 Loading...
A01F 12/10
Loading...
201320359290.X
广西开元机器制造有限责任公司
陆世斌
A01F 12/10
Loading...
本实用新型公开了一种半喂入联合收割机双联夹禾杆，用于半喂入联合收割机在收割作业时输送和脱粒过程中夹持稻杆的双联夹禾杆。夹禾杆Ⅰ通过安装在销轴座中间的弹簧压缩一定的量后而获得相应的初始预紧力并紧贴下送禾链条的滚子上，在收割过程中受稻杆的挤压后可向后作直线运动继续压缩弹簧并为稻杆腾出通过的空间，夹禾杆Ⅱ通过安装在销轴座上方的弹簧压缩一定的量后而获得相应的初始预紧力并紧贴中间送禾链条的滚子上，在收割过程中受稻杆的挤压后可向后旋转摆动继续压缩弹簧并为稻杆腾出通过的空间，夹禾杆Ⅰ和夹禾杆Ⅱ之间有一定的距离，可分别对输送稻杆的两头同时夹持，稻杆夹持牢固。
4. 203332251 微型半喂入联合收割机导向轮装置
CN
11.12.2013
B62D 55/088 Loading...
B62D 55/088
Loading...
201320359272.1
广西开元机器制造有限责任公司
谢榆民
B62D 55/088
Loading...
本实用新型公开了一种微型半喂入联合收割机导向轮装置，包括导向轮轴、导向轮、内包骨架型密封圈、圆锥滚子轴承、压紧垫片、圆螺母用止动垫圈、圆螺母、密封垫、轴承端盖、安装螺栓，特征是内包骨架型密封圈和圆锥滚子轴承安装在导向轮的内部，导向轮、内包骨架型密封圈和圆锥滚子轴承一起安装在导向轮轴上，导向轮轴的末端用压紧垫片、圆螺母用止动垫圈和圆螺母进行锁紧，轮子的外侧通过密封垫和轴承端盖进行密封，导向轮轴的中间用安装螺栓把导向轮装置安装在底盘上。优点是结构简单，制造容易，安装方便，安全可靠。
5. 203335236 工程机械发动机导水槽装置
CN
11.12.2013
F02B 77/00 Loading...
F02B 77/00
Loading...
201320359271.7
广西开元机器制造有限责任公司
覃甲惠
F02B 77/00
Loading...
本实用新型公开了一种工程机械发动机导水槽装置，包括发动机（1）、后机罩（2）、导水槽（3）、后机罩安装支架（4），特征是导水槽（3）安装在后机罩安装支架（4）上，其位于发动机（1）上方及后机罩安装支架（4）与后机罩（2）之间夹缝的下方，导水槽（3）固定在后支机罩安装支架上，导水槽（3）为坑槽，导水槽（3）用槽钢或钢板弯折而成，其固接在发动机（1）上方。雨水从后机罩安装支架（4）与后机罩（2）之间夹缝流进导水槽，经过导水槽（3）流向机器的一边，从机器的边缘排出，可以防止雨水直接浇灌到发动机（1）上。从而减少雨水对发动机（1）的浇灌，提高发动机（1）受热部件寿命，减少发电机总成损坏、电器接插件损坏等故障。
6. 203268182 微型半喂入联合收割机驱动轮装置
CN
06.11.2013
B62D 55/12 Loading...
B62D 55/12
Loading...
201320244569.3
广西开元机器制造有限责任公司
谢榆民
B62D 55/12
Loading...
本实用新型公开了一种微型半喂入联合收割机驱动轮装置，包括轮齿、R12mm大过渡圆角、平键槽、轮齿修圆角、安装孔，特征是驱动轮上有7个轮齿，齿根处有R12mm大过渡圆角，轮齿上的4个棱边都有轮齿修圆角，驱动轮对中心有安装孔，安装孔内还有平键槽。R12mm大过渡圆角可以增加驱动轮的耐磨寿命，同时驱动轮又是采用比较耐磨的材料（ZG45Mn2）铸造出来，再通过淬火形成硬齿面的，所以使得驱动轮具有高耐磨性，长寿命的性能从而保证了驱动轮高效的工作可靠性。本实用新型的优点是结构简单，制造容易，安装方便，安全可靠。
7. 203167601 一种分动齿轮定位装置
CN
04.09.2013
A01D 69/06 Loading...
A01D 69/06
Loading...
201220716032.8
广西开元机器制造有限责任公司
林卫国
A01D 69/06
Loading...
本实用新型公开了一种分动齿轮定位装置，包括传动轴、弹性挡圈、分动齿轮、钢球、铆钉，特征是通过键槽位装入钢球，随后卡入孔用弹性挡圈，接连在两孔用弹性挡圈接口中间与移动轴孔铆入平头铆钉限制其孔用弹性挡圈转动到钢球键槽位置。实现中间分动齿轮与轴的连接，采用间隙配合方式传递动力。优点是易拆装，方便装配，其结构、制造工艺简单，安装使用方便，安全可靠。
8. 103264731 微型半喂入联合收割机驱动轮装置
CN
28.08.2013
B62D 55/12 Loading...
B62D 55/12
Loading...
201310166486.1
广西开元机器制造有限责任公司
谢榆民
B62D 55/12
Loading...
本发明公开了一种微型半喂入联合收割机驱动轮装置，包括轮齿、R12大过渡圆角、平键槽、轮齿修圆角、安装孔，特征是驱动轮上有7 个轮齿，齿根处有R12大过渡圆角，轮齿上的4个菱边都有轮齿修圆角，驱动轮对中心有安装孔，安装孔内还有平键槽。R12大过渡圆角可以增加驱动轮的耐磨寿命，同时驱动轮又是采用比较耐磨的材料（ZG45Mn2）铸造出来，再通过淬火形成硬齿面的，所以使得驱动轮具有高耐磨性，长寿命的性能从而保证了驱动轮高效的工作可靠性。本发明的优点就是结构简单，制造容易，安装方便，安全可靠。
9. 202965949 一种二级过滤燃油箱结构
CN
05.06.2013
B60K 15/06 Loading...
B60K 15/06
Loading...
201220575565.9
广西开元机器制造有限责任公司
林梅
B60K 15/06
Loading...
本实用新型公开了一种二级过滤燃油箱结构，其特征在于燃油滤芯通过盖板固定于箱体之内，盖板与箱体连接，箱体底板为类锥面结构且类锥面延伸至储存罐上方，箱体底板的类锥面尖端设计有漏口，储存罐布置于箱体底板的漏口之下，储存罐的截面尺寸大于漏口的尺寸，储存罐上设计有排泄口，吸油口布置于燃油滤芯之后。在燃油箱内可实现水分、杂质与燃油的有效分离，提高进入发动机燃油系统的燃油的清洁度，延长油水分离器和燃油滤清器滤芯的更换周期，减少维护保养成本，延长发动机的使用寿命。维护保养方便，拆开盖板即可更换燃油滤芯，从排泄口处可排放从燃油中分离的水和杂质。
10. 202565676 轻型圆锥齿轮驱动式微耕机
CN
05.12.2012
A01B 33/02 Loading...
A01B 33/02
Loading...
201220110543.5
广西开元机器制造有限责任公司
李毅
A01B 33/02
Loading...
本实用新型公开了一种轻型圆锥齿轮驱动式微耕机，由发动机、扶手架总成、旋耕刀、挡泥板、行走轮、主变速箱体、行走副箱、工作副箱、行走竖轴及圆锥齿轮副构成，扶手架总成支撑固定在主箱体上，行走副箱安装在主箱体下侧，通过两组圆锥齿轮传动至行走竖轴，再通过安装在行走副箱内的一组圆锥齿轮驱动行走轮进行行走。工作副箱安装在主箱体前端，由传动轴把动力从主箱体传输至工作箱体，再通过工作副箱内的一组圆锥齿轮驱动刀具进行农耕作业。具有结构简单、体积小、操作灵活方便、重量轻、成本低等特点，更适合在丘陵地区进行旋耕和培土推广使用。
11. 202557645 一种小型履带式挖掘机的支重轮结构
CN
28.11.2012
B62D 55/14 Loading...
B62D 55/14
Loading...
201220110541.6
广西开元机器制造有限责任公司
梁晓
B62D 55/14
Loading...
本实用新型公开了一种小型履带式挖掘机的支重轮结构，具体是将车架结构由原来的半封闭结构改成U形薄板和整体厚板组焊接成全封闭厢形结构，安装座为倒T形，两侧竖直方向开有通孔和水平方向中心位置开有一个通孔，用螺栓、垫圈将安装座装到支重轮上。再用螺栓、垫圈通过安装座的过渡作用，将支重轮安装在结构加强的车架上，使得支重轮能正常稳定工作，从而提高支重轮使用寿命。
12. 202514319 半喂入联合收割机送禾链链条
CN
07.11.2012
A01D 57/00 Loading...
A01D 57/00
Loading...
201220175303.3
广西开元机器制造有限责任公司
陈文辉
A01D 57/00
Loading...
本实用新型公开了一种半喂入联合收割机送禾链链条，由封闭结构整体式的送禾齿和滚子链两部分组成，送禾齿直接装配到滚子链的内链板和外链板之间。闭合结构整体式的送禾齿在两端内、外链板的同时压紧下，能将输送稻秆和脱粒的过程中将受到的各种冲击阻力散布到整个链条上，避免送禾齿的铆接孔处应力集中，起到保护链条的作用。该送禾链链条经久耐用不易断裂，并且维护简单方便。
13. 202514320 微型半喂入联合收割机变速箱转向装置
CN
07.11.2012
A01D 69/00 Loading...
A01D 69/00
Loading...
201220175331.5
广西开元机器制造有限责任公司
林卫国
A01D 69/00
Loading...
本实用新型公开了一种微型半喂入联合收割机变速箱转向装置，包括过油螺栓、刹车油管、刹车油缸总成、O型圈、顶杆芯轴、拨叉、内齿轮盖、箱体、回位弹簧、离合齿轮、III轴等；制动方式通过油压驱动使其实现快、慢转向功能；通过油压进入过油螺栓及刹车油管驱动刹车油缸总成顶出顶杆芯轴与内齿轮盖的齿平面平齐，阻止了离合齿轮与内齿轮盖啮合，使两齿轮表面磨擦，没有立即制动，从而实现慢转向功能。优点是结构简单，制造容易，安装使用方便，操纵缓慢、平和及更加人性化，安全更可靠。
14. 202514301 微型半喂入联合收割机梳脱齿
CN
07.11.2012
A01D 41/12 Loading...
A01D 41/12
Loading...
201220175296.7
广西开元机器制造有限责任公司
谢榆民
A01D 41/12
Loading...
本实用新型公开了一种微型半喂入联合收割机梳脱齿，包括第一梳脱齿、第二梳脱齿、第三梳脱齿、第四梳脱齿、第五梳脱齿五种梳脱齿，特征是第一梳脱齿、第二梳脱齿、第四梳脱齿和第五梳脱齿都有防飞溅的弯边；每个齿都有向后弯起的输送边，整套齿不但脱粒干净还有利于输送稻谷、防止稻谷飞溅到外面造成粮食损失。优点是结构简单，制造容易，安装方便，安全可靠。
15. 202468004 工程机械发动机冷却系统副水箱装置
CN
03.10.2012
F01P 11/00 Loading...
F01P 11/00
Loading...
201120293922.8
广西开元机器制造有限责任公司
梁帆
F01P 11/00
Loading...
本实用新型公开了一种工程机械发动机冷却系统副水箱装置，其特征在于副水箱安装在发动机侧边，注水管连接副水箱的副水箱注水口，副水箱顶面有压力盖，压力盖侧边有副水箱溢流口，副水箱溢流口装有溢流管，副水箱另一侧面装有副水箱除气口II，和装有副水箱除气口I，副水箱除气口II与上水室的散热器除气口之间通过除气管II连接，副水箱除气口I与发动机除气口之间通过除气管I连接。提高发动机、散热器的寿命，避免发动机拉缸、烧瓦故障，减少穴蚀，提高冷却系统的散热能力。
16. 202468744 一种手扶微耕机常开摩擦离合器
CN
03.10.2012
F16D 13/52 Loading...
F16D 13/52
Loading...
201220032304.2
广西开元机器制造有限责任公司
陆世斌
F16D 13/52
Loading...
本实用新型公开了一种手扶微耕机常开摩擦离合器，它由端面凸轮推力组件，常开离合组件，传动皮带轮组成。传动皮带轮通过轴承装在变速箱输入轴上。常开离合组件通过花键传动结构与变速箱输入轴相连。端面凸轮推力组件，套装在变速箱输入轴及变速箱体上。通过操控机构转动端面凸轮推力组件的分离爪，产生轴向移动作用，推动常开离合组件中的离合盘，使离合器中的摩擦片结合、分离。传动皮带轮通过离合器中的摩擦片结合把动力传递到变速箱输入轴上，并达到操控微耕机时“握住耕耘，松手即停”的效果。满足国标(GB10395.10-2006)即《农林拖拉机和机械安全技术要求》中对手扶微耕机要求。
17. 202469366 工程机械吸油管防尘保护及自锁固定装置
CN
03.10.2012
F16L 57/00 Loading...
F16L 57/00
Loading...
201220110566.6
广西开元机器制造有限责任公司
赵锋
F16L 57/00
Loading...
本实用新型公开了一种工程机械吸油管防尘保护及自锁固定装置，推杆、推杆复位弹簧、复位弹簧端盖安装在防尘套筒的弹簧座里，吸油管与吸油管接头连接并安装在防尘套筒里。实现吸油管防尘保护及自锁固定的作用。优点是结构简单，制造容易，安装使用方便灵活，安全可靠。
18. 202302398 农业用柴油机消声器防松装置
CN
04.07.2012
F16L 15/08 Loading...
F16L 15/08
Loading...
201120431582.0
广西开元机器制造有限责任公司
宁江稳
F16L 15/08
Loading...
本实用新型公开了一种农业用柴油机消声器防松装置，包括排气接管、防松垫圈，特征是发动机排气接管与消声器之间增加有防松垫圈，排气接管与消声器不但有螺纹紧固还有防松垫圈的防松锁紧。结构简单，制造容易，安装使用方便，安全可靠。
19. 201797758 收割机变速箱刹车制动机构
CN
20.04.2011
A01D 69/10 Loading...
A01D 69/10
Loading...
201020275457.0
广西开元机器制造有限责任公司
林卫国
A01D 69/10
Loading...
本实用新型公开了一种收割机刹车机构，在变速箱中，中间轴上装配有中间齿轮、离合齿轮、内齿轮盖，中间齿轮与上一级齿轮的啮合获得动力，与离合齿轮的接合，实现向左、右行走机构传递动力，具有分动功能。当左、右离合齿轮同时与中间齿轮接合时，行走机构直线行走，当左、右离合齿轮同时与中间齿轮分离并与左、右内齿轮盖接合时，行走机构实现停车。当左边离合齿轮与中间齿轮分离，并与左边内齿轮盖接合时，实现左转弯。当右边离合齿轮与中间齿轮分离，并与右边内齿轮盖接合时，实现右转弯。
20. 201722137 工程机械加注燃油装置
CN
26.01.2011
B67D 7/08 Loading...
B67D 7/08
Loading...
201020275430.1
广西开元机器制造有限责任公司
李东阳
B67D 7/08
Loading...
本实用新型公开了一种用于工程机械加注燃油的装置。包括蓄电池(1)、钥匙开关(2)、第一按钮开关(3)、控制器(4)、油位传感器(5)、第二按钮开关(3A)、二极管(6)、第一燃油抽油泵(7)、通用继电器(8)。当控制器(4)的DI输入端接收到第二按钮开关(3A)的低电平输入信号后，由于控制器(4)的A/D输入端与油位传感器(5)相连，所以控制器(4)能通过油位传感器(5)的反馈值，判断燃油箱油位情况；又因为控制器(4)的OUT输出端通过二极管(6)接通用继电器(8)控制线圈的正极，使控制器(4)能根据燃油箱的油位情况对通用继电器(8)进行控制，实现对第一燃油抽油泵(7)进行控制。这样不但能防止燃油箱内燃油满溢出而造成的浪费，同时能防止第一燃油抽油泵(7)吸空造成其泵叶和泵腔之间干摩擦，延长其使用寿命。
21. 201599123 液压挖掘机发动机起动马达的起动保护装置
CN
06.10.2010
F02N 11/10 Loading...
F02N 11/10
Loading...
201020102444.3
广西开元机器制造有限责任公司
李东阳
F02N 11/10
Loading...
本实用新型公开了一种液压挖掘机发动机起动马达的起动保护装置，包括发动机起动马达，起动钥匙开关，控制器，控制部分。控制器是一个由I/O接口电路、A/D转换器、电源电路、CPU等组成的控制模块。控制部分由机油压力传感器、转速传感器、中间继电器、起动继电器构成，其对发动机起动马达S端的控制有控制连接和反馈连接。本实用新型实施后，能保证发动机在正常运转状态下，无论起动钥匙开关出现故障不能复位，还是产生误动作，起动继电器都不会得电吸合，避免了发动机起动马达的误动作或异常运转，实现保护功能。同时能减少由于起动马达损坏而造成用户停机的停机损失和降低液压挖掘机主机厂的维修服务成本。
22. 201525280 全液压橡胶履带自卸运输车
CN
14.07.2010
B60K 17/06 Loading...
B60K 17/06
Loading...
200920158338.4
广西开元机器制造有限责任公司
卢沅锋
B60K 17/06
Loading...
本实用新型公开了一种全液压橡胶履带自卸运输车，包括发动机、油箱、油管、油冷却器、变速箱、无级调速机构、阀体、操纵机构、行走机构、车厢、油缸、电瓶，特征是发动机及操纵机构后置，增强爬坡性能及整车稳定性；操纵手柄分布在座椅两侧，操作方便；使用HST实现无级调速，车辆运行更平稳。优点是结构简单，制造容易，安全可靠，易于维护。
23. 201467690 微型半喂入联合收割机割刀
CN
19.05.2010
A01D 34/135 Loading...
A01D 34/135
Loading...
200920140674.6
广西开元机器制造有限责任公司
陈爱龙
A01D 34/135
Loading...
本实用新型公开了一种微型半喂入联合收割机割刀，包括曲柄连杆总成、左分动杆总成、右分动杆总成、曲柄连板、左动刀片组(包含动刀片和刀杆)、右动刀片组(包含动刀片和刀杆)、定刀片、座板、压刃器，特征是曲柄连杆总成与曲柄连板、左右分动杆总成用连杆销连接，曲柄连杆总成、左右分动杆总成两端，都有杆端关节轴承，动刀片用铆钉固定在刀杆上，定刀片用铆钉固定在座板上，压刃器在动刀片运动过程中始终压紧动刀片并给动刀片有一定量的运动间隙。优点是结构简单，制造容易，安装使用方便，安全可靠。
24. 201403332 微型半喂入联合收割机送禾轮防缠草机构
CN
17.02.2010
A01D 57/12 Loading...
A01D 57/12
Loading...
200920140675.0
广西开元机器制造有限责任公司
陈爱龙
A01D 57/12
Loading...
本实用新型公开了一种微型半喂入联合收割机送禾轮防缠草机构，包括导禾杆、连接板、垫块、安装板、轴承盒、送禾轮、左防草筒、右防草筒，特征是连接板、垫块、安装板、轴承盒固定送禾轮，在送禾轮逆时针送草的过程中，因为送轮采用圆弧齿形，使得送禾轮的轮齿运转到接近导禾杆时送禾齿的外圆弧面的法线速度方向接近于平行导禾杆，因此送禾轮的轮齿与导禾杆之间就不会存在剪草作用，稻草就会很顺利地沿着导禾杆往前输送，左右防草筒安装在轴承盒上面，把与送禾轮连接的万向节传动轴包住，避免稻草缠到万向节传动轴。结构简单，制造容易，安装使用方便，安全可靠。
25. 201328256 微型半喂入联合收割机多路阀
CN
21.10.2009
A01D 69/10 Loading...
A01D 69/10
Loading...
200820113631.4
广西开元机器制造有限责任公司
陆世斌
A01D 69/10
Loading...
本实用新型公开了一种微型半喂入联合收割机多路阀，包括油箱、油管、油口、阀心、阀体、割台、变速箱、操纵机构、螺钉、弹簧，特征是阀体内腔有阀心，阀体内腔有油路，阀体有油口，油路与油口相连通，阀心对应油缸安装。优点是结构简单，制造容易，安装使用方便，操纵灵活，安全可靠。
26. 201330414 电动液压挖掘机
CN
21.10.2009
E02F 3/28 Loading...
E02F 3/28
Loading...
200820113727.0
广西开元机器制造有限责任公司
李贵彬
E02F 3/28
Loading...
本实用新型专利提供了一种电动液压挖掘机，该电动液压挖掘机是在一种公知的液压挖掘机上用电动机代替内燃机作为液压挖掘机的动力系统。其中一台主电机(300)用于驱动液压油泵(500)，一台冷却电机(400)用于冷却液压油；为了使电动液压挖掘机持续与外部电力线联接获取电力，在电动液压挖掘机上安装了一个导电环(100)，该导电环能够使电动液压挖掘机在工作时保持与外部电力线的持续联接；采用一个电气控制箱(200)实现对电动液压挖掘机电路工作的控制。
27. 201308006 微型半喂入联合收割机防水稻飞溅机构
CN
16.09.2009
A01D 41/12 Loading...
A01D 41/12
Loading...
200820113632.9
广西开元机器制造有限责任公司
陈爱龙
A01D 41/12
Loading...
本实用新型公开了一种用在半喂入联合收割机的防水稻飞溅机构，具体是在入禾口处安装一个用尼龙丝做成的毛刷，梳脱带进行梳脱时，挡住谷子飞出来；在出禾口处也装一个用尼龙丝做成的毛刷，在挡禾板两侧底面安装毛刷，用螺钉固紧，毛刷在梳脱带两侧。能防谷子往外飞的一种方式。
28. 201299014 微型半喂入联合收割机梳脱带防跑偏机构
CN
02.09.2009
A01F 12/18 Loading...
A01F 12/18
Loading...
200820113541.5
广西开元机器制造有限责任公司
陈爱龙
A01F 12/18
Loading...
本实用新型公开了一种微型半喂入联合收割机梳脱带防跑偏机构，包括梳脱带、滚筒、机架左右墙板，特征是滚筒两侧端有V形导向槽，梳脱带两侧内面有V形凸筋，机架左墙板、机架右墙板安装在滚筒和梳脱带两侧端对面的机架壁上。V形导向槽、V形凸筋的大小形状相互配做，梳脱带外面有梳脱齿，滚筒、梳脱带的材料参考市售产品的，铁、橡胶、塑料或木、竹材料均可，滚筒、梳脱带的安装使用也参考市售产品的安装。

