1. 103650516 Low power and low latency push mode wireless HD video streaming architecture for portable devices
CN
19.03.2014
H04N 21/41 Loading...
H04N 21/41
Loading...
201180070407.6
PANOVEL TECHNOLOGY CORPORATION
WANG JUNFENG
H04N 21/41
Loading...
Methods, systems, and apparatuses are described for enabling the streaming of video data from portable electronic devices. In a portable electronic device, compressed video data is received from a compressed video data source. The received compressed video data is provided to a transmitter of the portable electronic device in a compressed video data stream without decoding the compressed video data. The compressed video data stream is wirelessly transmitted from the portable electronic device using the transmitter according to a push mode. The compressed video data stream is configured to be received at a display device to be decoded and displayed as video.
2. 102447657 针对IQ不平衡的数字消减补偿方法
CN
09.05.2012
H04L 25/03 Loading...
H04L 25/03
Loading...
201010502930.9
恒原微电子(上海)有限公司
黄勇富
H04L 25/03
Loading...
本发明提供了一种针对IQ不平衡的数字消减补偿方法，包括：(a).对采样点数据进行预处理，以消除导频；(b).更新增益因子和相位因子；以及(c).基于更新后的增益因子和相位因子进行IQ校正。
3. 102413087 适用于MB-OFDM系统的模拟自适应增益控制方法
CN
11.04.2012
H04L 27/26 Loading...
H04L 27/26
Loading...
201010288368.4
恒原微电子(上海)有限公司
苏加军
H04L 27/26
Loading...
本发明提供了一种适用于MB-OFDM系统的模拟自适应增益控制方法，包括：接收信号；在第一时间段内对所述接收到的信号执行暂态出饱和操作，以使所述信号从饱和区脱离；以及经过所述第一时间段后执行暂态捕获操作，以锁定所需设定的接收增益，其中，所述暂态出饱和操作和所述暂态捕获操作中不使用所述系统的同步信息。本发明可以大幅优化无线通信系统的接收机的性能。

