1. 103812133 并网光伏发电站的功率控制系统及其遥控方法
CN
15.02.2017
H02J 3/38 Loading...
H02J 3/38
Loading...
102014000046011
振发新能源科技有限公司
王阳
H02J 3/38
Loading...
并网光伏发电站的无功遥调运行系统及其遥控方法，涉及太阳能发电输送控制技术领域，其特征在于：包括逆变器、通讯管理机、终端盒、枢纽终端盒、管理机和后台；通过逆变器与光伏发电单元连接，将直流电转化成交流电并通过变压器输送到母线；并通过终端盒和枢纽终端盒传送给管理机后在后台显示；检测母线并网点的实时无功值Qs；判断是否对逆变器所发的无功值进行调节，以补充母线的无功值。实现并网光伏发电站基于逆变器调相控制的无功遥调运行技术，确保电网安全、稳定、经济运行，降低了造价昂贵的光伏发电站的一次性投资，减少了电站的运行损耗。
2. 205070889 单组式光伏组件水上漂浮结构
CN
02.03.2016
H02S 20/00 Loading...
H02S 20/00
Loading...
201520824699.3
振发新能源科技有限公司
胡庆
H02S 20/00
Loading...
本实用新型涉及一种单组式光伏组件水上漂浮结构，包括主浮体结构、固定连接板、副浮模块和光伏组件，所述主浮体结构呈侧梯形结构，所述固定连接板安装在主浮体结构的后方，所述固定连接板成平板状结构，在固定连接板上安装有卡槽，所述卡槽用以卡装和连接副浮模块，所述副浮模块呈长方体结构，在副浮模块上安装有光伏组件。本实用新型在安装的时候没有金属固件，组装更加便捷快速，浮力好漂浮稳定，光伏组件倾斜角度可调能够适用多种不同区域位置。
3. 205070913 多组合式光伏组件水上漂浮结构
CN
02.03.2016
H02S 20/30 Loading...
H02S 20/30
Loading...
201520824707.4
振发新能源科技有限公司
胡庆
H02S 20/30
Loading...
多组合式光伏组件水上漂浮结构，涉及光伏设备技术领域，由浮体装置、固定支架、支撑杆和光伏组件组合而成，所述浮体装置为高密度聚乙烯制成的多边形结构块，所述浮体装置设置有多块并可以进行各种形状的组合，在浮体装置的上方安装设置有固定支架，在固定支架的上方还垂直安装有支撑杆，所述支撑杆的高度可调，所述光伏组件通过螺丝与定位装置安装固定在支撑杆上方，所述浮体装置与浮体装置之间通过连接桥架进行水平连接，所述连接桥架可以在浮体装置的四周通过连接栓或连接件进行规则形状的搭配连接和组合。本实用新型结构设计新颖、使用方便、安装快捷，能够根据场地需求进行多种形状和结构的组合，灵活性高，便于集群式分布安装。
4. 205070458 模块化光伏能源系统
CN
02.03.2016
H02J 3/38 Loading...
H02J 3/38
Loading...
201520824700.2
振发新能源科技有限公司
胡庆
H02J 3/38
Loading...
模块化光伏能源系统，涉及光伏能源结构领域，由光伏组件、逆变器、配电柜和并网系统组成，所述光伏组件由平单轴自适应对日跟踪装置、斜单轴自适应对日跟踪装置二者中的一个构成，所述逆变器与光伏组件通过电缆相连接，所述逆变器与配电柜之间通过电缆相连接，所述配电柜通过电缆接入并网系统中。本系统结构规模相对较小、发电效益高、适应性强，能够满足小型或微型分布式光伏电站，灵活性较高。
5. 204030623 并网光伏发电站的功率控制系统
CN
17.12.2014
H02J 3/38 Loading...
H02J 3/38
Loading...
201420059841.5
振发新能源科技有限公司
王阳
H02J 3/38
Loading...
并网光伏发电站的功率控制系统，涉及太阳能发电输送控制技术领域，其特征在于：包括逆变器、通讯管理机、终端盒、枢纽终端盒、终端通讯管理机和后台；所述的逆变器的输出端与通讯管理机连接，所述的通讯管理机与终端盒连接，所述的终端盒与枢纽终端盒连接，枢纽终端盒的输出端与管理机连接，终端通讯管理机与后台连接。实现并网光伏发电站基于逆变器调相控制的无功遥调运行技术，确保电网安全、稳定、经济运行，降低了造价昂贵的光伏发电站的一次性投资，减少了电站的运行损耗。
6. 203466778 光伏方阵
CN
05.03.2014
H02S 40/32 Loading...
H02S 40/32
Loading...
201320417574.X
振发新能源科技有限公司
李润生
H02S 40/32
Loading...
光伏方阵，涉及太阳能发电技术领域，包括太阳能电池板方阵、汇流箱、逆变器、控制器，所述的汇流箱通过线缆与太阳能电池板电连接，所述的逆变器通过线缆与汇流箱电连接，所述的控制器与逆变器电连接，其特征在于：所述的逆变器和控制器设置在太阳能电池板方阵的中心位置，所述的太阳能电池板方阵的中心位置设置有汇流通道，所述的汇流通道上在与每一列太阳能电池板交叉处都设置有一个汇流箱，位于汇流箱两侧同一列的太阳能电池板通过线缆与同一列的汇流箱电连接。本实用新型结构布局合理，输送时使用的线缆较少，有利于降低成本，而且输送时电能损耗少。
7. 203386774 可调节光伏支架
CN
08.01.2014
H01L 31/042 Loading...
H01L 31/042
Loading...
201320417575.4
振发新能源科技有限公司
胡庆
H01L 31/042
Loading...
可调节光伏支架，涉及太阳能发电装置技术领域，包括太阳能电池板，固定在太阳能电池板下方的纵架，设在纵架下方的桥架，所述的桥架的下方设有支撑梁，所述支撑梁中间位置的下方设有脚架，支撑梁两端侧下方分别设有一个连杆，所述的两个连杆的下方与抱箍连接，其特征在于：所述的脚架的下方设置有固定座，所述的固定座的上侧设置有高度调节孔，所述的高度调节孔通过紧固件与脚架连接，所述的支撑梁的两端侧位置分别设置有角度调节孔，所述的角度调节孔通过紧固件分别与两个连杆连接。本实用新型结构合理，可以调节太阳能电池板的角度，使用方便，可以适应不同地域，有利于提高发电效率。
8. 203386773 无基础可调节光伏支架
CN
08.01.2014
H01L 31/042 Loading...
H01L 31/042
Loading...
201320416123.4
振发新能源科技有限公司
胡庆
H01L 31/042
Loading...
无基础可调节光伏支架，涉及太阳能发电装置技术领域，包括太阳能电池板、固定支架；所述的固定支架位于太阳能电池板的下方，固定支架包括竖架，设置在竖架下方的底座，固定在底座下部的固定板，连接在竖架之间的横架，其特征在于：所述的竖架的上端侧设置有圆孔，所述的无基础可调节光伏支架还包括设置太阳能电池板下侧的调节板，所述的调节板上设置有调节孔，调节板通过紧固件与竖架连接。本实用新型结构合理，可以调节太阳能电池板的角度，使用方便，可以适应不同地域，有利于提高发电效率。
9. 203383422 光伏屋顶
CN
08.01.2014
E04D 13/18 Loading...
E04D 13/18
Loading...
201320416137.6
振发新能源科技有限公司
胡庆
E04D 13/18
Loading...
光伏屋顶，涉及太阳能发电装置技术领域，包括相互连接的太阳能电池板，其特征在于：所述的太阳能电池板包括第一太阳能电池板，以及与第一太阳能电池板交替连接的第二太阳能电池板；所述的第一太阳能电池板包括电池板本体，设置在电池板本体四个侧面上的U型连接件；所述的第二太阳能电池板包括电池板本体，设置在电池板本体四个侧面上的n型连接件，所述的n型连接件卡合在U型连接件上，所述的第一太阳能电池板和第二太阳能电池板连接处的下方固定设置有支撑梁。本实用新型结构简单合理，强度可靠，建造成本低，可以节省大量建筑材料，节能环保，防雨效果好。
10. 203053048 太阳能分布式发电热水联供系统
CN
10.07.2013
F24J 2/30 Loading...
F24J 2/30
Loading...
201220726433.1
江苏振发新能源科技发展有限公司
茅建生
F24J 2/30
Loading...
本实用新型提供了太阳能分布式发电热水联供系统，系统除具有发电热水联供特色以外，还具有能将太阳能发电时逆变器启动功率以下的剩余功率（通常为上午9点前或下午3点后的电能，以往逆变器系统都是放弃利用而浪费了）送至换热水箱作辅电加热的功能。其包括光伏发电自助式追日跟踪装置布有太阳能电池板、还布有太阳能集热器，其特征在于：还包括换热水箱，换热水箱内设置有温度传感器、电加热装置、热交换铜盘管，换热水箱上分别设置有进/出水口，太阳能集热器的一端外接有热交换铜盘管的一端，热交换铜盘管的另一端连通循环泵后连接至太阳能集热器的另一端，同时还以三通方式连接膨胀罐，温度传感器连接至外部的控制器，控制器分别连接循环泵、电加热装置等。
11. 202721631 一种光伏生态电站
CN
06.02.2013
H02N 6/00 Loading...
H02N 6/00
Loading...
201220203595.7
安徽振发新能源科技有限公司
胡庆
H02N 6/00
Loading...
一种光伏生态电站，涉及太阳能光伏发电的利用技术领域，包括养殖池塘，其特征在于：所述的养殖池塘的上部设有光伏发电装置，所述的光伏发电装置包括基础桩，设在基础桩上方的光伏支架，设在光伏支架上方的太阳能电池板，与太阳能电池板连接的电线缆，所述光伏发电装置的端部设有一排悬空桥架，所述的电线缆架在悬空桥架的上方。本实用新型结构布局合理、生态环保、节约国土资源、综合利用国土资源，能够创造更高的经济效益。
12. 202661881 一种新型的光伏发电自助式追日跟踪系统
CN
09.01.2013
G05D 3/12 Loading...
G05D 3/12
Loading...
201220119796.9
江苏振发新能源科技发展有限公司
茅建生
G05D 3/12
Loading...
本实用新型提供了一种新型的光伏发电自助式追日跟踪系统，其能有效解决现有自适应对日跟踪装置工作状态不稳定、使用寿命短、系统成本及运行成本高的问题。太阳能电池板组件通过托架、托架连接板安装于转轴，转轴通过轴向法兰与座式减速机的输出轴连接，座式减速机通过减速机机座安装于支架，驱动电机通过蜗轮蜗杆传动变换器连接并驱动座式减速机运转，太阳能电池板组件的电力输出端连接入逆变发电系统及自助电源发生器，太阳能电池板组件平面东西两侧的垂直面分别安装有角度光强传感器，自助电源发生器的电力输出端分别连接追日跟踪处理器与1°电机驱动器，驱动电机与1°电机驱动器电控连接，角度光强传感器、1°电机驱动器与追日跟踪处理器逻辑电控连接。
13. 202651136 一种光伏支架
CN
02.01.2013
H01L 31/042 Loading...
H01L 31/042
Loading...
201220201518.8
安徽振发新能源科技有限公司
王波
H01L 31/042
Loading...
一种光伏支架，涉及太阳能发电装置技术领域，包括太阳能电池板，固定在太阳能电池板下方的纵架，设在纵架下方的横架，所述的太阳能电池板中间的下方还设有一个转动轴，所述转动轴的前侧设有前脚架，转动轴的后侧设有后脚架，所述的前脚架和后脚架的下方固定在基础桩上，前脚架的上方设有传动电机，所述的传动电机与转动轴相连接，其特征在于：所述的纵架和横架的材料为C型钢，纵架和横架的开口倾斜向下。本实用新型排线方便，C型钢能保护电线缆不受雨水的浸泡、日晒、风吹等，减少电线缆的腐蚀和发生电缆线短路的情况，使得电缆线使用寿命更高。
14. 202651138 一种光伏支架
CN
02.01.2013
H01L 31/042 Loading...
H01L 31/042
Loading...
201220202127.8
安徽振发新能源科技有限公司
胡庆
H01L 31/042
Loading...
一种光伏支架，涉及太阳能发电装置技术领域，包括太阳能电池板，固定在太阳能电池板下方的纵架，设在纵架下方的桥架，所述的桥架的下方设有支撑梁，所述支撑梁的下方设有脚架，支撑梁的下侧位于脚架上、下方分别设有一个连杆，所述的两个连杆的下方与抱箍连接，其特征在于：所述的桥架的材料为C型钢，桥架的开口倾斜向下。本实用新型保护电线缆不受雨水的浸泡、日晒、风吹等，减少电线缆的腐蚀和发生电缆线短路的情况，使得电缆线使用寿命更高，省去走线桥架，减少了生产的成本，施工更方便。
15. 202651139 一种无基础固定光伏支架
CN
02.01.2013
H01L 31/042 Loading...
H01L 31/042
Loading...
201220202560.1
安徽振发新能源科技有限公司
胡庆
H01L 31/042
Loading...
一种无基础固定光伏支架，涉及太阳能发电装置技术领域，包括太阳能电池板，固定在太阳能电池板下方的支架，其特征在于：所述的无基础固定光伏支架还包括设在支架下方的基板和设在基板下方的基座，所述的基座的侧面上设有固定板。本实用新型结构合理，可以通过膨胀螺丝直接固定在水泥地面上，方便实用，稳定可靠，省去了基础施工环节，节约了时间。
16. 202651135 一体光伏支架基础桩
CN
02.01.2013
H01L 31/042 Loading...
H01L 31/042
Loading...
201220201444.8
安徽振发新能源科技有限公司
王波
H01L 31/042
Loading...
一体光伏支架基础桩，涉及太阳能发电装置技术领域，包括基础桩，设在基础桩上方的光伏支架，所述的光伏支架太阳能电池板，固定在太阳能电池板下方的纵架，设在纵架下方的桥架，设在桥架下方的支撑梁，所述支撑梁的下方设有脚架，支撑梁的下侧位于脚架上、下方分别设有一个连杆，其特征在于：所述的两个连杆的下方连接有一个固定杆，所述的脚架和固定杆通过浇筑与基础桩固定连接。本实用新型结构简单，支架与基础桩连为一体，更加稳定牢固，减少了生产材料，节约了成本。
17. 202644557 一种防沉降台连体桩
CN
02.01.2013
E02D 27/12 Loading...
E02D 27/12
Loading...
201220201441.4
安徽振发新能源科技有限公司
王波
E02D 27/12
Loading...
防沉降台连体桩，型涉及太阳能发电装置技术领域，包括防沉降台，均匀设在防沉降台上方的一排基础板，所述每个基础板上方设有基础桩，其特征在于，所述的防沉降台为一体式结构。本实用新型结构简单合理，整体稳固，防沉降效果好，减少了由于基础桩的下沉而给整个发电装置带来的不利影响。
18. 202651137 一种光伏基础定位装置
CN
02.01.2013
H01L 31/042 Loading...
H01L 31/042
Loading...
201220202113.6
安徽振发新能源科技有限公司
胡庆
H01L 31/042
Loading...
一种光伏基础定位装置，涉及光伏发电装置施工工具技术领域，其特征在于：包括一个前部定位板和两个后部定位板，所述的前部定位板上设有四个孔，所述的四个孔中分别设有一个预埋螺栓，所述的后部定位板中心位置设有一个孔，两个后部定位板上端设有横架，所述的横架的两端分别设有一个孔，所述的后部定位板上的孔与横架上的孔中设有一个预埋螺栓，横架中心位置与前部定位板之间连接有纵架，横架的两端与纵架的中间位置固定有斜架，所述的斜架中部与纵架的前端连接有拉杆。本实用新型结构简单、施工方便、定位准确、便于标准化，能够缩短定位施工时间、增加工作效率。
19. 202644614 自动光伏基础开挖工具
CN
02.01.2013
E02F 5/20 Loading...
E02F 5/20
Loading...
201220203593.8
安徽振发新能源科技有限公司
胡庆
E02F 5/20
Loading...
自动光伏基础开挖工具，涉及太阳能光伏发电施工工具技术领域，包括拖拉机，其特征在于：自动光伏基础开挖工具还包括设在拖拉机后侧升降挂钩上的固定支架，通过旋转轴设在固定支架后端的换向箱，所述的换向箱的侧面设有一个皮带轮，所述的皮带轮与拖拉机的传动系统通过传动皮带连接，换向箱的下侧设有取土绞龙，换向箱上端与拖拉机之间连接有伸缩杆。本实用新型结构能够代替人工作业，机动性强、工作效率快、适应各种不平整路面与狭窄路面工作。
20. 202644596 光伏桩基基础开挖工具
CN
02.01.2013
E02F 3/02 Loading...
E02F 3/02
Loading...
201220201437.8
安徽振发新能源科技有限公司
王波
E02F 3/02
Loading...
光伏桩基基础开挖工具，涉及太阳能光伏发电施工工具技术领域，其特征在于：包括铲头，固定在铲头上部的铲把，所述的铲把的下部端侧设有两个插齿,铲把上缠绕有保护层，所述的铲头的横截面为半圆形。本实用新型结构是以洛阳铲为原形，放大并添加了两个插齿，实用方便，开挖效率高，费用低廉，工具运输方便，运用简单。
21. 202612285 一种光伏支架抱箍
CN
19.12.2012
F16B 2/06 Loading...
F16B 2/06
Loading...
201220203611.2
安徽振发新能源科技有限公司
胡庆
F16B 2/06
Loading...
一种光伏支架抱箍，涉及太阳能发电装置技术领域，包括左抱箍和右抱箍，其特征在于：所述的光伏支架抱箍内腔为圆形，所述的左抱箍和右抱箍的前后端侧设有连接耳，左抱箍和右抱箍的中间外侧设有扁铁，所述的扁铁与左抱箍和右抱箍之间分别设置有加强筋，扁铁上开有圆孔，所述的左抱箍和右抱箍的连接耳上连接有紧固螺丝。本实用新型拆卸组装方便，便于维修和施工，紧固效果好，稳定可靠。
22. 202603279 一体化光伏农业大棚
CN
19.12.2012
A01G 9/14 Loading...
A01G 9/14
Loading...
201220206867.9
安徽振发新能源科技有限公司
王波
A01G 9/14
Loading...
一体化光伏农业大棚，涉及太阳能光伏发电的利用技术领域，包括主体结构，设在主体结构外侧的墙体，以及位于主体结构上方的屋顶，其特征在于：所述的一体化光伏农业大棚还包括排风系统、控制湿度系统以及照明系统，所述的屋顶的向阳面铺有光伏组件，光伏组件与排风系统和控制湿度系统、照明系统电连接，所述的屋顶的坡度为20°～30°。本实用新型结构布局合理、生态环保、节约国土资源、同时也方便了农业大棚种植，实现了光伏农业一体化的新概念。
23. 202586810 一种新型的离网/并网一体化太阳能发电系统
CN
05.12.2012
H02N 6/00 Loading...
H02N 6/00
Loading...
201220052364.0
江苏振发新能源科技发展有限公司
茅建生
H02N 6/00
Loading...
本实用新型提供了一种新型的离网/并网一体化太阳能发电系统，本实用新型提供了一种新型的离网/并网一体化太阳能发电系统，其能满足用户对太阳能电力系统离网、并网的同时还具有对外部电网的峰值电力作储备、备份的多功能应用的要求，并能在满足用户使用的前提下对局部电网进行电力补充，大大提高太阳能电力系统的利用率以及系统硬件与软件资源的共享率，优化了系统硬件结构，降低了系统控制和运行成本。其包括控制系统、太阳能电池板、逆变器、蓄电池矩阵以及蓄电池充电控制器，蓄电池充电控制器连接所述蓄电池矩阵，其特征在于：控制系统控制太阳能发电系统在离网或并网的任一模式下运行。
24. 202454737 一种新型护罩式接地装置
CN
26.09.2012
H01R 4/66 Loading...
H01R 4/66
Loading...
201220025547.3
江苏振发新能源科技发展有限公司
茅建生
H01R 4/66
Loading...
本实用新型提供了一种新型护罩式接地装置，其能解决传统接地装置中，由于各接地极与上部扁铁的垂直焊接质量不稳定，而导致的接地电阻高、接地效果差的问题，同时能大大减少现场施工难度、降低工人劳动强度、有效提高施工效率、从而降低施工成本。其包括接地角钢、上部扁铁和接地上引线压接板，其特征在于：接地角钢的上端两外侧面上连接有两块相互垂直的护罩式连接板，两块护罩式连接板之间由定位支撑板进行垂直定位，两块护罩式连接板上均开有用于连接上部扁铁和用于连接接地上引线压接板的固定孔。
25. 201779214 一种改进的用于光伏发电单轴跟踪系统的蜗轮蜗杆减速器
CN
30.03.2011
F16H 1/16 Loading...
F16H 1/16
Loading...
201020505785.5
江苏振发太阳能科技发展有限公司
黄良甫
F16H 1/16
Loading...
本实用新型提供了一种改进的用于光伏发电单轴跟踪系统的蜗轮蜗杆减速器，其结构简单，能够有效解决在风力冲击载荷作用下轴键损伤的问题，且密封线短，驱动能耗低。其包括基座、蜗杆和回转蜗轮，所述蜗杆与回转蜗轮安装于所述基座内，所述蜗杆与所述回转蜗轮相互啮合，其特征在于：所述基座沿跟踪系统转动轴的轴向两端安装有通孔法兰和盲孔法兰，所述回转蜗轮的蜗轮轴两端分别通过滚动轴承固定于所述通孔法兰和盲孔法兰，所述蜗轮轴一端穿过所述通孔法兰并固定于单轴跟踪系统一端的支架上，所述盲孔法兰与单轴跟踪系统的转动轴连接。

