1. 105657450 分布式视频代码转换的方法
CN
08.06.2016
H04N 21/2343 Loading...
H04N 21/2343
Loading...
201610005878.3
天开数码媒体有限公司
袁耀辉
H04N 21/2343
Loading...
一种分布式视频代码转换的方法包括：分割过程101、代码转换过程102和组合过程103。所述分割过程包括基于时间划分的分割201、基于空间划分的分割301和混合分割401。源媒体分割成多个媒体段。这些段分配到不同的处理单元501。每个处理单元包括源接收单元502、分割单元503、代码转换单元504、组合单元505和最终结果存储单元506以实现遍及过程的并行转换以及组合以产生单个代码转换的结果。本发明涉及在短时间内将音频-视频源媒体从一个格式转换到另一个格式。
2. 102984559 一种基于语音辨识的收视率统计系统及方法
CN
20.03.2013
H04N 21/258 Loading...
H04N 21/258
Loading...
201210428331.6
上海尚恩华科网络科技股份有限公司
程钢
H04N 21/258
Loading...
本发明提出一种基于语音辨识的收视率统计系统，该系统包括有语音采集模块，语音采集模块通过语音识别模块连接至数据采集模块，数据采集模块通过网络与中央数据库相连，语音采集模块用于采集用户的语音信息，语音识别模块根据声音特征辨识所采集的语音信息，数据采集模块根据该语音信息采集用户收视行为数据，并将数据通过网络发送至中央数据库作统计分析。使用这种收视率统计系统可以大大简化调查过程，调查的范围可扩大到所有加装本系统的收视用户个体，通过识别声音特质可将被调查对象精确到以个人为单位，并且由于只采样用户的声音特征，可有效保护用户的隐私。
3. 1383326 Device and method for processing digital audio-video medium
CN
04.12.2002
H04N 7/173 Loading...
H04N 7/173
Loading...
01115342.3
Anke Digital Medium Co Ltd
Ye Shaochang
H04N 7/173
Loading...
A digit tone frequency and video frequency media process equipment and its method comprise a zone media distribution center device used in the digitalized encryption excision process of AV media file to be assigned to every distribution server of the local media. Multi-local media servers receive and store media file fragmentation, accept the request of the basic media broadcast controller, deal with the media transference and manage the amount of work of the local equipment. The multi-basic media broadcast controller transfers the request of users to the local media distribution server in the deciphering, combination, decoder and playback.

