1. 205766946 金刚线数控收放线装置
CN
07.12.2016
B28D 5/04 Loading...
B28D 5/04
Loading...
202016000626199
无锡上机数控股份有限公司
陆杰
B28D 5/04
Loading...
本实用新型提供了金刚线数控收放线装置，其结构简单，可有效防止金刚线之间产生摩擦，减少金刚砂剥落，节省线材，大大延长金刚线往复使用寿命，提高金刚线强度以及加工效率，从而提高硅块切片的成品率；收、放线管理装置设置于机床内一端的两侧，机床内另一端两侧分别设置有导轮，放线管理装置上方设置有放线走线轮、放线张力轮，收线管理装置上方设置有收线走线轮、收线张力轮，在一个导轮起始端设有放线过线轮，另一个导轮末端的上方设有收线过线轮，收、放线管理装置均为分段式一体结构，放线管理装置包括放线匝、放线布线匝，收线管理装置包括收线匝、收线布线匝，在导轮之间、放线布线匝、收线布线匝上的金刚线均为单层布置。
2. 105936096 一种金刚线数控收放线装置
CN
14.09.2016
B28D 5/04 Loading...
B28D 5/04
Loading...
102016000460087
无锡上机数控股份有限公司
陆杰
B28D 5/04
Loading...
本发明提供了一种金刚线数控收放线装置，其结构简单，可有效防止金刚线之间产生摩擦，减少金刚砂剥落，节省线材，大大延长金刚线往复使用寿命，提高金刚线强度以及加工效率，从而提高硅块切片的成品率；收、放线管理装置设置于机床内一端的两侧，机床内另一端两侧分别设置有导轮，放线管理装置上方设置有放线走线轮、放线张力轮，收线管理装置上方设置有收线走线轮、收线张力轮，在一个导轮起始端设有放线过线轮，另一个导轮末端的上方设有收线过线轮，收、放线管理装置均为分段式一体结构，放线管理装置包括放线匝、放线布线匝，收线管理装置包括收线匝、收线布线匝，在导轮之间、放线布线匝、收线布线匝上的金刚线均为单层布置。
3. 205096971 一种数控多晶硅平面倒角一体机
CN
23.03.2016
B24B 9/06 Loading...
B24B 9/06
Loading...
201520634854.5
无锡上机数控股份有限公司
陆杰
B24B 9/06
Loading...
本实用新型提供了一种数控多晶硅平面倒角一体机，其通过一次装夹依次完成硅块表面及其倒角或R角的磨削，提高硅块加工质量及加工效率，其特征在于：其包括床身、所述床身上设置有立柱框架，所述床身一端对应所述立柱框架下设置有进料装置，工作台通过第一直线导轨和第一滚轴丝杆连接所述立柱框架，所述床身上对应所述工作台设置有拖板，所述拖板通过第二直线导轨和第二滚轴丝杆连接所述床身，所述拖板上设置有磨削装置，所述工作台上设置有工件夹紧装置，所述工件夹紧装置包括工件支撑座和工件夹紧座，所述工件支撑座上设置有工件支撑头，所述工件支撑头连接驱动装置，所述工件夹紧座通过第三导轨和第三滚轴丝杆连接所述工作台所述工件夹紧座上设置有工件夹紧头，所述工件夹紧头与所述工件夹紧座旋转连接。
4. 204566417 新型数控金刚线蓝宝石切片机
CN
19.08.2015
B28D 5/04 Loading...
B28D 5/04
Loading...
201420816932.9
无锡上机数控股份有限公司
杨振华
B28D 5/04
Loading...
本实用新型提供了一种新型数控金刚线蓝宝石切片机，其简化了锯削工艺，提高了切片机的加工效率，成品质量高，从而实现了降低生产成本，增加经济效益的目的，其包括机架，机架上设置有进给机构，所述进给机构上设置有装夹夹具，其特征在于：所述机架上设置有摇摆机构，所述摇摆机构位置对应所述进给机构，所述摇摆机构上设置有两个引线导轮结构，金刚线保持间距地依次多次卷绕在两个所述引线导轮结构上。
5. 204566418 数控蓝宝石多工位单线开方机收放线机构
CN
19.08.2015
B28D 5/04 Loading...
B28D 5/04
Loading...
201520164214.2
无锡上机数控股份有限公司
杨振华
B28D 5/04
Loading...
本实用新型提供了一种数控蓝宝石多工位单线开方机收放线机构，保证了金刚线切割的稳定性和金刚线的利用率，在保证了蓝宝石开方质量的同时，较大地提高了经济效益，其包括放线卷绕装置、收线卷绕装置和切割装置，切割装置包括两个切割滑轮，其特征在于：所述数控蓝宝石多工位单线开方机收放线机构包括多个切割装置，所述放线卷绕装置包括放线盘、放线导线轮、放线张力摆臂和切割室进线定滑轮；收线卷绕装置包括收线盘、收线导线轮、收线张力摆臂和切割室出线定滑轮，金刚线依次通过所述放线盘，所述放线导线轮，所述放线张力摆臂，所述切割室进线定滑轮，切割装置上的两个切割滑轮和所述切割装置端的导线滑轮，切割室出线定滑轮，收线张力摆臂，收线导线轮，最终卷绕在收线盘上。
6. 203892387 一种导轮轴的轴承座支撑结构
CN
22.10.2014
F16C 35/00 Loading...
F16C 35/00
Loading...
201420243865.6
无锡上机数控股份有限公司
李向宇
F16C 35/00
Loading...
本实用新型提供了一种导轮轴的轴承座支撑结构，其保证了导轮轴在高速旋转过程中前后轴承机构与轴承座内孔的间隙的可靠配合，减小了前后轴承机构在工作中的震动，提高导轮轴的刚性，保证切片质量和机器的使用寿命，其包括前轴承机构、后轴承机构，引线导轮两端分别固定在前轴承机构和后轴承机构上，前轴承机构包括前机体轴承座,后轴承机构后机体轴承座，前机体轴承座内设置有前旋转主轴，后机体轴承座内设置有后旋转主轴，引线导轮两端分别连接前旋转主轴和后旋转主轴，前旋转主轴和后旋转主轴上分别套装有主轴套筒，主轴套筒上套装有铜套，铜套分别嵌入前机体轴承座孔和后机体轴承座孔内，铜套外周分别设置有封闭的螺旋水槽，螺旋水槽两端分别连接进水口和出水口。
7. 203887689 一种磨床头架结构
CN
22.10.2014
B24B 41/02 Loading...
B24B 41/02
Loading...
201420244047.8
无锡上机数控股份有限公司
李伟
B24B 41/02
Loading...
本实用新型提供了一种磨床头架结构，其能有效的在加工重量大的工件时，辅助大皮带轮带动工件旋转装置旋转，从而带动工件回转，在有限的皮带直径和电机功率的前提下提高了加工工件重量，其包括头架体，所述头架体上设置有旋转轴，所述旋转轴连接所述大皮带轮，其特征在于：所述大皮带轮连接内齿圈，所述头架体上设置有蜗杆，所述头架体上设置有与所述蜗杆啮合的蜗轮，所述蜗轮连接第一齿轮，所述头架体上设置有与所述第一齿轮啮合的第二齿轮，所述第二齿轮连接第三齿轮，第四齿轮啮合所述第三齿轮，所述第四齿轮对应所述内齿圈。
8. 203887691 一种砂轮主轴结构
CN
22.10.2014
B24B 41/04 Loading...
B24B 41/04
Loading...
201420243850.X
无锡上机数控股份有限公司
杭鑫渊
B24B 41/04
Loading...
本实用新型提供了一种砂轮主轴结构，有效避免了磨削过程中砂轮主轴的位移，保证了工件的外圆磨削圆度，从而保证了工件的磨削质量，其包括砂轮主轴套和砂轮主轴，所述砂轮主轴设置在所述砂轮主轴套内，其特征在于：所述砂轮主轴两端分别通过前静压轴承和后静压轴承支撑在所述砂轮主轴套内，所述前静压轴承和后静压轴承分别包括轴承体，所述轴承体上一侧设置有多组静压油腔，所述静压油腔连通所述轴承体内壁，所述静压油腔分别连接油道。
9. 203887639 一种大型数控曲轴主轴颈外圆磨床
CN
22.10.2014
B24B 5/42 Loading...
B24B 5/42
Loading...
201420243877.9
无锡上机数控股份有限公司
陆杰
B24B 5/42
Loading...
本实用新型提供了一种大型数控曲轴主轴颈外圆磨床，减小了磨削时回转的曲轴会产生的不平衡离心惯性力，从而减小了曲轴的扭转和弯曲变形，满足了主轴颈的圆度的加工要求，较好地实现了大型曲轴普通外圆的磨削，其包括工件床身、砂轮床身，所述工件床身上设置有头架和尾架，所述砂轮床身上对应所述工件床身设置有砂轮架，其特征在于：所述砂轮架通过拖板连接所述砂轮床身，所述拖板通过导轨连接所述砂轮床身，所述砂轮架通过伺服电机和滚珠丝杠连接所述拖板，所述工件床身上设置有窄形中心架，所述头架固定在所述工件床身的一端，所述尾架通过导轨连接所述工件床身。
10. 203888047 一种摇摆机构
CN
22.10.2014
B28D 5/04 Loading...
B28D 5/04
Loading...
201420244001.6
无锡上机数控股份有限公司
杨振华
B28D 5/04
Loading...
本实用新型提供了一种摇摆机构，保证了整个切片过程非常顺畅，较好地提高切片工作效率和切片质量，从而实现了降低生产成本，增加经济效益的目的，其特征在于：其包括上固定板、下活动板，所述上固定板上设置有支架，所述支架上设置有圆弧滑轨，所述下活动板通过滑块与所述圆弧滑轨配合连接所述支架，所述上固定板上设置有齿轮，所述齿轮连接驱动装置，所述下活动板上设置有与所述齿轮啮合的扇形齿条，所述下活动板上设置有夹具。
11. 203888045 一种金刚线导轮结构
CN
22.10.2014
B28D 5/04 Loading...
B28D 5/04
Loading...
201420243927.3
无锡上机数控股份有限公司
杭舜
B28D 5/04
Loading...
本实用新型提供了一种金刚线导轮结构，有效避免保证金刚线断线后其继续运转，进而避免了断裂后的钢线对导线导轮和被切工件的损坏，防止了硅片的报废，确保切片质量，减少经济损失，其包括机架，所述机架上设置有引线导轮，其特征在于：所述引线导轮外侧面设置有自动检测金刚线断线保护装置，所述自动检测金刚线断线保护装置包括第一支架、第二支架，所述第一支架、所述第二支架设置在所述机架上，纤维线依次连接所述第一支架、所述第二支架，形成所述纤维线设置在所述引线导轮同方向的一侧，所述第一支架设置有线架和导线轴，所述线架上设置有导线柱，在所述第一支架上所述导线轴下端设置有活动感应块，所述纤维线依次缠绕所述导线柱、导线轴端部连接所述感应块，所述第一支架上对应所述活动感应块设置有感应接近开关。
12. 203888046 一种数控金刚线蓝宝石切片机
CN
22.10.2014
B28D 5/04 Loading...
B28D 5/04
Loading...
201420243929.2
无锡上机数控股份有限公司
李建荣
B28D 5/04
Loading...
本实用新型提供了一种数控金刚线蓝宝石切片机，其简化了锯削工艺，提高了切片机的加工效率，成品质量高，从而实现了降低生产成本，增加经济效益的目的，其包括机架，机架上设置有进给机构，机架上对应进给机构设置有两个引线导轮结构，金刚线保持间距地依次多次卷绕在两个引线导轮结构上，在机架上引线导轮结构上方对应安装冷却润滑喷嘴，在机架上引线导轮结构两侧分别设置有收线卷绕装置、放线卷绕装置，其特征在于：所述进给机构上设置有摇摆机构。
13. 103949947 Large-sized numerical control cylindrical grinding machine for crankshaft main journal
CN
30.07.2014
B24B 5/42 Loading...
B24B 5/42
Loading...
201410201158.5
无锡上机数控股份有限公司
陆杰
B24B 5/42
Loading...
The invention provides a large-sized numerical control cylindrical grinding machine for a crankshaft main journal, which can reduce imbalanced centrifugal inertia force of the revolving crankshaft during grinding, so as to reduce torsion and bending deflection of the crankshaft, meet the roundness processing requirement of the main journal, and realize grinding of a common outer circle of the large-sized crankshaft. The large-sized numerical control cylindrical grinding machine comprises a workpiece lathe bed and a grinding wheel lathe bed, wherein the workpiece lathe body is provided with a headstock and a tailstock; a grinding carriage is arranged on the grinding wheel lathe bed and correspond to the workpiece lathe body; the large-sized numerical control cylindrical grinding machine is characterized by that the grinding carriage is connected with the grinding wheel lathe body through a carriage; the carriage is connected with the grinding wheel lathe body through a guide rail; the grinding carriage is connected with the carriage through a servo motor and a ball screw; a narrow central frame is arranged on the workpiece lathe body; the headstock is fixed at one end of the workpiece lathe body; the tailstock is connected with the workpiece lathe body through the guide rail.
14. 203622681 一种金刚线切割液溢流式冷却装置
CN
04.06.2014
B28D 7/02 Loading...
B28D 7/02
Loading...
201320768302.4
无锡上机数控股份有限公司
杨振华
B28D 7/02
Loading...
本实用新型提供了一种金刚线切割液溢流式冷却装置，可以使切削冷却液平稳均匀的喷洒在线网上，降低线网变形程度，有效地提高切片成品合格率，其包括喷嘴，其特征在于：所述喷嘴的下端设置有外部导流板，水盘连接所述外部导流板，所述水盘外缘连接限位溢流板。
15. 203622678 一种碳纤维导轮装置
CN
04.06.2014
B28D 7/00 Loading...
B28D 7/00
Loading...
201320768003.0
无锡上机数控股份有限公司
杨建中
B28D 7/00
Loading...
本实用新型提供了一种碳纤维导轮装置，其重量轻、机械物理强度高，可以大幅度降低机械运转时的惯性，有效减小了能源的浪费，而且其具有良好的防震性，提高引线导轮的旋转精度，从而提高成品的合格率，其特征在于：其包括碳纤维套筒，所述碳纤维套筒两端套装有导线轮端盖，所述导线轮端盖外侧设置有球面关节轴承，所述导线轮端盖之间连接金属导向管。
16. 203622682 一种新型切割液冷却回路装置
CN
04.06.2014
B28D 7/02 Loading...
B28D 7/02
Loading...
201320768730.7
无锡上机数控股份有限公司
杨振华
B28D 7/02
Loading...
本实用新型提供了一种新型切割液冷却回路装置，有效避免了硅屑粉在换热器上的沉积，保证了冷却液输送通道的畅通，提高了热交换效率，从而提高了切片质量，并且大大降低了修理费用，其包括切割液储存处理装置，所述割液储存处理装置通过切割液输送管连接过滤器，其特征在在于：管式冷凝器连接所述过滤器，所述管式冷凝器连接切割液输出口。
17. 203622670 一种线切割过程中导轮防损伤装置
CN
04.06.2014
B28D 5/04 Loading...
B28D 5/04
Loading...
201320768765.0
无锡上机数控股份有限公司
杨振华
B28D 5/04
Loading...
本实用新型提供了一种线切割过程中导轮防损伤装置，有效的防止硅片碎屑被高速切割线带离受屑范围，从而有效避免了线网间距破坏和引线导轮的损伤，保证了切片的合格率，其包括循环的上层切割线网和下层切割线网，其特征在于：所述上层切割线网和所述下层切割线网中间架设有受屑槽结构。
18. 203622667 数控金刚线切片机
CN
04.06.2014
B28D 5/04 Loading...
B28D 5/04
Loading...
201320651753.X
无锡上机数控股份有限公司
杨建良
B28D 5/04
Loading...
本实用新型提供了一种数控金刚线切片机，其简化了锯削工艺，提高了线锯切片机的锯削效率，同时避免了砂浆的飞溅对环境造成污染，有效地保护了环境，其包括机架、工件夹紧进给装置和设置在床身两侧的收线卷绕装置、放线卷绕装置，机架内两侧设置有引导滚轮，其特征在于：金刚线保持间距地依次多次卷绕在所述的两个引导滚轮上，所述机架上对应所述金刚线设置有冷却润滑剂喷嘴。
19. 203266359 一种改进的磨床结构
CN
06.11.2013
B24B 27/00 Loading...
B24B 27/00
Loading...
201320105690.8
无锡上机数控股份有限公司
杨建良
B24B 27/00
Loading...
本实用新型提供了一种改进的磨床结构，实现水的方便收集和淌水，降低了对磨床的床身的密封要求，较好地保证了磨床中电气部分的安全，其包括床身，其特征在于：所述床身四周设置有淌水槽，所述淌水槽低于所述床身的内侧上表面。
20. 203210129 一种数控端面外圆磨床
CN
25.09.2013
B24B 5/01 Loading...
B24B 5/01
Loading...
201320105707.X
无锡上机数控股份有限公司
杨建良
B24B 5/01
Loading...
本实用新型提供了一种数控端面外圆磨床，能在一次装夹工件条件下，完成台阶轴外圆和台阶端面的加工磨削，降低了加工难度，保证了加工质量，提高了生产效率，其包括床身，下台面通过导轨设置在所述床身上，下台面连接滚珠丝杠，所述滚珠丝杠连接伺服电机，上台面安装在所述下台面上，头架结构和尾架结构设置在所述上台面两端，所述床身上对应所述上台面设置有砂轮架结构，其特征在于：所述砂轮架结构通过直线导轨倾斜设置在所述床身上。
21. 203210131 一种数控外圆磨床
CN
25.09.2013
B24B 5/04 Loading...
B24B 5/04
Loading...
201320105731.3
无锡上机数控股份有限公司
杨建良
B24B 5/04
Loading...
本实用新型提供了一种数控外圆磨床，能在一次装夹工件条件下，完成多档自动循环磨削，提高了生产效率，满足了不同形状工件的外圆磨削，其包括床身，所述下台面通过导轨设置在所述床身上，上台面安装在所述下台面上，下台面连接第一滚珠丝杠，所述第一滚珠丝杠连接伺服电机，头架结构和尾架结构设置在所述上台面两端，所述床身上对应所述上台面设置有砂轮架结构，其特征在于：所述上台面通过回转丝杆和回转轴安装在所述下台面上。
22. 202656022 数控双床身外圆磨床
CN
09.01.2013
B24B 5/36 Loading...
B24B 5/36
Loading...
201220184086.4
无锡上机数控股份有限公司
杨建良
B24B 5/36
Loading...
本实用新型提供了一种数控双床身外圆磨床，可以方便、稳定地对长度长，重量重的大型工件外圆进行加工磨削，保证了工件的磨削刚度，提高了磨削精度，其包括床身，其特征在于：所述床身包括工件床身和砂轮床身，所述工件床身上安装有头架装置和尾架装置，所述砂轮床身上设置有拖板，所述拖板上安装有磨削装置和操纵箱。
23. 202656021 LED蓝宝石数控外圆平面磨床
CN
09.01.2013
B24B 5/01 Loading...
B24B 5/01
Loading...
201220184128.4
无锡上机数控股份有限公司
杨建良
B24B 5/01
Loading...
本实用新型提供了一种LED蓝宝石数控外圆平面磨床，实现工件一次装夹同时完成外圆磨加工及轴向磨出基准边，避免了LED蓝宝石工件的两次重复装夹，提高了LED蓝宝石加工精度和产品质量，降低了LED蓝宝石的报废率，其包括床身，工作台通过滑动导轨和滚珠丝杠设置在所述床身一侧，所述工作台上设置有头架和尾架，所述头架上设置有头架主轴，所述尾架上设置有尾架套筒，底座设置在所述床身的另一侧，所述底座上设置有磨削装置，其特征在于：所述床身一端与所述头架和尾架的对应位置上安装有立柱，所述立柱上在所述头架和尾架对应的上端安装有立磨装置。
24. 202572670 数控金刚石带锯床
CN
05.12.2012
B28D 5/04 Loading...
B28D 5/04
Loading...
201220184087.9
无锡上机数控股份有限公司
杨建良
B28D 5/04
Loading...
本实用新型提供了一种数控金刚石带锯床，可以有效保证金刚石锯带的刚度稳定，符合单、多晶硅切割特性，保证了单、多晶硅材质的切削精度，提高了成品质量，其包括床身、工作台和立柱，所述工作台设置在所述床身一侧上，所述立柱设置在所述床身的另一侧上，主动轮设置在所述立柱下端，从动轮设置在所述立柱上方，金刚石锯带套装在所述主动轮和所述从动轮上，所述主动轮连接动力传动装置，其特征在于：所述从动轮通过从动轮轴连接张力调节装置。
25. 202528328 一种数控硅碇钢丝切方机钢线收放装置
CN
14.11.2012
B28D 5/04 Loading...
B28D 5/04
Loading...
201220043325.4
无锡上机数控股份有限公司
杨建良
B28D 5/04
Loading...
本实用新型提供了一种数控硅碇钢丝切方机钢线收放装置，能合理有效的控制钢线张力，保证钢线切面平整，尺寸均匀，提高了晶硅开方的成品率及成品质量，其特征在于：其包括基座，所述基座上设置有收线筒和放线筒，所述收线筒和所述放线筒分别连接驱动装置，所述收线筒上端设置有收线线轮，所述放线筒上端设置有放线线轮，所述收线筒和所述放线筒下端分别设置有张紧装置。
26. 202462661 一种数控硅碇钢线开方机
CN
03.10.2012
B28D 5/04 Loading...
B28D 5/04
Loading...
201220043320.1
无锡上机数控股份有限公司
杨建良
B28D 5/04
Loading...
本实用新型提供了一种数控硅碇钢线开方机，可以一次切割出较多数量规定尺寸的立方体硅碇，提高了硅碇的加工效率，其特征在于：其包括底座、机架，所述底座上固定有立柱，所述立柱上安装有滑动拖板，线架安装在所述滑动拖板上，所述机架上固定有钢线的收放线装置、砂浆喷射装置，所述线架为两端引导滚轮结构，钢线保持间距地依次多次卷绕在所述的钢线引导滚轮上，所述钢线两端分别连接所述钢线的收放线装置，所述钢线引导滚轮连接动力传动装置。
27. 202317912 一种改进的自动夹紧加工工件的装置
CN
11.07.2012
B24B 9/16 Loading...
B24B 9/16
Loading...
201120369321.0
无锡上机数控股份有限公司
杨建良
B24B 9/16
Loading...
本实用新型提供了一种改进的自动夹紧加工工件装置，能平稳的放置圆形棒料，并自动夹紧工件，提高工作效率，夹紧的质量也得到保证，其特征在于：包括底座﹑支架和顶板，所述支架固定在所述底座上，所述顶板固定在所述支架上与所述底座﹑支架形成一个框架结构，顶紧气缸固定在所述顶板上，所述底座上与所述顶紧气缸对应的位置设置有工件定位支座，所述工件定位支座为V型支座，所述V型工件定位支座的一侧面与所述气缸活塞杆平行设置。
28. 202292204 一种自动夹紧加工工件装置
CN
04.07.2012
B23Q 3/08 Loading...
B23Q 3/08
Loading...
201120387540.1
无锡上机数控股份有限公司
杨建良
B23Q 3/08
Loading...
本实用新型提供了一种自动夹紧加工工件装置，能平稳的放置圆形棒料，并自动压紧工件，提高工作效率，压紧的质量也得到保证，一种自动夹紧加工工件装置，其特征在于：包括底座﹑支架、顶板，所述支架固定在所述底座上，所述顶板固定在所述支架上与所述底座﹑支架形成一个框架结构，顶紧气缸固定在所述顶板上，所述底座上与所述顶紧气缸对应的位置设置有工件定位支座，所述工件定位支座为V型支座，所述V型工件定位支座的两边以所述气缸活塞杆为中心对称设置。
29. 202271242 一种LED蓝宝石数控滚磨机
CN
13.06.2012
B24B 5/04 Loading...
B24B 5/04
Loading...
201120369087.1
无锡上机数控股份有限公司
杨建良
B24B 5/04
Loading...
本实用新型提供了一种LED蓝宝石数控滚磨机，工件定位准，工件轴心偏差小，使其磨削效率高，磨削精度好，成品质量得到提高，其包括床身、工作台、底座，所述工作台安装于所述床身的前部的滑动导轨上，所述底座安装于所述床身后部，所述底座上设置有直线导轨，拖板通过滚珠丝杠安装在所述直线导轨上，砂轮研磨头固定在所述拖板上，所述砂轮研磨头包括砂轮、砂轮主轴、砂轮架和动力传动装置，其特征在于：所述工作台上设置有头架和尾架，所述砂轮主轴与所述头架主轴和所述尾架主轴平行，所述砂轮主轴、所述头架主轴和所述尾架主轴中心等高，所述头架和尾架之间设置有工件顶紧装置。
30. 202271453 一种LED蓝宝石数控切割机
CN
13.06.2012
B28D 5/04 Loading...
B28D 5/04
Loading...
201120368763.3
无锡上机数控股份有限公司
杨建良
B28D 5/04
Loading...
本实用新型提供了一种LED蓝宝石数控切割机，实现LED蓝宝石工具稳定装夹，提高切割效率，提高产品质量，其包括工作台、基座、立柱和动力传动装置，所述立柱安装于所述基座上，所述立柱为具有上支撑座和下支撑座的凹形结构，主动轮设置在所述立柱下支撑座上，所述动力传动装置连接所述主动轮，从动轮座设置在所述立柱上支撑座上，金刚石锯带安装在所述从动轮和所述主动轮上，滑座设置在所述从动轮和所述主动轮之间支承于所述立柱下支撑座上，所述工作台通过滚珠丝杠和直线导轨支承于所述滑座上，工件装夹夹具设置在所述工作台上，其特征在于：所述工件装夹夹具包括支座和上压板，所述支座和上压板可拆卸连接形成一空腔，所述支座两侧安装螺纹套，螺纹套内设置有与所述螺纹套配合的螺杆，所述螺杆顶部压入尼龙顶块，上压板内侧安装尼龙压块。
31. 202271277 一种曲轴磨床工件的夹紧装置
CN
13.06.2012
B24B 41/06 Loading...
B24B 41/06
Loading...
201120373343.4
无锡上机数控股份有限公司
杨建良
B24B 41/06
Loading...
本实用新型提供了一种曲轴磨床工件的夹紧装置，可以防止工件定位中心线的移动，不会破坏工件分度精度，其包括工件压板，所述工件压板中有一空腔，所述工件压板内侧固定有定位块，其特征在于：所述工件压板内侧与所述定位块对应的位置上活动设置有压块，球面螺钉穿过所述工件压板通过连接板连接所述压块。
32. 202271454 一种数控高速金刚石带锯床
CN
13.06.2012
B28D 5/04 Loading...
B28D 5/04
Loading...
201120369086.7
无锡上机数控股份有限公司
杨建良
B28D 5/04
Loading...
本实用新型提供了一种数控高速金刚石带锯床，可以通过提高锯削速度来提高单、多晶硅的锯切效率，其包括工作台、基座、立柱和动力传动装置，所述立柱安装于所述基座上，所述立柱为具有上支撑座和下支撑座的凹形结构，主动轮座设置在所述立柱下支撑座上，主动轮安装在所述主动轮座上，所述动力传动装置连接所述主动轮，从动轮座设置在所述立柱上支撑座上，从动轮安装在所述从动轮座上，金刚石锯带安装在所述从动轮和所述主动轮上，滑座设置在所述从动轮和所述主动轮之间支承于所述立柱下支撑座上，所述工作台通过滚珠丝杠和直线导轨支承于所述滑座上，其特征在于：所述主动轮和所述从动轮内分别安装有装刹车装置。
33. 202271252 一种LED蓝宝石数控端面磨床
CN
13.06.2012
B24B 7/16 Loading...
B24B 7/16
Loading...
201120368764.8
无锡上机数控股份有限公司
杨建良
B24B 7/16
Loading...
本实用新型提供了一种LED蓝宝石数控端面磨床，端面、基准面定向准确、磨削精准平稳，磨削效率高，磨削精度好，大大提高LED蓝宝石加工的质量及成品率，其包括床身、工作台、底座，所述工作台安装于所述床身的前部的滑动导轨上，所述底座安装于所述床身后部，所述底座上设置有直线导轨，拖板通过滚珠丝杠安装在所述直线导轨上，砂轮研磨头固定在所述拖板上，所述砂轮研磨头包括砂轮、砂轮主轴、砂轮架和动力传动装置，其特征在于：所述工作台上设置有T型槽，所述T型槽螺钉设置在所述T型槽中，夹具装置通过压板和所述T型槽固定在所述工作台上。
34. 202271246 一种曲轴磨床平衡盘与头尾架主轴的联结结构
CN
13.06.2012
B24B 5/42 Loading...
B24B 5/42
Loading...
201120369092.2
无锡上机数控股份有限公司
杨建良
B24B 5/42
Loading...
本实用新型提供了一种曲轴磨床平衡盘与头尾架主轴的联结结构，克服了旋转时平衡盘巨大的不平衡量，防止平衡盘与头尾架主轴之间的微量滑动，其包括带锥度的头尾架主轴和与所述带锥度的头尾架主轴配合的平衡盘，其特征在于：所述头尾架主轴上有与所述平衡盘端面配合的肩胛面，所述平衡盘通过均匀布置的螺栓固定在所述头尾架主轴上。
35. 202271247 一种LED蓝宝石数控滚圆基面磨床
CN
13.06.2012
B24B 5/50 Loading...
B24B 5/50
Loading...
201120373947.9
无锡上机数控股份有限公司
杨建良
B24B 5/50
Loading...
本实用新型提供了一种LED蓝宝石数控滚圆基面磨床，一次工件装夹后，其同时对圆棒状工件进行外圆磨削和基准面磨削，提高了磨削效率，而且磨削精度好，提高了产品的成品率，其包括床身、工作台、底座，所述工作台通过滚珠丝杠安装于所述床身前部的滑动导轨上，所述工作台上设置有头架和尾架，所述底座安装于所述床身后部，其特征在于：所述底座两端分别设置有直线导轨，两块进给拖板通过滚珠丝杠分别安装在所述的直线导轨上，所述进给拖板上分别安装有平面砂轮研磨头和外圆砂轮研磨头，所述平面砂轮研磨头和外圆砂轮研磨头分别包括金刚石砂轮、砂轮主轴、砂轮架和动力传动装置，所述平面砂轮研磨头的砂轮主轴垂直于所述头架和尾架，所述外圆砂轮研磨头的砂轮主轴平行于所述头架和尾架。
36. 102390091 数控高速金刚石带锯床
CN
28.03.2012
B28D 1/08 Loading...
B28D 1/08
Loading...
201110294976.0
无锡上机数控股份有限公司
杨建良
B28D 1/08
Loading...
本发明提供了一种数控高速金刚石带锯床，可以通过提高锯削速度来提高单、多晶硅的锯切效率，其包括工作台、基座、立柱和动力传动装置，所述立柱安装于所述基座上，所述立柱为具有上支撑座和下支撑座的凹形结构，主动轮座设置在所述立柱下支撑座上，主动轮安装在所述主动轮座上，所述动力传动装置连接所述主动轮，从动轮座设置在所述立柱上支撑座上，从动轮安装在所述从动轮座上，金刚石锯带安装在所述从动轮和所述主动轮上，滑座设置在所述从动轮和所述主动轮之间支承于所述立柱下支撑座上，所述工作台通过滚珠丝杠和直线导轨支承于所述滑座上，其特征在于：所述主动轮和所述从动轮内分别安装有装刹车装置。
37. 202169654 一种钢线卷绕控制装置
CN
21.03.2012
B28D 5/04 Loading...
B28D 5/04
Loading...
201120063446.0
无锡上机数控股份有限公司
杨建良
B28D 5/04
Loading...
本实用新型提供了一种钢线卷绕控制装置，能合理有效的控制钢线张力，切片平整，厚薄均匀，提高了单、多晶硅切片的成品率及成品质量，其特征在于：包括钢线固定导线轮装置、钢线滑动导线轮装置和钢线卷绕盘，所述钢线固定导线轮装置包括钢线固定导线轮，所述钢线固定导线轮安装在摆臂上，所述摆臂与伺服电机连接，所述钢线滑动导线轮装置通过滚轴丝杆与滑动导向轮移动导轨滑动连接，所述滚轴丝杆连接伺服电机，所述钢线滑动导线轮装置上安装有钢线张力传感器，所述钢线张力传感器连接控制信号装置。
38. 202162642 一种轧辊磨床拖板位置测量装置
CN
14.03.2012
B24B 5/35 Loading...
B24B 5/35
Loading...
201020673737.7
无锡上机数控股份有限公司
杨建良
B24B 5/35
Loading...
本实用新型提供了一种轧辊磨床拖板位置测量装置，采用齿轮齿条结构，能准确地测量拖板的实际距离，提高了位置测量精度，由于避免了使用光栅尺，从而降低了制造成本，其包括齿轮、齿条和旋转编码器，其特征在于：所述齿轮安装在减速机的输入端，所述编码器与所述的减速机的输出端相连。
39. 102328250 LED蓝宝石数控滚圆基面磨床
CN
25.01.2012
B24B 5/50 Loading...
B24B 5/50
Loading...
201110297738.5
无锡上机数控股份有限公司
杨建良
B24B 5/50
Loading...
本发明提供了一种LED蓝宝石数控滚圆基面磨床，一次工件装夹后，其同时对圆棒状工件进行外圆磨削和基准面磨削，提高了磨削效率，而且磨削精度好，提高了产品的成品率，其包括床身、工作台、底座，所述工作台通过滚珠丝杠安装于所述床身前部的滑动导轨上，所述工作台上设置有头架和尾架，所述底座安装于所述床身后部，其特征在于：所述底座两端分别设置有直线导轨，两块进给拖板通过滚珠丝杠分别安装在所述的直线导轨上，所述进给拖板上分别安装有平面砂轮研磨头和外圆砂轮研磨头，所述平面砂轮研磨头和外圆砂轮研磨头分别包括金刚石砂轮、砂轮主轴、砂轮架和动力传动装置，所述平面砂轮研磨头的砂轮主轴垂直于所述头架和尾架，所述外圆砂轮研磨头的砂轮主轴平行于所述头架和尾架。
40. 202106294 改进的数控硅块双平面研磨机
CN
11.01.2012
B24B 37/04 Loading...
B24B 37/04
Loading...
201020513100.1
无锡上机数控股份有限公司
杨建良
B24B 37/04
Loading...
本实用新型提供了一种改进的数控硅块双平面研磨机，包括床身、工作台、滑鞍、滑板、磨头，所述床身中间有直线导轨、滚珠丝杆，所述工作台安装在直线导轨、滚珠丝杆上，所述滑鞍有一对，安装在床身左右两边，所述滑鞍上有直线导轨、滚珠丝杆，所述滑板通过直线导轨、滚珠丝杆安装在所述滑鞍上，所述磨头分别安装在滑板上，其特征在于：所述磨头包括金刚砂精磨磨头、金刚毛刷柔性研磨磨头，所述金刚砂精磨磨头、金刚毛刷研磨磨头沿着所述数控硅块双平面研磨机进料方向依次布置。同时采用金刚砂精磨磨头和金刚毛刷研磨磨头，提高了研磨效率，减少了毛刷的消耗量，提高了硅片的成品率，使加工硅块只需保留很少的加工余量，节省了原材料。
41. 202071231 数控线锯切片磨床
CN
14.12.2011
B28D 5/04 Loading...
B28D 5/04
Loading...
201120063432.9
无锡上机数控股份有限公司
杨建良
B28D 5/04
Loading...
本实用新型提供了一种数控线锯切片磨床，可一次切割出较多数量的硅片，提高了线锯切片磨床的磨削效率，包括床身、工件夹紧装置、钢线、研磨剂储存供应装置和设置在床身两侧的收线卷绕装置、放线卷绕装置，收线卷绕装置包括收线固定导线轮装置、收线滑动导线轮装置和收线卷绕盘，放线卷绕装置包括放线固定导线轮装置、放线滑动导线轮装置和放线卷绕盘，床身上对称设置有钢线引导滚轮，钢线引导滚轮两侧设置有研磨剂喷嘴，钢线依次通过放线卷绕盘，放线滑动导线轮装置，放线固定导线轮装置，钢线引导滚轮，收线固定导线轮装置，收线滑动导线轮装置，卷绕在收线卷绕盘上，钢线引导滚轮为圆柱形钢线引导滚轮，钢线保持间距地依次多次卷绕在两个钢线引导滚轮上。
42. 202062536 一种工件夹紧装置
CN
07.12.2011
B28D 7/04 Loading...
B28D 7/04
Loading...
201120063448.X
无锡上机数控股份有限公司
杨建良
B28D 7/04
Loading...
本实用新型提供了一种工件夹紧装置，可以方便稳定地对单、多晶硅进行夹持，对整个硅块一次性加工完成，提高了生产效率，而且提高了锯切出来的硅片的成品率，其特征在于：包括气缸，所述气缸的活塞杆与杠杆连接，所述杠杆的一端连接杠杆座，所述杠杆座安装在工件滑块安装导向座上，T型夹紧杆穿过所述工件滑块安装导向座连接所述杠杆，夹紧弹簧通过调节螺母套装在所述T型夹紧杆外，所述工件导向板通过T型槽与所述T型夹紧杆配合滑动安装在所述工件滑块安装导向座上，所述工件导向板与切锯基座固定连接。
43. 202062530 一种研磨剂的储存供应装置
CN
07.12.2011
B28D 7/00 Loading...
B28D 7/00
Loading...
201120063447.5
无锡上机数控股份有限公司
杨建良
B28D 7/00
Loading...
本实用新型提供了一种研磨剂的储存供应装置，使研磨剂搅拌均匀、喷洒均匀，为数控线锯切片加工提供了有力的保障，提高了单、多晶硅片的成品率，其特征在于：包括储存筒，所述储存筒上设置有研磨剂高速泵浦，研磨搅拌装置，研磨剂回流孔，研磨剂输出口连接所述研磨剂高速泵浦，研磨剂喷嘴连接所述研磨剂输出口。
44. 202062535 一种研磨剂喷嘴装置
CN
07.12.2011
B28D 7/02 Loading...
B28D 7/02
Loading...
201120063452.6
无锡上机数控股份有限公司
杨建良
B28D 7/02
Loading...
本实用新型提供了用于线锯切片磨床的一种研磨剂喷嘴装置，可以使钢线在运动过程中得到均匀的冷却，有效降低钢线的发热量，防止钢线断线，且喷洒均匀提高切片的成品率及成品质量，满足多片切片的加工要求，其特征在于：包括水槽、水槽安装板，所述水槽上设置有研磨剂进入口，所述水槽的上部安装上隔层，所述水槽的中部安装中隔层，所述水槽的底部为喷嘴层，所述上隔层、中隔层和喷嘴层上均匀布置有研磨剂喷出槽，所述上隔层的研磨剂喷出槽的槽宽最宽，所述喷嘴层的研磨剂喷出槽的槽宽最窄。
45. 102179879 Numerically controlled wire saw slicing grinder
CN
14.09.2011
B28D 5/04 Loading...
B28D 5/04
Loading...
201110058857.5
Wuxi Shangji Automation Co., Ltd.
Yang Jianliang
B28D 5/04
Loading...
The invention provides a numerically controlled wire saw slicing grinder which can cut a larger number of silicon slices once so as to improve the grinding efficiency of the wire saw slicing grinder. The numerically controlled wire saw slicing grinder comprises a body, a workpiece clamping device, a steel wire, an abrasive storage supply device, a take-up winding device and a pay-off winding device, wherein the take-up winding device and the pay-off winding device are arranged on two sides of the body; the take-up winding device comprises a take-up fixed wire-guide wheel device, a take-up sliding wire-guide wheel device and a take-up winding spool; the pay-off winding device comprises a pay-off fixed wire-guide wheel device, a pay-off sliding wire-guide wheel device and a pay-off winding spool; steel wire guide rollers are arranged on the body symmetrically; abrasive nozzles are arranged on two sides of each steel wire guide roller; the steel wire passes through the pay-off winding spool, the pay-off sliding wire-guide wheel device, the pay-off fixed wire-guide wheel device, the steel wire guide rollers, the take-up fixed wire-guide wheel device and the take-up sliding wire-guide wheel device sequentially and is wound on the take-up winding spool; the steel wire guide rollers are cylindrical steel wire guide rollers; and the steel wire is wound on the two steel wire guide rollers sequentially for many times at fixed intervals.
46. 201964876 一种硅块厚度测量装置
CN
07.09.2011
G01B 11/06 Loading...
G01B 11/06
Loading...
201020673732.4
无锡上机数控股份有限公司
杨建良
G01B 11/06
Loading...
本实用新型提供了一种硅块厚度测量装置，其操作简便，测量精确度高，可作检验和测量之用，为下道工序提供方便，提高硅块切片成品率。其特征在于：包括底座、立柱、操纵箱、所述立柱安装于所述底座的一端，所述立柱上安装有激光测量头，所述操纵箱与所述激光测量头之间电控连接。
47. 201913544 磨床微量进给机构
CN
03.08.2011
B24B 41/00 Loading...
B24B 41/00
Loading...
201020673734.3
无锡上机数控股份有限公司
杨建良
B24B 41/00
Loading...
本实用新型提供一种磨床微量进给机构，提高径向进给轴分辨率，不仅能磨削中凸或中凹外圆表面，大幅提高表面质量，降低工件表面波纹度误差，而且与传统轧辊磨床相比，能大幅降低制造成本，其包括床身、磨架和滚轮，其特征在于：所述磨架分上层磨架与下层磨架，所述上层磨架内设置有滑块，所述滑块安装于所述下层磨架的直线导轨，所述下层磨架连接滑块，所述下层磨架滑块安装于床身的导轨，所述下层磨架滑块套装于丝杆，所述丝杆与伺服电机轴接；所述滚轮套装于滚轮轴，所述滚轮轴安装于第一固定架，所述第一固定架与所述上层磨架的侧部连接，远离所述上层磨架的一侧，设置有楔铁，所述楔铁安装于滑块，所述滑块镶装于导轨，所述导轨安装于第二固定架，所述第二固定架安装于所述下层磨架，所述第一固定架和第二固定架之间分别用螺钉连接，在所述螺钉的螺母与第二固定架之间压装有弹簧，所述弹簧套装于螺钉。
48. 201872028 改进的数控多晶硅单端面磨床
CN
22.06.2011
B24B 7/16 Loading...
B24B 7/16
Loading...
201020513108.8
无锡上机数控股份有限公司
杨建良
B24B 7/16
Loading...
本实用新型提供了一种改进的数控多晶硅单端面磨床，其包括床身、工作台、底座，所述工作台通过伺服电机、滚珠丝杠在床身上作横向向往复运动，所述底座安装于工作台上，进给拖板通过伺服电机、滚珠丝杠在底座上作纵向进给运动，所述进给拖板上安装金刚石砂轮，所述工作台上有压紧装置，所述金刚石砂轮外端面与压紧装置上的工件的端面相平行，所述压紧装置包括底板、侧挡板、压块、驱动机构，所述压块安装在驱动气缸的活塞杆端，其特征在于：所述气缸支承于所述底板上，与所述底板成45度角，所述压块端面呈90度V形角，使硅块的表面和端面的夹紧动作同步进行，从而消除了夹紧装置对硅块产生的摩擦力，从而防止硅块表面的损伤。
49. 101811284 Numerical-control silicon briquette double-surface lapping machine
CN
25.08.2010
B24B 37/08 Loading...
B24B 37/08
Loading...
201010165826.5
Wuxi Shangji Grinding Machine Co., Ltd.
Yang Jianliang
B24B 37/08
Loading...
The invention provides a numerical-control silicon briquette double-surface lapping machine. The machine comprises a lathe bed, a workbench, a saddle, a sliding plate and a grinding head, wherein the grinding head comprises a grinding carriage, a grinding wheel spindle, a grinding wheel motor and a grinding disc; the linear guide rail and a ball screw are arranged in the middle of the lathe bed; the workbench is arranged on the linear guide rail and the ball screw; the saddle is provided with a linear guide rail and a ball screw; the sliding plate is arranged on the saddle through the linear guide rail and the ball screw; and the grinding head is arranged on the sliding plate. The machine is characterized in that the grinding disc is a diamond brush flexible grinding disc. The grinding disc adopts the diamond brush flexible grinding disc, small positive pressure and small grinding amount are generated in a grinding process, so that the machine can improve yield of the silicon briquette and ensure the finished product quality of the silicon briquette, and the manufactured silicon briquette need not maintain great machining allowance.
50. 101590619 Numerical control crankshaft crank cylindrical grinding machine
CN
02.12.2009
B24B 5/42 Loading...
B24B 5/42
Loading...
200810123702.3
Yang Jianliang
Yang Jianliang
B24B 5/42
Loading...
The invention provides a numerical control crankshaft crank cylindrical grinding machine; by using the equipment to grind the crankshaft crank excircle, the processing precision is higher, the operation of assembling and disassembling methods of a workpiece is simple, and the processing efficiency of the workpiece is greatly improved. The cylindrical grinding machine comprises a machine body, a workbench, a control console, a workpiece control system, a grinding system and a protective shield; the workpiece control system comprises a clamp, a headstock and an excircle measuring instrument; the grinding system comprises a grinding carriage, a grinding wheel and a truing device; the cylindrical grinding machine is characterized in that: the clamp mouth squarely faces an operator, the excircle measuring instrument and the grinding wheel are respectively located at the lest side and the right side of the clamp, the truing device is behind the clamp, and the protective shield is arranged on the workbench and is between the clamp mouth and the grinding wheel.
51. 101357449 Workpiece automatic centering device
CN
04.02.2009
B24B 19/22 Loading...
B24B 19/22
Loading...
200810196117.6
Yang Jianliang
Tang Fuliang
B24B 19/22
Loading...
The invention provides a device for automatically centring workpiece, which automatically centers the workpiece with high precision and can cause the grinding tolerance at two sides of the work pieces to be even and material consumption to be minimal. The automatic centring device is characterized in that: the device comprises two upright pillars which are respectively arranged at two sides of the body of a machine tool; the tops of the two upright pillars are connected with each other by a transverse beam; a cylinder is arranged at an upper end of the central position of the transverse beam; a slide-board bracket is connected with a piston rod of the cylinder; two centring cylinders are respectively arranged in the front of and in the back of the bottom of the slide-board bracket, and two finger screws are respectively arranged on the centring cylinders.

