1. 104890249 一种具有多喷嘴的 3D 打印装置及其打印方法
CN
29.03.2017



102015000401296
杭州先临三维科技股份有限公司
唐庭阁


一种具有多喷嘴的3D打印装置及打印方法，所述具有多喷嘴的3D打印装置包括一个当前喷嘴判断单元，一个成品及刮板路径代码赋值单元，一个成品路径代码赋值单元，一个刮板路径代码赋值单元，一个当前喷嘴查询单元，以及一个使能单元。由于所述具有多喷嘴的3D打印装置具有上述的功能模块使得所述3D打印装置所具有的多个喷嘴在打印所述成品与刮板时的转换更合理，从而可以节省时间与提高效率，进而提供所述3D打印机的效率。本发明还提供一种具有多喷嘴的3D打印装置的打印方法。
2. 206048826 一种基于SLA的载物基板调平装置
CN
29.03.2017



201620995578.X
杭州先临易加三维科技有限公司
高鹏


本实用新型涉及一种基于SLA的载物基板调平装置，其包括：工作台骨架，所述工作台骨架固定连接一水平设置的载物托架，所述载物托架置于主液池内，所述工作台骨架可上下升降；载物基板，所述载物基板位于所述载物托架的上方，所述载物基板的第一端通过一十字回转轴连接于所述工作台骨架，所述载物基板的第二端通过两个间隔设置的楔形调平滑块支撑并调整所述载物基板的表面的水平，所述载物基板的下表面设有两个间隔的楔形块，以分别与两个楔形调平滑块配合；其中，该两个楔形调平滑块位于载物托架上，该两个楔形调平滑块分别通过调平螺栓而可沿所述载物托架的表面移动。
3. 106441200 一种多测量模式的三维测量方法
CN
22.02.2017
G01B 21/20 Loading...
G01B 21/20
Loading...
201610584281.9
杭州先临三维科技股份有限公司
不公告发明人
G01B 21/20
Loading...
本发明涉及三维数字成像领域，具体涉及一种多测量模式的三维测量方法，包括如下步骤：S1、建立统一的数据结构模型，所述统一的数据结构模型用于对多种测量模式获得的测量数据进行统一表示；S2、在单个测量模式下，对测量得到的每一片点云使用所述统一的数据结构表达，并进行计算和预处理；S3、对不同测量模式获得的数据进行拼接，将任意位置的两片点云对齐到统一的坐标系；S4、对拼接后的数据进行混合全局优化，得到测量结果。本发明的多测量模式的三维测量方法，能够实现对多种测量模式下测量数据的实时融合和优化，实现高精度、高细节的三维测量，具有广泛的应用范围。
4. 106142573 基于SLA增材制造技术的静态液面控制装置及其操作方法
CN
23.11.2016
B29C 67/00 Loading...
B29C 67/00
Loading...
102016000746746
杭州先临易加三维科技有限公司
高鹏
B29C 67/00
Loading...
本发明涉及一种静态液面控制装置，尤其涉及一种基于SLA增材制造技术的静态液面控制装置及其操作方法。包括补液组件和控制组件，所述的控制组件控制补液组件。基于SLA增材制造技术的静态液面控制装置及其操作方法结构紧凑，提高产品合格率，自动化程度高。
5. 205574724 一种带有管道反吹结构的上料机
CN
14.09.2016
B65D 88/72 Loading...
B65D 88/72
Loading...
201620319370.6
北京易加三维科技有限公司
黄明策
B65D 88/72
Loading...
本实用新型中公开了一种带有管道反吹结构的上料机，包括有储料仓以及真空发生器，所述储料仓的顶部开口上设置有一隔板，所述隔板上固定设置有至少一个连通真空发生器的抽气口与储料仓内部的滤芯，所述上料机还包括有一反吹储气罐，所述反吹储气罐的反吹出气口与滤芯之间设有将反吹储气罐内气体直连至滤芯内部的连接组件，其通过将反吹储气罐与滤芯的直连，以防止反吹气体泄漏导致的反吹气压不足、滤芯上粉料清除不彻底。
6. 102806178 自动获取喷涂定位尺寸的喷涂系统及其喷涂方法
CN
03.08.2016
B05C 11/10 Loading...
B05C 11/10
Loading...
102012000259347
杭州先临三维科技股份有限公司
王文斌
B05C 11/10
Loading...
自动获取喷涂定位尺寸的喷涂系统及其喷涂方法，本发明涉及一种喷涂系统，其包括工控机、多个测头及喷枪。所述多个测头用于获取喷涂系统中待喷涂工件的三维信息，所述工控机处理所述多个测头获取的待喷涂工件的三维信息并生成所述喷枪的喷涂路径，所述喷枪按照所述喷涂路径对待喷涂工件进行喷涂。本发明的喷涂系统中，通过对待喷涂工件的三维信息的采集，可以快速获得待喷涂工件的位置形状信息，可以实现多种类、多形状及带孔洞工件的快速、高精度测量、喷涂，且不需要人工干预，即可自动获取待喷涂工件的喷涂定位尺寸。降低了人工成本，提高了生产效率和喷涂精度，保证了喷涂的均匀性。另外，本发明还提供了一种喷涂系统的喷涂方法。
7. 105662324 一种防雾化口腔内扫描仪
CN
15.06.2016
A61B 1/253 Loading...
A61B 1/253
Loading...
201610008845.4
杭州先临三维科技股份有限公司
谢浙锋
A61B 1/253
Loading...
本发明涉及一种防雾化口腔内扫描仪，其包括扫描仪主机以及牙窥头，所述牙窥头包括相对设置的第一端和第二端，所述牙窥头的第一端与所述扫描仪主机连接，所述牙窥头包括壳体，所述壳体靠近第二端的位置设有一倾斜的反光镜，所述牙窥头还包括一加热元件，所述加热元件设于所述壳体的内壁并延伸至所述反光镜的背面以实现对所述反光镜进行加热。
8. 205263998 一种机床设备故障诊断检测及报警装置
CN
25.05.2016
G08B 21/00 Loading...
G08B 21/00
Loading...
201520868080.2
杭州先临三维科技股份有限公司
陈建伟
G08B 21/00
Loading...
本实用新型提供一种机床设备故障诊断检测及报警装置，包括正，负以及原点的三维限位信号采集模块、一个逻辑运算模块和一个信号输出模块。本实用新型的正负限位以及原点信号采集模块均连接到逻辑运算模块并同时输入到逻辑运算模块参与逻辑运算，所述逻辑运算模块与信号输出相连并把逻辑运算结果输出到信号输出模块；所述信号输出模块连接外围机床设备控制装置或是报警装置，有效的控制机床限位故障，减少机械部件损伤及其人身事故概率。
9. 205218296 一种立式激光内雕机
CN
11.05.2016
B23K 26/362 Loading...
B23K 26/362
Loading...
201521047801.X
杭州先临三维科技股份有限公司
陈建伟
B23K 26/362
Loading...
本实用新型所提供的立式激光内雕机，包括钣金框架，及设于钣金框架上的光路模块、电气模块和运动模块；所述钣金框架上装配有工控机、触摸显示屏及操控键盘，其中所述工控机依次与光路模块、电气模块及运动模块电性连接；所述触摸显示屏及操控键盘分别与工控机相连接，其中所述触摸显示屏通过显示屏支架固定在钣金框架的侧壁上，所述操控键盘邻近触摸显示屏设置。本实用新型内部结构合理，安装方便，其中采用钣金框架为该激光内雕机的机型框架，具有强度高、重量轻，安装方便及成本低的优点；同时该激光内雕机一体化的结构设置，方便了该激光内雕机的整体运输，也便于了人们对该激光内雕机的操作控制。
10. 205149356 一种气体减摩的玻璃加工平台
CN
13.04.2016
B44B 1/06 Loading...
B44B 1/06
Loading...
201520847931.5
杭州先临三维科技股份有限公司
郑叶军
B44B 1/06
Loading...
本实用新型所提供的气体减摩的玻璃加工平台，包括蜂窝铝板和风机，其中所述蜂窝铝板设置为中空结构，其在远离地面的一侧端面上开设有多个出风口，并在每个出风口上分别设置一个气动浮珠；所述风机通过连接管与蜂窝铝板相连接，以往蜂窝铝板的中空区域输送气体。本实用新型的气体减摩的玻璃加工平台在使用时，可在工件与蜂窝铝板之间形成一层空气薄膜，以对待加工工件起到了润滑的作用，这样可降低工件放置到该气体减摩的玻璃加工平台上移动时所受到的摩擦力，进而减轻了操作者对该工件进行搬运及移动时的劳动强度，提高工作效率。
11. 205080404 一种具有人机界面装置
CN
09.03.2016
G05B 19/042 Loading...
G05B 19/042
Loading...
201520865428.2
杭州先临三维科技股份有限公司
陈建伟
G05B 19/042
Loading...
本实用新型提供一种具有人机界面的装置，其包括显示屏、电源电路、单片机电路、A/D电路、串口通信电路、USB电路、输入电路、输出电路及呼吸灯电路。电源电路给整个装置供电并连接单片机电路，所述显示屏通过所述串口电路与单片机电路相连，用户通过显示屏获取机器运行信息并且通过显示屏输入加工信息实现人机交互。所述呼吸灯电路连接单片机电路并且在机器运行时或者有未处理程序时工作。本实用新型提供的一种具有人机界面的内雕机增加了显示屏功能、呼吸灯、温度检测和报警功能，能实现人机交互和精确操控。
12. 205080352 三维相机闪光灯装置
CN
09.03.2016
G03B 15/05 Loading...
G03B 15/05
Loading...
201520867060.3
杭州先临三维科技股份有限公司
陈建伟
G03B 15/05
Loading...
本实用新型提供一种用于三维相机的闪光灯装置，能实现根据照相机的需要，自动做出闪光处理。所述闪光灯装置包括一三维相机控制板，光栅图闪光灯板，纹理图闪光灯板，光栅投影仪和纹理闪光灯，所述三维相机控制板包括闪光顺序控制接口；所述光栅图闪光灯板以及所述纹理图闪光灯板顺序分别与所述闪光顺序控制接口连接；所述光栅投影仪与所述光栅图闪光灯板连接，用于接收到相机发出的闪光指令后，控制光栅闪光灯投影；所述纹理图闪光灯板与所述纹理闪光灯，用于接收到相机发出的闪光指令后，控制纹理闪光灯闪光。
13. 204701157 一种3D打印机检测装置
CN
14.10.2015
B29C 67/00 Loading...
B29C 67/00
Loading...
201520307894.9
杭州先临三维科技股份有限公司
王海炳
B29C 67/00
Loading...
一种3D打印机检测装置，包括一个沿打印丝出丝方向设置的微动开关模块，一个与该微动开关模块电性连接的单片机模块，以及一个与该单片机模块电性连接的蜂鸣报警器模块。所述单片机模块在检测到打印丝通过而使得所述微动开关模块触发而连通时处于待机状态。所述单片机模块在检测到打印丝断开而没有通过所述微动开关模块而使得该微动开关模块断开时发出控制信号以使得所述蜂鸣报警器模块发出警报声。本实用新型3D打印机检测装置，能够在打印丝断丝时发出警报声而提醒操作人员，从而提高了该3D打印机的有效利用率及保证了打印进度。
14. 104859150 一种3D打印机
CN
26.08.2015
B29C 67/00 Loading...
B29C 67/00
Loading...
201510240830.6
杭州先临三维科技股份有限公司
王海炳
B29C 67/00
Loading...
一种3D打印机，包括一个沿该3D打印机所述产生的打印丝的运动方向设置以用于带动所述打印丝的主动轮，一个用于驱动该主动轮的电机。所述3D打印机还包括一个堵丝检测模块。该堵丝检测模块包括一个受打印丝摩擦而旋转的从动轮，一个用于检测该从动轮是否旋转的反射式光电开关，以及一个分别与反射式光电开关和电机电性连接的单片机。所述反射式光电开关在检测从动轮旋转时发出脉冲信号而在该从动轮不旋转时不发出脉冲信号。所述单片机在接收到脉冲信号时待机。所述单片机在没有接收到脉冲信号时发出控制信号以使得所述电机停止工作。本发明3D打印机在发生打印丝堵丝时，能够主动使得电机停止工作以避免了继续输送打印丝而产生的原材料浪费。
15. 204547079 一种激光光固化成型打印机
CN
12.08.2015
B29C 67/00 Loading...
B29C 67/00
Loading...
201520052894.9
杭州先临三维科技股份有限公司
卢孔晋
B29C 67/00
Loading...
本实用新型所提供的一种激光光固化成型打印机，包括打印机本体及设于该打印机本体上的电气板；所述电气板设置在该打印机本体的后背，并设置在所述打印机本体的内部；其中所述电气板的一侧通过转轴固定在该打印机本体上，且该电气板可绕该转轴相对于该打印机本体进行旋转。本实用新型的激光光固化成型打印机，通过将电气板装配至该打印机本体的后背，这样就降低了该打印机的占地面积，节省该打印机的使用面积，进而提升了该打印机的空间利用率。
16. 203759246 点源全息图测距装置
CN
06.08.2014
G01S 17/08 Loading...
G01S 17/08
Loading...
201420034754.4
杭州先临三维科技股份有限公司
赵晓波
G01S 17/08
Loading...
本实用新型公开了一种点源全息图测距装置，该装置沿着光路前进方向依次设置有半导体激光器（10）、平面反射镜（9）、测量点（1）、透镜（2）、线偏振片（3）、1/4波片（4）、双折射晶体（5）、线偏振片（6）、电子耦合器件（7）以及计算机处理系统（8），所述装置在线偏振片（3）与线偏振片（6）的光轴相互垂直时采集第一全息图，在二者的光轴相互平行时采集第二全息图，根据该第一全息图和第二全息图的差值处理得到测量点（1）的实际距离。本实用新型由于采用了共轴光路测量系统，可以大大增强系统的抗干扰性，具有稳定、高效率及不受被测表面特性影响的特点，可以达到1微米的测量精度，在工业领域具有广泛的应用前景。
17. 203687893 一种三维扫描仪
CN
02.07.2014
G01B 11/24 Loading...
G01B 11/24
Loading...
201420034622.1
杭州先临三维科技股份有限公司
赵晓波
G01B 11/24
Loading...
本实用新型涉及一种三维扫描仪。三维扫描仪包括投影仪、光镜、相机、遮光元件、控制系统。投影仪不相机的光轴在同一平面内相互垂直形成x-y直角坐标系，相机的光轴为x轴，投影仪的光轴为y轴。分光镜设置在x-y直角坐标系的原点处并平分第一、第三象限。遮光元件设置在相机及分光镜之间，遮光元件开设有沿y轴方向排列的相互独立的第一、第二透光孔，第一、第二透光孔的轴向不x轴相互平行。控制系统控制投影仪向分光镜投射结构光，分光至被扫描物体且反射至分光镜后经由第一、第二透光孔达到相机，控制系统还控制相机接收从被扫描物体反射的结构光。第一、第二透光孔交替呈打开或闭合状态。
18. 103727896 Three-dimensional scanner and scanning method thereof
CN
16.04.2014
G01B 11/24 Loading...
G01B 11/24
Loading...
201410025572.5
杭州先临三维科技股份有限公司
赵晓波
G01B 11/24
Loading...
The invention relates to a three-dimensional scanner and a scanning method thereof. The three-dimensional scanner comprises a projector, a light microscope, a camera, a shading element and a control system. The optical axes of the projector and the camera are located on the same plane and perpendicular to each other to form an x-y rectangular coordinate system, the optical axis of the camera is the x-axis, the optical axis of the projector is the y-axis. A spectroscope is arranged at the original point position of the x-y rectangular coordinate system and equally divides a first quadrant and a third quadrant. The shading element is arranged between the camera and the spectroscope and provided with a first light-transmitting hole and a second light-transmitting hole which are arranged in the y-axis direction and are independent, and the axes of the first light-transmitting hole and the second light-transmitting hole are not parallel to the x-axis. The control system controls structural light projected by the projector to the spectroscope, and beams are split to a scanned object, reflected onto the spectroscope and then reach to the camera through the first light-transmitting hole and the second light-transmitting hole. The control system further controls that the camera receives the structural light reflected by the scanned object. The first light-transmitting hole and the second light-transmitting hole are alternatively opened or closed.
19. 103722898 立体打印控制系统及立体打印机
CN
16.04.2014
B41J 3/44 Loading...
B41J 3/44
Loading...
201410025829.7
杭州先临三维科技股份有限公司
唐庭阁
B41J 3/44
Loading...
一种立体打印控制系统包括处理装置、路径生成装置、驱动控制装置及喷头控制装置。处理装置生成轮廓线及多个扫描线、确定扫描线在轮廓线内的第一侧端点及第二侧端点及确定作为警示线的扫描线。路径生成装置搜索扫描线以判断当前扫描线是否作为警示线及判断当前扫描线是填充扫描线还是辅助扫描线以得到判断结果，并根据结果将当前扫描线生成为填充子路径，或将当前扫描线的第一侧端点生成为填充连接点，或将第一侧端点生成为填充分割点，并将填充子路径及两相邻的填充子路径的所有填充连接点的连接路径生成为填充路径。驱动控制装置根据填充路径驱动喷头运动。喷头控制装置根据填充路径控制喷头喷出材料及根据填充分割点停止喷头喷出材料。
20. 103679693 Multi-camera single-view calibration device and calibration method thereof
CN
26.03.2014
G06T 7/00 Loading...
G06T 7/00
Loading...
201310033164.X
HANGZHOU SHINING 3D TECH CO., LTD.
WANG WENBIN
G06T 7/00
Loading...
The invention discloses a multi-camera single-view calibration device and a calibration method thereof. The multi-camera single-view calibration device comprises a world coordinate system positioning module used for positioning a world coordinate original point on a first camera which is randomly selected and has a position parameter (I, 0), a position parameter acquisition module used for carrying out image collection on n (n is larger than or equal to 5) sign points with same space on other cameras and the first camera and obtaining the position parameter of the corresponding camera in a world coordinate system, and a bridge module used for using a bridge mode to transform a camera without enough matching point estimation position parameter with the first camera, and the global initial calibration is realized indirectly. The device and the method have the advantages that under the condition of ensuring high precision, the complexity and high cost of hardware structure design are reduced, the hardware design is reduced at the same time, and the calibration speed is raised. The invention also relates to the calibration method of the multi-camera single-view calibration device.
21. 103307976 粮仓中粮食存储量的监测方法
CN
18.09.2013
G01B 11/00 Loading...
G01B 11/00
Loading...
201310132867.8
杭州先临三维科技股份有限公司
赵晓波
G01B 11/00
Loading...
本发明公开了一种粮仓中粮食存储量的监测方法，本发明的监测方法可对空仓时、每次进粮后及每次出粮后的粮仓内粮食上表面进行扫描；分别获得空仓时刻、每次进粮后时刻及每次出粮后时刻的粮仓储粮面的三维坐标点集；计算机中的软件根据各个时刻的三维坐标点集分别构建与各个时刻相对应的粮仓模型；计算粮仓模型的体积，计算第i次进粮或出粮后的粮食储存体积，根据粮食的密度和粮食储存体积计算第i次进粮或出粮后的粮食存储量，将Mi存储到计算机中。本发明具有可以实时监测粮食存储量及每次进粮、出粮时粮食变动量；计量精度高；可及时发现粮仓内粮食的异常情况，将损失降低到最小；监测过程简便、快捷，降低了人力成本的特点。
22. 203203651 粮仓中粮食存储量监测装置
CN
18.09.2013
G01F 22/00 Loading...
G01F 22/00
Loading...
201320193140.6
杭州先临三维科技股份有限公司
赵晓波
G01F 22/00
Loading...
本实用新型公开了一种粮仓中粮食存储量监测装置，所述粮仓中粮食存储量监测装置设于粮仓顶部，所述粮仓中粮食存储量监测装置与计算机相连接；包括设于粮仓顶部的至少一个电机和与电机相连接的二维转台；所述电机的转轴与二维转台相连接；所述二维转台下部设有测距传感器；所述计算机分别与电机及与电机相适配的测距传感器电连接；所述二维转台包括左右转动轴和前后转动轴。本实用新型具有提高计量效率，降低了管理成本，节省了人力资源；计量精度高的特点。
23. 203184835 一种球体内雕机
CN
11.09.2013
B23K 26/36 Loading...
B23K 26/36
Loading...
201320135311.X
杭州先临三维科技股份有限公司
项伟灿
B23K 26/36
Loading...
本实用新型涉及一种球体内雕机，包括工作平台、设于工作平台上的球座及设于工作平台下方的运动平台，工作平台设有一个通孔，球座盖在通孔上，球座是个透明块体，透明块体上设有一个球面形凹槽，球面形凹槽和通孔同轴，运动平台上设有激光器和振镜、透镜，激光器发出的激光依次经振镜中的Y振镜片、X振镜片和透镜后穿过工作平台上的通孔，激光器、运动平台分别和一控制电路相连。本实用新型将需雕刻的球体放置于激光器的上方，激光器产生的激光经光路转折后从球体的底部穿入球体内，辅助的流体只需滴在球体的底部，故不会流出来，也不会流到整个球体上，球座和球体之间不会有空气，从而达到既提高雕刻效果又便于清洁的目的。
24. 203163679 一种扫描动态物体的三维扫描系统
CN
28.08.2013
G01B 11/00 Loading...
G01B 11/00
Loading...
201220420106.3
杭州先临三维科技股份有限公司
吴正强
G01B 11/00
Loading...
本实用新型涉及一种扫描动态物体的三维扫描系统，用于获取一动态物体的三维图像。所述三维扫描系统包括第一投影装置、与第一投影装置对应的第一感光装置、第二投影装置、与第二投影装置对应的第二感光装置、以及控制系统，所述控制系统与所述第一投影装置、第二投影装置、第一感光装置、第二感光装置均电性连接。本实用新型的优点在于：能高质量、低失真度获取动态物体三维图像。
25. 203108698 自动获取喷涂定位尺寸的喷涂系统
CN
07.08.2013
B05B 13/00 Loading...
B05B 13/00
Loading...
201220364039.8
杭州先临三维科技股份有限公司
王文斌
B05B 13/00
Loading...
本实用新型涉及一种可自动获取喷涂定位尺寸的喷涂系统，其用于对待喷涂工件进行喷涂。所述喷涂系统包括工控机及与所述工控机电性连接的喷枪。所述喷涂系统还包括多个测头，所述多个测头位于所述待喷涂工件的各个方位上从不同角度获取所述待喷涂工件的三维信息。所述多个测头均与所述工控机电性连接。本实用新型的喷涂系统，通过对待喷涂工件的三维信息的采集，可以快速获得待喷涂工件的位置形状信息，可以实现多种类、多形状及带孔洞工件的快速、高精度测量、喷涂，且不需要人工干预，即可自动获取待喷涂工件的喷涂定位尺寸。降低了人工成本，提高了生产效率和喷涂精度，保证了喷涂的均匀性。
26. 203104618 扫描仪标定板
CN
31.07.2013
H04N 1/40 Loading...
H04N 1/40
Loading...
201320012199.0
杭州先临三维科技股份有限公司
王文斌
H04N 1/40
Loading...
本实用新型公开了一种扫描仪标定板，包括采用碳纤维材料制成的矩形板体，所述板体的上表面设有若干个第一标志结构，板体上表面中部设有若干个第二标志结构；第一标志结构和第二标志结构排列成矩形阵列；相邻的第二标志结构之间的距离大于相邻的第一标志结构之间的距离；其中3至4个第二标志结构处于一条直线上，其它的第二标志结构位于所述直线的同一侧；第二标志结构的面积大于第一标志结构的面积。本实用新型具有的质量轻、无蠕变、热膨胀系数小；不易变形；相机标定精度高特点。
27. 103150721 Mistaking identification point removal method of scanner calibration plate image and calibration plate
CN
12.06.2013
G06T 7/00 Loading...
G06T 7/00
Loading...
201310008839.5
杭州先临三维科技股份有限公司
王文斌
G06T 7/00
Loading...
The invention discloses a mistaking identification point removal method of a scanner calibration plate image and a calibration plate. The mistaking identification point removal method of the scanner calibration plate image comprises the following steps: a camera is used for collecting an image of the calibration plate, so that a calibration plate image is obtained; by means of an identification point coordinate mi(ui, vi) and a mark point coordinate Mi(Xi, Yi) on the calibration plate, a matrix A and a matrix B are formed, and a mapping matrix X is calculated; the mark point coordinate Mi(Xi, Yi) is mapped to an image point plane, so that a mapping image point coordinate m'i(u'i, v'i) is obtained; the interval between mi(ui, vi) and m'i(u;i, v'i) is calculated, and an interval threshold d is set; the largest interval dk=max(d1, d2, ...dn) is calculated, and k=(1, 2, ...n); the number of calculated identification points di< d is m, and the threshold of the point number ratio between the identification pints and the calibration points is set as rate; when dk>d, the Kth identification point is deleted. The mistaking identification point removal method of the scanner calibration plate image and the calibration plate have the advantages that mistaking identification points meeting the threshold of the point number ratio are deleted in sequence, the deleted mistaking identification points are not applied to subsequent calibration of the camera, and therefore a reliable foundation is provided for the improvement of the calibration accuracy of the camera.
28. 102980526 用黑白相机获取彩色图像的三维扫描仪及其扫描方法
CN
20.03.2013
G01B 11/24 Loading...
G01B 11/24
Loading...
201210301797.X
杭州先临三维科技股份有限公司
吴正强
G01B 11/24
Loading...
本发明涉及一种三维扫描仪，其包括一个投影仪，该三维扫描仪还包括至少一个黑白相机及一个控制系统。所述投影仪分别向被扫描物体投射红、绿、蓝三种单色光。当所述投影仪向被扫描物体投射每种单色光时，所述至少一个黑白相机从多个角度分别拍摄被扫描物体的多张图像。所述控制系统能够以投影仪投红色光采集到的图像的灰度值作为红色通道的值，投绿色光采集到的图像的灰度值作为绿色通道的值，以投蓝色光采集到的图像的灰度值作为蓝色通道的值，由组合的三通道值得到完整的彩色图像，从而得到被扫描物体多个角度的彩色图像。本发明的三维扫描仪能够用黑白相机获取彩色图像，大大降低了设备成本。另外，本发明还提供了一种三维扫描仪的扫描方法。
29. 102980511 一种扫描动态物体的三维扫描系统及其扫描方法
CN
20.03.2013
G01B 11/00 Loading...
G01B 11/00
Loading...
201210301787.6
杭州先临三维科技股份有限公司
吴正强
G01B 11/00
Loading...
本发明涉及一种扫描动态物体的三维扫描系统，用于获取一动态物体的三维图像，其包括一第一投影装置，用于向所述动态物体投射第一单色光。一与第一投影装置对应的第一感光装置，该第一感光装置能且只能采集从动态物体反射的第一单色光，形成第一图像。一第二投影装置，用于向所述动态物体投射第二单色光。一与第二投影装置对应的第二感光装置，该第二感光装置能且只能采集从动态物体反射的第二单色光，形成第二图像。一控制系统，所述控制系统控制所述第一投影装置与第二投影装置同时向所述动态物体投射第一单色光及第二单色光，并将第一图像及第二图像进行计算拟合，从而得到所述动态物体的三维图像。另外，本发明还提供了一种三维扫描仪的扫描方法。
30. 202793321 一种管道检测装置
CN
13.03.2013
G01B 11/00 Loading...
G01B 11/00
Loading...
201220467677.2
杭州先临三维科技股份有限公司
项伟灿
G01B 11/00
Loading...
本实用新型涉及一种管道检测装置，其包括框架、多个相机、图像处理系统、检测平台、至少一个光源以及用于对至少一个光源匀光的匀光板，相机、光源、匀光板均设置在框架顶部，多个相机、光源均位于匀光板与框架的顶部之间，检测平台位于框架底部用于承载待检测管道，多个相机与图像处理系统电性连接。本实用新型的优点在于：利用三维视觉成像原理，可以快速检测不同型号的管道，并利用匀光板对光源发出的光线进行匀光，从而减弱光线对取像质量的干扰。
31. 202793349 一种喷漆定位扫描仪及具有该喷漆定位扫描仪的喷涂机
CN
13.03.2013
G01B 21/00 Loading...
G01B 21/00
Loading...
201220468338.6
杭州先临三维科技股份有限公司
徐小伟
G01B 21/00
Loading...
本实用新型公开了一种喷漆定位扫描仪及具有该喷漆定位扫描仪的喷涂机，该喷漆定位扫描仪包括外壳、旋转组件以及传感器，该旋转组件活动固定在该外壳的外表面上，该外壳开设有窗口，该传感器收容在该外壳内并透过该窗口显露。本实用新型提供的优点在于：可对椭圆形、圆形等其他形状及孔洞等信息进行快速扫描获得所需数据，从而提高油漆的利用率及可对椭圆形、圆形等其他形状进行喷漆。
32. 202793322 一种快速自反馈扫描系统
CN
13.03.2013
G01B 11/00 Loading...
G01B 11/00
Loading...
201220470890.9
杭州先临三维科技股份有限公司
王海炳
G01B 11/00
Loading...
本实用新型涉及一种快速自反馈扫描系统，包括计算机、投影仪控制装置及带有投影仪和两个相机的扫描设备，投影仪控制装置包括中央处理单元及与中央处理单元相连的以太网接口单元、输入输出接口单元和VGA驱动单元，以太网接口单元和计算机相连，输入输出接口单元和相机相连，VGA驱动单元和投影仪相连。投影仪控制装置接收计算机命令，将光栅图片信息发送给投影仪，投影仪控制装置采集相机外触发允许信号，触发相机拍照，计算机在相机曝光完成后，读取相机拍摄图片。本实用新型不用向计算机显卡写光栅数据，计算机可以更高效地处理从相机获得的数据，扫描速度快，扫描效果好，大大提高工作效率。
33. 202793436 一种需扫描物体的夹持装置
CN
13.03.2013
G01D 11/16 Loading...
G01D 11/16
Loading...
201220448843.4
杭州先临三维科技股份有限公司
项伟灿
G01D 11/16
Loading...
本实用新型涉及一种需扫描物体的夹持装置，包括呈长方形的底板和框体，底板上设有四个支撑柱，支撑柱的顶端和框体相连，框体的每条边框上穿设有水平方向设置的顶杆，顶杆和边框螺纹连接，顶杆位于框体内的端头上通过轴承连接有夹持头，边框上还设有多个水平方向设置的螺纹孔。其中，连于框体的一组相对边框的顶杆上的两个夹持头的端面上各设有一个顶头，连于框体的另一组相对边框的顶杆上的两个夹持头的端面上各设有一个夹嘴。本实用新型既能夹较大尺寸的物体又能夹小型物体和薄壁物体，根据被扫描物体的不同可以选择不同类型的夹持头，并且夹持和贴点都不会遮挡住物体特征，可方便实现对各种物体的完整扫描，扫描效果好，省时省力。
34. 202798909 一种足底扫描仪
CN
13.03.2013
H04N 1/04 Loading...
H04N 1/04
Loading...
201220468138.0
杭州先临三维科技股份有限公司
曾健怀
H04N 1/04
Loading...
本实用新型公开了一种足底扫描仪，其包括支撑架、透明载物台、固定板、扫描仪组件，该透明载物台与该固定板分别固定在该支撑架的相对两侧边上，该支撑架内形成收容腔，该扫描仪组件收容在该收容腔内，该扫描仪组件包括固定在该固定板上的传动装置、固定在该传动装置上的光学平台以及安装在该光学平台上的光学器件。本实用新型提供的足底扫描仪的优点在于：（1）同时扫描透明载物台上的两只脚，速度快；（2）使用双相机扫描，死角区少；（3）利用步进电机对扫描速度进行调整，并且控制稳定，从而为制造个性化、舒适化鞋垫和矫形治疗等提供了准确的数据和简捷的方式。
35. 202763279 一种大幅面内雕加工装置
CN
06.03.2013
B23K 26/00 Loading...
B23K 26/00
Loading...
201220405739.7
杭州先临三维科技股份有限公司
陈鲲
B23K 26/00
Loading...
本实用新型涉及一种大幅面内雕加工装置，包括床身及设于床身两侧的Y轴轨道和能沿Y轴轨道滑动的X轴轨道，X轴轨道上设有装有百分表的激光加工头，床身上铺设有多根互相平行且设有滑槽的基条，基条和X轴轨道平行，由基条铺设而成的床面上设有多块支承板，多块支承板分布成矩阵状，每块支承板靠近其四个角处各设有一个Z向调节机构，四个Z向调节机构两两对称设置，Z向调节机构的底部插在基条的滑槽内。本实用新型由小幅面支承板组合成大幅面支撑面，大大减少支撑面的加工费用，安装方便且灵活，能方便地对支承板水平方向位置及角点的Z向高度进行调整，确保大幅面支撑面有很好的平面度，提高激光内雕效果，节约成本。
36. 202772976 大范围扫描装置
CN
06.03.2013
H04N 1/04 Loading...
H04N 1/04
Loading...
201220416897.2
杭州先临三维科技股份有限公司
项伟灿
H04N 1/04
Loading...
本实用新型涉及一种大范围扫描装置，包括带有投影机构的主机、两个相机及一个相机安装支架。相机安装支架是个左右方向设置的长方形框体，长方形框体内从左到右依次有左框、中框和右框，左框位于主机的左边，右框位于主机的右边，中框和主机的前端卡接。相机安装支架上有若干对相机安装孔，相机安装孔是个圆弧形孔，成对的两个相机安装孔和投影机构的间距相同，两个相机分别固定在成对的两个相机安装孔上。本实用新型根据所扫描物件的大小可以将相机安装到不同的相机安装孔上，在每个相机安装孔中又能对相机位置及角度进行微调，因此扫描范围大，便于对大型物件进行扫描，减少扫描操作步骤，操作简单，扫描精度高，使用方便。
37. 202770413 用黑白相机获取彩色图像的三维扫描仪
CN
06.03.2013
G01B 11/24 Loading...
G01B 11/24
Loading...
201220422754.2
杭州先临三维科技股份有限公司
吴正强
G01B 11/24
Loading...
本实用新型涉及一种三维扫描仪，其包括主机以及与主机电性连接的投影仪、至少一个黑白相机。所述投影仪能够在主机的控制下分别向被扫描物体投射红、绿、蓝三种单色光，针对所述投影仪向被扫描物体投射的每种单色光，所述至少一个黑白相机能够在主机的控制下从多个角度分别拍摄被扫描物体的多张图像，并将所述多张图形反馈给所述主机处理。本实用新型的三维扫描仪中，通过采用黑白相机分别获取被扫描物体被红、绿、蓝三色光投射时的图像，从而能够得到被扫描物体上的颜色信息，便于主机后续处理得到被扫描物体的彩色图像，该彩色图像质量较好，颜色信息真实准确，能够在后续三维建模中得到真实准确的立体彩色模型，大大降低了设备成本。
38. 202761469 一种便于拆装的牙齿扫描仪牙模夹具安装结构
CN
06.03.2013
A61C 13/34 Loading...
A61C 13/34
Loading...
201220414223.9
杭州先临三维科技股份有限公司
金寅德
A61C 13/34
Loading...
本实用新型涉及一种便于拆装的牙齿扫描仪牙模夹具安装结构，包括基座和夹具底座。牙齿扫描仪的电机转轴连于基座的背面，基座正面的中心设有一个定位凸台及围绕其设置的三个呈等边三角形分布的磁铁安装孔和三个呈等腰三角形分布的钢珠安装孔，磁铁安装孔内安装有磁铁，钢珠安装孔内安装有钢珠。夹具底座的中心设有一个和定位凸台匹配的定位孔，夹具底座的背面设有三个和钢珠安装孔匹配的钢珠容纳孔，夹具底座的正面安装有牙模夹紧装置。本实用新型通过定位凸台引导、定位钢珠定位及磁铁吸合，实现夹具底座和基座的连接，夹具底座的拆装及牙模夹紧装置的更换非常方便，省时省力，也避免了使用螺钉连接易滑牙的缺陷，确保牙齿扫描仪能正常使用。
39. 202772973 多范围扫描装置
CN
06.03.2013
H04N 1/00 Loading...
H04N 1/00
Loading...
201220416562.0
杭州先临三维科技股份有限公司
项伟灿
H04N 1/00
Loading...
本实用新型涉及一种多范围扫描装置，包括带有投影机构的主机、两个相机及一个相机安装框架。主机的前侧面有个台阶，投影机构嵌装在台阶上方的主机前侧面上。相机安装框架呈左右方向设置，相机安装框架由顶面、左面、底面和右面依次相连围成，底面包括底面框体及嵌于底面框体中的相机安装板，相机安装板、底面框体分别独立地安装在台阶上。相机安装板上有若干对相机安装孔，成对的两个相机安装孔分别位于主机的左边和右边，成对的两个相机安装孔和投影机构的间距相同，两个相机分别固定在成对的两个相机安装孔上。本实用新型对相机的安装位置及拍摄角度调整方便，能方便地将扫描范围调节到和被扫描物体尺寸相对应，扫描效果好。
40. 102927902 快速自反馈扫描系统及控制方法
CN
13.02.2013
G01B 11/00 Loading...
G01B 11/00
Loading...
201210341891.8
杭州先临三维科技股份有限公司
王海炳
G01B 11/00
Loading...
本发明涉及一种快速自反馈扫描系统及控制方法。快速自反馈扫描系统包括计算机、投影仪控制装置及带有投影仪和两个相机的扫描设备，投影仪控制装置包括中央处理单元及与中央处理单元相连的以太网接口单元、输入输出接口单元和VGA驱动单元，以太网接口单元和计算机相连，输入输出接口单元和相机相连，VGA驱动单元和投影仪相连。控制方法为：投影仪控制装置接收计算机命令，将光栅图片信息发送给投影仪，投影仪控制装置采集相机外触发允许信号，触发相机拍照，计算机在相机曝光完成后，读取相机拍摄图片。本发明不用向计算机显卡写光栅数据，计算机可以更高效地处理从相机获得的数据，扫描速度快，扫描效果好，大大提高工作效率。
41. 202692943 管道检测装置
CN
23.01.2013
G01B 11/00 Loading...
G01B 11/00
Loading...
201220362788.7
杭州先临三维科技股份有限公司
王文斌
G01B 11/00
Loading...
本实用新型涉及一种管道检测装置，其包括一个承载待检测管道的检测平台、多个相机以及与该多个相机电性连接的处理装置，该多个相机位于该待检测管道的各个方位上从不同角度获取待检测管道的多张图像。本实用新型的管道检测装置，利用三维视觉成像原理，可以快速检测不同型号的管道。
42. 201845174 一种单机偏光立体电影成像系统
CN
25.05.2011
G03B 35/10 Loading...
G03B 35/10
Loading...
201020566619.6
杭州先临三维科技股份有限公司
周劲
G03B 35/10
Loading...
本实用新型涉及一种单机偏光立体电影成像系统及，包括拍摄装置和放映装置，拍摄装置包括摄像机和分光装置，在摄像机的镜头前放置一组分光装置，分光装置具有多光路通道，多光路通道具有同一光路出口，光路出口连通摄像机的镜头；放映装置包括投影仪、分光装置、偏振片和金属幕布，投影仪的镜头前放置一组相同的分光装置，在多光路通道前分别加一片不同滤光方向的偏振片，光路出口连通投影仪的镜头。采用了双目视差的原理，采用分光装置将一部摄像机的光路分成了多个光路，拍摄镜头前的景像通过左、右光路通道后会经过一定角度的偏转达到镜头。本实用新型有益的效果是：结构简单、操作步骤简洁，由于是单机拍摄和放映，因此硬件成本与双机立体电影相比也大大降低。
43. 102012628 Single-machine polarizing stereo film imaging system and imaging method
CN
13.04.2011
G03B 35/10 Loading...
G03B 35/10
Loading...
201010511201.X
Hangzhou Shinning3D Technology Co., Ltd.
Zhou Jin
G03B 35/10
Loading...
The invention relates to a single-machine polarizing stereo film imaging system and an imaging method. The system comprises a shooting device and a projection device, wherein the shooting device comprises a camera and beam splitting devices, a group of beam splitting devices are placed in front of the lens of the camera, the beam splitting devices are provided with multiple light path channels, the multiple light path channels are provided with the same light path outlet, and the light path outlet is communicated with the lens of the camera; and the projection device comprises a projector, beam splitting devices, polarizing plates and a metal curtain, wherein one group of same beam splitting devices are placed in front of the lens of the projector, the polarizing plates with different filter directions are arranged in front of the multiple light path channels, and the light path outlet is communicated with the lens of the projector. The principle of binocular parallax is adopted, the light path of the camera is split into multiple light paths by adopting the beam splitting devices, and an image in front of the shooting lens passes through the left and right light path channels and deflects for a certain angle to reach the lens. The invention has the advantages of simple structure and compact operating steps; and because of single-machine shooting and projection, the hardware cost is greatly reduced compared with double-machine stereo films.
44. 101608908 Combined three-dimensional digital imaging method of digital speckle projection and phase measuring profilometry
CN
23.12.2009
G01B 11/25 Loading...
G01B 11/25
Loading...
200910100748.8
Hangzhou Shining Three-Dimensional Tech Co., Ltd.
Zhou Jin
G01B 11/25
Loading...
The invention relates to a combined three-dimensional digital imaging method of digital speckle projection and phase measuring profilometry. The method comprises the following steps: (1), a random digital speckle pattern is projected onto an object and acquired through two cameras on left and right sides; (2), a sinusoidal fringe pattern is projected onto the object, and a corresponding sinusoidal fringe pattern is acquired; (3), the folded phase value of a coding fringe pattern is calculated; (4), a series of points (Pr1 to Prn) on the right camera corresponding to a point P1 on the left camera are searched according to the folded phase value; (5), the point Pr on the right camera corresponding to the point P1 is fixed in the position of P1 according to the acquired digital speckle pattern; (6), processes of the step (4) and (5) are performed to all points on the left and right cameras, to find all the corresponding point pairs; (7), the corresponding point pairs are re-established into three-dimensional point cloud data. The method has the advantages that the imaging speed is fast, small calculated amount, accurate result, and the method is suitable for the fields of on-line three-dimensional detection and dynamic three-dimensional data acquisition with higher accuracy and speed requirements.

