1. 106557086 一种变电站电源系统在线状态评估系统
CN
05.04.2017
G05B 23/02 Loading...
G05B 23/02
Loading...
201710030281.9
国网福建省电力有限公司
陆榛
G05B 23/02
Loading...
本发明涉及一种变电站电源系统在线状态评估系统，其特征在于：包括后台监控系统、电源系统监控设备；所述后台监控系统包括信息收集功能模块、信息展示功能模块和状态评估功能模块，所述信息收集功能根据信息规范收集电源系统监控设备上传的数据及状态信息，并保存于数据库；所述信息展示功能将收集的信息根据评估策略在工作站进行不同人员的分层展示；同时所述状态评估功能模块根据评估策略对收集信息进行科学统计分析，进行电源设备运行健康状态评估，给出检修建议；所述电源系统监控设备收集本地电源设备数据和状态信息，按照信息规范上传至所述后台监控系统。信息规范和评估策略是各部分工作的指导性规范。
2. 206060567 一种同步整流管驱动控制电路
CN
29.03.2017
H02M 7/06 Loading...
H02M 7/06
Loading...
201620869773.8
杭州中恒电气股份有限公司
韦康
H02M 7/06
Loading...
本实用新型提供了一种同步整流管驱动控制电路，所述电路设有电流互感器、整流器和比较器，电流互感器CT串入变压器副边，对同步整流电路的输入电流进行采样，并将得到的电流采样信号输出给整流器；整流器接收所述电流互感器CT的电流采样信号，得到变压器副边的电流信号，取与所述电流信号同步的电压信号，并将该电压信号输出给比较器；比较器接收所述电压信号，根据所述电压信号使所述比较器输出电平发生翻转，并通过所述比较器的输出电平信号控制同步整流管的驱动信号。本实用新型可对同步整流电路实现快速、准确的控制，电路结构简单、成本低。
3. 205793869 一种插框内模块固定装置
CN
07.12.2016
H05K 7/14 Loading...
H05K 7/14
Loading...
202016000521223
杭州中恒电气股份有限公司
韦康
H05K 7/14
Loading...
本实用新型公开了一种插框内模块固定装置，所述模块固定装置包括锁扣，所述锁扣的第一端设置凸出，插框在与第一端的凸出相对应的位置设置用于配合第一端的凸出的限位机构；所述锁扣设置腰孔，所述锁扣通过腰孔可转动地连接在模块的壳体上，所述腰孔用于当锁扣处于关闭状态时调节锁扣的第二端与插框形成限位。本实用新型提供的模块固定装置充分地利用模块与插框所形成的空间，不占用插框额外的空间，且结构简单，方便有效地解决模块插入插框后的固定问题，通过在锁扣上设置腰孔，方便于在锁扣与模块之间存在不配套的情况下的灵活调节，从而增强了插框内模块的稳定性。
4. 205793635 PCB板的连接结构
CN
07.12.2016
H05K 1/11 Loading...
H05K 1/11
Loading...
202016000267980
杭州中恒电气股份有限公司
韦康
H05K 1/11
Loading...
本实用新型提供了一种PCB板的连接结构，包括PCB主板和PCB副板，PCB副板在焊接头处设置焊盘，PCB主板在焊接槽处设置焊盘，PCB副板内的布线电连接到PCB副板的焊盘，再与PCB主板的焊盘连接，所述PCB主板上的焊盘与该板内的电路线电连接；PCB副板的一端做成焊接头，所述焊接头包括多个头部和头部之间的端口凹面，焊接头处的焊盘包括处在焊接头一面或两面的第一焊盘以及处在所述焊接头端口凹面处的凹面焊盘，所述焊接头插入到所述焊接槽中并通过焊接连接焊接头处的焊盘和焊接槽处的焊盘。本实用新型的PCB板连接结构不需要通过端子，又能减少PCB板的面积，同时降低生产及人工成本。
5. 205265279 一种新型的多路电池组的充放电管理系统
CN
25.05.2016
H02J 7/00 Loading...
H02J 7/00
Loading...
201521037156.3
杭州中恒电气股份有限公司
韦康
H02J 7/00
Loading...
本实用新型提供了一种新型的多路电池组的充放电管理系统。所述系统包括：电源模块、电池充放电管理模块、电池组；负载设备、电池充放电模块均接在电源模块输出正负母线上，电池组接在电池充放电管理模块的输出端，电池充放电管理模块之间接有通信线；每一个电池充放电管理模块接一个电池组，系统可以接入多组电池组。本实用新型可以解决多组或多种规格或多种电池类型的智能安全的电池充放电管理，有效降低了多组电池的使用成本及提高电池的使用寿命，且操作简单。
6. 105576983 一种谐振直流/直流变换器
CN
11.05.2016
H02M 3/335 Loading...
H02M 3/335
Loading...
201610092002.7
杭州中恒电气股份有限公司
郭卫农
H02M 3/335
Loading...
本发明公开了一种谐振直流/直流变换器，包括直流源单元、功率变换单元、控制单元和输出整流单元。其中功率变换单元包括谐振电路和至少一路移相电路，移相电路包括至少一对第一开关元件S1、S2和至少一颗移相电感La，移相电感一端与第一开关元件S1、S2的桥节点相连，另一端则耦接至谐振电路；控制单元驱动功率变换单元每一开关元件，根据输出整流单元反馈信号计算开关频率和第一开关元件的移相角。另外，该谐振直流/直流变换器适用于串联方案，也可扩展为两路或多路并联，实现交错。本发明在谐振电路基础上增加了移相电路，通过调整移相角使得输出电压下降，实现谐振电路宽输出电压范围的调节。
7. 105097223 混合磁电感器
CN
25.11.2015
H01F 27/24 Loading...
H01F 27/24
Loading...
201510601052.9
杭州中恒电气股份有限公司
谢鸣静
H01F 27/24
Loading...
本发明提供了一种混合磁路电感器，包括磁芯的外围磁路磁芯和线包绕柱磁芯以及线圈；所述线包绕柱磁芯和外围磁路磁芯连接为一体；外围磁路磁芯和线包绕柱磁芯分别为不同的材料，所述材料的选择范围包括铁硅铝、铁硅、铁粉芯、非晶、铁氧体。发明既解决了混合磁路电感器绕制工艺问题，又不限定混合磁材的特性，使得混合磁路电感器设计更方便。
8. 104967136 一种基于新型削峰填谷控制器的储能系统
CN
07.10.2015
H02J 3/32 Loading...
H02J 3/32
Loading...
201510405570.3
杭州中恒电气股份有限公司
杜珉
H02J 3/32
Loading...
本发明公开了一种基于新型削峰填谷控制器的储能系统，其包括削峰填谷控制器以及电池电流采样电路和电池电压采样电路；削峰填谷控制器位于交流输入部分与开关电源系统之间，削峰填谷控制器在保证负载可靠供电的前提下，尖峰电价时段，断开开关电源系统的交流输入，迫使电池向负载放电；平谷电价时段，闭合开关电源系统的交流输入，开关电源系统恢复正常工作，向电池充电和负载放电，从而达到削峰填谷的目的。本发明无需控制开关电源系统或升级开关电源系统，就可以达到电池在尖峰电价时段放电，在平谷电价时段充电的目的，达到了削峰填谷的目的，控制管理单元独立于开关电源系统之外，是一种切实可行的削峰填谷控制系统，同时达到电力储能的目的。
9. 203930122 带RFID配对检测识别功能的光纤集线装置及配套RFID标签载体
CN
05.11.2014
G02B 6/38 Loading...
G02B 6/38
Loading...
201420100923.X
杭州中恒电气股份有限公司
张金磊
G02B 6/38
Loading...
本实用新型提供了一种带RFID配对检测识别功能的光纤集线装置及配套RFID标签载体，包括多个光纤连接端口，光纤集线装置设有多个检测格，并在检测格边界具有隔挡，一个检测格对应一个光纤连接端口，检测格内设置有第一RFID标签，第一RFID标签是光纤连接端口这一侧的RFID标签；检测格上还具有用于连接第二RFID标签或第二RFID标签载体的检测格连接结构，第二RFID标签是与光纤连接端口连接的光纤插头这一侧的RFID标签。本实用新型还提供一种与上述光纤集线装置配套使用的RFID标签载体。本实用新型使RFID技术能运用到光纤连接器领域，操作方便，且RFID标签读取与光纤接插连接互不干涉，对光纤连接器设备的传统管理没有影响。
10. 203759725 一种适于密集RFID标签精确读写的读写器
CN
06.08.2014
G06K 17/00 Loading...
G06K 17/00
Loading...
201420101353.6
杭州中恒电气股份有限公司
张金磊
G06K 17/00
Loading...
本实用新型提供了一种适于密集RFID标签精确读写的读写器。包括壳体，所述读写器的天线设置在壳体的头部，所述天线采用微带线，所述天线为环形近场天线，天线的终端连接负载电阻。本实用新型的读写器能够实现标签的精确地有选择性的识读。
11. 202957583 一种具有交流输入过压保护的开关电源装置
CN
29.05.2013
H02H 7/125 Loading...
H02H 7/125
Loading...
201120564497.1
杭州中恒电气股份有限公司
韦康
H02H 7/125
Loading...
一种具有交流输入过压保护的开关电源装置，包括软启动电路，整流校正电路、交直流检测模块、继电器控制电路、电源电路和辅助电源；软启动电路包括并联的第一开关和第二开关，软启动电阻，软启动电阻连接二极管，二极管与整流校正电路的输出极相连；第二开关一端连接交流电输入，另一端连接整流校正电路的输入端；第一开关和第二开关为继电器触点；继电器控制电路中设逻辑判断单元，当开关电源装置输入的电压高于预设电压时，逻辑判断单元控制第一开关和第二开关断开实现过电压脱离。本实用新型具有能够实现当交流输入电压过高时模块能够自身实现过压脱离、结构简单、成本低廉的优点。
12. 202679237 交错并联三相PFC电路
CN
16.01.2013
H02M 1/42 Loading...
H02M 1/42
Loading...
201220300814.3
杭州中恒电气股份有限公司
孙涛
H02M 1/42
Loading...
交错并联三相PFC电路，其由两个Vienna变换器组成，所述Vienna变换器是三相三开关三电平PFC结构，第一Vienna变换器的三相输入分别连接第二Vienna变换器的三相输入，第一Vienna变换器的三电平输出分别连接第二Vienna变换器的三电平输出，所述第一Vienna变换器的三个双向开关的周期开始和结束时间相同，所述第二Vienna变换器的三个双向开关的周期开始和结束时间相同，所述第一Vienna变换器的三个双向开关的周期开始和结束时间超前或滞后所述第二Vienna变换器的三个双向开关的周期开始和结束时间半个周期时间。
13. 102739033 Interleaved parallel three-phase power factor correction circuit
CN
17.10.2012
H02M 1/42 Loading...
H02M 1/42
Loading...
201210213287.7
杭州中恒电气股份有限公司
孙涛
H02M 1/42
Loading...
The invention discloses an interleaved parallel three-phase power factor correction (PFC) circuit. The circuit consists of two Vienna converters, wherein the Vienna converters have three-phase three-switch three-level PFC structures; three phase inputs of the first Vienna converter are connected with three phase inputs of the second Vienna converter respectively; three level outputs of the first Vienna converter are connected with three level outputs of the second Vienna converter respectively; the period starting time and the period ending time of three bidirectional switches of the first Vienna converter are the same; the period starting time and the period ending time of three bidirectional switches of the second Vienna converter are the same; and the period starting time and the period ending time of the three bidirectional switches of the first Vienna converter are half period earlier or later than the period starting time and the period ending time of the three bidirectional switches of the second Vienna converter.
14. 202395651 一种抑制输出整流二极管反向尖峰电压的电路
CN
22.08.2012
H02M 1/32 Loading...
H02M 1/32
Loading...
201120503987.0
杭州中恒电气股份有限公司
郭卫农
H02M 1/32
Loading...
一种抑制输出整流二极管反向尖峰电压的电路，包括由第一二极管、第二二极管、第三二极管、第四二极管与变压器的副边组成的全桥整流电路、第五二极管、第六二极管和第二电容，所述第六二极管和第二电容连接组成一箝位电路，所述箝位电路的一端与输出滤波电感的一端以及第一二极管、第三二极管的阴极连接，其另一端与第二二极管、第四二极管的阳极连接；所述第五二极管的一端与变压器副边的中间绕组连接，其另一端连接在第六二极管和第二电容的相连端上。本实用新型的有益效果：很好的抑制了输出整流二极管的反向恢复电压尖峰，使得器件工作更可靠稳定，提高了变换器效率，减小了电磁辐射。
15. 102427267 用于电动汽车的模块化充电系统
CN
25.04.2012
H02J 7/02 Loading...
H02J 7/02
Loading...
201110331940.5
杭州中恒电气股份有限公司
刘宏森
H02J 7/02
Loading...
用于电动汽车的模块化充电系统，包括与交流电网连接的交流配电模块，将交流配电模块输入的交流电转换为直流电输出的整流模块，和根据负载的充电信息输出负载所需的电压和电流的直流输出控制模块；整流模块有多个，整流模块输出的电流之和输入直流输出控制模块中；模块化充电系统还设有根据直流输出控制模块输出的实际电流来控制整流模块的监控模块；监控模块包括与直流输出控制模块连接、获取直流控制模块输出的实际充电电流的直流输出监控单元，和控制整流模块的运算判断单元，运算判断单元中预设有整流模块的额定工作电流和整流模块的冗余数量X。本发明具有能保证系统的安全冗余和可靠度，系统工作效率高，使用寿命长，可靠性高的优点。
16. 102412715 一种抑制输出整流二极管反向尖峰电压的电路
CN
11.04.2012
H02M 1/32 Loading...
H02M 1/32
Loading...
201110402265.0
杭州中恒电气股份有限公司
郭卫农
H02M 1/32
Loading...
一种抑制输出整流二极管反向尖峰电压的电路，包括由第一二极管、第二二极管、第三二极管、第四二极管与变压器的副边组成的全桥整流电路、第五二极管、第六二极管和第二电容，所述第六二极管和第二电容连接组成一箝位电路，所述箝位电路的一端与输出滤波电感的一端以及第一二极管、第三二极管的阴极连接，其另一端与第二二极管、第四二极管的阳极连接；所述第五二极管的一端与变压器副边的中间绕组连接，其另一端连接在第六二极管和第二电容的相连端上。本发明的有益效果：很好的抑制了输出整流二极管的反向恢复电压尖峰，使得器件工作更可靠稳定，提高了变换器效率，减小了电磁辐射。
17. 201893694 电源转换装置的辅助电源自举电路
CN
06.07.2011
H02M 1/36 Loading...
H02M 1/36
Loading...
201020552143.0
杭州中恒电气股份有限公司
袁明祥
H02M 1/36
Loading...
一种电源转换装置的辅助电源自举电路，包括输入滤波电容、防浪涌电阻、防浪涌开关、自举充电电阻、自举储能电容和辅助电源，输入滤波电容一端和高压输入正端相连，输入滤波电容另一端与防浪涌开关的公共端相连，防浪涌开关的常开点和高压输入负端相连，防浪涌电阻并接在防浪涌开关的公共点和常开点之间，自举充电电阻的一端和防浪涌开关的常闭点相连，自举充电电阻的另一端和自举储能电容的一端相连，自举储能电容的另一端和高压输入负端相连，辅助电源的控制供电端并接在自举储能电容的两端。本实用新型提供一种降低功耗、减少占用空间和提高可靠性的电源转换装置的辅助电源自举电路。
18. 201830143 改进型三电平半桥移相零电压变换器
CN
11.05.2011
H02M 3/28 Loading...
H02M 3/28
Loading...
201020552158.7
杭州中恒电气股份有限公司
袁明祥
H02M 3/28
Loading...
一种改进型三电平半桥移相零电压变换器，包括两个分压电容（C5、C6）、两个箝位二极管（D5、D6）、上开关桥臂、下开关桥臂、变压器（T1）、输出整流滤波电路和负载Rl，还包括辅助支路，第一附加电容（C7）的一端与上桥臂支路连接，第一附加电容（C7）另一端与第二附加电容（C7a）连接，第二附加电容（C7a）的另一端与下桥臂支路连接，附加电感（L1）的一端与变压器（T1）的原边的另一端连接，附加电感（L1）的另一端与第一附加电容（C7）和第二附加电容（C7a）之间的中间节点连接。本实用新型能有效改善滞后管零压条件、提高能量转换效率、增强可靠性、降低开通损耗、减少占空比流失。
19. 201830144 适合于高压输入大功率输出的DC/DC变换器
CN
11.05.2011
H02M 3/315 Loading...
H02M 3/315
Loading...
201020552175.0
杭州中恒电气股份有限公司
郭卫农
H02M 3/315
Loading...
一种适合于高压输入大功率输出的DC/DC变换器，包括两个输入分压电容串联组成输入分压电路、第一谐振变换器、第二谐振变换器以及两个谐振变换器共用的输出滤波电容，其中，所述第一谐振变换器和第二谐振变换器采用LLC串联谐振电路；第一输入分压电容的两端连接第一谐振变换器的输入端，所述第一谐振变换器的输出端连接输出滤波电容；第二输入分压电容的两端连接第二谐振变换器的输入端，所述第二谐振变换器的输出端连接输出滤波电容。本实用新型能够有效降低开关管的电压等级、降低成本、减少开关损耗，且能有效实现了两个谐振变换器间的静态和动态均流性能，提高了可靠性。
20. 102013806 DC/DC converter suitable for high-voltage input high-power output
CN
13.04.2011
H02M 3/28 Loading...
H02M 3/28
Loading...
201010299611.2
Hangzhou Zhongheng Electric Co., Ltd.
Guo Weinong
H02M 3/28
Loading...
The invention relates to a DC/DC converter suitable for high-voltage input high-power output, which comprises an input voltage-division circuit formed by serially connecting two input voltage division capacitors, a first resonant converter, a second resonant converter and an output filter capacitor shared by the two resonant converters, wherein the first resonant converter and the second resonant converter adopt an LLC serial resonant circuit; two ends of the first voltage division capacitor are connected with the input end of the first resonant converter, the output end of the first resonant converter is connected with the output filter capacitor; and two ends of the second input voltage division capacitor are connected with the input end of the second resonant converter, and the output end of the second resonant converter is connected with the output filter capacitor. The invention can effectively lower the voltage class of a switching tube and the cost, reduce the switching loss, and can effectively realize static and dynamic flow equalizing property between the two resonant converters, thereby improving the reliability.
21. 101951136 Auxiliary power source bootstrapping circuit of power source converting device
CN
19.01.2011
H02M 1/36 Loading...
H02M 1/36
Loading...
201010299612.7
Hangzhou Zhongheng Electric Co., Ltd.
Yuan Mingxiang
H02M 1/36
Loading...
The invention discloses an auxiliary power source bootstrapping circuit of a power source converting device, comprising an input filtering capacitor, a surge protection resistor, a surge protection switch, a bootstrapping charging resistor, a bootstrapping energy storage capacitor and an auxiliary power source. One end of the input filtering capacitor is connected with a high-voltage input positive end while the other end of the input filtering capacitor is connected with a common end of the surge protection switch; a normally-opened point of the surge protection switch is connected with a high-voltage input negative end; the surge protection resistor is connected in parallel between the common point and the normally-opened point of the surge protection switch; one end of the bootstrapping charging resistor is connected with a normally-closed point of the surge protection switch; the other end of the bootstrapping charging resistor is connected with one end of the bootstrapping energy storage capacitor; the other end of the bootstrapping energy storage capacitor is connected with a high-voltage input negative end; and a control power supply end of the auxiliary power source is connected in parallel at the two ends of the bootstrapping energy storage capacitor. The auxiliary power source bootstrapping circuit of the power source converting device has the advantages of reducing the power consumption and the occupation space and improving the reliability.
22. 101951157 Modified three-level half-bridge phase-shifting zero-voltage convertor
CN
19.01.2011
H02M 3/28 Loading...
H02M 3/28
Loading...
201010299599.5
Hangzhou Zhongheng Electric Co., Ltd.
Yuan Mingxiang
H02M 3/28
Loading...
The invention relates to a modified three-level half-bridge phase-shifting zero-voltage convertor which comprises two voltage-dividing capacitors (C5 and C6), two clamping diodes (D5 and D6), an upper switching bridge arm, a lower switching bridge arm, a transformer (T1), an output rectifying and filtering circuit, a load R1 and an auxiliary branch, wherein one end of a first additional capacitor (C7) is connected with an upper bridge arm branch, the other end of the first additional capacitor (C7) is connected with a second additional capacitor (C7a), the other end of the second additional capacitor (C7a) is connected with a lower bridge arm branch, one end of an additional inductor (L1) is connected with the other end of the primary side of the transformer (T1), and the other end of the additional inductor (L1) is connected with the intermediate node between the first additional capacitor (C7) and the second additional capacitor (C7a). The invention can effectively improve the lagging-pipe zero-voltage condition, improve the energy conversion efficiency, enhance the reliability, reduce the opening loss and reduce the duty-ratio loss.
23. 201663436 一种高压直流系统电池充电保护电路结构
CN
01.12.2010
H02H 7/18 Loading...
H02H 7/18
Loading...
201020133391.1
杭州中恒电气股份有限公司
易国华
H02H 7/18
Loading...
一种高压直流系统电池充电保护电路结构，属于高压直流系统技术领域，包括整流模块、电池组和负载，整流模块的输出母线分离出电池母线和负载母线，在电池母线和负载母线增加充电保护电路，充电保护电路包括二极管、接触器、分流器、控制器和熔丝，接触器包括线圈1脚、线圈2脚、第三触点和第四触点，二极管负极和接触器的第四触点接负载母线，负载的一端接负载母线，负载的另一端接直流母线负，二极管正极和接触器的第三触点接电池母线，电池母线经分流器和熔丝接电池组的正极，电池的负极接母线负，接触器的线圈1脚与2脚接控制器，本实用新型克服提供了一种工作可靠，可延长电池使用寿命的HVDC双母线电路结构。
24. 201663553 一种户外小型壁挂电源系统
CN
01.12.2010
H02M 7/02 Loading...
H02M 7/02
Loading...
200920196545.9
杭州中恒电气股份有限公司
黄鸿喜
H02M 7/02
Loading...
一种户外小型壁挂电源系统，包括整流器单元、监控器单元、监控器显示器、交直流配电单元、电池仓和风扇，其特征在于各元器件安装于一机箱，交直流配电单元和电池仓固定于箱体内，风扇位于箱体的顶部，所述整流器单元、监控器单元和监控器显示器固定于箱体的门板上，交直流配电单元内电池微型断路器和第一直流接触器连接，再和分流器连接，第二直流接触器一端与先脱离各个微型断路器连接，另一端与分流器和后脱离各个微型断路器连接，再和各个微型断路器合并连接至整流器单元负极排，正极接线端子与整流器单元正极连接。本实用新型与传统户外壁挂电源系统相比，安全美观、结构紧凑节省空间、成本低、功能完备且操作方便。
25. 201570562 电池高温充电保护控制电路
CN
01.09.2010
H01M 10/44 Loading...
H01M 10/44
Loading...
200920292079.4
杭州中恒电气股份有限公司
卞良初
H01M 10/44
Loading...
一种电池高温充电保护控制电路，包括二极管(D1)和直流接触器(K1)，所述直流接触器包括线圈1脚、线圈2脚、第三触点和第四触点，二极管负极(D1)和直流接触器(K1)的第四触点接电源正极(Power+)，二极管正极(D1)和直流接触器(K1)的第三触点接电池(Battery)的正极，直流接触器(K1)的线圈1脚连接微机控制电路输出控制信号(Signal)，直流接触器(K1)的线圈2脚与电源负极(Power-)连接。本实用新型提供一种能够有效控制电池运行温度、延长电池使用寿命的电池高温充电保护控制电路。
26. 101794985 High-voltage direct-current (HVDC) system battery charging protecting circuit structure
CN
04.08.2010
H02H 7/18 Loading...
H02H 7/18
Loading...
201010126035.1
Hangzhou Zhongheng Electric Co., Ltd.
Bian Liangchu
H02H 7/18
Loading...
The invention relates to a high-voltage direct-current (HVDC) system battery charging protecting circuit structure, belonging to the technical field of the HVDC system. The HVDC system battery charging protecting circuit structure comprises a rectifying module, a battery pack and a load. The output buses of the rectifying module are divided into a battery bus and a load bus; the battery bus and the load bus are additionally provided with a charging protecting circuit which comprises a diode, a contactor, a current divider, a controller and a fuse; the contactor comprises a coil pin 1, a coil pin 2, a third contact point and a fourth contact point; the cathode of the diode and the fourth contact point of the contactor are connected with the load bus; one end of the load is connected with the load bus, and the other end is connected with the negative terminal of a direct-current bus; the anode of the diode and the third contact point of the contactor are connected with the battery bus; the battery bus is connected with the anode of the battery bus by the current divider and the fuse; the cathode of a battery is connected with the negative terminal of the battery bus; and the coil pin 1 and the coil pin 2 of the contactor are connected with the controller. The invention provides an HVDC dual bus circuit structure which can work reliably and prolong the service life of the battery.
27. 101714771 Battery high-temperature charging protection control circuit
CN
26.05.2010
H02J 7/00 Loading...
H02J 7/00
Loading...
200910262371.6
Hangzhou Zhongheng Electric Co., Ltd.
Bian Liangchu
H02J 7/00
Loading...
The invention relates to a control circuit for battery high-temperature charging protection, which comprises a diode (D1) and a direct current contactor (K1), wherein the direct current contactor comprise a coil pin 1, a coil pin 2, a third contact point and a fourth contact point; the negative electrode (D1) of the diode and the fourth contact point of the direct current contact (K1) are connected with the positive electrode of a power supply (Power +); the positive electrode (D1) of the diode and the third contact point of the direct current contact (K1) are connected with the positive electrode of a battery (Battery); the coil pin 1 of the direct current contactor (K1) is connected with a microcomputer control circuit to output a control signal (Signal); and the coil pin 2 of the direct current contactor (K1) is connected with the negative electrode of the power supply (Power -). The invention can effectively control the operation temperature of the battery, and prolong the service life of the battery.
28. 201490900 一种室内微型壁挂电源系统
CN
26.05.2010
H02M 7/02 Loading...
H02M 7/02
Loading...
200920192814.4
杭州中恒电气股份有限公司
汪玲娟
H02M 7/02
Loading...
一种室内微型壁挂电源系统，包括外壳和整流模块、监控器及显示器、多个微型断路器、防雷器、直流接触器、分流器和电池开关，所述各元器件以铜排连接，各个微型断路器的负极铜排合并为一次脱离负载铜排(2)与直流接触器(8)连接，各个微型断路器的负极合并通过不脱离负载铜排(3)与分流器(5)连接，再合并与整流模块的负极排连接，整流模块的正极铜排(10)连接正极公共铜排(11)，外壳为封闭式箱体，各元器件和铜排均置于箱体内。本实用新型安全性高，外型更具有美观度：封闭式结构将元件和接线封闭在箱体内，使整个箱体整齐、外型美观大方且薄型，更易于挂在墙上，安全性好，节省空间。
29. 201435541 一种电力机柜
CN
31.03.2010
H02B 1/56 Loading...
H02B 1/56
Loading...
200920121916.7
杭州中恒电气股份有限公司
兰正宇
H02B 1/56
Loading...
一种电力机柜，具体涉及电力电源系统包含风冷模块的散热机柜，由若干风冷模块、机柜前门和设于机柜前门下侧的进风口，以及机柜顶部的出风口，机柜前门在风冷模块机组自身进出风口处相应位置开有供风冷模块机组散热的进出风口，机柜所形成的风路其一为外界的冷空气自机柜侧门下侧和前门下侧进风孔，进入机柜，由机柜顶部的出风孔排出机柜内的热气，其二为外界冷空气与机柜前门直入风冷模块机组进风口，由风扇强制冷却风冷模块机组，由后门的出风口排出。本实用新型不改变柜体，以凹陷的隐蔽方式替代门式，能使冷热空气隔离经过不同的通道流通，形成有效热交换，风冷模块降温，提高散热效果，且材料成本降低。
30. 201348331 一种高效热交换器
CN
18.11.2009
F24F 7/007 Loading...
F24F 7/007
Loading...
200820170505.2
杭州中恒电气股份有限公司
凌益萍
F24F 7/007
Loading...
一种高效热交换器，属于通讯设备的空气交换器技术领域，包括机身壳体，具有相互垂直的、完全被独立分开的内气流路径与外气流路径的气流交叉式热交换器机芯，其特征在于机芯上下两侧设有离心风机，通过隔板使内循环系统和外循环系统封闭隔开，所述隔板设计为覆盖离心风机的涡壳形状的一部分，机芯中心轴与机身壳体呈45度夹角，所述离心风机出口入风向与机芯气流出入口方向平行。本实用新型将机芯放置位置旋转45度后，与内外离心风扇配合可获得最大气流值，最大程度将风阻降低，从而提高了风机乃至热交换器的整体效率，经过对比，提高效率20％－30％。
31. 201345455 一种可插拔模块防脱离结构
CN
11.11.2009
H01R 13/639 Loading...
H01R 13/639
Loading...
200820165738.3
杭州中恒电气股份有限公司
杜智超
H01R 13/639
Loading...
本实用新型涉及在电力屏柜等柜体上安装的电源或者通信等可插拔模块，具体的说是一种可插拔模块防脱离结构，其特征在于，所述模块上设有前端可滑出所述模块侧面的锁销，所述插框上设有与所述锁销前端相配合的锁孔。本实用新型利用锁销与锁孔之间的卡扣式结构替代了现有技术中的镙钉固定结构，有效的简化了可插拔模块在插框上的安装和拆卸过程。此外，本实用新型给出的改进方案，还具有结构简单、外表美观、不易损坏、锁定牢固等特点。
32. 201274379 塑壳断路器馈线标准化单元
CN
15.07.2009
H02B 1/20 Loading...
H02B 1/20
Loading...
200820165737.9
杭州中恒电气股份有限公司
范燕春
H02B 1/20
Loading...
一种塑壳断路器馈线标准化单元，包括外壳、塑壳断路器和漏电传感器，正极进线母排与各个塑壳断路器的正极进线排连接，负极进线母排与各个塑壳断路器的负极进线排连接，各个塑壳断路器的正极出线排和负极出线排穿过漏电流传感器引出至屏柜接线端子，所述外壳为封闭式箱体，所述正极进线母排、负极进线母排、塑壳断路器和漏电传感器位于外壳内。本实用新型提供一种降低劳动强度、提高安全性的塑壳断路器馈线标准化单元。
33. 201118114 电力馈线标准化模块
CN
17.09.2008
H02B 1/20 Loading...
H02B 1/20
Loading...
200720184305.8
杭州中恒电气股份有限公司
王成
H02B 1/20
Loading...
一种电力馈线标准化模块，包括机柜、安装在机柜内的MCB开关、漏电传感器、母排、接线端子以及信号线，所述母排与信号线之间采用插拔式结构，所述信号线、MCB开关、漏电传感器之间采用插拔式结构，信号线与接线端子采用插拔式结构。本实用新型提供了一种非常便于安装、维护更加安全的电力馈线标准化模块。
34. 201112168 三开关互锁电路
CN
10.09.2008
H01H 9/26 Loading...
H01H 9/26
Loading...
200720112686.9
杭州中恒电气股份有限公司
许胜飞
H01H 9/26
Loading...
三开关互锁电路，属于智能站交流电源系统技术领域，其包括三个中间继电器ZJ1、ZJ2、ZJ3，对应的三个断路器MCCB1、MCCB2、MCCB3或位置状态信号的辅助触点CO1、CO2、CO3和对应的三个断路器电动操作机构M1、M2、M3，电动操作机构接收相应断路器位置信号经逻辑组合通过中间继电器发出断路器跳闸指令，每一互锁回路中其一中间继电器线圈串接其它两个断路器辅助触点，中间继电器线圈及其它两个断路器辅助触点闭合后形成通路。本实用新型克服了人为操作可靠性差的不足，通过互锁电路可有效防止因系统自身出错，或人为的误操作而导致系统的误合闸，保证系统的高可靠性，实现三路电动操作机构控制电操断路器的完全互锁。
35. 101153884 Relay-protection steady-state digital moving die test system
CN
02.04.2008
G01R 31/00 Loading...
G01R 31/00
Loading...
200710070373.6
Hangzhou Zhongheng Electric Co., Ltd.
Wang Youchu
G01R 31/00
Loading...
A relay protection stable-state digital dynamic simulation test system comprises a graphic data memory module, a power network modeling module, a parameter setting module, a failure setting module, a failure data calculation module, a failure analysis module and a relay protection simulation module, wherein, the graphic data memory module is used to store the graphic model of various elements of a power system and various failure calculation models; the power network modeling module, according to the structure of the to-be-detected power network, is used to select elements and corresponding failure calculation model and form the power network topological structure of the failure calculation models; the parameter setting module is used to set the concrete parameters of each element of the established failure calculation models; the failure setting module is used to set the failure types and parameters of the failure calculation models; the failure data calculation module, according to the network topological structure of the power network, is used to calculate the parameter after failure occurs, i.e. the current of each subcircuit, the voltage of each busbar and the branching factors among subcircuits. The invention realizes real simulation of various failures in power system, thereby having strong practicability.
36. 101119072 Modified type full-bridge phase-shifted soft switch converter
CN
06.02.2008
H02M 3/315 Loading...
H02M 3/315
Loading...
200710069828.2
Hangzhou Zhongheng Electric Co., Ltd.
Yuan Mingxiang
H02M 3/315
Loading...
The present invention relates to an improved full bridge dephasing soft switching transformer, based on the prior full bridge dephasing soft switching transformer. Tthe soft switching transformer also comprises a syntony network which comprises capacitances C5 and C6 and an inductanceL1. Wherein, one end of the capacitance C5 is connected with an input positive end, the other end of the capacitance C5 is connected with an end of the inductanceL1 and an end of the capacitance C6, the other end of the capacitance C6 is connected with an input negative end, the other end of the inductanceL1 is connected with a source electrode S of a triode Q3 and a drain electrode D of the triode Q4 of a lag bridge arm branch. The present invention provides an improved full bridge dephasing soft switching transformer which is capable of effectively lowering the circulation loss, reducing the loss of the duty ratio, increasing the effect of the complete machine and reducing the electromagnetic radiation.
37. 101119037 Equalizer circuit for backup power supply
CN
06.02.2008
H02J 9/00 Loading...
H02J 9/00
Loading...
200710069826.3
Hangzhou Zhongheng Electric Co., Ltd.
Yuan Mingxiang
H02J 9/00
Loading...
The present invention provides a voltage equalizing circuit for spare power source, the spare power source includes n power supply monomers which are connected with each other in series; the equalizer circuit includes a sampling resistance Rs, an input switch circuit, a transformer T1 and n output rectification filter circuits; the input switch circuit is connected with the original edge of the transformer T1 in parallel and then connected with the two ends of the spare power source by the sampling resistance Rs; the auxiliary edge of the transformer T1 has n voltage reduction output ends, the output voltage of each voltage reduction output end is completely identical and coupled tightly; each rectification filter circuit is connected with one voltage reduction output end, each rectification filter circuit and the input switch circuit form the single end backlash; each rectification filter circuit is respectively connected with each power supply monomer in parallel. The present invention not only can prevent the series power supply monomer from the unbalancing for the voltage, but also can sufficiently use the capacity of each power supply monomer, and simultaneously reduce the consumption caused by the equal voltage.
38. 200990251 一种空气热交换器
CN
12.12.2007
G12B 15/04 Loading...
G12B 15/04
Loading...
200620141696.0
杭州中恒电气股份有限公司
李晨鹰
G12B 15/04
Loading...
一种空气热交换器，属于热交换技术领域，包括离心风机、换热器芯和壳体，热交换器芯与离心风机由挡板分隔为内外循环气流系统，其特征在于离心风机上方的外壳切角，外壳内壁与风道截面相切，使形成的风道截面包含一段阿基米德涡线或类阿基米德涡线。本实用新型根据渐开线形状或阿基米德涡线将风机和挡板形状做出调整，同时将原方正外型作切角处理形成为涡壳，在既保证扳金加工便利的同时，最大程度将风阻降低，从而提高风机和空气热交换器的整体效率。
39. 1684349 DC converter
CN
19.10.2005
H02M 3/10 Loading...
H02M 3/10
Loading...
200410017684.2
Zhongheng Electric Co., Ltd., Hangzhou
Mao Weiliang
H02M 3/10
Loading...
This invention relates to a DC converter applying a transformer to isolate the output including a DC input circuit, a bridge circuit, a transformer, a rectifier filter circuit, in which, the output of the transformer is connected with the rectifier filter circuit and in side series. The side serial technology of the transformer solves the problem of current equalization between double set bridge circuits or transformers.
40. 2718892 一种直流变换器
CN
17.08.2005
H02M 3/335 Loading...
H02M 3/335
Loading...
200420021921.8
杭州中恒电气股份有限公司
茅伟良
H02M 3/335
Loading...
一种直流变换器，属于电能变换装置的技术领域，尤其涉及一种采用变压器隔离输出的直流变换器。所述的直流变换器包括直流输入电路、桥式电路、变压器、整流滤波电路，变压器输出端与整流滤波电路相连，变压器输出侧相串联。本实用新型应用变压器副边串联技术，简单而有效地解决双组桥式电路或变压器之间的电流均衡问题，同时使得功率器件容易实现分散布置，有利于结构工艺设计和器件布局。
41. 2691162 一种改进型三电平桥式电路的整流模块
CN
06.04.2005
H02M 3/335 Loading...
H02M 3/335
Loading...
200420021505.8
杭州中恒电气股份有限公司
茅伟良
H02M 3/335
Loading...
一种改进型三电平桥式电路的整流模块，属于高频开关整流模块。包括输入整流电路、三电平桥式电路、变压器和输出电路、控制电路和采样电路，采样电路的输出信号接控制电路的输入端，控制电路的输出接三电平桥式电路的驱动输入端，三电平桥式电路的输出端接变压器；其特征在于三电平桥式电路带有二个钳位二极管(D1、D2)，二极管(D1、D2)相串联后与电容C4并联，其一端接场效应管(Q1、Q2)的中点，另一端接场效应管(Q3、Q4)的中点。本实用新型通过钳位二极管的作用，消除副边输出电路整流二极管的电压尖峰，可省掉吸收电路，电路结构简化，成本降低，效率提高以及电源的可靠性提高。
42. 2691158 DC/DC全桥移相电力调压模块
CN
06.04.2005
H02M 3/10 Loading...
H02M 3/10
Loading...
200320109339.2
杭州中恒电气股份有限公司
范德育
H02M 3/10
Loading...
本实用新型公开了一种电路装置模块。DC/DC全桥移相电力调压模块，包括主电路和控制电路两个部分，主电路中设有零电压开关PWM移相全桥电路，其中设有两个起钳位作用的二极管，使电路中的谐振电感上的能量在换流过程中不再与输出电路起作用，并由谐振电感的存在，减小了开通时原边峰值电流，使得主变压器漏感上贮能减小，对输出整流二极管上的尖峰电压进行钳位，一个钳位管二极管的阳极、与另一个钳位管二极管的阴极接在隔直电容和谐振电感的公共节点上，而其相应的一个钳位管二极管的阴极接到输入母线正端，一个钳位管二极管的阳极接到输入母线负端。实现了无级调压和模块结构化，稳压精度≤0.5％。该模块用作电力系统操作电源的调压变换装置。
43. 2663999 智能型蓄电池组在线监测装置
CN
15.12.2004
G01R 31/36 Loading...
G01R 31/36
Loading...
03284457.3
杭州中恒电气股份有限公司
余鋆
G01R 31/36
Loading...
本实用新型公开了一种用于测试蓄电池电气状态的装置。它由蓄电池放电监测控制单元和电池采样电路单元两个部分组成，其特征在于蓄电池放电监测控制单元主要包括放电恒流电路，脉冲产生电路，智能控制电路，由恒流放电电路，通过控制MOS管Q的导通与截止的时间比来达到输入电流的恒定要求；由脉冲产生电路产生输出所需宽度的脉冲，给MOS管Q提供驱动信号；由智能控制电路的微处理器实现放电参数的设置，数据显示和存储，用于和电池采样电路单元或上位机之间的通讯，完成蓄电池组智能化在线监测。本装置适用于变电站、发电厂和机房一类的多种场合。
44. 2543187 内插式铝板基座变压器
CN
02.04.2003
H01F 27/00 Loading...
H01F 27/00
Loading...
02231454.7
杭州中恒电气股份有限公司
茅伟良
H01F 27/00
Loading...
本实用新型涉及一种内插式铝板基座变压器。本实用新型所要解决的技术问题是提供一种既能起到固定作用，又能及时将线包内部的热量散发出去的内插式铝板基座变压器，该变压器结构简单合理，散热快速、有效，制造成本低廉。解决该问题的技术方案是：基座呈E形，底部是开有固定孔的折边，中间一条铝板伸进绕组中间。本实用新型可用于开关电源(电力电子)中变压器或电感。

