1. 206055504 一种道路照明装置
CN
29.03.2017
F21S 9/03 Loading...
F21S 9/03
Loading...
201620848122.0
湖南宝利沥青有限公司
韩君
F21S 9/03
Loading...
本实用新型涉及道路设施技术领域，尤其涉及道路照明装置，包括立柱、连接杆、照明灯、太阳能电池板、控制器和光线感应器，立柱竖直的固定于地面上，照明灯通过连接杆与立柱的上部固定连接，太阳能电池板可转动的设于立柱的顶端且与照明灯连接，控制器连接于照明灯与光线感应器之间。太阳能电池板可以随着太阳光照射角度的变化自动调节使之与太阳相对，太阳能电池板将太阳能转化为电能供照明灯照明，光线感应器检测环境中的光线强度，并将检测到的信号发送给控制器，控制器来控制照明灯的亮度。该照明装置的自动化程度较大，通过太阳能电池板发电，无需铺设电缆，极大地节约了能源，保护了环境。
2. 106345471 一种净化汽车尾气的二氧化钛光催化复合材料及其制备方法
CN
25.01.2017
B01J 23/745 Loading...
B01J 23/745
Loading...
102016000632487
湖南宝利沥青有限公司
韩君
B01J 23/745
Loading...
本发明涉及一种净化汽车尾气的二氧化钛光催化复合材料，由包括如下重量份的原料制备而成：钛源5～25份、硝酸铁0.001～0.01份、冰乙酸5～30份，蒸馏水2～15份、无水乙醇16～80份。本发明所述的材料，在紫外光和可见光下均具有良好的催化效果，而且易于回收，重复利用度高。
3. 106280821 一种兼具路表降温和汽车尾气降解的交通设施涂层材料及其制备方法
CN
04.01.2017
C09D 133/04 Loading...
C09D 133/04
Loading...
201610633402.4
湖南宝利沥青有限公司
韩君
C09D 133/04
Loading...
本发明公开了一种兼具隔热降温和汽车尾气处理的交通设施功能涂层材料，由以下重量百分比的材料制成：氧化铝负载的纳米二氧化钛5‑10份，硅丙乳液50‑60份，水15‑25份，纳米玻璃珠5‑10份，钛白粉5‑10份，白云母粉末10‑15份，丙二醇5‑10份，助剂0.2‑2.5份，分散剂0.6‑0.9份。本发明还提供了该兼具隔热降温和汽车尾气处理的交通设施功能涂层材料的制备方法。本发明的涂层材料合理利用了填料的优良特性，不仅可以明显的降低路面表面温度还可以很好的降解尾气中的有害成分，减少尾气对环境的污染。同时，该材料具有较好的耐候性，并且使用过程不会产生二次污染，是一种高效环保的涂层材料。
4. 205518876 清洗束口瓶内高粘度液体用刮刀
CN
31.08.2016
B08B 9/087 Loading...
B08B 9/087
Loading...
201521105746.5
江苏宝利国际投资股份有限公司
张新广
B08B 9/087
Loading...
本实用新型公开了一种清洗束口瓶内高粘度液体用刮刀，其特征在于，包括手柄（1）、刀背（2）、导流槽（3）和刀刃（4），所述刀背（2）和刀刃（4）呈一定角度，导流槽（3）位于刀背（2）和刀刃（4）夹角处，所述刀刃（4）凸出手柄（1）颈部一定高度。本实用新型的清洗束口瓶内高粘度液体用刮刀，特别适用于清洗石油化工实验室里实验用于束口瓶内沥青、重油等高粘度液体的清洗，使束口瓶内残留的样品清洗的更干净，提高了工作效率，进一步减少下次实验数据因前次遗留的样品的影响，从而确保了实验数据更准确。
5. 105802263 一种高胶沥青及其制备方法
CN
27.07.2016
C08L 95/00 Loading...
C08L 95/00
Loading...
201610211485.8
江苏宝利国际投资股份有限公司
徐思田
C08L 95/00
Loading...
本发明涉及一种高胶沥青及其制备方法，该高胶沥青包含以下组分及重量百分比含量：重交沥青84～90、改性复合物10～16，所述改性复合物为脱硫胶粒、SBS经固相力化学反应混合制得的混合物，其中，脱硫胶粒/SBS的重量百分比的比例为90/10～50/50。制备方法为，首先将脱硫胶粒、SBS经固相力化学混合制备成改性复合粒子，然后将该改性粒子加入到170～190℃的沥青中，在胶体磨高速强剪切后，再在高速分散机上，搅拌得到高胶沥青材料。本发明制得的高胶沥青，具有粘结力高，热储存稳定，高低温性能优良的特点；使用废橡胶产生良好的经济效益和环保效益，无需硫化稳定，改善了施工环境并解决不相容沥青难稳定的难题。
6. 105731884 一种缓解城市热岛效应的沥青混合料及其制备方法
CN
06.07.2016
C04B 26/26 Loading...
C04B 26/26
Loading...
201610081843.8
湖南宝利沥青有限公司
韩君
C04B 26/26
Loading...
本发明涉及沥青混合料技术领域，尤其涉及一种缓解城市热岛效应的沥青混合料及其制备方法。本发明提供的纳米玻璃改性沥青及用其所制备的沥青混合料是利用废旧玻璃为原料制成纳米玻璃，加入基质沥青中对其进行改性，使基质沥青具有保温、隔热、降低路面吸热能力的特性，将其与合理级配的集料混合制成沥青混合料，利用消石灰来提高沥青混合料的抗剥落性，在提高纳米玻璃沥青混合料的耐热保温性能的同时保证其路用性能稳定，使其夏季能够降低路面吸热能力，减少向下传递的热量，冬天保持路面温度减少热能的耗散，从而达到降低沥青路面整体温度的目标，这样既能解决废旧玻璃垃圾处理问题，又能发挥其隔热保温性能缓解城市热岛效应。
7. 105541183 一种反光沥青混合料
CN
04.05.2016
C04B 26/26 Loading...
C04B 26/26
Loading...
201610082001.4
湖南宝利沥青有限公司
韩君
C04B 26/26
Loading...
本发明涉及道路建筑材料技术领域，尤其涉及一种反光沥青混合料。该反光沥青混合料包括如下原料：沥青；抗剥落剂，抗剥落剂的用量为沥青重量的0.2～0.5％；矿料，沥青与矿料的油石比为4～6％；矿料中至少包括矿粉、碎石和多孔反光玻璃微珠。该反光沥青混合料的矿料中选用多孔反光玻璃微珠，使得玻璃微珠对沥青的吸附性得到有效提升，从而缓解该反光沥青混合料的剥落问题，并使该反光沥青混合料具有较高的路面反光性和稳定性，施工时更加安全；此外，由于多孔反光玻璃微珠是对废玻璃的回收加工再利用，能有效减少废旧钢化玻璃对生态环境的影响，具有很大的经济效益和社会效益。
8. 205134142 一种沥青储运罐箱
CN
06.04.2016
E01C 19/08 Loading...
E01C 19/08
Loading...
201520840425.3
江苏宝利国际投资股份有限公司
刘烨
E01C 19/08
Loading...
本实用新型提供了一种沥青储运罐箱，包含集装箱框架，在所述集装箱框架内，设置有与之匹配的内部储存沥青的储罐，所述储罐由二个蝶形封头、筒体和人孔组成，储罐内部包含着两个加热烟管，所述储罐的外部还设有外部加热火道，所述外部加热火道分为两个腔室，分别联通储罐内部两个加热烟管。本实用新型的沥青储运罐箱将沥青直接运输到工地，不需要多次入库和出库，节省了大量的时间；系统集成了保温功能和加热系统，到达目的地后，若沥青可以直接取用则直接取用，若冷却则使用加热系统加热后取用；加热系统使用两个燃烧器（另配）作为热源，使用时就不需要其他加热设备如导热油炉等，方便快捷。
9. 103087667 一种聚氨酯道砟胶及其制备方法
CN
08.05.2013
C09J 175/08 Loading...
C09J 175/08
Loading...
201110345037.4
江苏宝利国际投资股份有限公司
汪红兵
C09J 175/08
Loading...
本发明提供一种聚氨酯道砟胶及其制备方法。该聚氨酯道砟胶由分开放置的复合组分A和复合组分B组成，其中，所述复合组分A为将包括50～80重量份不饱和多官能度聚醚，10～50重量份聚醚二元醇和0.01～0.1重量份催化剂的混合物在80～120℃下反应1～5小时的产物；所述复合组分B为包括70～95重量份异氰酸酯和5～30重量份增塑剂的混合物。本发明聚氨酯道砟胶具有粘度低、反应速度快、施工方便、效率高等特点，能方便地应用于高速铁路有砟轨道上，大幅提高道砟和道床的整体性能，特别是安全性能。

