1. 103956341 一种汽车发电机用旋接式二极管
CN
01.02.2017
H01L 23/13 Loading...
H01L 23/13
Loading...
102014000179510
江苏云意电气股份有限公司
黄永
H01L 23/13
Loading...
本发明涉及一种汽车发电机用旋接式二极管，由底座、芯片、直引线、密封胶组成，其特征是：在二极管底座外表面上半部分设有多边形，在底座的下半部分圆柱形表面设有螺纹结构，二极管通过底座的螺纹结构与整流器散热板连接。其优点是：有效的避免了产生损坏芯片的装配应力和解决了二极管装配脱落的问题，大大提高了整流器和汽车发电机的可靠性和行车的安全性。
2. 104842140 一种带压力传感器的正向压装二极管夹具
CN
18.01.2017
B23P 19/02 Loading...
B23P 19/02
Loading...
201510269272.6
江苏云意电气股份有限公司
张灿
B23P 19/02
Loading...
本发明公开了一种带压力传感器的正向压装二极管夹具，包括压力传感器、上模块一、上模块二、压头、卸料板、弹簧、带肩导柱和极板定位销部件，上固定槽、下固定槽后方放置强磁，压力传感器放置于上模块一的传感器放置孔中、孔径大于传感器外径0.02‑0.04mm；上模块二使用螺栓紧固在上模块一上；其优点是：该夹具最大限度的消除了因二极管与极板对应孔不同心而导致的压力数值不准确的因素。换模采取卡槽式推拉换模，固定槽后方带有强磁，无需螺丝固定，换模时间减少了80%。
3. 205817213 一种汽车发电机调节器的厚膜贴装压力头
CN
21.12.2016
B23P 19/02 Loading...
B23P 19/02
Loading...
201620716516.0
江苏云意电气股份有限公司
白延鹤
B23P 19/02
Loading...
本实用新型公开了一种汽车发电机调节器的厚膜贴装压力头，包括固定板、压力头、吸嘴，其特征在于：在固定板的两侧中间部位分别设有一个固定孔，在固定板的两端的侧边为凸字型的边，在固定板上装有压力头，在压力头上设有安装孔，在固定板上设有与安装孔对应的孔，吸嘴与安装孔配合安装，所述的吸嘴的位置与和吸取厚膜的位置一一对应，吸嘴通过气管连接到真空发生器上。其优点是：该厚膜贴装既能吸取和贴装厚膜，又能够压厚膜，而且减少了设备的占地面积，使用更少了材料和装置，从而降低了设备的成本。
4. 205829474 输出螺栓双头固定结构整流器
CN
21.12.2016
H02M 7/00 Loading...
H02M 7/00
Loading...
202016000752975
江苏云意电气股份有限公司
王满知
H02M 7/00
Loading...
本实用新型公开了一种输出螺栓双头固定结构整流器，包括输出螺栓、正极板、负极板、正二极管、负二极管、桥支架、绝缘衬套、绝缘板、铆钉、导电片、绝缘垫，其特征在于：输出螺栓为双头固定，输出螺栓的一侧为螺纹和直纹，另一侧为光杆；输出螺栓的直纹与正极板采用过盈挤压装配；输出螺栓的光杆与绝缘板采用间隙配合装配，绝缘垫板上设置一个凸起的塑料圆柱，并在塑料圆柱上设置一个与螺栓光杆配合的圆孔Ⅰ；绝缘板上的塑料圆柱与负极板采用间隙配合装配；在负极板上设置圆通孔Ⅱ。其优点是：增加正极板强度和输出螺栓的固定强度，从而提高产品质量的可靠性。
5. 205767978 一种汽车发电机调节器的陶瓷板印刷治具
CN
07.12.2016
B41F 15/08 Loading...
B41F 15/08
Loading...
202016000565668
江苏云意电气股份有限公司
白延鹤
B41F 15/08
Loading...
本实用新型公开了一种汽车发电机调节器的陶瓷板印刷治具，包括印刷支撑、印刷治具、陶瓷基板、网板，印刷支撑包括印刷支撑上部和印刷支撑底部，印刷支撑内部为封闭的腔体，通过支撑底部的开孔抽真空，印刷支撑和印刷治具贴合紧密，其特征在于：在印刷治具上设有两块陶瓷基板安放座，在陶瓷基板安放座的每边设有两个定位孔，陶瓷基板装在印刷治具上的陶瓷基板安放座上，并通过铜柱来定位，通过网板印刷陶瓷基板。其优点是：该陶瓷板印刷治具一次印刷多片陶瓷板，从而提高印刷效率，减少陶瓷板的损伤。
6. 205763514 一种整流器二极管引脚的折弯装置
CN
07.12.2016
B21F 1/00 Loading...
B21F 1/00
Loading...
202016000560850
江苏云意电气股份有限公司
王坤
B21F 1/00
Loading...
本实用新型公开了一种整流器二极管引脚的折弯装置包括底座、防护罩、定位夹具、24V直流电源、减压阀、时间继电器，其特征在于：在底座的后部设有防护罩，在底座的前部设有作业开关、定位夹具，在定位夹具的内部装有汽缸，在定位夹具中间部位的上方设有定位夹具上模。在防护罩的侧壁上装有时间计数器、装置电源开关，在防护罩的后壁上装有电磁阀，在防护罩内部设有24V直流电源、减压阀、时间继电器。其优点是：使整流器二极管引脚折弯角度更加精确、减少人力、消除产品装配困难等问题。
7. 205793726 一种汽车发电机调节器的波峰焊治具
CN
07.12.2016
H05K 3/34 Loading...
H05K 3/34
Loading...
202016000611560
江苏云意电气股份有限公司
白延鹤
H05K 3/34
Loading...
本实用新型公开了一种汽车发电机调节器的波峰焊治具，包括波峰焊治具外框和内置部分、内置部分空腔，其特征在于：在波峰焊治具外框内设有两个内置部分空腔，内置部分空腔为上下两层，在两个内置部分的空腔之间设有隔板，在隔板上设有固定条，在两个内置部分空腔的四周分别设有两个螺钉，内置部分装在波峰焊治具外框里的内置部分空腔上下两层之间，通过螺钉紧固外框上下两层的内置部分空腔，把内置部分固定在外框里的内置部分空腔内。其优点是：由于波峰焊治具外框可以共用，新开治具时只需要开内置部分即可，从而使治具的成品降低了一半以上。存放治具的空间减少了2/3以上，降低了治具的管理难度。
8. 205765797 一种整流器压装二极管夹具
CN
07.12.2016
B25B 11/02 Loading...
B25B 11/02
Loading...
202016000565666
江苏云意电气股份有限公司
王坤
B25B 11/02
Loading...
本实用新型公开一种整流器压装二极管夹具，包括底座和防转机构，底座与下挡板通过紧固螺栓连接；在底座二极管避孔处设有防转机构，在防转机构上设防转切边，在防转机构的下方设有弹簧，在底座二极管避孔处设为成非正圆形状，结构与防转机构匹配，在防转机构的上表面设有二极管引脚定位孔及二极管底座定位槽。其优点是：有效的对需要压装的特殊结构的二极管进行定位，防止二极管压偏、二极管引脚折弯角度偏斜，保证压装质量。
9. 205763531 一种汽车发电机调节器的IC引脚整形压头
CN
07.12.2016
B21F 1/02 Loading...
B21F 1/02
Loading...
202016000672245
江苏云意电气股份有限公司
白延鹤
B21F 1/02
Loading...
本实用新型公开了一种汽车发电机调节器的IC引脚整形压头，包括IC引脚整形压头本体，其特征在于：在IC整形压头本体原有的基础上设有倒角Ⅰ和倒角Ⅱ，所述的倒角Ⅰ和倒角Ⅱ的斜度不同。其优点是：由于倒角Ⅰ和倒角Ⅱ进行倒圆角处理的缘故，有了一定的缓冲，从而减少整形过程中IC引脚的损伤。
10. 205786200 一种汽车发电机调节器的散热胶扩散效果检验治具
CN
07.12.2016
G01N 13/00 Loading...
G01N 13/00
Loading...
202016000611591
江苏云意电气股份有限公司
白延鹤
G01N 13/00
Loading...
本实用新型公开了一种汽车发电机调节器的散热胶扩散效果检验治具，包括透明板、散热胶，其特征在于：在透明板的两端设有固定孔，在透明板背面设有散热胶。所述的透明板为亚克力材料制作。所述的透明板的形状尺寸和散热板相同。其优点是：打胶后直接可以在背面观察到散热胶扩散效果，方便快捷。不管是手工作业和自动化作业，均可模拟正常的作业情况，保证质量过程监控的真实性和有效性。
11. 205706205 一种可靠节能超程控制器
CN
23.11.2016
B60L 11/18 Loading...
B60L 11/18
Loading...
201620157785.8
江苏云意电气股份有限公司
朱婷
B60L 11/18
Loading...
本实用新型公开了一种可靠节能超程控制器，包括主电瓶、副电瓶，尾灯、仪表盘、前灯、电机、开关、应急开关，其特征在于：主电瓶通过开关与电机相连，副电瓶通过开关与尾灯、仪表盘、前灯相连。其优点是：该控制器无论哪个电瓶坏了另一个电瓶都能应急使用，不影响使用者使用。
12. 105938340 一种基于单片机的LIN通信汽车电压调节器
CN
14.09.2016
G05B 19/042 Loading...
G05B 19/042
Loading...
201610374984.9
江苏云意电气股份有限公司
白楠
G05B 19/042
Loading...
本发明公开了一种基于单片机的LIN通信汽车电压调节器，属于发电机调节技术领域，包括单片机主控理模块、电源供电模块、B+端电压采集模块、PWM励磁电流驱动模块、2倍压模块、相信号处理模块、温度采样模块、励磁电流采样模块和LIN通信模块，其特征在于：电源供电模块、B+端电压采集模块、PWM励磁电流驱动模块、2倍压模块、相信号处理模块、温度采样模块、励磁电流采样模块和LIN通信模块与单片机主控理模块相连。本发明的有益效果是：电路设计结构模块化，可移植性强，控制芯片使用单片实现，程序设计灵活性高，在硬件电路不变的情况下，可以通过更改软件程序实现功能的调整。使开发周期缩短，降低开发成本，提高市场竞争力。
13. 105939118 输出螺栓双头固定结构整流器
CN
14.09.2016
H02M 7/00 Loading...
H02M 7/00
Loading...
102016000563288
江苏云意电气股份有限公司
王满知
H02M 7/00
Loading...
本发明公开了一种输出螺栓双头固定结构整流器，包括输出螺栓、正极板、负极板、正二极管、负二极管、桥支架、绝缘衬套、绝缘板、铆钉、导电片、绝缘垫，其特征在于：输出螺栓为双头固定，输出螺栓的一侧为螺纹和直纹，另一侧为光杆；输出螺栓的直纹与正极板采用过盈挤压装配；输出螺栓的光杆与绝缘板采用间隙配合装配,在于绝缘垫板上设置一个凸起的塑料圆柱，并在塑料圆柱上设置一个与螺栓光杆配合的圆孔Ⅰ；在于绝缘板上的塑料圆柱与负极板采用间隙配合装配；在负极板上设置圆通孔Ⅱ。其优点是：增加正极板强度和输出螺栓的固定强度，从而提高产品质量的可靠性。
14. 205582283 一种新能源汽车防超速装置
CN
14.09.2016
G08G 1/0967 Loading...
G08G 1/0967
Loading...
202016000174271
江苏云意电气股份有限公司
唐明明
G08G 1/0967
Loading...
本实用新型公开了一种新能源汽车防超速装置，包括雷达、智能影像识别装置、语音装置、控制器、开关、电池、油门控制器，其特征在于：雷达、智能影像识别装置、语音装置、开关、电池、油门控制器分别与控制器相连。其优点是：该新能源汽车防超速装置能智能检测识别超速，通过自动控制油门控制器，达到汽车在安全速度内行驶。
15. 205584521 一种新能源汽车后挡风玻璃快速除雾、除雪装置
CN
14.09.2016
H05B 3/86 Loading...
H05B 3/86
Loading...
202016000170657
江苏云意电气股份有限公司
唐明明
H05B 3/86
Loading...
本实用新型公开了一种新能源汽车后挡风玻璃快速除雾、除雪装置，包括车载电源、电加热丝、后挡风玻璃，在后挡风玻璃内装有若干条横状的电加热丝，电加热丝与车载电源相连，其特征在于：在横状的电加热丝上设有若干条竖状的电加热丝。所述的上下两层的竖状电加热丝为相互交错排列放置。其优点是：使后挡风玻璃上的雾和冰迅速融化，使玻璃快速干燥。
16. 205523939 一种新能源汽车防越线装置
CN
31.08.2016
B60Q 9/00 Loading...
B60Q 9/00
Loading...
201620174266.2
江苏云意电气股份有限公司
唐明明
B60Q 9/00
Loading...
本实用新型公开了一种新能源汽车防越线装置，包括雷达、智能影像识别装置、语音装置、控制器、开关、电池、方向盘。其特征是：雷达、智能影像识别装置、语音装置、开关、电池、方向盘分别与控制器相连。其优点是：该防越线装置能检测到车体左边或右边的黄线或白色实线，提示有黄线或白色实线不能越线，自动限制方向盘防止越线，从而避免追尾、刮擦等交通事故的发生。
17. 205523915 一种新能源汽车防远光灯装置
CN
31.08.2016
B60Q 1/14 Loading...
B60Q 1/14
Loading...
201620174267.7
江苏云意电气股份有限公司
唐明明
B60Q 1/14
Loading...
本实用新型公开了一种新能源汽车防远光灯装置，包括雷达、智能影像识别装置、语音装置、控制器、开关、电池、远光灯。其特征是：雷达、智能影像识别装置、语音装置、开关、电池、远光灯分别与控制器相连。所述的开关开启防远光灯控制器，控制器通过雷达测距、智能影像识别装置自动摄取识别前方迎面而来车的影像，通过语音装置提示信息，自动开关远光灯。其优点是是：该新能源汽车防远光灯装置能智能识别设定两车的距离，两车距离远就自动开远光灯，两车距离近，就自动关远光灯，这样最大限度的防止老驾驶员还是新驾驶员误操作，从而减少事故的发生。
18. 205524204 一种新能源汽车防止闯红灯装置
CN
31.08.2016
B60T 7/12 Loading...
B60T 7/12
Loading...
201620174270.9
江苏云意电气股份有限公司
唐明明
B60T 7/12
Loading...
本实用新型公开了一种新能源汽车防止闯红灯装置，包括雷达、智能影像识别装置、语音装置、控制器、开关、电池、刹车控制系统，其特征在于：雷达、智能影像识别装置、语音装置、开关、电池、刹车控制系统分别与控制器相连。其优点是：该新能源汽车防止闯红灯装置能检测到红绿灯，并有图象显示，提示有前方有红灯，请减速慢行，自动控制汽车刹车，避免闯红灯发生意外。
19. 205523940 一种新能源汽车智能防误开门装置
CN
31.08.2016
B60Q 9/00 Loading...
B60Q 9/00
Loading...
201620174269.6
江苏云意电气股份有限公司
唐明明
B60Q 9/00
Loading...
本实用新型公开了一种新能源汽车智能防误开门装置，包括雷达、智能影像识别装置、语音装置、控制器、开关、电池、车门、车锁。其特征在于：雷达、智能影像识别装置、语音装置、开关、电池、车门、车锁分别与控制器相连。其优点是：该新能源汽车智能防误开门装置能检测到车门的前后左右车或人的距离，并通过智能影像识别装置自动摄取识别车门的前后左右的车或人的影像，及时提示车主或客人，如果车门的前后左右有车或人经过，车门自动锁上打不开，检测到无车或无人时，及时提示车主，车门自动打开，从而避免不必要碰擦，减少了交通事故的发生。
20. 205524178 一种电动车拖车支撑架
CN
31.08.2016
B60S 13/02 Loading...
B60S 13/02
Loading...
201620157794.7
江苏云意电气股份有限公司
朱婷
B60S 13/02
Loading...
本实用新型公开了一种电动车拖车支撑架，包括拖车体、车轮档杆、拖车轮，其特征在于：在拖车体的底部设有四个拖车轮，在拖车体的前后两端设有车轮档杆，在拖车体中部外侧设有一个支撑杆，在支撑的两侧设有车轮固定爪，车轮挡杆由两个带有一定弯度的连接杆和一个横杆组成；所述的连接杆的弯度20‑30度；两连接杆一端通过转轴与拖车体相连，另一端与横杆相连。其优点是：该支撑架结构简单、使用方便，方便对电动车进行移动，并对车辆轮胎进行保护。
21. 105880419 一种整流器二极管引脚的折弯装置及其操作方法
CN
24.08.2016
B21F 1/00 Loading...
B21F 1/00
Loading...
102016000408378
江苏云意电气股份有限公司
王坤
B21F 1/00
Loading...
本发明公开了一种整流器二极管引脚的折弯装置，包括底座、防护罩、定位夹具、24V直流电源、减压阀、时间继电器，其特征在于：在底座的后部设有防护罩，在底座的前部设有作业开关、定位夹具，在定位夹具的内部装有汽缸，在定位夹具中间部位的上方设有定位夹具上模。在防护罩的侧壁上装有时间计数器、装置电源开关，在防护罩的后壁上装有电磁阀，在防护罩内部设有24V直流电源、减压阀、时间继电器。其优点是：使整流器二极管引脚折弯角度更加精确、减少人力、消除产品装配困难等问题。
22. 205468604 一种节能电动车控制器
CN
17.08.2016
B60L 11/18 Loading...
B60L 11/18
Loading...
201620157792.8
江苏云意电气股份有限公司
朱婷
B60L 11/18
Loading...
本实用新型公开了一种节能电动车控制器，包括蓄电池组、发电机、稳压器、油门控制器、开关，其特征在于：蓄电池组与发电机相连，发电机与控制器相连，控制器与稳压器相连，油门控制器一端通过蓄电池组、发电机与控制器相连，另一端与稳压器相连。油门控制器与电动机相连。其优点是：该控制器一加油门就用电，不加油门就充电，从而增加电池的容量，使里程增加，延长电动车蓄电池组的使用寿命。能随时充电不浪费电，在下岗时电可越用越多。
23. 105774634 一种新能源汽车防远光灯装置
CN
20.07.2016
B60Q 1/14 Loading...
B60Q 1/14
Loading...
201610129258.0
江苏云意电气股份有限公司
唐明明
B60Q 1/14
Loading...
本发明公开了一种新能源汽车防远光灯装置，包括雷达、智能影像识别装置、语音装置、控制器、开关、电池、远光灯。其特征是：雷达、智能影像识别装置、语音装置、开关、电池、远光灯分别与控制器相连。所述的开关开启防远光灯控制器，控制器通过雷达测距、智能影像识别装置自动摄取识别前方迎面而来车的影像，通过语音装置提示信息，自动开关远光灯。其优点是是：该新能源汽车防远光灯装置能智能识别设定两车的距离，两车距离远就自动开远光灯，两车距离近，就自动关远光灯，这样最大限度的防止老驾驶员还是新驾驶员误操作，从而减少事故的发生。
24. 105584414 一种新能源汽车防越线装置
CN
18.05.2016
B60Q 9/00 Loading...
B60Q 9/00
Loading...
201610129257.6
江苏云意电气股份有限公司
唐明明
B60Q 9/00
Loading...
本发明公开了一种新能源汽车防越线装置，包括雷达、智能影像识别装置、语音装置、控制器、开关、电池、方向盘。其特征在于：雷达、智能影像识别装置、语音装置、开关、电池、方向盘分别与控制器相连。其优点是：该防越线装置能检测到车体左边或右边的黄线或白色实线，提示有黄线或白色实线不能越线，自动限制方向盘防止越线，从而避免追尾、刮擦等交通事故的发生。
25. 205123599 一种汽车发电机自锁螺杆结构
CN
30.03.2016
H02M 7/00 Loading...
H02M 7/00
Loading...
201520349339.2
江苏云意电气股份有限公司
张友田
H02M 7/00
Loading...
本实用新型公开了一种汽车发电机自锁螺杆结构，包括极板、输出螺杆和整流二极管；其特征是：所述的整流二极管通过直纹与极板挤压在一起，输出螺杆通过压力设备的压力杆和夹具挤压在极板上，所述的输出螺杆的头部花形结构为凸起型和凹陷型，输出螺杆头部花形结构的凸起型凹陷在极板内，输出螺杆头部花形的凹陷型与极板吻合，极板和输出螺杆头部花形结构为高低交错分布，所述的极板产生的形变填充在螺杆根部的沟槽内。其优点是：该结构具有自锁功能，即能防转动又能防脱出功能，且增大接触面积，降低接触电阻，减小损耗。
26. 205052042 一种用于汽车调节器的散热壳
CN
24.02.2016
H05K 7/20 Loading...
H05K 7/20
Loading...
201520745268.8
江苏云意电气股份有限公司
朱婷
H05K 7/20
Loading...
本实用新型涉及一种用于汽车调节器的散热壳，包括厚膜电路、散热壳，厚膜电路通过导热硅脂与散热壳粘合在一起，其特征是：在散热壳的底部的设有多个百页状的散热片,百页状的散热片两端呈对称分布。其优点是：该结构散热效果好，有效的保证调节器的正常工作。
27. 205052043 一种高效调节器散热壳
CN
24.02.2016
H05K 7/20 Loading...
H05K 7/20
Loading...
201520750245.6
江苏云意电气股份有限公司
朱婷
H05K 7/20
Loading...
本实用新型涉及一种高效调节器散热壳，包括厚膜电路、散热壳，其特征是：在散热壳的底部中间为一条凸起的长方形支撑，在凸起的长方形支撑的两侧设有若干个空心圆台凸起，在空心圆台凸起的圆台壁上设有若干个向下倾斜的散热孔，各空心圆台凸起之间有一定的距离。其优点是：该结构散热效果好，使厚膜电路工作时散发的热量通过散热孔和若干个空心圆台凸起之间的空隙能够完全散发出去，这样能够保证调节器正常工作。
28. 205051987 一种用于控制器的压铜片治具
CN
24.02.2016
H05K 3/30 Loading...
H05K 3/30
Loading...
201520740366.2
江苏云意电气股份有限公司
朱婷
H05K 3/30
Loading...
本实用新型公开了一种用于控制器的压铜片治具，包括治具、多边内弧形定位孔、圆形凸台，其特征在于：在治具的两端和中间偏左部分分别设有上下两个多边内弧形螺栓孔，在治具上设有凸起的圆台，所述的多边内弧形螺栓孔为上大下小结构。其优点是：由于采用多边内弧形螺栓孔，使治具固定牢固，不易松动，而且治具上下运动，减小治具的运动空间，同时又不影响到其他元器件。
29. 205051993 一种快速定位导电铜片的固定结构
CN
24.02.2016
H05K 3/34 Loading...
H05K 3/34
Loading...
201520740248.1
江苏云意电气股份有限公司
朱婷
H05K 3/34
Loading...
本实用新型涉及一种快速定位导电铜片的固定结构，包括线路板、正极导电铜片、负极导电铜片、定位爪，在线路板上装有铜箔，在线路板上设有定位孔，所述的正极导电铜片和负极导电铜片为片状的，在正极导电铜片和负极导电铜片上设有定位杆。其特征是：在定位爪的两侧面设有弹性凸起，在弹性凸起内设有弹簧，在弹性凸起的头部设有橡胶，定位杆通过弹性凸起与线路板上对应的定位孔配合安装。其优点是：该结构能快速的让导电铜片快速定位，用手一推就,能固定在线路板上，或用手使劲一拉，就能把导电铜片拉出，使在作业过程中不存在焊接歪斜的现象。而且固定效果好，不打滑。
30. 104868662 一种碳刷安装方向防错治具
CN
26.08.2015
H02K 15/00 Loading...
H02K 15/00
Loading...
201510287218.4
江苏云意电气股份有限公司
姚猛
H02K 15/00
Loading...
本发明公开了一种碳刷安装方向防错治具，包括调节器、碳刷长度控制块、PCB触发板、报警装置，在调节器上装有碳刷，其特征是：在调节器上装有碳刷长度控制块，PCB触发板安装到碳刷长度控制块上，在调节器的右端设有报警装置，所述的报警装置内置发光二极管、压电式有源蜂鸣器、电池；PCB触发板通过导线连连接发光二极管、压电式有源蜂鸣器，其优点是：碳刷装反时无论压在PCB触发板的任意位置均可触发报警装置。不存在会虚接的情况，使用时触发灵敏、安全、可靠。
31. 204130551 一种带密封盖的整流二极管
CN
28.01.2015
H01L 29/861 Loading...
H01L 29/861
Loading...
201420631873.8
江苏云意电气股份有限公司
张灿
H01L 29/861
Loading...
本实用新型涉及一种带密封盖的整流二极管，包括线杆、墩头、芯片、底座和密封盖，线杆下端设有螺纹，墩头上端面设有螺纹槽，所述线杆与墩头通过螺纹连接，墩头与芯片连接，芯片位于底座上端面，底座上端面还设有环形槽，密封盖为上部封闭下部开口的圆管形，密封盖位于底座上方，密封盖下端插设在环形槽内，密封盖顶部还开设有圆孔，密封盖和环形槽内均填充有密封胶，线杆在靠近密封盖处绕设成环；本实用新型改变了传统的二极管密封形式，密封效果好。
32. 204131438 启停系统抗干扰调节器
CN
28.01.2015
H02P 9/14 Loading...
H02P 9/14
Loading...
201420410937.1
江苏云意电气股份有限公司
金灿
H02P 9/14
Loading...
本实用新型公开了一种启停系统抗干扰调节器，包括调节器IC1的致能端和五个功能端子，所述的五个功能端子分别为P、B+、F、E、L，其特征是：所述的P端子连接至发电机的信号端子，通过分压电阻R10、R4与调节器IC1的致能端的检测引脚11连接。调节器IC1的致能端通过R8与 B+相连；所述的B+端子为发电机的输出端，通过分压电阻R1、R2与调节器IC1的致能端的感应引脚6,8连接；所述的L端子为仪表盘端子，通过R18、D2、R20、Q3，运放Q2与调节器IC1的E端连接。其优点是：搭配启停系统仪表设计的调节器，在L端增加了运放的设计，L端电压大于0.20V，电流0.25mA时，调节器即可进入正常的工作状态。整车在Key-on状态，调节器L端电压约为0.5V，0.5V＜1V，可以可靠地保证调节器进入正常工作状态，有效防止运行过程中汽车熄火的发生。
33. 204130550 一种车用整流二极管
CN
28.01.2015
H01L 29/861 Loading...
H01L 29/861
Loading...
201420624116.8
江苏云意电气股份有限公司
陈尚龙
H01L 29/861
Loading...
本实用新型涉及一种车用整流二极管，包括引线、芯片、底座和密封盖，引线与芯片连接，芯片位于底座上端面，底座上端面还设有环形螺纹槽，螺纹槽底部还设有密封垫，密封盖为上部封闭下部开口的圆管形，密封盖位于底座上方且下端插设在螺纹槽内，密封盖与底座通过螺纹连接，密封盖顶部还开设有圆孔，圆孔处设有圆管形橡胶圈，橡胶圈与密封盖紧密固定连接，使用时引线穿过橡胶圈且与橡胶圈紧密配合；本实用新型能有效缓冲引线的晃动，密封效果好。
34. 204030701 智能型PCM电压调节器
CN
17.12.2014
H02J 7/16 Loading...
H02J 7/16
Loading...
201420418224.X
江苏云意电气股份有限公司
金灿
H02J 7/16
Loading...
本实用新型公开了一种智能型PCM电压调节器，包括专用集成电路、指示灯控制电路、电压采样电路、PCM调节器，所述的专用集成电路的外部接线端子包括六个功能端子，所述的六个功能端子分别为P、B+、F、E、L，C，其特征是：所述的L端子与指示灯控制电路相连接，所述的电压采样电路、三相发电机、三相整流桥、蓄电池组成的PCM调节器一端与B+端子相连接，另一端与E端子相连接；PCM调节器与汽车负载指示端相连接；C端子与计算机信号相连接。其优点是：PCM电压调节器可以根据车载计算机的指令对调节电压进行精确控制，适用于任意标称电压的汽车电源系统。既能可靠地保证电器系统正常工作，又能减轻发动机负荷，提高燃料经济性。同时简化了制作工艺，通过IC写入程序即可，降低成本。
35. 204031020 直流无刷电机控制器的端口结构
CN
17.12.2014
H02P 6/00 Loading...
H02P 6/00
Loading...
201420308468.2
江苏云意电气股份有限公司
蔡成林
H02P 6/00
Loading...
本实用新型涉及一种直流无刷电机控制器的端口结构，包括控制器前挡板、相线和电源线连接端口、程序烧写端口、功能端口，在控制器前挡板上装有相线和电源线连接端口，其特征在于：在控制器前挡板内部装有PCB电路板，在PCB电路板的边上装有程序烧写端口和功能端口，并通过插针引出到控制器前挡板上。当需要读出或者写入程序时，直接通过插线就可以连接控制器和编程器了，或者需要更改控制器的某些功能和插头型号时，直接通过更换功能插线就可以了。该直流无刷电机控制器的端口结构应用在电动车等直流无刷电机控制系统中，使电动车在控制器部分升级换代，为电动车的整体更新奠定坚实的基础。
36. 204027469 一种电动车控制器导热铝条检具
CN
17.12.2014
G01B 5/00 Loading...
G01B 5/00
Loading...
201420292764.8
江苏云意电气股份有限公司
杜淑梅
G01B 5/00
Loading...
本实用新型涉及一种电动车控制器导热铝条检具由底座、扣手位、定位柱组成，其特征在于：在底座的两侧设有扣手位，在底座上装有定位柱。扣手位可以方便的放入和拿出需检测的导热铝条，定位柱可以准确筛选出合格的导热铝条，其优点是：能很好的提高检测效率，保证导热铝条的来料管控的可靠性，从而保证控制器的质量。
37. 204029792 一种车用大功率整流二极管引线结构
CN
17.12.2014
H01L 23/48 Loading...
H01L 23/48
Loading...
201420319112.9
江苏云意电气股份有限公司
李金春
H01L 23/48
Loading...
本实用新型公开了一种车用大功率整流二极管引线结构，包括镦头、凸台、线杆，其特征是：在镦头和线杆之间设有一段凸台。其优点是：解决了引线受力弯曲时密封胶容易破裂问题，增加了引线热容,从而提升二极管的可靠性和抗浪涌能力。
38. 204029735 智能型塑壳式断路器控制器
CN
17.12.2014
H01H 71/00 Loading...
H01H 71/00
Loading...
201420308611.8
江苏云意电气股份有限公司
蔡成林
H01H 71/00
Loading...
本实用新型涉及一种智能型塑壳式断路器控制器，包括电源模块、电流采集模块、自生电源模块、单片机处理单元、驱动控制模块、人机界面和通讯模块、磁通变换器，电流互感器一路与自生电源模块相连，另一路与电流采集模块相连，电流采集模块经滤波、放大，给单片机处理单元AD端口做转换，把采样值跟程序里的设定值相比较，输出分闸信号给驱动控制模块，驱动磁通变换器动作，其特征是：电流互感器一路与自生电源模块相连，变压器作为辅助电源模块与自生电源模块相连。采用自生电源和变压器同时供电，依靠电流互感器来感生电源，不仅可以为断路器提供稳定的工作电源，保障断路器在所有情况下能正常工作，还提高信号的采样精度和系统控制的精确性。
39. 204029498 一种电动车控制器用绝缘粒子
CN
17.12.2014
H01B 17/24 Loading...
H01B 17/24
Loading...
201420335559.5
江苏云意电气股份有限公司
杜淑梅
H01B 17/24
Loading...
本实用新型涉及一种电动车控制器用绝缘粒子，包括绝缘粒子、螺钉，绝缘粒子为套管状,其特征是：绝缘粒子套在螺钉上，放在模具中，让螺钉参与绝缘粒子的注塑成型过程，与螺钉注塑为一体式绝缘粒子。生产线组装时直接将一体式绝缘粒子穿到功率管上的螺钉孔内，锁紧到散热条上，解决了组装浪费工时的问题，同时避免了组装歪斜造成的短路问题。
40. 204025146 一种汽车空调系统用鼓风机叶轮
CN
17.12.2014
F04D 29/28 Loading...
F04D 29/28
Loading...
201420295585.X
江苏云意电气股份有限公司
葛春华
F04D 29/28
Loading...
本实用新型公开了一种汽车空调系统用鼓风机叶轮，包括叶轮上端、叶轮下端、叶片,其特征是：在叶轮上端和叶轮下端、每个叶片之间均设有一个凸柱Ⅰ和凸柱Ⅱ,在凸柱Ⅰ和凸柱Ⅱ上设有编号，且凸柱Ⅰ和凸柱Ⅱ高低不等,通过调整凸柱Ⅰ和凸柱Ⅱ的高低，对叶轮进行平衡。其优点在于不需要外加配重片对叶轮进行平衡，只是依靠调整此塑胶叶轮上的凸柱高低，从而达到控制平衡，避免了外加配重片产生的不良，且通过控制，进行批量生产，生产一致性高，效率高。
41. 203911044 一种电动车控制器功能插头的结构
CN
29.10.2014
H01R 13/213 Loading...
H01R 13/213
Loading...
201420295542.1
江苏云意电气股份有限公司
杜淑梅
H01R 13/213
Loading...
本实用新型涉及一种电动车控制器功能插头的结构，由功能插头、插头镶件组成，其特征在于：在功能插头上与插头镶件需注塑的位置上设有防脱区。在功能插头的注塑过程中，半圆形缺口作为防脱区可以紧紧埋在塑胶中，避免模具打开时插头镶件被拉出，大大减少功能插头因为插头镶件被模具的上模拉出造成的不良，同时也解决了插头镶件移位造成的控制器不良。
42. 203911779 一种汽车电压调节器电容装配结构
CN
29.10.2014
H02M 7/00 Loading...
H02M 7/00
Loading...
201420285626.7
江苏云意电气股份有限公司
张友田
H02M 7/00
Loading...
本实用新型涉及一种汽车电压调节器电容装配结构，包括调节器塑料支架、散热板与厚膜电路、电容、碳刷和弹簧、散热板与厚膜电路、电容槽，其特征是：注塑调节器塑料支架时调整贴散热板与厚膜电路的位置，在调节器塑料支架上注塑有电容槽，在电容槽两侧注塑有电容焊接正极嵌件、电容焊接负极嵌件，在电容槽内装有电容，电容与电容焊接正极嵌件和电容焊接负极嵌件是通过点焊连接。其优点是：该汽车电压调节器电容装配结构省掉了注塑开口式固定柱的工序，在支架上增加一个电容槽。电容放到电容槽内，从而可提高了滤波电容的可靠性，提高了电压调节器的可靠性；同时电容无需做成电容组件，从而减少了工序，提高了生产效率，降低了成本、节约了资源。
43. 203909612 一种汽车发电机调节器用测试仪
CN
29.10.2014
G05B 23/02 Loading...
G05B 23/02
Loading...
201420281947.X
江苏云意电气股份有限公司
杜淑梅
G05B 23/02
Loading...
本实用新型涉及一种汽车发电机调节器用测试仪，包括上盖、安装铝板、下盖，其特征是：在安装铝板的上部装有上盖、开关电源和散热铝板，上盖、开关电源和散热铝板均通过螺钉固定在安装铝板上，在散热铝板上装有PCB板，PCB板通过散热铝板上的导热胶贴在散热铝板上，在安装铝板的下部装有下盖，在下盖的内侧设有电源插孔，硅胶线的一端与电源插孔的地线焊连接，硅胶线的另一端焊接在其中一颗螺钉上，在下盖的外侧依次设有开关旋钮、显示面板、接线孔和指示灯。其优点是的：该汽车发电机调节器用测试仪体积小，操作方便，具有很高的准确性和移动性。由于采用单片机处理技术，实时显示电子调节器的测量参数，无需与示波器配合使用即可判断电子调节器的好坏。
44. 203859690 汽车整流器正负极板铆接固定的结构
CN
01.10.2014
H02M 7/00 Loading...
H02M 7/00
Loading...
201420233325.X
江苏云意电气股份有限公司
安方阳
H02M 7/00
Loading...
本实用新型公开了一种汽车整流器正负极板铆接固定的结构，包括垫板、负极板、铁空心铆钉、桥支架、正极板，其特征是：在桥支架与正极板的连接处设有环氧垫，铁空心铆钉穿过环氧垫通过桥支架，并通过旋铆的方式将正极板与桥支架铆接在一起；在负极板上设有垫板，铆接在一起的正极板与桥支架通过桥支架上凸点与负极板过盈配合。其优点是：将负板与正极板、支架、铆钉分开铆接固定，能有效避免因接触不良而产生的散热不良；以及避免因正板锁紧松动造成的输出螺杆松动进而导致的发电机输出不稳定。
45. 203840645 一种双排功率管弹簧片压接式电动车控制器
CN
17.09.2014
H05K 5/00 Loading...
H05K 5/00
Loading...
201420142502.3
江苏云意电气股份有限公司
杜淑梅
H05K 5/00
Loading...
本实用新型公开了一种双排功率管弹簧片压接式电动车控制器，包括中间为中空壳体，两端为前挡板和后挡板，前挡板和后挡板与壳体中间设有前密封垫和后密封垫，内部包容有焊接在电路板上的十八个功率管和功能线，电源线和压接功率管的弹簧片。其特征在于：所述的中空壳体底部为拱形，外表面分布有条状散热齿，每个散热齿上面加了两排凸点；在前后挡板各设有十二个小孔，弹簧片带有二十二只脚，焊接在电路板上的十八个功率管分两排均匀分布在电路板的两边；十八个功率管是采用压接螺钉穿过壳体底部，压接弹簧片使之变形产生弹力，弹力通过弹簧片上的脚施加在功率管本体上，以保证功率管与壳体内表面紧密贴合，热传导路径最短，保证了热量传导的及时性和有效性。
46. 203831337 一种整流器二极管压装夹具
CN
17.09.2014
B25B 27/02 Loading...
B25B 27/02
Loading...
201420214030.8
江苏云意电气股份有限公司
王朋
B25B 27/02
Loading...
本实用新型公开了一种整流器二极管压装夹具，属于整流器技术领域，包括上模板、压头、上限位柱、发电机后端盖、下模板和下限位柱，其特征是：在上模板和下模板上开设有孔，压头和上限位柱固定在上模板的孔内，下限位柱安装在下模板的孔内，上模板和下模板安装在模架上，发电机后端盖装在下模板上，并通过下模板上开设的孔来定位住发电机后端盖的位置。其有益效果是：能保证二极管的压入深度，保证产品一致性；使1280系列的产品可共用一套模具，无需因压入深度不同而开发多种模具，大节省了企业开发成本，提高产品可靠性，降低了企业成本。
47. 203839361 一种汽车发电机用旋接式二极管
CN
17.09.2014
H01L 23/13 Loading...
H01L 23/13
Loading...
201420217767.5
江苏云意电气股份有限公司
黄永
H01L 23/13
Loading...
本实用新型涉及一种汽车发电机用旋接式二极管，由底座、芯片、直引线、密封胶组成，其特征是：在二极管底座外表面上半部分设有多边形，在底座的下半部分圆柱形表面设有螺纹结构，二极管通过底座的螺纹结构与整流器散热板连接。其优点是：有效的避免了产生损坏芯片的装配应力和解决了二极管装配脱落的问题，大大提高了整流器和汽车发电机的可靠性和行车的安全性。
48. 203840216 新电装整流器的焊接结构
CN
17.09.2014
H02M 7/00 Loading...
H02M 7/00
Loading...
201420215941.2
江苏云意电气股份有限公司
王满知
H02M 7/00
Loading...
本实用新型公开了一种新电装整流器的焊接结构，属于汽车配件。包括负二极管、负散热板、桥支架、正散热板、输出螺杆、垫片、螺母、正二极管、绝缘垫、空心铆钉，正散热板上装配正二极管和输出螺杆，输出螺杆上装配垫片和螺母，负散热板上装配负二极管，桥支架放置在正散热板和负散热板之间，桥支架和正散热板通过铆钉固定，其中铆钉与正散热板之间设置有绝缘套，桥支架嵌件与塑料通过注塑固定形成桥支架，其特征是：在桥支架嵌件上设置一条凸筋，凸筋与二极管引线相切接触。采用点焊工艺的新电装整流器能有效避免焊接时产生的高温而导致二极管损坏，提高了影响产品质量。并且整流器采用点焊工艺生产，可有效提高的生产效率，节约产品的生产成本。
49. 203840215 汽车整流器极板嵌入螺母的结构
CN
17.09.2014
H02M 7/00 Loading...
H02M 7/00
Loading...
201420215940.8
江苏云意电气股份有限公司
林威
H02M 7/00
Loading...
本实用新型公开了一种汽车整流器极板嵌入螺母的结构，由铝正极板和钢制异形螺母组成，其特征是：在钢制异形螺母上设有滚花直纹，在铝正极板上设置一个通孔，钢制异形螺母带滚花直纹的一端压入铝正极板的通孔，钢制异形螺母上的滚花直纹与铝正极板过盈装配，使钢制异形螺母嵌入铝正极板并形成可靠连接。从而提高了整流器电流输出的可靠性。
50. 103950012 一种整流器二极管压装夹具及利用更换限位柱的压装方法
CN
30.07.2014
B25B 27/02 Loading...
B25B 27/02
Loading...
201410176384.2
江苏云意电气股份有限公司
王朋
B25B 27/02
Loading...
本发明公开了一种整流器二极管压装夹具及利用更换限位柱的压装方法，属于整流器技术领域，包括上模板、压头、上限位柱、发电机后端盖、下模板和下限位柱，其特征是：在上模板和下模板上开设有孔，压头和上限位柱固定在上模板的孔内，下限位柱安装在下模板的孔内，上模板和下模板安装在模架上，发电机后端盖装在下模板上，并通过下模板上开设的孔来定位住发电机后端盖的位置。其有益效果是：能保证二极管的压入深度，保证产品一致性；使1280系列的产品可共用一套模具，无需因压入深度不同而开发多种模具，大节省了企业开发成本，提高产品可靠性，降低了企业成本。
51. 203449190 一种组装定位装置
CN
26.02.2014
B25B 11/00 Loading...
B25B 11/00
Loading...
201320462643.9
江苏云意电气股份有限公司
张剑
B25B 11/00
Loading...
本实用新型涉及一种组装定位装置，包括夹具底座及定位销，其特征是：在夹具底座上设有方形的定位销安装孔，在定位销安装孔内装有方形定位销，定位销与定位销安装孔过盈配合。其优点是：该定位装置能提高定位的精度，从而提高了产品的质量及可靠性。
52. 203455026 一种远程温湿度测量与显示装置
CN
26.02.2014
G01D 21/02 Loading...
G01D 21/02
Loading...
201320497479.5
江苏云意电气股份有限公司
白楠
G01D 21/02
Loading...
本实用新型涉及一种远程温湿度测量与显示装置，包括计算机、通信板卡和采集卡三部分，采集卡采集数据后通过CAN总线传输到通信板卡，由通信板卡将数据传输到计算机中。采集卡包含温湿度检测模块、显示模块、CAN通信模块和单片机模块。温湿度检测模块、显示模块和CAN通信模块与单片机模块相连接。通信板卡包括单片机模块、CAN通信模块和串口通信模块。CAN通信模块和串口通信模块与单片机模块相连接。计算机将从通信板卡中获得的数据进行处理和存储。采集卡和通信板卡之间采用CAN总线通信；通信板卡和计算机之间采用串口通信。本实用新型采用一种传感器实现温湿度数据的同时测量，减少了传感器数量，能够测量多个点的温湿度数据；可以测量远距离的温湿度数据。
53. 203448961 更换模芯型压装专用模架
CN
26.02.2014
B23P 19/02 Loading...
B23P 19/02
Loading...
201320468372.8
江苏云意电气股份有限公司
王联成
B23P 19/02
Loading...
本实用新型公开了一种更换模芯型压装专用模架，包括上模架、压板、推料板、固定板、垫板、下模板架、导柱、导向柱，其特征是：模架整体结构采用后侧导柱式，上模架的下部设有压板，在压板上设有与上模架连接的丝孔和与下模架导向柱连接孔。推料板和固定板通过定位销和两根导向柱与压板孔对正后，并用螺丝紧固把推料板、固定板固连接在一起，在下模架上设有垫板，推料板、固定板与冲头采用矩形弹簧下压方式，弹簧高度调节螺丝从推料板上面紧固，下模架通过螺丝与固定板固定连接。其优点是：该模架安装拆卸方便，能保证各重要尺寸部件准确定位，便于缩短生产线换模时间，从而提高了生产效率，节约了制造成本。
54. 203450057 一种调节器支架
CN
26.02.2014
B60R 16/02 Loading...
B60R 16/02
Loading...
201320479396.3
江苏云意电气股份有限公司
王满知
B60R 16/02
Loading...
本实用新型公开了一种调节器支架，包括支架本体、镶件Ⅰ和镶件Ⅱ,其特征是：所述的镶件Ⅰ为一整体镶件，所述的镶件Ⅱ为一整体镶件。其优点是：采用了整体镶件、B+端子输出端镶件外置硬连接固定，极大提高了B+端连接处的稳定性和调节器支架成品率和生产效率，提高了客户端装配的可靠性、成品率和生产效率。同时因镶件整体后供应商端采用连续模自动化生产、且成型时镶件两个工序即可完成，质量和可靠性易保证，成本低，且保障员工的身心健康。由于有了B+端子外置辅助连接，从而使客户端安装全部形成刚性连接，提高了发电机的可靠性。
55. 203409590 一种机加工刀具专用摆放座
CN
29.01.2014
B23Q 13/00 Loading...
B23Q 13/00
Loading...
201320471369.1
江苏云意电气股份有限公司
陈尚龙
B23Q 13/00
Loading...
一种机加工刀具专用摆放座，包括把柄、刀具摆放座，其特征是：在刀具摆放座上设有刀具孔和刀具槽，在刀具槽里设有刀具座，在刀具摆放座的两侧设有把柄。该刀具专用摆放座刀具摆放整齐，有利于刀具拿取，避免的刀具支架的碰撞、摩擦，有利于刀具保护。
56. 203390505 内藏式自动控制气动滑台
CN
15.01.2014
B23P 19/027 Loading...
B23P 19/027
Loading...
201320462399.6
江苏云意电气股份有限公司
王联成
B23P 19/027
Loading...
本实用新型公开了一种内藏式自动控制气动滑台，包括基台、气缸固定座、气缸、导杆、滑板、直线轴承、直线导杆固定座、推拉板。其特征是：在基台台面上的两侧装有导杆，在基台台面的中部设有装有气缸，气缸由气缸固定座固定，在气缸固定座的一端气缸的尾部连接推拉板，在气缸固定座的另一端气缸的尾部连接电磁接近开关，在气缸和导杆的上方装有滑板，在滑板上设有通用定位安装孔，在滑板的中部设有永磁铁。在基台的右侧设有气缸气管入口，在基台上设有设备安装孔，在基台的中部设有设备压力中心点。其优点是：推拉受力点布局合理、运动更顺畅、摩擦力更小，滑动自如，导向稳定，摩擦力小，耐冲压，整体结构牢固占用空间小。使用寿命长，安全系数高，装配便捷，效率高。
57. 203398905 一种汽车发电机塑料保护罩螺杆连接结构
CN
15.01.2014
H02K 5/04 Loading...
H02K 5/04
Loading...
201320456974.1
江苏云意电气股份有限公司
张友田
H02K 5/04
Loading...
本实用新型涉及一种汽车发电机塑料保护罩螺杆连接结构，包括连接嵌件、支撑嵌件、汇流嵌件，其特征在于：在支撑嵌件的中部设有一道沟槽，在沟槽内镶嵌有铁套；连接嵌件设有多一道折弯；B+螺杆穿过连接嵌件和中部带沟槽铁套的支撑嵌件，连接嵌件的一面贴在铁套端面上，另一面露在塑料支架的表面。其优点是：在B+螺杆穿过处嵌入一带槽铁套，形成刚性支撑，提高了产品的可靠性和客户端整流器的可靠性，降低了发电机因塑料支架高温收缩和振动而失效的风险。
58. 203390521 一种盲孔板材压装二极管夹具
CN
15.01.2014
B23P 19/12 Loading...
B23P 19/12
Loading...
201320454018.X
江苏云意电气股份有限公司
张灿
B23P 19/12
Loading...
本实用新型公开了一种盲孔板材压装二极管夹具，属于二极管压装技术领域，包括上模板、冲头、下模板、退料板、固定板、定位销和弹簧，冲头安装在退料板和固定板的中间孔内，二极管放置在退料板内，盲孔板材按照定位放置在退料板上，下模板通过定位销和固定螺栓与固定板固定连接，弹簧通过固定螺栓安装在固定板的两侧孔内，上端顶住退料板。其优点是：与现有技术相比，该夹具能够有效避免出现不同心压装现象的发生，解决压坏二极管与板材的问题，继而提高生产效率，减少生产上的损耗，同时使用多种冲头长度，可以随意调整压装深度，保证压装后二极管的各项性能。
59. 203390868 一种整流器二极管定位压装夹具
CN
15.01.2014
B25B 27/02 Loading...
B25B 27/02
Loading...
201320454747.5
江苏云意电气股份有限公司
王朋
B25B 27/02
Loading...
本实用新型公开了一种整流器二极管定位压装夹具，属于整流器技术领域，包括压板、轻质弹簧、底板、定位板、定位销和定位芯子，在定位板和底板设有与定位芯配合的二极管压装孔孔，定位销固定在定位板的定位销孔内，定位芯子限制在定位板和底板的孔内，可上下滑动，轻质弹簧设置在定位芯子和底板之间，顶住定位芯子，定位板通过固定螺栓固定在底板上，然后与压板一起安装在模架上；其优点是：能保证二极管引线的“C”型折弯朝向所需要的方向，无需用操作人员对位，避免了因操作人员疏忽，而造成的不良，而且不需要操作人员仔细对位，大大减少了操作的时间，有效地提高了操作人员的工作效率，降低了企业成本。
60. 203368386 一种占空比控制的多功能电压调节器
CN
25.12.2013
H02P 9/00 Loading...
H02P 9/00
Loading...
201320473309.3
江苏云意电气股份有限公司
郝楚
H02P 9/00
Loading...
本实用新型公开了一种占空比控制的多功能电压调节器，包括Tiny45单片机、专用集成电路(ASIC)、ES5205稳压芯片。其特征是：电源集成线路模块与专用集成电路相连接,专用集成电路一端与信号接收端子相连，另一端与ES5205稳压芯片相连接,ES5205稳压芯片转5V稳压芯片后与Tiny45单片机相连接，tiny45单片机与集成线路模块相连接，集成线路模块与信号反馈端子相连接。其优点是：由于采用专用集成电路（ASIC）搭配外围线路，结合汽车级单片机制作，从生产的过程中工艺更加简单，工作人员效率大大提高，功能更加强大，在小排量汽车轻载的情况下减轻发动机负荷，减轻汽车油耗。具有结构简单、反应灵敏、可靠性高等优点。
61. 203368346 汽车发电机用预镀圆铜线结构整流器
CN
25.12.2013
H02M 7/00 Loading...
H02M 7/00
Loading...
201320468335.7
江苏云意电气股份有限公司
王满知
H02M 7/00
Loading...
本实用新型涉及一种汽车发电机用预镀圆铜线结构整流器，属于汽车配件，其特征是：桥支架采用预镀圆铜线作为嵌件。其优点是：圆铜线的利用率为100%，完全避免了原材料的浪费；圆铜线可根据实际需要进行折弯，节省了产品的布局空间，减少了产品体积，减轻了包覆固定嵌件的塑料重量，有效节省塑料材料成本；由于产品体积减小，也就加大了加大发电机通风风道，提高产品质量。
62. 203369026 一种汽车调节器散热板结构
CN
25.12.2013
H05K 7/20 Loading...
H05K 7/20
Loading...
201320383663.7
江苏云意电气股份有限公司
郭慧
H05K 7/20
Loading...
本实用新型公开了一种汽车调节器散热板结构，包括散热板、散热条，其特征是：在散热板两端边缘各设有一道长方形散热条，在散热条上间隔的设有的散热孔，每个散热孔的间距相等。其优点是：使用安全，结构简单，使调节器芯片与散热板的贴合面积大，贴合牢固，不会碎裂，从而不影响调节器的正常使用。
63. 203368344 一种汽车整流器装配固定结构
CN
25.12.2013
H02M 7/00 Loading...
H02M 7/00
Loading...
201320454679.2
江苏云意电气股份有限公司
张友田
H02M 7/00
Loading...
本实用新型公开了一种汽车整流器装配固定结构，包括负极板、正极板、塑料支架、B+螺杆、锁紧螺母、长铆钉、绝缘垫和正单管、负单管，其特征在于：在绝缘垫的位置上设有塑料支撑，在塑料支架上留有一个铆钉孔，做成新的塑料支架；在正极板和负极板上分别压装正单管、负单管；在负极板的组件上都压装同种长铆钉，在正极板的组件上压装B+螺杆；在负极板的组件上装配垫布；在负极板的组件直接装配正极板的组件和塑料支架；在塑料支架上装有长铆钉；在长铆钉上装有锁紧螺母，并焊接正单管和负单管。其优点是：装配时使用同种铆钉，一次装配铆接，减少了物料种类和工序，提高了生产效率，降低了成本。
64. 203368998 一种双排功率管电动车控制器
CN
25.12.2013
H05K 5/06 Loading...
H05K 5/06
Loading...
201320462398.1
江苏云意电气股份有限公司
黄永
H05K 5/06
Loading...
本实用新型公开了一种双排功率管电动车控制器，由塑料罩盖、密封条、螺钉、压板、橡胶条、焊接在电路板上的十八个功率管、焊接在电路板上的两组功能插头和铸铝散热壳组成。其特征是：控制器为上下结构的双排功率管电动车控制器，上面为塑料罩盖，下面为铸铝散热壳，塑料罩盖与铸铝散热壳中间设有密封条，内部包容有焊接在电路板上的十八个功率管和两组功能插头。其优点是：焊接在电路板上的十八个功率管是采用螺钉通过压板和橡胶条压紧功率管直接与铸铝散热壳平面紧密贴合散热，热传导路径最短，保证了热量传导的及时性和有效性；塑料罩盖压紧密封条后与铸铝散热壳采用卡扣连接，有效保证了控制器的密封性能。
65. 203365606 一种汽车整流器加压测试工装结构
CN
25.12.2013
G01R 31/02 Loading...
G01R 31/02
Loading...
201320457872.1
江苏云意电气股份有限公司
蒋忠祥
G01R 31/02
Loading...
本实用新型涉及一种汽车整流器加压测试工装结构，包括上模块、下模块、固定板、压柱、滑块、导柱，其特征是：在上模架上设有直线轴承，上模架和下模块通过导柱连接，压柱与上模架过盈配合；在压柱上设有滑块，滑块与压柱滑动配合，在压柱内部装有弹簧；在固定板与下模架之间设有加厚型绝缘板，在绝缘板上装有声、光报警提示装置，声、光报警提示装置的线路为内部连接，外接电源。其优点是：缩短调机时间，降低对人身安全的风险，提高产品外观质量与可靠性，工装外观美观，生产现场整洁。
66. 103475290 一种双电机并联负载均衡分配通用型电压调节器
CN
25.12.2013
H02P 9/02 Loading...
H02P 9/02
Loading...
201310354834.8
江苏云意电气股份有限公司
白楠
H02P 9/02
Loading...
本发明包括负载均衡分配控制模块，使用单片机实现两个并联发电机的负载均衡分配，单片机分别采集两个并联调节器的FR点电压和调节电压点即Sense点电压，根据实测FR点电压和负载输出检查表，得到两个电机负载输出，判断两个电机输出负载差值，以最优计算方法调整Sense点电压，改变电机的输出，实现负载的均衡分配。FR点电压值能反映电机负载输出大小，Sense点电压值能改变电机输出负载大小。其优点是：能够降低电机并联时对调节器特性的高要求，增加调节器的通用性和实用性，适合14V和28V多功能调节器，同样能扩展应用到单功能调节器上，不受环境温度的影响；降低电机并联时对外围线束的要求，增加了电机在整车安装时的灵活性；延长电机的使用寿命，极大的降低因更换电机造成的成本增加。
67. 203353027 一种汽车调节器散热板与支架的固定结构
CN
18.12.2013
H05K 7/20 Loading...
H05K 7/20
Loading...
201320395036.5
江苏云意电气股份有限公司
张友田
H05K 7/20
Loading...
本实用新型公开了一种汽车调节器散热板与支架的固定结构，包括散热板、固定座、固定孔、檐边，其特征是：在散热板上的两端设有固定座，在固定座上设有固定孔，在散热板的两边设有两个凸出的檐边，檐边与散热板配合安装，散热板的固定座上的固定孔与调节器支架上的两个热熔塑料圆柱配合来固定散热板。其优点是：增加产品的可靠性，保证汽车调节器正常工作，从而提高了产品的寿命。
68. 203351923 一种碳刷引线锡焊焊点固定结构
CN
18.12.2013
H01R 39/36 Loading...
H01R 39/36
Loading...
201320405007.2
江苏云意电气股份有限公司
黄永
H01R 39/36
Loading...
本实用新型公开了一种碳刷引线锡焊焊点固定结构，包括碳刷引线、锡焊、碳刷引线孔，其特征是：在碳刷引线孔的外侧设有带翻边焊件固定板。其优点是：锡焊时，锡不容易向碳刷孔内流淌，提高产品的可靠性，保证调节器的正常使用。
69. 103442522 Welding assembly process of regulator of automotive generator
CN
11.12.2013
H05K 3/34 Loading...
H05K 3/34
Loading...
201310334895.8
江苏云意电气股份有限公司
白延鹤
H05K 3/34
Loading...
The invention discloses a welding assembly process of a regulator of an automotive generator. According to the welding assembly process of the regulator of the automotive generator, the purposes of welding an IC, welding a PCB and a support, welding an externally-connected electronic material and solidifying cooling gel and combination gel are achieved through a one-time reflow oven. The welding assembly process of the regulator of the automotive generator has the advantages of simplifying working procedures, reducing investment of personnel and equipment, improving welding quality and being free of solder balls.
70. 103429037 Electromobile controller with two rows of power tubes
CN
04.12.2013
H05K 5/06 Loading...
H05K 5/06
Loading...
201310327882.8
江苏云意电气股份有限公司
黄永
H05K 5/06
Loading...
The invention discloses an electromobile controller with two rows of power tubes. The electromobile controller is composed of a plastic cover cap, a sealing strip, screws, pressing plates, rubber strips, eighteen power tubes welded on a circuit board, two sets of functional plugs welded on the circuit board, and an aluminum-cast heat-dissipating shell. The electromobile controller is characterized in that the controller is of an upper-lower structure, the plastic cover cap is arranged on the upper side, the aluminum-cast heat-dissipating shell is arranged on the lower side, the sealing strip is arranged between the plastic cover cap and the aluminum-cast heat-dissipating shell, and the power tubes and the functional plugs both welded on the circuit board are contained inside the controller. The electromobile controller has the advantages that the power tubes welded on the circuit board are compressed by the pressing plates and the rubber strips to be directly and closely fit with the plane of the aluminum-cast heat-dissipating shell for heat dissipation, and a heat conduction path is shortest, so that timeliness and effectiveness of heat conduction are guaranteed; after compressing the sealing strip, the plastic cover cap is in buckling connection with the aluminum-cast heat-dissipating shell, so that sealing performance of the controller is effectively guaranteed.
71. 103419018 Blind hole plate press fitting diode clamp and press fitting method
CN
04.12.2013
B23P 19/12 Loading...
B23P 19/12
Loading...
201310321315.1
江苏云意电气股份有限公司
张灿
B23P 19/12
Loading...
The invention discloses a blind hole plate press fitting diode clamp and press fitting method and belongs to the technical field of diode press fitting. The blind hole plate press fitting diode clamp comprises an upper template, a punch, a lower template, a stripper plate, a fixed plate, locating pins and springs. The punch is arranged in a middle hole of the stripper plate and a middle hole of the fixed plate, a diode is arranged in the stripper plate, a blind hole plate is placed on the stripper plate according to locating, the lower template is fixedly connected with the fixed plate through the locating pins and fixing bolts, the springs are arranged in two side holes of the fixed plate through fixing bolts, and the upper ends of the springs abut against the stripper plate. Compared with the prior art, the blind hole plate press fitting diode clamp has the advantages that the phenomenon of eccentric press fitting can be effectively avoided, the problem that the diode and the plate are pressed to damage can be solved, therefore, production efficiency is improved, and loss in production can be reduced; meanwhile, punches with various lengths can be used, the press fitting depth can be adjusted freely, and various properties of the diode after press fitting can be guaranteed.
72. 103412235 Automobile rectifier pressurization test tool structure
CN
27.11.2013
G01R 31/02 Loading...
G01R 31/02
Loading...
201310324123.6
江苏云意电气股份有限公司
蒋忠祥
G01R 31/02
Loading...
The invention relates to an automobile rectifier pressurization test tool structure. The automobile rectifier pressurization test tool structure comprises an upper module, a lower module, a fixed plate, a compression pillar, a sliding block and a guide pillar. The automobile rectifier pressurization test tool structure is characterized in that a linear bearing is arranged on an upper formwork, the upper formwork is connected with the lower module through the guide pillar, and the compression pillar is in interference fit with the upper formwork; the sliding block is arranged on the compression pillar and is in sliding fit with the compression pillar, and a spring is installed inside the compression pillar; a thickened insulating plate is arranged between the fixed plate and a lower formwork, wherein an acoustic alarm prompting device and an optical alarm prompting device are installed on the insulating plate, lines of the acoustic alarm prompting device and lines of the optical alarm prompting device are in internal connection, and the acoustic alarm prompting device and the optical alarm prompting device are connected with an external power supply. The automobile rectifier pressurization test tool structure has the advantages of shortening setup time, reducing threats to personal safety, and improving the appearance quality and reliability of a product; a tool is attractive in appearance, and a production field is clean and tidy.
73. 103414355 一种汽车整流器装配固定结构及装配固定方法
CN
27.11.2013
H02M 7/00 Loading...
H02M 7/00
Loading...
201310321605.6
江苏云意电气股份有限公司
张友田
H02M 7/00
Loading...
本发明公开了一种汽车整流器装配固定结构，包括负极板、正极板、塑料支架、B+螺杆、锁紧螺母、长铆钉和正单管、负单管，其特征在于：在传统的汽车整流器装配固定绝缘垫的位置上设有塑料支撑，以替换绝缘垫，在塑料支撑上留有一个铆钉孔，做成新的塑料支架。其优点是：装配时使用同种铆钉，一次装配铆接，减少了物料种类和工序，提高了生产效率，降低了成本。
74. 103406873 一种整流器二极管定位压装夹具及压装方法
CN
27.11.2013
B25B 27/02 Loading...
B25B 27/02
Loading...
201310321652.0
江苏云意电气股份有限公司
王朋
B25B 27/02
Loading...
本发明公开了一种整流器二极管定位压装夹具及压装方法，属于整流器技术领域，包括压板、轻质弹簧、底板、定位板、定位销和定位芯子，定位板和底板设有孔，定位销固定在定位板的定位销孔内，定位芯子限制在定位板和底板的孔内，可上下滑动，轻质弹簧设置在定位芯子和底板之间，顶住定位芯子，定位板通过固定螺栓固定在底板上，然后与压板一起安装在模架上；本发明还公开了利用上述的夹具进行二极管定位压装的方法。其优点是:能保证二极管引线的“C”形折弯朝向所需要的方向，无需用操作人员对位，避免了因操作人员疏忽，而造成的不良，而且不需要操作人员仔细对位，大大减少了操作的时间，有效地提高了操作人员的工作效率，降低了企业成本。
75. 202903971 汽车交流发电机性能测试系统
CN
24.04.2013
G01R 31/34 Loading...
G01R 31/34
Loading...
201220414510.X
江苏云意电气股份有限公司
阚力滔
G01R 31/34
Loading...
本实用新型涉及一种汽车交流发电机性能测试系统，包括传感器、数据采集器、工控机、变频器、变频电机、电子负载、高低温箱、蓄电池和上位机软件。该测试系统的变频电机和发电机置于高低温箱内保持温度不变，通过上位机软件调节变频器改变变频电机转速，变频电机带动发电机发电，传感器采集发电机上电流电压信号以及温度信号，经过数据采集器将所采集数据输入工控机，工控机对数据处理分析判断发电机运行状态并调节变频器和电子负载以使发电机运行于设定条件之下，发电机达到设定条件时工控机分析其性能并实时显示于屏幕上。该测试系统适用于多种汽车交流发电机，具有使用范围广、发电机安装可靠方便、检测精度较高、便于操作等优点。
76. 202772798 自激式高频变压开关稳压电源
CN
06.03.2013
H02M 3/338 Loading...
H02M 3/338
Loading...
201220415820.3
江苏云意电气股份有限公司
阚力滔
H02M 3/338
Loading...
本实用新型公开了一种自激式高频变压开关稳压电源，包括齐纳稳压管Z1、开关管Q24和偏置电路，以及由初级绕组N1、反馈绕组N3和次级绕组N2构成的高频变压器，偏置电路中的偏置电阻R37一端与开关管基极连接，另一端与初级绕组的一端连接，初级绕组的另一端与开关管集电极连接，反馈绕组的一端与开关管发射极连接，另一端通过电容C36和电阻R38与开关管基极连接，次级绕组的一端与电路的接地端连接，另一端与开关管发射极连接，初级绕组与次级绕组和反馈绕组的绕线方向相反。该开关稳压电源的效率相对于“基于电阻的开关电源”和“基于电感的开关电源”的30%和50%，显著提高到80%，而且体积小、重量轻，对输入电压及频率的变化适应性强，输出电压保持时间长。
77. 202762944 旋铆机铆头自动粘油装置
CN
06.03.2013
B21J 15/12 Loading...
B21J 15/12
Loading...
201220388000.X
江苏云意电气股份有限公司
陈秦岭
B21J 15/12
Loading...
本实用新型公开了一种旋铆机铆头自动粘油装置，包括粘油平板、U型槽、海绵、轴套、支点固定螺杆、气缸和连接活动接头，在粘油平板的中间开设一个U型槽，上面放有海棉，在粘油板的另一头打有一孔，孔中装一轴套，轴套套在支点固定螺杆上，以螺杆为支点粘油平板可以水平旋转，在支点这头装一个气缸，气缸由控制器控制。由于与现有技术相比，在旋铆机上增设了本实用新型的旋铆机铆头自动粘油装置，且本实用新型中采用了控制器控制气缸操控粘油平板旋转，因此可实现自动粘油，免去人工粘油，避免危险性。
78. 202762793 整流器烧结类焊片自动折弯装置
CN
06.03.2013
B21D 11/00 Loading...
B21D 11/00
Loading...
201220394412.4
江苏云意电气股份有限公司
王联成
B21D 11/00
Loading...
本实用新型公开了一种整流器烧结类焊片自动折弯装置，属于机械电气自动化领域领域，包括折焊片基板（1）、基板固定座（2）、旋转轴承（3）、旋转连杆（4）、底座（6），底座上横向设置有旋转气缸（7），旋转气缸通过旋转连杆、旋转轴承和折焊片基板连接，折焊片基板安装在折焊片基板固定座上，底座上还设置有限位板（5），限位板同时位于折焊片基板固定座之间，本实用新型实现了折弯自动化，大大降低了工人的劳动强度，节省大量时间，同时标准化、统一自动化的生产，便于产品通用及方便更换，更重要的是，其最大折弯角度和折弯时间控制能有效克服焊片屈服状态，保证焊片折弯到位，使得产品性能更可靠，提高机器运转安全性。
79. 202764718 数据融合的自诊断汽车调节器
CN
06.03.2013
B60L 3/00 Loading...
B60L 3/00
Loading...
201220414991.4
江苏云意电气股份有限公司
阚力滔
B60L 3/00
Loading...
本实用新型公开了一种数据融合的自诊断汽车调节器，属于汽车技术领域，包括发电机、蓄电池、数据采集模块、充电电流调节模块、电磁线圈电流调节模块、处理器、电压侦测电路、电流传感器和温度传感器，发电机连接电压侦测电路，处理器分别与数据采集模块、蓄电池、充电电流调节模块和电磁线圈电流调节模块相连接，电流传感器安装在发电机上，蓄电池上装有温度传感器，充电电流调节模块分别与发电机和蓄电池相连接，电磁线圈电流调节模块与处理器和发电机相连接构成充电线路；有效的保护了蓄电池的使用寿命，具有结构简单、设计合理、成本低、实用性强、安装和维护方便。
80. 202768214 汽车起动保护器
CN
06.03.2013
F02N 11/08 Loading...
F02N 11/08
Loading...
201220415657.0
江苏云意电气股份有限公司
阚力滔
F02N 11/08
Loading...
本实用新型公开了一种汽车起动保护器，其工作电路由单片机和电压检测模块构成，电压检测模块由电阻R1、R2、R3，稳压二极管D1，极性电容C1和电容C2组成，电压检测模块的输出端与单片机的输入端GP0口连接，单片机的输出端GP4口与继电器控制端连接，电压检测模块将检测到的电瓶电压处理后输入到单片机的GP0口，经过单片机分析、比较，将处理结果通过单片机的GP4口输出到继电器控制端以控制继电器。本实用新型可实现对电瓶电压的实时监测，减少汽车起动过程中因误操作带来的元器件损坏。
81. 202772089 智能型剩余电流断路器控制器装置
CN
06.03.2013
H01H 83/14 Loading...
H01H 83/14
Loading...
201220417174.4
江苏云意电气股份有限公司
蔡成林
H01H 83/14
Loading...
本实用新型公开了一种智能型剩余电流断路器控制器装置，控制器主要由电源模块、电流采集模块控制模块、单片机处理模块、人机界面和通讯模块电信号连接构成，其特征在于，所述的电源模块依靠电流互感器感生电源；所述的电流采集模块采用轨到轨运放；所述的控制模块采用电压触发驱动，本实用新型利用电流互感器来充当控制器的自生电源，为断路器提供稳定的工作电源；基于轨到轨运放的输出特性，提高信号采样的幅值，提高了系统控制的精确性；采用电压触发MOS管来驱动磁通变换器动作，在保证高可靠性的同时降低了自生电源的功耗。
82. 202763743 扭力控制器
CN
06.03.2013
B25B 21/00 Loading...
B25B 21/00
Loading...
201220377007.1
江苏云意电气股份有限公司
吴奎
B25B 21/00
Loading...
本实用新型公开了一种扭力控制器，属于控制器领域，包括出气口，进气口、中间继电器、时间继电器、电磁阀和气压控制阀，进气口、气压控制阀、电磁阀和出气口依次通过空气管道连接，中间继电器与时间继电器并联，并通过导线分别连接电源和电磁阀。本实用新型增加了气压控制阀可以根据需要调节气压流量的大小，利用时间继电器控制电磁阀来确保通气时间的长短，通气时间精确到毫秒，且每个产品锁螺母用的时间一致。彻底杜绝了扭力过大导致的螺纹滑牙、螺杆断裂以及扭力不够等不良现象，保证品质的同时还提升了生产效率，原本的手动开关现在用脚踏开关控制了。
83. 102903582 一种智能型剩余电流断路器控制器装置
CN
30.01.2013
H01H 83/14 Loading...
H01H 83/14
Loading...
201210299798.5
江苏云意电气股份有限公司
蔡成林
H01H 83/14
Loading...
本发明公开了一种智能型剩余电流断路器控制器装置，控制器主要由电源模块、电流采集模块控制模块、单片机处理模块、人机界面和通讯模块电信号连接构成，电源模块依靠电流互感器感生电源；电流采集模块采用轨到轨运放；控制模块采用电压触发驱动，本发明利用电流互感器来充当控制器的自生电源，为断路器提供稳定的工作电源；基于轨到轨运放的输出特性，提高信号采样的幅值，提高了系统控制的精确性；采用电压触发MOS管来驱动磁通变换器动作，在保证高可靠性的同时降低了自生电源的功耗。
84. 202695150 电容自动剪切整形器
CN
23.01.2013
H01G 13/00 Loading...
H01G 13/00
Loading...
201220312263.2
江苏云意电气股份有限公司
吴奎
H01G 13/00
Loading...
本实用新型公开了一种电容自动剪切整形器，属于电子元件加工领域，包括底座、刀座、限位架、刀头、气缸、气缸定位架，底座的一边安装刀座，刀座的上部安装限位架；底座的另一边安装刀头，刀头的后端与气缸的活塞杆连接，气缸与底座通过气缸定位架连接；限位架的端头安装一个推料气缸。有益效果是自动剪短并折弯电容引线，增加工作效率。
85. 202655544 气压旋铆机的铆座定位装置
CN
09.01.2013
B21J 15/38 Loading...
B21J 15/38
Loading...
201220068498.1
江苏云意电气股份有限公司
许苏伟
B21J 15/38
Loading...
本实用新型公开了一种气压旋铆机的铆座定位装置，包括固定底座、铆座安装插槽和紧固螺栓，固定底座两端对称开槽，所述的铆座安装插槽用螺栓固定在底座的表面，上端一侧开有螺纹孔，所述的紧固螺栓旋在铆座安装插槽的螺纹孔中。本实用新型的有益效果是：操作简单，减少了换模的时间，提高了工作效率。
86. 102737862 Automatic shearing shaper for capacitor
CN
17.10.2012
H01G 13/00 Loading...
H01G 13/00
Loading...
201210221702.3
江苏云意电气股份有限公司
吴奎
H01G 13/00
Loading...
The invention discloses an automatic shearing shaper for a capacitor, and belongs to the field of processing of electronic elements. The automatic shearing shaper comprises a base, a knife holder, a limiting rack, a knife bit, a cylinder and a cylinder positioning rack, wherein the knife holder is arranged on one side of the base; the limiting rack is arranged on the upper part of the knife holder; the knife bit is arranged on the other side of the base; the rear end of the knife bit is connected with a piston rod of the cylinder; the cylinder is connected with the base through the cylinder positioning rack; and a pushing cylinder is arranged at an end of the limiting rack. The automatic shearing shaper for the capacitor has the advantages that a lead of the capacitor is automatically shorn off and bent, and work efficiency is improved.
87. 202475156 结构轻便的汽车整流器
CN
03.10.2012
H02K 11/00 Loading...
H02K 11/00
Loading...
201120566960.6
江苏云意电气股份有限公司
王满枝
H02K 11/00
Loading...
本实用新型公开了一种结构轻便的汽车整流器，属于汽车电子领域。包括桥支架、正极板、负二极管、正二极管、输出螺杆、负极板和绝缘垫，负极板上压装负二极管，正极板上压装正二极管，负极板和正极板之间设置有绝缘垫，负极板、桥支架和正极板固定在一起，正二极管和负二极管通过U形连接片的熔接实现电连接，输出螺杆固定于正极板上。有益效果是不再使用电机后端盖作为负极板，单独制作负极板，其结构简单，负极板体积小巧，有利于流水作业，便于运输，后期三包维修时，不需要拆散整个发电机，便于维修，减少了维修与运输的成本。
88. 202475228 具有新型固定结构的汽车整流器
CN
03.10.2012
H02M 1/00 Loading...
H02M 1/00
Loading...
201220068500.5
江苏云意电气股份有限公司
郭慧
H02M 1/00
Loading...
本实用新型公开了一种具有新型固定结构的汽车整流器，属于汽车电子领域，包括桥支架、正极板、负二极管、正二极管、输出螺杆、负极板和导电片，还包括弹性固定片，所述的弹性固定片前端形成有卡头，弹性固定片末端开有方形孔，弹性固定片首尾相接，卡头卡在方形孔内，导电片和定子线输入端穿过方形孔，卡头将导电片和定子线输入端夹紧固定在一起。有益效果是发电机定子线输入端通过弹性固定片的弹力将其固定在整流器上，弹性固定片自身结构简单，拆装便捷，该方法不用单独配备焊接工具，既能够提高生产效率、不浪费资源，又能避免环境污染。
89. 202475356 双电机并联调节器
CN
03.10.2012
H02P 9/00 Loading...
H02P 9/00
Loading...
201220027140.4
江苏云意电气股份有限公司
白楠
H02P 9/00
Loading...
本实用新型公开了一种双电机并联调节器，属于电机调节技术领域，包括启动指示电路和输出控制电路，还包括用于控制启动指示电路和输出控制电路的主控制集成芯片，以及分别连接在主控制集成芯片上的调温调压控制电路和非异常指示消除电路。有益效果是结构简单，易于实现，能够消除双电机调节中出现的指示灯异常和两电机输出负载分配不均匀的情况，提高电机可靠性，降低使用成本。
90. 202398993 用于冲床压装螺杆的夹具
CN
29.08.2012
B23P 19/02 Loading...
B23P 19/02
Loading...
201120492667.X
江苏云意电气股份有限公司
蒋忠祥
B23P 19/02
Loading...
本实用新型公开了一种用于冲床压装螺杆的夹具，包括一端与设备连接的模柄和一与设备平台紧锁的压座，所述模柄的另一端设置有一压头座，压头座上设置有若干个压头，所述压座上设置有若干个定位销，利用冲床，缩短了加工时间，大大提高了生产效率，而且设置有定位销限制极板的晃动，使得产品的一致性得到保障。
91. 202406043 多向输出汽车整流器
CN
29.08.2012
H02M 7/04 Loading...
H02M 7/04
Loading...
201120492529.1
江苏云意电气股份有限公司
郑国珍
H02M 7/04
Loading...
本实用新型公开了一种多向输出汽车整流器，属于汽车整流器领域，包括负电极板、负整流二极管、正电极板、正整流二极管、支架、激磁二极管、小支架、负电极板上压装负整流二极管，正电极板上压装正整流二极管，支架上设有激磁位置，激磁位置上点焊激磁二极管，负电极板、小支架，正电极板与支架通过铆接固定在一起，正整流二极管和负整流二极管通过U形连接片的熔接实现电连接，该整流器上同时设置有水平输出端和轴向输出端，水平输出端或轴向输出端安装有输出螺杆。有益效果是该汽车整流器同时设置有轴向输出端和水平输出端，使用者根据需要，既可以单独作轴向输出或水平输出装配输出螺杆，也可以同时再两个方向上装配输出螺杆。
92. 202398771 用于冲床压装铆钉的夹具
CN
29.08.2012
B21J 15/42 Loading...
B21J 15/42
Loading...
201120492671.6
江苏云意电气股份有限公司
蒋忠祥
B21J 15/42
Loading...
本实用新型公开了一种用于冲床压装铆钉的夹具，包括一端与设备连接的模柄和与设备工作台面紧锁的下模板，所述模柄的另一端上设置有压头固定板，压头固定板上设置有若干个压头，所述下模板上设置有推料板，推料板上方活动连接有一固定板，且推料板上还设置有用于固定产品的定位销，所述推料板和固定板之间设置有槽道，槽道里设置有冲头，所述推料板通过导柱和压缩弹簧与固定板活动连接。使用本实用新型,冲床可对多只铆钉进行一次性冲接,操作方式简单,生产效率高,铆钉成型美观,产品一致性能够得到很好的保障。
93. 202362082 汽车发电机温度检测装置
CN
01.08.2012
G01K 1/02 Loading...
G01K 1/02
Loading...
201120492582.1
江苏云意电气股份有限公司
阚力滔
G01K 1/02
Loading...
本实用新型公开了一种汽车发电机温度检测装置，属于检测装置技术领域，包括控制模块、温度检测模块、预警装置和数据存储模块，温度检测模块与控制模块连接，控制模块分别与温度检测模块、预警模块和数据存储模块连接。有益效果是使用方便，当发电机温度过高时，能自动发出预警提示，提醒工作人员采取相应的措施，有效地提高发电机的使用寿命。
94. 202317600 新型二极管弹性压帽治具
CN
11.07.2012
B23P 19/02 Loading...
B23P 19/02
Loading...
201120426023.0
江苏云意电气股份有限公司
程恒军
B23P 19/02
Loading...
本实用新型公开了一种新型二极管弹性压帽治具，包括下模板和上模板，上模板和下模板通过导柱活动连接在一起，上模板上方设置有固定板，固定板上设置有模柄，在所述的上模板的下方设置有一聚氨酯橡胶板，所述聚氨酯橡胶板通过定位框、压板和固定板固定在上模板上，聚氨酯橡胶板具有卓越的耐磨性能，是所有橡胶中最高的；其强度高，弹性大，而且具有很好的缓冲减震性能，聚氨酯橡胶板的设置，使得二极管管帽在压装的过程中，受力一致，而且压合无缝隙。
95. 202317356 新型点焊膏装置
CN
11.07.2012
B23K 3/06 Loading...
B23K 3/06
Loading...
201120426033.4
江苏云意电气股份有限公司
程恒军
B23K 3/06
Loading...
本实用新型公开了一种新型点焊膏装置，包括上下开口的胶筒，所述胶筒上还设置有一上下开口的胶阀，所述胶筒的下端口通过连接管与胶阀连接，本实用新型的有益效果是：在传统的打胶装置上增设有胶阀，采用专用的胶阀来控制焊膏挤出量，使得挤出膏均匀一致，大大提高了工作效率，同时减少了成本浪费。
96. 102514152 一种注塑模具抽芯滑块机构
CN
27.06.2012
B29C 45/33 Loading...
B29C 45/33
Loading...
201110395364.0
江苏云意电气股份有限公司
郑国珍
B29C 45/33
Loading...
本发明公开了一种注塑模具抽芯滑块机构，属于注塑模具领域，包括活动滑块镶件、拉勾、滑块座、滑块压板、滑块铲基、斜导柱和弹簧，滑块座凹槽内孔中放置弹簧，弹簧由拉勾固定在凹槽内孔中,拉勾置于滑块座两侧凹槽中与滑块座连接在一起，活动滑块镶件后方设有勾槽，拉勾卡扣在勾槽上将滑块座与活动滑块镶件连接成一体，滑块座在滑块压板内导向滑动，斜导柱穿插在滑块座中，滑块铲基与滑块座配合面锁紧。有益效果是采用拉钩与活动滑块镶件配合的机构，对应不同形状的镶件，只要松开拉钩更换对应形状的活动滑块镶件，再通过拉钩卡扣住活动滑块镶件即可，方便工人操作方便放置金属镶件，拆装灵活，操作简单快捷，提高了工作效率。
97. 102522344 一种用于汽车整流器的环氧胶固化工艺
CN
27.06.2012
C08G 59/22 Loading...
C08G 59/22
Loading...
201110454362.4
江苏云意电气股份有限公司
许苏伟
C08G 59/22
Loading...
本发明公开了一种用于汽车整流器的环氧胶固化工艺，属于环氧胶固化技术领域，包括以下步骤：配胶灌封：按2.5:1的重量比将E-190B与H-190配比混合均匀，并灌封于产品待灌封处；固化：将灌封好的产品放入烘箱中逐渐升温至固化温度，然后再恒温，使胶材固化；冷却：将胶材冷却至室温。有益效果是本发明将传统的初步固化与完全固化步骤合为一步执行，减少了固化条件的分段；固化阶段与传统技术相比，采用高温固化方法，由一天的生产周期缩减到2小时，缩短了生产周期，提高了工作效率。
98. 202275837 带铜粒子结构的压装式车用二极管
CN
13.06.2012
H01L 29/861 Loading...
H01L 29/861
Loading...
201120426024.5
江苏云意电气股份有限公司
李金春
H01L 29/861
Loading...
本实用新型公开了一种带铜粒子结构的压装式车用二极管，其包括管座以及设置在管座上的芯片；管座，芯片和引线之间通过软钎料依次连接，管座内置空间填充有密封胶，在所述管座和芯片之间增设有一层铜粒子结构，本实用新型的有益效果是：在管座和芯片之间增加一层铜粒子，解决了小尺寸压装式二极管在压装到整流器极板时机械应力对二极管芯片的损伤问题，提高了整流器生产的成品率，延长了汽车发电机的使用寿命。
99. 202183058 单外接模块实现两种功能的多功能汽车电压调节器
CN
04.04.2012
G05F 1/10 Loading...
G05F 1/10
Loading...
201120200679.0
江苏云意电气股份有限公司
张雪雷
G05F 1/10
Loading...
本实用新型涉及一种单外接模块实现两种功能的多功能汽车电压调节器，包括六个功能端子P、B+、S、L、F、E，正常调压IC线路模块与故障防护功能线路模块，其特征：S端接一复合二极管D2的P极，B+端经一个电阻R14接另一个P极，复合二极管的公共N极接分压电阻R1与R2；脚6与脚8连接到一起并接到R1与R2的连接点；R2另一端接小讯号三极管的C极与故障防护调压电阻R15，三极管的E极与R15的另一端接地；三极管的B极经电阻R18接到S端上。其优点是：在很大程度上节省了的制作成本与制作工艺，而且线路简单，可靠性也比传统用众多外接模块实现功能的调节器有很大的提高。
100. 202159264 一种基于物联网的车辆远程监测系统调节器
CN
07.03.2012
G05B 19/418 Loading...
G05B 19/418
Loading...
201120243023.7
江苏云意电气股份有限公司
阚力滔
G05B 19/418
Loading...
本实用新型涉及一种基于物联网的车辆远程监测系统调节器，包括电压调节线路、P接发电机的信号、L接汽车的仪表指示灯、IG接汽车的点火开关、信号侦测模块、信号传输模块；其特征是：在发电机的B+连接端和调节器的B+输出端子接一个信号侦测模块，信号侦测模块和信号传输模块连接，信号传输模块通过联网与远程监控中心连接。其优点是：具有智能感知、控制，对车辆状态的跟踪分析、查询和远程综合故障诊断，提供必要的维护、维修建议。
101. 202120923 一种改进型压装式二极管管壳结构
CN
18.01.2012
H01L 29/861 Loading...
H01L 29/861
Loading...
201120200600.4
江苏云意电气股份有限公司
李金春
H01L 29/861
Loading...
本实用新型涉及一种改进型压装式二极管管壳结构，包括二极管、管壳、芯片、焊接平台，其特征是：在管壳芯片的焊接平台周围设有一圈矮堤，矮堤与管壳为一整体，矮堤向外倾斜。其优点是：既防止保护PN结的环氧流出，又防止封装的环氧滑脱。
102. 102298376 Vehicle remote monitoring system regulator based on Internet of things
CN
28.12.2011
G05B 19/418 Loading...
G05B 19/418
Loading...
201110192821.6
Jiangsu Yunyi Electric Co., Ltd.
Kan Litao
G05B 19/418
Loading...
The invention relates to a vehicle remote monitoring system regulator based on Internet of things. The regulator comprises: a voltage regulation line, a P which is connected with a signal of a generator, an L which is connected with an instrument indicator of an automobile, an IG which is connected with an ignition switch of the automobile, a signal detection module and a signal transmission module. The regulator is characterized in that: a B+ coupling end of the generator and a B+ output terminal of the regulator are connected with the signal detection module; the signal detection module is connected with the signal transmission module; the signal transmission module is connected with a remote monitoring center through network. The regulator possesses intellisense and control functions and can perform tracking analysis to a vehicle state. By using the regulator, query and remote integration fault diagnosis can be performed and necessary maintenance suggestions can be provided.
103. 201830128 汽车整流器输出螺杆的结构
CN
11.05.2011
H02M 1/00 Loading...
H02M 1/00
Loading...
201020256459.5
江苏云意电气股份有限公司
王满知
H02M 1/00
Loading...
本实用新型涉及一种汽车整流器输出螺杆的结构，包括正极板、输出螺杆、异形螺杆、螺母，其特征是：异形螺杆穿过输出螺杆，异形螺杆的头部与输出螺杆表面采用氩弧焊焊接成一个整体，并通过异形螺杆上的直纹与正极板装配固定，通过螺母旋紧固定。其优点是：能有效避免因接触不良而产生的接触电阻；以及避免因输出螺杆松动造成的发电机输出不稳定。
104. 201823691 一种汽车发电机整流器的喷涂保护装置
CN
11.05.2011
B05D 1/32 Loading...
B05D 1/32
Loading...
201020268559.X
江苏云意电气股份有限公司
阚勇
B05D 1/32
Loading...
本实用新型涉及一种汽车发电机整流器的喷涂保护装置，由橡胶保护套、整流器输出螺杆组成，其特征是：在输出螺杆上套装有橡胶保护套。此喷涂保护装置工艺简单，节省工时，便于操作，隔离性好，同时橡胶保护套可重复使用避免浪费。
105. 201797477 一种自励磁单功能汽车电压调节器
CN
13.04.2011
H02P 9/30 Loading...
H02P 9/30
Loading...
201020299808.1
江苏云意电气股份有限公司
阚力涛
H02P 9/30
Loading...
本实用新型公开了一种自励磁单功能汽车电压调节器，包括五个功能端子，分别为P、B+(S)、D+、F、E，由电压调节线路、开关控制线路、信号采集模块组成；其特征是：电压调节线路包括三极管Q2、Q3、开关管Q1、电容C1、C2、电阻R1、R2、R3、R4、R5和R6；Q3的基极通过R1连接到B+，通过R2和C1连接到E；Q3的集电极通过R3连接到B+，Q3的发射极连接到稳压管ZD1的负极；Q2的基极连接到ZD1的正极同时通过R4连接到E，Q2的基极通过R6和C3连接到F，Q2的基极和集电极通过C2连接，Q2的集电极通过R5连接到B+，Q2的集电极和Q1的栅极连接，Q2的发射极连接到E；Q1的栅极通过稳压管ZD2连接到E，Q1的漏极连接到F，Q1的源极连接到E；D+和F之间连接一个二极管D1。其优点是：成本低廉，产品性能稳定，可靠性高，适应性广。
106. 201796879 一种汽车发电机用二极管
CN
13.04.2011
H01L 23/488 Loading...
H01L 23/488
Loading...
201020253294.6
江苏云意电气股份有限公司
不公告发明人
H01L 23/488
Loading...
本实用新型涉及一种汽车发电机用二极管，包括底座，芯片，二极管引线，保护圈，密封胶；其特征是：在二极管引线露出的部位设有一个薄壁“U”形受力缓冲区。其优点是：在二极管引线受到应力或其它外力时避免直接将力传递到二极管芯片上，从而很好的保护芯片免受破坏。
107. 201758333 一种汽车电压调节器安装连接结构
CN
09.03.2011
H02K 13/00 Loading...
H02K 13/00
Loading...
201020269025.9
江苏云意电气股份有限公司
不公告发明人
H02K 13/00
Loading...
本实用新型涉及一种汽车电压调节器安装连接结构，包括调节器塑料支架、散热板及厚膜电路、电刷及弹簧、金属套嵌件，其特征在于：在调节器塑料支架的支撑金属套嵌件的中部设有沟槽。其优点是：防止金属嵌件与塑料支架因高温而松动，提高了电压调节器安装的可靠性。
108. 201758511 一种汽车调节器散热板结构
CN
09.03.2011
H05K 7/20 Loading...
H05K 7/20
Loading...
201020268571.0
江苏云意电气股份有限公司
不公告发明人
H05K 7/20
Loading...
本实用新型涉及一种汽车发电机调节器，由调节器支架、电容、散热板、厚膜电路组成；其特征在于所述调节器上散热板的散热面为弧形面结构。主要是为了解决散热板在生产过程中产生的翘曲变形问题，保证散热板的平面度。有效降低由于散热板翘曲变形问题而造成的厚膜电路温度过高和散热板与调节器支架脱落等产生的调节器失效问题，提高产品的可靠性。
109. 201758350 一种汽车发电机整流器的塑料支架结构
CN
09.03.2011
H02M 1/00 Loading...
H02M 1/00
Loading...
201020269175.X
江苏云意电气股份有限公司
阚勇
H02M 1/00
Loading...
本实用新型公开了一种汽车发电机整流器的塑料支架结构，由塑料支架、嵌件、连接片组成；其特征是：在塑料支架内装有一个整体嵌件，在整体嵌件上装有三个连接片，连接片通过注塑与整体嵌件连接在一起，成为整体嵌件结构的塑料支架。同时冲裁整体嵌件不同部位的连接片，可分别做成多功能整流器用塑料支架和单功能整流器用塑料支架。这样缩短生产周期，简化工艺，节省工时，降低成本。
110. 201758332 汽车发电机塑料保护罩螺杆连接结构
CN
09.03.2011
H02K 13/00 Loading...
H02K 13/00
Loading...
201020269021.0
江苏云意电气股份有限公司
不公告发明人
H02K 13/00
Loading...
本实用新型涉及一种汽车发电机塑料保护罩螺杆连接结构，包括调塑料保护罩、支撑嵌件、连接嵌件、螺杆嵌件；其特征是：在螺杆嵌件的直纹端部设有翻边薄壁，螺杆嵌件和连接嵌件通过直纹挤压后，通过机器铆接在一起，螺杆嵌件和连接嵌件形成一个整体。其优点是：提高了产品的可靠性，降低了发电机因塑料保护罩的螺杆嵌件松动而失效的隐患。
111. 201758331 汽车电压调节器散热板的结构
CN
09.03.2011
H02K 11/00 Loading...
H02K 11/00
Loading...
201020269014.0
江苏云意电气股份有限公司
不公告发明人
H02K 11/00
Loading...
本实用新型涉及一种汽车电压调节器散热板的结构，包括调节器支架、厚膜电路、散热板、二极管；其特征是：接地焊针过盈压装在散热板上；在散热板上贴有厚膜电路，厚膜电路上的接地端子和接地焊针焊用锡焊焊接在一起，并将电阻、二极管用锡焊焊接在调节器支架上，在厚膜电路及焊点处涂胶保护。其优点是：可以有效避免因连接松动、腐蚀、生锈等不良原因造成的调节器失效，确保了发电机的可靠性；而且还能节省产品的材料成本，提高产品的生产效率。
112. 201758330 汽车电压调节器散热基板的绝缘结构
CN
09.03.2011
H02K 11/00 Loading...
H02K 11/00
Loading...
201020269011.7
江苏云意电气股份有限公司
不公告发明人
H02K 11/00
Loading...
本实用新型涉及一种汽车电压调节器散热基板的绝缘结构，包括散热基板、保护壳、厚膜电路、绝缘材料、焊接柱、调节器支架、铆钉和绝缘纸膜，其特征在于在散热基板上装配一层绝缘纸膜。其优点是：能有效的避免因泥污堆积造成的散热基板与接线柱短路，从而确保调节器正常工作，防止发电机因调节器短路而导致损坏。
113. 201758381 一种汽车调节器结构
CN
09.03.2011
H02P 9/02 Loading...
H02P 9/02
Loading...
201020269171.1
江苏云意电气股份有限公司
郭慧
H02P 9/02
Loading...
本实用新型涉及一种汽车调节器结构，由调节器支架、碳刷、弹簧、厚膜电路、铆钉组成，其特征在于在调节器支架内设有三只镶件，在三只镶件上设有与厚膜电路配合的安装圆孔，三只镶件通过注塑固定在调节支架内；厚膜电路上的三处圆柱端子置于三只镶件的装配圆孔内，通过锡焊把三只镶件与厚膜电路上的三处圆柱端子焊接在一起。其优点是：组装工序简单，生产周期短，生产成本低，焊点质量稳定可靠。
114. 101958684 Self-excitation single-functional vehicle voltage regulator
CN
26.01.2011
H02P 9/30 Loading...
H02P 9/30
Loading...
201010259412.9
Jiangsu Yunyi Electric Co., Ltd.
Kan Litao
H02P 9/30
Loading...
The invention discloses a self-excitation single-functional vehicle voltage regulator, which comprises five functional terminals, a voltage regulating circuit, a switch control circuit and a signal sampling module, wherein the five functional terminals are P, B+(S), D+, F and E. The voltage regulating circuit comprises triodes Q2 and Q3, a switch tube Q1, capacitors C1 and C2, resistors R1, R2, R3, R4, R5 and R6, wherein the base of Q3 is connected to B+ through R1 and is connected to E through R2 and C1; the collector of Q3 is connected to B+ through R3; the emitter of Q3 is connected to the cathode of a voltage regulator tube ZD1; the base of Q2 is connected to the anode of ZD1 while is connected to E through R4; the base of Q2 is connected to F through R6 and C3; the base and the collector of Q2 are connected through C2; the collector of Q2 is connected to B+ through R5 and is connected to the grid of Q1; the emitter of Q2 is connected to E; the grid of Q1 is connected to E through a voltage regulator tube ZD2; the drain of Q1 is connected to F; the source of Q1 is connected to E; and a diode D1 is connected between D+ and F. The invention has the advantages of low cost, stable product property, high reliability and wide adaptability.
115. 201718156 一种汽车调节器散热壳结构
CN
19.01.2011
H05K 7/20 Loading...
H05K 7/20
Loading...
201020253248.6
江苏云意电气股份有限公司
郭慧
H05K 7/20
Loading...
本实用新型公开了一种汽车发电机调节器散热壳结构，它包括厚膜电路和散热壳，其特征是：在散热壳的两端设有安装孔，在散热壳的表面设有网状凸起，在网状凸起的上面装有厚膜电路，厚膜电路通过导热硅脂与散热壳连接。其优点是：该种汽车调节器散热壳结构能增加厚膜电路与散热壳的粘合力，提高散热效果。并能有效防止调节器的厚膜电路散热不良和震动等因素导致的调节器失效，发电机不工作的现象。
116. 201717747 一种汽车电压调节器
CN
19.01.2011
H02K 11/00 Loading...
H02K 11/00
Loading...
201020253280.4
江苏云意电气股份有限公司
不公告发明人
H02K 11/00
Loading...
本实用新型涉及一种汽车发电机电压调节器，它包括散热板、负极焊片、调节器后盖、电容、正极焊片、调节器塑料支架。其特征是：在调节器塑料支架内部装有电容，电容引线在调节器塑料支架内部与正、负极焊片锡焊连接。其优点是：从而降低生产成本，避免电装系列电压调节器因电容焊点问题而导致的实效模式。
117. 201717710 汽车电压调节器碳刷保护罩的结构
CN
19.01.2011
H02K 5/14 Loading...
H02K 5/14
Loading...
201020256443.4
江苏云意电气股份有限公司
不公告发明人
H02K 5/14
Loading...
本实用新型公开了一种汽车电压调节器碳刷保护罩的结构，属于汽车配件，其特征是：在调节器碳刷保护罩的侧面设有一条通风槽，通过通风槽将碳刷粉末及时的排除在发电机之外，能有效避免因积碳造成的集电环短路，对发电机的可靠性，以及使用寿命提供了有力的保障。
118. 201717776 一种汽车发电机整流器的塑料支架结构
CN
19.01.2011
H02M 1/00 Loading...
H02M 1/00
Loading...
201020256456.1
江苏云意电气股份有限公司
不公告发明人
H02M 1/00
Loading...
本实用新型涉及一种汽车发电机整流器的塑料支架结构，包括安装螺钉、绝缘管、正极板、塑料支架、发电机后端盖；其特征是：在塑料支架的安装孔部位设有一个热固性酚醛树脂绝缘垫，热固性酚醛树脂绝缘垫通过注塑镶嵌在塑料支架的安装孔部位。其优点是：防止整流器塑料支架高温老化收缩导致的整体松动，避免产生振动失效。
119. 201717826 一种汽车调节器用保护后盖结构
CN
19.01.2011
H02P 9/02 Loading...
H02P 9/02
Loading...
201020256410.X
江苏云意电气股份有限公司
不公告发明人
H02P 9/02
Loading...
本实用新型涉及一种汽车调节器用保护后盖结构，包括保护后盖、透气孔；其特征是：在保护后盖的后平面上设有透气孔，所述的透气孔为一个至四个，最小处直径为0.3到1mm。其优点是：调节器内部的气体能够自由流通，受热不会膨胀。
120. 201718157 一种汽车电压调节器支架及散热板结构
CN
19.01.2011
H05K 7/20 Loading...
H05K 7/20
Loading...
201020256432.6
江苏云意电气股份有限公司
不公告发明人
H05K 7/20
Loading...
本实用新型涉及一种汽车发电机用电压调节器支架及散热板结构，包括调节器支架、散热板、厚膜电路；其特征是：在调节器支架上设有散热板固定槽，散热板通过胶固定在调节器支架的散热板固定槽内；散热板为方形由铝型材直接切割；在安装孔处镶嵌两铜套。在调节器支架两安装孔处镶嵌铜套作为支撑。
121. 201717253 汽车整流器整流二极管装配结构
CN
19.01.2011
H01L 23/40 Loading...
H01L 23/40
Loading...
200920049269.3
江苏云意电气股份有限公司
阚勇
H01L 23/40
Loading...
本实用新型公开了一种汽车整流器整流二极管装配结构，它由二极管、散热板组成。其特征是：在散热板上设有压装所需的通孔，二极管采用圆周面带直纹的铜底座结构，二极管和散热板通过通孔过盈压装在一起。其优点是：能有效的简化工艺，减少废品率，同时增加产品的散热效果，提高产品可靠性。
122. 201717709 一种汽车调节器结构
CN
19.01.2011
H02K 5/14 Loading...
H02K 5/14
Loading...
201020253232.5
江苏云意电气股份有限公司
不公告发明人
H02K 5/14
Loading...
本实用新型涉及一种汽车调节器结构，包括调节器支架、碳刷、弹簧、滑环，其特征是：在刷盒的四直角处设有四处碳粉槽。碳粉槽的形状可以为矩形、圆形或三角形。其优点是：有效避免调节器因为碳刷不能自由弹出刷盒而造成的调节器失效，发电机不工作的现象。
123. 201717746 一种汽车发电机整流器的铝压铸板
CN
19.01.2011
H02K 11/00 Loading...
H02K 11/00
Loading...
201020253278.7
江苏云意电气股份有限公司
不公告发明人
H02K 11/00
Loading...
本实用新型涉及一种汽车发电机整流器的铝压铸板，它包括输出螺杆、铝压铸板，其特征是：输出螺杆作为嵌件置于压铸模具内，与铝压铸板压铸在一起。其优点是：可有效防止输出螺杆松动，并简化工序，降低成本。

