1. 205786707 电测夹具
CN
07.12.2016
G01R 1/04 Loading...
G01R 1/04
Loading...
202016000517968
重庆市泓淋科技有限公司
李小奇
G01R 1/04
Loading...
本实用新型公开了一种电测夹具，用于连接线导通性检测，包括底座和位于底座上方的压板，底座上端面形成连接线连接头用支撑面；所述底座上设有T型槽，该T型槽内仅可滑动的配合有至少两个T型螺栓，T型螺栓的螺杆段螺合有拧紧螺母；所述压板可转动的套装在T型螺栓的杆段上，并位于所述拧紧螺母内侧。本实用新型的有益效果是，结构简单、操作方便，且可方便的用于多件和多规格连接线的导通性检测。
2. 205764470 激光剥皮夹具底座
CN
07.12.2016
B23K 26/70 Loading...
B23K 26/70
Loading...
202016000518882
重庆市泓淋科技有限公司
李小奇
B23K 26/70
Loading...
本实用新型公开了一种激光剥皮夹具底座，包括T字形底板，底板的T形短边上设有用于与机床工作台固定连接的安装孔，安装孔以形成两种安装孔距的三个为一组设有至少两个安装孔组，每组安装孔的对应孔距相等；底板的T形长边上通过定位销孔紧配有定位销，定位销以两个为一组设有至少两个定位销组。优选，定位销孔贯穿所述底板厚度；底板上还螺合有紧顶螺钉，紧顶螺钉前端抵接在定位销上，底板上还形成有贯穿厚度的减重孔。本实用新型的有益效果是，结构简单、适应性强，可一次装夹多个通用夹具对多个线排进行激光剥皮切割，生产效率高，利于降低线排加工成本。
3. 205790907 一种连接线焊接机
CN
07.12.2016
H01R 43/28 Loading...
H01R 43/28
Loading...
202016000519839
重庆市泓淋科技有限公司
李小奇
H01R 43/28
Loading...
本实用新型涉及一种连接线焊接机，包括支架、焊接机本体、摄像头、视频转换器和视频信号显示模块；所述焊接机本体固定于支架上或与支架相对独立的设置，被焊接的连接线可移动地放置于所述支架的底座上，所述焊接机本体对连接线进行焊接；所述摄像头固定于支架上且所述摄像头的镜头正对连接线焊接平面，所述摄像头输出端连接所述视频转换器输入端，所述视频转换器输出端连接所述视频信号显示模块输入端。该连接线焊接机结构简单，制作成本低，视频信号显示模块实时显示焊接平面的操作画面，操作人员通过视频信号显示模块能直观的观察到焊接情况，在焊接出现问题时能及时的做出补救措施。
4. 205673153 点胶夹板
CN
09.11.2016
B05C 13/02 Loading...
B05C 13/02
Loading...
202016000518884
重庆市泓淋科技有限公司
李小奇
B05C 13/02
Loading...
本实用新型公开了一种点胶夹板，包括通过活页铰接的固定板和活动板；固定板中部形成有矩形承台，承台的左右两个竖条区域内设有双面胶带，固定板位于两个双面胶带的外侧均形成有条形镂空部和端口保护槽，端口保护槽位于对应条形镂空部；所述活动板在所述条形镂空部形成开敞式结构。本实用新型的有益效果是，其结构简单、操作方便、制造成本低。
5. 205674063 带屏蔽排线通用夹具
CN
09.11.2016
B25B 11/00 Loading...
B25B 11/00
Loading...
202016000519765
重庆市泓淋科技有限公司
李小奇
B25B 11/00
Loading...
本实用新型公开了一种带屏蔽排线通用夹具，包括底板，底板上设有两个定位孔，底板两端分别形成有用于支撑排线两端部的承接台；底板上铰接有锁紧杆和锁钩，锁紧杆和锁钩分别位于所述承接台的前后两侧；所述锁钩呈杠杆结构，锁钩的一端与底板之间设有压缩弹簧，锁钩的另一端与锁紧杆的自由端搭接，以使锁紧杆对所述承接台上的排线对应端部压紧。本实用新型的有益效果是，其结构简单、操作方便、制造成本低，通用性强。
6. 205680917 去编织层用折弯机
CN
09.11.2016
H01R 43/28 Loading...
H01R 43/28
Loading...
202016000517933
重庆市泓淋科技有限公司
李小奇
H01R 43/28
Loading...
本实用新型公开了一种去编织层用折弯机，包括通过机架设置的定位平台，定位平台前方形成有具有长条形支撑台的支撑板，支撑板上方设有具有长条形压紧面的活动压头，活动压头仅可上下滑动的连接在机架上；机架上端设有由手柄带动转动的偏心块，偏心块用于推动活动压头向下移动，活动压头与机架之间设有推动活动压头上升复位的回位弹簧。本实用新型的有益效果是，结构简单、操作方便、制造成本低，可方便的用于在激光切割了微切口后，对编织层进行压紧，然后通过手工弯折自由端的方式进行编织层剥离。
7. 205674062 带屏蔽排线装夹治具
CN
09.11.2016
B25B 11/00 Loading...
B25B 11/00
Loading...
202016000518885
重庆市泓淋科技有限公司
李小奇
B25B 11/00
Loading...
本实用新型公开了一种带屏蔽排线装夹治具，用于通过冲击使通用夹具扣紧，包括底座，底座上设有垫板和支座，垫板中部固定连接有两个定位销，垫板两端部设有两个长度规，两个长度规通过螺栓形成可拆卸固定连接；所述支座位于所述垫板后侧，支座上可转动的设有偏心压块，偏心压块上设有手柄。本实用新型的有益效果是，结构简单，操作方便。且不会导致夹具变形或损坏。
8. 205680912 压排机
CN
09.11.2016
H01R 43/00 Loading...
H01R 43/00
Loading...
202016000519771
重庆市泓淋科技有限公司
李小奇
H01R 43/00
Loading...
本实用新型公开了一种压排机，包括工作台和压头，工作台前端形成有连接器承台，连接器承台前后两侧分别设有下固定刀模和导线梳理模，下固定刀模和导线梳理模上均设有多个开口朝上的卡线槽，下固定刀模的卡线槽根部最低点高于导线梳理器的卡线槽根部最低点；压头通过竖向导轨副设在机架上，机架上端还设有与压头连接的驱动气缸，压头上设有上刀模，上刀模上设有多个开口朝下且槽根为圆弧形的U形开槽，U形开槽与下固定刀模的卡线槽数量相等；同一位置的卡槽或U形槽的纵向对称面重合在同一竖直平面内，上刀模与下固定刀模形成剪切运动的配合结构。本实用新型的有益效果是，结构简单、操作方便、连接器与导线的连接质量可靠。
9. 105870753 一种压排机
CN
17.08.2016
H01R 43/00 Loading...
H01R 43/00
Loading...
201610377756.7
重庆市泓淋科技有限公司
李小奇
H01R 43/00
Loading...
本发明公开了一种压排机，包括工作台和压头，工作台前端形成有连接器承台，连接器承台前后两侧分别设有下固定刀模和导线梳理模，下固定刀模和导线梳理模上均设有多个开口朝上的卡线槽，下固定刀模的卡线槽根部最低点高于导线梳理器的卡线槽根部最低点；压头通过竖向导轨副设在机架上，机架上端还设有与压头连接的驱动气缸，压头上设有上刀模，上刀模上设有多个开口朝下且槽根为圆弧形的U形开槽，U形开槽与下固定刀模的卡线槽数量相等；同一位置的卡槽或U形槽的纵向对称面重合在同一竖直平面内，上刀模与下固定刀模形成剪切运动的配合结构。本发明的有益效果是，结构简单、操作方便、连接器与导线的连接质量可靠。
10. 105856103 一种带屏蔽排线通用夹具
CN
17.08.2016
B25B 11/00 Loading...
B25B 11/00
Loading...
201610379263.7
重庆市泓淋科技有限公司
李小奇
B25B 11/00
Loading...
本发明公开了一种带屏蔽排线通用夹具，包括底板，底板上设有两个定位孔，底板两端分别形成有用于支撑排线两端部的承接台；底板上铰接有锁紧杆和锁钩，锁紧杆和锁钩分别位于所述承接台的前后两侧；所述锁钩呈杠杆结构，锁钩的一端与底板之间设有压缩弹簧，锁钩的另一端与锁紧杆的自由端搭接，以使锁紧杆对所述承接台上的排线对应端部压紧。本发明的有益效果是，其结构简单、操作方便、制造成本低，通用性强。
11. 204037939 自动灌胶机
CN
24.12.2014
B65B 3/14 Loading...
B65B 3/14
Loading...
201420314239.1
重庆市泓淋科技有限公司
陈兰
B65B 3/14
Loading...
本实用新型公开了一种自动灌胶机，它涉及一种灌胶装置。它包括固定封盖夹具、封盖、主容器、出胶孔、进气孔、胶体容器和出胶管，主容器上设置有封盖，主容器的两侧连接有固定封盖夹具，封盖与主容器通过固定封盖夹具密封配合，主容器内设置有胶体容器，封盖上设置有出胶孔、进气孔，封盖上方设置有出胶管，出胶管与出胶孔插接配合；所述的封盖内侧的出胶孔上插有导胶管至胶体容器中。本实用新型可对各种不同规格容器进行分装灌装，避免各工厂对灌胶包装方式的不同需求，通过电磁控制技术及电气控制转换技术灌胶，胶量控制更精准，灌胶更均匀，灌胶品质高，显著地提高了工作效率，降低企业的生产成本。
12. 204038767 线轴式缠绕机
CN
24.12.2014
B65H 54/74 Loading...
B65H 54/74
Loading...
201420314252.7
重庆市泓淋科技有限公司
陈兰
B65H 54/74
Loading...
本实用新型公开了一种线轴式缠绕机，它涉及一种缠绕装置。它包括马达、第一夹线夹具、第二夹线夹具、线轴、第一同步带、第二同步带、可调节长短线槽，底座上固定有马达支架，底座上设置有可调节长短线槽，马达支架上固定有马达，马达通过减速器与第一同步带和第一夹线夹具相连，第一同步带通过线轴与第二同步带连接，第二同步带通过转轴与第二夹线夹具连接。本实用新型由纯手工作业转至半机械化生产，不仅效率有极大提高，也极大的降低不良产品的产生，减轻了工人的劳动强度，提高了缠绕产品的品质。
13. 204030254 去芯线机切同轴线装置
CN
17.12.2014
H01R 43/28 Loading...
H01R 43/28
Loading...
201420314277.7
重庆市泓淋科技有限公司
陈兰
H01R 43/28
Loading...
本实用新型公开了一种去芯线机切同轴线装置，它涉及一种切线机构。它包括手柄、本体、送料载台和机体，机体的底座上设置有送料载台，机体的机身一侧设置有本体，本体上方设置有手柄，手柄通过转轴与本体相连，机体的机身一侧固定有第一滑轨，本体通过螺栓与第一滑块固定连接，本体通过第一滑块与第一滑轨滑动配合，机体的底座上固定有第二滑轨，送料载台固定在第二滑块上，送料载台通过第二滑块与第二滑轨滑动配合；所述的送料载台的一端设置有推手；所述的手柄的转动角度为0-90°。本实用新型利用杠杆原理结合滑轨组成机构，结构简单，设计合理，体积小，加工效率高，应用广泛，可加工任意型号同轴线。
14. 204018976 焊接机缓冲装置
CN
17.12.2014
B23K 37/00 Loading...
B23K 37/00
Loading...
201420314279.6
重庆市泓淋科技有限公司
陈兰
B23K 37/00
Loading...
本实用新型公开了一种焊接机缓冲装置，它涉及电气控制技术领域。它包括作业载台、T型头、机体、气缸、第一缓冲装置配件和第二缓冲装置配件，机体的底座上固定有作业载台，机体的机身内侧固定有第一缓冲装置配件，机体的机身内侧设置有T型头，T型头上固定有第二缓冲装置配件，T型头上设置有气缸，气缸通过活塞与第二缓冲装置配件相连；所述的气缸与时间继电器相连。本实用新型在传统焊接机的基础上加上缓冲装置，结构简单，设计合理，焊接过程中更好地保护同轴线编织下的内被结构，提高焊接效率，保证焊接质量。
15. 204018604 双拉排线机
CN
17.12.2014
B21F 11/00 Loading...
B21F 11/00
Loading...
201420314240.4
重庆市泓淋科技有限公司
陈兰
B21F 11/00
Loading...
本实用新型公开了一种双拉排线机，它涉及一种线材处理装置。它包括送料板、压线气缸、切刀气缸、切刀支架、拉线气缸、双拉线沟槽和机体，机体上依次设置有双拉线沟槽、切刀支架、压线气缸、拉线气缸，切刀支架上设置有切刀气缸，切刀支架的一侧设置有送料板；所述的双拉线沟槽上设置有两个导向槽；所述的切刀气缸下端设置有切刀。本实用新型排线整齐，排线速度快，设计合理，质量可靠，显著改善拉线成品的质量，减轻工人劳动强度，提高生产效率。
16. 204030253 微刀口挪移机
CN
17.12.2014
H01R 43/28 Loading...
H01R 43/28
Loading...
201420314254.6
重庆市泓淋科技有限公司
陈兰
H01R 43/28
Loading...
本实用新型公开了一种微刀口挪移机，它涉及一种线材剥离装置。它包括送料压块、送料滑轨、下压气缸、下压压块、挪移装置和挪移气缸，底座上设置有送料滑轨，送料滑轨的上方设置有送料压块，送料压块与送料滑轨滑动配合，送料压块通过转轴与手柄连接，送料滑轨的一侧设置有挪移装置，挪移装置的一端上方设置有下压压块，下压压块上方设置有下压气缸，下压气缸通过活塞与下压压块连接，底座上还设置有挪移气缸，挪移气缸通过活塞与挪移装置连接。本实用新型结构简单，设计合理，体积小，精度高，加工效率高，应用广泛，可加工任意型号线材，完全避免产品外被无法完全剥离而且还经常出现芯线断裂等现象。

