1. 205250292 一种方便面加工用的蒸汽加热管道系统
CN
25.05.2016
A23L 5/10 Loading...
A23L 5/10
Loading...
201520900160.1
尚宝泰机械科技（昆山）有限公司
吴海奇
A23L 5/10
Loading...
本实用新型公开了一种方便面加工用的蒸汽加热管道系统，包括安装在蒸箱内的上层蒸汽加热管道和下层蒸汽加热管道，上层蒸汽加热管道和下层蒸汽加热管道之间设有一层蒸汽辅助加热管道。所述蒸汽辅助加热管道包括入口管道部分、与入口管道部分连通的主体管道部分、与主体管道部分连通的出口管道部分；所述主体管道部分按蒸箱的大小和形状设计成盘形。通过上述技术方案，所述蒸汽加热管道系统工作一小时，蒸熟一吨方便面所需蒸汽量相比于现有技术减少至少一百公斤，节约了生产成本，有效地解决了高海拔地区面块难以被蒸熟的技术问题。
2. 205115749 一种喷气织机防单纬控制系统
CN
30.03.2016
D03D 47/30 Loading...
D03D 47/30
Loading...
201520894270.1
山东万泰创业投资有限公司
赵峰
D03D 47/30
Loading...
本实用新型涉及一种喷气织机防单纬控制系统，包括2个纬纱检测头、限流电阻R3、继电器J1、续流二极管D1、以及两只NPN型三极管放大器Q1、Q2，信号取样电阻R1、R2，输出端控制喷气织机停车装置，其特征在于此纬纱检测头为压电陶瓷IC1，压电陶瓷IC1在没有受到外力挤压摩擦时有10V电平输出，当受到外力摩擦挤压时变为0V电位，当每支纬纱经过压电陶瓷IC1时会摩擦产生0V电平信号，喷气织机正常运行，若纬纱不摩擦压电陶瓷IC1时电平信号变为10V，继电器J1吸合进而输出电路导通，驱动喷气织机停车装置。
3. 205111728 一种龙头偏心凸轮定规
CN
30.03.2016
B25B 27/00 Loading...
B25B 27/00
Loading...
201520894269.9
山东万泰创业投资有限公司
曹东峰
B25B 27/00
Loading...
本实用新型涉及一种龙头偏心凸轮定规，由定规主体、定规手柄组成，其中定规主体前端为定规插头，后端为定规尾柱，定规主体在定规尾柱侧有一圆孔，定规手柄穿过此圆孔，固定在定规主体上。此实用新型的定规插头前端为锥形，最顶端处切割成圆台形状。此技术可以快速有效地对纺织剑杆布机安装、拆卸、维修。
4. 204014903 多层面皮复合机
CN
17.12.2014
A21C 3/02 Loading...
A21C 3/02
Loading...
201420454324.8
尚宝泰机械科技(昆山)有限公司
吴海奇
A21C 3/02
Loading...
本实用新型公开了一种多层面皮复合机，包括至少三台面皮成型机、至少两台面皮复合机和面皮输送机构，所述至少三台面皮成型机按照面皮输送顺序依次排列，自第二台面皮成型机开始，相邻两台面皮成型机之间设置一台面皮复合机，面皮输送机构沿面皮成型机排列方向延伸输送面皮，本实用新型采用分多次压合的方式进行多层面皮的压合成型，使得多层面皮的边缘整齐，整体粘合牢固，两层之间不易脱离，其自动实现多层面皮的复合，结构简单，操作方便，加工速度快。
5. 204014899 休闲食品油炸机
CN
17.12.2014
A21B 5/08 Loading...
A21B 5/08
Loading...
201420454322.9
尚宝泰机械科技(昆山)有限公司
吴海奇
A21B 5/08
Loading...
本实用新型公开了一种休闲食品油炸机，包括机架、油锅、上层网板链、下层网板链和第一、二驱动装置，所述油锅固定于机架上，上层网板链和下层网板链分别定位于机架上，上、下层网板链相对的侧壁同向运动，且上、下层网板链均从油锅中穿过，上层网板链和下层网板链位于油锅内部分相互结合形成一闭合的输送通道，所述该闭合的输送通道的侧壁上形成有若干供油进出的网孔，第一、二驱动装置分别驱动上、下层网板链做输送动作，油锅上形成有进、出油口，本实用新型有效避免了零小食品滞留油锅内反复油炸，保证了油锅内油的纯净度，有利于控制油温和食品油炸口感，保证食品健康，提高了油炸效率，降低了生产成本。
6. 203612263 一种全自动食品生产包装设备
CN
28.05.2014
B65B 37/00 Loading...
B65B 37/00
Loading...
201320651257.4
尚宝泰机械科技（昆山）有限公司
吴海奇
B65B 37/00
Loading...
本实用新型公开了一种全自动食品生产包装设备，它包括机架，所述机架上设置有带动下包装膜在机架上运动的带动装置，所述机架的前端位置上安装有下包装膜成形的成形模具，所述机架的后端位置上安装有将上包装膜和下包装膜压合在一起的抽真空热压模具，在机架上且位于成形模具和抽真空热压模具之间的位置上活动安装有若干个下料装置，所述下料装置由安装在机架上的伺服电机带动沿与机架长度方向相垂直的方向运动。本实用新型可以大大提高食品生产和包装的效率。
7. 203593825 分绞板
CN
14.05.2014
D02H 9/00 Loading...
D02H 9/00
Loading...
201320723760.6
山东万泰创业投资有限公司
段成立
D02H 9/00
Loading...
一种分绞板，包括板体，板体上开有多个互相平行排列的浅槽和深槽，浅槽和深槽均带有向上的开口，浅槽与深槽交替穿插设置，深槽的深度是浅槽的三倍。本申请人在原分绞板的基础上进行了改造，把原分绞板的七个浅槽（槽内的高度完全一致）改造为四个浅槽和三个深槽（即①、③、⑤、⑦为浅槽，②、④、⑥为深槽），加工后深槽的深度是浅槽的三倍，这样纱线能够分开层次，解决了织轴纱面绞纱的问题，能够有效避免织造断头。生产缎纹、多臂织物组织等高密度品种的织轴，由过去人工穿扣改为由结经机结经，穿扣工序的生产效率提高了8倍，同时织造效率也有很大提高。
8. 203593886 浆纱机磨擦盘自动加油装置
CN
14.05.2014
D06B 23/00 Loading...
D06B 23/00
Loading...
201320723759.3
山东万泰创业投资有限公司
冯伟
D06B 23/00
Loading...
一种浆纱机磨擦盘自动加油装置，包括大墙板和小墙板，大墙板一侧相对旋转安装有磨擦盘，大墙板上相对旋转安装有车头拖引辊，车头拖引辊的轴头传动连接有主动链轮，小墙板通过连接架相对旋转安装有从动链轮，主动链轮与从动链轮之间传动连接有链条，链条与磨擦盘位于大墙板同一侧；大墙板一侧还安装有刮油板和分油凹槽，刮油板与链条滑动接触，刮油板倾斜设置，分油凹槽与刮油板相通，分油凹槽也倾斜设置，分油凹槽下端位于磨擦盘上方；磨擦盘下方设有接油盒，从动链轮位于接油盒内。本实用新型结合设备地运转进行了改造，在浆纱机车头拖引辊轴头固定安装了一个主动链轮，在小墙板下方安装了一个从动链轮，从动链轮浸入在接油盒内。
9. 203593880 束状染色机
CN
14.05.2014
D06B 3/04 Loading...
D06B 3/04
Loading...
201320723758.9
山东万泰创业投资有限公司
郭强
D06B 3/04
Loading...
一种束状染色机，包括染槽，染槽内设有染槽导辊组，染槽导辊组包括初位染槽导辊，染槽入口处设有染槽导向辊，染槽导向辊与初位染槽导辊上下相对应，染槽上方设有轧车，轧车上方设有氧化滚筒组，氧化滚筒组包括末位氧化滚筒，氧化滚筒组上方相对旋转安装有第一转向辊和第二转向辊，第一转向辊与末位氧化滚筒上下相对应，第二转向辊与初位染槽导辊上下相对应；末位氧化滚筒下方相对旋转安装有水洗槽导向辊，水洗槽导向辊与末位氧化滚筒上下相对应。氧化滚筒组上方还相对旋转安装有张力压辊，张力压辊位于第一转向辊与第二转向辊之间；张力压辊的截面最低点位于第一转向辊截面最高点与第二转向辊截面最高点连线的下方。该机器能够生产特深蓝、超深蓝等靛蓝染色产品。
10. 203555642 一种食品加工用的下料装置
CN
23.04.2014
A47J 43/044 Loading...
A47J 43/044
Loading...
201320650825.9
尚宝泰机械科技（昆山）有限公司
吴海奇
A47J 43/044
Loading...
本实用新型公开了一种食品加工用的下料装置，它包括料桶，所述料桶上具有一进料口和一出料口，料桶上可转动地安装有一空心轴和一螺旋轴，所述螺旋轴插套在空心轴的中心孔中，所述空心轴和螺旋轴分别与一电机主轴连接，所述空心轴上固定有搅拌叶片，所述螺旋轴上固定有呈螺旋状的螺旋叶片。本实用新型具有生产效率高，而且它可以提高食品的品质，同时它还具有结构紧凑的特点，能起到节省空间的作用。
11. 103600872 Full-automatic food production and packaging device
CN
26.02.2014
B65B 37/00 Loading...
B65B 37/00
Loading...
201310497277.5
尚宝泰机械科技（昆山）有限公司
吴海奇
B65B 37/00
Loading...
The invention discloses a full-automatic food production and packaging device. The full-automatic food production and packaging device comprises a frame; the frame is provided with a driving device which is used for driving a lower packaging film to move on the frame; a forming die which is formed by the lower packaging film is arranged at the position of the front end of the frame; a vacuum pumping hot pressing die which enables an upper packaging film and the lower packaging film to be pressed together is arranged at the position of the rear end of the frame; a plurality of discharging devices are flexibly arranged on the frame and between the forming die and the vacuum pumping hot pressing die; the discharging devices are driven by a servo motor which is arranged on the fame to move along the direction which is perpendicular to the direction of the length of the frame. According to the full-automatic food production and packaging device, the food production and packaging efficiency can be greatly improved.
12. 103334201 含有胶原蛋白纤维的环保多功能纺织品及其制备方法
CN
02.10.2013
D03D 15/00 Loading...
D03D 15/00
Loading...
201310262064.4
山东万泰创业投资有限公司
张本孟
D03D 15/00
Loading...
一种环保的同时还具有多种功能性的含有胶原蛋白纤维的环保多功能纺织品及其制备方法，其面料中各组份所占重量百分比为：胶原蛋白纤维40～50%；里奥竹纤维 20～30%；Modal纤维10～20%；棉纤维10～20%，分别进行清花、梳棉、并条、粗纱、细纱等逐工序纺制成四组份纤维的多功能纱，再经整经、浆纱、穿筘等逐工序最终织造成织物。
13. 102827456 环氧树脂组合物及其制备方法
CN
19.12.2012
C08L 63/00 Loading...
C08L 63/00
Loading...
201210330052.6
黄山金瑞泰投资发展有限公司
周颖坚
C08L 63/00
Loading...
本发明的目的在于提供一种具有明晰的软化点，良好的溶解性及长期稳定贮存期的B阶状态的环氧树脂组合物及其反应挤出制备法。该组合物包含：(A)环氧树脂；(B)环氧树脂复合固化剂，该(B)环氧树脂复合固化剂的反应性基的当量，相对于(A)环氧树脂的环氧基的当量的比0.1≤(固化剂)/(环氧树脂)≤3.0；以螺杆挤出机为反应器进行该B阶状态环氧组合物的制备，具有较好的经济效益，所得的产物在玻璃钢制品，涂料，胶粘剂，碳纤维复合材料及刚性泡沫塑料等方面有应用潜力。
14. 102096028 Local discharge monitoring sensor of noninvasive high-voltage switch cabinet
CN
15.06.2011
G01R 31/12 Loading...
G01R 31/12
Loading...
201010548396.5
Tai'an Power Supply Company of Shandong Electric Power Corporation
Zhu Xinzhi
G01R 31/12
Loading...
The invention relates to a local discharge monitoring sensor of a noninvasive high-voltage switch cabinet, which mainly comprises an insulating shell, a plug fixed on the insulating shell, a resonant cavity fixed in the insulating shell, an ultrasonic sensor and an electromagnetic sensor, wherein the resonant cavity is connected with the plug through a circuit. The local discharge monitoring sensor of the noninvasive high-voltage switch cabinet has the characteristics of safety, portability and high efficiency and overcomes the defects of the traditional monitoring system.
15. 201845070 一种配电网络电力设备内部放电监测传感器
CN
25.05.2011
G01R 31/12 Loading...
G01R 31/12
Loading...
201020612073.3
山东电力集团公司泰安供电公司
朱薪志
G01R 31/12
Loading...
本实用新型是有关于一种配电网络电力设备内部放电监测传感器，包括绝缘外壳、贴片天线、套筒天线、滤波单元和插头，其中：插头固定在绝缘外壳上，并依次连接绝缘外壳内的滤波单元、套筒天线和贴片天线。本实用新型可以非侵入的方式监测高压开关柜、电缆分支箱、电缆接头等设备因内部绝缘缺陷而造成的局部放电，使用更加安全、方便，监测更加高效，尤其适合应用于配电网络中大量电力设备绝缘状态的快速普查，且设备轻巧、便携，符合经济效益，适于广泛推广使用。
16. 101363157 Blended lining of jade fabric, soybean fabric and cotton fiber and production technology thereof
CN
11.02.2009
D03D 15/00 Loading...
D03D 15/00
Loading...
200810139850.4
Shandong Wantai Enterprise & Investment Co., Ltd.
Zhang Baohua
D03D 15/00
Loading...
The invention relates to a jade fiber, soybean fiber and cotton fiber blended fabric which is characterized in that the fabric is formed by blending the jade fiber, the soybean fiber and the cotton fiber by weight percentage: 30-40 % of the jade fiber, 20-30% of the soybean fiber and 30-50 % of the cotton fiber. The production process of the fabric is that: (1) the jade fiber, the soybean fiber is treated by the blowing process, the speed of beater of an opener is 480 r/min, the speed of beater of a single beater scutcher is 960 r/min, and the lap roller rotate speed is 800 r/min; (2) in the carding process, the speed of a cylinder is 360 r/min, the boffer speed is 19 r/min, and the speed of cubing rolls is 800 r/min; (3) in the roving process, the roving twist number is 3.57; in the yarn process, the speed of the ingot is 13600 r/min, a postzone drafting multiple is 1.214; (4) in the weaving process, the rear spar height is 70mm; the warp stopping bracket height is 65mm; the opening time is 290mm. The fabric is characterized by magnificent appearance, good comfort, meanwhile, has health care function.
17. 101363153 Blended elastic yarn of milk fiber, silk yarn, leica and cotton and production technology thereof
CN
11.02.2009
D02G 3/02 Loading...
D02G 3/02
Loading...
200810139848.7
Shandong Wantai Enterprise & Investment Co., Ltd.
Zhang Baohua
D02G 3/02
Loading...
The invention relates to a blended stretch yarn which is formed by blending milk fiber, spun silk, Le Car and cotton fiber blended fabric; wherein, the yarn comprises the following component by weight percentage: 19-30% of milk fiber, 25-43% of spun silk, 5-8% of Le Car, 20-50% of cotton fiber. The blowing process adopts the technological principle of light ratio, low speed and anti-licking, the speed of beater is reduced, the fiber damage is reduced, the moderate antistatic agent is sprayed on the cotton roll, and the cotton roll is wrapped. In the carding process, the speed ration of a cylinder and cubing rolls is improved, and the gauge of a cover board and the cylinder is enlarged. In the doubling process, a first rear draft multiple is grasped in the slightly larger way; the clockwise drafting three combination process is adopted. A spinning machine dismantles a cross traverse gear, so as to avoid spandex deviation, and the twist factor is grasped in the slightly larger way. In the cheese winding process, the cheese winding adopts the techniques of the low speed, light tension, small elongation and elastic security. The yarn has health care function on the nervous system, and significantly improves indicators of color fastness, brightness, strength, etc.
18. 101363156 Viloft shengma smooth edge denim and production technology thereof
CN
11.02.2009
D03D 15/00 Loading...
D03D 15/00
Loading...
200810139849.1
Shandong Wantai Enterprise & Investment Co., Ltd.
Zhang Chenghui
D03D 15/00
Loading...
The invention relates to VILOFT sunn crotataria plain edge jean which comprises the following components by weight percentage: 20-40% of VILOFT fiber, 20-40% of sunn crotataria, 20-40% of one or multiple of cotton fiber, color cotton fiber, prolivon, cashmere, milk fiber, soybean fiber, tencel yarn, flax, silk, etc. In the picking process, the lap pressure is weighted, multi-combing and little beating, combing instead of beating are adopted, the speed of each beater is reduced, and the gauge of the beater and grid bars is enlarged. In the carding process, the lap is fully carded and the card sliver quota is increased; in the drawing process, the clockwise drawing process is adopted, the gauge is enlarged; the pressurizing quantity is improved and the vehicle speed is reduced, the combination process and the three blending combination process are adopted, and the first tension drawing multiple is grasped in a slightly large way; in the spinning process, large postzone roller gauge, small postzone draft multiple and small nip gauge are required, the vehicle speed is reduced, and the pressure is increased. The fabric of the jean has the advantages of environment protection, moderate elastic, soft texture, good luster and drapability, and obviously bamboo joint effect.

