1. 105384195 一种从钼冶炼废酸中回收铼的方法
CN
29.03.2017
C01G 47/00 Loading...
C01G 47/00
Loading...
102015000928911
中国地质科学院郑州矿产综合利用研究所
刘红召
C01G 47/00
Loading...
本发明公开了一种从钼冶炼废酸中回收铼的方法，属于金属铼回收利用技术领域。该方法包括：1)将钼冶炼废酸过滤，滤液经复合胺基乙烯系弱碱型阴离子交换树脂柱吸附，至吸附饱和；2)吸附饱和后用氨水解吸，收集解吸液，蒸发结晶得到高铼酸铵。其中，复合胺基乙烯系弱碱型阴离子交换树脂对铼的饱和吸附量大，解吸液中铼含量较废酸中铼富集100倍以上，并且相较现有萃取法和离子交换法对铼的回收率高，达98％以上。同时利用高铼酸铵、钼酸铵、硫酸铵的溶解度差异，采用蒸发结晶操作纯化高铼酸铵，所得高铼酸铵的纯度达99.9％以上。本发明中铼回收工艺简单、环保，操作简便，适于规模化生产应用。
2. 106525167 基于电磁波流量计和超声波浓度计的白钨粗精矿计量方法
CN
22.03.2017
G01F 1/58 Loading...
G01F 1/58
Loading...
201610937525.7
洛阳栾川钼业集团股份有限公司
王向辉
G01F 1/58
Loading...
一种基于电磁波流量计和超声波浓度计的白钨粗精矿计量方法，将电磁波流量计和超声波浓度计串联安装在粗精矿管道上，采用RS485通讯协议实现计量仪表与终端机的通讯，在终端机上将数据进行收集计算并换算后，在人机窗口上实现数据的显现，实时监控、查看，本发明的有益效果是：在实践应用中，本系统安全可靠，计量准确，误差率小，能够准确计量当班、当天、当月以及累积粗精矿重量，为上游工序药剂添加提供可靠依据，更好的组织好生产，产生巨大的经济效益和社会效益。
3. 206009006 一种防止气路堵塞的浮选柱
CN
15.03.2017
B03D 1/24 Loading...
B03D 1/24
Loading...
201620860166.5
洛阳栾川钼业集团股份有限公司
喻建冬
B03D 1/24
Loading...
一种防止气路堵塞的浮选柱，包括浮选柱和储气包，所述浮选柱上设有环形气管，所述环形气管的所在平面不低于浮选柱的顶部，所述环形气管之间设有法兰，所述环形气管通过气管与储气包的出气口连接，所述储气包的底部排污口处设有定时器及电磁阀，所述的环形气管是两个半圆形管道，通过法兰连接固定，所述法兰可拆卸，本实用新型所述的一种防止气路堵塞的浮选柱，有效的解决了气路进水及浮选柱环形气管及发泡枪堵塞的情况，其结构简单、制作成本低，提高了运转效率。
4. 206008881 一种球磨机慢传制动装置
CN
15.03.2017
B02C 17/24 Loading...
B02C 17/24
Loading...
201620860438.1
洛阳栾川钼业集团股份有限公司
喻建冬
B02C 17/24
Loading...
一种球磨机慢传制动装置，包括慢传紧急制动装置、慢传电机和慢传减速机，所述慢传紧急制动装置固定在机架上，包括电力液压制动器、推杆、两组连接件和闸瓦，所述两组连接件的下端连接在机架上，中部与左、右闸瓦连接，上端分别与电力液压制动器的一端和推杆连接，所述的左、右闸瓦之间设有制动轮，所述制动轮固定在电机轴上，所述连接件与推杆、闸瓦和机架的连接方式均为销轴活动连接，本实用新型所述的一种球磨机慢传制动装置，设计简单、实用性强的特点，可实现检修盘球磨机时的快速制动，安全系数高，避免了制动装置刹车盘温度过高，刹车片断裂，刹车制动失灵，慢驱电机损坏或报废，提高了球磨机检修换衬板的工作效率。
5. 103742799 一种移动式升降照明灯
CN
15.03.2017
F21L 4/08 Loading...
F21L 4/08
Loading...
102013000609900
洛阳栾川钼业集团股份有限公司
刘战阳
F21L 4/08
Loading...
一种移动式升降照明灯，本发明通过在车体（15）的下部设有车轮（19），在车体上面的中部设有立柱（13），在所述立柱的顶端设有限位柱（9），在所述限位柱的上部套接有升降柱（20），在立柱的中部设有固定柱（25），所述固定柱的顶端设有滑轮A（26），所述滑轮A上缠绕有钢丝绳（29），所述钢丝绳一端缠绕在车体内的卷动轴（6）上，钢丝绳的另一端固定在升降柱的內缘面上形成升降机构，在升降柱上部的外缘面上设有至少一个照明灯（4），大大降低了企业的用电成本，本发明具有结构简单，操作方便、移动方便、照射范围广等特点，特别适合在露天环境下工作。
6. 206017036 一种尾矿库水发电装置
CN
15.03.2017
F03B 13/00 Loading...
F03B 13/00
Loading...
201620860439.6
洛阳栾川钼业集团股份有限公司
喻建冬
F03B 13/00
Loading...
一种尾矿库水发电装置，包括尾矿坝回水，所述尾矿坝回水的底部设有回水管道，所述回水管道的另一端设有发电机组，所述发电机组排出的水通过管道流入回水池，所述发电机组是涡轮发电机组，通过四象限变频器进行涡轮机转速调节，通过异步电动机与四象限变频器实现发电并网，所述的异步电动机与四象限变频器通过可编程控制器实现系统的自动调节控制，本实用新型所述的一种尾矿库水发电装置，根据实际现状安装两台涡轮发电机组，与回水管道对接，利用回水势能，驱动涡轮发电机组发电，实现势能回收利用，结构简单方便，同时减小尾矿库水坝的蓄水压力。
7. 106481357 露天矿侧崩充填治理采空区的方法
CN
08.03.2017
E21F 15/00 Loading...
E21F 15/00
Loading...
102016000938410
洛阳栾川钼业集团股份有限公司
王春毅
E21F 15/00
Loading...
本发明所述的露天矿侧崩充填治理采空区方法,是针对层间原岩厚度薄的极复杂多层高危复合空区，沿空区周边穿凿多排深孔，每一深孔分段装填条形炸药，下部条形炸药逐排起爆，条形炸药的爆炸应力形成聚合效应，足以充分破碎矿石并克服侧向岩石的阻力，将爆破体抛掷于空区实施充填，达到解除空区危险的目的，上部条形药柱以台阶临空面及下部强制爆破后形成的自由面起爆后上抛下落，能充分破碎，并进一步充填采空区。该方法避免在空区上方施工作业的危险，且只需进行一次爆破作业即可达到处理层间原岩厚度薄的极复杂多层复合空区的目的，与其他方案相比，不仅能够简化空区处理工艺，还具有作业周期短、施工安全、综合成本低等方面的优点。
8. 106390537 一种二段浓密回收细粒级白钨矿的方法
CN
15.02.2017
B01D 21/01 Loading...
B01D 21/01
Loading...
201610937499.8
洛阳栾川钼业集团股份有限公司
贾宗植
B01D 21/01
Loading...
一种两段浓密回收细粒级白钨矿的方法，包括如下步骤：第一步，对二段浓密机进行改造，与原先的一段浓密机形成串连流程；第二步，一段浓密机旁边建溢流泵池，一段浓密机溢流进入溢流泵池，通过泵打入二段浓密机浓密，二段浓密机底流返回到一段浓密机继续浓密，二段浓密机溢流进入原矿泵池，残留药剂进入粗选循环利用；第三步，每班固定往一段浓密机中添加絮凝剂加速浓密机的沉淀，既保证浓密机溢流浓度降低，又保证精选指标的稳定。
9. 106345245 一种WSA湿法制酸中除沫器的结构改进方法
CN
25.01.2017
B01D 53/50 Loading...
B01D 53/50
Loading...
102016000917637
洛阳栾川钼业集团股份有限公司
张五兴
B01D 53/50
Loading...
一种WSA湿法制酸中除沫器的结构改进方法，本发明保留了原除沫器中的塔体、气体出口、第一阀门、排污管、气体进口、柱状纤维除雾器、支架及一次水管道，将塔体的中段增长以加大塔体的内置空间，由PP丝网除沫器替代原玻璃纤维除雾器，并在环状的一次水管道配置数个面向PP丝网除沫器的空心锥喷嘴，此外还在该内置空间增设了碱液喷淋装置和海尔环填料层，本发明并不影响WSA湿法制酸的整体工艺，只是对废气再处理工序中的除沫器进行了结构改进，使其结构更加合理，SO2的二次吸收得到解决，具有结构简单合理，运行经济、除沫效果可靠之特点。
10. 106311488 一种白钨加温精选尾矿中萤石回收的选矿方法
CN
11.01.2017
B03D 1/018 Loading...
B03D 1/018
Loading...
201610937500.7
洛阳栾川钼业集团股份有限公司
王延锋
B03D 1/018
Loading...
一种白钨加温精选尾矿中萤石回收的选矿方法，本发明涉及萤石浮选选矿技术领域，特别涉及白钨加温精选尾矿中萤石浮选回收选矿技术领域，成功解决白了钨加温精选尾矿中萤石难以综合回收利用的难题，采用碳酸钙优先浮选—萤石浮选流程，通过优先浮选脱除可浮性较好的碳酸钙等脉石矿物，然后进行萤石浮选，可以得到含CaF2 91.88%、CaCO3 4.32%的萤石精矿，萤石精矿的CaF2回收率为46.07%。
11. 106312511 一种圆锥破碎机衬板的拆卸方法
CN
11.01.2017
B23P 19/02 Loading...
B23P 19/02
Loading...
102016000934699
洛阳栾川钼业集团股份有限公司
吴玉洁
B23P 19/02
Loading...
本发明公开了一种圆锥破碎机衬板的拆卸方法，具体包括以下步骤：第一步，在衬板上端面设置一压板，压板沿衬板上端口直径方向布置，并且压板的直径小于圆锥破碎机定锥的内径；第二步，在压板上端面的左右两侧分别设置有千斤顶，千斤顶的顶举杆上端顶靠在圆锥破碎机的上臂架的下表面上；第三步，启动千斤顶，千斤顶的顶举杆在举升过程中，圆锥破碎机的上臂架给千斤顶一个向下的作用力，千斤顶推动压板向下移动，进而使得压板向下推动衬板，最终使衬板从圆锥破碎机定锥内部脱离。
12. 106269264 氰化物做铜钼分离抑制剂的钼精选尾矿中回收铜的方法
CN
04.01.2017
B03D 1/00 Loading...
B03D 1/00
Loading...
201610650216.1
洛阳栾川钼业集团股份有限公司
吴玉洁
B03D 1/00
Loading...
本发明提供了一种氰化物做铜钼分离抑制剂的钼精选尾矿中回收铜的方法，解决了被氰化物抑制的硫化铜矿物难以活化、回收效果差的难题，有利于被氰化物抑制的硫化铜矿物的高效回收，能够获得理想的选铜指标，本发明不仅可以减少铜资源的损失，而且给企业带来了一定的经济效益和社会效益。
13. 205774715 钼精矿焙烧多膛炉用耙臂拆卸安装装置
CN
07.12.2016
C22B 1/02 Loading...
C22B 1/02
Loading...
202016000515567
洛阳栾川钼业集团股份有限公司
杨新峰
C22B 1/02
Loading...
本实用新型公开一种钼精矿焙烧多膛炉用耙臂拆卸安装装置，其包括用于对耙臂与中轴之间的连接销进行拆卸、安装操作的快拆杆和用于对耙臂进行从高温多膛炉中取出、送入操作的卡接装置及牵引机构；快拆杆包括杆体，杆体一端设置有与连接销相匹配的U型接头，另一端设置有与杆体垂直的手柄；卡接装置包括配重梁，配重梁一端设置有一与耙臂相卡接的燕尾板，另一端活动连接有一调向杆，调向杆下部通过拉杆悬吊有一配重托盘，配重托盘内放置有配重块，牵引机构通过导链与配重梁相连接。本实用新型大大降低耙臂更换时间，有效提高了多膛炉焙烧设备运转率，为多膛炉焙烧技术的进步完善提供了技术支撑。
14. 105964416 一种外置式浮选柱分配给矿器
CN
28.09.2016
B03D 1/14 Loading...
B03D 1/14
Loading...
201610506066.7
洛阳栾川钼业集团股份有限公司
王延锋
B03D 1/14
Loading...
一种外置式浮选柱分配给矿器，包括给矿总管（2）、矿浆分配器（3）和矿浆分配支管（8），所述矿浆分配器固定设置在浮选柱体（5）的顶部，在矿浆分配器下部的外缘面上设有复数根矿浆分配支管，所述矿浆分配支管的下端处于浮选柱体的内部，所述矿浆分配器的上端连接给矿总管的一端，给矿总管的另一端连接搅拌桶（1），本发明通过在浮选柱体的顶部设置矿浆分配器，然后在矿浆分配器下部设置矿浆分配支管，矿浆分配支管的下端处于浮选柱体内，该结构具有不易堵塞，易于更换、维修，提高设备运转率等特点，特别适合大范围的推广和应用。
15. 105952455 一种露天矿崩落法处理复杂空区后的安全评估方法
CN
21.09.2016
E21C 41/26 Loading...
E21C 41/26
Loading...
201610288393.X
洛阳栾川钼业集团股份有限公司
王洛锋
E21C 41/26
Loading...
本发明所述的一种露天矿崩落法处理复杂空区后的安全评估方法，是以处理空区塌实程度、下部空区稳定性影响因素、虚渣厚度等指标为基础的半定量的崩落法处理空区后的危险性评估标准，该标准共有19种不同的指标组合，对应安全、相对安全、相对危险、危险、极危险等五大类危险程度。通过对空区处理后的爆区进行危险程度评估及制定残矿资源回收方案，可以为回收残矿资源及后续下部空区处理提供可靠的依据，降低采空区诱发的安全风险，保证矿山安全生产，提高资源回收率。
16. 105821203 钼精矿焙烧多膛炉用耙臂拆卸安装装置及拆卸安装方法
CN
03.08.2016
C22B 1/02 Loading...
C22B 1/02
Loading...
201610376080.X
洛阳栾川钼业集团股份有限公司
张五兴
C22B 1/02
Loading...
本发明公开一种钼精矿焙烧多膛炉用耙臂拆卸安装装置，其包括用于对耙臂与中轴之间的连接销进行拆卸、安装操作的快拆杆和用于对耙臂进行从高温多膛炉中取出、送入操作的卡接装置及牵引机构；快拆杆包括杆体，杆体一端设置有与连接销相匹配的U型接头，另一端设置有与杆体垂直的手柄；卡接装置包括配重梁，配重梁一端设置有一与耙臂相卡接的燕尾板，另一端活动连接有一调向杆，调向杆下部通过拉杆悬吊有一配重托盘，配重托盘内放置有配重块，牵引机构通过导链与配重梁相连接；同时公开一种钼精矿焙烧多膛炉用耙臂拆卸安装方法。本发明大大降低耙臂更换时间，有效提高了多膛炉焙烧设备运转率，为多膛炉焙烧技术的进步完善提供了技术支撑。
17. 205392629 一种省力安全高效的更换球磨机衬板装置
CN
27.07.2016
B02C 17/18 Loading...
B02C 17/18
Loading...
201620154188.X
洛阳栾川钼业集团股份有限公司
郭石锋
B02C 17/18
Loading...
一种省力安全高效的更换球磨机衬板装置，包括钢球面、筒体和圆筒塞，所述筒体内的钢球面上设有提升电机，所述提升电机上设有绞盘，绞盘上设有钢丝绳，所述钢丝绳穿过滑轮后与钩抓连接，所述滑轮固定在挂杆上，所述钩抓与衬板连接，所述圆筒塞出设有运输小车，本实用新型所述的一种省力安全高效的更换球磨机衬板装置，制作方便，成本低廉，可推广到利用球磨机磨矿的金属矿山行业中，更换一台磨机衬板需要3~4个工作班即可完成，缩短了6~7工作班，大大减少检修人员数量，改善职工工作条件，而且省力安全高效，提高了设备运转率，提升了企业生产效益。
18. 105488729 一种浮选型多金属尾矿库二次开发利用的资源量调查方法
CN
13.04.2016
G06Q 50/02 Loading...
G06Q 50/02
Loading...
201510931326.0
洛阳栾川钼业集团股份有限公司
李继涛
G06Q 50/02
Loading...
一种浮选型多金属尾矿库二次开发利用的资源量调查方法，本发明通过对尾矿库进行合理取样，然后根据坝顶面取样孔化验品位分布曲线，确定粗粒区钨品位和平均品位的关系，利用水平断面法、横剖面法或三维实体模型法确定被调查尾矿库资源量调查结果，可以为尾矿库开发利用前所进行的可行性研究和经济评价提供可靠的资源量数据，解决地质取芯钻机在尾矿库资源调查中的不足，本发明与地质钻机勘探尾矿库方案相比，具有操作简单、适用性强、精度高、勘探成本低等优点。
19. 205000991 一种用于井下的监控系统
CN
27.01.2016
E21F 17/18 Loading...
E21F 17/18
Loading...
201520431885.0
洛阳栾川钼业集团股份有限公司
王振奇
E21F 17/18
Loading...
一种用于井下的监控系统，本实用新型将井下采集的数据信息通过G.hn无线技术汇总至无线传输模块；无线传输模块与井上监控中心双向连接，将井下采集汇总的数据信息传送至井上监控中心，本实用新型具有速度快，G.hn技术标没有速度限制，理论上支持1Gbps的数据传输速度，可以提供相当于目前无线网络技术吞吐量的近20倍速率，也可以提供有限网络的近3倍速率；低功耗，满足Smart？Gid和European？CoC要求；实现结构简单，功能完备，在现有井下监控网络条件下，可实现高质量、安全的数据信息传输，有利于井下数据信息的安全传输与监控。
20. 105170335 一种浮选高浓度白钨粗精矿的工艺
CN
23.12.2015
B03D 1/00 Loading...
B03D 1/00
Loading...
201510285726.9
洛阳栾川钼业集团股份有限公司
贾宗植
B03D 1/00
Loading...
本发明属于选矿工艺技术领域，主要涉及一种浮选高浓度白钨粗精矿的工艺。白钨粗精矿品位为1.3%左右，加温桶矿浆浓度在65%以上，加温桶规格为φ5.0×5.5m，矿浆高度为3.0m，脱药剂按单耗65kg/t粗精矿的量计算添加，在高温搅拌条件下，使石英、萤石、硅酸盐类等脉石矿物与白钨矿有效分离。矿浆加温脱药过程完成后，将矿浆加清水稀释至35%—40%浓度进入精选作业，并适当小开浮选机进气阀门，确保浮选作业矿浆液面平稳，就能使白钨颗粒和脉石矿物短时间得到有效分离，白钨颗粒能很快富集于气泡表面，并随之刮出，获得白钨精矿。矿浆浮选时间基本在2.0小时以内，最终白钨精矿品位仍保持在30%左右，回收率仍在96%以上。
21. 204565563 一种拆卸干燥机大齿轮的自制大拉码
CN
19.08.2015
B23P 19/02 Loading...
B23P 19/02
Loading...
201420863309.9
洛阳栾川钼业集团股份有限公司
贾宗植
B23P 19/02
Loading...
一种拆卸干燥机大齿轮的自制大拉码，包括一个钢板和两个丝杠，所述钢板上设置两个圆孔，圆孔内设置有螺纹；所述丝杠一端设置有与圆孔内部对应的螺纹，丝杠另一端设置为倒钩状；丝杠一端与钢板的圆孔螺纹连接，另一端两个倒钩向内对称设置；所述丝杠的倒钩所在的平面与钢板的下表面之间设置一个千斤顶。本实用新型提供的是用于拆卸干燥机大齿轮的自制大拉码，该装置特点是便于制作，操作灵活简单，省时省力，能及时维修设备，保证生产的正常运行。
22. 204568872 一种颗粒状物料半自流自动给料装置
CN
19.08.2015
B65G 65/46 Loading...
B65G 65/46
Loading...
201520242148.6
洛阳栾川钼业集团股份有限公司
张五兴
B65G 65/46
Loading...
一种颗粒状物料半自流自动给料装置，包括料仓、电气控制柜、称重控制仪表、变频器；所述料仓上端设置进料螺旋，所述进料螺旋连接电气控制柜，所述料仓中部设置有减量秤体，所述减量秤体上设置有重力传感器，所述重力传感器连接称重控制仪表，所述称重控制仪表与电气控制柜连接，其特征是：所述料仓的出料口外设置有双向出料螺旋，所述双向出料螺旋连接变频器，变频器连接称重控制仪表。采用本实用新型所述的颗粒状物料半自流自动给料装置，可以提高料仓对物料的处理速度，也大大节约了成本。
23. 203698333 一种节能自动牙轮钻杆拖车架
CN
09.07.2014
B62B 3/02 Loading...
B62B 3/02
Loading...
201320826291.0
洛阳栾川钼业集团股份有限公司
刘战阳
B62B 3/02
Loading...
一种节能自动牙轮钻杆拖车架，包括车架梁、设置在车架梁前后端的车轴(18)及设置在前后车轴两端的车轮，车架梁设置为伸缩式，由前端车架梁(10)和后端车架梁(5)组成，前端车架梁上连接电机(14)，电机输出轴接丝杆(20)，电机带动丝杆与设置在前端车架梁上的螺母(17)形成螺纹副传动。本实用新型拖车架简单实用、稳定性好、安全可靠且能够适用不同尺寸托运管件。
24. 202708462 一种过浆管道加固结构
CN
30.01.2013
F16L 55/175 Loading...
F16L 55/175
Loading...
201220272951.0
洛阳栾川钼业集团股份有限公司
刘新献
F16L 55/175
Loading...
一种过浆管道加固结构，涉及一种管道加固结构，包括管道（4）本体，在管道（4）的管道壁（3）磨损严重处设置上部具有敞口的盒体（6），所述盒体（6）的两侧壁或底部套在管道（4）上，在盒体（6）内设有覆盖管道（4）的水泥砂浆（1）；本实用新型通过在破损管道处添加盒体，通过盒体内注入的水泥砂浆封闭破损的管道；实现了不停产加固磨损的过浆管道的目的。
25. 202709864 一种锅炉省煤器的管道清理装置
CN
30.01.2013
F28G 3/10 Loading...
F28G 3/10
Loading...
201220272958.2
洛阳栾川钼业集团股份有限公司
程春建
F28G 3/10
Loading...
一种锅炉省煤器的管道清理装置，涉及一种管道清理器，包括钻头、直杆（2）和连接端（3），在直杆的一端设有钻头，所述钻头直径大于所述直杆（2），所述钻头的另一端为方形或六角形的电锤或风炮连接端（3）；本实用新型利用风炮或电锤作为动力，带动直杆另一端的钻头，由钻头将管道内的水垢快速清理，克服了现有技术的强酸容易腐蚀管道的弊端。
26. 202612817 一种搅拌桶管道闭合装置
CN
19.12.2012
F16K 31/44 Loading...
F16K 31/44
Loading...
201220056381.1
洛阳栾川钼业集团股份有限公司
喻建冬
F16K 31/44
Loading...
本实用新型公开了一种搅拌桶管道闭合装置，包括搅拌桶和闭合机构，闭合机构由固定板、连杆、挡块和拉杆组成，固定板一端与搅拌桶内壁固定连接，另一端通过连杆与挡块连接，拉杆的一端与挡块固定连接，另一端位于搅拌桶的上方，拉杆的另一端上设置有固定装置。本实用新型具有设计简单、成本低廉的特点，能够迅速关闭和开启搅拌桶管道，便于搅拌桶内矿浆的顺利输送。
27. 202612433 一种卸料小车联轴器
CN
19.12.2012
F16D 3/52 Loading...
F16D 3/52
Loading...
201220056380.7
洛阳栾川钼业集团股份有限公司
赵金生
F16D 3/52
Loading...
本实用新型公开了一种卸料小车联轴器，包括套装在电机主轴上的轴套A、3块弹性连接板和套装在减速机主轴上的轴套B，轴套A与轴套B之间通过3块弹性连接板连接在一起。本实用新型结构简单、设计巧妙、结实耐用、性能可靠，能够使小车左右运转灵活，同时，有效的降低了正常运转中所产生的振动，避免了电机主轴与减速机主轴的损伤，大大延长电机及减速机的使用寿命。
28. 202533272 一种粗精矿箱的自动取样机接样器
CN
14.11.2012
G01N 1/08 Loading...
G01N 1/08
Loading...
201220068564.5
洛阳栾川钼业集团股份有限公司
高湛伟
G01N 1/08
Loading...
本实用新型公开的一种粗精矿箱的自动取样机接样器，涉及一种检测、取样设备，在样勺(4)侧面下部通过连接件(3)连接一长一短两根导管，其中，长导管(1)及短导管(2)均与连接件及样勺内部连通。使用时，样勺固定在自动取样机上，粗选的粗精矿经自动取样机进行取样，粗精矿样进入样勺，样勺中的样分流到长导管与短导管中，长导管连接到样箱外接样漏斗上进行取样，短导管将样勺中多余的样自流到30米浓密机中，避免一次取样过多，提高取样的精确性和自动化程度，并可减小工人劳动强度。
29. 202532710 一种锅炉房储水罐的自动供水装置
CN
14.11.2012
F24H 9/00 Loading...
F24H 9/00
Loading...
201220069341.0
洛阳栾川钼业集团股份有限公司
郭爱兵
F24H 9/00
Loading...
本实用新型公开的一种锅炉房储水罐的自动供水装置，通过在储水罐的进水管线上设置阀门电动执行器，在储水罐内设置浮球，浮球内置高水位触点和低水位触点，分别对应于高水位信号和低水位信号，浮球的高水位触点串接在控制阀门电动执行器的关闭控制回路中，浮球的低水位触点串接在控制阀门电动执行器的打开控制回路中。从而保证生产生活用水的有序供给，既节约水资源，又可减小工人的劳动强度。
30. 202531243 露天矿山采空区稳定性多通道无线声发射监测预警系统
CN
14.11.2012
E21F 17/18 Loading...
E21F 17/18
Loading...
201220069342.5
洛阳栾川钼业集团股份有限公司
王春毅
E21F 17/18
Loading...
本实用新型公开的一种露天矿山采空区稳定性多通道无线声发射监测预警系统，其特征是：包括传感装置、信号发射单元(5)、信号接收单元(6)和数据处理装置，所述数据处理装置包括数据采集仪(4)、信号转换仪(7)和计算机(8)，所述传感装置的传感探头(2)密封于空区(1)危险地段的探测孔内；传感探头将收集到的周围半径30-50米范围内岩石破坏声波以电信号形式通过传感装置的电缆传输到地表数据采集仪中，信号发射单元将数据采集仪的信号以无线电方式发射至监控室的信号接收单元，信号转换仪将信号处理成数字信号并输入计算机，计算机对数据进行处理并进行数据存储。可以实现对采空区进行连续监测。
31. 202527706 一种使用自动排放金属粉末还原反应生成水装置的还原炉
CN
14.11.2012
B22F 9/22 Loading...
B22F 9/22
Loading...
201220068563.0
洛阳栾川钼业集团股份有限公司
徐英伟
B22F 9/22
Loading...
本实用新型公开的一种使用自动排放金属粉末还原反应生成水装置的还原炉，包括炉体、推进系统和冷凝罐，所述冷凝罐的排水阀处接排水软管一端；所述还原炉炉头端地平面处向下设置地洞，洞内设置桶；排水软管另一端放入桶内，桶上端设置溢流嘴；要求桶容积大于冷凝水淹没冷凝罐排气口时所排出的冷凝水体积。该还原炉使用时，桶内加满水，打开冷凝罐排水阀门即可。实现使冷凝罐不存在积水现象，使还原炉因排水不及时出现料物还原不透的几率由随机出现降到现在的零，从而保证生产设备的正常高效运行。
32. 202534806 一种声光验电报警电缆钩
CN
14.11.2012
H01R 11/12 Loading...
H01R 11/12
Loading...
201220069344.4
洛阳栾川钼业集团股份有限公司
付爱民
H01R 11/12
Loading...
本实用新型公开的一种声光验电报警电缆钩，包括绝缘杆(8)、U型钩(1)，还包括验电器(6)，所述U型钩(1)与验电器(6)通过连接件(2)连接，所述连接件轴向上设有两个螺纹孔(3)；连接U型钩与验电器的连接件置于绝缘杆(8)内；绝缘杆轴向上设有对应于连接件螺纹孔间距的孔(7)，螺钉(9)从孔内穿入与连接件螺纹孔形成螺纹副，连接件(2)与绝缘杆(8)位置固定后，U型钩(1)伸出绝缘杆(8)一端。该电缆钩每次使用同时完成了检验漏电，报警发光，对安全生产提供了新保障。且连接件与绝缘杆为分体组装式结构，只需松开连接螺钉，将连接件抽出即可即可维护。
33. 202497842 一种搅拌输送装置
CN
24.10.2012
B01F 7/18 Loading...
B01F 7/18
Loading...
201220047466.3
洛阳栾川钼业集团股份有限公司
郝金朝
B01F 7/18
Loading...
一种涉及钼精矿生产领域搅拌输送装置，所述的装置包含搅拌桶、叶轮、进料斗和高速泵；所述的搅拌桶内部设有搅拌用叶轮，搅拌桶的一侧上部连通进料斗的下部，搅拌桶的另一侧下部连通高速泵的进口；所述的高速泵出口与精选流程中相应的精选桶连通；所述的装置能够安全方便的将次品钼精矿添加到精选流程中相应的精选桶内，从而便于对次品钼精矿进行再选操作。
34. 202497923 一种臂架帽
CN
24.10.2012
B02C 23/04 Loading...
B02C 23/04
Loading...
201220047433.9
洛阳栾川钼业集团股份有限公司
郝金朝
B02C 23/04
Loading...
一种涉及破碎机领域的臂架帽，所述的臂架帽包含臂架帽本体和废旧的动衬板；所述的臂架帽本体上端面固定连接动衬板的上口端面；所述的动衬板上口端面直径不小于臂架帽本体的上端面直径，动衬板的下口端面直径大于动衬板的上口端面直径；所述的臂架帽能够有效保护其本体上端面的外边缘，从而相应的延长了使用寿命，节省了维修时间，降低了生产成本。
35. 202499527 一种矿石下料漏斗
CN
24.10.2012
B65G 47/44 Loading...
B65G 47/44
Loading...
201220047312.4
洛阳栾川钼业集团股份有限公司
郝金朝
B65G 47/44
Loading...
一种涉及下料漏斗的矿石下料漏斗，所述的下料漏斗包含漏斗本体和防护板；所述漏斗本体的内壁自上而下有间隔的固定设置多层与漏斗本体内壁垂直的防护板；所述的防护板一端与漏斗本体的内壁固定连接，防护板的另一端折弯形成与漏斗本体内壁平行的折弯边，且该防护板折弯边的高度尺寸不大于该防护板与相邻上层防护板之间距离尺寸的一半；所述的漏斗不但耐磨，不易变形，而且使用寿命长，从而有效的为使用方节省了生产成本，同时也相应提高了工作效率。
36. 202497910 一种球磨机衬板结构
CN
24.10.2012
B02C 17/22 Loading...
B02C 17/22
Loading...
201220056379.4
洛阳栾川钼业集团股份有限公司
赵金生
B02C 17/22
Loading...
本实用新型公开了一种球磨机衬板结构，其包括设置在进料口端盖内壁上的进料口端盖衬板、设置在出料口端盖内壁上的出料口端盖衬板和设置在筒体内壁上的筒体衬板，进料口端盖衬板由进料口端盖内圈衬板和进料口端盖外圈衬板构成，出料口端盖衬板由出料口端盖内圈衬板和出料口端盖外圈衬板构成，进料口端盖内圈衬板的厚度比进料口端盖外圈衬板的厚度厚20cm，出料口端盖内圈衬板的厚度比出料口端盖外圈衬板的厚度厚60cm，所述的筒体衬板靠近进料口端盖的3圈衬板比靠近出料口端盖的3圈衬板的厚度厚20cm。本实用新型结构简单、设计巧妙，根据球磨机衬板实际的磨损程度而对相应位置进行加厚或减薄，大大延长了球磨机衬板的整体使用寿命。
37. 202497909 一种改进的格子型球磨机格子衬板
CN
24.10.2012
B02C 17/22 Loading...
B02C 17/22
Loading...
201220054791.2
洛阳栾川钼业集团股份有限公司
赵金生
B02C 17/22
Loading...
本实用新型公开了一种改进的格子型球磨机格子衬板，其包括外圈衬板和内圈衬板，外圈衬板由12块扇形格子板组成整体环形衬板，内圈衬板由12块扇形格子板组成整体圆形衬板，内圈衬板位于外圈衬板的中心孔内，且内圈衬板的外圆直径与外圈衬板的中心孔直径相吻合。本实用新型将原有的中心衬板去掉，设计成直接由内圈衬板的一部分代替了中心衬板，工作过程中，由于内圈衬板通过螺栓固定在出料口端盖上，因此，运转中内圈衬板不会脱落，使得球磨机不容易出现故障，提高了设备运转率，降低了劳动强度。
38. 202499476 一种运输皮带
CN
24.10.2012
B65G 15/30 Loading...
B65G 15/30
Loading...
201220050861.7
洛阳栾川钼业集团股份有限公司
宋念平
B65G 15/30
Loading...
一种涉及运输带领域的运输皮带，所述的皮带断裂处的两接口端面对应粘接的一面分别设有对称且均匀的阶梯面，且皮带两接口端的阶梯面吻合对应后固定粘接在一起；在皮带正反两面因阶梯面相互粘接后出现的粘合缝处粘接有封口胶带；所述的封口胶带与皮带粘接的一面为橡胶面，封口胶带的长度为60～80cm，封口胶带的宽度与皮带的宽度相等，且封口胶带的中心线对应皮带的粘合缝；所述的皮带能够有效增强断裂接口处的粘接强度，并增大接口粘接处的抗拉伸力，从而相应延长了运输皮带的使用寿命。
39. 202501991 一种自动取样装置
CN
24.10.2012
G01N 1/04 Loading...
G01N 1/04
Loading...
201220050835.4
洛阳栾川钼业集团股份有限公司
宋念平
G01N 1/04
Loading...
一种涉及矿石取样装置的自动取样装置，所述的装置包含上套筒、下套筒、取样管和接料槽；所述上套筒和下套筒分别安装在矿浆输送管管身的正上方和正下方；所述的取样管管身贯穿矿浆输送管，且位于矿浆输送管内部的取样管管身对应矿浆进入方向的一侧管壁垂直设有间隔均匀的多个进浆孔；取样管的上下两端端头部分别由上套筒和下套筒固定，且取样管的上端管口封闭，取样管的下端管口下部对应设有接料槽；所述的接料槽底部与相应的分析仪连通；所述的装置能够对矿浆或湿精矿进行持续均匀的取样，能够保证取样结果的准确。
40. 202460811 一种石灰自动投放装置
CN
03.10.2012
B03B 1/04 Loading...
B03B 1/04
Loading...
201220056377.5
洛阳栾川钼业集团股份有限公司
喻建冬
B03B 1/04
Loading...
本实用新型公开了一种石灰自动投放装置，其包括立式储存罐、进料管、下料管和变频螺旋输送机，进料管一端与立式储存罐的顶端固定连接，且与立式储存罐的内腔相通，另一端位于立式储存罐的外部，立式储存罐的底端连接下料管的一端，下料管的另一端连接有变频螺旋输送机，所述的下料管上设置有阀门。本实用新型设计简单、实用性强，能够实现石灰的持续自动投放，且能根据实际情况进行定量投放，有利于后续生产，提高了生产效率。
41. 202460847 一种浮选柱密封装置
CN
03.10.2012
B03D 1/14 Loading...
B03D 1/14
Loading...
201220056376.0
洛阳栾川钼业集团股份有限公司
喻建冬
B03D 1/14
Loading...
本实用新型公开了一种浮选柱密封装置，包括浮选柱和密封装置，密封装置由圆筒罩和锥形罩组成，圆筒罩罩设在浮选柱顶部，所述的锥形罩的大端口与圆筒罩上端口固定连接，锥形罩的小端口通过管道与室外连通。本实用新型结构简单、实用性强，通过在浮选柱上设置密封装置，能够有效的将挥发逸散的浮选药剂收集并排出室外，避免了药剂逸散在车间内对职工的伤害。
42. 202460761 一种球磨机进料系统密封装置
CN
03.10.2012
B02C 17/18 Loading...
B02C 17/18
Loading...
201220056375.6
洛阳栾川钼业集团股份有限公司
喻建冬
B02C 17/18
Loading...
本实用新型公开了一种球磨机进料系统密封装置，包括球磨机和进料小车，球磨机的一端安装有进料端盖，进料小车上安装有进料管，进料管从进料端盖端口伸入球磨机内部，进料端盖的端口内壁与进料管外壁之间设置有环形耐磨胶圈A，进料管上套设有耐磨胶圈B，耐磨胶圈B的直径大于耐磨胶圈A的直径，且耐磨胶圈B与耐磨胶圈A相对应的侧面紧贴在一起。本实用新型通过在原有进料系统的进料管上增设直径较大的耐磨胶圈，对球磨机进料端盖的端口起到了进一步的密封作用，能够有效的防止球磨机在运转过程中其内部的矿浆从端盖口的溢出。
43. 202191879 一种蒸汽加温管道
CN
18.04.2012
B01F 15/06 Loading...
B01F 15/06
Loading...
201120240132.3
洛阳栾川钼业集团股份有限公司
薛明向
B01F 15/06
Loading...
一种涉及管道领域的蒸汽加温管道，所述的管道包含主管和套管；所述的套管套于主管外部，且套管的内壁与主管的外壁之间留有间距；所述的主管和套管对应位于加温搅拌桶桶内的管壁均设有多排透汽孔；所述的主管进口端管壁与套管进口端管壁通过密封件固定连接；所述的管道不但能够在通入蒸汽时有效降低管身的震动及发出的噪音，还能够有效提高蒸汽与待加温矿浆之间的均匀混合程度。
44. 202191782 一种除尘水循环装置
CN
18.04.2012
B01D 36/04 Loading...
B01D 36/04
Loading...
201120240908.1
洛阳栾川钼业集团股份有限公司
薛明向
B01D 36/04
Loading...
一种涉及水循环装置的除尘水循环装置，所述的装置包含初沉桶、复沉桶和过滤装置；所述的初沉桶一侧上部设有入水口，同侧底部设有安装阀门A及连通自吸泵的排矿口，初沉桶的另一侧上部对应入水口的位置以及同侧底部对应排矿口的位置分别与复沉桶的一侧对应连通；初沉桶与复沉桶上部连通的管路中设有过滤装置，初沉桶与复沉桶底部连通的管路设有阀门B；所述的复沉桶另一侧上部设有出水口；所述的装置不但能够回收除尘水中含有的钨精矿，还能够将除尘水回收再利用，达到了节能减排的目的。
45. 102288513 Method for analyzing content of tungsten trioxide by ammonium tungstate burning gravimetric method
CN
21.12.2011
G01N 5/04 Loading...
G01N 5/04
Loading...
201110120539.7
Luoyang China Molybdenum Co., Ltd.
Wang Xuanyi
G01N 5/04
Loading...
The invention relates to a method for analyzing the content of tungsten trioxide, in particular to a method for analyzing the content of the tungsten trioxide by an ammonium tungstate burning gravimetric method, which comprises the following steps: sample selecting, sample crushing, sample obtaining, a sample weighing experiment, the dissolving, the drying by distillation and the burning of a sample, and a further experimental procedure, namely, weighing 0.5000 g sample, putting the sample in a 250 ml beaker, adding about 50 ml hydrochloric acid in the beaker, adequately shaking an obtained mixture uniformly, placing the beaker on a low-temperature electric heating plate to dissolve for 10-20 minutes, then carrying out the dissolving, the drying by the distillation and the burning of the sample and the further experimental procedure, and then measuring the absorbance of burned mixture, and drawing a working curve by taking the content of the tungsten trioxide as a coordinate and the absorbance as a vertical coordinate, so as to obtain the content of the tungsten trioxide. In the method, the sample is dissolved by adopting the electric heating plate; the temperature of the electric heating plate is controlled to dissolve the sample at a low temperature; the stability of a result of the method is the best; and furthermore, the whole operation procedure saves the time of 1 hour, the electricity of 2*3 KW=6 degree/day and the temperature rise time of 1+1 hours for a water bath kettle, compared with original water-bath sample dissolving.
46. 202081178 一种异型阴极电解槽
CN
21.12.2011
C25C 3/08 Loading...
C25C 3/08
Loading...
201120147974.4
洛阳栾川钼业集团股份有限公司
高湛伟
C25C 3/08
Loading...
本实用新型涉及一种阴极电解槽结构，尤其是涉及一种异型阴极电解槽，包括四块相同结构的阴极电解槽，所述四块阴极电解槽呈“田”字形摆放且四块阴极电解槽之间留有间隙（5），所述阴极电解槽呈方形结构，在每一阴极电解槽外缘三个面由上部面（3）至底部面（4）之间分别设有斜面，另一面为直面；所述四块阴极电解槽的四个直面为两两相对；本实用新型通过在异型阴极电解槽上设置外端斜面合两侧斜面，从增加了阴极导电面积，改善了阴极导电环境，能够顺利实现被烧的目的。
47. 202081449 电铲温控装置
CN
21.12.2011
E02F 9/20 Loading...
E02F 9/20
Loading...
201120147580.9
洛阳栾川钼业集团股份有限公司
张金良
E02F 9/20
Loading...
本实用新型涉及一种矿用电铲的温度控制装置，尤其是涉及一种电铲温控装置，包括电铲本体，其特征是：在电铲的电机（11）、驾驶机棚（8）和发电机（6）处分别设置的通风装置电源线上分别设有温度控制器（7），所述温度控制器（7）的微型计算机连接控制通风装置电源；本实用新型通过对电铲的电机、驾驶机棚和发电机的通风装置进行自动控制，当电铲的电机、驾驶机棚和发电机中的任一超过设定温度时，温度控制器主动停止电能的供给；当环境温度超过设定温度时，温度控制器控制通风装置启动，当环境温度降低回差值时，温度控制器控制通风装置停止运行；本实用新型尤其在冬季和夜晚，节能效果显著。
48. 202081407 一种融雪剂抛撒装置
CN
21.12.2011
E01H 10/00 Loading...
E01H 10/00
Loading...
201120146982.7
洛阳栾川钼业集团股份有限公司
刘战阳
E01H 10/00
Loading...
一种涉及抛撒机领域的融雪剂抛撒装置，包含料仓、操作仓和动力系统；料仓下部面的设有出料口，且出料口设有密封挡板；操作仓上下两端均为敞口，且上端对应固定在料仓出料口下方，操作仓的中部铰接贯穿有粉碎轴，操作仓下部铰接贯穿有抛撒轴；粉碎轴位于操作仓内的轴身设有多个粉碎头，且设有粉碎头的粉碎轴上部面对应料仓的出料口；抛撒轴位于操作仓内的轴身上设有一条突起，且在该条突起形成的间隙之间的抛撒轴轴身上设有抛撒槽；粉碎轴和抛撒轴各自位于操作仓仓外的一端均连接有动力系统；所述的抛撒装置不但能够将融雪剂均匀的由机体后端抛撒出去，而且工作时无污染、无噪音。
49. 102277849 Snow melting agent dispersing device
CN
14.12.2011
E01H 10/00 Loading...
E01H 10/00
Loading...
201110120214.9
China Molybdenum Co., Ltd.
Liu Zhanyang
E01H 10/00
Loading...
The invention provides a snow melting agent dispersing device, relating to the field of dispersing machines. The device comprises a storage bin, an operation bin and dynamical systems, wherein a discharge hole is formed on the lower surface of the storage bin, and a seal baffle is arranged at the discharge hole; the upper and lower ends of the operation bin are open, and the upper end of the operation bin is correspondingly fixed below the discharge hole of the storage bin; a crushing shaft is hinged in and penetrates through the middle part of the operation bin; a dispersing shaft is hinged on and penetrates through the lower part of the operation bin; the body, which is positioned in the operation bin, of the crushing shaft is provided with a plurality of crushing heads, and the upper surface of the crushing shaft provided with the crushing heads corresponds to the discharge hole of the storage bin; the shaft, which is positioned in the operation bin, of the dispersing shaft is provided with a protuberance, and dispersing slots are arranged on the body of the dispersing shaft among the gaps formed by the protuberance; and the ends, which are positioned out of the operation bin, of the crushing shaft and the dispersing shaft are connected with the dynamical systems. The dispersing device not only can disperse out the snow melting agent uniformly from the rear end of the machine body but also is pollution-free and noise-free during working.
50. 201980733 一种散装物料运输带的柔性清扫装置
CN
21.09.2011
B65G 45/12 Loading...
B65G 45/12
Loading...
201020554887.6
洛阳栾川钼业集团股份有限公司
周明岳
B65G 45/12
Loading...
本实用新型涉及一种运输带清扫装置，尤其是涉及一种散装物料运输带的柔性清扫装置，聚氨酯刮刀(1)呈圆弧形，在圆弧形聚氨酯刮刀(1)的下部一侧设有凹陷面(10)，所述聚氨酯刮刀(1)的凹陷面(10)和固定板(2)分别设置在“凸”形固定座(3)的突起两侧，使聚氨酯刮刀(1)、“凸”形固定座(3)和固定板(2)形成一体；“凸”形固定座(3)顺直设置在托架(4)的一个面上，所述“凸”形固定座(3)的两端分别固定在一侧托架座(5)、另一侧托架座(7)上，在一侧托架座(5)、另一侧托架座(7)上分别设有张力调整器(6)；本实用新型实现了柔性清扫运输带的目的，可以满足清扫需求，利于推广应用。
51. 201964933 矿浆液面显示装置
CN
07.09.2011
G01F 23/58 Loading...
G01F 23/58
Loading...
201020656997.3
洛阳栾川钼业集团股份有限公司
吴玉洁
G01F 23/58
Loading...
一种涉及实验用浮选槽领域的矿浆液面显示装置，所述的显示装置包含有卡架和浮球；所述的卡架为底端开口能够吻合与浮选槽的槽壁卡接的“h”型结构，在卡架的高侧中部和上部位置分别设有突出的套环；所述两个套环的环孔垂直对应；卡架的低侧中部设有安装螺栓的螺孔；所述的浮球上端连接浮杆；所述的浮杆活动贯穿在两个套环的环孔中，且浮杆的顶端设有限位螺帽，浮杆的杆身上部设有刻度指示；所述的显示装置能够准确测量浮选槽内的矿浆液面变化，方便实验者及时准确的添加补给水，从而有效提高了实验结果的准确性。
52. 201949929 耐磨沉砂管
CN
31.08.2011
B04C 5/14 Loading...
B04C 5/14
Loading...
201020657043.4
洛阳栾川钼业集团股份有限公司
郝金朝
B04C 5/14
Loading...
一种涉及管道领域的耐磨沉砂管，所述的耐磨沉砂管包含有三段直管和耐磨槽，所述的三段直管为字形连通；所述的第二段直管内壁底部两端分别固定有凸起的耐磨材料；所述的第三段直管对应第二段直管管口的内壁固定有耐磨层；第一段直管与第二段直管连接处的底部设有耐磨槽；所述耐磨槽的侧壁对应槽内第一段直管管口外壁的位置设有观察口，耐磨槽内放置有耐磨介质；述的耐磨沉砂管能够有效的提高沉砂管的整体使用寿命，在减少了维修时间，降低了工人劳动强度的同时，也达到了降低使用方的生产费用，提高了设备运转率的目的。
53. 102162222 Snow melting agent spreader
CN
24.08.2011
E01H 10/00 Loading...
E01H 10/00
Loading...
201110046951.9
China Molybdenum Co., Ltd.
Liu Jianshu
E01H 10/00
Loading...
The invention relates to a snow melting agent spreader in the field of spreaders. The spreader comprises a bin, a transmission system, a starting system and a body; the bottom of the body is provided with advancing wheels, the bottom of the front end of the body is provided with a traction hook, and the bottom of the rear end of the body is provided with an opening; and the starting system, the transmission system and the bin are arranged in the body. A diesel engine in the transmission system is started through the starting system, and proper gear of the diesel engine is selected according to the thickness of the accumulated snow on the road surface, so that an idler pulley is driven to rotate by a clutch and a speed reducer in the diesel engine, a snow melting agent in the bin is brought out of the groove on the idler pulley and spread on the road surface of the accumulated snow, and the purpose of melting the accumulated snow is fulfilled; the spreader is dragged to advance by only one tractor, and the snow melting agent can be uniformly spread out from the rear end of the body; and the revolution speed of the idler pulley is controlled according to the thickness of the accumulated snow on the road surface through different gears of the diesel engine, so that the spreading quantity of the snow melting agent is effectively controlled.
54. 201940279 移动吊挂式振动给矿机
CN
24.08.2011
B02C 23/02 Loading...
B02C 23/02
Loading...
201020657187.X
洛阳栾川钼业集团股份有限公司
宋念平
B02C 23/02
Loading...
一种涉及给矿机领域的移动吊挂式振动给矿机，所述的给矿机包含有给矿口、输送槽体和振动电机；所述的输送槽体底面四个角端的内侧分别设置有固定架，且底面前端和底面后端的两根固定架分别对应输送槽体下方地面的前轮和后轮的轮轴；所述的固定架底端分别设置有能够吻合的与对应的轮轴卡接的轮卡槽；所述的移动吊挂式振动给矿机能够在检修圆锥破碎机时通过前后轮向后方移动，不但给检修圆锥破碎机让出了操作空间，而且缩短了维修时间，节约了钢材，同时也有效的减轻了劳动强度，降低了生产成本，提高了经济效益。
55. 201930826 进料弯管顶紧套
CN
17.08.2011
B02C 17/18 Loading...
B02C 17/18
Loading...
201020656770.9
洛阳栾川钼业集团股份有限公司
郝金朝
B02C 17/18
Loading...
一种涉及球磨机领域的进料弯管顶紧套，所述顶紧套的锥形面大锥面端的内夹角为45度，所述的顶紧套能够使顶紧套的锥形面和耐磨环形胶皮的内环轮廓始终紧密契合，因而有效的延长了顶紧套的整体使用寿命，相应的提高了生产效率。
56. 201935853 快速湿式粒度振动筛析机
CN
17.08.2011
G01N 15/02 Loading...
G01N 15/02
Loading...
201020656855.7
洛阳栾川钼业集团股份有限公司
张宗合
G01N 15/02
Loading...
一种涉及振动筛析机领域的快速湿式粒度振动筛析机，包含振动筛析机机体、筛子、收集容器和压紧装置；所述的振动筛析机机体顶端面至少设有两根立柱，立柱之间安置有收集容器；所述收集容器的一侧器壁底部安装导流管，收集容器的顶端面安置筛子；所述筛子的上部面设有安装在立柱上的压紧装置；所述的快速湿式粒度振动筛析机适用于选矿厂及选矿实验室等需要快速湿式测定物料粒度组成的地方，其结构简单，易于操作，安全耐用，实用性强，不但能够有效降低操作者的工作时间及劳动强度，而且能够提高样品产物筛析结果的准确性。
57. 201930850 一种尾矿的管路结构
CN
17.08.2011
B03D 1/14 Loading...
B03D 1/14
Loading...
201020667729.1
洛阳栾川钼业集团股份有限公司
任建国
B03D 1/14
Loading...
本实用新型属于尾矿技术领域，主要涉及一种尾矿管路结构，与尾矿缓冲池(1)相连通的尾矿管路上设置有气动阀门(3)；所述的尾矿管(2)与尾矿缓冲池(1)的连接处设置有耐磨胶质弯头(4)，耐磨胶质弯头(4)位于尾矿缓冲池(1)内，使尾矿管路的进浆口与尾矿管成90°设置；所述耐磨胶质弯头(4)的上方设置有与耐磨胶质弯头相匹配的圆锥体(5)，所述圆锥体(5)连接有导杆(6)并具有通过导杆使圆锥体上下的手柄。本实用新型进行管路更换时只需更换耐磨弯头，不仅节约了成本，同时也降低了劳动强度，若出现气动阀门无法正常关闭时，可手动直接关闭管路，消除了安全环保事故隐患。
58. 201934355 叶轮防卡渣浆泵
CN
17.08.2011
F04D 29/00 Loading...
F04D 29/00
Loading...
201020657172.3
洛阳栾川钼业集团股份有限公司
郝金朝
F04D 29/00
Loading...
一种涉及渣浆泵领域的叶轮防卡渣浆泵，所述的叶轮防卡渣浆泵在渣浆泵本体的进浆管管壁正下方设有导流孔，且对应导流孔密封连接有阀门；所述的叶轮防卡渣浆泵能够有效的将渣浆泵内存积的矿浆引流出来，从而保护了叶轮不会被卡死。
59. 201930849 组装式浮选机导流筒
CN
17.08.2011
B03D 1/14 Loading...
B03D 1/14
Loading...
201020657202.0
洛阳栾川钼业集团股份有限公司
宋念平
B03D 1/14
Loading...
一种涉及浮选机导流筒领域的组装式浮选机导流筒，所述的导流筒包含有至少三段筒体、法兰和螺栓；所述的每段筒体的上下端口均安装有法兰，且两段筒体端口之间对应的法兰通过螺栓密封连接；所述的组装式浮选机导流筒易于维修，便于安装，能够有效降低操作人员的劳动强度，减少维修时间。
60. 201934895 一种储气罐自动排水装置
CN
17.08.2011
F17C 13/00 Loading...
F17C 13/00
Loading...
201020667879.2
洛阳栾川钼业集团股份有限公司
任建国
F17C 13/00
Loading...
本实用新型属于储气罐排水技术领域，主要涉及一种储气罐自动排水机构，在储气罐的底部设置圆盘式疏水阀(3)，所述圆盘式疏水阀(3)的一端与储气罐相通，圆盘式疏水阀的另一端与大气相通。本实用新型具有设计简单、实用性强的特点，疏水阀可及时的自动排除冷凝水，防止冷凝水锈蚀管道，其间断排水、循环工作的方式保证了设备的安全。
61. 201930848 浮选机隔离筒
CN
17.08.2011
B03D 1/14 Loading...
B03D 1/14
Loading...
201020655602.8
洛阳栾川钼业集团股份有限公司
宋念平
B03D 1/14
Loading...
一种涉及70m3浮选机领域的浮选机隔离筒，所述的隔离筒下端位于浮选机内中部以下位置，且隔离筒下端的进浆口顺浮选机叶轮的转动方向向上90度折弯；所述隔离筒的筒内设有直径小于筒内径的浮球；隔离筒的筒壁对应进浆口朝向及浮选机内矿浆液面的位置设有循环口；所述的隔离筒不但能够保证隔离筒内的矿浆液面相对平稳，还能够有效避免筒内的浮球因尼龙垃圾堵塞而引起卡死。
62. 201921828 双层筛网振动筛
CN
10.08.2011
B07B 1/28 Loading...
B07B 1/28
Loading...
201020657268.X
洛阳栾川钼业集团股份有限公司
武建生
B07B 1/28
Loading...
一种涉及破碎机筛分技术领域的双层筛网振动筛，所述的振动筛包含上层筛网和下层筛网；所述上层筛网的筛孔A尺寸设为26×30mm，下层筛网的筛孔B尺寸设为8×34mm；所述的双层筛网振动筛通过减小上层筛网和下层筛网的筛孔尺寸，不但使落至下层筛网的矿石粒度相应减小，而且有效的提高了振动筛下层筛网的筛分效率，从而极大的促使了矿石破碎机充分有效的发挥最大效率。
63. 201916649 沉砂缓冲输送管
CN
03.08.2011
F16L 57/06 Loading...
F16L 57/06
Loading...
201020657205.4
洛阳栾川钼业集团股份有限公司
任建国
F16L 57/06
Loading...
一种涉及管道领域的沉砂缓冲输送管，所述的输送管包含管道A、管道B和钢球；所述的管道A下端管口密封，且在密封端内放置有钢球；管道A对应钢球上部面位置的管壁一侧设有开口并连接管道B的一端，同时管道A的管壁另一侧设置具有孔盖的观察孔；所述的缓冲输送管不但能够有效解决沉砂的冲击对输送管弯头部位造成的磨损，而且能够有效保证沉砂输送过程的正常运行。
64. 201912971 滚筒自动加球机
CN
03.08.2011
B02C 17/18 Loading...
B02C 17/18
Loading...
201020655682.7
洛阳栾川钼业集团股份有限公司
郝金朝
B02C 17/18
Loading...
一种涉及加球机领域的滚筒自动加球机，所述的加球机包含机体、电机组和传动组件；所述的传动组件包含上传动轮、下传动轮和滚筒；上传动轮轮轴连接电机组的传动轴，且上传动轮与下传动轮通过皮带连接；下传动轮与滚筒固定串接在一根中轴上；中轴两端分别由底座支撑；滚筒外缘均匀的设有至少四个对应机体输出口的托板；机体的输出口上方设有底端面与随滚筒转动的托板外缘对应的挡板；机体对应滚筒一面的侧壁上设有输送槽；输送槽对应皮带和滚筒的位置设有开口；所述的加球机能够有效缓解传动组件的受力强度，防止钢球在被托起时出现卡死的现象，从而有效保证了电机组及传动组件不会因传动原因而发生损毁。
65. 201915835 一种露天矿钻孔定位器
CN
03.08.2011
E21B 7/04 Loading...
E21B 7/04
Loading...
201020554848.6
洛阳栾川钼业集团股份有限公司
杨荣彦
E21B 7/04
Loading...
本实用新型涉及一种钻孔定位器，尤其是涉及一种露天矿钻孔定位器，在套筒(3)的外缘设有至少三根朝下的支腿(4)，孔位指示杆(5)的中部套在所述套筒(3)内，在所述孔位指示杆(5)的套筒(3)上下两端分别间隔设有限位块(2)，套筒(3)与孔位指示杆(5)间隙配合；本实用新型为了方便钻机施工人员发现孔位位置，可将露天矿钻孔定位器涂成红色；这样不仅减轻了技术人员的劳动量，而且可降低因人为因素而造成的麻烦和安全隐患，从而可更好地提高爆破效果；本实用新型结构简单便于加工、成本低、使用方便、便于保存、抗风不倒、可循环重复使用、有效地提高工作效率。
66. 201915681 防冲蚀烟囱
CN
03.08.2011
E04H 12/28 Loading...
E04H 12/28
Loading...
201020657226.6
洛阳栾川钼业集团股份有限公司
刘红亮
E04H 12/28
Loading...
一种涉及烟囱领域的防冲蚀烟囱，所述的烟囱包含筒体、帽盖、收集槽和导流管；所述的筒体顶端固定安装有帽盖，且筒体顶端和帽盖均固定安装在收集槽内；所述的收集槽槽口面向上；收集槽的底面设为倾斜面，且位于倾斜面的最低端设有导流管；所述的防冲蚀烟囱能够有效的防止烟气生成的酸雨对烟囱筒体的冲蚀，不但能够延长烟囱的整体使用寿命，而且还能相应减少对环境的污染。
67. 201894951 一种球磨机给矿漏斗的耐磨装置
CN
13.07.2011
B02C 17/18 Loading...
B02C 17/18
Loading...
201020667738.0
洛阳栾川钼业集团股份有限公司
任建国
B02C 17/18
Loading...
本实用新型属于球磨机技术领域，主要涉及一种球磨机给矿漏斗的耐磨装置，一种球磨机给矿漏斗耐磨的装置，在球磨机给矿漏斗的下料板7外壁设置一个三角形的钢制容器(8)，钢制容器(8)与给矿漏斗的两侧外壁、底板外壁、密封箱左壁相连接，所述的钢制容器(8)内部填充有混凝土；与下料板7相邻的给矿漏斗的两侧壁外部均焊接有钢板，钢板与给矿漏斗的壳体壁之间的空隙内填充有混凝土，给矿漏斗底板的外部焊接有钢板，钢板与给矿漏斗底板之间的空隙内填充有混凝土。本实用新型提出的一种球磨机给矿漏斗的耐磨装置，可避免频繁换颚板及颚板更换不及时所导致的漏浆，其结构简单、制作成本低，提高了运转效率。
68. 201858864 钼精矿自热式焙烧装置
CN
08.06.2011
F27B 7/00 Loading...
F27B 7/00
Loading...
201020272435.9
洛阳栾川钼业集团股份有限公司
张斌
F27B 7/00
Loading...
本实用新型涉及硫化钼精矿生产工业氧化钼技术领域，提出一种钼精矿自热式焙烧装置；设置有空气换热装置并在回转窑壳体前段上安装有鼓风机(5)；空气换热装置的外侧换热器(6)设置在回转窑窑体的中段即物料主反应高温区；内侧换热器(7)设置在回转窑窑体的后段即脱残硫区段；鼓风机(5)通过进风连接管路与回转窑上的外侧换热器(6)连通，与外侧换热器(6)连通的内侧换热器(7)通过出料端的排风口与回转窑内腔相通。本实用新型解决了钼精矿焙烧主反应期过热和脱硫后期热量紧缺的难题，以及高温回转壳体冷却风的进入和热风排出难题，装置简单，热量调配合理，窑内各段温度调节灵活，不需要外热源，产品质量高，设备产量大。
69. 102080545 High-risk jamb open-air deep hole cooperative recovery method
CN
01.06.2011
E21C 41/30 Loading...
E21C 41/30
Loading...
201010593019.3
Changsha Institute of Mining Research
Zhou Aimin
E21C 41/30
Loading...
The invention discloses a high-risk jamb open-air deep hole cooperative recovery method which comprises the following steps: dividing horizontal jambs (S1, S2, S3, S4 and S5) with superposition relationship or vertical jambs (K1, K2 and K3) with spatial association relationship or underground gobs (C1, C2, C3, C4 and C5) with association relationship with the jambs into a cooperative recovery subarea; and cooperatively recovering the horizontal jambs (S1, S2, S3, S4 and S5) and the vertical jambs (K1, K2 and K3) in the process of treating the gobs. By utilizing the method provided by the invention, cooperative treatment and recovery can be safely and efficiently performed on multilayer gobs and multilayer jambs.
70. 102069037 Composite hydrocarbon oil molybdenum flotation collecting agent and preparation method thereof
CN
25.05.2011
B03D 1/01 Loading...
B03D 1/01
Loading...
201110022666.3
Xi'an University of Architecture & Technology
Wan He
B03D 1/01
Loading...
The invention discloses a composite hydrocarbon oil molybdenum flotation collecting agent, which is prepared from the following raw materials in percentage by mass: 80 to 90 percent of light diesel oil, 5 to 15 percent of kerosene, 3 to 10 percent of condensed-nuclei aromatics, 1 to 5 percent of phenyl methane polyisocyanate, and the sum of the mass percent of the raw materials is 100 percent, wherein the light diesel oil consists of a component at the temperature of lower than 200 DEG C, a component at the temperature of between 200 DEG C and 220 DEG C, a component at the temperature of between 220 DEG C and 240 DEG C, a component at the temperature of between 240 DEG C and 260 DEG C, a component at the temperature of between 260 DEG C and 280 DEG C, a component at the temperature of between 280 DEG C and 300 DEG C and a component at the temperature of higher than 300 DEG C in the volume ratio of 35:9:8:12:9:10:14. The composite hydrocarbon oil molybdenum flotation collecting agent is mainly suitable for floatation of molybdenite, can be applied to floatation of natural hydrophobic minerals such as fine coal, talc, graphite and the like, and has the characteristics of high dispersivity in ore pulp, small using amount, rich non-sticky floatation foams, fine and crisp foams, and the like. Under the condition that concentrate grades are close to each other, molybdenum flotation recovery rate is increased by 2 to 4 percent and remarkable economic benefit is achieved in comparison to a kerosene and diesel oil collecting agent.
71. 201832679 偏心套加固燕尾槽结构
CN
18.05.2011
B02C 2/02 Loading...
B02C 2/02
Loading...
201020554776.5
洛阳栾川钼业集团股份有限公司
井石滚
B02C 2/02
Loading...
本实用新型涉及一种偏心套加固结构，尤其是涉及一种偏心套加固燕尾槽结构，包括偏心套套体(3)，在偏心套套体(3)内预埋环形和上下方向的燕尾槽(2)为间隔设置，其特征是：所述燕尾槽(2)的凹陷内两侧过渡(4)和凹陷外两侧过渡(5)为圆弧形过渡；本实用新型通过在偏心套套体内的凹陷内两侧过渡和凹陷外两侧过渡处设置为圆弧形过渡，克服了现有燕尾槽应力过于集中的弊端，实现了分散应力和有效增加偏心套使用时限的目的。
72. 201829155 一种露天矿多功能钻孔活动标识
CN
11.05.2011
G09F 15/00 Loading...
G09F 15/00
Loading...
201020554868.3
洛阳栾川钼业集团股份有限公司
王迪
G09F 15/00
Loading...
本实用新型涉及一种标识，尤其是涉及一种露天矿多功能钻孔活动标识，包括圆锥体(1)、底座(4)和卡片放置口(3)，在圆锥体(1)的下端固定设置底座(4)，卡片放置口(3)设置在圆锥体(1)的一侧表面，在卡片放置口(3)的两侧分别设有滑道(2)；本实用新型借用了路况指示标识的醒目作用，并在圆锥体设置卡片放置口，由卡片放置口上插接的书写板显示所需信息，实现了一物多用的目的。
73. 201826848 一种露天矿成孔镀锌护孔罩
CN
11.05.2011
E21C 47/00 Loading...
E21C 47/00
Loading...
201020554880.4
洛阳栾川钼业集团股份有限公司
麦尚德
E21C 47/00
Loading...
本实用新型涉及一种露天矿护孔罩，尤其是涉及一种露天矿成孔镀锌护孔罩，包括镀锌板罩体(2)、手柄(1)，所述镀锌板罩体(2)为圆锥形且在圆锥形上端设有手柄(1)，所述镀锌板罩体(2)与手柄(1)为无间隙连接；或镀锌板罩体(2)与手柄(1)为一体结构；本实用新型采用镀锌板材或不锈钢板材经剪切、焊接、碾压成型或采用镀锌板材或不锈钢板材经过冲压成型，其中剪切、焊接、碾压成型无需固定生产模具；加工成所需直径形成斗笠状结构；可用于孔径90-310mm成孔保护；本实用新型有效克服了钻孔孔口堵塞和塌孔回填现象。
74. 201826896 一种露天矿山多层采空区稳定性监测预警装置
CN
11.05.2011
E21F 17/18 Loading...
E21F 17/18
Loading...
201020554835.9
洛阳栾川钼业集团股份有限公司
王春毅
E21F 17/18
Loading...
本实用新型涉及一种矿山多层采空区监测预警装置，尤其是涉及一种露天矿山多层采空区稳定性监测预警装置，所述蓄电池数据采集仪(4)为蓄电池自供电式数据采集仪，所述数据采集仪通过数据线(10)连接传感探头(2)，在数据采集仪上设有信号发射单元(5)，所述信号接收单元(7)设置在信号转换仪(6)上，信号转换仪(6)联通计算机数据库(8)；本实用新型利用低频波在岩体中衰减相对较小、传播距离远的特性，通过低频的高灵敏度传感器及相应的信号采集、传输、转换、发射与接收技术，提高仪器的信号接收能力，扩大有效监测区域，使空区周边较远或较破碎区域的声发射活动都得到有效监测。
75. 201823561 一种破碎机架体连接结构
CN
11.05.2011
B02C 2/00 Loading...
B02C 2/00
Loading...
201020554763.8
洛阳栾川钼业集团股份有限公司
高延民
B02C 2/00
Loading...
本实用新型涉及一种破碎机的连接结构，尤其是涉及一种破碎机架体连接结构，所述销子(2)上端为直径大于螺孔的上圆盘，在销子(2)下部设有斜孔(3)；所述斜铁(4)为方形，其中方形斜铁(4)的一端为小端、另一端为大端；销子(2)依次插在架体A(1)、架体B(5)相对应的紧固孔且由斜铁(4)的小端插入销子(2)的斜孔(3)内紧固；本实用新型安装架体时，将相邻的两个架体的紧固孔对准，把销子由上向下穿入孔内，再将斜铁穿入销子的斜孔内，用大锤夯紧便可，便可起到紧固上下架体的作用；拆卸架体时，用大锤从斜铁的小端将其从销子的斜孔内打出，依次完成架体的拆卸工作；本实用新型具有结构简单，方便拆卸、减少用工量等优点。
76. 201823589 防漏进浆管
CN
11.05.2011
B02C 23/02 Loading...
B02C 23/02
Loading...
201020573816.0
洛阳栾川钼业集团股份有限公司
卢卫国
B02C 23/02
Loading...
一种涉及再磨机给料技术领域的防漏进浆管，所述的进浆管包含管体、油麻、橡胶圈和钢板垫圈；所述的管体出浆口端面固定有橡胶圈，橡胶圈的外端面固定有直径小于橡胶圈直径的钢板垫圈；管体与再磨机进料口结合的管外壁缠裹有油麻，缠裹后的油麻一端与橡胶圈的内端面之间没有间隙；所述的防漏进浆管不但能够有效的改善再磨机的环境卫生，减轻操作人员的劳动强度，而且有效地降低了轴瓦因泄漏的矿浆而被损坏的可能。
77. 201829938 高压电缆独立接地线
CN
11.05.2011
H02H 9/02 Loading...
H02H 9/02
Loading...
201020565287.X
洛阳栾川钼业集团股份有限公司
朱红旗
H02H 9/02
Loading...
一种涉及高压电机技术领域的高压电缆独立接地线，将高压电缆中的接地线两端相连并接入大地，从而为高压电缆建立一根与车间机械设备设施的接地网完全分隔开来的独立接地线，有效的避免了在使用电焊机时引起高压电机误跳闸的现象发生，达到保障高压电机正常运行的目的。
78. 201827114 防泄漏底阀
CN
11.05.2011
F04D 29/00 Loading...
F04D 29/00
Loading...
201020565286.5
洛阳栾川钼业集团股份有限公司
朱红旗
F04D 29/00
Loading...
一种涉及离心水泵技术领域的防泄漏底阀，所述的阀体出水口端固定设置有上法兰，阀体的进水口端固定设置有下法兰，阀体内部固定设置有三脚支架；所述的阀座与下法兰固定连接，且在下法兰与阀座连接的接触面设有凹槽，或在阀座与下法兰连接的接触面设有凹槽，凹槽内放置配套的O型圈；阀座对应阀体进水口端的一面放置阀芯，阀座的另一面连接滤网；所述的阀芯大于阀座中心孔且小于阀体的进水口，阀芯一面的中心部位设有能够垂直穿入中空轴轴孔的钢柱，阀芯的另一面固定设有密封胶垫；所述的防泄漏底阀结实耐用，能够有效的避免水锤对底阀的冲击而造成泄漏，相应的延长了水泵的运行时间。
79. 201827598 缓冲管道
CN
11.05.2011
F16L 57/06 Loading...
F16L 57/06
Loading...
201020573820.7
洛阳栾川钼业集团股份有限公司
杨光辉
F16L 57/06
Loading...
一种涉及管道领域的缓冲管道，所述的管道包含进浆管、出浆管和缓冲池；所述的进浆管一端与旋流器的矿浆输出口密封连接，进浆管的另一端与缓冲池顶面的进浆口密封连接；所述的出浆管一端与缓冲池侧面底部的出浆口密封连接，出浆管的另一端与再磨机的矿浆输入口密封连接；所述的缓冲池内底部设有坡面；所述的坡面与缓冲池的水平底面呈30～50度的夹角，且坡面的最低边不低于出浆口的底端；所述的缓冲管道能够有效减弱矿浆因落差而产生的冲力对矿浆输送管道弯头的损伤，大幅度削减了矿浆输送管道弯头处的磨损，保证了粗选再磨过程的正常生产。
80. 201823590 进料口漏浆回收装置
CN
11.05.2011
B02C 23/02 Loading...
B02C 23/02
Loading...
201020573817.5
洛阳栾川钼业集团股份有限公司
郭松林
B02C 23/02
Loading...
一种涉及再磨机领域的进料口漏浆回收装置，所述的回收装置包含回收槽和导流管；所述的回收槽固定密封连接于再磨机进料口下部的轴瓦前端面，回收槽的上端槽边不接触进浆管，回收槽的下端底面设有导流孔；所述的导流孔密封连接导流管；所述的回收装置能够相应减轻操作人员的劳动强度，同时也有效的改善了再磨机的操作环境。
81. 201823605 粗选浮选柱尾矿分流装置
CN
11.05.2011
B03D 1/14 Loading...
B03D 1/14
Loading...
201020573920.X
洛阳栾川钼业集团股份有限公司
周建强
B03D 1/14
Loading...
一种涉及尾矿输送管道领域的粗选浮选柱尾矿分流装置，所述的分流装置包含尾矿管、三通和分流管；所述的尾矿管一端与粗选浮选柱连通，尾矿管的另一端与三通的第一端连通；所述三通的第二端与分流管的一端连通；所述分流管的另一端连接至砂泵池的上部，且分流管管体上设有控制阀；三通的第三端通过管道连接至浓密池；使用所述的粗选浮选柱尾矿分流装置，不但能够增加砂泵池内的矿浆量，同时还不会改变矿浆的浓度。
82. 201823560 破碎机支撑机架
CN
11.05.2011
B02C 1/02 Loading...
B02C 1/02
Loading...
201020565288.4
洛阳栾川钼业集团股份有限公司
朱红旗
B02C 1/02
Loading...
一种涉及破碎机领域的破碎机支撑机架，所述的机架包含机架本体、筋板和两块支撑板；所述机架本体的内侧面分别通过焊接或多个高强螺栓固定连接对应的支撑板；所述两块支撑板的内侧面分别对应通过焊接固定连接筋板两侧；所述的破碎机支撑机架由于加强了机架的支撑力及稳固性，从而减小了JM1108鄂式破碎机工作时对机架的冲击力度。
83. 201827256 螺旋分级机齿轮轴
CN
11.05.2011
F16C 35/12 Loading...
F16C 35/12
Loading...
201020565289.9
洛阳栾川钼业集团股份有限公司
朱红旗
F16C 35/12
Loading...
一种涉及螺旋分级机设备领域的螺旋分级机齿轮轴，所述齿轮轴的两端轴头分别固定安装有两个圆柱双列滚动轴承，且齿轮轴每端轴头位于两个圆柱双列滚动轴承之间的外壁固定安装有轴套；所述的螺旋分级机齿轮轴能够有效避免齿轮轴上的大齿轮与对应的小齿轮之间的齿轮间隙产生变化，稳定了齿轮轴及齿轮的运行负荷，从而避免了齿轮轴或齿轮断裂的现象发生。
84. 102026462 Mining area illumination energy-saving device and energy-saving method thereof
CN
20.04.2011
H05B 41/36 Loading...
H05B 41/36
Loading...
201010501439.4
China Molybdenum Co., Ltd.
Jing Shigun
H05B 41/36
Loading...
The invention relates to an energy-saving device, in particular to a mining area illumination energy-saving device and an energy-saving method thereof. One side of the corresponding road section (4) of each controller (2) is provided with a sensing probe (7); each controller (2) is respectively provided with a positive pole incoming line (5) and a positive pole outgoing line (3) to form a sensing device for detecting automobile vibration; the proper positions of the road section (4) of the mining area are provided with light sources; each sensing probe (7) is used for obtaining the vibration signal of the controller (2) of each light source; after an automobile entering a mine enters the irradiation range of the light sources, the sensing probes (7) immediately sense vibration frequency and transmit the obtained data to the controllers; the controllers (2) switch on the circuits, and high intensity discharge lamps (1) begin to light; when the automobile entering a mine leaves the irradiation range of the light source, the sensing probes lose the vibration signals, and the controllers automatically disconnect the circuits. The energy-saving device can greatly lower electric energy loss, conforms to the requirements on energy saving and consumption reduction in China and has popularization and application values.
85. 102012325 Equilibrium and synchronous sampling device in process of forming rock dust stack and method thereof
CN
13.04.2011
G01N 1/10 Loading...
G01N 1/10
Loading...
201010501466.1
China Molybdenum Co., Ltd.
Wang Di
G01N 1/10
Loading...
The invention relates to a method for sampling rock dust, in particular to an equilibrium and synchronous sampling device in the process of forming a rock dust stack and a method thereof. in the device, a lower-end closed base (4) is arranged at the lower end of a cylinder body (3); an upper lifting mechanism (1) is arranged at the upper end of the cylinder body (3); the upper lifting mechanism (1) forms a closed structure aiming at the upper end of the cylinder body (3); and an inner wall sampling cavity (2) of the cylinder body (3) with a C-shaped structure, the lower-end sealing base (4) and the upper lifting mechanism (1) form the equilibrium and synchronous sampling device. The method comprises the following steps of: determining the punching position of a rock stratum, fixing the equilibrium and synchronous sampling device, starting a punching process, stacking the rock dust, taking the equilibrium and synchronous sampling device out, and submitting samples to obtain the required rock dust. By using the device and the method, the synchronous sampling process of the rock dust in the drilling process is realized, the requirement of the equilibrium of geological rock dust sampling is met completely, and the effect of timely sampling is achieved.
86. 101972048 Safety protective clothing for driver and passenger of carrier vehicle in mining area
CN
16.02.2011
A41D 13/018 Loading...
A41D 13/018
Loading...
201010501416.3
Luoyang Luanchuan Molybdenum Group Co., Ltd.
Jing Shigun
A41D 13/018
Loading...
The invention relates to protective clothing, in particular to safety protective clothing for a driver and a passenger of a carrier vehicle in a mining area. Airtight hot-pressing processing is performed on the edge of the protective clothing; a check valve (3) at the end of an external pipeline (4) is communicated with the gas outlet pipe of a compressed gas bottle (6); the roots of the check valve and the gas outlet pipe of the compressed gas bottle are provided with supports (8); the upper end of a stretched spring (13) is pressed against the bottom of the compressed gas bottle; the lower end of the stretched spring is connected with one end of a connecting line (12); and the other end of the connecting line is fixedly connected with a connecting sleeve (15) at the end of the external pipeline. The protective clothing is designed into an inflatable airbag, when accidents happen, an external connecting line which is connected with other positions of a vehicle body in advance makes the supports separated from the gas outlet of the gas bottle when driven by gravity, the connecting line is strained under the action of the stretched spring, the check valve in the external pipeline is communicated with the compressed gas bottle, the protective clothing starts inflating and forms a protective layer, so that the bodies of the driver and the passenger are protected from being damaged.
87. 101967788 Temporary reinforcing device for vehicle advancing route of dangerous mine section
CN
09.02.2011
E01C 11/24 Loading...
E01C 11/24
Loading...
201010501469.5
Luoyang Luanchuan Molybdenum Industry Group Co., Ltd.
Wang Bin
E01C 11/24
Loading...
The invention relates to a road section reinforcing device, in particular to a temporary reinforcing device for a vehicle advancing route of a dangerous mine section. A plurality of return hooks (1) are uniformly distributed on one side of a lower surface (6) of a square steel plate, a supporting leg seat (3) is arranged on the other side of the lower surface (6) of the square steel plate, the upper end of a supporting leg (4) is movably connected on a shaft (5) of the supporting leg seat (3), any surface of the lower part of the supporting leg (4) is provided with an end inclined plane (2) from the lower part to the end so that the supporting leg (4) forms an insertion supporting structure of the tip, and a plurality of skid-proof steel bars (7) are uniformly distributed on an upper surface (8) of the square steel plate. By using occlusion between the return hooks and a macadam pavement and road shoulder insertion between the insertion supporting structure and a macadam slip slope, the macadam pavement is effectively widened, and the running safety of vehicles is ensured; and because of the skid-proof steel bars arranged on the upper surface of the steel plate, the vehicles run more stably.
88. 101967976 Open pit mined-out area through hole plug and through hole plugging method thereof
CN
09.02.2011
E21B 33/12 Loading...
E21B 33/12
Loading...
201010501450.0
Luoyang Luanchuan Molybdenum Industry Group Co., Ltd.
Mai Shangde
E21B 33/12
Loading...
The invention relates to a hole plug, in particular to an open pit mined-out area through hole plug and a through hole plugging method thereof. The upper end of an upper wood wedge (2) is a plane, the lower end of the upper wood wedge (2) is an inclined plane (4), and an iron wire (1) through hole (3) is formed from the center of the upper end plane of the upper wood wedge to the center of the lower end inclined plane; and one end of a main wood wedge (6) is a plane, the other end of the main wood wedge (6) is an inclined plant, and an iron wire through hole is formed from the upper part of the main wood wedge (6) to the lower part of the wood wedge (6), an iron nail (5) is arranged on any side of a through hole in the lower part of the wood wedge (6), and the lower end of the iron wire is fixedly connected with the iron nail and then the iron wire passes through the through hole in the main wood wedge and the through hole in the upper wood wedge. The open pit mined-out area through hole plugging method comprises following steps: pretreating the through hole; measuring hole diameter; making a plug; mounting the plug; filling explosive; and exploding. In the invention, the trees influencing exploitation in during mining area exploitation are fully used, the waste is changed into valuable materials, explosive is saved, explosion cost is saved, and through hole plugging time and labor force are reduced.
89. 101956765 Spiral classifier gear shaft
CN
26.01.2011
F16C 35/12 Loading...
F16C 35/12
Loading...
201010510354.2
Luoyang Luanchuan Molybdenum Group Co., Ltd.
Zhu Hongqi
F16C 35/12
Loading...
The invention relates to a spiral classifier gear shaft, belonging to the field of spiral classifier equipment. Two end shaft heads of the gear shaft are respectively and fixedly provided with two cylindrical double-row rolling bearings, and the outer wall of each end shaft head of the gear shaft, which is located between the two cylindrical double-row rolling bearings, is fixedly provided with a shaft sleeve. The spiral classifier gear shaft can effectively avoid change of a gear clearance between a big gear and a corresponding small gear on the gear shaft and stabilizes the running load of the gear shaft and the gears, and thus, the fracture phenomenon of the gear shaft or the gears is avoided.
90. 101956726 Leakage-proof bottom valve
CN
26.01.2011
F04D 29/00 Loading...
F04D 29/00
Loading...
201010510252.0
Luoyang Luanchuan Molybdenum Group Co., Ltd.
Zhu Hongqi
F04D 29/00
Loading...
The invention relates to a leakage-proof bottom valve in the technological field of centrifugal water pumps, which is characterized in that an upper flange is fixedly arranged on the water outlet end of a valve body; a lower flange is fixedly arranged on the water inlet end of the valve body; a tripod is fixedly arranged in the valve body; a valve seat is fixedly connected with the lower flange; a groove is arranged on the connecting contact surface of the lower flange and the valve seat or the groove is arranged on the connecting contact surface of the valve seat and the lower flange; a matched O-shaped ring is arranged in the groove; a valve core is arranged on one surface of the valve seat corresponding to the water inlet end of the valve body, and the other surface of the valve seat is connected with a filter screen; the valve core is larger than a central hole of the valve seat and less than the water inlet of the valve body; a steel column is arranged on the central part of one surface of the valve core and can vertically pass through an axle hole of a hollow axis; and a sealing rubber mat is fixedly arranged on the other surface of the valve core. The leakage-proof bottom valve is strong and durable, can effectively avoid the leakage caused by the impact of a water hammer on the bottom valve, and correspondingly prolongs the running time of the water pumps.
91. 101956525 Down-the-hole hammer reverse concentric casing drilling tool
CN
26.01.2011
E21B 4/06 Loading...
E21B 4/06
Loading...
201010275030.5
Jilin University
Bo Kun
E21B 4/06
Loading...
The invention relates to a down-the-hole (DTH) hammer reverse concentric casing drilling tool. A hollow DTH hammer is connected to a guiding drill through a semicircular block and a spline housing, wherein an outer spline which is arranged on the axial direction of the guiding drill is matched with an inner spline of an annular sleeve drill; the guiding drill 3 is designed as a reverse structure; and an annular casing drill is hung on the lower end of the sleeve through a pipe boot. Compared with the prior art, the guiding drill crashes rock in advance and transmits an impact load to the annular casing drill and drives the drill to rotate, in order to realize simultaneously performing three processes of concentrically crashing, wall protection through the casing and reverse slagging. The double air piping can simultaneously cool the spherical gear alloy of the inner and outer drills and prolong the service life of the drill. Reverse slagging can efficiently clean the hole bottom rock debris, avoid repeated crashing and prevent the drill from being blocked by the rock debris. After ending the casing drilling, the reverse drilling can be performed without exchanging the drill. The casing drill tool has simple structure, low processing cost, long service life and high drilling efficiency.
92. 201721978 一种物料的输送装置
CN
26.01.2011
B65G 65/32 Loading...
B65G 65/32
Loading...
200920271945.1
洛阳栾川钼业集团股份有限公司
雷春太
B65G 65/32
Loading...
本实用新型公开的物料的输送装置是在现有主输送皮带(1)和电滚筒(2)下方的细料仓(3)上设置可移动输送带(4)，所述的可移动输送带套装在电滚筒(2)上并由托辊(5)支撑，可移动电滚筒固定连接在支架(6)上并随支架移动，支架的下端与导轨(8)滑动连接，所述导轨设置在所述细料仓(3)的上部平面上。本实用新型由于在主输送皮带和主输送电滚筒的下方设置可移动输送带，使用时将可移动输送带移动至主输送皮带下方的合适位置，物料由主输送皮带传送到可移动输送带上，经可移动输送带运送到与细料仓边缘上的电滚筒对立一侧的末端，可使物料将料仓填满，使料仓得到充分的利用，保证了物料的供应，并提高了设备运转率。
93. 201720119 一种溢流井回水管路
CN
26.01.2011
B03B 5/60 Loading...
B03B 5/60
Loading...
200920271948.5
洛阳栾川钼业集团股份有限公司
陈忠典
B03B 5/60
Loading...
本实用新型公开的溢流井回水虹吸管路在现有主要由溢流井(1)、主管道(5)、阀门(9)及回水池(10)构成的溢流井装置的结构基础上，在所述溢流井(1)的外侧设置有虹吸管(6)，虹吸管的上端端口向下弯曲，且端口位于清水面(3)内，虹吸管的下端通过溢流井底部与所述溢流井(1)内部的所述主管道(5)相连通，且在连通处设置有用于控制虹吸管流量的阀门(7)，所述主管道(5)另一端与所述回水池(10)连通，在所述主管道(5)上设置有阀门(9)。本实用新型解决了预留孔不易控制回水流量，人工控制溢流孔通断操作的危险性，具有便以控制，安全方便的特点。
94. 201723436 一种往复泵进排浆阀
CN
26.01.2011
F04B 53/10 Loading...
F04B 53/10
Loading...
200920271946.6
洛阳栾川钼业集团股份有限公司
谢凤祥
F04B 53/10
Loading...
本实用新型公开的往复泵进排浆阀是在现有由阀胶胶圈(5)、阀芯(6)、阀体(7)和阀座(8)构成的往复泵进排浆阀的结构基础上，在所述排浆阀的阀芯(6)上套置有阀导套(2)和阀弹簧(3)，阀导套位于阀芯上部的阀导套座(1)内；阀芯下部螺纹部位设置有阀螺母(4)并在阀芯下端与阀螺母之间设置密封胶圈(5)，阀螺母的直径大于密封胶圈的直径且阀螺母完全压盖密封胶圈的上端面。本实用新型通过增加阀导套的长度即使阀芯的移动距离缩短，减小阀芯与阀座撞击所产生的震动。阀螺母将密封胶圈完全压盖使阀胶胶圈的寿命延长。进而延长了往复泵进排浆阀的使用寿命。
95. 201688677 一种改进结构的SKSZ旋转闪蒸干燥机
CN
29.12.2010
F26B 25/00 Loading...
F26B 25/00
Loading...
200920271953.6
洛阳栾川钼业集团股份有限公司
宋金生
F26B 25/00
Loading...
本实用新型属于闪蒸干燥技术，提出一种改进结构的SKSZ旋转闪蒸干燥机，在旋转闪蒸干燥机内置筒套(1)的下端具有一个轴向长250mm、弦长150mm的半圆弧切槽(2)，将内置筒套(1)的最佳外径尺寸设计为350mm。由于在内置筒套的下端切下一个半圆弧(进料方向)从而解决了进料易堵塞的问题，因将其外径加大，改变(缩小)干燥室的横向断面，提高了热气流流动速度，使热气流具有较大的带动力，从而达到了提高精矿含水量(4～6％)的目的，低品位精矿损失较严重及由此而造成的空气污染等问题也随之得到解决。
96. 101921908 Molybdenum concentrate self-heating roasting method and device thereof
CN
22.12.2010
C22B 1/02 Loading...
C22B 1/02
Loading...
201010237892.9
China Molybdenum Co., Ltd.
Zhang Bin
C22B 1/02
Loading...
The invention relates to the technical field of producing industrial molybdenum oxide from molybdenum sulfide concentrates, mainly providing a molybdenum concentrate self-heating roasting method and a device thereof. In the invention, a rotary kiln with a kiln body heat exchanger is utilized to roast molybdenum concentrates to produce the industrial molybdenum oxide; in the roasting process, the heat released by the roasting reaction of the molybdenum concentrates is utilized to preheat air entering from the kiln body heat exchanger, the preheated air is fed into the rotary kiln from the discharge end of a kiln head so as to be subject to roasting reaction together with the molybdenum concentrates, heat is supplemented to materials in a residual sulphur removal region at the rear segment of the rotary kiln, and the temperature of a reaction high-temperature region at the middle segment of the rotary kiln is reduced; and after the starting up process, the molybdenum concentrate roasting process is completed under the state of no external heat supply. The invention solves the problems of overheat during the roasting main reaction period of the molybdenum concentrates and insufficient heat in the later period of desulfuration and the difficulty of feeding cooling air and discharging hot air for a high temperature rotary shell; and the device is simple, heat allocation is reasonable, temperature adjustment of each segment in the kiln is flexible, no external heat source is needed, the product quality is high, and the equipment yield is large.
97. 201639293 一种分料小车滑轨式输电装置
CN
17.11.2010
H02J 3/00 Loading...
H02J 3/00
Loading...
200920292804.8
洛阳栾川钼业集团股份有限公司
喻建冬
H02J 3/00
Loading...
本实用新型公开的分料小车滑轨式输电装置包括分料小车(1)、碳刷组件(3)、皮带(4)、三相滑轨(5)及皮带架槽(6)，将所述的三相滑轨(5)连接三相交流电源安装在所述的皮带架钢槽(6)内，在所述分料小车(1)右侧下料槽体与所述三相滑轨的等高对应处设置有碳刷组件(3)。本实用新型采用滑轨导电原理，改善了设备使用性能并节约了生产成本。
98. 201638929 RTK移动站天线接口密封圈
CN
17.11.2010
H01Q 1/22 Loading...
H01Q 1/22
Loading...
200920271951.7
洛阳栾川钼业集团股份有限公司
王迪
H01Q 1/22
Loading...
本实用新型属于GPS设备应用技术领域，主要涉及一种RTK移动站柔性连接密封圈，由轻质橡胶制成的密封圈(1)为喇叭状中空结构，其上端内径与天线根部外径吻配用以套在天线(2)的根部，下端为吸盘结构吸附于机头(3)上部硬壳的表面上；所述密封圈(1)上端到下端为渐扩径的喇叭口过渡段。本实用新型其密封套圈置在外置天线与机头上部硬壳的表面之间，防止了水分从卡口部位进入机体内部，胶质结构减缓了天线晃动对天线卡口的影响。
99. 201636513 螺旋分级机润滑装置
CN
17.11.2010
F16N 7/32 Loading...
F16N 7/32
Loading...
200920292808.6
洛阳栾川钼业集团股份有限公司
张英林
F16N 7/32
Loading...
本实用新型公开的螺旋分级机润滑装置包括油路和气路两部分，油路部分通过油泵电机(2)带动齿轮油泵(1)动作，润滑油经过单向阀(3)、安全阀(4)到两位四通电磁阀(11)，分两路经各自的截止阀(6)通过油管(14)到喷射器(13)；气路通过空气压缩机(7)将压缩空气由电控截止阀(8)、空气水分过滤器(9)、气动减压阀(10)到二位五通电磁换向气阀(12)，分两路通过气管(15)到喷射器(13)。本实用新型以油、气压为动力，将润滑油成喷射状态附着在螺旋分级机的齿轮上形成均匀油膜，打破了传统加黄油的润滑制度中浪费材料的现象，提高了设备的使用周期，保证了设备的运转率，达到了节能降耗的目的。
100. 201632336 一种水力旋流器缓冲装置
CN
17.11.2010
B04C 11/00 Loading...
B04C 11/00
Loading...
200920271947.0
洛阳栾川钼业集团股份有限公司
刘红亮
B04C 11/00
Loading...
本实用新型公开的水力旋流器缓冲装置主要由旋流器(1)、溢流管(2)、进料管(3)、分配器(4)、溢流箱(5)、支架(6)、沉砂管(7)、沉砂箱(10)及圆筒(8)和钢球(9)，在所述旋流器沉砂箱(10)内设置圆筒(8)，且圆筒(8)的直径大于水力旋流器沉砂管(7)的管口直径，所述圆筒(8)内放置有若干个钢球(9)，所述圆筒(8)设置在水力旋流器的沉砂管(7)管口的正下方。本实用新型解决了沉砂冲击对沉砂箱底部的冲击磨损，减少了沉砂箱的底板的更换频率，进而降低了投入成本。
101. 201639263 一种用于浓密机失压、过流的监控装置
CN
17.11.2010
H02H 5/00 Loading...
H02H 5/00
Loading...
200920271958.9
洛阳栾川钼业集团股份有限公司
邓宏伟
H02H 5/00
Loading...
本实用新型属于自动提示装置在生产领域中的应用，提出的一种用于浓密机失压、过流的监控装置，主要为与浓密机控制系统配套的监控电路，监控电路中设置有对电动机供电电路进行检测的互感线圈L1、L2、L3，并与互感线圈串联有电流表A1、A2、A3；与互感线圈并联设置电压表V，并对应三相电压分别设置用以显示供电电压状态的指示灯D1、D2、D3；监控电路中设置有对电动机工作状态给予指示的指示灯D4，并在指示灯D4前串接继电器CJ的常闭触点；设置有用于电动机过载保护的热继电器RJ。本实用新型其在浓密机行走器因机械故障或电路原因停止运行时，及时给予指示，从而可对故障进行及时维修，尽快恢复正常生产。
102. 201558747 一种浮选柱内有害气体的排放装置
CN
25.08.2010
B03D 1/14 Loading...
B03D 1/14
Loading...
200920292805.2
洛阳栾川钼业集团股份有限公司
娄改新
B03D 1/14
Loading...
本实用新型公开的浮选柱内有害气体的排放装置是在现有浮选柱(1)的顶部端口上设置有锥形罩(2)，该锥形罩(2)大口朝下罩于浮选柱(1)顶部端口上，在锥形罩(2)内设置有轴流风机(3)，所述锥形罩的上端口通过管道与室外相通。本实用新型设计简单，安装方便，且浮选柱内有害气体通过排风扇将有害气体抽到室外，减少了有害气体逸散到车间内对操作人员身体的伤害。
103. 201559924 一种改进结构的料仓下料嘴
CN
25.08.2010
B65D 88/28 Loading...
B65D 88/28
Loading...
200920292810.3
洛阳栾川钼业集团股份有限公司
任建国
B65D 88/28
Loading...
本实用新型公开的改进结构的料仓下料嘴由料仓(1)、下料嘴(2)、护罩(3)、皮带(4)、角铁(5)及钢板(6)组成，所述下料嘴(2)位于所述料仓(1)的下方且与料仓连通，下料嘴的下端伸入所述皮带(4)上面的护罩(3)内；在所述下料嘴的内筒壁上焊接有若干个角铁(5)；在位于所述护罩(3)内的下料嘴下端设置有倾斜放置的钢板(6)并使钢板与水平面成30～45°角。本实用新型提出具有设计简单，成本低廉的特点，角铁的使用减缓了物料与下料嘴内壁之间的摩擦，钢板的使用保护了皮带的安全，使物料的铁质杂质无法划伤皮带，从而保证设备的运转率。
104. 201562177 一种用于药剂液位控制的装置
CN
25.08.2010
G05D 9/12 Loading...
G05D 9/12
Loading...
200920271956.X
洛阳栾川钼业集团股份有限公司
赵明州
G05D 9/12
Loading...
本实用新型属于自动控制技术领域，涉及一种用于药剂液位控制的装置，主要包括位于药剂箱内的浮球(5)，接触器(8)、上限位感应开关(9)和下限位感应开关(6)；接触器(8)与浮球(5)通过联杆(11)连接，位于联杆上端的接触器(8)在上限位感应开关(9)与下限位感应开关(6)之间上下移动，并将上、下限位感应开关(9、6)设置在药剂箱(10)内的支撑立柱(7)上；具有控制药剂泵工作的控制电路，控制电路包括上限位感应开关(9)、下限位感应开关(6)和接触器(8)。本实用新型实现了药剂的正常供应，杜绝了以前在生产中出现的跑、冒、滴、漏现象；降低了工人的劳动强度，节约了生产成本，提高了工作效率。
105. 201558725 一种大型溢流型球磨机检修装置
CN
25.08.2010
B02C 17/18 Loading...
B02C 17/18
Loading...
200920271961.0
洛阳栾川钼业集团股份有限公司
雷春太
B02C 17/18
Loading...
本实用新型公开的大型溢流型球磨机检修装置是在现有球磨机筒体(3)上设置由小车(5)、轨道(6)和牵引绳(7)构成的检测装置，小车滑动连接在轨道上，轨道的一端设置在所述球磨机筒体(3)的内部、另一端设置在球磨机筒体的出料口外部，在所述小车的两端设置有牵引绳。本实用新型具有设计简单，操作方便的特点，检修小车可一次运输多个衬板及其备件，解决了天车吊装方法吊装时间长、效率低、劳动强度高的问题。
106. 201558954 一种钼环压制模具
CN
25.08.2010
B22F 3/03 Loading...
B22F 3/03
Loading...
200920271959.3
洛阳栾川钼业集团股份有限公司
张二召
B22F 3/03
Loading...
本实用新型属于模具加工技术领域，主要涉及一种钼环压制模具。包括上层密封圈(2)、下层密封圈(5)、钢模(1)、软胶膜(4)；上层密封圈(2)、下层密封圈(5)分别套置于钢模(1)的上部与下端，上层密封圈(2)与下层密封圈(5)的外侧套置有软胶膜(4)，构成上层密封圈(2)、下层密封圈(3)、钢模(1)、软胶膜(4)密封腔室；填充钼粉的腔室外侧表面上设置有套箍，且箍套位于上层密封圈(2)、下层密封圈(5)的对应部位外侧。本实用新型提出的一种钼环坯压制模具，其压制的钼环坯均匀，形状规则，且可以任意的调节钼环坯的单重，烧结后，后续的加工浪费少，成品率高。
107. 201558739 一种分级机的上部主轴支承结构
CN
25.08.2010
B03B 5/52 Loading...
B03B 5/52
Loading...
200920271950.2
洛阳栾川钼业集团股份有限公司
郝金朝
B03B 5/52
Loading...
本实用新型属于分级机的结构设计，主要涉及一种分级机的上部主轴支承结构。在分级机的十字轴套内嵌置一套滚动轴承(2)，分级机主轴(1)的上部通过镶嵌于十字轴套内的滚动轴承(2)支承于机体上。本实用新型提出的分级机的上部主轴支承结构，使主轴上部的支承转动形式由滑动改为滚动，可极大降低运转阻力，为设备的正常运转提供了条件。
108. 201553016 一种自卸车进气装置
CN
18.08.2010
B60K 13/02 Loading...
B60K 13/02
Loading...
200920271954.0
洛阳栾川钼业集团股份有限公司
张卫东
B60K 13/02
Loading...
本实用新型属于自卸车进气技术，提出的一种自卸车进气装置，主要包括空气滤清器(1)、增压器(2)、中冷器(4)和发动机(5)；所述的空气滤清器(1)为多个，且多个空气滤清器的出口与增压器(2)相连；增压器的出口端连接中冷器(4)，中冷器的出口端连接发动机(5)；在所述的增压器(2)与中冷器(4)之间的气管上设置用以过滤金属屑的过滤器(3)，所述过滤器(3)为管状结构，其一端具有台阶，另一端具有滤网；所述滤网的目数为0.5mm×0.5mm。本实用新型在增压器与中冷器之间设置过滤器，避免了金属屑进入发动机气缸，有效提高发动机的使用安全系数。
109. 201554702 一种改进结构的清水泵
CN
18.08.2010
F04D 29/66 Loading...
F04D 29/66
Loading...
200920271949.X
洛阳栾川钼业集团股份有限公司
郝金朝
F04D 29/66
Loading...
本实用新型公开的一种改进结构的清水泵，将清水泵的平衡套(1)内径由110mm增大为111mm，并在平衡套(1)内径圆周上均布三个横截面为5mm×5mm的轴向贯通出水槽(4)。本实用新型通过增加左侧作用力的方式，使清水泵的平衡系统保持正常运行；由于将平衡套(1)内径由110mm增大为111mm，并在其内径圆周上均布3个横截面为5mm×5mm的轴向贯通出水槽(4)，以增大水流溢出量，有效防止水道堵塞，使左、右侧作用力达到动态平衡，由此增加了清水泵的使用寿命。
110. 201555737 一种尾矿箱的自动取样器
CN
18.08.2010
G01N 1/10 Loading...
G01N 1/10
Loading...
200920271960.6
洛阳栾川钼业集团股份有限公司
高湛伟
G01N 1/10
Loading...
本实用新型属于检测、取样技术，涉及一种尾矿箱的自动取样器：设置有电动机(1)和由电动机驱动的丝杠(6)，丝杠(6)的另一端由轴承支承在机架上；设置与丝杠螺纹配合并在丝杠作用下左右移动的螺母(4)，与螺母连接的滚轮(3、5)位于固定在地面的轨道内；取样瓶(7)连接在所述螺母(4)的下端；在机架的两端分别设置接触点行程开关(2、8)并分别与取样瓶的左右移动行程终点对应设置。本实用新型提出尾矿箱的自动取样器，在工人劳动强度大大减小的前提下实现了取样的均匀性、代表性，使取样结果更接近实际生产，对生产起到了一定的指导作用，提高了生产过程中的自动化程度。
111. 201555954 一种用于RTK移动站的柔性过渡连接杆
CN
18.08.2010
G01S 19/14 Loading...
G01S 19/14
Loading...
200920271952.1
洛阳栾川钼业集团股份有限公司
刘军
G01S 19/14
Loading...
本实用新型属于GPS测量技术领域，主要涉及一种用于RTK移动站的柔性过渡连接杆，所述柔性过渡连接杆(1)的杆体为硬质橡胶制成的中空圆柱状结构，柔性过渡连接杆(1)的一端具有用于与主机连接的螺栓(3)，另一端为与主机连接杆连接的内嵌式螺母(2)。本实用新型解决了由于触动震颤引起的主机损伤、采集信号不稳定的问题。
112. 201554068 在线分析仪自动供水装置
CN
18.08.2010
E03B 11/16 Loading...
E03B 11/16
Loading...
200920292806.7
洛阳栾川钼业集团股份有限公司
郝金朝
E03B 11/16
Loading...
本实用新型属公开的在线分析仪自动供水装置是在水源地(9)的管道上引一根水管，接口处连接PLC控制器(2)、电气控制器(4)、可控电动阀门(5)及加压泵(6)，所述电气控制器分别与PLC控制器和可控电动阀门、加压泵连接，PLC控制器分别与电脑(1)、流量计(8)、液位计(3)连接，水源地的加压泵通过管路与蓄水池(7)连接，在其连接管路上设置有流量计(8)，所述蓄水池(7)的出水管路上设置有电动阀(5)和加压泵(6)，该电动阀和加压泵经电气控制器与PLC控制器连通。本实用新型通过PLC分析液位计反馈回来的数据，并按设定的参数通过电气控制器控制电控阀，加压泵来维持车间蓄水池内的清水的存储量，以达到自动持续不间断供水的目的。
113. 201554488 料仓自动喷水降尘装置
CN
18.08.2010
E21F 5/02 Loading...
E21F 5/02
Loading...
200920271955.5
洛阳栾川钼业集团股份有限公司
高延民
E21F 5/02
Loading...
本实用新型属于自动化控制领域，提出的一种料仓自动喷水降尘装置，由红外线收发器(3)、喷水头(4)及控制喷水头工作的控制电路构成；所述的红外线收发器(3)为两套并分别设置在粗料仓(1)入矿口的两端，红外线收发器的输出连接控制喷水头工作的控制电路。本实用新型具有结构简单、成本低廉的特点，解决了原有洒水降尘方式所存在的问题。
114. 201552018 圆锥破碎机带锥斗受料槽
CN
18.08.2010
B02C 2/00 Loading...
B02C 2/00
Loading...
200920292807.1
洛阳栾川钼业集团股份有限公司
周占业
B02C 2/00
Loading...
本实用新型公开的圆锥破碎机带锥斗受料槽具有把废圆锥衬板切割成两个相同的半圆体(1)，在每个半圆体的外圆周上设有多个凹槽(2)，每个半圆体的内圆周为下料口(3)；在每个半圆体的凹槽上均固定连接有支撑钢板(4)，支撑钢板上具有固定孔(5)，在半圆体(1)下部的外壁上分布焊接有多块悬挂固定钢板(6)，悬挂固定钢板为不规则的五角钢板，每个悬挂固定钢板的一边均与缓冲料筒内壁垂直吻合。本实用新型有效提高了圆锥破碎机带锥斗受料槽的使用寿命，节省了频繁更换检修时间，减少了职工的劳动量，降低了使用成本。
115. 201555210 一种锅炉原水储水罐液位控制装置
CN
18.08.2010
F22D 5/00 Loading...
F22D 5/00
Loading...
200920271957.4
洛阳栾川钼业集团股份有限公司
辛雪梅
F22D 5/00
Loading...
本实用新型属于锅炉给水控制技术领域，提出一种锅炉原水储水罐液位控制装置，在锅炉原水储水罐(1)上设置水位控制仪(2)，所述水位控制仪(2)安装在锅炉原水储水罐的最高溢水口(3)位置，所述水位控制仪采用型号为UQK-61的控制仪，所述水位控制仪的输出连接声光报警器(4)并将声光报警器设置在值班处。本实用新型提出的锅炉原水储水罐液位控制装置，具有减少水资源浪费、节约生产成本的有益效果。
116. 201555439 螺旋干燥机蒸汽排放装置
CN
18.08.2010
F26B 25/00 Loading...
F26B 25/00
Loading...
200920292802.9
洛阳栾川钼业集团股份有限公司
张英林
F26B 25/00
Loading...
本实用新型公开的螺旋干燥机的蒸汽排放装置在干燥机的蒸汽引风机烟囱部位加装湿式缓冲箱(1)，湿式缓冲箱(1)内装有水，蒸汽引风机烟囱排气管的下端位于湿式缓冲箱内的水位以下，湿式缓冲箱上还设有进水管(4)、排水管(5)，钼精矿排放口(6)和烟囱(7)，钼精矿排放口(6)位于湿式缓冲箱的下部，烟囱(7)位于湿式缓冲箱的顶部。本实用新型的结构设计简单，由于其在干燥机的蒸汽引风机烟囱加装湿式缓冲箱，从而使干燥机的蒸汽排放湿度控制在合适的范围内，并可将排出蒸气飞沫中携带的钼精矿有效回收，同时，使烟囱排放的空气完全达标。
117. 201552061 选矿浮选柱发泡装置
CN
18.08.2010
B03D 1/14 Loading...
B03D 1/14
Loading...
200920292809.0
洛阳栾川钼业集团股份有限公司
李作闯
B03D 1/14
Loading...
本实用新型公开的选矿浮选柱发泡装置是将短发泡枪(1)和根长发泡枪(2)设置为三层阶梯式结构，下层设置四根短发泡枪(1)，中层设置十根短发泡枪(1)，上层设置二十根发泡枪，并将上层设置的二十根发泡枪分为三组，每一组配置四根短发泡枪(1)、一根长发泡枪(2)。在正常运行时，可以阻止粗砂大量沉积，同时在底部形成大量气泡和上升气流，使未被气泡上浮的矿物颗粒产生二次富集，达到矿浆表面减少金属流失。因为在放尾区沉降面积大幅缩小，同时停车后二次开车，浮选柱下部四根发泡抢产生的强大气压足以使粗砂上浮，减少了尾矿堵塞和停车时间。
118. 201552301 掺杂钼粉用溶液纯化装置
CN
18.08.2010
B22F 9/06 Loading...
B22F 9/06
Loading...
200920292801.4
洛阳栾川钼业集团股份有限公司
张二召
B22F 9/06
Loading...
本实用新型属于溶液纯化技术领域，主要涉及一种掺杂钼粉用溶液纯化装置；纯化装置由高压泵(11)和纯化机构构成；所述纯化机构包括中转容器(8)、待装溶液容器(9)、掺杂溶液容器(7)；高压泵(11)与纯化机构的中转容器(8)连通；中转容器(8)与待装溶液容器(9)连通；所述掺杂溶液容器(7)内设置有滤芯(10)，待装溶液容器(9)与掺杂溶液容器内的滤芯(10)连通；所述的中转容器(8)、待装溶液容器(9)为密闭容器。本实用新型提出的掺杂钼粉用溶液纯化装置，使后续生产工序混料效果好，机械化程度高，提高了生产效率和材料成品率，降低生产成本。
119. 101716557 Method for emulsifying molybdenum beneficiation collecting agent
CN
02.06.2010
B03D 1/001 Loading...
B03D 1/001
Loading...
200910250292.3
China Molybdenum Co., Ltd.
Che Wenfang
B03D 1/001
Loading...
The invention discloses a method for emulsifying a molybdenum beneficiation collecting agent, comprising the following steps of: (1) putting sodium alkyl benzene sulfonate of an emulsifier into hot water the temperature of which is higher than 65 DEG C, stirring for 10min so as to enable the emulsifier to be sufficiently dissolved, wherein the mass ratio of sodium alkyl benzene sulfonate to the water is 1:5; (2) mixing 0.02-0.1 mass percent of emulsifier obtained in the step 1 and 6-10 mass percent of diesel oil, 1-2 mass percent of sodium silicate and 92.98-87.9 percent of water, stirring for 20min, and then obtaining a mixed liquor of the collecting agent; and (3) injecting the mixed liquor of the collecting agent which is obtained in the step 2 to a high shear emulsification pump, shearing and then circulating 2 times, and finally obtaining the emulsified collecting agent. The invention improves the water solubility and the dispersity of the collecting agent and reduces the final tailings grade, and the total yield is 0.5 percent higher than that of a process singly using the collecting agent. Meanwhile, the unit consumption of the collecting agent is reduced by 20 percent, and the unit consumption of a foaming agent is reduced by 9.5 percent.
120. 201301995 三通换向阀
CN
02.09.2009
F16K 27/00 Loading...
F16K 27/00
Loading...
200820135657.9
洛阳栾川钼业集团股份有限公司
宫玉川
F16K 27/00
Loading...
本实用新型公开了一种三通换向阀，其包括换向阀体(1)，阀体的下部设置有观察孔(2)，在换向阀体(1)上部设置有清理观察孔(3)。本实用新型由于在换向阀体中部进气孔的侧面设置有清理观察孔，可在定期检修时将此观察孔打开，及时清理阀体内部沉积的酸泥，使阀板可正常密闭后，有效防止未经过转化的SO2气体进入吸收塔，提高系统转化率、吸收率，减弱对阀体及管道等设备的腐蚀，提高对尾气的处理效率，降低对大气环境的影响。
121. 201302369 网带式焙烧炉
CN
02.09.2009
F27B 9/24 Loading...
F27B 9/24
Loading...
200820136154.3
洛阳栾川钼业集团股份有限公司
许明臣
F27B 9/24
Loading...
本实用新型公开的网带式焙烧炉其主要由后滚筒(1)、传动装置(2)、炉体(4)、网带(5)及前滚筒(6)构成，后滚筒(1)和前滚筒(6)固定在炉体(4)两端炉架上，网带(5)穿过炉体(4)的工作区域套接在后滚筒(1)与前滚筒(6)上形成环形结构，由传动装置(2)驱动后滚筒(1)或前滚筒(6)带动其转动；炉体(4)包括炉架、护板、炉管/炉芯组件及加热组件和冷却水套组成，炉架分为上下两部分，上部分支撑隔热板、加热组件及炉管/炉芯和保温砖，下部分支撑着网带(5)，炉管/炉芯包括进料区、加热区及冷却区。解决了现有回转管炉和四管炉存在的易堵塞、回收率低、无功热能损失大等问题，达到降低无功热能损失，提高回收效率，粒度容易控制的目的，为后续制品的加工提供保障。
122. 201300086 提高再磨系统设备运转率的装置
CN
02.09.2009
B03B 7/00 Loading...
B03B 7/00
Loading...
200820135659.8
洛阳栾川钼业集团股份有限公司
刘红亮
B03B 7/00
Loading...
本实用新型公开的提高再磨系统设备运转率的装置是现有再磨系统设备配置的基础上，在所述的1#旋流器(4)与1#再磨机(5)之间的(A)处、2#旋流器(10)沉砂至2#再磨机(11)之间的(B)处、3#旋流器(15)沉砂至3#再磨机(16)之间(C)处各设一旁通管路，并在旁通管路上和再磨机(5)的进料管上各设置有阀门。本实用新型通过在1#、2#、3#再磨机进浆管处重新架设一旁通管路，有效控制浆路流通，这样一方面给有故障的再磨机以充分的检修时间，同时也能够保证其他设备的运转不受任何影响，提高了设备运转率，设备运转率在原基础提高了0.833％，从而达到提高设备运转率的同时也使钼精矿产量大大增加的目的。
123. 201301226 一种具有密封挡板的丝网除沫器
CN
02.09.2009
C01B 17/69 Loading...
C01B 17/69
Loading...
200820135658.3
洛阳栾川钼业集团股份有限公司
宫玉川
C01B 17/69
Loading...
本实用新型公开了一种具有密封挡板的丝网除沫器，其包括壳体(1)上层丝网(3)、入口(4)、下层丝网(5)，在上层丝网(3)和下层丝网(5)上方的一周壳体上设置分别设置有密封挡板(2)。由于本实用新型在丝网上方的壳体内壁上设置有密封挡板，可杜绝气流从丝网外端通过，使带酸沫的气体全部通过除沫器除雾，可较好的解决壳体法兰及连接处的腐蚀问题。
124. 201300079 球磨机给料系统的传动装置
CN
02.09.2009
B02C 17/18 Loading...
B02C 17/18
Loading...
200820136148.8
洛阳栾川钼业集团股份有限公司
刘献
B02C 17/18
Loading...
本实用新型公开是球磨机给料系统的传动装置是在圆盘(2)的下端固定连接有大伞齿轮(13)，在所述减速机(15)的输出轴(17)上固定连接有小伞齿轮(14)，该小伞齿轮与大伞齿轮啮合连接，在减速机的输入轴上固定连接有皮带轮(8)，该皮带轮通过皮带(19)与电机(9)输出轴(18)上的电机皮带轮(20)连接。在圆盘与卸料皮带之间设置有溜槽(11)，并在圆盘上位于溜槽部位设置有刮料板(12)。由于其把把球磨机给料系统的传动装置改为现在的立式、开启式传动，使其结构简单，检修起来简便省时，检修时间由以前的10小时以上缩短为现在的30～40分钟，设备运转率提高了0.324％，降低了工人的劳动强度。发生故障率减少为以前的80％，大大提高了设备运转率。
125. 201300064 圆锥破碎机的吸尘罩
CN
02.09.2009
B02C 2/00 Loading...
B02C 2/00
Loading...
200820136153.9
洛阳栾川钼业集团股份有限公司
任建国
B02C 2/00
Loading...
本实用新型公开的一种圆锥破碎机的圆锥吸尘罩是在现有圆锥破碎机(2)位于给矿皮带(1)的圆锥腔部位设置有圆锥吸尘罩，该圆锥吸尘罩包括除尘器管道(3)、帘体(4)及帘圈(5)，帘体的下端套接在圆锥破碎机的圆锥腔上，帘圈位于帘体的上端部，其上穿有绳子用于捆扎罩口使帘体4的内部形成封闭，除尘器管道的前端深入帘体内。解决了运动的圆锥腔与固定的吸尘装置之间的密封问题，使卸料和破碎均在密封的环境中进行，消除了以前粉尘飞扬的场面，使工人的作业环境得到很大的改善，保证了职工的身体健康，减轻了职工的劳动强度。同时也给检修提供了方便，缩短了拆卸时间，大大提高了工作效率。其结构设计简单、制作成本非常低廉。
126. 201287950 改进的圆盘给料器给料托盘
CN
12.08.2009
B65G 29/00 Loading...
B65G 29/00
Loading...
200820135656.4
洛阳栾川钼业集团股份有限公司
郭松林
B65G 29/00
Loading...
本实用新型公开了一种改进的圆盘给料器给料托盘，其由外部圆环盘(1)和内部圆盘(2)构成，内部圆盘(2)和给料器上的支座(3)连接，外部圆环盘(1)套接在内部圆盘(2)的外围。本实用新型由于将外部圆环盘和内部盘环及给料器上的支座分解开来，在内部圆盘的外围与外部圆环盘的内围用螺丝连接，使其能活拆活卸，这样，在外部圆环磨损后，能单独的进行拆卸、更换，并不需要对还完好的内部圆环和底部支座更换。本实用新型使维修变得灵活，从而降低了维修工的劳动强度。同时由于托盘盘不需要整体更换，相应地降低了维修的费用。
127. 201289352 露天矿二次穿孔区装药装置
CN
12.08.2009
F42D 1/00 Loading...
F42D 1/00
Loading...
200820135652.6
洛阳栾川钼业集团股份有限公司
冯少彦
F42D 1/00
Loading...
本实用新型属于矿山开采施工技术。提出的露天矿二次穿孔区装药装置采用柔性袋状容器(1)，在袋状容器(1)的下端装填有块状重物(6)，并将袋状容器的下端与上部空间封闭，在袋状容器(1)内充填两层炸药(7)(8)，并在上下两层炸药之间放置起爆体(4)，炸药的上部为充填物(2)。本实用新型的装置可使装药过程中炸药不会流失，同时可节省装药的时间并使爆破的质量也得到了保证。
128. 201289355 测量型炮孔护孔塞
CN
12.08.2009
F42D 1/18 Loading...
F42D 1/18
Loading...
200820135653.0
洛阳栾川钼业集团股份有限公司
刘军
F42D 1/18
Loading...
本实用新型属于矿山开采工程的辅助器具。提出的测量型炮孔护孔塞其护孔塞的塞体(5)为空心筒状结构，塞体(5)的外壁与炮孔的内壁吻配，塞体(5)的上端为直径大于塞体直径的圆形塞帽(1)，在圆形塞帽(1)上具有直径与塞体(5)直径相同的环形孔位定位圈(2)，并在圆形塞帽的中心部位具有环形测量定位圈(3)，孔位定位圈(2)、测量定位圈(3)均为向上凸起的筋状结构，圆形塞帽上具有手柄(4)，其为弧形结构。本实用新型结构设计简单，成本低廉，并可在施工中回收重复利用。
129. 201287079 一种用于低品位白钨综合回收的浮选柱
CN
12.08.2009
B03D 1/14 Loading...
B03D 1/14
Loading...
200820136149.2
洛阳栾川钼业集团股份有限公司
杨剑波
B03D 1/14
Loading...
本实用新型公开了一种用于低品位白钨综合回收的浮选柱，其包括内部为空腔的柱体(5)，在柱体(5)的顶部设置有一泡沫槽(3)，在柱体(5)的侧面上部设置有进浆口(1)，柱体(5)内腔的上部设置有分配器(4)，分配器(4)和进浆口(1)连接，在柱体(5)下部设置有和空压机连接的发泡枪(2)，柱体(5)的底部设置有调节控制阀(7)。本实用新型有以下优点：占地面积小，处理能力大；节约了部分电耗(约节电10％)；可完全达到自动控制，使工艺指标更稳定。
130. 201269407 矿浆输送高压力管道的稳压装置
CN
08.07.2009
F17D 3/01 Loading...
F17D 3/01
Loading...
200820135650.7
洛阳栾川钼业集团股份有限公司
刘万产
F17D 3/01
Loading...
本实用新型属于压力管道输送技术。提出的矿浆输送高压力管道的稳压装置的稳压罐由两个管径不同的金属管联接而成且两个金属管为相通结构，其上部金属管(3)为盲管结构且其上端安装有吊耳(2)，下部金属管(4)的管腔半径为上部金属管管腔的1/2，其通过下端开口焊接联接在输送压力管道(1)上，并使稳压罐中心轴线与输送压力管道的轴线垂直。本实用新型提出的矿浆输送高压力管道的稳压装置，可对输送管道的压力进行稳定，以减小因压力波动对设备带来的危害。
131. 201264003 一种浮选机的浮选槽结构
CN
01.07.2009
B03D 1/14 Loading...
B03D 1/14
Loading...
200820135649.4
洛阳栾川钼业集团股份有限公司
张秋花
B03D 1/14
Loading...
本实用新型属于选矿浮选机械设备。提出的浮选机的浮选槽结构，在浮选槽(1)一侧的上端具有泡沫槽(2)；在设置泡沫槽一侧的浮选槽内壁设置稳流板(3)，稳流板(3)上开置有四排小孔并使小孔均匀排列，稳流板(3)通过角铁架(5)固定在浮选槽内壁上。在浮选槽具有泡沫槽的一侧设置稳流板可以减小强力搅拌矿浆对表面气泡的冲击，增加气泡与矿粒的接融附着机会，同时因在矿浆表面冲击力减小，泡沫层厚度增加，通过放置稳流板，泡沫层加厚精矿易于浮出，减少了金属流失，降低了尾矿品位，提高了回收率。在浮选槽内形成矿浆或气泡可以通过稳流板上的小孔上升入矿浆表面。
132. 201266105 矿仓料位检测报警器
CN
01.07.2009
G01F 23/292 Loading...
G01F 23/292
Loading...
200820135651.1
洛阳栾川钼业集团股份有限公司
周明岳
G01F 23/292
Loading...
本实用新型属于自动检测技术。提出的矿仓料位检测报警器采用红外线光电传感器(3)作为探头将其通过法兰盘(1)固定在钢管(4)内，并将钢管(4)设置在料仓内，探头的电源线通过电源适配器与电源连接，其信号输出与继电器相连。本实用新型结构简单、成本低廉。
133. 201264097 冷等静压机湿袋软模成型装模的排气探针
CN
01.07.2009
B22F 3/04 Loading...
B22F 3/04
Loading...
200820135655.X
洛阳栾川钼业集团股份有限公司
徐英伟
B22F 3/04
Loading...
本实用新型公开的冷等静压机湿袋软模成型装模的排气探针由针体(8)和手柄(7)构成，针体(8)的前端为圆针头(9)、后端为环状手柄(7)。本实用新型采用一根探针即可排放出湿袋软模中的空气，解决了在压制中因空气生成的气泡使坯料断裂而影响坯料质量的问题。与现有技术相比，减少了真空泵、注射器针头及棉花过滤物的使用，不仅节约了成本，而且有效避免了杂质的带入，提高了坯料的压制质量。且其操作简单，工具简便，成本低廉，不需增加新的设备且产品质量有保证。
134. 201263973 搅拌桶液位自动控制装置
CN
01.07.2009
B01F 7/16 Loading...
B01F 7/16
Loading...
200820136152.4
洛阳栾川钼业集团股份有限公司
付拼搏
B01F 7/16
Loading...
本实用新型公开了一种搅拌桶液位自动控制装置，具有控制器，控制器和渣浆泵(4)上的电机(5)连接，设置上限液位传感器(1)、下限液位传感器(2)，上限液位传感器(1)和下限液位传感器(2)分别设置在搅拌桶(3)的上部和下部，其分别和控制器连接。本实用新型通过上、下限液位传感器输出的信号，实现对电机起、停的控制。其提高了灵敏度和抗干扰能力，而且耐腐耐磨性高，使用寿命长，一次安装，维护方便。本实用新型可大大降低了对机械的损耗，降低了劳动强度，节约了生产成本。
135. 201264098 冷等静压机湿袋成型软模装模封口胶盖
CN
01.07.2009
B22F 3/04 Loading...
B22F 3/04
Loading...
200820136147.3
洛阳栾川钼业集团股份有限公司
徐英伟
B22F 3/04
Loading...
本实用新型公开的冷等静压机湿袋软模成型装模封口胶盖是在软模(2)模口的胶塞(3)部位设置胶盖(4)。本实用新型由于在软模模口部位设置有胶盖，通过胶盖与胶塞配合使用，解决了软模模口浸油污染问题，使其再次使用时模口内外壁都不粘油。用这种方法所生产的钼坯料杜绝了在生产过程中钼粉及坯料与油污的接触机会，保证了料坯化学成分达标，不受污染，进而保证其物理和化学性能。其使用的工具简单，操作简单，不需增加新的设备且产品质量有保证。
136. 201265466 机动车发动机燃油回路减压器
CN
01.07.2009
F02M 37/00 Loading...
F02M 37/00
Loading...
200820135654.5
洛阳栾川钼业集团股份有限公司
张卫东
F02M 37/00
Loading...
本实用新型属于机动车发动机供回油技术。提出的机动车发动机燃油回路减压器(2)设置在发动机主油箱(1)与滤清器(3)之间并使减压器水平位置低于主油箱，减压器(2)上端进油口(7)与主油箱出油连通并在其进油口(7)设置有浮球式截止阀，减压器(2)的下端出油口(11)与滤清器进油口相连并将减压器(2)上端回油口(8)与燃油泵回油口相连。本实用新型提出的发动机燃油回路减压器有效解决了燃油回路背压高的问题，使车辆的发动机怠速达到了额定标准，降低了变速箱的故障率并使车辆燃油消耗得到降低。
137. 101445275 Centrifugal extracting method for preparing ammonium tungstate solution from soda leach liquor of tungsten contained material
CN
03.06.2009
C01G 41/00 Loading...
C01G 41/00
Loading...
200810143290.X
Central South University
Zhang Guiqing
C01G 41/00
Loading...
The invention discloses a centrifugal extracting method for preparing ammonium tungstate solution from soda leach liquor of tungsten contained material. The method takes the trialkyl methyl ammonium carbonate as extractant containing tungsten materials directly from the leaching solution of soda extraction tungsten; then the impurities of phosphorus, arsenic, silicon, such as stripping more than stay in solution with separation of tungsten, tungsten negative organic phase after washing with detergent as ammonium bicarbonate and ammonium carbonate extraction of the mixed solution to obtain high-purity tungsten perchlorate solution, anti-organic phase after extraction with sodium hydroxide solution using renewable, recycled back to the organic phase after extraction, extraction, extraction operations are carried out the centrifugal extractor. The invention achieves the invention sodium perchlorate solution to the transformation of tungsten, and the invention removes the phosphorus, arsenic, silicon and other impurities, stripping more than the use of liquid can be returned to leaching. The extraction and anti-extraction process of the invention has a fastseparation, short process, and small chemical reagent consumption, waste water emissions from small, easy to achieve industrialization.
138. 101428251 Method for improving ore grade of molybdenum concentrate with precise separating segment
CN
13.05.2009
B03D 1/00 Loading...
B03D 1/00
Loading...
200810167715.0
China Molybdenum Co., Ltd.
Hao Jinchao
B03D 1/00
Loading...
The invention discloses a method for improving molybdenum concentrate grade by adopting a concentration stage. The invention comprises the technological process of the ore-feeding closed-circuit regrinding of a concentration I flotation column, a concentration II flotation column, and a concentration IV flotation column. The invention is characterized in that the concentration IV ore feeding, that is, concentration III foam enables pulp to overflow so as to enter the concentration IV flotation column after being classified by a hydrocyclone; a slurry pump is added on the tailings part of the concentration IV flotation column so as to enable the concentration IV tailings to return the concentration III flotation column, thereby forming a closed circuit; and concentration IV foam enters concentration V, the tailings of the concentration V and concentration III foam enters the concentration IV after being reground, and the foam of the concentration IV flotation column is directly regarded as final products. Therefore, the enrichment ratios of the concentration III, the concentration IV, and the concentration V pulp are increased, the flotation time is prolonged, and the grade of the final concentrates is improved significantly.
139. 201220956 内加热回转管窑焙烧钼精矿自动出料混料包装一体化设备
CN
15.04.2009
C22B 1/00 Loading...
C22B 1/00
Loading...
200820148256.7
洛阳栾川钼业集团冶炼有限责任公司
宫玉川
C22B 1/00
Loading...
本实用新型公开一种内加热回转管窑焙烧钼精矿自动出料混料包装一体化设备，由刮板输送机(2)设置在回转窑(1)窑尾下方，刮板输送机下方设置有一个滚动式散热器(3)，滚动式散热器呈坡度，其入口与刮板输送机出口密封连通；坡度尾端的滚动式散热器出口与粉碎机(4)入口密封连通；粉碎机出口连接到斗式提升机(5)入口，提升机出口与下方的料仓(6)入口密封连通；料仓的出口与下方的圆筒式混料机(7)入口密封连通；圆筒式混料机(7)的出口与下方的自动包装机(8)入口密封连通。该设备能够实现从出料到包装的一体化自动工作，减少人工操作，降低劳动强度，提高产品回收率，并且安全环保及卫生，能实现清洁生产的目的。
140. 101385995 Method for increasing molybdenum ore recovery using fine-sweeping
CN
18.03.2009
B03D 1/00 Loading...
B03D 1/00
Loading...
200810166980.7
Luoyang Luanchuan Molybdenum Industry Group Co., Ltd.
Chen Zhongdian
B03D 1/00
Loading...
The invention discloses a method used for improving the recovery of the molybdenum processing by fine sweeping section; the method comprises five selection operations such as fine sweeping I, II, III, IV and V; wherein, fine sweeping I foam and fine sweeping foam are returned to a slurry pond 2 together; fine sweeping II gangue is classified by a hydrocyclone and the overflow thereof is used as fine I given ore; fine sweeping I gangue enters a fine sweeping II flotation machine; the fine sweeping II flotation machine foam enters fine sweeping; fine sweeping II gangue enters a fine sweeping III flotation machine and is classified; the fine sweeping III gangue is re-classified by fine sweeping IV and used as final fine sweeping gangue; the foam thereof is re-returned to the fine sweeping III flotation machine to be classified; after the selection operation of the fine sweeping IV, a floatation column is provided so as to lead the fine sweeping IV gangue to directly enter a newly increased flotation column (fine sweeping V) and to be classified; subsequently, the gangue is directly used as final fine sweeping gangue tail and the foam as well as the fine sweeping III foam and fine sweeping gangue is returned to the fine sweeping II flotation machine and re-classified. The method leads the original fine gangue to be re-classified, reduces the grade of the final gangue and improves the recovery at the same time, and increases the yield of molybdenum concentrates.
141. 101381819 Comprehensive recovery technique for molybdenum and sulfur from tailings of molybdenum floation
CN
11.03.2009
C22B 34/34 Loading...
C22B 34/34
Loading...
200810166978.X
Luoyang Luanchuan Molybdenum Industry Group Co., Ltd.
Yang Jianbo
C22B 34/34
Loading...
The invention discloses a technique for comprehensive recovery of molybdenum and sulfur from floating molybdenum ore tailings, which comprises the following steps: the molybdenum ore tailings are classified by a hydrocyclone at first; about 80 percent of ore tailing particles with the dimension less than 0.15 millimeter are thrown away, and about 20 percent of coarse particles with the dimension more than 0.15 milliliter exist after classification; and the coarse particle ore tailings are grinded, and the grinding fineness of 50 to 55 percent of the coarse particles is controlled to be -200 meshes. The technique adopts the method of bulk flotation and separation of molybdenum and sulfur, namely the molybdenum and the sulfur are floated into foams together during the floating process, and then the molybdenum is floated and the sulfur is inhibited; and a sulfur inhibitor is added for inhibiting the sulfur, so as to effectively separate the molybdenum from the sulfur, and the molybdenum and the sulfur become products respectively. The technique pertinently recovers the molybdenum in the ore tailings, improves the utilization rate of molybdenum resources, simultaneously recovers the sulfur, achieves the effect of comprehensive utilization of limited mineral resources, and improves the economic benefit and the social benefit.
142. 101380609 Technological process for inhibiting phosphorus impurity in molybdenum concentrate floatation process
CN
11.03.2009
B03B 1/00 Loading...
B03B 1/00
Loading...
200810166979.4
Luoyang Luanchuan Molybdenum Industry Group Co., Ltd.
Li Faben
B03B 1/00
Loading...
The invention belongs to the technical skill of molybdenum concentrate flotation, and provides a technical method for inhibiting phosphor impurity in the molybdenum concentrate flotation technique. The method comprises the following steps: adopting the agent systems of combined prescription; comprehensively using water glass and sodium fluosilicate as phosphor inhibitor; adding the water glass in a global mill of a first section of a grinding ore in molybdenum concentrate flotation according to the proportion of 1.5 to 2 kilogram/ton of raw ore; adding the sodium fluosilicate in a global mill of a second section of the grinding ore in molybdenum concentrate flotation according to the proportion of 20 to 30 gram/ton of the raw ore, so that the impurity of the molybdenum concentrate can be effectively inhibited.
143. 101362117 Copper impurity inhibitor in molybdenum extraction technique
CN
11.02.2009
B03D 1/018 Loading...
B03D 1/018
Loading...
200810167714.6
Luoyang Luanchuan Molybdenum Industry Group Co., Ltd.
Li Faben
B03D 1/018
Loading...
The invention pertains to a technology for suppressing copper impurity in the choiceness technology of molybdenum, and a suppressant of copper impurity in the choiceness technology of molybdenum consists of thioglycolic acid and zinc sulfate with the proportion of 1:1. When in use, the suppressant is added into a flotation column for choiceness with the amount of 50g to 100g per ton of ore. The suppressant of copper impurity can suppress copper impurity effectively in the choiceness technology of molybdenum and is characterized by low toxicity.
144. 101348868 Method for recovering tungsten and molybdenum from phosphor middling
CN
21.01.2009
C22B 34/34 Loading...
C22B 34/34
Loading...
200810031869.7
Central South University
Li Qinggang
C22B 34/34
Loading...
The invention relates to a method for recovering tungsten and molybdenum from phosphorus middling ore, which relates to a method for recovering the tungsten and the molybdenum from the phosphorus middling ore (containing 15 to 30 percent of P2O5). Minerals to be processed are minerals which undergo primary floatation and enrichment and contain 15 to 30 percent of P2O5, wherein the content of the apatite is about 30 percent, the content of the dolomite is more than 15 to 20 percent, and scheelite and a small amount of calcium molybdate mine and molybdenite are accompanied. Moreover, the content of WO3 is between 12 and 25 percent; the content of Mo is between 2 and 6 percent; and the mass ratio of the Mo to the WO3 is between 12 and 40 percent. By application of the processing method provided by the invention, more than 50 percent of mine which is easy to be acid soluble including the apatite completely enters into a solution and simultaneously more than 60 percent of molybdenum and a small amount of tungsten enter into the solution as well; and the content of the WO3 in the tunstite left is between 50 and 70 percent, and the mass ratio of the Mo to the WO3 is reduced to 5 percent. The method has the advantages that the technololgy is simple and easy; the reagent is single; the separation effect of P-WO3 and Mo-WO3 is good; and three valuable elements including P, Mo and W can be respectively recycled.
145. 101306804 Process for preparing acid from flue gas by calcining molybdenum concentrate in rotary kiln
CN
19.11.2008
C01B 17/74 Loading...
C01B 17/74
Loading...
200710054411.9
Luoyang Luanchuan Molybdenum Industry Group Metallurgy Co., Ltd.
Gong Yuchuan
C01B 17/74
Loading...
The invention discloses an acid production process from molybdenum concentrate calcination flue gas in a rotary kiln. The process increases sulfur dioxide concentration in molybdenum concentrate calcination flue gas from only 0.1-1.5% to 1-3% on the premise of guaranteeing product quality by using unsteady state acid production technology from low-concentration sulfur dioxide, so as to meet the thermal balance and water balance of the unsteady state acid production. The inventive process prevents the air pollution due to low-concentration sulfur dioxide, converts SO2 to sulfuric acid, and is the most economic and practical method for treating molybdenum concentrate calcination flue gas. The process has good environmental profits, as well as economic and social benefits.
146. 201050936 回转管窑窑头散热装置
CN
23.04.2008
F27B 7/20 Loading...
F27B 7/20
Loading...
200720090362.X
洛阳栾川钼业集团冶炼有限责任公司
宫玉川
F27B 7/20
Loading...
本实用新型公开一种回转管窑窑头散热装置，装置在窑头箱(1)外，其散热装置(2)内的气室中设置有若干隔墙(4)，将一个大气室分成若干个小气室，其下部设置有往各个气室(3)送入冷空气的冷风道(5)，其上部设置有将热交换后气体的热风道(6)，热风道(6)通过凤机引入到窑内直接供热设施中或通入投入原材料的烘干粉碎设备中。使投入的直接成本大大降低，更重要的是设备具有较高安全运行的保障，既降低了工人劳动强度，改善了劳动操作环境，又具有可观的经济效益。
147. 101008045 Rotary flash distillation direct combustion heat-supply type rotary kiln baking apparatus and process for molybdenum concentrate
CN
01.08.2007
C22B 1/02 Loading...
C22B 1/02
Loading...
200610082348.5
Luoyang Luanchuan Molybdenum Group Smelting Co., Ltd.
Gong Yuchuan
C22B 1/02
Loading...
The invention relates to a new device for rotary flash direct combustion heat supply rotary kiln baking molybdenum concentrate and process, comprising molybdenum concentrate powder supply device system, rotary kiln service system, heat supply device system and smoke treating recovering device system; the rotary flash drying machine (3) feeds material into rotary kiln (10) after fast drying and disintegration; heat supply device enters into rotary kiln by high temperature candescent flame generated by solid fuel high temperature hot-blast stove (19) and heats molybdenum concentrate powder directly; the smoke generated by rotary kiln enters into smoke recovering device system. The invention is suitable for molybdenum concentrate powder with kinds of water concentration, solves problems of impossible treatment because of high water content and necessary secondary disintegration for molybdenum concentrate; the rotary kiln employs canned way, the performance is good, operational condition is improved, dust pollution is reduced and problems of hard labor intensity and low efficiency is solved.

