1. 104945288 对甲苯磺酸直接酰胺化制备对甲苯磺酰胺的方法
CN
01.03.2017
C07C 303/38 Loading...
C07C 303/38
Loading...
102015000319137
嘉兴学院
吴建一
C07C 303/38
Loading...
一种对甲苯磺酸直接酰胺化制备对甲苯磺酰胺的方法，包括以下步骤：(1)将无水对甲苯磺酸溶于二氯甲烷中，加入催化剂有机硼酸和分子筛5A型，控制温度‑10～0℃条件下均匀搅拌一定时间；(2)在上述温度下通入氨气进行反应；(3)反应结束后，将反应液抽滤除去分子筛后进行酸、碱、盐溶液各洗涤一次；(4)有机相用无水硫酸钠干燥后除去干燥剂，经蒸馏回收二氯甲烷溶剂，并得到对甲苯磺酰胺粗品；(5)经蒸馏水洗涤干燥后称重并用液相色谱分析产品纯度。本方法利用有机硼酸能与磺酸分子上的氧产生络合，提高对甲苯磺酸的反应活性，使氨分子易与硫结合生成酰胺，整个反应能耗低，无废酸排放，对甲苯磺酰胺的收率在40％左右。
2. 104829506 高纯2-硝基-4-甲砜基苯甲酸的工业化生产方法
CN
17.08.2016
C07C 315/06 Loading...
C07C 315/06
Loading...
102015000165545
浙江嘉化能源化工股份有限公司
王宏亮
C07C 315/06
Loading...
一种高纯2‑硝基‑4‑甲砜基苯甲酸的工业化生产方法，包括以下步骤：a、将邻硝基甲砜甲苯用硝酸氧化生成粗品；b、加入碱性物质进行中和；c、用还原剂还原；d、离心过滤分离得到母液；e、酸析；f、离心过滤分离后得到固体产品2‑硝基‑4‑甲砜基苯甲酸湿品；g、干燥后即为最终合格产品。该生产方法能实现大规模工业化生产。
3. 104030920 Method for synthesizing fatty acid methyl ester
CN
10.09.2014
C07C 67/08 Loading...
C07C 67/08
Loading...
201410264214.X
浙江嘉化能源化工股份有限公司
张伟
C07C 67/08
Loading...
The invention discloses a method for synthesizing a fatty acid methyl ester. According to the method for synthesizing fatty acid methyl ester, the fatty acid methyl ester is synthesized of fatty acid and methanol in the presence of a composite strong acid cation exchange resin serving as a catalyst by adopting a reactive distillation process, wherein the preparation method of the composite strong acid cation exchange resin comprises the following steps: adding inorganic silica and aluminum oxide in the process of polymerizing chlorostyrene-divinyl benzene, preparing organic-inorganic composite copolymer pellets, and performing sulfonation treatment to obtain the composite strong acid cation exchange resin. The composite strong acid cation exchange resin has higher thermal stability, lower exchange capacity and higher wear resistance compared with a traditional macroporous cation exchange resin. The composite strong acid cation exchange resin prepared by the invention is applied to a catalytic distillation tower to catalyze the fatty acid and methanol to synthesize the fatty acid methyl ester, and the product has high catalytic activity, thermal stability, wear resistance and long service life.
4. 203604277 化工泵机械密封冷却用清液分离器
CN
21.05.2014
F04D 29/70 Loading...
F04D 29/70
Loading...
201320617093.3
浙江嘉化能源化工股份有限公司
沈晨光
F04D 29/70
Loading...
一种化工泵机械密封冷却用清液分离器，包括上壳体（11）、中壳体（12）、下壳体（17）、滤芯（13）、上密封垫（14）、下密封垫（16）和螺栓（15）。滤芯插在中壳体中，滤芯的下端由下密封垫与下壳体密封，滤芯的上端由上密封垫与上壳体相密封。中壳体的侧壁上有一个连接口（122）。将这种化工泵机械密封冷却用清液分离器安装在泵的出口，清液分离器的中壳体侧壁上的连接口通过冷却液进液管与机械密封冷却液进口连通，机械密封冷却液排液口通过冷却液排液管与化工泵进口连通。部分被输送液体经清液分离器中的滤芯过滤后，所得滤清液经冷却液进液管进入机械密封冷却腔对机械密封进行冷却，再经冷却液排液管进入化工泵进料口。
5. 103073461 高价钒配合物催化体系制备2-硝基-4-甲砜基苯甲酸的方法
CN
01.05.2013
C07C 317/44 Loading...
C07C 317/44
Loading...
201310011445.5
嘉兴学院
吴建一
C07C 317/44
Loading...
一种高价钒配合物催化体系制备2-硝基-4-甲砜基苯甲酸的方法，其步骤为：（1）将V2O5溶于硫酸溶液中，加入2-硝基-4-甲砜基苯甲酸反应，得到2-硝基-4-甲砜基苯甲酸合钒（Ⅴ）配合物；（2）将上步所得的2-硝基-4-甲砜基苯甲酸合钒（Ⅴ）配合物溶于熔融的2-硝基-4-甲砜基甲苯体系中，再滴加入硝酸进行催化氧化反应，制得2-硝基-4-甲砜基苯甲酸。本发明的方法由于高价钒的配合物更容易与原料形成π活化中心，使钒的催化活性提高，钒的用量大大下降，高价钒配合物的用量为原料的0.2-1%，氧化2-硝基-4-甲砜基甲苯时不使用溶剂浓硫酸，实现无溶剂化合成。
6. 202688037 脂肪酸废水的油水分离装置
CN
23.01.2013
C02F 1/40 Loading...
C02F 1/40
Loading...
201220321402.8
浙江嘉化能源化工股份有限公司
宋春秀
C02F 1/40
Loading...
一种脂肪酸废水的油水分离装置，包括废液分离器（1）、废油罐（2）、废油泵（3）、废水集水井（4）、废水提升泵（5）、污水收集池（6）和污水提升泵（7），废水集水井的出液口通过废水提升泵与废液分离器的进液口相连，废液分离器的废油出口与废油罐的进口相连，废油罐的废油出口与废油泵的进口相连；废液分离器的污水出口与污水收集池的进口相连，污水收集池的污水出口与污水提升泵的进口相连。能将脂肪酸生产中产生的真空废水中的油脂、脂肪酸、脂肪醇等物料分离出来，进行回收利用，并降低污水中的含油量及COD，降低污水站的运行成本。
7. 202683199 导热油膨胀罐装置
CN
23.01.2013
B01J 19/00 Loading...
B01J 19/00
Loading...
201220319590.0
浙江嘉化能源化工股份有限公司
宋春秀
B01J 19/00
Loading...
一种导热油膨胀罐装置，包括导热油膨胀罐（1），导热油膨胀罐上设置有进油口（1N）、出油口（4N）、排气口（3N）、排净口（6N）、氮气进口（9N）、温度计口（1CN）、压力表口（2CN）、压力变送口（4CN）、第二排气口（5N）、高液位口（6CN）、低液位口（5CN）和安全阀（6），压力变送口上接有压力变送器（4），高液位口上接有高液位检测报警器（3），低液位口上接有低液位检测报警器（2），安全阀接在第二排气口上。可实时监测导热油膨胀罐内的气压和罐内的油量，万一氢气泄漏到导热油中时，压力增加，安全阀起跳，快速释放氢气，压力控制器也会自动控制打开排气阀进行快速排气，从而保证处于安全运行的状态。
8. 202501494 搪瓷管空气预热器
CN
24.10.2012
F23L 15/00 Loading...
F23L 15/00
Loading...
201220045534.2
浙江嘉化能源化工股份有限公司
沈新华
F23L 15/00
Loading...
一种搪瓷管空气预热器，包括一次风低温段管箱(1)、二次风低温段管箱(4)、二次风高温段管箱(5)、一次风高温段管箱(8)、一次风风道(10)和二次风风道(11)，一次风低温段管箱、二次风低温段管箱、二次风高温段管箱和一次风高温段管箱依次相叠合组装在一起，由钢架固定住。一次风低温段管箱(1)中的换热管为搪瓷管(12)，此搪瓷管的内层为碳钢，外表面有搪瓷层，搪瓷管的两端分别用碳密封环(14)与管板(13)相密封连接。与普通钢管空预器比较，具有耐腐蚀、耐磨损、阻力小、不易积灰、传热性能好、安装维护方便等特点。
9. 202482442 离子膜烧碱浓度自动调节装置
CN
10.10.2012
C25B 1/46 Loading...
C25B 1/46
Loading...
201220013034.0
浙江嘉化能源化工股份有限公司
吴益峰
C25B 1/46
Loading...
一种离子膜烧碱浓度自动调节装置，包括碱流量调节阀(1)、碱流量计(3)、纯水调节阀(2)、纯水流量计(4)、管路混合器(5)、在线密度计(6)和DCS控制系统(8)。碱流量调节阀和碱流量计组成碱调节单元，纯水调节阀和纯水流量计组成纯水调节单元，管路混合器和在线密度计组成碱液与纯水的混合检测单元。在不改变烧碱主生产工艺的同时，可连续生产不同浓度的碱液，并且是通过DCS及相关自控调节阀实现自动控制，提供不同浓度的烧碱，减少用碱企业的重复投资，为企开拓更广的市场。这种装置也可应用于其它类似产品的浓度调节工艺中。
10. 202430146 对甲苯磺酰胺的工业化生产装置
CN
12.09.2012
C07C 311/16 Loading...
C07C 311/16
Loading...
201220013051.4
浙江嘉化能源化工股份有限公司
汪晓林
C07C 311/16
Loading...
一种对甲苯磺酰胺的工业化生产装置，包括一级胺化釜(1)、二级胺化釜(2)、三级胺化釜(3)、四级胺化釜(4)、第一离心机(11)、输送线、溶解釜(5)、第二离心机(13)、脱色釜(14)、变频泵(15)、自清滤芯式过滤机(16)、结晶釜(18)、第三离心机(19)、第二输送带(20)、水洗釜(21)和第四离心机(22)。从一级胺化釜的进液口连续打入对甲苯磺酰氯的二氯甲烷溶液，从三级胺化釜的氨气进口连续输入氨气，对甲苯磺酰氯在一级胺化釜、二级胺化釜和三级胺化釜内与氨反应，胺化成对甲苯磺酰胺，再经提纯、结晶、水洗，即得到对甲苯磺酰胺产品，生产过程连续进行。
11. 202369391 液体三氧化硫的工业化生产装置
CN
08.08.2012
C01B 17/74 Loading...
C01B 17/74
Loading...
201120559487.9
浙江嘉化能源化工股份有限公司
姚卫峰
C01B 17/74
Loading...
一种液体三氧化硫的工业化生产装置，包括烟酸塔(1)、烟酸泵槽(2)、烟酸冷却器(3)、烟酸中间热交换器(4)、烟酸蒸发器(5)、三氧化硫冷凝器(6)、液体三氧化硫贮槽(7)和液体三氧化硫增压泵(8)。将硫磺制酸装置的冷热换热器的高温烟气从这种液体三氧化硫的工业化生产装置中的烟酸蒸发器中的烟酸锅炉的管程的进口中引入，即可制得液体SO3，由于采用了较高浓度的烟酸从而降低了烟酸沸点，在SO3分离中采用对气相二次降温及除雾技术，大大降低了三氧化硫中的硫酸含量，明显提高了三氧化硫的纯度，可获得高纯度的三氧化硫(纯度99.99％)，液体三氧化硫中的硫酸杂质可降低到0.01％以下。
12. 202369393 高纯硫酸的工业化生产装置
CN
08.08.2012
C01B 17/90 Loading...
C01B 17/90
Loading...
201120559497.2
浙江嘉化能源化工股份有限公司
姚卫峰
C01B 17/90
Loading...
一种高纯硫酸的工业化生产装置，包括烟酸发生器(9)、AR硫酸吸收塔(5)、AR硫酸泵槽(6)、AR硫酸循环泵(4)、成品酸泵槽(3)、成品AR硫酸泵(2)和过滤器(1)。AR硫酸吸收塔底部的硫酸出口(52)与AR硫酸泵槽的硫酸进口(61)相连，在此相连的管道上有一个加入脱盐水或超纯水的加水口(64)。可应用这种高纯硫酸的工业化生产装置从40％烟酸中蒸发制备高纯度三氧化硫原料气体，再用超纯水或脱盐水(或超纯硫酸)吸收，制得高纯的BV-IV或AR级硫酸，能实现大规模工业化生产，且可充分利用前段工艺已有的硫酸、烟酸生产装置，吸收塔吸收后的尾气全部回工业酸生产装置，减少了排污量。
13. 202279793 对甲砜基甲苯的工业化生产装置
CN
20.06.2012
C07C 317/14 Loading...
C07C 317/14
Loading...
201120366925.X
浙江嘉化能源化工股份有限公司
沈高庆
C07C 317/14
Loading...
一种对甲砜基甲苯的工业化生产装置，包括对甲苯磺酰氯成盐用的还原反应釜、对甲砜基甲苯合成用的甲基化釜、分液塔、洗涤釜和连续式过滤离心机，其中还原反应釜有三级，互相串联，甲基化釜也有三级，互相串联。应用这种对甲砜基甲苯的工业化生产装置，可以用对甲苯磺酰氯、无水亚硫酸钠、碳酸氢钠及氯甲烷为原料，经过对甲苯磺酰氯成盐，对甲砜基甲苯合成，分离，洗涤、结晶，脱水等工序，连续化生产对甲砜基甲苯，可使劳动强度大为下降，生产效率得到提高，对于环境的污染也较小。
14. 102476056 一种用于脂肪酸甲酯催化加氢制脂肪醇的催化剂及其制备方法和应用
CN
30.05.2012
B01J 23/889 Loading...
B01J 23/889
Loading...
201210047202.2
浙江嘉化能源化工股份有限公司
管建忠
B01J 23/889
Loading...
本发明公开了一种用于脂肪酸甲酯催化加氢制脂肪醇的催化剂，由重量百分含量18～66％氧化铜或者氧化铜和氧化锌混合物，0～40％氧化锰、氧化镍中的一种或者两种，5～17％氧化铝和0～45％载体组成；载体为硅藻土或者碳酸钙，具有环境友好、活性高、产品稳定性好等优点。本发明还公开了一种用于脂肪酸甲酯催化加氢制脂肪醇的催化剂的制备方法，包括：将铜、锌、锰、镍、铝中的至少两种可溶性盐溶解于水中，配制混合溶液；将水或水和载体作为基液，向基液并流滴加碳酸钠水溶液和混合溶液，滴完后，得到沉淀产物，经老化、过滤、洗涤、烘干、焙烧、压制后得到成品，具有工艺简单、可操作性强、易于工业化生产等优点。
15. 102432509 制备4-甲砜基甲苯的方法
CN
02.05.2012
C07C 317/14 Loading...
C07C 317/14
Loading...
201110360094.X
嘉兴学院
吴建一
C07C 317/14
Loading...
一种制备4-甲砜基甲苯的方法，先将无水亚硫酸钠、碳酸氢钠与对甲苯磺酰氯反应，得到4-甲苯亚磺酸钠粗品；再将4-甲苯亚磺酸钠与少量4-甲砜基甲苯混合，加热熔融，加入咪唑类季铵盐类离子液作为催化剂，再通入氯甲烷气体，使氯甲烷溶于4-甲砜基甲苯中并与4-甲苯亚磺酸钠进行合成反应，得到4-甲砜基甲苯。这种方法中，甲基化反应是亲核取代，有机相为氯甲烷和产物4-甲砜基甲苯，4-甲苯亚磺酸钠作为一个亲核试剂，被离子液催化剂携带入有机相中与氯甲烷进行亲核取代反应。由于除了产物4-甲砜基甲苯以外不用任何其他溶剂，避免了反应中副反应的发生，产品收率达到88％以上，纯度可达到97％以上，并减少了有机溶剂回收。
16. 102363604 对甲砜基甲苯的工业化生产方法
CN
29.02.2012
C07C 317/14 Loading...
C07C 317/14
Loading...
201110291274.7
浙江嘉化能源化工股份有限公司
王宏亮
C07C 317/14
Loading...
一种对甲砜基甲苯的工业化生产方法，用对甲苯磺酰氯与无水亚硫酸钠、碳酸氢钠在三级串联的还原反应釜中进行还原反应，生成对甲基亚磺酸钠，再在三级串联的甲基化釜中用氯甲烷将对甲基亚磺酸钠甲基化为对甲砜基甲苯，再用三级分液塔将有机层分离出来，经洗涤、结晶、脱水，制得对甲砜基甲苯产品。不采用剧毒化学品硫酸二甲酯，避免发生对人体和环境的危害；并且由于采用了多釜串联技术进行还原成盐反应和甲基化反应，使对甲苯磺酰氯成盐和对甲砜基甲苯合成的反应能充分进行，实现了连续化生产。
17. 202066561 黄磷液面检测计
CN
07.12.2011
G01F 23/68 Loading...
G01F 23/68
Loading...
201120129468.2
浙江嘉化能源化工股份有限公司
韩良
G01F 23/68
Loading...
一种黄磷液面检测计，包括接线盒(1)、法兰(2)、导杆(3)、浮球(4)、挡圈(5)和信号转换器。导杆内安装有干簧管和电阻串，干簧管有多个，分散分布在导杆内，浮球的中心有一根内径比导杆的外径稍大、上下贯通并且两端与浮球的外壳相密封的管子(13)，浮球内装有磁钢(14)，浮球的重量与体积的比大于三氯化磷液的比重而小于液态黄磷的比重，浮球套在导杆上，可顺着导杆上下移动。将这种黄磷液面检测计安装在三氯化磷反应釜上，短时间停车后，釜内的反应停止，黄磷和三氯化磷会产生明显分层，浮球将浮在黄磷和三氯化磷分界面上，浮球内的磁钢使相应位置的干簧管动作，通过信号转换器，指示出黄磷液面的高度。
18. 101503383 Preparation of o-nitro p-methylsulfonylbenzoic acid
CN
12.08.2009
C07C 317/44 Loading...
C07C 317/44
Loading...
200910096732.4
Jiaxing University
Wu Jianyi
C07C 317/44
Loading...
The invention relates to a preparation method of o-nitro-p-methysulfonyl benzoic acid. O-nitro-p-methylsulfonyl toluene is oxidized by persulphuric acid to obtain the o-nitro-p-methysulfonyl benzoic acid. The preparation method comprises the following processes: (a) oxyful and oleum are mixed at a low temperature to prepare persulphuric acid; (b) o-nitro-p-methylsulfonyl toluene is dissolved in sulphuric acid; and (c) the persulphuric acid obtained from the step (a) is dripped into the liquid obtained from the step (b) for purpose of reaction to obtain the o-nitro-p-methysulfonyl benzoic acid. In the method, the reaction of the oleum and the oxyful relatively improves the concentration and the oxidization capability of the oxyful and reduces the decomposition speed of the oxyful; as vanadic oxide is not used, waste acid treatment, recovery and the like are omitted; and the persulphuric acid in use is automatically transformed into sulphuric acid after the oxidization is finished and can finally be used indiscriminately with a mother liquid. Compared with the prior art, the amount of the oxyful in use is greatly reduced, and the production cost remarkably decreases. Compared with the nitric acid oxidization process, the preparation method is safer, environment-friendly and clean.

