1. 206089787 一种钢管热浸镀高倾传送装置
CN
12.04.2017
C23C 2/38 Loading...
C23C 2/38
Loading...
202016001003757
浙江金洲管道科技股份有限公司
沈百方
C23C 2/38
Loading...
本实用新型涉及钢管热镀锌工艺用设备技术领域，具体为一种钢管热浸镀高倾传送装置，包括输送辊道、横移装置以及固定装置，所述固定装置包括固定块和磁吸块，所述固定块设有卡槽，所述卡槽内设有导热绝缘层，所述磁吸块设置在位于固定块上的钢管的下方，且所述磁吸块对钢管的磁吸方向由钢管轴心指向所述固定块，所述磁吸块的端面与位于固定块上的钢管表面形成间隙。本实用新型通过减小了固定装置与钢管的接触面积，设置导热绝缘层，有效地阻止钢管的热量流失，使整根钢管保持较为一致的空冷速度，使镀锌层均匀冷却，从而得到质量较高的镀锌层，防止钢管局部位置因热传导而骤冷产生锌瘤等瑕疵，使钢管的整体外观上得到光滑的镀锌层，提高钢管镀锌质量。
2. 206095809 一种管道水压检测系统
CN
12.04.2017
G01N 3/12 Loading...
G01N 3/12
Loading...
202016001004379
浙江金洲管道科技股份有限公司
沈阳
G01N 3/12
Loading...
本实用新型涉及水压测压设备技术领域，具体为一种管道水压检测系统，包括机架、注水机构、上料机构、控制器和显示器，所述注水机构、控制器和显示器通过电路连接，所述机架上设有钢管端口封闭机构，包括分设在机架左右两侧的固定封闭端头和移动封闭端头，所述固定封闭端头与所述注水机构连接，所述移动封闭端头连接有移动机构，所述上料机构包括将钢管从料架输送到固定封闭端头和移动封闭端头下方的输送机构和将位于固定封闭端头和移动封闭端头下方的钢管推举到固定封闭端头和移动封闭端内的顶升机构。本实用新型能够自动进行上料、检测，自动化程度高、检测效率高、工人劳动强度低，而且能够将检测结果通过显示器进行显示，检测结果直观明了。
3. 206064847 一种在线管道目检分拣线
CN
05.04.2017
B07C 7/04 Loading...
B07C 7/04
Loading...
201621003736.5
浙江金洲管道科技股份有限公司
钱银华
B07C 7/04
Loading...
一种在线管道目检分拣线，所述的分拣装置的输送方向垂直于所述主输送线的输送方向且升降方向与输送方向以及所述主输送线的输送方向均垂直，所述的分拣装置工作位置包括待机工位以及分拣工位，所述的待机工位状态下所述分拣装置的最高点的水平位置低于所述单管固定槽的最低点，所述分拣工位状态下所述分拣装置的输送面的水平位置高于所述单管固定槽槽口位置向上至少一个所述单管固定槽的槽深的高度。本实用新型可以使目检质检人员原地完成目检和分拣两部工序且分拣精确误操作率低，整体结构简单。
4. 206068897 一种钢管自动码垛机
CN
05.04.2017
B65G 47/92 Loading...
B65G 47/92
Loading...
201621003755.8
浙江金洲管道科技股份有限公司
杨伟芳
B65G 47/92
Loading...
本实用新型涉及钢管码垛设备技术领域，具体为一种钢管自动码垛机，包括钢管输送线、码垛输送线和钢管磁吸装置，所述钢管磁吸装置将位于所述钢管输送线上的钢管转移到所述码垛输送线上；所述码垛输送线包括机架、传送辊和码垛辊，所述传送辊为主动辊，所述传送辊为水平设置；所述码垛辊设置在相邻两个所述传送辊之间，且对称设置在机架的两侧，对称设置的两个所述码垛辊的轴线形成大于0°且小于180°的夹角，所述码垛辊的轴线沿所述传送辊轴向外倾斜。本实用新型能很好地完成钢管的码垛工作，码垛垛形整齐美观，一致性好，而且能够通过调整两根码垛辊的夹角，实现多种形式的码垛，满足各种打包要求，提高了劳动生产效率，方便了钢管库存管理。
5. 206046354 一种多工位管道内外涂覆设备
CN
29.03.2017
B05B 15/12 Loading...
B05B 15/12
Loading...
201621003580.0
浙江金洲管道科技股份有限公司
杨伟芳
B05B 15/12
Loading...
本实用新型涉及钢管生产设备技术领域，具体为一种多工位管道内外涂覆设备，包括喷漆箱、喷枪和消防管输送机构，所述喷漆箱内设有若干组用于夹持在消防管两端并驱动消防管转动的夹持端头组，所述喷枪设置在所述喷漆箱内位于消防管的上下两侧，用于对消防管的上下两侧同时进行喷漆。本实用新型结构简单、喷涂效果好，通过设置上下两处喷枪，扩大了喷漆的喷射范围，并在喷漆过程中转动消防管，从而保证消防管表面能够均匀地喷漆，提高了喷漆效果，而且设置消防管输送机构，实现喷漆的自动化，提高生产效率，降低劳动强度。
6. 206028013 一种管件涂覆装置
CN
22.03.2017
B05B 13/06 Loading...
B05B 13/06
Loading...
201621018418.6
浙江金洲管道科技股份有限公司
於斌杰
B05B 13/06
Loading...
本实用新型涉及钢管生产设备技术领域，具体为一种管件涂覆装置，包括工作台和设于工作台台面上的安装组件，所述工作台设有贯穿起台面的开口，所述开口的下方设有回收箱，所述安装组件包括盖板和用于安装管道连接件的连接柱，所述连接柱固接在所述盖板上，所述盖板罩设在所述开口处，所述连接柱设有分别与回收箱和管道连接件内腔连通的导流通道。本实用新型能够固定主管道连接件，便于工人进行喷粉操作，同时在连接柱下方设置回收箱，能够有效回收多余的粉末，循环利用，而且在回收箱内设置了筛板，可以有效地过滤杂质，提高回收粉末的纯净度。
7. 205998228 一种管材打包装置
CN
08.03.2017
B65B 35/42 Loading...
B65B 35/42
Loading...
201621003765.1
浙江金洲管道科技股份有限公司
徐志茹
B65B 35/42
Loading...
一种管材打包装置，包括打包带和管道输送辊道，还包括用于收放所述打包带的卷绕机构和用于接收引导来自所述卷绕机构的所述打包带的导送机构，所述导送机构包括上导送部和下导送部，所述管道输送辊道穿过所述下导送部而配合所述打包带进行管道打包。本实用新型结构简单、使用方便，能够实现高效、便捷、流畅的管道打包工作，降低工人劳动强度，提升工作效率。
8. 205999461 一种镀锌钢管斜向输送线
CN
08.03.2017
C23C 2/38 Loading...
C23C 2/38
Loading...
201621018178.X
浙江金洲管道科技股份有限公司
沈淦荣
C23C 2/38
Loading...
本实用新型涉及钢管热镀锌工艺用设备技术领域，具体为一种镀锌钢管斜向输送线，包括输送辊道、横移装置、固定装置以及吹气装置，所述输送辊道的顶端设有挡板，所述输送辊道包括定速输送辊道和调速输送辊道，所述定速输送辊道设置在所述输送辊道的起始输送段处，所述调速输送辊道设置在所述输送辊道的末输送段处，所述调速输送辊道设有接近开关，所述接近开关检测到钢管进入所述调速输送辊道后降低所述调速输送辊道的输送速度。本实用新型通过设置控制输送速度，降低钢管对挡板的冲击力，有效地保护钢管表面的镀锌层，同时有效去除钢管下端的锌层凸起，使钢管的整体外观上得到光滑的镀锌层，提高镀锌质量。
9. 205999459 一种管内清洁装置
CN
08.03.2017
C23C 2/26 Loading...
C23C 2/26
Loading...
201621018417.1
浙江金洲管道科技股份有限公司
徐志茹
C23C 2/26
Loading...
本实用新型涉及钢管生产设备技术领域，具体为一种管内清洁装置，包括分设在钢管两端的吹风机构和吸风机构，所述吹风机构包括吹风机和吹风管，所述吹风管的端部设有用于引导气流吹向钢管内壁的气流引导机构，所述吹风机构连接有驱动所述吹风机和吹风管移动的移动机构；所述吸风机构包括吸风机和吸风管，所述吹风管的轴线与所述吸风管的轴线重合，所述吸风管的端部设有沉降箱。本实用新型通过设置气流引导机构，引导气流吹向钢管的内壁，增加气流在钢管内的作用时间，更有效地去除附着在钢管内壁上的杂质，同时在吸风管的端部设置沉降箱，使颗粒较大、不能完全被吸风管吸除的杂质在重力作用下沉降到沉降箱内，防止杂质在吸风管口堆积，造成堵塞。
10. 205999460 一种钢管镀锌炉余热回收系统
CN
08.03.2017
C23C 2/38 Loading...
C23C 2/38
Loading...
201621003737.X
浙江金洲管道科技股份有限公司
沈淦荣
C23C 2/38
Loading...
一种钢管镀锌炉余热回收系统，包括钢管镀锌炉、烘干炉、蒸汽加热器、蒸汽发生器和尾排风机，所述钢管镀锌炉与所述蒸汽加热器之间设有输送方向为由所述蒸汽加热器向所述钢管镀锌炉的镀锌用原料燃气输送道以及输送方向为由所述钢管镀锌炉向所述蒸汽加热器的镀锌炉二次热风输送道，所述镀锌炉二次热风输送道连接有燃气输入道；所述蒸汽加热器与所述蒸汽发生器之间连接有输送方向为由所述蒸汽加热器向所述蒸汽发生器的蒸汽发生用热风输送道；所述烘干炉与所述蒸汽发生器之间设有输送方向为由所述蒸汽发生器向所述烘干炉的烘干用蒸汽热风输送道。本实用新型结构简单、使用方便，高效节能，安全环保，提高产能与利润。
11. 205989364 一种钢管内衬塑复合层修端装置
CN
01.03.2017
B26D 1/29 Loading...
B26D 1/29
Loading...
201621003631.X
浙江金洲管道科技股份有限公司
朱利新
B26D 1/29
Loading...
本实用新型涉及钢管加工设备技术领域，具体为一种钢管内衬塑复合层修端装置，包括机架、夹紧机构和切割机构，所述切割机构包括切割座和刀盘，所述切割座为可移动地连接在所述机架上，所述刀盘为转动连接在所述切割座上，在所述刀盘的轴心设有便于衬塑管进入的通道，所述刀盘上安装有切刀、倒角刀和定位刀，所述切刀、倒角刀和定位刀绕所述刀盘轴线圆周均布在所述通道口处，所述切刀、倒角刀和定位刀均能相对所述刀盘沿所述刀盘径向方向移动。本实用新型能够快速、精确地进行定位、切割和倒角，切割端口光滑、整齐，避免毛刺产生，切割效果好，而且能够自动清理切割余料，以进行下一次的切割，自动化程度高，大大提高了加工速度和生产效率。
12. 104843222 一种管道加盖机
CN
22.02.2017
B65B 19/34 Loading...
B65B 19/34
Loading...
201510214943.9
浙江金洲管道科技股份有限公司
沈淦荣
B65B 19/34
Loading...
一种管道加盖机，属于管道生产设备领域。本发明包括载料装置，载料装置的前方设置有出料轨道，载料装置的后方设置有第一顶料装置，出料轨道的上部设置有第一阻挡装置，出料轨道的底部设置有第一纵向夹紧装置，第一纵向夹紧装置的上方设置有第二阻挡装置，位于第一纵向夹紧装置与第二阻挡装置之间的出料轨道构成加盖前为盖子定位的待位区，待位区的两侧设置有第一侧向夹紧装置与第二侧向夹紧装置，待位区的后方设置有第二顶料装置，待位区的前方设置有管道端口定位装置。本发明提供了通过可以准确快速为钢管加盖的一种管道加盖机。
13. 104261308 一种垂直升降滑动机构及应用
CN
01.02.2017
B66F 7/08 Loading...
B66F 7/08
Loading...
102014000577471
浙江金洲管道科技股份有限公司
管珣
B66F 7/08
Loading...
本发明公开了一种垂直升降滑动机构，用于垂直方向上下移动物品；包括升降油缸(1)、矩形导向内套(2)、矩形导向外套(3)与四副垂直直线导轨(4)；矩形导向内套(2)与上方的固定件(5)连接；矩形导向外套(3)与下方承载物品的移动件(6)连接；升降油缸(1)设于矩形导向内套(2)内，升降油缸缸体(11)与固定件(5)连接，升降油缸缸杆(12)与移动件(6)连接；矩形导向外套(3)空套于矩形导向内套(2)外，四副垂直直线导轨(4)分别沿垂直方向设于矩形导向内套(2)与矩形导向外套(3)间的空隙内。上下移动顺畅，不会卡死，采用标准的零件，成本低，装配简单，日常维护方便。应用于钢管码跺机可以自动化地将钢管成品自动成排码跺，并送到捆扎机包扎，节省人力，成本低，效率高，码跺规整便于自动化捆扎。
14. 106311637 一种在线管道目检分拣线
CN
11.01.2017
B07C 7/04 Loading...
B07C 7/04
Loading...
201610775804.8
浙江金洲管道科技股份有限公司
钱银华
B07C 7/04
Loading...
一种在线管道目检分拣线，所述的分拣装置的输送方向垂直于所述主输送线的输送方向且升降方向与输送方向以及所述主输送线的输送方向均垂直，所述的分拣装置工作位置包括待机工位以及分拣工位，所述的待机工位状态下所述分拣装置的最高点的水平位置低于所述单管固定槽的最低点，所述分拣工位状态下所述分拣装置的输送面的水平位置高于所述单管固定槽槽口位置向上至少一个所述单管固定槽的槽深的高度。本发明可以使目检质检人员原地完成目检和分拣两部工序且分拣精确误操作率低，整体结构简单。
15. 106239893 一种钢管内衬胀紧装置
CN
21.12.2016
B29C 63/34 Loading...
B29C 63/34
Loading...
102016000775814
浙江金洲管道科技股份有限公司
沈淦荣
B29C 63/34
Loading...
本发明涉及衬塑钢管加工设备技术领域，具体为一种钢管内衬胀紧装置，包括机架、胀紧机构和夹紧机构，所述胀紧机构包括胀紧座、胀紧块和套设在所述胀紧块外侧的胀紧套以及驱动所述胀紧块移动的驱动组件，所述胀紧座固接在所述机架上，所述胀紧座内设有液压座，所述液压座内设有胀紧活塞和顶进活塞，所述胀紧活塞与所述胀紧块连接，所述顶进活塞与所述驱动组件连接，所述驱动组件驱动所述顶进活塞沿所述胀紧座轴线方向移动，通过液压传动使所述胀紧活塞带动所述胀紧块沿所述胀紧座径向方向移动。本发明结构简单、实用，通过液压驱动胀紧块，使衬塑管受力均匀，扩张速度均匀、平稳，衬塑管的扩张效果好，而且不会损伤衬塑管的内壁表面。
16. 106244966 一种钢管热浸镀高倾传送装置
CN
21.12.2016
C23C 2/38 Loading...
C23C 2/38
Loading...
201610787053.1
浙江金洲管道科技股份有限公司
沈百方
C23C 2/38
Loading...
本发明涉及钢管热镀锌工艺用设备技术领域，具体为一种钢管热浸镀高倾传送装置，包括输送辊道、横移装置以及固定装置，所述固定装置包括固定块和磁吸块，所述固定块设有卡槽，所述卡槽内设有导热绝缘层，所述磁吸块设置在位于固定块上的钢管的下方，且所述磁吸块对钢管的磁吸方向由钢管轴心指向所述固定块，所述磁吸块的端面与位于固定块上的钢管表面形成间隙。本发明通过减小了固定装置与钢管的接触面积，设置导热绝缘层，有效地阻止钢管的热量流失，使整根钢管保持较为一致的空冷速度，使镀锌层均匀冷却，从而得到质量较高的镀锌层，防止钢管局部位置因热传导而骤冷产生锌瘤等瑕疵，使钢管的整体外观上得到光滑的镀锌层，提高钢管镀锌质量。
17. 106219239 一种钢管自动码垛机
CN
14.12.2016
B65G 47/92 Loading...
B65G 47/92
Loading...
102016000787051
浙江金洲管道科技股份有限公司
杨伟芳
B65G 47/92
Loading...
本发明涉及钢管码垛设备技术领域，具体为一种钢管自动码垛机，包括钢管输送线、码垛输送线和钢管磁吸装置，所述钢管磁吸装置将位于所述钢管输送线上的钢管转移到所述码垛输送线上；所述码垛输送线包括机架、传送辊和码垛辊，所述传送辊为主动辊，所述传送辊为水平设置；所述码垛辊设置在相邻两个所述传送辊之间，且对称设置在机架的两侧，对称设置的两个所述码垛辊的轴线形成大于0°且小于180°的夹角，所述码垛辊的轴线沿所述传送辊轴向外倾斜。本发明能很好地完成钢管的码垛工作，码垛垛形整齐美观，一致性好，而且能够通过调整两根码垛辊的夹角，实现多种形式的码垛，满足各种打包要求，提高了劳动生产效率，方便了钢管库存管理。
18. 106191735 一种镀锌钢管斜向输送线
CN
07.12.2016
C23C 2/38 Loading...
C23C 2/38
Loading...
102016000786825
浙江金洲管道科技股份有限公司
沈淦荣
C23C 2/38
Loading...
本发明涉及钢管热镀锌工艺用设备技术领域，具体为一种镀锌钢管斜向输送线，包括输送辊道、横移装置、固定装置以及吹气装置，所述输送辊道的顶端设有挡板，所述输送辊道包括定速输送辊道和调速输送辊道，所述定速输送辊道设置在所述输送辊道的起始输送段处，所述调速输送辊道设置在所述输送辊道的末输送段处，所述调速输送辊道设有接近开关，所述接近开关检测到钢管进入所述调速输送辊道后降低所述调速输送辊道的输送速度。本发明通过设置控制输送速度，降低钢管对挡板的冲击力，有效地保护钢管表面的镀锌层，同时有效去除钢管下端的锌层凸起，使钢管的整体外观上得到光滑的镀锌层，提高镀锌质量。
19. 106182138 一种钢管内衬塑复合层修端装置
CN
07.12.2016
B26D 1/29 Loading...
B26D 1/29
Loading...
102016000775706
浙江金洲管道科技股份有限公司
朱利新
B26D 1/29
Loading...
本发明涉及钢管加工设备技术领域，具体为一种钢管内衬塑复合层修端装置，包括机架、夹紧机构和切割机构，所述切割机构包括切割座和刀盘，所述切割座为可移动地连接在所述机架上，所述刀盘为转动连接在所述切割座上，在所述刀盘的轴心设有便于衬塑管进入的通道，所述刀盘上安装有切刀、倒角刀和定位刀，所述切刀、倒角刀和定位刀绕所述刀盘轴线圆周均布在所述通道口处，所述切刀、倒角刀和定位刀均能相对所述刀盘沿所述刀盘径向方向移动。本发明能够快速、精确地进行定位、切割和倒角，切割端口光滑、整齐，避免毛刺产生，切割效果好，而且能够自动清理切割余料，以进行下一次的切割，自动化程度高，大大提高了加工速度和生产效率。
20. 104525617 用于开卷机的气动定位芯轴装置
CN
09.11.2016
B21C 47/16 Loading...
B21C 47/16
Loading...
102014000786001
浙江金洲管道科技股份有限公司
沈阳
B21C 47/16
Loading...
本发明公开了一种用于开卷机的气动定位芯轴装置，包括底座、设在所述底座上的导向筒、设在所述导向筒内的旋转伸缩轴、设在所述底座上用于带动所述旋转伸缩轴在所述导向筒内移动的驱动机构以及设在所述旋转伸缩轴上的开卷滚筒。本发明结构简单，制造方便，能够保证钢卷在开卷过程中的稳定性能，尤其是最后一段不会发生被拖拽出来影响钢管正常生产的问题。
21. 205413464 一种镀锌管PE涂塑机
CN
03.08.2016
B05B 13/06 Loading...
B05B 13/06
Loading...
201521045448.1
浙江金洲管道科技股份有限公司
沈淦荣
B05B 13/06
Loading...
一种镀锌管PE涂塑机，本实用新型包括机架，所述机架的长度方向的两端处设置有用于固定管道端部的管道夹具，所述机架的长度方向一侧设置有传送轨道，其特征在于：还包括转动电机，所述的转动电机与所述管道夹具连接，所述的管道夹具的上设置有中心通孔，通过所述中心通孔中心的轴线与所述管道夹具的转动轴线重合，所述的管道夹具的一侧设置有用于从所述中心通孔处伸入管道内侧进行喷涂的涂塑装置。本实用新型拥有涂塑层均匀，涂塑效率高的优点。
22. 105327818 一种真空吸涂设备
CN
17.02.2016
B05B 13/06 Loading...
B05B 13/06
Loading...
201510936488.3
浙江金洲管道科技股份有限公司
杨伟芳
B05B 13/06
Loading...
一种真空吸涂设备，本发明包括用于固定管道两端的管道夹具，所述的管道夹具上设置有用于将被所述管道夹具固定后的管道内进行抽真空的真空吸口以及用于喷漆的喷涂装置，所述的真空吸口的一端连接有真空泵，喷涂装置的一端连接有喷涂泵。本发明通过对加热的管道进行抽真空，然后利用真空产生的绝强气压将喷出的pe涂料吸附到管壁上，同时降低管道的温度，利用冷收缩加强固化效果。
23. 204583556 一种悬挂式钢管的喷漆设备
CN
26.08.2015
B05B 13/02 Loading...
B05B 13/02
Loading...
201520272805.1
浙江金洲管道科技股份有限公司
杨伟芳
B05B 13/02
Loading...
一种悬挂式钢管的喷漆设备，属于管道生产设备领域。本实用新型包括传送轨道、工装夹具以及喷漆室，所述的工装夹具与所述的传送轨道连接，所述的传送轨道包括用于水平输送钢管的平送段以及用于垂直悬挂输送钢管的悬挂段，所述的悬挂段穿过所述的喷漆室，所述的工装夹具在所述的喷漆室内以悬挂点为中心连线自转。本实用新型提供了对钢管表面进行均速的雾化喷漆的一种悬挂式钢管的喷漆设备。
24. 204588052 一种管道转移装置
CN
26.08.2015
B65G 47/52 Loading...
B65G 47/52
Loading...
201520272965.6
浙江金洲管道科技股份有限公司
徐志茹
B65G 47/52
Loading...
一种管道转移装置，属于管道产设备领域。本实用新型包括第一轨道、转移机构以及第二轨道；所述的转移机构设置在所述第一轨道与所述第二轨道之间；所述的转移机构包括用于限定待转移管道的数量以及相邻待转移管道之间的间距的转移台座、与所述转移台座连接的转移轴臂以及用于驱动所述转移轴臂在所述第一轨道与所述第二轨道之间动作的机座，所述的转移台座与水平面的相对角度在转移过程中始终不变。本实用新型提供了一次转移多组管道并且能有效防止管道在流水线上堆叠的一种管道转移装置。
25. 204583574 一种悬挂式钢管喷漆流水线
CN
26.08.2015
B05B 15/12 Loading...
B05B 15/12
Loading...
201520272730.7
浙江金洲管道科技股份有限公司
徐志茹
B05B 15/12
Loading...
一种悬挂式钢管喷漆流水线，属于管道生产设备领域。本实用新型包括依次设置的预热设备、打磨设备、清洗设备、至少一个喷漆室、烘干室、加盖设备、码垛设备以及打包机，还包括输送钢管的传送轨道，所述的传送轨道包括用于水平输送钢管的平送段以及用于垂直悬挂输送钢管的悬挂段，所述的悬挂段上设置有用于悬挂钢管的工装夹具连接，所述的悬挂段穿过所述的喷漆室，所述的工装夹具在所述的喷漆室内以悬挂点为中心连线自转；所述的平送段之间使用转移装置连接。本实用新型提供了能将钢管进行悬挂输送，并且在输送过程中完成喷漆工艺的一种悬挂式钢管喷漆流水线。
26. 204583793 一种管道清洗机
CN
26.08.2015
B08B 9/023 Loading...
B08B 9/023
Loading...
201520272726.0
浙江金洲管道科技股份有限公司
杨伟芳
B08B 9/023
Loading...
一种管道清洗机，属于管道产设备领域。本实用新型包括机架以及多个清洗装置，还包括至少一个用于调整所述清洗装置的排布位置的调节架，所述的调节架与所述的清洗装置通过紧固调节装置连接，所述的清洗装置通过清洗介质管串联和或并联连接。本实用新型提供了通过设置可以调节位置的清洗装置对流水线上的钢管的内外侧进行在线清洗的一种管道清洗机。
27. 104759378 Paint spraying device for suspended type steel pipes
CN
08.07.2015
B05B 13/02 Loading...
B05B 13/02
Loading...
201510214850.6
浙江金洲管道科技股份有限公司
杨伟芳
B05B 13/02
Loading...
The invention relates to a paint spraying device for suspended type steel pipes and belongs to the field of pipeline production equipment. The paint spraying device for the suspended type steel pipes comprises a conveying rail, a tool fixture and a paint spraying room, wherein the tool fixture is connected with the conveying rail, the conveying rail comprises a flat conveying section used for horizontally conveying the steel pipes and a suspended section used for vertically conveying the steel pipes in a suspended mode, the suspended section penetrates through the paint spraying room, and the tool fixture autorotates in the paint spraying room by taking suspended points as a line of centers. According to the paint spraying device for the suspended type steel pipes, the uniform speed pain spraying is performed on the surfaces of the steel pipes.
28. 104630442 Cooler for cooling steel tubes
CN
20.05.2015
C21D 9/08 Loading...
C21D 9/08
Loading...
201410786324.2
浙江金洲管道科技股份有限公司
沈峰明
C21D 9/08
Loading...
The invention discloses a cooler for cooling steel tubes, which comprises a mounting bracket, a water tank arranged on the mounting bracket, a plurality of water spray cooling parts arranged in the water tank along the steel tube conveying direction, fixing parts for fixing the water spray cooling parts into the water tank, a steel tube guide part arranged on the water tank, and a drainage pipe arranged on the bottom of the water tank. The cooler is simple in structure and convenient for manufacturing, has the advantages of favorable cooling effect on steel tubes and high efficiency, can implement on-line cooling on steel tubes without cooling all the accumulated steel tubes together and taking out, and has the characteristics of low time consumption, and saves time and labor.
29. 204173853 一种垂直升降滑动机构及钢管码跺机
CN
25.02.2015
B66F 7/08 Loading...
B66F 7/08
Loading...
201420622707.1
浙江金洲管道科技股份有限公司
管珣
B66F 7/08
Loading...
本实用新型公开了一种垂直升降滑动机构，用于垂直方向上下移动物品；包括升降油缸(1)、矩形导向内套(2)、矩形导向外套(3)与四副垂直直线导轨(4)；矩形导向内套(2)与上方的固定件(5)连接；矩形导向外套(3)与下方承载物品的移动件(6)连接；升降油缸(1)设于矩形导向内套(2)内，升降油缸缸体(11)与固定件(5)连接，升降油缸缸杆(12)与移动件(6)连接；矩形导向外套(3)空套于矩形导向内套(2)外，四副垂直直线导轨(4)分别沿垂直方向设于矩形导向内套(2)与矩形导向外套(3)间的空隙内。上下移动顺畅，不会卡死，采用标准的零件，成本低，装配简单，日常维护方便。应用于钢管码跺机可以自动化地将钢管成品自动成排码跺，并送到捆扎机包扎，节省人力，成本低，效率高，码跺规整便于自动化捆扎。
30. 204173597 一种钢管码跺机
CN
25.02.2015
B65G 61/00 Loading...
B65G 61/00
Loading...
201420550714.5
浙江金洲管道科技股份有限公司
祝守新
B65G 61/00
Loading...
本实用新型公开了一种钢管码跺机，用于将成批量的水平放置的钢管自动成排码跺并送到捆扎机包扎；包括水平滑动机构(1)、升降滑动机构(2)、电磁铁机械手(3)、供管台架(4)、成型辊道(5)、支承框架(6)、电控系统和液压系统；电控系统和液压系统通过水平滑动机构(1)与升降滑动机构(2)控制电磁铁机械手(3)动作，往复运动2N-1次，其中N≥3，每次抓取对应数量的钢管从供管台架(4)的台面(41)移到成型辊道(5)中排列成每边有N根钢管的正六边形码跺，后由电控系统控制成型辊道(5)将排列好的正六边形码跺推送到捆扎机的捆扎台上用于包扎。可以自动化地将钢管成品自动成排码跺，并送到捆扎机包扎，节省人力，成本低，效率高，码跺规整便于自动化捆扎。
31. 104261308 Vertical lifting sliding mechanism and application thereof
CN
07.01.2015
B66F 7/08 Loading...
B66F 7/08
Loading...
201410577471.9
湖州师范学院
管珣
B66F 7/08
Loading...
The invention discloses a vertical lifting sliding mechanism, for moving articles up and down in a vertical direction. The vertical lifting sliding mechanism comprises a lifting oil cylinder (1), an inner rectangular guiding sleeve (2), an outer rectangular guiding sleeve (3) and four sets of vertical linear guide rails (4), wherein the inner rectangular guiding sleeve (2) is connected to a fixing piece (5) on the inner rectangular guiding sleeve (2); the outer rectangular guiding sleeve (3) is connected to a movable piece (6) for carrying articles under the outer rectangular guiding sleeve (3); the lifting oil cylinder is arranged in the inner rectangular guiding sleeve (2); the inner rectangular guiding sleeve (2) is sleeved with the outer rectangular guiding sleeve (3), and the four sets of vertical linear guide rails (4) are respectively arranged in a gap between the inner rectangular guiding sleeve (2) and the outer rectangular guiding sleeve (3) along the vertical direction. The vertical lifting sliding mechanism moves up and down smoothly without being blocked, adopts standard parts, and is low in cost, simple to assemble and convenient to daily maintain. When the vertical lifting sliding mechanism is applied to a steel tube stacker crane, the finished steel tubes can be automatically stacked and delivered to a strapping machine for strapping, thus being labor-saving, low in cost, high in efficiency, orderly in stacking, and convenient to strap automatically.
32. 104002123 Portable steel-plastic tube end protecting ring expanding and closing device
CN
27.08.2014
B23P 19/027 Loading...
B23P 19/027
Loading...
201410213606.3
浙江金洲管道科技股份有限公司
杨伟芳
B23P 19/027
Loading...
The invention discloses a portable steel-plastic tube end protecting ring expanding and closing device. The device comprises an outer shell, a linear driving mechanism fixedly connected with the outer shell, and a conical part connected with the linear driving mechanism, wherein the end, away from the linear driving mechanism, of the outer shell is provided with an installing tube, and an expanding and closing part is arranged on the installing tube; the expanding and closing part comprises a wedge part and an elastic fixing sleeve arranged on the outer circumferential face of the wedge part in a sleeved mode, the wedge part comprises a plurality of wedges, a plurality of inserting openings communicated with an inner hole of the installing tube are evenly distributed in the outer circumferential face of the installing tube, and the wedges are inserted in the inserting openings and bound into a whole through the elastic fixing sleeve. The device is simple in structure, convenient to carry, small in size, light in weight, easy to operate, convenient to maintain and good in maintainability.
33. 103953807 用于钢管连接的承插结构
CN
30.07.2014
F16L 21/03 Loading...
F16L 21/03
Loading...
201410213587.4
浙江金洲管道科技股份有限公司
沈淦荣
F16L 21/03
Loading...
本发明公开了一种用于钢管连接的承插结构，包括承口和插口，所述承口包括和所述插口配合的定位插口及和所述插口配合的密封插口，所述密封插口中设有密封装置。本发明的承插结构，通过设置密封装置，使得相邻的钢管之间连接紧密，密封效果好，而且，安装和拆卸斗十分方便，省时省力，提高了效率高。
34. 203448444 一种钢卷开卷翻转装置
CN
26.02.2014
B21C 47/26 Loading...
B21C 47/26
Loading...
201320575561.5
浙江金洲管道科技股份有限公司
沈峰明
B21C 47/26
Loading...
本实用新型属于钢管加工领域，具体涉及一种钢卷开卷翻转装置。包括机架和依次排列于机架上的若干翻转机构，所述翻转机构包括翻转架和设置于翻转架上的一对平行设置的传送辊，所述传送辊之间的间隙为钢板通道，钢板引入端的翻转机构至钢板引出端的翻转机构上的钢板通道依次朝同一个方向逐渐偏转。通过设置多个翻转机构使通过翻转机构的钢板在牵引过程中逐渐翻转一定角度，便于后序加工，本装置翻转效率高，省时省力，成品率高，翻转过程安全，降低了人力的投入，节约了成本，提高了加工效率。
35. 203450840 一种用于内吹管机的缓冲装置
CN
26.02.2014
B65G 47/88 Loading...
B65G 47/88
Loading...
201320575238.8
浙江金洲管道科技股份有限公司
李同明
B65G 47/88
Loading...
本实用新型属于钢管加工领域，具体涉及一种用于内吹管机的缓冲装置。包括缓冲部件和设置于缓冲部件上的用于连接内吹管机的安装座，缓部部件包括套筒以及设置于套筒内部后端的缓冲弹簧，安装座设置于套筒内前端且安装座前端伸出所述套筒前端面，缓冲弹簧前端紧贴安装座后端面上。套筒筒壁上沿套筒的长度方向设置有贯穿筒壁的导向槽，安装座后端设置有插入导向槽内并可在导向槽内移动的限位导向杆。通过本缓冲装置实现钢管与内吹管机的弹性接触，确保两者接触时，钢管和内吹管机都不会过力损坏，同时还可以在钢管位置不准的情况下，进行位置补偿。
36. 203448443 一种开卷上料盘装置
CN
26.02.2014
B21C 47/16 Loading...
B21C 47/16
Loading...
201320575368.1
浙江金洲管道科技股份有限公司
沈阳
B21C 47/16
Loading...
本实用新型属于钢管加工领域，具体涉及一种开卷上料盘装置。包括底座、设置于底座上的转轴、套设于转轴上的上料盘和套设于转轴上端并位于上料盘上方的滚轮，上料盘包括盘座和设置于盘座上的料盘，盘座底部设置有套设于转轴上的传动轴承和位于传动轴承上方的用于固连转轴的连接部，盘座内位于连接部上方设置有安装腔，安装腔内设置有套设于转轴上的静音轴承，盘座底部外侧设置有耳盘，底座一侧设置有刹车架，刹车架上位于耳盘下方设置有与耳盘配合对上料盘进行刹车控制的刹车部件。通过在盘座内设置静音轴承，减小转轴在运转时产生的摩擦力，从而降低上料盘转动时产生的噪音，该装置上还设置刹车部件，可控制上料盘的转速，整套装置可控制性好。
37. 203448442 一种开卷机的开卷平台
CN
26.02.2014
B21C 47/16 Loading...
B21C 47/16
Loading...
201320575224.6
浙江金洲管道科技股份有限公司
沈峰明
B21C 47/16
Loading...
本实用新型属于钢管加工领域，具体涉及一种开卷机的开卷平台。包括圈形上料盘，所述上料盘上表面设置有若干滚筒，所述滚筒的中心轴与上料盘表面平行。所述滚筒均布于所述上料盘上。所述滚筒以上料盘圆心为中心呈辐条状设置。在开卷平台表面设置设置多个可随钢卷的展开转动的滚筒，从而减小了钢卷开卷时产生的摩擦力，降低了噪音，优化了工作环境，同时也减少了对设备的摩损，故障率降低，加工效率提高，延长了设备的使用寿命。
38. 203440491 一种用于钢管镀锌生产的捞渣机装置
CN
19.02.2014
C25D 21/16 Loading...
C25D 21/16
Loading...
201320575303.7
浙江金洲管道科技股份有限公司
陈云明
C25D 21/16
Loading...
本实用新型属于钢管加工领域，具体涉及一种用于钢管镀锌生产的捞渣机装置。包括吊架、设置于吊架底部的挖斗以及位于吊架顶部的提拉部件，吊架包括连接挖斗一端的主吊架和设置于主吊架上连接挖斗另一端并可使挖斗在该端随自身重力倾斜下沉的副吊架。挖斗为对称设置的一副，主吊架包括主横杆和设置于主横杆两端的主竖杆，挖斗外端铰接于主竖杆的底端；主横杆中部设置有主导向孔，副吊架包括副横杆和垂直连接于副横杆中部的下沉导向杆，下沉导向杆向下穿过主导向孔并与挖斗内端铰接。通过主吊架与副吊架的配合，实现挖斗利用自身重力下沉并展开的动作，只需要在完成挖渣后用外动力将挖斗提起即可，节约了能耗，省去了挖斗下沉和展开的电动设备，节约了成本。
39. 203440434 一种用于镀锌机的压管装置
CN
19.02.2014
C23C 2/38 Loading...
C23C 2/38
Loading...
201320575225.0
浙江金洲管道科技股份有限公司
沈百方
C23C 2/38
Loading...
本实用新型属于钢管镀锌加工领域，具体涉及一种用于镀锌机的压管装置。包括导向滑套、设置有导向滑套上并可沿导向滑套上下移动的压杆、设置于压杆底端的压板部件以及连接于压杆顶端的动力部件。压板部件包括连接压杆底端的压板座和设置于压板座底部的压板，压板上凹形成若干个截面呈弧形且平行设置的压板槽，压板槽之间通过弧形过渡段连接。在镀锌池上设置压管装置，使在镀完锌后管腔内仍存在大量空气的外径为20-22mm、壁厚小于等于1.6mm的钢管后端顺利地被向下压，被压后的钢管倾斜角度与传送装置倾斜角度相近，从而使钢管顺利地被传出镀锌池，传送过程不会出现钢管弯曲或设备卡死等故障，提高了工作效率。
40. 103495669 Modified structure of welding pipe squeezing roller seat
CN
08.01.2014
B21D 39/02 Loading...
B21D 39/02
Loading...
201310475188.0
浙江金洲管道科技股份有限公司
沈淦荣
B21D 39/02
Loading...
The invention belongs to the field of machining of steel pipes, and particularly relates to a modified structure of a welding pipe squeezing roller seat. The modified structure of the welding pipe squeezing roller seat comprises a pressing wheel base plate, a screw rod arranged on the pressing wheel base plate, a sliding block which is arranged on the screw rod in a sleeved mode and driven by the screw rod, a squeezing mechanism arranged on the sliding block, and limiting guide wall plates which are arranged on the pressing wheel base plate and located at two sides of the sliding block. The sliding block comprises a connecting section located at the upper portion and a guide transmission section located at the lower portion, wherein the parts, located at two sides of the connecting section, of the top of the guide transmission section are limiting shoulders, a pressing plate is arranged at the top of each limiting guide wall plate, a correcting strip is arranged between one limiting shoulder and one pressing plate, and a plurality of correcting components which abut against each correcting strip to correct the sliding block indirectly is arranged at the outer side of each correcting strip. The correcting strips are arranged on the convex shoulders of the sliding block to timely correct the sliding block when the sliding block deviates, the rounding degree of steel pipes is guaranteed, the sliding block can be corrected by simple bolt regulation from the outer side and is corrected conveniently, and equipment is not damaged easily.
41. 202830141 一种钢管热镀锌设备
CN
27.03.2013
C23C 2/06 Loading...
C23C 2/06
Loading...
201220475470.X
浙江金洲管道科技股份有限公司
沈百方
C23C 2/06
Loading...
一种钢管热镀锌设备，包括锌池，该锌池上方设置有用于将钢管从所述锌池中取出的取料装置，所述取料装置连接有抹锌装置；所述抹锌装置包括分别用于抹制钢管外表面锌液的外抹锌装置和用于抹制钢管内表面锌液的内抹锌装置；所述内抹锌装置包括伸入钢管内的喷枪，所述喷枪的前端安装有喷头，所述喷头与所述喷枪通过螺纹固定安装。本实用新型喷头独立，可拆卸安装于喷枪前端，当喷头磨损或损坏时只需要更换喷头，不需要整体更换，使用成本低；环缝或双排的喷孔结构减少了热蒸汽出射部分被堵塞的可能，使得喷出的蒸汽更均匀，抹锌效果好；喷头上设置有支撑轮，以保证喷头和喷枪在钢管内壁行进连贯，喷头不与钢管内壁擦碰，进一步延长使用寿命。
42. 202830146 一种三工位钢管热镀锌分管器
CN
27.03.2013
C23C 2/38 Loading...
C23C 2/38
Loading...
201220475494.5
浙江金洲管道科技股份有限公司
沈淦荣
C23C 2/38
Loading...
一种三工位钢管热镀锌分管器，该分管板上开有三条入口位于下端的容管槽，三个入口形成容管通道，该容管通道下方连接有从上至下开口依次增大的主喇叭口；相邻容管槽之间通过分管隔条相间隔，所述分管隔条的下端设置有用于将所述容管通道分割成入口的切口；所述入口的宽度大于所述容管槽的宽度。本实用新型能同时将三根钢管有效、准确、快速地分开，使得三根钢管同时热镀锌成为可能，提高热镀锌的生产效率；且本实用新型在输送槽上还能增设电磁抹锌装置，使得本实用新型完成分管后，在输送过程中同时完成对钢管抹锌这一过程，进一步优化生产工艺，提高生产效率。
43. 202804960 一种钢管内喷砂设备
CN
20.03.2013
B24C 3/02 Loading...
B24C 3/02
Loading...
201220475410.8
浙江金洲管道科技股份有限公司
沈百方
B24C 3/02
Loading...
一种钢管内喷砂设备，包括至少一个工作单元，每个所述工作单元包括用于输送钢管的送料支架，以及用于固定钢管的夹持机构，所述夹持机构包括用于固定钢管的固定部，以及与该固定部相连接用于驱动钢管转动的驱动部；所述工作单元还包括伸入钢管的喷砂机构，该喷砂机构包括管状的喷枪以及倾斜安装于该喷枪前端的喷头。本实用新型钢砂流对喷头磨损小，喷头使用寿命长；砂流对钢管内壁打磨的均匀度仅取决于钢管旋转速度的均匀度，易于控制且效果好。
44. 202779338 一种新型的钢管滚槽机
CN
13.03.2013
B21D 17/04 Loading...
B21D 17/04
Loading...
201220475523.8
浙江金洲管道科技股份有限公司
沈百方
B21D 17/04
Loading...
一种新型的钢管滚槽机，包括支撑机架，设置于该支撑机架上的动作机构，以及设置于该支撑机架上用于驱动所述动作机构工作的驱动机构；所述动作机构包括支撑钢管的支撑轴和设置于该支撑轴上方的夹持部，所述夹持部包括位于下部与所述夹持部相配合的压轮，以及位于上部驱动所述压轮升降的液压缸。本实用新型采用液压装置控制压轮的升降，压轮对钢管的压力大小仅取决于液压缸的行程，因此压轮对钢管的压力精确可控；全程由液压或电力驱动，操作人员劳动强度低，生产效率高。
45. 202348193 一种油气井套损补贴用可变径膨胀工具
CN
25.07.2012
E21B 29/10 Loading...
E21B 29/10
Loading...
201120524671.X
浙江金洲管道工业有限公司
白强
E21B 29/10
Loading...
本实用新型公开了一种油气井套损补贴用可变径膨胀工具，包括膨胀管，所述的膨胀管下端具有膨胀部，所述膨胀部上固定有封堵器，所述膨胀管内安装有膨胀推动活塞，所述膨胀推动活塞具有贯穿其长度方向的通孔，所述膨胀推动活塞包括连接部，所述连接部下端设有膨胀活塞，所述膨胀活塞与所述膨胀部之间设有一扩张装置。本实用新型的膨胀工具，在工作过程中如果遇到凸凹不平的时候，能够及时的停止工作，不会造成膨胀工具卡死在膨胀管内的现象。
46. 202297748 用于钢管热浸镀锌内吹装置的伺服牵引机构
CN
04.07.2012
C23C 2/38 Loading...
C23C 2/38
Loading...
201120404452.8
浙江金洲管道科技股份有限公司
徐志茹
C23C 2/38
Loading...
本实用新型公开了一种用于钢管热浸镀锌内吹装置的伺服牵引机构，包括基座，所述的基座上安装有滚珠丝杆和伺服电机，所述滚珠丝杠的螺母上固定有一个钢丝卷筒，所述的钢丝卷筒上有外螺纹，所述的外螺纹上缠绕有钢丝绳，所述的外螺纹的螺距与所述滚珠丝杠的螺杆的螺距相等，所述的伺服电机通过传动装置与所述的钢丝卷筒连接。本实用新型采用伺服电机和钢丝绳进行配合，定位精确、噪音小、牵引平稳，而且不需要拨绳器对钢丝绳进行校正。
47. 202296098 钢管输送辊道挡板缓冲装置
CN
04.07.2012
B65G 13/00 Loading...
B65G 13/00
Loading...
201120404458.5
浙江金洲管道科技股份有限公司
王爱平
B65G 13/00
Loading...
本实用新型公开了一种钢管输送辊道挡板缓冲装置，包括底座，所述底座上固定有支撑板和轴承座，所述的轴承座内安装有缓冲轴，所述的缓冲轴前端伸出所述的轴承座与一缓冲装置连接，后端设有限位装置，所述的缓冲轴具有一直径小于所述缓冲轴的导向轴，所述导向轴上套有受到压缩的弹簧，所述导向轴的端部插接在所述支撑板内。本实用新型的缓冲装置能够在钢管由轴向输送变换为纵向输送的时候，起到缓冲的作用，使得原来钢管与阻挡钢板之间的接触由刚性变为弹性，减少碰撞时发出的噪音，有利于工人的身心健康，同时也能够避免钢管切口的损坏。
48. 102505093 一种油气井裸眼完井用实体膨胀管用钢的制造方法
CN
20.06.2012
C22C 38/16 Loading...
C22C 38/16
Loading...
201110419469.5
浙江金洲管道工业有限公司
刘强
C22C 38/16
Loading...
本发明公开了一种油气井裸眼完井用实体膨胀管用钢及其制造方法，实体膨胀管用钢各组分的重量百分比为：C：0.15-0.28%；Mn：0.2-2.0%；Si：0.05-0.25%；P≤0.015%；S≤0.005%；Mo：0.35-0.80%；Zr：0.10-0.35%；Cu：0.20-0.5%；Re(稀土元素)0.15-0.40%；Ni:0.2-0.55%；Ca：0.001-0.005%；N≤0.0005%；余量为Fe。实体膨胀管用钢的制造方法包括，制备热轧板卷；用热轧板卷生产直缝电阻焊钢管；焊后管体热处理；切割成段。本发明的实体膨胀管用钢具有较高的强度和优良的韧性、可膨胀性能和耐蚀性能。
49. 202263795 一种用于钢卷开卷机的锥头部件
CN
06.06.2012
B21C 47/16 Loading...
B21C 47/16
Loading...
201120404464.0
浙江金洲管道科技股份有限公司
王爱平
B21C 47/16
Loading...
本实用新型公开了一种用于钢卷开卷机的锥头部件，包括锥头主体，所述的锥头主体固定有多个连接板，每一个连接板通过连接装置与锥块连接。本实用新型的锥头部件，能够适用多种规格的钢卷，不需要拆卸整个开卷机，只需要更换不同的锥块即可，更换速度快、适应性强。
50. 202264909 一种钢管自动下料设备
CN
06.06.2012
B65B 35/36 Loading...
B65B 35/36
Loading...
201120404457.0
浙江金洲管道科技股份有限公司
张学平
B65B 35/36
Loading...
本实用新型公开了一种钢管自动下料设备，包括大梁，所述的大梁包括一横梁，在所述横梁上固定有左框架、右框架，所述的左框架、右框架上均安装有钢管抓取机构，所述的横梁上安装有与所述钢管抓取机构连接的同步提升机构，所述的左框架、右框架上均安装有行走机构。本实用新型的自动下料设备，其钢管的整个下料过程，速度快、噪音低、效率高，而且是自动的完成，不需要人工操作，工人的劳动强度大大降低。
51. 102418039 一种油气井套损补贴用实体膨胀管用钢及其制造方法
CN
18.04.2012
C22C 38/16 Loading...
C22C 38/16
Loading...
201110419472.7
浙江金洲管道工业有限公司
刘强
C22C 38/16
Loading...
本发明公开了一种油气井套损补贴用实体膨胀管用钢及其制造方法，实体膨胀管用钢各组分的重量百分比为：C：0.02-0.15%；Mn：1.0-2.2%；Si：0.15-0.40%；P≤0.01%；S≤0.005%；Mo：0.10-0.45%；Zr：0.01-0.14%；Cu：0.02-0.35%；Re(稀土元素)0.1-0.18%；Al：0.005-0.03%；Ca0.001-0.005%；N≤0.0005%；余量为Fe。实体膨胀管用钢的制造方法包括以下步骤，制备热轧板卷；用热轧板卷生产直缝电阻焊钢管；焊后管体热处理；切割成段。本发明的实体膨胀管用钢具有较高的强度和优良的韧性、可膨胀性能和耐蚀性能。
52. 102381495 一种钢管自动下料设备
CN
21.03.2012
B65B 35/36 Loading...
B65B 35/36
Loading...
201110323005.4
浙江金洲管道科技股份有限公司
张学平
B65B 35/36
Loading...
本发明公开了一种钢管自动下料设备，包括大梁，所述的大梁包括一横梁，在所述横梁上固定有左框架、右框架，所述的左框架、右框架上均安装有钢管抓取机构，所述的横梁上安装有与所述钢管抓取机构连接的同步提升机构，所述的左框架、右框架上均安装有行走机构。本发明的自动下料设备，其钢管的整个下料过程，速度快、噪音低、效率高，而且是自动的完成，不需要人工操作，工人的劳动强度大大降低。
53. 102330046 用于钢管热浸镀锌内吹装置的伺服牵引机构
CN
25.01.2012
C23C 2/18 Loading...
C23C 2/18
Loading...
201110323002.0
浙江金洲管道科技股份有限公司
徐志茹
C23C 2/18
Loading...
本发明公开了一种用于钢管热浸镀锌内吹装置的伺服牵引机构，包括基座，所述的基座上安装有滚珠丝杆和伺服电机，所述滚珠丝杠的螺母上固定有一个钢丝卷筒，所述的钢丝卷筒上有外螺纹，所述的外螺纹上缠绕有钢丝绳，所述的外螺纹的螺距与所述滚珠丝杠的螺杆的螺距相等，所述的伺服电机通过传动装置与所述的钢丝卷筒连接。本发明采用伺服电机和钢丝绳进行配合，定位精确、噪音小、牵引平稳，而且不需要拨绳器对钢丝绳进行校正。
54. 202107755 一种交变电磁抹锌装置
CN
11.01.2012
C23C 2/24 Loading...
C23C 2/24
Loading...
201120155371.9
浙江金洲管道科技股份有限公司
沈淦荣
C23C 2/24
Loading...
一种交变电磁抹锌装置，包括抹锌装置，所述抹锌装置内设置有长条形的电磁铁，所述电磁铁内设置有线圈绕组，该线圈绕组为平面式、螺旋式或圆柱式；所述电磁铁的横截面呈C字形；所述交变电磁抹锌装置还包括交变电源，所述交变电源与所述线圈绕组相连接，该交变电源对线圈绕组输入三相交变电流。本实用新型抹锌后镀层均匀，抹锌效果好；抹锌过程中，锌液不会出现氧化和雾化现象，节约锌液，同时避免锌液散至空气中，不会对空气造成污染。
55. 202090043 一种永磁抹锌装置
CN
28.12.2011
C23C 2/24 Loading...
C23C 2/24
Loading...
201120165409.0
浙江金洲管道科技股份有限公司
沈淦荣
C23C 2/24
Loading...
一种永磁抹锌装置，包括锌池，所述锌池的出口处设置有永磁装置，所述永磁装置包括若干永磁体，所述永磁体呈环形分布，围成用于通过钢管的通过孔，且永磁体产生的磁力线贯穿通过孔。本实用新型不需要采用电磁，极大地节约生产成本；管的内壁和外壁均可实现抹锌，抹锌方便，工艺简单。
56. 102212769 Alternating electromagnetic zinc smearing method and device
CN
12.10.2011
C23C 2/24 Loading...
C23C 2/24
Loading...
201110125862.3
Zhejiang Kingland Pipeline Technology Co., Ltd.
Shen Hanrong
C23C 2/24
Loading...
The invention discloses an alternating electromagnetic zinc smearing method, which comprises the following steps of: A, introducing three-phase alternating current to an electromagnet arranged in a zinc smearing device; B, taking out a steel tube from a zinc bath, conveying the steel tube to the zinc smearing device through an insulating clamp, and making the steel tube uniformly and horizontally pass through the magnetic force line range of the electromagnet arranged in the zinc smearing device; and C, taking down the steel tube from the clamp. The coating is uniform after the zinc is smeared, and the zinc smearing effect is good; and molten zinc is not oxidized or atomized in the zinc smearing process, so the molten zinc is saved, the molten zinc is prevented from being dissipated to the air, and the air is not polluted.
57. 201856378 弹性内胀扩管器
CN
08.06.2011
B29C 57/02 Loading...
B29C 57/02
Loading...
201020544061.1
浙江金洲管道科技股份有限公司
徐志茹
B29C 57/02
Loading...
本实用新型公开了一种弹性内胀扩管器，包括芯轴，芯轴为带台阶的圆柱体，芯轴设有进油孔，进油孔连通有径向的出油孔，芯轴的外圆配合有密封圈，密封圈设有油腔，油腔和出油孔连通，密封圈外圆配合有胀圈。本实用新型密封效果好，便于操作，广泛应用于胀接工艺。
58. 101947603 Elastic internal expansion tube expander
CN
19.01.2011
B21D 39/20 Loading...
B21D 39/20
Loading...
201010293372.X
Zhejiang Kingland Pipeline and Technologies Co., Ltd.
Xu Zhiru
B21D 39/20
Loading...
The invention discloses an elastic internal expansion tube expander, which comprises a core shaft, wherein the core shaft is a cylinder with a step; the core shaft is provided with an oil inlet, and the oil inlet is communicated with a radial oil outlet; the external circle of the core shaft is matched with a sealing ring; the sealing ring is provided with an oil cavity; the oil cavity is communicated with the oil outlet; and the external circle of the sealing ring is matched with an expansion ring. The tube expander has good sealing effect, is convenient to operate, and is widely applied in the expanded connection process.
59. 201666421 一种法兰式钢塑复合管连接结构
CN
08.12.2010
F16L 23/032 Loading...
F16L 23/032
Loading...
201020135773.8
浙江金洲管道科技股份有限公司
徐志茹
F16L 23/032
Loading...
本实用新型涉及一种管件结构，特别是一种法兰式钢塑复合管连接结构及制作方法。本实用新型是通过以下技术方案得以实现的：一种法兰式钢塑复合管连接结构，包括互相连接的法兰式钢塑复合管及紧固件，所述法兰式钢塑复合管包括法兰片、钢管及外壁与钢管内壁固定连接的内塑层，法兰片设于钢管管端处，在互相连接的法兰式钢塑复合管中，至少有一根的内塑层套接胀扣件。本实用新型特别适用于管件之间的连接。
60. 201666417 一种钢塑复合管
CN
08.12.2010
F16L 9/147 Loading...
F16L 9/147
Loading...
201020129680.4
浙江金洲管道科技股份有限公司
徐志茹
F16L 9/147
Loading...
本实用新型涉及管件结构，特别是一种钢塑复合管。本实用新型是通过以下技术方案得以实现的：一种钢塑复合管，包括钢管及外壁与钢管内壁固定连接的内塑层，所述钢管靠近管端处设有压槽，该种钢塑复合管还包括与内塑层套接的胀扣件。本实用新型具有保护钢管与内塑层不分离的作用。
61. 201632394 一种用于管道内外壁涂装的设备
CN
17.11.2010
B05C 19/02 Loading...
B05C 19/02
Loading...
201020135772.3
浙江金洲管道科技股份有限公司
沈淦荣
B05C 19/02
Loading...
本实用新型涉及管道涂装设备，特别涉及一种用于管道内外壁涂装的设备。本实用新型是通过以下技术方案得以实现的：一种用于管道内外壁涂装的设备，它包括上料架、热气源、加热筒、固化保温筒、行车及设于加热筒与固化保温筒之间的流化装置。本实用新型能同时对管道的内外壁进行涂装，提高生产效率。
62. 201633206 一种钢塑复合管材加工用中频加热装置的行走机构
CN
17.11.2010
B29C 63/34 Loading...
B29C 63/34
Loading...
201020129732.8
浙江金洲管道科技股份有限公司
魏安家
B29C 63/34
Loading...
本实用新型涉及管材加工领域，特别涉及一种钢塑复合管材加工用中频加热装置的行走机构。本实用新型是通过以下技术方案得以实现的：一种钢塑复合管材加工用中频加热装置的行走机构，包括位于中频加热装置上部的行走小车、位于中频加热装置两端之间的支承座及固定于行走小车下部的中频加热圈，该种行走机构还包括集成控制模块，所述行走小车上设有与集成控制模块电连接的行程检测模块，所述支承座下部固设有与集成控制模块电连接的执行模块。
63. 201621965 一种中频加热生产内衬塑钢管的物料输送机构
CN
03.11.2010
F27D 3/00 Loading...
F27D 3/00
Loading...
201020129726.2
浙江金洲管道科技股份有限公司
沈百方
F27D 3/00
Loading...
本实用新型涉及管件加工领域，特别涉及一种中频加热生产内衬塑钢管的物料输送机构。本实用新型是通过以下技术方案得以实现的：一种中频加热生产内衬塑钢管的物料输送机构，包括进料台、支承座及出料台，进料台、出料台分设中频加热装置主体两侧，支承座设于中频加热装置主体两端之间，该种物料输送机构还包括进料结构及出料结构，进料结构包括从中频加热装置主体靠近出料台侧延伸至进料台处的输送轨道及可行走于输送轨道上的输送小车；所述出料结构为设于中频加热装置两端主体之间的出料架。
64. 101862727 Equipment for coating inner and outer walls of pipeline
CN
20.10.2010
B05C 19/02 Loading...
B05C 19/02
Loading...
201010127969.7
Zhejiang Jingzhou Pipes Science & Technology Co., Ltd.
Fan Yonglin
B05C 19/02
Loading...
The invention relates to equipment for coating a pipeline, in particular to the equipment for coating an inner wall and an outer wall of the pipeline. The equipment for coating the inner wall and the outer wall of the pipeline is implemented through the following technical scheme that: the equipment for coating the inner wall and the outer wall of the pipeline comprises an material loading frame, a hot air source, a heating barrel, a curing heat preservation cylinder, a traveling crane and a fluidizer which is arranged between the heating cylinder and the curing heat preservation cylinder. The equipment for coating the inner wall and the outer wall of the pipeline is particularly suitable for coating pipelines.
65. 101865339 Flange type steel-plastic composite pipe connecting structure and fabrication method thereof
CN
20.10.2010
F16L 23/16 Loading...
F16L 23/16
Loading...
201010127986.0
Zhejiang Jingzhou Pipes Science & Technology Co., Ltd.
Dong Guohua
F16L 23/16
Loading...
The invention relates to a pipe structure, in particular to a flange type steel-plastic composite pipe connecting structure and a fabrication method thereof. The invention is implemented by the following technical scheme that: the connecting structure comprises connected flange type steel-plastic composite pipes and fasteners, each flange type steel-plastic composite pipe consists of a flange plate, a steel pipe and an inner plastic layer, wherein the outer wall of the inner plastic layer is fixed on the inner wall of the steel pipe, the flange plate is arranged on the end of the steel pipe, and an expandable fastener is inserted in the inner plastic layer of at least one of the flange type steel-plastic composite pipes. The invention is particularly applicable to the connection between pipes.
66. 201609961 一种钢管内衬塑加工用中频加热装置的封头结构
CN
20.10.2010
B29C 63/34 Loading...
B29C 63/34
Loading...
201020129729.6
浙江金洲管道科技股份有限公司
徐志茹
B29C 63/34
Loading...
本实用新型涉及钢塑复合管加工领域，特别涉及一种钢管内衬塑加工用中频加热装置的封头结构。本实用新型是通过以下技术方案得以实现的：一种钢管内衬塑加工用中频加热装置的封头结构，包括工艺套，工艺套由套接管及与套接管一端固定连接的圆盘组成，该封头结构还包括胀固组件。
67. 101850611 End enclosure structure of medium-frequency heating device for plastic processing of inner lining of steel pipe
CN
06.10.2010
B29C 63/34 Loading...
B29C 63/34
Loading...
201010122883.5
Zhejiang Kingland Pipeline Science & Technology Co., Ltd.
Chen Yingming
B29C 63/34
Loading...
The invention relates to the field of the processing of steel-plastic composite pipes, in particular to an end enclosure structure of a medium-frequency heating device for the plastic processing of an inner lining of a steel pipe. The invention is realized by the following technical scheme that the end enclosure structure of the medium-frequency heating device for the plastic processing of the inner lining of the steel pipe comprises a process sleeve, wherein the process sleeve comprises a socketed pipe and a disk which is fixedly connected with one end of the socketed pipe. The end enclosure structure also comprises an expansion fixing assembly.
68. 101852552 Material conveying mechanism in production of plastic-lined steel pipe by medium frequency heating
CN
06.10.2010
F27D 3/00 Loading...
F27D 3/00
Loading...
201010123121.7
Zhejiang Kingland Pipeline Science & Technology Co., Ltd.
Chen Yingming
F27D 3/00
Loading...
The invention relates to the field of pipe processing, in particular to a material conveying mechanism in production of a plastic-lined steel pipe by medium frequency heating. The material conveying mechanism is implemented by the following technical scheme that: the material conveying mechanism in the production of the plastic-lined steel pipe by medium frequency heating comprises a feed table, a supporting pedestal, a discharge table, a feed structure and a discharge structure, wherein the feed table and the discharge table are arranged on the two sides of the main body of a medium-frequency heating device respectively; the supporting pedestal is arranged between the two ends of the main body of the medium-frequency heating device; the feed structure comprises a conveying track and a conveying trolley; the conveying track is extended to the feed table from one side of the main body of the medium-frequency heating device near the discharge table; the conveying trolley can run on the conveying track; and the discharge structure is a discharge frame arranged between the main bodies at the two ends of the medium-frequency heating device.
69. 101850612 Travelling mechanism of medium-frequency heating device for processing steel-plastic composite pipe material
CN
06.10.2010
B29C 63/34 Loading...
B29C 63/34
Loading...
201010123053.4
Zhejiang Kingland Pipeline Science & Technology Co., Ltd.
Dong Guohua
B29C 63/34
Loading...
The invention relates to the field of the processing of pipe materials, in particular to a travelling mechanism of a medium-frequency heating device for processing a steel-plastic composite pipe material. The invention is realized by the following technical scheme that the travelling mechanism of the medium-frequency heating device for processing the steel-plastic composite pipe material comprises a travelling trolley, a supporting seat and a medium-frequency heating ring, wherein the travelling trolley is positioned at the upper part of the medium-frequency heating device, the supporting seat is positioned between both ends of the medium-frequency heating device, and the medium-frequency heating ring is fixed at the lower part of the travelling trolley. The travelling mechanism also comprises an integrated control module, wherein a travel detection module which is electrically connected with the integrated control module is arranged on the travelling trolley, and the lower part of the supporting seat is fixedly provided with an execution module which is electrically connected with the integrated control module.
70. 101852314 Steel-plastic composite pipe
CN
06.10.2010
F16L 9/147 Loading...
F16L 9/147
Loading...
201010123054.9
Zhejiang Kingland Pipeline Science & Technology Co., Ltd.
Qian Yinhua
F16L 9/147
Loading...
The invention relates to the structure of pipe fittings, in particular to a steel-plastic composite pipe. The invention is realized by the following technical scheme that the steel-plastic composite pipe comprises a steel pipe and an inner plastic layer the outer wall of which is fixedly connected with the inner wall of the steel pipe, wherein the position of the steel pipe, which is close to the pipe end, is provided with a rolling groove. The steel-plastic composite pipe also comprises an expansion fastener which is in sleeve joint with the inner plastic layer. The invention has the function of protecting the steel pipe against being separated from the inner plastic layer.
71. 201284896 钢塑复合管管道连接结构及连接件
CN
05.08.2009
F16L 47/16 Loading...
F16L 47/16
Loading...
200820167813.X
浙江金洲管道科技股份有限公司
徐德茹
F16L 47/16
Loading...
一种钢塑复合管管道连接结构及连接件，所述连接件包括外层为铸钢、内层为塑料的钢塑复合管接件主体、密封圈和T管形胀扣件，所述T管形胀扣件的直管段插入并胀固在钢塑复合管内、圈面覆盖在钢塑复合管接口端面上，所述钢塑复合管接件主体由节管及扩径接口部构成，扩径接口部内周面设有与钢塑复合管端部的外螺纹相配合的内螺纹，所述密封垫圈设置在钢塑复合管接件主体扩径接口部内的底部凸台与钢塑复合管端部的T管形胀扣件圈面之间。本实用新型结构简单，连接安装方便，密封性能好，同时，钢塑复合管两端口部安装的T管形胀扣件还能避免钢塑复合管的塑料层脱落，从而有效防止管道腐蚀，延长管道使用寿命，提高管道运行安全性。
72. 101430036 Steel-plastic composite pipe connection structure and connector
CN
13.05.2009
F16L 47/16 Loading...
F16L 47/16
Loading...
200810122311.X
Zhejiang Kingland Pipeline Technology Co., Ltd.
Xu Deru
F16L 47/16
Loading...
A composite metal plastic pipe connection structure and a connecting piece thereof; the connecting piece comprises a composite metal plastic pipe connecting piece main body which is provided with cast steel at the outer layer and plastic at the inner layer, a sealing ring and a T tubular expansion fastener; wherein, a straight pipe section of the a T tubular expansion fastener is inserted and fixed in a composite metal plastic pipe in an expanding way, a ring surface is covered on the end surface of an interface of the composite metal plastic pipe, the composite metal plastic pipe connecting piece main body is composed of a joint pipe and a hole enlargement interface part, the inner peripheral surface of which is provided with internal thread matched with external thread at the end part of the composite metal plastic pipe, and the sealing ring is arranged between a lug boss at the bottom in the hole enlargement interface part of the composite metal plastic pipe connecting piece main body and the ring surface of the T tubular expansion fastener at the end part of the composite metal plastic pipe. The invention has simple structure, convenient connection and installation as well as good sealability; meanwhile, the T tubular expansion fasteners arranged at the two ports of the composite metal plastic pipe also can avoid the plastic layer of the composite metal plastic pipe dropping off, thereby effectively preventing the pipeline from being eroded, prolonging the service life and improving the safety of the running of the pipeline.
73. 201189526 直缝电阻焊钢管焊缝在线增厚装置
CN
04.02.2009
B21C 23/02 Loading...
B21C 23/02
Loading...
200820085514.1
浙江金洲管道科技股份有限公司
杨伟方
B21C 23/02
Loading...
一种直缝电阻焊钢管焊缝在线增厚装置，在固定机架上上下平行安装一对可以上下滑动的水平轧辊，左右垂直安装一对可以左右微量移动的立辊，水平轧辊和立辊均呈中部弧形平滑凹陷的柱状结构，具有光滑的弧形轧压面，水平轧辊和立辊的弧形轧压面相向处围成一个正圆形闭式轧孔，该轧孔与作为加工对象的钢管口径相符，水平轧辊的轴线和立辊的轴线在同一个纵向平面上垂直相交，水平轧辊和立辊均可绕其自身轴线旋转。通过四辊闭式轧孔对直缝电阻焊钢管施加环向压力，使金属流在焊缝塑性最大处聚集而达到焊缝增厚的效果，以补偿钢管焊缝在焊接过程中因人为调高内毛刺清除刮刀刮削深度而造成的焊缝处壁厚减薄。
74. 101314210 High-frequency off-lining inner burr removing apparatus for straight-line joint electric resistance welding steel tube
CN
03.12.2008
B24B 21/02 Loading...
B24B 21/02
Loading...
200710068783.7
Zhejiang Kingland Pipeline and Technologies Co., Ltd.
Shen Linyuan
B24B 21/02
Loading...
The invention discloses a device for removing inner burrs in a high-frequency straight seam resistance welding steel tube centrifugal wire. The device comprises a base, a steel tube fixing device, driving trolleys, a connecting rod and a grinding head component; the steel tube fixing device is arranged on the base; the driving trolleys can be movably arranged on the base; and the grinding head component and the driving trolleys are respectively connected with two ends of the connecting rod. The device is used for removing the inner burrs in the high-frequency straight seam resistance welding steel tube centrifugal wire. After a centerline of a steel tube welding seam is fixed on the steel tube fixing device, a grinding head motor is started up; the driving trolleys on two ends of the steel tube are respectively started up at an interval of one to two minutes; and a grinding head is driven to enter the steel tube for grinding by the connecting rod. The device has high working efficiency, high precision of inner burrs removal, convenient operation and low operation cost; a Fermi level ceramic grinding medium is selected to be made into a grinding belt which is provided with an ultra coating layer; and the grinding belt has self-cooling function in grinding and can carry out strong grinding and can not burn a workpiece.
75. 2818123 中频加热钢管衬塑装置
CN
20.09.2006
B29C 65/02 Loading...
B29C 65/02
Loading...
200520013833.8
浙江金洲管道科技股份有限公司
徐志茹
B29C 65/02
Loading...
一种中频加热钢管衬塑装置，它包括加工钢管两端的封头装置，充气机构，加工钢管传送机构和加热装置，其加热装置采用中频感应加热线圈，所述封头装置是一对自锁密封堵头，其中一端封头呈平盖瓶塞形，中心开设有轴向通孔，并在通孔外端口安装有自封闭快速接头，另一端堵头为直柱塞，塞体外端部上开设有与半圆卡环相配合的环槽，两堵头塞体内端面之间通过拉簧相活动连接。本实用新型改变了传统的庞大燃料炉加热装置和复杂的气缸顶压密封封头装置，简便了操作，减少了环境污染，从而实现了投资省，生产成本低，生产效率高的良好效果。
76. 1754683 Intermediate frequency heating pipe plastic liner device
CN
05.04.2006
B29C 63/34 Loading...
B29C 63/34
Loading...
200510060308.6
Zhejiang Kingland Pipeline Technology Co., Ltd.
Xu Zhiru
B29C 63/34
Loading...
This invention relates to one medium heating steel tube plastic device, which comprises the following parts: sealing head on both ends of steel tube; charging structure; steel tube sending machine and heating device, wherein, the heating device adopts medium frequency induce heating coil; the said sealing head device is one pair of self-locking block with one end in plat cover shape and with hole in center and with self-sealed rap0id joint and with other end as column plug opened with semi-round card groove with two block ends connected through spring. This invention alters traditional large fuel strove heating device and complex gas cylinder sealed head device.

