1. 105075766 一种促进山竹增产的种植方法
CN
25.11.2015
A01G 17/00 Loading...
A01G 17/00
Loading...
201410205195.3
中国热带农业科学院海口实验站
李敬阳
A01G 17/00
Loading...
本发明提供一种促进山竹增产的种植方法，包括步骤：S1选择种植场地；S2选苗栽种；和S3田间管理。本发明通过山竹开花期和结果期控水、喷施肥料、和施用植物生长调节剂等来对山竹进行催花保果，不仅促进山竹开花，还能防止落花落果，提高了山竹坐果率和改善果实品质，与现有技术相比，山竹的坐果率提高了90％以上，效果达到极显著水平。
2. 105075767 一种促进山竹开花的种植方法
CN
25.11.2015
A01G 17/00 Loading...
A01G 17/00
Loading...
201410206852.6
中国热带农业科学院海口实验站
李敬阳
A01G 17/00
Loading...
本发明提供一种促进山竹开花的种植方法，包括步骤：S1选择种植场地；S2选苗栽种；和S3田间管理，采用本发明方法，通过控制土壤水分和水势因素，使达到开花年龄的果树开花。与现有技术相比，达到同样开花年龄的山竹果树，每株树平均开花效率提高了70％以上，效果达到极显著水平，解决了目前山竹产业中达到开花年龄的果树开花数量不足、催花生产环节技术不成熟等制约产业发展的问题。

