1. 104550460 用于钢桥正交异形板中U型加劲肋的加工模具
CN
04.01.2017
B21D 37/10 Loading...
B21D 37/10
Loading...
102014000657976
海波重型工程科技股份有限公司
叶顺
B21D 37/10
Loading...
本发明涉及一种用于钢桥正交异形板中U型加劲肋的加工模具，包括上模和下模，下模采用数控折弯机的槽型工作平台，上模设有模柄和模头，采用长条钢板加工成截面为C型的模柄；模柄上端带有T字形凸台，模柄下端长度方向布有圆孔，圆孔内壁钻有螺栓孔用于通过槽式螺栓安装模头；模头底部为半径50mm的弧，模头上截面为矩形，矩形上端面开有凹槽，在凹槽长度方向钻有与模柄相配套的螺栓孔，模头由槽式螺栓与模柄连接。上模通过模柄的凸台安装在数控折弯机的连接板上。本发明的模具结构简单，容易制造。使用本模具加工U型加劲肋，能一次压制成型，效率高成品精度优良。本发明解决了U型加劲肋长期以来折弯成型精度低和压角易产生裂纹的质量问题。
2. 205309598 一种板单元预变形拆装装置
CN
15.06.2016
B23K 31/00 Loading...
B23K 31/00
Loading...
201521027266.1
海波重型工程科技股份有限公司
叶顺
B23K 31/00
Loading...
本实用新型提供了一种板单元预变形拆装装置，包括机座、门式行走机构和安装于门式行走机构上的施压机构，机座与门式行走机构通过轨道和车轮连接，所述机座包括两根沿纵向布置的轨道梁，轨道安装于轨道梁的上表面，轨道梁的外侧面上设有钩槽，所述门式行走机构包括龙门框架、车轮架、车轮组和拉钩组，车轮组通过车轮架安装于龙门框架的两根端梁的底端，拉钩组包括2个以上拉钩，各拉钩对称固定于龙门框架的两根端梁上，拉钩的固定端与端梁的侧面焊接固定，钩部位于钩槽中；所述施压机构包括电动泵站和两个双作用液压千斤顶，电动泵驱动各双作用液压千斤顶同步运行；该板单元预变形拆装可电动控制反变形量并且反变形压制效果好。
3. 105648914 一种中小型钢桁系杆拱桥的施工方法
CN
08.06.2016
E01D 21/00 Loading...
E01D 21/00
Loading...
201511023003.8
海波重型工程科技股份有限公司
叶顺
E01D 21/00
Loading...
本发明提供了一种中小型钢桁系杆拱桥的施工方法，主桥上部钢梁从两侧边支点向跨中安装，先安装边跨主结构所有构件，再安装中跨钢桁拱，钢桁拱跨中合拢后安装吊杆，最后用桥面吊机安装中跨系杆和中跨桥面系；在中跨两端所在位置的地面上对称安装吊塔，中跨钢桁拱通过两组吊塔配合施工进行吊装，对于中小型钢桁系杆拱桥，两组吊塔的吊臂可覆盖整个施工区域，两边同时施工加快了吊装速度，减少了其它吊装设备的使用；中跨钢桁拱悬臂安装期间采取在边跨进行压载配重方式平衡悬臂端的倾覆力矩，保证抗倾覆稳定系数大于1.3；在安装中跨合拢段时，利用边墩墩顶布置千斤顶，通过边墩落顶，主墩不动的方式来调整合拢误差，保证合拢段能够顺利安装完成。
4. 103302388 双变角度等离子割炬一次切割U肋钢板坡口的方法
CN
18.09.2013
B23K 10/00 Loading...
B23K 10/00
Loading...
201310243155.3
海波重型工程科技股份有限公司
宋雄文
B23K 10/00
Loading...
本发明涉及一种双变角度等离子割炬一次切割U肋钢板坡口的方法，是在一台等离子数控切割机上，安装有两套等离子电源和可偏转角度的等离子割炬；两等离子割炬配置有割炬初始高度定位器，割炬弧压调高系统和数控系统PLC可编程系统。将待切割钢板放在切割台上，两等离子割炬对准待切割钢板边缘，调整两等离子割炬横向距离、割炬角度，在数控系统中设定两等离子割炬初始定位值、切割电流和切割速度；按下切割机启动按钮，在数控系统控制下，两等离子割炬同时起弧对U肋钢板进行切割。本方法只需一道加工工序一次完成U肋钢板坡口的切割，操作简单，实现了自动化切割，切割的U肋钢板直线度、坡口表面质量和角度精度均达到设计要求。
5. 202359504 钢结构桥梁腹板外倾式梁段组装用移动式可拆支承装置
CN
01.08.2012
E01D 21/00 Loading...
E01D 21/00
Loading...
201120513594.8
海波重型工程科技股份有限公司
朱本芳
E01D 21/00
Loading...
本实用新型涉及一种钢结构桥梁腹板外倾式梁段组装用移动式可拆支承装置，包括有支承主体、调节机构、连接机构、行走滚轮和升降丝杆。支承主体是以槽钢和角钢为骨架的立体桁架结构，在立体结构内每隔1.5～1.8m高度设置一个水平施工平台，在平台一角设置一个施工人员垂直上下梯道。调节机构由千斤顶及其反力架组成，设置在朝向梁段的支承主体倾斜面一侧。连接机构由拼接板和螺栓组成，起固定支承装置的作用。本实用新型用于桥梁腹板外倾式梁段的组装，对外倾式腹板起到支撑和调节定位的作用。本实用新型可拆、可移动，具有结构简单，操作方便，施工安全可靠，并可循环使用等优点，可广泛用于桥梁梁段施工中，具有良好的经济效益。
6. 202346575 无级可调式吊装用扁担梁装置
CN
25.07.2012
B66C 1/10 Loading...
B66C 1/10
Loading...
201120479629.0
海波重型工程科技股份有限公司
朱本芳
B66C 1/10
Loading...
本实用新型涉及一种无级可调式吊装用扁担梁装置，由主梁、固定吊耳、移动吊耳和支腿组成。主梁为一矩形等截面细长箱形结构，由主梁上翼缘板、主梁腹板、主梁下翼缘板和主梁横隔板组装焊接而成，主梁腹板上对称标有4条以上铅垂标识线及额定起吊重量标识值。固定吊耳设置在主梁两端，用以分别与两台起重机吊具连接。移动吊耳为一矩形框架结构，外套在主梁上，可沿主梁滑移，用以与被吊构件的吊具连接。支腿设计成A字型，主梁两端各装焊一个。本装置用于两台起重机抬吊一个超重构件，解决了两台吊机的吊钩距离与构件吊耳距离不匹配的难题，具有结构简单、施工方便、操作容易、起吊作业安全等优点。在大型钢结构制造中具有广泛的推广价值。
7. 102407397 提高正交异性钢桥面板焊接接头疲劳强度的施工方法
CN
11.04.2012
B23K 9/167 Loading...
B23K 9/167
Loading...
201110273427.5
海波重型工程科技股份有限公司
朱本芳
B23K 9/167
Loading...
本发明涉及一种提高正交异性钢桥面板焊接接头疲劳强度的施工方法，主要针对正交异性钢桥面板单元U形纵肋与桥面板的纵向连接角接焊缝的焊趾。施工要点是先将桥面板单元固定在水平位的施工胎架上，转动施工胎架，使桥面板单元与地面形成15°～25°的倾斜夹角，使U形纵肋一侧的焊缝处于亚船形位置，由焊接小车采用不加焊丝的全自动钨极氩弧焊将所有处于亚船形位置焊缝的焊趾重熔一次，再转动施工胎架使桥面板单元处在同样夹角的位置用相同工艺将另一侧焊趾重熔一次。施工中钨极氩弧焊焊枪装夹在焊接小车上，通过调节焊枪的装夹状态来保证焊枪与焊趾的合理角度和距离。在施工胎架上采用全自动施焊效率高且易于控制，重熔焊缝质量稳定可靠。
8. 102251483 Construction method for hoisting concrete-filled steel tube lattice bridge pier through self-lifting attached crane
CN
23.11.2011
E01D 21/00 Loading...
E01D 21/00
Loading...
201110132396.1
Haiod Heavy Engineering Technology Co., Ltd.
Zhu Benfang
E01D 21/00
Loading...
The invention relates to a construction method for hoisting a concrete-filled steel tube lattice bridge pier through a self-lifting attached crane. The method has the following key construction points: the first segment of the bridge pier is firstly hoisted by an automobile crane, then the self-lifting attached crane is arranged on the first segment, and all segments, from the second segment, can be hoisted by the self-lifting attached crane. The construction method comprises the following main operation flows: after the members of one segment group are all hoisted, lifting the crane to the height of one segment by utilizing a winch arranged on a cross beam, then hoisting members of next segment group, repeating such operations until the installation of the last segment is completed, then removing a middle linking member on the crane and remianing linking members at two ends, descending the crane to the ground step by step by utilizing the winch arranged on the cross beam, and finally detaching the crane by adopting the automobile crane. The invention provides a safe, simple and convenient construction method for hoisting the concrete-filled steel tube lattice bridge pier, which is especially applicable to bridge pier construction in mountain areas where large hoisting equipment can not enter.
9. 102179540 Sample mold drilling method for steel truss girder whole node rod
CN
14.09.2011
B23B 35/00 Loading...
B23B 35/00
Loading...
201110102081.2
Haiod Heavy Engineering Technology Co., Ltd.
Zhu Benfang
B23B 35/00
Loading...
The invention relates to a sample mold drilling method for a steel truss girder whole node rod. The drilling and construction key points are that: relative reference lines are made on a rod before drilling; then the rod is placed in a sample box; positioning holes of all holes of webs on two sides of the rod are drilled by using a magnetic drill; after the rod moves out of the sample box, the positioning holes and the reference lines are checked and unified to ensure the deviation is avoided, and then a drilling sample plate is clamped; before the drill is connected, whether the reference lines of the drilling sample plate and the corresponding reference lines of the rod are aligned or not is checked; and after the reference lines of the drilling sample plate and the corresponding reference lines of the rod are aligned, the drill is connected by using a radial drill. In the method, a special sample box can be manufactured and designed according to difference forms of the rod, so that the method is not limited by a processing range; and similar rods are drilled by using the same sample box to ensure the uniformity of the rods. The drilling sample plate is positioned by combing the two positioning systems of positioning an impact nail and aligning the reference lines, so that the accuracy of drill connection hole positions of the rod is guaranteed. A method for drilling by using a three-dimensional numerical control drilling machine can be replaced by the sample mold drilling method, so that the construction cost is greatly reduced.
10. 201970223 钢桥板单元角钢加劲肋安装用支撑工具
CN
14.09.2011
B25B 11/00 Loading...
B25B 11/00
Loading...
201120004364.9
海波重型工程科技股份有限公司
朱本芳
B25B 11/00
Loading...
一种钢桥板单元角钢加劲肋安装用支撑工具，具体为一种钢桥制造时采用的工具，应用于制造钢桥板单元时所需的角钢加劲肋的安装中，起支撑作用。由弯板和提手组成，弯板呈倒V字型，两侧板开有L形卡槽，弯板的顶端安装有槽形圆钢提手。本实用新型结构简单，容易制作，使用方便，实用性强，安全可靠，并能重复使用，使用时不需与板单元焊接，减少了常规方式中采用撑板连接必须进行的组装、焊接、切除和清磨等工序，从而提高了工作效率，节省了劳动力及制造成本。
11. 201972085 钢桥板单元板条加劲肋安装用支撑工具
CN
14.09.2011
E01D 21/00 Loading...
E01D 21/00
Loading...
201120004367.2
海波重型工程科技股份有限公司
朱本芳
E01D 21/00
Loading...
一种钢桥板单元板条加劲肋安装用支撑工具，具体为一种钢桥制造时采用的工具，应用于制造钢桥板单元时所需的板条加劲肋的安装中，起支撑作用。由弯板和提手组成，弯板呈倒V字型，两侧板开有直槽，弯板的顶端安装有槽形圆钢提手。本实用新型结构简单，容易制作，使用方便，实用性强，安全可靠，并能重复使用，使用时不需要与板单元焊接，减少了常规方式中采用撑板连接必须进行的组装、焊接、切除和清磨等工序，从而提高了工作效率，节省了劳动力及制造成本。
12. 201972086 钢桥板单元T型加劲肋安装用支撑工具
CN
14.09.2011
E01D 21/00 Loading...
E01D 21/00
Loading...
201120004383.1
海波重型工程科技股份有限公司
朱本芳
E01D 21/00
Loading...
一种钢桥板单元T型加劲肋安装用支撑工具，具体为一种钢桥制造时采用的工具，应用于制造钢桥板单元时所需的T形加劲肋的安装中，起支撑作用。由弯板和提手组成，弯板呈倒V字型，两侧板开有T形卡槽，弯板的顶端安装有槽形圆钢提手。本实用新型结构简单，容易制作，使用方便，实用性强，安全可靠，并能重复使用，使用时不需与板单元焊接，减少了常规方式中采用撑板连接必须进行的组装、焊接、切除和清磨等工序，从而提高了工作效率，节省了劳动力及制造成本。
13. 201972084 高架桥挑臂施工用可自锁悬空滑动式作业平台
CN
14.09.2011
E01D 21/00 Loading...
E01D 21/00
Loading...
201020683109.7
海波重型工程科技股份有限公司
朱本芳
E01D 21/00
Loading...
本实用新型涉及一种高架桥挑臂施工用可自锁悬空滑动式作业平台，包括双C型臂、作业平台、滚轮、蜗轮蜗杆装置和轨道，C型臂由C型构件和连接横梁构成，其中一根C型构件外侧设有爬梯，两根C型构件上肢分别装有两个滚轮；作业平台水平固定在两根C型构件下肢上表面，作为承载施工工具及施工人员的作业平台，作业平台周边设有安全围栏；两根轨道平行安装在高架桥挑臂的上面，与滚轮位置对应；蜗轮蜗杆装置的齿轮装在其一C型构件上肢的头部，蜗轮蜗杆装置的齿条安装在轨道上。本实用新型结构轻巧，安装方便，安全可靠，施工时不占用路面车道，通过蜗轮蜗杆装置控制驱动和自锁，作业平台可沿高架桥纵向移动能实现随动随停。
14. 201970033 螺旋扣拉钩式板单元焊接反变形胎架
CN
14.09.2011
B23K 37/00 Loading...
B23K 37/00
Loading...
201020683042.7
海波重型工程科技股份有限公司
朱本芳
B23K 37/00
Loading...
本实用新型涉及一种螺旋扣拉钩式板单元焊接反变形胎架，包括框架、升高机构和拉力机构，所述框架是胎架的主体，由型材或钢板焊接而成，上表面按工艺要求制作成曲面，两侧和底部设置有铰接耳板；所述升高机构一端固定在地面上，另一端与框架底部的耳板铰接；所述的拉力机构一端与框架两侧的耳板铰接作为固定端，另一端带钩头作为可伸缩的活动端，钩压在框架上面需要强制其产生反变形的板单元边缘。由于拉力机构设置在板单元下方，故可使板单元焊缝真正全部实现自动焊。本胎架结构简单，操作方便，使用安全可靠，主要应用于钢结构桥梁中的正交异性钢箱梁顶底板单元件的焊接。
15. 201962607 高架桥挑臂吊装用可移动式提升装置
CN
07.09.2011
E01D 21/00 Loading...
E01D 21/00
Loading...
201020683257.9
海波重型工程科技股份有限公司
朱本芳
E01D 21/00
Loading...
本实用新型涉及一种高架桥挑臂吊装用可移动式提升装置，包括支架、锚固装置、导轨、卷扬机、定滑轮、动滑轮组、吊钩和钢丝索。支架由两片主桁架及连接的横撑构成；支架通过锚固装置与导轨连接，并可沿导轨移动；导轨采用限位板焊接在钢桥面上；卷扬机安装在钢桥面上提供拉力；定滑轮安装在支架上以改变钢丝索方向，动滑轮组一端固定在支架上，另一端装有吊钩，并能在钢丝索上滑动；钢丝索穿绕在卷扬机、定动滑、动滑轮组中构成起吊系统，起吊系统分别设在支架的两片主桁架上。本装置结构简单、安装方便，起吊时锁定在导轨上，不吊装时可按需要沿导轨移动。本装置作业时所需空间较小，尤其适用于狭窄路段或地基不稳固地段施工。
16. 102041781 Enclosed lake beam type steel bridge installation method based on portal crane
CN
04.05.2011
E01D 21/00 Loading...
E01D 21/00
Loading...
201110007084.8
Haiod Heavy Engineering Technology Co., Ltd.
Zhu Benfang
E01D 21/00
Loading...
The invention provides an enclosed lake beam type steel bridge installation method based on a portal crane, and the method is specifically applied in construction of enclosed lake beam type steel bridges and belongs to the field of civil engineering. The method mainly comprises: the portal crane is installed at the shoreside of a bridgehead; after the portal crane is installed, the portal crane moves to a position in which a steel bridge segment is required to be lifted along a track system; and a trolley on the portal crane lifts the steel bridge segment on a trestle, transversely moves to a position at which the steel bridge segment is required to be installed, on a steel bridge assembly jig, and installs the steel bridge segment on the steel bridge assembly jig, thus finishing installation of the enclosed lake beam type steel bridge. By utilizing the method provided by the invention to complete the installation of the enclosed lake beam type steel bridge, a large-scale bridge section can be lifted up, the lifting is precise and stable; multipoint lifting can be carried out according to needs; the problem that the enclosed lake bridge construction is difficult is solved; and the bridge construction period is greatly shortened, thereby greatly lowering the construction cost.
17. 201432118 钢桁梁整体节点杆件制孔用样箱
CN
31.03.2010
B23B 35/00 Loading...
B23B 35/00
Loading...
200920086639.0
武汉市海波钢结构安装工程有限公司
朱本芳
B23B 35/00
Loading...
本实用新型涉及一种钢桁梁整体节点杆件制孔用样箱，包括有支撑架、样板、锁紧装置、对线装置、防撞装置和调节装置，支撑架外形为不规则槽形，两内侧各设一样板，样板由一块整体大样板上覆盖多块小样板构成，样板上有孔群的定位样孔，支撑架和样板上均设有锁紧装置和对线装置，防撞装置由防撞头和防撞支架组成，设在支撑架的外侧；调节装置设在槽形支撑架底部，由支墩、滑块和千斤顶组成，滑块在支墩上部，滑块上面垂直放置千斤顶，在支墩上部的侧面设有反力架，在反力架和滑块间水平放置有千斤顶。本样箱具有适用范围广，精度高，使用稳定可靠，制作成本低的优点，可应用于钢桁梁整体节点杆件的制孔，也适用建筑钢结构类似杆件的制孔。
18. 201432272 钢桁梁杆件制造用钢结构模块平台
CN
31.03.2010
B25B 27/00 Loading...
B25B 27/00
Loading...
200920086732.1
武汉市海波钢结构安装工程有限公司
朱本芳
B25B 27/00
Loading...
本实用新型涉及一种钢桁梁杆件制造用钢结构模块平台，包括有面板、T形纵梁、T形横梁、加劲肋和肘板，所有构件均采用可焊性及韧性较好的低合金结构钢板材，采用焊接连接。面板上钻有通孔，为杆件组装提供支撑反力架的连接点。T形纵梁的翼板两端头设置有锚栓孔，与地面基础预埋件可采用直接焊接或通过锚栓孔栓接。当需采用多个模块平台组合成一根钢桁梁杆件制造用的整体平台时，模块平台间保持一段合理的距离，相互间不连接。本模块平台结构简单，有较好的可焊性及韧性，强度高，刚性好，组合灵活，组装和拆卸方便，能重复使用，可广泛应用于钢桁梁杆件组装，也可应用于钢结构制造的拼板及板单元组装和矫正，还可作为钳工划线平台。
19. 201432273 钢箱梁分段制造用桁架式模块胎架
CN
31.03.2010
B25B 27/00 Loading...
B25B 27/00
Loading...
200920086733.6
武汉市海波钢结构安装工程有限公司
朱本芳
B25B 27/00
Loading...
本实用新型涉及一种钢箱梁分段制造用桁架式模块胎架，包括有桁架片、纵梁、斜撑杆和模板，还有模块胎架间组合用的连接件。桁架片、纵梁和斜撑杆均用槽钢制作，并用焊接形式连接。桁架片由上弦杆、下弦杆、立柱、竖杆和斜杆构成，上弦杆、下弦杆、竖杆和斜杆共面且槽口同向，立柱与上弦杆不共面且槽口反向。纵梁包括有上纵梁和下纵梁，连接件包括有拼接板、螺栓和冲钉。当需多个模块胎架组合成一个钢箱梁分段制造用的整体胎架时，模块胎架间采用连接件进行栓接，以便于组装和拆卸。本模块胎架结构简单，强度高，刚性好，组装和拆卸方便，组合灵活，且能重复使用，可广泛应用于钢箱梁分段组装，也可应用于钢结构制造的拼板及板单元组装和矫正。
20. 201385197 板单元焊接施加预变形用锁紧装置
CN
20.01.2010
B23K 37/053 Loading...
B23K 37/053
Loading...
200920084162.2
武汉市海波钢结构安装工程有限公司
朱本芳
B23K 37/053
Loading...
本实用新型涉及一种板单元焊接施加预变形用锁紧装置，由支架、横梁、螺栓或销钉、丝杆、螺母、支承压块及套杆组成，支架上下端各有2个连接孔，横梁上设有3～7个螺栓孔，支架下端与板单元焊接胎架采用螺栓或销钉连接，支架上端与横梁连接，通过调换支架固定在横梁螺栓孔孔位，可调节锁紧悬臂跨度；横梁一端焊有螺母，丝杆旋在螺母中，丝杆上端设有带十字孔的圆柱头，套杆穿在十字孔中，丝杆下端为球头结构与支承压块球形铰接连接。本锁紧装置结构简单，容易制作，悬臂跨度大且灵活可调，操作稳定，锁紧及拆卸安全方便，所用的胎架通用性好，可广泛在焊接各种宽度不规则或宽度不同的板单元时应用，也可用于各类构件定位及其锁紧固定。
21. 201292201 可拆框架式吊具
CN
19.08.2009
B66C 1/10 Loading...
B66C 1/10
Loading...
200820190753.3
武汉市海波钢结构安装工程有限公司
朱本芳
B66C 1/10
Loading...
本实用新型提供一种可拆框架式吊具，至少包括边框和销轴，条状边框首、尾两端均开有连接孔，四根边框首尾依次通过销轴连接成框架式吊具。其中相对的边框位于另两个相对边框的首尾两连接孔之间，相对两边框的任意一端均可通过接长单元与另两个边框连接增大其外型尺寸。所用的接长单元首、尾两端均开有连接孔。接长单元与边框之间通过销轴连接，销轴通过接长单元和边框上的连接孔固定接长单元和框架。本实用新型结构简单，使用方便，可实现360°翻转，能克服场地和行车等条件限制，满足不同的施工要求。

