1. 104464374 一种基于无线定位LED灯的智能停车系统及方法
CN
01.02.2017
G08G 1/14 Loading...
G08G 1/14
Loading...
102014000830598
深圳万润科技股份有限公司
李志江
G08G 1/14
Loading...
本发明公开一种基于无线定位LED灯的智能停车系统及方法，通过LED参考灯获取停车卡信号的RSSI值并发送给停车卡，停车卡计算得到停车卡的具体位置并发送给管理PC，管理PC根据已分配的停车线路控制相应的LED指向灯进行指向，引导车辆行驶至所分配的停车位，有效解决了现有停车场内寻找车位困难的问题。
2. WO/2016/101913 PHOTOSENSITIVE LED LAMP AND CONTROL METHOD THEREFOR
WO
30.06.2016
H05B 37/02 Loading...
H05B 37/02
Loading...
PCT/CN2015/098930
SHENZHEN MASON TECHNOLOGIES CO.,LTD
LI, Zhijiang
H05B 37/02
Loading...
Disclosed is a photosensitive LED Lamp, comprising a power source unit, an MCU unit, a photosensitive sensor, a power adjustment unit and an LED lamp, wherein the power source input ends of the MCU unit, the photosensitive sensor and the power adjustment unit are respectively electrically connected to the power source unit; and the output end of the photosensitive sensor and the control input end of the power adjustment unit are respectively electrically connected to the MCU unit, and the output end of the power adjustment unit is electrically connected to the LED lamp. The photosensitive LED lamp of the present invention has an adjustable output brightness, and is energy saving and environmentally friendly.
3. 104470152 LED locating lamp, intelligent lighting system based on LED locating lamps and control method
CN
25.03.2015
H05B 37/02 Loading...
H05B 37/02
Loading...
201410830588.3
深圳万润科技股份有限公司
李志江
H05B 37/02
Loading...
The invention discloses an LED locating lamp. The LED locating lamp is controlled to be turned on and off according to RSSI values of wireless signals transmitted by a wireless signal receiving and transmitting terminal. The invention further discloses an intelligent lighting system based on the LED locating lamps. The intelligent lighting system comprises a gateway, an upper computer, the wireless signal receiving and transmitting terminal and the three or more LED locating lamps. The LED locating lamps calculate the RSSI values of the received wireless signals and transmit the RSSI values and geographic positions to the wireless signal receiving and transmitting terminal. The wireless signal receiving and transmitting terminal calculates the position of the wireless signal receiving and transmitting terminal through the RSSI values and transmits the position to the upper computer. The upper computer calculates a motion track of the wireless signal receiving and transmitting terminal and controls the LED locating lamps on the track to be turned on according to the motion track. The invention further discloses a control method of the intelligent lighting system based on the LED locating lamps.
4. 204176451 一种LED隧道灯
CN
25.02.2015
F21S 8/00 Loading...
F21S 8/00
Loading...
201420583976.1
深圳万润科技股份有限公司
李志江
F21S 8/00
Loading...
本实用新型公开一种LED隧道灯，包括安装支架、驱动电源、光源模块安装架和两个以上LED光源模块；所述驱动电源与所述LED光源模块电连接；所述光源模块安装架通过螺栓连接于所述安装支架，所述安装支架设置有安装孔；所述光源模块安装架为长条形，光源模块安装架设置有轴向延伸的凹槽，所述LED光源模块设置有与所述凹槽相适配的弯钩，所述弯钩嵌设于所述凹槽内；所述LED光源模块的弯钩的侧壁上设置有固定通孔，所述光源模块安装架上设置有与所述固定通孔相适配的固定螺孔，所述LED光源模块通过蝶形螺栓固定于所述光源模块安装架上。
5. 204176375 一种LED灯
CN
25.02.2015
F21S 2/00 Loading...
F21S 2/00
Loading...
201420584012.9
深圳万润科技股份有限公司
李志江
F21S 2/00
Loading...
本实用新型提供一种LED灯，包括底座、灯罩和位于灯罩内的LED发光器件，所述底座上设有出光口，所述灯罩安装在底座上，所述灯罩内表面设有漫反射涂层，所述灯罩内表面自下而上依次为倾斜段、竖直段和曲面段，所述倾斜段紧贴底座，所述倾斜段朝向灯罩内表面倾斜设置，所述倾斜段上设有LED发光器件，所述LED发光器件朝向灯罩内表面，所述LED发光器件下端与出光口之间的倾斜段上向灯罩内延伸设置有挡板。本实用新型的有益效果在于，LED发光器件发出的光经过漫反射可实现出光均匀、光线变柔和，挡板可有效实现“见光而不见光源”，避免眩光。
6. 204176450 一种直下式发光面板灯
CN
25.02.2015
F21S 8/00 Loading...
F21S 8/00
Loading...
201420583843.4
深圳万润科技股份有限公司
李志江
F21S 8/00
Loading...
本实用新型提供一种直下式发光面板灯，包括灯壳和设置在灯壳内的光源模组，所述灯壳包括铝底板、扩散板、灯框和面框，所述光源模组包括LED光源和长条形的铝基板，所述LED光源外罩设有透镜模块，所述透镜模块包括基座和背光透镜，所述透镜模块通过卡扣结构安装在铝基板上，所述灯框的边为长条形铝合金结构件，所述铝合金结构件之间为可拆连接。本实用新型的有益效果在于，光线柔和，光斑得到很大程度的减弱；灯具运输成本减小；便于安装和维修；散热效果佳。
7. 204176556 一种LED隧道灯透镜及LED隧道灯
CN
25.02.2015
F21V 5/04 Loading...
F21V 5/04
Loading...
201420583946.0
深圳万润科技股份有限公司
李志江
F21V 5/04
Loading...
本实用新型公开一种LED隧道灯透镜，包括两个以上透镜单元，所述透镜单元矩阵式排列；所述透镜单元包括LED芯片容纳腔、底面、顶面和反射侧面；所述底面和顶面为矩形平面，所述底面和顶面的对应边平行，所述顶面为光源出射面；所述LED芯片容纳腔为设置于所述透镜单元底面的矩形内凹腔，所述矩形内凹腔正对着所述透镜单元底面的面为入射面，所述入射面为由两个并排的抛物面连接而成的曲面，所述两抛物面形状相同且朝向所述LED芯片凸出；所述反射侧面连接于所述顶面和底面，由四个向外凸出的自由曲面连接面成。本实用新型LED隧道灯透镜易于清洁，光的利用率高，出射光线方向性好。本实施新型还公开一种LED隧道灯。
8. 204176373 一种LED灯
CN
25.02.2015
F21S 2/00 Loading...
F21S 2/00
Loading...
201420583949.4
深圳万润科技股份有限公司
李志江
F21S 2/00
Loading...
本实用新型涉及照明领域，目的在于提供一种体积小巧散热效果好的LED灯，所述LED灯，包括一个以上的发光单元、连接件和电源，所述发光单元包括灯体、灯板和透镜，所述连接件为中空筒状体，所述连接件设有螺纹孔，连接件内壁于螺纹孔处设有加厚层，所述灯体为柱状体，所述灯体侧面设有小孔，所述灯体沿轴向设有与所述连接件形状相匹配的通孔，所述连接件安装在所述通孔中，螺丝穿过小孔后与螺纹孔螺纹连接，所述发光单元通过连接件与通孔的配合相互连接。本实用新型的有益效果在于：LED灯内设有通风孔，空气在通风孔内循环流通，起到散热的效果，因照明需求的不同还可改变发光单元数量，从而改变LED灯的亮度和功率，拆装方便，体积小巧。
9. 204176374 一种筒灯
CN
25.02.2015
F21S 2/00 Loading...
F21S 2/00
Loading...
201420583979.5
深圳万润科技股份有限公司
李志江
F21S 2/00
Loading...
本实用新型提供了一种筒灯，包括灯体和电源模组，所述灯体包括支架组件和光源模组，所述支架组件包括法兰、环形安装板、一对弹簧支架、一对安装于所述法兰侧壁的固定支架和一个活动支架。本实用新型的有益效果在于：将电源模组安装到光源模组和支架组件之间，一体化设计方便运输和安装；当电源模组或光源模组产生故障时，可独立维修或更换；支架高度可调，可用不同型号的驱动电源盒替换原有驱动电源盒。
10. 204176449 一种LED路灯模块
CN
25.02.2015
F21S 8/00 Loading...
F21S 8/00
Loading...
201420583825.6
深圳万润科技股份有限公司
李志江
F21S 8/00
Loading...
本实用新型提供了一种LED路灯模块，包括盖板、散热器、LED光源模组、透镜模组，所述散热器包括散热器基板，所述散热器基板上等间距的设有与散热器基板垂直、上薄下厚且横截面为三角形的主散热片和次散热片，所述主散热片较次散热片高，所述主散热片与次散热片交错排列，所述盖板外表面开设有与主散热片和次散热片平行的百叶孔，所述百叶孔的叶片方向关于盖板长对边的中线轴对称，所述散热器上设有防水接头，所述LED光源模组与透镜模组配合，本实用新型的有益效果在于实现防水、防尘、配光、散热效果更佳。
11. 204176497 一种模块化LED路灯
CN
25.02.2015
F21S 8/08 Loading...
F21S 8/08
Loading...
201420583822.2
深圳万润科技股份有限公司
李志江
F21S 8/08
Loading...
本实用新型提供一种模块化LED路灯，包括灯框、光源模组和控制模块，所述灯框包括支架，所述控制模块包括控制装置和浪涌装置，所述光源模组和所述控制模块通过连接件安装于灯框内，所述光源模组包括散热器和两个以上相互独立的LED模块，所述散热器上设有穿线孔，所述穿线孔上安装有一防水接头，所述防水接头通过橡胶塞固定在穿线孔内，所述控制装置的连接导线通过所述防水接头与所述LED模块连接，所述支架之间通过位于灯框角落内侧的“L”型连接件连接，外形美观，防水效果好，拆装方便，并且维护时仅需更换或者维修有故障的模组或模块。
12. 204176448 一种LED隧道灯
CN
25.02.2015
F21S 8/00 Loading...
F21S 8/00
Loading...
201420583760.5
深圳万润科技股份有限公司
李志江
F21S 8/00
Loading...
本实用新型公开一种LED隧道灯，包括安装支架、驱动电源、光源模块安装架和LED光源模块；所述光源模块安装架通过螺栓连接于所述安装支架；所述LED光源模块通过螺栓固定于所述光源模块安装架上；所述LED光源模块包括电路板、透明灯罩、灯罩固定框、电路板固定基座和雨刮器，所述电路板上设置有两个以上LED芯片，所述电路板固定基座设置有凹陷部，所述电路板设置于所述凹陷部内，所述透明灯罩与所述凹陷部相适配，所述灯罩固定框通过螺栓将透明灯罩固定于所述凹陷部上方；所述雨刮器的刮条贴合于所述透明灯罩的外表面，用于清除透明灯罩外表面的灰尘。本实用新型LED隧道灯设置有雨刮器，易于清洁表面灰尘。
13. WO/2013/063898 MODULAR LED STREET LAMP
WO
10.05.2013
F21S 8/00 Loading...
F21S 8/00
Loading...
PCT/CN2012/073650
SHENZHEN MASON TECHNOLOGIES CO., LTD
LI, Zhijiang
F21S 8/00
Loading...
A modular LED street lamp, including a lamp holder module and a lamp module. The lamp holder includes a power source box (6), a connector (5) and an end cover (4). Two ends of the connector (5) fix the power source box (6) and the end cover (4) respectively. The lamp module includes a heat sink (3), an LED module (2) and a lens (1) fixed with respect to each other. The LED module (2) is provided between the heat sink (3) and the lens (1). The lamp module is fixed on the connector (5). The fixed mounts on the right and left sides are cancelled, there is a connector between the power source box and the end cover, the lamp module is fixed on the connector, so materials can be saved to a great extent, and the air convection heat dissipation on either side of the lamp is accelerated, improving the heat dissipation efficiency and production efficiency of the lamp, with the advantages of compact structure, light weight and low costs.
14. 202373624 LED封装结构
CN
08.08.2012
H01L 33/48 Loading...
H01L 33/48
Loading...
201120435943.9
深圳万润科技股份有限公司
李志江
H01L 33/48
Loading...
本实用新型提供一种LED封装结构，包括支架、发光芯片、固晶胶、胶体层和导线，所述支架上设有凹槽，所述发光芯片通过固晶胶固定在凹槽中，所述凹槽为大端朝外的棱台形，发光芯片通过导线与外界电连接，所述胶体层覆盖所述发光芯片，将凹槽改为棱台形凹槽，并降低了凹槽的深度，降低到0.4mm左右，使光源更容易折射出来，一定程度上增强了透光率，并增大了支架上的散热面积，降低了热阻，进而提高发光效率，提升亮度。
15. 202303063 模块化LED路灯
CN
04.07.2012
F21S 8/00 Loading...
F21S 8/00
Loading...
201120434109.8
深圳万润科技股份有限公司
李志江
F21S 8/00
Loading...
本实用新型提供一种模块化LED路灯，包括灯架和灯具模块，所述灯架包括电源盒、连接件和端盖，连接件的两端分别固定电源盒与端盖，所述灯具模块包括相互固定的散热器、LED模组和透镜，所述LED模组设置在散热器与透镜之间，所述灯具模块固定在所述连接件上，本实用新型取消了左右两侧的固定架，依靠在电源盒与端盖之间设置有连接件，之后灯具模块固定在连接件上，可以极大程度的节省材料，同时，加快了灯具两侧的空气对流散热，提高灯具的散热效率及提高生产效率、结构紧凑、重量轻、成本低。
16. 201902936 模块式LED路灯
CN
20.07.2011
F21S 8/00 Loading...
F21S 8/00
Loading...
201020648123.3
深圳万润科技股份有限公司
李志江
F21S 8/00
Loading...
本实用新型公开了一种模块式LED路灯，包括电源盒、两相对设置的支撑架、一端盖和多个排列设置的模块，两相对设置的支撑架的一端分别固定在电源盒的两侧壁上，支撑架的内侧均设置有卡固槽，模块的两侧边缘均向外凸设有与卡固槽相适配的卡紧部，多个模块通过卡紧部分别沿卡固槽插入固定在两支撑架之间，端盖套接在模块远离电源盒的一端上。本实用新型模块式LED路灯通过设置与电源盒两侧连接的支撑架，并在支撑架的内侧设置卡固槽，在模块的两侧边缘凸设卡紧部，组装时只需要将多个模块通过卡紧部分别沿卡固槽插入就能固定在两支撑架之间，组装简单方便，而且相邻两模组的外侧通过支撑架支撑固定，从而可以提高整个LED路灯的结构牢固性。
17. 201780996 LED的封装结构
CN
30.03.2011
H01L 33/62 Loading...
H01L 33/62
Loading...
201020272530.9
深圳万润科技股份有限公司
李志江
H01L 33/62
Loading...
本实用新型公开一种LED的封装结构，包括LED芯片、第一导线、固晶胶和支架，支架具有第一端和第二端，LED芯片的表面电极通过第一导线与支架的第一端电连接，LED芯片的底部电极通过固晶胶与支架的第二端电连接，还包括第二导线，所述LED芯片的底部电极通过第二导线与支架的第二端电连接。有益效果是：本实用新型通过设置第二导线连接LED的底部电极和支架的第二端，能够使得LED在经过回焊高温组装时，即使发生固晶胶与支架剥离，LED也能够正常工作，不至于形成断路。
18. 201749875 一种贴片式发光二极管
CN
16.02.2011
H01L 33/60 Loading...
H01L 33/60
Loading...
201020264583.6
深圳万润科技股份有限公司
李志江
H01L 33/60
Loading...
本实用新型涉及一种发光元件，具体涉及一种贴片式发光二极管，包括基板、发光芯片、金线和封装胶体，所述基板上表面电镀有PCB线路层，发光芯片设置在PCB线路层上，所述发光芯片下方的PCB线路层为镀银层。由于在贴片式发光二极管的发光芯片下方的PCB线路层为镀银层，镀银层的颜色为银白色，对光的反射率非常高，所以发光芯片发出来的光能够最大程度地被反射出来，从而提高贴片式发光二极管整体上的出光效率，并提高贴片式发光二极管的亮度。
19. 101949500 High-power LED lamp and manufacturing method thereof
CN
19.01.2011
F21S 2/00 Loading...
F21S 2/00
Loading...
201010293542.4
Shenzhen Mason Technologies Co., Ltd.
Li Zhijiang
F21S 2/00
Loading...
The invention discloses a high-power LED lamp and a manufacturing method thereof. The high-power LED lamp comprises an LED chip and a transparent packaging body covering the light emitting surface of the LED chip, wherein the curve of the outer surface of the transparent packaging body is defined by the formula (disclosed in the specification). The invention can change the inherent light spot distribution of the LED and ensures that the light spot distribution of the LED roughly forms a rectangle. The material packaged with the appearance can reduce the dependence on the application of secondary lens optics when the high-power LED is used as an application product, and moreover, the volume of the LED material is greatly reduced under the same effect, which is more beneficial to the use of the high-power LED in the aspect of the application products.
20. 201689917 大功率LED支架及LED灯
CN
29.12.2010
H01L 33/48 Loading...
H01L 33/48
Loading...
201020297239.7
深圳万润科技股份有限公司
李志江
H01L 33/48
Loading...
本实用新型公开了一种LED灯，包括一大功率LED支架，所述大功率LED支架包括基座、底座以及正、负支架角电极，底座上具有一铜柱，铜柱的上端面上凹陷形成有一容置LED芯片的碗杯，基座上具有上、下贯穿基座的轴孔，铜柱贯穿于轴孔中，正、负支架角电极对称地设置在基座上。本实用新型大功率LED支架通过在铜柱的上端面上凹陷形成有一容置LED芯片的碗杯，由于碗杯内凹面呈一定角度倾斜，如此LED芯片位于碗杯中时，LED芯片四周发出的光会通过碗杯的倾斜面反射出去，如此可以增加LED芯片发光的出光光通量，而且本实用新型碗杯采用金属铜做成，散热效果好，能提高LED芯片使用寿命，可用于大功率的LED芯片。
21. 101915391 Polarization LED light distribution lens and LED street lamp
CN
15.12.2010
F21V 5/04 Loading...
F21V 5/04
Loading...
201010249170.5
Shenzhen Mason Technologies Co., Ltd.
Li Zhijiang
F21V 5/04
Loading...
The invention belongs to the field of LED lighting, and in particular relates to a polarization LED light distribution lens and an LED street lamp. The lens comprises a body, wherein the body is surrounded by a base plane, a light incidence plane and a light emergency plane; the base plane is the bottom plane of the lens; the light incidence plane is arranged on the base plane and is a structure sunken into the base plane; the light emergency plane is a curved surface and defines a light intensity distribution graph in an ideal situation after light rays emitted from an LED pass through the light distribution lens; and XY discrete point coordinate values of the profile curve of the light emergency plane are defined by the light intensity distribution graph, equations and initial conditions by a mathematical integral iteration method. In the street lamp adopting the LED light distribution lens of the invention, left and right energy of light spots which fall onto the ground are distributed asymmetrically and are polarized in the direction of a vehicle road, so that the vehicle road is brighter while a sidewalk is darker, which better meets a road lighting standard and an actual service condition; therefore, the street lamp is more reasonable.
22. 201547596 一种LED路灯
CN
11.08.2010
F21S 8/00 Loading...
F21S 8/00
Loading...
200920205953.6
深圳万润科技股份有限公司
李志江
F21S 8/00
Loading...
本实用新型公开了一种LED路灯，包括基板以及置于基板上的一上盖，所述基板的侧缘上固定有一卡固体，卡固体上开设有导槽，上盖的侧壁上设置有与所述导槽相适配的导轨。本实用新型LED路灯的上盖通过导轨固定在所述与基板相固定的卡固体的导槽上，更换电源时，只需要将所述上盖沿导轨滑动推开，如此更换电源比较方便，并且更换完电源后只需将上盖滑动到合适的位置，操作简单方便，节约时间。本实用新型LED路灯通过第一上盖、第二上盖以及上盖分别盖合在断盖和基板上，从而能对基板上的电源和电线起到保护作用，第一上盖上设置有卡固件，上盖上设置有连接件，当上盖滑动到合适的位置时，通过卡固件和连接件从而可将第一上盖和上盖连接固定。
23. 201502988 一种LED线型灯具
CN
09.06.2010
F21V 23/06 Loading...
F21V 23/06
Loading...
200920133455.5
深圳万润科技股份有限公司
李志江
F21V 23/06
Loading...
本实用新型公开了一种LED线型灯具，包括灯体、多个LED和固定所述LED的基板，所述灯体包括线型支架和灯罩，所述基板固定在所述线型支架上，包括第一连接头、第二连接头、第一连接端子和第二连接端子，所述第一连接头和第二连接头为中空的公母插接结构，且分别卡固在所述灯体的两端，所述第一连接端子和第二连接端子为公母电插接结构，分别固定在所述基板的两端，并分别插入到所述第一连接头和第二连接头内。本实用新型安装方便、快捷，在实际使用过程中，当串接LED线型灯具或修理损坏的LED线型灯具时，只要将损坏的LED线型灯具取下安装新的LED线型灯具即可使LED灯具正常工作，其在方便维护的同时又可节省费用、资源。
24. 201440410 一种红外线接收头
CN
21.04.2010
H01L 23/13 Loading...
H01L 23/13
Loading...
200920131375.6
深圳万润科技股份有限公司
张强
H01L 23/13
Loading...
本实用新型公开一种红外线接收头，包括一金属支架，该金属支架具有一基板以及与该金属支架相组合的一屏蔽壳，基板的侧缘上具有卡位，屏蔽壳具有一屏蔽盖，该屏蔽盖的侧缘上凸伸有定位挂钩，该定位挂钩卡持在所述基板的卡位上，所述基板和屏蔽壳与一封装体结合，封装体在所述屏蔽壳上的竖直方向上的截面形状为半圆球形或鼻梁形。本实用新型的金属支架与屏蔽壳组合为一内屏蔽组合支架，在屏蔽壳的左右两侧设有定位挂钩与金属支架相卡持，从而所述内屏蔽组合支架形成有一屏蔽立体空间，将感光元件及控制芯片完全屏蔽到内部立体空间中，从而屏蔽效果好，使得红外线接收头具有抗光干扰和抗电磁干扰的作用，且组合简单、容易、便于拆卸。
25. 201425940 一种组合支架
CN
17.03.2010
H01L 23/495 Loading...
H01L 23/495
Loading...
200920131376.0
深圳万润科技股份有限公司
张强
H01L 23/495
Loading...
本实用新型公开一种组合支架，包括一金属支架，所述金属支架具有一基板，还具有一与所述金属支架相组合的一屏蔽壳，所述基板的侧缘上设有卡位，所述屏蔽壳具有一屏蔽盖，所述屏蔽盖的侧缘上凸伸有定位挂钩，所述定位挂钩卡持在所述基板的卡位上。本实用新型由屏蔽壳的左右两侧的定位挂钩与金属支架的卡位相卡持，结合牢固，且组合简单容易也便于拆卸，且在所述金属支架上组合一所述屏蔽壳，屏蔽效果好，从而能够起到抗光干扰和抗电磁干扰的作用。
26. 201396614 LED日光灯
CN
03.02.2010
F21S 2/00 Loading...
F21S 2/00
Loading...
200920130633.9
深圳万润科技股份有限公司
李志江
F21S 2/00
Loading...
本实用新型公开了一种LED日光灯，包括本体、灯罩、多个LED和固定所述LED的基板，所述本体的一侧具有散热体，另一侧具有安置所述基板的凹槽，所述散热体和本体一体成型，所述本体凹槽两相对的上槽缘分别具有膨胀部，所述灯罩上具有分别与所述两上槽缘膨胀部相卡合的二卡槽。由于所述散热体和本体为一体成型，在生产过程中，可简化生产工艺、降低生产成本、改善LED日光灯的整体结构；所述截面形状为“D”形的散热体的弧面邻近所述直边的位置设置有多个散热片，所述散热片与所述散热体直边的夹角小于90度，散热体两侧的散热片可以利用空气对流向两侧较大空间散热，在提高散热效果的同时可有效保障LED的使用寿命。
27. 101576208 LED (Light Emitting Diode) fluorescent lamp
CN
11.11.2009
F21S 2/00 Loading...
F21S 2/00
Loading...
200910107827.1
Shenzhen Mason Technology Co., Ltd.
Li Zhijiang
F21S 2/00
Loading...
The invention discloses an LED fluorescent lamp which comprises a body, a heat-conducting pad, an insulating pad, a lampshade, a plurality of LEDs and a substrate used for fixing the LEDs. One side of the body is provided with a radiator while the opposite side is provided with a first groove, two opposite upper groove rims of the first groove of the body are respectively provided with expansion parts, an opening edge of the lampshade is provided with clamping parts respectively clamped with the expansion parts of the two rims, the insulating pad is placed in the first groove of the body, the insulating pad is provided with a second groove, and the heat-conducting pad and the substrate are orderly fixed in the second groove of the insulating pad. Heat energy emitted from the LEDs is rapidly conducted to the body by orderly arranging the heat-conducting pad and the insulating pad under the substrate, thus greatly improving the radiation effect.
28. 101576209 LED (Light Emitting Diode) fluorescent lamp
CN
11.11.2009
F21S 2/00 Loading...
F21S 2/00
Loading...
200910107829.0
Shenzhen Mason Technology Co., Ltd.
Li Zhijiang
F21S 2/00
Loading...
The invention discloses an LED fluorescent lamp which comprises a lamp body and a drive power supply arranged on the lamp body to drive an LED. The lamp body comprises plugs for accommodating and fixing the drive power supply, the lamp body is a cavity consisting of a substrate and a lampshade, the plugs are sheathed at the two ends of the lamp body and provided with an electrode connected with the drive power supply and an external power supply, the lamp body is provided with an electric connection part and a power supply output part, the electric connection part is electrically connected with the LED, and the power supply output part is electrically connected with the drive power supply and pluggably connected with the electric connection part. As the electric connection part can be plugged with the power supply output part, only a new drive power supply provided with the power supply output part matched with the electric connection part needs to be exchanged when the old drive power supply of the LED fluorescent lamp comes to the end or is damaged, therefore, the LED fluorescent lamp can work normally and another new LED fluorescent lamp needs not to be bought. In addition, an extension part of the plug is a cavity structure with an opening end, thereby being convenient for the placement of the drive power supply and the maintenance, and saving expenses and resources at the same time.
29. 201326974 LED筒灯
CN
14.10.2009
F21V 7/22 Loading...
F21V 7/22
Loading...
200820234930.3
深圳万润科技股份有限公司
李志江
F21V 7/22
Loading...
本实用新型公开了一种LED筒灯，其包括灯架、LED灯源、灯杯，灯杯为设有开口的罩体，其中，所述灯杯内壁覆设有玻璃砂层，优选地，所述玻璃砂层内壁再覆设有荧光粉层。所述玻璃砂层可有效提高光线的漫射率，所述荧光粉层可使从玻璃砂层反射出的光线更加柔和，因此本实用新型具有较均匀较柔和的照射效果。
30. 201326934 一体式面板灯
CN
14.10.2009
F21S 2/00 Loading...
F21S 2/00
Loading...
200820234934.1
深圳万润科技股份有限公司
李志江
F21S 2/00
Loading...
本实用新型涉及照明技术领域，公开一种一体式面板灯，该一体式面板灯包括：支架、固定在所述支架两端的固定侧板、固定有LED的基板和透光板，所述基板与支架固定，其中，所述透光板设有扩散膜，所述支架为槽状，在该槽状支架两边缘部位分别设有固定槽，所述支架通过该固定槽固定透光板。本实用新型将设有扩散膜的透光板固定在支架上，当所述面板灯工作发光时，LED光经过扩散膜的扩散作用，使LED光均匀的从透光板上传播出去，从而达到所述面板灯出光均匀；同时由于支架设有固定槽，所述透光板通过该固定槽与支架固定，因此结构简单，方便装配。
31. 201326955 LED壁灯
CN
14.10.2009
F21S 8/00 Loading...
F21S 8/00
Loading...
200820234932.2
深圳万润科技股份有限公司
李志江
F21S 8/00
Loading...
本实用新型公开了一种LED壁灯，其包括本体、散热体、LED光源和底座，所述本体为侧壁不封闭的管状结构，所述本体在该侧壁不封闭的位置上向外延伸成呈两端相通的柱状的所述散热体，所述LED光源固定于所述本体的腔内，所述本体固定于所述底座。本实用新型具有散热效果较好，LED使用寿命较长的优点。
32. 201326997 一种LED日光灯
CN
14.10.2009
F21V 23/00 Loading...
F21V 23/00
Loading...
200820234931.8
深圳万润科技股份有限公司
李志江
F21V 23/00
Loading...
本实用新型涉及照明技术领域，公开一种日光灯包括，灯体和设置于所述灯体上驱动所述LED的驱动电源，其中，所述灯体设有与所述LED电连接的电连接部，所述驱动电源设有与该电连接部相互可插拔的供电输出部。本实用新型LED日光灯，所述灯体设有与所述LED电连接的电连接部，在所述驱动电源上设有与电连接部相互可插拔的供电输出部。由于电连接部和供电输出部相互可插拔，因此在更换所述驱动电源时，只要更换设有与电连接部匹配的供电输出部的驱动电源，可以很容易更换驱动电源，从而方便用户维护。
33. 201326933 一种发光面板灯
CN
14.10.2009
F21S 2/00 Loading...
F21S 2/00
Loading...
200820234933.7
深圳万润科技股份有限公司
李志江
F21S 2/00
Loading...
本实用新型涉及照明技术领域，公开一种发光面板灯，该发光面板灯，包括：本体、光源和扩散板，其中，所述本体设有一槽，在该槽的两侧壁分别设有斜面，在该斜面上固定有光源，在所述槽的底部设有反光层，所述扩散板固定在该槽的开口处。通过将光源设在本体内侧的斜面上，当光源工作发光时，光通过设在本体上的反光层进行反射，再通过扩散板传播出来，由于光经过反光层的反射和扩散板的作用，可以使发光面板灯出光更均匀柔和。
34. 201326960 发光二极管路灯
CN
14.10.2009
F21S 8/08 Loading...
F21S 8/08
Loading...
200820234929.0
深圳万润科技股份有限公司
李志江
F21S 8/08
Loading...
本实用新型公开了一种发光二极管路灯，包括灯体、连接接头及灯臂，所述连接接头分别与所述灯体及灯臂固定连接，其特征在于：所述连接接头包括两个并列的支架，每一所述支架的一端接所述灯臂，另一端接所述灯体。本实用新型的发光二极管路灯具有较为轻便且利于通过空气对流进行散热的优点。
35. 201326954 壁灯
CN
14.10.2009
F21S 8/00 Loading...
F21S 8/00
Loading...
200820234926.7
深圳万润科技股份有限公司
李志江
F21S 8/00
Loading...
本实用新型公开了一种用于室内照明或装饰的壁灯，其包括底座、本体、光源和卡环，所述底座的一端设有外壁带有环形槽的突出结构；所述本体的一端设有与所述突出结构配合的凹槽结构，所述凹槽结构内壁设有环形槽；所述光源固定于所述本体；所述卡环的内环部分卡设于所述突出结构的环形槽，外环部分卡设于所述凹槽结构的环形槽。本实用新型具有可根据需要调整照射方向，使用方便的优点。
36. 201326988 可调角度的LED灯具支架
CN
14.10.2009
F21V 19/02 Loading...
F21V 19/02
Loading...
200820234925.2
深圳万润科技股份有限公司
李志江
F21V 19/02
Loading...
本实用新型公开了一种可调角度的LED灯具支架，包括架体、支架体和固定座，所述支架体和架体之间紧固连接，所述支架体上设有限位槽孔，该支架体与固定座连接，并通过所述支架体上的限位槽孔相对于固定座旋转定位，所述限位槽孔呈弧状。所述支架体和固定座通过限位槽孔的配合，使得LED灯具的悬挂角度可根据实际的照明需要而调节，角度定位良好，极具实用性和方便性。
37. 201326932 LED灯
CN
14.10.2009
F21S 2/00 Loading...
F21S 2/00
Loading...
200820234924.8
深圳万润科技股份有限公司
李志江
F21S 2/00
Loading...
本实用新型实施例公开了一种LED灯，包括基板和设在该基板上的LED，其中，还包括一散热体和支架一体成型的散热支架，所述散热支架是两对端开口的腔体结构，所述散热支架一侧面承载所述基板；进一步包括至少一电连接线及一电连接件，所述电连接线的两端分别设有与所述电连接件接插的电连接头，所述电连接件设于所述基板的一端，并电连接至所述LED；所述散热支架承载所述基板的表面具有多条散热槽。与所述散热支架上设有基板的一侧面相邻的两侧面具有二相对的卡槽。所述散热支架为一体成型，且所述散热支架承载所述基板的表面具有多条散热槽，利于将LED灯在工作过程中产生的热量及时地散发出去，且一体成型的散热支架具有减少工艺、降低成本、结构紧凑的优点。
38. 201326958 LED天花灯
CN
14.10.2009
F21S 8/04 Loading...
F21S 8/04
Loading...
200820234928.6
深圳万润科技股份有限公司
李志江
F21S 8/04
Loading...
本实用新型公开了一种LED天花灯，其包括实心结构的散热体和设置于所述散热体一端的LED灯头，其中，还包括具有第一布线通道的束线扣，所述散热体另一端具有用于容纳所述束线扣的凹槽，所述第一布线通道的第一端通往外面，第二端通往所述散热体与束线扣的结合部，所述散热体开有第二布线通道，所述第二布线通道的第一端通往LED灯头，第二端和所述第一布线通道的第二端连通。本实用新型可实现散热体为实心结构时的安全又紧凑的布线。
39. 201326994 壁灯
CN
14.10.2009
F21V 21/30 Loading...
F21V 21/30
Loading...
200820234927.1
深圳万润科技股份有限公司
李志江
F21V 21/30
Loading...
本实用新型公开了一种壁灯，其包括光源、灯体、支架和底座，所述光源固定于所述灯体，所述支架包括固定支架和可调节支架，所述可调节支架装配于所述固定支架，且所述可调节支架可相对所述固定支架转动，所述固定支架固定于所述底座，所述可调节支架固定于所述灯体。本实用新型可通过旋转可调节支架，实现对照射方向的调节，具有使用方便的优点。
40. 101545599 Street lamp and monitoring device
CN
30.09.2009
F21S 8/00 Loading...
F21S 8/00
Loading...
200910107116.4
Shenzhen Mason Technology Co., Ltd.
Yang Xiao
F21S 8/00
Loading...
The invention discloses a street lamp and a monitoring device. The street lamp comprises a luminous body and the monitoring device arranged on the street lamp, wherein the monitoring device comprises a lens, a coding unit, a processing unit and a network service unit; the lens is arranged close to the luminous body; the coding unit is connected with a camera and used for compressing and coding signals input by the lens; the processing unit is connected with the coding unit; and the network service unit is connected with the processing unit, inputs the compression coding signals of the coding unit through the processing unit and sends the compression coding signals through a network interface. The street lamp can record public security conditions on a street at the same time of providing light at night and has low cost.
41. 201310790 一种LED路灯装置
CN
16.09.2009
F21S 8/00 Loading...
F21S 8/00
Loading...
200820212475.7
深圳万润科技股份有限公司
李志江
F21S 8/00
Loading...
本实用新型公开一种LED路灯装置，包括灯体、发光体和灯罩，所述发光体设在所述灯罩内，所述LED路灯装置还包括基板、反光杯和装饰片，其中，所述基板与灯体固定，所述反光杯和发光体分别与基板固定，且发光体设在反光杯内；所述装饰片与固定基板的固定，该装饰片的大小与发光体匹配，在所述装饰片上设有与所述发光体数量对应的装饰孔，该装饰孔与反光杯匹配。通过包括多个发光体可以将路灯点光源变为面光源，同时还通过反光杯将每个发光体产生光汇聚到相同的方向，提高路灯的照度；同时装饰片可以更好固定反光杯，还可以对反光杯之间的间隙进行装饰，使用路灯更美观。
42. 201306632 LED灯及其散热器
CN
09.09.2009
F21S 2/00 Loading...
F21S 2/00
Loading...
200820212473.8
深圳万润科技股份有限公司
李志江
F21S 2/00
Loading...
本实用新型公开一种LED灯及其散热器，所述LED灯包括LED、为所述LED散热的散热器、以及笼罩所述LED的球形泡壳，所述散热器包括基座和多个鳍片，所述散热器的基座是中心轴方向中空的柱状体，所述鳍片从所述柱状基座的四周外壁径向延伸而出。所述散热器包括基座和多个鳍片，所述散热器的基座是中心轴方向中空的柱状体，所述鳍片从所述柱状基座的四周外壁径向延伸而出。本实用新型可有效保证LED灯的发光品质和寿命。
43. 201306630 照明装置及其散热器
CN
09.09.2009
F21S 2/00 Loading...
F21S 2/00
Loading...
200820212469.1
深圳万润科技股份有限公司
李志江
F21S 2/00
Loading...
本实用新型公开一种照明装置及其散热器，所述照明装置包括散热器和发光二极管，所述散热器包括基座和多个鳍片，所述散热器的基座包括凹槽，或所述基座在中心轴方向中空，所述LED设置在所述凹槽底部或中空基座内，所述鳍片从所述基座的四周外壁延伸而出。本实用新型可有效保证照明装置的发光品质和寿命。
44. 201306631 灯泡及其散热器
CN
09.09.2009
F21S 2/00 Loading...
F21S 2/00
Loading...
200820212472.3
深圳万润科技股份有限公司
李志江
F21S 2/00
Loading...
本实用新型公开一种灯泡及其散热器，所述灯泡包括LED、为所述LED散热的散热器、以及笼罩所述LED的球形泡壳，所述散热器包括基座和多个鳍片，所述散热器的基座是柱状体，所述鳍片从所述柱状基座的四周外壁延伸而出，形成所述基座中心轴所在的截面为喇叭形的结构。所述散热器包括基座和多个鳍片，所述散热器的基座是柱状体，所述鳍片从所述柱状基座的四周外壁延伸而出，形成所述基座中心轴所在的截面为喇叭形的结构。本实用新型可有效保证灯泡的发光品质和寿命。
45. 201294664 一种高效LED灯具驱动电路
CN
19.08.2009
H05B 37/02 Loading...
H05B 37/02
Loading...
200820212471.9
深圳万润科技股份有限公司
李志江
H05B 37/02
Loading...
本实用新型适用于道路照明技术，公开一种高效LED灯具驱动电路，该驱动电路包括：转换单元，通过零电压软开关电路将交流电转换成所述高效LED灯具驱动电路需要的直流电；控制单元，与所述转换单元连接，用于产生控制所述高效LED灯具驱动电路工作的控制信号；恒流单元，与所述控制单元和转换单元连接，根据控制信号进行工作，输出电流。通过转换单元，可以产生与高效LED灯具驱动电路所需的电压匹配的电压，同时转换单元中的零电压软开关电路可以减少电能损耗，从而可以提高LED灯具驱动电路的电效率，实现节约电能，同时可以提高LED灯具驱动电路的稳定性。
46. 201293213 一种大功率LED灯
CN
19.08.2009
F21S 2/00 Loading...
F21S 2/00
Loading...
200820094872.9
深圳万润科技股份有限公司
李志江
F21S 2/00
Loading...
一种大功率LED灯，解决改善现有技术的大功率LED灯散热问题，采用的技术方案是，该灯包括：玻璃灯壳，LED发光体，LED驱动芯片，绝缘连接体及灯座，LED发光体设置在玻璃灯壳内，LED发光体、LED驱动芯片和灯座电连接，所述的LED发光体经导热体设置在金属散热体上，金属散热体内腔经绝缘连接体与灯座连接，LED驱动芯片的输入端与灯座连接，LED驱动芯片设置在金属散热体和缘连接体内，LED驱动芯片的输出端与LED发光体连接，玻璃灯壳连接环与金属散热体连接。本实用新型的优点是，结构简单，LED驱动芯片不受LED灯产生的热量影响，保证LED发光体和LED驱动芯片的环境工作温度，大大延长了LED灯使用寿命。
47. 201285016 灯具及其散热器
CN
05.08.2009
F21V 29/00 Loading...
F21V 29/00
Loading...
200820212142.4
深圳万润科技股份有限公司
李志江
F21V 29/00
Loading...
本实用新型公开一种灯具及其散热器，所述灯具包括散热器和固定在所述散热器上的发光二极管，所述散热器包括基座和从基座延伸出的多个鳍片，所述鳍片平行于所述基座的中心轴，并且从所述基座的四周延伸而出。所述散热器包括柱状基座和从基座延伸出的鳍片，所述鳍片平行于所述基座的中心轴，并且全部从所述柱状基座的四周朝基座同一侧延伸而出。所述同一侧是指以基座中心为原点、基座中心轴的两侧中的一侧。本实用新型可有效保证LED灯具的发光品质和寿命。
48. 201281259 一种柔性发光二极管灯带
CN
29.07.2009
F21S 4/00 Loading...
F21S 4/00
Loading...
200820213059.9
深圳万润科技股份有限公司
李志江
F21S 4/00
Loading...
一种柔性发光二极管灯带，解决灯带尾段发光二极管的电流下降很大导致亮度下降的技术问题，采用的技术方案是，一种柔性发光二极管灯带，由并联在电源两端的一组柔性灯串构成，该灯串通过电连接并联于电源正端和电源负端，灯串由一组发光二极管和一个恒流电路的输出端和公共端通过电连接串联而成，其中这组发光二极管串联接入恒流电路的输出端，恒流电路的公共端接在电源负端，本实用新型的优点是结构简单，价格低廉，可卷绕、可弯曲，安全、节能、长寿命、颜色丰富，用于代替霓虹灯及类似用途的商业效果照明光源，使用三极管恒流电路控制发光二极管的电流，达到稳定发光二极管工作电流，保证发光均匀，宽电压工作的效果。
49. 201277476 一种大功率的LED嵌灯结构
CN
22.07.2009
F21S 8/02 Loading...
F21S 8/02
Loading...
200820212937.5
深圳万润科技股份有限公司
李志江
F21S 8/02
Loading...
一种大功率的LED嵌灯结构，解决由于使用环境的散热条件较差，造成大功率的LED散热困难，严重影响LED光源的使用寿命的技术问题。采用的技术方案是，LED嵌灯结构，包括：LED灯，LED灯安装PCB板，LED灯光学透镜，固定罩和灯罩，LED灯安装PCB板上，LED灯光学透镜安装在LED灯上，固定罩安装在光学透镜上，PCB板经固定连接板连接有散热体，散热体为空心环形，在散热体的外轮廓上，设置有凸起的散热鳍片。本实用新型的优点是，结构简单，成本低廉，制造安装方便，大大提高改善LED光源的散热条件，提高LED光源的使用寿命，降低使用成本。
50. 201273481 一种大功率LED灯条
CN
15.07.2009
F21S 4/00 Loading...
F21S 4/00
Loading...
200820094869.7
深圳万润科技股份有限公司
李志江
F21S 4/00
Loading...
一种大功率LED灯条，解决大功率的LED灯条的散热技术问题，采用的技术方案是，一种大功率LED灯条，包括：灯条壳体，LED灯和PCB电路板，灯条壳体为金属散热壳体，LED灯和PCB电路板，设置在灯条壳体内，密封填充料将LED灯和PCB电路板密封固定设置在灯条壳体内。灯条壳体的外表面上，设置有一组散热鳍片。灯条壳体为铝合金散热壳体。实用新型的优点是，结构简单，成本低廉，安装使用方便，安全可靠和使用寿命长。
51. 201273482 一种LED灯条内嵌式接头结构
CN
15.07.2009
F21S 4/00 Loading...
F21S 4/00
Loading...
200820094871.4
深圳万润科技股份有限公司
李志江
F21S 4/00
Loading...
一种LED灯条内嵌式接头结构，解决LED灯条接头占据一定空间大，使用LED灯组会出现一段发光暗区，影响了整体发光效果的技术不足，接头由接头槽板、接头板、双面防水胶板、PCB电路连接柱和固定卡座组成，接头槽板和接头板分别与两端灯条外壳密封固定，双面防水胶板两侧分别与接头槽板和接头板粘接，PCB电路连接柱透过双面防水胶板、接头槽板和接头板两端分别与PCB电路板电连接，双面防水胶板与接头槽板和接头板粘接后，设置在固定卡座内，固定卡座与灯条外壳固定连接。本实用新型的优点是，接头结构简单、安装使用方便、接头尺寸小，解决LED灯组在接头处出现的暗区。
52. 201237201 一种大功率LED灯对流散热装置
CN
13.05.2009
F21V 29/00 Loading...
F21V 29/00
Loading...
200820095896.6
深圳万润科技股份有限公司
杨波勇
F21V 29/00
Loading...
一种大功率LED灯对流散热装置，解决在提高大功率LED灯的散热效率的同时，减轻材料消耗和降低风阻的技术问题，采用的技术方案是，一种大功率LED灯对流散热装置，在散热板体的一侧面上，设置有LED灯板的安装槽，在散热板体的另一侧面上，设置一组散热凸起，所述的在散热板体安装槽的两侧，设置有辅助散热板，辅助散热板上设置一组辅助散热凸起。所述的辅助散热板上设置的辅助散热凸起之间设置有空气对流孔。本实用新型的优点是，结构简单，加工方便，外形美观，通过自然风和形成的空气对流，保证大功率LED灯在使用时的散热问题，提高大功率LED灯的使用寿命。降低材料消耗，减轻产品重量，减少风阻，提高使用的安全性。
53. 201237157 路面照明光源使用的反光杯结构
CN
13.05.2009
F21V 7/04 Loading...
F21V 7/04
Loading...
200820095895.1
深圳万润科技股份有限公司
刘平
F21V 7/04
Loading...
一种路面照明光源使用的反光杯结构，解决光源大量光不能照射在路面的有效部位，在路面的单位长度内需增加路灯的密度来保证路面亮度的连续性的技术问题，该反光杯由长反光面、短反光面和底面构成的开口长条形反光杯体，长反光面沿X轴方向，呈向反光杯体内的凸弧形，长反光面沿Z轴方向，呈向反光杯体内的凹弧形，短反光面沿Y轴方向，呈向反光杯体内的凹弧形，短反光面沿Z轴方向，呈向反光杯体内的凹弧形。本实用新型优点是，结构简单，成本低廉，提高光源的利用率，可减少路面的单位长度范围内路灯的密度节省电力消耗。
54. 201232888 一种LED霓虹灯软灯条结构
CN
06.05.2009
F21S 4/00 Loading...
F21S 4/00
Loading...
200820095814.8
深圳万润科技股份有限公司
李志江
F21S 4/00
Loading...
一种LED霓虹灯软灯条结构，解决有技术中外灯管使用的透光的软管，透光性和光的扩散性能差，造成LED霓虹灯软灯条整体光线不均匀，亮度差，影响LED霓虹灯软灯发光效率，增加电力消耗的技术不足，采用的技术方案是，LED霓虹灯软灯条结构，包括：LED灯，LED灯安装电路板和外灯管，外灯管的横断面为上空腔和下空腔组成的细长透光软管，LED灯安装在电路板，电路板安装在外灯管的下空腔内，LED灯经电路板与电源电连接。本实用新型的优点是，结构简单，外灯管对LED灯发出的光反光和扩散效果好，提高了LED霓虹灯软灯条整体的发光效果，提高LED灯的发光利用率，降低电力消耗。
55. 201221716 一种LED嵌灯
CN
15.04.2009
F21S 8/02 Loading...
F21S 8/02
Loading...
200820094874.8
深圳万润科技股份有限公司
李志江
F21S 8/02
Loading...
一种LED嵌灯，改善现有技术的大功率LED嵌灯散热问题，简化产品结构设计降低制造成本的技术问题。采用的技术方案是，一种LED嵌灯，包括：灯座、LED灯、LED驱动电路板和嵌灯前盖，光学透镜，LED灯的灯体经导热硅胶体在灯座内与灯座形成紧密的接触，LED驱动电路板与LED灯电连接后与LED灯同时设置在灯座内，灯座与嵌灯前盖螺纹连接。本实用新型的优点是，结构简单，成本低，LED的散热效果好，降低了LED的光衰，延长了LED的使用寿命。
56. 201221706 一种侧光LED软灯条
CN
15.04.2009
F21S 4/00 Loading...
F21S 4/00
Loading...
200820094868.2
深圳万润科技股份有限公司
李志江
F21S 4/00
Loading...
一种侧光LED软灯条，解决侧光LED灯条无法实现任意弯曲成形和防水的技术问题，采用的技术方案是，一种侧光LED软灯条，包括：PCB电路板、一组LED灯和保护套，LED灯设置在PCB电路板上，LED灯和PCB电路板设置在保护套内，PCB电路板为柔性PCB电路板，保护套为透明软管，LED灯和PCB电路板设置在保护套内。本实用新型的有益效果是，结构简单，成本低廉，使用方便。
57. 201222738 一种贴片式红外线接收模组
CN
15.04.2009
H04B 10/10 Loading...
H04B 10/10
Loading...
200820094873.3
深圳万润科技股份有限公司
李志江
H04B 10/10
Loading...
一种贴片式红外线接收模组，解决红外线接收模组，体积大和质量重和在使用时要求有足够的安装空间的技术不足，采用的技术方案是，贴片式红外线接收模组，包括：黑色胶体外壳、红外线接收和信号处理的晶片，晶片设置在PCB基板上，晶片与PCB基板上的电路形成电连接，在PCB基板上设置有3个半圆形导电孔，导电孔与PCB基板上的电路构成电连接，红外线接收晶片、信号处理的IC和PCB基板晶片设置在黑色胶体外壳内。本实用新型的优点是，体积小、重量轻，安装使用占据空间少，特别适用于具有重量和体积要求的红外线接收电路使用。
58. 101377278 Method for light distribution of road surface lighting source and light reflecting cup structure used thereby
CN
04.03.2009
F21V 7/04 Loading...
F21V 7/04
Loading...
200810142594.4
Shenzhen Mason Technologies Co., Ltd.
Yang Boyong
F21V 7/04
Loading...
The invention provides a light distribution method of a street lighting source and a reflector cup structure thereof. The method and the structure are capable of solving the technical problems that large amount of light from the lighting source can not be projected to the effective parts of the street, and more street lights are needed in per unit length of the street to ensure the continuity of surface brightness. The light distribution method adopts such a mode that the light from the lighting source is reflected by a double-concave double-convex stripy reflective panel which is symmetric to the lighting source, and forms even oblong light spots after being reflected. The reflector cup consists of a long reflective panel, a short reflective panel and a stripy reflector cup arranged at the bottom surface, wherein, the long reflective panel forms a convex arc towards the interior of the reflector cup in the X direction, and forms a concave arc towards the interior of the reflector cup in the X direction; the short reflective panel forms a convex arc towards the interior of the reflector cup in the Y direction, and forms a concave arc towards the interior of the reflector cup in the Z direction. The invention has the advantages of simple structure and low cost, and improves the utilization rate of the lighting source, and is capable of reducing the density of street lights in the unit length of street, thus saving electricity consumption.
59. 101349415 Large power LED lamp convection heat radiating device
CN
21.01.2009
F21V 29/00 Loading...
F21V 29/00
Loading...
200810142595.9
Shenzhen Mason Technologies Co., Ltd.
Yang Boyong
F21V 29/00
Loading...
A convection radiator of a high-power LED lamp resolves the technical problem of increasing the radiating efficiency of the high-power LED lamp, and simultaneously reducing material consumption and reducing wind resistance, and the technical scheme comprises that a mounting groove of an LED lamp plate is arranged on one lateral face of a radiating plate body of the convection radiator of the high-power LED lamp, a group of radiating embossments are arranged on the other lateral face of the radiating plate body, auxiliary radiating plates are arranged on two sides of the mounting groove of the radiating plate body, and a group of auxiliary radiating embossments are arranged on the auxiliary radiating plate. Air convection holes are arranged among the auxiliary radiating embossments arranged on the auxiliary radiating plate. The convection radiator of the high-power LED lamp has the advantages of simple structure, convenient processing, beautiful appearance, guaranteeing the radiating of the high-power LED lamp when using by the natural wind and the formed air convection, increasing the service life of the high-power LED lamp, reducing the material consumption, reducing the product weight, reducing the wind resistance, and increasing the using safety.

