1. 106602695 一种双交流测试预上电装置
CN
26.04.2017
H02J 9/00 Loading...
H02J 9/00
Loading...
102016001062370
深圳市共进电子股份有限公司
金志虎
H02J 9/00
Loading...
本发明提供一种双交流测试预上电装置，其包括箱体、电源转接器、第一电源插头和第二电源插头，电源转接器包括第一电源接口、第二电源接口和插座，电源转接器设置在箱体内；第一电源接口通过第一电缆线与第一电源插头电连接，第二电源接口通过第二电缆线与第二电源插头电连接，第一电源接口和第二电源接口均与插座电连接，插座用于连接待测试产品，第一电源插头用于接入备点电源，第二电源插头用于接入测试站电源。本发明通过提供一种双交流测试预上电装置，可以使待测试产品在进入测试站测试之前提前上电，并且能够使待测试产品在移动至下一测试站之前不断电，避免待测产品频繁断电并重启，可以有效提高测试效率。
2. 104407396 电源盒螺丝检测装置
CN
19.04.2017
G01V 9/00 Loading...
G01V 9/00
Loading...
102014000711985
深圳市共进电子股份有限公司
李文峰
G01V 9/00
Loading...
本发明适用于电源检测设备领域，提供了一种电源盒螺丝检测装置，包括托料板和支撑托料板的支撑机构，托料板上开设有配合收容电源盒的凹腔，凹腔的底部对应插头的位置开设有第一通口，凹腔的底部对应定位孔的位置开设有第一通孔；该电源盒螺丝检测装置还包括检测机构，检测机构安装于托料板的下方，检测机构包括探杆、第一探测开关、限位块和第二探测开关，探杆支撑于第一探测开关上，限位块设置于探杆的下方，第二探测开关正对第一通口。通过探杆插入电源盒上定位孔中的深度，触发第一探测开关和第二探测开关，以判断电源盒的定位孔中是否安装螺丝及螺丝是否安装到位，以判断产品是否合格。并且使用机械方式进行检测，不易出错且使用寿命长。
3. 104142905 一种扩展集成电路总线IIC的方法及设备
CN
19.04.2017
G06F 13/40 Loading...
G06F 13/40
Loading...
102014000375452
深圳市共进电子股份有限公司
朱祥祥
G06F 13/40
Loading...
本发明提供一种扩展集成电路总线IIC的方法，所述方法通过处理器设置一个(n+1)位的数据寄存器，n为自然数；通过处理器设置(n+1)个二输入或门，每一个二输入或门的输入端分别对应数据寄存器的一个位，所述每一个二输入或门的输出端分别对应一个第一IIC Slave；通过IIC接口将所述(n+1)位的数据寄存器的其中一个位设置为低，将所述(n+1)位的数据寄存器的其他位设置为高，使得中央处理器CPU通过所述IIC接口访问所述(n+1)位的数据寄存器的其中一个位对应的第一IIC Slave，从而实现在扩展IIC接口时，除需要CPU提供IIC接口外，不需要其他的控制信号，只需要扩展IIC接口的时钟信号，IIC的扩展路数几乎不受限制。
4. 206107393 一种AGV移动设备
CN
19.04.2017
B62D 63/02 Loading...
B62D 63/02
Loading...
202016001110600
深圳市共进电子股份有限公司
姚伟
B62D 63/02
Loading...
本实用新型提供了一种AGV移动设备，所述AGV移动设备包括车架及安装在所述车架上的转向装置和驱动装置，所述转向装置包括一对转向轮、转向轴、转向电机、连接板、齿轮、齿条、连杆组件及控制所述AGV移动设备转向的转向控制系统。本实用新型通过在AGV移动设备上设置控制系统来控制转向电机的运行，并通过齿轮齿条传动及连杆传动以实现车轮以一定的角度转动，最终实现AGV移动设备能准确、灵活的沿预设搬运路径运行。
5. 106533827 网络设备测试方法和装置
CN
22.03.2017
H04L 12/26 Loading...
H04L 12/26
Loading...
102016000951226
深圳市共进电子股份有限公司
林剑亮
H04L 12/26
Loading...
本发明涉及一种网络设备测试方法，所述网络设备包括网络模块和多个功能模块；所述方法包括：探测所述网络模块是否启动完成；在探测到所述网络模块启动完成后对所述网络模块进行测试；依次探测各功能模块是否启动完成；以及对启动完成的功能模块进行测试。上述网络设备测试方法可以提高了测试过程中的可靠性以及测试效率。本发明还提供一种网络设备测试装置。
6. 106515900 一种AGV移动设备
CN
22.03.2017
B62D 63/02 Loading...
B62D 63/02
Loading...
102016000882407
深圳市共进电子股份有限公司
姚伟
B62D 63/02
Loading...
本发明提供了一种AGV移动设备，所述AGV移动设备包括车架及安装在所述车架上的转向装置和驱动装置，所述转向装置包括一对转向轮、转向轴、转向电机、连接板、齿轮、齿条、连杆组件及控制所述AGV移动设备转向的转向控制系统。本发明通过在AGV移动设备上设置控制系统来控制转向电机的运行，并通过齿轮齿条传动及连杆传动以实现车轮以一定的角度转动，最终实现AGV移动设备能准确、灵活的沿预设搬运路径运行。
7. 103166854 局域网与广域网业务绑定方法及系统
CN
15.03.2017
H04L 12/741 Loading...
H04L 12/741
Loading...
102011000409714
深圳市共进电子股份有限公司
彭耀
H04L 12/741
Loading...
一种局域网与广域网业务绑定方法，包括以下步骤：配置包含数据流标记值和路由表标识之间的关联关系的广域网连接；获取局域网侧转发的数据包或用户终端设备发送的数据包；对所述转发的或发送的数据包设置数据流标记值；根据所述设置的数据流标记值从数据流标记值和路由表标识之间的关联关系中查找得到相应的路由表；获取所述查找到的路由表中的路由信息，根据所述路由信息转发所述数据包。上述局域网与广域网业务绑定方法及系统，采用将数据流标记值与路由表标识关联，通过对数据包设置数据流标记值，根据数据包的数据流标记值查找到相应的路由表，获取路由表中的路由信息，根据路由信息转发数据包，如此不需绑定指定的广域网连接，配置更灵活。
8. 106506644 终端调试信息收集方法和系统
CN
15.03.2017
H04L 29/08 Loading...
H04L 29/08
Loading...
102016000987619
深圳市共进电子股份有限公司
付云龙
H04L 29/08
Loading...
本发明涉及终端调试信息收集方法和系统，通过建立服务器套接字及客户端套接字，套接字用于描述IP地址和端口；配置服务器端口，并在所述服务器端口调用绑定函数，将IP地址与服务器端口绑定；在服务器端口设定监听；判断服务器端口是否有来自客户端的连接请求，若是，则服务器调用接收函数处理客户端调试信息请求。处理完毕后，将结果发送给客户端接收函数。即用户仅需将客户端与服务器端特定端口建立连接就能够完成调试信息的收集，收集过程简单，且无需运营商额外增加硬件设备就能够实现。
9. 206023808 以太网用电设备及其防护电路
CN
15.03.2017
H04L 12/10 Loading...
H04L 12/10
Loading...
201620706708.3
深圳市共进电子股份有限公司
刘圣文
H04L 12/10
Loading...
一种以太网用电设备防护电路，用于对以太网设备进行电磁兼容性防护；以太网设备包括POE接口、网络变压器、POE电源控制电路以及主功能电路；以太网用电设备防护电路包括：第一级防护电路，与网络变压器的初级侧连接；第二级防护电路，连接于网络变压器的初级侧和POE电源控制电路的输入端之间，且与第一级防护电路连接；以及第一隔离电路，连接于POE电源控制电路和主功能电路之间。上述以太网用电设备防护电路提高了以太网用电设备的稳定性和EMC防护等级。本实用新型还涉及一种以太网用电设备。
10. 206002714 网络终端及其光纤端子组件
CN
08.03.2017
G02B 6/00 Loading...
G02B 6/00
Loading...
201620852282.2
深圳市共进电子股份有限公司
熊维强
G02B 6/00
Loading...
本实用新型涉及一种网络终端及其光纤端子组件，该光纤端子组件包括光纤端子及导光柱，光纤端子一侧设置有弹性固定件，导光柱的主体设有与弹性固定件配合的卡持部。其中，导光柱上设置有避位孔，通过避位孔对弹性固定件可施加一使其发生弹性形变的作用力。上述网络终端及其光纤端子组件，卡持部与弹性固定件配合可快速将导光柱固定于光纤端子上。当需要拆卸导光柱时，则取一长条状物体，通过避位孔对弹性固定件施加一作用力，使得弹性固定件与卡持部分离，从而将导光柱拆下。在上述网络终端中，导光柱的安装及拆卸只需要操作弹性固定件及卡持部。而且，无需使用热熔方式进行固定。因此，使得对导光柱的拆装操作非常方便。
11. 106488184 网络监控器
CN
08.03.2017
H04N 7/18 Loading...
H04N 7/18
Loading...
102016000843418
深圳市共进电子股份有限公司
杨坚
H04N 7/18
Loading...
本发明涉及一种网络监控器，用于在活物进入布防区时自动启动监控，包括主控制模块、微控制器、存储模块、图像采集模块、光学镜头、红外感应模块及无线传输模块；主控制模块连接微控制器、存储模块、图像采集模块及无线传输模块；微控制器连接无线传输模块及红外感应模块；图像采集模块还用于连接光学镜头；运用无线传输模块实现远距离传输监控视频，为特定环境下供电难，布线难，组网难的监控需求提供最佳的解决方案。监控器的人工智能布防支持150度广角，可视角度广。在无人进入区域，监控器处于低功耗模式。在有人闯入布防区内，系统支持快速启动主控制模块，在500ms内进行录像抓拍，通过网络将事件转发给云端或客户端，从而实现低功耗网络监控。
12. 106452611 射频测试方法及系统
CN
22.02.2017
H04B 17/00 Loading...
H04B 17/00
Loading...
201610890042.6
深圳市共进电子股份有限公司
金志虎
H04B 17/00
Loading...
本发明适用于测试技术领域，提供了射频测试方法及系统，包括：被测设备输出信号到衰减器；衰减器接收所述被测设备的信号并衰减信号，并将衰减后的信号输出到测试仪器；测试仪器接收所述衰减后的信号，并将接收到的衰减信号转换为数字信号进行记录并输出到开发板；开发板接收所述测试仪器输出的数字信号并将接收到的数字信号进行处理后输出到测试电脑；测试电脑计算所述开发板处理后的数据，得到测试参数。本发明中通过开发板接收测试仪器输出的信号并将信号进行处理，实现在无屏蔽强干扰的强环境下被测设备的精确定位和测试，且测试效率高，测试成本低。
13. 104123226 自动化测试中弹出窗体的处理方法
CN
08.02.2017
G06F 11/36 Loading...
G06F 11/36
Loading...
102014000369942
深圳市共进电子股份有限公司
袁良伟
G06F 11/36
Loading...
本发明公开了一种自动化测试中弹出窗体的处理方法，上述方法在测试用例启动后，实时检测上述测试用例中的关键字执行过程中是否有窗体弹出；若检测到有窗体弹出，则激活和/或关闭上述窗体。本发明解决了自动化测试中出现非预期的弹出框而导致的自动化测试的阻塞问题。
14. 103327137 一种路由器域名访问方法
CN
08.02.2017
H04L 29/12 Loading...
H04L 29/12
Loading...
102013000273907
深圳市共进电子股份有限公司
张远茂
H04L 29/12
Loading...
本发明提供了一种路由器域名访问方法，该方法适合于使用操作系统为windows系统的终端中，在上行DHCP没有开启时，通过查找本地hosts文件或者netbios缓存查找无名对应的IP、否则发出DNS包向网络查询，如果再不行则发送NBNS协议包。本发明解决了路由器上行DHCP关闭，忘记了管理IP的情况下，访问路由器管理界面的问题。
15. 103279203 一种按键复用的方法及多功能按键
CN
01.02.2017
G06F 3/023 Loading...
G06F 3/023
Loading...
102013000102993
深圳市共进电子股份有限公司
刘芳
G06F 3/023
Loading...
本发明提供了一种按键复用的方法及多功能按键，解决了无源光网络终端设备功能管理过程中管理缺失的技术问题。采用的技术方案是，通过功能性按键的行为，并设置计时器，计时器可以预先设定若干不同的时长，并根据功能性按键保持闭合的时长所触发不同的预设功能操作，本发明增强了无源光网络终端设备功能管理的完整性和灵活性，并增强了无源光网络终端设备的实用性，能为无源光网络终端用户提供更友好的用户体验。同时，本发明也适合于无源光网络终端用户与网络运营商或网络管理员之间对无源光网络终端设备的协同管理，减少了网络运营商或网络管理员的管理消耗。
16. 104494138 用于超声波熔接的卷膜机及超声波熔接方法
CN
01.02.2017
B29C 65/08 Loading...
B29C 65/08
Loading...
102014000749396
深圳市共进电子股份有限公司
顾正
B29C 65/08
Loading...
本发明涉及超声波熔接的技术领域，提供了一种用于超声波熔接的卷膜机，其包括基板、用于安装薄膜盘的第一架体、用于安装空置盘的第二架体以及用于使薄膜盘上的薄膜卷绕至空置盘上的驱动装置，第一架体和第二架体沿基板长度方向并排设置在基板上，且在两者之间留有用于放置待加工产品的预定间距；卷膜机还包括用于将处于预定间距内的薄膜架起在超声波熔接头与待加工产品之间以对超声波熔接头下压进行缓冲的摆动装置。本发明提出的一种使用上述卷膜机的超声波熔接方法。与现有技术对比，本发明提供的超声波熔接实现了超声波熔接过程中对待加工产品表面的保护；本发明提供的超声波熔接方法，提高了良品率和生产效率。
17. 106354057 摄像装置
CN
25.01.2017
G05B 19/042 Loading...
G05B 19/042
Loading...
102016000831756
深圳市共进电子股份有限公司
张鑫
G05B 19/042
Loading...
本发明涉及一种摄像装置，通过菲涅尔透镜及红外传感模块检测物体运动，在菲涅尔透镜接收到红外辐射信号时，将该红外辐射信号发送给红外传感模块处理。然后经由运算放大模块的滤波放大、差动放大模块的差动放大处理，最后由A/D转换器转换后发送给控制模块。控制模块用于将所述数字信号与设定的阈值进行比较，若该数字信号大于所述设定的阈值，则认为检测到有物体运动。由于红外辐射信号经过一系列的放大处理，因而在红外辐射信号值较小时，也能放大到控制模块能够的处理的程度，使得菲涅尔透镜检测的红外辐射信号值可处理范围变大，因此，摄像装置能够自动调整检测距离，使得警戒距离的范围可调。
18. 106332223 一种无线网络共享方法、装置及系统
CN
11.01.2017
H04W 48/08 Loading...
H04W 48/08
Loading...
102016000709719
深圳市共进电子股份有限公司
胡渐平
H04W 48/08
Loading...
本发明公开了一种无线网络共享方法、装置及系统。其中，所述方法包括：获取终端发送的第一请求信息；其中，所述第一请求信息用于请求接入无线共享网络，所述第一请求信息包括预先从网关获取的所述无线共享网络的信息、核心网服务器的地址信息以及所述终端的信息；根据所述无线共享网络的信息建立所述终端与所述无线共享网络的通信连接；根据所述核心网服务器的地址信息、所述终端的信息建立所述终端与所述核心网服务器的通信连接，以使所述终端能够通过所述网关与所述核心服务器进行数据交互。通过上述方式，能够实现无线网络远程共享，充分利用网络资源。
19. 104316170 一种指示灯亮度一致性测试方法及测试装置
CN
11.01.2017
G01J 1/18 Loading...
G01J 1/18
Loading...
102014000459852
深圳市共进电子股份有限公司
杨曾雄
G01J 1/18
Loading...
本发明公开了一种指示灯亮度一致性检测方法、检测装置以及根据该原理的交换机端口指示灯亮度一致性的装置，这些装置的原理是通过光敏器件获取指示灯亮度的一个相关量，然后对这些相关量进行比较，如果差别在合适的范围内，则被认为一致性好，否则一致性不好。该原理简单明了，装置结构简单，使用方便。
20. 103440213 一种应用于具有多CPU和网卡的系统的网卡驱动方法
CN
28.12.2016
G06F 13/10 Loading...
G06F 13/10
Loading...
102013000309455
深圳市共进电子股份有限公司
刘炳伟
G06F 13/10
Loading...
本发明提供了一种应用于具有多CPU和网卡的系统的网卡驱动方法，包括网卡驱动过程一和二，且在各个CPU中创建数据接收设备队列和数据发送设备队列；网卡驱动过程一包括：①在数据到达网卡时，产生硬件中断，关闭硬件中断，调用中断处理进程；②将网卡添加至一CPU的数据接收设备队列中；③重新开启硬件中断，设置软中断，中断处理进程返回；网卡驱动过程二包括：软中断轮询；对于软中断置位的CPU，先扫描其数据接收设备队列，依次对该队列中的网卡进行数据读取处理，再依次对其数据发送设备队列中的设备进行数据发送处理。本发明大大缩短了硬件中断上半部分处理时间，并将硬件中断下半部的处理任务分摊到各个CPU上，从而提高了系统性能。
21. 106230501 激光二极管发射光功率调节方法、装置及系统
CN
14.12.2016
H04B 10/079 Loading...
H04B 10/079
Loading...
201610628619.6
深圳市共进电子股份有限公司
肖冲
H04B 10/079
Loading...
本发明涉及一种激光二极管发射光功率调节方法、装置及系统。其中，发射光功率值是在APC电路根据参考电平更新后的值调节激光二极管的偏置电流后测量得出的。同时，在判断激光二极管的发射光功率值处于目标范围之外时，根据第一相关性即可得出目标光功率对应的参考电平的更新值并更新参考电平的值，再依次循环执行直至发射光功率值处于目标范围之内。因此，在每次循环执行过程中，都是基于目标光功率对应的参考电平的更新值来通过APC电路、驱动电路控制激光二极管的发射光功率，只要循环一次，就能使激光二极管的发射光功率调节至目标光功率附近，从而能够避免出现激光二极管的发射光功率远大于目标光功率的情况，提高了调节的安全性。
22. 103116519 控制嵌入式设备的方法及WEB嵌入式系统
CN
14.12.2016
G06F 9/46 Loading...
G06F 9/46
Loading...
102011000366273
深圳市共进电子股份有限公司
吴炳东
G06F 9/46
Loading...
本发明公开一种控制嵌入式设备的方法，该嵌入式设备运行HTTPD进程，包括如下步骤：浏览器向所述嵌入式设备发送包含控制命令的请求报文；所述嵌入式设备调用所述HTTPD进程，由所述HTTPD进程建立子进程处理所述请求报文，获取中间数据；所述嵌入式设备继而对所述中间数据进行解释获得控制命令；执行所述控制命令得到执行结果；将所述执行结果返回给所述HTTPD进程，并由HTTPD进程将包含有执行结果的响应报文返回给浏览器；所述浏览器解析响应报文，呈现控制命令的执行结果。此外，还公开一种应用上述方法的WEB嵌入式系统。上述方法和系统，通过在嵌入式设备接入客户端，对嵌入式设备进行控制，从而不会受限于嵌入式系统开发所处于的阶段。
23. 106210366 外部交换局的防护系统
CN
07.12.2016
H04M 7/00 Loading...
H04M 7/00
Loading...
102016000573065
深圳市共进电子股份有限公司
张绪坤
H04M 7/00
Loading...
本发明涉及一种外部交换局的防护系统，通过限流模块在所述防护系统出现外界持续高压时进行分压；同时采用一级浪涌防护模块泄放所述防护系统中出现的外界瞬间高压干扰；并采用差模滤波模块及共模滤波模块依次对外部交换局的输出信号进行差模滤波、共模滤波处理。最后由整流模块将交流信号转换直流信号供后级电路工作。采用限流模块能够分掉整个电路中大部分电压，而一级浪涌防护模块则泄放掉电路中的浪涌高压。因而能够提高电路的抗干扰能力，达到浪涌防护4级的要求。经由差模滤波及共模滤波后，能够保证输出信号功率曲线符合要求，且具有良好的辐射性能。
24. 106209262 一种家庭网关的接地结构
CN
07.12.2016
H04B 15/02 Loading...
H04B 15/02
Loading...
102016000884099
深圳市共进电子股份有限公司
严朋
H04B 15/02
Loading...
本发明实施例公开了一种家庭网关的接地结构，本发明家庭网关的接地结构包括：目标电路模块、系统地平面以及抗干扰模块；目标电路模块的接地端通过抗干扰模块与系统地平面的接入端相连。本发明提供的家庭网关的接地结构能够抑制干扰信号在目标电路模块与系统地平面之间传输，若目标电路模块为干扰信号的产生模块时，能够抑制干扰信号向系统地平面传输，从而能够尽量避免目标电路模块的干扰信号通过系统地平面对其他电路模块性能的影响；若系统地平面中存在干扰信号，通过本发明提供的接地结构，能够抑制系统地平面中的干扰信号传输进入目标电路模块，尽量避免系统地平面中的干扰信号影响目标电路模块的性能。
25. 205754392 家庭网关装置
CN
30.11.2016
H04L 12/66 Loading...
H04L 12/66
Loading...
202016000440754
深圳市共进电子股份有限公司
李奕键
H04L 12/66
Loading...
本实用新型涉及一种家庭网关装置，包括网关主控电路和温度传感电路。网关主控电路用于将外部网络接入家庭内部终端，且网关主控电路通过网络侧接口接入外部网络，并通过用户侧接口连接家庭内部终端。温度传感电路的第一输出端与网关主控电路的第一输入端连接。温度传感电路，用于检家庭网关装置的温度，并向网关主控电路输出与温度相对应的电信号。网关主控电路，在电信号超过第一阈值时采取相应的QOS策略以降低功耗。该家庭网关装置能够随时监测温度，并根据温度通过动态调整流量来达到降低功耗的目的，从而改善了传统家庭网关随着接入带宽吞吐量的不断升级而产生较大功耗的问题，既能保证一定的网络服务用户体验，又能保证安全的用网环境。
26. 106161707 测试无绳电话性能的方法和装置
CN
23.11.2016
H04M 1/24 Loading...
H04M 1/24
Loading...
102016000583870
深圳市共进电子股份有限公司
牛佛林
H04M 1/24
Loading...
本发明提供了一种测试无绳电话性能的方法和装置，适用于无绳电话测试技术领域。本发明提供的一种测试无绳电话性能的方法，通过与无绳电话建立通信连接关系；向所述无绳电话发送性能测试指令，使得所述无绳电话进入测试模式；获取所述无绳电话处于测试模式下的性能测试数据。实现了对无绳电话性能的完全自动化，避免了因为人工随机抽检而出现的检测覆盖率低、人工成本增加以及无法对生产线上的所有无绳电话进行性能测试的问题，提高了检测效率降低了检测成本。
27. 106153186 一种噪声检测方法及装置
CN
23.11.2016
G01H 17/00 Loading...
G01H 17/00
Loading...
102016000559633
深圳市共进电子股份有限公司
谢卓
G01H 17/00
Loading...
本发明提供了一种噪声检测方法及装置，属于噪声检测领域。在本发明中，被测产品设置于屏蔽箱内，首先被测产品在工作时对屏蔽箱内与被测产品的距离和角度处于第一预设值范围内的噪声进行检测并生成相应的混合噪声值；被测产品在工作时对屏蔽箱内与被测产品的距离和角度超出第二预设值范围的多处噪声进行检测并生成相应的多个环境噪声值；再根据混合噪声值和多个环境噪声值获取多个预估产品噪声值；最后根据多个预估产品噪声值获取产品噪声值；其中，第一预设值范围小于第二预设值范围；本发明通过所述一种噪声检测方法及装置，降低减少屏蔽箱外的环境影响，降低屏蔽箱设计难度，方便生产检测，提高了产品噪声检测的精确性。
28. 205704317 一种拆壳装置
CN
23.11.2016
B26D 1/02 Loading...
B26D 1/02
Loading...
201620278376.3
深圳市共进电子股份有限公司
李文峰
B26D 1/02
Loading...
本实用新型属于废品回收设备领域，提供一种拆卸壳状的待拆物的拆壳装置，包括支撑座，所述支撑座上连接有调节组件、切割组件和驱动组件，所述切割组件连接在所述调节组件上，所述支撑座上还设有可供所述待拆物安装的安装台，所述驱动组件包括驱动轴，所述切割组件包括切割刀具，所述切割刀具位于所述安装台上方，所述驱动轴移动位于所述安装台上方且推动所述待拆物；这样设计的拆壳装置可以解决现有的拆壳方式操作效率低，操作不安全，并且适用性差的问题。
29. 106161137 一种网络终端检测方法及装置
CN
23.11.2016
H04L 12/26 Loading...
H04L 12/26
Loading...
102016000416481
深圳市共进电子股份有限公司
金志虎
H04L 12/26
Loading...
本发明提供了一种网络终端检测方法及装置，属于测试自动化领域。在本发明中，首先根据多个通信功能模块的标准带宽获取测试带宽；根据测试带宽和多个通信功能模块的标准带宽获取多个通信功能模块的衰减值；然后根据多个通信功能模块的衰减值设置多个通信功能模块；在获取通信链路的带宽；判断带宽是否大于等于测试带宽；若是，则最后确定网络终端合格；本发明通过所述一种网络终端检测方法及装置，减少了测试时间和降低了成本。
30. 205720777 自动拔帽机
CN
23.11.2016
G02B 6/38 Loading...
G02B 6/38
Loading...
201620230404.4
深圳市共进电子股份有限公司
李文峰
G02B 6/38
Loading...
本实用新型涉及光纤法兰盘防尘帽拔取设备技术领域，提供一种自动拔帽机，用于拔取光纤法兰盘接口处的防尘帽，包括机壳、设于机壳上且用于限位光纤法兰盘的定位结构、用于拔取防尘帽的拔取装置以及设于定位结构的一侧用于触发启动拔取装置的触发装置，拔取装置设于机壳内且与定位结构相对，触发装置电连接于拔取装置。光纤法兰盘置于机壳上的定位结构，并限位其运动，同时，置于机壳内的拔取装置固定位于光纤法兰盘接口处的防尘帽，当光纤法兰盘移动至触发装置前时，触发装置启动并沿光纤法兰盘的限位方向运动，将防尘帽从光纤法兰盘的接口处拔出，本实用新型提供自动拔帽机，具有节省人力，生产效率高，确保成品品质的优点。
31. 205719523 电子器具的功能及寿命的测试设备
CN
23.11.2016
G01M 13/00 Loading...
G01M 13/00
Loading...
201620578374.6
深圳市共进电子股份有限公司
李文峰
G01M 13/00
Loading...
一种电子器具的功能及寿命的测试设备，包括安装机柜、按键功能测试模组、按键寿命测试模组及控制系统，按键功能测试模组包括功能测试治具、功能测试按压装置、功能测试移动系统及功能测试分析装置；按键寿命测试模组包括寿命测试治具、压紧机构、寿命测试按压装置、寿命测试移动系统及寿命测试分析装置；控制系统分别与按键功能测试模组、按键寿命测试模组电连接。当进行电子器具的功能和寿命测试时，只要将电子器具置于对应的功能测试治具、寿命测试治具上即可，便可进行相应的自动化测试，有效避免采用人工手压按压测试带来的按压力度无法掌控、按压的数据不准、员工劳动强度过大、以及容易因人工操作不到位而导致不良流程的发生问题。
32. 104125012 一种高速光模块的测试方法及测试系统
CN
19.10.2016
H04B 10/07 Loading...
H04B 10/07
Loading...
102014000373057
深圳市共进电子股份有限公司
王彦伟
H04B 10/07
Loading...
本发明提供一种高速光模块的测试方法及测试系统，通过接收由被测高速光模块发送的光信号，并对光信号的OMA(光调制幅度)和光功率进行测量，通过计算获得消光比，若消光比符合产品规范，则对被测高速光模块进行误码测试，测试误码时采用采用一个标准接收管测试单元接收被测高速光模块输出的带有伪随机信号的光信号，并使用该标准接收管测试单元解调后进行比对完成误码率测试。
33. 106027269 以太网用电设备及其防护电路
CN
12.10.2016
H04L 12/10 Loading...
H04L 12/10
Loading...
201610528512.4
深圳市共进电子股份有限公司
刘圣文
H04L 12/10
Loading...
一种以太网用电设备防护电路，用于对以太网设备进行电磁兼容性防护；以太网设备包括POE接口、网络变压器、POE电源控制电路以及主功能电路；以太网用电设备防护电路包括：第一级防护电路，与网络变压器的初级侧连接；第二级防护电路，连接于网络变压器的初级侧和POE电源控制电路的输入端之间，且与第一级防护电路连接；以及第一隔离电路，连接于POE电源控制电路和主功能电路之间。上述以太网用电设备防护电路提高了以太网用电设备的稳定性和EMC防护等级。本发明还涉及一种以太网用电设备。
34. 106019959 一种智能家居设备控制方法、装置及系统
CN
12.10.2016
G05B 15/02 Loading...
G05B 15/02
Loading...
201610383485.6
深圳市共进电子股份有限公司
林剑亮
G05B 15/02
Loading...
本发明公开了一种智能家居设备控制方法、装置及系统。其中，所述方法包括获取智能家居设备发送的登记请求信息；其中，所述登记请求信息包括所述智能家居设备的设备信息；根据所述登记请求信息向服务器发送第一请求信息；其中，所述第一请求信息包括关联的所述设备信息以及网关的通信信息；根据移动终端发送的控制信息，向所述控制信息对应的智能家居设备发送第二请求信息；其中，所述控制信息包括目标设备信息以及控制指令；所述目标设备信息从所述服务器中获取；所述第二请求信息包括所述控制信息。上述方案，能够将采用不同无线通信协议的智能家居设备集成到一个通信系统进行数据交互。
35. 205647531 无线信号测量系统
CN
12.10.2016
H04B 17/00 Loading...
H04B 17/00
Loading...
201620199688.5
深圳市共进电子股份有限公司
刘德银
H04B 17/00
Loading...
本实用新型涉及一种无线信号测量系统，包括：位于第一封闭空间的无线待测设备及辐射天线组、位于第二封闭空间的陪测设备及测试主控器、位于第一封闭空间及第二封闭空间之间的信号传播模拟装置。第一封闭空间、第二封闭空间均具备自由空间的条件。信号传播模拟装置，用于模拟无线信号传播模型，并将辐射天线组无线接收的由无线待测设备发送的数据进行信道模拟处理后传送至陪测设备，或信号传播模拟装置将陪测设备传来的数据进行信道模拟处理后通过辐射天线组无线发送至无线待测设备。该无线信号测量系统能够模拟无线待测设备发射或接收信号的反射、绕射、直射等不同的传播模式，替代了实际的测试验证场地，能够提高信号测量系统的测试性能和测试效率。
36. 205647249 过压保护电路及开关电源电路
CN
12.10.2016
H02M 1/32 Loading...
H02M 1/32
Loading...
201620199756.8
深圳市共进电子股份有限公司
丁吉波
H02M 1/32
Loading...
本实用新型涉及一种过压保护电路，用于连接于电源、根据电源电压输出过压保护信号。第一电阻、第三电阻的一端分别与电源连接；第三电阻的另一端与开关管的输入端连接；开关管的输出端分别与稳压二极管的阳极、三极管的基极连接；稳压二极管的阴极与第一电阻的另一端连接，且经第二电阻接地；三极管的集电极与所述开关管的控制端连接；三极管的发射极接地；第三电阻与开关管的输入端连接的一端用于输出过压保护信号。上述过压保护电路中通过利用稳压管的正温漂系数，去抵消三极管基极与发射极之间的负温漂系数，从而解决了过压保护电路的温漂的问题，从而使该过压保护电路能准确无误的被触发而开始工作。此外，还提供一种开关电源电路。
37. 205647571 网络终端及其外壳
CN
12.10.2016
H04L 12/771 Loading...
H04L 12/771
Loading...
201620162919.5
深圳市共进电子股份有限公司
熊维强
H04L 12/771
Loading...
本实用新型涉及一种网络终端的外壳，包括壳体、导光柱及楔形板。壳体的内壁上设有卡槽，导光柱包括呈板状结构的主体及设置于主体一侧的出光柱。在进行导光柱的安装时，可先将导光柱从壳体开口向下移动，直至其主体收容于卡槽内，并使出光柱嵌入壳体的出光口内，快速实现导光柱定位。进一步的，将楔形板由小端到大端逐步插入，从而将主体抵持于壳体的内壁，对导光柱进行固定。而需要更换导光柱时，则拔出楔形板即可。在上述外壳中，无需使用热熔方式进行固定，通过拔插楔形板便可对导光柱实现拆装，从而使得对导光柱的拆装操作非常方便。此外，本实用新型还公开了一种网络终端。
38. 205646782 一种防雷击电源电路
CN
12.10.2016
H02H 7/125 Loading...
H02H 7/125
Loading...
201620127150.3
深圳市共进电子股份有限公司
陈坚和
H02H 7/125
Loading...
本实用新型公开了一种防雷击电源电路，包括绕线保险电阻、整流电路、滤波电路、变压器转换电路、输出整流滤波电路、开关控制电路以及环路反馈电路；所述的电网通过绕线保险电阻与整流电路连接，所述绕线保险电阻接电网的火线，所述整流电路、滤波电路、变压器转换电路、输出整流滤波电路依次连接，所述输出整流滤波电路与负载连接，所述开关控制电路与变压器转换电路连接，所述环路反馈电路与开关控制电路连接。线路简单，降低成本，电路可靠，安全稳定性高、抗雷击脉冲信号干扰性强。作为一种防雷击电源电路，广泛适用于电源技术领域。
39. 205648240 网络终端及其壳体
CN
12.10.2016
H05K 5/02 Loading...
H05K 5/02
Loading...
201620061186.6
深圳市共进电子股份有限公司
熊维强
H05K 5/02
Loading...
本实用新型涉及一种网络终端及其壳体，多个导光柱分别收容在不同的收容部内。当其中一个指示灯亮时，对应的LED发出的光线通过导光柱导向至相应的出光口。由于导光柱可使光线按照预设线路传导，从而可避免光线不规则的散射。此外，多个导光柱之间通过挡板进行隔离，从而能有效的防止其中一个导光柱的光线散射到另一个导光柱去。因此，在上述网络终端中，相应LED发出的光线在导光柱及挡板的作用下只会从对应的出光口出射，从而有效地避免了窜光现象，改善指示效果。
40. 205648300 电子设备及其外壳
CN
12.10.2016
H05K 7/20 Loading...
H05K 7/20
Loading...
201620198041.0
深圳市共进电子股份有限公司
熊维强
H05K 7/20
Loading...
本实用新型涉及一种电子设备及其外壳，外壳包括呈中空结构的壳体、风扇及由吸音材料制成的减振套。壳体的一端开设有出风口。减振套套设于所述风扇上，且可拆卸地安装于出风口的侧壁，以使风扇覆设于出风口。安装时，风扇通过减振套安装于壳体上。因此，风扇与壳体之间为软接触，不会因相互碰撞而发出声音。而且，当风扇转动产生振动时，其振动也能被减振套很好的吸收。因此，上述电子设备及其外壳能有效减轻风扇工作产生的振动，从而有效地减少了噪声。
41. 205595247 智能电子装置及其按键结构
CN
21.09.2016
H01H 13/20 Loading...
H01H 13/20
Loading...
201620148642.0
深圳市共进电子股份有限公司
熊维强
H01H 13/20
Loading...
本实用新型涉及一种智能电子装置及其按键结构，按键结构安装于外壳上，用于触发电子组件，按键结构包括：按键主体，穿设于外壳内；弹性臂，呈“U”字形结构，弹性臂设于外壳内侧，且其所在平面与按键主体的侧边相平行，弹性臂的一端与按键主体相连接；及固定件，固定件可拆卸的安装于外壳的内壁上；弹性臂远离按键主体的一端与固定件相连接；其中，按压按键主体，按键主体带动弹性臂扭转；释放按键主体，弹性臂驱动按键主体复位。上述按键结构通过设置“U”字形的弹性臂，弹性臂与按键主体的侧边平行设置，使得弹性臂在垂直于按键主体行程方向的平面内所占的空间减小，智能电子装置内部只需要预留较小的安装空间即可实现按键结构的安装。
42. 205595766 保护电路及反激式开关电源
CN
21.09.2016
H02H 7/12 Loading...
H02H 7/12
Loading...
201620179967.5
深圳市共进电子股份有限公司
张巧文
H02H 7/12
Loading...
本实用新型涉及一种保护电路，应用于开关电源电路中，检测开关电源的输出电压以输出保护信号，包括第一电阻、稳压二极管和光电耦合器；光电耦合器发光源与开关电源的输出端连接；第一电阻与稳压二极管串联后串接在光电耦合器受光器的集电极与发射极之间。在测试的过程中，若开关电源芯片的输出电压升高时会使得光电耦合器的集电极‑发射极端的反向击穿电压升高。当反向击穿电压超过稳压二极管的稳定电压时，稳压二极管击穿停止工作。反馈给开关电源芯片的电压信号为零电压，使开关电源芯片停止工作，从而可以避免开关电源芯片和光电耦合器被高压信号击穿失效，可以满足常规耐压测试，安全性能指数高。此外，还提供一种反激式开关电源。
43. 205596467 网络终端及其外壳
CN
21.09.2016
H05K 5/02 Loading...
H05K 5/02
Loading...
201620170231.1
深圳市共进电子股份有限公司
熊维强
H05K 5/02
Loading...
本实用新型涉及一种网络终端的外壳，该外壳包括壳体及导光柱。其中，导光柱包括外导光体及内导光体。在进行导光柱的安装时，可先将外导光体从外到内嵌入到壳体的出光口内，再将内导光体从壳体开口向下移动，直至内导光体上的配合部与外导光体上的卡合部卡合，快速实现定位及固定。而需要更换导光柱时，则只需使配合部与卡合部分离，便可将内导光体及外导光体取出。在上述外壳中，将导光柱分为两个部分，简化了结构。而且，无需使用热熔方式进行固定。因此，使得对导光体的拆装操作非常方便。此外，本实用新型还提供一种网络终端。
44. 105933901 无线路由器的认证方法和系统
CN
07.09.2016
H04W 12/06 Loading...
H04W 12/06
Loading...
102016000355200
深圳市共进电子股份有限公司
林松灯
H04W 12/06
Loading...
本发明涉及一种无线路由器的认证方法。在上网设备接入无线路由器的过程中，上网设备通过认证后，其身份认证信息存储在记录列表中；从上网设备的无线网络中断开始计时，上网设备与再次接收到上网设备的接入请求时停止计时，上网设备只需要在预设时间范围内再次连接到该无线路由器，则可免认证就可实现互联网资源的访问。从上网设备的无线网络中断时开始计时，实际上记录了无线网络中断的时间，若无线网络中断的时间比预设时间短，则上网设备在较短的时间内可以免认证的连接无线网络，无需再次认证，极大地提高了上网设备无线网络的接入效率，操作简单，极大的方便了用户。此外，还提供一种无线路由器的认证系统。
45. 105928696 电子器具的功能及寿命的测试设备
CN
07.09.2016
G01M 13/00 Loading...
G01M 13/00
Loading...
102016000423560
深圳市共进电子股份有限公司
李文峰
G01M 13/00
Loading...
一种电子器具的功能及寿命的测试设备，包括安装机柜、按键功能测试模组、按键寿命测试模组及控制系统，按键功能测试模组包括功能测试治具、功能测试按压装置、功能测试移动系统及功能测试分析装置；按键寿命测试模组包括寿命测试治具、压紧机构、寿命测试按压装置、寿命测试移动系统及寿命测试分析装置；控制系统分别与按键功能测试模组、按键寿命测试模组电连接。当进行电子器具的功能和寿命测试时，只要将电子器具置于对应的功能测试治具、寿命测试治具上即可，便可进行相应的自动化测试，有效避免采用人工手压按压测试带来的按压力度无法掌控、按压的数据不准、员工劳动强度过大、以及容易因人工操作不到位而导致不良流程的发生问题。
46. 205545187 一种应用于PSE交换机的电压切换电路
CN
31.08.2016
H03K 17/687 Loading...
H03K 17/687
Loading...
201620075092.4
深圳市共进电子股份有限公司
孙翀
H03K 17/687
Loading...
本实用新型公开了一种应用于PSE交换机的电压切换电路，其包括电源模块、第一开关控制模块、poe以太网供电模块、稳压模块、第二开关控制模块、48V转12V电源转换模块以及Main Broad信号主板。本实用新型在不影响产品特有性能的基础上根据不同电源适配器输入，自动切换供电模式，提高了交换机的兼容性、实用性，降低交换机功率损耗，使得其应用更广泛。本实用新型作为一种应用于PSE交换机的电压切换电路，广泛适用于以太网供电poe技术领域。
47. 103176826 一种自由配置终端设备默认语言的方法及终端默认语言配置系统
CN
31.08.2016
G06F 9/445 Loading...
G06F 9/445
Loading...
102013000100767
深圳市共进电子股份有限公司
郑明明
G06F 9/445
Loading...
本发明提供了一种自由配置终端设备默认语言的方法，包括终端设备出厂时根据需要配置默认语言，在使用过程中对默认语言自动升级；包括在出厂时配置默认语言包括的步骤和在终端使用过程中启用和自动升级默认语言包括以下步骤。本发明与从网络下载语言包的专利形成优势互补，彻底解决终端产品对多语言的需求。
48. 105897572 家庭网关装置
CN
24.08.2016
H04L 12/66 Loading...
H04L 12/66
Loading...
102016000316118
深圳市共进电子股份有限公司
李奕键
H04L 12/66
Loading...
本发明涉及一种家庭网关装置，包括网关主控电路和温度传感电路。网关主控电路用于将外部网络接入家庭内部终端，且网关主控电路通过网络侧接口接入外部网络，并通过用户侧接口连接家庭内部终端。温度传感电路的第一输出端与网关主控电路的第一输入端连接。温度传感电路，用于检家庭网关装置的温度，并向网关主控电路输出与温度相对应的电信号。网关主控电路，在电信号超过第一阈值时采取相应的QOS策略以降低功耗。该家庭网关装置能够随时监测温度，并根据温度通过动态调整流量来达到降低功耗的目的，从而改善了传统家庭网关随着接入带宽吞吐量的不断升级而产生较大功耗的问题，既能保证一定的网络服务用户体验，又能保证安全的用网环境。
49. 103714003 一种终端网关设备软件的自动预测试方法
CN
17.08.2016
G06F 11/36 Loading...
G06F 11/36
Loading...
102013000753001
深圳市共进电子股份有限公司
徐庆方
G06F 11/36
Loading...
一种终端网关设备软件的自动预测试方法，解决终端网关设备软件测试过程中，软件预测试需要人工值守和手动干预，并在无人工值守的情况下不能及时对软件进行测试，浪费大量自测试时间的问题。本发明方法的技术方案为主控电脑访问编译服务器，在编译服务器上检索用户指定的待测版本软件，将未经测试的待测版本软件传送到主控电脑上，将终端网关设备升级到该待测软件版本，通过主控电脑登陆终端网关设备并进行设置，并对待测版本软件进行保存和重命名，通过主控电脑的控制，对需要预测试的用例进行自动测试，并输出测试结果。本发明方法实现了软件预测试过程无需人工值守和手动干预，节省预测试阶段闲置的测试时间，提前进入版本全面测试，加快产品开发进度的目的。
50. 103813038 一种通过单语音物理端口实现多种VOIP服务的方法
CN
17.08.2016
H04M 7/00 Loading...
H04M 7/00
Loading...
102013000562532
深圳市共进电子股份有限公司
白林喜
H04M 7/00
Loading...
本发明提供了一种通过单语音物理端口实现多种VOIP服务的方法，应用于SIP终端，包括：配置步骤：为各语音物理端口配置相关联的至少一个VOIP语音帐号及对应的服务器地址信息，生成一由若干拨号规则组成的数图规则表；注册步骤：根据配置信息向各帐号对应的服务器发起注册请求；呼出步骤：在终端用户拨号时，自动匹配数图规则表，按照匹配规则选择帐号发起呼叫请求，建立通话链接；呼入步骤：在收到Invite信令包时，确定目标VOIP语音帐号，如果对应语音物理端口当前处于空闲状态且当前帐户允许呼叫，则建立通话链接。本发明提高了语音物理端口的利用率，实现用户的个性化VOIP服务定制；具有备份服务器功能，增强了容错性和稳定性。
51. 103347004 一种提高VBD数据传输质量的方法
CN
17.08.2016
H04L 29/06 Loading...
H04L 29/06
Loading...
102013000243350
深圳市共进电子股份有限公司
陆文乐
H04L 29/06
Loading...
本发明提供了一种提高VBD数据传输质量的方法，包括步骤：（1）在主叫端和被叫端建立媒体流连接后、进入VBD数据传输模式前，提取该段时间内的语音媒体流作为评估网络质量的数据源，据此数据源连续计算出各RTP包的jitter值；（2）主叫端和被叫端根据jitter值分别设置本端静态Jitterbuffer的缓冲区深度，之后切换至VBD数据传输模式。本发明通过计算连接建立后、切换VBD模式前的媒体流的jitter值来判断当前的网络环境质量，进而设置jitterbuffer的缓冲区深度切入到VBD数据传输模式，更能贴近当前的网络环境，在最大限度保障数据信号的完整性的前提下，尽可能地提高了数据信号的实时性。
52. 103346825 一种智能天线的控制方法
CN
10.08.2016
H04B 7/04 Loading...
H04B 7/04
Loading...
102013000262291
深圳市共进电子股份有限公司
吴繁
H04B 7/04
Loading...
本发明提供了一种智能天线的控制方法，该方法在没有下行传输阶段，AP主动轮询为特定的天线组合发送数据，来主动切换天线，满足上行传输的需求，保证了多用户情况下，不会出现终端饿死的情况发生。
53. 105827460 一种网络设备自动化测试的方法、装置和系统
CN
03.08.2016
H04L 12/24 Loading...
H04L 12/24
Loading...
102016000310748
深圳市共进电子股份有限公司
刘运兵
H04L 12/24
Loading...
本发明适用于网络通信领域，提供了一种网络设备自动化测试的方法、装置和系统，旨在解决现有技术中对测试设备手动操作带来的人工投入成本高和测试效率低的问题。所述方法包括：从测试设备读取测试用例的索引信息；根据读取到的索引信息查找测试用例对应的配置信息；将配置信息导入到被测设备中，指令所述被测设备按照所述配置信息为所述被测设备配置测试参数；重新启动被测设备，以使配置生效；控制测试设备执行测试用例，对被测设备进行测试。本发明的技术方案实现了对测试设备的操作自动化，控制测试设备对被测设备进行自动化测试，使得测试过程不需要手动操作，减少了人员投入，提高了测试效率。
54. 105827336 无线测试系统及方法
CN
03.08.2016
H04B 17/15 Loading...
H04B 17/15
Loading...
102016000255121
深圳市共进电子股份有限公司
高玉莹
H04B 17/15
Loading...
本发明涉及一种无线测试系统及方法，用于测试基于ATHEROS无线芯片方案的待测设备的无线性能，且待测设备能够用art2工具进行测试。无线测试系统包括测试主控器和射频测试仪器。射频测试仪器用于检测待测设备的无线测试指标。测试主控器根据测试需求控制射频测试仪器和待测设备运行以进行无线测试。同时测试主控器与待测设备通过TCP协议进行通信，且测试主控器利用待测设备能够设别的指令控制待测设备运行，其中，待测设备能够设别的指令由测试需求结合art2工具的指令得出。该无线测试系统及方法能够根据测试需求对待测设备进行无线测试，从而使测试开发人员能够根据测试环境及需求进行自主开发测试，同时还能提高测试效率。
55. 105813126 一种无线AP性能自动化测试系统
CN
27.07.2016
H04W 24/08 Loading...
H04W 24/08
Loading...
201610269981.9
深圳市共进电子股份有限公司
袁良伟
H04W 24/08
Loading...
本发明提供提一种无线AP性能自动化测试系统，包括设置有测试服务器的测试主机、安装有标准无线网卡的测试终端、微波屏蔽暗室，被测的AP与所述的标准无线网卡的天线分别设置在所述的微波屏蔽暗室内，所述的测试主机内还设置有标准的有线网卡，所述的标准的有线网卡与被测的AP通过网线连接，所述的天线与标准无线网卡是通过电缆连接；所述的微波屏蔽暗室内，被测的AP设置在一个可控的360度转台上。通过转台旋转，可以模拟处于不同角度的STA的指标。
56. 105792269 基于UDP连接实现远程运维管理的方法和装置
CN
20.07.2016
H04W 24/04 Loading...
H04W 24/04
Loading...
102016000103916
深圳市共进电子股份有限公司
董浩
H04W 24/04
Loading...
本发明涉及一种基于UDP连接实现远程运维管理的方法和装置。该方法包括：发送UDP连接请求至云平台服务器，与所述云平台服务器之间建立UDP连接；接收所述云平台服务器通过所述UDP连接发送的第一应用报文，解析所述第一应用报文获取远程运维指令，根据所述远程运维指令执行对应操作；将执行结果通过所述UDP连接返回至所述云平台服务器。即通过主动向外网的云平台服务器发送UDP连接，实现防火墙的穿透，进而使云平台服务器能够通过建立的UDP连接进行远程运维管理，大大提高了运维管理的便利性。
57. 105791005 基于TCP连接实现远程运维管理的方法和装置
CN
20.07.2016
H04L 12/24 Loading...
H04L 12/24
Loading...
102016000103987
深圳市共进电子股份有限公司
董浩
H04L 12/24
Loading...
本发明涉及一种基于TCP连接实现远程运维管理的方法和装置。该方法包括：发送TCP连接请求至云平台服务器，与所述云平台服务器之间建立TCP连接；接收所述云平台服务器通过所述TCP连接发送的第一应用报文，解析所述第一应用报文获取远程运维指令，根据所述远程运维指令执行对应操作；将执行结果通过所述TCP连接返回至所述云平台服务器。即通过主动向外网的云平台服务器发送TCP连接，实现防火墙的穿透，进而使云平台服务器能够通过建立的TCP连接进行远程运维管理，大大提高了运维管理的便利性。
58. 105785168 检测电路及自动检测装置
CN
20.07.2016
G01R 31/00 Loading...
G01R 31/00
Loading...
102016000122365
深圳市共进电子股份有限公司
王小强
G01R 31/00
Loading...
本发明涉及一种检测电路，与供电系统连接，包括具备高电平导通的开关管、光电耦合单元、指示电路、轻触开关和分压滤波电路。在不间断供电切换过程中，通过按压上述的检测电路的轻触开关，使其开关管导通，指示电路与光电耦合单元发光源形成回路，指示电路开始工作，指示供电系统正常。当轻触开关恢复常开状态后，光电耦合单元受光器导通，使得开关管导通，指示电路开始工作，指示供电系统正常。若出现瞬时中断供电时，光电耦合单元断开，轻触开关为常开状态；当瞬时中断供电后恢复时，开关管无驱动，指示电路断路，处于异常状态。在不间断切换供电系统过程中，该检测电路可有效提示瞬时中断供电的状态。此外，还提供一种自动检测装置。
59. 105786404 一种Flash存储器的保护方法和装置
CN
20.07.2016
G06F 3/06 Loading...
G06F 3/06
Loading...
102016000097712
深圳市共进电子股份有限公司
闫瑞轩
G06F 3/06
Loading...
本发明适用于Flash存储器技术领域，提供了一种Flash存储器的保护方法和装置，旨在解决现有技术中Flash存储器的安全性较低，容易被非法拷贝并进行仿制的问题。所述方法包括：获取终端设备的Flash存储器中用于校验内容合法性的校验信息；对校验信息进行合法性校验，若校验失败，则确认Flash存储器中的内容为非法复制，并禁止读写所述内容。通过本发明的技术方案，可以判断终端设备中的Flash存储器是否为非法复制，并对非法复制的Flash存储器采取禁止读写其内容的措施，从而有效的保护Flash存储器的内容，避免Flash存储器的内容被非法的批量复制后用于仿制终端设备，提高Flash存储器的安全性。
60. 105786428 显示路由器的传输速率的方法及装置
CN
20.07.2016
G06F 3/14 Loading...
G06F 3/14
Loading...
102016000086715
深圳市共进电子股份有限公司
殷银亮
G06F 3/14
Loading...
本发明适用于信息技术领域，提供了显示路由器的传输速率的方法及装置。该方法包括：获取路由器当前计算时刻的传输速率，所述传输速率包括上行传输速率和/或下行传输速率；通过DHTML在网页中动态生成所述路由器的传输速率对应的曲线图，所述曲线图包括所述当前计算时刻的传输速率和所述当前计算时刻之前预设时间长度内的传输速率。本发明通过DHTML在网页中动态生成路由器当前计算时刻的传输速率和当前计算时刻之前预设时间长度内的传输速率对应的曲线图，由此以直观地方式显示路由器的传输速率，且无需用户下载专用的控件，也无需用户在浏览器中进行专门的安全设置，大大提高了显示路由器的传输速率的操作便捷性。
61. 105788923 一种按键结构
CN
20.07.2016
H01H 13/14 Loading...
H01H 13/14
Loading...
102016000330744
深圳市共进电子股份有限公司
黄玉
H01H 13/14
Loading...
本发明公开了一种按键结构，包括：按键，与所述按键固定连接的安装板，与所述安装板配合连接的壳体；安装板的两侧设有第一弹臂和第二弹臂，在所述安装板上设有凸起，所述第一弹臂和所述第二弹臂的端部分别设有第一限位部和第二限位部，所述壳体上设有按键孔，所述壳体上设有分别与所述第一限位部和所述第二限位部相匹配的第一固定部和第二固定部。安装时，将按键插装在按键孔内，再将第一限位部和第二限位部分别固定在第一固定部和第二固定部上，此安装过程简单方便、免去了利用热熔的方式将按键固定的繁琐工序和高额成本；且本结构出模简单，没有复杂结构。本按键结构解决了现有技术中存在的安装复杂、不易拆装以及成本高的问题。
62. 105763461 路由器升级方法和系统
CN
13.07.2016
H04L 12/771 Loading...
H04L 12/771
Loading...
201610268792.X
深圳市共进电子股份有限公司
张远茂
H04L 12/771
Loading...
本发明涉及一种路由器升级方法和系统，该方法包括以下步骤：路由器在工作状态下接收终端发送的http请求；当服务器存在用于路由器升级的固件时，路由器将http请求重定向到服务器的预定页面；服务器将预定页面和路由器的升级提示信息重组生成响应页面，并将响应页面发送至路由器；终端通过路由器接收响应页面，并显示响应页面；路由器接收终端根据响应页面发送的升级指令，并根据升级指令以实现路由器升级。上述的路由器升级方法和系统能够简便、便捷地实现路由器升级。
63. 105760486 录像文件的管理方法及装置
CN
13.07.2016
G06F 17/30 Loading...
G06F 17/30
Loading...
102016000089387
深圳市共进电子股份有限公司
许晖
G06F 17/30
Loading...
本发明适用于安防设备技术领域，提供了一种录像文件的管理方法及装置，所述管理方法包括：构建嵌入式数据库，所述嵌入式数据库中包括用于记录录像文件对应的属性信息的数据库表格；通过所述嵌入式数据库管理录像文件。本发明提高了录像文件的可维护性和可扩展性，方便了用户进行查看和修改等操作，有效地提高了对录像文件的管理效率。
64. 105763873 OTT网络机顶盒无线通讯性能的测试方法和系统
CN
13.07.2016
H04N 17/00 Loading...
H04N 17/00
Loading...
102016000255333
深圳市共进电子股份有限公司
林剑亮
H04N 17/00
Loading...
本发明公开了一种OTT网络机顶盒无线通讯性能的测试方法和系统，适用于网络机顶盒测试领域。该OTT网络机顶盒无线通讯性能的测试方法，通过对OTT网络机顶盒设置工厂模式标识；向设置了工厂模式标识的OTT网络机顶盒发送测试数据流，接收OTT网络机顶盒根据测试数据流发送的返回数据流，并根据返回数据流得到测试速率；将测试速率与速率阈值进行比较，以判断OTT网络机顶盒的无线通讯性能是否达标。实现了对OTT网络机顶盒无线通讯性能测试的完全自动化，避免了因为人工随机抽检而出现的检测覆盖率低、人工成本增加以及无法对生产线上的所有OTT网络机顶盒进行无线通讯性能检测的问题，提高了检测效率降低了生成成本。
65. 105762516 宽带天线
CN
13.07.2016
H01Q 5/50 Loading...
H01Q 5/50
Loading...
201610127857.9
深圳市共进电子股份有限公司
邓文
H01Q 5/50
Loading...
本发明涉及一种宽带天线，印刷在PCB板上，包括相连接的辐射单元和同轴电缆线。辐射单元包括两个辐射主体，辐射主体包括依次连接的主辐射段、信号传输段及信号馈入段。主辐射段，用于无线接收或发射电磁波。信号传输段用于在主辐射段和信号馈入段之间传输信号。信号馈入段用于连接同轴电缆线。其中一个辐射主体中的主辐射段、信号传输段、信号馈入段分别与另一个辐射主体中的主辐射段、信号传输段、信号馈入段中心对称。该宽带天线能够避免电流不平衡引起的漏电流及方向图扭曲，进而提高该宽带天线的效率和增益。
66. 103095608 一种DNS数据包的代理转发方法
CN
29.06.2016
H04L 12/883 Loading...
H04L 12/883
Loading...
102013000003934
深圳市共进电子股份有限公司
朱其武
H04L 12/883
Loading...
本发明提供了一种DNS数据包的代理转发方法，包括步骤：在代理进程接收域名解析请求数据包时，读取linux内核中对应skb数据包的mark值，将该域名解析请求数据包与其对应的mark值一并存储于缓冲链表中；在数据包转发前，对于缓冲链表中有标记mark值的域名解析请求数据包，从缓冲链表中读取标记的mark值，将该mark值设置于该域名解析请求数据包对应的套接字的属性选项中，然后通过套接字转发域名解析请求数据包。本发明应用透传技术，在转发数据包的时候，设置mark值到套接字选项中，这样域名解析请求数据包能够根据原来的mark值走策略路由，从而确保了域名解析的正确性。
67. 105721350 一种智能分配带宽的方法及装置
CN
29.06.2016
H04L 12/927 Loading...
H04L 12/927
Loading...
102016000124811
深圳市共进电子股份有限公司
付云龙
H04L 12/927
Loading...
本发明公开了一种智能分配带宽的方法及装置，该方法包括：接收终端设备的业务带宽请求，统计在预置时长内所请求的业务总带宽，并判断所请求的业务总带宽是否超出可分配的总带宽，若否，按照业务类型和各业务等级的带宽分配权重值分配业务带宽，若是，则优先将业务带宽分配给最高业务等级的业务类型，并根据剩余未分配的业务类型所请求的业务带宽和各业务等级的可分配带宽的阀值，为剩余未分配的业务类型分配剩余的业务带宽。本发明可有效智能地管理网络带宽，避免网络拥塞或资源浪费。
68. 105680169 双频偶极子天线
CN
15.06.2016
H01Q 1/38 Loading...
H01Q 1/38
Loading...
201610067770.7
深圳市共进电子股份有限公司
邹丹
H01Q 1/38
Loading...
一种双频偶极子天线，包括天线主体，所述天线主体包括第一天线单元和第二天线单元；所述第一天线单元包括第一辐射段、第二辐射段及第一馈线；所述第二天线单元包括第三辐射段、第四辐射段及第二馈线，第二馈线与所述第一馈线以间隙相隔，所述第三辐射段和所述第四辐射段位于所述第二馈线的远离所述第一馈线的一侧；所述第一馈线和所述第二馈线其中一个设有接地点，另一个设有信号馈入点；所述第一辐射段和所述第四辐射段交错相对；所述第二辐射段和所述第三辐射段交错相对。由于主辐射段利用多路径的方式实现双频的功能，简单且有效；主辐射段易于调节，可使天线辐射段在有限的空间内，最大化利用空间，增加天线的带宽、效率和增益。
69. 105681132 用户上网行为的采集方法及装置
CN
15.06.2016
H04L 12/26 Loading...
H04L 12/26
Loading...
201610109300.2
深圳市共进电子股份有限公司
罗润芝
H04L 12/26
Loading...
本发明适用于嵌入式无线网络技术领域，提供了一种用户上网行为的采集方法及装置，所述方法包括：当无线网络接入点检测到用户设备接入时，采集所述用户设备对应的用户信息以及所述用户设备所访问的资源信息；将所述用户信息及用户设备所访问的资源信息上传至服务器。本发明解决了现有技术不能对公共无线网络的使用者以及所述使用者的上网行为进行追踪、查找和记录的问题，有利于防止不法分子占用公共场所中的无线网络以及借助公共无线网络实施违法行为，改善了公共无线网络的速度、质量。
70. 105680935 一种检测GPON系统接收端最佳工作电压的方法、装置及系统
CN
15.06.2016
H04B 10/073 Loading...
H04B 10/073
Loading...
201610071565.8
深圳市共进电子股份有限公司
肖冲
H04B 10/073
Loading...
本发明公开了一种检测GPON系统接收端最佳工作电压的方法，包括：测得不同电压值分别对应的灵敏度值；将所得灵敏度值曲线拟合，得出接收端最佳工作电压值。一种检测GPON系统接收端最佳工作电压的装置，包括：第一模块，用于测得不同电压值对应的灵敏度值；第二模块，用于得出GPON系统接收端最佳工作电压值。一种检测GPON系统接收端最佳工作电压的系统，包括计算机设备，还包括误码仪发射装置、程控可调光衰减器和待测ONU单元。其为不同类型的BOSA接收端寻找适合工作的最佳电压提供了一种方法，也为提高GPON？ONU接收端产品性能，快速批量导入各类型BOSA提供了有力支持，应用于网络终端产品领域。
71. 105656569 无线信号测量系统
CN
08.06.2016
H04B 17/00 Loading...
H04B 17/00
Loading...
201610147906.5
深圳市共进电子股份有限公司
刘德银
H04B 17/00
Loading...
本发明涉及一种无线信号测量系统，包括：位于第一封闭空间的无线待测设备及辐射天线组、位于第二封闭空间的陪测设备及测试主控器、位于第一封闭空间及第二封闭空间之间的信号传播模拟装置。第一封闭空间、第二封闭空间均具备自由空间的条件。信号传播模拟装置，用于模拟无线信号传播模型，并将辐射天线组无线接收的由无线待测设备发送的数据进行信道模拟处理后传送至陪测设备，或信号传播模拟装置将陪测设备传来的数据进行信道模拟处理后通过辐射天线组无线发送至无线待测设备。该无线信号测量系统能够模拟无线待测设备发射或接收信号的反射、绕射、直射等不同的传播模式，替代了实际的测试验证场地，能够提高信号测量系统的测试性能和测试效率。
72. 105656697 一种提高网络可靠性的方法和装置
CN
08.06.2016
H04L 12/24 Loading...
H04L 12/24
Loading...
201610164757.3
深圳市共进电子股份有限公司
牛佛林
H04L 12/24
Loading...
本发明适用于通信术领域，提供了一种提高网络可靠性的方法和装置，旨在解决现有技术中在大规模测试环境下由于无线信号干扰导致网络可靠性低的问题。所述方法包括：向待测电子设备发送PING请求；当在预置时间内未收到所述待测电子设备返回的所述PING请求的回声应答时，对所述服务端设备的网络模块进行刷新操作，所述网络模块通过无线方式与所述待测电子设备连接。通过本发明的技术方案，实现了在大规模测试过程中，自动识别服务端设备和待测电子设备之间的无线连接中断并及时恢复，提高了测试过程中无线网络连接的可靠性，确保测试的正常进行，提高测试结果的准确性。
73. 105657734 无线智能漫游方法、系统和装置
CN
08.06.2016
H04W 24/02 Loading...
H04W 24/02
Loading...
201610099805.5
深圳市共进电子股份有限公司
伍国祥
H04W 24/02
Loading...
本发明涉及一种无线智能漫游方法、系统和装置，包括：第一外置无线接入点检测接入的终端信号强度低于预设漫游信号阈值时，通过UPnP向主无线接入点上报弱信号事件，该事件携带终端网卡MAC地址，使主无线接入点通过UPnP向至少一个第二外置无线接入点发送终端扫描请求，该请求携带MAC地址；第二外置无线接入点扫描查找该MAC地址对应终端，并于查找到终端后将扫描结果通过UPnP上报主无线接入点，使主无线接入点选取出优先级最高的目标外置无线接入点；第一外置无线接入点接收主无线接入点发送的关联解除请求，向终端发送关联解除帧以解除关联，且在第一预设时长内不响应终端关联请求；目标外置无线接入点响应终端关联请求与终端建立连接，提高了网络性能。
74. 105634869 一种网络设备吞吐量检测系统
CN
01.06.2016
H04L 12/26 Loading...
H04L 12/26
Loading...
201610042332.5
深圳市共进电子股份有限公司
金志虎
H04L 12/26
Loading...
本发明提供提供一种网络设备吞吐量检测系统，包括服务器，测试端口，接收端口，陪测设备，计数模块；还包括至少具有两个PCI-E插槽的电脑，两个PCI-E插槽中分别插入IP地址为测试定制地址的测试网卡和与所述的测试定制地址同网段的任一地址的陪测网卡；在所述的电脑中至少包括具备Windows？virtual？PC功能的Virtual？Machines插件，所述的Virtual？Machines插件产生所述的服务器和计数模块。通过本发明的测试设备，只用一台电脑完成网络设备吞吐量测试，简化了操作，节省了人力物力。
75. 105610126 网络设备过热保护电路
CN
25.05.2016
H02H 5/04 Loading...
H02H 5/04
Loading...
201510990826.1
深圳市共进电子股份有限公司
薛孙曦
H02H 5/04
Loading...
本发明涉及一种网络设备过热保护电路，连接于网络设备与电源适配器之间，该网络设备过热保护电路包括：温度采样触发模块、自锁模块、电源开关模块；温度采样触发模块用于采集网络设备的温度信号，并根据温度信号输出与温度信号变化一致的数字控制信号；自锁模块用于在数字控制信号升高至临界值后且在数字控制信号从临界值开始下降后输出导通电压；电源开关模块，用于根据上述导通电压切断电源适配器向网络设备提供的供电电路。该网络设备过热保护电路能自动控制网络设备停止运行，同时在温度下降后，仍然能使网络设备保持停止运行的状态，以避免因热量累积而发生危险的情况。因此，能够对网络设备进行过热保护，从而延长了网络设备的使用寿命。
76. 105610125 网络设备过热保护电路
CN
25.05.2016
H02H 5/04 Loading...
H02H 5/04
Loading...
201510990639.3
深圳市共进电子股份有限公司
薛孙曦
H02H 5/04
Loading...
本发明涉及一种网络设备过热保护电路，连接于网络设备与电源适配器之间，该网络设备过热保护电路包括：温度采样触发模块、自锁模块、电源开关模块；温度采样触发模块用于采集网络设备的温度信号，并根据温度信号输出与温度信号变化一致的数字控制信号；自锁模块用于在数字控制信号升高至临界值后且在数字控制信号从临界值开始下降后输出导通电压；电源开关模块，用于根据上述导通电压切断电源适配器向网络设备提供的供电电路。该网络设备过热保护电路能自动控制网络设备停止运行，同时在温度下降后，仍然能使网络设备保持停止运行的状态，以避免因热量累积而发生危险的情况。因此，能够对网络设备进行过热保护，从而延长了网络设备的使用寿命。
77. 105553289 测试系统及其信号隔离设备
CN
04.05.2016
H02M 5/42 Loading...
H02M 5/42
Loading...
201610066647.3
深圳市共进电子股份有限公司
金志虎
H02M 5/42
Loading...
本发明属于信号处理技术领域，公开了一种测试系统及其信号隔离设备。在本发明中，通过采用包括整流电路与方波逆变电路的信号隔离设备，使得每个整流支路将交流电整流成直流电，并通过滤波单元进行杂波相位延迟处理，且每个整流支路将经过杂波相位延迟处理后的直流电进行电压转换后输出第一直流电；多个整流支路所输出的第一直流电进行电压叠加和杂波抵消处理后输出第二直流电至方波逆变电路，方波逆变电路对第二直流电进行升压与整流处理后输出，实现了杂波信号的滤除，保证信号在传输过程中的正确性，且信号隔离设备采用结构简单的整流电路实现，进而使得信号隔离设备的结构简单、体积小，从而解决了现有的信号隔离器存在体积大、成本高的问题。
78. 103365747 一种嵌入式电子设备配置自动还原的方法及配置自动还原系统
CN
04.05.2016
G06F 11/14 Loading...
G06F 11/14
Loading...
201310288226.1
深圳市共进电子股份有限公司
赖思敏
G06F 11/14
Loading...
本发明提供了一种嵌入式电子设备配置自动还原的方法及配置自动还原系统，该方法解决了嵌入式电子设备功能管理过程中管理缺失的技术问题。采用的技术方案是，通过外部设备对无源光网络终端进行配置，可针对不同的配置数据触发不同的预设功能操作，并且是否同步写入到非易失存储器中进行保存。本发明增强了嵌入式电子设备功能管理的完整性和灵活性，并增强了实用性，能为无源光网络终端用户提供更友好的用户体验。同时，本发明也适合于无源光网络终端用户与网络运营商或网络管理员之间对无源光网络终端设备的协同管理，减少了网络运营商或网络管理员的管理消耗。
79. 105529556 一种USB网卡
CN
27.04.2016
H01R 13/42 Loading...
H01R 13/42
Loading...
201610093728.2
深圳市共进电子股份有限公司
黄玉
H01R 13/42
Loading...
本发明提供了一种USB网卡，包括具有安装腔的USB主体；与USB主体电连接的主板；一端可拆卸卡合在USB主体的安装腔并外罩于主板的USB插头，USB插头的内腔侧壁上设置有限位槽，主板卡设在限位槽内；外罩于USB插头远离USB主体一端的盖体，盖体与USB主体可拆卸卡合。本发明通过USB插头上的限位槽形成对主板的夹持，实现主板与USB插头可拆卸连接，同时USB插头的一端与USB主体可拆卸卡合，USB插头的一端与盖体套接，盖体与USB主体可拆卸卡合，实现了USB网卡的可拆卸组装，从而便于USB网卡的返工和维修，避免造成整个产品的报废，进而提高了USB网卡的使用寿命。
80. 103354502 一种EPON家庭网关跨VLAN组播实现方法
CN
20.04.2016
H04L 12/18 Loading...
H04L 12/18
Loading...
201310284016.5
深圳市共进电子股份有限公司
何思斌
H04L 12/18
Loading...
本发明提供了一种EPON家庭网关跨vlan组播的实现方法，在EPON家庭网关启动时先初始化驱动层中保存跨vlan组播vlan？id和wan连接vlan？id的数据结构；在应用层起来后，将跨vlan组播的vlan？id和wan连接的vlan？id传入驱动层，并保存在驱动层已初始化的数据结构中，带跨vlan组播vlan？id的组播数据报文到达EPON家庭网关的wan侧后，在驱动层将组播数据报文的跨vlan组播vlan？id替换为wan连接的vlan？id进行处理后到达EPON家庭网关的lan侧的终端设备，完成组播节目的播放，能有效解决为wan连接vlan？id和跨vlan组播vlan？id分别创建虚拟设备添加到桥设备中出现的环路问题。本发明的有益效果是整个过程实现起来简单，容易实施，对EPON家庭网关的其它业务没有影响，对EPON家庭网关性能的稳定性有保证。
81. 105491622 无线网络参数配置的方法、装置和系统
CN
13.04.2016
H04W 28/18 Loading...
H04W 28/18
Loading...
201510807436.6
深圳市共进电子股份有限公司
伍国祥
H04W 28/18
Loading...
本发明涉及一种无线网络参数配置的方法、装置和系统，包括：接收主无线接入点在满足预设条件时通过UPnP发送的无线配置同步请求，通过UPnP向主无线接入点发送同步准备响应，以使主无线接入点通过UPnP发送无线配置参数设置请求，解析此请求的报文，获取无线配置参数信息，并将无线配置参数信息缓存，通过UPnP向主无线接入点发送无线配置参数设置请求对应的设置响应，以使主无线接入点通过UPnP发送无线配置参数同步事务提交请求，解析此请求得到请求同步码，如果请求同步码与本地同步码不一致，则生效无线配置参数信息并保存，更新本地同步码为请求同步码，通过UPnP向主无线接入点发送同步事务提交请求对应的第一响应，提高了无线网络参数配置的便利性。
82. 105472318 一种低功耗网络摄像机的启动方法及系统
CN
06.04.2016
H04N 7/18 Loading...
H04N 7/18
Loading...
201510790466.0
深圳市共进电子股份有限公司
许晖
H04N 7/18
Loading...
本发明提供了一种低功耗网络摄像机的快速启动方法，涉及安防监控技术领域。该方法包括：采用PIR传感器监测低功耗网络摄像机的监控区域内是否有人入侵；若有，则运行Linux操作系统的引导加载程序，同时将编码芯片从休眠状态唤醒，开启音频采集和图像捕捉功能，并将采集到的音频数据和经编码芯片编码后视频数据存储至缓存中；运行Linux操作系统，继续采集监控区域内音频数据和视频数据，将采集到的音频数据和经编码芯片编码后的视频数据存储至缓存；将运行引导加载程序阶段和运行Linux操作系统阶段获取的音频数据和视频数据一并写入音视频文件；将音视频文件上传至云服务器。本发明能够减少低功耗网络摄像机的启动时间，准确的还原入侵现场。
83. 205080241 开关电源测试工装
CN
09.03.2016
G01R 31/40 Loading...
G01R 31/40
Loading...
201520510200.1
深圳市共进电子股份有限公司
乔志刚
G01R 31/40
Loading...
本实用新型涉及一种开关电源测试工装，用于对不同型号的开关电源进行测试，并检测开关电源对模拟产品是否存在噪声干扰现象。该开关电源测试工装包括：用于将开关电源接入开关电源测试工装的电源接口模块、用于调节负载的可调负载模块、用于将模拟产品接入开关电源测试工装的模拟产品接口模块。该开关电源测试工装，无需重新组装测试电路，即可对不同型号的开关电源进行测试，操作便捷；且可模拟开关电源实际供电的情况，提高了对开关电源测试的准确度。
84. 105353000 半导体器件及其检测方法
CN
24.02.2016
G01N 27/00 Loading...
G01N 27/00
Loading...
201510662259.7
深圳市共进电子股份有限公司
唐佛南
G01N 27/00
Loading...
本发明涉及一种半导体器件及其检测方法，其中，该半导体器件包括用于电容检测的半导体器件以及双模式半导体器件，该用于电容检测的半导体器件通过相同的第一离子敏感膜和第二离子敏感膜杜绝离子活度的影响，从而实现对待测物的电容的检测，该双模式半导体器件基于该用于电容检测的半导体器件，通过施加参比电极来实现该双模式半导体器件，可以实现对待测物的电容和离子活度的检测；其中在一种较好的实施方式中，还引入了梳齿电容，以使得该双模式半导体器件的工作更加准确。采用该种结构的半导体器件及其检测方法，实现了对待测物的电容和离子活度的同时检测，提高了对测量的准确性，有利于后续对待测物的研究，器件结构简单，应用范围广泛。
85. 105357483 一种低功耗网络摄像系统及便携式低功耗网络摄像机
CN
24.02.2016
H04N 7/18 Loading...
H04N 7/18
Loading...
201510790467.5
深圳市共进电子股份有限公司
苏邓海
H04N 7/18
Loading...
本发明适用于网络摄像机领域，提供一种低功耗网络摄像系统及便携式低功耗网络摄像机，包括：IPC主模块、WiFi模块、PIR模块以及分别与IPC主模块、WiFi模块和PIR模块连接的功耗控制模块，该功耗控制模块用于当接收到IPC主模块发出的工作完成通知时，向IPC主模块发送断电控制信号并进入低功耗状态，以使IPC主模块断电关闭；当接收到WiFi模块和/或PIR模块发出的触发信号时，进入正常工作状态，并向IPC主模块发送上电控制信号，以使IPC主模块上电运行。本发明通过设置功耗控制模块，使功耗控制模块能够对与其连接的IPC主模块、WiFi模块和PIR模块的功耗进行综合控制，大大降低了网络摄像系统的功耗，增加了利用电池进行供电的网络摄像机的续航能力。
86. 105300330 一种精确检测打螺丝状态的装置及方法
CN
03.02.2016
G01B 21/00 Loading...
G01B 21/00
Loading...
201510299807.4
深圳市共进电子股份有限公司
邹雪松
G01B 21/00
Loading...
本发明公开了精确检测打螺丝状态的装置及方法。装置包括螺丝位置检测装置和处理模块，螺丝位置检测装置的输出端连接到处理模块的输入端；螺丝位置检测装置包括测试针、主体位置微动开关和螺丝位置微动开关。方法包括步骤：S1，分别探测产品主体位置和螺丝位置；S2，结合产品主体位置和螺丝位置的探测信号，判断螺丝位置是否到位。本发明通过利用两个微动开关和测试针，同时探测产品主体位置和螺丝位置，使得螺丝位置的检测更加准确，降低了螺丝位置误判率，提高了检测效率的同时保证的产品装配质量，而且装置结构简单，实施成本低，具有良好的经济和社会效益。本发明可广泛应用于各种螺丝位置检测系统。
87. 204975120 光器件折弯剪脚机
CN
20.01.2016
B21F 1/00 Loading...
B21F 1/00
Loading...
201520364418.0
深圳市共进电子股份有限公司
李文峰
B21F 1/00
Loading...
本实用新型涉及专用机械加工设备领域，提供光器件折弯剪脚机，包括机体，机体上设有用于装夹光器件的装夹机构、与装夹机构间隔设置且用于对光器件引脚进行折弯剪切的折弯剪脚机构以及用于对装夹机构及折弯剪脚机构进行控制的电控系统。由于上述采用了光器件折弯剪脚机装夹机构、折弯剪脚机构及电控系统，工作时，在电控系统的控制下，装夹机构先将光器件装夹完毕，折弯剪脚机构再对光器件的引脚进行折弯、剪切操作，实现了对光器件的引脚折弯、剪切处理的自动化操作，因此，相比较现有采用人工折弯剪切的方式而言，上述光器件折弯剪脚机避免由于采用人工折弯、剪切而导致折弯不良和剪脚不一致的问题，其生产效率高、成本低。
88. 105226608 一种过热保护电路及机顶盒
CN
06.01.2016
H02H 5/04 Loading...
H02H 5/04
Loading...
201510728058.2
深圳市共进电子股份有限公司
薛孙曦
H02H 5/04
Loading...
本发明属于保护电路技术领域，尤其涉及一种过热保护电路及机顶盒。在本发明实施例中，当机顶盒温度升高时，温度采样触发电路对目标温度进行采样，若高于预设温度，生成触发信号，自锁电路对触发信号进行维持，电源开关接收触发信号，切断电源对机顶盒供电，同时状态提示电路向用户提示当前处于故障状态，这样提高了机顶盒的性能和寿命。
89. 204944460 一种精确检测打螺丝状态的装置
CN
06.01.2016
G01B 21/00 Loading...
G01B 21/00
Loading...
201520377740.7
深圳市共进电子股份有限公司
邹雪松
G01B 21/00
Loading...
本实用新型公开了精确检测打螺丝状态的装置,包括螺丝位置检测装置和处理模块，螺丝位置检测装置的输出端连接到处理模块的输入端；螺丝位置检测装置包括测试针、主体位置微动开关和螺丝位置微动开关。本实用新型通过利用两个微动开关和测试针，同时探测产品主体位置和螺丝位置，使得螺丝位置的检测更加准确，降低了螺丝位置误判率，提高了检测效率的同时保证的产品装配质量，而且装置结构简单，实施成本低，具有良好的经济和社会效益。本实用新型可广泛应用于各种螺丝位置检测系统。
90. 204945399 一种自动化检测打螺丝的装置
CN
06.01.2016
G01V 3/02 Loading...
G01V 3/02
Loading...
201520377220.6
深圳市共进电子股份有限公司
邹雪松
G01V 3/02
Loading...
本实用新型公开了一种自动化检测打螺丝的装置，包括螺丝位置检测装置、用于扫描产品标签的扫描枪和处理模块，所述螺丝位置检测装置的输出端连接到处理模块的输入端，所述扫描枪的输出端连接到处理模块的输入端。本实用新型通过螺丝位置检测装置测试螺丝位置，通过扫描枪记录对应产品标签，方便产品的检测、统计和管理，提高了检测效率，而且有利于产品问题的追溯；装置结构简单，实施成本低，具有良好的经济和社会效益。本实用新型可广泛应用于各种螺丝位置检测系统。
91. 105188153 通信控制方法、无线接入点及终端
CN
23.12.2015
H04W 74/08 Loading...
H04W 74/08
Loading...
201510559459.X
深圳市共进电子股份有限公司
吴繁
H04W 74/08
Loading...
本实施例公开一种通信控制方法、无线接入点及终端，通过所述无线接入点发送带有TDMA标识的特殊报文，然后接收并处理所述终端发送的数据，使所述终端按照所述特殊报文中包含的终端发送数据所对应的时间片分配信息有规律的使用与所述无线接入点之间数据传输的通道；即便所述终端的数量较多时，也可以按照此方法进行终端数据发送时间的分配，因此可以避免终端比较多时的数据传输经常出现碰撞的问题。
92. 105067846 一种BGA封装芯片的测试夹具
CN
18.11.2015
G01R 1/04 Loading...
G01R 1/04
Loading...
201510485742.2
深圳市共进电子股份有限公司
贺龙胜
G01R 1/04
Loading...
本发明提供了一种BGA封装芯片的测试夹具，由多层印制电路板制作的夹具板，所述的夹具板的顶面和底面都设置有与待测BGA封装芯片引脚一致的BGA焊盘，在所述的夹具板的顶面还设置有测试点；所述的夹具板的顶面和底面的焊盘通过印制电路板过孔及印制电路板走线连通，在待测BGA芯片封装在夹具板的顶面时，夹具板的底面封装在使用该待测BGA芯片的主板上，所述的测试点与焊盘中需要测试的信号线通过印制电路板走线连通。该BGA封装芯片的测试夹具，利用该测试夹具可以实现较精确的测量结果，且价格便宜。
93. 105043864 塑胶件超声熔接效果检测机
CN
11.11.2015
G01N 3/08 Loading...
G01N 3/08
Loading...
201510288510.8
深圳市共进电子股份有限公司
贺志民
G01N 3/08
Loading...
本发明涉及检测设备的领域，提供塑胶件超声熔接效果检测机，包括机架，机架上设有传送组件，机架上沿传送组件传送方向依序设有进料阻挡组件、用于检测塑胶件壳体超声面熔接效果以鉴定塑胶件是否为不良品的检测组件、抓取组件及电控组件。工作时，传送组件将塑胶件送至进料阻挡组件处，进料阻挡组件逐个释放塑胶件，检测组件对塑胶件进行逐个检测，并将检测结果反馈给电控组件，若为不良品，抓取组件将不良品置于不良品区域，若为良品，塑胶件将传送下一个工位。因此，上述塑胶件超声熔接效果检测机实现对所有产品超声熔接效果的自动检测，节省人工，检测效率高，同时，避免影响塑胶件内部器件的正常使用。
94. 105050113 一种无线中继器及其升级方法
CN
11.11.2015
H04W 24/02 Loading...
H04W 24/02
Loading...
201510350225.4
深圳市共进电子股份有限公司
吴悠慧
H04W 24/02
Loading...
本发明公开一种无线中继器及其升级方法，应用于多个同时升级的无线中继器，其中每个无线中继器分别通过接收升级触发信号，并判断是否处于升级模式；当判断处于升级模式时，扫描预设的特定上行路由器，并与扫描到的特定上行路由器进行连接；连接上之后通过连接的特定上行路由器在局域网内与预置的升级服务器通信，获取升级软件并升级。因而实现了多个无线中继器的同时批量升级，避免了逐个升级所要面临的复杂操作过程及庞大的人力资源投入，进而提高了升级效率。
95. 105048088 天线本体的保护方法及天线
CN
11.11.2015
H01Q 1/42 Loading...
H01Q 1/42
Loading...
201510398764.5
深圳市共进电子股份有限公司
秦祥宏
H01Q 1/42
Loading...
本发明适用于天线加工技术领域，提供了一种天线本体的保护方法，旨在解决现有技术中五金天线无法保证其尺寸稳定以及性能稳定的技术问题。该天线本体的保护方法包括以下步骤：提供五金件；加工天线本体，根据天线形状对所述五金件进行冲压成型以得到天线本体；提供注塑机以及用于所述注塑机中的塑胶模，所述塑胶模与所述天线本体的形状和尺寸相适应，注塑加工，将所述天线本体放置于所述塑胶模中并对所述天线本体进行注塑成型。该天线本体的保护方法利用冲压工艺制得天线本体，并通过将天线本体放置于塑胶模中以进行包胶注塑成型，得到天线。利用包胶注塑成型以确保天线本体的五金件结构的尺寸和形状受到可靠的保护，确保天线性能。
96. 105049644 基于VOIP互拨电话自动化测试系统及测试方法
CN
11.11.2015
H04M 3/22 Loading...
H04M 3/22
Loading...
201510308505.9
深圳市共进电子股份有限公司
高玉莹
H04M 3/22
Loading...
本发明提供了一种基于VOIP互拨电话自动化测试方法，包括以下步骤：语音服务器将其第一分类通道所接的FXS口与对应的第二分类通道所接的FXS口建立通讯连接；所述第二分类通道通过所接的FXS口发送DTMF码，对应的所述第一分类通道通过所接的FXS口收到所述DTMF码后回传给所述第二分类通道；所述语音服务器将回传的DTMF码与之前所发的DTMF码进行对比，若不一样，则测试结束，并返回测试失败信息；若一样，则所述第二分类通道模拟挂机，同时对应的所述第一分类通道在检测到对方挂机后也模拟挂机，并返回测试成功的信息。该设备将手动拨号测试改自动化拨号测试，减少了人为操作的失误和测试效率低的问题。
97. 105048090 双面偶极子天线
CN
11.11.2015
H01Q 1/48 Loading...
H01Q 1/48
Loading...
201510473689.4
深圳市共进电子股份有限公司
邹丹
H01Q 1/48
Loading...
本发明提供了一种双面偶极子天线，所述天线包括第一天线单元和第二天线单元，所述第一天线单元包括：第一主辐射部；第一地辐射部；第一信号传输部，一端耦接于所述第一主辐射部上与所述第一地辐射部相对的一端，另一端设有信号馈入点；及第一接地点；所述第二天线单元包括：第二地辐射部，与所述第一地辐射部相对设置且导电连接，且形成电流平衡；及第二信号传输部，一端耦接于所述第二地辐射部的一端，另一端耦接于所述第二接地点。通过平行双导向的信号馈入段特殊的馈电，使其能用在非常狭窄的硬件环境；主辐射部、地辐射部简单并易于调节，可以应用在各种所需的频段；两个地辐射部的通过到导电连接，保护地电流。
98. 105048086 偶极子天线
CN
11.11.2015
H01Q 1/38 Loading...
H01Q 1/38
Loading...
201510474019.4
深圳市共进电子股份有限公司
邹丹
H01Q 1/38
Loading...
本发明提供了一种偶极子天线，设基板上，包括至少两个天线单元，每个所述天线单元为凸状结构，包括主辐射部和耦接于该主辐射部一侧的阻抗匹配部，两个所述天线单元呈二字型错位相离锥垒排布，且两个所述阻抗匹配部错位相对；两个所述天线单元的主辐射部上靠近其阻抗匹配部的一侧分别设有接地点和信号馈入点，每个所述天线单元的主辐射部上远离所述阻抗匹配体的另一侧设有开路点。由于阻抗匹配部严格对称且间距较小，其上电流等幅反向，不参与辐射，因而不影响天线方向图。
99. 105048085 偶极子天线
CN
11.11.2015
H01Q 1/38 Loading...
H01Q 1/38
Loading...
201510473754.3
深圳市共进电子股份有限公司
邹丹
H01Q 1/38
Loading...
本发明提供了一种偶极子天线，设于基板上，包括至少两个天线单元，每个所述天线单元包括具有阻抗匹配功能且具有一张角的主辐射体和藕接于该主辐射体的张角一侧的信号馈入段，所述信号馈入段相对所述主辐射体呈勾状设置；两个所述天线单元中的一个相对另一个呈线性180°旋转倒置，其中一个所述天线单元的信号馈入段上设有接地点，另一个所述天线单元的信号馈入段上设有信号馈入点，每个所述天线单元的主辐射体上与所述张角相对的另一端设有开路点。由于主辐射体中两种电长度的这两条电流路径形成张角使其上拥有特殊的阻抗特性，并实现小型化超宽带，简单并易于调节天线性能，且主辐射体的理论损耗小。
100. 105024140 天线模块的制作方法及天线
CN
04.11.2015
H01Q 1/36 Loading...
H01Q 1/36
Loading...
201510397047.0
深圳市共进电子股份有限公司
秦祥宏
H01Q 1/36
Loading...
本发明适用于天线加工技术领域，提供了一种天线模块的制作方法，旨在解决现有技术中五金天线无法保证其尺寸稳定以及性能稳定的技术问题。该天线模块的制作方法包括以下步骤：提供五金件；对五金件进行冲压成型以得到天线本体；第一次注塑加工，对天线本体进行第一次注塑成型，得到半成品；第二次注塑加工，对天线本体进行第二次注塑成型。该天线模块的制作方法利用冲压工艺制得天线本体，并利用两次包胶注塑成型以确保天线本体的五金件结构的尺寸和形状受到可靠的保护，确保天线性能。该保护方法简单，避免为了提高增益而使用尺寸过大的天线，降低了整个终端设备的便携性和使用方便性；并且同时确保了天线的小型化、减小了轮廓尺寸，节省了成本。
101. 105007227 路由器及其封装结构
CN
28.10.2015
H04L 12/771 Loading...
H04L 12/771
Loading...
201510330246.X
深圳市共进电子股份有限公司
熊维强
H04L 12/771
Loading...
本发明提供路由器及其封装结构。路由器包括封装结构及壳体，壳体的一端为开口端，封装结构封装开口端。封装结构包括底座及底盖，底座固定设于壳体的开口端，底座朝向壳体的侧面设有安装部。安装部设有安装孔及凸台，凸台设于安装孔的边缘，凸台朝向壳体的内部凸起；底盖设于底座背向开口端的一侧，底盖覆盖底座。底盖朝向底座的侧面上设有旋钮，旋钮包括柱体及凸翅。凸翅设于柱体顶端的相对两侧，旋钮穿过安装孔。旋转旋钮，使凸翅压持在凸台上，旋钮与安装部卡合连接。上述路由器通过上述封装结构的旋钮与安装部卡合连接，底盖背向旋钮的侧面为平面，底盖将底座包覆，遮挡底座上的螺孔及螺钉，壳体简洁美观，增强路由器的整体外观效果。
102. 104993947 批量升级固件的方法
CN
21.10.2015
H04L 12/24 Loading...
H04L 12/24
Loading...
201510314358.6
深圳市共进电子股份有限公司
邹雪松
H04L 12/24
Loading...
本发明旨在针对现有的固件升级效率低下的问题，提供一种批量升级固件的方法，所述方法包括：建立多线程模块，所述多线程模块用于调用文件传输工具；通过交换机连接多个待升级设备，将所述交换机的已接入所述待升级设备的端口分别配置VLAN，将所述交换机的已接入所述待升级设备的端口配置为access模式；提供IP转换服务器，通过所述IP转换服务器与所述交换机连接，将所述交换机与所述IP转换服务器的连接的端口配置为trunk模式，所述IP转换服务器用于将IP地址转换为多个与所述VLAN分别对应的IP地址；运行所述多线程模块，调用所述文件传输工具根据包含升级固件的升级报文，将所述升级固件分别发送至所述多个待升级设备。
103. 104994023 路由器及其外壳
CN
21.10.2015
H04L 12/771 Loading...
H04L 12/771
Loading...
201510331330.3
深圳市共进电子股份有限公司
熊维强
H04L 12/771
Loading...
一种外壳包括一端开口的壳体及上盖。上盖设于壳体的开口处，上盖包括连接座及弹性盖，连接座固定设于壳体的开口端，连接座为环形，连接座的中部形成过孔，弹性盖设于连接座上，封闭过孔，弹性盖与连接座卡合连接，弹性盖的边缘与连接座之间存在间隙，通过间隙使弯钩钩住弹性盖并向外拉伸，弹性盖发生弹性形变，使弹性盖与连接座分离。还提供一种包含上述外壳的路由器。上述路由器的弹性盖与连接座卡合，通过弯钩使弹性盖发生弹性形变，使弹性盖与连接座脱离，将弹性盖拆卸，对壳体内部的PCB板及电元器件进行维护。因此，上述外壳的拆装过程中不会损伤PCB板及电元器件，可以实现路由器的再利用。
104. 204713575 标签自动剥离机构及贴标机
CN
21.10.2015
B65C 9/18 Loading...
B65C 9/18
Loading...
201520226794.3
深圳市共进电子股份有限公司
姚伟
B65C 9/18
Loading...
本实用新型涉及标签剥离设备的技术领域，提供标签自动剥离机构，包括基板及立板，立板上设有：标签盘、传动辊组、卷动部件、朝与标签带传送方向相反的方向运动以使标签与底纸剥离的剥标板、驱动组件及压标部件。工作时，启动卷动部件，标签带从标签盘中抽离，并沿着传动辊组传送，当需要剥离标签与底纸时，压标部件动作，其压紧标签带，使得标签带不动，此时，驱动组件驱动剥标板，剥标板携带底纸一起朝与标签带传送方向相反的方向运动，从而实现了标签与底纸的自动剥离操作，故上述标签自动剥离机构节省人力，降低用工成本，提高生产效率。本实用新型还提供贴标机，包括上述标签自动剥离机构。
105. 204713570 桌上型贴标机
CN
21.10.2015
B65C 9/02 Loading...
B65C 9/02
Loading...
201520227121.X
深圳市共进电子股份有限公司
姚伟
B65C 9/02
Loading...
本实用新型涉及贴标机的技术领域，提供桌上型贴标机，包括机架，机架设有标签剥离机构、贴标机械手、下料机械手、输送平台、输送带及控制系统。贴标机械手先将标签吸住，标签剥离机构再将标签与底纸剥离，贴标机械手移到输送平台待贴标产品上方，再将标签贴于产品上，然后，输送平台继续输送产品，将产品送至下料位上，下料机械手将产品取下，并放于输送带，输送带再将产品输送到下一工位上。这样，桌上型贴标机快速、自动贴标、下料，且不存在人工贴标，节省人力；其采用控制系统对贴标机械手、下料机械手及输送平台精确控制，贴标精度高，适于贴标面低于工作物表面的贴标；采用分体式设计，各机构功能独立，可自由拆卸，实现不同产品兼容生产。
106. 204713577 输送平台及贴标机
CN
21.10.2015
B65C 9/40 Loading...
B65C 9/40
Loading...
201520227128.1
深圳市共进电子股份有限公司
姚伟
B65C 9/40
Loading...
本实用新型涉及输送设备的技术领域，提供了输送平台，包括基板，基板上设有输送排、用于驱使输送排前进或后退的驱动组件、用于控制驱动组件动作的控制面板，输送排上设有用于承载产品的治具，输送排的两侧分别设有用于检测人手及异物进入输送排并向控制面板发出信号的安全光栅。工作时，安全光栅能够将异物或人手进入输送排区域的信号，及时反馈给控制面板，控制面板根据反馈信号作出反应，控制驱动组件进行相应的操作，即控制输送排动作与否以及治具工位的确定，以此避免在加工产品时由于异物或人手进入而引起误伤或者导致加工设备发生故障的情况发生，使得上述输送平台的使用更加安全。本实用新型还提供贴标机，包括上述输送平台。
107. 204714049 下料机械手及贴标机
CN
21.10.2015
B65G 47/91 Loading...
B65G 47/91
Loading...
201520226846.7
深圳市共进电子股份有限公司
姚伟
B65G 47/91
Loading...
本实用新型涉及机械手设备的技术领域，提供下料机械手，包括下料架，下料架上设有驱动组件及支臂，支臂上设有气缸，气缸活塞轴下端连接有安装条板，安装条板上设有滑板，滑板相对两端分别设有吸盘。工作时，驱动组件驱使支臂、支气缸、安装条板、滑板及吸盘一起做水平运动，而由于气缸竖直设置，气缸活塞轴将带动安装条板、滑板及吸盘做竖直升降运动，此外，通过滑动调整滑板沿安装条板长度方向上的位置，以及滑动调整两个吸盘于滑板上的相互位置，以此达到调整吸盘位置的目的，故上述下料机械手可根据不同规格产品，进行吸盘工作位置的适应性调整，使得下料机械手的应用更广泛，更具适应性。本实用新型还提供贴标机，包括上述下料机械手。
108. 104978985 家用超级路由器及其硬盘保护机构
CN
14.10.2015
G11B 33/08 Loading...
G11B 33/08
Loading...
201510293884.9
深圳市共进电子股份有限公司
熊维强
G11B 33/08
Loading...
本发明涉及一种硬盘保护机构，所述硬盘保护机构包括底板、支架及防震垫；所述支架设置于底板上，所述支架与所述底板之间形成用于收容所述硬盘的收容腔，所述支架的一端与所述底板之间形成与所述收容腔相连通的插入口，所述硬盘可通过所述插入口进入所述收容腔中；所述防震垫设置于所述支架的内侧壁上，所述防震垫与所述硬盘相紧贴。上述硬盘保护机构中，将防震垫设置于支架的内侧壁上，防震垫与硬盘相紧贴，以起到缓冲和减震作用。防震垫上还设有多个与硬盘相贴合的骨位，以更好的减震，全方位保护了硬盘，并且能够减小硬盘运行时的噪音，硬盘便于拆装。整个产品整洁、美观。同时还提供了一种使用上述硬盘保护机构的家用超级路由器。
109. 104966897 T型偶极子天线
CN
07.10.2015
H01Q 1/36 Loading...
H01Q 1/36
Loading...
201510395189.3
深圳市共进电子股份有限公司
邓文
H01Q 1/36
Loading...
本发明涉及路由器天线领域，特别是涉及T型偶极子天线，包括天线主体，所述天线主体印刷在PCB板上，所述天线主体包括相连接的辐射单元及阻抗匹配段；所述辐射单元包括主辐射段、信号传输段及信号馈入段，所述辐射单元设置有短路点及信号馈入点；所述短路点及所述信号馈入点分别与所述阻抗匹配段连接。上述T型偶极子天线，通过严格对称且间距较小的阻抗匹配段，其上电流等幅反向，不参与辐射，因而不影响天线方向图。同时，阻抗匹配段易于调节，可使天线辐射段在有限的空间内，最大化利用空间，增加天线的带宽、效率和增益。
110. 104958073 潮气传感器、电子设备、呼吸检测系统和方法
CN
07.10.2015
A61B 5/08 Loading...
A61B 5/08
Loading...
201510392000.5
深圳市共进电子股份有限公司
唐佛南
A61B 5/08
Loading...
本发明涉及电子设备领域，公开了一种潮气传感器、电子设备、呼吸检测系统和方法。本发明中，通过采用对水汽反应灵敏的敏感薄膜材质制作潮气传感器，可以大幅减小响应时间，提升响应幅度，由现有技术中湿度传感器几秒到几分钟的响应时间减少到0.1秒以下，不仅能够测量出环境气体中的湿度(水汽含量)，而且为实时呼吸监测提供了可能。进一步地，在电子设备或呼吸检测系统中采用该潮气传感器，可以实时监测呼吸中的水汽含量，从而监测身体状况，或者为呼吸锻炼提供指导。
111. 104869580 一种射频自动化测试系统及方法
CN
26.08.2015
H04W 24/02 Loading...
H04W 24/02
Loading...
201510242761.2
深圳市共进电子股份有限公司
邹雪松
H04W 24/02
Loading...
本发明公开了一种射频自动化测试系统及方法，其中，射频自动化测试方法包括：步骤1：获取测试流，测试流包括与测试设备对应的子测试项，测试流中的子测试项为按照预设标准进行选取和排序的；选取测试流中未进行测试的一子测试项作为当前测试项；步骤2：按照当前测试项对测试设备进行测试，得到测试结果，将测试结果进行存储；步骤3：确定测试流中当前测试项的下一项子测试项为当前测试项，返回执行步骤2，直至测试流内的子测试项全部测试完成为止。与现有技术相比，本申请根据预设标准对测试流中的子测试项进行选取和排序，进而按照测试流对测试设备进行测试，由此，大大增加了射频测试过程的灵活性。
112. 104869669 一种智能无线路由器
CN
26.08.2015
H04W 88/08 Loading...
H04W 88/08
Loading...
201510220050.5
深圳市共进电子股份有限公司
潘红章
H04W 88/08
Loading...
本发明公开了一种智能无线路由器，包括linux系统，还包括Android 系统和实现Linux系统和Android系统的信息交互的网络信号模块；所述的Android 系统包括HDMI输出模块和以太网上行模块，所述的网络信号模块将Android 系统和Linux系统对接起来，实现将Android系统与linux系统数据交换。本发明是将Android系统集成到传统的linux系统无线路由器中，使传统的linux系统无线路由器除具备基本的互联网接入外，还具备可控制性，易操作性，功能多样性。
113. 204587485 一种标签贴合设备
CN
26.08.2015
B65C 3/00 Loading...
B65C 3/00
Loading...
201520051943.7
深圳市共进电子股份有限公司
贺志民
B65C 3/00
Loading...
一种标签贴合设备，解决曲面标签从片料上剥离并准确贴合于产品表面的问题。技术方案是：一种标签贴合设备，包括工作台部分、标签取放机构、片料标签定位及剥离机构和自动控制中心。工作台部分包括设备工作台、显示屏、贴标工作台，显示屏、贴标工作台、标签取放机构、片料标签定位及剥离机构安装在设备工作台上，自动控制中心安装在设备工作台内。标签取放机构按设定位置取放标签，片料标签定位及剥离机构定位固定片料标签，调整标签位置，使其几何中心与标签取放机构和顶升剥离机构工作位置轴线对应并完成标签的剥离，剥离的标签经标签取放机构粘贴到产品的设定位置。有益效果：自动控制，定位准确，剥离成功率高，贴标位置准确、统一。
114. 204526146 用于超声波熔接的卷膜机
CN
05.08.2015
B29C 65/08 Loading...
B29C 65/08
Loading...
201420771578.2
深圳市共进电子股份有限公司
顾正
B29C 65/08
Loading...
本实用新型涉及超声波熔接的技术领域，提供了一种用于超声波熔接的卷膜机，其包括基板、用于安装薄膜盘的第一架体、用于安装空置盘的第二架体以及用于使薄膜盘上的薄膜卷绕至空置盘上的驱动装置，第一架体和第二架体沿基板长度方向并排设置在基板上，且在两者之间留有用于放置待加工产品的预定间距；卷膜机还包括用于将处于预定间距内的薄膜架起在超声波熔接头与待加工产品之间以对超声波熔接头下压进行缓冲的摆动装置。与现有技术对比，本实用新型提供的超声波熔接实现了超声波熔接过程中对待加工产品表面的保护。
115. 204521999 一种手机护套
CN
05.08.2015
A61N 1/14 Loading...
A61N 1/14
Loading...
201420702408.9
深圳市共进电子股份有限公司
邓春志
A61N 1/14
Loading...
本实用新型涉及人体静电技术领域，本实用新型提供一种手机护套，手机护套上设有静电耗散体和第一静电导体，手机护套内设有导电连接件；静电耗散体连接在导电连接件的一端，导电连接件的另一端连接第一静电导体；静电耗散体将人体上的电荷通过导电连接件转移到第一静电导体上，通过采用静电耗散体作为接触点或面，当在人体接触时，使静电从人体沿着静电耗散体表面自由流动，然后流向导电连接件，最后转移到静电导体上，从而实现人体静电安全降压，避免人体遭受静电电击而造成对接触静电导体恐惧，同时当人体逼近静电接触点或面时也避免了发生打火现象。
116. 204290702 一种顺序上电的启动电路
CN
22.04.2015
H02M 1/36 Loading...
H02M 1/36
Loading...
201420784865.7
深圳市共进电子股份有限公司
孙翀
H02M 1/36
Loading...
本实用新型涉及电源控制技术领域，本实用新型提供一种顺序上电的启动电路，启动电路包括直流转换器、延时模块、开关器件、储能器件以及反馈模块；当电源开始供电时，延时模块延时一段时间后，再控制开关器件导通以给直流转换器发送使能信号，直流转换器根据使能信号输出电压，并根据反馈模块输出的反馈信号调整输出电压；当电源停止供电时，延时模块延时一段时间后，再控制开关器件关闭以停止给直流转换器发送使能信号，使直流转换器停止输出电压，通过设置延时模块和开关器件，确保电源上电时与直流转换器的输出电压之间的延迟时间，避免了对电子产品的损坏，该启动电路设计结构简单，同时使有时序要求的电子产品工作更加稳定。
117. 204269849 电源盒螺丝检测装置
CN
15.04.2015
G01V 9/00 Loading...
G01V 9/00
Loading...
201420739170.7
深圳市共进电子股份有限公司
李文峰
G01V 9/00
Loading...
本实用新型适用于电源检测设备领域，提供了一种电源盒螺丝检测装置，包括托料板和支撑托料板的支撑机构，托料板上开设有配合收容电源盒的凹腔，凹腔的底部对应插头的位置开设有第一通口，凹腔的底部对应定位孔的位置开设有第一通孔；该电源盒螺丝检测装置还包括检测机构，检测机构安装于托料板的下方，检测机构包括探杆、第一探测开关、限位块和第二探测开关，探杆支撑于第一探测开关上，限定块设置于探杆的下方，第二探测开关正对第一通口。通过探杆插入电源盒上定位孔中的深度，触发第一探测开关和第二探测开关，以判断电源盒的定位孔中是否安装螺丝及螺丝是否安装到位，以判断产品是否合格。并且使用机械方式进行检测，不易出错且使用寿命长。
118. 204259281 排针套模自动拔取机
CN
08.04.2015
H05K 3/00 Loading...
H05K 3/00
Loading...
201420638248.6
深圳市共进电子股份有限公司
姚伟
H05K 3/00
Loading...
本实用新型涉及机械自动化加工设备的技术领域，提供排针套模自动拔取机，包括机架，机架上设有用于传送PCB板的接驳台、用于将PCB板向上顶升并抬离接驳台的顶升机构、与顶升机构配合夹紧PCB板的夹紧机构、用于将PCB板上的排针套模拔取下来的拔取机构。由于采用接驳台传送PCB板，并于适当加工位置时，顶升结构将PCB板向上顶升，直至与夹紧机构相抵，并使其在顶升机构与夹紧机构的相互配合下被夹紧，最后，通过拔取机构将PCB板上的排针套模拔下，相比现有采用人工将排针套模从PCB板上拔下的拔取方式而言，上述排针套模自动拔取机劳动强度低、拔取快速、效率高、成本低，同时避免由于人工拔取所造成的PCB板破裂或将PCB板上贴片元件破坏的问题。
119. 204168306 一种POE网络通信设备的测试系统
CN
18.02.2015
H04L 12/10 Loading...
H04L 12/10
Loading...
201420665180.0
深圳市共进电子股份有限公司
杨小虎
H04L 12/10
Loading...
本实用新型提供了一种对POE网络通信设备进行测试的 POE 网络通信设备的测试系统 ，该系统具有隔离器变压器、数据链路测试模块和POE馈电测试模块，隔离变压器将POE信号中的馈电和数据链路信号隔离，POE馈电测试模块测试POE信号中的馈电的电压和负载能力，与被测POE网络通信设备的指标进行比较，如果正常，则开启数据链路测试模块对POE的数据链路信号进行测试，如果测试正常显示该被测的POE网络通信设备符合测试要求，否则为不良品，需要修复才能出厂。
120. 204119658 线材的PCB板封装结构
CN
21.01.2015
H05K 1/18 Loading...
H05K 1/18
Loading...
201420375742.8
深圳市共进电子股份有限公司
严朋
H05K 1/18
Loading...
本实用新型属于封装技术领域，旨在提供一种线材的PCB板封装结构，包括PCB基板，所述PCB基板的正、反面分别固定连接有线材的两端，所述PCB基板的周边开设有一端开口、另一端封闭的卡设所述线材以限制所述线材走线的“ㄇ”形卡扣孔。本实用新型提供的线材的PCB板封装结构，通过在PCB基板的周边开设卡固线材的如“ㄇ”形状的卡扣孔，将线材卡固于卡扣孔的封闭端，通过控制线材的长度，以及卡扣孔与PCB基板形成的止挡部，使得封装好后的线材无法从卡扣孔中滑出，从而能稳固地固定于PCB基板上，进而解决了现有技术中PCB基板上的线材不便于拆装，拆装时容易损坏PCB基板上的其他元器件，工作效率不高的问题。
121. 204119225 基于LTE模块的SIM卡热插拔电路及移动终端
CN
21.01.2015
H04B 1/40 Loading...
H04B 1/40
Loading...
201420488840.2
深圳市共进电子股份有限公司
谢平
H04B 1/40
Loading...
一种基于LTE模块的SIM卡热插拔电路及移动终端，该电路包括：LTE模块；SIM卡座，与所述LTE模块总线连接，具有第一端口，所述SIM卡座有SIM卡插入和无SIM卡插入时，该第一端口分别表现为高电平和低电平；电源模块，与所述LTE模块连接，为所述LTE模块供电；检测端口，接所述SIM卡座的第一端口；以及控制端口，接所述电源模块的使能引脚，与所述检测端口状态关联，输出控制电平使所述电源模块开或关。控制端口通过检测端口根据SIM卡座的指示电平输出控制电平以控制LTE模块的电源，当SIM未插入时，将LTE模块电源切断，当SIM卡插入后，给LTE模块通电，在SIM卡已经接入LTE模块后再开始上电初始化并进入工作状态，从而保证了LTE模块的正常工作。
122. 104270269 Method for automatically configuring network cards
CN
07.01.2015
H04L 12/24 Loading...
H04L 12/24
Loading...
201410508963.2
深圳市共进电子股份有限公司
李仁玉
H04L 12/24
Loading...
The invention discloses a method for automatically configuring network cards. The network cards of a master control end computer and the network cards of any far-end computer in network connection with the master control end computer are automatically configured through the method, wherein the far-end computer is internally provided with the known far-end monitoring network cards connected with the master control end computer, and after carrying out initialization by means of the OSSITE bank of the master control end computer and the far-end computer, the master control end computer reads names, MAC and IP/MASK of all the network cards of the master control end computer and the far-end computer and initializes all the network cards. In the automatic test process, automatic configuration is adopted for replacing tedious manual configuration of the network MAC, manual operation is replaced, and efficiency and reliability are improved.
123. 204085689 一种指示灯亮度一致性的测试装置
CN
07.01.2015
G01J 1/18 Loading...
G01J 1/18
Loading...
201420519906.X
深圳市共进电子股份有限公司
杨曾雄
G01J 1/18
Loading...
本实用新型公开了一种指示灯亮度一致性检测装置，该装置通过采用光敏器件检测每个指示灯的亮度参数，并对亮度参数进行比较，判断是否一致；包括获取反映与每一个指示灯亮度相关的量的检测电路、对检测电路输出的亮度相关的量进行数字化的A/D转换电路和判断电路。该装置原理简单明了，结构简单，使用方便。
124. 204068968 基于电力线载波的电信号分离装置
CN
31.12.2014
H04B 3/54 Loading...
H04B 3/54
Loading...
201420346641.8
深圳市共进电子股份有限公司
谢卓
H04B 3/54
Loading...
一种基于电力线载波的电信号分离装置，与被测设备连接，包括低通隔离电路和高通耦合电路；所述低通隔离电路的输入端接市电工频电网的火线和零线，输出纯净工频频率的工频电源的火线和零线接所述被测设备；所述被测设备得电工作，并在所述工频电源的火线、零线和地线中其中任意两根上输出电力线载波信号；所述高通耦合电路的输入端接工频电源在所述被测设备与低通隔离电路之间的火线、零线和地线，耦合输出纯净的被测设备发出的电力线载波信号。上述装置给被测设备提供一个理想工作环境，并且被测设备通过在火线、零线和地线中任意两根线发送的PLC信号均能被高通耦合电路分离出来以待测试，该装置简单实用，电路体积小。
125. 203968115 一种EMC辅助测试电路及EMC测试系统
CN
26.11.2014
H04B 3/46 Loading...
H04B 3/46
Loading...
201420255904.4
深圳市共进电子股份有限公司
谢卓
H04B 3/46
Loading...
一种EMC辅助测试电路及EMC测试系统。本实用新型所提供的EMC辅助测试电路，包括低通隔离模块、高通耦合模块以及屏蔽线；其中，低通隔离模块的输入端接入交流市电，低通隔离模块的输出端与高通耦合模块的第一收发端共接于待测电力猫的收发端；高通耦合模块的第二收发端通过屏蔽线连接陪测设备的收发端；并且，待测电力猫、低通隔离模块、高通耦合模块以及屏蔽线设置于屏蔽室内。由于该电路利用低通隔离模块滤除交流市电中的杂波，又利用屏蔽线隔离电力猫的通信信号，使得屏蔽室内只存在电力猫工作时本身所产生的电磁辐射，进而使得EMC测试系统可以正确评估电力猫是否符合相关标准。
126. 104157963 一种高增益倒F型天线
CN
19.11.2014
H01Q 1/36 Loading...
H01Q 1/36
Loading...
201410410888.6
深圳市共进电子股份有限公司
秦祥宏
H01Q 1/36
Loading...
本发明公开了一种多段式高增益的倒F型天线，包含一个主辐射段，一个信号转换段，一个次辐射段，信号转换段利用主辐射段的末端的折线部，折线长度严格遵从天线信号频率的1/2波长规律，使得达到次辐射段的信号回复原始相位，确保次辐射段能够与主辐射段的辐射能够得到一致，信号传输到次辐射段形成第二次辐射，使得主辐射段和次辐射段的辐射信号重叠，达成实现高增益的目标，整个天线的结构可以采用软电路板（FPCB）的印刷方式，也可以采用模具冲压获得金属片结构的形式，也可以直接印刷在PCB电路板上使用。
127. 104156461 一种网关产品压力测试方法及装置
CN
19.11.2014
G06F 17/30 Loading...
G06F 17/30
Loading...
201410414282.X
深圳市共进电子股份有限公司
罗淑芬
G06F 17/30
Loading...
本发明公开了一种网关产品压力测试方法及装置，该方法通过利用测试终端经过被测网关访问互联网，在测试终端上连续不断地开启网页，通过检测网页的正确开启率获得压力测试指标，在测试终端上设置网址文件，在网址文件中保存有网址列表和对应的检测元素，利用浏览器自动开启网页，访问互联网，自动开启网页、停止加载网页、检测是否正常开启网页等步骤本发明的有益效果是，节省人力，节省自动化工具在无法完整加载网页时的停滞时间，避免后续自动化用例因网页加载为而无法继续运行的问题。
128. 104142905 一种扩展集成电路总线IIC的方法及设备
CN
12.11.2014
G06F 13/40 Loading...
G06F 13/40
Loading...
201410375452.8
深圳市共进电子股份有限公司
朱祥祥
G06F 13/40
Loading...
本发明提供一种扩展集成电路总线IIC的方法，所述方法通过处理器设置一个(n+1)位的数据寄存器，n为自然数；通过处理器设置(n+1)个二输入或门，每一个二输入或门的输入端分别对应数据寄存器的一个位，所述每一个二输入或门的输出端分别对应一个第一IIC Slave；通过IIC接口将所述(n+1)位的数据寄存器的其中一个位设置为低，将所述(n+1)位的数据寄存器的其他位设置为高，使得中央处理器CPU通过所述IIC接口访问所述(n+1)位的数据寄存器的其中一个位对应的第一IIC Slave，从而实现在扩展IIC接口时，除需要CPU提供IIC接口外，不需要其他的控制信号，只需要扩展IIC接口的时钟信号，IIC的扩展路数几乎不受限制。
129. 104142460 雪崩光电二极管最佳工作电压的测试方法
CN
12.11.2014
G01R 31/26 Loading...
G01R 31/26
Loading...
201310169483.3
深圳市共进电子股份有限公司
郭继伟
G01R 31/26
Loading...
本发明公开了一种雪崩光电二极管最佳工作电压的测试方法，包括下列步骤：微控制单元输出直流控制信号，给雪崩光电二极管施加一与直流控制信号对应的偏压；定时器延时第一预设时长；在延时结束后的第一个定时器中断中，采集流经雪崩光电二极管的暗电流；微控制单元判断暗电流的大小是否达到反向击穿电流，若是，则根据偏压的值计算出雪崩光电二极管的最佳工作电压；否则更新直流控制信号，并返回微控制单元输出直流控制信号、给雪崩光电二极管施加一与所述直流控制信号对应的偏压的步骤。本发明通过时间片轮调的方式，在定时器延时的过程中，微控制单元的主工作循环可以执行其他的工作任务以及相应其他的中断工作，提高了生产测试效率。
130. 203896185 开关电源的降低电磁干扰电路
CN
22.10.2014
H02M 1/44 Loading...
H02M 1/44
Loading...
201420226418.X
深圳市共进电子股份有限公司
乔志刚
H02M 1/44
Loading...
一种开关电源的降低电磁干扰电路包括开关模块、控制模块、变压模块、反馈模块、稳压模块、输出滤波模块及Y电容；开关模块输入端接电源、输出端接变压模块的输入端；变压模块的输出端接稳压模块的输入端；控制模块的输出端接开关模块的反馈端、输入端接反馈模块的输出端；反馈模块的输入端接稳压模块的输出端，稳压模块的输出端还与输出滤波模块的输入端连接，输出滤波模块的输出端输出变压滤波后的直流电源；Y电容分别接开关模块的输入端和输出滤波模块的输出端。在开关模块的输入端及输出滤波模块的输出端之间连接Y电容，使得输入到开关模块的输入电源及从输出滤波模块的输出电源均被Y电容滤除干扰信号，从而降低开关电源的电磁干扰。
131. 203745933 一种用电监控系统
CN
30.07.2014
G05D 27/02 Loading...
G05D 27/02
Loading...
201420083047.4
深圳市共进电子股份有限公司
杨小虎
G05D 27/02
Loading...
一种用电监控系统，为解决各用电区域的用电情况没有实时检测和有效监控，从而造成浪费的问题，提供一种用电监控系统，该系统包括区域环境监测单元、区域图像拍摄及存储单元、监控管理终端，其中所述监控管理终端包括主控制器、图像显示器；所述区域环境监测单元包括微处理器、光强探测器、温度探测器、湿度探测器、人体热释电红外探测器，所述区域环境监测单元所包括的各探测器的输出端与所述的主控制器相连接；区域图像拍摄及存储单元包括监控摄像机、图像存储器，图像存储器的输出端与所述的主控制器相连接。本实用新型系统可以同时对多个本地或远程区域进行监控，操作人员可以通过监控管理终端实时了解到各个区域的用电状态，对各区域的用电设备进行智能控制或者进行人工辅助管理，达到节约用电的目的。
132. 203708276 一种集成Zigbee的无线MoCA系统
CN
09.07.2014
H04L 12/771 Loading...
H04L 12/771
Loading...
201320838289.5
深圳市共进电子股份有限公司
薛孙曦
H04L 12/771
Loading...
本实用新型提供了一种集成Zigbee的无线MoCA系统，包括：主控制器、Zigbee模块、WIFI模块、MoCA接口；所述Zigbee模块、WIFI模块分别与主控制器相连；所述MoCA接口依次通过射频前端芯片EN1050、射频收发器EN1410、网络控制器EN2710与主控制器相连。本实用新型提供的集成Zigbee的无线MoCA系统，利用手机、PAD或者电脑通过无线/有线方式连接到MoCA系统，并在手机/PAD/电脑上调节与控制被控制设备（LED、窗帘、空调、电饭煲等），从而实现MoCA系统智能控制家居家电，将MoCA系统打造成为家庭控制中枢。
133. 203708267 一种远程故障检测系统
CN
09.07.2014
H04L 12/26 Loading...
H04L 12/26
Loading...
201320838306.5
深圳市共进电子股份有限公司
刘德
H04L 12/26
Loading...
本实用新型提供了一种远程故障检测系统，包括：一终端设备，及，与终端设备相连的外接设备，以及，与终端设备建立通信连接的远程监控中心，所述终端设备包括：CPU、ADC芯片、光模块，所述ADC芯片与CPU相连。本实用新型提供的远程故障检测系统，通过远程检测产品故障点，减少技术人员进行现场维护产品故障费用，从而节省了人力成本。并且缩短了故障诊断时间。
134. 203660875 升压软启动电路
CN
18.06.2014
H02M 1/36 Loading...
H02M 1/36
Loading...
201420016096.6
深圳市共进电子股份有限公司
周航
H02M 1/36
Loading...
本新型公开了一种升压软启动电路，包括电压反馈控制电路，其中电容C2、电阻R3、R4组成反馈电压提供电路，电容C2一端接电源VCC，另一端依次通过电阻R3、R4接电源地，电阻R3、R4的连接节点连接开关器件U1的B管脚；电容C3、电阻R5组成开关器件U1的控制电路，电容一端接电源VCC，另一端通过电阻R5接电源地，同时连接开关器件U1的C管脚；开关器件U1的A管脚接反馈电压FB输入端。本实用新型利用上电初始时的电容充电来取得电压，并利用开器件连接到反馈电压FB输入端，从而控制反馈电压FB输入端的上电初始电压，实现其电压由高到低直至稳定的平缓变化，实现软启动的效果，减少对APD器件的浪涌冲击，减少损坏，提高电路可靠性和稳定性。
135. 203661064 一种提高EPON OLT光模块的突发RSSI精度的自复位补偿电路
CN
18.06.2014
H04B 10/075 Loading...
H04B 10/075
Loading...
201420016109.X
深圳市共进电子股份有限公司
王侃
H04B 10/075
Loading...
本实用新型公开了一种提高EPON OLT光模块的突发RSSI精度的自复位补偿电路，该电路包括电阻R2～R5，电容C1、C3，模拟开关SW，其中电阻R2、R3组成分压电路，电容C1并联在电阻R2两端，电阻R2、R3串联连接的节点通过电阻R4连接模拟开关SW的1脚，模拟开关SW的2脚接Vbias，模拟开关SW的3脚通过电阻R5接地，同时通过电容C3接LOS信号，电阻R5和电容C3组成RESET信号生成电路。本实用新型通过电阻R5和电容C3组成RESET信号生成电路，控制模拟开关SW工作，当模拟开关SW闭合，Vbias通过电阻R4迅速短暂升高电阻R2上的相对电压，从而瞬时升高APD上的电压，解决在小光时，APD电压上升速度慢的问题，加快APD端电容的充电，使充电电流迅速消失，从而使镜像电流消失，提高EPON OLT光模块的突发RSSI精度。
136. 203617090 一种开关电源变压器
CN
28.05.2014
H01F 27/28 Loading...
H01F 27/28
Loading...
201320839107.6
深圳市共进电子股份有限公司
张巧文
H01F 27/28
Loading...
本实用新型涉及一种变压器，尤其涉及一种开关电源变压器，包括在线架(5)上依次绕制的漆包线绕组(1)、漆包线屏蔽绕组(2)、双重绝缘线绕组(3)和芯片供电绕组(4)，所述漆包线屏蔽绕组(2)和双重绝缘线绕组(3)之间、双重绝缘线绕组(3)和芯片供电绕组(4)之间以及芯片供电绕组(4)的外侧均设有隔离胶带(6)。本实用新型的作用是：绕制方法减少了绕组个数，同时可以满足现在变压器自动化设备对变压器设计的要求，降低变压器成本。
137. 203606777 客户终端设备
CN
21.05.2014
G06F 1/26 Loading...
G06F 1/26
Loading...
201320268344.1
深圳市共进电子股份有限公司
闫瑞轩
G06F 1/26
Loading...
本实用新型公开一种客户终端设备，包括电源转换电路和控制系统电路，所述电源转换电路用于连接在外部电源与控制系统电路之间，将外部电源转换成所述控制系统电路的工作电源，还包括连接在外部电源和所述电源转换电路之间的开关电路，所述开关电路由所述控制系统电路输出的信号控制导通与关断。上述客户终端设备具有连接在外部电源与电源转换电路之间、并且受到控制系统电路控制导通和关断的开关电路，因此具备了以软件方式关闭客户终端设备的可能。当采用软件控制时，客户终端设备自身运行状态的改变，最终通过软件由控制系统电路输出控制信号，从而实现软件方式关机。
138. 203596614 一种PSE多端口设备的雷击防护电路
CN
14.05.2014
H02H 9/04 Loading...
H02H 9/04
Loading...
201320708395.1
深圳市共进电子股份有限公司
孙翀
H02H 9/04
Loading...
本实用新型提供了一种PSE多端口设备的雷击防护电路，包括第二放电保护器RV2、第三放电保护器RV3和二极管D3；第二放电保护器RV2设置在POE供电电源正极与保护地之间；第三放电保护器RV3设置在直流电源负极与保护地之间；二极管D3连接在POE供电电源正极与POE供电电源负极之间，二极管D3的阳极接POE供电电源负极。本实用新型电路简单，能够满足了产品雷击防护需求，通过在雷击电流路径上优化防雷器件设计，还精简了防雷器件，优化布局空间，简易提升防雷等级，节约产品成本，等特点。
139. 203596738 开关电源输出过压保护电路
CN
14.05.2014
H02M 1/32 Loading...
H02M 1/32
Loading...
201320839086.8
深圳市共进电子股份有限公司
李晓增
H02M 1/32
Loading...
本实用新型公开了一种开关电源输出过压保护电路，过压保护电路包括稳压管二极Z1、电容C32、电阻R38、三极管Q3，其中稳压二极管Z1负极接输出整流滤波电路的输出端的正端，稳压二极管Z1正极接三极管Q3的基极，电容C32和电阻R38并联在三极管Q3基极和发射极之间，三极管Q3的发射极接地，三极管Q3的集电极连接电压采样反馈电路中光耦U2的2脚。本实用新型通过电阻R38给稳压二极管Z1限流，并利用三极管Q3的导通控制电压采样反馈电路的采样电压，从而反馈给开关控制电路，降低输出电压，起到保护作用，该保护电路工作时稳压二极管不会损坏，故障解除可自动恢复正常工作。
140. 203572943 一种DC-DC电路输出失效检测电路
CN
30.04.2014
G01R 31/40 Loading...
G01R 31/40
Loading...
201320592022.2
深圳市共进电子股份有限公司
张亮
G01R 31/40
Loading...
本实用新型提供了一种DC-DC电路输出失效检测电路，包括DC-DC电路，还包括依次与所述DC-DC电路输出端相连的纹波放大电路和检波电路，所述纹波放大电路由电容C101、电容C102、电阻R101、电阻R102和三极管Q101组成；所述检波电路由检波二极管D103、电容C103、检波二极管D104组成。本实用新型提供的DC-DC电路输出失效检测电路，通过高频三极管的放大路对耦合过来的DC-DC输出电路失效之后电路的超标纹波进行放大，经调节偏置调节纹波超标的阀值。利用双二极管与对放大的纹波进行检波，并通过反馈报警电路发出报警提示用户，以消除安全隐患。
141. 103716189 Configuration management method for local area network terminal gateway equipment
CN
09.04.2014
H04L 12/24 Loading...
H04L 12/24
Loading...
201310717494.0
深圳市共进电子股份有限公司
宋海波
H04L 12/24
Loading...
The invention relates to a configuration management method for local area network terminal gateway equipment. According to the method, under a UDP protocol, sockets are respectively established by the terminal gateway equipment and a user terminal, mutually-corresponding sending ports and receiving ports are respectively defined, an information report function is added to the terminal gateway equipment, by sending and receiving a message containing front-end verification information and an equipment information request item, a request is received by the terminal gateway equipment at a fixed port, equipment information such as an equipment title, an MAC address, a present IP address and a network name are reported to the user terminal, interaction between the user terminal and the terminal gateway equipment is carried out, so all the gateway equipment in the present local area network can be scanned by the user terminal and are listed row by row. Through the method, a user not only can discover an address of each of terminal gateway equipment, but also can directly access to an interface through the address, so the terminal gateway equipment can be directly registered, and configuration management is carried out. Configuration management operation for the local area network terminal gateway equipment is more simple and convenient.
142. 203535099 一种工频用电设备的输出频谱测量装置
CN
09.04.2014
G01R 15/14 Loading...
G01R 15/14
Loading...
201320632583.0
深圳市共进电子股份有限公司
谢卓
G01R 15/14
Loading...
本实用新型提供了一种工频用电设备的输出频谱测量装置，包括连接到工频用电设备输出端的频谱仪，还在工频用电设备电源输入端设置有低通隔离电路，在工频用电设备信号输出端与所述的频谱仪之间设置有高通耦合电路；所述的低通隔离电路输入端接工频电源的火线和零线，输出纯净工频频率的工频电源的火线和零线接被测设备；所述的被测设备得电工作从输出端输出电信号；所述的高通耦合电路的输入端接工频用电设备输出端，耦合输出纯净的工频用电设备发出的电信号进入所述的频谱仪。本实用新型通过工频用电设备提供纯净的工频电源，该电源只有工频频率信号输入到工频用电设备，然后，对工频用电设备输出隔离工频信号后，就可以采用频谱仪测量工频用电设备输出的频谱。
143. 103683206 Input overvoltage and undervoltage protection circuit with high-voltage startup function and input overvoltage and undervoltage protection method
CN
26.03.2014
H02H 7/10 Loading...
H02H 7/10
Loading...
201310694607.X
SHENZHEN GONGJIN ELECTRONIC CO., LTD.
CHENG LI
H02H 7/10
Loading...
The invention provides an input overvoltage and undervoltage protection circuit with a high-voltage startup function and an input overvoltage and undervoltage protection method. In order to keep an operational amplifier working, a traditional input overvoltage and undervoltage protection circuit needs to utilize a single auxiliary power supply to supply power to the operational amplifier so that input overvoltage and undervoltage protection circuit can work all the time to detect abnormal conditions of an AC input end. Engineers make a design that a high-voltage startup circuit provides stable supply voltage for an overvoltage and undervoltage circuit, wherein power of the high-voltage startup circuit is consumed on high-voltage starting resistors. But, defects exist in the high-voltage startup circuit. The input overvoltage and undervoltage protection circuit with the high-voltage startup function comprises a basic reference unit (1), the basic reference unit (1) is connected with an overvoltage protection unit (2), the overvoltage protection unit (2) is connected with an undervoltage protection unit (3), and the undervoltage protection unit (3) is connected with a high-voltage startup unit (4). The method is applied to the input overvoltage and undervoltage protection circuit with the high-voltage startup function.
144. 103631718 Automatic capturing method for embedded equipment test abnormity information
CN
12.03.2014
G06F 11/36 Loading...
G06F 11/36
Loading...
201310665150.X
SHENZHEN GONGJIN ELECTRONIC CO., LTD.
XIE YIYONG
G06F 11/36
Loading...
The invention discloses an automatic capturing method for product test abnormity information. The method comprises the following steps: binding a process to be detected by strace in software of a product to be tested; capturing information to a specified file; detecting the volume of the contents of the file in real time and the like. By the method, the test process can be more automated under the same conditions; useful program context information can be stored at any time. When ruleless, irregular and sudden abnormity appears, enough abnormity information can be provided for analyzing the causes of problems. A large amount of test time spent for reproducing the problems by testers can be avoided; meanwhile, necessary support is also provided for solving the problems timely and effectively by research personnel.
145. 103634130 Network terminal device self-protection method and system, and network terminal device
CN
12.03.2014
H04L 12/24 Loading...
H04L 12/24
Loading...
201210302941.1
SHENZHEN GONGJIN ELECTRONIC CO., LTD.
ZHOU MINGMING
H04L 12/24
Loading...
The invention relates to a network terminal device self-protection method. The method comprises: receiving a data packet; incising an inspection point at the porch of a protocol stack; inspecting whether the current CPU utilization rate of a network terminal device exceeds a CPU threshold; inspecting whether the current available memory of the network terminal device is smaller than a memory threshold; and if the CPU utilization rate exceeds the CPU threshold, or the residual available memory is smaller than the memory threshold, dropping the data packet which is not forwarded yet. The invention also relates to a network terminal device self-protection system and a network terminal device comprising the system. According to the invention, the inspection point is incised at the porch of the protocol stack, the current CPU utilization rate and the current available memory size of the network terminal device are inspected, and the currently received data packet is dropped in case of insufficiency of key resources so that seemingly-dead phenomena caused by bulk-flow network processing are prevented, and downtime phenomena caused by insufficient memory of much emergent network processing are prevented.
146. 103634448 Method for intelligently responding to incoming calls by voice
CN
12.03.2014
H04M 1/64 Loading...
H04M 1/64
Loading...
201310661091.9
SHENZHEN GONGJIN ELECTRONIC CO., LTD.
FU YUNLONG
H04M 1/64
Loading...
The invention provides a method for intelligently responding to incoming calls by voice. The method includes steps of a, recognizing and matching modes of the incoming calls and selectively starting an intelligent response system; b, starting intelligent response, converting voice of the incoming calls and the intelligent response into characters and displaying the characters on a screen; c, converting information of the transmitted intelligent response into the voice to respond to the incoming calls. The method for intelligently responding to the incoming calls by the voice has the advantages that the intelligent response is searched according to contents of the incoming calls, an environment where a called party is located, a condition of the called party and the set and preserved information, so that the voice and the characters can be converted mutually, and the called party can timely know the contents of the incoming calls and can quickly handle the incoming calls; the experience of users for operators can be improved.
147. 103618617 Method and system for carrying out PPPOE zero configuration service
CN
05.03.2014
H04L 12/24 Loading...
H04L 12/24
Loading...
201310565882.1
深圳市共进电子股份有限公司
林松灯
H04L 12/24
Loading...
The invention provides a method and system for carrying out a PPPOE zero configuration service. An automatic configuring server is adopted in the method and a user terminal device automatically has access to the automatic configuring server by means of the DHCP protocol or the user terminal device WAN management protocol. Configuration information is automatically issued by the automatic configuring server to the user terminal device. The user terminal device finishes configuration with the configuration information. The automatic configuring server is provided by the system. According to the method and system for carrying out the PPPOE zero configuration service, the process of carrying out the zero configuration service is described, complicated operation of a user configuration terminal can be relieved, possibilities of error configuration are reduced and management is easy to carry out.
148. 103618676 Wireless router
CN
05.03.2014
H04L 12/771 Loading...
H04L 12/771
Loading...
201310664030.8
SHENZHEN GONGJIN ELECTRONIC CO., LTD.
HU YUAN
H04L 12/771
Loading...
The invention provides a wireless router which comprises a router body. At least one all-directional antenna is arranged on the router body. The wireless router further comprises a rotation motor and a rotary disc, wherein the rotation motor is arranged inside the router body, the rotary disc is arranged on the router body, the rotary disc is in mechanical connection with the rotation motor, more than one directional antenna is arranged on the rotary disc, and the directional antennas rotate by 360 degrees horizontally along with the rotary disc. According to the wireless router, the directional antennas are additionally arranged on the router body to increase the energy of the wireless router in a certain direction, and a user can adjust the wireless signal strength in the certain direction at will. Meanwhile, the angle directions of the antennas can be automatically adjusted in cooperation with an intelligent terminal application system, and the usability and the market competitiveness of the router are greatly improved.
149. 203445888 一种Femtocell时钟同步射频工装测试系统
CN
19.02.2014
H04B 17/00 Loading...
H04B 17/00
Loading...
201320534352.6
深圳市共进电子股份有限公司
李学贤
H04B 17/00
Loading...
本实用新型涉及一种Femtocell时钟同步射频工装测试系统，包括信号发生器、频谱分析仪、Femtocell测试板、ADF4002芯片、第一RF功分器和PC机。本实用新型的作用是：将测试所用的频率合成芯片由Femtocell产品上移到工装测试板，为每一片产品单板节约一个芯片，节约成本(约USD2)。同时，将信号发生器的触发信号以及RF测试接口连接到测试工装，避免了测试时连线。为测试节省了大量时间，提高测试效率。
150. 203446100 印刷电路板
CN
19.02.2014
H05K 1/02 Loading...
H05K 1/02
Loading...
201320428748.2
深圳市共进电子股份有限公司
王达国
H05K 1/02
Loading...
本实用新型公开了一种印刷电路板，包括：基板；铜箔，形成于所述基板上；绿油层，形成于所述铜箔表面；所述绿油层开有多个间隔排列的窗口，所述窗口内无绿油而覆盖有与窗口形状相仿的锡块。本实用新型在铜箔表面附着了一层锡膏，相当于厚度增加，那么通流量也就随之增加，在相同的条件下铜箔的温升降低。并且锡块表面无绿油覆盖，就增加了铜箔和空气的对流速度，同样也会使得铜箔温度下降，这样就能有效地降低铜箔的温升，防止铜箔从基板剥离。
151. 103593316 一种减少MCU中断占用I2C总线时间的方法
CN
19.02.2014
G06F 13/38 Loading...
G06F 13/38
Loading...
201310596210.7
深圳市共进电子股份有限公司
李耀威
G06F 13/38
Loading...
本发明一种减少MCU中断占用I2C总线时间的方法，包括以下步骤：步骤一，当从机MCU接收到主机端写入的I2C读取数据起始地址后，从机反馈ACK然后释放I2C总线中的SCL，然后准备待发送的数据并缓存；步骤二，当从机MCU接收到主机读取I2C数据命令后，从机反馈ACK并将步骤一中准备待发送的数据写入到I2C数据寄存器然后释放I2C总线中的SCL，进行下一个待发送的数据的处理准备工作；步骤三，主机收到数据后反馈ACK给从机，从机MCU收到ACK后进入中断将步骤二中待发送的数据写入到I2C数据寄存器并释放I2C总线中的SCL等特征。本发明在从机MCU中断占用I2C总线的过程中进行了最少的操作，减小了从机MCU中断占用I2C总线的时间，提高了从机的匹配度。
152. 203433671 一种基于无源光网络的远程抄表装置
CN
12.02.2014
G08C 23/06 Loading...
G08C 23/06
Loading...
201320133692.8
深圳市共进电子股份有限公司
曾晓勇
G08C 23/06
Loading...
一种基于无源光网络的远程抄表装置，结构中包括存储有远程智能抄表程序的CPU、内存、及用于连接用户端电表的RS485接口，所述的远程抄表装置的结构中还包括用于与远程主站抄表中心进行数据通信的光纤通信接口，存储有主站协议模块、电表协议模块、协议解析模块及消息转发模块的FLASH，主站协议模块与电表协议模块的信号输出端分别与协议解析模块的信号输入端连接，协议解析模块借助数据连接线与消息转发模块连接，消息转发模块借助无源光网络与远程主站抄表中心通信、并借助RS485接口与用户端电表连接。本实用新型将EPON协议、电力抄表协议、通信口协议等融合到一个设备中，有效降低设备的复杂度，提高设备的可靠性，降低设备成本，简化安装过程。
153. 103560841 射频线路测试系统及方法
CN
05.02.2014
H04B 17/00 Loading...
H04B 17/00
Loading...
201310519815.6
深圳市共进电子股份有限公司
李津
H04B 17/00
Loading...
本发明公开了一种射频线路测试系统及方法，包括：测试计算机PC，用于预设测试信号，且将测试信号发送至信号发生器与射频信号测试分析仪、以及分析所获得的待测射频线路的衰减值的正确性；信号发生器，与测试PC相连，用于产生预设测试信号，并将产生的预设测试信号发送至转换板；转换板，与信号发生器相连，用于传输预设射频信号以及匹配各种测试类型的待测射频线路；射频信号测试分析仪，分别与测试PC和转换板相连，用于接收测试信号，并根据接收的测试信号和预设测试信号，获得待测射频线路的衰减值；其中，射频信号测试分析仪通过待测射频线路与转换板相连。采用本发明的系统及方法，可减小测试人员的工作量，提高测试效率。
154. 203414907 一种无线终端产品的二次复位电路
CN
29.01.2014
G06F 1/24 Loading...
G06F 1/24
Loading...
201320329638.0
深圳市共进电子股份有限公司
张涛
G06F 1/24
Loading...
本实用新型提供了一种无线终端产品的二次复位电路，包括：复位芯片、第一电容、第二电容、三极管、第一电阻、第二电阻及第三电阻；第一电阻的一端与第二电阻的一端并联后接电源Vc；第一电阻的另一端与第一电容的正极相连，第一电容的负极接地；第二电阻的另一端与三极管的集电极相连，三极管的基极与第一电容的正极相连，三极管的发射极接地；第二电容的正极接复位芯片的第3管脚，第二电容的负极接三极管的集电极；复位芯片的第4管脚接电源Vc，复位芯片的第2管脚经第三电阻接电源Vcc，复位芯片的第1管脚接地。本实用新型采用简单的分立器件和普通的复位芯片搭建电路，从而有效降低成本，提升无线产品的市场占有率。
155. 203415790 一种网口和电话口封装结构
CN
29.01.2014
H01R 27/00 Loading...
H01R 27/00
Loading...
201320350049.0
深圳市共进电子股份有限公司
张涛
H01R 27/00
Loading...
本实用新型提供了一种网口和电话口封装结构，包括：DSL芯片、以太网芯片、一个RJ45插座及一个RJ11插座；所述RJ45插座的部分引脚连接所述以太网芯片；所述RJ11插座的部分引脚连接所述DSL芯片；所述RJ45插座的第3脚与与RJ11插座的第4脚重叠连接；所述RJ45插座的第5脚与与RJ11插座的第2脚重叠连接。本实用新型提供的网口和电话口封装结构，实现一个封装同时支持网口与电话口互用，无需重新修改PCB板，满足了不同客户的不同需求，降低了重复投入的研发成本，推进了产品开发的进程，满足了快速送样的需求，从而提升了产品市场占有率与竞争力。
156. 103533465 Design method of passive optical network
CN
22.01.2014
H04Q 11/00 Loading...
H04Q 11/00
Loading...
201310472490.0
深圳市共进电子股份有限公司
王侃
H04Q 11/00
Loading...
The invention provides a design method of a passive optical network. The design method comprises the following steps: selecting a proper user terminal, wherein all the user terminals are terminal equipment with local sides; designing an optical divider; connecting the user terminal with an input/output interface in the optical divider respectively in an optical cable communication mode; determining that a time division multiplexing communication mode is adopted between every two user terminals and determining a time slot for transmitting information by each user terminal for the user terminal; distributing a unique identification number to all user terminals respectively; other steps. According to the design method, a shared network of a simple and safe structure is provided, so that each user terminal of the network can transmit a large quantity of data in a two-stage dynamic bandwidth allocation and time division multiplexing mode, i.e., the time slots of other user terminals are occupied.
157. 103516397 一种基于电力线载波的电信号分离方法及系统
CN
15.01.2014
H04B 3/54 Loading...
H04B 3/54
Loading...
201310424168.0
深圳市共进电子股份有限公司
谢卓
H04B 3/54
Loading...
本发明提供了一种基于电力线载波电信号分离方法及系统，该方法通过给PLC调制解调器提供纯净的工频电源，PLC得电工作，产生电力线载波信号，然后再滤除工频信号产生纯净的电力线载波信号。本系统采用低通隔离电路将电网中的纯净的工频电源输入给PLC调制解调器，然后采用一个高通耦合电路将电力线载波信号输出。本方法简单实用，电路体积小。
158. 103458518 一种自动信道选择的方法
CN
18.12.2013
H04W 72/04 Loading...
H04W 72/04
Loading...
201310411284.9
深圳市共进电子股份有限公司
杨尉
H04W 72/04
Loading...
本发明提供了一种自动信道选择方法，设计的思路为用户下发40M自动信道选择选项后，系统将带宽首先设置为20M带宽，而20M带宽是没有20M+或者20M-概念的，其自动信道选择的范围为全范围1~13。在20M带宽下获取到最优信道n后，再将信道设回到40M-或者40M+带宽，最后将40M-或者40M+带宽下的信道设置为n。从而实现40M自动信道可以在1~13全范围选择。
159. 203340417 一种射频测试馈电点焊接结构
CN
11.12.2013
H05K 1/11 Loading...
H05K 1/11
Loading...
201320407097.9
深圳市共进电子股份有限公司
刘德银
H05K 1/11
Loading...
本实用新型提供了一种射频测试馈电点焊接结构，主馈射频微带线焊接在PCB板上的第一层铜箔上，所述的主馈射频微带线的第一层铜箔内，形成中心轴线与和主馈射频微带线的中心轴线对称重合的分割缺口，所述的分割缺口贯穿于第二层铜箔，由介电材料填充。本实用新型提出了一种射频测试馈电点焊接结构，可以兼容目前大部分的射频测试接口。该工艺是：在射频测试端口，根据共面波导传输线的阻抗要求，改变传输线的参考地，保证测试端口的阻抗连续且接近传输线的特性阻抗。同时在传输线与同轴射频连接器接触的中心点上，去除传输线上面部分铜箔，并且让铜箔环顾射频接头的内导体，实现阻抗和工艺的结合。
160. 203326981 一种兼容BOOT芯片启动配置选项和电平转换的GPIO复用系统
CN
04.12.2013
H03K 19/0185 Loading...
H03K 19/0185
Loading...
201320406528.X
深圳市共进电子股份有限公司
谢平
H03K 19/0185
Loading...
本实用新型涉及GPIO复用技术，尤其涉及一种兼容BOOT芯片启动配置选项和电平转换的GPIO复用系统，包括MOS管Q1，所述MOS管Q1上的源极S连接至芯片IC1上的信号发射端UTX网络接口，漏极D通过1KΩ的电阻R5连接至芯片IC2的信号接收端RXD网络接口，栅极G通过0Ω的电阻R1连接至1.8V的上拉电平；有100KΩ的电阻从芯片IC1上的信号发射端UTX网络接口和MOS管Q1的源极S之间连接至0Ω的电阻R1和1.8V电平之间；有10KΩ的电阻R4从1KΩ的电阻R5和MOS管Q1的漏极D之间连接至3.3V的上拉电平。本实用新型能够保证当两个芯片高电平判据不一致，进行信号电平的转换，通过互联实现通信。
161. 103428322 Method of collecting user key press and network voice communication terminal
CN
04.12.2013
H04M 1/253 Loading...
H04M 1/253
Loading...
201310253418.9
深圳市共进电子股份有限公司
刘绍海
H04M 1/253
Loading...
The embodiment of the present invention discloses a method of collecting user key press and a network voice communication terminal. The method of the embodiment of the present invention comprises the steps of using a VOIP terminal to receive a number receiving signaling sent by a media gateway controller (MGC) for the first time; and then starting a preset number pool; using the VOIP terminal to collect the numbers pressed by a user and storing the numbers pressed by the user in the number pool according to the key press order of the user; using the VOIP terminal to determine whether the received number receiving signaling satisfies a predetermined condition; if yes, using the VOIP terminal to report the numbers in the number pool according to the predetermined condition. Therefore, the numbers pressed by the user can be collected completely by caching the numbers pressed by the user in the number pool, and accordingly, the key press of the user can be prevented from losing on the conditions that a network environment is worse, or the severe jitter or time delay occurs in the network, etc.
162. 103401776 Method for pushing information by utilizing router
CN
20.11.2013
H04L 12/701 Loading...
H04L 12/701
Loading...
201310342467.X
深圳市共进电子股份有限公司
王金桂
H04L 12/701
Loading...
The invention discloses a router utilizing method, and particularly relates to a method for pushing information by utilizing a router. The method comprises the following steps: firstly storing information contents to be pushed and information presentation forms in a storing device of the router, wherein the information presentation forms are a full page information exhibiting form or a regional information exhibiting form; when a user accesses a network through the router, loading an information script to be pushed by the router through a HTTP (hyper text transport protocol) agent function by analysis analytical processing, and pushing the information script to be pushed to a user browser to be exhibited according to different information presentation forms; when the information is exhibited, timing by the router; and when the preset time is reached, sending a close command to the browser, and stopping the information exhibition. The method for pushing the information by utilizing the router has the functions that the condition that the diversified information is exhibited to the users through the broadband router is realized, and the information can be conveniently and fast updated and switched, so that a flexible information push contract can be signed with an information vendor and the like; and in addition, the limit that the storage space of the broadband router is small is broken away.
163. 103391636 一种加强CAPWAP通信隧道保活的方法
CN
13.11.2013
H04W 76/02 Loading...
H04W 76/02
Loading...
201310306230.6
深圳市共进电子股份有限公司
李升明
H04W 76/02
Loading...
本发明提供了一种加强CAPWAP通信隧道保活的方法，该方法中，进入Run状态后，AP端或者AC没有从控制隧道收到由AC或者AP发送的任何报文时，AP定时向AC发送请求报文，AC定时向AP发送请求报文，只有在延时后，AC和AP都没有收到由对方发送过来的任何报文才中断隧道。本发明通过双向控制隧道保活的方法，使得AP，AC都发起保活过程。只要其中的一个保活过程是通的，就认为隧道是通的，不会中断隧道，只有当两个方向都不通，才中断隧道。这样就加强了隧道的保活机制的可靠性，以到达避免错误中断隧道的目的。
164. 203289476 一种多用途立式网口路由器
CN
13.11.2013
H04L 12/771 Loading...
H04L 12/771
Loading...
201320294966.1
深圳市共进电子股份有限公司
邹飞
H04L 12/771
Loading...
多用途立式网口路由器，包括有四个网口组件，各个所述网口组件均具有信号PIN脚，具体地，相邻的两个所述网口组件中，所述信号PIN脚重叠设置。本实用新型在四口的基础上，增加考虑了单口，两口的需求，使用一个封装实现一个网口，两个网口，四口网口的需求。本实用新型实现发明目的采用的技术方案是，在现有四口封装的基础上，保证网口信号PIN脚重叠，增加单口与两口的封装在两侧。本实用新型的有益效果是：一个封装支持四个网口，两个网口，一个网口，并且左右两边都能支持一个网口与两个网口，满足了不同客户的不同需求，降低了重复投入的研发成本，推进了产品开发的进程，满足了快速送样的需求，从而提升了产品市场占有率与竞争力。
165. 103391565 一种无线接入一体化系统
CN
13.11.2013
H04W 24/00 Loading...
H04W 24/00
Loading...
201310293517.X
深圳市共进电子股份有限公司
孙戈宇
H04W 24/00
Loading...
本发明提供了一种无线接入一体化系统，实现终端用户接入互联网服务，包括无线网控制器和无线接入点，所述的无线控制器工作在桥模式下，包括DHCP？服务器、CAPWAP服务器、CAPWAP客户端、论证控制模块、状态监控模块；所述的无线接入点包括无线通信模块、CAPWAP客户端。本发明的无线接入一体化系统具有如下特点：维护简单、成本低是一种扩展和延伸无线局域网的解决方案，且可移植性强，管理功能模块简单清晰。
166. 103391488 一种无源光网络中智能释放带宽的方法
CN
13.11.2013
H04Q 11/00 Loading...
H04Q 11/00
Loading...
201310345687.8
深圳市共进电子股份有限公司
胡小斌
H04Q 11/00
Loading...
本发明提供了一种无源光网络中智能释放带宽的方法，该方法借助无源光网络管理器使光网络终端自行挂断空闲的链路，在有上行数据时，建立链接，在没有上行数据时、释放链接。本发明会检测用户数据报文要通过广域网发送时，会自动发起链接请求唤醒对方与之建立通信通道，还会对空闲链路进行实时监控，自行挂断空闲时间超过设定值的链路。通过这样的链路控制方法，能够满足有些偶尔有数据传输或在特定时间传输数据的用户需求，有效利用宽带资源。
167. 203278876 一种多用途卧式网口路由器
CN
06.11.2013
H04L 12/771 Loading...
H04L 12/771
Loading...
201320294941.1
深圳市共进电子股份有限公司
邹飞
H04L 12/771
Loading...
一种多用途卧式网口路由器，包括有第一网口组件和第二网口组件，所述第一网口组件与所述第二网口组件横向排列设置，还包括有第三网口组件和第四网口组件，所述第三网口组件与所述第四网口组件分设置于所述第一网口组件与所述第二网口组件的两侧，并与所述第一网口组件与所述第二网口组件横向排列设置；所述第一网口组件、所述第二网口组件、所述第三网口组件以及所述第四网口组件均包括有信号PIN脚，相邻的两个网口组件的所述信号PIN脚重叠设置。通过上述结构设计，本实用新型共包括有四个网口组件，如此，能够在原有的满足一个网口、两个网口插接的基础上，还能够满足四个网口插接的需求。
168. 203279200 一种无线终端
CN
06.11.2013
H04W 88/02 Loading...
H04W 88/02
Loading...
201320294924.8
深圳市共进电子股份有限公司
邹飞
H04W 88/02
Loading...
一种无线终端，包括有WLAN电路系统组件和WPS电路系统组件，还包括GPIO和用于触发所述GPIO启动的按键，所述WLAN电路系统组件以及所述WPS电路系统组件均与所述GPIO电路连接。在本实用新型中，WLAN电路系统组件以及WPS电路系统组件均与GPIO电路连接。将WLAN与WPS按键合二为一，使用一个按键实现两个功能。通过识别用户按键时间的长短来区分客户需要实现的功能。本实用新型实现的目的为：采用一个按键，通过GPIO检测，识别用户按键时间的长短来区分客户需要实现的功能，从而实现两个按键的功能。本实用新型的有益效果是：减少了一个按键以及配套电路的成本，并减少了用户接口，实现了用户接口的简洁，在一定程度上提高了生产效率。
169. 203261484 一种无线覆盖自动化测试系统
CN
30.10.2013
H04W 24/00 Loading...
H04W 24/00
Loading...
201320283703.0
深圳市共进电子股份有限公司
陈定
H04W 24/00
Loading...
本实用新型提供了一种无线覆盖自动化测试系统，包括分别安放被测试的无线路由器和无线客户端的第一转台和第二转台，分别与所述的无线路由器和无线客户端连接的测试服务器，其特征在于：还包括第一电机和第二电机，控制的第一电机和第二电机的控制板，检测第一转台和第二转台转动位置的位置检测器，所述的第一电机和第二电机分别驱动所述的第一转台和第二转台，所述的第一转台和第二转台转动位置的位置检测器检测到的位置信号输出到所述的控制板，所述的控制板根据转台的位置信号和存储在控制板上的控制程序控制所述的第一电机和第二电机工作。
170. 203261394 一种混合网络调制解调器
CN
30.10.2013
H04M 11/06 Loading...
H04M 11/06
Loading...
201320282330.5
深圳市共进电子股份有限公司
李小川
H04M 11/06
Loading...
本实用新型提供了一种混合网络调制解调器，包括设置在机壳内的电源模块、电力线载波通信模块和无线通信模块；本实用新型集无线AP、PLC桥接适配器、开关电源于一体，整体尺寸比原有3个设备加起来要小，外型美观，简化到只有电源、Ethernet配线，成本也较原有3个设备总和要低，而且一条通讯路径不通可以切换到另一条通讯路径，减少网络故障，顺应用户端网络发展的趋势，有良好的技术前景。
171. 203261569 一种防连锡的PCB DIP封装板
CN
30.10.2013
H05K 1/02 Loading...
H05K 1/02
Loading...
201320262477.8
深圳市共进电子股份有限公司
陈广达
H05K 1/02
Loading...
本实用新型提供了一种防连锡的PCB DIP封装板，包括PCB板、封装于PCB板正面的多个第一焊盘和封装于PCB板背面的多个第二焊盘，所述PCB板的背面还设有丝印油墨桥，该丝印油墨桥将相邻的第二焊盘之间相隔离。本实用新型实施例在相邻焊盘之间增设了一层丝印油墨桥，使得PCB在过波峰焊时，因焊盘之间的丝印油墨桥的隔离阻碍作用，焊锡不容易在相邻两个焊盘之间形成短路，达到防连锡的效果；还在与PCB过波峰焊方向平行设计有偷锡焊盘，偷锡焊盘具有吸纳能力，多余的焊锡会集在偷锡焊盘上，不容易形成连锡，进一步增强了防连锡的效果。
172. 203250052 一种单纤双向光收发组件
CN
23.10.2013
G02B 6/43 Loading...
G02B 6/43
Loading...
201320267232.4
深圳市共进电子股份有限公司
钟程
G02B 6/43
Loading...
本实用新型提供了一种单纤双向光收发组件，包括由外支撑结构包裹的单模适配器、激光发射组件、光接收组件、第一滤光片、第二滤光片；激光发射组件的中心线与单模适配器中纤芯中心线在同一光轴上；激光发射组件和光接收组件并排设置且两者的中心光轴线在两条平行的光轴上；第一滤光片在光接收组件上方，第一滤光片的反射光与光接收组件中心光轴线在同光轴上；第二滤光片在激光发射组件上方，并位于单模适配器和激光发射组件之间；第一滤光片与所述的第二滤光片平行。成平行于激光发射组件的光轴，使得更利于BOB的生产组装，同时通过外部支撑结构与母板进行连接，实现SMT插件的方式进行回流焊或波峰焊，达到批量自动化生产的目的。
173. 103346958 一种传真信令的协商方法
CN
09.10.2013
H04L 12/58 Loading...
H04L 12/58
Loading...
201310317799.2
深圳市共进电子股份有限公司
刘友盛
H04L 12/58
Loading...
本发明实施例公开了一种传真信令的协商方法，通过传真接收方通过将携带有自身所配置的传真媒体能力的SDP传真信令协商请求发送给传真发送方，而传真发送方根据接收到的SDP传真信令协商请求中的传真媒体能力和自身的传真媒体能力得到传真信令的协商结果，然后将携带有该协商结果的传真信令协商响应返回给传真接收方，进而传真接收方根据接收到的SDP传真信令协商响应的协商结果，将语音通道切换成该协商结果所对应的传真通道，同时，传真发送方也将语音通道切换成协商结果所对应的传真通道，进而使得传真接收方和传真发送方使用相同传真通道进行传真业务，有效提高传真的成功率。
174. 103346825 一种智能天线的控制方法
CN
09.10.2013
H04B 7/04 Loading...
H04B 7/04
Loading...
201310262291.7
深圳市共进电子股份有限公司
吴繁
H04B 7/04
Loading...
本发明提供了一种智能天线的控制方法，该方法在没有下行传输阶段，AP主动轮询为特定的天线组合发送数据，来主动切换天线，满足上行传输的需求，保证了多用户情况下，不会出现终端饿死的情况发生。
175. 103346377 一种双频可调定向耦合器
CN
09.10.2013
H01P 5/18 Loading...
H01P 5/18
Loading...
201310233970.1
深圳市共进电子股份有限公司
戴勤
H01P 5/18
Loading...
本发明提供了一种双频可调定向耦合器，包括具有输入端口、输出端口的主线，在所述的主线输入端口与地线之间设置有接地电容C1，在所述的主线输出端口与地线之间设置有接地电容C2。本发明在主线输入输出端口设置电容后，对带外噪声尤其是高频寄生频带有很好的抑制作用。从而实现频带可调、低插损、高频寄生抑制特性良好的定向耦合器。
176. 103347022 一种安全访问CPE页面的方法
CN
09.10.2013
H04L 29/06 Loading...
H04L 29/06
Loading...
201310277942.X
深圳市共进电子股份有限公司
张芝华
H04L 29/06
Loading...
本发明涉及通信技术领域，尤其涉及一种安全访问CPE页面的方法，包括以下步骤：客户访问向CPE发出访问请求；CPE通过TCP/IP协议栈将访问请求发送至URL过滤器，URL过滤器检验访问请求的有效性和正确性，若通过检验则进行认证服务，若没有通过检验，则直接拒绝访问；经过认证服务后的访问请求最后传输至网关服务器终点，最终实现访问。本发明在CPE上定制不同的URL过滤器；然后在页面访问过程中，对页面访问的URL执行一系列的检测，将不合法的URL过滤掉，从而实现URL过滤的可定制性，解决了页面访问安全，增强了CPE的安全性，保证CPE的正常运行。
177. 103347004 一种提高VBD数据传输质量的方法
CN
09.10.2013
H04L 29/06 Loading...
H04L 29/06
Loading...
201310243350.6
深圳市共进电子股份有限公司
陆文乐
H04L 29/06
Loading...
本发明提供了一种提高VBD数据传输质量的方法，包括步骤：（1）在主叫端和被叫端建立媒体流连接后、进入VBD数据传输模式前，提取该段时间内的语音媒体流作为评估网络质量的数据源，据此数据源连续计算出各RTP包的jitter值；（2）主叫端和被叫端根据jitter值分别设置本端静态Jitterbuffer的缓冲区深度，之后切换至VBD数据传输模式。本发明通过计算连接建立后、切换VBD模式前的媒体流的jitter值来判断当前的网络环境质量，进而设置jitterbuffer的缓冲区深度切入到VBD数据传输模式，更能贴近当前的网络环境，在最大限度保障数据信号的完整性的前提下，尽可能地提高了数据信号的实时性。
178. 103347014 网络快速转发模块及网络快速转发实现方法
CN
09.10.2013
H04L 29/06 Loading...
H04L 29/06
Loading...
201310253962.3
深圳市共进电子股份有限公司
彭耀
H04L 29/06
Loading...
本发明提供了一种网络快速转发模块及网络快速转发实现方法，其中实现方法为：网络快速转发模块进行初始化，向linux各网络子系统进行注册；在各种类型的网络数据流首次被linux网络协议栈转发时，网络快速转发模块获取并缓存linux网络协议栈下发的网络转发规则，生成快速转发规则缓存表；在有网络数据流再次从网卡接收后，先将该网络数据流与快速转发规则缓存表进行匹配，如果存在对应的快速转发规则，则将其直接从相应的网卡发送出去，否则将该其返回至linux网络协议栈处理。本发明支持桥接和路由转发，简化网络转发流程，减少cpu资源消耗，降低转发时延，大幅度地提高了网络转发吞吐量。
179. 103345827 一种对无线路由器遥控的方法及遥控无线路由器
CN
09.10.2013
G08C 17/02 Loading...
G08C 17/02
Loading...
201210490144.0
深圳市共进电子股份有限公司
苏邓海
G08C 17/02
Loading...
本发明为一种对无线路由器进行遥控的方法和遥控无线路由器，该方法充分利用无线路由器具有的WIFI功能，通过特定的WIFI无线遥控器给无线路由器发送控制信号，让无线路由器执行预先设置好的指令，这样无线路由器就可以被遥控了，用户通过小小的遥控器就可以控制无线路由器执行相关的操作，一定程度上和无线路由器传统管理界面的设置类似，但操作更方便，只需点击一下按钮。
180. 103338081 一种大功率无线AP产测模式统一处理方法
CN
02.10.2013
H04B 17/309 Loading...
H04B 17/309
Loading...
201310211305.2
深圳市共进电子股份有限公司
吴繁
H04B 17/309
Loading...
本发明提供了一种大功率的无线AP产测模式统一处理方法，在硬件产品上电，系统启动进入内核后，在串口上出现是否进入到产测模式的提示。本发明在系统启动进入内核后，在串口上出现是否进入到产测模式的提示的方式，使界面上统一提示使工作人员按照提示进行以下的过程。
181. 103327129 针对多WAN口网关设备的域名解析方法
CN
25.09.2013
H04L 29/12 Loading...
H04L 29/12
Loading...
201210076265.0
深圳市共进电子股份有限公司
肖伟
H04L 29/12
Loading...
本发明公开一种针对多WAN口网关设备的域名解析方法，包括：将LAN口分组，并使每一组LAN口与一个WAN口绑定；接收LAN口发送过来的域名解析请求报文并进行本地解析，若解析成功，则向发送该域名解析请求报文的LAN口返回解析结果，否则将该域名解析请求报文通过与发送该域名解析请求报文的LAN口绑定的WAN口发出，并监测接收解析结果。通过将LAN口和WAN口绑定，使其在解析域名时，LAN口的请求报文不会发送到多个WAN口，从而减少网络资源的消耗。
182. 103327137 一种路由器域名访问方法
CN
25.09.2013
H04L 29/12 Loading...
H04L 29/12
Loading...
201310273907.0
深圳市共进电子股份有限公司
张远茂
H04L 29/12
Loading...
本发明提供了一种路由器域名访问方法，该方法适合于使用操作系统为windows系统的终端中，在上行DHCP没有开启时，通过查找本地hosts文件或者netbios缓存查找无名对应的IP、否则发出DNS包向网络查询，如果再不行则发送NBNS协议包。本发明解决了路由器上行DHCP关闭，忘记了管理IP的情况下，访问路由器管理界面的问题。
183. 103324710 基于URL过滤功能的用户体验方法
CN
25.09.2013
G06F 17/30 Loading...
G06F 17/30
Loading...
201310242174.4
深圳市共进电子股份有限公司
魏志勇
G06F 17/30
Loading...
本发明提供了一种基于URL过滤功能的用户体验方法，包括步骤：a：在URL过滤模块中添加函数构造一个http数据包；b：用户在浏览器上输入网址，URL过滤模块对输入的网址进行匹配，如果匹配上，则进入步骤c；否则，进入步骤d；c：URL过滤模块调用上述函数，浏览器弹出告警窗口提示用户相关信息；d：用户正常访问输入网址，浏览网页。本发明通过在URL过滤模块中添加函数构造一个http数据包，当用户访问了被URL模块阻止的网址时，URL过滤模块调用该函数弹出提示窗口，提示用户无法上网的原因，同时也解决了现有的因用户配置了URL过滤规则无法上网，在用户无法判断原因的情况下，拨打电信维护电话，造成电信维护成本上升，进而影响产品销售。
184. 103327484 一种无线局域网中清除非法AP的方法
CN
25.09.2013
H04W 12/00 Loading...
H04W 12/00
Loading...
201310262156.2
深圳市共进电子股份有限公司
吴繁
H04W 12/00
Loading...
本发明提供了一种无线局域中清除非法AP的方法，该方法中，无线AP通过实时监测非法AP的存在情况，切断非法AP与无线用户的通信连接，并及时通知无线用户非法AP的存在，提醒用户及时的更新无线AP的无线密码与无线加密方式。本发明的目的是通过一种防钓鱼的功能，保证了无线用户的上网安全。
185. 103312622 一种IPv6接入认证方法
CN
18.09.2013
H04L 12/823 Loading...
H04L 12/823
Loading...
201310277933.0
深圳市共进电子股份有限公司
赵俊
H04L 12/823
Loading...
本发明涉及数据通信技术领域，尤其涉及一种IPv6接入认证方法，包括：IPv6路由器关闭周期性发送RA程序；IPv6主机发送带有认证信息的RS报文；IPv6路由器收到带有认证信息的RS报文后，判断RS报文的认证信息是否存在；如果RS报文的认证信息存在，IPv6路由器对认证信息进行匹配；如果RS报文的认证信息匹配，则将RS报文的LLA加入信任转发列表；IPv6路由器发出带有认证信息的RA报文；IPv6主机在计时器时间内收到带有认证信息的RA报文后，对RA报文的认证信息进行匹配；如果匹配，则对RA报文进行处理。本发明实现了主机选择合适的路由器做数据业务转发，相互匹配认证，优化了路由器和主机之间的业务分流。
186. 103313279 一种高精度无线覆盖自动化测试方法及系统
CN
18.09.2013
H04W 24/00 Loading...
H04W 24/00
Loading...
201310209413.6
深圳市共进电子股份有限公司
吴繁
H04W 24/00
Loading...
本发明提供了一种高精度无线覆盖自动化测试方法和系统，该系统包括测试计算机，测试计算机控制的被测无线网卡和被测AP，分别安放被测无线网卡和被测AP的两个转台；还包括分别驱动两个转台的两个步进电机，对步进电机进行控制的PLC，所述的PLC通过串口与所述测试计算机通信。该方法提供了对电机的控制步骤。本发明为了提高无线覆盖测试精度，提出了自动化转台测试平台，利用PLC控制步进电机驱动转台自动转动的技术方案，由于这种控制方式是工控级的，误差为0.03%，非常合适无线联盟的国际标准测试结果。
187. 203206233 一种基于4G标准的无线宽带装置
CN
18.09.2013
H04B 1/40 Loading...
H04B 1/40
Loading...
201320206246.5
深圳市共进电子股份有限公司
袁丛清
H04B 1/40
Loading...
本实用新型提供了一种基于4G标准的无线宽带装置，包括基站天线和TD-LTE收发通道，还包括TD-LTE信号分、合路单元、TD-LTE数据单元、WiFi单元和WiFi覆盖天线；所述的TD-LTE信号分、合路单元与所述的基站天线相连，将基站天线下行的信号分路成两路分别与所述的TD-LTE收发通道和TD-LTE数据单元，同时将所述的TD-LTE收发通道和TD-LTE数据单元的上行信号通过基站天线发射；所述的TD-LTE数据单元分别与TD-LTE信号分、合路单元和WiFi单元相连，向WiFi单元提供高速宽带数据接入接口，实现TD-LTE信号与WiFi相互转换；所述的WiFi单元与WiFi覆盖天线相连。本实用新型可以实现TD－LTE盲区信号覆盖同时提供WiFi宽带接入的宽带接入装置。
188. 203206138 一种安全开关电源
CN
18.09.2013
H02M 7/12 Loading...
H02M 7/12
Loading...
201320209460.6
深圳市共进电子股份有限公司
周厚道
H02M 7/12
Loading...
本实用新型提供了一种安全开关电源，包括交流输入滤波整流电路、变压器转换电路、直流输出整流滤波电路、开关控制电路和反馈电路，所述的反馈电路中，采用一个光耦作为强弱电的隔离器件，在所述的光耦的第3、4引脚之间设置稳压二极管，所述的稳压二极管的N极与光耦的第3引脚连接，所述的稳压二极管的P极与光耦的第4引脚连接。本实用新型通过在光耦的输出端设置稳压二极管，在进行HI-POT测试时，当光耦的第四脚与高压线路由于某种原因发生短路时，高压会将稳压二极管先击穿，导致高压线路和初级地短路，从而烧断保险丝，断开高压线路，从而保护光耦不被高压击穿，这样可以保证流过的电流非常小，保证测试人员的人身安全。
189. 203206258 一种POE设备的保护电路
CN
18.09.2013
H04L 12/10 Loading...
H04L 12/10
Loading...
201320206247.X
深圳市共进电子股份有限公司
孙翀
H04L 12/10
Loading...
本实用新型提供了一种POE设备的保护电路，包括利用网线同时传输电源和网络信号的PSE设备，将传输电源和网络信号分离的网络变压器，所述的网络变压器的网络信号输出线接POE设备的网络信号输入接口，网络变压器的电源输出端经整流桥接POE设备的电源输入端，在整流桥的输出端与地之间设置放电管，还包括外置电源，所述的外置电源接所述的POE设备的电源端，在外置电源与POE设备的电源端之间设置有浪涌保护电路。本实实用新型中POE设备保护电路装置在达到保护POE电路芯片抗冲击能力差的同时，也不影响POE系统的检测功能，对产品有可靠的保障。通过2部分构成对POE产品的保护装置，结构简单，节约成本。
190. 103298217 一种可表示多种工作状态的LED提示灯系统
CN
11.09.2013
H05B 37/02 Loading...
H05B 37/02
Loading...
201310257534.8
深圳市共进电子股份有限公司
杨琪
H05B 37/02
Loading...
本发明公开了一种电气设备工作提示系统，尤其涉及一种可表示多种工作状态的LED提示灯系统，包括三极管Q1和LED发光二极管D1，所述三极管Q1的基极通过电阻R1连接诶至CPU的GPIO口，所述三极管Q1的集电极经过LED发光二极管D1和电阻R1后连接至电源正极VCC，所述三极管Q1的发射极连接电源负极GND，有电阻R3从三极管Q1的基极和电阻R2之间连接至电源正极VCC。本发明可以仅用一个LED发光二极管表示多种工作状态，满足了宽带接入终端设备越来越小型化，LED来说也是越来越少，却能表示更多工作状态的需求。
191. 103297562 基于内核实现Option82处理的方法、设备及系统
CN
11.09.2013
H04L 29/12 Loading...
H04L 29/12
Loading...
201310213411.4
深圳市共进电子股份有限公司
周明明
H04L 29/12
Loading...
本发明实施例公开了一种基于内核实现Option82处理的方法、设备及系统，操作简单，有效提高工作效率。本发明实施例方法包括：无线桥接设备接收动态主机配置协议DHCP客户端发送的请求报文，所述请求报文用于向DHCP服务器请求IP地址配置信息；所述无线桥接设备根据用户配置参数生成Option82选项，并将生成的所述Option82选项添加至所述请求报文；所述无线桥接设备对添加所述Option82选项的请求报文进行格式调整；所述无线桥接设备向所述DHCP服务器发送调整后的请求报文，以便所述DHCP服务器根据调整后的请求报文为所述DHCP客户端分配IP地址配置信息。
192. 103297564 一种自动切换外部代理服务器地址的方法
CN
11.09.2013
H04L 29/12 Loading...
H04L 29/12
Loading...
201310275783.X
深圳市共进电子股份有限公司
肖青平
H04L 29/12
Loading...
本发明涉及网络语音通信终端领域，尤其涉及一种自动切换外部代理服务器地址的方法，其中步骤四，如果外部代理服务器域名地址不是域名，则用该IP地址去注册，若注册成功，发起呼叫；步骤五，如果地址注册失败或在发起呼叫时没有得到回应，则进行外部代理服务器地址切换，此时保存的IP地址有多个，则切换到下一个，若现在使用的地址已经是最后一个，则重新进行域名解析获取地址。本发明的作用是：其中一个外部代理服务器出现故障的情况下，不用手动去配置修改外部代理服务器地址，避免了因为一个外部代理服务器出现故障，使所代理的所有设备都不能使用。
193. 103296025 一种电路板上集成电路芯片ESD防护电路
CN
11.09.2013
H01L 27/02 Loading...
H01L 27/02
Loading...
201310192071.1
深圳市共进电子股份有限公司
黄德斌
H01L 27/02
Loading...
本发明提供了一种电路板上集成电路芯片ESD防护电路，对集成电路芯片上的关键信号进行防护，包括与集成电路芯片关键信号输入引脚相连的电阻和连接在所述的集成电路芯片关键信号输入端与接地引脚之间的电容。本发明在集成电路关键信号管脚处增加R、C电路，能增强关键信号管脚与局部工作地之间的耦合，有效地对叠加在信号上的ESD干扰信号进行衰减，保证集成电路的关键信号不穿越电平门限，防止电路的误动作，增强了集成电路的ESD防护能力。
194. 103297952 一种双频WPS触发方法
CN
11.09.2013
H04W 8/24 Loading...
H04W 8/24
Loading...
201310170487.3
深圳市共进电子股份有限公司
荣唯
H04W 8/24
Loading...
本发明提供了一种双频WPS触发方法，采用在路由器上设置一个硬件按钮触发的方式，在硬件按钮按下以后，通过广播或者应答的方式通告所有的终端，当下行终端WPS激活时即可立即进行WPS交互，当WPS交互完毕，则可进行正常的数据交互。本发明采用一个按钮触发方式完成双频下的WPS触发，并引导完成WPS进程，克服了目前针对一个硬件按钮采用不同时段激活不同频段下WPS所带来的不足。
195. 103281295 实现同一IP局域网中多个终端并行升级的系统及方法
CN
04.09.2013
H04L 29/06 Loading...
H04L 29/06
Loading...
201310139826.1
深圳市共进电子股份有限公司
李康养
H04L 29/06
Loading...
本发明提供了一种实现同一IP局域网中多个终端并行升级的系统及方法，其中方法包括：在PC机端配置包含位于IP报文中非地址标志字段的IP特征、映射设备侧物理端口索引的映射关系表并下发至映射设备；PC机同时下发针对不同待升级终端的多个IP升级包至映射设备，各IP升级包中均包含映射到对应映射设备侧物理端口的IP特征；映射设备根据映射关系表将各IP升级包通过相应的物理端口透传至对应的待升级终端，待升级终端据此进行升级。本发明实施例通过使用IP报文的非地址标志字段来区分和访问具相同IP/MAC的网络终端，不对IP报文本身进行任何修改，提高了处理效率；不需要对应用层报文中使用到IP地址的部分进行处理，解决了兼容性问题。
196. 103281714 一种无线覆盖自动化测试系统
CN
04.09.2013
H04W 24/00 Loading...
H04W 24/00
Loading...
201310192719.5
深圳市共进电子股份有限公司
陈定
H04W 24/00
Loading...
本发明提供了一种无线覆盖自动化测试系统，该系统通过控制电机带动支撑被测试的AP和STA，将被测试的AP和STA旋转到不同的角度，然后测试其吞吐量，并采用统一的控制系统对电机进行自动控制，完成测试。本发明提供的无线覆盖自动化测试系统，通过自动调整无线产品测试的角度与转动的时间，可以直接提高无线产品覆盖测试的可靠性，测试过程中，从开始测试到测试完成，只要做好初始的配置，中间不要人为的参与，测试完成之后，数据会自动生成表格，因而既提高了数据的准确性与可靠性又降低了人力成本。
197. 103279203 一种按键复用的方法及多功能按键
CN
04.09.2013
G06F 3/023 Loading...
G06F 3/023
Loading...
201310102993.9
深圳市共进电子股份有限公司
刘芳
G06F 3/023
Loading...
本发明提供了一种按键复用的方法及多功能按键，解决了无源光网络终端设备功能管理过程中管理缺失的技术问题。采用的技术方案是，通过功能性按键的行为，并设置计时器，计时器可以预先设定若干不同的时长，并根据功能性按键保持闭合的时长所触发不同的预设功能操作，本发明增强了无源光网络终端设备功能管理的完整性和灵活性，并增强了无源光网络终端设备的实用性，能为无源光网络终端用户提供更友好的用户体验。同时，本发明也适合于无源光网络终端用户与网络运营商或网络管理员之间对无源光网络终端设备的协同管理，减少了网络运营商或网络管理员的管理消耗。
198. 203166855 一种轻触式电源开关电路
CN
28.08.2013
H03K 17/687 Loading...
H03K 17/687
Loading...
201320100628.X
深圳市共进电子股份有限公司
郑宏涛
H03K 17/687
Loading...
本实用新型提供了一种轻触式电源开关电路，包括电流控制电路、轻触开关动作检测电路、供电电路；所述轻触开关动作检测电路，与所述电流控制电路连接；所述电流控制电路，连接于设备供电输入电路的电源输出端和设备负载的电源输入端之间；所述供电电路，与所述轻触开关动作检测电路连接。本实用新型实施例符合人性化操作的设计特点，由于轻触式电源开关设计中设备电流通过大电流电子电路而不经过接触式的行程开关，所以没有机械式行程开关的金属弹片接触面氧化、开关次数限制等问题，特别是在潮湿等以及设备需要经常开关的环境下有明显优势，可用于各种供电设备。
199. 203166789 一种具有半波与全波自动切换功能的开关电源电路
CN
28.08.2013
H02M 7/217 Loading...
H02M 7/217
Loading...
201320041326.X
深圳市共进电子股份有限公司
廖志雄
H02M 7/217
Loading...
本实用新型提供了一种具有半波与全波自动切换功能的开关电源电路，包括：输入和电磁干扰抑制电路、变压器转换电路、开关控制电路、输出整流滤波电路、电压采样反馈电路；还包括整流滤波电路、半波和全波自动切换电路；所述半波和全波自动切换电路与整流滤波电路控制连接，控制整流滤波电路在半波与全波之间切换。本实用新型实施例中通过半波与全波自动切换电路来控制整流滤波电路在半波与全波之间切换，在输入电压高的时候，输入电流小，三极管截止，使用半波整流，温度不会太高，解决了电话机的语音问题；当输入电压低的时候，三极管导通实现全波整流，避免了温度高导致的安规问题。
200. 103259861 一种录制和观看网络视频的方法及系统
CN
21.08.2013
H04L 29/08 Loading...
H04L 29/08
Loading...
201310181206.4
深圳市共进电子股份有限公司
黄洪波
H04L 29/08
Loading...
本发明提供了一种录制和观看网络视频的方法及系统，该方法利用路由器下载并保存由网络视频服务器提供的网络视频文件，LAN侧网络终端利用路由器存储器中的文件观看和下载视频。该系统包括网络终端和路由器。本发明利用路由器下载网络视频节目，然后供网络终端用户观看使用路由器闲置计算资源进行网络视频录制，不占用网络终端的计算资源，将网络终端解放出来；同时路由器可以在闲时下载网络视频节目，充分利用了时间资源；另外，可以利用多种视频分享方式，便于网络终端获取视频文件，可给多个终端共享。

