1. 106276910 一种锂离子电池用低温石墨负极材料制备方法
CN
04.01.2017



102015000542819
东莞市翔丰华电池材料有限公司
宋宏芳


本发明公开一种锂离子电池用低温石墨负极材料制备方法，包括有如下步骤：(1)将石墨、分散剂、第一碳源分散于水溶性溶剂中，通过超声得到混合液；(2)将步骤(1)得到的混合液使用砂磨机研磨，然后加入水溶性溶剂；(3)将步骤(2)研磨过的混合液使用喷雾干燥机干燥成粉，得到团聚造粒物；(4)在步骤(3)所获得的团聚造粒物中加入第二碳源及非水溶性溶剂一起加入高速搅拌机中，搅拌混合；(5)将外层包覆有第二碳源的团聚造粒物置于石墨化炉中进行高温石墨化处理，得到低温石墨负极材料。通过使用简单高效的喷雾干燥法团聚造粒，获得多孔石墨二次颗粒团聚物，再进行二次表面包覆，获得用于锂离子电池的低温石墨负极材料。
2. 106299323 一种空心包覆硅碳负极材料制备方法
CN
04.01.2017
H01M 4/38 Loading...
H01M 4/38
Loading...
102015000535588
东莞市翔丰华电池材料有限公司
宋宏芳
H01M 4/38
Loading...
本发明公开一种空心包覆硅碳负极材料制备方法，包括有如下步骤：(1)将一氧化硅、分散剂、碳源分散于溶剂中，然后加入到搅拌机中，得到均匀的混合浆料；(2)将步骤(1)处理过的均匀混合浆料使用喷雾干燥机干燥成粉；(3)将步骤(2)得到的粉体置于气氛保护炉中进行烧结，(4)将步骤(3)得到的粉体置于氢氟酸中进行浸泡，然后用200‑1000目的的滤布过滤，用蒸馏水清洗滤饼至中性，在80‑120℃条件下干燥12‑24h，得到空心包覆硅碳负极材料。本发明通过在原料一氧化硅表面包覆一层碳层后，加热使一氧化硅发生分解生成硅和二氧化硅，再使用氢氟酸除去二氧化硅，如此，硅处于一个有很多空隙的空心包覆层下，这些由于二氧化硅被侵蚀掉形成的空隙可以更好的缓解现有技术中纳米硅的体积膨胀效应，从而使得电池首次充放电效率和循环稳定性能大幅提升。
3. 105789574 一种高温型锂离子电池石墨负极材料的制备方法
CN
20.07.2016
H01M 4/36 Loading...
H01M 4/36
Loading...
102016000127132
深圳市翔丰华科技有限公司
宋宏芳
H01M 4/36
Loading...
本发明公开一种高温型锂离子电池石墨负极材料的制备方法，首先，称取石墨和溶剂、氨水，其比例为1g:0.5?2L:2?10mL，加入到高速搅拌机中，使用转速500～2000r/min进行分散0.5～1h得到混合浆；接着，一滴滴地加入钛酸酯，该混合浆与钛酸酯之比为1g:2?5mL；接着，加完钛酸酯后在40?80℃水浴中反应5?10h，反应完成后用水、乙醇反复清洗4?5遍，最后，在80?100℃的干燥箱里烘干，烘干后置于气氛保护炉中进行烧结，以2～25℃/min的升温速率升至400～800℃并保温4～18小时，得到高温型锂离子电池石墨负极材料。
4. 105762359 一种钠离子电池高容量石墨负极材料制备方法
CN
13.07.2016
H01M 4/583 Loading...
H01M 4/583
Loading...
201610124731.6
深圳市翔丰华科技有限公司
宋宏芳
H01M 4/583
Loading...
本发明公开一种钠离子电池高容量石墨负极材料制备方法，包括有如下步骤：(1)将一定量的石墨缓慢加入到浓度为20?80％硫酸中，然后依次加入氧化剂和钛源，在20～70℃恒温水浴中搅拌反应0.5～4h，反应完成后，水洗至ph至6.0?7.0，过滤后于80?100℃烘干得到插钛石墨；(2)将步骤(1)得到的插钛石墨置于500?1000℃的气氛炉中进行高温化处理4?10h，得到钠离子电池高容量石墨负极材料。本发明采用钛源插入石墨层间，将石墨的层间距扩大，则可预留钠离子嵌入和脱出的缩胀空间，同时扩宽钠离子的扩散通道，从而有利于提高石墨的比容量和改善其倍率性能。同时插入层间的钛源生成的钛氧化物可以大大提高钠离子的嵌入量，进一步提高其比容量。
5. 105749950 一种碳-氮共掺杂纳米二氧化钛的制备方法
CN
13.07.2016
B01J 27/24 Loading...
B01J 27/24
Loading...
102016000124585
深圳市翔丰华科技有限公司
宋宏芳
B01J 27/24
Loading...
本发明公开一种碳?氮共掺杂纳米二氧化钛的制备方法，包括有如下步骤：1)取二氧化钛、碳氮源和溶剂按一定质量比1:0.01～0.5:50?100进行混合，超声0.5～2h后，得到混合物A；2)微波加热：将混合物A移至压力为5～30mPa高压反应釜中，然后将反应釜放置在功率为200～1000w的微波炉中，加热30～150s，得到混合物B；3)过滤干燥：将混合物B在0.2umPTFE膜的过滤器中过滤，所得滤饼在80～150℃温度下干燥10～30分钟，得到碳?氮共掺杂纳米二氧化钛。本发明所制备的氮、碳共掺杂纳米二氧化钛可见光光催化剂在可见光照射下对有机污染物表现出很高的光催化降解活性，降解率在90％以上。
6. 105709691 一种磁性活性炭的制备方法
CN
29.06.2016
B01J 20/20 Loading...
B01J 20/20
Loading...
102016000125895
深圳市翔丰华科技有限公司
宋宏芳
B01J 20/20
Loading...
本发明公开一种磁性活性炭的制备方法，包括有如下步骤：1)取竹屑、月桂酸、K2CO3、FeSO4·7H2O、H2O2和水按一定质量比1:0.1～0.5:10-50:10-50:10-50:100-500进行混合，超声0.5～2h后浸渍12-24h，烘干得到混合物A；2)微波加热：将混合物A移至压力为0.01～0.05mPa高压反应釜中，然后将反应釜放置在功率为200～1000w的微波炉中，加热60～200s，得到混合物B；3)过滤干燥：将混合物B在0.2um PTFE膜的过滤器中过滤，所得滤饼在温度为80～150℃下干燥20～200分钟，得到磁性活性炭。活性炭在活化的过程中，生成的Fe3O4微粒进入到活性炭结构的内部，既保证了达到磁性的要求，又克服了磁性粒子易脱落的缺点。
7. 105720269 一种钠离子电池大层间距石墨负极材料制备方法
CN
29.06.2016
H01M 4/583 Loading...
H01M 4/583
Loading...
102016000124685
深圳市翔丰华科技有限公司
宋宏芳
H01M 4/583
Loading...
本发明公开一种钠离子电池大层间距石墨负极材料制备方法，包括有如下步骤：(1)将适量碳源溶解于溶剂中，再加入氧化石墨，以10～50rpm转速搅拌至混合均匀后，烘干，得到碳源包覆的氧化石墨；(2)将步骤1得到的碳源包覆的氧化石墨放入石英玻璃烧杯中，加入液氮，液氮量为把碳源包覆的氧化石墨淹没，随后迅速将石英玻璃烧杯置入微波反应装置中，在250～1000W的微波功率下反应5-20分钟，待液氮完全挥发后，放置5分钟，取出即可得到大层间距石墨负极材料。对比常规石墨和普通包覆还原的氧化石墨，所制备出的石墨负极材料具有层间距大，储钠容量高，库伦效率大，循环寿命长的优点，满足高性能钠离子电池对负极材料综合性能的要求。
8. 105720255 一种氮磷共掺杂碳包覆石墨负极材料的制备方法
CN
29.06.2016
H01M 4/36 Loading...
H01M 4/36
Loading...
102016000124604
深圳市翔丰华科技有限公司
宋宏芳
H01M 4/36
Loading...
本发明公开一种氮磷共掺杂碳包覆石墨负极材料的制备方法，包括有如下步骤：(1)包覆：称取石墨和离子液体，加入到高速搅拌机中，使用转速500～5000r/min进行分散1～4h，处理完成后，得到包覆有含磷离子液体的石墨；(2)碳化：将包覆有含磷离子液体的石墨置于气氛保护炉中进行烧结，以2～25℃/min的升温速率升至400～1000℃并保温4～18小时，得到氮磷共掺杂碳包覆石墨负极材料。这种结构大大增强了表面包覆层的导电性和活性，不仅有效提高了其电子导电率，还大幅度提升锂离子的扩散能力，所获得的材料具有优异的倍率性能和低温放电性能。
9. 104229781 一种制备高掺氮量氮掺杂石墨烯的方法
CN
27.01.2016
C01B 31/04 Loading...
C01B 31/04
Loading...
201410452932.X
东莞市翔丰华电池材料有限公司
宋宏芳
C01B 31/04
Loading...
本发明公开一种制备高掺氮量氮掺杂石墨烯的方法，包括以下步骤：（1）石墨烯的分散；（2）超声分散；（3）微波加热；（4）过滤干燥；本发明方法制备出氮掺杂石墨烯其氮掺杂量为10～15.0％，高掺氮量大幅提高了石墨烯中自由载流子密度，增强石墨烯和金属的相互作用，而且未进行任何氧化预处理，反应过程中不使用任何有毒溶剂，反应物成分简单，反应条件温和，制得的氮掺杂石墨烯具有优异的电化学性能，可用于制备作为锂离子电池、锂空气电池和超级电容器电极材料及燃料电池氧还原催化剂等新能源材料，本发明方法使用微波加热高压釜，未涉及高温，能耗低，密闭环境下对环境污染低，工艺简单，操作方便，生产设备少，从而进一步降低成本。
10. 105047930 一种各向同性石墨负极材料及其制备方法
CN
11.11.2015
H01M 4/587 Loading...
H01M 4/587
Loading...
201510308194.6
东莞市翔丰华电池材料有限公司
宋宏芳
H01M 4/587
Loading...
本发明公开一种各向同性石墨负极材料及其制备方法，负极材料包括有内核、第一包覆层、第二包覆层层、第三包覆层和第四包覆层，该内核为各向同性石墨颗粒，其粒度为10～25μm，内核由下列重量份的原料制成：炭素材料初始颗粒？50～100、改质沥青颗粒10～25；该第一包覆层为包覆剂，该第二包覆层层为非石墨碳材料。通过采用本发明的配方和制备方法，使得制备出来之负极材料的导电性能和机械性能得到了很大的提升，由于导电性能和机械性能的提升，作为锂离子电池负极材料时，循环性能与倍率充放电性能、首次充放电效率都得到很大的提升；并且，本发明制备方法工艺简单，生产成本较低，制备过程简单易行。
11. 105024082 一种用于锂离子电池的水性导电油墨及其制备方法
CN
04.11.2015
H01M 4/66 Loading...
H01M 4/66
Loading...
201510347168.4
东莞市翔丰华电池材料有限公司
戴涛
H01M 4/66
Loading...
本发明公开一种用于锂离子电池的水性导电油墨及其制备方法，用于锂离子电池的水性导电油墨由下列重量份的原料制成：溶剂水50%～90%、水性高分子乳液1%～40%、水性分散剂0.1%～1%以及石墨烯1%～40%。本发明采用高导电的石墨烯作为导电填料能够大幅度提高导电油墨的导电性，从而能够广泛地用于锂离子电池中。本发明方法简单、操作简便，特别是对石墨烯的表面功能化处理不必对石墨烯进行任何氧化处理，不破坏其优异的导电性能。因此降低生产成本，低温能耗少，便于推广应用，是一种低温、快速、绿色、简单有效的分散方法。
12. 104966822 一种锂离子电池多层包覆钛酸锂负极材料及其制备方法
CN
07.10.2015
H01M 4/36 Loading...
H01M 4/36
Loading...
201510334270.0
东莞市翔丰华电池材料有限公司
宋宏芳
H01M 4/36
Loading...
本发明公开一种锂离子电池多层包覆钛酸锂负极材料及其制备方法，负极材料包括有内核、第一包覆层和第二包覆层；该内核为钛酸锂；该第一包覆层为氧化物，且包覆量为整个负极材料质量的1%～5%；该第二包覆层为碳材料，其包覆量为整个负极材料的1%～5%。制备时，通过先用氧化物包覆钛酸锂，再进行一次高温处理，然后进行碳包覆，再进行二次高温处理，所形成的包覆物具有包覆层致密而且均匀的特点，更有效地覆盖在钛酸锂颗粒表面，抑制胀气的产生，并且碳材料的高导电性可以有利于钛酸锂材料的倍率、循环、首次效率等电化学性能发挥；本发明制备方法工艺简单，生产成本较低，制备过程简单易行。
13. 103545526 Preparation method of aqueous lanthanum-doped lithium titanate anode paste
CN
29.01.2014
H01M 4/62 Loading...
H01M 4/62
Loading...
201310441411.X
东莞市翔丰华电池材料有限公司
赵东辉
H01M 4/62
Loading...
The invention discloses a preparation method of an aqueous lanthanum-doped lithium titanate anode paste, which comprises the following steps: a, preparing lanthanum-doped lithium titanate; b, weighting raw materials in 100 percentage by mass: 47-60% of the lanthanum-doped lithium titanate, 0.3-8% of a binder, 6-10% of a conductive agent, 3-7% of a dispersant, and 25-40% of deionized water; and c, adding the dispersant into the deionized water, and after the obtained mixture is stirred 12 hours, placing the obtained object 2-3 days so as to obtain dispersant mother liquor, adding the conductive agent and the lanthanum-doped lithium titanate into the dispersant mother liquor, stirring the obtained mixture 6 hours, adding the binder into the obtained mixture, and carrying out vacuumized stirring on the obtained object 2 hours so as to obtain the aqueous lanthanum-doped lithium titanate anode paste. According to the invention, in the process of preparing the aqueous lanthanum-doped lithium titanate anode paste, the deionized water is adopted as the solvent of the lanthanum-doped lithium titanate, and a water-based binder is adopted, so that the whole aqueous lanthanum-doped lithium titanate anode paste is non-toxic and pollution-free, therefore, the aqueous lanthanum-doped lithium titanate anode paste is a real green energy, and fundamentally solves the problems such as safety and pollution and the like of lithium batteries; and through doping lanthanum in lithium titanate, the performances of anode materials can be effectively improved, thereby greatly improving the specific capacity of lithium titanate materials.
14. 103545491 Preparation method of graphene/titanium dioxide composite material for lithium ion battery cathode material
CN
29.01.2014
H01M 4/36 Loading...
H01M 4/36
Loading...
201310441415.8
东莞市翔丰华电池材料有限公司
赵东辉
H01M 4/36
Loading...
The invention discloses a preparation method of a graphene/titanium dioxide composite material for a lithium ion battery cathode material. The preparation method comprises the following steps: a, preparing a graphite oxide nanosheet; b, preparing the graphene/titanium dioxide composite material; and c, mixing and transferring the components in the step b to a hydrothermal high pressure reaction kettle for reaction. The method for preparing graphene/titanium dioxide composite material disclosed by the invention has the advantages of simple process, mild condition, low cost and the like. Through optimized design of the preparation process and formula of the composite material, the graphene/titanium dioxide composite material prepared by the method has good conductivity, large electrochemical lithium storage capacity, high energy density and good cycle performance. According to the graphene/titanium dioxide composite material prepared in the hydrothermal high pressure reaction kettle, not only greatly alleviating bulk mass expansion of a metal oxide cathode in the lithium storage process, but also greatly enhancing the circular and reversible lithium storage ability of the metal oxide cathode.
15. 103204496 一种石墨烯的制备方法
CN
17.07.2013
C01B 31/04 Loading...
C01B 31/04
Loading...
201310079168.1
东莞市翔丰华电池材料有限公司
赵东辉
C01B 31/04
Loading...
本发明公开了一种制备石墨烯的方法，通过无水氯化铝与四（三苯基膦）钯按一定配比组成催化剂并在惰性环境中催化卤代苯反应生成石墨烯粗品，石墨烯粗品分别经过乙醇、盐酸浸泡及去离子水洗涤后真空干燥得到终产物石墨烯。本发明的催化剂用量少，反应条件温和，反应时间短，产率高。
16. 103199228 一种改性三元正极材料的制备方法
CN
10.07.2013
H01M 4/48 Loading...
H01M 4/48
Loading...
201310079136.1
东莞市翔丰华电池材料有限公司
赵东辉
H01M 4/48
Loading...
本发明公开了一种改性三元正极材料的制备方法，包括溶解、沉淀、高温分解、破碎、分段加热、洗涤、包覆等步骤。本发明通过包覆处理可使三元材料不直接与电解液接触，防止材料结构出现坍塌现象，从而提高电池的循环寿命；本发明通过洗涤可降低三元正极材料的pH值，从而减少电池中三元正极材料与铝箔发生化学反应和减少电池鼓包现象的出现；使用本发明制备的改性三元正极材料，其中的镍、钴、锰、锂分布均匀，提高电池的电化学性能高；改性三元正极材料中的Ni含量增加，Co含量减少，成本较低。
17. 103043641 一种低温制备氟化石墨的方法
CN
17.04.2013
C01B 31/00 Loading...
C01B 31/00
Loading...
201210504965.5
东莞市翔丰华电池材料有限公司
赵东辉
C01B 31/00
Loading...
本发明公开了一种低温制备氟化石墨的方法，采用氟化铁为催化剂，鳞片石墨与三氟化溴在低温下反应生成石墨层间化合物，然后再通过六氟锰酸钾与五氟化锑反应生成氟气，生成的氟气与石墨层间化合物在加热条件下反应形成氟含量高的氟化石墨，本发明还经溶剂纯化处理，所制备的氟化石墨纯度高。
18. 103050690 一种锂离子电池正极材料磷酸钒锂的制备方法
CN
17.04.2013
H01M 4/58 Loading...
H01M 4/58
Loading...
201210504973.X
东莞市翔丰华电池材料有限公司
赵东辉
H01M 4/58
Loading...
本发明公开了一种锂离子电池正极材料磷酸钒锂的制备方法。该方法包括：（1）将锂源、钒源和磷酸盐按锂源中锂、钒源中钒和磷酸盐中磷的物质的量的比为3:2:3的比例混合，加入丙酮搅拌2－5小时；（2）将步骤（1）的整个体系倒入球磨机中进行球磨，球磨3－5小时；（3）将由步骤（2）得到的混合物加热烘干4－10小时；（4）将由步骤（3）得到的混合物在惰性气体保护下，350-400C下热处理2-5小时；然后在氮气保护下750-850C下烧结17-22小时，得到产品。本发明的制备方法以丙酮做溶剂，通过充分搅拌、球磨和干燥，操作简单方便，适合大规模生产，制得的产品具有相对优秀的首次放电容量、首次效率和相对较高的循环次数。
19. 103050730 含金属铌改性钛酸锂电池
CN
17.04.2013
H01M 10/0525 Loading...
H01M 10/0525
Loading...
201210508951.0
东莞市翔丰华电池材料有限公司
赵东辉
H01M 10/0525
Loading...
本发明公开了一种含金属铌改性钛酸锂电池，包括正极、负极、电解液和间隔于正负极之间的隔膜，所述负极包括负极集流体、负极导电层和负极活性层，负极活性层由40-50重量份的含铌改性钛酸锂、2-4重量份的导电剂和1-6重量份的粘结剂组成，含铌改性钛酸锂中锂原子、钛原子和铌原子的物质的量之比为4：4-5：0.1-1；所述电解液包括六氟砷酸锂、2-溴丙醇和1,3-二氰基丙烷以及碳酸乙烯酯、碳酸二乙酯、碳酸二甲酯、乙二醇二甲醚中的任一种或多种。本发明提供的含金属铌改性钛酸锂电池具有良好的电化学性能，循环性能好；本发明的首次比容量高，首次充放电效率高达95%。
20. 103043655 高比表面积膨胀石墨的制备方法
CN
17.04.2013
C01B 31/04 Loading...
C01B 31/04
Loading...
201210508884.2
东莞市翔丰华电池材料有限公司
赵东辉
C01B 31/04
Loading...
本发明公开了一种高比表面积膨胀石墨的制备方法，包括插层反应、活化、膨化和纯化等步骤。本发明使用溴化铵作为辅助插层剂可有效地提高插层效果；制备过程温度的控制，尤其是850℃的膨化温度及15s的膨化时间可使膨胀石墨前躯体得到充分的膨胀形成具有高比表面积的膨胀石墨，并且最后还经溶液纯化处理使本发明所制备的膨胀石墨纯度高，碳含量大于99.5%，铁含量小于30ppm。
21. 103050671 一种锂离子电池负极用锡碳复合材料的制备方法
CN
17.04.2013
H01M 4/38 Loading...
H01M 4/38
Loading...
201210504944.3
东莞市翔丰华电池材料有限公司
赵东辉
H01M 4/38
Loading...
本发明公开了一种锂离子电池负极用锡碳复合材料的制备方法。该方法包括：（1）将合成树脂充分溶解于醇类溶剂中；（2）在搅拌和超声的作用下，首先向溶液中加入锡盐，搅拌3－8小时后，向溶液中加入石墨，搅拌2－5小时；（3）向溶液中逐滴加入氨水，滴加至体系pH值为8；（4）将体系在130－140°C下真空干燥，保持4－6小时；（5）对产品进行机械球磨，而后升温至900－1100°C，在惰性气体氛围中保持2－5小时。本发明公开的制备方法采用醇类溶剂体系，同时给予充分的搅拌和超声作用，在后续干燥的步骤中设置了球磨这一步骤，使得最终产品的首次放电容量可以达到1537.5mAh/g，首次效率95.6%，循环220次仍可以保持90%的容量。
22. 102903894 一种锂离子电池负极材料及其制备方法
CN
30.01.2013
H01M 4/38 Loading...
H01M 4/38
Loading...
201210343140.X
东莞市翔丰华电池材料有限公司
赵东辉
H01M 4/38
Loading...
本发明公开了一种锂离子电池负极材料及其制备方法。该负极材料包括如下质量份额的原料：1-30份硅粉，60-97份天然球形石墨，2-10份包覆剂。该方法首先在硅粉上吸附一层导电膜，然后将硅粉与石墨进行机械球磨混合和真空干燥，将混合物加入到制备好的包覆剂的溶液中进行包覆，最后除去溶剂进行真空干燥和高温热处理，必要时进行过筛处理，最终得到负极材料。本发明公开的制备方法操作简单、成本低，按照本方法得到的负极材料的首次可逆容量大于2663mAh/g，首次效率大于95%，循环600次仍可以保持90%容量，充放电性能优良。
23. 202606236 球形石墨粉碎机
CN
19.12.2012
B02C 18/12 Loading...
B02C 18/12
Loading...
201220149834.5
深圳市翔丰华科技有限公司
赵东辉
B02C 18/12
Loading...
本实用新型涉及石墨加工设备，公开了一种球形石墨粉碎机，包括机体、设置在机体下方的进气室、设置在进气室上方的粉碎室、设置在粉碎室上方的分流室、以及设置在机体最上方的出料室；所述粉碎室和分流室之间由一固定在机体上的分流环分隔，所述粉碎室底部设置有一由电机传动的粉碎盘，所述分流室中部设置有一由电机传动的分级叶片，所述粉碎室侧设置有一喂料口。本实用新型具有加工出的球形石墨粉为球形且粒度分布在设定的范围内的优点。
24. 202564477 带氟化层的石墨球
CN
28.11.2012
H01M 4/38 Loading...
H01M 4/38
Loading...
201220150466.6
深圳市翔丰华科技有限公司
赵东辉
H01M 4/38
Loading...
本实用新型涉及电池材料，公开了一种带氟化层的石墨球，包括石墨球本体和包覆石墨球本体表面的碳氟化层。本实用新型作为锂电池负极具有循环性能好、可逆容量大的优点。
25. 202558640 石墨包覆用混合机
CN
28.11.2012
C01B 31/04 Loading...
C01B 31/04
Loading...
201220150357.4
深圳市翔丰华科技有限公司
赵东辉
C01B 31/04
Loading...
本实用新型涉及石墨加工设备，公开了一种石墨包覆用混合机，包括机架，设置在机架内的电机，悬空固定在机架一端的混料筒；所述混料筒上方设置有进料口、下底设置有出料口，所述混料筒内至少设置有一层固定在一混合轴上的螺旋搅拌叶片，所述混合轴传动连接在电机上。本实用新型具有加工出的复合石墨材料的表面能均匀地被覆一层包覆材料的优点。
26. 202564476 锂离子电池负极用石墨球
CN
28.11.2012
H01M 4/38 Loading...
H01M 4/38
Loading...
201220150433.1
深圳市翔丰华科技有限公司
赵东辉
H01M 4/38
Loading...
本实用新型涉及电池材料，公开了一种锂离子电池负极用石墨球，包括石墨球本体和包覆石墨球本体表面的无定形碳层。本实用新型作为锂电池负极具有体积比容量高、与电解液的相容性好、电流充放电大的优点。
27. 202564475 带氧化层的石墨球
CN
28.11.2012
H01M 4/38 Loading...
H01M 4/38
Loading...
201220149852.3
深圳市翔丰华科技有限公司
赵东辉
H01M 4/38
Loading...
本实用新型涉及电池材料，公开了一种带氧化层的石墨球，包括石墨球本体和包覆石墨球本体表面的碳氧化层。本实用新型作为锂电池负极具有循环性能好、可逆容量大的优点。
28. 202558639 石墨包覆层碳化炉
CN
28.11.2012
C01B 31/02 Loading...
C01B 31/02
Loading...
201220151042.1
深圳市翔丰华科技有限公司
赵东辉
C01B 31/02
Loading...
本实用新型涉及石墨加工设备，公开了一种石墨包覆层碳化炉，包括碳化炉体、连接碳化炉体二端的外轨道以及多个在碳化炉体内与外轨道上滑动的碳化匣；所述外轨道的一端设置有一进匣口和一出匣口，该出匣口正对的滑道为出炉滑道，所述出炉滑道连接外轨道与碳化炉体的一端，另一端连接外轨道与碳化炉体的滑道为入炉滑道；所述炉体包括靠近入炉滑道的升温区、靠近出炉滑道的降温区以及中部的保温区，所述炉体内设置有炉内滑道，所述升温区和保温区的底部设有加热装置。利用本实用新型加工的复合石墨材料作为锂电池负极具有体积比容量高、与电解液的相容性好、电流充放电大的优点。
29. 202555414 球形石墨分级设备
CN
28.11.2012
B04C 3/04 Loading...
B04C 3/04
Loading...
201220149799.7
深圳市翔丰华科技有限公司
赵东辉
B04C 3/04
Loading...
本实用新型涉及石墨加工设备，公开了一种球形石墨分级设备，包括粉碎机、管接粉碎机接口的第一旋风分离器、管接第一旋风分离器的第二旋风分离器、管接第二旋风分离器排气口的变频真空泵以及管接在真空泵出口的扬尘管，所述第一旋风分离器内设置有一由分级电机传动的分级叶片。本实用新型具有分级效果好、加工效率高的优点。
30. 202564478 锂离子电池负极用碳微球
CN
28.11.2012
H01M 4/62 Loading...
H01M 4/62
Loading...
201220149849.1
深圳市翔丰华科技有限公司
赵东辉
H01M 4/62
Loading...
本实用新型涉及电池材料，公开了一种锂离子电池负极用碳微球，包括碳微球本体和包覆碳微球本体表面的无定形碳层。本实用新型作为锂电池负极具有体积比容量高、与电解液的相容性好、电流充放电大的优点。
31. 102280629 Isotropic graphite anode material and manufacturing method thereof
CN
14.12.2011
H01M 4/38 Loading...
H01M 4/38
Loading...
201110184474.2
Shenzhen Xiangfenghua Technology Co.,Ltd.
Zhao Donghui
H01M 4/38
Loading...
The invention relates to an isotropic graphite anode material and a manufacturing method thereof. The anode material is the isotropic graphite anode material which is manufactured by using a coating agent composed of asphalt and/or coal tars to coat and modify isotropic graphite, wherein a synthetic graphite layer is coated on the surface of the isotropic graphite anode material; and the weight ratio of the coating agent to the isotropic graphite is (0.03-0.15):1. The manufacturing method comprises the following steps: weighing 100 parts of the isotropic graphite, 3-15 parts of the coating agent and 10-70 parts of solvents, and stirring evenly at the temperature of 25-350 DEG C; then vacuumizing, depriving the solvents, removing glues and carbonizing; and finally carrying out high-temperature processing at the temperature of 2400-3000 DEG C in an inert protection atmosphere to obtain the anode material. The isotropic graphite anode material is high in first coulomb efficiency and good in cycle performance. The manufacturing method is easy for realization of industrialization.
32. 102169984 Method for preparing lithium-ion battery cathode material with gas phase deposition
CN
31.08.2011
H01M 4/1393 Loading...
H01M 4/1393
Loading...
201110078682.4
Shenzhen City Xiangfenghua Technology Co., Ltd.
Zhao Donghui
H01M 4/1393
Loading...
The invention relates to a method for preparing a lithium-ion battery cathode material with gas phase deposition, comprising the following steps of: grinding graphite in different levels; purifying the grounded graphite; washing the ground graphite until the pH value is neutral, dehydrating and drying; soaking the ground graphite in doped polyvalent transition metal salt solution with the concentration of 0.1M-0.8M, and then filtering, dehydrating and drying; placing the ground graphite in a heat process furnace, vacuuming and feeding pyrolysis gas and protective gas in the volume ratio of 1:1, heating to 800-1500 DEG C, keeping the inner pressure of the furnace at 0.5-5 kpa, keeping the temperature for 0.5-96 hours; and cooling and taking out of the furnace to obtain the lithium-ion battery cathode material. The method can increase the reversible specific capacity and the circulation stability of the cathode material.
33. 102169988 Lithium ion battery anode material and preparation method thereof
CN
31.08.2011
H01M 4/38 Loading...
H01M 4/38
Loading...
201110078683.9
Shenzhen City Xiangfenghua Technology Co., Ltd.
Zhao Donghui
H01M 4/38
Loading...
The invention discloses a lithium ion battery anode material which comprises graphite and a shell layer arranged outside the graphite, wherein the shell layer is an asphalt-based carbon material cladding layer with a porous structure. A preparation method of the lithium ion battery anode material comprises the steps of: 1, in the terms of the weight, uniformly mixing 100 parts of graphite particles with particle diameter of 5-50mum with 1-25 parts of asphalt monomers; 2, carrying out Friedel-Crafts cross-linking reaction; and 3, in an inert gas, thermally treating at 800-1500 DEG C for 1-12h, then cooling to be below 100 DEG C, taking out, crushing and sieving to prepare a composite asphalt material with the porous structure carbon material cladding layer. Due to the adoption of the invention, gram volume of the graphite material is greatly increased, reversible volume and coulomb efficiency are increased, and circulating stability of the anode material is greatly enhanced. Meanwhile, production cost is low.
34. 201907868 一种廉价的易扬尘物料的无尘加料装置
CN
27.07.2011
B65G 69/18 Loading...
B65G 69/18
Loading...
201120003153.3
深圳市翔丰华科技有限公司
赵东辉
B65G 69/18
Loading...
一种易扬尘物料的无尘加料装置，包括缓冲室和加料室，所述加料室的前侧壁设置两个孔，所述加料室内设置两只橡胶手套，两只橡胶手套的口部分别与加料室前侧壁的所述两个孔的边缘联接，所述加料室的至少一个侧壁设置透明部分，一个侧壁设置清洁门，所述缓冲室顶壁设置与所述加料室连通的上料口和下料口，缓冲室内设置和所述下料口联接的加料管道，缓冲室的侧壁设置进料门。本加料装置能够避免加料过程中因粉尘导致的环境污染和人员健康伤害，同时能够减少产品污染，保障产品质量。其结构简洁，成本低，操作方便。

