1. 205777180 一种带有无龙骨玻璃雨棚的建筑结构及雨棚
CN
07.12.2016
E04F 10/08 Loading...
E04F 10/08
Loading...
202016000418294
深圳广田装饰集团股份有限公司
薛有峰
E04F 10/08
Loading...
本实用新型提供一种带有无龙骨玻璃雨棚的建筑结构，包括无龙骨玻璃雨棚和建筑物基体，无龙骨玻璃雨棚包括C型折弯槽钢、夹紧钢板、钢化夹胶玻璃、硬质橡胶垫块、夹紧螺栓；C型折弯槽钢固定于建筑物上，钢化夹胶玻璃的一端平行插置于C型折弯槽钢内部；夹紧钢板设置于所述钢化夹胶玻璃的上方，多个夹紧螺栓由上向下穿过C型折弯槽钢的上端面，夹紧螺栓的螺杆端部与夹紧钢板的上表面紧密贴合；钢化夹胶玻璃与C型折弯槽钢相邻面之间塞装有硬质橡胶垫块，钢化夹胶玻璃与夹紧钢板相邻面之间塞装有硬质橡胶垫块；C型折弯槽钢与钢化夹胶玻璃相邻的端面外侧间隔设置多条钢板加劲肋；具有外观轻盈简洁、美观通透，安装简单、经济实用、不漏雨水的特点。
2. 205742664 一种出屋面幕墙防水结构
CN
30.11.2016
E04B 2/96 Loading...
E04B 2/96
Loading...
202016000416590
深圳广田装饰集团股份有限公司
薛有峰
E04B 2/96
Loading...
本实用新型提供一种出屋面幕墙防水结构，包括上立柱、下立柱、上横梁、下横梁、上段玻璃、下段玻璃和横向“Z”字型板件；连接有上段玻璃的上横梁固定在上立柱的下端，连接有下段玻璃的下横梁固定在立柱的上端；上段玻璃的端部面上固定第一L型角码的第一侧面，第一L型角码的第二侧边固定连接在上横梁的紧固件上；下段玻璃的端部面上固定有第二L型角码的第一侧面，第二L型角码的第二侧面固定连接在与下横梁的紧固件连接的副框上；横向“Z”字型板件较低的一端固定在下段玻璃顶端的第二L角码上，横向“Z”字型板件较高的另一端固定连接在建筑物基体上。本实用新型具有结构简单、不漏雨水、节约成本、缩短工期的特点。
3. 205712622 一种铝包钢幕墙立柱
CN
23.11.2016
E04B 2/88 Loading...
E04B 2/88
Loading...
201620405407.7
深圳广田装饰集团股份有限公司
薛有峰
E04B 2/88
Loading...
本实用新型公开一种铝包钢幕墙立柱，包括竖直固定于土建基体上的工字钢以及包围在工字钢外的铝合金扣板；所述工字钢包括腹板、外立板、内立板；铝合金扣板本体的截面为矩形框，分为铝合金基座和铝合金扣框，所述铝合金基座为U形，包括第一底边和两个第一悬挑边；铝合金扣框为倒U形，分为第二底边和两个第二悬挑边；铝合金基座与铝合金扣框通过分别适配设置在第一悬挑边端部、第二悬挑边端部的公槽挂钩、母槽挂钩连接成矩形；铝合金基座的外端与铝合金压块固定连接，所述第一底边与工字钢的外立板固定，所述第二底边与工字钢的内立板贴合。所述工字钢的表面均裸露在外，易于进行防腐处理，且用钢量小，环保节约。
4. 205618058 一种建筑物格栅挠度控制结构
CN
05.10.2016
E06B 9/01 Loading...
E06B 9/01
Loading...
202016000213023
深圳广田装饰集团股份有限公司
沈尧
E06B 9/01
Loading...
本实用新型涉及一种建筑物格栅挠度控制结构，包括格栅外框(1)、安装于格栅外框(1)上的依次排列的若干格栅(2)，所述格栅外框(1)由一组相对的第一C型槽(3)和一组相对的第二C型槽(4)首尾连接组成的方框，每条所述格栅(2)的两端通过第一螺钉(5)固定于两端的第一C型槽(3)上；还包括拉索(6)和若干定位用卡箍(7)，所述拉索(6)依次穿过每条格栅(2)上适配的通孔(8)，所述拉索(6)的两端通过螺栓(9)固定于两端的第二C型槽(4)上；每条所述格栅(2)卡置于所述拉索(6)上的对应两个卡箍(7)之间。本实用新型具有施工简单、节约成本、不影响美观的特点。
5. 205617619 一种全玻幕墙的中空玻璃面板免开孔吊挂结构
CN
05.10.2016
E04B 2/88 Loading...
E04B 2/88
Loading...
202016000417312
深圳广田装饰集团股份有限公司
薛有峰
E04B 2/88
Loading...
本实用新型提供一种全玻幕墙的中空玻璃面板免开孔吊挂结构，两块吊夹钢板(2)的内表面平行地贴合于钢化中空玻璃(1)的两个外侧面，玻璃吊件(3)的吊钩钩置于吊夹钢板(2)外表面上的沟槽处；在钢化中空玻璃(1)边缘的夹缝中固定有一圈盛装有干燥剂(5)铝间隔条(4)，在铝间隔条(4)的外侧面至钢化中空玻璃(1)边缘的夹缝中有密封胶(6)；在钢化中空玻璃(1)与吊夹钢板(2)接触位置的内侧夹缝中固定有多个间距排布的立方体状垫块(7)，垫块(7)外表面与钢化中空玻璃(1)的内表面之间固定有尺寸适配的硬质胶垫(8)。本实用新型具有美观通透、安装简单、安全稳固的特点。
6. 205617630 一种铝包钢幕墙立柱与横梁的连接结构
CN
05.10.2016
E04B 2/96 Loading...
E04B 2/96
Loading...
202016000440640
深圳广田装饰集团股份有限公司
薛有峰
E04B 2/96
Loading...
本实用新型公开一种铝包钢幕墙立柱与横梁的连接结构，包括立柱、横梁以及将立柱、横梁固定连接的连接件；所述立柱包括竖直固定于土建基体上的工字钢以及包围在工字钢外的铝合金扣板；所述工字钢包括腹板、外立板、内立板；铝合金扣板本体的截面为矩形框，包括铝合金基座和铝合金扣框；铝合金基座的外端与铝合金压块固定连接，所述连接件具有固定在工字钢的腹板上的第一竖边，以及与铝合金基座的第一悬挑边、横梁共同固定的第二竖边。工字钢的表面易于进行防腐处理；且用钢量小，在横梁与立柱的连接上使用第一竖边固定在工字钢的腹板、第二竖边与第一悬挑边、横梁共同固定的连接件，使得横梁与立柱的连接牢固、美观。
7. 104213660 单元式双层幕墙系统
CN
31.08.2016
E04B 2/88 Loading...
E04B 2/88
Loading...
102014000494273
深圳广田装饰集团股份有限公司
徐志
E04B 2/88
Loading...
本发明公开了一种单元式双层幕墙系统，包括多个依次排列的幕墙单元，所述幕墙单元包括副框组框，所述副框组框的正面连接有外层玻璃，所述副框组框的背面连接有内层玻璃，所述副框组框的侧面连接有连接钢板，所述连接钢板开设置有卡槽；墙体连接有开口朝外的钢槽，所述钢槽连接有挂杆，安装时，所述幕墙单元通过所述卡槽挂在所述挂杆上，相邻的所述幕墙单元之间通过所述副框组框的侧面实现相互支撑，其能够实现单元式安装，从而减少现场操作工序，降低施工难度，有效提高安装效率，造价低。
8. 205502338 一种方便安装及防止倾斜的玻璃幕墙结构
CN
24.08.2016
E04B 2/96 Loading...
E04B 2/96
Loading...
201620218839.7
深圳广田装饰集团股份有限公司
沈尧
E04B 2/96
Loading...
一种方便安装及防止倾斜的玻璃幕墙结构，包括立柱、横梁、双层中空玻璃，所述立柱的上端固定于上基体，其下端固定于下基体；两根所述横梁固定于立柱的上下两端，每条横梁上设置有紧固件，紧固件挂置有副框，两个副框的外侧面通过结构胶粘接于双层中空玻璃内侧面；双层玻璃的内层玻璃的尺寸比外层玻璃小，内层玻璃的上下两端与外层玻璃之间有密封胶，双层中空玻璃的下端安装有防止其下坠的托条，内层玻璃的上端低于钢角码的下端，其下端高于钢套芯的上端。本实用新型具有能降低施工难度、美观、且安装时不会造成倾斜的特点。
9. 205502863 开口横梁盖板处开启窗框的结构及具有该结构的玻璃幕墙
CN
24.08.2016
E06B 1/60 Loading...
E06B 1/60
Loading...
201620101918.X
深圳广田装饰集团股份有限公司
石鑫杰
E06B 1/60
Loading...
本实用新型公开一种开口横梁盖板处开启窗框的玻璃幕墙，包括立柱、开口横梁、窗框、玻璃以及设置开口横梁内的Z形码；Z形码包括平行设置的第一横面、第二横面，以及垂直连接第一横面、第二横面的竖面，第一横面的宽度适配横梁本体内部的宽度设置，竖面和第二横面的宽度小于或等于相对的两个挡边之间的间隙，第一横面可活动的卡接在卡槽中，第二横面贴合地接触固定卡接在开口横梁开腔处的横梁盖板；第一横面连接在所述横隔板的合适位置处，连接件穿过窗框的上端、横梁盖板以及第二横面，将窗框固定在所述第二横面上。本实用新型结构简单、施工方便，从根本上解决了在开口横梁的横梁盖板处固定窗框容易掉落的问题。
10. 205502330 三维可调节无横梁石材幕墙的安装结构及其石材幕墙
CN
24.08.2016
E04B 2/88 Loading...
E04B 2/88
Loading...
201620101916.0
深圳广田装饰集团股份有限公司
沈尧
E04B 2/88
Loading...
本实用新型公开一种三维可调节无横梁石材幕墙的安装结构及其石材幕墙，三维可调节无横梁安装结构包括立柱、挂件、石材板，水平相邻的两列石材板之间对应立柱；立柱对称设有调节孔，对穿螺杆在Y方向可移动地穿过两个调节孔，对穿螺杆上贴合立柱的外壁适配地焊接固定的垫片，以及定位螺母；挂件包括贴合石材板贴合面和垂直贴合面的挂接面；挂接面底部开有挂接槽，挂件通过挂接槽在X、Z方向可移动地挂接在对穿螺杆上；挂接面连接有竖向的、位于对穿螺杆正上方的上下调节件，其上开有Z方向上贯穿的内螺纹通孔，内螺纹通孔内有末端顶在对穿螺杆上的上下调节螺栓，每一块石材板可在三维方向上调节，节约横梁，施工方便，保证石材幕墙的整体平整。
11. 205475923 一种石材幕墙的开缝结构及具有该结构的石材幕墙
CN
17.08.2016
E04B 2/96 Loading...
E04B 2/96
Loading...
201620094632.3
深圳广田装饰集团股份有限公司
沈尧
E04B 2/96
Loading...
本实用新型公开一种具有开缝石材结构的石材幕墙，开缝石材结构包括石材板和立柱，水平相邻的两列石材板之间的间隙对应一个立柱，石材板的背面四周贴合设置硬质折弯金属板，硬质折弯金属板上间隔设置具有互相垂直的两个面的转角加强码，转角加强码的一面贴合连接硬质折弯金属板的贴合面，另一面贴合连接硬质折弯金属板的折弯面；硬质折弯金属板竖直的折弯面通过连接角码固定在对应的立柱上，相邻石材板相对的两个折弯面上的连接角码错开设置，立柱上设有承重板，石材板底部水平的折弯面固定在承重板上，相邻石材板相对的两个折弯面之间设置防水防尘的密封材料层，石材幕墙既有良好的防水防尘效果、不污染石板材，又不用多做一层幕墙，节约成本。
12. 205387767 立柱底部的收口结构及具有该结构的玻璃幕墙
CN
20.07.2016
E04B 2/96 Loading...
E04B 2/96
Loading...
202016000097945
深圳广田装饰集团股份有限公司
石鑫杰
E04B 2/96
Loading...
本实用新型公开一种具有立柱底部的收口结构的玻璃幕墙，包括横梁(70)、玻璃(60)，立柱底部的收口结构包括立柱(30)、角码(20)，还包括埋件(50)和适配立柱(30)的内腔设置空腔的套芯(10)；表面为平面的埋件(50)固定在土建基层(80)上，两个角码(20)底面相背的平行固定在埋件(50)上表面，芯套(10)贴合的套设且固定在角码(20)的竖直面上，立柱(30)的底部适配地套设在芯套(10)外。立柱底部采取这样的固定结构，立柱的外表面无任何额外部件和固定痕迹，整个玻璃幕墙通体美观大方。
13. 205252377 一种防雨防尘的定位隐形石材消防箱门及消防箱
CN
25.05.2016
A62C 35/20 Loading...
A62C 35/20
Loading...
201520848660.5
深圳广田装饰集团股份有限公司
沈尧
A62C 35/20
Loading...
本实用新型公开一种防雨防尘的隐形石材消防箱门和消防箱，消防箱包括消防箱体、内门板、位于内门板外且比内门板大的石材门板以及将所述内门板和石材门板固定连接在一起的石材挂件，其特征在于：所述内门板的转轴侧与消防箱体通过转轴可转动的连接，另一侧为可以开合的自由端；在内门板的自由端和与其关闭时相对的消防箱体上配合的设置具有定位功能的确保石材门板关闭时与四周石材墙面平整的双程按压式开关；在所述石材门板上或与其闭合状态下对应的石材墙面上设置可防雨防尘的装置。本实用新型结构简单、设计合理、使用方便、防风防尘且能在关闭时准确定位，保证消防箱门饰面与其所安装墙体的饰面平整统一。
14. 205224349 一种有防坠机构的全隐框玻璃幕墙及防坠机构
CN
11.05.2016
E04B 2/88 Loading...
E04B 2/88
Loading...
201520849988.9
深圳广田装饰集团股份有限公司
石鑫杰
E04B 2/88
Loading...
本实用新型公开一种有防坠机构的全隐框玻璃幕墙及防坠机构，在玻璃的顶端与底端间隔的对应向外开有若干个玻璃斜切面，所述玻璃斜切面的高度的7～10mm；防坠机构配合所述玻璃斜切面间隔的设置在上下相邻两块玻璃之间，防坠机构的一端连接在立柱或附框上，另一端上下设有两个配合玻璃斜切面的卡件斜切面，防坠机构上端和下端的所述卡件斜切面分别配合的卡住上下相邻两块玻璃底端和顶端的所述玻璃斜切面；防坠机构与玻璃之间设有使两者之间柔性接触的垫片。防坠机构与玻璃托板交错设置在上下相邻两块玻璃之间。确保每一块玻璃的上下两端均被所述防坠机构牢固卡住，即使结构胶失效，玻璃仍然能稳固的保持在原有位置不会掉落。
15. 205185691 一种异形艺术品的硅胶制备模具
CN
27.04.2016
B44C 3/04 Loading...
B44C 3/04
Loading...
201520948006.1
深圳市广田科学技术发展研究院
雷建
B44C 3/04
Loading...
一种异形艺术品的硅胶制备模具，包括硅胶模具一、完全承托硅胶模具一的石膏模具一、硅胶模具二、完全承托硅胶模具二的石膏模具二；硅胶模具一包括模具主体一、沿所述模具主体一开口边缘一体成型的封边一，所述封边一与模具主体一内壁相连的面设有多个定位孔，模具主体一开口及封边一设有一缺口一；硅胶模具二包括内壁与异形艺术品的另一半外形适配且具有开口的模具主体二、沿模具主体二开口边缘一体成型的封边二，所述封边二与模具主体二内壁相连的面设有多个与所述定位孔一一对应的定位块，所述模具主体二开口及封边二设有一与所述缺口一对应的缺口二；所述模具主体一与模具主体二开口相对地贴合。本实用新型可高效、低成本地制备异形艺术品。
16. 205134653 一种可重复开合的铝合金横梁及隐框玻璃幕墙
CN
06.04.2016
E04B 2/88 Loading...
E04B 2/88
Loading...
201520847830.8
深圳广田装饰集团股份有限公司
沈尧
E04B 2/88
Loading...
本实用新型公开一种可重复开合的铝合金横梁及隐框玻璃幕墙，所述横梁(1)包括横梁开腔端(111)为直边的横梁主体(11)、可拆卸的适配的设置在横梁主体(11)的横梁开腔内的“C”码件(12)以及与“C”码件(12)配合的扣板(13)，所述“C”码件(12)的开口端设有挂钩(121)，扣板(13)的两端设有与所述挂钩(121)配合的勾企(131)。当需要打开扣板更换玻璃的时候，将“C”码件和扣板共同与横梁主体分离取出，然后对“C”码件和扣板进行分离拆卸，更换玻璃后，再从新安装即可，拆卸安装全程对铝合金横梁无任何破坏，确保铝合金横梁整体可重复使用，环保节约。
17. 205116591 一种边部玻璃入槽的固定装置及固定结构
CN
30.03.2016
E04F 11/18 Loading...
E04F 11/18
Loading...
201520847739.6
深圳广田装饰集团股份有限公司
沈尧
E04F 11/18
Loading...
本实用新型公开一种边部玻璃入槽的固定装置及固定结构。所述的固定装置包括用来放入边部玻璃的U形的槽体还包括可拆卸地竖向容置于所述槽体内将边部玻璃压紧的竖向压板、可使竖向压板压紧所述边部玻璃或松开所述边部玻璃的卡紧-放松装置；所述卡紧-放松装置包括若干个螺栓以及在槽体远离边部玻璃的一侧侧壁上开有若干个设有与所述螺栓配合的带螺纹的孔。本实用新型边部玻璃入槽的固定装置，槽体可以尽量开大，能使玻璃轻松、毫无压力的放入槽口，待玻璃放置到合适位置以后，拧紧卡紧-放松装置使卡板稳定的固定边部玻璃，操作简单，极大降低了边部玻璃塞入是破损的几率；所述卡紧-放松装置可以在更换玻璃的过程中放松卡板，轻松方便的更换玻璃，降低工人操作受伤的几率，降低损耗，节约资源。
18. 205025000 一种石膏加气砖墙面的石材湿挂结构
CN
10.02.2016
E04F 13/02 Loading...
E04F 13/02
Loading...
201520620862.4
深圳广田装饰集团股份有限公司
郑建华
E04F 13/02
Loading...
一种石膏加气砖墙面的石材湿挂结构，所述铜丝贯穿各个开孔和开槽且两端分别从开孔和开槽伸出，所述开孔和开槽填充有云石胶从而固定铜丝；多个螺杆穿固在石膏加气砖墙上且端部突出于石膏加气砖墙正面，各个螺杆的位置分别与石材的开孔一一对应，所述石材通过铜丝与所述螺杆端部绑接，镀锌铁网满挂所述石膏加气砖墙上，各个扁铁横向连接在每排石材的螺杆并通过螺母二紧固，所述扁铁将镀锌铁网压固在石膏加气砖墙正面，所述水泥砂浆层铺设在石膏加气砖墙正面并凝固定型在所述镀锌铁网上，所述石材粘固在所述水泥砂浆层上。本实用新型能利用水泥砂浆在石膏加气砖墙上湿挂石材，克服了水泥砂浆无法在石膏加气砖墙上批荡的缺陷。
19. 105297967 一种有防坠机构的全隐框玻璃幕墙及防坠机构
CN
03.02.2016
E04B 2/88 Loading...
E04B 2/88
Loading...
201510715819.0
深圳广田装饰集团股份有限公司
石鑫杰
E04B 2/88
Loading...
本发明公开一种有防坠机构的全隐框玻璃幕墙及防坠机构，在玻璃的顶端与底端间隔的对应向外开有若干个玻璃斜切面，所述玻璃斜切面的高度的7～10mm；防坠机构配合所述玻璃斜切面间隔的设置在上下相邻两块玻璃之间，防坠机构的一端连接在立柱或附框上，另一端上下设有两个配合玻璃斜切面的卡件斜切面，防坠机构上端和下端的所述卡件斜切面分别配合的卡住上下相邻两块玻璃底端和顶端的所述玻璃斜切面；防坠机构与玻璃之间设有使两者之间柔性接触的垫片。防坠机构与玻璃托板交错设置在上下相邻两块玻璃之间。确保每一块玻璃的上下两端均被所述防坠机构牢固卡住，即使结构胶失效，玻璃仍然能稳固的保持在原有位置不会掉落。
20. 105155794 一种石膏加气砖墙面的石材湿挂方法及其结构
CN
16.12.2015
E04F 13/02 Loading...
E04F 13/02
Loading...
201510505722.7
深圳广田装饰集团股份有限公司
郑建华
E04F 13/02
Loading...
一种石膏加气砖墙面的石材湿挂方法及其结构，方法包括以下步骤：S1、墙面清理；S2、墙面测设水平、弹线、定位；S3、材料准备；S4、开孔、穿螺杆；S5、防水层施工；S6、挂镀锌铁网；S7、最下层石材的规方、排板固定、灌浆；S8：更上层石材的规方、排板固定、灌浆。一种石膏加气砖墙面的石材湿挂结构，包括由多排石膏加气砖砌筑而成的石膏加气砖墙、固定在石膏加气砖墙正面的镀锌铁网、凝固定型在所述镀锌铁网上的水泥砂浆层、多排粘固在水泥砂浆层上的石材、铜丝、螺杆、多个与所述石膏加气砖墙宽度适配的扁铁。本发明能利用水泥砂浆在石膏加气砖墙上湿挂石材，克服了水泥砂浆无法在石膏加气砖墙上批荡的缺陷。
21. 204249699 一种异形工艺品
CN
08.04.2015
B44C 5/06 Loading...
B44C 5/06
Loading...
201420590285.4
深圳广田装饰集团股份有限公司
雷建
B44C 5/06
Loading...
一种异形工艺品，包括具有多个与其截面形状适配的第一骨片和第二骨片的异形骨架、与其外形适配且紧裹于异形骨架的钢丝网、玻璃钢基层、石膏层和金属漆层；所述异形骨架由分别沿两个不同方向间隔布置于钢丝网内的多个第一骨片和第二骨片构成，所述第一骨片和第二骨片均为竖直设置的片状，所述第一骨片彼此平行，所述第二骨片彼此平行，交叉的第一骨片和第二骨片分别在交叉处设有插接缝并通过该插接缝相互插接；所述钢丝网通过门字钉固定于异形骨架，所述钢丝网表面依次设有玻璃钢基层、石膏层和金属漆层。具有外形美观、实用性能强、质量轻强度高、制作方便的优点。
22. 204174797 单元式双层幕墙系统
CN
25.02.2015
E04B 2/88 Loading...
E04B 2/88
Loading...
201420553437.3
深圳广田装饰集团股份有限公司
徐志
E04B 2/88
Loading...
本实用新型公开了一种单元式双层幕墙系统，包括多个依次排列的幕墙单元，所述幕墙单元包括副框组框，所述副框组框的正面连接有外层玻璃，所述副框组框的背面连接有内层玻璃，所述副框组框的侧面连接有连接钢板，所述连接钢板开设置有卡槽；墙体连接有开口朝外的钢槽，所述钢槽连接有挂杆，安装时，所述幕墙单元通过所述卡槽挂在所述挂杆上，相邻的所述幕墙单元之间通过所述副框组框的侧面实现相互支撑，其能够实现单元式安装，从而减少现场操作工序，降低施工难度，有效提高安装效率，造价低。
23. 203939167 一种玻璃肋横梁构造幕墙
CN
12.11.2014
E04B 2/88 Loading...
E04B 2/88
Loading...
201420337060.8
深圳广田装饰集团股份有限公司
徐志
E04B 2/88
Loading...
本实用新型公开了一种玻璃肋横梁构造幕墙，包括间隔设置的两个中空玻璃，两个中空玻璃的相邻的两个端面之间通过密封胶密封连接，两个中空玻璃的内侧连接有横截面呈长方形的铝合金立柱，铝合金立柱的前侧与每个中空玻璃的内侧之间连接有铝合金副框，铝合金副框与铝合金立柱之间设置有三元乙丙胶条，铝合金副框与对应的中空玻璃之间设有硅酮结构胶，铝合金立柱的左右两侧对称设置有可拆卸的横梁结构，横梁结构包括夹胶玻璃横梁，以及开口朝向外侧的不锈钢槽，不锈钢槽的前侧连接有不锈钢玻璃托块，不锈钢玻璃托块与对应的中空玻璃连接，夹胶玻璃横梁插入不锈钢槽设置。该玻璃肋横梁构造幕墙能够降低横梁对光线的遮挡、结构简单且安装方便。
24. 203939166 一种石材幕墙伸缩缝连接结构
CN
12.11.2014
E04B 2/88 Loading...
E04B 2/88
Loading...
201420325509.9
深圳广田装饰集团股份有限公司
徐志
E04B 2/88
Loading...
本实用新型公开了一种石材幕墙伸缩缝连接结构，包括间隔设置的第一石材与第三石材，第一石材与第三石材的内侧设置有第二石材、以及开口朝向第二石材的U型的铝单板，第二石材的一端与第三石材密封固接，第二石材的另一端伸入铝单板的U型槽中，铝单板的一侧壁与第一石材密封连接，第二石材的两侧壁分别与铝单板的两侧壁之间连接有铝合金副框，每个铝合金副框与第二石材的对应侧壁之间紧密连接有三元乙丙连体胶条。该石材幕墙伸缩缝连接结构，其结构简单、施工方便，且防水效果好。
25. 203796133 一种自排水幕墙百叶窗
CN
27.08.2014
E06B 7/14 Loading...
E06B 7/14
Loading...
201420135921.4
深圳广田装饰集团股份有限公司
徐志
E06B 7/14
Loading...
本实用新型公开了一种自排水幕墙百叶窗；其包括框架以及若干横向平行安装于所述框架内的百叶，百叶设置有排水槽，框架的侧边框设置有导流槽，排水槽与导流槽连通，框架的下边框设置有集水槽，导流槽与集水槽连通，集水槽的底部开设有与幕墙内的下水管连通的排水孔；排水槽、导流槽、集水槽、排水孔、下水管形成了排水通道，雨水通过百叶上的排水槽流入侧边框的导流槽中，然后通过导流槽流入下边框的集水槽中，再通过下边框的排水孔流入幕墙内的下水管中，最后通过下水管排出，本实用新型自带排水通道，可将雨水通过幕墙内的下水管排出，避免雨水污染幕墙装饰面，且结构简单，安装方便。
26. 203797873 明框幕墙通风构造
CN
27.08.2014
F24F 7/00 Loading...
F24F 7/00
Loading...
201420142367.2
深圳广田装饰集团股份有限公司
沈尧
F24F 7/00
Loading...
本实用新型公开了明框幕墙通风构造；其包括通风器以及与通风器固定连接的导流板，通风器包括固定部以及与固定部转动连接的开启部，开启部的内腔设置有隔音降噪保温棉，固定部包括与幕墙横梁连接的第一侧板、与开启部转动连接的第二侧板以及连接第一侧板和第二侧板的通风板，通风板的中部设置有通风孔，通风孔的下方设置有防尘网；当关闭通风器时，隔音降噪保温棉可以隔离室外噪音并保温，当开启通风器时，防尘网可以隔离室外的沙尘，在恶劣天气下也可开启通风，本实用新型解决了通风器关闭时有噪音，开启通风时有沙尘的问题，且结构简单，安装方便。
27. 203669161 一种具有通风结构的全玻幕墙结构
CN
25.06.2014
E04B 2/88 Loading...
E04B 2/88
Loading...
201320834074.6
深圳广田装饰集团股份有限公司
徐志
E04B 2/88
Loading...
本实用新型公开了一种具有通风结构的全玻幕墙结构，包括钢化玻璃面板，所述钢化玻璃面板开设有通风口，所述通风口处设置有通风结构，所述通风结构包括多个从上往下依次排布且能打开或关闭的百叶结构，所述百叶结构连接有用于打开或关闭所述百叶结构的连杆机构。该具有通风结构的全玻幕墙结构结构简单，能够很好地实现通风、且保持有较好的外观效果。
28. WO/2014/063480 INTERFACE AGENT FOR BINDING VITRIFIED TILES AND CONSTRUCTION METHOD THEREFOR
WO
01.05.2014
C04B 26/10 Loading...
C04B 26/10
Loading...
PCT/CN2013/075377
SHENZHEN GRANDLAND DECORATION GROUP CO., LTD.
LI, Shaoqiang
C04B 26/10
Loading...
Disclosed in the present invention are an interface agent for binding vitrified tiles and a construction method therefor, rendering it difficult for the phenomena of hollowing and shedding to appear in bonded vitrified tiles. An interface agent for binding vitrified tiles is formed by mixing substances with parts by weight as follows: 15-25 of expanded perlite, 65-75 of cationic emulsion, and 5-15 of wood fibres; wherein the expanded perlite is an inorganic vitrified hollow microporous material, and the cationic emulsion is a cationic synthetic resin emulsion for mixing a cement mortar. The present invention uses a cationic emulsion having a good bonding effect on vitrified tiles as the bonding component of the interface agent, at the same time with the addition of expanded perlite to enhance the water absorption of the interface agent and the addition of wood fibres to enhance the bonding effect of the interface agent. Under the proportion of the present invention, the phenomena of hollowing and shedding cannot easily appear between the vitrified tiles and the wall body or the ground surface after the vitrified tiles have been tiled on the wall face or the ground surface, with a good construction effect.
29. WO/2014/063481 INNER WALL SCREEDING METHOD
WO
01.05.2014
E04F 21/04 Loading...
E04F 21/04
Loading...
PCT/CN2013/075378
SHENZHEN GRANDLAND DECORATION GROUP CO., LTD.
LI, Shaoqiang
E04F 21/04
Loading...
Disclosed is an inner wall screeding method, comprising the following steps of: a. treating wall base layers; b. adjusting squareness by means of a laser level meter, and projecting two projection planes to coincide with control lines; c. measuring the respective distance from the proximal and distal end of each wall base layer to the control lines; d. calculating the plaster thickness of the proximal end of the wall base layer; e. providing a plurality of screeding screws on the wall base layers transversally and adjusting the height of the screeding screws; and f. providing screeding screws longitudinally, ensuring the height remains consistent and mounting screed strips. The method can control the screeding height accurately to conform to the distance between two transversal walls and the distance between two longitudinal walls, meanwhile ensuring the squareness of the surface of the plastered walls; by using the laser level meter, it is favourable to measure the distance and longitudinally position the screed screws, simple to operate and convenient to use.
30. 203569751 一种玻璃幕墙伸缩缝结构
CN
30.04.2014
E04B 2/88 Loading...
E04B 2/88
Loading...
201320636093.8
深圳广田装饰集团股份有限公司
徐志
E04B 2/88
Loading...
本实用新型公开了一种玻璃幕墙伸缩缝结构，包括与幕墙主体连接的铝合金型材一、与幕墙主体连接的铝合金型材二，所述铝合金型材一与所述铝合金型材二之间设置有伸缩缝玻璃，所述铝合金型材一设置有一朝向所述铝合金型材二的伸出端，所述伸出端竖向设置有开口朝向所述伸缩缝玻璃的插槽，所述伸出端与所述伸缩缝玻璃之间设置有可伸缩调整的变形调整结构，所述变形调整结构的一端可滑动地设置于所述插槽中，所述伸缩缝玻璃的内侧设置有沿水平方向布置的不锈钢槽，所述变形调整结构的另一端可滑动地设置于所述不锈钢槽中。该玻璃幕墙伸缩缝结构能够满足幕墙主体三维变形的需要，在安装后具有较好的外观效果，能够保证玻璃幕墙的美观需求。
31. 203403578 一种带排水结构的采光顶结构
CN
22.01.2014
E04B 7/18 Loading...
E04B 7/18
Loading...
201320351186.6
深圳广田装饰集团股份有限公司
徐志
E04B 7/18
Loading...
本实用新型涉及建筑玻璃幕墙技术领域，尤其涉及一种带排水结构的采光顶结构。一种带排水结构的采光顶结构，包括玻璃、固定玻璃的玻璃副框，每块玻璃的四周的玻璃副框中处于下部的低副框设有空腔，低副框与玻璃的邻接面设有与空腔连通的渗水孔，空腔设有排水管，排水管穿过玻璃副框连接设置在采光顶边部的导水管。冷凝水沿玻璃在重力作用下流向低副框，通过渗水孔进入空腔，空腔内蓄积的冷凝水经排水管进入采光顶边部的导水管，实现了冷凝水的及时的有序导流、排放，避免了冷凝水可能给办公环境带来的不便。
32. 203403568 一种幕墙伸缩缝连接结构
CN
22.01.2014
E04B 2/88 Loading...
E04B 2/88
Loading...
201320351099.0
深圳广田装饰集团股份有限公司
徐志
E04B 2/88
Loading...
本实用新型涉及幕墙的结构，尤其涉及一种幕墙伸缩缝连接结构。一种幕墙伸缩缝连接结构，包括两侧的第一幕墙、第二幕墙、铝合金型材，铝合金型材的一侧与该侧的第一幕墙固定连接；铝合金型材的另一侧设置有梳齿形的密封胶条；密封胶条的梳齿压紧在该侧的第二幕墙的侧面并形成密封腔，密封腔的数量在2个以上。在伸缩缝处，铝合金型材的一侧与幕墙固定连接，铝合金型材的另一侧通过梳齿形的密封胶条压接在幕墙上，幕墙与密封胶条之间形成2个以上的密封腔，密封腔之间的压力递减，有效的降低了水通过缝隙的动力，形成了等压腔密封结构，无需打钉，防水密封性能优良。
33. WO/2013/155833 METHOD FOR PLASTERING CONSTRUCTION IN ARCHITECTURAL DECORATION
WO
24.10.2013
E04F 13/02 Loading...
E04F 13/02
Loading...
PCT/CN2012/083952
SHENZHEN GRANDLAND DECORATION GROUP CO., LTD.
LI, Shaoqiang
E04F 13/02
Loading...
A method for plastering construction in architectural decoration comprises the following steps: (1) base treatment; (2) performing construction positioning paying-off according to the required plastering height, and longitudinally installing screeding templates along a wall surface subjected to the base treatment in Step (1) according to the paying-off height, a lateral space between adjacent screeding templates being 1.3 to 1.8 meters; (3) plastering; and (4) laying aside the wall surface subjected to the plastering for 12 to 24 hours till plastering mortar on the wall surface is in a half-dried compact hardened state, and using teeth of a saw blade for grinding the mortar along the two adjacent screeding templates through a ruler till the mortar is even. The method can improve the construction efficiency and guarantee the construction quality.
34. 203222977 一种用于阳角抹灰的冲筋模板
CN
02.10.2013
E04F 21/04 Loading...
E04F 21/04
Loading...
201320054326.3
深圳广田装饰集团股份有限公司
庞惠元
E04F 21/04
Loading...
本实用新型涉及一种用于阳角抹灰的冲筋模板，包括夹持装置、平行地设置于所述夹持装置一侧的支撑装置，所述夹持装置包括顶部设置有用于夹持抹灰筋条的夹持槽的夹持体，所述夹持体的底部设置有与所述夹持体垂直的连接杆，所述支撑装置包括支撑杆、位于所述支撑杆的底部的底座、以及设置于所述支撑杆上的调节装置，所述连接杆与所述调节装置配合固定。该冲筋模板结构简单、方便阳角冲筋。
35. 203129543 一种冲筋模板
CN
14.08.2013
E04F 21/04 Loading...
E04F 21/04
Loading...
201320052461.4
深圳广田装饰集团股份有限公司
郭晓燕
E04F 21/04
Loading...
本实用新型涉及一种冲筋模板，包括夹持体，所述夹持体的顶面开设有用于夹持抹灰筋条的夹持槽，所述夹持体上设置有用于夹紧抹灰筋条的固定装置，装配时，所述夹持槽与所述抹灰筋条的固定端配合，所述固定装置夹紧所述夹持槽，以使所述夹持槽夹紧所述抹灰筋条。该冲筋模板结构简单、夹持稳定、操作方便。
36. 203129544 一种抹灰筋条
CN
14.08.2013
E04F 21/04 Loading...
E04F 21/04
Loading...
201320052464.8
深圳广田装饰集团股份有限公司
曾晓镇
E04F 21/04
Loading...
本实用新型涉及一种抹灰筋条，所述抹灰筋条的横截面为Y型，包括固定端以及设置在固定端顶部的连接端，所述连接端设置有凹槽，所述凹槽的底部为平面。该抹灰筋条结构简单、方便夹持，而且强度高，不易被压变形；抹灰后，无需拆除，减小抹灰工序，提高抹灰效率；其抹灰筋条的长度可以为任意长度，使用时，根据不同需要自由的截取，方便加工，也使使用更容易控制，更加便利，节约使用成本。
37. 202970421 高度可变人字梯
CN
05.06.2013
E06C 1/30 Loading...
E06C 1/30
Loading...
201220547049.5
深圳广田装饰集团股份有限公司
李少强
E06C 1/30
Loading...
本实用新型公开了一种高度可变人字梯，搬运方便、可适应各种施工作业高度。该高度可变人字梯，包括人字形梯架和连接在人字形梯架顶部可开合的合页结构，所述人字形梯架的四个支脚为中空结构，所述高度可变人字梯还包括套筒式伸缩装置，该套筒式伸缩装置包括可在所述人字形梯架的四个支脚内自由伸缩、且面向外侧的一面为齿状面的斜面齿条，以及固定在人字形梯架四个支脚外侧面底边上、并可与所述斜面齿条的齿状面之间匹配夹紧并卡合的弹簧齿牙。本实用新型高度可变人字梯在常用梯子支撑脚底部，增设了套管式伸缩装置，利用斜面齿条和弹簧齿牙匹配夹紧并卡合来实现人字梯高度变化；造价低，可自由伸缩、安全灵活可变、应用广泛。
38. 103088994 一种抹灰筋条及建筑抹灰方法
CN
08.05.2013
E04F 21/04 Loading...
E04F 21/04
Loading...
201310037477.2
深圳广田装饰集团股份有限公司
曾晓镇
E04F 21/04
Loading...
本发明涉及抹灰筋条及建筑抹灰方法。一种抹灰筋条，所述抹灰筋条的横截面为Y型，包括固定端以及设置在固定端顶部的连接端，所述连接端设置有凹槽，所述凹槽的底部为平面。一种建筑抹灰方法，包括冲筋、抹灰；冲筋时，采用冲筋模板夹持抹灰筋条，通过激光水平仪控制冲筋模板的水平度与垂直度，将冲筋模板与抹灰筋条一起固定在墙面后，用喷浆机喷浆，待砂浆覆盖抹灰筋条的连接端后，放置至抹灰筋条与墙面粘接牢固，拆除冲筋模板，将抹灰筋条保留在墙面上，此时，抹灰筋条的高度即为最终抹灰的高度，这时，可以直接使用喷浆机喷浆抹灰；该方法配合机械施工，大大提高抹灰效率，缩短施工工期，使抹灰高度和抹灰质量得到保证。
39. 202899619 一种模板的固定装置
CN
24.04.2013
E04G 17/065 Loading...
E04G 17/065
Loading...
201220543478.5
深圳广田装饰集团股份有限公司
李少强
E04G 17/065
Loading...
本实用新型提供了一种模板的固定装置，包括两个相对的模板、支撑杆、螺杆和螺母，所述支撑杆的形状为椎形柱体且沿其轴心设有通孔，所述支撑杆横设在两个模板之间，两个模板均开有穿孔，所述螺杆穿过两个穿孔和通孔从而将支撑杆夹固在两个模板之间且在两个模板外侧均露出自由端，所述螺母通过螺纹连接在两个自由端上从而将螺杆与两个模板固定。本实用新型模板的固定装置在使用过程中，由于支撑杆的椎体柱体的粗端具有很强的稳固性，从而使模板平行而不易内移倾斜，提升了工程的质量；而且因为支撑杆锥形柱体的拆卸只需敲击粗端，便捷快速，没有塑料残留，从而可循环利用，降低了施工成本。
40. 202831571 一种墙面打磨器
CN
27.03.2013
E04F 21/16 Loading...
E04F 21/16
Loading...
201220463752.8
深圳广田装饰集团股份有限公司
李少强
E04F 21/16
Loading...
本实用新型公开了一种墙面打磨器，要解决的技术问题是使其使用方便、施工效率高，并且打磨细致、刮痕一致、观感度好。为解决上述技术问题，本实用新型采用如下的技术方案：一种墙面打磨器，为由锯条弯折后两端固定连接而圈成的圆形，其一侧为锯齿部，另一侧为锯条背面。本实用新型墙面打磨器是由锯条弯折而圈成的圆形，具有两面用来打磨的面，可应对不同厚度的抹灰层墙面。其相对于现有施工技术来说，效率高并可配合机械化施工使用，而且可以很好地适应砂浆的干缩效率，无需马上施工，可等喷浆作业3-5h后，再进行打磨施工。打磨后的墙面的整体观感好、施工的质量高。
41. 202831565 一种L型刮尺
CN
27.03.2013
E04F 21/06 Loading...
E04F 21/06
Loading...
201220468092.2
深圳广田装饰集团股份有限公司
王金兵
E04F 21/06
Loading...
一种L型刮尺，包括一个“L”型直角等边的条尺（1），所述条尺（1）的外直角边和内直角边分别镶嵌有适配的“L”型的外刮片（2）和内刮片（3）。与现有技术相比，本实用新型L型刮尺的内外直角边镶嵌有“L”型的直角等边的外刮片和内刮片，紧贴墙面收刮阴阳角时，外刮片和内刮片能控制阴阳角的偏差，保证垂直度和平整度符合验收标准；施工时，施工者抓住刮尺由上往下收刮3次即打磨完成，与现有技术相比，操作简单，施工效率提高，对施工人员的技术水平和数量要求低，节省成本。
42. 202787632 一种空心加气砖
CN
13.03.2013
E04C 1/00 Loading...
E04C 1/00
Loading...
201220469814.6
深圳广田装饰集团股份有限公司
李少强
E04C 1/00
Loading...
一种空心加气砖，形状为长方体，沿长度方向开有一个同轴贯穿的通孔（1）或沿长度方向在一个侧面开有通槽（2），所述通孔（1）、通槽（2）与二次结构适配。与现有技术相比，本实用新型空心加气砖开有同轴通孔或在一个面上沿长度方向开有通槽，所述通孔、通槽与二次结构适配，施工时，将二次结构预装在通孔、通槽中后浇灌混凝土即可，定型构筑方便，无需用模板控制方正度、平整度，提高施工效率；空心加气砖的砖面作为二次结构的基面，表面整齐、避免通缝的产生，无混凝土露出，也便于抹灰施工。
43. 102898069 一种粘结玻化砖用的界面剂及其施工方法
CN
30.01.2013
C04B 26/10 Loading...
C04B 26/10
Loading...
201210411874.7
深圳广田装饰集团股份有限公司
李少强
C04B 26/10
Loading...
本发明公开了一种粘结玻化砖用的界面剂及其施工方法，使粘结的玻化砖不易出现空鼓和脱落的现象。一种粘结玻化砖用的界面剂，由以下重量份数的物质混合而成：膨胀珍珠岩15-25；阳离子乳液65-75；木质纤维5-15；其中膨胀珍珠岩为无机玻化空心微孔材料；其中阳离子乳液为水泥灰浆混合用的阳离子性的合成树脂乳液。本发明采用与玻化砖有良好的粘结作用的阳离子乳液作为界面剂的粘结组分，同时加入膨胀珍珠岩以增加界面剂的吸水率，加入木质纤维增加界面剂的粘结作用，在本发明的配比下，能使玻化砖铺设在墙面或地面后，不易出现其与墙体或地面之间的空鼓和脱落的现象，具有良好的施工效果。
44. 202530723 一种抹灰冲筋模板
CN
14.11.2012
E04F 21/04 Loading...
E04F 21/04
Loading...
201220142902.5
深圳广田装饰集团股份有限公司
李少强
E04F 21/04
Loading...
一种抹灰冲筋模板，由可与墙面连接的底座、冲筋板和连接所述底座与冲筋板的连接杆构成；所述底座有一个能让连接杆垂直于底座插入的安装通孔，所述冲筋板靠近墙面的那一侧面上沿长度方向设有能使连接杆的另一端垂直插入的卡槽，同一冲筋板至少连接两个所述连接杆和两个所述底座。本实用新型一种冲筋模板安装方便，操作简单，既能提高抹灰找平的速度，又能确保墙面垂直度和平整度，同时便于配合机械化施工，摆脱对施工者技术经验的依赖，解决了以往冲筋效率低，施工繁琐的缺点。
45. 202530722 一种建筑抹灰用的靠尺
CN
14.11.2012
E04F 21/04 Loading...
E04F 21/04
Loading...
201220141686.2
深圳广田装饰集团股份有限公司
李少强
E04F 21/04
Loading...
一种建筑抹灰用的靠尺，包括锯片、夹持锯片的夹持部和连接所述锯片与夹持部的螺栓，所述锯片沿长度方向设有锯齿，所述夹持部是横截面形状为近似等腰三角形的板材，顶角处张开为两片夹持锯片的夹板。本实用新型建筑抹灰用的靠尺在对半干的砂浆进行抹平时，有利于提高平整度，避免出现空鼓现象，同时为日后的腻子盖面提供更好的粘接环境；相比于现有的人工抹灰，能保证一体化施工的连贯性，减少砂纸打磨的过程，提高整个装饰工程的施工效率。现场作业时不需考虑工程的技术限制，配合着冲筋模板使用能大面积减少日益短缺的抹灰工人，实现低成本、高效益的理念。
46. 202117295 一种可抹灰收光、又可进行拉毛处理的灰刀
CN
18.01.2012
E04F 21/06 Loading...
E04F 21/06
Loading...
201120119282.9
深圳广田装饰集团股份有限公司
李少强
E04F 21/06
Loading...
一种可抹灰收光、又可进行拉毛处理的灰刀(100)，包括刀板(20)和把手(10)，其特征在于，在刀板(20)上靠近把手(10)的侧面还重叠连接有可往复移位、使边缘的拉毛齿外移露出刀板边缘或内移缩回的拉毛齿板(30)。该灰刀变型组合容易，实用性强，可供施工员根据施工要求随时选取不同的灰刀状态达到不同功能，既可以在普通抹灰收光时使用，也可在进行墙面二次抹灰拉毛时使用，还可以在进行环氧地坪涂装工程、石材瓷砖贴片的拉毛工艺等时使用，一把灰刀完成多种施工流程且使用简单、携带方便，施工效率高，并可达到规范标准，具有很好的推广使用价值。
47. 202117297 一种灰刀
CN
18.01.2012
E04F 21/16 Loading...
E04F 21/16
Loading...
201120115011.6
深圳广田装饰集团股份有限公司
曾晓镇
E04F 21/16
Loading...
一种灰刀(100)，包括把手(10)和刀面(20)，润湿装置(30)；刀面上设有多个供液体通过的微孔(21)；润湿装置(30)包括蓄水槽(31)、水箱(32)和控制所述蓄水槽与水箱连通的开关机构(33)；蓄水槽连接在刀面一侧与微孔连通。该灰刀水箱的水可持续供给蓄水槽，蓄水槽内的水则渗透到微孔，从而保持灰刀刀面与所抹砂浆间的界面润湿状态，可适用于不同粘度的砂浆抹灰收光工艺；能在已发生表干的灰面上收出非常光滑的墙面，不再需要通过使用喷雾器或用灰刀反复沾水来对砂浆面进行润湿后收光，且保证收光后的墙面水平度、平整度达到规范要求，观感度理想；施工工序简单快速，不再需要对同一个砂浆面反复收刮多次来达到平整，大大提高施工效率。
48. WO/2012/003694 LIGHT-WEIGHT AND ENERGY-SAVING PLASTERING MORTAR AND CONSTRUCTION METHOD THEREOF
WO
12.01.2012
C04B 28/04 Loading...
C04B 28/04
Loading...
PCT/CN2010/079484
SHENZHEN GRANDLAND DECORATION GROUP CO., LTD.
LI, Shaoqiang
C04B 28/04
Loading...
A light-weight and energy-saving plastering mortar is produced by mixing the following components (by weight): 30-40 parts of ordinary Portland cement, 2-4 parts of hydrated lime, 10-20 parts of light aggregate, 40-50 parts of heavy aggregate and 1.0 part of composite additive. The light aggregate is inorganic vitrified hollow microporous material with the fineness less than 100 meshes. The heavy aggregate is aeolian sand. A construction method of said mortar is also provided, which comprises diluting said mortar by water accounting for 30 to 50 percent of the weight of the mortar, mechanically or manually stirring until the mortar is mixed uniformly to achieve the suitable viscosity, and then spraying mechanically or constructing manually. The inorganic vitrified hollow microporous material can make the mortar have lightweight and make elastic modulus of the mortar match with that of the lightweight wall substrate. It can reduce the coefficient of heat conductivity and decrease the heat bridge effect so as to prevent hollowing, cracking and spalling, and make the mortar have the advantages of heat insulation and noise reduction and be beneficial to mechanized construction. The aeolian sand as aggregate has good particle size distribution and outstanding three dimensional textures. The composite additive can enhance the mortar workability and improve the construction effect.
49. 202108235 一种抹灰冲筋模板
CN
11.01.2012
E04F 21/04 Loading...
E04F 21/04
Loading...
201120134561.2
深圳广田装饰集团股份有限公司
李少强
E04F 21/04
Loading...
一种抹灰冲筋模板(100)，包括板体(10)、螺纹杆(20)、调节盘(30)和支撑杆(40)、长支撑杆(50)。板体包括底板(11)和其上的空心矩形凸起(12)，底板两端的矩形凸起两侧分别开设有侧面通槽(13)；每个侧面通槽中卡有一个调节盘；每个调节盘由圆片(31)与螺帽(32)焊接而成，且圆片边缘露出于板体的端头以及矩形凸起的两侧；在板体的两端分别有一个带有尖头(21)的螺纹杆间隙穿过矩形凸起的面板(121)、调节盘圆片和底板，且与螺帽螺纹连接；底板上螺纹连接多个可抵触于墙体的支撑杆(40)。该抹灰冲筋模板利用调节盘，方便调节底板到墙体的距离而限定冲筋高度，也更能保证墙面抹灰找平的平整度、水平度，作业效率高且便于配合机械化施工。
50. 202090570 一种抹灰冲筋模板
CN
28.12.2011
E04F 21/04 Loading...
E04F 21/04
Loading...
201120130752.1
深圳广田装饰集团股份有限公司
李少强
E04F 21/04
Loading...
一种抹灰冲筋模板，包括L型角铝板体(10)、两根螺纹杆(20)、两个长尾夹(30)和两块L形角铝片(40)；L型角铝板体有第一板体(11)和第二板体(12)；在角铝板体内的两端分别平行连接有一个L形角铝片，其上的第二角铝片(42)与第二板体平行且与之连接，平行于第一板体的每个第一角铝片(41)宽度超过第一板体的宽度，且每个第一角铝片上穿设着一个长尾夹(30)的两个夹柄(31)，夹柄外端突出在所述第一板体之外；一根带有尖头(21)的螺纹杆可垂直移动地穿过第二角铝片和第二板体；长尾夹的两个可开合的夹板(32)可夹住螺纹杆。冲筋模板更能保证墙面抹灰找平的平整度、水平度，作业效率高，且能与机械化施工配合使用。
51. 202090574 一种用于弧形墙面抹灰收光的灰刀
CN
28.12.2011
E04F 21/16 Loading...
E04F 21/16
Loading...
201120107321.3
深圳广田装饰集团股份有限公司
李少强
E04F 21/16
Loading...
一种用于弧形墙面抹灰收光的灰刀(10)，包括弹性钢片(1)、轻质弹性泡沫板(2)和把手(3)，所述弹性钢片(1)一侧面上连接有把手(3)、另一侧面的整个面上粘贴着一块轻质弹性泡沫板(2)。使用时，双手握住该弧形收光灰刀的把手，利用手腕力量将其向相对方向扳，使与把手相连的弹性钢片拗弯，轻质弹性泡沫板会随着弹性钢板的弯曲而弯曲，直至达到符合墙体设计时的弧度要求，并保持该种力度，沿弧形墙面收光即可。该灰刀能在不同弧度的墙面上进行抹灰收光，保证其弧度，收光效果理想，对施工人员的技术水平要求相对较低。与机械化施工进行配合使用时，施工效果更好，而且效率更高，有效减少工程成本。
52. 202090569 一种抹灰冲筋模板
CN
28.12.2011
E04F 21/04 Loading...
E04F 21/04
Loading...
201120126301.0
深圳广田装饰集团股份有限公司
李少强
E04F 21/04
Loading...
一种抹灰冲筋模板(10)，由板体(1)、螺纹杆(2)和螺母(3)组成；在距离板体两端面30-50mm处分别垂直穿设有螺纹杆(2)，每个螺纹杆上均有一端为可紧钉入墙体的尖头(21)，在板体上相对于尖头的另一侧螺纹杆上适配着拧动时可调整板体(1)与尖头(21)之间距离的螺母(3)。该抹灰冲筋模板，将螺纹杆钉入墙体，拧动螺母，使板体与螺母的接触面与放线高度相同，就可很方便地调节冲筋的高度，工艺简单、设置冲筋模板也非常方便快捷，对工人的要求降低，不需再担心工人的技术问题或碰撞使灰饼、冲筋变形走样影响抹灰高度。既可以人工作业，也可以机械化施工，抹灰后墙面的水平度、垂直度可大大提高，冲筋硬度及水平度好，施工效率成倍提高。
53. 102285781 Plastering mortar for interior wall and construction method thereof
CN
21.12.2011
C04B 28/04 Loading...
C04B 28/04
Loading...
201110152629.4
Grandland Decoration Co., Ltd.
Li Shaoqiang
C04B 28/04
Loading...
The invention relates to lightweight plastering mortar for an interior wall, and the plastering mortar is formed by mixing the following components in parts by weight: 30-35 parts of ordinary Portland cement, 4-5 parts of slaked lime, 5-10 parts of lightweight aggregate, 50-60 parts of waste sand with fineness of 5-25 meshes used as heavy aggregate and 1.0 part of antibacterial mildewproof composite auxiliary agent provided by Guangzhou Synthesis Trading Company, wherein per kilogram of the antibacterial mildewproof composite auxiliary agent is formed by mixing 0.4 kg of antibacterial mildewproof component, 0.1 kg of water retention agent, 0.3 kg of re-dispersible latex powder and 0.2 kg of air entraining agent; and the lightweight aggregate is an inorganic vitrified hollow microporous material with fineness lower than 100 meshes. The plastering mortar for the interior wall is diluted with water in a weight ratio of 100: (30-50) during construction. In the mortar, the waste sand in building garbage is used as the mortar aggregate and the material is recycled, and the mortar has the advantages of good cracking resistance, good grain composition and good workability, is easier to level and is more suitable for mold and mechanical construction. The bond strength of the mortar reaches requirements, when the mortar is combined with lightweight wall for use, the mortar can prevent hollowing, cracking or falling, the engineering quality is guaranteed, the unit area cost is low, and the propagation and growth of mildew and fungi are reduced.
54. 102250502 Light and environment-friendly leveling putty and construction method thereof
CN
23.11.2011
C09D 5/34 Loading...
C09D 5/34
Loading...
201110152730.X
Grandland Decoration Co., Ltd.
Li Shaoqiang
C09D 5/34
Loading...
The invention discloses light and environment-friendly leveling putty, which is prepared by mixing the following components in part by weight: 20 to 25 parts of cement, 3 to 5 parts of hydrated lime, 10 to 15 parts of light aggregate, 60 to 65 parts of waste stone powder of fineness of 25 to 100 meshes and 1 part of antibacterial and mildewproof composite assistant, wherein the light aggregate is inorganic vitreous hollow microporous material of which the fineness is lower than 100 meshes; and each kilogram of the antibacterial and mildewproof composite assistant is prepared by mixing 0.4 kilogram of antibacterial and mildewproof component, 0.1 kilogram of water-retaining agent, 0.3 kilogram of redispersible polymer powder and 0.2 kilogram of air entraining agent. The waste stone powder made of building waste can be recycled, so the comprehensive utilization of building waste can be promoted and the economic, ecological and social benefit can be improved. The putty is light and improved in cracking resistance; being well compatible with a basic layer, the putty makes the leveling easy and can improve the construction efficiency and construction effect; and the putty is more suitable for molded and mechanical construction and can make the construction process simple and reduce construction price per unit square meter. The light and environment-friendly leveling putty also has the functions of reducing growth of mould and bacteria and is suitable for all indoor decorative surface leveling and polishing projects.
55. 201874204 一种阴阳角两用冲筋模板
CN
22.06.2011
E04F 21/04 Loading...
E04F 21/04
Loading...
201020508100.2
深圳广田装饰集团股份有限公司
李少强
E04F 21/04
Loading...
一种阴阳角两用冲筋模板(10)，所述阴阳角两用冲筋模板是由相互垂直的第一板体(11)和第二板体(12)组成的、横截面为L形的板体，在所述板体的转角处、沿所述板体的长度方向间隔地设有多个可注入砂浆的横截面为L形的通槽(13)。这种阴阳角两用冲筋模板既能满足阴角作业要求、又能满足阳角作业要求，且更能保证阴、阳角的方正度、垂直度，便于配合模具、机械化施工、能提高作业效率。
56. 201818032 一种阴阳角抹灰收光用的灰刀
CN
04.05.2011
E04F 21/06 Loading...
E04F 21/06
Loading...
201020556733.0
深圳广田装饰集团股份有限公司
李少强
E04F 21/06
Loading...
一种阴阳角抹灰收光用的灰刀(100)，包括刀体(10)、把手(20)和连接在刀体与把手之间的刀柄(30)，刀体包括垂直折弯呈L形的阴角刀片(11)和垂直折弯呈L形的阳角刀片(12)，两刀片相互平行，阴角刀片(11)外切焊接于一个连接管(13)的外表面，阳角刀片(12)以其转角处外侧焊接于所述连接管(13)的外表面；刀柄(30)为折弯状、与刀体(10)连接的平直段(31)可转动地间隙套设于连接管内；一个定位销(60)定位于刀柄平直段(31)与连接管(13)上。同一把灰刀既可作阴角灰刀、又可作阳角灰刀，携带和使用方便，可单独使用，也可与多功能冲筋模板等模具、机械化配套使用，可一次性连续完成对阴阳角施工，且抹灰后的阴阳角方正度、垂直度大大提高，大幅提高施工效率，还可减少工具流失，节约成本。
57. 201776805 一种实木封边的木板结构
CN
30.03.2011
B27D 1/00 Loading...
B27D 1/00
Loading...
201020294999.2
深圳广田装饰集团股份有限公司
张绮珊
B27D 1/00
Loading...
一种实木封边的木板结构(10)，包括实木条(3)、中纤板(1)，在所述实木条(3)与中纤板(1)之间以涂布了胶水的连接条(4)连接，木皮(2)完整地覆盖于所述实木条(3)和中纤板(1)的表面。由于木皮是完整地黏贴在实木板与中纤板上，黏贴后再上锣机铣型，有效减少了铣型过程中中纤板与实木板间的隐性脱落，由于接口处被木皮覆盖，可有效消除日常使用过程中由于外力使接口处脱开。且可很好地保证其平整度，造型实木的水平度、方正度大大提高，达到规范标准，观感度理想。并且工艺简单，达到大幅提高生产效率的要求，减少返工，节约成本。
58. 201778608 一种成型门套
CN
30.03.2011
E06B 1/34 Loading...
E06B 1/34
Loading...
201020294995.4
深圳广田装饰集团股份有限公司
张绮珊
E06B 1/34
Loading...
一种成型门套，包括可用胶水粘合的外门套板(41)和内门套板(31)，其特征在于，所述内门套板(31)和外门套板(41)的相对面上分别设有纵向凹槽(5)。该成型门套，在内、外门套板压紧时，纵向凹槽可作为容纳多余平板胶水的受挤空间，胶水不会外溢，避免污染门套的油漆面，也减少了清洗外溢胶水的工作量，提高安装门套的工作效率。在凹槽中涂布平板胶水，粘合方式为凹槽对平面或凹槽对凹槽，干燥后，犹如形成了多条纵向钢筋，粘紧内、外门套板，大大提高内、外门套板的粘合强度，有效避免内、外门套板粘合不紧的问题，门套使用耐久稳定。
59. 101948289 Mortar for floating screed during building plastering construction and construction method thereof
CN
19.01.2011
C04B 28/14 Loading...
C04B 28/14
Loading...
201010277332.6
Shenzhen Grandland Decoration Design & Engineering Co., Ltd.
Li Shaoqiang
C04B 28/14
Loading...
The invention relates to a mortar for floating screed during building plastering construction, which is mixed from the following components in parts by weight: 25-35 parts of high strength gypsum, 10-15 parts of light-weight aggregate, 54-64 parts of heavy-weight parts and 1.0 part of composite assistant, wherein the light-weight aggregate is an inorganic vitrified hollow microporous material of which the degree of fineness is lower than 100 meshes; the heavy-weight aggregate is common river sand; and each kilogram of composite assistant is mixed from the following components in parts by weight: 0.1 part of redispersible latex powder, 0.3 part of cellulose ether, 0.5 part of water reducing agent and 0.1 part of coagulant. The mortar is diluted by water in the weight proportion of 100:30-50, the mixture is mixed uniformly to achieve the viscosity for mechanical spraying or manual construction, and thus, the mortar can be used for mechanical spraying or manual operation. The mortar has the advantages of light weight, favorable cohesive property with base masonry, quick drying, and simple and practical technique, can quickly form by one time, and can be matched with dies and mechanical construction. The invention has low manufacturing cost per unit area, is suitable for indoor floating screed engineering for all buildings, and has high popularization value. The invention also relates to a construction method of mortar for floating screed during building plastering construction.
60. 101935476 Leveling putty for interior decoration and construction method thereof
CN
05.01.2011
C09D 5/34 Loading...
C09D 5/34
Loading...
201010279268.5
Grandland Decoration Co., Ltd.
Li Shaoqiang
C09D 5/34
Loading...
The invention relates to leveling putty for interior decoration. The leveling putty for interior decoration is formed by mixing the following components in part by weight: 25 to 30 parts of white cement, 3 to 5 parts of slaked lime, 10 to 15 parts of humidity controlling material, 50 to 60 parts of heavy calcium carbonate powder and 1 part of antibacterial mould-proof composite auxiliary agent, wherein one kilogram of the antibacterial mould-proof composite auxiliary agent consists of 0.4 kilogram of antibacterial mould-proof component, 0.1 kilogram of water-retaining agent, 0.3 kilogram of redispersible emulsion powder and 0.2 kilogram of air entraining agent component. 100 weight part of the putty is diluted with 30 to 50 weight part of water; the putty and the water are stirred mechanically or manually until the mixture is mixed uniformly and reaches the conventional experience viscosity suitable for mechanical spraying or manual spraying; and then mechanized spraying construction can be performed. The leveling putty can adjust temperature, absorb harmful substances, clean the air and prevent a mortar layer from generating bacteria or mildew. The leveling putty has the advantages of light weight, heat preservation and insulation, energy conservation, high anti-cracking property, low manufacturing cost, suitability for leveling and polishing projects of all the interior decoration surfaces and great popularization value.
61. 101935194 Lightweight plastering mortar and construction method thereof
CN
05.01.2011
C04B 28/04 Loading...
C04B 28/04
Loading...
201010262080.X
Grandland Decoration Co., Ltd.
Li Shaoqiang
C04B 28/04
Loading...
The invention discloses lightweight plastering mortar, which is characterized in that the mortar is formed by mixing the following components in part by weight: 20 to 25 parts of common silicate cement, 2 to 4 parts of slaked lime, 5 to 10 parts of light aggregate, 20 to 30 parts of electromagnetic wave absorption master batch, 30 to 50 parts of heavy aggregate and 1.0 part of composite auxiliary agent, wherein the light aggregate is an inorganic vitrified hollow micropore material with fineness of less than 100 meshes, and the heavy aggregate is common river sand. The construction method comprises the following steps of: diluting the lightweight plastering mortar by adding water in an amount which is 30 to 50 percent of the weight of the mortar, mechanically or manually stirring the mortar till the mortar is mixed uniformly, and mechanically coating the mortar or manually constructing the mortar when the mortar reaches the viscosity suitable for mechanical coating or manual construction. The lightweight plastering mortar with function of shielding and absorbing electromagnetic wave can shield and absorb the outdoor electromagnetic wave, absorb the indoor electromagnetic wave and reduce the diffuse reflection of the indoor electromagnetic wave, is light and energy-saving, reduces the consumption of unit area material and has low unit area manufacturing cost; and when used for a lightweight wall, the lightweight plastering mortar can prevent hollowing, cracking and dropping, is favorable for mechanized construction, and has simple process.
62. 101891431 Light-weight and energy-saving plastering mortar and construction method thereof
CN
24.11.2010
C04B 28/04 Loading...
C04B 28/04
Loading...
201010223052.7
Shenzhen Grandland Decoration Group Co., Ltd.
Li Shaoqiang
C04B 28/04
Loading...
The invention relates to light-weight and energy-saving plastering mortar, which is prepared by mixing the following components in part by weight: 30 to 40 parts of ordinary Portland cement, 2 to 4 parts of hydrated lime, 10 to 20 parts of light aggregate, 40 to 50 parts of heavy aggregate and 1.0 part of compound aid, wherein the light aggregate is an inorganic vitrified hollow microporous material of which the fineness is below 100 meshes; and the heavy aggregate is aeolian sand. During construction, the light-weight and energy-saving plastering mortar is diluted by water added in an amount which is 30 to 50 percent based on the weight of the light-weight and energy-saving plastering mortar, and is stirred and mixed mechanically or manually and uniformly until the plastering mortar has the suitable viscosity, and then mechanical spraying or manual construction Is performed. According to the concept of light weight and eco-environmental protection, the light-weight and energy-saving plastering mortar is made light by adopting the inorganic vitrified hollow microporous material, and is matched with the primary elastic modulus of a light-weight wall body to reduce coefficients of heat conductivity and reduce the thermal bridge effect, so the light-weight and energy-saving plastering mortar prevents hollowing, cracking and shedding, insulates heat and reduces noise, and is favorable for mechanized construction. The aeolian sand is used as aggregates, so the plastering mortar has excellent grading distribution and has the prominent three-dimensional texture; and the special compound aid is adopted to improve the peaceability of the mortar to achieve the excellent construction effect.
63. 201649572 一种建筑抹灰用的靠尺
CN
24.11.2010
E04F 21/04 Loading...
E04F 21/04
Loading...
201020101874.3
深圳广田装饰集团股份有限公司
李少强
E04F 21/04
Loading...
一种建筑抹灰用的靠尺(100)，包括靠尺板(11)，其特征在于，在所述靠尺板背面上可拆卸地设有两个间隔的把手(20)，且在靠尺板背面的中部位置可拆卸地设有震动器(30)。该多功能抹灰震动靠尺便于施工人员使用；中间装有震动器，在施工作业中墙面抹灰的水平度、平整度、充实度比用现有的靠尺更好，能一次性震实成型，完成后的墙面平整光滑，不会出现筛点、观感效果好，而且还节省材料、省力、效率高，可以满足机械施工要求。
64. 101857408 Inner wall decoration mortar and construction method thereof
CN
13.10.2010
C04B 28/04 Loading...
C04B 28/04
Loading...
201010192925.2
Grandland Decoration Co., Ltd.
Guo Xiaoyan
C04B 28/04
Loading...
The invention discloses inner wall decoration mortar, which is mixed by the following components in part by weight: 8 to 15 parts of common silicate cement, 3 to 4 parts of slaked lime, 3 to 5 parts of light aggregate, 4 to 6 parts of negative ion aid, 70 to 80 parts of heavyweight aggregate (wind-carried sand) and 1.0 part of composite aid, wherein the light aggregate is an inorganic vitrified hollow cellular material with thickness of lower than 100 meshes. The decoration mortar is environment-friendly, natural, long-acting and stable, has the advantages of prominent three-dimensional texture, good decoration effect, good grain composition, small heat conducting coefficient and reduced heat bridge effect, effectively prevents the inner wall from cracking, hollowing and dropping, and is favorable for mechanized construction; and the decoration mortar can eliminate indoor unclean and harmful substances, purify the air, continuously keep the indoor air fresh and promote human health by continuously generating negative ions. The inner wall decoration mortar is diluted by water in an amount which is 30 to 50 percent of the weight of the mortar and then is mechanically coated or manually constructed.
65. 201598812 一种抹灰收光灰刀
CN
06.10.2010
E04F 21/06 Loading...
E04F 21/06
Loading...
201020056581.8
深圳广田装饰集团股份有限公司
李少强
E04F 21/06
Loading...
一种抹灰收光灰刀(100)，包括平板状的刀板(10)及手柄(20)，在刀板背面(11)上方位于刀柄的一侧设有一块与所述刀板平行、且与刀板之间留有间距(301)的槽板(30)，槽板近手柄的一侧向刀板折弯并连接于刀板背面(11)；刀板与槽板之间留有间距；一个L形转角(40)的任一侧板(41、42)均可伸入刀板和槽板之间，且在所述槽板上间隔设有至少两个紧固位以便紧固伸入刀板和槽板之间的板。使用该灰刀，既可以进行墙面的平整度抹灰又可以同时一次性完成阴角或阳角的抹灰施工，阴角施工时，将L形转角的一侧板朝上，另一侧板伸入刀板与槽板之间，并紧固；进行阳角施工时，换为一侧板朝下即可。使用方便、效果好，提高施工效率。
66. 201588390 一种抹灰冲筋模板
CN
22.09.2010
E04F 21/04 Loading...
E04F 21/04
Loading...
201020056582.2
深圳广田装饰集团股份有限公司
李少强
E04F 21/04
Loading...
一种抹灰冲筋模板(10)，为横截面为L形，组成L型的第一板体(1)和第二板体(2)中，在所述第二板体上间隔设有多个定位孔(3)。进一步的，第一板体(1)上也间隔设有多个定位孔；该冲筋模板还配有与所述定位孔配合以将冲筋模板紧固在墙体上的自攻螺钉(4)。该冲筋模板可用于手工、也可以用于机械化抹灰作业；据墙面水平度，只要调节自攻螺钉拧入墙体的深度，就可满足各种厚度的抹灰要求；设置冲筋模板方便快捷；使用该抹灰冲筋模板，不仅装饰抹灰后的墙面的水平度、垂直度可大大提高，且工艺简单，效率成倍提高，冲筋模板拆卸洗净后可重复使用，既环保又节约成本。特别适于新型的机械化施工，提高施工效率和质量，更好地完成施工任务。
67. 101823863 Mortar for decorating external wall
CN
08.09.2010
C04B 28/10 Loading...
C04B 28/10
Loading...
201010180429.5
Grandland Decoration Co., Ltd.
Guo Xiaoyan
C04B 28/10
Loading...
The invention discloses a natural aeolian sand mortar for decorating an external wall, which is mixed by the following components in parts by weight: 10-20 of ordinary portland cement, 2-3 of slaked lime, 3-5 of lightweight aggregate, 71-84 of heavy aggregate (aeolian sand), 1.0 of complex additive, wherein the lightweight aggregate is an inorganic vitrified hollow micropore material; the heavy aggregate is the aeolian sand; the preferred fineness of the inorganic vitrified hollow micropore material is 80-100 mesh, the weight content of the aeolian sand with 50-70 mesh preferred fineness is more than 90 percent, and the rest aeolian sand has more than 100-mesh fineness. The invention has the advantages that the mortar has prominent stereo texture, endurance and stability, light weight, saved energy and good crack- resistant and anti-drop properties, and exhibits natural and rich European style customs decoration effect; and the mortar also has good smear workability and simple process, and is suitable for mechanization construction. The construction method is as follows: the mortar is diluted by adding water based on 30-50 percent of the mortar by weight, mechanical agitation or hand stirring is carried out to be evenly mixed to reach a proper viscosity for mechanical spray or hand construction.
68. 101786847 Repair mortar and construction method thereof
CN
28.07.2010
C04B 28/04 Loading...
C04B 28/04
Loading...
201010042858.6
Shenzhen Guangtian Decoration Group Co., Ltd.
Guo Xiaoyan
C04B 28/04
Loading...
A light energy-saving repair mortar is prepared by mixing the following components according to the parts by weight: 25-30 parts of ordinary Portland cement higher than or equal to R325, 5-8 parts of construction gypsum, 3-5 parts of slaked lime with the fineness more than 300 meshes, 10-15 parts of light aggregate, 50-55 parts of heavy aggregate and 1 part of F compound additive, wherein the light aggregate is inorganic vitrified hollow microporous material with the fineness lower than 100 meshes; the heavy aggregate is river sand; and the F compound additive is prepared by mixing 0.25 part of lignocellulose, 0.25 part of polypropylene fiber and 0.4 part of redispersible latex powder according to parts by weight. 30-50 % of the repair mortar by weight is diluted with water and uniformly mixed through mechanical or manual stirring to meet the viscosity suitable for mechanical spraying or manual construction, and the mechanical spraying or manual construction can be carried out. The light repair mortar is applicable to be matched with various mortars for use so as to repair cracking and dropping and can fill the repair thickness at once, the process is simple, the manufacturing cost is low, and the repair mortar is applicable to indoor and outdoor repair works of houses, bridges and large public buildings.
69. 101774792 Indoor floor leveling mortar and construction method thereof
CN
14.07.2010
C04B 28/04 Loading...
C04B 28/04
Loading...
201010101497.8
Grandland Decoration Co., Ltd.
Guo Xiaoyan
C04B 28/04
Loading...
The invention relates to a light-weight indoor floor leveling mortar, which comprises the following components in proportion by weight: 30-35 ordinary portland cement, 4-5 hydrated lime, 5-8 light aggregate, 55-60 heavy aggregate (ordinary river sand) and 1.0 compound additive, wherein the light aggregate is an inorganic vitrified hollow cellular material of which the fineness is lower than 100 meshes; and the compound additive can be prepared by mixing 0.1 part by weight of dispersible latex powder, 0.3 part by weight of cellulose ether, 0.5 part by weight of water reducing agent and 0.1 part by weight of coagulant agent. The construction method comprises the following steps: watering the mortar with water which is 30-50% of the mortar in weight, mechanically or manually mixing until the mortar and water are evenly mixed and achieve the viscosity, and carrying out mechanical spray coating or manual construction. The mortar of the invention has light weight, self-leveling performance, good smoothness, easy toweling, rapid construction, simple and practical process, low cost of unit area and popularization value, is favorable to mechanized construction, lightens the load quantity of a building body, improves the safety earthquake-resistant performance of the construction, achieves leveling thickness rapidly once, and is very suitable for leveling the floor of the bottom surface of a light weight floor material, such as a wood floor and the like.
70. 101774795 Padding mortar used indoor and outdoor and construction method thereof
CN
14.07.2010
C04B 28/14 Loading...
C04B 28/14
Loading...
201010101496.3
Grandland Decoration Co., Ltd.
Guo Xiaoyan
C04B 28/14
Loading...
A light super-fluidity padding mortar used indoor and outdoor is formed by mixing 28 to 32 parts by weightof R325 type or better ordinary Portland cement, 5 to 10 parts by weightof CA-50 type aluminate cement, 4 to 5 parts by weightof gypsum having a fineness more than 75 meshes, 8 to 12 parts by weightof light aggregate, 40 to 50 parts by weightof heavy aggregate (river sand), and 1.0 part by weight of compound auxiliary agent, wherein the light aggregate is an inorganic vitrified hollow pore material which has a fineness less than 100 meshes, and the compound auxiliary agent is formed by mixing 0.5 part by weightof air entraining agent, 0.3 part by weightof cellulose ether, 0.1 part by weightof re-scattering latex powder and 0.1 part by weightof water reducer. The padding mortar is diluted by adding 30 to 50 percent by weight of water and then the mixture is mixed uniformly by mechanically or manually stirring so as to reach a viscosity fit for mechanically coating or manually constructing in order to coat mechanically or construct manually. The mortar uses the specific light aggregate so the mortar has the advantages of light weight, good fluidity, excellent pasting property, difficulty to form empty drum, low heat conducting factor, energy saving, low manufacturing cost for unit area, wide indoor and outdoor application and great popularizing value.
71. 101712545 Interior wall plastering mortar and construction method thereof
CN
26.05.2010
C04B 28/10 Loading...
C04B 28/10
Loading...
200910110401.1
Shenzhen City Grandland Decoration Group Co., Ltd.
Li Shaoqiang
C04B 28/10
Loading...
The invention provides interior wall plastering mortar, which is prepared by mixing the following components in part by weight: 30 to 35 parts of ordinary Portland cement, 4 to 5 parts of hydrated lime, 5 to 10 parts of light aggregate, 50 to 60 parts of heavy aggregate, and 1.0 part of C-type composite auxiliary, wherein the light aggregate is an inorganic vitrified hollow cellular material of which the fineness is lower than 100 meshes; the heavy aggregate is ordinary river sand; and the C-type composite auxiliary is sold by Guangzhou Hecheng Trading Company. The construction method for the interior wall plastering mortar comprises the following steps: diluting the light energy-saving interior wall plastering mortar with water accounting for 30 to 50 percent of the weight of the mortar; and mechanically or manually stirring the diluted mortar until the mortar is mixed uniformly to achieve the viscosity suitable for mechanical spraying or manual construction. Therefore, the mortar can be sprayed mechanically or constructed manually. The interior wall plastering mortar has light weight and energy conservation, can prevent hollowness, cracking and falling off by being matched with a light wall body, can effectively reduce cracking of the mortar, ensures the quality of construction work, has the advantages of heat insulation and noise reduction, low cost of unit area, good grain composition, good peaceability, mechanical construction contribution and simple process.
72. 101698587 External wall plastering mortar and construction method thereof
CN
28.04.2010
C04B 28/04 Loading...
C04B 28/04
Loading...
200910110402.6
Shenzhou Grandland Decoration Co.,Ltd.
Li Shaoqiang
C04B 28/04
Loading...
The invention relates to an external wall plastering mortar which is mixed by the following components in portions by weight: 35-40 portions of Portland cement, 4-5 portions of white lime, 3-5 portions of light aggregate, 50-55 portions of heavy aggregate (common river sand) and 1.0 portion of C-type compound assistant, wherein the light aggregate is an inorganic vitrified hollow micropore material of which the fineness is lower than 100 meshes; the C-type compound assistant is sold by Guangzhou Hecheng Trading Company. The construction method comprises the following steps: adding water to dilute the external wall plastering mortar, wherein the water accounts for 30-50% of the external wall plastering mortar by weight; mechanically or manually stirring until the external wall plastering mortar is evenly mixed and reaches the viscosity which is suitable for mechanical spray finishing or manual construction; and carrying out mechanical spray finishing or manual construction. The external wall plastering mortar has the advantages of light weight, energy saving and high bonding strength. When being used with light-weight walls, the external wall plastering mortar can prevent bulging, cracking and peeling, effectively reduce mortar cracking and ensure the quality of constructional engineering. The external wall plastering mortar is suitable for all anti-cracking decoration engineering of internal and external surfaces of external walls, can insulate heat and reduce noise, is beneficial to mechanized constructions, and has the advantages of low unit-area building cost and simple technology.
73. 101696103 Masonry mortar for light building wall and construction method thereof
CN
21.04.2010
C04B 28/10 Loading...
C04B 28/10
Loading...
200910110403.0
Shenzhen Guangtian Decoration Group Co., Ltd.
Li Shaoqiang
C04B 28/10
Loading...
A masonry mortar is prepared by mixing the following components in part by weight: 25-30 parts of ordinary silicate, 25-30 parts of cement, 4-5 parts of white lime, 5-8 parts of light aggregate, 56-65 parts of heavy aggregate (ordinary bank sand) and 1.0 part of C-type composite accessory ingredient, wherein the fineness of the light aggregate is less than that of 100-mesh inorganic vitrified hollow microporous material; and the C-type composite accessory ingredient is sold by Guangzhou Composite Commercial Company. The construction method comprises the following steps that: the masonry mortar is diluted by adding water in an amount which is 30-50 percent of the weight of the masonry mortar; and the mixture is stirred mechanically or manually until the mixture is mixed well and reaches the viscosity which is suitable for mechanical spray-finishing process and manually construction. The invention has the following advantages that: the masonry mortar is light and energy-saving; the masonry mortar, used with the light wall, can prevent cracking and falling off and can guarantee the quality of the building construction; the masonry mortar is heat insulated and reduces noise; the cost for unit area is low; and the masonry mortar is suitable for mechanical construction and the process is simple.
74. 101693612 Plaster leveling mortar for indoor ceiling and construction method thereof
CN
14.04.2010
C04B 28/04 Loading...
C04B 28/04
Loading...
200910110769.8
Shenzhen Guangtian Decoration Group Co., Ltd.
Li Shaoqiang
C04B 28/04
Loading...
The invention relates to plaster leveling mortar for indoor ceiling, which is prepared by mixing the following components in percentages by weight: 28-32 ordinary portland cement, 3-5 hydrated lime, 5-15 light aggregate, 55-60 heavy aggregate and 1.0 A-type compound auxiliary agent; wherein the light aggregate is an inorganic vitrified hollow microporous material with the fineness of 60-100 meshes; the heavy aggregate is a mixture of sand and heavy calcium powder with the weight ratio of 4: 1-2, wherein the fineness of the sand is below 50 meshes, and the fineness of the heavy calcium powder is above 325 meshes; and the A-type compound auxiliary agent is produced by the Guangzhou Hecheng trading corporation. A construction method of the plaster leveling mortar comprises the following steps: diluting the plaster leveling mortar with water according to the weight ratio of 100: 30-50, evenly stirring and achieving the viscosity that is suitable for mechanical spraying or manual construction, and carrying out the mechanical spraying or the manual operation. The mortar has light weight, solves the problems of gaul, cracking, shedding, and the like of the prior mortar due to large specific weight, and is safer, good in construction effect, pumping property, spraying property and peaceability and suitable for mechanical construction; and in addition, the mortar is insulated in temperature and sound and low in cost.
75. 101693794 Light and environment-friendly leveling putty for indoor decoration and construction method thereof
CN
14.04.2010
C09D 5/34 Loading...
C09D 5/34
Loading...
200910110768.3
Shenzhen Guangtian Decoration Group Co., Ltd.
Li Shaoqiang
C09D 5/34
Loading...
The invention relates to light and environment-friendly leveling putty for indoor decoration, which is prepared by evenly mixing the following components in proportions by weight: 23-25 cement, 3-5 hydrated lime, 10-15 natural kieselguhr, 55-65 heavy calcium power and 1 compound auxiliary agent; wherein the compound auxiliary agent is a B-type compound auxiliary agent sold by the Guangzhou Hecheng trading corporation. While in construction, the light and environment-friendly leveling putty is diluted by adding 30-50 percent of water in percentages by weight and stirred mechanically or manually till be even so as to achieve the general experience viscosity which is suitable for mechanical spraying or manual construction, and the mechanical spraying construction can be carried out. In the components of the putty, the kieselguhr is adopted, which can adsorb and effectively remove harmful substances in air, prevent air pollution, satisfy government standards and improve indoor environment protection level. The putty also has the humidifying function, and can simultaneously preserve temperature, insulate heat and sound, reduce the noise, ensure the lightening and improve the construction efficiency and the construction effect. The putty saves the energy sources, enhances the crack resistance, has good compatibility with a basal layer, simple and practical process, low cost in square meters and large popularization value and is suitable for surface leveling and polishing projects of all indoor decorations.
76. 101412608 Composite foam mortar, and preparation and construction method thereof
CN
22.04.2009
C04B 28/04 Loading...
C04B 28/04
Loading...
200810217217.2
Shenzhen Grandland Paint Co., Ltd.
Li Shaoqiang
C04B 28/04
Loading...
The invention relates to a composite foam mortar, which is prepared from the components by the following weight percentage through mechanically and evenly stirring: 20 to 30 percent of ordinary Portland cement, 5 to 8 percent of white lime, 8 to 10 percent of fly ash, 15 to 20 percent of light aggregate, 30 to 40 percent of heavy aggregate, 1.6 to 2.0 percent of foam initiator, and 3.0 to 5.0 percent of strength-keeping rubber powder, wherein the light aggregate is an inorganic vitrification hollow microsphere material; the heavy aggregate is a mixture of sand and coarse whiting powder; and the foam initiator is a mixture of an anionic surfactant and a foam stabilizer. The 30 to 50 weight percent of composite foam mortar is diluted by water, is constructed on a wall surface by a mortar mixer with instant mixed spray coating, and is scraped evenly by a running rule or a putty knife. The composite foam mortar can be constructed by adopting a mechanical guniting technology, thus the construction efficiency and the construction quality are improved, the material dosage on a unit area is reduced, and the cost is reduced. The composite foam mortar also has the advantages of water resistance and heat insulation, improved crack resistance, good compatibility with base layer brickworks, and simple and practical process; besides, the composite foam mortar is applicable to waterproof and heat insulation decoration engineering on the inner and outer surfaces of the outer walls of all buildings, in particular to the moist environments with high requirements on water resistance and heat insulation in south China.

