1. 103990891 逆变弧焊电源的电流控制电路及逆变弧焊电源
CN
19.04.2017
B23K 9/10 Loading...
B23K 9/10
Loading...
102014000158179
深圳市瑞凌实业股份有限公司
邱光
B23K 9/10
Loading...
本发明公开了一种逆变弧焊电源的电流控制电路及逆变弧焊电源，电流控制电路包括电压采集电路、电流给定控制电路、热引弧电路、推力电流电路及驱动电路；电压采集电路用于采集逆变弧焊电源的输出电压；当输出电压小于第一预设电压或大于第二预设电压时，电流给定控制电路输出一给定电流；当输出电压大于第二预设电压时，热引弧电路输出一热引弧电流；当输出电压大于第一预设电压且小于第三预设电压时，推力电流电路输出一推力电流；驱动电路根据电流给定控制电路、热引弧电路及推力电流电路输出的电流，驱动逆变弧焊电源中各IGBT管的导通与关断。本发明应用于逆变弧焊电源，在焊接纤维素焊条时，具有起弧容易、不易断弧及焊缝成型好等优点。
2. 206065623 电位器自动切换电路及电焊机
CN
05.04.2017
B23K 9/095 Loading...
B23K 9/095
Loading...
202016001037704
深圳市瑞凌实业股份有限公司
杨少军
B23K 9/095
Loading...
本实用新型公开了一种电位器自动切换电路及电焊机，其中该电位器自动切换电路包括开关电路、比较电路、面板电位器、及远程电位器；远程电位器接入或断开焊机控制电源时输出对应的触发信号；比较电路将触发信号与参考电压信号进行比较输出电平信号，以驱动开关电路接通或切断输入至面板电位器的焊机控制电源。本实用新型技术方案使得操作更加方便、减小占用空间、延长使用寿命。
3. 106533793 基于CAN协议的通信方法及系统
CN
22.03.2017
H04L 12/24 Loading...
H04L 12/24
Loading...
102016001144019
深圳市瑞凌实业股份有限公司
汪清华
H04L 12/24
Loading...
本发明公开了基于CAN协议的通信方法，所述CAN协议中的数据至少包括状态类数据，所述通信方法包括以下步骤：第一芯片通过CAN协议向第二芯片持续传输通信数据；若所述第二芯片在第一预设时间内至少接收到一次所述第一芯片传输的通信数据，则所述第二芯片根据接收到的通信数据中第一芯片当前的状态类数据确定所述第一芯片的状态；若所述第二芯片在第一预设时间内未接收到所述通信数据，则所述第二芯片确定所述第一芯片和第二芯片之间传输异常，并进入报警状态。本发明还公开了一种基于CAN协议的通信系统。本发明基于CAN协议实现系统的信息交互，简化了线路的连接，提高了系统的稳定性和安全性。
4. 106513924 双丝电弧焊接方法及装置
CN
22.03.2017
B23K 9/00 Loading...
B23K 9/00
Loading...
102016001005197
深圳市瑞凌实业股份有限公司
邱光
B23K 9/00
Loading...
本发明公开一种双丝电弧焊接方法及装置，其中双丝电弧焊接装置包括送丝机构、第一焊丝导电嘴、第二焊丝导电嘴、直流电源、第一开关及第二开关；送丝机构将第一焊丝和第二焊丝分别送至第一焊丝导电嘴和第二焊丝导电嘴；第一开关和第二开关，接收控制信号，依次轮流导通，以控制直流电源依次轮流给第一焊丝导电嘴和第二焊丝导电嘴供电。本发明技术方案简化双丝电弧焊接装置的构造，降低成本。
5. 205986015 用电设备接线盒和用电设备
CN
22.02.2017
H02G 3/08 Loading...
H02G 3/08
Loading...
202016000912921
深圳市瑞凌实业股份有限公司
沃雪清
H02G 3/08
Loading...
本实用新型公开一种用电设备接线盒和用电设备，其中，所述用电设备接线盒安装于所述用电设备中，所述用电设备接线盒包括具有开口的盒体、盖合所述开口的盒盖、以及连接该盒体和该盒盖的连接件，所述连接件的一端连接于所述盒体外，另一端连接于所述盒盖。本实用新型技术方案通过设置连接件，当需要拆卸下盒盖连接线缆时，使得盒盖依然与盒体的外部连接，如此可避免盒盖遗失，也避免了遗失后所带来的危害。
6. 106447854 数字焊机的功能控制方法及装置
CN
22.02.2017
G07C 9/00 Loading...
G07C 9/00
Loading...
201610830003.7
深圳市瑞凌实业股份有限公司
蒋明
G07C 9/00
Loading...
本发明公开了一种数字焊机的功能控制方法，所述数字焊机的功能控制方法包括以下步骤：在用户触发所述数字焊机的功能申请指令时，接收用户输入的解锁码；通过所述数字焊机中的加密芯片对所述解锁码进行验证；若所述解锁码的验证通过，则解锁与所述解锁码对应的功能。本发明还公开了一种数字焊机的功能控制装置。本发明能够方便简单的实现数字焊机功能的开放。
7. 106312393 焊接控制装置
CN
11.01.2017
B23K 37/02 Loading...
B23K 37/02
Loading...
201610811900.3
深圳市瑞凌实业股份有限公司
张利华
B23K 37/02
Loading...
本发明公开一种焊接控制装置，包括移动载体、转盘、摆臂、限位组件、以及焊枪组件，所述转盘转动连接于所述移动载体，所述摆臂一端铰接所述转盘，另一端连接所述焊枪组件，所述限位组件支撑在所述移动载体和所述摆臂之间，且所述限位组件一端转动连接所述移动载体，另一端滑动连接所述摆臂，当焊接控制装置停止于工件端部且对工件的端部进行焊接时，所述转盘转动带动所述摆臂以所述限位组件为支点进行摆动，同时所述摆臂与所述限位组件产生相对滑动而进行伸缩运动，所述焊枪组件与所述摆臂联动而滑出直线焊接路径。本发明的焊接控制装置可在停止于工件端部无法移动的情况下实现工件的端部焊接。
8. 106031964 一种喷嘴
CN
19.10.2016
B23K 37/00 Loading...
B23K 37/00
Loading...
201510107895.3
深圳市瑞凌实业股份有限公司
邱光
B23K 37/00
Loading...
本发明实施例的目的在于提供一种喷嘴，在所述喷嘴的内壁和/或外壁表面喷涂有一层材料。根据本发明的喷嘴可以有效延长喷嘴的使用寿命。有涂层材料的喷嘴高温下对飞溅吸附力极大降低，极容易清理飞溅；有涂层的喷嘴高温下清理飞溅不“粘”走母材；有涂层的喷嘴保护母材高温下高硬度且母材不变形；有绝缘涂层的喷嘴减少喷嘴碰到工件而打火短路的风险；有涂层的喷嘴降低清理飞溅频率；施加涂层后比紫铜辐射散热还好，延长使用寿命；有涂层的喷嘴耐外力冲击性能好过陶瓷，涂层不会成片剥落；冲击后变形小；有涂层的喷嘴耐热冲击性很好：从800摄氏度高温急速冷却到0度，材料也不脱落。
9. 106031959 一种导电嘴和焊枪
CN
19.10.2016
B23K 9/26 Loading...
B23K 9/26
Loading...
201510107771.5
深圳市瑞凌实业股份有限公司
邱光
B23K 9/26
Loading...
本发明实施例提供一种导电嘴，在导电嘴的两端分别设有前端和尾端，所述前端的内壁和/或外壁表面喷涂有一层高硬度材料。本发明实施例还提供一种焊枪，包括了前述实施例提供的导电嘴。采用本申请的方案可以有效延长导电嘴的使用寿命。
10. 102773585 一种降低氩弧焊高频高压的电路及其方法
CN
17.08.2016
B23K 9/06 Loading...
B23K 9/06
Loading...
102012000283411
深圳市瑞凌实业股份有限公司
邱光
B23K 9/06
Loading...
本发明涉及一种降低氩弧焊高频高压的电路，包括与电网EMC电路连接的整流电路；以及依次连接的逆变电路、变压电路、增压电路、LC振荡电路、高频高压输出电路，以及与逆变电路连接的驱动电路，与驱动电路连接的开关电路，与开关电路以及驱动电路连接的辅助电源电路增压电路，变压电路为高频变压器，其原边与逆变电路连接，副边与增压电路相连；还包括主触点一端与高频变压器副边连接，另一端与增压电路连接的继电器JD；与继电器JD主线圈连接的主控制电路；与高频高压输出电路连接的电压检测模块；与开关电路、主控制电路连接的控制系统。本发明防止了高频电流带来的干扰，以及对需要高频起弧的焊接电源造成损坏，保证了机器的使用安全。
11. 205363036 支架和多层焊机支撑架
CN
06.07.2016
B23K 37/00 Loading...
B23K 37/00
Loading...
201520996480.1
深圳市瑞凌实业股份有限公司
邱光
B23K 37/00
Loading...
本实用新型公开一种支架及多层焊机支撑架，其中，支架包括把手、第一吊环、支架主体及固定件；所述把手与所述支架主体的一侧滑动连接，在所述把手滑动至所述支架主体的预设位置时，所述把手通过所述固定件与所述支架主体固定连接，其中，所述固定件与所述支架主体可拆卸连接；所述第一吊环固定安装在所述支架主体的顶端。本实用新型技术方案，把手可以在支架主体的一侧上下滑动，然后在滑动至预设位置时，可以通过固定件与所述支架主体固定连接，固定件与所述支架主体可拆卸固定连接使得在需要滑动把手时，通过拆卸固定件使把手再次在支架主体的一侧上下滑动，实现把手的可调安装，即把手在支架主体上的安装位置可调，提高了支架的使用便捷性。
12. 205254305 数字逆变焊机
CN
25.05.2016
B23K 9/00 Loading...
B23K 9/00
Loading...
201521007103.7
深圳市瑞凌实业股份有限公司
邱光
B23K 9/00
Loading...
本实用新型公开了一种数字逆变焊机，包括依次连接的主芯片电路、控制电路、逆变回路电路及实际脉宽检测电路。本实用新型结构简单，易于实现，在回路异常时，不仅可迅速确定故障所在回路，而且绝对不会损坏IGBT。
13. 205254379 自动焊接装置
CN
25.05.2016
B23K 37/00 Loading...
B23K 37/00
Loading...
201521097376.5
深圳市瑞凌实业股份有限公司
耿正
B23K 37/00
Loading...
本实用新型公开了一种自动焊接装置，用于长直焊缝的焊接，其中自动焊接装置包括焊接小车，所述焊接小车行走于焊缝的一侧，其特征在于，所述自动焊接装置还包括激光束发射装置和矫正装置，所述激光束发射装置和矫正装置分别设置于所述焊缝的同一侧两端，所述矫正装置对所述激光束发射装置发射的激光束进行相对于焊缝的平行矫正，所述焊接小车装设有激光位置传感器及位置调整机构，所述激光位置传感器感应所述激光束并控制所述位置调整机构调整所述焊接小车的焊接路径。本实用新型的自动焊接装置在长直焊缝的焊接中无需另设所述焊接小车的行走机械轨道，延长了焊接距离，降低焊接的成本。
14. 205232017 IGBT驱动电路
CN
11.05.2016
H02M 1/08 Loading...
H02M 1/08
Loading...
201521031357.2
深圳市瑞凌实业股份有限公司
邱光
H02M 1/08
Loading...
本实用新型公开了一种IGBT驱动电路，该IGBT驱动电路包括驱动信号产生电路、升压电路、储能电路、放电电路及负压生成电路，其中，驱动信号产生电路用于产生正负交替的IGBT驱动信号；升压电路用于将正负交替的IGBT驱动信号进行升压后输出；储能电路用于在升压电路输出正向电压时进行储能，以驱动IGBT导通；在升压电路输出负向电压时通过放电电路进行放电，以关断IGBT；负压生成电路用于在升压电路输出正向电压时进行储能，并生成负电压，并在升压电路输出反向电压时，将负电压提供给放电电路。本实用新型能够提高IGBT的关断速度，降低IGBT的开关损耗。
15. 205166247 力矩平衡器和移动式焊接装置
CN
20.04.2016
B23K 37/02 Loading...
B23K 37/02
Loading...
201520983376.9
深圳市瑞凌实业股份有限公司
张利华
B23K 37/02
Loading...
本实用新型公开一种力矩平衡器和移动式焊接装置，其中，该力矩平衡器用于焊接装置、以平衡焊枪的力矩，其包括安装至焊接装置中基座的立柱、转动安装至所述立柱、偏心轮、连接线以及与相对立柱固定的弹性机构，连接线的一端与弹性机构连接、另一端与偏心轮连接，偏心轮的周面上设有供连接线连接的固定部、以及自固定部沿着偏心轮的周向延伸的导线槽，连接线一端固定于固定部，且另一端沿着导线槽伸出与弹性机构连接，偏心轮设有与焊枪连接的连接部；焊枪升降带动偏心轮相对立柱转动，偏心轮转动带动弹性机构伸缩、以调节弹性机构的力臂和拉力。本实用新型能够平衡焊枪处于不同高度、不同角度时的拉力，从而减少工人的劳动强度，便于工人灵活操作。
16. 105479054 自动焊接装置及焊接方法
CN
13.04.2016
B23K 37/00 Loading...
B23K 37/00
Loading...
201510990480.5
深圳市瑞凌实业股份有限公司
耿正
B23K 37/00
Loading...
本发明公开了一种自动焊接装置及焊接方法，用于长直焊缝的焊接，其中自动焊接装置，包括焊接小车，所述焊接小车行走于焊缝的一侧，其特征在于，所述自动焊接装置还包括激光束发射装置和矫正装置，所述激光束发射装置和矫正装置分别设置于所述焊缝的同一侧两端，所述矫正装置对所述激光束发射装置发射的激光束进行相对于焊缝的平行矫正，所述焊接小车装设有激光位置传感器及位置调整机构，所述激光位置传感器感应所述激光束并控制所述位置调整机构调整所述焊接小车的焊接路径。本发明的激光自动焊接装置在长直焊缝的焊接中无需另设所述焊接小车的行走机械轨道，延长了焊接距离，降低焊接的成本。
17. 105479047 便携式电焊机
CN
13.04.2016
B23K 37/00 Loading...
B23K 37/00
Loading...
201510854576.9
深圳市瑞凌实业股份有限公司
王巍
B23K 37/00
Loading...
本发明公开了一种便携式电焊机，所述便携式电焊机包括焊机主体和背带结构，所述背带结构包括背带以及设置于焊机主体上用于安装所述背带的固定部；所述焊机主体上设置有卡扣部，所述背带卡合固定于所述固定部以及所述卡扣部之间，且处于拉伸状态，所述固定部以及所述卡扣部之间的背带形成手提结构。本发明解决了便携式电焊机使用手提结构时无法收纳背带的技术问题。
18. 105458460 数字逆变焊机及其开机自检方法
CN
06.04.2016
B23K 9/10 Loading...
B23K 9/10
Loading...
201510893832.5
深圳市瑞凌实业股份有限公司
邱光
B23K 9/10
Loading...
本发明公开了一种数字逆变焊机，包括依次连接的主芯片电路、控制电路、逆变回路电路及实际脉宽检测电路；本发明还公开了一种数字逆变焊机的开机自检方法。本发明在上电后自动输出脉冲群进行自检，在回路异常时，不仅可迅速确定故障所在回路，而且绝对不会损坏IGBT。
19. 105471362 电机转速控制电路、电机转速控制方法及电机
CN
06.04.2016
H02P 29/00 Loading...
H02P 29/00
Loading...
201510895308.1
深圳市瑞凌实业股份有限公司
刘南
H02P 29/00
Loading...
本发明公开了一种电机转速控制电路、电机转速控制方法及电机，该电机转速控制电路包括控制电路、驱动电路及检测电路，控制电路的控制端与驱动电路的输入端连接，驱动电路的输出端与电机的第一端连接，电机的第二端与检测电路的输入端连接，检测电路的输出端与控制电路的检测端连接；其中，检测电路，用于对电机的电流进行采样并转换成对应的电流频率脉冲信号；控制电路，用于根据检测电路输入的电流频率脉冲信号输出对应PWM控制信号至驱动电路；驱动电路，用于根据PWM控制信号控制电机的转速。本发明技术方案提高了电机转速的稳定性。
20. 105429418 电机和磁反馈式电机转速恒速系统
CN
23.03.2016
H02K 29/08 Loading...
H02K 29/08
Loading...
201510849815.1
深圳市瑞凌实业股份有限公司
王巍
H02K 29/08
Loading...
本发明公开一种电机和磁反馈式电机转速恒速系统，其中，电机包括一端设有散热腔的电机壳、一端伸入散热腔中的转轴、套设于转轴一端的散热风扇、固设于散热风扇以跟随散热风扇转动的至少一磁铁以及固设于散热腔的腔壁并对应磁铁设置的霍尔传感器，该霍尔传感器用于检测磁铁的磁极信号，以产生并输出与电机的当前转速相对应的转速电信号。本发明的技术方案能在精确检测该电机的转速的同时，降低该电机的成本、及提高该电机的抗振动能力，并能保证该电机能以预设的电机转速恒速转动。
21. 105414824 力矩平衡器和移动式焊接装置
CN
23.03.2016
B23K 37/02 Loading...
B23K 37/02
Loading...
201510868961.9
深圳市瑞凌实业股份有限公司
张利华
B23K 37/02
Loading...
本发明公开一种力矩平衡器和移动式焊接装置，其中，该力矩平衡器用于焊接装置、以平衡焊枪的力矩，其包括安装至焊接装置中基座的立柱、转动安装至所述立柱、偏心轮、连接线以及与相对立柱固定的弹性机构，连接线的一端与弹性机构连接、另一端与偏心轮连接，偏心轮的周面上设有供连接线连接的固定部、以及自固定部沿着偏心轮的周向延伸的导线槽，连接线一端固定于固定部，且另一端沿着导线槽伸出与弹性机构连接，偏心轮设有与焊枪连接的连接部；焊枪升降带动偏心轮相对立柱转动，偏心轮转动带动弹性机构伸缩、以调节弹性机构的力臂和拉力。本发明能够平衡焊枪处于不同高度、不同角度时的拉力，从而减少工人的劳动强度，便于工人灵活操作。
22. 105406692 IGBT驱动电路
CN
16.03.2016
H02M 1/08 Loading...
H02M 1/08
Loading...
201510919950.9
深圳市瑞凌实业股份有限公司
邱光
H02M 1/08
Loading...
本发明公开了一种IGBT驱动电路，该IGBT驱动电路包括驱动信号产生电路、升压电路、储能电路、放电电路及负压生成电路，其中，驱动信号产生电路用于产生正负交替的IGBT驱动信号；升压电路用于将正负交替的IGBT驱动信号进行升压后输出；储能电路用于在升压电路输出正向电压时进行储能，以驱动IGBT导通；在升压电路输出负向电压时通过放电电路进行放电，以关断IGBT；负压生成电路用于在升压电路输出正向电压时进行储能，并生成负电压，并在升压电路输出反向电压时，将负电压提供给放电电路。本发明能够提高IGBT的关断速度，降低IGBT的开关损耗。
23. WO/2014/198069 CONTROL METHOD FOR FULLY DIGITAL GAS SHIELDED WELDING MACHINE AND DEVICE THEREOF
WO
18.12.2014
B23K 9/095 Loading...
B23K 9/095
Loading...
PCT/CN2013/077278
SHENZHEN RILAND INDUSTRY CO. LTD
QIU, Guang
B23K 9/095
Loading...
Disclosed are a control method for a fully digital gas shielded welding machine and a device thereof. The method comprises: providing a given signal, an output voltage signal of a welding machine, and a primary current signal to a control module, and after a digital processing, the control module obtaining a PWM driving signal for driving an inverter circuit of the welding machine to operate. The control module is adopted to collect and process the given signal, the current signal and the voltage signal, and then outputs the PWM driving signal with a certain duty ratio, thereby simplifying a hardware circuit for PWM control, that is, reducing the costs.
24. 203933428 逆变焊机的电源电路及逆变焊机
CN
05.11.2014
H02M 7/06 Loading...
H02M 7/06
Loading...
201420353691.9
深圳市瑞凌实业股份有限公司
邱光
H02M 7/06
Loading...
本实用新型公开了一种逆变焊机的电源电路及具有该电源电路的逆变焊机。该电源电路包括整流模块和第一滤波模块。整流模块包括三个输入端口、正输出端和负输出端。整流模块的正输出端与第一滤波模块的第一端连接，整流模块的负输出端与第一滤波模块的第二端连接。当逆变焊机的供电电源为三相电源时，第一输入端口、第二输入端口和第三输入端口分别与三相电源的三条火线连接。当逆变焊机的供电电源为两相电源时，整流模块的第一输入端口或第三输入端口与两相电源的一条火线连接，第二输入端口与两相电源的另一条火线连接。本实用新型兼容多种电源，给用户的使用带来方便。
25. 203918184 焊接设备
CN
05.11.2014
B23K 9/12 Loading...
B23K 9/12
Loading...
201420353781.8
深圳市瑞凌实业股份有限公司
邱光
B23K 9/12
Loading...
本实用新型公开一种焊接设备，该焊接设备包括焊枪、三维动态摆动器，以及用于夹持焊枪并连接三维动态摆动器的夹持件；三维动态摆动器包括固定座、用于改变焊枪的角度的摆动机构、带动摆动机构摆动的传动机构，以及驱动传动机构转动的驱动机构；摆动机构、传动机构和驱动机构均装设在固定座内，摆动机构经过固定座与夹持件连接，固定座与焊枪连接。本实用新型焊接设备的焊枪在XZ平面往复移动时，在焊枪的前后运动过程中保证焊枪的杆伸长度不变的情况下，焊枪的角度不断在变化，使得焊枪与水冷滑块不会相撞短路，避免了焊枪由于与水冷滑块相撞短路而损坏，同时提高焊件正面与背面的成型效果，保证被焊的焊件正面与背面的焊接品质。
26. 203934257 散热器
CN
05.11.2014
H05K 7/20 Loading...
H05K 7/20
Loading...
201420356587.5
深圳市瑞凌实业股份有限公司
邱光
H05K 7/20
Loading...
本实用新型公开一种散热器，包括基座及多个叶片，所述基座具有相对的第一表面与第二表面，所述多个叶片呈间隔设置于所述基座的第一表面上，所述叶片具有与所述基座相连接的根部及与所述根部相对的顶部，所述叶片的横截面呈三角形且所述叶片的根部的厚度大于所述叶片的顶部的厚度，所述基座的第二表面上形成有与热源配合安装的吸热部，所述吸热部与至少三个所述叶片相正对。本实用新型能够实现降低局部的传热热阻及提高散热效率的效果。
27. 203918182 实现双丝三电弧焊接的电源装置
CN
05.11.2014
B23K 9/10 Loading...
B23K 9/10
Loading...
201420356537.7
深圳市瑞凌实业股份有限公司
邱光
B23K 9/10
Loading...
本实用新型公开一种实现双丝三电弧焊接的电源装置，该电源装置包括第一直流电源、第二直流电源、用于根据第一直流电源和第二直流电源输出的电流调节焊丝电流与焊接电流的全桥逆变器，以及用于输入控制信号以控制全桥逆变器的桥臂开关状态的第一控制信号输入端和第二控制信号输入端；其中，全桥逆变器包括第一桥臂、第二桥臂、第三桥臂和第四桥臂。本实用新型通过第一直流电源、第二直流电源和全桥逆变器解决提高焊丝熔敷率与降低焊接热输入的矛盾，简化了焊接设备的结构，降低了焊接设备的成本。
28. 104096947 Carbon dioxide gas shielded welding machine and method of controlling arc strike by adopting digital pulse
CN
15.10.2014
G05B 1/02 Loading...
G05B 1/02
Loading...
201410301750.2
深圳市瑞凌实业股份有限公司
邱光
G05B 1/02
Loading...
The invention discloses a method of controlling the arc strike of a carbon dioxide gas shielded welding machine by adopting digital pulse. The method comprises the steps of feeding gas for a welding gun; feeding a welding wire in a slow wire feeding mode; when the output voltage is detected to be 0 volt, outputting a 250-500 ampere short-circuit current pulse signal to the welding wire for arc strike; when the output voltage is detected to be smaller than 8 volts, switching from the slow wire feeding mode of the welding wire into a quick wire feeding mode, outputting a 250-500 ampere short-circuit current pulse signal to the welding wire to build a molten pool, and controlling an arc to be subjected to transition from arc strike to a stable arc. According to the method, the transient impact stress which is borne by a hardware power device is reduced, and the service life is prolonged; the arc strike time is shortened, the arc strike process is stable, the reliability is strong, and the arc strike success rate is high; the molten pool is built in the arc strike process, and thus a basic is established for normal, stable and reliable welding in the future. The invention further discloses a carbon dioxide gas shielded welding machine.
29. 104096950 Welding equipment
CN
15.10.2014
B23K 9/12 Loading...
B23K 9/12
Loading...
201410301963.5
深圳市瑞凌实业股份有限公司
邱光
B23K 9/12
Loading...
The invention discloses welding equipment. The welding equipment comprises a welding gun, a three dimensional dynamic wiggler device and a clamping part used for clamping the welding gun and is connected with the three dimensional dynamic wiggler; the three dimensional dynamic wiggler comprises a fixing seat, a swing mechanism for changing the angle of the welding gun, a transmission mechanism for driving the swing mechanism to swing and a driving mechanism for driving the transmission mechanism to rotate; the swing mechanism, the transmission mechanism and the driving mechanism are all arranged in the fixing seat; the swing mechanism is connected with the clamping part by the fixing seat; the fixing seat is welded with the welding gun. When the welding gun of the welding equipment reciprocates in the XZ plane, the angle of the welding gun is continuously changed under the condition that the rod extension length of the welding gun is unchanged in the front and back moving process of the welding gun, so the welding gun and a water cooling slider are not collided and are not short-circuited and the damage of the welding gun due to the fact that the welding gun collides with the water cooling slider and is short-circuited is avoided; meanwhile, the molding effects of the front surface and back surface of a weldment is ensured and the welding quality of the front surface and back surface of the weldment is ensured.
30. 104057182 实现双丝三电弧焊接的电源装置
CN
24.09.2014
B23K 9/10 Loading...
B23K 9/10
Loading...
201410305559.5
深圳市瑞凌实业股份有限公司
邱光
B23K 9/10
Loading...
本发明公开一种实现双丝三电弧焊接的电源装置，该电源装置包括第一直流电源、第二直流电源、用于根据第一直流电源和第二直流电源输出的电流调节焊丝电流与焊接电流的全桥逆变器，以及用于输入控制信号以控制全桥逆变器的桥臂开关状态的第一控制信号输入端和第二控制信号输入端；其中，全桥逆变器包括第一桥臂、第二桥臂、第三桥臂和第四桥臂。本发明通过第一直流电源、第二直流电源和全桥逆变器解决提高焊丝熔敷率与降低焊接热输入的矛盾，简化了焊接设备的结构，降低了焊接设备的成本。
31. 203840223 逆变电源和焊接设备
CN
17.09.2014
H02M 7/04 Loading...
H02M 7/04
Loading...
201420232487.1
深圳市瑞凌实业股份有限公司
邱光
H02M 7/04
Loading...
本实用新型公开一种逆变电源和焊接设备，其中逆变电源包括电源输入电路、主电电路和辅电电路、用于控制主电电路和辅电电路通电状态的多联开关，以及用于根据辅电电路供电状态、控制电源输入电路是否经由多联开关给主电电路供电的软启动电路。本实用新型在多联开关闭合时，通过软启动电路将多联开关与主电电路的连接支路短路，控制电源输入电路直接给主电电路供电，而不再经由多联开关给主电电路供电，使得主电电路的电流不流经多联开关，避免多联开关因受大电流冲击而损坏，实现对多联开关的保护，能够提高逆变电源的稳定性，延长焊接设备的使用寿命。而且本实用新型利用多联开关作为逆变电源的输入开关，降低逆变电源的成本。
32. 203800820 PFC电路及逆变焊机电源
CN
27.08.2014
H02M 1/42 Loading...
H02M 1/42
Loading...
201420191830.2
深圳市瑞凌实业股份有限公司
邱光
H02M 1/42
Loading...
本实用新型公开了一种PFC电路及逆变焊机电源，其中PFC电路包括交流电源输入端、直流电源输出端、升压电感、PFC芯片、PFC工作电压输入端、整流模块、输入电压采集模块、输入电流采集模块、输出电压采集模块、输出电流采集模块及PWM输出模块，其中，PWM输出模块包括IGBT电路和隔离电路，隔离电路连接于PFC芯片与IGBT电路之间。本实用新型中的隔离电路对PFC芯片和IGBT电路进行隔离，当PFC电路的输出电流过大时，能够有效地保护PFC芯片，从而提高了电路的可靠性；并且，本实用新型中的输出电流采集模块采用第一无感电阻及第二无感电阻对电路的输出电流进行采样，从而提高了采样信号的信噪比。
33. 203791804 逆变弧焊电源的电流控制电路及逆变弧焊电源
CN
27.08.2014
B23K 9/10 Loading...
B23K 9/10
Loading...
201420192086.8
深圳市瑞凌实业股份有限公司
邱光
B23K 9/10
Loading...
本实用新型公开了一种逆变弧焊电源的电流控制电路及逆变弧焊电源，其中，电流控制电路包括电压采集电路、电流给定控制电路、热引弧电路、推力电流电路及驱动电路；电压采集电路的电压采集输入端与逆变弧焊电源的输出端连接，电压采集电路的电压采集输出端分别与电流给定控制电路、热引弧电路及推力电流电路的输入端连接；驱动电路的输入端分别与电流给定控制电路、热引弧电路及推力电流电路的输出端连接，驱动电路的输出端分别与逆变弧焊电源中的各IGBT连接。本实用新型提出的该电流控制电路应用于逆变弧焊电源，在焊接纤维素焊条时，具有起弧容易、不易断弧及焊缝成型好等优点。
34. 203537227 一种逆变焊机的电源装置
CN
09.04.2014
H02M 1/42 Loading...
H02M 1/42
Loading...
201320576758.0
深圳市瑞凌实业股份有限公司
邱光
H02M 1/42
Loading...
本实用新型涉及焊机技术领域，提供一种逆变焊机的电源装置，包括依次连接的整流电路、PFC电路、滤波电路和逆变电路，所述PFC电路包括两个工作在DCM模式下的Boost PFC电路交错并联。本实用新型采用两个工作在DCM模式下的Boost PFC电路交错并联运行，减小输入电流纹波和降低开关损耗，从而提高变换器的效率。
35. 203282088 一种扣合式高效焊枪
CN
13.11.2013
B23K 37/02 Loading...
B23K 37/02
Loading...
201320255201.7
深圳市瑞凌实业股份有限公司
邱光
B23K 37/02
Loading...
本实用新型涉及焊接技术领域，提供一种扣合式高效焊枪，该焊枪包括两个相互扣合且彼此绝缘的第一枪体，在所述每个第一枪体上均设有用于对焊丝输送的第一电输送装置，用于对保护气体输送的第一气输送装置，以及，用于对冷却水输送的第一水循环装置，且所述二个第一枪体上的第一水循环装置相互连通。本实用新型一方面扣合式的焊枪结构，使二个第一枪体上的水道实现无缝式的连接，从而减小了整个焊枪的体积，特别是焊枪的厚度，使焊枪可以深入特殊工位进行高效焊接；另一方面，通过将二个水循环装置连通形成单道水冷循环方式，减少了整个焊枪内部的水道设置。
36. 203282017 一种单枪双丝垂直气电焊接装置
CN
13.11.2013
B23K 9/022 Loading...
B23K 9/022
Loading...
201320254087.6
深圳市瑞凌实业股份有限公司
邱光
B23K 9/022
Loading...
本实用新型涉及焊接技术领域，提供一种单枪双丝垂直气电焊接装置，所述单枪双丝垂直气电焊接装置，其包括：一单枪双丝垂直气电焊枪；以及一用于安装所述单枪双丝垂直气电焊枪的摆动装置；所述焊接装置在焊接时，所述摆动装置控制单枪双丝垂直气电焊枪在待焊接工件的坡口内做“Y”或“△”型摆动，同时单枪双丝垂直气电焊枪的主融化电极上的加热电流大于所述待焊接工件上的加热电流。本实用新型一方面在提高了主熔化电极的熔化速度的同时，降低了待焊接工件的焊接热输入，另一方面焊枪在待焊接工件坡口内做“Y”或“△”型摆动给工件边缘实现有效的加热，使得待焊接工件不易被焊穿。
37. 103264206 一种单枪双丝垂直气电焊枪的焊接方法及其装置
CN
28.08.2013
B23K 9/00 Loading...
B23K 9/00
Loading...
201310173552.8
深圳市瑞凌实业股份有限公司
邱光
B23K 9/00
Loading...
本发明涉及焊接技术领域，提供一种单枪双丝垂直气电焊枪的焊接方法及其装置，该方法包括当所述单枪双丝垂直气电焊枪在焊接时，焊枪在待焊接工件的坡口内做“Y”或“△”型摆动，且焊枪的主融化电极上的加热电流大于所述待焊接工件上的加热电流。本发明一方面在提高了主熔化电极的熔化速度的同时，降低了待焊接工件的焊接热输入，另一方面焊枪在待焊接工件坡口内做“Y”或“△”型摆动给工件边缘实现有效的加热，使得待焊接工件不易被焊穿。
38. 103252599 一种扣合式高效焊枪、焊接方法及焊枪制作方法
CN
21.08.2013
B23K 37/02 Loading...
B23K 37/02
Loading...
201310172811.5
深圳市瑞凌实业股份有限公司
邱光
B23K 37/02
Loading...
本发明涉及焊接技术领域，提供一种扣合式高效焊枪、焊接方法及焊枪制作方法，该焊枪包括二个相互扣合且彼此绝缘的第一枪体，在所述每个第一枪体上均设有用于对焊丝输送的第一电输送装置，用于对保护气体输送的第一气输送装置，以及，用于对冷却水输送的第一水循环装置，且所述二个第一枪体上的第一水循环装置相互连通。本发明一方面扣合式的焊枪结构，使二个第一枪体上的水道实现无缝式的连接，从而减小了整个焊枪的体积，特别是焊枪的厚度，使焊枪可以深入特殊工位进行高效焊接；另一方面，通过将二个水循环装置连通形成单道水冷循环方式，减少了整个焊枪内部的水道设置。
39. 203045117 一种法兰盘内外圆焊接小车
CN
10.07.2013
B23K 9/127 Loading...
B23K 9/127
Loading...
201220621539.5
深圳市瑞凌实业股份有限公司
邱光
B23K 9/127
Loading...
本实用新型涉及一种法兰盘内外圆焊接小车，其包括一用于对法兰盘进行定位的中心定位机构；一用于对法兰盘内外圆进行焊接跟踪调节的行走跟踪机构，以及一用于对法兰盘内外圆进行焊接的焊枪。本实用新型可移动调节定位法兰盘中心，并根据法兰盘内外径变化调节跟踪焊接；且具有重量轻巧、移动安装方便的优点。
40. 202984881 一种法兰盘外圆焊接小车
CN
12.06.2013
B23K 9/127 Loading...
B23K 9/127
Loading...
201220621552.0
深圳市瑞凌实业股份有限公司
邱光
B23K 9/127
Loading...
本实用新型涉及一种法兰盘外圆焊接小车，包括法兰底座，所述法兰底座上设有用于对法兰盘内圆进行定位的中心定位机构，用于对法兰盘外圆和法兰盘平面进行调节的行走跟踪机构，以及用于对焊枪进行固定的焊枪夹持机构。本实用新型具有体积小，携带、操作方便，并且可一次定位中心，可根据法兰盘外经变化跟踪焊接的优点。
41. 202963766 等离子气刨高频电路及其组成的等离子气刨枪
CN
05.06.2013
B23K 10/00 Loading...
B23K 10/00
Loading...
201220621709.X
深圳市瑞凌实业股份有限公司
邱光
B23K 10/00
Loading...
本实用新型涉及一种等离子气刨高频电路，其包括依次连接的PWM信号产生电路、高压升压电路、火花放电电路、振荡电路、引弧器耦合电路以及输出回路，所述引弧器耦合电路为一原边串接于振荡电路，副边与输出回路连接的引弧器，所述引弧器采用超微晶磁芯。本实用新型还提供一种根据上述的等离子气刨高频电路组成的等离子气刨枪。本实用新型的等离子气刨高频电路的高频能量高、起弧性能强，并且震荡频率高、易产生对外干拢；电弧转移性差；将其应用在等离子气刨枪中，具有切割枪线长，操作方便，适合长距离作业的优点。
42. 202877696 一种维弧斩波控制电路及切割机
CN
17.04.2013
B23K 9/10 Loading...
B23K 9/10
Loading...
201220383925.5
深圳市瑞凌实业股份有限公司
邱光
B23K 9/10
Loading...
本实用新型提供了一种维弧斩波控制电路及切割机，该控制电路包括有依次导通连接的一用于在低电网输入条件下产生脉冲宽度调节驱动信号并限制功率开关管电流的功率开关器件驱动电路、一用于对低电网输入的电流进行取样放大的差分放大取样电路、一用于根据放大后的电流信号来调节脉冲宽度调节驱动信号脉宽的电流反馈环控制电路，以及一用于当功率开关管关断且输出负端为正时将电流续流回至主回路中输送至切割机喷嘴处的维弧电流续流电路。既避免了超微晶主变偏磁和出现维弧过流保护，又提高了起弧成功率，维弧电流稳定，不断弧，实现小电流恒流控制，解决了在低电网电压输入下起弧断弧问题；同时减小了维弧和喷嘴维弧损耗，使用寿命长，耐用、可靠。
43. 202877693 一种降低氩弧焊高频高压的电路
CN
17.04.2013
B23K 9/06 Loading...
B23K 9/06
Loading...
201220394985.7
深圳市瑞凌实业股份有限公司
邱光
B23K 9/06
Loading...
本实用新型涉及降低氩弧焊高频高压的电路，包括与电网EMC电路连接的整流电路；以及依次连接的逆变电路、变压电路、增压电路、LC振荡电路、高频高压输出电路，以及与逆变电路连接的驱动电路，与驱动电路连接的开关电路，与开关电路以及驱动电路连接的辅助电源电路增压电路，变压电路为高频变压器，其原边与逆变电路连接，副边与增压电路相连；还包括主触点一端与高频变压器副边连接，另一端与增压电路连接的继电器JD；与继电器JD主线圈连接的主控制电路；与高频高压输出电路连接的电压检测模块；与开关电路、主控制电路连接的控制系统。本实用新型防止了高频电流带来的干扰，以及对需要高频起弧的焊接电源造成损坏，保证了机器的使用安全。
44. 202804445 弧压跟踪脉冲埋弧焊控制电路及焊机
CN
20.03.2013
B23K 9/095 Loading...
B23K 9/095
Loading...
201220383836.0
深圳市瑞凌实业股份有限公司
邱光
B23K 9/095
Loading...
本实用新型涉及弧压跟踪脉冲埋弧焊控制电路及焊机。所述弧压跟踪脉冲埋弧焊控制电路包括：电压给定单元、频率调节单元、弧压跟踪单元、峰值基值调节单元和逆变器单元，其中，所述电压给定单元和所述弧压跟踪单元分别与所述频率调节单元连接，所述频率调节单元与所述峰值基值调节单元和所述逆变器单元依次连接。本实用新型可以有效控制热输入量，可有效的消除第一道焊缝焊接时根部熔合不良等常见缺陷，提高焊缝质量和焊接效率，而且，控制电路简单，实施成本较低，制造工艺简单，性能可靠。
45. 102962553 一种法兰盘外圆焊接小车
CN
13.03.2013
B23K 9/127 Loading...
B23K 9/127
Loading...
201210476737.1
深圳市瑞凌实业股份有限公司
邱光
B23K 9/127
Loading...
本发明涉及一种法兰盘外圆焊接小车，包括法兰底座，所述法兰底座上设有用于对法兰盘内圆进行定位的中心定位机构，用于对法兰盘外圆和法兰盘平面进行调节的行走跟踪机构，以及用于对焊枪进行固定的焊枪夹持机构。本发明具有体积小，携带、操作方便，并且可一次定位中心，可根据法兰盘外经变化跟踪焊接的优点。
46. 102962552 一种法兰盘内外圆焊接小车
CN
13.03.2013
B23K 9/127 Loading...
B23K 9/127
Loading...
201210476733.3
深圳市瑞凌实业股份有限公司
邱光
B23K 9/127
Loading...
本发明涉及一种法兰盘内外圆焊接小车，其包括一用于对法兰盘进行定位的中心定位机构；一用于对法兰盘内外圆进行焊接跟踪调节的行走跟踪机构，以及一用于对法兰盘内外圆进行焊接的焊枪。本发明可移动调节定位法兰盘中心，并根据法兰盘内外径变化调节跟踪焊接；且具有重量轻巧、移动安装方便的优点。
47. 202741891 一种采样全数字化电流型PID控制电路
CN
20.02.2013
B23K 9/095 Loading...
B23K 9/095
Loading...
201220368274.2
深圳市瑞凌实业股份有限公司
邱光
B23K 9/095
Loading...
本实用新型提供了一种采样全数字化电流型PID控制电路，通过编码器和电流采样单元获取一固定给定信号和开关变压器原边电流采样反馈信号给电流型PWM控制芯片进行PID控制运算，得到占空比脉宽信号，并根据该占空比脉宽信号对焊接电流、电压、功率的数据进行变换处理，实现对焊机实际输出的控制。这样，本控制方法通过对检测回来的数据处理，不同的误差范围采用不同的PD控制，并通过分离积分，让电源快速更随和响应，让焊接过程可控，仰止短路时的冲击电流，工作性能稳定、可靠；而且有效简化了PWM的硬件电路，降低成本，动态响应极快，提高了焊机的控制响应速度和焊接性能，工作更可靠，解决IGBT开通时电流尖峰较高的问题。
48. 202498291 垂直气电立焊的焊枪摆动装置
CN
24.10.2012
B23K 9/022 Loading...
B23K 9/022
Loading...
201120470914.6
深圳市瑞凌实业股份有限公司
邱光
B23K 9/022
Loading...
本实用新型提供了一种垂直气电立焊的焊枪摆动装置，包括有使焊枪沿垂直焊缝方向做直线运动的水平滑动机构，和使焊枪在垂直气电立焊的坡口间隙内摆动的锯齿摆动机构，安装有所述焊枪的所述锯齿摆机构设于所述水平滑动机构上。这样，焊接电弧可在焊缝背面的成形垫板与焊缝正面的水冷成形滑块之间和垂直气电立焊的坡口的左侧板和右侧板之间往复运动、焊接，可有效保证焊缝侧壁与焊接熔池充分熔合，可以使焊缝熔深明显加大，焊缝的力学性能显著提高，即使在提高焊丝熔化速度同时降低焊接热输入，也可使焊缝侧壁与焊接熔池完全熔合，避免出现间断或突变，甚至裂纹现象。
49. 202388105 低焊接热输入的双丝垂直气电立焊系统
CN
22.08.2012
B23K 9/173 Loading...
B23K 9/173
Loading...
201120470964.4
深圳市瑞凌实业股份有限公司
邱光
B23K 9/173
Loading...
本实用新型提供了一种低焊接热输入的双丝垂直气电立焊系统，包括有第一焊接电源、第二焊接电源、集成电源盒、第一送丝机、第二送丝机、第一气保焊枪、第二气保焊枪、供气装置、控制箱、摆动器和焊接小车；所述第一焊接电源和第二焊接电源的同极输出端均与第一气保焊枪的首端导通连接，且第一焊接电源另一输出端与被焊工件连接，第二焊接电源另一输出端与第二气保焊枪首端导通连接，即可在提高熔敷率的同时大大降低热输入，系统稳定、可靠，且焊缝的冲击韧性显著提升；另外，在焊缝内摆动的双丝焊枪保证焊缝侧壁与焊接熔池充分熔合，焊缝的力学性能显著提高。
50. 202271116 可“U”字形摆动的摆动器
CN
13.06.2012
B23K 37/02 Loading...
B23K 37/02
Loading...
201120267120.X
深圳市瑞凌实业股份有限公司
邱光
B23K 37/02
Loading...
本实用新型提供了一种可“U”字形摆动的摆动器，包括有电机、夹持机构、传动装置，传动装置包括第一摆动齿轮、第二摆动齿轮、摆动偏心轮、摆动环、第一摆动杆、第二摆动杆、第三摆动杆、转动齿轮、第一直线轴承、第一滑块、滑块连接板、第二直线轴承和第二滑块，第一滑块和第二滑块分别可来回滑动地设于第一直线轴承和第二直线轴承上，滑块连接板固定在第一滑块上，其上表面设有第二直线轴承，而且夹持机构固定在第二滑块上。这样，枪夹机构即可实现“U”字形摆动，使用其进行“U”形焊接、切割时操作方便、效率更高，焊接、切割质量效果更佳，而且单向转动的电机不需像现有摆动器的电机那样进行正反转动，不易烧坏，寿命更长、更耐用。
51. 102423827 垂直气电立焊的焊枪摆动装置
CN
25.04.2012
B23K 9/022 Loading...
B23K 9/022
Loading...
201110376873.9
深圳市瑞凌实业股份有限公司
邱光
B23K 9/022
Loading...
本发明提供了一种垂直气电立焊的焊枪摆动装置，包括有使焊枪沿垂直焊缝方向做直线运动的水平滑动机构，和使焊枪在垂直气电立焊的坡口间隙内摆动的锯齿摆动机构，安装有所述焊枪的所述锯齿摆机构设于所述水平滑动机构上。这样，焊接电弧可在焊缝背面的成形垫板与焊缝正面的水冷成形滑块之间和垂直气电立焊的坡口的左侧板和右侧板之间往复运动、焊接，可有效保证焊缝侧壁与焊接熔池充分熔合，可以使焊缝熔深明显加大，焊缝的力学性能显著提高，即使在提高焊丝熔化速度同时降低焊接热输入，也可使焊缝侧壁与焊接熔池完全熔合，避免出现间断或突变，甚至裂纹现象。
52. 102380687 双枪横向自动焊接装置及其焊接方法
CN
21.03.2012
B23K 9/00 Loading...
B23K 9/00
Loading...
201010266167.4
深圳市瑞凌实业股份有限公司
邱光
B23K 9/00
Loading...
本发明提供了一种双枪横向自动焊接装置及其焊接方法，所述焊接装置包括一车体，所述车体包括控制盒、十字滑块、枪线固定架、角度调节机构、摆动器，所述十字滑块上下前后调节摆动器的位置，所述角度调节机构调节摆动器的角度，所述摆动器的摆动轴连接枪夹并随摆动器摆动，所述枪夹用于固定焊枪。本发明提供的双枪横向自动焊接装置及其焊接方法采用轨道定位跟踪，焊接稳定性大大提高，控制和操作简单，参数调节容易；焊接过程中，可通过调节焊枪角度和摆幅，从而提高焊接的熔透性；填充焊和盖面焊过程中，双枪同时焊接，使效率至少提高两倍，焊缝没有咬边、熔透性好且美观。
53. 202162482 总线式斩波气保焊接系统
CN
14.03.2012
B23K 9/10 Loading...
B23K 9/10
Loading...
201120243240.6
深圳市瑞凌实业股份有限公司
邱光
B23K 9/10
Loading...
本实用新型提供了一种总线式斩波气保焊接系统，包括有依次逐一导通连接的大功率逆变焊接电源、大电流接线盒、远程数字送丝机、焊接配套设备，以及与远程数字送丝机连接的焊接保护性气体供给装置，大电流接线盒主要用于将大功率逆变焊接电源输出的大功率直流电分配输送给多台设有大电流斩波控制电路的远程数字送丝机，这样只需简单地将远程数字送丝机连接到焊接区域附近的大电流接线盒上，就能同时进行焊接操作、互不干扰，又节省了费用；而且输入电流经斩波处理即可轻松连接多种焊接配套设备，极大地增加了远程焊接的灵活性，且保证了焊接输出的稳定性和焊接工人的人身安全。
54. 202144003 水电一体化双枪焊接控制系统
CN
15.02.2012
B23K 37/02 Loading...
B23K 37/02
Loading...
201120125758.X
深圳市瑞凌实业股份有限公司
邱光
B23K 37/02
Loading...
本实用新型涉及一种水电一体化双枪焊接控制系统。所述水电一体化双枪焊接控制系统包括：控制装置、运载装置、第一焊枪、第二焊枪、第一送丝机、第二送丝机、第一焊机、第二焊机、电源、供气装置、冷却液体储藏装置和水冷滑块。本实用新型水电一体化双枪焊接控制系统操控简单，整套系统体积小巧，双枪同时焊接，只需要在被焊工件外面进行焊接，焊接一次行走，双面成形，提高了焊接的工作效率，节约了生产成本，可焊接工件的厚度提高到了28毫米～80毫米，而且，焊缝的焊接效果非常好。
55. 202137518 单驱双摆双纵单向摆动装置及运用该摆动装置的焊接机
CN
08.02.2012
B23K 37/00 Loading...
B23K 37/00
Loading...
201120125739.7
深圳市瑞凌实业股份有限公司
邱光
B23K 37/00
Loading...
本实用新型涉及单驱双摆双纵单向摆动装置及运用该摆动装置的焊接机。所述单驱双摆双纵单向摆动装置包括：电机、固定板、第一齿轮、第二齿轮、第一传动机构、第二传动机构、第一执行端和第二执行端，所述第一传动机构和第二传动机构均包括：第三齿轮、偏心轮、拨头、第一摆动杆、第二摆动杆、扇形齿轮、锁紧构件、第四齿轮、带有定位孔的摆动片、定位杆、直线轴承、设置有卡槽的滑板和夹具。所述焊接机包括单驱双摆双纵单向摆动装置和焊枪。本实用新型单驱双摆双纵单向摆动装置及运用该摆动装置的焊接机结构简单、体积小巧、使用过程中不仅可增加可焊工件厚度，而且可减少焊接缺，采用双枪焊接，焊接效率高，焊接一次成型，并且使成型效果和熔透性大大提高。
56. 102294563 Wiggler capable of swinging in shape of U
CN
28.12.2011
B23K 37/02 Loading...
B23K 37/02
Loading...
201110211008.9
Shenzhen Riland Industry Co., Ltd.
Qiu Guang
B23K 37/02
Loading...
The invention provides a wiggler capable of swinging in the shape of U, which comprises a motor, a clamping mechanism and a driving device, wherein the driving device comprises a first swing gear, a second swing gear, a swing eccentric wheel, a swing ring, a first swing rod, a second swing rod, a third swing rod, a rotating gear, a first linear bearing, a first slide block, a slide block connecting plate, a second linear bearing and a second slide block, wherein the first slide block and the second slide block can be respectively and glidingly arranged on the first linear bearing and the second linear bearing back and forth; the slide block connecting plate is fixed on the first slide block; the second linear bearing is arranged on the upper surface of the slide block connecting plate; and the clamping mechanism is fixed on the second slide block. Therefore, a gun clamping mechanism can swing in the shape of U. When the gun clamping mechanism is used for U-shaped welding and cutting, the mechanism is convenient to operate, the efficiency is higher, and the welding and cutting quality effect is better. Because the motor which rotates in one direction does not rotate clockwise and anticlockwise as the motor of a traditional wiggler, the wiggler capable of swinging in the shape of U is not easy to burn, has a longer service life and is more durable.
57. 102259230 Bus-type chopping gas-shield welding system and power source treatment method thereof
CN
30.11.2011
B23K 9/16 Loading...
B23K 9/16
Loading...
201110193166.6
Shenzhen Riland Industry Co., Ltd.
Qiu Guang
B23K 9/16
Loading...
The invention provides a bus-type chopping gas-shield welding system comprising a high-power inverted welding power supply, a large current junction box, a plurality of remote digital wire feeders and welding matching devices, all of which are sequentially connected one by one in a conduction manner, and further comprising a welding protective gas feeder connected with the remote digital wire feeders. The large current junction box is mainly used for distributing and transmitting high-power direct current output by the high-power inverted welding power supply to the plurality of remote digital wire feeders, wherein each remote digital wire feeder is provided with a large current chopping control circuit; therefore, the remote digital wire feeders only need to be simply connected to the large current junction box near a welding region, thus the welding operation can be carried out without mutual interference, and the cost is saved; furthermore, an input current after a chopping treatment can easily be connected with various welding matching devices, thus the flexibility of remote welding is largely improved and the stability of welding output and the personal safety of welding workers can be guaranteed.
58. 202037401 一种小型埋弧焊装置
CN
16.11.2011
B23K 9/18 Loading...
B23K 9/18
Loading...
201120125767.9
深圳市瑞凌实业股份有限公司
邱光
B23K 9/18
Loading...
本实用新型涉及一种小型埋弧焊装置。所述小型埋弧焊装置包括：第一电机、第一车体、第二车体、吸漏沙装置、轨道、连接杆、皮带轮组件、皮带轮固定座和焊枪；其中，吸漏沙装置包括出沙端、吸沙端和第二电机；第一电机安装在第一车体上，并驱动第一车体在轨道上行走，第一车体与第二车体连接并分别安装在轨道上，吸漏沙装置安装在第二车体上，连接杆一端安装在第一车体上，另一端安装在皮带轮固定座上，焊枪和吸沙端分别安装在连接杆上，第二电机控制吸沙端，出沙端入口端安装在吸漏沙装置上，出口端临近焊枪。本实用新型埋弧焊装置体积小，重量轻，结构紧凑，方便拆卸和运输，整台装置在焊接作业时操作简单。
59. 102179608 Small size hidden arc welding device
CN
14.09.2011
B23K 9/18 Loading...
B23K 9/18
Loading...
201110105964.9
Shenzhen Riland Industry Co., Ltd.
Qiu Guang
B23K 9/18
Loading...
The invention relates to a small size hidden arc welding device which comprises a first motor, a first trolley body, a second trolley body, a leaked sand absorbing device, a rail, a connecting rod, a belt wheel component, a belt wheel fixing base and a welding gun, wherein the leaked sand absorbing device comprises a sand outlet end, a sand absorbing end and a second motor; the first motor is arranged on the first trolley body and is used for driving the first trolley body to move on the rail; the first trolley body is connected to the second trolley body and the two trolley bodies are respectively arranged on the rail; the leaked sand absorbing device is arranged on the second trolley body; one end of the connecting rod is arranged on the first trolley body while the other end is arranged on the belt wheel fixing base; the welding gun and the sand absorbing end are respectively arranged on the connecting rod; the second motor is used for controlling the sand absorbing end; and an inlet port of the sand outlet end is arranged on the leaked sand absorbing device while an exit end is close to the welding gun. The small size hidden arc welding device provided by the invention has the advantages that the volume is small, the weight is light, the structure is compact, the device is conveniently detached and transported, and the whole device is simply operated in the welding process.
60. 102166697 Single-drive double-pendulum double-trailing one-way swing device and welding machine employing swing device
CN
31.08.2011
B23K 37/00 Loading...
B23K 37/00
Loading...
201110105954.5
Shenzhen Riland Industry Co., Ltd.
Qiu Guang
B23K 37/00
Loading...
The invention relates to a single-drive double-pendulum double-trailing one-way swing device and a welding machine employing the swing device. The single-drive double-pendulum double-trailing one-way swing device comprises a motor, a fixing plate, a first gear, a second gear, a first transmission mechanism, a second transmission mechanism, a first actuating end and a second actuating end, wherein the first transmission mechanism and the second transmission mechanism comprise a third gear, an eccentric wheel, a poking head, a first swinging bar, a second swinging bar, a sector gear, a locking member, a fourth gear, a swinging piece with a positioning hole, a positioning rod, a linear bearing, a sliding plate provided with a clamping groove, and a clamp. The welding machine comprises the single-drive double-pendulum double-trailing one-way swing device and a welding gun. The single-drive double-pendulum double-trailing one-way swing device and the welding machine employing the swing device are simple in structure and small in volume, and can increase the thickness of a weldable workpiece and reduce the weld defect in the using process; and due to the adoption of double guns for welding, the welding efficiency is high, the welding is molded at one time, and the molding effect and penetration are greatly improved.
61. 102166700 Hydroelectric integrated double-gun welding control system
CN
31.08.2011
B23K 37/02 Loading...
B23K 37/02
Loading...
201110105952.6
Shenzhen Riland Industry Co., Ltd.
Qiu Guang
B23K 37/02
Loading...
The invention relates to a hydroelectric integrated double-gun welding control system which comprises a controller, a carrier, a first welding gun, a second welding gun, a first wire feeder, a second wire feeder, a first welding machine, a second welding machine, a power supply, an air supply device, a cooling liquid storing device and a water-cooling slide block. The hydroelectric integrated double-gun welding control system is simple in operation, is small and exquisite in the volume of the whole set of the system, can use two guns to weld simultaneously, only needs to weld on the outer side of a work piece to be welded, can walk after welding for once, can form at two surfaces, improves the welding work efficiency, saves the production cost, improves the thickness of the work piece to be welded at 28mm to 80mm, and is very good in the welding effect of a weld joint.
62. 102129043 Method and device for testing dynamic characteristic of inverter welding machine
CN
20.07.2011
G01R 31/40 Loading...
G01R 31/40
Loading...
201010042794.X
Shenzhen Riland Industry Co., Ltd.
Qiu Guang
G01R 31/40
Loading...
The invention relates to a method and a device for testing the dynamic characteristic of an inverter welding machine. A first semiconductor switch device and a series circuit which can adjust a load resistor are in bridge connection with two output ends of a welding power supply of the inverter welding machine; at the same time, a second semiconductor switch device is in bridge connection with the two output ends of the welding power supply directly; the connection and/or disconnection of the two semiconductor switch devices are/is controlled by means of a pulse generating circuit, a logic control circuit and a driving circuit; the no-load working condition, the load working condition and the short-circuit working condition of the welding power supply of the inverter welding machine are simulated respectively; the three working conditions are repeated at a certain frequency so that the welding power supply is tested by the three working conditions periodically; at the same time, the primary side current value and the waveform of a high-frequency transformer of the welding power supply are monitored, and a welding power supply module of which the primary side current is more than an admissible value is selected. The method and the device have the advantages that: a test is convenient to operate; the batch test efficiency is high; the loss of the electric switch devices is low; the reliability is high; the projects for testing the performance of the welding power supply are full; and the test process is clean and causes no pollution.
63. 102091847 Thrust voltage dynamic compensation method and equipment for prolonged cable of arc welding equipment
CN
15.06.2011
B23K 9/00 Loading...
B23K 9/00
Loading...
200910188937.5
Shenzhen Riland Industry Co., Ltd.
Qiu Guang
B23K 9/00
Loading...
The invention relates to a thrust voltage dynamic compensation method and thrust voltage dynamic compensation equipment for the prolonged cable of arc welding equipment. The method comprises the following steps: changeably giving or sampling a welding current, and calculating a corresponding voltage between an arcing end and a workpiece; sampling the actual output voltage, namely the actual thrust voltage, of the arc welding equipment; delaying the actual trust voltage and subtracting an arc drop from the actual trust voltage to obtain voltage loss on a cable, namely cable voltage loss; adding the cable voltage loss and a thrust initial set voltage to obtain a thrust decision voltage; and comparing the thrust decision voltage with the actual thrust voltage Uca obtained in the step 2, wherein if the analogue value uca of the actual thrust voltage Uca is lower than the thrust decision voltage, an comparison circuit outputs a thrust pulse and controls the arc welding equipment to increase a welding current. The method and the equipment have the advantages that: the thrust point voltage of arc varies with cable loss; and under a cable loss condition, normal arcing can be formed between a workpiece and a welding rod and the arc is kept stable.
64. 102091891 Single-drive double pendulum double longitude unidirectional oscillating device and welding machine using oscillating device
CN
15.06.2011
B23K 37/00 Loading...
B23K 37/00
Loading...
201010599354.4
Shenzhen Riland Industry Co., Ltd.
Qiu Guang
B23K 37/00
Loading...
The invention relates to a single-drive double pendulum double longitude unidirectional oscillating device and a welding machine using the oscillating device. The single-drive double pendulum double longitude unidirectional oscillating device comprises a motor, a fixing plate, a first gear, a second gear, a first transmission mechanism, a second transmission mechanism, a first execution end and a second execution end; the first transmission mechanism and the second transmission mechanism respectively comprise a third gear, an eccentric wheel, a shifting block, a first oscillating rod, a second oscillating rod, a sector gear, a locking member, a fourth gear, an oscillating sheet with a positioning hole, a positioning rod, a linear bearing, and a sliding plate with a clamp groove and a clamp; and the welding machine comprises the single-drive double pendulum double longitude unidirectional oscillating device and a welding gun. The single-drive double pendulum double longitude unidirectional oscillating device and the welding machine using the oscillating device have simple structures and small and exquisite volumes; and during use, the thickness of a weldable workpiece can be increased, and welding disadvantages can be reduced, double-gun welding is adopted, the welding efficiency is high, one-time molding is ensured by welding and the molding effect and weld penetration performance are greatly improved.
65. 102069273 Adaptive welding method for pipe-plate circumference welding and subsection parameter setting and arc welding equipment
CN
25.05.2011
B23K 9/16 Loading...
B23K 9/16
Loading...
200910189538.0
Shenzhen Riland Industry Co., Ltd.
Qiu Guang
B23K 9/16
Loading...
The invention discloses an adaptive welding method for pipe-plate circumference welding and subsection parameter setting, which comprises the following steps of: dividing the circumferential seam of a welded workpiece pipe-plate into n arc sections, and presetting the welding parameter of each arc section; storing n groups of preset welding parameters in a memory; placing a welding gun at a welding start position; switching on a welding power supply, taking out the welding parameters from the memory under the control of a central processing unit to control welding current and voltage supplied to the arc section by the welding power supply and control arc striking and arcing of the welding gun, and rotating the welding gun to complete the angular displacement of a given value; and after the welding gun completes welding of the arc section, taking the welding parameter of the next arc section to continuously implement welding till completing welding of all n arc sections. The adaptive welding method can save welding materials, improve the welding efficiency, improve the seam forming efficiency and improve the welding qualification rate and the like, is greatly convenient for most users, and is particularly suitable for welding thick-wall pipes and thick plates.
66. 102042375 Transmission mechanism for converting rotation into linear motion
CN
04.05.2011
F16H 21/16 Loading...
F16H 21/16
Loading...
200910110641.1
Shenzhen Riland Industry Co., Ltd.
Qiu Guang
F16H 21/16
Loading...
The invention discloses a transmission mechanism for converting rotation into linear motion, which comprises a rotary member (OB) and a connecting rod (BA). The rotary member is hinged with the connecting rod, particularly the transmission mechanism further comprises a support (40), wherein the support and the connecting rod realize the connection of a rotary pair and a movable pair; when the rotary member reciprocates around a riveting centre (point O) at the root part under the drive of a power device in a corner range of 180 degrees by using a connection line of the central point (i.e. the point O) and the central point of the support as a corner bisector, the connecting rod hinged with a front end (point B) of the rotary member does reciprocating swinging and does axially reciprocating linear motion. The other end (point A) of the connecting rod forms the linear reciprocation motion. The invention realizes a transmission function of converting mechanical rotation into linear displacement, has the advantages of simple structure, stable performance and low performance requirements on a motor, can ensure the accuracy of the reciprocating linear motion of the end part of the connecting rod, and is particularly suitable for portable equipment which needs to carry out linear reciprocation operation.
67. 102039468 Automatic welding gun for tube-plate circumferential welding
CN
04.05.2011
B23K 5/22 Loading...
B23K 5/22
Loading...
200910110791.2
Shenzhen Riland Industry Co., Ltd.
Qiu Guang
B23K 5/22
Loading...
The invention relates to an automatic welding gun for tube-plate circumferential welding. The automatic welding gun comprises a positioning mechanism, a driving mechanism, an adjustment fixed bracket, a circular fixed sleeve and a rotating sleeve, wherein the positioning mechanism is detachably fixed on the inner wall of a welded tube; the adjustment fixed bracket is provided with a welding gun; the positioning mechanism is arranged on the front end of the fixed sleeve, and the positioning mechanism and the fixed sleeve have the same central axis; the rotating sleeve is rotatably sheathed on the external surface of the rear part of the fixed sleeve, and the rotating sleeve and the fixed sleeve have the same central axis; one part of the driving mechanism is arranged on the external surface of the fixed sleeve, and the other part of the driving mechanism is arranged on the external surface of the rotating sleeve so as to drive the rotating sleeve to rotate around the coaxial line of the fixed sleeve; and the adjustment fixed bracket is arranged on the external surface of the rotating sleeve. The automatic welding gun can be accurately and quickly fixed on the inner wall of the welded tube, has the advantages of simple structure, high welding efficiency, high welding quality and the like, and is especially suitable for welding a thick-wall tube with a thick plate.
68. 201783784 双枪横向自动焊接装置
CN
06.04.2011
B23K 37/02 Loading...
B23K 37/02
Loading...
201020509657.8
深圳市瑞凌实业股份有限公司
邱光
B23K 37/02
Loading...
本实用新型提供了一种双枪横向自动焊接装置，所述焊接装置包括一车体，所述车体包括控制盒、十字滑块、枪线固定架、角度调节机构、摆动器，所述十字滑块上下前后调节摆动器的位置，所述角度调节机构调节摆动器的角度，所述摆动器的摆动轴连接枪夹并随摆动器摆动，所述枪夹用于固定焊枪。本实用新型提供的双枪横向自动焊接装置采用轨道定位跟踪，焊接稳定性大大提高，控制和操作简单，参数调节容易；焊接过程中，可通过调节焊枪角度和摆幅，从而提高焊接的熔透性；填充焊和盖面焊过程中，双枪同时焊接，使效率至少提高两倍，焊缝没有咬边、熔透性好且美观。
69. 201768986 用于逆变焊机动态特性测试的工况模拟装置
CN
23.03.2011
B23K 9/10 Loading...
B23K 9/10
Loading...
201020056561.0
深圳市瑞凌实业股份有限公司
邱光
B23K 9/10
Loading...
本实用新型涉及一种用于逆变焊机动态特性测试的工况模拟装置，在所述逆变焊机的焊接电源俩输出端上，跨接第一半导体开关器件和可调节负载电阻的串联电路，同时又用第二半导体开关器件直接跨接在焊接电源俩输出端上；借助脉冲发生电路、逻辑控制电路和驱动电路，控制两半导体开关器件导通和/或截止，分别模拟逆变焊机的焊接电源空载、负载和短路工况；并以一定频率重复这三种工况，使所述焊接电源周期性地经受这三种工况的考验和测试；同时，监测所述焊接电源高频变压器的原边电流值和波形，筛选所述原边电流超过容许值的焊接电源模块。本实用新型的技术效果在于：测试操作方便，批量测试效率高；电力开关器件损耗小，可靠性高；测试焊接电源性能项目全面，清洁无污染。
70. 201690373 桥式逆变电源装置
CN
29.12.2010
H02M 7/521 Loading...
H02M 7/521
Loading...
201020218415.3
深圳市瑞凌实业股份有限公司
邱光
H02M 7/521
Loading...
本实用新型公开一种桥式逆变电源装置，其包括有一驱动电路及四通过驱动脉冲传输导线而分别与所述驱动电路连接的桥臂，每一桥臂由至少一开关器件所构成，所述驱动电路设置于四个桥臂所围成的区域范围内，且四个桥臂以所述驱动电路为中心呈对称性分布。由于四个桥臂以驱动电路为中心呈对称性分布，一者，使得驱动电路至各个桥臂的距离相等，驱动电路与各桥臂之间的驱动脉冲传输导线的寄生电容一致，保证了各个桥臂开关的一致性；二者，可使驱动电路至各个桥臂之间的驱动脉冲传输导线保持在最短长度，从而加快各桥臂的开关速度，减少了驱动脉冲传输导线的发热量，并降低其损耗。
71. 201677120 逆变型交直流多功能氩弧焊机的装配结构
CN
22.12.2010
B23K 9/16 Loading...
B23K 9/16
Loading...
201020194992.3
深圳市瑞凌实业股份有限公司
邱光
B23K 9/16
Loading...
一种逆变型交直流多功能氩弧焊机的装配结构，包括风机(10)、上板(20)、中板(30)、机底(40)、前面板(50)、后面板(60)以及位于该前后面板之间的安装纵梁(70)，还包括一次逆变器(80)、二次逆变器(90)和立柱(100)，所述一次逆变器(80)和二次逆变器(90)被安装到上下两块PCB印制线路板上，上下两块PCB线路板和一次、二次逆变器(80，90)共同组成一个密闭风道(200)，从而在装配结构上实现单风道散热。所述焊机的装配结构，紧凑高效，成本低，便于批量生产和维护。
72. 201625832 具有前导弧控制装置的逆变电源等离子切割机
CN
10.11.2010
B23K 10/00 Loading...
B23K 10/00
Loading...
200920260854.8
深圳市瑞凌实业股份有限公司
邱光
B23K 10/00
Loading...
本实用新型涉及一种具有前导弧控制装置的逆变电源等离子切割机，包括切割枪(1)、气流控制装置(2)和电流控制装置，气流控制装置包括气体调节器(21)、电磁进气阀(22)和电磁排气阀(23)，气体调节器(21)与电磁进气阀(22)连接，排气阀(23)设置于进气阀(22)和切割枪(1)之间。本实用新型的技术效果在于：1、采用进气阀控制气流的导通，采用排气阀控制气体的流量和压力，气体延时冷却后重新起弧时，进气阀关闭，排气阀迅速排出切割枪中剩余的气体，切割枪中不再有气压，电极和喷嘴接触，能够实现随时重新起弧。2、在切割结束时，采用大气流，能快速冷却喷嘴。3、利用PWM脉宽控制器实现对电流的调节和控制，控制线路简单，可靠性高，成本低。
73. 201607513 二极管反向恢复时间简易测试电路
CN
13.10.2010
G01R 31/26 Loading...
G01R 31/26
Loading...
201020056560.6
深圳市瑞凌实业股份有限公司
邱光
G01R 31/26
Loading...
一种二极管反向恢复时间简易测试电路，包括供电电路、脉冲振荡电路、驱动电路、功率开关电路、电流波形显示电路和反向电流显示电路。所述供电电路将交流市电转换成直流稳压电源后，施加于脉冲振荡电路上，该脉冲振荡电路将该直流电压转换为高频正负脉冲电压后，经驱动电路放大，控制所述功率开关电路开通和关断，使得施加在被测二板管两极的是正负交变的阶跃电压，令该二极管处于连续交变的正向偏置和反向偏置，此时连接在被测二极管一端的电流波形显示电路，观测该被测二极管的反向偏置电流波形由开始至零值的持续时间，该时间即为该二极管的反向恢复时间。本实用新型的有益效果是：该简易电路可用于对比和选择二极管器件的型号、性能以及对二极管实际使用过程的模拟仿真测试，且操作简单，效率高，制造成本低廉。
74. 201596834 交流TIG弧焊设备自适应清理宽度调节电路
CN
06.10.2010
B23K 9/10 Loading...
B23K 9/10
Loading...
200920260997.9
深圳市瑞凌实业股份有限公司
邱光
B23K 9/10
Loading...
一种交流TIG弧焊设备自适应清理宽度调节电路，包括焊接电流给定电路和清理宽度调节模块，该清理宽度调节模块包括电压转换电路、锯齿波发生电路和电压比较电路；焊接电流给定电路输出的指令电压经电压转换电路转换为合适电压输入至电压比较电路的一输入端，锯齿波发生电路的输出电压则施加到电压比较电路的另一输入端；电压比较电路比较两输入电压幅值和波形后输出不对称的矩形波电压。本实用新型自适应清理宽度调节电路巧妙地解决了交流TIG弧焊设备清理宽度调节和焊接电流匹配的问题，使交流TIG弧焊设备清理宽度的调节可自动适应焊接电流的变化，还可精细调节，具有电路简单、成本低、调节精度高、使用方便和工作效率高等优点。
75. 201601661 三用一体电焊机功能转换的控制电路
CN
06.10.2010
H03K 17/08 Loading...
H03K 17/08
Loading...
201020056635.0
深圳市瑞凌实业股份有限公司
邱光
H03K 17/08
Loading...
本实用新型涉及一种三用一体电焊机功能转换的控制电路，包括用于功能转换的单刀三掷开关和对应电连接的转换接触器，所述掷三开关的动触点在三个静触点之间进换接：该三个静触点分别对应等离子切割、手工弧焊合氩弧焊；当所述三掷开关的动触点在带载情况下换接静触点时，所述转换接触器会有相应的换接；还包括脉冲宽度调制器PWM和三极管单稳态延时电路；所述三个静触点之两端的A触点和C触点分别连接至所述三极管单稳态延时电路的信号输入端，所述三极管单稳态延时电路的输出端与所述脉冲宽度调制器PWM的软起动端电连接；所述脉冲宽度调制器PWM的调制脉冲输出端经电位隔离和驱动电路与电焊机的主电路电连接以控制主电路的电力输出。
76. 201552366 有推力电压动态补偿电路的加长缆线弧焊设备
CN
18.08.2010
B23K 9/073 Loading...
B23K 9/073
Loading...
200920261529.3
深圳市瑞凌实业股份有限公司
邱光
B23K 9/073
Loading...
本实用新型涉及一种具有加长缆线的推力电压动态补偿电路的弧焊设备，推力电压动态补偿电路包括：电弧压降增量获取电路(1)、电弧压降的基准电压给定电路(2)、电弧压降获取电路(3)、实际推力电压获取电路(4)、延时电路(5)、线损电压计算电路(6)、推力判定电压获取电路(7)和比较电路(8)，实际推力电压获取电路(4)获得的实际推力电压的模拟量与推力判定电压获取电路(7)的推力判定电压的模拟量比较，如果实际推力电压的模拟量低于推力判定电压的模拟量，则比较电路输出推力脉冲，控制所述弧焊设备增加焊接电流。本实用新型的技术效果在于：电弧的推力点电压随线损变化而改变，在有线损的情况下，使得在工件与焊条之间能得到正常燃弧，并能保持电弧稳定。
77. 201529828 用于管-板圆周焊接的自动焊枪
CN
21.07.2010
B23K 5/22 Loading...
B23K 5/22
Loading...
200920205935.8
深圳市瑞凌实业股份有限公司
邱光
B23K 5/22
Loading...
一种用于管-板圆周焊接的自动焊枪，包括可撤销地固定于被焊管材内壁的定位机构、驱动机构和设置有焊枪的调整固定架；该自动焊枪还包括圆形的固定套和旋转套筒；所述定位机构设置在所述固定套前端，并与该固定套同一中心轴线；所述旋转套筒可转动地套在所述固定套后部的外表面，也与该固定套同一中心轴线；所述驱动机构一部分设置在所述固定套的外表面，另一部分设置在所述旋转套筒外表面以驱动该旋转套筒绕所述固定套同轴线旋转；所述调整固定架设置在所述旋转套筒外表面。本实用新型自动焊枪能够准确和快速地固定于被焊管材内壁，具有结构简单、焊接效率高和焊缝质量好等优点，尤其适合厚壁管材同厚板的焊接。
78. 201529835 便携式无死角自动焊接设备
CN
21.07.2010
B23K 9/12 Loading...
B23K 9/12
Loading...
200920206014.3
深圳市瑞凌实业股份有限公司
邱光
B23K 9/12
Loading...
一种便携式无死角自动焊接设备，包括机架、焊枪、焊枪架和焊枪架驱动装置，所述焊枪架驱动装置包括电动机、蜗杆、蜗轮、曲轴、连杆、直线轴承和直线轴承座，电动机与蜗杆连接、蜗杆与蜗轮啮合，曲轴根部固定于蜗轮上；曲轴前端与连杆尾部铰接，连杆上装有直线轴承，该直线轴承装于直线轴承座上，直线轴承座与机架枢接。当电动机带动蜗轮于角位移小于或等于π的范围内正反转动时，连杆会以所述直线轴承座左右摆动并通过直线轴承作轴向直线往复移动，此时连杆的头部形成直线往复运动，使固定在该连杆顶端的焊枪架循着直线轨迹往复移动，焊枪以该直线往复运动的轨迹作路径进行焊接，从而达到无死角自动焊接。是一种结构简单，性能稳定，对电动机的性能要求低，能保证焊枪往复直线运动精度的便携式无死角自动焊接设备。
79. 201529833 用于管-板圆周焊的、分段设定参数的自适应弧焊设备
CN
21.07.2010
B23K 9/00 Loading...
B23K 9/00
Loading...
200920260725.9
深圳市瑞凌实业股份有限公司
邱光
B23K 9/00
Loading...
一种用于管-板圆周焊的、分段设定参数的自适应弧焊设备，包括焊枪和驱动该焊枪沿被焊工件管-板圆周焊缝转动的驱动机构，以及用于控制焊接电力供给和焊枪角位移速度的控制装置，控制装置包括焊接电源模块、中央处理单元CPU、存储器、数字比较器、脉冲计数器、外部预设控制模块、焊接启动模块、控制焊接电流的D/A模块I、控制焊接电压的D/A模块II和焊枪的角位移传感器。使用本实用新型自适应弧焊设备，可节省焊材、提高焊接效率、提高焊缝成型效果和提高焊接合格率等，极大地方便了广大用户，尤其适合厚壁管材同厚板的焊接。
80. 101564788 Method enabling gun clamper to stop on middle position of oscillating range and oscillator of welding gun clamper
CN
28.10.2009
B23K 9/12 Loading...
B23K 9/12
Loading...
200810066911.9
Shenzhen Riland Industry Co., Ltd.
Qiu Guang
B23K 9/12
Loading...
The invention relates to a method enabling a gun clamper to stop on the middle position of an oscillating range and an oscillator of a welding gun clamper using the method. The oscillator of the welding gun clamper comprises an electric motor, a transmission assembly, a driving oscillating rod, a driven oscillating rod and a gun clamper for clamping a welding gun. The oscillator is provided with a sensor used for detecting the oscillating position of the driven oscillating rod and a control circuit for feeding back the position of the driven oscillating rod, wherein the control circuit comprises the sensor, a relay and the electric motor. When a control switch of the oscillator of the welding gun clamper is pulled to the oscillating-stop position, the sensor is electrified to enable the sensor to generate an effective-control signal to the relay when the driven oscillating rod is oscillated to the middle position of the oscillating range; the relay cuts off the power supply of the electric motor to stop the oscillation of the gun clamper, and the gun clamper stops on the middle position of the oscillating range. The method enabling a gun clamper to stop on the middle position of an oscillating range precisely positions the gun clamper in the oscillating range by means of mechanical tracking and circuit feedback, simplifies the operation steps of the operating staff and guarantees the precision and the welding quality of the oscillating welding.
81. 101564789 Automatic welding small vehicle capable of carrying out discontinuous welding and discontinuous welding method
CN
28.10.2009
B23K 9/12 Loading...
B23K 9/12
Loading...
200810066912.3
Shenzhen Riland Industry Co., Ltd.
Qiu Guang
B23K 9/12
Loading...
The invention relates to an automatic welding small vehicle capable of carrying out discontinuous welding, which comprises a small vehicle structure carried by moving wheels to move, a driving electric motor for driving the moving wheels to move, a welding gun clamper for clamping a welding gun and conveying a welding material, and a control box. The end part of the driving electric motor is provided with an angular displacement transducer, and the number of pulses in pulse clusters outputted by the angular displacement transducer and the counted circles of the rotation of an output shaft of the driving electric motor are in direct proportion. The control box comprises an accumulator, a microprocessor module, a memory module, an outside preset control module, a digital/simulating converting module, a walk speed adjusting module and a welding executing module. Whether the welding is carried out is decided by the selection of the microprocessor module according to the condition that the data of welding and discontinuing, which is preset by the outside preset control module, are stored in the memory module. The invention also provides a discontinuous welding method based on the automatic welding small vehicle. An object to be welded can be welded discontinuously by using the automatic welding small vehicle and the discontinuous welding method so as to save the welding material and increase the welding efficiency, thereby being greatly convenient for the user.
82. 201327765 用于电焊设备的高频变压器
CN
14.10.2009
H01F 27/28 Loading...
H01F 27/28
Loading...
200820213569.6
深圳市瑞凌实业有限公司
邱光
H01F 27/28
Loading...
一种用于电焊设备的高频变压器，包括磁芯和上方设有两引线固定槽的绕组骨架，以及绕制在该绕组骨架上的初级绕组和次级绕组；初级绕组包括内、外两组初级线圈，次级绕组位于该内、外两组初级线圈之间。初级绕组采用多股漆包线束分四层绕制，其中内层初级线圈设有两层，外层初级线圈也设有两层，各层初级线圈的同铭端分别电连接。次级绕组包括两组次级线圈，分别采用多股漆包线束分两层绕制；其中一组次级线圈的两层线圈串联后从串联点抽头引出；另一组次级线圈的两层次级线圈串联后也从串联点抽头引出。本实用新型高频变压器具有高功率体积比、高工作频率、低漏磁、良好的散热、高效率、稳定的输出电流、高绝缘强度和方便安装等优点。
83. 201327770 用于电焊的高频变压器
CN
14.10.2009
H01F 29/02 Loading...
H01F 29/02
Loading...
200820212856.5
深圳市瑞凌实业有限公司
邱光
H01F 29/02
Loading...
一种用于电焊的高频变压器，包括磁芯和上方设有两引线固定槽的绕组骨架，以及绕制在该绕组骨架上的初级绕组和次级绕组；所述次级绕组包括内、外两组次级线圈，所述初级绕组位于该内、外两组次级线圈之间；初级绕组采用多股漆包线束分6层绕制，每层初级线圈的同铭端分别电连接；所述内、外两组次级线圈也采用多股漆包线束分2层绕制；内层次级线圈的漆包线横截面积小于所述外层次级线圈的漆包线横截面积；两内层次级线圈串联后从串联点设置中间抽头，两外层次级线圈串联后从串联点也设置中间抽头。本实用新型高频变压器具有高功率体积比、高工作频率、低漏磁、良好的散热、高效率、高绝缘强度和方便安装等优点。
84. 201287244 手工电弧焊、氩弧焊和等离子切割三用一体式焊接设备
CN
12.08.2009
B23K 28/02 Loading...
B23K 28/02
Loading...
200820212861.6
深圳市瑞凌实业有限公司
邱光
B23K 28/02
Loading...
一种手工电弧焊、氩弧焊和等离子切割三用一体式焊接设备，依次包括电源接入及过电压防护模块、工频整流及滤波模块、高频逆变－变压模块、包含有串并联转换单元的高频整流模块和直流电力输出模块，以及电流给定与反馈电路、驱动电路模块、包含有功能转换单元的控制电路模块和辅助电源；高频逆变－变压模块的变压器绕组包括两组以上的次级线圈；通过控制电路模块的功能转换单元来控制高频整流模块中的串并联转换单元，使高频逆变－变压模块之变压器两组以上的次级线圈的电连接为并联或者串联，从而使焊接设备分别为手工电弧焊或氩弧焊或等离子切割工作方式提供不同的输出电压和输出电流。本实用新型三用一体式焊接设备具有体积小、性价比高、效率高和结构简单的优点。
85. 201235440 可实施间断焊接的自动焊小车
CN
13.05.2009
B23K 9/12 Loading...
B23K 9/12
Loading...
200820093673.6
深圳市瑞凌实业有限公司
邱光
B23K 9/12
Loading...
一种可实施间断焊接的自动焊小车，包括由行走轮承载行进的小车构架、驱动行走轮行进的驱动电机、用于夹持焊枪和输送焊材的焊枪夹，以及控制盒；驱动电机端部安装有角位移变送器，该角位移变送器输出脉冲串中脉冲的个数正比于驱动电机输出轴转动的累计圈数；控制盒包括累加器、微处理器模块、存储器模块、外部预设控制模块、数字/模拟变换模块、行走速度调节模块，以及焊接执行模块；借助外部预设控制模块预先设定的焊接和间断时的各数据都贮存在存储器模块中，由微处理器模块选用来决定是否焊接。使用本实用新型自动焊小车，可对焊接物件实现间断焊接，从而节省焊接材料和提高焊接效率，极大地方便了广大用户。
86. 201198068 使枪夹停于摆动范围中间位置的焊枪夹摆动装置
CN
25.02.2009
B23K 9/12 Loading...
B23K 9/12
Loading...
200820093674.0
深圳市瑞凌实业有限公司
邱光
B23K 9/12
Loading...
一种使枪夹停于摆动范围中间位置的焊枪夹摆动装置，所述焊枪夹摆动装置包括电机、传动组件、主动摆杆、从动摆杆和用于夹持焊枪的枪夹。本实用新型设置用于侦测所述从动摆杆摆动位置的传感器和包括该传感器、继电器和电机的从动摆杆位置反馈控制电路，当所述焊枪枪夹摆动装置的控制开关被扳于停摆位置，所述传感器得电，俟从动摆杆摆动至摆动范围的中间位置时，所述传感器发出有效控制信号至继电器，该继电器动作断开所述电机的电源，导致所述枪夹停止摆动，该枪夹停于摆动范围的中间位置。本实用新型通过机械跟踪、电路反馈的手段对枪夹在摆动范围中的位置实现精确定位，简化了操作人员的操作步骤，确保摆动焊接的精确度和焊接质量。
87. 201198069 垂直气电自动焊接小车
CN
25.02.2009
B23K 9/12 Loading...
B23K 9/12
Loading...
200820094345.8
深圳市瑞凌实业有限公司
邱光
B23K 9/12
Loading...
垂直气电自动焊接小车，包括在垂直导轨上设有轨道齿条的轨道组件、设有蜗轮箱组件的小车构架、水冷滑块组件、焊枪夹组件和摆动器组件，小车构架置于轨道组件上，借助蜗轮箱组件内的齿轮与轨道齿条啮合，从而使小车构架受电力驱动在垂直导轨上行进；水冷滑块组件通过水冷滑块位置调节构件设置在小车构架上，焊枪夹组件设置在摆动器组件上，摆动器组件通过焊枪夹左右上下调节构件设置在小车构架上；水冷滑块组件、水冷滑块位置调节构件、焊枪夹组件、摆动器组件和焊枪夹左右上下调节构件均由小车构架承载行进。该自动焊接小车将焊枪夹组件与水冷滑块组件各自独立设置，互不干涉，使其生产和维修时非常方便，极大地方便了广大用户。
88. 201195226 能够调整施焊角度和位置的焊枪夹装置
CN
18.02.2009
B23K 9/28 Loading...
B23K 9/28
Loading...
200820093944.8
深圳市瑞凌实业有限公司
邱光
B23K 9/28
Loading...
一种能够调整施焊角度和位置的焊枪夹装置，安装于自动焊接设备上，包括第一滑臂(1)、第二滑臂(2)、旋转臂(3)、枪夹连接片(4)和用于夹持焊枪的枪夹(5)；所述第一滑臂(1)与第二滑臂(2)可沿互相纵向中心线可滑动地连接在一起；所述旋转臂(3)可转动地连接在第二滑臂(2)的侧面；所述枪夹连接片(4)是将一块平板弯折90°制成，其第一连接面(41)与旋转臂(3)可转动地连接在一起，其第二连接面(42)与枪夹(5)可转动地连接在一起。本实用新型所述焊枪夹装置使被所述枪夹(5)夹持的焊枪可以自由调整施焊角度和位置，适应了各种焊接方式的要求，使焊枪的调整操作简单化。
89. 101098118 Rotation velocity control method and circuit of DC dragging system
CN
02.01.2008
H02P 7/18 Loading...
H02P 7/18
Loading...
200710075104.9
Qiu Guang
Qiu Guang
H02P 7/18
Loading...
The invention relates to a rotation speed control method and a relative circuit, of direct-current drawing system, comprising that a power supply (1)powers a drive motor (7)at pulse via a power supply electronic switches (61, 62), sampling the rotation reverse potential of armature of the drive motor (7)between two pulses in power supply as the character value of the rotation speed of the drive motor (7), comparing the sampled rotation reverse potential with a preset speed voltage to obtain an error voltage, according to the error voltage, adjusting the width of power supply pulse of the drive motor (7)until the error voltage approaches to zero, thereby realizing the rotation speed feedback modulation of the drive motor (7). The invention is characterized in the accurate control on the rotation speed of the drive motor, without any speed tester on the drive motor.
90. 1564277 High efficiency low leakage intermediate-frequency power transformer and its mfg. method
CN
12.01.2005
H01F 27/24 Loading...
H01F 27/24
Loading...
200410027021.9
Ruiling Ind Co., Ltd., Shenzhen City
Qiu Guang
H01F 27/24
Loading...
The transformer includes magnetic core, primary coil, secondary coil. the magnetic core is made from ferrite core in '*' shape formed by matching two magnetic cores in 'C' type. Coiling stem is in circular cross section, and magnetic yoke part is in rectangle section. Section on conducting wire in primary coil, secondary coil is rectangle. Wire is arranged in single layer of vertical circline. Primary coil and secondary coil are arranged in alternately, and there is heat elimination gap between conducting wires. Advantages are: high efficiency, low magnetic leakage, good heat elimination, and high ratio between power and volume.

