1. 206029070 电焊机的工具固定装置
CN
22.03.2017
B23K 37/00 Loading...
B23K 37/00
Loading...
201621045643.9
深圳市佳士科技股份有限公司
陈冰冰
B23K 37/00
Loading...
本实用新型揭示了一种电焊机的工具固定装置，包括电焊机机箱、线扣和线扣套；所述线扣设置有输入端和输出端；所述电焊机机箱一侧设置有开孔，所述线扣输入端安装固定于所述开孔处，所述输出端朝向所述电焊机机箱内侧，所述线扣套锁紧固定于所述线扣输出端。本实用新型提供了一种结构简单，可固定放置电焊机工具的装置。
2. WO/2017/031819 DOUBLE-BOARD ELECTRIC WELDING MACHINE
WO
02.03.2017
B23K 9/32 Loading...
B23K 9/32
Loading...
PCT/CN2015/092312
SHENZHEN JASIC TECHNOLOGY CO., LTD.
BA, Zhongcheng
B23K 9/32
Loading...
A double-board electric welding machine comprises a machine casing (10). A first PCB board (20) and a second PCB board (30) are provided in the machine casing (10), the first PCB board (20) and the second PCB board (30) are fixed together by using a threaded rod (10), and the first PCB board (20) and the second PCB board (30) are arranged in parallel and are parallel to the bottom of the machine casing (10). The second PCB board (30) is fixed to the machine casing (10) by using a mounting bracket (90), and electronic parts and components electrically connected to an interface and a control panel of the electric welding machine are mounted on the first PCB board (20) and the second PCB board (30). The internal circuit arrangement enables the structure of the electric welding machine to be more compact. In addition, when parts and components on one PCB board are damaged, only the PCB board is replaced, thereby reducing maintenance costs of the electric welding machine.
3. 205887863 阀体管口整形机
CN
18.01.2017
B21D 41/02 Loading...
B21D 41/02
Loading...
202016000766536
深圳市佳士科技股份有限公司
潘磊
B21D 41/02
Loading...
本实用新型涉及机械加工设备的技术领域，提供阀体管口整形机，包括机体、转盘、夹紧机构、上料机构、整形机构和下料机构。上述阀体管口整形机工作时，转盘转动，夹紧机构在转盘的转动下，依序经过上料机构、整形机构和下料机构，首先，上料机构先将阀体上料到夹紧机构上，接着，夹紧机构转动至整形机构处，整形机构再对阀体的管口进行整形加工，经整形完毕后，下料机构再将阀体从夹紧机构上取下。这样，采用上述阀体管口整形机能够实现对阀体管口的整形处理，并便于后续对阀体管口的焊接操作，提高焊接效率低，且采用整形机构对管口的自动化处理，保证管口整形的一致性，并减少后续焊接操作人员的工作时长，减少工伤事故的发生。
4. 205873021 接管停靠储存装置
CN
11.01.2017
B65G 1/04 Loading...
B65G 1/04
Loading...
201620779818.2
深圳市佳士科技股份有限公司
潘磊
B65G 1/04
Loading...
一种接管停靠储存装置，包括工装车、接管定位架、导正机构、防撞机构及锁定组件。当要放置接管时，先将接管放置在接管定位架上，接着，使工装车移动至指定位置处，然后，使工装车的推进导正机构，以引导工装车停在指定方位，并同时使到工装车的前端碰到防撞机构；之后，通过锁定组件以锁定工装车移动。而需要将放置有接管的接管定位架置于其他位置处，先使锁定组件释锁工装车，然后直接移动工装车即可，简单方便，大大方便组装人员的拿取，并有利于提高整个组装工作的生产效率。
5. 205879214 插管检测装置
CN
11.01.2017
G01D 11/16 Loading...
G01D 11/16
Loading...
202016000788364
深圳市佳士科技股份有限公司
潘磊
G01D 11/16
Loading...
一种插管检测装置，应用于固持接管的固持装置上，其包括检测安装架、检测移动件、第一弹性件、第二弹性件及检测感应器，检测安装架上设有检测安装腔；检测移动件可移动地设于检测安装腔内，并与固持装置连接；第一弹性件、第二弹性件分设于检测安装腔的两侧端上，并分别弹性抵压于检测移动件的两侧端。当固持装置固持接管时，其作用于接管的固持力出现过大或过小时，第一弹性件和第二弹性件可通过其弹性力控制检测移动件的移动而控制固持装置固持接管的固持力的大小；当接管没能准确插进指定位置处时，第一弹性件会被压缩，直至压缩到指定的压缩距离，此时检测感应器会立刻发出报警信号，以使固持装置重新找插入点或排出物料。
6. 205870110 送料工装机构及具有该机构的送料设备
CN
11.01.2017
B23Q 7/14 Loading...
B23Q 7/14
Loading...
201620792644.3
深圳市佳士科技股份有限公司
潘磊
B23Q 7/14
Loading...
本实用新型属于送料设备技术领域，提供一种送料工装机构及具有该机构的送料设备，包括可承载多个物件的载物件、可定位固定所述载物件的支撑组件和运载多个所述载物件至所述支撑组件的工装车组件，所述工装车组件可与所述支撑组件之间定位连接，所述载物件上设有多个定位槽，所述支撑组件包括多个与所述定位槽配合的定位组件和检测所述载物件位置并控制所述定位组件与所述定位槽配合的检测装置；这样设计可以解决现有的送料机构供料一致性差，并且在取料的过程中容易损坏物件的问题。
7. 205614170 焊接电源及交直流氩弧焊机
CN
05.10.2016
B23K 9/10 Loading...
B23K 9/10
Loading...
202016000393456
深圳市佳士科技股份有限公司
张金雷
B23K 9/10
Loading...
本实用新型属于氩弧焊机领域，尤其涉及一种焊接电源及交直流氩弧焊机。该焊接电源包括依次相接的整流滤波单元、一次逆变单元、变压器和混合逆变单元，所述混合式逆变单元通过内部集成有快恢复二极管的IGBT或IGBT半桥模块将整流功能和二次逆变功能混合成一体结构设计，这样不仅降低了功率器件的种类和数量，还降低了电路板布局布线的难度。也避免了焊机在直流输出时功率开关工作不平衡的状态，从而解决了传统电路结构的功耗大、散热器和风扇大、成本高、布线复杂等问题，达到降低焊机的重量和体积、降低成本、提高焊接效果的目的。
8. 205587802 焊锡送丝一体机
CN
21.09.2016
B23K 3/06 Loading...
B23K 3/06
Loading...
201620311892.1
深圳市佳士科技股份有限公司
潘磊
B23K 3/06
Loading...
本实用新型涉及焊接设备技术领域，尤其涉及焊锡送丝一体机，包括焊接机和为所述焊接机输送锡丝的送丝机，所述焊锡送丝一体机还包括机架，所述机架包括下承托板、上承托板以及连接于所述下承托板与所述上承托板之间的支撑板，所述焊接机固定安装于所述下承托板上，所述送丝机固定安装于所述上承托板上。在具体使用过程中，通过控制机架的移动即可实现控制焊接机和送丝机移动，那么当需要在大范围进行焊锡工作时，可以同时控制焊接机和送丝机移动，相比传统的需要分别控制焊接机和送丝机进行移动的技术，本实用新型的焊锡送丝一体机结构集成一体化，移动操控更加方便，灵活性好，能够进一步提升焊锡工作的生产效率。
9. 205551765 电气连接装置及焊机
CN
07.09.2016
B23K 9/32 Loading...
B23K 9/32
Loading...
202016000018710
深圳市佳士科技股份有限公司
潘磊
B23K 9/32
Loading...
本实用新型适用于电子领域，提供一种电气连接装置，所述电气连接装置包括第一电极、第二电极和固定连接架。第二电极可与第一电极接触导电。固定连接架可与外部设备相连接，固定连接架用于支撑和保护第一电极和第二电极。此外，还提供了一种焊机。电气连接装置通过固定连接架可以固定在不同的设备上，通过导通第一电极和第二电极，可以使不同的设备相互导通接触，上述电气连接装置结构简单、操作方便、安全可靠。
10. 105817740 焊接电源及交直流氩弧焊机
CN
03.08.2016
B23K 9/10 Loading...
B23K 9/10
Loading...
102016000286861
深圳市佳士科技股份有限公司
张金雷
B23K 9/10
Loading...
本发明属于氩弧焊机领域，尤其涉及一种焊接电源及交直流氩弧焊机。该焊接电源包括依次相接的整流滤波单元、一次逆变单元、变压器和混合逆变单元，所述混合式逆变单元通过内部集成有快恢复二极管的IGBT或IGBT半桥模块将整流功能和二次逆变功能混合成一体结构设计，这样不仅降低了功率器件的种类和数量，还降低了电路板布局布线的难度。也避免了焊机在直流输出时功率开关工作不平衡的状态，从而解决了传统电路结构的功耗大、散热器和风扇大、成本高、布线复杂等问题，达到降低焊机的重量和体积、降低成本、提高焊接效果的目的。
11. 203992755 具有基于AVR单片机的电弧焊接精确熔滴短路过渡控制电路的焊机
CN
10.12.2014
B23K 9/095 Loading...
B23K 9/095
Loading...
201420482344.6
深圳市佳士科技股份有限公司
黄小刚
B23K 9/095
Loading...
本实用新型提供了一种具有基于AVR单片机的电弧焊接精确熔滴短路过渡控制电路的焊机，其包括有：电流采样电路、电压采样电路、参数调节显示电路、AVR单片机、D/A转换电路、给定信号切换电路和比例积分电路、斩波管控制电路等。本实用新型将参数显示调节面板设置的焊接参数(如焊丝类型、焊丝直径、保护气体种类、弧长、送丝速度等)信息输入给AVR单片机，AVR单片机会根据这些信息利用专家程序公式计算出熔滴短路过渡各个阶段的标准给定电流值以及该阶段所持续的标准时间。整个控制系统实现了焊接过程中熔滴过渡每一个阶段的精确控制，满足了用户对焊接性能的高要求。
12. 104090556 Self-adaptive ecological welding environment monitoring system and method
CN
08.10.2014
G05B 19/418 Loading...
G05B 19/418
Loading...
201410328812.9
深圳市佳士科技股份有限公司
周兴亚
G05B 19/418
Loading...
The invention discloses a self-adaptive ecological welding environment monitoring system and method. Real-time collection and monitoring are performed on parameters of internal environments and external environments of welding machines, a system platform management unit performs data analysis on the parameters, and environmental improvement regulation and alarm processing are performed under the conditions of different welding environment parameters. Compared with the prior art, the self-adaptive ecological welding environment monitoring system and method have the advantages that a function of environment improvement is achieved, and safety reliability of welding operators is improved effectively; the welding machines are managed in a centralized mode, welding on-site environments and operation procedures of operators are monitored, and high-yield and high-safety operation sites are achieved; by means of remote or cloud monitoring and management and management of a personnel terminal wireless device, flow monitoring of personnel is achieved effectively, and the purpose of unattended operation is achieved.
13. 203751493 蓄电池电焊机输出控制电路
CN
06.08.2014
B23K 9/10 Loading...
B23K 9/10
Loading...
201420133182.5
深圳市佳士科技股份有限公司
萧波
B23K 9/10
Loading...
本实用新型提供了一种蓄电池电焊机输出控制电路，包括：蓄电池、电压整定电路、斩波电路和电流滤波电路。本实用新型在蓄电池电压低于焊接所需要的电压时，利用电压整定电路对蓄电池输出电压进行整定，通过改变场效应管的导通时间调节电压；然后通过斩波电路输出的PWM信号改变场效应管的导通时间控制输出电流或电压到电焊机。本实用新型在焊接量比较小的现场，具有设备简单、操作方便、不需要经常维护保养、噪音小，使用成本低等优点。
14. 103817401 Method and system for realizing current type limited bipolar PWM (pulse-width modulation) output by combining DSP (digital signal processor) with CPLD (complex programmable logic device)
CN
28.05.2014
B23K 9/09 Loading...
B23K 9/09
Loading...
201410057261.7
深圳市佳士科技股份有限公司
李源
B23K 9/09
Loading...
The invention provides a method and a system for realizing current type limited bipolar PWM (pulse-width modulation) output by combining a DSP (digital signal processor) with a CPLD (complex programmable logic device). The method includes acquiring output current and voltage of a welding power source through the DSP, analyzing, comparing and calculating various parameters set by a panel, transmitting calculation results to the CPLD, outputting four channels of limited bipolar PWM signals accordant with time sequence by the CPLD, simultaneously transmitting an analog quantity by the DSP, comparing with a primary current signal of a transformer before transmitting to the CPLD, judging whether to cut off output of current pulses by the CPLD, and accordingly realizing current type limited bipolar PWM output functions. Compared with the prior art, the method and the system for realizing current type limited bipolar PWM output have the advantages of simple circuit, no debugging and high control accuracy. Besides, frequency and dead zones and the like are dispense with manual adjustment and do not change as error of components and parts, circuit and labor cost are reduced, and since special circuits and manual debugging are omitted, equipment cost is reduced.
15. 103817417 具有焊接参数专家库的一元化数字埋弧焊控制系统
CN
28.05.2014
B23K 9/18 Loading...
B23K 9/18
Loading...
201410057268.9
深圳市佳士科技股份有限公司
李志岗
B23K 9/18
Loading...
本发明提供了一种具有焊接参数专家库的一元化数字埋弧焊控制系统，在焊接过程中该控制系统可根据用户指定的条件，在不同的焊接阶段自动给出最佳的焊接参数及与此匹配的控制策略和控制参数，从而使用户无需过多的专业培训即能获得稳定的焊接过程和优良的焊接质量。与现有技术相比，本发明具有智能化控制，易于使用的优点，能大幅度减少对使用者的培训时间；而且本发明利用内置焊接参数专家库，可确保焊接参数达到最佳匹配状态，控制策略和控制参数使用更加精确，从而形成良好的焊接质量。
16. 103769721 Electric arc welding actuate molten dropping short-circuit transitioning control circuit based on AVR (automatic voltage regulation) singlechip
CN
07.05.2014
B23K 9/10 Loading...
B23K 9/10
Loading...
201410040940.3
深圳市佳士科技股份有限公司
黄小刚
B23K 9/10
Loading...
The invention provides an electric arc welding actuate molten dropping short-circuit transitioning control circuit based on an AVR (automatic voltage regulation) singlechip. The electric arc welding actuate molten dropping short-circuit transitioning control circuit comprises a current sampling circuit, a voltage sampling circuit, the AVR singlechip, the D/A (digital/analog) conversion circuit, a rated signal conversion circuit and a proportion integration circuit. The electric arc welding actuate molten dropping short-circuit transitioning control circuit realizes real-time precision sampling of welding current and welding voltage through an analog circuit and real-time precise calculation of a voltage change ratio in a welding wire short-circuit transitioning process; then the signals are input into the AVR singlechip; after PID calculation and logical judgment, the AVR singlechip can control the intensity of a rated signal and real-time switching on and switching off of a chopped wave pipe in each stage of molten dropping transitioning in real time in a welding process as per the signals fed back, so that precision control on each stage of the molten dropping transitioning in the welding process is realized; the transitioning frequency, the input heat and sputtering of molten dropping in the welding process can be effectively controlled, and a strict requirement of a user for the welding performance is met.
17. 203340412 一种PCB直插器件管脚密封装置
CN
11.12.2013
H05K 1/02 Loading...
H05K 1/02
Loading...
201320479387.4
深圳市佳士科技股份有限公司
李立民
H05K 1/02
Loading...
本实用新型提供了一种PCB直插器件管脚密封装置，包括：线路板、直插器件以及密封结构件，所述线路板上设置有插孔，所述直插器件上设置有可对应穿过所述密封结构件并插入所述插孔中的引脚，且所述引脚密封于密封结构件内。本实用新型有效地密封了直插器件的裸露引脚部分，其具有安装简单、高效及一致性好等优点，该密封装置可确保直插器件裸露引脚的有效密封，提高了生产的简易性，而且其拆卸方便，可重复使用，极大地提高了产品的可维护性。
18. 203149018 焊机参数测试仪
CN
21.08.2013
G01R 19/00 Loading...
G01R 19/00
Loading...
201320158005.8
深圳市佳士科技股份有限公司
张辉灵
G01R 19/00
Loading...
本实用新型公开了一种焊机参数测试仪，连接在焊机和数据处理终端之间，包括有A/D转换器和传感器单元，所述传感器单元与焊机连接，用于采集焊机参数；所述A/D转换器与传感器单元，用于将采集的焊机参数转换成数字信号；所述数据处理终端通过CANBUS现场总线与A/D转换器连接，用于对转换成数字信号后的焊机参数进行解析还原。与现有技术相比，本实用新型能够快速准确的获取各个焊机的参数，从而有效对多个焊机的参数进行监控管理，避免了焊接工艺问题，提高了产品的焊接效果。
19. 202622147 一种双丝埋弧焊焊接控制装置
CN
26.12.2012
B23K 9/18 Loading...
B23K 9/18
Loading...
201220195532.1
深圳市佳士科技股份有限公司
郝建功
B23K 9/18
Loading...
本实用新型公开了一种双丝埋弧焊焊接控制装置，包括采样电路，及与采样电路联接的前弧焊头和后弧焊头，还包括与采样电路联接的控制电路；所述的控制电路还联接有用于选择联控控制和分控控制方式的选择开关。本实用新型由于采用了可以选择联控或分控的选择开关，使得双丝埋弧焊可以选择前弧焊头与后弧焊头一起控制，也可以是单独控制，使其在使用过程中可以选择不同的焊接模式，应用范围更广；操作更灵活；自动化水平高。通过本实用新型的应用，可以大幅度拓宽双丝埋弧焊的应用领域，满足多种自动焊要求。
20. 202622139 一种双丝埋弧焊引弧控制装置
CN
26.12.2012
B23K 9/067 Loading...
B23K 9/067
Loading...
201220195531.7
深圳市佳士科技股份有限公司
刘振光
B23K 9/067
Loading...
本实用新型公开了一种双丝埋弧焊引弧控制装置，包括采样电路，及与采样电路联接的前弧焊头和后弧焊头，还包括与采样电路联接的控制电路；所述的控制电路还联接有引弧开关。本实用新型由于采用特定的引弧开关，控制电路依此先对前弧焊头进行定点引弧(即停止状态下引弧)，再输出行走信号，使后弧焊头在移动中引弧(即行走状态下引弧)，可以大幅度提高双丝埋弧焊的引弧成功率，消除双丝埋弧焊在引弧段的焊接缺陷。
21. 202278284 一种逆变式弧焊电源
CN
20.06.2012
B23K 9/10 Loading...
B23K 9/10
Loading...
201120346280.3
深圳市佳士科技股份有限公司
刘振光
B23K 9/10
Loading...
本实用新型涉及一种逆变式弧焊电源，包括依电路原理连接的三相整流模块、电容滤波模块、全桥逆变模块、降压隔离模块、二次整流模块、取样反馈模块、电感滤波输出模块、逆变控制模块；逆变控制模块的输入端与取样反馈模块的输出端连接，逆变控制模块的输出端与全桥逆变模块连接，还包括稳压模块，稳压模块的输入端与电容滤波模块的输出端连接，稳压模块的输出端与全桥逆变模块的输入端连接，本实用新型能在电源电压不稳定的地方正常工作，能够兼容不同地区的不同电压的电网。
22. 202240080 逆变式弧焊电源
CN
30.05.2012
B23K 9/10 Loading...
B23K 9/10
Loading...
201120346302.6
深圳市佳士科技股份有限公司
周宏观
B23K 9/10
Loading...
本实用新型涉及一种逆变式弧焊电源，包括依电路原理连接的可控硅三相桥式半控整流稳压模块、全桥逆变模块、降压隔离模块、二次整流模块、取样反馈模块、电感滤波输出模块、逆变控制模块；逆变控制模块的输入端与取样反馈模块的输出端连接，逆变控制模块的输出端与全桥逆变模块连接，本实用新型能在电源电压不稳定的地方正常工作，能够兼容不同地区的不同电压的电网。
23. 202205065 一种电焊机输出参数的采集监控集成系统
CN
25.04.2012
G05B 19/048 Loading...
G05B 19/048
Loading...
201120316478.7
深圳市佳士科技股份有限公司
杜云
G05B 19/048
Loading...
本实用新型涉及一种电焊机输出参数的采集监控集成系统，包括数据采集装置、数据接收装置、数据处理储存监控装置，所述的数据采集装置包括两台或两台以上的电焊机和两台或两台以上的A/D转换控制箱，电焊机和A/D转换控制箱一一对应电连接，数据接收装置为安装有PCI数据接收板卡的网关服务器，数据处理储存监控装置包括交换机及PC机，电焊机、A/D转换控制箱与数据接收装置网关服务器之间CAN总线连接，数据接收装置网关服务器与数据处理储存监控装置之间以太网连接。本实用新型安全稳定、操作便捷、应用广泛、传输及时，实现海量电焊机实时监控。
24. 102233516 General assembly line of welding machine and production flow of welding machine
CN
09.11.2011
B23P 21/00 Loading...
B23P 21/00
Loading...
201010168232.X
Shenzhen Jasic Technology Development Co.,Ltd.
Zhou Bin
B23P 21/00
Loading...
The invention discloses a general assembly line of a welding machine and a production flow of the welding machine. The general assembly line of the welding machine comprises a conveyor belt consisting of a big return steel strip and a small return steel strip which are concentric; rollers are arranged inside the big return steel strip and outside the small return steel strip; more than two movable plates are arranged between the big return steel strip and the small return steel strip; and a liftable parallel rolling belt is arranged below the movable plates. The production flow of the welding machine comprises the steps of installation of a base and a rear panel arranged sequentially according to the line production, installation of a fan and a reactor, installation of a movement and a handle wire, installation of a middle partition board assembly, installation of a control panel and an air switch, installation of a front panel assembly, installation of a front panel, installation of a power wire, installation of an electric transformer and a resistance plug, installation of a power supply component, instillation of a plug wire, appearance detection, binding, repair, debugging, adhesive dispersing, paint spraying, internal appearance detection, shell buckling, roasting, test welding, outdoor detection and packing. The invention has the advantages of high production efficiency, low cost and small occupied space.
25. 102218590 High-voltage low-frequency pulse arc ignition device of air plasma cutting machine
CN
19.10.2011
B23K 10/00 Loading...
B23K 10/00
Loading...
201010152581.2
Shenzhen Jasic Technology Development Co.,Ltd.
Jiao Huaizhi
B23K 10/00
Loading...
The invention relates to a high-voltage low-frequency pulse arc ignition device of an air plasma cutting machine. The device comprises a circuit board operation control signal input end CN1, a circuit board operation power supply signal input end CN2, a circuit board operation output signal end CN3, wherein the CN1 is connected with a relay M1; one end of the CN2 is connected with a secondary end of a main transformer; the other end of the CN2 is connected with a crystal oscillator circuit and a voltage-multiplying rectification circuit; the crystal oscillator circuit is connected with the voltage-multiplying rectification circuit through controlled silicon Q1 and Q2; the relay M1 controls the switching on/off of a circuit board; output ends E1 and E2 of the voltage-multiplying rectification circuit are connected with one end of the CN3; the other end of the CN3 is placed at a primary end of a step up transformer; and a secondary end of the step up transformer is coupled to a signal line of an auxiliary arc. By the device, the air plasma cutting machine adopts high-voltage low-frequency pulse arc ignition, and is low in interference and high in reliability.
26. 102218582 Submerged arc welding current pulse control circuit
CN
19.10.2011
B23K 9/10 Loading...
B23K 9/10
Loading...
201010152583.1
Shenzhen Jasic Technology Development Co.,Ltd.
Jiao Huaizhi
B23K 9/10
Loading...
The invention provides a submerged arc welding current pulse control circuit, comprising a multivibrator circuit, an analogue switch circuit, and three operation amplifiers U3A, U3D and U3C, wherein the multivibrator circuit is connected with the analogue switch circuit; a signal of the analogue switch circuit passes by the operation amplifier U3A and is transmitted to the operation amplifier U3D along with an output signal of the operation amplifier U3C; and an output terminal of the operation amplifier U3D is connected with a welding current control part of a welder. During the submerged arc welding process, an output current is a pulse current; and when the welder carries out the submerged arc welding, the pulse current, which is adopted as a welding current, can play the role of increasing penetration, thus being suitable for the occasions in which the required penetration is large while the practical welding current is small.
27. 102218381 Full-automatic paint spraying machine and paint spraying technology thereof
CN
19.10.2011
B05B 13/02 Loading...
B05B 13/02
Loading...
201010152601.6
Shenzhen Jasic Technology Development Co.,Ltd.
Zhou Bin
B05B 13/02
Loading...
The invention discloses a full-automatic paint spraying machine and a paint spraying technology thereof. The full-automatic paint spraying machine comprises a paint spraying rack; the paint spraying rack is provided with a guide rail, a gun spraying support, a spraying gun and an insulated paint container; the paint spraying rack is internally provided with a water pump; the water pump is connected with an input pipe; the other end of the input pipe is inserted into the insulated paint container; a connecting pipe is arranged between the output end of the water pump and the spraying gun; the paint spraying rack is provided with a three-dimensional manipulator device; the water pump is connected with a second servo motor; the input pipe is provided with a first electromagnetic valve; the paint spraying rack below the guide rail is provided with a detector switch; and one side of the paint spraying rack is provided with a baking device. The paint spraying technology is characterized by placing a PCB (printed circuit board) firstly; clamping the PCB for paint spraying by utilizing the three-dimensional manipulator device; and then delivering the PCB in the backing device for baking. The paint spraying quality for the PCB board is high by utilizing the paint spraying machine and the paint spraying technology provided by the invention; and the paint spraying technology has high efficiency and low cost.
28. 102218583 Inverter welding machine major loop with PFC (Power Factor Correction) function
CN
19.10.2011
B23K 9/10 Loading...
B23K 9/10
Loading...
201010152594.X
Shenzhen Jasic Technology Development Co.,Ltd.
Cai Limin
B23K 9/10
Loading...
The invention discloses an inverter welding machine major loop with a PFC (Power Factor Correction) function. Three-phase alternating current is rectified by a three-phase rectifier circuit composed of diodes D1-D6; a PFC circuit carries out waveform adjustment; a direct-current voltage is transmitted to capacitors C2-C4 mutually connected in parallel by a diode D10 by virtue of the isolation action of a transformer T1 while the requirement of PFC is achieved; a voltage on the capacitors C2-C4 are subjected to DC-DC (direction current-direct current) transform by virtue of a switch SW2; and the voltage is lowered to a voltage suitable for welding so as to be output by an output inductor L4. The design of the circuit of the inverter welding machine major loop is simplified, a residual circuit form is reduced, the product cost is greatly lowered, and the product failure rate is lowered on the basis.
29. 102118110 Parallel-connection closed-loop control circuit of high-power direct-current switch power supply
CN
06.07.2011
H02M 3/335 Loading...
H02M 3/335
Loading...
200910238898.5
Shenzhen Jasic Technology Development Co.,Ltd.
Xu Aiping
H02M 3/335
Loading...
The invention relates to a parallel-connection closed-loop control circuit of a high-power direct-current switch power supply. Each direct-current power supply module comprises a sub-power supply PWM (Pulse-Width Modulation) generating and controlling circuit, an inverter circuit, a transformer and a closed-loop feedback loop, wherein the sub-power supply PWM generating and controlling circuit, the inverter circuit and the transformer are provided with a power supply anode and a power supply cathode after being sequentially connected with each other, the power supply anodes of all direct-current power supply modules are connected with each other to form an output anode, and the power supply cathodes are connected with each other to form an output cathode; and each direct-current power supply module is also provided with a voltage control circuit, and the closed-loop feedback loop compares peak current signals in the inverter circuit with control signals of the voltage control circuit and then inputs the signals to the sub-power supply PWM generating and controlling circuit. The parallel-connection closed-loop control circuit can ensure the PWM synchronization and the independence of sub-power supplies, the sub-power supplies are controlled by the same control signal, and the equilibrium of output power is realized by closed-loop feedback.
30. 201833101 具有输入电流限制功能的焊接电源电路
CN
18.05.2011
B23K 9/10 Loading...
B23K 9/10
Loading...
201020165574.1
深圳市佳士科技股份有限公司
巴忠诚
B23K 9/10
Loading...
本实用新型公开了一种具有输入电流限制功能的焊接电源电路，包括输入电流模块；输入电流模块连接有电流检测模块，电流检测模块的输出端连接有信号处理及过流判定模块，信号处理及过流判定模块的输出端连接有主控制模块，主控制模块的输出端连接有功率输出电路模块，所述的功率输出电路模块的输出端与输入电流模块连接。这种电路能够限制输入电流在一定值以下，进而使供电电源在焊机工作过程中不会出现超负荷或跳保护器。
31. 201815786 基于语音提示的焊机操作面板
CN
04.05.2011
B23K 9/32 Loading...
B23K 9/32
Loading...
201020165558.2
深圳市佳士科技股份有限公司
李源
B23K 9/32
Loading...
本实用新型公开了一种基于语音提示的焊机操作面板，包括控制面板；控制面板上设有控制芯片，控制芯片上连接有语音芯片，语音芯片上连接有语音功放模块。利用本实用新型的结构，能够实现面板的语音化，降低操作人员的劳动强度。
32. 201815774 交流方波焊接电源稳弧电路
CN
04.05.2011
B23K 9/073 Loading...
B23K 9/073
Loading...
201020165569.0
深圳市佳士科技股份有限公司
刘振光
B23K 9/073
Loading...
本实用新型公开了一种交流方波焊接电源稳弧电路，包括整流电路、二次逆变半桥电路；所述的整流电路和二次逆变半桥电路之间设有滤波电感，所述滤波电感包括在一个铁芯上有同名端要求的两个绕组。利用本实用新型的电路，简化了二次逆变半桥电路的稳弧电路，并且电弧更稳定，能够增加再次引弧的能量。
33. 201815808 一种新型水冷循环冷却系统
CN
04.05.2011
B23K 37/00 Loading...
B23K 37/00
Loading...
201020165626.5
深圳市佳士科技股份有限公司
耿斌伟
B23K 37/00
Loading...
本实用新型公开了一种新型水冷循环冷却系统，包括壳体，壳体内设有变压器；所述的壳体内设有水箱、冷凝器，水箱上设有出水管，出水管的另一端连接有水泵；所述冷凝器上设有进水管，进水管的另一端连接在水泵上；所述冷凝器上设有出水口，水箱上设有进水口；所述的变压器外浇灌有环氧树脂层；变压器与水泵电性连接。本实用新型的冷却系统，冷却效果好，变压器具有防水性能，使用安全。
34. 201815776 一种新型多电压抽头式逆变焊机
CN
04.05.2011
B23K 9/10 Loading...
B23K 9/10
Loading...
201020165536.6
深圳市佳士科技股份有限公司
温尚军
B23K 9/10
Loading...
一种逆变焊机，电源控制电路主要包括控制板、整流电路、逆变电路、整流输出电路，所述电源的电流依次通过整流电路、逆变电路传输到变压器T3的初级，所述变压器T3的次级与整流输出电路连接；所述逆变电路输出与继电器J2连接，可控制继电器J2的开闭，所述继电器J2与一转换接头电路连接，所述转换接头电路与变压器T2初级连接，变压器次级与控制板连接，所述继电器J2通过转换接头电路的控制信号来控制，控制信号再流到控制板中；所述控制板与逆变电路、整流输出电路连接。提供一种输入电压范围较大，可以输入多种电源电压的逆变焊机。
35. 201815809 一种烤机
CN
04.05.2011
B23K 37/00 Loading...
B23K 37/00
Loading...
201020184753.X
深圳市佳士科技股份有限公司
周斌
B23K 37/00
Loading...
本实用新型公开了一种烤机，包括控制箱及电阻箱；控制箱经负载选择开关与电阻箱连接；所述控制箱包括壳体，壳体内设有控制电路，所述控制电路包括控制器和与控制器连接的主接触器；所述电阻箱包括外壳，外壳内设有负载电路，负载电路包括接触器和与接触器连接的两个以上电阻值不同的并联连接的负载电阻；所述的负载旋转开关的一端与控制器连接，另一端与接触器连接。利用本实用新型的结构，能够准确的控制焊机工作和休息时间，以实现精确的间歇性老化，提高老化效果；对负载的控制能够实现自动化控制，提高老化效率。
36. 201815807 硅钢片自动焊接机
CN
04.05.2011
B23K 37/00 Loading...
B23K 37/00
Loading...
201020165607.2
深圳市佳士科技股份有限公司
周斌
B23K 37/00
Loading...
本实用新型公开了一种硅钢片自动焊接机，包括机架，机架内设有焊接仓；所述机架上位于焊接仓左侧设有夹紧气缸，机架上位于焊接仓的右侧设有输送气缸；所述机架上位于焊接仓的后侧设有后对齐气缸，机架上位于焊接仓的前侧设有前对齐气缸；所述机架上位于焊接仓的上侧设有顶部对齐气缸，所述机架上位于焊接仓的下侧设有行走小车；所述机架上设有带动焊枪运动的行走机构，行走机构上设有焊枪。利用本实用新型的焊接机能够自动完成焊接工作，不耗费人力和时间，且焊接的质量高。
37. 201815777 一种发电机供电逆变式弧焊机电源电路
CN
04.05.2011
B23K 9/10 Loading...
B23K 9/10
Loading...
201020165589.8
深圳市佳士科技股份有限公司
李抗战
B23K 9/10
Loading...
一种发电机供电逆变式弧焊机电源电路，包括瞬时过压保护电路、全桥整流电路、LC滤波电路、逆变电路、主变压器、输出整流电路、驱动电路、控制电路、给定电路。发电机的输出电压依次通过瞬时过压保护电路、全桥整流电路、LC滤波电路、逆变电路、主变压器、输出整流电路后至焊机输出。既可以接入普通电网，也可以采用发电机供电的全桥逆变式弧焊电源，解决普通的弧焊电源当用于发电机时而导致的无法满足正常焊接工艺要求，甚至导致焊接设备损毁的问题。
38. 201815778 一种焊机冷却风机逆变控制电路
CN
04.05.2011
B23K 9/10 Loading...
B23K 9/10
Loading...
201020165650.9
深圳市佳士科技股份有限公司
李志岗
B23K 9/10
Loading...
一种焊机冷却风机逆变控制电路，包括三相桥式整流电路、斩波稳压电路和逆变电路，电网三相交流电依次通过三相桥式整流电路、斩波稳压电路和逆变电路后传输到冷却风机。可以大幅度提高焊机冷却风机的电网电压适应能力，使焊机冷却风机在一个很宽的电网电压范围内均能稳定可靠的工作。
39. 201799747 单旋钮电弧特征调节电路
CN
20.04.2011
B23K 9/10 Loading...
B23K 9/10
Loading...
201020165667.4
深圳市佳士科技股份有限公司
焦怀志
B23K 9/10
Loading...
本实用新型公开了一种单旋钮电弧特征调节电路，包括手工电弧焊控制电路、熔化极气体保护焊控制电路及PWM电路，手工电弧焊控制电路与PWM电路电性连接，熔化极气体保护焊控制电路与PWM电路电性连接；所述的手工电弧焊控制电路和熔化极气体保护焊控制电路上电性连接有继电器切换电路，继电器切换电路上电性连接有面板控制开关。利用本实用新型的调节电路，面板简单，容易区分，功能全面。
40. 201804659 一种驱动IGBT的脉冲变压器
CN
20.04.2011
H01F 19/08 Loading...
H01F 19/08
Loading...
201020165646.2
深圳市佳士科技股份有限公司
焦怀志
H01F 19/08
Loading...
一种驱动IGBT的脉冲变压器，包括胶芯、铁芯，所述胶芯包括中空主体，采用E型铁芯和相应的胶芯，主体两侧设有侧耳，所述铁芯安插在主体内，所述侧耳与主体之间设有挡带，所述主体上套设有感应线圈，所述感应线圈最内层为一层漆包线圈，所述漆包线圈外设有绝缘层，所述感应线圈由一层漆包线圈和绝缘层交替排布而成，且一层初级绕一层次级绕组交替绕制，感应线圈的最外层为绝缘层。本实用新型的变压器其制造工艺简单，且安装方便。
41. 201799753 一种电压自适应钨极氩弧焊机
CN
20.04.2011
B23K 9/167 Loading...
B23K 9/167
Loading...
201020165539.X
深圳市佳士科技股份有限公司
田方雁
B23K 9/167
Loading...
一种电压自适应钨极氩弧焊机，包括逆变器、主变压器、二次整流器，其特征在于：在逆变器与电网之间设有高压整流滤波电路和直流斩波恒压主电路，所述高压整流滤波电路电压输出端与直流斩波恒压主电路输入端连接；设有辅助自适应切换电路和直流斩波恒压控制电路，所述辅助自适应切换电路分别与高压整流滤波电路电压输出端和电网连接，通过对高压整流滤波电路电压输出端的电压反馈切换电路；所述直流斩波恒压控制电路与直流斩波恒压主电路电压输出端连接，通过对直流斩波恒压主电路电压输出端的电压反馈调制直流斩波恒压主电路的脉宽。在电网电压变化时可以自动适应其变化，适用范围更广。
42. 201773662 一种双电抗器
CN
23.03.2011
H01F 17/04 Loading...
H01F 17/04
Loading...
201020165615.7
深圳市佳士科技股份有限公司
焦怀志
H01F 17/04
Loading...
本实用新型公开了一种双电抗器，包括第一电抗器和第二电抗器，第一电抗器包括第一线圈和第一铁芯，第一铁芯设在第一线圈中，第二电抗器包括第二线圈和第二铁芯，第二铁芯设在第二线圈中；所述的第一线圈和第二线圈串联连接；所述的第一线圈和第二线圈的底部设有电抗器支架；第一铁芯和第二铁芯之间焊接有电抗器连接件。本实用新型的双电抗器电感量大，磁通量不易饱和，能改善焊机的焊接或切割工艺。
43. 201773663 一种逆变软开关换流电感
CN
23.03.2011
H01F 17/04 Loading...
H01F 17/04
Loading...
201020165649.6
深圳市佳士科技股份有限公司
焦怀志
H01F 17/04
Loading...
一种逆变软开关换流电感，包括两个E型磁芯、中空的胶芯、引线、感应线圈，所述感应线圈套在胶芯上，所述两E型磁芯相对的设于胶芯内，所述引线固定在胶芯上，所述感应线圈外设有两层绝缘胶带；所述E型磁芯为铁氧体，包括两端的边柱和中间的中心柱，所述边柱长度短于中心柱，胶芯内两相对放置的E型磁芯的中心柱相互贴平，边柱之间设有间隙。由于两个E型磁芯对齐，并将两E型磁芯的中心柱贴平，换流电感工作状态时，解决换流电感发热大，不易散发，易烧坏的问题。
44. 201757838 一种焊机冷却风机控制电路
CN
09.03.2011
G05B 19/02 Loading...
G05B 19/02
Loading...
201020056473.0
深圳市佳士科技股份有限公司
徐爱平
G05B 19/02
Loading...
一种焊机冷却风机控制电路，包括电流检测电路、风机控制电路，焊机、风机，所述焊机的输出信号依次通过电流检测电路、风机控制电路后传送至风机；所述风机控制电路包括电源输入端CN1、控制信号输入端CN2、输出端CN3，直流稳压电路、继电器、控制芯片，所述电源输入端CN1与直流稳压电路连接，所述直流稳压电路与继电器连接，所述继电器与控制芯片连接，所述继电器与控制信号输入端CN2之间设有开关电路。增加了风机的控制电路，该电路不仅电路简单，且可实现风机与焊机同步工作，确保焊机正常工作的前提下，实现焊机低功耗待机，减小粉尘进入焊机内。
45. 201758237 一种自动裁线机
CN
09.03.2011
H01R 43/28 Loading...
H01R 43/28
Loading...
201020184764.8
深圳市佳士科技股份有限公司
周斌
H01R 43/28
Loading...
一种自动裁线机，工作台上按物料输送方向依次设有计量装置、压线装置、剪线装置；计量装置包括旋转编码器、压轮组，所述压轮组与旋转编码器联动；压线装置包括压线机构、送线机构，所述压线机构位于送线机构上方；剪线装置包括第一气缸，剪线刀、剥线刀，第一气缸包括第一缸座、第一活杆，剪线刀和剥线刀设在第一活杆上。导线依次穿过计量装置、压线装置、剪线装置，计量装置对导线进行长度计算，压线装置对导线进行压紧以及给剪线装置供料，剪线装置一次将导线剪断个剥去保护套；本实用新型裁剪出来的导线长度均一，操作简单，能够实现自动化生产，并且适合裁剪大线径的导线，应用范围广。
46. 201758367 交流方波焊接电源换向控流装置
CN
09.03.2011
H02M 7/537 Loading...
H02M 7/537
Loading...
201020165566.7
深圳市佳士科技股份有限公司
刘振光
H02M 7/537
Loading...
本实用新型公开了一种交流方波焊接电源换向控流装置，包括控制电路模块、PWM电路模块、一次逆变模块及二次逆变模块；所述控制电路模块与二次逆变模块连接；PWM电路模块、一次逆变模块和二次逆变模块依次顺序连接；还包括调节电路模块、输出采样模块和反馈电路模块，所述的控制电路模块将电流通过调节电路模块输送到PWM电路模块，所述输出采样模块与二次逆变模块连接，输出采样模块将采样的电流通过反馈电路模块反馈给调节电路模块。本实用新型，在二次逆变电流换向时电流回路等效电感储存的能量减小，能够减小能量吸收电路的电容容量及释放电容储能的电阻功率，降低机器损耗、降低成本、使功率器件IGBT能够可靠的工作。
47. 201735949 多档控制的脚踏开关控制器
CN
09.02.2011
B23K 11/00 Loading...
B23K 11/00
Loading...
201020165586.4
深圳市佳士科技股份有限公司
颜泽毅
B23K 11/00
Loading...
本实用新型公开了一种多档控制的脚踏开关控制器，包括机架，机架上端部铰接有脚踏板；所述的机架中部设有档位调节旋钮，机架的左侧设有接触开关，所述档位调节旋钮连接有信号输出电路，信号输出电路与接触开关连接，信号输出电路的输出端连接有输出电流出口。利用本实用新型的结构，能够使焊机产生不同大小的电流输出，电流的输出安全、可靠。
48. 201711639 一种逆变式弧焊电源用电流反馈电路
CN
19.01.2011
B23K 9/10 Loading...
B23K 9/10
Loading...
201020165540.2
深圳市佳士科技股份有限公司
林惠彬
B23K 9/10
Loading...
一种逆变式弧焊电源用电流反馈电路，包括主变压器，所述主变压器的次级与焊机连接，主变压器的初级上设有电流互感器，所述电流互感器信号依次通过整流电路、电压跟随器、肖特二极管后流到电流调节器中。从弧焊电源的主变压器初级取得信号，经过处理进入电流调节器，进而使弧焊电源输出恒流，电路简单，方便实用，成本低廉，所获得的电流反馈信号信噪比高。
49. 201674274 一种冷却风机自动控制电路
CN
15.12.2010
H02J 9/06 Loading...
H02J 9/06
Loading...
201020184773.7
深圳市佳士科技股份有限公司
李志岗
H02J 9/06
Loading...
一种冷却风机自动控制电路，包括电网电压采样电路、两个以上的判断执行电路、多抽头变压器；所述判断执行电路包括自动切换执行电路和电压范围判断电路；所述多抽头变压器的初级设有多个输入抽头，一个公共输入抽头，两个以上的电网输入抽头；电网的一端与公共输入抽头连接；多抽头变压器的次级与冷却风机连接；每个自动切换执行电路的输入端均与电网连接，输出端均与多抽头变压器的其中一个电网输入抽头连接；电网信号依次通过电网电压采样电路、电压范围判断电路后传递至自动切换执行电路。可以大幅度提高宽输入电压焊机的冷却风机的电网电压适应能力，使宽输入电压焊机的冷却风机在一个很宽的电网电压范围内均能稳定可靠的工作。
50. 201644999 送丝机带显示的采用载波通讯的气保焊机
CN
24.11.2010
B23K 9/133 Loading...
B23K 9/133
Loading...
201020106126.4
深圳市佳士科技股份有限公司
徐爱平
B23K 9/133
Loading...
本实用新型公开了一种送丝机带显示的采用载波通讯的气保焊机，包括焊机电源和送丝机；焊机电源上连接有地线夹；所述的送丝机上设有遥控器，遥控器上设有显示窗；所述的焊机电源和送丝机之间连接有两根电线，两根电线上既传输送丝机的电源也传输载波通讯信号。利用本实用新型的结构，通讯电线不易断，配件容易采购，载波传送的参数种类多，送丝机上能够显示参数。
51. 201632754 空气等离子切割机维弧装置
CN
17.11.2010
B23K 10/00 Loading...
B23K 10/00
Loading...
201020056472.6
深圳市佳士科技股份有限公司
徐爱平
B23K 10/00
Loading...
一种空气等离子切割机维弧装置，按气流方向依次连接有气压开关、第一三通阀、第一电磁阀、第二三通阀、第二电磁阀，所述第一电磁阀与第二电磁阀之间设有维弧管道，所述第二三通阀与切割管道连接；所述维弧管道上设有节流阀。维弧管道上设有节流阀，在维弧期间，能够调节通过第二电磁阀的小气流量的大小，使维弧期间更连续、噪声小、可靠性更好。
52. 201632743 逆变焊机
CN
17.11.2010
B23K 9/00 Loading...
B23K 9/00
Loading...
201020104940.2
深圳市佳士科技股份有限公司
徐爱平
B23K 9/00
Loading...
一种逆变焊机，包括焊机、电压调节装置，电网通过所述电压调节装置向焊机供电；所述电压调节装置包括三相全桥整流电路、输入滤波电容、IGBT、控制电路、续流二极管、滤波电感、输出滤波电容，所述三相全桥整流电路、输入滤波电容、续流二极管、输出滤波电容相互并联，输入滤波电容与续流二极管之间串联所述IGBT，续流二极管与输出滤波电容之间串联所述滤波电感，所述控制电路与IGBT连接，输出滤波电容于焊机电压输入端并联。通过增加此装置达到增大逆变焊机可工作输入电压范围的目的，以适用于部分用户或其他国家高达三相交流660V的电网。
53. 201590762 一种大功率直流开关电源并联闭环控制电路
CN
22.09.2010
H02M 3/335 Loading...
H02M 3/335
Loading...
200920262380.0
深圳市佳士科技股份有限公司
徐爱平
H02M 3/335
Loading...
一种大功率直流开关电源并联闭环控制电路，各个直流开关电源模块均包括子电源PWM发生及控制电路、逆变电路、变压器、闭环反馈环路，所述子电源PWM发生及控制电路、逆变电路、变压器之间依次相互连接后引设有电源正极和电源负极，所述各个直流开关电源模块的电源正极相互连接形成输出正极，电源负极相互连接形成输出负极；还设有电压控制电路，闭环反馈环路将逆变电路中的峰值电流信号与电压控制电路的控制信号进行比较后输入到子电源PWM发生及控制电路中。可使各子电源的PWM同步，但又有独立性，受同一个控制信号控制，通过闭环反馈，从而实现输出功率的均衡。
54. 201436128 全数字逆变式熔化极脉冲气体保护焊机
CN
07.04.2010
B23K 9/173 Loading...
B23K 9/173
Loading...
200920006794.7
深圳市佳士科技发展有限公司
徐爱平
B23K 9/173
Loading...
一种可靠性、一致性和稳定性优良的全数字逆变式熔化极脉冲气体保护焊机，包括功率系统，具有一次整流滤波、一次逆变、主变压器、二次整流滤波、二次逆变、输出回路，及馈丝系统，具有送丝机电源及送丝机电机，响应于一个控制信号，功率系统与馈丝系统协调运转，将电网高压正旋交流电转换成低压脉动直流电，通过焊接回路完成电能到热能的转换；控制系统监视和控制功率系统与馈丝系统，其包含核心功能单元和人机交互界面；特点是所述控制系统的核心功能单元是数字信号控制器(DSC)或者数字信号处理器(DSP)。应用于金属材料全自动焊接。
55. 201385179 全数字逆变式方波交流氩弧焊机
CN
20.01.2010
B23K 9/16 Loading...
B23K 9/16
Loading...
200920006762.7
深圳市佳士科技发展有限公司
徐爱平
B23K 9/16
Loading...
一种可靠性、一致性和稳定性优良的全数字逆变式方波交流氩弧焊机，包括：功率系统，具有一次整流滤波、一次逆变、主变压器、二次整流滤波、二次逆变、输出回路，响应于一个控制信号，将电网高压正旋交流电转换成低压方波交流电，通过焊接回路完成电能到热能的转换；和控制系统，控制系统包含核心功能单元和人机交互界面；特点是所述控制系统的核心功能单元是数字信号控制器(DSC)或者数字信号处理器(DSP)。
56. 201371305 电焊机载波遥控装置
CN
30.12.2009
B23K 9/10 Loading...
B23K 9/10
Loading...
200920006709.7
深圳市佳士科技发展有限公司
徐爱平
B23K 9/10
Loading...
一种抗干扰及抗衰落性能优秀的电焊机载波遥控装置，包括电焊机的主控制板和电焊机的焊接电缆，特点是设有电焊机载波遥控器，该遥控器由显示单元、按键单元、载波收发驱动单元、稳压电源单元、带调制解调的CPU单元连接构成，用于设定、收发和显示焊接参数，该遥控器的载波收发驱动单元的两个输出连接线与电焊机焊接电缆的焊钳和地线夹相连接；设有置于电焊机内部的载波接收器，该接收器由载波收发驱动单元、稳压电源单元、带调制解调的CPU单元、D/A模拟信号输出单元连接构成，用于接收遥控器发来的设定焊接参数，且反馈当前焊接参数，该接收器通过通讯接口或者D/A模拟信号接口与电焊机的主控制板相连接。
57. 201371304 便携式IGBT逆变电弧焊机
CN
30.12.2009
B23K 9/10 Loading...
B23K 9/10
Loading...
200920006701.0
深圳市佳士科技发展有限公司
徐爱平
B23K 9/10
Loading...
一种可靠性高、体积小、成本低的便携式IGBT逆变电弧焊机，其包括主电路及与其连接的控制电路和辅助电源电路，主电路顺序依次包括输入整流滤波电路，逆变电路，高频主变压器，二次输出整流电路；控制电路包括PWM调节电路、IGBT驱动电路、电流反馈电路、电流给定电路；特点是该逆变电路采用全桥硬开关结构，其中绝缘门极双极晶体管IGBT G1、G3和G2、G4构成顺序导通的桥臂，它们交替导通将直流变成高频方波交流，通过高频主变压器后整流输出低压直流，IGBT两端所并联的电阻电容为尖峰电压吸收网络；该高频主变压器使用微晶合金铁心，初、次级线圈之间设有耐高压、耐高温绝缘层；PWM调节电路采用双端输出电流控制型脉宽调制器芯片。
58. 101579776 Portable type IGBT invert arc welding machine
CN
18.11.2009
B23K 9/10 Loading...
B23K 9/10
Loading...
200910126057.5
Shenzhen City Jasic Technology Development Co., Ltd.
Xu Aiping
B23K 9/10
Loading...
The invention relates to a portable type IGBT invert arc welding machine with high reliability, small volume and low cost, which comprises a main circuit, and a control circuit and an auxiliary power supply circuit connected with the main circuit. The main circuit comprises an input rectification filter circuit, an inverter circuit, a high frequency main transformer and a secondary output rectification circuit in sequence; the control circuit comprises a PWM regulating circuit, an IGBT drive circuit, a current feedback circuit and a current given circuit; the portable type IGBT invert arc welding machine is characterized in that the inverter circuit adopts a full-bridge hard switch structure, wherein, insulated-gate bipolar transistors IGBT G1 and G3 as well as G2 and G4 form bridge arms which are conducted in sequence and alternately conducted to change direct current into high frequency square wave alternating current; the high frequency square wave alternating current is rectified by the high frequency main transformer to input low voltage direct current, and resistors and capacitors connected with the two ends of the IGBT adopt spike voltage absorption networks; the high frequency main transformer adopts a microcrystal alloy iron core, and a high voltage and high temperature resistant insulating layer is arranged between a primary coil and a secondary coil; and the PWM regulating circuit adopts a double-ended output current control type pulse width modulator chip.
59. 101508052 Whole-digit inversion type consumable electrode pulse gas-shielded welder
CN
19.08.2009
B23K 9/16 Loading...
B23K 9/16
Loading...
200910129335.2
Shenzhen Jasic Technology Development Co., Ltd.
Xu Aiping
B23K 9/16
Loading...
The invention discloses a full digital inverter type pulsed gas metal arc welding machine with good reliability, consistency and stability, which comprises a power system, a wire feed system and a control system, wherein the power system is provided with a primary rectifying and filtering circuit, a primary inversion circuit, a main transformer, a secondary rectifying and filtering circuit, a secondary inversion circuit, and an output circuit; the wire feed system is provided with a wire feeder power source and a wire feeder motor; the power system and the wire feed system respond to a control signal, coordinately operate with each other to convert high-voltage sinusoidal AC of a power grid into low-voltage rectified AC, and complete conversion of electric energy to heat energy through a welding circuit; and the control system monitors and controls the power system and the wire feed system and comprises a core function unit and a human-computer interaction interface. The full digital inverter type pulsed gas metal arc welding machine is characterized in that the core function unit of the control system is a digital signal controller (DSC) or a digital signal processor (DSP). The full digital inverter type pulsed gas metal arc welding machine is applied to full automatic welding of metal materials.
60. 101502923 Remote-control device for carrier wave of electric welding machine
CN
12.08.2009
B23K 37/00 Loading...
B23K 37/00
Loading...
200910126073.4
Shenzhen Jasic Technology Development Co., Ltd.
Xu Aiping
B23K 37/00
Loading...
The invention relates to an electric welding machine carrier wave remote control device with excellent anti-interference and anti-fading performance which comprises a main control panel and a welding cable of the electric welding machine and is characterized by being equipped with an electric welding machine carrier wave remote controller; the remote controller consists of a display unit, a key-press unit, a carrier wave send-receive drive unit which are connected with each other, a voltage regulation power unit and an CPU unit with a modem, and is used for setting up, sending and receiving and displaying the welding parameters; the two output connection lines of the carrier wave send-receive drive unit of the remote controller are connected with an electrode holder and a ground clamp of a welding cable of the electric welding machine; the carrier wave receiver arranged inside the electric welding machine consists of the connection of the carrier wave send-receive drive unit, the voltage regulation power unit, the CPU unit with modem and a D/A simulating signal output unit, which is used to receive the set welding parameters sent by the remote controller, and reflect the current welding parameters; the receiver is connected with the main control panel of the electric welding machine through communication interface or D/A simulating signal interface.
61. 101502908 Complete digital inversion type square wave alternating-current argon arc welder
CN
12.08.2009
B23K 9/16 Loading...
B23K 9/16
Loading...
200910127179.6
Shenzhen Jasic Technology Development Co., Ltd.
Xu Aiping
B23K 9/16
Loading...
A digital inverter-type square-wave alternating argon arc welding machine with excellent reliability, uniformity and stability consists of a power system and a control system, the power system consists of a primary wave filtering rectifier, a primary inverter, a main transformer, a secondary wave filtering rectifier, a secondary inverter and an output loop and responds to a control signal to convert grid high-voltage forward-spinning AC into low-voltage square-wave AC and complete the conversion from electric energy to heat energy through a welding circuit; the control system consists of a core function unit and a human-machine interaction interface and is characterized in that the core function unit is a digital signal controller (DSC) or a digital signal processor (DSP).
62. 201249327 大功率MOSFET逆变式等离子切割机
CN
03.06.2009
B23K 10/00 Loading...
B23K 10/00
Loading...
200820111318.7
深圳市佳士科技发展有限公司
徐爱平
B23K 10/00
Loading...
一种能够满足欧洲CE标准检测要求、性能稳定、负载持续率高的大功率MOSFET逆变式等离子切割机。包括顺序连接的EMC电路、输入整流滤波电路、逆变电路、隔离降压电路、二次整流滤波电路、控制电路、隔离驱动电路，且隔离驱动电路与逆变电路相连，特别是设有高频维弧电路，该高频维弧电路与二次整流滤波电路双向联通。该高频维弧电路由继电器及周围电路连接构成。设有手开关控制电路，设有PCB板和F形散热片使主机形成风道结构。作为焊接设备广泛用于工农业。
63. 201201107 MOSFET逆变式氩弧焊机
CN
04.03.2009
B23K 9/10 Loading...
B23K 9/10
Loading...
200820110805.1
深圳市佳士科技发展有限公司
徐爱平
B23K 9/10
Loading...
满足欧洲CE标准检测要求性能稳定的负载持续率高且引弧成功率极高的逆变式氩弧焊机。包括顺序连接的EMC电路、输入整流滤波电路、逆变电路、隔离降压电路、二次整流滤波电路、控制电路、隔离驱动电路，且隔离驱动电路与逆变电路相连，特别是设有高频高压电路，该高频高压电路与二次整流滤波电路双向联通。该高频高压电路由高压包、引弧线圈、放电嘴及其周围电路连接构成。设全桥逆变电路，设有PCB板和F形散热片，构成风道结构，作为焊接设备用于工农业生产。
64. 201183170 低频维弧MOSFET逆变等离子切割机
CN
21.01.2009
B23K 10/00 Loading...
B23K 10/00
Loading...
200820105117.6
深圳市佳士科技发展有限公司
徐爱平
B23K 10/00
Loading...
满足欧洲CE标准检测要求、性能稳定、负载持续率高且克服高频高压引弧缺点的逆变式等离子切割机。包括顺序连接的EMC电路、输入整流滤波电路、逆变电路、隔离降压电路、二次整流滤波电路、控制电路、隔离驱动电路，且隔离驱动电路与逆变电路相连，特别设有低频维弧电路，该低频维弧电路与二次整流滤波电路双向联通。该低频维弧电路由运算放大器LM358、场效应管VT11、三极管Q3、继电器(RELAY1，RELAY2)及周围电路连接构成。设有全桥逆变电路，设有PCB板和F形散热片连接成风道结构。该焊接设备用于工农业生产。
65. 201183163 带防粘及提升引弧功能的MOSFET逆变式弧焊机
CN
21.01.2009
B23K 9/10 Loading...
B23K 9/10
Loading...
200820105122.7
深圳市佳士科技发展有限公司
徐爱平
B23K 9/10
Loading...
带防粘及提升引弧功能的MOSFET逆变式弧焊机，包括顺序连接的EMC电路、输入整流滤波电路、逆变电路、隔离降压电路、二次整流滤波电路、控制电路、隔离驱动电路，且隔离驱动电路与逆变电路相连，特别是设有防粘及提升引弧电路，该防粘及提升引弧电路两端分别连接二次整流滤波电路及控制电路。该防粘及提升引弧电路由开关K201、运算放大器LM324及其周围器件连接构成。加入防粘和氩焊功能，加入提升引弧功能解决其氩焊时的起弧问题。满足欧洲CE标准检测要求。作为焊接设备用于工农业生产。
66. 201183164 防触电多功能逆变式焊割机
CN
21.01.2009
B23K 9/10 Loading...
B23K 9/10
Loading...
200820105124.6
深圳市佳士科技发展有限公司
徐爱平
B23K 9/10
Loading...
满足欧洲CE标准检测要求的、性能稳定、负载持续率高、具有防触电功能且将手弧焊、氩弧焊、切割三用一体的多功能逆变式焊割机。包括顺序连接的EMC电路、输入整流滤波电路、逆变电路、隔离降压电路、二次整流滤波电路以及控制电路、隔离驱动电路，且隔离驱动电路与逆变电路相连，特别是设有高频高压电路和防触电电路，高频高压电路和防触电电路并联于二次整流滤波电路及控制电路之间，高频高压电路与二次整流滤波电路双向联通。高频高压电路由变压器T4、引弧线圈T5、放电嘴F1，四倍压电路及周围电路连接构成。作为焊接设备用于工农业生产。
67. 201183165 四功能逆变式焊割机
CN
21.01.2009
B23K 9/10 Loading...
B23K 9/10
Loading...
200820111319.1
深圳市佳士科技发展有限公司
徐爱平
B23K 9/10
Loading...
一种能够满足欧洲CE标准检测要求、性能稳定、负载持续率高且拥有交流氩焊、直流氩焊、切割和手焊功能的逆变式焊割机。包括顺序连接的EMC电路、输入整流滤波电路、逆变电路、隔离降压电路、二次整流滤波电路、高频高压电路、控制电路、隔离驱动电路，且隔离驱动电路与逆变电路相连，设有二次逆变电路和二次隔离驱动电路，二次逆变电路一端与二次整流滤波电路连接，而另一端与二次隔离驱动电路和高频高压电路连接，二次隔离驱动电路的另一端与控制电路连接。该二次逆变电路是桥臂由若干只功率器件并联组成的全桥逆变电路，四个桥臂采用绝缘栅极型功率管IGBT，每只绝缘栅极型功率管的栅极串联一只51R电阻。作为焊接设备广泛用于工农业生产。
68. 201183162 带VRD功能MOSFET逆变式弧焊机
CN
21.01.2009
B23K 9/10 Loading...
B23K 9/10
Loading...
200820105121.2
深圳市佳士科技发展有限公司
徐爱平
B23K 9/10
Loading...
本实用新型带VRD功能的MOSFET逆变式弧焊机，包括顺序连接的EMC电路、输入整流滤波电路、逆变电路、隔离降压电路、二次整流滤波电路、控制电路、隔离驱动电路，且隔离驱动电路与逆变电路相连，特别是设有防电击电路，该防电击电路两端分别连接二次整流滤波电路及控制电路。该防电击电路由电阻R301－R303、二极管D301、电容C301、光耦G301及稳压管D302连接构成。该逆变电路为全桥逆变电路，设有PCB板和F形散热片，加入防电击功能，提高手焊机的安全性满足欧洲CE标准EMC检测要求。该机用于工农业生产。
69. 201183160 MOSFET逆变式弧焊机
CN
21.01.2009
B23K 9/10 Loading...
B23K 9/10
Loading...
200820105119.5
深圳市佳士科技发展有限公司
徐爱平
B23K 9/10
Loading...
能够满足欧洲CE检测要求性能稳定负载持续率高的逆变式弧焊机，包括顺序连接的输入整流滤波电路、逆变电路、隔离降压电路、二次整流滤波电路、控制电路、隔离驱动电路，且隔离驱动电路与逆变电路相连，特别是在电源输入端设有EMC电路，该EMC电路与输入整流滤波电路连接。该EMC电路由电容(C101、C102、C103、C104、C105)及电阻R101和电感(L101、L102、L103、L104)连接构成。该逆变电路的桥臂由MOSFET场效应管(VT3、VT4、VT5、VT6)并联构成，每只场效应管的栅极串联一只4.7～10R电阻。设有PCB板和F形散热片构成风道式结构。作为焊接设备用于工农业生产。
70. 201183161 交直流逆变式脉冲氩弧焊机
CN
21.01.2009
B23K 9/10 Loading...
B23K 9/10
Loading...
200820105120.8
深圳市佳士科技发展有限公司
徐爱平
B23K 9/10
Loading...
满足欧洲CE标准检测要求、功能完善、性能稳定、负载持续率高、具有脉冲交直流输出和手焊功能的逆变式氩弧焊机。包括顺序连接的EMC电路、输入整流滤波电路、逆变电路、隔离降压电路、二次整流滤波电路、控制电路、隔离驱动电路，且隔离驱动电路与逆变电路连接，特别是设有二次逆变电路、二次隔离驱动电路、高频高压电路，二次逆变电路接收处理二次整流滤波电路及二次隔离驱动电路和高频高压电路的信号，二次隔离驱动电路接收处理控制电路的信号，高频高压电路接收处理控制电路和二次整流滤波电路的信号。作为焊接设备用于工农业生产。

