1. 105789335 一种用于太阳能电池抗反射的薄膜及其太阳能电池模型
CN
20.07.2016
H01L 31/0216 Loading...
H01L 31/0216
Loading...
201410814373.2
湖北联合天诚防伪技术股份有限公司
施金鑫
H01L 31/0216
Loading...
本发明公开了一种用于太阳能电池抗反射的薄膜，薄膜上印有纳米结构，所述纳米结构为能够聚焦阳光的结构；本发明还公开了一种应用太阳能电池抗反射的薄膜的太阳能电池模型，包括上面板，下面板，纳米结构、电池单元，电池单元上设置有保护层，纳米结构覆压在上面板或下面板上，电池单元覆压在纳米结构或面板的内面或外面，本发明提供的太阳能电池抗反射的薄膜能够降低成本且太阳能转换率大为提高。
2. 103192621 一种剥离力可控的镭射电化铝烫印箔及其制备方法
CN
10.07.2013
B41M 5/42 Loading...
B41M 5/42
Loading...
201310004687.1
湖北联合天诚防伪技术股份有限公司
谢瑾
B41M 5/42
Loading...
本发明涉及一种全息防伪印刷行业电化铝材料，特别涉及一种剥离力可控的镭射电化铝烫印箔及其制备方法，提供一种能承载电化铝镭射防伪信息、具有涂层自身剥离力可调整、具备高耐热耐磨耐候及耐刮伤性，适于后道单版/无缝模压工序镭射电化铝烫印箔及制备方法，按质量份计热塑性丙烯酸硬树脂10-15质量份、热塑性丙烯酸软树脂3-6质量份、纤维素酯1-11质量份、溶剂80-95质量份、助剂0.1-0.2质量份;直接上机涂布，节能减排，由纤维素酯的加入量变化来调整涂层剥离力，增大纤维素酯用量可降低剥离力，使剥离力在2-15KN/m范围内变动，能满足不同烫印基材、不同烫印工艺对剥离力的需要，产品适应面广。
3. 103072393 用于金属币的镭射电化铝烫印箔制备方法及制成的产品
CN
01.05.2013
B41M 1/12 Loading...
B41M 1/12
Loading...
201210588427.9
湖北联合天诚防伪技术股份有限公司
王宏志
B41M 1/12
Loading...
本发明涉及激光全息防伪烫印技术，特别涉及一种用于金属币的镭射电化铝烫印箔制备方法及其用该方法制成的镭射电化铝烫印箔，提供能够适应在金属币表面烫金、丰富金属币表面图案，具有防伪功能的且适合烫后印刷的用于金属币的镭射电化铝烫印箔制备方法及其用该方法制成的镭射电化铝烫印箔，制作金属镍版，在基膜膜带上涂布离型层、成像层、模压层、镀铝层、胶黏层，使金属币具有全新效果，操作工艺简单快捷，图文的再现性好，大规模工业化生产，降低成本，镭射电化铝烫印箔附着力强，经久耐磨，紧固在金属制品表面不易脱落且表面平滑，胶黏层通过改变其配方及通过多次涂布形成多层粘合层，从而使图文牢固地附着在金属表面，具有耐磨、耐候性。
4. 103057290 一种烫印有全息防伪图案金属币的制造方法及其金属币
CN
24.04.2013
B41M 3/00 Loading...
B41M 3/00
Loading...
201210588596.2
湖北联合天诚防伪技术股份有限公司
王宏志
B41M 3/00
Loading...
本发明涉及激光全息防伪烫印技术，特别涉及一种烫印有防伪全息图案金属币的制造方法及其金属币，提供一种具有激光全息防伪功能和精美图案在金属币表面的烫印有防伪全息图案金属币的制造方法及其金属币，制出用于烫头模压的金属镍版，制作成像层涂布涂料涂布成像层，烫头固定金属镍版进行模压烫印金属币：烫印机将金属镍版的全息防伪图案模压烫印转移到金属币成像层上形成模压层，模压压力5kg-10kg，模头模压温度在120℃-140℃，模压时间为2秒-5秒，制成带有镭射全息图纹的金属币，精准定位，立体感强、层次丰富、操作工艺简单快捷，由原普通烫印7道工序减少至2道工序，一次转印，再现性好、无污染特点，是新金属币防伪类型。
5. 103054284 烫印有全息防伪图案金属币的制造方法及其金属币
CN
24.04.2013
A44C 21/00 Loading...
A44C 21/00
Loading...
201210588819.5
湖北联合天诚防伪技术股份有限公司
王宏志
A44C 21/00
Loading...
本发明涉及激光全息防伪烫印技术，特别涉及一种烫印有防伪全息图案金属币的制造方法及其金属币，提供一种具有激光全息防伪功能和精美图案在金属币表面的烫印有防伪全息图案金属币的制造方法及其金属币，步骤是在金属镍板上复制激光全息图像，制成用于模压的金属镍版;在基膜膜带上涂布离型层、成像层、模压层、镀铝层、双层胶黏层，将镭射电化铝烫印箔定位转移烫印在金属币上，烫头温度加热至80-90℃，同时金属原币预热加温至90-100℃，通过离型层去除基膜膜带制成镭射全息图纹的金属币；金属币叠加镭射效果在视觉产生新视觉色彩，且精准定位，立体感强、层次丰富、工艺简单快捷，一次转印，再现性好、无污染，是新金属币防伪类型。
6. 202608278 一种再生镭射电化铝薄膜
CN
19.12.2012
B41M 5/26 Loading...
B41M 5/26
Loading...
201220078272.X
湖北联合天诚防伪技术股份有限公司
李铭果
B41M 5/26
Loading...
本实用新型涉及一种全息防伪印刷行业材料，特别涉及一种再生镭射电化铝薄膜，提供一种能够克服在制品缺陷、通过二次涂布下线半成品制成的再生镭射电化铝薄膜，包括：在作为基材层的基膜上、依次涂布离型层、成像层、镀铝层，其特征在于：在成像层和镀铝层之间设置有一层耐温区间为200-225℃的再生层，再生层涂布涂料的量控制在0.05-0.6g/m2之间，再生层厚度为0.025μm-0.3μm，再生层是含有填料纳米二氧化硅的丙烯酸树脂涂层，本实用新型改善在产品制备中存在的薄膜涂层耐温性差，造成模压废品率较高缺陷，不易起皮粘板，易于操作，提高电化铝制备成品率，粘版和起皮现象得到解决，模压的膜带的表面亮度较高，表观优异。
7. 202390719 多重定位镭射防伪印刷纸
CN
22.08.2012
D21H 19/04 Loading...
D21H 19/04
Loading...
201120453881.4
湖北联合天诚防伪技术股份有限公司
刘兵
D21H 19/04
Loading...
本实用新型涉及镭射防伪印刷技术领域，特别涉及一种多重定位镭射防伪印刷纸，提供一种具有满版多个防伪效果和外形的图案的镭射防伪印刷纸、并以此为基材在印刷机上再次精准定位印刷精美图案的多重定位镭射防伪印刷纸，其结构依次叠加设置从上到下是PET基膜剥离后的分离层、树脂层、成像信息层、镀铝层、UV胶层、纸层，在PET基膜上设置有定位原点、修边线、横向、纵向对位线、跟踪线、光标对位参考点，是一张多重定位镭射新型防伪类型环保纸张，印刷的大纸张上有满版的镭射图案，该纸不但不影响其表面印刷，还能与印刷油墨完美融合，相互映衬，达到理想的整体装饰效果，提高防伪性，提升印刷品档次，节能环保。
8. 202388967 一种全息网点印刷纸
CN
22.08.2012
B41M 5/00 Loading...
B41M 5/00
Loading...
201120411229.6
湖北联合天诚防伪技术股份有限公司
刘子虎
B41M 5/00
Loading...
本实用新型涉及一种全息防伪印刷行业的纸张，特别涉及一种全息网点印刷纸，提供一种能够在精准的位置上带有激光镭射效果图案、又含有印刷机印刷的精美图案叠加的纸、且大幅面、高精准、高印刷质量的印刷纸，以网点为基准、通过印刷机依次印刷有相互嵌套、叠加的各个油墨像素点在网点上，其中还包括通过印刷在任意指定的网点上固定有UV胶点，通过转移法、在UV胶点上有带有亮反光的全息反射信息层所构成的纸，是一种具备明亮光感和反射光线的新型防伪纸张，从微观上进行色彩和亮度叠加，表面亮度较高，比印刷油墨的反射光亮多很多，表观优异，精准定位，高精度印刷，印刷与镭射效果在视觉滞留叠加而产生新视觉色彩，纸张不受版幅大小限制。
9. 102514414 一种全息防伪膜压膜的转移方法
CN
27.06.2012
B41M 5/382 Loading...
B41M 5/382
Loading...
201110358132.8
湖北联合天诚防伪技术股份有限公司
汪宏志
B41M 5/382
Loading...
本发明涉及一种全息防伪印刷行业，特别涉及一种全息防伪膜压膜的转移方法，提供一种能够替代镍板使用的膜、应用于模压转移、形成膜压膜的图案转移方法的全息防伪膜压膜的转移方法，制作全息镍板一块，在PET基膜上，通过模压转移、真空镀钛形成氮化钛层，制成带状全息钛膜母板膜带；将母板膜带和基膜膜带在一定温度、压力下对压，涂层部分预先软化，采用UV胶后固化，形成全息膜，再进行真空镀铝，制成全息镀铝膜，本发明转变原有的必须镍板作为母版模压转移的模压方式，可以大大节约成本，提高模压转移的效率。
10. 102514409 多重定位全息防伪印刷纸的制作方法及其产品
CN
27.06.2012
B41M 3/14 Loading...
B41M 3/14
Loading...
201110362978.9
湖北联合天诚防伪技术股份有限公司
刘兵
B41M 3/14
Loading...
本发明涉及全息防伪印刷技术领域，特别涉及一种多重定位全息防伪印刷纸的制作方法及产品，提供一种制作由多个不同防伪效果和外形的图案、且各图案间位置尺寸精密保证的多个图案按设计要求用油墨图案与全息图案进行定位印刷在纸上、使包装纸整个表面带有防伪文字和图案的多重定位全息防伪印刷方法及其多重定位全息防伪印刷纸，方法是：全息图案定位设计、编变量表、修订定位精度要求、精密制版、电铸、涂膜控制、精密转移、模压参数精密控制、纸膜复合、剥离表面PET膜，制成多重定位全息新型防伪类型环保纸张，有满版全息图案，可在印刷机上以此为基材再次定位图案印刷，减少烫金工序，节约成本，提高防伪性，提升印刷品档次，节能环保。
11. 102501667 一种全息网点印刷纸
CN
20.06.2012
B41M 5/00 Loading...
B41M 5/00
Loading...
201110327932.3
湖北联合天诚防伪技术股份有限公司
刘子虎
B41M 5/00
Loading...
本发明涉及一种全息防伪印刷行业的纸张，特别涉及一种全息网点印刷纸，提供一种能够在精准的位置上带有激光镭射效果图案、又含有印刷机印刷的精美图案叠加的纸、且大幅面、高精准、高印刷质量的印刷纸，在纸基材上，通过印刷机以网点为基准、依次印刷相互嵌套、叠加的各个网点，其中还包括在任意指定的网点上印刷有UV胶，在UV胶上转移有带有亮反光的全息反射信息层所构成的一种具备明亮光感视觉效果的纸，从微观上进行色彩和亮度的叠加，表面亮度较高，比印刷油墨的反射光亮多很多，表观优异，精准定位，高精度印刷，印刷与镭射效果在视觉滞留叠加而产生新的视觉色彩，本发明纸张不受版幅大小限制，是一种新型防伪类型的纸张。
12. 102501664 一种全息网点印刷方法
CN
20.06.2012
B41M 3/00 Loading...
B41M 3/00
Loading...
201110327935.7
湖北联合天诚防伪技术股份有限公司
刘子虎
B41M 3/00
Loading...
本发明涉及一种全息防伪印刷行业，特别涉及一种全息网点印刷方法，、提供一种能够在精准的位置上带有激光镭射效果图案、又含有印刷机印刷的精美图案叠加印刷的、且大幅面、高精准、高印刷质量的印刷方法，以纸为基材，以印刷机为印刷设备；制印刷亮色网版；印刷普通印刷色；由印刷机的一个色组印刷UV胶；用镭射膜与印刷过的UV胶的纸贴合；采用UV灯照射的方法进行UV固化，去除薄膜层，全息镭射层沾敷在网点的UV胶层上，无UV胶的网点位置是普通印刷色；制成带有全息镭射的印刷纸，提供一种从微观上进行色彩和亮度的叠加，表面亮度提高，表观优异，精准定位，高精度印刷，印刷与镭射效果在视觉滞留叠加而产生新的视觉色彩的方法。
13. 102490421 一种全息网点印刷色及其制作方法
CN
13.06.2012
B32B 27/06 Loading...
B32B 27/06
Loading...
201110327934.2
湖北联合天诚防伪技术股份有限公司
刘子虎
B32B 27/06
Loading...
本发明涉及一种全息防伪印刷行业的印刷方法，是全息网点印刷色及其制作方法，提供一种能够将激光图案色彩采用印刷机印刷到纸张上、具有防伪激光反射效果的全息网点印刷色及其制作方法，是一种全息亮色，由全息亮色布置在印刷网点的任意设定的位置构成全息网点印刷色，亮色由全息膜的信息反射层产生，全息膜的信息反射层是激光全息方法加工成全息薄膜内的复合层，从微观上进行色彩和亮度叠加，提供能够在精准位置上带有激光镭射效果图案、又含有印刷机印刷的精美图案叠加印刷色、实现大幅面、高精准、高质量印刷，制造出一种全新表面亮度较高的纸张，表观优异，定位精准，印刷与镭射效果在视觉滞留叠加而产生新视觉色彩，是新型防伪类型的印刷色。
14. 102417770 一种降温节能型电化铝成像信息层涂料及其制备方法
CN
18.04.2012
C09D 133/00 Loading...
C09D 133/00
Loading...
201110216345.7
湖北联合天诚防伪技术股份有限公司
王智斌
C09D 133/00
Loading...
本发明涉及一种全息防伪印刷行业涂布材料，特别涉及一种降温节能型电化铝成像信息层涂料及其制备方法，提供一种降低加工温度、提高加工速度的降温节能型电化铝成像信息层涂料，其降温节能型电化铝成像信息层涂料组合物组分组成如下：按重量份计、丙烯酸树脂：30-40份、聚氨酯：20-30份、有机硅助剂：1-2份、丁酮：50-60份、丁酯：20-30份，其固含量35％-40％，本发明所述方法首先降低设备加工温度、提高加工速度、节能，产品的成膜性优越，不易起皮、粘版，产品适应范围广，适合于特殊产品的烫印，并且解决现生产对人、对环境的污染问题，是一种更加环保的降温节能型电化铝成像信息层涂料，大大降低了生产使用成本。
15. 202192322 一种数控裁板机
CN
18.04.2012
B23D 33/00 Loading...
B23D 33/00
Loading...
201120212668.4
湖北联合天诚防伪技术股份有限公司
汪俊
B23D 33/00
Loading...
本实用新型涉及一种裁切设备，特别涉及一种数控裁板机，提供一种能够保证裁切尺寸精度的替代人工定位保证裁切精度的数控裁板机，操作台横向设置有两平行导轨，导轨一端部位纵向设置裁切刀，另有光栅尺包括光栅条、光栅传感器和光栅控制转换器，横跨两根导轨上纵向设置有移动定位杆，移动定位杆下部与滚珠丝杠上的螺母固定连接，滚珠丝杆一端与伺服电机轴连接，伺服电机与伺服控制器电连接，在双导轨的外侧，与导轨平行设置至少一条光栅条，在移动定位杆上与光栅条相对应的位置设置有光栅传感器，实现裁切自动定位，即实现测量的数控，高精度数控，减少机械传动误差，提高自动化程度，降低废品率，提高工作效率，减少和降低劳动力成本。
16. 202191998 涂料无泡涂布装置
CN
18.04.2012
B05C 11/10 Loading...
B05C 11/10
Loading...
201120250074.2
湖北联合天诚防伪技术有限公司
李铭果
B05C 11/10
Loading...
本实用新型涉及一种全息防伪印刷行业涂布设备，特别涉及一种涂料无泡涂布装置，目的是提供一种实现涂料无泡涂布提高产品质量的涂料无泡涂布装置，在料槽前设置一个中转桶，用气泵将涂料料液从储料桶抽入中转桶内，涂料料液中产生一定量气泡悬浮于桶内液面上，中转桶内储存并保持一定高度的料液，中转桶与料槽在底部通过带有进料阀门的进料管路连通，中转桶与储料桶之间设有带有溢流阀门的溢流管路连通，利用气泡在涂料中存在气泡比涂料轻而自然上浮的客观规律，使涂料中的气泡浮动储存在涂料料液表面，节省成本，节约设备投资和能源的消耗，节能效果显著，结构简单，成本低，使用范围广，效率高，安装、操作、维修方便，更加环保。
17. 102400411 多重定位镭射防伪印刷纸
CN
04.04.2012
D21H 19/04 Loading...
D21H 19/04
Loading...
201110362980.6
湖北联合天诚防伪技术股份有限公司
刘兵
D21H 19/04
Loading...
本发明涉及镭射防伪印刷技术领域，特别涉及一种多重定位镭射防伪印刷纸，提供一种制作由多个不同防伪效果和外形的图案、且各图案间位置尺寸精密保证的多个图案按设计要求用油墨图案与镭射图案进行定位印刷在纸上的、使包装纸整个表面带有防伪文字和图案的多重定位镭射防伪印刷纸，是一张多重定位镭射新型防伪类型环保纸张，印刷的大纸张上有满版的镭射图案，可在印刷机上以此为基材定位其它图案印刷，该纸不但不影响其表面印刷，而且还能与印刷油墨完美融合，相互映衬，达到理想的整体装饰效果，提高防伪性，提升印刷品档次，节能环保。
18. 202169781 一种防伪电化铝烫印复合信息层膜带
CN
21.03.2012
B41M 5/42 Loading...
B41M 5/42
Loading...
201120274251.0
湖北联合天诚防伪技术股份有限公司
王智斌
B41M 5/42
Loading...
本实用新型涉及一种全息防伪印刷行业材料，特别涉及一种防伪电化铝烫印复合信息层膜带，本实用新型的目的是提供一种涂层结构四改三的防伪电化铝烫印复合信息层膜带，包括：第一层基材和涂覆在基材上的第二层分离层，在所述第二层分离层上涂覆有第三层复合信息层，本实用新型所述防伪电化铝烫印复合信息层膜带克服了现有防伪膜带生产中存在的结构层次多、制造工艺复杂等诸多不足，同时着色层和成像层复合为一层缩短了工艺流程、提高成品合格率，降低了生产成本。
19. 202152234 一种高灵敏性纠偏机构的卷料膜带复卷机
CN
29.02.2012
B65H 23/035 Loading...
B65H 23/035
Loading...
201120212646.8
湖北联合天诚防伪技术股份有限公司
汪俊
B65H 23/035
Loading...
本实用新型涉及一种防伪印刷包装机械中的复卷机，特别涉及一种高灵敏性纠偏机构的卷料膜带复卷机，提供一种对卷料膜带自动纠偏、纠偏行程及精确度进行调节的高灵敏性纠偏机构的卷料膜带复卷机，机箱板上设放卷装置、收卷装置、两个放卷导辊由连接板连为一体，设有纠偏电机带动的丝杠螺母机构，光电传感器，在连接板与丝杠螺母机构之间设置摆杆，摆杆上端、中间、下端部位上套穿有杆端轴承，分别与连接板、箱体和丝杠螺母机构固定连接构成摆动式往复运动，能由光电传感器的信号偏离基准点的大小和方向，自动对卷料膜带纠偏调整，即时纠偏，即时控制，纠偏精度高，纠偏动作灵活，具有自动监测，自动跟踪，自动调整的功能，简单有效地实现纠偏动作和纠偏细微调整要求。
20. 102358819 一种防伪电化铝烫印复合信息层涂料及其制备方法
CN
22.02.2012
C09D 175/04 Loading...
C09D 175/04
Loading...
201110216285.9
湖北联合天诚防伪技术股份有限公司
王智斌
C09D 175/04
Loading...
本发明涉及一种全息防伪印刷行业材料，特别涉及一种防伪电化铝烫印复合信息层涂料，提供一种减少涂层和涂覆次数的防伪电化铝烫印复合信息层涂料，高级聚醇树脂16-20份、改性聚氨酯10-15份、硝化棉2-5份、丁酮30-50份、丁酯20-40份、改性硅油1-2份，其固含量30％，通过涂料组合物组分的调整，改善涂料在产品生产中的缺陷，提出由涂料改进实现涂层三层改二层的进步，将原涂布三层的工艺方法简化为涂布两层，运用两层涂层结构的涂料将着色层和成像层合并成为一层复合信息层，一次完成着色成像层，在两层改进涂料能满足原三层涂层产品模压及烫印性能的基础上，改善生产中的问题点，解决粘版和起皮问题，提高成品率。
21. 102358813 一种重金属含量达标的电化铝信息层涂料
CN
22.02.2012
C09D 133/00 Loading...
C09D 133/00
Loading...
201110216335.3
湖北联合天诚防伪技术股份有限公司
王智斌
C09D 133/00
Loading...
本发明涉及一种全息防伪印刷行业涂布材料，特别涉及一种重金属含量达标的电化铝信息层涂料，提供一种重金属含量达标的电化铝信息层涂料，其中：按重量份计为：丙烯酸树脂30-40份、改性聚氨酯20-30份、硝化棉0-5份、丁酮50-60份、丁酯20-30份，其固含量35-45％，本发明通过严格的检测，限制了原材料及辅料中的重金属含量，配方生产稳定，同时取代了其他配方中使用有机助剂导致重金属超标的现状，解决了现生产对人、对环境的污染问题，是一种不含重金属的更加环保的节能型电化铝成像信息层涂料，同时大大降低了生产使用成本。
22. 102294514 Numerically controlled panel cutting machine
CN
28.12.2011
B23D 33/00 Loading...
B23D 33/00
Loading...
201110169242.X
Hubei LHTC Anti-Counterfeit Technology Corp., Ltd.
Wang Jun
B23D 33/00
Loading...
The invention relates to cutting equipment, in particular to a numerically controlled panel cutting machine. A numerically controlled panel cutting machine which can guarantee the cutting dimension precision and guarantee the cutting precision in stead of manual positioning is provided. An operating platform is transversely provided with two parallel guide rails; one end part of each guide rail is longitudinally provided with a cutting tool; in additional, a raster rule comprises a raster, a raster sensor and a raster control converter; a movable locating rod is longitudinally arranged across the two guide rails; the lower part of the movable locating rod is fixedly connected with a nut on a ball screw; one end of the ball screw is connected with the shaft of a servo motor; the servo motor is electrically connected with a servo controller; at least one raster is arranged in parallel to the guide rails and outside the two guide rails; the raster sensor is arranged at a position corresponding to the raster on the movable locating rod; automatic locating of cutting is realized; therefore, the numerical control of measurement and the high-precision numerical control are realized, the mechanical transmission error is reduced, the automation degree is improved, the rejection rate is reduced, the working efficiency is improved, and the labour cost is reduced.
23. 102274814 Coating bubble-free coating method and device
CN
14.12.2011
B05C 11/10 Loading...
B05C 11/10
Loading...
201110198302.0
Hubei United Tiancheng Anticounterfeit Technology Co.,Ltd.
Li Mingguo
B05C 11/10
Loading...
The invention relates to coating equipment used in holographic anti-counterfeiting printing industry, in particular to a coating bubble-free coating method and a coating bubble-free coating device. The invention aims to provide the coating bubble-free coating method and the coating bubble-free coating device, which can realize bubble-free coating and improve product quality. In the invention, a transfer barrel is arranged in front of a material tank, coating material liquid is pumped into the transfer barrel from a material barrel by an air pump, air bubbles generated in the coating material solution are suspended above the liquid level in the barrel, the transfer barrel stores material solution and keeps the material solution at a certain height, the transfer barrel is communicated with the bottom of the material tank through a feeding pipe with a feeding valve, an overflowing pipe with an overflowing valve is arranged between the transfer barrel and the material barrel, and based on an objective law that light air bubbles in the coating naturally float up, so as to be stored on the surface of the coating solution in a floating manner; and as a result, the cost, equipment investment and energy consumption are reduced. The equipment has the advantages of obvious energy-saving effect, simple structure, low cost, wide application range, high efficiency, convenient installation, operation and maintenance, and high environment friendliness.
24. 102275758 Roll material film belt rewinding machine of high-sensitivity deviation correction mechanism
CN
14.12.2011
B65H 23/035 Loading...
B65H 23/035
Loading...
201110169233.0
Hubei United Tiancheng Anticounterfeit Technology Co.,Ltd.
Wang Jun
B65H 23/035
Loading...
The invention relates to a rewinding machine in anti-counterfeiting printing packing machinery, in particular to a roll material film belt rewinding machine of a high-sensitivity deviation correction mechanism, and provides a film belt rewinding machine of high-sensitivity deviation correction mechanism which automatically corrects deviation of the roll material film belt and regulates the deviation correction travel and accuracy. An unwinding device, a winding device, two unwinding guide rollers, a lead screw nut mechanism and a photoelectric sensor are arranged on a case board, wherein the two unwinding guide rollers are connected together by a connecting plate; the lead screw nut mechanism is driven by a deviation correction motor; an oscillating bar is arranged between the connecting plate and the lead screw nut mechanism; and bar-end bearings are sleeved on the upper end, middle and lower end of the oscillating bar, and fixedly connected with the connecting plate, a box body and the lead screw nut mechanism respectively to form oscillating type reciprocation. The re-winding machine can automatically perform deviation correction adjustment of the roll material film belt according to the size and direction of a signal deviation reference point of the photoelectric sensor, realizes timely deviation correction, timely control, high deviation correction accuracy and flexible deviation correction action, has functions of automatic monitoring, automatic tracking and automatic adjustment, and simply and effectively realizes the deviation correction action and fine adjustment requirement in deviation correction.
25. 102145550 Energy-saving cooling device
CN
10.08.2011
B30B 15/34 Loading...
B30B 15/34
Loading...
201010570309.6
Hubei LHTC Anti-Counterfeit Technology Co., Ltd.
Liu Zihu
B30B 15/34
Loading...
The invention relates to a cooling device for hot-press processing equipment, in particular to an energy-saving cooling device in which temperature is reduced by a cooling tower to reduce the load of a cool water machine, and cooling efficiency is improved and energy is saved by a multi cycle loop, and which can avoid the phenomenon of high-pressure protection alarming of the cool water machine caused by too high water temperature in the extreme weather in summer; the cooling device comprises a hot-press device, a pipeline, the cooling tower, a water pump A, the cool water machine, and a central automatic control system; a transition water pool is formed between the cool water machine and the hot-press device; the hot-press device is connected with the cooling tower, the water pump A, the cool water machine, and the transition water pool sequentially through the pipeline to form a circulation loop; the transition water pool is communicated with a low-temperature water pipe between the water pump A and the cool water machine through a transition water pipe; a valve A is arranged on the transition water pipe; a valve B is arranged on a connection pipeline between the cool water machine and the transition water pool; and the cool water machine is basically not needed to work except in the summer, the energy is saved, the phenomenon of dew condensation on the equipment is avoided, and the quality of a product is improved.
26. 101963439 Energy-conserving drying device
CN
02.02.2011
F26B 15/12 Loading...
F26B 15/12
Loading...
201010502469.7
Hubei United Tiancheng Anti-counterfeiting Technology Co., Ltd.
Wang Jun
F26B 15/12
Loading...
The invention relates to a drying device, particularly relating to an energy-conserving device, and providing a high-air-volume multistage circular energy-conserving drying device utilizing wastes to heat fresh air. A drying room is composed of multi-section drying ovens; each drying oven is provided with a diaphragm; an enclosed air room with multiple air flue slits is arranged on the diaphragm, and is communicated with a heat exchanger through an air inlet main pipe, an air inlet branch pipe, an air outlet main pipe and an air outlet branch pipe; a fresh-air taking opening is connected with the heat exchanger and a heat exchanging draught fan in sequence; the outlet of the heat exchanger, the air inlet main pipe and the air inlet branch pipe are connected with each air room; the air exhaust branch pipe of the previous two-section drying oven air room with high waste gas concentration is discharged through a primary heat exchanger; other air exhaust branch pipes are connected on the air outlet branch pipe, and are connected with a secondary heat exchanger and the front end part of the heat exchanging draught fan to form circulation; the inner air volume is increased; the hot air circulates in the drying oven; the waste gas temperature is utilized to save energy source; the drying oven temperature is flexibly set, and small circulation is flexibly regulated in the drying oven; and the temperature control is uniform.
27. 101913287 Method for platemaking holographic anti-counterfeiting label
CN
15.12.2010
B41C 1/00 Loading...
B41C 1/00
Loading...
201010219608.5
Hubei United Tiancheng Anti-counterfeiting Technology Co., Ltd.
Ma Hanyi
B41C 1/00
Loading...
The invention relates to holographic anti-counterfeiting technology, in particular to a method for platemaking a holographic anti-counterfeiting label, which is used for platemaking by using various conventional single unit plates with high anti-counterfeiting degrees and provides a method for platemaking a holographic anti-counterfeiting label, which has a high comprehensive anti-counterfeiting degree and superposes a plurality of technical effects. The method comprises the following steps of: decomposing the label, partitioning unit patterns according to the characteristic of the label and manufacturing a unit plate by a unit pattern photo-etching platemaking method; manufacturing a unit plate by a unit pattern holographic photoengraving method; splicing and fixing one unit plate with a polycarbonate (PC) plate; splicing and matching the other unit plate with a corresponding position of a previous unit plate pattern of the PC plate; splicing and matching other unit plates with corresponding positions of the PC plate; and manufacturing a metal master plate by using the spliced PC plates. The method is characterized in that: specific anti-counterfeiting technology of different equipment and different methods is combined and platemaking with various anti-counterfeiting effects is superposed so that the superposition flexibility and technical complexity of multiple kinds of technology are improved, the comprehensive anti-counterfeiting degree is increased and the process difficulty of combined manufacturing of the conventional photoresist is simplified.
28. 101914346 Preparation method of environmental-friendly release material in halographic anti-counterfeiting industry
CN
15.12.2010
C09D 191/06 Loading...
C09D 191/06
Loading...
201010244390.9
Hubei United Tiancheng Anti-counterfeiting Technology Co., Ltd.
Liu Bing
C09D 191/06
Loading...
The invention relates to a coating material in the halographic anti-counterfeiting industry, in particular to a preparation method of an environmental-friendly release material in the halographic anti-counterfeiting industry. The invention provides a preparation method of the environmental-friendly release material in the halographic anti-counterfeiting industry, which solves the traditional pollution problem for production, is environment-friendly and has lower use cost. The environmental-friendly release material comprises the following materials in percent by weight: 10.32-13.37% of montan acid wax, 5-4.7% of oil soluble emulsifier, 0.82-2.08% of water-base emulsifier, 1.2-2.44% of alcohol soluble emulsifier, 0.045-0.059% of defoamer, 0.045-0.074% of preservative and the balance of deionized water. The invention provides the release material with the granularity ranging from 0.2-0.4mum, can obtain good coating leveling property, can satisfy the technical requirements for imprinting first and scaling second or vice versa, and solves the problems of poor adhesive force, easy separation and precipitation.
29. 101907825 Photoetching encrypted anti-counterfeiting method
CN
08.12.2010
G03F 7/00 Loading...
G03F 7/00
Loading...
201010219607.0
Hubei LHTC Anti-Counterfeit Technology Co., Ltd.
Ma Hanyi
G03F 7/00
Loading...
The invention relates to the technical field of photoetching anti-counterfeiting, in particular to a photoetching encrypted anti-counterfeiting method, and provides the photoetching encrypted anti-counterfeiting method for miniaturizing characters and patterns on pixel points. The method comprises the following steps of: taking a glass sheet of which the surface is subjected to uniform gluing as a substrate, and designing a character aperture, namely designing a single character aperture design sheet of miniaturized characters by using a computer; preparing a film; turning the film, namely exposing, developing and slitting the film so as to obtain a single character aperture sheet; designing an original drawing according to the resolution and character space; introducing the original drawing into a photoetching machine computer on a photoetching machine, substituting original common metal apertures, such as a nickel hole with only aperture function for the single character aperture sheet, and exposing a photoresist dot matrix; developing by using developing solution; and electroforming, namely injecting silver and reprinting to obtain a mother set. By adopting the method for increasing characters and patterns in photoetching pixel points, the characters and patterns can be observed by a high power magnifier only, while human visual inspection is substantially consistent with common photoetching. Therefore, the anti-counterfeiting capability of holographic identifiers is improved, and the plate-making technical effect is enriched.
30. 201659074 一种涂布机料槽
CN
01.12.2010
B05C 11/11 Loading...
B05C 11/11
Loading...
201020172074.0
湖北联合天诚防伪技术有限公司
高俊明
B05C 11/11
Loading...
本实用新型涉及一种涂料涂布机，特别涉及一种涂料涂布机料槽，提供一种方便清洁，节省涂料储存空间、涂料均匀进出的涂布机料槽，有一长方形料槽，在长方形料槽内，沿长度方向整体敷设一弧形槽底板，构成弧底槽，在所述弧底槽一侧的两端设置出料口，其弧底槽中间部位设置一进料口，由于采用弧底槽设计，减小了涂料储存空间，节省涂料的无效储存，由于涂料挥发性大，能够快速用完，节约原料，清洁死角少，清洗方便快捷，涂料整体均匀性大大提高，涂料工作面温差小，每个方向温度保持一致，提高了产品质量，进料口流量可控制。
31. 201659736 一种高精度全息定位烫印机
CN
01.12.2010
B41F 16/00 Loading...
B41F 16/00
Loading...
201020172060.9
湖北联合天诚防伪技术有限公司
徐佑才
B41F 16/00
Loading...
本实用新型涉及一种全息定位烫印机，特别涉及一种高精度全息定位烫印机，提供一种收卷张力伺服随动、收卷精度高、无抖动的高精度全息定位烫印机，包括机架、烫印头、电控箱、膜带，在放卷机构、收卷机构之间，将膜带张紧连接于其之间，烫印头位于放卷机构和收卷机构之间的膜带上方，收卷机构包括力矩电机通过减速装置连接收卷轴，取消了摩擦传递，减少误差，减少零部件近半，精简设备结构，设备整体精度提高；采取静止张紧状态和运转收卷状态交替运行，取消电机始终旋转的工作状态，减少了旋转抖动对产品质量的影响；品字型布置过辊轴，传动膜带稳定性提高；随着摩擦传递的取消，其原有的调整机构也随之取消，机构得以精简同时保证产品质量。
32. 201659738 一种激光全息模压机的版辊换版冷却装置
CN
01.12.2010
B41F 19/02 Loading...
B41F 19/02
Loading...
201020172056.2
湖北联合天诚防伪技术有限公司
汪俊
B41F 19/02
Loading...
本实用新型涉及一种印刷行业压印机类的激光全息模压机，特别涉及一种激光全息模压机的版辊换版冷却装置，提供一种小范围冷却、冷却速度快、充分利用原设备已有资源、节省能源的激光全息模压机的版辊换版冷却装置，包括模压版辊，通过管路依次连接的油加热器、油泵和过滤器及阀门构成工作回路，在工作回路的进入模压版辊的管路和从模压版辊排出的管路上，并列设置有由冷却油泵、冷却过滤器、油箱及热交换器通过管路连接的冷却回路，工作回路和冷却回路之间设有互锁控制开关，本实用新型冷却范围小，加快冷却速度，减少排放，省时省力，利用现有设备上已有资源，降低改造成本，节省再加热的成本，提高设备生产效率。

