1. 105248635 可以嚼着吃的乳酸菌饮品及其制备方法
CN
20.01.2016
A23C 9/123 Loading...
A23C 9/123
Loading...
201510664326.9
湖南太子奶集团生物科技有限责任公司
常树山
A23C 9/123
Loading...
本发明提供一种可以嚼着吃的新型乳酸菌饮品及其制备方法，包括制备发酵乳、糖水稳定剂、溶胶及乳酸菌饮品的步骤。采用本方法制备的乳酸菌饮品，解决了类似产品存在的凝胶强度大，不易破碎，没有嚼劲等不足；本品流动性介于液态和固态之间，口感独特新颖，入口有颗粒感，有嚼劲，充分利用琼脂的特性(45℃以下缓慢凝胶)，避免了因产品凝胶强度过大对儿童饮用不利。另外，本品制备中使用的琼脂为海藻提取物，富含天然膳食纤维，有助于人体消化，是一种老少皆宜的健康奶制饮品。
2. 2683534 弧形口快速出液瓶子
CN
09.03.2005
B65D 47/18 Loading...
B65D 47/18
Loading...
200420001450.4
湖南太子奶生物科技股份有限公司
李途纯
B65D 47/18
Loading...
本实用新型公开了一种弧形口快速出液瓶子，包括瓶体及缩颈瓶口，瓶口的出口孔为横截面在一个方向上的最大宽度大于与其垂直的另一个方向上的最大宽度的长孔，长孔至少一个边为弧形。这种弧形口快速出液瓶子具有出液快速、稳定的特点，特别适合用来装粘度比较大的液体。
3. 2683535 快速出液瓶
CN
09.03.2005
B65D 47/18 Loading...
B65D 47/18
Loading...
200420003533.7
湖南太子奶生物科技股份有限公司
李途纯
B65D 47/18
Loading...
本实用新型公开了一种快速出液瓶，包括瓶体及瓶口，瓶口的出口为扁口。这种快速出液瓶能够方便控制使瓶口出口的一部分向外流出液体，一部分用于向瓶内进气，使液体倒出更加快速顺畅。
4. 2683536 快速出液瓶子
CN
09.03.2005
B65D 85/00 Loading...
B65D 85/00
Loading...
200420003534.1
湖南太子奶生物科技股份有限公司
李途纯
B65D 85/00
Loading...
本实用新型公开了一种快速出液瓶子，包括瓶体及瓶口，瓶口的内孔流通截面为扁方口，且至少有一个边与其它边的长度不相等。这种快速出液瓶子能够方便控制使瓶口内孔的一部分向外流出液体，一部分用于向瓶内进气，使液体倒出更加快速顺畅。
5. 2568540 一种泡菜或腌菜的盛装容器
CN
27.08.2003
B65D 53/06 Loading...
B65D 53/06
Loading...
02224118.3
湖南太子奶生物科技股份有限公司
李途纯
B65D 53/06
Loading...
一种泡菜或腌菜的盛装容器，将盛装腌菜或泡菜的容器按小瓶大小的传统的“扑水坑子”形状来制作，并将瓶体分为主体和耳边两体，耳边通过螺纹和或其它紧固方式与主体联接在一起，构成一“扑水坛子”的坛体状，瓶体口在腌泡菜装入后，用锡纸封口，以隔离瓶体内的气体与外界接触，同时在瓶体口上还罩有一仿“扑水坛”的坛盖，坛盖通过一子口卡在瓶体口部位上。从而，构成一完全形同于“扑水坛子”外形的小型腌泡菜包装容器，而且瓶体可用透明的材料制作，可让消费者一眼就可看出瓶内的物质，具有以往“扑水坛子”所不具备的特殊功效。本实用新型巧妙地利用人们的心理和现代制作工艺的结合，具有传统的美感和现代化加工腌、泡菜的综合功效。

