1. 205033630 一种沉料箱
CN
17.02.2016
B30B 15/30 Loading...
B30B 15/30
Loading...
201520760446.4
湖南盈成油脂工业有限公司
陈章炎
B30B 15/30
Loading...
本实用新型公开了一种沉料箱，包括内部为空腔的箱体，所述箱体包括上下两部分，上部分为空心圆柱体，下部分为空心圆椎体，所述空心圆柱体和所述空心圆锥体同轴设置且相接部分完全吻合，所述空心圆锥体底部设有两个出料口，所述两个出料口分别接有出料管。本实用新型提供的沉料箱，菜籽量分配均匀，榨出的油香味较现有的香味浓。
2. 204549190 一种埋刮板输送装置
CN
12.08.2015
B65G 19/18 Loading...
B65G 19/18
Loading...
201520240882.9
湖南盈成油脂工业有限公司
陆仁猛
B65G 19/18
Loading...
本实用新型涉及一种物料输送装置，具体是涉及到一种埋刮板输送装置，包括箱体、驱动轮、从动轮、牵引链和刮板，所述箱体上安装有进料口和卸料口，所述卸料口上方设置有倾斜的隔板，沿着物料的移动方向，所述隔板向下倾斜，本实用新型在箱体内部设置有隔板，隔板设置在卸料口的上方，当物料移动到卸料口处时，隔板将物料阻挡、引导，使物料从刮板上顺利的分离，避免物料堵塞在卸料口处。本实用新型的制备方法简单，解决了物料堵塞的问题，方便输送粘附性较强的物料。
3. 204553257 供水装置
CN
12.08.2015
F04D 13/16 Loading...
F04D 13/16
Loading...
201520223203.7
湖南盈成油脂工业有限公司
蒋忠生
F04D 13/16
Loading...
本实用新型公开了一种供水装置，包括箱体、离心泵、密封球和阻隔网，所述箱体的底板向箱体的中间部位倾斜，使箱体底部的横截面逐渐缩小，缩口处形成进水口，所述进水口与进水管道相连，所述阻隔网固定于箱体底板上，并朝着箱体的顶部拱起，所述阻隔网的顶部设有能够容纳所述密封球的圆弧形凸起，所述圆弧形凸起用于将密封球锁在所述圆弧形凸起内，所述圆弧形凸起正对着所述进水口，所述密封球活动于所述阻隔网与箱体底板之间。该供水装置省去在进水管道的进水口处设置底阀，解决了现有技术中存在的技术问题。而且，本实用新型通过阻隔网和密封球的设计，结构更为简便，操作更为简单，不需要阀门进行控制。同时，该装置引水、排空都极其简单，适合实际生产。
4. 204107125 一种冬化过滤装置
CN
21.01.2015
B01D 25/32 Loading...
B01D 25/32
Loading...
201420598874.7
湖南盈成油脂工业有限公司
彭华
B01D 25/32
Loading...
本实用新型公开了一种冬化过滤装置，包括若干块具有中空板腔的滤板和滤布，所述若干块滤板依次紧密层叠，每块滤板上均开设有滤油通孔，相邻滤板上的滤油通孔互相连通从而形成滤油管道；所述滤板的外表面包括过滤面和位于过滤面外围的固定面，每块滤板的过滤面的下部设有下进油孔、上部设有上进油孔，每块滤板的固定面的下部设有下出油孔、上部设有上出油孔，所述下进油孔、上出油孔、下出油孔和上出油孔均与该块滤板的中空板腔连通，相邻滤板上的下出油孔、上出油孔分别互相连通从而形成下出油管道和上出油管道。本实用新型提供的冬化过滤装置能够使得滤布上的饼层上下厚薄均匀，从而提高滤油效率。
5. 203629160 一种结晶罐制冷装置
CN
04.06.2014
F25B 41/00 Loading...
F25B 41/00
Loading...
201320811064.0
湖南盈成油脂工业有限公司
彭华
F25B 41/00
Loading...
本实用新型公开了一种结晶罐制冷装置，包括存储罐、制冷机和中转罐；所述存储罐通过进媒管道与所述结晶罐的冷媒入口连接，所述结晶罐的冷媒出口与所述中转罐通过第一循环管道连接，所述制冷机分别连接所述中转罐和所述存储罐；冷媒从所述结晶罐的冷媒出口流出后进入所述中转罐，然后流入所述制冷机，经制冷后流回所述存储罐。通过冷媒中转罐的安装，在冷媒流回存储罐之前进行降温，使得存储罐内的冷媒保持冷量，保证了制冷效果。
6. 203625338 一种冬化结晶装置
CN
04.06.2014
C11B 3/00 Loading...
C11B 3/00
Loading...
201320811534.3
湖南盈成油脂工业有限公司
彭华
C11B 3/00
Loading...
本实用新型公开了一种冬化结晶装置，添加了助滤剂预混罐，包括毛油罐、助滤剂预混罐和结晶罐，所述助滤剂预混罐内安装有搅拌装置；所述毛油罐和所述结晶罐的水平位置高于所述助滤剂预混罐，所述毛油罐通过管道与所述助滤剂预混罐的顶端连接，所述助滤剂预混罐的底部通过管道与所述结晶罐连接。本实用新型将助滤剂与油的混合工艺分别出来，通过预混罐内搅拌装置的高速搅拌，使油和助滤剂充分混合。而且通过高低位的连接和设置，使得工人能够在低位操作，非常安全和方便。
7. 203512582 一种棉籽进料机
CN
02.04.2014
B65G 19/06 Loading...
B65G 19/06
Loading...
201320586500.9
湖南盈成油脂工业有限公司
彭华
B65G 19/06
Loading...
本实用新型公开了一种棉籽进料机，包括进料刮板、提升机和喂料刮板，所述喂料刮板的下方沿刮板运行方向均匀安装有1～5台剥壳机，所述喂料刮板的喂料末端连接一个回料管，用于将棉籽回料运回至原料仓。从上面所述可以看出，本实用新型提供的棉籽进料机通过在喂料刮板的末端安装回料管，使得喂料刮板上的棉籽回料能够通过回料管回到原料仓，避免了堆积在喂料末端。
8. 203450710 一种棉籽进料机
CN
26.02.2014
B65G 19/06 Loading...
B65G 19/06
Loading...
201320587589.0
湖南盈成油脂工业有限公司
彭华
B65G 19/06
Loading...
本实用新型公开了一种棉籽进料机，包括进料刮板、提升机和喂料刮板，所述进料刮板的上下双层刮板之间安装有回料板，所述回料板紧贴上层刮板的底端，所述下层刮板为进料板，所述上层刮板为回料板。本实用新型提供的棉籽进料刮板通过回料板的设置避免了因棉籽聚集造成棉籽进料聚集在提升机，堵住提升机的问题，使棉籽进料能够比较均匀得被送入提升机，进而比较均匀地被喂料刮板送入剥壳机。
9. 203450759 一种棉籽进料机
CN
26.02.2014
B65G 37/00 Loading...
B65G 37/00
Loading...
201320587695.9
湖南盈成油脂工业有限公司
彭华
B65G 37/00
Loading...
本实用新型公开了一种棉籽进料机，包括进料刮板、提升机和喂料刮板，进料刮板的上下双层刮板之间安装有回料板，所述回料板的回料末端为三角型溜板，所述三角型溜板包括一个顶面和两个向下倾斜的斜面，棉籽回料被所述上层刮板沿所述回料板运送到所述回料末端时沿着所述三角型溜板的斜面从所述回料板上滑下。本实用新型提供的棉籽进料机通过回料板和三角型溜板的设置使回料能够被运送回原料仓，进料和回料相互不影响，避免了因棉籽聚集造成棉籽进料聚集在提升机，堵住提升机或者喂料刮板的问题，使棉籽进料能够比较均匀得被送入提升机。
10. 203448298 一种棉籽分离装置
CN
26.02.2014
B07B 7/08 Loading...
B07B 7/08
Loading...
201320459751.0
湖南盈成油脂工业有限公司
彭华
B07B 7/08
Loading...
本实用新型公开了一种棉籽分离装置，包括沙克龙和关风器；所述沙克龙一侧设置有进料管，所述沙克龙的顶部设置有外接抽风机的抽气管，所述沙克龙底部连接所述关风器，所述关风器内部设置关风器叶轮，所述关风器叶轮转轴垂直或平行于所述两根出料管轴线所构成的平面；所述关风器下方交叉设置两根出料管，所述两根出料管的交叉位置没有设置分料板；本实用新型提供的棉籽分离装置，其分料均匀且出料管不易造成堵塞，生产效率大大提高。
11. 103508157 Cottonseed feeding machine
CN
15.01.2014
B65G 19/06 Loading...
B65G 19/06
Loading...
201310434846.1
湖南盈成油脂工业有限公司
彭华
B65G 19/06
Loading...
The invention discloses a cottonseed feeding machine. The cottonseed feeding machine comprises a feeding scraper blade arranged in a feeding box, a hoist and a charging scraper blade. The feeding scraper blade comprises an upper layer scraper blade and a lower layer scraper blade, a material returning plate is installed between the upper layer scraper blade and the lower layer scraper blade and closely attached to the bottom end of the upper layer scraper blade, the lower layer scraper blade is a feeding plate, the upper layer scraper blade is a material returning plate, cottonseeds are conveyed to the hoist through the lower layer scraper blade, and returned cottonseeds are conveyed away from the hoister through the upper layer scraper blade. The material returning tail end of the material returning plate is a triangular slide carriage, and the triangular slide carriage is communicated with a raw material bin through a material returning slide pipe to convey the returned cottonseeds to the raw material bin. Due to the arrangement of the material returning plate and the triangular slide carriage, the problem that because of cottonseed accumulation, fed cottonseeds accumulate on the hoister and the charging scraper blade, and consequentially the hoister or the charging scraper blade is blocked is avoided, and the cottonseeds entering a husking machine are uniform.
12. 203382739 一种新型浸出器
CN
08.01.2014
C11B 1/10 Loading...
C11B 1/10
Loading...
201320461574.X
湖南盈成油脂工业有限公司
彭华
C11B 1/10
Loading...
本实用新型公开了一种新型浸出器，包括多个浸出器料格，所述的多个料格中的至少两个料格中纵向设置用于引导液体的吊篮。采用本实用新型提供的新型浸出器，浸出效果更好，溶耗更低；既降低了生产成本又节约了资源。
13. 203379915 一种棉籽剥壳机齿辊装置
CN
08.01.2014
B02B 3/04 Loading...
B02B 3/04
Loading...
201320459601.X
湖南盈成油脂工业有限公司
彭华
B02B 3/04
Loading...
本实用新型公开了一种棉籽剥壳机齿辊装置，包括四个拉丝辊，分为上下两组，每组包括一个快辊和一个慢辊；其中，至少一组拉丝辊中的慢辊反向安装，使得所述慢辊辊齿的齿锋与其对应的快辊辊齿的齿锋相对；本实用新型提供的棉籽剥壳机齿辊装置，其破碎效率高，产量大。
14. 203112790 酸碱中转系统
CN
07.08.2013
C11B 3/06 Loading...
C11B 3/06
Loading...
201320127234.3
湖南盈成油脂工业有限公司
彭华
C11B 3/06
Loading...
本实用新型公开了一种酸碱中转系统，所述酸碱中转系统包括配料罐、中转罐、供料泵、定量泵和混合器，所述配料罐通过供料泵与中转罐相连通，所述混合器通过定量泵与中转罐相连通；其中，安装高度从高到低依次为中转罐，定量泵和配料罐。本实用新型提供的酸碱中转系统通过提高中转罐和定量泵的安装高度，使得在处理酸价低或胶体杂质少的毛油时，无须开启定量泵，只需利用重力输送料液至混合器；在处理高酸价或胶体杂质多的毛油时，进料均匀，保证了精炼效果的稳定性；而且定量泵冲程减少，可以满足各种品质毛油的酸处理与碱炼。不仅如此，本实用新型提供的酸碱中转系统还能提高定量泵的使用寿命，节约了生产成本。
15. 103184098 菜籽油及其制备方法
CN
03.07.2013
C11B 1/06 Loading...
C11B 1/06
Loading...
201310075897.X
湖南盈成油脂工业有限公司
彭华
C11B 1/06
Loading...
本发明公开了一种菜籽油的制备方法，所述制备方法包括以下工序：将菜籽压榨、过滤后制得原油和油脂压榨饼；将原油打入炼油锅中搅拌至无泡，所述炼油锅的温度为50～95℃；向原油中加入原油重量5～10%的温水和原油重量4～5%的食用级非碘盐，进行水化；水化结束后，进行沉降，除去沉降于原油底部的水和胶体杂质，获得粗制油；干燥粗制油，除去粗制油中的水分；保持干燥的温度和真空度，向粗制油中加入吸附剂和茴香进行脱色，所述吸附剂和茴香的加入总重量为粗制油质量的1～3%；过滤经过脱色的粗制油，获得菜籽油。本发明还公开一种根据上述菜籽油制备方法值得的菜籽油，各项指标均符合国标中四级菜油的标准，且能保持浓郁的菜籽原香。
16. 202105527 一种油脂生产工艺中使用的除尘器
CN
11.01.2012
B01D 46/00 Loading...
B01D 46/00
Loading...
201120191989.0
湖南盈成油脂工业有限公司
彭华
B01D 46/00
Loading...
本实用新型涉及一种油脂生产工艺中使用的除尘器，包含有如下设备：(1)一级除尘箱；(2)二级粉尘箱，二级粉尘箱与一级除尘箱相通；(3)滤网，位于二级粉尘箱与一级除尘箱之间；(4)旋臂，位于一级除尘箱内滤网表面附近；(5)纤维吸嘴，位于旋臂上与滤网相对；(6)纤维收集器，与纤维吸嘴相连接；(7)蜂窝式滤尘器，具有蜂窝，位于二级粉尘箱与滤网相对的一面；(8)粉尘吸嘴，位于蜂窝附近；(9)粉尘收集器，与粉尘吸嘴相连接。采用本实用新型所述的除尘器，排放空气除尘达到99％以上，极大的改善了工作机械运行的环境。
17. 102294153 Dedusting method for grease production technology
CN
28.12.2011
B01D 46/00 Loading...
B01D 46/00
Loading...
201110161805.0
Hunan Vchen Industry Co., Ltd
Peng Hua
B01D 46/00
Loading...
The invention relates to a dedusting method for a grease production technology. The method includes the following steps that (1) air containing fiber dust enters to a first dedusting box, and is filtered by a filter screen into dust-loaded air; (2) suction nozzles arranged in a first dust box adsorb fiber on the filter screen and in the air containing fiber dust; (3) the dust-loaded air enters into a secondary dust box and is filtered by a cellular dust filter to become clean air; (4) suction nozzles arranged in the secondary dust box adsorb dust in the cellular dust filter and dust-loaded air. According to the method of the invention, dedusting rate of the discharge air reaches more than 99%, and operating environment of the working machines is improved.
18. 102250685 Oil refining method
CN
23.11.2011
C11B 3/00 Loading...
C11B 3/00
Loading...
201110161814.X
Hunan Yingcheng Grease Industry Co.,Ltd.
Peng Hua
C11B 3/00
Loading...
The invention provides a novel oil refining method, which comprises the following steps of: (1) acid reaction: heating crude oil to 80-90 DEG C, then adding phosphoric acid with the concentration of 80-90% and mixing for acid reaction; (2) deacidifying and degumming: adding sodium hydroxide with the concentration of 0.33-1.77 mol/L to the acidified crude oil, simultaneously adding hot water of 90-99 DEG C for stirring and mixing, wherein the amount of sodium hydroxide is determined according to the weight and acid value of the crude oil and the weight of the hot water accounts for 0.3-0.4% that of the crude oil; then heating to 90-95 DEG C after mixing and reacting for 35-60 minutes, then removing impurities and washing with water; and (3) drying: dewatering by a water washing centrifuge, and then heating the crude oil to 105-115 DEG C in an environment with a vacuum degree of -0.09 to -0.1 MPa for drying. By using the method provided by the invention, the problems of oil emulsion and difficulty in oil degumming are effectively avoided.
19. 102250686 Oil degumming method
CN
23.11.2011
C11B 3/00 Loading...
C11B 3/00
Loading...
201110161832.8
Hunan Yingcheng Grease Industry Co.,Ltd.
Peng Hua
C11B 3/00
Loading...
The invention provides a novel oil degumming method which comprises: acidifying crude oil, adding 0.33-1.77 mol/L sodium hydroxide into the acidified crude oil, simultaneously adding hot water at 90-99 DEG C, stirring and mixing, wherein the amount of sodium hydroxide is determined by the mass and acid value of the crude oil and the weight of the hot water is 0.3-0.4% of that of the crude oil; and carrying out mixing reaction for 35-60 minutes, then heating to 90-95 DEG C for reaction, then removing impurities, washing and drying. By using the method provides by the invention, the difficulty in oil emulsion and oil degumming can be effectively solved.
20. 102250684 Treatment method before decolorizing in oil processing technique
CN
23.11.2011
C11B 3/00 Loading...
C11B 3/00
Loading...
201110161811.6
Hunan Yingcheng Grease Industry Co.,Ltd.
Peng Hua
C11B 3/00
Loading...
In order to overcome the problems that because the oil temperature is too low before decolorizing, the oil color is too deep, thus the production process is not continuous in the prior art, the invention provides a new treatment method before decolorizing by making full use of the existing equipment and pipelines and improving a decolorizing pipeline. The treatment method comprises the steps of: enabling crude oil to pass through a heater for heating, then premixing, enabling the pre-mixed crude oil to enter a decolorizing tower for decolorizing, enabling a part of the decolorized crude oil to enter a condenser for condensing and collecting the crude oil, and enabling the other part of the decolorized crude oil to enter a circulating pipeline for decolorizing again, wherein before the crude oil is decolorized, the oil in the circulating pipeline is conveyed to the heater to be heated for a period of time. By the treatment method, the oil temperature reaches a normal level before decolorizing, thereby maintaining continuous production.
21. 102250680 Fat processing method
CN
23.11.2011
C11B 1/00 Loading...
C11B 1/00
Loading...
201110161839.X
Hunan Yingcheng Grease Industry Co.,Ltd.
Peng Hua
C11B 1/00
Loading...
The invention relates to a fat processing method, which comprises the steps of loading, washing, peeling, shell and core separation, oil squeezing, oil filtration, leaching, degumming, decolorizing, deodorizing and the like, wherein in the steps of loading, peeling and shell and core separation, air carrying fiber and dust enters to a primary dedust tank to be filtered by a filtering screen, a suction nozzle is arranged in the primary dust tank to suck the fibers on the suction filter screen and in the air carrying the fiber and dust, the air carrying dust enters a secondary dust tank to be filtered by a cellular dust filter, and a suction nozzle is arranged in the secondary dust tank to suck the dust in the cellular dust filter and the dust in the air carrying the dust; and in the step of decolorizing, the decolorization is realized by first conveying the fat in a circulating pipe to a heater to heat the fat for a period of time, then heating crude oil by a heater, later on pre-mixing and finally conveying the oil a decolorization tower for decolorization. When the method adopted by the method is used, the dedusting efficiency is improved, the working environment is improved, the oil temperature before decolorization reaches a normal level, and continuous production is kept.
22. 102250687 Oil preprocessing method
CN
23.11.2011
C11B 3/00 Loading...
C11B 3/00
Loading...
201110161846.X
Hunan Yingcheng Grease Industry Co.,Ltd.
Peng Hua
C11B 3/00
Loading...
The invention provides an oil preprocessing method, which comprises the following steps of: (1) heating crude oil; (2) premixing the heated crude oil and argil; (3) decoloring and filtering; and (4) sampling and detecting filtered samples, and directly returning unqualified products to the step (1). The oil preprocessing method overcomes the defect that because oil temperature before decoloration is too low, the color of the oil is too dark in the prior art; if the decolored oil has too dark color, the oil can timely return to a premixing tank, and is added with the argil to be decolored and recycled again, so that the color is light and meets a process requirement; and the production efficiency is greatly improved, the production cost is reduced and the method is convenient and practical.

