1. 206086366 一种带齿式离合器的减速机构
CN
12.04.2017
B60K 17/02 Loading...
B60K 17/02
Loading...
202016001017245
湖南江麓容大车辆传动股份有限公司
贺双桂
B60K 17/02
Loading...
本实用新型涉及新能源汽车领域，尤其涉及一种带齿式离合器的减速机构，其包括电机、减速器以及齿式离合器，所述齿式离合器包括轴套，所述轴套与所述减速器的输入轴花键连接，所述轴套与所述减速器的输入轴的相对滑动，使得所述轴套与所述电机的输出轴接合和分离，所述轴套与所述电机的输出轴接合时，所述轴套与所述电机的输出轴花键连接。本实用新型带齿式离合器的减速机构，解决了电机不工作时被反拖的问题，所采用的齿式离合器具有结构紧凑、尺寸小、能够承受较大的扭矩、能够承受较高的转速、能够实现双向传递动力的特点。
2. 106274456 一种带齿式离合器的减速机构
CN
04.01.2017
B60K 17/02 Loading...
B60K 17/02
Loading...
201610795112.X
湖南江麓容大车辆传动股份有限公司
贺双桂
B60K 17/02
Loading...
本发明涉及新能源汽车领域，尤其涉及一种带齿式离合器的减速机构，其包括电机、减速器以及齿式离合器，所述齿式离合器包括轴套，所述轴套与所述减速器的输入轴花键连接，所述轴套与所述减速器的输入轴的相对滑动，使得所述轴套与所述电机的输出轴接合和分离，所述轴套与所述电机的输出轴接合时，所述轴套与所述电机的输出轴花键连接。本发明带齿式离合器的减速机构，解决了电机不工作时被反拖的问题，所采用的齿式离合器具有结构紧凑、尺寸小、能够承受较大的扭矩、能够承受较高的转速、能够实现双向传递动力的特点。
3. 205806342 一种用于电动汽车的自动变速器及汽车
CN
14.12.2016
F16H 3/087 Loading...
F16H 3/087
Loading...
202016000489127
湖南江麓容大车辆传动股份有限公司
贺双桂
F16H 3/087
Loading...
本实用新型公开一种用于电动汽车的自动变速器。所述自动变速器包括：主动轴、一挡一级主动齿轮、一挡一级被动齿轮、一挡二级主动齿轮、一挡二级被动齿轮、二挡主动齿轮以及二挡被动齿轮，所述一挡一级主动齿轮设置于所述主动轴上，并与所述一挡一级被动齿轮啮合；所述一挡二级主动齿轮与所述一挡一级被动齿轮为一整体，并与所述一挡二级被动齿轮啮合；所述一挡二级被动齿轮和所述二挡主动齿轮均与所述主动轴共轴线，且所述二挡主动齿轮与所述二挡被动齿轮啮合。本实用新型优化了自动变速器各旋转件的转速，扩大了自动变速器输入转速的范围；同时有利于缩短换挡时间，改善换挡品质。此外，本实用新型还改善了齿轮的受力状况，延长齿轮寿命，降低了齿轮传动噪声。
4. 205800774 一种混合动力驱动总成及设有该总成的汽车
CN
14.12.2016
B60K 6/365 Loading...
B60K 6/365
Loading...
202016000517504
湖南江麓容大车辆传动股份有限公司
傅兵
B60K 6/365
Loading...
本实用新型涉及混合动力汽车技术领域，尤其涉及一种混合动力驱动总成及设有该总成的汽车。该混合动力驱动总成包括发动机和混合动力变速箱，所述混合动力变速箱包括输入轴总成、变速轴总成、减速齿轮总成和差速器总成，所述输入轴总成包括第一电机、第二电机、耦合离合器和第一连接齿轮，所述变速轴总成包括第二连接齿轮和行星齿轮两挡变速机构，所述减速齿轮总成包括第一减速齿轮和第二减速齿轮。本实用新型使汽车在各种运行状态下获得最佳动力组合，与使用传统变速箱的混合动力装置相比，结构紧凑，利于机舱布置；与使用减速机构的混合动力总成相比，降低对驱动电机功率及扭矩的需求，使驱动电机和发动机有更多机会工作在高效区，提高传动效率。
5. 106160343 一种驱动电机冷却油道结构及具有该结构的驱动电机
CN
23.11.2016
H02K 9/19 Loading...
H02K 9/19
Loading...
102016000772151
湖南江麓容大车辆传动股份有限公司
贺双桂
H02K 9/19
Loading...
本发明涉及电机冷却技术领域，尤其涉及一种驱动电机冷却油道结构及具有该结构的驱动电机。本发明的驱动电机冷却油道结构包括主油道和与主油道连通的至少一个副油道，每个副油道的侧壁上布设有多个喷油嘴，各个喷油嘴均与电机的定子或转子相对设置，在壳体内部设置主油道、并连通壳体外部伸出的副油道，利用多点喷射的方式，将来自液压冷却系统的压力油经主油道进入副油道中，并通过开设在副油道上的多个喷油嘴，对电机的硅钢片铁芯和线圈绕组进行多点喷射冷却，在保证冷却效果的同时，还能有效减小了电机外形尺寸，降低生产和工作成本，具有该油道结构的驱动电机具有结构简单、成本较低、节约安装空间、有效提高电机功率密度的特点。
6. 106004407 一种混合动力驱动总成及设有该总成的汽车
CN
12.10.2016
B60K 6/365 Loading...
B60K 6/365
Loading...
201610371111.2
湖南江麓容大车辆传动股份有限公司
傅兵
B60K 6/365
Loading...
本发明涉及混合动力汽车技术领域，尤其涉及一种混合动力驱动总成及设有该总成的汽车。该混合动力驱动总成包括发动机和混合动力变速箱，所述混合动力变速箱包括输入轴总成、变速轴总成、减速齿轮总成和差速器总成，所述输入轴总成包括第一电机、第二电机、耦合离合器和第一连接齿轮，所述变速轴总成包括第二连接齿轮和行星齿轮两挡变速机构，所述减速齿轮总成包括第一减速齿轮和第二减速齿轮。本发明使汽车在各种运行状态下获得最佳动力组合，与使用传统变速箱的混合动力装置相比，结构紧凑，利于机舱布置；与使用减速机构的混合动力总成相比，降低对驱动电机功率及扭矩的需求，使驱动电机和发动机有更多机会工作在高效区，提高传动效率。
7. 103603935 船用发电机
CN
28.09.2016
F16H 37/12 Loading...
F16H 37/12
Loading...
102013000647162
湖南江麓容大车辆传动股份有限公司
贺双桂
F16H 37/12
Loading...
本发明公开了一种船用发电机，其中，无级调速装置包括：主动带轮总成、金属带、被动带轮总成、定轴轮系减速装置与行星机构，主动带轮总成通过金属带与被动带轮总成连接；定轴轮系减速装置包括相连接的第一齿轮副与第二齿轮副；第一齿轮副与被动带轮总成连接，第二齿轮副与行星机构连接；行星机构包括与主动带轮总成连接的太阳轮、与太阳轮啮合的内行星轮、与内行星轮啮合的外行星轮、与外行星轮啮合并输出动力的齿圈以及用于支撑内行星轮和外行星轮的行星架，行星架连接第二齿轮副。驱动单元的变转速输入转换成恒定转速输出，驱动单元可以直接驱动发电机进行发电作业，降低能耗与成本。
8. 105864367 一种用于电动汽车的自动变速器及汽车
CN
17.08.2016
F16H 3/087 Loading...
F16H 3/087
Loading...
201610356812.9
湖南江麓容大车辆传动股份有限公司
贺双桂
F16H 3/087
Loading...
本发明公开一种用于电动汽车的自动变速器。所述自动变速器包括：主动轴、一挡一级主动齿轮、一挡一级被动齿轮、一挡二级主动齿轮、一挡二级被动齿轮、二挡主动齿轮以及二挡被动齿轮，所述一挡一级主动齿轮设置于所述主动轴上，并与所述一挡一级被动齿轮啮合；所述一挡二级主动齿轮与所述一挡一级被动齿轮为一整体，并与所述一挡二级被动齿轮啮合；所述一挡二级被动齿轮和所述二挡主动齿轮均与所述主动轴共轴线，且所述二挡主动齿轮与所述二挡被动齿轮啮合。本发明优化了自动变速器各旋转件的转速，扩大了自动变速器输入转速的范围；同时有利于缩短换挡时间，改善换挡品质。此外，本发明还改善了齿轮的受力状况，延长齿轮寿命，降低了齿轮传动噪声。
9. 104633099 Proportional hydraulic control valve set and metal-belt type stepless transmission
CN
20.05.2015
F16H 61/662 Loading...
F16H 61/662
Loading...
201510085055.1
湖南江麓容大车辆传动股份有限公司
罗威
F16H 61/662
Loading...
The invention discloses a proportional hydraulic control valve set and a metal-belt type stepless transmission. The proportional hydraulic control valve set used for the metal-belt type stepless transmission comprises an integrated oil tank, an output belt wheel cylinder, an input belt wheel cylinder, a clutch cylinder and an oil pump, the integrated oil tank is used for storing oil, the output belt wheel cylinder is used for delivering the oil in the integrated tank to the stepless transmission, the oil pump delivers the oil to a torque converter, the input end of the oil pump is communicated with the integrated oil tank, the oil input end of the output belt wheel cylinder is communicated with the output end of the oil pump, a passive slide valve used for controlling pressure of the oil pumped into the output belt wheel cylinder and a passive pilot solenoid valve used for outputting pilot pressure to the passive slide valve so as to control pressure of the oil delivered from the passive slide valve to the output belt wheel cylinder are arranged at the oil input end of the output belt wheel cylinder, and the oil output end of the oil pump is communicated with the inlet end of the passive slide valve; the maximum pressure outputted by the passive pilot solenoid valve is smaller than that controlled by the passive slide valve. The pressure of the output belt wheel cylinder is controlled.
10. 204138233 无级自动变速绞磨机
CN
04.02.2015
B66D 1/14 Loading...
B66D 1/14
Loading...
201420495294.5
湖南江麓容大车辆传动股份有限公司
贺双桂
B66D 1/14
Loading...
本实用新型公开了一种无级自动变速绞磨机，包括：发动机、变速箱及绞车，变速箱包括：液力变矩器、换挡机构、无级变速机构、减速机构；液力变矩器的输入端连接发动机的输出轴，液力变矩器的输出端经换挡机构连接无级变速机构的输入端，无级变速机构输出的动力经减速机构传递至绞车；还包括用于控制液力变矩器、换挡机构和无级变速机构的液压控制系统。本实用新型在液压控制系统控制下，无级变速机构能根据绞车的转速和扭矩的需求自动完成变速器速比变化，改变输出到绞车的转速和扭矩，且通过液压控制系统控制换挡机构，实现绞车的正转、空挡和反转的切换，避免了传统的手动变速箱导致的换挡和变速操作不方便，提高了操作的安全性。
11. 204140851 离合器的液压控制机构及具有该机构的自动变速箱
CN
04.02.2015
F16H 61/40 Loading...
F16H 61/40
Loading...
201420541354.2
湖南江麓容大车辆传动股份有限公司
龙亚彬
F16H 61/40
Loading...
本实用新型公开了一种离合器的液压控制机构及具有该机构的自动变速箱，该离合器的液压控制机构包括阀体及与阀体的内腔相配合的阀芯，阀体的内腔经油道连通有至少一个换挡执行机构；阀芯包括至少一个阀芯密封段，用以与阀体形成密封配合；内腔设有与阀芯密封段对应的回油口及泄油口，回油口连通油道，阀芯密封段设有与回油口配合的过流凹槽，阀芯密封段还设有阻尼孔。通过在阀芯密封段上设置过流凹槽和阻尼孔，使得阀体上的回油口不直接与泄油口连通，而是依次经过流凹槽、阻尼孔后泄油至油箱，该过程中，阻尼孔起到了控制液压油泄油速度的作用，从而实现了离合器脱离时泄油速度的可靠控制，有效地解决了换挡过程中的回挡冲击。
12. 204077346 混合动力传动机构及具有该机构的汽车
CN
07.01.2015
B60K 6/36 Loading...
B60K 6/36
Loading...
201420495300.7
湖南江麓容大车辆传动股份有限公司
贺双桂
B60K 6/36
Loading...
本实用新型公开了一种混合动力传动机构及具有该机构的汽车，该混合动力传动机构包括：发动机、第一电机及变速器，发动机的输出轴经离合器连接第一电机的输入端，第一电机的电机输出轴连接变速器的输入端；该混合动力传动机构还包括与变速器和离合器相连的液压系统，液压系统设有提供动力的油泵，油泵由第二电机驱动；第二电机位于变速器的变速器壳体内。本实用新型克服了混合动力车低速纯电动行驶时，液压系统压力和流量不足的问题，且由于第二电机嵌入到变速器壳体内，结构紧凑，节省空间，减小了混合动力传动机构的外形尺寸，方便布置。
13. 203756968 液压控制回路及无级变速器的液压控制系统
CN
06.08.2014
F16H 61/433 Loading...
F16H 61/433
Loading...
201420095768.7
湖南江麓容大车辆传动股份有限公司
康明
F16H 61/433
Loading...
本实用新型提供了一种液压控制回路及无级变速器的液压控制系统。该液压控制回路包括第一压力油源，具有第一输出节点；第二压力油源，具有第二输出节点；单向阀，单向阀的输入端与第一输出节点相连接，单向阀的输出端与第二输出节点相连接；压力输出油路，与第二输出节点连接；流量调节油路，包括流量控制阀，流量控制阀包括：回油口，与回油路连通；第一工作油口，与第一输出节点连接；第二工作油口，与第二输出节点连接；控制口，与压力输出油路连接，使得流量控制阀随控制口油压的增大而依次逐渐使第一工作油口和第二工作油口与回油口连通；发动机，驱动第一压力油源和第二压力油源。无级变速器的液压控制系统包括上述的液压控制回路。
14. 203641428 船用发电机的无级调速装置与船用发电机
CN
11.06.2014
F16H 37/12 Loading...
F16H 37/12
Loading...
201320792301.3
湖南江麓容大车辆传动股份有限公司
贺双桂
F16H 37/12
Loading...
本实用新型公开了一种船用发电机的无级调速装置与船用发电机，其中，无极调速装置包括：主动带轮总成、金属带、被动带轮总成、定轴轮系减速装置与行星机构，主动带轮总成通过金属带与被动带轮总成连接；定轴轮系减速装置包括相连接的第一齿轮副与第二齿轮副；第一齿轮副与被动带轮总成连接，第二齿轮副与行星机构连接；行星机构包括与主动带轮总成连接的太阳轮、与太阳轮啮合的内行星轮、与内行星轮啮合的外行星轮、与外行星轮啮合并输出动力的齿圈以及用于支撑内行星轮和外行星轮的行星架，行星架连接第二齿轮副。驱动单元的变转速输入转换成恒定转速输出，驱动单元可以直接驱动发电机进行发电作业，降低能耗与成本。
15. 103779938 Charging balance circuit and method and discharging balance circuit and method for battery pack
CN
07.05.2014
H02J 7/00 Loading...
H02J 7/00
Loading...
201410047735.X
湖南江麓容大车辆传动股份有限公司
李泉
H02J 7/00
Loading...
The invention discloses a charging balance circuit and method and a discharging balance circuit and method for a battery pack. The charging balance circuit comprises a battery voltage detection unit, a master controller and an enabled control unit, wherein the battery voltage detecting unit is used for detecting the voltage value of each battery of the battery pack, the master controller is used for receiving the detection result from the battery voltage detection unit, generates a control signal according to the detection result, and sends the control signal to the enabled control unit, and the enabled control unit is used for driving a charging balance control unit to conduct balance charging on batteries of the battery pack according to the control signal when the battery pack is charged. In the charging process, the voltage value of each battery in the battery pack is detected, the battery with the highest voltage value in the batter pack is controlled to charge the battery with the lowest battery value through a capacitor, and therefore the balance control aim in the charging process is achieved. Over-charging in individual batteries in the charging process of the battery pack is avoided, the dependence of the high uniformity requirement for the batteries of the battery pack is reduced, and the charging efficiency is improved.
16. 203516639 用于塔机的无级调速装置和塔机
CN
02.04.2014
F16H 37/02 Loading...
F16H 37/02
Loading...
201320446313.0
湖南江麓容大车辆传动股份有限公司
贺双桂
F16H 37/02
Loading...
本实用新型公开了一种用于塔机的无级调速装置和塔机，用于塔机的无级调速装置包括主动带轮总成、金属带和被动带轮总成;主动带轮总成包括主动带轮轴和主动带轮;被动带轮总成包括被动带轮和被动带轮轴;还包括与被动带轮轴连接的行星机构;以及，与主动带轮轴及行星机构连接的前置定轴轮系减速装置。本实用新型利用金属带式无级变速装置作为调速装置，取代原来电机的调速功能，电机只起到提供动力的作用，因此电机及其控制器的要求降低，结构简化，降低了成本;使用行星机构与金属带式无级变速装置结合，使系统的减速比增大，速比范围增大，能满足塔机重载低速，轻载高速的要求，安全可靠。
17. 203431055 离合器机构
CN
12.02.2014
F16D 25/10 Loading...
F16D 25/10
Loading...
201320386691.4
湖南江麓容大车辆传动股份有限公司
辜建军
F16D 25/10
Loading...
本实用新型提供了一种离合器机构，包括前进挡离合器、倒挡离合器以及连接于前进挡离合器与倒挡离合器之间的行星机构，前进挡离合器包括：环筒形的前进挡离合器油缸，内部形成环形的前进挡活塞运动腔；环形的前进挡活塞，位于前进挡活塞运动腔内并将前进挡活塞运动腔分隔成压力腔和非压力腔，前进挡活塞的位于非压力腔的一侧形成第一环槽，第一环槽内设置有与前进挡活塞同轴的环形的平衡活塞，平衡活塞与第一环槽之间形成前进挡活塞动压补偿腔。本实用新型提供的离合器机构，增设平衡活塞使之与前进挡活塞之间形成动压补偿腔，用以补偿前进挡活塞的油压离心力所产生的动压力，使前进挡活塞回位更快更平顺，进而使离合器快速、平顺的结合和分离。
18. 203344730 混合动力传动模块及具有该传动模块的混合动力传动汽车
CN
18.12.2013
B60K 6/40 Loading...
B60K 6/40
Loading...
201320298539.0
湖南江麓容大车辆传动股份有限公司
周云山
B60K 6/40
Loading...
本实用新型的混合动力传动模块，包括依次连接的发动机、电机以及变速器，其中，发动机与变速器分别设置于电机的两侧，变速器包括变速机构和离合器;离合器的动力输入端分别与发动机和电机连接，离合器的动力输出端与变速机构连接。相比现有技术，本实用新型的混合动力传动模块，利用变速器中原有的离合器做为发动机和电机的动力合成机构，转换方便、操作简单;相比现有技术，取消了无级变速器原有的行星机构，使变速器结构和控制更简单，动力总成的轴向尺寸缩短，使得该混合动力布置方式可应用于紧凑型车中。本实用新型还包括混合动力传动汽车，混合动力传动汽车具有如上述的混合动力传动模块，转换方便、操作简单、且动力总成的轴向尺寸短。
19. 103335082 用于塔机的无级调速装置和塔机
CN
02.10.2013
F16H 37/02 Loading...
F16H 37/02
Loading...
201310317319.2
湖南江麓容大车辆传动股份有限公司
贺双桂
F16H 37/02
Loading...
本发明公开了一种用于塔机的无级调速装置和塔机，用于塔机的无级调速装置包括主动带轮总成、金属带和被动带轮总成；主动带轮总成包括主动带轮轴和主动带轮；被动带轮总成包括被动带轮和被动带轮轴；还包括与被动带轮轴连接的行星机构；以及，与主动带轮轴及行星机构连接的前置定轴轮系减速装置。本发明利用金属带式无级变速装置作为调速装置，取代原来电机的调速功能，电机只起到提供动力的作用，因此电机及其控制器的要求降低，结构简化，降低了成本；使用行星机构与金属带式无级变速装置结合，使系统的减速比增大，速比范围增大，能满足塔机重载低速，轻载高速的要求，安全可靠。
20. 103291777 离合器机构
CN
11.09.2013
F16D 25/10 Loading...
F16D 25/10
Loading...
201310271846.4
湖南江麓容大车辆传动股份有限公司
辜建军
F16D 25/10
Loading...
本发明提供了一种离合器机构，包括前进挡离合器、倒挡离合器以及连接于前进挡离合器与倒挡离合器之间的行星机构，前进挡离合器包括：环筒形的前进挡离合器油缸，内部形成环形的前进挡活塞运动腔；环形的前进挡活塞，位于前进挡活塞运动腔内并将前进挡活塞运动腔分隔成压力腔和非压力腔，前进挡活塞的位于非压力腔的一侧形成第一环槽，第一环槽内设置有与前进挡活塞同轴的环形的平衡活塞，平衡活塞与第一环槽之间形成前进挡活塞动压补偿腔。本发明提供的离合器机构，增设平衡活塞使之与前进挡活塞之间形成动压补偿腔，用以补偿前进挡活塞的油压离心力所产生的动压力，使前进挡活塞回位更快更平顺，进而使离合器快速、平顺的结合和分离。
21. 203098830 车辆、自动变速器及其液压控制系统
CN
31.07.2013
F16H 61/4008 Loading...
F16H 61/4008
Loading...
201320062225.0
湖南江麓容大车辆传动股份有限公司
周云山
F16H 61/4008
Loading...
本实用新型提供了一种车辆、自动变速器及其液压控制系统。其中，自动变速器的液压控制系统，包括油泵、主动油缸、从动油缸及夹紧在主动油缸和从动油缸之间的金属带，还包括系统压力控制阀，系统压力控制阀的进油端连通油泵的排油口，用于控制油泵排出的液压油的压力，主动油缸的进油端和从动油缸的进油端交汇并共同连接在系统压力控制阀与油泵之间。采用本实用新型的结构，系统压力控制阀控制油泵排出的液压油的压力，进而控制进入主动油缸和从动油缸的压力，以实现主动油缸压力与从动油缸压力的独立控制。
22. 203093718 混合动力传动模块
CN
31.07.2013
B60K 6/40 Loading...
B60K 6/40
Loading...
201320032081.4
湖南江麓容大车辆传动股份有限公司
周云山
B60K 6/40
Loading...
本实用新型提供了一种混合动力传动模块，包括依次相连的发动机、电机以及变速器，其中，发动机与变速器分别设置于电机的两侧，发动机与电机通过湿式离合器连接。根据本实用新型的混合动力传动模块，由于湿式离合器的尺寸小，在混合动力总成模块中加入湿式离合器不改变原混合动力总成模块的外形，混合动力总成模块的结构简单、紧凑，利于在整车上布置；且湿式离合器不需额外的控制系统，简化控制程序，降低制造成本，解决了现有的混合动力传动模块轴向长度过大，在整车上布置困难，且干式离合器和电磁离合器需要单独的控制系统，控制程序复杂的技术问题。
23. 103115148 车辆、自动变速器及其液压控制系统
CN
22.05.2013
F16H 61/4008 Loading...
F16H 61/4008
Loading...
201310039190.3
湖南江麓容大车辆传动股份有限公司
周云山
F16H 61/4008
Loading...
本发明提供了一种车辆、自动变速器及其液压控制系统。其中，自动变速器的液压控制系统，包括油泵、主动油缸、从动油缸及夹紧在主动油缸和从动油缸之间的金属带，还包括系统压力控制阀，系统压力控制阀的进油端连通油泵的排油口，用于控制油泵排出的液压油的压力，主动油缸的进油端和从动油缸的进油端交汇并共同连接在系统压力控制阀与油泵之间。采用本发明的结构，系统压力控制阀控制油泵排出的液压油的压力，进而控制进入主动油缸和从动油缸的压力，以实现主动油缸压力与从动油缸压力的独立控制。
24. 202851877 带轮结构
CN
03.04.2013
F16H 55/36 Loading...
F16H 55/36
Loading...
201220212798.2
湖南江麓容大车辆传动股份有限公司
周云山
F16H 55/36
Loading...
本实用新型提供了一种带轮结构，带轮结构包括带轮轴及安装在带轮轴上的带轮，带轮结构还包括圆柱滚子，圆柱滚子设置在带轮轴与带轮之间。本实用新型的带轮结构用上述的圆柱滚子代替现有的钢球，且只设置了一条球道，大大降低了球道的加工难度。取消的卡环槽及卡环不仅降低了成本，而且简化了带轮结构、缩短了带轮轴的总长度，使得具有该带轮结构的无级变速器更加小型化。同时，通过将圆柱滚子与带轮轴的第一弧形球道的接触角度A进行了优化处理，大大减少了圆柱滚子与第一弧形球道的接触应力及摩擦力。
25. 202790450 带轮结构及具有其的无级变速器
CN
13.03.2013
F16H 55/56 Loading...
F16H 55/56
Loading...
201220419509.6
湖南江麓容大车辆传动股份有限公司
周云山
F16H 55/56
Loading...
本实用新型提供了一种带轮结构及具有其的无级变速器。根据本实用新型的带轮结构，包括带轮轴及安装在带轮轴上的带轮、活塞和轴承，还包括用于压紧轴承的轴承压板，轴承的靠近活塞的端面上设置有延伸到外周缘的凹进的台阶面，轴承压板与台阶面抵接。根据本实用新型的无级变速器，包括带轮结构，带轮结构为前述的带轮结构。本实用新型的带轮结构及具有其的无级变速器用有台阶端面的轴承代替现有的轴承，缩短了活塞与轴承内圈接触的凸台的长度，即缩短了带轮结构的轴向长度，降低了活塞的加工难度，使具有该带轮结构的无级变速器更加小型化。
26. 202707955 电动汽车、变速装置和变速装置控制系统
CN
30.01.2013
F16H 3/44 Loading...
F16H 3/44
Loading...
201220308525.8
湖南江麓容大车辆传动股份有限公司
周云山
F16H 3/44
Loading...
本实用新型提供了一种电动汽车、变速装置和变速装置控制系统。根据本实用新型的变速装置，包括壳体，和设置在壳体内部的主减速机构和设置在主减速机构输入端的行星轮减速机构；行星轮减速机构包括行星齿轮机构，行星齿轮机构包括：太阳轮，与电机耦合；内齿圈，套设在太阳轮外侧；多个行星轮，设置在太阳轮和内齿圈之间；以及行星架，连接多个行星轮，并将动力输出至主减速机构；行星轮减速机构还包括制动器和离合器，行星轮减速机构具有制动器闭合且离合器打开使内齿圈锁死在变速装置的壳体上而使行星齿轮机构减速输出的第一档；以及制动器打开且离合器闭合使内齿圈与太阳轮锁死而使行星齿轮机构整体回转的第二档，从而提高传动效率。
27. 202392067 自动变速器总成及自动变速型汽车
CN
22.08.2012
F16H 37/02 Loading...
F16H 37/02
Loading...
201120282053.9
湖南江麓容大车辆传动股份有限公司
周云山
F16H 37/02
Loading...
本实用新型提供了一种自动变速器总成及自动变速型汽车，自动变速器总成包括输入轴(1)、一级减/增速机构(2)、无级变速机构(3)、二级减/增速机构(7)、行星机构(8)和输出轴(14)，该自动变速器总成呈直列式分布，输入轴(1)和输出轴(14)设置在同一轴线上，轴线构成自动变速器总成的输入-输出主轴线；一级减/增速机构(2)和二级减/增速机构(7)分别布置在无级变速机构(3)的两侧。整个变速器的重心落在或者近似落在输入-输出轴线上，大大增强了变速器以及汽车的平衡性能。
28. 202195014 无级变速器及汽车
CN
18.04.2012
F16H 3/76 Loading...
F16H 3/76
Loading...
201120269260.0
湖南江麓容大车辆传动股份有限公司
周云山
F16H 3/76
Loading...
本实用新型提供了一种无级变速器及具有其的汽车，无级变速器包括：一级减速机构、连接于一级减速机构的行星机构、连接于行星机构的无级变速机构及连接于无级变速机构的二级减速机构；一级减速机构包括相对设置的第一输入轴和第一输出轴；行星机构连接于第一输出轴；二级减速机构包括一第二输出轴，且第二输出轴和第一输入轴位于同一直线上；无级变速机构分布在第二输出轴和第一输入轴所在直线的两边。减小了无级变速器的高度尺寸和宽度尺寸小；尤其高度尺寸减小较多，满足前置后驱型车辆最小离地间隙的要求。且无级变速机构分布在第二输出轴和第一输入轴所在直线的两边，适应SUV、MPV等前置后驱型车辆的装配要求。
29. 202192979 动力传动模块
CN
18.04.2012
B60K 6/36 Loading...
B60K 6/36
Loading...
201120269242.2
湖南江麓容大车辆传动股份有限公司
周云山
B60K 6/36
Loading...
本实用新型提供了一种动力传动模块，包括依次连接的电机、变速器及发动机。其中，电机与发动机分别设置于变速器的两侧。该动力传动模块产生动力的模式有三种：纯电机式，纯发动机式以及混合式。且电机输出的动力不经过行星机构及无级变速机构的主动带轮轴及金属带，电机的动力直接输入到无级变速机构的被动带轮轴。电机的动力与发动机的动力在被动带轮轴合成。采用本实用新型，解决了目前的传动模块中无级变速器的使用寿命短、动力输出不足、传动模块布局不合理以及无极变速器扭矩容量过小的技术问题，从而达到了延长无级变速器的使用寿命、增加动力输出、合理布局传动模块以及无极变速器可以承受过大扭矩的效果。
30. 202192980 混合动力传动模块及混合动力汽车
CN
18.04.2012
B60K 6/36 Loading...
B60K 6/36
Loading...
201120282016.8
湖南江麓容大车辆传动股份有限公司
周云山
B60K 6/36
Loading...
本实用新型提供了一种混合动力传动模块及混合动力汽车，混合动力传动模块包括电机(1)、发动机(2)、行星机构(4)、无级变速机构(3)、减速机构(15)和输出轴(16)，行星机构(4)包括行星架(8)和太阳轮(7)；电机(1)的动力输出端与行星架(8)连接；无级变速机构(3)的输入端与行星架(8)的输出端相连接，无级变速机构(3)的输出端与减速机构(15)的输入端相连接；减速机构(15)的输出端与输出轴(16)相连接。本实用新型能够通过离合器和制动器的接合或者分离实现混合动力模式、纯电机驱动模式和纯发动机驱动模式的转换。
31. 102381180 混合动力传动模块及混合动力汽车
CN
21.03.2012
B60K 6/36 Loading...
B60K 6/36
Loading...
201110222335.4
湖南江麓容大车辆传动股份有限公司
周云山
B60K 6/36
Loading...
本发明提供了一种混合动力传动模块及混合动力汽车，混合动力传动模块包括电机(1)、发动机(2)、行星机构(4)、无级变速机构(3)、减速机构(15)和输出轴(16)，行星机构(4)包括行星架(8)和太阳轮(7)；电机(1)的动力输出端与行星架(8)连接；无级变速机构(3)的输入端与行星架(8)的输出端相连接，无级变速机构(3)的输出端与减速机构(15)的输入端相连接；减速机构(15)的输出端与输出轴(16)相连接。本发明能够通过离合器和制动器的接合或者分离实现混合动力模式、纯电机驱动模式和纯发动机驱动模式的转换。
32. 102359621 变速器电子液压控制阀及包含其的无级变速器
CN
22.02.2012
F16K 11/22 Loading...
F16K 11/22
Loading...
201110241950.X
湖南江麓容大车辆传动股份有限公司
周云山
F16K 11/22
Loading...
本发明提供了一种变速器电子液压控制阀及包含其的无级变速器。该变速器电子液压控制阀包括：阀体以及设置在所述阀体内的电磁控制阀和液压控制阀，其中所述电磁控制阀包括反比例电磁控制阀。该无级变速器包括上述的变速器电子液压控制阀，变速器电子液压控制阀安装在变速器壳体下方。根据本发明的变速器电子液压控制阀，能够在电子液压控制阀体内的电磁阀或者控制电路出现故障时，使离合器及变速机构油路能够提供足够大的压力，保证发动机动力的传递能力，使汽车可以继续行驶至安全地点。
33. 102297255 Automatic transmission assembly and automatic transmission vehicle
CN
28.12.2011
F16H 37/02 Loading...
F16H 37/02
Loading...
201110222549.1
Hunan Jianglu & Rongda Vehicle Transmission Co., Ltd.
Zhou Yunshan
F16H 37/02
Loading...
The invention provides an automatic transmission assembly and an automatic transmission vehicle; the automatic transmission assembly comprises an input shaft (1), a primary deceleration/acceleration mechanism (2), a stepless transmission mechanism (3), a secondary deceleration/acceleration mechanism (7), a planetary mechanism (8) and an output shaft (14); the automatic transmission assembly is distributed in a linear shape; the input shaft (1) and the output shaft (14) are arranged on the same axis; the axis forms the input-output main axis of the automatic transmission assembly, and the center of gravity is or nearly is on the input-output axis of a whole transmission, so that the balancing performance of the transmission and the vehicle are greatly enhanced.
34. 201819805 机动车走行部故障诊断装置
CN
04.05.2011
G01M 17/007 Loading...
G01M 17/007
Loading...
201020127295.6
湖南江麓容大车辆传动股份有限公司
周云山
G01M 17/007
Loading...
本实用新型公开了一种机动车走行部故障诊断装置。该机动车走行部故障诊断装置包括：多功能传感器，该多功能传感器包括：振动检测组件；温度传感器，安装于振动检测组件上；接线盒，与多功能传感器相连接；第一调理板，与接线盒相连接；数字信号处理板卡，其中，振动检测组件中的电极经由接线盒和第一调理板连接于数字信号处理板卡。通过本实用新型，能够及时准确地对机动车走行部进行故障诊断。
35. 201819799 机车走行部的故障诊断用多功能传感器
CN
04.05.2011
G01M 13/02 Loading...
G01M 13/02
Loading...
201020127293.7
湖南江麓容大车辆传动股份有限公司
周云山
G01M 13/02
Loading...
本实用新型公开了一种机车走行部的故障诊断用多功能传感器。其中，该多功能传感器包括：振动检测组件；温度传感器，安装于振动检测组件上。通过本实用新型，能够通过感应机械振动和温度，实时检测轴承温度和机械故障。
36. 201653714 机车走行部故障诊断信号调理电路
CN
24.11.2010
G01M 17/08 Loading...
G01M 17/08
Loading...
201020127301.8
湖南江麓容大车辆传动股份有限公司
周云山
G01M 17/08
Loading...
本实用新型公开了一种机车走行部故障诊断信号调理电路，该电路包括：共振器，与机车走行部故障诊断信号调理电路的输入端相连接；滤波器，输入端与共振器的输出端相连接。通过本实用新型，能够有效地减少电气信号干扰。
37. 201116555 排油阀
CN
17.09.2008
F15B 15/20 Loading...
F15B 15/20
Loading...
200720064386.8
湖南江麓容大车辆传动有限责任公司
周云山
F15B 15/20
Loading...
一种排油阀，由排油阀座、排油钢球、挡片组成，排油阀座内部靠近排油孔的两侧内壁为锥面，且锥面的坡度向内，而靠近挡片的内壁与挡片垂直，排油钢球被排油阀座和挡片封锁在其内部。本实用新型结构简单，加工容易，成本低廉，可靠性高，且使用寿命长，可广泛应用于汽车液压系统。
38. 101245835 Metal strap type stepless speed changer velocity ratio control and locating method
CN
20.08.2008
F16H 9/16 Loading...
F16H 9/16
Loading...
200710035698.0
Hunan Jianglu Rongda Vehicle Transmission Co., Ltd.
Zhou Yunshan
F16H 9/16
Loading...
The invention provides a metal belt-typed stepless transmission speed ratio control and position limit method. A driving shaft assembly consists of a driving belt pulley shaft, a driving belt pulley, a driving cylinder and a driving piston. A driven shaft assembly consists of a driven belt pulley shaft, a driven belt pulley, a driven cylinder and a driven piston. A conical disc on the driving belt pulley shaft and the conical disc on the driving belt pulley form a V-shaped trough; the conical disc on the driven belt pulley shaft and the conical disc on the driven belt pulley also form a V-shaped trough. The V-shaped trough is engaged with a metal belt. A minimum radius position limit shaft shoulder and a maximum radius position limit shaft shoulder are processed on the driving belt pulley shaft and the driven belt pulley shaft. Position limit shaft shoulders are processed on the driving belt pulley and the driven belt pulley. A spring device is also added in the driven belt pulley cylinder. The metal belt-typed stepless transmission speed ratio control and position limit method has advanced technique, reasonable design, reliable operation and excellent performance, leads an engine to work in a most effective area all the time, realizes the best match between the environmental condition and the vehicle, and leads the vehicle to obtain a best driving performance.
39. 101245851 Novel stepless automatic speed transmission electrohydraulic velocity ratio control method
CN
20.08.2008
F16H 61/00 Loading...
F16H 61/00
Loading...
200710035697.6
Hunan Jianglu Rongda Vehicle Transmission Co., Ltd.
Xue Dianlun
F16H 61/00
Loading...
The invention provides a novel stepless automatic transmission electro-hydraulic speed ratio control method, which takes a two-position three-way electro-hydraulic proportion change valve as a main control element, takes a thrust steel belt type stepless transmission mechanism as an execution element so as to control the speed ratio of the stepless automatic transmission. The rotation speed of the driving belt pulley and the rotation speed the driven belt pulley of the thrust steel belt type stepless transmission mechanism are respectively sent to an electronic control unit TCU so as to carry out calculation and comparison by a speed sensor and an output signal controls the electromagnet of the electro-hydraulic proportion change valve after passing through a proportion amplifier; the electro-hydraulic proportion change valve controls the axial displacement of the driving belt pulley shaft and the driven belt pulley shaft of the thrust steel strip type stepless transmission mechanism, changes the speed ratio, and tracks the object speed ratio. The novel stepless automatic transmission electro-hydraulic speed ratio control method has the advantages of low price, small energy consumption, high response speed, high repeatability precision, good generalization, simple structure, good technology performance, strong anti-pollution capability, stability and reliability, and excellent technical performance.
40. 101245848 Shifting mechanism
CN
20.08.2008
F16H 59/04 Loading...
F16H 59/04
Loading...
200710035817.2
Hunan Jianglu Rongda Vehicle Transmission Co., Ltd.
Zhou Yunshan
F16H 59/04
Loading...
The invention provides a gear shifting mechanism in the vehicle transmission technical field, consisting of an input shaft welding-on part, an advancing gear piston, an advancing gear cylinder, a backing gear piston, a backing gear cylinder, a recovery spring, a composite spring, and an advancing gear clutch steel sheet, a friction sheet, a backing gear clutch steel sheet, a friction sheet, a planetary mechanism component and a sun wheel welding-on part which are sequentially overlapped. The steel sheet of the advancing gear clutch and the planetary frame are respectively connected with the input shaft by a spline; the friction sheet is connected with the sun wheel welding-on part by the spline; the steel sheet of the backing gear clutch is connected with a stepless transmission shell by the spline; and the friction sheet is connected with a sun wheel gear ring by the spline. The gear shifting mechanism has the advantages of compact structure, low cost, high transmission efficiency, reliability and stability.
41. 101246081 Environment-friendly speed transmission test device and method
CN
20.08.2008
G01M 13/02 Loading...
G01M 13/02
Loading...
200710035449.1
Hunan Jianglu Rongda Vehicle Transmission Co., Ltd.
Cai Yuanchun
G01M 13/02
Loading...
The present invention provides an environment-protecting speed changer testing device and the method thereof, one set of alternating-current frequency conversion electric motor is adopted for simulating the engine, the output is connected to the speed changer after speed raising, additionally two sets of alternating frequency conversion electric motor are taken as the load of the speed changer, the electrical energy generated by the load motor is used by the driving electric motor with the common direct current generatrix, and at the same time the PC executes rotation velocity control to the driving electric motor and executes torque control to the load motor. The invention has the advantages of good repeatability, high precision accuracy, avoiding the exhaust discharge and noise pollution of the engine, good environment protecting capability, recycling the electrical energy generated by the load motor, being convenient, economical, electricity-saving and energy-saving.
42. 101245832 Single planet wheel reversing mechanism
CN
20.08.2008
F16H 3/44 Loading...
F16H 3/44
Loading...
200710035700.4
Hunan Jianglu Rongda Vehicle Transmission Co., Ltd.
Zhou Yunshan
F16H 3/44
Loading...
The invention provides a single planetary wheel type steering mechanism. The planetary mechanism is compsed of a sun wheel, a planetary frame, a gear ring and three planetary wheel groups. The sun wheel is fixedly connected with a stepless automatic transmission drive belt pulley shaft. The sun wheel is connected with an advance clutch internal tooth friction sheet. An advance clutch external tooth friction sheet is fixedly connected with an input shaft and a gear ring. The planetary frame is connected with the internal tooth friction sheet of a backing brake. The external tooth friction sheet of the backing brake is fixedly connected with the stepless automatic transmission shell. The dual planetary wheel type steering mechanism has compact structure and flexible and convenient operation, realizes automation easily, avoids the gear-strike phenomenon, works stably, and runs reliably.
43. 101245836 Propulsion steel strip type stageless transmission mechanism
CN
20.08.2008
F16H 9/18 Loading...
F16H 9/18
Loading...
200710035696.1
Hunan Jianglu Rongda Vehicle Transmission Co., Ltd.
Zhou Yunshan
F16H 9/18
Loading...
The invention provides a thrust steel strip type stepless transmission mechanism, consisting of a driving belt pulley, a driving belt pulley cylinder, a driving belt pulley piston, a driving belt wheel shaft, a driving belt wheel shaft conical disc, a driven belt pulley, a driven belt pulley cylinder, a driven belt pulley piston, a driven belt pulley shaft, a driven belt pulley shaft conic disc, a V-shaped metal belt and a transmission steel ball. The working surfaces of the belt pulley and a fixed pulley are linear surface bodies; under the action of a hydraulic control system, the pressure of the cylinder is adjusted, the driving belt pulley and the driven belt pulley move axially, the working radius of the metal belt is continuously changed, thus realizing stepless variable speed transmission. The thrust steel strip type stepless transmission mechanism has simple and compact structure, convenient operation and high transmission efficiency, is suitable for the current requirements of environmental protection, energy saving and comfort to the automobile, and has excellent technical performance.
44. 101245831 Double-planet wheel type reversing mechanism
CN
20.08.2008
F16H 3/44 Loading...
F16H 3/44
Loading...
200710035699.5
Hunan Jianglu Rongda Vehicle Transmission Co., Ltd.
Zhou Yunshan
F16H 3/44
Loading...
The invention provides a dual planetary wheel type steering mechanism. The planetary mechanism is composed of a sun wheel, a planetary frame, a gear ring and three planetary wheel groups. Each planetary wheel group is provided with two planetary wheels. The sun wheel is fixedly connected with a stepless automatic transmission drive belt pulley. The sun wheel is connected with an advance clutch internal tooth friction sheet. An external tooth friction sheet is fixedly connected with an input shaft and the planetary frame. The gear ring is connected with the internal tooth friction sheet of a backing brake. The external tooth friction sheet is fixedly connected with the stepless automatic transmission shell. The dual planetary wheel type steering mechanism has compact structure and flexible and convenient operation, realizes automation easily, avoids the gear-strike phenomenon, works stably, and runs reliably.
45. 201096185 档位传感器
CN
06.08.2008
F16H 57/00 Loading...
F16H 57/00
Loading...
200720064382.X
湖南江麓容大车辆传动有限责任公司
周云山
F16H 57/00
Loading...
一种档位传感器，由上盖、下盖、调节器、金属弹片、接线壳、密封圈组成，调节器安装连接在上、下盖上，能转动，金属弹片安装在调节器上，金属弹片与上、下盖中的静态触点接触，上盖具有机架、静态触点、引脚，下盖具有静态触点、引脚，上、下盖的每个静态触点与对应的引脚接通，接线壳封装引脚，上、下盖及调节器安装连接并用密封圈进行密封。本实用新型结构简单，操作方便，可靠性高，使用寿命长，将其与汽车变速器配合使用，适应于我国发展家用轿车的国情。
46. 201096190 制动推杆合件
CN
06.08.2008
F16H 63/34 Loading...
F16H 63/34
Loading...
200720064384.9
湖南江麓容大车辆传动有限责任公司
周云山
F16H 63/34
Loading...
一种制动推杆合件，属于车辆传动传动技术领域，由推杆、推杆弹簧、推杆套、推杆头、制动爪、制动爪销、制动爪复位扭簧、档块组成，推杆一端与摇臂连接，推杆另一端套入推杆套内，推杆上套装推杆弹簧，推杆头安装在制动爪之下、档块之上，制动爪与被动带轮的制动轮齿相配合，实现驻车制动。本实用新型结构简单，成本低廉，受力不大，制动效果好，工作稳定可靠。
47. 201096186 一种无级自动变速器带轮转速信号调理电路
CN
06.08.2008
F16H 57/00 Loading...
F16H 57/00
Loading...
200720064383.4
湖南江麓容大车辆传动有限责任公司
周云山
F16H 57/00
Loading...
一种无级自动变速器带轮转速信号调理电路，其特征在于由输入电路、滤波电路、整形电路依次连接组成，输入电路进行缓冲隔离，然后送到滤波电路，滤除杂散信号，最后整形电路将信号处理成非常标准的转速信号，输出至无级自动变速器电控单元。本实用新型输出波形标准，信号调理效果好，具有很强的通用性，价格低廉，经济实用。
48. 201096188 金属带式无级变速器档位操纵及定位机构
CN
06.08.2008
F16H 59/06 Loading...
F16H 59/06
Loading...
200720064385.3
湖南江麓容大车辆传动有限责任公司
周云山
F16H 59/06
Loading...
一种金属带式无级变速器档位操纵及定位机构，由扇形板、扇形板轴套、手动阀拨销、定位板、滚柱、滚针、凸台定位销、操纵杆、操纵杆拨销、操纵杆轴套、控制杆组成，操纵杆上的拨销通过柔性传动轴和驾驶室内的档位操纵杆相连接，操纵杆与控制杆一端相连接，扇形板与控制杆另一端相连接，扇形板上的拨销和液压阀块相连接，选择不同的油路，定位板上的滚柱和扇形板凹槽配合定位。本实用新型结构简单，成本低，定位精确，不脱档不串档，稳定可靠。
49. 201090432 转子油泵
CN
23.07.2008
F04C 2/10 Loading...
F04C 2/10
Loading...
200720064580.6
湖南江麓容大车辆传动有限责任公司
周云山
F04C 2/10
Loading...
一种转子油泵，由泵体、泵盖、内转子、外转子、骨架油封、密封环组成，泵体、泵盖相结合的一面铸有许多油槽，内、外转子相互啮合并为偏心结构，内、外转子嵌套在泵体的转子腔内，变矩器拨叉前端转子驱动轴连接传动内转子，内转子及花键轴内孔增设巴氏合金套。本实用新型结构简单紧凑，体积小，压力大，运转平稳，噪音低，寿命长，工作应用广泛。
50. 201060099 一种节能型的变速器试验装置
CN
14.05.2008
G01M 13/02 Loading...
G01M 13/02
Loading...
200720063951.9
湖南江麓容大车辆传动有限责任公司
蔡源春
G01M 13/02
Loading...
一种节能型的变速器试验装置，由发动机、变速器、两台交流变频电机及其变频器、回馈制动单元组成，发动输出连接变速器，变速器通过半轴连接两台交流变频电机并将其作为负载，负载电机产生的再生电能经处理后回馈至电网，供其它用电设备使用，因此，节电节能显著，降低了变速器开发成本。
51. 201057248 多能源分段式行星机构无级变速传动系统
CN
07.05.2008
F16H 3/44 Loading...
F16H 3/44
Loading...
200720062482.9
湖南江麓容大车辆传动有限责任公司
周云山
F16H 3/44
Loading...
一种多能源分段式行星机构无级变速传动系统，属车辆传动技术领域，该系统由相互啮合的齿轮、惰轮、行星机构、换段机构、输入轴、输出轴、套轴、中间轴、电动机、逆变器、蓄电池组成，两输入轴分别连接发动机和电动机，行星机构由两级双行星齿轮系构成，其中，两太阳轮分别与输入轴和中间轴相连接，两行星架分别与套轴和太阳轮相连，两齿圈分别与套轴和行星架相连，换段机构由三个前进段、两个同步器构成。本实用新型速比范围大，传动效率高，成本低，结构简单，传动能力大，稳定可靠。
52. 201057264 一种无级自动变速器电磁阀驱动电路装置
CN
07.05.2008
F16H 61/00 Loading...
F16H 61/00
Loading...
200720063952.3
湖南江麓容大车辆传动有限责任公司
吕良飞
F16H 61/00
Loading...
一种无级自动变速器电磁阀驱动电路装置，由高速化电容及滤波电路、前级高速化驱动电路、次级驱动电路依次连接组成，本电路装置输入接自无级自动变速器比例电磁阀脉宽调制控制信号，本电路装置输出接比例电磁阀。本实用新型电路简单，频率响应快，输出驱动电流大，液压控制精度高，经济适用，具有很强的通用性，电路发热量小，技术性能优良。
53. 101149067 General digital electro-hydraulic pressure control module
CN
26.03.2008
F15B 13/00 Loading...
F15B 13/00
Loading...
200610032296.0
Hunan Jianglirong Vehicle Transmission Co., Ltd.
Zhou Yunshan
F15B 13/00
Loading...
The universal digital electrohydraulic pressure control module consists of one pressure reducing valve, one high speed switching digital solenoid valve and one host pressure regulating valve closed loop connected. The pressure reducing valve has the oil inlet connected to the hydraulic system and oil outlet connected to the oil inlet of the high speed switching digital solenoid valve, the high speed switching digital solenoid valve has the control port connected to the control port of the host pressure regulating valve, and the host pressure regulating valve has the oil inlet connected to the hydraulic system and the oil outlet of the pressure reducing valve. The present invention has simple structure, high efficiency, high reliability, broad continuous regulation range, low power consumption, high precision and high technological performance.
54. 101082365 Electrical machinery planetary mechanism stepless gear system
CN
05.12.2007
F16H 3/44 Loading...
F16H 3/44
Loading...
200710034415.0
Hunan Jianglu & Rongda Vehicle Transmission Co., Ltd.
Zhou Yunshan
F16H 3/44
Loading...
The invention relates to a electric horn machinery planetary mechanism step-less variable speed transmission system, it belongs to vehicle transmission technology field. The system is make up of mutual meshing gear (Z1), idle gear (Z2) and gear (Z3), planetary mechanism, input axis (1), axle sleeve (2), input axis (3), output axis (4), mutual meshing gear (Z4) and (Z5), motor (6), inverter and battery. The biggest advantage of invention is using a lower power speed control motor to realize the speed ratio continuous step-less change of whole system. To compare with mainstream step-less variable speed transmission system, the speed ratio change range of invention is larger, transmission efficiency is higher and has lower cost, simple and compact structure, stable transmission, high ability of transfer power and torque and easy application of advanced control strategy. The invention has widely prospect on common automobile especially the electric vehicle transmission system.
55. 200975424 起步离合器
CN
14.11.2007
F16D 25/00 Loading...
F16D 25/00
Loading...
200520051293.2
湖南江麓容大车辆传动有限责任公司
薛殿伦
F16D 25/00
Loading...
本实用新型公开了一种起步离合器，要解决的技术问题是提供一种工作可靠、结构紧凑、占用空间小的起步离合器。设有单向阀的主油缸合件连接在旋转轴上，齿轮合件安装在旋转轴上，在主油缸合件与齿轮合件之间设有摩擦片总成，主油缸合件与摩擦片总成对应位置设有径向卸油孔，在主油缸合件内滑动设有与摩擦片总成对应的主活塞并在主油缸合件与主活塞之间形成主油缸，在主油缸合件固定设有具通油孔的动压平衡活塞，在主活塞和动压平衡活塞之间形成动压平衡油缸并设有复位弹簧，在壳体上设有压力油管及三个分流盘，在旋转轴上同轴套接有三根油管，一根油管与主油缸连通，一根油管与动压平衡油缸连通，一根油管与其他工作油道连通。可应用于车辆起步。

