1. 203230707 一种用于风机基础的细螺纹高强螺杆
CN
09.10.2013
F16B 35/04 Loading...
F16B 35/04
Loading...
201320267508.9
湖北德克特种异型高强螺栓有限公司
华成仁
F16B 35/04
Loading...
本实用新型公布了一种螺杆，具体的讲是风力发电机基础用的细螺纹高强度螺杆，包括螺杆和螺纹，所述螺杆的中间为光杆、两端为螺纹；所述螺纹是牙顶角为90°、螺纹高h=2mm、螺纹底宽b=5.5mm、螺距P=8.45mm、外径圆角半径R≤0.25mm、螺纹根角半径R≤0.5mm、冷挤压成形的细牙梯形连续右旋外螺纹；所述螺杆材料为热轧调质圆钢42CrMo4，螺杆机械性能满足：屈服强度ReL≥930MPa，抗拉强度Rm≥1080MPa，断后伸长率A≥9%；-40℃时三个试样的冲击功平均值Akv≥27J；疲劳试验满足在频率15Hz，应力范围40-100MPa情况下，1000万次不发生断裂。本实用新型的细螺纹高强螺杆，其螺纹稳定性好，承载能力高、自锁性好，能满足风机工作的高强度要求。
2. 103286246 一种风力发电机基础用细螺纹高强度螺杆的制造方法
CN
11.09.2013
B21H 3/06 Loading...
B21H 3/06
Loading...
201310181616.9
湖北德克特种异型高强螺栓有限公司
华成仁
B21H 3/06
Loading...
本发明公布了一种风机基础用的高强度螺杆的制造方法，包括以下步骤：选取钢材并按需截成适当长度的坯料；矫直处理；中频感应热处理；进行超声波探伤与涡流探伤；采用设置两个平行的环型滚丝轮的冷挤压滚丝机将工件滚压出连续细螺纹。该风机基础用的高强度螺杆的制造方法，螺纹滚制效率高、稳定性好，滚制出的细螺纹承载能力高、自锁性好，满足风机工作的强度要求。
3. 203030809 一种滚丝轮托架
CN
03.07.2013
B21H 3/04 Loading...
B21H 3/04
Loading...
201220487200.0
湖北德克特种异型高强螺栓有限公司
华成仁
B21H 3/04
Loading...
本实用新型提供一种滚丝轮托架，包括固定件及用于连接滚丝轮的阶梯轴；所述固定件包括两个相互平行的定位板，两个所述定位板上均设有通孔，其中一个所述定位板的通孔内侧边缘设有环形凸缘，所述阶梯轴贯穿两个所述定位板的通孔；所述阶梯轴上套设有轴承，所述轴承位于两个所述定位板之间且安装在所述阶梯轴的阶梯面与所述环形凸缘之间。通过两个定位板与轴承的配合可保证阶梯轴转动的稳定性，从而保证滚丝轮转动的稳定性；采用阶梯轴可便于轴承的固定，结构简单，易装配；通过环形凸缘将轴承与定位板隔开，有效避免阶梯轴转动时轴承与定位板产生摩擦，进一步保证阶梯轴的转动的稳定性，并提高滚丝轮托架的使用寿命。

