1. 204931636 非接触式生命体征监测装置及睡眠管理系统
CN
06.01.2016
A61B 5/00 Loading...
A61B 5/00
Loading...
201520665067.7
珠海市奥美软件科技有限公司
何方平
A61B 5/00
Loading...
本实用新型公开了一种非接触式生命体征监测装置及睡眠管理系统。它包括雷达波发射和接收器、模拟信号处理器及数字信号处理器，雷达波发射和接收器和数字信号处理器均与模拟信号处理器相连。所述雷达波发射和接收器的雷达波束的辐射范围覆盖监测目标，所述雷达波发射和接收器通过监测目标反射回来的雷达波束包含有所述监测目标的生命体征信息；所述模拟信号处理器与所述雷达波发射和接收器想连接，所述模拟信号处理器对所述雷达波发射和接收器获取的监测信号进行滤波放大处理。本实用新型无需穿戴或接触任何仪器，无需限制监测目标的活动，也无需额外的人力资源成本，可及时获取监护目标的生命体征数据并实时做出分析、判别、报警和干预。
2. 105115101 一种夜间睡眠时自动控制空调温度的方法及设备
CN
02.12.2015
F24F 11/00 Loading...
F24F 11/00
Loading...
201510450168.7
珠海市奥美软件科技有限公司
何方平
F24F 11/00
Loading...
本发明公开了一种夜间睡眠时自动控制空调温度的方法及设备，通过佩戴用户获得佩戴用户的体表温度及体动数据等，实现了不必用户主动参与设置也能够为智能手机或服务器提供数据，通过向与佩戴用户绑定的空调发送请求获得空调当前的运行参数，然后根据佩戴用户的数据与空调当前的运行参数生成用于指示空调对当前的运行状态进行调整的控制指令实现了不需要用户主动参与，而是根据佩戴用户的人体参数变化，自动控制空调将运行状态调整到对人体健康最有利的状态，解决了现有技术中存在的需要用户的参与才能控制空调的问题。

