1. 205180390 一种罗布麻纤维与牛奶丝混纺毛衫
CN
27.04.2016
A41D 1/00 Loading...
A41D 1/00
Loading...
201420793464.8
珠海威丝曼服饰股份有限公司
黄韵婷
A41D 1/00
Loading...
本实用新型提供一种罗布麻纤维和牛奶丝混纺毛衫，其特征在于：其包括前片、后片、衣袖及连接前片和后片顶部的肩部；所述前片、后片和衣袖采用偏牛奶丝混纺纤维，该纤维中，牛奶丝较罗布麻纤维粗；所述肩部采用偏罗布麻混纺纤维，该纤维中，罗布麻较牛奶丝粗。本实用新型采用罗布麻纤维和牛奶丝的混纺纤维来制作毛衫，使毛衫兼具了罗布麻纤维的吸湿透气、挺括硬朗的特点，以及牛奶丝的亲肤柔软健康的特点，使夏季穿着毛衫成为可能。
2. 204579918 一种防潮针织毛衫
CN
26.08.2015
A41D 1/04 Loading...
A41D 1/04
Loading...
201420793187.0
珠海威丝曼服饰股份有限公司
周美婷
A41D 1/04
Loading...
本实用新型涉及一种防潮针织毛衫，包括有缝盘缝合一起的涤纶面层和丙纶底层，所述涤纶面层由涤纶和毛线编织而成，所述丙纶底层由纱线编织而成。这样，即可快速吸收掉人体排出的水分或汗液，迅速将水分或汗液在凝结前传到体外，使由皮肤传导出来的汗液尽快挥发，保持体表的干爽舒适，使毛衫具有良好吸湿排汗的防潮功能，避免霉菌的滋生，卫生、安全；而且避免了丙纶底层直接日晒，延缓老化时间，延长了毛衫的寿命。
3. 204579921 一种空针旋转针织毛衫
CN
26.08.2015
A41D 1/04 Loading...
A41D 1/04
Loading...
201420847173.2
珠海威丝曼服饰股份有限公司
杨德慧
A41D 1/04
Loading...
本实用新型涉及一种空针旋转针织毛衫，包括由前片、后片和衣袖缝合在一起的形成的针织衫本体，所述针织衫本体至少局部编织有网眼结构，所述网眼结构包括镂空部和交叉旋转绕线部，所述交叉旋转绕线部在针织衫本体表面形成三维纹路，具有三维立体感，而且结构简单，编织过程中既不需要移圈，也不需要针床横移动作，生产加工容易，编织效率极高，大大节省时间和成本，市场竞争力强，有利于业务的开拓。
4. 204579920 一种芳香型针织毛衫
CN
26.08.2015
A41D 1/04 Loading...
A41D 1/04
Loading...
201420822434.5
珠海威丝曼服饰股份有限公司
杨佳慧
A41D 1/04
Loading...
本实用新型涉及一种芳香型针织毛衫，包括由前片和后片缝合在一起的形成的衣身，所述前片和后片均由冚入的至少一根芳香纤维纱线和棉纱线编织而成。这样，本毛衫即可缓慢散发林木清香的自然气息，产生一种森林浴的舒适感，无时无刻使人神清气爽,忘记疲劳，沉醉于林木的清香，使人身心同时得到休息和调整，效果显著，有利于人们的保健和疗养，同时还可有助于号召理解森林对人类的价值，树立保护森林的观念；而且经干洗和水洗香气也不会降低，森林浴效果时效长，效果佳。
5. 204579919 一种抗紫外线纤维毛衫
CN
26.08.2015
A41D 1/04 Loading...
A41D 1/04
Loading...
201420822424.1
珠海威丝曼服饰股份有限公司
台璇
A41D 1/04
Loading...
本实用新型涉及一种抗紫外线纤维毛衫，包括由前片和后片缝合在一起的形成的衣身，所述前片和后片均由冚入的至少一根抗紫外线纱线和棉纱线编织而成，所述抗紫外线纱线在衣身表面形成抗紫外线保护罩。这样，本毛衫即可能够完全阻挡、屏蔽了紫外线，很好地保护穿着者，同时还可有效阻挡和折射微量X射线、低频辐射和微波辐射，避免人体及胎儿受害，是长期工作生活在较强紫外线辐射源较近距离区域的人群与孕妇的保护自身的最好选择；另外还可解决了衣服上的静电使吸附的灰尘难以吹起、冲掉的问题，具有抑菌、耐洗、效能持久等特点，且轻薄柔软，舒适、干爽、透气、无刺激、无副作用。
6. 204526335 一种防水提花毛衣
CN
05.08.2015
B32B 27/12 Loading...
B32B 27/12
Loading...
201420846849.6
珠海威丝曼服饰股份有限公司
万金平
B32B 27/12
Loading...
本实用新型提供一种防水提花毛衣，包括衣身和袖子，所述衣身和袖子均包含外层及内层，所述外层为提花编织层，在所述外层与内层之间设有防水层，所述内层由第一经纱和第一纬纱编织而成，每一条第一经纱上设有多条毛纱。采用本实用新型提供的防水提花毛衣，结构简单，设计合理，因为采用在外层与内层之间设有一防水层使得提花毛衣具有防水的特点，用户也可在下雨天穿着此毛衣；还因为在内层的每一条第一经纱上设有多条毛纱，毛纱会围绕着第一经纱绕圈，从而使得毛衣达到蓬松、舒适和保暖的技术效果。
7. 203709281 一种吸湿快干针织服装
CN
16.07.2014
A41D 1/04 Loading...
A41D 1/04
Loading...
201320568796.1
珠海威丝曼服饰股份有限公司
邱文福
A41D 1/04
Loading...
本实用新型涉及一种吸湿快干针织服装，包括有针织纤维衣身和针织纤维袖子，所述针织纤维衣身和针织纤维袖子缝合一体，且其表面针织形成透气孔。这样，透气孔即可加快服装内外的空气对流，增大与空气的接触面积，能把皮肤上的汗水迅速从服装内层引导到服装外表，并散发到空气中去，从而保持贴身的服装内层始终处于干爽状态，吸湿性和透气性好，长时间穿着都能保持干爽，舒适，耐洗耐用。
8. 203709280 一种覆网纱毛衫
CN
16.07.2014
A41D 1/04 Loading...
A41D 1/04
Loading...
201320405973.4
珠海威丝曼服饰股份有限公司
陈名威
A41D 1/04
Loading...
本实用新型涉及一种覆网纱毛衫，包括有毛衫本体，所述毛衫本体的外表面整体或局部覆设有一层轻薄、透视的面料层，所述面料层覆设在所述毛衫本体的周向表面，且其上端与所述毛衫本体缝制连接，下端与所述毛衫本体分离。这样，毛衫表面的面料层将产生光线叠加效果，形成变化丰富的、朦胧细腻有光泽的视觉效果，且对服装的重量和透气性不会造成影响，设计风格上也没有过分夸张的设计和结构表现，结构简约，款式变化丰富而不复杂，时尚感强，同时在款式上突出不同于常规毛纱的质感，解决毛衫组织结构不够细腻，满足时尚人士对毛衫的丰富变化需求。
9. 203676170 一种围巾领毛衫
CN
02.07.2014
A41D 1/04 Loading...
A41D 1/04
Loading...
201320405888.8
珠海威丝曼服饰股份有限公司
陈名威
A41D 1/04
Loading...
本实用新型涉及一种围巾领毛衫，包括有毛衫本体，所述毛衫本体主要由左前片、右前片、后片和袖子组成，所述毛衫本体设有延伸至所述左前片和右前片的下端的围巾式衣领，所述围巾式衣领由皮衣料底层和雪纺表层组成。这样，本实用新型所述的围巾领毛衫巧妙地合理地将围巾与毛衫相结合，使产品既有针织服装的舒适柔软，又有围巾的颈部保暖和装饰性的特点，而且结构简约，时尚感强，满足时尚人士对毛衫的需求。
10. 203467702 一种女式针梭织结合泳衣
CN
12.03.2014
A41D 7/00 Loading...
A41D 7/00
Loading...
201320405811.0
珠海威丝曼服饰股份有限公司
李莉
A41D 7/00
Loading...
本实用新型涉及一种女式针梭织结合泳衣，包括有泳衣本体，所述泳衣本体是连体泳衣，所述连体泳衣的腰部、前胸至裤裆、背部至臀部的表面均针织有所述塑身条纹。这样，本泳衣巧妙地合理地将梭织与针织工艺相结合，使产品既有梭织服装的实用性，又有纹理变化的美观性，而且针织而成的塑身条纹有效弥补了梭织布弹性不足的问题，大大提高了泳衣的塑身效果，完全满足爱美女士们的要求，并且结构简约，时尚感强。
11. 203424327 一种三穿毛衫
CN
12.02.2014
A41D 1/04 Loading...
A41D 1/04
Loading...
201320405753.1
珠海威丝曼服饰股份有限公司
汪莹
A41D 1/04
Loading...
本实用新型涉及一种三穿毛衫，包括有毛衫本体，所述毛衫本体的上端设有第一领口和第二领口，所述第一领口和第二领口与所述毛衫本体之间分别设有编织一体的第一收口延长段和第二收口延长段；所述毛衫本体的下端编织成第三领口；消费者穿着本毛衫时，可根据实际需要可以采用从第三领口穿入，头部从第一领口或第二领口穿出的方式，或者从第一领口穿入，头部从第三领口穿出的方式，巧妙地实现了一衫多穿的功能，随时改变穿着方式，与其他服饰搭配灵活、容易，大大提高了穿着毛衫的乐趣，满足现在消费者喜欢创新不拘泥于局限思维的穿衣理念，而且结构简约，时尚感强。
12. 203424368 一种防蚊虫针织服装
CN
12.02.2014
A41D 31/00 Loading...
A41D 31/00
Loading...
201320405940.X
珠海威丝曼服饰股份有限公司
陈名威
A41D 31/00
Loading...
本实用新型涉及一种防蚊虫针织服装，所述服装包括有前后衣身和袖子，所述前后衣身和袖子均由纱线和冚入纱线中的一条以上的金属丝线3编织而成，且前后衣身和袖子通过缝盘缝合一起，所述金属丝线在所述服装的表面形成一层防护罩。这样，用户穿上本服装即可有效阻挡蚊虫叮咬而产生的对人体有害的病毒，避免人体受害；且轻薄柔软，舒适、干爽、透气、无刺激、无副作用，可水洗，还具有抑菌、抗静电、耐洗、效能持久等特点，是长期工作生活在野外人群与儿童的保护自身的最好选择；并且产流程简单，加工难度小，效率高，造价明显相对较低。
13. 202800184 幼童学步连体毛衫
CN
20.03.2013
A41D 11/00 Loading...
A41D 11/00
Loading...
201220373780.0
珠海威丝曼服饰股份有限公司
郭文婕
A41D 11/00
Loading...
本实用新型公开了一种幼童学步连体毛衫，旨在提供一种防滑、防摔以及保暖效果好的幼童学步连体毛衫，在防寒保暖的前提下，增加了防滑和防摔的技术，可以让学步的幼童得到最大程度的保护，轻松学步。本实用新型包括设有衣领（3）的毛衫上部（1）和连体长裤（2），所述毛衫上部（1）与所述连体长裤（2）连为一体，所述毛衫上部（1）的两侧均设有衣袖（4），所述衣袖（4）的末端设有手袜（5），所述连体长裤（2）的末端设有脚袜（6），所述手袜（5）的外表以及所述脚袜（6）的底部均设有防滑珠（7），所述衣袖（4）的肘部以及所述连体长裤（2）的膝盖部均设有泡沫珠（8）。本实用新型应用于毛衫领域。
14. 202800168 速干型毛衫
CN
20.03.2013
A41D 1/04 Loading...
A41D 1/04
Loading...
201220373805.7
珠海威丝曼服饰股份有限公司
郭有辉
A41D 1/04
Loading...
本实用新型公开了一种速干型毛衫，旨在提供一种排水性强、迅速干爽以及舒适柔软的速干型毛衫。本实用新型包括毛衫主体及与所述毛衫主体相连的两个衣袖（1），所述毛衫主体包括连为一体的前片（2）和后片（3），所述毛衫主体上部设有衣领（4），所述毛衫主体下端、所述衣袖（1）下端均设有下脚边（5），所述毛衫主体、所述衣袖（1）、所述衣领（4）以及所述下脚边（5）均采用排水性纱线编织而成。本实用新型应用于毛衫领域。
15. 202800166 魔术背包毛衫
CN
20.03.2013
A41D 1/04 Loading...
A41D 1/04
Loading...
201220373589.6
珠海威丝曼服饰股份有限公司
林红珍
A41D 1/04
Loading...
本实用新型公开了一种魔术背包毛衫，旨在提供一种个性时尚、功能多用以及便于携带物品的魔术背包毛衫。本实用新型包括毛衫主体（1）和设置在所述毛衫主体（1）两侧的袖子（2），所述毛衫主体（1）下端设有下摆（3），所述下摆（3）内设有绕着所述下摆（3）一圈的抽绳（4），所述毛衫主体（1）中部设有拉链门襟（5），所述魔术背包毛衫能够实现毛衫与魔术背包之间的功能转换，所述拉链门襟（5）处的拉链将所述毛衫主体（1）围成只有下端开口的包裹，所述包裹用作所述魔术背包的背包体，所述抽绳（4）封闭所述开口，所述袖子（2）通过连接装置与所述毛衫主体（1）背面的下端相互扣合连接构成所述魔术背包的背包带。
16. 202800167 多种领型毛衫
CN
20.03.2013
A41D 1/04 Loading...
A41D 1/04
Loading...
201220373751.4
珠海威丝曼服饰股份有限公司
罗远菁
A41D 1/04
Loading...
本实用新型公开了一种毛衫，旨在提供一种使用方便、个性时尚以及可以快速变换多种领型的毛衫。本实用新型包括毛衫主体（1）以及设在所述毛衫主体（1）两侧的衣袖（2），所述毛衫主体（1）中部设有开衫门襟（3），所述毛衫主体（1）上部设有衣领（4），所述衣领（4）设为双层结构并设有拉链门襟（5），所述衣领（4）内设有收缩式的帽子（6）。这种毛衫能够满足不同人在不同场合的需求，快速方便地实现立领和帽子之间的转换，就好像重新更换了一件毛衫，给人一种个性时尚的感受。本实用新型应用于毛衫领域。
17. 202233064 与皮草拼接毛衫
CN
30.05.2012
A41D 1/04 Loading...
A41D 1/04
Loading...
201120295253.8
珠海威丝曼服饰股份有限公司
邱文福
A41D 1/04
Loading...
本实用新型公开了一种与皮草拼接毛衫，旨在提供一种款式新颖、高贵典雅且保温性能好的与皮草拼接毛衫。该毛衫包括衣身（5）、衣袖（6）、下摆（9），在所述衣身（5）的前胸部拼接有皮草片（3），所述衣袖（6）与所述皮草片（3）缝制在一起，所述下摆（9）与所述衣身（5）缝制在一起，所述皮草片（3）的顶部设有领口。本实用新型可广泛应用于毛衫领域。
18. 202233065 伸缩袖毛衫
CN
30.05.2012
A41D 1/04 Loading...
A41D 1/04
Loading...
201120295255.7
珠海威丝曼服饰股份有限公司
邱文福
A41D 1/04
Loading...
本实用新型公开了一种毛衫,旨在提供一种长袖可伸缩、适合不同人群穿衣习惯的伸缩袖毛衫。本实用新型包括圆领（1）、伸缩袖（4）、衣身（5）、下摆（6），在所述衣身（5）上的肩膀位置内侧固定设置有搭带（3），所述搭带（3）沿所述伸缩袖（4）方向留有一定长度，在所述搭带（3）的尾端设置有子扣（2），在所述衣身（5）上的肩膀位置外侧设置有与所述子扣（2）相扣合的母扣。本实用新型可广泛应用于服装领域。
19. 202233067 可拆卸衬领毛衫
CN
30.05.2012
A41D 1/04 Loading...
A41D 1/04
Loading...
201120295402.0
珠海威丝曼服饰股份有限公司
罗远菁
A41D 1/04
Loading...
本实用新型公开了一种毛衫,旨在提供一种可拆卸衬领的、满足人们各种不同穿衣需求的可拆卸衬领毛衫。本实用新型包括衣身（1）、袖子（2）、领圈（3），所述可拆卸衬领毛衫还包括衬领（4），所述衬领（4）上设置有领子，所述领子与所述领圈（3）的形状相似，在所述领子上设置有若干扣子，在所述领圈（3）的内侧设置有与所述扣子相配合的暗扣。本实用新型可广泛应用于服装领域。
20. 202233066 双翻领内贴兜毛衫
CN
30.05.2012
A41D 1/04 Loading...
A41D 1/04
Loading...
201120295399.2
珠海威丝曼服饰股份有限公司
邱文福
A41D 1/04
Loading...
本实用新型公开了一种双翻领内贴兜毛衫，旨在提供一种保温效果好、穿着舒适、外形美观的双翻领内贴兜毛衫。该双翻领内贴兜毛衫包括衣身（4）、短袖（3）及下摆（7），所述衣身（4）的顶部设置有领口，所述领口处设置有双层翻领，所述衣身（4）的下侧设置有至少一个袋口（5），所述衣身（4）的内侧位于所述袋口（5）处设置有内贴兜（6）。本实用新型可广泛应用于毛衫领域。
21. 202233052 连体毛衫工装
CN
30.05.2012
A41D 1/00 Loading...
A41D 1/00
Loading...
201120295408.8
珠海威丝曼服饰股份有限公司
邱文福
A41D 1/00
Loading...
本实用新型公开了一种连体毛衫工装，旨在提供一种设计新颖、美观大方的连体毛衫工装。本实用新型包括工装上部（11）、连体长裤（12），所述工装上部（11）与所述连体长裤（12）连为一整体，所述工装上部（11）左右两边分别设有左袖（13）、右袖（14），所述工装上部（11）设有立领（15），所述工装上部（11）及所述连体长裤（12）的中间位置设有开衫门襟（16），将工装上部（11）与连体长裤（12）连为整体，本实用新型显现出整体设计新颖，外形美观大方，线条流畅完整，款式精美别致，使工装穿着更时尚，并且更方便舒适。本实用新型可广泛应用于服装领域。
22. 202233062 下摆可折叠毛衫
CN
30.05.2012
A41D 1/04 Loading...
A41D 1/04
Loading...
201120291484.1
珠海威丝曼服饰股份有限公司
邱文福
A41D 1/04
Loading...
本实用新型公开了一种下摆可折叠毛衫，旨在提供一种结构新颖、穿着使用方便的下摆可折叠毛衫。该毛衫包括大身（2）、与所述大身（2）缝合的长袖（3）和下摆（7）、位于所述大身（2）腰部位置的袢带（5），所述下摆（7）与所述袢带（5）之间设置有若干搭带（8），所述若干搭带（8）的上端与所述袢带（5）或所述大身（2）固定连接，下端可与所述下摆（7）折叠后的边缘相扣接。本实用新型可广泛应用于毛衫领域。
23. 202233063 遇热变色毛衣
CN
30.05.2012
A41D 1/04 Loading...
A41D 1/04
Loading...
201120295251.9
珠海威丝曼服饰股份有限公司
罗远菁
A41D 1/04
Loading...
本实用新型公开了一种遇热变色毛衣，旨在提供一种实用且时尚、美观、具有变色功能的遇热变色毛衣。本实用新型包括毛衣主体（1）及与所述毛衣主体（1）相连的两个衣袖（2），所述毛衣主体（1）包括连为一体的前片（11）、后片（12），所述毛衣主体（1）及所述衣袖（2）的外表面涂覆一层变色印浆（3），当所述毛衣主体（1）及所述衣袖（2）的外表面遇热而温度上升时，所述变色印浆（3）则会改变颜色，使得毛衣不仅具有较好的实用性，而且整体更加时尚美观。本实用新型可广泛应用于服装领域。
24. 202222453 防湿毛衣
CN
23.05.2012
A41D 1/04 Loading...
A41D 1/04
Loading...
201120291485.6
珠海威丝曼服饰股份有限公司
罗远菁
A41D 1/04
Loading...
本实用新型公开了一种毛衣,旨在提供一种可防止被雨水打湿的防湿毛衣。本实用新型包括衣身（1）、袖子（2）、若干个衣袋（3），在所述衣身（1）、所述袖子（2）、所述衣袋（3）的外围均印涂有一层防水印浆。本实用新型可广泛应用于服装领域。
25. 202160673 针织感光变色服装
CN
14.03.2012
A41D 1/00 Loading...
A41D 1/00
Loading...
201120217794.9
珠海威丝曼服饰股份有限公司
邱文福
A41D 1/00
Loading...
本实用新型公开了一种不同的温度下衣服显现的颜色不同的针织感光变色服装。该针织感光变色服装包括针织结构的衣身（1）以及两侧的袖子(2)，所述衣身（1）的上侧设置有领子（3），下侧设置有下摆（5），中间设置有门禁（4），在位于所述领子（3）以及门禁（4）周围的衣身（1）上缝合有感光变色布片（7）。该感光变色针织服装能在太阳照射下10秒钟内快速准确地测量出紫外线辐射情况，用颜色的深浅显示当前紫外线强弱度，及时提醒您做好防晒措施，合理地使用防晒护肤品。
26. 202122121 毛皮结合服装
CN
25.01.2012
A41D 5/00 Loading...
A41D 5/00
Loading...
201120217766.7
珠海威丝曼服饰股份有限公司
罗远菁
A41D 5/00
Loading...
本实用新型公开了一种毛皮结合服装，旨在提供一种既具有毛衫柔然舒适的特点，又具有皮衣防风且造型感强的特点的毛皮结合服装。该毛皮结合服装包括领子（1）、门襟（2）、前后片（4）以及两侧的袖子（3），所述领子（1）、袖子（3）均采用毛衫针织面料，所述前后片（4）为皮衣料。本实用新型广泛应用于服装领域。
27. 102266131 Sweater with folding lower hem
CN
07.12.2011
A41D 1/04 Loading...
A41D 1/04
Loading...
201110230156.5
Zhuhai WSM Costume Co., Ltd.
Qiu Wenfu
A41D 1/04
Loading...
The invention discloses a sweater with a folding lower hem, and aims to provide a sweater with a folding lower hem with novel structure and convenience for wearing. The sweater comprises a big body (2), long sleeves (3) and a lower hem (7) sewn with the big body (2), and a belt loop (5) positioned at the waist position of the big body (2); a plurality of lapping belts (8) are arranged between the lower hem (7) and the belt loop (5); and the upper ends of the plurality of lapping belts (8) are fixedly connected with the belt loop (5) or the big body (2), and the lower ends of the plurality of lapping belts (8) are buckled with the folded edge of the lower hem (7). The invention can be widely applied in the field of sweaters.
28. 2781824 一种衣裤的可调裤腰结构
CN
24.05.2006
A41D 1/06 Loading...
A41D 1/06
Loading...
200520004259.X
珠海威丝曼服饰有限公司
谢秋河
A41D 1/06
Loading...
本实用新型的一种衣裤的可调裤腰结构，其包括一裤身及一裤腰，所述裤腰的至少一侧设置有一伸缩结构，所述伸缩结构包括有至少一弹性伸缩件，其两端连接所述裤腰。本实用新型产品方便了消费者的购买和使用，并且该裤腰的设计可以隐藏在裤腰上，美观大方。

