1. 204963788 折叠式体积测量仪
CN
13.01.2016
G01B 11/00 Loading...
G01B 11/00
Loading...
201520546735.4
百世物流科技（中国）有限公司
李龙峰
G01B 11/00
Loading...
本实用新型涉及测量设备技术领域，公开了一种折叠式体积测量仪，其包括柱状的固定测量臂，固定测量臂的一端向同一侧延伸构造成第一安装座和第二安装座，第一安装座用于通过第一轴销转动安置第一活动测量臂，第二安装座用于通过第二轴销转动安置第二活动测量臂，第一轴销、第二轴销和固定测量臂的轴相互垂直；固定测量臂、第一活动测量臂和第二活动测量臂用于在相互垂直状态时，同时分别对待测箱体的长、宽、高进行测量并对应转换成长度信号、宽度信号和高度信号；长度信号、宽度信号和高度信号均发送至一处理单元处，从而经由处理单元处理得出待测箱体的体积数据。本实用新型便于携带且能够较为精准、快速的对体积进行测量。
2. 204963786 体积测量仪
CN
13.01.2016
G01B 11/00 Loading...
G01B 11/00
Loading...
201520544503.5
百世物流科技（中国）有限公司
李龙峰
G01B 11/00
Loading...
本实用新型涉及测量设备技术领域，公开了一种体积测量仪，其包括相互垂直的3条测量臂，所述3条测量臂用于同时分别对待测箱体的长、宽、高进行测量并对应转换成长度信号、宽度信号、高度信号；长度信号、宽度信号和高度信号均发送至一处理单元处，从而处理单元处理得出待测箱体的体积数据。本实用新型结构简单，成本较低，能够适用于多种测量环境。
3. 204963801 用于体积测量仪的折叠机构
CN
13.01.2016
G01B 11/02 Loading...
G01B 11/02
Loading...
201520545472.5
百世物流科技（中国）有限公司
李龙峰
G01B 11/02
Loading...
本实用新型涉及测量设备技术领域，公开了一种用于体积测量仪的折叠机构，其包括柱状的固定测量臂，固定测量臂的一端向同一侧延伸构造成第一安装座和第二安装座，第一安装座用于通过第一轴销转动安置第一活动测量臂，第二安装座用于通过第二轴销转动安置第二活动测量臂，第一轴销、第二轴销和固定测量臂的轴相互垂直。本实用新型通过折叠式设计使得体积测量仪能够便于携带。
4. 204963787 带无线传输功能的体积测量仪
CN
13.01.2016
G01B 11/00 Loading...
G01B 11/00
Loading...
201520545877.9
百世物流科技（中国）有限公司
李龙峰
G01B 11/00
Loading...
本实用新型涉及测量设备技术领域，公开了一种带无线传输功能的体积测量仪，其包括相互垂直的3条测量臂，所述3条测量臂用于同时分别对待测箱体的长、宽、高进行测量并对应转换成长度信号、宽度信号、高度信号；长度信号、宽度信号和高度信号均发送至一处理单元处，处理单元用于处理得出待测箱体的体积数据并生成用于发送给无线传输单元的体积无线信号，无线传输单元用于将体积无线信号发送给外设设备。本实用新型能够较佳地对体积进行测量，并能够较佳地将测量出的体积数据发送给外设设备。
5. 105091749 体积测量仪
CN
25.11.2015
G01B 11/00 Loading...
G01B 11/00
Loading...
201510442438.X
百世物流科技（中国）有限公司
李龙峰
G01B 11/00
Loading...
本发明涉及测量设备技术领域，公开了一种体积测量仪，其包括相互垂直的3条测量臂，所述3条测量臂用于同时分别对待测箱体的长、宽、高进行测量并对应转换成长度信号、宽度信号、高度信号；长度信号、宽度信号和高度信号均发送至一处理单元处，从而处理单元处理得出待测箱体的体积数据。本发明结构简单，成本较低，能够适用于多种测量环境。
6. 105066878 箱体体积测量方法
CN
18.11.2015
G01B 11/00 Loading...
G01B 11/00
Loading...
201510443290.1
百世物流科技（中国）有限公司
李龙峰
G01B 11/00
Loading...
本发明涉及测量方法技术领域，公开了一种箱体体积测量方法，其包括如下步骤：(1)测量长、宽、高，采用相互垂直的3条测量臂自同一顶点处分别对长、宽、高同时进行测量；(2)计算体积，根据步骤(1)中的测得的长、宽、高得到体积；(3)数据输出，将步骤(2)中计算得出的体积转换成体积显示信号并在显示装置显示出来。本发明能够同时对长、宽、高进行测量，从而能够克服现有技术中采用卷尺测量时需要多次测量以及测量精度不高的问题。
7. 105066879 折叠式体积测量仪
CN
18.11.2015
G01B 11/00 Loading...
G01B 11/00
Loading...
201510444198.7
百世物流科技（中国）有限公司
李龙峰
G01B 11/00
Loading...
本发明涉及测量设备技术领域，公开了一种折叠式体积测量仪，其包括柱状的固定测量臂，固定测量臂的一端向同一侧延伸构造成第一安装座和第二安装座，第一安装座用于通过第一轴销转动安置第一活动测量臂，第二安装座用于通过第二轴销转动安置第二活动测量臂，第一轴销、第二轴销和固定测量臂的轴相互垂直；固定测量臂、第一活动测量臂和第二活动测量臂用于在相互垂直状态时，同时分别对待测箱体的长、宽、高进行测量并对应转换成长度信号、宽度信号和高度信号；长度信号、宽度信号和高度信号均发送至一处理单元处，从而经由处理单元处理得出待测箱体的体积数据。本发明便于携带且能够较为精准、快速的对体积进行测量。

