1. 204068998 一种动态令牌终端
CN
31.12.2014
H04L 9/32 Loading...
H04L 9/32
Loading...
201420346438.0
上海神州数码信息技术服务有限公司
梅林
H04L 9/32
Loading...
本实用新型公开了一种动态令牌终端，所述动态令牌终端电路的时钟控制器、指令解码器、指令寄存器和总线控制器包含于CPU电路，总线控制器与Flash程序存储器连接，Flash写入器通过写入端口与Flash程序存储器连接，所述总线控制器通过16位数据总线与一个512字节的随机存储器、中断控制器、显示寄存器和定时器连接，通过数据总线与一个UART接口至少一个GPIO接口和LCD驱动器连接，所述的总线控制器通过控制总线连接复位电路、脉冲振荡电路和纽扣电池，所述动态令牌终端还包括一个LCD液晶显示模块。
2. 204068999 一种动态令牌电路
CN
31.12.2014
H04L 9/32 Loading...
H04L 9/32
Loading...
201420346453.5
上海神州数码信息技术服务有限公司
梅林
H04L 9/32
Loading...
本实用新型公开了一种动态令牌电路，所述动态令牌电路的时钟控制器、指令解码器、指令寄存器和总线控制器包含于CPU电路，总线控制器与Flash程序存储器连接，Flash写入器通过写入端口与Flash程序存储器连接，所述总线控制器通过16位数据总线与一个512字节的随机存储器、中断控制器、显示寄存器和定时器连接，通过数据总线与一个UART接口至少一个GPIO接口和LCD驱动器连接，所述的总线控制器通过控制总线连接复位电路、脉冲振荡电路和纽扣电池。
3. 102622252 Automatic upgrading method for meat traceability system
CN
01.08.2012
G06F 9/445 Loading...
G06F 9/445
Loading...
201210058874.3
神州数码国信信息技术（苏州）有限公司
裘朝斌
G06F 9/445
Loading...
The invention discloses an automatic upgrading method for a meat traceability system, which comprises the following steps of: looking up the current versions and upgrading conditions of a slaughter link traceability module, a greenmarket link traceability module and a wholesale market link traceability module on a central server of the meat traceability system; releasing and managing the upgrading version of the system and the upgrading versions of the modules on the central server; setting the updating modes of the modules on the central server; logging in the slaughter link traceability module, the greenmarket link traceability module and the wholesale market link traceability module to automatically detect and verify running versions; and upgrading the programs of the slaughter link traceability module, the greenmarket link traceability module and the wholesale market link traceability module in sequence. According to the automatic upgrading method for the meat traceability system, auditing control can be performed through the central server, and thus, the working capacity of maintenance can be greatly reduced. Moreover, the automatic upgrading method for the meat traceability system also has the characteristics of simpleness in operation, time saving, convenience in use and the like.

