1. 106269776 钢骨架塑料复合管钢丝剥离装置
CN
04.01.2017
B09B 3/00 Loading...
B09B 3/00
Loading...
201510244752.7
福建纳川管材科技股份有限公司
陈志江
B09B 3/00
Loading...
本发明钢骨架塑料复合管钢丝剥离装置，由管支架、导轨、纬线钢丝剥离装置、经线钢丝剥离装置和牵引锁链五部分组成。本发明的优点是：钢骨架塑料复合管钢丝剥离操作简单、迅速，通过自由移动的管支架可轻松实现长管的钢丝剥离，节省人力和回收成本，解决了钢骨架塑料复合管的技术瓶颈，实现了钢骨架塑料复合管的循环使用。
2. 205579006 多重密封连接件
CN
14.09.2016
F16L 47/08 Loading...
F16L 47/08
Loading...
202016000381661
福建纳川管材科技股份有限公司
陈志江
F16L 47/08
Loading...
本实用新型多重密封连接件，由承口连接件、插口连接件和胶圈组成，其承口连接件与插口连接件上都设有倒刺形环形圈，相互咬合密封，插口连接件上的环形档板与承口连接件端部扣合密封，承口连接件上设有半圆形凸环，半圆形凸环可仅仅压实胶圈进行密封，压实的胶圈向两侧变形使得胶圈更紧密的贴合承口连接件，保证密封。本实用新型的优点是：采用承口连接件和插口连接件上的倒刺形环形圈相互咬合、插口连接件上胶圈放置槽内的胶圈与承口连接件内表面贴合、承口连接件上的半圆形凸环对胶圈的压合及承口连接件的端部和插口连接件上环形档板凹槽的扣合几重方式进行密封，密封安全性更高，且无需特殊工具与设备，连接十分便捷。
3. 205315871 闭合环增强型塑料结构壁管
CN
15.06.2016
F16L 9/14 Loading...
F16L 9/14
Loading...
201521124337.X
福建纳川管材科技股份有限公司
陈志江
F16L 9/14
Loading...
本实用新型闭合环增强型塑料结构壁管，由平模、包模和增强肋组成，其特征在于：所述的增强肋为两半圆结构，半圆结构两端部一侧设有凹槽，一侧设有凸台，两半圆结构以凹槽与凸台榫卯结构组合为闭合环。增强肋可为水泥混凝土、树脂混凝土等较高弹性模量的材料。本实用新型的优点是：采用闭合环增强结构增强，强度高于缠绕增强结构，同等刚度要求可大大节省塑料树脂材料，提高性能的同时节约成本。
4. 105522648 树脂混凝土排水沟生产线
CN
27.04.2016
B28B 15/00 Loading...
B28B 15/00
Loading...
201410507185.5
福建纳川管材科技股份有限公司
陈志江
B28B 15/00
Loading...
本发明提供一种树脂混凝土排水沟生产线，由一套可向树脂混凝土排水沟模具中浇筑树脂混凝土物料的自动配料浇铸系统和一套可运送模具由灌浆到制品输出的循环输送系统组成。本发明的优点是：本发明树脂混凝土排水沟生产线采用动力输送系统及轨道和移动台车把排水沟生产必须的几道工序按照模具的循环运行而逐步实现和完成，实现自动化生产，提高了生产效率，减低了工人的劳动强度，生产线形成一循环回路，生产所需的模具可以循环运作，提高了利用率。
5. 105443882 透水排污双能缠绕结构壁管
CN
30.03.2016
F16L 9/18 Loading...
F16L 9/18
Loading...
201410433567.8
福建纳川管材科技股份有限公司
陈志江
F16L 9/18
Loading...
本发明提供一种透水排污双能缠绕结构壁管，由平模、包模和肋管组成，包模将肋管包裹于平模外壁上，形成结构肋，肋管内部设有滤芯，结构壁管内底部设有隔板，将管内部分为上下两个空间，结构肋外壁设有若干透水孔，位于隔板下部空间的结构壁管内壁上设有若干进水孔，进水口贯穿平模和肋管至肋管内的滤芯。本发明的优点是：管道整体实现了排水排污与收集周边土壤水分的双功能，使管道空间得到充分利用；管外表面接触土壤面接大，大大提高了收集土壤中剩余水分的水平；一次工程完成两种管线铺设，大大减少了人力、财力及能源的浪费，利国利民；在保证所排污水水质中仅为无毒无害的可滤杂质的前提采用透水隔板对污水进行过滤处理再利用，有效提高水源的利用率，大量降低污水处理能耗，利国利民。
6. 204254060 热塑复合树脂混凝土管
CN
08.04.2015
F16L 9/08 Loading...
F16L 9/08
Loading...
201420636521.1
福建纳川管材科技股份有限公司
陈志江
F16L 9/08
Loading...
本实用新型提供一种热塑复合树脂混凝土管，由内层克拉管和外层树脂混凝土层组成，内层克拉管外壁上设有增强肋管，增强肋管上设有若干通孔，外层树脂混凝土层填满增强肋管内部空间，内层克拉管两端分别设有与外层树脂混凝土层端部平齐的承口和凸出外层树脂混凝土层端部的插口，承口内壁上设有电热丝，所述的插口长度大于等于与承口深度。本实用新型的优点是：解决了克拉管不能用于非开挖施工、传统混凝土管和树脂混凝土管连接密封性不好的问题，同时采用摩擦阻力小的热塑性树脂制成的克拉管做内层，大大提升了管道的液体输送或排放能力。
7. 204040164 一种变截面排水沟
CN
24.12.2014
E03F 5/04 Loading...
E03F 5/04
Loading...
201320859192.2
福建纳川管材科技股份有限公司
王松青
E03F 5/04
Loading...
本实用新型公开了一种变截面排水沟，排水沟包括沟体，所述沟体采用上、下部纵向截面不同的沟槽连通布置；所述沟体的上部是纵向截面为矩形的沟槽，下部是纵向截面为倒三角形的沟槽。由于排水沟的沟体采用上部的纵向截面为矩形、下部的纵向截面为倒三角形的沟槽连通方式，当排水量较小时，该排水沟的排水截面较小，排水流速提高，充足的过流量减少了泥沙等污物的沉积量，具有半自净能力。当排水量较大时，该排水沟的排水截面增大，实现过流量随着排水量的增加同步增加（排水量增加水位上升，同时排水宽度增加），即通过排水沟横截面积的变化来满足排水量的需求。
8. 204040165 一种双槽排水沟
CN
24.12.2014
E03F 5/04 Loading...
E03F 5/04
Loading...
201320863355.4
福建纳川管材科技股份有限公司
王松青
E03F 5/04
Loading...
本实用新型公开了一种双槽排水沟，包括大小和形状均相同的第一沟槽和第二沟槽，所述第一沟槽和所述第二沟槽左右并排设置，所述第一沟槽和所述第二沟槽的上部连通成为一个纵向截面呈矩形的第一沟腔，所述第一沟槽和所述第二沟槽的下部为纵向截面呈倒三角形的第二沟腔和第三沟腔；所述第二沟槽的上方有一挡板。当排水量较小时，由于挡板的存在，污水和杂质在第一沟槽内过流，排水截面较小，排水流速提高，充足的过流量减少了泥沙等杂质的淤积量；当排水量较大时，通过排水沟的双沟槽设计，污水可在第一沟槽和第二沟槽内过流，实现排水量的增加。
9. 204004852 透水排污双能缠绕结构壁管
CN
10.12.2014
F16L 9/18 Loading...
F16L 9/18
Loading...
201420492565.1
福建纳川管材科技股份有限公司
陈志江
F16L 9/18
Loading...
本实用新型提供一种透水排污双能缠绕结构壁管，由平模、包模和肋管组成，包模将肋管包裹于平模外壁上，形成结构肋，肋管内部设有滤芯，结构壁管内底部设有隔板，将管内部分为上下两个空间，结构肋外壁设有若干透水孔，位于隔板下部空间的结构壁管内壁上设有若干进水孔，进水口贯穿平模和肋管至肋管内的滤芯。本实用新型的优点是：管道整体实现了排水排污与收集周边土壤水分的双功能，使管道空间得到充分利用；管外表面接触土壤面接大，大大提高了收集土壤中剩余水分的水平；一次工程完成两种管线铺设，大大减少了人力、财力及能源的浪费，利国利民；在保证所排污水水质中仅为无毒无害的可滤杂质的前提采用透水隔板对污水进行过滤处理再利用，有效提高水源的利用率，大量降低污水处理能耗，利国利民。
10. 203823260 热固树脂增强型热塑性缠绕结构壁管
CN
10.09.2014
F16L 9/16 Loading...
F16L 9/16
Loading...
201420260938.2
福建纳川管材科技股份有限公司
陈志江
F16L 9/16
Loading...
本实用新型热固树脂增强型热塑性缠绕结构壁管，由平模、包模和肋管组成，其特征在于：所述的肋管为两层实心结构，以热塑性树脂材料作为外层，以热固树脂材料作为内层构成，内层空间内设有电热丝。本实用新型的优点是：热固树脂加热固化后形成硬质的增强型肋管，可提高管体环刚度6倍以上，因此可实现5000mm以上口径结构壁管的生产和应用，大大提升塑料管材在埋地排水排污领域的应用空间，且材料全部可回收再利用，符合绿色环保政策，对比现有技术优势十分显著。
11. 203743428 一种新型橡胶密封圈
CN
30.07.2014
F16J 15/10 Loading...
F16J 15/10
Loading...
201320868212.2
福建纳川管材科技股份有限公司
魏作友
F16J 15/10
Loading...
本实用新型提出一种新型橡胶密封圈，包括密封圈主体和两个环形台阶；第一台阶的内部形成有第一环形空腔；第二台阶的内部形成有第二环形空腔；密封圈主体的内侧布设有环形凸缘。如此，本实用新型主要用于对插接管的插头和插口的接触面进行密封，突破传统橡胶密封圈的构造形式，第一台阶、第二台阶前后设置，并且横截面呈尖端朝后的倒刺状，便于插头顺势插入插口内，且有效防止插头从插口中非意愿脱出；而且第一环形空腔和第二环形空腔分别增强了第一台阶和第二台阶与插口内侧壁的贴合紧密性；同时环形凸缘增强了密封圈主体内侧面与插头密封槽槽底的贴合紧密性；与现有技术相比，本实用新型的结构新颖合理，可操作性和密封性能显著提高，实用性强。
12. 203743810 具有锥型承插口的缠绕管及其模具
CN
30.07.2014
F16S 3/00 Loading...
F16S 3/00
Loading...
201320868357.2
福建纳川管材科技股份有限公司
魏作友
F16S 3/00
Loading...
本实用新型公开一种具有锥型承插口的缠绕管，承口呈喇叭状向外张开并形成5-10度的张角，插口呈内缩状并形成5-10度的缩角。本实用新型还公开一种具有锥型承插口的缠绕管模具，模具成型缠绕管的承口处呈喇叭状向外张开并形成5-10度的张角，模具成型缠绕管的插口处呈内缩状并形成5-10度的缩角。采用本实用新型的模具，即能成具有锥型承插口的缠绕管，当一个缠绕管的插口插进另一个缠绕管的承口内，承口越插越深时，具有张角的承口的外壁能够与具有缩角的插口的内壁形成良好的插接；即使缠绕管的承口和插口在成型、冷却过程存在一起的误差、冷却后承口和插口的直径缩小，具有缩角的插口也能插进承口内，确保两缠绕管的承口和插口之间良好插接配合。
13. 202846880 一种塑料缠绕管模具表面温度控制系统
CN
03.04.2013
B29C 53/58 Loading...
B29C 53/58
Loading...
201220446478.3
福建纳川管材科技股份有限公司
陈志江
B29C 53/58
Loading...
本实用新型公开一种塑料缠绕管模具表面温度控制系统，包括红外测温探头和PLC控制器，红外测温探头的检测端对应旋转且平移的模具表面设置，红外测温探头输出端连接PLC控制器的相应输入端，PLC控制器输出端连接生产线上控制燃气流量的电磁阀的相应端。生产时，燃气喷头对着模具外表面进行喷焰加热，使模具表面达到设定温度，挤出机的出料口对着模具挤出塑料实壁管，通过台车驱动模具一边旋转一边平移，通过生产线上的O型模在实壁管外表面上挤出O型管从而制成塑料缠绕管；由于红外测温探头对应的测温点在模具外表面形成螺旋线轨迹，随挤出过程对模具表面温度进行实时连续检测，可精确控制模具表面温度。
14. 202850176 一种消能混流塑料检查井
CN
03.04.2013
E03F 5/02 Loading...
E03F 5/02
Loading...
201220447897.9
福建纳川管材科技股份有限公司
陈志江
E03F 5/02
Loading...
本实用新型公开一种消能混流塑料检查井，包括井筒和设置在井筒外的两个支管，所述两个支管上下错开设置，上方的支管向井筒内延伸且此支管的端部连接有导管，导管沿井筒的轴线方向延伸。本实用新型的检查井竖向埋设在地下，当排水管路中的污水或周围的地下水一旦通过上方的支管进入井筒内部时，污水或地下水先沿着此支管横向流动再沿着导管向下流到井筒底部，或者向上流出导管后再向下流到井筒底部，最后从下方的支管排出检查井外；由于水流进入井筒后方向发生了改变，可以消减水流的冲击力，避免对井筒产生冲撞；如果污水或地下水的水量较大时，通过上方的支管进入导筒还可以起到聚流、混流的作用，避免水流沿着井筒内壁四处流淌。
15. 202544073 组合式塑料检查井
CN
21.11.2012
E03F 5/02 Loading...
E03F 5/02
Loading...
201220067572.8
福建纳川管材科技股份有限公司
陈志江
E03F 5/02
Loading...
本实用新型公开一种组合式塑料检查井，包括具有管接头的底座管，该底座管为平壁实壁管结构，还包括接设在底座管端部的缠绕管。与现有的平壁实壁管结构的检查井相比，本实用新型的组合式塑料检查井，由于采用了缠绕管，不仅能够使环刚度提高约1倍，而且在具有相同环刚度的情况下，能够极大地减少管材用量，大致能节省50％的管材，一方面节省用料成本，另一方面还减轻了检查井的重量，有利于装运和装配。
16. 201785849 大口径塑料管道一体化检查井
CN
06.04.2011
E03F 5/02 Loading...
E03F 5/02
Loading...
201020265171.4
福建纳川管材科技股份有限公司
陈志江
E03F 5/02
Loading...
本实用新型涉及一种排污、排水用的检查井，特别是指大口径塑料管道一体化检查井，包括一塑料制竖直井筒，该竖直井筒的下部连接有一塑料制横向连接筒，该横向连接筒具有至少两个与排液管道相连的承接口或插口，该竖直井筒和该横向连接筒的内径的截面均为圆形，该竖直井筒的内径为800-2500mm，该横向连接筒的内径为300-4000mm。与现有技术相比，本实用新型的检查井根据施工现场排污、排水管道的实际尺寸及角度，竖直井筒可匹配焊接尺寸及角度不同的横向连接筒，施工极其简单，施工成本较低，且由于检查井与排水、排污管道同为塑料管，其连接处无渗漏，使用寿命较长，可达五十年。
17. 201680101 一种塑料管材电热熔连接结构
CN
22.12.2010
F16L 47/03 Loading...
F16L 47/03
Loading...
201020142217.3
福建纳川管材科技股份有限公司
陈志江
F16L 47/03
Loading...
一种塑料管材电热熔连接结构，包括管体，所述管体的一端为承口、另一端为插口，且承口截面直径大于插口截面直径，在插口外周面上绕设有金属线圈层，所述管体之间通过插口与承口插接连接、且通过将金属线圈通电使得承口的内周面与插口的外周面融为一体。本实用新型在管道连接时，只需接入电源即可完成焊接，并且可以使管系统实现零渗漏，结构简单、成本低。本实用新型连接结构可广泛用于城市排水、市政排水、电力、石化、煤矿通风等领域。
18. 201677503 一种管道冷却装置
CN
22.12.2010
B29C 53/84 Loading...
B29C 53/84
Loading...
201020142216.9
福建纳川管材科技股份有限公司
陈志江
B29C 53/84
Loading...
本实用新型涉及一种高密度聚乙烯缠绕增强排水、排污管道制造时冷却使用的管道冷却装置，包括一驱动管道旋转的管道旋转驱动单元、一向管道吹风助冷的吹风助冷单元，还包括一向管道承插口喷雾助冷的喷雾助冷单元。与现有技术相比，本实用新型的一种管道冷却装置藉由增设一喷雾助冷单元来促进管道承插口的冷却，冷却速度更快，使得管道承插口尺寸稳定，加快管道生产速度，以提高生产效率。
19. 201665909 一种大口径塑料管道一体化检查井
CN
08.12.2010
E03F 5/02 Loading...
E03F 5/02
Loading...
201020142457.3
福建纳川管材科技股份有限公司
陈志江
E03F 5/02
Loading...
本实用新型涉及一种排污、排水用的检查井，特别是指一种大口径塑料管道一体化检查井，包括一塑料制竖直井筒，该竖直井筒的下部连接有一塑料制横向连接筒，该横向连接筒具有至少两个与排液管道相连的承接口或插口，该竖直井筒和该横向连接筒的内径的截面均为圆形，该竖直井筒的内径为800-1000mm，该横向连接筒的内径大于1500mm。与现有技术相比，本实用新型的检查井根据施工现场排污、排水管道的实际尺寸，竖直井筒可匹配焊接尺寸不同的横向连接筒，施工极其简单，施工成本较低，且由于检查井与排水、排污管道同为塑料管，其连接处无渗漏，使用寿命较长，可达五十年。
20. 201664996 一种改进的塑料挤出机
CN
08.12.2010
B29C 47/36 Loading...
B29C 47/36
Loading...
201020141868.0
福建纳川管材科技股份有限公司
陈志江
B29C 47/36
Loading...
一种改进的塑料挤出机，包括机筒、配合设置于机筒中的挤出螺杆，其特征在于：所述挤出螺杆前端同轴连接有一均化杆，所述均化杆外周面设置有沿其长度方向间隔分布的若干搅拌单元，所述搅拌单元为沿所述均化杆径向延伸且圆周分布的若干搅拌体，所述均化杆的自由端同轴连接有直径大于所述均化杆的柱状体，所述柱状体外周面形成有若干沿轴向延伸并贯穿所述柱状体的凹槽，上述挤出机具有塑化质量好、挤出量稳定等优点，可实现熔融塑料的定量、定压地高速挤出。

