1. 104187866 一种生干虾皮的多阶段变温干燥方法
CN
10.12.2014
A23L 17/40 Loading...
A23L 17/40
Loading...
201410310836.1
福州百洋海味食品有限公司
高向登
A23L 17/40
Loading...
本发明公开一种生干虾皮的多阶段变温干燥制备方法，包括热泵低温除湿干燥、真空微波干燥、缓苏和真空干燥促香步骤。本发明不需90℃高温蒸煮，在干燥的前期采用热泵低温(46-50℃)除湿干燥，避免在高水分环境下由于高温导致一些热敏性营养成分的损失，同时在较低温度下，物料表面不会结壳，而是形成一疏松表面，为后续干燥创造有利条件，同时有利于降低干燥的能源消耗。本发明提供的生产工艺可有效保留毛虾中的虾青素等热敏性成分和特有的鲜香味，改善生干虾皮的口感和外观，降低了能源消耗，延长了产品货架期。
2. 103504362 Roasted fish stick with high oil extraction rate, and processing method of roasted fish stick
CN
15.01.2014
A23L 1/326 Loading...
A23L 1/326
Loading...
201310487794.4
福州百洋海味食品有限公司
高向登
A23L 1/326
Loading...
The invention discloses a roasted fish stick with a high oil extraction rate, and a processing method of the roasted fish stick. The roasted fish stick comprises skin and filling; the skin comprises the following raw materials in parts by mass: 10 to 15 parts of fat, 0.5 to 1 part of sodium caseinate, 45 to 55 parts of minced fillet, 4.8 to 5.2 parts of seasonings and 20 to 30 parts of water; the filling comprises the following raw materials in parts by mass: 20 to 25 parts of fat, 5 to 10 parts of chicken skin, 45 to 55 parts of pork, 4.8 to 5.2 parts of seasonings and 20 to 30 parts of water. According to the processing method provided by the invention, the process is simple and convenient, the operation is practicable, the roasted fish stick can remain the indigenous quality, mouth feel, taste and nutritions relatively well after being processed; the phenomenon that in terminal sale, when being roasted, the roasted fish stick sticks to a roasting tube because the oil extraction rate is low can be completely eliminated.
3. 202263735 一种自动洗涤装置
CN
06.06.2012
B08B 3/02 Loading...
B08B 3/02
Loading...
201120170780.6
福州百洋海味食品有限公司
滕生淦
B08B 3/02
Loading...
本实用新型公开了一种自动洗涤装置，包括：箱体外壳，用于防止洗涤用水溅出；箱体外壳上部和底部由所述排水槽相连，所述排水槽用于把冲刷过被洗涤容器或物品的污水排走；箱体外壳中部有一方形洞口，镶嵌有所述固定夹和所述遮水皮条；固定夹用于把所述遮水皮条的上端固定，遮水皮条的另一端可自由摆动，防止箱体外壳里的水溅出；固定架，和箱体外壳底部相连，用于固定待洗容器或物品，防止进入箱体外壳内部时左右移动；轨道，上面带传送带，用于带动放置其上的待洗容器或物品向箱体外壳内移动；输水管道，固定在箱体外壳内部，上面分布多个高压喷头，用于为高压喷头输送高压水流，由高压喷头喷出水流，冲刷沿着轨道进入箱体外壳内的待洗容器或物品。
4. 102423089 一种包心鳗鱼丸及其制备方法
CN
25.04.2012
A23L 1/326 Loading...
A23L 1/326
Loading...
201110383772.4
福州百洋海味食品有限公司
高向登
A23L 1/326
Loading...
本发明公开了一种包心鳗鱼丸及其制备方法，属于食品加工领域，该包心鳗鱼丸主要由鳗鱼糜、猪腿肉、猪脊膘、蛋清、魔芋粉、卡拉胶、冰水等成分组成，其制备方法简单方便。本发明所述的包心鳗鱼丸用鳗鱼糜包猪肉馅，将鳗鱼肉和猪肉有机的结合在一起，充分发挥了鳗鱼的保健功能及猪肉的营养功效；同时该鱼丸加热食用时鳗鱼皮鱼香肉美，猪肉馅汤汁四溢，口感甚佳。
5. 102423079 一种肉丸及其加工工艺
CN
25.04.2012
A23L 1/311 Loading...
A23L 1/311
Loading...
201110382896.0
福州百洋海味食品有限公司
高向登
A23L 1/311
Loading...
本发明公开了一种肉丸及其加工工艺，属于食品加工领域，该肉丸主要由猪腿肉、鸡胸肉、猪肥膘、猪血、魔芋粉、卡拉胶、冰水等成分组成，其加工工艺科学，简单方便，易于生产。本发明所述的肉丸皮由猪腿肉、鸡胸肉搭配使用，皮兼有猪腿肉的纤维感和鸡胸肉的脆性，而馅运用了魔芋粉、卡拉胶搭配使用的协同效应，温度低时凝固便于加工，加热时汤汁四溢，口感甚佳。
6. 102356889 目鱼肠生产过程中的减菌方法
CN
22.02.2012
A23L 1/326 Loading...
A23L 1/326
Loading...
201110287669.X
福州百洋海味食品有限公司
高向登
A23L 1/326
Loading...
本发明公开了一种目鱼肠生产过程中的减菌方法。该方法包括以下步骤：a、熟制目鱼肠入冷藏库冷却，在将所述目鱼肠包装前，在冷藏库利用紫外线照射使目鱼肠包装前的残存菌数量小于10cfu·g-1；b、将紫外线照射后的目鱼肠在无菌间进行包装，并且包装设备使用消毒水进行消毒，使包装后的目鱼肠成品的残存菌的数量小于10cfu·g-1；c、对所述包装后的目鱼肠成品利用热水巴氏杀菌法或紫外杀菌法进行二次杀菌，使目鱼肠成品的残存菌数量小于10cfu·g-1。该方法对原料鱼肉不进行处理，而是通过过程卫生控制来实现微生物的控制，特别是对包装的二次污染的控制来实现延长目鱼肠的货架期。
7. 102342548 一种充氮气即食海参的制备方法
CN
08.02.2012
A23L 1/333 Loading...
A23L 1/333
Loading...
201110289478.7
福州百洋海味食品有限公司
高向登
A23L 1/333
Loading...
本发明公开了一种充氮气即食海参的制备方法。该制备方法将新鲜海参依次进行去内脏、发制、调味、复合膜包装，充氮气，杀菌，获得充氮气即食海参。本发明工艺简便，操作可行，不使用任何防腐剂，充氮气加工后的海参刺形完整，能较好地保持其原有的质感、口感、口味及营养，同时保质期较长，安全性更高，食用更方便。
8. 102228225 Abalone and dried scallop sauce, and preparation method thereof
CN
02.11.2011
A23L 1/24 Loading...
A23L 1/24
Loading...
201110128252.9
Fuzhou Baiyang Haiwei Seafood Co.,Ltd.
Gao Xiangdeng
A23L 1/24
Loading...
The invention discloses an abalone and dried scallop sauce. The sauce mainly comprises abalones, dried scallops, ham, and peeled shrimps. According to the invention, pharmacological effects of abalones, dried scallops and peeled shrimps are fully developed, health-care efficacies are emphasized, and local flavors of the aquatic products are improved. With the sauce, user appetite can be promoted. The invention also discloses a preparation method of the abalone and dried scallop sauce. The method is simple and convenient. According to the method, existing can processing equipments such as mixers, boiling furnaces and choppers can be used in productions.
9. 102028264 Eel bread and preparation method thereof
CN
27.04.2011
A23L 1/326 Loading...
A23L 1/326
Loading...
201010578618.8
Fuzhou Baiyang Seafood Co., Ltd.
Gao Xiangdeng
A23L 1/326
Loading...
The invention discloses eel bread and a preparation method thereof. The eel bread mainly comprises minced eel, chicken, chicken skin, salad oil, egg white, fillet, protein, ice water, composite phosphate and other components. The preparation method is simple and convenient. The eel bread integrates the minced eel and the chicken, and fully exerts the health-care and nutrition effects of the eel and the chicken.
10. 101912125 Method for preparing squid surimi
CN
15.12.2010
A23L 1/326 Loading...
A23L 1/326
Loading...
201010239992.5
Fuzhou Baiyang Haiwei Seafood Co., Ltd.
Gao Xiangdeng
A23L 1/326
Loading...
The invention discloses a method for preparing squid surimi, which comprises the following steps of: skinning and eviscerating a squid carcass, washing the squid carcass, cutting the squid carcass into blocks, adding 0.05 to 0.08 weight percent protease enzymolysis solution insufficient for impregnating the squid blocks, and performing enzymolysis and tenderization by an impregnation method under the conditions of the pH value of the enzymolysis solution of 8.2 to 8.8, the operative temperature of 44 to 50 DEG C and the action time of 75 to 90 min; placing the tenderized squid blocks into an extruder for micronizing treatment under the conditions of the rotating speed of a threaded rod of 300 to 350 r/min, the feeding speed of 8 to 10 kg/min and the temperature of a machine barrel of 120 to 130 DEG C; and performing mincing, molding, heating, cooling, quick-freezing and cold storage. The method has the advantages of keeping perfectly the shapes of surimi products and not disintegrating the meat.

