1. 106531335 一种具有防结冰功能的输电电缆及其制备方法
CN
22.03.2017
H01B 9/00 Loading...
H01B 9/00
Loading...
201611203646.5
福建瑞达精工股份有限公司
蒋维
H01B 9/00
Loading...
本发明涉及一种具有防结冰功能的输电电缆，从里至外依次为：输电电缆内芯、套设于输电电缆内芯外的绝缘层、套设于绝缘层外的电缆屏蔽层、及套设于电缆屏蔽层外的电缆护套层，其特征在于：在绝缘层和电缆屏蔽层中间还设有防结冰功能层，所述的防结冰功能层包括内层的高温复合相变材料层和外层的低温复合相变材料层。本发明的结构设计合理，各个部分之间紧密结合且互相隔离绝缘。在寒冷天气时，内层的高温复合相变材料层可减缓热量外逸，且可以防止外层材料过热老化，外层的低温复合相变材料层可保持电缆外表面处于较低温度状态，避免输电线缆外表面由于内芯发热导致融雪结冰，同时可以防止电缆材料冷脆，延长电缆保护层和绝缘层的寿命。
2. 205450577 新型智能电子挂钟
CN
10.08.2016
G04B 47/06 Loading...
G04B 47/06
Loading...
201620012610.8
福建瑞达精工股份有限公司
蒋维
G04B 47/06
Loading...
新型智能电子挂钟，包括主板和与主板电连接的显示屏、声音播放装置、集成有蓝牙功能的微控制器、存储器、PM2.5监测仪装置、电源装置；所述新型智能电子挂钟可以在显示屏上切换不同的时钟界面。本实用新型提供的新型智能电子挂钟可以用手机、平板电脑等移动终端通过蓝牙无线连接。采用BLUE4.0蓝牙传输，具有兼容性好、能耗低、数据信号好、传输速率快，最快可达24Mbps。可以在用户移动终端有消息未及时查看时，提醒用户。同时可以作为音响播放用户移动终端的音乐。可以监测室内PM2.5、温湿度值。用户还可以通过在移动终端对本电子挂钟进行操作设置闹钟、日程提醒、更换时钟显示界面。
3. 205445181 遥控智能门锁
CN
10.08.2016
E05B 49/00 Loading...
E05B 49/00
Loading...
201620012037.0
福建瑞达精工股份有限公司
蒋维
E05B 49/00
Loading...
遥控智能门锁，包括智能门锁、遥控钥匙，其中智能门锁包括门电路板和与门电路板电连接的门单片机模块、信号识别模块、电源模块、电控启闭模块，其中信号识别模块还电连接有无线信号接收模块；所述遥控钥匙包括钥匙电路板和与钥匙电路板电连接的按键模块、按键加密模块、钥匙单片机模块，其中按键加密模块还电连接有无线信号发射模块；所述按键模块包括解锁按键与闭锁按键。本实用新型提供的遥控智能门锁通过遥控钥匙就可完成解锁、闭锁的动作，非常的方便，并且无消磁困扰，在黑暗情况下也能操作。同时配套有相应的按键加密模块与信号识别模块，使其不易被破解。
4. 205405094 带NFC功能的蓝牙手表
CN
27.07.2016
G04G 21/00 Loading...
G04G 21/00
Loading...
202016000143040
福建瑞达精工股份有限公司
蒋维
G04G 21/00
Loading...
本实用新型提出了带NFC功能的蓝牙手表，包括表带、表壳、底盖和玻面，表带对应的设置在表壳两端，玻面和底盖分别设置表壳的上表面和下表面上，所述表壳内设置有电路板，电路板上设置有微处理器、蓝牙模块、NFC模块、显示屏和电池，微处理器通过电路板分别与蓝牙模块、NFC模块、显示屏、电池连接，表壳上还设置有按键。本实用新型既是手表，可以显示时间，又可以代替各种卡，做为门禁钥匙、交通一卡通、支付卡等，体积小，可随身配戴，不易丢失，使用也方便。
5. 205193458 自动检测时区的电波手表
CN
27.04.2016
G04R 20/02 Loading...
G04R 20/02
Loading...
201520868257.9
福建瑞达精工股份有限公司
蒋维
G04R 20/02
Loading...
本实用新型提供了一种自动检测时区的电波手表，包括主控电路、信号接收模组、RCC电路、电源模块、升压电路、LCD液晶显示电路和音频电路，所述主控电路中包括单片机及电源控制电路，所述信号接收模组、RCC电路、电源模块、升压电路、LCD液晶显示电路和音频电路均与主控电路连接并受单片机控制，所述电源模块通过电源控制电路向所述单片机、信号接收模组、RCC电路、电源模块、升压电路、LCD液晶显示电路和音频电路供电，所述信号接收模组包括天线模块和GPS定位模块，所述GPS定位模块将获取的位置信号传递给单片机，单片机根据位置信号进行计算出对应的时区数据，并将时区数据传递给LCD液晶显示电路。
6. 205193457 微功耗电波手表
CN
27.04.2016
G04R 20/00 Loading...
G04R 20/00
Loading...
201520869173.7
福建瑞达精工股份有限公司
蒋维
G04R 20/00
Loading...
一种微功耗电波手表，包括MCU主控芯片、信号接收模组、电源变换电路、太阳能供电电路和LCD显示器，所述信号接收模组、电源变换电路和LCD显示器与MCU主控芯片连接并受其控制，所述电源变换电路分别与太阳能供电电路、MCU主控芯片和信号接收模组连接，所述太阳能供电电路中包括电源管理芯片，所述电源管理芯片输出电压为3.3V。本实用新型由MCU主控芯片的控制可保持较低功耗，提升电池续航时间。用LCD液晶显示器显示，具有显示信息量大，体积小，重量轻，功耗较低，寿命长，使用方便等优点。时码接收电路使用分离元件，电路原理简单，成本低，但是调整复杂，易受干扰。采用太阳能供电系统进一步降低功耗。
7. 205157994 节能型电波手表
CN
13.04.2016
G04G 19/00 Loading...
G04G 19/00
Loading...
201520867103.8
福建瑞达精工股份有限公司
蒋维
G04G 19/00
Loading...
本实用新型提供了一种节能型电波手表，包括主控电路、信号接收模组、RCC电路、电源模块、升压电路、LCD液晶显示电路和音频电路，所述主控电路中包括单片机及电源管理芯片，所述信号接收模组、RCC电路、电源模块、升压电路、LCD液晶显示电路和音频电路均与主控电路连接并受单片机控制，所述电源模块包括太阳能供电电路和电源转换电路，所述太阳能供电电路将接收到的太阳能通过电源转换电路传输到电源管理芯片，所述电源管理芯片向所述单片机、信号接收模组、RCC电路、电源模块、升压电路、LCD液晶显示电路和音频电路供电。
8. 205157995 表带式光能电池电波手表
CN
13.04.2016
G04G 19/00 Loading...
G04G 19/00
Loading...
201520869206.8
福建瑞达精工股份有限公司
蒋维
G04G 19/00
Loading...
一种表带式光能电池电波手表，包括表壳和表带，所述表带上设有薄膜太阳能电池，所述表壳中安装有表芯，所述表芯包括MCU主控芯片、信号接收模组、电源变换电路、太阳能供电电路和LCD显示器，所述信号接收模组、电源变换电路和LCD显示器与MCU主控芯片连接并受其控制，所述薄膜太阳能电池连接太阳能供电电路，所述电源变换电路分别与太阳能供电电路、MCU主控芯片和信号接收模组连接。本实用新型由MCU主控芯片的控制可保持较低功耗，提升电池续航时间。用LCD液晶显示器显示，具有显示信息量大，体积小，重量轻，功耗较低，寿命长，使用方便等优点。采用表带式的薄膜太阳能电池进行供电，可充分接收太阳能进行储能，提高能效的同时进一步降低了功耗。
9. 205157997 低频接收式电波手表
CN
13.04.2016
G04G 21/04 Loading...
G04G 21/04
Loading...
201520867076.4
福建瑞达精工股份有限公司
蒋维
G04G 21/04
Loading...
本实用新型提供一种低频接收式电波手表，包括主控电路、信号接收模组、电源模块、背光电路、按键电路、音频电路和LCD显示电路，所述主控电路包括单片机和电源管理芯片，所述电源管理芯片、信号接收模组、电源模块、背光电路、按键电路、音频电路和LCD显示电路与单片机连接并受其控制，所述电源模块通过电源管理芯片向所述单片机、信号接收模组、背光电路、按键电路、音频电路和LCD显示电路供电，所述信号接收模组包括依次连接的接收天线、前级选频放大电路、滤波电路、输出放大电路和检波电路。本实用新型灵活选择对应的低频时码信号，同时利用合适的中波铁氧体磁棒环天线，提高信号接收灵敏度。
10. 205053103 一种可称重防丢旅行箱
CN
02.03.2016
A45C 5/04 Loading...
A45C 5/04
Loading...
201520600842.0
福建瑞达精工股份有限公司
蒋维
A45C 5/04
Loading...
一种可称重防丢旅行箱，包括箱体、安装在箱体背面的拉杆以及安装在箱体底部的万向轮，所述箱体一侧设有支撑脚，支撑脚上设有称重传感器，另一侧设有提手和显示器装置，显示器装置包括显示屏开关装置和显示屏，在紧贴显示器装置的箱体侧面设有内凹腔体，内凹腔体内设有电源装置、微处理器、开关控制装置、报警装置、蓝牙信号强度检测模块，其中微处理器为集成了BLE4.0蓝牙功能的微处理器。本实用新型提供的一种可称重防丢旅行箱，功能装置结构紧凑，位置合理，给箱体留下充足的储物空间。很好的解决了行李箱不能称重，称重麻烦的问题，也很好的解决了旅行箱被盗窃时无及时报警提醒的问题。
11. 205067987 体温手表
CN
02.03.2016
G04G 21/02 Loading...
G04G 21/02
Loading...
201520845924.1
福建瑞达精工股份有限公司
蒋维
G04G 21/02
Loading...
本实用新型涉及一种体温手表，它包括微控制模块、计时模块、测温模块以及显示模块；所述测温模块与微控制模块电连接，测温模块用以获取佩戴者人体温度并将温度信息传递至微控制模块；所述计时模块与微控制模块电连接；所述显示模块与微控制模块电连接，用以显示温度以及时间信息；所述测温模块包括两个以上的测温感应件，各测温感应件分设于手表背部。本实用新型的目的在于提供一种用于测量人体温度的体温手表。本实用新型的优点在于：本实用新型既具有手表的功能，又可随时随地测量人体温度，操作简单，便于携带；此外手表背部分设有两个以上的测温感应件，避免了手表和佩戴者手面之间因接触不良而造成测温不准确。
12. 105319961 一种多功能电波表
CN
10.02.2016
G04R 60/10 Loading...
G04R 60/10
Loading...
201510758265.2
福建瑞达精工股份有限公司
蒋维
G04R 60/10
Loading...
本发明提供一种多功能电波表，包括相互扣合的前壳和后盖及处于前壳和后盖内的显示装置和线路板，所述前壳和后盖之间的扣合部位设有接收天线，所述线路板包括多语言转换模块、信息显示模块及调整模块。通过多语言转换模块可以在显示装置上显示多种语言，适合不同国家的人群使用，多信息显示模块能够显示时间、气象功能，并能对各信息显示模块进行模式的调整，功能比较齐全。
13. 105319955 一种低功耗数字多功能蓝牙手表
CN
10.02.2016
G04G 19/02 Loading...
G04G 19/02
Loading...
201510758299.1
福建瑞达精工股份有限公司
蒋维
G04G 19/02
Loading...
本发明提供一种低功耗数字多功能蓝牙手表，包括蓝牙主控芯片、电池模块、充电模块和按键模块、电源稳压器、显示屏、振动马达、闪存、滤波器模块、蓝牙天线、实时时钟模块、显示屏驱动电路模块、屏幕亮度电路调节模块；所述蓝牙主控芯片分别与电源稳压器、显示屏、振动马达、闪存、滤波器模块、蓝牙天线相连接。结合各种低功耗的器件，蓝牙主控芯片采用低功耗的蓝牙4.0规费，实时时钟采用工作在低功耗电流的芯片，显示屏采用OLED低功耗显示屏幕，并且还可通过调节显示屏幕亮度，从而在整体上降低功耗的低功耗数字多功能蓝牙手表。
14. 105319954 一种光动能全制式响闹背光电波手表
CN
10.02.2016
G04G 19/00 Loading...
G04G 19/00
Loading...
201510758350.9
福建瑞达精工股份有限公司
蒋维
G04G 19/00
Loading...
本发明提供一种光动能全制式响闹背光电波手表，其特征在于：包括太阳能电池、电池模块、控制电路、照度检测电路、阈值切换单元、控制电路启动单元、卫星信号接收单元、时刻显示单元。提供了即使不直接计测太阳能电池的输出电压、输出电路的值也能够以互不相同的多个判断基准来判定照射到太阳能电池的光的照度是否高的光动能全制式响闹背光电波手表。
15. 205003460 带背光功能的电波手表
CN
27.01.2016
G04G 19/02 Loading...
G04G 19/02
Loading...
201520721936.3
福建瑞达精工股份有限公司
蒋维
G04G 19/02
Loading...
本实用新型提供了一种带背光功能的电波手表，包括MCU主控芯片、信号接收模组、RCC电路、按键电路、升压电路、LCD液晶显示电路和背光电路，所述信号接收模组、RCC电路、按键电路、升压电路、LCD液晶显示电路和背光电路均与MCU主控芯片连接并受其控制，所述背光电路包括三极管、LED背光灯和限流电阻，所述LED背光灯一端通过限流电阻连接MCU主控芯片，另一端连接三极管的集电极，所述三极管的发射极接地，而其基极接MCU主控芯片。本实用新型的背光电路通过所述LED背光灯一端通过限流电阻连接MCU主控芯片，另一端连接三极管的集电极，所述三极管的发射极接地，而其基极接MCU主控芯片，由MCU主控芯片的控制可保持较低功耗，提升电池续航时间。
16. 204965019 带响闹功能的电波手表
CN
13.01.2016
G04G 13/00 Loading...
G04G 13/00
Loading...
201520757670.8
福建瑞达精工股份有限公司
蒋维
G04G 13/00
Loading...
一种带响闹功能的电波手表，包括MCU主控芯片、信号接收模组、RCC电路、按键电路、升压电路、LCD液晶显示电路和音频电路，所述信号接收模组、RCC电路、按键电路、升压电路、LCD液晶显示电路和音频电路均与MCU主控芯片连接并受其控制，所述音频电路包括三极管、喇叭和限流电阻，所述喇叭一端通过限流电阻连接MCU主控芯片，另一端连接三极管的集电极，所述三极管的发射极接地，而其基极接MCU主控芯片，所述洗好接收模组包括天线模块，所述天线模块采用型号为CME6005的电波钟接收芯片。本实用新型的音频电路由MCU主控芯片的控制可保持较低功耗，提升电池续航时间。
17. 204965027 带全时区功能的电波手表
CN
13.01.2016
G04R 20/02 Loading...
G04R 20/02
Loading...
201520757683.5
福建瑞达精工股份有限公司
蒋维
G04R 20/02
Loading...
一种全时区功能的电波手表，包括MCU主控芯片、信号接收模组、RCC电路、按键电路、升压电路、LCD液晶显示电路和音频电路，所述信号接收模组、RCC电路、按键电路、升压电路、LCD液晶显示电路和音频电路均与MCU主控芯片连接并受其控制，所述音频电路包括三极管、喇叭和限流电阻，所述喇叭一端通过限流电阻连接MCU主控芯片，另一端连接三极管的集电极，所述三极管的发射极接地，而其基极接MCU主控芯片，所述信号接收模组包括天线模块和GPS定位模块，所述MCU主控芯片中内置全时区数据库，所述GPS定位模块将获取的位置信号传递给MCU主控芯片，MCU主控芯片根据位置信号调取全时区数据库中的对应的时区数据，并将时区数据传递给LCD液晶显示电路。
18. 204930663 自供电蓝牙称重防丢行李箱
CN
06.01.2016
A45C 15/00 Loading...
A45C 15/00
Loading...
201520662263.9
福建瑞达精工股份有限公司
蒋维
A45C 15/00
Loading...
自供电蓝牙称重防丢行李箱，包括箱体、安装在箱体上的拉杆以及安装在箱体底部的滑轮，滑轮之间通过轮轴连接；轮轴上设有主动齿轮，主动齿轮与被动齿轮齿合；被动齿轮安装固定在微型发电机的转动发电轴上，所述箱体一侧设有支撑脚，支撑脚上设有称重传感器，另一侧设有提手、显示器装置以及设置在显示器旁边的USB充电插座装置，在紧贴显示器装置的箱体侧面设有控制装置凹腔，本实用新型充分利用行李箱的滑轮在拖动时产生的机械能，将其转化为电能，可为用户的电子设备提供源源不断的电源。不仅如此，本实用新型各功能装置位置结构合理，在满足用户称重、充电、防丢需求的同时，节约箱体储物空间，用户可以储放更多的行李。
19. 204270027 漱口及刷牙计时器
CN
15.04.2015
G04G 13/02 Loading...
G04G 13/02
Loading...
201420768232.7
福建瑞达精工股份有限公司
蒋维
G04G 13/02
Loading...
本实用新型涉及一种漱口及刷牙计时器，它包括漱口计时启动模块、刷牙计时启动模块、计时模块、提示模块以及电源模块；所述漱口计时启动模块与计时模块电连接，漱口计时启动模块用以启动计时模块计时T1；所述刷牙计时启动模块与计时模块电连接，刷牙计时启动模块用以启动计时模块计时T2；所述提示模块与计时模块电连接，计时模块计时T1或T2后启动提示模块提示；所述电源模块与计时模块电连接。本实用新型的目的在于提供一种漱口及刷牙计时器，其能根据刷牙或者漱口需求进行计时提示。本实用新型的优点在于：漱口及刷牙计时器兼具漱口计时和刷牙计时功能，操作简单，可帮助使用者准确把握最适宜漱口或刷牙的时间，利于口腔健康。
20. 204155383 蓝牙防丢报警器
CN
11.02.2015
G08B 13/24 Loading...
G08B 13/24
Loading...
201420665353.9
福建瑞达精工股份有限公司
蒋维
G08B 13/24
Loading...
本实用新型涉及一种蓝牙防丢报警器，它包括集成BLE4.0蓝牙功能的微控制器、报警模块以及感应模块；所述报警模块与微控制器电连接；所述感应模块与微控制器电连接。本实用新型的目的在于提供一种具备超预先设定距离报警、振动感应以及主动寻找功能的蓝牙防丢报警器。本实用新型的优点在于：1.蓝牙防丢报警器采用微控制器与蓝牙接收装置进行蓝牙通信，可根据蓝牙信号的强弱进行距离判定，当蓝牙防丢报警器与蓝牙接收装置超过一定距离时，发出警报提醒。2.蓝牙防丢报警器上设有感应模块，当受监控物件移动时，感应模块可感应到并通过蓝牙向蓝牙接收装置报警提醒。
21. 203705813 智能投影钟
CN
09.07.2014
G03B 29/00 Loading...
G03B 29/00
Loading...
201320848205.6
福建瑞达精工股份有限公司
蒋维
G03B 29/00
Loading...
本实用新型涉及一种智能投影钟，它包括壳体以及设于壳体内的智能投影控制装置、凸透镜、成像物件、调节装置和投影支架；所述成像物件包括LCD显示屏和为LCD显示屏提供光源的LED光源，智能投影控制装置与LCD显示屏连接以控制LCD显示屏的显示图像，智能投影控制装置与LED光源连接以控制LED光源的发光工作；凸透镜设在壳体的投影端口处，凸透镜、LCD显示屏及LED光源沿光轴方向由外往内依次布设；LCD显示屏及LED光源安装在投影支架上，调节装置与投影支架连接以调整LCD显示屏相对凸透镜的距离。本实用新型智能投影钟既可作为正常的时钟指示时间用，又可投射到屏幕或墙壁上显示时间、温度、湿度或图案的作用。
22. 203706967 带改良按键结构的控制器
CN
09.07.2014
H01H 13/06 Loading...
H01H 13/06
Loading...
201320863354.X
福建瑞达精工股份有限公司
蒋维
H01H 13/06
Loading...
本实用新型涉及一种带改良按键结构的控制器，它可应用于电子产品内，如定时器、电子钟等等，属于电子机械结构领域。一种带改良按键结构的控制器，它包括按键组件和位于按键组件下方的底座组件；底座组件顶部设有支撑定位于按键组件底部中心的中心支柱，按键组件的底部与底座组件的顶部之间留有按压间隙；按键组件的底部围绕中心设有多个按键，按键组件的顶部对应于各按键的位置设有提示标识，底座组件的顶部对应于各按键的位置设有能在按压按键组件相应部位时触发按键的按键触发凸柱；按键组件体内设有与按键连接的控制元件。本实用新型可提高按键的防尘防水性能，从而不仅可确保产品能长期正常稳定工作，而且有助于延长产品的使用寿命。
23. 203705830 叶片钟
CN
09.07.2014
G04B 19/10 Loading...
G04B 19/10
Loading...
201320835996.9
福建瑞达精工股份有限公司
蒋维
G04B 19/10
Loading...
本实用新型涉及一种叶片钟，它包括指针、机芯组件、叶片组件及安装螺母，叶片组件由三片或六片或十二片设有安装孔且自下而上依次排列的叶片组成，机芯组件的安装轴自下而上依次穿过各叶片的安装孔后与安装螺母螺纹连接，机芯组件的机芯驱动轴自安装轴体内伸出并与指针驱动连接。所述机芯组件的外部设有挂钩。本实用新型叶片钟它不仅装配简便、简洁美观、重量大大减轻，而且在不使用时可以将叶片收拢，大大减小占地空间，方便用户携带或收藏。
24. 203705833 创意手工自制钟
CN
09.07.2014
G04B 19/28 Loading...
G04B 19/28
Loading...
201320852463.1
福建瑞达精工股份有限公司
蒋维
G04B 19/28
Loading...
本实用新型涉及一种计时装置，特别涉及一种创意手工自制钟；所述创意手工自制钟，它包括指针组件和用来构成时间刻度的十二个刻度组件，所述指针组件包括机芯、机芯架、安装螺母和指针，机芯安装于机芯架的背面，指针安装于机芯架的正面，机芯的输出轴穿过机芯架后与安装螺母螺纹连接并与指针驱动连接，机芯或机芯架上设有用来与外部载体连接的机芯连接件；所述刻度组件包括图片框、用来插置于图片框中的图片、设于图片框的前开口和图片之间的透明面板以及用来将刻度组件连接于外部载体上的刻度连接件；本实用新型让消费者充分享受自己动手的乐趣，达到装饰性、自主性、功能性和实用性的完美结合。
25. 203705841 多功能平板钟
CN
09.07.2014
G04B 47/00 Loading...
G04B 47/00
Loading...
201320835999.2
福建瑞达精工股份有限公司
蒋维
G04B 47/00
Loading...
本实用新型涉及一种多功能平板钟，它包括钟面面板、安装于钟面面板正面的指针、安装于钟面面板背面的机芯，机芯的输出轴穿过钟面面板后与指针连接以驱动指针转动，所述钟面面板整体或至少正面由金属材料构成，所述多功能平板钟还包括多个磁性块，各磁性块吸附于钟面面板的正面并形成以指针中心为中心均匀分布在指针周围的时间刻度。本实用新型多功能平板钟它不仅结构简单、组装方便快捷，而且功能丰富：既可作为正常的时钟指示时间用，又可利用钟面面板上的磁性块来吸附便签纸之类的物品，从而方便用户记事、提醒。
26. 203705036 智能无线电子秤
CN
09.07.2014
G01G 19/44 Loading...
G01G 19/44
Loading...
201320852464.6
福建瑞达精工股份有限公司
蒋维
G01G 19/44
Loading...
本实用新型涉及一种智能无线电子秤，它包括称量装置和用来接收并显示称量装置称量信息的移动接收装置，称量装置包括面板、带有无线发射模块的主控制芯片、用来检测被秤物体重量的传感器和固定安装连接于面板下方的支架，主控制芯片和传感器安装在支架内并用导线相连接；移动接收装置包括面壳、后壳、LCD显示屏和无线接收显示模块，LCD显示屏与无线接收显示模块连接并且安装在面壳的表面，面壳和后壳安装在一起。该产品使用方便，称量者不需要弯腰就能方便快捷地看到称量信息；对医疗体检场合而言，医护人员不需要亲自站在秤旁弯腰查看，通过移动接收装置就可以快速准确地知道每个体检者的称量信息，大大提高了数据的准确性和工作效率。
27. 103560252 Flexible lead-acid battery core easy to recycle, and preparation method of flexible lead-acid battery core
CN
05.02.2014
H01M 4/68 Loading...
H01M 4/68
Loading...
201310488977.8
福建瑞达精工股份有限公司
蒋维
H01M 4/68
Loading...
The invention relates to a preparation method of a flexible lead-acid battery core easy to recycle. The preparation method of the flexible lead-acid battery core is characterized by taking porous glass fiber cloth made of compound sodium alginate fiber as a supporting layer, and comprises the following steps: applying metal flow collection layers to two surfaces of the supporting layer by adopting a vacuum sputtering or vacuum evaporation coating method, coating positive and negative electrode active substances respectively, and drying; spraying a sodium alginate solution on the dried surface, so as to form an isolating layer; and drying so as to obtain the flexible lead-acid battery core capable of being wound. The assembling is performed according to required capacitances, shapes and sizes, electrode leading-out terminals are connected and are pressed in a shell, then an electrolyte is filled in the shell, and the sealing is performed, so that the flexible lead-acid battery core easy to recycle is obtained.
28. 202631973 带风扇网的电子钟
CN
26.12.2012
G04B 47/00 Loading...
G04B 47/00
Loading...
201220191323.X
福建瑞达精工股份有限公司
蒋维
G04B 47/00
Loading...
本实用新型涉及一种带风扇网的电子钟，包括前壳、后壳和安装在前壳与后壳之间的机芯，所述后壳的背面还安装有一风扇网，所述风扇网上设有容纳有后壳的空腔，所述后壳通过螺丝锁紧固定在风扇网上，所述后壳上还设有电池仓和电池盖，所述机芯包括LCD显示屏、背光板、按键和线路板，LCD显示屏、背光板、按键分别连接到线路板上。本实用新型的优点在于：通过在传统电子钟的背壳上的增加风扇网的结构，使传统的电子钟与风扇可以巧妙地结合在一起，能有效地利用资源，又不影响传统风扇的使用功能，大大提高了产品的扩展性。
29. 202372783 带相框的电子钟
CN
08.08.2012
G04B 47/00 Loading...
G04B 47/00
Loading...
201120431733.2
福建瑞达精工股份有限公司
蒋维
G04B 47/00
Loading...
本实用新型涉及一种带相框的电子钟，包括石英机芯和指针，所述石英机芯驱动指针进行转动，其特征在于：所述带相框的电子钟还包括一钟面面板，所述钟面面板由主体面板和若干个环绕在主体面板的相框组成，所述石英机芯的输出轴穿过该主体面板后和指针相连。本实用新型可以在传统钟面的周围增加相框的结构，并且使产品的装配变得十分简便，同时可以按照需要任意制作主体面板以及相框的形状，提高产品的装饰性和档次，照片更换也更方便，能有效地利用资源。
30. 202314318 便携式药物收纳盒
CN
11.07.2012
A61J 1/00 Loading...
A61J 1/00
Loading...
201120431705.0
福建瑞达精工股份有限公司
蒋维
A61J 1/00
Loading...
本实用新型涉及一种便携式药物收纳盒，包括本体和盖子，所述本体由多个可容纳药物的空腔组成，其特征在于：所述盖子与每个空腔的侧边上部一体连接，所述盖子上还设有一卡扣，空腔的外侧壁上设有与之对应的卡槽。所述本体的中央还设有一凹槽，所述凹槽内安装有电子表芯或计时器，所述空腔均匀地分布在本体上凹槽的周围。本实用新型提供一种可一体成型制造、装配简便、便于短途旅行携带、可分类管理药物及按时提醒的便携式药物收纳盒。
31. 202306156 拼装式钟面电子钟
CN
04.07.2012
G04B 19/10 Loading...
G04B 19/10
Loading...
201120431693.1
福建瑞达精工股份有限公司
蒋维
G04B 19/10
Loading...
本实用新型涉及一种拼装式钟面电子钟，包括石英机芯和指针，所述石英机芯驱动指针进行转动，其特征在于：所述拼装式钟面电子钟还包括一钟面面板，所述钟面面板由主体面板和若干个连接在主体面板的周围的钟面附加件组成，所述石英机芯的输出轴穿过该主体面板后和指针相连。本实用新型将传统的钟面面板改为由主体面板和若干个连接在主体面板的周围的钟面附加件组成，可以使产品的装配变得十分简便，同时可以按照需要任意拼接出需要的钟面面板的形状，大大提高产品的装饰性和档次，有利于产品的销售。
32. 102394321 积层式可储能太阳能电池及其制备方法
CN
28.03.2012
H01M 10/46 Loading...
H01M 10/46
Loading...
201110307277.5
福建瑞达精工股份有限公司
蒋维
H01M 10/46
Loading...
一种积层式可储能太阳能电池，其特征在于：由积层式的太阳能电池上进一步层叠二次电池，所述二次电池采用锂离子电池，再配以充电控制电路，通过柔性塑料封装而成.本发明制备的积层式可储能太阳能电池使太阳能电池与锂离子电池集成为一体，以便减少外电路，进而提高紧凑性，缩小体积，同时减少跳线，保证良好的导电性；通过凝胶电极的利用和塑料封装工艺的应用，可以提高防潮性，实现可折叠。制备过程中，太阳能电池的背电极层同时承担了锂离子电池的正极集流体，一方面可以节省材料，同时也可以提高导电性；锂离子电池的正极活性层、隔膜和负极活性层可以预先制成片材，便于在制备过程中进行复合，实现连续生产。
33. 202120043 一种多功能时钟
CN
18.01.2012
G04B 47/00 Loading...
G04B 47/00
Loading...
201120187165.6
福建瑞达精工股份有限公司
蒋维
G04B 47/00
Loading...
本实用新型主要解决的技术问题是提供一种便携式时钟，既有提示时间的功能，又有照明的功能。为解决上述技术问题，本实用新型采用的技术方案是，提供一种多功能时钟，包括钟体内部，钟体表面，所述钟体表面包括钟体显示面，钟体背面，以及钟体显示面和钟体背面之间的钟体侧面，其特征在于，所述时钟钟体上设置有照明装置，所述照明装置包括发光体、照明电源、照明开关，所述发光体设置于钟体表面，所述照明电源设置于钟体内部，所述照明开关设置于钟体侧面。本实用新型的有益效果是便携式时钟既有提示时间的功能，又有照明的功能，又便于人们携带，大大方便了大家的日常生活。
34. 102283475 Electronic watch chain with function of solar batteries and preparation method thereof
CN
21.12.2011
A44C 11/00 Loading...
A44C 11/00
Loading...
201110221475.X
Fujian Ruida Jinggong Co., Ltd.
Jiang Wei
A44C 11/00
Loading...
The invention relates to a watch chain, in particular to an electronic watch chain with the function of solar batteries and a preparation method thereof. The electronic watch chain with the function of the solar batteries is obtained by connecting a plurality of chain links, wherein a chain link body is taken as a substrate of each chain link; a back paint layer, a back electrode layer, a thin-film electrode layer, a front electrode layer and a surface paint layer are sequentially laminated on the surface of the chain link; both ends of the chain link are provided with two pairs of hinged holes respectively; an insulating pin is inserted into the hinged hole; a conducting rubber ring is sleeved at the position, which is required to be conductive, of the periphery of the insulating pin; and an insulating rubber ring is sleeved at the position which is required to be insulated so as to ensure that electrodes of every two chain links which are required to be connected are conducted and different electrodes are insulated from each other. The electronic watch chain with the function of the solar batteries can ensure that the solar batteries have adequate illuminated faces, the mutual interference between the solar batteries and an antenna reception system in a machine core is reduced, the mutual shielding between the solar batteries and the antenna reception system is avoided, and the electronic watch chain has high decorative property and installability.
35. 201936140 新型光驱动全制式液晶电波表机芯
CN
17.08.2011
G04G 21/04 Loading...
G04G 21/04
Loading...
201120012405.9
福建瑞达精工股份有限公司
唐令海
G04G 21/04
Loading...
本实用新型涉及电子钟表，特别涉及一种新型光驱动全制式液晶电波表机芯，包括透光字面、塑胶装配件、LCD显示屏、背光板、LED灯、线路板、钮扣电池和电池按键片，所述透光字面安装在塑胶装配件的上表面，LCD显示屏、背光板、LED灯、天线、线路板、钮扣电池依次安装在塑胶装配件的内部，电池按键片安装在塑胶装配件的下表面，所述LCD显示屏、背光板、LED灯、天线、钮扣电池均连接到线路板上，所述透光字面和LCD显示屏之间还安装有一吸光板，该吸光板也连接到线路板上。本新型光驱动全制式液晶电波表机芯的优点在于具有较长的使用寿命的同时，还可以使用户在全球范围内，都可以漫游并精确定时。
36. 201811780 带量杯的电子秤
CN
27.04.2011
G01G 19/52 Loading...
G01G 19/52
Loading...
201020551887.0
福建瑞达精工股份有限公司
蒋维
G01G 19/52
Loading...
本实用新型涉及一种带量杯的电子秤，包括一电子秤上壳、底盖以及设于电子秤上壳和底盖内部的一电子秤装置，其特征在于：所述电子秤上壳的上方还设有一自由活动的量杯，所述量杯的侧壁设有一计量显示装置，所述计量显示装置通过卡扣装配在量杯侧壁上设有的卡槽内，所述计量显示装置还设有无线接收模块，所述电子秤驱动电路连接一对应的无线发射模块。本实用新型不仅可以作为普通电子秤进行计量用途，并可以用于测量液体重量和体积，并且可以实时显示测量数据，也可以单独分开使用，具有很好的使用效果。
37. 201719084 可拆式烧烤叉
CN
26.01.2011
A47J 37/04 Loading...
A47J 37/04
Loading...
201020238610.2
福建瑞达精工股份有限公司
蒋维
A47J 37/04
Loading...
本实用新型涉及一种可拆式烧烤叉，一种可拆式烧烤叉，包括烤叉和手柄，所述烤叉安装在手柄的前部，手柄由上壳和下壳组成中空壳体，其内部装有线路板，所述烤叉为中空的细长管，其内部设有温度传感器，该温度传感器连接到线路板，所述手柄的前部设有一卡扣，烤叉的根部设有一与卡扣相适配的卡槽，烤叉和手柄通过卡槽和卡扣连接固定。本实用新型是一种易于拆卸和清洗、方便携带，并且具有自动提醒功能的可拆式烧烤叉。
38. 201673370 新型指针式电子钟
CN
15.12.2010
G04B 19/06 Loading...
G04B 19/06
Loading...
201020191841.2
福建瑞达精工股份有限公司
蒋维
G04B 19/06
Loading...
本实用新型涉及一种新型指针式电子钟，包括石英机芯和指针，所述石英机芯驱动指针相进行转动，所述新型指针式电子钟还包括一体成型的主体面板，所述石英机芯的输出轴穿过该主体面板后和指针相连，所述一体成型的主体面板的正面设有时间刻度，所述一体成型的主体面板为弧面型，所述石英机芯设置于该弧面的凹陷部位。本实用新型可以大大地节省生产成本，并且使产品的装配变得十分简便，同时可以按照需要任意制作主体面板的形状，大大增加产品的寿命，提高产品的档次，能有效地利用资源。
39. 201673373 可更换面壳的电子钟
CN
15.12.2010
G04B 45/00 Loading...
G04B 45/00
Loading...
201020191856.9
福建瑞达精工股份有限公司
蒋维
G04B 45/00
Loading...
本实用新型涉及一种可更换面壳的电子钟，包括面壳、后盖、石英机芯、指针和指示盘，所述石英机芯、指示盘和指针安装在后盖内部，石英机芯驱动指针相进行转动，其特征在于：所述面壳和后盖之间利用卡扣和卡槽通过扣接的方式连接。所述后盖的前面设有至少一个卡槽，所述面壳的背面上对应的位置设有卡扣，所述面壳的背面上还设有一限位槽，所述后盖的前面相对应的位置设有一限位凸起。本实用新型可以大大地节省生产成本，并且本产品的拆装配十分简单方便，大大提高了产品的使用性能，使一件产品变成多件产品的外观，大大增加产品的使用乐趣，提高产品的档次，具有很好的经济价值。
40. 201672967 带有指针式电子钟功能的电子秤
CN
15.12.2010
G01G 19/52 Loading...
G01G 19/52
Loading...
201020191822.X
福建瑞达精工股份有限公司
蒋维
G01G 19/52
Loading...
本实用新型涉及一种带有指针式电子钟功能的电子秤，包括一主体上壳、底盖以及设于主体上壳和底盖内部的一电子秤装置，其特征在于：所述主体上壳和底盖内部还设有指针式电子钟装置，所述指针式电子钟装置包括一石英机芯和一指针装置，所述石英机芯与指针装置相连接并驱动其转动。本实用新型不仅可以作为电子秤进行计量用途，并可以在同样的外壳结构下，整合指针式电子钟的功能，大大丰富产品的功能性和使用效果。
41. 201582563 手电筒
CN
15.09.2010
F21L 4/00 Loading...
F21L 4/00
Loading...
200920181760.1
福建瑞达精工股份有限公司
蒋莘
F21L 4/00
Loading...
本实用新型公开了一种手电筒，所述手电筒包括灯头、筒体与可竖直放置于平面上的底座，筒体的两端分别与灯头与底座相连，筒体与灯头之间设有连接灯头和筒体的伸缩支撑装置，伸缩支撑装置与灯头之间通过调整灯头轴线与伸缩支撑装置轴线之间角度大小的第一连接件连接；当灯头轴线与伸缩支撑装置轴线之间角度为180°，伸缩支撑装置为收缩状态时，灯头与筒体相接触。通过调整伸缩支撑装置长度与第一连接件的角度，使本实用新型可以根据需要作为手电筒或台灯使用。
42. 201583807 多功能时钟
CN
15.09.2010
G04B 47/06 Loading...
G04B 47/06
Loading...
200920181759.9
福建瑞达精工股份有限公司
蒋莘
G04B 47/06
Loading...
本实用新型公开了一种多功能时钟，包括底座与钟体，钟体与底座之间通过连接件旋转连接，旋转轴与钟体显示面平行，所述钟体包括时钟主体与可拆卸的后盖，所述连接件与时钟主体相接，所述后盖背面设有温度计、湿度计、镜子、相框中的至少一种。本实用新型可以根据人们的需要在时钟上附加温度计、湿度计、镜子或相框等，更换时只需换上具有相应元件的后盖即可。而且本实用新型转换时钟与附加功能方便快捷，由于钟体与底座之间通过连接件旋转连接，旋转的轴线与钟体显示面平行，所以要在时钟显示与附加功能显示之间切换时只要翻转时钟的钟体显示面与后盖背面即可。
43. 101376726 Biodegradable plastic electronic clock case having self-lubricating function and preparation thereof
CN
04.03.2009
C08L 23/06 Loading...
C08L 23/06
Loading...
200810071919.4
Fuzhou Ruida Electronic Co., Ltd.
Jiang Shen
C08L 23/06
Loading...
The invention discloses an electric clock shell which has the function of self-lubricating and is manufactured by a biodegradable plastic. The invention is manufactured by the materials according to the following weight percentages: 30 to 50 percent of soybean dreg powder, 10 to 20 percent of inorganic powder fittings, 30 to 50 percent of carrier resin as well as 2 to 5 percent of lubricating dispersant. The preparation method of the electic clock shell is as follows: the materials are fed into a high-speed mixer according to proportions and stirred for 10 minutes at a high speed; then the materials after being uniformly mixed are dried; the mixture is then extruded by an extruding machine with a single screw rod or double screw rods and manufactured into the master batches of the biodegradable plastic; themaster batches of the biodegradable plastic are arranged in the screw rod extruding machine for being extruded and shaped into the product of the electric clock shell. The invention can reduce the production cost and improve the mechanical intensity as well as the biological degradability.

