1. 106585655 隧道运输车
CN
26.04.2017
B61F 5/24 Loading...
B61F 5/24
Loading...
201611226359.6
苏州大方特种车股份有限公司
魏振国
B61F 5/24
Loading...
本发明涉及一种隧道运输车，包括车架、设置在车架下部的悬挂结构，车架两边距离地面的高度大于中间距离地面的高度，悬挂结构包括设置在车架中间底部的第一悬挂结构、设置在车架两边底部的第二悬挂结构，第一悬挂结构包括与车架相连接的平衡臂、一端与车架直接连接的悬挂油缸、连接在平衡臂上的车桥以及连接在车桥上的轮组件，悬挂油缸的另一端与平衡臂相连接。本发明降低了货物平台高度,平均分配载重，减少偏载现象，增大了装配货物空间，加大了货物量，提高了工作效率，缩短了运输时间，节省了人工，降低了成本；此外还可以加快地铁、铁路、轻轨的各种隧道工况的运输，不仅减少人力、物力，提高工作效率，而且加快了工程建设速度。
2. 106585372 双向驾驶液力驱动框架车
CN
26.04.2017
B60K 17/10 Loading...
B60K 17/10
Loading...
201611226401.4
苏州大方特种车股份有限公司
周细威
B60K 17/10
Loading...
本发明涉及一种双向驾驶液力驱动框架车，包括车架、连接在车架下方的悬挂系统、连接在悬挂系统上的车桥、与车桥相连接的动力系统，车桥包括驱动桥，框架车还包括设置在车架下方两侧的第一驾驶室、第二驾驶室，动力系统包括发动机、与发动机相连接的液力变速箱，液力变速箱与驱动桥相传动连接，第一驾驶室的前进挡和后退挡、第二驾驶室的前进挡和后退挡分别与液力变速箱的前进挡和后退挡相关联。本发明有效提高了冶金行业钢卷、线材、板材、板坯、钢管等的运输的灵活性，提高了场地利用率；一车可配置多个框架，减少了装货等待时间；双向驾驶减少了倒车及车辆调头的时间，及大的提高了运输作业的效率，降低了运输成本。
3. 206088852 隧道轨道铺设起重机
CN
12.04.2017
B66C 25/00 Loading...
B66C 25/00
Loading...
202016001181449
苏州大方特种车股份有限公司
魏振国
B66C 25/00
Loading...
本实用新型涉及一种隧道轨道铺设起重机，包括起重机主体，起重机主体包括：能够在两侧方向上伸缩的横梁、能够在竖直方向上升降的纵梁、吊装机构以及行走机构，纵梁连接在横梁的两端，吊装机构连接在横梁上，行走机构连接在纵梁的下端，行走机构包括：与纵梁下端相转动连接的车轮组件、连接在纵梁与车轮组件之间的行走拉动部件，行走拉动部件能够拉动车轮组件向纵梁的外侧转动。本实用新型合理设计，可以在地铁、铁路、轻轨的各种隧道工况的铁路铺设，不仅减少了预铺轨，而且采用液压控制，减少人力、物力，操作简单，便于运输，便于吊装，提高工作效率，对操作员安全提供保障。
4. 104358863 机械自动换挡控制装置
CN
22.03.2017
F16H 61/30 Loading...
F16H 61/30
Loading...
102014000593318
苏州大方特种车股份有限公司
周细威
F16H 61/30
Loading...
本发明涉及一种机械自动换挡控制装置，包括换挡器、与所述的换挡器相连接用于比较输入轴、输出轴转速信号并发出换挡指令的控制器、用于执行换挡的至少一个换挡执行机构以及连接至油箱用于为所述的换挡执行机构提供液压油的液压泵，所述的换挡执行机构、液压泵与所述的控制器相连接。本发明无需离合器；自动计算最佳换挡时间；换挡速度快；制造成本低。
5. 104192725 门式起重机
CN
17.08.2016
B66C 19/00 Loading...
B66C 19/00
Loading...
102014000474741
苏州大方特种车股份有限公司
李荣生
B66C 19/00
Loading...
本发明涉及一种门式起重机，包括底盘、设置在所述的底盘上的一对举升装置、连接在一对所述的举升装置顶部之间的横梁、连接在所述的横梁上的吊具以及动力站，所述的底盘包括两台能够独立行走的模块车，两台所述的模块车分别设置在所述的举升装置的底部。本发明采用模块车做行走底盘，使其对场地的适应性大大增强，无需预铺轨道。这既大大降低了使用成本，又节省了使用时间；而且由于其多模式转向的特点，使得其运转灵活，作业占据空间小，而且可起吊、顶升和短距转运，且转运的路线不受轨道的限制，可靠性高，操作方便能够满足多种工况的起重作业要求。
6. 205439871 超低平台运输车液压悬挂车桥结构
CN
10.08.2016
B60G 13/08 Loading...
B60G 13/08
Loading...
201620317342.0
苏州大方特种车股份有限公司
刘刚强
B60G 13/08
Loading...
本实用新型涉及一种超低平台运输车液压悬挂车桥结构，包括连接在所述的平台运输车车架底部的悬挂架、缸体连接在所述的悬挂架上的悬挂油缸、一端部连接在所述的悬挂架上的平衡臂、连接在所述的平衡臂另一端部的车桥以及连接在所述的车桥上的轮组件，所述的悬挂油缸的缸杆与所述的平衡臂相连接，所述的车架到地面的距离最低为430-640mm。本实用新型通过结构和尺寸的整体调整，使得液压悬挂车桥具有结构合理紧凑，外廓尺寸体积小、重量轻、承载能力大等特点，最重要的是在保证承载能力不变的情况下，大大降低了车辆的高度，从而使车辆在装高货物行使过程中的通过性，便于安装和维修。
7. 105818631 超低平台运输车液压悬挂车桥结构
CN
03.08.2016
B60G 13/08 Loading...
B60G 13/08
Loading...
102016000235011
苏州大方特种车股份有限公司
刘刚强
B60G 13/08
Loading...
本发明涉及一种超低平台运输车液压悬挂车桥结构，包括连接在所述的平台运输车车架底部的悬挂架、缸体连接在所述的悬挂架上的悬挂油缸、一端部连接在所述的悬挂架上的平衡臂、连接在所述的平衡臂另一端部的车桥以及连接在所述的车桥上的轮组件，所述的悬挂油缸的缸杆与所述的平衡臂相连接，所述的车架到地面的距离最低为430?640mm。本发明通过结构和尺寸的整体调整，使得液压悬挂车桥具有结构合理紧凑，外廓尺寸体积小、重量轻、承载能力大等特点，最重要的是在保证承载能力不变的情况下，大大降低了车辆的高度，从而使车辆在装高货物行使过程中的通过性，便于安装和维修。
8. 105439019 随车吊的限位装置及随车吊
CN
30.03.2016
B66C 23/90 Loading...
B66C 23/90
Loading...
201510961317.6
苏州大方特种车股份有限公司
刘继英
B66C 23/90
Loading...
本发明涉及一种随车吊的限位装置，包括高度限位组件、回转限位组件，高度限位组件包括联板、第一固定螺栓和第二固定螺栓，联板上开设有限位长孔，第一固定螺栓穿过限位长孔，第二固定螺栓与联板相固定；回转限位组件包括一对限位挡块、限位销，一对限位挡块之间形成回转限位区域。一种随车吊，包括限位装置，随车吊升降时，与随车吊变幅油缸相连接的第一固定螺栓在联板的限位长孔内滑动；随车吊回转时，一对限位挡块对连接在随车吊首节臂下部机架上的限位销形成阻挡。本发明通过设置限位装置，以满足客户在使用过程中的安全性要求，并且都可以选择性的使用，不会对随车吊的原本结构产生影响，灵活性高，使用范围广。
9. 105438288 一种轮胎式墙体专用运输车
CN
30.03.2016
B62D 53/06 Loading...
B62D 53/06
Loading...
201510963906.8
苏州大方特种车股份有限公司
刘继英
B62D 53/06
Loading...
本发明涉及一种轮胎式墙体专用运输车，包括牵引车、与所述的牵引车相连接的半挂车，所述的半挂车包括车架、用于放置墙体的沉槽、用于固定墙体的固定装置、用于夹紧墙体的多个夹紧装置，所述的沉槽开设在所述的车架中间部位，所述的固定装置、夹紧装置分别设置在所述的沉槽周围的车架上。本发明的运输车既考虑了墙体运输的超高问题，最大限度的减小了运输车的整体高度，又考虑了墙体装卸、运输的安全性，避免墙提在运输过程中受到碰撞损坏、表面划伤等问题，使墙体运输变的经济、安全、高效快捷。
10. 105059390 一种冶金框架车的转向系统
CN
18.11.2015
B62D 12/02 Loading...
B62D 12/02
Loading...
201510497867.7
苏州大方特种车股份有限公司
刘刚
B62D 12/02
Loading...
本发明涉及一种冶金框架车的转向系统，包括安装在车架底部的转向机构、转向控制机构，所述的转向机构包括沿前后方向设置的多个转向单元，所述的转向机构还包括将前后相邻两个所述的转向单元相连接的连接单元。本发明采用连接单元将前后半车转向单元贯通，提高车辆转向同步性，协调性，使得车辆在转弯行驶时，轮胎能够同步联动转向，减少轮胎的偏差和磨损，提高轮胎使用寿命，节省成本；采用转向控制机构提高了车辆的转向机动性，准确性。
11. 104960729 原木框架箱
CN
07.10.2015
B65D 6/08 Loading...
B65D 6/08
Loading...
201510276053.0
苏州大方特种车股份有限公司
高爱华
B65D 6/08
Loading...
本发明涉及一种原木框架箱，包括底框架、分别连接在所述的底框架两侧的多对侧梁、连接在所述的底框架两侧的多个吊点，所述的底框架与至少一对所述的侧梁之间形成用于放置原木的放置区域。本发明采用原木框架箱盛放原木，由于原木框架箱可以整体吊装又可以双层叠放，使原木在运输上的装卸时间大大减少，且操作简单，增加原木熏蒸效率；同时此过程可以用机械吊装，减少了化学药剂对作业人员的伤害。
12. 104859524 混合悬挂渣罐运输车
CN
26.08.2015
B60P 3/22 Loading...
B60P 3/22
Loading...
201510237113.8
苏州大方特种车股份有限公司
刘继英
B60P 3/22
Loading...
本发明涉及一种混合悬挂渣罐运输车，包括车架、驾驶室、渣罐、悬挂、转向机构、驱动桥和制动桥以及车轮组件，悬挂包括连接在位于渣罐前部车架上的液压悬挂、连接在位于渣罐后部车架上的刚性悬挂，液压悬挂连接驱动桥，刚性悬挂连接制动桥，转向机构连接在车架与液压悬挂之间。本发明在离渣罐较近的后部采用刚性悬挂，可以有效避免甚至克服高温渣罐对液压系统油温的影响，减缓了液压油泄漏、传动效率因为液压油泄漏降低的问题，在一定程度上达到降低燃油消耗，节能环保的目的，同时由于渣罐后面采用刚性悬挂，结构简单可靠，增加了运输车的稳定性、可靠性，降低了维修频率，节省了维修费用，提高了车辆的利用率。
13. 204567411 混合悬挂渣罐运输车
CN
19.08.2015
B60P 3/22 Loading...
B60P 3/22
Loading...
201520300726.7
苏州大方特种车股份有限公司
刘继英
B60P 3/22
Loading...
本实用新型涉及一种混合悬挂渣罐运输车，包括车架、驾驶室、渣罐、悬挂、转向机构、驱动桥和制动桥以及车轮组件，悬挂包括连接在位于渣罐前部车架上的液压悬挂、连接在位于渣罐后部车架上的刚性悬挂，液压悬挂连接驱动桥，刚性悬挂连接制动桥，转向机构连接在车架与液压悬挂之间。本实用新型在离渣罐较近的后部采用刚性悬挂，可以有效避免甚至克服高温渣罐对液压系统油温的影响，减缓了液压油泄漏、传动效率因为液压油泄漏降低的问题，在一定程度上达到降低燃油消耗，节能环保的目的，同时由于渣罐后面采用刚性悬挂，结构简单可靠，增加了运输车的稳定性、可靠性，降低了维修频率，节省了维修费用，提高了车辆的利用率。
14. 204567292 电驱动轮胎式渣罐运输车
CN
19.08.2015
B60K 17/14 Loading...
B60K 17/14
Loading...
201520300731.8
苏州大方特种车股份有限公司
刘继英
B60K 17/14
Loading...
本实用新型涉及一种电驱动轮胎式渣罐运输车，包括车架、设置在车架上方的驾驶室和渣罐、连接在车架下部的悬挂、连接在车架与悬挂之间的转向机构、连接在悬挂上的驱动桥和制动桥、分别连接在驱动桥和制动桥上的轮组件以及动力站，驱动桥包括连接在悬挂上的驱动车桥、设置在驱动车桥上的电机、与电机相连接的减速机，减速机与车轮组件相连接，电机通过减速机驱动车轮组件行走。本实用新型可以有效避免克服液压马达存在的液压油泄漏、传动效率不断降低的问题，在一定程度上达到降低燃油消耗，节能环保的目的，同时由于电机与液压马达相较结实耐用，没有泄漏问题，故障率低，从而大大降低了维修频率，节省了维修费用，提高了车辆的利用率。
15. 204526711 低平台运输车的液压悬挂结构
CN
05.08.2015
B60G 13/08 Loading...
B60G 13/08
Loading...
201520064356.1
苏州大方特种车股份有限公司
刘刚强
B60G 13/08
Loading...
本实用新型涉及一种低平台运输车的液压悬挂结构，包括连接在平台运输车车架底部的悬挂架、缸体连接在悬挂架上的悬挂油缸、一端部连接在悬挂架上的平衡臂、连接在平衡臂另一端部的车桥以及连接在车桥上的轮组件，悬挂油缸的缸杆与平衡臂相连接，悬挂油缸的缸体与悬挂架的连接点到车架底部的距离为70-80mm，悬挂油缸的缸杆和平衡臂的连接点到悬挂架和平衡臂的连接点的距离为205-215mm。本实用新型具有整体结构合理，体积小、承载能大等特点，在保证承载能力不变的情况下，大大降低了车辆的高度，从而使车辆在装高货物行使过程中的通过性,整个悬挂结构紧凑、外廓尺寸小、体积小、重量轻，便于安装和维修。
16. 204526821 电液混合驱动搬运车
CN
05.08.2015
B60K 17/10 Loading...
B60K 17/10
Loading...
201520065024.5
苏州大方特种车股份有限公司
刘元胜
B60K 17/10
Loading...
本实用新型涉及一种电液混合驱动搬运车，包括车架、连接在车架下方的转向机构、连接在转向机构上的悬挂机构、连接在悬挂机构上的车轮、用于驱动车轮行走及各个机构工作的驱动机构、用于为驱动机构提供动力的动力机构、用于控制上述各个机构进行工作的控制机构以及用于对控制机构发出控制指令的操作机构，驱动机构包括电机、与电机相连接的液压组件以及与液压组件相连接减速器，减速器与车轮相连接，电机驱动液压组件从而驱动车轮行走；每组车轮对应一个转向机构。本实用新型通过电液混合驱动为行驶、转向提供驱动力，无排放污染、噪音小，可全向行驶，转向所需空间小，结构紧凑、操作便捷，特别适合在受限的洁净空间内搬运大型物件。
17. 204527320 可调式运输框架
CN
05.08.2015
B62D 21/05 Loading...
B62D 21/05
Loading...
201520064067.1
苏州大方特种车股份有限公司
王一奇
B62D 21/05
Loading...
本实用新型涉及一种可调式运输框架，包括左框架和右框架，所述的左框架包括前后设置并且能够同时向所述的运输框架宽度方向的左侧伸缩的一对第一伸缩梁、能够拆卸的连接在所述的一对第一伸缩梁之间的第三连接梁；所述的右框架包括前后设置并且能够同时向所述的运输框架宽度方向的右侧伸缩的一对第二伸缩梁、能够拆卸的连接在所述的一对第二伸缩梁之间的第四连接梁，罐体货物搁置在所述的第三连接梁、第四连接梁之间。本实用新型可以调整运输框架的长度、宽度，适用于5米以下的各种罐体运输，结构简单，调整方便，可以很好的承载较重的货物不会引起货物的变形。
18. 204250196 低载货平台运输车
CN
08.04.2015
B62D 53/08 Loading...
B62D 53/08
Loading...
201420669608.9
苏州大方特种车股份有限公司
梁勇
B62D 53/08
Loading...
本实用新型涉及一种低载货平台运输车，包括至少一台模块式车辆，所述的模块式车辆包括采用 Q690 焊接而成的车架、采用 Q690 焊接而成并用于支撑所述的车架的悬挂、轴头采用合金锻造并连接在所述的悬挂上的车桥以及连接在所述的车桥上的轮胎，所述的悬挂上连接有用于升降所述的车架的升降系统，所述的模块式车辆的整车高度为 910 ± 250mm 。本实用新型采用高强度材料，使车辆有较高的承载能力；轮胎采用特殊开发的承载大、直径尺寸小、能适应较高速度行驶的轮胎；整车结构紧凑使车辆有较低的载货平台承载能力大，通过性好，特别适合于一些货物整体运输。
19. 204253737 变速箱辅助动力输出机构及变速箱
CN
08.04.2015
F16H 1/06 Loading...
F16H 1/06
Loading...
201420636092.8
苏州大方特种车股份有限公司
周细威
F16H 1/06
Loading...
本实用新型涉及一种变速箱辅助动力输出机构，包括与变速箱驱动齿轮相啮合的输出齿轮、与所述的输出齿轮相连接并同轴转动的输出轴、支架、连接在所述的支架上与所述的输出轴同轴设置的输出法兰，外部动力元件固定在所述的输出法兰上并与所述的输出轴相连接。一种变速箱，包含变速箱辅助动力输出机构，所述的变速箱辅助动力输出机构设置有一套或多套。本实用新型结构简单，制造成本低，动力输出机构可安装不同型号的动力元件，为变速箱换挡机构提供动力。
20. 204253836 机械自动换挡控制装置
CN
08.04.2015
F16H 61/30 Loading...
F16H 61/30
Loading...
201420635150.5
苏州大方特种车股份有限公司
周细威
F16H 61/30
Loading...
本实用新型涉及一种机械自动换挡控制装置，包括换挡器、与所述的换挡器相连接用于比较输入轴、输出轴转速信号并发出换挡指令的控制器、用于执行换挡的至少一个换挡执行机构以及连接至油箱用于为所述的换挡执行机构提供液压油的液压泵，所述的换挡执行机构、液压泵与所述的控制器相连接。本实用新型无需离合器；自动计算最佳换挡时间；换挡速度快；制造成本低。
21. 204250195 液压鹅颈自卸车
CN
08.04.2015
B62D 53/08 Loading...
B62D 53/08
Loading...
201420669607.4
苏州大方特种车股份有限公司
高爱华
B62D 53/08
Loading...
本实用新型涉及一种液压鹅颈自卸车，包括牵引车、与所述的牵引车后部相可拆卸连接的液压鹅颈总成以及与所述的液压鹅颈总成后部相可拆卸连接的自卸车总成。本实用新型的牵引车为标准牵引车可以一车多用，提高利用率；一台液压鹅颈总成可以对多种自卸车总成，提高利用率；一台牵引车配一台液压鹅颈总成，可以配多台自卸车总成，可以减少采购成本，提高个人工作效率。
22. 204175945 变速箱自动换挡机构及变速箱
CN
25.02.2015
F16H 61/30 Loading...
F16H 61/30
Loading...
201420636091.3
苏州大方特种车股份有限公司
陈永昌
F16H 61/30
Loading...
本实用新型涉及一种变速箱自动换挡机构，包括具有左、中、右三个挡位的三位油缸、与所述的三位油缸相传动连接能够沿水平方向移动的推杆、与所述的推杆相传动连接能够沿水平方向移动的滑杆、连接在所述的滑杆上的拨叉、与所述的拔叉相连接的滑套、输出齿轮、与所述的输出齿轮相啮合的输出轴、第一齿轮以及第二齿轮，所述的滑套能够将所述的输出齿轮与所述的第一齿轮或者第二齿轮相连接。一种变速器，包含所述的变速箱自动换挡机构，所述的变速箱自动换挡机构设置有至少一套。本实用新型可快速实现换挡；输出转速波动范围小；制造成本低。
23. 204096950 门式起重机
CN
14.01.2015
B66C 19/00 Loading...
B66C 19/00
Loading...
201420534733.9
苏州大方特种车股份有限公司
李荣生
B66C 19/00
Loading...
本实用新型涉及一种门式起重机，包括底盘、设置在所述的底盘上的一对举升装置、连接在一对所述的举升装置顶部之间的横梁、连接在所述的横梁上的吊具以及动力站，所述的底盘包括两台能够独立行走的模块车，两台所述的模块车分别设置在所述的举升装置的底部。本实用新型采用模块车做行走底盘，使其对场地的适应性大大增强，无需预铺轨道。这既大大降低了使用成本，又节省了使用时间；而且由于其多模式转向的特点，使得其运转灵活，作业占据空间小，而且可起吊、顶升和短距转运，且转运的路线不受轨道的限制，可靠性高，操作方便能够满足多种工况的起重作业要求。
24. 203946180 辅助驱动模块车及带有该模块车的运输车辆
CN
19.11.2014
B62D 53/00 Loading...
B62D 53/00
Loading...
201420307779.7
苏州大方特种车股份有限公司
梁勇
B62D 53/00
Loading...
本实用新型涉及一种辅助驱动模块车，包括模块车、与所述的模块车相连接的动力单元，所述的动力单元为所述的模块车提供行走、转向、升降的辅助动力。一种运输车辆，包括液压挂车以及与所述的液压挂车后部相连接的辅助驱动模块车。一种运输车辆，包括牵引车、与所述的牵引车后部相连接的液压挂车以及与所述的液压挂车后部相连接的辅助驱动模块车。本实用新型不仅改善了现有普通液压挂车和自行式液压挂车的传统结构，并能提供辅助动力，提高了车辆的驱动能力；能单独带动车辆运行，提高了车辆的机动性；可操作液压辅助动力单元提供动力；可以和普通的液压挂车相连接，运输超重、超大型货物。
25. 104015819 Auxiliary driving module vehicle and transport vehicle with same
CN
03.09.2014
B62D 53/00 Loading...
B62D 53/00
Loading...
201410256384.3
苏州大方特种车股份有限公司
梁勇
B62D 53/00
Loading...
The invention relates to an auxiliary driving module vehicle. The auxiliary driving module vehicle comprises a module vehicle body and a power unit connected with the module vehicle body. The power unit provides walking, steering and lifting auxiliary power for the module vehicle body. A transport vehicle comprises a hydraulic trailer and the auxiliary driving module vehicle connected with the rear portion of the hydraulic trailer. The transport vehicle comprises a tractor, the hydraulic trailer connected with the rear portion of the tractor and the auxiliary driving module vehicle connected with the rear portion of the hydraulic trailer. According to the auxiliary driving module vehicle and the transport vehicle, the traditional structures of an existing common hydraulic trailer and a self-propelled hydraulic trailer are improved, auxiliary power can be provided, driving capability of the vehicle is improved, the vehicle can be independently driven to run, and the maneuverability of the vehicle is improved; the hydraulic auxiliary power unit can be operated to provide power; the vehicle can be connected with the common hydraulic trailer, and can transport overweight and ultra-large type cargos.
26. 203713966 双层连杆转向机构
CN
16.07.2014
B62D 9/00 Loading...
B62D 9/00
Loading...
201420065471.6
苏州大方特种车股份有限公司
职山杰
B62D 9/00
Loading...
本实用新型涉及一种双层连杆转向机构，该转向机构连接在车架上，包括连接在所述的车架上的多个多层回转支承、连接在每个所述的多层回转支承上的上层转臂和下层转臂以及连接在所述的多层回转支承底部的悬挂，所述的上层转臂上连接有斜行转向油缸，所述的下层转臂上连接有连杆转向油缸，所述的多层回转支承、上层转臂、斜行转向油缸以及悬挂组成驱动车辆斜行转向功能的上层连杆组件，所述的多层回转支承、下层转臂、连杆转向油缸以及悬挂组成驱动车辆八字转向功能的下层连杆组件。本实用新型可以满足大型拼装模块车对灵活的转向模式的需求，又能比复杂的电控式独立转向系统的模块车大幅降低车辆制造成本，具有非常高的社会和经济效益。
27. 203716149 轮胎式静液压桩车
CN
16.07.2014
E02D 7/20 Loading...
E02D 7/20
Loading...
201420044099.0
苏州大方特种车股份有限公司
刘继英
E02D 7/20
Loading...
本实用新型涉及一种轮胎式静液压桩车，其特征在于：包括车架、设置在所述的车架上部用于起吊桩体的随车吊、设置在所述的车架上部的压桩机构、设置在所述的车架上部为整车提供动力和能量的动力站、设置在所述的车架底部的悬挂、车桥、行走和转向机构以及制动系统，所述的车架前部能够拆卸的连接有刚性的鹅颈，所述的鹅颈能够与牵引车相连接。本实用新型极大地节省了压桩区域对位时间，提高了静液压桩车的压桩效率，通过牵引车牵引的转场方式，缩短了转场时间，大大降低了设备转场人工费用、物料损耗、和设备的故障率。降低了对环境的污染程度。
28. 203654193 一种桥梁快速施工结构
CN
18.06.2014
E01D 21/00 Loading...
E01D 21/00
Loading...
201320837616.5
苏州大方特种车股份有限公司
李荣生
E01D 21/00
Loading...
本实用新型涉及一种桥梁快速施工结构，包括多个桥梁单元，所述的桥梁单元包括埋设在地面内的桥桩、固定在所述的桥桩上部的桥柱、固定在所述的桥柱上部的大梁，所述的桥柱的下端部开设有孔/槽，所述的桥柱的上端部设置有墩帽，所述的桥柱的一侧设置有第一连接座/头；所述的桥桩、桥柱连接时，所述的桥柱下端部的孔/槽套接在所述的桥桩的上部，一连接梁连接在宽度方向上相邻两个所述的桥柱的第一连接座/头之间。本实用新型通过预制桥桩、桥柱以及连接梁，并在现场进行联接的安装，其结构简单，安装方便，施工周期短，对现有道路的影响小。
29. 203654194 桥梁快速施工结构
CN
18.06.2014
E01D 21/00 Loading...
E01D 21/00
Loading...
201320838002.9
苏州大方特种车股份有限公司
李荣生
E01D 21/00
Loading...
一种桥梁快速施工结构，包括多个桥梁单元，所述的桥梁单元包括埋设在地面内的桥桩、固定在所述的桥桩上部的桥柱、固定在所述的桥柱上部的盖梁以及固定在所述的盖梁上部的大梁，所述的桥柱的下端部开设有第一孔/槽，所述的盖梁的下部开设有第二孔/槽；所述的桥桩、桥柱以及盖梁连接时，所述的桥柱下端部的第一孔/槽套接在所述的桥桩的上部，所述的盖梁下部的第二孔/槽套接在所述的桥柱的上部。本实用新型通过预制桥桩、桥柱以及盖梁，并在现场进行套接的安装，其结构简单，安装方便，施工周期短，对现有道路的影响小。
30. 103770838 Double-layer connecting rod steering mechanism
CN
07.05.2014
B62D 9/00 Loading...
B62D 9/00
Loading...
201410050986.3
苏州大方特种车股份有限公司
职山杰
B62D 9/00
Loading...
The invention relates to a double-layer connecting rod steering mechanism which is connected onto a frame. The steering mechanism comprises a plurality of multilayer pivoting supports connected with the frame, upper layer rotating arms and lower layer rotating arms connected with all the multilayer pivoting supports, and hangers connected with bottoms of the multilayer pivoting supports, wherein an oblique steering cylinder is connected with the upper layer rotating arms; a connecting rod steering cylinder is connected with the lower layer rotating arms; the multilayer pivoting supports, the upper layer rotating arms, the oblique steering cylinder and the hangers form an upper layer connecting rod component with a function of driving vehicle oblique steering; the multilayer pivoting supports, the lower layer rotating arms, the connecting rod steering cylinder and the hangers form a lower layer connecting rod component with a function of driving vehicle 8-shaped steering. The mechanism can meet the requirement for flexible steering mode of a large-scale spliced module vehicle, greatly reduces the vehicle manufacture cost compared with module vehicle with complex electronically controlled independent steering systems, and has high social and economic benefits.
31. 103774666 Tire type hydrostatic pile vehicle
CN
07.05.2014
E02D 7/20 Loading...
E02D 7/20
Loading...
201410032540.8
苏州大方特种车股份有限公司
刘继英
E02D 7/20
Loading...
The invention relates to a tire type hydrostatic pile vehicle, which is characterized by comprising a vehicle frame, a truck mounted crane, a pile pressing mechanism, a motive power station, a suspension, an axle, a walking and steering mechanism and a braking system, wherein the truck mounted crane is arranged at the upper part of the vehicle frame and is used for hoisting a pile body, the pile pressing mechanism is arranged at the upper part of the vehicle frame, the motive power station is arranged at the upper part of the vehicle frame and provides motive power and energy for the whole machine, the suspension, the axle, the walking and steering mechanism and the braking system are arranged at the bottom of the vehicle frame, the front part of the vehicle frame can be detachably connected with a rigid gooseneck, and the gooseneck can be connected with a towing tractor. The tire type hydrostatic pile vehicle has the advantages that the alignment time of a pile pressing region is greatly reduced, the pile pressing efficiency of the hydrostatic pile vehicle is improved, through adopting a transition mode of being dragged by the towing tractor, the transition time is shortened, the labor cost and the material loss of equipment transition and the failure rate of equipment are greatly reduced, and the environment pollution degree is reduced.
32. 103696370 Quick bridge construction method and structure
CN
02.04.2014
E01D 21/00 Loading...
E01D 21/00
Loading...
201310698429.8
苏州大方特种车股份有限公司
李荣生
E01D 21/00
Loading...
The invention relates to a quick bridge construction method. The quick bridge construction method comprises the steps of prefabricating bridge piles, bridge columns and connecting beams; arranging holes/grooves in the lower-end portions of the bridge columns, manufacturing pier caps at the upper-end portions of the bridge columns, and prefabricating a connecting seat/head on one side of each bridge column; vertically hitting the bridge piles into the ground and vertically hoisting the bridge columns to enable the holes/grooves in the lower-end portions to be in sleeved connection with the upper portions of the bridge piles and fixed; using the connecting beams to enable every two adjacent bridge columns to be connected through the connecting seats/heads; installing girders on the pier caps to be fixed. The bridge piles, the bridge columns and the connecting beams are prefabricated and connection and installation are performed in fields in the method. A bridge is simple in structure, convenient to install and short in construction period and has small influence on existing roads.
33. 103669221 Bridge rapid construction method and structure
CN
26.03.2014
E01D 21/00 Loading...
E01D 21/00
Loading...
201310697918.1
SUZHOU DAFANG SPECIAL VEHICLE CO., LTD.
LI RONGSHENG
E01D 21/00
Loading...
The invention relates to a bridge rapid construction method and structure. The structure comprises prefabricated bridge piers, bridge masts and a bent cap. First holes/grooves are formed in the lower ends of the bridge masts, and second holes/grooves are formed in the lower portion of the bent cap. The bridge piers are vertically driven underground, the bridge masts are vertically lifted, and the first holes/grooves in the lower ends of the bridge masts are connected to the upper portions of the bridge piers in a sleeved mode to be fixed. The bent cap is lifted, so that the second holes/grooves in the lower portion of the bent cap are connected to the upper portions of the bridge masts in a sleeved mode to be fixed. A cross beam is mounted on the upper portion of the bent cap to be fixed. According to the bridge rapid construction method and structure, the prefabricated bridge piers, the bridge masts and the bent cap are mounted on the scene in a sleeved connection mode, the structure is simple, mounting is convenient, the construction period is short, and the influence on an existing road is small.
34. 203496730 模块式矿用运输车
CN
26.03.2014
B60P 1/00 Loading...
B60P 1/00
Loading...
201320520961.6
苏州大方特种车股份有限公司
职山杰
B60P 1/00
Loading...
本实用新型涉及一种模块式矿用运输车，包括车架、连接在车架平台上后部的货厢、连接在车架平台上前部的驾驶室、连接在车架下部的转向系统、连接在转向系统下部的多轴线悬挂、液压系统、制动系统以及动力系统和电控系统，货厢、驾驶室、转向系统、多轴线悬挂、液压系统、制动系统、动力系统以及电控系统为模块，能够拆装的连接在车架上。本实用新型可以满足大型矿用运输车的解体转场运输要求，又能适用不同载重吨位的要求，缩短产品设计周期，多轴线支承能减小车架受力弯矩和车轴对地的压力，车辆宽度也可以比常规车辆窄，降低对道路的技术要求。整车具有更广泛的适应性和经济效益。
35. 203498717 立交路口的结构
CN
26.03.2014
E01C 1/04 Loading...
E01C 1/04
Loading...
201320520988.5
苏州大方特种车股份有限公司
李荣生
E01C 1/04
Loading...
本实用新型涉及一种立交路口的结构，立交路具有沿一个方向延伸的路面道路、沿另一个方向延伸的高架道路，所述的高架道路从所述的路面道路的上方通过，所述的路面道路、高架道路的交叉处形成立交路口，沿所述的路面道路的上方铺设有桥梁结构，所述的桥梁结构从所述的高架道路的下方通过，所述的桥梁结构、高架道路通过下匝道相连接实现互通；所述的高架道路上方设置有上停车平台，所述的高架道路、上停车平台通过上匝道相连接实现互通。本实用新型可以实现人车分层，减少红绿灯限制；立交路口实现商住、办公、购物、休闲、行车、停车一体化解决方案；桥梁建造实现工厂化制造、现场装配工艺，快速、成本低、无污染。
36. 203496736 多点顶升自卸系统以及设置有该系统的自卸车
CN
26.03.2014
B60P 1/16 Loading...
B60P 1/16
Loading...
201320623892.1
苏州大方特种车股份有限公司
高爱华
B60P 1/16
Loading...
本实用新型涉及 一种多点顶升自卸系统，包括底盘支架、连接在所述的底盘支架上的至少一排油缸、连接在所述的油缸上的支撑横梁以及驱动系统，所述的驱动系统驱动所述的油缸伸缩。一种自卸车，包括车体、与所述的车体相铰接的车厢，所述的底盘支架固定连接在所述的车体上，所述的支撑横梁固定连接在所述的车厢上。 本实用新型应 可用于任何自卸车，由于是多点顶升可减小油缸的规格，降低系统压力，同时降低对车体及车厢的刚度要求从而降低制造及采购成本，增加车厢的稳定性，降低整车高度，同时增加使用的安全性；该装置结构简单，易操作，制造及维修成本较低。
37. 203475262 平面交叉路口的结构
CN
12.03.2014
E01C 1/04 Loading...
E01C 1/04
Loading...
201320520902.9
苏州大方特种车股份有限公司
李荣生
E01C 1/04
Loading...
本实用新型涉及 一种 平面交叉路口的结构， 交叉路具有沿一个方向延伸的第一道路、沿另一个方向延伸的第二道路，所述的第一道路、第二道路的交叉处形成路口， 其特征在于：所述的第一道路上设置有第一桥梁结构，所述的第二道路上设置有第二桥梁结构，所述的第一桥梁结构、第二桥梁结构在同一高度平面上相连接，所述的第一桥梁结构、第二桥梁结构上方设置停车平台，所述的停车平台与第一桥梁结构、第二桥梁结构相连接，使第一桥梁结构、第二桥梁结构与停车平台实现上下通车。本实用新型可以实现人车分层，减少红绿灯限制；平面十字路口实现商业购物、休闲、行车、停车一体化解决方案；桥梁建造实现工厂化制造、现场装配工艺，快速、成本低、无污染 。
38. 203411913 节段拼装造桥车结构
CN
29.01.2014
E01D 21/06 Loading...
E01D 21/06
Loading...
201320510250.0
苏州大方特种车股份有限公司
巩立辉
E01D 21/06
Loading...
本实用新型涉及 一种节段拼装造桥车结构，其包括模块车组、设置在所述的模块车组上的分载梁及分载梁活动连接系、设置在所述的分载梁上的立柱及高度调节机构、设置在所述的立柱上的主梁及主梁活动连接系、设置在所述的主梁顶部的节段支撑及定位机构以及液压及电气控制系统，桥梁节段放置在所述的节段支撑及定位机构上实现纵向、横向及竖直方向上的调整安装。本实用新型具有高效、安全、机动、灵活、多能以及经济等特点。
39. 203411914 节段支撑及定位系统结构
CN
29.01.2014
E01D 21/06 Loading...
E01D 21/06
Loading...
201320510350.3
苏州大方特种车股份有限公司
王一奇
E01D 21/06
Loading...
本实用新型涉及 一种节段支撑及定位系统结构，该系统用于将桥梁节段从主梁的上桥点运送至指定位置进行定位安装，包括放置在所述的主梁上、用于临时支承桥梁节段的若干个支撑架、设置在所述的主梁上、用于移动所述的支撑架的定位车以及设置在主梁上、用于驱动所述的定位车沿所述的主梁纵向移动的纵移驱动机构，所述的定位车依次将支承有桥梁节段的所述的支撑架运送至安装准确位置。 本实用新型可以将桥梁节段在主梁上长距离纵移，横向和高度微调，从而实现对桥梁节段的精确对位安装；当桥梁节段不需要移动时，支撑架还可以对桥梁节段进行临时支承。
40. 203391620 独立驱动的可分离式液压驱动桥结构
CN
15.01.2014
B60K 17/14 Loading...
B60K 17/14
Loading...
201320402924.5
苏州大方特种车股份有限公司
刘刚强
B60K 17/14
Loading...
本实用新型涉及一种独立驱动的可分离式液压驱动桥结构，包括动力系统、液压系统、行走系统以及电控系统，所述的行走系统包括轮轴、连接在所述的轮轴上的轮毂、连接在所述的轮毂上的轮辋以及连接在所述的轮辋上的轮胎，其特征在于：所述的液压系统包括液压马达，所述的液压马达直接作用于所述的轮轴，并且所述的液压马达的转速为 0-1000r/min ；扭矩为 0-5000Nm 。本实用新型采用低速大扭矩液压马达，无需外置减速机，外廓尺寸小、重量轻、承载能力大、行走灵活、整体结构合理，便于安装、保养、维修。
41. 103452022 立交路口的修建、改造方法及其结构
CN
18.12.2013
E01C 1/04 Loading...
E01C 1/04
Loading...
201310373677.5
苏州大方特种车股份有限公司
李荣生
E01C 1/04
Loading...
本发明涉及一种立交路口的修建、改造方法及其结构，立交路具有沿一个方向延伸的路面道路、沿另一个方向延伸的高架道路，高架道路从路面道路的上方通过，路面道路、高架道路的交叉处形成立交路口，沿路面道路的上方铺设桥梁结构，桥梁结构从高架道路的下方通过，将桥梁结构、高架道路通过下匝道进行连接实现互通；在高架道路上方设置上停车平台，将高架道路、上停车平台通过上匝道进行连接实现互通。本发明可以实现人车分层，减少红绿灯限制；立交路口实现商住、办公、购物、休闲、行车、停车一体化解决方案；桥梁建造实现工厂化制造、现场装配工艺，快速、成本低、无污染。
42. 103422446 Structure of bridging vehicle for assembling segments
CN
04.12.2013
E01D 21/06 Loading...
E01D 21/06
Loading...
201310365154.6
苏州大方特种车股份有限公司
巩立辉
E01D 21/06
Loading...
The invention relates to a structure of a bridging vehicle for assembling segments. The structure comprises a module vehicle group, load-distributing beams, loading-distributing beam movable connection systems, vertical columns, height adjusting mechanisms, main beams, main-beam movable connection systems, segment supporting and positioning mechanisms and a hydraulic and electric control system, wherein the load-distributing beams and the loading-distributing beam movable connection systems are arranged on the module vehicle group; the vertical columns and the height adjusting mechanisms are arranged on the load-distributing beams; the main beams and the main-beam movable connection systems are arranged on the vertical columns; the segment supporting and positioning mechanisms are arranged at the top parts of the main beams; the segments of a bridge are placed on the segment supporting and positioning mechanisms to realize adjustment and installation in the longitudinal direction, horizontal direction and vertical direction. The structure has the characteristics of high efficiency, safety, maneuverability, flexibility, multiple functions and economy and the like.
43. 203308137 巷道智能停车设备
CN
27.11.2013
E04H 6/06 Loading...
E04H 6/06
Loading...
201320360957.8
苏州大方特种车股份有限公司
李荣生
E04H 6/06
Loading...
本实用新型涉及 一种巷道智能停车设备，包括停车单元，停车单元包括架设在停车场顶部的行走轨道、放置在每个停车位上的载车托盘、移动组件以及控制系统，载车托盘上设置有第一起升吊耳；移动组件包括能够沿行走轨道行走的行走机架、连接在行走机架的提升机构，提升机构上设置有第一起升吊钩，第一起升吊钩能够钩住第一起升吊耳。本实用新型机构简单方便灵活，可单独或组合；降低停车库高度，适用于高度受限的空间，并可对现有停车库进行少量开挖，即可增加 33%-50% 利用率。
44. 103410066 平面交叉路口的修建、改造方法及其结构
CN
27.11.2013
E01C 1/02 Loading...
E01C 1/02
Loading...
201310373973.5
苏州大方特种车股份有限公司
李荣生
E01C 1/02
Loading...
本发明涉及一种平面交叉路口的修建、改造方法及其结构，交叉路具有沿一个方向延伸的第一道路、沿另一个方向延伸的第二道路，第一道路、第二道路的交叉处形成路口，在第一道路上铺设第一桥梁结构，在第二道路上铺设第二桥梁结构，将第一桥梁结构、第二桥梁结构在同一高度平面上进行连接，在第一桥梁结构、第二桥梁结构上方设置停车平台，并将停车平台与第一桥梁结构、第二桥梁结构进行连接，使第一桥梁结构、第二桥梁结构与停车平台实现上下通车。本发明可以实现人车分层，减少红绿灯限制；平面十字路口实现商业购物、休闲、行车、停车一体化解决方案；桥梁建造实现工厂化制造、现场装配工艺，快速、成本低、无污染。
45. 103337196 车位引导和反向寻车方法及其系统
CN
02.10.2013
G08G 1/14 Loading...
G08G 1/14
Loading...
201310248876.3
苏州大方特种车股份有限公司
李荣生
G08G 1/14
Loading...
本发明涉及 一种车位引导和反向寻车方法，车位引导包括：车辆刷卡进入停车场，系统为车辆分配车位或自助选择目的地，系统将在其附近分配空车位；系统进行路径规划，同时系统进行车牌识别，使车牌、卡与车位相关联后进行引导停车； 反向寻车包括：车主刷卡，系统识别卡所关联的车辆所在车位位置，系统进行路径规划后进行引导取车。一种车位引导和反向寻车系统，包括中央控制系统、指示及路径引导系统、车位检测系统、刷卡定位系统以及自助操作系统，各个系统相互连接。 本发明能够快速将来车引导到指定的停车层、停车分区和停车位，实现快速停车；在取车时，即使忘记自己的停车场、停车层、停车分区的情况下，也可以查询其停车的大致位置，实现快速取车。
46. 103321460 巷道智能停车设备及巷道停车场的改造方法
CN
25.09.2013
E04H 6/06 Loading...
E04H 6/06
Loading...
201310250915.3
苏州大方特种车股份有限公司
李荣生
E04H 6/06
Loading...
本发明涉及一种巷道智能停车设备，包括停车单元，停车单元包括架设在停车场顶部的行走轨道、放置在每个停车位上的载车托盘、移动组件以及控制系统，载车托盘上设置有第一起升吊耳；移动组件包括能够沿行走轨道行走的行走机架、连接在行走机架的提升机构，提升机构上设置有第一起升吊钩，第一起升吊钩能够钩住第一起升吊耳。一种巷道停车场的改造方法，停车场包括主干道、支干道以及停车位，在支干道上划分若干个停车位，并在停车场内设置巷道智能停车设备，载车托盘放置在每个停车位上。本发明机构简单方便灵活，可单独或组合；降低停车库高度，适用于高度受限的空间，并可对现有停车库进行少量开挖，即可增加 33%-50% 利用率。
47. 203186191 凹型隧道运输车
CN
11.09.2013
B60P 3/00 Loading...
B60P 3/00
Loading...
201320098693.3
苏州大方特种车股份有限公司
刘继英
B60P 3/00
Loading...
本实用新型涉及 一种凹型隧道运输车，包括车架、设置在车架下部的行车系统、设置在车架上部的动力系统和物件支架、设置在车架端部的驾驶室，物件支架下设置有滑动转移机构，滑动转移机构包括能够拆卸的连接在车架上的油缸座、能够拆卸的连接在物件支架上的油缸杆连接座、连接油缸座、油缸杆连接座的滑移油缸以及设置在物件支架下部的低摩阻材料片，通过滑移油缸的伸缩能够使物件支架能够在水平方向上滑移。 本实用新型采用机电液一体化技术，可靠性高，能够满足隧道内的狭窄空间里的长距离大坡度的运输要求；能够在空间高度受限的情况下，使得可运载的货物最高化；能够在错车空间紧张的情况下，保证车辆的安全高效运行。
48. 203127000 分离式液压鹅颈
CN
14.08.2013
B62D 53/08 Loading...
B62D 53/08
Loading...
201320099061.9
苏州大方特种车股份有限公司
陈永昌
B62D 53/08
Loading...
本实用新型涉及 一种分离式液压鹅颈，包括固定连接在料槽车前部的第一支撑座、一端铰接在所述的第一支撑座上的鹅颈件、连接在所述的鹅颈件上的转盘连接座、固定连接在料槽车上的第二支撑座以及伸缩组件，所述的伸缩组件的一端部连接在所述的鹅颈件上、另一端部连接在所述的第二支撑座上，当所述的伸缩组件伸长时，所述的鹅颈件向下旋转；当所述的伸缩组件收缩时，所述的鹅颈件向上旋转。本实用新型 可用普通牵引车代替进口专用牵引车进行牵引，减少采购成本；普通牵引车在不拉料槽车时可以牵引其它车辆，提高了牵引车的使用率；该装置结构简单，易操作，制造及维修成本较低。
49. 203126501 混合动力工程运输车
CN
14.08.2013
B60K 6/20 Loading...
B60K 6/20
Loading...
201320098635.0
苏州大方特种车股份有限公司
刘继英
B60K 6/20
Loading...
本实用新型涉及 一种混合动力工程运输车，包括传动系统、液压驱动系统、液压转向系统、液压湿式制动系统以及微电控制系统，所述的传动系统包括发动机、与所述的发动机相连的第一离合器、与所述的第一离合器相连的电动发电机、与所述的电动发电机相连泵组、与所述的电动发电机相连的逆变器、与所述的逆变器相连的电池组以及通过所述的泵组驱动的马达和转向油缸。 本实用新型的动力源采用了油、电混合动力，大幅减少空气污染、大幅减少油耗，又能减少废气排放，降低环境污染，降低整体的能源消耗，延长制动系统零件寿命，提高车辆的运行安全。
50. 203126999 料槽车
CN
14.08.2013
B62D 53/04 Loading...
B62D 53/04
Loading...
201320098692.9
苏州大方特种车股份有限公司
高爱华
B62D 53/04
Loading...
本实用新型涉及 一种料槽车，包括料槽、牵引所述的料槽的牵引车、连接所述的料槽与牵引车的鹅颈部件，所述的料槽的底部设置有从动桥、从动桥上连接有从动轮，所述的牵引车通过所述的鹅颈部件牵引所述的料槽。本实用新型可灵活的运输废钢、废渣等；节省装卸等待时间；提高了运输效率，并降低了运输成本。
51. 203126495 框架车发动机后置传动机构
CN
14.08.2013
B60K 5/00 Loading...
B60K 5/00
Loading...
201320098694.8
苏州大方特种车股份有限公司
周细威
B60K 5/00
Loading...
本实用新型涉及一种框架车发动机后置传动机构，包括车架、设置在所述的车架前端下部的驾驶室、设置在所述的车架下部的转向桥和驱动桥、连接在所述的转向桥或驱动桥下部的车轮、变速箱以及发动机，所述的发动机设置在所述的车架的后端下部，所述的发动机通过所述的变速箱驱动所述的驱动桥。本实用新型结构紧凑；爬坡接近角、离去角大；尤其适用与驾驶室下置式框架车。
52. 202913358 造桥车的支承纵移调节机构
CN
01.05.2013
E01D 21/00 Loading...
E01D 21/00
Loading...
201220579074.1
苏州大方特种车股份有限公司
巩立辉
E01D 21/00
Loading...
本实用新型涉及一种造桥车的支承纵移调节机构，所述的支承纵移调节机构包括：支承调节机构和节段纵移调节机构，所述的支承调节机构包括设置在造桥车主梁顶部并且能够沿主梁长度方向移动的小车、设置在所述的小车顶部并且能够沿主梁左右方向移动、高度方向升降的千斤顶；所述的节段纵移调节机构包括闭合的链条系统，所述的链条系统能够驱动所述的小车移动，所述的小车上设置有用于控制所述的链条系统驱动其移动与否的锁止机构，当所述的锁止机构锁定时，所述的链条系统驱动所述的小车移动。本实用新型的支承纵移调节机构能够完成梁块节段的输送，并且能够对梁块节段进行三维调整，其结构简单，输送安全，机动、灵活。
53. 202913359 造桥车的支腿机构
CN
01.05.2013
E01D 21/00 Loading...
E01D 21/00
Loading...
201220579075.6
苏州大方特种车股份有限公司
巩立辉
E01D 21/00
Loading...
本实用新型涉及 一种 造桥车的支腿机构 ，所述的支腿机构包括直连在造桥车主梁底部的支腿本体、连接在所述的支腿本体下部的支承立柱、连接在所述的支承立柱下部的分载梁以及连接在所述的分载梁下部的支承油缸，所述的支承油缸的底部能够支撑在地面上。 本实用新型的支腿机构在造桥车的施工过程中完成对整车的支承，其结构简单，完成支承的转换十分的方便 。
54. 202913361 造桥车的顶升机构
CN
01.05.2013
E01D 21/00 Loading...
E01D 21/00
Loading...
201220580176.5
苏州大方特种车股份有限公司
巩立辉
E01D 21/00
Loading...
本实用新型涉及 一种造桥车的顶升机构，所述的顶升机构包括设置在造桥车分载梁上部的顶升立柱、设置造桥车分载梁上部的升降调节件以及设置在所述的升降调节件上部、套设在所述的顶升立柱外部的顶升辅助框架，所述的顶升立柱包括若干个沿高度方向依次堆叠的箱形节段块，所述的顶升辅助框架能够与每个所述的箱形节段块相固定。 本实用新型通过对箱形节段块的增减完成顶升机构的升降，其结构简单，升降效率高、升降安全、灵活 。
55. 202913360 一种桥面回转吊装装置
CN
01.05.2013
E01D 21/00 Loading...
E01D 21/00
Loading...
201220579176.3
苏州大方特种车股份有限公司
巩立辉
E01D 21/00
Loading...
本实用新型涉及 一种桥面回转吊装装置，其包括设置有走行系的底盘、设置在底盘上部的回转机构、设置在所述的回转机构上部的起吊装置，所述的底盘上设置有液压支承系统，当所述的装置进行起吊时，所述的液压支承系统将所述的底盘支承在桥面上；当所述的装置完成起吊后，所述的走行系对所述的底盘进行运送。 本实用新型的吊装装置通过走行系、液压支承的交替对整个吊装装置进行运送和支承，方便起吊和位置调整，无需拆卸、运输、安装，具有结构简单，起吊安全等优点 。
56. 202913362 造桥车
CN
01.05.2013
E01D 21/00 Loading...
E01D 21/00
Loading...
201220580551.6
苏州大方特种车股份有限公司
李荣生
E01D 21/00
Loading...
本实用新型涉及 一种造桥车，其包括多台模块车、设置在所述的模块车上的分载梁、设置在所述的分载梁上的顶升机构、设置在所述的顶升机构上的主梁、设置在所述的主梁顶部的支承纵移调节机构、设置在所述的主梁底部的支腿机构以及液压及电气控制系统，所述的顶升机构、支腿机构交替对所述的主梁进行支撑。本实用新型的造桥车具有高效、安全、机动、灵活、多能、经济。
57. 102926326 轮胎式导梁架桥机及节段梁安装工艺
CN
13.02.2013
E01D 21/00 Loading...
E01D 21/00
Loading...
201210465695.1
上海市机械施工集团有限公司
陈晓明
E01D 21/00
Loading...
本发明提供一种轮胎式导梁架桥机及节段梁安装工艺，所述轮胎式导梁架桥机包括两组承载滑移装置和至少二个开合桁架，所述两组承载滑移装置间隔一段距离平行设置，所述两组承载滑移装置之间通过所述开合桁架连接，所述两组承载滑移装置之间的距离大于桥墩的直径，所述承载滑移装置用于承载并带动所述节段梁沿水平或竖直方向移动，本发明提供的节段梁安装工艺使用上述轮胎式导梁架桥机来作为节段梁的运输及承载设备，该轮胎式导梁架桥机作为架桥设备将整跨节段梁的荷载均匀传递至既有道路，无须对既有道路进行加固。
58. 102926327 轮胎式导梁架桥机及节段梁隔跨组装整跨纵移安装工艺
CN
13.02.2013
E01D 21/00 Loading...
E01D 21/00
Loading...
201210466436.0
上海市机械施工集团有限公司
黄毅
E01D 21/00
Loading...
本发明提供一种轮胎式导梁架桥机及节段梁隔跨组装整跨纵移安装工艺，所述轮胎式导梁架桥机包括两组承载滑移装置和至少二个开合桁架，所述两组承载滑移装置间隔一段距离平行设置，所述两组承载滑移装置之间通过所述开合桁架连接，所述两组承载滑移装置之间的距离大于桥墩的直径，所述承载滑移装置用于承载并带动所述节段梁沿水平或竖直方向移动，所述开合桁架能够打开以避开桥墩的阻挡，本发明提供的节段梁隔跨组装整跨纵移安装工艺使用上述轮胎式导梁架桥机来作为节段梁的运输及承载设备，该轮胎式导梁架桥机作为架桥设备将整跨节段梁的荷载均匀传递至既有道路，无须对既有道路进行加固。
59. 102912733 一种桥面回转吊装装置
CN
06.02.2013
E01D 21/00 Loading...
E01D 21/00
Loading...
201210437548.3
苏州大方特种车股份有限公司
巩立辉
E01D 21/00
Loading...
本发明涉及 一种桥面回转吊装装置，其包括设置有走行系的底盘、设置在底盘上部的回转机构、设置在所述的回转机构上部的起吊装置，所述的底盘上设置有液压支承系统，当所述的装置进行起吊时，所述的液压支承系统将所述的底盘支承在桥面上；当所述的装置完成起吊后，所述的走行系对所述的底盘进行运送。 本发明的吊装装置通过走行系、液压支承的交替对整个吊装装置进行运送和支承，方便起吊和位置调整，无需拆卸、运输、安装，具有结构简单，起吊安全等优点 。
60. 102912734 造桥车
CN
06.02.2013
E01D 21/00 Loading...
E01D 21/00
Loading...
201210437588.8
苏州大方特种车股份有限公司
李荣生
E01D 21/00
Loading...
本发明涉及 一种造桥车，其包括多台模块车、设置在所述的模块车上的分载梁、设置在所述的分载梁上的顶升机构、设置在所述的顶升机构上的主梁、设置在所述的主梁顶部的支承纵移调节机构、设置在所述的主梁底部的支腿机构以及液压及电气控制系统，所述的顶升机构、支腿机构交替对所述的主梁进行支撑。本发明的造桥车具有高效、安全、机动、灵活、多能、经济。
61. 102912735 造桥车的支腿机构
CN
06.02.2013
E01D 21/00 Loading...
E01D 21/00
Loading...
201210437589.2
苏州大方特种车股份有限公司
巩立辉
E01D 21/00
Loading...
本发明涉及一种造桥车的支腿机构，所述的支腿机构包括直连在造桥车主梁底部的支腿本体、连接在所述的支腿本体下部的支承立柱、连接在所述的支承立柱下部的分载梁以及连接在所述的分载梁下部的支承油缸，所述的支承油缸的底部能够支撑在地面上。本发明的支腿机构在造桥车的施工过程中完成对整车的支承，其结构简单，完成支承的转换十分的方便。
62. 102912737 可升降高支架台车及桥梁隔跨成形整跨纵移安装工艺
CN
06.02.2013
E01D 21/00 Loading...
E01D 21/00
Loading...
201210465701.3
上海市机械施工集团有限公司
吴欣之
E01D 21/00
Loading...
本发明提供一种可升降高支架台车及桥梁隔跨成形整跨纵移安装工艺，所述可升降高支架台车包括载重运输模块、分载梁、液压顶升系统、竖向支撑系统和稳定支撑系统，所述分载梁设置于所述载重运输模块上，所述液压顶升系统设置于所述分载梁上，所述竖向支撑系统设置于所述液压顶升系统上，本发明提供的桥梁隔跨成形整跨纵移安装工艺采用大型起重设备停在桥端依次吊装钢叠合梁分段至相邻桥面，通过移动式胎架完成钢叠合梁的整跨拼装焊接，并在已建桥面上，进行混凝土桥面及其他工序的施工，完成钢叠合梁整跨组装后，使用多部上述可升降高支架台车将整个钢叠合梁段移动至桥面所需装配处，并与相邻桥面拼接组装，进而完成整个钢叠合梁段的组装。
63. 202672805 两层斜放升降横移停车设备
CN
16.01.2013
E04H 6/06 Loading...
E04H 6/06
Loading...
201220222233.2
苏州大方特种车股份有限公司
李荣生
E04H 6/06
Loading...
本实用新型涉及 一种两层斜放升降横移停车设备，该设备包括若干个停车单元，停车单元包括联接在地面上的支承架、能够摆动地联接在支承架上的二层承载板、滑动地设置在二层承载板下部的底层平移小车以及设置在支承架、二层承载板之间的提升机构，二层承载板能够通过提升机构使其绕一端摆动而一端升降，并且当二层承载板的一端下降时，底层平移小车先滑出二层承载板的下部；当二层承载板的一端上升后，底层平移小车滑入二层承载板的下部。 本实用新型结构简单，可将升降与横移单独分开、组合以后可形成有机整体；可有效降低停车库的高度，特别适用于高度受限的空间；避免对现有地下停车声进行再次开挖，用有限的成本就可以大大提高现有车库的利用率。
64. 202669526 轮胎式流动智能泊车机器人的行车机构
CN
16.01.2013
B60L 11/18 Loading...
B60L 11/18
Loading...
201220319116.8
苏州大方特种车股份有限公司
王一奇
B60L 11/18
Loading...
本实用新型涉及一种轮胎式流动智能泊车机器人的行车机构，所述的泊车机器人包括门架式车架、设置在所述的车架下方的行车机构、设置在所述的车架上方的起升机构以及设置在所述的起升机构上、车架内侧的搬运机构，其特征在于：所述的行车机构包括固定在所述的车架下方的悬挂、固定在所述的悬挂上的车轮、固定在所述的车架上的行车电机、转向电机以及动力源电池组，所述的悬挂内部设置有传动装置，所述的行车电机的轴头与所述的传动装置相连接，驱动所述的车轮行走；所述的转向电机与所述的悬挂通过齿轮相传动连接，驱动所述的车轮转向。本实用新型的行车机构能够有效的驱动车轮的行走、转向，结构简单，动力源为无污染的电能，绿色环保。
65. 202672815 轮胎式流动智能泊车机器人
CN
16.01.2013
E04H 6/18 Loading...
E04H 6/18
Loading...
201220319243.8
苏州大方特种车股份有限公司
李荣生
E04H 6/18
Loading...
本实用新型涉及一种轮胎式流动智能泊车机器人，包括车架、行车机构、起升机构以及搬运机构，行车机构悬挂、车轮、行车电机、转向电机以及动力源电池组；起升机构包括能够沿竖直方向升降的升降臂架、举升油缸，举升油缸驱动升降臂架升降；搬运机构包括能够沿水平方向伸缩的横向伸缩臂、用于卡住车辆轮胎的卡爪、横移电机，横移电机驱动横向伸缩臂的伸缩。本实用新型的泊车机器人可以实现双层、多层的立体式停车，大大增加了停车场地的利用率；整个停车过程全部智能远程控制，无需人员现场作业，安全性较高；该机器人机动灵活，而且其动力源为无污染的电能，绿色环保。
66. 202676174 动力平板运输车精确对接控制系统
CN
16.01.2013
G01C 21/34 Loading...
G01C 21/34
Loading...
201220210483.4
苏州大方特种车股份有限公司
宋端坡
G01C 21/34
Loading...
本实用新型涉及一种动力平板运输车精确对接控制系统，其特征在于：包括用于对车辆对中偏差位置的视觉信号采集、对偏差量处理计算的视觉对中处理模块；对处理计算后的车辆路线进行规划的自动导航、驾驶模块；驱动车辆对位偏差调整的操纵控制模块，所述的视觉对中处理模块、自动导航、驾驶模块以及操纵控制模块通过CAN总线连接。本实用新型可以在对原平板车的动力、液压及控制系统进行升级改造，并辅以自主导航、自动驾驶及自动对中等先进手段，实现活动部件与固定部件之间的精确对接。有效的提升自动化水平，缩减转场时间，减少基础设施配套建设。
67. 202672813 轮胎式流动智能泊车机器人的起升机构
CN
16.01.2013
E04H 6/18 Loading...
E04H 6/18
Loading...
201220319084.1
苏州大方特种车股份有限公司
王一奇
E04H 6/18
Loading...
本实用新型涉及一种轮胎式流动智能泊车机器人的起升机构，所述的泊车机器人包括门架式车架、设置在所述的车架下方的行车机构、设置在所述的车架上方的起升机构以及设置在所述的起升机构上、车架内侧的搬运机构，所述的起升机构包括固定在所述的车架上方、能够沿竖直方向升降的升降臂架、固定在所述的升降臂架上、驱动所述的升降臂架升降的举升油缸，所述的升降臂架设置有多节臂架，多节所述的臂架依次嵌套。本实用新型的起升机构的 升降臂架为模块化设计，有不同高度的臂架可选，选用不同高度的臂架，就可以实现双层、多层的立体式停车，大大增加了停车场地的利用率 。
68. 202672814 轮胎式流动智能泊车机器人的搬运机构
CN
16.01.2013
E04H 6/18 Loading...
E04H 6/18
Loading...
201220319118.7
苏州大方特种车股份有限公司
王一奇
E04H 6/18
Loading...
本实用新型涉及一种轮胎式流动智能泊车机器人的搬运机构，所述的泊车机器人包括门架式车架、设置在所述的车架下方的行车机构、设置在所述的车架上方的起升机构以及设置在所述的起升机构上、车架内侧的搬运机构，所述的搬运机构包括固定在所述的升降臂架上、能够沿水平方向伸缩的横向伸缩臂、固定在所述的横向伸缩臂上、用于卡住车辆轮胎的卡爪、固定在所述的横向伸缩臂上、驱动所述的横向伸缩臂的伸缩的横移电机，所述的横向伸缩臂设置有多节臂架，多节所述的横向伸缩臂依次嵌套。本实用新型的搬运机构通过设置多节套设的横向伸缩臂、卡爪完成对车辆的 搬运，并且停车过程中，车辆不会随意移动，结构简单，搬运效果好。
69. 202557390 大型变压器运输专用桥式框架车
CN
28.11.2012
B60P 3/40 Loading...
B60P 3/40
Loading...
201220210651.X
苏州大方特种车股份有限公司
刘元胜
B60P 3/40
Loading...
本实用新型涉及一种大型变压器运输专用桥式框架车，包括两组模块式液压平板车、架设在每组所述的模块式液压平板车上部的分载梁、连接在所述的分载梁上的伸缩端梁、固定连接在所述的伸缩端梁上的拼接承载梁，所述的伸缩端梁通过所述的分载梁将两组所述的模块式平板车联接成一个整体，所述的伸缩端梁能够沿所述的模块式液压平板车的横向伸缩，所述的拼接承载梁具有上平面、下平面，变压器放置在所述的拼接承载梁的上平面或下平面上。本实用新型为框架结构、具有运输高度低、承载吨位可扩展、离地间隙可调整、框架可转动、转弯半径小、框架宽度可调整、变压器支撑位置可变化的优点，特别适合大型变压器的运输。
70. 202463798 低平台挂车的制动系统
CN
03.10.2012
B60T 11/10 Loading...
B60T 11/10
Loading...
201220033942.6
苏州大方特种车股份有限公司
魏振国
B60T 11/10
Loading...
本实用新型涉及一种低平台挂车的制动系统，其包括单腔驻车制动气室、单腔行车制动气室，单腔驻车制动气室连接有气源气路管，单腔行车制动气室连接有控制气路管，气源气路管、控制气路管连接有气源，当气源气路管向单腔驻车制动气室通气时，驻车制动解除；当控制气路管向单腔行车制动气室通气时，行车制动动作，气源气路管、控制气路管至多有一个通气。本实用新型将单腔行车制动气室和单腔驻车制动气室分开使用，节约了制动器安装空间，适用低平台挂车低运输，便于安装操作；使用单腔驻车制动气室相比使用传统双腔制动气室从很程度上节约了制动器安装空间，满足了低平台挂车低运输高度的要求，为大件物品的低平运输提供了保证。
71. 202413801 机车运输夹紧装置
CN
05.09.2012
B61D 3/18 Loading...
B61D 3/18
Loading...
201120559503.4
苏州大方特种车股份有限公司
高爱华
B61D 3/18
Loading...
本实用新型涉及一种机车运输夹紧装置，该夹紧装置连接在运输车上，其包括油缸座、安装在所述的油缸座上的液压油缸、与所述的液压油缸的活塞杆相连接的夹紧板、用于控制所述的液压油缸的液压系统以及控制系统，所述的夹紧板能够通过所述的液压油缸伸出或缩回，所述的夹紧装置成对设置，并且所述的夹紧板的伸、缩方向朝向待夹紧的机车的钢轮方向。本实用新型能够减少操作过程，提高作业效率；操作简单，降低作业难度；提高作业者的人身安全。
72. 202368492 动力平板运输车的动轨装置
CN
08.08.2012
B60R 11/00 Loading...
B60R 11/00
Loading...
201120559505.3
苏州大方特种车股份有限公司
魏振国
B60R 11/00
Loading...
本实用新型涉及一种动力平板运输车的动轨装置，包括车架、动轨前装置、与所述的动轨前装置相传动连接的动轨后装置、与所述的动轨后装置相传动连接的连杆组件以及动力系统，所述的连杆组件包括与所述的动力系统相传动连接的转向臂、与所述的动轨后装置相传动连接的联接臂，所述的转向臂和联接臂通过转轴相传动连接。本实用新型可以满足设备本身动力或外向牵引力经过搭接在动力平板车运输车与地面的装置，把设备运到车上，不仅使车辆可以行驶平稳，保证行车安全，操作安全，简易，提高工作效率；动轨采用多接连接，可以调节车辆的行驶的角度。
73. 202368443 钻机运输车
CN
08.08.2012
B60P 3/00 Loading...
B60P 3/00
Loading...
201120559859.8
苏州大方特种车股份有限公司
周细威
B60P 3/00
Loading...
本实用新型涉及一种钻机运输车，其包括第一平板车组件、第二平板车组件，所述的第一平板车组件包含有至少一台平板车；所述的第二平板车组件也包含有也至少一台平板车，所述的第一平板车组件的首部连接有驾驶室，所述的第二平板车组件的首部也连接有驾驶室，钻机同时连接在所述的第一平板车组件、第二平板车组件的尾部。本实用新型具有可短距离灵活的整体运输钻机；可运输不同型号的钻机；具有多种运输功用；提高了运输效率，并降低了运输成本等优点。
74. 202320383 无轨移车台
CN
11.07.2012
B61J 1/10 Loading...
B61J 1/10
Loading...
201120559865.3
苏州大方特种车股份有限公司
职山杰
B61J 1/10
Loading...
本实用新型涉及一种无轨移车台，包括车架、安装在所述的车架上部的转向系统、动力系统、控制系统以及制动系统，所述的车架上部设置有能够与待移车辆的轨道相连接的动轨装置、能够将放置在所述的车架上的待移车辆进行固定的夹轨装置；所述的车架下部设置有液压悬架、连接在所述的液压悬架上的车桥，所述的车桥两侧连接有车轮。本实用新型不仅能够满足转运轨道车辆的要求，而且能够在一般路面上运行，无需铺设专门的轨道，使其他车辆也能通过移车台的工作区，提高场地利用率和作业效率。
75. 202301594 平板车盘式制动桥
CN
04.07.2012
F16D 55/225 Loading...
F16D 55/225
Loading...
201120425480.8
苏州大方特种车股份有限公司
刘刚强
F16D 55/225
Loading...
本实用新型涉及 一种平板车盘式制动桥，其包括能够转动的轮轴、固定设置在所述的轮轴上的轮辋以及安装在所述的轮辋上的轮胎，所述的轮轴上设置有盘式制动体，所述的盘式制动体包括转动设置在轮轴上的制动盘、设置在所述的制动盘两侧的一对制动摩擦块 、控制所述的制动摩擦块制动的制动控制件；一对所述的制动摩擦块能够与所述的制动盘的两侧摩擦接触。 本实用新型采用盘式制动体替代传统的鼓式制动体，其中，由于制动盘不断旋转，并且暴露在空气中，易于散热和甩干制动盘上的水分，生成的热量很容易散到空气中，能够确保车辆在行驶时的制动稳定性，不会因温度升高或进水导致制动能力下降；盘式制动体还具有体积小、质量小以及维修方便等优点。
76. 202294118 平板车单悬臂悬挂机构
CN
04.07.2012
B60G 3/06 Loading...
B60G 3/06
Loading...
201120425702.6
苏州大方特种车股份有限公司
刘刚强
B60G 3/06
Loading...
本实用新型涉及 一种平板车单悬臂悬挂机构， 其包括与车辆车架相连接的悬挂单元、与悬挂单元相连接的车轮轮胎， 悬挂单元包括：悬挂架、平衡臂以及悬挂油缸， 悬挂架与车辆车架相连接，平衡臂的两端部分别与悬挂架和车轮轮胎相连接； 悬挂油缸包括油缸缸体、与油缸缸体相配合的活塞杆，油缸缸体的端部与悬挂架相连接，活塞杆的端部与平衡臂相连接， 悬挂架上转动连接有悬挂吊板，悬挂吊板上开设有吊孔；平衡臂上连接有吊扣，吊扣能够卡设在吊孔内。 本实用新型具有悬挂外形尺寸小；悬挂升降行程大；体积小重量轻；承载能力大；整体结构合理，便于安装、保养、维修等优点。
77. 102514578 机车运输夹紧装置
CN
27.06.2012
B61D 3/18 Loading...
B61D 3/18
Loading...
201110448455.6
苏州大方特种车股份有限公司
高爱华
B61D 3/18
Loading...
本发明涉及一种机车运输夹紧装置，该夹紧装置连接在运输车上，其包括油缸座、安装在所述的油缸座上的液压油缸、与所述的液压油缸的活塞杆相连接的夹紧板、用于控制所述的液压油缸的液压系统以及控制系统，所述的夹紧板能够通过所述的液压油缸伸出或缩回，所述的夹紧装置成对设置，并且所述的夹紧板的伸、缩方向朝向待夹紧的机车的钢轮方向。本发明能够减少操作过程，提高作业效率；操作简单，降低作业难度；提高作业者的人身安全。
78. 102514530 动力平板运输车的动轨装置
CN
27.06.2012
B60R 11/00 Loading...
B60R 11/00
Loading...
201110448821.8
苏州大方特种车股份有限公司
魏振国
B60R 11/00
Loading...
本发明涉及 一种动力平板运输车的动轨装置，包括车架、动轨前装置、与所述的动轨前装置相传动连接的动轨后装置、与所述的动轨后装置相传动连接的连杆组件以及动力系统，所述的连杆组件包括与所述的动力系统相传动连接的转向臂、与所述的动轨后装置相传动连接的联接臂，所述的转向臂和联接臂通过转轴相传动连接。本发明可以满足设备本身动力或外向牵引力经过搭接在动力平板车运输车与地面的装置，把设备运到车上，不仅使车辆可以行驶平稳，保证行车安全，操作安全，简易，提高工作效率；动轨采用多接连接，可以调节车辆的行驶的角度。
79. 102514519 钻机运输车
CN
27.06.2012
B60P 3/00 Loading...
B60P 3/00
Loading...
201110448720.0
苏州大方特种车股份有限公司
周细威
B60P 3/00
Loading...
本发明涉及一种钻机运输车，其包括第一平板车组件、第二平板车组件，所述的第一平板车组件包含有至少一台平板车；所述的第二平板车组件也包含有也至少一台平板车，所述的第一平板车组件的首部连接有驾驶室，所述的第二平板车组件的首部也连接有驾驶室，钻机同时连接在所述的第一平板车组件、第二平板车组件的尾部。本发明具有可短距离灵活的整体运输钻机；可运输不同型号的钻机；具有多种运输功用；提高了运输效率，并降低了运输成本等优点。
80. 102501733 大行程车辆用液压悬挂装置
CN
20.06.2012
B60G 3/02 Loading...
B60G 3/02
Loading...
201110339340.3
苏州大方特种车股份有限公司
刘刚强
B60G 3/02
Loading...
本发明涉及 一种大行程车辆用液压悬挂装置，其包括与车辆车架相连接的悬挂单元、与所述的悬挂单元相连接的车桥，所述的悬挂单元包括：悬挂架、平衡臂以及球铰支撑油缸，所述的悬挂架与所述的车辆车架相转动连接，所述的平衡臂的两端部分别与所述的悬挂架和车桥相转动连接，所述的球铰支撑油缸包括油缸缸体、与所述的油缸缸体相配合的活塞杆以及连接在所述的活塞杆端部的内球头，所述的油缸缸体的端部与所述的悬挂架相连接，所述的内球头与所述的平衡臂相连接。本发明具有悬挂外形尺寸小；悬挂升降行程大；体积小重量轻；承载能力大；整体结构合理，便于安装、保养、维修等优点。
81. 202271794 大行程车辆用液压悬挂装置
CN
13.06.2012
B60G 3/02 Loading...
B60G 3/02
Loading...
201120425736.5
苏州大方特种车股份有限公司
刘刚强
B60G 3/02
Loading...
本实用新型涉及 一种大行程车辆用液压悬挂装置，其包括与车辆车架相连接的悬挂单元、与所述的悬挂单元相连接的车桥，所述的悬挂单元包括：悬挂架、平衡臂以及球铰支撑油缸，所述的悬挂架与所述的车辆车架相转动连接，所述的平衡臂的两端部分别与所述的悬挂架和车桥相转动连接，所述的球铰支撑油缸包括油缸缸体、与所述的油缸缸体相配合的活塞杆以及连接在所述的活塞杆端部的内球头，所述的油缸缸体的端部与所述的悬挂架相连接，所述的内球头与所述的平衡臂相连接。本实用新型具有悬挂外形尺寸小；悬挂升降行程大；体积小重量轻；承载能力大；整体结构合理，便于安装、保养、维修等优点。
82. 102416833 平板车单悬臂悬挂机构
CN
18.04.2012
B60G 3/06 Loading...
B60G 3/06
Loading...
201110338925.3
苏州大方特种车股份有限公司
刘刚强
B60G 3/06
Loading...
本发明涉及 一种平板车单悬臂悬挂机构， 其包括与车辆车架相连接的悬挂单元、与悬挂单元相连接的车轮轮胎， 悬挂单元包括：悬挂架、平衡臂以及悬挂油缸， 悬挂架与车辆车架相连接，平衡臂的两端部分别与悬挂架和车轮轮胎相连接； 悬挂油缸包括油缸缸体、与油缸缸体相配合的活塞杆，油缸缸体的端部与悬挂架相连接，活塞杆的端部与平衡臂相连接， 悬挂架上转动连接有悬挂吊板，悬挂吊板上开设有吊孔；平衡臂上连接有吊扣，吊扣能够卡设在吊孔内。 本发明具有悬挂外形尺寸小；悬挂升降行程大；体积小重量轻；承载能力大；整体结构合理，便于安装、保养、维修等优点。
83. 102381300 模块运输车的液压制动装置
CN
21.03.2012
B60T 11/10 Loading...
B60T 11/10
Loading...
201010265689.2
苏州大方特种车股份有限公司
陈永昌
B60T 11/10
Loading...
本发明涉及一种模块运输车的液压制动装置，包括内部带有制动盘的车轮制动器、脚踏板、液压油缸，液压油缸包括液压进油口、液压出油口、带有活塞杆的活塞，液压进油口设有单向阀，脚踏板与单向阀相传动连接，活塞杆与车轮制动盘之间设置有连杆机构，活塞杆与制动盘通过此连杆机构相传动连接，当踏下脚踏板时，单向阀打开，液压油通过液压进油口进入液压油缸的内部，活塞杆在液压油的推动下移动，活塞杆通过连杆机构对制动盘作用，实现制动刹车。该液压制动装置能产生更大的动力，也就是说，在同等功率下，液压装置的体积小、重量轻，机构紧凑，即它具有大的工作压力。
84. 102381192 液压驱动马达的平板车驱动桥
CN
21.03.2012
B60K 17/16 Loading...
B60K 17/16
Loading...
201010265686.9
苏州大方特种车股份有限公司
陈永昌
B60K 17/16
Loading...
本发明涉及一种液压驱动马达的平板车驱动桥，包括驱动桥本体、与所述的驱动桥本体相外联的液压马达，所述的驱动桥本体包括差速器、与所述的差速器相传动连接的半轴体、与所述的半轴体相传动连接的减速机，所述的差速器与液压马达相传动连接，所述的减速机与平板车的轮辋相传动连接，所述的半轴体外部设置有轮轴，所述的轮轴将所述的差速器和减速机连接为一体。本发明通过将差速器、轮轴以及减速机一体设置，使整个驱动桥本体方便生产、安装和维修保养。
85. 102384188 平板车盘式制动桥
CN
21.03.2012
F16D 55/225 Loading...
F16D 55/225
Loading...
201110339339.0
苏州大方特种车股份有限公司
刘刚强
F16D 55/225
Loading...
本发明涉及 一种平板车盘式制动桥，其包括能够转动的轮轴、固定设置在所述的轮轴上的轮辋以及安装在所述的轮辋上的轮胎，所述的轮轴上设置有盘式制动体，所述的盘式制动体包括转动设置在轮轴上的制动盘、设置在所述的制动盘两侧的一对制动摩擦块 、控制所述的制动摩擦块制动的制动控制件；一对所述的制动摩擦块能够与所述的制动盘的两侧摩擦接触。 本发明采用盘式制动体替代传统的鼓式制动体，其中，由于制动盘不断旋转，并且暴露在空气中，易于散热和甩干制动盘上的水分，生成的热量很容易散到空气中，能够确保车辆在行驶时的制动稳定性，不会因温度升高或进水导致制动能力下降；盘式制动体还具有体积小、质量小以及维修方便等优点。
86. 102381149 一种模块式液压平板车的悬挂装置
CN
21.03.2012
B60G 7/02 Loading...
B60G 7/02
Loading...
201010265690.5
苏州大方特种车股份有限公司
陈永昌
B60G 7/02
Loading...
本发明涉及一种模块式液压平板车的悬挂装置，其包括与平板车车架相连接的悬挂单元、与所述的悬挂单元相连接的车桥，所述的悬挂单元包括：悬臂、平衡臂以及油箱，所述的悬臂与车架相直接连接，所述的平衡臂通过连接件分别与所述的悬臂和车桥相连接，所述的悬挂单元设置有两个，两个所述的悬挂单元同时与一个所述的车桥相连接。本发明能为车辆提供所需要的足够大的支撑力，同时保留了车辆整升、整降的功能，保证每轴线所受压力均匀的同时，有效的降低悬挂系统的制造成本和减少装配的工作量。
87. 202152068 多轴载重车辆分散动力转向系统
CN
29.02.2012
B62D 7/16 Loading...
B62D 7/16
Loading...
201120251984.2
苏州大方特种车股份有限公司
刘刚
B62D 7/16
Loading...
本实用新型涉及 一种多轴载重车辆分散动力转向系统，该转向系统包括转向机构和动力机构，转向机构包括安装在车架底部沿直线设置的左、右两排转向轮轴、连接在转向轮轴上的第一转向臂，相邻两个第一转向臂通过转向拉杆相连接；左、右两排转向轮轴中分别有至少两个转向轮轴通过第二转向臂连接有转向油缸，左、右两排中对称设置的至少两个转向油缸、至少两个转向拉杆所连接的转向轮轴组成一个转向单元。本实用新型具有动力分散；转向油缸输出的作用力更加合理；减小了车辆宽度和车辆自重，提高了车辆的承载能力；减少轮胎的偏差和磨损，提高轮胎使用寿命，节省成本；提高了车辆的转向机动性，准确性等优点。
88. 202144265 一种多模式转向机构
CN
15.02.2012
B62D 3/04 Loading...
B62D 3/04
Loading...
201120252146.7
苏州大方特种车股份有限公司
刘刚
B62D 3/04
Loading...
本实用新型涉及 一种多模式转向机构，包括安装在车架支承部底面的蜗轮蜗杆组件、安装在车架或蜗轮蜗杆组件上的减速机、安装在车架或减速机上的马达，蜗轮蜗杆组件的输入轴与减速机的输出轴相连接，减速机的输入轴与马达的输出轴相连接，蜗轮蜗杆组件上设置有转向传感器装置，其包括挡杆、拨杆以及传感器，挡杆的一端部固定在车架支承部的底面上，另一端部向传感器一侧延伸，拨杆的下部固定在传感器的输出轴上，并且传感器的输出轴能够沿其自身的轴心线进行旋转，拨杆的上部能够与挡杆的另一端部的长度方向滑动接触。本实用新型转向精度高、转向灵活、检修方便；转向机构采用蜗轮蜗杆结构，转角大，特别适用于需要多模式转向的车辆。
89. 102343933 一种多模式转向机构
CN
08.02.2012
B62D 3/04 Loading...
B62D 3/04
Loading...
201110199965.4
苏州大方特种车股份有限公司
刘刚
B62D 3/04
Loading...
本发明涉及 一种多模式转向机构，包括安装在车架支承部底面的蜗轮蜗杆组件、安装在车架或蜗轮蜗杆组件上的减速机、安装在车架或减速机上的马达，蜗轮蜗杆组件的输入轴与减速机的输出轴相连接，减速机的输入轴与马达的输出轴相连接，蜗轮蜗杆组件上设置有转向传感器装置，其包括挡杆、拨杆以及传感器，挡杆的一端部固定在车架支承部的底面上，另一端部向传感器一侧延伸，拨杆的下部固定在传感器的输出轴上，并且传感器的输出轴能够沿其自身的轴心线进行旋转，拨杆的上部能够与挡杆的另一端部的长度方向滑动接触。本发明转向精度高、转向灵活、检修方便；转向机构采用蜗轮蜗杆结构，转角大，特别适用于需要多模式转向的车辆。
90. 102328686 多轴载重车辆分散动力转向系统
CN
25.01.2012
B62D 5/06 Loading...
B62D 5/06
Loading...
201110199844.X
苏州大方特种车股份有限公司
刘刚
B62D 5/06
Loading...
本发明涉及 一种多轴载重车辆分散动力转向系统，该转向系统包括转向机构和动力机构，转向机构包括安装在车架底部沿直线设置的左、右两排转向轮轴、连接在转向轮轴上的第一转向臂，相邻两个第一转向臂通过转向拉杆相连接；左、右两排转向轮轴中分别有至少两个转向轮轴通过第二转向臂连接有转向油缸，左、右两排中对称设置的至少两个转向油缸、至少两个转向拉杆所连接的转向轮轴组成一个转向单元。本发明具有动力分散；转向油缸输出的作用力更加合理；减小了车辆宽度和车辆自重，提高了车辆的承载能力；减少轮胎的偏差和磨损，提高轮胎使用寿命，节省成本；提高了车辆的转向机动性，准确性等优点。
91. 102310803 风塔运输车支撑机构
CN
11.01.2012
B60P 7/135 Loading...
B60P 7/135
Loading...
201110163293.1
苏州大方特种车股份有限公司
高爱华
B60P 7/135
Loading...
本发明涉及一种风塔运输车支撑机构，该支撑机构设置在运输车上，支撑机构包括连接在运输车上的第一油缸座、转动连接在第一油缸座上的第一油缸、连接在第一油缸上的第一摇臂以及连接在第一摇臂上端部的第一支撑轮，支撑机构还包括连接在运输车上的第二油缸座、转动连接在第二油缸座上的第二油缸、连接在第二油缸上的第二摇臂以及连接在第二摇臂上端部的第二支撑轮，第一摇臂和第二摇臂的下端部转动连接在同一个摇臂座上，风塔放置在第一支撑轮和第二支撑轮之间。本发明使用液压油缸安装在运输车上，同时用平衡块固定支撑轮等方式，使风塔在装车及卸车过程中减少工序，增加运输效率，在运输过程中对风塔本体及表面涂层有效保护。
92. 202098342 风塔运输车支撑机构
CN
04.01.2012
B60P 7/15 Loading...
B60P 7/15
Loading...
201120204863.2
苏州大方特种车股份有限公司
高爱华
B60P 7/15
Loading...
本实用新型涉及一种风塔运输车支撑机构，该支撑机构设置在运输车上，支撑机构包括连接在运输车上的第一油缸座、转动连接在第一油缸座上的第一油缸、连接在第一油缸上的第一摇臂以及连接在第一摇臂上端部的第一支撑轮，支撑机构还包括连接在运输车上的第二油缸座、转动连接在第二油缸座上的第二油缸、连接在第二油缸上的第二摇臂以及连接在第二摇臂上端部的第二支撑轮，第一摇臂和第二摇臂的下端部转动连接在同一个摇臂座上，风塔放置在第一支撑轮和第二支撑轮之间。本实用新型使用液压油缸安装在运输车上，同时用平衡块固定支撑轮等方式，使风塔在装车及卸车过程中减少工序，增加运输效率，在运输过程中对风塔本体及表面涂层有效保护。
93. 201784462 液压驱动马达的平板车驱动桥
CN
06.04.2011
B60K 17/16 Loading...
B60K 17/16
Loading...
201020508755.X
苏州大方特种车股份有限公司
陈永昌
B60K 17/16
Loading...
本实用新型涉及一种液压驱动马达的平板车驱动桥，包括驱动桥本体、与所述的驱动桥本体相外联的液压马达，所述的驱动桥本体包括差速器、与所述的差速器相传动连接的半轴体、与所述的半轴体相传动连接的减速机，所述的差速器与液压马达相传动连接，所述的减速机与平板车的轮辋相传动连接，所述的半轴体外部设置有轮轴，所述的轮轴将所述的差速器和减速机连接为一体。本实用新型通过将差速器、轮轴以及减速机一体设置，使整个驱动桥本体方便生产、安装和维修保养。
94. 201784427 一种模块式液压平板车的悬挂装置
CN
06.04.2011
B60G 21/04 Loading...
B60G 21/04
Loading...
201020508786.5
苏州大方特种车股份有限公司
陈永昌
B60G 21/04
Loading...
本实用新型涉及一种模块式液压平板车的悬挂装置，其包括与平板车车架相连接的悬挂单元、与所述的悬挂单元相连接的车桥，所述的悬挂单元包括：悬臂、平衡臂以及油箱，所述的悬臂与车架相直接连接，所述的平衡臂通过连接件分别与所述的悬臂和车桥相连接，所述的悬挂单元设置有两个，两个所述的悬挂单元同时与一个所述的车桥相连接。本实用新型能为车辆提供所需要的足够大的支撑力，同时保留了车辆整升、整降的功能，保证每轴线所受压力均匀的同时，有效的降低悬挂系统的制造成本和减少装配的工作量。
95. 201769810 模块运输车的液压制动装置
CN
23.03.2011
B60T 11/10 Loading...
B60T 11/10
Loading...
201020508775.7
苏州大方特种车股份有限公司
陈永昌
B60T 11/10
Loading...
本实用新型涉及一种模块运输车的液压制动装置，包括内部带有制动盘的车轮制动器、脚踏板、液压油缸，液压油缸包括液压进油口、液压出油口、带有活塞杆的活塞，液压进油口设有单向阀，脚踏板与单向阀相传动连接，活塞杆与车轮制动盘之间设置有连杆机构，活塞杆与制动盘通过此连杆机构相传动连接，当踏下脚踏板时，单向阀打开，液压油通过液压进油口进入液压油缸的内部，活塞杆在液压油的推动下移动，活塞杆通过连杆机构对制动盘作用，实现制动刹车。该液压制动装置能产生更大的动力，也就是说，在同等功率下，液压装置的体积小、重量轻，机构紧凑，即它具有大的工作压力。
96. 201749325 伺服阀控制模块
CN
16.02.2011
G05B 19/04 Loading...
G05B 19/04
Loading...
201020176702.2
苏州大方特种车股份有限公司
李春涛
G05B 19/04
Loading...
本实用新型涉及一种伺服阀控制模块，包括主CPU控制单元、由第一信号调理单元和A/D采集单元构成的信号输入部分、由D/A转换单元和第二信号调理单元构成的信号输出部分；从外部执行机构处采集的电压或电流信号经所述的第一信号调理单元、A/D采集单元传递给所述的主CPU控制单元，电压信号或电流信号经所述的主CPU控制单元处理后，经D/A转换单元和第二信号调理单元传输给伺服机构；所述的主CPU控制单元上还设置有用于与外部交互信号的CAN总线接口。本实用新型的伺服阀控制模块使用方便、控制精确。
97. 101956369 Guide beam type bridge erector
CN
26.01.2011
E01D 21/00 Loading...
E01D 21/00
Loading...
200910115756.X
Suzhou Dafang Special Vehicle Co., Ltd.
Xiong Chunkui
E01D 21/00
Loading...
The invention relates to a lower guide beam type bridge erector comprising a main beam and a lower guide beam, wherein the main beam is provided with a main beam front landing leg and a main beam rear landing leg; the lower bottom surface of the lower guide beam is respectively provided with a lower guide beam front landing leg, a movable landing leg and a lower guide beam contraposition landing leg from front to back, wherein the movable landing leg can not only support the lower guide beam, but also support the main beam; the lower guide beam contraposition landing leg can not only be fixedly connected with the rear end part of the lower guide beam, but also be fixedly connected with the main beam rear landing leg; when the lower guide beam contraposition landing leg is connected with the lower guide beam, the lower guide beam contraposition landing leg can be used as a rear pivot of the lower guide beam supporting on a bridge surface and also be used as a power mechanism under the condition that the lower guide beam moves forwards; and when the lower guide beam contraposition landing leg is fixedly connected with the main beam rear landing leg, the lower guide beam contraposition landing leg can be used as the rear pivot of the main beam supporting on the bridge surface. The invention ensures that the lower guide beam contraposition landing leg can not only be used for supporting and carrying the lower guide beam, but also be used for carrying the main beam through the design; and in addition, the invention has the advantages of very convenient operation and labor saving.
98. 101956370 Guide beam type bridge-erecting machine capable of performing variable-span erection
CN
26.01.2011
E01D 21/00 Loading...
E01D 21/00
Loading...
200910115758.9
Suzhou Dafang Special Vehicle Co., Ltd.
Xiong Chunkui
E01D 21/00
Loading...
The invention relates to a guide beam type bridge-erecting machine. The guide beam type bridge-erecting machine comprises a girder and a lower guide beam, wherein a girder front supporting leg and a girder rear supporting leg are arranged at the front end and the rear end of the girder respectively; a lower guide beam front supporting leg, a moveable supporting leg and a lower guide beam para-position supporting leg are arranged on the lower bottom surface of the lower guide beam from front to back; the moveable supporting leg has an up-and-down telescopic structure; the moveable supporting leg can support the lower guide beam and can also support the girder; a crown block beam is arranged on the girder; a crane crown block is arranged on the crown block beam; a longitudinally-moveable oil cylinder is arranged on the girder; a piston rod of the longitudinally-moveable oil cylinder is connected with the crown block beam; the crown block beam can move along the girder back and forth under the action of the longitudinally-moveable oil cylinder; the lower guide beam is provided with a second guide rail by which the moveable supporting leg can move along the lower guide beam back and forth; and when the bridge-erecting machine performs variable-span erection by changing a span, the crown block beam moves along the girder back and forth and the moveable supporting leg moves along the second guide rail on the lower guide beam back and forth. The variable-span erection of the bridge-erecting machine can be realized by the position change of the moveable supporting leg of the lower guide beam and the crane crown block of the bridge-erecting machine easily.
99. 101956371 Guide beam type bridge-ejecting machine for double-way operation
CN
26.01.2011
E01D 21/00 Loading...
E01D 21/00
Loading...
200910115759.3
Suzhou Dafang Special Vehicle Co., Ltd.
Xiong Chunkui
E01D 21/00
Loading...
The invention relates to a guide beam type bridge-ejecting machine comprising a main beam and a lower guide beam. A main beam front outrigger and a main beam rear outrigger are arranged on front and rear end parts of the main beam; a lower guide beam front outrigger, a movable outrigger and a lower guide beam counterpoint outrigger are respectively arranged on the lower bottom side of the lower guide beam from front to back; the movable outrigger can support both the lower guide beam and the main beam; both the main beam front outrigger and the main beam rear outrigger are detachably arranged on the main beam; the main beam front outrigger can be further mounted on the rear end part of the main beam; and the main beam rear outrigger can be further mounted on the front end part of the main beam. In the invention, by arranging the mian beam front and rear outriggers into a changeable structure, the reverse-direction operation of the whole bridge-ejecting machine is realized by exchanging the positions of the main beam front and rear outriggers, and is safe and convenient as a movable outrigger is used as a support point of the main beam when the positions are exchanged.
100. 201670287 多单元车并车系统
CN
15.12.2010
B62D 53/00 Loading...
B62D 53/00
Loading...
201020176704.1
苏州大方特种车股份有限公司
陈永昌
B62D 53/00
Loading...
本实用新型涉及一种多单元车并车系统，该系统包括有至少一台单元车以及总控制单元，所述的单元车包括车架、设置在所述的车架下方的行走单元、与所述的行走单元相连接的升降单元和转向单元、驱动所述的单元车的动力单元、以及控制所述的动力单元的控制单元，所述的总控制单元与多个所述的单元车的控制单元相电连接。本实用新型的系统组合方便，可以根据所运输货物的不同吨位及尺寸选择不同的单元车及单元车数量；此外，操作灵活，只需一人操纵总控制单元就可控制系统内的全部单元车。
101. 201633601 三级升降式跨运车滑靴
CN
17.11.2010
B60P 3/00 Loading...
B60P 3/00
Loading...
201020155582.8
苏州大方特种车股份有限公司
吕华忠
B60P 3/00
Loading...
本实用新型涉及一种三级升降式跨运车滑靴，其包括车架、设置在车架上的两对立柱、滑动连接在每对立柱上的滑靴臂、设置在滑靴臂上的吊具以及驱动单元，立柱包括固定在车架上的一级立柱、滑动嵌套于一级立柱内的二级立柱、滑动嵌套于二级立柱内的三级立柱，滑靴臂通过滑靴与立柱相连接，滑靴包括卡套在一级立柱上的一级滑靴、卡套在二级立柱上的二级滑靴、卡套在三级立柱上的三级滑靴，滑靴臂与一级滑靴固定连接。本实用新型通过采用升降式立柱，让吊具可搬运堆叠更高的货物，使货物的空间利用率增大；同时在运输过程中降低立柱高度，可保证车体重心的稳定。
102. 201634340 侧面吊
CN
17.11.2010
B66C 23/36 Loading...
B66C 23/36
Loading...
201020155576.2
苏州大方特种车股份有限公司
吕华忠
B66C 23/36
Loading...
本实用新型涉及一种侧面吊，包括：车体、铰接在所述的车体上方一侧的至少一根伸缩臂、铰接在所述的伸缩臂上前端的吊具、以及驱动单元，每根所述的伸缩臂连接有变幅油缸，所述的变幅油缸的缸体固定在所述的车体上，所述的变幅油缸的活塞杆铰接在所述的伸缩臂上，所述的伸缩臂通过所述的变幅油缸的活塞杆的伸缩向所述的吊具所在的一侧转动。本实用新型结构紧凑，可靠性高，自动化操作，运输速度快，作业效率高；在进行作业时：车身与集装箱堆放位置平行，所占用的通道仅为正面吊车的1/3，在中、小型港口码头、集装箱转运站、铁路货站的场地利用率特别高。
103. 201634379 两级伸缩式跨运车
CN
17.11.2010
B66F 9/06 Loading...
B66F 9/06
Loading...
201020155601.7
苏州大方特种车股份有限公司
吕华忠
B66F 9/06
Loading...
本实用新型涉及一种两级伸缩式跨运车，包括车架、固定设置在车架左右两侧上的两对立柱、用于搬运货物的吊具以及起升液压缸，每根立柱包括：固定设置在车架上的一级立柱、滑动嵌套在一级立柱内的二级立柱，位于同一侧的一对一级立柱通过第一横梁相连接，位于同一侧的一对二级立柱通过第二横梁相连接，起升液压缸的缸套与一级立柱或第一横梁相固定，起升液压缸的活塞杆与二级立柱或第二横梁相固定，二级立柱上设置有卷扬装置，卷扬装置上的绳索一端部与吊具相连接。本实用新型采用两级伸缩式立柱，可完成堆四过五的作业；同时伸缩式立柱与吊具的升降可单独进行，操作更加方便灵活，大大提高了整机的稳定性。
104. 201634377 穿梭车
CN
17.11.2010
B66F 9/06 Loading...
B66F 9/06
Loading...
201020155569.2
苏州大方特种车股份有限公司
吕华忠
B66F 9/06
Loading...
本实用新型涉及一种穿梭车，包括左、右对称设置的车架、固定在每个所述的车架上方的两根立柱、安装在所述的立柱上方的车顶、用于搬运货物的吊具、用于安装所述的吊具的滑臂以及驱动机构，每根所述的立柱内侧面设置有导轨，所述的滑臂两端分别固定安装有滑靴，所述的滑靴可上、下滑动的设置在所述的立柱的导轨上。本实用新型的设备操作灵活，运输速度快，作业效率高。
105. 201634378 三级升降式跨运车
CN
17.11.2010
B66F 9/06 Loading...
B66F 9/06
Loading...
201020155592.1
苏州大方特种车股份有限公司
吕华忠
B66F 9/06
Loading...
本实用新型涉及一种三级升降式跨运车，包括车架、立柱、吊具、滑靴臂、起升液压缸，滑靴臂通过滑靴设置在立柱上，立柱包括：一级立柱、二级立柱、三级立柱，同一侧的一对一、二级立柱通过第一、第二横梁相连接，第二横梁上设置有第一动滑轮，第一动滑轮上缠绕有第一钢丝绳，其一端部固定在第一横梁上，另一端部固定在三级立柱的内底部，三级立柱上设置有第二动滑轮，第二动滑轮上缠绕有第二钢丝绳，其一端部固定在一级立柱上，另一端部固定在滑靴臂上，起升液压缸的缸套与第一横梁相固定连接，起升液压缸的活塞杆与第二横梁相固定。本实用新型通过立柱的三级升降解决跨运车的堆高与稳定性问题，实现了立柱与吊具的升降联动。
106. 201485791 导梁式架桥机
CN
26.05.2010
E01D 21/00 Loading...
E01D 21/00
Loading...
200920185947.9
苏州大方特种车股份有限公司
熊春奎
E01D 21/00
Loading...
本实用新型涉及一种下导梁式架桥机，包括主梁和下导梁，主梁上设有主梁前、后支腿，下导梁的下底面上从前向后分别设有下导梁前支腿、活动支腿、下导梁对位支腿，活动支腿既可支撑下导梁，也可支撑主梁，下导梁对位支腿既可与下导梁的后端部固定连接，也可与主梁后支腿固定连接，当下导梁对位支腿与下导梁相连接时，下导梁对位支腿可作为下导梁支承于桥面上的后支点，并且在下导梁向前移动的情况下，下导梁对位支腿还可作为动力机构；当下导梁对位支腿与主梁后支腿固定连接时，下导梁对位支腿可作为主梁支承于桥面上的后支点。通过上述的设计，使得下导梁对位支腿既可用于支撑、搬运下导梁，也可用于搬运主梁，操作非常方便、省力。
107. 201473890 可双向作业的导梁式架桥机
CN
19.05.2010
E01D 21/00 Loading...
E01D 21/00
Loading...
200920185943.0
苏州大方特种车股份有限公司
熊春奎
E01D 21/00
Loading...
本实用新型涉及一种导梁式架桥机，包括主梁和下导梁，主梁前、后端部设有主梁前支腿、主梁后支腿，下导梁的下底面上从前向后分别设有下导梁前支腿、活动支腿、下导梁对位支腿，活动支腿为可上下伸缩的结构，活动支腿既可支撑下导梁，也可支撑主梁，所述的主梁前支腿和主梁后支腿均可拆卸地设置在所述的主梁上，并且所述的主梁前支腿还可安装在所述的主梁的后端部处，所述的主梁后支腿还可安装在所述的主梁的前端部处。通过将主梁的前、后支腿设置成可更换安装的结构，这样当整个架桥机需要反方向作业时，只要将主梁前、后支腿互换位置即可实现，而且互换位置时，有活动支腿作为主梁的一个支撑点，既安全又方便。
108. 201473891 可变跨架设的导梁式架桥机
CN
19.05.2010
E01D 21/00 Loading...
E01D 21/00
Loading...
200920185954.9
苏州大方特种车股份有限公司
熊春奎
E01D 21/00
Loading...
本实用新型涉及一种下导梁式架桥机，包括主梁和下导梁，主梁前、后端部设有主梁前支腿、主梁后支腿，下导梁的下底面上从前向后分别设有下导梁前支腿、活动支腿、下导梁对位支腿，活动支腿为可上下伸缩的结构，活动支腿既可支撑下导梁，也可支撑主梁，主梁上设置有天车梁，天车梁上安装有起重天车，主梁上还设置有纵移油缸，纵移油缸的活塞杆与天车梁连接，天车梁在纵移油缸的作用下沿主梁前后移动，下导梁上设置有供活动支腿沿下导梁前后移动的第二导轨，当架桥机改变跨度架设时，天车梁沿着主主梁前后移动，活动支腿沿着下导梁上的第二导轨前后移动。该架桥机在变跨架设时，通过下导梁活动支腿及架桥机起重天车的位置变化实现，容易实现和操作。
109. 201420239 液压锁定机构
CN
10.03.2010
E01D 21/00 Loading...
E01D 21/00
Loading...
200920141929.0
苏州大方特种车辆有限公司
熊春奎
E01D 21/00
Loading...
一种液压锁定机构，该液压锁定机构用于架桥机的活动支腿，架桥机的活动支腿包括一对伸缩柱，各个伸缩柱由多节伸缩柱单元组成，各伸缩柱单元依次套接，液压锁定机构用于对各伸缩柱单元进行锁定，锁定机构包括横向开设在伸缩柱单元上的插孔、与插孔相配合的插销轴，插孔均位于相邻两个伸缩柱单元相交接的部位，插销轴配备有液压缸，插销轴的一端部与液压缸的活塞杆相连接，插销轴在液压缸的驱动下插入插孔或从插孔中退出。本实用新型具有下列优点：架桥机活动支腿支撑主梁时，插入插销轴增加了各伸缩柱单元的承重能力，使架桥机活动支腿能够平稳的支撑起主梁，增加了架桥时的安全性能，采用插销轴进行紧固使用方便，增加施工的便捷性。
110. 201419626 液压悬挂机构
CN
10.03.2010
B60G 3/00 Loading...
B60G 3/00
Loading...
200920142465.5
苏州大方特种车辆有限公司
职山杰
B60G 3/00
Loading...
本实用新型涉及一种悬挂机构，特别涉及一种用于大型动力平板运输车的液压悬挂机构。本实用新型采取的技术方案是：一种液压悬挂机构，该悬挂机构用于大型动力平板运输车，它包括平衡臂、液压缸、悬挂架，悬挂架的上顶面通过回转支承与平板运输车的下平面相连接，悬挂架的下端部与平衡臂的一端部铰接，液压缸的缸体通过上关节轴承与悬挂架的上端部铰接，液压缸的活塞杆通过下关节轴承与平衡臂的中部铰接，平衡臂的另一端部与平板运输车的车桥相铰接。
111. 101648535 Box girder lifting device of girder transport carriage
CN
17.02.2010
B60P 1/02 Loading...
B60P 1/02
Loading...
200910115852.4
Suzhou Dafang Special Vehicle Co., Ltd.
Gao Aihua
B60P 1/02
Loading...
The invention relates to a box girder lifting device of a girder transport carriage. The device comprises a connection seat, a sleeve barrel, a jacking oil cylinder and a hydraulic system, wherein thesleeve barrel is arranged in the connection seat; the upper end and the lower end of the jacking oil cylinder are symmetrically and respectively provided with a connection pin and a baffle plate; theconnection pin and the baffle plate on the upper part are used for fixing the jacking oil cylinder with the sleeve barrel, the connection pin and the baffle plate on the lower part are used for fixing the jacking oil cylinder with the connection seat, and the connection seat and the sleeve barrel are connected into a whole through the jacking oil cylinder; and the jacking oil cylinder is controlled by the hydraulic system to work. The device effectively lowers the height of a finished vehicle and meets the requirement on clearance height when the vehicle passes through a tunnel with a heavy load. Meanwhile, the device has the advantages of convenient and simple operation, reduction of a step of box girder transport by changing vehicles, improved working efficiency simple structure, easy operation and lower manufacturing and maintaining cost.
112. 201393351 一种控制器的封装
CN
27.01.2010
H05K 5/06 Loading...
H05K 5/06
Loading...
200920068906.1
苏州大方特种车辆有限公司
崔军祥
H05K 5/06
Loading...
本实用新型涉及一种控制器的封装，包括盒体、设置在盒体内的电路板，所述的盒体包括上壳体、与上壳体可拆卸连接的下壳体，所述的上壳体的周边向下延伸有凸筋，所述的下壳体的周边开设有与上壳体的凸筋位置相对应的凹槽，所述的上壳体通过其凸筋与所述的下壳体上的凹槽相扣合，本实用新型通过上壳体上的凸筋插入下壳体相应的凹槽中，从而使得上壳体与下壳体之间连接的更密合，密封效果较好。
113. 201390195 基于总线模式用于车辆上的控制器
CN
27.01.2010
B60Q 1/00 Loading...
B60Q 1/00
Loading...
200920068905.7
苏州大方特种车辆有限公司
曹新杰
B60Q 1/00
Loading...
本实用新型涉及一种基于总线模式用于车辆上的控制器，它包括总线驱动模块、与总线驱动模块双向连接的控制模块、与控制模块一输出端相电连接的功率信号匹配模块以及与功率信号匹配模块输出端相电连接的外部驱动模块，总线驱动模块的输入端通过总线与车辆的主控单元相电连接，外部驱动模块具有多个用于与车辆上灯具相连接的输出端口，控制模块根据车辆主控单元通过总线传送的指令进行处理并控制功率信号匹配模块向外部驱动模块输出相应功率的开关信号或脉冲信号以控制灯具点亮或熄灭，本实用新型利用总线模式，采用集成电子元件实现控制器，从而对车辆上的大灯、转向灯、后照灯、警示灯及雨刷电机等进行驱动和控制，摆脱了现有机械式的控制方式，使得控制更加安全可靠。
114. 201390932 架桥机活动支腿
CN
27.01.2010
E01D 21/00 Loading...
E01D 21/00
Loading...
200920141742.0
苏州大方特种车辆有限公司
熊春奎
E01D 21/00
Loading...
本实用新型涉及一种架桥机，特别涉及一种架桥机的活动支腿。本实用新型采用的方案是：一种架桥机活动支腿，它包括底座，底部铰接在底座两端部的一对伸缩柱，设置在底座上的用于把底座锁定在箱梁上的锁定机构，以及驱动活动支腿前后移动的吊挂机构；伸缩柱由多节伸缩柱单元组成，各伸缩柱单元依次套接，各伸缩柱单元分别配置有控制其伸缩的液压机构。由于本实用新型采用了以上的技术方案，其优点在于：本实用新型的架桥机活动支腿具有多种功能和状态，起到了适应不同跨度变跨架梁时支撑主梁、支撑下导梁、传送下导梁等作用，提高了架桥机的工作效率。
115. 201354304 轮胎式搬运机的顶升装置
CN
02.12.2009
B66C 19/00 Loading...
B66C 19/00
Loading...
200920141818.X
苏州大方特种车辆有限公司
职山杰
B66C 19/00
Loading...
本实用新型涉及一种顶升装置。本实用新型采取的技术方案是：一种轮胎式搬运机的顶升装置，该顶升装置间隔的设置在轮胎组之间，它包括固定设置在搬运机车架下方的油缸安装座、安装在所述的油缸安装座下方的油缸；所述的油缸的活塞杆连接有一球头，所述球头下方设置有支撑座，所述的支撑座上设置有与所述球头相配合的球窝，所述的支撑座上设置有球头盖板，所述的球头被限位于所述球窝与所述球头盖板之间。由于以上技术方案的实施，本实用新型与现有技术相比，具有下列优点：采用了球头和球窝的结构，使支撑座能够自动根据路面调整自身倾斜的角度，顶升装置能够有效的在倾斜的路面起到支撑作用。
116. 101487235 Movable supporting legs of bridge erecting machine
CN
22.07.2009
E01D 21/00 Loading...
E01D 21/00
Loading...
200910114950.6
Suzhou Dafang Special Purpose Vehicle Co., Ltd.
Xiong Chunkui
E01D 21/00
Loading...
The invention relates to a bridge erecting machine, in particular to a movable leg of the bridge erecting machine. The proposal is as follows: the movable leg of the bridge erecting machine comprises a base, a pair of telescopic columns with the bottom hinged with two ends of the base, a locking mechanism which is arranged on the base and used for locking the base on a box girder, and a hoisting mechanism which drives the movable leg to move forwards and backwards; the telescopic column consists of a plurality of sections of telescopic column elements; all telescopic column elements are sequentially sleeved one after another; and all telescopic column elements are respectively provided with a hydraulic mechanism which can control the extending and contracting thereof. As the technical proposal is adopted, the movable leg has the advantages that the movable leg of the bridge erecting machine has a plurality of functions and states, has the functions of supporting the main beam, supporting the lower guide beam and transmitting the lower guide beam and the like when adapting with variable-span bridge girders erecting with different spans, and improves the working efficiency of the bridge erecting machine.
117. 201268299 汽车驱动装置
CN
08.07.2009
B60S 9/10 Loading...
B60S 9/10
Loading...
200820039424.9
苏州大方特种车辆有限公司
李荣生
B60S 9/10
Loading...
本实用新型公开了一种汽车驱动装置，它包括固定面板、能够转动的设置在所述的固定面板上的升降机构、设置在所述的固定面板上并且用于驱动所述的升降机构相对所述的固定面板转动的转向机构、设置在所述的升降机构的升降部件上的动力装置、设置在所述的动力装置上的驱动轮。本实用新型结构简单、轻巧灵活、操作方便，在顶升汽车之后能够实现汽车的横移、斜行和原地回转等功能，解决了汽车在狭窄的空间内调头转向及泊车倒车的难题。同时该装置的采用也便于车辆的维修或轮胎的换装。
118. 201253851 便携式机械手
CN
10.06.2009
B25J 9/06 Loading...
B25J 9/06
Loading...
200820039423.4
苏州大方特种车辆有限公司
李荣生
B25J 9/06
Loading...
本实用新型公开了一种便携式机械手，包含：能固定在人体的前臂上的前臂组件、设置在该前臂组件前端部的延伸臂组件、设置在所述延伸臂组件前端部的工作组件、控制系统、动力系统。所述的前臂组件由相互间能沿该前臂组件的延伸方向滑动地连接的至少2根节臂组成。该机械手结构简单，通过多个关节之间的转动以及杆件的伸缩，能实现在广大的范围内的操作。通过安装在人的手臂上，能令使用者的携带和操作更方便，单手就能操作。
119. 201254098 集装箱跨运车的差速转向装置
CN
10.06.2009
B60K 17/16 Loading...
B60K 17/16
Loading...
200820037517.8
苏州大方特种车辆有限公司
陈永昌
B60K 17/16
Loading...
本实用新型公开了一种集装箱跨运车的差速转向装置，它包括设置在跨运车本体两侧的具有输出锥齿轮的驱动桥、用于驱动所述的驱动桥的电动机、用于控制所述的电动机的电控装置、设置在跨运车本体两侧的驱动轮上的与所述的输出锥齿轮相配合的输入锥齿轮，该差速转向装置还包括与所述的两只驱动轮相对应设置的两只角位移传感器，所述的角位移传感器还与所述的电控装置相连接。采用本实用新型结构的集装箱跨运车在转向时，内侧驱动轮和外侧驱动轮具有不同的转速，能够减小车轮相对于地面的滑动，从而减小轮胎的磨损和转向阻力，解决跨运车转向时的差力差速问题。
120. 201220670 公铁两用车铁路转向架
CN
15.04.2009
B61F 5/38 Loading...
B61F 5/38
Loading...
200820036861.5
苏州大方特种车辆有限公司
于志国
B61F 5/38
Loading...
本实用新型公开了一种公路铁路两用车的铁路转向架，包含：具备横向延伸的轮轴及同轴安装在该轮轴两端的一对车轮的轮对、构架、固定安装在车架与构架之间的减震装置、下端与构架绕横向延伸的水平轴线相转动连接且上端通过连接座与车架绕横向延伸的水平轴线相转动连接的一对摇臂。所述的减震装置为空气弹簧，所述的构架包含：分别设置在一对车轮的外侧并能绕所述车轮的轴心线转动的一对纵梁；固定跨接在一对纵梁的同侧端部之间的横梁，摇臂的下端为能绕所述横梁摆动地与横梁相连接。空气弹簧与能在一定角度范围内摆动的摇臂的结合，使得转向架能随载荷量的变化自动调节与车架间的距离，从而提高了车辆运行的安全性，能满足高载荷、高速运行的要求。
121. 101342897 Drive device of automobile
CN
14.01.2009
B60S 9/10 Loading...
B60S 9/10
Loading...
200810196211.1
Suzhou Dafang Special Purpose Vehicle Co., Ltd.
Li Rongsheng
B60S 9/10
Loading...
The invention relates to a car drive device, which consists of a fixed panel, a lifting mechanism which can be arranged on the fixed panel in a rotating way, a steering mechanism arranged on the fixed panel and used to drive the lifting mechanism to rotate corresponding with the fixed panel, a power plant arranged on the lifting component of the lifting mechanism, and a driving wheel arranged on the power plant. The invention has simple structure, is flexible and light, and the operation is easy; the invention is capable of achieving horizontal, oblique transferring and turning around in situ after the car is lifted, and solves the problems of U-turn and reversing of the car in a narrow space. At the same time, the device also is also convenient for the maintenance of the car or the replacement of tires.
122. 101293522 Railway steering frame for convertible car for road and railway
CN
29.10.2008
B61F 5/38 Loading...
B61F 5/38
Loading...
200810123362.4
Suzhou Dafang Special Vehicle Co., Ltd.
Yu Zhiguo
B61F 5/38
Loading...
The invention discloses a railway bogie of a dual-purpose vehicle for highway and railway, comprising a wheel axle which extends transversely, a wheel pair which is arranged at the two ends of the wheel axle, a frame, a damping device which is arranged between the vehicle frame and the frame, and a pair of rocker arms, the lower ends of which are rotatablely connected with the frame correspondingly to the transversely extended horizontal axis line and the upper ends are rotatablely connected with the vehicle frame by a connecting base correspondingly to the transversely extended horizontal axis line. The damping device is an air spring; the frame comprises a pair of longitudinal beams which are arranged at the external sides of a pair of vehicle wheel and rotate correspondingly to the axis line of the vehicle wheel and transverse beams which are fixedly spanned between the same side of the ends of a pair of longitudinal beams; the lower end of the rocker arm can be transversely connected with the transverse beam correspondingly to the transverse beam in a swing way. The air spring can be combined with the rocker arm at a certain angle range in a swing way, so as to lead the bogie to automatically adjust the distance with the vehicle frame with the change of the load, thus improving the running safety of the vehicle and complying with the high load and high-speed running requirement.
123. 101092121 Module type hydraulic pan conveyer
CN
26.12.2007
B60P 9/00 Loading...
B60P 9/00
Loading...
200710024117.3
Dafang Special Vehicles Co., Ltd., Suzhou
Ma Shaoqun
B60P 9/00
Loading...
The invention relates to a module type hydraulic pressure pan conveyer that includes plural unit module conveyers. Each module conveyer includes frame, plural suspending supporting, and steering gear. Wheels are connected under suspending supporting. The steering gear includes plural steering board, cross tie, longitudinal tie and steering oil cylinder and assistant oil cylinder. The power output end of assistant oil cylinder connects to corresponding steering board. The assistant oil cylinder could supply extra steering force for vehicle. Thus, the turning time of vehicle would be shortened and drive would be more stable.

