1. 106556966 一种含纳米光栅像素结构的超视角指向投影屏幕
CN
05.04.2017
G03B 21/60 Loading...
G03B 21/60
Loading...
201611024810.6
苏州苏大维格光电科技股份有限公司
万文强
G03B 21/60
Loading...
本发明公开了一种含纳米光栅像素结构的超视角指向投影屏幕，其包括至少一个指向屏幕，指向屏幕的出光面上设有多组像素阵列，同组像素阵列中的像素发出的光指向同一视角。本发明将含有纳米光栅的指向投影屏幕与显示技术结合，实现超视角裸眼3D显示。
2. 206075715 一种含有多重衍射图形层的签注透明薄膜及防伪证卡
CN
05.04.2017
G09F 3/02 Loading...
G09F 3/02
Loading...
201621098151.6
苏州苏大维格光电科技股份有限公司
陈林森
G09F 3/02
Loading...
本实用新型公开了一种含有多重衍射图形层的签注透明薄膜，其包括衍射图形层和位于衍射图形层一侧的热致变色层，衍射图形层包括信息层。本实用新型还公开了一种防伪证卡。本实用新型的含有多重衍射图形层的含有多重衍射图形层的签注透明薄膜及防伪证卡将透明薄膜与证卡复合，实现一体化的单卡，透明薄膜在激光照射部分的热致变色层转变成灰色或者灰色，从而，不单卡证卡不仅有可视防伪功能，同时支持实时个性信息签注，在发卡现场进行信息签注，不需在到专用制证点制卡，能有效提升单卡证卡的防伪力度。
3. 106526730 一种宽视角波导镜片及制作方法和头戴式三维显示装置
CN
22.03.2017
G02B 5/18 Loading...
G02B 5/18
Loading...
201611040561.X
苏州苏大维格光电科技股份有限公司
陈林森
G02B 5/18
Loading...
本发明公开了一种宽视角波导镜片及制作方法和头戴式三维显示装置，利用具有能实现会聚光场视角放大功能即光栅透镜功能的纳米光栅结构，实现三维虚拟信息的视角放大，并在人眼前投射，通过宽视角波导镜片实现虚拟物体与现实景物的完美融合，由于视角得以放大，使得人眼观察虚拟物体和现实景物融合的场景时难以察觉这是融合景象，使得体验更加真实，同时基于全息原理，可以方便的将计算全息与纳米结构功能光场镜片相结合，从而实现无视觉疲劳的、高亮度的、头戴式3D增强现实显示方案和装置、也可方便的实现支持3D显示图像的动态聚焦。
4. 105374467 纳米转印方法及纳米功能器件
CN
22.03.2017
H01B 13/00 Loading...
H01B 13/00
Loading...
201510696751.6
苏州大学
陈林森
H01B 13/00
Loading...
本发明公开了一种纳米转印方法及纳米功能器件，其中，纳米转印方法包括如下步骤：S1.在柔性金属基板上涂布光刻胶；S2.对所述涂布光刻胶的柔性金属基板进行光刻，形成沟槽图形；S3.第一次电铸处理，形成图形电极；S4.第二次电铸处理，形成转印层；S5.通过卷对平转印模式，控制所述柔性金属基板，在相应承接基板上转印形成纳米结构材料层。本发明可在同一基板上实现不同材质的纳米电极或纳米结构功能区的转印，或者在同一基板相同区域实现多层复合结构纳米电极和功能区的转印。其利用金属基底上的图形电极作为转移模具，通过电沉积工艺，在转印模具的电极上形成纳米级材料层，并将模具上纳米级材料层转移到相应的柔性基板表面。
5. 106501938 一种头戴式增强现实三维显示装置
CN
15.03.2017
G02B 27/01 Loading...
G02B 27/01
Loading...
102016001047192
苏州苏大维格光电科技股份有限公司
乔文
G02B 27/01
Loading...
本发明公开了一种头戴式增强现实三维显示装置，利用具有能实现汇聚光场视角放大功能即纳米透镜功能的纳米光栅结构，实现三维虚拟信息的视角放大，并在人眼前投射，通过透明光场镜片实现虚拟物体与现实景物的完美融合，由于视角得以放大，使得人眼观察虚拟物体和现实景物融合的场景时难以察觉这是融合景象，使得体验更加真实，同时基于全息原理，可以方便的将计算全息与纳米结构功能光场镜片相结合，从而实现无视觉疲劳的、高亮度的、头戴式3D增强现实显示方案和装置、也可方便的实现支持3D显示图像的动态聚焦。
6. 106443867 一种波导器件及三维显示装置
CN
22.02.2017
G02B 6/00 Loading...
G02B 6/00
Loading...
201610996894.3
苏州苏大维格光电科技股份有限公司
乔文
G02B 6/00
Loading...
本发明公开了一种波导器件，包括至少一个波导器件单元，每个波导器件单元均包括波导本体，所述波导本体为矩形横截面的平板波导或条形波导或曲面波导，所述波导本体的上表面为出光面，在所述出光面表面或波导本体内部设置有成组的纳米光栅，所述纳米光栅对光具有会聚作用，将通过波导本体全反射而来的光会聚于出光面上方空间中，形成至少一个视点。采用本发明的技术方案，则可以构筑由多层波导器件单元叠加为多层(两层及两层以上)复合型指向性导光板，进而采用分频控制各层依次照明的方式，通过提高显示频率的方法增加显示信息量，提升的显示信息量可以用于多视角的视差三维显示，亦可用于多焦点多景深的深度三维显示，还可用于多视角多焦点混合的真三维显示领域。并由此构建裸眼3D显示装置。
7. 106448825 一种图形化精细导电薄膜及其制作方法
CN
22.02.2017
H01B 5/14 Loading...
H01B 5/14
Loading...
201610917067.0
苏州苏大维格光电科技股份有限公司
黄文彬
H01B 5/14
Loading...
本发明公开了一种图形化精细导电薄膜，其包括基底和图形化精细电极，图形化精细电极放置于基底上或嵌入到基底中，图形化精细电极的电极的宽度在50nm‑10μm之间，高度在10nm‑10μm之间，表面粗糙度在0.1nm到100nm之间。本发明同时还公开了一种图形化精细导电薄膜的制作方法。本发明实现具有精细、高透过率、低方阻、高绕曲性能的图案化电极；不存在刻蚀工艺，绿色环保，电极分辨率能达到100nm，操作简单，适合大面积、低成本生产，可以用于触控屏，太阳能电池，LCD显示，OLED显示，QLED显示等应用领域。
8. 106406061 一种体全息元件及其制作方法和制作系统
CN
15.02.2017
G03H 1/02 Loading...
G03H 1/02
Loading...
201611033273.1
苏州苏大维格光电科技股份有限公司
浦东林
G03H 1/02
Loading...
本发明公开了一种体全息元件，其包括至少一像素化的信息层和至少一基材层，信息层设置于基材层上，或者信息层设置于相邻的两基材层之间；从体全息元件的剖面看，其信息层具有阵列分布的像素化的条纹面，每个像素内部的条纹面具有周期性，并且与基片平面具有夹角，每个像素为反射布拉格体光栅。本发明还公开了一种像素化反射体全息元件的制作方法和制作系统。本发明通过干涉光束调控、在体全息记录材料的感光层上进行像素化拼接曝光，经后续化学或物理处理，构成复杂光学参数的像素化的反射体全息光学元件。
9. 106371222 一种纳米透镜波导镜片和多景深三维显示装置
CN
01.02.2017
G02B 27/22 Loading...
G02B 27/22
Loading...
102016001087950
苏州苏大维格光电科技股份有限公司
罗明辉
G02B 27/22
Loading...
本发明公开了一种纳米透镜波导镜片，包括纳米透镜波导镜片单元，所述纳米透镜波导镜片包括一片纳米透镜波导镜片单元，或由至少两片纳米透镜波导镜片单元叠加组成，所述纳米透镜波导镜片单元包括：波导；位于波导上表面或下表面的具有透明光学成像和波导折弯功能的功能性区域；所述功能性区域包括用于将图像光信息耦合进入波导的耦入功能性区域，和用于将经耦入功能性区域及波导传导过来的图像光信息投射到纳米透镜波导镜片上方空间中的出射功能性区域。本纳米透镜波导镜片可以大大降低构建三维显示装置时的厚度及体积，为多景深三维显示装置的简单实现提供了基础支持。本发明同时公开了利用该纳米透镜波导镜片构建的多景深三维显示装置。
10. 106371218 一种头戴式三维显示装置
CN
01.02.2017
G02B 27/22 Loading...
G02B 27/22
Loading...
102016000970307
苏州苏大维格光电科技股份有限公司
乔文
G02B 27/22
Loading...
本发明公开了一种头戴式三维显示装置，包括图像生成装置，和对应眼睛的可视镜片，所述可视镜片上设有至少一层设置有具有会聚成像功能的纳米结构功能薄膜，从而使得可视镜片成为具有光场变换功能的指向性功能镜片，所述指向性功能镜片上的纳米结构与图像生成装置输出的图像匹配，在人眼前方投射出会聚波面，形成虚拟景象；或该会聚波面与现实景象形成的波面叠加，得到真实世界信息和虚拟世界信息的融合。本发明在眼球前方的空间中会聚视角图像，形成虚拟景象，其和现实景物在人眼中成像的原理一致，因此长时间观看的视觉疲劳度比传统的三维显示技术大大降低。
11. 106354353 触控导电膜及触控模组和显示装置
CN
25.01.2017
G06F 3/044 Loading...
G06F 3/044
Loading...
102016000846762
苏州维业达触控科技有限公司
周小红
G06F 3/044
Loading...
本发明公开了一种触控导电膜，包括基板和形成在所述基板上的导电网格，所述基板的可视区和非可视区的导电网格为一体成型结构。本发明还公开了应用所述触控导电膜的触控模组和显示装置。本发明的触控导电膜具有结构简单、制造方便、成本较低的优点，而且也提升了稳定性，对应降低了制造成本和组装成本。
12. 104570619 基于大面积多台阶二元光学元件的激光直写方法
CN
25.01.2017
G03F 7/20 Loading...
G03F 7/20
Loading...
102015000012577
苏州苏大维格光电科技股份有限公司
朱鹏飞
G03F 7/20
Loading...
本发明公开了一种基于大面积多台阶二元光学元件的激光直写方法，其将2N次台阶数据文件处理成灰度值从G0＝0开始到G2N‑1＝2N‑1结束的灰度BMP图像，由曝光计量累积公式P＝P1+P2+…+Pn，Pn＝2n‑1*P1(n<＝N)分解灰度BMP图像，通过P1至Pn的单独或者互相累加组合，表示出所有2N次台阶曝光所需的曝光计量，对于一个2N次台阶结构，Y步进方向位置区域最多重叠N次曝光(P＝P1+P2+…+Pn)即实现全部台阶所需曝光计量的覆盖。本发明将各台阶的曝光计量分解成XY二维单元计量相叠加。本发明通过扫描同步脉冲触发曝光方式一方面使得曝光计量得到精确控制，另一方面光刻效率得到提高，所有数据全数字表达一次性写入，无需对准套刻，降低了中间环节带来的出错概率。
13. 106338832 一种单片全息衍射光波导镜片及三维显示装置
CN
18.01.2017
G02B 27/01 Loading...
G02B 27/01
Loading...
201610983962.2
苏州苏大维格光电科技股份有限公司
陈林森
G02B 27/01
Loading...
本发明公开了一种单片全息衍射光波导镜片及采用该镜片的三维显示装置，该单片全息衍射光波导镜片包括衍射光波导镜片单元，衍射光波导镜片单元包括光波导及设置于光波导上表面或下表面的三个功能性区域；所述三个功能性区域设置于光波导上同一平面空间上的不同位置，分别为第一功能性区域、第二功能性区域和第三功能性区域；三个功能性区域用于传导图像光束输出至人眼，三个功能区域上均设有全息衍射光栅；本发明提出了一种采用空间复用的单片全息衍射波导镜片，创造性的多个功能性区域的设置，使得采用单片波导就可满足近眼三维显示系统的要求，相比多层全息衍射波导镜片，本方案镜片的厚度显著变薄。
14. 205827793 一种含有动态立体螺旋线的反光膜及机动车号牌
CN
21.12.2016
G09F 3/02 Loading...
G09F 3/02
Loading...
202016000715901
苏州苏大维格光电科技股份有限公司
魏国军
G09F 3/02
Loading...
本实用新型公开了一种含有动态立体螺旋线的反光膜，其包括反光膜主体，反光膜主体的相对两表面上分别浮动设置有至少一曲线，相对两表面上的至少一曲线配对组成螺旋线，螺旋线分解为x、z向的往复运动和y向运动的合成，x‑y平面为反光膜主体所处的平面，z向垂直于x‑y平面，螺旋线在x、z向的往复运动中形成在一个周期内的闭合曲线或直线段的合成运动轨迹，闭合曲线在y向运动中沿着y向被拉伸展开。同时公开了一种机动车号牌。本实用新型可以满足反光膜的低成本和高安全要求，其无需在反光膜上增材制作，亦不需在反光膜内部印刷图形，螺旋线不能被扫描仪、照相机等设备复制，所制作的反光膜的动态立体螺旋线的光学特性容易被人眼所识别。
15. 205818771 一种装饰薄膜及装饰玻璃
CN
21.12.2016
B44C 3/02 Loading...
B44C 3/02
Loading...
202016000500275
苏州苏大维格光电科技股份有限公司
周小红
B44C 3/02
Loading...
本实用新型公开了一种装饰薄膜，其包括：基材层；图案层，其设置于基材层的一侧，该图案层上设有均匀排布的微结构单元，相邻微结构单元之间设有间隔区域，该微结构单元上设置浮雕微结构，该浮雕微结构具有复数个定向非周期光栅组线条；黏着层，其相对图案层设置于基材层的另一侧。同时本实用新型还公开了一种装饰玻璃。与现有技术相比，本实用新型的装饰薄膜可以获得特殊动态光变色效果，通过在薄膜上形成微结构，从而在宏观效果上具有特殊的视觉效果，应用于产品表面，起到了装饰、品牌保护、成本控制、环保各方面的效果。
16. 205818770 装饰薄膜及装饰玻璃
CN
21.12.2016
B44C 3/02 Loading...
B44C 3/02
Loading...
202016000499243
苏州苏大维格光电科技股份有限公司
陈林森
B44C 3/02
Loading...
本实用新型公开了一种装饰薄膜，其包括：基材层；图案层，其设置于基材层的一侧，该图案层上设有均匀排布的微结构单元，该微结构单元上设置有复数个平行排布的周期性的柱面结构；黏着层，其相对图案层设置于基材层的另一侧。同时本实用新型还公开了一种装饰玻璃。与现有技术相比，本实用新型的装饰薄膜可以获得特殊动态光变色效果，通过在薄膜上形成微结构，从而在宏观效果上具有特殊的视觉效果，在视觉效果上更为闪亮，衍射效果更高，应用于产品表面，起到了装饰、品牌保护、成本控制、环保各方面的效果。
17. 105957446 一种含有动态立体螺旋线的反光膜及机动车号牌
CN
21.09.2016
G09F 3/02 Loading...
G09F 3/02
Loading...
201610534526.7
苏州苏大维格光电科技股份有限公司
魏国军
G09F 3/02
Loading...
本发明公开了一种含有动态立体螺旋线的反光膜，其包括反光膜主体，反光膜主体的相对两表面上分别浮动设置有至少一曲线，相对两表面上的至少一曲线配对组成螺旋线，螺旋线分解为x、z向的往复运动和y向运动的合成，x‑y平面为反光膜主体所处的平面，z向垂直于x‑y平面，螺旋线在x、z向的往复运动中形成在一个周期内的闭合曲线或直线段的合成运动轨迹，闭合曲线在y向运动中沿着y向被拉伸展开。本发明还公开了一种机动车号牌。本发明可以满足反光膜的低成本和高安全要求，其无需在反光膜上增材制作，亦不需在反光膜内部印刷图形，螺旋线不能被扫描仪、照相机等设备复制，所制作的反光膜的动态立体螺旋线的光学特性容易被人眼所识别。
18. 105959672 基于主动发光型显示技术的裸眼三维显示装置
CN
21.09.2016
H04N 13/04 Loading...
H04N 13/04
Loading...
201610280819.7
苏州苏大维格光电科技股份有限公司
乔文
H04N 13/04
Loading...
本发明公开了一种基于主动发光型显示技术的裸眼三维显示装置，其包括：主动发光的显示单元，其包括光强可调的发光阵列，该发光阵列通过电路控制系统依照多视角叠加图像对光场振幅进行调制；指向性位相板，其像素含有纳米光栅像素结构，分别对应于各视角图像的亚像素，该纳米光栅像素结构含有按照全息原理设计的纳米光栅组合，主动发光的显示单元的出射光线照射到指向性位相板上后，纳米光栅像素结构对入射的视角图像进行波前转换，将平行照明光在主动发光的显示单元的前方或者侧面的空间上形成会聚视点。本发明相较于现有技术可同时兼顾个人消费电子市场和工业及户外显示市场需求，实现超薄、轻便、大面积、高亮度、低成本的裸眼3D显示。
19. 205522528 一种三维成型装置
CN
31.08.2016
B29C 67/00 Loading...
B29C 67/00
Loading...
201620127090.5
苏州苏大维格光电科技股份有限公司
胡进
B29C 67/00
Loading...
本实用新型提出一种三维成型装置，包括基底层以及基材成型机构、曝光机构、支撑机构及剥离机构，基材成型机构包括分离液喷射装置及用于盛放感光材料的容置槽，分离液喷射装置喷射分离液至基底层下方表面以形成分离型涂层，之后涂覆感光材料层，基底层、分离型涂层与感光材料层依次成型形成基材，基材被反复依次运送至基材成型机构、支撑机构及剥离机构，控制基材成型机构、曝光机构与剥离机构的对应位置，可以使得三维成型装置同时进行基材成型、曝光、剥离中的两个或三个步骤，基材成型、曝光与剥离动作同时反复进行，提升了工作效率，适用于三维实体的大幅面、高效率、高精度和低成本等制作要求。
20. 205523154 一种隐形水印烫印膜
CN
31.08.2016
B41M 5/42 Loading...
B41M 5/42
Loading...
201620124918.1
苏州苏大维格光电科技股份有限公司
陈林森
B41M 5/42
Loading...
一种隐形水印烫印膜，包括水印图像，组成所述水印图像的像素点为亚波长光栅，水印图像又包括第一水印图像与第二水印图像，将第一水印图像像素点的亚波长光栅的取向角设置为与第二水印图像像素点的亚波长光栅的取向角不同，使得第一水印图像与第二水印图像可分别在不同照明角度范围下可视，有效实现了防伪，同时该隐形水印烫印膜还具有成本低廉、可实施性好、可靠性强、更环保等优点。
21. 205439621 金属色烫印膜
CN
10.08.2016
B41M 5/382 Loading...
B41M 5/382
Loading...
201521107607.6
苏州苏大维格光电科技股份有限公司
陈林森
B41M 5/382
Loading...
本实用新型公开了一种金属色烫印膜，其包括：基层；离型层，其可分离地铺设于基层上；至少一透明保护层，其固定铺设于离型层上；信息层，其压印于透明保护层上；镀层，其铺设于信息层上；热熔胶层，其固定铺设于镀层上。本实用新型相较于现有技术，可以批量一次性镀膜，连续烫印在应用对象上，从而可以大幅度地提高镀件生产效率，提供一种更加高效、简便、经济且牢固的镀件技术。
22. 105807353 可见光及红外波段的宽波段吸收滤光结构及其制备方法
CN
27.07.2016
G02B 5/22 Loading...
G02B 5/22
Loading...
201610347841.9
苏州大学
罗明辉
G02B 5/22
Loading...
本发明公开了一种可见光及红外波段的宽波段吸收滤光结构，其包括：基底、金属层、介质光栅层、第一金属覆盖层、介质覆盖层和第二金属覆盖层，介质光栅层的厚度为80?119nm、周期不大于400nm、占空比在0.1?0.4之间，第一金属覆盖层和第二金属覆盖层中，其介电常数的虚部大于其介电常数的实部的绝对值。本发明还公开了一种该宽波段吸收滤光结构的制备方法。本发明结构简单，在宽入射角度变化范围吸收效率高，且对入射光的偏振态不敏感。该结构可应用在太阳能电池、热光伏等宽波段太阳能吸收，也可以为无油墨印刷实现黑色提供解决方案。
23. 105814402 连续可调结构光照明的超分辨显微成像方法与系统
CN
27.07.2016
G01B 11/25 Loading...
G01B 11/25
Loading...
201380081848.5
苏州大学
叶燕
G01B 11/25
Loading...
一种连续可调结构光照明的超分辨显微成像方法与系统，包括计算机（34）、光源（12）、可变标度的傅立叶变换光路、位相分光器件（9）、双远心投影光学系统（19）、大数值孔径物镜（30）、样品平台（32）和面阵相机，特征为：傅立叶变换光路包括第一傅立叶变换透镜或透镜组（8）与第二傅立叶变换透镜或透镜组（10），位相分光器件（9）置于两者之间，与第二傅立叶变换透镜或透镜组（10）之间的距离连续可调，具有绕傅立叶变换光路的光轴旋转的运动自由度。该连续可调结构光照明的超分辨显微成像方法与系统可灵活实现连续可变空频的干涉条纹，用于共焦显微光学系统的结构光场照明，实现空间超分辨率成像；在纳秒频闪分幅照明模式下，不仅可实现超分辨率显微成像，提升纳米检测可靠性和检测速度，还可进行样品的动态检测分析，实现瞬态纳米结构的检测。
24. WO/2016/106987 MULTI-VIEW PIXEL DIRECTIONAL BACKLIGHT MODULE AND NAKED-EYE 3D DISPLAY DEVICE
WO
07.07.2016
G02F 1/13357 Loading...
G02F 1/13357
Loading...
PCT/CN2015/075376
SOOCHOW UNIVERSITY
WAN, Wenqiang
G02F 1/13357
Loading...
A multi-view pixel directional backlight module and naked-eye 3D display device, the multi-view pixel directional backlight module comprising at least two rectangular light guide plates closely stacked together; a light-emerging surface of each rectangular light guide plate is provided with a plurality of pixels with different directionalities formed by a nanometer diffractive grating thereon; each rectangular light guide plate is provided with a light source set on at least one side edge; after a light from the light source set enters into an interior of the corresponding light guide plate, an emergent light shows at each of pixels of multiple pixel arrays on the light-emerging surface of the light guide plate. Through stacking multiple layers of light guide plates, the problem of interference between three light sources in one light guide plate is addressed, and a pixel directional rectangular light guide plate is implemented to enable the industrial application of this light guide plate having a multi-view function and directionality to naked-eye 3D display technology, and to address the problem unresolved in the prior art.
25. 104614790 平面菲涅尔透镜阵列动态放大光学膜
CN
22.06.2016
G02B 3/08 Loading...
G02B 3/08
Loading...
102015000094589
苏州苏大维格光电科技股份有限公司
刘艳花
G02B 3/08
Loading...
本发明公开了一种平面菲涅尔透镜阵列动态放大光学膜，所述光学膜包括基材层、位于基材层上方的若干菲涅尔透镜阵列层、以及位于基材层下方的若干微图形层，其中所述菲涅尔透镜阵列层由若干阵列设置的菲涅尔透镜组成，所述菲涅尔透镜阵列层与微图形层的距离为菲涅尔透镜的焦距。本发明的动态放大光学膜由菲涅尔透镜的成像作用，使得微图形层中的图形放大再现，且再现的放大像具有动态立体的效果。
26. 105676473 一种裸眼3D显示装置及实现裸眼3D显示的方法
CN
15.06.2016
G02B 27/22 Loading...
G02B 27/22
Loading...
201610239265.6
苏州苏大维格光电科技股份有限公司
陈林森
G02B 27/22
Loading...
本发明公开了一种裸眼3D显示装置及实现裸眼3D显示的方法，包括：光源，所述光源位于视窗生成装置的下方，视窗生成装置，包括：位相信息调制装置，用于位相调制；视角图像信息调制装置，用于振幅调制；其中视角图像信息调制装置产生的视角图像的像素与位相信息调制装置产生的视点像素匹配对准。利用全息成像与波前转换原理，巧妙利用位相信息调制装置用于位相调制，同时利用视角图像信息调制装置用于振幅调制，其中视角图像信息调制装置产生的视角图像的像素与位相信息调制装置产生的视点像素匹配对准。意即将具有相位调制功能的组件与具有振幅调制功能的显示技术相结合，实现裸眼3D显示，呈现3D图像信息。
27. 105629678 一种直写系统运动平台的正交性测定方法
CN
01.06.2016
G03F 7/20 Loading...
G03F 7/20
Loading...
201610047977.8
苏州苏大维格光电科技股份有限公司
朱鹏飞
G03F 7/20
Loading...
本发明公开了一种直写系统运动平台的正交性测定方法，包括以下步骤：步骤一，设计光刻文件，使其四个角具有定位标记点；步骤二，将基板固定于运动平台上；步骤三，根据光刻文件对基板进行直写曝光；步骤四，记录下基板各个侧边对应运动平台的XY方向，然后进行显影、清洗、烘干；步骤五，将基板旋转90°后固定于直写系统的运动平台上；步骤六，移动运动平台，分别使得四个定位标记点位于CCD的中心位置，并记录下相应的位置坐标；步骤七，将位置坐标连线形成平行四边形，计算运动平台的正交性。本发明相较于现有技术，无需借助第三方设备与工具，周期快，简单便捷，成本低，而且适用于大幅面平台的校正。
28. 105619819 一种三维成型装置及方法
CN
01.06.2016
B29C 67/00 Loading...
B29C 67/00
Loading...
201610090876.9
苏州苏大维格光电科技股份有限公司
胡进
B29C 67/00
Loading...
本发明提出一种基于基底层的三维成型装置，包括基底层以及基材成型机构、曝光机构、支撑机构及剥离机构，基材成型机构包括分离液喷射装置及用于盛放感光材料的容置槽，分离液喷射装置喷射分离液至基底层下方表面以形成分离型涂层，之后涂覆感光材料层，基底层、分离型涂层与感光材料层依次成型形成基材，基材被反复依次运送至基材成型机构、支撑机构及剥离机构，控制基材成型机构、曝光机构与剥离机构的对应位置，可以使得三维成型装置同时进行基材成型、曝光、剥离中的两个或三个步骤，基材成型、曝光与剥离动作同时反复进行，提升了工作效率，适用于三维实体的大幅面、高效率、高精度和低成本等制作要求。
29. 105538726 一种基于薄膜基底的三维成型装置及方法
CN
04.05.2016
B29C 67/00 Loading...
B29C 67/00
Loading...
201610090877.3
苏州苏大维格光电科技股份有限公司
胡进
B29C 67/00
Loading...
本发明提出一种基于薄膜基底的三维成型装置及方法，该装置包括送料机构、曝光机构、支撑机构及分离机构，通过送料机构将感光材料层送入相应的曝光区域中，由曝光机构对感光材料层进行曝光，实现对每层指定图形的固化生成，每层图形叠加在一起，在支撑机构上形成所需零件，而分离过程与曝光过程同步进行，随着分离机构向右移动，在张力的作用下，薄膜基底材料层逐渐与支撑机构上已成型零件的顶面分离，而未被曝光的感光材料层也同时被剥离于支撑机构外，曝光和分离动作同时进行，可以提升工作效率，适用于三维实体的大幅面、高效率、高精度和低成本等制作要求。
30. 105490166 微腔激光器阵列及包括它的可见光光度计
CN
13.04.2016
H01S 5/40 Loading...
H01S 5/40
Loading...
201610041567.2
苏州苏大维格光电科技股份有限公司
黄文彬
H01S 5/40
Loading...
本发明公开了一种微腔激光器阵列，其包括由下至上依次设置的衬底层、泵浦层、增益层和封装层，增益层内设置有多个阵列排布且并行出光的DBR微腔激光器，泵浦层用于连通泵浦源，该泵浦源将泵浦光输入到泵浦层内。本发明还公开了一种包括该微腔激光器阵列的可见光光度计。本发明与现有技术相比，有效地权衡了高分辨率、高效率和制造成本高之间的矛盾，使得微腔激光器阵列既具有高分辨率、高效率的优点，又具有制造成本低的优势。
31. 105487239 指向性彩色滤光片和裸眼3D显示装置
CN
13.04.2016
G02B 27/22 Loading...
G02B 27/22
Loading...
201510778086.5
苏州苏大维格光电科技股份有限公司
陈林森
G02B 27/22
Loading...
本发明提供了一种指向性彩色滤光片和裸眼3D显示装置，包括彩色滤光片和指向性功能结构层；彩色滤光片包括多个滤光单元，每一滤光单元包括至少三个不同颜色的滤光子单元；指向性功能结构层包括多个结构单元，每一结构单元与一滤光单元对应设置；每一结构单元包括至少三个结构子单元；每一结构子单元与一滤光子单元对应设置；每一结构子单元包括多个纳米衍射光栅；同一结构子单元内的纳米衍射光栅的周期和取向角不同，从而不会出现同一纳米衍射光栅出射两种颜色的光，导致光线串扰的问题，且该指向性彩色滤光片在技术上较容易实现，使得本发明提供的基于指向性背光技术的无视觉疲劳的多视角的裸眼3D显示装置较易得到实际应用。
32. 105489784 柔性导电电极的制备方法及该方法制备的电极及其应用
CN
13.04.2016
H01L 51/52 Loading...
H01L 51/52
Loading...
201510906030.3
苏州大学
刘艳花
H01L 51/52
Loading...
本发明公开了一种柔性导电电极的制备方法及该方法制备的电极及其应用，制备方法包括以下步骤：(1)光掩膜版制备：将导电线栅光刻到光掩膜上；(2)电沉积模具制备：然后将线栅型光掩膜版进行紫外曝光，形成图形化线栅沟槽；(3)电沉积工艺：将金属基板放置于电铸沉积槽中，生成电沉积层；(4)生成柔性导电电极：将金属基板上涂布一层固化胶，柔性衬底覆盖于固化胶上，经过紫外固化后脱模，获得柔性导电电极。本发明制备的柔性导电电极的表面平整度只取决于所用金属基板材料的表面平整度，具有较高平整表面，制备的OLED装置不会因透明电极的表面起伏较大，引起背电极与基底相接触，造成短路而损毁，大大提升了使用寿命。
33. 105445834 一种大尺寸衍射光栅的制作方法及曝光装置
CN
30.03.2016
G02B 5/18 Loading...
G02B 5/18
Loading...
201510701449.5
苏州大学
陈林森
G02B 5/18
Loading...
一种大尺寸衍射光栅的制作方法及曝光装置，采用小尺寸光栅拼接而成，曝光装置包括两级缩微模块和消零级位相光栅，第一级缩微模块为4F成像系统，第二级缩微模块为双远心缩微投影干涉成像系统，该第二级缩微模块具有比第一级缩微模块更大的缩微倍数，且该第一缩微模块的成像面构成该第二级缩微模块的输入面，该第二缩微模块的输出面构成曝光成像时的记录面，其中第一级缩微模块包括第一傅立叶变化透镜或透镜组与第二傅立叶变化透镜或透镜组，所述消零级位相光栅位于该第一傅立叶变化透镜或透镜组与第二傅立叶变化透镜或透镜组之间，当曝光光斑中的条纹位置需要调整时，将该消零级位相光栅沿着垂直于栅线方向进行平移，实现光斑中条纹位置改变。
34. 105425409 一种投影式裸眼3D显示装置及其彩色化显示装置
CN
23.03.2016
G02B 27/22 Loading...
G02B 27/22
Loading...
201610034105.8
苏州苏大维格光电科技股份有限公司
乔文
G02B 27/22
Loading...
本发明公开了一种投影式裸眼3D显示装置及其彩色化显示装置，该3D显示装置包括指向性光源，包括矩形导光板和光源组，光源组设置于所述矩形导光板的至少一个侧面上；投影装置，包括显示芯片和投影镜头，显示芯片将获取的光源与多视角图像信号调制后由投影镜头放大；指向性投影屏幕，其设置于投影镜头的出光端，将入射的视角图像信号进行位相调制后在指向性投影屏幕的正前方形成会聚视点，获得裸眼3D显示。本发明相较于现有技术，指向性投影屏幕提供空间位相调制，液晶芯片提供视角图像振幅调制，二者结合，具备了全息显示的全部信息，不易产生视觉疲劳，也没有距离限制，而且通过投影镜头放大成型，实现大幅面的裸眼3D显示。
35. 105405752 一种柔性纳米线栅型透明导电电极的制作方法
CN
16.03.2016
H01L 21/28 Loading...
H01L 21/28
Loading...
201510932682.4
苏州大学
刘艳花
H01L 21/28
Loading...
本发明公开了一种柔性纳米线栅型透明导电电极的制作方法，与已有技术相比，本发明制作的柔性透明电极的导电线栅结构，有选择性电沉积过程生长而成，最小线宽可达几十纳米。但电沉积形成的纳米线栅本身电导率较高，即便线栅宽度和厚度仅为几十纳米，仍然能保证较低的方阻值。本发明提出的柔性透明电极的制作方法，不仅可以制作单一功能电极，更可以通过在纳米转印模具表面沉积不同的材料层，经过多次转印过程制作多层复合电极、或者制作具有不同导电功能区的透明电极。
36. WO/2016/033964 LASER PRINTING APPARATUS AND METHOD FOR COLOUR DYNAMIC IMAGE
WO
10.03.2016
G02B 5/128 Loading...
G02B 5/128
Loading...
PCT/CN2015/075381
SVG OPTRONICS, CO., LTD.
WEI, Guojun
G02B 5/128
Loading...
A laser printing apparatus and method for a colour dynamic image. The laser printing apparatus (300) comprises: an optical system and a recording material (34); the recording material (34) comprises a refraction layer (21) formed by multiple microspheres or micro lenses and a shading layer (22) formed on a focal plane of the multiple microspheres or micro lenses; the optical system comprises a laser (31) and an image generation device; the laser emitted by the laser (31) irradiates onto the recording material (34) after being processed by the image generation device; the laser which irradiates onto the recording material (34) is focused on the shading layer (22) via the refraction layer; and when the energy of the focused laser is greater than an evaporation threshold value of the shading layer (22), a focus point is correspondingly formed on the shading layer (22). The laser printing apparatus deflects a laser beam incident angle to form laser focus points at different locations on the focal plane of the recording material (34), so as to achieve the heat accumulation of different pigments. The deflection of the incident angle is repeated to form laser printing of a multi-channel colour graph, so as to finally reproduce a colour multi-channel dynamic image.
37. WO/2016/029692 COLOURED DYNAMIC STEREOSCOPIC MOIRE IMAGE THIN FILM BASED ON MICRO PRINTING AND PREPARATION METHOD THEREFOR
WO
03.03.2016
B42D 25/342 Loading...
B42D 25/342
Loading...
PCT/CN2015/075480
SOOCHOW UNIVERSITY
SHEN, Su
B42D 25/342
Loading...
Disclosed are a coloured dynamic stereoscopic moire image thin film based on micro printing and a preparation method therefor. A moire image thin film comprises a transparent base material layer, a micro lens array layer located at one side of the transparent base material layer and a micro pattern array layer located at the other side of the transparent base material layer. The micro lens array layer comprises several micro lenses arranged in an array. The micro pattern array layer comprises several sets of micro patterns arranged in an array and having different colours. The array arrangement of the micro lenses matches the array arrangement of the micro patterns. The moire image formed by the moire image thin film is characterized by being coloured, dynamic and stereoscopic. In any light environment, an observer can observe a coloured three-dimensional dynamic pattern without any special observation skill.
38. 105259664 一种光场成像打印装置及具有三维浮动图像的薄膜
CN
20.01.2016
G02B 27/22 Loading...
G02B 27/22
Loading...
201510778108.8
苏州苏大维格光电科技股份有限公司
范广飞
G02B 27/22
Loading...
本发明提出一种光场成像打印装置及通过该光场成像打印装置而制备的具有三维浮动图像的微透镜薄膜，利用扫描振镜系统在透镜面上扫描，结合空间三维坐标的改变以实现四维光场数据打印。光场成像打印装置包括光源、扫描振镜系统、透镜、扩散片、会聚透镜组及微透镜记录材料，光线依次经过扫描振镜系统、透镜、扩散片与会聚透镜组，输出瞬时动态的聚焦光斑，获得体像素辐射光场，再由所述微透镜记录材料记录瞬时体像素辐射光场信息。本发明可以实现更真实的三维动态感图像，通过控制不同的变量值，实现多种不同特性的浮动图像，确保实现诸如多视角变图的成像效果。
39. 105225644 一种激光显示装置及其制作方法
CN
06.01.2016
G09G 3/34 Loading...
G09G 3/34
Loading...
201510745306.4
苏州苏大维格光电科技股份有限公司
黄文彬
G09G 3/34
Loading...
一种高分辨率激光显示装置，其具有微腔激光阵列，微腔激光器阵列由多组RGB微腔激光器排列形成，每组RGB微腔激光器由三个微腔激光器构成，采用单个光源作为激发源，激发激光阵列得到RGB激光，并利用匹配的透射式液晶屏对RGB像素激光进行混色，实现整个像素的灰度控制，且RGB微腔出射光为激光，保留了激光显示广色域、高饱和度的优点，显示装置中显示像素没有经过投影放大，便于实现高清画质图像。另外，由于每个微腔激光器相互独立，出射光之间不会产生相干叠加，因此不再需要复杂的消激光散斑装置。
40. 105223641 一种量子点激光器指向型背光模组及裸眼3D显示装置
CN
06.01.2016
G02B 6/00 Loading...
G02B 6/00
Loading...
201510622025.X
苏州苏大维格光电科技股份有限公司
陈林森
G02B 6/00
Loading...
一种量子点激光器指向型背光模组以及裸眼3D显示装置，包括至少两个互相紧密叠合的矩形导光板，导光板出光面含有不同纳米光栅取向的像素，光源组发出的蓝光经准直后进入导光板内部，导光板出光面的多组像素阵列将导光板内部的光耦合出导光板表面，形成不同取向的出射光，出射光照射在导光板表面对应的红色量子点像素激光器和绿色量子点像素激光器上，分别激发出红色和绿色光线，红、绿、蓝三色光线处于相同的出射方向，形成了具有不同出射角度的指向型白光背光源，这些出射角度与液晶显示器LCD的多视角图像对应，从而形成彩色3D显示，可以裸眼观察。
41. WO/2015/188646 SOLAR CELL SUPERFINE ELECTRODE TRANSFER THIN FILM, MANUFACTURING METHOD AND APPLICATION METHOD THEREOF
WO
17.12.2015
H01L 31/18 Loading...
H01L 31/18
Loading...
PCT/CN2015/075380
SVG OPTRONICS,CO., LTD.
ZHOU, Xiaohong
H01L 31/18
Loading...
Provided are a solar cell superfine electrode transfer thin film, manufacturing method and application method thereof. The electrode transfer thin film sequentially comprises from bottom to top a substrate (10), a release layer (20), a resin layer (30) and a hot melt adhesive layer (40); the resin layer (30) is formed with electrode trenches (31) therein; the electrode trenches (31) are formed with electrodes (50) therein; superfine conductive electrodes are continuously prepared on a transparent thin film via a roll-to-roll nanoimprinting method, the width of an electrode wire being 2 µm-50 µm, and the width of a typical line being 10 µm-30µm. Directly attach the superfine electrodes of the hot melt adhesive layer (40) to a solar cell by peeling off the substrate (10) material, and sintering at a high temperature to volatilize the hot melt adhesive layer (40) material while retaining the electrodes, thus the electrodes are integrally transferred, without poor local transfer, with the advantages of reliability, efficiency and convenience.
42. 105046309 一种光变色智能标签及其制作方法
CN
11.11.2015
G06K 19/06 Loading...
G06K 19/06
Loading...
201510530890.1
苏州苏大维格光电科技股份有限公司
陈林森
G06K 19/06
Loading...
一种光变色智能标签，包括薄膜层、离型层、保护层、金属半反层、间隔层、金属全反层及粘胶层，金属半反层、间隔层、金属全反层形成光变色区域，同时在保护层或金属半反层或金属全反层上，通过激光签注方式签注二维码，将光变色区域与二维码结合起来，以达到真伪识别和上网查验之目的，同时二维码信息容量大，占用面积小，可通过烫印工艺，将含有光变色区域、二维码的智能标签烫印到产品的包装上。
43. 104981356 一种彩色动态放大安全薄膜
CN
14.10.2015
B42D 25/00 Loading...
B42D 25/00
Loading...
201280075075.5
苏州苏大维格光电科技股份有限公司
叶燕
B42D 25/00
Loading...
一种彩色动态放大安全薄膜，包括微透镜阵列层（20）、基材层（21）和微图文层（22）。微图文层由背景区和图文区构成，图文区分布在背景区中。微图文层由上自下依次为半透半反金属层（223）、介质层（230）和金属薄膜层（231）。金属薄膜层为平面结构，图文区的介质层厚度大于背景区的介质层厚度。半透半反金属层厚度一致，在介质层上表面仿形设置，并嵌设在所述基材层的下表面（220）。半透半反金属层、介质层和金属薄膜层构成微腔干涉结构。该彩色动态放大安全薄膜可灵活实现微图文的彩色化输出，可利用压印方式作为大规模快速生产的有效手段，为光学安全薄膜器件提供一种重要的彩色化光学视读方案。
44. WO/2015/077926 SUPER-RESOLUTION MICROSCOPY IMAGING METHOD AND SYSTEM FOR CONTINUOUSLY ADJUSTABLE STRUCTURED LIGHT ILLUMINATION
WO
04.06.2015
G01B 11/25 Loading...
G01B 11/25
Loading...
PCT/CN2013/087883
SUZHOU UNIVERSITY
YE, Yan
G01B 11/25
Loading...
A super-resolution microscopy imaging method and system for continuously adjustable structured light illumination. The system comprises a computer (34), a light source (12), a Fourier transform optical path with a variable scale, a phase light-splitting device (9), a double telecentric projection optical system (19), an objective lens (30) with a large numeric aperture, a sample platform (32) and an area-array camera. It is characterized in that the Fourier transform optical path comprises a first Fourier transform lens or lens group (8) and a second Fourier transform lens or lens group (10), and the phase light-splitting device (9) is disposed between the two, has a continuously adjustable distance from the second Fourier-transform lens or lens group (10) and has a degree of freedom of motion to rotate around the optical axis of the Fourier transform optical path. The super-resolution microscopy imaging method and system for continuously adjustable structured light illumination can flexibly realize the interference fringe of a continuously variable spatial frequency and are used for structured light field illumination of a confocal microscopic optical system so as to realize spatial super-resolution imaging. In a nanosecond stroboscopic framing illumination mode, not only can the super-resolution microscopy imaging be realized to improve the nanometre detection reliability and detection speed, but the dynamic detection analysis of a sample can also be conducted to realize the detection of a transient nanostructure.
45. 104298080 Maskless laser direct writing stacking exposure method
CN
21.01.2015
G03F 7/20 Loading...
G03F 7/20
Loading...
201410621284.6
苏州苏大维格光电科技股份有限公司
朱鹏飞
G03F 7/20
Loading...
The invention discloses a maskless laser direct writing stacking exposure method. During X-direction moving of a precision motion platform, exposed graphs are subjected to equal-pixel translational display in the height direction of an SLM (Spatial Light Modulator); when the movement distance of the platform is equal to the pixel imaging translational quantity of the SLM, an exposure signal is sent to realize synchronous exposure of graphs and positions; after one-line exposure, the images in the width direction of the SLM are subjected to set-pixel translational display, and at the same time, the precision motion platform deflects for a corresponding set-pixel imaging distance in the Y direction so as to realize bidimensional stacking exposure in the height and width directions. The maskless laser direct writing stacking exposure method is flexible in measures, can obtain different exposure stacking folds so long as the X-direction displayed translational quantity and the Y-direction stacking fold are changed, conveniently realizes accurate control of the exposure metering, is small in graphic data quantity and achieves the same stacking exposure data amount at any number of times.
46. 204066150 一种基于动态光学放大效果的防伪智能卡
CN
31.12.2014
G06K 19/06 Loading...
G06K 19/06
Loading...
201420512814.9
苏州苏大维格光电科技股份有限公司
朱昊枢
G06K 19/06
Loading...
本实用新型公开了一种基于动态光学放大效果的防伪智能卡，通过将动态放大防伪膜嵌入智能卡的基体薄膜内部，实现智能卡的动态光学放大防伪，可同时起到防伪及美观的效果。而且，微透镜阵列结构和微图文阵列结构具有微米级或者纳米级结构，加工工艺要求高，且微透镜阵列结构与微图文阵列结构有效匹配，不同的卡片可对应设置不同的微图文标识，增加了防伪产品的制造难度，同时微纳米级的图文也无法用传统的复制和复印方法获得，具有显著的防伪效果。
47. 104191860 Colored dynamic three-dimensional moire image thin film based on micro printing and preparation method thereof
CN
10.12.2014
G02B 27/22 Loading...
G02B 27/22
Loading...
201410428043.X
苏州大学
申溯
G02B 27/22
Loading...
The invention discloses a colored dynamic three-dimensional moire image thin film based on micro printing and a preparation method of the colored dynamic three-dimensional moire image thin film. The moire image thin film comprises a transparent base material layer, a micro-lens array layer located on one side of the transparent base material layer, and a micro-pattern array layer located on the other side of the transparent base material layer. The micro-lens array layer comprises a plurality of micro-lenses arranged in an array. The micro-pattern array layer comprises a plurality of micro-patterns which are arranged in an array and are different in color. The array arrangement of the micro-lenses is matched with the array arrangement of the micro-patterns. The moire image formed by the moire image thin film is characterized by being colored, dynamic and three-dimensional, and an observer can directly observe a colored three-dimensional dynamic pattern without any special observation skills under any luminous environment.
48. 104191825 彩色动态图的激光打印装置及方法
CN
10.12.2014
B41J 2/435 Loading...
B41J 2/435
Loading...
201410448548.2
苏州苏大维格光电科技股份有限公司
魏国军
B41J 2/435
Loading...
本发明公开了一种彩色动态图的激光打印装置及方法，其中，彩色动态图的激光打印装置包括：光学系统和记录材料，记录材料包括由多个微球或微透镜形成的折光层、形成于多个微球或微透镜焦面上的遮光层；光学系统包括激光器和图形生成器件，激光器发出的激光经图像生成器件处理后，照射到记录材料上，照射到记录材料上的激光经折光层聚焦在遮光层上，当聚焦的激光的能量大于遮光层的蒸发阈值时，遮光层上相应形成聚焦点。通过本发明的彩色动态图的激光打印装置对激光束入射角度的偏转，在记录材料的焦面上形成不同位置的激光聚焦点，实现不同颜料的热堆积。重复入射角度的偏转，形成多通道颜色图形的激光打印，最终形成彩色多通道动态图像的再现。
49. 103921582 Variable color thermoprinting membrane and making method thereof
CN
16.07.2014
B41M 5/382 Loading...
B41M 5/382
Loading...
201410062088.X
苏州大学
叶燕
B41M 5/382
Loading...
The invention relates to a variable color thermoprinting membrane and a making method thereof. The variable color thermoprinting membrane includes a base membrane, a release layer, a transflective metal layer, an information medium layer, a total reflecting metal layer and a hot melt adhesive layer, the information medium layer is a yieldable organic medium coating, steps with different heights are arranged on the at least one surface of the information medium layer or in the information medium layer, and the height of each of the steps corresponds to the Fabri-Perot cavity of a color. The above Fabri-Perot cavities enable a plurality of variable color zones, variable color figures and characters to be formed on a same hot stamping membrane, can realize the change of the color effect with the viewing angle under different polarization, and the color of the novel thermoprinting membrane changes. The thermoprinting membrane is made in a roll-to-roll manner, a heat evaporation coating partially substitutes a vacuum sputter coating, the organic medium coating is made in an efficient nano-coating manner, and steps and a micro-nano structure are obtained through an impression means, and the method is simple and efficient, and is suitable for wide format production.
50. 103744271 Laser direct-writing system and photolithography method
CN
23.04.2014
G03F 7/207 Loading...
G03F 7/207
Loading...
201410042111.9
苏州苏大维格光电科技股份有限公司
朱鹏飞
G03F 7/207
Loading...
The invention relates to a laser direct-writing system and a photolithography method. The laser direct-writing system comprises a focal length measurement system and an exposure system, wherein the focal length measurement system adopts an offline way to measure the three-dimensional shape information of the surface of a whole object to be etched, then converts the three-dimensional shape information into focusing information and sends the focusing information to the exposure system; according to the focusing information, in the process that the surface of the object to be etched is photoetched, the exposure system regulates the focal length so as to suit the concave and convex degree of the surface of the object to be etched, and an exposure point always focuses on the surface of the photoetched object.
51. 103729673 Three-dimensional code and preparation method thereof
CN
16.04.2014
G06K 19/06 Loading...
G06K 19/06
Loading...
201410042013
苏州大学
魏国军
G06K 19/06
Loading...
The invention discloses a three-dimensional code and a preparation method of the three-dimensional code. The three-dimensional code comprises a plurality of spatially multiplexed two-dimensional coding patterns. The spatial multiplexing is that a plurality of two-dimensional coding patterns are recorded at the same space on the surface of a recording material at different angles, and the two-dimensional coding patterns are identified and read at the angle corresponding to the recorded angle by utilizing an identification reading engine when the two-dimensional coding patterns are decoded, so that two-dimensional coding pattern characters which are recorded at specific angles are analyzed respectively. Compared with a two-dimensional code, the space utilization rate of the three-dimensional code is increased, the information capacity is improved, and the two-dimensional code use and identification safety is improved by the multiplexing of a multi-view-angle channel and mutual authentication of the information.
52. WO/2014/019238 COLORED, DYNAMIC, AND AMPLIFIED SAFETY FILM
WO
06.02.2014
G02B 5/18 Loading...
G02B 5/18
Loading...
PCT/CN2012/079687
SUZHOU SVG OPTRONICS TECHNOLOGY CO., LTD
YE, Yan
G02B 5/18
Loading...
A colored, dynamic, and amplified safety film comprises a micro lens array layer (20), a base material layer (21), and a micro graphic layer (22). The micro graphic layer is formed by a background area and a graphic area, and the graphic area is distributed in the background area. The micro graphic layer comprises a semi-transparent and semi-reflective metal layer (223), a dielectric layer (230), and a metal film layer (231) successively from top to bottom. The metal film layer is of a planar structure. The thickness of the dielectric layer in the graphic area is greater than the thickness of a dielectric layer in the background area. The thicknesses of semi-transparent and semi-reflective metal layers are consistent and are disposed on upper surfaces of the dielectric layers in a profiling manner, and are embedded on a lower surface (220) of the base material layer. The semi-transparent and semi-reflective metal layer, the dielectric layer, and the metal film layer form a microcavity interference structure. The colored, dynamic, and amplified safety film can flexibly implement colorized output of a micro graphic, and can be used as an effective means for mass and rapid production in an imprinting manner, so as to provide an important colorized optical visual reading solution for an optical safety film device.
53. 103513316 Selective absorption filtering structure
CN
15.01.2014
G02B 5/22 Loading...
G02B 5/22
Loading...
201310456357.6
苏州大学
周云
G02B 5/22
Loading...
A selective absorption filtering structure comprises a substrate, a dielectric micro-nano unit located on the substrate and a metal layer located on the dielectric micro-nano unit. The metal layer totally covers the dielectric micro-nano unit, namely, the metal layer covers the ridge portion, the slot portion and the side wall of the dielectric micro-nano unit. The imaginary part of the dielectric constant of the metal layer needs to be larger than the absolute value of the real part of the dielectric constant. The filtering structure has relatively high absorption efficiency and is not sensitive to the angle and the polarization state of incident light. Meanwhile, manufacturing process is simple and easy to achieve. The structure can be applied to a solar cell to capture more energy and can provide a solution for achieving black in non-ink printing, and a traditional concept that black printing can be achieved only by means of pigments is changed.
54. 103488036 Holographic solid projection screen and projection method
CN
01.01.2014
G03B 21/60 Loading...
G03B 21/60
Loading...
201310437594.8
苏州苏大维格光电科技股份有限公司
楼益民
G03B 21/60
Loading...
The invention discloses a holographic solid projection screen and projection method. The projection screen comprises a substrate layer. An off-axis responding structure and a controllable diffusion structure are distributed by adhering to the surface of the substrate layer. The off-axis responding structure makes incident light wholly deflected to an observation zone. The controllable diffusion structure can make incident light to diffuse along a one-dimension direction or a two-dimension direction to realize linear interpolation of a scattering three-dimension space angular spectrum, form continuous three-dimension space information and achieve solid projection. Parameters of the off-axis responding structure and the controllable diffusion structure are modulated respectively and independently. The projected light rays are composed of multiple beams of light rays containing the angle image information and entering at different angles. The projected light rays are deflected to the observation zone by the off-axis responding structure and form diffusion light rays under the action of the controllable diffusion structure. The diffusion light rays of the light rays entering at different angles are mutually spliced to form a continuous space angular spectrum. According to the holographic solid projection screen and projection method, off-axis projection and holographic solid projection can be achieved at the same time, the solid effect is good and the energy utilization rate is high.
55. 103317229 一种标签签注方法与系统
CN
25.09.2013
B23K 26/064 Loading...
B23K 26/064
Loading...
201310291009.8
苏州大学
魏国军
B23K 26/064
Loading...
一种标签签注方法和签注系统，通过在原有的激光签注光路和记录材料之间增设一块会聚透镜，依赖会聚透镜对光线角度的改变，只需将会聚透镜物面侧的签注图像进行平移，就能在像面侧得到不同入射角度下的成像效果。不仅控制简单、成像效果好，而且能够利用该签注方法实现多种形式的签注，为个性化激光签注带来了新的应用。
56. 103279014 纳米图形化衬底制备装置与方法
CN
04.09.2013
G03F 7/20 Loading...
G03F 7/20
Loading...
201310236124.5
苏州苏大维格光电科技股份有限公司
浦东林
G03F 7/20
Loading...
一种纳米图形化衬底制备装置和方法，该制备方法依赖激光干涉曝光对衬底翘曲的不敏感性，克服蓝宝石衬底翘曲特性给现有图形化技术带来的离焦问题，并在制备装置中，设计了能够对相位和空间光场信息进行调制的光学系统，使得该激光干涉曝光系统能够对干涉光斑的形状大小和内部点阵分布进行控制，从而为衬底的纳米图形化工艺带来了工业化应用的可能。
57. 103268018 分束器件、多光束干涉光路系统
CN
28.08.2013
G02B 27/12 Loading...
G02B 27/12
Loading...
201310234223.X
苏州大学
袁晓峰
G02B 27/12
Loading...
一种分束器件及多光束干涉光路系统，该分束器件包括挡光母板，位于该挡光母板上的多个圆孔，以及位于该多个圆孔中的多个分束透镜，通过该多个分束透镜实现多光束的分束，具有原理简单，分束效果可调的优点，并且产生的分束光路不需要采用多个支路进行调整，使得本发明的多光束干涉光路系统的总体结构简单并且紧凑，为多光束干涉曝光带来的新的应用前景。
58. 103246195 三维激光打印方法与系统
CN
14.08.2013
G03H 1/26 Loading...
G03H 1/26
Loading...
201310166341.1
苏州苏大维格光电科技股份有限公司
陈林森
G03H 1/26
Loading...
本发明公开了一种三维激光打印方法与系统，采用四参量连续调制激光打印输出方法制备由按位置坐标排列的具有特定光栅空频和取向角的衍射像素构成的三维图像。衍射像素中光栅条纹参数的调制方法基于4F成像系统与衍射光栅实现，4F成像系统包括第一傅立叶变换透镜或透镜组与第二傅立叶变换透镜或透镜组，衍射光栅置于第一傅立叶变换透镜或透镜组与第二傅立叶变换透镜或透镜组之间，通过改变衍射光栅与第一傅立叶变换透镜或透镜组之间的距离，实现光栅条纹的空频的连续调制，通过旋转衍射光栅，实现光栅条纹的光栅取向角的连续调制。本发明实现了光栅空频和取向的连续可调，基于光栅空频和取向连续可变的四参量的微纳结构来编码形成三维彩色图像。
59. 103226288 一种紫外固化微纳米结构拼版装置及拼版工艺
CN
31.07.2013
G03F 7/00 Loading...
G03F 7/00
Loading...
201310152954.X
苏州大学
申溯
G03F 7/00
Loading...
一种紫外固化微纳米结构拼版装置及拼版工艺，包括基板平台、压印机主体、驱动装置和控制系统，其中压印机主体包括压辊、光源和喷嘴，压辊上卷设有透明软压模。本发明的拼版装置采用紫外光固化工作方式，不需加热，在常温下即可工作。在压印时采用辊筒与基底采用线接触方式，能够有效排除模版和拼版材料之间的气体，降低脱模难度。采用软压膜技术，成本低，效率高，对原始模版的损伤少。
60. 103048707 制作亚波长抗反射结构和亚波长抗反射结构压模的方法
CN
17.04.2013
G02B 1/11 Loading...
G02B 1/11
Loading...
201310000818.9
苏州大学
董晓轩
G02B 1/11
Loading...
一种亚波长抗反射结构的制作方法，该制作方法利用化学氧化还原反应制备的金属层在快速退火时金属层会发生自凝聚现象，然后金属层形成纳米结构的金属粒子；再利用金属粒子作为干法刻蚀的掩模进行干法刻蚀，最后形成亚波长的抗反射结构。本发明的制作方法，可以制作高效的亚波长抗反射纳米结构；具有广角宽谱的抗反射效果；采用湿法制作金属掩模降低了生产设备成本，同时工艺方法成本低廉，制作简单，并可实现大面积的制作。
61. 102937727 一种滤光结构
CN
20.02.2013
G02B 5/22 Loading...
G02B 5/22
Loading...
201210517067.3
苏州大学
周云
G02B 5/22
Loading...
一种滤光结构，用于可见光波段。该滤光结构由金属光栅-介质-金属膜三层结构构成，产生完美吸收的物理机制是由于激发了局域电磁共振，导致整个结构在宽波段范围内的等效阻抗与真空阻抗匹配，反射电磁被抑制，且由于金属膜的厚度较厚，电磁波也无法透射，从而形成宽带近完美吸收结构。该结构可应用在太阳能电池中捕获更多的能量，也能为无油墨印刷中实现黑色提供解决方案，改变必须使用颜料才能实现黑色印刷的传统观念。
62. WO/2012/162880 REFLECTIVE COLOR FILTER
WO
06.12.2012
G02B 5/26 Loading...
G02B 5/26
Loading...
PCT/CN2011/074961
SVG OPTRONICS, CO., LTD
YE, Yan
G02B 5/26
Loading...
A reflective color filter comprises a medium grating layer (220), a metal layer (230), and a first medium layer (240). The metal layer is provided on the ridge portion, at least one side portion, and a part of the groove portion of the medium grating layer. The first medium layer reflecting outside light is provided on the medium grating layer and the metal layer. Because a part of the medium grating layer is exposed through an opening of the metal layer on the groove portion, the angular sensitivity of the resonance output is reduced, and the influence of the incident angle on the resonance condition is diminished. Therefore, a reflection filtering can be realized in a wide angular area.
63. WO/2012/159397 METHOD FOR MAKING COLOR IMAGE AND COLOR FILTER MANUFACTURED WITH THE METHOD
WO
29.11.2012
G02B 5/20 Loading...
G02B 5/20
Loading...
PCT/CN2011/079933
SOOCHOW UNIVERSITY
CHEN, Linsen
G02B 5/20
Loading...
A method for making a color image and a color filter manufactured with the method. The color of the color image and the color of the color filter are characterized by resonance features of a Fabry-Perot resonant cavity (100). Through a nanoimprint technology, Fabry-Perot resonant cavities with different thicknesses are manufactured, and the Fabry-Perot resonant cavities with different thicknesses correspond to red, green and blue respectively. The red, green and blue Fabry-Perot resonant cavities are distributed according to the color separation principle, and a combination thereof has the effect of representing a whole image macroscopically.
64. 102798918 Reflecting color filter
CN
28.11.2012
G02B 5/26 Loading...
G02B 5/26
Loading...
201110136699.0
苏州大学
周云
G02B 5/26
Loading...
The invention relates to a reflecting color filter, which comprises a substrate, a high-reflecting metal layer, a resonant cavity layer and a half-reflecting and half-transmitting metal layer, wherein an interface part of the resonant cavity layer and the half-reflecting and half-transmitting metal layer has a wire grating structure; the half-reflecting and half-transmitting metal layer covers the wire grating structure to form a metal grating; and the period of the metal grating is less than 400 nm. By adjusting parameters such as the thickness of a wire grating resonant cavity, the radio of the width to the period of a wire grating, the thickness of a reflecting layer 2 and the thickness of a coverage layer, the reflecting color filter which is low in angle sensitivity, appropriate in bandwidth and low in sideband reflectivity can be obtained, and the reflecting filtration of different colors can be realized.
65. WO/2012/079239 COLOR FILTER
WO
21.06.2012
G02B 5/20 Loading...
G02B 5/20
Loading...
PCT/CN2010/079905
SVG OPTRONICS, CO., LTD.
YE, Yan
G02B 5/20
Loading...
A color filter (200) includes a substrate layer (210) and a medium grating layer (220) provided on the substrate layer. The medium grating layer has a metal profiling film (230) and a grating structure which is periodically arranged. The metal profiling film covers the ridge part (221) of the grating structure, covers the side part (223) of one side or two sides of the grating structure, and covers a part of the groove part (222) of the grating structure. The area of the groove part of the grating structure covered by the metal profiling film is 30%~95% of the total area of the side part and the groove part. By providing the metal profiling film, the original plasma resonance condition of the metal surface is destroyed, and the effect on the resonance condition generated by the incident angle of the light is reduced, thereby the angle range of the filter can be widened.
66. 102418302 一种光学隐形水印安全纸
CN
18.04.2012
D21H 21/48 Loading...
D21H 21/48
Loading...
201110323728.4
苏州大学
陈林森
D21H 21/48
Loading...
一种光学隐形水印安全纸。该安全纸利用亚波长光栅作为水印图像的像素点，使水印图像只有在掠射光入射时，才能在特殊的掠射角度下被观察到，既实现了反射性的光学水印、提高了光学水印的制作门槛，使水印图像的仿制难度大大增加，又简化了水印图像的可观察性，不需要使用额外的特殊工具就能在普通光源下看到。因此，本发明提出的具有光学隐形水印的安全纸具有广泛的应用领域。
67. 102346269 一种反射式彩色滤光片
CN
08.02.2012
G02B 5/26 Loading...
G02B 5/26
Loading...
201110352070.X
苏州大学
周云
G02B 5/26
Loading...
一种反射式彩色滤光片，包括三种颜色的像素阵列，每种颜色的像素为光栅结构，该光栅结构包括基底、介质光栅以及金属层，所述金属层全覆盖于介质光栅上，该金属层的厚度小于所述介质光栅槽宽的一半，所述介质光栅的厚度与所述光栅结构滤光颜色的补色光相对应。该反射式滤光片基于减色原理进行滤光，不仅具有较高的光能利用率，同时具有低的角度敏感性和利于制作等特点。
68. 102331687 一种步进式光学加工系统和加工方法
CN
25.01.2012
G03F 7/20 Loading...
G03F 7/20
Loading...
201110323729.9
苏州大学
胡进
G03F 7/20
Loading...
一种步进式光学加工系统和光学加工方法，该系统包括加工平台、光学头、中央控制系统和位置补偿系统，其中位置补偿系统包括空间光调制器、位置检测系统和图形控制器，所述空间光调制器具有位置补偿区，该空间光调制器上显示的加工图形可以在该位置补偿区中偏移，通过加工图形的偏移来补偿由机械运动产生的位置误差，提高了加工的精度和效率。本发明还提供了一种使用上述光学加工系统的光学加工方法。
69. WO/2012/006854 LIGHT GUIDE FILM MANUFACTURING DEVICE
WO
19.01.2012
G02B 6/00 Loading...
G02B 6/00
Loading...
PCT/CN2010/079736
SVG OPTRONICS CO., LTD
WU, Zhihua
G02B 6/00
Loading...
A light guide film manufacturing device includes a feed roll (1), a receiving roll (20), a separation device, a stamp device and a coating device. Firstly, a protective layer and a base material layer of the light guide film are separated by the separation device. Secondly, light guide net points are stamped on the stay machined surface of the base material layer by the stamp device. The base material layer is covered with the separated protective layer by the coating device. Lastly, the finished light guide film is received by the receiving roll. Said light guide film manufacturing device has high output, low costs, and can manufacture large size of product.
70. 102280075 Method for forming colored image
CN
14.12.2011
G09F 9/30 Loading...
G09F 9/30
Loading...
201110219806.6
Soochow University
Zhou Xiaohong
G09F 9/30
Loading...
The invention provides a method for forming a colored image. The forming method comprises the following steps of: analyzing a color combination of the colored image, and manufacturing light guide images with corresponding colors on a corresponding light guide film; and recombining the light guide images to form a complete colored image, or forming a luminous image with a dynamic effect by controlling a luminous sequence of independent light guide images. In the method for forming the colored image, because a thin and light guide film material serves as a carrier of the luminous image, the image has the advantages of small volume, low cost and more attractive appearance and can be applied to various occasions such as print advertisements, interior decoration and the like.
71. 102063951 Transparent conductive film and manufacturing method thereof
CN
18.05.2011
H01B 5/14 Loading...
H01B 5/14
Loading...
201010533228.9
SVG Optronics Co., Ltd.
Chen Linsen
H01B 5/14
Loading...
The invention provides a transparent conductive film. The transparent conductive film comprises a transparent substrate and a conductive metal, wherein grooves for embedding conductive metal particles and grids for transmitting light are pressed on the transparent substrate by nanoimprint lithography technology; and by designing the line width and the depth of the grooves and the specific gravity of the grooves to the whole transparent conductive film, the transparent conductive film with high transparency and conductivity is manufactured. Meanwhile, the conductive metal part is embedded inside the transparent substrate and is difficult to separate and oxidize, and the transparent substrate can be made of a flexible material, so the transparent conductive film which can be applied in various situations can be developed. Furthermore, the invention also provides a manufacturing method of the transparent conductive film.
72. 102009517 Method for making metal mother board
CN
13.04.2011
B41C 3/08 Loading...
B41C 3/08
Loading...
201010287422.3
SVG Optronics Co., Ltd.
Wu Zhihua
B41C 3/08
Loading...
The invention relates to a method for making a metal mother board. The metal mother board is made by splicing at least two metal daughter boards together, and each metal daughter board has lines of a laser image. In the method, an abutted seam between the at least two metal daughter boards is stuffed mainly in an electroforming manner, wherein a concave-convex structure is arranged on the abutted edge of each metal daughter board, and the concave-convex structures of adjacent daughter boards are matched with each other. By adopting the concave-convex structures, the electroforming strength among metal daughter boards is increased, simple and accurate counterpoint is also realized, and the quality of the finished product of the metal mother board is improved.
73. 101976020 Photoetching device and photoetching method
CN
16.02.2011
G03F 7/20 Loading...
G03F 7/20
Loading...
201010503788.X
SVG Optronics (Suzhou) Co., Ltd.
Pu Donglin
G03F 7/20
Loading...
The invention relates to a photoetching device and a photoetching method. The photoetching device is characterized in that a detection device is arranged in the conjugation position of a diaphragm according to the reversibility principle of a light path; the detection device can detect the convergence and imaging information of light rays on the surface of an object to be photoetched; and the quality of photoetching light points is enhanced. At the same time, the photoetching method can realize that automatic focusing can be instantaneously and accurately carried out either the defocusing phenomenon resulted from the unevenness condition of the surface of the object to be photoetched or the defocusing phenomenon resulted from the refractive index change because of filling solution heating appearing in the etching course by utilizing the photoetching device so that the photoetching quality of movable type exposure can be ensured.
74. 101943859 Reel-to-reel ultraviolet nanometer coining device and method
CN
12.01.2011
G03F 7/00 Loading...
G03F 7/00
Loading...
201010224532.5
SVG Optronics Co., Ltd.
Wu Zhihua
G03F 7/00
Loading...
The invention discloses a reel-to-reel ultraviolet nanometer coining device and a reel-to-reel ultraviolet nanometer coining method. The device comprises a conveyance device, a coating device, a pre-curing device, a coining device and a reinforced-curing device. A material to be coined is conveyed by the conveyance device, uniformly coated with ultraviolet glue by the coating device, leveled and half-cured by the pre-curing device, conveyed to the coining device for coining and finally cured and molded by the reinforced-curing device. Compared with the conventional nanometer coining technology, the coining device of the invention has higher production efficiency and yield. The invention also discloses a method for realizing reel-to-reel ultraviolet nanometer coining by utilizing the device.
75. 101937115 Device for manufacturing light guide film
CN
05.01.2011
G02B 6/00 Loading...
G02B 6/00
Loading...
201010224529.3
Suzhou SVG Optronics Co., Ltd.
Wu Zhihua
G02B 6/00
Loading...
The invention discloses a device for manufacturing a light guide film, which is used for manufacturing a convolution cylinder-shaped light guide film. The device comprises a discharging roll, a collecting roll, a separating device, a press printing device and a compounding device, wherein a protective layer and a base material layer of the light guide film are separated by the separating device; light guide screen dots are printed on the surface to be machined of the base material layer through the press printing device; the stripped protective layer is newly compounded on the base material layer through the compounding device; and finally a complete light guide film is formed by recovery through the collecting roll. The device for manufacturing the light guide film of the invention has the characteristics of high yield, large manufacturing size and low cost.
76. 101930207 Micro-grating sub-pixel three-dimensional optical image and making method thereof
CN
29.12.2010
G03H 1/02 Loading...
G03H 1/02
Loading...
201010238377.2
SVG Optronics Co., Ltd.
Wei Guojun
G03H 1/02
Loading...
The invention discloses a micro-grating sub-pixel three-dimensional optical image, which is formed by pixel array structures arranged on a plane, and the image contains sub-visual angle image information of multiple visual angles. The micro-grating sub-pixel three-dimensional optical image is characterized in that: each pixel consists of a plurality of sub-pixels; each sub-pixel corresponds to an image of one visual angle at the pixel; each sub-pixel is a grating image unit; and the stripe orientation of each grating image corresponds to each visual angle, and the periods of stripes represent color information. The making method comprises the following steps of: designing three-dimensional diffraction optical image data; designing a template image with a sub-pixel stereoscopic structure; generating a voxel image according to the image data and a template; and micro-shrinking a photoetching sub-pixel stereoscopic image unit to obtain a three-dimensional diffraction optical image formed by the sub-pixel stereoscopic unit. By the making method, three-dimensional images can be outputted in a digitized mode.
77. 101850680 Safety film with dynamic three-dimensional effect
CN
06.10.2010
G02B 27/22 Loading...
G02B 27/22
Loading...
201010180251.4
SVG OptronicsSuzhouCo., Ltd.
Chen Linsen
G02B 27/22
Loading...
The invention discloses a safety film with a dynamic three-dimensional effect, which comprises a microlens array layer, a substrate layer and a micro graphic layer. The micro graphic layer comprises at least six micro-graphics; and when the safety film is used, the micro graphic layer is arranged near the focal plane of the microlens array layer. The safety film is characterized in that the central coordinates of each microlens in the microlens array layer are distributed at random in the microlens array layer, and the microlenses in the microlens array layer correspond to the micro-graphics in the micro graphic layer. Due the use of the Moore amplification technology and the microlenses, the invention realizes multiple unique visual effects, reduces the process flow, and can be directly manufactured on the PET, PMMA, PC and other organic film materials in addition to ultraviolet imprinting. Moreover, the safety film has high performance.
78. 101846890 Parallel photoetching write-through system
CN
29.09.2010
G03F 7/207 Loading...
G03F 7/207
Loading...
201010170978.4
Suzhou University
Chen Linsen
G03F 7/207
Loading...
The invention discloses a parallel photoetching write-through system which comprises a light source, a pattern generating system, an optical system, a control system, a moving system and a workpiece platform. The parallel photoetching write-through system is characterized by also being provided with a focusing servo system, the focusing servo system comprises a detection light path, a sensor and a focusing device, the optical system comprises a micro-system and a detection light path, wherein the micro-system adopts a double axifugal optical system, the detection light path comprises a detection light source, a first light splitter arranged in the double axifugal optical system and a second light splitter arranged between the detection light source and the first light splitter; detection light enters the double axifugal optical system through the first light splitter and irradiates on a workpiece of the workpiece platform; reflective light is received by the sensor through the first light splitter and the second light splitter; and the control system controls the action of the focusing device according to signals of the sensor to realize servo focusing. The invention can realize accurate photoetching of a submicron micro-structure by combining with a focusing imaging servo system.
79. 201516538 双光学头激光并行加工的光刻系统
CN
30.06.2010
B23K 26/00 Loading...
B23K 26/00
Loading...
200920235369.5
苏州苏大维格光电科技股份有限公司
邵其文
B23K 26/00
Loading...
本实用新型公开了一种双光学头激光并行加工的光刻系统，包括工作平台、光学平台和光学平台驱动装置，其特征在于：所述光学平台驱动装置主要由平行设置于工作平台上方的横梁，位于横梁两端的一对Y方向直线导轨、驱动横梁沿Y方向直线导轨运动的直线电机，位于横梁上的X方向直线导轨、驱动光学平台沿X方向直线导轨运动的直线电机构成；设有两个独立的光学平台，每一光学平台上固定有一组激光光源和光学头。本实用新型能够快速、有效地实现大幅面的激光光刻。
80. 201395509 一种步进式微区压印系统
CN
03.02.2010
B81C 1/00 Loading...
B81C 1/00
Loading...
200920039610.7
苏州苏大维格光电科技股份有限公司
皮利华
B81C 1/00
Loading...
本实用新型公开了一种步进式微区压印系统，包括放置待压印基板的工作平台，安装压印模仁的压印头及其驱动装置，固化结构及控制装置；以待压印基板所在平面为x－y平面，所述工作平台与所述压印头具有x轴和y轴方向的相对平移运动自由度，所述压印模仁的驱动装置包括数控的使压印模仁绕z轴旋转的旋转运动装置和数控的z轴方向的平移运动装置，所述控制装置提供各运动装置的控制信号、固化信号，并实现压力控制。本实用新型采用了结构合理的压印模仁的驱动装置，并配合自调平机构，提高了模仁压入的平衡、均匀及其与基板表面的垂直性，使整个装置具有稳定的压力输出，避免了压印模仁的损耗。
81. 101551482 Color filtering disc with subwavelength grating structure and manufacturing method thereof
CN
07.10.2009
G02B 5/23 Loading...
G02B 5/23
Loading...
200910028285.9
Suzhou University
Zhou Yun
G02B 5/23
Loading...
The invention discloses a color filtering disc with subwavelength grating structure and a manufacturing method thereof. The filtering disc comprises a transparent base and tricolor pixel array positioned on the base and is characterized in that the tricolor pixel array is formed by a grating array which is formed by a medium layer and a metal layer; the metal layer is positioned outside the medium layer; the period of each grating corresponds to the color of the filtering light; the gratings with three types of periods are respectively used for filtering to red, green and blue in incident light. The manufacturing method comprises the following steps of: coating the medium layer and the metal layer on the transparent base in sequence and using the medium layer and the metal layer to form a concave-convex grating structure. The invention can obtain transmitted spectrum to three colors of red, green and blue by only needing to change the period of the gratings, thus reducing the difficulty for processing the color filtering disc; and the obtained filtering disc has proper transmitted spectrum, good color purity and high transmission for polarized light.
82. 101546003 Colored filter with grating structure
CN
30.09.2009
G02B 5/20 Loading...
G02B 5/20
Loading...
200910031264.2
Suzhou University
Ye Yan
G02B 5/20
Loading...
The invention discloses a colored filter with a grating structure, which mainly comprises a substrate, a black matrix, a color filter layer, a protective layer and an ITO conducting film and is characterized in that the substrate is covered with a dielectric layer, the refractive index of the dielectric layer is larger than 1.65, the color filter layer is an embedded submicron grating which consists of a metal layer and a low-index dielectric layer, the metal layer is arranged at one side close to the substrate, the low-index dielectric layer is arranged at one side far from the substrate, and the refractive index of dielectric material is smaller than 1.65; and grating units of different colors are obtained by different grating structural parameters. The invention is based on the submicron embedded metal grating structure, has same transmitted spectrum characteristic under TE and TM polarized lights, has high utility rate of luminous energy, improves the purity of output light and can be manufactured in super large breadth.
83. 101546004 Colored filter
CN
30.09.2009
G02B 5/20 Loading...
G02B 5/20
Loading...
200910031267.6
Suzhou University
Ye Yan
G02B 5/20
Loading...
The invention discloses a colored filter which mainly comprises a substrate, a black matrix, a color filter layer, a protective layer and an ITO conducting film and is characterized in that the color filter layer is a cascade submicron grating which is formed by the cascade connection of two-dimensional submicron dielectric gratings and metal gratings, wherein the dielectric gratings are arranged at one side close to the substrate, the refractive index of the dielectric gratings is larger than 1.65, the metal gratings are arranged at one side far from the substrate, and the structural parameters except for the grating depth of an upper grating and a lower grating which are at the same position are same; and grating units of different colors are obtained by different grating structural parameters. The colored filter has same transmitted spectrum characteristic under TE and TM polarized lights, has high utility rate of luminous energy, improves the purity of output light, can be manufactured in super large breadth, is convenient to be produced in batches and is convenient to be designed to be flexible and controllable.
84. 101526672 Optical imaging film
CN
09.09.2009
G02B 27/09 Loading...
G02B 27/09
Loading...
200910025423.8
SVG Optronics(Suzhou)Co., Ltd.
Lou Yimin
G02B 27/09
Loading...
The invention discloses an optical imaging film which comprises an imaging component and a shading component and is characterized in that the imaging component and the shading component both adopt film structures, planes where the imaging component and the shading component are in are parallel to each other, wherein the imaging component comprises at least two microlens arrays, the shading component is positioned at the entrance pupil or exit pupil position of an imaging system, the shading component is provided with an aperture stop array, each aperture stop and the corresponding microlens unit in each microlens array form an imaging channel, each imaging channel accords with the comprehensive imaging condition, and at least one surface of the film structure formed by the imaging component and the shading component is coated with a bonding layer. The invention utilizes micro components of the microlens arrays and the aperture stop array to form the imaging system, has the advantages of small volume, light mass, mass production, low fabrication cost, and the like, and can be conveniently adhered or attached on the surface of objects such as various pictures, displays, and the like to form the corresponding optical imaging effect.
85. 101520522 Integrated brightening diffusion sheet
CN
02.09.2009
G02B 3/00 Loading...
G02B 3/00
Loading...
200910030836.5
Suzhou University
Zhuang Xiaolei
G02B 3/00
Loading...
The invention discloses an integrated brightening diffusion sheet, which comprises a body provided with an incident face and an emergent face arranged oppositely, and is characterized in that the inside of the incident face is provided with a microlens array consisting of a plurality of microlenses with low depth-to-width ratio between 0.01 and 0.1; the inside of the emergent face is provided with a microlens array consisting of a plurality of microlenses with high depth-to-width ratio more than 0.25; and filler factors of the microlens array with the low depth-to-width ratio and the microlens array with the high depth-to-width ratio are not less than 60 percent. The microlens array with the low depth-to-width ratio and the microlens array with the high depth-to-width ratio are arranged inside the incident face and the emergent face respectively; and organic combination of the two can effectively improve the gain ratio and the utility rate of luminous energy, and realize an integrated optical film with diffusion and brightening complex function so as to reduce the production cost of a backlight module and the thickness of a finished product of the backlight module, and simplify manufacture process.
86. 101510053 Optical lens for ultraviolet laser interference photolithography straight-writing system
CN
19.08.2009
G03F 7/20 Loading...
G03F 7/20
Loading...
200910028297.1
Suzhou University
Pu Donglin
G03F 7/20
Loading...
The invention discloses an optical lens which is used for an ultraviolet laser interference lithography direct writing system, being characterized in that the optical lens consists of an object space lens group A and an image space lens group B; the lens group A consists of three pieces of lens: A3, A2 and A1, and the lens group B consists of four pieces of lens: B1, B2, B3 and B4; the light propagation direction is A3, A2, A1, B1, B2, B3, and B4 in sequence; and wherein, A1 and B1 are meniscus-type concave lenses, A2 and B2 are double convex lenses, and A3, B3 and B4 are meniscus-type convex lenses. The image space lens of the invention adopts a four-piece structure design; therefore, the numerical aperture thereof is large, and the structure of the interference fringes is fine; by limiting the object space numerical aperture, the number of lenses can be decreased, the accumulated process error in actual processing can be reduced, and the coordination with the diffraction grating of an interference lens object space is easy; and the manufacture of a sub-wavelength structure can be realized on the laser interference direct writing system.
87. 101510565 Solar cell synergistic film
CN
19.08.2009
H01L 31/0216 Loading...
H01L 31/0216
Loading...
200910030083.8
Suzhou University
Zhou Fang
H01L 31/0216
Loading...
The invention discloses a solar battery synergy membrane which is characterized by consisting of a transparent membrane structure, on the surface of which focus lenticule structures are distributed; the parallel sunlight can be focused on the photosensitive area of the surface of the solar battery by the array of lenticules, therefore, the photon density on the surface of the photosensitive area is increased, which is equivalent to the reduction of the area of the photosensitive area to the same output power, thus effectively improving conversion efficiency and reducing production costs; and with the flexion reflection and refraction of the array of lenticules, the light reflected by the surface of the solar battery can be reflected to the photosensitive area, thus improving the utilization rate of the light. No obvious temperature change takes place on the solar battery, and therefore the fill factors and service life of the solar battery are not reduced.
88. 101476698 Press-key backlight light-guiding film and its production method
CN
08.07.2009
F21V 8/00 Loading...
F21V 8/00
Loading...
200910028295.2
Nicrotek Co., Ltd.
Zhou Xiaohong
F21V 8/00
Loading...
The invention discloses a key backlight light guide film and a manufacturing method thereof. The light guide film mainly comprises a transparent light guide film layer and light guide screen dots which are arranged on the light guide film layer. The light guide film is characterized in that the light guide screen dots are fully distributed in a luminous area of the light guide film layer, and adjacent light guide screen dots are tightly arrayed; the depth of each light guide screen dot is changed according to the distance of the light guide screen dot and a light source on the basis of an optical principle so as to achieve uniform light guide. The manufacturing method comprises the following steps: setting the depth of each light guide screen dot according to the optical principle; preparing a metal mold; and preparing the light guide film adopting a heat pressing or UV pressing mode. The method for preparing the metal mold comprises: adopting laser to etch the screen dots by changing the depth; preparing a mother matrix; and obtaining the metal mold by electrocasting. The light guide film has no specific requirements on the transparency of a transparent area of keys, and solves the problem that a transparent crystal key mobile phone cannot use the light guide film. At the same time, the light guide film can improve the transparency of the mobile phone keys, and increase the energy utilizing rate of the backlight.
89. 101477326 Three-dimension graphics direct-writing method with multi-vision angle graphical input
CN
08.07.2009
G03H 1/12 Loading...
G03H 1/12
Loading...
200910028296.7
SVG Optronics, Co., Ltd.
Chen Linsen
G03H 1/12
Loading...
The invention discloses a three-dimensional graph direct writing method for multi-visual angle graphic input, which comprises the following steps: firstly, acquiring sub-visual angle planar digital images of a three-dimensional object; secondly, performing color separation on each image, splitting the image into subgraphs, and forming subgraphs with same corresponding positions in various images into a group; thirdly, acquiring a group of subgraphs, respectively adopting an iterative Fourier transform principle to calculate light field distribution of each subgraph in a far field, extracting phase information, arranging the phase information according to the visual angle, and encoding the phase information into H1; fourthly, using a spatial light modulator to display the H1, laying the H1 on a front focal plane of a lens, forming multi-visual angle image reproduction on a rear focal plane of the lens, introducing interference light, and recording reproduced images on recording materials through an interference light path; fifthly, moving the position of the recording materials corresponding to the position of the next group of subgraphs; and sixthly, repeatedly executing the steps until all the subgraphs are recorded, and realizing recording of a three-dimensional graph. The three-dimensional graph direct writing method uses a mode of laser direct writing to manufacture the three-dimensional graph which has rich information expression characteristic.
90. 101290364 Colorful filter manufacture method and device
CN
22.10.2008
G02B 5/23 Loading...
G02B 5/23
Loading...
200810123711.2
Suzhou SVG DigitOptics Co., Ltd.
Zhou Xiaohong
G02B 5/23
Loading...
The invention discloses a production method and a device for a colored filter. The production method is as follows: four heat transfer films with color layers are respectively obtained; one heat transfer film is adhered on the surface of a substrate of a colored filter, a rectangular laser beam is adopted to instantaneously irradiate the corresponding position of the heat transfer film according to the arrangement positions of picture elements, so that the color layer of the heat transfer film is transferred onto the surface of the substrate, the irradiation positions are adjusted, and the steps are repeated to realize the transfer of all the picture element units with the same color; the heat transfer film is replaced, the steps are repeated so that the four colors are transferred, thereby obtaining the needed colored filter. During the whole process of the invention, the relative position of the substrate does not change, which solves the problem that the prior method needs a high-precision contraposition, and can control the size of picture element patterns through the size of light spots of the laser; at the same time, the method is applicable to the production of flexible colored filters.
91. 101279555 Method of laser digital coloured drawing
CN
08.10.2008
G02B 26/10 Loading...
G02B 26/10
Loading...
200810123712.7
Suzhou Sudawei Digital Optical Co., Ltd.
Wei Guojun
G02B 26/10
Loading...
The invention discloses a method for laser digital colored drawing, which comprises: (1) a heat transfer printing film including an information layer is attached to the surface of the material going through the colored drawing; (2) the relative position of an optical head and the material going through the colored drawing is adjusted so as to ensure that the irradiating position of the laser beam to target the position of drawing pixels, (3) the laser beam is ensured to perform the instant heating to causes the information layer of the heat transfer printing film on the surface of the material to be melted and dropped off so as to be attached on the material going through the colored drawing; (4) according to position data of the predetermined image pixels, the step (2) and the step (3) are executed once again until the drawing of the information layer is completed; (5) the heat transfer printing film including another information layer is replaced, the step (1) and the step (4) are repeated until the drawing of all of the information layers is completed, namely the required laser digital colored drawing is realized. The method has the advantages of flexible control, high image precision, good colored drawing effect, more particularly, the capability of drawing the optical variable images with metal texture, etc., and is suitable for the application of digital laser colored drawing in the industries of digital printing, anti-counterfeiting and textile.
92. 101161400 Method for manufacturing mould core of light conducting plate
CN
16.04.2008
B23K 26/36 Loading...
B23K 26/36
Loading...
200710135195.0
Suzhou Weiwang Technology Co., Ltd.
Zhou Xiaohong
B23K 26/36
Loading...
The present invention discloses a method for making the mold cavity of the light conducting plate, a light-conducting net point structure is prepared and forms at the surface of the parent metal, and the invention comprises the following characters: the parent metal is a metal parent metal with smooth surface, in the preparing method of the light conducting net point structure the high power pulse laser is used to focus on the surface of the metal parent metal through the reshaping light path, the needed light conducting net point structure is directly etched and formed, meanwhile, the prepared mold cavity is used as a mother board to do duplicating with electroforming technique, and the needed concave or convex mold cavity which is suitable for the preparing of the light conducting plate is prepared. The invention directly does etching at the surface of the smooth metal substrate and products the high-precision light conducting mold cavity, the invention has the advantages of easy entire process flow, high production precision, greatly shortening the production period, simplifying the industrial process, reducing the cost and having a faster market reacting capability.
93. 101162278 Leaded light component structure in structure backlight module and preparation method thereof
CN
16.04.2008
G02B 6/00 Loading...
G02B 6/00
Loading...
200710135196.5
Suzhou Weiwang Technology Co., Ltd.
Zhou Xiaohong
G02B 6/00
Loading...
The invention discloses a light-guide module structure in a back light module, comprising light-guide base material and light-guide mesh points structure made on the surface of the light-guide base material; the invention is characterized in that: the light-guide module structure comprises at least two layers of light-guide base material overlapped, and each layer of the light-guide base material is a light-guide film with thickness of 50cm to 150 cm; the positions of the light-guide mesh points structure of all layers are complementary to each other; the manufacturing method of the invention is that: (1) the number of layers is determined according to the thickness of LED light source and the thickness of the light-guide film; (2) the original distribution of the light-guide mesh points are determined according to the lightness data and the lighting area of LED light source; (3) corresponding adjustment is performed according to the data of procedure(2) and the distributing way of the light-guide mesh points; (4) a corresponding sample of the light-guide module is manufactured; (5) each layer of light-guide film is manufactured and then is assembled. The invention makes fully use of the energy of the LED light source, and effectively enhances the lighting uniformity; the structure of a plurality of layers overlapped gives a better tactility.
94. 101135776 Diffraction color changing laser marking method and apparatus thereof
CN
05.03.2008
G02B 26/10 Loading...
G02B 26/10
Loading...
200710153957.X
Suzhou University Vige Digital Optics Co., Ltd.
Xie Zhengdong
G02B 26/10
Loading...
The method thereof comprises: using a high power semiconductor pumping solid state laser as light source; the laser beam satisfies the requirement of interference; using a beam-splitting component to generate a beam-splitting light; using a optical lens group to converge the light spot on the material surface to form an even interference fringe optical field; the laser power density on the surface of the materials is over a damage threshold to form the fringe etch; by controlling the scan, realizing the marking of diffracted light color-changed image.
95. 101100156 False proof structure used for card and certificate and its identifying method
CN
09.01.2008
G02B 5/18 Loading...
G02B 5/18
Loading...
200710025250.0
Suzhou SVG DigitOptics Co., Ltd.
Luo Junyi
G02B 5/18
Loading...
The present invention discloses anti-fake structure for cards, and the anti-fake card is provided with mark pattern comprising raster structure and features that the mark pattern includes at least two kinds of pattern areas with orthogonally arranged raster structures to constitute double visual channels. The raster structures have period of 300-500 nm, slot depth of 50-150 nm and filled transparent high refractive index dielectric layer of 20-30 nm thickness and refractive index higher than 1.6. The pattern of the present invention has obvious visual characteristic capable of being recognized easily and convenient identification of the truth. The micro anti-fake structure has structural data calculated based on strict coupled wave theory, is made by means of advanced electronic beam or laser beam interference photoetching technology, and possesses high safety.
96. 101030027 Projection screen with holographic cylindrical lens structure
CN
05.09.2007
G03B 21/60 Loading...
G03B 21/60
Loading...
200710039275.6
Sudaweige Digit Optical Co., Ltd., Suzhou
Wu Zhihua
G03B 21/60
Loading...
A projection screen with holographic cylindrical surface lens consists of screen body, Fresnel lens layer and holographic cylindrical surface lens array layer. It is featured as attaching speckle information structure on said lens array layer, obtaining speckle information structure by utilizing an outgoing light via holographic cylindrical surface lens and speckle screen as object light to interference with reference light to form image then using light path condition made by speckle information structure to limit said lens array layer and said speckle information structure.
97. 101030028 Diffraction projecting screen and its production
CN
05.09.2007
G03B 21/60 Loading...
G03B 21/60
Loading...
200710039276.0
Sudaweige Digit Optical Co., Ltd., Suzhou
Zhou Lei
G03B 21/60
Loading...
A new type of diffraction-projection screen consists of screen body and protection layer covered on surface of screen body. It is featured as forming said screen body by transparent or semitransparent material, distributing holographic units on said screen body and forming spot array structure of said unit based on speckle image plane holography. The method for preparing said screen is also disclosed.
98. 101016634 Method of preparing metal roller with surface relief microstructure
CN
15.08.2007
C25D 1/00 Loading...
C25D 1/00
Loading...
200610155974.2
Soochow University
Wei Guojun
C25D 1/00
Loading...
The invention discloses a preparing method of metallic roller with surface relief microstructure, which comprises the following steps: (1) applying photo resist on the metallic roller; producing microstructure mask on the photo resist; removing light part until metallic surface emergence through development; (2) placing the processing metallic roller in electromoulding solution; connecting to electrical source negative pole; proceeding metallic electrodeposition with the thickness of deposition at 150-500 nanometer; (3) getting out of metallic roller from electromoulding solution; removing surplus photo resist; getting the metallic roller. This invention combines the photolithographic process and electromoulding to realize the production of metallic roller.
99. 1837992 Method for making lattice holographic rainbow optically-variable image
CN
27.09.2006
G03H 1/04 Loading...
G03H 1/04
Loading...
200610038418.7
Soochow University
Chen Linsen
G03H 1/04
Loading...
This invention relates to a method for making lattice holographic rainbow optically-variable image, which comprises the following steps: (1) preparing an optical element with orthogonal light spot output; (2) building a 4F optical system with a laser of short coherent length, putting the former element on the transformation plane to split the incident beam into four beams as a beam-splitting element; forming the interface band unit on record material surface by lens imaging; (3) changing the relative position of the optical system and record material to record the interface band unit and point-by-point photo etch the prime grating. This invention reduces the manufacture technique request greatly, can obtain different diffraction effects, and inlays with the digital optical-variable image mutually.

