1. 106527068 一种有机光导鼓的回收利用方法及基于其的复涂方法
CN
22.03.2017
G03G 5/00 Loading...
G03G 5/00
Loading...
102016001150944
苏州恒久光电科技股份有限公司
余荣清
G03G 5/00
Loading...
本发明涉及一种有机光导鼓的回收利用方法，它包括以下步骤：（a）将有机光导鼓置于有机溶剂中除去电荷传导层，所述有机溶剂为选自酯类、卤代烃类和芳香烃类溶剂中的一种或多种。首先确定有机光导鼓的多层结构中损坏至那一层，然后将损坏的结构层至最外层全部通过浸泡溶液清除，从而可以进行后续的复涂工艺，影像输出效果可与全新有机光导鼓媲美，工艺简单，节省成本，可有效循环利用相关材料。
2. 106527069 一种有机光导体
CN
22.03.2017
G03G 5/04 Loading...
G03G 5/04
Loading...
201611207572.2
苏州恒久光电科技股份有限公司
余荣清
G03G 5/04
Loading...
本发明公开了一种有机光导体，其包括铝管，所述铝管端面具有发散状纹路，所述纹路与端面外圆相交点为入射点，入射点与端面圆心的连线与所述径向纹路线的夹角角度≤10°，所述径向纹路宽度为≤ 30μm，所述径向纹路长度为≤700μm。本发明的有益效果在于：本有机光导体，提高铝材利用率10%左右，降低了成本近20%，且各项性能指标均能达标。
3. 106483780 有机光导体
CN
08.03.2017
G03G 5/06 Loading...
G03G 5/06
Loading...
102016001206136
苏州恒久光电科技股份有限公司
余荣清
G03G 5/06
Loading...
本发明公开了一种有机光导体，它包括铝基管，所述铝基管圆周表面形成有间断性磨痕；或圆周表面形成有错位分布的径向纹路；或圆周表面形成有轴向拉拔纹路以及拉拔引起的径向微断裂晶型组织；或圆周表面形成有一层均匀的微孔氧化膜；或圆周表面形成有交错纹路以及少量孔隙；或圆周表面形成有挤压形成的微孔纹路。本有机光导体寿命长，布电均匀，电位偏差小于8%，印品密度不均匀性不大于10%，由于铝基管毛坯采用非切屑工艺获得，还能提高铝材的利用率。
4. 102290249 Light anode of flexible dye sensitized nano crystalline organic photovoltaic cell and preparation method thereof
CN
21.12.2011
H01G 9/04 Loading...
H01G 9/04
Loading...
201110154839.7
Suzhou Goldengreen Technologies Ltd.
Li Jiankang
H01G 9/04
Loading...
The embodiment of the invention discloses a preparation method of a light anode of a flexible dye sensitized nano crystalline organic photovoltaic cell. The method comprises the following steps: dipping or spraying a uniform nano crystalline slurry on a flexible antioxidant metal wire mesh selected as a substrate, thus forming a nano crystalline thin film on the surface of the wire mesh; carrying out high-temperature heat treatment on the substrate attached with the nano crystalline thin film, thus preparing the metal wire mesh with the porous nano crystalline thin film; and then soaking the metal wire mesh with the porous nano crystalline thin film in a dye solution, thus realizing the dye sensitive effect on the nano crystalline thin film. The invention also discloses a light anode and a photovoltaic cell which are obtained according to the preparation method. According to the scheme provided by the invention, under the condition that the electric conductivity and transmission of light of the light anode can not be lowered, the DSSC (dye sensitized solar cell) has a flexible characteristic, and the nano crystalline thin film is subjected to high-temperature sintering treatment, thus the porous nano crystalline thin film is obtained, and the capability of dye absorption is improved, so that the assembled cell has the performance of higher photoelectric conversion efficiency.
5. 201449517 多层结构的有机光导体
CN
05.05.2010
G03G 5/04 Loading...
G03G 5/04
Loading...
200920047194.5
苏州吴中恒久光电子科技有限公司
余荣清
G03G 5/04
Loading...
本实用新型公开了一种多层结构的有机光导体，包括导电基体，以及由里向外依次覆盖在导电基体表面的电荷阻挡层、电荷生成层和电荷传输层，所述的电荷阻挡层是由导电基体表面的氧化层和含高分子材料的涂覆层复合而成，与涂覆层相邻的氧化层表面带有大量下凹的微孔结构，在氧化层与涂覆层之间的界面、涂覆层与电荷生成层之间的界面、电荷生成层与电荷传输层之间的界面中至少有一个界面上带有波纹状结构；其优点是：该光导体性能稳定，制作方便，输出印品质量好，产品合格率高，使用寿命长，综合成本较低。
6. 101598909 Multiple-layer structure organic photoconductor
CN
09.12.2009
G03G 5/04 Loading...
G03G 5/04
Loading...
200910032466.9
Suzhou Goldengreen Technologies Ltd.)
Yu Rongqing
G03G 5/04
Loading...
The invention discloses a multiple-layer structure organic photoconductor, comprising a conductive substrate, a charge blocking layer, a charge generating layer and a charge transporting layer; the charge blocking layer, the charge generating layer and the charge transporting layer are covered on the surface of the conductive substrate from the inside out; the charge blocking layer is compositely formed by an oxide layer on the surface of the conductive substrate and a coating layer containing high polymer material; the surface of the oxide layer next to the coating layer is provided with a large number of sunken micro-cellular structures; at least one of the interfaces which are between the oxide layer and the coating layer, between the coating layer and the charge generating layer, and between the charge generating layer and the charge transporting layer is provided with a wave-shaped structure. The invention has advantages of that the photoconductor has stable property, convenient manufacturing, good quality of output presswork, high production yield, long service life and low comprehensive cost.
7. 2791704 有机光导体
CN
28.06.2006
G03G 5/06 Loading...
G03G 5/06
Loading...
200420058463.5
苏州恒久光电科技有限公司
余荣清
G03G 5/06
Loading...
本实用新型公开了一种有机光导体，包括精密导电材料制成的基体，在基体表面上依次覆盖上电荷阻挡层、电荷生成层和电荷传输层，所述基体与电荷阻挡层之间的界面呈凹凸的波纹状结构，电荷阻挡层与电荷生成层之间的界面也呈凹凸的波纹状结构，其有益效果是：该有机光导体使用时，信息光源之间的干扰减少，影像输出质量得到明显提高。
8. 1786836 Method for improving light fatigue performance of organic photoconductor
CN
14.06.2006
G03G 5/06 Loading...
G03G 5/06
Loading...
200410066179.7
Hengjiu Photoelectric Sci. & Tech. Co., Ltd., Suzhou
Yu Rongqing
G03G 5/06
Loading...
The invention discloses a method for improving fatigue property of organic photoconductor, and the charge generating layer of the organic photoconductor is composed mainly of photosensitive material and high molecular film forming material, where the photosensitive material is mainly phthalein essence material. And it adds insufficient electron material to the composition of the charge generating layer, and the insufficient electron material comprises Fule alkene molecules and the derivative thereof, Fule alkene polymer and the derivative thereof, or mixture of several ones of them, and accounts for 1ppm-10% of the total mass of the charge generating layer and the advantages of the invention: by decreasing or reducing the composite probability of electrons, cavities and other photoproduced carriers, it reduces electron accumulation in the charge generating layer of the organic photoconductor, thus improving the light resisting fatigue property of the charge generating layer, improving the use property of the organic photoconductor and prolonging the service life.
9. 1719342 New type barrier containing polymer material for optical conductor
CN
11.01.2006
G03G 5/06 Loading...
G03G 5/06
Loading...
200410041098.1
Suzhou Hengjiu Photoelectric Science and Technology Co. Ltd.
Yu Rongqing
G03G 5/06
Loading...
The present invention relates to a new-type barrier layer containing high-molecular material for light-conducting body. In the barrier layer of said base surface the high-molecular film-forming material and ultrafine carbon material are contained, the high-molecular film-forming material can be formed from one kind of high-molecular materials of polyethylene, polypropylene, polystyrene, polyamide and polyvinyl alcohol or several kinds of them, and the ultrafine carbon material can be formed from one of ultrafine carbon nano particle, carbon nano tube, graphite powder, carbon black particle or their treated material, derivative and aggregate, and the weight ratio of high-molecular film-forming material and ultrafine carbon material is 40%-99.99% generally, in which inorganic powder material also can be contained.

