1. 103900768 一种多功能密封圈检漏装置
CN
01.03.2017
G01M 3/04 Loading...
G01M 3/04
Loading...
102014000145291
苏州纽威阀门股份有限公司
陈鉴
G01M 3/04
Loading...
本发明公开了一种多功能密封圈检漏装置，其包括相互密封配合的法兰盖和法兰盘，所述法兰盘与所述法兰盖的配合端面之间设有圆柱形的型腔，所述型腔内设置有与所述型腔匹配的芯轴，所述芯轴与所述型腔的轴向配合面上设置有至少一个用于放置待检测密封圈的第一密封槽；所述法兰盖上成型有与所述型腔连通的第一进气通道或第一漏气检测通道，所述法兰盘上对应成型有与所述型腔连通的第一漏气检测通道或第一进气通道。本发明的密封圈检漏装置在高温下依然具有较为准确的检测结果，能够适用不同规格的密封圈检测，且具有较高的检测效率，同时还能够检测不同类型、规格密封圈的组合密封性能。
2. 106440997 一种闸阀闸板的检测方法
CN
22.02.2017
G01B 5/00 Loading...
G01B 5/00
Loading...
201610768510.2
苏州纽威阀门股份有限公司
丁邦建
G01B 5/00
Loading...
本发明涉及闸阀技术领域，具体涉及一种闸阀闸板的检测方法。采用定量的手段对闸板进行定性分析。经过检测后，如果显示尺寸过大，则在下一次加工过程中，将加工的闸板的尺寸调小即可。采用数值代替直观的检测方法更具有准确性，且具有较高的效率，方便对批量的闸板进行检测。通过通规滑块，可以有效的克服现有技术中对闸板的导向槽的宽度进行检测的过程中，需要将闸板装配在阀体内部进行检测，导致过程过于繁琐的不足。
3. 103711928 球阀
CN
01.02.2017
F16K 5/06 Loading...
F16K 5/06
Loading...
102013000676308
苏州纽威阀门股份有限公司
高云川
F16K 5/06
Loading...
本发明涉及一种球阀，包括设置在阀体与球体间的固定器，固定器与阀体间通过第一密封材料密封连接，还包括位于固定器及球体间的阀座，阀座与球体密封连接，且阀座与固定器间通过第二密封材料密封连接；固定器与阀体之间设有用于限制固定器轴向移动的限位件；固定器与阀座间还设有施加轴向弹性力的弹性件，用于将阀座压靠于球体上。由于弹性件位于固定器与阀座间，当固定器与阀体之间的限位件将固定器限位后，弹性件轴向的弹性力只需将阀座推向球体后即可通过第二密封材料实现阀座与球体间的密封，所以在装拆过程中，因此对于弹性件的性能要求较低；同时，阀体内的固定器与阀体间通过第一密封材料密封连接，保证了球阀的密封效果。
4. 103759038 一种顶装式球阀
CN
01.02.2017
F16K 5/20 Loading...
F16K 5/20
Loading...
102014000039311
苏州纽威阀门股份有限公司
徐涌
F16K 5/20
Loading...
本发明涉及一种顶装式球阀，包括位于球体与阀体间的阀座，阀座与球体通过密封材料密封连接，阀座与阀体通过密封件密封连接；还包括位于阀体与阀座之间的弹簧组件，弹簧组件的一端抵靠于阀体上、另一端与阀座的空隙内设置的限位件相抵触；阀体成型有第一台阶，密封件位于第一台阶的台肩与弹簧组件的径向端面形成的密封间隙内，且密封件一端抵靠于第一台阶的台肩处，另一端抵靠于弹簧组件的径向端面上。即密封件被限位在由阀体第一台阶的台肩及弹簧组件的径向端面所形成的密封间隙内，保证了密封件不会移动；同时，上述球阀不会因进压方向的改变而改变阀座的受力情况，端部进压时，压力将阀座压靠于球体上，当中腔进压时，阀座仍能压靠于球体上，实现可靠的双向密封。
5. 106321880 一种用于密封阀密封的密封结构
CN
11.01.2017
F16K 5/06 Loading...
F16K 5/06
Loading...
201610956603.8
苏州纽威阀门股份有限公司
丁城
F16K 5/06
Loading...
一种用于密封阀密封的密封结构，所述密封阀包括：阀芯、阀体，以及设置在所述阀芯和阀体间的固定器；所述密封结构包括：密封环，在所述固定器和阀芯之间的竖直方向设置，卡接在所述固定器内腔的环形凹槽内；所述密封环朝所述阀芯偏置并与所述阀芯密封接合；所述密封环与所述环形凹槽过盈配合，其内环和所述环形凹槽之间设有用于在安装密封环的过程中排出环形凹槽内空气的排气槽。
6. 106312747 一种闸阀阀体的研磨系统
CN
11.01.2017
B24B 15/04 Loading...
B24B 15/04
Loading...
201610766398.9
苏州纽威阀门股份有限公司
富文华
B24B 15/04
Loading...
本发明公开一种闸阀阀体的研磨系统，包括磨杆、研磨盘、弹性部件及调整组件。研磨盘设置在研磨杆底部上；弹性部件沿竖直方向被挤压设置在研磨盘底面与调整组件顶面之间；调整组件设置在研磨盘的底部上，用于通过调整弹性部件的弹性释放量，来调整研磨盘的底面相对调整组件的顶面的间隙大小；研磨盘的宽度大于调整组件的宽度，研磨盘的底部表面与调整组件的顶部表面之间形成夹持固态研磨介质的夹持空间，夹持空间位于弹性部件的外围。在研磨过程中，固态研磨介质残留在阀体内但不会粘接在阀体中；只需调整组件调大其与研磨盘之间的间隙，就可更换研磨介质。另外，研磨盘与研磨杆的球铰接结构，使研磨盘底面与阀座表面仍能处于平行，提高研磨质量。
7. 106286877 一种自泄压防火浮动球阀
CN
04.01.2017
F16K 5/06 Loading...
F16K 5/06
Loading...
102016000810632
苏州纽威阀门股份有限公司
夏俊华
F16K 5/06
Loading...
一种自泄压防火浮动球阀，其包括：壳体，由阀体(1)与阀盖(2)盖合构成；在所述壳体内，分别在所述阀体(1)与所述阀盖(2)上环绕介质通道成型有安装槽；阀座(6)，设置在所述安装槽内；阀球(7)，设置在两所述阀座(6)之间；其特征在于：还包括防火支撑体，设置在所述壳体内，在所述阀座(6)与所述阀球(7)密封接触状态下，支撑所述阀球(7)。本发明的阀门定位精准、防火性能优异，可实现在开位状态失火，即使发生火灾也能够实现阀门的安全启闭。
8. 106286911 一种轴流式止回阀
CN
04.01.2017
F16K 15/06 Loading...
F16K 15/06
Loading...
102016000750542
苏州纽威阀门股份有限公司
吕建东
F16K 15/06
Loading...
本发明公开一种轴流式止回阀，包括阀体、阀座、阀瓣、滑动轴、支撑结构以及限位结构，滑动轴固定在阀瓣的背对阀座的一侧表面上；支撑结构包括支撑架和与支撑架固定的支撑板，支撑架上沿阀体的轴向开设安装通孔，滑动轴穿设在安装通孔内，支撑板固定在阀体的内壁面上；限位结构设置在滑动轴的远离阀瓣的一端，对滑动轴施加背对进口一侧的作用力，则限位结构给阀瓣的作用力也背对进口一侧。还包括在线检测阀瓣动作试验的第一驱动结构，在线检测弹性体使用情况的第二观察通孔，以及在线检测阀瓣与阀座的密封情况的第二驱动结构和第一观察通孔。当管路内中无介质进入阀体内，阀瓣在限位结构的作用下朝向远离阀座方向运动，使阀瓣与阀座保持开启状态。
9. 106286909 一种阀瓣结构及双瓣式止回阀
CN
04.01.2017
F16K 15/03 Loading...
F16K 15/03
Loading...
102016000752470
苏州纽威阀门股份有限公司
陈军
F16K 15/03
Loading...
本发明公开一种阀瓣结构及双瓣式止回阀，阀瓣结构包括固定轴、第一阀瓣、第二阀瓣及隔离组件，第一阀瓣和第二阀瓣分别具有第一轴耳和第二轴耳，两轴耳均套在固定轴上，第二轴耳位于第一轴耳的上方；隔离组件套接在第一轴耳与第二轴耳之间的固定轴上，顶部支撑第二轴耳，底部与第一轴耳预留间隙；或者第一阀瓣的侧壁具有第一顶部轴耳和第一底部轴耳，第二阀瓣的侧壁具有位于第一顶部轴耳上方的第二顶部轴耳和位于第一底部轴耳上方的第二底部轴耳，隔离组件设在第一底部轴耳与第二底部轴耳之间；双瓣式止回阀包括上述的阀瓣结构。隔离组件将第二阀瓣的重力传递给阀体，第一阀瓣不承受第二阀瓣的重力，在阀门开启或关闭时，第一阀瓣所需扭矩减少。
10. 106239003 一种阀体座圈焊接定位工装
CN
21.12.2016
B23K 37/04 Loading...
B23K 37/04
Loading...
201610768435.X
苏州纽威阀门股份有限公司
富文华
B23K 37/04
Loading...
本发明提供的阀体座圈焊接定位工装，通过工艺闸板，可以实现将定位工装安装一次，便可以完成对两侧座圈进行焊接的操作。相较于现有技术中，需要夹装两侧，对座圈分别进行焊接的操作过程，通过本发明提供的定位工装的工作效率更高、同时由于工艺闸板的两个斜面彼此对称，因此与两斜面相结合的座圈在夹装过程中也彼此对称，不会出现先有技术中分两次进行定位时由于定位工作的误差、导致两座圈彼此不对称的情况。
11. 106238977 一种阀体座圈焊接设备及焊接方法
CN
21.12.2016
B23K 37/00 Loading...
B23K 37/00
Loading...
201610768731.X
苏州纽威阀门股份有限公司
富文华
B23K 37/00
Loading...
本发明提供一种阀体座圈焊接设备，在使用过程中，首先通过固定装置将阀体两座圈固定在与其相应的座圈孔上，然后将阀体的中法兰固定在气动旋转盘上，将焊枪深入在座圈位置处，焊接完成后，焊枪退出至初始位，气动旋转盘动作掉头，将未加工的端法兰朝向焊枪，此时焊枪再次启动，运动至工作位，对另一侧的座圈进行焊接。通过本发明提供的所述阀体座圈焊接设备，从而实现仅需对阀体夹装一次，便可对两侧的座圈进行焊接。自动化程度高，且阀体两座圈的具有良好的对称度。
12. 106151543 一种硬密封蝶阀
CN
23.11.2016
F16K 1/226 Loading...
F16K 1/226
Loading...
102016000583903
苏州纽威阀门股份有限公司
姜菲菲
F16K 1/226
Loading...
本发明提供一种硬密封蝶阀，阀座自身呈环形，当所述蝶阀关闭时，所述蝶板挤压并贴靠在所述阀座上，如果蝶板与阀座之间无法紧密贴合，则一定存在阀座的一端与蝶板夹持过紧、另一端与蝶板夹持过松的情况，由于所述阀座可径向活动地设置在所述第一容纳空间内，此时夹持过紧一侧的阀座将沿径向发生远离蝶板的运动，夹持过松一侧的阀座将沿径向发生靠近蝶板的运动。使阀座准确运动到蝶板的四周，从而使环形的阀座绕在所述蝶板的圆周上，确保整个蝶阀的气密性。
13. 106017261 一种闸阀阀体座圈孔检具及使用方法
CN
12.10.2016
G01B 5/00 Loading...
G01B 5/00
Loading...
102016000595148
苏州纽威阀门股份有限公司
丁邦建
G01B 5/00
Loading...
本发明提供一种闸阀阀体座圈孔检具，当座圈孔检具进入需要检测的闸阀阀体内部后，所述第一斜楔和第二斜楔以钢球为质点转动，压紧贴靠在与所述第一斜楔和所述第二斜楔相邻的两个座圈上。由于测量轴固定在所述第一斜楔和所述第二斜楔的顶端，此时测量轴会与所述第一斜楔和第二斜楔同步运动。通过测量得到的x值可以反应出闸阀内部两个座圈之间的夹角α的大小；而y值可以反应出两个座圈之间的开档尺寸b的大小。从而得到的x值和y值，可以定量地表现出所测量的闸阀阀体的座圈孔的加工尺寸与理论尺寸偏差，从而有助于对现场加工起到指导作用。
14. 105864469 一种可在线更换内件的轴流式止回阀
CN
17.08.2016
F16K 15/06 Loading...
F16K 15/06
Loading...
201610263931.X
苏州纽威阀门股份有限公司
姜菲菲
F16K 15/06
Loading...
本发明公开了一种可在线更换内件的轴流式止回阀，包括：阀体、位于阀体上部的阀盖、设置于阀体中腔内的阀瓣组件，阀盖与阀体通过密封结构和可拆卸紧固结构连接，其特征在于，所述阀体中腔内还设置有用于阀瓣组件定位的阀瓣定位组件，所述阀瓣定位组件固定安装于所述阀体中腔壁上，使得阀体中腔内的阀瓣组件不通过螺钉连接阀盖的方式固定，避免阀盖上出现螺栓孔而引起密封问题，进而简化了阀门的上装结构，降低阀门的生产成本和在线维修时长。
15. 205423923 一种可拆卸吊环结构及具有其的球阀
CN
03.08.2016
F16K 5/08 Loading...
F16K 5/08
Loading...
202016000151073
苏州纽威阀门股份有限公司
陈小平
F16K 5/08
Loading...
本实用新型提供一种可拆卸吊环结构及具有其的球阀，其中吊环结构包括：螺纹安装腔，至少为一个，适于设置在阀体上，且具有开口；吊环，至少为一个，具有适于吊运的吊运部，和与所述吊运部连接的螺纹安装部，所述螺纹安装部与所述螺纹安装腔螺接配合安装；密封垫，套设在所述螺纹安装部上，在所述螺纹安装部与所述螺纹安装腔配合螺接时被压紧，从而密封所述开口。本实用新型的吊环结构，当需要吊运阀门时，可以使用绳索与吊环连接，当阀门被吊运到目标位置后，如安装空间足够，吊环可保留在阀体上，如安装空间狭小，可将吊环从阀体上螺旋拆下，然后对阀体进行涂装，将螺纹安装腔密封盖住，等需要再次转移阀体时，再将吊环安装上，方便吊装。
16. 205401803 一种泄压装置及具有该泄压装置的球阀
CN
27.07.2016
F16K 5/08 Loading...
F16K 5/08
Loading...
202016000151155
苏州纽威阀门股份有限公司
陈鉴
F16K 5/08
Loading...
本实用新型公开一种泄压装置及具有该泄压装置的球阀，泄压装置包括设置在阀座靠近阀盖一侧的径向端面上的至少两个凸台，两个凸台分别与阀盖内壁面形成第一腔体和第二腔体；设置在第二腔体的下方台阶面上的第一密封件；第一密封件顶部具有第一唇部、底部具有第二唇部，两唇部分别与阀盖的内壁面、下方台阶面形成密封面；以及支撑件，一端连接于第一密封件，另一端连接于设置在阀座的限定组件。球阀包括上述结构的泄压装置。当中腔介质对第一密封件施加朝向左侧的作用力，由于在支撑件和限定组件的配合下，第一密封件与阀座做同步运动，第一唇部和第二唇部始终不会与限定组件接触，对第一密封件的两个唇部起到保护作用，确保第一密封件的密封性能。
17. 105736732 球阀
CN
06.07.2016
F16K 5/06 Loading...
F16K 5/06
Loading...
102016000273057
苏州纽威阀门股份有限公司
陈小平
F16K 5/06
Loading...
本发明提供了一种球阀，包括：壳体，其内部设置有腔体；球体，设置于腔体内；阀杆，其侧壁与壳体内壁配合连接设置，其下端与球体配合设置，具有与壳体内壁密封连接的径向放大部，径向放大部靠近球体的一侧侧壁上设置有凹陷部；弹性装置，沿与阀杆轴向平行的方向设置于凹陷部中，其靠近球体一端与壳体固定连接，用于对径向放大部施加预紧力。该球阀利用弹性装置对阀杆施加推力，从而对径向放大部施加预紧力，提高了阀杆的径向放大部位与壳体之间的密封性，避免介质中颗粒进入阀杆的上部，保护了阀杆的磨损，延长了阀门的使用寿命，也可同时实现阀杆的防吹出和防吹入的功能，可实现在线更换填料，可实现防火功能，可适用于水下工况。
18. 105729270 一种阀芯阀座研磨机构
CN
06.07.2016
B24B 15/08 Loading...
B24B 15/08
Loading...
102016000110663
苏州纽威阀门股份有限公司
何庆伟
B24B 15/08
Loading...
本发明提供一种阀芯阀座研磨机构，包括：第一安装架，具有适于安装阀座的第一安装空间，以及连通第一安装空间和大气的第一气孔；第二安装架，具有适于安装阀芯的第二安装空间，以及连通第二安装空间和大气的第二气孔；第一安装架和/或第二安装架能够向着对方移动以使第一安装空间和第二安装空间对接形成封闭空间，当安装有阀座时，第一安装空间和第二安装空间仅能通过阀座的待磨孔连通；当安装有阀芯时，阀芯正好插入待磨孔内与阀座配合连接；驱动结构，用于驱动阀芯或阀座相对于对方转动，以研磨阀芯和阀座的密封接触面。本发明的研磨机构既能控制阀芯阀座自动研磨，又能够对阀芯阀座间的密封性进行检测，因而生产效率高。
19. 105736731 球阀
CN
06.07.2016
F16K 5/06 Loading...
F16K 5/06
Loading...
102016000273038
苏州纽威阀门股份有限公司
陈小平
F16K 5/06
Loading...
本发明提供了一种球阀，包括：壳体，其内部设置有阀体腔；球体，设置于所述阀体腔内，所述球体和所述壳体贯穿设置有通道；阀座组件，设为两个，一一对应设置于所述球体沿所述通道长度方向的两侧，包括设置于所述壳体与所述球体之间的阀座本体，设置于所述阀座本体和所述壳体之间的弹性件座以及安装于所述弹性件座上的弹性件。该球阀避免了由于在壳体或阀座本体上设置用于盛放弹性件的孔而导致的难加工问题，从而简化了壳体的堆焊及机加工工序，极大的方便了整个球阀的装配过程。
20. 105715820 球阀
CN
29.06.2016
F16K 5/06 Loading...
F16K 5/06
Loading...
102016000273058
苏州纽威阀门股份有限公司
陈小平
F16K 5/06
Loading...
本发明提供了一种球阀，包括：壳体，其内部设置有阀体腔；球体，包括球体本体以及与所述球体本体的相对设置的两个端面一一对应连接的两个球轴，设置于所述阀体腔内；支撑板组件，设为两个，一一对应地围绕两个所述球轴的侧面设置，包括固定设置于所述壳体的内壁上的支撑板，以及安装于所述支撑板靠近所述球体本体一侧的至少一个推力垫。其中，推力垫使得球体和支撑板之间无直接摩擦，从而使得球体和支撑板的受力均匀，避免球体与支撑板之间的卡阻现象；同时提高了球体的稳定性，从而提升了球体和阀座的密封性能以及阀门开关的可操作性能。
21. 105715834 一种旋启式止回阀
CN
29.06.2016
F16K 15/03 Loading...
F16K 15/03
Loading...
102016000263932
苏州纽威阀门股份有限公司
魏宏璞
F16K 15/03
Loading...
本发明提供一种旋启式止回阀，包括：动磁极位置指示器，设置在所述销轴的一端，与所述阀瓣组件同步转动，安装有第一永磁体和第二永磁体；接近感应式限位开关，固定设置在动磁极位置指示器的正前方，其上设置有第一限位开关和第二限位开关；所述阀瓣组件转动至止回阀关闭位置时，所述第一永磁体只与第一限位开关对应使所述第一限位开关产生电磁信号，所述阀瓣组件转动至止回阀打开位置时，所述第二永磁体只与所述第二限位开关对应使得所述第二限位开关产生电磁信号。在止回阀打开和关闭时，所述接近感应式限位开关都只能产生单一的信号，从而准确的确定阀门的打开或关闭状态。
22. 105697867 一种阀杆行程动态补偿组件及截止阀
CN
22.06.2016
F16K 51/00 Loading...
F16K 51/00
Loading...
201610111031.3
苏州纽威阀门股份有限公司
沈锦花
F16K 51/00
Loading...
本发明提供一种阀杆行程动态补偿组件及截止阀，包括连接法兰，阀杆穿过法兰的中心开孔，连接法兰内部具有容纳腔；位于容纳腔中，同轴套设在阀杆外侧，能够沿阀杆轴向与阀杆同步运动的阀杆螺母，以及设置在阀杆螺母上方与连接法兰内壁形成的安装空间内的弹性件。当阀杆受热变形后，阀杆带动阀杆螺母同步向上运动，通过设置弹性件，能够在阀杆螺母的轴向运动作用下产生基本平行于阀杆轴向的压缩变形，从而吸收阀杆的受热伸长变形，进而避免了现有技术中在高温状态下，阀杆将受热伸长，导致阀杆与阀杆螺母之间摩擦力过大，使得阀杆与阀杆螺母之间卡死甚至螺纹发生变形的缺陷。
23. 105673875 一种撑开式双阀板闸阀
CN
15.06.2016
F16K 3/14 Loading...
F16K 3/14
Loading...
201610186384.X
苏州纽威阀门股份有限公司
戴健
F16K 3/14
Loading...
本发明提供的撑开式双阀板闸阀，闸板架位于两个闸板之间并与两个闸板相连接，在想要关闭闸阀时，通过操纵执行机构来驱动阀杆向下运动，使得闸阀架以及闸阀进入流体通道中，在此过程中，闸板与流体通道的内壁面之间存在间隙，因此，在闸板向下运动中，闸板与座圈之间不会产生竖直方向上的摩擦，不会造成划痕，在闸板进入流体通道之后，驱动结构驱动两个闸板相背运动，此时，两个闸板沿着水平方向相背运动，挤压在座圈上，使得座圈密封，整个关闭过程中，闸板与座圈之间不会产生竖直方向上的摩擦。从而提高了闸阀的密封性能，可以满足闸板阀长期服役的要求。
24. 105626869 一种密封结构及具有其的闸阀
CN
01.06.2016
F16J 15/32 Loading...
F16J 15/32
Loading...
201610111317.1
苏州纽威阀门股份有限公司
包月强
F16J 15/32
Loading...
本发明提供一种密封结构及具有其的闸阀，其中密封结构适于设置在阀杆和套设在阀杆上的阀盖之间，包括：第一密封，用于密封阀杆的一端；第二密封，用于密封阀杆的另一端；第三密封，至少为一个，设置在第一密封和第二密封之间，且靠近第一密封，仅在第一密封的密封失效时替代第一密封起密封作用；第四密封，至少为一个，设置在第一密封和第二密封之间，且靠近第二密封，仅在第二密封的密封失效时替代第二密封起密封作用。由于设置了第三密封和第四密封，本发明的密封结构能够实现连续性密封，保证好的密封效果；另外，在第一密封和第二密封正常密封时，第三密封和第四密封不承受液体压力，变形量小，与阀杆之间的挤压力小，磨损小，使用寿命长。
25. 105587890 一种泄压装置及具有该泄压装置的球阀
CN
18.05.2016
F16K 5/08 Loading...
F16K 5/08
Loading...
201610111358.0
苏州纽威阀门股份有限公司
陈鉴
F16K 5/08
Loading...
本发明公开一种泄压装置及具有该泄压装置的球阀，其中泄压装置包括设置在阀座靠近阀盖一侧的径向端面上的至少两个凸台，两个凸台分别与阀盖内壁面形成第一腔体和第二腔体；设置在第二腔体的下方台阶面上的第一密封件；第一密封件顶部具有第一唇部、底部具有第二唇部，两唇部分别与阀盖的内壁面、下方台阶面形成密封面；以及支撑件，一端连接于第一密封件，另一端连接于设置在阀座的限定组件。球阀包括上述结构的泄压装置。当中腔介质对第一密封件施加朝向左侧的作用力，由于在支撑件和限定组件的配合下，第一密封件与阀座做同步运动，第一唇部和第二唇部始终不会与限定组件接触，对第一密封件的两个唇部起到保护作用，确保第一密封件的密封性能。
26. 105526412 一种手轮的抬高装置及具有该抬高装置的阀门
CN
27.04.2016
F16K 31/60 Loading...
F16K 31/60
Loading...
201610112545.0
苏州纽威阀门股份有限公司
陈庆刚
F16K 31/60
Loading...
本发明公开一种手轮的抬高装置及具有该抬高装置的阀门，其中手轮的抬高装置包括沿竖直方向设置的加长杆，用于将加长杆的顶部固定在手轮的安装座上的第一固定组件，以及用于将加长杆的底部可拆卸地连接在阀杆的顶部上方的第二固定组件。阀门包括阀杆，手轮，以及设置在阀杆顶部与手轮安装座底部之间的上述抬高装置。由于加长杆的底部通过第二固定组件可拆卸地连接在阀杆的顶部上方，只需将加长杆的底部拆卸下来，更换不同长度的加长杆，之后再将更换后的加长杆的底部通过第二固定组件安装在阀杆的顶部上方，以实现阀门在线安装抬高装置或更换不同长度的加长杆来适应手轮所需的不同高度，使此抬高装置能够适用于需要包裹保温层或绝热层的管路中。
27. 105448358 一种核电站超设计基准泄压阀门的高温试验方法及装置
CN
30.03.2016
G21C 17/00 Loading...
G21C 17/00
Loading...
201510764468.2
中广核工程有限公司
杨广宏
G21C 17/00
Loading...
本发明公开了一种核电站超设计基准泄压阀门的高温试验方法及装置，该方法包括：S1、将试验阀门与阀门驱动执行机构连接；S2、在试验阀门进、出口安装密封组件，将加热模块密封于阀门内部；S3、在密封组件上固定安装温度传感器；S4、将密封组件与加压模块连接；S5、将全部控制线路通过控制线汇集于总端控制模块上；S6、通过加热、加压模块模拟超设计基准泄压阀高温在运行工况和事故工况下的内部高温高压流体工况环境，结合温度传感器、温压检测模块、阀门驱动执行机构和总端控制模块对试验阀门进行性能试验。实现了模拟超设计基准泄压阀真实的高压运行工况和事故工况环境，再进行阀门性能验证，能反应出阀门实际的工作性能的技术效果。
28. 105422976 水下球阀阀杆的防吹入结构
CN
23.03.2016
F16K 41/02 Loading...
F16K 41/02
Loading...
201510962540.2
中国海洋石油总公司
刘培林
F16K 41/02
Loading...
一种水下球阀阀杆的防吹入结构，包括：球阀本体、套装在球阀本体内的阀杆，其中，该阀杆上设有轴阶；该球阀本体的阀杆孔内设有数个防吹入台阶；且该阀杆与球阀本体之间装配有能够防止阀杆的轴阶与球阀本体的防吹入台阶直接接触的垫环和轴承。本发明当其受到外部海水压力，不仅能够保证球阀门正常启闭，解决了球阀门的正常启闭问题；而且，当球阀门局部密封失效时，球阀门的球体与阀座密封不会失效，大大提高了球阀门的密封效果。
29. 105402476 水下球阀门的延长操作装置
CN
16.03.2016
F16K 31/46 Loading...
F16K 31/46
Loading...
201510963723.6
中国海洋石油总公司
琚选择
F16K 31/46
Loading...
一种水下球阀门的延长操作装置，包括：分别安装在操作平台上的延长操作装置、延长指示装置；其中，延长操作装置设有：第一延长杆、套装在第一延长杆上的转接套、与转接套的一端枢接的第一方头；转接套的另一端与第一驱动轴连接，第一驱动轴上安装有数个轴承，数个轴承的第一端盖安装在第一方头的顶端；指示延长装置设有：第二延长杆，套装在第二延长杆上部的第一连接套，安装在第一连接套上部的指示轴，安装在指示轴上的数个滑动轴承，数个滑动轴承的第二端盖安装在第二方头的顶端。本发明不仅能够对水下球阀门的操作位置进行个性化调整，并在操作平台上统一进行操作，极大的提高了工作效率；而且，还能够在深海及特别恶劣的工作环境下进行作业。
30. 105402483 水下阀门阀杆的填料密封装置
CN
16.03.2016
F16K 41/02 Loading...
F16K 41/02
Loading...
201510963715.1
中国海洋石油总公司
姜瑛
F16K 41/02
Loading...
一种水下阀门阀杆的填料密封装置，设有：一阀座、安装在阀座上的阀门、安装在阀门上的驱动器，阀门上安装有一阀杆填料密封装置，该阀杆填料密封装置包括：安装在阀门上的一阀盖、安装在阀盖通孔内的一阀杆、套装在该阀杆上及阀盖孔内的一隔环、填料压盖，其中，阀盖孔与阀杆所形成的环形空间内安装有一主填料；隔环与阀杆所形成的环形空间内安装有内辅填料，隔环与阀盖孔之间安装有外辅填料；且隔环、内辅填料、外辅填料、填料压盖均固定在阀盖上；阀盖和填料压盖上分别设有凹槽，且凹槽内分别安装有数个导向带，填料压盖上还分别设有内圆槽、外圆槽，内圆槽及外圆槽内安装有密封。本发明即能密封阀门内部压力；还能很好密封海水产生的外部压力。
31. 105402433 水下球阀的内外压力密封结构
CN
16.03.2016
F16K 5/06 Loading...
F16K 5/06
Loading...
201510963953.2
中国海洋石油总公司
李志刚
F16K 5/06
Loading...
一种水下球阀的内外压力密封结构，包括：阀体、安装在阀体上的阀盖；其中，阀体和阀盖之间安装有用于密封内部介质压力的密封件；阀体与阀盖的密封槽内安装有用于密封的金属环；阀体和阀盖之间还安装有用于密封外部海水压力的O形密封圈；在金属环与O形密封圈之间设置有检漏孔，且检漏孔位于阀盖上。本发明当球阀同时承受内部介质压力和外部海水压力时，其密封结构不仅能够抵抗来自阀门通道介质的压力，保证介质不泄漏到外部环境中去，而且，还能密封外部海水，防止其进入到阀门内部与介质混合，大大增强了整个结构的密封安全性和可靠性；同时，还使密封结构获得长久的密封寿命。
32. 105351538 一种上装式蝶阀
CN
24.02.2016
F16K 1/22 Loading...
F16K 1/22
Loading...
201510853441.0
苏州纽威阀门股份有限公司
宋世君
F16K 1/22
Loading...
本发明公开了一种上装式蝶阀，包括阀体，设置在阀体顶部上的阀盖，密封穿设在阀盖上的阀杆，阀杆的底部延伸至阀体安装槽内，固定在阀杆底部上的蝶板，设置在阀体入口上的密封阀座，以及套设在阀杆上的限位组件，限位组件用于使得阀杆仅能够在水平方向上做旋转运动。在安装蝶阀各部件时，只需将阀杆与蝶板的组件插入阀体空腔内，限位组件套设在阀杆上，再将阀盖固定在阀体顶部上即可；此蝶阀与其他设备使用安装时，无需在蝶阀的安装位置下方设置预留空间，直接进行安装即可，在需要对蝶阀拆卸维修时，拆卸工序与安装工序相反，从而简化了蝶阀安装与维修工序，提高工作效率。同时，限位组件使得阀杆与蝶板之间的密封性能更好，延长蝶阀的使用寿命。
33. 105333194 水下闸阀的旋转操作驱动装置
CN
17.02.2016
F16K 31/00 Loading...
F16K 31/00
Loading...
201510828622.8
中国海洋石油总公司
史佑
F16K 31/00
Loading...
一种水下闸阀的旋转操作驱动装置，设有：一驱动装置，驱动装置包括：一驱动器、安装在驱动器上的开关指示装置及压力平衡装置，且压力平衡装置的下端与驱动器的内腔连通；其中，驱动器设有：水下机器人扭矩接口、依次安装在水下机器人扭矩接口上的顶盖、驱动器壳体；且驱动器壳体与支架连接，并设有密封，其内安装有超控轴和操作杆；开关指示装置包括：第一轴套、安装在第一轴套一端内的指示传动轴、安装在第一轴套另一端内的法兰轴套及第二轴承；压力平衡装置包括：平衡器壳体、安装在平衡器壳体内的平衡器帽、隔膜囊。本发明不仅能够用于海底，使水下闸阀被水下机器人扭矩工具操作，解决了水下机器人扭矩工具不能够对水下闸阀进行操作的问题。
34. 205037858 一种同轴度检测装置
CN
17.02.2016
G01B 5/252 Loading...
G01B 5/252
Loading...
201520273697.X
苏州纽威阀门股份有限公司
沈志杰
G01B 5/252
Loading...
本实用新型属于同轴度检测设备的技术领域，涉及一种同轴度检测装置，包括底座，底座上设置有回转分度盘、测量座、用于对回转分度盘的横向位置进行调整的横向调节结构、用于对回转分度盘的纵向位置进行调整的纵向调节结构，以及用于显示横向调节结构和纵向调节结构移动距离的显示屏；测量座上设有测量表，测量表的探头用于与被检测工件的另一端的孔内壁接触。通过采用移动灵敏的调节装置和高精度的数字显示屏，对转轴进行准确的定位或移动，及时记录移动的数据，提高检测精度，并且整个检测装置的结构简单紧凑，便于加工制造。
35. 105290564 核电站泄压阀门密封面堆焊方法
CN
03.02.2016
B23K 9/04 Loading...
B23K 9/04
Loading...
201510760965.5
中广核工程有限公司
杨广宏
B23K 9/04
Loading...
本发明公开了一种核电站泄压阀门密封面堆焊方法，所述方法包括：S1、将加热带缠绕在泄压阀门的待堆焊零件表面，所述加热带连接热处理温控设备，再用保温棉包裹零件；S2、启动热处理温控设备对加热带进行加热，直至零件的待堆焊密封面预热至预定温度；S3、利用焊接设备对包裹有保温棉的零件的待堆焊密封面堆焊；S4、焊后关闭热处理温控设备，将包裹有保温棉的零件自然冷却。本发明采用热处理温控设备，结合加热带缠绕、保温棉包裹的方式对零件整体进行预热、堆焊，且在焊后仍旧采用保温棉包裹的方式进行自然冷却，因此在预热时能使温度尽量均匀地达到预定的温度，在堆焊时能尽量保持温度，在冷却时可以有效缓解冷却的速度。
36. 105183926 一种阀体优化设计方法
CN
23.12.2015
G06F 17/50 Loading...
G06F 17/50
Loading...
201510229229.7
苏州纽威阀门股份有限公司
陈天敏
G06F 17/50
Loading...
本发明提供一种阀体优化设计方法，通过参数法建立三维几何模型，方便进行优化设计，大大缩短设计修改时间。通过建立的应力评价准则，考虑了产生不同失效的各类应力，采用多个评判条件来对应力进行评定，可以全面地、综合性地对阀体的结构强度是否满足安全性要求进行评定。同时通过应力结果对结构的经济性进行评价，该经济性评价标准充分考虑到不同类型的应力对结构强度的贡献，同时兼顾了设计与实际的区别。当阀体的结构既满足安全性评价、又满足经济性评价时，不仅能够保证阀门的安全性，又能最大限度地减小材料，充分发挥结构的承载潜能，从而降低阀体的重量，节约材料减少成本，使所设计的结构更合理、更经济。
37. 105179718 一种阀门
CN
23.12.2015
F16K 1/46 Loading...
F16K 1/46
Loading...
201510600986.0
苏州纽威阀门股份有限公司
顾皓
F16K 1/46
Loading...
本发明公开一种阀门，包括阀体，设置在阀体顶部开口上的阀盖，密封穿过阀盖伸入到阀体内部的阀杆，连接在阀杆底部上的阀瓣，设置在阀体内部具有开口的阀座，密封设置在阀盖与阀杆外壁之间的填料，套设在阀杆上并用于压紧填料的压紧组件，阀杆在外力的作用下运动而带动阀瓣开启或关闭阀座上的开口；还包括密封设置在阀盖上，并与阀盖形成密封腔的真空罩，在真空罩或/和与密封腔连通的阀盖上开设检漏口，用于检测填料的泄漏状况。在测试填料的泄漏状况时，先在检漏口上安装氦气测漏仪，向阀体内充满氦气，再对密封腔内抽真空，通过检测密封腔内是否有氦气被测漏仪吸出以及吸出量的多少来判断阀门的密封性能等级。
38. 105042089 一种截止阀
CN
11.11.2015
F16K 1/00 Loading...
F16K 1/00
Loading...
201510286177.7
苏州纽威阀门股份有限公司
陈庆刚
F16K 1/00
Loading...
本发明公开一种截止阀，包括阀体，密封连接在阀体顶部上的阀盖，密封穿过阀盖而伸入到阀体内的阀杆，连接在阀杆底部并位于阀体内的阀瓣，设置在阀体内的阀座，阀杆在控制机构的作用下上下运动而带动阀瓣与阀座的开启或关闭；控制机构包括设置在阀盖上的支撑杆，活动连接在支撑杆上的操作杆，操作杆与阀杆的顶部活动连接，操作杆在外力作用下可摆动而带动阀杆上、下运动,具有销轴的驱动机构，销轴可伸缩地设置在阀杆的运动路径上，用于将所述阀杆限制在所需高度。只需对操作杆施加外力使操作杆摆动直接带动阀杆做上升运动，实现阀门的快速开启；在阀瓣与阀盖之间还设置压缩弹簧，在压缩弹簧的作用下，实现阀门的快速关闭。
39. 105020403 一种阀门
CN
04.11.2015
F16K 1/00 Loading...
F16K 1/00
Loading...
201510306312.X
苏州纽威阀门股份有限公司
高开科
F16K 1/00
Loading...
本发明公开一种阀门，包括固定在阀盖上支架，密封设置在支架的内壁与阀杆的外壁之间的填料，以及套设在阀杆上并用于压紧填料的压紧组件，还包括套设在阀盖上的用于检测填料的泄漏状况的真空罩，真空罩与阀盖之间形成密封腔；所述真空罩包括固定连接在阀盖上的第一罩体，以及密封套设在阀杆上通过紧固件与第一罩体密封连通的第二罩体，第一罩体和/或所述第二罩体的上设置检漏口。密封腔将阀门的填料以及填料的压紧组件包围在其内，在测试填料的泄漏状况时，先在检漏口上安装氦气测漏仪，向阀体内充满氦气，再对密封腔内抽真空，通过检测密封腔内是否有氦气被测漏仪吸出以及吸出量的多少来判断阀门的密封性能等级。
40. 105004254 一种同轴度检测方法
CN
28.10.2015
G01B 5/252 Loading...
G01B 5/252
Loading...
201510215744.X
苏州纽威阀门股份有限公司
沈志杰
G01B 5/252
Loading...
本发明公开一种同轴度检测方法，通过标准工件对转轴的轴线进行校正，使测量表的指针指向零位，转轴校正后，以探头的位置坐标为检测基准点，保持探头的位置固定不变，将待检测工件的一端孔套设在转轴上，通过调节装置使待检测工件的另一端的内壁与位置固定不变的探头接触，观察测量表指针否是指向零位，指向零位表明待检测工件两端孔同轴；指向偏离零位表明待检测工件两端孔存在同轴度误差。测量过程中，以测量表的指针指向零位为待检测工件两端孔同轴的判断标准，整个检测步骤简单、易操作；测量表探头直接与待检测工件另一端孔内壁接触，确保测量表指针指向的准确性，使整个检测方法的精确度高，累计误差少。
41. 104964044 一种双偏心蝶阀
CN
07.10.2015
F16K 1/22 Loading...
F16K 1/22
Loading...
201510369441.3
苏州纽威阀门股份有限公司
宋世君
F16K 1/22
Loading...
本发明公开一种双偏心蝶阀，包括阀体，密封插入阀体的内部空腔中的阀杆，位于蝶板与阀体之间的密封阀座，阀杆在外力的作用下旋转进而带动蝶板旋转，使蝶板与密封阀座分离或闭合，还包括固定在介质流入一侧的阀体上的基座，其与介质流入一侧的阀体之间形成安装空间，密封阀座位于此安装空间内，并设置在基座上而被基座限制在超低温下向着蝶板方向的变形量。在超低温条件下，蝶板与密封阀座均发生收缩变形，基座将密封阀座朝向蝶板方向的变形量予以限制，使密封阀座的变形量相对较小，进而密封阀座对蝶板的作用力相对较小，从而减少蝶板开启或关闭的操作扭矩；同时，密封阀座仅采用非金属材料制成，使其结构简单，易于加工制造和批量生产。
42. 204553902 上装式球阀
CN
12.08.2015
F16K 5/06 Loading...
F16K 5/06
Loading...
201520135304.9
苏州纽威阀门股份有限公司
高开科
F16K 5/06
Loading...
本实用新型公开了一种上装式球阀，包括阀体和球体-阀座组件；阀体具有阀腔，和与阀腔分别相通的上开口、上游通道、下游通道；球体-阀座组件包括第一阀座组件、第二阀座组件，及开设有导通通道的球体；球体-阀座组件还包括分别套接在第一阀座组件、第二阀座组件远离球体一端的承载块、开设于第一阀座组件外侧壁上的卡槽，以及套设在第一阀座组件上适合卡入卡槽内的卡簧，上开口适合球体-阀座组件整体从上开口处安装入阀腔中。该上装式球阀属于球阀的术领域，解决了现有上装式球阀加工精度不易保障，阀内部组件的装卸复杂繁琐的技术问题。本实用新型上装式球阀加工精度高，阀内部组件的拆装简单方便。
43. 104197012 Steel forging valve and sealing connecting structure applicable to steel forging valve
CN
10.12.2014
F16J 15/06 Loading...
F16J 15/06
Loading...
201410457829.4
苏州纽威阀门股份有限公司
缪海
F16J 15/06
Loading...
The invention relates to a sealing connecting structure applicable to a steel forging valve. The sealing connecting structure is used for sealing a valve body and a valve deck. The sealing connecting structure comprises a sealing connecting portion, a sealing groove, a groove and a transition segment, wherein the sealing groove contains a sealing part. A lip structure is formed at the outer end of the transition segment. A gap communicated with the groove is formed at the position of the transition segment and the lip structure. A welding joint is formed between the valve body and the valve deck through the lip structure in a welding mode so as to achieve sealing connection. The valve body and the valve deck form the reasonable transition segment through the groove and a lip, so that cold and thermal contraction generated by welding is elastically compensated for, welding stress is prevented from being concentrated at the position, the welding joint is conveniently sealed, cracks are not likely to be formed, and the welding quality is improved. Due to the groove structure, the radiating effect can be achieved during sealing welding, and the sealing part is protected against damage caused by overheating during welding. The welding joint at the position of the sealing part and the lip structure forms a dual-sealing structure, and it is ensured that a cavity in the valve is absolutely sealed when the valve is used for a long time. In addition, the invention further relates to the steel forging valve.
44. 204004546 一种上装球阀的阀座及安装有该阀座的球阀
CN
10.12.2014
F16K 5/20 Loading...
F16K 5/20
Loading...
201420450195.5
苏州纽威阀门股份有限公司
王胜利
F16K 5/20
Loading...
本实用新型公开了一种上装球阀的阀座及安装有该阀座的球阀，所述阀座安装在阀体和球体形成的安装空间内，包括阀座本体，以及位于所述阀座本体和所述阀体之间的弹簧座，所述弹簧座包括座体以及连接所述座体与所述阀座本体的弹性件，所述阀座本体靠近所述阀体的一侧设有固定部，所述固定部和所述阀体之间形成安装有密封圈的第一容纳空间，以及供所述固定部轴向移动的第二容纳空间，还包括在所述固定部轴向移动以及静止过程中始终将所述密封圈限位在所述第一容纳空间内，以切断所述第二容纳空间与所述安装空间连通的限位装置。本实用新型的阀座结构可以使密封圈在轴向上限位，有效防止密封圈在使用过程中因滑动磨损而降低密封性能。
45. 203956862 一种球阀拆装工装
CN
26.11.2014
B25B 27/24 Loading...
B25B 27/24
Loading...
201420372032.X
苏州纽威阀门股份有限公司
周金荣
B25B 27/24
Loading...
本实用新型提供一种球阀拆装工装，包括：用于拉紧固定器(3)的拉紧装置和撑开所述弹簧座(5)的撑开装置，所述拉紧装置和所述撑开装置配合实现所述弹簧座(5)和所述固定器(3)的相背运动，所述拉紧装置包括旋转装置(30)、螺杆(12)，运动部(11)，所述运动部(11)通过第二配合结构与所述固定器(3)连接；所述撑开装置包括动力装置(60)、顶杆(15)，以及抵靠部(14)，所述抵靠部(14)的一端与所述顶杆(15)连接，另一端与弹簧座(5)抵靠。本实用新型的球阀拆装工装能节省人力、使用方便并可在线使用。
46. 203963091 一种顶装式球阀
CN
26.11.2014
F16K 5/06 Loading...
F16K 5/06
Loading...
201420394256.0
苏州纽威阀门股份有限公司
刘长福
F16K 5/06
Loading...
本实用新型涉及一种顶装式球阀，在所述固定器与弹簧座之间的通过预紧压力将所述固定器抵靠在所述球体上的弹性部件，设置在所述固定器与弹簧座之间的密封所述固定器和弹簧座的第三密封件，设置在所述弹簧座与所述阀体之间的安装所述第二密封件的第一容纳空间，以及将所述第二密封件限位设置在所述第一容纳空间内的限位组件。解决了密封件在固定器上来回移动导致密封效果降低的问题，从而提供一种能够固定密封件、提高密封效果的顶装式球阀。
47. 104141805 一种上装球阀的阀座及安装有该阀座的球阀
CN
12.11.2014
F16K 5/20 Loading...
F16K 5/20
Loading...
201410391919.8
苏州纽威阀门股份有限公司
王胜利
F16K 5/20
Loading...
本发明公开了一种上装球阀的阀座及安装有该阀座的球阀，所述阀座安装在阀体和球体形成的安装空间内，包括阀座本体，以及位于所述阀座本体和所述阀体之间的弹簧座，所述弹簧座包括座体以及连接所述座体与所述阀座本体的弹性件，所述阀座本体靠近所述阀体的一侧设有固定部，所述固定部和所述阀体之间形成安装有密封圈的第一容纳空间，以及供所述固定部轴向移动的第二容纳空间，还包括在所述固定部轴向移动以及静止过程中始终将所述密封圈限位在所述第一容纳空间内，以切断所述第二容纳空间与所述安装空间连通的限位装置。本发明的阀座结构可以使密封圈在轴向上限位，有效防止密封圈在使用过程中因滑动磨损而降低密封性能。
48. 203907001 一种降压降噪阀内件以及包括该阀内件的阀门
CN
29.10.2014
F16K 47/02 Loading...
F16K 47/02
Loading...
201420304399.8
苏州纽威阀门股份有限公司
何庆伟
F16K 47/02
Loading...
本实用新型提供一种降压降噪阀内件以及包括该阀内件的阀门，降压降噪阀内件包括套筒，所述套筒内通过安装结构安装有与所述套筒相互配合的叠片组，所述叠片组包括若干个分别沿着所述套筒的轴向安装的波浪形板，以及若干个由相邻两个所述波浪形板形成的流通间隙。本实用新型所述的降压降噪阀内件，可适用于角行程调节阀，加工方便、成本低，易于批量生产，所述阀内件直接安装在阀门流道上，在不受阀门结构和尺寸的影响下降压降噪效果好。
49. 104084931 Ball valve installing and dismantling tool and method
CN
08.10.2014
B25B 27/24 Loading...
B25B 27/24
Loading...
201410320877.9
苏州纽威阀门股份有限公司
周金荣
B25B 27/24
Loading...
The invention provides a ball valve installing and dismantling tool which comprises a tensioning device used for tensioning a fixer (3) and a stretching device used for stretching a spring seat (5) open, wherein the tensioning device and the stretching device cooperate to achieve opposite movement of the spring seat (5) and the fixer (3), the tensioning device comprises a rotating device (30), a screw (12) and a movable part (11), and the movable part (11) is connected with the fixer (3) through a second matching structure; the stretching device comprises a power device (60), an ejector rod (15) and an abutting part (14), one end of the abutting part (14) is connected with the ejector rod (15), and the other end of the abutting part abuts against the spring seat (5). The ball valve installing and dismantling tool can save labor, is convenient to use and can be used online. In addition, the invention provides a ball valve installing and dismantling method.
50. 203817800 一种用于固定三通阀体的工装
CN
10.09.2014
B23Q 3/00 Loading...
B23Q 3/00
Loading...
201420201239.0
苏州纽威阀门股份有限公司
富文华
B23Q 3/00
Loading...
本实用新型公开了一种用于固定三通阀体的工装，其包括主梁，以及设置在所述主梁上端并通过驱转机构驱转的过渡盘；所述主梁的中部铰接有杠杆臂，所述杠杆臂的一端设有用于向下卡住阀体的压块，所述杠杆臂的另一端设有驱动所述杠杆臂绕铰接轴转动的驱动装置；所述主梁的下端设置有用于支撑阀体的叉臂，所述叉臂位于所述压块的下方。本实用新型的用于固定三通球阀的工装具有定位准确、支撑稳定，且夹装固定动作快捷、易操作，能够满足机器人加工高效率的要求。
51. 203792225 一种用于加工楔式闸阀闸板的工装
CN
27.08.2014
B25B 11/02 Loading...
B25B 11/02
Loading...
201420215707.X
苏州纽威阀门股份有限公司
富文华
B25B 11/02
Loading...
本实用新型公开了一种用于加工楔式闸阀闸板的工装，其包括用于加工楔式闸板第一密封面的第一夹具，及用于加工所述楔式闸板第二密封面的第二夹具；所述第一夹具包括第一两爪卡盘，所述第一两爪卡盘的两个卡爪上分别固定设有第一软爪，所述第一软爪上设有第一夹装装置；所述第二夹具包括第二两爪卡盘，所述第二两爪卡盘的两个卡爪上分别固定设有第二软爪，所述第二软爪上设有第二夹装装置。本实用新型的工装不仅夹装迅速，能够满足大批量生产的需求，同时能保证所加工的楔式闸板具有统一的加工基准，确保两密封面的对称度及厚度，进而确保加工精度，以使加工出来的楔式闸板能够满足互换法组装的要求。
52. 203779399 一种用于固定楔式闸阀阀体的工装
CN
20.08.2014
B25B 11/02 Loading...
B25B 11/02
Loading...
201420200552.2
苏州纽威阀门股份有限公司
富文华
B25B 11/02
Loading...
本实用新型公开了一种用于固定楔式闸阀阀体的工装，其包括四爪卡盘，所述四爪卡盘包括依次间隔90度设置并沿所述卡盘的径向往复运动的第一卡爪、第二卡爪、第三卡爪、第四卡爪；所述第一卡爪、所述第三卡爪上分别设有与阀体侧法兰的端面配合的第一夹装装置，所述第二卡爪、所述第四卡爪上分别设有用于夹紧阀体中间法兰的第二夹装装置,所述第二夹装装置上设有用于调整固定所述阀体中间法兰夹装位置的抵触调节装置。本实用新型的用于固定楔式闸阀阀体的工装具有夹装快速、稳定，加工出来的阀体中间法兰的端面精度较高，能够为后续阀体内密封面的加工提供较为精准的基准面，进而为加工出满足互换法组装要求的楔式闸阀阀体提供有力的技术支撑。
53. 203772498 一种多功能密封圈检漏装置
CN
13.08.2014
G01M 3/04 Loading...
G01M 3/04
Loading...
201420175567.8
苏州纽威阀门股份有限公司
陈鉴
G01M 3/04
Loading...
本实用新型公开了一种多功能密封圈检漏装置，其包括相互密封配合的法兰盖和法兰盘，所述法兰盘与所述法兰盖的配合端面之间设有圆柱形的型腔，所述型腔内设置有与所述型腔匹配的芯轴，所述芯轴与所述型腔的轴向配合面上设置有至少一个用于放置待检测密封圈的第一密封槽；所述法兰盖上成型有与所述型腔连通的第一进气通道或第一漏气检测通道，所述法兰盘上对应成型有与所述型腔连通的第一漏气检测通道或第一进气通道。本实用新型的密封圈检漏装置在高温下依然具有较为准确的检测结果，能够适用不同规格的密封圈检测，且具有较高的检测效率，同时还能够检测不同类型、规格密封圈的组合密封性能。
54. 203686221 球阀
CN
02.07.2014
F16K 5/06 Loading...
F16K 5/06
Loading...
201420012737.0
苏州纽威阀门股份有限公司
王胜利
F16K 5/06
Loading...
本实用新型涉及一种球阀，包括位于球体及阀体间的固定器，固定器与球体密封连接，固定器与阀体间通过第一、二密封件密封连接；固定器上设有弹性件及限位件，弹性件的一端抵靠于阀体的径向端面上，另一端压靠于限位件上，使弹性件具有抵挡中腔压力的弹性变形，弹性件的回弹力使固定器抱紧球体，限位件与固定器螺纹连接；固定件与固定器防转动连接；当中腔进压，且限位件压靠在弹性件上所产生的回弹力足够大时，弹性件的回弹力就能够抵消固定器两侧的压力差，固定器可抱紧球体；端部进压时，固定器仍可抱紧球体，实现固定器与球体间的密封；第一、二密封件实现固定器与阀体间可靠的密封，因此本球阀能实现双向可靠的密封。
55. 203686234 一种顶装式球阀
CN
02.07.2014
F16K 5/20 Loading...
F16K 5/20
Loading...
201420052901.0
苏州纽威阀门股份有限公司
徐涌
F16K 5/20
Loading...
本实用新型涉及一种顶装式球阀，包括位于球体与阀体间的阀座，阀座与球体通过密封材料密封连接，阀座与阀体通过密封件密封连接；还包括位于阀体与阀座之间的弹簧组件，弹簧组件的一端抵靠于阀体上、另一端与阀座的空隙内设置的限位件相抵触；阀体成型有第一台阶，密封件位于第一台阶的台肩与弹簧组件的径向端面形成的密封间隙内，且密封件一端抵靠于第一台阶的台肩处，另一端抵靠于弹簧组件的径向端面上。即密封件被限位在由阀体第一台阶的台肩及弹簧组件的径向端面所形成的密封间隙内，保证了密封件不会移动；同时，上述球阀不会因进压方向的改变而改变阀座的受力情况，端部进压时，压力将阀座压靠于球体上，当中腔进压时，阀座仍能压靠于球体上，实现可靠的双向密封。
56. 203686235 顶装式球阀
CN
02.07.2014
F16K 5/20 Loading...
F16K 5/20
Loading...
201420052902.5
苏州纽威阀门股份有限公司
徐涌
F16K 5/20
Loading...
本实用新型涉及一种顶装式球阀，包括位于球体与阀体间的阀座，阀座与球体通过密封材料密封连接，阀座与阀体通过密封件密封连接，还包括位于阀体与阀座之间的弹簧组件，弹簧组件的一端抵靠于阀体上，阀体上成型有第一台阶，密封件位于第一台阶的台肩与弹簧组件的径向端面形成的密封间隙内，且密封件一端抵靠于第一台阶的台肩处，另一端抵靠于弹簧组件的径向端面上；因此保证了密封件不会移动，阀座的外圆周面上设有限位件，限位件的径向端面与弹簧组件的另一端相抵靠，用于对弹簧组件限位。
57. 203670871 一种球阀
CN
25.06.2014
F16K 5/06 Loading...
F16K 5/06
Loading...
201420012725.8
苏州纽威阀门股份有限公司
丁城
F16K 5/06
Loading...
本实用新型涉及一种球阀，包括位于阀球与阀体间的固定器，固定器与阀体之间通过密封件密封连接，阀球与固定器密封连接；还包括套设于固定器上的限位件，限位件与阀体进行防转动连接；限位件的径向端面与阀体的径向内端面之间设置所述密封件，限位件与固定器的径向端面间设置弹性件；限位件朝向固定器的端面上成型有若干第二凹槽，固定器与第二凹槽匹配的位置处成型有若干凸块；装配位置时，凸块插入第二凹槽内；工作位置时，弹性件的回弹力使凸块退出第二凹槽，适于固定器向阀球移动且压靠于阀球上，且凸块在固定器转动一定角度后，抵靠于限位件的外端面上。上述组件在工作位置时不能够产生相对移动，固定器与阀体间的密封效果可靠且结构简单。
58. 203670868 一种高温双活塞固定球阀
CN
25.06.2014
F16K 5/06 Loading...
F16K 5/06
Loading...
201320886216.3
苏州纽威阀门股份有限公司
陈尚东
F16K 5/06
Loading...
本实用新型公开了一种高温双活塞固定球阀，其包括设置于阀盖及球体之间的阀座，所述阀座与所述球体密封接触，所述阀座与阀盖之间设置密封组件，所述密封组件包括密封体，所述密封体的两端分别设置第一弹性件和第二弹性件；所述第一弹性件的一端抵在所述阀座上，其另一端抵在所述密封体上；所述第二弹性件的一端抵在所述阀盖上，其另一端抵在所述密封体上；所述密封体的外径大于所述阀座与所述球体密封位置的外径，所述密封体的内径小于所述阀座与所述球体密封位置的内径。本实用新型的密封组件在密封的同时，能够实现双向密封的双活塞功能，密封效果好，且能应用于高温工况，有效解决高温介质泄露的问题。
59. 203656252 用于浮动硬密封球阀的密封结构及浮动硬密封球阀
CN
18.06.2014
F16K 5/20 Loading...
F16K 5/20
Loading...
201420010549.4
苏州纽威阀门股份有限公司
陈尚东
F16K 5/20
Loading...
本实用新型提供一种用于浮动硬密封球阀的密封结构及浮动硬密封球阀，包括适于通过固定件固定安装在阀体上的阀盖，和适于与球体密封连接的阀座，所述阀盖和所述阀座之间形成有安装空间，所述安装空间内安装有用于密封所述阀盖和所述阀座的密封垫，还包括通过定位所述阀座以挤压所述密封垫的预紧装置。通过设置上述预紧装置,使得阀座的定位不再完全依靠于上游弹簧力与介质力对球体的挤压间接实现,预紧装置可直接实现对阀座的始终定位和对密封垫的持续压力。当球体转动时,阀座不会沿通道轴向的方向发生位移,不会造成填料体或密封垫的通过与阀座和阀盖相互挤压接触实现密封的接触面的移动，因而长时间使用也不容易出现密封不严或者泄漏。
60. 203656251 一种球阀
CN
18.06.2014
F16K 5/08 Loading...
F16K 5/08
Loading...
201420012738.5
苏州纽威阀门股份有限公司
王胜利
F16K 5/08
Loading...
本实用新型涉及一种球阀，包括位于球体及阀体间的阀座，阀座与阀体通过密封件密封连接，阀座与球体间通过密封材料密封连接，密封材料密封面的中心与球体的球心间的径向距离为L1，阀体的凹槽内设有弹性件，弹性件的一端压靠于阀座的径向端面上，在阀座远离球体的一侧固定连接有抵挡密封件的连接块，阀体与密封件的接触面到球体的球心间的径向距离为L2，L2大于L1，所以当中腔进压时，使作用在阀座两侧的压力差朝向远离球体的方向；当压力差大于弹性件的回弹力后使阀座远离球体，实现球阀中腔自泄压。
61. 203656247 一种上装式球阀
CN
18.06.2014
F16K 5/06 Loading...
F16K 5/06
Loading...
201420015253.1
苏州纽威阀门股份有限公司
王胜利
F16K 5/06
Loading...
本实用新型涉及一种上装式球阀，包括位于球体与阀体间的固定器，固定器与球体密封，固定器与阀体间有密封件，阀体与固定器间有限位件，限位件外圆周面与阀体螺纹连接，限位件与固定器防转动连接。旋转固定器，使限位件向固定器移动，从而使限位件与固定器间形成密封间隙，放置密封件，防止密封件移动。固定器与密封件的配合面至阀体轴线的距离小于密封材料密封面的中心到阀体轴线的距离，阀体与密封件的配合面至阀体轴线的距离大于密封材料密封面的中心到阀体轴线的距离。球阀端部进压，固定器两侧的压力差使固定器压靠于球体上，中腔进压，固定器两侧的压力差仍使固定器压靠于球体上，且密封件不移动。故，实现了固定器与阀体间双向可靠的密封效果。
62. 203614791 球阀
CN
28.05.2014
F16K 5/06 Loading...
F16K 5/06
Loading...
201320817619.2
苏州纽威阀门股份有限公司
高云川
F16K 5/06
Loading...
本实用新型涉及一种球阀，包括设置在阀体与球体间的固定器，固定器与阀体间通过第一密封材料密封连接，还包括位于固定器及球体间的阀座，阀座与球体密封连接，且阀座与固定器间通过第二密封材料密封连接；固定器与阀体之间设有用于限制固定器轴向移动的限位件；固定器与阀座间还设有施加轴向弹性力的弹性件，用于将阀座压靠于球体上。由于弹性件位于固定器与阀座间，当固定器与阀体之间的限位件将固定器限位后，弹性件轴向的弹性力只需将阀座推向球体后即可通过第二密封材料实现阀座与球体间的密封，所以在装拆过程中，因此对于弹性件的性能要求较低；同时，阀体内的固定器与阀体间通过第一密封材料密封连接，保证了球阀的密封效果。
63. 203614793 一种球阀
CN
28.05.2014
F16K 5/20 Loading...
F16K 5/20
Loading...
201320817678.X
苏州纽威阀门股份有限公司
高云川
F16K 5/20
Loading...
本实用新型涉及一种球阀，包括位于阀球与阀体间的固定器及阀座，固定器与阀体通过密封件密封连接，阀座位于固定器与阀球之间，并与阀球密封连接，阀座的沿径向设置的外端面与固定器沿径向设置的外端面为密封连接，阀座的轴向端面位于阀体与阀球之间的空隙内。固定器与阀体通过密封件密封连接，阀座与阀球间为密封连接，阀座位于阀球与固定器之间，且阀座的轴向端面是位于阀体与阀球之间的空隙内的，所以固定器的沿径向设置的外端面只需移动至与阀座的沿径向设置的外端面接触后，阀座外端面与固定器的外端面实现密封连接即可。在此过程中，固定器移动的距离较短，可实现便捷的在线拆装。
64. 203560487 一种球阀
CN
23.04.2014
F16K 5/06 Loading...
F16K 5/06
Loading...
201320675956.2
苏州纽威阀门股份有限公司
丁城
F16K 5/06
Loading...
本实用新型涉及一种球阀，包括位于阀球与阀体间的固定器、及位于固定器与阀体之间的密封件，还包括位于密封件与阀体的轴向端面之间的弹簧组件，弹簧组件包括弹簧座及弹簧，弹簧座套设于固定器的端部，弹簧抵靠于弹簧座与阀体之间；弹簧座相对阀体具有一定滑移量，工作位置时，弹簧的弹力将弹簧座压靠至密封件上，密封件的另一端抵靠于固定器的侧壁上。密封件装入固定器后，将弹簧座套设于固定器的端部，弹簧置于弹簧座与阀体间，通过工装将上述部件压向阀体，装入阀球；在弹簧的弹力作用下，弹簧座、密封件及固定器会回弹到指定位置，即弹簧座被压至密封件上，密封件的另一端抵靠于固定器上，保证密封件在使用过程中不会移动，保证其密封可靠性。
65. 203560503 球阀
CN
23.04.2014
F16K 5/08 Loading...
F16K 5/08
Loading...
201320675861.0
苏州纽威阀门股份有限公司
丁城
F16K 5/08
Loading...
本实用新型涉及一种球阀，包括位于阀球与阀体间的固定器，在固定器与阀体之间设有第一密封件和第二密封件，第一密封件靠近固定器设置，第二密封靠近阀体设置，阀体和固定器上分别设置用于阻挡第一密封件向阀体移动、阻挡第二密封件向固定器移动的隔挡部。当球阀内左侧第一次进压时，第一密封件向右运动被阀体上的隔挡部隔挡后不再移动，并实现固定器与阀体间的密封，左侧压力不会使第二密封件移动；当球阀内右侧第一次进压时，第二密封件向左移动被固定器上的隔挡部隔挡后不再移动，并实现固定器与阀体间的密封，右侧压力不会使第一密封件移动；无论球阀内再次进压方向如何，都不会使第一密封件及第二密封件产生位移，保证了上述密封件的密封可靠性。
66. 103727259 High-temperature double-piston fixing ball valve
CN
16.04.2014
F16K 5/06 Loading...
F16K 5/06
Loading...
201310747873.4
苏州纽威阀门股份有限公司
陈尚东
F16K 5/06
Loading...
The invention discloses a high-temperature double-piston fixing ball valve which comprises a valve seat arranged between a valve deck and a ball. The valve seat is in sealed contact with the ball, a sealing assembly is arranged between the valve seat and the valve deck and comprises a sealing body, the two ends of the sealing body are provided with a first elastic piece and a second elastic piece respectively, one end of the first elastic piece abuts against the valve seat, the other end of the first elastic piece abuts against the sealing body, one end of the second elastic piece abuts against the valve deck, the other end of the second elastic piece abuts against the sealing body, the outer diameter of the sealing body is larger than the outer diameter of the position where the valve seat and the ball are sealed, and the inner diameter of the sealing body is smaller than the inner diameter of the position where the valve seat and the ball are sealed. According to the high-temperature double-piston fixing ball valve, the sealing assembly is used for sealing, meanwhile, the sealing assembly can achieve the bidirectional-sealing double-piston function, the sealing effect is good, the high-temperature double-piston fixing ball valve can be applied to the high-temperature working condition, and the problem of high-temperature medium leakage is effectively solved.
67. 103729505 CFD (computational fluid dynamics) based method for computing equivalent length of valve
CN
16.04.2014
G06F 17/50 Loading...
G06F 17/50
Loading...
201310719041.1
苏州纽威阀门股份有限公司
陈天敏
G06F 17/50
Loading...
The invention relates to a CFD (computational fluid dynamics) based method for computing equivalent length of a valve. The method includes the steps: establishing a three-dimensional assembly model of the valve, after an extension section is added to an entry and exit position of the valve model, importing the model into CFD software, working out pressure values of multiple working conditions by analog calculation of the CFD software and computing corresponding pressure differences; according to the pressure differences, respectively computing multiple flow coefficient values through a formula, and then computing an average flow coefficient value; computing an equivalent length value of the valve through a formula. Flow performance data of the valve are obtained by the aid of CFD technological analogue simulation, only drawings are needed to be used for completion in a virtual prototype phase in the initial stage of development, and the situations that manpower and material resources are wasted and development cycle is prolonged due to the fact that the valve must be manufactured and subjected to test measurement in order to detect flow performance of the valve in the prior art are avoided, so that development efficiency is greatly improved and cost is saved by the method.
68. 203548972 一种固定球阀
CN
16.04.2014
F16K 5/06 Loading...
F16K 5/06
Loading...
201320610439.7
苏州纽威阀门股份有限公司
陈尚东
F16K 5/06
Loading...
本实用新型公开了一种固定球阀，包括阀体，阀盖，阀芯以及阀座；所述阀芯与阀杆连接，所述阀杆通过压盖法兰可旋转地固定在所述阀体上；所述阀杆的外侧套设有套筒，所述套筒的下端设有轴承，所述阀芯上部设有凹槽，所述轴承的外圈与所述凹槽的侧壁紧密配合；所述套筒的外壁与所述凹槽的侧壁之间设置有密封圈，所述套筒的外壁与所述阀体之间密封配合，且在所述套筒与所述阀体的配合面处设置有至少一道所述密封圈，所述密封圈沿所述套筒的圆周方向布置。本实用新型可明显提高整个球阀的密封效果，有效防止漏液，进而保证轴承及阀杆不受介质中的颗粒伤害，有效降低阀杆的操作扭矩，确保轴承的良好润滑效果，进而延长整个球阀的使用寿命。
69. 203548971 一种三片式浮动球阀
CN
16.04.2014
F16K 5/06 Loading...
F16K 5/06
Loading...
201320610350.0
苏州纽威阀门股份有限公司
曹达华
F16K 5/06
Loading...
本实用新型公开了一种三片式浮动球阀，包括阀体，所述阀体内设置有阀芯，所述阀芯的上端连接有阀杆，所述阀杆延伸出所述阀体上表面的端部与操作机构连接，所述阀杆可旋转地固定在所述阀体上；阀盖，所述阀盖设置在所述阀体两侧，分别与管线连接；所述阀盖与所述阀体沿所述阀盖的轴线方向可拆卸式密封配合；所述阀体与所述阀盖的配合端面均为平面，且所述阀体两侧的端面相互平行。在拆卸掉阀体与阀盖之间的连接件后，便可以将整个阀体沿着阀盖端面的方向抽出，实现了在线维修；另外，这种设计方式无需将阀盖从管线上切割掉然后再焊接，避免了在维修时产生火花，进而确保了维修安全，同时也简化了拆卸工艺，提高了工作效率。
70. 203549055 止回阀的阀座与阀体的连接结构
CN
16.04.2014
F16K 27/00 Loading...
F16K 27/00
Loading...
201320710278.9
苏州纽威阀门股份有限公司
李世杰
F16K 27/00
Loading...
本实用新型涉及一种止回阀的阀座与阀体的连接结构，包括阀体，以及位于阀体内壁并与阀体密封连接的阀座，还包括用于将阀座固定于阀体上的固定结构，固定结构包括相对阀体轴向限位设置的限位件，以及用于将限位件与阀座固定连接的紧固件。通过限位件及紧固件实现了阀体与阀座间的固定，该固定结构易于实现阀体与阀座间的拆装，且连接稳固，上述各零部件也易于生产制造。
71. 103711929 Ball valve
CN
09.04.2014
F16K 5/06 Loading...
F16K 5/06
Loading...
201310676355.8
苏州纽威阀门股份有限公司
高云川
F16K 5/06
Loading...
The invention relates to a ball valve comprising a fixing device and a valve seat. The fixing device and the valve seat are arranged between a valve ball and a valve body and hermetically connected through a seal. The valve seat is arranged between the fixing device and the valve ball and hermetically connected with the valve ball. The radial outer end face of the valve seat is hermetically connected with the radial outer end face of the fixing device. The axil end face of the valve seat is arranged in a gap between the valve body and the valve ball. The fixing device is hermetically connected with the valve body through another seal. The valve seat is hermetically connected with the valve ball. The valve seat is arranged between the valve ball and the fixing device. The axial end face of the valve seat is arranged in the gap between the valve body and the valve ball. Just after the radial outer end face of the fixing device is moved to contact with the radial outer end face of the valve seat, the outer end face of the valve seat can be hermetically connected with the outer end face of the fixing device; meanwhile, the fixing deice moves in a short distance, and convenient online demounting is achieved.
72. 203534769 一种阀门检验工装
CN
09.04.2014
G01M 3/02 Loading...
G01M 3/02
Loading...
201320698400.5
苏州纽威阀门股份有限公司
王尧岗
G01M 3/02
Loading...
本实用新型公开了一种阀门检验工装，包括无缝钢管和连接组件，所述连接组件包括一对对夹板和设于对夹板内侧的调节块，所述一对对夹板通过螺柱和螺母配合拉紧固定，所述对夹板中心设有圆孔，所述对夹板与调节块的接触面为球面自定位结构，所述调节块上设有导向台，所述导向台上套设有垫片，所述调节块内部沿导向台方向设有通孔，所述通孔远离导向台的一端与无缝钢管连接固定。本实用新型结构简单，成本低廉，可配套使用，能够满足工厂对非法兰端连接阀门的高、低温检验需求。
73. 103603981 Connecting structure of valve seat and valve body of check valve
CN
26.02.2014
F16K 27/00 Loading...
F16K 27/00
Loading...
201310558966.2
苏州纽威阀门股份有限公司
李世杰
F16K 27/00
Loading...
The invention relates to a connecting structure of a valve seat and a valve body of a check valve. The connecting structure comprises a valve body, a valve seat and a fixing structure. The valve seat is arranged on the inner wall of the valve body and is tightly connected with the valve body, the fixing structure is used for fixing the valve seat on the valve body and comprises a locating part and a fastener, the locating part is axially arranged opposite to the valve body in a locating manner, and the fastener is used for fixedly connecting the locating part and the valve seat. The valve body is fixed on the valve seat via the locating part and the fastener; with the fixing structure, dismounting between the valve body and the valve seat is easy to realize and the fixing structure is stable in connection; the parts above is easy to be manufactured by manufacturers.
74. 103527808 Ball valve
CN
22.01.2014
F16K 5/08 Loading...
F16K 5/08
Loading...
201310523513.6
苏州纽威阀门股份有限公司
丁城
F16K 5/08
Loading...
The invention relates to a ball valve comprising a fixer, sealing elements and a spring assembly. The fixer is located between a valve ball and a valve body, the sealing elements are located between the fixer and the valve body, the spring assembly is located between the sealing elements and the axial end face of the valve body, the spring assembly comprises a spring seat and a spring, the spring seat is sleeved on the end portion of the fixer, and the spring is butted between the spring seat and the valve body. The spring seat has certain sliding displacement relative to the valve body; when at the working position, the spring seat is pressed to butt against the sealing elements by the aid of elastic force of the spring, and the other end of each sealing element is butted against the side wall of the fixer. After the sealing elements are disposed in the fixer, the spring seat is sleeved on the end portion of the fixer, the spring is disposed between the spring seat and the valve body, and the parts are pressed towards the valve body through a tool to be disposed in the valve ball; under the action of elastic force of the spring, the spring seat, the sealing elements and the fixer can spring back to specific locations, namely the spring seat is pressed onto the sealing elements, the other end of each sealing element is butted against the fixer, and accordingly the sealing elements are ensured not to move during use, and reliability in sealing is guaranteed.
75. 103511657 球阀
CN
15.01.2014
F16K 5/06 Loading...
F16K 5/06
Loading...
201310523566.8
苏州纽威阀门股份有限公司
丁城
F16K 5/06
Loading...
本发明涉及一种球阀，包括位于阀球与阀体间的固定器，在固定器与阀体之间设有第一密封件和第二密封件，第一密封件靠近固定器设置，第二密封靠近阀体设置，阀体和固定器上分别设置用于阻挡第一密封件向阀体移动、阻挡第二密封件向固定器移动的隔挡部。当球阀内左侧第一次进压时，第一密封件向右运动被阀体上的隔挡部隔挡后不再移动，并实现固定器与阀体间的密封，左侧压力不会使第二密封件移动；当球阀内右侧第一次进压时，第二密封件向左移动被固定器上的隔挡部隔挡后不再移动，并实现固定器与阀体间的密封，右侧压力不会使第一密封件移动；无论球阀内再次进压方向如何，都不会使第一密封件及第二密封件产生位移，保证了上述密封件的密封可靠性。
76. 203348705 一种便捷拆装式阀门手轮抬高结构
CN
18.12.2013
F16K 31/60 Loading...
F16K 31/60
Loading...
201320421978.6
苏州纽威阀门股份有限公司
陈庆刚
F16K 31/60
Loading...
本实用新型公开了一种便捷拆装式阀门手轮抬高结构，包括手轮和加长杆焊接件，所述加长杆焊接件上端固定有手轮座，下端固定有顶法兰，所述手轮固定安装在手轮座上，所述顶法兰与阀门手轮连接固定。本实用新型结构简单，零件加工成本低，且拆装、运输方便。
77. 203348704 一种基于轴承的限位开关安装支架结构
CN
18.12.2013
F16K 31/60 Loading...
F16K 31/60
Loading...
201320421936.2
苏州纽威阀门股份有限公司
陈庆刚
F16K 31/60
Loading...
本实用新型公开了一种基于轴承的限位开关安装支架结构，包括防尘罩焊接件、手轮和阀杆，所述阀杆上端设有阀杆螺母，所述手轮经手轮螺母与阀杆螺母固定，所述手轮螺母与防尘罩焊接件通过轴承连接，所述轴承上下分别设有上压块和下压块，所述阀杆上固定有指示杆，指示杆的上端紧固有指示板，所述防尘罩焊接件上设有安装板和竖直方向的导向槽，所述指示板沿导向槽上下滑动，所述限位开关固定在安装板上。本实用新型限位开关安装稳定，不会因为晃动而失去感应功能，且安装空间小，安装位置不会影响到阀门的正常操作。
78. 203335918 一种上装式低温浮动球阀
CN
11.12.2013
F16K 5/06 Loading...
F16K 5/06
Loading...
201320382027.2
苏州纽威阀门股份有限公司
丁城
F16K 5/06
Loading...
一种上装式低温浮动球阀，包括阀体（1）、球形阀芯（4）和固定器（6），所述阀体（1）具有进口（2）和出口（3），所述阀体（1）内部成型有空腔；所述球形阀芯（4）设置于所述空腔内，所述球形阀芯（4）成型有水平方向的贯通通道（5），所述球形阀芯（4）可绕其竖直轴线转动；所述固定器（6）设置于所述空腔内，并位于所述球形阀芯（4）靠近所述出口（3）的一侧，所述固定器（6）的环形槽设置有出口侧阀座（7），所述出口侧阀座（7）与所述球形阀芯（4）密封接触；所述固定器（6）的外壁与所述阀体（1）无间隙直接固定连接。本实用新型的上装式低温浮动球阀，固定器和阀体之间不存在泄漏点，阀门密封性能好，安全可靠。
79. 103307302 一种上装式低温浮动球阀
CN
18.09.2013
F16K 5/06 Loading...
F16K 5/06
Loading...
201310269215.9
苏州纽威阀门股份有限公司
丁城
F16K 5/06
Loading...
一种上装式低温浮动球阀，包括阀体（1）、球形阀芯（4）和固定器（6），所述阀体（1）具有进口（2）和出口（3），所述阀体（1）内部成型有空腔；所述球形阀芯（4）设置于所述空腔内，所述球形阀芯（4）成型有水平方向的贯通通道（5），所述球形阀芯（4）可绕其竖直轴线转动；所述固定器（6）设置于所述空腔内，并位于所述球形阀芯（4）靠近所述出口（3）的一侧，所述固定器（6）的环形槽设置有出口侧阀座（7），所述出口侧阀座（7）与所述球形阀芯（4）密封接触；所述固定器（6）的外壁与所述阀体（1）无间隙直接固定连接。本发明的上装式低温浮动球阀，固定器和阀体之间不存在泄漏点，阀门密封性能好，安全可靠。
80. 203098903 一种用于对夹止回阀的阀瓣及具有该阀瓣的对夹止回阀
CN
31.07.2013
F16K 1/36 Loading...
F16K 1/36
Loading...
201320055453.5
苏州纽威阀门股份有限公司
陈天敏
F16K 1/36
Loading...
实用新型涉及一种用于对夹止回阀的阀瓣及具有该阀瓣的对夹止回阀，阀瓣包括两个阀瓣板，每个阀瓣板具有一个适于与安装在阀体内的阀座的内壁活动配合以开启或关闭阀门的弧形边缘，阀瓣板的第一工作面上在靠近弧形边缘的一侧至少设置一个半开的凹槽。阀瓣通过设置凹槽，增大了变形幅度，使得阀瓣的变形与阀座的变形趋于一致，从而使得本实用新型的对夹止回阀在超低温工况下具有较高的密封性能。并且，该种阀瓣结构，并不增大阀瓣的重量，从而保证阀瓣具有较短的反应时间。
81. 202790655 一种低温球阀
CN
13.03.2013
F16K 5/08 Loading...
F16K 5/08
Loading...
201220440318.8
苏州纽威阀门股份有限公司
王国军
F16K 5/08
Loading...
一种低温球阀，包括阀体（10）；球形阀芯（20）；阀杆（30），所述阀杆（30）轴线与所述阀芯（20）的旋转轴线同轴设置，并与所述阀芯（20）固定连接；管状支架（40），一端固定在所述阀体（10）上，并与所述阀杆（30）同轴套接，用于支撑所述阀杆（30），所述阀杆（30）与所述支架（40）具有间隙；还设置有连通所述间隙和所述贯通孔（21）的泄压通道。现有技术的低温球阀中的泄压通道在泄压的同时将危险气体也一起泄出污染环境，且制造成本高，进而提供一种不仅环保且制造成本低的低温球阀。
82. 202691178 一种核二级升降式止回阀
CN
23.01.2013
F16K 15/06 Loading...
F16K 15/06
Loading...
201220367667.1
苏州纽威阀门股份有限公司
魏宏璞
F16K 15/06
Loading...
本实用新型公开了一种核二级升降式止回阀，包括阀体、阀瓣、与阀体密封连接的阀盖，所述阀瓣下端与阀体内的阀座配合密封，其特征在于：所述阀盖内侧设有导向孔，所述阀瓣上部位于导向孔内由阀盖导向；所述阀瓣下端与阀座间为球面对倒锥面的线接触密封结构；阀瓣上端设有竖直孔，辅助密封弹簧一端位于该竖直孔内，另一端与阀盖上的导向孔的底部接触配合。本实用新型可以实现不割离管线而在线进行量化的、高精度的密封性能检测，满足核电站高严密性要求，避免出现内漏超标给电站带来巨大的时间和经济损失，且达到了良好的密封效果。
83. 202659956 一种具有泄压孔结构的阀门
CN
09.01.2013
F16K 5/06 Loading...
F16K 5/06
Loading...
201220288915.3
苏州纽威阀门股份有限公司
王胜利
F16K 5/06
Loading...
本实用新型公开了一种具有泄压孔结构的阀门，包括阀体、阀座、球体、阀杆和阀盖，所述阀杆与球体连接，阀杆与阀盖间存在间隙，构成颈部腔体，其特征在于：在所述阀盖下部，设有连通所述颈部腔体与阀门中腔的泄压孔。本实用新型在阀盖的下部设置了泄压孔，使颈部腔体与阀门中腔连通，从而避免了阀盖的腔体出现超压现象，尤其适合于采用加长阀盖结构的低温阀门使用。
84. 202659955 一种上装式低温固定球阀
CN
09.01.2013
F16K 5/06 Loading...
F16K 5/06
Loading...
201220288912.X
苏州纽威阀门股份有限公司
王胜利
F16K 5/06
Loading...
本实用新型公开了一种上装式低温固定球阀，包括阀体、阀座、球体、阀杆和阀盖，阀体、阀座、球体上的通孔相连构成流体通道，所述阀座包括上游阀座和下游阀座，其特征在于：所述上游阀座在和球体结合处开设有连通槽，所述连通槽连通所述流体通道和阀门中腔，所述下游阀座上设有密封结构。本实用新型中腔不会超压，降低了对密封件的要求，严格控制内漏和外漏，尤其适合于采用加长阀盖结构的低温阀门使用。实验表明，本实用新型的结构在低温下运行可靠，阀座泄漏满足标准要求，能够实现真正意义上的在线维修。
85. 202660016 一种阀体密封结构
CN
09.01.2013
F16K 27/00 Loading...
F16K 27/00
Loading...
201220288911.5
苏州纽威阀门股份有限公司
王胜利
F16K 27/00
Loading...
本实用新型公开了一种阀体密封结构，包括阀体，所述阀体内设置有流体通道，与所述流体通道配合，在阀体内设置有唇形密封圈，其特征在于：在所述阀体的内壁上，对应于唇形密封圈安装位一侧，周向布置有至少3个拆卸凹槽。本实用新型使用简单的工装即可以将唇形密封圈无损伤地拆卸下来，拆卸简单，便捷；密封件可以重复使用，从而大大的降低使用成本。
86. 202580275 一种超低温阀的阀杆倒密封结构
CN
05.12.2012
F16K 41/02 Loading...
F16K 41/02
Loading...
201220225399.X
苏州纽威阀门股份有限公司
赵正红
F16K 41/02
Loading...
本实用新型公开了一种超低温阀的阀杆倒密封结构，包括阀体、阀盖、阀杆和启闭件，所述阀盖由阀盖体和支架固定连接构成，所述阀杆和所述支架间经填料密封，其特征在于：所述支架近阀盖体部分的内径小于阀盖体内径并且支架内径向阀盖体方向由小向大变化，构成支架密封部，支架密封部上设有堆焊层构成的支架密封面，所述阀杆上对应该支架密封面设有圆台形的阀杆密封面，在阀门全开位置，支架密封面和阀杆密封面密封配合。本实用新型结构简单、密封效果好，减轻了阀门中超低温介质的影响，特别适合在超低温阀中使用。
87. 202441911 上装式浮动球阀
CN
19.09.2012
F16K 5/06 Loading...
F16K 5/06
Loading...
201120464441.9
苏州纽威阀门股份有限公司
朱彬
F16K 5/06
Loading...
本实用新型公开了一种上装式浮动球阀，包括阀体、出口端阀座和球体，所述出口端阀座由内阀座和外阀座复合而成，所述内阀座上设有与所述球体球面贴合的密封面，所述出口端阀座的一端通过该密封面与球面之间的贴合构成接触式动密封结构，所述出口端阀座的另一端端面与所述阀体之间的贴合构成直接接触密封结构。本实用新型利用密封面与球面之间密封和出口端阀座端面和阀体端面之间的密封之间的结合，实现浮动球阀的整体密封要求，密封位置少，且软密封材料内阀座整体较大，易研磨、抛光，结构简单、密封可靠、加工方便、利于装配。
88. 202381770 对夹双瓣式止回阀
CN
15.08.2012
F16K 15/00 Loading...
F16K 15/00
Loading...
201120559049.2
苏州纽威阀门股份有限公司
朱昌江
F16K 15/00
Loading...
本实用新型公开了一种对夹双瓣式止回阀，包括支承座、阀体和连接所述支承座和阀体的键，插入所述阀体内的键的端部设有防转位，所述阀体上对应于该防转位的位置开设有定位孔，防转销通过该定位孔横穿所述防转位。本实用新型在键上开设防转位，并利用防转销限制键的转动，结合支承座与固定轴以及支承座与阀体的配合，对支承座圆周方向的位移起到约束；支承座上的键槽与键之间的配合，对支承座具有轴向的约束，使支承座不能相对于阀体晃动，连接安全、可靠。
89. 202371202 一种小口径固定球阀
CN
08.08.2012
F16K 5/06 Loading...
F16K 5/06
Loading...
201120529112.8
苏州纽威阀门股份有限公司
陈尚东
F16K 5/06
Loading...
本实用新型公开了一种小口径固定球阀，包括阀体、阀盖、球体和阀杆，其特征在于：所述阀杆设置于所述阀体中，通过阀体的台阶配合定位，所述阀体上位于所述阀杆两侧开设有填料函孔，近所述阀杆上下两端外侧分别设有顶法兰及压板，所述顶法兰与所述阀体间设有支架。本实用新型减少外漏点，有效的保证了密封，并且降低了成本。
90. 102367879 上装式浮动球阀
CN
07.03.2012
F16K 5/06 Loading...
F16K 5/06
Loading...
201110371538.X
苏州纽威阀门股份有限公司
朱彬
F16K 5/06
Loading...
本发明公开了一种上装式浮动球阀，包括阀体、出口端阀座和球体，所述出口端阀座由内阀座和外阀座复合而成，所述内阀座上设有与所述球体球面贴合的密封面，所述出口端阀座的一端通过该密封面与球面之间的贴合构成接触式动密封结构，所述出口端阀座的另一端端面与所述阀体之间的贴合构成直接接触密封结构。本发明利用密封面与球面之间密封和出口端阀座端面和阀体端面之间的密封之间的结合，实现浮动球阀的整体密封要求，密封位置少，且软密封材料内阀座整体较大，易研磨、抛光，结构简单、密封可靠、加工方便、利于装配。
91. 202140632 一种对夹双瓣止回阀
CN
08.02.2012
F16K 15/03 Loading...
F16K 15/03
Loading...
201120231736.1
苏州纽威阀门股份有限公司
朱昌江
F16K 15/03
Loading...
本实用新型公开了一种对夹双瓣止回阀，包括阀体、阀片、固定轴、销轴和支承座，所述阀片由一对半圆形阀瓣组成，并经设置于阀瓣直边处的销轴转动连接，所述销轴、固定轴分别通过设于其两端的支承座固定于阀体内；所述支承座近阀体内侧端部设有向外伸展的凸起，对应于凸起处的阀体上开设有与其配合的限位固定孔；所述阀体内壁上位于支承座外侧端的位置设有安装座，安装座内固定设有挡块；当支承座安装于阀体内时，支承座的外侧端与所述挡块相抵。本实用新型限制了支承座各个方向的运动，提高支承座与阀体的结合牢固度，避免了支承座的晃动，提高了阀门的可靠性；同时本实用新型的结构加工工艺简单，安装及拆卸更为方便。
92. 202118292 固定球阀
CN
18.01.2012
F16K 5/06 Loading...
F16K 5/06
Loading...
201120192800.X
苏州纽威阀门股份有限公司
陈尚东
F16K 5/06
Loading...
本实用新型公开了一种固定球阀，包括阀体、阀座、阀盖、球体和阀杆，阀体的上方设有压盖法兰，所述阀杆的下部围设有套筒，套筒的顶部与所述压盖法兰的底部相抵，套筒的底部与球体相抵。本实用新型在阀杆上围设了套筒，因此当阀门关闭时，由于管线压力作用于阀座，由阀座传递给球体，由球体传递给套筒，最终由阀体承受，从而避免了阀杆直接承受压力，延长了阀杆的使用寿命，且有利于阀杆处的密封。
93. 201982714 一种球阀阀杆结构
CN
21.09.2011
F16K 5/08 Loading...
F16K 5/08
Loading...
201120075239.7
苏州纽威阀门股份有限公司
王子聪
F16K 5/08
Loading...
本实用新型公开了一种球阀阀杆结构，所述球阀包括阀体、阀座、球体和阀杆，阀体顶部设有压盖法兰，所述阀杆插接于球体顶部，阀杆的下部设有凸出的台阶，压盖法兰的底部设于台阶上，阀杆的上部套设有支架，所述阀杆上部向内收缩形成台阶结构，在台阶上套设支撑座，支撑座位于支架的下方，支撑座和支架之间设有推力垫，使阀杆下部的台阶和压盖法兰的底部相离；所述支撑座的内壁与阀杆相抵，其外壁与支架相抵，支架和支撑座外壁之间设有密封圈，支撑座内壁和阀杆之间设有密封圈。本实用新型在实现防止阀杆在压力作用下向上跑出的前提下，避免了流体介质对推力垫的污染及腐蚀，因而方便了推力垫的选材，便于实际应用。
94. 201944329 一种大口径浮动球阀
CN
24.08.2011
F16K 5/20 Loading...
F16K 5/20
Loading...
201120075263.0
苏州纽威阀门股份有限公司
王子聪
F16K 5/20
Loading...
本实用新型公开了一种大口径浮动球阀，包括阀体、阀座、阀盖、球体和阀杆，所述球阀的进口端设有碟簧，出口端设有挡环；所述挡环设于阀座的内侧面，挡环的外环与阀盖固定连接，挡环的内环与阀座的内侧面相抵。本实用新型解决了球阀出口端的密封性，因而对进口端的碟簧的弹性要求较低，避免了碟簧因弹力过大而造成的阀门扭矩过大的问题，使大口径浮动球阀得以应用，具有积极的现实意义。
95. 201863183 一种用于固定球阀的拆装工具
CN
15.06.2011
B25B 27/24 Loading...
B25B 27/24
Loading...
201020603069.0
苏州纽威阀门股份有限公司
王龙骧
B25B 27/24
Loading...
本实用新型公开了一种用于固定球阀的拆装工具，包括支撑板和受力管，所述支撑板的中央设有通孔，其四周周向均布有至少2个螺纹孔，该螺纹孔与固定球阀阀体上的螺纹孔配合；所述受力管呈管状，其顶部与所述支撑板固定连接，且其管孔与支撑板的通孔同轴连通，且支撑板的通孔的直径大于等于管孔的直径，受力管的底部为上大下小的锥形结构，该锥形结构与固定球阀的阀座配合。本实用新型实现了上装式固定球阀的在线快速拆装和阀门维修，其圆形轮廓设计使得阀门中腔的设计、加工、制作的难度相对有所降低，也更有利于保证阀门的性能和质量。
96. 201836443 一种固定球阀
CN
18.05.2011
F16K 5/06 Loading...
F16K 5/06
Loading...
201020604222.1
苏州纽威阀门股份有限公司
王龙骧
F16K 5/06
Loading...
本实用新型公开了一种固定球阀，包括阀体、阀座、阀盖、球体和阀杆，所述球体和阀杆为一体结构；所述球体的底部直接由阀座支撑，球体的顶部经一体连接的阀杆通过阀杆和阀盖间的轴承进行配合定位。本实用新型完全避免了现有的定位结构，从而大大降低了零件的加工精度，降低了该类球阀零件机加工的难度，对保证阀门的性能也更有利。
97. 201731075 一种锻钢截止阀
CN
02.02.2011
F16K 1/00 Loading...
F16K 1/00
Loading...
201020277163.1
苏州纽威阀门股份有限公司
莫阳健
F16K 1/00
Loading...
本实用新型公开了一种锻钢截止阀，包括阀体、阀瓣、阀杆和手轮，所述阀体向上延伸形成筒形结构，阀体顶部套设有支架，阀体和支架螺纹连接；所述阀体顶部的内腔内设有填料，填料上方设有压套，压套上设有压板；阀体的顶部侧壁对称设有2个阀体固定座，支架的底部侧壁也对称设有2个支架固定脚座，阀体固定座和支架固定脚座内均设有对应的通孔，压板的两端也设有对应的设有通孔，三者通过螺栓紧固连接。本实用新型形成了新结构的锻钢截止阀，省去了阀盖，避免了因阀体和阀盖焊接带来的问题。
98. 201723729 一种单座套筒调节阀
CN
26.01.2011
F16K 1/00 Loading...
F16K 1/00
Loading...
201020252950.0
苏州纽威阀门股份有限公司
陆凤祥
F16K 1/00
Loading...
本实用新型公开了一种单座套筒调节阀，包括阀体、阀座、阀芯、阀杆、阀盖、套筒和填料组件，所述阀芯呈H形，阀芯的两端均为密封面，阀芯与阀杆为可拆卸式连接结构。本实用新型的阀芯的使用寿命相应延长了2倍，也相对降低了阀门的成本。
99. 201693281 一种等离子粉末堆焊机
CN
05.01.2011
B23K 10/02 Loading...
B23K 10/02
Loading...
201020235981.5
苏州纽威阀门股份有限公司
富文华
B23K 10/02
Loading...
本实用新型公开了一种等离子粉末堆焊机，包括等离子焊机，所述等离子焊机的底部从上到下依次设有拖板、丝杠和底座，等离子焊机固设于拖板上，拖板与丝杠传动连接，丝杠设于底座上，底座上还设有与丝杠配合的电机；还设有数控控制柜和变位器，所述变位器和电机均与数控控制柜电连接。本实用新型实现了多种曲线轨迹的焊接，如三偏心蝶阀椭圆斜锥面的焊接，大大拓宽了其应用范围。
100. 201661695 一种双偏心软密封蝶阀
CN
01.12.2010
F16K 1/22 Loading...
F16K 1/22
Loading...
201020141585.6
苏州纽威阀门股份有限公司
郭建林
F16K 1/22
Loading...
本实用新型公开了一种双偏心软密封蝶阀，包括阀体、阀杆、碟板、PTFE软密封阀座和阀座压环，所述碟板通过阀杆安装在阀体流道中，所述PTFE软密封阀座通过阀座压环压固于阀体一侧，PTFE软密封阀座与碟板的密封面相配合形成密封副，所述PTFE软密封阀座与阀体之间设有金属防火阀座，金属防火阀座的外端与阀体固定连接，其内端与阀体之间设有PTFE垫片，使金属防火阀座有2个工作位：(1)分离位：金属防火阀座的内端在PTFE垫片的支撑下与碟板的密封面相离；(2)密封位：当PTFE垫片烧毁时，金属防火阀座的内端与碟板的密封面相配合形成密封副。本实用新型适合推广应用于有火灾安全隐患的工况条件下。
101. 101893121 Steel forging stop valve
CN
24.11.2010
F16K 27/02 Loading...
F16K 27/02
Loading...
201010241288.3
Suzhou Neway Valve Co., Ltd.
Mo Yangjian
F16K 27/02
Loading...
The invention discloses a steel forging stop valve which comprises a valve body, a valve clack, a valve rod and a hand wheel, wherein the valve body extends upwards to form a cylinder-shaped structure; the top of the valve body is sheathed with a bracket; the valve body is connected with the bracket by screw thread; an inner cavity on the top of the valve body is internally provided with filler; a pressing sleeve is arranged above the filler and is provided with a press plate; the side wall on the top of the valve body is symmetrically provided with two valve body fixing seats; the side wall at the bottom of the bracket is also symmetrically provided with two bracket fixing foot seats; the valve body fixing seats and the bracket fixing foot seats are internally provided with corresponding through holes; the two ends of the press plate are provided with the corresponding through holes; and the valve body fixing seats, the bracket fixing foot seats and the press plate are firmly fixed and connected by bolts. The steel forging stop valve with new structure omits a valve cover, and avoids the problems caused by welding the valve body and the valve cover.
102. 201517633 一种超低温球阀
CN
30.06.2010
F16K 5/06 Loading...
F16K 5/06
Loading...
200920269684.X
苏州纽威阀门有限公司
王建华
F16K 5/06
Loading...
本实用新型公开了一种超低温球阀，包括阀球、阀座组件、阀杆和手柄，所述阀座组件包括固定器和阀盖，所述固定器位于阀球和阀盖之间，固定器的内侧通过密封件与阀球密封连接，其外侧通过密封环与阀盖密封连接，在所述固定器的内侧还设有压盖法兰，压盖法兰与固定器固定连接；所述密封件的一端向外周向延伸形成唇边，所述唇边夹紧固定于固定器和压盖法兰之间，密封件通过唇边夹持固定于固定器和阀球之间；所述密封环为弹簧蓄能密封环。本实用新型具有优良的密封性能，能够满足低温密封要求，并且其温度范围很广，在低温及超低温环境下性能也很稳定。
103. 201420870 一种用于闸阀的密封结构
CN
10.03.2010
F16K 3/30 Loading...
F16K 3/30
Loading...
200920046582.1
苏州纽威阀门有限公司
张炜斌
F16K 3/30
Loading...
本实用新型公开了一种用于闸阀的密封结构，所述闸阀主要由阀体、设于阀体内的座圈、闸板、阀杆和手柄构成，在所述座圈外环面和阀体内环面中的至少一个面上设有环槽，所述环槽位于座圈和阀体的接触面处，由此构成所述用于闸阀的密封结构。本实用新型使座圈尾部和阀体座圈孔口区域完全贴合，达到很好的密封效果，防止泄漏。
104. 201284865 一种用于低温阀的滴水板
CN
05.08.2009
F16K 27/12 Loading...
F16K 27/12
Loading...
200820215657.X
苏州纽威阀门有限公司
陈远
F16K 27/12
Loading...
本实用新型公开了一种用于低温阀的滴水板，包括两个对称的半环状的滴水板本体，其特征在于：所述滴水板本体包括一半环状底板，所述底板沿内环边缘固定设有垂直于底板的对开环，所述对开环两端固定连接有固定板，所述固定板上开设有螺栓孔，所述固定板及对开环内侧设有密封层。本实用新型通过将滴水板装夹在低温阀阀盖上，其内侧设有密封带，实现了阻隔热量的传递，并且密封性能好。
105. 201202834 一种自泄压球阀阀座结构
CN
04.03.2009
F16K 5/06 Loading...
F16K 5/06
Loading...
200820037961.X
苏州纽威阀门有限公司
訾松江
F16K 5/06
Loading...
本实用新型公开了一种自泄压球阀阀座结构，包括一本体，该本体的一面与阀球贴合构成密封面，另一面的外角部设有环形缺口，与阀盖配合构成容纳O型圈的环道，所述阀座的外侧壁设有至少2个周向均布的泄压槽，在与所述阀座外侧壁相邻的环形缺口内壁上相应设有与所述泄压槽连通的另一泄压槽。本实用新型通过在阀座的适当位置开设泄压槽，使得阀门在关闭状态时，介质仍可通过泄压槽进入阀体内腔，从而实现了球阀外腔及内腔的压力平衡，解决由于介质压力造成的阀座及阀球变形而容易产生阀门泄漏的缺点，延长了使用寿命。
106. 101344187 Valve seat structure of self-decompression ball valve
CN
14.01.2009
F16K 39/06 Loading...
F16K 39/06
Loading...
200810021160.9
Suzhou Neway Valve Co., Ltd.
Zi Songjiang
F16K 39/06
Loading...
The invention discloses a valve seat structure of a pressure self-releasing ball valve, which comprises a body; one surface of the body is jointed with the valve ball to form a sealing surface, and the exterior angle part of the other surface thereof is provided with a ring-shaped gap which matches with a valve cover to form a ring channel which can hold an O-typed ring; the outer side wall of the valve seat is provided with at least two pressure releasing grooves which are distributed evenly along the peripheral direction; the inner wall of the ring-shaped gap which is adjacent to the outer side wall of the valve seat is accordingly provided with another pressure releasing groove which is communicated with the pressure releasing grooves. By opening the pressure releasing grooves in proper positions of the valve seat, the valve seat structure leads the media to enter the inner cavity of the valve body by the pressure releasing grooves although the valve gate is in a closed status, thereby realizing the pressure balance of the outer cavity and the inner cavity of the ball valve, overcoming the shortage that the valve gate is easy to release due to the valve seat and the valve ball deformation which is caused by the media pressure, and prolonging the service life.
107. WO/2008/058454 A COUNTER-CLAMPING CHECK VALVE OF DOUBLE VALVE FLAPS
WO
22.05.2008
F16K 15/03 Loading...
F16K 15/03
Loading...
PCT/CN2007/003178
NEWAY VALVE (SUZHOU) CO., LTD
ZHANG, Zhiliang
F16K 15/03
Loading...
A check valve of double valve flaps includes a valve body (1), a valve plate and a fixed shaft (4). Said valve plate is composed of a pair of semicircular valve flaps (2) and is rotatably connected via a pin shaft (3) provided on the straight edges of the valve flaps (2). aid pin shaft (3) and fixed shaft (4) are fixed in the valve body (1) through the bearing seats (5) provided on their two ends, respectively. A protuberance (10) which expands outwards is provided on the bottom of the bearing seat (5) close to the inside end part of the valve body (1), and a spacing mounting hole (9) is provided on the valve body (1) on the position corresponding to the protuberance (10) to cooperate with it; a key way (12) is provided on the bottom of the bearing seat (5) close to the outside end part of the valve body (1), and slide way (11) is provided on the inner wall of the valve body (1) on the position corresponding to the key way (12), and the bearing seat (5) is fixedly connected with the valve body (1) through a key (7) which cooperates with the keyhole formed by the key way (12) and the slide way (11).
108. 201034185 硬密封球阀阀座与阀盖间的压环结构
CN
12.03.2008
F16K 5/20 Loading...
F16K 5/20
Loading...
200720039289.3
苏州纽威阀门有限公司
樊文东
F16K 5/20
Loading...
本实用新型公开了一种硬密封球阀阀座与阀盖间的压环结构，包括压环及弹簧结构，其特征在于：还包括有一设于所述弹簧结构与阀盖之间的密封结构，该密封结构至少包括一内压环层及一石墨圈层，所述弹簧结构近阀盖端抵于内压环层上，所述石墨圈层的外端面与阀盖端面配合。本实用新型通过加设密封结构，实现阀座、阀盖、压环结构间的密封，以防止流体内固体颗粒物进入压环结构内，保护弹簧结构。
109. 201034199 清管球阀螺纹压盖结构
CN
12.03.2008
F16K 27/12 Loading...
F16K 27/12
Loading...
200720039286.X
苏州纽威阀门有限公司
陈鉴
F16K 27/12
Loading...
本实用新型公开了一种清管球阀螺纹压盖结构，包括一压盖本体，所述压盖本体在与阀体连接处的内端壁上设有用于与阀体连接的螺纹结构，而在其外端设有启闭结构，其特征在于：所述启闭结构包括设置于压盖本体外端端面上的开启螺母，以及径向均布于压盖本体外端壁上的至少2个盲孔。本实用新型通过由两种结构组成的启闭结构，方便了用户利用手边现成的工具启闭压盖，便于对管线的随时清洗。
110. 201034168 超低温截断阀
CN
12.03.2008
F16K 1/00 Loading...
F16K 1/00
Loading...
200720037185.9
苏州纽威阀门有限公司
樊文东
F16K 1/00
Loading...
本实用新型公开了一种超低温截断阀，包括阀体、阀盖、阀芯、阀杆和手轮，阀芯位于阀体的空腔内，阀体两端设有管路连接法兰，所述阀盖具有加长的颈部，阀杆上端伸出阀盖与手轮连接，下端与阀芯连接，其特征在于：所述阀盖颈部在填料函的上方分断成两段，下段的顶部设有外螺纹，上段的底部设有与下段顶部外螺纹配合的内螺纹。本实用新型取消了在密封件之下的焊缝，不需要进行射线探伤，从而节约了成本，缩短了交货期；且阀门使用中，无论开启或者关闭状态均不泄漏、不冻卡，操作灵活。
111. 201034184 一种固定球阀阀座结构
CN
12.03.2008
F16K 5/20 Loading...
F16K 5/20
Loading...
200720039288.9
苏州纽威阀门有限公司
陈鉴
F16K 5/20
Loading...
本实用新型公开了一种固定球阀阀座结构，包括一阀座本体，阀座本体上设有预紧弹簧，与球体密封处的阀座本体内端面上设有密封环，与球体表面构成球体密封面，其特征在于：所述阀座本体与阀体之间设有活塞环，该活塞环滑套于所述阀体上，所述活塞环与阀体之间设有第一密封环，与阀座本体之间设有第二密封环，所述第一密封环与阀体的密封面位于所述球体密封面的轴向外侧，而第二密封环与阀座本体的密封面位于所述球体密封面的轴向内侧。本实用新型利用活塞环两侧密封面与球体密封面之间的位置关系，以增大受压面积来抵消施压面积产生的水压，实现阀座在各方向上水压作用下与球体仍保持良好的密封。
112. 201034198 大口径球阀的体盖密封结构
CN
12.03.2008
F16K 27/06 Loading...
F16K 27/06
Loading...
200720039285.5
苏州纽威阀门有限公司
徐龙军
F16K 27/06
Loading...
本实用新型公开了一种大口径球阀的体盖密封结构，包括一套设于阀盖上的第一道密封圈，该密封圈位于阀盖与阀体密封面上的轴向环槽内，其特征在于：还包括有第二道密封圈，所述阀体与阀盖配合的径向端面上设有绕轴心布置的环形凹槽，所述第二道密封圈设置于该环形凹槽内。本实用新型由于第二道O型密封圈的设置，构成体盖间的端面密封结构，有效的避免了体盖间隙的影响，更可靠的保证了零泄漏。
113. 201034183 软密封固定球阀阀座结构
CN
12.03.2008
F16K 5/20 Loading...
F16K 5/20
Loading...
200720039287.4
苏州纽威阀门有限公司
陈鉴
F16K 5/20
Loading...
本实用新型公开了一种软密封固定球阀阀座结构，包括阀座本体，所述阀座本体近球体侧的端面上轴向开设密封环槽，环槽内设置有软密封环，软密封环与球体的贴合面为密封面，其特征在于：还包括一固定环，该固定环经轴向布置的紧固件与阀座端面固定，且其近球体端沿端面延伸至所述密封面处，与密封面另一侧的阀座密封环槽的槽壁配合，构成上、下唇密封结构。本实用新型通过加设固定环，给软密封环增加了金属保护，防止固定颗粒物对软密封环的划伤，延长了使用寿命，同时利用唇密封结构形成初级金属密封，实现防火密封。
114. 201034182 硬密封球阀阀座组件密封结构
CN
12.03.2008
F16K 5/20 Loading...
F16K 5/20
Loading...
200720037182.5
苏州纽威阀门有限公司
王建华
F16K 5/20
Loading...
本实用新型公开了一种硬密封球阀阀座组件密封结构，包括压环、密封环组件及阀座，其特征在于：所述阀座及压环在近密封环组件侧的端面上呈30°～60°角的斜面，所述密封环组件两侧壁分别与阀座、压环的斜面之间设有顶角小于等于5°的楔形空隙，该密封环组件截面呈倒梯形。本实用新型通过对密封环组件形状的改变，实现对球阀密封结构密封性能的提高，达到各温度压力下无泄漏。
115. 201034181 硬密封球阀阀座结构
CN
12.03.2008
F16K 5/20 Loading...
F16K 5/20
Loading...
200720037180.6
苏州纽威阀门有限公司
王建华
F16K 5/20
Loading...
本实用新型公开了一种硬密封球阀阀座结构，包括一本体，该本体与阀球的贴合处为密封面，其特征在于：在所述本体上、所述密封面的相邻两侧面中至少一侧面上设有一周向布置的凹槽，在阀门闭合状态下，所述密封面的平均直径对应于在打开状态下密封面的平均直径，其变化率为0.001％～0.2％。本实用新型利用开设凹槽，使阀座随阀球的变形亦产生弹性变形，使阀座密封面终始与阀球表面贴合，弥补了由于球体变形而容易产生阀门泄漏的缺点。
116. 201034175 截止阀阀座结构
CN
12.03.2008
F16K 1/42 Loading...
F16K 1/42
Loading...
200720037183.X
苏州纽威阀门有限公司
王建华
F16K 1/42
Loading...
本实用新型公开了一种截止阀阀座结构，包括一本体，该本体与阀瓣的贴合处设置有密封面，其特征在于：在所述本体上、所述密封面的相邻两侧面中至少一侧面上设有一周向布置的凹槽，在阀门密闭状态下，所述密封面的平均直径对应于在初始状态下密封面的平均直径，其变化率为0.001％～0.2％。本实用新型利用开设凹槽，使阀座在阀瓣的压迫具有一定的弹性变形，利于阀座与阀瓣的密闭贴合，实现良好的密封效果，弥补形位公差及使用磨损给阀门性能带来的影响，在达到密封必需比压情况下，减小压迫扭矩，易于操作。
117. 201034180 低扭矩的大口径球阀
CN
12.03.2008
F16K 5/06 Loading...
F16K 5/06
Loading...
200720037184.4
苏州纽威阀门有限公司
干海娟
F16K 5/06
Loading...
本实用新型公开了一种低扭矩的大口径球阀，它包括阀体、设置于阀体内的带有通孔的球体和阀盖，阀体内设有与阀盖固定连接的支撑板，所述球体的上下支撑轴通过轴承与支撑板转动连接，球体两侧与阀盖间经阀座构成密封结构，其特征在于：所述轴承是滚动轴承，在球体上支撑轴上位于滚动轴承的上下两侧分别套有O形圈，在球体的下支撑轴上位于滚动轴承的上侧套有O形圈。本实用新型克服了技术偏见，能有效减小大口径球阀的启闭扭距，延长了球阀的使用寿命。
118. 200975524 双瓣对夹式止回阀
CN
14.11.2007
F16K 15/03 Loading...
F16K 15/03
Loading...
200620125332.3
苏州纽威阀门有限公司
张治亮
F16K 15/03
Loading...
本实用新型公开了一种双瓣对夹式止回阀，包括阀体、阀片及固定轴，所述阀片由一对半圆形阀瓣组成，并经设置于阀瓣直边处的销轴转动连接，所述销轴、固定轴分别通过设于其两端的支承座固定于阀体内，其特征在于：所述支承座近阀体内侧端部设有向外伸展的凸起，对应于凸起处的阀体上开有与其配合的限位固定孔；支承座近阀体外侧端的底部开有键槽，对应键槽处的阀体内壁上开有滑槽，支承座经与键槽及滑槽构成的键孔相配合的键与阀体固定。本实用新型通过键与凸起构成支承体与阀体间的配合固定结构，避免在阀体上开穿孔，从而防止外泄，同时加工工艺简单，易于实现。

