1. 106559423 一种在虚拟环境中提供实时服务的方法及系统
CN
05.04.2017
H04L 29/06 Loading...
H04L 29/06
Loading...
201611006890.2
苏州蜗牛数字科技股份有限公司
石海
H04L 29/06
Loading...
一种在虚拟环境中提供实时服务的方法及系统，包括以下步骤：VR个人设备向VR系统服务器发送服务请求；VR个人设备接受用户操作，确定服务人员；视频设备将服务人员的视频发送给VR个人设备；VR个人设备将服务人员的视频合成到虚拟环境中，服务人员为VR个人设备的用户提供远程实时服务。本发明的在虚拟环境中提供实时服务的方法及系统，VR用户可以随时通过简单操作获得快速的人工服务，用以解决生活中的各项问题，而且相比于常规的人工服务模式，更显得直观。
2. WO/2017/020677 DIRECTED DATA PLAN SERVICE-LAUNCHING SYSTEM AND METHOD FOR VIRTUAL OPERATOR
WO
09.02.2017
H04L 12/46 Loading...
H04L 12/46
Loading...
PCT/CN2016/088786
SUZHOU SNAIL TECHNOLOGY DIGITAL CO., LTD.
SONG, Jimeng
H04L 12/46
Loading...
A directed data plan service-launching system and method for a virtual operator. The system comprises: an intelligent communication terminal, a virtual operator directed data plan system, a virtual operator billing system and an application background server, wherein the intelligent communication terminal calculates and stores mobile network data usage, and periodically uploads the same to the virtual operator directed data plan system with a certain time period, the virtual operator directed data plan system performs bill integration on data of the data usage to form and send a directed data plan bill to the virtual operator billing system, and the virtual operator billing system performs a charge deduction or billing with a specific price on the directed data plan bill; a primary operator billing system performing a charge deduction or billing with a specific price on the directed data plan bill; and an application background service system providing a background service to an application client side. The system and method in the present invention implements a directed data plan service for a user provided by a virtual operator, and provides a more specialized service to the user.
3. WO/2017/008663 CONTROL METHOD OF CONTROLLING GAME HANDLE SUPPORTING ANDROID GAME
WO
19.01.2017
A63F 13/24 Loading...
A63F 13/24
Loading...
PCT/CN2016/088782
SUZHOU SNAIL TECHNOLOGY DIGITAL CO.,LTD.
ZHANG, Junfeng
A63F 13/24
Loading...
A control method, controlling a game handle supporting an android game, comprises the following steps: 1) receiving a button value of the game handle; 2) recording a present button coordinate and obtaining a button layout list of a present game interface; 3) moving, in order and according to an up, down, left, or right movement of the game handle, to an active button element configured on an interface, wherein a selected button pattern and a game button remain consistent; and 4) performing, using a handle confirmation button, a valid click. The control method of controlling the game handle supporting the android game enables consistency between a movement and operation of the interface button and those of the game button, allowing a user to visually perceive it as the game supports the game handle, thereby simplifying a user operation and enhancing user experience.
4. 106095559 基于移动终端数据代理数据加速节流系统及方法
CN
09.11.2016
G06F 9/48 Loading...
G06F 9/48
Loading...
201610447358.8
苏州蜗牛数字科技股份有限公司
贾朋
G06F 9/48
Loading...
一种基于移动终端数据代理数据加速节流系统及方法，包括，移动终端、代理服务器、缓存压缩服务器，以及应用服务器。移动终端向代理服务器发送连接请求，建立连接通道；代理服务器接收移动终端的数据请求，并对数据请求进行识别；缓存压缩服务器接收并处理数据请求；缓存压缩服务器对数据进行缓存、压缩和保存；缓存压缩服务器通过代理服务器将数据返回到移动终端。本发明的系统及方法，可以在数据代理过程中提高用户的访问速度，同时节省用户的网络开销。
5. 105764095 基于虚拟专用网络的应用识别与控制系统及方法
CN
13.07.2016
H04W 28/10 Loading...
H04W 28/10
Loading...
102016000095452
苏州蜗牛数字科技股份有限公司
王强
H04W 28/10
Loading...
一种基于虚拟专用网络的应用识别与控制系统及方法，该系统包括移动终端、识别控制服务器，其中，所述移动终端与所述识别控制服务器通过虚拟专用网络进行通信；所述移动终端，对其使用流量的应用进行识别，并将识别信息传输到所述识别控制服务器；从所述识别控制服务器获取控制信息对应用流量使用进行控制；所述识别控制服务器，其对用户订购信息和使用流量信息进行分类统计，并根据统计信息对所述移动终端的应用进行控制。本发明的系统及方法，在移动终端侧能够精确识别各应用的使用情况，能够对指定应用进行加速控制，同时能够降低其他应用流量速率，提高用户流量分配灵活性并减少用户流量浪费，提高用户的使用体验。
6. 105704706 一种基于双通道移动终端的虚拟卡鉴权方法与系统
CN
22.06.2016
H04W 8/22 Loading...
H04W 8/22
Loading...
201610226336.9
苏州蜗牛数字科技股份有限公司
宋继勐
H04W 8/22
Loading...
本发明涉及一种基于双通道移动终端的虚拟卡鉴权方法与系统，控制客户端通过双通道移动终端获取用户信息，将用户信息发送给资源管理系统；资源管理系统为用户分配虚拟卡信息，并将虚拟卡信息发送至控制客户端；控制客户端将虚拟卡信息发送给虚拟卡；移动终端接收由移动通信核心网反馈给双通道移动终端根据虚拟卡信息发起移动业务请求的鉴权请求，移动终端将鉴权请求通过虚拟卡发送至卡池；卡池获取鉴权秘钥及相关参数，并发送至给控制客户端；虚拟卡将接收到的由控制客户端所发送的参数结果发送至移动通信核心网设备；移动通信核心网设备将鉴权参数与本地参数进行比较，移动终端接入鉴权。
7. 105491169 一种数据代理方法与系统
CN
13.04.2016
H04L 29/08 Loading...
H04L 29/08
Loading...
201610052300.3
苏州蜗牛数字科技股份有限公司
贾鹏
H04L 29/08
Loading...
一种数据代理方法与系统，该方法包括：移动终端发送连接请求，并根据配置信息，创建流量隧道；获取用户上行流量，对上行数据进行协议封装，并上传至代理服务器；代理服务器对所述上传数据进行解封装，获取原数据，并进行转发；获取下行数据，对数据进行协议封装后，发送回对应的移动终端；移动终端接收下行数据，对数据进行解封装，并写入流量隧道，由流量隧道返回给相应的应用程序。本发明的数据代理方法与系统，使系统具有代理用户所有应用数据并且对数据进行区分应用的策略控制的能力，通过简单协议进行数据传输，保证了系统的处理效率，并保证了系统对多用户、高并发以及高实时性的支持。
8. 105469382 一种3D地图显示方法及显示系统
CN
06.04.2016
G06T 7/00 Loading...
G06T 7/00
Loading...
201410725980.1
苏州蜗牛数字科技股份有限公司
张超群
G06T 7/00
Loading...
一种3D地图显示方法及显示系统，所述方法包括如下步骤：创建3D地图场景，加载场景资源和场景物件；并将所述场景物件摆放至指定位置；添加地面贴花，并按照配置拼接所述地面贴花；在所述场景物件上添加公告牌，显示非动态信息；将游戏据点的占领情况添加至公告牌的相应位置；刷新公告牌的显示位置及场景信息；执行选择视角指令及选择公告牌指令。本发明的3D地图显示方法及显示系统，使得游戏中的战争信息与战争据点间的关系清晰可见，达到战争中“沙盘”的作用；地图立体感更加明显，感受度大幅提升；有效地减少了制作3D地图需要的贴图资源。
9. 105450624 一种实现虚拟币价值转换的交互式方法
CN
30.03.2016
H04L 29/06 Loading...
H04L 29/06
Loading...
201410764692.7
苏州蜗牛数字科技股份有限公司
郭飞扬
H04L 29/06
Loading...
本发明公开了一种实现虚拟币价值转换的交互式方法，该方法包括：客户端接收到虚拟币价值改变请求，并将改变数据信号经网络传送至服务器；服务器按照客户端指令，计算出相应的修改数据后，发送账户请求、转换内容及数据至相应的服务提供者处；服务提供者核对账户信息并进行数据修改后，回复信息至服务器；服务器根据回复信息计算出相应的数据信号，发送至对应的客户端上，并由客户端显示出来对应虚拟币价值。本发明通过对客户端的操作，实现虚拟币价值的转换或赠与，改变交易方式，使用户交互体验方便且直观，免去多个页面间的转换操作。
10. 105447634 一种基于大数据平台的实时风险控制方法及系统
CN
30.03.2016
G06Q 10/06 Loading...
G06Q 10/06
Loading...
201510790140.8
苏州蜗牛数字科技股份有限公司
杨民
G06Q 10/06
Loading...
一种基于大数据的实时风险控制方法，包括以下步骤：基于大数据平台提取内外行为数据；根据所述内外行为数据进行建模分析，提炼变量因子，获取信用额度；跟踪终端相关数据，划分信用等级；根据所述信用等级创建风险监控报表，实时动态监测风险行为；根据与对接客服系统所收集的归类问题及出现频率，调整所述建模参数；对己判定损失资产进行相关数据查询，获取清单。通过本发明，将风险控制系统与大数据平台无缝对接，风险控制模型可以依托大数据平台高效收集的实时数据，有效的解决了风险控制中，不准确、不实时的问题。更有效、定量化、程序化、产品化、市场化、专业化地实现了游戏风险控制。具有完善授信后风险跟踪体系、损失资产索赔体系及虚拟对账体系。
11. 105447126 一种游戏道具个性化推荐方法
CN
30.03.2016
G06F 17/30 Loading...
G06F 17/30
Loading...
201510793393.0
苏州蜗牛数字科技股份有限公司
黄付杰
G06F 17/30
Loading...
一种游戏道具个性化推荐方法，包括：对数据进行提取、清洗、加工；将数据从输入空间映射到低维空间；对数据进行分类，将玩家划分成不同类别；为每个玩家推荐他最可能购买的道具。本发明的游戏道具个性化推荐方法，大幅减小推荐算法的计算量，显著提高道具推荐的准确度，并提升了网络游戏的用户体验效果。
12. 105429842 一种虚拟运营商开展定向流量业务的系统与方法
CN
23.03.2016
H04L 12/46 Loading...
H04L 12/46
Loading...
201510460992.0
苏州蜗牛数字科技股份有限公司
宋继勐
H04L 12/46
Loading...
一种虚拟运营商开展定向流量业务的系统与方法，所述系统包括：通信智能终端、虚拟运营商定向流量系统、虚拟运营商计费系统、应用后台服务器，通信智能终端对移动网数据流量进行统计，并进行存储，并以一定的时间周期上传至虚拟运营商定向流量系统；虚拟运营商定向流量系统对流量数据进行话单整合，形成定向流量话单发送给虚拟运营商计费系统；虚拟运营商计费系统对定向流量话单进行计费减免或特定价格计费；所述基础运营商计费系统，其对所述定向流量话单进行计费减免或特定价格计费；所述应用后台服务系统，为应用客户端提供后台业务服务。本发明的系统与方法，实现了虚拟运营商面向用户的定向流量业务，为用户提供更为专业的服务。
13. 105407216 实现按键自定义的方法及系统
CN
16.03.2016
H04M 1/725 Loading...
H04M 1/725
Loading...
201510704389.2
苏州蜗牛数字科技股份有限公司
韩炜斌
H04M 1/725
Loading...
一种实现按键自定义的方法，包括以下步骤：设置应用与配置表的对应关系，建立按键与操作系统底层的事件对应的响应码KEY_DOWN的关系；监控文件修改动作，响应所述按键对应的按键功能对应事件响应码KEY_DOWN；系统应用发生切换，加载当前切换后的应用的配置表到系统按键映射表上；查找所述按键对应按键功能键值；将映射的所述按键键值事件向上层分发。本发明针对不同的应用，重新定义物理按键的键值，根据按键具有动态变化值的特性，实现按键的复用功能，提高按键的使用率，提高用户体验。
14. 105321200 离线渲染的预处理方法
CN
10.02.2016
G06T 15/50 Loading...
G06T 15/50
Loading...
201510402120.9
苏州蜗牛数字科技股份有限公司
游之鹏
G06T 15/50
Loading...
一种离线渲染的预处理方法，包括以下步骤：1）设定参数，创建Beast环境；2）分类渲染所需要的光线，并提供每种类型光信息给Beast；3）分割场景，生成光贴图数据；4）使模型的顶点数据附带上光贴图uv，开辟子线程使得Beast启动光贴图展uv模式，获取结果数据，进行顶点合并操作，并保存模型数据；5）把光照信息、模型和地形信息，以及依附在它们上的材质信息传入Beast；6）从Beast数据反馈模块，获取光贴图数据，并保存在磁盘中；7）批量合并小贴图，并记录偏移量和缩放值。本发明的离线渲染的预处理方法，避免了内存过大的问题，并使客户端不需要实时渲染的着色流程，只需要采样光贴图就可以实现很真实的效果，增强了Beast客户端的真实感。
15. 105323603 一种通过移动终端参与视频互动的方法和系统
CN
10.02.2016
H04N 21/258 Loading...
H04N 21/258
Loading...
201510327744.9
苏州蜗牛数字科技股份有限公司
石海
H04N 21/258
Loading...
一种通过移动终端参与视频互动的方法和系统，包括以下步骤：视频播放平台在线直播视频节目，同时将视频信号发送给移动终端，并使之与直播同步；直播后台服务器向移动终端发送是否参与视频节目信息以及倒计时指令；移动终端向直播后台服务器发送参与视频节目请求及用户信息，直播后台服务器将用户信息及输入信息传输至视频播放平台以及其他移动终端并予以显示；倒计时时间结束后，直播后台服务器搜集并整理所有移动终端的输入信息，传输至视频播放平台以及所有接入的移动终端。本发明的通过移动终端参与视频互动的方法和系统，移动终端可同步播放直播视频节目，并在用户身份查验完成后输入信息，从而使得用户真正的参与到视频互动中。
16. 105321198 一种基于3D场景GPU端软件遮挡查询的图形绘制方法
CN
10.02.2016
G06T 15/00 Loading...
G06T 15/00
Loading...
201510310887.9
苏州蜗牛数字科技股份有限公司
游之鹏
G06T 15/00
Loading...
一种基于3D场景GPU端软件遮挡查询的图形绘制方法，包括以下步骤：1）获取上一帧的遮挡查询结果；2）根据上一帧结果，把上一帧可见的批次绘制深度图；3）把所有批次跟第二步产生的深度图比较，形成目标渲染对象；4）获取当前帧的遮挡查询结果；5）把上一帧不可见的，但当前帧可见的批次补充绘制深度图；6）绘制当前帧可见的所有物体。本发明的基于3D场景GPU端软件遮挡查询的图形绘制方法，使得在3D图形绘制过程中，不需要预先绘制遮挡体深度图，削减了性能开销，且不需要专门标记用于遮挡的物体，无错误遮挡引起的闪烁，并减低了GPU渲染压力，增强了渲染效率。
17. 105321107 一种通过移动终端参与网络交易的方法和系统
CN
10.02.2016
G06Q 30/06 Loading...
G06Q 30/06
Loading...
201510356011.8
苏州蜗牛数字科技股份有限公司
吴天奇
G06Q 30/06
Loading...
一种通过移动终端参与网络交易的方法和系统，包括以下步骤：1）移动终端向网络直播平台发送同步请求，同步后接收网络直播平台发出的视频信息；2）直播后台服务器通过传输网络向移动终端发送是否参与网络交易指令；3）移动终端向直播后台服务器发送确认指令；4）直播后台服务器汇总现场数据，并搜集移动终端数据，发送给网络直播平台及接入的其它移动终端。本发明的通过移动终端参与网络交易的方法和系统，用户可通过移动终端参与到网络交易活动，保证了网络交易活动的安全性和可靠性，从而极大地提高了用户体验。
18. 105321195 3D游戏中鞭子系统的制作方法
CN
10.02.2016
G06T 13/20 Loading...
G06T 13/20
Loading...
201510382226.7
苏州蜗牛数字科技股份有限公司
刘建国
G06T 13/20
Loading...
一种3D游戏中鞭子系统的制作方法，包括以下步骤：将创建的多根骨骼首尾相连，并获取骨骼的运动基础数据；在运动过程中，对每根骨骼进行单独的受力分析，更新速度和加速度的信息；获取骨骼的位置信息，修正鞭子的形状和位置。本发明的制作方法，可根据角色手腕的运动自动计算鞭子的运动轨迹，并且鞭子会与地面产生碰撞产生形变，操作灵活便捷；在制作3D游戏时，美工不必再单独为每一套鞭子技能动作制作相应的鞭子动画，大大减少了美工的工作量，大大节省了鞭子技能的制作成本。
19. 105303618 一种基于3DMAX脚本技术进行模型贴图优化制作的方法
CN
03.02.2016
G06T 19/00 Loading...
G06T 19/00
Loading...
201510355942.6
苏州蜗牛数字科技股份有限公司
郑善俊
G06T 19/00
Loading...
一种基于3DMAX脚本技术进行模型贴图优化制作的方法，包括以下步骤：1）依次扫描每一个面的UV，并记录下该UV部件的位置和贴图信息；2）根据扫描结果，并按照部件高度重新排列UV；3）UV材质整合处理，并在UV的新的位置拷贝记录的贴图信息，生成贴图。本发明的基于3DMAX脚本技术进行模型贴图优化制作的方法，通过脚本处理来替代原来繁重的手工操作，既节约了人工成本，又简化了实施方案，极大地提高了模型进行贴图优化时的制作效率；同时，实现了将模型的零碎UV调整为尺寸更合适的贴图，从而减少资源的浪费。
20. 105268181 在线游戏多人同屏操控系统及方法
CN
27.01.2016
A63F 13/24 Loading...
A63F 13/24
Loading...
201510311155.1
苏州蜗牛数字科技股份有限公司
朱晨
A63F 13/24
Loading...
一种在线游戏多人同屏操控系统及方法，所述系统包括，游戏终端、多个游戏手柄、显示屏，以及服务器端。所述游戏终端，其连接所述多个游戏手柄，并对所述多个游戏手柄进行主控手柄和辅助手柄的激活；接收主控手柄和辅助手柄的登入游戏请求并发送给所述服务器端登入游戏；所述显示屏，用于呈现主控玩家和辅控玩家的游戏角色；所述服务器端，其通过传输网络与所述游戏终端进行信息交互，并对游戏玩家进行登入身份进行验证。所述系统包括以下步骤：选择主控手柄并进行激活，接收所述主控手柄的登入游戏请求登入游戏；选择辅助手柄并进行激活，接收所述辅助手柄的登入游戏请求登入游戏；接收主控手柄和辅助手柄信息，分别对游戏角色进行控制。
21. 105279782 实时海洋系统的模拟和渲染方法
CN
27.01.2016
G06T 15/00 Loading...
G06T 15/00
Loading...
201510380885.7
苏州蜗牛数字科技股份有限公司
刘建国
G06T 15/00
Loading...
实时海洋系统的模拟和渲染方法。一种把屏幕空间平分成多个网格，并投影到世界坐标系空间中的海平面上，获取海水在世界坐标系空间中的表面网格；获取当前网格点相对于海平面的坐标偏移值，得到该网格点最终坐标值；获取当前网格点的法线值，实现可控海水波纹效果；获取当前网格点所在位置的涟漪的法线值，得到当前网格点最终法线值，实现下雨时的海面涟漪效果；获取当前网格点带有泡沫效果的海水颜色值，得到该网格点海面位置的最终颜色值，实现岸边动态冲击的泡沫效果；获取刻蚀后当前网格点的水下场景颜色值，得到该网格点水下场景的最终颜色值，实现水下动态刻蚀效果以及带光线衰减的水下扭曲效果。
22. 105263140 一种实现SIM卡远程鉴权的系统与方法
CN
20.01.2016
H04W 12/06 Loading...
H04W 12/06
Loading...
201510402131.7
苏州蜗牛数字科技股份有限公司
李辉
H04W 12/06
Loading...
一种实现SIM卡远程鉴权的系统及方法，该方法包括：利用实卡接入移动通信网络，并获取用户接入小区的位置信息，确认用户是否处在漫游状态；在漫游状态下，云卡智能终端将实卡状态切换为GSM网络，云卡状态切换为LTE/WCDMA网络，并通过实卡的GSM数据通道从用户识别卡管理服务器获取的SIM卡虚拟号码资源信息写入云卡；云卡智能终端使用云卡的虚拟号码发起业务请求，并将用户识别卡管理服务器生成的鉴权数据发送给移动通信核心网设备进行鉴权；将云卡智能终端的数据通道切换为云卡的LTE/WCDMA网络；云卡智能终端使用云卡通过移动通信网络进行语音或数据通信。本发明的系统及方法，可降低用户使用成本及终端功耗。
23. 104162276 一种执行游戏的方法
CN
26.11.2014
A63F 13/48 Loading...
A63F 13/48
Loading...
201410203917.1
苏州蜗牛数字科技股份有限公司
石海
A63F 13/48
Loading...
本发明公开了一种执行游戏的方法，该方法包括：从客户端接收到执行游戏的请求；当用户授权后，客户端显示一个相关游戏界面，该游戏界面包括代表用户的至少一个图标；当用户被授权在显示的牌中，一次加载入至少两张新牌后，游戏界面被更新，用户接收到至少两张新载入的牌；计算决定是否符合吃牌、碰牌、杠牌、听牌、胡牌各单元的要求，并自行执行相应单元。本发明缩短了对一局游戏的控制时间，提高了效率，有效减少能耗及数据流量的使用。
24. 203933697 移动SIM卡套件
CN
05.11.2014
H04M 1/02 Loading...
H04M 1/02
Loading...
201420157143.9
苏州蜗牛数字科技股份有限公司
石海
H04M 1/02
Loading...
一种移动SIM卡套件，包括，移动SIM卡套，以及SIM卡，其中，所述SIM卡设置于所述移动SIM卡套的后部平面上；所述移动SIM卡为4FF卡，其包括卡基和卡带，所述卡带位于所述卡基的侧面；所述卡基采用贵金属材料。本实用新型的移动SIM卡套件，能够适用于任何类型的移动通信终端，使用户不再有剪卡的烦恼，使用更方便、快捷。
25. 103116686 网络游戏中的拼招方法
CN
22.05.2013
G06F 19/00 Loading...
G06F 19/00
Loading...
201110364306.1
苏州蜗牛数字科技股份有限公司
宾晓华
G06F 19/00
Loading...
本发明涉及一种网络游戏中的拼招方法，其特征在于包括以下步骤：首先，玩家施放招式，之后进入招式胜负判定，随后进行招式动作播放，最后进行后续出招连续化的衔接。本发明，令游戏拥有了招式预备功能，解决即时战斗双方几乎同时出招的判定问题，避免战斗成为比较玩家谁按键更快的游戏。同时，拥有更为完善的招式胜负判定功能，可根据双方招式类型判定胜负，同时也为多人战斗的情况下提供打断或追加伤害的功能。摆脱了以往游戏中单调、简单的动作流程。由于每个拼招都有不同的攻击动作，战斗感受更加的行云流水、复杂多变，整个战斗的流程表现都是一个视觉盛宴。
26. 103116687 基于网络游戏的角色离线控制方法
CN
22.05.2013
G06F 19/00 Loading...
G06F 19/00
Loading...
201110364309.5
苏州蜗牛数字科技股份有限公司
宾晓华
G06F 19/00
Loading...
本发明涉及一种基于网络游戏的角色离线控制方法，其特点在于包括以下步骤：首先，将认定符合离线条件的角色，登陆进虚拟世界。之后，分析角色的属性数据，筛选并分配适合角色属性的身份。然后，根据角色分配的身份，选择合适活动路径，控制离线状态下角色按照活动路径活动。随后，通过交互模块，处理在线玩家的交互请求，控制离线角色向发起该交互的对象做出反馈行为。并且，在反馈行为结束后，向交互模块发送消息，将离线角色继续交由活动模块控制。由此，实现了让离线角色在虚拟的网络游戏世界中“活”起来，成为可以交互的NPC。玩家创建的角色，无需客户端支持，即可登录虚拟世界，并能与在线角色一样，发生各种交互活动。
27. 103116685 网络游戏中玩家与NPC互动方法
CN
22.05.2013
G06F 19/00 Loading...
G06F 19/00
Loading...
201110364302.3
苏州蜗牛数字科技股份有限公司
宾晓华
G06F 19/00
Loading...
本发明涉及一种网络游戏中玩家与NPC互动方法，其特别之处在于包括以下步骤：首先，识别玩家的行为，将系统注册过的行为翻译成专用的信息代码。之后，将信息代码发送给NPC响应模块。接着，令NPC接收发送过来的信息代码，按照模块规则进行解析，产生数据响应。然后，对NPC数据响应后产生的数据进行存储与管理，对数据进行衰变和删除。最后，通过NPC行为反馈模块，令NPC做出不同的反应。通过玩家不断和NPC进行互动，能够在游戏的世界观内构成一个恩怨系统，玩家的行为将时刻影响NPC对玩家的互动判定。由此，提高了游戏的互动程度，给网络游戏中的NPC都赋予生命，使其在游戏世界中拥有更多的问题处理及应变能力。
28. 103116435 适用于网络游戏的3D-SNS交互系统
CN
22.05.2013
G06F 3/0481 Loading...
G06F 3/0481
Loading...
201110364310.8
苏州蜗牛数字科技股份有限公司
宾晓华
G06F 3/0481
Loading...
本发明涉及一种适用于网络游戏的3D-SNS交互系统，特点是：在游戏所属运行世界不被打扰切断的前提下，在用户交互界面显示有3D场景，在3D场景内同屏显示用户及用户列表中人物的3D形象；3D场景中按照玩家的社交分类划分若干个区域，将对应好友列表中玩家的模型信息摆放到SNS场景属于相应区域的位置；3D场景、用户及其对应关系人物的3D形象采用异部动态加载的方式，只加载可见的东西并立取淡入显现，不可见的立即淡出删除。这样，改变了目前网络游戏中社交界面单一列表形式，使用3D人物与列表结合的表现方式，画面新颖美观，操作更大气。
29. 101634940 Method for developing computer games through scripts
CN
27.01.2010
G06F 9/44 Loading...
G06F 9/44
Loading...
200810020805.7
Suzhou Snail Electronic Co., Ltd.
Lu Limin
G06F 9/44
Loading...
The invention relates to a method for developing computer games through scripts, and belongs to the technical field of reckoning. The method relates to a main program of computer games, and is characterized by comprising that: firstly, a script editor calls a script engine; then, the script engine automatically generates the scripts according to user operation, and explains and misarranges the scripts to form a syntax tree; the syntax tree is executed through the virtual machine function of the script engine, and the execution conditions of the scripts in the computer games are shown; and finally, the main program of the computer games interprets the scripts through the script engine to realize game logic. The method can be well combined with the game program, does not need an interlayer in the interaction between the scripts and the program such as function call, data access and the like, and can automatically generate the scripts by directly operating the editor, so that the script development becomes simple, mistakes are not easily generated, and common planners can edit the scripts.

