1. WO/2017/075844 THREE-TIER CYCLONE DUST BIN FILTRATION SYSTEM AND VACUUM CLEANER COMPRISING THE SYSTEM
WO
11.05.2017
A47L 9/10 Loading...
A47L 9/10
Loading...
PCT/CN2015/094550
KINGCLEAN ELECTRIC CO.,LTD.
NI, Zugen
A47L 9/10
Loading...
A three-tier cyclone dust bin filtration system and a vacuum cleaner comprising the system. The filtration system comprises a tier one filtration apparatus (10) and a spiral tier two dust-air separation apparatus (20) in communication with an air outlet of the tier one filtration apparatus (10) and provided with two tiers of filtration structures, where the spiral tier two dust-air separation apparatus (20) is detachably fixed onto the tier one filtration device (10). The vacuum cleaner comprises a floor brush, a push rod (30), a main machine, and the three-tier cyclone dust bin filtration system.
2. 104976604 蒸汽发生器
CN
26.04.2017
F22B 1/28 Loading...
F22B 1/28
Loading...
102014000141445
莱克电气绿能科技(苏州)有限公司
倪祖根
F22B 1/28
Loading...
本发明公开了一种蒸汽发生器，其包括加热部、与加热部浇铸成一体的加热管、和分别位于加热部两端的第一、二端部，其中加热部设置有被第一、二端部所限定的凹槽或凹陷，而第一或第二端部设置有与凹槽或凹陷相连通的至少一开孔。本发明通过在加热顶部与外壳留一定的间隙且局部开孔，来确保蒸汽及部分水垢以一定速度从开孔处通过，而不是从任意方向通向出气口处，易导致出气口堵塞；在加热部设置有凹槽或凹陷，使得内部有足够的空间收容水垢，而未粘附在加热器表面的水垢随蒸汽一起以一定的速度喷射到蒸汽发生器之外，提高蒸汽发生器的寿命及蒸汽效果。
3. 104545690 应用于旋风吸尘器的尘杯装取结构及吸尘器
CN
26.04.2017
A47L 9/10 Loading...
A47L 9/10
Loading...
102013000521712
莱克电气股份有限公司
倪祖根
A47L 9/10
Loading...
本发明公开了一种应用于旋风吸尘器的尘杯装取结构及吸尘器，该旋风吸尘器包括吸尘器机体、上盖、和尘杯，所述尘杯置于吸尘器机体和上盖之间，并且尘杯沿水平方向或与吸尘器机体夹角小于45度方向移出。本发明将吸尘器进风风道设置在底部，有利于气流降噪，减小风量损失，同时将上盖进行装饰和电子指示，提升产品的观赏效果和美感，而且通过多重保护措施，避免产品受损。
4. 106580188 一种静电防护系统及使用该系统的手持式吸尘器
CN
26.04.2017
A47L 9/00 Loading...
A47L 9/00
Loading...
102017000060619
莱克电气股份有限公司
倪祖根
A47L 9/00
Loading...
一种手持无线吸尘器静电防护系统，包括静电收集单元和静电泄放单元；所述静电收集单元包括静电收集件；所述静电泄放单元包括电池包组件，静电收集件与电池包组件的负极电连接；所述静电收集单元与静电泄放单元电性连接，静电电荷通过静电收集件传输至电池包组件的负极，实现静电电荷转移。本发明通过将积聚的静电电荷进行有效转移，从而避免静电打手现象，也保护了机器内部的重要元器件不受静电损害。
5. 206063055 手持式吸尘器
CN
05.04.2017
A47L 5/24 Loading...
A47L 5/24
Loading...
201620347410.8
莱克电气股份有限公司
倪祖根
A47L 5/24
Loading...
本实用新型公开了一种手持式吸尘器，其包括旋风尘气分离装置、电机、及电池，电机位于旋风尘气分离装置和电池之间，手柄位于电机和电池下方，出风过滤装置位于手柄下方。本实用新型中手柄内部设计有气流通道，手柄风道两用，出风风道较长，出风顺畅以降低噪音，结构紧凑且多元化利用；电机和电池两者相邻，走线更为合理。
6. 206064165 无净水箱智能净水机
CN
05.04.2017
B01D 61/08 Loading...
B01D 61/08
Loading...
202016000991660
莱克电气绿能科技(苏州)有限公司
倪祖根
B01D 61/08
Loading...
本实用新型公开了一种无净水箱智能净水机，包括机壳、若干过滤器及由过滤器过滤后的出水口，其特征在于，所述机壳内设置有一减压盒，所述减压盒设有一进水口，所述过滤器的出水口与所述减压盒的进水口连通，所述减压盒设有出水口及总排气口，所述总排气口用于排出减压盒内的气体。本实用新型在台式RO反渗透净水机中，设置有TDS功能、加热或制冷功能的基础上，取消净水箱，实现无储存净水的净水箱，而只通过一个容积较小减压盒实现滤芯净水出口端压力释放。本实用新型解决了净水机中净水箱占用机体内部空间较大且净水箱内长时间储水导致净水不新鲜的技术问题。
7. 206069462 净水机水箱中原水与浓水的隔离结构
CN
05.04.2017
C02F 1/44 Loading...
C02F 1/44
Loading...
202016000992872
莱克电气绿能科技(苏州)有限公司
倪祖根
C02F 1/44
Loading...
本实用新型公开了一种净水机水箱中原水与浓水的隔离结构，包括：水箱；设置在所述水箱中的浓水箱，所述浓水箱的进水口与浓水口出口连通用于收集浓水；其中，所述浓水箱内活动设置有一隔板。本实用新型在水箱内增加可通过一片隔板滑动变更容积的收集浓水水箱，如此可将原水与浓水装在一个水箱内，最大程度的使用水箱空间，可滑动隔板将原水箱分为原水和浓水两部分，净水机在工作状态原水浓水完全隔离，解决了净水机中排放浓水的问题，方便净水机摆放，安装简便，不受摆放地点的约束，增强了净水机的实用性，提高用户使用体验。
8. 206007154 一种滚刷体及包含该滚刷体的清洁器具
CN
15.03.2017
A47L 7/00 Loading...
A47L 7/00
Loading...
201620578248.0
莱克电气股份有限公司
倪祖根
A47L 7/00
Loading...
本实用新型公开了一种滚刷体，所述滚刷体包括旋转轴，所述旋转轴上安装有至少一根软毛条和一根带状软胶结构，所述带状软胶结构边缘处成型有拍打除尘用的凸起，形成拍打部。清扫时可消除床面的静电，吸附由于静电产生粘附的细微灰尘，提高了除尘能力，同时，减小或避免滚刷体清洁时对羊毛、丝绸等超软材料的损伤，降低不必要的损失。带状软胶结构可实现深层拍打除尘，实现边拍打边清洁，提高清洁效率。
9. 206019026 一种应用于速热型加热胆的水位检测系统
CN
15.03.2017
F24H 9/20 Loading...
F24H 9/20
Loading...
201621049933.0
莱克电气绿能科技(苏州)有限公司
倪祖根
F24H 9/20
Loading...
本实用新型公开了一种应用于速热型加热胆的水位检测系统，包括：水箱、水泵和加热胆，水泵通过硅胶管分别和水箱的出水口以及和加热胆的进水口连接，加热胆的出水口处设有水位检测装置。通过位于加热胆的出水口处设置的水位检测装置，可以对加热胆内的水位进行检测，当检测到加热胆内装满水时，才可以打开加热胆的控制开关，来对水进行加热，因此可以有效避免加热胆干烧的情况发生。
10. 206019777 一种应用于水箱缺水检测的系统
CN
15.03.2017
G01F 23/00 Loading...
G01F 23/00
Loading...
201621050241.8
莱克电气绿能科技(苏州)有限公司
倪祖根
G01F 23/00
Loading...
本实用新型公开了一种应用于水箱缺水检测的系统，包括水箱和提醒装置，水箱的出水管上设有TDS值可以根据水箱内从有水到无水时进行变化的TDS传感器，TDS传感器和提醒装置连接。当水箱内从有水到无水时，TDS传感器的TDS值会产生由高到低的快速变化，当TDS传感器的TDS值发生快速变化时，提醒装置会及时发出提醒信号来提醒用户水箱内缺水，以便于及时给水箱内供水，进而保证用水的连续性。
11. 206015365 一种发热锅组件
CN
15.03.2017
D06F 73/00 Loading...
D06F 73/00
Loading...
201620956102.5
莱克电气绿能科技（苏州）有限公司
倪祖根
D06F 73/00
Loading...
本实用新型公开了一种发热锅组件，包括外壳与加热胆，加热胆完全置于所述容置腔体内部呈套设式结构，加热胆位于进水侧的一面上成型有若干个挡条，以增加水流流动路径，水流自上受挡条约束并引流至底部。通过挡条的设置有效增加水流流动路径，这样使得水流进入组件至加热成蒸汽前的整个路径加长，使得进入的水能够最大化的加热，提高出汽的效率及蒸汽的干燥度。同时，通过在加热胆出气侧成型有若干挡条或凸柱，可进一步的对蒸汽中的水分进行加热处理，提高蒸汽的干燥度。
12. 206018557 一种发热锅组件
CN
15.03.2017
F22B 1/28 Loading...
F22B 1/28
Loading...
201620956279.5
莱克电气绿能科技（苏州）有限公司
倪祖根
F22B 1/28
Loading...
本实用新型公开了一种发热锅组件，通过在进水口处设置过滤装置，对进入加热腔内的水质进行有效过滤净化，减少水垢的产生，延长组件的使用寿命，减少危害，同时减小组件的整体体积，降低成本。通过采用相互套设的外壳与加热胆，加热胆发热可将加热腔体内的水分完成蒸发并通过上部的出气口排出，有效提高水蒸汽的利用率，避免出现出气口的喷水问题。
13. 206007159 旋风集尘装置及吸尘器
CN
15.03.2017
A47L 9/16 Loading...
A47L 9/16
Loading...
201620279274.3
莱克电气股份有限公司
倪祖根
A47L 9/16
Loading...
本实用新型公开了一种旋风集尘装置及吸尘器，其中，所述旋风集尘装置包括：过滤机构，与所述过滤机构之间形成集尘空间的尘杯，所述过滤机构和集尘空间底部之间设置有延伸部。本实用新型的旋风集尘装置不仅有效的解决了尘杯过滤机构上容易缠毛发的问题，且提高尘杯的分离效率，尘杯内的储灰量以及吸尘器的吸尘能力，减少了风量损耗。
14. 206019776 一种应用于水箱缺水检测的系统
CN
15.03.2017
G01F 23/00 Loading...
G01F 23/00
Loading...
201621048190.5
莱克电气绿能科技(苏州)有限公司
倪祖根
G01F 23/00
Loading...
本实用新型公开了一种应用于水箱缺水检测的系统，包括水箱和增压泵以及当水箱无水时发出提醒信号的提醒装置，增压泵和水箱的出水管连接，增压泵上设有检测增压泵的工作电流的检测装置，检测装置和提醒装置连接。通过检测装置可以检测增压泵的工作电流，增压泵从吸水到无水空吸时的工作电流，会由高到低进行变化，因此通过电流的变化可以判断水箱是否有水，当水箱内无水时，提醒装置会发出提醒信号，提醒用户水箱内无水，以便及时给水箱供水。其中无需在水箱内设置水位检测装置来进行检测水箱内是否有水，因此成本较低。
15. 206019775 一种应用于水箱缺水检测的系统
CN
15.03.2017
G01F 23/00 Loading...
G01F 23/00
Loading...
201621048189.2
莱克电气绿能科技(苏州)有限公司
倪祖根
G01F 23/00
Loading...
本实用新型公开了一种应用于水箱缺水检测的系统，包括水箱、自吸式增压泵和提醒装置，水箱的出水管上设有TDS值可以根据水箱内从有水到无水时进行变化的TDS传感器，TDS传感器和提醒装置连接，自吸式增压泵上设有用于检测自吸式增压泵的工作电流的测流装置，测流装置和提醒装置连接。当TDS传感器的TDS值发生由高到低快速变化时，则表示水箱缺水；而且当测流装置检测到自吸式增压泵从吸水到空吸的过程中工作电流由高降低到电流阈值时，则表示水箱缺水。当水箱内缺水时，提醒模块可以及时提醒用户给水箱供水。而且通过TDS传感器和测流装置的共同检测作用，可以避免误判的情况发生，提高了检测的准确度。
16. 206015366 一种发热锅组件及具有发热锅组件的蒸汽装置
CN
15.03.2017
D06F 73/00 Loading...
D06F 73/00
Loading...
201620956103.X
莱克电气绿能科技（苏州）有限公司
倪祖根
D06F 73/00
Loading...
一种发热锅组件及具有发热锅组件的蒸汽装置，发热锅组件包括外壳与加热胆，外壳一端开口，内部成型有一容置腔体，加热胆设有置于容置腔体内部呈套设式结构的发热体，外壳与加热胆间为密封设置；外壳内部与发热体间存在间隙，该间隙用以形成加热腔体，外壳上设置有位于不同侧的进水口与出气口，所述进水口与所述出气口均高于外壳底部设置，所述进水口与出气口分别贯穿外壳与所述加热腔体连通，使用时，水自进水口进入加热腔体内，加热后形成的蒸汽自底部向上运动从出气口排出。发热体为倾斜放置，水从发热体倾斜的上表面进入腔体，蒸汽从下表面出来，有效提高水蒸气的利用率，避免出现出气口的喷水问题，使蒸汽能最大化的加热，提高蒸汽的干燥度。
17. 206017564 一种应用于增压泵的降噪减震装置
CN
15.03.2017
F16F 15/08 Loading...
F16F 15/08
Loading...
201621050183.9
莱克电气绿能科技(苏州)有限公司
倪祖根
F16F 15/08
Loading...
本实用新型公开了一种应用于增压泵的降噪减震装置，包括固定板和硅胶脚垫以及螺栓，增压泵上设有支撑架，支撑架上设有安装孔，固定板上设有和安装孔相互对应的固定孔，支撑架的上部和下部均设有硅胶脚垫，硅胶脚垫上设有和安装孔同轴的通孔，通孔内设有衬套，螺栓穿插于通孔拧紧于固定板上的固定孔。在拧紧螺栓时，由于硅胶脚垫上通孔内的衬套所起的轴向支撑作用，硅胶脚垫不会被压缩，保证了硅胶脚垫应有的弹性，进而使得硅胶脚垫起到有效的降噪减震作用。
18. 105193350 一种杆式吸尘器的止转机构
CN
15.03.2017
A47L 9/00 Loading...
A47L 9/00
Loading...
102015000736393
莱克电气股份有限公司
倪祖根
A47L 9/00
Loading...
本发明公开了一种杆式吸尘器的止转机构，用以在直立时锁止吸尘器推杆，所述吸尘器推杆通过连接头转动设置于吸尘器主体的固定部上，该止转机构包括设置于固定部上的锁止块，所述锁止块能够以固定部为基准前后摆动，所述连接头上设置有与该锁止块相匹配的限位结构，推杆直立时，锁止块向前摆动卡入限位结构内止转。通过在吸尘器主体的固定部上设置锁止块，在推杆的连接头上设置限位结构，推杆直立时，锁止块向前摆动卡入限位结构内，形成一个偏心的锁止结构，实现稳定的止转，该止转结构不受地刷厚度的限制，适用范围较广。此外，且该止转机构设置于吸尘器机体内部，外部罩设有罩壳，较美观。
19. 106388698 一种尘杯过滤器及设有该过滤器的吸尘器
CN
15.02.2017
A47L 5/24 Loading...
A47L 5/24
Loading...
102016001073344
莱克电气股份有限公司
倪祖根
A47L 5/24
Loading...
本发明公开了一种尘杯过滤器，尘杯内设有旋风尘气分离装置，该过滤器位于该旋风尘气分离装置的上方，尘气由尘杯的进气口进入，经过尘杯内的旋风尘气分离装置后，向上进入过滤器内部，经过滤器内部向外部过滤后，气体沿尘杯的出风风道排出；通过改变过滤器的结构形式，更有效的加大过风面积，提高过滤效率，过滤器设置于尘杯顶部，为可拆卸设置，直接向上拿取即可清洗，无需开启尘杯盖，操作方便。
20. 106402823 一种发热锅组件
CN
15.02.2017
F22B 1/28 Loading...
F22B 1/28
Loading...
102016000737101
莱克电气绿能科技（苏州）有限公司
倪祖根
F22B 1/28
Loading...
本发明公开了一种发热锅组件，包括外壳与加热胆，外壳一端开口，内部成型有一容置腔体，加热胆设有置于容置腔体内部呈套设式结构的发热体，外壳与加热胆间为密封设置；外壳内部与发热体间存在间隙，该间隙用以形成加热腔体，外壳上设置有位于不同侧的进水口与出气口，所述进水口与所述出气口均高于外壳底部设置，所述进水口与出气口分别贯穿外壳与所述加热腔体连通，使用时，水自进水口进入加热腔体内，加热后形成的蒸汽自底部向上运动从出气口排出。发热体为倾斜放置，水从发热体倾斜的上表面进入腔体，蒸汽从下表面出来，有效提高水蒸汽的利用率，避免出现出气口的喷水问题，使蒸汽能最大化的加热，提高蒸汽的干燥度。
21. 103767628 具有分离装置的干湿两用吸尘器
CN
08.02.2017
A47L 9/16 Loading...
A47L 9/16
Loading...
102013000082328
莱克电气股份有限公司
倪祖根
A47L 9/16
Loading...
本发明公开了一种具分离装置的干湿两用吸尘器，其包括用于一级旋风且上端开口的尘筒、设置在尘筒内的旋风罩、以及用于封闭尘筒上端开口且固定旋风罩上端的电机基座，其中电机基座至少部分插入到旋风罩内。本发明提高过滤效率，降低风量的下降速度，延长过滤装置的清洗时间，减少清洗次数，便于用户使用。
22. 106382966 一种应用于水箱缺水检测的系统
CN
08.02.2017
G01F 23/00 Loading...
G01F 23/00
Loading...
201610817423.1
莱克电气绿能科技(苏州)有限公司
倪祖根
G01F 23/00
Loading...
本发明公开了一种应用于水箱缺水检测的系统，包括水箱和提醒装置，水箱的出水管上设有TDS值可以根据水箱内从有水到无水时进行变化的TDS传感器，TDS传感器和提醒装置连接。当水箱内从有水到无水时，TDS传感器的TDS值会产生由高到低的快速变化，当TDS传感器的TDS值发生快速变化时，提醒装置会及时发出提醒信号来提醒用户水箱内缺水，以便于及时给水箱内供水，进而保证用水的连续性。
23. 106377152 一种可抽真空的食品加工设备
CN
08.02.2017
A47J 19/02 Loading...
A47J 19/02
Loading...
201611056313.4
莱克电气绿能科技（苏州）有限公司
倪祖根
A47J 19/02
Loading...
本发明公开了一种可抽真空的食品加工设备(100)，其包括：主机(1)、安装于主机(1)的料理杯(2)，所述主机(1)内设有电机及抽真空泵，所述料理杯(2)具有杯体(21)及盖设于所述杯体(21)的杯盖(22)，所述抽真空泵通过杯盖(22)连接向所述杯体内抽取空气。如此设置，只需杯盖(22)与所述主机配合，即可进行操作，无需再使用其他零件进行连接。进一步的，在食材处理前，对料理杯(2)进行抽真空处理，食材在真空的环境中进行处理，可避免食材在处理过程中与空气发生作用，减少食材营养成分流失，防止处理后的食材变色，提高了食用的口感，具有良好的市场前景。
24. 104586321 一种应用于吸尘器上的提手结构
CN
01.02.2017
A47L 9/32 Loading...
A47L 9/32
Loading...
102013000526265
莱克电气股份有限公司
倪祖根
A47L 9/32
Loading...
本发明公开了一种应用于吸尘器上的提手结构，在吸尘器的上盖设置有一个能自动弹起的提手。本发明将提手隐蔽在吸尘器的上盖内，只要手按压一下，即可自动弹起，便于用户使用且造型新颖，设计巧妙。
25. 106343919 一种手持式吸尘器
CN
25.01.2017
A47L 5/24 Loading...
A47L 5/24
Loading...
102016001073868
莱克电气股份有限公司
倪祖根
A47L 5/24
Loading...
本发明公开了一种手持式吸尘器，包括旋风尘气分离装置、电机、电池及手柄，电池位于旋风尘气分离装置和电机之间，手柄位于电机和电池上方，使得吸尘器整机重心位于握持部位下方，排布紧凑，减轻用户负担。
26. 104116461 一种应用于地刷产品的稳定机构
CN
25.01.2017
A47L 9/06 Loading...
A47L 9/06
Loading...
102014000302207
莱克电气绿能科技（苏州）有限公司
倪祖根
A47L 9/06
Loading...
本发明公开了一种应用于地刷产品的稳定机构，其为设置在地刷和机身枢轴上的连杆机构，所述连杆机构包括地刷外壳（1）、地刷枢轴（2）、连杆（3）及支撑块（4），所述地刷枢轴（2）设置在所述地刷外壳（1）后部，所述连杆（3）一端与所述地刷枢轴（2）铰接，所述连杆（3）的另一端与所述支撑块（4）铰接，所述支撑块（4）设置在所述地刷外壳（1）内，所述支撑块（4）随所述地刷枢轴（2）状态变化伸出或收纳回所述地刷外壳（1）。本发明提供的应用于地刷产品的稳定机构，当吸尘器不工作时可增加地刷前后的宽度，提高地刷的稳定性。
27. 106344378 一种具有光疗功能的按摩仪
CN
25.01.2017
A61H 23/02 Loading...
A61H 23/02
Loading...
102016000817373
莱克电气股份有限公司
倪祖根
A61H 23/02
Loading...
一种具有光疗功能的按摩仪，所述按摩仪包括整机壳体和按摩盘，按摩盘固定于整机壳体的一端；所述按摩盘贴合脸部的表面为正面，位于整体壳体内部的表面为背面；所述按摩仪还包括发光部件；所述发光部件沿所述按摩仪的外周绕设，所述发光部件上设有一朝向脸部的照射面。本发明通过在按摩仪上集成美白、抗皱、提拉等光疗效果，解决了按摩仪光疗效果单一的缺点，同时按摩盘表面镀有的亲水层能够使得护肤品最大程度的在按摩盘表面延展开，更均匀贴合面部并进行营养导入。
28. WO/2017/008439 HIGH-SPEED HALL-LESS THREE-PHASE VACUUM CLEANER MOTOR
WO
19.01.2017
H02K 9/06 Loading...
H02K 9/06
Loading...
PCT/CN2015/097549
KINGCLEAN ELECTRIC CO.,LTD.
NI, Zugen
H02K 9/06
Loading...
Disclosed is a high-speed Hall-less three-phase vacuum cleaner motor, comprising an iron core (1) with a central circle, a rotor (2) running through the central circle, a first end cap (3) for fixing one end of the iron core, a second end cap (4) mating with the first end cap and fixing the other end of the iron core, a movable impeller (5) located at one side of the second end cap and driven by the rotor, an impeller cover (7) containing the movable impeller and fixed on the second end cap, a fixed impeller (8) located between the second end cap and the movable impeller, and a circuit board (6) located outside of the first end cover, the circuit board being provided with a Hall sensor-less circuit cooled by wind output by the motor, and the rotational speed of the motor controlled by the Hall sensor-less circuit being higher than 80000 rotations per minute. Since the Hall-less circuit board structure cooled by wind output by the motor is adopted, the structure is simple, the appearance is beautiful, and the reliability is high. Moreover, because the commutation frequency of the electronic elements is decreased, the commutation loss of the electronic elements is reduced. Furthermore, the stator structure is simple, winding is convenient, and therefore the efficiency of production is increased. The high-speed Hall-less three-phase vacuum cleaner motor also has the advantages of having a high rotational speed, being small in size, having a high performance, being convenient to carry, saving energy, having long service life, etc., can be applied to vacuum cleaners, and can achieve a super-high dust collection performance.
29. 104456501 蒸汽工具的加热体
CN
11.01.2017
F22B 1/28 Loading...
F22B 1/28
Loading...
102014000660162
莱克电气绿能科技（苏州）有限公司
倪祖根
F22B 1/28
Loading...
本发明公开了一种在停止使用后可立即断汽的蒸汽工具的加热体，包括：本体、进水口、出汽口及发热管，其特征在于：所述发热管弯曲成多段安装于本体内，所述加热体还设有排气口，当所述加热体工作时，蒸汽自所述出气口排出，当加热体停止工作时，加热体内残余的蒸汽自所述排气口排出，达到了立即断汽的效果，防止使用者被烫伤，提高了蒸汽装置的安全性能。
30. 106289440 一种应用于水箱缺水检测的系统
CN
04.01.2017
G01F 23/00 Loading...
G01F 23/00
Loading...
102016000817422
莱克电气绿能科技(苏州)有限公司
倪祖根
G01F 23/00
Loading...
本发明公开了一种应用于水箱缺水检测的系统，包括水箱和增压泵以及当水箱无水时发出提醒信号的提醒装置，增压泵和水箱的出水管连接，增压泵上设有检测增压泵的工作电流的检测装置，检测装置和提醒装置连接。通过检测装置可以检测增压泵的工作电流，增压泵从吸水到无水空吸时的工作电流，会由高到低进行变化，因此通过电流的变化可以判断水箱是否有水，当水箱内无水时，提醒装置会发出提醒信号，提醒用户水箱内无水，以便及时给水箱供水。其中无需在水箱内设置水位检测装置来进行检测水箱内是否有水，因此成本较低。
31. 106289439 一种应用于水箱缺水检测的系统
CN
04.01.2017
G01F 23/00 Loading...
G01F 23/00
Loading...
102016000817348
莱克电气绿能科技(苏州)有限公司
倪祖根
G01F 23/00
Loading...
本发明公开了一种应用于水箱缺水检测的系统，包括水箱、自吸式增压泵和提醒装置，水箱的出水管上设有TDS值可以根据水箱内从有水到无水时进行变化的TDS传感器，TDS传感器和提醒装置连接，自吸式增压泵上设有用于检测自吸式增压泵的工作电流的测流装置，测流装置和提醒装置连接。当TDS传感器的TDS值发生由高到低快速变化时，则表示水箱缺水；而且当测流装置检测到自吸式增压泵从吸水到空吸的过程中工作电流由高降低到电流阈值时，则表示水箱缺水。当水箱内缺水时，提醒模块可以及时提醒用户给水箱供水。而且通过TDS传感器和测流装置的共同检测作用，可以避免误判的情况发生，提高了检测的准确度。
32. 106236543 一种具有振动功能的按摩仪
CN
21.12.2016
A61H 23/02 Loading...
A61H 23/02
Loading...
201610817707.0
莱克电气股份有限公司
倪祖根
A61H 23/02
Loading...
一种具有振动功能的按摩仪，所述按摩仪包括整机壳体和按摩盘，按摩盘固定于整机壳体的一端，所述按摩仪还包括振动单元，振动单元设于整机壳体内部；所述振动单元包括电机和偏心轮；所述电机和偏心轮位于整机壳体内壁的同一侧；所述电机的输出端连接偏心轮，电机驱动偏心轮转动带动按摩仪振动。本发明通过整机振动带动按摩盘振动能够使皮肤表面活性增大，毛孔舒张，可帮助护肤品快速渗透吸收，实现导入功能，起到美容保健作用。
33. 106236542 一种具备电疗功能的按摩仪
CN
21.12.2016
A61H 23/02 Loading...
A61H 23/02
Loading...
201610817543.1
莱克电气股份有限公司
倪祖根
A61H 23/02
Loading...
本发明公开了一种具备电疗功能的按摩仪，包括壳体、手环、位于壳体前端的按摩盘以及控制按摩仪驱动的主PCB，按摩盘为震动设置，壳体内部还设置有电池，电池位于手环与按摩盘之间，且三者为导电连接，电池、手环、人体以及按摩盘间形成一微电流回路，电流依次通过手环、人体传导至面部，面部污垢被按摩盘吸附。通过采用电疗方式，使得面部皮脂、污垢被吸附至按摩盘上，实现面部更深层的清洁。通过在按摩仪上一体集成电疗、光疗与加热模式，可采用一个按摩仪实现加热、震动、电疗及光疗四种功能配合使用，有针对性的操作，便于居家使用。
34. 106237856 无净水箱智能净水机
CN
21.12.2016
B01D 61/08 Loading...
B01D 61/08
Loading...
102016000766877
莱克电气绿能科技(苏州)有限公司
倪祖根
B01D 61/08
Loading...
本发明公开了一种无净水箱智能净水机，包括机壳、若干过滤器及由过滤器过滤后的出水口，其特征在于，所述机壳内设置有一减压盒，所述减压盒设有一进水口，所述过滤器的出水口与所述减压盒的进水口连通，所述减压盒设有出水口及总排气口，所述总排气口用于排出减压盒内的气体。本发明在台式RO反渗透净水机中，设置有TDS功能、加热或制冷功能的基础上，取消净水箱，实现无储存净水的净水箱，而只通过一个容积较小减压盒实现滤芯净水出口端压力释放。本发明解决了净水机中净水箱占用机体内部空间较大且净水箱内长时间储水导致净水不新鲜的技术问题。
35. WO/2016/197546 HANDHELD DUST COLLECTOR HAVING SPIRAL TWO-STAGE TORNADO DUST-AIR SEPARATION STRUCTURE
WO
15.12.2016
A47L 9/16 Loading...
A47L 9/16
Loading...
PCT/CN2015/094975
KINGCLEAN ELECTRIC CO., LTD.
NI, Zugen
A47L 9/16
Loading...
A handheld dust collector (100), a spiral two-stage tornado dust-air separation structure and a primary dust cylinder (110) being disposed inside the body of the handheld dust collector (100). The spiral two-stage tornado dust-air separation structure comprises a first-stage cyclone cylinder (210), a second-stage cyclone cylinder (212), a cyclone cover (211), and a spiral dust-air separation apparatus (220) disposed at the upper end of the second-stage cyclone cylinder (212). The first-stage cyclone cylinder (210) and the cyclone cover (211) carry out first-stage dust-air separation on primary dust-air entering the spiral two-stage tornado dust-air separation structure, and second-stage dust-air after previous separation enters the second-stage cyclone cylinder (212) for second-stage dust-air separation. The dust collector is small in the number of parts, simple in assembling procedure, and high in comprehensive performance of a complete machine. Meanwhile, the spiral two-stage tornado dust-air separation structure is relatively small in size, and can effectively reduce the space of a machine body and achieve a maximum dust storage volume.
36. WO/2016/197545 STEAM HEATING APPARATUS AND METHOD FOR USE IN STEAM MOP
WO
15.12.2016
F22B 1/28 Loading...
F22B 1/28
Loading...
PCT/CN2015/094859
KINGCLEAN ELECTRIC CO., LTD.
NI, Zugen
F22B 1/28
Loading...
A steam heating apparatus, comprising a housing (1), a heater (2), a water inlet (3), and a steam outlet (4). The heater (2) comprises a base and a heating body vertically extending down from the base. The heating body comprises a water inlet channel (5), a steam outlet channel (6), and heating pipes (8). The water inlet channel (5) and the steam outlet channel (6) are located between a pair of vertical heating pipes (8) among the heating pipes (8). One end of the water inlet channel (5) is communicated with the water inlet (3) provided at one end of the heater (2), and the other end of the water inlet channel (5) is opened to allow steam to flow out. A nozzle communicated with the water inlet (3) is disposed below the water inlet (3). The steam outlet channel (6) is communicated with the steam outlet (4) provided at the other end of the heater (2). The base covers the housing (1). The heating body is disposed in the housing (1). The housing (1) is provided with a housing opening (10) allowing the steam outlet (4) to extend to the outside. A heating chamber is formed between the heater (2) and an inner wall of the housing (1). A steam inlet hole (7) is provided above the steam outlet channel (6). The steam heating apparatus can fully utilize the heat of the heater (2), and the steam conversion efficiency and quality are higher. Meanwhile, the problem of blocking is prevented, and the performance of the heating apparatus is improved.
37. 106214454 一种具有加热功能的按摩仪
CN
14.12.2016
A61H 23/02 Loading...
A61H 23/02
Loading...
102016000817372
莱克电气股份有限公司
倪祖根
A61H 23/02
Loading...
一种具有加热功能的按摩仪，按摩仪包括整机壳体和按摩盘，按摩仪还包括电热丝，电热丝安装固定在按摩盘内；按摩盘的正面镀有一亲水层，该亲水层包括铑层、铂层、锇层、铱层的其中一层或多层。本发明通过按摩盘加热能够使皮肤表面活性增大，毛孔舒张，为导出污垢及吸收营养液做准备，同时按摩盘表面镀有的功能层能够使得护肤品最大程度的在按摩盘表面延展开，更均匀贴合面部并进行营养导入。
38. 205795548 无刷电机驱动的高速料理机
CN
14.12.2016
A47J 43/046 Loading...
A47J 43/046
Loading...
201620193057.2
莱克电气绿能科技(苏州)有限公司
倪祖根
A47J 43/046
Loading...
本实用新型公开了一种由无刷电机驱动的高速料理机，包括：底座、安装于底座内的无刷电机、杯体及刀片，所述刀片通过无刷电机驱动在杯体内高速转动，所述高速料理机采用无刷电机驱动，可实现无级调速及有级调速，提高了启动扭矩，同时在高速料理机空载运转与满载运转时保持相对均匀的转速，即降低了噪音又提高粉碎食物的细腻度，克服了串激电机使用中加食物负载增加而使得转速大幅降低，从而影响食物破壁打碎效果，也克服了串激电机使用中未添加食物空载或轻载运转时转速大幅升高，从而产生巨大噪音；本实用新型的高速料理机解决了使用串激电机加载时速度大幅下降，空转时转速太高的技术问题。
39. 205795549 高速料理机的智能控制面板
CN
14.12.2016
A47J 43/046 Loading...
A47J 43/046
Loading...
201620193059.1
莱克电气绿能科技(苏州)有限公司
倪祖根
A47J 43/046
Loading...
本实用新型公开了一种高速料理机的智能控制面板，包括：调速旋钮、功能选择旋钮、启动/暂停按钮以及拨动按钮，所述调速按钮控制料理机的驱动电机进行无级调速。将料理机的调速和功能选择分别设置在一个旋钮上，便于用户更加精确的控制刀片转速以及料理机的运行功能，用户可以实时调整驱动电机的转速，有效提高搅碎效果；把料理机的所有运行功能模式集成在一个功能选择旋钮上，使得控制面板更加简洁，设计更加人性化，同时便于使用者根据不同的食材选择料理机的运行模式；进一步的，料理机运行在手动模式的前提下，通过人工点动的方式来运行料理机，以实现破碎过程的精确控制；本实用新型解决了料理机操作不便的技术问题。
40. 205803972 快速断汽的蒸汽装置
CN
14.12.2016
D06F 73/00 Loading...
D06F 73/00
Loading...
202016000560621
莱克电气绿能科技(苏州)有限公司
倪祖根
D06F 73/00
Loading...
本实用新型公开了一种快速断汽的蒸汽装置，包括：水箱、加热体、水泵及蒸汽喷嘴，所述蒸汽喷嘴与所述加热体连接的连接管设有第一阀体，所述蒸汽装置还设有连接加热体的第二阀体，所述蒸汽装置使用时，第一阀体打开，第二阀体关闭，蒸汽自蒸汽喷嘴向外喷出，所述蒸汽装置关闭时，第一阀体关闭，第二阀体打开，蒸汽自所述第二阀体的出口端流出。本实用新型解决了残余蒸汽从蒸汽喷嘴流出导致的安全性问题。
41. WO/2016/192260 ROD HANDHELD TWO-IN-ONE SPLIT-TYPE VACUUM CLEANER HAVING INDEPENDENT DUST-AIR SEPARATION AND DUST STORAGE DEVICE
WO
08.12.2016
A47L 9/10 Loading...
A47L 9/10
Loading...
PCT/CN2015/091023
KINGCLEAN ELECTRIC CO., LTD.
NI, Zugen
A47L 9/10
Loading...
A rod handheld two-in-one split-type vacuum cleaner having an independent dust-air separation and dust storage device. A main device (1) thereof is a handheld vacuum cleaner, and a push rod (2) is a hollow rod. The rod handheld two-in-one split-type vacuum cleaner is provided with an independent dust-air separation and dust storage device (4) on the push rod (2) located above a floor brush (3) and below the handheld vacuum cleaner. The dust-air separation and dust storage device (4) can be independently removed to dump the dust. The main device (1), the push rod (2) and the floor brush (3) of the rod handheld two-in-one split-type vacuum cleaner can be split or assembled as different usage modes. The rod handheld two-in-one split-type vacuum cleaner can operate as a floor mopping vacuum cleaner, a handheld vacuum cleaner and a handheld vacuum cleaner with a long connecting tube.
42. 106186196 净水机水箱中原水与浓水的隔离结构
CN
07.12.2016
C02F 1/44 Loading...
C02F 1/44
Loading...
102016000764388
莱克电气绿能科技(苏州)有限公司
倪祖根
C02F 1/44
Loading...
本发明公开了一种净水机水箱中原水与浓水的隔离结构，包括：水箱；设置在所述水箱中的浓水箱，所述浓水箱的进水口与浓水口出口连通用于收集浓水；其中，所述浓水箱内活动设置有一隔板。本发明在水箱内增加可通过一片隔板滑动变更容积的收集浓水水箱，如此可将原水与浓水装在一个水箱内，最大程度的使用水箱空间，可滑动隔板将原水箱分为原水和浓水两部分，净水机在工作状态原水浓水完全隔离，解决了净水机中排放浓水的问题，方便净水机摆放，安装简便，不受摆放地点的约束，增强了净水机的实用性，提高用户使用体验。
43. 106194566 利用浪涌能量的发电机的并网方法
CN
07.12.2016
F03B 13/18 Loading...
F03B 13/18
Loading...
102016000737035
济南依莱米克电气技术有限公司
谭协初
F03B 13/18
Loading...
本发明提供的利用浪涌能量的发电机的并网方法，包括浪涌能量收集装置、能量转换装置、浮动平台、并网机构。本发明提供的利用浪涌能量的发电机的并网方法，通过设置浮筒和摇臂对浪涌的上下变化的能量进行吸收，并通过弧形齿条将上下运动转化为圆周运动，并通过齿轮组将周期时间长、方向不定的圆周运动转化为周期时间短、方向单一的圆周运动，通过设置储能飞轮能够对输入至发电机的扭矩进行缓冲，并且能够在发电机断开连接时进行储能，增加能源利用率，通过设置浮动平台和设置锚绳固定和张紧装置，能够使整套系统收到海浪的波动和涨落潮的影响减小，通过设置并网机构，能够实现对发电机进行自建的局域网并网和/或进行市电并网的操作。
44. WO/2016/184075 THREE-IN-ONE DUST CLEANER
WO
24.11.2016
A47L 5/00 Loading...
A47L 5/00
Loading...
PCT/CN2015/096419
KINGCLEAN ELECTRIC CO., LTD.
NI, Zugen
A47L 5/00
Loading...
Disclosed is a three-in-one dust cleaner based on a rod body-hanged handheld dust cleaner, comprising a main machine (1), a ground brush (2) and a handle rod (3), wherein the main machine (1) is a handheld dust cleaner, the handle rod (3) is a hollow rod-shaped object, the main machine (1) and the handle rod (3), the handle rod (3) and the ground brush (2), and the main machine (1) and the ground brush (2) can be separated and assembled in pairs; and a rod type handheld separated dust cleaner comprises the following three working modes: a first mode, combining the three including the main machine (1), the handle rod (3) and the ground brush (2) to form a rod pushing dust cleaner to work, and at this time, the handle rod (3) defining the main machine (1); a second mode, detaching the main machine (1) from the handle rod (3) and the ground brush (2) to form an independent handheld dust cleaner to work; and the third mode, combining the main machine (1) and the handle rod (3) to form a handheld dust cleaner with a long connection pipe to work, and at this time, the handle rod (3) forming a suction pipe with an increased length of the handheld dust cleaner with a long connection pipe.
45. 106160319 悬浮式电机罩组件结构
CN
23.11.2016
H02K 5/24 Loading...
H02K 5/24
Loading...
102015000193527
莱克电气股份有限公司
倪祖根
H02K 5/24
Loading...
本发明公开了一种悬浮式电机罩组件结构，其包括：电机、以及收容电机的电机罩，其中电机罩包括电机下罩、和与电机下罩固定连接的电机上罩，且电机下罩或电机上罩与电机之间存在缓冲减震空间。本发明通过多重降噪设置，既可以吸收垂直方向震动，也可以吸收圆周方向的震动，减震降噪效果明显，尤其适合立式或杆式吸尘器上的电机降噪。
46. 106137036 内置风道的尘杯结构
CN
23.11.2016
A47L 9/16 Loading...
A47L 9/16
Loading...
102015000193825
莱克电气股份有限公司
倪祖根
A47L 9/16
Loading...
本发明公开了一种内置风道的尘杯结构，其包括具有内腔的杯体、与杯体一体成型的风道、设置在内腔中的旋风器、设置在旋风器中的旋风锥、位于旋风锥下游的过滤件、以及遮蔽过滤件的杯盖。本发明实现了尘气的彻底分离，缩短了整机风道的长度，减少了风量的损耗，且由于风道是在尘杯内部，大身的造型就会不受影响，可以充分考虑流线型的设计，同时风道和杯体是一体式设计，用户可直接将整个旋风组件从尘杯内取出，清理旋风组件方便，尘杯倒灰方便。
47. 106149337 一种发热锅组件
CN
23.11.2016
D06F 73/00 Loading...
D06F 73/00
Loading...
102016000737072
莱克电气绿能科技（苏州）有限公司
倪祖根
D06F 73/00
Loading...
本发明公开了一种发热锅组件，包括外壳与加热胆，加热胆完全置于所述容置腔体内部呈套设式结构，加热胆位于进水侧的一面上成型有若干个挡条，以增加水流流动路径，水流自上受挡条约束并引流至底部。通过挡条的设置有效增加水流流动路径，这样使得水流进入组件至加热成蒸汽前的整个路径加长，使得进入的水能够最大化的加热，提高出汽的效率及蒸汽的干燥度。同时，通过在加热胆出气侧成型有若干挡条或凸柱，可进一步的对蒸汽中的水分进行加热处理，提高蒸汽的干燥度。
48. 106150851 浪涌能量利用装置
CN
23.11.2016
F03B 13/20 Loading...
F03B 13/20
Loading...
102016000737537
济南依莱米克电气技术有限公司
谭协初
F03B 13/20
Loading...
本发明提供的浪涌能量利用装置，包括浪涌能量收集装置、能量转换装置、浮动平台。本发明提供的浪涌能量利用装置，通过设置浮筒和摇臂对浪涌的上下变化的能量进行吸收，并通过弧形齿条将上下运动转化为圆周运动，并通过齿轮组将周期时间长、方向不定的圆周运动转化为周期时间短、方向单一的圆周运动，通过设置储能飞轮能够对输入至发电机的扭矩进行缓冲，并且能够在发电机断开连接时进行储能，增加能源利用率，通过设置浮动平台和设置锚绳固定和张紧装置，能够使整套系统收到海浪的波动和涨落潮的影响减小，通过设置并网机构，能够实现对发电机进行自建的局域网并网和/或进行市电并网的操作。
49. 106150847 浪涌能量利用和发电机并网系统及其并网方法
CN
23.11.2016
F03B 13/14 Loading...
F03B 13/14
Loading...
102016000739772
济南依莱米克电气技术有限公司
谭协初
F03B 13/14
Loading...
本发明提供的浪涌能量利用和发电机并网系统及其并网方法，包括浪涌能量收集装置、能量转换装置、浮动平台和并网机构。本发明提供的浪涌能量利用和发电机并网系统及其并网方法，通过设置浮筒和摇臂对浪涌的上下变化的能量进行吸收，并通过弧形齿条将上下运动转化为圆周运动，并通过齿轮组将周期时间长、方向不定的圆周运动转化为周期时间短、方向单一的圆周运动，通过设置储能飞轮能够对输入至发电机的扭矩进行缓冲，并且能够在发电机断开连接时进行储能，通过设置浮动平台和设置锚绳固定和张紧装置，能够使整套系统收到海浪的波动和涨落潮的影响减小，通过设置并网机构，能够实现对发电机进行自建的局域网并网和/或进行市电并网的操作。
50. 105919513 一种滚刷体及包含该滚刷体的清洁器具
CN
07.09.2016
A47L 7/00 Loading...
A47L 7/00
Loading...
201610411247.1
莱克电气股份有限公司
倪祖根
A47L 7/00
Loading...
本发明公开了一种滚刷体，包括交替安装的软毛条与带状软胶结构，清扫时可消除床面的静电，吸附由于静电产生粘附的细微灰尘，提高了除尘能力，同时，减小或避免滚刷体清洁时对羊毛、丝绸等超软材料的损伤，降低不必要的损失。带状软胶结构可实现深层拍打除尘，实现边拍打边清洁，提高清洁效率。
51. 103767627 智能吸尘器及其滚刷组件
CN
31.08.2016
A47L 9/04 Loading...
A47L 9/04
Loading...
102012000400669
莱克电气股份有限公司
倪祖根
A47L 9/04
Loading...
本发明公开了一种智能吸尘器及其滚刷组件，其包括：位于上方的滚刷主体、位于下方并与滚刷主体相扣合的滚刷底盖、和设置在滚刷主体和滚刷底盖之间的滚刷体，其中滚刷主体包括由其一端延伸并相应有旋转轴心的一对旋转臂、以及设置在其另一端附近的一弹性件。本发明的滚刷组件可上下浮动，整机越障能力好，采用弹性件实现滚刷体的复位使得工作更为可靠，而且弹性件增加滚刷毛和地面接触的压力，提高除尘能力。
52. 103349531 机器人吸尘器的侧边回归充电方法
CN
31.08.2016
G05D 1/00 Loading...
G05D 1/00
Loading...
201310312569.7
莱克电气股份有限公司
倪祖根
G05D 1/00
Loading...
本发明公开了一种机器人吸尘器的侧边回归充电方法，机器人吸尘器在回归充电时先接收到防撞信号，则原地旋转180º，向前行走一段距离d，然后顺时针或逆时针绕充电座画圆弧，如果机器人吸尘器碰到障碍物则原地旋转180º，继续绕充电座画圆弧，进入引导信号区域后通过引导信号对接充电座如果机器人吸尘器未碰到障碍物则直接进入引导信号区域然后通过引导信号对接充电座。本发明提高了机器人吸尘器侧边回归充电时的工作效率，有效地在较短时间内将机器人吸尘器引导到引导信号所覆盖的区域中去，提高吸尘器的工作效率。
53. 205514231 多功能料理机的刀具更换结构
CN
31.08.2016
A47J 43/07 Loading...
A47J 43/07
Loading...
201620237677.1
莱克电气绿能科技(苏州)有限公司
倪祖根
A47J 43/07
Loading...
本实用新型公开了一种多功能料理机的刀具更换结构，包括刀固定件和套设在所述刀固定件上的刀组件，所述刀组件选择性的与所述刀固定件锁定或分离。刀具在旋转过程中自动锁死在刀固定件上，刀组件与刀固定件上下卡合，避免刀组件在刀固定件是上的上下移动而造成的震动，同时，在急停状态时，刀具在惯性作用下，在旋转方向上与刀固定件逆向卡合固定，刀具不会因为惯性向外飞出，保证使用者的安全。并且，在料理机停止工作时，刀具可从刀固定件上自由分离，使用者不需要借助于工具，便于使用者实现刀具的快速更换，且在更换过程中，使用者不易伤手，具有广泛的推广价值。本实用新型的刀具更换结构解决了料理机刀具更换不便的技术问题。
54. 105054867 悬浮式降噪电机
CN
31.08.2016
A47L 9/28 Loading...
A47L 9/28
Loading...
102015000514297
莱克电气股份有限公司
倪祖根
A47L 9/28
Loading...
一种悬浮式降噪电机，包括电机主体，还包括至少部分包容电机主体的电机罩、套设于电机主体进风口上的密封圈以及安装于电机主体与电机罩之间的缓冲部件，所述密封圈与若干缓冲部件使电机主体允许在三维空间运动，密封圈包括上、下两个减震片以及连接所述上、下减震片且卡在电机主体进风口上的连接侧壁，上减震臂上设置有S形折弯机构，S形折弯机构的凸起上方设有与凸起适配的压板，使密封圈不会被吸入电机主体进风口内，本发明通过密封圈与缓冲部件使得电机主体“悬浮”在电机罩内，弹性机构、密封圈以及减震垫使电机任意方向运动时，使电机塑件和电机罩实现软接触，从而达到降噪效果。
55. 104840150 带独立尘气分离和储灰装置的杆式手持二合一分体吸尘器
CN
31.08.2016
A47L 9/00 Loading...
A47L 9/00
Loading...
102015000295844
莱克电气股份有限公司
倪祖根
A47L 9/00
Loading...
一种带有独立尘气分离和储灰装置的杆式手持二合一分体式吸尘器，该吸尘器的主机为手持式吸尘器，推杆为中空式杆体，该杆式手持分体式两用吸尘器在地刷上方手持吸尘器下方的推杆上设置一个独立的尘气分离和储灰装置，该装置可以单独取下倒灰。吸尘器的主机、推杆以及地刷之间可以分离和组装成不同的使用方式，该吸尘器可作为拖地式吸尘器、手持式吸尘器、手持带长接管式吸尘器进行工作。
56. 104545695 一种二级尘气分离结构及包含该结构的尘杯
CN
31.08.2016
A47L 9/16 Loading...
A47L 9/16
Loading...
102015000044589
莱克电气股份有限公司
倪祖根
A47L 9/16
Loading...
本发明公开了一种二级尘气分离结构，该结构包括风罩尘筒与螺旋式尘气分离装置，通过旋风罩实现尘气的第一级分离，旋风罩的内部设置有二级旋风筒及位于筒口的螺旋式尘气分离装置，经第一级分离后的尘气在该螺旋式尘气分离装置的引导下，在二级旋风筒内壁形成向筒底旋转的气流，该气流中的灰尘在离心力带动下下旋至筒底并被收集在二级集尘空间中，旋转气流中的空气被负压抽出，实现第二级尘气分离。该二级尘气分离结构零部件数量少，简化了组装工序，便于提高整机的综合性能。同时该结构体积较小，可有效降低二级分离结构所占用的尘杯空间，实现最大的储灰容积，提高集尘效率，适用于各种型号大小的吸尘器使用。
57. 105266719 一种多级龙卷风吸尘器尘杯结构
CN
31.08.2016
A47L 9/16 Loading...
A47L 9/16
Loading...
102015000736616
莱克电气股份有限公司
倪祖根
A47L 9/16
Loading...
本发明公开了一种多级龙卷风吸尘器的尘杯结构，包括一级尘筒与储灰箱，储灰箱底部设有盖板，盖板设置在一个L型转臂的端部上，L型转臂的另一端固定在旋转轴上，整个L性转臂可绕所述旋转轴旋转，在一级尘筒内设有一个按压凸起，储灰箱伸入一级尘筒时，按压凸起抵扣住L型转臂，使盖板自动盖住储灰箱底部，当储灰箱被拔出时，作用在L型转臂上的按压力被释放，盖板被自动打开，使储灰箱中的灰尘自动掉落在一级尘筒的盛灰空间当中，从而方便用户进行一次性倒灰操作。同时该储灰箱结构体积较小，活动自由，可有效降低所占用的机身空间，提高集尘效率。
58. 205514217 具有降噪减震结构的高速料理机
CN
31.08.2016
A47J 43/046 Loading...
A47J 43/046
Loading...
201620254411.8
莱克电气绿能科技(苏州)有限公司
倪祖根
A47J 43/046
Loading...
本实用新型公开了一种具有降噪减震结构的高速料理机，包括：底座、杯体、刀片及安装于底座内的电机，所述底座下端设置有支撑脚垫，所述脚垫内充有空气，本实用新型的料理机通过在底座底部设置的充有空气的脚垫来支撑在地面上，充有空气的脚垫有效吸收了料理机与支撑地面之间的震动，避免了普通料理机硬性脚垫与地面的直接接触，从而降低了料理机与地面之间的震动和噪声；同时，还设置有软胶机体座垫，同时在驱动电机与底座壳体之间设置有减震垫，在传动座上包裹有减震软胶套，减少了驱动电机转动引发的震动，进一步减少了料理机的震动和噪声。本实用新型具有降噪减震结构的高速料理机解决了料理机震动和噪声较大的技术问题。
59. 205514002 具有定位支撑点的橙汁机榨汁头
CN
31.08.2016
A47J 19/02 Loading...
A47J 19/02
Loading...
201620237943.0
莱克电气绿能科技(苏州)有限公司
倪祖根
A47J 19/02
Loading...
本实用新型公开了一种具有定位支撑点的橙汁机榨汁头，包括：锥形本体，所述锥形本体的锥面上纵向设置有若干齿牙；其中，所述锥形本体的顶端设置有一载物平台，所述载物平台的中心向上延伸设置有一凸台。在橙汁机的榨汁头顶端设置一段凸台，凸台向上延伸出榨汁头，在榨汁过程中，橙子底部可稳定在载物平台上，橙子不易在榨汁头上左右晃动，提高了榨汁效率；同时避免了在按压橙子的过程中，橙子与榨汁头打滑而造成旋转的榨汁头刮伤使用者的手，提高了使用的安全性。本实用新型的榨汁头解决了橙子不易在榨汁头上固定的技术问题。
60. WO/2016/127708 MOTOR NOISE REDUCTION STRUCTURE FOR DUST COLLECTOR, AND DUST COLLECTOR
WO
18.08.2016
A47L 9/28 Loading...
A47L 9/28
Loading...
PCT/CN2015/098647
KINGCLEAN ELECTRIC CO., LTD.
NI, Zugen
A47L 9/28
Loading...
A motor noise reduction structure for a dust collector, and the dust collector. The noise reduction structure comprises: a mounting portion, used for mounting a motor (2) on a dust collector; and elastic components (3), used for applying tension to the motor. One end of each elastic component is connected to the mounting portion, and the other end of the elastic component is connected to the motor. The tension can offset the gravity of the motor. The number of the elastic components is at least two. The elastic components are uniformly distributed at the circumference of the motor. An included angle of 10 to 85 degrees is formed between the direction of the tension and the horizontal plane. The mounting portion comprises a motor cover. The motor cover comprises an inner motor cover (4) and an outer motor cover (5). The inner motor cover and the outer motor cover form an accommodation space for accommodating the motor. The elastic components are connected to the outer motor cover or the inner motor cover. The lower portion of the motor is suspended in the motor cover. The elastic components are tension springs. By means of the motor noise reduction structure for a dust collector and the dust collector, a good motor noise reduction effect can be obtained.
61. 205458235 高速料理机驱动齿轮的包胶结构
CN
17.08.2016
A47J 43/08 Loading...
A47J 43/08
Loading...
201620194135.0
莱克电气绿能科技(苏州)有限公司
倪祖根
A47J 43/08
Loading...
本实用新型公开了一种高速料理机驱动齿轮的包胶结构，包括：底座、杯体、刀片及安装于底座内的电机，所述刀片通过包裹有软胶套的传动座与所述电机驱动连接。本实用新型在传动座上包裹有减震软胶套，提高了刀座连接头与传动座传动接触面之间的贴合度，避免了刀座连接头与传动座直接的硬性接触，从而降低了料理机的传动震动和噪声；同时软胶套还可以吸收一定的震动，从而进一步降低了料理机的震动和噪声，有效提高搅碎效果，并且避免刀座连接头与传动座齿轮之间的磨损，减少两者之间的活动间隙，同时延长了料理机的使用寿命，减少故障率。本实用新型高速料理机驱动齿轮的包胶结构解决了杯体与底座连接结构之间震动和噪声较大的技术问题。
62. 205474505 用在蒸汽挂烫机上的发热锅
CN
17.08.2016
D06F 73/00 Loading...
D06F 73/00
Loading...
201620109874.5
莱克电气绿能科技(苏州)有限公司
倪祖根
D06F 73/00
Loading...
本实用新型公开了一种用在蒸汽挂烫机上的发热锅，包括：外壳，其内设置一端敞开的容置空腔，所述外壳顶部设有进水口；加热体，其包括基座及自基座一侧垂直向上延伸的加热内胆，所述基座盖设于所述外壳敞开端，所述加热内胆设置在所述容置空腔内，所述加热内胆中设置有内胆腔体，所述加热内胆的上部设置有进汽口，所述进汽口与所述内胆腔体的上端贯通；以及出汽口，其垂直开设在所述基座上，所述出汽口与所述内胆腔体的底部连通；其中，所述进汽口上方的所述加热内胆上设置有保护翻遍，其向下覆盖设置在所述进汽口的外围，所述保护翻遍的下端开口。本实用新型的发热锅解决了蒸汽输出压力不足且易喷水的技术问题。
63. WO/2016/119503 TWO-STAGE DUST-AIR SEPARATION STRUCTURE AND DUST CUP COMPRISING SAME
WO
04.08.2016
A47L 9/16 Loading...
A47L 9/16
Loading...
PCT/CN2015/094096
KINGCLEAN ELECTRIC CO., LTD.
NI, Zugen
A47L 9/16
Loading...
Disclosed is a two-stage dust-air separation structure, which comprises a wind cover dust barrel (210) and a spiral dust-air separation device (220), a first stage separation of dust and air is realized via a cyclone cover (211), a two-stage cyclone barrel (212) and the spiral dust-air separation device located at a barrel opening are provided in the cyclone cover; after the first stage separation, under the guidance of the spiral dust-air separation device, the dust and air form on an inner wall of the two-stage cyclone barrel an air flow rotating towards the barrel bottom, the dust in the air flow is driven by a centrifugal force to rotate downwardly to the barrel bottom and is collected in a two-stage dust collecting space, and the air in the rotating air flow is extracted by a negative pressure, such that a second stage of dust-air separation is realized. The two-stage dust-air separation structure has a small number of components, simplifies the assembly process, and is convenient to improve the comprehensive performance of the entire machine. At the same time, the structure has a small volume, which can effectively reduce the space of the dust cup occupied by a two-stage separation structure, realize the maximum dust storing volume and improve the dust collecting efficiency, and is applicable to various types and sizes of dust collectors.
64. 205429973 具有润滑油齿轮箱结构的慢速电机
CN
03.08.2016
H02K 7/116 Loading...
H02K 7/116
Loading...
202016000193712
莱克电气绿能科技(苏州)有限公司
倪祖根
H02K 7/116
Loading...
本实用新型公开了一种具有润滑油齿轮箱结构的慢速电机，该润滑油齿轮箱可用于多种食品加工装置，特别适用于榨汁机、面条机、绞肉机等小家电产品上，具体包括：电机外壳、电机定子、电机转子和齿轮箱，所述齿轮箱内填充有液态的润滑油，所述齿轮箱的输入输出端设置有油封橡胶圈，用于将润滑油密封在齿轮箱中，避免外溢，采用润滑油代替润滑脂填充在减速箱中，提高了齿轮的润滑效果，进而减少了齿轮之间的磨损，延长了减速箱的使用寿命；并且，润滑油充分填充整个减速箱，有效减小了齿轮摩擦产生的噪声；本实用新型的具有润滑油齿轮箱结构的慢速电机，解决了现有应用在小家电中的减速箱磨损和噪声较大的技术问题。
65. 105725913 手持式吸尘器
CN
06.07.2016
A47L 5/24 Loading...
A47L 5/24
Loading...
102016000256377
莱克电气股份有限公司
倪祖根
A47L 5/24
Loading...
本发明公开了一种手持式吸尘器，其包括旋风尘气分离装置、电机、及电池，电机位于旋风尘气分离装置和电池之间，手柄位于电机和电池下方，出风过滤装置位于手柄下方。本发明中手柄内部设计有气流通道，手柄风道两用，出风风道较长，出风顺畅以降低噪音，结构紧凑且多元化利用；电机和电池两者相邻，走线更为合理。
66. 205368831 具有自动除垢功能的挂烫机
CN
06.07.2016
D06F 73/00 Loading...
D06F 73/00
Loading...
201620109674.X
莱克电气绿能科技(苏州)有限公司
倪祖根
D06F 73/00
Loading...
本实用新型公开了一种具有自动除垢功能的挂烫机，包括：机体，其内设置有容置空腔，所述容置空腔内设置有水箱；发热锅，其固定在所述容置空腔内；水泵，其连接在所述水箱与所述发热锅的进水口之间；熨烫头，其通过蒸汽软管与所述发热锅的蒸汽出汽口连通；以及控制器，设置在所述机体内，所述控制器与所述水泵和所述发热锅连接；其中，所述机体上设置有除垢键，其与所述控制器连接，所述挂烫机还配置有储水器。本实用新型解决了挂烫机除垢不便的技术问题。
67. 205368834 具有二次发热锅的熨烫头
CN
06.07.2016
D06F 73/00 Loading...
D06F 73/00
Loading...
201620109875.X
莱克电气绿能科技(苏州)有限公司
倪祖根
D06F 73/00
Loading...
本实用新型公开了一种具有二次发热锅的熨烫头，包括：手柄，其内设置有容置空腔，所述手柄的端头设置有熨烫板；二次发热锅，其设置在所述容置空腔内，所述二次发热锅与设置在挂烫机本体中的一次发热锅连通，二次发热锅的出口与熨烫板蒸汽出口连通；以及加热体，其贴合设置在所述二次发热锅的底部；其中，所述加热体与所述熨烫板之间设置有传热通道。本实用新型解决了蒸汽在熨烫头中易冷却凝结成水，造成熨烫效果不佳的技术问题。
68. 205368833 具有冷凝水回流结构的挂烫机
CN
06.07.2016
D06F 73/00 Loading...
D06F 73/00
Loading...
201620109873.0
莱克电气绿能科技(苏州)有限公司
倪祖根
D06F 73/00
Loading...
本实用新型公开了一种具有冷凝水回流结构的挂烫机，包括：机体，其内设置有容置空腔，所述容置空腔内设置有储水箱；发热锅，其固定在所述容置空腔内，所述发热锅的进水口与所述储水箱的出水口连通；以及熨烫头，其上设置有腔体，所述腔体的前端覆盖设置有熨烫板，所述腔体的后端通过软管与所述发热锅的蒸汽出汽口连通；其中，所述软管由第一通道和第二通道组成，所述第一通道连通所述发热锅与所述腔体，所述第二通道一端与所述腔体的底部连通，所述第二通道的另一端与所述储水箱连通。本实用新型解决了挂烫机易喷水的技术问题。
69. 205368832 蒸汽量可控的即热式挂烫机
CN
06.07.2016
D06F 73/00 Loading...
D06F 73/00
Loading...
201620109675.4
莱克电气绿能科技(苏州)有限公司
倪祖根
D06F 73/00
Loading...
本实用新型公开了一种蒸汽量可控的即热式挂烫机，包括：机体，其内设置有容置空腔，所述容置空腔内设置有储水箱；一次发热锅，其固定在所述容置空腔内，所述一次发热锅为即热式发热锅；水泵，其连接在所述储水箱与所述一次发热锅的进水口之间，所述水泵与设置在所述机体上的控制器连接；以及熨烫头，其通过蒸汽软管与所述一次发热锅的蒸汽出汽口连通，所述熨烫头中设置有二次发热锅；其中，所述二次发热锅的蒸汽进口与所述一次发热锅的蒸汽出汽口连通，所述二次发热锅的蒸汽出口与所述熨烫头的熨烫板蒸汽出口连通。本实用新型的挂烫机具有瞬时加热功能，水转换成蒸汽的效率高，解决了挂烫机输出蒸汽量不可控、蒸汽中水含量高的技术问题。
70. 103393383 用于机器人吸尘器的意外掉电处理方法
CN
29.06.2016
G05D 1/00 Loading...
G05D 1/00
Loading...
102013000312510
莱克电气股份有限公司
倪祖根
G05D 1/00
Loading...
本发明公开了一种用于机器人吸尘器的意外掉电处理方法，用于对机器人吸尘器进行充电的充电座向外发出防撞信号与引导信号，机器人吸尘器在充电过程中，当吸尘器检测到充电电流消失但仍可接收到充电座发射出的引导信号和防撞信号，则机器人吸尘器判定为意外脱开，则吸尘器采取意外脱离措施；当吸尘器检测到充电电流消失，同时机器人也接收不到充电座发射出的引导信号和防撞信号，则判断是电网断电，吸尘器不采取任何动作。本发明以吸尘器对充电座发出的引导信号和防撞信号的接收成功与否，作为判断机器人吸尘器与充电座间存在意外脱落还是电网断电的依据，实现对吸尘器断电情况的智能判断，并且针对两种情况吸尘器做出相应的后续反应，完善了吸尘器在断电情况下的智能响应，提高了吸尘器的工作效率。
71. 105720716 切向式永磁转子及电机
CN
29.06.2016
H02K 1/27 Loading...
H02K 1/27
Loading...
102014000735813
莱克电气股份有限公司
倪祖根
H02K 1/27
Loading...
本发明公开了一种切向式永磁转子及电机，沿铁心(1)圆周辐射状均布2N个永磁体槽(2)，永磁体槽(2)近气隙一侧封闭，近转轴(7)一侧与空气隔磁槽(3)相连通，且每个空气隔磁槽(3)连通相邻两个永磁体槽(2)，此空气隔磁槽个数等于转子极对数。N个空气隔磁槽(3)将铁心(1)分隔出一个转轴配合部分(4)，转轴配合部分(4)与磁极部分(5)有N处桥接(6)，此桥接数等于转子极对数。铁心(1)两端由非导磁材料做成的压板(8)固定在转轴(7)上，与铁心(1)端面轴向无间隙。本发明结构简单合理，可有效减少漏磁，提高永磁体利用率，同时保证冲片的机械强度，便于装配。
72. 205338842 一种三级龙卷风尘杯过滤系统及包含该系统的吸尘器
CN
29.06.2016
A47L 9/10 Loading...
A47L 9/10
Loading...
202015000872265
莱克电气股份有限公司
倪祖根
A47L 9/10
Loading...
本实用新型公开了一种三级龙卷风尘杯过滤系统及包含该系统的吸尘器，该过滤系统包括可拆卸设置的螺旋式二级尘气分离装置与一级过滤装置，该过滤系统包括大身尘杯与手持式吸尘器尘杯这两个尘杯，不仅加大了整机对灰尘的存储量，还提高了尘杯的分离效率，减少了风量的损耗，大身一级尘杯的分离效率就有95％以上，相比同类一级旋风系统有明显的提高。经过了三次旋风的尘气分离，海帕不容易被堵塞，减少了用户对海帕进行清理。同时将大小颗粒的灰尘分在了两个尘杯内，方便用户的清理，大身尘杯结构简单倒灰方便。
73. 105692788 净水机
CN
22.06.2016
C02F 1/44 Loading...
C02F 1/44
Loading...
201410708677.0
莱克电气绿能科技（苏州）有限公司
倪祖根
C02F 1/44
Loading...
本发明公开了一种净水机包括：机壳、原水箱、安装于机壳内的过滤芯及浓水箱，所述过滤芯包括RO反渗透过滤膜，所述浓水箱用于承装冲洗RO反渗透过滤膜的浓水，所述原水箱与浓水箱相互连通，且浓水箱内的浓水箱可溢出至所述原水箱内。所述原水箱与浓水箱相互连通在一起，可循环利用冲洗RO反渗透过滤芯的浓水，使得浓水的比例达到最大值，有效的避免了水资源的浪费，且无需单独接管道排放浓水，摆放位置灵活、方便。
74. 105692789 净水机
CN
22.06.2016
C02F 1/44 Loading...
C02F 1/44
Loading...
201410708772.0
莱克电气绿能科技（苏州）有限公司
倪祖根
C02F 1/44
Loading...
本发明公开了一种净水机包括：机壳、原水箱、安装于机壳内的过滤芯，所述机壳包括用于遮蔽原水箱的上盖，所述机壳设有滑槽，所述上盖设有收容于滑槽内的转轴，所述上盖可自机壳前后滑动并向上翻转。无需将上盖取下即可向原水箱内注水或观察原水箱内情况。
75. 105692990 一种带加热功能的台面式反渗透净水机
CN
22.06.2016
C02F 9/10 Loading...
C02F 9/10
Loading...
201410707435.X
莱克电气绿能科技（苏州）有限公司
倪祖根
C02F 9/10
Loading...
本发明公开了一种带加热功能的台面式反渗透净水机，包括：机壳及安装于机壳内的过滤芯及净水加热装置，所述净水机设有RO反渗透过滤芯，如此设置，可提高净水机的过滤精度，使得净水的水质得到提升，该净水机可以直接放置于台面上，体积小，节省空间，使用者使用更加方便；同时，该净水机设置有加热装置，增加了该净水机的用途，增加了净水机的使用功能。
76. 105696297 电动地毯刷
CN
22.06.2016
D06G 1/00 Loading...
D06G 1/00
Loading...
201410692214.X
莱克电气股份有限公司
倪祖根
D06G 1/00
Loading...
本发明揭示一种电动地毯刷，其包括刷体组件和与该刷体组件相配接的刷条组件，所述电动地毯刷还包括设置在刷体组件内的驱动组件，刷条组件包括与该驱动组件相配接的活动刷条，该活动刷条由驱动组件驱动而发生摆动。该地毯刷能自动刷洗地毯，操作方便，节省人工，安全可靠。
77. 105686763 地毯清洗机的吸水刷
CN
22.06.2016
A47L 11/32 Loading...
A47L 11/32
Loading...
201410693167.0
莱克电气股份有限公司
倪祖根
A47L 11/32
Loading...
本发明揭示了一种地毯清洗机的吸水刷，其包括刷条组件，刷条组件包括活动刷条，吸水刷还包括驱动活动刷条的动力传输机构，该动力传输机构包括与活动刷条相配接的凸轮枢轴、与该凸轮枢轴相配接的凸轮、以及驱动该凸轮枢轴和凸轮的电机，该吸水刷具有自动化程度高，节省人力，清洗效果好等优点。
78. 105692787 一种台面式反渗透净水机
CN
22.06.2016
C02F 1/44 Loading...
C02F 1/44
Loading...
201410707894.8
莱克电气绿能科技（苏州）有限公司
倪祖根
C02F 1/44
Loading...
本发明公开了一种台面式反渗透净水机，包括：机壳及安装于机壳内的过滤芯，所述台面式反渗透净水机设有RO反渗透过滤芯，如此设置，可提高净水机的过滤精度，使得净水的水质得到提升，该台面式反渗透净水机可以直接放置于桌面上，体积小，节省空间，使用者使用更加方便。
79. 105692790 净水机
CN
22.06.2016
C02F 1/44 Loading...
C02F 1/44
Loading...
201410708871.9
莱克电气绿能科技（苏州）有限公司
倪祖根
C02F 1/44
Loading...
本发明公开了一种自带浓水箱的RO反渗透净水机包括：机壳、原水箱、安装于机壳内的过滤芯及浓水箱，所述过滤芯包括RO反渗透过滤膜，所述浓水箱用于承装冲洗RO反渗透过滤膜的浓水，所述浓水箱套设于所述原水箱内，所述原水箱与所述浓水箱均为密封式结构且仅有顶端设有开孔，所述原水箱与浓水箱顶端的开孔通过导管相连通。可循环利用冲洗RO反渗透过滤芯的浓水，使得浓水的比例达到最大值，有效的避免了水资源的浪费，且无需单独接管道排放浓水，摆放位置灵活、方便。
80. 103349530 提高机器人吸尘器充电回归对接可靠性的方法
CN
22.06.2016
G05D 1/00 Loading...
G05D 1/00
Loading...
102013000312568
莱克电气股份有限公司
倪祖根
G05D 1/00
Loading...
本发明公开了一种提高机器人吸尘器充电回归对接可靠性的方法，其特征在于，主机充电片与充电座充电弹片接触后，维持前进状态继续前进时间t、向前前进距离d。本发明中，吸尘器通过在吸尘器的主机充电片与充电座充电弹片接触后的继续行进，使得吸尘器与充电座间的连接更为牢固，提高吸尘器的充电可靠性，提高吸尘器的工作效率。
81. 105662278 旋风集尘装置及吸尘器
CN
15.06.2016
A47L 9/16 Loading...
A47L 9/16
Loading...
201610209767.4
莱克电气股份有限公司
倪祖根
A47L 9/16
Loading...
本发明公开了一种旋风集尘装置及吸尘器，其中，所述旋风集尘装置包括：过滤机构，与所述过滤机构之间形成集尘空间的尘杯，所述过滤机构和集尘空间底部之间设置有延伸部。本发明的旋风集尘装置不仅有效的解决了尘杯过滤机构上容易缠毛发的问题，且提高尘杯的分离效率，尘杯内的储灰量以及吸尘器的吸尘能力，减少了风量损耗。
82. 105662104 具有定位支撑点的橙汁机榨汁头
CN
15.06.2016
A47J 19/02 Loading...
A47J 19/02
Loading...
201610176867.1
莱克电气绿能科技(苏州)有限公司
倪祖根
A47J 19/02
Loading...
本发明公开了一种具有定位支撑点的橙汁机榨汁头，包括：锥形本体，所述锥形本体的锥面上纵向设置有若干齿牙；其中，所述锥形本体的顶端设置有一载物平台，所述载物平台的中心向上延伸设置有一凸台。在橙汁机的榨汁头顶端设置一段凸台，凸台向上延伸出榨汁头，在榨汁过程中，橙子底部可稳定在载物平台上，橙子不易在榨汁头上左右晃动，提高了榨汁效率；同时避免了在按压橙子的过程中，橙子与榨汁头打滑而造成旋转的榨汁头刮伤使用者的手，提高了使用的安全性。本发明的榨汁头解决了橙子不易在榨汁头上固定的技术问题。
83. 205319746 宽范围引导信号的机器人充电座
CN
15.06.2016
H02J 7/00 Loading...
H02J 7/00
Loading...
201620016469.9
莱克电气股份有限公司
倪祖根
H02J 7/00
Loading...
本实用新型公开了一种宽范围引导信号的机器人充电座，包括：底板，其上表面设置有充电弹片，所述充电弹片与电源连接所述底板弧形边设置为斜坡结构，所述底板的对称轴上设置有滑入槽；立座，其垂直向上设置在所述底板上，所述立座的轴中心两侧对称设置有第一支架和第二支架，所述第一支架上设置有第一信号发射器，所述第二支架上设置有第二信号发射器；其中，所述第一支架左侧的立座上设置有第三支架，所述第三支架上设置有第三信号发射器，所述第二支架右侧的立座上设置有第四支架，所述第四支架上设置有第四信号发射器，所述立座的上端设置有第五信号发射器。本实用新型解决了吸尘器机器人充电回归成功率和效率不高的技术问题。
84. 205306710 侧壁扫出式出渣方式的榨汁机
CN
15.06.2016
A47J 19/02 Loading...
A47J 19/02
Loading...
201520999588.6
莱克电气绿能科技(苏州)有限公司
倪祖根
A47J 19/02
Loading...
本实用新型公开了一种侧壁扫出式出渣方式的榨汁机，包括：机体，其内设置有驱动设备；杯体，其底部中心向下开设有环形凹腔，所述环形凹腔的侧壁开设有出渣口，所述杯体底部的侧壁上设置有出汁口，所述环形凹腔上端开口的外周设置有向上凸起的外圈；螺旋体，其与所述驱动设备传动连接，所述螺旋体的下端设置有若干个扫渣筋位，所述扫渣筋位转动设置在所述环形凹腔中；滤网组件，其包络设置在所述螺旋体的外周，所述滤网组件的下端安装在所述环形凹腔上端的开口上；以及杯盖。本实用新型的榨汁机果渣可以不断从出渣口扫出，不会在榨汁结构内产生堆积，减少果渣在榨汁机中的参与量，提高了出渣效率。
85. 205306700 无刷电机驱动的慢速榨汁机
CN
15.06.2016
A47J 19/00 Loading...
A47J 19/00
Loading...
201520999166.9
莱克电气绿能科技(苏州)有限公司
倪祖根
A47J 19/00
Loading...
本实用新型公开了一种无刷电机驱动的慢速榨汁机，包括：机体，其具有底座和外壳，所述外壳和所述底座形成容置空腔，其内设置有驱动设备，所述驱动设备包括安装在底座上的无刷电机和与所述无刷电机转动连接的减速箱；杯体，其设置在所述机体上，所述杯体底部的侧壁开设有出渣口，与所述出渣口相邻的杯体底部设置有出汁口；螺旋体，其设置在所述杯体中；滤网组件；以及杯盖，其中，所述机体内还设置有控制板，其与所述无刷电机连接，所述机体的外部设置有档位调节器，其与所述控制板连接。本实用新型使用无刷电机实现了多档位多转速调节，不同档位下转度恒定，使用多种转速应对不同软硬度的食材，以达到最好的榨汁效果。
86. 105640370 具有降噪减震结构的高速料理机
CN
08.06.2016
A47J 43/046 Loading...
A47J 43/046
Loading...
201610191306.9
莱克电气绿能科技(苏州)有限公司
倪祖根
A47J 43/046
Loading...
本发明公开了一种具有降噪减震结构的高速料理机，包括：底座、杯体、刀片及安装于底座内的电机，所述底座下端设置有支撑脚垫，所述脚垫内充有空气，本发明的料理机通过在底座底部设置的充有空气的脚垫来支撑在地面上，充有空气的脚垫有效吸收了料理机与支撑地面之间的震动，避免了普通料理机硬性脚垫与地面的直接接触，从而降低了料理机与地面之间的震动和噪声；同时，还设置有软胶机体座垫，同时在驱动电机与底座壳体之间设置有减震垫，在传动座上包裹有减震软胶套，减少了驱动电机转动引发的震动，进一步减少了料理机的震动和噪声。本发明具有降噪减震结构的高速料理机解决了料理机震动和噪声较大的技术问题。
87. 105645653 一种智能净水机
CN
08.06.2016
C02F 9/10 Loading...
C02F 9/10
Loading...
201410648605.1
莱克电气绿能科技（苏州）有限公司
倪祖根
C02F 9/10
Loading...
本发明公开了一种同时具有加热及水质检测功能的反渗透智能净水机，包括：机壳及安装于机壳内的过滤芯、水质检测装置及净水加热装置，所述过滤芯设有R0反渗透过滤膜，所述加热装置用于加热净化后的净水，所述水质检测装置可检测水质的状态并通过数字或其他形式显示。本发明的智能净水机可直接放置于台面上使用，方便用户取用净水，同时设置加热功能，增加了该智能净水机的用途，更加方便了使用者，提升用户生活品质。
88. 105645517 一种智能净水机
CN
08.06.2016
C02F 1/44 Loading...
C02F 1/44
Loading...
201410648604.7
莱克电气绿能科技（苏州）有限公司
倪祖根
C02F 1/44
Loading...
本发明公开了一种自带原水箱且具有水质检测功能的反渗透智能净水机包括：机壳、原水箱、安装于机壳内的过滤芯，所述过滤芯设有RO反渗透过滤膜，所述水质检测装置用于检测水质的状况。所述原水箱可用于盛放净化前的原水，无需连接自来水即可使用，使得该智能净水机不受水源限制，摆放方便。
89. 105645516 一种智能净水机
CN
08.06.2016
C02F 1/44 Loading...
C02F 1/44
Loading...
201410648523.7
莱克电气绿能科技（苏州）有限公司
倪祖根
C02F 1/44
Loading...
本发明公开了一种同时具有制冷功能与水质检测功能的反渗透智能净水机，包括：机壳及安装于机壳内的过滤芯、水质检测装置及净水制冷装置，其特征在于：所述制冷装置采用电子半导体制冷方式，所述过滤芯设有RO反渗透过滤膜，所述水质检测装置可检测经过过滤芯净化后净水的水质状况并通过数字或其他形式显示。本发明的智能净水机可直接放置于台面上使用，方便用户取用净水，同时设置净水制冷功能，更加方便了使用者，还具有智能化滤芯更换提醒功能，提升用户生活品质。
90. WO/2016/082675 WATER PURIFYING MACHINE
WO
02.06.2016
C02F 9/02 Loading...
C02F 9/02
Loading...
PCT/CN2015/094095
KINGCLEAN ELECTRIC GREEN TECHNOLOGY (SUZHOU) CO. LTD
NI, Zugen
C02F 9/02
Loading...
A water purifying machine (100) comprises: a housing (1), a raw water tank (2), a filtration core (3) arranged in the housing (1), a purified water tank (4) and a concentrated water tank (5), wherein the filtration core (3) comprises a reverse osmosis (RO) filtering membrane (310), the concentrated water tank (5) is used for containing the concentrated water for washing the RO filtering membrane (310), the raw water tank (2) is in mutual communication with the concentrated water tank (5), and the concentrated water in the concentrated water tank (5) can overflow into the raw water tank (2). Since the raw water tank (2) is in mutual communication with the concentrated water tank (5), the concentrated water for washing the RO filtration core (31) can be recycled, so that the proportion of the concentrated water is maximized, the waste of water resource is effectively avoided, a separate pipeline for discharging the concentrated water is not required to be connected, and the placing location is flexible and convenient.
91. 105615701 多功能料理机的刀具更换结构
CN
01.06.2016
A47J 43/07 Loading...
A47J 43/07
Loading...
201610178194.3
莱克电气绿能科技(苏州)有限公司
倪祖根
A47J 43/07
Loading...
本发明公开了一种多功能料理机的刀具更换结构，包括刀固定件和套设在所述刀固定件上的刀组件，所述刀组件选择性的与所述刀固定件锁定或分离。刀具在旋转过程中自动锁死在刀固定件上，刀组件与刀固定件上下卡合，避免刀组件在刀固定件是上的上下移动而造成的震动，同时，在急停状态时，刀具在惯性作用下，在旋转方向上与刀固定件逆向卡合固定，刀具不会因为惯性向外飞出，保证使用者的安全。并且，在料理机停止工作时，刀具可从刀固定件上自由分离，使用者不需要借助于工具，便于使用者实现刀具的快速更换，且在更换过程中，使用者不易伤手，具有广泛的推广价值。本发明的刀具更换结构解决了料理机刀具更换不便的技术问题。
92. 105615696 高速料理机的智能控制面板
CN
01.06.2016
A47J 43/046 Loading...
A47J 43/046
Loading...
201610143008.2
莱克电气绿能科技(苏州)有限公司
倪祖根
A47J 43/046
Loading...
本发明公开了一种高速料理机的智能控制面板，包括：调速旋钮、功能选择旋钮、启动/暂停按钮以及拨动按钮，所述调速按钮控制料理机的驱动电机进行无级调速。将料理机的调速和功能选择分别设置在一个旋钮上，便于用户更加精确的控制刀片转速以及料理机的运行功能，用户可以实时调整驱动电机的转速，有效提高搅碎效果；把料理机的所有运行功能模式集成在一个功能选择旋钮上，使得控制面板更加简洁，设计更加人性化，同时便于使用者根据不同的食材选择料理机的运行模式；进一步的，料理机运行在手动模式的前提下，通过人工点动的方式来运行料理机，以实现破碎过程的精确控制；本发明解决了料理机操作不便的技术问题。
93. 105595868 无刷电机驱动的高速料理机
CN
25.05.2016
A47J 43/046 Loading...
A47J 43/046
Loading...
201610143240.6
莱克电气绿能科技(苏州)有限公司
倪祖根
A47J 43/046
Loading...
本发明公开了一种由无刷电机驱动的高速料理机，包括：底座、安装于底座内的无刷电机、杯体及刀片，所述刀片通过无刷电机驱动在杯体内高速转动，所述高速料理机采用无刷电机驱动，可实现无级调速及有级调速，提高了启动扭矩，同时在高速料理机空载运转与满载运转时保持相对均匀的转速，即降低了噪音又提高粉碎食物的细腻度，克服了串激电机使用中加食物负载增加而使得转速大幅降低，从而影响食物破壁打碎效果，也克服了串激电机使用中未添加食物空载或轻载运转时转速大幅升高，从而产生巨大噪音；本发明的高速料理机解决了使用串激电机加载时速度大幅下降，空转时转速太高的技术问题。
94. WO/2016/074540 INTELLIGENT WATER PURIFIER
WO
19.05.2016
C02F 9/02 Loading...
C02F 9/02
Loading...
PCT/CN2015/090899
KINGCLEAN ELECTRIC GREEN TECHNOLOGY (SUZHOU) CO. LTD
NI, Zugen
C02F 9/02
Loading...
An intelligent reverse osmosis water purifier (100) having the functions of heating, refrigeration and water quality detection at the same time, which comprises a casing (1), filter elements (311, 312, 313, 314) mounted inside the casing (1), a purified water heating device (71), a purified water refrigerating device (72) and a water quality detection device, wherein the filter elements are provided with an RO reverse osmosis filter membrane, the heating device (71) is used for heating purified water, the purified water refrigerating device (72) is used for refrigerating the purified water, and the water quality detection device can detect the water quality condition and display same through digits or other forms. The intelligent water purifier can be directly placed on a table for use, is convenient for users to acquire purified water, is provided with both heating and refrigerating functions, which is more convenient for users, and further has an intelligentized function of reminding filter element replacement, which improves the life quality of users.
95. WO/2016/074539 INTELLIGENT WATER PURIFIER
WO
19.05.2016
C02F 9/02 Loading...
C02F 9/02
Loading...
PCT/CN2015/090893
KINGCLEAN ELECTRIC GREEN TECHNOLOGY (SUZHOU) CO., LTD
NI, Zugen
C02F 9/02
Loading...
An intelligent reverse osmosis water purifier (100) having a water quality detection function and making use of a reverse osmosis technique, which comprises a casing (1), filter elements for purifying raw water and a water quality detection device. The filter elements include a first filter element (311), a second filter element (312), a third filter element (313), i.e. a filter element with an RO reverse osmosis filter membrane, and a fourth filter element (314). The water quality detection device can detect the water quality condition and display same through digits or other forms. The intelligent water purifier (100) adopts a desktop-type design, can be directly placed on a table for use, is convenient for users to acquire purified water, and further has an intelligentized function of reminding to replace a filter element.
96. WO/2016/074595 INTELLIGENT WATER PURIFIER
WO
19.05.2016
C02F 9/02 Loading...
C02F 9/02
Loading...
PCT/CN2015/094098
KINGCLEAN ELECTRIC GREEN TECHNOLOGY (SUZHOU) CO., LTD
NI, Zugen
C02F 9/02
Loading...
An intelligent reverse osmosis water purifier (100) having a built-in raw water tank and a water quality detection function, which comprises a casing (1), a raw water tank (2), and filter elements mounted inside the casing (1). The filter elements (311, 312, 313, 314) are provided with an RO reverse osmosis filter membrane, and the water quality detection device is used for detecting the water quality condition. Because the raw water tank (2) can be used for containing raw water before purification, the raw water tank can be used without being connected to tap water, such that the intelligent water purifier (100) is not limited by water source, and is convenient to place.
97. 105585148 一种智能净水机
CN
18.05.2016
C02F 9/02 Loading...
C02F 9/02
Loading...
201410648601.3
莱克电气绿能科技（苏州）有限公司
倪祖根
C02F 9/02
Loading...
本发明公开了一种具有水质检测功能并应用反渗透技术的反渗透智能净水机，包括：机壳、用于净化原水的过滤芯及水质检测装置，所述过滤芯具有RO反渗透过滤膜，所述水质检测装置可检测水质的状态并通过数字或其他形式显示。本发明的智能净水机采用台面式设计，可直接放置于台面上使用，方便用户取用净水，还具有智能化滤芯更换提醒功能，提升用户生活品质。
98. 105585191 一种智能净水机
CN
18.05.2016
C02F 9/10 Loading...
C02F 9/10
Loading...
201410648525.6
莱克电气绿能科技（苏州）有限公司
倪祖根
C02F 9/10
Loading...
本发明公开了一种同时具有加热、制冷功能及水质检测功能的反渗透智能净水机包括：机壳、安装于机壳内的过滤芯、对净水的加热装置、对净水的制冷装置及水质检测装置，所述过滤芯设有RO反渗透过滤膜，所述加热装置用于加热净化后的净水，所述制冷装置用于使净水制冷，水质检测装置可检测水质的状况状态并通过数字或其他方式显示。本发明的智能净水机可直接放置于台面上使用，方便用户取用净水，同时设置加热及制冷功能，更加方便了使用者，还具有智能化滤芯更换提醒功能，提升用户生活品质。
99. 105581680 高速料理机驱动齿轮的包胶结构
CN
18.05.2016
A47J 43/08 Loading...
A47J 43/08
Loading...
201610143442.0
莱克电气绿能科技(苏州)有限公司
倪祖根
A47J 43/08
Loading...
本发明公开了一种高速料理机驱动齿轮的包胶结构，包括：底座、杯体、刀片及安装于底座内的电机，所述刀片通过包裹有软胶套的传动座与所述电机驱动连接。本发明在传动座上包裹有减震软胶套，提高了刀座连接头与传动座传动接触面之间的贴合度，避免了刀座连接头与传动座直接的硬性接触，从而降低了料理机的传动震动和噪声；同时软胶套还可以吸收一定的震动，从而进一步降低了料理机的震动和噪声，有效提高搅碎效果，并且避免刀座连接头与传动座齿轮之间的磨损，减少两者之间的活动间隙，同时延长了料理机的使用寿命，减少故障率。本发明高速料理机驱动齿轮的包胶结构解决了杯体与底座连接结构之间震动和噪声较大的技术问题。
100. 105591496 具有润滑油齿轮箱结构的慢速电机
CN
18.05.2016
H02K 7/116 Loading...
H02K 7/116
Loading...
201610143172.3
莱克电气绿能科技(苏州)有限公司
倪祖根
H02K 7/116
Loading...
本发明公开了一种具有润滑油齿轮箱结构的慢速电机，该润滑油齿轮箱可用于多种食品加工装置，特别适用于榨汁机、面条机、绞肉机等小家电产品上，具体包括：电机外壳、电机定子、电机转子和齿轮箱，所述齿轮箱内填充有液态的润滑油，所述齿轮箱的输入输出端设置有油封橡胶圈，用于将润滑油密封在齿轮箱中，避免外溢，采用润滑油代替润滑脂填充在减速箱中，提高了齿轮的润滑效果，进而减少了齿轮之间的磨损，延长了减速箱的使用寿命；并且，润滑油充分填充整个减速箱，有效减小了齿轮摩擦产生的噪声；本发明的具有润滑油齿轮箱结构的慢速电机，解决了现有应用在小家电中的减速箱磨损和噪声较大的技术问题。
101. 105559694 机器人吸尘器
CN
11.05.2016
A47L 9/28 Loading...
A47L 9/28
Loading...
201410531114.9
莱克电气股份有限公司
倪祖根
A47L 9/28
Loading...
本发明公开了一种机器人吸尘器，包括：主体、设置于所述主体内的控制芯片及位于主体上端的至少一个高度检测装置，所述高度检测装置安装于所述主体的上方，当所述机器人吸尘器在运行方向上方出现物体时，所述高度检测装置可自动检测机器人吸尘器顶端与上方物体之间的距离并传输至所述控制芯片，所述控制芯片对距离信号进行分析，以控制机器人吸尘器继续向前清扫或者转弯，避免了机器人吸尘器被卡持与物体下方，造成机器人吸尘器无法继续工作，也不用操作者去寻找机器人吸尘器而将卡持于物体下方的机器人吸尘器从物体下方取出，实现真正的无人化清洁，体高了机器人吸尘器的性能及工作效率。
102. 105559695 机器人吸尘器
CN
11.05.2016
A47L 9/28 Loading...
A47L 9/28
Loading...
201410532131.4
莱克电气股份有限公司
倪祖根
A47L 9/28
Loading...
本发明公开了一种机器人吸尘器，包括：主体、位于所述主体前端的至少一个信号发射装置及至少一个用于接收信号发射装置所发出信号的信号接收装置，所述机器人吸尘器在运行方向遇到障碍物时，所述信号发射装置发射的信号会反射回被所述信号接收装置所接收，所述机器人吸尘器的信号接收装置在接收到信号时进行减速，当所述机器人吸尘器继续向前移动并当所述信号接收装置所接收的信号消失时，所述机器人吸尘器进行转向。如此，实现机器人吸尘器的智能运转，避免机器人吸尘器通过碰撞物体实现转向，避免长期碰撞对机器人吸尘器造成破坏，提高了机器人吸尘器的使用寿命，同时避免用户的物品受到损坏。
103. 105544168 蒸汽量可控的即热式挂烫机
CN
04.05.2016
D06F 73/00 Loading...
D06F 73/00
Loading...
201610076499.3
莱克电气绿能科技(苏州)有限公司
倪祖根
D06F 73/00
Loading...
本发明公开了一种蒸汽量可控的即热式挂烫机，包括：机体，其内设置有容置空腔，所述容置空腔内设置有储水箱；一次发热锅，其固定在所述容置空腔内，所述一次发热锅为即热式发热锅；水泵，其连接在所述储水箱与所述一次发热锅的进水口之间，所述水泵与设置在所述机体上的控制器连接；以及熨烫头，其通过蒸汽软管与所述一次发热锅的蒸汽出汽口连通，所述熨烫头中设置有二次发热锅；其中，所述二次发热锅的蒸汽进口与所述一次发热锅的蒸汽出汽口连通，所述二次发热锅的蒸汽出口与所述熨烫头的熨烫板蒸汽出口连通。本发明的挂烫机具有瞬时加热功能，水转换成蒸汽的效率高，解决了挂烫机输出蒸汽量不可控、蒸汽中水含量高的技术问题。
104. 205181242 一种吸尘器的手柄体结构及吸尘器
CN
27.04.2016
A47L 9/32 Loading...
A47L 9/32
Loading...
201520867866.2
莱克电气股份有限公司
倪祖根
A47L 9/32
Loading...
一种吸尘器的手柄体结构及吸尘器，手柄体端部具有可伸缩的连接杆，连接杆被套设在手柄体内，手柄体上设有滑槽，连接杆上设有助推按钮，助推按钮设置在滑槽内滑动，滑槽的两个端部设有定位槽，助推按钮上对应设有定位销，当定位销位于上端部或下端部的定位槽内时，连接杆被定位。本实用新型实现了连接杆的伸长及缩放，操作简便、成本低，且采用定位销与定位槽相配合，可以实现连接杆的锁紧定位，无论连接杆伸出还是缩回，均能稳固不移位。手柄体结构可配合杆式手持二合一分体吸尘器，方便用户的使用。
105. 205181232 一种杆式吸尘器的止转机构
CN
27.04.2016
A47L 9/00 Loading...
A47L 9/00
Loading...
201520868694.0
莱克电气股份有限公司
倪祖根
A47L 9/00
Loading...
本实用新型公开了一种杆式吸尘器的止转机构，用以在直立时锁止吸尘器推杆，所述吸尘器推杆通过连接头转动设置于吸尘器主体的固定部上，该止转机构包括设置于固定部上的锁止块，所述锁止块能够以固定部为基准前后摆动，所述连接头上设置有与该锁止块相匹配的限位结构，推杆直立时，锁止块向前摆动卡入限位结构内止转。通过在吸尘器主体的固定部上设置锁止块，在推杆的连接头上设置限位结构，推杆直立时，锁止块向前摆动卡入限位结构内，形成一个偏心的锁止结构，实现稳定的止转，该止转结构不受地刷厚度的限制，适用范围较广。此外，且该止转机构设置于吸尘器机体内部，外部罩设有罩壳，较美观。
106. 205181238 一种吸尘器进风风道结构
CN
27.04.2016
A47L 9/16 Loading...
A47L 9/16
Loading...
201520867835.7
莱克电气股份有限公司
倪祖根
A47L 9/16
Loading...
本实用新型公开了吸尘器进风风道结构，该进风风道包括成型于尘杯一个侧壁上的凹槽，与覆盖于所述凹槽上的盖板，凹槽与盖板配合形成两端开口的所述进风风道；灰尘空气经尘杯底部的开口进入进风风道内，后通过该进风风道上方的开口进入尘杯内进行尘气分离。该进风风道设置于尘杯外部，本身并不占用尘杯的空间，简化了尘杯结构，增大储灰空间。而且凹槽在成型尘杯时可一体注塑成型，成型工艺简单，便于生产，提高生产效率。
107. 205194894 一种带有导电针的充电座
CN
27.04.2016
H01R 13/08 Loading...
H01R 13/08
Loading...
201520867981.X
莱克电气股份有限公司
倪祖根
H01R 13/08
Loading...
本实用新型公开了一种带有导电针的充电座，包括本体，与通过弹性机构可伸缩地定位于本体上的导电针，该导电针形成充电电极，导电针伸出在本体外的部分至少高出主机进行充电时与本体之间的距离，按压后，导电针在弹性机构的支撑下，保持与主机上的充电电极的压力接触。本申请采用导电针作为充电电极与主机的充电电极接触充电，由于导电针通过弹性机构可伸缩地定位于本体上，充电时弹性机构受压收缩，保持导电针与主机上的充电电极的压力接触，保证充电时主机与充电座二者充电电极的有效接触，提高稳定性。
108. 205181241 一种充电吸尘器
CN
27.04.2016
A47L 9/28 Loading...
A47L 9/28
Loading...
201520867869.6
莱克电气股份有限公司
倪祖根
A47L 9/28
Loading...
一种充电吸尘器，包括电池盖板，在电池盖板上设有两个左右对称的、通过弹簧控制的扣手，两个扣手之间的距离可供操作者单手两个手指同时按压，电池盖板通过该两个扣手与电池包主体进行固定和拆卸，由此，操作更加便捷。同时，扣手整体呈弧形，扣手内为倒扣型弧面，便于扣手的按压，使用户使用起来舒适、方便。而扣手位置上具有的筋位，还具有防滑、加强强度的作用。
109. 205181231 一种充电杆式吸尘器的充电座定位结构
CN
27.04.2016
A47L 9/00 Loading...
A47L 9/00
Loading...
201520867500.5
莱克电气股份有限公司
倪祖根
A47L 9/00
Loading...
本实用新型公开了一种充电杆式吸尘器的充电座定位结构，包括设置于充电座底部的至少三个吸盘，多个吸盘在非一条直线上分布，用以将充电座固定在与充电座底部接触的接触面上，实现充电座与地面间的稳定连接，避免出现充电座及整机倾倒的问题，对整机进行很好的保护。
110. 205194965 一种充电吸尘器导电部位的对接结构
CN
27.04.2016
H01R 13/631 Loading...
H01R 13/631
Loading...
201520867832.3
莱克电气股份有限公司
倪祖根
H01R 13/631
Loading...
一种充电吸尘器导电部位的对接结构，包括第一对接部与第二对接部，第一对接部，包括导电弹针、弹性装置及弹性机构座，弹性装置套接在导电弹针的外部，导电弹针、弹性装置及弹性机构座三者形成固定。第二对接部包括导电触片、导电触片固定盖及导电触片固定架，导电触片、导电触片固定盖及导电触片固定架三者形成固定。在正常使用的情况下，导电弹针的端部与导电触片相对接，弹簧受力将导电弹针顶住，让其与导电弹片始终触碰在一起，由此实现整机电路完全连通，实现正常的通电使用以及充电功能。
111. 205181239 一种多级龙卷风吸尘器尘杯结构
CN
27.04.2016
A47L 9/16 Loading...
A47L 9/16
Loading...
201520872363.4
莱克电气股份有限公司
倪祖根
A47L 9/16
Loading...
本实用新型公开了一种多级龙卷风吸尘器的尘杯结构，包括一级尘筒与储灰箱，储灰箱底部设有盖板，盖板设置在一个L型转臂的端部上，L型转臂的另一端固定在旋转轴上，整个L性转臂可绕所述旋转轴旋转，在一级尘筒内设有一个按压凸起，储灰箱伸入一级尘筒时，按压凸起抵扣住L型转臂，使盖板自动盖住储灰箱底部，当储灰箱被拔出时，作用在L型转臂上的按压力被释放，盖板被自动打开，使储灰箱中的灰尘自动掉落在一级尘筒的盛灰空间当中，从而方便用户进行一次性倒灰操作。同时该储灰箱结构体积较小，活动自由，可有效降低所占用的机身空间，提高集尘效率。
112. 205181240 一种多级龙卷风旋风机构及尘杯结构
CN
27.04.2016
A47L 9/16 Loading...
A47L 9/16
Loading...
201520872418.1
莱克电气股份有限公司
倪祖根
A47L 9/16
Loading...
本实用新型公开了一种多级龙卷风旋风机构，包括独立的一级旋风筒、设于一级旋风筒内部的一级旋风网罩、一级旋风网罩内部的二级旋风涡轮组件，一级旋风筒与一级旋风网罩间形成一级旋风空间，且一级旋风筒可拆卸安装于二级旋风涡轮组件的外部，在一级旋风筒侧壁靠近底部的一侧设有一级甩灰口，一级旋风筒侧壁的顶部设有一级旋风筒进风口。将一级旋风筒设计为独立的旋风筒结构，一级旋风筒的底部与一级旋风网罩之间形成简易的隔断，从一级甩灰口甩出的灰尘沿尘杯壁向一级甩灰口的对侧旋转，由于对侧的一级旋风空间与一级尘筒的隔离，使灰尘失去动力从而落在一级尘筒底部保持相对静止，有效阻止了一级尘筒的灰尘倒吸，提高了整个尘杯的过滤效率。
113. 205162977 一种应用于吸尘器地刷上的装饰结构
CN
20.04.2016
A47L 9/02 Loading...
A47L 9/02
Loading...
201320646811.X
莱克电气股份有限公司
倪祖根
A47L 9/02
Loading...
本实用新型公开了一种应用于吸尘器地刷上的装饰结构，吸尘器地刷设置有透明装饰件，且透明装饰件的背面有装饰纹。本实用新型提供的应用于吸尘器地刷上的装饰结构，可解决因为长时间使用落灰导致难以清洗的问题，还可以保护装饰纹不被划伤。
114. 103356136 优化机器人吸尘器充电回归对接位置的方法
CN
20.04.2016
G05D 1/02 Loading...
G05D 1/02
Loading...
201310312567.8
莱克电气股份有限公司
倪祖根
G05D 1/02
Loading...
本发明公开了一种优化机器人吸尘器充电回归对接位置的方法，其中，用于对机器人吸尘器进行充电的充电座向外发出信号区域半圆形的防撞信号与信号区域呈扇形的引导信号，当机器人回归充电时接收到引导信号和防撞信号之间的时间差t≤10s，则机器人后退一段距离d并重启对接程序；若t＞10s时则按照正常情况对接。本发明根据机器人回归充电时接收到引导信号和防撞信号之间的时间差调整机器人吸尘器的位置，使得吸尘器能够快速完成充电回归动作，进而提高吸尘器的工作效率。
115. 205155909 加热体进水口改进结构的蒸汽加热装置
CN
13.04.2016
F22B 1/28 Loading...
F22B 1/28
Loading...
201520708831.4
莱克电气股份有限公司
倪祖根
F22B 1/28
Loading...
本实用新型公开了一种加热体进水口改进结构的蒸汽加热装置，包括：壳体；加热体；其包括基座及自基座一侧垂直延伸的加热本体，所述加热本体包括进水通道、出汽通道及设置在所述进水通道和出汽通道中央的加热管；进水口，其贯通所述基座，所述进水口一端突出设置在所述基座上，用于与水源连接，所述进水口另一端设置有喷头且延伸入所述进水通道内部，所述喷头底部侧壁上均匀开设有若干个细小的出水孔，水从进水口流入，通过喷头散射到进水通道的管壁上；以及出汽口。本实用新型的加热装置具有瞬时加热功能且加热效果好，水转换成蒸汽的效率高，蒸汽中含水率低，同时解决了加热管道易堵塞的技术问题。
116. 205143361 一种具有挤面筒定位结构的面条机
CN
13.04.2016
A21C 11/20 Loading...
A21C 11/20
Loading...
201520789518.8
莱克电气绿能科技(苏州)有限公司
倪祖根
A21C 11/20
Loading...
本实用新型公开了一种具有挤面筒定位结构的面条机，包括：机壳、搅拌杯、搅拌挤面机构、固定板、限位杆和顶板，所述搅拌杯的前端面上开设有筒孔和钩槽，所述搅拌挤面机构的挤面筒贯穿所述筒孔，所述挤面筒的中部设置有定位板，所述定位板上开设有卡口槽，所述固定板的顶部开设有通槽，所述限位杆上设置有与所述卡口槽相互匹配的凸块，所述顶板上设置有弹性板，所述弹性板的下部设置有卡钩。本实用新型提供的具有挤面筒定位结构的面条机，通过转动挤面筒以使其卡持块卡紧于搅拌杯上，以构成转动卡紧密封；通过下压顶板以使其卡钩卡扣于钩槽内，并由卡钩联动推动限位杆的凸块向下移动至挤面筒的卡口槽中，并对挤面筒进行转动定位。
117. 205144444 扫地机器人
CN
13.04.2016
A47L 9/00 Loading...
A47L 9/00
Loading...
201520727509.6
莱克电气股份有限公司
倪祖根
A47L 9/00
Loading...
本实用新型公开了一种扫地机器人，包括：机体，其下端设置有清扫装置和万向行走装置；激光发射器，其通过旋转机构设置在所述机体的上端，所述激光发射器的出射激光与地面平行，且所述激光发射器与扫地机器人的充电座处于同一水平高度；激光接收装置，其对应设置在所述旋转机构上，所述激光接收装置实时接收来自所述激光发射器出射激光产生的反射光信号；以及控制板，其设置在所述机体内，所述控制板分别与所述清扫装置、万向行走装置、激光发射器以及激光接收装置连接。本实用新型解决了扫地机器人充电回归过程繁琐不可靠、充电回归失败等技术问题。
118. 205143360 一种可快速安装螺杆的面条机
CN
13.04.2016
A21C 11/20 Loading...
A21C 11/20
Loading...
201520789384.X
莱克电气绿能科技(苏州)有限公司
倪祖根
A21C 11/20
Loading...
本实用新型公开了一种可快速安装螺杆的面条机，包括：机壳、驱动传送机构、搅拌杯和搅拌挤面机构，所述搅拌挤面机构包括：与所述驱动传送机构的驱动端固接的连接套的一端、与所述连接套的另一端相互配合插接的螺杆的一端、套置于所述螺杆上并由所述螺杆带动同步转动的搅拌杆、套置于所述螺杆另一端上的挤面筒、密封所述挤面筒的开口端以用于挤压出面的模头。本实用新型提供的可快速安装螺杆的面条机，通过在连接套上开设螺杆孔，并在螺杆孔的内壁设置限位柱和限位槽，且通过在螺杆的一端设置与限位槽对应配合的卡柱，使得螺杆与连接套相互插接时可自动校准，便于装配、安全可靠。
119. 205144273 一种具有按摩功能的橙汁机
CN
13.04.2016
A47J 19/02 Loading...
A47J 19/02
Loading...
201520788598.5
莱克电气绿能科技(苏州)有限公司
倪祖根
A47J 19/02
Loading...
本实用新型公开了一种具有按摩功能的橙汁机，包括：机壳，其内部中央处成型有凸柱，所述凸柱的中部配置为上下贯通的通孔；位于所述机壳下部并的底壳，所述底壳的上部开设有与所述通孔同轴设置的轴孔；置于所述底壳内部的驱动传送部；固接于所述驱动传送部输出端的驱动轴的一端；可拆卸的套置于所述驱动轴另一端上且用于按摩或用于榨汁的功能部。本实用新型提供的具有按摩功能的橙汁机，通过将置于机壳下方的底壳内的驱动传送部与用于接取鲜榨橙汁的机壳内腔完全隔离，卫生安全；通过设置相对平行呈一直线放置的静接触片和动接触片，配合可靠且便捷高效；该橙汁机通过将榨汁头更换为按摩头，以实现按摩功能，增加了其增值价值。
120. 205144437 一种离心式水气分离的擦窗机
CN
13.04.2016
A47L 1/08 Loading...
A47L 1/08
Loading...
201520704775.7
莱克电气绿能科技(苏州)有限公司
倪祖根
A47L 1/08
Loading...
本实用新型公开了一种离心式水气分离的擦窗机，包括：具有一定内部空间的壳体组件；吸嘴组件，其可插拔地连接到所述壳体组件的前端；用于收集污水的水箱组件；以及用于将污水与空气分离的水气分离组件，其中，所述壳体组件的下部设有一个向内凹陷的凹槽，所述凹槽前部设有一个容纳室，所述水箱组件可插拔地嵌入到所述凹槽中，所述水气分离组件设于所述容纳室内，所述水气分离组件包括水气分离主体、电机罩盖板、以及副水箱盖。本实用新型具有在确保提升擦窗机的清洁效率的同时，能够解决擦窗机的喷水问题，提高擦窗机的水气分离效率，改善用户体验的有益效果。
121. 205152673 快速喷出高温蒸汽的挂烫机
CN
13.04.2016
D06F 73/00 Loading...
D06F 73/00
Loading...
201520712707.5
莱克电气绿能科技(苏州)有限公司
倪祖根
D06F 73/00
Loading...
本实用新型公开了一种快速喷出高温蒸汽的挂烫机，包括：机体；加热装置，所述加热装置由壳体、加热体、进水口及出汽口构成，所述加热本体包括进水通道、出汽通道及设置在所述进水通道和出汽通道中央的加热管，所述进水通道沿所述加热本体的长度方向竖直开设在所述加热本体的一端，所述出汽通道对应设置在所述加热本体的另一端，所述进水通道的一端与设置在基座上的进水口连通，所述进水口与所述储水箱连通，所述进水通道的另一端开口以供蒸汽流出，在与所述基座连接端的所述出汽通道上设有蒸汽进入孔；蒸汽喷头。本实用新型的挂烫机具有瞬时加热功能且加热效果好，水转换成蒸汽的效率高，蒸汽中含水率低，同时解决了挂烫机中加热管道易堵塞的技术问题。
122. 105463815 具有二次发热锅的熨烫头
CN
06.04.2016
D06F 73/00 Loading...
D06F 73/00
Loading...
201610075990.4
莱克电气绿能科技(苏州)有限公司
倪祖根
D06F 73/00
Loading...
本发明公开了一种具有二次发热锅的熨烫头，包括：手柄，其内设置有容置空腔，所述手柄的端头设置有熨烫板；二次发热锅，其设置在所述容置空腔内，所述二次发热锅与设置在挂烫机本体中的一次发热锅连通，二次发热锅的出口与熨烫板蒸汽出口连通；以及加热体，其贴合设置在所述二次发热锅的底部；其中，所述加热体与所述熨烫板之间设置有传热通道。本发明解决了蒸汽在熨烫头中易冷却凝结成水，造成熨烫效果不佳的技术问题。
123. 105463816 具有冷凝水回流结构的挂烫机
CN
06.04.2016
D06F 73/00 Loading...
D06F 73/00
Loading...
201610076295.X
莱克电气绿能科技(苏州)有限公司
倪祖根
D06F 73/00
Loading...
本发明公开了一种具有冷凝水回流结构的挂烫机，包括：机体，其内设置有容置空腔，所述容置空腔内设置有储水箱；发热锅，其固定在所述容置空腔内，所述发热锅的进水口与所述储水箱的出水口连通；以及熨烫头，其上设置有腔体，所述腔体的前端覆盖设置有熨烫板，所述腔体的后端通过软管与所述发热锅的蒸汽出汽口连通；其中，所述软管由第一通道和第二通道组成，所述第一通道连通所述发热锅与所述腔体，所述第二通道一端与所述腔体的底部连通，所述第二通道的另一端与所述储水箱连通。本发明解决了挂烫机易喷水的技术问题。
124. 205126108 吸尘器电机
CN
06.04.2016
A47L 9/00 Loading...
A47L 9/00
Loading...
201520900597.5
莱克电气股份有限公司
倪祖根
A47L 9/00
Loading...
本实用新型公开了一种吸尘器电机，其特征在于，其包括电机端盖、与电机端盖配合的导风圈、和与导风圈配合的动叶轮，其中电机端盖包括位于中心的轮圈、分布在轮圈外边缘且相互间隔排列的多个导风片、位于导风片外缘的端盖壁，其中所述轮圈中部空心，且所述导风片与端盖壁和轮圈三者形成多个导风通道。本实用新型通过端盖和导风圈的配合，实现动叶轮吸入的风按规律从导风通道流向端盖一侧的出风风道，减少电机风机部分无规律的风量损耗，从而提高电机的效率。
125. 205141895 一种洗衣机风机
CN
06.04.2016
H02K 5/24 Loading...
H02K 5/24
Loading...
201520886415.3
莱克电气股份有限公司
倪祖根
H02K 5/24
Loading...
本实用新型公开了一种洗衣机风机，其包括定子、位于定子之外且具有转子轴的转子、轴向设置在定子和转子之间的弹簧、以及可支撑弹簧的弹性体。本实用新型通过在弹簧底部新增加弹性体，该弹性体支撑弹簧，当震动达到一定值时，即使弹簧被压死，弹性体仍会起到缓冲转子浮动带来的冲击，以降低转子、定子直接碰撞产生的噪音，确保工作可靠，避免事故发生。
126. 105450144 吸尘器及其控制电路
CN
30.03.2016
H02P 29/00 Loading...
H02P 29/00
Loading...
201410416147.9
莱克电气股份有限公司
倪祖根
H02P 29/00
Loading...
本发明公开了一种吸尘器电机的控制电路，其包括电源、电压控制模块及电机，所述电机可为直流或交流电机，所述电压控制模块设置于电源与电机之间，所述电源输出电压为经过电压控制模块之后转化为电机输入电压，所述电压控制模块可调整电机输入电压，以保持电机的功率维持在一个恒定的值。吸尘器的控制电路中设置电压控制模块，当吸尘器进风口堵小时，负载减少，导致电流减小，此时，电压控制模块提升电机的输入电压，从而提高电机的转速，进而提升吸尘器的真空度，实现电机的功率补偿，使得吸尘器仍具有强劲的吸力。
127. 105442287 具有自动除垢功能的挂烫机及其除垢方法
CN
30.03.2016
D06F 73/00 Loading...
D06F 73/00
Loading...
201610076498.9
莱克电气绿能科技(苏州)有限公司
倪祖根
D06F 73/00
Loading...
本发明公开了一种具有自动除垢功能的挂烫机及其除垢方法，包括：机体，其内设置有容置空腔，所述容置空腔内设置有水箱；发热锅，其固定在所述容置空腔内；水泵，其连接在所述水箱与所述发热锅的进水口之间；熨烫头，其通过蒸汽软管与所述发热锅的蒸汽出汽口连通；以及控制器，设置在所述机体内，所述控制器与所述水泵和所述发热锅连接；其中，所述机体上设置有除垢键，其与所述控制器连接，所述挂烫机还配置有储水器。本发明解决了挂烫机除垢不便的技术问题。
128. 105406445 清洁机器人及其电池保护系统
CN
16.03.2016
H02H 7/18 Loading...
H02H 7/18
Loading...
201410465302.6
莱克电气股份有限公司
倪祖根
H02H 7/18
Loading...
本发明公开了一种清洁机器人，其包括：工作主体、控制线路板、安装于工作主体内的若干可充电的电池组件，所述电池组件是由至少两节的电池串联而成，所述电池组件与工作主体之间设有若干电池保护机构，所述每一电池保护机构用于侦测至少2节以上的电池之间的电压，所述电池保护机构可侦测所述电池组件在充电时及使用时的电压，并控制所述电池组件与工作主体之间的电流闭合及断开。避免由于电池充电过充及在使用过程中由于电池故障引起控制线路板及清洁机器人整体发生故障，同时相对于单节电池侦测，大大降低了成本。
129. 105395137 机器人吸尘器
CN
16.03.2016
A47L 9/28 Loading...
A47L 9/28
Loading...
201410416322.4
莱克电气股份有限公司
倪祖根
A47L 9/28
Loading...
本发明公开了一种机器人吸尘器，该机器人吸尘器对应设置有一远程遥控器，所述机器人吸尘器设有信号发射装置及信号接收装置，所述远程遥控器设有按键、信号发射器、信号接收器及显示屏，所述机器人吸尘器与远程遥控器之间可实现信号互通，且远程遥控器可将收到来自机器人吸尘器的信号处理后显示于显示屏上，如此设置，方便操作者通过显示屏观察机器人吸尘器的状态；同时，机器人吸尘器设有一发声器，机器人吸尘器会收到用户的信号而发出声音，方便用户快速的发现机器人吸尘器所在的位置。
130. 105380495 侧壁扫出式出渣方式的榨汁机
CN
09.03.2016
A47J 19/02 Loading...
A47J 19/02
Loading...
201510884463.3
莱克电气绿能科技(苏州)有限公司
倪祖根
A47J 19/02
Loading...
本发明公开了一种侧壁扫出式出渣方式的榨汁机，包括：机体，其内设置有驱动设备；杯体，其底部中心向下开设有环形凹腔，所述环形凹腔的侧壁开设有出渣口，所述杯体底部的侧壁上设置有出汁口，所述环形凹腔上端开口的外周设置有向上凸起的外圈；螺旋体，其与所述驱动设备传动连接，所述螺旋体的下端设置有若干个扫渣筋位，所述扫渣筋位转动设置在所述环形凹腔中；滤网组件，其包络设置在所述螺旋体的外周，所述滤网组件的下端安装在所述环形凹腔上端的开口上；以及杯盖。本发明的榨汁机果渣可以不断从出渣口扫出，不会在榨汁结构内产生堆积，减少果渣在榨汁机中的参与量，提高了出渣效率。
131. 205065674 一种蒸汽加热装置
CN
02.03.2016
F22B 1/28 Loading...
F22B 1/28
Loading...
201520468894.7
莱克电气股份有限公司
倪祖根
F22B 1/28
Loading...
本分案申请公开了一种蒸汽加热装置，包括壳体、加热体、进水口及出汽装置，所述加热体包括基座及自基座向下竖直延伸的加热本体，所述加热本体包括进水通道、出汽通道及加热管，所述出汽通道与设置在加热体另一端的出汽装置连通，所述基座盖设于所述壳体上，加热本体设置在壳体内，壳体设有供出汽装置延伸至外侧的壳体开孔，所述出汽装置包括延伸入所述出汽通道的上端部及自所述壳体开孔向外延伸的下端部，所述出汽装置的上端部设有若干蒸汽喷出孔。本实用新型出汽装置直接设置于加热体上，占用更小的体积，可以充分利用到加热体的热量，提高蒸汽转换效率，同时，出汽装置通过进气孔进汽，提高了蒸汽的压力，使得喷出气体压力更大。
132. 105326326 榨汁机
CN
17.02.2016
A47J 19/02 Loading...
A47J 19/02
Loading...
201410383646.2
莱克电气绿能科技（苏州）有限公司
倪祖根
A47J 19/02
Loading...
本发明公开了一种榨汁机，包括：底座、驱动单元、外壳及安装于外壳上并遮蔽所述外壳的盖部，所述盖部包括下盖，所述下盖内设有至少一对磁铁，所述底座内设有与所述下盖内的磁铁相对应的至少一对干簧管。当使用者将盖部盖于所述外壳上准备启动时，必须由该对磁铁同时对准并作用于所述干簧管，只要有该对磁铁中的一个没有对准相应的干簧管，所述榨汁机就无法启动，避免在盖部未盖好的情况下操作，从而保证使用者的安全。
133. 205031165 应用于吸尘器上的装饰结构
CN
17.02.2016
A47L 9/00 Loading...
A47L 9/00
Loading...
201320798875.1
莱克电气股份有限公司
倪祖根
A47L 9/00
Loading...
本实用新型公开了一种应用于吸尘器上的装饰结构，其上盖顶部设置有带装饰纹理或喷涂纹理或贴片纹理的装饰板。本实用新型让产品更富有视觉冲击力，提升产品的观赏效果和美感并提升产品附加价值。
134. 105284979 面条机
CN
03.02.2016
A21C 11/20 Loading...
A21C 11/20
Loading...
201410345924.5
莱克电气绿能科技（苏州）有限公司
倪祖根
A21C 11/20
Loading...
本发明公开了一种面条机，包括基座、固定于基座内的搅拌杯、设置于所述搅拌杯内的搅拌杆及挤面组件，所述挤面组件包括具有进面口的挤面筒、设置于所述挤面筒内的螺杆、封闭所述挤面筒并形成出面孔的出面模头，所述螺杆安装于所述搅拌杆上，所述搅拌杆带动所述螺杆旋转，所述面条机设有可将所述螺杆与所述搅拌杆分离的分离机构。当使用者将出面模头取下时，分离机构会将所述螺杆与搅拌杆分离，避免由于螺杆继续转动从而误伤使用者，如此设置，提高了面条机的使用安全性能。
135. 205006811 悬浮式降噪电机
CN
03.02.2016
A47L 9/28 Loading...
A47L 9/28
Loading...
201520631318.X
莱克电气股份有限公司
倪祖根
A47L 9/28
Loading...
一种悬浮式降噪电机，包括电机主体和至少部分包容电机主体的电机罩，所述电机主体进风口上套设有密封圈，所述电机主体与电机罩之间设有至少一个弹性机构，所述弹性机构对电机主体提供支撑力或拉力以抵消电机主体的重力，所述每一个弹性机构套设于一个限位机构上，所述限位机构对电机主体在弹性机构发生形变的方向上具有限位作用，弹性机构与限位机构使电机主体只能在一定范围内运动，对电机主体具有限位作用，起到减震降噪的作用，又由于电机周围布置的部件少，不会阻挡电机主体的出风口，保证吸尘器的性能。
136. 205006788 一种防喷水的手持式擦窗机
CN
03.02.2016
A47L 1/06 Loading...
A47L 1/06
Loading...
201520703853.1
莱克电气绿能科技(苏州)有限公司
倪祖根
A47L 1/06
Loading...
本实用新型公开了一种防喷水的手持式擦窗机，包括：具有一定内部空间的壳体组件；吸嘴组件，其可插拔地连接到所述壳体组件的前端；用于收集污水的水箱组件；以及用于将污水与空气分离的水气分离组件，其中，所述吸嘴组件包括从上到下依次铺设成三明治夹心结构的吸嘴上盖、吸嘴、以及吸嘴下盖，所述壳体组件的下部设有一个向内凹陷的凹槽，所述凹槽前部设有一个容纳室，所述水箱组件可插拔地嵌入到所述凹槽中，所述水气分离组件设于所述容纳室内。本实用新型具有在确保提升擦窗机的清洁效率的同时，能够提高擦窗机的污水箱的容纳空间，解决擦窗机的喷水问题，提高擦窗机的水气分离效率，改善用户体验的有益效果。
137. 205011486 多功能台面式净水机
CN
03.02.2016
C02F 9/02 Loading...
C02F 9/02
Loading...
201520583158.6
莱克电气绿能科技(苏州)有限公司
倪祖根
C02F 9/02
Loading...
本实用新型公开了一种多功能台面式净水机，包括：机壳，其内设置有容置空腔，所述机壳的前盖上设置有智能控制器和接水口；原水箱；废水箱，其放置在所述原水箱中，所述废水箱上端设置有溢流口；过滤器，其包括有若干级依次相连的滤芯，每一级滤芯上设置有寿命检测单元，其中一级为RO反渗透膜滤芯，所述过滤器进水口设置有原水TDS检测单元；净水箱；杀菌器；水温处理系统，其包括制冷与加热器，所述水温处理系统进水口与所述杀菌器出水口连接，所述水温处理系统出水口与所述接水口连接；其中，所述智能控制器与所述水温处理系统连接，通过调控所述智能控制器来调整取水温度。本实用新型的净水机功能齐全，且整机小巧便于安放，智能化程度高。
138. 205006785 一种防喷水的手持式擦窗机
CN
03.02.2016
A47L 1/02 Loading...
A47L 1/02
Loading...
201520704086.6
莱克电气绿能科技(苏州)有限公司
倪祖根
A47L 1/02
Loading...
本实用新型公开了一种防喷水的手持式擦窗机，包括：具有一定内部空间的壳体组件；吸嘴组件，其可插拔地连接到所述壳体组件的前端；用于收集污水的水箱组件；以及用于将污水与空气分离的水气分离组件，其中，所述壳体组件的下部设有一个向内凹陷的凹槽，所述凹槽前部设有一个容纳室，所述水箱组件可插拔地嵌入到所述凹槽中，所述水气分离组件设于所述容纳室内，所述水气分离组件包括水气分离主体、电机罩盖板、以及副水箱盖。本实用新型具有在确保提升擦窗机的清洁效率的同时，能够解决擦窗机的喷水问题，提高擦窗机的水气分离效率，改善用户体验的有益效果。
139. 105266719 一种多级龙卷风吸尘器尘杯结构
CN
27.01.2016
A47L 9/16 Loading...
A47L 9/16
Loading...
201510736616.X
莱克电气股份有限公司
倪祖根
A47L 9/16
Loading...
本发明公开了一种多级龙卷风吸尘器的尘杯结构，包括一级尘筒与储灰箱，储灰箱底部设有盖板，盖板设置在一个L型转臂的端部上，L型转臂的另一端固定在旋转轴上，整个L性转臂可绕所述旋转轴旋转，在一级尘筒内设有一个按压凸起，储灰箱伸入一级尘筒时，按压凸起抵扣住L型转臂，使盖板自动盖住储灰箱底部，当储灰箱被拔出时，作用在L型转臂上的按压力被释放，盖板被自动打开，使储灰箱中的灰尘自动掉落在一级尘筒的盛灰空间当中，从而方便用户进行一次性倒灰操作。同时该储灰箱结构体积较小，活动自由，可有效降低所占用的机身空间，提高集尘效率。
140. 105266717 一种吸尘器进风风道结构
CN
27.01.2016
A47L 9/16 Loading...
A47L 9/16
Loading...
201510736222.4
莱克电气股份有限公司
倪祖根
A47L 9/16
Loading...
本发明公开了吸尘器进风风道结构，该进风风道包括成型于尘杯一个侧壁上的凹槽，与覆盖于所述凹槽上的盖板，凹槽与盖板配合形成两端开口的所述进风风道；灰尘空气经尘杯底部的开口进入进风风道内，后通过该进风风道上方的开口进入尘杯内进行尘气分离。该进风风道设置于尘杯外部，本身并不占用尘杯的空间，简化了尘杯结构，增大储灰空间。而且凹槽在成型尘杯时可一体注塑成型，成型工艺简单，便于生产，提高生产效率。
141. 105266556 无刷电机驱动的慢速榨汁机
CN
27.01.2016
A47J 19/00 Loading...
A47J 19/00
Loading...
201510884548.1
莱克电气绿能科技(苏州)有限公司
倪祖根
A47J 19/00
Loading...
本发明公开了一种无刷电机驱动的慢速榨汁机，包括：机体，其具有底座和外壳，所述外壳和所述底座形成容置空腔，其内设置有驱动设备，所述驱动设备包括安装在底座上的无刷电机和与所述无刷电机转动连接的减速箱；杯体，其设置在所述机体上，所述杯体底部的侧壁开设有出渣口，与所述出渣口相邻的杯体底部设置有出汁口；螺旋体，其设置在所述杯体中；滤网组件；以及杯盖，其中，所述机体内还设置有控制板，其与所述无刷电机连接，所述机体的外部设置有档位调节器，其与所述控制板连接。本发明使用无刷电机实现了多档位多转速调节，不同档位下转度恒定，使用多种转速应对不同软硬度的食材，以达到最好的榨汁效果。
142. 105266718 一种多级龙卷风旋风机构及尘杯结构
CN
27.01.2016
A47L 9/16 Loading...
A47L 9/16
Loading...
201510736327.X
莱克电气股份有限公司
倪祖根
A47L 9/16
Loading...
本发明公开了一种多级龙卷风旋风机构，包括独立的一级旋风筒、设于一级旋风筒内部的一级旋风网罩、一级旋风网罩内部的二级旋风涡轮组件，一级旋风筒与一级旋风网罩间形成一级旋风空间，且一级旋风筒可拆卸安装于二级旋风涡轮组件的外部，在一级旋风筒侧壁靠近底部的一侧设有一级甩灰口，一级旋风筒侧壁的顶部设有一级旋风筒进风口。将一级旋风筒设计为独立的旋风筒结构，一级旋风筒的底部与一级旋风网罩之间形成简易的隔断，从一级甩灰口甩出的灰尘沿尘杯壁向一级甩灰口的对侧旋转，由于对侧的一级旋风空间与一级尘筒的隔离，使灰尘失去动力从而落在一级尘筒底部保持相对静止，有效阻止了一级尘筒的灰尘倒吸，提高了整个尘杯的过滤效率。
143. 105259918 机器人吸尘器自动充电回归的方法
CN
20.01.2016
G05D 1/12 Loading...
G05D 1/12
Loading...
201510599080.1
莱克电气股份有限公司
倪祖根
G05D 1/12
Loading...
本发明公开了一种机器人吸尘器自动充电回归的方法，包括：步骤一，在充电座上设置识别区；步骤二，在吸尘器上设置激光传感器；步骤三，吸尘器从任意位置开始清扫，构建房间地图，并确定吸尘器的位置；步骤四，在激光传感器的生成的数据图谱中识别并提取关于识别区的峰形，如果该峰形的特征参数与识别区特征形状结构的特征参数一致时，则成功识别充电座，进入步骤五，否则返回步骤三；步骤五，吸尘器返回到所述充电座上进行充电。本发明解决了机器人吸尘器充电回归过程繁琐不可靠、充电回归失败等技术问题。
144. 105249891 一种三级龙卷风尘杯过滤系统及包含该系统的吸尘器
CN
20.01.2016
A47L 9/10 Loading...
A47L 9/10
Loading...
201510736706.9
莱克电气股份有限公司
倪祖根
A47L 9/10
Loading...
本发明公开了一种三级龙卷风尘杯过滤系统及包含该系统的吸尘器，该过滤系统包括可拆卸设置的螺旋式二级尘气分离装置与一级过滤装置，该过滤系统包括大身尘杯与手持式吸尘器尘杯这两个尘杯，不仅加大了整机对灰尘的存储量，还提高了尘杯的分离效率，减少了风量的损耗，大身一级尘杯的分离效率就有95％以上，相比同类一级旋风系统有明显的提高。经过了三次旋风的尘气分离，海帕不容易被堵塞，减少了用户对海帕进行清理。同时将大小颗粒的灰尘分在了两个尘杯内，方便用户的清理，大身尘杯结构简单倒灰方便。
145. 105261858 一种带有导电针的充电座
CN
20.01.2016
H01R 13/08 Loading...
H01R 13/08
Loading...
201510736708.8
莱克电气股份有限公司
倪祖根
H01R 13/08
Loading...
本发明公开了一种带有导电针的充电座，包括本体，与通过弹性机构可伸缩地定位于本体上的导电针，该导电针形成充电电极，导电针伸出在本体外的部分至少高出主机进行充电时与本体之间的距离，按压后，导电针在弹性机构的支撑下，保持与主机上的充电电极的压力接触。本申请采用导电针作为充电电极与主机的充电电极接触充电，由于导电针通过弹性机构可伸缩地定位于本体上，充电时弹性机构受压收缩，保持导电针与主机上的充电电极的压力接触，保证充电时主机与充电座二者充电电极的有效接触，提高稳定性。
146. 105261884 一种充电吸尘器导电部位的对接结构
CN
20.01.2016
H01R 13/631 Loading...
H01R 13/631
Loading...
201510736886.0
莱克电气股份有限公司
倪祖根
H01R 13/631
Loading...
一种充电吸尘器导电部位的对接结构，包括第一对接部与第二对接部，第一对接部，包括导电弹针、弹性装置及弹性机构座，弹性装置套接在导电弹针的外部，导电弹针、弹性装置及弹性机构座三者形成固定。第二对接部包括导电触片、导电触片固定盖及导电触片固定架，导电触片、导电触片固定盖及导电触片固定架三者形成固定。在正常使用的情况下，导电弹针的端部与导电触片相对接，弹簧受力将导电弹针顶住，让其与导电弹片始终触碰在一起，由此实现整机电路完全连通，实现正常的通电使用以及充电功能。
147. 204992762 一种基于PLC的直流电源监控系统
CN
20.01.2016
H02J 13/00 Loading...
H02J 13/00
Loading...
201520226335.5
合肥亿莱克电气有限责任公司
于自成
H02J 13/00
Loading...
本实用新型公开了一种基于PLC的直流电源监控系统，包括PLC、电压量采样板、电流量采样板、高频整流模块和触摸屏。本实用新型通过使用西门子s7-200，充分利用了s7-200plc的各种智能功能，实现了智能化的管理、丰富的人机接口。可由监控器直接将控制量下发到整流模块，减少了中间调节转换环节，可更快速、精准、可靠地完成对整流模块的实时监控。该监控器功能强、可靠性高、维护量少、操作方便，同时可方便地通过通讯接入综合自动化系统，可为电力综合自动化系统提供安全、稳定、可靠的直流电源，有着显著的社会经济效益。
148. 204992936 高速无霍尔三相吸尘器电机
CN
20.01.2016
H02K 9/06 Loading...
H02K 9/06
Loading...
201520513883.6
莱克电气股份有限公司
倪祖根
H02K 9/06
Loading...
本实用新型公开了一种高速无霍尔三相吸尘器电机，其具有由电机出风冷却的无霍尔传感器电路，且无霍尔传感器电路控制的电机转速大于80000转/分钟。本实用新型采用无霍尔和电机出风冷却电路板结构，结构简单，外形美观，可靠性高，同时电子元器件的换相次数减小，减小了电子元器件的换相损耗，而且定子结构简单，方便绕线，生产效率提高，并具有转速高、体积小、性能高、携带方便、节能、寿命长等优点，应用于吸尘器上，可得到超高的吸尘性能。
149. 204961391 定叶轮及使用该定叶轮的电机
CN
13.01.2016
F04D 29/30 Loading...
F04D 29/30
Loading...
201520631553.7
莱克电气股份有限公司
倪祖根
F04D 29/30
Loading...
一种定叶轮，该定叶轮包括导风片和基板，所述导风片上设有齿形结构，本实用新型还公开了一种电机，包括前述的定叶轮，本实用新型不需要添加消音棉或其它消音措施的情况下，便具有良好的降噪效果，同时，在电机的空气性能方面也有提高。
150. 204963005 一种出风口外接导流口的空气净化器
CN
13.01.2016
F24F 1/02 Loading...
F24F 1/02
Loading...
201520593086.3
莱克电气绿能科技(苏州)有限公司
倪祖根
F24F 1/02
Loading...
本实用新型公开了一种出风口外接导流口的空气净化器，包括：壳体、双吸式离心风机、以及过滤组件，其中，所述双吸式离心风机包括具有一定内部空间的风道框及安装于所述风道框内的双吸式叶轮，所述过滤组件安装在所述双吸式离心风机与所述壳体之间，所述壳体上设置有用于吸入外部空气的吸风口及用于排出过滤后空气的出风口，所述壳体的出风口外接有上盖组件，所述上盖组件包括在上部敞开的盖框、用于覆盖所述盖框的出风栅、以及安装在所述盖框内的漏斗形的导流口，所述导流口与所述壳体的出风口的外侧相连通。本实用新型具有在提升空气净化器的进风量的同时能够提高其出风量，从而将空气净化器的净化效率发挥到极致的有益效果。
151. 204963006 一种智能双吸式空气净化器
CN
13.01.2016
F24F 1/02 Loading...
F24F 1/02
Loading...
201520593087.8
莱克电气绿能科技(苏州)有限公司
倪祖根
F24F 1/02
Loading...
本实用新型公开了一种智能双吸式空气净化器，包括：中央处理器；空气质量检测器；与用户的智能移动终端建立无线通讯连接并交换数据的云端服务器；与所述云端服务器建立通讯连接并交换数据的无线通信模块；具有用于吸入外部空气的吸风口和用于排出过滤空气的出风口的壳体；安装在所述壳体中的双吸式离心风机，其包括具有一定内部空间的风道框及安装于所述风道框内的双吸式叶轮；以及安装在所述双吸式离心风机与所述壳体的吸风口之间的过滤组件；其中，所述中央处理器与所述空气质量检测器、无线通信模块、以及双吸式离心风机建立电连接。本实用新型具有在提升空气净化器的空气净化效率同时，能够降低空气净化器的运行噪音的有益效果。
152. 204963004 一种具有圆锥形进风栅的空气净化器
CN
13.01.2016
F24F 1/02 Loading...
F24F 1/02
Loading...
201520592863.2
莱克电气绿能科技(苏州)有限公司
倪祖根
F24F 1/02
Loading...
本实用新型公开了一种具有圆锥形进风栅的空气净化器，包括：壳体、双吸式离心风机、以及过滤组件，其中，所述双吸式离心风机包括具有一定内部空间的风道框及安装于所述风道框内的双吸式叶轮，所述过滤组件安装在所述双吸式离心风机与所述壳体之间，所述风道框包括风道壁板及开有进风口的风道基板，所述风道基板的进风口上覆有向内凹陷的圆锥形进风栅，所述圆锥形进风栅的锥面上设有若干个沿径向等距环形阵列分布且随半径增大而逐渐增大的进风孔，所述圆锥形进风栅的锥面母线与所述风道基板的平面之间的成一定交角α。本实用新型具有在提升空气净化器的空气净化效率同时，能够降低空气净化器的运行噪音的有益效果。
153. 204958545 免安装的台面式带自加水的智能净水机
CN
13.01.2016
C02F 9/00 Loading...
C02F 9/00
Loading...
201520583247.0
莱克电气绿能科技(苏州)有限公司
倪祖根
C02F 9/00
Loading...
本实用新型公开了一种免安装的台面式带自加水的智能净水机，包括：机壳、滤芯框，所述滤芯框垂直设置在所述机壳内的一侧边并在内部安装有由若干级过滤芯组成的过滤器，所述机壳内设有用于装原水的原水箱，其中，所述过滤芯包括设有螺纹的上盖，其上端横向设置有转动轴，所述滤芯框上设有供过滤芯旋转安装的若干底座。本实用新型的净水机可以使得用户及时发现异常，并便于用户自行检修、更换滤芯。
154. 204958593 台面式智能净水机
CN
13.01.2016
C02F 9/04 Loading...
C02F 9/04
Loading...
201520583235.8
莱克电气绿能科技(苏州)有限公司
倪祖根
C02F 9/04
Loading...
本实用新型公开了一种台面式智能净水机，包括：机壳、滤芯框、TDS检测装置、杀菌器及水温处理系统，所述滤芯框垂直设置在所述机壳内的一侧边并在内部安装有由若干级过滤芯组成的过滤器，所述机壳内设有用于装原水的原水箱，所述过滤芯包括一RO反渗透过滤芯，所述水温处理系统可加热或制冷净水，所述过滤芯包括设有螺纹的上盖，其上端横向设置有转动轴，所述滤芯框设有供过滤芯旋转安装的若干底座，所述智能净水机内设有主控制板，所述主控制板通过所述无线发送/接收器与移动终端连接，移动终端通过所述无线发送/接收器实现对该智能净水的远程控制。本实用新型的净水机功能齐全，内部器件布置合理，整机小巧便于安放，降低了对安装地点的要求。
155. 204943700 一种具有导流板的空气净化器
CN
06.01.2016
F24F 1/02 Loading...
F24F 1/02
Loading...
201520592864.7
莱克电气绿能科技(苏州)有限公司
倪祖根
F24F 1/02
Loading...
本实用新型公开了一种具有导流板的空气净化器，包括：壳体、双吸式离心风机、以及过滤组件，其中，所述双吸式离心风机包括风道框及安装于所述风道框内的双吸式叶轮，所述过滤组件安装在所述双吸式离心风机与所述壳体之间，所述风道框包括左风道框与右风道框，所述左风道框与右风道框通过设置在两者之间的连接框进行匹配连接，所述壳体上设置有用于吸入外部空气的吸风口及用于排出过滤后空气的出风口，所述双吸式离心风机设置于所述壳体内，所述吸风口对称地设置在所述壳体的两侧，所述连接框上设有用于减少紊流的导流板。本实用新型具有在提升空气净化器的空气净化效率以及运行稳定性的同时，能够降低空气净化器的运行噪音，改善用户体验的有益效果。
156. 204939110 远程可控的台面式智能净水机
CN
06.01.2016
C02F 9/02 Loading...
C02F 9/02
Loading...
201520583327.6
莱克电气绿能科技(苏州)有限公司
倪祖根
C02F 9/02
Loading...
本实用新型公开了一种远程可控的台面式智能净水机，过滤器；用于装原水的原水箱、若干级过滤芯组成的过滤器及无线发送/接收器，所述智能净水机内设有主控制板，所述主控制板通过所述无线发送/接收器与移动终端连接，移动终端通过所述无线发送/接收器对该智能净水机进行远程控制。本实用新型的净水机可以进行远程监控，方便用户使用和对净水机进行监管，实现远程控制。
157. WO/2015/188748 IMPELLER
WO
17.12.2015
F04D 29/30 Loading...
F04D 29/30
Loading...
PCT/CN2015/081155
KINGCLEAN ELECTRIC CO., LTD.
NI, Zugen
F04D 29/30
Loading...
An impeller, applicable in a brushless vacuum cleaner motor. The impeller comprises a lower cover (1). A gradual protrusion (5) is upwardly formed at the center of the lower cover (1). Both the upper and lower surfaces of the lower cover (1) form arced surfaces (6). The impeller (2) is fixedly arranged on the upper surface of the lower cover (1). The impeller comprises only the lower cover (1) and multiple arced blades (2) thereon, thus forming a semi-opened impeller. The impeller is relatively small in size, convenient to carry, and inexpensive to manufacture. The lower cover (1) is protruded upwards at the center thereof to form the arced surfaces (6), thus allowing the impeller to be structurally compact, and effectively reducing the size of the impeller. The impeller (2), the lower cover (1), and a central shaft (7) are integrally processed and molded, thus allowing for high structural strength and improved use performance.
158. WO/2015/188667 IMPELLER STRUCTURE
WO
17.12.2015
F04D 29/30 Loading...
F04D 29/30
Loading...
PCT/CN2015/077775
KINGCLEAN ELECTRIC CO., LTD.
NI, Zugen
F04D 29/30
Loading...
An impeller structure comprising a lower cover (1) and multiple arced blades (2) designed on the lower cover (1). The blades (2) are connected to a shaft (8) and involutely distributed along the lower cover (1). The impeller structure is applicable in a high vacuum, high rotational speed brushless direct-current vacuum cleaner motor. The impeller structure is a semi-opened impeller structure and relatively small in size, reduces the amount of materials used, and is inexpensive to manufacture. An impeller cover (3) is arranged above the blades (2). The blades (2) and the impeller cover (3) are in an interference fit. The impeller cover (3) also serves as an upper cover in the structure and is assembled together with the lower cover (1) and the blades (2) into a closed impeller structure, thus not only reducing motor size but also ensuring work efficiency of the impeller.
159. 105123821 一种具有挤面筒定位结构的面条机
CN
09.12.2015
A21C 11/20 Loading...
A21C 11/20
Loading...
201510655290.8
莱克电气绿能科技(苏州)有限公司
倪祖根
A21C 11/20
Loading...
本发明公开了一种具有挤面筒定位结构的面条机，包括：机壳、搅拌杯、搅拌挤面机构、固定板、限位杆和顶板，所述搅拌杯的前端面上开设有筒孔和钩槽，所述搅拌挤面机构的挤面筒贯穿所述筒孔，所述挤面筒的中部设置有定位板，所述定位板上开设有卡口槽，所述固定板的顶部开设有通槽，所述限位杆上设置有与所述卡口槽相互匹配的凸块，所述顶板上设置有弹性板，所述弹性板的下部设置有卡钩。本发明提供的具有挤面筒定位结构的面条机，通过转动挤面筒以使其卡持块卡紧于搅拌杯上，以构成转动卡紧密封；通过下压顶板以使其卡钩卡扣于钩槽内，并由卡钩联动推动限位杆的凸块向下移动至挤面筒的卡口槽中，并对挤面筒进行转动定位。
160. WO/2015/180515 STATOR STRUCTURE OF BRUSHLESS DUST COLLECTOR MOTOR AND FORMING METHOD THEREFOR
WO
03.12.2015
H02K 1/12 Loading...
H02K 1/12
Loading...
PCT/CN2015/072750
KINGCLEAN ELECTRIC CO., LTD.
NI, Zugen
H02K 1/12
Loading...
A stator structure of a brushless dust collector motor. The stator structure is a separate-type structure, and comprises a left iron core and a right iron core that are detachably connected. The upper end of the left iron core and the upper end of the right iron core extend to form pole shoes, the front edges of the pole shoes are deviated leftwards with the centers of the inner circles of the pole shoes as the benchmarks, chamfers of 30 to 60 degrees are formed, and the rear edges of the pole shoes are provided with fillets. Pole shoe deflection angles need to be arranged according to the structure of the stator iron cores, and the use requirement for the rotating speed of a brushless motor is met. Because the stator iron cores are designed into the separate-type structure, winding processing can be respectively conducted on the left iron core and the right iron core, and afterwards the two iron cores are fixed, so the stator winding process is simplified, the production efficiency is improved, and a paint layer is prevented from being damaged. The left iron core and the right iron core can be connected and fixed by adopting an embedding mode, so the accuracy of the connecting position of the two iron cores is effectively ensured, and the operation stability and reliability of the motor are improved. The stator structure is applicable in high-speed brushless motors and is advantageous in having a high rotating speed, high performance and a small size, and being convenient to carry and energy-saving and the like.
161. WO/2015/180557 ROTOR AND PROCESSING AND ASSEMBLING METHOD THEREFOR
WO
03.12.2015
H02K 1/22 Loading...
H02K 1/22
Loading...
PCT/CN2015/078342
KINGCLEAN ELECTRIC CO.,LTD.
NI, Zugen
H02K 1/22
Loading...
A rotor applied in a dust collector motor comprises a rotary shaft (1), rotor magnetic steel (2), a load blade (3), two bearings (4, 5) between the rotor magnetic steel and the load blade, and a pre-tightening spring (6) used for providing precompression for the bearings on two sides. The bearings are arranged between the load blade and the rotor magnetic steel, so that the motor structure is simplified, the overall size of the motor is reduced, and the machining and manufacturing of the dust collector motor are facilitated. As the pre-tightening spring is arranged between the two bearings, the bearings are close to the load blade as much as possible under the effect of pre-tightening force, end swinging oscillation of the rotor is reduced, and noises are lowered. By means of cooperation of the two bearings and the pre-tightening spring, operating stability is ensured, and the use of materials is reduced effectively. Grooves (11) are formed in the outer side of the rotary shaft, and the rotary shaft and components on the rotary shaft can be fixed by filling the grooves with adhesives. Meanwhile, the grooves can also be arranged to avoid overflowing of the adhesives, and connection stability of the rotary shaft and the components on the rotary shaft is ensured.
162. 105115051 一种具有导流板的空气净化器
CN
02.12.2015
F24F 1/02 Loading...
F24F 1/02
Loading...
201510482272.4
莱克电气绿能科技(苏州)有限公司
倪祖根
F24F 1/02
Loading...
本发明公开了一种具有导流板的空气净化器，包括：壳体、双吸式离心风机、以及过滤组件，其中，所述双吸式离心风机包括风道框及安装于所述风道框内的双吸式叶轮，所述过滤组件安装在所述双吸式离心风机与所述壳体之间，所述风道框包括左风道框与右风道框，所述左风道框与右风道框通过设置在两者之间的连接框进行匹配连接，所述壳体上设置有用于吸入外部空气的吸风口及用于排出过滤后空气的出风口，所述双吸式离心风机设置于所述壳体内，所述吸风口对称地设置在所述壳体的两侧，所述连接框上设有用于减少紊流的导流板。本发明具有在提升空气净化器的空气净化效率以及运行稳定性的同时，能够降低空气净化器的运行噪音，改善用户体验的有益效果。
163. 105115050 一种具有圆锥形进风栅的空气净化器
CN
02.12.2015
F24F 1/02 Loading...
F24F 1/02
Loading...
201510482175.5
莱克电气绿能科技(苏州)有限公司
倪祖根
F24F 1/02
Loading...
本发明公开了一种具有圆锥形进风栅的空气净化器，包括：壳体、双吸式离心风机、以及过滤组件，其中，所述双吸式离心风机包括具有一定内部空间的风道框及安装于所述风道框内的双吸式叶轮，所述过滤组件安装在所述双吸式离心风机与所述壳体之间，所述风道框包括风道壁板及开有进风口的风道基板，所述风道基板的进风口上覆有向内凹陷的圆锥形进风栅，所述圆锥形进风栅的锥面上设有若干个沿径向等距环形阵列分布且随半径增大而逐渐增大的进风孔，所述圆锥形进风栅的锥面母线与所述风道基板的平面之间的成一定交角α。本发明具有在提升空气净化器的空气净化效率同时，能够降低空气净化器的运行噪音的有益效果。
164. 105105684 一种防喷水的手持式擦窗机
CN
02.12.2015
A47L 1/06 Loading...
A47L 1/06
Loading...
201510577716.2
莱克电气绿能科技(苏州)有限公司
倪祖根
A47L 1/06
Loading...
本发明公开了一种防喷水的手持式擦窗机，包括：具有一定内部空间的壳体组件；吸嘴组件，其可插拔地连接到所述壳体组件的前端；用于收集污水的水箱组件；以及用于将污水与空气分离的水气分离组件，其中，所述壳体组件的下部设有一个向内凹陷的凹槽，所述凹槽前部设有一个容纳室，所述水箱组件可插拔地嵌入到所述凹槽中，所述水气分离组件设于所述容纳室内，所述水气分离组件包括水气分离主体、电机罩盖板、以及副水箱盖。本发明具有在确保提升擦窗机的清洁效率的同时，能够解决擦窗机的喷水问题，提高擦窗机的水气分离效率，改善用户体验的有益效果。
165. 105078357 一种带有主水箱和备水箱的擦窗机
CN
25.11.2015
A47L 1/05 Loading...
A47L 1/05
Loading...
201410219452.9
莱克电气绿能科技（苏州）有限公司
倪祖根
A47L 1/05
Loading...
本发明公开了一种带有主水箱和备水箱的擦窗机，其中主水箱进行第一次气液分离，备水箱进行第二次气液分离。本发明通过主水箱进行第一次气液分离，再通过备水箱进行第二次气液分离，有效防止擦窗机在使用过程中喷水的问题，同时能容纳更多的污水且防止污水倒流回到硬表面上，减少用户使用不便。
166. 105078358 一种水箱内气液分离擦窗机
CN
25.11.2015
A47L 1/05 Loading...
A47L 1/05
Loading...
201410219820.X
莱克电气绿能科技（苏州）有限公司
倪祖根
A47L 1/05
Loading...
本发明公开了一种水箱内气液分离擦窗机，其包括：具有手柄的机体、与机体相连接的吸嘴组件、与吸嘴组件相连的进水管、与机体相固定且内部进行气液分离的水箱、设置在水箱上方且被机体包覆的电机、和连接水箱和电机之间的出气管，其中进水管或出气管至少部分插入水箱并在进水管或出气管周围在多角度使用时形成存储污水的临时区域。本发明利用水箱来实现气液分离，不仅有利于吸取硬表面的大量少，也可以防止污水从机体向外喷出，避免二次污染，且通过水箱和电机的装配关系，也便于用户的使用，且提高硬表面的清洁度。
167. 105091127 一种智能双吸式空气净化器
CN
25.11.2015
F24F 1/02 Loading...
F24F 1/02
Loading...
201510482173.6
莱克电气绿能科技(苏州)有限公司
倪祖根
F24F 1/02
Loading...
本发明公开了一种智能双吸式空气净化器，包括：中央处理器；空气质量检测器；与用户的智能移动终端建立无线通讯连接并交换数据的云端服务器；与所述云端服务器建立通讯连接并交换数据的无线通信模块；具有用于吸入外部空气的吸风口和用于排出过滤空气的出风口的壳体；安装在所述壳体中的双吸式离心风机，其包括具有一定内部空间的风道框及安装于所述风道框内的双吸式叶轮；以及安装在所述双吸式离心风机与所述壳体的吸风口之间的过滤组件；其中，所述中央处理器与所述空气质量检测器、无线通信模块、以及双吸式离心风机建立电连接。本发明具有在提升空气净化器的空气净化效率同时，能够降低空气净化器的运行噪音的有益效果。
168. 105078356 一种防喷水的手持式擦窗机
CN
25.11.2015
A47L 1/02 Loading...
A47L 1/02
Loading...
201510578274.3
莱克电气绿能科技(苏州)有限公司
倪祖根
A47L 1/02
Loading...
本发明公开了一种防喷水的手持式擦窗机，包括：具有一定内部空间的壳体组件；吸嘴组件，其可插拔地连接到所述壳体组件的前端；用于收集污水的水箱组件；以及用于将污水与空气分离的水气分离组件，其中，所述吸嘴组件包括从上到下依次铺设成三明治夹心结构的吸嘴上盖、吸嘴、以及吸嘴下盖，所述壳体组件的下部设有一个向内凹陷的凹槽，所述凹槽前部设有一个容纳室，所述水箱组件可插拔地嵌入到所述凹槽中，所述水气分离组件设于所述容纳室内。本发明具有在确保提升擦窗机的清洁效率的同时，能够提高擦窗机的污水箱的容纳空间，解决擦窗机的喷水问题，提高擦窗机的水气分离效率，改善用户体验的有益效果。
169. 105090920 加热体进水口改进结构的蒸汽加热装置
CN
25.11.2015
F22B 1/28 Loading...
F22B 1/28
Loading...
201510582155.5
莱克电气股份有限公司
倪祖根
F22B 1/28
Loading...
本发明公开了一种加热体进水口改进结构的蒸汽加热装置，包括：壳体；加热体；其包括基座及自基座一侧垂直延伸的加热本体，所述加热本体包括进水通道、出汽通道及设置在所述进水通道和出汽通道中央的加热管；进水口，其贯通所述基座，所述进水口一端突出设置在所述基座上，用于与水源连接，所述进水口另一端设置有喷头且延伸入所述进水通道内部，所述喷头底部侧壁上均匀开设有若干个细小的出水孔，水从进水口流入，通过喷头散射到进水通道的管壁上；以及出汽口。本发明的加热装置具有瞬时加热功能且加热效果好，水转换成蒸汽的效率高，蒸汽中含水率低，同时解决了加热管道易堵塞的技术问题。
170. 105088729 快速喷出高温蒸汽的挂烫机
CN
25.11.2015
D06F 73/00 Loading...
D06F 73/00
Loading...
201510581799.2
莱克电气绿能科技(苏州)有限公司
倪祖根
D06F 73/00
Loading...
本发明公开了一种快速喷出高温蒸汽的挂烫机，包括：机体；加热装置，所述加热装置由壳体、加热体、进水口及出汽口构成，所述加热本体包括进水通道、出汽通道及设置在所述进水通道和出汽通道中央的加热管，所述进水通道沿所述加热本体的长度方向竖直开设在所述加热本体的一端，所述出汽通道对应设置在所述加热本体的另一端，所述进水通道的一端与设置在基座上的进水口连通，所述进水口与所述储水箱连通，所述进水通道的另一端开口以供蒸汽流出，在与所述基座连接端的所述出汽通道上设有蒸汽进入孔；蒸汽喷头。本发明的挂烫机具有瞬时加热功能且加热效果好，水转换成蒸汽的效率高，蒸汽中含水率低，同时解决了挂烫机中加热管道易堵塞的技术问题。
171. 105078359 一种离心式水气分离的擦窗机
CN
25.11.2015
A47L 1/08 Loading...
A47L 1/08
Loading...
201510577884.1
莱克电气绿能科技(苏州)有限公司
倪祖根
A47L 1/08
Loading...
本发明公开了一种离心式水气分离的擦窗机，包括：具有一定内部空间的壳体组件；吸嘴组件，其可插拔地连接到所述壳体组件的前端；用于收集污水的水箱组件；以及用于将污水与空气分离的水气分离组件，其中，所述壳体组件的下部设有一个向内凹陷的凹槽，所述凹槽前部设有一个容纳室，所述水箱组件可插拔地嵌入到所述凹槽中，所述水气分离组件设于所述容纳室内，所述水气分离组件包括水气分离主体、电机罩盖板、以及副水箱盖。本发明具有在确保提升擦窗机的清洁效率的同时，能够解决擦窗机的喷水问题，提高擦窗机的水气分离效率，改善用户体验的有益效果。
172. 105054868 一种电机的全方位减震降噪装置
CN
18.11.2015
A47L 9/28 Loading...
A47L 9/28
Loading...
201510514311.4
莱克电气股份有限公司
倪祖根
A47L 9/28
Loading...
本发明提供了一种电机的全方位减震降噪装置，电机包括电机主体和电机罩，全方位减震降噪装置包括设置于电机主体进风口上的密封圈，密封圈的第一级减震结构和第二级减震结构分别使电机主体在电机转轴所在的方向和在电机转轴的法线方向的运动具有缓冲减震效果，第二级减震结构为位于所述上减震片上的S形折弯结构，S形折弯结构的其中一个凸起上设置压板，压板可以保护电机工作时不被吸入电机主体进风口内，在不影响电机风量的前提下，起到减震降噪的作用。
173. 105071601 一种电机温控器的固定结构
CN
18.11.2015
H02K 11/00 Loading...
H02K 11/00
Loading...
201510581994.5
莱克电气股份有限公司
倪祖根
H02K 11/00
Loading...
一种电机温控器固定结构，包括电机与温控器，电机包括刷架与机壳，刷架安装于机壳内，刷架外壁向内设有凹槽，温控器卡固于凹槽内并与机壳内壁相贴合。由此，无需增加零部件即可达到固定效果，成本降低，且温控器置于电机内部，减少了电机整体外形尺寸，同时温控器各个面包裹于无温差的环境中，温控器灵敏性高、安全性高。
174. 105054866 悬浮式降噪电机
CN
18.11.2015
A47L 9/28 Loading...
A47L 9/28
Loading...
201510514191.8
莱克电气股份有限公司
倪祖根
A47L 9/28
Loading...
一种悬浮式降噪电机，包括电机主体和至少部分包容电机主体的电机罩，所述电机主体进风口上套设有密封圈，所述电机主体与电机罩之间设有至少一个弹性机构，所述弹性机构对电机主体提供支撑力或拉力以抵消电机主体的重力，所述每一个弹性机构套设于一个限位机构上，所述限位机构对电机主体在弹性机构发生形变的方向上具有限位作用，弹性机构与限位机构使电机主体只能在一定范围内运动，对电机主体具有限位作用，起到减震降噪的作用，又由于电机周围布置的部件少，不会阻挡电机主体的出风口，保证吸尘器的性能。
175. 105054867 悬浮式降噪电机
CN
18.11.2015
A47L 9/28 Loading...
A47L 9/28
Loading...
201510514297.8
莱克电气股份有限公司
倪祖根
A47L 9/28
Loading...
一种悬浮式降噪电机，包括电机主体，还包括至少部分包容电机主体的电机罩、套设于电机主体进风口上的密封圈以及安装于电机主体与电机罩之间的缓冲部件，所述密封圈与若干缓冲部件使电机主体允许在三维空间运动，密封圈包括上、下两个减震片以及连接所述上、下减震片且卡在电机主体进风口上的连接侧壁，上减震臂上设置有S形折弯机构，S形折弯机构的凸起上方设有与凸起适配的压板，使密封圈不会被吸入电机主体进风口内，本发明通过密封圈与缓冲部件使得电机主体“悬浮”在电机罩内，弹性机构、密封圈以及减震垫使电机任意方向运动时，使电机塑件和电机罩实现软接触，从而达到降噪效果。
176. 105030150 一种手持式除螨吸尘器
CN
11.11.2015
A47L 7/00 Loading...
A47L 7/00
Loading...
201510391695.5
莱克电气绿能科技(苏州)有限公司
倪祖根
A47L 7/00
Loading...
本发明公开了一种手持式除螨吸尘器，包括：吸尘头部件，其下表面与待清洁平面相平行，所述吸尘头部件的下表面从前往后依次设有滚刷室、滚刷动力室与消毒杀菌室；尘杯室，其嵌入到所述吸尘头部件上方的中间位置；以及吸力生成室，其水平地延伸到所述吸尘头部件的后方；其中，所述滚刷室的后壁的中间位置设有吸尘风道管，所述吸尘风道管在所述吸尘头部件内倾斜向后地延伸到所述尘杯室的底部，所述尘杯室设有尘杯组件，所述尘杯组件的底部开有尘杯进风口，所述尘杯组件的后壁开有尘杯出风口，所述吸尘头部件与所述吸力生成室一体式地结合以构成前大后小的T型结构。本发明具有在提高过滤、除尘效率的同时又不影响操作便捷性的有益效果。
177. 105036442 台面式智能净水机
CN
11.11.2015
C02F 9/10 Loading...
C02F 9/10
Loading...
201510474941.3
莱克电气绿能科技(苏州)有限公司
倪祖根
C02F 9/10
Loading...
本发明公开了一种台面式智能净水机，包括：机壳、滤芯框、TDS检测装置、杀菌器及水温处理系统，所述滤芯框垂直设置在所述机壳内的一侧边并在内部安装有由若干级过滤芯组成的过滤器，所述机壳内设有用于装原水的原水箱，所述过滤芯包括一RO反渗透过滤芯，所述水温处理系统可加热或制冷净水，所述过滤芯包括设有螺纹的上盖，其上端横向设置有转动轴，所述滤芯框设有供过滤芯旋转安装的若干底座，所述智能净水机内设有主控制板，所述主控制板通过所述无线发送/接收器与移动终端连接，移动终端通过所述无线发送/接收器实现对该智能净水的远程控制。本发明的净水机功能齐全，内部器件布置合理，整机小巧便于安放，降低了对安装地点的要求。
178. 105036432 多功能台面式净水机
CN
11.11.2015
C02F 9/08 Loading...
C02F 9/08
Loading...
201510475066.0
莱克电气绿能科技(苏州)有限公司
倪祖根
C02F 9/08
Loading...
本发明公开了一种多功能台面式净水机，包括：机壳，其内设置有容置空腔，所述机壳的前盖上设置有智能控制器和接水口；原水箱；废水箱，其放置在所述原水箱中，所述废水箱上端设置有溢流口；过滤器，其包括有若干级依次相连的滤芯，每一级滤芯上设置有寿命检测单元，其中一级为RO反渗透膜滤芯，所述过滤器进水口设置有原水TDS检测单元；净水箱；杀菌器；水温处理系统，其包括制冷与加热器，所述水温处理系统进水口与所述杀菌器出水口连接，所述水温处理系统出水口与所述接水口连接；其中，所述智能控制器与所述水温处理系统连接，通过调控所述智能控制器来调整取水温度。本发明的净水机功能齐全，且整机小巧便于安放，智能化程度高。
179. 105042713 一种出风口外接导流口的空气净化器
CN
11.11.2015
F24F 1/02 Loading...
F24F 1/02
Loading...
201510481966.6
莱克电气绿能科技(苏州)有限公司
倪祖根
F24F 1/02
Loading...
本发明公开了一种出风口外接导流口的空气净化器，包括：壳体、双吸式离心风机、以及过滤组件，其中，所述双吸式离心风机包括具有一定内部空间的风道框及安装于所述风道框内的双吸式叶轮，所述过滤组件安装在所述双吸式离心风机与所述壳体之间，所述壳体上设置有用于吸入外部空气的吸风口及用于排出过滤后空气的出风口，所述壳体的出风口外接有上盖组件，所述上盖组件包括在上部敞开的盖框、用于覆盖所述盖框的出风栅、以及安装在所述盖框内的漏斗形的导流口，所述导流口与所述壳体的出风口的外侧相连通。本发明具有在提升空气净化器的进风量的同时能够提高其出风量，从而将空气净化器的净化效率发挥到极致的有益效果。
180. 105036377 免安装的台面式带自加水的智能净水机
CN
11.11.2015
C02F 9/00 Loading...
C02F 9/00
Loading...
201510474524.9
莱克电气绿能科技(苏州)有限公司
倪祖根
C02F 9/00
Loading...
本发明公开了一种免安装的台面式带自加水的智能净水机，包括：机壳、滤芯框，所述滤芯框垂直设置在所述机壳内的一侧边并在内部安装有由若干级过滤芯组成的过滤器，所述机壳内设有用于装原水的原水箱，其中，所述过滤芯包括设有螺纹的上盖，其上端横向设置有转动轴，所述滤芯框上设有供过滤芯旋转安装的若干底座。本发明的净水机可以使得用户及时发现异常，并便于用户自行检修、更换滤芯。
181. 105036396 远程可控的台面式智能净水机
CN
11.11.2015
C02F 9/02 Loading...
C02F 9/02
Loading...
201510474942.8
莱克电气绿能科技(苏州)有限公司
倪祖根
C02F 9/02
Loading...
本发明公开了一种远程可控的台面式智能净水机，过滤器；用于装原水的原水箱、若干级过滤芯组成的过滤器及无线发送/接收器，所述智能净水机内设有主控制板，所述主控制板通过所述无线发送/接收器与移动终端连接，移动终端通过所述无线发送/接收器对该智能净水机进行远程控制。本发明的净水机可以进行远程监控，方便用户使用和对净水机进行监管，实现远程控制。
182. 105020175 动叶轮及使用该动叶轮的电机
CN
04.11.2015
F04D 29/30 Loading...
F04D 29/30
Loading...
201510514193.7
莱克电气股份有限公司
倪祖根
F04D 29/30
Loading...
一种动叶轮，该动叶轮包括上片、中片和下片，在所述上片、中片和下片的至少一个设有齿形结构，本发明还公开了一种电机，包括前述的动叶轮，本发明不需要添加消音棉或其它消音措施的情况下，便具有良好的降噪效果，同时，在电机的空气性能方面也有提高。
183. 204722858 一种内置预热水箱的速热净水机
CN
28.10.2015
A47J 31/56 Loading...
A47J 31/56
Loading...
201520386118.2
莱克电气绿能科技(苏州)有限公司
倪祖根
A47J 31/56
Loading...
本实用新型公开了一种内置预热水箱的速热净水机，包括：预热水箱，其设置在所述净水机外壳的底部，所述预热水箱底部设置有加热丝；常温储水箱，其设置在所述净水机外壳的顶部，所述常温储水箱的底部通过管道与所述预热水箱的底部连通；水泵，其进水端与所述预热水箱的顶部连通；管道式速热体，其进水端与所述水泵的出水端连通，所述管道式速热体与电源连接；出水口，其与所述管道式速热体的出水端连通。本实用新型有效缩短了出水烧开的时间，同时不增加净水机的功耗，解决了开水出水速度过低的技术问题。
184. 104990055 一种蒸汽加热装置
CN
21.10.2015
F22B 1/28 Loading...
F22B 1/28
Loading...
201510381763.X
莱克电气股份有限公司
倪祖根
F22B 1/28
Loading...
本分案申请公开了一种蒸汽加热装置，包括壳体、加热体、进水口及出汽装置，所述加热体包括基座及自基座向下竖直延伸的加热本体，所述加热本体包括进水通道、出汽通道及加热管，所述出汽通道与设置在加热体另一端的出汽装置连通，所述基座盖设于所述壳体上，加热本体设置在壳体内，壳体设有供出汽装置延伸至外侧的壳体开孔，所述出汽装置包括延伸入所述出汽通道的上端部及自所述壳体开孔向外延伸的下端部，所述出汽装置的上端部设有若干蒸汽喷出孔。本发明出汽装置直接设置于加热体上，占用更小的体积，可以充分利用到加热体的热量，提高蒸汽转换效率，同时，出汽装置通过进气孔进汽，提高了蒸汽的压力，使得喷出气体压力更大。
185. 204708768 一种应用于吸尘器上的反喷装饰结构
CN
21.10.2015
A47L 9/00 Loading...
A47L 9/00
Loading...
201320672995.7
莱克电气股份有限公司
倪祖根
A47L 9/00
Loading...
本实用新型公开了一种应用于吸尘器上的反喷装饰结构，上盖顶部有一透明板，其中透明板的反面刻有透过喷涂处理的装饰图纹。本实用新型可解决因为长时间使用落灰导致难以清洗的问题，还可以保护装饰纹不被划伤。
186. 104976604 蒸汽发生器
CN
14.10.2015
F22B 1/28 Loading...
F22B 1/28
Loading...
201410141445.1
莱克电气绿能科技(苏州)有限公司
倪祖根
F22B 1/28
Loading...
本发明公开了一种蒸汽发生器，其包括加热部、与加热部浇铸成一体的加热管、和分别位于加热部两端的第一、二端部，其中加热部设置有被第一、二端部所限定的凹槽或凹陷，而第一或第二端部设置有与凹槽或凹陷相连通的至少一开孔。本发明通过在加热顶部与外壳留一定的间隙且局部开孔，来确保蒸汽及部分水垢以一定速度从开孔处通过，而不是从任意方向通向出气口处，易导致出气口堵塞；在加热部设置有凹槽或凹陷，使得内部有足够的空间收容水垢，而未粘附在加热器表面的水垢随蒸汽一起以一定的速度喷射到蒸汽发生器之外，提高蒸汽发生器的寿命及蒸汽效果。
187. 204698450 一种免碰撞结构及机器人吸尘器
CN
14.10.2015
A47L 9/00 Loading...
A47L 9/00
Loading...
201520323956.5
莱克电气股份有限公司
倪祖根
A47L 9/00
Loading...
本实用新型提供一种免碰撞结构及机器人吸尘器，所述免碰撞结构包括壳体、控制器和传感器，所述控制器和传感器设于壳体内，所述壳体上设有与所述传感器对应的透光孔，所述传感器至少包括一对信号发射器及信号接收器，该信号接收器只要收到所对应的信号发射器发射的信号，所述控制器就会做出前方具有障碍物的判断，其中所述信号发射器对应的透光孔为出光孔，所述信号接收器对应的透光孔为入光孔，所述出光孔和入光孔的大小和位置，使得所述信号发射器发射的信号能够以所需的障碍物距离反射回所述信号接收器，所述所需的障碍物距离，以所述免碰撞结构所在的装置在行进过程中，有足够的缓冲时间进行制动或转向，从而避免与该障碍物进行碰撞即可。
188. 204704151 一种离心风扇
CN
14.10.2015
F04D 29/28 Loading...
F04D 29/28
Loading...
201520277286.8
莱克电气股份有限公司
倪祖根
F04D 29/28
Loading...
本实用新型提供一种离心风扇，包括连接件、轮圈、扇叶及盖板，所述轮圈为空心圆形，所述连接件均匀分布于轮圈底侧，所述扇叶均匀分布于轮圈顶侧及外周，所述盖板覆盖于扇叶上方，且所述盖板与各扇叶间留有空隙形成风道。
189. 204698456 一种具有螺旋式二级龙卷风尘气分离结构的手持式吸尘器
CN
14.10.2015
A47L 9/16 Loading...
A47L 9/16
Loading...
201520394596.8
莱克电气股份有限公司
倪祖根
A47L 9/16
Loading...
本实用新型公开了一种手持式吸尘器，吸尘器机身内部设有一螺旋式二级龙卷风尘气分离结构及一级尘筒，螺旋式二级龙卷风尘气分离结构包括一级旋风筒、二级旋风筒、设置于二级旋风筒上端的螺旋式尘气分离装置，以及旋风罩。一级旋风筒与旋风罩对进入螺旋式二级龙卷风尘气分离结构的初级尘气实施一级尘气分离，分离之后的二级尘气进入二级旋风筒进行二级尘气分离。该吸尘器零部件数量少，组装工序简单，整机的综合性能高。同时螺旋式二级龙卷风尘气分离结构体积较小，可有效降低机身空间，实现最大的储灰容积。
190. 204698455 一种吸尘器地刷
CN
14.10.2015
A47L 9/04 Loading...
A47L 9/04
Loading...
201520276890.9
莱克电气股份有限公司
倪祖根
A47L 9/04
Loading...
本实用新型公开了一种吸尘器地刷，通过在原有的主进风口的基础上再增加一个辅助进风口，且辅助进风口与主进风口之间有一定的高度差，当地刷在地毯上除尘时，主进风口贴着地毯行走，辅助进风口与地毯间有一定的间隙，这样就能降低真空度，从而降低地刷的移动阻力，降低工作量，提高工作效率。同时，由于辅助风道与主风道相连通，由辅助进风口吸入的灰尘也能通过辅助风道与主风道进入尘杯中，这样就不会降低地刷的除尘能力。此外，由于辅助进风口与地毯间存在一定间隙，地刷在工作时，地毯很容易被吸起堵住辅助进风口，所以，通过在辅助进风口处设置支撑部件以保证辅助进风口的畅通，同时可保证底座的平稳性。
191. 204698448 一种基于杆体挂靠式手持吸尘器的三合一吸尘器
CN
14.10.2015
A47L 5/00 Loading...
A47L 5/00
Loading...
201520324187.0
莱克电气股份有限公司
倪祖根
A47L 5/00
Loading...
本实用新型提供一种基于杆体挂靠式手持吸尘器的三合一吸尘器，包括主机、地刷及把杆，所述主机为手持式吸尘器，所述把杆为中空式杆状物，所述主机和把杆、把杆和地刷以及主机和地刷可两两分离和组装，该杆式手持分体式吸尘器包括如下三种工作模式：第一模式、将主机、把杆、地刷三者组合，形成推杆式吸尘器进行工作，此时所述把杆对所述主机起限定作用；第二模式、将主机从把杆和地刷上拆离，形成单独的手持式吸尘器进行工作；第三模式、将主机和把杆进行组合，形成长接管手持式吸尘器进行工作，此时所述把杆构成了所述长接管手持式吸尘器的增长吸管。
192. 204698451 带独立尘气分离和储灰装置的杆式手持二合一分体吸尘器
CN
14.10.2015
A47L 9/00 Loading...
A47L 9/00
Loading...
201520372263.5
莱克电气股份有限公司
倪祖根
A47L 9/00
Loading...
一种带有独立尘气分离和储灰装置的杆式手持二合一分体式吸尘器，该吸尘器的主机为手持式吸尘器，推杆为中空式杆体，该杆式手持分体式两用吸尘器在地刷上方手持吸尘器下方的推杆上设置一个独立的尘气分离和储灰装置，该装置可以单独取下倒灰。吸尘器的主机、推杆以及地刷之间可以分离和组装成不同的使用方式，该吸尘器可作为拖地式吸尘器、手持式吸尘器、手持带长接管式吸尘器进行工作。
193. 104967253 高速无霍尔三相吸尘器电机
CN
07.10.2015
H02K 9/06 Loading...
H02K 9/06
Loading...
201510416438.2
莱克电气股份有限公司
倪祖根
H02K 9/06
Loading...
本发明公开了一种高速无霍尔三相吸尘器电机，其具有由电机出风冷却的无霍尔传感器电路，且无霍尔传感器电路控制的电机转速大于80000转/分钟。本发明采用无霍尔和电机出风冷却电路板结构，结构简单，外形美观，可靠性高，同时电子元器件的换相次数减小，减小了电子元器件的换相损耗，而且定子结构简单，方便绕线，生产效率提高，并具有转速高、体积小、性能高、携带方便、节能、寿命长等优点，应用于吸尘器上，可得到超高的吸尘性能。
194. 104958048 电机抽头输出低电压的结构及方法
CN
07.10.2015
A47L 9/28 Loading...
A47L 9/28
Loading...
201510381738.1
莱克电气股份有限公司
倪祖根
A47L 9/28
Loading...
本发明公开了一种电机抽头输出低电压的结构及方法，其吸尘器机体包括高压交流电机，而地刷组件包括低压直流电机，其中高压交流电机通过其定子绕组的抽头分压来与低压直流电机相并联。本发明可在较小的杆式吸尘器地刷组件中使用地刷电机或其他低压负载，提高杆式吸尘器的除尘能力或照明、清洗功能等，打破以往通过变压器获得低电压来带动滚刷电机的限制，节省了变压器并降低成本，有助于地刷组件的小型化。
195. 104856611 一种具有旋风结构的床用吸尘器
CN
26.08.2015
A47L 9/16 Loading...
A47L 9/16
Loading...
201510262270.4
莱克电气绿能科技(苏州)有限公司
倪祖根
A47L 9/16
Loading...
本发明公开了一种具有旋风结构的床用吸尘器，包括：壳体，其内部间隔地设有吸尘室及尘杯室；吸尘头部件，其安装于所述壳体的吸尘室内，所述吸尘头部件具有清洁用具并提供用于清除外界杂质的流动通道；以及旋风式尘杯组件，其安装于所述壳体的尘杯室内，所述旋风式尘杯组件包括具有一定内部结构且在上部敞开的杯体及用于封闭杯体上部的尘杯盖；其中，所述旋风式尘杯组件的杯体包括旋风室以及容纳着旋风室的集尘室。本发明具有在提高过滤、除尘效率的同时又不影响操作便捷性的有益效果。
196. 204578278 吸尘器的电机降噪结构及吸尘器
CN
19.08.2015
H02K 5/24 Loading...
H02K 5/24
Loading...
201520110953.3
莱克电气股份有限公司
倪祖根
H02K 5/24
Loading...
本申请公开一种吸尘器的电机降噪结构及吸尘器，所述降噪结构包括：安装部，其能将所述电机安装于所述吸尘器；向所述电机施加拉力的弹性元件，所述弹性元件的一端与所述安装部连接，另一端与所述电机连接；所述拉力能抵消所述电机的重力。所述弹性元件的数量至少为两个。所述弹性元件均匀分布于所述电机的周向。所述拉力的方向与水平面的夹角为10°～85°。所述安装部包括电机罩。所述电机罩包括电机内罩以及电机外罩，所述电机外罩与所述电机内罩组成收容所述电机的收容空间；所述弹性元件连接所述电机外罩或所述电机内罩。所述电机的下部悬空于所述电机罩内。所述弹性元件为拉簧。本申请的吸尘器的电机降噪结构及吸尘器，能够取得较好的电机降噪效果。
197. 204578295 一种应用于搅拌机的电机
CN
19.08.2015
H02K 9/06 Loading...
H02K 9/06
Loading...
201520276117.2
莱克电气股份有限公司
倪祖根
H02K 9/06
Loading...
本实用新型公开了一种应用于搅拌机的电机，电机的上支架上设置有封闭式集风罩，从而形成集风罩一体支架，上支架顶部设有定位转子的轴承室，轴承室上开设有通风孔。工作时，转子带动风扇运转，冷却风自顶部进入，依次穿过集风罩一体支架、轴承室、定子组件与转子间间隙、下支架后出风，对电机部件逐一进行冷却处理，实现对电机部件的有效降温，减小电机的温升，缩小电机的体积，减少电机部件的损坏，保证电机的使用寿命。同时采用均匀分布的四个定位点连接固定上支架与定子组件，提高电机结构的稳定性。
198. 204578327 一种内置式永磁同步电机
CN
19.08.2015
H02K 21/16 Loading...
H02K 21/16
Loading...
201520212092.X
莱克电气股份有限公司
倪祖根
H02K 21/16
Loading...
本实用新型公开了一种内置式永磁同步电机，包括定子与转子，定子内圈与所述转子外圈间留有气隙，定子包括定子铁芯与绕组，定子铁芯的齿部相对气隙的一侧为直线形或互不同心的弧形结构，转子的外圈为圆形结构，且该齿部与转子外圈间为非等距的气隙空间。该电机结构无需对转子的外圈进行多段设计，转子的外圈可为传统的圆形结构，即可使得电机定子内圈到转子外圈间为非等距，从而构成不均匀气隙，可有效优化电机性能，明显改善电机的反电势波形、有效削弱齿槽转矩，抑制电机的噪声、振动。设计简单，操作方便，容易实施。
199. 204520522 一种地刷弯管的连接结构
CN
05.08.2015
A47L 9/00 Loading...
A47L 9/00
Loading...
201520190726.6
莱克电气股份有限公司
倪祖根
A47L 9/00
Loading...
本实用新型公开了一种地刷弯管的连接结构，其地刷弯管和地刷连接头通过至少两级倒扣进行连接。本实用新型通过两级倒扣取消现有技术中的地刷弯管卡圈，既可以实现地刷弯管的180°自由转动，又可以保证连接的强度，结构优化，节省了原材料成本和生产成本，提高了生产效率。
200. 204520534 可拆分式的手柄连接结构
CN
05.08.2015
A47L 9/32 Loading...
A47L 9/32
Loading...
201520190596.6
莱克电气股份有限公司
倪祖根
A47L 9/32
Loading...
本实用新型公开了一种可拆分式的手柄连接结构，其手柄与立式机身相互分离，其中电源线从手柄到立式机身延伸，且该电源线在立式机身内有可伸缩的缠绕部。本实用新型节省包装空间，降低包装成本，内部零部件少，装配方便，便于用户使用，同时又能保证符合安规要求，确保电气可靠。

