1. 204257860 一种射频连接器
CN
08.04.2015
H01R 12/51 Loading...
H01R 12/51
Loading...
201420656604.7
西安富士达科技股份有限公司
武向文
H01R 12/51
Loading...
本实用新型提供一种大容差，大功率结构简单，性能可靠的射频连接器。其包括内部设置有转接器内导体的转接器；转接器内导体的固定端孔径为0.4-1.2mm，自由端向靠近轴线方向变形形成锥台插孔，锥台插孔的底面孔径比顶面孔径大0.10-1.00mm。其能对在板到板连接中的安装偏差进行补偿，利用在自由端设置的锥台插孔，使其具有较大的功率容量和较高的偏差兼容能力，在整机系统中能贡献优良机械可靠性和电气性能，并且能够实现快速拆装；由于锥台插孔的设置，使其在插接后杠杆式顶点无干涉，比普通结构的杠杆式接触疲劳应力极限要小很多；同时由于在杠杆式顶点和支点处不存在杠杆式不稳定接触，其动态交调性能应优于普通结构。
2. 204257981 一种射频连接器
CN
08.04.2015
H01R 24/40 Loading...
H01R 24/40
Loading...
201420674761.0
西安富士达科技股份有限公司
武向文
H01R 24/40
Loading...
本实用新型涉及面板、印刷电路板同轴连接器技术领域，具体涉及一种射频连接器。本实用新型提供一种具有更大的偏转角度α1，更大的安装偏差Δd1的射频连接器，更好的补偿板到板连接中产生的径向和轴向安装偏差，进而具有更高的偏差兼容能力；在插入转接器的过程中，受挤压的空间变大，缩短了最大受力的时间；同时，转接器的插入连接变的更为柔和；改进后的环状突起将偏转角度α1限制因素优化成最远的口部支点和端部支点，结构更为合理。本实用新型具有快速拆装的优点的同时，新改进的结构为连接状态下产生更好的机械可靠性提供了进一步的结构支持。本实用新型避免了空气腔的形成对连接性能所产生的影响，在电气性能方面具有更大的耐受功率容量。
3. 204011875 一种推入式、超小型射频同轴连接器
CN
10.12.2014
H01R 13/40 Loading...
H01R 13/40
Loading...
201420410014.6
西安富士达科技股份有限公司
武向文
H01R 13/40
Loading...
本实用新型涉及一种推入式、超小型射频同轴连接器，其结构简单，体积更小，长度更短，占用的空间更小，电性能更优。并且节省原材料，大大节约生产成本。本实用新型包括外壳，所述的外壳内设置有插针，所述的插针与外壳之间设置有绝缘子，外壳的上端扣设有工艺帽，工艺帽的材料为防静电材料，外壳的插合孔深度为1.7mm到2.0mm。
4. 104143719 推入式、超小型射频同轴连接器
CN
12.11.2014
H01R 13/40 Loading...
H01R 13/40
Loading...
201410355099.7
西安富士达科技股份有限公司
武向文
H01R 13/40
Loading...
本发明涉及一种推入式、超小型射频同轴连接器，其结构简单，体积更小，长度更短，占用的空间更小，电性能更优。并且节省原材料，大大节约生产成本。本发明包括外壳，所述的外壳内设置有插针，所述的插针与外壳之间设置有绝缘子，外壳的上端扣设有工艺帽，工艺帽的材料为防静电材料，外壳的插合孔深度为1.7mm到2.0mm。
5. 203871607 一种直角法兰式射频同轴转接器
CN
08.10.2014
H01R 24/54 Loading...
H01R 24/54
Loading...
201420152031.4
西安富士达科技股份有限公司
武向文
H01R 24/54
Loading...
本实用新型具体涉及一种直角法兰式射频同轴转接器。其具有法兰结构可实现密封且能满足一定轴向偏差能力，在射频识别系统中具有优良机械可靠性和电气性能，广泛用于器件腔体及面板要求室外安装环境中。为实现上述目的，本实用新型采用的技术方案包括N型K端和外壳，所述的N型K端的一端穿设于外壳的小径端孔内与外壳相垂直连接，所述的外壳上设置有密封槽，外壳的大径端上向内设置有凹槽，凹槽的底面向内设置有BMA型K端，所述的BMA型K端内套设有外弹性部件，外弹性部件内穿设有插孔，所述的插孔外套设有绝缘子。
6. 203760737 集束电缆组件低压注塑护套
CN
06.08.2014
H01R 13/502 Loading...
H01R 13/502
Loading...
201320875812.1
西安富士达科技股份有限公司
张杰
H01R 13/502
Loading...
本实用新型具体涉及一种集束电缆组件低压注塑护套，集束电缆组件专用于通讯基站相关领域。其注塑护套有较强的粘合力，工艺流程少，一位员工可操作一台设备，相比以前操作简便、快捷，连接可靠。本实用新型采用的技术方案包括电缆，还包括注塑大头和注塑小头，所述的注塑大头和注塑小头通过电缆连接，所述的注塑大头包括注塑护套一，所述的注塑护套一靠近注塑小头的一端依次设置有分线卡圈和支撑卡片，所述的分线卡圈和支撑卡片之间夹设有密封圈，所述的分线卡圈上设置有孔，所述的电缆穿设于分线卡圈的孔内、密封圈和支撑卡片之间，所述的注塑护套一内空间处填充有热熔胶；所述的注塑小头包括注塑护套二，所述的注塑护套二内填充有热熔胶。
7. 203631829 一种射频同轴连接器
CN
04.06.2014
H01R 13/502 Loading...
H01R 13/502
Loading...
201320711691.7
西安富士达科技股份有限公司
党作红
H01R 13/502
Loading...
本实用新型涉及一种射频同轴连接器。其电气性能、机械性能以及环境性能满足标准的要求，有极强的兼容性，连接简单、可靠。本实用新型采用的技术方案包括外壳，所述的外壳为“T”型结构，“T”型结构外壳的横向和纵向的两个轴均为空心轴，外壳的横向空心轴内垂直设置有外弹性接触件，所述的外弹性接触件内壁上设置有绝缘子，绝缘子内壁上设置有插针，所述的外壳的纵向轴外壁上设置有线夹，外壳的横向空心轴内所述的绝缘子的一侧依次设置有绝缘环和绝缘片，外壳的横向空心轴上设置有盖。
8. 203377031 一种多芯光电混合缆分配成两路或多路的装置
CN
01.01.2014
H01B 11/22 Loading...
H01B 11/22
Loading...
201320371193.2
西安富士达科技股份有限公司
武向文
H01B 11/22
Loading...
本实用新型涉及一种多芯光电混合缆分配成两路或多路的装置。其将含有多根光纤和多根电源线的光电混合缆按所支持的终端设备数目分为相应的多组，在分配装置内实现多芯光电混合缆与多根连接终端设备的跳线之间的连接，并对该部分连接提供防护，墙装或者抱杆的方式使得安装方便，快捷。本实用新型采用的技术方案为：包括外罩、光电混合缆，外罩的下端一侧设置有安装抱杆，外罩的正下方卡具上连接有底座，底座的斜孔下端面设置有光电混合插座，光电混合插座上连接有光电混合插头，光电混合缆包括DC电源线和LC光纤插头，LC光纤插头插设于光电混合插座的尾部，DC电源线固设于光电混合插座上，光电混合插头上连接有光电混合缆支线。
9. 103325488 多芯光电混合缆分配成两路或多路的装置
CN
25.09.2013
H01B 11/22 Loading...
H01B 11/22
Loading...
201310258977.9
西安富士达科技股份有限公司
武向文
H01B 11/22
Loading...
本发明涉及一种多芯光电混合缆分配成两路或多路的装置。其将含有多根光纤和多根电源线的光电混合缆按所支持的终端设备数目分为相应的多组，在分配装置内实现多芯光电混合缆与多根连接终端设备的跳线之间的连接，并对该部分连接提供防护，墙装或者抱杆的方式使得安装方便，快捷。本发明采用的技术方案为：包括外罩、光电混合缆，外罩的下端一侧设置有安装抱杆，外罩的正下方卡具上连接有底座，底座的斜孔下端面设置有光电混合插座，光电混合插座上连接有光电混合插头，光电混合缆包括DC电源线和LC光纤插头，LC光纤插头插设于光电混合插座的尾部，DC电源线固设于光电混合插座上，光电混合插头上连接有光电混合缆支线。
10. 203119140 一种大容差、大功率的射频连接机构
CN
07.08.2013
H01R 13/02 Loading...
H01R 13/02
Loading...
201220643646.8
西安富士达科技股份有限公司
武向文
H01R 13/02
Loading...
本实用新型涉及一种大容差、大功率的射频连接机构，其可以为整机系统提供更大的安装偏差，可实现快速拆装，具有较大的功率容量和较高的偏差兼容能力，结构可靠，对插柔和。本实用新型包括转接器，转接器内设置有转接器内导体，转接器内导体的端部设置有凸缘。
11. 203013989 在多板连接中能对安装偏差进行独立补偿的射频转接器
CN
19.06.2013
H01R 13/02 Loading...
H01R 13/02
Loading...
201220643545.0
西安富士达科技股份有限公司
武向文
H01R 13/02
Loading...
本实用新型涉及一种在多板连接中能对安装偏差进行独立补偿的射频转接器，其可实现快速拆装，具有较大的功率容量和偏差独立兼容能力，在整机系统中耐震动，耐冲击，并能贡献优良电气性能和布局自由性。本实用新型包括浮动接头左界面单元和浮动接头右界面单元，浮动接头左界面单元与浮动接头右界面单元之间设置有内导体和外导体，内导体为“哑铃”型内导体，外导体为“工”字型外导体。
12. 202772371 一种配接电缆的插针接触件射频同轴连接器
CN
06.03.2013
H01R 24/40 Loading...
H01R 24/40
Loading...
201120522867.5
西安富士达科技股份有限公司
武向文
H01R 24/40
Loading...
本实用新型涉及一种射频同轴连接器，尤其是涉及一种配接电缆的插针接触件射频同轴连接器。既能实现野外的快速安装，而且在基于配接波纹铝管1/2”超柔电缆的同时也可配接多种波纹铜管1/2”超柔电缆。本实用新型包括外导体一和外导体二，其特征在于：所述的外导体一的内壁上设置有内导体，所述的外导体一和外导体二之间设置有密封件一，所述的内导体的一侧设置有螺套，所述的外导体二的两端分别设置有紧固夹持件和密封件二，所述的外导体一上还设置有绝缘支撑件。
13. 202759060 连接器
CN
27.02.2013
H01R 13/24 Loading...
H01R 13/24
Loading...
201220413155.4
中兴通讯股份有限公司
孙玮
H01R 13/24
Loading...
本实用新型提供了一种连接器。其中，该连接器包括内导体和外导体，该内导体与该外导体之间为绝缘介质，该绝缘介质形成非封闭性腔体，该非封闭性腔体的开口处为端口选择区域，内导体包括：第一内导体、第二内导体和弹性内导体，其中：第一内导体和弹性内导体设置于上述非封闭性腔体中；第二内导体设置于上述端口选择区域；弹性内导体选择性的与第一内导体或第二内导体相接触。通过本实用新型，解决了相关技术中连接器的性能传输装置与弹性装置相分离，导致连接器结构繁琐的问题，上述连接器将性能传输装置与弹性装置相整合，零件加工及成品装配难度不大，使得结构非常简练、传输路线清晰明了，性能可靠，能有效避免逸出信号的干扰。
14. 202662830 一种配接1/2”超柔电缆的插孔接触件射频同轴连接器
CN
09.01.2013
H01R 9/05 Loading...
H01R 9/05
Loading...
201120522845.9
西安富士达科技股份有限公司
武向文
H01R 9/05
Loading...
本实用新型涉及一种射频同轴连接器，尤其是涉及一种配接1/2”超柔电缆的插孔接触件射频同轴连接器。既能实现野外的快速安装，而且在基于配接波纹铝管1/2”超柔电缆的同时也可配接多种波纹铜管1/2”超柔电缆。本实用新型包括外导体一和外导体二，所述的外导体一和外导体二之间设置有密封件一，所述的外导体二上设置有密封件二，外导体二的一侧设置有紧固夹持件，所述的外导体二的断面和紧固夹持件的尾部的形状为台阶型。
15. 202662831 一种配接电缆的插针接触件射频连接器
CN
09.01.2013
H01R 9/05 Loading...
H01R 9/05
Loading...
201120524530.8
西安富士达科技股份有限公司
武向文
H01R 9/05
Loading...
本实用新型涉及一种配接电缆的插针接触件射频连接器，其既能实现野外的快速安装，而且可以配接不同厂家的1/2”超柔同轴电缆，提高了产品的通用性。本实用新型包括外导体一、外导体二和外导体三，外导体三与连接螺套连接，外导体一的一端设置有线夹，外导体三与连接螺套之间设置有密封件一，外导体二与外导体三之间设置有密封件二，外导体一上配接有密封件三，外导体一与外导体二之间设置有密封件四。
16. 202550086 一种配接同轴电缆的L29型插孔接触件射频同轴连接器
CN
21.11.2012
H01R 9/05 Loading...
H01R 9/05
Loading...
201120522904.2
西安富士达科技股份有限公司
武向文
H01R 9/05
Loading...
本实用新型涉及一种配接同轴电缆的L29型插孔接触件射频同轴连接器，其电缆连接简单可靠，便于野外安装。本实用新型包括外导体一和外导体二，外导体二一侧设置有弹簧垫圈，弹簧垫圈紧贴在外导体二的圆弧面上，外导体一的尾部为斜面。外导体一的上方设置有内导体，内导体的一侧设置有TPX绝缘支撑件。
17. 202550104 一种快速连接分离射频桥连接器板到板180度连接机构
CN
21.11.2012
H01R 12/52 Loading...
H01R 12/52
Loading...
201120522879.8
西安富士达科技股份有限公司
武向文
H01R 12/52
Loading...
本实用新型涉及一种射频桥接器，尤其是涉及一种快速连接分离射频桥连接器板到板180度连接机构。其结构简单，性能可靠，具有广阔的市场前景，能产生良好的社会效益与经济效益。本实用新型包括安装基座，所述的安装基座上设置有桥接器，桥接器通过螺钉与左线路板和右线路板连接，所述的左线路板和右线路板上分别连接有固定座一和固定座二，所述的桥接器上设置有触点A和触点B，所述的固定座一和固定座二上分别连接有SMA接头一和SMA接头二。
18. 202550084 一种配接同轴电缆的L29型插针接触件射频同轴连接器
CN
21.11.2012
H01R 9/05 Loading...
H01R 9/05
Loading...
201120522883.4
西安富士达科技股份有限公司
武向文
H01R 9/05
Loading...
本实用新型涉及一种射频同轴连接器，尤其是涉及一种配接同轴电缆的L29型插针接触件射频同轴连接器。其零部件少，结构简单、装配容易并且可实现快速安装。本实用新型包括内导体，所述的内导体的一侧设置有卡圈，另一侧设置有绝缘支撑件，卡圈的外壁上设置有弹簧片，所述的弹簧片的形状为爪式。
19. 202550085 一种配接同轴电缆的L29型插孔接触件射频同轴连接器
CN
21.11.2012
H01R 9/05 Loading...
H01R 9/05
Loading...
201120522902.3
西安富士达科技股份有限公司
武向文
H01R 9/05
Loading...
本实用新型涉及一种射频同轴连接器，尤其是涉及一种配接同轴电缆的L29型插孔接触件射频同轴连接器。既能实现野外的快速安装，而且在基于配接普通环状1/2＂同轴铝管电缆的同时也可配接多种普通环状1/2＂同轴铜管电缆。本实用新型包括外导体一、外导体二和电缆外导体，其特征在于：外导体一和外导体二之间设置密封圈一，导体一上设置有弹簧垫圈，电缆外导体和外导体二之间设置有密封圈二，外导体一上设置有绝缘支撑件，绝缘支撑件的轴向两侧设置有内导体一和内导体二。
20. 202550239 一种配接环形电缆的L29型插孔接触件射频同轴连接器
CN
21.11.2012
H01R 24/40 Loading...
H01R 24/40
Loading...
201120524529.5
西安富士达科技股份有限公司
武向文
H01R 24/40
Loading...
本实用新型涉及一种射频同轴连接器，尤其是涉及一种配接环形电缆的L29型插孔接触件射频同轴连接器。其既能实现野外的快速安装，而且在基于配接铜管1-1/4“环形电缆的同时也可配接多种铝管1-1/4“环形电缆。一种配接环形电缆的L29型插孔接触件射频同轴连接器，包括外导体一和外导体二，其特征在于：外导体二的一端设置有卡圈，外导体一和外导体二之间设置有密封件一，外导体二上设置有密封件二，外导体一的尾部为斜面，上述卡圈上设有“V”型槽。
21. 202550189 一种L29型插针/插孔螺纹连接射频同轴转接器
CN
21.11.2012
H01R 13/622 Loading...
H01R 13/622
Loading...
201120524500.7
西安富士达科技股份有限公司
武向文
H01R 13/622
Loading...
本实用新型涉及一种L29型插针/插孔螺纹连接射频同轴转接器，其可快速连接、分离，也可实现传统的螺纹连接方式进行较为精密的测试，具有较高的机械可靠性和优良的电气性能。本实用新型包括公型插头和母型插头，其特征在于：母型插头具有中心内导体，中心内导体前端具有用于与公型插头中心内导体连接的凹孔，绝缘介质围绕于中心内导体，外导体环绕于绝缘介质，外导体外部具有用于与公型插头螺母连接的螺纹，并且前端凸出一段距离；相对应的公型插头具有中心内导体，中心内导体一端前端呈锥形结构，另一端具有凹孔，绝缘介质围绕于中心内导体，外导体环绕于绝缘介质，螺母突出外壳环绕于外导体的前端。
22. 202550087 一种配接1/2＂环状电缆的弯式插针接触件射频连接器
CN
21.11.2012
H01R 9/05 Loading...
H01R 9/05
Loading...
201120524521.9
西安富士达科技股份有限公司
武向文
H01R 9/05
Loading...
本实用新型涉及一种配接1/2＂环状电缆的弯式插针接触件射频连接器，其既能实现野外的快速安装，而且在基于配接环状铝管1/2＂同轴电缆的同时也可配接多种环状铜管1/2＂同轴电缆。本实用新型包括外导体一、外导体二和外导体三，外导体一与外导体二之间设置有密封圈一，外导体二与外导体三之间设置有密封圈二，外导体三上设置有密封圈三和弹簧垫圈。
23. 202434750 一种配接1/2＂环状同轴电缆的N型插针接触件射频连接器
CN
12.09.2012
H01R 13/24 Loading...
H01R 13/24
Loading...
201120524480.3
西安富士达科技股份有限公司
武向文
H01R 13/24
Loading...
本实用新型涉及一种配接1/2＂环状同轴电缆的N型插针接触件射频连接器，其既能实现野外的快速安装，而且在基于配接普通环状1/2＂同轴铝管电缆的同时也可配接多种普通环状1/2”同轴铜管电缆。本实用新型包括外导体一和外导体二，外导体一上设置有弹簧垫圈，外导体一与外导体二之间设置有密封圈一，外导体二上设置有密封圈二，外导体一上方设置有内导体，外导体一与内导体之间设置有PTFE绝缘支撑件，PTFE绝缘支撑件上设置有限位机构。
24. 202434711 一种配接1-5/8”同轴电缆的L29型插孔接触件射频同轴连接器
CN
12.09.2012
H01R 9/05 Loading...
H01R 9/05
Loading...
201120522884.9
西安富士达科技股份有限公司
武向文
H01R 9/05
Loading...
本实用新型涉及一种射频同轴连接器，尤其是涉及一种配接1-5/8”同轴电缆的L29型插孔接触件射频同轴连接器。既能实现野外的快速安装，而且在基于配接光滑管1-5/8”同轴电缆的同时也可配接多种波纹管1-5/8”同轴电缆。本实用新型包括外导体一和外导体二，外导体一和外导体二之间设置有卡圈，卡圈的一侧设置有弹簧片，所述的外导体一上设置有绝缘支撑件，所述的绝缘支撑件的一侧设置有内导体，所述的外导体一和外导体二之间还设置有密封件。
25. 202434724 一种射频桥连接器
CN
12.09.2012
H01R 12/52 Loading...
H01R 12/52
Loading...
201120524499.8
西安富士达科技股份有限公司
武向文
H01R 12/52
Loading...
本实用新型涉及一种射频桥连接器。其结构简单，性能可靠。本实用新型一种射频桥连接器，包括桥接器，所述的桥接器上设置有两个“L”型的弹臂一和弹臂二，所述的弹臂一和弹臂二相拼接成矩形，矩形内设置有连接片，所述的桥接下设置有绝缘介质，所述的连接片上设置有触点A和触点B。
26. 202434715 一种配接1/2＂环状同轴电缆的N型插孔接触件射频连接器
CN
12.09.2012
H01R 9/05 Loading...
H01R 9/05
Loading...
201120524485.6
西安富士达科技股份有限公司
武向文
H01R 9/05
Loading...
本实用新型涉及一种配接1/2＂环状同轴电缆的N型插孔接触件射频连接器，其既能实现野外的快速安装，而且在基于配接普通环状1/2＂同轴铝管电缆的同时也可配接多种普通环状1/2＂同轴铜管电缆。本实用新型包括外导体一和外导体二，外导体一与外导体二之间设置有密封圈一，外导体一上设置有弹簧垫圈，外导体二上设置有密封圈二，外导体一上方设置有内导体，外导体一与内导体之间设置有绝缘支撑件。
27. 202434761 一种快速连接分离射频桥连接器
CN
12.09.2012
H01R 13/46 Loading...
H01R 13/46
Loading...
201120524576.X
西安富士达科技股份有限公司
武向文
H01R 13/46
Loading...
本实用新型涉及一种射频桥接器，尤其是涉及一种快速连接分离射频桥连接器。其叠装简单、加工方便、拆卸简易，本实用新型包括安装基座，所述的安装基座上设置有桥接器，桥接器通过螺钉与左线路板和右线路板连接，所述的左线路板和右线路板上分别连接有固定座一和固定座二，所述的桥接器上设置有两个“L”型的弹臂一和弹臂二，所述的弹臂一和弹臂二相拼接成矩形，矩形内设置有连接片，所述的连接片上设置有触点A和触点B，所述的固定座一和固定座二上分别连接有SMA接头一和SMA接头二。
28. 202434710 一种配接7/8”同轴电缆的L29型插针接触件射频同轴连接器
CN
12.09.2012
H01R 9/05 Loading...
H01R 9/05
Loading...
201120522882.X
西安富士达科技股份有限公司
武向文
H01R 9/05
Loading...
本实用新型涉及一种射频同轴连接器，尤其是涉及一种配接7/8”同轴电缆的L29型插针接触件射频同轴连接器。既能实现野外的快速安装，而且在基于配接光滑管7/8”同轴电缆的同时也可配接多种波纹管7/8”同轴电缆。一种配接7/8”同轴电缆的L29型插针接触件射频同轴连接器，包括外导体一、外导体二和内导体，其特征在于：所述的内导体上设置有弹簧片，弹簧片的一侧设置有绝缘支撑件，所述的外导体一和外导体二之间设置有密封件。
29. 202434712 一种配接1/2＂同轴电缆的L29型插针接触件射频同轴连接器
CN
12.09.2012
H01R 9/05 Loading...
H01R 9/05
Loading...
201120522901.9
西安富士达科技股份有限公司
武向文
H01R 9/05
Loading...
本实用新型涉及一种射频同轴连接器，尤其是涉及一种配接1/2＂同轴电缆的L29型插针接触件射频同轴连接器。既能实现野外的快速安装，而且在基于配接普通环状1/2＂同轴铝管电缆的同时也可配接多种普通环状1/2＂同轴铜管电缆。本实用新型包括外导体一和外导体二，所述的外导体一和外导体二分别设置有弹簧垫圈和密封圈一，所述的外导体一上设置有绝缘支撑架，所述的绝缘支撑架的材料为聚四氟乙烯。
30. 202434796 一种带有插孔的快速连接分离的螺纹连接射频同轴连接器
CN
12.09.2012
H01R 13/622 Loading...
H01R 13/622
Loading...
201120524525.7
西安富士达科技股份有限公司
武向文
H01R 13/622
Loading...
本实用新型涉及一种射频同轴连接器，尤其是涉及一种带有插孔的快速连接分离的螺纹连接射频同轴连接器。其结构简单，性能可靠，能有效实现连接器的快速连接和分离。一种带有插孔的快速连接分离的螺纹连接射频同轴连接器，包括公型插头和母型插头，所述的公型插头具有中心内导体，中心内导体上设置有插孔，中心内导体上绕设有绝缘介质，绝缘介质上设置有外导体，外导体的外部设置有外螺纹，外导体与绝缘介质之间设置有外接触件；母型插头具有中心内导体，中心内导体的前端为锥形结构，中心内导体上绕设有绝缘介质，绝缘介质上设置有外导体，外导体上绕设有外接触件，外导体与绝缘介质之间设置有外接触件。
31. 202434760 一种快速连接分离射频桥连接器的连接机构
CN
12.09.2012
H01R 13/46 Loading...
H01R 13/46
Loading...
201120522866.0
西安富士达科技股份有限公司
武向文
H01R 13/46
Loading...
本实用新型涉及一种射频桥接器，尤其是涉及一种快速连接分离射频桥连接器的连接机构。可实现快速拆装，具有较高的机械可靠性和优良的电气性能。本实用新型一种快速连接分离射频桥连接器的连接机构，包括安装基座，所述的安装基座上设置有桥接器，桥接器通过螺钉与左线路板和右线路板连接，所述的左线路板和右线路板上分别连接有固定座一和固定座二，所述的桥接器上设置有触点A、触点B和连接片，所述的触点A和触点B平行设置于连接片上，所述的固定座一和固定座二上分别连接有SMA接头一和SMA接头二。
32. 202434834 一种快速连接分离的螺纹连接射频同轴连接器
CN
12.09.2012
H01R 24/40 Loading...
H01R 24/40
Loading...
201120524365.6
西安富士达科技股份有限公司
武向文
H01R 24/40
Loading...
本实用新型涉及一种快速连接分离的螺纹连接射频同轴连接器，其结构简单，性能可靠，能有效实现连接器的快速连接和分离。本实用新型包括公型插头和母型插头，公型插头具有中心内导体，中心内导体前端呈锥形结构，绝缘介质围绕于中心内导体，外导体环绕于绝缘介质，螺母环绕于外导体，密封圈环绕于外导体前端；母型插头具有中心内导体，中心内导体前端具有用于与公型插头中心内导体连接的凹孔，绝缘介质围绕于中心内导体，外导体环绕于绝缘介质，外导体外部具有用于与公型插头螺母连接的螺纹，并且前端凸出一段距离。
33. 202434713 一种配接1/2"超柔电缆的N型插针接触件射频连接器
CN
12.09.2012
H01R 9/05 Loading...
H01R 9/05
Loading...
201120524477.1
西安富士达科技股份有限公司
武向文
H01R 9/05
Loading...
本实用新型涉及一种配接1/2"超柔电缆的N型插针接触件射频连接器，其既能实现野外的快速安装，而且在基于配接波纹铝管1/2"超柔电缆的同时也可配接多种波纹铜管1/2"超柔电缆。本实用新型包括外导体一和外导体二，外导体的端部为连接螺套，外导体一与连接螺套之间设置有密封件一，外导体二的一端与外导体一之间设置有紧固夹持件，紧固夹持件的尾部为台阶面，外导体一与外导体二之间设置有密封件二，外导体二的另一端与连接螺套之间设置有密封件三。
34. 202434714 一种配接1/2"超柔电缆的N型插孔接触件射频连接器
CN
12.09.2012
H01R 9/05 Loading...
H01R 9/05
Loading...
201120524483.7
西安富士达科技股份有限公司
武向文
H01R 9/05
Loading...
本实用新型涉及一种配接1/2"超柔电缆的N型插孔接触件射频连接器，其既能实现野外的快速安装，而且在基于配接波纹铝管1/2”超柔电缆的同时也可配接多种波纹铜管1/2”超柔电缆。本实用新型包括外导体一和外导体二，其特征在于：外导体二一端与外导体一之间设置有紧固夹持件，紧固夹持件的尾部为圆弧面，圆弧面带有台阶面。外导体一与外导体二之间设置有密封件一，外导体二的端部设置有密封件二。
35. 202434716 一种配接7/8"同轴电缆的N型插孔接触件射频连接器
CN
12.09.2012
H01R 9/05 Loading...
H01R 9/05
Loading...
201120524496.4
西安富士达科技股份有限公司
武向文
H01R 9/05
Loading...
本实用新型涉及一种配接7/8"同轴电缆的N型插孔接触件射频连接器，其既能实现野外的快速安装，而且在基于配接光滑管7/8”同轴电缆的同时也可配接多种波纹管7/8”同轴电缆。本实用新型包括外导体一和外导体二，外导体二设置于外导体一一侧，外导体一上方设置有内导体，外导体一与内导体之间设置有弹簧垫圈，外导体一尾部为斜面。
36. 202434717 一种配接7/8"同轴电缆的N型插针接触件射频连接器
CN
12.09.2012
H01R 9/05 Loading...
H01R 9/05
Loading...
201120524497.9
西安富士达科技股份有限公司
武向文
H01R 9/05
Loading...
本实用新型涉及一种配接7/8"同轴电缆的N型插针接触件射频连接器，其既能实现野外的快速安装，而且在基于配接光滑管7/8”同轴电缆的同时也可配接多种波纹管7/8”同轴电缆。本实用新型包括外导体一和外导体二，外导体二设置于外导体一的一侧，外导体一上方设置有内导体，外导体一与内导体之间设置有弹簧垫圈，外导体一的尾部为斜面，外导体一的端部设置有绝缘支撑件。
37. 202434835 一种可连接分离的螺纹连接射频同轴连接器
CN
12.09.2012
H01R 24/40 Loading...
H01R 24/40
Loading...
201120524526.1
西安富士达科技股份有限公司
武向文
H01R 24/40
Loading...
本实用新型涉及一种可连接分离的螺纹连接射频同轴连接器，其组成简洁，快速且可靠性好，方便拆卸。本实用新型包括公型插头和母型插头，所述公型插头具有中心内导体，绝缘介质围绕于中心内导体，外导体环绕于绝缘介质，螺母环绕于外导体，密封圈环绕于外导体前端；母型插头具有中心内导体，中心内导体前端具有用于与公型插头中心内导体连接的凹孔，绝缘介质围绕于中心内导体，外导体环绕于绝缘介质，所述的中心内导体前端呈锥形结构。
38. 202434795 一种可连接分离的射频同轴连接器
CN
12.09.2012
H01R 13/622 Loading...
H01R 13/622
Loading...
201120524366.0
西安富士达科技股份有限公司
武向文
H01R 13/622
Loading...
本实用新型涉及一种射频同轴连接器，尤其是涉及一种可连接分离的射频同轴连接器。其可快速连接分离，也可实现传统的螺纹连接方式进行较为精密的测试，具有较高的机械可靠性和优良的电气性能。一种可连接分离的射频同轴连接器，包括公型插头和母型插头，所述的母型插头内设置有中心内导体，中心内导体的前端设置有凹孔，中心内导体上设置有绝缘介质，绝缘介质的外围环设有外导体，所述的外导体外部设置有与公型插头相配合的螺纹；所述的公型插头内设置有中心内导体，所述的中心内导体的前端为锥形结构，中心内导体上设置有绝缘介质，绝缘介质的外围环设有外导体，所述的外导体上环设有连接螺母。
39. 202434836 一种配接1-1/4"环形电缆的L29型插针接触件射频同轴连接器
CN
12.09.2012
H01R 24/40 Loading...
H01R 24/40
Loading...
201120524537.X
西安富士达科技股份有限公司
武向文
H01R 24/40
Loading...
本实用新型涉及一种射频同轴连接器，尤其是涉及一种配接1-1/4"环形电缆的L29型插针接触件射频同轴连接器。其便于野外安装、连接简单可靠、内部设计独特。本实用新型包括外导体一和外导体二，所述的外导体一和外导体二之间设置有密封件二，外导体一上设置有绝缘支撑，绝缘支撑上设置有内导体，所述的外导体一的一侧下端设置有连接螺套，所述的连接螺套内设置有密封件一，所述的外导体一上还设置有卡圈，所述的外导体二上设置有密封圈三，所述的外导体一的尾部为斜面，所述的卡圈上设有“V”型槽，所述的连接螺套和外导体一之间设置有卡环。
40. 202111231 一种阵列天线无源器件
CN
11.01.2012
H01Q 21/00 Loading...
H01Q 21/00
Loading...
201020642637.8
西安富士达科技股份有限公司
武向文
H01Q 21/00
Loading...
本实用新型涉及一种阵列天线无源器件，其容易实现，体积小、集成度高。可以根据阵子的不同排列方式，实现对信号的接收与发送。本实用新型包括天线单元振子，天线单元振子为多个互相分离的独立单元振子，天线单元振子设置在单元面阵上，天线单元振子包括外壳一,外壳二，外壳二一端与外壳一连接，外壳二内设置有绝缘子，绝缘子内设置有插针。
41. 201975529 配接7/8”泄漏电缆的L29型插针接触件射频连接器
CN
14.09.2011
H01R 9/05 Loading...
H01R 9/05
Loading...
201020643648.8
西安富士达科技股份有限公司
武向文
H01R 9/05
Loading...
本实用新型涉及一种配接7/8”泄漏电缆的L29型插针接触件射频连接器，其既能实现野外的快速安装，而且在基于配接7/8”同轴漏缆的同时也可配接多种7/8”同轴漏缆。本实用新型包括外导体一和外导体二，外导体一内部设置有弹簧圈接触件。
42. 201975528 配接1-5/8”电缆的L29型插孔接触件射频连接器
CN
14.09.2011
H01R 9/05 Loading...
H01R 9/05
Loading...
201020642650.3
西安富士达科技股份有限公司
武向文
H01R 9/05
Loading...
本实用新型涉及一种配接1-5/8”电缆的L29型插孔接触件射频连接器，其既能实现快速安装，而且可以同时配接多厂家1-5/8”泄漏电缆。本实用新型包括外导体一，外导体一内设置有内导体，内导体下方设置有绝缘支撑件，绝缘支撑件一侧设置有弹簧圈，弹簧圈的每两独立瓣组合成一个“垛口型”。
43. 201975530 配接7/8”泄漏电缆的N型插针接触件射频连接器
CN
14.09.2011
H01R 9/05 Loading...
H01R 9/05
Loading...
201020643652.4
西安富士达科技股份有限公司
武向文
H01R 9/05
Loading...
本实用新型涉及一种配接7/8”泄漏电缆的N型插针接触件射频连接器，其既能实现快速安装，而且可以同时配接多厂家7/8”泄漏电缆。本实用新型包括外导体和绝缘子，在外导体内绝缘子一侧设置有弹簧圈，弹簧圈的每两独立瓣组合成一个“垛口型”。
44. 201975549 插针、插孔组合转接负载
CN
14.09.2011
H01R 13/02 Loading...
H01R 13/02
Loading...
201020643644.X
西安富士达科技股份有限公司
武向文
H01R 13/02
Loading...
本实用新型涉及一种插针、插孔组合转接负载，其将插针类及插孔类负载集合成一体，方便用户使用，从根本上解决了普通负载的专一性。本实用新型包括内导体和外导体，内导体与外导体之间通过衬套连成一体，电阻一端焊接在内导体上，另一端焊接在衬套上，外导体一和外导体二压紧衬套,内导体采用网纹滚花与绝缘子压配在一起，外导体二与绝缘子采用四点点铆连接。
45. 201975578 射频多同轴高密度集束连接器
CN
14.09.2011
H01R 13/04 Loading...
H01R 13/04
Loading...
201020643650.5
西安富士达科技股份有限公司
武向文
H01R 13/04
Loading...
本实用新型涉及一种射频多同轴高密度集束连接器，其实现了射频同轴连接器的高密度集成，具有较高的机械可靠性和优良的电气性能。本实用新型包括公插头和母插头，其特征在于：公插头的外导体内壁前端设置有三个不对称的凸键，内壁中心均匀分布有在同一包络圆上的多个同轴传输通道，在均匀分布的多个同轴传输通道内均设置有对应的绝缘介质和公插头的内导体，母插头的外导体的接触外圆上设置有与凸键进行适配的三个不对称的凹槽，母插头的外导体的同轴通道内均设置有母插头的内导体、绝缘介质和小外壳，接触头环绕于小外壳口部外圆，母插头的连接螺套通过卡环与母插头的外导体连接，公插头与母插头之间设置有密封圈。
46. 201975527 配接1-5/8”泄漏电缆的N型插孔接触件射频连接器
CN
14.09.2011
H01R 9/05 Loading...
H01R 9/05
Loading...
201020642649.0
西安富士达科技股份有限公司
武向文
H01R 9/05
Loading...
本实用新型涉及一种配接1-5/8”泄漏电缆的N型插孔接触件射频连接器，其既能实现快速安装，而且可以同时配接多厂家1-5/8”泄漏电缆。本实用新型包括外导体一，外导体一内设置有内导体，内导体下方设置有绝缘支撑件，绝缘支撑件一侧设置有弹簧圈，弹簧圈的每两独立瓣组合成一个“垛口型”，绝缘支撑件采用TPX聚合体材料。
47. 201975531 配接7/8”泄漏电缆的N型插孔接触件射频连接器
CN
14.09.2011
H01R 9/05 Loading...
H01R 9/05
Loading...
201020643653.9
西安富士达科技股份有限公司
武向文
H01R 9/05
Loading...
本实用新型涉及一种配接7/8”泄漏电缆的N型插孔接触件射频连接器，其既能实现野外的快速安装，同时也可配接多种生产厂家的光滑管7/8”的同轴泄漏电缆，结构简洁，电缆连接简单可靠，并且具有良好的密封性，以及更加优越且稳定的电气性能。本实用新型包括外导体一和外导体二,外导体二内设置有弹簧圈接触件。
48. 201975532 配接1-1/4”同轴泄漏电缆的N型插孔接触件连接器
CN
14.09.2011
H01R 9/05 Loading...
H01R 9/05
Loading...
201020658388.1
西安富士达科技股份有限公司
武向文
H01R 9/05
Loading...
本实用新型涉及一种配接1-1/4”同轴泄漏电缆的N型插孔接触件连接器，其既能实现快速安装，而且可以同时配接多厂家1-1/4”泄漏电缆。本实用新型包括插接的外壳一和外壳二，外壳一内设置有绝缘子，在外壳一内设置有弹簧圈，弹簧圈设置在绝缘子一侧，弹簧圈的每两独立瓣组合成一个“垛口型”，弹簧圈与外壳一之间设置有密封件。
49. 201975612 一种用法兰面板安装的可旋转连接器
CN
14.09.2011
H01R 13/502 Loading...
H01R 13/502
Loading...
201020642647.1
西安富士达科技股份有限公司
武向文
H01R 13/502
Loading...
本实用新型涉及一种用法兰面板安装的可旋转连接器，其在不改变原有产品使用的前提下，产品使用空间精度要求降低，便于一些空间不易控制环境中产品能正常使用，并可以任意角度旋转。本实用新型包括外壳，外壳设置在法兰盘上，外壳一侧设置有接触头，外壳与接触头之间设置有弹簧，接触头一侧为插孔，绝缘子一与接触头固定连接，外壳内装有绝缘子二，外壳与绝缘子二之间设置有衬套，外壳面板对接处设置有导电密封圈。
50. 102148455 Rotatable connector mounted by means of flange panel
CN
10.08.2011
H01R 13/502 Loading...
H01R 13/502
Loading...
201010573859.3
Xi'an Forstar Technology Co., Ltd.
Wu Xiangwen
H01R 13/502
Loading...
The invention relates to a rotatable connector mounted by means of a flange panel. On the premise of not changing the use of an original product, the rotatable connector reduces requirements for the spatial use accuracy of the product, thus facilitating the normal use and any-angle rotation of the product in some environments which are not easy to control spatially. The rotatable connector comprises a shell, wherein the shell is arranged on a flange, one side of the shell is provided with a contact terminal, a spring is arranged between the shell and the contact terminal, one side of the contact terminal is a jack, an insulator I is fixedly connected with the contact terminal, the inside of the shell is provided with an insulator II, a bush is arranged between the shell and the insulator II, and a conductive seal ring is arranged at the joint of panels of the shell.
51. 102148443 Transfer load combining pins and jacks
CN
10.08.2011
H01R 13/02 Loading...
H01R 13/02
Loading...
201010574853.8
Xi'an Forstar Science & Technology Co., Ltd.
Wu Xiangwen
H01R 13/02
Loading...
The invention relates to a transfer load combining pins and jacks. The load integrates pin loads and jack loads, thereby facilitating the use of a user and fundamentally solving the specificity problem of a common load. The transfer load comprises an internal conductor and external conductors which are connected into a whole through a bush; one end of a resistor is welded on the internal conductor, and the other end of the resistor is welded on the bush; an external conductor I and an external conductor II tightly compress the bush; the internal conductor and an insulator are assembled together in a compressing mode by hatching knurling; and the external conductor II and the insulator are connected through four-point riveting.
52. 201904453 印制板焊接可靠连接器
CN
20.07.2011
H01R 12/58 Loading...
H01R 12/58
Loading...
201020643647.3
西安富士达科技股份有限公司
武向文
H01R 12/58
Loading...
本实用新型涉及一种印制板焊接可靠连接器。现有标准印制板焊接连接器只是要求用焊料将产品焊接在印制板上，对其是否可以承受住产品对接时产生的推力没有有意做预防或机械固定。如果焊接合格的话，一般使用时不会有问题的，但是如果焊接不合格、对插力又较大时，就会将产品插坏，导致产品指标下降或不可用。本实用新型可以实现印制板焊接产品承受较大外界施加力，增强产品使用寿命，稳定产品各项指标。
53. 201904504 大功率卡口连接器
CN
20.07.2011
H01R 13/625 Loading...
H01R 13/625
Loading...
201020643640.1
西安富士达科技股份有限公司
武向文
H01R 13/625
Loading...
本实用新型涉及一种大功率卡口连接器，其实现了快速连接和锁紧，既解决了螺纹式连接器安装时的费时费力且占用空间大的问题，同时提高了设备的空间利用率，并为设备的重量减轻、体积减小提供了可能。本实用新型包括插头和插座，插座内设置有连接套，连接套内设置有三个均匀分布的螺旋式卡槽，插头2中的外壳前端表面圆周上设置有三个卡钉。
54. 201904462 可浮动转接器
CN
20.07.2011
H01R 13/02 Loading...
H01R 13/02
Loading...
201020643641.6
西安富士达科技股份有限公司
武向文
H01R 13/02
Loading...
本实用新型涉及一种可浮动转接器，其长度可以调节，可实现同间距变化的两面板的安装。本实用新型包括转接器本体，转接器本体左端为SMA阴头，SMA阴头通过法兰与面板连接，转接器本体右端为BMA阳头，BMA阳头通过螺母和弹性垫圈与面板连接，外壳一与外壳二为过盈配合，外壳一设置有内导体一和内导体二,内导体一插入内导体二，外壳二一侧设置有外壳三，外壳三一侧设置有接触头，外壳一与外壳三之间设置有弹簧。
55. 201904986 外壳引线堵头
CN
20.07.2011
H05K 5/02 Loading...
H05K 5/02
Loading...
201020643642.0
西安富士达科技股份有限公司
武向文
H05K 5/02
Loading...
本实用新型涉及一种外壳引线堵头，其能够与外壳配套，密封性能好。本实用新型包括堵头本体，堵头本体中部为圆盘，圆盘上方为螺帽，圆盘下方为螺纹,圆盘与螺纹连接处设置有密封胶垫。
56. 201904464 可浮动射频同轴转接器
CN
20.07.2011
H01R 13/02 Loading...
H01R 13/02
Loading...
201020643649.2
西安富士达科技股份有限公司
武向文
H01R 13/02
Loading...
本实用新型涉及一种可浮动射频同轴转接器，其一端可以自由浮动，能实现同对插接头的完全啮合。本实用新型包括转接器本体，转接器本体包括外壳一，转接器本体左端为BMA阳头，BMA阳头通过法兰与面板一连接，转接器本体右端为SMP阴头，搁置在面板二的安装开孔中，外壳一一侧设置有内导体一和内导体二,内导体一插入内导体二，外壳一一侧设置有接触头和弹簧。
57. 201904448 配接1/2”同轴泄漏电缆的N型插孔接触件射频连接器
CN
20.07.2011
H01R 9/05 Loading...
H01R 9/05
Loading...
201020642640.X
西安富士达科技股份有限公司
武向文
H01R 9/05
Loading...
本实用新型涉及一种配接1/2”同轴泄漏电缆的N型插孔接触件射频连接器，其既能实现快速安装，而且可以同时配接多厂家1/2”泄漏电缆。本实用新型包括插接的外壳一和外壳二，外壳一内设置有弹簧圈，弹簧圈的每两独立瓣组合成一个“垛口型”，外壳二内设置有内导体。内导体下方设置有绝缘支撑件一和绝缘支撑件二，绝缘支撑件一上带有限位机构，绝缘支撑件一和绝缘支撑件二采用聚四氟乙烯材料制作。
58. 201904447 配接1/2”同轴泄漏电缆的N型插针接触件射频连接器
CN
20.07.2011
H01R 9/05 Loading...
H01R 9/05
Loading...
201020642639.7
西安富士达科技股份有限公司
武向文
H01R 9/05
Loading...
本实用新型涉及一种配接1/2”同轴泄漏电缆的N型插针接触件射频连接器，其既能实现快速安装，而且可以同时配接多厂家1/2”泄漏电缆。本实用新型包括插接的外导体一和外导体二,外导体一内设置有弹簧圈，弹簧圈的每两独立瓣组合成一个“垛口型”，外导体二内设置有内导体,内导体下方设置有绝缘支撑件一和绝缘支撑件二，绝缘支撑件一上带有限位机构，绝缘支撑件一和绝缘支撑件二采用聚四氟乙烯材料制作。
59. 201904463 集约浮动式射频同轴连接器
CN
20.07.2011
H01R 13/02 Loading...
H01R 13/02
Loading...
201020643646.9
西安富士达科技股份有限公司
武向文
H01R 13/02
Loading...
本实用新型涉及一种集约浮动式射频同轴连接器,其可实现接触头与外壳实现轴向浮动，结构简单，具有较高的机械可靠性和优良的电气性能。本实用新型包括外壳，外壳上设置有接触头，外壳前端带有环状凹槽，凹槽的一端为圆弧过渡，外壳端面外侧也采用圆弧过渡，接触头前端为带有弹性劈槽内凸台的弹性件，凸台的一端采用斜面过渡。
60. 102110911 Array antenna passive device
CN
29.06.2011
H01Q 21/28 Loading...
H01Q 21/28
Loading...
201010573852.1
Xi'an Forstar S&T Co., Ltd.
Wu Xiangwen
H01Q 21/28
Loading...
The invention relates to an array antenna passive device, which is easy to implement, and has a small volume and high integration level. A signal can be received and transmitted according to the different arrangement modes of an array. The array antenna passive device comprises an antenna unit vibrator, wherein the antenna unit vibrator is a plurality of independent unit vibrators separated from one another; the antenna unit vibrator is arranged on a unit area array; the antenna unit vibrator comprises a shell 1; and one end of a shell 2 is connected with the shell 1, an insulator is arranged in the shell 2, and a contact pin is arranged in the insulator.
61. 201868589 一种配接1-5/8”同轴泄漏电缆的L29型插孔接触件连接器
CN
15.06.2011
H01R 9/05 Loading...
H01R 9/05
Loading...
201020642646.7
西安富士达科技股份有限公司
武向文
H01R 9/05
Loading...
本实用新型涉及一种配接1-5/8”同轴泄漏电缆的L29型插孔接触件连接器，其既能实现快速安装，而且可以同时配接多厂家1-1/4”泄漏电缆。本实用新型包括套接的外壳一和外壳二,外壳二内设置有弹簧圈，弹簧圈的每两独立瓣组合成一个“垛口型”。
62. 201868590 配接7/8”同轴泄漏电缆的L29型插孔接触件射频同轴连接器
CN
15.06.2011
H01R 9/05 Loading...
H01R 9/05
Loading...
201020643645.4
西安富士达科技股份有限公司
武向文
H01R 9/05
Loading...
本实用新型涉及一种配接7/8”同轴泄漏电缆的L29型插孔接触件射频同轴连接器，其既能实现野外的快速安装，而且在基于配接7/8”同轴漏缆的同时也可配接多种7/8”同轴漏缆。本实用新型包括外导体一和外导体二，外导体二内部设置有弹簧圈接触件。
63. 201868660 真空排气电缆组件
CN
15.06.2011
H01R 13/46 Loading...
H01R 13/46
Loading...
201020643651.X
西安富士达科技股份有限公司
武向文
H01R 13/46
Loading...
本实用新型涉及一种真空排气电缆组件，其电气性能优越，可以使用在真空环境下进行大功率排气。本实用新型包括射频同轴连接器和射频同轴电缆，射频同轴连接器包括外壳，外壳内设置有带有两个对称排气孔的绝缘子,射频同轴连接器两端的插针焊接在剥好线的射频同轴电缆内导体上，射频同轴连接器的主体部分分别穿入两端焊接好插针的射频同轴线缆上，射频同轴连接器与射频同轴电缆的连接处设置有护套，射频同轴连接器两端设置有保护帽。
64. 201868628 高性能电缆组件
CN
15.06.2011
H01R 13/02 Loading...
H01R 13/02
Loading...
201020643643.5
西安富士达科技股份有限公司
武向文
H01R 13/02
Loading...
本实用新型涉及一种高性能电缆组件，其具有盲插浮动的特点，并实现了小空间、高密度安装。同时提高了工作频率，满足高性能的要求。本实用新型包括射频同轴连接器本体和电缆，射频同轴连接器本体包括外壳一和外壳二以及插针，其特征在于：带有法兰的外壳二与外壳一套接，外壳一内设置有接触头，插针焊接在电缆内导体上，焊有插孔的电缆穿进射频同轴连接器本体。
65. 102088154 Quick plug radio frequency coaxial connector
CN
08.06.2011
H01R 24/40 Loading...
H01R 24/40
Loading...
200910219324.3
Xi'an Forstar S&T Co., Ltd.
Wu Xiangwen
H01R 24/40
Loading...
The invention relates to a quick plug radio frequency coaxial connector. When the connector available on the market currently is plugged, a corresponding body clearance is generated between a convex front end face of an outer conductor of a female plug and the concave front end face of an outer conductor of a male plug, so electric performance of the connector declines; meanwhile, the contact is susceptible to causing connection failure, and disassembly and assembly are difficult. The invention discloses a quick plug connector, which comprises a male plug and a female plug which are in insertion connection, wherein the male plug comprises a first outer conductor, a first inner conductor, a contact and a front sleeve; a convex barb surrounds the front end of the contact; a spacer sleeve is arranged between the first outer conductor and the contact, and a spring plate is arranged at the inner front end of the first outer conductor; and a spring positioned at the rear end of the contact is arranged between the front sleeve and the first outer conductor. The connection structure provided by the invention guarantees effective separation, ensures that the connector has high electric performance and that the female plug can be inserted and connected with a threaded female plug, and therefore has two purposes.
66. 102044765 N-type jack contact element connector for matching and connecting 1-1/4 coaxial leakage cable
CN
04.05.2011
H01R 9/05 Loading...
H01R 9/05
Loading...
201010573857.4
Xi'an Forstar Technology Co., Ltd.
Wu Xiangwen
H01R 9/05
Loading...
The invention relates to an N-type jack contact element connector for matching and connecting a 1-1/4 coaxial leakage cable. The connector not only can realize fast installation, but also can be used for matching and connecting 1-1/4 leakage cables of a plurality of manufacturers. The N-type jack contact element connector comprises a shell I and a shell II which are inserted, wherein the shell I is internally provided with an insulator and a spring ring; the spring ring is arranged at one side of the insulator; every two independent flaps of the spring ring are combined into a crenel shape; and a sealing piece is arranged between the spring ring and the shell I.
67. 102044766 L29 jack contact element connector for matching and connecting 1-5/8 coaxial leakage cable
CN
04.05.2011
H01R 9/05 Loading...
H01R 9/05
Loading...
201010573861.0
Xi'an Forstar Technology Co., Ltd.
Wu Xiangwen
H01R 9/05
Loading...
The invention relates to an L29 jack contact element connector for matching and connecting a 1-5/8 coaxial leakage cable. The connector not only can realize fast installation, but also can be used for matching and connecting 1-1/4 leakage cables of a plurality of manufacturers. The L29 jack contact element connector comprises a shell I and a shell II which are sheathed, wherein the shell II is internally provided with a spring ring; and every two independent flaps of the spring ring are combined into a crenel shape.
68. 102025045 L29-type pin contact element radio-frequency coaxial connector matched with 7/8' coaxial leaky cable
CN
20.04.2011
H01R 9/05 Loading...
H01R 9/05
Loading...
201010574858.0
Xi'an Forstar S&T Co., Ltd.
Wu Xiangwen
H01R 9/05
Loading...
The invention relates to an L29-type pin contact element radio-frequency coaxial connector matched with a 7/8' coaxial leaky cable. The L29-type pin contact element radio-frequency coaxial connector can be quickly installed in the field, and can be matched with a 7/8' coaxial leaky cable and various other 7/8' coaxial leaky cables. The coaxial connector comprises an outer conductor I and an outer conductor II, wherein a spring ring contact element is arranged in the outer conductor.
69. 102006751 Package lead plug
CN
06.04.2011
H05K 5/02 Loading...
H05K 5/02
Loading...
201010574855.7
Xi'an Forstar S&T Co., Ltd.
Wu Xiangwen
H05K 5/02
Loading...
The invention relates to a package lead plug, which can be matched with a package and has high sealing performance. The package lead plug comprises a plug body; a disc is arranged in the middle part of the plug body; a nut is arranged above the disc; threaded are formed below the disc; and a sealing rubber pad is formed on the connection part between the disc and threads.
70. 101997209 Radio frequency coaxial high-density cluster connector
CN
30.03.2011
H01R 13/04 Loading...
H01R 13/04
Loading...
201010574861.2
Xi'an Forstar Technology Co., Ltd.
Wu Xiangwen
H01R 13/04
Loading...
The invention relates to a radio frequency coaxial high-density cluster connector, which realizes high-density integration of a radio frequency coaxial connector, and has higher mechanical reliability and good electrical properties. The connector comprises a male plug and a female plug, and is characterized in that: three asymmetrical convex keys are arranged at the front end of the inner wall of an outer conductor of the male plug, and a plurality of coaxial transmission channels on the same enveloping circle are distributed uniformly in the center of the inner wall; the uniformly distributed coaxial transmission channels are respectively provided with a corresponding insulating medium and an inner conductor of the male plug; three asymmetrical grooves matched with the convex keys are formed on a contact excircle of the outer conductor of the female plug; the inner conductor of the female plug, the insulating medium and a small shell are arranged in the coaxial channels of the outer conductor of the female plug; contacts are distributed on the excircle of the opening of the small shell; a connecting thread insert of the female plug is connected with the outer conductor of the male plug through a snap ring; and a seal ring is arranged between the male plug and the female plug.
71. 101997207 High-performance cable assembly
CN
30.03.2011
H01R 13/02 Loading...
H01R 13/02
Loading...
201010574862.7
Xi'an Forstar Technology Co., Ltd.
Wu Xiangwen
H01R 13/02
Loading...
The invention relates to a high-performance cable assembly which has the characteristic of blind-mating floating, realizes small space and high-density installation, improves the operating frequency and meets the high-performance requirement. The high-performance cable assembly comprises a radio frequency coaxial connector body and a cable, wherein, the radio frequency coaxial connector body comprises a shell 1, a shell 2 and a contact pin. The high-performance cable assembly is characterized in that the shell 2 with a flange is sheathed with the shell 1; the shell 1 is internally equipped with a contact; the contact pin is welded on a conductor in the cable; and the cable welded with a jack passes through the radio frequency coaxial connector body.
72. 101997233 High power bayonet connector
CN
30.03.2011
H01R 13/625 Loading...
H01R 13/625
Loading...
201010574857.6
Xi'an Forstar Technology Co., Ltd.
Wu Xiangwen
H01R 13/625
Loading...
The invention relates to a high power bayonet connector, which realizes quick connection and locking, solves the problems of time and power waste and large floor space when a screw-threaded coupling connector is arranged, improves the space utilization of the equipment, and provides possibility for weight reduction and volume reduction of the equipment. The connector comprises plugs and a socket, wherein a connecting sleeve is arranged in the socket; three uniformly distributed spiral notches are arranged in the connecting sleeve; and three staple bolts are arranged on the circumference of the front end surface of a shell in a plug 2.
73. 101997193 Reliable printed board welding connector
CN
30.03.2011
H01R 12/71 Loading...
H01R 12/71
Loading...
201010574851.9
Xi'an Forstar Technology Co., Ltd.
Wu Xiangwen
H01R 12/71
Loading...
The invention relates to a reliable printed board welding connector. In the traditional standard printed board welding connector, products are only required to be welded on the printed board by using welding flux, whether the connector can bear the thrust generating in the abutting process of products is not prevented or the connector is not fixed mechanically, therefore, no problem can be caused generally if the welding is qualified, and if the welding is not qualified and the insertion force is larger, the products can be damaged in the inserting process to cause the indexes of the products are reduced or the products are disabled. The invention can achieve that the printed board welding product can bear larger external application force, prolong the service life of the product and stabilize various indexes of the product.
74. 101997181 N-shaped pin contact member radio frequency coaxial connector for connecting 7/8'' coaxial leakage cable
CN
30.03.2011
H01R 9/05 Loading...
H01R 9/05
Loading...
201010574859.5
Xi'an Forstar Technology Co., Ltd.
Wu Xiangwen
H01R 9/05
Loading...
The invention relates to an N-shaped pin contact member radio frequency coaxial connector for connecting a 7/8'' coaxial leakage cable, which can realize quick installation and can connect 7/8'' coaxial leakage cables from different manufacturers. The connector comprises an external conductor and an insulator; and a spring ring is arranged on the side of the insulator in the external conductor, and each two independent petals of the spring ring are combined in a crenel shape.
75. 101997205 Intensive floating radio-frequency coaxial connector
CN
30.03.2011
H01R 13/02 Loading...
H01R 13/02
Loading...
201010574854.2
Xi'an Forstar Technology Co., Ltd.
Wu Xiangwen
H01R 13/02
Loading...
The invention relates to an intensive floating radio-frequency coaxial connector with a simple structure, which can realize axial float of a contact head and a housing, and has high mechanical reliability and excellent electrical performance. The connector comprises the housing. The housing is provided with the contact head. The front end of the housing is provided with a ring groove. One end of the groove adopts arc transition. The outside of the housing end face also adopts arc transition. The front end of the contact head is provided with an elastic element with an inner lug boss of an elastic split slot. One end of the lug boss adopts slope transition.
76. 101997180 L29 jack contact member radio frequency coaxial connector for connecting 7/8'' coaxial leakage cable
CN
30.03.2011
H01R 9/05 Loading...
H01R 9/05
Loading...
201010574850.4
Xi'an Forstar Technology Co., Ltd.
Wu Xiangwen
H01R 9/05
Loading...
The invention relates to an L29 jack contact member radio frequency coaxial connector for connecting a 7/8'' coaxial leakage cable, which can realize quick installation in field and can connect various 7/8'' coaxial leakage cables besides the 7/8'' coaxial leakage cable. The connector comprises an external conductor 1 and an external conductor 2; and a spring ring contact member is arranged in the external conductor 2.
77. 101997206 Floatable adaptor
CN
30.03.2011
H01R 13/02 Loading...
H01R 13/02
Loading...
201010574856.1
Xi'an Forstar Technology Co., Ltd.
Wu Xiangwen
H01R 13/02
Loading...
The invention relates to a floatable adaptor. The length of the floatable adaptor can be adjusted to realize the installation of two panels with equal distance change. The adaptor in the invention comprises an adaptor main body, wherein the left end of the adaptor is a shape memory alloy (SMA) female head which is connected with the panel through a flange, and the right end of the adaptor main body is a butyl methacrylate (BMA) male head which is connected with the panel through a nut and an elastic gasket; a shell I and a shell II are in interference fit; the shell I is provided with an inner conductor I and an inner conductor II, and the inner conductor I is inserted into the inner conductor II; and a shell III is arranged on one side of the shell II, a contact head is arranged on one side of the shell III, and a spring is arranged between the shell I and the shell III.
78. 101997208 Floatable radio frequency coaxial adapter
CN
30.03.2011
H01R 13/02 Loading...
H01R 13/02
Loading...
201010574863.1
Xi'an Forstar Technology Co., Ltd.
Wu Xiangwen
H01R 13/02
Loading...
The invention relates to a floatable radio frequency coaxial adapter one end of which can float freely so as to be completely engaged with a butt joint. The adapter of the invention comprises an adapter body, wherein the adapter body comprises an outer shell I; the left end of the adapter body is a BMA positive head which is connected to a panel I through a flange; the right end of the adapter main body is an SMP negative head which is placed in the mounting hole on a panel II; one side of the outer shell I is provided with an inner conductor I and an inner conductor II; the inner conductor I is inserted in the inner conductor II; and the other side of the outer shell I is provided with a contact head and a spring.
79. 101997223 Vacuum exhaust cable assembly
CN
30.03.2011
H01R 13/46 Loading...
H01R 13/46
Loading...
201010574852.3
Xi'an Forstar Technology Co., Ltd.
Wu Xiangwen
H01R 13/46
Loading...
The invention relates to a vacuum exhaust cable assembly which has excellent electrical property and can be used for high-power exhaust in vacuum environment. The assembly comprises a radio frequency coaxial connector and a radio frequency coaxial cable, wherein the radio frequency coaxial connector comprises a shell, and the shell is internally provided with an insulator with two symmetrical exhaust holes; pins at two ends of the radio frequency coaxial connector are welded on a conductor in the stripped radio frequency coaxial cable, and the main body part of the radio frequency coaxial connector respectively penetrates into the radio frequency coaxial cable of which two ends are welded with the pins; the connecting parts of radio frequency coaxial connector and the radio frequency coaxial cable are respectively provided with a jacket; and two ends of the radio frequency coaxial connector are respectively provided with a protection cap.
80. 101997182 N-shaped pin contact member radio frequency coaxial connector for connecting 7/8'' coaxial leakage cable
CN
30.03.2011
H01R 9/05 Loading...
H01R 9/05
Loading...
201010574860.8
Xi'an Forstar Technology Co., Ltd.
Wu Xiangwen
H01R 9/05
Loading...
The invention relates to an N-shaped pin contact member radio frequency coaxial connector for connecting a 7/8'' coaxial leakage cable, which can realize quick installation and can connect smooth tube 7/8'' coaxial leakage cables from different manufacturers. The structure of the connector is simple; the cable connection is simple and reliable; and the connector has high sealing performance. The connector comprises an external conductor 1 and an external conductor 2; and a spring ring contact piece is arranged in the external conductor 2.
81. 101989691 N-type jack contact element radio-frequency coaxial connector for connecting 1-5/8'' coaxial leakage cables
CN
23.03.2011
H01R 9/05 Loading...
H01R 9/05
Loading...
201010573860.6
Xi'an Forstar S & T Co., Ltd.
Wu Xiangwen
H01R 9/05
Loading...
The invention discloses an N-type jack contact element radio-frequency coaxial connector for connecting 1-5/8'' coaxial leakage cables, which can not only realize quick installation, but also connect the 1-5/8'' coaxial leakage cables of various manufacturers. The N-type jack contact element radio-frequency coaxial connector comprises a first outer conductor, wherein an inner conductor is arranged in the first outer conductor; an insulation supporting piece is arranged below the inner conductor; one side of the insulation supporting piece is provided with a spring ring; every two independent discs of the spring ring are combined to form a crenel shape; and the insulation supporting piece is made of a TPX polymer material.
82. 101989690 N type jack contact element radio frequency coaxial connector capable of adapting to 1/2 leaky coaxial cable
CN
23.03.2011
H01R 9/05 Loading...
H01R 9/05
Loading...
201010573855.5
Xi'an Forstar S & T Co., Ltd.
Wu Xiangwen
H01R 9/05
Loading...
The invention relates to an N type jack contact element radio frequency coaxial connector capable of adapting to 1/2 leaky coaxial cables, which can be installed rapidly and is capable of adapting to 1/2 leaky coaxial cables of various factories. The connector comprises splicing shells 1 and 2; the shell 1 is internally provided with a spring ring; every two independent petals of the spring ring form a crenel shape; the shell 2 is internally provided with an inner conductor; insulation strut members 1 and 2 are arranged below the inner conductor; the insulation strut member 1 is provided with a limiting mechanism; and the insulation strut members 1 and 2 are made of polytetrafluoroethylene.
83. 101989692 L29 type jack contact radio-frequency coaxial connector capable of adapting to 1-5/8 coaxial leakage cable
CN
23.03.2011
H01R 9/05 Loading...
H01R 9/05
Loading...
201010573863.X
Xi'an Forstar S & T Co., Ltd.
Wu Xiangwen
H01R 9/05
Loading...
The invention relates to an L29 type jack contact radio-frequency coaxial connector capable of adapting to a 1-5/8 coaxial leakage cable, which can be installed quickly and adopted to the 1-5/8 leakage cables from multiple factories at the same time. The invention comprises an outer conductor 1; an inner conductor is arranged in the outer conductor 1; an insulating support member is arranged below the inner conductor; a spring ring is arranged on one side of the insulating support member; every two independent valves of the spring ring form a crenel; and the insulating support member is made from TPX polymer material.
84. 101989689 N-type pin contact radio-frequency coaxial connector connected with 1/2 coaxial leakage cables
CN
23.03.2011
H01R 9/05 Loading...
H01R 9/05
Loading...
201010573854.0
Xi'an Forstar S & T Co., Ltd.
Wu Xiangwen
H01R 9/05
Loading...
The invention relates to an N-type pin contact radio-frequency coaxial connector connected with 1/2 coaxial leakage cables. The connector can be quickly installed, and can be connected with 1/2 leakage cables of multiple manufacturers at the same time. The connector comprises an outer conductor I and an outer conductor II which are spliced, a spring ring is arranged in the outer conductor I, every two independent petals of the spring ring are combined into a 'crenel shape', an inner conductor is arranged in the outer conductor II, an insulating supporting piece I and an insulating supporting piece II are arranged below the inner conductor, the insulating supporting piece I is provided with a limit mechanism, and the insulating support I and the insulating supporting piece II are made of polytetrafluoroethylene materials.
85. 101986472 Plug connector and plug
CN
16.03.2011
H01R 13/62 Loading...
H01R 13/62
Loading...
200910090122.3
China Mobile Communications Corporation
Ma Xin
H01R 13/62
Loading...
The invention discloses a plug connector and a plug. The plug connector comprises a socket and a plug, wherein the socket comprises a conductive socket shell and N-numbered pins; the plug comprises N-numbered jacks and corresponding N-numbered conductive jack shells; N is not less than 2; the plug also comprises N-numbered conductive elastomers; each conductive elastomer can move along the axial direction of the plug and is contacted with the outer surface of the jack shell of one jack; and one end of the elastomers extends out of the end face of the plug. The technical scheme of the invention solves the following problem in the prior art: the interface tolerance is greater when the existing coaxial connectors are adopted for multi-port connection, so that the signal can not be normally transmitted.
86. 201717470 连接器
CN
19.01.2011
H01R 24/00 Loading...
H01R 24/00
Loading...
201020192661.6
中国移动通信集团公司
马欣
H01R 24/00
Loading...
本实用新型公开了一种插拔连接器，其包括具有多个插针的插座，和具有与所述多个插针一一对应的多个插孔的插头。所述插头还设置有第一防误插机构，以及所述插座设置有与所述第一防误插机构匹配的第二防误插机构；其中，所述第一防误插机构为内凹的孔或槽，所述第二防误插机构为当所述多个插针插入到对应的插孔时插入到所述孔或槽中的突出部件。根据上述的插拔连接器，可以防止例如4针的插头误插入例如5针的插座的插孔中，从而能够保证不损坏对接端的连接器。
87. 201639112 一种快速插拔射频同轴连接器
CN
17.11.2010
H01R 24/02 Loading...
H01R 24/02
Loading...
200920245616.X
西安富士达科技股份有限公司
武向文
H01R 24/02
Loading...
本实用新型涉及一种快速插拔射频同轴连接器。目前市场上现有的连接器插合完毕后，在母插头外导体的凸出前端面与公插头外导体前端凹入面之间产生相应的体间隙，造成连接器电性能下降，同时接触头容易造成连接失效，并且不易拆装。本实用新型的一种快速插拔连接器，包括插合连接的公插头和母插头，公插头包括第一外导体、第一内导体、接触头和前套，接触头的前端环绕有凸起倒钩，它的第一外导体与接触头之间套设有挡套，第一外导体内部前端设置有簧片；前套与第一外导体之间设置有位于接触头后端的弹簧。本实用新型的此种连接结构，不仅保证有效分离，并且使得连接器具有较高的电性能，同时母插头还能够与螺纹式公插头插合连接，一举两用。
88. 201556690 一种低损耗半硬毫米波射频同轴电缆
CN
18.08.2010
H01P 3/06 Loading...
H01P 3/06
Loading...
200920245461.X
西安富士达科技股份有限公司
武向文
H01P 3/06
Loading...
本实用新型涉及一种连接电缆，具体指一种低损耗半硬毫米波射频同轴电缆。目前的连接电缆具有电缆结构复杂、打弯硬度大、衰减不稳定、不易定性等因素，使用维护不是很方便。本实用新型的一种低损耗半刚毫米波同轴电缆，包括内导体、外导体和绝缘层，内导体套入外导体中，内导体与外导体之间为绝缘层。其中，内导体采用镀银铜包钢线，绝缘层由薄膜层绕制而成，外导体是铜管。本实用新型采用此种结构，有效降低了可维修性，提高射频信号的传导，并且同时具有衰减低、屏蔽性好、机械强度高、硬度小，非常适合使用在空间狭小的机柜中。
89. 201450172 一种连接器的浮动结构
CN
05.05.2010
H01R 13/62 Loading...
H01R 13/62
Loading...
200920034115.7
西安富士达科技股份有限公司
武向文
H01R 13/62
Loading...
本实用新型涉及一种连接器的浮动机构，其能够使连接器自适应安装误差，结构简单，性能可靠。本实用新型包括连接器插头的中心导体和外导体，浮动机构分别设置在连接器插头的中心导体和外导体上，绝缘介质位于中心导体和外导体之间。设置在连接器插头的中心导体的浮动机构包括接触针、内导体一、内导体二和弹簧，接触针和弹簧包裹于内导体一中，内导体一的尾部伸入内导体二的内孔中，弹簧置于接触针后端。设置在外导体的浮动机构包括接触头、外壳一、外壳二和弹性体，接触头、外壳二和弹性体包裹于外壳一中，接触头位于外壳一的前端，弹性体置于接触头后端，外壳二位于弹性体后端。
90. 201450195 一种适合盲配、浮动连接的射频同轴连接器
CN
05.05.2010
H01R 24/02 Loading...
H01R 24/02
Loading...
200920034116.1
西安富士达科技股份有限公司
武向文
H01R 24/02
Loading...
本实用新型涉及一种适合盲配、浮动连接的射频同轴连接器，其结构简单，性能可靠，具有盲配、浮动连接功能，能够自适应印刷电路板对板间不对正连接的误差，保证电信号的传输。本实用新型包括插头和插座，插头的中心导体和外导体具有浮动性，插头和插座的绝缘介质设于中心导体与外导体之间，插座的外导体前端设有锥面。
91. 201450194 一种射频同轴开关连接器
CN
05.05.2010
H01R 24/02 Loading...
H01R 24/02
Loading...
200920034114.2
西安富士达科技股份有限公司
武向文
H01R 24/02
Loading...
本实用新型涉及一种射频同轴开关连接器，其具有可靠稳定的接触结构，结构简单，性能可靠，避免逸出信号的干扰。本实用新型包括设于连接器内的内导体和外导体，内导体与外导体之间为绝缘介质，内导体由内导体、弹性内导体一和弹性内导体二构成，弹性内导体一和弹性内导体二分别设置于内导体两侧并与内导体接触，形成信号传输的电气回路；弹簧设置于内导体与绝缘介质二之间，绝缘介质三固定于内导体上。
92. 201259994 一种适于高效加工的毫米波连接器绝缘子组件
CN
17.06.2009
H01R 24/02 Loading...
H01R 24/02
Loading...
200820030136.7
西安富士达科技股份有限公司
武向文
H01R 24/02
Loading...
本实用新型涉及一种适于高效加工的毫米波连接器绝缘子组件，其能够既可以保证毫米波连接器高性能、高频率的要求，又同时满足产品批量生产要求。本实用新型包括内导体，内导体设置在绝缘子上，衬套设置在绝缘子外部。衬套的内孔为光孔或带有台阶或倒刺。内导体的凹槽可以带有台阶或倒刺。
93. 201252275 一种射频开关连接器
CN
03.06.2009
H01R 13/71 Loading...
H01R 13/71
Loading...
200820030217.7
西安富士达科技股份有限公司
武向文
H01R 13/71
Loading...
本实用新型涉及一种射频开关连接器，其具有可靠稳定的接触结构，结构简单，性能可靠。本实用新型包括设于连接器内的内导体和外导体，内导体与外导体之间为绝缘子，内导体由内导体、弹性内导体一、弹性内导体二构成，弹性内导体一、弹性内导体二设置于内导体两侧；自由状态下，弹性内导体一和弹性内导体二与内导体接触形成用于信号传输的电气回路；插合状态下，内导体和弹性内导体二接触形成用于信号传输的电气回路。
94. 201238120 一种射频开关连接器
CN
13.05.2009
H01R 13/71 Loading...
H01R 13/71
Loading...
200820029925.9
西安富士达科技股份有限公司
武向文
H01R 13/71
Loading...
本实用新型涉及一种射频开关连接器，其具有可靠稳定的接触结构，结构简单，性能可靠，并大大降低了生产成本。本实用新型包括设于连接器内的内导体和外导体，内导体与外导体之间为绝缘介质，其特征在于：内导体由内导体12、内导体7、内导体8及弹性内导体构成，内导体8设置于弹性内导体下方，内导体8与弹性内导体6通过弹性内导体中的弹性接触件接触，自由状态下，内导体7、内导体8及弹性内导体构成直角回路，插合状态下，内导体7、内导体8和内导体12构成直线回路。弹性接触件可以是弹簧或簧片。
95. 201215855 低成本推入锁紧式射频同轴连接器
CN
01.04.2009
H01R 24/02 Loading...
H01R 24/02
Loading...
200820028922.3
西安富士达科技股份有限公司
周东升
H01R 24/02
Loading...
本实用新型涉及一种低成本推入锁紧式射频同轴连接器，其成本低，采用塑压成型适合大批量生产，并且连接快捷，具有较高的稳定性，使用方便。本实用新型包括插座和插头，插座外壳内部设有插座内导体，插座内导体用绝缘支撑固定，插座外壳内部有台阶面，插座连接套设于插座外壳外部，插座外壳外缘有沟槽或凸起，插头外壳内部设有插头内导体，插头内导体用插头绝缘支撑固定，插头外壳有端面，插头连接套设于插头外壳外部，插头外壳外缘有沟槽或凸起，插座连接套有内部凹陷处，内壁有两个豁口，插座连接套内孔端面处有导向的斜面；插头连接套上设有两个伸出的带状弹性片。
96. 201122756 一种配接3/8”同轴电缆的N型插针接触件射频同轴连接器
CN
24.09.2008
H01R 24/02 Loading...
H01R 24/02
Loading...
200720126162.5
西安富士达科技股份有限公司
武向文
H01R 24/02
Loading...
本实用新型涉及一种配接3/8”同轴电缆的N型插针接触件射频同轴连接器，其既能实现野外的快速安装，还可以同时配接光滑管和波纹管两种不同类型电缆的连接器，结构简洁，电缆连接简单可靠，并且具有良好的密封性，以及更加优越且稳定的电气性能。本实用新型包括外导体2和外导体7，外导体2一侧为内导体4，内导体4与外导体2之间设置有作为内导体4主支撑的绝缘支撑件3，内导体4尾部与外导体7之间设置有作为内导体4辅助支撑的绝缘支撑件6，绝缘支撑件3为TPX绝缘支撑件，外导体7内部设置有一段圆弧，外导体2尾部设置有带有台阶的斜面。
97. 201122753 一种配接7/8”同轴电缆的L29型插针接触件射频同轴连接器
CN
24.09.2008
H01R 24/02 Loading...
H01R 24/02
Loading...
200720126155.5
西安富士达科技股份有限公司
武向文
H01R 24/02
Loading...
本实用新型涉及一种配接7/8”同轴电缆的L29型插针接触件射频同轴连接器，其既能实现野外的快速安装，还可以同时配接光滑管和波纹管两种不同类型电缆的连接器，结构简洁，电缆连接简单可靠，并且具有良好的密封性，以及更加优越且稳定的电气性能。本实用新型包括外导体2和外导体7，外导体2与外导体7之间为内导体3，内导体3与外导体2之间设置有作为内导体3主支撑的绝缘支撑件4，内导体3尾部与外导体7之间设置有作为内导体3辅助支撑的绝缘支撑件6，绝缘支撑件4为TPX绝缘支撑件，外导体7内部设置有一段圆弧，外导体2尾部设置有带有台阶的斜面。
98. 201122754 一种配接1－5/8”同轴电缆的L29型插针接触件射频同轴连接器
CN
24.09.2008
H01R 24/02 Loading...
H01R 24/02
Loading...
200720126160.6
西安富士达科技股份有限公司
武向文
H01R 24/02
Loading...
本实用新型涉及一种配接1－5/8”同轴电缆的L29型插针接触件射频同轴连接器，其既能实现野外的快速安装，还可以同时配接光滑管和波纹管两种不同类型电缆的连接器，结构简洁，电缆连接简单可靠，并且具有良好的密封性，以及更加优越且稳定的电气性能。本实用新型包括外导体2和外导体7，外导体2一侧为内导体4，内导体4与外导体2之间设置有作为内导体4主支撑的绝缘支撑件3，内导体4与外导体7之间设置有作为内导体4辅助支撑的绝缘支撑件6，绝缘支撑件3为TPX绝缘支撑件，外导体7内部设置有一段圆弧，外导体2尾部设置有带有台阶的斜面。
99. 201122755 一种配接3/8”同轴电缆的N型插孔接触件射频同轴连接器
CN
24.09.2008
H01R 24/02 Loading...
H01R 24/02
Loading...
200720126161.0
西安富士达科技股份有限公司
武向文
H01R 24/02
Loading...
本实用新型涉及一种配接3/8”同轴电缆的N型插孔接触件射频同轴连接器，其既能实现野外的快速安装，还可以同时配接光滑管和波纹管两种不同类型电缆的连接器，结构简洁，电缆连接简单可靠，并且具有良好的密封性，以及更加优越且稳定的电气性能。本实用新型包括外导体1和外导体6，外导体1和外导体6之间为内导体3，在内导体3前端靠近外导体1一侧设置有作为内导体3主支撑的绝缘支撑件2，内导体3尾部靠近外导体6处设置有作为内导体3辅助支撑的绝缘支撑件5，绝缘支撑件2为TPX绝缘支撑件，外导体6内部设置有一段圆弧，外导体1尾部设置有带有台阶的斜面。
100. 201122757 一种配接3/8”同轴电缆的L29型插针接触件射频同轴连接器
CN
24.09.2008
H01R 24/02 Loading...
H01R 24/02
Loading...
200720126164.4
西安富士达科技股份有限公司
武向文
H01R 24/02
Loading...
本实用新型涉及一种配接3/8”同轴电缆的L29型插针接触件射频同轴连接器，其既能实现野外的快速安装，还可以同时配接光滑管和波纹管两种不同类型电缆的连接器，结构简洁，电缆连接简单可靠，并且具有良好的密封性，以及更加优越且稳定的电气性能。本实用新型包括外导体4和外导体7，外导体4一侧为内导体3，内导体3与外导体4之间设置有作为内导体3主支撑的绝缘支撑件2，内导体3尾部与外导体4之间设置有作为内导体3辅助支撑的绝缘支撑件6，绝缘支撑件2为TPX绝缘支撑件，外导体7内部设置有一段圆弧，外导体4尾部设置有带有台阶的斜面。
101. 201118028 一种配接1/2”同轴电缆的N型插针接触件射频同轴连接器
CN
17.09.2008
H01R 24/02 Loading...
H01R 24/02
Loading...
200720126166.3
西安富士达科技股份有限公司
武向文
H01R 24/02
Loading...
本实用新型涉及一种配接1/2”同轴电缆的N型插针接触件射频同轴连接器，其既能实现野外的快速安装，还可以同时配接光滑管和波纹管两种不同类型电缆的连接器，结构简洁，电缆连接简单可靠，并且具有良好的密封性，以及更加优越且稳定的电气性能。本实用新型包括外导体1和外导体6，外导体1一侧为内导体3，内导体3与外导体1之间设置有作为内导体3主支撑的绝缘支撑件2，内导体3尾部与外导体6之间设置有作为内导体2辅助支撑的绝缘支撑件5，绝缘支撑件2为TPX绝缘支撑件，外导体6内部设置有一段圆弧，外导体1尾部设置有带有台阶的斜面。
102. 201117838 一种配接1－5/8”同轴电缆的L29型插孔接触件射频同轴连接器
CN
17.09.2008
H01R 9/05 Loading...
H01R 9/05
Loading...
200720126156.X
西安富士达科技股份有限公司
武向文
H01R 9/05
Loading...
本实用新型涉及一种配接1－5/8”同轴电缆的L29型插孔接触件射频同轴连接器，其既能实现野外的快速安装，还可以同时配接光滑管和波纹管两种不同类型电缆的连接器，结构简洁，电缆连接简单可靠，并且具有良好的密封性，以及更加优越且稳定的电气性能。本实用新型包括相互连接的外导体1和外导体6，外导体1和外导体6之间为内导体3，在内导体3前端靠近外导体1一侧设置有作为内导体3主支撑的绝缘支撑件2，内导体3尾部靠近外导体6处设置有作为内导体3辅助支撑的绝缘支撑件5，绝缘支撑件2为TPX绝缘支撑件，外导体6内部设置有一段圆弧，外导体1尾部设置有带有台阶的斜面。
103. 201117839 一种配接1－5/8”同轴电缆的N型插针接触件射频同轴连接器
CN
17.09.2008
H01R 9/05 Loading...
H01R 9/05
Loading...
200720126158.9
西安富士达科技股份有限公司
武向文
H01R 9/05
Loading...
本实用新型涉及一种配接1－5/8”同轴电缆的N型插针接触件射频同轴连接器，其既能实现野外的快速安装，还可以同时配接光滑管和波纹管两种不同类型电缆的连接器，结构简洁，电缆连接简单可靠，并且具有良好的密封性，以及更加优越且稳定的电气性能。本实用新型包括外导体2和外导体7，外导体2与外导体7之间为内导体4，内导体4与外导体2之间设置有作为内导体4主支撑的绝缘支撑件3，内导体4尾部与外导体7之间设置有作为内导体4辅助支撑的绝缘支撑件6，绝缘支撑件3为TPX绝缘支撑件，外导体7内部设置有一段圆弧，外导体2尾部设置有带有台阶的斜面。
104. 201118085 一种7/8”波纹同轴电缆装配翻边工具
CN
17.09.2008
H01R 43/28 Loading...
H01R 43/28
Loading...
200720126168.2
西安富士达科技股份有限公司
武向文
H01R 43/28
Loading...
本实用新型涉及一种7/8″波纹同轴电缆装配翻边工具，其提高了工作效率，降低了工作强度并且组件翻边一致性好，性能优良，解决了新品连接器在研发过程中组件装配后性能不一致的问题。本实用新型包括刀头，刀头内装有定位块，弹簧套在刀头上并置于外壳内，外壳置于外壳内，刀头与外壳通过螺钉连接。
105. 201118029 一种配接7/8”同轴电缆的N型插孔接触件射频同轴连接器
CN
17.09.2008
H01R 24/02 Loading...
H01R 24/02
Loading...
200720126171.4
西安富士达科技股份有限公司
武向文
H01R 24/02
Loading...
本实用新型涉及一种配接7/8”同轴电缆的N型插孔接触件射频同轴连接器，其既能实现野外的快速安装，还可以同时配接光滑管和波纹管两种不同类型电缆的连接器，结构简洁，电缆连接简单可靠，并且具有良好的密封性，以及更加优越且稳定的电气性能。本实用新型包括外导体1和外导体6，外导体1和外导体6之间为内导体2，在内导体2前端靠近外导体1一侧设置有作为内导体2主支撑的绝缘支撑件3，内导体2尾部靠近外导体6处设置有作为内导体2辅助支撑的绝缘支撑件5，绝缘支撑件3为TPX绝缘支撑件，外导体6内部设置有一段圆弧，外导体1尾部设置有带有台阶的斜面。
106. 201113195 一种7/8”光面同轴电缆装配翻边工具
CN
10.09.2008
H01R 43/28 Loading...
H01R 43/28
Loading...
200720126167.8
西安富士达科技股份有限公司
武向文
H01R 43/28
Loading...
本实用新型涉及一种7/8″光面同轴电缆装配翻边工具，其提高了工作效率，降低了工作强度并且组件翻边一致性好，性能优良，解决了新品连接器在研发过程中组件装配后性能不一致的问题。本实用新型包括刀头1，弹簧2套在刀头1上并置于外壳3内，外壳5置于外壳3内，刀头1与外壳3通过螺钉连接。
107. 201113060 一种配接1/2”同轴电缆的N型插孔接触件射频同轴连接器
CN
10.09.2008
H01R 24/02 Loading...
H01R 24/02
Loading...
200720126165.9
西安富士达科技股份有限公司
武向文
H01R 24/02
Loading...
本实用新型涉及一种配接1/2”同轴电缆的L29型插针接触件射频同轴连接器，其既能实现野外的快速安装，还可以同时配接光滑管和波纹管两种不同类型电缆的连接器，结构简洁，电缆连接简单可靠，并且具有良好的密封性，以及更加优越且稳定的电气性能。本实用新型包括外导体1和外导体6，外导体1和外导体6之间为插孔3，在插孔3靠近外导体1一侧设置有作为插孔3主支撑的绝缘支撑件2，插孔3尾部靠近外导体6处设置有作为插孔3辅助支撑的绝缘支撑件5，绝缘支撑件2为TPX绝缘支撑件，外导体6内部设置有一段圆弧，外导体1尾部设置有带有台阶的斜面。
108. 201113059 一种配接3/8”同轴电缆的L29型插孔接触件射频同轴连接器
CN
10.09.2008
H01R 24/02 Loading...
H01R 24/02
Loading...
200720126163.X
西安富士达科技股份有限公司
武向文
H01R 24/02
Loading...
本实用新型涉及一种配接3/8”同轴电缆的L29型插孔接触件射频同轴连接器，其既能实现野外的快速安装，还可以同时配接光滑管和波纹管两种不同类型电缆的连接器，结构简洁，电缆连接简单可靠，并且具有良好的密封性，以及更加优越且稳定的电气性能。本实用新型包括相互连接的外导体1和外导体6，外导体1和外导体6之间为内导体3，在内导体3前端靠近外导体1一侧设置有作为内导体3主支撑的绝缘支撑件2，内导体3尾部靠近外导体6处设置有作为内导体3辅助支撑的绝缘支撑件5，绝缘支撑件2为TPX绝缘支撑件，外导体6内部设置有一段圆弧，外导体1尾部设置有带有台阶的斜面。
109. 201113058 一种配接1－5/8”同轴电缆的N型插孔接触件射频同轴连接器
CN
10.09.2008
H01R 24/02 Loading...
H01R 24/02
Loading...
200720126159.3
西安富士达科技股份有限公司
武向文
H01R 24/02
Loading...
本实用新型涉及一种配接1－5/8”同轴电缆的N型插孔接触件射频同轴连接器，其既能实现野外的快速安装，还可以同时配接光滑管和波纹管两种不同类型电缆的连接器，结构简洁，电缆连接简单可靠，并且具有良好的密封性，以及更加优越且稳定的电气性能。本实用新型包括外导体1和外导体6，外导体1和外导体6之间为内导体3，在内导体3前端靠近外导体1一侧设置有作为内导体3主支撑的绝缘支撑件2，内导体3尾部靠近外导体6处设置有作为内导体3辅助支撑的绝缘支撑件5，绝缘支撑件2为TPX绝缘支撑件，外导体6内部设置有一段圆弧，外导体1尾部设置有带有台阶的斜面。
110. 201113196 一种7/8”波纹同轴电缆装配剥线定位工具
CN
10.09.2008
H01R 43/28 Loading...
H01R 43/28
Loading...
200720126169.7
西安富士达科技股份有限公司
武向文
H01R 43/28
Loading...
本实用新型涉及一种7/8″波纹同轴电缆装配剥线定位工具，其能快速且准确的完成7/8”波纹同轴电缆的剥线，使新品连接器在大批量使用时，能提高工作效率、保证工程质量。本实用新型包括外壳，定位块卡入外壳的卡槽内并与外壳连接，外壳下部设有电缆内导体切线槽。定位块一端贴紧外壳，另一端卡入外壳的卡槽内，其端部与电缆外导体波谷表面相吻合。
111. 201113061 一种配接7/8”同轴电缆的L29型插孔接触件射频同轴连接器
CN
10.09.2008
H01R 24/02 Loading...
H01R 24/02
Loading...
200720126170.X
西安富士达科技股份有限公司
武向文
H01R 24/02
Loading...
本实用新型涉及一种配接7/8”同轴电缆的L29型插孔接触件射频同轴连接器，其既能实现野外的快速安装，还可以同时配接光滑管和波纹管两种不同类型电缆的连接器，结构简洁，电缆连接简单可靠，并且具有良好的密封性，以及更加优越且稳定的电气性能。本实用新型包括相互连接的外导体1和外导体6，外导体1和外导体6之间为内导体2，在内导体2前端靠近外导体1一侧设置有作为内导体2主支撑的绝缘支撑件3，内导体2尾部靠近外导体6处设置有作为内导体2辅助支撑的绝缘支撑件5，绝缘支撑件3为TPX绝缘支撑件，外导体6内部设置有一段圆弧，外导体1尾部设置有带有台阶的斜面。
112. 201113057 一种配接7/8”同轴电缆的N型插针接触件射频同轴连接器
CN
10.09.2008
H01R 24/02 Loading...
H01R 24/02
Loading...
200720126157.4
西安富士达科技股份有限公司
武向文
H01R 24/02
Loading...
本实用新型涉及一种配接7/8”同轴电缆的N型插针接触件射频同轴连接器，其既能实现野外的快速安装，还可以同时配接光滑管和波纹管两种不同类型电缆的连接器，结构简洁，电缆连接简单可靠，并且具有良好的密封性，以及更加优越且稳定的电气性能。本实用新型包括外导体2和外导体7，外导体2与外导体7之间为内导体3，内导体3与外导体2之间设置有作为内导体3主支撑的绝缘支撑件4，内导体3尾部与外导体7之间设置有作为内导体3辅助支撑的绝缘支撑件6，绝缘支撑件4为TPX绝缘支撑件，外导体7内部设置有一段圆弧，外导体2尾部设置有带有台阶的斜面。
113. 101202383 L29 type jack contact piece RF coaxial connector matching with 1/2''coaxial cable
CN
18.06.2008
H01R 9/05 Loading...
H01R 9/05
Loading...
200710018933.3
Xi'an Fujitec Science and Technology Co., Ltd.
Wu Xiangwen
H01R 9/05
Loading...
The invention relates to an L29-typed jack contacting part RF coaxial connector which is matched with 1/2 second coaxial cable. The invention can implement fast installation in the open air and can be matched with connectors of cables in two different types of a slippery pipe and a corrugated pipe. The invention has the advantages of simple structure, simple and reliable cable connection, excellent sealing and more predominant and stable electric performance. The invention comprises an external conductor 1 and an external conductor 6 which are connected together; a jack 2 is arranged between the external conductor 1 and the external conductor 6; one side in the jack 2 close to the external conductor 1 is provided with an insulated supporting part 3 which is taken as the main supporting of the jack 2; the tail of the jack 2 close to the external conductor 6 is provided with an insulated supporting part 5 which is taken as the auxiliary supporting of the jack 2.
114. 101136527 L29 type contact pin contacting piece RF coaxial connector adapting 1/2'' coaxial cable
CN
05.03.2008
H01R 24/02 Loading...
H01R 24/02
Loading...
200710018934.8
Xi'an Forstar S&T Co., Ltd.
Wu Xiangwen
H01R 24/02
Loading...
This invention relates to an L29 contact pin RF coaxial connector matched with 1/2' coaxial cable, which can either realize field quick installation or adapt with two kinds of cables of smooth pipes and ripple pipes at the same time and includes outer conductor 4 and outer conductor 7, in which, one side of 4 is internal conductor 2, insulation support piece 3 is set between 2 and 4 as the main support of internal conductor 2 and insulation support piece 6 is set between internal conductor 2 and outer conductor 4 as the assistant support of 2.
115. 201008045 高频推入快速自锁连接器
CN
16.01.2008
H01R 13/627 Loading...
H01R 13/627
Loading...
200620136071.5
西安富士达科技股份有限公司
武向文
H01R 13/627
Loading...
本实用新型涉及一种高频推入快速自锁连接器，其抗震性强、相位稳定，连接快捷，驻波比较小并具有较高的稳定性，使用方便。本实用新型包括插座和插头，插头外套通过弹性件与插头外壳连接，插头外套内设有接触头，接触头与插头的外壳相固定，接触头并卡住插座外壳，小接触头固定于插头外壳上并通过外壳与接触头对插连接，小接触头顶住插座外壳内部台阶上，插座内导体与插头内导体紧密相连。
116. 200979949 相位可调射频同轴连接器
CN
21.11.2007
H01R 24/02 Loading...
H01R 24/02
Loading...
200620079596.X
西安富士达科技股份有限公司
任军拴
H01R 24/02
Loading...
本实用新型涉及一种相位可调射频同轴连接器，其可以大大简化电缆/连接器组件的相位匹配工艺并大大提高其相位匹配精度，大大降低了生产成本，并且调节方便，调节精度高，插入损耗低，驻波比较小并具有较高的稳定性。本实用新型连接器前端为接口，连接器中间的外壳为调节螺套，调节螺套与内导体滑动接触对和外导体滑动接触对连接，锁紧螺母和将调节螺套和前后导体锁紧，内导体滑动接触对两端设有绝缘导向支撑，在内导体外径和外导体内径突变处采用高阻抗段补偿。
117. 200976432 高可靠宽频射频同轴连接器
CN
14.11.2007
H01R 24/02 Loading...
H01R 24/02
Loading...
200620079595.5
西安富士达科技股份有限公司
刘海侠
H01R 24/02
Loading...
本实用新型涉及一种高可靠宽频射频同轴连接器，其实际使用频率范围扩大，在高频段的驻波理想，而且机械强度得到较大提高，产品寿命也有效延长。本实用新型包括两个外壳，内导体装入绝缘子，装有内导体的绝缘子一起装入外壳整体灌封成组合体，组合体压入另一外壳，卡环、密封圈套入外壳上，连接器的内径为Φ3.9mm，绝缘子的一端增加一段混合介质。
118. 200972976 相位可调射频同轴连接器的滑动锁定机构
CN
07.11.2007
H01R 24/02 Loading...
H01R 24/02
Loading...
200620079594.0
西安富士达科技股份有限公司
梁伟
H01R 24/02
Loading...
本实用新型涉及一种相位可调射频同轴连接器的滑动锁定机构，其抗震性强、相位可调，插入损耗低，驻波比较小并具有较高的稳定性，使用方便。本实用新型包括设于连接器中间的调节螺套，调节螺套与外导体滑动接触对连接，内导体滑动接触对与外导体滑动接触对连接，两个锁紧螺母将调节螺套和前后外导体锁紧，外导体滑动接触对由两个圆筒状零件迭套构成，内接触筒前端螺纹与调节螺套相互配合，内导体滑动接触对由一个与电缆芯线相连的插针和一个内导体后端的深孔组成，内插孔和外插孔与其相应的绝缘子灌封固定，内接触筒前筒为四槽或六槽，前端的接触部位突出一圈，内插孔尾部劈槽数为4个，内插孔尾部的插孔收口，内插孔尾部的插孔深度远大于内接触筒和外接触筒的移动距离。
119. 200965945 高频推入快速自锁连接器的锁定机构
CN
24.10.2007
H01R 13/627 Loading...
H01R 13/627
Loading...
200620136072.X
西安富士达科技股份有限公司
武向文
H01R 13/627
Loading...
本实用新型涉及一种高频推入快速自锁连接器的锁定机构，其直插式连接结构对接空间要求不高，自锁机构可以保证对接界面稳定。本实用新型包括插头和插座，插头外套通过弹性件与插头外壳连接，插头外套内设有弹性接触头，弹性接触头与插头的外壳相固定，弹性接触头并卡住插座外壳，小接触头固定于插头外壳上，小接触头并顶住插座外壳内部台阶上，插座内导体与插头内导体紧密相连。
120. 200965944 与SMA型射频连接器互换的连接器锁定机构
CN
24.10.2007
H01R 13/622 Loading...
H01R 13/622
Loading...
200620136073.4
西安富士达科技股份有限公司
武向文
H01R 13/622
Loading...
本实用新型涉及一种与SMA型射频连接器互换的连接器锁定机构，其能使SMA型产品螺纹连接机构转换为自锁机构，能够既可以保证连接可靠、性能优越，又可以快速插拔，使产品使用更为方便。本实用新型包括紧固在SMA型连接器插座外壳的螺纹上的连接套，连接套外圆有凹槽，前端有槽，内部有螺纹，弹性接触锁紧单元插入SMA型插座内，弹性接触锁紧单元内凸台卡在连接套外圆的凹槽内，小接触头固定于弹性接触锁紧单元内并顶住SMA型插座外壳内部基准面台阶处，连接套为一个具有1/4”－36UNS－2B螺纹的套筒，连接套凹槽两边为具有一定角度的斜面，连接套口部有倒角，倒角包括外倒角和内倒角。
121. 200947472 一种射频同轴连接器与电缆的装接结构
CN
12.09.2007
H01R 9/03 Loading...
H01R 9/03
Loading...
200620079597.4
西安富士达科技股份有限公司
彭发强
H01R 9/03
Loading...
本实用新型涉及一种射频同轴连接器与电缆的装接结构，其可靠性好、结构简单、外形小巧、性能优良。本实用新型包括连接器和电缆，连接器外壳套在电缆护套层上，连接器插针与电缆芯线焊接并穿入绝缘子，连接器螺套套入连接器外壳，连接器外壳压入连接器外壳内，连接器插针的突变处采用混合的空气加聚四氟乙烯的介质补偿，连接器外壳与连接器外壳的端面采用挤压变形紧密接触，连接器外壳外沿设有凸台。
122. 1949599 High-frequency push-in fast self-locking connector
CN
18.04.2007
H01R 13/627 Loading...
H01R 13/627
Loading...
200610104844.6
Xian Fushida Science and Technology Co., Ltd.
Wu Xiangwen
H01R 13/627
Loading...
The invention relates to a high frequency push, fast self-locking connector, having strong shock proofing property, stable phase, connecting quickness, relatively small standing wave, and higher stability, convenient to use. And it comprises socket and plug, where the plug jacket is connected with plug case through elastic piece, the plug jacket is equipped with contact inside, the contact is fixed with the plug case and fastens the socket case, small contact is fixed on the plug case and connected with the contact through the case, the small contact supports against the inner step of the socket case, the inner conductors in the socket and plug are closely interconnected.
123. 2710212 总线连接器
CN
13.07.2005
H01R 24/06 Loading...
H01R 24/06
Loading...
200420041603.8
西安富士达科技股份有限公司
李鑫
H01R 24/06
Loading...
本实用新型涉及一种总线连接器，其连接可以实现盲插，方便可靠，能传输多路信号，互换性好。本实用新型包括带有连接套的接头，连接器中的内导体插针的前端高于绝缘介质，内导体插孔被绝缘介质包裹，连接套可以是组合连接套，连接器中的外导体高于组合连接套的端面，组合连接套由外套和外套连接套构成，外套与连接套为过盈配合，外套上设有有定位销的轴向导向槽。
124. 2694509 功率分配器
CN
20.04.2005
H01P 5/107 Loading...
H01P 5/107
Loading...
200420041604.2
西安富士达科技股份有限公司
杨文哲
H01P 5/107
Loading...
本实用新型涉及一种功率分配器，其加工工艺简单，生产成本低，接触可靠，传输信号稳定，插入损耗小。本实用新型包括型材腔体，型材腔体上装有射频连接器，型材腔体内装有印刷电路焊板，射频连接器内导体尾部铣扁伸出，外导体尾部伸出铣成缺口状，与内导体尾部铣扁共同形成一个卡槽，将印刷电路焊板卡在卡槽中，射频连接器内导体与印刷电路焊板上的微带线焊接，外导体与印刷电路焊板的底面焊接。
125. 1459890 Small type push in self locking precise stationary phase connector
CN
03.12.2003
H01R 13/639 Loading...
H01R 13/639
Loading...
02114595.4
Xian Fushida Science and Technology Co., Ltd.
Zhu Qiding
H01R 13/639
Loading...
A self-locking small phase-stabilizing precise connector is composed of casing, contact, spring fixed to contact, and locking sleeve joined with casing and contact via spring. The said contact and locking sleeve respectively have a convex point for contacting them with each other.
126. 2547033 推入自锁稳相连接器
CN
23.04.2003
H01R 13/639 Loading...
H01R 13/639
Loading...
02224991.5
西安富士达科技有限责任公司
朱启定
H01R 13/639
Loading...
本实用新型涉及一种推入自锁稳相连接器，其相位稳定，抗振性强，连接快捷。本实用新型包括机械连接单元和电连接单元，机械连接单元包括外壳，滑块包绕在外壳上，外壳上连有锁紧套，外壳与锁紧套之间为可移动连接，电连接单元包括外壳，机械连接单元中的外壳和电连接单元中的外壳之间为可移动连接。
127. 2544430 小型推入自锁精密稳相连接器
CN
09.04.2003
H01R 13/639 Loading...
H01R 13/639
Loading...
02224945.1
西安富士达科技有限责任公司
朱启定
H01R 13/639
Loading...
本实用新型涉及一种主要应用于微波器件、仪器仪表、雷达、航空航天等领域中的连接器，尤其是涉及一种对相位一致性要求高的整机上使用的小型推入自锁精密稳相连接器，其体积小，连接快速，相位稳定，抗振性强。本实用新型包括外壳，外壳内设有接触头，接触头上套有弹簧并固定，锁紧套通过弹簧与外壳和接触头连接，锁紧套和接触头上各有一凸点，锁紧套和接触头通过凸点接触。
128. 2544438 稳相低损耗射频同轴软电缆的焊接结构
CN
09.04.2003
H01R 4/02 Loading...
H01R 4/02
Loading...
02224990.7
西安富士达科技有限责任公司
朱启定
H01R 4/02
Loading...
本实用新型涉及一种稳相低损耗射频同轴软电缆的焊接结构，其可靠性高，同时由于减少了连接器与电缆之间的损耗使外导体间充分接触，因而使组件达到良好的电气与机械性能。本实用新型包括电缆连接器外壳，外壳内固定有衬套，所述衬套与电缆屏蔽层焊接，电缆芯线穿过绝缘子与内导体焊接，所述衬套与电缆屏蔽层之间以及电缆芯线与内导体之间均为锡焊。

