1. 103390144 一种RFID数据获取方法及RFID系统
CN
26.04.2017
G06K 7/00 Loading...
G06K 7/00
Loading...
102012000144898
软通动力信息技术（集团）有限公司
唐震宇
G06K 7/00
Loading...
本申请公开了一种RFID数据获取方法及RFID系统，应用于包括电子标签和内置读卡器的RFID系统，该方法包括：接收服务器通过远程通信方式发送的查询请求；根据查询请求，控制内置读卡器读取电子标签内的数据；将内置读卡器读取得到的数据以远程通信方式向服务器发送。由以上技术方案可见，在本申请实施例中，通过远程通信方式与服务器进行数据交互，接收服务器发送的查询请求，控制内置读卡器读取电子标签内的数据，并将内置读卡器读取的数据通过远程通信方式发送给服务器，这样无论电子标签什么位置，均可以通过远程通信方式实时获取到电子标签内的数据。
2. 104614707 一种室内定位方法及装置
CN
26.04.2017
G01S 5/02 Loading...
G01S 5/02
Loading...
102014000838108
软通动力信息技术（集团）有限公司
倪敦
G01S 5/02
Loading...
本申请提供了一种室内定位方法及装置，该方法包括：获取一室内空间内多个信号发射器的信号强度及每个信号发射器发射信号的门限强度，分别根据各自的信号强度及门限强度，确定每个信号发射器的空间距离值，进而在多个信号发射器中，选取空间距离值较小的多个信号发射器为目标信号发射器，进而获得各个目标信号发射器的信号线性分布矩阵，利用各自的信号线性分布矩阵及各自的信号强度，生成每个目标信号发射器各自的位置概率矩阵，将多个位置概率矩阵加权叠加，获得目标位置概率矩阵，进而依据目标位置概率矩阵，确定二维坐标值，从而实现室内定位。
3. 205229076 一种大气环境重金属的管理系统
CN
11.05.2016
G01N 23/223 Loading...
G01N 23/223
Loading...
201521108709.X
软通动力信息技术（集团）有限公司
栗越妍
G01N 23/223
Loading...
本申请提供了一种大气环境重金属的管理系统，包括：位于不同监测点位的若干个重金属测量装置，多个数据集中器，与每个数据集中器相连的服务器；其中，每个数据集中器与多个重金属测量装置相连；所述每个重金属测量装置，用于测量大气环境中的重金属数据，并将所述重金属数据经所述数据集中器上传至所述服务器；所述服务器，用于存储并分析与每个重金属测量装置对应的重金属数据，并输出重金属分析结果。因此，本申请可以实现对大气环境中的重金属进行自动化分析，得到准确的重金属分析结果，整个过程完全自动化进行，因此测量效率较高。
4. 203327187 具有脉搏血氧检测功能的数字机顶盒以及智能家庭系统
CN
04.12.2013
H04N 21/41 Loading...
H04N 21/41
Loading...
201320283229.1
软通动力信息系统服务有限公司
谭芸
H04N 21/41
Loading...
本实用新型公开了具有脉搏血氧检测功能的数字机顶盒以及智能家庭系统，所述机顶盒基于Android系统，包括：脉搏血氧检测终端，所述脉搏血氧检测终端具有手指插槽、可控双波长发射器以及接收所述可控双波长发射器发射光的光电探测仪；与所述光电探测仪连接的机顶盒芯片。本实用新型将脉搏血氧检测终端与基于Android系统的数字机顶盒相连接，形成一种新型的机顶盒，其增强了家用医疗健康设备的互操作性以及家用电子设备之间的关联性，并使得医疗健康的功能更方便的融入整个智能家庭系统中。
5. 202586964 一种RFID电子标签系统终端卡及RFID系统
CN
05.12.2012
H04B 5/00 Loading...
H04B 5/00
Loading...
201220209397.1
软通动力信息技术（集团）有限公司
唐震宇
H04B 5/00
Loading...
一种RFID电子标签系统终端卡及RFID系统，该终端卡包括：可以通过无线射频被外部读卡器读取数据的电子标签，其特征在于，该终端卡还包括：与电子标签相连接的，用于读取电子标签中数据的内置读卡器；与内置读卡器相连接的，用于控制内置读卡器读取电子标签中数据的控制器；与控制器相连接，用于通过远程通信方式接收来自服务器的查询请求并将查询请求发送给控制器，和接收来自控制器的数据并将数据通过远程通信方式发送给服务器的远程通信模块。这样无论终端卡位于什么位置，服务器均可以通过远程通信方式实时获取到终端卡中电子标签内的数据。
6. 202197318 一种终端
CN
18.04.2012
H04M 1/00 Loading...
H04M 1/00
Loading...
201120334772.0
软通动力信息系统服务有限公司
唐震宇
H04M 1/00
Loading...
本实用新型公开了一种终端，包括：划分为远端系统和本地系统的公用电话交换网PSTN系统；连接于所述远端系统与所述本地系统之间的隔离电路，所述隔离电路至少包括一个线圈；与所述PSTN系统相连的数字系统，所述数字系统接收所述PSTN系统发送的信号进行对应所接收信号的控制。在本实用新型所公开的终端中，隔离电路为一个线圈。通过一个线圈实现PSTN系统与数字系统的隔离后，该数字系统接收PSTN系统发送的信号后，进行相应地控制，从而实现PSTN系统的所有功能。而本实用新型所公开的终端中，仅依靠线圈实现隔离，线路较为简单，降低了整个终端的制造成本和线路的复杂度。
7. 202197341 一种家庭智能终端
CN
18.04.2012
H04M 1/725 Loading...
H04M 1/725
Loading...
201120341414.2
软通动力信息系统服务有限公司
朱建华
H04M 1/725
Loading...
本实用新型实施例公开了一种家庭智能终端，包括：设置于主板上的用户界面；设置于底板上，接收通信信息的网络模块；设置于底板上，接收网络模块发送的通信信息，以及向网络模块发送通信信息的信令模块；设置于底板上，采集多媒体信息，对多媒体信息编码，并将编码后的多媒体信息与RTP数据包结合，以及接收多媒体信息，对接收到的多媒体信息进行解码的多媒体模块；设置于主板上，控制用户界面、信令模块和多媒体模块之间信息交互的中央处理器CPU。应用上述技术方案，家庭智能终端可以实现电话功能和可视对讲功能，与现有家庭终端相对比，本实用新型公开的家庭智能终端功能增加，可以依据用户需求有选择地提供多种应用。
8. 202197412 一种多网多待智能电话终端
CN
18.04.2012
H04W 88/06 Loading...
H04W 88/06
Loading...
201120341399.1
软通动力信息系统服务有限公司
刘爽
H04W 88/06
Loading...
本实用新型实施例公开了一种多网多待智能电话终端系统，包括：通信网络模块、通信网络控制模块、中央处理器CPU和应用模块。本实用新型中的通信网络模块，根据用户需要，提供至少三个通信网络。在进行通信时，通信网络模块接收呼入的通信网络信息，通信网络控制模块接收通信信息后发送给CPU，CPU处理接收到的通信信息转发给应用模块，由应用模块执行相应的操作。当不能满足用户需要时，通过添加新的通信网络和在应用模块上添加新的扩展模块，进一步满足用户的需要。本系统支持多种通信网络业务，使用户根据其需要灵活的选择和配置其对电话和网络的应用，从而适应了用户的各种不同需求，达到了高效、经济的目的。
9. 202197288 一种多链路数据传输系统
CN
18.04.2012
H04L 1/00 Loading...
H04L 1/00
Loading...
201120331022.8
软通动力信息系统服务有限公司
刘爽
H04L 1/00
Loading...
本实用新型公开一种多链路数据传输系统，包括：设置在终端上的多链路数据发送装置和设置在服务器上的多链路数据接收装置；所述多链路数据发送装置与所述多链路数据接收装置通过有线或无线方式进行数据传输。本实用新型所公开的多链路数据传输系统，在进行数据传输时，能够利用终端设备所支持的多条链路进行数据传输，提高终端设备的通信速率，充分利用网络资源。
10. 201616121 一种高速路网车辆路径识别装置
CN
27.10.2010
G07B 15/00 Loading...
G07B 15/00
Loading...
201020116724.X
软通动力信息技术(集团)有限公司
任佳
G07B 15/00
Loading...
本实用新型实施例公开了一种车辆路径识别装置，包括：信息记录模块，用于接收并记录基站信息，该信息为所述车辆路径识别装置进入基站覆盖范围时，由所述基站发送的该基站信息；第一感应模块，用于感应所述基站的信号，并触发所述信息记录模块工作；第二感应模块，用于感应读卡器的信号，并在感应到所述读卡器信号时，触发控制模块工作，所述读卡器用以识别并读取信息记录模块中的所述基站信息；所述控制模块，集成用于处理基站信号的移动基带模块，并用于控制所述信息记录模块与所述读卡器的通讯，以及电源模块。本实用新型通过对基站信息进行记录，并与读取所述装置中记录的基站信息的读卡器配合通达到路径识别的目的。
11. 101783031 Highway network vehicle route recognition method, terminal and system
CN
21.07.2010
G07B 15/00 Loading...
G07B 15/00
Loading...
200910244588.4
iSoftStone Information Technology (Group) Co., Ltd.
Ren Jia
G07B 15/00
Loading...
The embodiment of the invention discloses a highway network vehicle route recognition method which comprises the following steps of: sending base station information to a route recognition terminal entering the covering range of a base station by the base station; and reading the base station information recorded on the route recognition terminal, comparing the base station information with a preset base station information table, and computing and recording the pass-by route of the route recognition terminal. The highway network vehicle route recognition method realizes the route recognition function of a vehicle without modifying a traditional system, thereby lowering the construction cost of vehicle route recognition to a great extent; and the route recognition precision is high, and the data is reliable. Meanwhile, the embodiment of the invention also discloses a terminal and a system corresponding to the route recognition method.

