1. 206090621 用于明挖式采用预制构件组装型式地铁车站的拼装台车
CN
12.04.2017
E02D 29/05 Loading...
E02D 29/05
Loading...
202016001130371
郑州新大方重工科技有限公司
张志华
E02D 29/05
Loading...
本实用新型公开了一种用于明挖式采用预制构件组装型式地铁车站的拼装台车，它包括主体机架，安装在主体机架上的顶部拼装架；所述顶部拼装架分为上中下三层台架的运动副组成，三层之间能够完成纵向和横向滑动，通过液压系统操作，完成车站C块、D块和E块的组装。三层台架运动副之首层架对D块和E块的高度控制，其运动位移量数据采集使用了PME12系列的磁阻式位移传感器。并配套选用了8个CH6数显仪，实现信息传递的及时性、准确性、提高了工作中的效率。
2. 106516987 适用于风电专用轮胎式起重机的CAN总线网络布局系统
CN
22.03.2017
B66C 13/23 Loading...
B66C 13/23
Loading...
102016001176720
郑州新大方重工科技有限公司
张志华
B66C 13/23
Loading...
本发明提供一种适用于风电专用轮胎式起重机的CAN总线网络布局系统，包括上车网络、下车网络和发动机控制器ECU；所述下车网络包括最优先级别的CAN1‑X‑1子网络，次优先级别的CAN2‑X‑3子网络，以及低优先级别的CAN2‑X‑1子网络和CAN2‑X‑2子网络；所述上车网络包括最优先级别CAN1‑S‑1子网络，次优先级别CAN2‑S‑2子网络，以及低优先级别的CAN2‑S‑1子网络和CAN1‑S‑2子网络；各子网络之间通过中继控制终端进行互连，CAN2‑X‑3子网络连接到所述发动机控制器ECU，作为上车网络和下车网络的连接网络。本发明系统具有安全、可靠、高效的优点。
3. 205999855 一种单矩形顶口封闭型水利渡槽施工的移动模架
CN
08.03.2017
E02B 5/02 Loading...
E02B 5/02
Loading...
201620981222.0
郑州新大方重工科技有限公司
周治国
E02B 5/02
Loading...
一种单矩形顶口封闭型水利渡槽施工的移动模架，包括外梁系统、内梁系统以及吊运系统，外梁系统包括外梁、外肋、外模板、一号支腿、二号支腿、3A号支腿、3B号支腿以及四号支腿，二号支腿、3A号支腿、3B号支腿共同配合实现主梁带动外模板的移动，内梁系统包括内梁、内梁支撑支腿、内梁走行支腿、内模板，内梁为单主梁桁架结构，内梁走行支腿带动内模板移动，吊运系统包括牵引机构以及起升机构，吊运系统带动支腿移动到有效的施工位置，本实用新型采用外梁一跨半长度、浇注时3B号支腿站站于槽面上，通过液压系统驱动外梁走行，两次过孔的方式，过孔方式更平稳、安全，具备与以往水利渡槽造槽机不同的结构形式和施工模式。
4. 106436759 用于明挖式采用预制构件组装型式地铁车站的拼装台车
CN
22.02.2017
E02D 29/05 Loading...
E02D 29/05
Loading...
201610901518.1
郑州新大方重工科技有限公司
张志华
E02D 29/05
Loading...
本发明公开了一种用于明挖式采用预制构件组装型式地铁车站的拼装台车，它包括主体机架，安装在主体机架上的顶部拼装架；所述顶部拼装架分为上中下三层台架的运动副组成，三层之间能够完成纵向和横向滑动，通过液压系统操作，完成车站C块、D块和E块的组装。三层台架运动副之首层架对D块和E块的高度控制，其运动位移量数据采集使用了PME12系列的磁阻式位移传感器。并配套选用了8个CH6数显仪，实现信息传递的及时性、准确性、提高了工作中的效率。
5. 205874991 用于架设城际轨道和地铁U梁自平衡过孔式架桥机
CN
11.01.2017
E01D 21/06 Loading...
E01D 21/06
Loading...
201620849441.3
郑州新大方重工科技有限公司
陈永久
E01D 21/06
Loading...
一种用于架设城际轨道和地铁U梁自平衡过孔式架桥机，其特征在于：整机结构包括：主梁、前支腿、中支腿、后支腿、后顶高支腿，前天车、后天车；其中前支腿连接于主梁前端，架梁时放置于前方盖梁上；中支腿连接于主梁中部，架梁时支撑于已架设好U梁的底部斜面上；后支腿在架梁时放置于中支腿后方，支撑于已架设好U梁的底部斜面上；后顶高支腿在架梁时连接于主梁后端，放置于已架设好U梁端部的加厚紧挨斜面的平面上；前天车、后天车放置于主梁走行轨道上，能沿主梁轨道自动走行。
6. 106149639 一种用于单矩形顶口封闭型水利渡槽施工的移动模架
CN
23.11.2016
E02B 5/02 Loading...
E02B 5/02
Loading...
102016000759870
郑州新大方重工科技有限公司
周治国
E02B 5/02
Loading...
一种单矩形顶口封闭型水利渡槽施工的移动模架，包括外梁系统、内梁系统以及吊运系统，外梁系统包括外梁、外肋、外模板、一号支腿、二号支腿、3A号支腿、3B号支腿以及四号支腿，二号支腿、3A号支腿、3B号支腿共同配合实现主梁带动外模板的移动，内梁系统包括内梁、内梁支撑支腿、内梁走行支腿、内模板，内梁为单主梁桁架结构，内梁走行支腿带动内模板移动，吊运系统包括牵引机构以及起升机构，吊运系统带动支腿移动到有效的施工位置，本发明采用外梁一跨半长度、浇注时3B号支腿站站于槽面上，通过液压系统驱动外梁走行，两次过孔的方式，过孔方式更平稳、安全，具备与以往水利渡槽造槽机不同的结构形式和施工模式。
7. 205711767 用于预应力混凝土桥梁预制节段逐跨拼装施工的架桥机
CN
23.11.2016
E01D 21/00 Loading...
E01D 21/00
Loading...
201620403072.5
郑州新大方重工科技有限公司
陈德利
E01D 21/00
Loading...
一种用于预应力混凝土桥梁预制节段逐跨拼装施工的架桥机，其特征在于：它包括主框架，由前至后依次与主框架相结合的一号腿、二号腿、三号腿、四号腿，以及安装在主框架上的天车、端吊挂、中吊挂、液压系统（9）及电气系统；所述主框架包括通过若干根横置的联系梁连接在一起的平行设置的左右主梁；所述一号腿、四号腿为兼做顶升支架的固定支腿，与主框架纵向铰接；所述二号腿、三号腿为活动支腿，通过托辊轮直接与主框架的左右主梁下方的轨道方钢接触；所述天车安装在主框架的左右主梁内侧轨道上；所述端吊挂和中吊挂布置在主框架顶面。
8. 106087775 用于架设城际轨道和地铁U梁自平衡过孔式架桥机
CN
09.11.2016
E01D 21/06 Loading...
E01D 21/06
Loading...
102016000641827
郑州新大方重工科技有限公司
陈永久
E01D 21/06
Loading...
一种用于架设城际轨道和地铁U梁自平衡过孔式架桥机，其特征在于：整机结构包括：主梁、前支腿、中支腿、后支腿、后顶高支腿，前天车、后天车；其中前支腿连接于主梁前端，架梁时放置于前方盖梁上；中支腿连接于主梁中部，架梁时支撑于已架设好U梁的底部斜面上；后支腿在架梁时放置于中支腿后方，支撑于已架设好U梁的底部斜面上；后顶高支腿在架梁时连接于主梁后端，放置于已架设好U梁端部的加厚紧挨斜面的平面上；前天车、后天车放置于主梁走行轨道上，能沿主梁轨道自动走行。
9. 205576751 一种低位架设高铁桥梁的架桥机
CN
14.09.2016
E01D 21/00 Loading...
E01D 21/00
Loading...
202016000356853
郑州新大方重工科技有限公司
周治国
E01D 21/00
Loading...
一种低位架设高铁桥梁的架桥机，其特征在于：它包括低位架桥机和运梁车；所述低位架桥机包括架桥机主梁，通过支腿轮箱和吊挂系统安装在主梁前端的Ⅰ号支腿，以纵向移动方式安装在主梁内侧腹部中间轨道上的前、后起升机构，位于主梁框架中部的Ⅱ号支腿，以及位于主梁的尾部的Ⅳ号支腿；所述Ⅱ号支腿的上部通过铰接的方式与主梁框架两侧的支座相结合；所述Ⅳ号支腿通过铰接方式以绕主梁尾部的连接横梁转动的方式设置在主梁的尾部，且在Ⅳ号支腿的底部设置有走行台车；在所述运梁车的车架的尾部上方安装有竖直向上延伸的用于支撑主梁的尾部的Ⅲ号支腿，在运梁车的车架前部下方安装有竖直向下延伸的用于支撑驮运架低位架桥机的固定支架。
10. 105155419 一种架桥机的前支腿防倾翻装置
CN
07.09.2016
E01D 21/00 Loading...
E01D 21/00
Loading...
102015000517118
郑州新大方重工科技有限公司
代宇
E01D 21/00
Loading...
一种架桥机的前支腿防倾翻装置，其特征在于：它包括以对称设置的方式固接在前支腿上横梁两端的铰座和L型防倾翻梁，分别通过铰接方式安装在相应端铰座上的前支腿托滚轮箱，所述前支腿上横梁两端的底面分别以固接的方式与套装有支腿外套柱的支腿内套柱结合，在两支腿外套柱之间连接有支腿下横梁；所述的前支腿托滚轮箱均是由两个托滚轮箱组成，两个托滚轮箱分别通过销轴与中间连接梁铰接，在中间连接梁的下面焊接有吊挂铰座，吊挂铰座的下面与连接座铰接，连接座的底面通过固接的方式设置有防倾翻横梁，防倾翻横梁位于L型防倾翻梁的下方。本装置解决了在过孔或架梁的施工过程中，由于意外的纵向力而导致前支腿的前后倾斜过大，使得架桥机纵向倾覆的难题。
11. 104514200 大吨位架桥机的后辅助支撑装置
CN
17.08.2016
E01D 21/00 Loading...
E01D 21/00
Loading...
102014000807062
郑州新大方重工科技有限公司
周治国
E01D 21/00
Loading...
大吨位架桥机的后辅助支撑装置，包括一个内支腿和两个外支腿，内支腿支撑在架桥机主梁的后联系梁中部，两个外支腿分别支撑在架桥机主梁左侧和右侧。本发明整体结构紧凑、简洁，功能明确，可以完成架桥机外支腿机构所有的工作，其最直接的效应是：外支腿机构的整体重量大大的降低。降低了外支腿机构的制造成本。即可以满足架桥机喂梁需求，又能够满足架桥机的架梁需要。保证外支腿在最大承载力时也满足架桥机对梁面的要求。
12. 105755964 一种低位架设高铁桥梁的架桥机
CN
13.07.2016
E01D 21/00 Loading...
E01D 21/00
Loading...
102016000263010
郑州新大方重工科技有限公司
周治国
E01D 21/00
Loading...
一种低位架设高铁桥梁的架桥机，其特征在于：它包括低位架桥机和运梁车；所述低位架桥机包括架桥机主梁，通过支腿轮箱和吊挂系统安装在主梁前端的Ⅰ号支腿，以纵向移动方式安装在主梁内侧腹部中间轨道上的前、后起升机构，位于主梁框架中部的Ⅱ号支腿，以及位于主梁的尾部的Ⅳ号支腿；所述Ⅱ号支腿的上部通过铰接的方式与主梁框架两侧的支座相结合；所述Ⅳ号支腿通过铰接方式以绕主梁尾部的连接横梁转动的方式设置在主梁的尾部，且在Ⅳ号支腿的底部设置有走行台车；在所述运梁车的车架的尾部上方安装有竖直向上延伸的用于支撑主梁的尾部的Ⅲ号支腿，在运梁车的车架前部下方安装有竖直向下延伸的用于支撑驮运架低位架桥机的固定支架。
13. 105735142 一种用于预应力混凝土桥梁预制节段逐跨拼装施工的架桥机
CN
06.07.2016
E01D 21/00 Loading...
E01D 21/00
Loading...
102016000295548
郑州新大方重工科技有限公司
陈德利
E01D 21/00
Loading...
一种用于预应力混凝土桥梁预制节段逐跨拼装施工的架桥机，其特征在于：它包括主框架，由前至后依次与主框架相结合的一号腿、二号腿、三号腿、四号腿，以及安装在主框架上的天车、端吊挂、中吊挂、液压系统（9）及电气系统；所述主框架包括通过若干根横置的联系梁连接在一起的平行设置的左右主梁；所述一号腿、四号腿为兼做顶升支架的固定支腿，与主框架纵向铰接；所述二号腿、三号腿为活动支腿，通过托辊轮直接与主框架的左右主梁下方的轨道方钢接触；所述天车安装在主框架的左右主梁内侧轨道上；所述端吊挂和中吊挂布置在主框架顶面。
14. 104631335 大吨位架桥机及其施工方法
CN
29.06.2016
E01D 21/00 Loading...
E01D 21/00
Loading...
102015000060031
郑州新大方重工科技有限公司
吴国梅
E01D 21/00
Loading...
本发明公开了一种大吨位架桥机及其施工方法，大吨位架桥机包括由架桥机主梁、主梁前联系梁、主梁后联系梁组成的主框架结构，所述主框架结构上依次连接设置有中部支撑装置、前辅助支撑装置和后辅助支撑装置；大吨位架桥机的施工方法包括架桥机过孔工序、过孔向架梁转换工序、架桥机架梁工序、架梁向过孔转换工序、正常架梁与末跨转换工序、变跨施工工序、小曲线段施工工序和驮运转场施工工序。本发明解决了大跨度、大吨位、小曲率、跨度和幅度变化多、转场频繁等条件下预制桥梁采用架桥机安装的问题，具有安全、高效、操作维护简单、稳定性能好以及施工荷载分散等优点。
15. 205242361 一种用于水利渡槽架设的专用运槽车
CN
18.05.2016
E02B 5/02 Loading...
E02B 5/02
Loading...
201521059696.1
郑州新大方重工科技有限公司
林建青
E02B 5/02
Loading...
本实用新型公开一种用于水利渡槽架设的专用运槽车。该运槽车是在前、后两台运槽台车之间通过中间联系架固定在一起形成定距的整体车辆，整体车辆为四轨三跨结构；运槽台车包括横置的支撑梁，以与支撑梁轴线相垂直的方式固定安装在支撑梁下方的两根平行设置的上连接梁，在连接梁的两端固接有上连接梁铰座，上连接梁铰座通过铰接方式与下连接梁组件连接；下连接梁组件的两端固接有下连接梁铰座，下连接梁铰座通过铰接方式与下平衡梁连接，下平衡梁的两端分别以水平转动铰接的方式与下平衡梁铰座结合，下平衡梁铰座与驱动台车通过销轴铰接。本实用新型有效降低运槽车的工作高度和重量，节省制造成本，解决了在大型薄壁开口渡槽上平面运行运槽车的技术难题。
16. 105421295 一种用于水利渡槽架设的专用运槽车
CN
23.03.2016
E02B 5/02 Loading...
E02B 5/02
Loading...
201510950870.X
郑州新大方重工科技有限公司
林建青
E02B 5/02
Loading...
本发明公开一种用于水利渡槽架设的专用运槽车。该运槽车是在前、后两台运槽台车之间通过中间联系架固定在一起形成定距的整体车辆，整体车辆为四轨三跨结构；运槽台车包括横置的支撑梁，以与支撑梁轴线相垂直的方式固定安装在支撑梁下方的两根平行设置的上连接梁，在连接梁的两端固接有上连接梁铰座，上连接梁铰座通过铰接方式与下连接梁组件连接；下连接梁组件的两端固接有下连接梁铰座，下连接梁铰座通过铰接方式与下平衡梁连接，下平衡梁的两端分别以水平转动铰接的方式与下平衡梁铰座结合，下平衡梁铰座与驱动台车通过销轴铰接。本发明有效降低运槽车的工作高度和重量，节省制造成本，解决了在大型薄壁开口渡槽上平面运行运槽车的技术难题。
17. 105155419 一种架桥机的前支腿防倾翻装置
CN
16.12.2015
E01D 21/00 Loading...
E01D 21/00
Loading...
201510517118.6
郑州新大方重工科技有限公司
代宇
E01D 21/00
Loading...
一种架桥机的前支腿防倾翻装置，其特征在于：它包括以对称设置的方式固接在前支腿上横梁两端的铰座和L型防倾翻梁，分别通过铰接方式安装在相应端铰座上的前支腿托滚轮箱，所述前支腿上横梁两端的底面分别以固接的方式与套装有支腿外套柱的支腿内套柱结合，在两支腿外套柱之间连接有支腿下横梁；所述的前支腿托滚轮箱均是由两个托滚轮箱组成，两个托滚轮箱分别通过销轴与中间连接梁铰接，在中间连接梁的下面焊接有吊挂铰座，吊挂铰座的下面与连接座铰接，连接座的底面通过固接的方式设置有防倾翻横梁，防倾翻横梁位于L型防倾翻梁的下方。本装置解决了在过孔或架梁的施工过程中，由于意外的纵向力而导致前支腿的前后倾斜过大，使得架桥机纵向倾覆的难题。
18. 204567741 一种操作机构
CN
19.08.2015
B62D 1/02 Loading...
B62D 1/02
Loading...
201520233478.9
郑州新大方重工科技有限公司
张建恒
B62D 1/02
Loading...
本实用新型公开了一种操作机构。它包括架放在导轨底座上的操作机构底座，通过角度调整机构架放在操作机构底座上的操作机构平台；在操作机构平台腔体内设置有转向轴安装台架，在转向轴安装台架上方固定安装连接管，在所述转向轴安装台架下方固定安装有转向轴固定座；转向轴的上端固定安装有方向盘，转向轴的下端通过轴承与转向轴固定座相结合，且在转向轴下段的螺纹段处旋装有丝杆螺母；在转向轴固定座的底部设置有编码器，编码器通过拨叉与导杆的下端相结合，导杆与丝杆螺母相固接；在转向轴的螺纹段上方套装有磁粉制动器，磁粉制动器顶部与连接管下端固接。本实用新型能够为驾驶员整车提供前行后退、高速低速、左转右转、升降的操作机构。
19. 204567820 一种轮胎式运架梁专用车
CN
19.08.2015
B62D 51/00 Loading...
B62D 51/00
Loading...
201520233446.9
郑州新大方重工科技有限公司
王书超
B62D 51/00
Loading...
一种轮胎式运架梁专用车，包括由液压驱动、无级调速、液压悬挂、且可以实现整升整降或单点升降、实现90°横行的液压独立转向平板车；在平板车的车架上平面安装有上平台纵横移机构；所述上平台纵横移机构由布置在车架上平面的滑板、安放在滑板上面的支撑架、用于连接支撑架与车架的夹紧机构、以及用于驱动支撑架沿滑板上平面作横向位于运动的平移油缸组成；所述的夹紧机构由穿插在支撑架上的螺杆挡块、安装在螺杆挡块上的螺母和将螺杆挡块固定于车架上的销轴组成；所述的平移油缸由安装在油缸活塞杆顶端的与支撑架端部相配合的顶块、安装在车架上的用于限制油缸摆动的夹紧块、平放在车架上的油缸、安装在车架上的油缸座和连接油缸与油缸座的油缸销轴组成。
20. 204569186 一种门式起重机用渣箱回转机构
CN
19.08.2015
B66C 13/08 Loading...
B66C 13/08
Loading...
201520233521.1
郑州新大方重工科技有限公司
崔瑞玲
B66C 13/08
Loading...
本实用新型公开了一种门式起重机用渣箱回转机构。它包括通过吊环轴吊挂在上回转支承组件下方的下回转支承组件；上回转支承组件包括分别安装在上回转梁两端的通过钢丝绳与天车起吊装置相连的滑轮组件，安装在上回转梁一侧的电缆卷筒组件，位于上回转梁底面的环形轨道，以及设置在上回转梁中间位置的回转驱动装置；下回转支承组件包括以对称设置的方式安装在下回转梁顶面的两个托辊装置，以及设置在下回转梁两端的销轴；吊环轴通过推力轴承安装在上回转梁的中心位置处；回转驱动装置包括安装在吊环轴上的从动大齿轮、与从动大齿轮相啮合的两个主动小齿轮。本实用新型能有效降低劳动强度，工作效率高，旋转角度可控，整体机构运行平稳可靠。
21. 204529153 一种节段拼装架桥机的天车
CN
05.08.2015
B66C 19/00 Loading...
B66C 19/00
Loading...
201520233643.0
郑州新大方重工科技有限公司
刘舒馨
B66C 19/00
Loading...
一种节段拼装架桥机的天车，包括主梁和设置在主梁一端的刚性支腿，设置在主梁另一端的柔性支腿；所述主梁是由主梁A和主梁B组成的双箱梁矩形结构体；所述刚性支腿的横向为上窄下宽的梯形结构，纵向为上宽下窄的直角三角结构，刚性支腿的上端通过固接的方式与主梁相结合；柔性支腿的横向为上宽下窄的等腰三角形结构，柔性支腿的上端通过铰接方式与主梁结合；柔性支腿下端的三角形顶点与门架柔腿下横梁之间设置有台车回转支撑，台车回转支撑通过柔腿回转机构与门架柔腿下横梁在门架的纵面铰接；位于刚性支腿下部的天车走行机构的轮箱通过台车回转支撑与刚性支腿相结合，位于柔性支腿下部的天车走行机构的轮箱通过置台车回转支撑安装在门架柔腿下横梁下方。
22. 204526937 一种箱涵运输的转动支撑装置
CN
05.08.2015
B60P 1/00 Loading...
B60P 1/00
Loading...
201520233444.X
郑州新大方重工科技有限公司
王书超
B60P 1/00
Loading...
一种箱涵运输的转动支撑装置，其特征在于：它包括通过回转轴承安装在箱涵运输车顶面的转动支撑梁，用于驱动转动支撑梁相对于箱涵运输车作水平转动的转向油缸，以及安装在箱涵运输车顶面的位于转动支撑梁前、后方的用于支撑箱涵两端的各两个支撑油缸；所述的转向油缸的一端通过油缸安装座a与转动支撑梁相结合，另一端通过油缸安装座b与车架相结合；所述的支撑油缸通过支撑油缸座安装在车架上，支撑油缸的活塞杆端部安装有与被支撑的箱涵端面形状相配合的支撑块。
23. 104631334 大吨位架桥机的中部支撑装置
CN
20.05.2015
E01D 21/00 Loading...
E01D 21/00
Loading...
201510059251.1
郑州新大方重工科技有限公司
宋鲁竞
E01D 21/00
Loading...
大吨位架桥机的中部支撑装置，包括前支腿和位于前支腿后方的后支腿，前支腿包括前支腿上横梁，前支腿上横梁底面左右两侧分别通过前铰链转动连接有一个支撑件，前支腿上横梁顶面在左右两侧分别设有沿左右方向开设的一条前滑道，前滑道内滑动连接有前托盘，前支腿上横梁上设有用于驱动前托盘沿前滑道滑动的前横移驱动油缸，前托盘上设有前托辊支撑机构。本发明既可以满足曲线梁的架设，也可以满足双幅箱梁中心距变化的特殊工况，又可以满足一侧桥面支撑、一侧桥墩支撑的极特殊工况。极大地拓展了架桥机的使用面，能够更好的满足各种架梁需求，同时减轻了架桥机的整体重量，节约设备的制造和投资成本。
24. 104512802 Multifunctional longitudinal movement driving device for bridge girder erection machine
CN
15.04.2015
B66C 9/14 Loading...
B66C 9/14
Loading...
201410806967.9
郑州新大方重工科技有限公司
宫占斌
B66C 9/14
Loading...
A multifunctional longitudinal movement driving device for a bridge girder erection machine comprises a driving module arranged on a crown block of the bridge girder erection machine, driving chains on main beams of the bridge girder erection machine and a support rod mechanism between the crown block of the bridge girder erection machine and a main landing leg. Longitudinal movement of the crown block of the bridge girder erection machine and via holes of the main beams can be achieved by one drive mechanism; the problems of insufficient driving power, operation skid, difficult mechanism layout and the like of the bridge girder erection machine during long-span, large-tonnage and heavy-grade bridge construction can be solved; and the device has the characteristics of safety, stability, low cost, compact mechanism layout and the like.
25. 104514199 大吨位架桥机的起升系统
CN
15.04.2015
E01D 21/00 Loading...
E01D 21/00
Loading...
201410806939.7
郑州新大方重工科技有限公司
王琪
E01D 21/00
Loading...
大吨位架桥机的起升系统，包括导向滑轮组件、起升天车纵梁、定滑轮组件、起重小车走行机构、动滑轮组件、吊具组件、起重大车架、起重大车走行机构、左平台、右平台、左卷扬机、右卷扬机、纵移驱动机构；每两组动滑轮组件底部连接有一个单吊具组件和/或双吊具组件。本发明整体结构紧凑、简洁可靠，整体重量大大的降低，新的穿绳方式在满足绳偏角的要求下还可以实现卷扬机的二层绕绳的要求，提高了钢丝绳的使用寿命，保证在吊具组件上的每一个吊杆都受力均匀一致。满足使用工艺要求的前提下就可以让支腿托辊轮箱的外形尺寸做到最小，降低了架桥机的制造成本。
26. 204140843 一种带散热器的传动箱
CN
04.02.2015
F16H 57/04 Loading...
F16H 57/04
Loading...
201420586415.7
郑州新大方重工科技有限公司
崔军祥
F16H 57/04
Loading...
一种带散热器的传动箱，它包括用于传递扭矩的传动箱，其特征在于：在传动箱的相应输出轴端通过连接件安装有齿轮泵，所述齿轮泵的进油管口通过齿轮油输送管路与传动箱底部设置的出油管口相连通，所述液压泵的出油管口通过齿轮油输送管路与散热器的进油管口相连通，所述散热器的出油管口通过齿轮油输送管路与传动箱上部设置的进油管口相连通。本实用新型能够在不间断传递大扭矩的同时不断地将传动箱本体产生的热量及时散发出去，从而保证了传动箱的正常工作、延长了传动箱的使用寿命、提高了整体安全性，减少了成本。
27. 204123965 动力模块
CN
28.01.2015
B60K 25/02 Loading...
B60K 25/02
Loading...
201420586279.1
郑州新大方重工科技有限公司
张建恒
B60K 25/02
Loading...
一种动力模块适用于滩涂车辆。它包括密闭式结构的动力模块底座，通过密闭方式架放在动力模块底座上的密闭式结构的动力模块外壳，安装在动力模块底座上的发动机，安装在发动机动力输出端的分动箱，分别与分动箱相应输出端相结合的若干液压泵；分别安装在动力模块外壳上中冷器、空气滤清器、液压油散热器和消音器，分别安装在发动机上的空气滤清器进气管，中冷器进气管，中冷器出气管，冷却液进水管，冷却液出水管和排气管，用于发动机和泵正常工作所需的燃油箱、液压油箱；用于中冷器正常工作所需中冷器马达进油管，中冷器马达出油管、中冷器马达补油管。本实用新型能够满足滩涂车辆在海边或河边滩涂路面上水面高度较高的情况下提供动力。
28. 204110741 一种集装箱装载机的多功能传输平台
CN
21.01.2015
B65G 13/00 Loading...
B65G 13/00
Loading...
201420585984.X
郑州新大方重工科技有限公司
许利君
B65G 13/00
Loading...
一种集装箱装载机的多功能传输平台包括整体承载式框架结构传输平台机架，该传输平台机架包括平行设置的前后横梁、平行设置的左右侧边纵梁、位于左右侧边纵梁之间的左右中间纵梁、以及分别设置在位于同侧的侧边纵梁与中间纵梁之间的以均布的方式布置有若干个万向球的支撑板；所述传输平台机架沿横向中心线被分为前、后两部分，前部分由安装在左右中间纵梁之间的传输平台纵传滚柱总成和前部横向传动横梁组成，后部分由安装在左右中间纵梁之间的传输平台纵传滚柱总成和后部横传、回转传动总成组成。本实用新型是一种结构简单﹑操作维修方便﹑传输效率高﹑传输力大速度高﹑且具备纵传﹑横传﹑回转多功能传输平台。
29. 204095404 一种后轮行走装置
CN
14.01.2015
B60B 37/00 Loading...
B60B 37/00
Loading...
201420586460.2
郑州新大方重工科技有限公司
许利君
B60B 37/00
Loading...
一种后轮行走装置，适用于机场集装箱装载机。它包括后轮架、通过轮轴安装在后轮架上的前后走轮、竖直设置在前后走轮之间的油缸；所述油缸的活塞杆下端通过球铰方式安装在后轮架中心位置处，油缸的缸筒上端通过连接螺栓安装在车架中部下方。进一步说，所述的油缸的缸筒上端部加工成正方形的法兰，并对称设置着四个连接用的螺纹孔，通过连接螺栓与车架边梁的下底面栓接在一起，以使后轮行走装置与车架相对固定，共同承担来自地面的支撑力和行走摩擦阻力。本实用新型不仅结构简单，而且能够实现上、下起降动作，在行走时提高了纵向通过性，在作业工作中起支撑作用，适应路面复杂的坡度状况。
30. 203877795 一种步履式半自动纵横移机构
CN
15.10.2014
B66C 23/62 Loading...
B66C 23/62
Loading...
201420292597.7
郑州新大方重工科技有限公司
宋鲁竞
B66C 23/62
Loading...
一种步履式半自动纵横移机构，其特征在于：它包括一端通过铰接方式与支撑座相结合、另一端通过油缸销轴与可自动回正拨叉机构相连接的双作用油缸；所述的可自动回正拨叉机构包括由左右勾板和支撑架共同组成的横截面呈Π形结构的本体、安装在支撑架顶面加工出的纵向导槽内的滑移轨道底板、安装在滑移轨道底板上方的滑移轨道；在所述左右勾板的前下部加工有用于穿装油缸销轴的轴孔，在左右勾板中部的腔体内通过铰轴安装有拨叉，在左右勾板上、拨叉所处位置的前后方分别加工有用于穿装限制拨叉摆幅的限位销轴的轴孔，沿滑移轨道底板长度方向开设有与拨叉的拨叉舌相配合的多个通孔。
31. 203855900 天车运行轨道轨距变化调整机构
CN
01.10.2014
E01D 21/06 Loading...
E01D 21/06
Loading...
201420292598.1
郑州新大方重工科技有限公司
苏春霞
E01D 21/06
Loading...
一种天车运行轨道轨距变化调整机构，其特征在于：它包括固定安装在天车架底面的上绞座，通过销轴安装在行走轮箱上的下铰座，所述上、下绞座通过用于保持两个铰座在不脱离条件下实现纵向相对滑移运动的连接构件结合在一起。本实用新型的起重设备相比现有技术不仅使轨距变化超过±100毫米现场施工难题得以解决，而且使施工更为安全，实施起来容易操作。
32. 203854500 一种混合动力驱动运输设备
CN
01.10.2014
B60K 6/22 Loading...
B60K 6/22
Loading...
201420292677.2
郑州新大方重工科技有限公司
崔军祥
B60K 6/22
Loading...
一种混合动力驱动运输设备，其特征在于：它包括两端分别设置有驾驶室（1）的整体式承载车架（6），安装在整体式承载车架（6）下方的四套独立行走的悬挂装置，以及设置在整体式承载车架中部下方的动力装置；所述的动力装置包括分别与分动箱（8）的相应动力输入轴相结合的发动机（7）、电机（9），与分动箱的动力输出轴相结合的液压泵（10），为电机（9）提供动力源的电池（3），以及液压油箱（4）和柴油箱（5）。
33. 203855314 一种大坡度天车行走保护装置
CN
01.10.2014
B66C 11/16 Loading...
B66C 11/16
Loading...
201420292917.9
郑州新大方重工科技有限公司
苏春霞
B66C 11/16
Loading...
一种大坡度天车行走保护装置，其特征在于：它包括设置在主梁前端机架上的双出绳的卷扬机，所述卷扬机上牵引钢丝绳的一个绳头通过设置在主梁前端机架上的导向滑轮Ⅳ与位于主梁中间部位起升天车的前端中部相连接；所述卷扬机上牵引钢丝绳的另一个绳头通过设置在主梁前端机架上的导向滑轮Ⅰ、以及设置在主梁后端机架上的导向滑轮Ⅱ、导向滑轮Ⅲ与位于主梁中间部位起升天车的后端中部相连接。利用本实用新型不会发生溜坡现象，减少设备震动和噪声，改善工作条件，使施工更为安全，而且实施起来更容易操作，并可使工作效率得以明显提高。
34. 203845656 一种纵、横向自动调整梁段坡度的吊梁装置
CN
24.09.2014
B66C 1/10 Loading...
B66C 1/10
Loading...
201420292812.3
郑州新大方重工科技有限公司
苏春霞
B66C 1/10
Loading...
一种纵、横向自动调整梁段坡度的吊梁装置，包括由纵梁和悬臂式横梁组成的T形结构的吊梁，在吊梁中间部位竖直安装有90度转换接头，所述90度转换接头是由设置有曲臂的下接头、通过销轴与下接头相结合的上接头组成，所述下接头通过销轴与吊梁相铰接，所述曲臂与纵梁位于同一立平面内，且用于连接上、下接头的销轴与连接在吊梁与下接头之间的销轴的轴线相互垂直；用于调整纵向坡度的纵倾油缸的一端通过销轴与下接头的曲臂前端相铰接、另一端通过销轴与设置在上接头相应侧的连接耳相铰接；用于调整横向坡度的横倾油缸的一端通过销轴与悬臂式横梁的悬臂端相结合、另一端通过销轴与设置在上接头相应侧的连接耳相铰接。
35. 203845714 一种悬臂式门式起重机
CN
24.09.2014
B66C 19/00 Loading...
B66C 19/00
Loading...
201420292667.9
郑州新大方重工科技有限公司
陈媛媛
B66C 19/00
Loading...
一种悬臂式门式起重机，其特征在于：它包括一端通过联系梁铰接在刚腿顶部的悬臂式主梁，在悬臂式主梁的悬臂端通过联系框架安装有柔性支腿，在悬臂式主梁上方通过横向设置的轨道安装有起升机构；所述柔性支腿的顶部采用螺栓与联系框架相固接，在柔性支腿侧面焊接有耳板，所述耳板通过销轴与联系框架端部设置的耳板销接（便于主梁和支腿的整体起吊安装）；在位于所述柔性支腿安装位置前方的悬臂式主梁端部下方设置有用于悬挂电动葫芦的横置轨道。
36. 103981814 天车运行轨道轨距变化调整机构
CN
13.08.2014
E01D 21/06 Loading...
E01D 21/06
Loading...
201410243872.0
郑州新大方重工科技有限公司
苏春霞
E01D 21/06
Loading...
一种天车运行轨道轨距变化调整机构，其特征在于：它包括固定安装在天车架底面的上绞座，通过销轴安装在行走轮箱上的下铰座，所述上、下绞座通过用于保持两个铰座在不脱离条件下实现纵向相对滑移运动的连接构件结合在一起。本发明的起重设备相比现有技术不仅使轨距变化超过±100毫米现场施工难题得以解决，而且使施工更为安全，实施起来容易操作。
37. 203637965 站驾式小型电动运输车
CN
11.06.2014
B62D 51/02 Loading...
B62D 51/02
Loading...
201320686227.7
郑州新大方重工科技有限公司
张志华
B62D 51/02
Loading...
本实用新型公开了站驾式小型电动运输车，包括车架，车架下部前侧和后侧分别设有驱动轮和万向轮，驱动轮同轴设有驱动电机，车架上设有与驱动电机连接的可充电电池组，所述车架上设有负载架和位于负载架后侧的站驾平台，站驾平台后侧敞口，站驾平台左右两侧分别设有固定在车架上防护栏，负载架顶部设有电机控制及操控单元。本实用新型设计合理、结构简单、大幅减轻图书搬运的劳动强度，大大提高了工作效率，实用性强，易于推广应用。本实用新型还可以将负载架的具体结构设计为货架形式，这样可以用于超市、仓库拣选商品。
38. 203593052 一种模块车辆底盘及采用该底盘的工程机械
CN
14.05.2014
B62D 21/20 Loading...
B62D 21/20
Loading...
201320362741.5
郑州新大方重工科技有限公司
李纲
B62D 21/20
Loading...
本实用新型公开了一种模块车辆底盘及采用该底盘的工程机械。所述的模块车辆底盘包括一个中间体，环绕中间体呈放射状分布的四个装有若干组行走悬挂机构的支腿，以及拖挂结构；所述四个支腿的一端可摆动地铰接在中间体上，另一端分别设置有可竖直伸缩的支腿支撑机构；位于中间体横向中心线的同一侧的其中两个支腿能够与拖挂结构的一端可拆卸地连接，所述拖挂结构的另一端能够与牵引车可拆卸地连接。该模块车辆底盘能够实现现场施工作业、场内短距离转场和长距离快速转场的不同工作模式。本实用新型还公开了一种采用该底盘的工程机械。
39. 203514205 一种用于U型水利渡槽施工的移动模架
CN
02.04.2014
E01D 21/00 Loading...
E01D 21/00
Loading...
201320654875.4
郑州新大方重工科技有限公司
周治国
E01D 21/00
Loading...
一种用于U型水利渡槽施工的移动模架，包括内梁和外梁；在内梁下方的前后端固接安装有支撑于渡槽槽墩顶部的内梁1号腿和已浇注成形的渡槽内部轨道上的内梁4号腿，通过顶部设置的托辊支撑在内梁下方的内梁2号腿、内梁3号腿，以及通过撑杆和油缸固定在内梁外部的移动模架式结构的内模系统；外梁的双梁之间通过联系梁形成整体，联系梁为桁架结构，在外梁下方的前后端以固接方式分别安装有支撑于渡槽槽墩顶部的外梁主支腿，以及外梁后走行机构和外梁前走行机构；外梁前走行机构支撑于内梁上方的轨道上，外梁后走行机构支撑于以浇注成形的渡槽槽顶的轨道上；沿所述外梁纵向以均布的方式分别通过铰座和伸缩油缸铰接于外梁下部的若干个对开式结构的外肋，通过撑杆和螺栓固定在外肋内部的外模板。
40. 203514207 一种用于双矩形水利渡槽施工的自行式移动模架
CN
02.04.2014
E01D 21/06 Loading...
E01D 21/06
Loading...
201320658169.7
郑州新大方重工科技有限公司
高自茂
E01D 21/06
Loading...
一种用于双矩形水利渡槽施工的自行式移动模架，包括外梁系统（1）、外模系统（2）、内梁系统（3）、外模系统（4）、电控系统（5）及液压系统（6）等几大部分；所述外梁系统（1）为本装备的主承载系统，主要由外梁（1a）、外梁1号腿（1b）、外梁2号腿（1c）、外梁3号腿（1d）、外梁4号腿（1e）、外梁后走行（1f）组成；其中外梁（1a）采用箱形组合梁形式，为双梁形式，双梁中心距9.5米，双梁之间通过两组端联系梁及8组中间联系梁、16组左右对称的挑梁形成整体；外主梁为造槽机的主要承重结构，浇筑状态通过外梁3、4号支腿将荷载分别传递至浇筑跨前后方墩顶。
41. 203490506 一种车载激光自动导向控制系统
CN
19.03.2014
G05B 19/19 Loading...
G05B 19/19
Loading...
201320654807.8
郑州新大方重工科技有限公司
邢军伟
G05B 19/19
Loading...
一种车载激光自动导向控制系统，其特征在于：所述控制系统包括激光轮廓扫描仪、工业计算机、与工业计算机电连接的显示器、车载控制器、比例阀、转向机构、编码器；其中所述激光轮廓扫描仪的信号输出端接入工业计算机的相应输入端，所述工业计算机的控制信号输出端接入车载控制器的相应输入端，车载控制器的输出端接比例阀的相应输入端，比例阀的输出端接转向机构的相应输入端，转向机构的输出端通过用于测量转向角度的编码器接入车载控制器的相应输入端。通过激光轮廓扫描仪扫描道路信息传输到工业计算机，工业计算机根据预先人为设定的行驶路径计算轨迹偏差等信息，传输到车载控制器,车载控制器确定转向模式，控制转向比例阀驱动转向机构运动，使车辆转向，通过编码器检测转向角度传输到车载控制器，进行闭环控制实现精确的自动导向行驶。
42. 203428812 桁架式伸缩臂及包含该桁架式伸缩臂的起重机
CN
12.02.2014
B66C 23/687 Loading...
B66C 23/687
Loading...
201320366676.3
郑州新大方重工科技有限公司
李纲
B66C 23/687
Loading...
本实用新型公开了一种桁架式伸缩臂及包含该桁架式伸缩臂的起重机。本实用新型的桁架式伸缩臂通过铰接方式安装于起重机的塔身或主臂的顶部，包括至少两节依次套装在一起而能够利用自重实现相对伸缩运动的臂节，每个臂节包括弦杆和腹杆，每相邻两个臂节间设有用于锁定和解锁相邻两个臂节的锁定装置。由于采用依靠自重伸缩的原理，臂节之间依靠结构简单的锁定装置实现锁定和解锁，使得本实用新型无需动力驱动装置等即可实现伸缩。而且，臂节之间的相互配合的滑块和滑道也有助于彻底摆脱动力驱动装置。另外，上述结构与桁架式结构相结合，提高了力学性能，进一步降低的自重，简化了结构，降低了加工成本。
43. 103526697 Self-propelled movable formwork for construction of double-rectangle water conservancy aqueduct
CN
22.01.2014
E01D 21/06 Loading...
E01D 21/06
Loading...
201310505509.7
郑州新大方重工科技有限公司
高自茂
E01D 21/06
Loading...
Provided is a self-propelled movable formwork for construction of a double-rectangle water conservancy aqueduct. The self-propelled movable formwork for construction of the double-rectangle water conservancy aqueduct comprises an outer beam system (1), an outer mould system (2), inner beam systems (3), inner mould systems (4), an electronic control system (5), a hydraulic system (6) and the like. The outer beam system (1) is a main load bearing system of the self-propelled movable formwork, and mainly comprises an outer beam (1a), a first outer beam leg (1b), a second outer beam leg (1c), a third outer beam leg (1d), a fourth outer beam leg (1e) and a rear outer beam walking portion (1f), wherein a box-shaped composite beam mode is adopted by the outer beam (1a), the outer beam (1a) is of a double-beam form, the center distance between the double beams is 9.5m, and the double beams are combined into a whole through two end-connecting beams, eight middle-connecting beams and sixteen outriggers which are symmetrical in a left-and-right mode. An outer girder serves as a main bearing structure of an aqueduct construction machine, the load of the pouring state is transmitted to the top of a poured pier through the third outer beam leg and the fourth outer beam leg, and the poured pier straddles the front portion and the rear portion.
44. 103498421 Movable formwork used for U-type water-conservancy flume construction
CN
08.01.2014
E01D 21/00 Loading...
E01D 21/00
Loading...
201310501488.1
郑州新大方重工科技有限公司
周治国
E01D 21/00
Loading...
A movable formwork used for U-type water-conservancy flume construction comprises an inner beam and an outer beam. The front end and the rear end of the lower portion of the inner beam are fixedly connected with an inner beam number one leg supported on the top of a flume pier, an inner beam number four leg which is formed in a pouring mode on an inner rail of the flume, an inner beam number two leg, an inner beam number three leg and an inner die system, wherein the inner beam number two leg and the inner beam number three leg are supported on the lower portion of the inner beam through carrier rollers arranged on the top of the movable formwork, and the inner die system is fixed to the outside of the inner beam through a supporting rod and an oil cylinder and is of a movable formwork structure. Double beam bodies of the outer beam are connected to form a whole through a connection beam, the connection beam is of a truss structure, and the front end and the rear end of the lower portion of the outer beam are respectively and fixedly connected with an outer beam main supporting leg supported on the top of the flume pier, an outer beam rear walking mechanism, an outer beam front walking mechanism, a plurality of outer ribs of an oppositely-opening structure and outer templates, wherein the outer beam front walking mechanism is supported on a rail on the upper portion of the inner beam, the outer beam rear walking mechanism is supported on the rail which is formed in the pouring mode on the top of the flume, the outer ribs are evenly hinged to the lower portion of the outer beam through hinged supports and retractable oil cylinders in the longitudinal direction along the outer beam, and the outer templates are fixed to the insides of the outer ribs through stay bars and bolts.
45. 203320424 用于架设大型薄壁渡槽用架桥机开启式后联系架
CN
04.12.2013
E01D 21/00 Loading...
E01D 21/00
Loading...
201320393705.5
郑州新大方重工科技有限公司
林建青
E01D 21/00
Loading...
一种用于架设大型薄壁渡槽用架桥机开启式后联系架，其特征在于：它包括通过连接件分别固接在左右下导梁上平面上的左右后联系架立柱，在左右后联系架立柱上端的相对侧分别通过旋转销轴和固定销轴连接有一个翻转横梁，两个翻转横梁的中间对接处通过旋转销轴固定；在两个翻转横梁与相应的后联系架立柱之间分别设置有一个翻转油缸，所述翻转油缸一端通过油缸耳座连接在后联系架立柱的外侧，另一端通过油缸耳座焊接在翻转横梁的外端部；在翻转横梁上安装有分别用于拔出两个翻转横梁之间的连接两个连接销轴的两套自动插拔销机构Ⅰ，以及用于拔出固定销轴的自动插拔销机构Ⅱ。
46. 203318238 一种用于水利渡槽架设的运槽车
CN
04.12.2013
B60P 3/022 Loading...
B60P 3/022
Loading...
201320393746.4
郑州新大方重工科技有限公司
林建青
B60P 3/022
Loading...
一种用于水利渡槽架设的运槽车，其特征在于：它包括两台结构形式相同的运槽台车（1），以及连接在两台运槽台车之间的中间联系架（2）；所述的运槽台车（1）包括与中间联系架（2）相结合的横置的承载梁（10），以纵向均布的方式安装在承载梁（10）下方的三根分配梁（9）；在每根分配梁（9）下方的一端通过铰座设置有一组走行机构，在每根分配梁（9）下方的另一端通过铰座设置有与分配梁（9）相平行的上均衡梁（7），在上均衡梁（7）的两端通过铰座分别设置有一组走行机构；所述走行机构包括下均衡梁（5），分别通过下均衡梁铰座（4）设置在下均衡梁（5）前后端的走行小台车（3），所述下均衡梁铰座（4）与下均衡梁（5）之间采用水平转动方式相铰接。
47. 203318543 多自由度驾驶室
CN
04.12.2013
B62D 33/063 Loading...
B62D 33/063
Loading...
201320393845.2
郑州新大方重工科技有限公司
李纲
B62D 33/063
Loading...
一种多自由度驾驶室，它包括分别以铰接方式设置在驾驶室托架前部的轿厢和设置在驾驶室托架后部的托台，一端与托台相铰接、另一端与摆臂相铰接的主臂，以及一端与托台相铰接、另一端与摆臂相铰接的拉杆，所述拉杆以与主臂相平行的方式穿装在位于主臂下方的槽腔内；在托台与驾驶室托架之间以铰接方式设置有摆动油缸；所述摆臂的另一端与机台主体相铰接，在摆臂与机台主体之间以铰接方式设置有回转油缸；并由所述的摆臂、拉杆、主臂以及托台在主臂变幅平面内构成平行四边形机构；在摆臂与主臂的结合端摆臂底面上以铰接方式连接有连接板，所述连接板的另一端的两侧面分别铰接一个侧板，所述侧板的另一端分别铰接在主臂的两个侧面；连接板与摆臂、主臂及侧板在主臂变幅平面内构成四杆机构；在连接板与侧板结合端设置有变幅油缸，变幅油缸的另一端与主臂铰接。
48. 203321924 一种控制油缸伸缩、保压和浮动的液压装置
CN
04.12.2013
F15B 15/02 Loading...
F15B 15/02
Loading...
201320393748.3
郑州新大方重工科技有限公司
管小兴
F15B 15/02
Loading...
一种控制油缸伸缩、保压和浮动的液压装置，其特征在于：它包括油缸（ 7 ）、比例阀（ 2 ）、单向节流阀（ 3 ）、梭阀（ 4 ）、阻尼节流阀（ 5 ）、双向液压锁（ 6 ）、单向阀（ 8 ）、电磁换向阀（ 9 ）以及相应连接管路；其中，油缸（ 7 ）无杆腔与双向液压锁（ 6 ）、单向节流阀（ 3 ）和比例阀（ 2 ）串联构成第一油路；油缸（ 7 ）有杆腔与双向液压锁（ 6 ）和比例阀（ 2 ）串联后构成第二油路；第一油路和第二油路之间连接有梭阀（ 4 ），由梭阀（ 4 ）第三端串联阻尼节流阀（ 5 ）后分别连接双向液压锁（ 6 ）和单向阀（ 8 ），单向阀（ 8 ）与电磁换向阀（ 9 ）连接构成第三油路；所述比例阀（ 2 ）连接主系统压力油源（ 1 ）；所述电磁换向阀（ 9 ）连接控制系统压力油源（ 10 ）。
49. 203306132 一种履带式行走底盘
CN
27.11.2013
B62D 55/084 Loading...
B62D 55/084
Loading...
201320393824.0
郑州新大方重工科技有限公司
李纲
B62D 55/084
Loading...
一种履带式行走底盘，它包括行车架（1）、并行设置在行车架（1）两侧的履带总成（2）、与履带总成（2）相结合的支腿组件（4）、以及用于驱动支腿组件（4）绕铰轴摆动的支腿摆动油缸（5），其特征在于：在行车架（1）上以对称布置的方式设置有由两个相互嵌套在一起的以水平方式向左右侧延伸的两个横梁（61、62）组成的导梁（6）；所述的并行设置在行车架（1）两侧的履带总成（2）分别以轴孔配合的方式分别与以水平方式向左右侧延伸的导梁（6）两端相结合，且在行车架（1）与履带总成（2）之间设置有用于驱动履带总成沿所述导梁作纵向位移运动的底盘伸缩油缸（3）；所述的支腿组件（4）以左右对称地布置在履带总成（2）的外侧面。
50. 203306948 一种单动力多倍率变幅机构
CN
27.11.2013
B66C 23/82 Loading...
B66C 23/82
Loading...
201320393789.2
郑州新大方重工科技有限公司
李纲
B66C 23/82
Loading...
一种单动力多倍率变幅机构，它包括卷扬（1）、卷扬钢丝绳（2）、固定安装在起升设备主体结构上的第一撑臂（3）、铰接在起升设备主体结构上的第二撑臂（4）和臂架（5），以及第二撑臂拉索（6）、第一撑臂滑轮组（7）、第二撑臂滑轮组（8）、第二撑臂滑轮组定位构件（9）、动滑轮组（10）、动滑轮组定位构件（11）和臂架拉索（12），其特征在于：所述第一撑臂滑轮组（7）设置在第一撑臂（3）的端部；所述第二撑臂滑轮组（8）设置在第二撑臂（4）的端部；所述动滑轮组（10）设置在臂架拉索（12）一端，臂架拉索（12）的另一端与臂架（5）的头部铰接；所述第二撑臂拉索（6）的两端分别与第一撑臂（3）和第二撑臂（4）铰接；所述的卷扬钢丝绳（2）依次绕过第一撑臂滑轮组（7）、第二撑臂滑轮组（8）、动滑轮组（10）、且在第一撑臂滑轮组（7）和第二撑臂滑轮组（8）间以n1倍率缠绕，在第二撑臂滑轮组（8）和动滑轮组（10）间以n2倍率缠绕，n1＜n2。通过调整n1、n2，及第二撑臂的初始角度，使机构在向上和向下变幅的过程中，卷扬绳对臂架、臂架与第二撑臂结合体的力矩达到最大，且使臂架变幅范围扩大到165°。
51. 203306991 一种专用集装箱装载机
CN
27.11.2013
B66F 7/08 Loading...
B66F 7/08
Loading...
201320393703.6
郑州新大方重工科技有限公司
许利君
B66F 7/08
Loading...
一种专用集装箱装载机，包括通过前剪支撑安装在装载机车架前方的桥平台，设置在桥平台上方的操作平台，通过后剪支撑安装在装载机车架后方的主平台；前剪支撑采取由举升油缸驱动的双剪刀支撑结构；剪支撑是由提升机构驱动的后内剪支撑和后外剪支撑组成；所述的提升机构由起升油缸，板式链等组成，起升油缸底部安装在车架的纵梁上，起升油缸的中部通过Z型横梁用螺栓与车架的侧边梁紧固，板式链的上端绕过设置在起升油缸顶部的链轮与所述的主平台前端部相连接，板式链的下端通过拉杆连接在车架上；所述后外剪支撑的下端通过滚轮与设置在车架上的纵向导轨相配合；所述后内剪支撑的上端通过滚轮与主平台底面设置的纵向导轨相配合。
52. 203305879 一种自动变速的驱动运输设备
CN
27.11.2013
B60P 3/00 Loading...
B60P 3/00
Loading...
201320393692.1
郑州新大方重工科技有限公司
孙存良
B60P 3/00
Loading...
一种自动变速的驱动运输设备，其特征在于：它包括起承重作用的具有上下两层结构的车架，位于车架前端并置于上层结构下方的驾驶室，设置在车架中下方的动力总成，位于动力总成前部车架下方依次排列的多套从动桥，以及位于动力总成后部车架下方的通过传动轴依次与动力总成相连接的前、后两套驱动桥。
53. 203306133 一种适用于工程车辆的履带式悬挂机构
CN
27.11.2013
B62D 55/104 Loading...
B62D 55/104
Loading...
201320393786.9
郑州新大方重工科技有限公司
李纲
B62D 55/104
Loading...
一种适用于工程车辆的履带式悬挂机构，其特征在于：它包括履带行走机构（5），以铰接方式与履带行走机构轮架中部相结合的横梁（4），一端与横梁（4）相结合、另一端以铰接方式与悬挂主结构（1）下端相结合的纵向连接梁（3），以及一端与悬挂主结构（1）上部连接、另一端与横梁（4）或纵向连接梁（3）相连接的液压缸（2）；且所述悬挂主结构（1）、液压缸（2）以及纵向连接梁（3）在纵向连接梁（3）的变幅平面内构成三角形结构。
54. 103318783 桁架式伸缩臂及包含该桁架式伸缩臂的起重机
CN
25.09.2013
B66C 23/687 Loading...
B66C 23/687
Loading...
201310255094.2
郑州新大方重工科技有限公司
李纲
B66C 23/687
Loading...
本发明公开了一种桁架式伸缩臂及包含该桁架式伸缩臂的起重机。本发明的桁架式伸缩臂通过铰接方式安装于起重机的塔身或主臂的顶部，包括至少两节依次套装在一起而能够利用自重实现相对伸缩运动的臂节，每个臂节包括弦杆和腹杆，每相邻两个臂节间设有用于锁定和解锁相邻两个臂节的锁定装置。由于采用依靠自重伸缩的原理，臂节之间依靠结构简单的锁定装置实现锁定和解锁，使得本发明无需动力驱动装置等即可实现伸缩。而且，臂节之间的相互配合的滑块和滑道也有助于彻底摆脱动力驱动装置。另外，上述结构与桁架式结构相结合，提高了力学性能，进一步降低的自重，简化了结构，降低了加工成本。
55. 103318262 一种模块车辆底盘及采用该底盘的工程机械
CN
25.09.2013
B62D 21/20 Loading...
B62D 21/20
Loading...
201310259449.5
郑州新大方重工科技有限公司
李纲
B62D 21/20
Loading...
本发明公开了一种模块车辆底盘及采用该底盘的工程机械。所述的模块车辆底盘包括一个中间体，环绕中间体呈放射状分布的四个装有若干组行走悬挂机构的支腿，以及拖挂结构；所述四个支腿的一端可摆动地铰接在中间体上，另一端分别设置有可竖直伸缩的支腿支撑机构；位于中间体横向中心线的同一侧的其中两个支腿能够与拖挂结构的一端可拆卸地连接，所述拖挂结构的另一端能够与牵引车可拆卸地连接。该模块车辆底盘能够实现现场施工作业、场内短距离转场和长距离快速转场的不同工作模式。本发明还公开了一种采用该底盘的工程机械。
56. 103303380 多自由度驾驶室
CN
18.09.2013
B62D 33/063 Loading...
B62D 33/063
Loading...
201310277518.5
郑州新大方重工科技有限公司
李纲
B62D 33/063
Loading...
一种多自由度驾驶室，它包括分别以铰接方式设置在驾驶室托架前部的轿厢和设置在驾驶室托架后部的托台，一端与托台相铰接、另一端与摆臂相铰接的主臂，以及一端与托台相铰接、另一端与摆臂相铰接的拉杆，所述拉杆以与主臂相平行的方式穿装在位于主臂下方的槽腔内；在托台与驾驶室托架之间以铰接方式设置有摆动油缸；所述摆臂的另一端与机台主体相铰接，在摆臂与机台主体之间以铰接方式设置有回转油缸；并由所述的摆臂、拉杆、主臂以及托台在主臂变幅平面内构成平行四边形机构；在摆臂与主臂的结合端摆臂底面上以铰接方式连接有连接板，所述连接板的另一端的两侧面分别铰接一个侧板，所述侧板的另一端分别铰接在主臂的两个侧面；连接板与摆臂、主臂及侧板在主臂变幅平面内构成四杆机构；在连接板与侧板结合端设置有变幅油缸，变幅油缸的另一端与主臂铰接。
57. 103303086 一种适用于工程车辆的履带式悬挂机构
CN
18.09.2013
B60G 17/00 Loading...
B60G 17/00
Loading...
201310277502.4
郑州新大方重工科技有限公司
李纲
B60G 17/00
Loading...
一种适用于工程车辆的履带式悬挂机构，其特征在于：它包括履带行走机构（5），以铰接方式与履带行走机构轮架中部相结合的横梁（4），一端与横梁（4）相结合、另一端以铰接方式与悬挂主结构（1）下端相结合的纵向连接梁（3），以及一端与悬挂主结构（1）上部连接、另一端与横梁（4）或纵向连接梁（3）相连接的液压缸（2）；且所述悬挂主结构（1）、液压缸（2）以及纵向连接梁（3）在纵向连接梁（3）的变幅平面内构成三角形结构。
58. 203199060 飞机牵引车驾驶室升降装置
CN
18.09.2013
B62D 33/063 Loading...
B62D 33/063
Loading...
201320198806.7
郑州新大方重工科技有限公司
崔瑞玲
B62D 33/063
Loading...
一种飞机牵引车驾驶室升降装置，它包括车架（9）、安装在车架（9）上的驾驶室（1），其特征在于：所述驾驶室（1）通过升降装置与竖直设置在驾驶室（1）后部车架（9）的左右升降导轨（2）相结合；所述的升降装置是由固定设置在驾驶室（1）后部分别与左右升降导轨（2）相对应的带有滚轮总成（4）的左右升降托架（3）、以及用于驱动驾驶室（1）沿左右升降导轨（2）作垂直升降运动的左右升降液压油缸（5）组成；所述的滚轮总成（4）以滚动配合的方式与左右升降导轨（2）相结合。
59. 103287518 一种履带式行走底盘
CN
11.09.2013
B62D 55/084 Loading...
B62D 55/084
Loading...
201310277516.6
郑州新大方重工科技有限公司
李纲
B62D 55/084
Loading...
一种履带式行走底盘，它包括行车架（1）、并行设置在行车架（1）两侧的履带总成（2）、与履带总成（2）相结合的支腿组件（4）、以及用于驱动支腿组件（4）绕铰轴摆动的支腿摆动油缸（5），其特征在于：在行车架（1）上以对称布置的方式设置有由两个相互嵌套在一起的以水平方式向左右侧延伸的两个横梁（61、62）组成的导梁（6）；所述的并行设置在行车架（1）两侧的履带总成（2）分别以轴孔配合的方式分别与以水平方式向左右侧延伸的导梁（6）两端相结合，且在行车架（1）与履带总成（2）之间设置有用于驱动履带总成沿所述导梁作纵向位移运动的底盘伸缩油缸（3）；所述的支腿组件（4）以左右对称地布置在履带总成（2）的外侧面。
60. 203188127 一种用于公路、铁路桥梁运输的轨道车辆
CN
11.09.2013
E01D 21/00 Loading...
E01D 21/00
Loading...
201320198910.6
郑州新大方重工科技有限公司
林建青
E01D 21/00
Loading...
一种用于公路、铁路桥梁运输的轨道车辆，它包括通过牵引连接件依次相连的辅助小车、驱动台车、被动台车；所述辅助小车的前后辅助小车轮对中的一个辅助小车轮对与辅助小车架之间采用平转销轴相结合；另一个辅助小车轮与辅助小车架之间采用平转销轴和轮对球铰减磨板相结合；所述驱动台车和所述被动台车的车架部分结构相同，均包括通过铰轴安装在均衡梁的中间横梁上方的承载梁，通过铰轴安装在承载梁上方的驮梁支架，和安装在承载梁端部的液压泵站；所述驱动台车的行走结构是由通过销轴分别安装在均衡梁的左右梁架端部的由独立的动力装置驱动的驱动小车组成；所述被动台车的行走结构是由分别安装在均衡梁的左右梁架端部的被动小车组成。
61. 203188129 一种电机驱动运输设备
CN
11.09.2013
E01D 21/00 Loading...
E01D 21/00
Loading...
201320198930.3
郑州新大方重工科技有限公司
崔军祥
E01D 21/00
Loading...
一种电机驱动运输设备，其特征在于：它包括两端分别设置有驾驶室、且位于前后桥之间的车架部分呈下凹式结构的车架，以及用于驱动前后左右四套独立的行走机构的四套独立的驱动装置，和设置在一端驾驶室后部的位于车架下方的用于连接外接电源的变频器；所述的驱动装置是由电机、减速机以及链轮、链条机构组成。
62. 203188128 一种轮轨式运梁车整体驮运架桥机转线或桥间转移机构
CN
11.09.2013
E01D 21/00 Loading...
E01D 21/00
Loading...
201320198927.1
郑州新大方重工科技有限公司
林建青
E01D 21/00
Loading...
一种轮轨式运梁车整体驮运架桥机转线或桥间转移机构，其特征在于：所述转移机构包括沿架桥机纵向设置在架桥机下方轨道上的具备独立转向功能的前后轮轨式运梁车，分别安装在前后轮轨式运梁车上的支撑座、安装在支撑座上方的支撑座增高节，位于支撑座增高节上方的转运支架，所述转运支架通过设置在转运支架两端的小支撑架和压板驮架在架桥机下方；所述的前后轮轨式运梁车中的一台为运梁车的驱动台车，另一台为运梁车的被动台车。
63. 203161717 一种多功能回转油缸锁紧装置
CN
28.08.2013
F15B 15/26 Loading...
F15B 15/26
Loading...
201320198876.2
郑州新大方重工科技有限公司
张红军
F15B 15/26
Loading...
一种多功能回转油缸锁紧装置，其特征在于：它包括第一、二回转液压油缸、第一、二蓄能器、多功能阀组、锁紧阀组、球阀及液压管道。本装置是在无液压油源情况下工作。即只需第一次将油液充满系统，保留回油管道。正常情况下，不做任何操作即可保持回转油缸锁紧状态，当锁紧阀组中的电磁阀在中位同时多功能阀组中的两个电磁球阀都通电，可以实现自由状态；而多功能阀组中压力传感器、可为系统的自动控制提供原始数据；蓄能器可为系统泄漏提供补充油液，同时可吸收系统的冲击。
64. 203157684 一种可降低整车高度的车辆传动系统
CN
28.08.2013
B60K 5/04 Loading...
B60K 5/04
Loading...
201320198883.2
郑州新大方重工科技有限公司
李淮
B60K 5/04
Loading...
一种可降低整车高度的车辆传动系统，它包括前、后驱动车桥（5、6），位于在前后驱动车桥之间的发动机（1）、液力变速箱（2）、以及相应的传动轴（4），其特征在于：所述的发动机（1）、液力变速箱（2）以轴线相平行的方式设置，通过以横置方式设置在发动机（1）输出端与液力变速箱（2）输入端一侧的中间传动装置（3）相连接。本实用新型实现了发动机与变速箱纵向与横向的尺寸调整，严格控制了整车的高度；液力变速箱置于主车架几何中线附近，液力变速箱通过传动轴分别将动力输出给前后驱动车桥。该传动系统布置紧凑，控制了整车高度。
65. 203157971 一种静液压驱动重载运输车辆的液压缓速制动控制系统
CN
28.08.2013
B60T 10/04 Loading...
B60T 10/04
Loading...
201320198888.5
郑州新大方重工科技有限公司
张红军
B60T 10/04
Loading...
一种静液压驱动重载运输车辆的液压缓速制动控制系统，其特征在于：它包括液压系统、电控系统、发动机、分动箱以及检测元件；所述液压系统包括通过液压管路连接的驱动泵、行走马达、缓速泵、比例溢流阀、散热器、液压油箱；所述电控系统包括控制器、与控制器相应接口电连接的发动机的ECU控制器、与发动机的ECU控制器相应接口电连接的发动机速度传感器、以及与控制器相应接口电连接的驱动泵速度传感器、行走马达速度传感器、缓速泵速度传感器、液压油温度传感器、压力传感器。本实用新型的缓速制动系统需要时可快速投入，非缓速时快速退出，避免额外消耗车辆发动机1的功率，特别适用于静液压驱动重载运输车辆的使用。
66. 203161701 一种阻尼式可控速度的液压阀组
CN
28.08.2013
F15B 13/02 Loading...
F15B 13/02
Loading...
201320198908.9
郑州新大方重工科技有限公司
许利君
F15B 13/02
Loading...
一种阻尼式可控速度的液压阀组，它包括以组合装配的方式安装在阀体内相应位置处并通过阀体中加工出的相应连通管道相连接的电磁换向阀、一个插装式节流阀、一个插装式顺序阀、第一、第二插装式电磁球阀、一个插装式液控单向阀。本实用新型可以实现油缸工作时的不同速度要求，其性能优于目前普遍采用的管式阀和叠加阀结构，大大降低液压管路安装的难度，减少系统的钢管使用量和泄漏点，有效降低管道液阻力，降低工人的劳动强度，使管路的布置更方便简单，手柄调节也更直接，有效提高了系统的可靠性。
67. 103194979 一种用于公路、铁路桥梁运输的轨道车辆
CN
10.07.2013



201310136520.0
郑州新大方重工科技有限公司
林建青


一种用于公路、铁路桥梁运输的轨道车辆，它包括通过牵引连接件依次相连的辅助小车、驱动台车、被动台车；所述辅助小车的前后辅助小车轮对中的一个辅助小车轮对与辅助小车架之间采用平转销轴相结合；另一个辅助小车轮与辅助小车架之间采用平转销轴和轮对球铰减磨板相结合；所述驱动台车和所述被动台车的车架部分结构相同，均包括通过铰轴安装在均衡梁的中间横梁上方的承载梁，通过铰轴安装在承载梁上方的驮梁支架，和安装在承载梁端部的液压泵站；所述驱动台车的行走结构是由通过销轴分别安装在均衡梁的左右梁架端部的由独立的动力装置驱动的驱动小车组成；所述被动台车的行走结构是由分别安装在均衡梁的左右梁架端部的被动小车组成。
68. 103192689 一种可降低整车高度的车辆传动系统
CN
10.07.2013
B60K 5/04 Loading...
B60K 5/04
Loading...
201310136545.0
郑州新大方重工科技有限公司
李淮
B60K 5/04
Loading...
一种可降低整车高度的车辆传动系统，它包括前、后驱动车桥（5、6），位于在前后驱动车桥之间的发动机（1）、液力变速箱（2）、以及相应的传动轴（4），其特征在于：所述的发动机（1）、液力变速箱（2）以轴线相平行的方式设置，通过以横置方式设置在发动机（1）输出端与液力变速箱（2）输入端一侧的中间传动装置（3）相连接。本发明实现了发动机与变速箱纵向与横向的尺寸调整，严格控制了整车的高度；液力变速箱置于主车架几何中线附近，液力变速箱通过传动轴分别将动力输出给前后驱动车桥。该传动系统布置紧凑，控制了整车高度。
69. 103194980 一种轮轨式运梁车整体驮运架桥机转线或桥间转移机构
CN
10.07.2013
E01D 21/00 Loading...
E01D 21/00
Loading...
201310136634.5
郑州新大方重工科技有限公司
林建青
E01D 21/00
Loading...
一种轮轨式运梁车整体驮运架桥机转线或桥间转移机构，其特征在于：所述转移机构包括沿架桥机纵向设置在架桥机下方轨道上的具备独立转向功能的前后轮轨式运梁车，分别安装在前后轮轨式运梁车上的支撑座、安装在支撑座上方的支撑座增高节，位于支撑座增高节上方的转运支架，所述转运支架通过设置在转运支架两端的小支撑架和压板驮架在架桥机下方；所述的前后轮轨式运梁车中的一台为运梁车的驱动台车，另一台为运梁车的被动台车。
70. 202897880 一种设置有履带、轮式悬挂行走机构的起重机支腿
CN
24.04.2013
B66C 23/78 Loading...
B66C 23/78
Loading...
201220595434.7
郑州新大方重工科技有限公司
李纲
B66C 23/78
Loading...
一种设置有履带、轮式悬挂行走机构的起重机支腿，其特征在于：所述的起重机支腿包括前端安装有支腿油缸的支腿本体，通过连接件与支腿本体相结合的履带行走机构和轮式悬挂行走机构；在所述的履带行走机构和轮式悬挂行走机构中至少有一种行走机构中设置有用于调节行走机构高度的升降装置。由于本实用新型将支腿、轮胎式行走机构和履带式行走机构三者做成一个整体，这样就可以针对不同路面选择合适的行走机构工作。
71. 202897873 伸缩式腹杆插销连接桁架结构
CN
24.04.2013
B66C 23/62 Loading...
B66C 23/62
Loading...
201220595466.7
郑州新大方重工科技有限公司
李纲
B66C 23/62
Loading...
一种伸缩式腹杆插销连接桁架结构，包括嵌套在一起的至少两个桁架式结构的伸缩节，其特征在于：每两嵌套在一起的相邻伸缩节间通过分别设置在相对侧面腹杆间的液压插销机构和相应位置处设置的插拔销孔实现伸缩定位。本实用新型的伸缩式腹杆插销连接桁架结构根据结构的受力特点，在不同结构节间的两个相对侧面腹杆间通过两套液压插拔销机构实现节间的连接，可大大缩短伸缩式桁架结构插拔销时间，方便实现桁架结构的伸缩。
72. 202864754 适用于起重臂头部定滑轮组的挡绳装置
CN
10.04.2013
B66C 23/62 Loading...
B66C 23/62
Loading...
201220595002.6
郑州新大方重工科技有限公司
韩丽丽
B66C 23/62
Loading...
一种适用于起重臂头部定滑轮组的挡绳装置，它包括安装在定滑轮组两侧滑轮上的挡绳罩，以对称设置的方式安装在中间滑轮组轮缘外侧的重锤式挡绳装置；所述的挡绳罩由左右挡绳侧板和底板组成，所述左右挡绳侧板的低边形状呈与滑轮轮缘形状相配合的弧形结构，且左右挡绳侧板之间的间距与滑轮左右轮缘之间的间距相同；所述的重锤式挡绳装置包括两根由轴杆和以动配合的方式穿装在轴杆上的尼纶辊构成的挡绳杆；所述的两根挡绳杆以与定滑轮组轴线平行的方式对称设置在中间滑轮组轮缘外侧，两根挡绳杆的两端通过支架以动配合方式套装在滑轮组的轮轴上，且在所述的支架下方设置有用于保证支架始终处于水平位置状态的重锤。
73. 202864718 一种适用于伸缩结构中液压管路及电气线路的布置结构
CN
10.04.2013
B66C 13/12 Loading...
B66C 13/12
Loading...
201220595001.1
郑州新大方重工科技有限公司
李纲
B66C 13/12
Loading...
一种适用于伸缩结构中液压管路及电气线路的布置结构，其特征在于：所述的布置结构包括依次布置在每节或者某几节伸缩结构的伸缩单元上的若干个绕有管线的卷盘装置，且每两相邻的卷盘装置上的管线通过管线接头连接。本实用新型通过各个卷盘绕的管线以及连接管线和管线接头将伸缩结构一端的管线连接到伸缩结构另一端，这样减小了每个卷盘的大小以及管线处于被拉出状态时的悬空长度，从而减小了管线的下垂距离以及降低了管线和结构的干涉可能性。
74. 202864755 应用于起重机的液压穿销装置
CN
10.04.2013
B66C 23/62 Loading...
B66C 23/62
Loading...
201220595364.5
郑州新大方重工科技有限公司
李纲
B66C 23/62
Loading...
一种应用于起重机的液压穿销装置，其特征在于：所述的液压穿销装置包括安装在外塔身横梁上设置的销轴孔一侧的半环形结构的限位板，以与限位板共轴线方式安装在内塔身横梁通孔中的限位筒，且在限位筒与限位板的配合端的外圆面上固接有起缓冲作用的橡胶环；在限位筒的另一端以共轴线方式安装有销轴导向套筒；该销轴导向套筒一端与内塔身横梁相结合，另一端与穿销油缸相结合；所述穿销油缸的活塞杆端通过球铰的连接方式与安装在销轴导向套筒中的销轴相结合。
75. 202864749 一种伸缩臂起重机
CN
10.04.2013
B66C 23/36 Loading...
B66C 23/36
Loading...
201220595304.3
郑州新大方重工科技有限公司
李纲
B66C 23/36
Loading...
一种伸缩臂起重机，其特征在于：所述起重机包括下车、坐落在下车上的回转机台、以铰接方式设置在回转机台前上方的主臂、铰接在主臂上部的副臂和第一、第二撑臂、以及主臂变幅机构、副臂变幅机构、起升机构和控制系统；所述的主臂和副臂均是由至少两节依次嵌套在一起且能沿其轴向作相对位移运动的伸缩臂节组成；主臂变幅角度范围为0~90°。
76. 202864753 塔身放倒机构
CN
10.04.2013
B66C 23/62 Loading...
B66C 23/62
Loading...
201220594983.2
郑州新大方重工科技有限公司
李纲
B66C 23/62
Loading...
一种塔身放倒机构，其特征在于：所述的机构包括长杆件和短杆件，且所述的长杆件和短杆件中至少一个杆件的至少一端设置有可沿该杆件轴线方向作可变长度位移运动的滑动装置；所述的短杆件的一端铰接在主臂上，另一端铰接在接近机台与主臂铰接点位置处的机台上；所述的长杆件的一端铰接在主臂上，铰接点位于短杆件与主臂铰接点的上方，另一端铰接在远离机台与主臂铰接点位置处的机台上。
77. 202789784 一种具有微调功能的液压系统
CN
13.03.2013
F15B 11/02 Loading...
F15B 11/02
Loading...
201220391423.7
郑州新大方重工科技有限公司
管小兴
F15B 11/02
Loading...
一种具有微调功能的液压系统，其特征在于：所述液压系统由主系统、控制系统和辅助降温系统组成；其中所述主系统为闭式液压系统，该闭式液压系统是由闭式变量柱塞泵和通过管路与闭式变量马达构成闭式回路，在该闭式回路的管路中间分别连接有补油泵、冲洗阀、阻尼节流阀、平衡阀、制动器、减速机，所述减速机安装在卷扬绞车上；控制系统由齿轮泵A以及通过管路连接的溢流阀、电磁换向阀A、电磁换向阀B构成；辅助降温系统由齿轮泵B以及通过管路连接的风冷却器、电磁换向阀C、背压阀和闭式变量马达泄油壳体构成。
78. 102923585 一种伸缩臂起重机
CN
13.02.2013
B66C 23/36 Loading...
B66C 23/36
Loading...
201210452560.1
郑州新大方重工科技有限公司
李纲
B66C 23/36
Loading...
一种伸缩臂起重机，其特征在于：所述起重机包括下车、坐落在下车上的回转机台、以铰接方式设置在回转机台前上方的主臂、铰接在主臂上部的副臂和第一、第二撑臂、以及主臂变幅机构、副臂变幅机构、起升机构和控制系统；所述的主臂和副臂均是由至少两节依次嵌套在一起且能沿其轴向作相对位移运动的伸缩臂节组成；主臂变幅角度范围为0~90°。
79. 102923100 一种设置有履带、轮式悬挂行走机构的起重机支腿
CN
13.02.2013
B60S 9/10 Loading...
B60S 9/10
Loading...
201210452200.1
郑州新大方重工科技有限公司
李纲
B60S 9/10
Loading...
一种设置有履带、轮式悬挂行走机构的起重机支腿，其特征在于：所述的起重机支腿包括前端安装有支腿油缸的支腿本体，通过连接件与支腿本体相结合的履带行走机构和轮式悬挂行走机构；在所述的履带行走机构和轮式悬挂行走机构中至少有一种行走机构中设置有用于调节行走机构高度的升降装置。由于本发明将支腿、轮胎式行走机构和履带式行走机构三者做成一个整体，这样就可以针对不同路面选择合适的行走机构工作。
80. 102923586 伸缩式腹杆插销连接桁架结构
CN
13.02.2013
B66C 23/62 Loading...
B66C 23/62
Loading...
201210452629.0
郑州新大方重工科技有限公司
李纲
B66C 23/62
Loading...
一种伸缩式腹杆插销连接桁架结构，包括嵌套在一起的至少两个桁架式结构的伸缩节，其特征在于：每两嵌套在一起的相邻伸缩节间通过分别设置在相对侧面腹杆间的液压插销机构和相应位置处设置的插拔销孔实现伸缩定位。本发明的伸缩式腹杆插销连接桁架结构根据结构的受力特点，在不同结构节间的两个相对侧面腹杆间通过两套液压插拔销机构实现节间的连接，可大大缩短伸缩式桁架结构插拔销时间，方便实现桁架结构的伸缩。
81. 202705917 一种曲线桥梁架设的辅助转向支撑装置
CN
30.01.2013
E01D 21/00 Loading...
E01D 21/00
Loading...
201220391410.X
郑州新大方重工科技有限公司
王书超
E01D 21/00
Loading...
一种曲线桥梁架设的辅助转向支撑装置，其特征在于：包括安装在驮梁小车车架顶面的扁担梁，以及用于驱动扁担梁相对于驮梁小车车架作水平转动的转向油缸；所述扁担梁为箱型结构，在扁担梁底面设置有一个与驮梁小车车架顶面设置的中心轴相配合的中心轴孔，以及位于中心轴孔两侧的分别与驮梁小车车架顶面相应位置处设置的限位轴相配合的限位槽孔；所述的转向油缸的一端通过油缸安装座与扁担梁的端部相结合，另一端通过油缸安装座与驮梁小车车架相结合。
82. 202687788 一种通用门式起重机走行大车转向机构
CN
23.01.2013
B66C 9/00 Loading...
B66C 9/00
Loading...
201220391407.8
郑州新大方重工科技有限公司
林建青
B66C 9/00
Loading...
一种通用门式起重机的走行大车回转支撑装置，其特征在于：它包括走行均衡梁、回转油缸、支腿连接座、支撑油缸、油缸连接盘及油缸增高节，其中：所述支腿连接座套装在走行均衡梁的中心孔内，支腿连接座的下部通过螺栓和油缸增高节固结在一起，油缸增高节通过螺栓和支撑油缸固结在一起；走行均衡梁的两端分别安装有平面转动装置，平面转动装置通过铰接件与走行台车机构连接；用于驱动走行均衡梁绕支腿连接座作回转运动的转向油缸的两端分别与设置在走行均衡梁和支腿连接座上部铰耳座相连接。
83. 202688892 一种用于架设水利渡槽的专用架槽机
CN
23.01.2013
E01D 21/00 Loading...
E01D 21/00
Loading...
201220391406.3
郑州新大方重工科技有限公司
高自茂
E01D 21/00
Loading...
一种用于架设水利渡槽的专用架槽机，其特征在于：它包括坐放在槽墩上的下导梁（1），通过行走机构架放在下导梁上面的轨道上的具有单吊点吊具的通用门式起重机（2）和具有双吊点吊具的通用门式起重机（3）；所述下导梁包括平行设置的左右导梁（5）、安装在左右导梁（5）后端有后联系架（4）、分别设置在左右导梁（5）下方的与相应的槽墩相配合的多个支撑座（6）、安装在左右导梁（5）前端的前联系架（8）、以及设置在导梁与支撑座之间的用于推动导梁相对于支撑座作位移运动的顶推机构（7），分别安装在下导梁前后端的牵引机构（9）；所述前、后联系架分别通过连接件将平行设置的左右导梁（5）固结在一起。
84. 202641378 一种煤矿用斜井隧道可双向驾驶运输车
CN
02.01.2013
B60K 17/10 Loading...
B60K 17/10
Loading...
201220214096.8
郑州新大方重工科技有限公司
王占勇
B60K 17/10
Loading...
本实用新型公开了一种煤矿用斜井隧道可双向驾驶运输车，包括车架，所述车架两端分别设有驾驶室、悬挂架和轮胎，悬挂架上设有升降液压缸，升降液压缸下端与轮胎相连，轮胎上连接有转向液压缸，轮胎轮毂内传动连接有液压马达与减速机；车架左端设有传动连接的发动机与弹性联轴器，弹性联轴器上设有驱动液压泵与转向液压泵，驱动液压泵通过管路与液压马达相连，管路上设有阀体；转向液压泵与转向液压缸相连。该运输车结构简单，通过控制液压油流经液压马达的A口或者B口来实现双向行驶，在斜井隧道内运输车不需要掉头，不需要另外建设隧道内车辆的转弯场地，操作简便，可操作性强，车辆安全性高，运输效率高。
85. 202641665 一种用于煤矿用斜井隧道运输车的落地保护系统
CN
02.01.2013
B60T 1/14 Loading...
B60T 1/14
Loading...
201220214094.9
郑州新大方重工科技有限公司
王占勇
B60T 1/14
Loading...
本实用新型公开了一种用于煤矿用斜井隧道运输车的落地保护系统，包括悬挂机构和紧急释放机构，悬挂机构包括悬挂架、升降液压缸和轮胎，升降液压缸设置在悬挂架上，轮胎连接在升降液压缸下端；紧急释放机构包括紧急释放阀和制动管路，紧急释放阀上设有回油管，紧急释放阀通过制动管路与升降液压缸的前后腔相连通。该落地保护系统结构简单，便于操作，当运输车遇到制动失效等紧急情况时，驾驶员在驾驶室内扳动紧急释放阀，以释放升降液压缸内的液压油，使升降液压缸收缩，缩小轮胎与悬挂架的相对高度，从而使与悬挂架相连的车架下降着地与地面接触，通过车架及车架底部弹性摩擦块与地面的摩擦力实现运输车的紧急制动，可大大提高车辆的安全性能。
86. WO/2012/171352 RUNNING VEHICLE CHASSIS AND OPERATION METHOD FOR SAME
WO
20.12.2012
B62D 21/18 Loading...
B62D 21/18
Loading...
PCT/CN2012/070943
ZHENGZHOU NEW DAFANG HEAVY INDUSTRIES & TECHNOLOGY CO., LTD
LI, Gang
B62D 21/18
Loading...
A running vehicle chassis and an operation method for same. The running vehicle chassis comprises an intermediate body structure (4). Four running landing leg mechanisms (2) each provided with a landing leg swing limiting locking mechanism (3) are mounted around the intermediate body structure (4) in a hinge-connected manner. A detachable landing leg connecting beam (5) used for keeping two running landing leg mechanisms (2) in a parallel state is disposed between two running landing leg mechanisms (2) located at a same side of the longitudinal center line of the intermediate body structure (4). Also, an operation method for the running vehicle chassis.
87. 202390765 公铁两用架桥机
CN
22.08.2012
E01D 21/00 Loading...
E01D 21/00
Loading...
201120557918.8
郑州新大方重工科技有限公司
陈德利
E01D 21/00
Loading...
一种公铁两用架桥机，它包括由双梁组成的架桥机主梁机臂，由前至后依次设置在主梁机臂下方的一号支腿、二号支腿、三号支腿和四号支腿，设置在主梁机臂上面的轨道上的两台起升小车及吊具，其特征在于：所述一号支腿通过刚性连接的方式设置在主梁机臂前端下方，所述二号支腿和三号支腿分别通过设置在支腿顶部的托辊轮箱的滚轮支撑在主梁机臂下方，位于主梁机臂后端下方的四号支腿以横向移动的滑动连接方式与主梁机臂相结合；所述主梁机臂是由两条箱型主梁通过前后连系梁用螺栓固结在一起形成框架结构。
88. 202390768 一种适用于带有支腿悬挂走行架桥机的主梁机臂
CN
22.08.2012
E01D 21/00 Loading...
E01D 21/00
Loading...
201120557959.7
郑州新大方重工科技有限公司
陈德利
E01D 21/00
Loading...
一种适用于带有支腿悬挂走行架桥机的主梁机臂，其特征在于：它包括以对称设置的方式固接在横梁两端的左右钢箱梁本体，所述钢箱梁本体的上翼板（2）上设置有供起升纵移小车沿钢箱梁本体作纵向位移运动的上轨道（1），所述上轨道（1）沿上翼板中线设置；在所述钢箱梁本体的下翼板（4）的两侧设置有供主梁机臂过孔的支腿托辊轨道（5），沿下翼板中线设置有供支腿沿钢箱梁本体作纵向位移运动的吊挂纵移走行轨道。
89. 202390772 适用于公铁两用架桥机的后支腿装置
CN
22.08.2012
E01D 21/06 Loading...
E01D 21/06
Loading...
201120557942.1
郑州新大方重工科技有限公司
陈德利
E01D 21/06
Loading...
一种适用于公铁两用架桥机的后支腿装置，其特征在于：所述装置包括通过导向限位机构以滑动配合的方式安装在主梁机臂后联系梁（6）的下面的后支腿上横梁（2），通过螺栓连接的方式设置在后支腿上横梁两端下方的套柱式支腿；在后支腿上横梁上（2）中间部位通过油缸铰座铰接有一个可绕铰轴作180°旋转运动的用于推动后支腿上横梁沿后主梁机臂后联系梁（6）作左右横向移动的横移油缸（3），在主梁机臂后联系梁（6）的两端各设置有一个可通过连接销轴分别与横移油缸（3）活塞杆端部相结合或分离的油缸铰座。
90. 202390767 用于公路、铁路桥梁施工设备架桥机支腿托辊吊挂机构
CN
22.08.2012
E01D 21/00 Loading...
E01D 21/00
Loading...
201120557945.5
郑州新大方重工科技有限公司
陈德利
E01D 21/00
Loading...
一种用于公路、铁路桥梁施工设备架桥机支腿托辊吊挂机构，其特征在于：包括通过位于中间部位的铰座（5）和连接销轴（6）结合在一起的两个并排对称设置的托辊轮箱，其中一个托辊轮箱为主动轮箱（12），另一个托辊轮箱为被动轮箱（13）；在每个托辊轮箱内以前后布置的方式设置有相对独立的两套托辊轮组件、齿轮传动系统、吊挂轮组件和导向定位滚轮组件，两个托辊轮箱间的两套动力传递分别采用万向联轴器（10）过渡；在两个托辊轮箱的两端之间分别设置有连系梁（11），连系梁（11）通过铰接方式分别与两个托辊轮箱相结合。
91. 202390766 公铁两用架桥机起升系统结构
CN
22.08.2012
E01D 21/00 Loading...
E01D 21/00
Loading...
201120557941.7
郑州新大方重工科技有限公司
陈德利
E01D 21/00
Loading...
一种公铁两用架桥机起升系统结构，其特征在于：它包括坐放在主梁机臂上轨道上的纵移小车，坐放在纵移小车的横移轨道上的横移小车架，在横移小车架的前后两端各安装有一台卷扬机，且所述的两台卷扬机以相对侧置的方式设置在横移小车架的两端；其中位于横移小车架后端的卷扬机上的钢丝绳通过位于横移小车架前端的卷扬机旁边的导向滑轮组件再绕回到设置在位于横移小车架中间部位的相应的定滑轮组件上，而位于横移小车架前端的卷扬机上的钢丝绳通过位于横移小车架后端的卷扬机旁边的导向滑轮组件再绕回到设置在位于横移小车架中间部位的相应的定滑轮组件上的跨车穿绳的方法。
92. 202379626 利用重力实现伸缩的吊臂及含有该吊臂的起重机
CN
15.08.2012
B66C 23/687 Loading...
B66C 23/687
Loading...
201120560406.7
郑州新大方重工科技有限公司
李纲
B66C 23/687
Loading...
一种利用重力实现伸缩的吊臂及含有该吊臂的起重机，其特征在于：所述的吊臂是由至少两节依次嵌套在一起的利用臂节自身重力使臂节间产生相互运动的臂节构成，且在每两嵌套在一起的臂节之间设置有不少于一个锁死机构；所述吊臂通过铰接方式安装在塔身顶部。本实用新型的有益效果如下：吊臂可伸缩，且无需伸缩机构，减轻吊臂重量，提高吊载能力，无需精密控制系统，成本降低，实现塔身和吊臂同步伸缩，节省时间，稳定性好，效率高。
93. 202348798 一种供油装置及含有该装置的调平液压系统
CN
25.07.2012
F15B 1/02 Loading...
F15B 1/02
Loading...
201120497088.4
郑州新大方重工科技有限公司
管小兴
F15B 1/02
Loading...
一种供油装置及含有该装置的调平液压系统，它包括与主泵串连的定量泵以及比例阀组、溢流阀、供油装置、背压阀、单向阀、电磁溢流阀、开式主油箱和连接在与开式主油箱相连通的回油管路上的风冷器、相应管路；供油装置为内部设置有充气胶囊的闭式油箱，供油装置通过管路分别与为闭式油箱补油的溢流阀以及为闭式油箱减压调整油量的背压阀相连通；背压阀的另一管口与开式主油箱相连通；定量泵分别与电磁溢流阀相应管口和比例阀组的相应管口和平台调平处溢流阀相应管口连通；单向阀设置在定量泵与比例阀组的连接管路间；溢流阀的溢流管口通过管路与闭式油箱相连通；电磁溢流阀的溢流管口通过管路与开式主油箱相连通。
94. 202348831 一种伸缩臂液压缸头部导向机构
CN
25.07.2012
F15B 15/20 Loading...
F15B 15/20
Loading...
201120497086.5
郑州新大方重工科技有限公司
冯令甫
F15B 15/20
Loading...
一种伸缩臂液压缸头部导向机构，其特征在于：所述机构包括尾部通过连接件与伸缩臂液压缸头部相连接的导向支撑架(1)，在导向支撑架两侧壁之间的槽腔内通过销轴安装有一行走滚轮(4)，在导向支撑架两侧壁外侧以相互对称的方式各安装有前、后两个侧向滚轮(2)，且所述侧向滚轮(2)的轴线与导向支撑架两侧壁的立面相平行；在导向支撑架的顶部由后至前依次安装有起导向作用的一个水平设置的顶部滑块(6)和一个向前下方侧斜的头部上方滑块(7)。本实用新型采用滚动摩擦，伸缩臂液压缸缸筒移动阻力小，定位可靠准确。
95. 202322010 通用门式起重机
CN
11.07.2012
B66C 5/02 Loading...
B66C 5/02
Loading...
201120497096.9
郑州新大方重工科技有限公司
高自茂
B66C 5/02
Loading...
一种通用门式起重机，它包括门架主梁，以及位于门架主梁两侧的支腿，其特征在于：所述的两侧支腿中的一侧支腿为刚性支腿，另一侧支腿采用半刚性支腿，所述的刚性支腿通过连接螺栓与门架主梁相固结，所述半刚性支腿的上端通过分别焊接在门架主梁和半刚性支腿上的相互配合的支腿铰座以铰接方式与门架主梁相结合。
96. 202319956 纯电动多模式转向平板车
CN
11.07.2012
B60L 11/18 Loading...
B60L 11/18
Loading...
201120497090.1
郑州新大方重工科技有限公司
杨汴华
B60L 11/18
Loading...
一种纯电动多模式转向平板车，其特征在于：包括通过各自相应的液压悬挂升降装置安装在车架下方的多个由液压马达驱动的行走驱动装置，设置在车架中部下方的由若干台稀土永磁电机组合驱动的液压泵站、设置在车架两端的前后司机室、为稀土永磁电机提供动力源的电池组、以及逆变控制器控制装置、CAN总线通讯装置、电池组管理装置；所述逆变控制器控制装置包括由CAN总线通讯装置控制的数量与稀土永磁电机相同的分别与相应的稀土永磁电机电连接的CAN总线型逆变控制器；所述称重传感器装置包括由由CAN总线通讯装置控制的压力传感器和控制手柄。
97. 202319869 由蓄电瓶组和发动机为动力源的多模式转向动力平板车
CN
11.07.2012
B60K 6/20 Loading...
B60K 6/20
Loading...
201120497009.X
郑州新大方重工科技有限公司
杨汴华
B60K 6/20
Loading...
一种由蓄电瓶组和发动机为动力源的多模式转向动力平板车，其特征在于：所述平板车包括通过各自相应的液压悬挂升降装置安装在车架(5)下方的多个由液压马达驱动的行走驱动装置，设置在车架中部下方的由若干台稀土永磁电机组合和发动机驱动的液压泵站、设置在车架两端的前后司机室、为稀土永磁电机提供动力源的电池组、以及逆变控制器控制装置、CAN总线通讯装置、电池组管理装置；所述逆变控制器控制装置包括由CAN总线通讯装置控制的数量与稀土永磁电机相同的分别与相应的稀土永磁电机电连接的CAN总线型逆变控制器；所述称重传感器装置包括由由CAN总线通讯装置控制的压力传感器和控制手柄。
98. 102491197 利用重力实现伸缩的吊臂及含有该吊臂的起重机
CN
13.06.2012
B66C 23/687 Loading...
B66C 23/687
Loading...
201110448928.2
郑州新大方重工科技有限公司
李纲
B66C 23/687
Loading...
一种利用重力实现伸缩的吊臂及含有该吊臂的起重机，其特征在于：所述的吊臂是由至少两节依次嵌套在一起的利用臂节自身重力使臂节间产生相互运动的臂节构成，且在每两嵌套在一起的臂节之间设置有不少于一个锁死机构；所述吊臂通过铰接方式安装在塔身顶部。本发明的有益效果如下：吊臂可伸缩，且无需伸缩机构，减轻吊臂重量，提高吊载能力，无需精密控制系统，成本降低，实现塔身和吊臂同步伸缩，节省时间，稳定性好，效率高。
99. 102493355 公铁两用架桥机起升系统结构
CN
13.06.2012
E01D 21/00 Loading...
E01D 21/00
Loading...
201110446590.7
郑州新大方重工科技有限公司
陈德利
E01D 21/00
Loading...
一种公铁两用架桥机起升系统结构，其特征在于：它包括坐放在主梁机臂上轨道上的纵移小车，坐放在纵移小车的横移轨道上的横移小车架，在横移小车架的前后两端各安装有一台卷扬机，且所述的两台卷扬机以相对侧置的方式设置在横移小车架的两端；其中位于横移小车架后端的卷扬机上的钢丝绳通过位于横移小车架前端的卷扬机旁边的导向滑轮组件再绕回到设置在位于横移小车架中间部位的相应的定滑轮组件上，而位于横移小车架前端的卷扬机上的钢丝绳通过位于横移小车架后端的卷扬机旁边的导向滑轮组件再绕回到设置在位于横移小车架中间部位的相应的定滑轮组件上的跨车穿绳的方法。
100. 102493356 一种适用于带有支腿悬挂走行架桥机的主梁机臂
CN
13.06.2012
E01D 21/00 Loading...
E01D 21/00
Loading...
201110446607.9
郑州新大方重工科技有限公司
陈德利
E01D 21/00
Loading...
一种适用于带有支腿悬挂走行架桥机的主梁机臂，其特征在于：它包括以对称设置的方式固接在横梁两端的左右钢箱梁本体，所述钢箱梁本体的上翼板（2）上设置有供起升纵移小车沿钢箱梁本体作纵向位移运动的上轨道（1），所述上轨道（1）沿上翼板中线设置；在所述钢箱梁本体的下翼板（4）的两侧设置有供主梁机臂过孔的支腿托辊轨道（5），沿下翼板中线设置有供支腿沿钢箱梁本体作纵向位移运动的吊挂纵移走行轨道。
101. 102493357 适用于公铁两用架桥机的后支腿装置
CN
13.06.2012
E01D 21/00 Loading...
E01D 21/00
Loading...
201110446608.3
郑州新大方重工科技有限公司
陈德利
E01D 21/00
Loading...
一种适用于公铁两用架桥机的后支腿装置，其特征在于：所述装置包括通过导向限位机构以滑动配合的方式安装在主梁机臂后联系梁（6）的下面的后支腿上横梁（2），通过螺栓连接的方式设置在后支腿上横梁两端下方的套柱式支腿；在后支腿上横梁上（2）中间部位通过油缸铰座铰接有一个可绕铰轴作180°旋转运动的用于推动后支腿上横梁沿后主梁机臂后联系梁（6）作左右横向移动的横移油缸（3），在主梁机臂后联系梁（6）的两端各设置有一个可通过连接销轴分别与横移油缸（3）活塞杆端部相结合或分离的油缸铰座。
102. 102493358 公铁两用架桥机
CN
13.06.2012
E01D 21/00 Loading...
E01D 21/00
Loading...
201110446609.8
郑州新大方重工科技有限公司
陈德利
E01D 21/00
Loading...
一种公铁两用架桥机，它包括由双梁组成的架桥机主梁机臂，由前至后依次设置在主梁机臂下方的一号支腿、二号支腿、三号支腿和四号支腿，设置在主梁机臂上面的轨道上的两台起升小车及吊具，其特征在于：所述一号支腿通过刚性连接的方式设置在主梁机臂前端下方，所述二号支腿和三号支腿分别通过设置在支腿顶部的托辊轮箱的滚轮支撑在主梁机臂下方，位于主梁机臂后端下方的四号支腿以横向移动的滑动连接方式与主梁机臂相结合；所述主梁机臂是由两条箱型主梁通过前后联系梁用螺栓固结在一起形成框架结构。
103. 102425118 用于公路、铁路桥梁施工设备架桥机支腿托辊吊挂机构
CN
25.04.2012
E01D 21/00 Loading...
E01D 21/00
Loading...
201110446612.X
郑州新大方重工科技有限公司
陈德利
E01D 21/00
Loading...
一种用于公路、铁路桥梁施工设备架桥机支腿托辊吊挂机构，其特征在于：包括通过通过位于中间部位的铰座（5）和连接销轴（6）结合在一起的两个并排对称设置的托辊轮箱，其中一个托辊轮箱为主动轮箱（12），另一个托辊轮箱为被动轮箱（13）；在每个托辊轮箱内以前后布置的方式设置有相对独立的两套托辊轮组件、齿轮传动系统、吊挂轮组件和导向定位滚轮组件，两个托辊轮箱间的两套动力传递分别采用万向联轴器（10）过渡；在两个托辊轮箱的两端之间分别设置有联系梁（11），联系梁（11）通过铰接方式分别与两个托辊轮箱相结合。
104. 102408063 通用门式起重机
CN
11.04.2012
B66C 5/02 Loading...
B66C 5/02
Loading...
201110396530.9
郑州新大方重工科技有限公司
高自茂
B66C 5/02
Loading...
一种通用门式起重机，它包括门架主梁，以及位于门架主梁两侧的支腿，其特征在于：所述的两侧支腿中的一侧支腿为刚性支腿，另一侧支腿采用半刚性支腿，所述的刚性支腿通过连接螺栓与门架主梁相固结，所述半刚性支腿的上端通过分别焊接在门架主梁和半刚性支腿上的相互配合的支腿铰座以铰接方式与门架主梁相结合。
105. 102320331 一种行走车辆底盘
CN
18.01.2012
B62D 21/18 Loading...
B62D 21/18
Loading...
201110160678.2
郑州新大方重工科技有限公司
李纲
B62D 21/18
Loading...
一种行走车辆底盘，其特征在于：所述车辆底盘包括中间体结构（ 4 ），环绕中间体结构（ 4 ）以铰接方式安装有四个分别设置有支腿摆动限位锁死机构（ 3 ）的行走支腿机构（ 2 ），其中位于中间体结构（ 4 ）纵向中心线同侧的两个行走支腿机构 (2) 间设置有用于保持两个行走支腿机构（ 2 ）处于平行状态的可拆装的支腿连接横梁（ 5 ）。
106. 102310802 自行走风机叶片专用运输车
CN
11.01.2012
B60P 3/40 Loading...
B60P 3/40
Loading...
201110160670.6
郑州新大方重工科技有限公司
田华良
B60P 3/40
Loading...
一种自行走风机叶片专用运输车，它包括自行走式平板车（1），安装在自行走式平板车车架（15）上方中后部的专用平台（2），其特征在于：所述专用平台（2）包括通过回转机构安装在车架（15）上的平台（4），以及设置在平台（4）上的叶片翻转机构、配重移动机构；所述叶片翻转机构包括通过销轴设置在平台（4）后端的横置的翻转架（7），用于驱动翻转架（7）前后摆动的翻转油缸（6）的一端与平台（4）连接，另一端与翻转架（7）连接，在翻转架上通过卡槽连接方式安装有用于连接被运输的风机叶片的叶片根部连接架（8）；所述配重移动机构是由设置在平台（4）上的纵向滑道（11），安装在纵向滑道上的配重（9），以及用于驱动配重（9）沿滑道（11）作前后位移运动配重移动油缸（10）组成。
107. 202106834 一种轮胎式大型运输设备
CN
11.01.2012
B60K 5/00 Loading...
B60K 5/00
Loading...
201120203481.8
郑州新大方重工科技有限公司
崔军祥
B60K 5/00
Loading...
一种轮胎式大型运输设备，其特征在于：运输设备包括发动机架，位于发动机架前方的驾驶室，对称设置在发动机架前端、驾驶室后方的左右燃油箱；在所述发动机架的后部左右两侧以共轴线、且动力输出轴端相对的设置方式各设置一台发动机，在左右发动机动力输出轴端部分别连接有三串式结构的液压泵；在所述发动机架的前部左右两侧、左右燃油箱的后部上方各设置有一个液压油散热器，在两个液压油散热器的之间的空间内设置有长方体形状的液压油箱，位于液压油箱后部、两台液压泵之间的空间为用于布放相关液压管路布放区；与每台发动机配套的水箱和中冷器分别相应的布置在靠近发动机架左右边框的连接法兰处。
108. 202098988 一种起重机
CN
04.01.2012
B66C 23/36 Loading...
B66C 23/36
Loading...
201120201432.0
郑州新大方重工科技有限公司
李纲
B66C 23/36
Loading...
一种起重机，它包括行走底盘，坐落在行走底盘上的能做 360 °回转的回转平台，位于回转平台上的塔身，设置在塔身上端的吊臂、侧部支撑、变幅撑臂；所述塔身和吊臂中至少有一项是由箱式伸缩节构成；所述塔身的下端铰接在回转平台上，塔身的上端通过铰轴连接有侧部支撑、变幅撑臂和吊臂；其中侧部支撑是由分居塔身顶部的左、右、后侧的三个侧部支撑组成，吊臂位于塔身的前侧，变幅撑臂位于塔身顶部，且位于塔身顶部的后侧部支撑、变幅撑臂和吊臂的纵向中心线共面，并分别与塔身纵向中心线相交；所述塔身下端第一伸缩节中部和根部分别以铰接的方式设置有至少一根用于实现塔身平放或直立的液压缸，所述液压缸另外一端铰接在回转平台上。
109. 202089115 一种行走车辆底盘
CN
28.12.2011
B62D 21/18 Loading...
B62D 21/18
Loading...
201120201431.6
郑州新大方重工科技有限公司
李纲
B62D 21/18
Loading...
一种行走车辆底盘，其特征在于：所述车辆底盘包括中间体结构（4），环绕中间体结构（4）以铰接方式安装有四个分别设置有支腿摆动限位锁死机构（3）的行走支腿机构（2），其中位于中间体结构（4）纵向中心线同侧的两个行走支腿机构(2)间设置有用于保持两个行走支腿机构（2）处于平行状态的可拆装的支腿连接横梁（5）。本实用新型结构更为合理、使用安全可靠、更能适应市场需要。
110. 202082198 一种自动插销机构
CN
21.12.2011
F15B 15/20 Loading...
F15B 15/20
Loading...
201120201445.8
郑州新大方重工科技有限公司
刘晓宇
F15B 15/20
Loading...
一种自动插销机构，其特征在于：所述机构包括被铰接主体，以与设置在被铰接主体上的耳板上的销轴孔共轴线的方式安装在被铰接主体上的双出油缸；所述双出油缸的活塞杆的一端作为销轴端与耳板的销轴孔相配合，另外一端作为检测端与设置在双出油缸上的用于检测活塞杆伸缩量的检测装置配合使用。
111. 202080180 自行走风机叶片专用运输车
CN
21.12.2011
B60P 3/40 Loading...
B60P 3/40
Loading...
201120201427.X
郑州新大方重工科技有限公司
田华良
B60P 3/40
Loading...
一种自行走风机叶片专用运输车，它包括自行走式平板车（1），安装在自行走式平板车车架（15）上方中后部的专用平台（2），其特征在于：所述专用平台（2）包括通过回转机构安装在车架（15）上的平台（4），以及设置在平台（4）上的叶片翻转机构、配重移动机构；所述叶片翻转机构包括通过销轴设置在平台（4）后端的横置的翻转架（7），用于驱动翻转架（7）前后摆动的翻转油缸（6）的一端与平台（4）连接，另一端与翻转架（7）连接，在翻转架上通过卡槽连接方式安装有用于连接被运输的风机叶片的叶片根部连接架（8）；所述配重移动机构是由设置在平台（4）上的纵向滑道（11），安装在纵向滑道上的配重（9），以及用于驱动配重（9）沿滑道（11）作前后位移运动配重移动油缸（10）组成。
112. 102190255 Crane
CN
21.09.2011
B66C 23/36 Loading...
B66C 23/36
Loading...
201110160668.9
Zhengzhou New Dafang Heavy Industries & Technology Co., Ltd.
Li Gang
B66C 23/36
Loading...
The invention relates to a crane which comprises a travelling chassis, a rotary platform, a tower body, a suspension arm, a lateral support and a variable-amplitude support arm, wherein the rotary platform is arranged on the travelling chassis and can rotate for 360 DEG; the tower body is positioned on the rotary platform; the suspension arm, the lateral support and the variable-amplitude are arranged at the upper end of the tower body; at least one of the tower body and the suspension arm consists of box-type expansion joints; the lower end of the tower body is articulated to the rotary platform, and the lateral support, the variable-amplitude and the suspension arm are connected to the upper end of the tower body through hinge shafts; the lateral support consists of three lateral supports which are respectively arranged at the left side, the right side and the rear side of the top of the tower body; the suspension arm is positioned at the front side of the tower body; the variable-amplitude support arm is positioned at the top of the tower body; the longitudinal centre lines of the rear lateral support positioned at the top of the tower body, the variable-amplitude support arm and the suspension arm are coplanar and intersected with the longitudinal centre line of the tower body; and the middle part and the root of the first expansion joint at the lower end of the tower body are respectively provided with at least one hydraulic cylinder used for realizing the flat or vertical placement of the tower body in an articulating way, and the other end of the hydraulic cylinder is articulated to the rotary platform.
113. 201960568 一种可翻转的机械手爪
CN
07.09.2011
B25J 15/08 Loading...
B25J 15/08
Loading...
201020652521.2
郑州新大方重工科技有限公司
冯令甫
B25J 15/08
Loading...
一种可翻转的机械手爪，其特征在于：它包括回转底座，以水平设置的方式通过轴承座安装在回转底座轴孔内的传动轴、以及通过连接件竖直安装在回转底座上方的用于与机械手臂连接的机械手爪连接盘；所述传动轴的一端通过连接键与机械手爪相结合，另一端通过齿轮传动机构与摆动液压缸相结合；所述机械手爪包括与传动轴键连接的固定手爪和通过销轴与固定手爪铰接的活动手爪，共同构成近似于U字形的机械手爪结构；在固定手爪和活动手爪的铰接端设置有用于驱动活动手爪张开或夹紧的夹紧液压缸；在活动手爪的夹紧工作面一侧设置有一组夹紧块，在固定手爪夹紧工作面一侧设置有两组夹紧块，且三组夹紧块呈品字形设置。
114. 201882816 一种伸缩塔身起重机
CN
29.06.2011
B66C 23/62 Loading...
B66C 23/62
Loading...
201020653366.6
郑州新大方重工科技有限公司
李纲
B66C 23/62
Loading...
一种伸缩塔身起重机，该起重机包括支撑底盘模块（A），通过分体式回转支撑装置（B）安装在支撑底盘上方的机台模块(C)，通过销轴连接的方式安装在机台上的塔身(D)，以及安装在机台上的电气控制模块，设置在塔身顶部的水平撑臂(E)、摆动撑臂(F)、起重臂(G)，以及连接在机台模块与塔身顶部之间的斜拉索(5)，连接在机台模块与水平撑臂(E)一端的拉杆(7)；其特征在于：所述的塔身（D）为多级伸缩式塔身，由若干节由下至上横截面尺寸递减的构件套装在一起；塔身（D）处于伸出状态时，第一级塔身与第二级塔身之间通过抗剪块（29）、高强螺栓相互连接，其余各级塔身之间通过抗剪销（30）相互连接，且抗剪销（30）一端连接有抗剪销推拉油缸（31）。
115. 201882810 设置有起重臂侧向斜拉索的塔式起重机
CN
29.06.2011
B66C 23/16 Loading...
B66C 23/16
Loading...
201020653367.0
郑州新大方重工科技有限公司
李纲
B66C 23/16
Loading...
一种设置有起重臂侧向斜拉索的塔式起重机，该起重机包括支撑底盘模块，通过分体式回转支撑装置安装在支撑底盘上方的机台模块，通过销轴连接的方式安装在机台上的塔身，以及安装在机台上的电气控制模块，设置在塔身顶部的水平撑臂、摆动撑臂、起重臂，以及连接在机台模块与塔身顶部之间的塔身斜拉索，连接在机台模块与水平撑臂一端的拉杆；在起重臂两侧分别设置有一根起重臂侧向斜拉索，两根起重臂侧向斜拉索的一端固定于起重臂的头部，另一端分别连接在所述水平撑臂的侧水平撑臂的两端。
116. 201882818 具有伸缩塔身的起重机
CN
29.06.2011
B66C 23/62 Loading...
B66C 23/62
Loading...
201020653371.7
郑州新大方重工科技有限公司
李纲
B66C 23/62
Loading...
一种具有伸缩塔身的起重机，该起重机包括支撑底盘模块（A），通过分体快装式回转支撑装置（B）安装在支撑底盘上方的机台模块(C)，通过销轴连接的方式安装在机台上的塔身(D)，以及安装在机台上的电气控制模块，设置在塔身顶部的水平撑臂(E)、摆动撑臂(F)、起重臂(G)，以及连接在机台模块与塔身顶部之间的塔身斜拉索(5)，连接在机台模块与水平撑臂(E)一端的拉杆(7)。本实用新型的起重机不紧具有整机机动灵活，转场时对道路要求低的特点；特别是由于引入模块式安装理念，现场组装用时少，避免了小部件的反复拆装，提高了作业时的安全可靠性；且主要结构都可以整体运输，使运输更方便快捷。
117. 201882828 设置有分体式回转支撑装置的起重机
CN
29.06.2011
B66C 23/84 Loading...
B66C 23/84
Loading...
201020653369.X
郑州新大方重工科技有限公司
李纲
B66C 23/84
Loading...
一种设置有分体式回转支撑装置的起重机，该起重机包括支撑底盘模块，通过分体式回转支撑装置安装在支撑底盘上方的机台模块，通过销轴连接的方式安装在机台上的塔身，以及安装在机台上的电气控制模块，设置在塔身顶部的水平撑臂、摆动撑臂、起重臂，以及连接在机台模块与塔身顶部之间的塔身斜拉索，连接在机台模块与水平撑臂一端的拉杆；其特征在于：所述分体式回转支撑装置包括通过便于拆装的销轴安装在机台模块下方的中间体、安装在中间体底面上设置的转盘轴承上的齿圈，安装在中间体上的回转驱动机构；所述回转驱动机构是由动力驱动机构和与齿圈相啮合的驱动齿轮组成；所述齿圈通过通过高强螺栓与支撑底盘模块相结合。
118. 201882817 具有自动挂钩装置的起重机
CN
29.06.2011
B66C 23/62 Loading...
B66C 23/62
Loading...
201020653368.5
郑州新大方重工科技有限公司
李纲
B66C 23/62
Loading...
一种具有自动挂钩装置的起重机，该起重机包括支撑底盘模块（A），通过中间体（B）安装在支撑底盘上方的机台模块(C)，通过销轴连接的方式安装在机台上的塔身(D)，以及安装在机台上的电气控制模块，设置在塔身顶部的水平撑臂(E)、摆动撑臂(F)、起重臂(G)，以及连接在机台模块与塔身顶部之间的塔身斜拉索(5)，连接在机台模块与水平撑臂(E)一端的拉杆(7)；其特征在于：在所述起重臂(G)前端吊钩设置位置处的后部设置有自动挂钩装置（2），所述自动挂钩装置（2）为一U形构件，其直线段部分为刚性件，弯线段部分为挠性件，开口端铰接于起重臂端部，在铰接处设置有用于限定转角的限位挡块（14）。
119. 201882813 设置有水平撑臂的起重机
CN
29.06.2011
B66C 23/36 Loading...
B66C 23/36
Loading...
201020653370.2
郑州新大方重工科技有限公司
李纲
B66C 23/36
Loading...
一种设置有水平撑臂的起重机，包括支撑底盘模块，安装在支撑底盘上方的机台模块，安装在机台上的塔身，以及安装在机台上的电气控制模块，设置在塔身顶部的水平撑臂、摆动撑臂、起重臂，以及连接在机台模块与塔身顶部之间的斜拉索，连接在机台模块与水平撑臂一端的拉杆；所述的水平撑臂是由垂直于变幅平面的侧水平撑臂和与起重臂同在一个变幅平面内的末端安装有变幅滑轮组的后水平撑臂共同组成的呈T字形结构件；该水平撑臂通过销轴以与塔身轴线相垂直的方式安装塔身顶部，且所述水平撑臂的末端通过可折叠的拉杆（或拉索）与机台模块连接。
120. 201817210 用于造船的轮胎式船段空中翻身龙门式起重机
CN
04.05.2011
B66C 19/00 Loading...
B66C 19/00
Loading...
201020281773.9
郑州新大方重工科技有限公司
黄耀怡
B66C 19/00
Loading...
一种用于造船的轮胎式船段空中翻身龙门式起重机，其特征在于：它包括上车系统和下车系统两大部分；其中，所述下车系统是由两辆采用液压驱动行驶的全液压悬挂式轮胎组合式自行台车组成；所述上车系统包括安装有司机室、登机电梯、爬梯、上车系统发电机组、由主梁和两条刚性支腿构成的龙门式刚架、安装在主梁一端上方的维修吊机、通过沿主梁长度方向平行设置的宽、窄两股轨道安装在主梁轨道上的下小车起升系统和门架式结构的上小车起升系统；所述两条刚性支腿分别通过球铰支座的方式安装在相应的全液压悬挂式轮胎组合式自行台车的车架结构上；在所述的全液压悬挂式轮胎组合式自行台车上设置有发动机组。
121. 201817776 下导梁步履式铁路架桥机主机后回转折叠式悬臂梁系统
CN
04.05.2011
E01D 21/10 Loading...
E01D 21/10
Loading...
201020161856.4
郑州新大方重工科技有限公司
黄耀怡
E01D 21/10
Loading...
一种下导梁步履式铁路架桥机主机后回转折叠式悬臂梁系统，它包括主梁(1)，与主梁相结合的后支腿(3)、前支腿(4)、辅支腿(5)，安装在主梁上方的后吊梁天车(6)、前吊梁天车(7)、导梁天车(8)，以及设置在主梁前端的向前延伸的悬臂梁系统(2)，其特征在于：所述悬臂梁系统(2)包括由平行设置的左右悬臂(17)构成的悬臂梁；所述左右悬臂的后端分别通过端部螺栓法兰(14)和分别设置左右悬臂与主梁的相应结合边外侧面上的转枢机构(15)、用于驱动左右悬臂绕转枢机构分别水平向主梁(1)两侧回转折叠的推拉油缸(11)与主梁前端相结合，所述左右悬臂的前端通过两段式结构的横联梁(10)连接，两段横联梁间通过螺栓法兰(16)对接在一起。
122. 201808609 大吨位滩涂运输车
CN
27.04.2011
B62D 55/065 Loading...
B62D 55/065
Loading...
201020195984.0
郑州新大方重工科技有限公司
李淮
B62D 55/065
Loading...
一种大吨位滩涂运输车，所述运输车包括车架，通过悬挂机构对称设置在车架两侧的由左、右履带架和通过设置在履带架前后端的驱动轮、导向轮分别安装在左、右履带架上的履带组成的左、右履带行走机构，其特征在于：所述履带架为浮箱式结构。由于本实用新型的履带行走机构中的履带架采用了浮箱式结构(即浮箱履带行走装置)，使得该装置接地比压减小，可实现在潮间带、潮下带滩涂进行物资运输任务，且具有浮航能力；同时，本实用新型的车架连接结构可实现多机串联与并联，实现更大运输能力。
123. 201761559 具有升降平台的大吨位滩涂运输车
CN
16.03.2011
B62D 55/08 Loading...
B62D 55/08
Loading...
201020241823.0
郑州新大方重工科技有限公司
李淮
B62D 55/08
Loading...
一种具有升降平台的大吨位滩涂运输车，其特征在于：所述运输车包括通过升降机构连接在一起的上、下车架，设置在上车架中部的动力总成，安装在下车架前部下方的回转支承机构，通过相应设置的左、右悬架装置安装在回转支承机构下方的由前左、右两个履带行走单元组成的前履带行走机构，通过相应设置的左、右悬架装置直接安装在下车架后部下方的由后左、右两个履带行走单元组成的后履带行走机构。由于本实用新型中履带与车架之间加入回转支承机构，使四履带实现了更小的转弯半径；同时四履带保证了较小的接地比压，实现该车在潮间带、潮下带滩涂进行物资运输任务；上下车架间通过升降机构调节高度，保证整车通过水深范围更大；另外该车可实现多机串联，实现更大运输能力。
124. 201722629 低位悬拼步履式架桥机的自助吊装机构
CN
26.01.2011
E01D 21/06 Loading...
E01D 21/06
Loading...
201020281583.7
郑州新大方重工科技有限公司
黄耀怡
E01D 21/06
Loading...
一种低位悬拼步履式架桥机的自助吊装系统，它包括后支腿、前支腿、中支腿、横断面呈倒凹字形结构的主梁和吊梁天车；所述后支腿的左、右腿分别与主梁两侧的左、右下弦杆和腹板刚性连接，且该后支腿脚部装有滑靴；所述前支腿的左、右腿与主梁前端两侧下弦杆铰接，而在横断面上形成一个稳定的排架结构，该排架上半部与主梁之间形成一个矩形框架；所述中支腿为一个开启式矩形框架，其上横眉是由多根开启式撑杆组成，所述中支腿的左、右立柱与下横梁形成一个U形刚架，所述撑杆为长度可调的杆件构成，该撑杆的两端分别与U形刚架的左、右立柱之间采用可拆装的插接件连接，所述中支腿通过安装在其肩台上的托辊支承在主梁底面设置的纵向导轨下方。
125. 101929126 Self-help hoisting mechanism of low-position cantilever walking type bridge erection machine
CN
29.12.2010
E01D 21/00 Loading...
E01D 21/00
Loading...
201010245099.3
Zhengzhou New Dafang Heavy Industry Technology Co., Ltd.
Huang Yaoyi
E01D 21/00
Loading...
The invention discloses a self-help hoisting mechanism of a low-position cantilever walking type bridge erection machine, comprising a rear outrigger, a front outrigger, a middle outrigger, a main beam with an inverted concave cross section, and a beam hoisting crown block. A left leg and a right leg of the rear outrigger are rigidly connected with a left lower chord and a right lower chord at the two sides of the main beam as well as a web respectively, and the foot part of the rear outrigger is provided with a sliding shoe; a left leg and a right leg of the front outrigger are articulated with the lower chords at the two sides of the front end of the main beam so as to form a stable bent structure on the cross section, and a rectangular frame is formed between the upper half part of the bent and the main beam; the middle outrigger is an opened rectangular frame and the upper transom thereof consists of a plurality of opened supporting bars; a left column and a right column of the middle outrigger and a lower cross beam form a U-shaped steel frame; the supporting bars are formed by length-adjustable bars and the two ends of the supporting bars are respectively connected with a left column and a right column of the U-shaped steel frame by removable plug connectors; and the middle outrigger is supported under a longitudinal guide rail arranged at the bottom surface of the main beam through a supporting roller arranged on the shoulder of the middle outrigger.
126. 201682715 一种控制盒
CN
22.12.2010
H05K 5/06 Loading...
H05K 5/06
Loading...
201020196037.3
郑州新大方重工科技有限公司
崔军祥
H05K 5/06
Loading...
本实用新型涉及一种内装有电路板的控制盒，包括相互扣合在一起的上壳体和下壳体，以及设置在控制盒内的电路板，其特征在于：所述上、下壳体通过相互配合的凸形缘口和凹形槽口紧密扣合在一起；且所述凹形槽口的外侧槽壁的竖直延伸高度大于内侧槽壁的竖直延伸高度，所述凸形缘口的内、外台肩的高度与所述凹形槽口的内、外侧槽壁的高度呈相互配合的内高、外低的结构形式。本实用新型相比现有技术可更好的实现上、下壳体之间连接的紧密扣合，使得密封效果较好。
127. 201669703 一种可翻转的机械手
CN
15.12.2010
B25J 9/08 Loading...
B25J 9/08
Loading...
201020196056.6
郑州新大方重工科技有限公司
王飞
B25J 9/08
Loading...
一种可翻转的机械手，它包括设置在底座上的立柱，通过回转驱动装置安装在立柱上端的机械手；所述机械手包括水平水平伸缩臂、竖直伸缩臂、以及机械手爪总成；所述水平伸缩臂包括以套装方式相结合的管式结构的水平伸缩一、二臂，以及用于推动水平伸缩二臂水平移动的液压油缸；所述竖直伸缩臂包括以套装方式相结合的管式结构的竖直伸缩一、二臂，以及用于推动竖直伸缩二臂上下移动的液压油缸；所述机械手爪总成包括与竖直伸缩二臂端部相结合的用于驱动机械手爪绕水平轴线作环转运动的摆动液压缸、与摆动液压缸回转轴相结合的机械手爪、以及设置在手爪根部位置处的用于驱动手爪作开合运动的夹紧液压油缸。
128. 101905839 Tyred ship segment aerial turnover gantry crane for shipbuilding
CN
08.12.2010
B66C 19/00 Loading...
B66C 19/00
Loading...
201010245362.9
Zhengzhou Dafang Bridge-Machine Co., Ltd.
Huang Yaoyi
B66C 19/00
Loading...
The invention relates to a tyred ship segment aerial turnover gantry crane for shipbuilding, which is characterized by comprising a getting-on system and a getting-off system, wherein the getting-off system consists of two fully hydraulic suspension type tyre combined mobile jumbos which are driven by hydraulic pressure; the getting-on system comprises a cab, a boarding elevator, a ladder, a generator set of the getting-on system, a gantry rigid frame, a maintenance crane, a trolley getting-off hoisting system and a trolley getting-on hoisting system with a portal frame structure; the gantry rigid frame consists of a main beam and two rigid supporting legs; the maintenance crane is arranged above one end of the main beam; the trolley getting-off hoisting system is arranged on a main beam track through two wide and narrow tracks which are parallel to each other along with the length direction of the main beam; the two rigid supporting legs are arranged on the frame structures of the corresponding fully hydraulic suspension type tyre combined mobile jumbos in a ball and socket bearing mode; and the fully hydraulic suspension type tyre combined mobile jumbos are provided with engine blocks.
129. 201635011 铁路架桥机的支腿系统
CN
17.11.2010
E01D 21/00 Loading...
E01D 21/00
Loading...
200920276727.7
郑州新大方重工科技有限公司
黄耀怡
E01D 21/00
Loading...
一种铁路架桥机支腿系统，其特征在于：所述支腿系统包括与架桥机主梁系统相结合的后支腿(1)，前支腿(2)，辅支腿(3)，前、后液压支架(4)；所述后支腿(1)是一个可以上下伸缩和转身90度使左右收身变窄的可调式矩形刚架结构件；所述前支腿(2)为一个可以弯腿和翘起来的门架结构；所述辅支腿(3)包括上横梁(3a)支撑在上横梁下方的左右两根三节套柱式立柱(3b)位于立柱下方的行走机构(3d)；所述前、后液压支架(4)均是由四节套柱式长立柱(13)、四节套柱式短立柱(14)、下垫梁(16)组成，在下垫梁(16)上安装有顶升油缸(17)的上端通过可拆卸的两节套柱式接长伸缩中间柱(18)与架桥机主梁底板相结合。
130. 101850700 Large-tonnage shore transport vehicle
CN
06.10.2010
B60F 3/00 Loading...
B60F 3/00
Loading...
201010176915.X
Zhengzhou New Dafang Heavy Industries & Technology Co., Ltd.
Li Gang
B60F 3/00
Loading...
The invention discloses a large-tonnage shore transport vehicle, comprising a vehicle frame, a left crawler traveling mechanism and a right crawler traveling mechanism. The left and right crawler traveling mechanisms are symmetrically installed at two sides of the vehicle frame by a suspension mechanism, and consist of crawler belts which are installed on the left crawler frame and the right crawler frame by a driving wheel and a guide wheel arranged on the front end and the rear end of the crawler frame, wherein the crawler frame is a floating box type structure. The crawler frame of the crawler walking mechanism adopts the floating box type structure (i.e., the floating box crawler traveling device), so that the unit grounding pressure of the device is reduced; the traveling device transports the goods and materials at the shore between the tidal zones or below the tidal zone and has the floating sailing ability; and the vehicle frame connecting structure realizes the series-connection and the parallel-connection of a plurality of machines, so that the larger transporting capability is realized.
131. 101831888 1200 tonner water conservancy aqueduct transportation and erection equipment
CN
15.09.2010
E02B 5/02 Loading...
E02B 5/02
Loading...
201010176928.7
Zhengzhou Dafang Heavy Industry Technology Co., Ltd.
Chen Deli
E02B 5/02
Loading...
The invention relates to 1200 tonner water conservancy aqueduct transportation and erection equipment which is characterized by comprising a wheel-track type aqueduct transportation vehicle (1) and an aqueduct erecting machine (2), wherein the aqueduct erecting machine (2) comprises left and right lower guide beams (5) arranged above an aqueduct pier in a parallel erecting mode through a supporting pedestal (4) as well as a lower guide beam closable connecting beam (3), a single-hanging-point aqueduct lifting gantry crane (6), a double-hanging-point aqueduct lifting gantry crane (7) and a fixing and connecting beam (8) which are sequentially arranged on the left and right guide beams (5) from front to back along an aqueduct conveying direction; and the wheel-track type aqueduct transportation vehicle (1) comprises a track sequentially arranged on the upper edge ports of the left side wall and the right side wall of the erected aqueduct along the aqueduct conveying direction from front to back, a single-support-point aqueduct transportation trolley (9) and a double-support-point aqueduct transportation trolley (11), which are capable of doing longitudinal displacement motions along the upper edge port of the left side wall and the right side wall of the aqueduct, as well as a trolley connecting beam (10) connected between the single-support-point aqueduct transportation trolley (9) and the double-support-point aqueduct transportation trolley (11) in a demountable mode.
132. 101806039 Back rotating and folding type cantilever girder system of mainframe of walking type railway bridge girder erecting machine with lower guiding girder
CN
18.08.2010
E01D 21/06 Loading...
E01D 21/06
Loading...
201010149008.6
Zhengzhou Dafang Bridge-Machine Co., Ltd.
Dai Yu
E01D 21/06
Loading...
A back rotating and folding type cantilever girder system of a mainframe of a walking type railway bridge girder erecting machine with a lower guiding girder comprises a girder (1), a back leg (3), a front leg (4), an auxiliary leg (5), a back suspension girder crown block (6), a front suspension girder crown block (7), a guiding girder crown block (8) and a cantilever girder system (2), wherein the back leg (3), the front leg (4) and the auxiliary leg (5) are jointed with the girder; the back suspension girder crown block (6), the front suspension girder crown block (7) and the guiding girder crown block (8) are arranged above the girder; and the cantilever girder system (2) is arranged at the front end of the girder and extends forwards. The invention is characterized in that the cantilever girder system (2) comprises a cantilever girder formed by left and right cantilevers (17) arranged in parallel; the back ends of the left and right cantilevers are jointed with the front end of the girder respectively by an end bolted flange (14), hinge mechanisms (15) respectively provided with the left and right cantilevers and the girder and positioned on the outer sides of the corresponding jointing edges and a push-pull cylinder (11) used for driving the left and right cantilevers to respectively horizontally rotate and fold towards the two sides of the girder (1) by surrounding the hinge mechanisms; the front ends of the left and right cantilevers are connected with each other by transverse girders (10) of two-stage structure; and the two-stage transverse girders are in butt joint with each other by a bolted flange (16).
133. 101761033 Bionic leg system for machine cat type railway bridge erecting machine
CN
30.06.2010
E01D 21/00 Loading...
E01D 21/00
Loading...
200910227414.7
Zhengzhou Dafang Bridge-Machine Co., Ltd.
Chen Bianling
E01D 21/00
Loading...
The invention relates to a bionic leg system for a machine cat type railway bridge erecting machine, which is characterized by comprising a back leg (1), a front leg (2), an auxiliary leg (3), and front and back hydraulic supports (4), wherein the back leg (1) is combined with a girder system of the bridge erecting machine; the back leg (1) is an adjustable rectangular rigid-frame structural member which can be telescoped up and down and turned for 90 degrees to be retracted and narrowed horizontally; the front leg (2) is a portal structure which can be bent and tilted up; the auxiliary leg (3) comprises an upper beam (3a), two upright columns (3b) and a travelling mechanism (3d); the two upright columns (3b) are in a three sleeved column type and are arranged left and right below the upper beam; the travelling mechanism (3d) is positioned below the upright columns; each of the front and back hydraulic supports (4) comprises a four sleeved-column type long upright column (13), a four sleeved-column type short upright column (14) and a lower sleeper beam (16); and the upper end of a jacking oil cylinder (17) installed on the lower sleeper beam (16) is combined with a girder bottom plate of the bridge erecting machine through two detachable sleeved column type lengthening telescoping middle columns (18).
134. 101736816 Quick coupling for connecting box-beam steel structure module
CN
16.06.2010
E04B 1/58 Loading...
E04B 1/58
Loading...
200910227413.2
Zhengzhou Dafang Bridge Machinery Co., Ltd.
Dai Yu
E04B 1/58
Loading...
The invention provides a quick assembling coupling for connecting box-beam steel structure modules, which is characterized by comprising a plurality of segments or pieces of box-beam steel structure modules for forming a box-beam component, wherein, quick assembling couplings (3) are symmetrically arranged at abutting ends of every two adjacent box-beam steel structure modules. Each quick assembling coupling comprises up and down enclosed flange connection boxes (12, 13), a plurality of shear-resistant positioning pin holes (10) and a plurality of stud hole tubes (9), wherein, the up and down enclosed flange connection boxes (12, 13) are arranged at the abutting ends of the box-beam steel structure modules; the shear-resistant positioning pin holes (10) are used for penetrating shear-resistant positioning pins (15); and the stud hole tubes (9) are arranged side by side in each enclosed flange connection box and used for penetrating double end studs (14).
135. 101736696 Highway-railway dual-purpose box-shaped double-beam T-shaped beam bridge girder erection machine
CN
16.06.2010
E01D 21/00 Loading...
E01D 21/00
Loading...
200910227415.1
Zhengzhou Dafang Bridge Machinery Co., Ltd.
Chen Bianling
E01D 21/00
Loading...
The invention relates to a highway-railway dual-purpose box-shaped double-beam T-shaped beam bridge girder erection machine, comprising a rear ground jack (1), a middle ground jack (2), a front ground jack (3), an auxiliary ground jack (4), a dual-main beam (5), a front and rear hanging beam trolley (6), an electric appliance and operating system (7), a front and middle ground jack carrier roller (8) and a hydraulic system (9). The bridge girder erection machine has strong adaptability to the technical characteristics of bridges and circuits, thereby having wide popularization and application value. The bridge girder erection machine is suitable for erecting highway T-shape beams and is also suitable for railway T-shape beams.
136. 101736703 3000t special bridge girder erection machine for integrally erecting 120m-span double-layer four-line steel beam bridge for highway and railway
CN
16.06.2010
E01D 21/10 Loading...
E01D 21/10
Loading...
200910227416.6
Zhengzhou Dafang Bridge Machinery Co., Ltd.
Chen Bianling
E01D 21/10
Loading...
The invention relates to a 3000t special bridge girder erection machine for integrally erecting a 120m-span double-layer four-line steel beam bridge for highway and railway, which is characterized by comprising a bracket structure (1), a lower guide beam structure (2), a roller group (3), a front end rack winch (4) and a matched beam conveying vehicle (5). The invention creates a construction method and special equipment for integrally erecting a long and large steel bridge with large span and cross section and dead weight, greatly shortens the construction period of the long and large steel beam bridge, greatly saves construction funds, and develops a new construction technical direction for the construction of the steel beam bridges.

