1. 205396347 混合动力自卸式电动三轮摩托车车架
CN
27.07.2016
B62K 5/027 Loading...
B62K 5/027
Loading...
201620164653.8
重庆吉克科技发展有限公司
鲜继凯
B62K 5/027
Loading...
本实用新型公布了一种混合动力自卸式电动三轮摩托车车架，包括车架和辅助车架，所述车架为一矩管围成的长方形框架结构，所述辅助车架为一矩管围成的长方形框架结构，所述车架尾部没有尾灯板，所述尾灯板设置在所述辅助车架尾部；所述辅助车架固定于所述车架上，所述辅助车架伸出所述车架尾部一段距离；所述辅助车架与车厢铰接。本实用新型能合理安装发电机，避免发电机不受碰撞干涉，为电动三轮车的长时间续航和动力提升做铺垫。
2. 203708846 一种水果采摘器
CN
16.07.2014
A01D 46/247 Loading...
A01D 46/247
Loading...
201420036696.9
重庆吉克科技发展有限公司
蒋猛
A01D 46/247
Loading...
本实用新型公开了一种水果采摘器，包括切割装置、收集筐、支撑杆以及控制把手；所述切割装置通过一呈U型的支撑架可转动安装在收集筐的开口处；该切割装置包括电机和圆盘锯，其中，所述电机安装在U型支撑架上，圆盘锯与电机的输出轴相连；所述支撑杆的一端与收集筐的底部相连，另一端与控制把手相连；所述控制把手具有电源仓，在控制把手上设有一按钮开关，所述按钮开关与电机串联，接通电源后，通过该按钮开关能够控制电机的启停。本实用新型能够有效解决现有水果采摘速度慢、效率低，易损伤水果，并且采摘安全性较差的问题，使采摘水果更加方便、快速，从而降低因采摘不及时导致的经济损失。
3. 203618316 一种螺旋开沟器
CN
04.06.2014
A01C 5/06 Loading...
A01C 5/06
Loading...
201420001400.X
重庆吉克科技发展有限公司
蒋猛
A01C 5/06
Loading...
本实用新型公开了一种螺旋开沟器，在机架下表面设有弧形板，弧形板中部下凹以将减速器罩住，弧形板两侧斜向上弯曲形成弧形导向面。螺旋绞龙连接端穿过弧形板与减速器连接，发动机通过减速器减速后带动螺旋绞龙旋转。在螺旋绞龙螺旋面的边缘间隔设有若干切土刀。在螺旋绞龙底部设有圆盘爪，圆盘爪每个爪部具有端面切削刃和圆周面切削刃。在机架尾部通过合页设有可上下翻转的挡泥板，在机架和挡泥板之间设有拉簧，挡泥板上部两侧有向侧前方弯折的侧翼板。本实用新型结构简单，拆装操作方便，性能优良，沟型规范，切土力强，动力需求小，可作为小型拖拉机的配套机具。

