1. 102324004 一种网页表单输入信息验证方法及装置
CN
18.01.2012
G06F 21/00 Loading...
G06F 21/00
Loading...
201110139018.6
重庆猪八戒网络有限公司
谢诗圆
G06F 21/00
Loading...
本发明提供了一种网页表单输入信息验证方法，包括，系统检测到输入焦点移入一个表单时，接收表单输入信息；将获取的所述表单输入信息与预先设置的所述表单对应的验证规则进行对比验证；根据验证结果输出反馈信息在网页显示。此外，本发明还公开了一种与所述方法向适应的网页表单输入信息验证装置，使用本发明的技术方案，可以使得用户在每填写一个表单的内容后都可以即时获得验证结果反馈，便于用户及时修改填写错误，提升了web应用交互中用户的感受，同时也提高了交互效率。
2. 102194003 Web page popup window method and device
CN
21.09.2011
G06F 17/30 Loading...
G06F 17/30
Loading...
201110139026.0
Chongqing Zhubajie Network Co., Ltd.
Xie Shiyuan
G06F 17/30
Loading...
The invention relates to the field of internet application development, and discloses a web page popup window method. The method comprises the following steps of: generating an instantiated popup window, and managing the popup window; and loading a popup window page, and generating an instance for calling an external independent page. The invention also discloses a web page popup window device, which comprises a popup window generating module, a popup window management module and a calling module, wherein the popup window generating module is used for generating the instantiated popup window; the popup window management module is used for managing the generated instantiated popup window; and the calling module is used for calling the loaded external independent page and acquiring the popup window instance. According to the method and the device, the external page can be read as popup window contents, mutual parameter transfer and event binding/trigger of the interior of the popup window and a parent window are supported, the popup window and the popup window contents are thoroughly separated, and the maintenance is easy; and by reducing the secondary loading time, the operating experience of a user is effectively promoted, and bandwidth consumption of a server is reduced.

