1. 202560943 便携式卫星天线俯仰减速器
CN
28.11.2012
F16H 1/28 Loading...
F16H 1/28
Loading...
201220205304.8
重庆创坤科技开发有限公司
邱伟
F16H 1/28
Loading...
本实用新型公开了一种便携式卫星天线俯仰减速器，包括壳体、输出轴、一级传动副和二级传动副；一级传动副包括偏心轴I、套装在偏心轴I上并与偏心轴I转动配合的双联齿轮I和固定安装在壳体上的齿圈I，双联齿轮I的两端分别设有内齿和外齿，双联齿轮I的外齿与齿圈I构成少齿差啮合副；二级传动副包括偏心轴II、套装在偏心轴II上并与偏心轴II转动配合的双联齿轮II和固定安装在壳体上的齿圈II，双联齿轮II的两端分别设有内齿和外齿，双联齿轮II的外齿与齿圈II构成少齿差啮合副，偏心轴II上设有与双联齿轮I的内齿啮合的传动齿轮I，传动齿轮I与偏心轴II同步转动；输出轴上设有与双联齿轮II的内齿啮合的传动齿轮II，传动齿轮II与输出轴同步转动。
2. 202560940 便携式卫星天线水平方向减速器
CN
28.11.2012
F16H 1/22 Loading...
F16H 1/22
Loading...
201220205327.9
重庆创坤科技开发有限公司
邱伟
F16H 1/22
Loading...
本实用新型公开了一种便携式卫星天线水平方向减速器，包括壳体、输出轴、一级传动副和二级传动副；二级传动副包括偏心轴、套装在偏心轴上并与偏心轴转动配合的双联齿轮和固定安装在壳体上的齿圈，双联齿轮的两端分别设有内齿和外齿，双联齿轮的外齿与齿圈啮合并构成少齿差啮合副；一级传动副包括输入轴，输入轴的轴线与偏心轴轴线垂直，且所述输入轴和偏心轴之间设有相互啮合的锥齿轮副或弧锥齿轮副；所述输出轴上设有与双联齿轮的内齿啮合的传动齿轮，所述传动齿轮与所述输出轴同步转动。该便携式卫星天线水平方向减速器不仅能够满足卫星天线减速器的要求，替代现有的进口RV减速器，而且制造工艺简单、设备要求低，制造成本低、合格率高。
3. 201282434 太阳能定日镜柔性动力驱动装置
CN
29.07.2009
H02N 6/00 Loading...
H02N 6/00
Loading...
200820100368.5
重庆创坤科技开发有限公司
胡捷
H02N 6/00
Loading...
太阳能定日镜柔性动力驱动装置，包括控制系统和动力驱动系统；其水平转动和俯仰转动两大齿轮传动系统的主动齿轮均为2－5个，并均匀设置于定日镜转动齿轮周围，各个主动齿轮均与定日镜转动齿轮啮合；所述定日镜转动齿轮的输出端与定日镜底座相连；主动齿轮通过扭矩和转速传感器将主动齿轮的运行参数传回给控制系统的可编程控制器，计算机通过对可编程控制器传回信号的处理，再发出信号给可编程控制器，控制主动齿轮伺服电机的工作状态。本实用新型采用多个主动齿轮进行驱动的方案代替了现有的一个齿轮进行驱动的方案，增大了主动齿轮的驱动能力，特别是使得驱动系统在自然条件不利的情况下及定日镜俯仰转动过程，驱动能力稳定，驱动效果增强。
4. 101394140 Flexible differential/synchronous power driving system for solar sun tracing lens
CN
25.03.2009
H02N 6/00 Loading...
H02N 6/00
Loading...
200810232943.1
Chongqing Cuken Technical Co., Ltd.
Hu Jie
H02N 6/00
Loading...
A flexible differential/synchronous power driving system of a solar energy heliostat comprises a control system and a power driving system; two to five driving gears of two bull gear transmission systems which horizontally rotate and longitudinally rotate are uniformly arranged around a heliostat rotating gear; all the driving gears are meshed with the heliostat rotating gear; the output end of the heliostat rotating gear is connected with a heliostat base; the diving gears transmit the operational parameters of the diving gears back to a programmable controller of the control system through a torque and a rotating speed sensor; and a computer transmits a signal to the programmable controller through processing a transmitted signal of the programmable controller, so as to control the working state of a driving gear servo motor. The invention increases the driving capacity of the driving gears by adopting a proposal of the driving of a plurality of driving gears, instead of the prior proposal of the driving of one gear, and particularly ensures that the driving capacity is stable and the driving effect is enhanced under the unfavorable natural condition and during the heliostat longitudinal rotating process.
5. 200999830 一种微电机用孔销式少齿差行星减速器
CN
02.01.2008
F16H 1/32 Loading...
F16H 1/32
Loading...
200720123449.2
重庆创坤科技开发有限公司
胡捷
F16H 1/32
Loading...
本实用新型提出一种微电机用少齿差行星轮减速器，由输入轴、壳体、偏心轴、行星轮、销轴、前端盖、输出轴和内齿轮等组成。其特点是在行星轮的辐板上沿圆周均匀分布销轴，销轴与行星轮为过盈配合。在输出轴的圆盘上相同半径处均布销孔，则在轮系的运动过程中，销轴的前端通过其上的滚动轴承在销孔内作平面运动。其中偏心轴的偏心距e、销轴的直径d和销孔直径D满足D＝d+2e，则滚动轴承与销孔始终保持接触，从而驱动输出轴随着行星轮同步同向转动。本少齿差行星减速器减小了减速器的径向尺寸，便于使减速器在外形不变的情况下系列化，基于此结构可以设计出微型减速器用以满足微电机系统。

