1. 106585554 一种后排中间位置乘员用的安全气囊系统
CN
26.04.2017
B60R 21/20 Loading...
B60R 21/20
Loading...
102016001197720
江苏金坛长荡湖新能源科技有限公司
吴建中
B60R 21/20
Loading...
本发明公开了一种后排中间位置乘员用的安全气囊系统，包括气囊控制器和与气囊控制器连接的传感器，所述系统还包括通过爆破展开进行覆盖扶手箱上表面或后排出风口的气囊，所述气囊控制器根据传感器采集的信号控制气囊是否爆破。本发明能够有效避免后排中间成员头部直接撞击排出风口或扶手箱，通过安全气囊的缓冲作用，减轻头部的伤害。
2. 106585550 一种汽车安全气囊结构
CN
26.04.2017
B60R 21/0136 Loading...
B60R 21/0136
Loading...
201611181450.0
江苏金坛长荡湖新能源科技有限公司
吴建中
B60R 21/0136
Loading...
本发明提供一种应用于汽车安全防护设备技术领域的汽车安全气囊结构，所述的汽车安全气囊结构的气囊本体(1)安装在汽车前排驾驶员座椅(2)和汽车前排副座椅(3)之间的位置，气囊本体(1)与碰撞感应传感器(13)连接，碰撞感应传感器(13)与能够控制气囊本体(1)充气展开的控制部件(4)连接，本发明所述的汽车安全气囊结构，结构简单，制造成本低，汽车安全气囊结构不单独占用汽车车体内部的空间，安装也极为简便，在汽车发生碰撞时，扶手箱盖内的气囊本体能够充气展开，并从扶手箱盖内伸出覆盖扶手箱盖，从而在后排座位中间乘客头部碰撞到扶手箱盖时对乘客头部起到保护作用，避免对乘客头部造成永久性遗留伤害，提高乘车安全性。
3. 106588719 制备高纯度4,4′–二氯二苯砜的方法
CN
26.04.2017
C07C 315/06 Loading...
C07C 315/06
Loading...
201611187157.5
江西金海新能源科技有限公司
李太菲
C07C 315/06
Loading...
本发明公开了一种制备高纯度4,4’‑二氯二苯砜的方法。该方法以亚砜氧化法生产的4,4’‑二氯二苯砜初产品为原料，以甲苯为溶剂，通过加入氢氧化钠水溶液与冰醋酸及硫酸等无机酸性杂质反应，EDTA四钠盐与Al3+和Fe3+等金属离子络合，活性炭吸附有机色素杂质等，低温冷却重结晶，制备高纯度4,4’‑二氯二苯砜。反应除杂温度105‑110℃，反应除杂时间4‑6小时，重结晶冷却温度为零下5‑10℃，结晶时间为5‑8小时，高纯度4,4’‑二氯二苯砜的色谱含量为99.95%‑99.99%。本发明方法具有反应条件温和，杂质去除效率高，重结晶收率高，4,4’‑二氯二苯砜纯度高，重结晶溶剂可回收循环使用的优点。
4. 106593846 一种能够改善燃油泵噪声NVH性能的方法
CN
26.04.2017
F04B 51/00 Loading...
F04B 51/00
Loading...
201611181462.3
江苏金坛长荡湖新能源科技有限公司
吴建中
F04B 51/00
Loading...
本发明提供一种应用于汽车零部件生产制造辅助工艺技术领域的能够改善燃油泵噪声NVH性能的方法，所述的方法的步骤为：1)采用振动传感器检测试验燃油泵的振动信号，得出试验燃油泵的基频数值；2)在试验燃油泵的噪声测试位置设置麦克风传感器，获取燃油泵输出的响应噪声信号数值；3)根据振动源振动×传递函数＝响应噪声公式，得出传递函数数值；4)找出传递函数数值中最低响应频率分布数值；5)根据该最低的频率数值，重新设计燃油泵的基频，本发明的能够改善燃油泵噪声NVH性能的方法，步骤简单，能够通过对燃油泵的频率和数值进行测试，获得改善燃油泵噪声NVH性能的燃油泵，降低燃油泵的噪声，节约资源和缩短设计周期，提高燃油泵NVH性能。
5. 104556762 塔式机制砂制备及级配调整系统
CN
26.04.2017
B02C 21/00 Loading...
B02C 21/00
Loading...
102014000789452
北京金隅水泥节能科技有限公司
朱立新
B02C 21/00
Loading...
本发明提供了一种塔式机制砂制备及级配调整系统，其包括斗式提升机、振动给料机、整形制砂机、动态选粉机、静态选粉机、机械振动筛、回料皮带、混合加湿器、成品皮带、收尘系统、系统引风机、中央控制器，斗式提升机将需处理大粒径石料提升至制砂机中进行破碎，经破碎后物料通过振动给料机进入动、静态选粉机中，粉料进入收尘系统，细料则进入混合加湿器作为最终成品料，而粗料按照不同比例回笼破碎整形或入机械振动筛，振动筛筛上物料回笼破碎整形，使所得机制砂产品经过重复整形破碎；筛下物料按照不同比例或回笼破碎整形或进入混合加湿器作为最终成品料。
6. 106600812 一种纸币识别方法及装置
CN
26.04.2017



201611154966.6
深圳怡化电脑股份有限公司
李杰


本发明实施例提供了一种纸币识别方法及装置，该方法包括：在纸币的灰度图像中切取包含光变区域的特征区域；确定所述特征区域内所包含像素的最大灰度值与最小灰度值；根据所述最大灰度值与所述最小灰度值确定目标灰度值区间；根据所述特征区域内落入所述目标灰度值区间的像素个数确定所述纸币的真伪。本发明实施例通过采用上述技术方案，使得在纸币识别过程中的数据量小，算法简单，提高纸币识别的效率，改善纸币识别的实时性，并能够保证纸币识别的准确性。
7. 106603357 一种传感器数据上报方法、装置及系统
CN
26.04.2017
H04L 12/40 Loading...
H04L 12/40
Loading...
201610998241.9
深圳怡化电脑股份有限公司
王文华
H04L 12/40
Loading...
本发明提供了一种传感器数据上报方法、装置及系统，传感器上报装置通过获取N个传感器的状态信号，N大于或等于2；根据预先设置的传感器的序号与报文中的数据位置的对应关系，将所述N个传感器的状态信号更新至所述报文中的对应的数据位置；将更新后的报文传送至主控设备；本发明实施例中将多个传感器的状态信号更新至一帧报文中，使得原本需要多帧报文完成的消息上报能够在一帧报文里完成，大大减少了传感器上报装置与主控设备的通信成本，节省了信息交换的时间。
8. 206135279 一种模块化智能箱式变电站
CN
26.04.2017
H02B 7/06 Loading...
H02B 7/06
Loading...
202016000759811
金乡县沃能电控科技有限公司
王振树
H02B 7/06
Loading...
本实用新型公开了一种模块化智能箱式变电站，包括箱体骨架、变压器及高压室、无线通讯传输模块和避雷器接地螺栓；所述变压器及高压室安装有变压器和高压开关箱，所述低压室安装有计量、进线、出线、电容室及智能和通讯设备，两室之间设有隔温板；所述变压器与高压开关箱，通过与变压器固定为一体的高压开关箱底座，及安装在底座上的移动装置、连接和限位装置等，实现全绝缘快速连接；所述变压器和低压室，通过安装在变压器底部的移动装置及侧装式低压导杆，穿过隔温板与低压计量室母排全绝缘快速连接；所述箱体全部设有矿棉隔温层，底座为双层结构及进风百叶窗。本实用新型提供了一种结构简单、安装及维护便捷、通风散热好、高度智能化配用电设备。
9. 206130190 一种全通道卸料阀门
CN
26.04.2017
F16K 11/04 Loading...
F16K 11/04
Loading...
202016001100363
常州道金智能科技有限公司
范永明
F16K 11/04
Loading...
本实用新型公开了一种全通道卸料阀门，属于阀门技术领域，包括阀体、连杆机构和气缸，连杆机构和气缸均设置在阀体内，连杆机构与气缸连接，阀体的上端设有上法兰，下端设有下法兰，连杆机构上设有阀板，阀板与下料管连接，下法兰跟上道设备、下道设备连接，气缸带动连杆机构，用于实现阀板的开或关动作。本实用新型结构简单，使用方便，相比蝶阀，蝶阀通道里含有转轴和阀板，通径相对小，而本阀门通径更大，相比插板阀，插板阀的阀板开关过程中，有一定的粉体泄漏量，并且由于阀板行程长，阀体体积更大，而本阀门通过法兰安装，密封性更好，体积相对插板阀小。
10. 106581907 基于射频信号的智能消防车
CN
26.04.2017
A62C 27/00 Loading...
A62C 27/00
Loading...
102016000953029
江苏金米智能科技有限责任公司
贡伟东
A62C 27/00
Loading...
本发明公开了一种基于射频信号的智能消防车，包括消防车本体以及安装在消防车本体上的行驶控制模块、测距模块、寻火模块、泡沫剂箱、摄像头、灭火头、无线传输模块、控制器，控制器分别与行驶控制模块、测距模块、寻火模块、摄像头、灭火头、无线传输模块连接，灭火头与泡沫剂箱连接；测距模块包括射频收发系统、模数转换器、FFT 变换模块、求模电路、非相参积累器、CFAR 检测电路。本发明是无人操作和预防火灾，利用摄像头高效快速的发现火源，并第一时间进行灭火并汇报主控制台。特别是在人无法靠近的危险火场中，可以发挥重要作用。
11. 106597918 一种基于无线传感器网路的智能建筑消防监控系统
CN
26.04.2017
G05B 19/042 Loading...
G05B 19/042
Loading...
201610959561.3
江苏金米智能科技有限责任公司
贡伟东
G05B 19/042
Loading...
本发明公开了一种基于无线传感器网路的智能建筑消防监控系统，包含监控中心、汇聚节点以及由多个用于火灾烟雾检测的传感器节点组成的无线传感器网路；所述传感器节点包含火灾烟感传感器、模数转换电路、放大电路、定位模块、微控制器模块、无线通信模块和电源模块，本发明采用无线传感器网络对建筑物多个角落的烟雾参数进行实时监控，其具有价格低廉、体积小、组网方便、灵活等特点，将无线传感器网络引入安全保护系统，充分发挥无线传感器网络的优点，以提高建筑消防安全保护系统的整体性能；一旦发生火灾，监控中心立即进行有效措施，对安全事故进行紧急处理，避免人员财产损失。
12. 106588825 一种利用生物柴油生产环保增塑剂的装置
CN
26.04.2017
C07D 303/42 Loading...
C07D 303/42
Loading...
201611054465.0
四川金谷能源科技有限公司
赵占群
C07D 303/42
Loading...
本发明涉及增塑剂制造技术领域，具体公开一种利用生物柴油生产环保增塑剂的装置，包括制备脂肪酸异辛酯系统和制备环保增塑剂系统两大部分，所述脂肪酸异辛酯以生物柴油为主原料制备，再以脂肪酸异辛酯为主原料制备环保增塑剂；所述制备脂肪酸异辛酯系统包括脂肪酸异辛酯反应釜、催化剂溶解釜、第一闪蒸罐、第一冷凝器、循环加热器，所述制备环保增塑剂系统包括环保增塑剂反应釜、中和溶解罐、过滤混合釜、第二闪蒸罐、中和循环加热器、第二冷凝器。本发明的优点是，利用生物柴油生产环保增塑剂，合理利用资源，能源得到最大化利用，同时还保护了环境，降低了生产成本；通过本方法合成的环保增塑剂性能与常用增塑剂相比优势明显。
13. 106604565 一种PCB板上锡膏的方法
CN
26.04.2017
H05K 3/34 Loading...
H05K 3/34
Loading...
102016001201190
深圳市宇顺电子股份有限公司
卢键
H05K 3/34
Loading...
本发明公开了一种PCB板上锡膏的方法，该方法具体包括：PCB板焊盘或通孔印刷完毕后，在需要焊接的位置所对应的焊盘或通孔孔环上通过锡炉浸锡增加一层底锡；制作一张钢网，且钢网上的开孔与PCB板上的焊盘或通孔对应；在钢网上涂敷锡膏，通过刮刀平衡移动将钢网上的锡膏灌注到钢网孔内与PCB板上的焊盘或通孔对应的位置上；通过锡压机对PCB板进行回流焊后将钢网与PCB板分离。本发明的有益效果为：PCB板浸锡制程中无需控制锡厚，将上好底锡的PCB板在SMT制程中增加钢网开孔上锡膏来控制锡厚，无需增加成本，品质可靠，管控方便，可大幅度提高成品良率，摆脱对员工技能的依赖；焊接位置增加上锡膏后，对浸锡厚度标准放宽，提高了PCB板半成品良率。
14. 106604480 LED智能照明灯具控制器及LED灯具
CN
26.04.2017
H05B 33/08 Loading...
H05B 33/08
Loading...
102017000061899
珠海金太节能科技有限公司
刘双胜
H05B 33/08
Loading...
本发明公开了一种LED智能照明灯具控制器及LED灯具。LED智能照明灯具控制器包括电源电路(1)，MCU电路(3)，MCU电源供电电路(2)，检测墙体开关状态并将开关状态信号传送给MCU电路(3)的开关检测电路(4)，接收遥控器的指令的红外线接收电路(5)，后级MOSFET驱动电路(7)，后级MOSFET电源供给电路(6)，MCU电路(3)接收开关检测电路(4)及红外线接收电路(5)的信号并转化指令，对信号处理后输出符合程序设定要求占空比的PWM信号给后级MOSFET驱动电路(7)，后级MOSFET驱动电路(7)接收MCU电路(3)的不同占空比的PWM指令并通过两个后级MOSFET输出相对的驱动电流和电压，从而驱动两组不同色温的LED光源的混合出光的色温及亮度发生变化。本发明可应用于LED照明领域。
15. 106602928 一种基于物联网的便携自供电定位装置
CN
26.04.2017
H02N 2/18 Loading...
H02N 2/18
Loading...
102016000961892
江苏金米智能科技有限责任公司
贡伟东
H02N 2/18
Loading...
本发明公开了一种基于物联网的便携自供电定位装置，包括电源装置、GPS定位模块、无线通信模块和监测终端；电源装置包括压电发电模块和储能模块电路，压电发电模块包括第一压电层、橡胶隔层、第二压电层和多个垫片；储能模块电路包括整流模块、滤波模块、降压式变换模块、储能模块和输出控制模块；压电发电模块、整流模块、滤波模块、降压式变换模块、输出控制模块依次顺序连接，储能模块和整流模块连接，输出控制模块与GPS定位模块、无线通信模块分别连接，GPS定位模块、无线通信模块、监测终端依次连接；橡胶隔层设置在第一压电层和第二压电层之间，垫片设置在第二压电层下。本装置可持续供电，从而实现实时将定位消息传送给监控终端，且结构简单。
16. 106600845 吞卡自助取回的方法及装置
CN
26.04.2017
G07F 19/00 Loading...
G07F 19/00
Loading...
102016000988742
深圳怡化电脑股份有限公司
黄勃
G07F 19/00
Loading...
本发明适用于数据处理技术领域，提供了吞卡自助取回的方法及装置，包括：与银行卡进行绑定；当所述银行卡发生吞卡交易时，接收吞卡的银行自助终端发送的关于所述银行卡的吞卡信息，所述吞卡信息包括所述吞卡交易的流水号和/或所述银行卡的卡号；对所述吞卡信息进行反馈，以使所述银行自助终端在获取到所述吞卡信息后退回所述银行卡。在本发明中，通过无线终端对所述吞卡信息进行反馈，以使所述银行自助终端在获取到所述吞卡信息后退回所述银行卡，来实现吞卡自助取回，使得用户可以在无法获得吞卡交易的流水号和/或所述银行卡的卡号的情况下完成吞卡自助取回，提高了用户自助取卡的效率。
17. 106600406 一种交易方法及其终端
CN
26.04.2017
G06Q 40/04 Loading...
G06Q 40/04
Loading...
102016001048449
深圳怡化电脑股份有限公司
黄勃
G06Q 40/04
Loading...
本发明涉及一种交易方法及其终端，该方法包括：接收用户输入的身份认证信息，根据身份认证信息对用户进行身份认证，若身份认证通过，则自动跳转至交易界面，提示用户输入交易密码；接收用户输入的交易密码，校验交易密码是否为用户预先于自助终端配置的交易密码列表中的合法密码，交易密码列表包括至少一个合法密码和与至少一个合法密码一一对应的交易业务类型；若交易密码为交易密码列表中的合法密码，则从交易密码列表中查找出与交易密码对应的交易业务类型，并根据与交易密码对应的交易业务类型执行相应的业务处理流程。本发明实施例通过设置密码与交易业务类型的对应关系，在用户输入密码后执行相应的业务处理流程，提高交易终端的使用效率。
18. 106590938 一种利用地沟油生产防腐剂的方法
CN
26.04.2017
C11B 11/00 Loading...
C11B 11/00
Loading...
102016001083155
四川金谷能源科技有限公司
赵占群
C11B 11/00
Loading...
本发明涉及地沟油利用技术领域，具体公开了一种利用地沟油生产防腐剂的方法，包括以下步骤：1）地沟油在80‑95℃的温度下加热搅拌并进行气浮处 理，形成泡沫浮渣、油、水三相非均一体系，将泡沫浮渣收集清除，以此分离杂质；2）经步骤1）处理后的地沟油通入臭氧，使地沟油中的烯烃化合物与臭氧在催化剂作用下氧化反应；3）将定量乙二胺加入到步骤 2）氧化后的地沟油中，在臭氧作用下与氧化后地沟油中的醛类化合物反应制得防腐剂。本方法最大程度利用地沟油的有用成分，制备的防腐剂用于油气集输管线的防腐获得良好的技术指标，节约了防腐剂的生产成本，实现了废物污染治理和综合利用的双重效果，本发明所述制备方法流程简单，且易投入实际生产。
19. 106600815 自助设备控制方法及系统
CN
26.04.2017
G07D 11/00 Loading...
G07D 11/00
Loading...
102016001025148
深圳怡化电脑股份有限公司
谢卫平
G07D 11/00
Loading...
本发明属于金融设备技术领域，提供了一种自助设备控制方法及系统,所述方法包括：检测所述自助设备是否具有混存箱；当检测到所述自助设备具有所述混存箱后，检测所述自助设备是否具有取款功能；若检测到所述自助设备具有取款功能，则检测所述自助设备各个功能箱的存储情况；否则，为所述混存箱分配接收存款功能；根据所述自助设备各个功能箱的存储情况，为所述混存箱分配预设功能。通过本发明使得自助设备存储空间得到最大程度的利用，从而提升自助设备的开机率，使混存箱资源在自助设备预设周期结束时，带来尽可能多的利润，满足更多用户的自助服务需要。
20. 106588824 一种利用生物柴油生产环保增塑剂的方法
CN
26.04.2017
C07D 303/42 Loading...
C07D 303/42
Loading...
201611054045.2
四川金谷能源科技有限公司
赵占群
C07D 303/42
Loading...
本发明涉及增塑剂制造技术领域，具体公开一种利用生物柴油生产环保增塑剂的方法，以生物柴油为主原料，反应原料为异辛醇，催化剂为KOH、NaOH或单丁基氧化锡，中和试剂为磷酸，氮气为保护气，通过对生物柴油与异辛醇进行酯交换，得到具有辛醇基的脂肪酸异辛酯；然后以脂肪酸异辛酯为主原料，反应原料为双氧水，催化剂为甲酸，过滤剂为硅藻土、白土，通过脂肪酸异辛酯环氧化反应得到环氧脂肪酸异辛脂，经过水洗、精制过滤工序得到高品质的环保增塑剂。本发明的优点是，利用生物柴油生产环保增塑剂，合理利用资源，能源得到最大化利用，同时还保护了环境，降低了生产成本；通过本方法合成的环保增塑剂性能与常用增塑剂相比优势明显。
21. 106600263 支付账号保护方法、终端及服务器
CN
26.04.2017
G06Q 20/32 Loading...
G06Q 20/32
Loading...
201611061584.9
深圳怡化电脑股份有限公司
黄勃
G06Q 20/32
Loading...
本发明适用于金融领域，提供了一种支付账号保护方法，包括：建立终端的唯一标识信息与预设支付账号的对应关系；判断在预设时间段内是否获取到用户操控终端的指令；若在预设时间段内未获取到用户操控终端的指令，则向预设支付账号对应的服务器发送禁止指令；其中，禁止指令包括预设支付账号的信息，用于触发服务器控制预设支付账号进入禁止操作状态。本发明解决了现有技术中因无法及时接收到短消息从而造成财产损失的问题。
22. 106600816 一种藏钞故障检测方法及装置
CN
26.04.2017
G07D 11/00 Loading...
G07D 11/00
Loading...
201611061943.0
深圳怡化电脑股份有限公司
杜杨君
G07D 11/00
Loading...
本发明提供了一种藏钞故障检测方法及装置，属于金融设备领域。在本发明中，首先判断是否接收到预设任务指令：若是，则然后在执行预设任务时判断在第一预设位置是否存在纸币；若是，则再在执行预设任务后判断在第二预设位置是否存在纸币；若否，则最后停止存取款功能；本发明通过所述一种藏钞故障检测方法及装置，由于在执行预设任务时判断在第一预设位置存在纸币，且在执行预设任务后判断在第二预设位置不存在纸币时，停止存取款功能，故在不增加传感器的情况下实现了藏钞故障的检测。
23. 106600810 一种纸币的识别方法及装置
CN
26.04.2017



102016001102460
深圳怡化电脑股份有限公司
傅博扬


本发明实施例公开了一种纸币的识别方法及装置。所述方法包括：获取待识别纸币的红外透射图像；确定所述红外透射图像中光变油墨标识的位置、方向和特征信息；根据所述光变油墨标识的位置、方向和特征信息，确定所述待识别纸币的版本信息和面向信息。本发明实施例通过对纸币的红外透射图像中，光变油墨标识的位置、方向和特征信息的识别，进一步确定了纸币的版本信息和面向信息，达到了快速并准确的确定港币的版本信息和面向信息的效果。
24. 206126358 一种含气超细粉料的垂直下料关料装置
CN
26.04.2017
B65G 65/40 Loading...
B65G 65/40
Loading...
202016001099384
常州道金智能科技有限公司
范永明
B65G 65/40
Loading...
本实用新型公开了一种含气超细粉料的垂直下料关料装置，属于下料关料装置技术领域，包括两气缸、下料管、连杆装置和关料门，两气缸设置在下料管两侧，连杆装置设置在下料管的下端，关料门设置在连杆装置的下端，关料门的下端设有压板，气缸推动连杆装置，实现关料门的开门动作，气缸拉动连杆装置，实现关料门的关门动作，压板的四周向上翻边，使关料门与压板之间形成凹槽结构，凹槽结构的底部设有密封垫。本实用新型结构简单，使用方便，关料门内侧密封垫与下料管边缘间压的更加紧，密封性更好，有效的阻挡物料从门缝泄漏，增加密封效果，关料效果更好，有效解决原结构对于含气物料等流动性极好的物料无法关料的问题。
25. 206126045 一种可自动调节的保温管运输装置
CN
26.04.2017
B65G 13/00 Loading...
B65G 13/00
Loading...
202016001005232
天津市金丞泰节能建材科技有限公司
鲁杰
B65G 13/00
Loading...
本实用新型创造提供了一种可自动调节的保温管运输装置，包括：支座，所述支座顶部固接有若干滑槽，所述滑槽呈两列分布且位置一一对应，滑槽内分别设有可相对滑槽移动的滑块，所述滑块上分别固接有辊轮支架，所述辊轮支架上固定安装有辊轮；两列滑槽分别固定连接有连接件，所述连接件外侧分别固接有齿条，与齿条对应位置的支座上固定连接有电机，所述电机的输出轴分别固接有齿轮，所述齿轮与齿条啮合；所述支座底部固定连接有若干轮架，所述轮架上固定连接有行走轮。本实用新型创造所述的保温管运输装置提高了设备运行的可靠性，可适应多种尺寸的保温管的运输，使用范围广。
26. 206123103 一种铝管自动放置轴承的装置
CN
26.04.2017
B23P 19/027 Loading...
B23P 19/027
Loading...
202016001089341
青岛金利天源智能科技有限公司
杨国辉
B23P 19/027
Loading...
一种铝管自动放置轴承的装置，其包括：人工摆放滑道、运送铝管部分、振动盘、顶轴承机构和输出部分；运送铝管部分包括框架，其顶部设置有第一直线导轨，第一直线导轨上滑动设置有输送臂，人工摆放滑道与框架的一端连接，输出部分设置在框架的另一端；所述框架的两侧各设置有一套振动盘和顶轴承机构。本实用新型的有益效果在于：设备安全可靠，工艺科学易于检修，操作方便，技术先进，功能强大，可满足客户的不同要求。
27. 206123078 一种按摩椅人工下料工装
CN
26.04.2017
B23P 19/00 Loading...
B23P 19/00
Loading...
202016001168880
青岛金利天源智能科技有限公司
杨国辉
B23P 19/00
Loading...
一种按摩椅人工下料工装，由多个部分组成，所述人工下料工装包括：生产线传送带、按摩椅定位夹具、按摩椅、龙门框架、滑轨滑块、上部支架、电机、竖向电动滑座、下料治具、推杆和地面，本实用新型的有益效果在于：通过所述按摩椅人工下料工装的结构组成，能够快速有效的将按摩椅定位夹具和按摩椅一起从生产线传送带上搬下，从而完成按摩椅的卸料操作，避免了按摩椅的损坏，且工人远离搬运位置，保证了工人卸料操作的安全性，使用简单方便，省时省力。
28. 206135507 一种基于无线通信的自供电定位照明拍手器
CN
26.04.2017
H02J 7/32 Loading...
H02J 7/32
Loading...
202016001187891
江苏金米智能科技有限责任公司
贡伟东
H02J 7/32
Loading...
本实用新型公开了一种基于无线通信的自供电定位照明拍手器，包括拍手器手柄、两个拍手器手掌、电源装置、GPS定位模块、无线通信模块和发光体；所述电源装置包括压电发电模块和储能模块电路，所述压电发电模块包括第一压电层、橡胶隔层、第二压电层和2个垫片；所述储能模块电路包括整流模块、滤波模块、降压式变换模块、储能模块和输出控制模块；所述拍手器手掌安装在所述拍手器手柄的端部，所述GPS定位模块、无线通信模块和发光体安装于所述拍手器手掌侧面上，所述电源装置位于两个拍手器手掌之间；本实用新型的拍手器通过拍打时将机械能转换为电能，来驱动拍手器上的发光体发光，持续供电从而实现实时定位、实时通信且结构简单。
29. 206136145 一种用于楼宇视频监控的切换控制系统
CN
26.04.2017
H04N 7/18 Loading...
H04N 7/18
Loading...
202016001196609
江苏金米智能科技有限责任公司
贡伟东
H04N 7/18
Loading...
本实用新型公开了一种用于楼宇视频监控的切换控制系统，包括：若干个视频监控模块和监控终端，所述监控终端包括数据传输模块、图像输入模块、图像提取模块、控制模块、显示模块、图像匹配模块、视频监控调取模块；其中所述每个视频监控模块均与数据传输模块相连；所述图像输入模块与图像提取模块相连，所述数据传输模块、图像提取模块分别与控制模块的输入端相连；所述控制模块的输出端分别与显示模块、图像匹配模块、视频监控调取模块相连；所述视频监控调取模块还与数据传输模块相连。本实用新型可自动实现图像特征识别，调取包含待识别目标的视频监控，提高查找速度，可以灵活地实现视频监控的切换，很好地满足用户需求。
30. 206134510 一种356V超级电容器模组
CN
26.04.2017
H01G 11/10 Loading...
H01G 11/10
Loading...
202016001177946
深圳市金能弘盛能源科技有限公司
黄若辰
H01G 11/10
Loading...
本实用新型公开了一种356V超级电容器模组，包括壳体上板，所述壳体上板的下表面四边处设有壳体中间四边套，所述壳体中间四边套的底端连接有壳体底板，所述壳体上板、壳体中间四边套和壳体底板之间设有超级电容单体,超级电容单体之间通过连接构件串联连接。本356V超级电容器模组，利用超级电容器的特性，提高电容器间的大电流大功耗输出和快速能量回收储能效果，为其相匹配的机电设备提供电源，解决城市轨道交通列车在频繁的起停时导致电压波动的问题，同时列车刹车制动时能将电源快速回收储能，模组储能电源能在列车启动时将电源反馈到电力系统，把被列车牵引动力电机启动的消耗电流拉平，增强电力系统运行平稳度。
31. 206134509 一种85V超级电容器模组
CN
26.04.2017
H01G 11/10 Loading...
H01G 11/10
Loading...
201621176121.2
深圳市金能弘盛能源科技有限公司
黄若辰
H01G 11/10
Loading...
本实用新型公开了一种85V超级电容器模组，包括钣金主壳体，钣金主壳体的上端通过螺栓固定连接有上封口钣金壳体，上封口钣金壳体的上表面左端前部设有电源正极引出端子，本85V超级电容器模组，通过超级电容单体和线路板模块的配合设置，有效的解决了普通蓄电池类的应用蓄电池在室外特定条件下无法使用等诸多问题，通过钣金主壳体、上封口钣金壳体和密封垫的配合设置，可以对模组内的内部结构和线路起到保护作用，本模组利用超级电容器的特性，提高电容器间的大电流大功耗输出和快速能量回收储能性能，可以解决风力发电机组的变桨电机所需的应用电源，能够为变桨电机提供启动时瞬间所需的大电流功力电流，提高风电能源应用。
32. 206117457 一种薄型化、小体积、大功率高压DC马达
CN
19.04.2017
H02K 23/04 Loading...
H02K 23/04
Loading...
202016001062757
广东金霸智能科技股份有限公司
林楚辉
H02K 23/04
Loading...
本实用新型涉及一种薄型化、小体积、大功率高压DC马达，包括机壳、磁瓦、轴芯、转子芯片、换向器、碳刷和端盖，机壳内部安装磁瓦，磁瓦采用钕铁硼制成，轴芯一端转动安装机壳；另一端转动安装端盖，端盖盖合机壳，转子芯片、换向器安装于轴芯并置于机壳内部，碳刷安装于端盖并与换向器电连接，所述机壳的外径为44.8～47.8mm或48.5～51.5mm，本实用新型的薄型化、小体积、大功率高压DC马达的磁瓦采用钕铁硼制成，相对于现有技术采用铁氧体为材料，同等体积下，具有极高的磁能积和矫顽力，同时高能量密度，较小的磁钢就能产生强大的磁力，具良好的机械特性，提高马达的功率。
33. 206112801 一种可降温且可储存电能的太阳能路灯
CN
19.04.2017
F21S 9/03 Loading...
F21S 9/03
Loading...
202016000987830
天津金火炎日新能源科技有限公司
张艳
F21S 9/03
Loading...
本实用新型公开了一种可降温且可储存电能的太阳能路灯，包括控制面板、底座和接线盒，所述底座安装在灯杆的下方，所述控制面板安装在灯杆上靠近底座的上方位置处，所述灯杆的右侧上方设置有支撑杆，所述支撑杆的上方设置有灯罩连接杆，所述灯杆的上方靠近灯罩连接杆的右侧位置处设置有太阳能电池板，所述接线盒安装在太阳能电池板的右侧下方。在太阳能电池板工作时，会因为温度过高，导致太阳能电池板工作效率降低，而且长期高温会影响太阳能电池板的工作寿命，安装了一个散热器，可以防止太阳能电池板受到高温的影响，而且路灯装有蓄电池，可以储存电能，防止在阴雨天的时候没有太阳，导致路灯不能正常工作。
34. 206115174 一种太阳能发电集中控制系统
CN
19.04.2017
G05B 19/04 Loading...
G05B 19/04
Loading...
201620986470.4
天津金火炎日新能源科技有限公司
张艳
G05B 19/04
Loading...
本实用新型公开了一种太阳能发电集中控制系统，包括控制箱、计算机和汇流箱，所述控制箱的内部中间位置处设置有伺服电机，且控制箱内部靠近伺服电机的左侧位置处设置有追光器，所述控制箱内部靠近伺服电机的右侧位置处设置有石墨烯电池，且控制箱的下方设置有底座，所述控制箱的上方设置有太阳能电池板。本实用新型能够通过互联网接收监控数据采集器采集的电量数据情况，并且能够通过互联网远程进行用电量的分配，实现了对太阳能电池板收集的电量进行集中控制、分配；能够根据光照的强度使太阳能电池板转动，使太阳能电池板与太阳光接触时间达到最大化；设置了石墨烯电池，续航能力强，体积小，重量轻，使用便携快捷。
35. 206112800 一种智能调节开关且可手机充电的太阳能草坪灯
CN
19.04.2017
F21S 9/03 Loading...
F21S 9/03
Loading...
202016000986986
天津金火炎日新能源科技有限公司
张艳
F21S 9/03
Loading...
本实用新型公开了一种智能调节开关且可手机充电的太阳能草坪灯，包括玻璃灯罩保护架、草坪灯灯柱和草坪灯灯座，所述草坪灯灯柱安装在草坪灯底座的上方中间位置处，所述草坪灯灯柱的内部下方设置有蓄电池，所述草坪灯灯座嵌入安装在玻璃灯罩保护架的内部上方中间位置处，所述玻璃灯罩保护架的上方设置有光照度传感器，所述光照度传感器的左上方设置有太阳能光板。本实用新型结构科学合理，使用安全方便，突破创新，设置了光照度传感器，通过光的强弱，智能控制太阳能草坪灯开关，解决了人工送闸开关的问题，同时也避免了浪费电力资源的问题；设置了USB接口，与蓄电池相连，解决了人们在逛小区或公园担心手机没电的问题。
36. 206113378 一种可自动上水的发电太阳能热水器
CN
19.04.2017
F24J 2/24 Loading...
F24J 2/24
Loading...
202016000986988
天津金火炎日新能源科技有限公司
张艳
F24J 2/24
Loading...
本实用新型公开了一种可自动上水的发电太阳能热水器，包括热水器支架、水位传感器和太阳能电池片，所述热水器支架的右下方设置有石墨烯蓄电池，且热水器支架的右下方靠近石墨烯蓄电池的左侧设置有逆变器，所述逆变器与石墨烯蓄电池电性连接，所述太阳能电池片安装在热水器支架的左侧靠近太阳能集热管的左侧，所述石墨烯蓄电池与太阳能电池片电性连接。本实用新型结构科学合理，使用安全方便，水位传感器能够监测储水箱里剩余水量，有利于避免人工上水需要人照看的麻烦，使热水器的使用更加省心方便，且太阳能电池片填补了集热管之间的空隙，产生电能，有利于节约用电，节省了家庭日常生活花费的电费，节能环保。
37. 206117585 一种太阳能发电装置
CN
19.04.2017
H02S 40/10 Loading...
H02S 40/10
Loading...
202016000987152
天津金火炎日新能源科技有限公司
张艳
H02S 40/10
Loading...
本实用新型公开了一种太阳能发电装置，包括下底板、转轴、毛刷和齿轮，所述下底板的上方中间位置处设置有石墨烯电池，且下底板的上方靠近石墨烯电池的左侧设置有逆变器，所述下底板的上方靠近石墨烯电池的右侧设置有控制面板，且下底板的左右两侧均设置有可伸缩支撑杆。与现有技术相比，本实用新型的有益效果是：本实用新型结构科学合理，使用安全方便，新型的太阳能发电器结构简单，坚固耐用，设计的自动清洁软刷可以去除太阳能电池表面的灰尘及污垢，提高太阳转化的效率，用户不用手动清洁，只需要通过控制面板启动电机，电机就会带着软刷转动，自动清洁太阳能电池表面，方便用户。
38. 206113365 一种加满水可自动结束进水的太阳能热水器
CN
19.04.2017
F24J 2/00 Loading...
F24J 2/00
Loading...
202016000987051
天津金火炎日新能源科技有限公司
张艳
F24J 2/00
Loading...
本实用新型公开了一种加满水可自动结束进水的太阳能热水器，包括液位计和屋托架，所述屋托架的下方设置有防风脚，且屋托架的上方设置有真空管，所述屋托架上靠近真空管的后方位置处设置有反光集热镜，且屋托架上方靠近反光集热镜的后方位置处设置有电路中断器，所述电路中断器与外部控制面板电性连接。本实用新型因为设置有液位计，当太阳能热水器内胆的水加满后，液位计会检测出水位高度，由电路中断器中断外部水泵的电源，防止太阳能热水器的水出现外溢的现象，而冬天，因为太阳热水器内设置有电热丝，即使太阳光线较弱，热水器内的水无法加热到人们需要的温度，也可以通过电热丝为热水器的水进行加热。
39. 206114037 一种防炸裂水表表壳
CN
19.04.2017
G01F 15/14 Loading...
G01F 15/14
Loading...
201621160724.3
湖北金佳智能科技有限公司
吴喆晓
G01F 15/14
Loading...
本实用新型公开了一种防炸裂水表表壳，包括壳体，壳体的底部左侧设有进水口，壳体的底部右侧设有出水口，壳体的左侧上部内腔还设有表芯室，表芯室的右侧开设有控制阀室，壳体的左侧下部内腔还设有S型通道，壳体的右侧下部内腔还设有U型通道，S型通道的凹部分别开设有加热棒安装通孔，S型通道凹部的两个加热棒安装通孔内分别安装有可拆卸的一号加热棒和二号加热棒，U型通道的凹部也开设有与壳体外部相通的加热棒安装通孔，U型通道凹部开设的加热棒安通孔内安装有可拆卸的三号加热棒。本实用新型结构简单，设计合理，使用方便，能有有效避免因自来水发生“热胀冷缩”现象而导致水表炸裂现象，具有很高的实用价值。
40. 106569425 基于超声波的智能消防车
CN
19.04.2017
G05B 19/04 Loading...
G05B 19/04
Loading...
102016000954927
江苏金米智能科技有限责任公司
贡伟东
G05B 19/04
Loading...
本发明公开了一种基于超声波的智能消防车，包括消防车本体以及安装在消防车本体上的行驶控制模块、超声波测距模块、寻火模块、泡沫剂箱、摄像头、灭火头、无线传输模块、控制器，控制器分别与行驶控制模块、超声波测距模块、寻火模块、摄像头、灭火头、无线传输模块连接，灭火头与泡沫剂箱连接；超声波测距模块用于检测无人驾驶汽车前、左、右三个方向是否存在障碍物以及与障碍物之间的距离。本发明是无人操作和预防火灾，利用摄像头高效快速的发现火源，并第一时间进行灭火并汇报主控制台。特别是在人无法靠近的危险火场中，可以发挥重要作用。
41. 106565353 一种用于改良盐碱地的复合微生物肥料及其制备方法
CN
19.04.2017
C05G 3/00 Loading...
C05G 3/00
Loading...
201610996955.6
中节能金峰农业科技有限公司
周扬
C05G 3/00
Loading...
本发明公开了一种用于改良盐碱地的复合微生物肥料及其及其制备方法，其特征在于，由如下重量份配比的原料制备而成：糠醛渣50～55份，沼渣30～35份，腐殖酸10～15份，碳酸氢铵0.3～0.5份，蛭石粉3～4份，发酵菌0.003～0.004份，功能菌0.005～0.006份，尿素2～8份，磷酸一铵2～10份，硫酸钾3～15份。本发明能够显著促进土壤中有机质的释放、改善盐渍化土壤的理化结构、增加土壤团聚体和渗透性、改善土壤肥沃性、提高盐碱地的农产品增产能力。
42. 106568032 一种隧道灯的亮度调节方法
CN
19.04.2017
F21S 8/00 Loading...
F21S 8/00
Loading...
102016000927825
江苏金米智能科技有限责任公司
贡伟东
F21S 8/00
Loading...
本发明公开一种隧道灯的亮度调节方法，所述隧道灯包括灯座和灯体，灯座固定于靠近隧道口的墙壁上，而灯体设于灯座上，所述灯体采用LED灯，LED灯与市电连接；所述方法的内容是：在LED灯与市电之间连接光敏电阻。此种方法可根据隧道内外的亮度差自动调节隧道灯的照度，使司机能够快速适应亮度的变化，减少交通事故的发生率。
43. 106571043 一种基于高杆灯的交通信息提示方法
CN
19.04.2017
G08G 1/09 Loading...
G08G 1/09
Loading...
102016000927924
江苏金米智能科技有限责任公司
贡伟东
G08G 1/09
Loading...
本发明公开一种基于高杆灯的交通信息提示方法，所述高杆灯包括灯杆和灯体，灯杆固定于路口，灯体设于灯杆顶端；在高杆灯的灯杆顶端安装提醒装置，在灯杆适当高度的位置设置通讯装置，通讯装置与交管中心建立通讯连接，接收提醒装置背面所朝向的下一个路口的交通信息，并送入提醒装置进行显示。此种方法可自动提示路口的交通信息，方便驾驶人员避开拥挤的道路，提高出行效率。
44. 106561537 一种同步电机驱动式引水去污式家居鱼缸清洗器
CN
19.04.2017



102016000945780
江苏金米智能科技有限责任公司
贡伟东


本发明涉及一种同步电机驱动式引水去污式家居鱼缸清洗器，通过所设计自动化支撑装置将所设计桶体（1）支撑起来，并依据水浸传感器（16）的水浸检测结果，使得桶体（1）敞开口上所设置引水圈（3）的顶部与鱼缸中水面的高度相平齐，则在鱼缸中的水由引水圈（3）底边一周镂空结构流入桶体（1）的水流带动下，浮于水面的脏污会顺着水流流入桶体（1）中，并落入网袋（2）中进行收集，同时，基于桶体（1）中所设计隔板（14），并结合设计位于隔板（14）上流水孔中的水流流速传感器（9），以水流流速检测结果为依据，针对所设计微型水泵（8）进行控制，将流入桶体（1）中的水再次抽离出桶体（1），并回归至鱼缸中，大大提高了鱼缸的清洁效率。
45. 106561538 一种水流平衡式家居鱼缸清洗器
CN
19.04.2017



201610947167.8
江苏金米智能科技有限责任公司
贡伟东


本发明涉及一种水流平衡式家居鱼缸清洗器，采用全新结构设计，根据鱼缸内部高度，选择合适高度的支撑架（4）将所设计桶体（1）支撑起来，使得桶体（1）敞开口上所设置引水圈（3）的顶部与鱼缸中水面的高度相平齐，则在鱼缸中的水由引水圈（3）底边一周镂空结构流入桶体（1）的水流带动下，浮于水面的脏污会顺着水流流入桶体（1）中，并落入网袋（2）中进行收集，同时，基于桶体（1）中所设计隔板（14），并结合设计位于隔板（14）上流水孔中的水流流速传感器（9），以水流流速检测结果为依据，针对所设计微型水泵（8）进行控制，将流入桶体（1）中的水再次抽离出桶体（1），并回归至鱼缸中，大大提高了鱼缸的清洁效率。
46. 106567639 一种智能家居消防系统
CN
19.04.2017
E05F 15/72 Loading...
E05F 15/72
Loading...
102016000954946
江苏金米智能科技有限责任公司
贡伟东
E05F 15/72
Loading...
本发明公开了一种智能家居消防系统，包括主控制器以及分别与其相连的烟雾传感器、火情探测器、泡沫喷淋装置、开窗电机；所述开窗电机的输出轴通过传动机构与窗户连接；主控制器根据烟雾传感器、火情探测器的监测结果，控制开窗电机、泡沫喷淋装置的开关。本发明解决了现有技术中的火灾发生时不方便人为开窗的问题。还通过消防自救，将可能发生的火灾事件消灭在萌芽状态。
47. 106570794 基于限幅检测电路射频识别的餐厅辅助系统
CN
19.04.2017
G06Q 50/12 Loading...
G06Q 50/12
Loading...
102016000955486
江苏金米智能科技有限责任公司
贡伟东
G06Q 50/12
Loading...
本发明公开了一种基于限幅检测电路射频识别的餐厅辅助系统，包含射频识别读写器、辅助模块、餐厅服务器和控制模块；辅助模块包含若干辅助单元；辅助单元包含射频识别标签、微控制器和显示单元；显示单元嵌入在餐桌的桌面内，其上设有与桌面平行的用于防水的透明玻璃；餐厅服务器用于存储各个餐桌的已点菜单和消费金额。工作时，控制模块根据餐厅服务器中各个餐桌的消费金额生成用于支付消费金额的二维码，并控制射频识别读写器将各个餐桌的已点菜单、消费金额、二维码写入到其对应的射频识别标签中；各个辅助单元的微控制器再控制显示单元显示射频识别标签中存储的信息。本发明结构简单，使用方便，能够自动显示用户已经点的菜单和消费金额，方便用户随时结账。
48. 106570968 基于人脸识别和键盘输入的社区门禁系统的手动开门方法
CN
19.04.2017
G07C 9/00 Loading...
G07C 9/00
Loading...
102016000953887
江苏金米智能科技有限责任公司
贡伟东
G07C 9/00
Loading...
本发明公开了一种基于人脸识别和键盘输入的社区门禁系统的手动开门方法，社区门禁系统包含红外传感器、摄像头、键盘、控制模块、继电器、存储模块、电动门、门禁通信模块和住户通信模块；门禁通信模块包含门禁电话；电动门通过继电器和控制模块相连；控制模块分别和红外传感器、摄像头、键盘、继电器、存储模块、门禁通信模块、住户通信模块相连。工作时，若住户通信单元的开门按钮被按下，控制模块判断该开门按钮对应的住户电话是否被接通，如果被接通，则控制继电器工作，使得电动门打开。本发明结构简单，使用方便，能够自动识别人脸，无需刷卡即可开门。
49. 106570969 基于人脸识别的社区门禁系统
CN
19.04.2017
G07C 9/00 Loading...
G07C 9/00
Loading...
102016000955476
江苏金米智能科技有限责任公司
贡伟东
G07C 9/00
Loading...
本发明公开了一种基于人脸识别的社区门禁系统，包含红外传感器、摄像头、控制模块、继电器、存储模块和电动门；电动门通过所述继电器和控制模块相连；红外传感器用于感应电动门前是否有人；摄像头用于采集电动门前人脸的图像；存储模块用于存储拥有进入权限人员的人脸样本图像；控制模块分别和红外传感器、摄像头、继电器、存储模块、电动门相连，用于在红外传感器感应到电动门前有人时、通过匹配摄像头采集到的人脸图像和存储模块中的人脸样本图像来控制继电器进而控制电动门的打开和关闭。本发明结构简单，使用方便，能够自动识别人脸，无需刷卡即可开门。
50. 106572167 一种基于云平台的家居燃气智能监控系统
CN
19.04.2017
H04L 29/08 Loading...
H04L 29/08
Loading...
102016000959495
江苏金米智能科技有限责任公司
贡伟东
H04L 29/08
Loading...
本发明公开了一种基于云平台的家居燃气智能监控系统，包含数据采集终端、服务器终端、监控终端、移动终端，所述数据采集终端与服务器终端连接，所述服务器终端与监控终端连接，所述监控终端与移动终端连接，所述数据采集终端包含流量传感器、模数转换电路、检波整流电路、数据处理模块、无线通信模块和供电模块；所述供电模块包含家用电源模块、光伏电源模块、交流适配器、蓄电池，所述家用电源模块通过交流适配器连接蓄电池，所述光伏电源模块与蓄电池连接；本发明的数据采集终端采集把光伏电源与家用电源相结合，再加上物联网技术，有效的节约了能源，并且有效的解决了不能更好地起到安全防护的作用，不能更好地应付诸如断电等突发情况。
51. 106571044 一种兼具交通信息提示功能的高杆灯
CN
19.04.2017
G08G 1/09 Loading...
G08G 1/09
Loading...
201610938907.1
江苏金米智能科技有限责任公司
贡伟东
G08G 1/09
Loading...
本发明公开一种兼具交通信息提示功能的高杆灯，所述高杆灯包括灯杆和灯体，灯杆固定于路口，灯体设于灯杆顶端；还包括提醒装置和通讯装置，其中，提醒装置设于灯杆顶端，用于显示该提醒装置背面所朝向的下一个路口的交通信息；通讯装置与交管中心建立通讯连接，将接收的交通信息送入提醒装置进行显示。此种结构可自动提示路口的交通信息，方便驾驶人员避开拥挤的道路，提高出行效率。
52. 106572331 一种面向隧道的智能化视频监控系统
CN
19.04.2017
H04N 7/18 Loading...
H04N 7/18
Loading...
102016000944780
江苏金米智能科技有限责任公司
贡伟东
H04N 7/18
Loading...
本发明公开了一种面向隧道的智能化视频监控系统，包括：车载射频标签，用于存储车辆信息；隧道射频终端，包括视频监控模块、控制模块、显示模块、计时模块、第一和第二射频识读模块、数据采集模块、数据发送模块，所述控制模块，用于将第一射频识读模块获得的车辆信息和第二射频识读模块获得的车辆信息判断是否出现重复车辆信息，当出现重复车辆信息时生成脉冲控制信号，使得视频监控模块的监控画面转动至第二射频识读模块所在位置。使得视频监控模块的监控画面准确地切换至该车辆所在位置。本发明利用射频技术实现快速识别及联动视频监控技术，使得隧道内的车辆监控更加智能化，功能完善，操作便捷，可以广泛地用于隧道中。
53. 106570963 一种智能侦测监控式门禁锁
CN
19.04.2017
G07C 9/00 Loading...
G07C 9/00
Loading...
102016000945798
江苏金米智能科技有限责任公司
贡伟东
G07C 9/00
Loading...
本发明涉及一种智能侦测监控式门禁锁，以现有电子锁具结构为基础，引入智能侦测监控结构，基于所设计控制模块（2）与电子锁本体（1）内部电子锁处理器之间的信息交互，以电子锁具是否被正常开启为依据，控制所设计测距传感器（3）的工作状态，并以测距传感器（3）的测距检测结果为进一步依据，触发图像捕获装置（4）和语音交互装置（5）的共同工作，再结合所引入的无线通信模块（6），实现图像捕获与语音交互，能够有效提高电子锁具的安全性。
54. 106562606 一种太阳能电暖床
CN
19.04.2017
A47C 21/04 Loading...
A47C 21/04
Loading...
201510453326.4
哈尔滨金都太阳能科技有限公司
王永刚
A47C 21/04
Loading...
一种太阳能电暖床，包括太阳能供电装置、床体，所述的太阳能供电装置包括太阳能集热板、室内控制箱，所述的室内控制箱内部由蓄电池组、逆变器、充放电控制器构成，所述的床体四周由陶瓷纤维板构成，所述的床体正面左端装置温控器，所述的床体顶层为海绵层，所述的海绵层下层为散热绝缘软垫，所述的散热绝缘软垫下层为电热板，所述的电热板下层为气凝胶层，所述的气凝胶层下层为防漏电镀膜层，所述的防漏电镀膜层下端为保温板。本发明的一种太阳能电暖床，采用太阳能发电系统供电，碳纤维电热板发热，集节能环保、使用寿命长、供热效果好、安全性好等优点为一体，适用于室温较低的民房、楼房、别墅等地，极大地便捷了人们的生活。
55. 106567814 热量自平衡的金属氢化物氢增压装置
CN
19.04.2017
F04B 9/10 Loading...
F04B 9/10
Loading...
102015000668542
北京浩运金能科技有限公司
张沛龙
F04B 9/10
Loading...
本发明提供一种热量自平衡的金属氢化物氢增压装置，包括金属氢化物压缩单元、热交换单元、控制单元，金属氢化物压缩单元为两个或两个以上，热交换单元包裹在金属氢化物压缩单元外壁，通过控制单元实现金属氢化物氢增压装置的自动运行。本发明的氢增压装置采用电加热方式，增压快、效率高，且系统无噪声、操作简单、维护方便，具有很好的市场应用前景。
56. 106567816 全自动多级压缩的金属氢化物氢增压装置
CN
19.04.2017
F04B 37/06 Loading...
F04B 37/06
Loading...
102015000668612
北京浩运金能科技有限公司
张沛龙
F04B 37/06
Loading...
本发明提供一种全自动多级压缩的金属氢化物氢增压装置，包括金属氢化物压缩单元、热交换单元、控制单元，金属氢化物压缩单元为两个或两个以上，金属氢化物压缩单元置于热交换单元内部，通过控制单元检测系统的压力、流量、温度，实现金属氢化物氢增压装置的自动运行。本装置占地小、无噪声、压缩成本低、操作简单、维护方便且具有氢气提纯功能，是一种经济高效的氢压缩机产品，可替代传统机械式压缩机。
57. 106568031 一种调节隧道灯亮度的方法
CN
19.04.2017
F21S 8/00 Loading...
F21S 8/00
Loading...
102016000927823
江苏金米智能科技有限责任公司
贡伟东
F21S 8/00
Loading...
本发明公开一种调节隧道灯亮度的方法，所述隧道灯包括灯座和灯体，灯座固定于靠近隧道口的墙壁上，而灯体设于灯座上，所述灯体与市电连接；所述方法的内容是：设置照度传感器和主控器，所述灯体采用n组颜色各不相同的LED灯，n≥2，照度传感器设于隧道口，用于感测隧道外的照度数据并送入主控器，主控器根据照度数据调节每组LED灯的亮度值，从而使所有LED灯混色后得到所需的照度。此种方法可根据隧道外的光线亮度自动调节隧道灯的照度，使司机能够快速适应进出隧道时亮度的变化，减少交通事故的发生率。
58. 106563232 基于激光的智能消防车
CN
19.04.2017
A62C 27/00 Loading...
A62C 27/00
Loading...
102016000952702
江苏金米智能科技有限责任公司
贡伟东
A62C 27/00
Loading...
本发明公开了一种基于激光的智能消防车，包括消防车本体以及安装在消防车本体上的行驶控制模块、激光器组件、寻火模块、泡沫剂箱、灭火头、摄像头、无线传输模块、控制器，控制器分别与行驶控制模块、激光器组件、寻火模块、灭火头、摄像头、无线传输模块连接，灭火头与泡沫剂箱连接；激光器组件包括激光发射器和激光接收器，激光发射器向外界发送激光，激光接收器接收外界障碍物反射回来的激光，并将激光信号发送至控制器。本发明是无人操作和预防火灾，利用摄像头高效快速的发现火源，并第一时间进行灭火并汇报主控制台。特别是在人无法靠近的危险火场中，可以发挥重要作用。
59. 106567809 混凝土塔筒组件及其组装方法
CN
19.04.2017



201610883036.8
霍尔果斯新国金新能源科技有限公司
郑家宁


本发明公开了一种混凝土塔筒组件及其组装方法，所述混凝土塔筒组件包括：基座、连接部、混凝土制成的塔筒和定位杆，基座形成为内部中空的圆台形；连接部设在基座的内腔且向内凸出，连接部的上端面超过基座的上端面，连接部为环形，连接部上设有贯穿其高度的第一孔道；塔筒形成为筒形且设在连接部上，塔筒的壁上设有贯穿壁的高度的第二孔道；定位杆穿设在第二孔道内且配合在第一孔道内以对塔筒进行定位。根据本发明的混凝土塔筒组件及其组装方法，结构简单，操作简便，同时能提高塔筒与基座的定位精度。
60. 106563233 基于光栅的智能消防车
CN
19.04.2017
A62C 27/00 Loading...
A62C 27/00
Loading...
102016000954928
江苏金米智能科技有限责任公司
贡伟东
A62C 27/00
Loading...
本发明公开了一种基于光栅的智能消防车，包括消防车本体以及安装在消防车本体上的行驶控制模块、避障模块、寻火模块、泡沫剂箱、摄像头、灭火头、无线传输模块、控制器，控制器分别与行驶控制模块、避障模块、寻火模块、摄像头、灭火头、无线传输模块连接，灭火头与泡沫剂箱连接；避障模块包括光栅发射器、图像采集模块、光栅处理器。本发明是无人操作和预防火灾，利用摄像头高效快速的发现火源，并第一时间进行灭火并汇报主控制台。特别是在人无法靠近的危险火场中，可以发挥重要作用。
61. 106568452 一种基于北斗定位的城市车辆远程监控系统
CN
19.04.2017
G01C 21/34 Loading...
G01C 21/34
Loading...
102016000959613
江苏金米智能科技有限责任公司
贡伟东
G01C 21/34
Loading...
本发明公开了一种基于北斗定位的城市车辆远程监控系统，包含监控终端以及分别与其连接的多个设置在车辆上的数据采集及传输终端；所述数据采集及传输终端包含车速传感器、模数转换器、稳压电路、放大电路模块、定位模块、数据处理模块、数据传输模块和电源模块；本发明系统结构简单，技术先进，通过采用北斗卫星定位和车速传感器实时长期监测城市的交通状况，提高监测数据速度和准确率的同时，将数据上传给监控终端进行分析和监管，为城市居民日常出行提供了一条当前时间点最省时的路线，减少了人们因为路况不佳，耽误事情的可能；对我国大中型城市中，居民出行具有重要的意义。
62. 106570962 一种滤波侦测式智能监控门禁锁
CN
19.04.2017
G07C 9/00 Loading...
G07C 9/00
Loading...
102016000945535
江苏金米智能科技有限责任公司
贡伟东
G07C 9/00
Loading...
本发明涉及一种滤波侦测式智能监控门禁锁，以现有电子锁具结构为基础，引入智能滤波侦测监控结构，基于所设计控制模块（2）与电子锁本体（1）内部电子锁处理器之间的信息交互，以电子锁具是否被正常开启为依据，控制所设计测距传感器（3）的工作状态，并结合具体所设计的滤波电路（7），以测距传感器（3）的测距检测结果为进一步依据，触发图像捕获装置（4）和语音交互装置（5）的共同工作，再结合所引入的无线通信模块（6），实现图像捕获与语音交互，能够有效提高电子锁具的安全性。
63. 106568060 一种亮度可调的隧道灯
CN
19.04.2017
F21S 9/03 Loading...
F21S 9/03
Loading...
201610938910.3
江苏金米智能科技有限责任公司
贡伟东
F21S 9/03
Loading...
本发明公开一种亮度可调的隧道灯，包括灯座和灯体，灯座固定于靠近隧道口的墙壁上，而灯体设于灯座上，所述灯体采用LED灯，LED灯与市电连接；还包括光敏电阻，光敏电阻连接在LED灯与市电之间。此种隧道灯结构可根据隧道内外的亮度差自动调节隧道灯的照度，使司机能够快速适应亮度的变化，减少交通事故的发生率。
64. 106571045 一种高杆灯
CN
19.04.2017
G08G 1/09 Loading...
G08G 1/09
Loading...
201610938944.2
江苏金米智能科技有限责任公司
贡伟东
G08G 1/09
Loading...
本发明公开一种高杆灯，所述高杆灯包括灯杆和灯体，灯杆固定于路口，灯体设于灯杆顶端；还包括提醒装置、触发装置和指纹验证装置，其中，提醒装置设于灯杆顶端，用于显示该提醒装置背面所朝向的下一个路口的交通信息；触发装置与提醒装置连接，用于供操作者输入交通信息；指纹验证装置与触发装置连接，只有当指纹验证装置采集的指纹匹配时，由触发装置输入的交通信息才会送入提醒装置进行显示。此种结构可自动提示路口的交通信息，方便驾驶人员避开拥挤的道路，提高出行效率。
65. 106570964 一种高效热冷处理式触屏密码门禁锁
CN
19.04.2017
G07C 9/00 Loading...
G07C 9/00
Loading...
201610947166.3
江苏金米智能科技有限责任公司
贡伟东
G07C 9/00
Loading...
本发明涉及一种高效热冷处理式触屏密码门禁锁，以现有密码锁结构为基础，引入智能屏幕冷热清理结构，基于所设计的第二微型风扇（6）和具体所设计的电加热装置（7），结合设计设置于密码触摸屏（9）所嵌边框底边的各个下通气孔（10），针对密码触摸屏（9）进行热风吹拂操作，实现密码触摸屏（9）表面的雾气覆盖，接着再基于所设计的第一微型风扇（5），结合设计设置于密码触摸屏（9）所嵌边框顶边的各个上通气孔（8），针对密码触摸屏（9）进行冷风吹拂操作，将密码触摸屏（9）表面所覆盖的雾气吹散，如此周期进行上述操作，针对密码触摸屏（9）表面残留的指纹进行清理，能够有效避免指纹残留带来安全隐患，提高密码锁的使用安全性。
66. 106570975 服务评价的获取方法及装置
CN
19.04.2017
G07C 13/00 Loading...
G07C 13/00
Loading...
201610950641.2
深圳怡化电脑股份有限公司
黄勃
G07C 13/00
Loading...
本发明属于金融设备技术领域，提供了一种服务评价的获取方法及装置,所述方法包括：接收服务端发送的服务评价指令；在接收到所述服务评价指令之后，在无线终端上对预设参数进行实时统计；当所述预设参数满足激活条件时，在所述无线终端上激活服务评价功能；接收所述无线终端的用户输入的服务评价信息并发送给所述服务端。通过本发明可使客户可实现远程对服务进行评分，服务人员不可以实时查看到客户的评价，客户可以客观的评价每一次服务,因此服务评价的获取真实准确，提高了金融机构的服务质量和效益。
67. 106568478 一种可消防自救的危险品存储柜
CN
19.04.2017
G01D 21/02 Loading...
G01D 21/02
Loading...
102016000952677
江苏金米智能科技有限责任公司
贡伟东
G01D 21/02
Loading...
本发明公开了一种可消防自救的危险品存储柜，包括柜体，柜体内部设置有主控制器、温度传感器、湿度传感器、烟雾传感器、气压传感器、火情探测器、泡沫喷淋装置、无线传输模块和摄像头，柜体外部设置有报警模块和显示模块；其中，主控制器分别与温度传感器、湿度传感器、烟雾传感器、气压传感器、火情探测器、泡沫喷淋装置、无线传输模块、摄像头、报警模块和显示模块连接。本发明的技术方案使得一旦发生安全隐患或火灾发生时，系统自动启动消防自救，确保了危险品储存的安全可靠性。
68. 106570980 一种纸币鉴伪的方法和系统
CN
19.04.2017
G07D 7/20 Loading...
G07D 7/20
Loading...
201510651982.5
深圳怡化电脑股份有限公司
曹婧蕾
G07D 7/20
Loading...
本发明公开了一种纸币鉴伪的方法和系统，该方法通过获取纸币中光彩光变图案的区域子图；定位所述区域子图中磁条的位置，消除所述磁条；从消除磁条后的区域子图中提取所述光彩光变图案的边缘；识别所述边缘表示的字符；根据所述字符对纸币进行鉴伪。本发明通过消除磁条影响，提取光彩光变图案的边缘并对边缘表示的字符进行识别，能有效对纸币中的光彩光变图案进行鉴伪，有利于光彩光变图案的真伪预防。
69. 106571091 一种风光氢电能源转换演示系统
CN
19.04.2017
G09B 23/18 Loading...
G09B 23/18
Loading...
102015000668895
北京浩运金能科技有限公司
张沛龙
G09B 23/18
Loading...
本发明提供一种风光氢电能源转换演示系统，包括风能发电单元、太阳能发电单元、电解制氢单元、金属氢化物储氢单元、燃料电池和负载，风能/太阳能发电单元发电后，通过电解制氢单元将电能转换为氢能，金属氢化物储氢单元储存氢气，既可根据需要为燃料电池供氢发电，又可作为储能单元，实现氢能的长期无损耗储存和远距离输运。本发明直观形象的展示了风能、太阳能、氢能、电能之间的转换，通过能源转换，实现这些可再生清洁能源的互联互通和储能。该演示系统可用于教学演示和学生实验，对提高课堂的趣味性和学生学习积极性，提高学生对可再生清洁能源高效利用、转换、储能和节能环保的认识，具有重要意义。
70. 106570965 一种智能滤波检测式高精度火情逃生门禁系统
CN
19.04.2017
G07C 9/00 Loading...
G07C 9/00
Loading...
201610947170.X
江苏金米智能科技有限责任公司
贡伟东
G07C 9/00
Loading...
本发明涉及一种智能滤波检测式高精度火情逃生门禁系统，采用全新系统架构设计，将门禁系统与建筑总火情系统相联系，以火情信号作为门禁通行的触发信号，通过设计在门本体两侧的烟感传感器和温度传感器，并结合具体所设计的各个滤波电路，实时获知门两侧的实际环境情况，避免开启通向存在火情的通道，能够大大有效提高门禁系统在紧急火情下自动控制的安全性。
71. 206103656 一种洗醇塔
CN
19.04.2017
B01D 53/18 Loading...
B01D 53/18
Loading...
201620909311.4
金能科技股份有限公司
范安林
B01D 53/18
Loading...
本实用新型提供了一种洗醇塔。该洗醇塔包括除沫器、多级塔板单元、液相入口、液相出口、气相入口和气相出口；多级塔板单元设置在所述洗醇塔的内部，位于液相入口的下方；其包括上下相邻的至少两级的塔板单元，每级塔板单元均包括一个塔板，塔板与洗醇塔的内壁相固定连接；相邻两级塔板单元之间设置有降液管；塔板上设置有降液孔，降液管与相邻两级塔板单元的上一级塔板的降液孔相连通；相邻两级塔板单元的塔板上的降液孔的孔洞的轴线不在同一直线上。本实用新型提供的洗醇塔中，塔内件采用的是全浸式筛塔板结构，利用甲醇和水的无限比例的互溶，提高了甲醛的吸收效率，降低了洗醇塔喷淋量，减少了洗醇水泵的运行功率，降低了系统的运行成本。
72. 206106681 一种显示屏门装置的贴合定位辅助装置
CN
19.04.2017
B41J 3/46 Loading...
B41J 3/46
Loading...
202016000787847
苏州金士曼智能科技有限公司
杨光明
B41J 3/46
Loading...
本实用新型公开了一种显示屏门装置的贴合定位辅助装置，具有箱体；包括铰链定位铝条，铰链和滚轮，所述箱体通过铰链与前门活动连接，位于所述前门内侧设有铰链定位铝条，位于所述前门内侧底部设有的滚轮在滚轮导向槽中滚动，在本实用新型的箱体结构条件下，配备特定的贴合辅助装置，加以滚轮定位，有效解决产品门缝问题，大大加大产品的观赏性。
73. 106570366 基于触摸屏的密码输入方法及装置
CN
19.04.2017
G06F 21/31 Loading...
G06F 21/31
Loading...
201610988379.0
深圳怡化电脑股份有限公司
黄勃
G06F 21/31
Loading...
本发明适用于通信技术领域，提供了一种基于触摸屏的密码输入方法及装置，包括：当检测到触发输入密码的预设操作时，获取用户通过触摸屏输入的触摸操作；根据触摸操作确定虚拟键盘的显示模式；其中，虚拟键盘的显示模式包括放大显示模式；当显示模式为放大显示模式时，获取预设密码；根据预设密码确定放大显示模式对应的虚拟键盘显示的内容。本发明解决了对于老年人或者视力有问题的群体来说，因为密码输入界面上的数据过多且固定按键位置随机调整，对其进行密码输入产生了不必要的麻烦，使得密码输入速度和准确率降低的问题。
74. 106570967 基于RFID的门禁系统
CN
19.04.2017
G07C 9/00 Loading...
G07C 9/00
Loading...
201610953078.4
江苏金米智能科技有限责任公司
贡伟东
G07C 9/00
Loading...
本发明公开了一种基于RFID的门禁系统，该系统包括电子锁、控制器、至少一个RFID标签、RFID读卡器天线、报警装置、摄像头和无线传输模块，其中，电子锁、控制器、RFID读卡器天线、无线传输模块均设置在门上，RFID标签设置在腕带或者是卡片上，摄像头设置在门上方，控制器分别与电子锁、RFID读卡器天线、报警装置、摄像头、无线传输模块连接，RFID读卡器天线通过射频信号与RFID标签进行通信。
75. 106572560 一种基于电流检测电路的城市照明控制系统
CN
19.04.2017
H05B 33/08 Loading...
H05B 33/08
Loading...
201610966390.7
江苏金米智能科技有限责任公司
贡伟东
H05B 33/08
Loading...
本发明公开了一种基于电流检测电路的城市照明控制系统，包括电流检测电路、亮度检测电路、视频传感器、中央处理器、功率调节电路、LED驱动模块、LED光源、时间继电器、自清洁装置、无线通信模块和监测终端；所述功率调节电路包括AC输入电路、滤波及整流电路、有源功率因素校正电路、隔离变压器、光电隔离器和恒流驱动器；所述电流检测电路包括第一至第四电阻、滑动变阻器、第一至第四二极管、第一电容、第二电容、NPN三极管、PNP三极管、变压器和继电器；本发明可基于电流检测电路的当过流时会切断电源，根据环境明暗可自动开关灯，且可通过时间继电器控制自清洁装置定时开启，以达到清洗路灯上灰尘的目的。
76. 106570793 基于耦合电路射频识别的餐厅辅助系统
CN
19.04.2017
G06Q 50/12 Loading...
G06Q 50/12
Loading...
102016000953889
江苏金米智能科技有限责任公司
贡伟东
G06Q 50/12
Loading...
本发明公开了一种基于耦合电路射频识别的餐厅辅助系统，包含射频识别读写器、辅助模块、餐厅服务器和控制模块；辅助模块包含若干辅助单元；辅助单元包含射频识别标签、微控制器和显示单元；显示单元嵌入在餐桌的桌面内，其上设有与桌面平行的用于防水的透明玻璃；餐厅服务器用于存储各个餐桌的已点菜单和消费金额。工作时，控制模块根据餐厅服务器中各个餐桌的消费金额生成用于支付消费金额的二维码，并控制射频识别读写器将各个餐桌的已点菜单、消费金额、二维码写入到其对应的射频识别标签中；各个辅助单元的微控制器再控制显示单元显示射频识别标签中存储的信息。本发明结构简单，使用方便，能够自动显示用户已经点的菜单和消费金额，方便用户随时结账。
77. 106565088 一种利用回收玻璃瓶生产光伏玻璃的方法
CN
19.04.2017
C03C 6/04 Loading...
C03C 6/04
Loading...
102016001004224
安徽省金志新能源科技有限公司
王佳
C03C 6/04
Loading...
一种利用回收玻璃瓶生产光伏玻璃,包括以下步骤，清洗：用先用浓度为5％的中性漂白粉浸泡玻璃3小时，然后用清水冲洗即可，直到玻璃的杂质去除即可；粉碎，用粉碎机将玻璃瓶粉碎为玻璃片，粉碎的玻璃片粒径在50目以下；(3)配料：按重量份包括玻璃片100份、硅砂130份、碳酸钠50份、石灰石40份、氧化铝粉1份、硝酸钠0.5份、闪石1份、氧化铈0.2份、三氧化二锑0.4份和氧化锑份；(熔制：将配料混合后的原料在熔化炉进行高温1550‑1600度加热；成型：压延成型；热处理。本发明环保节能，成本低，生产的玻璃工艺简单便于控制，灰尘不容易粘附在其表面，在雨水下灰尘很容易冲刷掉。涉及玻璃生产加工技术领域。
78. 106566296 一种自清洁光伏玻璃生产工艺
CN
19.04.2017
C09D 1/00 Loading...
C09D 1/00
Loading...
102016001004294
安徽省金志新能源科技有限公司
张政
C09D 1/00
Loading...
一种自清洁光伏玻璃生产工艺，涉及光伏板生产技术领域，配料：按重量份包括硅砂130～140份、碳酸钠50～58份、石灰石40～50份、氧化铝粉1～5份、硝酸钠0.5～0.8份、闪石1～2份、氧化铈0.2～0.3份、三氧化二锑0.4～0.5份和氧化锑1～3份；熔制；成型：压延成型；热处理：通过退火、淬火工艺：在玻璃的表面喷涂一层自清洁涂料，所述的自清洁涂料安装两份包括以下组分，贝壳粉10～20份、粘结剂4～6份，淀粉4～5份、礞石粉1～2份，氧化锑1～3份、十八烷基硅烷键合硅胶4～6份和桃胶3～6份。本发明的光伏玻璃具有自清洁功能，灰尘不容易粘附在其表面，在雨水下灰尘很容易冲刷掉，可以节省大量的人力、物理资源。
79. 106572169 一种家居燃气智能监控系统
CN
19.04.2017
H04L 29/08 Loading...
H04L 29/08
Loading...
102016000960146
江苏金米智能科技有限责任公司
贡伟东
H04L 29/08
Loading...
本发明公开了一种家居燃气智能监控系统，包含数据采集终端、服务器终端、监控终端、移动终端，所述数据采集终端与服务器终端连接，所述服务器终端与监控终端连接，所述监控终端与移动终端连接，所述数据采集终端包含流量传感器、模数转换电路、检波整流电路、数据处理模块、无线通信模块和供电模块；所述供电模块包含家用电源模块、光伏电源模块、交流适配器、蓄电池，所述家用电源模块通过交流适配器连接蓄电池，所述光伏电源模块与蓄电池连接；本发明的数据采集终端采集把光伏电源与家用电源相结合，再加上物联网技术，有效的节约了能源，并且有效的解决了不能更好地起到安全防护的作用，不能更好地应付诸如断电等突发情况。
80. 206114310 一种用于汽车天窗功能检测的便携式检测工具
CN
19.04.2017
G01M 17/007 Loading...
G01M 17/007
Loading...
202016001193840
江苏金坛绿能新能源科技有限公司
吴建中
G01M 17/007
Loading...
本实用新型公开了一种用于汽车天窗功能检测的便携式检测工具，其特征在于：所述的检测工具包括电源模块直接为待测天窗的天窗模块供电，同时电源模块连接到开关模块，开关模块的每个开关的引线分别连接天窗模块的针脚。由于采用上述的结构，本实用新型在活动天窗安装完成后，可以及时把天窗开启，检查天窗装配状态，是否挤压胶条。及时确认问题所在，进行调整。提高安装精确度，降低返修率。
81. 206115096 显示器
CN
19.04.2017
G02F 1/13357 Loading...
G02F 1/13357
Loading...
202016001094124
深圳市宇顺工业智能科技有限公司
黄飞
G02F 1/13357
Loading...
本实用新型适用于显示技术领域，提供了一种显示器，包括框架，框架上设有：显示本体、发光光源、用于引导发光光源发出的光的导光件、用于将发光光源发出的光反射至导光件上的反射件、用于将导光件导出的光分散至显示本体上的扩散件以及用于丝印颜色以使得显示本体显示底色的彩膜。本实用新型的发光光源经过丝印颜色的彩膜以使得显示本体显示底色，与现有技术相比，彩膜成本低，同时，彩膜可以丝印任何一种颜色，可以满足各种不同显示底色的方案，且彩膜对于亮度的损耗会更低，可以实现彩色高亮。
82. 206117396 一种低噪家电马达
CN
19.04.2017
H02K 5/24 Loading...
H02K 5/24
Loading...
201621126239.4
广东金霸智能科技股份有限公司
林楚辉
H02K 5/24
Loading...
本实用新型涉及一种低噪家电马达，包括机壳、磁瓦、轴芯、转子芯片、换向器、碳刷和端盖，机壳内部安装磁瓦，端盖盖合机壳，转子芯片、换向器安装于轴芯并置于机壳内部，碳刷安装于端盖并与换向器电连接，轴芯一端通过轴承转动安装于机壳内部；另一端转动安装端盖，轴承与机壳之间安装有静音垫，静音垫一侧与轴承相接触；另一侧与机壳底部相接触，静音垫为圆环形，可有效降低噪音5%，静音垫采用硅胶或橡胶制成，起缓冲、降低噪音的作用，满足实际使用需要。
83. 104829764 丁烯二酸树脂及其制备方法和用该树脂制备铝浇铸结晶器脱模油
CN
12.04.2017
C08F 122/14 Loading...
C08F 122/14
Loading...
201510112434.5
上海金兆节能科技有限公司
张乃庆
C08F 122/14
Loading...
本发明提供了丁烯二酸树脂及其制备方法和用该树脂制备铝浇铸结晶器脱模油，其特征在于,丁烯二酸树脂由包括以下组分的物质制备而成：丁烯二酸或丁烯二酸酐，脂肪醇；其中，所述丁烯二酸或丁烯二酸酐与脂肪醇的摩尔比为1：1.9‑2；制造铝浇铸结晶器脱模油的原料中包含丁烯二酸树脂。本发明制造的铝浇铸结晶器脱模油稳定的、均匀分散、且运动黏度低。
84. 104835941 一种掺入石墨烯的铅酸蓄电池铅膏的制备方法
CN
12.04.2017
H01M 4/16 Loading...
H01M 4/16
Loading...
201510168642.7
保定金阳光能源装备科技有限公司
张戌有
H01M 4/16
Loading...
本发明公开了一种掺入石墨烯的铅酸蓄电池铅膏的制备方法，将0.1～5水性分散剂加入100去离子水中进行高速搅拌混合，并缓慢加入0.5～5石墨烯制成石墨烯水性分散液；将39～130浓度为98%的硫酸缓慢加入100的去离子水中制得稀硫酸；将0.1～5水性分散剂加入稀硫酸中进行高速搅拌混合，并缓慢加入0.5～5石墨烯制成石墨烯稀硫酸分散液；将8～15石墨烯水性分散液加入100氧化铅混合物料流中搅拌混合；将5.3～20石墨烯稀硫酸分散液加入料流中在输送过程中搅拌混合形成铅膏。本发明能够使石墨烯充分分散于铅酸蓄电池活性物质中，大幅度提高铅酸蓄电池的充电接收能力和大电流充放电性能，延长了蓄电池的使用寿命。
85. 206085331 一种水泥搅拌生产装置
CN
12.04.2017
B28C 5/14 Loading...
B28C 5/14
Loading...
201621109907.2
广东金能建筑节能材料科技有限公司
蹇永栋
B28C 5/14
Loading...
本实用新型提供一种水泥搅拌生产装置，包括：搅拌机构以及与所述搅拌机构连接的吸尘机构；所述搅拌机构包括搅拌缸、搅拌桨以及第一电机；所述搅拌桨架设于所述搅拌缸内，所述第一电机连接所述搅拌桨；所述吸尘机构包括吸尘罩、多根吸尘管道以及第二电机；所述吸尘罩设于所述搅拌缸的上方，多根所述吸尘管道连通所述吸尘罩和所述第二电机。本实用新型的水泥搅拌生产装置能够有效除去水泥生产过程中产生的粉尘，从而洁净车间环境，避免员工因吸入大量粉尘而患上肺病，提高工作安全系数。
86. 206091237 一种颜料喷枪
CN
12.04.2017
E04F 21/12 Loading...
E04F 21/12
Loading...
201621110521.3
广东金能建筑节能材料科技有限公司
蹇永栋
E04F 21/12
Loading...
本实用新型提供一种颜料喷枪，包括：枪体、料罐以及喷嘴，所述料罐通过一转轴安装于所述枪体；所述枪体设有把手部以及连接部；所述连接部旋转安装有一按压部，且所述连接部设有喷管连接所述喷嘴；所述把手部对应所述按压部处设有按压针，所述按压针连通所述喷管；所述转轴连通所述料罐和所述喷管，所述连接部设有气压调节旋钮以及喷口调节旋钮，所述气压调节旋钮连通所述喷管，所述喷口调节旋钮连通所述喷嘴；所述连接部的下端设有进气口以及料面调节旋钮，所述进气口和所述料面调节旋钮均连通所述喷管。本实用新型的颜料喷枪可任意调节料罐的倾斜角度，确保料罐与喷管连接顺畅，避免出现喷不出颜料的现象。
87. 206091851 平移门无轨机头辅助纠偏机构
CN
12.04.2017
E06B 11/02 Loading...
E06B 11/02
Loading...
202016001121867
佛山金鸿星智能科技有限公司
金国建
E06B 11/02
Loading...
本实用新型公开了一种平移门无轨机头辅助纠偏机构，其特征在于，包括设置在机头上的固定轴杆和限位导槽、设置在门体上的与固定轴杆接插配合的轴孔和与限位导槽对应的定位轴，通过固定轴杆与轴孔的配合，使门体可绕固定轴杆摆动，并且其摆动角度受到限位导槽的限制。本实用新型结构简单，使用安装方便，相比于现有技术，稳定性好，性能更加优越。
88. 206094606 一种旋转抛物面太阳能聚光集热器阵列中高温集热场
CN
12.04.2017
F24J 2/12 Loading...
F24J 2/12
Loading...
201620159192.5
北京金阳科创太阳能技术有限公司
蒋富林
F24J 2/12
Loading...
本实用新型提供了一种旋转抛物面太阳能聚光集热器阵列中高温集热场，包括若干个旋转抛物面太阳能聚光集热器单元、阵列固定支架、阵列跟踪控制机构和阵列管道连接系统。每个旋转抛物面太阳能聚光集热器单元分别由旋转抛物面聚光镜、接收器、传热工质管道和万向转动支架组件组成。其特征在于集热器单元按东西向排列或多排布置，并固定安装在阵列固定支架上，阵列跟踪控制机构由一个或几个太阳能自动跟踪器带动其他聚光集热器单元的万向转动支架组件达到随动联动，实现统一自动跟踪控制模式，阵列管道连接系统通过传热工质管道的串联或并联将各个集热器单元的接收器连接为中高温热源供热端。本实用新型通过集热器单元的模块化及阵列式集合，提供一种中高温太阳能集热场。
89. 206088407 一种核工业用带漏斗的导料装置
CN
12.04.2017
B65G 65/23 Loading...
B65G 65/23
Loading...
202016001006422
金华润业智能科技有限公司
张纯
B65G 65/23
Loading...
本实用新型公开一种核工业用带漏斗的导料装置,包括：旋转台、抱紧机构、大容器、小容器和固定料斗，抱紧机构夹持大容器，小容器连接固定料斗，抱紧机构活动连接旋转台，固定料斗固定连接旋转台，固定料斗位于大、小容器两者之间，本实用新型在密闭环境下可不借助人力实现物料的转移，结构简单，操作安全。
90. 206084899 一种光伏组件便捷式拆边框工装
CN
12.04.2017
B25B 27/00 Loading...
B25B 27/00
Loading...
201620855363.8
浙江金诺新能源科技有限公司
金建江
B25B 27/00
Loading...
本实用新型涉及太阳能组件拆卸装置技术领域，具体涉及一种适用于晶体硅组件所有型号的拆除工作的光伏组件便捷式拆边框工装。光伏组件便捷式拆边框工装，包括工作台1、保护圆管2、施力杆3、绞手圆盘4,所述的工作台为正方形平台，保护圆管安装在工作台和绞手圆盘之间，绞手圆盘上安装两根施力杆。本装置运用后，提高了组件拆框的效率；通过该控制装置，可以有效的防止拆框过程中产生的组件报废、边框划伤的现象。
91. 206081950 一种车间除尘装置
CN
12.04.2017
B01D 46/02 Loading...
B01D 46/02
Loading...
201621110595.7
广东金能建筑节能材料科技有限公司
蹇永栋
B01D 46/02
Loading...
本实用新型提供一种车间除尘装置，包括：基板，以及设于所述基板的机体；所述机体包括吸尘部、连接部，以及固定架，所述吸尘部设于所述机体的下端，且所述吸尘部连接设有马达；所述固定架设于所述机体的上端，所述连接部一体连接所述吸尘部以及所述固定架，所述连接部设有吸尘通道，所述吸尘通道连通所述吸尘部和所述固定架；所述固定架套设有除尘袋。本实用新型的车间除尘装置，能够有效提高水泥粉尘的利用率，节省原料，而且体积小，能够随意搬动。
92. 206082351 一种温控分散机
CN
12.04.2017
B01F 7/18 Loading...
B01F 7/18
Loading...
201621110347.2
广东金能建筑节能材料科技有限公司
蹇永栋
B01F 7/18
Loading...
本实用新型提供一种温控分散机，包括：本体，所述本体包括桶体以及由所述桶体一体向下延伸形成的多根支撑脚；所述桶体设有夹层结构，所述夹层结构内装有导热油；所述桶体的外壁间隔设有多个安装槽，每一个所述安装槽内安装有加热棒；所述桶体的顶部连接有搅拌桨，所述搅拌桨伸入所述桶体内，且所述搅拌桨的顶部连接有电机，所述电机伸出所述桶体的顶部外侧，所述电机以及多根所述加热棒均与一电源电性连接。本实用新型的温控分散机在搅拌乳液的同时能够对乳液进行均匀地加热，从而加快乳液的分散速度，减少搅拌时间。
93. 206091226 一种带伸缩杆的海绵抹刀
CN
12.04.2017
E04F 21/06 Loading...
E04F 21/06
Loading...
201621110533.6
广东金能建筑节能材料科技有限公司
蹇永栋
E04F 21/06
Loading...
本实用新型提供一种带伸缩杆的海绵抹刀，包括：把手、伸缩杆、以及刀体，所述伸缩杆设于所述把手和所述刀体之间；所述刀体包括海绵体、塑胶板以及金属板；所述海绵体设于最底层，所述塑胶板夹设与所述海绵体和所述金属板之间，且所述塑胶板的头部设有安装部，所述安装部内形成安装槽，所述金属板插入所述安装槽内；所述伸缩杆的一端焊接固定于所述金属板，另一端固定于所述把手。本实用新型的带伸缩杆的海绵抹刀，能够避免在瓷砖缝中留下留下刮痕或者时刮花瓷砖。
94. 206098543 一种蓄电池用复合板栅
CN
12.04.2017
H01M 4/73 Loading...
H01M 4/73
Loading...
202016000991468
保定金阳光能源装备科技有限公司
王建保
H01M 4/73
Loading...
本实用新型公开了一种蓄电池用复合板栅，其包括边框、边框内部交错设置的横向和纵向筋条、边框上设置的极耳；带极耳的边框和极耳由铅合金材料制成，其它边框、内部的横向和纵向筋条全部由塑料材料制成；带极耳的边框凸出有多条能与纵向筋条对接在一起的肋筋，该肋筋镶嵌固定在与其相对应的纵向筋条内。本实用新型重量轻，原料成本低。
95. 206082300 围流搅拌釜
CN
12.04.2017
B01F 7/16 Loading...
B01F 7/16
Loading...
201621058599.5
上海超金节能科技股份有限公司
朱霖
B01F 7/16
Loading...
一种围流搅拌釜，涉及物料混合设备技术领域，所解决的是提高搅拌效率的技术问题。该搅拌釜包括釜体、搅拌轴；所述釜体的顶部开设有进料口，釜体的底部开设有卸料口，并且在釜体的底部装有卸料阀；所述搅拌轴通过轴承安装在釜体内，搅拌轴的顶部向上伸至釜体外部，搅拌轴上装有螺旋状布设的搅拌叶片；所述釜体内设有一个圆形的回流架，该回流架与搅拌轴固接，回流架上固定有围绕搅拌轴螺旋状布设的回流叶片，并且回流叶片的螺旋轴线与搅拌叶片的螺旋轴线重合，回流叶片的螺旋方向与搅拌叶片的螺旋方向相反；所述回流架上固定有多个用于刮除釜体内壁上的物料的刮板。本实用新型提供的搅拌釜，适用于多种物料的混合搅拌。
96. 206082534 高效搅拌釜
CN
12.04.2017
B01J 19/20 Loading...
B01J 19/20
Loading...
201621058598.0
上海超金节能科技股份有限公司
朱霖
B01J 19/20
Loading...
一种高效搅拌釜，涉及物料混合设备技术领域，所解决的是提高搅拌效率的技术问题。该搅拌釜包括底座、釜体、搅拌轴、冷热水制取设备；所述搅拌轴通过轴承安装在釜体内，搅拌轴上装有螺旋状布设的搅拌叶片；所述釜体的外壁上固定有一导热腔体，导热腔体的工质进口通过一工质进口阀接到冷热水制取设备的出水口，导热腔体的工质出口通过一工质出口阀接到冷热水制取设备的回水口；所述底座的顶部装有三个称重器，所述釜体放置在三个称重器上，釜体上装有用于监测釜体内腔温度的温度传感器。本实用新型提供的搅拌釜，适用于多种物料的混合搅拌。
97. 206085166 防火节能板切割装置
CN
12.04.2017
B26D 1/60 Loading...
B26D 1/60
Loading...
201621058710.0
上海超金节能科技股份有限公司
朱霖
B26D 1/60
Loading...
一种防火节能板切割装置，涉及切割机械技术领域，所解决的是提高切割效率的技术问题。该装置装置包括机架，及安装在机架上的传送带；所述机架上固定有第一导轨，所述第一导轨与传送带平行布设，第一导轨上设有能沿着第一导轨左右滑动的切割架；所述切割架上设有能沿垂直于第一导轨的方向前后滑动的刀盘，及可升降的压板，并且在切割架上装有用于驱动刀盘前后滑动的刀盘气缸，及用于驱动压板升降的压板气缸，所述刀盘、压板均高于传送带；所述刀盘上装有切割电机，切割电机的转轴平行于第一导轨，并且在切割电机的转轴上固定有切割刀。本实用新型提供的装置，适用于防火节能板流水线的切割作业。
98. 206085308 防火板成型装置
CN
12.04.2017
B28B 13/02 Loading...
B28B 13/02
Loading...
202016001064673
上海超金节能科技股份有限公司
朱霖
B28B 13/02
Loading...
一种防火板成型装置，涉及防火板生产设备技术领域，所解决的是降低制作成本及提高作业效率的技术问题。该装置包括机架，及安装在机架上的传送带、料斗；及环形的盖膜布、衬底布；所述机架上设有可升降的压板，及多个膜带导辊、多个衬带导辊、两个可调整高度的可调导辊，压板、可调导辊、膜带导辊都位于传送带的正上方，并且两个可调导辊分置于压板的左右两侧，各个膜带导辊分置于压板的左右两侧；所述盖膜布绕设在两个可调导辊及各膜带导辊上，压板布压抵住盖膜布；衬带导辊都布设在传送带的正下方，并分置于传送带的左右两侧；所述衬底布绕设在各衬带导辊上，传送带的顶面抵住衬底布。本实用新型提供的装置，适用于防火板流水线的成型工序。
99. 206082374 一种乳液分散机
CN
12.04.2017
B01F 7/26 Loading...
B01F 7/26
Loading...
201621110525.1
广东金能建筑节能材料科技有限公司
蹇永栋
B01F 7/26
Loading...
本实用新型提供一种乳液分散机，包括：底座、升降座、搅拌桨、以及驱动电机；所述底座包括一横梁以及两安装部，两所述安装部沿竖直方向分别连接于所述横梁的相对两侧，所述横梁以及两所述安装部之间围设形成容纳部；所述升降座设于所述横梁的中间位置，且所述升降座包括两升降杆，所述搅拌桨滑动设于两所述升降杆，且位于所述容纳部的上方；每一所述安装部设有一固定夹，两所述固定夹均朝向所述容纳部延伸；所述驱动电机电性连接所述升降座和所述搅拌桨。本实用新型的乳液分散机能够加固容器的稳定性，减小容器在搅拌桨高速旋转时的振动，避免容器内的溶液洒出，同时避免容器发生移位，保护容器和搅拌桨不受损坏。
100. 206088127 一种高耐磨耐温的链条导向机构
CN
12.04.2017
B65G 21/20 Loading...
B65G 21/20
Loading...
202016001124186
河北金力新能源科技股份有限公司
徐锋
B65G 21/20
Loading...
本实用新型属于电池隔膜生产用的链条导向装置领域，具体涉及一种高耐磨耐温的链条导向机构，结构中包括导向轮，结构中还包括条状的支撑架，导向轮对称设置在支撑架正面的两端，支撑架的背面还设置有连接杆，连接杆一端与支撑架长度方向的中点固定连接，连接杆另一端连接有固定件。本实用新型采用导向轮沿链条的侧板滚动设计，承受侧面力时，可大幅减少摩擦，减少粉末产生，减少链条抖动，利于生产顺利进行。
101. 206098763 便携式快装短路接地线组
CN
12.04.2017
H01R 4/66 Loading...
H01R 4/66
Loading...
201621138202.3
河北金能电力科技股份有限公司
李旭光
H01R 4/66
Loading...
本实用新型提出一种便携式快装短路接地线组，包括三根接地棒、一颗接地钉、一个中节连接件和四根导电连接线；接地棒包括绝缘杆，绝缘杆的顶端固定有线路端线夹，线路端线夹上设有第一螺纹接线柱；接地钉上设有第二螺纹接线柱；中节连接件具有四个第一螺纹接线槽；导电连接线的一端设有第三螺纹接线柱，另一端设有第二螺纹接线槽；四根导电连接线的第三螺纹接线柱分别螺合在中节连接件的四个第一螺纹接线槽内；四根导电连接线的第二螺纹接线槽分别螺合至三根接地棒的第一螺纹接线柱和接地钉的第二螺纹接线柱上。本实用新型各部分采用螺纹连接的方式，可快速安装和拆卸，提高工作效率；接地钉采用钢质螺纹钉，使用前后的插拔更迅速，使用方便。
102. 206082953 防火板发泡料喷撒装置
CN
12.04.2017
B05B 13/04 Loading...
B05B 13/04
Loading...
201621058709.8
上海超金节能科技股份有限公司
朱霖
B05B 13/04
Loading...
一种防火板发泡料喷撒装置，涉及防火板生产设备技术领域，所解决的是提高防火板发泡质量的技术问题。该装置包括机架，及安装在机架上的传送带；所述机架上装有能左右滑动的发泡剂喷头，该发泡剂喷头位于传送带的正上方，机架上装有用于驱动发泡剂喷头左右滑动的喷头驱动电机；所述发泡剂喷头由喷管、搅拌杆、搅拌电机构成；所述喷管的底端开设有物料喷口，喷管的上部开设有物料进口，所述搅拌杆插置在喷管的管腔内，搅拌杆上固定有螺旋状布设的搅拌叶片，所述搅拌电机安装在喷管上，搅拌电机的转轴与搅拌杆同轴固接。本实用新型提供的装置，适用于防火板流水线的发泡工序。
103. 106554793 一种通用型重质原料催化浆料加氢轻质化方法与装置
CN
05.04.2017
C10G 1/06 Loading...
C10G 1/06
Loading...
201611095025.X
北京金菲特能源科技有限公司
金军
C10G 1/06
Loading...
本发明涉及一种通用型重质原料催化浆料加氢轻质化的方法以及实施该方法的装置，此外还涉及适用于该方法的一种催化流体和由此制得的重质原料催化浆料。所述的重质原料可以是油基、煤基、生物基及其混合基重质原料。
104. 206076318 锂离子电池结构
CN
05.04.2017
H01M 2/10 Loading...
H01M 2/10
Loading...
201621029027.4
江苏金坛绿能新能源科技有限公司
吴建中
H01M 2/10
Loading...
本实用新型提供一种应用于电池技术领域的锂离子电池结构，所述的锂离子电池结构包括的电池壳体(1)包括外层壳体(2)和内层壳体(3)，外层壳体(2)为盒体结构，内层壳体(3)为盒体结构，内层壳体(3)设置在外层壳体(2)内，外层壳体(2)和内层壳体(3)之间设置间隙部(4)，间隙部(4)内设置冷却液，电池芯体(5)设置在内层壳体(3)内部，本实用新型的锂离子电池结构，结构简单，能够有效实现电池冷却，在电池工作中不会出现电池芯体因温度升高而报警问题，确保电池性能可靠，同时直接利用电池壳体作为冷却部件，不再需要单独增加冷却部件，有效降低电池制作成本，降低结构复杂程度。
105. 206068880 一种按摩椅下料装置
CN
05.04.2017
B65G 47/90 Loading...
B65G 47/90
Loading...
201621087447.8
青岛金利天源智能科技有限公司
杨国辉
B65G 47/90
Loading...
一种按摩椅下料装置，其包括：运输线、机架和小车定位槽，所述运输线和机架在水平方向上垂直设置，机架的一端设置在运输线上方；所述机架上滑动设置有龙门助力机械手，所述小车定位槽设置在机架的下方，并设置在运输线靠近龙门助力机械手的一侧。本实用新型的有益效果在于：设备安全可靠，工艺科学易于检修，操作方便，技术先进。
106. 206069199 一种用于保温管的中转运输装置
CN
05.04.2017
B66C 1/22 Loading...
B66C 1/22
Loading...
202016001005062
天津市金丞泰节能建材科技有限公司
鲁杰
B66C 1/22
Loading...
本实用新型创造提供了一种用于保温管的中转运输装置，包括：吊装平台，所述吊装平台上固定连接有支架，所述支架的上端中部固定连接有气缸，所述气缸的活塞杆端部固定连接有连接件，所述连接件上设有若干圆弧形压紧件；支架上与气缸相对应的位置处固定连接有吊钩，所述吊钩置于气缸上方；所述吊装平台上开有一轴向的凹槽，凹槽两侧的槽壁上分别固定连接有若干辊轮，槽壁两侧辊轮的位置一一对应且呈V字型排布。本实用新型创造所述的运输装置结构简单，设计合理，操作方便，便于运输保温管且不容易滑落，安全系数高，降低了生产成本，提高了企业的生产效率和生产成本。
107. 206067698 一种汽车侧碰传感器安装结构
CN
05.04.2017
B60R 21/0136 Loading...
B60R 21/0136
Loading...
201621121476.1
江苏金坛绿能新能源科技有限公司
吴建中
B60R 21/0136
Loading...
本实用新型提供一种应用于安全气囊零部件技术领域的汽车侧碰传感器安装结构，所述的汽车侧碰传感器安装结构包括侧碰传感器(1)，所述的汽车侧碰传感器安装结构还包括传感器安装支架(2)，所述的传感器安装支架(2)固定安装在汽车B柱(3)上，侧碰传感器(1)固定安装在传感器安装支架(2)上的传感器安装孔(4)内，本实用新型所述的汽车侧碰传感器安装结构，结构简单，能够有效解决在汽车B柱上无法布置侧碰传感器或者侧碰传感器安装点动刚度无法满足设计要求的问题，使得侧碰传感器布置不受汽车B柱结构影响，提高侧碰传感器可靠性，有效减少损失，降低支出成本。
108. 106558143 一种100元人民币拼接纸币的识别方法及装置
CN
05.04.2017
G07D 7/20 Loading...
G07D 7/20
Loading...
201510600761.5
深圳怡化电脑股份有限公司
越荣中
G07D 7/20
Loading...
本发明实施例公开了一种100元人民币拼接纸币的识别方法及装置，其中，所述方法包括：获取纸币正面预设位置区域的灰度图，所述预设位置区域为矩形区域，包括所述纸币部分水印区域和最接近所述水印区域数字1的左侧边缘部分；根据所述灰度图的像素灰度特征确定所述灰度图中水印区域与图像区域的交界列位置；根据所述纸币水印区域与图像区域的交界列位置和所述灰度图的像素灰度特征确定所述数字1的第一边缘列位置；根据所述交界列位置与所述第一边缘列位置的距离差值确定所述纸币是否为拼接纸币。能够有效识别100元人民币拼接纸币。且识别速度更快、识别效果稳定。
109. 206067150 一种车辆识别码拓印工装
CN
05.04.2017
B41F 16/00 Loading...
B41F 16/00
Loading...
202016001119609
江苏金坛绿能新能源科技有限公司
吴建中
B41F 16/00
Loading...
本实用新型提供一种应用于车辆生产加工辅助设备技术领域的车辆识别码拓印工装，所述的车辆识别码拓印工装的工装本体(1)下端设置拓印面(2)，拓印面(2)上设置多个凹孔(3)，每个凹孔(3)内安装一个能够转动的圆形滚珠(4)，圆形滚珠(4)设置为能够活动卡装在凹孔(3)内的结构，圆形滚珠(4)的滚珠表面(5)设置为凸出于拓印面(2)的结构，圆形滚珠(4)为钢珠，本实用新型所述的车辆识别码拓印工装，结构简单，成本低，通过简单的工装结构设置，就能够方便快捷地完成车辆识别码的拓印获取，提高拓印效率和拓印清晰度，同时不会对车辆钢印处造成磨损，保护车辆质量不会受损。
110. 105066111 生物质高温气化喷烧锅炉
CN
29.03.2017
F23B 90/06 Loading...
F23B 90/06
Loading...
102015000590395
潍坊金丝达新能源科技有限公司
刘国田
F23B 90/06
Loading...
本发明公开了一种生物质高温气化喷烧锅炉，包括锅炉主体，所述锅炉主体上设有锅炉水腔、锅炉燃料进口、锅炉炉排、锅炉炉渣出口和锅炉排烟口，所述锅炉燃料进口插装有生物质高温气化喷烧装置；本发明创造了一个高温气化燃烧的独特空间，使裂解气体无法逃逸，在空气喷管的充分供氧下迅速燃烧，并在筒形炉体内建立了一个独立的高温气化燃烧环境，燃烧的最高点温度可达1100℃‑1300℃，大大提高了物料的热能利用效率，是对锅炉燃烧加热原理的突破性改进，为物料尤其是生物质的完全资源化利用提供了充分的保证，而且排放环保，具有极大的经济效益和社会效益。
111. 206057847 一种智能护理机器人控制系统
CN
29.03.2017
G05B 19/04 Loading...
G05B 19/04
Loading...
201620262179.2
深圳市金乐智能健康科技有限公司
郑必义
G05B 19/04
Loading...
本实用新型提供一种智能护理机器人控制系统，包括连接模块、接收模块及工作模式确定模块，其中，工作模式确定模块用于智能护理机器人确定当前的工作模式，其中，工作模式包括学习传授工作模式、护理工作模式、清洁工作模式、提醒工作模式、电量检测工作模式、环境检测工作模式、饮食辅助工作模式、信息处理工作模式、互联互动工作模式和启动设备工作模式，智能护理机器人可分别进入不同的工作模式，以实现不同的功能，本实用新型提供的智能护理机器人由于集成上述功能，使得智能护理机器人的集成度高，这样，使得智能护理机器人在具备上述功能的同时，还降低了智能护理机器人的成本。
112. 206053806 一种带广告结构的行人通道平开门
CN
29.03.2017
E06B 7/28 Loading...
E06B 7/28
Loading...
201621108197.1
佛山金鸿星智能科技有限公司
金国建
E06B 7/28
Loading...
本实用新型公开了一种带广告结构的行人通道平开门，其特征在于，包括两侧门柱和设置在两侧门柱之间的门体，门体上设置有广告组件，在广告组件的外侧设置有通风式格栅。本实用新型结构简单，相比于同类型的产品，性能更加优越。
113. 206058230 一种卡箱及发卡装置
CN
29.03.2017
G06K 13/20 Loading...
G06K 13/20
Loading...
201620508875.7
深圳怡化电脑股份有限公司
刘蔓莉
G06K 13/20
Loading...
本实用新型实施例公开了一种卡箱，包括卡箱底板、卡箱侧板，还包括设置于卡箱内部的隔板，所述隔板与出卡口所在的侧板平行设置，推卡槽与所述出卡口所在的侧板垂直设置，所述隔板将所述卡箱内部分割成两个放卡区域，所述卡箱底板设置有所述推卡槽，所述隔板的底端与所述卡箱底板之间设置有供卡通过的卡孔，所述卡箱侧板与所述卡箱底板之间设置有所述出卡口。本实用新型通过在卡箱中设置两个放卡区域可以实现提高卡片容量的目的。本实用新型还公开了一种发卡装置。
114. 106548560 纸介质传输通道及介质交易装置
CN
29.03.2017
G07D 11/00 Loading...
G07D 11/00
Loading...
201610902879.8
深圳怡化电脑股份有限公司
刘蔓莉
G07D 11/00
Loading...
本发明涉及纸介质传输技术的领域，提供纸介质传输通道，包括传输底板及板组，传输底板与板组之间形成传输通道，板组包括多个传输上盖，传输通道穿设有传输皮带。工作时，在传输皮带与传输底板的夹持带动下，纸介质于传输通道中沿着传输底板传送。由于板组全面覆盖传输底板，传输底板上侧空间被板组遮挡而为封闭式，可避免灰尘从传输底板的上侧空间进入传输通道，防止传输通道堵塞；此外，板组为多个相互可拆卸拼接的传输上盖，传输上盖可拆卸安装于传输底板上，这样，相对于整体开膜的方式来说，其开模成本低，而且，当有钞票卡住时，其可通过逐个拆卸传输上盖的方式，将卡住的钞票取出本发明还提供介质交易装置，包括箱体及纸介质传输通道。
115. 106547612 一种多任务处理方法及装置
CN
29.03.2017
G06F 9/48 Loading...
G06F 9/48
Loading...
201610908577.1
深圳怡化电脑股份有限公司
李意希
G06F 9/48
Loading...
本发明适用于计算机工程技术领域，提供了一种多任务处理方法及装置。所述方法包括：接收至少一个任务处理请求，将所述任务处理请求存入预创建的缓冲队列，唤醒预创建的用于管理预创建的线程管理队列的管理线程，所述预创建的线程管理队列存入至少一个线程对应的句柄，通过所述管理线程从预创建的线程管理队列中调取空闲线程的句柄，根据所述句柄对应的空闲线程处理所述任务处理请求。通过上述方法能够提高多任务处理的效率，同时占用内存小。
116. 106541884 一种面向隧道的车辆灯照自动控制系统
CN
29.03.2017
B60Q 1/08 Loading...
B60Q 1/08
Loading...
201610944006.3
江苏金米智能科技有限责任公司
贡伟东
B60Q 1/08
Loading...
本发明公开了一种面向隧道的车辆灯照自动控制系统，包括：上位机，用于存储隧道所在路段的位置坐标范围，及对比，将结果反馈至无线传输模块；隧道终端，包括第一和第二信号发射模块；车载终端，包括GPS定位模块、控制模块、无线传输模块、触发模块、灯光控制模块、信号接收模块，所述控制模块，还用于根据对比结果生成第二控制信号经触发模块传输至灯光控制模块使其进入工作状态；由信号接收模块在接收到第一信号发射模块的发射信号时，所述灯光控制模块控制车灯关闭，直至信号接收模块在接收到第二信号发射模块的发射信号时，所述灯光控制模块控制车灯开启。本发明可以实时地控制进入隧道的车辆，自动实现车辆的车灯关闭，节约能耗。
117. 106548202 纸币币值识别方法和系统
CN
29.03.2017
G06K 9/62 Loading...
G06K 9/62
Loading...
201610942284.5
深圳怡化电脑股份有限公司
翟云龙
G06K 9/62
Loading...
本发明提供了一种纸币币值识别方法和系统，涉及币值识别技术领域。该方法包括：获取纸币图像，并根据预设位置截取纸币图像上的局部图像；识别局部图像中的感兴趣区域图像；将感兴趣区域图像输入预先训练的包含有各种币值纸币的感兴趣区域图像信息的分类器中，并输出纸币的币值。本发明通过对纸币面向的图像进行翻转，保证纸币面向为正面正向或者反面正向，降低了分类的模式数目，提高了训练阶段训练的准确度；通过提取直方图特征，使得同类币值纸币识别模式差别小，不同类币值纸币的识别模式差别大，即可准确快速的识别纸币的币值。
118. 106541886 一种基于定位的车辆远近光灯自动切换控制系统
CN
29.03.2017
B60Q 1/14 Loading...
B60Q 1/14
Loading...
201610946240.X
江苏金米智能科技有限责任公司
贡伟东
B60Q 1/14
Loading...
本发明公开了一种基于定位的车辆远近光灯自动切换控制系统，包括：GPS定位模块、存储模块、车速感应模块、模数转换模块、信号采集模块、控制模块、灯光切换模块，其中GPS定位模块用于实时定位获得位置坐标；所述存储模块，用于预存路段位置坐标；所述车速感应模块，用于采集车辆当前行驶速度获得模拟信号，及经模数转换模块转换获得数字信号；所述控制模块，用于获取车辆当前行驶速度，及与预存的路段位置坐标比对，当车辆行驶于预存的路段内时，生成和输出控制信号；所述灯光切换模块，用于根据控制信号控制远近光灯之间切换。本发明可自动完成对远光灯和近光灯之间的切换，提高系统的自动化程度。
119. 106545470 混凝土塔筒组件及其组装方法
CN
29.03.2017



201610883090.2
霍尔果斯新国金新能源科技有限公司
郑家宁


本发明公开了一种混凝土塔筒组件及其组装方法，所述混凝土塔筒组件包括：混凝土的塔筒段、钢制接头和定位杆，塔筒段的顶部设有多个预应力孔，多个预应力孔围绕塔筒段的周向间隔开设置；钢制接头上设有多个锚固孔，多个锚固孔与多个预应力孔一一对应，塔筒段与钢制接头之间设有粘结层，其中粘结层避开预应力孔；定位杆可拆卸地设在钢制接头上且穿过部分锚固孔，定位杆的下端超过钢制接头的下表面且适于穿入至部分预应力孔内。本发明用来实现钢制接头与顶部塔筒之间水平接缝的填实。
120. 106545471 塔筒的建造施工方法
CN
29.03.2017



201610883161.9
霍尔果斯新国金新能源科技有限公司
郑家宁


本发明公开了一种塔筒的建造施工方法，塔筒包括塔筒基础、塔筒本体和转接头，塔筒本体的塔筒段包括组装塔筒段和整环塔筒段，每个组装塔筒段包括多个塔片。塔筒的建造施工包括塔片组装阶段和塔筒整体吊装阶段。塔片组装阶段中拼装出第二个至第M个组装塔筒段。塔筒整体吊装阶段包括步骤：在塔筒基础上拼装第一个组装塔筒段；依次将其余组装塔筒段吊装至第一个组装塔筒段上，并依次将多个整环塔筒段吊装到第M个组装塔筒段上；将M个组装塔筒段和多个整环塔筒段张拉预紧；依次吊装剩余的整环塔筒段；将所有塔筒段进行张拉预紧。根据本发明的建造施工方法，合理设计并简化吊装程序，减少吊机机时，削减吊装成本，满足吊装经济性与安全性要求。
121. 106548588 一种基于物联网的楼宇消防安全监控系统
CN
29.03.2017
G08B 17/12 Loading...
G08B 17/12
Loading...
201610961796.6
江苏金米智能科技有限责任公司
贡伟东
G08B 17/12
Loading...
本发明公开了一种基于物联网的楼宇消防安全监控系统，属于智能消防安全技术领域。该系统包括远程监控终端、协调器、路由器和ZigBee 无线网络节点，每个ZigBee 无线网络节点包括有ZigBee 模块、烟雾检测模块、温度检测模块、自动保护模块和图像采集模块；所述自动保护模块包括检测器、计时器、串口开关和电平变换保护电路，所述检测器包括顺序连接的始末位检测器、时钟产生器，锁存移位寄存器、8位比较器和预设寄存器。本发明运用ZigBee 无线网络可以对被监控楼宇实施24小时监控，一旦出现火灾，就能被及时发现，在最短时间内通知消防人员采取救援措施，有效地将火灾损失控制在最小范围内。
122. 106550523 基于车辆感应器触发的隧道照明系统的控制方法
CN
29.03.2017
H05B 37/02 Loading...
H05B 37/02
Loading...
201610955464.7
江苏金米智能科技有限责任公司
贡伟东
H05B 37/02
Loading...
本发明公开了一种基于车辆感应器触发的隧道照明系统的控制方法，隧道照明系统包含若干均匀设置在隧道内的照明模块、无线通信模块和控制模块；照明模块包含灯体、继电器、微控制器和车辆感应器，其中，微控制器分别和车辆感应器以及照明模块对应的分支节点电气相连，灯体通过继电器和所述微控制器电气相连。工作时，微控制器将接收到的车辆感应器的数据传递给控制模块；控制模块根据接收到的各个车辆感应器的数据发送命令给各个照明模块的微控制器。本发明设计简单，使用方便，能够根据车辆的通过状况来控制隧道内灯体的开灭，极大的节省了资源。
123. 106548551 基于人脸识别和键盘输入的社区门禁系统的自动开门方法
CN
29.03.2017
G07C 9/00 Loading...
G07C 9/00
Loading...
201610955487.8
江苏金米智能科技有限责任公司
贡伟东
G07C 9/00
Loading...
本发明公开了一种基于人脸识别和键盘输入的社区门禁系统的自动开门方法，社区门禁系统包含红外传感器、摄像头、键盘、控制模块、继电器、存储模块、电动门、门禁通信模块和住户通信模块；门禁通信模块包含门禁电话；电动门通过继电器和控制模块相连；控制模块分别和红外传感器、摄像头、键盘、继电器、存储模块、门禁通信模块、住户通信模块相连。工作时，控制模块在红外传感器感应到电动门前有人时、通过匹配摄像头采集到的人脸图像和存储模块中的人脸样本图像来控制继电器进而控制电动门的打开和关闭。本发明结构简单，使用方便，能够自动识别人脸，无需刷卡即可开门。
124. 106548172 一种图像的倾斜角度确定方法及装置
CN
29.03.2017
G06K 9/32 Loading...
G06K 9/32
Loading...
201611048344.5
深圳怡化电脑股份有限公司
翟云龙
G06K 9/32
Loading...
本发明实施例公开了一种图像的倾斜角度确定方法及装置。该方法包括：获取待处理图像的H分量图像；确定所述H分量图像的像素点坐标集，并对所述像素点坐标集进行矩阵分析；依据矩阵分析结果确定所述待处理图像的倾斜角度。本发明实施例通过采用上述技术方案，能够准确确定待处理图像的倾斜角度。
125. 106548547 一种基于人脸识别的门禁控制装置
CN
29.03.2017
G07C 9/00 Loading...
G07C 9/00
Loading...
201610944007.8
江苏金米智能科技有限责任公司
贡伟东
G07C 9/00
Loading...
本发明公开了一种基于人脸识别的门禁控制装置，包括：存储器、测距传感器、摄像头、图像传感器、图像滤波器、控制器、电控锁，其中所述存储器用于存储用户人脸图像；所述测距传感器，用于检测待识别用户距离门禁的距离；所述图像传感器，用于对摄像头所采集的图像提取获得待识别用户人脸图像；所述图像滤波器，用于对提取的待识别用户人脸图像滤波处理；所述控制器，还用于调取存储器中的用户人脸图像，并将滤波处理后的待识别用户人脸图像与调取的用户人脸图像匹配，当匹配成功时输出驱动控制信号；所述电控锁，用于根据驱动控制信号驱动锁体打开。本发明利用自动化地操作，高效实现控制，可以方便用户开启门禁，提高系统的自动化效果。
126. 206048147 一种光伏组件便携式接线盒放置架
CN
29.03.2017
B25H 3/04 Loading...
B25H 3/04
Loading...
201620855318.2
浙江金诺新能源科技有限公司
金建江
B25H 3/04
Loading...
本实用新型属于接线盒组装取件工装领域，具体涉及适用于晶体硅组件所有型号接线盒的光伏组件便携式接线盒放置架。光伏组件便携式接线盒放置架，包括支撑架1与挂架2，所述的支撑架包括底架、侧架和连接架，底架为矩形框架；所述的2个侧架为正方形框架，分别安装于底架的长边框架上，侧架内连接有两根横梁和一根纵梁，纵梁上与侧架横梁或长边框架的连接处有两个侧架彼此连接固定的固定梁，挂架沿长边框架方向固定安装在最顶端的固定梁上。本装置使太阳能晶体硅组件接线盒放置非常方便员工拿取使用，存放；根据铁质方管和圆形钢管组合焊接而成，增加活动周转轮子，便于接线盒备料周转。
127. 206056382 一种可远程监控的汽化器
CN
29.03.2017
F28F 27/00 Loading...
F28F 27/00
Loading...
201620863543.0
陕西金堆金能源科技有限公司
杨文杰
F28F 27/00
Loading...
本实用新型提供了一种可远程监控的汽化器，包括中空罩体及设置在其内的汽化燃烧器；所述中空罩体下部设置进风口，上部设置有多个出风口；所述汽化燃烧器上设置有温度传感器，该温度传感器依次连接的信号处理单元、分析对比单元、控制单元、通讯模块；所述控制单元与风机连接；所述可远程监控的汽化器还包括与通讯模块无线联通的接收终端。该方案实现了对天燃气汽化器进行温度调节和远程温度监控的目的，优选的中空腔体结构及风力散热和对汽化器进行风冷式温度调节；进一步优选的信号处理及通讯模块，温度传感器可以实现远程的温度监测时时报告，并能根据汽化器的温度进风力散热调节。
128. 206060475 汽车发电机转子装配设备的合拢机构
CN
29.03.2017
H02K 15/02 Loading...
H02K 15/02
Loading...
201620719858.8
金华市捷欣智能科技有限公司
胡金勇
H02K 15/02
Loading...
一种汽车发电机转子装配设备的合拢机构，包括汽车发电机转子，所述汽车发电机转子竖向布置，包括爪朝上的下爪极、线圈、爪朝下的上爪极和转子轴，所述线圈位于所述上爪极和下爪极之间，所述上爪极与所述下爪极合拢配合，所述转子轴自上而下依次穿过上爪极、线圈和下爪极，所述合拢机构包括上爪极定位机构、下爪极定位机构、合拢上油缸和合拢下油缸。本实用新型提供了一种自动化、工作效率较高、加工精度较高的汽车发电机转子装配设备的合拢机构。
129. 206058368 一种介质暂存机构及银行自助终端
CN
29.03.2017
G07D 11/00 Loading...
G07D 11/00
Loading...
201621032899.6
深圳怡化电脑股份有限公司
麻俊侠
G07D 11/00
Loading...
本实用新型公开了一种介质暂存机构及银行自助服务终端，该介质暂存机构包括一种介质暂存机构，包括滚筒，卷取介质并将介质收纳于滚筒周面；一对交接辊，设于滚筒的一侧，将介质自介质出入口送至滚筒，以及将介质自所述滚筒送至介质出入口；卷钞带，将送至滚筒的介质按压卷取至滚筒；一对带辊，其以与卷钞带相切的方式将卷钞带绕至滚筒，并将经交接辊送至卷钞带的介质送至滚筒。设置第一交接辊和第二交接辊、第一带辊和第二带辊两对对辊，在收纳或输出介质时，即使一对对辊没有将介质展平，还可通过另一对对辊进行介质展平，防止介质堵塞输送通道的状况发生。相比于采用一对对辊和一个对射传感器而言，有效的降低了介质堵塞状况的发生几率。
130. 206049298 一种汽车通风口结构
CN
29.03.2017
B60H 1/24 Loading...
B60H 1/24
Loading...
201621034521.X
江苏金坛长荡湖新能源科技有限公司
吴建中
B60H 1/24
Loading...
本实用新型提供一种应用于汽车零部件技术领域的汽车通风口结构，所述的汽车通风口结构的左通风部件(1)和右通风部件(2)安装在汽车后侧围位置，所述的汽车通风口结构还包括中间出风部件(3)，中间出风部件(3)包括出风框架(4)，出风框架(4)卡装在汽车后侧围位置上的开孔内，出风框架(4)上安装出风片(5)，出风片(5)上端与出风框架(4)上端活动连接，出风片(5)安装在出风框架(4)外侧位置，本实用新型所述的汽车通风口结构，结构简单，能够有效增加汽车内部出风面积，在需要增加汽车车内出风时，能够有效提高车内出风量，大幅降低车门关闭力，提高车辆舒适性。
131. 206059483 软包装电池转运装置
CN
29.03.2017
H01M 2/10 Loading...
H01M 2/10
Loading...
201621119803.X
江苏金坛绿能新能源科技有限公司
吴建中
H01M 2/10
Loading...
本实用新型提供一种应用于软包装电池生产辅助设备技术领域的软包装电池转运装置，所述的软包装电池转运装置的装置底板(1)一侧设置装置侧板Ⅰ(2)，装置底板(1)另一侧设置装置侧板Ⅱ(3)，装置底板(1)上设置多道隔板(4)，每相邻的两道隔板(4)与装置侧板Ⅰ(2)和装置侧板Ⅱ(3)之间形成一个放置腔体(5)，每个放置腔体(5)内设置为能够放置一个软包装电池(6)的结构，本实用新型的软包装电池转运装置，结构简单，能够方便可靠地完成批量软包装电池存储转运，不会对电池表面铝塑膜受损及电池侧封边和电池极耳造成弯折和损坏，有效减小转运装置整体体积，能够对软包装电池进行批量转运，确保软包装电池整体质量和性能。
132. 206058912 一种核工业用脱模分离装置
CN
29.03.2017
G21C 19/20 Loading...
G21C 19/20
Loading...
201621017376.4
金华润业智能科技有限公司
洪涛
G21C 19/20
Loading...
本实用新型公开一种核工业用脱模分离装置,包括：夹爪、支架、旋转机构、升降机构、容器、盖板和底座，夹爪和盖板连接支架，支架连接旋转机构，旋转机构连接升降机构，底座位于盖板正下方，容器与盖板和底座配合，本实用新型在密闭环境下可不借助人力实现物料从容器内脱离，结构简单，操作安全。
133. 206058369 一种循环钞箱结构及银行自动终端
CN
29.03.2017
G07D 11/00 Loading...
G07D 11/00
Loading...
201621035588.5
深圳怡化电脑股份有限公司
张天雨
G07D 11/00
Loading...
本实用新型公开了一种循环钞箱结构及银行自助终端，包括固定壁、支撑件以及解锁杆，所述支撑件包括支撑板和垂直固定于所述支撑板上的连接轴，所述支撑板与所述固定壁固定连接；所述解锁杆上设置有转动孔，所述转动孔套设于所述连接轴，以使所述解锁杆可绕所述连接轴转动。该循环钞箱结构通过连接轴替代断裂的支柱，可以继续使用，不需要回收循环钞箱，提高了维修效率，避免不必要的经济损失。
134. 206050979 一种粉体开袋上料系统
CN
29.03.2017
B65G 53/50 Loading...
B65G 53/50
Loading...
201620902744.7
常州道金智能科技有限公司
范永明
B65G 53/50
Loading...
本实用新型公开了一种粉体开袋上料系统，属于粉体输送技术领域，包括气体吸入器、在线过滤器、上料斗、小袋开袋站、第一料仓和第二料仓，小袋开袋站的上方有料袋和机械手，小袋开袋站与气体吸入器、在线过滤器之间有气力输送旋转阀，气体吸入器与在线过滤器之间有直流气动截止阀和阻火器，在线过滤器的前端有罗茨风机，在线过滤器上有显示仪，阻火器、在线过滤器、气力输送旋转阀均通过控制器与流量计连接，第一料仓和第二料仓分别与流量计连接。本实用新型解决了目前粉体输送系统存在的生产效率低、生产成本高，运行连续性、稳定性差的问题，具有运行连续稳定、操作简单安全等优点，提高了生产效率降低，降低了生产成本。
135. 206050977 一种密相粉体输送系统
CN
29.03.2017
B65G 53/46 Loading...
B65G 53/46
Loading...
201620902005.8
常州道金智能科技有限公司
范永明
B65G 53/46
Loading...
本实用新型公开了一种密相粉体输送系统，属于密相粉体输送技术领域，包括地面控制设备、自动控制器、气力输送旋转阀、料斗、第一料仓、第二料仓和第三料仓，自动控制器与地面控制设备、气力输送旋转阀连接，气力输送旋转阀设置在料斗下方，并与料斗的输出、输入端连接，地面控制设备的前端有直流气动截止阀，自动控制器通过第一流量控制器与第一料仓连接，第一流量控制器通过第二流量控制器与第二、三料仓连接，第一、二、三料仓上均有液位开关高高报警器。本实用新型具有操作简单，运行连续稳定，机械化、自动化程度高，劳动强度低，动力消耗低，设备和管道磨损慢的优点，能够保证密相输送系统流速低、磨损小、距离远、输送能力大的特点。
136. 206055885 一种基于动态负荷需求的空调控制装置
CN
29.03.2017
F24F 11/02 Loading...
F24F 11/02
Loading...
201620975639.6
苏州金洛宇智能科技有限公司
朱金根
F24F 11/02
Loading...
本实用新型涉及一种基于动态负荷需求的空调控制装置，属于空调控制技术领域。设置有空调，所述空调设置有风机和供水阀，所述风机设置有风机变频器，所述空调还设置有空调控制装置，所述空调控制装置设置有多个能量计，所述能量计对空气中的温度和湿度的数据进行采集，所述能量计连接有减法器，所述减法器连接到规则库，所述规则库连接到风机变频器和供水阀上，所述供水阀还连接到比例控制器。本实用新型的有益之处是：通过能量计测算到外部环境中不同时刻的温度信息，然后通过减法器测算出温度差，最终通过规则库的计算来控制供水阀开度和风机变频器的频率，从而实现空调温度的调节，本实用新型结构简单，操作方便，成本较低。
137. 206058367 分离介质的辊轴机构
CN
29.03.2017
G07D 11/00 Loading...
G07D 11/00
Loading...
201620987277.2
深圳怡化电脑股份有限公司
赵子龙
G07D 11/00
Loading...
本实用新型涉及介质的导入导出设备，更具体地说，是涉及一种分离介质的辊轴机构，包括辊轴和对称设置于所述辊轴两端的分离组件，所述分离组件包括依次设置于所述辊轴的第一舌片、中间舌片和第二舌片，所述分离组件还包括用于固定所述中间舌片且套设于所述辊轴的舌片套，所述辊轴设置用于限制所述舌片套的轴向位置的限位槽，所述舌片套设置有与所述舌片套弹性连接且与所述限位槽相适应的止位卡扣，所述止位卡扣当所述舌片套套设于所述辊轴时，扣接于所述限位槽内。所述限位槽限定所述舌片套的轴向位置，但不限定舌片套环绕辊轴的轴心旋转。安装拆卸时，只需移动所述舌片套，止位卡扣产生弹性形变，从而与限位槽卡接或脱离，安装拆卸简单快速。
138. 206047562 一种仪表台装配工装夹具
CN
29.03.2017
B23P 21/00 Loading...
B23P 21/00
Loading...
201620921294.6
江苏金坛长荡湖新能源科技有限公司
吴建中
B23P 21/00
Loading...
本实用新型提供的仪表台装配工装夹具，包括气控装置、电控装置、夹爪机构、横梁和安装在所述横梁上的滑槽，所述夹爪机构包括成对设置的活动夹爪和薄型夹爪，所述活动夹爪滑动安装在对应滑槽上，两个所述活动夹爪的爪端彼此相对，所述薄型夹爪可转动地安装在支座上，爪端向下伸出，所述支座滑动安装在对应滑槽上。本实用新型既能满足多款仪表台同线工装装配困难问题，还能满足机械化操作，大大减少操作工时，提高了生产效率；同时还能保证仪表台准确的装配在车身上，可靠性好，合格率高。
139. 206060706 一种电压比较器滞回电路
CN
29.03.2017
H03K 5/22 Loading...
H03K 5/22
Loading...
201621042179.8
深圳怡化电脑股份有限公司
杨鹏
H03K 5/22
Loading...
本实用新型公开了一种电压比较器滞回电路，该电路包括：比较器和正反馈电路，其中：所述比较器，用于比较输入电压与参考电压的大小，并输出比较结果；所述正反馈电路，与比较器的输出端和参考电压输入端相连，用于根据所述比较结果调节比较器的参考电压，以使所述输入电压在预设操作值范围内时，所述比较结果保持不变。本实用新型提高电路中比较器噪声抑制能力和系统稳定性。
140. 206050961 一种整箱卸料系统
CN
29.03.2017
B65G 53/04 Loading...
B65G 53/04
Loading...
201620900455.3
常州道金智能科技有限公司
范永明
B65G 53/04
Loading...
本实用新型公开了一种整箱卸料系统，属于智能配混料技术领域，包括气体吸入器、在线过滤器、整箱、进料仓、气力输送旋转阀、第一料仓和第二料仓，气体吸入器和在线过滤器与气力输送旋转阀连接，气力输送旋转阀与进料仓的输出端连接，气力输送旋转阀还与进料仓的输入端连接，整箱的出料端与进料仓的输入端连接，在线过滤器的前端有罗茨风机，在线过滤器与气力输送旋转阀之间还有压力检测元件，阻火器、在线过滤器、气力输送旋转阀均与自动控制器连接，自动控制器通过流量计分别与第一料仓和第二料仓连接。本实用新型解决了系统庞大、运行连续性及稳定性差、生产效率低、成本高等问题，具有自动化程度高，运行连续稳定，操作简单等优点。
141. 206058378 背面板固定结构、金融自助设备
CN
29.03.2017
G07F 9/00 Loading...
G07F 9/00
Loading...
201620975657.4
深圳怡化电脑股份有限公司
赵子龙
G07F 9/00
Loading...
本实用新型提供了一种背面板固定结构、金融自助设备。该背面板固定结构包括：装置主体壳；安装在装置主体壳的背面上的背面板，且装置主体壳与背面板之间形成有安装空间；安装在安装空间内的内部单元，内部单元的靠近背面板的一端设有止挡位置，内部单元可在安装空间内移动以靠近或远离背面板；装置主体壳的背面上开有开口部，背面板上设置有卡挡件及限位件，卡挡件与背面板之间具有容纳间隙，开口部处的边缘容纳在容纳间隙内，限位件与止挡位置相配合以阻止背面板移动。应用本实用新型的技术方案解决了现有技术中背面板与装置主体壳之间组装、拆卸操作繁琐且难度大、操作效率低的问题。
142. 206058377 一种金融设备的下箱体结构及金融设备
CN
29.03.2017
G07F 9/00 Loading...
G07F 9/00
Loading...
201620973978.0
深圳怡化电脑股份有限公司
刘蔓莉
G07F 9/00
Loading...
本实用新型涉及一种金融设备的下箱体结构及金融设备，该下箱体结构包括由底板和三个依次围设的侧面板构成的钞箱框体，传输体盖设在三个侧面板的另一端上与钞箱框体形成容纳空间，多个钞箱由容纳空间的开放口放置于容纳空间内，钞箱通过钞箱上设置的限位导向配合部沿底板上的限位导向部可在钞箱框体的底板上滑动，因此钞箱能够以滑动的方式从开放口推入到容纳空间或者从容纳空间拉出。应用本实用新型的技术方案解决了现有技术中存在的对ATM机的下箱体进行纸币清点和加钞时，钞箱的存放和拿取不便的问题。对应用本实用新型的技术方案的金融设备的钞箱进行存取操作时，只需要将钞箱根据底板上限位导向部的设定位置将其推入或者拉出即可。
143. 206060399 一种永磁同步电机机壳结构
CN
29.03.2017
H02K 5/04 Loading...
H02K 5/04
Loading...
201620727135.2
江苏金坛绿能新能源科技有限公司
吴建中
H02K 5/04
Loading...
本实用新型提供一种应用于永磁同步电机技术领域的永磁同步电机机壳结构，所述的永磁同步电机机壳结构的机壳本体(1)中间设置铁芯安装腔(2)，机壳本体(1)外表面设置多道按间隙布置的散热筋(3)，所述的机壳本体(1)上设置多个卸载槽(4)，卸载槽(4)设置在机壳本体(1)上厚度厚的位置，本实用新型的永磁同步电机机壳结构，结构简单，在原来机壳本体上改变较小，就能有效改善电机机壳的局部应力集中问题，避免机壳挤裂，使得电机机壳上的应力分布区域均匀化，同时有效增加电机机壳的外表面散热面积，提高电机机壳表面散热性能，从而在整体上提高了电机性能。
144. 206047496 汽车发电机转子装配设备的抓料机构
CN
29.03.2017
B23P 19/00 Loading...
B23P 19/00
Loading...
201620719859.2
金华市捷欣智能科技有限公司
胡金勇
B23P 19/00
Loading...
一种汽车发电机转子装配设备的抓料机构，包括汽车发电机转子，所述汽车发电机转子竖向布置，包括爪朝上的下爪极、线圈、爪朝下的上爪极和转子轴，所述抓料机构包括抓料基座、抓料前后滑台、抓料上下滑台、抓料气缸、卸料气缸、抓料夹座、抓料组件和卸料杆，所述抓料基座安装在机架上，所述抓料前后滑台可前后滑动的安装在所述抓料基座上，所述抓料上下滑台可上下滑动的安装在所述抓料前后滑台上，所述抓料气缸和卸料气缸均安装在所述抓料前后滑台上，所述抓料上下滑台与抓料气缸的活塞杆连接，所述抓料夹座固定在所述抓料上下滑台上。本实用新型提供了一种自动化、工作效率较高、安全性较好的汽车发电机转子装配设备的抓料机构。
145. 206050973 一种用于粉体输送的仓泵输送系统
CN
29.03.2017
B65G 53/34 Loading...
B65G 53/34
Loading...
201620902116.9
常州道金智能科技有限公司
范永明
B65G 53/34
Loading...
本实用新型公开了一种用于粉体输送的仓泵输送系统，属于粉体输送技术领域，包括第一、二和三料仓，第一料仓与第二料仓通过安全阀连接，第二料仓与第三料仓通过球阀和二次过滤器连接，第二料仓与第一料仓之间还通过两安全阀和一过滤器连接，第二料仓上有料仓压力检测仪，第二料仓还与直流气动球阀、控制阀和气动截止阀连接，气动截止阀设置在直流气动球阀与控制阀之间，控制阀一端单独通过电磁阀、单向截止阀与第二料仓连接，气动截止阀一端通过在线过滤器、安全泄压阀与球阀连接，直流气动球阀与球阀连接。本实用新型优化了仓泵并联输送系统的结构、技术及工艺，提高了生产效率，降低了生产成本，运行连续稳定。
146. 206054617 一种磁悬浮减振装置
CN
29.03.2017
F16F 15/03 Loading...
F16F 15/03
Loading...
201621040019.X
深圳怡化电脑股份有限公司
秦福安
F16F 15/03
Loading...
本实用新型公开了一种磁悬浮减振装置，包括上托板、下托板、第一磁性源、第二磁性源和滑轨，所述下托板的上表面上固定有第一磁性源，所述上托板的下表面上固定有与所述第一磁性源正对的第二磁性源，所述上、下托板之间设置有若干个所述滑轨，且所述上托板可沿所述滑轨纵向上下移动。本实用新型运用磁性材料的物理特性，即两款磁铁同极互相排斥的原理进行减振，该磁悬浮减振装置不仅结构简单，占用空间小，便于维护，噪音低，而且性能稳定，使用寿命长，减振强度可控制可调节，减震效果好，适用范围广。
147. 206058370 一种纸页类输送机构
CN
29.03.2017
G07D 11/00 Loading...
G07D 11/00
Loading...
201621038987.7
深圳怡化电脑股份有限公司
刘蔓莉
G07D 11/00
Loading...
本实用新型涉及纸页类输送技术领域，尤其涉及一种纸页类输送机构，其包括左、右引导件，上、下通道板，传输辊和过渡凸块；所述上、下通道板平行设置于所述左、右引导件之间，且所述上、下通道板之间存在间隙，形成传输通道，所述传输通道内沿传输方向平行设置有多排传输辊，每排包含至少两对传输辊，所述上、下通道板上位于每对传输辊左右两侧处均设置有过渡凸块。本实用新型提供的纸页类输送机构，通过过渡凸块的设置使左右引导件与传输辊之间、传输辊与传输辊之间形成平滑过渡，从而使纸页类在传输通道传输时更加顺畅，不会被凸起的传输辊阻挡，明显降低了卡纸率。
148. 206060181 无刷直流电机的过流保护电路、电机装置及自助设备
CN
29.03.2017
H02H 7/085 Loading...
H02H 7/085
Loading...
201621047621.6
深圳怡化电脑股份有限公司
杨鹏
H02H 7/085
Loading...
本实用新型提供一种无刷直流电机的过流保护电路、电机装置及自助设备，涉及电路技术领域。本实用新型提供一种无刷直流电机的过流保护电路包括与无刷直流电机相连的驱动模块，还包括：霍尔信号输出端与无刷直流电机的霍尔信号输入端相连的预驱动模块；采样端与驱动模块的信号输出端相连的电压采样模块；第一输入端与电压采样模块的输出端相连的电压比较模块；以及故障检测端与预驱动模块的故障信号输出端相连的过流保护模块，过流保护模块接收故障信号，在无刷直流电机受阻力而停止工作时，根据故障信号、第一电压信号以及第二电压信号向预驱动模块输出开关控制信号，控制预驱动模块关闭无刷直流电机，进而实现了对无刷直流电机形成过流保护的作用。
149. 106530482 纸币币值的识别方法及装置
CN
22.03.2017
G07D 7/20 Loading...
G07D 7/20
Loading...
102016000959148
深圳怡化电脑股份有限公司
曹婧蕾
G07D 7/20
Loading...
本发明实施例公开了一种纸币币值的识别方法及装置。该方法包括：获取待检测纸币的V分量图像，其中，所述V分量图像是所述待检测纸币的颜色饱和度图像；确定所述V分量图像内所有像素的像素值总和；判断所述像素值总和是否介于预设币值判断区间内，根据判断结果确定待检测纸币的币值。通过上述技术方案，实现了利用待检测纸币的颜色分量特征进行币值识别，提高了纸币币值识别的准确率。
150. 106529371 一种车辆智能服务系统
CN
22.03.2017
G06K 7/14 Loading...
G06K 7/14
Loading...
201610948992.X
巴中市大巴山网络科技有限公司
后志鹏
G06K 7/14
Loading...
本发明涉及车辆挪车技术领域，提供一种车辆智能服务系统，包括：扫码挪车单元，用于对二维码进行扫描，获取车主联系信息，并依据车主联系信息执行挪车提醒动作；基于车牌的挪车单元，用于根据车辆的车牌信息，执行挪车提醒动作；基于车辆代码的挪车单元，用于根据预先生成的车主用户的车辆代码，执行挪车提醒动作；贴条提示服务单元，用于触发生成贴条指令，并将贴条区域信息推送给处于贴条区域内的所有车主用户的终端设备上；商家信息提示服务单元，用于对车主终端设备当前位置进行地理位置定位，并向车主的终端设备推送周边商家的位置信息和产品信息，从而为车主用户提供全方位的智能服务，实现挪车提醒、贴条提醒和商家服务提醒。
151. 106532363 一种高精度电机驱动式智能家居插座面板
CN
22.03.2017
H01R 13/66 Loading...
H01R 13/66
Loading...
102016000947161
江苏金米智能科技有限责任公司
贡伟东
H01R 13/66
Loading...
本发明涉及一种高精度电机驱动式智能家居插座面板，针对现有插座面板结构进行改进，引入电机驱动式双面插孔结构，基于压力传感器（6）的压力检测结果，通过具体所设计的电机驱动电路（8），针对所设计电动转轴（7）进行智能控制，实现面板本体（1）的自动化开合，并通过在面板本体（1）的背面设计第二插孔区域（4），再结合底盒（2）内部区域，使得取电工作设备连接第二插孔区域（4）中插孔工作，并置于底盒（2）内部区域，实现小体积独立取电工作设备的完美匹配，能够通过本发明所设计的高精度电机驱动式智能家居插座面板，有效提高小体积独立取电工作设备的工作效率，不影响其他人行走或是物品的摆放。
152. 106526909 PMVA产品磨纹强度稳定性的检测方法
CN
22.03.2017
G02F 1/13 Loading...
G02F 1/13
Loading...
201610864166.7
深圳市宇顺工业智能科技有限公司
袁鹏程
G02F 1/13
Loading...
本发明提供一种PMVA产品磨纹强度稳定性的检测方法。所述方法至少包括以下步骤：通过传送平台将PMVA半成品运送至磨纹轮所在位置的正下方；调节具有固定转速的磨纹轮的磨纹布绒毛，使绒毛在所述PMVA半成品表面上发生挤压，从而在所述PMVA半成品一表面形成由绒毛挤压产生的压痕；将具有所述压痕的表面朝向蒸汽，采用精密量具在所述PMVA半成品与压痕表面相对的无压痕表面测量所述压痕两端的宽度，根据所述压痕两端的宽度判断磨纹强度的稳定性。本发明以不同磨纹强度对应磨纹压痕，使得压痕的测试精准、简便，且根据不同磨纹强度对应产品陡度和按压恢复时间的关系，使得磨纹强度强弱判断精准、方便。
153. 106530488 存取纸币的处理方法及装置
CN
22.03.2017
G07D 11/00 Loading...
G07D 11/00
Loading...
201610816119.5
深圳怡化电脑股份有限公司
杜杨君
G07D 11/00
Loading...
本发明涉及纸币存取领域，提供了一种存取纸币的处理方法及装置，该方法包括：获取每种交易类型对应的纸币类型配置表和交易权限配置表，纸币类型配置表中包括了不同纸币类型所对应的纸币特征参数，交易权限配置表中指示了各纸币类型在该交易类型下的交易权限，交易权限包括允许交易和拒绝交易；调用与当前交易类型对应的纸币类型配置表和交易权限配置表；获取当前处理的纸币的纸币特征参数；根据纸币类型配置表和纸币特征参数，确定当前处理的纸币当前交易类型下对应的纸币类型；在纸币类型配置表中获取当前处理的纸币的交易权限。本发明达到在不升级系统的情况下快速响应需求的效果。
154. 106525325 一种差分信号增益可调的压力测量转换电路
CN
22.03.2017
G01L 19/00 Loading...
G01L 19/00
Loading...
102016001170743
山东金洲科瑞节能科技有限公司
李钢
G01L 19/00
Loading...
本发明公开了一种差分信号增益可调的压力测量转换电路，其特征是：包括电源电路、压力传感器P15和信号放大电路，所述电源电路包括电压基准电路和电压跟随电路，所述信号放大电路包括前级差分信号放大电路和后级放大电路，所述基准电路输出基准电压，所述基准电压经电压跟随电路给压力传感器P15供电，所述压力传感器P15采集到的压力信号依次经过前级差分信号放大电路和后级放大电路输出电压信号。与现有技术相比，本发明测量精度高，实用性强。
155. 106530816 一种停车场车位指示系统
CN
22.03.2017
G08G 1/14 Loading...
G08G 1/14
Loading...
201611181456.8
江苏金坛长荡湖新能源科技有限公司
吴建中
G08G 1/14
Loading...
本发明提供一种应用于停车场辅助设备技术领域的停车场车位指示系统，所述停车场设置多个停车位(1)，每个停车位(1)分别设置红外线感应器(2)，红外线感应器(2)与控制部件(3)连接，控制部件(3)与电机(4)连接，电机(4)通过连接线(5)与漂浮指示物(6)连接，漂浮指示物(6)设置为能够漂浮在空中的结构，本发明所述的停车场车位指示系统，结构简单，确保驾驶人员方便快捷寻找停车位，节约时间，避免驾驶员寻找车位走神而引发交通事故，确保驾驶安全，降低停车场改造成本。
156. 106530570 一种基于无人机的森林消防灭火系统
CN
22.03.2017
G08B 17/00 Loading...
G08B 17/00
Loading...
102016000960417
江苏金米智能科技有限责任公司
贡伟东
G08B 17/00
Loading...
本发明公开了一种基于无人机的森林消防灭火系统，属于智能消防技术领域。该系统包括设置在被监控林区内的烟雾检测模块、温度检测模块、风力检测模块、自动保护模块以及设置在119火警中心的远程监控终端、设置在无人机内的机载导航模块、火点定位模块和灭火弹发射控制模块，所述远程监控终端内设置有报警模块，所述自动保护模块包括检测器、计时器、串口开关和电平变换保护电路；所述计时器包括顺序连接的秒产生器、计数器和比较器。本发明可以利用无人机帮助消防灭火，精准高效，为快速控制森林火灾提供了新的方法。
157. 106512267 一种自主避障的智能消防车
CN
22.03.2017
A62C 27/00 Loading...
A62C 27/00
Loading...
201610968614.8
江苏金米智能科技有限责任公司
贡伟东
A62C 27/00
Loading...
本发明公开了一种自主避障的智能消防车，包括消防车本体以及安装在消防车本体上的行驶控制模块、信息采集模块、信息处理模块、寻火模块、泡沫剂箱、灭火头、摄像头、无线传输模块、控制器，控制器分别与行驶控制模块、信息采集模块、信息处理模块、寻火模块、灭火头、摄像头、无线传输模块连接，信息采集模块与信息处理模块连接，灭火头与泡沫剂箱连接。本发明是无人操作和预防火灾，利用摄像头高效快速的发现火源，并第一时间进行灭火并汇报主控制台。特别是在人无法靠近的危险火场中，可以发挥重要作用。
158. 106511103 一种白藜芦醇青春焕颜微晶蕾丝面膜及其制备方法
CN
22.03.2017
A61K 8/02 Loading...
A61K 8/02
Loading...
102016001092214
湖北硅金凝节能减排科技有限公司
王海波
A61K 8/02
Loading...
本发明公开了一种白藜芦醇青春焕颜微晶蕾丝面膜及其制备方法，该面膜包括依次贴合的防粘珠光膜纸层、天然植物多糖纤维高分子凝胶层和蕾丝布层；按重量百分比计，天然植物多糖纤维高分子凝胶层包括如下组份：1～10％白藜芦醇、1～10％皮肤修护剂、1～10％营养剂、1～5％增稠剂、1～15％保湿剂、0.01～5％红没药醇、0.01～1％EDTA二钠、0.01～1％尿囊素、0.01～2％防腐剂、70～94％水，其通过上述组份在一定条件下充分搅拌即得。本发明采用天然植物多糖纤维高分子凝胶层皮肤贴合性好，不易脱落，且透气性好、皮肤相容性佳，不易造成过敏，也有利于紧贴于皮肤的皱纹深处，进而提高敷面效果。
159. 106515648 基于拉力感应的车辆防侧翻系统的控制方法
CN
22.03.2017
B60R 21/13 Loading...
B60R 21/13
Loading...
201610953138.2
江苏金米智能科技有限责任公司
贡伟东
B60R 21/13
Loading...
本发明公开了一种基于拉力感应的车辆防侧翻系统的控制方法，在车辆两侧的车架和后桥之间分别设置第一弹簧和第二弹簧，并通过第一拉力传感器、第二拉力传感器测得第一弹簧、第二弹簧的拉力。工作时，根据第一弹簧、第二弹簧的拉力计算出形变后第一弹簧、第二弹簧的长度，即获得了车辆两侧车架和后桥之间的竖直距离，再集合车辆车架的宽度计算出车辆的倾斜角度和倾斜方向；最后根据车辆的倾斜角度和倾斜方向来控制车辆两侧的喷气模块来进行工作。本发明设计简单，使用方便，自动防止侧翻，使得车辆平稳，充分保护司机安全。
160. 106528155 一种验钞控制器的固件启动的系统、方法及装置
CN
22.03.2017
G06F 9/44 Loading...
G06F 9/44
Loading...
102016000991549
深圳怡化电脑股份有限公司
高锐
G06F 9/44
Loading...
本发明实施例公开了一种验钞控制器的固件启动的方法、装置及系统。该方法包括：从非易失存储器中读入所述第一DSP的固件信息，并通过所述第一DSP的通信接口将所述第一DSP的固件信息下载到所述第一DSP进行运行；从所述非易失存储器中读入所述第二DSP的固件信息，并通过所述第二DSP的通信接口将所述第二DSP的固件信息下载到所述第二DSP进行运行；从所述非易失存储器中读入所述FPGA的固件信息，并通过所述FPGA的通信接口将所述FPGA的固件信息下载到所述FPGA进行运行。从而减少元器件、减少电路板面积、减少功耗；简化工厂烧录方式；固件统一管理，简化升级方式，便于加密等处理。
161. 106530484 一种纸币鉴伪的方法及装置
CN
22.03.2017
G07D 7/20 Loading...
G07D 7/20
Loading...
102016001024252
深圳怡化电脑股份有限公司
周彦华
G07D 7/20
Loading...
本发明实施例公开了一种纸币鉴伪的方法及装置。该方法包括：获取待鉴伪纸币的红外透射图；在所述红外透射图中确定待检测区域；提取所述待检测区域的图像主结构，得到所述待检测区域的主结构图像；计算所述主结构图像的灰度共生矩阵；根据所述主结构图像的灰度共生矩阵特征与真币主结构图像的灰度共生矩阵特征之间的关系，确定待鉴伪纸币的鉴伪结果。本发明实施例通过采用提取待鉴伪纸币图像主结构，计算主结构图像的灰度共生矩阵，并利用灰度共生矩阵特征进行鉴伪的方法，解决了复杂防伪图案难以检测的问题，实现了简单快捷地获取防伪图案特征，使纸币鉴伪过程简单化。
162. 106525266 一种温度测量转换电路
CN
22.03.2017
G01K 7/21 Loading...
G01K 7/21
Loading...
102016001169647
山东金洲科瑞节能科技有限公司
李钢
G01K 7/21
Loading...
本发明公开了一种温度测量转换电路，其特征是：包括电压基准电路、电压跟随电路、温度传感器U7和电压放大电路，还包括温度传感器U7的电阻桥电路，所述电压基准电路连接电压跟随电路的输入端，温度传感器U7的电阻桥电路连接电压放大电路的输入端，所述电压跟随电路和电压放大电路的输出端连接单片机U3的ADC采集端。与现有技术相比，本发明单片机U3同时采集两个运算放大器U4A、U4B的输出，能够得到精确的温度值，可以有效减少因运算放大器供电电压波动、外部因素干扰等导致的ADC采集误差，提高了ADC的采集精度和稳定性。
163. 106530472 一种低功耗远程可视对讲的指纹锁及实现方法
CN
22.03.2017
G07C 9/00 Loading...
G07C 9/00
Loading...
102017000002441
湖南金典智能家居科技有限公司
杨波
G07C 9/00
Loading...
本发明公开了一种低功耗远程可视对讲的指纹锁及实现方法，包括智能锁体，该智能锁体安装于家中大门门锁上，所述智能锁体的信号接收端连接一个远程可视对讲系统，远程可视对讲系统与远程控制终端之间实现远程可视对讲；远程可视对讲系统包括一个可用于收集指纹用的显示屏，远程控制终端用于接收显示屏传输过来的指纹信号，并输出一个控制指令给智能锁体；智能锁体、远程可视对讲系统以及远程控制终端之间通过设置于远程可视对讲系统内的信号收发模块完成三者的信号传输令。本发明隐藏现有技术中的指纹收集模块，每次来访者的输入均会由用户手机进行记录，使得操作更加的安全，也防止其它一些非法输入指纹进入的情况发生，增加了安全性。
164. 106525267 一种总线型温度测量装置
CN
22.03.2017
G01K 7/21 Loading...
G01K 7/21
Loading...
102016001170744
山东金洲科瑞节能科技有限公司
李钢
G01K 7/21
Loading...
本发明公开了一种总线型温度测量装置，其特征是：包括电源模块、温度测量转换模块、控制模块和总线通信模块，所述电源模块为装置供电，所述温度测量转换模块和总线通信模块均连接所述控制模块，所述温度测量模块获取温度信号，将所述温度信号输出给控制模块，所述控制模块接收到所述温度信号，计算出相应的温度值，将所述温度值输出至通信模块。本发明进行温度测量的灵敏度高、精确度高。
165. 106510098 一种足部三维信息采集装置
CN
22.03.2017
A43D 1/02 Loading...
A43D 1/02
Loading...
102016001229073
广东工业大学
成思源
A43D 1/02
Loading...
本发明公开了一种足部三维信息采集装置，包括机架、透明支撑平台和U形臂移动平台，机架上设置有竖直导轨，U形臂移动平台能够在竖直驱动装置的带动下沿竖直导轨移动，透明支撑平台的底部设置有水平导轨，与水平导轨配合的设置有相机安装架，相机安装架能够在水平驱动装置的带动下沿水平导轨移动；相机安装架与U形臂移动平台上分别固定有用于三维扫描数据的相机模块。应用上述足部三维信息采集装置进行足部扫描，能够方便的进行足部信息采集，且U形臂移动装置竖直移动时对小腿等部位的信息均能够有效采集，使得足部数据更为全面。且通过U形臂移动平台上的相机模块与透明支撑平台下方的相机模块分别进行对应区域扫描获取足部数据，精度较高。
166. 106525318 一种总线型压力测量装置
CN
22.03.2017
G01L 9/04 Loading...
G01L 9/04
Loading...
102016001168218
山东金洲科瑞节能科技有限公司
李钢
G01L 9/04
Loading...
本发明公开了一种总线型压力测量装置，其特征是：包括电源模块、压力测量转换模块、控制模块和总线通信模块，所述电源模块为装置供电，所述压力测量转换模块和总线通信模块均连接所述控制模块；所述压力测量模块获取温度信号，将所述压力信号输出给控制模块，所述控制模块接收到所述压力信号，进行AD取样转化成数字信号，将所述数字信号输出至通信模块；与现有技术相比，本发明具有实用性强、精确度高等优点。
167. 106530485 图像边界获取方法及装置
CN
22.03.2017
G07D 7/20 Loading...
G07D 7/20
Loading...
201611030708.7
深圳怡化电脑股份有限公司
曹婧蕾
G07D 7/20
Loading...
本发明实施例公开了一种图像边界获取方法及装置。该方法包括：在验钞图像中，获取钞票图像各边界的像素点；根据所述像素点的坐标值，定位所述像素点中的噪声点；去除所述像素点中的噪声点；利用去除所述噪声点后的所述像素点，重新拟合出所述钞票图像的各边界。本发明实施例解决了目前图像边界获取方法存在的噪声像素点影响边界拟合准确性的问题，实现了提高图像边界获取的准确性的效果。
168. 106530526 一种钞箱舌片的定位方法和装置
CN
22.03.2017
G07F 19/00 Loading...
G07F 19/00
Loading...
201611043646.3
深圳怡化电脑股份有限公司
朱熙龙
G07F 19/00
Loading...
本发明公开一种钞箱舌片的定位方法和装置。所述定位方法包括：扇形片转动遮挡传感器产生传感器信号；所述传感器信号进入上升沿后，判断所述扇形片是否转动到目标位置，若是，发出电机停止信号；检测所述扇形片是否停止在预设位置范围内，是则舌片定位成功。本发明中，电机带动扇形片转动并遮挡传感器产生传感器信号，传感器信号进入上升沿后，当所述扇形片转动到目标位置，则发出电机停止信号，待电机停止转动后，验证扇形片是否停止在预设位置范围内，是则舌片定位成功。本发明根据扇形片与舌片同轴且同步转动的特性，只要能准确的对扇形片进行定位，就能准确的将钞箱的舌片定位，使舌片隐藏到设定位置，保证自动柜员机下一次业务的正常进行。
169. 206030612 一种新型生物质颗粒压块机
CN
22.03.2017
B30B 11/08 Loading...
B30B 11/08
Loading...
202016000509459
河南金邦新能源科技有限公司
李朝军
B30B 11/08
Loading...
本实用新型属于生物质料加工技术领域,具体的说是涉及一种新型生物质颗粒压块机,主要是为了提供一种新型的生物质颗粒压块机，提高整个生产装置的传动效率和传动稳定性能，提供了一种新型生物质颗粒压块机，包括机架本体，在机架本体上设置有传动电机，在传动电机的前方设置有减速器，在减速器的上方连接有偏心轴本体，在偏心轴本体的上部和下部分别设置有上密封盖和下密封盖，偏心轴本体上套接有滚动轴承，在滚动轴承的外部设置有辊芯体，在辊芯体的外表面上套接有辊皮，本新型设计的压块机不但提高了整个生产装置的传动效率和传动稳定性能，而且提高企业的生产效率，降低工人的劳动强度，提高企业的整体经济效益。
170. 104864617 一种平板太阳能集热器加强装置
CN
22.03.2017
F24J 2/46 Loading...
F24J 2/46
Loading...
102015000242354
高元运
朱三妹
F24J 2/46
Loading...
本发明属于太阳能技术领域，具体涉及一种平板太阳能集热器加强装置。该装置包括边框和加强插板，所述边框包括顶面、底面和侧面，所述顶面上设置有透明盖层，所述底面上粘接有背板；所述侧面的端部位置设有宽槽，所述底面的端部位置设有窄槽，所述加强插板的上部设有凸块，所述凸块插入所述宽槽，所述加强插板的下部垂直插入所述窄槽。本发明的有益效果为：整体材料消耗少，强度提高，成本降低，性价比较高；吸热板的平整度得到控制；保证平板密闭时，其强度能经受密闭平板所需进行的正压、浸水和IP66的强射水试验。
171. 106530463 一种智能火情逃生门禁系统
CN
22.03.2017
G07C 9/00 Loading...
G07C 9/00
Loading...
102016000945534
江苏金米智能科技有限责任公司
贡伟东
G07C 9/00
Loading...
本发明涉及一种智能火情逃生门禁系统，采用全新系统架构设计，将门禁系统与建筑总火情系统相联系，以火情信号作为门禁通行的触发信号，并结合设计在门本体两侧的烟感传感器和温度传感器，实时获知门两侧的实际环境情况，避免开启通向存在火情的通道，能够大大有效提高门禁系统在紧急火情下自动控制的安全性。
172. 106530481 一种检测纸币传输异常的方法及装置
CN
22.03.2017
G07D 7/20 Loading...
G07D 7/20
Loading...
102016000945849
深圳怡化电脑股份有限公司
陈其仁
G07D 7/20
Loading...
本发明实施例公开了一种检测纸币传输异常的方法及装置。该方法包括：获取待检测纸币在传输过程中的纸币扫描图像；确定所述纸币扫描图像的四个角点；根据所述四个角点的连线构成目标四边形；根据所述目标四边形的几何特性判断所述待检测纸币是否传输异常。本发明实施例通过分析待检测纸币在传输过程中的纸币扫描图像的四个角点构成的四边形的几何特性来判断纸币是否存在传输异常的问题，能够及时准确地发现纸币传输异常，有利于减少纸币识别所需的时间。
173. 106515639 基于双向扭矩调整的车辆防侧翻系统
CN
22.03.2017
B60R 21/01 Loading...
B60R 21/01
Loading...
201610955465.1
江苏金米智能科技有限责任公司
贡伟东
B60R 21/01
Loading...
本发明公开了一种基于双向扭矩调整的车辆防侧翻系统，包含气源模块、第一至第四喷气模块、第一至第四电磁阀、第一至第二弹簧、第一至第二拉力传感器和控制模块；第一至第四喷气模块分别通过第一至第四电磁阀与气源模块管道相连；第一至第四喷气模块均匀设置在车辆的两侧，且同侧的两个喷气模块的喷气方向相反；第一弹簧、第二弹簧分别竖直设置在车辆的两侧，一端和车辆的后桥固定相连，另一端分别通过第一拉力传感器、第二拉力传感器与车辆的车架固定相连；控制模块分别和第一拉力传感器、第二拉力传感器、以及第一至第四电磁阀相连。本发明结构简单，使用方便，自动防止侧翻，使得车辆平稳，充分保护司机安全。
174. 106510660 一种能够实时定位的社区老人健康智能监控系统
CN
22.03.2017
A61B 5/0205 Loading...
A61B 5/0205
Loading...
102016000960148
江苏金米智能科技有限责任公司
贡伟东
A61B 5/0205
Loading...
本发明公开了一种能够实时定位的社区老人健康智能监控系统，包含社区监控中心以及分别与其通过无线网连接的多个数据采集及传输终端，所述数据采集及传输终端包含体温采集单元、脉搏采集单元、血压采集单元、模数转换模块、放大电路模块、北斗定位模块、信号调制模块、信号解调模块、数据处理模块、无线通信模块和电源模块，对老年人的各项生理参数进行实时采集，以及对老年人的居住环境也进行实时检测，便于监护人员对老年人的生理和居住环境进行实时的监护；大幅度提高了老年人居住的安全性。
175. 106530520 一种自助业务打印方法及系统
CN
22.03.2017
G07F 17/42 Loading...
G07F 17/42
Loading...
102016000942170
深圳怡化电脑股份有限公司
谢卫平
G07F 17/42
Loading...
本发明属于业务办理技术领域，提供自助业务打印方法及系统，旨在解决现有的现有技术中由于一套业务打印系统对应一个自助终端，造成业务打印系统缺少打印材料的概率较大，维护工作量增加，使添加打印材料的维护成为制约人机交互机器开机率提高的最大瓶颈，同时也造成了业务打印系统资源的严重浪费的问题。相对于现有技术一套业务打印系统对应一个自助终端而言，本申请自助业务打印系统能获取到多台自助终端上办理的业务信息，如此在某个自助网点相对于自动终端的台数来说，业务打印系统的套数会大大减少，一方面减少了对业务打印系统添加打印材料进行维护的工作量，整体上提高人机交互机器的开机率，另一方面也减少打印系统资源的严重浪费。
176. 206027741 96通道自动移液器的控制装置
CN
22.03.2017
B01L 3/00 Loading...
B01L 3/00
Loading...
201620823937.3
苏州金锐启智能装备科技有限公司
李丰刚
B01L 3/00
Loading...
本实用新型提供一种96通道自动移液器的控制装置，本控制装置为固定在Z轴模组上的配电盘；所述配电盘包括：底板、与Z轴步进电机连接的Z轴电机驱动器、PLC控制器、与S轴步进电机连接的S轴步进驱动器、WIFI模块、称重模块、以及压力传感器；所述Z轴电机驱动器、S轴电机驱动器、称重模块、以及WIFI模块均固定在所述底板上且均与所述PLC控制器连接；所述压力传感器固定在所述底板上且与所述称重模块连接。本实用新型控制装置为设置在Z轴模块上的配电盘，通过配电盘上设有与步进电机连接的驱动器、降压模块、接线端子台、PLC控制器、WIFI模块、电源、称重模块、以及压力传感器，实现配电盘与外部ipod控制器71连接，达到控制整个96通道移液器的目的。
177. 106510936 带有体温检测预警系统的退热贴
CN
22.03.2017
A61F 7/02 Loading...
A61F 7/02
Loading...
102016001091271
湖北硅金凝节能减排科技有限公司
王海波
A61F 7/02
Loading...
本发明公开了一种带有体温检测预警系统的退热贴，其包括背衬层、凝胶层和防粘层，所述体温检测预警系统包括设置于凝胶层内的体温检测装置，以及与体温检测装置通信连接的信息反馈终端，其中，所述体温检测装置包括一温度传感器，所述温度传感器的温度感应端向凝胶层的贴覆面延伸，至温度感应端面与凝胶层的贴覆面平行设置；通过柔性电路与温度传感器电性连接、用于建立温度传感器与信息反馈终端之间的通信路径的第一通信模块。通过在退热贴凝胶层设置温度传感器，从而能够24小时检测婴幼儿的体温，且不会让婴幼儿感觉到异常，同时由通信路径将温度信息发送至用户的移动终端上，使用户能够实时查看婴幼儿的体温，防止意外出现。
178. 206040403 10kV环氧浇注干式变压器
CN
22.03.2017
H01F 27/32 Loading...
H01F 27/32
Loading...
202016000502233
江苏国能合金科技有限公司
董国军
H01F 27/32
Loading...
10kV环氧浇注干式变压器，包括多个硅钢片叠成的铁芯，所述铁芯同轴设置高压线圈和低压线圈；所述低压线圈位于高压线圈内侧，高压线圈和低压线圈间设置有绝缘筒，低压线圈与铁芯间设置有绝缘筒，所述绝缘筒由厚度大于1.5mm的复合聚脂薄膜板卷曲搭接而成，绝缘筒搭接端60mm范围内涂覆特种胶粘结。结构简单，便于制作，有效缩小风道距离及缩小整机体积，同时起到降低噪音\改善散热条件,特别是确保了试验工频耐压高对低\低对地放电产生。
179. 106530491 一种钞箱舌片定位方法及装置
CN
22.03.2017
G07D 11/00 Loading...
G07D 11/00
Loading...
102016000974301
深圳怡化电脑股份有限公司
朱熙龙
G07D 11/00
Loading...
本发明实施例公开了一种钞箱的舌片定位方法及装置，涉及机械结构的定位技术领域，其中，该方法包括：获取扇形片的第一边缘线经过检测器时的第一时间；基于舌片的转速以及所述扇形片的圆心角，确定从所述扇形片的第一边缘线到第二边缘线经过所述检测器时所用的时间；基于所述的第一时间以及所述所用的时间确定所述扇形片的第二边缘线经过所述检测器时的第二时间；当所述第二时间到达时，控制所述电机关闭以使所述舌片到达目标位置。通过本发明的技术方案，避免了由于检测器检测延迟而造成舌片超出目标位置，影响钞箱正常运行的情形，能够使舌片定位更加精确以确保钞箱正常工作。
180. 106515665 一种汽车雨刮
CN
22.03.2017
B60S 1/08 Loading...
B60S 1/08
Loading...
201610989068.6
江苏金坛绿能新能源科技有限公司
王宁
B60S 1/08
Loading...
本发明公开了一种汽车雨刮，包括雨刮片及连接所述雨刮片的雨刮摇臂，所述雨刮片包括与玻璃接触的雨刮薄片及连接所述雨刮摇臂的薄片支架，所述雨刮薄片包括位于两侧的第一雨刮薄片及位于中间的第二雨刮薄片，所述第一雨刮薄片由所述雨刮摇臂带动其实现横向摆动，所述第二雨刮薄片由驱动机构带动其沿所述雨刮摇臂长度方向伸缩运动。本发明汽车雨刮装置结构简单，投入的成本较少，其应用能够有效快速的清除附着在风挡上传统雨刮不能清理的杂质，提高工作效率，具有较好的应用前景。
181. 106530750 一种人行道交通灯自适应控制方法
CN
22.03.2017
G08G 1/07 Loading...
G08G 1/07
Loading...
201610953864.4
江苏金米智能科技有限责任公司
贡伟东
G08G 1/07
Loading...
本发明公开了一种人行道交通灯自适应控制方法，首先在交通灯处设置用于拍摄车行道上车辆状况的摄像装置，在人行道两端的等候区分别设置热释电传感器；然后，当人行道两端等候区中任一一个热释电传感器感应到有人时，获取摄像装置拍摄的照片，判断照片中预设的范围内是否存在车辆；如果不存在车辆，让行人通行；如果存在车辆，则待行人等候时间达到预设的第二时间阈值后让行人通行。本发明结构简单，使用方便，能够自适应跳转红绿灯的时间，使得行人通行效率更高的同时，不影响车辆的通行。
182. 106530571 一种智能消防系统
CN
22.03.2017
G08B 17/00 Loading...
G08B 17/00
Loading...
102016000966335
江苏金米智能科技有限责任公司
贡伟东
G08B 17/00
Loading...
本发明公开了一种智能消防系统，属于智能消防控制技术领域。该系统包括设置在被监测点的GPRS定位模块、烟雾检测模块、温度检测模块、图像采集模块、灭火器阀门控制器以及设置在119火警中心的远程监控终端和消防局内的消防车指引模块，该系统还包括自动保护模块，所述自动保护模块包括检测器、计时器、串口开关和电平变换保护电路，所述检测器包括顺序连接的始末位检测器、时钟产生器，锁存移位寄存器、8位比较器和预设寄存器。本发明可以对被监测点实施24小时监控，一旦出现火灾，及时报警，自动扑救，为消防车指引路线，为消防人员提供准确的火灾位置信息，最大限度减少人员伤亡和财产损失。
183. 106530483 一种纸币面向识别方法及装置
CN
22.03.2017
G07D 7/20 Loading...
G07D 7/20
Loading...
102016000990571
深圳怡化电脑股份有限公司
薛敏
G07D 7/20
Loading...
本发明公开了一种纸币面向识别方法及装置。所述方法包括：获取待测纸币预设特征区域的灰度图像；计算所述预设特征区域的灰度平均值；根据所述预设特征区域的灰度平均值确定所述预设特征区域中的目标像素点数量；根据所述预设特征区域中的目标像素点数量识别所述待测纸币的面向。通过采用上述技术方案，可实现待测纸币面向的识别，达到简化现有识别方法、提升纸币面向识别效率的效果。
184. 106533976 一种数据包处理方法及装置
CN
22.03.2017
H04L 12/861 Loading...
H04L 12/861
Loading...
102016000982732
深圳怡化电脑股份有限公司
张神洲
H04L 12/861
Loading...
本发明适用于通信技术领域，提供了一种数据包处理方法及装置。所述方法包括：获取原始数据包中的原始数据，并拆分为N段数据串，所述N为整数，N大于或等于1,将所述N段数据串按照先后顺序发送至缓冲器,在所述缓冲器接收到的数据串发送结束之后，再将下一段数据串发送至缓冲器。通过上述方法能够确保数据串有序发送完成，提高发送数据的准确性、完整性。
185. 104610916 一种稻麦秸秆活性炭粉增韧颗粒摩擦材料及其制作方法
CN
15.03.2017
C09K 3/14 Loading...
C09K 3/14
Loading...
102015000070266
江苏金麦穗新能源科技股份有限公司
熊万军
C09K 3/14
Loading...
本发明公开了一种稻麦秸秆活性炭粉增韧颗粒摩擦材料及其制作方法，所述稻麦秸秆活性炭粉增韧颗粒摩擦材料包括如下组分：稻麦秸秆活性炭颗粒48份，轮胎粉5份，滑石2份，石墨4份，硫铁矿粉1份，酚醛改性树脂2份，天然橡胶37份，防老化剂0.5份，硫磺0.5份。本发明制得的增韧颗粒摩擦材料可以增加刹车片等摩擦材料的韧性和摩擦系数，降低其生产成本，环保无污染，同时拓宽了稻麦秸秆的使用渠道。
186. 106499295 一种用于控制车辆关门声品质的控制装置
CN
15.03.2017
E05F 15/70 Loading...
E05F 15/70
Loading...
102016000970301
江苏金坛绿能新能源科技有限公司
吴建中
E05F 15/70
Loading...
本发明公开了一种用于控制车辆关门声品质的控制装置，其特征在于：所述的控制装置包括在汽车车门的前端设有接近开关传感器记录车门运动过程中的位置和速度，接近开关传感器将收集到的车门运动信号输入给ZigBee控制器B，ZigBee控制器B将关门信息传递给ZigBee控制器A，ZigBee控制器A接收到关门信息后，控制车身同一侧与车门连接的电机，电机与车门连接，控制关门时的速度。本发明利用能够提升整车关门声品质，提升整车性能；提高消费者的购买欲，增加车辆的竞争力；市场车辆中暂无此类的装置，装置的应用能提高车型以及厂家的知名度；同时本发明原理简单，投入较少，能获得较高的利润回报。
187. 106489821 一种智能家居滤波检测式鱼缸清洗器
CN
15.03.2017



102016000960296
江苏金米智能科技有限责任公司
贡伟东


本发明涉及一种智能家居滤波检测式鱼缸清洗器，针对现有鱼缸换水问题，采用全新结构设计，根据鱼缸内部高度，选择合适高度的支撑架（4）将所设计桶体（1）支撑起来，使得桶体（1）敞开口上所设置引水圈（3）的顶部与鱼缸中水面的高度相平齐，则在鱼缸中的水由引水圈（3）底边一周镂空结构流入桶体（1）的水流带动下，浮于水面的脏污会顺着水流流入桶体（1）中，并落入网袋（2）中进行收集，与此同时，基于水浸传感器（9）和具体所设计的滤波电路（14），根据水浸检测结果，针对所设计微型水泵（8）进行控制，在微型水泵（8）的工作下，将流入桶体（1）中的水再次抽离出桶体（1），并回归至鱼缸中，大大提高了鱼缸的清洁效率。
188. 106504408 一种识别人民币的方法及装置
CN
15.03.2017
G07D 7/20 Loading...
G07D 7/20
Loading...
102016000945426
深圳怡化电脑股份有限公司
陈其仁
G07D 7/20
Loading...
本发明实施例公开了一种识别人民币的方法及装置。该方法包括：获取正面正向的待检测纸币中包含阴阳图像特征的第一区域；获取反面正向的所述待检测纸币中包含阴阳图像特征的第二区域；对所述第一区域和所述第二区域进行二值化处理，并将二值化后的第一区域和第二区域进行拼接；采用预设模板对拼接后的区域进行匹配，并根据匹配结果确定所述待检测纸币是否为真钞或者假钞。从而结合1999和2005版100元的阴阳图案特征，对其进行版本与币值识别，大大提高了识别率；算法复杂度低，根据特征模板匹配的算法，时间效率高；根据阴阳图案特征数据自动分析二值化阈值，二值化效果好，不易受环境及噪声的干扰。
189. 106504341 自动售取票机及自动售取票系统和运行方法
CN
15.03.2017
G07B 1/00 Loading...
G07B 1/00
Loading...
102016000920890
广州广电运通金融电子股份有限公司
解永生
G07B 1/00
Loading...
本发明涉及一种自动售取票机，其包括一机器主体框架，一人机交互模块，一票处理模块，一控制模块以及一通信模块，其中该人机交互模块接受用户输入的取票指令并传送至该控制模块，该控制模块接收到该取票指令后将带有该自动售取票机身份标识的二维码通过人机交互模块提供给用户，该控制模块通过该通信模块获取网络中订单系统推送的该用户的订单信息，该人机交互模块获取用户确认出票的订单信息，并通过该控制模块将该确认出票的订单信息传送给该票处理模块，以完成出票。该自动售取票机在没有配置二维码识别模块的条件下实现了互联网下单和现场取票功能。
190. 106504407 一种处理纸币图像的方法及装置
CN
15.03.2017
G07D 7/20 Loading...
G07D 7/20
Loading...
102016000942453
深圳怡化电脑股份有限公司
曹婧蕾
G07D 7/20
Loading...
本发明实施例公开了一种处理纸币图像的方法及装置。该方法包括：获取待识别纸币的图像边界，并根据预设直线拟合算法获取所述图像边界的直线信息；根据所述直线信息获取四个交点坐标，并根据所述四个交点坐标获取所述待识别纸币的高度和宽度；定义旋转后的图像的起始坐标点，并根据预设偏移量算法计算偏移后的行偏移量、列偏移量和横轴偏移量；根据所述横轴偏移量和所述起始坐标点，确定处理所述待识别纸币图像后的起始坐标点；根据所述行偏移量、所述列偏移量和处理后的起始坐标点，确定处理所述待识别纸币图像后的目标坐标点。从而实现对原始图像坐旋转矫正几何处理，方便后期鉴伪算法开发；使用行列偏移量方式旋转降低旋转处理的时间复杂度。
191. 106504409 一种纸币磁性安全线的检测方法及装置
CN
15.03.2017
G07D 7/20 Loading...
G07D 7/20
Loading...
102016001021963
深圳怡化电脑股份有限公司
傅博扬
G07D 7/20
Loading...
本发明公开了一种纸币磁性安全线的检测方法及装置，该方法包括：获取纸币的红外透射图像；提取所述红外透射图像中磁性安全线区域的特征信息，所述特征信息包括所述磁性安全线区域的行特征值和列特征值；根据所述行特征值和列特征值的统计值与所述纸币的磁性安全线的阈值确定所述磁性安全线的坐标。基于上述方法及装置，能够保证识别与定位效果稳定，且误差小，耗时短。
192. 106504402 日志信息记录方法及装置
CN
15.03.2017
G07D 7/00 Loading...
G07D 7/00
Loading...
102016000980141
深圳怡化电脑股份有限公司
吴志江
G07D 7/00
Loading...
本发明实施例公开了一种日志信息记录方法及装置。该方法包括：根据日志缓存中已存日志信息的大小，将日志队列中的日志信息逐一存入日志缓存；根据验钞器的实时工作状态，读取并记录所述日志缓存中存储的日志信息至物理存储设备。本发明实施例解决了现有验钞器在验钞过程中，需要不断地对存储于物理存储设备中的日志文件进行读写操作，进而影响验钞实时性的问题，实现了避免验钞过程中，日志的记录影响验钞实时性的效果。
193. 106507042 一种用于消防监控的双余度遥控无人机
CN
15.03.2017
H04N 7/18 Loading...
H04N 7/18
Loading...
102016000952678
江苏金米智能科技有限责任公司
贡伟东
H04N 7/18
Loading...
本发明公开了一种用于消防监控的双余度遥控无人机，包括遥控接收机、遥控器、主控制器、从控制器、电子调速器、电机、遥控多旋翼无人机机体、螺旋桨、主GPS、从GPS、监测装置、无线传输模块。监测装置安装在固定翼无人机机体上，监测装置包括第一摄像头和第二摄像头，第一摄像头为用于采集红外图像信息的红外成像仪，第二摄像头为用于采集彩色图像信息的彩色摄像机，监测装置通过无线传输模块将红外图像信息和彩色图像信息发送至远程监控中心。
194. 106501600 一种应用于多通道交流数字电能表的计量电路
CN
15.03.2017
G01R 22/10 Loading...
G01R 22/10
Loading...
102016001160684
山东金洲科瑞节能科技有限公司
李钢
G01R 22/10
Loading...
本发明公开了一种应用于多通道交流数字电能表的计量电路，输入端与待测回路连接，输出端与主控芯片的数据输入端连接，控制端与主控芯片的片选端子连接，与电源模块连接，包括十二路电压采集单元、十二路电流采集单元和四片计量芯片，十二路电压采集单元采集十二路待测回路的电压信号，十二路电流采集单元采集十二路待测回路的电流信号，每一片计量芯片的输入端分别与三路电压采集单元的输出端和三路电流采集单元的输出端连接；克服了现有多回路电能表分时计量的弊端，大大提高了测量精度，有功达到0.1S，无功0.2S。
195. 106489820 一种智能全自动引水收集式家居鱼缸清洗器
CN
15.03.2017



102016000945777
江苏金米智能科技有限责任公司
贡伟东


本发明涉及一种智能全自动引水收集式家居鱼缸清洗器，通过所设计自动化支撑装置将所设计桶体（1）支撑起来，并依据水浸传感器（16）的水浸检测结果，使得桶体（1）敞开口上所设置引水圈（3）的顶部与鱼缸中水面的高度相平齐，则在鱼缸中的水由引水圈（3）底边一周镂空结构流入桶体（1）的水流带动下，浮于水面的脏污会顺着水流流入桶体（1）中，并落入网袋（2）中进行收集，同时，基于桶体（1）中所设计隔板（14），并结合设计位于隔板（14）上流水孔中的水流流速传感器（9），以水流流速检测结果为依据，针对所设计微型水泵（8）进行控制，将流入桶体（1）中的水再次抽离出桶体（1），并回归至鱼缸中，大大提高了鱼缸的清洁效率。
196. 106504406 一种识别纸币的方法及装置
CN
15.03.2017
G07D 7/20 Loading...
G07D 7/20
Loading...
102016000940109
深圳怡化电脑股份有限公司
曹婧蕾
G07D 7/20
Loading...
本发明实施例公开了一种识别纸币的方法及装置。该方法包括：判断所述矩形荧光区域大小是否符合预设大小阈值；对所述矩形荧光区域进行二值化处理，根据列投影特征分割每个矩形荧光区域；检测每个矩形荧光区域是否为矩形区域；在二值化图像上计算所述矩形荧光区域内的列投影，判断所述矩形荧光区域内部是否有断裂；若所述矩形荧光区域内部有断裂，确定所述待识别纸币为伪钞。从而采用直线检测方法判断矩形荧光形状特征；采用改进的Hough变换直线检测方法，降低了时间和空间复杂度，能更好的使用实时验钞系统；采用列投影方法判断矩形荧光特征是否有断裂；根据距离特征判断是否符合荧光特征大小和间隔大小特征。
197. 106504403 一种纸币鉴伪的方法及装置
CN
15.03.2017



102016001019383
深圳怡化电脑股份有限公司
曹婧蕾


本发明实施例公开了一种纸币鉴伪的方法及装置，该方法包括：获取待鉴伪纸币的红外反射图；在所述红外反射图中，根据所述待鉴伪纸币与对应的真币进行特征对比，确定所述待鉴伪纸币对应的预设目标区域；在所述预设目标区域中确定待检测字符区域；当所述待检测字符区域的特征属性满足预设条件时，判定所述待鉴伪纸币为假币。本发明实施例通过对目标区域中字符区域特征的检测，利用纸币待检测字符区域由于材质特性不同呈现的显示特征，实现了利用纸币图像中显示异常区域进行有针对性鉴伪，提高了鉴伪效率。
198. 106504456 一种基于太阳能供电的森林消防控制系统
CN
15.03.2017
G08B 17/00 Loading...
G08B 17/00
Loading...
102016000962962
江苏金米智能科技有限责任公司
贡伟东
G08B 17/00
Loading...
本发明公开了一种基于太阳能供电的森林消防控制系统，属于智能消防技术领域。该系统包括设置在被监控林区内的烟雾检测模块、温度检测模块、风力检测模块、自动保护模块以及设置在林场工作站的远程监控终端和为各模块供电的供电模块，所述自动保护模块包括检测器、计时器、串口开关和电平变换保护电路；所述计时器包括顺序连接的秒产生器、计数器和比较器。本发明可以对森林进行实时监控，一旦出现火灾，就能被及时发现，在最短时间内通知消防人员采取救援措施，有效地将森林火灾损失控制在最小范围内。
199. 106504342 一种链式发票售卖机
CN
15.03.2017
G07B 3/00 Loading...
G07B 3/00
Loading...
102016001021950
深圳怡化电脑股份有限公司
赵玉民
G07B 3/00
Loading...
本发明涉及发票售卖装置技术领域，尤其涉及一种链式发票售卖机。本发明提供一种发票售卖机，包括箱体，所述箱体内设置有出票机构，箱体上对应所述出票机构设置有出票口，出票机构包括输出整叠发票的整叠出票机构，以及输出单张发票的单张出票机构；所述整叠出票机构包括放置若干整叠发票的票架，以及将整叠发票的由票架输送至出票口的整叠输出机构，所述票架上还设置有将整叠发票推送到整叠输出机构上的水平推送机构；所述单张出票机构包括用于放置发票的票箱，将单张发票依次从票箱输送到出票口的单张输送机构，记录发票信息的扫描机构，以及将发票链切断的切纸机构。本发明即能够实现任意数量的发票售卖，又能够在较短的时间内完成发票输出动作。
200. 106499591 塔筒及其钢筋笼
CN
15.03.2017



102016000883104
霍尔果斯新国金新能源科技有限公司
郑家宁


本发明公开了一种塔筒及其钢筋笼，钢筋笼包括：第一横向钢筋，第一横向钢筋沿横向方向延伸且呈弧形；第一纵向钢筋，第一纵向钢筋沿纵向方向延伸，第一纵向钢筋包括多个且沿第一横向钢筋的长度方向间隔设置；第二纵向钢筋，第二纵向钢筋沿纵向方向延伸，第二纵向钢筋包括多个，多个第二纵向钢筋与多个第一纵向钢筋一一对应且位于其的径向外侧；第二横向钢筋，第二横向钢筋包括多个且沿纵向方向间隔设置，第二横向钢筋呈弧形。钢筋笼采用HRB500级钢筋，钢筋的应力范围在150‑300MPa之间，应力幅为150MPa，循环次数为200万次。根据本发明实施例的钢筋笼结构稳定，强度大，可以提高塔筒的结构强度以及抗变形能力。另外，可提高抗疲劳强度，提升结构品质。

