1. 105146884 一种箱包的生产工艺
CN
25.01.2017
A45C 5/04 Loading...
A45C 5/04
Loading...
102015000616965
浙江银座箱包有限公司
徐河
A45C 5/04
Loading...
本发明公开了一种箱包的生产工艺，本发明通过对生产过程中温度、时间的控制，有效缩短了发明工序，通过对不同材料（PC原料、ABS原料）单独进行螺杆基础，挤出机之后对制得的板材在磨头内进行覆面贴合，制得成品板材，成品板材至上而下依次为PC层、ABS层、PC层，由于内外两侧的结构均为PC，与现有技术的贴合一层PC膜或者ABS层相比，具有较好的抗冲击性能，在外侧受撞击后的位置可以恢复原状，避免留下白痕对箱包美观度产生影响，同时所占比例较高的中间层为ABS，与PC相比克服了其流动特性较差，注塑过程困难的技术问题，该工艺流程工序简单，且生产所得的箱包兼具ABS和PC材质的优质特性，在保证结构强度和抗冲击性能的同时解决了生产工艺中的注塑难点。
2. 205496489 一种箱包铝框的打铆镶嵌设备
CN
24.08.2016
B21J 15/38 Loading...
B21J 15/38
Loading...
201620143801.8
浙江银座箱包有限公司
徐河
B21J 15/38
Loading...
本实用新型公开了一种箱包铝框的打铆镶嵌设备，包括打铆镶嵌机，还包括上支架和下支架，打铆镶嵌机连接于上支架下表面，在打铆镶嵌机的两侧设置向下有两根定位杆，定位杆的顶端设置有橡胶垫，还包括带动上支架上下左右移动的传动机构，所述传动机构连接上支架。本实用新型的有益效果为：通过增加的定位杆，用于固定住打铆镶嵌机与铝框之间的位置，使得打铆镶嵌机在打铆时，铝框不会发生位移，同时增加的托板，进一步支撑住铝框，防止打铆镶嵌机在打孔时，不会对铝框造成损害。
3. 205497623 一种箱包组装的打孔辅助装置
CN
24.08.2016
B26D 7/01 Loading...
B26D 7/01
Loading...
202016000146188
浙江银座箱包有限公司
徐河
B26D 7/01
Loading...
本实用新型公开了一种箱包组装的打孔辅助装置，包括打孔机，还包括上支架和下支架，打孔机连接于上支架下表面，在打孔机的两侧设置向下有两根定位杆，定位杆的顶端设置有橡胶垫。本实用新型的有益效果为：通过增加的定位杆，用于固定住打孔机与箱体之间的位置，使得打孔机在打孔时，箱体不会发生位移，同时增加的托板，进一步支撑住箱体，防止打孔机在打孔时，不会对箱体造成损害。
4. 205390639 一种防水旅行箱包
CN
27.07.2016
A45C 5/04 Loading...
A45C 5/04
Loading...
202016000142777
浙江银座箱包有限公司
徐河
A45C 5/04
Loading...
本实用新型公开了一种防水旅行箱包，包括上箱体和下箱体，上箱体与下箱体的一侧通过铰链连接，并且上箱体与下箱体的边缘通过拉链连接，拉链的外侧设置有一圈防水密封条，防水密封条通过两侧的胶带粘连在上箱体和下箱体的外表面上。本实用新型的有益效果为：通过在拉链外侧增加的防水密封条，可以彻底杜绝箱体内渗水的情况。
5. 205390640 一种高强度的箱包
CN
27.07.2016
A45C 5/04 Loading...
A45C 5/04
Loading...
202016000142856
浙江银座箱包有限公司
徐河
A45C 5/04
Loading...
本实用新型公开了一种高强度的箱包，包括矩形体的上箱体和下箱体，上箱体与下箱体的一侧通过铰链连接，并且上箱体与下箱体的边缘通过拉链连接，上箱体和下箱体的内表面均设置有铝制加强框体，上箱体和下箱体为PP材料箱体。本实用新型的有益效果为：通过增加的箱体内表面的铝制加强框体和加强版，大大的增强的箱体的强度，同时由于铝制材料的特性，使得重量在可控制的范围内。
6. 205390643 一种ABS热塑压纹拉杆箱
CN
27.07.2016
A45C 5/04 Loading...
A45C 5/04
Loading...
201620146214.4
浙江银座箱包有限公司
徐河
A45C 5/04
Loading...
本实用新型公开了一种ABS热塑压纹拉杆箱，包括上箱体和下箱体，上箱体与下箱体的一侧通过铰链连接，并且上箱体与下箱体的边缘通过拉链连接，下箱体内设置有放置腔，放置腔两端的内表面上均设置有互相对应的卡槽，还包括隔断板，隔断板的两端插入相对应的两个卡槽中，上箱体和下箱体为ABS箱体，上箱体的外表面设置有热塑压纹。本实用新型的有益效果为：通过在箱包内增加卡槽和隔断板，能够自由的将箱包内隔断成需要的空间，便于使用者分类放置物品，同时箱体使用的是ABS箱体，提高了箱体防磨能力。
7. 205390636 一种设有防刮铝框的拉杆箱
CN
27.07.2016
A45C 5/00 Loading...
A45C 5/00
Loading...
202016000142862
浙江银座箱包有限公司
徐河
A45C 5/00
Loading...
本实用新型公开了一种设有防刮铝框的拉杆箱，包括上箱体和下箱体，上箱体与下箱体的一侧通过铰链连接，并且上箱体与下箱体的边缘通过拉链连接，上箱体和下箱体的外表面均包括一个正面和四个侧面，上箱体和下箱体的一个正面和四个侧面上分别设置有至少两根以上的防刮铝柱。本实用新型的有益效果为：通过增加的箱体外表面的防刮铝柱，使得箱体在接触到其他平面时箱体外表面不被剐蹭，极大的保护了箱体的外观。
8. 205390642 一种塑料合金耐磨抗震的旅行箱
CN
27.07.2016
A45C 5/04 Loading...
A45C 5/04
Loading...
202016000144143
浙江银座箱包有限公司
徐河
A45C 5/04
Loading...
本实用新型公开了一种塑料合金耐磨抗震的旅行箱，包括上箱体和下箱体，上箱体和下箱体的一侧通过铰链连接，并且上箱体与下箱体的边缘通过拉链连接，下箱体内设置有设置有用于防止易碎物品的泡沫塑料放置格，还包括覆盖在下箱体上的挡板，挡板的四周通过卡扣与下箱体的外边缘四周连接。本实用新型的有益效果为：能够方便的将易碎品放入到旅行箱中，并且固定的位置准备，能够有效起到抗震的效果。
9. 205390641 一种新型箱包
CN
27.07.2016
A45C 5/04 Loading...
A45C 5/04
Loading...
202016000142912
浙江银座箱包有限公司
徐河
A45C 5/04
Loading...
本实用新型公开了一种新型箱包，包括上箱体和下箱体，上箱体与下箱体的一侧通过铰链连接，并且上箱体与下箱体的边缘通过拉链连接，下箱体内设置有放置腔，放置腔两端的内表面上均设置有互相对应的卡槽，还包括隔断板，隔断板的两端插入相对应的两个卡槽中，卡槽两侧设置有卡柱，卡柱上设置有卡孔，隔断板上设置有卡扣，卡扣卡入卡孔中，同时上箱体与下箱体为ABS箱体。本实用新型的有益效果为：通过在箱包内增加卡槽和隔断板，能够自由的将箱包内隔断成需要的空间，便于使用者分类放置物品。
10. 205392643 一种边料粉碎回收装置
CN
27.07.2016
B02C 18/06 Loading...
B02C 18/06
Loading...
202016000142914
浙江银座箱包有限公司
徐河
B02C 18/06
Loading...
本实用新型公开了一种边料粉碎回收装置，包括底座和倾斜设置于底座上的筒体，筒体内设置有用于对塑料进行粉碎的粉碎辊和带动粉碎辊转动的电机，粉碎辊包括辊体，辊体的外表面上设置有至少两个以上的安装孔，所述安装孔内设置有刀体，刀体的尾部设置有挡板，刀体上设置有用于将刀体固定在安装孔中的卡扣。本实用新型的有益效果为：通过将刀体设置为可调节长度，使得可以根据粉碎不同塑料的时候，调节不同长度的刀体来满足需求。
11. 205395155 一种塑料合金表面压膜设备
CN
27.07.2016
B29C 65/56 Loading...
B29C 65/56
Loading...
202016000143387
浙江银座箱包有限公司
徐河
B29C 65/56
Loading...
本实用新型公开了一种塑料合金表面压膜设备，包括上压板和下压板，下压板的下方设置有底座，上压板的上方设置有带动上压板横向移动的传动机构，其特征在于，上压板为梯形板，梯形板包括一条短横向边、一条长横向边和两条斜边，短横向边朝向传动机构带动上压板移动的方向。本实用新型的有益效果为：通过将上压板设置为梯形形状，使得在压膜的过程中，受力的面积是逐步增大，有效的减少的气泡的产生。
12. 205390637 一种内设有高精度铝框的箱包
CN
27.07.2016
A45C 5/00 Loading...
A45C 5/00
Loading...
201620147782.6
浙江银座箱包有限公司
徐河
A45C 5/00
Loading...
本实用新型公开了一种内设有高精度铝框的箱包，包括矩形体的上箱体和下箱体，上箱体与下箱体的一侧通过铰链连接，并且上箱体与下箱体的边缘通过拉链连接，上箱体和下箱体的内表面均设置有铝制加强框体。本实用新型的有益效果为：通过增加的箱体内表面的铝制加强框体和加强版，大大的增强的箱体的强度，同时由于铝制材料的特性，使得重量在可控制的范围内。
13. 205390635 一种更换表面外壳的箱包
CN
27.07.2016
A45C 5/00 Loading...
A45C 5/00
Loading...
202016000142637
浙江银座箱包有限公司
徐河
A45C 5/00
Loading...
本实用新型公开了一种更换表面外壳的箱包，包括上箱体和下箱体，上箱体与下箱体的一侧通过铰链连接，并且上箱体与下箱体的边缘通过拉链连接，上箱体和下箱体的外表面还包括有可拆卸外壳，可拆卸外壳的边缘设置有卡扣，上箱体和下箱体的外表面设置有与卡扣相对应的卡槽，卡扣卡入卡槽中。本实用新型的有益效果为：在箱体表面设置有一层可拆卸更换的外壳，用户可以再不更换箱体的情况下，只需要更换外壳便可以达到使用不同图案的箱包。
14. 205395062 一种箱包的注塑设备
CN
27.07.2016
B29C 45/78 Loading...
B29C 45/78
Loading...
202016000144202
浙江银座箱包有限公司
徐河
B29C 45/78
Loading...
本实用新型公开了一种箱包的注塑设备，包括腔体，腔体的一端设置有进料口，腔体的另一端设置有注射喷嘴，腔体内设置有推送机构，腔体外设置有至少两个以上的加热装置，腔体内还设置有温度感应器，还包括中央控制模块，中央控制模块分别连接加热装置和温度感应器。本实用新型的有益效果为：通过在腔体外表面增加多个加热装置，使得热塑材料在融化后经过腔体时不会遇冷融化，同时增加了中央控制模块和温度感应器，能够自动感应腔体内温度，并适当调整温度高度。
15. 205395139 一种箱包表面的热塑压花装置
CN
27.07.2016
B29C 59/04 Loading...
B29C 59/04
Loading...
201620143667.1
浙江银座箱包有限公司
徐河
B29C 59/04
Loading...
本实用新型公开了一种箱包表面的热塑压花装置，包括用于对箱包表面进行压印的压印辊和用于对箱包起辅助引导作用的导向辊，压印辊设置于导向辊的上方，压印辊包括辊体和设置于辊体外可拆卸的压印卷，辊体外设置有凸起，压印卷内表面设置有与凸起相对应的凹槽，凸起设置于凹槽内。本实用新型的有益效果为：能够任意的更换压印辊的压印卷，从而压印出不同花纹，极大的降低了成本。
16. 205386917 一种箱包盖体的挤铸模具
CN
20.07.2016
B29C 47/12 Loading...
B29C 47/12
Loading...
201620144147.2
浙江银座箱包有限公司
徐河
B29C 47/12
Loading...
本实用新型公开了一种箱包盖体的挤铸模具，包括上模板和下模板以及位于所述上模板和下模板之间的模框，还包括设置于上模板和模框之间的上隔热板和上模芯板，上隔热板设置于上模芯板的上方，还包括设置于下模板和模框之间的下隔热板和下模芯板，下隔热板设置于下模芯板的下方，上模芯板和下模芯板的一侧均设置有冷却通道，上模芯板和下模芯板的另一侧均设置有加热通道，冷却通道的数量等于加热通道的数量，并且相邻冷却通道和相邻加热通道之间的间隔距离相同，还包括贯穿上模板和下模板的定位孔，定位孔中设置有定位柱。由于带有隔热板，使得该挤出模具通过发热管加热后，热量可以更长时间的保持来维持待挤出板材的塑化，达到了节能省电的效果。
17. 205379949 一种箱包边角料回收装置
CN
13.07.2016
B02C 18/28 Loading...
B02C 18/28
Loading...
201620146215.9
浙江银座箱包有限公司
徐河
B02C 18/28
Loading...
本实用新型公开了一种箱包边角料回收装置，包括底座和倾斜设置于底座上的筒体，筒体内设置有用于对塑料进行粉碎的粉碎辊和带动粉碎辊转动的电机，粉碎辊包括辊体，辊体的外表面上设置有至少两个以上的安装孔，安装孔内设置有刀体，刀体的尾部设置有挡板，刀体上设置有用于将刀体固定在安装孔中的卡扣，还包括电控装置，电控装置连接电机。本实用新型的有益效果为：通过将刀体设置为可调节长度，使得可以根据粉碎不同塑料的时候，调节不同长度的刀体来满足需求，同时增加了电控装置，可以由电脑来进行自动控制工作运转。
18. 205380855 一种箱包外壳的挤铸模具
CN
13.07.2016
B29C 47/14 Loading...
B29C 47/14
Loading...
201620141848.0
浙江银座箱包有限公司
徐河
B29C 47/14
Loading...
本实用新型公开了一种箱包外壳的挤铸模具，包括上模板和下模板以及位于所述上模板和下模板之间的模框，还包括设置于上模板和模框之间的上隔热板和上模芯板，上隔热板设置于上模芯板的上方，还包括设置于下模板和模框之间的下隔热板和下模芯板，下隔热板设置于下摸芯板的下方，上模芯板和下模芯板的一侧均设置有冷却通道，上模芯板和下模芯板的另一侧均设置有加热通道，冷却通道的数量等于加热通道的数量，并且相邻冷却通道和相邻加热通道之间的间隔距离相同。本实用新型的有益效果为：由于带有隔热板，使得该挤出模具通过发热管加热后，热量可以更长时间的保持来维持待挤出板材的塑化，达到了节能省电的效果。
19. 105538637 一种箱包的生产工艺
CN
04.05.2016
B29C 45/78 Loading...
B29C 45/78
Loading...
201510938629.5
浙江银座箱包有限公司
徐河
B29C 45/78
Loading...
本发明公开了一种箱包的生产工艺，本发明通过采用ABS和PC的混合原料，在保证结构强度和抗冲击性能的同时解决了生产工艺中的注塑难点，在工艺流程内增加针对于模具的温控装置，在原料进入模具成型腔之前对模具成型腔周壁的温度进行控制，使最先的原料在进入模具成型腔之后保持一段时间的熔融状态，直至所有的原料都进入模具成型腔之后，再进行冷却成型，消除了最先进入模具和最后进入模具的原料之间时间差而导致的箱包厚度不均匀的情况，保持冷却的时间一致，有利于降低箱包注塑的废品率，更好的控制生产成本。
20. 205162234 一种带有防护结构的行李箱
CN
20.04.2016
A45C 13/36 Loading...
A45C 13/36
Loading...
201520727624.3
浙江银座箱包有限公司
徐河
A45C 13/36
Loading...
本实用新型公开了一种带有防护结构的行李箱，包括箱体，所述箱体包括箱底，所述箱底上设有滚轮，所述箱体上设有防护条，所述防护条位于箱体靠近箱底位置，所述防护条与箱体外表面可拆卸固定连接，防护条的设置能够起到一定的保护作用，并且将防护条设置在箱体靠近箱底的位置，能够使得行李箱在托运的时候，地面上的石头在磕碰到箱体的时候，可以由防护条进行防护，从而不会使得石头能够直接磕到箱体，而将硬质的塑料进行保护，不会磕破，而可拆卸固定连接可以在防护条被磕坏之后能够进行更换。
21. 205006158 一种旅行箱包
CN
03.02.2016
A45C 5/04 Loading...
A45C 5/04
Loading...
201520737904.2
浙江银座箱包有限公司
徐河
A45C 5/04
Loading...
本实用新型公开了一种旅行箱包，包括箱体，设于箱体上的箱盖、固定于箱体背部的拉杆和设于箱体下的滚轮，箱体与箱盖一侧铰接，另一侧设置有锁扣机构，所述锁扣机构包括位于箱体上的密码锁和与密码锁相配合的位于箱盖上的卡扣，所述箱体上设有用于放置密码锁的第一凹陷部，箱盖上设有用于放置卡扣的第二凹陷部，所述第一、第二凹陷部内均嵌设有保护框，与现有技术相比，在第一、第二凹陷部内嵌设保护框，当箱包侧面受力时，将冲击力最终传导至保护框处，有利于提高凹陷部位置的结构强度，同时由于锁存在的位置需要经常开启关闭，该位置被破坏之后可以直接更换保护框，避免整个箱包无法使用的情况，提高使用的灵活性。
22. 205006152 一种行李箱
CN
03.02.2016
A45C 5/00 Loading...
A45C 5/00
Loading...
201520741744.9
浙江银座箱包有限公司
徐河
A45C 5/00
Loading...
本实用新型公开了一种行李箱，其技术方案要点是一种行李箱，包括箱体以及与箱体铰接的箱盖，所述箱体上安装有用于与箱盖之间锁定的海关锁，所述箱体与箱盖之间还安装有限位锁定装置，所述限位锁定装置位于海关锁与箱盖之间。本实用新型的一种行李箱锁合密封性高，不容易被意外打开，结构设计合理，方便实用。
23. 205006204 一种拉杆箱包
CN
03.02.2016
A45C 13/36 Loading...
A45C 13/36
Loading...
201520741745.3
浙江银座箱包有限公司
徐河
A45C 13/36
Loading...
本实用新型公开了一种拉杆箱包，包括箱体，设于箱体上的箱盖、固定于箱体背部的拉杆和设于箱体下的滚轮，所述箱体正面和箱盖背面均设有凹槽，所述凹槽内嵌设有护边，所述凹槽位于箱体正面和箱盖背面的侧边处，所述护边所在平面高度高于箱包表面。在箱体正面和箱盖背面均设有凹槽，在凹槽内嵌设护边，凹槽不仅仅能够起到放置护边的作用，凹槽的侧壁还能起到加强箱包结构强度的作用，其结构简单，安装方便，护边高度高于箱包的平面高度，能够在平时起到保护防碰撞，保证箱包边角摩擦不受破损，增加箱包的使用寿命，同时对于箱包横放或者水平放置时的情况下起到支撑垫的作用，在做到完全防护的同时增加使用的灵活性。
24. 204969889 一种行李箱
CN
20.01.2016
A45C 5/00 Loading...
A45C 5/00
Loading...
201520726768.7
浙江银座箱包有限公司
徐河
A45C 5/00
Loading...
本实用新型公开了一种行李箱，包括上箱体和下箱体，所述上箱体一侧与下箱体铰接，所述上箱体与下箱体与铰接边相对的一边上设有连接扣，所述上箱体与下箱体铰接边相邻边上设有稳定结构，所述稳定结构包括固定片和限制槽，所述固定片与上箱体连接，所述限制槽设置在下箱体上，所述固定片与限制槽配合，在上箱体与下箱体铰接边的相邻边上设置稳定结构，能够通过稳定结构使得上箱体与下箱体能够轻易的进行对准合并，并不会出现不能够完全合并的情况，通过一个固定片和限制槽能够在合并的时候将上箱体和下箱体的位置进行稳定，从而能够有效的将上箱体和下箱体进行引导封闭，解决了封闭不严实、不牢靠的问题。
25. 204969890 一种箱包
CN
20.01.2016
A45C 5/00 Loading...
A45C 5/00
Loading...
201520729069.8
浙江银座箱包有限公司
徐河
A45C 5/00
Loading...
本实用新型公开了一种箱包，包括上箱体和下箱体，上箱体与下箱体一侧铰接设置，而另外一侧采用锁定结构进行锁定，锁定结构包括设置在上箱体上的锁定主件和设置在下箱体的锁定辅件，锁定主件成块状，而在上箱体上设置有第一凹陷部，将锁定主件设置在第一凹陷部内，同时，在下箱体上设置于第一凹陷部匹配的第二凹陷部，并且将锁定辅件设置在第二凹陷部内，这样，在锁定主件与锁定辅件进行配合锁定之后，锁定结构由于第一凹陷部和第二凹陷部的存在会下沉，从而锁定结构不会轻易被磕碰到，一定程度上保证了锁定结构的使用寿命，另外在箱包进行存放的时候也会因为锁定结构设置在第一凹陷部和第二凹陷部之内而减小其占用空间，使得箱包存放更加方便。
26. 204969944 一种带有护角的行李箱
CN
20.01.2016
A45C 13/36 Loading...
A45C 13/36
Loading...
201520728007.5
浙江银座箱包有限公司
徐河
A45C 13/36
Loading...
本实用新型公开了一种带有护角的行李箱，这种行李箱能够对增强其边角位置的防护性能，能够有效的防止行李箱轻易损坏，在箱体的箱角位置设置凹陷部，并且在凹陷部内设置护角，这样的设置，一方面使得护角能够对箱体的箱角进行防护，使得箱角在磕破的时候不会轻易破损，达到保护箱角的目的，另一方面，设置凹陷部能够使得护角不会突出在箱体上，这样不会影响箱体的整体的美观度。
27. 204969895 一种旅行箱
CN
20.01.2016
A45C 5/04 Loading...
A45C 5/04
Loading...
201520727919.0
浙江银座箱包有限公司
徐河
A45C 5/04
Loading...
本实用新型公开了一种旅行箱，包括上箱体和下箱体，上箱体与下箱体一侧铰接设置，上箱体表面上设有第一凹槽，第一凹槽内嵌设有加固条，通过设置一个第一凹槽，并且在第一凹槽内设置加固条能够使得标签可以通过加固条进行设置，从而可以使得标签不影响旅行箱整体的美观和强度，并且，将加固条采用螺栓螺母固定在上箱体上，这种设置加强了上箱体的结构强度，加强了上箱体表面的承受力，从而在上箱体受压的时候，不会轻易破损，而且采用螺纹进行紧固，能够将加固条与上箱体进行连接，而且，在加固条损坏时，可以将加固条进行更换，而不会将整个箱体损坏，也不会损坏箱体整体的美观度。
28. 105146884 一种箱包的生产工艺
CN
16.12.2015
A45C 5/04 Loading...
A45C 5/04
Loading...
201510616965.8
浙江银座箱包有限公司
徐河
A45C 5/04
Loading...
本发明公开了一种箱包的生产工艺，本发明通过对生产过程中温度、时间的控制，有效缩短了发明工序，通过对不同材料（PC原料、ABS原料）单独进行螺杆基础，挤出机之后对制得的板材在磨头内进行覆面贴合，制得成品板材，成品板材至上而下依次为PC层、ABS层、PC层，由于内外两侧的结构均为PC，与现有技术的贴合一层PC膜或者ABS层相比，具有较好的抗冲击性能，在外侧受撞击后的位置可以恢复原状，避免留下白痕对箱包美观度产生影响，同时所占比例较高的中间层为ABS，与PC相比克服了其流动特性较差，注塑过程困难的技术问题，该工艺流程工序简单，且生产所得的箱包兼具ABS和PC材质的优质特性，在保证结构强度和抗冲击性能的同时解决了生产工艺中的注塑难点。
29. 204015395 一种旅行箱
CN
17.12.2014
A45C 5/04 Loading...
A45C 5/04
Loading...
201420293193.X
浙江银座箱包有限公司
徐河
A45C 5/04
Loading...
本实用新型提出了一种旅行箱，包括箱体，所述箱体的侧壁上设置有镂空层，所述镂空层与所述箱体一体成型，所述镂空层设置有若干层且每层镂空层的高度不一致；所述镂空层的表面上设有连接件。本旅行箱结构简单，耐压性能高，严密性好、内部物品不易掉出；能更好的区分放置物品。
30. 203427686 一种内后视镜及汽车
CN
12.02.2014
B60R 1/04 Loading...
B60R 1/04
Loading...
201320531053.7
山东银座海亚科技有限公司
王钊
B60R 1/04
Loading...
本实用新型公开了一种内后视镜，包括镜体和安装座，安装座的顶部具有与挡风玻璃配合的安装面，安装座的下部具有连接轴，镜体后侧具有与连接轴配合的连接轴座，连接轴座与连接轴为球铰。安装座的安装面粘贴在挡风玻璃上，安装座的连接轴与镜体后侧的连接轴座配合，将内后视镜安装在挡风玻璃上，连接轴座与连接轴为球铰，内后视镜能够绕球铰的公共球心转动，驾驶员可以根据需要调整内后视镜的方向，与现有技术相比，镜体与安装座的连接为球铰，安装方便可靠，且便于加工，降低了加工难度，对材质没有特殊要求，降低了成本。本实用新型还公开了一种具有上述内后视镜的汽车。
31. 203399767 拉杆箱
CN
22.01.2014
A45C 5/04 Loading...
A45C 5/04
Loading...
201320467693.6
浙江银座箱包有限公司
徐河
A45C 5/04
Loading...
本实用新型涉及拉杆箱，包括箱体、固定在箱体背部侧面上的拉杆、固定在箱体底端的滚轮，所述箱体的正面侧壁上固定有一层防撞板，所述箱体的背部侧壁上固定有一层EVA保护板，所述防撞板的外侧为ABS层，所述防撞板的内侧为PC层，所述ABS层与PC层的厚度比为2：3～1：1；本实用新型的优点：通过ABS层与PC层经过合理的配比制成防撞板固定在箱体的正面侧壁上，将EVA保护板固定在箱体的背部侧壁上，由于ABS与PC均具有较高的冲击强度、耐磨性能，EVA具有良好的耐水性和抗冲击性，避免了箱体在运输过程中因撞击而使箱体发生损坏，提高了箱体的使用寿命，使用效果好。
32. 203388400 一种拉杆箱
CN
15.01.2014
A45C 9/00 Loading...
A45C 9/00
Loading...
201320467739.4
浙江银座箱包有限公司
徐河
A45C 9/00
Loading...
本实用新型涉及一种拉杆箱，包括箱体、固定在箱体上的拉杆，所述箱体的背面设有将箱体支撑的支撑装置，所述箱体的正面设有一块可安装拆卸的放置板，所述拉杆上设有连接雨伞用的连接孔；本实用新型的优点：将放置板固定在箱体的正面并通过支撑装置将箱体支撑组装成一张简单的桌子，通过连接孔连接雨伞避免了高温或下雨对人们出行带去的影响，实用性能好，大大提高了人们在旅途时的就餐环境，使用效果好，操作简单。
33. 203388399 拉杆箱
CN
15.01.2014
A45C 5/04 Loading...
A45C 5/04
Loading...
201320467732.2
浙江银座箱包有限公司
徐河
A45C 5/04
Loading...
本实用新型涉及拉杆箱，包括箱体，所述箱体的转角处均固定有一个保护垫，所述箱体的外侧壁上缠绕有至少一条将箱体密封的搭扣，所述箱体的任一侧壁上固定连接有一个便于搭扣收放的收放装置，搭扣缠绕于所述箱体至少一圈后其前端扣接在收放装置的后部；本实用新型的优点：通过箱体上设有的收放装置控制搭扣的收放，缠绕后的搭扣扣接在收放装置的后部，保证了箱体在拉动时，箱体不易被打开，提高了箱体的密封性能，提高了箱体内物品的安全性能，操作简单，使用效果好。
34. 203388398 一种拉杆箱
CN
15.01.2014
A45C 5/04 Loading...
A45C 5/04
Loading...
201320467727.1
浙江银座箱包有限公司
徐河
A45C 5/04
Loading...
本实用新型涉及一种拉杆箱，包括箱体，所述箱体的底端设有万向轮，所述箱体的底端活动连接有至少一个防止箱体意外滑动的阻动组件，每个所述阻动组件的底端设有防滑垫；本实用新型的优点：通过阻动组件避免了箱体出现意外发生的滑动现象，并通过防滑垫保证了箱体的平稳性，有效的减少了万向轮的损坏，使用效果好，给人们出行带来便利，操作简单。
35. 203093887 一种带倒车影像系统的电子防眩内后视镜及汽车
CN
31.07.2013
B60R 1/00 Loading...
B60R 1/00
Loading...
201220734887.3
山东银座海亚科技有限公司
王钊
B60R 1/00
Loading...
本实用新型提供一种带倒车影像系统的电子防眩内后视镜及汽车，包括：摄像头、连接轴、镜壳、线路板、彩色显示屏、电致光镜片和镜圈；连接轴将镜壳固定在汽车内；镜壳内安装有线路板，线路板连接彩色显示屏，将摄像头采集的车后的影像呈现在彩色显示屏上；彩色显示屏连接线路板，并且位于电致光镜片之后；电致光镜片安装于镜圈上；镜圈与镜壳固定在一起；其中的电致光镜片采用的是第三层镀膜的具有高透过率的镜片；这样可以使彩色显示屏上的影像清楚地透过电致光镜片被驾驶员观测到，这样驾驶员可以清楚地看到车后的影像，利于倒车。从而提高整个驾驶过程中的安全度。并且，倒车的同时驾驶员可以利用眼睛的余光观测车身两侧路况。
36. 203028400 一种箱包
CN
03.07.2013
A45C 15/00 Loading...
A45C 15/00
Loading...
201220744000.9
浙江银座箱包有限公司
徐河
A45C 15/00
Loading...
本实用新型公开了一种箱包，包括有箱包体（1），其特征在于：所述箱包体（1）的一面设有图片（2），所述图片（2）的表面设有相对应的透光性覆膜（3），这样就可根据自己的喜好或出行地点的不同，自由更换箱包上的图片，只需将图片抽出放入另一张即可，更换方便，使同一个箱包可以拥有多种风格，保持了箱包的新鲜度，提高了箱包的使用性能。
37. 202986968 一种电子防眩内后视镜用连接轴及汽车
CN
12.06.2013
B60R 1/04 Loading...
B60R 1/04
Loading...
201220730709.3
山东银座海亚科技有限公司
王钊
B60R 1/04
Loading...
本实用新型提供一种电子防眩内后视镜用连接轴及汽车，包括车端球头及其基座、镜端球头及其基座、外套筒、内套筒、压紧弹簧和球头嵌套，镜端球头可以在所述球头嵌套内自由转动，车端球头也可以在所述球头嵌套内自由转动，这样在很广的角度范围内调节内后视镜的角度。并且在内套筒和外套筒之间设置有压紧弹簧，这样可以使镜端球头和车端球头形成一个向外的压力，调正压紧弹簧的压力可以使两个球头的扭矩发生变化。并且在所述车端球头及其基座、镜端球头及其基座和球头嵌套的中心均开有透孔，以使连接电子防眩内后视镜的电源及信号线穿过；这样可以通过车辆的ECU控制电子防眩内后视镜的光线和角度。该内后视镜连接轴结构简单，功能完善，成本低。
38. 103005828 一种箱包
CN
03.04.2013
A45C 15/00 Loading...
A45C 15/00
Loading...
201210588063.4
浙江银座箱包有限公司
徐河
A45C 15/00
Loading...
本发明公开了一种箱包，包括有箱包体（1），其特征在于：所述箱包体（1）的一面设有图片（2），所述图片（2）的表面设有相对应的透光性覆膜（3），这样就可根据自己的喜好或出行地点的不同，自由更换箱包上的图片，只需将图片抽出放入另一张即可，更换方便，使同一个箱包可以拥有多种风格，保持了箱包的新鲜度，提高了箱包的使用性能。
39. 202750886 一种拉杆箱
CN
27.02.2013
A45C 5/04 Loading...
A45C 5/04
Loading...
201220343312.9
浙江银座箱包有限公司
徐河
A45C 5/04
Loading...
本实用新型涉及一种拉杆箱，包括箱体、拉杆、提手、移动装置，其特征在于：所述箱体的顶端设有开口，所述开口上设有将开口密封的密封装置，所述拉杆设置在箱体的后端顶部，所述提手倾斜设置在箱体的侧面，所述移动装置设置在箱体的后端底部，所述箱体上设有防撞装置；本实用新型的优点：通过倾斜设置在上箱体上提手进行提取，提高了提手的使用效果，提高了拉杆箱提取过程的平稳性，通过设置在箱体上的防撞装置，提高了箱体的使用寿命，使用效果好，实用性能好。
40. 202664542 一种拉杆箱
CN
16.01.2013
A45C 5/04 Loading...
A45C 5/04
Loading...
201220358311.1
浙江银座箱包有限公司
徐河
A45C 5/04
Loading...
本实用新型涉及一种拉杆箱，包括上箱体、下箱体，所述上箱体与下箱体间设有可压缩折叠的隔层，所述隔层上设有调节隔层宽度的调节装置，所述隔层的一端与上箱体活动连接，所述隔层的另一端与下箱体固定连接；本实用新型的优点：通过上箱体与下箱体间设有的可压缩折叠的隔层，提高了拉杆箱的使用空间，提高了存放量，结构简单，减少了拉杆箱的数量，使用效果好，实用性能好。
41. 202653435 一种箱包提手
CN
09.01.2013
A45C 13/26 Loading...
A45C 13/26
Loading...
201220343711.5
浙江银座箱包有限公司
徐河
A45C 13/26
Loading...
本实用新型涉及一种箱包提手，包括提手本体，所述提手本体的两端均设有便于提手本体安装的安装装置，所述提手本体的两端还分别设有提手本体固定的固定装置，所述提手本体的中部设有便于提手本体提取的凸起部；本实用新型的优点：通过设置在提手本体上的安装装置和固定装置将提手本体固定安装在箱包上，并通过提手本体上设有的凸起部提取，结构简单，减少了提手本体的损坏，使用效果好，实用性能好，提高了安全性能。
42. 202653380 一种拉杆箱
CN
09.01.2013
A45C 5/04 Loading...
A45C 5/04
Loading...
201220343927.1
浙江银座箱包有限公司
徐河
A45C 5/04
Loading...
本实用新型涉及一种拉杆箱，包括上箱体、下箱体、拉杆、提手、移动装置，所述上箱体与下箱体的连接处设有将上箱体与下箱体密封的密封装置，所述下箱体后端设有与拉杆相配合的第一凹槽，所述上箱体上设有便于提手放置的第二凹槽，所述提手与第二凹槽转动连接，所述移动装置分别设置在上箱体的底部、下箱体的底部；本实用新型的优点：将提手转动连接设置在上箱体的第二凹槽内，从而减少了提手的损坏，使用效果提高，实用性能好，安全性能好。
43. 202311694 旅行箱
CN
11.07.2012
A45C 5/04 Loading...
A45C 5/04
Loading...
201120470299.9
浙江银座箱包有限公司
徐河
A45C 5/04
Loading...
本实用新型公开了一种旅行箱，包括箱体和滚轮，所述箱体背部的两侧各设一个包角组件，所述包角组件包括一体结构的上包角、下包角和连接杆，所述上包角包住所述箱体顶部、背部和侧部相交的位置，所述下包角包住所述箱体底部、背部和侧部相交的位置，所述连接杆连接于所述上包角和所述下包角之间。本实用新型由于采用了上述技术方案，通过包角组件对箱体背部以及顶部、背部和侧部相交的位置进行补强，使得箱体不易损坏。
44. 202311695 一种旅行箱
CN
11.07.2012
A45C 5/04 Loading...
A45C 5/04
Loading...
201120470813.9
浙江银座箱包有限公司
徐河
A45C 5/04
Loading...
本实用新型公开了一种旅行箱，包括箱体和滚轮，所述箱体背部设有一个包角组件，所述包角组件包括两个上包角、两个下包角和至少两根连接杆，所述上包角包住所述箱体顶部、背部和侧部相交的位置，所述下包角包住所述箱体底部、背部和侧部相交的位置，所述连接杆连接于所述上包角和所述下包角之间使所述包角组件成为一体结构。本实用新型由于采用了上述技术方案，通过包角组件对箱体背部以及顶部、背部和侧部相交的位置进行补强，使得箱体不易损坏。
45. 202311790 旅行箱
CN
11.07.2012
A45C 13/36 Loading...
A45C 13/36
Loading...
201120470300.8
浙江银座箱包有限公司
徐河
A45C 13/36
Loading...
本实用新型公开了一种旅行箱，包括箱体，所述箱体背部的两侧各设一个包角组件，所述包角组件包括一体结构的包角和连接杆，所述包角包住所述箱体顶部、背部和侧部相交的位置，所述连接杆向所述箱体底部延伸，所述连接杆的末端向所述箱体侧部延伸有第一弯杆，所述连接杆的末端向所述箱体底部延伸有第二弯杆。本实用新型由于采用了上述技术方案，通过包角组件对箱体背部以及顶部、背部和侧部相交的位置进行补强，使得箱体不易损坏。
46. 202095702 一种旅行箱包
CN
04.01.2012
A45C 5/04 Loading...
A45C 5/04
Loading...
201120217454.6
浙江银座箱包有限公司
徐河
A45C 5/04
Loading...
本实用新型公开了一种旅行箱包，包括箱包本体，所述箱包本体底部左右两侧分别设有一对滚轮，其中箱包本体底部右侧滚轮凸出箱包本体右侧平面，所述箱包本体顶部右侧设有拉杆，所述箱包本体右侧平面上部设有防滑凸台。所述凸台上设有突起的防滑波纹。本实用新型在箱包本体右侧平面上部设有防滑凸台，凸台上设有突起的防滑波纹，因而在车上可将箱包右侧朝下放置，凸台面积够大而且防滑波纹能够防止箱包滑动。
47. 202051083 拉杆箱
CN
30.11.2011
A45C 5/06 Loading...
A45C 5/06
Loading...
201120154266.3
浙江银座箱包有限公司
徐河
A45C 5/06
Loading...
本实用新型公开了拉杆箱，包括箱体和箱盖，所述箱体上设有伸缩拉杆，所述箱体下部设有滚轮，所述箱盖上设有口袋。本实用新型的优点是：将可能需要用到的物品放在口袋中，拿取都比较方便，省时省力，避免了以往需要将整个拉杆箱打开而造成诸多不便的问题。
48. 202051086 一种箱包用轮组
CN
30.11.2011
A45C 5/14 Loading...
A45C 5/14
Loading...
201120155001.5
浙江银座箱包有限公司
徐河
A45C 5/14
Loading...
本实用新型公开了一种箱包用轮组，包括轮子、限位杆、减震装置，所述限位杆横向设置，所述限位杆一端与箱体转接，所述限位杆另一端与轮子的轮轴转接，所述减震装置竖直设置，所述减震装置上端固定在箱体上，所述轮子设置在减震装置上。本实用新型的优点是：能有效的降低箱包的振动，保护包内物品，同时有效提高用户使用箱包的舒适度。
49. 202051113 一种旅行箱
CN
30.11.2011
A45C 13/36 Loading...
A45C 13/36
Loading...
201120155209.7
浙江银座箱包有限公司
徐河
A45C 13/36
Loading...
本实用新型公开了一种旅行箱，包括箱体及箱盖，所述箱体上设有伸缩拉杆，所述箱体下部设有滚轮，所述箱盖的四个角上均设有橡皮垫。本实用新型的优点是：在较容易磨损的箱盖的四角设置橡皮垫，增加了耐磨性，同时在旅行车上与其他物体碰撞也能起到缓冲作用，延长了旅行箱的使用寿命。
50. 202027016 一种旅行箱
CN
09.11.2011
A45C 13/06 Loading...
A45C 13/06
Loading...
201120155548.5
浙江银座箱包有限公司
徐河
A45C 13/06
Loading...
本实用新型公开了一种旅行箱，包括箱体和箱盖，所述箱体与箱盖之间通过拉链拉合，所述箱体上设有伸缩拉杆，所述箱体下部设有滚轮，所述箱体上沿拉链设有一圈第一橡皮条，所述箱盖上沿拉链设有一圈第二橡皮条。本实用新型的优点是：使用橡皮条较好的保护拉链在旅行箱使用过程中不会碰坏，延长了旅行箱的使用寿命。
51. 201822128 拉杆箱
CN
11.05.2011
A45C 5/04 Loading...
A45C 5/04
Loading...
201020531879.X
浙江银座箱包有限公司
徐河
A45C 5/04
Loading...
本实用新型公开了拉杆箱，能够有效解决现有旅行背包在往返途中不便存放的问题。拉杆箱，包括箱体、背包，所述背包上设有至少一个扣块，所述箱体上设有与扣块相适配的扣槽。本实用新型的优点是：在背包不使用时固定在拉杆箱外，使用时也能很方便取下，使得背包在不使用时既不会占用拉杆箱内部空间，也不会成为用户的负担。
52. 201767241 一种拉杆箱
CN
23.03.2011
A45C 5/14 Loading...
A45C 5/14
Loading...
201020531869.6
浙江银座箱包有限公司
徐河
A45C 5/14
Loading...
本实用新型公开了一种拉杆箱，能够有效解决现有拉杆箱容易受压变形的问题。一种拉杆箱，包括箱盖和箱体，所述箱盖包括四个侧板和一个顶板，所述箱体包括四个侧板和一个底板，所述箱盖的一个侧板与箱体的一个侧板铰接，所述箱盖的四个侧板设有一圈第一加强板，所述箱体的四个侧板设有一圈第二加强板。本实用新型的优点是：加强了箱盖侧板与箱体侧板的强度，使得拉杆箱受压后不易变形。
53. 201767240 一种旅行箱
CN
23.03.2011
A45C 5/14 Loading...
A45C 5/14
Loading...
201020531866.2
浙江银座箱包有限公司
徐河
A45C 5/14
Loading...
本实用新型公开了一种旅行箱，能够有效解决现有旅行箱竖边强度不够，影响使用寿命的问题。一种旅行箱，包括箱体和箱盖，所述箱体的两条竖边上均设有加强条，所述箱盖的两条竖边上也均设有加强条。本实用新型的优点是：在箱体和箱盖的竖边加上加强条，有效的提高了箱体和箱盖竖边的强度，使竖边不容易变形或折断，延长了旅行箱的使用寿命。
54. 201550751 一种拉杆箱
CN
18.08.2010
A45C 5/14 Loading...
A45C 5/14
Loading...
200920197314.X
浙江银座箱包有限公司
徐河
A45C 5/14
Loading...
本实用新型公开了一种拉杆箱，能够有效解决现有展会拉杆箱在搬运完物品后不能充分利用的问题。一种拉杆箱，包括箱体及箱盖，所述箱体底部设置有滚轮，所述箱盖上设置有显示装置，所述显示装置包括设置在箱盖表面的显示屏及设置在显示屏后部的控制电路板。本实用新型的优点是：方便在展会上使用，既可以装材料，又可以在箱体的屏幕上显示一些广告信息，使参展者不需要另外再搭建广告显示屏。
55. 201541916 一种拉杆箱
CN
11.08.2010
A45C 5/14 Loading...
A45C 5/14
Loading...
200920197315.4
浙江银座箱包有限公司
徐河
A45C 5/14
Loading...
本实用新型公开了一种拉杆箱，能够有效解决现有拉杆箱在内部装的行李过多时，拉杆箱的拉链容易损坏的问题。一种拉杆箱，包括箱体及箱盖，所述箱体上设置有伸缩拉杆，所述箱体底部设置有滚轮，所述箱体与箱盖之间设置有拉链，所述箱体与箱盖之间还设置有辅助固定装置。本实用新型的优点是：使用辅助固定装置减轻了箱体与箱盖之间拉链的张力，避免了旅行途中因箱内行李过多造成拉链损坏而影响行程。
56. 2905551 汽车后视镜
CN
30.05.2007
B60R 1/08 Loading...
B60R 1/08
Loading...
200620004258.X
山东银座海亚科技有限公司
王钊
B60R 1/08
Loading...
本实用新型公开了一种汽车后视镜，包括主镜和辅镜，辅镜设置在主镜的侧边，主镜的侧边设置有旋转轴，主镜外壳的后部设置有凹陷结构，辅镜通过旋转轴与主镜相连接，内镜框设置在所述外套的内部，辅镜片设置在所述内镜框上，内镜框与外套活动连接，辅镜的外套和旋转轴之间设置有弹簧套。主镜的侧边设置有辅镜后，使本实用新型既能看到车后道路状况，又能看到后排座椅上的情况。主镜的侧边设置有旋转轴，通过该旋转轴，辅镜在不需要时能够向后折起。
57. 1759870 Chinese traditional medicine preparation for treating intestinal tract disease
CN
19.04.2006
A61K 36/808 Loading...
A61K 36/808
Loading...
200410012587.4
Zhang Zuoyin
Zhang Zuoyin
A61K 36/808
Loading...
A Chinese medicine for treating intestinal diseases, especially colitis and typhilitis is prepared from 10 Chinese-medicinal materials including honeysuckle flower, dandelion herb, fleece flower root, liquorice root, etc.
58. 2668435 推拉式遮阳防眩装置
CN
05.01.2005
B60J 3/02 Loading...
B60J 3/02
Loading...
200320127956.5
山东银座海亚科技有限公司
周电波
B60J 3/02
Loading...
本实用新型提供一种推拉式遮阳防眩装置，其包括遮阳板第一板体、遮阳板第二板体及架设于所述遮阳板第一板体与第二板体之间的防眩板。所述第一板体上设有限位块，所述限位块上设有具第一限位部的引导槽。所述防眩板包括固定架及设于所述固定架上的防眩片，所述固定架上设有可在所述第一板体的引导槽中滑动的限位件。所述防眩板具有限位件在所述引导槽第一限位部内的第一位置及限位件在所述引导槽第一限位部外的第二位置。通过推拉防眩板，防眩板可在所述第一位置、第二位置间切换。
59. 2668434 遮阳防眩装置
CN
05.01.2005
G02F 1/133 Loading...
G02F 1/133
Loading...
200320127953.1
山东银座海亚科技有限公司
李纪成
G02F 1/133
Loading...
本实用新型提供一种遮阳防眩装置，其包括固定在车辆等运输工具上的支撑架、设于所述支撑架上的液晶板及与所述液晶板连接的测光控制装置，其中，所述测光控制装置包括直流电源单元，与所述直流电源单元连接形成回路的集成电路单元，及并行连接在所述集成电路单元与所述液晶板之间的感应电路单元与控制电路单元。所述液晶板常态为透光状态，通电后，集成电路单元将直流电源单元提供的直流电压转换为交流方波驱动电压，感应电路单元感测外界光线变化，使输出至所述液晶板的交流方波驱动电压发生变化，进而改变液晶板的透光度，使液晶板适应不同光强，颜色灰度发生改变，从而达成防眩作用。
60. 2508244 大小物体分类检测装置
CN
28.08.2002
B07C 5/342 Loading...
B07C 5/342
Loading...
01269063.5
山东世界贸易中心银座保龄球馆
韩海林
B07C 5/342
Loading...
本实用新型提供一种用于保龄球馆精确分拣保龄球和保龄球瓶的大小物体分类检测装置,该装置的电路结构是集成电路IC的各脚与其他元件的连接是1脚并接电源+5V、控制器J的1脚、远红外接收管D1、D2的正极,2脚接控制器的3脚,3、4脚分别串接指示灯L1、L2电阻R1、R2接地,5、6脚分别并接远红外接收管D1、D2的负极并分别串电阻R3、R5接地,电阻远红外发射管D3、D4和指示灯L3串接在电源+5V和地线之间,控制器的2脚接地。该装置和现有技术相比,具有设计合理、结构简单、易于加工、使用方便、检测分拣准确等特点,因而,具有很好的推广使用价值。

