1. WO/2017/016222 LOTUS-FLOWER TYPE CONDENSER AND HERTZ DRY COOLING SYSTEM
WO
02.02.2017
F28B 1/06 Loading...
F28B 1/06
Loading...
PCT/CN2016/075268
NORTHWEST ELECTRIC POWER DESIGN INSTITUTE CO., LTD. OF CHINA POWER ENGINEERING CONSULTING GROUP
YANG, Huzhou
F28B 1/06
Loading...
A lotus-flower type condenser and a Hertz dry cooling system. The lotus-flower type condenser comprises two steam distribution stand pipes (4) and a condensed-water return stand pipe (6) located between the two steam distribution stand pipes (4). The steam distribution stand pipes (4) are connected to the condensed-water return stand pipe (6) through multiple oblique flat base pipes (5). Downstream and reversed stream separation inclined plates (8)are arranged at the upper parts of the steam distribution stand pipes (4). The lower parts of the steam distribution stand pipes (4) are connected to steam distribution horizontal pipelines through elbows, and movable joints (3) capable of rotating are provided on the steam distribution horizontal pipelines. An air suction pipeline (7) is provided at the top ends of the steam distribution stand pipes (4), the air suction pipeline (7) is led and connected to the bottom of the lotus-flower type condenser, and is transited by the elbows as an air suction horizontal pipeline. A movable joint (3) capable of rotating is also provided on the air suction horizontal pipeline. The lower part of the condensed-water return stand pipe (6) is connected to a condensed-water recovery horizontal pipeline through the elbow, and a movable joint (3) capable of rotating is also provided on the condensed-water recovery horizontal pipeline. The Hertz dry cooling system has no fan energy consumption or fan noise of an ACC system, and has no indirect dry cooling circulating water or the weight of the circulating water.
2. 205189701 间冷塔轿厢式双道人员通行门
CN
27.04.2016
E06B 5/18 Loading...
E06B 5/18
Loading...
201521047092.5
中国电力工程顾问集团西北电力设计院有限公司
张兴奎
E06B 5/18
Loading...
本实用新型公开了一种间冷塔轿厢式双道人员通行门，包括外门、内门和压力自平衡轿厢；轿厢将间冷塔内外连通，外门上安装有外门锁扣件、内门上安装有内门锁扣和内门旋转锁；内门包覆有橡胶密封条；外门、内门和轿厢共同组成一个压力自平衡通道，内门打开后，外门关闭，外门打开后内门关闭，保证外部空气不短路进入间冷塔内部，保证完美的热交换，保证间冷塔的正常运行。本实用新型投资低、制造简单、操作灵活。
3. 202166069 一种可清除异物的方筒形炉渣通道锅炉
CN
14.03.2012
F23J 1/04 Loading...
F23J 1/04
Loading...
201120174372.8
陕西西北发电工程有限责任公司
王振江
F23J 1/04
Loading...
本实用新型涉及一种可清除异物的方筒形炉渣通道锅炉。现有技术一般是检修人员采用人工捞取的方法取出炉渣通道内的异物，效率低，且检修人员也存在着一定的安全隐患。本实用新型采用的技术方案为：一种可清除异物的方筒形炉渣通道锅炉，包括方筒形的炉渣通道，其特征在于：所述炉渣通道的外侧设置有开口，炉渣通道内滑动设置有抽屉式异物分离器，所述抽屉式异物分离器包括方形的筒状外壳，筒状外壳底部设置有铁网，筒状外壳位于开口的一侧设置有把手。本实用新型结构简单，操作方便，能有效清除轨道为方筒形的锅炉产生的异物，而且抽屉式异物分离器安装方便，倾倒异物也方便，可很好的保护设备安全，不用停止任何相关设备，不会影响负荷。
4. 202162737 一种发电厂手轮阀门手动操作扳手
CN
14.03.2012
B25B 13/48 Loading...
B25B 13/48
Loading...
201120179830.7
陕西西北发电工程有限责任公司
王振江
B25B 13/48
Loading...
本实用新型涉及一种发电厂手轮阀门手动操作扳手。现有扳手产生臂力的传递损失、效率低、劳动强度大；易打滑及滑落，存在安全隐患；笨重且易弯曲产生变形损坏。本实用新型采用的技术方案为：一种发电厂手轮阀门扳手，包括扳头和扳柄，所述扳头为半圆形，扳柄和扳头的一端连接且处于通过扳头圆心的直线上，所述扳柄靠近扳头的端部上连接有支杆，支杆与扳头的平面之间设置有锐角夹角，支杆的端部设置有卡脚，所述卡脚是圆弧形，且其平面与扳头的平面垂直相交。本实用新型手轮阀门与力臂在一个受力面，支点在手轮外沿，最大限度地利用杠杆原理放大臂力，使用效率提高；半圆形扳头和圆弧状卡脚能充分固定扳手，其内设计有防滑螺纹，有效防止打滑。
5. 202153010 一种具有异物分离功能的圆筒形炉渣通道锅炉
CN
29.02.2012
F23J 1/04 Loading...
F23J 1/04
Loading...
201120173740.7
陕西西北发电工程有限责任公司
屈晋春
F23J 1/04
Loading...
本实用新型属于热电厂锅炉技术领域，具体涉及一种具有异物分离功能的圆筒形炉渣通道锅炉。现有技术锅炉一般是检修人员采用人工捞取的方法取出炉渣通道内的异物，效率低，对检修人员也存在着一定的安全隐患。本实用新型采用的技术方案为：一种具有异物分离功能的圆筒形炉渣通道锅炉，包括圆筒形的炉渣通道，炉渣通道上设置有断口，断口处设置有异物分离器，所述异物分离器包括圆筒状的外壳，外壳上水平设置有铁网，外壳一侧通过转轴与炉渣通道连接，外壳的侧面设置有把手。本实用新型可有效截留通过炉渣通道内的异物，很好的保护下游设备的安全；使用方便：检修人员只需要转动异物分离器即可取出异物，效率高且安全可靠。
6. 202141060 一种具有异物分离功能的梯形炉渣通道锅炉
CN
08.02.2012
F23J 1/04 Loading...
F23J 1/04
Loading...
201120174371.3
陕西西北发电工程有限责任公司
王振江
F23J 1/04
Loading...
本实用新型涉及一种具有异物分离功能的梯形炉渣通道锅炉。现有技术一般是检修人员采用人工捞取的方法取出炉渣通道内的异物，效率低，且对检修人员也存在着一定的安全隐患。本实用新型采用的技术方案为：一种具有异物分离功能的梯形炉渣通道锅炉，包括梯形的炉渣通道，炉渣通道外侧设置有开口，炉渣通道内水平设置有网状底板，开口处设置有外挡板，所述外挡板外侧设置有把手。相对于现有技术，本实用新型的优点有：（一）本实用新型适合安装横截面为梯形的通道，可有效清楚异物，很好的保护设备安全。（二）方便运行、检修人员取出异物，效率高且安全可靠，而且不用停止任何相关设备，不会影响负荷。
7. 202093552 一种能快速准确计数的自动数球器
CN
28.12.2011
G06M 1/27 Loading...
G06M 1/27
Loading...
201120152735.8
陕西西北发电运行集团有限责任公司
屈晋春
G06M 1/27
Loading...
本实用新型涉及自动控制设备技术领域，具体涉及一种能快速准确计数的自动数球器。现有数球方式靠人工清点，耗时费力，且不够准确。为了克服现有技术的缺陷，本实用新型采用的技术方案是：一种能快速准确计数的自动数球器，包括装球漏斗和设置在装球漏斗下方的收球篮，装球漏斗的出口下部设置有环形通道，所述环形通道的内侧设置有弹性触发器，该弹性触发器与电子计数器连接。相对于现有技术，本实用新型结构简单，使用方便，可准确统计球的数量，而且可针对球的球径大小进行调节，可适合多种球类的应用，效率非常高。
8. 202092135 一种捅渣器
CN
28.12.2011
F23J 1/04 Loading...
F23J 1/04
Loading...
201120106287.8
陕西西北发电运行集团有限责任公司
屈晋春
F23J 1/04
Loading...
本实用新型属于炉渣清理装置领域，具体涉及一种捅渣器。直杆型捅渣器的缺点在于不但捅渣费力，效率低，而且与手直接接触很容易被烧烫伤，存在安全隐患。为了克服上述缺陷，本实用新型采用的技术方案是：一种捅渣器，包括数段可拆卸连接的捅渣杆，其特征在于：还包括横向设置的支杆和支撑器，所述捅渣杆的最下端和支杆一端连接，所述支撑器设置在支杆下部并和支杆绞接。相对于现有技术，本实用新型使用方便，利用杠杆原理既可节约劳力，又能提高效率，而且手不用和捅渣杆直接接触，可避免被炉渣烧烫伤；支撑器上设置有轮子，可以方便的推着移动，既方便又省力。
9. 202092124 一种大型CFB锅炉防堵煤仓
CN
28.12.2011
F23C 10/22 Loading...
F23C 10/22
Loading...
201120152729.2
陕西西北发电运行集团有限责任公司
屈晋春
F23C 10/22
Loading...
本实用新型属于锅炉原煤防堵技术领域，具体涉及一种大型CFB锅炉防堵煤仓。这使煤仓结构复杂，成本大大提高。现有技术煤仓防堵效果差，安全隐患大和成本高。本实用新型采用的技术方案是：一种大型CFB锅炉防堵煤仓，包括煤斗和内衬，煤斗的中下部为双曲线结构，煤斗底部连接有小煤斗，小煤斗的入口外侧设置有疏通口。相对于现有技术，本实用新型结构简单，改善了煤斗的形状和内衬的材料，可以有效防止煤堵现象的发生，取消以往原煤仓设计上安装的诸如疏松机、空气炮等装置，降低了制造成本。
10. 202089789 一种工业冷却水回收系统
CN
28.12.2011
C02F 1/00 Loading...
C02F 1/00
Loading...
201120174365.8
陕西西北发电运行集团有限责任公司
丁志华
C02F 1/00
Loading...
本实用新型属于工业水回收领域，具体涉及一种工业冷却水回收系统。现有的热电厂的工业冷却水系统没有实现水的循环利用，造成水资源的严重浪费。本实用新型采用的技术方案为：一种工业冷却水回收系统，包括依次用工业水管路连通的淡水箱，工业水泵，和工业水用户，淡水箱和工业水用户之间还连通有回水管路，所述回水管路上设置有电导率表和排放门。相对于现有技术，本实用新型的优点有：通过节流对水资源实现综合循环利用，到节约水资源的目的；通过对水资源循环综合利用达到同条件下降低机组运行对水源的使用量；可降低水源开采或制取淡水的经济成本。
11. 202092125 一种老式CFB锅炉的底料上料装置
CN
28.12.2011
F23C 10/22 Loading...
F23C 10/22
Loading...
201120174378.5
陕西西北发电运行集团有限责任公司
董立坤
F23C 10/22
Loading...
本实用新型涉及一种老式CFB锅炉的底料上料装置。现有技术老式CFB锅炉没有专门的底料上料系统，一般都是人工上料，费时费力，工作强度大，效率低。本实用新型采用的技术方案是：一种老式CFB锅炉的底料上料装置，其特征在于：所述底料上料装置从上到下依次设置有原煤仓、分料器、漏斗和给煤机，所述原煤仓的出口通过水平设置的输煤皮带与分料器的入口连接，分料器的出口与漏斗的入口连接，漏斗的出口与给煤机连接，且所述漏斗的漏斗颈处设置有插板。本实用新型结构简单，克服了老式CFB锅炉的底料上料难、工作强度大、劳动效率低的缺陷，节省了人力物力，提高了工作效率，为锅炉再次点火节约了宝贵的时间。
12. 202090963 汽轮机负胀差控制装置
CN
28.12.2011
F01D 11/06 Loading...
F01D 11/06
Loading...
201120152787.5
陕西西北发电运行集团有限责任公司
屈晋春
F01D 11/06
Loading...
本实用新型属于汽轮机负胀差控制技术领域，具体涉及一种汽轮机负胀差控制装置。现有技术汽封系统汽封压力不好调整，实现自密封晚，负涨差不能控制，对机组的安全运行构成威胁。为了克服现有技术的缺陷，本实用新型采用的技术方案是：一种汽轮机负胀差控制装置，在高压端汽封增加自动控制装置，实现汽轮机负涨差的调节，所述汽封三档漏气管和汽机六段抽气管之间的连接管上设置有自动控制调节阀。相对于现有的技术手段，本实用新型的优点是：1、汽封压力可以根据负荷的多少而灵活调整。2、负涨差得到了有效的控制。3、机组提前实现了自密封。
13. 202092120 一种CFB锅炉止晃装置
CN
28.12.2011
F23C 10/18 Loading...
F23C 10/18
Loading...
201120152789.4
陕西西北发电运行集团有限责任公司
屈晋春
F23C 10/18
Loading...
本实用新型属于锅炉止晃技术领域，具体涉及一种CFB锅炉止晃装置。目前还没有好的简便方法解决CFB锅炉呼吸式振动这一问题。本实用新型采用的技术方案是：一种CFB锅炉止晃装置，包括空间轴线相互垂直设置的两根加固钢梁，两根加固钢梁相互靠近的端部上均设置有延长板，两块延长板之间通过止晃拉紧装置连接，所述止晃拉紧装置包括连接板和两个螺栓，连接板两端设置有条形开口槽，两个螺栓分别穿设于两端的条形开口槽内和延长板连接。相对于现有技术，本实用新型在不影响锅炉正常膨胀的前提下，增加水冷壁各向刚度，既没有影响锅炉正常膨胀，又满足了锅炉正常运行的需求，使呼吸式喘振得到合理的解决。

