1. 106307771 游泳鞋
CN
11.01.2017
A43B 3/00 Loading...
A43B 3/00
Loading...
201510384706.7
青岛亨达股份有限公司
单玉萍
A43B 3/00
Loading...
本发明公开了一种游泳鞋，该鞋由鞋帮、鞋底、鞋垫组成。鞋帮帮面采用罗马布、莱卡棉等弹性好、柔软、透气、吸湿性强的材料制作而成。在鞋帮后帮处设计提拉式环扣。鞋口处设置高弹性材料。鞋底采用TPE等高弹性防滑材料制作而成。鞋垫由防臭、透气、柔软材料制作而成。本发明实现了一种具有防滑、隔凉、防磕碰、防止细菌传染、易携带等功能的游泳鞋。
2. 106307801 减震透气抑菌鞋垫
CN
11.01.2017
A43B 17/00 Loading...
A43B 17/00
Loading...
201510384978.7
青岛亨达股份有限公司
王吉万
A43B 17/00
Loading...
本发明提供了一种减震透气抑菌鞋垫，鞋垫第一层由皮、PU、布类等材料制作而成，使产品达到良好的透气性能；鞋垫第二层由净化床材料制作而成，使产品达到良好的抑菌除臭性能；鞋垫第三层由EVA、海绵等弹性体材料制作而成，使产品达到良好的柔软舒适性能；鞋垫第四层由皮、PU、布类制作而成，使产品达到良好的透气性能；鞋垫后半部分设有减震垫，使产品达到良好的减震性能。
3. 106307806 按摩透气鞋垫
CN
11.01.2017
A43B 17/08 Loading...
A43B 17/08
Loading...
201510384977.2
青岛亨达股份有限公司
王吉万
A43B 17/08
Loading...
本发明提供了一种按摩透气鞋垫，在鞋垫前掌设有多个均匀分布的按摩凸起豆，使产品达到良好的按摩功能；底部设有多条透气通道，使产品达到良好的透气功能。
4. 105795594 平衡足压科技鞋垫
CN
27.07.2016
A43B 17/08 Loading...
A43B 17/08
Loading...
201610181328.7
青岛亨达股份有限公司
王吉万
A43B 17/08
Loading...
本发明公开了一种平衡减压科技鞋垫，其特殊之处是在足弓位置设置三点足弓凸起,通过足弓定型，支撑三大足弓，矫正和保护全身骨骼，起到平衡足压、支撑足弓、骨正筋柔、减震缓冲的作用；足弓处设置定型支撑半垫和后跟镂空设计，使鞋垫固定和托住整个足部，立体设计的半托，能够提高后跟的稳固性，也可调节外翻拇指，起到稳固支撑、减震缓冲作用；对应脚前掌位置设置按摩凸点群，按摩激活涌泉穴（长寿穴）等脚部穴位，疏通经络，起到骨正筋柔、气血以流的作用；采用抑菌除臭弹性材料，设置透气通道，使得空气得以流通，起到透气性优、吸汗性强的作用。
5. 105524322 一种防滑鞋底的制作方法
CN
27.04.2016
C08L 21/00 Loading...
C08L 21/00
Loading...
201410510330.5
青岛亨达股份有限公司
刘泽顺
C08L 21/00
Loading...
一种防滑鞋底的制作方法，其特殊之处是配方占其质量配比为：生胶100，白炭黑量30，氧化锌5，促进剂15-20，防老剂1.2-1.5，硫磺3.5-5，硬脂酸1，耐磨油0.2-0.5，软化剂12-20，将上述配方放入转速为40rpm/min-50rpm/min的密炼机中高温密炼（110℃－170℃）7分钟，滚动配料继续密炼8-10分钟，然后过水冷却，在常温下存放48小时后将其硫化，硫化的温度控制在140-145℃，硫化时间为5-7分钟，从而达到防滑的效果。
6. 105012064 平衡足压矫正鞋垫
CN
04.11.2015
A61F 5/14 Loading...
A61F 5/14
Loading...
201510341406.0
青岛亨达股份有限公司
单玉萍
A61F 5/14
Loading...
本发明提供了一种平衡足压矫正鞋垫，通过鞋垫后跟减震垫、足弓位置支撑结构、穴位凸点、足弓位置凸起和外包墙的设计，来达到一种可以平衡矫正足压、锻炼大脑、健美身姿、安全健康的功能鞋垫。
7. 104970483 换气减震功能鞋底
CN
14.10.2015
A43B 7/32 Loading...
A43B 7/32
Loading...
201510360217.8
青岛亨达股份有限公司
单存礼
A43B 7/32
Loading...
换气减震功能鞋底，其特殊之处是在鞋底前掌和后跟部位设有空腔，并设有向中间延伸的凹槽，在空腔内分别内置前减震垫和后减震垫，其前减震垫与后减震垫分别是由多条上窄下宽的减震条横向均匀排列而成，中间纵向位置分别设置一条空气流通通道，与中间凹槽相连接，使鞋腔内形成一条换气通道，在前减震垫和后减震垫上口设边帽，不会出现前、后减震垫晃动和踩压时与鞋底落差导致的硌脚现象，在后减震垫的空气流通通道上设置有前低后高的支撑条，防止行走踩压时，减震条踩塌不易恢复原状。
8. 204580081 一种防滑鞋底
CN
26.08.2015
A43B 13/22 Loading...
A43B 13/22
Loading...
201420551101.3
青岛亨达股份有限公司
刘泽顺
A43B 13/22
Loading...
一种防滑鞋底，其特殊之处是在鞋底面采用上下交错倒“V”造型的防滑花纹。该防滑花纹的夹角为直角，宽度为4mm，高度控制在3mm-4mm，各防滑花纹间距控制在1.5mm-2mm，每个防滑花纹被四道小凹槽所划分，小凹槽的深度为0.2mm。该鞋底面被3条横向凹槽所划分，该凹槽的宽度为5mm-6mm。鞋底前头带有一块倒梯形橡胶片，能够将鞋头包住避免鞋头划伤。
9. 204580082 一种防滑浴室拖鞋
CN
26.08.2015
A43B 13/22 Loading...
A43B 13/22
Loading...
201420661889.3
青岛亨达股份有限公司
王春世
A43B 13/22
Loading...
一种防滑浴室拖鞋，大底防滑片采用圆形防滑花纹设计，其圆形防滑花纹设计有凹槽，前脚掌部位设计成同一方向的圆形防滑花纹，脚后跟部位设计成第一排同一方向圆形防滑花纹，第二排旋转90度同一方向圆形防滑花纹，鞋腔内有多个防滑、按摩作用的蜂巢状小突起及按摩作用的按摩豆。实现了人们在穿着行走时具有的防滑、按摩等多种功能的浴室拖鞋。
10. 204580043 一种防滑浴室拖鞋
CN
26.08.2015
A43B 3/10 Loading...
A43B 3/10
Loading...
201520019625.2
青岛亨达股份有限公司
单玉萍
A43B 3/10
Loading...
一种防滑浴室拖鞋，其特殊之处是帮面和鞋底同时采用一次注塑成型的发泡材料制作而成，鞋底底部贴合有防滑片。防滑片采用“微通道”设计原理的防滑花纹，贴在鞋底前掌和后跟处；鞋腔内与脚掌接触的表面有多个按摩作用的圆柱形小突起；鞋腔内后跟处内置发泡内垫。本实用新型能够采用上述方案实现人们在穿着行走时具有的防滑、按摩、减震多功能的浴室拖鞋。
11. WO/2015/066956 METHOD FOR PROCESSING TEMPERED VACUUMED GLASS
WO
14.05.2015
C03B 23/24 Loading...
C03B 23/24
Loading...
PCT/CN2013/090310
QINGDAO HENGDA GLASS TECHNOLOGY CO., LTD.
WANG, Hui
C03B 23/24
Loading...
A method for processing a tempered vacuumed glass, comprising: manufacturing a support point, and, over-tempering treatment, compounding, sealing, and vacuuming of plate glasses, a total of five steps. Utilization of the method for processing a tempered vacuumed glass allows for reduced probability of the over-tempered vacuumed glass being self-shattered, and at the same time, ensures the tempered strength of the glass.
12. WO/2015/066957 METHOD FOR MANUFACTURING TEMPERED VACUUMED GLASS
WO
14.05.2015
C03B 23/24 Loading...
C03B 23/24
Loading...
PCT/CN2013/090313
QINGDAO HENGDA GLASS TECHNOLOGY CO., LTD.
WANG, Hui
C03B 23/24
Loading...
A method for manufacturing a tempered vacuumed glass, comprising: manufacturing of a support point (2), and, over-tempering treatment, compounding, sealing, and vacuuming of plate glasses (4 and 7), a total of five steps, among which, in the sealing step, a lead-free low-melting point glass powder containing a shortwave infrared-absorbing material is applied around a gap (3) between two sheets of over-tempered glasses (4 and 7) that are joined together, which are then introduced into an edge-sealing furnace to melt the lead-free low-melting point glass powder containing the shortwave infrared-absorbing material by means of employing a shortwave infrared for heating, thus sealing the gap (3) between the two sheets of over-tempered glasses (4 and 7) that are joined together. Employment of the method allows for a shortened time during which the tempered vacuumed glass is heated in the edge-sealing process, while ensuring the tempered strength of the glass.
13. 204273396 一种塑身健美鞋
CN
22.04.2015
A43B 7/28 Loading...
A43B 7/28
Loading...
201420652476.9
青岛亨达股份有限公司
单存礼
A43B 7/28
Loading...
一种塑身健美鞋，其特殊之处是结合动力学设计原理，将鞋底1设计为由中心方向向前后两端逐渐递减的弧形形状，使人体后脚与地面接触时呈15度斜面，当人走路时将会自动随着鞋底1的形状特点而端正走路的姿势以及重心着力点，久而久之会端正人走路的形态，塑造完善曲线。鞋帮面采用全套楦2的设计方案，将一块皮料手工缝制成鞋帮与鞋垫，这样做的好处是鞋子穿着舒适，鞋帮出楦后不易变形。
14. 204032501 护踝保健鞋
CN
24.12.2014
A43B 7/20 Loading...
A43B 7/20
Loading...
201420099836.7
青岛亨达股份有限公司
单玉萍
A43B 7/20
Loading...
本实用新型为解决技术问题所采用的技术方案是：护踝保健鞋，包括鞋帮、鞋底、护踝，其特殊之处是根据人脚部位的脚腕弯曲弧度形状，制作成具有一定脚腕弧度的护踝结构，该护踝结构与鞋帮通过辑线工艺缝合在一起，并且护踝部位高出鞋帮4-6cm。以上所述的鞋产品的护踝结构能够紧密贴合在人脚的脚腕部位，可以有效的保护脚腕的灵活性，防止脚腕受伤，从而实现了一种穿着柔软舒适、保健和防止脚踝受伤等功能的鞋产品。本实用新型的技术效果是：实现了一种穿着柔软舒适、保健和防止脚踝受伤等功能的鞋产品。
15. 203709371 带“防滑片”的鞋底
CN
16.07.2014
A43B 13/26 Loading...
A43B 13/26
Loading...
201320505717.2
青岛亨达股份有限公司
刘泽顺
A43B 13/26
Loading...
带“防滑片”的鞋底，其特殊之处是在鞋底的前掌部位和后跟部位设置有防滑片，防滑片上设置有若干个防滑凸起且呈横向排列在防滑片上，防滑凸起之间的间距控制在1.6mm-2mm，防滑凸起高度控制在1.8mm-2mm；同时在每个防滑凸起上面设置有月牙形的防滑凸起和圆形的防滑凸起，同时将月牙形的防滑凸起采用两个隔断隔开，圆形的防滑凸起采用三个扇形的防滑凸起。本实用新型的技术原理是：穿着具有以上鞋底的鞋产品时，人体重量促使鞋底底面的防滑凸起与地面紧密接触，将地面上的油渍、石子等杂物排在鞋底底面的隔断里，有效的起到了安全防滑的作用。
16. 203662111 具有防滑功能的防滑鞋底
CN
25.06.2014
A43B 13/26 Loading...
A43B 13/26
Loading...
201320810069.1
青岛亨达股份有限公司
王吉万
A43B 13/26
Loading...
具有防滑功能的防滑鞋底，其特殊之处是在鞋底的前掌和后跟部位分别设置有防滑片，防滑片上设置有前防滑层和后防滑层，在防滑层上设置有“八”字造型的防滑凸块，每一个“八”字造型的防滑凸块之间形成两条平行线，两条平行线之间的间距控制在1.1mm-1.6mm,同时每个“八”字造型竖向排成一排，形成一条凹槽，凹槽的宽度控制在0.5mm-0.8mm，每排“八”字造型的防滑凸块之间的间距控制在1.1mm-1.9mm。
17. 203555244 一种拖鞋帮面
CN
23.04.2014
A43B 23/02 Loading...
A43B 23/02
Loading...
201320159811.7
青岛亨达股份有限公司
单存礼
A43B 23/02
Loading...
一种拖鞋帮面，其特殊之处是选用热塑性橡胶TR材料与布基材料结合，将布基材料与热塑性橡胶TR材料通过橡胶鞋底注塑机压合成一体，形成的鞋帮面材料的结构组成上层是布基材料，下层是热塑性橡胶TR片，从而形成的拖鞋帮面具有一定的挺立的效果且美观性较强。
18. 103653509 Heel-covered shoe
CN
26.03.2014
A43B 3/00 Loading...
A43B 3/00
Loading...
201310668445.2
HENGDA CO., LTD.
WANG JIWAN
A43B 3/00
Loading...
The invention provides a manufacturing method of a heel-covered shoe. The heel-covered shoe comprises an upper, a quarter, a heel and a sole, and is characterized in that in the designing process, a rear covering surface of the upper is lengthened until the heel is covered; after the sole is manufactured, the sole is combined with the upper, then the lengthened rear covering surface covers the heel, and the heel-covered shoe with a novel style is formed.
19. 103653540 Massage, shock-absorption, breathable and anti-skidding insole
CN
26.03.2014
A43B 17/08 Loading...
A43B 17/08
Loading...
201310664763.1
HENGDA CO., LTD.
WANG JIWAN
A43B 17/08
Loading...
A massage, shock-absorption, breathable and anti-skidding insole is characterized in that massage and shock-absorption pillars are arranged on the insole. The insole is divided into three layers, the first layer is made of soft and highly comfortable leather materials or cloth materials or soft and highly comfortable synthetic leather materials, the second layer is composed of an anti-bacteria purification bed, and the massage and shock-absorption pillars of the third layer are made of novel PU materials. The top ends of the massage and shock-absorption pillars of the insole adopt an octopus foot modeling, and the massage and shock-absorption pillars of the modeling can well grasp a shoe sole and have a good fixing function.
20. 103653536 Filial piety shoes
CN
26.03.2014
A43B 13/22 Loading...
A43B 13/22
Loading...
201310603203.5
HENGDA CO., LTD.
SHAN YUPING
A43B 13/22
Loading...
The invention provides a pair of filial piety shoes which comprise uppers, shoe pads, insoles and soles. The filial piety shoes are manufactured by adopting a sole anti-slip technology, a sole ultralight technology, shoe pad shock absorption technology and shoe pad antifungal and deodorization technology, and thus the healthcare functions such as slip resistance, shock absorption, light weight and deodorization are achieved.
21. 103637500 Manufacturing method for shoe sole overturning handicraft shoe
CN
19.03.2014
A43B 9/00 Loading...
A43B 9/00
Loading...
201310595039.8
HENGDA CO., LTD.
WANG JIWAN
A43B 9/00
Loading...
A manufacturing technological process for a shoe sole overturning handicraft shoe comprises the following steps: (1) preparing materials, wherein raw materials of a shoe upper face, a lining, auxiliary materials and the like are selected according to the characteristics and requirements for style design of the shoe; (2) cutting leather materials, wherein the leather materials are cut into independent components; (3) skiving leather, wherein a leather skiving machine is adopted to skive the edges of the components according to the technological standard; (4) folding the edges, wherein the skived edges of the components are folded towards the reverse face in a manual mode to cover the stubble portions; (5) stitching threads, wherein the shoe upper face is turned over, namely the interior of a shoe upper is arranged outwards, and the shoe upper face is turned over towards the interior; (6) turning over a shoe sole, wherein after the shoe upper is stitched, the shoe upper is reverse, then the shoe sole is turned over from the shoe upper; (7) punching a shoe last, wherein the shoe tree is punched in a shoe cavity, and the shoe cavity is supported and shaped; (8) releasing the shoe last, wherein a last release machine is adopted to release the shoe last from the shoe upper; (9) conducting finishing, wherein finishing is carried out on the shoe, and the shoe is packaged into a shoe box.
22. 103637501 Ultralight shoe sole with slip preventing, damping and deodorization functions
CN
19.03.2014
A43B 13/12 Loading...
A43B 13/12
Loading...
201310601525.6
HENGDA CO., LTD.
SHAN YUPING
A43B 13/12
Loading...
The invention provides a shoe sole which comprises a shoe pad, an insole and an outsole. A functional health care shoe has slip-preventing, damping and deodorization functions and is ultralight. The shoe pad, the insole and the outsole are composed of multi-layer structures respectively. The shoe pad, the insole and the outsole are arranged in the functional health care shoe from the top to the bottom. The shoe sole is manufactured by adopting an outsole anti-slip technology, an outsole ultralight technology, a shoe pad damping technology and a shoe pad anti-bacterial deodorization technology, and the health care functions of slip preventing, damping, ultra lightness, deodorization and the like are achieved.
23. 103637460 Manufacturing method of shoes made of far-infrared materials
CN
19.03.2014
A43B 1/00 Loading...
A43B 1/00
Loading...
201310595161.5
HENGDA CO., LTD.
LIU ZESHUN
A43B 1/00
Loading...
A manufacturing method of shoes made of far-infrared materials is characterized in that the far-infrared materials are blended in materials for manufacturing linings and insoles of the shoes, and the shoes beneficial to maintaining and improving human health, enhancing a body defense function and adjusting physiological functions can be manufactured.
24. 103637461 Manufacturing method for health care shoes made of chitosan fiber
CN
19.03.2014
A43B 1/02 Loading...
A43B 1/02
Loading...
201310595521.1
HENGDA CO., LTD.
WANG JIWAN
A43B 1/02
Loading...
Provided is a manufacturing method for health care shoes made of chitosan fiber. Each shoe comprises an upper, a shoe pad, a lining and a sole. The method is characterized in that a chitosan fiber material is interwoven in a shoe lining material, and the ratio of the chitosan fiber material is controlled to be 8-10%. The interwoven chitosan fiber material and the shoe lining material are made into the shoe lining and the shoe pad, and the foot skin is closely in contact with the shoe lining and the shoe pad. The chitosan fiber material is an anti-bacterial, health care and environment-friendly cellulosic material. The shoe lining and the shoe pad are made of the chitosan fiber material. The shoe pad is manufactured by a special hydraulic machine and a special mold. A zipper is arranged on the outer side of each shoe. The sole is composed of an upper-layer rubber material and a lower-layer leather material.
25. 103642104 Making method for rubber cork sole
CN
19.03.2014
C08L 21/00 Loading...
C08L 21/00
Loading...
201310595522.6
HENGDA CO., LTD.
LIU ZESHUN
C08L 21/00
Loading...
The invention relates to a making method for a rubber cork sole. Specially, a rubber material and a cork material are combined mutually to realize the making method of a sole product with non-slip sole and light effect. According to a mixing ratio of the rubber material and cork powder, the method involves: 100 of raw rubber, 2.1-2.4 of sulfur, 1.9-2.4 of stearic acid, 6-8 of zinc oxide, 0.9-1.1 of a softener, 0.8-1.0 of a coupling agent, 0.6-0.8 of a promoter, 0.9-1.1 of an anti-aging agent, 0.9-1.1 of engine oil, 0.4-0.6 of pine gum oil, 1.6-1.8 of rosin, 26-28 of calcium sulfate, and 4-10 of cork powder. The mixing method of the rubber material and the cork powder includes: subjecting the raw rubber, the sulfur, the stearic acid, the accelerator, the promoter, the anti-aging agent, the pine gum oil, the rosin, the calcium sulfate, the softener, and the coupling agent to mixing, and then conducting vulcanization.
26. 103637463 Manufacturing method for shoe with lining made of blood bacterium resisting material
CN
19.03.2014
A43B 3/00 Loading...
A43B 3/00
Loading...
201310595316.5
HENGDA CO., LTD.
SHAN CUNLI
A43B 3/00
Loading...
Provided is a manufacturing method for a shoe with a lining made of a blood bacterium resisting material. The shoe comprises an upper and a sole. The method is characterized in that that an upper material is a leather material, a cloth material or synthetic leather good in breathability. The lining is made of a soft and comfortable cloth material. The sole is made of an ethylene-vinyl acetate copolymer (EVA) material and a rubber material.
27. 103622210 Manufacturing method of moulded insole
CN
12.03.2014
A43B 17/00 Loading...
A43B 17/00
Loading...
201310630808.3
HENGDA CO., LTD.
SHAN CUNLI
A43B 17/00
Loading...
The invention provides a manufacturing method of a moulded insole. The insole manufactured by the method provided by the invention comprises a ventilation layer, a deodorizing layer, a shock absorption layer and a soft layer from top to bottom. Materials with good ventilation performance, softness and shock absorption performance are adopted, and a moulding pressing machine is adopted for moulding pressing forming, so the insole has the healthcare functions of deodorization and shock absorption.
28. 103588387 钢化真空玻璃的加工方法
CN
19.02.2014
C03B 23/24 Loading...
C03B 23/24
Loading...
201310557672.8
青岛亨达玻璃科技有限公司
王辉
C03B 23/24
Loading...
本发明提供了一种钢化真空玻璃的加工方法，包括：平板玻璃过钢化处理、制作支点、复合、密封、抽真空五个步骤。利用上述本发明提供的钢化真空玻璃的加工方法能降低钢化真空玻璃的自爆机率，同时保证其钢化强度。
29. 103588386 钢化真空玻璃的生产方法
CN
19.02.2014
C03B 23/24 Loading...
C03B 23/24
Loading...
201310556629.X
青岛亨达玻璃科技有限公司
王辉
C03B 23/24
Loading...
本发明提供了一种钢化真空玻璃的生产方法，包括：制作支撑点、平板玻璃过钢化处理、复合、密封、抽真空五个步骤，其中的密封步骤中，在两片相互结合的过钢化玻璃之间的间隙四周涂布含有吸收短波红外线材料的无铅低熔点玻璃粉，然后送入封边炉采用短波红外线加热方式使含有吸收短波红外线材料的无铅低熔点玻璃粉熔化，以密封两片相互结合的过钢化玻璃之间的间隙。利用上述钢化真空玻璃的生产方法能缩短钢化真空玻璃在封边过程中的加热时间，同时保证其钢化强度。
30. 103315442 一种特警战训靴
CN
25.09.2013
A43B 3/02 Loading...
A43B 3/02
Loading...
201310307902.5
青岛亨达股份有限公司
王吉万
A43B 3/02
Loading...
本发明公开了一种特警战训靴，包括鞋帮、鞋底和鞋垫，所述鞋帮包括牛津布和与牛津布搭配的生态功能性聚氨酯合成革材料，中底采用凯夫拉防穿刺功能的中底，勾心采用玻璃纤维树脂材质的勾心，所述鞋帮的内里包括防水透气膜、高密度海绵层和布基材料层；所述鞋底包括上层的聚乙烯鞋底和下层的橡胶防滑鞋底；所述鞋垫自上而下包括真皮层、抑菌净化床、鞋垫高密度海绵层和鞋垫布基材料层。本发明能使特警战训靴具有防水透气、防穿刺、抗菌防霉、减震缓冲、安全防滑等高性能、多功能的特点。
31. 103302883 一种拖鞋帮面的制备方法
CN
18.09.2013
B29D 35/12 Loading...
B29D 35/12
Loading...
201310134104.7
青岛亨达股份有限公司
单存礼
B29D 35/12
Loading...
一种拖鞋帮面的制备方法，其特殊之处是拖鞋帮面采用一种热塑性橡胶(TR)材料与布基材料相互结合，形成热塑性橡胶(TR)材料与布基材料为一体结构的帮面材料。首先将布基材料放在模具的下模板中，下模板中设置有凹槽，凹槽的深度控制在2mm-2.5mm；上模板中设置有凸槽，凸槽的高度控制在1.6mm-2.2mm；其次将热塑性橡胶(TR)原料注入橡胶鞋底注塑机，橡胶鞋底注塑机的温度控制在145℃-155℃，注塑时间控制在22秒-24秒，冷却3-4分钟，热塑性橡胶(TR)材料与布基材料即可牢固的结合为一体，从而实现了一种帮面具有挺立效果且美观性能强的拖鞋帮面的制备方法。
32. 203194717 艾绒鞋垫
CN
18.09.2013
A43B 17/00 Loading...
A43B 17/00
Loading...
201220397256.7
青岛亨达股份有限公司
王春世
A43B 17/00
Loading...
艾绒鞋垫，其特殊之处是在艾绒鞋垫表层粘上胶豆，实现了具有按摩、防滑效果的艾绒鞋垫产品。
33. 203168162 仿“八卦图”造型的防滑鞋底
CN
04.09.2013
A43B 13/22 Loading...
A43B 13/22
Loading...
201320159807.0
青岛亨达股份有限公司
单玉香
A43B 13/22
Loading...
仿“八卦图”造型的防滑鞋底，其特殊之处是在鞋底底部横向设置有仿“八卦图”造型的圆形防滑花纹；每个仿“八卦图”造型的圆形防滑花纹通过采用“S”造型的凹槽的设计，将圆形防滑花纹分为四个部位，每个部位中设置有仿“吸盘”造型的圆形凸起；同时在每个凹槽里面均匀的设置有“V”字造型的防滑凸起。
34. 203105828 防擦动鞋垫鞋
CN
07.08.2013
A43B 17/18 Loading...
A43B 17/18
Loading...
201320117874.6
青岛亨达股份有限公司
王海燕
A43B 17/18
Loading...
防擦动鞋垫鞋，其特殊之处是在鞋垫后跟部位与鞋中底后跟部位分别设置有固定区，将软子母扣通过辑线工艺固定在鞋垫后跟部位的固定区，将硬子母扣通过辑线工艺固定在鞋中底后跟部位的固定区。
35. 203073116 圆拱造型的防滑鞋鞋底
CN
24.07.2013
A43B 13/22 Loading...
A43B 13/22
Loading...
201320065421.3
青岛亨达股份有限公司
单玉香
A43B 13/22
Loading...
圆拱造型的防滑鞋鞋底，其特征是：在鞋底底部横向设置有仿“圆拱”造型的柱体，柱体的长度控制在1.2cm-1.5cm，柱体的宽度控制在7mm-8mm，柱体的高度控制在2mm-8mm，柱体之间的间距控制在2mm-3mm，每个仿“圆拱”造型的柱体按照从鞋底前掌部位到后跟部位高度依次递减的顺序进行横向排列。
36. 203073117 具有椭圆防滑片的鞋底
CN
24.07.2013
A43B 13/22 Loading...
A43B 13/22
Loading...
201320065422.8
青岛亨达股份有限公司
单存礼
A43B 13/22
Loading...
具有椭圆防滑片的鞋底，其特殊之处是在鞋底的底面设置有椭圆造型的防滑片，防滑片的高度控制在3mm-5mm。椭圆造型的防滑片按照从前掌部位至后跟部位横向的顺序进行排列，排列的每一行与相邻的一行形成错开的方式，即第一行中的第一个椭圆的左部分与第二行中的第一个右部分前后对应；同时为了达到鞋底具有一定的防滑效果，在鞋底椭圆造型的防滑片中采取四条沟槽的方式，将每个椭圆造型的防滑片分割开，形成八个小凸部，每个小凸部之间的沟槽的宽度控制在4mm-5mm。
37. 203073119 六边形的防滑、减震凸起鞋底
CN
24.07.2013
A43B 13/26 Loading...
A43B 13/26
Loading...
201320065380.8
青岛亨达股份有限公司
单玉萍
A43B 13/26
Loading...
六边形的防滑、减震凸起鞋底，其特殊之处是在鞋底的底面设置有六边形的防滑凸起，六边形的防滑凸起的高度定在3mm-5mm，六边形的防滑凸起按照从前掌部位至后跟部位的顺序进行排列，排列过程中每个六边形通过三条凹槽分成六部分，形成的凹槽宽度定在3mm-5mm。
38. 203058528 底部具有“三角”造型的防滑鞋底
CN
17.07.2013
A43B 13/22 Loading...
A43B 13/22
Loading...
201320065423.2
青岛亨达股份有限公司
单存礼
A43B 13/22
Loading...
底部具有“三角”造型的防滑鞋底，其特殊之处是在鞋底底部均匀的设置有“三角”造型设计的大型三角形防滑花纹，大型三角形防滑花纹中包含有三个小型三角形防滑花纹。每个大型三角形防滑花纹和每个小型三角形防滑花纹的高度规定在3mm-5mm，每个大型三角形防滑花纹之间的间距规定在3mm-4mm，每个小型三角形防滑花纹之间的间距规定在1.5mm-2mm。在使用时，当脚落地并在人体重力的作用下，三角形防滑花纹接触地面，使得三角形防滑花纹之间的间距能够很好的吸附地面，起到抓地力效果好的目的，从而实现了一种具有防滑功能的鞋底产品。
39. 203028255 一种止滑鞋的鞋底
CN
03.07.2013
A43B 13/22 Loading...
A43B 13/22
Loading...
201320039871.5
青岛亨达股份有限公司
单玉萍
A43B 13/22
Loading...
一种止滑鞋的鞋底，其特殊之处是在鞋底的前掌部位和后跟部位分别设置有前防滑层和后防滑层，前防滑层和后防滑层中设计有仿“树枝”造型的防滑花纹，仿“树枝”造型的防滑花纹包括有低于鞋底平面的纵向凹槽和高于鞋底平面的接地凸部组成，仿“树枝”造型的防滑花纹中的纵向凹槽如树枝的枝干，并将纵向凹槽的深度控制在2mm-5mm；每个接地凸部如树枝的枝丫排列在纵向凹槽的两侧，并将每个接地凸部的高度控制在3mm-6mm；每两个接地凸部形成的角度控制在70度-80度的范围内，并向鞋底前掌部位张开的方式有序的进行排列与组合。
40. 103110467 防足弓变形鞋
CN
22.05.2013
A61F 5/00 Loading...
A61F 5/00
Loading...
201310071344.7
青岛亨达股份有限公司
王吉万
A61F 5/00
Loading...
本发明涉及一种防足弓变形鞋，包括有鞋帮和鞋底，所述的鞋底包括有与脚面接触的中底和用于支撑中底的大底，所述的中底在足弓部位的厚度高出前脚掌和后跟部位，且足弓部位高出的部分的形状与脚底足弓相吻合。本发明的鞋将鞋的中底与脚对应的足弓部位抬高，与脚的足弓部位曲线相吻合，并将中底制作成三种密度不同的质感，穿着时，达到脚部受力均匀，防止足弓变形，并对变形的足弓进行矫正的效果。
41. 202941491 双层防水底台女鞋
CN
22.05.2013
A43B 7/14 Loading...
A43B 7/14
Loading...
201220293736.9
青岛亨达股份有限公司
单存礼
A43B 7/14
Loading...
双层防水底台女鞋，包括鞋帮、鞋底，其特殊之处是在不影响整体鞋子翘度的基础上，在鞋底前掌加入双层防水底台，分别外包上两种不同质感的包跟皮，通过胶粘工艺组合在一起。鞋跟的高度得到一定的缓解，使产品整体更具有层次感，从而实现了一种穿着舒适又具有美观效果的鞋产品。
42. 202932141 裤子靴筒女靴
CN
15.05.2013
A43B 3/02 Loading...
A43B 3/02
Loading...
201220680674.7
青岛亨达股份有限公司
单玉香
A43B 3/02
Loading...
裤子靴筒女靴，包括鞋帮、鞋底、靴筒、靴筒皮面、靴筒内里，其特殊之处是采用靴筒分层的结构，将靴筒皮面与靴筒内里分层，靴筒内里与鞋帮通过车缝工艺组合在一起，靴筒皮面延伸并将靴腰和跗面遮盖住形成裤腿造型，从而形成了一种结构新颖、靴筒如裤子造型效果的靴产品。
43. 202932158 一种磁疗健康鞋
CN
15.05.2013
A43B 7/00 Loading...
A43B 7/00
Loading...
201220680706.3
青岛亨达股份有限公司
刘泽顺
A43B 7/00
Loading...
一种磁疗健康鞋，其特殊之处是在鞋的中底上设置凹槽，凹槽中嵌入与足底穴位相对应的十二个磁粒，即与脑下垂体穴位相对应的磁粒、与耳穴位相对应的磁粒、与气管穴位相对应的磁粒、与太阳神经丛穴位相对应的磁粒、与肝脏穴位相对应的磁粒、与心脏穴位相对应的磁粒、与脾脏穴位相对应的磁粒、与肾脏穴位相对应的磁粒、与输尿管穴位相对应的磁粒、与膀胱穴位相对应的磁粒、与膝穴位相对应的磁粒、与失眠穴穴位相对应的磁粒；同时在中底及鞋垫的制作过程中采用抑菌净化剂、净化粉，从而实现了一种具有磁疗健康功能的鞋产品。
44. 103082570 一种止滑鞋的鞋底
CN
08.05.2013
A43B 13/22 Loading...
A43B 13/22
Loading...
201310029042.3
青岛亨达股份有限公司
单玉萍
A43B 13/22
Loading...
一种止滑鞋的鞋底，其特殊之处是在鞋底的前掌部位和后跟部位分别设置有前防滑层和后防滑层，前防滑层和后防滑层中设计有仿“树枝”造型的防滑花纹，仿“树枝”造型的防滑花纹包括有低于鞋底平面的纵向凹槽和高于鞋底平面的接地凸部组成，仿“树枝”造型的防滑花纹中的纵向凹槽如树枝的枝干，并将纵向凹槽的深度控制在2mm-5mm；每个接地凸部如树枝的枝丫排列在纵向凹槽的两侧，并将每个接地凸部的高度控制在3mm-6mm；每两个接地凸部形成的角度控制在70度-80度的范围内，并向鞋底前掌部位张开的方式有序的进行排列与组合。
45. 103082555 一种居家鞋
CN
08.05.2013
A43B 3/14 Loading...
A43B 3/14
Loading...
201310029041.9
青岛亨达股份有限公司
刘泽顺
A43B 3/14
Loading...
一种居家鞋，包括鞋底、鞋面、前帮盖、松紧带，其特殊之处是采用纺织面料或其他软性材料制作。鞋的前帮盖的前部分通过辑线工艺与鞋的帮围连接在一起；鞋的前帮盖的后部分呈自由敞开式，且通过辑线工艺将软子母扣与鞋的前帮盖的后部分固定在一起，同时硬子母扣与松紧带通过辑线工艺固定在一起；通过软子母扣与硬子母扣的相互扣合，达到鞋子穿脱自由的效果；同时在鞋后跟部位设置有鞋拔式拉环，方便鞋子穿脱。
46. 103057140 一种轻便鞋底材料的制备技术
CN
24.04.2013
B29D 35/12 Loading...
B29D 35/12
Loading...
201210546345.8
青岛亨达股份有限公司
单存礼
B29D 35/12
Loading...
一种轻便鞋底材料的制备技术，其特殊之处是将新型热塑性弹性体聚醋酸乙烯酯材料置入模具里进行加热至170-180℃，时间为5-6分钟，脱模后形成鞋底胚；将鞋底胚置入鞋底模具中，模具升温至170-180℃进行加热，加热温度为10分钟，然后将鞋底模具冷却至4-5℃，冷却时间为10分钟，鞋底即可脱模成型，从而制得的鞋底材料具有轻便的效果；同时在鞋底的前掌和后跟部位贴合橡胶防滑片，起到了防滑的作用。
47. 103054270 一种止滑、减震鞋
CN
24.04.2013
A43B 13/26 Loading...
A43B 13/26
Loading...
201210575405.9
青岛亨达股份有限公司
单玉香
A43B 13/26
Loading...
一种止滑、减震鞋，其特殊之处是在鞋底的前掌和后跟部位均匀的设置有若干个高度相同、长宽不一的柱体。将该种柱体有序的排列在鞋底的前掌和后跟部位，同时为了防止地上的石子等物品卡在鞋底上，将鞋底柱体排列间的间距控制在0.6-0.8毫米，相互排列的柱体从而形成了具有隔断效果的纹路。本发明的技术原理是：在鞋子穿着过程中，鞋底上的柱体形成隔断效果的纹路，可以防止在湿滑的地面上滑倒，并且能够阻止石子卡进鞋底；同时鞋底上面的柱体碰触地面的反弹力与地面对身体的冲击力相互抵消，有效的起到了减震作用。从而实现了一种鞋底具有止滑、减震效果的鞋产品。
48. 103054271 一种按摩鞋垫
CN
24.04.2013
A43B 17/00 Loading...
A43B 17/00
Loading...
201210575404.4
青岛亨达股份有限公司
单存礼
A43B 17/00
Loading...
一种按摩鞋垫，其特殊之处是在鞋垫的制作过程中，按照人体器官在脚掌上特定的反射作用点及穴位开有相应的微孔群，每个微孔群内镶有不同大小的圆球状磁粒，同时圆球状磁粒均高于鞋垫面。本发明利用圆球状磁粒刺激足部穴位，并按摩达至兴奋神经的作用，同时通过磁按摩脚掌反射性的加强身体各器官的活动，促进人体血液循环，不断调节人的精神，消除疲劳，从而实现了一种保健作用的鞋垫产品。
49. 103040194 一种磁性保健鞋垫的制作方法
CN
17.04.2013
A43B 17/00 Loading...
A43B 17/00
Loading...
201210546337.3
青岛亨达股份有限公司
刘泽顺
A43B 17/00
Loading...
一种磁性保健鞋垫的制作方法，其特殊之处是在鞋垫上按照脚部特定的23个与人体器官对应的穴位点，装置一定量的永久性磁粒，根据穴位所对应的不同器官，分直径分别为1cm、0.8mm、0.5mm三个级别的磁粒点。在需要磁场强度大的直径为1cm的穴位点，分别装置四个直径为1cm(1.5g左右)的永磁粒；在需要磁场强度稍弱的直径0.8mm的穴位点，分别置入六个直径为0.8cm(1.0g左右)的永磁粒；在需要磁场最弱的直径为0.5mm的穴位点，分别置入十三个直径为0.5mm(0.5g左右)的永磁粒。
50. 202873954 两用靴
CN
17.04.2013
A43B 3/24 Loading...
A43B 3/24
Loading...
201220397234.0
青岛亨达股份有限公司
杨建军
A43B 3/24
Loading...
两用靴，包括长靴筒、短靴筒、鞋底，其特殊之处是在原有短靴筒的基础上增加一个备用长靴筒，短靴筒上设置有钎子绊带与四合扣绊带，长靴筒下口设置有可穿入绊带的绊带孔，通过绊带孔与绊带的相互调节，可以使靴产品变换不同的款式与风格。
51. 202760287 两用矮靴
CN
06.03.2013
A43B 3/24 Loading...
A43B 3/24
Loading...
201220397241.0
青岛亨达股份有限公司
刘泽顺
A43B 3/24
Loading...
两用矮靴，包括靴简、靴内里、鞋底，其特殊之处是靴筒内里采用软质布类材料制作，将拉链设置在矮靴的外侧，通过拉链可以随意的将靴筒翻折，从而实现了风格进行随意变换的靴类产品。本实用新型的功能原理是：当靴筒外侧的拉链拉合时，靴筒紧伏小腿，具有时尚风格的效果；当靴筒外侧的拉链拉开时，靴筒可以翻折下来，形成如衬衣领子的造型，具有休闲风格的效果，从而实现了具有两用功能的靴类产品。
52. 102922762 一种双重亮度鞋底的制备方法
CN
13.02.2013
B29D 35/12 Loading...
B29D 35/12
Loading...
201210443817.7
青岛亨达股份有限公司
单存礼
B29D 35/12
Loading...
一种双重亮度鞋底的制备方法，其特殊之处是将鞋底的原料按照配比进行密炼加工成鞋底胚；然后根据要求，先将鞋底的模具喷砂，将凹陷的花纹喷成磨砂状，再将凸起的部分进行打蜡、抛光处理，直至将凸起的部分打磨到所需的光亮度；其次，根据模具的大小、规格、鞋底的标准重量将鞋底胚裁切，放入鞋底模具中，170-180℃高温硫化8分钟，成型后的鞋底的凸起部分即变成了磨砂的亚光，鞋底的凹陷部分即变成了亮度较高的双重质感，从而实现了一种具备亚光和亮光双重效果的鞋底产品。
53. 202722642 亮钻短靴
CN
13.02.2013
A43B 3/10 Loading...
A43B 3/10
Loading...
201220397254.8
青岛亨达股份有限公司
刘泽顺
A43B 3/10
Loading...
亮钻短靴，包括帮面、鞋底，其特殊之处是在帮面下料过程中，按照样板在帮面上进行定点、划线，利用手工缝制工艺将亮钻固定在帮面定点上，从而达到了具有一定美观、高档等效果的鞋靴产品。
54. 202722678 一种高跟鞋
CN
13.02.2013
A43B 7/16 Loading...
A43B 7/16
Loading...
201220397242.5
青岛亨达股份有限公司
张德仲
A43B 7/16
Loading...
一种高跟鞋，包括鞋帮、鞋底，其特殊之处是将鞋底前脚掌直接延伸到脚窝部位，形成具有一定支撑性的底台。当人在抬脚与落脚时，身体重量集中在底台上，减轻鞋跟承受压力的同时，起到稳固的作用，从而实现了一种穿着稳固性的高跟鞋产品。
55. 202722647 一种防滑鞋套鞋
CN
13.02.2013
A43B 3/16 Loading...
A43B 3/16
Loading...
201220397245.9
青岛亨达股份有限公司
张德仲
A43B 3/16
Loading...
一种防滑鞋套鞋，包括鞋帮、鞋底、防滑鞋套，其特殊之处是在鞋帮外面套上防滑鞋套，在防滑鞋套的底端，前掌与后跟部位分别设置有多个鞋钉，类似于“钉子鞋”的造型，具有很好的抓着力与耐磨性能。当需要时，可以将防滑鞋套直接套在鞋帮上，起到了防滑的作用；当不需要防滑鞋套的时候可以将其拿掉。从而实现了具有良好的防滑、耐磨、使用方便的防滑鞋套鞋。
56. 202722679 全套楦结构透气防震功能鞋
CN
13.02.2013
A43B 7/32 Loading...
A43B 7/32
Loading...
201220293695.3
青岛亨达股份有限公司
王吉万
A43B 7/32
Loading...
全套楦结构透气防震功能鞋，包括鞋帮、鞋底，其特征是在裁断下料时将鞋帮直接延伸至鞋内底，形成整体套楦的结构；在鞋底前掌和后跟部位设置有空腔，鞋底前掌和后跟部位的空腔里设置有圆形凹槽；将排气片分别嵌入鞋底前掌与鞋底后跟部位的空腔中，排气片上设置凸起结构，凸起结构与排气片上的凹槽吻合；鞋底后跟部位设置有进出气装置，进出气装置上附有微细孔复合膜，这种微细孔复合膜具有排气与透气的功能，可以阻隔外界雨水进入鞋内空腔。通过以上技术方案，当人走路抬脚与落脚的压力，促使鞋底内的空气进行循环置换，并且具有防震的功能，实现了一种全套楦结构的透气防震功能效果的鞋产品。
57. 102907819 塑身健康鞋
CN
06.02.2013
A43B 7/00 Loading...
A43B 7/00
Loading...
201210443799.2
青岛亨达股份有限公司
刘泽顺
A43B 7/00
Loading...
塑身健康鞋，包括鞋帮、鞋底，其特殊之处是将乙烯-醋酸乙烯共聚物(EVA)制作的中底、聚氯乙烯(PVC)材料制作的装饰片、新型橡胶材料制作的大底通过胶粘工艺进行组合，从而将制作鞋底的模具设计成为具有两头低中间高的弧形结构，所制得的鞋底也就具有了两头低中间高的弧形结构，这种弧形结构在穿着过程中使穿着者始终处于不稳定的状态，为了保持身体的平衡与稳定，穿着者需不断调整脚底部位及身体的平衡，使穿着者得了到全身的锻炼，消耗了身体的各部位脂肪，实现了一种具有塑造完美身材作用的鞋产品。
58. 202680740 一种应用皮革无缝粘接技术的兔毛拼接高筒靴
CN
23.01.2013
A43B 23/02 Loading...
A43B 23/02
Loading...
201220224335.8
青岛亨达股份有限公司
王吉万
A43B 23/02
Loading...
一种应用皮革无缝粘接技术的兔毛拼接高筒靴，包括靴筒、鞋帮，其特殊之处是将兔毛根据靴筒纸板的形状，将上压兔毛部件的底面边沿顺片至无厚度，顺片的宽度为8mm，将下压兔毛部件的上面边沿顺片至无厚度，顺片的宽度为8mm，然后将两片兔毛部件相互粘接牢固，通过制鞋工艺形成自然花纹的靴筒，然后再进行其他制鞋部件的组合，从而实现一种自然美观的高档高靴产品。
59. 202680706 一种减震按摩防滑鞋底
CN
23.01.2013
A43B 13/22 Loading...
A43B 13/22
Loading...
201220139012.9
青岛亨达股份有限公司
王吉万
A43B 13/22
Loading...
一种减震按摩防滑鞋底，其特殊之处是其减震功能的体现在于鞋底设计结构上利用“篮球原理”的设计理念，在鞋底的底面均匀的设置多个半球体结构，半球体的直径为1.4cm，这种半球体的结构，在人走路时，能够增加人体的弹跳力和缓冲力，达到轻松自如的效果；在鞋垫制作的过程中，一次性的在鞋垫的表面模压出多个按摩凸起，同时鞋底还采用粗犷隔断式的防滑花纹，使鞋底防滑的同时提升了产品的美观性能，从而达到一种具有按摩、减震、防滑效果的鞋底。
60. 202664412 透气、减震健康鞋
CN
16.01.2013
A43B 7/08 Loading...
A43B 7/08
Loading...
201220293750.9
青岛亨达股份有限公司
王吉万
A43B 7/08
Loading...
透气、减震健康鞋，包括鞋帮、鞋底，其特殊之处是鞋帮采用镭射工艺镭射成透气孔；在鞋底底面设置有圆形柱体，圆形柱体会根据人脚走路时压力循环的伸缩反应，来减轻人体重量对脚部产生的震荡。从而实现了一种具有透气、减震健康的鞋产品。
61. 202664441 亮片鞋
CN
16.01.2013
A43B 23/24 Loading...
A43B 23/24
Loading...
201220293712.3
青岛亨达股份有限公司
刘泽顺
A43B 23/24
Loading...
亮片鞋，包括鞋帮、鞋底，其特殊之处是将多种颜色的亮片不规律的整合在一起，利用亮片绣机将亮片绣在鞋帮上，从而实现了一种具有多种色彩装饰效果的鞋产品。
62. 202664445 多变鞋
CN
16.01.2013
A43C 11/24 Loading...
A43C 11/24
Loading...
201220293692.X
青岛亨达股份有限公司
刘泽顺
A43C 11/24
Loading...
多变鞋，包括鞋帮、鞋底、绊带，其特殊之处是靠近鞋帮后跟两侧的鞋帮面上分别安装有四合扣的凸面扣，与四合扣的凸面扣相对应的凹面扣安装在绊带的两侧，当四合扣的凹面扣与凸面扣扣合时，绊带在鞋上可以前后置换位置，并且可以随意的拆装绊带。通过上述技术方案，实现了一种利用拆装绊带或将绊带移动位置形成不同风格的鞋款式的产品。
63. 202603779 一种吸盘防滑鞋
CN
19.12.2012
A43B 13/26 Loading...
A43B 13/26
Loading...
201220224333.9
青岛亨达股份有限公司
刘泽顺
A43B 13/26
Loading...
一种吸盘防滑鞋，包括鞋帮、鞋底，其特殊之处是根据“仿生学”原理，模仿章鱼触角的造型，在人脚的前掌和后跟部位均匀的设置有多个吸盘，吸盘内腔设置为3个不同的深度，吸盘中间有高为1mm的圆形柱体，当人在行走时，圆形柱体根据人脚的压力循环的伸缩；同时在鞋底上设置高度为4mm的防滑花纹，从而实现了一种具有良好的防滑、减震效果的鞋产品。
64. 202536216 一种天然麻绳鞋垫凉鞋
CN
21.11.2012
A43B 3/12 Loading...
A43B 3/12
Loading...
201220138886.2
青岛亨达股份有限公司
王吉万
A43B 3/12
Loading...
一种天然麻绳鞋垫凉鞋，包括鞋帮、天然麻绳鞋垫、中底、鞋底，其特殊之处是其中底采用了天然的麻绳材料，编织成麻花状，再将一根编织好的麻花状的麻绳根据中底的大小、形状盘起来，形成天然麻绳鞋垫，通过胶粘工艺，将天然麻绳鞋垫与中底固定在一起，再进行鞋的其他部件组装。采用上述方案实现了一种吸湿、卫生性能好并且美观的天然麻绳中底凉鞋。
65. 202425688 一种轻便防滑鞋
CN
12.09.2012
A43B 3/00 Loading...
A43B 3/00
Loading...
201120492012.2
青岛亨达股份有限公司
单存礼
A43B 3/00
Loading...
一种轻便防滑鞋，其特殊之处是在于将新型热塑性弹性体聚乙烯材料置入模具中进行发泡，模具温度加热至170-180℃，5-6分钟后脱模形成鞋底胚；再将鞋底胚置入到鞋底模具中，将模具升温至170-180℃，加热10分钟，鞋底即可脱模成型，形成的鞋底重量比其他材质的鞋底的重量轻25％；同时在鞋底底面根据“水波纹”原理，设置有防滑花纹，后跟部位设置有圆形柱体，人在走路抬脚时，能够很好的抓住地面，达到具有轻便、防滑效果的鞋产品。
66. 202286600 双层双边红外线成型流水线
CN
04.07.2012
A43D 25/20 Loading...
A43D 25/20
Loading...
201120264735.7
青岛亨达股份有限公司
王吉万
A43D 25/20
Loading...
双层双边红外线成型流水线，其特殊之处在于通过平行并排设置左上输送装置、左下输送装置、右上输送装置和右下输送装置四个装置，并沿输送装置的输送方向一次设置多个操作区间和多级红外线烤箱；首先有独特的外观设计，烘箱可根据鞋款不同自由移动，流程可变，四段控温；烘箱采用红外线照射设备，由常温升至工作温度5分钟65℃，使胶水渗透进入鞋面及大底；恒温及热风对流设计，使烘箱内温度均匀无温差；快速输送带将贴好底的鞋子传送到压底操作手；温控器精准控制烘箱温度；烘箱控制采用晶闸管电力控制器控制，使用功率65％；输送带采用微电脑变频控制。从而达到一种结构紧凑、布局合理的双层双向贴底生产线。
67. 202233264 帮跟一体式凉鞋
CN
30.05.2012
A43B 3/12 Loading...
A43B 3/12
Loading...
201120264792.5
青岛亨达股份有限公司
单玉萍
A43B 3/12
Loading...
帮跟一体式凉鞋，包括帮面、鞋跟，其特殊之处在于将帮面粘贴在软木包跟皮上面，缉线并固定，其次，将鞋跟刷上P-153处理剂，软木包跟皮和鞋跟分别刷两遍053胶兑650胶，即可完成包跟技术，当鞋子制作成型后，使整个鞋产品呈现一种帮跟一体式的效果。
68. 102389181 一种橡胶仿真皮大底的制作工艺
CN
28.03.2012
A43B 13/04 Loading...
A43B 13/04
Loading...
201110208587.1
青岛亨达股份有限公司
王吉万
A43B 13/04
Loading...
一种橡胶仿真皮大底的制作工艺，其特殊之处是在鞋底材料表面喷上一层处理剂，入烘箱加温，烘箱温度为60℃，放置3分钟，待晾干后喷一层底漆，喷底漆的喷枪口径大小为1.5mm，放置5-6分钟，待干后再均匀的喷一层面漆，喷面漆的喷枪口径大小为3mm，然后用砂布轮进行摩擦，其砂布轮转速为800-900转/分，保证了其光滑度与亮度，从而实现了具有真皮效果的仿真皮大底的制作工艺。
69. 202172932 一种空调保健鞋底
CN
28.03.2012
A43B 13/20 Loading...
A43B 13/20
Loading...
201120264812.9
青岛亨达股份有限公司
单玉萍
A43B 13/20
Loading...
一种空调保健鞋底，其特殊之处是有底气孔鞋底的前掌面为自上而下的三层结构：按摩垫、透气防水层、透气网，鞋底的后掌部位设有带进、出气嘴的空气调节装置，而中底上有与空气调节装置的囊状体相触的压板及前掌面上的多个气孔，鞋底中间上设有隔板组成的气道和气室，当鞋子制作成型后，从而达到具有保健效果的鞋产品。
70. 202143478 一种减震鞋垫
CN
15.02.2012
A43B 17/03 Loading...
A43B 17/03
Loading...
201120264804.4
青岛亨达股份有限公司
单存礼
A43B 17/03
Loading...
一种减震鞋垫，包括鞋垫、减震气垫，其特殊之处在于鞋垫后跟设置内槽，内槽置有减震气垫。根据人走路时的规律，当人脚落地的时候，重心放在脚的后半部，对鞋垫后跟部位产生压力，这时鞋垫后跟处置入的减震气垫受到压力，对脚底进行反弹和缓冲，减少身体和脚部的疲劳，起到减震助步的作用。
71. 202135769 一种防滑、防磕旅游鞋
CN
08.02.2012
A43B 3/00 Loading...
A43B 3/00
Loading...
201120264794.4
青岛亨达股份有限公司
王吉万
A43B 3/00
Loading...
一种防滑、防磕旅游鞋，包括鞋帮、鞋底，其特殊之处在于鞋帮延伸到鞋底下面的面皮将鞋底包住，鞋底的下面有若干个凸块，并且有与凸块相对应的镂空，当鞋底落地时，加大对地面的附着力，可以增强防滑效果；同时以TPR材料制作而成的防磕条固定在鞋跟前、后包跟上，并从防磕条上冲压出来的呈凸状体的小珠，起到了耐磕碰而不易受损的效果。
72. 202135774 全松紧式凉鞋
CN
08.02.2012
A43B 3/12 Loading...
A43B 3/12
Loading...
201120264771.3
青岛亨达股份有限公司
单存礼
A43B 3/12
Loading...
全松紧式凉鞋，包括鞋帮、鞋跟，其特殊之处是帮面制作采用莱卡布与松紧绊带结合，后包制作采用起毛布，并且按有拉链，使整个鞋产品具有一定的柔软舒适性与美观效果。
73. 202135775 一种凉鞋
CN
08.02.2012
A43B 3/12 Loading...
A43B 3/12
Loading...
201120264782.1
青岛亨达股份有限公司
王吉万
A43B 3/12
Loading...
一种凉鞋，包括帮面、鞋底，其特殊之处在于将硬度为90-100度的聚氯乙烯材质的中底与橡胶大底结合，硬度为90-100度的聚氯乙烯材质的中底上置有热塑性聚氨酯弹性体天然皮包乳胶海绵垫，在鞋子制作成型后，达到产品牢固度及柔软舒适效果的鞋产品。
74. 102318932 一种数字化制鞋技术
CN
18.01.2012
A43D 1/02 Loading...
A43D 1/02
Loading...
201110208614.5
青岛亨达股份有限公司
单存礼
A43D 1/02
Loading...
一种数字化制鞋技术，其特殊之处是采用三维足部激光扫描仪针对消费者个人脚型特点，测量出精准的个人脚型数据，然后将脚型数据输入计算机系统，计算出脚模制作需要的数据。三维足部激光扫描仪连接了三维电脑脚模雕刻机，将计算好的数据输入三维电脑脚模雕刻机中，系统自动将脚模胚进行精加工，从而形成多个鞋楦型体，通过自主研发的三维立体设计软件系统、及放软件系统，根据消费者个人脚型特点和喜好，进行创意设计，满足消费者个性化需求；将鞋款的设计数据输入三维电脑皮革输出机，该设备采用高清晰投影，电脑排版，真空吸附皮革、振动刀头切割等系统对皮革原材料进行自动切割，最后传给制鞋车间生产完成批量生产，从而实现了一种数字化制鞋技术。
75. 102318934 一种鞋用鱼皮补强技术
CN
18.01.2012
A43D 8/16 Loading...
A43D 8/16
Loading...
201110208613.0
青岛亨达股份有限公司
刘泽顺
A43D 8/16
Loading...
一种鞋用鱼皮补强技术，其特殊之处是在于帮面材料采用光漆牛皮和天然皮材料，在鞋的制作过程中，采用热熔补强技术，在鱼皮反面熨烫上定型衬，先将热熔主跟加热变软，贴合在皮面的反面，再用标准冷定型模具固定其形状，同时采用在饰扣上涂抹防氧化的油性物质，防止饰扣被氧化变色，从而实现了具有美观效果的鞋材料的制作工艺。
76. 102302234 一种凉鞋
CN
04.01.2012
A43B 3/12 Loading...
A43B 3/12
Loading...
201110208612.6
青岛亨达股份有限公司
王吉万
A43B 3/12
Loading...
一种凉鞋，其特殊之处在于将硬度为90-100度的聚氯乙烯材质的中底与橡胶大底结合，硬度为90-100度的聚氯乙烯膜是利用真空压膜机在110度的高温下压附在板材的表面，确保了硬度为90-100度的聚氯乙烯膜粘附力好，不易脱落；鞋垫则是由热塑性聚氨酯弹性体天然皮包乳胶海绵垫，在鞋子制作成型后，实现了具有牢固度强、柔软舒适效果的鞋产品。
77. 202060078 一种按摩凉鞋
CN
07.12.2011
A43B 3/12 Loading...
A43B 3/12
Loading...
201020632140.8
青岛亨达股份有限公司
单存礼
A43B 3/12
Loading...
一种按摩凉鞋，包括帮面、鞋底，其特殊之处在于在中底上采用设计大小不一的柱状凸起，有规律的排列在中底上；大底采用柔软耐折的PU材料，实现了具有按摩、防滑效果的鞋产品。
78. 102228327 Full-elastic sandal
CN
02.11.2011
A43B 3/12 Loading...
A43B 3/12
Loading...
201110208570.6
Qingdao Hengda Co.,Ltd.
Shan Cunli
A43B 3/12
Loading...
The invention relates to a full-elastic sandal, which aims to prevent toes from rushing forwards during foot raising. In a front upper, an elastic strap without elasticity is wrapped by lycra cloth; in a rear upper, an elastic strap with high elasticity is wrapped by the lycra cloth; and in a rear package, felt shell fabrics are adopted, and a zipper is arranged to fulfill the aim that the sandal is convenient to wear, so that the integral full-elastic sandal has a certain soft comfort level and the effect of attractive appearance.
79. 102222288 Integrated software for manufacturing shoes
CN
19.10.2011
G06Q 10/00 Loading...
G06Q 10/00
Loading...
201110208590.3
Qingdao Hengda Co.,Ltd.
Wang Jiwan
G06Q 10/00
Loading...
The invention discloses integrated software for manufacturing shoes. The integrated software is characterized in that: bar code technology combination and order execution situation tracking are performed by utilizing four main modules, such as a purchasing management module, a production module, a stock module and a sale module, in a production, sale and management integrated system based on an NET development environment, and performing guarantee of orders are finished, and the satisfaction degree of clients is ensured.
80. 201938518 竹炭抗菌防臭鞋垫
CN
24.08.2011
A43B 17/00 Loading...
A43B 17/00
Loading...
201020670174.6
青岛亨达股份有限公司
单玉香
A43B 17/00
Loading...
一种竹炭抗菌防臭鞋垫，包括PU鞋垫、无纺布，其特殊之处是将经过处理后的纯天然竹炭粉末均匀的平铺在PU鞋垫与无纺布之间，PU鞋垫上均匀的分布着大小统一的小气孔，从而实现了抑菌强、除臭快的效果。
81. 102152487 Unit sole high-heeled shoe stability technology
CN
17.08.2011
B29D 35/12 Loading...
B29D 35/12
Loading...
201010549542.6
Qingdao Hengda Co.,Ltd.
Shan Yuping
B29D 35/12
Loading...
The invention discloses a unit sole high-heeled shoe stability technology, which is characterized in that: a hard heel made of acrylonitrile butadiene styrene (ABS) is arranged inside a heel of a unit sole, and the ABS heel is firmly combined with a shank through an injection molding process and can support the weight of the whole shoe and the human body; in the process of manufacturing the unit sole, a special shank is adopted, the rear end of the shank is elongated, the elongated part is fixed with the heel together to prevent the shank from loosening; in combination of the shank and the sole, the shank is arranged in a heel mold, ABS heel raw materials are injected in the mold at the temperature of between 170 and 180 DEG C for 1 minute, and the shank can be firmly combined with the ABS heel together; the special shank is arranged in a sole mold, polyurethane (PU) stock solution is injected into the mold at the temperature of between 45 and 55 DEG C for 7 minutes, and the sole can be demolded. In the scheme, the special shank is arranged in the heel of the unit sole to strengthen the combination of the shank and the heel; therefore, the unit sole high-heeled shoe stability technology is achieved.
82. 102150977 Water transfer technology for making soles
CN
17.08.2011
A43D 8/22 Loading...
A43D 8/22
Loading...
201010549574.6
Qingdao Hengda Co.,Ltd.
Wang Jiwan
A43D 8/22
Loading...
The invention discloses a water transfer technology for making soles, which is characterized in that: a proper water printing film is selected according to a required pattern and the characteristic of a sole, is put on a horizontal plane, and sprayed with an activating agent, the sole is put on the water printing film and immersed in water with the temperature of between 35 and 40DEEG C for 25 to 30 seconds, excessive waste film, waste materials and the like are washed off with clear water, the sole is dried at the temperature of between 50 and 60DEG C, and a brightener is sprayed as required so as to complete the transfer technology.
83. 201919828 抗震按摩鞋
CN
10.08.2011
A43B 17/02 Loading...
A43B 17/02
Loading...
201020576327.0
青岛亨达股份有限公司
单存礼
A43B 17/02
Loading...
一种抗震按摩鞋，包括鞋底、鞋帮、抗震按摩鞋垫，其特殊之处是将抗震按摩鞋垫置入鞋内腔，抗震按摩鞋垫底面的前端脚趾处有按摩凸起，中部与后跟部位有6mm高度的柱体，在抗震按摩鞋垫上面脚掌和后跟处有透气孔，与底面6mm高度的柱体相通，通过抗震按摩鞋垫来达到抗震、按摩、透气多功能的鞋产品。
84. 201876669 一种钟表
CN
22.06.2011
G04B 19/10 Loading...
G04B 19/10
Loading...
201020263087.9
青岛亨达股份有限公司
王吉万
G04B 19/10
Loading...
一种钟表，包括钟表所具备的各个配件，电子表芯、时针一支、分针一支、秒针一支，表盘一块，其特殊之处是表盘划分为内圈、中圈和外圈，内圈显示的是由阿拉伯数字表示的一天24小时，中圈将内圈显示的一天24小时划分为12个时辰，并用阿拉伯数字奇数1-23表示12个时辰，12个时辰分别显示肝、肺、大肠、胃、脾、心脏、小肠、膀胱、肾、心包、三焦经、胆12个不同的人体器官。当钟表时针指到某个时辰时，会提醒人们做好相关的保养，实现了一种通过按照古代人们将一天分为12个时辰，钟表指针走到某一个时辰会提醒人们注意身体保养的养生钟表。
85. 201860869 鞋口收褶男鞋
CN
15.06.2011
A43B 3/30 Loading...
A43B 3/30
Loading...
201020632121.5
青岛亨达股份有限公司
王吉万
A43B 3/30
Loading...
一种鞋口收褶男鞋，包括鞋底、鞋帮，其特殊之处是鞋帮后跟上部分的两侧采用皮面包1cm的松紧，使鞋口自然起褶，鞋后跟自然紧伏在脚上，从而实现了鞋口收褶、跟脚效果的鞋产品。
86. 102058199 Magnetic therapy health shoe producing technology
CN
18.05.2011
A43B 7/00 Loading...
A43B 7/00
Loading...
201010564951.3
Qingdao Hengda Group Co., Ltd.
Shan Yuxiang
A43B 7/00
Loading...
The invention discloses a magnetic therapy health shoe producing technology which is characterized in that twelve sole acupuncture points are arranged on a midsole of each shoe, including hypophysis, ears, trachea, solar plexus, liver, heart, spleen, kidney, ureter, bladder, knee and insomnia acupuncture point, and acted on ferrum in human blood through magnetic induction of a magnet; the ferrum moves and then carries out the friction movement with the blood and blood vessels to generate friction heat for raising the temperature of the blood, so that the conditions the blood viscosity and circulation slowing of the middle-aged and old and the like can be improved and the cardiovascular disease and other diseases of old people can be prevented; and an antibacterial purifying agent and purifying powder are used in the production process of the midsole and insole, thereby realizing the magnetic therapy health shoe producing technology.
87. 102058200 Technology for manufacturing shoes with function of massage by remotely controlling microcomputer
CN
18.05.2011
A43B 7/00 Loading...
A43B 7/00
Loading...
201010596786.X
Qingdao Hengda Group Co., Ltd.
Wang Jiwan
A43B 7/00
Loading...
The invention discloses a technology for manufacturing shoes with a function of massage by remotely controlling a microcomputer, which is characterized in that an electronic module is arranged at a spring heel and can generate over 36-V weak current pulse after being electrified, massage energy is transferred to sole acupoints through conducting electrode insoles, the electrical field and the organism magnetic field of a human body are regulated through meridians and collaterals as well as acupoints, and the energy is controlled by an external remote controller to achieve the effects of relaxing the muscles and stimulating the blood circulation, relieving fatigue, and promoting the circulation of blood, thereby realizing the technology for manufacturing shoes with the function of massage by remotely controlling the microcomputer.
88. 102059773 Method for manufacturing dual-density sole
CN
18.05.2011
B29C 45/16 Loading...
B29C 45/16
Loading...
201010600703.X
Qingdao Hengda Group Co., Ltd.
Wang Jiwan
B29C 45/16
Loading...
The invention relates to a method for manufacturing a dual-density sole. The method is characterized by comprising the following steps: firstly preheating and mixing stock solution A and stock solution B of a lower layer hard PU (polyurethane) by adopting a secondary injection process capable of dividing the upper layer and the lower layer of a mould, thereby forming a lower layer PU inner sole with hardness of 88 degrees; then placing the moulded lower layer inner sole into another mould to be injected with the stock solution of a soft PU inner sole, thereby forming an upper layer PU inner sole with the hardness of 38 degrees; placing soft material with low density and good elasticity on the upper layer of the inner sole, thereby realizing the buffering and damping functions during the walking of people; and placing hard material with high density on the lower layer of the inner sole to realize locating and supporting functions, thereby realizing the method for manufacturing the dual-density sole.
89. 102058201 Making method of charging heating shoes
CN
18.05.2011
A43B 7/02 Loading...
A43B 7/02
Loading...
201010600712.9
Qingdao Hengda Group Co., Ltd.
Shan Cunli
A43B 7/02
Loading...
The invention relates to a making method of a pair of charging heating shoes, characterized in that infrared electric heating films are arranged on the middle shoe soles and the front half parts of the soles. Each infrared electric heating film is an electric-heating infrared radiator, which is made of metal and sealed by an upper layer and a lower layer of plastic films with high insulation strength and resistances to aging and high temperature, so that the radiator is not in contact with air. After being connected with a power supply, the shoes can radiate infrared rays with physiotherapy action on human bodies; meanwhile, an external special charger is adopted for connecting an external power supply; after the shoes are fully charged once, the inside temperature of the shoes is controlled to range from 25 DEG C to 28 DEG C and can be kept for about 8 h so that a person can be in a warm state for a long time and the person need is met, and thus, the making method of the charging heating shoes is realized.
90. 102058203 Technology for manufacturing soles of shoes dedicated for drivers
CN
18.05.2011
A43B 13/22 Loading...
A43B 13/22
Loading...
201010596771.3
Qingdao Hengda Group Co., Ltd.
Shan Cunli
A43B 13/22
Loading...
The invention discloses a technology for manufacturing soles of shoes dedicated for drivers, which is characterized in that an insole is cancelled in the manufacture technology. The upper and the bottom of each shoe are combined into a whole; a foot contacts with an insole; the position of an anti-skidding base sheet is developed; the sole adopts a 'blocked' design structure which is embedded into the upper of the sole; a rubber material with strong slip resistance is chosen; and the half sole and the heel are 8mm higher than an outsole, thereby bringing good anti-skidding performance. Thus, the technology for manufacturing the soles of shoes dedicated for drivers realizes even stress on feet and even brake.
91. 102059770 Midsole-free shoemaking technology
CN
18.05.2011
B29C 45/00 Loading...
B29C 45/00
Loading...
201010596775.1
Qingdao Hengda Group Co., Ltd.
Liu Zeshun
B29C 45/00
Loading...
The invention discloses a midsole-free shoemaking technology which is characterized in that each shoe can be produced by the following steps of: by adopting a simulation leather shoe pad, punching an incision according to the position and the width of an upper band; combining the upper band with the simulation leather shoe pad together through stitches according to the upper band allowance; feeding a shoe tree into an upper; placing the upper into a die; and injecting a PU (Polyurethane) stock solution into the die with the temperature of 60-70DEG C and cooling for 8 minutes and forming by stripping die. The sole is painted according to the characteristics of products so as to achieve the ideal effect. The upper band can be combined with the simulation leather shoe pad together through the stitches. By adopting a one-step injection process, the midsole-free shoemaking technology can be realized.
92. 102040329 New production process of toughened vacuum glass
CN
04.05.2011
C03B 23/24 Loading...
C03B 23/24
Loading...
201010115983.5
Qingdao Hengda Glass Technology Co., Ltd.
Xu Zhiwu
C03B 23/24
Loading...
The invention discloses a new production process of toughened vacuum glass. The process is characterized by comprising the following process steps of: making a supporting point, namely making the supporting point on the surface of flat plate glass by a screen printing method; curing, namely airing naturally or drying so as to form the supporting point; manufacturing toughened glass with the supporting point; compounding and sealing; and vacuumizing and sealing an exhaust hole. The process has the advantages that: vacuum glass can be toughened or semi-toughened, so that the safety performance of a product is ensured and the application range of the product is expanded; the glass supporting point is processed in a screen printing mode, so that production efficiency is improved, automatic level is raised, the process can be applied to mass production and the thickness of a vacuum layer is convenient to adjust; due to the application of lead-free glass powder, an environmentally-friendly and nontoxic product is obtained and the low energy consumption and high efficiency of production are ensured by the low melting point of the lead-free glass powder; and due to the application of an evapotranspiration getter, the service life of the product is prolonged effectively and the transparency of glass is enhanced effectively.
93. 102030464 Continuous production equipment of vacuum glass
CN
27.04.2011
C03B 23/24 Loading...
C03B 23/24
Loading...
201010133364.9
Qingdao Hengda Glass Technology Co., Ltd.
Xu Zhiwu
C03B 23/24
Loading...
The invention discloses continuous production equipment of vacuum glass, comprising a sealing furnace for carrying out even heating and sealing on the glass, a heating box inlet and outlet sealing furnace mechanism, a heating box for storing the vacuum glass, an opening and placing mechanism of a box cover of the box, a natural cooling device of the box cover, an evacuation vent mechanism and a mechanism for taking out finished vacuum glass and placing the vacuum glass to be sealed. The continuous production equipment of the vacuum glass has the characteristics of continuous process, multi-station and high efficiency.
94. 102024579 Dye-sensitization photovoltaic vacuum glass
CN
20.04.2011
H01G 9/20 Loading...
H01G 9/20
Loading...
201010115970.8
Qingdao Hengda Glass Technology Co., Ltd.
Xu Zhiwu
H01G 9/20
Loading...
The invention relates to dye-sensitization photovoltaic vacuum glass comprising a dye-sensitization solar battery and vacuum glass which are overlapped, wherein a cavity is arranged between the dye-sensitization solar battery and the vacuum glass, and the peripheries of the dye-sensitization solar battery and the vacuum glass are mutually supported and connected by seal edges to form hollow glass. The invention has the beneficial effect that the vacuum glass can reach toughened effect or half-toughened effect, ensures the safety performance of products and enlarges the application range of the products; glass fulcrums are processed by adopting a screen printing mode, the production efficiency and the automation level are improved, and the thickness of a vacuum layer is convenient to regulate; the application of lead-free low melting glass powder realizes the environmental protection and the no-toxin of products, the low melting point of the lead-free low melting glass powder ensures the low energy consumption and the high efficiency of production; the application of an evaporable getter effectively prolongs the service life of the products and increases the transparency of the glass; and the dye-sensitization solar battery comprising conductive glass is combined with the vacuum glass to form a novel glasswork with multiple effects of solar power generation, heat preservation, heat insulation, sound insulation, and the like.
95. 102020415 Arc-shaped vacuum glass
CN
20.04.2011
C03B 23/24 Loading...
C03B 23/24
Loading...
201010115973.1
Qingdao Hengda Glass Technology Co., Ltd.
Xu Zhiwu
C03B 23/24
Loading...
The invention relates to arc-shaped vacuum glass which is characterized by comprising at least one piece of arc-shaped glass with a support point and the other piece of arc-shaped glass with an exhaust hole, wherein the arc-shaped glass with the support point and the arc-shaped glass with the exhaust hole are mutually superposed; the peripheries of the arc-shaped glass with the support point and the arc-shaped glass with the exhaust hole are sealed by lead-free glass powder; and a clearance between the arc-shaped glass with the support point and the arc-shaped glass with the exhaust hole are vacuumized to form arc-shaped vacuum glass. The invention has the advantages that the vacuum glass per se can be arc-shaped, and the application range of a product is expanded; the vacuum glass can achieve tempering or semi-tempering effect, the safe performance of the product is ensured, and the application range of the product is further expanded; the glass support point is processed in a silk screen printing way, the productivity and automatization level are improved, and the glass can be used for mass production; the thickness of a vacuum layer is convenient for adjustment; and the application of the lead-free glass powder realizes the environmental-protection and non-toxic properties of the product, and a low melting point of the lead-free glass powder ensures the low energy consumption and high efficiency of production.
96. 201790036 两用靴
CN
13.04.2011
A43B 3/02 Loading...
A43B 3/02
Loading...
201020250341.1
青岛亨达股份有限公司
单存礼
A43B 3/02
Loading...
一种两用靴，包括靴筒和靴腰，靴腰设计成不同风格的样式，其特殊之处是在靴筒里面的上口设置有四合扣的凹面扣，在靴腰下口的里面，与靴筒下口四合扣的凹面扣相吻合处设置有四合扣的凸面扣，通过四合扣的凹面扣与凸面扣来随意拆装靴腰与靴筒，实现了一种通过四合扣的调节来达到鞋靴功能、风格进行变化的鞋靴产品。
97. 101991209 Low-carbon shoe making technology
CN
30.03.2011
A43B 1/00 Loading...
A43B 1/00
Loading...
201010549599.6
Qingdao Hengda Co., Ltd.
Dan Cunli
A43B 1/00
Loading...
The invention relates to a low-carbon shoe making technology which is characterized in that environmental materials, a low energy consumption technology and the like are adopted; uppers are made of organic environmental protection materials of leather/textile fabrics which can be buried and decomposed, insoles are made of linen materials which are environmental-friendly and can be buried to be naturally decomposed, a sole is made of rubber, thio rubber (TR), thermoplastic rubber (TPR), polyvinyl chloride (PVC), polyurethane (PU) and the like which can be reused, a main heel and a covering head are made of TPR materials which do not need to be electrically heated and do not contain benzene, and the TPR belongs to an environmental-friendly material, can be recycled and can be decomposed after being buried. The junction of the parts is changed to seamless adhering. Each pair of shoes has the advantages that 3.3 KWH of electricity can be saved, and the use ratio of the leather can be improved by more than 17%. The technologies of adhering facings and linings, adhering strengthened linings, and adhering flanging adopt water-based white latex with the advantages of favorable adhesive performance, safety, environment protection, resource saving and the like. The sole adhering adopts water-based non-benzene PU resin glue which is non-toxic and pollution-free.
98. 201743030 多变鞋
CN
16.02.2011
A43B 3/24 Loading...
A43B 3/24
Loading...
201020262999.4
青岛亨达集团有限公司
刘泽顺
A43B 3/24
Loading...
一种多变鞋，包括鞋底、鞋帮，其特殊之处是鞋帮后跟的上部延伸出一段鞋带，鞋带上安装有按扣的凹面扣，与凹面扣相对应的凸面扣安装在鞋帮后跟上部，不同风格的装饰鞋带通过凹面扣和凸面扣的扣合、打开可以随意拆装，从而使鞋子具有多变的效果。
99. 201743018 面、里分层鞋
CN
16.02.2011
A43B 3/00 Loading...
A43B 3/00
Loading...
201020262975.9
青岛亨达集团有限公司
单玉萍
A43B 3/00
Loading...
一种面、里分层鞋，包括帮面、内里、鞋底，其特殊之处在于帮面和内里只在前头部位牢固的结合在一起，其他部位帮面和内里为分层结构。当鞋子制作成型后，帮面跗面部位自然起褶，使整个鞋子具有自然的休闲风格，实现了帮面与内里只在前头部位粘接，其他部位分层，使帮面跗面部位自然起褶效果的鞋产品。
100. 201698911 弧形染料敏化光伏真空玻璃
CN
05.01.2011
H01G 9/20 Loading...
H01G 9/20
Loading...
201029251110.X
青岛亨达玻璃科技有限公司
刘成伟
H01G 9/20
Loading...
一种弧形染料敏化光伏真空玻璃，包括弧形真空玻璃，其特征是，在所述的弧形真空玻璃的一侧设有与其相同曲度的弧形染料敏化太阳电池，在二者的边缘之间通过封边支撑连接并密封，在该弧形真空玻璃与弧形染料敏化太阳电池之间留有空腔。本实用新型的有益效果是：该结构既能保温、隔热、隔音；又能利用太阳能发电，并且扩大了产品的应用范围。
101. 201663056 染料敏化光伏中空玻璃
CN
01.12.2010
H01G 9/20 Loading...
H01G 9/20
Loading...
201020121339.4
青岛亨达玻璃科技有限公司
徐志武
H01G 9/20
Loading...
一种染料敏化光伏中空玻璃，其特征是，包括染料敏化太阳电池和平板玻璃，二者的周边通过封边相互支撑连接，在该染料敏化太阳电池与平板玻璃之间留有空腔构成中空玻璃。本实用新型的有益效果是：该中空玻璃既能保温、隔音，又能利用太阳能发电，扩大了产品的应用范围；该中空玻璃的透光率优于其它太阳能电池与平板玻璃的组合。
102. 101878974 Waterproof and breathable technology
CN
10.11.2010
A43B 7/12 Loading...
A43B 7/12
Loading...
201010219565.0
Qingdao Hengda Group Co., Ltd.
Wang Jiwan
A43B 7/12
Loading...
The invention relates to a waterproof and breathable technology, which is characterized in that the inner lining and the inner pad of a shoe are connected to form a waterproof sleeve; the inner lining and the inner pad of the shoe are internally provided with a layer of thermal plastic film; the thermal plastic film is sandwiched between the leather upper and the inner lining and between the shoe sole and the inner pad; the thermal plastic film has functions of water resistance and ventilation; during production, the upper and parts in the shoe are connected by waterproof threads to ensure water resistance of eyelets on the surface; the joints of the parts in the shoe is sewn with thermal sealing tape which is sewn by a sewing machine at 180-250 DEG C; and the flesh sides of the joints of the parts of the upper are coated with waterproof glue for sealing to prevent water permeation at the joints. The waterproof and breathable shoemaking technology is realized by forming the waterproof sleeve in the shoe and additionally arranging a layer of thermal plastic film outside the waterproof sleeve.
103. 201609144 多变凉鞋
CN
20.10.2010
A43B 3/12 Loading...
A43B 3/12
Loading...
200920241029.3
青岛亨达集团有限公司
王吉万
A43B 3/12
Loading...
一种多变凉鞋，包括鞋底、鞋帮带，其特点是前帮带包括了侧帮带和中帮带，中帮带通过线圈与侧帮带连接，并通过子母扣进行扣合，形成整个前帮带，中帮带可以制作成不同的颜色、风格，消费者根据不同的喜好通过子母扣的打开和扣合进行更换。本实用新型实现了一种通过更换不同颜色、风格的帮带来达到变换整个鞋子的风格的凉鞋。
104. 201611663 弧形薄膜光伏真空玻璃
CN
20.10.2010
H01L 31/048 Loading...
H01L 31/048
Loading...
201029251111.4
青岛亨达玻璃科技有限公司
刘成伟
H01L 31/048
Loading...
一种弧形薄膜光伏真空玻璃，包括弧形真空玻璃，其特征是，在所述的弧形真空玻璃的一侧设有与其相同曲度的弧形薄膜太阳电池，在二者的边缘之间通过封边支撑连接并密封，在该弧形真空玻璃与弧形薄膜太阳电池之间留有空腔。本实用新型的有益效果是：该结构既能保温、隔热、隔音；又能利用太阳能发电，并且扩大了产品的应用范围。
105. 201608192 弧形晶体硅光伏真空玻璃
CN
13.10.2010
H01L 31/048 Loading...
H01L 31/048
Loading...
201029251112.9
青岛亨达玻璃科技有限公司
刘成伟
H01L 31/048
Loading...
一种弧形晶体硅光伏真空玻璃，包括弧形真空玻璃，其特征是，在所述的弧形真空玻璃的一侧设有与其相同曲度的弧形晶体硅太阳电池，在二者的边缘之间通过封边支撑连接并密封，在该弧形真空玻璃与弧形晶体硅太阳电池之间留有空腔。本实用新型的有益效果是：既能保温、隔热、隔音；又能利用太阳能发电，并且扩大了产品的应用范围。
106. 201608190 平板薄膜光伏真空玻璃
CN
13.10.2010
H01L 31/048 Loading...
H01L 31/048
Loading...
201029251108.2
青岛亨达玻璃科技有限公司
刘成伟
H01L 31/048
Loading...
一种平板薄膜光伏真空玻璃，包括平板真空玻璃，其特征是，在所述的平板真空玻璃的一侧设有平板薄膜太阳电池，在二者的边缘之间通过封边支撑连接并密封，在该平板真空玻璃与平板薄膜太阳电池之间留有空腔。本实用新型的有益效果是：既能保温、隔热、隔音，又能利用太阳能发电，扩大了产品的应用范围；其真空玻璃的保温、隔热、隔音等性能优于普通的中空玻璃结构。
107. 201608191 平板晶体硅光伏真空玻璃
CN
13.10.2010
H01L 31/048 Loading...
H01L 31/048
Loading...
201029251109.7
青岛亨达玻璃科技有限公司
刘成伟
H01L 31/048
Loading...
一种平板晶体硅光伏真空玻璃，包括平板真空玻璃，其特征是，在所述的平板真空玻璃的一侧设有平板晶体硅太阳电池，在二者的边缘之间通过封边支撑连接并密封，在该平板真空玻璃与平板晶体硅太阳电池之间留有空腔。本实用新型的有益效果是：既能保温、隔热、隔音，又能利用太阳能发电，扩大了产品的应用范围；其真空玻璃的保温、隔热、隔音等性能优于普通的中空玻璃结构。
108. 101773311 Dual-purpose shoe
CN
14.07.2010
A43B 3/24 Loading...
A43B 3/24
Loading...
200910019480.5
Qingdao Hengda Group Leather Development Co., Ltd.
Jiang Zhiqiang
A43B 3/24
Loading...
The invention provides a dual-purpose shoe, which is characterized in that a layer of slipper is arranged in a leather shoe. In an inner cavity of the leather shoe, a T-shaped belt is arranged below the slipper, the transverse end of the T-shaped belt is fixed on a mid-sole and an insole, the longitudinal end of the T-shaped belt is fixed at an upper opening of the heel of the leather shoe, and the T-shaped belt can be opened and closed to play a role in separating the leather shoe and the slipper quickly and conveniently. The dual-purpose shoe realizes the effects of using the shoe indoors and outdoors.
109. 101744424 One-way vent valve
CN
23.06.2010
A43B 13/37 Loading...
A43B 13/37
Loading...
200910220966.5
Qingdao Hengda Group Co., Ltd.
Shan Yuping
A43B 13/37
Loading...
The invention relates to a one-way vent valve which comprises an air bag, an air suction valve, a vent valve and an air guide pipe. The one-way vent valve is characterized in that the air suction valve and the vent valve are respectively and internally provided with a steel ball and a spring; in the air suction valve, the position of the steel ball is close to an air suction nozzle, and the position of the spring is close to the air bag; and in the vent valve, the position of the steel ball is close to the air bag, and the position of the spring is close to the vent nozzle. When a person walks and lifts the foot, the air suction valve is opened, the vent valve is closed, and at the moment, exterior fresh air enters the air bag through the air suction valve. When the person walks and falls down the foot, the air suction valve is closed, and meanwhile, the steel ball moves; the spring in the vent valve is shrunk, and the vent valve is opened; and the fresh air in the air bag enters a shoe through the vent valve and the air guide pipe. The one-way vent valve realizes the natural acting force to the air bag through the human body, achieves the effects of ordered and obvious air suction and venting, and is beneficial to the health of the feet of the human body.
110. 101733944 Sole fabrication technology
CN
16.06.2010
B29D 35/12 Loading...
B29D 35/12
Loading...
200910220965.0
Qingdao Hengda Group Shoes Co., Ltd.
Shan Yuxiang
B29D 35/12
Loading...
The invention relates to a sole fabrication technology which is characterized in that the technology comprises the steps of firstly priming a raw material of acrylonitrile-butadiene-styrene copolymer (ABS) into an injection machine, keeping the temperature at 170 DEG C-185 DEG C, keeping the water-cooling temperature at 10 DEG C-16 DEG C, leading the cooling time to be 40-70 seconds, and molding an acrylonitrile-butadiene-styrene copolymer (ABS) heel by demolding; then placing the acrylonitrile-butadiene-styrene copolymer (ABS) heel after molding into a mold for fabricating a thermoplastic rubber (TR) sole, priming the raw material of thermoplastic rubber (TR) into the mold, keeping the temperature at 140 DEG C-155 DEG C, leading the cooling time to be 7-11 minutes, and molding the thermoplastic rubber (TR) sole by demolding, thereby realizing the combination of an inner cavity at the heel part of the thermoplastic rubber molded sole with the acrylonitrile-butadiene-styrene copolymer (ABS) heel, leading the thermoplastic rubber (TR) molded sole to have the appearance effect of the assembled sole, further avoiding collapse of the heel of the sole caused by long-time wear, improving the quality of the sole and prolonging the service life.
111. 101683195 Light shoes
CN
31.03.2010
A43B 9/16 Loading...
A43B 9/16
Loading...
200910017530.6
Qingdao Hengda Group Co., Ltd.
Dan Yuxiang
A43B 9/16
Loading...
The invention provides light shoes. Uppers are made of any material which can be made into the uppers. The light shoes have the characteristics that: after a semi-finished product upper is manufactured, a shoe tree is filled into the upper; the upper is put into a mould; the mould is heated to a temperature between 60 and 70 DEG C; stock solution of a sole material is filled into the mould; afterthe mould is cooled for 8 minutes, the sole and the upper are combined together; and the shoe is demoulded and formed; therefore, a manufacture process by forming the upper and the sole by one-time combination forming is achieved to manufacture the shoes with light weight and comfortable effect. Compared with common shoes, the weight of the shoes is reduced by 20 percent.
112. 201403581 多变靴
CN
17.02.2010
A43B 3/24 Loading...
A43B 3/24
Loading...
200920019580.3
青岛亨达集团有限公司
王吉万
A43B 3/24
Loading...
一种多变靴，包括鞋底、鞋帮、靴筒、内靴筒、鞋里，其特点是在靴筒里面的上口设置四合扣的凹面扣，在内靴筒外面，与靴筒里面四合扣的凹面扣相吻合的位置，设置四合扣的凸面扣，并且在垂直向下的位置连续设置多个四合扣的凸面扣，内靴筒的下口与鞋里上口缝合在一起，实现了一种通过在靴筒的上口设置四合扣，利用四合扣的调节来使鞋靴的款式、风格进行变化的鞋靴产品。
113. 201349592 呼吸减震鞋
CN
25.11.2009
A43B 7/08 Loading...
A43B 7/08
Loading...
200920019579.0
青岛亨达集团有限公司
王吉万
A43B 7/08
Loading...
一种呼吸减震鞋，其特点是在鞋底内腔的前掌部位设有空腔，空腔内置入前气囊，前气囊内置高弹海绵，前气囊表面设有气孔，后气囊置入鞋底后跟内腔，后气囊内有高弹海绵，后气囊与前气囊通过气管连接，与后气囊连接的还有鞋底侧面的气嘴，气嘴内密封防水透气膜，鞋的勾心放置在气管的下方，与气管结合牢固。中底采用半结构，后跟部位有与后气囊相吻合的镂空结构，鞋垫底面的前掌和后跟部位设有凹腔，与鞋底前气囊和后气囊大小、位置相吻合，并且前掌部位有气孔，实现了一种通过在鞋底的内腔设置吸气、排气单元，利用人走路时的循环作用力达到呼吸、减震功能的鞋。
114. 201315886 糖尿病鞋
CN
30.09.2009
A43B 1/00 Loading...
A43B 1/00
Loading...
200820224932.4
青岛亨达集团有限公司
王吉万
A43B 1/00
Loading...
一种糖尿病鞋，包括鞋帮、鞋底，其特点是采用的特殊结构为鞋帮的前头和后包不使用定型材料，避免了硬质的定型材料对脚的皮肤造成损伤，鞋帮的面料采用柔软的材料，内里采用柔软的布基材料，鞋垫采用柔软、高弹的材料，中底采用单层麻布，在单层麻布中底的后半部分上面使用半托，该中底不仅柔软、屈挠性好，并且定型效果好。实现了一种通过采用柔软的材料制作的鞋产品，避免了脚的皮肤与鞋面造成摩擦而损伤，对糖尿病患者的康复具有一定的作用。
115. 201308160 缓冲中底
CN
16.09.2009
A43B 13/18 Loading...
A43B 13/18
Loading...
200820177384.4
青岛亨达集团有限公司
王吉万
A43B 13/18
Loading...
一种缓冲中底，包括单层软质中底、半掌，其特点是在半掌的后跟部位设置镂空结构，单层软质中底的前掌部位设置镂空结构，半掌后跟部位的镂空结构中置入柔软的弹性体，单层软质中底前掌部位的镂空结构上面放置柔软的弹性体，其反面贴合一层布基材料。实现了一种柔软、舒适且具备缓冲功能的鞋用中底，适合各种结构、款式的鞋使用。
116. 201308157 缓冲鞋
CN
16.09.2009
A43B 7/32 Loading...
A43B 7/32
Loading...
200820177383.X
青岛亨达集团有限公司
王吉万
A43B 7/32
Loading...
一种缓冲鞋，包括鞋帮、鞋底、中底，中底包括单层软质中底和半掌，其特殊之处是：在半掌的后跟部位设置镂空结构，单层软质中底的前掌部位设置镂空结构，半掌后跟部位的镂空结构中置入柔软的弹性体，单层软质中底前掌部位的镂空结构上面放置柔软的弹性体，其反面贴合一层布基材料；利用弹性体良好的弹性减缓人走路时身体的震荡，起到缓冲的作用，实现一种柔软、舒适且具备缓冲功能的鞋。
117. 201308152 一种按摩、减震、透气鞋
CN
16.09.2009
A43B 7/08 Loading...
A43B 7/08
Loading...
200820175830.8
青岛亨达集团有限公司
王吉万
A43B 7/08
Loading...
一种减震、按摩、透气鞋，包括鞋帮、鞋底，其特点是在鞋底的前掌内腔置入按摩垫，鞋后跟内腔有多个柱体，并有通向鞋底侧面的气嘴，气嘴内有防水透气膜，在内腔上方有一与内腔相吻合的内垫，内垫底面有一柱体，柱体外有一弹簧，内垫与鞋底内腔形成气室，弹簧连接内垫底面的柱体和鞋底内腔的柱体，起到支撑的作用，中底的前部有与鞋底前掌内腔的按摩垫相吻合的镂空结构，按摩垫从镂空结构中露出，后部有与气室相吻合的镂空结构，鞋垫的前掌部位有均匀排布的气孔，后部有与中底后跟镂空结构、鞋底气室相吻合的压板。采用上述方案实现了一种利用人走路时的循环作用力达到减震、按摩、透气功能的鞋。
118. 201234605 具有镂空结构的减震鞋
CN
13.05.2009
A43B 7/32 Loading...
A43B 7/32
Loading...
200720158386.4
青岛亨达集团有限公司
王吉万
A43B 7/32
Loading...
一种具有镂空结构的减震鞋，是通过在鞋底内腔置入减震垫来实现的，其特点是鞋底内腔的后跟部位设置空腔，置入与空腔相吻合的减震垫，中底后跟部位有与减震垫相吻合的镂空结构，利用人行走时对减震垫的作用力来达到减震助步的效果，该技术适用于任何结构的鞋产品。
119. 101390675 Damping insoles
CN
25.03.2009
A43B 17/14 Loading...
A43B 17/14
Loading...
200810173989.0
Qingdao Hengda Group Co., Ltd.
Wang Jiwan
A43B 17/14
Loading...
A cushioning insole comprises an upper layer of polyurethane foam material and a lower layer of polyurethane foam material and is characterized in that during the fabrication process, the upper layer of polyurethane foam material is coated with a layer of fabric substrate; dies are firmly fixed on a hot press to be heated; when the temperature of the upper layer die rises to 165-185 DEG C and the temperature of the lower layer die rises to 195-215 EDG C, the lower layer of polyurethane foam material is disposed onto the lower layer die, then the upper layer of polyurethane foam material is disposed on the lower layer of polyurethane foam material, with the side coated with the fabric substrate facing upward; with the edges of the material layers aligned with the edges of the dies, the upper die and the lower die are buckled and locked; the dwell time is 90-100 seconds, and after that the insole is molded through die pressing. Through above technical proposal, an insole with cushioning function can be molded through high-temperature die pressing, and the insole is easy to process and has obvious and durable function.
120. 201210897 减震助力鞋垫
CN
25.03.2009
A43B 17/03 Loading...
A43B 17/03
Loading...
200820020733.1
青岛亨达集团有限公司
王吉万
A43B 17/03
Loading...
一种减震助力鞋垫，是由鞋垫和气囊构成，其特点是在鞋垫底层设置气囊，实现了一种利用人行走或运动时对鞋垫及气囊的作用力来达到消散地面对脚部的震荡，起到减震助力、益于人体健康的鞋垫。
121. 101348326 Continuous production method and apparatus for vacuum glass
CN
21.01.2009
C03B 23/24 Loading...
C03B 23/24
Loading...
200710130344.4
Qingdao Hengda Glass Technology Co., Ltd.
Xu Zhiwu
C03B 23/24
Loading...
The invention relates to a method and equipment for realizing continuous production of vacuum glass. The method comprises the following steps that at least two layers of processed flat glass provided with an edge sealing material and a support material are placed on a feeding bogie, and are conveyed to edge sealing furnace bodies from a to e in turn so as to carry out preheating, heating, temperature maintaining, edge sealing (during which, edges of glass are sintered together by the inorganic edge sealing material) and cooling down; then, the feeding bogie carrying the edge sealed glass is conveyed to a sealing furnace body by a turntable so as to undergo roasting and gas exhaust; and finally, an exhaust port is sealed. The equipment is characterized in that a plurality of cavities at different temperatures are connected to form continuous production equipment, thereby realizing the function of integrated port sealing and edge sealing and increasing production efficiency; meanwhile, the equipment can also be divided into single furnace bodies for production.
122. 201182252 具有内呼吸制鞋技术的装置
CN
21.01.2009
A43B 7/06 Loading...
A43B 7/06
Loading...
200820003556.6
青岛亨达集团有限公司
王吉万
A43B 7/06
Loading...
具有内呼吸制鞋技术的装置，是由上、下两层鞋底构成，其特点是上层鞋底下面的后部有一个向上的凹穴，凹穴前接一个凹槽，凹槽内有一条向前延伸的管；下层鞋底上面的后部有一个向下的凹穴，凹穴内有多个凸柱，下层鞋底后部向下的凹穴与上层鞋底后部向上的凹穴形成一个气室。通过人走路时对气室的循环作用力，将行走过程中产生的浊气由上层鞋底凹槽内的管排出，起到空气循环的作用。
123. 201164066 一种排气空调鞋
CN
17.12.2008
A43B 7/06 Loading...
A43B 7/06
Loading...
200820022050.X
青岛亨达集团有限公司
王吉万
A43B 7/06
Loading...
一种排气空调鞋，由气囊、吸气阀、排气阀、导气管构成，其特点是在吸气阀和排气阀内分别安装有钢珠和弹簧，吸气阀内，钢珠安装的位置靠近气囊，弹簧安装的位置靠近吸气嘴，排气阀内，钢珠安装的位置靠近排气嘴，弹簧安装的位置靠近气囊。当人走路抬脚时，吸气阀打开，排气阀封闭，这时，鞋内浑浊的气体通过吸气嘴进入气囊。当人走路落脚时，吸气阀封闭，同时，排气阀内的弹簧收缩，钢珠移动，排气阀打开，气囊内浑浊的气体通过排气嘴排出。实现了通过人体对气囊自然的循环作用力，达到有序的、效果明显的吸气、排气效果，有利于人体脚部健康。
124. 201164067 一种减震透气鞋
CN
17.12.2008
A43B 7/06 Loading...
A43B 7/06
Loading...
200820022052.9
青岛亨达集团有限公司
王吉万
A43B 7/06
Loading...
一种减震透气鞋，由气囊、吸气嘴、排气嘴、气管、弹簧构成，其特点是气囊置于鞋底后跟内腔，内置弹簧，气囊前端的两侧分别与吸气嘴和气管相连，气管与排气嘴相连，并且在气管与排气嘴的连接处密封防水透气膜。利用人走路时对气囊循环的作用力达到减震透气的效果，有利于人体脚部健康。
125. 201164060 一种按摩鞋垫
CN
17.12.2008
A43B 7/00 Loading...
A43B 7/00
Loading...
200820022048.2
青岛亨达集团有限公司
王吉万
A43B 7/00
Loading...
一种按摩鞋垫，其特点是在鞋垫上有多个凸点。根据人走路时对鞋垫产生压力，起到了按摩的作用，实现了对人体足部进行全面按摩的效果。适用于任何款式、结构的鞋。
126. 201164076 一种防滑鞋
CN
17.12.2008
A43B 13/26 Loading...
A43B 13/26
Loading...
200820022047.8
青岛亨达集团有限公司
王吉万
A43B 13/26
Loading...
一种防滑鞋，由鞋帮、鞋底两部分组成，其特点是鞋帮延伸到鞋底下面的面皮将鞋底包裹住，鞋底的下面有若干个凸块，包裹鞋底的面皮上有多个与凸块大小、位置相对应的镂空，鞋底上的凸块通过面皮上的镂空与地面接触，起到防滑的作用，凸块着地面上有花纹，加大对地面的附着力，可以增强防滑效果。
127. 201164070 一种气垫减震鞋
CN
17.12.2008
A43B 7/32 Loading...
A43B 7/32
Loading...
200820022051.4
青岛亨达集团有限公司
王吉万
A43B 7/32
Loading...
一种气垫减震鞋，其特点是在鞋后跟内腔处置有气垫。根据人走路时对鞋后跟产生压力，气垫受到压力对人体进行反弹，减少了对身体的振荡和脚部的疲劳，起到减震助步的作用，适用于任何款式、结构的鞋。
128. 201164061 一种按摩鞋
CN
17.12.2008
A43B 7/00 Loading...
A43B 7/00
Loading...
200820022049.7
青岛亨达集团有限公司
王吉万
A43B 7/00
Loading...
一种按摩鞋，其特点是在鞋底内腔的前半部分设有多个凸点，根据人走路时对鞋底前半部分产生压力，脚的前掌作用到凸点上起到了对人体足部前掌部位按摩的作用，适用于任何款式、结构的鞋。
129. 201150287 放静电鞋
CN
19.11.2008
A43B 7/36 Loading...
A43B 7/36
Loading...
200820016134.2
青岛亨达集团有限公司
王吉万
A43B 7/36
Loading...
一种放静电鞋，包括鞋帮、外底、中底、鞋垫，其特点是在鞋垫和中底上分别固定穿透鞋垫和中底的可导电金属物，在外底的内腔与鞋垫和中底上金属物相对应的位置设有可导电的金属弹簧，且有与金属弹簧相连接的可导电的金属丝，延伸至外底内腔的前掌和后跟处，金属丝穿透外底，通过外底花纹的凹处露出，与大地接触，实现了通过鞋垫、中底、外底的可导电的金属物达到完全有效释放人体静电的效果。
130. 201139122 一种减震制鞋技术
CN
29.10.2008
A43B 7/32 Loading...
A43B 7/32
Loading...
200720029034.9
青岛亨达集团有限公司
王吉万
A43B 7/32
Loading...
一种减震制鞋技术，其特点是在鞋的内腔置入一减震垫，减震垫的下面有多个凸柱和弹簧，弹簧周期性的压缩和伸展，作用到人体脚部，起到减震助步和保护人体的作用，适用于各种鞋产品的制作。
131. 201139125 一种消音防损伤鞋底
CN
29.10.2008
A43B 13/12 Loading...
A43B 13/12
Loading...
200720029035.3
青岛亨达集团有限公司
王吉万
A43B 13/12
Loading...
一种消音防损伤鞋底，其特点是在热塑性橡胶鞋底的底面融合一层无纺布基材料，达到了减少鞋底与地板摩擦产生的噪音及防止地板受到摩擦损坏效果，利用该鞋底制作的鞋产品适合家居、会务、休闲等室内场所的穿用。
132. 101278771 Technique for producing electric massage shoes
CN
08.10.2008
A43B 7/00 Loading...
A43B 7/00
Loading...
200810015811.3
Qingdao Hengda Group Co., Ltd.
Wang Jiwan
A43B 7/00
Loading...
A shoe manufacturing technology for electronic massage consists of a sole, an insole and an electronic module. The technology is characterized in that the electronic module is arranged on the inner cavity of the heal of the sole; the electronic module is provided with a battery box for placing batteries and the upper part of the battery box is provided with a battery cover; the shell of the electronic module is also provided with two metal female buttons fastened with an insole metal male button, thus forming an appliance loop; one side of the rear heel of the sole is provided with an operating keypad; the whole electronic module is sealed; the insole is provided with a front sole electrode and a rear sole electrode; the rear sole electrode is provided with a metal female button matched with the female button on the electronic module; the metal male button is mutually fastened with the metal female button, thus forming appliance connection; the rear heal part of the middle sole has a hollow-out structure which has the same specification with the structure of the electronic module. The technology achieves a shoe manufacturing technology for massage and health protection of human body at any time when people are at home, at leisure or sports.
133. 201115450 减震功能鞋
CN
17.09.2008
A43B 7/32 Loading...
A43B 7/32
Loading...
200720030135.8
青岛亨达集团有限公司
王吉万
A43B 7/32
Loading...
一种减震功能鞋，其特点是在鞋的内腔置入带有减震柱体的鞋垫，鞋垫后跟部位的下面有多个均匀排布的并与鞋垫为一体的柱体，在鞋底后跟部位的内腔，有多个隔断组成的空间，在中底的后跟部位，鞋垫下面的柱体通过中底后跟部位的孔，置入到鞋底后跟部位的空间内，使鞋垫、中底、鞋底结合为一体，实现了一种利用在鞋的内腔置入带有减震柱体的鞋垫，使鞋子具有减震助步的功能。
134. 201079061 一种减震制鞋技术
CN
02.07.2008
A43B 21/30 Loading...
A43B 21/30
Loading...
200720027077.3
青岛亨达集团有限公司
王吉万
A43B 21/30
Loading...
一种减震制鞋技术，是由上、下两层鞋底构成，其特点是上、下层鞋底之间的后部装有多个弹簧，在下层鞋底后部的上面有多个与上层鞋底下面的弹簧位置相对应的柱。通过人行走或运动时对鞋底的循环作用力，使弹簧反弹后作用到人体脚部，实现了减震助步和保护人体的效果。本实用新型适用于各种类型的鞋，应用范围广泛。
135. 201071341 连续式熔封和抽真空的玻璃加工设备
CN
11.06.2008
C03B 29/00 Loading...
C03B 29/00
Loading...
200720154864.4
青岛亨达玻璃科技有限公司
徐志武
C03B 29/00
Loading...
一种连续式熔封和抽真空的玻璃加工设备，包括封边炉体和封口炉体，并装备有可以移动出入炉体的送料小车，所述的封边炉体由多个单独的封边炉体首尾对接成为封边炉体列，在该封边炉体列的两端以及每一封边炉体之间均设有可启闭的炉门，在各个单体的封边炉体内均设有相互对应的炉体轨道，所述的送料小车的滚轮置于该轨道上；在所述的封边炉体列的一端装有转盘和轨道；在所述的转盘的周围装有数个所述的封口炉体，其炉体轨道向封口炉体的另一端外延伸，在该延伸轨道上设置有可以沿该轨道移动的抽真空装置。其特点是：由若干不同温度的腔体连接而形成一个连续的生产设备，实现了封口封边一体化的功能，提高了生产效率。同时也可以分为单炉体生产。
136. 201067129 透气防水塞
CN
04.06.2008
A43B 13/37 Loading...
A43B 13/37
Loading...
200720153148.4
青岛亨达集团有限公司
王吉万
A43B 13/37
Loading...
一种透气防水塞，由主体和插管构成，其特点是主体呈管状，两端各有挡盘；插管的内侧设有挡盘，外侧通孔处密封防水透气膜，将外侧通孔完全封闭，然后插入主体内侧孔中，构成一个整体。本装置安装在鞋底侧面，实现了既能够使外界的空气进入鞋内，而且防止水进入的效果。
137. 201067125 按摩防滑鞋底
CN
04.06.2008
A43B 13/14 Loading...
A43B 13/14
Loading...
200720023901.8
青岛亨达集团有限公司
王吉万
A43B 13/14
Loading...
一种按摩防滑鞋底，其特点是在鞋底后跟部设有空腔，并有向前延伸的凹槽，在空腔内置减震垫，将空腔内的减震垫和凹槽的上面封闭，只留有向前的通孔，形成一个气室，在鞋底后跟部的侧面设有透气塞，透气塞插管的外部密封防水透气膜。在鞋底前掌内腔置有按摩垫，按摩垫上有按摩凸起，既起到按摩的作用，又起到了空气流通的作用。利用人走路时对气室的作用力，使气室内的减震垫进行空气的循环，并通过凹道、通孔、透气塞、按摩垫进行吸气、排气，在鞋底底面的前掌和后跟部设有防滑底片。实现了一种具备按摩、防滑、透气、防水性能的鞋底。
138. 201067133 助力减震鞋后跟垫
CN
04.06.2008
A43B 21/32 Loading...
A43B 21/32
Loading...
200720153147.X
青岛亨达集团有限公司
单玉萍
A43B 21/32
Loading...
一种助力减震鞋后跟垫，由托盘和柱构成，其特点是柱分高柱和矮柱两种，高柱和矮柱间隔排列在托盘上。利用人走路时的压力，使高柱和矮柱达到减震缓冲助力的作用。可置入各种正装鞋、休闲鞋等不同种类的鞋产品中。
139. 201067126 塑身健美鞋底
CN
04.06.2008
A43B 13/14 Loading...
A43B 13/14
Loading...
200720023902.2
青岛亨达集团有限公司
王吉万
A43B 13/14
Loading...
一种塑身健美鞋底，由上、下两层鞋底构成，其特点是上层鞋底前部上面有一个凹槽后接一个镂空长槽，镂空长槽两侧多个凹槽，凹槽内置活性炭颗粒，起到除臭、抑菌的作用，上层鞋底下面的后部有一个向上的凹穴；在下层鞋底上面的后部有一个向下的凹穴，凹穴内有多个竖向的凸柱，与上层鞋底下面后部向上的凹穴形成一个气室，凹穴前端有向前延伸的凹条，与上层鞋底镂空长槽形成通往上层鞋底前部的气道。通过人走路时的循环作用力，实现了矫正身体姿态，塑身的效果，并起到空气循环的作用。
140. 201067116 两用鞋
CN
04.06.2008
A43B 3/24 Loading...
A43B 3/24
Loading...
200720023903.7
青岛亨达集团有限公司
王吉万
A43B 3/24
Loading...
一种两用鞋，其特点是在皮鞋内装一层拖鞋。在皮鞋的内腔、拖鞋的底下配有一条T型带，T型带横向的一端固定在中底与鞋垫上，纵向的一端固定在皮鞋后跟上口处，可以打开、关闭，起到了皮鞋与拖鞋分开快捷方便的作用，实现了室内室外两用的效果。
141. 201067122 单向排气装置
CN
04.06.2008
A43B 7/06 Loading...
A43B 7/06
Loading...
200720153149.9
青岛亨达集团有限公司
王吉万
A43B 7/06
Loading...
一种单向排气装置，由气囊、吸气阀、排气阀、导气管构成，其特点是在吸气阀和排气阀内分别安装有钢珠和弹簧，吸气阀内，钢珠安装的位置靠近气囊，弹簧安装的位置靠近吸气嘴，排气阀内，钢珠安装的位置靠近排气嘴，弹簧安装的位置靠近气囊。当人走路抬脚时，吸气阀打开，排气阀封闭，这时，鞋内浑浊的气体通过吸气嘴进入气囊。当人走路落脚时，吸气阀封闭，同时，排气阀内的弹簧收缩，钢珠移动，排气阀打开，气囊内浑浊的气体通过排气嘴排出。实现了通过人体对气囊自然的循环作用力，达到有序的、效果明显的吸气、排气效果，有利于人体脚部健康。
142. 201067135 可拆装鞋跟
CN
04.06.2008
A43B 21/42 Loading...
A43B 21/42
Loading...
200720023600.5
青岛亨达集团有限公司
王吉万
A43B 21/42
Loading...
一种可拆装鞋跟，由鞋跟主体、透明外壳、装饰皮、掌面构成，其特点是装饰皮贴在鞋跟主体的背面，在鞋跟主体后面纵截面的两侧上有四个孔，在鞋跟主体底部有一个孔，在透明外壳前面纵截面的两侧有四个与鞋跟主体后面纵截面上的孔位置相对应的柱，且透明外壳底部有一个柱，按照柱与孔相对应的位置将鞋跟组装成一个整体。实现了一种可以拆装并且可随意更换装饰皮的鞋跟。
143. 101167607 Silencing injury-proofing sole
CN
30.04.2008
A43D 8/00 Loading...
A43D 8/00
Loading...
200710113904.5
Qingdao Hengda Group Co., Ltd.
Wang Jiwan
A43D 8/00
Loading...
The invention relates to a manufacturing method of noise-reducer anti-damage shoe soles, and is characterized in that non-woven fabrics are arranged on a die bottom layer, thermoplastic rubber raw materials are placed in an injection machine at the temperature of 130-140 DEG C to melt, the thermoplastic rubber solution is injected to a die through the injection machine for shaping for 6-7 minutes, and the shoe sole is taken out. The sole manufacturing method which uses a layer of non-woven fabrics to fuse on the floor of the shoe sole and achieves the reduction of noises and the prevention of friction and damage to floors is achieved. The shoe sole can be worn at indoor locations such as houses, events, and recreation, and the damage produced by the floors and the noises which are caused by friction are prevented by the shoe sole.
144. 201039790 一种别扣
CN
26.03.2008
A44B 1/08 Loading...
A44B 1/08
Loading...
200720023039.0
青岛亨达集团有限公司
王吉万
A44B 1/08
Loading...
一种别扣，由上盖和底盘构成，其特点是上盖分为上片和下片，下片呈T形状，与上片呈140°的倾斜状；底盘包括三个柱，两端的柱的顶端呈拱形状，将上盖下片T形的两端扣住，T形中间在底盘中间柱的上面；长方体片的两端分别穿过底盘上左右的两个孔固定在与装饰件相粘接的垫衬上。实现了人们根据对鞋子、皮包、衣服款式的不同风格的追求，可以随意更换装饰花件，达到了产品多样化的目的。
145. 201039779 减震按摩鞋底
CN
26.03.2008
A43B 7/32 Loading...
A43B 7/32
Loading...
200720023040.3
青岛亨达集团有限公司
王吉万
A43B 7/32
Loading...
一种减震按摩鞋底，其特点是在鞋底上面的前半部留有多个实心凸点，凸点的高度从鞋底中部向前依次降低；鞋底上面的后半部分有多个竖向的圆管，圆管的高度从鞋底的中部向后依次增高。根据人走路时对鞋底后半部产生压力，起到减震助步的作用，鞋底前半部的实心凸点既起到了按摩的作用，同时又起到了减震的作用，实现了对于人体足部进行全面的减震按摩的效果。
146. 201039786 呼吸鞋垫
CN
26.03.2008
A43B 17/08 Loading...
A43B 17/08
Loading...
200720023041.8
青岛亨达集团有限公司
单玉萍
A43B 17/08
Loading...
一种呼吸鞋垫，其特点是由上下两层构成，上层下面的后部有向上的凹穴，并有凹穴向前延伸的凹条，凹条的前端有上穿通孔，下层上面的后部有向下的凹穴，并有由凹穴向前延伸的凹条，上下两层凹穴、凹条重合形成空腔气囊和向前延伸的气管。利用人走路时对气囊的循环作用力，促使气囊内的空气进行循环，使鞋内始终保持新鲜的空气。实现了一种结构简单、呼吸效果明显且永久的鞋垫。
147. 101143039 Rubber and wood powder mixed non-slip sole material
CN
19.03.2008
A43B 13/02 Loading...
A43B 13/02
Loading...
200710113573.5
Qingdao Hengda Group Co.Ltd
Wang Jiwan
A43B 13/02
Loading...
A skidproof rubber-wood-powder mixture sole material is characterized in that the material consists of crude rubber, sulfur, stearic acid, accelerant, promoting agent, ageing inhibitor, pine tar, rosin, calcium sulphate, softener, coupler and wood powder. The proportion of each raw material is that one hundred of the crude rubber, two point one to two point four of the sulfur, one point nine to two point four of the stearic acid, six to eight of zinc oxide, nought point nine to one point one of the softener, nought point eight to one of the coupler, nought point six to nought point eight of the promoting agent, nought point nine to one point one of the ageing inhibitor, nought point nine to one point one of mobile oil, nought point four to nought point six of the pine tar, one point six to one point eight of the rosin, twenty six to twenty eight of the calcium sulphate and four to ten of the wood powder. The tuber sole material, which is produced by certain technology procedure, is light and skidproof as well as can reduce the material cost. The present invention realizes a light and well skidproof sole material.
148. 101130827 Bacteriostatic leather
CN
27.02.2008
C14C 9/04 Loading...
C14C 9/04
Loading...
200710015955.4
Qingdao Hengda Group Co., Ltd.
Wang Jiwan
C14C 9/04
Loading...
The present invention relates to a bacteriostatic leather material. Said bacteriostatic leather material is made up by using leather fiber, water, nano bacteriostatic agent, lubricating agent, preservative, ammonium salt, plant tanning agent, fattening agent, tannic acid and formic acid through a certain preparation process.
149. 200994468 磁性保健鞋垫
CN
26.12.2007
A43B 17/00 Loading...
A43B 17/00
Loading...
200620085979.8
青岛亨达集团有限公司
王吉万
A43B 17/00
Loading...
一种磁性功能保健鞋垫，其特点是在其鞋垫上按照脚部特定的23个与人体器官对应的穴位点，装置一定量的永久性磁粒，根据穴位所对应的不同器官，分高、中、低三个级别的磁粒点。克服了目前磁疗鞋垫，对人体的穴位没有明确的针对性的问题，广泛适应于人类保健使用。
150. 101069589 Bacteria-inhibiting anti-fatique shoe pad
CN
14.11.2007
A43B 17/10 Loading...
A43B 17/10
Loading...
200710127646.6
Hengda Group Co., Ltd., Qingdao
Shan Cunli
A43B 17/10
Loading...
The present invention provides a shoe pad with the health-care functions of inhibiting bacteria and resisting fatigue. It is characterized by that it is made up by using polybasic alcohol, silicon oil, water, nano bacteriostatic agent, N,N-dimethylcyclohexylamine, potassium acetate and isocyanate according to a certain mixing ratio through a certain preparation process.
151. 101067029 Antislip sole material
CN
07.11.2007
C08L 21/00 Loading...
C08L 21/00
Loading...
200710015903.7
Qingdao Hengda Group Corp., Ltd.
Shan Yuxiang
C08L 21/00
Loading...
The antislip sole material consists of raw rubber 100 weight portions, promoter 20- 25 weight portions, reinforcing agent 45-50 weight portions, softening agent 15-20 weight portions, vulcanizing agent 2.5-3 weight portions, coupling agent 3-3.5 weight portions, granular glass fiber 4-10 weight portions. The antislip sole material is produced through a certain technological process, and has high antislip effect, light weight and low cost.
152. 101059180 One-way ventilating valve
CN
24.10.2007
F16K 15/04 Loading...
F16K 15/04
Loading...
200710108049.9
Qingdao Hengda Group Co., Ltd.
Wang Jiwan
F16K 15/04
Loading...
A one-way exhausting valve consists of balloon, air suction valve, exhaust valve and air duct, it is characterized by: the air suction valve and the exhaust valve are equipped with steel ball and spring separately, the position installing steel ball in is close to the balloon and the position installing spring is close to air suction mouth in the air suction valve, the position installing steel ball in is close to the exhaust mouth and the position installing spring is close to balloon in exhaust valve. When people lift feet, the air suction valve is open and the exhaust valve is closed, the air in shoes in inputted into balloon through air suction mouth; when people fall feet, the air suction valve is close and the exhaust valve is open, at the same time, the spring in exhaust valve is shrike and the steel ball moves, then the exhaust valve is open, the air in balloon is exhausted through the exhaust mouth. It achieves ordered, effective and obvious air suction and exhaust effects through the natural circulating acting force from human body to the balloon, it is benefit for the human foot health.
153. 200941858 一种后跟减震鞋底
CN
05.09.2007
A43B 13/18 Loading...
A43B 13/18
Loading...
200620009622.1
青岛亨达集团有限公司
王吉万
A43B 13/18
Loading...
一种后跟减震鞋底，其特点是在鞋底的后跟中部加有一个横向的镂空，镂空根据人们走路时，脚对鞋底产生压力的重点部位，脚对鞋底产生压力，鞋底后跟中部的镂空结构受到挤压并且在人抬脚时对脚底产生反弹，起到减震助步的作用，它克服了目前普通鞋底给人们带来的震力，起到了即美观又减震的效果。适应于各种鞋的使用。
154. 200941850 瑜珈鞋
CN
05.09.2007
A43B 5/00 Loading...
A43B 5/00
Loading...
200620009907.5
青岛亨达集团有限公司
王吉万
A43B 5/00
Loading...
一种瑜珈鞋，其特点是帮面采用单层皮结构，使鞋子能够更好的伏贴在脚上，而且弹性好；其次，鞋子的大底采用无勾心的结构，鞋子可以随意的弯折，且采用材质较好的TPU材料，耐折性能好，穿着柔软舒适。实现了一种人们在练瑜珈功时，能够随着身体的伸展而延伸的专业瑜珈鞋。
155. 2935850 防滑袜子
CN
22.08.2007
A41B 11/00 Loading...
A41B 11/00
Loading...
200620088002.1
青岛亨达集团有限公司
王吉万
A41B 11/00
Loading...
一种防滑袜子，有网状层构成，其特点是在袜子底的后部有两层网状层，外层网状层后部的外面上加有多个橡胶凸点，两层网状层之间夹有一层海绵层。解决了人们穿着中空或后空鞋脚底打滑的问题，而且穿脱方便，隐藏性好，极适合人们穿着。
156. 2935884 便携式旅游鞋
CN
22.08.2007
A43B 5/00 Loading...
A43B 5/00
Loading...
200620088001.7
青岛亨达集团有限公司
王吉万
A43B 5/00
Loading...
一种便携式旅游鞋，由鞋底和鞋帮构成，其特点是在鞋底的下面上留有多条横向的凹槽，鞋帮面材料采用弹力布和软质EVA制成。解决目前便携旅游鞋分为下鞋底和上鞋底携带不方便的问题，为人们提供了一种方便携带的旅游鞋。
157. 2922539 一种减震鞋
CN
18.07.2007
A43B 7/32 Loading...
A43B 7/32
Loading...
200620085454.4
青岛亨达集团有限公司
王吉万
A43B 7/32
Loading...
一种减震鞋，其特点是在鞋大底的后跟中部设置一空腔的减震器，减震器的中间正反面凹陷形成前后两个柱体，减震器的两侧有与减震器等长的长方体托台，中底的后跟处有与减震器相对应的压板，压板的下面上有均匀排布的凸点。它克服了柔性材料减震鞋，不能永久减震的缺点，适用于各种靴鞋使用。
158. 2922537 防水透气鞋
CN
18.07.2007
A43B 7/06 Loading...
A43B 7/06
Loading...
200620081872.6
青岛亨达集团有限公司
王吉万
A43B 7/06
Loading...
一种防水透气鞋，其特点是在鞋内里的外面复加一层热可塑性膜，热可塑性膜夹在皮质鞋帮和鞋内里之间，热可塑性膜起到既可防水又能透气的作用，各部件的连接采用太空服缝合技术并使用防水线，确保表面针眼不透水，在鞋各内里部件的连接处固定热封胶带，它克服了胶塞通气道式防水透气鞋，结构复杂成本高的问题，适应于制作各类皮质靴鞋。
159. 1977730 Boot for motorcycle
CN
13.06.2007
A43B 3/02 Loading...
A43B 3/02
Loading...
200510045533.2
Qingdao Hengda Group Co., Ltd.
Wang Jiwan
A43B 3/02
Loading...
The present invention relates to a kind of special-purpose motorcycle boots for motorcycle driver. It includes boot sole, boot leg and boot liner. It is characterized by that on the middle-upper surface of said boot an antiskid sheet is set, and the front surface of said boot leg is equipped with a leg-protecting sheet for protecting leg and in the ankle joint position of outer side of said boot leg an ankle-protecting sheet is set, and its boot liner is made up by adopting three-layer structure formed from breathable waterproof film, spongy net and campeila cloth.
160. 2891732 一种空调防震鞋
CN
25.04.2007
A43B 7/32 Loading...
A43B 7/32
Loading...
200620082935.X
青岛亨达集团有限公司
单存礼
A43B 7/32
Loading...
本实用新型涉及一种空调防震鞋。包括帮面和中底与下方相适配的鞋底，其特征是有底气孔鞋底的前掌面为自上而下的三层结构：按摩垫、透气防水层和透气网，其鞋底的后掌部设有带进、出气嘴的空气调节装置，鞋底中间上设有由隔板组成的气道和气室，而中底上有与空气调节装置的囊状体相触的压板及前掌面上的多个气孔。上述空气调节装置是由鞋底后面的，置于托台上的前方有气嘴的囊状体，和固定于气嘴上的T形管，该T形管的一端为出气嘴，另一端经由附有一层透气防水膜的插管与进气嘴相连，该囊状体嵌合固定在托台上的凹槽中定位，且与中底上的压板相接触。显然有囊状腔的空气调节装置的本实用新型不但顺达气畅，而且富有弹性防震好。
161. 1927085 Shoe last for shoe last making technique
CN
14.03.2007
A43D 3/00 Loading...
A43D 3/00
Loading...
200610068567.8
Qingdao Hengda Group
Wang Jiwan
A43D 3/00
Loading...
The invention relates to a boot last used in last production. Wherein, it is characterized in that the back section of the last matched with the front chamber of shoe is mounted with two parallel back extending frames; the back end of frame is mounted with frame base; the front of frame base is mounted with rotating rod that extending towards; the rotating rod is between two frames; the front of rotating rod is mounted with vertical last back rod; the lower end of last back rod is fixed on the front section of last heel; the rotating rod and the frame base are connected via rotating rod axle whose upper side is mounted with hand-compress rod; the hand-compress rod and the rotating rod are connected via compressing axle; hand-compress rod at the upper side of compress axle is mounted with connecting plate; the connecting plate and the hand-compress rod are connected via connecting plate; the another end of connecting plate via fixing axle is connected to the frame base. The invention can reduce labor density and improve the producing efficiency.
162. 2862774 多变装饰件鞋
CN
31.01.2007
A43C 11/24 Loading...
A43C 11/24
Loading...
200520125820.X
青岛亨达集团有限公司
王吉万
A43C 11/24
Loading...
本实用新型涉及一种有多个易更换装饰件的多变装饰件鞋。包括鞋主体，其特征是它还包括一个前鞋面上固定的一个子母扣，及与子母扣相连的装饰件。上述装饰件是花型或蝴蝶结形等。通常凭借在装饰件下面也有与子母扣相应的子母扣连接，可根据个人的喜好更换选用。上述装饰件是圆形或矩形或梅花形等，其本身的造型也有装饰作用。显然，由此构筑的本实用新型能花样更新显现个性化特点，特别受青年女子的青睐。
163. 2860154 防磕鞋
CN
24.01.2007
A43B 3/00 Loading...
A43B 3/00
Loading...
200520125821.4
青岛亨达集团有限公司
单存礼
A43B 3/00
Loading...
本实用新型涉及一种防磕鞋。包括靴鞋主体，其特征是它还包括在靴鞋主体的后包皮面与后帮里之间固定一条上面有多个小突起的后防磕条。通常后防磕条以材料TPR制成，并固定在后包皮面上，上面的小突起从后包皮面上冲压出来的小孔。同样，还可在靴鞋主体的帮围突侧设置一块侧防磕条。显然，由此构筑的本实用新型耐磕碰而不易受损，耐穿护脚。
164. 1827003 Health-caring shoe soles with air-conditioner
CN
06.09.2006
A43B 7/08 Loading...
A43B 7/08
Loading...
200610043375.1
Qingdao Hengda Group Co., Ltd.
Wang Jiwan
A43B 7/08
Loading...
This invention is about an air-conditioning health sole, which is composed of medium body and sole that is adapted to the bottom. Its characteristic is the front part of the perforated sole has three layers from up to down: kneading mat, breathable proofed layer and a breathable net. The back part of the perforated sole has an air-conditioning device that sets suction and deflating nozzle. In the middle of the sole there is gas channel and air chamber. There is a plate that touches the cystid of the air-conditioning device on the medium body and many air holes in the front part. The air-conditioning device is composed of nozzle-taking cystid, which is at the back part of the sole and in front of expelling station, and triple way T-pipe that is fixed on the nozzle, whose one end is suction nozzle and the third end is connected with the deflating nozzle through a spile that has a breathable proofed layer. The cystid chimaera is fixed in the expelling station flute and touches with the plate of the medium body. Obviously shoes with the cystid air-conditioning device not only breathes freely, but also has good flexibility.
165. 1814811 Seamless binding technology for leather product
CN
09.08.2006
C14B 7/04 Loading...
C14B 7/04
Loading...
200610042467.8
Hengda Group Co., Ltd., Qingdao
Wang Jiwan
C14B 7/04
Loading...
This invention relates to a seamless adhering technology characterizing in chopping the edges of the meat sides of two sheets of leather being combined as one to a 10mm wide slant one and chopping them steadily to thickless finally, removing the coat with stubbles on the surface of the pressed leather with a pneumatic grinding wheel, ahearing them with a high cycle seamless adhering technology to be heated for 6 minutes in a vacuum sulfurizing machine under 60 deg.C and adhering a layer of thermal reinforcing material at the joint place of the meat sides.
166. 2700790 新型冰柜玻璃门体
CN
18.05.2005
F25D 23/02 Loading...
F25D 23/02
Loading...
03263151.0
青岛亨达实业有限公司
刘成伟
F25D 23/02
Loading...
一种新型冰柜玻璃门体，包括边框和嵌于该边框内的两层玻璃板，在两层玻璃板之间留有中空层，在该中空层的边缘设有密封材料和干燥剂，所述的两层玻璃板之一为高真空隔热玻璃。本实用新型所采用的高真空隔热玻璃层杜绝了空气的对流传导，使其隔热性能大大提高，同时也大大提高了防结霜结露性能。由于高真空隔热玻璃的边缘及排气口是采用无机材料高温封结而成，所以中间的真空层可保持十几年不变，使其保温性能长期稳定。
167. 1424482 Process for producing vacuum glass panes
CN
18.06.2003
E06B 3/66 Loading...
E06B 3/66
Loading...
02128829.1
Hengda Haite Machinery Co., Ltd., Qingdao City
Liu Xianghong
E06B 3/66
Loading...
A technology for preparing vacuum glass includes such steps as putting a C-shaped NiCr-alloy supporter between two glass plates, coating low-temp sealing glass powder on the edges of glass plates, making a hole on one glass plate, installing the exhaust tube, air absorbent and sealing glass powder to the hole, sintering to form sealing layer, vacuumizing and sealing the exhaust hole. Its advantages are high vacuum level and low cost.

