1. 203010579 燃水煤浆和天然气的混合动力锅炉
CN
19.06.2013
F23C 1/08 Loading...
F23C 1/08
Loading...
201220585260.6
青岛海众环保锅炉股份有限公司
姜贵利
F23C 1/08
Loading...
本实用新型提供一种燃水煤浆和天然气的混合动力锅炉，包括炉体、水煤浆燃烧器、折烟墙和对流管束，所述炉体内设置有燃烧室，在所述炉体中位于所述燃烧室的一侧设置有所述折烟墙和所述对流管束，还包括燃气燃烧器；所述燃气燃烧器和所述水煤浆燃烧器分别设置在所述燃烧室前墙上。通过设置燃气燃烧器解决了现有锅炉只能使用水煤浆作为燃料的缺陷，增加了锅炉的使用范围。
2. 203011161 除尘余热锅炉
CN
19.06.2013
F27D 17/00 Loading...
F27D 17/00
Loading...
201220585259.3
青岛海众环保锅炉股份有限公司
姜贵利
F27D 17/00
Loading...
本实用新型提供一种除尘余热锅炉，包括余热锅炉、吹灰器和中间烟道，所述余热锅炉的进烟口处设置有吹灰器，所述中间烟道的一端连接在所述余热锅炉的进烟口处，还包括除尘换热装置，所述除尘换热装置包括炉体和对流管束，所述炉体上设置有进口和出口，所述对流管束位于所述炉体中，所述对流管束与所述余热锅炉的水箱连接在一起，所述中间烟道的另一端连接在所述炉体的出口上。通过设置除尘换热装置，对烟气中的灰尘进行清除并对初步回收余热，有效的减少了余热锅炉堵塞和磨损的现象，提高了余热锅炉的可靠性。
3. 103017130 水煤浆锅炉
CN
03.04.2013
F22B 31/08 Loading...
F22B 31/08
Loading...
201210554117.5
青岛海众环保锅炉股份有限公司
姜贵利
F22B 31/08
Loading...
本发明提供一种水煤浆锅炉。水煤浆锅炉，包括炉体、设置在炉体上的上锅筒和下锅筒、以及设置在所述炉体上的水煤浆喷枪，其特征在于，所述炉体中设置有外侧弧形水冷壁和内侧水冷壁，所述外侧弧形水冷壁和所述内侧水冷壁的两端口分别与所述上锅筒和所述下锅筒连接，所述外侧弧形水冷壁和所述内侧水冷壁形成D型结构；所述上锅筒和所述下锅筒之间由内至外设置有第一对流管束和第二对流管束，所述第一对流管束和所述第二对流管束之间设置有第一隔烟墙，所述内侧水冷壁与所述第一对流管束之间设置有第二隔烟墙。实现减少炉体中出现结焦的现象，提高了水煤浆锅炉的可靠性。
4. 102994161 煤粉气化机组及锅炉系统
CN
27.03.2013
C10J 3/48 Loading...
C10J 3/48
Loading...
201210554137.2
青岛海众环保锅炉股份有限公司
姜贵利
C10J 3/48
Loading...
本发明提供一种煤粉气化机组及锅炉系统，煤粉气化机组，包括控制柜、风机和气化室，所述气化室由下至上分为收集室、燃烧室、还原室和净化室，所述燃烧室上设置有第一投料口，所述风机连接在所述气化室的下部用于向所述气化室中提供空气，所述控制柜通过气体传感器检测所述净化室中的气体浓度信号以控制所述风机的转速。通过第一投料口将煤粉投入到燃烧室中，煤粉与空气混合并在高温下进行还原气化反应生成可燃气体，可燃气体进入到净化室中过滤灰尘等杂物获得洁净的可燃气体，可燃气体便可以输送到燃气锅炉中进行使用，减少因使用燃煤对大气造成的污染，使燃气锅炉可以安全可靠的利用燃煤的能量，提高了锅炉系统的可靠性。
5. 102980188 水煤浆喷枪及水煤浆锅炉
CN
20.03.2013
F23D 11/10 Loading...
F23D 11/10
Loading...
201210554374.9
青岛海众环保锅炉股份有限公司
姜贵利
F23D 11/10
Loading...
本发明提供一种水煤浆喷枪及水煤浆锅炉。水煤浆喷枪，包括支架、锥形挡块、保护套管、枪筒和输料管，保护套管的后端部螺纹连接有调节管，枪筒固定连接在调节管上；枪筒的前端部固定有套管，套管的中部设置有第一挡板，第一挡板上开设有第一通孔，第一挡板与输料管之间设置有混合管道，混合管道的侧壁上设置有多个进气孔，混合管道的出口朝向第一通孔；套管的前端部设置有喇叭形出口，锥形挡块的尖端部插在喇叭形出口中，锥形挡块与喇叭形出口之间的间隔形成出料口。实现方便清理堵塞的水煤浆喷枪，提高了水煤浆锅炉的可靠性。
6. 102980202 保温水煤浆锅炉
CN
20.03.2013
F23M 5/00 Loading...
F23M 5/00
Loading...
201210554297.7
青岛海众环保锅炉股份有限公司
姜贵利
F23M 5/00
Loading...
本发明提供一种保温水煤浆锅炉，包括炉体、设置在炉体上的锅筒、以及设置在所述炉体上的水煤浆喷枪，所述炉体上设置有发泡水泥层。通过在炉体上采用发泡水泥形成保温层，可以更加方便的在炉体上形成发泡水泥层进行保温，并且发泡水泥层具有很好的保温隔热效果，减少炉体内的能量的损失，提高了保温水煤浆锅炉的热效率。
7. 102967047 煤粉热风炉
CN
13.03.2013
F24H 3/02 Loading...
F24H 3/02
Loading...
201210554321.7
青岛海众环保锅炉股份有限公司
姜贵利
F24H 3/02
Loading...
本发明提供一种煤粉热风炉。煤粉热风炉，包括炉体、鼓风机、制粉燃烧系统和点火系统；所述炉体由下至上设置有下部燃烧室、上部燃烧室、配风器、混合燃烬室和外接管道；所述鼓风机与所述炉体连通；所述制粉燃烧系统包括煤粉制备设备、煤粉输送管线和燃烧器，所述燃烧器设置在所述下部燃烧室上，所述煤粉制备设备的出粉口通过所述煤粉输送管线与所述燃烧器连接；所述点火系统包括油泵和点火控制箱，所述油泵的出油口与所述燃烧器连接，所述点火控制箱的点火器设置在所述燃烧器中。由于采用煤粉可以实现充分燃烧，避免出现漏煤和冒黑烟等现象，有效的提高了燃烧效率，减轻了对环境造成的污染。
8. 202032568 水煤浆无油点火装置
CN
09.11.2011
F23C 5/08 Loading...
F23C 5/08
Loading...
201020654259.5
青岛海众环保锅炉股份有限公司
姜贵利
F23C 5/08
Loading...
本实用新型提供一种水煤浆无油点火装置。该水煤浆无油点火装置，包括电加热装置和用于产生等离子束的等离子发生装置；所述电加热装置设置在水煤浆锅炉的燃烧室内，并位于水煤浆锅炉的燃烧器的一侧，所述等离子发生装置的等离子束出口设置在所述燃烧室内，并位于所述电加热装置的一侧。通过在水煤浆锅炉的燃烧室内设置电加热装置，可以通过电加热装置对燃烧室内靠近燃烧器处的环境进行加热，从燃烧器喷出的水煤浆能够被电加热装置加热；然后通过等离子发生装置的等离子束出口发生等离子束，使被加热的水煤浆燃烧，从而无需燃油便可以方便的启动水煤浆锅炉，通过水煤浆无油点火装置降低了水煤浆锅炉启动时的成本。
9. 201949766 水煤浆锅炉专用脱硫除尘器
CN
31.08.2011
B01D 50/00 Loading...
B01D 50/00
Loading...
201020654246.8
青岛海众环保锅炉股份有限公司
姜贵利
B01D 50/00
Loading...
本实用新型提供一种水煤浆锅炉专用脱硫除尘器，包括脱硫除尘装置、脱水装置和连接管；脱硫除尘装置包括筒体、第一喷淋管和第一泡沫孔板，筒体的下部开设有进烟口和排灰口，排灰口位于进烟口的下方，第一喷淋管沿筒体的径向方向插设在筒体中并位于进烟口的上方，第一喷淋管设置有多个喷水口，第一泡沫孔板固设在筒体中并位于第一喷淋管的上方；脱水装置包括脱水筒、排烟筒和旋风叶轮，脱水筒固设在排烟筒的上部，脱水筒的下部设置有排水孔，旋风叶轮固设在脱水筒的上部，排烟筒设置有排烟口；连接管的一端口与筒体的上端口连接，另一端口与脱水筒的上端口连接。通过水煤浆锅炉专用脱硫除尘器对烟气进行脱硫除尘处理，以减少对环境的污染。
10. 102155737 Water-coal-slurry oxygen-enrichment gasification boiler
CN
17.08.2011
F23D 14/00 Loading...
F23D 14/00
Loading...
201010583784.7
Qingdao Haizhong Environmental Protection Boiler Co., Ltd.
Jiang Guili
F23D 14/00
Loading...
The invention provides a water-coal-slurry oxygen-enrichment gasification boiler which comprises an oxygen-enrichment gasification boiler, a combustion boiler, a film oxygen-enrichment device, a water-coal-slurry slurry-supplying device and a blast device for a boiler; a gas outlet of the film oxygen-enrichment device and an outlet of the blast device for the boiler are connected with a nozzle of the oxygen-enrichment gasification boiler; the coal gas outlet of the oxygen-enrichment gasification boiler and the outlet of the blast device for the boiler are connected with a combustor of a fuel gas boiler; through conveying the oxygen-enrichment gas and the water-coal slurry together in the oxygen-enrichment gasification boiler for oxidiation reaction, raw gas is generated, then the generated raw gas by the oxygen-enrichment gasification boiler and air conveyed by the blast device for the boiler are conveyed to the fuel gas boiler for combustion, thus smoke dust and sulfur dioxide exhausted from the fuel gas boiler can be reduced effectively, and the pollution to environment is relieved; and additionally, the energy of water-coal slurry can be utilized fully by the water-coal-slurry oxygen-enrichment gasification boiler, and the thermal efficiency and energy utilization ratio of the water-coal-slurry oxygen-enrichment gasification boiler are improved.
11. 201875735 多管换热除尘器
CN
22.06.2011
F23L 15/00 Loading...
F23L 15/00
Loading...
201020626667.X
青岛海众环保锅炉股份有限公司
姜贵利
F23L 15/00
Loading...
本实用新型提供一种多管换热除尘器，包括依次固设在一起的空气换热箱、除尘箱和落灰斗；空气换热箱的一侧壁开设有进气口，另一侧壁开设有出气口；除尘箱一侧壁的下部开设有进烟口，另一侧壁的上部开设有出烟口，除尘箱中设置有隔板，隔板位于进烟口和出烟口之间，隔板将除尘箱分割为上腔体和下腔体；除尘箱中固设有旋风除尘器，旋风除尘器的进口与下腔体连通，旋风除尘器的出口与上腔体连通，旋风除尘器的落灰口与落灰斗连接；多管换热除尘器还包括多根I型热管，I型热管的上端部位于空气换热箱中，I型热管的下端部位于下腔体中。通过多管换热除尘器能够完成回收余热和除去粉尘的功能，减小了多管换热除尘器占用的空间并降低了制造成本。
12. 201871339 水煤浆锅炉专用搅拌过滤器
CN
22.06.2011
B01F 7/18 Loading...
B01F 7/18
Loading...
201020626637.9
青岛海众环保锅炉股份有限公司
姜贵利
B01F 7/18
Loading...
本实用新型提供一种水煤浆锅炉专用搅拌过滤器。该水煤浆锅炉专用搅拌过滤器，包括搅拌筒、搅拌叶片、储浆箱、主轴和电机；储浆箱固设在搅拌筒的下部并与搅拌筒连通，并且储浆箱与搅拌筒之间设置有过滤网；电机固设在搅拌筒的上部，电机的转轴与主轴同轴固设在一起，主轴插入到搅拌筒中，搅拌叶片固设在主轴上。通过在搅拌筒中设置搅拌叶片，并将储浆箱与搅拌筒连通，储浆箱与搅拌筒之间设置有过滤网，电机带动搅拌叶片进行转动，而搅拌均匀的水煤浆将通过过滤网进入到储浆箱中，实现了通过水煤浆锅炉专用搅拌过滤器能够同时完成搅拌和过滤的功能，减小了水煤浆锅炉专用搅拌过滤器占用的空间并降低了制造成本。
13. 201875738 工业液体废弃物水煤浆锅炉
CN
22.06.2011
F23M 9/00 Loading...
F23M 9/00
Loading...
201020626669.9
青岛海众环保锅炉股份有限公司
姜贵利
F23M 9/00
Loading...
本实用新型提供一种工业液体废弃物水煤浆锅炉。该工业液体废弃物水煤浆锅炉，包括燃烧器、燃烧室和辐射及对流换热面，还包括：可升降折烟墙，所述可升降折烟墙设置在所述燃烧室中并位于所述燃烧器的出口的一侧。通过设置可升降折烟墙，可以根据燃烧要求调节可升降折烟墙的高度，在以工业液体废弃物制备的水煤浆通过燃烧器喷入到燃烧室燃烧时，根据燃料燃烧特性及工业液体废弃物水煤浆锅炉运行负荷调整可升降折烟墙折的高度，改变可升降折烟墙前部的燃烧动力场及回流强度，以保证着火燃烧处于良好状态，实现通过工业液体废弃物水煤浆锅炉能够同时燃烧水煤浆和工业液体废弃物，提高了工业液体废弃物水煤浆锅炉的使用范围。
14. 201875691 燃水煤浆和工业废气的混合动力锅炉
CN
22.06.2011
F23C 1/08 Loading...
F23C 1/08
Loading...
201020626654.2
青岛海众环保锅炉股份有限公司
姜贵利
F23C 1/08
Loading...
本实用新型提供一种燃水煤浆和工业废气的混合动力锅炉。该燃水煤浆和工业废气的混合动力锅炉，包括燃烧器、燃烧室、折烟墙和对流管束，还包括：用于向所述燃烧室内喷射工业废气的喷气装置，所述喷气装置固设在所述燃烧室内，所述喷气装置的喷嘴朝向所述燃烧器。通过在燃烧室中设置喷气装置，并将喷气装置的喷嘴朝向燃烧器，从而当锅炉燃烧水煤浆的过程中，可以通过喷气装置将工业废气喷射到燃烧室中进行燃烧，从而可以有效的利用工业废气作为锅炉的燃料，实现通过燃水煤浆和工业废气的混合动力锅炉能够同时燃烧水煤浆和工业废气，提高了燃水煤浆和工业废气的混合动力锅炉的使用范围。
15. 201875690 燃水煤浆和生物质的混合动力锅炉
CN
22.06.2011
F23C 1/02 Loading...
F23C 1/02
Loading...
201020626651.9
青岛海众环保锅炉股份有限公司
姜贵利
F23C 1/02
Loading...
本实用新型提供一种燃水煤浆和生物质的混合动力锅炉。该燃水煤浆和生物质的混合动力锅炉，包括燃烧器、燃烧室和辐射及对流换热面，还包括：链条炉排和用于向所述链条炉排投放生物质的投料装置；所述链条炉排设置在所述燃烧室内，所述投料装置固设在所述燃烧室外部，并且所述投料装置的出料口位于所述链条炉排的上方。通过在燃烧室内设置链条炉排并通过投料装置向链条炉排上投放生物质，在水煤浆通过燃烧器喷入到燃烧室燃烧时，可以通过链条炉排将投料装置投放的生物质运送到燃烧室内进行燃烧，实现通过燃水煤浆和生物质的混合动力锅炉能够同时燃烧水煤浆和生物质，提高了燃水煤浆和生物质的混合动力锅炉的使用范围。
16. 201858636 燃水煤浆和中药渣的混合动力锅炉
CN
08.06.2011
F23C 1/00 Loading...
F23C 1/00
Loading...
201020622895.X
青岛海众环保锅炉股份有限公司
姜贵利
F23C 1/00
Loading...
本实用新型提供一种燃水煤浆和中药渣的混合动力锅炉。该燃水煤浆和中药渣的混合动力锅炉，包括燃烧器、燃烧室和辐射及对流换热面，还包括：用于向所述燃烧室内投放中药渣的投料装置，所述投料装置固设在所述燃烧室上，并且所述投料装置的出料口与所述燃烧室连通。通过设置投料装置，并将投料装置的出料口与燃烧室连通，从而当锅炉燃烧水煤浆的过程中，可以通过投料装置将中药渣投入到燃烧室中进行燃烧，从而可以有效的利用中药渣等废弃物品作为锅炉的燃料，实现通过燃水煤浆和中药渣的混合动力锅炉能够同时燃烧水煤浆和中药渣，提高了燃水煤浆和中药渣的混合动力锅炉的使用范围。
17. 102072483 Water, coal and petroleum slag mixed slurry burning heat-conducting oil furnace
CN
25.05.2011
F23C 5/08 Loading...
F23C 5/08
Loading...
201010583794.0
Qingdao Haizhong Environmental Protection Boiler Co., Ltd.
Jiang Guili
F23C 5/08
Loading...
The invention provides a water, coal and petroleum slag mixed slurry burning heat-conducting oil furnace, which comprises a boiler body, a furnace wall body, a furnace ceiling and a furnace bottom, wherein the furnace wall body, the furnace ceiling and the furnace bottom form a hearth; the boiler body is positioned on the upper part of the hearth; and the water, coal and petroleum slag mixed slurry serving as fuel comprises 30 to 35 percent of water, 20 to 25 percent of coal, 40 to 45 percent of petroleum slag and 0.2 to 0.8 percent of water and coal slurry additive. The water, coal and petroleum slag mixed slurry burning heat-conducting oil furnace also comprises a combustor for spraying the water, coal and petroleum slag mixed slurry to the hearth and a flame diverting wall; the combustor is arranged on the furnace wall body; an outlet of the combustor is communicated with the hearth; the flame diverting wall is fixedly arranged at the furnace bottom and is positioned in the hearth; a precombustion chamber is arranged in the hearth and is positioned between the combustor and the boiler body; and the volume of the precombustion chamber is more than or equal to one fifth of the volume of the hearth. Due to the adoption of the water, coal and petroleum slag mixed slurry serving as the fuel, the discharge of smoke and sulfur dioxide is reduced effectively, and the pollution to environment is relieved.
18. 102032554 Coal water slurry and coal water slurry powder combusting hybrid boiler
CN
27.04.2011
F23C 1/10 Loading...
F23C 1/10
Loading...
201010583797.4
Qingdao Haizhong Environmental Protection Boiler Co., Ltd.
Jiang Guili
F23C 1/10
Loading...
The invention provides a coal water slurry and coal water slurry powder combusting hybrid boiler which comprises a combustor, a combustion chamber and a boiler body, wherein the combustor is fixedly arranged outside the combustion chamber and comprises a precombustion chamber and and after-combustion chamber which are communicated with each other, the precombustion chamber is adjacent to the combustor, and the length ratio of the precombustion chamber to the after-combustion chamber is 0.4-0.9. The coal water slurry and coal water slurry powder combusting hybrid boiler also comprises a first longitudinal jet blast pipe and a second longitudinal jet blast pipe, wherein the first longitudinal jet blast pipe and the second longitudinal jet blast pipe are fixedly arranged in after-combustion chamber respectively in a direction perpendicular to the spraying direction of the combustor, a plurality of first air ports are arranged on the first longitudinal jet blast pipe, and the first air ports face toward the combustor; a plurality of second air ports are arranged on the second longitudinal jet blast pipe, and the air outlet direction of the second air ports is upward. Thus, the usable range of the coal water slurry and coal water slurry powder combusting hybrid boiler is increased.
19. 101995022 Water-coal-slurry and fine pulverized coal two-purpose burner
CN
30.03.2011
F23D 17/00 Loading...
F23D 17/00
Loading...
201010583799.3
Qingdao Haizhong Environmental Protection Boiler Co., Ltd.
Jiang Guili
F23D 17/00
Loading...
The invention discloses a water-coal-slurry and fine pulverized coal two-purpose burner, which comprises a shell, a fuel conveying pipe, an air pipe and a blowing device, wherein one end of the shell has an exit; the fuel conveying pipe is inserted into the shell; the discharge opening of the fuel conveying pipe is positioned at the position of the exit; the air pipe is positioned in the shell and sleeved outside the fuel conveying pipe; the air outlet of the air pipe is positioned at the position of the exit; the blowing device comprises a movable blowing device and a fixed blowing device which are positioned in the shell; and the fixed blowing device is fixedly arranged on the air pipe and close to the air outlet, and the movable blowing device is arranged on the air pipe in a sliding manner. By arranging the movable blowing device and the fixed blowing device on the air pipe, the position of the movable blowing device can be adjusted according to water and coal slurry and fine pulverized coal, the rotation strength of the air flow output by the air pipe can be changed, it is unnecessary to stop a boiler for exchanging the burner, and the continuous operation of a hybrid boiler can be guaranteed.
20. 201568946 可整体移动式水煤浆锅炉机组
CN
01.09.2010
F22B 33/12 Loading...
F22B 33/12
Loading...
200920240970.3
青岛海众环保锅炉股份有限公司
姜贵利
F22B 33/12
Loading...
本实用新型公开了一种可整体移动式水煤浆锅炉机组，是为克服现有技术在短期施工的场所使用水煤浆锅炉，现场安装和调试不方便，以及移动施工的分解拆除和再使用重新组合复杂，增加施工成本的缺点提供的，包括锅炉本体、鼓引风系统、供水系统、除尘器系统、电气控制系统、水煤浆的供浆系统、供浆系统中的向炉内喷射水煤浆的高压供气机构，上述机组的多个系统安装在一个可移动的房屋式箱体空间内。由于整个机组安装在同一个箱体内，因此可实现工厂化生产，各系统的安装布局合理、占地面积小，将整体运输施工地点作简单连接即可使用，能适应各种复杂场地安放；施工完成后可整体移运到其他地方再使用，方便快捷，大大降低了施工成本。
21. 101709862 Integrally-movably water-coal-slurry boiler unit
CN
19.05.2010
F22B 33/12 Loading...
F22B 33/12
Loading...
200910230010.3
Qingdao Haizhong Environmental Protection Boiler Co., Ltd.
Jiang Guili
F22B 33/12
Loading...
The invention discloses an integrally-movable water-coal-slurry boiler unit aiming to overcome the defects that the water-coal-slurry boiler used in a site with short-term construction is inconvenient for field installation and debugging and the breaking and dismounting of moving construction, complicated recombination for reuse and the construction cost is increased. The integrally-movable water-coal-slurry boiler unit comprises a boiler body, a blasting-drafting system, a water supply system, a dust collector system, an electric control system, a slurry supply system of water-coal-slurry and a high-pressure air supply system of the slurry supply system for jetting the water-coal-slurry to the boiler; and a plurality of systems of the unit are arranged in a movable house box body space. Since the whole unit is arranged in the same box body, the factory production can be realized; various systems have reasonable installation and layout and small occupied area; the integrally-movable water-coal-slurry boiler unit can be used after the whole construction site is simply connected and can be placed in various complicated sites; in addition, the integrally-movable water-coal-slurry boiler unit can be integrally moved to other places to be reused after the construction is finished, is convenient and quick and greatly reduces the construction cost.

