1. 103545468 一种电芯支架
CN
08.02.2017
H01M 2/10 Loading...
H01M 2/10
Loading...
102013000479451
飞毛腿（福建）电子有限公司
陈阿文
H01M 2/10
Loading...
本发明提供了一种电芯支架，包括至少一合成树脂成型体，该合成树脂成型体具有一与电芯相配合的容置部，所述容置部包括一底平面和一立设于该底平面上的圆弧侧壁；所述底平面的中央设有一方形开口。本发明能根据电池外壳形状不同自由组合成不同形状的支架装置，适用于绝大多数的电池外壳，因而电芯支架和镍带可以统一通用，降低开发及生产成本；本发明可批量生产，降低开发成本，提高生产效率。
2. 205725113 一种可兼容多种电压输出的高压直流供电系统用电池组
CN
23.11.2016
H02J 7/34 Loading...
H02J 7/34
Loading...
201620268878.8
福建飞毛腿动力科技有限公司
俞峰
H02J 7/34
Loading...
本实用新型公开了一种可兼容多种电压输出的高压直流供电系统用电池组，包括N+1个电池模块单元串联组成的电池组、电池模块电压检测电路、电池模块开关控制电路，其中：N≥1；所述电池模块电压检测电路与电池模块开关控制电路相连接；所述电池组分别与电池模块电压检测电路和电池模块开关控制电路相连接；每个电池模块单元由一个48V电池模块与一个单刀双掷开关串联构成。本实用新型可以使用在通信基站、通信机房等240V或336V高压直流供电系统的备电用电池组中，还可以使电池组中每个电池模块的电量都释放出来，使电池组的能量得到完全利用，实现了放电均衡和充电均衡。
3. 205719323 一种电子设备的多点温度测量电路
CN
23.11.2016
G01K 7/22 Loading...
G01K 7/22
Loading...
201620216923.5
飞毛腿（福建）电子有限公司
俞峰
G01K 7/22
Loading...
本实用新型公开了一种电子设备的多点温度测量电路，包括一个以上的负温度系数热敏电阻器、单刀多掷开关、电阻，所述单刀多掷开关的开关数量与负温度系数热敏电阻器的数量相同；每个负温度系数热敏电阻器的一端与单刀多掷开关的其中一掷开关相连接，所有负温度系数热敏电阻器的另一端共同连接在一起；单刀多掷开关的开关共同极与电阻的一端相连接。本实用新型电路方案简单，易于实现，成本较低，可以广泛应用于各种需要对多点温度进行测量的电子产品中。
4. 205723679 一种多颗电芯用的支架装置
CN
23.11.2016
H01M 2/10 Loading...
H01M 2/10
Loading...
201620249552.0
福建飞毛腿动力科技有限公司
吴国庆
H01M 2/10
Loading...
本实用新型公开了一种多颗电芯用的支架装置，包括底盖、上盖壳体、左支架、右支架，左支架的下端与底盖内的左侧相连接；右支架的下端与底盖内的右侧相连接；上盖壳体扣设于底盖上；所述左支架上设有若干左圆形通孔，左支架的底部两侧边分别设有左支架固定柱；右支架上设有若干右圆形通孔，右圆形通孔的数量与左圆形通孔的数量相同；右支架的底部两侧边分别设有右支架固定柱；左支架固定柱和右支架固定柱分别通过螺钉连接于底盖内；左支架与右支架之间形成有放置电芯的空腔。本实用新型固定结构简便，性能优良，在保证质量前提下，最大限度的利用了电芯的内部空间，空间需求少，制作便捷，内部形成分区，固定安全可靠。
5. 205544384 一种能完全释放电池组电量的电池串联冗余结构
CN
31.08.2016
H02J 7/00 Loading...
H02J 7/00
Loading...
201620070785.4
飞毛腿（福建）电子有限公司
俞峰
H02J 7/00
Loading...
本实用新型公开了一种能完全释放电池组电量的电池串联冗余结构，包括N+1个电池单元电路串联组成的电池组、电池组电压检测电路、电池组开关控制电路，电池组电压检测电路与电池组开关控制电路相连接；电池组分别与电池组电压检测电路和电池组开关控制电路相连接；每个电池单元电路由一个单体电池与一个开关串联后，再与一个二极管并联构成，并联时二极管的正负极性方向与单体电池的正负极性方向相反；本实用新型可使单体电池分容筛选的配对组合要求可以很宽，不会有无法配对的单体电池存在，从而减少了电池成本；还可以将失效的单体电池隔离出电池组，使电池组可以继续正常的给负载供电，提升了电池组的可靠性，也增加了电池组的安全性。
6. 205489598 一种车用蓄电池充电器
CN
17.08.2016
H02J 7/00 Loading...
H02J 7/00
Loading...
201620025390.2
飞毛腿（福建）电子有限公司
俞峰
H02J 7/00
Loading...
本实用新型公开了一种车用蓄电池充电器，包括BOOST升压电路，所述BOOST升压电路的电源输入端连接有USB插头；所述BOOST升压电路的电源输出端连接有车载点烟器插头；所述USB插头与移动电源的USB输出接口相连接；所述车载点烟器插头与车载点烟器相连接。本实用新型可以使用市场上任何一种带USB输出的移动电源，就可以实现对汽车内蓄电池组的应急充电，在充电一段时间后就可以使汽车应急启动，而且实现的电路简单可靠，成本低，并便于携带。
7. 205178877 一种采用多个场效应管串联的控制电路
CN
20.04.2016
H02M 3/155 Loading...
H02M 3/155
Loading...
201520885750.1
飞毛腿（福建）电子有限公司
俞峰
H02M 3/155
Loading...
本实用新型公开了一种采用多个场效应管串联的控制电路，包括二个以上的耐压电路、同步驱动电路，两两相邻的二个耐压电路之间相串联，且所有的耐压电路的结构均是相同；耐压电路包括场效应管、电阻、电容，场效应管、电阻、电容之间相互并联；场效应管与同步驱动电路相连接，同步驱动电路控制多个场效应管同时导通或关断；采用多个场效应管串联使用，同时每个耐压电路中采用电阻和电容来使场效应管所分配到的电压为所控制的电路的平均电压，实现了高于单个场效应管耐压的电路的通断控制。本实用新型采用多个场效应管串联后进行同步控制，可以控制超过场效应管本身的电压电路的通断，具有低温升、低驱动电流、寿命长、体积小、成本低优点。
8. 105471053 一种能完全释放电池组电量的电池串联冗余方法
CN
06.04.2016
H02J 7/00 Loading...
H02J 7/00
Loading...
201610048383.9
飞毛腿（福建）电子有限公司
俞峰
H02J 7/00
Loading...
本发明公开了一种能完全释放电池组电量的电池串联冗余方法，包括N+1个电池单元电路串联组成的电池组、电池组电压检测电路、电池组开关控制电路，电池组电压检测电路与电池组开关控制电路相连接；电池组分别与电池组电压检测电路和电池组开关控制电路相连接；每个电池单元电路由一个单体电池与一个开关串联后，再与一个二极管并联构成，并联时二极管的正负极性方向与单体电池的正负极性方向相反；本发明可使单体电池分容筛选的配对组合要求可以很宽，不会有无法配对的单体电池存在，从而减少了电池成本；还可以将失效的单体电池隔离出电池组，使电池组可以继续正常的给负载供电，提升了电池组的可靠性，也增加了电池组的安全性。
9. 105305816 一种采用多个场效应管串联实现电路控制的方法
CN
03.02.2016
H02M 3/155 Loading...
H02M 3/155
Loading...
201510754849.2
飞毛腿（福建）电子有限公司
俞峰
H02M 3/155
Loading...
本发明公开了一种采用多个场效应管串联实现电路控制的方法，包括二个以上的耐压电路、同步驱动电路，两两相邻的二个耐压电路之间相串联，且所有的耐压电路的结构均是相同；耐压电路包括场效应管、电阻、电容，场效应管、电阻、电容之间相互并联；场效应管与同步驱动电路相连接，同步驱动电路控制多个场效应管同时导通或关断；本方法采用多个场效应管串联使用，同时每个耐压电路中采用电阻和电容来使场效应管所分配到的电压为所控制的电路的平均电压，实现了高于单个场效应管耐压的电路的通断控制。本发明采用多个场效应管串联后进行同步控制，可以控制超过场效应管本身的电压电路的通断，具有低温升、低驱动电流、寿命长、体积小、成本低优点。
10. 205017026 一种数码产品不间断电源电路
CN
03.02.2016
H02J 7/00 Loading...
H02J 7/00
Loading...
201520356854.3
广州飞毛腿数码技术有限公司
黄挺
H02J 7/00
Loading...
本实用新型公开了一种数码产品不间断电源电路，包括AC转DC模块、电芯保护电路、电芯、三合一主控芯片、输出隔离器；AC转DC模块一端与输出隔离器电连接，另一端分别与电芯保护电路和三合一主控芯片电连接，电芯保护电路一端与电芯电连接，另一端与三合一主控芯片电连接；AC转DC模块将220V/50Hz交流输入转换成5V3A直流，电芯保护电路实现对电芯的过充、过放、短路、过流保护，电芯用来储能，AC转DC模块与电芯保护电路分别受控于三合一主控芯片。本实用新型结合电芯自身的电量和设备用电实际情况来动态分配二者电流；同时有效地将电源充电器和移动电源二者合二为一，提高资源的利用率，降低能耗，给用户使用智能数码产品带来很大的便利，解决了数码产品自带电池续航时间问题。
11. 204991790 一种用于蓄电池散热的支架组合
CN
20.01.2016
H01M 2/10 Loading...
H01M 2/10
Loading...
201520505990.4
飞毛腿（福建）电子有限公司
吴国庆
H01M 2/10
Loading...
本实用新型公开了一种用于蓄电池散热的支架组合，包括支架上盖、支架下盖，支架上盖内设有上电芯槽位；支架上盖的两侧壁设有上导流槽；支架上盖上设有铜母柱；支架上盖的内底部设有固定槽位；支架上盖的上表面设有圆形或方形的上通孔；支架下盖内设有下电芯槽位；支架下盖的内底部设有下固定槽位；支架下盖的两侧壁设有下导流槽；支架下盖上设有与铜母柱相配合的阶梯通孔；支架下盖的下表面设有圆形或方形的下通孔；支架上盖和支架下盖相扣合时，阶梯通孔与铜母柱通过螺钉相连接。本实用新型利用锂电池本身封装时形成的必要间隙空间，利用热传导原理把热量直接排出，成本较低，稳定性较高，空间利用率高。
12. 204991901 一种用于蓄电池的散热壳体
CN
20.01.2016
H01M 10/613 Loading...
H01M 10/613
Loading...
201520507363.4
飞毛腿（福建）电子有限公司
吴国庆
H01M 10/613
Loading...
本实用新型公开了一种用于蓄电池的散热壳体，包括盖体，所述盖体为中空壳体，其内设有一个以上的上电芯槽位；所述相邻两上电芯槽位之间设有散热腔；所述盖体的侧壁上设有卡钩和卡槽；所述盖体的内底部设有用于固定散热铝材的固定槽位；所述上电芯槽位的底面低于盖体的底面，二底面形成上台阶结构；所述盖体的顶部设有若干形状不一的凸台。本实用新型利用锂电池本身封装时形成的必要间隙空间把热量直接排出，成本较低，稳定性较高，空间利用率高。
13. 204946955 一种电芯用的扁平状组合支架
CN
06.01.2016
H01M 2/10 Loading...
H01M 2/10
Loading...
201520593338.2
飞毛腿（福建）电子有限公司
吴国庆
H01M 2/10
Loading...
本实用新型公开了一种电芯用的扁平状组合支架，包括支架上盖、支架下盖，支架上盖的内侧面设有若干向外侧面凸起的固定槽型；支架上盖的内侧面上设有若干定位槽；支架上盖上设有若干通孔；支架上盖的其中一长侧边上设有断崖式缺槽；支架上盖的两短侧边及断崖式缺槽上分别设有固定板；固定板上设有固定孔；支架下盖内通过隔板分成若干电芯放置区；电芯放置区内设有定位筋条；支架下盖的两短侧边及长侧边上分别设有螺母柱；当支架上盖扣合在支架下盖上时，隔板的顶部卡设于定位槽内，固定槽型和电芯放置区形成放置空腔，支架上盖上的固定孔与支架下盖上的螺母柱相连接。本实用新型扁平化设计，空间需求少，制作便捷，内部形成分区，固定安全可靠。
14. 104993185 一种带集成散热结构的蓄电池
CN
21.10.2015
H01M 10/613 Loading...
H01M 10/613
Loading...
201510411097.X
飞毛腿（福建）电子有限公司
吴国庆
H01M 10/613
Loading...
本发明公开了一种带集成散热结构的蓄电池，包括支架上盖、支架下盖、电芯、散热铝材，支架上盖内设有上电芯槽位；支架上盖的侧壁上设有卡钩和卡槽；支架上盖的内底部设有固定槽位；支架下盖内设有下电芯槽位；支架下盖的侧壁上设有下卡钩和下卡槽；支架下盖的内底部设有下固定槽位；支架上盖和支架下盖相扣合时，下卡钩与卡槽相卡接，卡钩与下卡槽相卡接；散热铝材与固定槽位相连接；铝材槽位、下电芯槽位、上电芯槽位形成有用于固定电芯的电芯腔；电芯设于电芯腔内。本发明利用锂电池本身封装时形成的必要间隙空间，利用热传导原理把热量直接排出，成本较低，稳定性较高，空间利用率高。
15. 104993169 一种集成散热风道和防水结构的蓄电池
CN
21.10.2015
H01M 10/052 Loading...
H01M 10/052
Loading...
201510411157.8
飞毛腿（福建）电子有限公司
吴国庆
H01M 10/052
Loading...
本发明公开了一种集成散热风道和防水结构的蓄电池，包括支架上盖、支架下盖、电芯、散热铝材、上风道导向盖、下风道导向盖、外壳上盖、外壳下盖，支架上盖内设有上电芯槽位；支架下盖内设有下电芯槽位，支架上盖和支架下盖相扣合，散热铝材设于其内；下电芯槽位、上电芯槽位形成有电芯腔；电芯设于电芯腔内，上风道导向盖和下风道导向盖扣合将支架上盖和支架下盖形成的壳体罩设于内；外壳上盖和外壳下盖扣合且将上风道导向盖和下风道导向盖形成的壳体罩设于内；外壳上盖和上风道导向盖之间设有上防水垫。本发明利用锂电池本身封装时形成的必要间隙空间，利用热传导原理把热量直接排出，成本较低，稳定性较高，空间利用率高。
16. 204578706 小微站多媒体网络箱
CN
19.08.2015
H04Q 1/08 Loading...
H04Q 1/08
Loading...
201520192571.X
浙江飞毛腿通信技术有限公司
陈永胜
H04Q 1/08
Loading...
本实用新型涉及一种小微站多媒体网络箱，包括箱体及设于箱体内的数字电表、空气开关、RRU射频拉远单元、DC48V电源并联盒、接地排和两个AC220V转DC48V电源模块，数字电表的进线和AC220V市电相连，数字电表的出线经空气开关和两个AC220V转DC48V电源模块的输入端相连，两个AC220V转DC48V电源模块的输出端分别和DC48V电源并联盒的两个输入端相连，DC48V电源并联盒的输出端和RRU射频拉远单元相连，两个AC220V转DC48V电源模块、DC48V电源并联盒及RRU射频拉远单元的接地端和接地排相连。本实用新型用箱体遮蔽，合多为一，无噪声，占用面积小，连线整齐、简洁，外形美观，施工及维护方便。
17. 204258353 一种多功能移动电源
CN
08.04.2015
H02J 7/00 Loading...
H02J 7/00
Loading...
201420686912.4
飞毛腿电源（深圳）有限公司
陈绍嘉
H02J 7/00
Loading...
本实用新型公开了一种多功能移动电源，包括壳体，壳体内设置有电芯和电路板，壳体外部设置有电源指示灯、USB接口和Micro USB接口，所述壳体外部还设置有指南针、LED灯、LED灯开关和电源按键，所述LED灯通过LED灯开关与所述电路板电连接，所述电源按键与电芯连接。本实用新型多功能移动电源免去了外出时携带多件物品的麻烦，同时满足充电续航、夜晚照明、危险时发出报警信号、迷路时利用指南针功能探测方向的功能，且便于手持。
18. 104477277 Portable anti-theft device integrating energy storage and energy conversion control
CN
01.04.2015
B62H 5/00 Loading...
B62H 5/00
Loading...
201410763792.8
飞毛腿（福建）电子有限公司
黄长廉
B62H 5/00
Loading...
The invention discloses a portable anti-theft device integrating energy storage and energy conversion control. The portable anti-theft device comprises an anti-theft device, an energy storage body, an energy conversion device and a fastening strip, wherein the fastening strip is locked with an upper fastening strip in the anti-theft device; the fastening strip is locked with a lower fastening strip in the energy conversion device; the fastening strip, the anti-theft device and the energy conversion device are combined into a three-in-one module; the energy storage body is matched with the energy conversion device to achieve energy supply; the energy conversion device is matched with the energy storage body to form limiting match, so that the energy storage body can only move upwards; meanwhile, a lock head of the anti-theft device automatically slides into a lock head limiting groove of an upper cover. Through steering locking of a lock catch, upward movement of the energy storage body is limited; prevention of burglary of the portable device of the energy storage body and the energy conversion device can be achieved as long as the fastening strip is fixed at any position. The portable anti-theft device is simple in structure; by adopting integrated structure combination and multi-dimensional consideration, the energy storage body and the energy conversion device is portable and anti-theft measures are simple and reliable.
19. 204067483 一种蓄电池安全装置
CN
31.12.2014
H01M 2/34 Loading...
H01M 2/34
Loading...
201420367777.7
飞毛腿电源（深圳）有限公司
陈康
H01M 2/34
Loading...
一种蓄电池安全装置，其特征在于，包括壳体、电极、导电片、拉伸弹片、拉伸顶端和拉伸侧端；所述壳体位于电极上面，所述壳体与电极连接后呈空心容器，所述导电片设在壳体与电极形成的空心容器内部，所述导电片与电极电连接。本实用新型提供的蓄电池安全装置，结构简单，安全性强。
20. 204062378 一种具有移动和固定功能的太阳能蓄能装置
CN
31.12.2014
F16M 11/22 Loading...
F16M 11/22
Loading...
201420367674.0
飞毛腿电源（深圳）有限公司
陈康
F16M 11/22
Loading...
本实用新型涉及一种具有移动和固定功能的太阳能蓄能装置，包括底座，所述底座的下端设有固定腿，所述固定腿的中部设有螺纹孔，固定腿的左端设有安装轴，所述安装轴上安装有车轮，固定腿的下端铰接有支撑板，所述支撑板的右端安装有固定螺钉，支撑板的右端设有设有矩形槽，底座的左端安装有固定架，所述固定架的中部与底座的右端之间设有支撑筋，底座的右端安装有蓄电箱，所述蓄电箱上设有透明观察窗。本实用新型通过设置矩形槽、带有车轮的安装轴和铰接有支撑板的固定腿有助于实现底座的移动和固定功能，这便于操作人员拆卸和运输，通过设置螺纹孔和固定螺钉有助于支撑板固定在固定支腿上，且结构简单，操作方便，经济实用。
21. 203826617 一种用于电源设备的伸缩式AC插头机构
CN
10.09.2014
H01R 13/04 Loading...
H01R 13/04
Loading...
201420084233.X
飞毛腿电池有限公司
张皓
H01R 13/04
Loading...
本实用新型公开了一种用于电源设备的伸缩式AC插头机构，包括底盖、面盖，所述底盖和面盖相扣接形成一腔体，所述腔体内连接有PCM电路板；所述腔体上连接有AC插头组件，所述AC插头组件包括AC插头、按键，所述AC插头连接于腔体内，且与PCM电路板相连接，同时AC插头相对于底盖可滑动；所述按键连接于AC插头上，且与面盖相接，同时按键相对于面盖可滑动。本实用新型具有结构简单、操作方便、调节方便、实用的特点。
22. 203707817 一种可多串或多并的电池管理系统
CN
09.07.2014
H02J 7/00 Loading...
H02J 7/00
Loading...
201320837179.7
飞毛腿（福建）电子有限公司
杨麒麟
H02J 7/00
Loading...
本实用新型提供了一种可多串或多并的电池管理系统，包括复数个电池管理模块和一中心管理模块；即本实用新型在现有的电池管理模块中加入了反接保护单元和隔离监控及受控单元。反接保护单元可保护电池模块管理单元在接入反向电压的时候可正常保护不损坏；特别是在电池管理模块串联使用时，隔离监控及受控单元采用一种无延时的电池包状态监控及受控机制，使得中心管理模块可快速的获取所有连接的电池管理模块的状态。本实用新型通过串联电池管理模块组成的管理系统可实现更高的电池组电压，或通过并联电池管理模块组成的管理系统可实现更高的电池组容量；使得产品实现周期短，产品稳定可靠，成本低。
23. 203617986 一种带有隔离电源的光电耦合装置
CN
28.05.2014
H03K 19/14 Loading...
H03K 19/14
Loading...
201320648824.0
飞毛腿（福建）电子有限公司
俞峰
H03K 19/14
Loading...
本实用新型提供了一种带有隔离电源的光电耦合装置，包括一隔离电源、一个光电耦合器和一个电阻，所述光电耦合器由发光二极管和光敏三极管组成，所述隔离电源的负极输出端与所述光电耦合器中光敏三极管的射极相连，所述隔离电源的正极输出端与所述电阻的一端相连，所述电阻的另一端与光电耦合器中光敏三极管的集电极相连。本实用新型的优点在于：通过一个隔离电源给光电耦合器的接收端供电，使光电耦合器的接收端不需要其它电源就能产生接收信号的电平变化，这使得通信接收设备的电源可以省略或者处于低功耗待机状态，当通信接收设备是采用电池供电的便携式设备时，延长了通信接收设备的待机时间和工作时间。
24. 203589100 一种电芯支架
CN
07.05.2014
H01M 2/10 Loading...
H01M 2/10
Loading...
201320632525.8
飞毛腿（福建）电子有限公司
陈阿文
H01M 2/10
Loading...
本实用新型提供了一种电芯支架，包括至少一合成树脂成型体，该合成树脂成型体具有一与电芯相配合的容置部，所述容置部包括一底平面和一立设于该底平面上的圆弧侧壁；所述底平面的中央设有一方形开口。本实用新型能根据电池外壳形状不同自由组合成不同形状的支架装置，适用于绝大多数的电池外壳，因而电芯支架和镍带可以统一通用，降低开发及生产成本；本实用新型可批量生产，降低开发成本，提高生产效率。
25. 203553985 一种无线充电装置
CN
16.04.2014
H02J 7/00 Loading...
H02J 7/00
Loading...
201320612384.3
飞毛腿电源（深圳）有限公司
陈朝晖
H02J 7/00
Loading...
本实用新型属于无线充电领域，提供了一种无线充电装置。在本实用新型中，通过充电装置上的正极端子和负极端子分别与第一充电输出面板和第二充电输出面板接触式电连接为移动终端进行无线充电，本实用新型提供的移动终端无线充电系统在满足无线充电的情况下设计简单且不会产生电磁辐射，减少由于电磁辐射对人体健康的伤害。
26. 203491739 一种充放电电路以及移动电源
CN
19.03.2014
H02J 7/00 Loading...
H02J 7/00
Loading...
201320530259.8
飞毛腿电源（深圳）有限公司
陈朝晖
H02J 7/00
Loading...
本实用新型适用于电路领域，提供了一种充放电电路以及移动电源，所述充放电电路外接充电接口和负载接口，所述充放电电路包括：对电芯进行充电的充电电路；将所述电芯的电压进行升压以通过所述负载接口放电的升压电路；在所述电芯通过所述负载接口放电的放电模式与通过充电接口对所述电芯充电的充电模式之间进行模式切换的充放电切换电路。当充电接口有电源接入时，电芯停止经过充放电切换电路和负载接口向负载放电，电源经过充电接口和充电电路向电芯充电；当充电接口没有电源接入、且负载接口有负载接入时，电芯经过充放电切换电路和负载接口向负载供电。
27. 203491742 一种移动电源电路及移动电源
CN
19.03.2014
H02J 7/00 Loading...
H02J 7/00
Loading...
201320539262.6
飞毛腿电源（深圳）有限公司
陈朝晖
H02J 7/00
Loading...
本实用新型属于移动电源领域，特别涉及一种移动电源电路及移动电源。本实用新型通过采用包括电源接口、充电模块、蓄电模块、升压模块、输出开关模块以及控制模块的移动电源电路，通过电源接口接入直流电，并利用充电模块对蓄电模块进行充电，同时将蓄电模块输出的电流经升压模块做升压处理。在控制模块的控制下，利用输出开关模块将该电流输出至电源接口，使得移动电源电路只需配备一个外部接口，解决了现有的移动电源接口过多的问题，大大节约了移动电源内部空间，从而减小了移动电源的体积。
28. 103580260 Portable mobile power supply
CN
12.02.2014
H02J 7/04 Loading...
H02J 7/04
Loading...
201210250649.X
飞毛腿电子（深圳）有限公司
陈朝晖
H02J 7/04
Loading...
The invention belongs to the field of power supply design and provides a portable mobile power supply. The portable mobile power supply comprises a battery, a charging management unit, a battery protection unit and a boosting unit, wherein the charging management unit is used for carrying out constant-current/constant-voltage control on charging voltage during battery charging, the battery protection unit is used for carrying out overvoltage/over-current/overcharge protection on the battery during battery charging, and the boosting unit is used for boosting output voltage of the battery to a predetermined value and outputting the output voltage to equipment powered by a voltage of the predetermined value. The model of a first MOS tube chip used as a boosting chip in the boosting unit is sm8205a, and the model of a protection control chip of the battery protection unit is DW01+ or HY2110. The chips can improve the energy conversion efficiency of a system and are energy-saving and environment-friendly compared with the prior chips of other models.
29. 203251101 一种移动电源
CN
23.10.2013
H02J 7/00 Loading...
H02J 7/00
Loading...
201320109445.4
飞毛腿电子（深圳）有限公司
陈朝晖
H02J 7/00
Loading...
本实用新型适用移动电源领域，提供了一种具有过温保护功能的移动电源；该移动电源的控制电路包括检测电芯温度值的温度检测单元；控制充电电路通断的充电开关；控制放电电路通断的放电开关；以及接收温度检测单元发送的温度值，根据温度值产生控制信号控制充电开关以及放电开关状态的控制单元。采用上述的移动电源，能够实时采集移动电源电芯的温度值，并根据所采集的温度值控制充电以及放电的电路连接；实现对移动电源进行过温保护；避免因温度过高而烧坏移动电源的控制电路以及电芯。
30. 203243071 一种电源充放电电路及移动电源
CN
16.10.2013
H02J 7/00 Loading...
H02J 7/00
Loading...
201320131612.5
飞毛腿电子（深圳）有限公司
陈朝晖
H02J 7/00
Loading...
本实用新型适用于电源充放电电路领域，尤其涉及一种电源充放电电路及移动电源。在本实用新型实施例中，通过控制电路控制MOS管芯片U9的导通/截止，实现充电电池的充电/供电；由于充电电池的充电/供电的电路，均采用MOS管芯片U9，减少了充放电功耗，提高了能量转换效率。
31. 203218919 一种可更换电源头部的移动电源机构
CN
25.09.2013
H02J 7/00 Loading...
H02J 7/00
Loading...
201320120775.3
飞毛腿（福建）电子有限公司
郑文喜
H02J 7/00
Loading...
本实用新型公开了一种可更换电源头部的移动电源机构，包括电源输出端口、电池组，所述电源输出端口上连接有电源输出母座；所述电池组上连接有电源输出公座；所述电源输出母座与电源输出公座通过充电电源线连接。本实用新型还公开了另一种可更换电源头部的移动电源机构，该移动电源机构使用电源输入极片替换电源输出母座，使用电源输出极片替换电源输出公座。本实用新型具有结构简单、操作方便、环保、实用的特点。
32. 203150867 一种用于电源设备的多角度旋转AC插头机构
CN
21.08.2013
H01R 35/04 Loading...
H01R 35/04
Loading...
201320079819.2
飞毛腿（福建）电子有限公司
张皓
H01R 35/04
Loading...
本实用新型公开了一种用于电源设备的多角度旋转AC插头机构，包括支架、AC插头组件、PCM电路板，所述PCM电路板连接于壳体内；所述PCM电路板的两侧分别连接有一金属弹片；所述支架上设有齿槽；所述支架连接于壳体上；所述AC插头组件上设有齿轮；所述齿轮与齿槽相啮合；所述AC插头组件的左右两端金属结构分别与两金属弹片相连接。本实用新型具有结构简单、操作方便、调节方便、实用的特点。
33. 203071178 一种锂离子聚合物电池
CN
17.07.2013
H01M 10/058 Loading...
H01M 10/058
Loading...
201220726734.4
飞毛腿（福建）电子有限公司
潘宝炎
H01M 10/058
Loading...
本实用新型公开了一种锂离子聚合物电池，包括金属下壳体、金属上壳体、聚合物电芯组件，金属下壳体设有注胶口和定位孔；金属上壳体设有上定位孔；聚合物电芯组件包括聚合物电芯、保护板、前盖、后盖，后盖装配于金属下壳体的左端上，聚合物电芯的极耳端焊接有保护板；前盖套设于保护板上；聚合物电芯的另一端连接于后盖上；金属上壳体通过双面胶粘贴在聚合物电芯组件上；金属下壳体与聚合物电芯组件的连接处设有双面胶；金属上壳体和金属下壳体两侧边连接处采用激光点焊连接；前盖和聚合物电芯的间隙中设有填充胶。本实用新型在有效保护电池安全性能及同等空间下电池容量极大化的同时，提高生产效率及良品率。
34. 202905814 实现储能体串并联的盘式固定装置
CN
24.04.2013
H01M 2/10 Loading...
H01M 2/10
Loading...
201220518288.8
飞毛腿（福建）电子有限公司
邱贵江
H01M 2/10
Loading...
本实用新型提供了一种实现储能体串并联的盘式固定装置，包括一上盖、至少一中盖以及一下盖，所述上盖的下表面设有用于固定所述储能体的卡槽，所述中盖的上表面和下表面均设所述卡槽，所述下盖的上表面设有所述卡槽，所述中盖的卡槽底部设有通孔，所述卡槽的两端均设有衔接部，所述衔接部通过紧固件衔接。本实用新型的优点在于：采用盘式结构组合，通过卡槽和紧固件多维限制储能体组在各个方向移动的可能性,固定牢固、美观、抗震和便于周转。
35. 202905813 一种新型集成储能体
CN
24.04.2013
H01M 2/10 Loading...
H01M 2/10
Loading...
201220518287.3
飞毛腿（福建）电子有限公司
黄长廉
H01M 2/10
Loading...
本实用新型提供了一种新型集成储能体，包括集成储能体本体、上盖、下盖、绝缘体以及保护板，集成储能体本体包括复数个相互串联的电芯组；上盖设有用于固定所述集成储能体本体的凹槽，下盖设有所述凹槽，集成储能体本体嵌入凹槽且通过紧固件将所述上盖和下盖紧固在一起；保护板设于所述集成储能体本体的侧面；绝缘体设于任意相邻两单体电芯之间、集成储能体本体与所述上盖之间以及集成储能体本体与所述下盖之间；各电芯组的两端均通过导线连接所述保护板，保护板上固定连接正输出端子和负输出端子。本实用新型能多维限制储能体在各个方向上的移动，固定牢固、抗震，还具有加热储能体的功能，使储能体在低温情况下正常工作，实时监控储能体的温度。
36. 202905799 蓄电池保险丝模块的安装结构
CN
24.04.2013
H01M 2/02 Loading...
H01M 2/02
Loading...
201220570003.5
飞毛腿（福建）电子有限公司
陈阿文
H01M 2/02
Loading...
本实用新型提供了一种蓄电池保险丝模块的安装结构，包括一用于容置所述蓄电池的盒体，还包括一盖板，所述盒体的上表面设置一用于容置所述保险丝模块的凹槽，所述凹槽正上方设置所述盖板。本实用新型通过在蓄电池模块的盒体外侧开设用于容置保险丝模块的凹槽，使得保险丝的安装和更换都更加快捷方便，在凹槽上方设置盖板后，保证盒体的完整性。
37. 202871923 一种锂蓄电池
CN
10.04.2013
H01M 10/058 Loading...
H01M 10/058
Loading...
201220518211.0
飞毛腿（福建）电子有限公司
陈阿文
H01M 10/058
Loading...
本实用新型提供了一种锂蓄电池，包括一锂离子储能体，所述锂离子储能体由复数个锂离子单体电芯组合而成，还包括一设于所述锂离子储能体上方的主控板、一用于容置所述锂离子储能体的底座，一与所述底座相匹配的上盖以及一保险丝；所述主控板上设置正极、正输出端子以及负输出端子，所述上盖的上表面设置一凹槽，所述凹槽上设置一盖板，所述保险丝设于所述凹槽内；所述锂离子储能体与所述主控板相连，所述保险丝的一端连接所述正输出端子，另一端连接所述正极。本实用新型结构简单，散热性好，实时监控锂离子单体电芯的温度，通过防水胶条实现防水功能，通过减震衬垫实现减震和绝缘功能。
38. 202871889 一种具有可视化系统的蓄电池
CN
10.04.2013
H01M 2/10 Loading...
H01M 2/10
Loading...
201220518216.3
飞毛腿（福建）电子有限公司
邱贵江
H01M 2/10
Loading...
本实用新型提供了一种具有可视化系统的蓄电池，包括一可拆合的壳体、至少一集成储能体、一主控板、一可视化装置、一开关、一接地端口、一干接点、复数个信号扩展端子以及复数个能量供给端子；集成储能体和主控板均设于壳体内，集成储能体包括至少一第一储能体、至少一对第二储能体以及一用于固定第一储能体和一对第二储能体的固定装置；可视化装置、开关、接地端口、干接点、信号扩展端子、能量供给端子均设于壳体的正面，集成储能体、开关、干接点、信号扩展端子、能量供给端子与主控板连接，接地端口连接主控板上的接地点。本实用新型采用储能体集成模块化，根据需求增加或减少集成储能体中储能体的数量，并可实现集体管理。
39. 202871886 盒体的锁紧结构
CN
10.04.2013
H01M 2/10 Loading...
H01M 2/10
Loading...
201220518059.6
飞毛腿（福建）电子有限公司
陈阿文
H01M 2/10
Loading...
本实用新型提供了一种盒体的锁紧结构，所述盒体包括底座和上盖，所述底座上边沿设有卡合部，所述卡合部和底座侧壁之间形成用于容置所述上盖下边沿的第一卡槽，所述卡合部上设有复数个定位单位或卡钩，所述上盖下边沿的内壁设有与底座卡合部相匹配的所述卡钩或定位单元，底座和上盖通过卡钩和定位单元固定在一起。本实用新型通过在上盖下边沿内部设置卡钩或定位单元，在底座的卡合部设置与之对应的定位单元或卡钩，使得锁紧时，在上盖施加向下压力时，卡钩在外部应力的影响下发生变形，角度发生变化，使之与定位单元适配，有效防止卡钩脱落。同时通过在底座侧壁和卡合部之间形成的第一卡槽容置上盖下边沿，充分利用内部空间，降低产品成本。
40. 202871876 一种用于蓄电池封装的防水结构
CN
10.04.2013
H01M 2/02 Loading...
H01M 2/02
Loading...
201220518240.7
飞毛腿（福建）电子有限公司
陈阿文
H01M 2/02
Loading...
本实用新型提供了一种用于蓄电池封装的防水结构，包括底座和上盖，所述底座上边沿设有卡合部，所述卡合部上设有卡孔或卡扣，所述上盖下边沿的内壁设有与底座卡合部相匹配的卡扣或卡孔，底座和上盖通过卡扣和卡孔固定在一起，所述卡合部和底座侧壁之间形成用于容置所述上盖边沿的卡槽，所述卡槽的底部设有防水胶条。本实用新型在卡槽底部设置防水胶条，当底座和上盖扣合时，压迫防水胶条，利用防水胶条的反弹力使底座和上盖的卡合更加紧密，实现过盈配合，且防水胶条与底座、上盖间形成一个闭合连贯的防水面，实现防水；通过在第一凹槽处设置凸台和导水槽实现防水，通过设置密封胶亦实现防水，从而实现了整体防水。
41. 202871887 一种用于蓄电池的室内机柜
CN
10.04.2013
H01M 2/10 Loading...
H01M 2/10
Loading...
201220518075.5
飞毛腿（福建）电子有限公司
吴国庆
H01M 2/10
Loading...
本实用新型提供了一种用于蓄电池的室内机柜，包括一顶盖、一底盖、一后盖以及两主梁架，所述顶盖和底盖平行设置，所述后盖、两主梁架设于所述顶盖和底盖之间且均与所述顶盖和底盖垂直，所述底盖包括两长边和两宽边，所述两主梁架分别设于所述底盖上表面的两宽边，所述后盖设于底盖上表面的一长边上，所述主梁架上设有复数个凸台，所述顶盖、底盖、后盖以及两主梁架通过紧固件固定连接。本实用新型结构简单，自重轻，单层载重重量大，无需辅助支撑配件，安装方便，且成本低。
42. 202871888 一种可装配的蓄电池
CN
10.04.2013
H01M 2/10 Loading...
H01M 2/10
Loading...
201220518117.5
飞毛腿（福建）电子有限公司
邱贵江
H01M 2/10
Loading...
本实用新型提供了一种可装配的蓄电池，包括一可拆合的壳体、至少一集成储能体、一主控板、一开关、一接地端口、一干接点、复数个信号扩展端子以及复数个能量供给端子；集成储能体和主控板均设于壳体内，集成储能体包括至少一第一储能体、至少一对第二储能体以及一用于固定第一储能体和一对第二储能体的固定装置；开关、接地端口、干接点、信号扩展端子、能量供给端子均设于壳体的正面，集成储能体、开关、干接点、信号扩展端子、能量供给端子与主控板连接，接地端口连接主控板上的接地点。本实用新型采用箱体组合式封装结构，根据需求增加或减少集成储能体中储能体的数量，并可实现管理。本实用新型壳体可拆卸，结构简单美观，且散热性好。
43. 202871890 一种盒式封装蓄电池
CN
10.04.2013
H01M 2/10 Loading...
H01M 2/10
Loading...
201220518268.0
飞毛腿（福建）电子有限公司
陈阿文
H01M 2/10
Loading...
本实用新型提供了一种盒式封装蓄电池，包括外壳和蓄电池本体，所述外壳与所述蓄电池本体之间设置有减震衬垫，所述减震衬垫与所述蓄电池本体紧密结合。本实用新型的优点在于：通过在外壳和蓄电池本体之间设置减震衬垫，且在蓄电池本体的上表面、下表面以及侧面均设置减震衬垫，有效降低蓄电池本体的震动，避免储能电芯组外表面隔膜破损，蓄电池具备优良的抗震功能,全方位保护蓄电池本体，大大提高蓄电池的安全性,延长蓄电池的使用寿命，同时，通过在设有保护板的位置设置耐高温的丁腈橡胶衬垫，使蓄电池在具备抗震功能的同时，还可高温下正常工作。
44. 103022592 一种锂离子电池安全吸收装置
CN
03.04.2013
H01M 10/52 Loading...
H01M 10/52
Loading...
201110287759.9
飞毛腿（福建）电子有限公司
郭泉增
H01M 10/52
Loading...
本发明为了解决锂离子电池内部产生高温、高压下引发的火灾及其它危险而公开一种锂电池被动安全概念的锂离子电池安全吸收装置，包括有电池本体，所述的电池本体为矩形或圆柱形，其内含有电解液；所述电池本体上设有安全阀；所述电池本体上装设有安全吸收装置；安全阀与安全吸收装置相连通。本发明在安全阀打开后，能将电池本体内的高温液体和气体有效吸收，避免由此引发的火灾及其它危险，为此类电池的广泛应用解决了安全性的隐患，具有广泛的市场前景。
45. 202839862 一种新型的锂离子聚合物电池
CN
27.03.2013
H01M 10/0525 Loading...
H01M 10/0525
Loading...
201220347093.1
飞毛腿（福建）电子有限公司
潘宝炎
H01M 10/0525
Loading...
本实用新型公开了一种新型的锂离子聚合物电池，包括金属下壳体、金属上壳体、聚合物电芯组件，所述的金属上壳体设有数个注胶口；所述的聚合物电芯组件包括聚合物电芯、保护板、前盖、后盖，后盖连接于金属上壳体的一端上；聚合物电芯的极耳端焊接有保护板；前盖套设于保护板上；聚合物电芯的另一端连接于后盖上；金属上壳体与金属下壳体设于聚合物电芯组件的上下面合成壳体；后盖位于壳体的尾端；前盖位于壳体的前端；前盖和后盖分别与聚合物电芯、金属上壳体和金属下壳体的间隙中设有填充胶；本实用新型在有效保护电池安全性能及同等空间下电池容量极大化的同时，实现半自动化生产，提高生产效率及良品率。
46. 202840590 具有人机交互系统的蓄电池
CN
27.03.2013
H02J 7/00 Loading...
H02J 7/00
Loading...
201220448997.3
飞毛腿（福建）电子有限公司
吴国庆
H02J 7/00
Loading...
本实用新型提供了具有人机交互系统的蓄电池，包括一可拆合的壳体、至少一储能体、一主控板、一人机交互装置、一开关、一接地端口、一编码器、复数个信号扩展端子、复数个信号管理端子以及复数个能量供给端子；储能体和主控板均设于壳体内，人机交互装置、开关、接地端口、编码器、信号扩展端子、信号管理端子以及能量供给端子均设于所述壳体的侧面，储能体、人机交互装置、开关、编码器、信号扩展端子、信号管理端子以及能量供给端子均分别与主控板连接，接地端口连接主控板上的接地点。本实用新型采用箱体组合式封装结构，可根据需求增加或减少储能体中电芯组的数量，并可通过人机交互装置实现管理，结构简单美观，且散热性好，兼具功能扩展。
47. 202839785 一种新型蓄电池
CN
27.03.2013
H01M 2/10 Loading...
H01M 2/10
Loading...
201220448996.9
飞毛腿（福建）电子有限公司
吴国庆
H01M 2/10
Loading...
本实用新型提供了一种新型蓄电池，包括一可拆合的壳体、至少一储能体、一主控板、一开关、一接地端口、一编码器、复数个信号扩展端子、复数个信号管理端子以及复数个能量供给端子；所述储能体和主控板均设于壳体内，所述开关、接地端口、编码器、信号扩展端子、信号管理端子以及能量供给端子均设于所述壳体的侧面，所述储能体、开关、编码器、信号扩展端子、信号管理端子以及能量供给端子均分别与主控板连接，所述接地端口连接所述主控板上的接地点。本实用新型的优点在于：采用箱体组合式封装结构，可根据需求增加或减少储能体中电芯组的数量，并可实现管理。本实用新型壳体可拆卸，结构简单美观，且散热性好，兼具功能扩展和独立性特性。
48. 202758957 一种新型高倍率充放电电池
CN
27.02.2013
H01M 2/26 Loading...
H01M 2/26
Loading...
201220345808.X
飞毛腿（福建）电子有限公司
郭泉增
H01M 2/26
Loading...
本实用新型为了解决现有高倍率充放电电池的组装工艺存在的作业效率低，成本高，一致性差的缺点而公开一种新型高倍率充放电电池，包括外壳、电池芯，所述的电池芯包括正极片、负极片，正负极片间设有隔膜，并卷绕成柱体或长方体；其顶端由多层正极片相层叠与一正极耳相焊接，底端由多层负极片相层叠与一负极耳相焊接。本实用新型提高了高倍率充放电性能，同时实现了低内阻、低发热的特性，具有广阔的运用前景。本实用新型具有高效、实用、安全、低成本的优点。
49. 202737514 基于多节串联电池中保证各电池均衡充电的电路
CN
13.02.2013
H02J 7/00 Loading...
H02J 7/00
Loading...
201220361013.8
飞毛腿（福建）电子有限公司
俞峰
H02J 7/00
Loading...
本实用新型提供了一种基于多节串联电池中保证各电池均衡充电的电路，所述多节串联电池为多个电池串联连接，所述各电池两端均连接有一所述均衡充电的电路，该电路包括：一开关控制元件、三个电阻R1、R2、R3以及一三端稳压管；所述开关控制元件的一端与所述电池的正极连接，另一端分别与所述电阻R1、电阻R3连接；所述电阻R3与所述三端稳压管的负极连接；所述电阻R1分别与所述电阻R2、三端稳压管的电压调整端连接；所述电阻R2与所述电池的负极连接；所述三端稳压管的正极与所述电池的负极连接。本实用新型避免了多节串联电池组由于一致性差异而造成充电时有的电池过充、有的电池没有充满的问题。
50. 202548185 一种多节串联电池电压的检测电路
CN
21.11.2012
G01R 19/00 Loading...
G01R 19/00
Loading...
201220119737.1
飞毛腿（福建）电子有限公司
俞峰
G01R 19/00
Loading...
本实用新型公开了一种多节串联电池电压的检测电路；该检测电路采用精密电阻和PNP型三极管串联成测试电路结构，高位电池端、第一电阻、第一PNP三极管的射极和集电极、第二电阻、第二PNP三极管的射极和集电极顺序串连；第一PNP三极管的基极连接在低位电池端；第二PNP三极管的基极和集电极接地；测试用电压表检测位于第一PNP三极管和第二电阻间的对地电压。采用本实用新型的检测方法，可以直接检测几十节甚至上百节的串联电池组中每节电芯电压；而且测试的精度高，成本低；对检测电路而言，功耗可以做到很低。
51. 202488201 便携式后备电源自动识别输出电压电流
CN
10.10.2012
H02J 9/00 Loading...
H02J 9/00
Loading...
201220049300.5
飞毛腿（福建）电子有限公司
张长章
H02J 9/00
Loading...
本实用新型公开了便携式后备电源自动识别输出电压电流，包括充电输出线、电源输出接头公座、电源输出接头母座、后备电源，充电输出线与电源输出接头公座相连接；所述的电源输出接头公座与电源输出接头母座相连接，所述的电源输出接头母座连接于后备电源上；所述的电源输出接头公座上设有电阻识别装置；所述的后备电源上设有输出电源控制IC，所述的输出电源控制IC与电源输出接头母座相连接。本实用新型具有结构简单、操作方便、自动识别便携式后备电源输出电压电流、实用的特点。
52. 202294451 多功能微型应急通讯车
CN
04.07.2012
B60P 3/00 Loading...
B60P 3/00
Loading...
201120345118.X
河北飞毛腿通信工程有限公司
薛亮
B60P 3/00
Loading...
本实用新型涉及一种多功能微型应急通信车，包括车辆、液压电控平衡支撑系统、桅杆电动升降系统、发电电源系统、工作舱系统、直放站以及常用的通信维护测试仪表，车辆是整个应急通信系统的承载系统；液压电控平衡支撑系统是应急通信车在应用时车辆的支撑平衡系统；桅杆电动升降系统是应急通信车在应用时通信系统的天线升降装置；发电电源系统为应急通信车在应用时提供电力供应；工作舱系统在应急通车应用时为工作人员提供舒适、方便的工作环境和必要的设施，直放站等通信设备是整个应急通信车系统的核心设备，根据不同的应用可以配装不同的通信设备。该多功能微型应急通信车实现了多应急通信业务车辆承载平台统一，便于推广、维护和使用。
53. 202308224 一种锂离子电池安全吸收装置
CN
04.07.2012
H01M 10/52 Loading...
H01M 10/52
Loading...
201120364626.2
飞毛腿（福建）电子有限公司
郭泉增
H01M 10/52
Loading...
本实用新型为了解决锂离子电池内部产生高温、高压下引发的火灾及其它危险而公开一种锂电池被动安全概念的锂离子电池安全吸收装置，包括有电池本体，所述的电池本体为矩形或圆柱形，其内含有电解液；所述电池本体上设有安全阀；所述电池本体上装设有安全吸收装置；安全阀与安全吸收装置相连通。本实用新型在安全阀打开后，能将电池本体内的高温液体和气体有效吸收，避免由此引发的火灾及其它危险，为此类电池的广泛应用解决了安全性的隐患，具有广泛的市场前景。
54. 202130740 一种手机电池包装盒
CN
01.02.2012
B65D 85/88 Loading...
B65D 85/88
Loading...
201120187751.0
飞毛腿电池有限公司
王乐华
B65D 85/88
Loading...
本实用新型公开了一种手机电池包装盒，包括上盒体、下盒体，上盒体与下盒体为矩形，通过卡扣方式扣接形成中空的容腔；在容腔内水平置有一橡胶垫；所述橡胶垫底部为矩形平面，其上均布设有若干个弹性凸筋。本实用新型是具有结构简单、通用性好、能有效固定手机电池、实用的特点。
55. 202093050 一种用于电池测试的通用夹具
CN
28.12.2011
G01R 1/04 Loading...
G01R 1/04
Loading...
201120052679.0
飞毛腿电池有限公司
林惠贞
G01R 1/04
Loading...
本实用新型公开了一种用于电池测试的通用夹具，包括支撑底板、平面主板、压杆支撑柱、压杆、顶杆前后调节板；平面主板设于支撑底板上，压杆支撑柱设于平面主板上，压杆设于压杆支撑柱上部；所述的顶杆前后调节板设于压杆的下部；所述的顶杆前后调节板上设有顶杆固定板，所述的平面主板上固定连接有导轴；所述的导轴上连接有保护板；所述的保护板上通过弹簧连接定位板；所述的平面主板上设有测试顶针，所述的测试顶针与凹槽相通；所述的测试顶针与测试设备相连接。本实用新型提供一种结构简单、实用、成本低的新型的用于电池测试的通用夹具。
56. 201898170 手机电池
CN
13.07.2011
H01M 2/34 Loading...
H01M 2/34
Loading...
201020598349.7
飞毛腿(福建)电子有限公司
潘宝炎
H01M 2/34
Loading...
本实用新型公开一种手机电池，包括有铝壳电芯、前盖、后盖，前盖设于铝壳电芯的前端，后盖设于铝壳电芯的后端；其特征在于：所述的手机电池还包括保护板，所述的保护板设于前盖之下，电芯之前；所述的保护板的两端上各设有一“Z”型成型镍片，保护板的中间设有一凹槽形镍片为负极，保护板的中间设有两个圆通孔或一长方形焊针通孔。本实用新型结构简单、巧妙、可靠性好、使用寿命长、实用性强的一种手机电池。
57. 201898175 一种手机电池
CN
13.07.2011
H01M 10/04 Loading...
H01M 10/04
Loading...
201020598387.2
飞毛腿(福建)电子有限公司
潘宝炎
H01M 10/04
Loading...
本实用新型公开一种手机电池，包括有铝壳电芯、前盖、后盖，前盖设于铝壳电芯的前端，后盖设于铝壳电芯的后端；所述的手机电池还包括有支架、保护板、过流保护热敏电阻；所述的保护板的两端各设有一“Z”型成型镍片，一“Z”型成型镍片旁设有长方形镍片，所述的保护板中间开设有三个圆通孔或一长方形焊针通孔和一定位圆通孔；所述的支架固定设置于保护板之下，所述的支架上设有负极孔与电芯上的负极相对应；所述的过流保护热敏电阻套在支架内，其一端与长方形镍片连接，另一端通过保护板上的通孔与电芯的负极点焊连接。本实用新型结构简单、巧妙、可靠性好、使用寿命长、实用性强的一种手机电池。
58. 201892687 一种手机电池的万能通用测试夹具
CN
06.07.2011
G01R 1/04 Loading...
G01R 1/04
Loading...
201020598377.9
飞毛腿电池有限公司
林惠贞
G01R 1/04
Loading...
本实用新型公开一种手机电池的万能通用测试夹具，主要包括用绝缘材料制成的底座和设于底座上的电池卡座；所述的电池卡座由二个“L”形卡座组成的，所述的底座为矩形，其上设有一卡槽，二个“L”形卡座卡设在卡槽上并可在卡槽上左右移动；电池卡座的一侧设有顶针座，顶针座上设有顶针；所述的顶针座上设有对其上的顶针进行高度调节及定位的螺丝和左右固定螺丝；底座一端设有夹具连接头，所述的连接头与综测数据线设备连接。本实用新型可减少夹具的更换频率，同时通过通用夹具的快速接头，可提高夹具的更换速度。
59. 201893413 一种带有嵌合装置的手机电池
CN
06.07.2011
H01M 10/00 Loading...
H01M 10/00
Loading...
201020288891.2
飞毛腿电池有限公司
王乐华
H01M 10/00
Loading...
一种带有嵌合装置的手机电池，主要包括有电芯、保护板，所述的电芯为矩形，保护板设在电芯的前端，其特征在于：所述的保护板上设有若干凹槽，凹槽内装设有嵌合装置；所述的嵌合装置与电芯相连；本实用新型的优点在于：嵌合接触，可有效夹紧另一端的五金极片，增强接触，不易脱落、松动；两边打多个弯角，可增强弹性，不易断裂、变形；嵌合式接触可有效缩小接触结构的空间。
60. 201807857 一种手机电池点焊通用夹具
CN
27.04.2011
B23K 37/04 Loading...
B23K 37/04
Loading...
201020516302.1
飞毛腿电池有限公司
欧侃
B23K 37/04
Loading...
一种手机电池点焊通用夹具，其特征在于：主要包括有焊接底座、底座支架，焊接底座与底座支架采用螺栓连接；所述的焊接底座铣有凹槽，焊接底座前端装设有限位块，右端装设有定位块，所述的定位块上开设有凹槽，焊接底座后端装设有止挡块，所述的止挡块上开设有凹槽；所述的底座支架为矩形，其上铣有凹槽，底座支架两侧螺纹连接有支架板，所述的支架板开设有凹槽，支架板下端连接固定板，固定板两侧螺纹连接有支撑板，支撑板通过螺栓可支架板上的凹槽内滑动；本实用新型是一种结构简单、实用、不易磨损、易修复的新型的手机电池点焊通用夹具。
61. 201807870 一种手机电池负极点焊夹具
CN
27.04.2011
B23K 37/053 Loading...
B23K 37/053
Loading...
201020516341.1
飞毛腿电池有限公司
邓天尧
B23K 37/053
Loading...
本实用新型公开一种手机电池负极点焊夹具，包括有底座(1)，所述的底座(1)为矩形，底座(1)上铣有阶梯(3)，底座(1)上粘有靠位板(2)，所述的靠位板(2)为L形，其长边上有一凹槽(4)；本实用新型是一种结构简单、实用、不易磨损、易修复的新型的手机电池负极点焊夹具。
62. 201807858 一种手机电池电芯与保护板点焊通用夹具
CN
27.04.2011
B23K 37/04 Loading...
B23K 37/04
Loading...
201020516329.0
飞毛腿电池有限公司
林惠贞
B23K 37/04
Loading...
本实用新型公开一种手机电池电芯与保护板点焊通用夹具，包括有底座(1)，所述的底座(1)为矩形，底座(1)铣有凹槽(2)，底座(1)上铣有长圆形凹槽(3)，底座(1)上设有限位板(4)，所述的限位板(4)上有凹槽(5)；凹槽(5)与底座(1)上的止挡块(6)相对应；本实用新型是一种结构简单、实用、不易磨损、易修复的新型的手机电池电芯与保护板点焊通用夹具。
63. 102024987 Encapsulation process of lithium ion battery with aluminum shell
CN
20.04.2011
H01M 10/058 Loading...
H01M 10/058
Loading...
201010536904.8
Scud (Fujian) Electron Co., Ltd.
Pan Baoyan
H01M 10/058
Loading...
The invention discloses an encapsulation process of a lithium ion battery with an aluminum shell, which comprises the following steps: (1) machining a protective plate; (2) overlapping and reinforcing the protective plate, a bracket and a thermistor; (3) fixing the protective plate and a battery core by laser spot welding; (4) fixing pins of the thermistor to the negative pole of the core by spot welding; (5) assembling a front cover and a back cover; and (6) covering a nameplate. The encapsulation process of the lithium ion battery with the aluminum shell has the characteristics of simplifying the production procedure, realizing the production automation, improving the productive capacity and lowering the manufacturing cost.
64. 102013519 Technology for packaging aluminum-shell lithium ion battery
CN
13.04.2011
H01M 10/058 Loading...
H01M 10/058
Loading...
201010536905.2
Scud (Fujian) Electronic Co., Ltd.
Pan Baoyan
H01M 10/058
Loading...
The invention discloses technology for packaging an aluminum-shell lithium ion battery, which comprises the following steps of: (1) processing a protective plate; (2) performing laser spot welding on the protective plate and a battery cell for fixation; (3) performing spot welding on a nickel sheet on a cathode of a battery cell; (4) assembling front and rear covers; and (5) coating a nameplate. The invention provides the technology for packaging the aluminum-shell lithium ion battery, which simplifies production process, realizes automatic production, improves the capacity and reduces the manufacturing cost.
65. 201789036 一种可将震动能转化为电能的电池
CN
06.04.2011
H01M 10/0525 Loading...
H01M 10/0525
Loading...
201020530541.2
飞毛腿电池有限公司
张皓
H01M 10/0525
Loading...
本实用新型公开一种可将震动能转化为电能的电池，包括有锂离子电池块，所述的锂离子电池块左侧与下方分别设有电能发生装置，电能发生装置上装设有AC-DC转换电路，锂离子电池块前端设有锂电池保护电路，锂离子电池块与AC-DC转换电路并联连接锂电池保护电路，所述的锂电池保护电路与电池输出端连接；本实用新型是一种结构简单、将震动能转化为电能的电池。
66. 201783790 一种手机电池五金焊接夹具
CN
06.04.2011
B23K 37/04 Loading...
B23K 37/04
Loading...
201020516332.2
飞毛腿电池有限公司
欧侃
B23K 37/04
Loading...
本实用新型公开一种手机电池五金焊接夹具，包括有底座(1)，所述的底座(1)为矩形，底座(1)中间铣有凹槽(3)，底座(1)左端上粘有左定位板(2)，所述的左定位板(2)上装设有测试针(4)，底座(1)右端上粘有右定位板(5)；本实用新型是一种结构简单、实用、不易磨损、易修复的新型的手机电池五金焊接夹具。
67. 201773901 一种高体积比能量的U型铝壳锂离子电池
CN
23.03.2011
H01M 10/0525 Loading...
H01M 10/0525
Loading...
201020108496.1
飞毛腿电池有限公司
许传授
H01M 10/0525
Loading...
本实用新型公开了一种高体积比能量的U型铝壳锂离子电池由U型外壳(铝质铝罐)、负极端子、正极片、负极片、隔离膜(PP/PE/PP)、有机溶剂电解液、绝缘垫片、绝缘垫块等组成。正极片、隔离膜、负极片折叠绕成椭圆状卷芯；绝缘垫片分别固定于椭圆状卷芯两侧；装有卷圆垫片的椭圆形卷芯横向置放于U型铝罐中；绝缘垫块固定于椭圆形卷芯阴阳极端子输出一侧；负极端子与铝罐通过激光焊接熔合在一起；在铝罐中注入有机溶剂电解液，通过外电路激活后，形成高体积比能量的铝壳锂离子电池。特点在于：有效利用了铝罐内部空间，提高了铝壳锂离子电池的体积比能量，延长了终端产品使用寿命及高效安全。
68. 101976745 Battery capable of converting vibration energy into electric energy
CN
16.02.2011
H01M 10/46 Loading...
H01M 10/46
Loading...
201010282560.2
Scud Battery Co., Ltd.
Zhang Hao
H01M 10/46
Loading...
The invention discloses a battery capable of converting vibration energy into electric energy, which comprises a lithium ion battery, wherein the left side and the lower part of the lithium ion battery are respectively provided with an electric energy generating device; AC-DC (Alternating Current-Direct Current) converting circuits are installed on the electric energy generating devices; the front end of the lithium ion battery is provided with a lithium battery protecting circuit; the lithium ion battery and the AC-DC converting circuits are connected in parallel with the lithium battery protecting circuit; and the lithium battery protecting circuit is connected with the output end of the battery. The battery has simple structure and is used for converting vibration energy into electric energy.
69. 201732843 一种电池组件压合设备
CN
02.02.2011
H01M 10/04 Loading...
H01M 10/04
Loading...
201020207139.0
飞毛腿电池有限公司
刘用添
H01M 10/04
Loading...
本实用新型涉及一种电池组件压合设备，主要包括有箱体、底板、上压板、法兰盘、箱盖，法兰盘设在上压板之上，底板设于上压板垂直下方，并与之一起设于箱体中，箱盖设于箱体前部；其特征在于：所述的电池组件压合设备设有气缸，气缸设于箱体顶部，所述的电池组件压合设备设有滑轨，滑轨设于箱体两内侧边上。本实用新型结构简单、保障稳定和高品质产品的生产、安全可靠、精确控制和调整范围广、效率较高、造价低廉的一种电池组件压合设备。
70. 201728862 一种压合设备的滑轨机构
CN
02.02.2011
B30B 15/04 Loading...
B30B 15/04
Loading...
201020207162.X
飞毛腿电池有限公司
刘用添
B30B 15/04
Loading...
一种压合设备的滑轨机构，主要包括有箱体、底板、上压板、法兰盘、箱盖、气缸，法兰盘设在上压板之上，底板设于上压板垂直下方，并与之一起设于箱体中，箱盖设于箱体前部；气缸设于箱体顶部，其特征在于：所述的一种压合设备的滑轨机构设有滑轨，滑轨设于箱体两内侧边上；滑轨上设有滑台，滑台一端固定在上压板上，一端固定在滑轨上，当气缸运动带动上压板运动时，滑台在滑轨的长条凹槽内运动不易造成晃动，从而使上压板不会晃动。
71. 201663620 一种带有电量显示装置的手机电源
CN
01.12.2010
H04M 1/02 Loading...
H04M 1/02
Loading...
200920181832.2
飞毛腿电池有限公司
方金
H04M 1/02
Loading...
本实用新型公开了一种带有电量显示装置的手机电源，主要由电源本体、卡槽及一电量显示装置组成；所述的电源本体形如一包容状四边形盖体，其四角边缘呈圆弧状并向外凸起，其两侧腰部向内以圆弧状收缩；卡槽设于电源本体内下端；在卡槽下方设有一电量显示装置；本实用新型装置结构简单，一方面可将移动手机直接卡在本实用新型电源本体内，给手机直接供电；不但可以准确知道目前手机的电池电量情况，且在充电时随时知道目前充电的电量状况。这可以让机主对手机电量随时做到心中有数，大大增加了便捷性。
72. 201622332 一种电池电量显示装置
CN
03.11.2010
G01R 31/36 Loading...
G01R 31/36
Loading...
200920181831.8
飞毛腿电池有限公司
方金
G01R 31/36
Loading...
本实用新型公开了一种电池电量显示装置，主要包括有：MCU控制模块、电量采集模块、显示模块、控制输出模块、按键模块，其中：MCU控制模块分别与控制输出模块、电量采集模块、按键模块相连；显示模块与控制输出模块相连；其中所述的电量采集模块实现对电池电量的采集；按键模块实现开启电量采集功能；MCU控制模块实现按键信号以及电量信息的处理，通过控制输出模块和显示模块，互相配合完成电量显示动作。本实用新型装置结构简单，可方便内置于可移动电源或充电器内，不但可以准确知道目前手机的电池电量情况，且在充电时随时知道目前充电的电量状况。这可以让机主对手机电量随时做到心中有数，大大增加了便捷性。
73. 201613624 一种锂电池低压注塑模具
CN
27.10.2010
B29C 45/26 Loading...
B29C 45/26
Loading...
201020112377.3
飞毛腿电池有限公司
张皓
B29C 45/26
Loading...
本实用新型公开了一种锂电池低压注塑模具，主要包括有注塑模具前模、注塑模具后模、注塑模具顶出机构、注塑模具进浇口及流道；其中：在注塑模具前模与后模内分别设有两个模腔；注塑模具顶出机构设在注塑模具后模的模腔内；在注塑模具后模的模腔前端分别设有一滑腔，其内分别设有一滑块；在注塑模具前模模腔的前部分别设有一扣台，该扣台可卡扣在滑块的外壁；在注塑模具前模及注塑模具后模中间部设有注塑模具进胶口及流道，所述的流道分别与模腔相连。本实用新型结构简单，方便使用，且能使得电池表面硬度高，平整度佳、电池容量提高的一种新型的锂电池低压注塑模具。
74. 201601528 一种高功率高容量后备电源储备盒
CN
06.10.2010
H02J 9/00 Loading...
H02J 9/00
Loading...
200920181673.6
飞毛腿(福建)电子有限公司
吴国庆
H02J 9/00
Loading...
本实用新型公开了一种高功率高容量后备电源储备盒主要由上盒、固定架及下盒组成，固定架设于上盒与下盒之间，上盒上侧的盖板为长方形，在长方形的板面上以矩阵方式横向分布的散热孔，上盒一端设有风扇槽；固定架设于上盒与下盒之间，上盒和固定架中均设有波浪式能容纳能量体的导轨槽，上下导轨槽能形成一定的扣合关系；下盒底盖面板为长方形，其上设有以矩阵方式纵向分布的散热孔；下盒的一端设有排风孔，另一端设有进风孔。上盒两侧设有螺柱，与固定架上的螺柱对接后由自攻螺钉固定；在下盒的左右两侧的侧壁上设有螺柱座，与上盒通过螺柱固定扣合。特点在于：结构更简单、安装更方便，在散热扇的抽风式排热下，保证了能量体的安全工作。
75. 101837672 Battery pack pressing equipment
CN
22.09.2010
B32B 37/10 Loading...
B32B 37/10
Loading...
201010185868.5
Scud Battery Co., Ltd.
Chen Shuntong
B32B 37/10
Loading...
The invention relates to battery pack pressing equipment, mainly comprising a case body, a base board, an upper pressing plate, a flange and a case cover, wherein the flange is arranged on the upper pressing plate, the base board is arranged below the upper pressing plate and is arranged in the case body together with the upper pressing plate, and the case cover is arranged at the front part of the case body. The invention is characterized in that the battery pack pressing equipment is provided with an air cylinder which is arranged at the top part of the case body, and the battery pack pressing equipment is also provided with a slide rail which is arranged at the edges of the two internal sides of the case body. The invention is the battery pack pressing equipment which has simple structure, ensures stable and high quality product production, is safe and reliable, and has accurate control and wide adjusting scope, higher efficiency and low cost.
76. 101777674 High-capacity lithium-ion battery backup state managing method
CN
14.07.2010
H01M 10/42 Loading...
H01M 10/42
Loading...
201010118217.4
SCUD (Fu Jian) Electronic Co., Ltd.
Yu Feng
H01M 10/42
Loading...
The invention discloses a high-capacity lithium-ion battery backup state managing method, which mainly comprises a battery assembly and a control management part, and is characterized in that: the battery assembly is formed by serially joining three lithium-ion batteries, the control management part mainly comprises a single chip and a charging part, wherein the single chip monitors different status of the battery assembly including voltage, current and temperature; the single chip generates a PWM control signal, the PWM control signal can control the connection and disconnection of a charging circuit so as to perform the pulse width modulation and to control the charging voltage and current. The high-capacity lithium-ion battery backup state managing method has the advantages that: the pulse charging is combined with the backup state managing way, so the realization is simple, and the reliability is high. The problem that the service life of the battery assembly is seriously reduced under the high charge state can be effectively postponed. The difficulties of the prior art can be fundamentally solved. The pollution of the ecological environment caused by the waste lithium batteries can be reduced so as to protect the ecological environment and to save the nonrenewable resource used in the production of the lithium battery.
77. 101767413 Lithium-battery mold and low-pressure injection molding method
CN
07.07.2010
B29C 45/26 Loading...
B29C 45/26
Loading...
201010108955.0
Scudcn Electronics Co., Ltd.
Chen Shuntong
B29C 45/26
Loading...
The invention discloses a lithium-battery mold and a low-pressure injection molding method. The lithium-battery mold mainly comprises a front mold, a rear mold, an ejection system, a feed gate and a runner, wherein two mold cavities are respectively arranged in the front mold and the rear mold; the ejection mechanism is arranged in the mold cavity of the rear mold; the front end of the die cavity in the rear mold is respectively provided with a slide cavity and a slider; the front part of the die cavity in the front mold is provided with a buckle table which can be buckled on the outer wall of the slider; and the middle part of the front mold and the rear mold is provided with the feed gate and the runner. The low-pressure injection molding method comprises the following steps: sheathing an ABS engineering plastic molded part on the lithium battery and the protective plate connecting component, and putting into the mold cavity of the rear mold; closing the mold, injecting plastics, and injecting a resin material into the gaps among the components in the mold cavity; and opening the mold. The invention has the advantages of simple structure and convenient use, and can enhance the hardness and the smoothness of the battery surface as well as the battery capacity.
78. 201490734 一种太阳能移动电源
CN
26.05.2010
H02J 7/00 Loading...
H02J 7/00
Loading...
200920139063.X
飞毛腿(福建)电子有限公司
刘斌生
H02J 7/00
Loading...
本实用新型涉及一种太阳能移动电源，包括有外置电源适配器、升压充电模块、锂电保护模块、锂电池组及输出模块，其特征在于：该电源还包括-太阳能充电模块，该太阳能充电模块依次由太阳能基板、太阳能基板充电模块、单节锂电池及保护模块组成，单节锂电池及保护模块输出经锂电补充升压充电模块升压对锂电池组充电。增加太阳能充电模块，为在野外等无外来电源的环境下，提供电能的补充，最大限度延长移动电源的续航能力。通过不同转接头实现对便携电脑、移动电话、数码相机、MP3、手机等便携设备提供备用和具有多功能适配的可移动续航电源。
79. 201352702 集束电缆终端箱
CN
25.11.2009
H02G 15/06 Loading...
H02G 15/06
Loading...
200920300334.5
浙江飞毛腿通信技术有限公司
陈永胜
H02G 15/06
Loading...
本实用新型涉及一种集束电缆终端箱，包括箱底及设在箱底上的箱盖，箱底内设有光纤熔接盘、电源空开保护装置、电源进线接柱，电源进线接柱与电源空开保护装置电连接，箱底的侧面设有集束电缆进口、电缆出口、若干光缆熔接尾纤出口，集束电缆从集束电缆进口伸入箱底，集束电缆中的电缆与电源进线接柱相接，从电缆出口伸入箱底的电缆与电源空开保护装置相连接，集束电缆中的光纤与光纤熔接盘的一侧相接，从光缆熔接尾纤出口伸入箱底的光纤与光纤熔接盘的另一侧相接。本实用新型既可连接电缆又可连接光缆，使电缆和光缆的放线施工更加方便，放线整齐，节约箱体成本，节省空间，适合与集电缆和光缆于一体的集束电缆配套使用。
80. 201345254 集束电缆
CN
11.11.2009
H01B 11/22 Loading...
H01B 11/22
Loading...
200920300336.4
浙江飞毛腿通信技术有限公司
陈永胜
H01B 11/22
Loading...
本实用新型涉及一种集束电缆，包括金属护套、塑料护套，塑料护套设于金属护套的外周，金属护套围成的腔体的中心设有中心加强构件，腔体内中心加强构件的周围设有若干根光纤束管和若干根电缆，电缆和电缆间、光纤束管和光纤束管间、电缆和光纤束管间、电缆和金属护套间、光纤束管和金属护套间都是非紧贴设置，腔体内其余部分填充有阻水缆膏。本实用新型集电缆和光纤于一体，信号互不干扰，传输信号强，容量大，既确保柔韧性又有一定的强度，电缆、光缆的放线铺设一次完成，通用性强，施工简单，放线效率高，减少作业成本，提高放线美观度。
81. 201341028 一种移动电源
CN
04.11.2009
H02J 7/00 Loading...
H02J 7/00
Loading...
200820145868.0
飞毛腿(福建)电子有限公司
邱俊明
H02J 7/00
Loading...
本实用新型涉及一种移动电源，包括有外置电源适配器、锂电池组、输入充电部分和输出放电部分，其中输入充电部分由升压充电模块、锂电池保护模块、锂电池组连接而成；输出放电部分由COMS硬件控制电路模块、输出负反馈网络模块、降压输出及输出限流模块和输出接口连接而成；COMS硬件控制电路模块分别连接有按键及开关模块、电量检测模块和电量指示灯及输出电压指示灯模块；一供电开关模块，连接于锂电池保护模块与COMS硬件控制电路模块之间，该供电开关模块用以切换锂电池组或者外置电源适配器供电。通过不同转接头实现对便携电脑、移动电话、数码相机、MP3、手机等便携设备提供备用和具有多功能适配的可移动续航电源。
82. 201338793 折叠透明包装物
CN
04.11.2009
B65D 77/04 Loading...
B65D 77/04
Loading...
200820145942.9
飞毛腿(福建)电池有限公司
练必原
B65D 77/04
Loading...
本实用新型涉及一种由塑胶透明内盒和折叠硬质纸板组成的折叠透明包装物，其特征是连片纸板通过折痕划分出一底板、第一封页、第二封页、以及底板上下两端的上、下封舌，底板上镂空有一背窗口，第一封页和第二封页对应该背窗口位置上各镂空有一大窗口，上、下封舌上开设有插缝，第一封页对应上、下封舌插缝处裁出有扣舌，第一封页折叠后扣舌能插入封舌插缝中形成相互固定，透明内盒放置在底板上，其前端突出于折叠后的第一、第二封页之大窗口上，第二封页扣合在第一封页上，其与第一封页或者底板后面间通过胶质或者封口标贴之择一物质相定位，整体包装过程只需一点胶质或者借助封口标贴，连片纸板也方便彩印产品资讯。
83. 201307620 聚合物电池金属外壳结构
CN
09.09.2009
H01M 10/38 Loading...
H01M 10/38
Loading...
200820145867.6
飞毛腿(福建)电子有限公司
赵康林
H01M 10/38
Loading...
本实用新型涉及一种聚合物电池金属外壳结构，包括电芯和外壳，其中外壳是由单片金属薄片包裹在电芯外侧而成，金属薄片与电芯之间通过胶质粘固，电芯后端部嵌设有一后盖，后盖与电芯、金属薄片间隙填充有填充胶，电芯前端依次嵌设有支架、电路板和前盖，至少在支架与电芯间的间隙填充有填充胶，电路板与电芯电极电连接，从电路板上引出的电极连接片嵌设在前盖上。利用金属薄片包裹电芯既满足强度要求，又可有效降低电池的四周厚度，厚度和宽度均可节省0.4以上的空间，金属外壳更具抗磨损和抗冲击能力，有效保护电芯的使用安全。
84. 201112425 通用电池装置
CN
10.09.2008
H01M 2/00 Loading...
H01M 2/00
Loading...
200720007962.5
飞毛腿(福建)电池有限公司
张皓
H01M 2/00
Loading...
本实用新型涉及一种通用电池装置，包括电池本体和电极片，其中电池本体一端固定有极片支架，极片支架背面开设有两条以上的电极槽和一条与之平行的滑槽，正面开设一条与背面滑槽相平行的滑槽，电极槽内分别嵌设有与电池电极电连接的电极触片，至少两条表面嵌设有电极片的类L型塑料件跨设在极片支架端部，塑料件向内设有可枢设于滑槽内的凸台，处于极片支架背面的电极片端部具有钩状触点，可对应触及嵌设于电极槽内的电极触片表面，始终保持电连接，类L型塑料件可在极片支架两面滑槽内同步移位，实现电极间距和位置的调节，以满足不同型号手机等电子设备接入电源之需。
85. 2872597 外置式大容量手机备用电池
CN
21.02.2007
H01M 2/02 Loading...
H01M 2/02
Loading...
200620095844.X
飞毛腿(福建)电池有限公司
方金
H01M 2/02
Loading...
本实用新型提供一种外置式大容量手机备用电池，包括外壳及安装在外壳内的电路，其特征在于外壳上设有分别用于充电、放电的输入端口和输出端口；所述电路包括充、放电保护电路、升压电路、指示灯控制电路，其中充、放电保护电路由锂离子电池专用保护集成电路FS326及FTD2011构成，其输出端与升压电路的输入端相连，升压电路采用DC/DC专用芯片34063实现，其输出端与指示灯控制电路采用的LM324输入端相连接。该外置式大容量手机备用电池设计合理，性能稳定，它携带方便，可以单独充电，而且与手机连接只需一条连接线，使用非常方便，同时容量大，给广大手机使用者提供更长久的待机时间。

