1. 205808317 一种大直径弧面外径测量装置
CN
14.12.2016
G01B 5/08 Loading...
G01B 5/08
Loading...
201620687493.5
马鞍山方圆回转支承股份有限公司
杭振宏
G01B 5/08
Loading...
一种大直径弧面外径测量装置，涉及测量装置领域，由量架、可调限位量棒、可调限位量棒基座和百分表构成，所述量架呈半圆弧形结构，所述可调限位量棒装配在可调限位量棒基座上并通过焊接方式固定在量架的两端，所述百分表通过百分表架设置在量架的两端。本实用新型结构简单、操作方便，能够对大直径弧面外径进行测量，检测精度高，并可直接读数，能够节约测量时间，提高了测量效率，并且使用成本低，有益于提高工作效率和工作质量。
2. 106195128 一种剖分式回转机构
CN
07.12.2016
F16H 1/16 Loading...
F16H 1/16
Loading...
102016000571693
马鞍山方圆回转支承股份有限公司
王景龙
F16H 1/16
Loading...
一种剖分式回转机构，涉及回转机构技术领域，由传动单元和主驱动单元构成，所述传动单元包括剖分式壳体和剖分式蜗轮，所述剖分式壳体分为剖分式壳体Ⅰ和剖分式壳体Ⅱ，剖分式壳体Ⅰ和剖分式壳体Ⅱ连接合并成整体剖分式壳体，所述剖分式壳体内部形成一个型腔，剖分式蜗轮被包容在该型腔内，所述剖分式蜗轮分为剖分式蜗轮Ⅰ和剖分式蜗轮Ⅱ，剖分式蜗轮Ⅰ和剖分式蜗轮Ⅱ定位连接合并成整体剖分式蜗轮，所述主驱动单元由液压马达和蜗杆构成。本发明不仅实现了在部分特殊领域或特定安装条件下使用，而且结构合理，安装方便，使用安全可靠，进一步扩大了回转机构的使用领域和应用场合，有益于提高工作效率和工作质量。
3. 205503757 轴线角位移智能回转支承
CN
24.08.2016
F16C 23/06 Loading...
F16C 23/06
Loading...
202016000312609
马鞍山方圆回转支承股份有限公司
李众
F16C 23/06
Loading...
轴线角位移智能回转支承，涉及回转支承技术领域，由内球形直齿外圈和鼓形齿外球形回转支承组成，所述内球形直齿外圈由内球形直齿下圈和内球形上圈构成，所述鼓形齿外球形回转支承由鼓形齿外球形中圈、滚动体、隔离带、内圈和密封带构成，所述内球形直齿外圈安装设置在鼓形齿外球形回转支承的外部。本实用新型结构简单、使用方便，满足特种工况下大型工程机械对回转支承有轴线角位移的要求，实现安装在轴线角位移智能回转支承上工程机械上两联结体可以在360°范围内轴线角位移摆动，保持回转支承滚道始终承载均匀，提高了滚道的疲劳寿命，弥补工程机械工作环境不足而影响回转支承使用寿命的缺陷。
4. 205497409 回转支承便携式拆装检测台
CN
24.08.2016
B25H 1/00 Loading...
B25H 1/00
Loading...
202016000312610
马鞍山方圆回转支承股份有限公司
王普志
B25H 1/00
Loading...
回转支承便携式拆装检测台，由下支撑部分、连接伸缩部分和上支撑部分构成，所述下支撑部分有下连接盘、下筋板、下支撑板和下连接筒组成，所述上支撑部分由上连接盘、上筋板、上支撑板、和上连接筒组成，所述连接伸缩部分由双旋螺柱和中心连杆组成，所述双旋螺柱套装在中心连杆上，所述上连接筒安装在双螺旋柱的上部，所述下连接筒连接安装在双螺旋柱的下部。本实用新型结构简单、使用方便，通用性强，同时可快速展开和收缩本便携式拆检台，总结构尺寸调节方便快速，降低了劳动强度，提高了效率。
5. 204942261 一种可偏摆的鼓型齿回转支承
CN
06.01.2016
F16C 17/12 Loading...
F16C 17/12
Loading...
201520695714.9
马鞍山方圆回转支承股份有限公司
刘璐
F16C 17/12
Loading...
本实用新型公开了一种可偏摆的鼓型齿回转支承，它包括外圈、中圈、内圈、外端盖和若干连接螺钉，所述的中圈包括外上齿圈和外下圈，外上齿圈和外下圈通过连接螺钉连接，外上齿圈为弧面鼓型齿，外圈的内齿圈和外端盖的内圆面为内球面，中圈的外上齿圈和外下圈的外圆面为外球面，外圈的内齿圈与中圈的外下圈球面贴合并通过组合密封圈、密封端盖进行密封，中圈的外上齿圈与外端盖球面贴合，内圈与中圈的外下圈之间的滚道、内圈与中圈的外上齿圈之间的滚道均设置圆柱滚子与保持架，形成三排滚柱式回转支承。本实用新型所提出的一种可偏摆的鼓型齿回转支承，在同时承受轴向载荷、径向载荷与倾覆力矩的工况下，允许在偏摆一定角度的情况下传递扭矩。
6. 203906540 一种圆锥齿回转支承
CN
29.10.2014
F16C 19/00 Loading...
F16C 19/00
Loading...
201420297437.1
马鞍山方圆回转支承股份有限公司
曾坤龙
F16C 19/00
Loading...
本实用新型公开了一种圆锥齿回转支承，其齿形为圆锥齿，它包括外圈、滚动体、隔离块、密封条、内圈和油嘴，所述的外圈和内圈中部构成滚道，滚动体和隔离块设置在滚道内，在外圈和内圈之间通过密封条进行密封，在内圈中部开有与滚道相连通的油孔，所述的油嘴固定在内圈上。本实用新型所提出的一种圆锥齿回转支承，结构简单、使用方便，安装尺寸与行业标准保持一致的同时，仅改变传动方式便可通用，齿部具有高强度，传动平稳，载荷高，低噪声等特点，具有极大的推广应用价值。
7. 203868109 球柱式双回转双驱动回转支承
CN
08.10.2014
F16C 19/49 Loading...
F16C 19/49
Loading...
201420296626.7
马鞍山方圆回转支承股份有限公司
曹国兰
F16C 19/49
Loading...
本实用新型公开了球柱式双回转双驱动回转支承，它包括外圈、中圈、内圈、钢球、滚柱、球式隔离块、交叉型隔离块、堵塞Ⅰ、堵塞Ⅱ和油杯，外圈、中圈为带齿轮的圆柱环体，内圈为圆柱环体，在外圈的圆柱环体上圆周均布开设安装孔，在外圈的圆柱环体中部的内圆周面上开设球形滚道；在中圈的圆柱环体一侧横向开设堵塞孔Ⅰ，在堵塞孔Ⅰ中嵌装圆柱形堵塞Ⅰ，在螺钉孔中装入紧定螺钉Ⅰ以定位堵塞Ⅰ，在内圈圆柱环体中部外圆周面上与堵塞Ⅱ的一侧端面上同时开设直角圆弧外滚道。本实用新型不仅结构简单，便于安装和维护，而且实现了双回转双驱动功能，解决了要求旋转精度高、能承受一定的轴向力，径向力和倾覆力矩，又要求双回转双驱动的使用场合。
8. 203868246 高精回转机构
CN
08.10.2014
F16H 1/16 Loading...
F16H 1/16
Loading...
201420029453.2
马鞍山方圆回转支承股份有限公司
李众
F16H 1/16
Loading...
本实用新型公开了高精回转机构，它包括箱体、回转支承、箱盖、密封圈和蜗杆，回转支承设置在箱体内部、一端通过螺栓与箱盖固定连接，箱盖与箱体之间、回转支承与箱体之间通过密封圈进行密封，所述的蜗杆与回转支承外圈之间通过平面二次包络环面结构相连接。本实用新型结构简单、使用方便，提高了回转机构的承载能力和传动效率，消除了“卡死”现象，满足了工程机械中对于载荷要求高、传动效率高的要求，同时减小了齿轮的磨损，提高了回转机构的使用寿命。
9. 203756867 平面一次包络环面蜗杆蜗轮回转机构
CN
06.08.2014
F16H 1/16 Loading...
F16H 1/16
Loading...
201420161434.5
马鞍山方圆回转支承股份有限公司
汪明明
F16H 1/16
Loading...
本实用新型公开了平面一次包络环面蜗杆蜗轮回转机构，它包括箱体、回转支承、液压马达和蜗杆，回转支承包括内圈和外圈，内圈和箱体通过螺栓、座圈固定在一起，回转支承设置在箱体内部、内圈通过紧固螺栓和锥销与箱体相连接，回转支承与箱体之间通过密封件进行密封，液压马达输出轴通过键与蜗杆相连，蜗杆通过轴承、轴承座固定设置在箱体内，靠近轴承的箱体开有油嘴，所述的蜗杆与回转支承外圈之间通过平面一次包络环面结构相连接。本实用新型结构简单、使用方便，减小了单位接触线上的载荷，大幅提高了整个环面蜗杆蜗轮副的承载能力，结构更加紧凑；提高了传动的平稳性，降低了传动噪音。
10. 203756929 一种人字型齿回转支承
CN
06.08.2014
F16H 57/023 Loading...
F16H 57/023
Loading...
201420029615.2
马鞍山方圆回转支承股份有限公司
刘璐
F16H 57/023
Loading...
本实用新型公开了一种人字型齿回转支承，其齿形呈“人”字形。本实用新型结构简单、使用方便，在轴向尺寸不变的条件下，提高了齿轮强度，并消除了因齿轮传动产生的轴向力，提高了齿部传动平稳性，同时加工方便、易于生产，具有极大的推广应用价值。
11. 203703013 减振三环减速机
CN
09.07.2014
F16H 1/22 Loading...
F16H 1/22
Loading...
201420067846.2
马鞍山方圆回转支承股份有限公司
李众
F16H 1/22
Loading...
本实用新型公开了减振三环减速机，它包括箱体、两个曲轴、主轴、三个齿环板、大齿轮，它还包括过渡惰性齿轮和两个同步惰性齿轮，所述的过渡惰性齿轮通过轴承设置在主轴上，两个同步惰性齿轮分别通过通过键设置在两个曲轴输入端，过渡惰性齿轮和两个同步惰性齿轮完全相同。本实用新型结构简单、使用方便，在三环减速机原有结构不变的条件下，降低了三环减速机的振动，延长了减速机的轴承寿命，桩机的故障频率也降低了，延长了长螺旋桩机的使用寿命。
12. 203705260 一种试样断后测量夹具
CN
09.07.2014
G01N 3/04 Loading...
G01N 3/04
Loading...
201320841050.3
马鞍山方圆回转支承股份有限公司
王普志
G01N 3/04
Loading...
本实用新型公开了一种试样断后测量夹具，它包括两个支架、槽块、深沟球轴承、内六角螺钉和挡块，两个支架包括支架一和支架二，支架一和支架二设置在槽块上，挡块与内六角螺钉的端部通过深沟球轴承连接，内六角螺钉和支架通过螺纹连接。本实用新型结构简单、使用方便，能够对截面形状不同的，断后试样进行拼接，在单人操作的情况下，能够准确快速地测量断后原始标距、断后最小截面尺寸、计算试样拉断后的最小截面面积等重要技术参数，不仅能够提高测量的重复性误差，更能提高工作效率。
13. 203594691 一种间隙可调的回转支承
CN
14.05.2014
F16C 19/50 Loading...
F16C 19/50
Loading...
201320761180.6
马鞍山方圆回转支承股份有限公司
陈武
F16C 19/50
Loading...
本实用新型公开了一种间隙可调的回转支承，它包括外圈、内圈、油杯、滚动体、隔离块、密封条和调整圈，所述的内圈套装在外圈内，内圈与外圈间构成滚道，滚动体和隔离块依次设置在滚道内，外圈与内圈间通过密封条密封，所述的调整圈与外圈螺纹连接，调整圈上部开有调整孔。本实用新型结构简单、使用方便，满足了不同配套主机的对间隙的不同要求，满足了不同应用场合使用要求，通用性强，同时调节间隙方便，提高了效率。
14. 203463499 平面剖分式回转支承
CN
05.03.2014
F16C 33/58 Loading...
F16C 33/58
Loading...
201320581714.7
马鞍山方圆回转支承股份有限公司
曾坤龙
F16C 33/58
Loading...
本实用新型公开了平面剖分式回转支承，它包括上圈和下圈，所述的上圈和下圈分别包括两个上部半圈和两个下部半圈，两个上部半圈间嵌合并通过连接螺钉和圆锥销连接，两个下部半圈间嵌合并通过连接螺钉和圆锥销连接，在上下圈之间设置有滚子。本实用新型结构简单、使用方便，实现了回转支承在有限空间内的简便安装，保证了承载，不仅满足机械大型化的要求，而且能进一步拓展回转支承的使用领域。
15. 203322162 带回转支承的内齿轮驱动式回转机构
CN
04.12.2013
F16H 1/04 Loading...
F16H 1/04
Loading...
201320327651.2
马鞍山方圆回转支承股份有限公司
陈晓伟
F16H 1/04
Loading...
本实用新型是一种带回转支承的内齿轮驱动式回转机构，属于回转机构，其特征是该回转机构主要由机座、箱盖、上轴承座、上轴承、上轴承盖、传动轴、齿轮、电动机、下轴承座、下轴承、下轴承盖和回转支承组成，此机座又主要由箱体和底板组成，此箱体为竖向设置的异形圆环形箱体，在此箱体的外表面的底部带有水平凸缘式底板，在此底板上对应位于右圆弧环形箱壁的外侧部位带有下轴承座，在箱体的顶面上固定安装圆盘形箱盖，在此箱盖的右部对应带有上轴承座，在此上轴承座和下轴承座中安装传动轴，在传动轴的中段上安装齿轮，并使此齿轮与安装在底板上的回转支承内圈上的内齿圈相对应啮合，传动效率高，制造成本低。
16. 203322175 带轮传动式回转支承
CN
04.12.2013
F16H 7/02 Loading...
F16H 7/02
Loading...
201320313202.2
马鞍山方圆回转支承股份有限公司
陈武
F16H 7/02
Loading...
本实用新型是一种带轮传动式回转支承，属回转支承，其特征是：在外圈的外圆周面上开设传动带槽，使外圈成为从动带轮，且此传动带槽可为平面槽或V形槽或梯形槽或半圆形槽或齿槽；使用时，在主动轮与回转支承的外圈之间对应安装传动带，将主动轮输出的动力传递到回转支承外圈上，传动平稳无噪声，并有效地起到过载保护作用。
17. 103344426 回转支承试验检测台
CN
09.10.2013
G01M 13/00 Loading...
G01M 13/00
Loading...
201310292751.0
安徽工业大学
余晓流
G01M 13/00
Loading...
本发明公开一种回转支承试验检测台，属于工业检测设备领域。该回转支承试验检测台包括底座、横移装置、驱动装置、下连接盘、回转支承、上连接盘、悬臂梁、第一称重传感器、轴向力加载砝码、第二称重传感器、倾覆力矩加载砝码、导电杆、导电轨。本发明可以真实模拟回转支承在各种复杂工况下的运行状态，同时可检测回转支承的负载载荷、启动力矩和动态阻力矩，以便正确评价回转支承的性能和质量。
18. 203231867 回转支承密封性能检测装置
CN
09.10.2013
G01M 3/00 Loading...
G01M 3/00
Loading...
201320080715.3
马鞍山方圆回转支承股份有限公司
秦绪敏
G01M 3/00
Loading...
本实用新型公开了一种回转支承密封性能检测装置，该回转支承密封性能检测装置由机座、工作台、回转机构所组成，机座是由上环法兰盘、下环法兰盘和环圈、筋板组焊而成的；工作台是由底座法兰盘、回转工作台、等高块、工作支架组成，底座法兰盘开有排水槽，回转工作台与底座法兰盘相连接，底座法兰盘有导槽，工作支架与回转工作台通过T型螺栓固定连接。该回转支承密封性能检测装置机构合理，使用安全可靠。
19. 203228805 手推式钢包带运转车
CN
09.10.2013
B62B 3/00 Loading...
B62B 3/00
Loading...
201320174271.X
马鞍山方圆回转支承股份有限公司
杨全明
B62B 3/00
Loading...
本实用新型是一种手推式钢包带运转车，属于手推车，其特征是该手推式钢包带运转车主要由手推车、下托盘、上盖，下轴承座、平面轴承、中心轴和滚动轴承组成，此手推车又主要由车架、推把、万向轮、定向轮和底板、车轮板组成，此车架呈空腔长方形框架，在此车架的中部焊装前后向的长方形底板，在此车架的底部分别安装万向轮、定向轮，在此车架的左侧边焊装推把，在车架的底板上用螺栓固定安装下轴承座，并在此下轴承座的上段上安装平面轴承，在此下轴承座上开设中心螺孔并旋装双台阶式的中心轴，在此中心轴的中段上安装滚动轴承并安装下托盘，在中心轴的上段上套装上盖，钢包带与下托盘一起旋转，使用方便，工作效率高。
20. 103307210 带回转支承的内齿轮驱动式回转机构
CN
18.09.2013
F16H 1/04 Loading...
F16H 1/04
Loading...
201310225518.0
马鞍山方圆回转支承股份有限公司
陈晓伟
F16H 1/04
Loading...
本发明是一种带回转支承的内齿轮驱动式回转机构，属于回转机构，其特征是该回转机构主要由机座、箱盖、上轴承座、上轴承、上轴承盖、传动轴、齿轮、电动机、下轴承座、下轴承、下轴承盖和回转支承组成，此机座又主要由箱体和底板组成，此箱体为竖向设置的异形圆环形箱体，在此箱体的外表面的底部带有水平凸缘式底板，在此底板上对应位于右圆弧环形箱壁的外侧部位带有下轴承座，在箱体的顶面上固定安装圆盘形箱盖，在此箱盖的右部对应带有上轴承座，在此上轴承座和下轴承座中安装传动轴，在传动轴的中段上安装齿轮，并使此齿轮与安装在底板上的回转支承内圈上的内齿圈相对应啮合，传动效率高，制造成本低。
21. 103256904 大型回转支承滚道磨损自动检测系统
CN
21.08.2013
G01B 17/02 Loading...
G01B 17/02
Loading...
201310185916.4
安徽工业大学
王全先
G01B 17/02
Loading...
本发明提供一种大型回转支承滚道磨损自动检测系统及其检测方法，属于检测技术领域。该检测系统包括高精度超声波测厚探头、数据采集卡、控制器及显示器、继电器、声光报警器、信号通讯模块、驱动控制模块、数据采集与处理模块、报警模块，在指定时间间隔内，测量回转支承外圈的厚度，通过比较厚度差得到相应时间段内回转支承滚道磨损量。本发明检测系统能自动检测大型回转支承滚道磨损量，磨损量大于磨损允许值时将及时报警，能有效地提供设备运行状态，减少事故的发生。
22. 203100634 回转支承滚道接触角和球中心高的检测装置
CN
31.07.2013
G01B 5/02 Loading...
G01B 5/02
Loading...
201320025833.4
马鞍山方圆回转支承股份有限公司
杭振宏
G01B 5/02
Loading...
本实用新型是一种回转支承滚道接触角和球中心高的检测装置，属于检测装置,其特征是该检测装置主要由主尺、游标量尺和锁紧螺栓组成，该主尺主要由制成一体的主尺身和球头尺组成，在主尺身上刻制以毫米为单位的竖向刻度线，同时，在球头尺的半圆面上刻制以度数为单位的径向刻度线，在主尺身上滑动配合地套装游标量尺，该游标量尺主要由制成一体的扁平的副尺身和量爪尺组成，在副尺身的中部开设水平直通滑槽且此直通滑槽与主尺身相滑动配合，在此上部滑槽壁上自左至右依次竖向刻制游标刻度线，在副尺身的左端段上带有量爪尺，在副尺身的底中部开设螺孔并旋装锁紧螺栓，能够同时对球中心高和滚道接触角进行检测，效率高。
23. 102997885 大型回转支承间隙检测装置
CN
27.03.2013
G01B 21/16 Loading...
G01B 21/16
Loading...
201210489591.4
安徽工业大学
余晓流
G01B 21/16
Loading...
本发明提供一种大型回转支承间隙检测装置，属于工业测量技术领域。该装置包括径向误差检测台、三组对称分布的轴向误差检测台、含螺旋压板夹紧机构检测工作台架、待测回转支承、控制器与显示器；其中轴向间隙检测台由轴向伺服电机、轴向滚动导轨、轴向滚珠丝杠、定心机构、轴向丝杠螺母、轴向伺服电动推杆、轴向工作台板、轴向机座、轴向位移传感器组成；径向间隙检测台由径向伺服电机、锁紧机构、径向滚珠丝杠、径向滚动导轨、径向丝杠螺母、径向工作台板、径向伺服电动推杆、叉头、径向机座及径向位移传感器组成。本发明装置检测精度高，并具有操作方便、检测效率高的特点。
24. 102980519 大型回转支承齿圈径向综合误差检测装置
CN
20.03.2013
G01B 11/02 Loading...
G01B 11/02
Loading...
201210489721.4
安徽工业大学
汪永明
G01B 11/02
Loading...
本发明提供一种大型回转支承齿圈径向综合误差检测装置，属于工业测量技术领域，用于检测大直径回转支承内外圈安装后的齿圈径向综合误差。该检测装置由伺服电机、锁紧机构、轴承座、滚珠丝杠、滚动导轨、立板、螺旋弹簧、工作台板、光栅尺、丝杠螺母、莫氏锥孔轴、驱动电机、标准齿轮、联轴器、待测回转支承外圈、待测回转支承内圈、检测支架、底座、控制器及显示屏等组成。该检测装置采用高精度光栅尺，用于检测待测回转支承齿圈的径向综合误差，其检测精度可以达到微米级，检测数据以动态曲线和数字方式实时显示在显示器上，整个装置操作方便、检测效率高。
25. 202732687 空间叠加双回转单排球式回转支承
CN
13.02.2013
F16C 19/18 Loading...
F16C 19/18
Loading...
201220153078.3
马鞍山方圆回转支承股份有限公司
刘璐
F16C 19/18
Loading...
本实用新型公开了一种空间叠加双回转单排球式回转支承，该回转支承包括内圈、外上圈、外下圈、滚子、油嘴和密封条，其特点是在内圈外部设置两个外圈，且两个外圈分别分布在内圈外侧上部与下部，并且用密封条进行密封，使两个滚道成为相应封闭的空间，油嘴可根据工况需要确定数量、位置。该双回转支承，结构紧凑合理，使用安全可靠，有效的节约了空间，保证了承载，不仅满足机械大型化的要求，而且能进一步拓展回转支承的使用领域。
26. 202659723 六排滚锥式回转支承
CN
09.01.2013
F16C 19/50 Loading...
F16C 19/50
Loading...
201220149808.2
马鞍山方圆回转支承股份有限公司
关元清
F16C 19/50
Loading...
本实用新型公开了一种六排滚锥式回转支承，所述回转支承分为内圈，外圈，中圈，其特点是中圈分为上、下两部分，中圈上部分与下部分之间通过螺栓固定；内圈与中圈之间、中圈与外圈之间各有三排滚锥滚道，滚道中均放入滚动体。该回转支承结构合理,节约成本，容易实现，能有效解决传统回转支承因为要满足较大的承载力而轴向尺寸放大的问题，其承载能力与普通三排柱式回转支承提高50%以上。
27. 202597458 低噪音分体式回转支承
CN
12.12.2012
F16C 27/04 Loading...
F16C 27/04
Loading...
201220224142.2
马鞍山方圆回转支承股份有限公司
丁洋正
F16C 27/04
Loading...
本实用新型公开了一种低噪音分体式回转支承包括外上圈、外下圈、中外圈、内上圈、内下圈、中内圈、橡胶垫、滚动体、保持器，其特征是中内圈和中外圈接触端面分别设有滚道，在中内圈、中外圈各端面加橡胶垫；中外圈与中内圈形成的小回转支承按安放在外下圈和内下圈上，外上圈与外下圈、内上圈与内下圈分别安装配合，并用联接螺钉将外上圈与外下圈、内上圈与内下圈紧固。本实用新型可实现启动力矩小、高速运转、低噪音的目的。
28. 202597456 双回转交叉式回转支承
CN
12.12.2012
F16C 19/55 Loading...
F16C 19/55
Loading...
201220083815.7
马鞍山方圆回转支承股份有限公司
吴芳
F16C 19/55
Loading...
本实用新型公开了一种双回转交叉式回转支承，包括内齿圈、外齿圈、滚动体、堵塞和密封条，各滚动体位于内齿圈和中圈、外齿圈和中圈之间的滚道中，在各相邻的滚动体之间均安装隔离块，在中圈上对应于滚道的部位开设堵塞孔并对应滑动安装堵塞，且在内圈、中圈和外圈的结合面上对应安装密封条，该回转支承，结构简单，使用可靠，有效地实现了两部分同时旋转的要求，为包装行业提供了一种新型的回转支承。
29. 202592097 一种回转支承齿轮倒角翻身装置
CN
12.12.2012
B23Q 7/00 Loading...
B23Q 7/00
Loading...
201220045205.8
马鞍山方圆回转支承股份有限公司
戴永奋
B23Q 7/00
Loading...
本实用新型公开一种回转支承齿轮倒角翻身装置，所述装置主要由机架部分、工件夹持回转部分、工件升降部分和旋转工作台组成，该齿轮倒角翻身装置能够对各种齿圈进行翻身，减少了操作过程中的碰撞、损坏，提高了工作安全性，亦提供了生产效率，尤其是倒角过程中，减少了操作人员的劳动强度。齿轮倒角翻身装置应用广泛，能够对各种齿圈进行倒角翻身。
30. 202597455 双L型交叉滚柱式回转支承
CN
12.12.2012
F16C 19/36 Loading...
F16C 19/36
Loading...
201220082279.9
马鞍山方圆回转支承股份有限公司
曹国兰
F16C 19/36
Loading...
本实用新型公开了一种双L型交叉滚柱式回转支承，其外圈为L形的环件，在外圈的圆柱环体的一侧横向开设堵塞孔，在堵塞孔中嵌装圆柱形堵塞；在外圈的圆柱环体中部的内圆周面上和堵塞的一侧端面上同时开设直角平面圆弧内滚道，在外圈的圆柱环体的另一侧横向开设与半圆弧内滚道相通的螺纹孔油道，在此油道上安装油杯；内圈亦为L形的环件，在内圈的外环面上开设与外圈半圆弧内滚道同半径的半圆弧外滚道。双L型回转支承节约了安装空间；能承受一定的轴向力，径向力和倾覆力矩，易于安装和拆卸。
31. 202529711 一种回转支承生产现场专用吊具
CN
14.11.2012
B66C 1/44 Loading...
B66C 1/44
Loading...
201220083919.8
马鞍山方圆回转支承股份有限公司
杭振宏
B66C 1/44
Loading...
本实用新型公开了一种回转支承生产现场专用吊具，主要由右夹钳、右护板、底护板、左夹钳、左护板、调节螺栓和销栓组成，左、右夹钳通过销栓联结，呈夹钳式结构。该右夹钳是由连接板、底板和右夹板组焊而成。在右夹钳的连接板与回转支承齿圈接触的部位通过螺栓固定右护板，在右夹钳的底板与回转支承齿圈接触的部位亦通过螺栓固定底护板。该回转支承生产现场专用吊具结构合理，磨损碰撞少，使用安全可靠。
32. 202462068 一种数控钻90度转换夹头
CN
03.10.2012
B23Q 3/12 Loading...
B23Q 3/12
Loading...
201220080035.7
马鞍山方圆回转支承股份有限公司
杭振宏
B23Q 3/12
Loading...
本实用新型公开了一种数控钻90度转换夹头，该转换夹头主要由卡环、连接板、固定环、弹簧夹套、长柄伞齿轮、短柄伞齿轮、壳体和轴承组成，卡环通过螺栓固定在立式加工中心的主轴上，连接板上端与卡环连接，下端与固定环连接，固定环与壳体连接；长柄伞齿轮与立式加工中心主轴连接，短柄伞齿轮与长柄伞齿轮呈90度啮合；壳体通过轴承分别与长柄伞齿轮和短柄伞齿轮配合。该转换夹头可实现在立式加工中心上加工小直径回转支承内侧油孔的操作，降本增效。
33. 202468718 鼓形齿回转支承
CN
03.10.2012
F16C 33/58 Loading...
F16C 33/58
Loading...
201220080275.7
马鞍山方圆回转支承股份有限公司
王景龙
F16C 33/58
Loading...
本实用新型公开了一种鼓形齿回转支承，该回转支承由外圈、油杯、上密封、滚动体、隔离块、内圈、上密封、堵塞和圆锥销组成，特点是其齿部均为鼓形齿，其齿部轴截面上切除的分度圆线为一段圆弧，此圆称之为位移圆，该位移圆呈球面，分度圆切剖面的齿廓为腰鼓形。这种回转支承结构新颖，承载能力强，并减少回转支承使用过程中的断齿现象。
34. 202321998 回转支承装配吊具
CN
11.07.2012
B66C 1/66 Loading...
B66C 1/66
Loading...
201120449680.7
马鞍山方圆回转支承股份有限公司
李峰
B66C 1/66
Loading...
本实用新型是一种回转支承装配吊具，属吊具，其特征是：该回转支承装配吊具主要由吊环、螺杆、上定位板和下定位板组成，该吊环的上部呈环形而下部呈圆柱形，在此吊环的下部开设轴向中心螺孔，螺杆为双头螺杆，此螺杆的上端段拧装在吊环的中心螺孔中，在螺杆的下螺纹段的上部拧装带中心螺孔的上定位板，此上定位板可为圆形板，而在螺杆的下螺纹段的下端部拧装带中心螺孔的且带安装把手的下定位板，此下定位板可为圆形板，该回转支承装配吊具快速有效地进行回转支承的吊运、装配，消除潜在的安全隐患，保证产品质量，提高了工作效率。
35. 202329496 回转支承堵塞安装用堵塞规
CN
11.07.2012
G01B 5/18 Loading...
G01B 5/18
Loading...
201120449923.7
马鞍山方圆回转支承股份有限公司
徐峰
G01B 5/18
Loading...
本实用新型是一种回转支承堵塞安装用堵塞规，属回转支承安装辅助工具，其特征是该回转支承堵塞安装用堵塞规主要由制成一体的沉塞段、限位段和握柄段组成，该沉塞段为前后向的圆柱体段，其直径略小于回转支承上堵塞孔的孔径，其厚度与堵塞在堵塞孔中安装的标准深度相一致，在此沉塞段的前部是限位段，此限位段为竖向的上下端段均对称地外伸出沉塞段且上下端面均为圆弧面的长方体段，同时，此限位段的左右向的宽度比沉塞段窄，此限位段外伸的上下端段的后侧面为与回转支承外周面或内周面相对应贴合的圆弧凹面或圆弧凸面，在限位段的前部是握柄段，此握柄段是宽度比限位段更窄的上下竖置的凸台段，堵塞安装时，测量方便，装配效率高。
36. 102506798 便携式回转支承滚道淬火深度无损检测装置
CN
20.06.2012
G01B 21/18 Loading...
G01B 21/18
Loading...
201110327028.2
马鞍山方圆回转支承股份有限公司
王汉东
G01B 21/18
Loading...
一种便携式回转支承滚道淬火深度无损检测装置，它包括：前端为圆弧状的滚道专用测量头、安装于测量头内的前端传感器、将前端传感器的输出信号转换为电流信号的数据采集子系统、用于人机对话输入要检测的回转支承材料及滚道直径等参数的人机交互子系统、将数据采集子系统采集来的电流信号进行数据运算的嵌入式数据运算核心、用于提供工作电源的电源模块。本发明采用非线性参数辨识算法，将电信号参数转换为淬火深度参数，无需破坏回转支承就可检测，在使用前进行参数标定，当被测回转支承的毛坯、工艺发生变化时，可以对检测参数作出相应修正，使用方便，精度高，体积小，方便携带。
37. 202280812 回转支承的直齿面内齿圈
CN
20.06.2012
F16H 55/17 Loading...
F16H 55/17
Loading...
201120425953.4
马鞍山方圆回转支承股份有限公司
王汉东
F16H 55/17
Loading...
本实用新型是一种回转支承的直齿面内齿圈，属于回转支承，其特征是将内齿圈各齿的渐开线齿面均改成直齿面，并使直齿面齿轮的齿顶槽宽a等于原渐开线齿轮的齿顶槽宽a0，直齿面齿轮的全齿高h等于原渐开线齿轮的全齿高h0，而直齿面齿轮的齿根槽宽b等于原渐开线齿轮的齿根槽宽b0减去原渐开线齿轮的最小法向侧隙j，(即b=b0-j)，不仅易于加工，而且使内齿圈的表面粗糙度、齿形精度和齿圈跳动等精度指标会明显得到改善，提高了啮合的平顺性，降低了传动噪音。
38. 202251458 回转支承滚珠带式定位保持架
CN
30.05.2012
F16C 33/38 Loading...
F16C 33/38
Loading...
201120328270.7
马鞍山方圆回转支承股份有限公司
刘扬
F16C 33/38
Loading...
本实用新型是一种回转支承滚珠带式定位保持架，属于回转支承，其特征是该带式定位保持架主要由带体、滚珠座孔和上圆弧形凸台、下圆弧形凸台组成，该带体是截面为扁长方形的长带，在带体的左端部带有燕尾形接头，在带体的右端部对应开设燕尾槽，此燕尾形接头与燕尾槽对应嵌接而合成一个整圆，作为各滚珠的保持架体，在带体的前后表面的上部和下部以带体的长度方向的中心线为准，自左至右均布间隔地分别带有与带体制成一体的上圆弧形凸台和下圆弧形凸台，在带体及其前后表面上的各组上圆弧形凸台和下圆弧形凸台上开设球面孔，成为滚珠座孔，在各滚珠座孔中分别滑动安装滚珠，使回转支承的性能大幅度提高，使用寿命长，使用领域广。
39. 202240729 一种丝锥修磨装置
CN
30.05.2012
B24B 3/18 Loading...
B24B 3/18
Loading...
201120328115.5
马鞍山方圆回转支承股份有限公司
戴永奋
B24B 3/18
Loading...
本实用新型是一种丝锥修磨装置，属机床辅助装置，其特征是该丝锥修磨装置主要由固定底板、丝维移动装置、丝锥顶夹装置和丝锥支撑导向装置组成，固定底板通过T形螺栓固定在磨床的工作台上，丝锥移动装置主要由滑动底板、后固定挡板、前可调档板、齿轮、齿条、齿轮轴、齿轮轴座和手轮组成，丝锥顶夹装置又主要由死顶尖座、死顶尖、锁紧螺栓、活顶尖座、活顶尖、压缩弹簧、顶推螺孔板和顶推螺栓组成，该丝锥支撑导向装置主要由座板、套管、顶升弹簧、支撑杆和锁紧螺钉组成，使用时，将本丝锥修磨装置固定安装在磨床的工作台上，使支撑杆上的扁靠模与丝锥槽两边充分接触，待修磨丝锥相对蝶形砂轮做往复运动，丝锥回收利用，降低生产成本。
40. 202220797 纯滚动三排滚锥滚柱式回转支承
CN
16.05.2012
F16C 19/56 Loading...
F16C 19/56
Loading...
201120328246.3
马鞍山方圆回转支承股份有限公司
余云霓
F16C 19/56
Loading...
本实用新型是一种纯滚动三排滚锥滚柱式回转支承，属于回转支承，其特征是：该上滚道和下滚道均为横截面呈锥台形的滚道，且此锥台形的滚道的外侧端直径大而内侧端直径小，此锥台形滚道的锥角均可为0.1o—10.00o，在此锥台形的上滚道中圆周均布依次放置上圆锥滚柱（上滚锥）和框形上隔离块，在此锥台形的下滚道中圆周均布依次放置下圆锥滚柱（下滚锥）和框形下隔离块，该上圆锥滚柱和下圆锥滚柱的锥角均相应可为0.1o—10.00o，使用时，此上、下圆锥滚柱大小端的线速度不一样，并与所转过的距离相适应，有效地减少了圆锥滚柱（滚锥）和圆锥滚道的磨损，延长了回转支承的使用寿命。
41. 202220796 水平双排交叉滚柱式回转支承
CN
16.05.2012
F16C 19/50 Loading...
F16C 19/50
Loading...
201120328228.5
马鞍山方圆回转支承股份有限公司
王汉东
F16C 19/50
Loading...
本实用新型是一种水平双排交叉滚柱式回转支承，其特征是在外圈与内圈之间设置中圈，且此中圈上下对称地分成上中圈和下中圈，以此上中圈与下中圈结合面的外周边为中心线，在上、下中圈的外侧部和内侧部分别对应开设横截面呈半矩形或半菱形的外中滚道和内中滚道，此上、下中圈上的外中滚道与外圈上的半矩形或半菱形的内滚道对称地组成滚柱滚道A，此上、下中圈上的内中滚道与内圈上的半矩形或半菱形的外滚道对称地组成滚柱滚道B，形成双排滚柱滚道；在此滚柱滚道A和滚柱滚道B中分别对应安装滚柱Ⅰ和滚柱Ⅱ以及隔离块I和隔离块II，该水平双排交叉滚柱式回转支承在同一回转平面内有二排滚动体：滚柱Ⅰ和滚柱Ⅱ，提高了承载能力和抗倾覆力矩。
42. 202180341 回转支承孔的加工装置
CN
04.04.2012
B23Q 1/25 Loading...
B23Q 1/25
Loading...
201120250058.3
马鞍山方圆回转支承股份有限公司
杭振宏
B23Q 1/25
Loading...
本实用新型是一种回转支承孔的加工装置，其特征是该加工装置主要由主工作台、机座、回转装置和托轮装置组成，该主工作台又主要由上、下环形法兰盘Ⅰ和座圈Ⅰ、筋板Ⅰ组焊而成，该机座主要由上、下环形法兰盘Ⅱ、座圈Ⅱ和筋板Ⅱ组成，在下环形法兰盘Ⅰ与上环形法兰盘Ⅱ之间安装回转支承，即在机座上安装回转支承，在回转支承上安装主工作台，在座圈Ⅱ的右侧壁上开孔安装减速电机，在此减速电机的输出轴上安装小齿轮并使小齿轮与回转支承的齿圈相对应啮合，在摇臂钻工作平台上和摇臂钻的砼基础上对应位于上环形法兰盘Ⅰ底面上的环形支撑面的部位圆周均布安装托轮装置，一次夹装可完成全部孔的加工，效率高，质量好且安全性强。
43. 202169405 回转支承内圈铣加工用专用吊具
CN
21.03.2012
B23C 9/00 Loading...
B23C 9/00
Loading...
201120276263.7
马鞍山方圆回转支承股份有限公司
李伟
B23C 9/00
Loading...
本实用新型是一种回转支承内圈铣加工用专用吊具，属吊具，其特征是该回转支承内圈铣加工用专用吊具主要由左夹钳、右夹钳、隔板、中心螺栓和夹持板组成，该右夹钳又主要由前、后右夹板和隔板组焊而成，在前、后右夹板的下直板的切口上共同焊装呈前后向的由立板和左置的水平底板组成的夹持板，在左夹钳的左下直板下端部的右侧面上带有半球形凸块，将左夹钳的斜直板穿装在右夹钳的前、后右夹板的斜直板之间呈交叉状，在此交叉部位开设中心孔并穿装中心螺栓固定，使用时，将两套该专用吊具分别对称地置于回转支承内圈的两侧，使右夹钳下端部的夹持板托住齿圈底面，左夹钳下端部的凸块对应嵌进内圈上的滚道中，吊装安全可靠，生产率高。
44. 202169467 回转支承齿圈圆度的检测校正装置
CN
21.03.2012
B23P 6/00 Loading...
B23P 6/00
Loading...
201120218154.X
马鞍山方圆回转支承股份有限公司
李伟
B23P 6/00
Loading...
本实用新型是一种回转支承齿圈圆度的检测校正装置，属于校正检测装置,其特征是该检测校正装置主要由主机架、左、右导轨垫板、左、右直线导轨副、左、右滚轮传动装置、左滚轮上下移动装置、右滚轮上下移动装置、左上支撑滚轮、右上支撑滚轮和热校、冷却装置组成，该主机架又是主要由主板、左主支撑、右主支撑、斜撑和底座组成的钢结构件，主板为向后倾斜的斜板，在主板上固定安装左、右导轨垫板，在左、右导轨垫板和左、右主支撑上分别对应安装左右直线导轨副、左右滚轮传动装置和左右滚轮上下移动装置，在主板的上端部安装左、右上支撑滚轮，齿圈置于左、右主滚轮和左、右上支撑滚轮上，齿圈旋转进行圆度检测和热校正，精度和效率高。
45. 102359486 纯滚动三排滚锥滚柱式回转支承
CN
22.02.2012
F16C 19/56 Loading...
F16C 19/56
Loading...
201110258486.5
马鞍山方圆回转支承股份有限公司
余云霓
F16C 19/56
Loading...
本发明是一种纯滚动三排滚锥滚柱式回转支承，属于回转支承，其特征是：该上滚道和下滚道均为横截面呈锥台形的滚道，且此锥台形的滚道的外侧端直径大而内侧端直径小，此锥台形滚道的锥角均可为0.1o—10.00o，在此锥台形的上滚道中圆周均布依次放置上圆锥滚柱（上滚锥）和框形上隔离块，在此锥台形的下滚道中圆周均布依次放置下圆锥滚柱（下滚锥）和框形下隔离块，该上圆锥滚柱和下圆锥滚柱的锥角均相应可为0.1o—10.00o，使用时，此上、下圆锥滚柱大小端的线速度不一样，并与所转过的距离相适应，有效地减少了圆锥滚柱（滚锥）和圆锥滚道的磨损，延长了回转支承的使用寿命。
46. 102350611 回转支承齿圈圆度的检测校正装置
CN
15.02.2012
B23P 6/00 Loading...
B23P 6/00
Loading...
201110173343.4
马鞍山方圆回转支承股份有限公司
李伟
B23P 6/00
Loading...
本发明是一种回转支承齿圈圆度的检测校正装置，属于校正检测装置,其特征是该检测校正装置主要由主机架、左、右导轨垫板、左、右直线导轨副、左、右滚轮传动装置、左滚轮上下移动装置、右滚轮上下移动装置、左上支撑滚轮、右上支撑滚轮和热校、冷却装置组成，该主机架又是主要由主板、左主支撑、右主支撑、斜撑和底座组成的钢结构件，主板为向后倾斜的斜板，在主板上固定安装左、右导轨垫板，在左、右导轨垫板和左、右主支撑上分别对应安装左右直线导轨副、左右滚轮传动装置和左右滚轮上下移动装置，在主板的上端部安装左、右上支撑滚轮，齿圈置于左、右主滚轮和左、右上支撑滚轮上，齿圈旋转进行圆度检测和热校正，精度和效率高。
47. 102305244 回转支承滚珠带式定位保持架
CN
04.01.2012
F16C 33/38 Loading...
F16C 33/38
Loading...
201110258494.X
马鞍山方圆回转支承股份有限公司
刘扬
F16C 33/38
Loading...
本发明是一种回转支承滚珠带式定位保持架，属于回转支承，其特征是该带式定位保持架主要由带体、滚珠座孔和上圆弧形凸台、下圆弧形凸台组成，该带体是截面为扁长方形的长带，在带体的左端部带有燕尾形接头，在带体的右端部对应开设燕尾槽，此燕尾形接头与燕尾槽对应嵌接而合成一个整圆，作为各滚珠的保持架体，在带体的前后表面的上部和下部以带体的长度方向的中心线为准，自左至右均布间隔地分别带有与带体制成一体的上圆弧形凸台和下圆弧形凸台，在带体及其前后表面上的各组上圆弧形凸台和下圆弧形凸台上开设球面孔，成为滚珠座孔，在各滚珠座孔中分别滑动安装滚珠，使回转支承的性能大幅度提高，使用寿命长，使用领域广。
48. 102294625 Screw tap grinding device
CN
28.12.2011
B23P 9/00 Loading...
B23P 9/00
Loading...
201110258411.7
Maanshan Fangyuan Slewing Ring Co., Ltd.
Dai Yongfen
B23P 9/00
Loading...
The invention discloses a screw tap grinding device, and belongs to an auxiliary device of a machine tool. The screw tap grinding device is characterized by mainly consisting of a fixed bottom plate, a screw tap moving device, a screw tap jacking and clamping device and a screw tap supporting and guiding device, wherein the fixed bottom plate is fixed on a workbench of a grinding machine through T-shaped bolts; the screw tap moving device mainly consists of a sliding bottom plate, a rear fixed baffle plate, a front adjustable baffle plate, a gear, a rack, a gear shaft, a gear shaft seat and a hand wheel; the screw tap jacking and clamping device mainly consists of a fixed center seat, a fixed center, a locking bolt, a movable center seat, a movable center, a compression spring, a pushing screw hole plate and a pushing bolt; and the screw tap supporting and guiding device mainly consists of a seat plate, a sleeve, a jacking spring, a supporting rod and a locking screw. In use, the screw tap grinding device is fixedly arranged on the workbench of the grinding machine, a flat template on the supporting rod is in full contact with two sides of a screw tap slot, a screw tap to be ground reciprocates relative to a butterfly grinding wheel, and the screw tap is recycled, so that the production cost is reduced.
49. 102259202 Machining device for pivoting support holes
CN
30.11.2011
B23B 41/00 Loading...
B23B 41/00
Loading...
201110198419.9
Maanshan Fangyuan Slewing Ring Co., Ltd.
Hang Zhenhong
B23B 41/00
Loading...
The invention relates to a machining device for pivoting support holes. The machining device is characterized by comprising a main workbench, a machine base, a pivoting device and riding wheel devices, wherein the main workbench is formed by welding an upper annular flange I, a lower annular flange I, a seat ring I and a rib plate I; the machine base comprises an upper annular flange II, a lower annular flange II, a seat ring II and a rib plate II; a pivoting support is arranged between the lower annular flange I and the upper annular flange II, namely the pivoting support is arranged on the machine base and the main workbench is arranged on the pivoting support; a speed reduction motor is arranged on the right side wall of the seat ring II by forming a hole on the right side wall; a pinion is arranged on an output shaft of the speed reduction motor, so that the pinion is correspondingly meshed with a gear ring of the pivoting support; and the riding wheel devices are arranged on the circumference of the position corresponding to the annular support surface on the bottom surface of the upper annular flange I uniformly on a working platform of a radial drill and the concrete foundation of the radial drill. By the machining device, all holes can be machined by one-time clamping, so the efficiency, quality and safety are high.
50. 202031976 三排球式回转支承
CN
09.11.2011
F16C 19/18 Loading...
F16C 19/18
Loading...
201120101860.6
马鞍山方圆回转支承股份有限公司
王汉东
F16C 19/18
Loading...
本实用新型是一种三排球式回转支承，属回转支承，其特征是：在外圈的内圆周面和内圈的外圆周面之间，由上至下均布且对称地开设横截面均为圆形的上、中、下滚道，在外圈的右部分别径向开设同直径的上、中、下堵塞孔并分别滑动配合安装圆柱形堵塞，在外圈的右部和此上、中、下堵塞上自上至下开设同一个圆锥形通孔，在此圆锥形通孔中配装同锥度的圆锥销，将上、中、下堵塞固定在外圈上，回转支承的外圈与内圈通过三排钢球相互承托并作相对转动，大大提高了回转支承的承载能力，达到回转支承在尺寸相对固定的前提下满足主机高性能高载荷要求的目的。
51. 202031993 回转支承的新型堵塞
CN
09.11.2011
F16C 33/30 Loading...
F16C 33/30
Loading...
201120101858.9
马鞍山方圆回转支承股份有限公司
王汉东
F16C 33/30
Loading...
本实用新型是一种回转支承的新型堵塞，属回转支承，其特征是：该堵塞呈圆柱体，该堵塞的右端开设有内凹的且半径与钢球半径相同的圆弧面，该堵塞的左端带有上置的矩形的定位板，且此定位板的右侧面为与外圈的外圆周面相贴合的圆弧面，在定位板上开设径向的沉头通孔，安装时，在回转支承外圈的外圆周面上对应于各沉头通孔的部位分别开设螺纹盲孔，在各定位板上的沉头通孔中安装连接螺栓并拧进各螺纹盲孔中，将堵塞固定在外圈上，装配方便，容易加工，能有效地减少回转支承的径向尺寸，进一步拓展回转支承应用领域。
52. 202031981 交叉滚柱和球复合式回转支承
CN
09.11.2011
F16C 19/49 Loading...
F16C 19/49
Loading...
201120101859.3
马鞍山方圆回转支承股份有限公司
王汉东
F16C 19/49
Loading...
本实用新型是一种交叉滚柱和球复合式回转支承，属回转支承,其特征是在外圈的内圆周面和内圈的外圆周面之间间隔地分别开设上滚道和下滚道，此上滚道为滚柱滚道，在此上滚道中均布地依次安装滚柱和滚柱的隔离块，该下滚道为球滚道，在此下滚道中依次安装钢球和钢球的隔离块，在外圈的右部分别径向开设上、下堵塞孔并分别滑动配合安装圆柱形堵塞，在外圈的右部和此上、下堵塞上开设圆锥形通孔并配装同锥度的圆锥销，将上、下堵塞固定在外圈上，回转支承的外圈与内圈通过滚柱、钢球相互承托并作相对转动，大大提高了回转支承的承载能力，满足主机高性能高载荷的要求。
53. 202031977 回转支承内圈的上下圈接合部密封装置
CN
09.11.2011
F16C 19/36 Loading...
F16C 19/36
Loading...
201120101857.4
马鞍山方圆回转支承股份有限公司
曹国兰
F16C 19/36
Loading...
本实用新型是一种回转支承内圈的上下圈接合部密封装置，属回转支承，其特征是在回转支承内上圈的底部开设环形密封槽，在此环形密封槽中安装密封圈，该密封圈可为O形密封圈，然后安装内下圈，再在连接孔中安装连接螺栓将内上圈和内下圈固定，有效地防止润滑油脂从接合部的泄漏，获得良好的密封性。
54. 202031975 回转支承堵塞的径向固定装置
CN
09.11.2011
F16C 19/16 Loading...
F16C 19/16
Loading...
201120101856.X
马鞍山方圆回转支承股份有限公司
王汉东
F16C 19/16
Loading...
本实用新型是一种回转支承堵塞的径向固定装置，属回转支承，其特征是：在堵塞和外圈上以堵塞与外圈外周面的交界线为中心线（即以堵塞孔的外端边为中心线），圆周均布地开设螺纹盲孔，且以在堵塞和外圈上以堵塞与外圈外周面的交界线为中心线成十字形地开设四个螺纹盲孔为佳，在各螺纹盲孔中分别旋装内六角紧定螺栓，将堵塞牢牢地固定在回转支承的外圈上，使回转支承内、外圈的径向壁厚可相应减薄，有效地减少回转支承的径向尺寸。
55. 201619776 回转支承的运输包装装置
CN
03.11.2010
B65D 61/00 Loading...
B65D 61/00
Loading...
201020113444.3
马鞍山方圆回转支承股份有限公司
葛怀伟
B65D 61/00
Loading...
本实用新型是一种回转支承的运输包装装置，属包装装置，其特征是该运输包装装置主要由底座、盖板、压板和双头长螺杆组成，底座为在三根间隔均布的呈前后向设置的横梁上间隔地安装呈左、右向设置的四根纵梁，中间的二根纵梁用来承托回转支承，各横梁与各纵梁之间可采用钢钉固定，在中间的二根纵梁上均对称地均开设左右连接通孔，盖板为正方形板，在正方形板上开设与底座上的二根中间纵梁上的连接通孔相对应的上通孔，在二根长条形的压板上分别开设与盖板上的上通孔相对应的沉头通孔，在压板上的各沉头通孔、盖板上的各上通孔和底座上的二根纵梁上的连接通孔中对应穿装双头长螺杆，并在各双头长螺杆的两端均旋装螺母以连接，既便于运输，又安全紧凑，包装成本低。
56. 201619973 双排球式回转支承
CN
03.11.2010
B66C 23/84 Loading...
B66C 23/84
Loading...
201020103447.9
马鞍山方圆回转支承股份有限公司
王亨雷
B66C 23/84
Loading...
本实用新型是一种双排球式回转支承，属回转支承，其特征是在内圈与外圈之间设置中圈，在中圈的内周和外周上分别加工横截面为半圆形的内滚道和外滚道，在内圈的外滚道和中圈的内滚道之间安装一组钢球，在中圈的外滚道和外圈的内滚道之间也安装一组钢球；在中圈的内周和外周上位于内圈、外圈的上平面的上方分别开设有矩形环槽并安装滚道密封圈，而在外圈的内周和内圈的外周上位于中圈的下平面的下方分别开设有矩形环槽并安装滚道密封圈，以保护滚道不受污染，在中圈上圆周均布加工安装螺栓孔，中圈通过螺栓固定在上车上，而内圈和外圈都通过螺栓固定在汽车起重机的底盘上，不增加回转支承的总高度，却使其承载能力提高约一倍，设计合理，使用安全可靠。
57. 201618892 重型齿轮倒角机
CN
03.11.2010
B23F 19/12 Loading...
B23F 19/12
Loading...
201020113431.6
马鞍山方圆回转支承股份有限公司
李众
B23F 19/12
Loading...
本实用新型是一种重型齿轮倒角机，属齿轮加工装置，其特征是：在机座的圆筒体的顶部焊装环形上法兰板，在环形上法兰板上圆周均布开设通孔I用螺栓固定安装内齿式回转支承的外圈，在机座的圆筒内腔的上部安装连接板，在此连接板的左侧开孔并在其底部用螺栓安装减速电机，在减速电机的输出轴上安装小齿轮，并使小齿轮与内圈上的内齿圈相啮合，在内齿式回转支承的内圈的上平面上用圆周均布的螺栓固定安装工作平台，该工作平台的环形底板与内齿式回转支承的内圈相连接，在环形法兰平台上用螺栓安装卡盘以夹紧待加工的重、大型齿轮作同步传动，重型齿轮倒角机承载能力高，工作平稳，安全可靠，使用寿命长。
58. 201618989 超薄环形件的加工夹具
CN
03.11.2010
B23Q 3/12 Loading...
B23Q 3/12
Loading...
201020113453.2
马鞍山方圆回转支承股份有限公司
李众
B23Q 3/12
Loading...
本实用新型是一种超薄环形件的加工夹具，属工装夹具，其特征是：该夹具为上段与下段呈台阶式的环形件，上段为基准环，下段是被夹紧环，上段的内周和外周与下段的内周和外周之间均对应带有台阶式止口，夹具上段的内径比下段的内径大，而上段的外径比下段的外径小；在夹具的上段的端面上圆周均布开设竖向的连接螺孔，并使各连接螺孔的分度圆的半径与待加工的超薄环形件上的各安装螺孔的分度圆的半径相等，同时，连接螺孔的数量和直径均与待加工的超薄环形件上的安装螺孔的数量和直径对应相等，使超薄环形件国产化，代替进口件，大幅度降低成本，满足用户的需求。
59. 201618894 回转支承内齿插齿用夹具
CN
03.11.2010
B23F 23/06 Loading...
B23F 23/06
Loading...
201020113434.X
马鞍山方圆回转支承股份有限公司
王汉东
B23F 23/06
Loading...
本实用新型是一种回转支承内齿插齿用夹具，其特征是：该回转支承内齿插齿用夹具主要由胎架、压板、垫板和调节螺栓组成，胎架为铸铁件，呈直角形，由成直角的立板和右伸的水平底板组成，在水平底板上开设长圆形孔，在立板的右侧面中部开设主台阶止口，而在立板的顶端段上开设左右向的上T形槽，在立板的顶端面上放置垫板，在垫板上放置压板，在压板的中部开设上长圆形孔，在压板底面的右侧开设上台阶止口，在立板上的上T形槽中滑动安装上T形螺栓并使此上T形螺栓穿过压板上的长圆形孔后旋装螺母；在胎架的立板上位于主台阶止口立面的部位均布开设左右向的螺孔并在各螺孔中对应旋装调节螺栓；一次性加工两件回转支承的内齿，加工周期短，生产效率高。
60. 201615829 风电转盘轴承实验台加载盖移动装拆装置
CN
27.10.2010
G01M 13/04 Loading...
G01M 13/04
Loading...
201020022306.4
南京工业大学
王华
G01M 13/04
Loading...
一种风电转盘轴承实验台加载盖移动装拆装置，其特征是它主要由支架(1)、轨道(2)、轨道轮(3)、轨道轮架(4)、油缸杆(5)和加载盖支撑油缸(6)组成，所述轨道(2)安装在支架(1)上，风电转盘轴承实验台的加载盖(7)底端设有加载盖支撑油缸(6)，加载盖支撑油缸(6)的油缸杆(5)连接轨道轮架(4)，轨道轮架(4)上设有轨道轮(3)，轨道轮(3)设置在轨道(2)上。本实用新型的风电转盘轴承实验台加载盖移动装拆装置，利用油缸在加载盖上设置升降机构，整体结构简单，造价低廉，易于控制，能够很好完成加载盖的装拆作业，且可以适用于体积和重量较大的加载盖，对于提高实验效率，降低实验成本有着十分显著的贡献。
61. 101774111 Processing method of ultra-thin annular pieces
CN
14.07.2010
B23P 15/00 Loading...
B23P 15/00
Loading...
201010109754.2
Maanshan Fangyuan Slewing Ring Co., Ltd.
Bao Zhiguo
B23P 15/00
Loading...
The invention relates to a processing method of ultra-thin annular pieces. The method comprises the following process flows of: (1) cutting a blank; (2) roughly turning; (3) drilling; (4) dividing single pieces; (5) manufacturing a tool clamp; (6) combining and fine turning; and (7) turning or grinding planes. 4-10 ultra-thin annular pieces are combined together, and meanwhile, steel plate flames are used for cutting and integrally blanking so as to improve the rigidity and ensure that no deformation occurs in the processing process. Semi-finished ultra-thin annular piece products to be processed, which are cut and blanked into single pieces, need to be combined together with the tool clamp, wherein the tool clamp is an annular piece with inner and outer steps between an upper section and a lower section. The circumference on the upper end surface of the tool clamp is uniformly provided with threaded holes according to the mounting hole sizes of the ultra-thin annular pieces, and then the single semi-finished products of the ultra-thin annular pieces to be processed are combined with the tool clamp into a whole by using bolts so as to enhance the rigidity of the semi-finished ultra-thin annular piece products, guarantee non-deformation during processing in subsequent working procedures, realize the localization of the ultra-thin annular pieces to replace imported pieces, greatly reduce the cost and meet the requirement of users.
62. 101750177 Assembly test table of pivoting support of windmill generator
CN
23.06.2010
G01L 5/00 Loading...
G01L 5/00
Loading...
200910251609.5
Maanshan Fangyuan Slewing Ring Co., Ltd.
Dai Kefang
G01L 5/00
Loading...
The invention relates to an assembly test table of a pivoting support of a windmill generator, belonging to test equipment, which is characterized by mainly comprising a base, a reducer, a cylinder, a pinion, the pivoting support, a cross slider, a test workbench, a cavity stand column, a cushion block, a sliding sleeve, a bracket, a measuring arm, a moment sensor and a computer, wherein the upper platform of the hollow base is provided with an external gear type pivoting support; the left side part of the upper platform is provided with the reducer to drive the external ring of the gear type pivoting support; the upper plane of the external ring is provided with the test workbench; the cylinder is arranged on the bottom surface of the upper platform; the cavity stand column is arranged on the upper surface of the upper platform; the cross slider is arranged on the piston rod of the cylinder in a rotating manner; the left side and the right side of the slider are respectively provided with a support shaft in a rotary manner; the sliding sleeve is arranged on the cavity stand column in a sliding manner and supports on the support shaft; the upper end section of the sliding sleeve is welded with a rectangular bracket; and the top end of the cavity stand column is provided with the moment sensor which is provided with the measuring arm and is connected with the computer, thus having convenient operation and high test precision.
63. 201501751 重载荷大型回转支承
CN
09.06.2010
B66C 23/84 Loading...
B66C 23/84
Loading...
200920187940.0
马鞍山方圆回转支承股份有限公司
王汉东
B66C 23/84
Loading...
本实用新型是一种重载荷大型回转支承，属回转支承，其特征是：外圈分成上外圈和下外圈，在上外圈的内周壁上由下至上依次开设二段内台阶式环形段，而在下外圈的内周壁上由上至下依次开设三段内台阶式环形段，上、下外圈对应嵌装成一体，并旋装螺栓将上、下外圈紧固连接；将内圈的中部外周壁车削成环形凸圈段，在内圈和外圈之间安装三排滚柱作为滚动体，在下外圈与起重机下机身法兰盘之间开设第四道滚道，在第四道滚道中均布安装钢球作为滚动体，在上外圈内壁的上端部和在内圈的上表面以及在内圈的外周壁的下端段上分别开设环形密封槽，并对应安装密封条，使用安全可靠，承载能力大，节约安装空间，减轻工人劳动强度，降低生产成本。
64. 201502699 回转支承堵塞的密封装置
CN
09.06.2010
F16J 15/02 Loading...
F16J 15/02
Loading...
200920187938.3
马鞍山方圆回转支承股份有限公司
柏余发
F16J 15/02
Loading...
本实用新型是一种回转支承堵塞的密封装置，属回转支承，其特征是在堵塞上位于锥形通孔的两侧对称地开设左、右密封环槽，在此左、右密封环槽中均安装O形密封圈，然后将装有O形密封圈的堵塞装入钢球安装孔中并用锥销固定定位，有效地防止润滑油脂的泄漏，获得良好的密封性。
65. 201496399 外齿传动哈呋式回转支承
CN
02.06.2010
F16C 19/00 Loading...
F16C 19/00
Loading...
200920187942.X
马鞍山方圆回转支承股份有限公司
王汉东
F16C 19/00
Loading...
本实用新型是一种外齿传动哈呋式回转支承，属回转支承，其特征是在左下半环座圈和右下半环座圈的外周上分别均布设置齿，以形成与左下半环座圈和右下半环座圈均一体的剖分式的外齿圈，该外齿圈与主动小齿轮啮合传动，从而改善了传动结构，节省了装配空间。
66. 201496398 卸船机用三点接触钢丝滚道式回转支承
CN
02.06.2010
F16C 19/00 Loading...
F16C 19/00
Loading...
200920187939.8
马鞍山方圆回转支承股份有限公司
王汉东
F16C 19/00
Loading...
本实用新型是一种卸船机用三点接触钢丝滚道式回转支承，属回转支承，其特征是：将外圈按滚道的水平中心线为基准分成上外圈和下外圈，下外圈的上部对应螺纹旋进上外圈的下部，二者之间的各沉头螺孔中旋装螺栓而连接，以滚道的水平中心线为基准，在内圈的外滚道上开设一环形内圆弧凹槽，在外圈的内滚道上开设两道互成120°夹角的上、下环形内圆弧凹槽，在各环形内圆弧凹槽中均嵌装钢丝并形成钢丝圈，并使各钢丝的局部均外凸于环形内圆弧凹槽，并在各钢丝的外凸部均开设环形圆弧副滚道，钢珠通过与嵌在滚道内的三根钢丝之间的滚动来实现内、外圈之间的相对转动，内、外圈分别用高强度螺栓与卸船机的支架连接，承载力均匀，低摩擦、低噪音、低温升、高转速。
67. 201492430 医疗CT机用钢丝滚道式回转支承
CN
02.06.2010
A61B 6/03 Loading...
A61B 6/03
Loading...
200920187941.5
马鞍山方圆回转支承股份有限公司
王汉东
A61B 6/03
Loading...
本实用新型是一种医疗CT机用钢丝滚道式回转支承，属回转支承，其特征是以滚道的径向中心线为剖分面，将外圈分成台阶式的上外圈和下外圈，上外圈采用螺纹连接旋入下外圈中，径向旋装紧定螺栓而固定；以滚道的径向中心线为基准，在内圈上的外滚道上和外圈上的内滚道上均对称开设夹角为90°～120°的上下两道环形内圆弧凹槽，在此上下两道环形内凹槽中分别对应嵌装钢丝形成闭环钢丝圈，接头焊接，各钢丝的局部均外凸于环形内凹槽，在各钢丝的外凸部开设环形圆弧副滚道，供钢球承托滚动，四道钢丝圈组成了钢球的主滚道，还在外圈的内壁的上部和下部分别开设环形密封槽，并在环形密封槽中安装密封圈，装配及维修方便，运转平稳，高转速、低噪音。
68. 101700857 Heavy-load large-size pivoting support
CN
05.05.2010
B66C 23/84 Loading...
B66C 23/84
Loading...
200910185191.2
Maanshan Fangyuan Slewing Ring Co., Ltd.
Bai Yufa
B66C 23/84
Loading...
The invention relates to a heavy-load large-size pivoting support which belongs to pivoting supports. The heavy-load large-size pivoting support is characterized in that the outer ring is divided into an upper outer ring and a lower outer ring; the inner peripheral wall of the upper outer ring is orderly provided with two inward-staircase-type annular sections from bottom to top; the inner peripheral wall of the lower outer ring is orderly provided with three inward-staircase-type annular sections from top to bottom; the upper outer ring and the lower outer ring are embedded to each other to form an integral body and fastened to each other by screw bolts through a spin-on manner; the middle outer peripheral wall of the inner ring is lathed into an annular convex ring section; three rows of rollers are installed between the inner ring and the outer ring as rolling bodies; a fourth rollaway nest is arranged between the lower outer ring and a flange on the lower frame of a crane; steel balls are evenly distributed in the fourth rollaway nest as rolling bodies; and the upper end part of the inner wall of the upper outer ring, the upper surface of the inner ring and the lower end section of the outer peripheral wall of the inner ring are respectively provided with an annular sealing groove, and sealing strips are installed correspondingly. The invention has the advantages of safety and reliability for use and high bearing capacity, saves the installation space and reduces the labor intensity for workers and the production cost.
69. 201281080 可换齿轮式回转支承
CN
29.07.2009
F16C 19/16 Loading...
F16C 19/16
Loading...
200820161855.2
马鞍山方圆回转支承股份有限公司
钱森力
F16C 19/16
Loading...
本实用新型是一种可换齿轮式回转支承，属回转支承，其特征是在外圈的外周面上或在内圈的内周面上设置横截面呈矩形的环形凸台，对应于环形凸台，在外圈的外周上嵌装开设有矩形内环槽的分段的外齿环或在内圈的内周上嵌装开设有矩形外环槽的分段的内齿环；在外齿环或内齿环的上、下两侧的环形外凸边上均布钻孔，在外圈的外周上或在内圈的内周上对应开设螺纹孔，旋装紧固螺栓将各段外齿环或内齿环对应安装在外圈上或内圈上；在各段外齿环和外圈的结合面或在各段内齿环和内圈的结合面上，分别竖向开设销孔或键槽，对应安装定位销或定位键以进行周向定位；当回转支承的轮齿失效时，可以只更换外齿环或内齿环，工作量大大减少，降低成本，省工省时。
70. 201269256 蜗轮传动式回转支承
CN
08.07.2009
F16C 19/00 Loading...
F16C 19/00
Loading...
200820185383.4
马鞍山方圆回转支承股份有限公司
王亨雷
F16C 19/00
Loading...
本实用新型是一种蜗轮传动式回转支承，属回转支承，包括外圈、内圈、滚动体和滚道密封圈，在内圈上加工有滚道、螺纹孔和密封槽，在外圈上加工有滚道、螺纹孔、密封槽，内、外圈通过各种滚动体装配在一起，并在密封槽中安装滚道密封圈以保护滚动副不受外部环境污染；其特征是在外圈的外周上制出蜗轮，在外圈的位于蜗轮上侧的外周上对应开设上密封环槽并在上密封环槽中安装蜗轮副密封圈，以保护蜗轮蜗杆运动副不受外部环境的污染，使用时，外圈上的蜗轮与另设的蜗杆对应装配以形成蜗轮蜗杆传动副，这样，回转机构具备更大的传动比和自锁能力且结构紧凑。
71. 201224436 重型拖车用双L形回转支承
CN
22.04.2009
B62D 53/04 Loading...
B62D 53/04
Loading...
200820035968.8
马鞍山方圆回转支承股份有限公司
王汉东
B62D 53/04
Loading...
本实用新型是一种重型拖车用双L形回转支承，属回转支承，其特征是上圈为外形呈形的环件，上圈的上部为圆盘环体而下部为圆柱环体，在上圈的圆柱环体中部的外圆周面上开设半径大于钢球半径的偏心半圆弧外滚道，在上圈的圆柱环体的外周配装呈形环件的下圈，下圈的下部为圆盘环体而上部为上粗下细的台阶圆柱环体，位于台阶圆柱环体粗段的中部，在下圈的内环面上开设偏心半圆弧内滚道，偏心半圆弧外滚道和偏心半圆弧内滚道同半径形成钢球滚道，从堵塞孔中依次向滚道中装入钢球和隔离块，用堵塞堵住堵塞孔，安装圆锥销以锁定堵塞，本回转支承能承受足够的轴向力，径向力和倾覆力矩，能抗疲劳承载及360°回转，使用安全可靠，易于安装和拆卸。
72. 201202733 双列球式回转支承
CN
04.03.2009
F16C 19/18 Loading...
F16C 19/18
Loading...
200820035969.2
马鞍山方圆回转支承股份有限公司
王汉东
F16C 19/18
Loading...
本实用新型是一种双列球式回转支承，属回转支承，其特征是在外圈的内环面上上下对称间隔开设偏心半圆弧上内滚道和偏心半圆弧下内滚道，在外圈的内环孔中配装内圈，在内圈的外环面上上下对应间隔开设偏心半圆弧上外滚道和偏心半圆弧下外滚道，内圈上的偏心半圆弧上外滚道和偏心半圆弧下外滚道与外圈上的偏心半圆弧上内滚道和偏心半圆弧下内滚道之间分别对应形成完整的上、下钢球滚道；从上堵塞孔和下堵塞孔中分别依次向各滚道中装入钢球和隔离块，用堵塞堵住上堵塞孔和下堵塞孔，安装圆锥销以锁定堵塞，使工程机械尤其是汽车起重机的回转支承具备足够的轴向力、径向力和倾覆力矩，大幅度提承载能力，易于安装和拆卸，使用安全可靠寿命长。
73. 201198867 灌装机用双回转式回转支承
CN
25.02.2009
F16C 19/54 Loading...
F16C 19/54
Loading...
200820035970.5
马鞍山方圆回转支承股份有限公司
王汉东
F16C 19/54
Loading...
本实用新型是一种灌装机用双回转式回转支承，属回转支承，其特征是外圈为带外齿圈的环形件，在外圈的内环孔中配装中圈，中圈为带内、外台阶的环形件，在中圈的上段内环孔中配装内圈，内圈为带内齿圈的环形体，在外圈和中圈之间以及在中圈和内圈之间分别对应开设圆弧半径大于钢球半径的偏心半圆弧上、下滚道以对应组成完整的钢球上滚道和钢球下滚道，从上堵塞孔和下堵塞孔中分别依次向各滚道中装入钢球和隔离块，用堵塞堵住上堵塞孔和下堵塞孔，安装圆锥销以锁定堵塞，使灌装机的回转支承具备足够的轴向力、径向力和倾覆力矩，具备双回转的回转功能，能抗疲劳承载，易于安装和拆卸，使用安全可靠寿命长。
74. 101135552 Large diameter pivoting support rollaway nest diameter measurement lever comparison device
CN
05.03.2008
G01B 11/02 Loading...
G01B 11/02
Loading...
200710130924.3
Anhui University of Technology
Yu Xiaoliu
G01B 11/02
Loading...
The apparatus comprises: a machine foundation, a step motor, a leading screw nut, a fixed stopper, a grating, a movable stopper, a V-shaped block, a guide rail, a display and a controller. The measuring stick comprises an outer roller track measuring stick and a inner roller track measuring stick; the inner side of the steal ball on the measuring stick touches the outer side of the fixed stopper and movable stopper; when the calibration return supports the outer roller track measuring stick, the outside of the steal ball touches the inner side of the fixed stopper and movable stopper.
75. 1740582 Hafford rotary bearing
CN
01.03.2006
F16C 19/00 Loading...
F16C 19/00
Loading...
200410041795.7
Ma'anshan Fangyuan Revolution Bearing Co., Ltd.
Qian Senli
F16C 19/00
Loading...
The present invention belongs to the field of bearing parts, and is especially rotary bearing part. The Hafford rotary bearing includes seat ring I, seat ring II, rolling way between the seat ring I and the seat ring II with rolling elements, and features that each of the seat ring I and the seat ring II consists of two semi-rings assembled in diameter direction and in the same structure. Two seat rings are connected separately onto two parts rotating in opposite direction, and each of these two seat rings has at least one independent closed semi-circular rolling way with rolling elements rolling circularly inside it. After assembling, two semi-rings constitute one complete seat ring, and rolling elements inside two semi-ring rolling ways roll in individual rolling way, so as to drive the seat ring I and the seat ring II to rotate oppositely. The present invention has the advantages of being light, small, convenient in assembling and disassembling, etc.
76. 2747402 哈呋式回转支承
CN
21.12.2005
F16C 19/50 Loading...
F16C 19/50
Loading...
200420079004.5
马鞍山方圆回转支承有限责任公司
钱森力
F16C 19/50
Loading...
本实用新型属支承件，尤其涉及回转支承，I座圈和II座圈之间设置滚动体滚动的滚道，滚动体装在滚道内，其特点是I座圈和II座圈是由两个沿直径方向分开的、构造相同的座圈半环拼接而成，分别连接在主机的两个作相对旋转运动的部件上；每个座圈至少设置一条独立闭合的半圆形滚道，滚动体装入滚道内，可以沿滚道循环滚动，拼接后两个座圈半环构成圆形座圈，而两个座圈半环滚道内的滚动体沿着各自的滚道循环滚动，从而带动I座圈与II座圈作相对旋转运动。回转支承单体重量轻、体积小，便于运输、安装与拆卸，节省装卸时耗费的人力、物力，缩短工时，有利于提高机械作业率；增大回转支承的承载能力，有利于主机安全稳定运行。

