1. 104500167 机油自动冷却装置
CN
25.01.2017
F01M 5/00 Loading...
F01M 5/00
Loading...
102014000789811
阿尔特汽车技术股份有限公司
聂琨力
F01M 5/00
Loading...
本发明涉及一种机油自动冷却装置，包括机油底壳，所述机油底壳的外侧壁上集成有机油温度传感器、机油滤清器和旁通阀；机油底壳的底壁上设置有机油冷却器腔室，机油冷却腔室内安装有机油冷却器芯，机油冷却腔室的壁上设置有机油冷却器进油道和回油道；机油滤清器上设置有机油冷却器进油管和机油滤清器转接管，机油滤清器转接管连接有机油滤清器回油道和旁通阀，旁通阀还连接机油冷却器进油道。当机油温度低时，机油过滤后直接进入发动机主油道，当机油温度高时，机油过滤后经机油冷却器冷却后进入发动机主油道。本发明的机油自动冷却装置能够有效保证发动机在冷启动时有足够的机油进入主油道，以及良好的流动性，将发动机磨损降到最低。
2. 205869849 汽车钣金外形修复机
CN
11.01.2017
B23P 6/00 Loading...
B23P 6/00
Loading...
202016000417647
北京阿尔特汽车工程技术开发有限公司
李景民
B23P 6/00
Loading...
本实用新型涉及一种汽车钣金外形修复机，设有机架，所述机架上设有一操作平台，所述操作平台上设有电压表、开关、电流调节旋钮，所述操作平台下设有一可控硅式变压调节器，所述可控硅式变压调节器通过电流调节旋钮调节后与焊接正极把线、焊接负极地线相连接，所述焊接正极把线连接在一焊接拉杆上，所述焊接拉杆的另一端装有一三角状的焊接拉头，所述焊接拉杆上设有一环状的滑动撞块，所述机架下方装有可摆动的万向脚轮。本实用新型适用于汽车凹陷修复，具有设计科学、结构合理、操作简单、携带方便、工作效率高、修复效果好的优点。
3. 106194968 一种汽车螺栓螺母连接防松结构
CN
07.12.2016
F16B 39/22 Loading...
F16B 39/22
Loading...
102016000764061
阿尔特汽车技术股份有限公司
王雷
F16B 39/22
Loading...
本发明提供一种汽车螺栓螺母连接防松结构，属于汽车悬架连接的技术领域。本发明的汽车螺栓连接防松结构包括螺栓、支架本体、垫圈和螺母；所述螺栓具有带螺纹的螺杆，所述螺杆的端部上设置有缺口；所述垫圈上开设有与所述设置有缺口的螺杆相配合的安装孔，所述支架本体上开设有能使螺杆通过的通孔；所述螺杆依次通过所述支架本体上的通孔、垫圈上的安装孔与所述螺母紧固连接；并且所述垫圈与支架本体之间形成有嵌合防转结构。本发明的防松结构可有效防止支架内压紧的零部件(如橡胶衬套内套管)由于经常受往复转矩而引起的螺栓跟转问题。
4. 205769628 汽车尾门逃生锁盖安装结构
CN
07.12.2016
B62D 25/24 Loading...
B62D 25/24
Loading...
202015000861970
阿尔特汽车技术股份有限公司
杨宏标
B62D 25/24
Loading...
本实用新型涉及一种汽车尾门逃生锁盖安装结构，属于汽车零部件设计的技术领域。本实用新型的汽车尾门逃生锁盖安装结构，包括设置在汽车尾门上的后背门，和与所述后背门相配合的逃生锁盖；所述逃生锁盖的下部设置有可插接到所述后背门的下部边界上的插接结构；所述逃生锁盖的左侧部和右侧部分别设置有与所述后背门的左边界和右边界相配合的单边卡接结构；所述逃生锁盖的上部设置有与所述后背门的上部相配合的弹性卡接部。本实用新型的安装结构简单实用，固定结构可靠，不需要任何工具仅需要单手便可完成操作，男女老幼都可以快速打开保证快速逃生。
5. 205765829 后减震紧固和复紧装置
CN
07.12.2016
B25B 13/48 Loading...
B25B 13/48
Loading...
202015000861939
阿尔特汽车技术股份有限公司
付振学
B25B 13/48
Loading...
本实用新型涉及一种后减震紧固和复紧装置，属于汽车零件装配的技术领域。本实用新型所述的后减震紧固和复紧装置，包括套筒、第一扳手和第二扳手；所述套筒由套筒本体，和套筒本体上端的头部组成，所述套筒本体和头部之间设置有缩紧结构，而所述套筒本体上开设有操作窗口，且所述套筒本体内为空腔；所述第一扳手套设在所述缩紧结构上，所述第二扳手的一端穿过所述操作窗口设置在所述空腔内。本实用新型所述的紧固和复紧装置成本较低，且使用时不受环境影响，且可应用于非大线生产的小批量试制和返工返修的调试；能够显著降低生产调试成本，并且保证装配质量。
6. 205781592 橡胶软管弹性环箍紧固结构
CN
07.12.2016
F16L 33/10 Loading...
F16L 33/10
Loading...
202015000886001
阿尔特汽车技术股份有限公司
谢克非
F16L 33/10
Loading...
本实用新型涉及一种橡胶软管弹性环箍紧固结构，属于汽车设计和制造的技术领域。本实用新型所述的弹性环箍结构，包括具有长凹槽的第一长带，和自所述第一长带延伸形成的第二长带；所述第二长带的宽度小于所述长凹槽的宽度，所述第一长带的自由端具有第一翻边，所述第二长带的自由端具有第二翻边，并且所述第二长带靠近所述自由端处还具有限位结构。本实用新型所述的弹性环箍结构自身带有限位结构，可保持为松开最大限度状态，不影响软管装配；在装配过程中，避免了使用开口钳对环箍进行操作，就能使环箍夹紧，节省了生产时间，保证了操作安全。
7. 106143099 动力总成悬置托臂与隔振组件安装结构
CN
23.11.2016
B60K 5/12 Loading...
B60K 5/12
Loading...
102016000553165
阿尔特汽车技术股份有限公司
张海超
B60K 5/12
Loading...
本发明涉及一种动力总成悬置托臂与隔振组件安装结构，属于动力总成悬置的技术领域。本发明的动力总成悬置托臂与隔振组件安装结构包括悬置外壳体、隔振组件、防转卡销、安装螺栓和悬置托臂，所述隔振组件设置在所述悬置外壳体内；所述隔振组件包括悬置主簧和悬置内套管，并且所述悬置主簧和悬置内套管硫化为一体结构。在本发明的结构中，悬置托臂与隔振组件通过螺纹结构进行装配，若悬置托臂或隔振组件损坏，可以单独替换损坏部件，减小维修成本，增强零部件的利用率；悬置托臂与内套管通过螺纹进行装配，轴向拔脱较大，可靠性增强。
8. 106143240 副仪表板肘靠旋转轴结构
CN
23.11.2016
B60N 2/46 Loading...
B60N 2/46
Loading...
102016000654349
阿尔特汽车技术股份有限公司
张永双
B60N 2/46
Loading...
本发明涉及一种副仪表板肘靠旋转轴结构，属于汽车内部结构设计的技术领域。本发明的副仪表板肘靠旋转轴结构，包括转轴安装座、左侧转轴骨架和右侧转轴骨架；转轴安装座包括左安装板、右安装板，和水平横梁；左安装板与左侧转轴骨架通过螺栓与螺母固定在一起，左侧转轴骨架与左安装板之间设置内侧塑料片，左侧转轴骨架与螺母之间设置外侧塑料片；右安装板与右侧转轴骨架的安装结构与左安装板与左侧转轴骨架的安装结构相对应。本发明的结构在满足副仪表板肘靠旋转轴结构性能和功能的条件下，减小了占用的空间；而且可以使副仪表板肘靠前端不需要设计锁扣手结构就能实现肘靠的关闭并且肘靠可以旋转停留在任意位置，简化了结构，同时也节约成本。
9. 106088899 后行李箱盖板电动开启机构
CN
09.11.2016
E05F 15/614 Loading...
E05F 15/614
Loading...
201610654394.1
阿尔特汽车技术股份有限公司
孔庆禄
E05F 15/614
Loading...
本发明涉及一种后行李箱盖板电动开启机构，属于汽车结构设计与制造的技术领域。本发明的后行李箱盖板电动开启机构，包括第一安装固定座板、第一电机、第一铰链转轴和第一铰链；第一安装固定座板固定安装在车身安装横梁上，第一电机安装在第一安装固定座板上，第一电机的旋转轴穿过第一安装固定座板的中心轴孔，第一铰链转轴套设并固定在第一电机的旋转轴上，第一铰链的第一端固定在第一铰链转轴的端部，第一铰链的第二端固定在盖板上。
10. 106080786 汽车侧围外板A柱和翼子板配合结构
CN
09.11.2016
B62D 25/02 Loading...
B62D 25/02
Loading...
201610654646.0
阿尔特汽车技术股份有限公司
李宁
B62D 25/02
Loading...
本发明涉及一种汽车侧围外板A柱和翼子板配合结构，属于汽车结构设计与制造的技术领域。本发明的汽车侧围外板A柱和翼子板配合结构，侧围外板A柱包括平台段和与平台段连接的台阶段，平台段与所述翼子板之间存在面差d1，侧围外板A柱自翼子板的分缝位置插入到翼子板内部，并且平台段伸入到所述翼子板内部的深度为d3，d3为10mm以上，台阶段与平台段的夹角为α。本发明的配合结构降低了侧围成型难度和要求，降低了间隙面差匹配难度，提高了外板的工艺性，侧围外板A柱下端和翼子板是插入的关系，内藏在翼子板后面，Y向面差错开，结构形式具有层次感和立体感，从而也提升了车型的外观品质。
11. 106089477 新型集成排气岐管式四缸机缸盖
CN
09.11.2016
F02F 1/42 Loading...
F02F 1/42
Loading...
201610559235.3
阿尔特汽车技术股份有限公司
辛志云
F02F 1/42
Loading...
本发明涉及一种新型集成排气岐管式四缸机缸盖，属于汽车发动机的技术领域。本发明的新型集成排气岐管式四缸机缸盖，包括并排设置的具有排气喉口的缸；所述缸盖内集成有连接至所述排气喉口的排气岐管；并且所述排气岐管的出口均汇合于排气出口，所述排气出口的位置低于所述排气喉口；所述排气出口的法兰面位于第2缸和第3缸中间。本发明的新缸盖结构显著缩小了整机布置空间，使整个发动机更加紧凑；将排气口法兰面设计在第2缸和第3缸中间位置，一定程度提高排气均匀性，使气流流通更顺畅；通过优化缸盖排气侧冷却水套，可有效降低排气温度，从而有效降低机舱温度；本发明的结构主要应用在增压或自然进气的4缸机型、V8机型。
12. 205657631 车载太阳能电池发电量估算装置
CN
19.10.2016
H02S 20/32 Loading...
H02S 20/32
Loading...
201620031790.4
阿尔特汽车技术股份有限公司
黄超
H02S 20/32
Loading...
本实用新型涉及一种车载太阳能电池发电量估算装置，属于电动汽车供电的技术领域。本实用新型的车载太阳能电池发电量估算装置设有最大功率点跟随控制器MPPT、电动汽车的动力电池机构、电动汽车整车控制器VCU，其中电动汽车的动力电池机构包括动力电池组以及与动力电池组相连接的电池管理机构BMS，电动汽车整车控制器VCU经CAN总线与电池管理机构BMS相连接，最大功率点跟随器MPPT与待估算太阳能电池相连接，最大功率点跟随器MPPT的控制信号输入端与电动汽车整车控制器VCU相连接，本实用新型的装置结构合理、估算准确，能够在电池离线的情况下检测太阳能发电量，当检测到发电量足够时，再启动唤醒整车控制器和BMS。
13. 106004809 辅助电池装配工装车
CN
12.10.2016
B60S 5/06 Loading...
B60S 5/06
Loading...
102016000552762
阿尔特汽车技术股份有限公司
曹兰书
B60S 5/06
Loading...
本发明涉及一种辅助电池装配工装车，属于汽车设计与制造的技术领域。本发明的辅助电池装配工装车，包括推车组件、电池活动限位组件、电池滑动组件和电池限位组件；电池限位组件设置在车体上框架的后端，电池限位组件由固定限位垫杆，和安装在固定限位垫杆上的固定限位板构成；电池活动限位组件安装在所述车体上框架的中部，电池活动限位组件包括活动支撑轴，活动支撑轴上安装有活动支撑板，活动支撑板上设置有活动限位板；电池滑动组件包括直行滑道和下行滑道。本发明的辅助电池装配工装车可以通过半机械化操作方式减少了操作人员、提高了装配安全性，并且提升了装配质量，大大降低了成本投入并提升了装派效率。
14. 205629056 汽车零件冲压模具
CN
12.10.2016
B21D 28/14 Loading...
B21D 28/14
Loading...
201620409367.3
北京阿尔特汽车工程技术开发有限公司
李景民
B21D 28/14
Loading...
本实用新型涉及一种汽车零件冲压模具，设有上模板、下模板，其所述上模板在中央设有一模柄，所述模柄下部垫有一垫板，所述垫板下固定有一凸模固定板，所述凸模固定板内固定有一凸模，所述上模板在四个角上设有导向孔，所述导向孔内装有导套；所述下模板在与上模板对应的正中央设有一凹模安装槽，所述凹模安装槽通过定位销将凹模定位固定，所述凹模上加盖有一凹模固定板，所述凹模固定板上装有用于定位尺寸的定位尺，所述凹模固定板上还设有一卸料板。本实用新型适用于冲压模具，具有设计科学、结构合理、冲压精度高、生产效率高、使用寿命长、维修成本低的优点。
15. 205628982 双向汽车钣金吸盘
CN
12.10.2016
B21D 1/06 Loading...
B21D 1/06
Loading...
201620410893.1
北京阿尔特汽车工程技术开发有限公司
李景民
B21D 1/06
Loading...
本实用新型涉及一种双向汽车钣金吸盘，设有吸盘座，所述吸盘座为一圆形的吸盘座，所述吸盘座为一中央凹陷的吸盘座，所述吸盘座内镶嵌有一橡胶吸盘，所述吸盘座背面固定有一固定螺栓，所述固定螺栓上装有纵向的拉环和横向的吊环，所述橡胶吸盘为一圆形的中央凹陷的橡胶件，所述吊环为一耳廓形中空吊环，所述吊环前端设有一带固定孔固定柄，所述拉环上设有与固定螺栓相配套的固定螺母。本实用新型适用于汽车钣金定位固定，具有设计科学、结构合理、成本低廉、操作简单、定位准确的优点。
16. 205630393 双向固定汽车钣金固定钳
CN
12.10.2016
B25B 11/00 Loading...
B25B 11/00
Loading...
201620409368.8
北京阿尔特汽车工程技术开发有限公司
李景民
B25B 11/00
Loading...
本实用新型涉及一种双向固定汽车钣金固定钳，设有固定钳夹持本体，所述固定钳夹持本体分为上夹持体、下夹持体，所述上夹持体、下夹持体在一端固定在一个牵引杆上，所述牵引杆上设有水平牵引环，所述上夹持体、下夹持体在另一端分别设有上夹持部、下夹持部，所述上夹持部设有向下的夹持牙面，所述下夹持部设有向上的夹持牙面，所述上夹持体、下夹持体在中部设有一螺栓固定孔，所述螺栓固定孔内装有固定螺栓，所述上夹持体在上夹持部上设有一斜向牵引环。本实用新型适用于汽车钣金定位固定，具有设计科学、结构合理、成本低廉、操作简单、定位准确的优点。
17. 205628984 汽车钣金牵引杠
CN
12.10.2016
B21D 1/12 Loading...
B21D 1/12
Loading...
201620411472.0
北京阿尔特汽车工程技术开发有限公司
李景民
B21D 1/12
Loading...
本实用新型涉及一种汽车钣金牵引杠，设有牵引杠体，所述牵引杠体为一中空的管状体，所述牵引杠体顶端装有一圆形的吸盘座，所述吸盘座为一中央凹陷的吸盘座，所述吸盘座内镶嵌有一橡胶吸盘，所述牵引杠体上装有一可滑动的滑套块，所述牵引杠体末端装有一固定盘，所述固定盘上装有一操作手柄，所述牵引杠外设有接气线管端口，所述滑套块上装有橡胶护套。本实用新型适用于汽车钣金定位固定，具有设计科学、结构合理、成本低廉、操作简单、定位准确的优点。
18. 205629781 单向固定汽车钣金固定钳
CN
12.10.2016
B23K 37/04 Loading...
B23K 37/04
Loading...
201620411430.7
北京阿尔特汽车工程技术开发有限公司
李景民
B23K 37/04
Loading...
本实用新型涉及一种单向固定汽车钣金固定钳，设有固定钳夹持本体，所述固定钳夹持本体分为上夹持体、下夹持体，所述上夹持体、下夹持体均分为钳口部分、钳柄部分，所述钳口部分为一“U”形的钳口，所述上夹持体、下夹持体在钳柄部分固定在一个牵引杆上，所述牵引杆上设有水平牵引环，所述上夹持体、下夹持体在钳口部分分别设有上钳口、下钳口，所述上钳口设有向下的夹持牙面，所述下钳口设有向上的夹持牙面，所述上夹持体、下夹持体在钳口部分设有一螺栓固定孔，所述螺栓固定孔内装有固定螺栓。本实用新型适用于汽车钣金定位固定，具有设计科学、结构合理、成本低廉、操作简单、定位准确的优点。
19. 205632192 座椅防潜梁
CN
12.10.2016
B60N 2/42 Loading...
B60N 2/42
Loading...
201520861810.6
阿尔特汽车技术股份有限公司
周志龙
B60N 2/42
Loading...
本实用新型涉及一种座椅防潜梁，属于汽车零件装配的技术领域。本实用新型所述的座椅防潜梁，由防潜梁本体、左安装板、右安装板和两个支撑板组成；所述两个支撑板焊接在防潜梁本体内；所述左安装板和右安装板分别安装在所述防潜梁本体的左端和右端，并分别通过翻边焊接在所述防潜梁本体上。本实用新型的防潜结构，不仅能够满足座椅的防潜性能，可以避免乘员因汽车突然制动而向前移动脱离安全带而造成伤害的风险；还能降低车身的重量，提高座椅的乘坐舒适性。
20. 205632669 车身环状加强结构
CN
12.10.2016
B62D 25/00 Loading...
B62D 25/00
Loading...
201520861858.7
阿尔特汽车技术股份有限公司
王鹏鹏
B62D 25/00
Loading...
本实用新型涉及一种车身环状加强结构，属于车身设计与制造的技术领域。本实用新型所述的车身环状加强结构，所述加强结构包括由车身前端至尾端依次形成的四个环状结构；A、B、C、D柱形成四个封闭基本断面连续环绕车身整圈的贯通的构造。本实用新型的车身环状加强结构将侧围立柱与顶盖、地板梁架形成连续贯通的加强构造，车身的强度和刚性可提高约30％以上，且由于强度和刚性得到显著提高，因此可以实现轻量化、小型化，从而显著降低成本，减少油耗。本实用新型的加强结构可用于SUV、CDV、MPV、VAN等微客车的车身构造。
21. 105971759 新型集成EGR通道的气缸盖
CN
28.09.2016
F02F 1/42 Loading...
F02F 1/42
Loading...
201610552285.9
阿尔特汽车技术股份有限公司
辛志云
F02F 1/42
Loading...
本发明涉及一种新型集成EGR通道的气缸盖，属于汽车发动机的技术领域。本发明的新型集成EGR通道的气缸盖，包括气缸盖本体、气缸盖本体内集成排气道和EGR通道，所述EGR通道自所述集成排气道延伸至气缸盖进气侧后端，所述进气侧后端设置有出水管座，所述EGR通道在该出水管座的位置处与进气岐管的连接管连接；所述EGR通道包括与所述集成排气道连通且靠近缸盖后端侧壁的EGR通道内腔，和与所述EGR通道内腔连通的机加工通道。采用本发明的新型集成EGR通道的气缸盖发动机布置结构紧凑，密封可靠；EGR通道形状平顺，有利于气体顺畅流通；可有效控制废气温度。
22. 105971760 水平进气法兰面V6机型气缸盖
CN
28.09.2016
F02F 1/42 Loading...
F02F 1/42
Loading...
201610557223.7
阿尔特汽车技术股份有限公司
辛志云
F02F 1/42
Loading...
本发明涉及一种水平进气法兰面V6机型气缸盖，属于汽车发动机的技术领域。本发明的水平进气法兰面V6机型气缸盖，包括进气岐管、进气岐管下座、左缸盖进气道和右缸盖进气道；所述左缸盖进气道和右缸盖进气道通过水平法兰安装面与所述进气岐管下座定位并固定。本发明的气缸盖结构使得进气歧管下座安装方便，定位准确，密封可靠性好，优化了装配工艺和设计方案，该结构主要应用在V型六缸机型。
23. 104149567 汽车悬架用橡胶衬套结构
CN
28.09.2016
B60G 7/00 Loading...
B60G 7/00
Loading...
102014000398406
阿尔特汽车技术股份有限公司
王雷
B60G 7/00
Loading...
本发明涉及一种汽车悬架用橡胶衬套结构，所述橡胶衬套结构包括球头销外座和球头套管；球头销外座的外部具有圆柱形的外表面，球头销外座的内部具有圆球形的内表面，球头销外座的圆柱形的外表面上套设有橡胶衬套本体，而橡胶衬套本体外部还设置有衬套外套管；球头套管轴向具有中心通孔结构，球头套管中部具有球面结构，而球面结构的两端为圆柱结构，其球面结构安装于球头销外座的圆球形的内表面上。在本发明的橡胶衬套结构中引入了球头结构，使得衬套球头套管与橡胶本体件可以相对自由转动和摆动，可以消除目前所用普通橡胶衬套在悬架运动过程中产生的摆动及扭转反力，降低衬套对悬架刚度影响并减小悬架系统运动迟滞，提高整车舒适性及操控性。
24. 205600598 备胎螺母拧紧接头装置
CN
28.09.2016
B25B 21/00 Loading...
B25B 21/00
Loading...
201520861967.9
阿尔特汽车技术股份有限公司
付振学
B25B 21/00
Loading...
本实用新型涉及一种备胎螺母拧紧接头装置，属于汽车零件装配的技术领域。本实用新型所述的备胎螺母拧紧接头装置，所述装置包括刀头杆、连接块和限位块；所述刀头杆的第一端通过螺纹连接有与电动工具枪连接的接口端头，所述刀头杆的第二端设置有圆柱形的连接端子；所述连接块的第一端与所述连接端子焊接在一起，所述连接块的第二端卡接在所述限位块上并且通过螺钉紧固；所述限位块的底部设置有与备胎螺母相配合的卡接凹槽。本实用新型所述的备胎螺母拧紧接头装置结构简单、便于维护、操作方便；而且在备胎螺母打紧过程中能够按照标定力矩打紧，能够显著提高生产效率和装配质量。
25. 205601608 离合总泵推杆与踏板臂的连接结构
CN
28.09.2016
B60K 23/02 Loading...
B60K 23/02
Loading...
201520861860.4
阿尔特汽车技术股份有限公司
郭思达
B60K 23/02
Loading...
本实用新型涉及一种离合总泵推杆与踏板臂的连接结构，属于汽车离合器的技术领域。本实用新型所述的离合总泵推杆与踏板臂的连接结构，其包括离合踏板臂、离合总泵活塞杆和橡胶衬套；所述离合踏板臂的上端开设有槽结构，所述槽结构上嵌套有所述橡胶衬套；所述离合总泵活塞杆的端部为圆柱结构，并且所述圆柱结构装配在所述橡胶衬套内。本实用新型的离合总泵推杆与踏板臂的连接结构显著降低了离合踏板与离合总泵的拆装难度，提高了生产线的装配效率；而且还最大限度的降低了连接处产生的异响和踏板空行程。本实施例的结构可以衍生至制动踏板上改型使用，可以适用于今后开发的轿车、SUV等新车型使用。
26. 205601716 树脂箱体卡接结构
CN
28.09.2016
B60R 11/00 Loading...
B60R 11/00
Loading...
201520885920.6
阿尔特汽车技术股份有限公司
李海清
B60R 11/00
Loading...
本实用新型涉及一种树脂箱体卡接结构，属于汽车设计和制造的技术领域。本实用新型所述的树脂箱体卡接结构，包括树脂箱体零件、与所述树脂箱体零件待装配的对象零件，以及支架；所述树脂箱体零件的外表上形成有楔形块的卡爪，所述支架上设置有避让通道；所述支架设置在所述对象零件和所述卡爪之间并通过旋转使得所述楔形块与所述支架接触以使得所述卡爪将所述支架固定。本实用新型所述的树脂箱体卡接结构避免了螺接结构中紧固所必须预留的操作空间，使得布置紧凑，节省了空间，同时也降低了装配难度。
27. 105937462 直喷涡流活塞顶部燃烧室
CN
14.09.2016
F02F 3/26 Loading...
F02F 3/26
Loading...
102016000559260
阿尔特汽车技术股份有限公司
辛志云
F02F 3/26
Loading...
本发明涉及一种直喷涡流活塞顶部燃烧室，属于汽车发动机的技术领域。本发明的直喷涡流活塞顶部燃烧室，包括火花塞、喷油器、排气道、进气道和活塞；所述活塞顶部由活塞顶部凸起、活塞心形凹坑、排气门避让坑和进气门避让坑组成。燃烧室工作时从进气道流出的气体，进入气缸后与喷油器喷出的高压燃油形成混合燃气，并由火花塞点燃通过心形凹坑两侧壁面的引导产生沿周向运转的两股涡流保证了充分燃烧。本发明的直喷涡流活塞顶部燃烧室能够有效降低热损失和流动损失，提高爆发压力，不仅提高了燃烧效率，进而提高发动机的动力性，同时也降低了尾气排放。
28. 205554115 车身侧气帘导向支架结构
CN
07.09.2016
B60R 21/21 Loading...
B60R 21/21
Loading...
202015000861808
阿尔特汽车技术股份有限公司
唐元洪
B60R 21/21
Loading...
本实用新型涉及一种车身侧气帘导向支架结构，属于汽车设计和制造的技术领域。本实用新型所述的车身侧气帘导向支架结构，包括与侧气帘配合的导向面，以及在所述导向面一侧边弯折成型的安装面，所述导向面的自由周边通过弯折形成有翻边结构，所述安装面远离所述导向面的一侧开设有至少2个安装孔。本实用新型所述的车身侧气帘导向支架结构，构造简单，拆装方便；并且针对车型的不同配置易实现车身成本控制；而且还能够对侧气帘进行保护，防止爆破失效。本实用新型的结构可应用于乘用车、商用车等车型中。
29. 205534109 主减速器齿轮副结构
CN
31.08.2016
F16H 55/17 Loading...
F16H 55/17
Loading...
201520885957.9
阿尔特汽车技术股份有限公司
李海清
F16H 55/17
Loading...
本实用新型涉及一种主减速器齿轮副结构，属于汽车设计和制造的技术领域。本实用新型所述的主减速器齿轮副结构，包括主动齿轮和被动齿轮，所述主动齿轮和被动齿轮通过相互配合的轮齿啮合；在所述被动齿轮的背齿面上设置有耐磨顶块，并且所述耐磨顶块通过锁紧螺栓压紧在所述背齿面上。本实施例所述的主减速器齿轮副结构解决了齿轮副低速重载工况时被动齿轮的弹性变形问题，使得齿轮副啮合斑点区域在全工况时正常范围，减少了不合理啮合的噪音。
30. 205468508 插电式混合动力车型的动力系统
CN
17.08.2016
B60K 6/26 Loading...
B60K 6/26
Loading...
201520885956.4
阿尔特汽车技术股份有限公司
李红升
B60K 6/26
Loading...
本实用新型涉及一种插电式混合动力车型的动力系统，属于混合动力系统的技术领域。本实用新型的动力系统中，第一齿轮轴与发电机的转动轴连接，第二齿轮轴与发动机的输出轴连接，第一和第二齿轮轴通过齿轮组啮合；第三齿轮轴在离合器的作用下有选择性的与第二齿轮轴啮合；第五齿轮轴与电动机的输出轴连接，第四和第五齿轮轴通过齿轮组啮合；差速器连接至所述第三和第四齿轮轴，且所述差速器连接至所述驱动轴并输出动力。本实用新型将发动机、发电机、电动机、减速器集成到一个总成中，减少不必要的功能重复的结构，减小动力总成的体积及重量，有利于整车的布置。
31. 205417151 活接安装散热器结构
CN
03.08.2016
B60K 11/04 Loading...
B60K 11/04
Loading...
202015000885959
阿尔特汽车技术股份有限公司
谢克非
B60K 11/04
Loading...
本实用新型涉及一种活接安装散热器结构，属于汽车设计和制造的技术领域。本实用新型所述的活接安装散热器结构，包括散热器水室和散热器安装滑块，所述散热器水室的端部设置有滑动导向和卡接结构，而所述散热器安装滑块的顶部开设有与所述滑动导向和卡接结构相配合的凹槽结构。本实用新型所述的活动安装的散热器安装结构的散热器水室以及散热器安装滑块的活动连接方式可以赋予散热器更大的灵活性，既能够使同一种散热器使用在不同的车型上，也可以适用不同的安装方式，有利于提高车型生产中的零部件通用化和平台化。
32. 105781780 具有高效油气分离效率的气缸盖罩
CN
20.07.2016
F02F 7/00 Loading...
F02F 7/00
Loading...
102016000024768
阿尔特汽车技术股份有限公司
缪孟阳
F02F 7/00
Loading...
本发明涉及一种具有高效油气分离效率的气缸盖罩，属于汽车发动机的技术领域。本发明涉及一种具有高效油气分离效率的气缸盖罩，包括：缸盖罩壳体和挡油板，所述缸盖罩壳体内形成有空气室和PCV室，所述空气室与PCV室内分别形成有油气分离挡墙；所述挡油板面对所述缸盖罩壳体一侧的主表面上设置有油气分离装置和油气过滤板，所述挡油板的另一个主表面上形成有连通至所述油气分离装置的入口，并且设置有贯通的落油孔。本发明所述的气缸盖罩增加了高效油气分离装置，可用于模块化和集成化设计，便于在类似排量发动机中推广，同时可降低开发成本，可以将发动机油气分离腔室的油气分离效率提高22.8％，降低了发动机的机油消耗率。
33. 205375053 电动汽车高压集成控制系统
CN
06.07.2016
G05B 19/04 Loading...
G05B 19/04
Loading...
201620035446.2
阿尔特汽车技术股份有限公司
杨军
G05B 19/04
Loading...
本实用新型涉及一种电动汽车高压集成控制系统，属于电动汽车的技术领域。本实用新型所述的电动汽车高压集成控制系统，包括集成在一个带有散热器的箱体内的高压电源分配单元、驱动电机控制器、车载充电器和直流降压转换器；所述箱体的外表面上设置有连接至所述驱动电机控制器的X1通信接口，连接至所述车载充电器、直流降压转换器和高压电源分配单元的X2通信接口。本实施例所述的控制系统可实现集成化设计，可应用于纯电动汽车和插电式混合动力汽车，实现驱动电机的控制，动力电池和低压蓄电池的充电功能，以及低压电器负载的供电功能，具有降损耗、提高效率、节约空间、减重及降成本的有益效果。
34. 205363226 水箱上横梁安装调整工装结构
CN
06.07.2016
B23P 19/10 Loading...
B23P 19/10
Loading...
201520861891.X
阿尔特汽车技术股份有限公司
付振学
B23P 19/10
Loading...
本实用新型涉及一种水箱上横梁安装调整工装结构，属于汽车零件装配的技术领域。本实用新型所述的水箱上横梁安装调整工装结构，包括限位组件、连接杆、左手柄和右手柄；所述限位组件包括左侧限位支架、右侧限位支架、主定位销、辅助定位销、左侧调整销和右侧调整销；连接杆的第一端和第二端分别固接在所述左侧限位支架和右侧限位支架的安装面上；左手柄的第一端固定在左侧限位支架的安装面上，左手柄的第二端固定在连接杆上；右手柄的第一端固定在右侧限位支架的安装面上，右手柄的第二端固定在连接杆上。本实用新型的工装结构可以实现水箱上横梁装配于前大灯上横梁和水箱横梁立柱总成上时对其进行基准定位调整。
35. 205370196 机盖撑杆安装结构
CN
06.07.2016
E05C 17/04 Loading...
E05C 17/04
Loading...
201620035450.9
阿尔特汽车技术股份有限公司
周志龙
E05C 17/04
Loading...
本实用新型涉及一种机盖撑杆安装结构，属于车身结构设计的技术领域。本实用新型的机盖撑杆安装结构，包括前大灯横梁、撑杆连接球销、撑杆连接球头和机盖撑杆；撑杆连接球销包括螺栓端和球销端，撑杆连接球头包括管柱端和球头端，前大灯横梁上焊接有螺母，撑杆连接球销的螺栓端与所述螺母固定连接，机盖撑杆固定安装在撑杆连接球头的管柱端，撑杆连接球头的球头端安装在撑杆连接球销的球销端上。本实用新型的安装结构采用类似气弹簧球头式连接结构，提高了机盖撑杆总成的耐久性。能够有效避免多次更换撑杆塑料卡扣，降低了成本并且提高了安全性。
36. 205365206 车门内水切支架的安装结构
CN
06.07.2016



201620035448.1
阿尔特汽车技术股份有限公司
徐艳华


本实用新型涉及一种车门内水切支架的安装结构，属于车身结构设计的技术领域。本实用新型的车门内水切支架的安装结构，包括车门内水切支架，车门内水切支架包括弧面段和折面段，弧面段沿着车门内饰板设置，所述弧面段的第一端靠近车门窗框，车门内水切设置在车门玻璃和折面段之间；所述车门内饰板上设置有螺接结构；所述弧面段上设置有螺接平台；并且螺接平台通过螺钉固定在所述螺接结构上。在本实用新型的安装结构中，车门内水切支架通过螺钉及与支架一体的塑料卡子安装于车门内饰板上，解决了车门内水切支架通过焊接安装在车门内板上时由于车门内饰板、水切安装支架变形造成焊接不良导致整个车门内饰板报废，提高了产品合格率。
37. 205365746 B柱上内板装配结构
CN
06.07.2016
B62D 25/04 Loading...
B62D 25/04
Loading...
201520861968.3
阿尔特汽车技术股份有限公司
周志龙
B62D 25/04
Loading...
本实用新型涉及一种B柱上内板装配结构，属于汽车零件装配的技术领域。本实用新型所述的B柱上内板装配结构，包括B柱上内板、B柱下内板、侧围外板、B柱加强板、顶盖中横梁，和顶盖外板；B柱上内板下部的下型面与B柱下内板焊接，B柱上内板两侧的侧型面分别与侧围外板和B柱加强板焊接；B柱上内板的上部延伸形成与顶盖中横梁的贴合面，并通过凸焊螺母和螺栓连接所述B柱上内板和顶盖中横梁，所述顶盖外板焊接在所述顶盖中横梁上。本实用新型所述的B柱上内板装配结构与顶盖中横梁具有有效的连接，且B柱空腔与顶盖中横梁的空腔能够贯通，显著提高了车身的碰撞性能和车身刚度，该装配结构可以适用于所有的轿车、SUV等车型。
38. 105711645 新型材料结构的副车架
CN
29.06.2016
B62D 21/02 Loading...
B62D 21/02
Loading...
201610024734.2
阿尔特汽车技术股份有限公司
邢建玲
B62D 21/02
Loading...
本发明涉及一种新型材料结构的副车架，属于车身结构设计的技术领域。本发明的新型材料结构的副车架，包括前横梁、后横梁、左纵梁、右纵梁；所述左纵梁包括左纵梁主体，左纵梁主体前端和后端形成有第一和第二横梁结合端；所述右纵梁包括右纵梁主体，右纵梁主体前端和后端形成有第三和第四横梁结合端；前横梁的左端焊接在第一横梁结合端，前横梁的右端搭接在第三横梁结合端，后横梁的左端搭接在第二横梁结合端，后横梁的右端搭接在第四横梁结合端。本发明的副车架通过改变副车架横梁在纵梁上的焊接位置，即可改变副车架宽度；本发明的结构在同一平台，悬架硬点保持不变的情况下，可在一定范围内随意修改轮距大小以适应新车型的开发。
39. 105711487 车用氛围灯导光安装结构
CN
29.06.2016
B60Q 3/02 Loading...
B60Q 3/02
Loading...
201610024735.7
阿尔特汽车技术股份有限公司
韩博宇
B60Q 3/02
Loading...
本发明涉及一种车用氛围灯导光安装结构，属于汽车装饰零部件的技术领域。本发明所述的车用氛围灯导光安装结构包括：仪表板本体骨架，本体骨架上设置有焊接柱，本体骨架的端部具有翻边结构；安装支架的第一端焊接固定在焊接柱上，安装支架的第二端嵌入所述翻边结构中；所述安装支架具有U型槽，氛围灯灯管布置在U型槽内，光导可视板紧靠所述U型槽并卡接在所述安装支架上。本发明的安装结构可布置在驾驶员、乘员视野范围内，有效的避免了现有车型氛围灯灯光过亮刺眼的问题，提高了用户使用体验以及行车安全。
40. 205344434 后空调限流阀结构
CN
29.06.2016
B60H 1/00 Loading...
B60H 1/00
Loading...
201620035542.7
阿尔特汽车技术股份有限公司
刘韵
B60H 1/00
Loading...
本实用新型涉及一种后空调限流阀结构，属于汽车空调安装的技术领域。本实用新型所述的后空调限流阀结构中，低压管夹、线束插件、塑料卡接接口、高压管路接口和限流阀为一体成型结构，并且所述低压管夹和限流阀分别位于左右两侧，并且在所述低压管夹和限流阀之间形成有线束插件、塑料卡接接口和高压管路接口；所述塑料卡接接口位于所述线束插件的下方。装配时，只需将高/低压管路及限流阀总成卡接在下车身横梁的焊接螺栓上即可，除增加线束插接步骤以外，与无限流阀结构的管路装配工艺相同。本实施例的后空调限流阀结构对后空调限流阀结构的通用性、制造成本以及装配工艺均有较大优化，可应用于新开发车型的后空调管路结构中。
41. 103639657 车辆前柱结构的液压加工及焊接成型方法
CN
29.06.2016
B23P 15/00 Loading...
B23P 15/00
Loading...
102013000612885
阿尔特汽车技术股份有限公司
田上周一
B23P 15/00
Loading...
本发明涉及一种车辆前柱结构的液压加工及焊接成型方法，所述车辆前柱结构由铝合金外板、封闭的非对称中空管状结构和铝合金连接板构成；所述封闭的非对称中空管状结构由铝合金管坯料通过液压加工成型；所述铝合金外板的第一端通过激光焊接与所述非对称中空管状结构的一个端面连接；所述铝合金外板的第二端通过点焊与所述铝合金连接板的第一端连接；所述铝合金连接板的第二端通过激光焊接与所述封闭的非对称中空管状结构的另一个端面连接。采用本发明所述的液压加工及焊接工艺制备得到的车辆前柱结构在满足强度需求条件下，可以减小柱横截面面积，缩小障碍角，改善驾驶员视野；同时也减少了材料用量，提高了车辆的机械性能。
42. 205352708 插电式混合动力车的动力总成测试台架
CN
29.06.2016
G01M 17/007 Loading...
G01M 17/007
Loading...
202016000031901
阿尔特汽车技术股份有限公司
于树怀
G01M 17/007
Loading...
本实用新型涉及一种插电式混合动力车的动力总成测试台架，属于混合动力车的技术领域。本实用新型的动力总成测试台架设有中央控制器、用于模拟电池充放电I-V特性曲线的智能电池模拟器、恒温控制机构、油耗仪及供油机构、排风机构，中央控制器分别与智能电池模拟器、恒温控制机构、油耗仪及供油机构、排风机构经CAN总线相连接；智能电池模拟器中设有微处理器、用于接收中央控制器下达的控制命令的指令接收电路、用于将当前直流母线的实时电压/电流通过CAN总线上传至中央控制器的参数上传电路，微处理器分别与指令接收电路、参数上传电路相连接。本实用新型相对于现有技术，具有结构合理、功耗低、检测准确、实时性强等显著的优点。
43. 205349543 具有高效油气分离效率的气缸盖罩
CN
29.06.2016
F02F 7/00 Loading...
F02F 7/00
Loading...
202016000035544
阿尔特汽车技术股份有限公司
缪孟阳
F02F 7/00
Loading...
本实用新型涉及一种具有高效油气分离效率的气缸盖罩，属于汽车发动机的技术领域。本实用新型涉及一种具有高效油气分离效率的气缸盖罩，包括：缸盖罩壳体和挡油板，缸盖罩壳体内形成有空气室和PCV室，空气室与PCV室内分别形成有油气分离挡墙；挡油板面对所述缸盖罩壳体一侧的主表面上设置有油气分离装置和油气过滤板，挡油板的另一个主表面上形成有连通至所述油气分离装置的入口，并且设置有贯通的落油孔。本实用新型的气缸盖罩增加了高效油气分离装置，可用于模块化和集成化设计，便于在类似排量发动机中推广，同时可降低开发成本，可以将发动机油气分离腔室的油气分离效率提高22.8％，降低了发动机的机油消耗率。
44. 205344468 车门定位安装结构
CN
29.06.2016
B60J 5/04 Loading...
B60J 5/04
Loading...
201620035541.2
阿尔特汽车技术股份有限公司
许安平
B60J 5/04
Loading...
本实用新型涉及一种车门定位安装结构，属于车身结构设计的技术领域。本实用新型的车门定位安装结构，包括车身总成、车门、铰链和六角法兰面螺栓；所述铰链焊接在所述车门的连接端面上，并且所述铰链背对所述车身总成的表面上胶粘有垫片，所述六角法兰面螺栓依次穿过所述垫片、铰链和车身总成上的安装孔将所述车身总成和车门安装在一起。本实用新型所述的车门定位安装结构，直接通过现有垫片孔安装车门即可保证车门的安装精度，而且无需复杂的工作夹具，操作简单，而且由于无需采用自定位螺栓或自定位铰链，也显著降低了安装成本。
45. 205351229 LED前罩灯调光结构
CN
29.06.2016
F21V 19/02 Loading...
F21V 19/02
Loading...
202016000035543
阿尔特汽车技术股份有限公司
陈君
F21V 19/02
Loading...
本实用新型涉及一种LED前罩灯调光结构，属于汽车车灯设计的技术领域。本实用新型所述的LED前罩灯调光结构，包括：具有第一安装面和第二安装面的水平调光支架，第一竖直调光支架和第二竖直调光支架，第一LED近光单元组和第二LED近光单元组，此外还包括水平调光螺杆、水平调光球头和竖直调光球头。本实施例对第一LED近光单元组及第二LED近光单元组进行分体式调光，设计了两条旋转轴，通过一调光螺杆对两条调光轴线进行联动实现垂直方向调光，所述的调光结构对LED近光调光结构的调光性能、外观、装配工艺及精度均有较大优化，可应用于新开发车型前组合灯LED近光调光结构中。
46. 205345066 机盖撑杆安装结构
CN
29.06.2016
B62D 25/12 Loading...
B62D 25/12
Loading...
201620035449.6
阿尔特汽车技术股份有限公司
周志龙
B62D 25/12
Loading...
本实用新型涉及一种机盖撑杆安装结构，属于车身结构设计的技术领域。本实用新型的机盖撑杆安装结构，包括撑杆连接球销、撑杆支架、撑杆连接球头和机盖撑杆；撑杆连接球销铆接在撑杆支架上，撑杆支架焊接在前大灯横梁上，机盖撑杆固定安装在撑杆连接球头的管柱端，撑杆连接球头的球头端安装在所述撑杆连接球销上。本实用新型的安装结构采用类似气弹簧球头式连接结构，提高了机盖撑杆总成的耐久性。能够有效避免多次更换撑杆塑料卡扣，降低了成本并且提高了安全性。把球头式结构做出标准件，即可适用于各种不同的车型来降低成本，而且撑杆球销和球头配合旋转的范围比较大，可以实现机盖撑杆总成的灵活旋转。
47. 205345038 副车架结构
CN
29.06.2016
B62D 21/02 Loading...
B62D 21/02
Loading...
201620035447.7
阿尔特汽车技术股份有限公司
邢建玲
B62D 21/02
Loading...
本实用新型涉及一种副车架结构，属于车身结构设计的技术领域。本实用新型的副车架结构，包括前横梁、后横梁、左纵梁、右纵梁；所述左纵梁包括左纵梁主体，左纵梁主体前端和后端形成有第一和第二横梁结合端；所述右纵梁包括右纵梁主体，右纵梁主体前端和后端形成有第三和第四横梁结合端；前横梁的左端焊接在第一横梁结合端，前横梁的右端搭接在第三横梁结合端，后横梁的左端搭接在第二横梁结合端，后横梁的右端搭接在第四横梁结合端。本实用新型的副车架通过改变副车架横梁在纵梁上的焊接位置，即可改变副车架宽度；本实用新型的结构在同一平台，悬架硬点保持不变的情况下，可在一定范围内随意修改轮距大小以适应新车型的开发。
48. 205344771 电动汽车整车控制装置
CN
29.06.2016
B60R 16/02 Loading...
B60R 16/02
Loading...
202015000862011
阿尔特汽车技术股份有限公司
黄超
B60R 16/02
Loading...
本实用新型涉及一种电动汽车整车控制装置，属于电动汽车控制的技术领域。本实用新型的电动汽车整车控制装置，包括主控制器，和与其相连的电源模块以及失效安全模块。所述主控制器包括数模转化模块、开关量输入模块、增强型捕捉定时器模块、控制器局域网模块、串行外围设备通讯接口模块、脉宽调制模块和串行通讯接口模块。模拟信号调理模块连接至所述数模转化模块，开关信号调理模块连接至开关量输入模块，脉冲信号调理模块连接至增强型捕捉定时器模块，CAN收发器连接至控制器局域网模块，低边驱动模块连接至串行外围设备通讯接口模块和脉宽调制模块。本实用新型的控制装置可靠性高、抗干扰能力强，能够保证恶劣环境下的正常运行。
49. 205355089 电池包密封结构
CN
29.06.2016
H01M 2/02 Loading...
H01M 2/02
Loading...
202015000861940
阿尔特汽车技术股份有限公司
隋海鹰
H01M 2/02
Loading...
本实用新型涉及一种电池包密封结构，属于电池封装的技术领域。本实用新型所述的电池包密封结构，包括动力电池托架、动力电池盖和自限位导向螺栓，所述动力电池托架的上面板与所述动力电池盖的下面板之间设置有密封垫，所述动力电池盖的上面板上设置有压板；所述自限位导向螺栓依次穿过所述压板、动力电池盖、密封垫和动力电池托架并通过螺母将所述动力电池托架和动力电池盖紧固在一起。本实用新型的电池包密封结构不仅保证了密封间隙，提升了密封性能，而且还能够有效防止动力电池盖局部变形，保证螺栓连接的可靠性。
50. 205326769 全景天窗加强板结构
CN
22.06.2016
B60J 7/00 Loading...
B60J 7/00
Loading...
202015000861936
阿尔特汽车技术股份有限公司
沈太生
B60J 7/00
Loading...
本实用新型涉及一种全景天窗加强板结构，属于汽车零件装配的技术领域。本实用新型所述的全景天窗加强板结构，包括前安装板和与前安装板平行的后安装板，以及左安装板和与所述左安装板平行的右安装板；所述前安装板和后安装板的厚度小于所述左安装板和右安装板；所述前安装板的第一端和第二端分别与所述左安装板和右安装板的上端侧表面拼焊在一起，所述后安装板的第一端和第二端分别与所述左安装板和右安装板的下端侧表面拼焊在一起。本实用新型的全景天窗加强板结构，在保证安装强度的前提下，显提高了材料的利用率，减少了车身重量，而且还能够提高天窗加强板的疲劳破坏能力。
51. 205260364 汽车电子风扇护风罩安装结构
CN
25.05.2016
F04D 25/08 Loading...
F04D 25/08
Loading...
201520885960.0
阿尔特汽车技术股份有限公司
谢克非
F04D 25/08
Loading...
本实用新型涉及一种汽车电子风扇护风罩安装结构，属于汽车设计和制造的技术领域。本实用新型所述的汽车电子风扇护风罩安装结构，包括护风罩、扇叶和电机；所述电机安装在所述护风罩的中心，而所述扇叶按照与所述电机的中心轴同轴的方式安装在所述电机上并用螺钉固定，所述护风罩靠近所述扇叶外边缘的前端延伸形成有导流结构。在本实用新型中，护风罩在扇叶边缘的前端延伸出一段导流结构，不但有效阻止了扇叶周边安装间隙造成的漏风，也能够将气流有效地导入风扇的有效工作范围，进一步增强了电子风扇的工作性能。
52. 205256443 一种顶盖横梁的结构
CN
25.05.2016
B62D 25/00 Loading...
B62D 25/00
Loading...
201520861894.3
阿尔特汽车技术股份有限公司
沈太生
B62D 25/00
Loading...
本实用新型涉及一种顶盖横梁的结构，属于发动机设计与制造的技术领域。所述顶盖横梁的结构，包括顶盖横梁主体，所述顶盖横梁主体的上端和下端上间隔地设置有涂胶槽，相邻的涂胶槽之间为U形豁口；并且所述上端和下端上的涂胶槽和U形豁口错开设置；而所述U形豁口的宽度大于所述涂胶槽的宽度，在所述涂胶槽内涂覆有膨胀胶。本实用新型的顶盖横梁的涂胶面的宽度占总的横梁宽度的一半左右，合理地改善了涂胶面的结构，不仅提高了材料利用率，而且还避免了膨胀胶损害顶盖外板的风险。另外，通过设置不同孔径的定位孔，在焊接的过程中避免了放置错误。
53. 205256463 前地板结构
CN
25.05.2016
B62D 25/20 Loading...
B62D 25/20
Loading...
201520861938.2
阿尔特汽车技术股份有限公司
周志龙
B62D 25/20
Loading...
本实用新型涉及一种前地板结构，属于汽车零件装配的技术领域。本实用新型所述的前地板结构，包括左前地板、中通道连接板和右前地板，所述中通道连接板具有呈“几”字形的断面结构，并且所述“几”字形的断面结构的左侧和右侧分别具有一个倒置的“几”字形的断面结构；所述左前地板焊接在所述左侧的倒置的“几”字形的断面结构上形成断面呈四边形的梁I，所述右前地板焊接在所述右侧的倒置的“几”字形的断面结构上形成断面呈四边形的梁II。本实用新型的前地板结构，在受力大的中通道区域的中通道连接板采用较厚的零件，通过特殊构造的中通道加强板与左右前地板形成梁架结构，不仅减少了车身成本，而且分散了碰撞载荷，提高了碰撞安全系数。
54. 205260169 两级独立可变进气歧管
CN
25.05.2016
F02M 35/104 Loading...
F02M 35/104
Loading...
201520861892.4
阿尔特汽车技术股份有限公司
车向国
F02M 35/104
Loading...
本实用新型涉及一种两级独立可变进气歧管，属于汽车发动机的技术领域。本实用新型所述的两级独立可变进气歧管，包括多个进气岐管、可变机构组件和真空电磁阀，所述进气岐管的第一端与节气门连接，第二端与进气总管后的进气谐振室；所述进气岐管内设置有长岐管气道和短岐管气道；所述可变机构组件包括拨片，和设置在所述进气岐管的短岐管气道内的滚筒，所述真空电磁阀连接至所述可变机构组件并用于驱动拨片，从而带动所述滚筒选择以控制所述短岐管气道处于开启或关闭状态。本实用新型的两级独立可变进气歧管通过电磁阀控制，可实现进气歧管的可变性，从而可以兼顾中低速的大扭矩和高速的大功率。
55. 205256002 燃油箱和加油颈管连接结构
CN
25.05.2016
B60K 15/03 Loading...
B60K 15/03
Loading...
201520861937.8
阿尔特汽车技术股份有限公司
张近冀
B60K 15/03
Loading...
本实用新型涉及一种燃油箱和加油颈管连接结构，属于汽车零件装配的技术领域。本实用新型所述的燃油箱和加油颈管连接结构，在加油颈管管体的第一端附近设置有波纹段，第二端焊接有阳接头；燃油箱本体上焊接有与所述阳接头相配合的阴接头，所述阳接头插入所述阴接头形成连接结构。本实用新型的连接结构用波纹段结构取代了橡胶软管，采用了阳接头与阴接头实现了快速插入装配，并利用弹簧卡进行限位，不仅减少了零部件数量，同时也简化了装配流程提高了生产效率，该连接结构可以适用于轿车、SUV等车型。
56. 205239656 前地板前横梁总成
CN
18.05.2016
B62D 25/08 Loading...
B62D 25/08
Loading...
201520862012.5
阿尔特汽车技术股份有限公司
周志龙
B62D 25/08
Loading...
本实用新型涉及一种前地板前横梁总成，属于汽车结构设计与制造的技术领域。本实用新型的前地板前横梁总成，包括左前地板前连接梁，右前地板前连接梁，和成倒几字形的前地板前横梁；所述前地板前横梁的左端与左前地板前连接梁焊接，所述前地板前横梁的右端与右前地板前连接梁焊接。在现有技术中前围板和前地板连接区域没有横梁，在碰撞时前围板的后退量比较大。本实用新型设计的前地板前横梁总成能够减小前围板的后退量，有利于减少转向管柱，油门踏板，刹车踏板，空调等零件的后退量，保障乘员的安全。
57. 105547712 插电式混合动力车的动力总成测试台架及方法
CN
04.05.2016
G01M 17/007 Loading...
G01M 17/007
Loading...
201610021912.6
阿尔特汽车技术股份有限公司
于树怀
G01M 17/007
Loading...
本发明涉及一种插电式混合动力车的动力总成测试台架及方法，属于混合动力车的技术领域。本发明的动力总成测试台架设有中央控制器、用于模拟电池充放电I-V特性曲线的智能电池模拟器、恒温控制机构、油耗仪及供油机构、排风机构，其中中央控制器分别与智能电池模拟器、恒温控制机构、油耗仪及供油机构、排风机构经CAN总线相连接；所述智能电池模拟器中设有微处理器、用于接收中央控制器下达的控制命令的指令接收电路、用于将当前直流母线的实时电压/电流通过CAN总线上传至中央控制器的参数上传电路，其中微处理器分别与指令接收电路、参数上传电路相连接，本发明相对于现有技术，具有结构合理、功耗低、检测准确、实时性强等显著的优点。
58. 105549442 电动汽车高压集成控制系统
CN
04.05.2016
G05B 19/04 Loading...
G05B 19/04
Loading...
201610024767.7
阿尔特汽车技术股份有限公司
杨军
G05B 19/04
Loading...
本发明涉及一种电动汽车高压集成控制系统，属于电动汽车的技术领域。本发明所述的电动汽车高压集成控制系统，包括集成在一个带有散热器的箱体内的高压电源分配单元、驱动电机控制器、车载充电器和直流降压转换器；所述箱体的外表面上设置有连接至所述驱动电机控制器的X1通信接口，连接至所述车载充电器、直流降压转换器和高压电源分配单元的X2通信接口。本实施例所述的控制系统可实现集成化设计，可应用于纯电动汽车和插电式混合动力汽车，实现驱动电机的控制，动力电池和低压蓄电池的充电功能，以及低压电器负载的供电功能，具有降损耗、提高效率、节约空间、减重及降成本的有益效果。
59. 105553405 车载太阳能电池发电量估算装置及方法
CN
04.05.2016
H02S 20/32 Loading...
H02S 20/32
Loading...
201610021911.1
阿尔特汽车技术股份有限公司
黄超
H02S 20/32
Loading...
本发明涉及一种车载太阳能电池发电量估算装置及方法，属于电动汽车供电的技术领域。本发明的车载太阳能电池发电量估算装置设有最大功率点跟随控制器MPPT、电动汽车的动力电池机构、电动汽车整车控制器VCU，其中电动汽车的动力电池机构包括动力电池组以及与动力电池组相连接的电池管理机构BMS，电动汽车整车控制器VCU经CAN总线与电池管理机构BMS相连接，最大功率点跟随器MPPT与待估算太阳能电池相连接，最大功率点跟随器MPPT的控制信号输入端与电动汽车整车控制器VCU相连接，本发明的装置结构合理、估算准确，能够在电池离线的情况下检测太阳能发电量，当检测到发电量足够时，再启动唤醒整车控制器和BMS。
60. 105351648 硬管之间的连接结构
CN
24.02.2016
F16L 21/08 Loading...
F16L 21/08
Loading...
201510759437.8
阿尔特汽车技术股份有限公司
谢克非
F16L 21/08
Loading...
本发明涉及一种硬管之间的连接结构，属于汽车设计和制造的技术领域。本发明所述的硬管之间的连接结构，包括内部装配硬管、外部装配硬管、O形密封圈和U形开槽夹片；外部装配硬管包括基管和套管，基管与套管之间通过环形过渡面衔接，套管的外边缘具有翻边结构；O形密封圈设置在环形槽内，内部装配硬管插接到套管内并且其端部紧靠环形过渡面；U形开槽夹片的长槽套设在套管的翻边结构上，并且通过螺栓将内部装配硬管和外部装配硬管固定。本实施例所述的汽车硬管之间的连接结构较为简单，安装方便，而且仅采用螺栓固定的方式便可以连接两段硬管，且能够保证外部装配硬管在轴线上转动，不影响下一步工序的操作。
61. 105291804 插电式混合动力车型的动力系统
CN
03.02.2016
B60K 6/26 Loading...
B60K 6/26
Loading...
201510759471.5
阿尔特汽车技术股份有限公司
李红升
B60K 6/26
Loading...
本发明涉及一种插电式混合动力车型的动力系统，属于混合动力系统的技术领域。本发明的动力系统中，第一齿轮轴与发电机的转动轴连接，第二齿轮轴与发动机的输出轴连接，第一和第二齿轮轴通过齿轮组啮合；第三齿轮轴在离合器的作用下有选择性的与第二齿轮轴啮合；第五齿轮轴与电动机的输出轴连接，第四和第五齿轮轴通过齿轮组啮合；差速器连接至所述第三和第四齿轮轴，且所述差速器连接至所述驱动轴并输出动力。本发明将发动机、发电机、电动机、减速器集成到一个总成中，减少不必要的功能重复的结构，减小动力总成的体积及重量，有利于整车的布置。
62. 105252265 水箱上横梁安装调整工装结构及其方法
CN
20.01.2016
B23P 19/10 Loading...
B23P 19/10
Loading...
201510730790.3
阿尔特汽车技术股份有限公司
付振学
B23P 19/10
Loading...
本发明涉及一种水箱上横梁安装调整工装结构及其方法，属于汽车零件装配的技术领域。本发明所述的水箱上横梁安装调整工装结构，包括限位组件、连接杆、左手柄和右手柄；所述限位组件包括左侧限位支架、右侧限位支架、主定位销、辅助定位销、左侧调整销和右侧调整销；连接杆的第一端和第二端分别固接在所述左侧限位支架和右侧限位支架的安装面上；左手柄的第一端固定在左侧限位支架的安装面上，左手柄的第二端固定在连接杆上；右手柄的第一端固定在右侧限位支架的安装面上，右手柄的第二端固定在连接杆上。本发明的工装结构可以实现水箱上横梁装配于前大灯上横梁和水箱横梁立柱总成上时对其进行基准定位调整。
63. 105235755 带有膨胀胶的连接结构
CN
13.01.2016
B62D 27/02 Loading...
B62D 27/02
Loading...
201510730789.0
阿尔特汽车技术股份有限公司
沈太生
B62D 27/02
Loading...
本发明涉及一种带有膨胀胶的连接结构，属于汽车结构设计与制造的技术领域。所述连接结构包括顶盖外板和顶盖横梁，所述顶盖横梁包括顶盖横梁主体，所述顶盖横梁主体的左端面和右端面上分别间隔地设置有涂胶槽，相邻的涂胶槽之间为U形豁口；并且所述左端面和右端面上的涂胶槽和U形豁口错开设置；而所述U形豁口的宽度大于所述涂胶槽的宽度，在所述涂胶槽内涂覆有膨胀胶。本发明的连接结构不仅能够给顶盖横梁和顶盖外板之间提供有效的连接，而且能够避免一体式涂胶导致的顶盖外板变形，同时也能够消除钣金之间产生的噪声，减少膨胀胶的用量，降低成本，并且由于减轻了车身的结构重量，也有利于提高燃油的经济性。
64. 105240172 两级独立可变进气歧管安装结构
CN
13.01.2016
F02M 35/104 Loading...
F02M 35/104
Loading...
201510730787.1
阿尔特汽车技术股份有限公司
车向国
F02M 35/104
Loading...
本发明涉及一种两级独立可变进气歧管安装结构，属于汽车发动机的技术领域。本发明所述的两级独立可变进气歧管安装结构，包括多个进气岐管、可变机构组件和真空电磁阀，所述进气岐管的第一端与节气门连接，第二端与进气总管后的进气谐振室；所述进气岐管内设置有长岐管气道和短岐管气道；所述可变机构组件包括拨片，和设置在所述进气岐管的短岐管气道内的滚筒，所述真空电磁阀连接至所述可变机构组件并用于驱动拨片，从而带动所述滚筒选择以控制所述短岐管气道处于开启或关闭状态。本发明的两级独立可变进气歧管安装结构通过电磁阀控制，可实现进气歧管的可变性，从而可以兼顾中低速的大扭矩和高速的大功率。
65. 105221719 汽车油冷器结构
CN
06.01.2016
F16H 57/04 Loading...
F16H 57/04
Loading...
201510759439.7
阿尔特汽车技术股份有限公司
谢克非
F16H 57/04
Loading...
本发明涉及一种汽车油冷器结构，属于汽车设计和制造的技术领域。本发明所述的汽车油冷器结构，包括左油室、右油室，以及设置在所述左油室和右油室之间的多路散热管，并且相邻散热管之间设置有散热带；所述左油室和右油室的底部设置有回油硬管，所述右油室上固定设置有进出油接头，并且所述进出油接头通过接头连接管与所述右油室的底部连通。本发明所述的汽车油冷器结构布置更加紧凑，而且散热管和散热带能够设计的更薄，在汽车机舱的有限的空间里，提高了油冷器布置和设计的灵活性。
66. 104527536 Electric vehicle type front car logo opening structure
CN
22.04.2015
B62D 25/24 Loading...
B62D 25/24
Loading...
201510024128.6
阿尔特汽车技术股份有限公司
彭地佰
B62D 25/24
Loading...
The invention relates to an electric vehicle type front car logo opening structure. The electric vehicle type front car logo opening structure comprises a grating, a car logo, a car logo cover plate and an installing support. The car logo is installed on the car logo cover plate, the installing support is arranged on the grating in a fusion welding mode, and a cantilever rotating shaft is clamped to a clamping hook of the installing support. The grating is further provided with a bracing wire head fixing support and a PUSH and PULL locking mechanism, and a bracing wire head assembly is assembled on the bracing wire head fixing support. The tail end of the cantilever rotating shaft is fixedly connected with the car logo cover plate, and a car logo locking part is further arranged on the car logo cover plate and matched with the PUSH and PULL locking mechanism and the bracing wire head assembly. Insertion type cylinders or ribs are adopted for fixing the installing support in a thick fusion welding mode, the front grating is integrally free of a loose core structure, the structural difficulty of a die is lowered, the machining cost of the die is lowered, and the appearance quality and installing reliability of the grating are improved.
67. 203996181 一种踏板臂旋转结构
CN
10.12.2014
B60T 7/06 Loading...
B60T 7/06
Loading...
201420454199.0
阿尔特汽车技术股份有限公司
冀红超
B60T 7/06
Loading...
本实用新型涉及一种踏板臂旋转结构，包括踏板支架、六角法兰面螺栓和螺母，六角法兰面螺栓包括六角法兰面部分、阶梯端面部分和非螺纹柱面部分；六角法兰面螺栓从踏板支架第一侧边穿过并穿过第二侧边，第二侧边还设置有开槽，而所述开槽内设置有螺栓防转块，所述螺母与六角法兰面螺栓的阶梯端面部分配合并使得六角法兰面螺栓固定在踏板支架上；而六角法兰面螺栓的非螺纹柱面部分套设有尼龙套，而尼龙套上设置有轴套，所述的轴套上焊接有踏板臂。本实用新型所述的踏板臂旋转结构构造简单，无需卡住螺栓法兰面即可拆装六角法兰面螺母，能够减少六角法兰面螺母锁紧力矩过大对制动踏感的影响，从而提高了制动踏板的制动效率并降低了制动踏板噪音。
68. 203996001 汽车盒式塑料件的安装结构
CN
10.12.2014
B60R 11/00 Loading...
B60R 11/00
Loading...
201420454202.9
阿尔特汽车技术股份有限公司
张近冀
B60R 11/00
Loading...
本实用新型涉及一种汽车盒式塑料件的安装结构，属于汽车零配件的技术领域，其包括安装支架和塑料件壳体，塑料件壳体的安装面的底端中部附近设置有凹槽，以及与凹槽相连的导向槽；所述凹槽的两侧对称地设置有导槽，而导槽的中部设置有豁口；在安装面的顶端中部设置有平台；所述安装支架包括支架主体，以及焊接在支架主体上的舌状挡片；支架主体上设置有塑料壳体安装面相对的安装部，安装部上设置有与所述安装面上的凹槽相配合的球形凸起；所述支架主体上还设置有与所述安装面的导槽相配合的导轨。本实用新型所述的安装结构既能牢固的水平固定又能牢固的垂直固定在车身上，在安装方向上的预留操作空间小于现有技术，且安装牢固可靠。
69. 203996424 一种麦弗逊悬架车轮外倾角调整机构
CN
10.12.2014
B62D 17/00 Loading...
B62D 17/00
Loading...
201420460119.2
阿尔特汽车技术股份有限公司
于生茂
B62D 17/00
Loading...
本实用新型涉及一种麦弗逊悬架车轮外倾角调整机构，其包括滑柱与转向节连接支架，和偏心螺栓；而连接支架具有第一和第二支架主体；所述第一支架主体上开设有第一长圆孔，所述第二支架主体上开设有第二长圆孔；第一支架主体上在第一长圆孔的附近焊接有两个第一限位支架，第二支架主体上在第二长圆孔的附近焊接有两个第二限位支架；所述偏心螺栓的螺杆从第二长圆孔延伸并穿过第一长圆孔，且在所述螺杆的端部配合有偏心垫片，并通过螺母将所述偏心螺栓固定在第一支架主体和支架主体上。本实用新型所述的外倾角调整机构可以较灵活的调节车轮倾角能，减少装配过程中的车轮倾角的超差和汽车使用过程中的倾角变化，保证了对汽车的操纵稳定性和经济性。
70. 204003001 一种内置离心式过滤结构
CN
10.12.2014
F01M 11/08 Loading...
F01M 11/08
Loading...
201420463985.7
阿尔特汽车技术股份有限公司
乞志刚
F01M 11/08
Loading...
本实用新型涉及一种内置离心式过滤结构，包括缸盖罩和挡油板；所述缸盖罩内铸造有空气室和PCV室，在空气室与PCV室内分别铸造有螺旋叶片安装孔；所述挡油板上设置有螺旋叶片卡入孔；而在空气室内的螺旋叶片安装孔与挡油板上的螺旋叶片卡入孔之间装配有第二螺旋叶片，在PCV室内的螺旋叶片安装孔与挡油板上的螺旋叶片卡入孔之间装配有第一螺旋叶片；所述第一螺旋叶片和第二螺旋叶片均为中空结构，且其外端面上设置有节距从上到下逐渐减小的螺旋状叶片。本实用新型所述的内置式离心过滤结构与现有技术中的单迷宫结构相比，不仅结构简单；而且能够显著提高发动机的油气分离效率，降低油气进出口压降，性能优越。
71. 204002174 3档式车门限位器
CN
10.12.2014
E05C 17/12 Loading...
E05C 17/12
Loading...
201420463972.X
阿尔特汽车技术股份有限公司
田上周一
E05C 17/12
Loading...
本实用新型涉及一种3档式车门限位器，包括档位臂，和设置在所述档位臂第一端并通过铰链连接的车身安装座；而所述档位臂上具有3个档位并且其上设置有限位器壳体；而所述限位器壳体安装至车门内板上；并且所述限位器壳体通过滚针或滑块夹持在所述档位臂的两侧，而所述滚针或滑块的另一端通过弹簧连接。采用本实用新型的车门结构，在窄停车场或小孩子上下车时，车门不会一下子大尺度打开，开关时可以做细小调整，可称为“安全和舒适车门”。
72. 204003146 一种具有加强结构的机油泵盖
CN
10.12.2014
F02F 7/00 Loading...
F02F 7/00
Loading...
201420463982.3
阿尔特汽车技术股份有限公司
段士蕊
F02F 7/00
Loading...
本实用新型涉及一种具有加强结构的机油泵盖，其包括在其中部设置有转子安装座的机油泵盖，所述机油泵盖的内表面形成有机油泵内腔室；对应于所述机油泵内腔室位置的机油泵盖的外表面上形成有延伸至所述转子安装座的加强筋；并且在所述转子安装座下方的圆周附近的机油泵盖的外表面上设置有圆弧型的挡油墙，并且在所述挡油墙与所述转子安装座之间形成了润滑油槽。本实用新型的具有加强结构的机油泵盖设置有加强筋和挡油墙，且其结构简单，不仅显著增强了机油泵盖的强度，且又保持了内部腔室结构，另外还显著提高了正时链的润滑效果。
73. 204003208 一种汽车用燃油滤清器安装支架
CN
10.12.2014
F02M 37/22 Loading...
F02M 37/22
Loading...
201420454183.X
阿尔特汽车技术股份有限公司
孙永海
F02M 37/22
Loading...
本实用新型涉及一种汽车用燃油滤清器安装支架，其包括金属主支架和上支架，所述金属主支架包括主支架底座，以及第一圆弧侧架和第二圆弧侧架；所述第一圆弧侧架的上端具有连接槽，所述第二圆弧侧架的上端焊接有螺母，而所述上支架的第一端具有与连接槽活动连接的嵌合部，而所述上支架的第二端具有通孔，所述的通孔容许螺栓的螺栓杆穿过并通过螺栓与螺母螺接。所述支架通过限位结构可对燃油滤清器进行安装限位，便于燃油滤清器的安装；所述支架上可安插管夹，便于燃油滤清器出油口端回油管的固定；所述支架可满足支架与燃油滤清器先分装再整体安装；所述支架采用螺接方式，便于燃油滤清器的安装与拆卸；所述支架可减少振动对燃油滤清器的影响。
74. 203996191 一种调节驻车力与行程的机构
CN
10.12.2014
B60T 11/04 Loading...
B60T 11/04
Loading...
201420454185.9
阿尔特汽车技术股份有限公司
冀红超
B60T 11/04
Loading...
本实用新型涉及一种调节驻车力与行程的机构，包括通过螺栓固定在车身上的安装支架，还包括旋转支架、螺纹杆和平衡支架，而所述旋转支架通过铆钉与安装支架铆接在一起；所述旋转支架具有第一调节臂和第二调节臂，而所述第一调节臂和第二调节臂上均具有多个调节位孔；所述第一调节臂上的调节位孔用于与前拉线的端子安装，而所述第二调节臂上的调节位孔通过端子与所述螺纹杆的前端安装，而所述螺纹杆的后端通过凸焊螺母与所述平衡支架连接，并且在所述凸焊螺母远离所述平衡支架的一侧还设置有调节螺母。本实用新型所述的机构不受设计阶段、供应商差异影响，能够提供多种力与行程的关系，而且构造简单，操作方便，效果明显，整改成本低。
75. 204003070 一种汽车散热器可变水室结构
CN
10.12.2014
F01P 11/00 Loading...
F01P 11/00
Loading...
201420454203.3
阿尔特汽车技术股份有限公司
谢克非
F01P 11/00
Loading...
本实用新型涉及一种汽车散热器可变水室结构，包括左水室、右水室和芯体，右水室具有冷却液进口和冷却液出口，并且其内还设置有冷却液隔板；芯体安装在所述左水室与右水室之间，并且所述芯体包括多个散热冷却管，散热冷却管从左水室水平延伸并连通至右水室；所述右水室沿着高度方向设置有多个限位凹槽，所述冷却液隔板设置并固定在所述限位凹槽内。本实用新型的汽车散热器可变水室结构通过冷却液隔板，借此可以改变芯体内部冷却液流速和温度差，从而对散热器的散热量进行调节；与目前普遍应用的散热器产品相比，可以更加精确的控制冷却液的工作温度，使发动机保持在最佳的工作温度，提高整车燃油经济性。
76. 204002968 一种V6发动机OCV油路布置结构
CN
10.12.2014
F01L 9/02 Loading...
F01L 9/02
Loading...
201420463974.9
阿尔特汽车技术股份有限公司
乞志刚
F01L 9/02
Loading...
本实用新型涉及一种V6发动机OCV油路布置结构，所述缸盖罩内设置有机油入口、OCV阀和凸轮轴承盖配接台；在所述机油入口与所述OCV阀之间设置有专用油路，而且在所述机油入口处设置有机油滤部件，所述OCV阀与所述凸轮轴承盖配接台之间设置有连接油路。本实用新型所述的油路布置结构缩短了OCV阀与VVT的油路距离，响应性获得提高，并减少零件，增加可靠性。
77. 203996027 卡车后围挡雨条结构
CN
10.12.2014
B60R 13/06 Loading...
B60R 13/06
Loading...
201420460120.5
阿尔特汽车技术股份有限公司
张兴华
B60R 13/06
Loading...
本实用新型涉及一种卡车后围挡雨条结构，包括固定在后围上并且向货箱或货柜方向延伸的第一挡雨条，和固定在货箱或货柜上并且向所述后围方向延伸的第二挡雨条；所述第一挡雨条与所述第二挡雨条设置在不同的水平高度，并且沿着竖直方向具有交错遮挡的结构。本实用新型的挡雨条结构分为两个部分，分别安装在后围板及货箱/货柜上，并且遮雨部分交错布置，能够将后围与货箱或货柜之间落下的雨水完全遮挡，并且汇集后的雨水导引到两侧排出，从而有效保护下方动力、底盘等系统的外露零件不被雨水侵蚀。
78. 204002973 一种正时链润滑结构
CN
10.12.2014
F01M 1/08 Loading...
F01M 1/08
Loading...
201420463984.2
阿尔特汽车技术股份有限公司
段士蕊
F01M 1/08
Loading...
本实用新型涉及一种正时链润滑结构，其包括机油泵盖，所述机油泵盖中设置有转子安装座，所述转子安装座的上方在所述的机油泵盖中还形成有主油道，所述转子安装座的周围设置有用于驱动转子的正时链；而在所述主油道上靠近所述正时链的上方开设有小孔形成能对正时链喷油的机油喷嘴。本实用新型的正时链润滑结构能够有效避免增加缸体体积或增加专门的供油装置，结构简单可靠，同时也减少了压装工序，有效降低了成本。
79. 203958303 蹼腔式T型悬臂吊挂支撑结构
CN
26.11.2014
B62D 21/00 Loading...
B62D 21/00
Loading...
201420272674.2
阿尔特汽车技术股份有限公司
魏向阳
B62D 21/00
Loading...
本实用新型涉及一种蹼腔式T型悬臂吊挂支撑结构，其由L型的立板、托板，和具有主挂钩及加强筋柱的筋柱合件所构成；其中，所述的L型的立板由垂直部和悬伸部构成，并且所述立板上形成有从垂直部延伸至悬伸部端部的左凸起部、中间凸起部和右凸起部；而所述的托板对应设置有左凹陷部、中间凹陷部和右凹陷部；所述加强筋柱设置在立板的中间凸起部内侧，所述主挂钩设置在托板的中间凹陷部上方；所述L型的立板、筋柱合件和托板焊接后形成左副腔体、中间主腔体和右副腔体。所述的吊挂支撑结构拆装方便，互换性强；且在使用过程中通蹼腔板使长悬臂吊耳综合性能提高，吊挂物稳定性增强；所述吊挂支撑结构可在乘用车、商用车及在改装、试装领域广泛应用。
80. 203957989 车用氛围灯安装结构
CN
26.11.2014
B60Q 3/02 Loading...
B60Q 3/02
Loading...
201420272671.9
阿尔特汽车技术股份有限公司
刘俊领
B60Q 3/02
Loading...
本实用新型涉及车用氛围灯安装结构，包括：门护板上本体、门护板中饰板和氛围灯；所述氛围灯设置并固定在所述门护板上本体和门护板中饰板之间的间隙中；并且在所述门护板中饰板面对所述门护板上本体的一侧的侧壁上设置有上限位板和下支撑板，而所述氛围灯被限制在所述上限位板和下支撑板之间。本实用新型的安装结构能够在一定程度上增大了用户乘坐空间，提升了用户使用舒适度；避免了氛围灯卡子有可能产生的异响，提升用户使用体验。本实用新型的氛围灯安装结构适用于需要安装车用氛围灯的车型。
81. 203958024 汽车车身千斤顶固定结构
CN
26.11.2014
B60R 11/06 Loading...
B60R 11/06
Loading...
201420272639.0
阿尔特汽车技术股份有限公司
祝锋
B60R 11/06
Loading...
本实用新型涉及一种汽车车身千斤顶固定结构，其包括千斤顶、固定支架和钣金件；所述固定支架具有顶板，所述顶板的两侧下端对称地设置有上侧板，所述上侧板的前端具有向下的延伸端；所述上侧板的后端向下延伸设置有弯曲的腰板，所述腰板的底部设置有下侧板，所述下侧板的前端具有向上的延伸端；而所述下侧板下端沿水平方向向外延伸形成有焊接板；所述千斤顶固定并限定在所述固定支架上，而所述固定支架的焊接板通过焊点与钣金件焊接在一起。本实用新型的固定结构解决了因为悬臂太长而产生塑性变形的问题，在材料和料厚不变的情况下显著增大了固定结构的可靠性和稳定性。本实用新型所述的千斤顶固定结构可适用于所有配备千斤顶的车型。
82. 104149567 汽车悬架用橡胶衬套结构
CN
19.11.2014
B60G 7/00 Loading...
B60G 7/00
Loading...
201410398406.X
阿尔特汽车技术股份有限公司
王雷
B60G 7/00
Loading...
本发明涉及一种汽车悬架用橡胶衬套结构，所述橡胶衬套结构包括球头销外座和球头套管；球头销外座的外部具有圆柱形的外表面，球头销外座的内部具有圆球形的内表面，球头销外座的圆柱形的外表面上套设有橡胶衬套本体，而橡胶衬套本体外部还设置有衬套外套管；球头套管轴向具有中心通孔结构，球头套管中部具有球面结构，而球面结构的两端为圆柱结构，其球面结构安装于球头销外座的圆球形的内表面上。在本发明的橡胶衬套结构中引入了球头结构，使得衬套球头套管与橡胶本体件可以相对自由转动和摆动，可以消除目前所用普通橡胶衬套在悬架运动过程中产生的摆动及扭转反力，降低衬套对悬架刚度影响并减小悬架系统运动迟滞，提高整车舒适性及操控性。
83. 104129251 汽车六连杆非独立悬架结构
CN
05.11.2014
B60G 21/05 Loading...
B60G 21/05
Loading...
201410398402.1
阿尔特汽车技术股份有限公司
王雷
B60G 21/05
Loading...
本发明提涉及一种汽车六连杆非独立悬架结构，其包括左上纵拉杆(1)、左下控制臂(2)、后整体桥管(4)、左横向拉杆(5)、中间摇臂安装横梁(6)、中间摇臂(7)、右横向拉杆(8)、右上纵拉杆(9)和右下控制臂(10)。本发明所述的非独立悬架结构具有较多设计自由度，通过调整纵向拉杆长度及安装硬点，可以合理控制轮心运动轨迹，使整车具有良好不足转向趋势的轴转向特性，相比目前普遍应用的单横向推力杆五连杆整体桥式非独立悬架可以使多连杆整体桥式非独立悬架车轮垂向跳动引起的后桥横向窜动量降至最小，提高整车行驶稳定性，对于后轮驱动车辆则可以明显降低行驶跑偏现象。
84. 203891634 车门通用铰链
CN
22.10.2014
E05D 3/02 Loading...
E05D 3/02
Loading...
201420161842.0
阿尔特汽车技术股份有限公司
邹德志
E05D 3/02
Loading...
本实用新型涉及一种车门通用铰链，包括链公板和铰链母板；所述铰链母板通过铰链轴可转动的连接到所述铰链公板上，并且所述铰链母板上设置有限制所述铰链母板转动角度的压铆限位块。本实用新型所述的车门通用铰链不仅能够使已开发生产的成熟铰链产品做到同款车型前后门通用；而且能够使已开发生产的成熟铰链产品做到各车型通用；从而避免了铰链模具变更所付出的额外成本，也避免了全新开发铰链的成本及风险。
85. 203808691 车门通用铰链结构
CN
03.09.2014
E05D 11/10 Loading...
E05D 11/10
Loading...
201420161841.6
阿尔特汽车技术股份有限公司
邹德志
E05D 11/10
Loading...
本实用新型涉及一种车门通用铰链结构，包括：铰链公板和铰链母板，车门通用铰链结构，并且所述铰链母板具有定位板，以及与所述定位连接的连接臂；所述铰链公板具有固定板和旋转臂；所述铰链公板的旋转臂通过铰链轴可转动的连接到所述铰链母板上，并且所述铰链母板的连接臂上设置有限制所述旋转臂转动角度的限位块。本实用新型所述的车门通用铰链结构不仅能够使已开发生产的成熟铰链产品做到同款车型前后门通用；而且能够使已开发生产的成熟铰链产品做到各车型通用；从而避免了铰链模具变更所付出的额外成本，也避免了全新开发铰链的成本及风险。
86. 203808684 车门通用铰链结构
CN
03.09.2014
E05D 3/02 Loading...
E05D 3/02
Loading...
201420161844.X
阿尔特汽车技术股份有限公司
邹德志
E05D 3/02
Loading...
本实用新型涉及一种车门通用铰链结构，包括：铰链公板和铰链母板，并且所述铰链母板具有固定板，与所述固定板连接的弯曲过渡部，和位于所述弯曲过渡部两侧的第一旋转臂和第二旋转臂；所述铰链母板的第一旋转臂和第二旋转臂通过铰链轴可转动的连接到所述铰链公板上，并且所述弯曲过渡部的内侧面上设置有限制所述铰链母板转动角度的压铆限位块。本实用新型所述的车门通用铰链结构不仅能够使已开发生产的成熟铰链产品做到同款车型前后门通用；而且能够使已开发生产的成熟铰链产品做到各车型通用；从而避免了铰链模具变更所付出的额外成本，也避免了全新开发铰链的成本及风险。
87. 203806014 实现新旧车型前地板总成共用的边梁结构
CN
03.09.2014
B62D 25/20 Loading...
B62D 25/20
Loading...
201420161843.5
阿尔特汽车技术股份有限公司
田上周一
B62D 25/20
Loading...
本实用新型涉及一种实现新旧车型前地板总成共用的边梁结构，包括前地板、边梁内板、边梁外板和侧围外板；所述边梁内板与所述边梁外板和侧围外板的底部法兰边焊接在一起；并且所述边梁外板的顶部法兰边与边梁内板的侧壁焊接在一起，所述边梁内板与所述侧围外板的顶部法兰边焊接在一起。采用本实用新型所述的边梁结构，在基于现有车型基础上研发新车型时能够使得新旧车型前地板总成通用；从而有利于降低新车型的设计、生产的成本，并且有利于缩短开发周期，降低开发风险；本实用新型所述的结构可以用于轿车及SUV等基于现有车型的新车型的开发。
88. 203698183 八角形断面前车架和前保险杠横梁结合结构
CN
09.07.2014
B60R 19/24 Loading...
B60R 19/24
Loading...
201420062419.5
阿尔特汽车技术股份有限公司
田上周一
B60R 19/24
Loading...
本实用新型涉及一种八角形断面前车架和前保险杠横梁结合结构，包括前车架总成和前保险杠横梁；所述前保险杠横梁由前防撞梁和内板构成，其中所述前保险杠横梁由前面板，和上安装面与下安装面构成，所述内板上开设有插入孔，与所述插入孔对应的前面壁板上开设有焊接操作孔；所述前车架总成从所述内板的插入孔插入，并且使其前端部的翻边与所述前面板的内壁焊接结合。本实用新型所述的结合结构，通过内外板形成八角形断面，加长碰撞吸能长度，增大碰撞吸能的效果；使前端部分横向的防撞梁与八角形断面的前车架有效结合增加吸能效果。本实用新型所述的结合结构可以灵活运用在轿车、SUV、卡车的前保险杠横梁总成结构设计中。
89. 203698432 前地板处三明治及十字组合结构
CN
09.07.2014
B62D 25/20 Loading...
B62D 25/20
Loading...
201420060045.3
阿尔特汽车技术股份有限公司
田上周一
B62D 25/20
Loading...
本实用新型涉及一种前地板处三明治及十字组合结构，包括前地板和侧梁内面板；所述前地板具有与所述侧梁内面板相对的突起部和地面板；所述地面板上具有前座椅横梁和后座椅横梁；所述地面板的下部设置有前端纵梁，在所述地面板的上部设置有顶架；所述顶架穿过所述前座椅横梁并延伸至所述后座椅横梁，使得所述顶架与所述前座椅横梁构成十字结构，所述顶架、地面板与前端纵梁构成三明治结构。本实用新型所述的结构在不增加重量的基础上，提供了传统结构所不具备的非常坚固的前地板结构；不仅能够有效利用的地板空间，结构更加牢固，而且还能有效分散正碰和侧碰输入的载荷；本实用新型所述的结构可以应用于轿车、SUV等车型的前地板结构中。
90. 203698420 前纵梁后部三足分散载荷结构
CN
09.07.2014
B62D 23/00 Loading...
B62D 23/00
Loading...
201420060107.0
阿尔特汽车技术股份有限公司
田上周一
B62D 23/00
Loading...
本实用新型涉及一种前纵梁后部三足分散载荷结构，包括前纵梁、前柱、门槛边梁和前地板支架；所述前纵梁具有弯曲延伸并与所述前柱上部焊接的第一连接部，和具有弯曲延伸并与所述前柱下部焊接的第二连接部；所述前纵梁的底部通过焊接连接所述前地板支架；所述第一连接部、第二连接部和前地板支架形成三足结构；并且所述第一连接部与第二连接部的边界处，以及第二连接部和前地板支架的边界处通过焊接连接。本使用新型所述的结构，当碰撞发生时能够改善冲击载荷的传递路径，分散冲击载荷，从而能够有效提高车身碰撞安全性能，有效保证了驾驶室的生存空间，提高了驾乘人员的安全性；可以应用于乘用车、SUV和商用车上。
91. 203701726 车门内扣手结构
CN
09.07.2014
E05B 3/00 Loading...
E05B 3/00
Loading...
201320669843.1
阿尔特汽车技术股份有限公司
杜光宇
E05B 3/00
Loading...
本实用新型涉及一种车门内扣手结构，包括与门饰板相连接的扣手壳体、第一金属转轴和第二金属转轴；所述扣手壳体包括上部和下部，以及设置在上部和下部之间的双转轴承接面；所述双转轴承接面为环臂式结构；所述第一金属转轴设置在环臂式结构上部和扣手壳体的上部之间，并且所述第一金属转轴上装配有锁止拨钮；所述第二金属转轴设置在环臂式结构下部和扣手壳体下部之间，所述第二金属转轴上装配有开启手柄和回位弹簧。本实用新型所述的车门内扣手结构，在有限的空间内合理布置双转轴，从而实现更大的拉动行程，给门扣手自身及门锁设计以更大的自由度，给造型更大的发挥空间。
92. 203698153 具有溃缩结构的门护板
CN
09.07.2014
B60R 13/02 Loading...
B60R 13/02
Loading...
201320798881.7
阿尔特汽车技术股份有限公司
白怀飞
B60R 13/02
Loading...
本实用新型涉及一种具有溃缩结构的门护板，包括：肘靠部、肘靠上侧部和肘靠下侧部，所述肘靠部通过上弯曲连接部和肘靠上侧部连接；所述肘靠部通过下弯曲连接部和肘靠下侧部连接;所述肘靠部上具有多个溃缩结构，所述溃缩结构具有渐变的壁厚，其壁厚由最大值渐变为最低值；并且所述上弯曲连接部和下弯曲连接部的厚度不小于所述最大值。使用本实用新型所述的门护板，当侧面碰撞发生时，接触到乘客身体的区域将会发生溃缩和变形，从而能够吸收大部分碰撞能量，降低碰撞对乘客的伤害风险和程度。
93. 203651455 汽车排气吊挂结构
CN
18.06.2014
B60K 13/04 Loading...
B60K 13/04
Loading...
201420025672.3
阿尔特汽车技术股份有限公司
梁磊
B60K 13/04
Loading...
本实用新型涉及一种汽车排气吊挂结构，属于汽车零配件的技术领域，其包括橡胶吊块本体、第一安装支架和第二安装支架；所述橡胶吊块本体具有左端面和右端面，并且所述橡胶吊块本体的上部具有从左端面延伸至右端面的安装连接通孔，所述橡胶吊块本体的下部具有从左端面延伸至右端面的排气连接通孔；所述第一安装支架和第二安装支架通过设置在所述安装连接通孔内的销轴固定在所述橡胶吊块本体的左端面和右端面上。
94. 203655865 换挡软轴调节结构
CN
18.06.2014
F16C 1/22 Loading...
F16C 1/22
Loading...
201420025688.4
阿尔特汽车技术股份有限公司
郭思达
F16C 1/22
Loading...
本实用新型涉及一种换挡软轴调节结构，属于汽车换挡操纵结构的技术领域，其包括拉索接头本体和拉索，拉索具有长条状本体，和位于长条状本体下部的锯齿结构；拉索接头本体包括第一端和第二端，其中所述拉索接头的第一端附近具有安装孔，拉索接头的第二端附近具有从所述第二端向第一端延伸的长方形调节槽，调节槽的底部设置有弹簧卡子；而拉索接头的第二端还具有从所述第二端外表面延伸至所述调节槽的通孔，所述拉索的一端穿过所述第二端的通孔而设置在所述调节槽内，并且所述拉索的锯齿结构与所述弹簧卡子相配合。本实用新型的换挡软轴调节机构采用弹簧卡子结构及锯齿间隙可以在不明显损失机械效率的情况下吸收换挡冲击，使纯刚性连接具有挠性。
95. 203651873 转向管柱的溃缩吸能结构
CN
18.06.2014
B62D 1/19 Loading...
B62D 1/19
Loading...
201420025702.0
阿尔特汽车技术股份有限公司
王志磊
B62D 1/19
Loading...
本实用新型涉及一种转向管柱的溃缩吸能结构，包括内齿轮、花键、上轴和下轴；其中，所述的花键由第一半开式花键和第二半开式花键构成；第一半开式花键具有第一半开式塑性结构和第一半开式刚性结构；第二半开式花键具有第二半开式刚性结构和第二半开式塑性结构；第一半开式花键和第二半开式花键外侧与内齿轮啮合，第一半开式花键和第二半开式花键内侧与上轴啮合；下轴与第一半开式花键刚性连接。本实用新型所述的溃缩吸能结构简单可靠，并且能依靠塑性变形和两个半开式花键的相对运动吸收外界碰撞能量，具有持续吸收冲击能量的特性，从而能够显著减少冲击能量对驾驶员的损伤，保护驾驶员的安全健康。
96. 203656379 固定管路的管夹
CN
18.06.2014
F16L 3/237 Loading...
F16L 3/237
Loading...
201420025652.6
阿尔特汽车技术股份有限公司
谢克非
F16L 3/237
Loading...
本实用新型涉及一种固定管路的管夹，属于管路固定装置的技术领域，所述管夹包括金属支架，所述支架包括金属连接板，所述金属连接板具有第一主表面和第二主表面；并且金属连接板的第一端部具有两个第一定位卡环，所述金属连接板的第二端部具有两个第二定位卡环；所述两个第一定位卡环之间设置有第一橡胶卡环，所述两个第二定位卡环之间设置有第二橡胶卡环。所述的管夹可使用于较长的硬管固定，如可应用于发动机后置车型的冷却管路的固定结构中，能够减少振动对管路的影响，并可灵活根据车身结构布置，避免设计不同的支架，减少了设计成本。
97. 203651488 仪表板安装结构
CN
18.06.2014
B60K 37/00 Loading...
B60K 37/00
Loading...
201420025663.4
阿尔特汽车技术股份有限公司
班祥凯
B60K 37/00
Loading...
本实用新型涉及一种仪表板安装结构，属于汽车配件装配的技术领域，其包括仪表板总成管梁与白车身侧围；仪表板总成管梁与白车身侧围通过螺旋机构固定；其中螺旋机构由第一螺旋管、第二螺旋管和中心螺杆构成；第一螺旋管的内表面具有内螺纹，第一螺旋管的外表面具有外螺纹；第一螺旋管设置在仪表板总成管梁与白车身侧围上，而第一螺旋管的内螺纹与中心螺杆的外螺纹螺旋配合；第二螺旋管的内螺纹与第一螺旋管的外螺纹螺旋配合并且设置在白车身侧围一侧。本实用新型所述的仪表板安装结构通过螺旋机构将仪表板总成管梁固定白车身侧围上，而且通过调节该螺旋机构改变侧围与仪表板总成之间的间隙，即能够保证间隙的精度，同时也能够满足安装强度条件。
98. 203651657 车辆顶饰条安装结构
CN
18.06.2014
B60R 13/02 Loading...
B60R 13/02
Loading...
201320884147.2
阿尔特汽车技术股份有限公司
李勇
B60R 13/02
Loading...
本实用新型涉及一种车辆顶饰条安装结构，属于汽车车身结构的技术领域，所述安装结构包括顶盖外板、顶盖加强板、侧围外板和顶饰条；其中，顶盖外板的下端部以及侧围外板的上端设置有水平翻边；顶盖加强板的端部设置有水平焊接边，其端部设置有垂直向上的褶皱包边；顶盖外板的水平翻边与侧围外板的水平翻边分别焊接在顶盖加强板的水平焊接边的上表面和下表面上；顶饰条通过第一卡扣和第二卡扣嵌合在所述褶皱包边外围，安装方向为Y向。本实用新型的安装结构能够在顶盖周边形成完整的流水槽，并且通过设置泄水区，可防止顶盖上的雨水从焊接边处直接流淌到车门上端；并在顶盖周边形成帽檐似的效果，提高了美观性。
99. 203651911 汽车驾驶室门槛结构
CN
18.06.2014
B62D 25/00 Loading...
B62D 25/00
Loading...
201320835536.6
阿尔特汽车技术股份有限公司
张玉明
B62D 25/00
Loading...
本实用新型涉及一种汽车驾驶室门槛结构，包括侧围外板和门槛内板；侧围外板包括侧围基板，设置在侧围基板两端的第一阶梯部和第二阶梯部，第一阶梯部的端部设置有第一侧围止口，第二阶梯部的端部设置有第二侧围止口；门槛内板包括门槛内基板，门槛内基板的一端设置有翻边连接部，门槛内基板的另一端设置有弯曲延伸部，弯曲延伸部的末端设置有止口连接部；侧围外板的第一侧围止口与地板的延伸翻边连接部连接，门槛内板的翻边连接部与地板的延伸部连接，侧围外板的第二侧围止口与所述门槛内板的止口连接部连接并闭合形成门槛空腔。本实用新型的门槛结构通过结构的衍伸变化，达到提高门槛断面刚度的效果，进而提高了驾驶室的安全性和舒适性。
100. 203651677 保险杠安装支架
CN
18.06.2014
B60R 19/24 Loading...
B60R 19/24
Loading...
201320669844.6
阿尔特汽车技术股份有限公司
白怀飞
B60R 19/24
Loading...
本实用新型涉及一种保险杠安装支架，为前侧面和底面开口的盒体结构，所述前侧面设置有与保险杠装配的装配部，在后侧面上设置有二角形安装销以及基本呈垂直设置的加强肋，在其顶面的内侧设置有限位结构。使用本实用新型所述的保险杠安装支架能够保证保险杠的安装精度，并且能够显著提高保险杠安装支架的结构稳定性和质量。
101. 203626984 发动机内藏式水泵
CN
04.06.2014
F02F 1/10 Loading...
F02F 1/10
Loading...
201320697467.7
阿尔特汽车技术股份有限公司
李虎
F02F 1/10
Loading...
本实用新型涉及一种发动机内藏式水泵，包括与发动机缸体配合的水泵涡壳和水泵本体，所述的水泵涡壳和水泵本体与所述发动机缸体形成密封行腔，在所述密封行腔内设有水泵轴，水泵轴的前端安装有水泵叶片，水泵轴的末端安装有水泵链轮，在所述水泵本体的内壁上设置有延伸至发动机缸体内表面的排水管路，而在所述排水管路两端的发动机缸体与水泵本体的接触表面上分别设置有第一O型密封圈和第二O型密封圈；在水泵与发动机缸体外表面间设有密封垫片。本实用新型所述的水泵涡室直接集成在发动机缸体上，提高了发动机的紧凑性，而且布设简便，提高了各机型间零件通用性，降低了研发和生产成本，改进了水泵密封性能，从而提高了结构的可靠性和使用寿命。
102. 203626995 发动机的气缸盖罩结构
CN
04.06.2014
F02F 7/00 Loading...
F02F 7/00
Loading...
201320798858.8
阿尔特汽车技术股份有限公司
乞志刚
F02F 7/00
Loading...
本实用新型涉及一种发动机的气缸盖罩结构，所述结构包括气缸盖罩外壳，以及设置在所述气缸盖罩内侧的挡油板，并且所述挡油板铆接在所述气缸盖罩外壳的内侧上从而在所述挡油板与所述气缸盖罩之间形成油气分离腔室；在所述挡油板上开设有贯穿所述挡油板的落油孔，并且所述落油孔的上方设置有阻气腔。本实用新型的发动机的气缸盖罩结构通过在挡油板落油孔上方增加阻气腔结构，可以有效阻止油气从落油孔进入油气分离腔室，同时方便分离后的液态油从落油孔回到曲轴箱内。
103. 203626920 V6发动机PCV油气管路结构
CN
04.06.2014
F01M 13/00 Loading...
F01M 13/00
Loading...
201320798898.2
阿尔特汽车技术股份有限公司
乞志刚
F01M 13/00
Loading...
本实用新型涉及一种V6发动机PCV油气管路结构，包括进气歧管下座，所述进气歧管下座具有上端部，所述上端部设置有与所述进气歧管配合的进气法兰，所述上端部左右两侧分别设置有与V6发动机的左右缸盖配合的进气法兰；所述进气歧管下座内开设有左进气道和右进气道，且在进气歧管下座的下部中间位置处设置有油气主管道，在所述油气主管道上沿着其管道左右两侧依次设置有与左进气道或右进气道连通的多个油气分管道；并且所述油气主管道上开设有PCV管端口，所述端口上设置有用于与PCV管连接的PCV管接管嘴。所述V6发动机PCV油气管路结构能够改善各缸燃烧的均衡性，并且防止进气歧管稳压腔内积油。
104. 203623785 车辆前柱结构
CN
04.06.2014
B62D 25/04 Loading...
B62D 25/04
Loading...
201320761138.4
阿尔特汽车技术股份有限公司
田上周一
B62D 25/04
Loading...
本实用新型涉及车辆前柱结构，其由外板、封闭的骨架结构和连接板构成；并且所述外板的第一端通过激光焊接与所述骨架结构的一个端面连接，所述外板的第二端通过点焊与所述连接板的第一端连接，所述连接板的第二端通过激光焊接与所述骨架机构的另一个端面连接。本实用新型所述的车辆前柱结构在满足强度需求条件下，可以减小柱横截面面积，缩小障碍角，改善驾驶员视野；同时也减少了材料用量，降低了成本。
105. 203627414 制动管路液压测量装置
CN
04.06.2014
F15B 19/00 Loading...
F15B 19/00
Loading...
201320761124.2
阿尔特汽车技术股份有限公司
贾翠平
F15B 19/00
Loading...
本实用新型涉及一种制动管路液压测量装置，其包括：液压表、连接软管和连接硬管；所述液压表包括液压表本体和内螺纹接口；所述连接软管包括中空软管，以及位于中空软管第一端的接口外螺纹，和位于中空软管第二端的软管接头；所述连接硬管包括中空硬管，以及位于中空硬管第一端的内接口，和位于中空硬管第二端的硬管接头；所述液压表的内螺纹接口与连接软管的接口外螺纹配合形成密封连接；所述连接硬管的内接口与所述连接软管的软管接头配合形成密封连接。该测量装置可作为样车试制或车辆试验使用的测量器具，用于检测制动系统液压是否能够满足设计要求。
106. 203623786 汽车驾驶室顶盖加强结构
CN
04.06.2014
B62D 25/06 Loading...
B62D 25/06
Loading...
201320835481.9
阿尔特汽车技术股份有限公司
张玉明
B62D 25/06
Loading...
本实用新型涉及一种汽车驾驶室顶盖加强结构，包括顶盖板，顶盖板由平面板和与所述平面板一体成型的弯曲板所形成，所述平面板上间隔的设置有第一横梁和第二横梁；还包括用于连接所述第一横梁与前侧围板的第一连接件，用于连接所述第二横梁与后侧围板的第二连接件，用于连接所述顶盖板与后围板的第三连接件，并且所述第三连接件垂直于所述第一横梁和第二横梁，而且所述第三连接件自平面板的第二横梁延伸至弯曲板的末端与所述后围板连接。本实用新型的加强结构提高了驾驶室的强度，从而能够在汽车发生翻车事故时给车内乘员更好的安全保证，而且通过对驾驶室顶盖结构的合理化提高驾驶室的刚度，从而也降低了驾驶室的振动和噪音，提高了乘坐舒适感。
107. 203623797 汽车驾驶室后围加强结构
CN
04.06.2014
B62D 33/06 Loading...
B62D 33/06
Loading...
201320835484.2
阿尔特汽车技术股份有限公司
张玉明
B62D 33/06
Loading...
本实用新型涉及一种汽车驾驶室后围加强结构，该加强结构由外壳和内部结构组成，该外壳包括壳体，壳体上端设置有后窗窗口，下端设置有加强筋；对应于后窗窗口的上端和下端处，内部结构具有第一连接横梁和第二连接横梁；对应于后窗窗口的左侧和右侧附近，内部结构还分别有侧围连接梁，侧围连接梁的下端具有用于与地板总成的连接部；其中，第一连接横梁的端部设置有用于侧围总成螺接的Y向翻边；第二连接横梁的端部设置有与侧围总成焊接的焊接延伸部。本实用新型的汽车驾驶室后围加强结构，提高了驾驶室的刚度和强度，在汽车发生翻车事故时更好的保证车内乘员的安全，并通过合理的结构减少零件的重量，从而改善驾驶室的振动和噪音，提高乘坐舒适感。
108. 203623799 中轻型卡车导流罩安装结构
CN
04.06.2014
B62D 35/00 Loading...
B62D 35/00
Loading...
201320798885.5
阿尔特汽车技术股份有限公司
王仕飞
B62D 35/00
Loading...
本实用新型涉及一种中轻型卡车导流罩安装结构，包括流线型导流罩主体和安装支架；所述流线型导流罩主体前部内侧板上设置有卡销，所述流线型导流罩主体后部内侧板上设置有带有两个安装孔的安装基板；所述安装支架包括固定基板，和设置在所述固定基板上的连接部，所述连接部上设置有与所述卡销配合的卡销孔，所述固定基板的两端分别设置有一个安装孔；所述安装支架通过穿过所述固定基板上的安装孔的螺栓与车身顶盖连接，所述卡销与所述连接部上的卡销孔配合连接；所述安装基板通过穿过所述安装基板上安装孔的螺栓与车身顶盖连接。本实施例所述的中轻型卡车导流罩安装结构，可应用于新开发或现有中轻型卡车改型设计开发的各类导流罩安装结构。
109. 103802913 汽车的动力总成安装定位装置
CN
21.05.2014
B62D 65/10 Loading...
B62D 65/10
Loading...
201210442369.9
北京阿尔特汽车工程技术开发有限公司
李景民
B62D 65/10
Loading...
本发明涉及一种汽车的动力总成安装定位装置，其包括一个骨架（10）、一个支撑架（20）和一个安装支架（30）。骨架上设置有一个可相对于骨架升起和下降的升降装置（12）。支撑架可固定在升降装置上，且可随升降装置一起升降。安装支架包括一个沿第一调整方向（X）设置的第一导轨（32）、一个沿第二调整方向（Y）设置的第二导轨（34）和一个动力总成安装架（36）。第一导轨可固定连接在支撑架上，第二导轨设置在第一导轨上，并可沿第一导轨在第一调整方向上运动。动力总成安装架固定在第二导轨上，并可沿第二导轨在第二调整方向上运动。采用上述结构的汽车的动力总成安装定位装置操作方便，省时省力，且可保证装配质量。
110. 103802912 汽车的车门装具
CN
21.05.2014
B62D 65/06 Loading...
B62D 65/06
Loading...
201210440425.5
北京阿尔特汽车工程技术开发有限公司
李景民
B62D 65/06
Loading...
本发明提供了一种汽车的车门装具，包括一个车架（10）、一个连接杆（20）和一个固定杆（30）。其中车架包括滚轮（12）和一个支撑臂（14）。连接杆设有一个第一连接端（22）和一个第二连接端（24），第一连接端可连接于支撑臂，且连接杆可相对于支撑臂移动。固定架可固定连接汽车的车门，固定架可枢接于第二连接端。汽车的车门装具可以对车门提供良好的支撑，并方便车门的搬运。同时，通过调整支撑臂与连接杆之间的相对位置，以及固定架与连接杆之间的相对位置，可以准确方便地调整车门相对于车身的相对位置，从而提高车门与车身之间的组装定位精度，并提高车门与车身之间的组装效率。
111. 203515720 集成机油滤清器的油底壳
CN
02.04.2014
F01M 11/00 Loading...
F01M 11/00
Loading...
201320697476.6
阿尔特汽车技术股份有限公司
缪孟阳
F01M 11/00
Loading...
本实用新型涉及一种集成机油滤清器的油底壳，包括油底壳本体，所述油底壳本体包括上部开口的腔体，和在所述腔体的上部开口处向外延伸形成的用于与发动机缸体结合的安装端面；所述油底壳本体的一个侧壁外部设置有机油滤清器转接座，所述转接座内设置有出油口和进油口，并且在所述进油口上设置有与发动机缸体连接和定位的定位销，而所述出油口上安装有与所述油底壳上部的安装端面连接的导向管。使用本实用新型所述的集成机油滤清器的油底壳，更换机油滤清器更容易操作，提高了发动机的拆分等维修性；并且所述的油底壳结构紧凑，大幅提高改进了与车身的搭载适应性，降低总布置的难度，减少了中间零件，大幅提高了机油滤清器的固定强度与密封性。
112. 203497002 八角截面直线车架纵梁
CN
26.03.2014
B62D 21/15 Loading...
B62D 21/15
Loading...
201320660969.2
阿尔特汽车技术股份有限公司
田上周一
B62D 21/15
Loading...
本实用新型涉及一种八角截面直线车架纵梁，包括对接的第一型材和第二型材，所述第一型材和第二型材的上端具有基本上垂直向上延伸的上连接面，所述第一型材和第二型材的下端均具有基本上垂直向下延伸的下连接面；所述第一型材和第二型材通过上连接面和下连接面焊接固定；所述第一型材还具有纵向基板，从所述纵向基板倾斜延伸的两个斜板，和从所述斜板水平延伸的两个横板；所述第二型材还具有纵向基板，从所述纵向基板倾斜延伸的两个斜板，和从所述斜板水平延伸的两个横板。本实用新型所述的八角截面直线车架纵梁，在碰撞时车架会发生压溃变形，从而能够吸收更多的能量，保护乘员安全。
113. 203497020 行人保护用汽车翼子板安装支架
CN
26.03.2014
B62D 25/18 Loading...
B62D 25/18
Loading...
201320640704.6
阿尔特汽车技术股份有限公司
王洪彬
B62D 25/18
Loading...
本实用新型涉及一种行人保护用汽车翼子板安装支架，属于汽车零部件的技术领域，所述安装支架包括支撑面，在所述支撑面两侧分别近似对称地设置有支撑腰和支撑底板；所述支撑面与支撑腰之间设置有第一支撑腿，所述支撑腰和支撑底板之间设置有第二支撑腿，并且所述支撑面与所述支撑腰近似相互平行，在所述支撑面上设置有安装孔。本实用新型所述的行人保护用汽车翼子板安装支架的结构将现有技术中公知的“几”字形支架更改为“凸”字形支架，从而有效的将碰撞能量吸收，以达到降低人员伤害的目的，同时“凸”字形支架可产生“弹簧”的作用，在轻度碰撞时，发生弹性变形来避免翼子板的变形，或者使翼子板变形量达到最小。
114. 103639657 Method for hydraulic processing and welding forming of vehicle front column structure
CN
19.03.2014
B23P 15/00 Loading...
B23P 15/00
Loading...
201310612885.6
IAT AUTOMOBILE TECHNOLOGY CO., LTD.
TAGAMI SHUICHI
B23P 15/00
Loading...
The invention relates to a method for hydraulic processing and welding forming of a vehicle front column structure. The vehicle front column structure is formed by an aluminum alloy outer plate, a sealed asymmetrical hollow tubular structure and an aluminum alloy connecting plate. The sealed asymmetrical hollow tubular structure is formed by aluminum alloy pipe blank by hydraulic processing, a first end of the aluminum alloy outer plate is connected with one end face of the asymmetrical hollow tubular structure by laser welding, and a second end of the aluminum alloy outer plate is connected with a first end of the aluminum alloy connecting plate by spot welding, and a second end of the aluminum alloy connecting plate is connected with another end face of the sealed asymmetrical hollow tubular structure by laser welding. Under the conditions that the strength requirements are met, the vehicle front column structure prepared through the hydraulic processing and welding process can reduce column cross sectional area, obstacle angles are reduced, and driver's view is improved; the material utilization amount is also reduced simultaneously, and mechanical performance of vehicles is improved.
115. 103630095 汽车玻璃导轨检测机构
CN
12.03.2014
G01B 21/00 Loading...
G01B 21/00
Loading...
201310479865.6
阿尔特汽车技术股份有限公司
王洪彬
G01B 21/00
Loading...
本发明涉及一种汽车玻璃导轨检测机构，属于汽车检测构件的技术领域，所述检测机构包括依次顺序连接的第一检测头、检测伸缩母杆、检测伸缩公杆、检测连接杆和第二检测头。本发明所述的汽车玻璃导轨检测机构，通过模拟玻璃在导轨中的运动方式，并利用电子检测装置对导轨是否安装到位进行检测或对台架上的导轨是否按照设计螺旋线轨迹状态加工进行检测；从而可以实现对汽车玻璃导轨在车门内是否安装到位进行快速检测；并可以对在台架上对汽车导轨是否按照数据螺旋线要求加工进行快速检测。
116. 103569104 使用少缸发动机的HEV动力转动系统的充电控制方法
CN
12.02.2014



201310545689.1
阿尔特汽车技术股份有限公司
笹川将志


本发明涉及一种使用少缸发动机的HEV动力转动系统的充电控制方法，所述HEV包括发动机、发电机、电动机和高能电池；所述发动机为包括进气、压缩、做功和排气四个工作循环的发动机；其特征在于：当发动机转速在预定的空转转速与正常充电开始转速之间时，所述发电机包括周期性充电过程，所述周期性充电过程是指发电机仅在从工作循环到排气循环为止的连续期间中给高能电池充电。采用本发明的充电控制方法可以大幅改善发动机旋转的平滑性，从而会显著降低HEV混合动力车产生的振动和噪音。
117. 203381565 OBD诊断接口支架
CN
08.01.2014
B60R 11/02 Loading...
B60R 11/02
Loading...
201320490253.2
阿尔特汽车技术股份有限公司
王雪莹
B60R 11/02
Loading...
本实用新型涉及一种OBD诊断接口支架，包括主安装面板，所述主安装面板上具有与OBD诊断接口配合的卡槽，卡槽的两端具有用于固定OBD诊断接口的夹紧部；并且所述主安装面板的上端具有向外弯折的嵌入部，所述主安装面板的下端具有固定部，所述固定部上设置有与车身部件连接的安装孔。本实用新型所述的OBD诊断接口支架能够适用于所有卡接固定的OBD诊断接口，仅通过调整支架与车身等部件的配合结构即可适用于绝大多数车型。
118. 203381577 组合开关复位环单独结构
CN
08.01.2014
B60R 16/027 Loading...
B60R 16/027
Loading...
201320488580.4
阿尔特汽车技术股份有限公司
张伟
B60R 16/027
Loading...
本实用新型涉及一种组合开关复位环单独结构，属于汽车方向盘的连接件的技术领域，其包括环状本体，并且在所述环状本体的外环上具有沿着环状本体轴线方向延伸的外卡接部，以及在所述环状本体的内环上沿着环状本体轴线方向延伸的内卡接部。本实用新型所述的复位环结构通用性好，针对不同车型的配置，仅需要更换不同的配合结构就可以实现与方向盘以及螺旋电缆的安装配合；并且由于实现了复位环的通用性，从而可以减少生产模具，有利于节约生产成本。
119. 203386966 线束连接盒
CN
08.01.2014
H01R 13/514 Loading...
H01R 13/514
Loading...
201320488577.2
阿尔特汽车技术股份有限公司
徐志刚
H01R 13/514
Loading...
本实用新型涉及一种线束连接盒，包括本体，所述本体的两端分别卡接有前盖和后盖，并且所述的本体四个边角处还设置有用于固定安装的安装孔和固定螺母。本实用新型所述的线束连接盒的前盒和后盒通过卡接方式与本体装配，维修和改装时，便于拆卸和装配；而且所述本体采用模块化设计，可以根据实际需求挂接连接器、插接件、继电器和二极管等各种部件。
120. 203387059 高压配电盒
CN
08.01.2014
H02B 1/04 Loading...
H02B 1/04
Loading...
201320490241.X
阿尔特汽车技术股份有限公司
姚林
H02B 1/04
Loading...
本实用新型涉及一种高压配电盒，包括盒体，盒体内具有组装的配电器件；所述配电器件包括第一主继电器和第二主继电器，以及共用的接线铜排和高压保险管；盒体上设置有低压信号接插件和高压互锁插接件。本实用新型所述的高压配电盒在保证安全绝缘的前提下尽可能地减少了体积和重量，结构紧凑，布局合理。同时在充分考虑整车总布局的前提下，高压配电盒接口分布合理，安全可靠，安装维护方便。
121. 103434453 Adjustable front bumper treading mechanism for truck
CN
11.12.2013
B60R 3/00 Loading...
B60R 3/00
Loading...
201310398224.8
阿尔特汽车技术股份有限公司
秦丽军
B60R 3/00
Loading...
The invention relates to an adjustable front bumper treading mechanism for a truck. The adjustable front bumper treading mechanism a tube beam assembly, a left bracket assembly and a right bracket assembly, wherein the left bracket assembly and the right bracket assembly are symmetrically arranged, and two ends of the tube beam assembly are respectively connected to the left bracket assembly and the right bracket assembly in an angle-adjustable manner. When the adjustable front bumper treading mechanism provided by the invention is used, the tube beam assembly can be regulated relative to the left bracket assembly and the right bracket assembly in an advancing direction of an automobile, so that a purpose of being away from a bumper is achieved. Furthermore, the tube beam assembly can rotate around a pin shaft relative to the left bracket assembly and the right bracket assembly, so that a purpose of reducing the terrain clearance of a 'bent S-shaped' part of a tube beam is achieved, and problems that the terrain clearance of the treading is large caused when a maintainer or a cleaner gets on the truck from the front part of the truck by virtue of the front bumper treading mechanism of the truck to clean front windshield glass or maintain other parts, and legs of the maintainer or the cleaner are easily bumped when getting on the truck are solved.
122. 103273961 副车架中管梁与套筒的非焊接固定方法
CN
04.09.2013
B62D 21/00 Loading...
B62D 21/00
Loading...
201310240219.4
阿尔特汽车技术股份有限公司
张春艳
B62D 21/00
Loading...
本发明涉及一种副车架中管梁与套筒的非焊接固定方法，所述管梁的端部具有基本呈平面的上端面，和基本呈平面的下端面；所述的套筒设置在所述上端面和下端面之间，并且所述上端面和下端面的至少一个端面上具有三个以上的小突起用于将所述套筒定位并固定。本发明所述的方法中，所述套管与管梁不再采用焊接方式，避免焊接质量不良或焊缝受力，而是借助管梁本身的凸起将套管定位，管梁在受到纵向力时，力是通过弯管梁平面传递的，套筒由于受到纵向力的作用，与弯管梁在垂直方向不存在间隙，而是起到更好地支撑作用。
123. 203046895 汽车的自动换挡变速系统及其汽车
CN
10.07.2013
B60K 23/02 Loading...
B60K 23/02
Loading...
201320013987.1
阿尔特汽车技术股份有限公司
唐志强
B60K 23/02
Loading...
本实用新型涉及一种汽车的自动换挡变速系统，其离合器（34）可接合或断开变速器（24）和汽车的发动机（44）之间的运动传递。电控单元（10）在汽车行驶中可输出换挡指令和加减油门指令以变换档位。换挡执行机构（22）可根据换挡指令控制变速器变换档位。油门执行机构（42）可根据加减油门指令控制发动机的转速与变速器变换的档位相适应。离合器踏板（34）可在初始位置和最大行程位置之间运动，以在汽车起步或倒车时控制离合器，接合或断开变速器和发动机之间的运动传递。其无需设计复杂的电路以控制起步时离合器的同步，且行驶中可自动换挡，减轻驾驶员疲劳度，减少燃料消耗。本实用新型还涉及一种具有自动换挡变速系统的汽车。
124. 202894649 汽车车身的焊接夹具
CN
24.04.2013
B23K 37/04 Loading...
B23K 37/04
Loading...
201220588387.3
北京阿尔特汽车工程技术开发有限公司
缴鹤岩
B23K 37/04
Loading...
汽车车身的焊接夹具，包括一个基座模组（10）、一个第一支撑模组（20）、一个第二支撑模组（30）和复数个支撑座（40）。基座模组设有一个用于支撑汽车车身的基台（12）。第一支撑模组设有复数个第一支撑柱（221、222、223、224），第二支撑模组设有复数个第二支撑柱（321、322、323、324）。支撑座设置于基台、第一支撑柱和第二支撑柱上。第一支撑柱和/或第二支撑柱可靠近或远离放置于基座上的汽车车身，且第一支撑模组和/或第二支撑模组可沿汽车车身的方向相对于基台运动。汽车车身的焊接夹具，可以分别夹持车顶总成、侧围总成和底盘总成，调节它们之间的定位位置，使得汽车车身加工精度满足要求。
125. 202861189 合边模具
CN
10.04.2013
B21D 37/10 Loading...
B21D 37/10
Loading...
201220584708.2
北京阿尔特汽车工程技术开发有限公司
高全岭
B21D 37/10
Loading...
本实用新型涉及一种合边模具，其模具本体（10）具有一个用以放置及定位车门外板（50）的轮廓型面（12）。固定在模具本体上的一个第一基准点定位装置（22）和一个第二基准定位装置（24）分别具有一个朝向轮廓型面的第一定位头（222）和第二定位头（242），第一定位头和第二定位头可分别对准两个基准定位位置，以分别对应于车门内板（60）上的两个基准定位孔（62、64）。固定在模具本体上的定位检验装置（30）具有朝向车门内板侧面的检验头（32），检验头可对准一个定位检验位置，以对应于车门内板上的安装孔（66）。其定位准确，且可使样车试制过程与汽车成品制造过程中的定位标准统一。
126. 202863605 汽车的动力总成安装定位装置
CN
10.04.2013
B62D 65/02 Loading...
B62D 65/02
Loading...
201220584727.5
北京阿尔特汽车工程技术开发有限公司
李景民
B62D 65/02
Loading...
本实用新型涉及一种汽车的动力总成安装定位装置，其包括一个骨架（10）、一个支撑架（20）和一个安装支架（30）。骨架上设置有一个可相对于骨架升起和下降的升降装置（12）。支撑架可固定在升降装置上，且可随升降装置一起升降。安装支架包括一个沿第一调整方向（X）设置的第一导轨（32）、一个沿第二调整方向（Y）设置的第二导轨（34）和一个动力总成安装架（36）。第一导轨可固定连接在支撑架上，第二导轨设置在第一导轨上，并可沿第一导轨在第一调整方向上运动。动力总成安装架固定在第二导轨上，并可沿第二导轨在第二调整方向上运动。采用上述结构的汽车的动力总成安装定位装置操作方便，省时省力，且可保证装配质量。
127. 202861842 钣金件的切割定位底架及其切割定位装置
CN
10.04.2013
B23Q 3/00 Loading...
B23Q 3/00
Loading...
201220582153.8
北京阿尔特汽车工程技术开发有限公司
缴鹤岩
B23Q 3/00
Loading...
本实用新型涉及一种钣金件的切割定位底架，其可固定用于定位钣金件（50）的定位杆（34），钣金件的切割定位底架包括一个框架（10）和至少一个调节架（20）。框架具有一对沿第一调整方向（X）设置的第一定位轨道（12）。调节架可固定在一对第一定位轨道上，调节架可沿第一调整方向调节其在这对第一定位轨道上的固定位置，且调节架上还具有沿第二调整方向（Y1）设置的用以定位定位杆的第二定位轨道（22），定位杆可根据钣金件（50）的形状调整其在第二定位轨道上的定位位置。其结构简单，可根据不同形状的钣金件调整定位位置，操作方便，定位准确，且本实用新型还涉及一种具有上述切割定位底架的切割定位装置。
128. 202863606 汽车的车门装具
CN
10.04.2013
B62D 65/06 Loading...
B62D 65/06
Loading...
201220582438.1
北京阿尔特汽车工程技术开发有限公司
李景民
B62D 65/06
Loading...
本实用新型提供了一种汽车的车门装具，包括一个车架（10）、一个连接杆（20）和一个固定杆（30）。其中车架包括滚轮（12）和一个支撑臂（14）。连接杆设有一个第一连接端（22）和一个第二连接端（24），第一连接端可连接于支撑臂，且连接杆可相对于支撑臂移动。固定架可固定连接汽车的车门，固定架可枢接于第二连接端。汽车的车门装具可以对车门提供良好的支撑，并方便车门的搬运。同时，通过调整支撑臂与连接杆之间的相对位置，以及固定架与连接杆之间的相对位置，可以准确方便地调整车门相对于车身的相对位置，从而提高车门与车身之间的组装定位精度，并提高车门与车身之间的组装效率。
129. 202863602 汽车模型的移型车
CN
10.04.2013
B62D 63/06 Loading...
B62D 63/06
Loading...
201220585234.3
北京阿尔特汽车工程技术开发有限公司
侯炳新
B62D 63/06
Loading...
本实用新型提供了一种汽车模型的移型车，包括一个第一车体（10）、一个第二车体（20）和至少一个连接杆（30）。第一车体设有一个第一工作台（12）、一个第一车架（14）和复数个可支撑第一工作台的第一滚轮（16），第一车架和第一滚轮可连接于第一工作台背向汽车模型的端面上。第二车体设有一个第二工作台（22）、一个第二车架（24）和复数个可支撑第二工作台的第二滚轮（26），第二车架和第二滚轮可连接于第二工作台背向汽车模型的端面上。连接杆可穿接于第一车架和第二车架。汽车模型的移型车，实现对汽车模型的整体平稳移动，以减少汽车模型搬运过程对汽车模型品质的影响。
130. 202541283 增程式电动汽车的动力系统及其增程式电动汽车
CN
21.11.2012
B60K 6/20 Loading...
B60K 6/20
Loading...
201220147985.7
阿尔特汽车技术股份有限公司
唐志强
B60K 6/20
Loading...
本实用新型涉及一种增程式电动汽车的动力系统，其包括一个第一输入轴（162）、一个第二输入轴（262）、一个输出轴（362）和一个啮合组件（24）。增程式电动汽车的主驱动电机（16）可驱动第一输入轴，输出轴可被第一输入轴和/或第二输入轴驱动，其中，增程式电动汽车的发动机（26）的输出轴通过增程式电动汽车的辅助电机（28）的转子传动至第二输入轴，第二输入轴可通过啮合组件传动至输出轴。上述结构可以使由发动机和辅助电机组成的发电机组与增程式电动汽车的其它驱动结构的连接更简便，且可以使增程式电动汽车的动力系统的效能最佳化。
131. 202541497 电动车的电池更换设备
CN
21.11.2012
B60S 5/06 Loading...
B60S 5/06
Loading...
201220046707.2
阿尔特汽车技术股份有限公司
唐志强
B60S 5/06
Loading...
本实用新型涉及一种电动车的电池更换设备，其包括一个图像捕捉装置（12）、一个图像处理装置（14）和一个电池拆装装置（16），图像捕捉装置可捕捉电动车（20）上部车身的图像，并可输出图像捕捉信号；图像处理装置（14）可接收由图像捕捉装置输出的图像捕捉信号，并根据图像捕捉信号输出表示该电动车位置的定位信号；电池拆装装置可接收图像处理装置（14）输出的定位信号，并可根据定位信号调整位置以对准电池（30）。上述结构可使电池拆装装置快速准确地对准电动车下面的电池的位置，以实现电池的快速更换。
132. 202294792 电动汽车的增程器系统及其电动汽车
CN
04.07.2012
B60W 10/08 Loading...
B60W 10/08
Loading...
201120344650.X
阿尔特汽车技术股份有限公司
于树怀
B60W 10/08
Loading...
本实用新型提供了一种电动汽车的增程器系统，包括一个发动机组件、一个发电机组件和一个增程器控制器。发动机控制器可信号连接于发动机，发动机控制器可控制发动机的动作。发电机控制器可电连接于和可信号连接于发电机。发电机可输入发动机输出的增程功率，并输出一个交流功率。增程器控制器独立于发电机控制器设置，增程器控制器可信号连接于发电机控制器、发动机控制器和电动汽车的整车控制器。本实用新型还提供了使用上述增程器系统的电动汽车。由于发电机控制器和增程器控制器分离设置，很大程度上降低了发电机控制器的电磁辐射对增程器控制器的影响，保证其工作的稳定性和可靠性。
133. 202022174 电动汽车的电机控制器
CN
02.11.2011
B60R 16/02 Loading...
B60R 16/02
Loading...
201120126971.2
天津阿尔特汽车技术有限公司
陈绪强
B60R 16/02
Loading...
本实用新型提供了电动汽车的电机控制器，包括盒体（10）、电容器（16）、散热器（20）、IGBT组件（30）和隔板（40）。盒体的本体（12）上包括控制信号输入端（122）、电流输入端（124）和电流输出端（126）。电容器经由输入线（164）与电流输入端相连。IGBT组件可由散热器冷却。IGBT组件包括IGBT（32）和IGBT驱动器（34），IGBT经由输出线（326）与电流输出端相连。隔板覆盖在电容器和IGBT组件上，并设有一个与控制信号输入端相连接的控制板。本实用新型的电动汽车的电机控制器具有良好冷却性能，以避免IGBT工作时产生的热量影响控制元件的性能。
134. 202022075 电动汽车的空调系统
CN
02.11.2011
B60H 1/00 Loading...
B60H 1/00
Loading...
201020540628.8
阿尔特（中国）汽车技术有限公司
宣奇武
B60H 1/00
Loading...
一种电动汽车的空调系统，包括：一个与电动汽车的汽车电池相连的逆变器；一个与逆变器相连的空调压缩机，空调压缩机输出的制冷剂经冷凝器、储液干燥器、膨胀阀和乘员室蒸发器返回空调压缩机；和一个空调控制器，控制器接收来自电动汽车的乘员室温度信号、乘员室蒸发器的蒸发器温度信号、和由一个温度设定器设定的目标温度信号，并根据这些信号输出对空调压缩机的控制信号。这种空调系统保留了燃料汽车空调系统的蒸发器，取消了混风器，可以直接使用电动汽车的高压电源（电池）。能够节省能源，提高乘坐人员的温热舒适性。
135. 201994285 绝缘栅双极型晶体管的散热器及其晶体管散热器组件
CN
28.09.2011
H01L 23/473 Loading...
H01L 23/473
Loading...
201120055513.4
阿尔特（中国）汽车技术有限公司
王琦
H01L 23/473
Loading...
本实用新型提供了绝缘栅双极型晶体管（10）的散热器（20）包括一个散热体（210）和一个导热连接垫圈（220）。其中，散热体设有可盛放冷却介质的盛放槽（212）。导热连接垫圈具有弹性，导热连接垫圈敷设在盛放槽的开口端边缘处。本实用新型还提供了使用该绝缘栅双极型晶体管的晶体管散热器组件。使用绝缘栅双极型晶体管散热器及其散热组件，降低整个散热器的加工精度，简化了整个散热器的组装工艺，进一步提高了散热器的散热能力。
136. 201989604 三轴混合动力车
CN
28.09.2011
B60K 6/20 Loading...
B60K 6/20
Loading...
201120061544.0
阿尔特（中国）汽车技术有限公司
黄超
B60K 6/20
Loading...
本实用新型提供了一种三轴混合动力车，包括一个可用于转向的车轴（12），一个可由燃油发动机（60）驱动的车轴（16）和一个可由电动机（40）驱动的车轴（14），还包括一个控制器（50），其具有检测车辆运行状态的感应单元（52），控制器可以根据由感应单元的感应信号确定的车辆运行状态向电动机输出控制信号。采用本实用新型的三轴混合动力车，可以提高在满载起步或爬坡等大负荷状态下车辆的性能。
137. 201992007 电动车的两档自动变速器
CN
28.09.2011
F16H 3/10 Loading...
F16H 3/10
Loading...
201120108947.6
天津阿尔特汽车技术有限公司
唐志强
F16H 3/10
Loading...
本实用新型提供了电动车的两档自动变速器，包括输入轴（20）、输出轴（30）、自动离合器（40）、单向离合器（50）、倒档齿轮（62）、驻车齿轮（64）和齿套（66）。自动离合器设置在输入轴上，以连接输入轴与高速主动齿轮。单向离合器为超越离合器，设置在输出轴上，连接低速从动齿轮与输出轴。倒档齿轮和驻车齿轮设置在输出轴上，倒档齿轮与输出轴刚性连接，驻车齿轮滑套在输出轴上且与变速器壳体刚性连接。齿套可选择性地同时与倒档齿轮和驻车齿轮啮合，或同时与低速从动齿轮和倒档齿轮啮合，或是仅与低速从动齿轮啮合。本实用新型的电动车的两档自动变速器，结构简单、体积小、便于整车搭载、换挡平稳且易于电机工作效率的匹配。
138. 201991624 一种起停装置
CN
28.09.2011
F02D 11/10 Loading...
F02D 11/10
Loading...
201120094044.7
天津阿尔特汽车技术有限公司
宣奇武
F02D 11/10
Loading...
本实用新型提供了一种起停装置，包括输入单元（10）、点火开关（16）、起停开关（18）、发动机控制单元ECU（20）、点火控制器（32）、供油控制器（34）和起动单元（130）。输入单元用于检测发动机及车辆工况，包括发动机转速传感器、车速传感器、离合器位置传感器、空挡位置传感器、制动真空度传感器和蓄电池传感器，通过这些传感器、点火开关和起停开关的信号，ECU可判断是否自动停止或起动发动机。起停开关可信号连接点火开关和ECU。起动单元包括起动机继电器和起动机。该起停装置可以根据发动机及车辆工况，根据指令在ECU的控制下实现怠速自动停机和自动起动，降低发动机油耗。
139. 201872568 电动汽车动力总成的冷却装置
CN
22.06.2011
B60H 1/00 Loading...
B60H 1/00
Loading...
201020540490.1
阿尔特（中国）汽车技术有限公司
王鹏
B60H 1/00
Loading...
本实用新型提供了一种电动汽车动力总成的冷却装置，包括：电动泵（10），散热器（20）和冷却控制器（30），电动泵（10）和散热器（20）通过冷却管道（52，54，56）与动力总成（80）的电机（82）和电机驱动器（84）连通，冷却管道（52，54，56）中具有循环的冷却介质；冷却控制器（30）可检测冷却管道（52，54，56）中冷却介质、电机驱动器（82）和电机（84）的温度，冷却控制器（30）可通过电动泵（10）控制冷却介质在冷却管道（52，54，56）中的循环。使用本实用新型冷却装置，有效地降低了动力总成工作温度，提高了电机的工作效率，延长了电机和电机控制器的使用寿命。
140. 201872570 电动汽车的电加热系统
CN
22.06.2011
B60H 1/22 Loading...
B60H 1/22
Loading...
201020540499.2
阿尔特（中国）汽车技术有限公司
于树怀
B60H 1/22
Loading...
一种电动汽车的电加热系统包括一个加热介质的储液罐，由储液罐中流出的加热介质可经一个电动水泵、一个加热器和一个乘员室散热器返回储液罐；和一个加热控制器，该加热控制器的输入信号包括一个目标温度设定器设定的目标温度信号，和一个流出所述加热器的加热介质的温度信号；其输出信号包括一个对所述电动水泵的控制信号，一个对所述加热器的控制信号，和一个对设置在乘员室散热器上的风扇的控制信号。本实用新型提供的电动汽车的电加热系统，车载空间自由度大，乘员舒适性高，通过控制器精准地控制加热器、电动水泵、加热器、风扇的功率，避免在电动汽车的电加热系统的温度低无降温能力的时候低速运行，减少系统的功耗，节省能源。
141. 201816579 电动汽车的刹车助力系统
CN
04.05.2011
B60T 13/52 Loading...
B60T 13/52
Loading...
201020540616.5
阿尔特（中国）汽车技术有限公司
王鹏
B60T 13/52
Loading...
本实用新型提供了一种电动汽车的刹车助力系统，包括：真空助力器（10）、真空罐（20）、电动真空泵（30）和控制器（40），真空助力器（10）、真空罐（20）和电动真空泵（30）之间通过真空管道（50，52）连接；该刹车助力系统还设有大气压力传感器（42），真空助力器上（10）设有压力传感器（12），大气压力传感器（42）和压力传感器（12）与控制器（40）可电连接，控制器（40）与电动真空泵（30）可电连接，控制器（40）可根据大气压力传感器（42）和压力传感器（12）的信号的差值控制电动真空泵（30）的开启或关闭。通过对真空助力器的压力和大气压力的检测，控制器可以保证足够的真空度，使得真空助力器相对于环境存在一定的压力差，保证刹车系统有足够的刹车力矩，确保电动汽车刹车系统的安全使用。
142. 201777315 双扭杆可调式驾驶室翻转机构
CN
30.03.2011
B62D 33/073 Loading...
B62D 33/073
Loading...
201020535035.2
阿尔特(中国)汽车技术有限公司
秦丽军
B62D 33/073
Loading...
本实用新型提供了一种双扭杆可调式驾驶室翻转机构，它包括一个左支架、一个左扭杆组件、一个右支架和一个右扭杆组件，各扭杆组件包括扭杆和扭杆臂。其中左扭杆第一端部穿设在左支架中，左扭杆第二端部穿设在右支架和右扭杆臂中；右扭杆与左扭杆第一端部同侧的右扭杆第一端部穿设在左支架和左扭杆臂中，右扭杆第二端部穿设在右支架中。左扭杆第一端部和右扭杆第二端部上分别穿设有一个调节臂，各支架上分别设有抵压在调节臂的外缘处的调整单元。通过调节臂和调整单元的配合，可以调节扭杆的扭力矩，从而可以调整翻转机构的操作翻转力，解决驾驶室左右偏斜的问题。
143. 201679563 发动机在线诊断装置
CN
22.12.2010
F02B 77/08 Loading...
F02B 77/08
Loading...
201020167934.1
阿尔特(中国)汽车技术有限公司
张吉强
F02B 77/08
Loading...
本实用新型提供了一种发动机在线诊断(OBD)装置，它包括发动机管理单元和OBD管理模块。发动机管理单元包括发动机工况传感器信号输入单元、实时诊断信息单元、故障灯控制单元和串口通讯模块。OBD管理模块包括接收来自发动机管理单元输入信号的数据输入接口单元、与数据输入接口单元相连的诊断模块组、和与诊断模块组相连的数据输出接口单元，数据输出接口单元与故障灯控制单元和串口通讯模块相连。诊断模块组可以包括催化器诊断单元、氧传感器诊断单元、燃油诊断单元、失火诊断单元、齿形误差学习单元和零部件诊断单元。采用本实用新型的发动机在线诊断装置，能够全面诊断发动机运行过程中的各种故障，以达到国家的各项技术标准。
144. 201680971 发动机失火故障诊断装置
CN
22.12.2010
G01M 15/11 Loading...
G01M 15/11
Loading...
201020167937.5
阿尔特(中国)汽车技术有限公司
姚国超
G01M 15/11
Loading...
本实用新型提供了一种发动机失火故障诊断装置，它包括发动机管理模块、失火诊断模块和OBD系统管理单元。发动机管理模块包括：发动机状态传感器输入单元、特殊条件判定单元、实时诊断信息单元、转速和负荷信息单元、故障灯控制单元和串口通讯模块。失火诊断模块包括使能条件判定单元、诊断模式判定单元、扭矩模式单元、加速度模式单元、失火次数及失火率计算单元和结果判定单元。OBD系统管理单元与结果判定单元、发动机管理模块中的故障灯控制单元相连。采用本实用新型的发动机失火故障诊断装置，不仅可以及时诊断出发动机存在失火故障，还能精确判断出产生失火的原因。
145. 201679544 发动机催化转化器故障诊断装置
CN
22.12.2010
F01N 11/00 Loading...
F01N 11/00
Loading...
201020167912.5
阿尔特(中国)汽车技术有限公司
姚国超
F01N 11/00
Loading...
本实用新型提供了一种发动机催化转化器故障诊断装置，它包括发动机管理单元、催化转化器老化故障诊断模块和OBD系统管理单元。发动机管理单元包括发动机工况输入单元、燃油闭环状态控制单元、空燃比状态控制单元、碳罐电磁阀控制单元、空燃比信息输入/输出单元、氧传感器信号输入单元、故障灯控制单元和串口通讯模块。催化转化器老化诊断模块包括使能条件判定部分、空燃比控制和氧传感器信息采集部分和储氧时间判定部分。本实用新型能够根据发动机工况输入参数判定催化转化器的储氧能力，从而对发动机的催化转化器进行老化故障的诊断。
146. 201679571 发动机供油系统故障诊断装置
CN
22.12.2010
F02D 41/22 Loading...
F02D 41/22
Loading...
201020167923.3
阿尔特(中国)汽车技术有限公司
张吉强
F02D 41/22
Loading...
本实用新型提供了一种发动机供油系统故障诊断装置，它包括发动机管理模块、供油系统诊断模块和OBD系统管理单元。发动机管理模块包括发动机状态传感器输入单元、实时诊断信息单元、发动机管理单元中间变量单元、故障灯控制单元和一个串口通讯模块。供油系统诊断模块包括使能条件判定单元、诊断启动标准判定单元、快学习平均值计算单元、怠速慢学习平均值计算单元、慢学习加权平均值计算单元和结果判定单元。OBD系统管理单元与结果判定单元及发动机管理模块中的故障灯控制单元相连。结果判定单元通过监测乘法学习值和加法学习值平均值的变化，判定供油系统偏浓或偏稀故障的程度，并输出表示供油系统正常或有故障的信号给系统管理单元。
147. 201679545 氧传感器诊断装置
CN
22.12.2010
F01N 11/00 Loading...
F01N 11/00
Loading...
201020167943.0
阿尔特(中国)汽车技术有限公司
姚国超
F01N 11/00
Loading...
本实用新型提供了一种氧传感器诊断装置，它包括发动机管理单元、氧传感器诊断模块和一个OBD系统管理模块。发动机管理单元包括发动机工况信号输入单元、特殊条件下发动机转速负荷限值输出单元、实时诊断信息输入输出单元、氧传感器信息输入单元、故障灯控制单元和串口通讯模块。氧传感器诊断模块包括使能条件判定部分、氧传感器响应时间计算部分、发动机特殊工况判定部分和一个结果断定部分。OBD系统管理模块与结果断定部分及发动机管理单元中的故障灯控制单元相连。本实用新型能全面考虑氧传感器的响应时间和特殊状态，准确诊断氧传感器是否处于正常的工作状态，从而保证发动机达到国家的排放要求。
148. 201217386 混合动力车
CN
08.04.2009
B60K 6/48 Loading...
B60K 6/48
Loading...
200820080077.4
阿尔特(中国)汽车技术有限公司
山本雄大
B60K 6/48
Loading...
一种混合动力车，包括：一个发动机(1)；至少一个电动机/发电机(2)；一个存储电能的储能装置(3)；所述电动机/发电机(2)和/或所述发动机(1)通过一个变速箱(5)驱动至少一个驱动轮(4)；至少一个轮毂电动机/发电机(6)，所述轮毂电动机/发电机(6)安装在至少一个车轮(4，4’)的轮毂上，用于驱动所述车轮(4，4’)，并在制动时作为发电机回收所述车轮(4，4’)的制动能量，所述电动机/发电机(2)和所述轮毂电动机/发电机(6)采用同样的结构。本实用新型设置了至少一个轮毂电动机/发电机，不需要在发动机舱配置大型的电动机/发电机，不但可以汲取四个车轮的制动能量，而且可以采取四轮同时驱动。
149. 101376335 Hybrid-power car
CN
04.03.2009
B60K 6/48 Loading...
B60K 6/48
Loading...
200810104362.X
IAT (China) Auto Technology Co., Ltd.
Yamamoto Takehiro
B60K 6/48
Loading...
A hybrid vehicle comprises an engine (1), at least an electromotor/generator (2), an energy storing device (3) and at least a wheel hub electromotor/generator (6), wherein the electromotor/generator (2) and/or the engine (1) can be used for driving at least a driving wheel (4); the wheel hub electromotor/generators (6) are mounted on at least one wheel (4 and 4') and used for driving the wheels (4 and 4'), and serve as a generate to recover the braking energy of the wheel (4 and 4'); and the same structure is adopted by the electromotor/generator (2) and the wheel hub electromotor/generators (6). Since at least one wheel hub electromotor/generator is arranged, no large electromotor/generator is required in the engine cabin, not only the braking energy of the four wheels can be derived, but also the four-wheel drive can be adopted.

